<?xml version="1.0" encoding="UTF-8" ?>
<testsuite errors="0" failures="0" hostname="travis-job-8209e06a-361e-4c24-815f-520a57525610" name="ptolemy.domains.de.test.junit.JUnitTclTest" skipped="0" tests="101" time="135.164" timestamp="2019-10-23T06:01:06">
  <properties>
[...]
</properties>
  <testcase classname="ptolemy.util.test.junit.TclTests" name="[0] /home/travis/build/icyphy/ptII/ptolemy/domains/de/test/DependencyLoop.tcl (RunTclFile)" time="1.037" />
  <testcase classname="ptolemy.util.test.junit.TclTests" name="[1] /home/travis/build/icyphy/ptII/ptolemy/domains/de/test/RunDETestsAsQSS.tcl (RunTclFile)" time="91.494" />
  <testcase classname="ptolemy.util.test.junit.AutoKnownFailedTests" name="[0] /home/travis/build/icyphy/ptII/ptolemy/domains/de/test/auto/knownFailedTests/DESDFClockTest.xml (RunModel)" time="2.049" />
  <testcase classname="ptolemy.util.test.junit.AutoKnownFailedTests" name="[1] /home/travis/build/icyphy/ptII/ptolemy/domains/de/test/auto/knownFailedTests/DirectFeedback.xml (RunModel)" time="0.011" />
  <testcase classname="ptolemy.util.test.junit.AutoKnownFailedTests" name="[2] /home/travis/build/icyphy/ptII/ptolemy/domains/de/test/auto/knownFailedTests/FSMSource.xml (RunModel)" time="0.029" />
  <testcase classname="ptolemy.util.test.junit.AutoKnownFailedTests" name="[3] /home/travis/build/icyphy/ptII/ptolemy/domains/de/test/auto/knownFailedTests/HierarchicalModel.xml (RunModel)" time="0.059" />
  <testcase classname="ptolemy.util.test.junit.AutoKnownFailedTests" name="[4] /home/travis/build/icyphy/ptII/ptolemy/domains/de/test/auto/knownFailedTests/dependencyLoop.xml (RunModel)" time="0.045" />
  <testcase classname="ptolemy.util.test.junit.AutoKnownFailedTests" name="[5] /home/travis/build/icyphy/ptII/ptolemy/domains/de/test/auto/knownFailedTests/dependencyLoop2.xml (RunModel)" time="0.046" />
  <testcase classname="ptolemy.util.test.junit.AutoNameArchTests" name="[0] ThereAreNoAutoArchTests (RunModel)" time="0.006" />
  <testcase classname="ptolemy.util.test.junit.AutoTests" name="[0] /home/travis/build/icyphy/ptII/ptolemy/domains/de/test/auto/ActorDepthCalculation_actorWithoutPorts.xml (RunModel)" time="0.024" />
  <testcase classname="ptolemy.util.test.junit.AutoTests" name="[1] /home/travis/build/icyphy/ptII/ptolemy/domains/de/test/auto/AssemblyLine.xml (RunModel)" time="0.031" />
  <testcase classname="ptolemy.util.test.junit.AutoTests" name="[2] /home/travis/build/icyphy/ptII/ptolemy/domains/de/test/auto/CQBug1.xml (RunModel)" time="0.008" />
  <testcase classname="ptolemy.util.test.junit.AutoTests" name="[3] /home/travis/build/icyphy/ptII/ptolemy/domains/de/test/auto/CancelFireAt.xml (RunModel)" time="0.011" />
  <testcase classname="ptolemy.util.test.junit.AutoTests" name="[4] /home/travis/build/icyphy/ptII/ptolemy/domains/de/test/auto/CausalityAndComposabilityAnalysis.xml (RunModel)" time="0.021" />
  <testcase classname="ptolemy.util.test.junit.AutoTests" name="[5] /home/travis/build/icyphy/ptII/ptolemy/domains/de/test/auto/CausalityInterface1.xml (RunModel)" time="0.018" />
  <testcase classname="ptolemy.util.test.junit.AutoTests" name="[6] /home/travis/build/icyphy/ptII/ptolemy/domains/de/test/auto/CausalityInterface15.xml (RunModel)" time="0.022" />
  <testcase classname="ptolemy.util.test.junit.AutoTests" name="[7] /home/travis/build/icyphy/ptII/ptolemy/domains/de/test/auto/CausalityInterface2.xml (RunModel)" time="0.022" />
  <testcase classname="ptolemy.util.test.junit.AutoTests" name="[8] /home/travis/build/icyphy/ptII/ptolemy/domains/de/test/auto/CausalityInterface3.xml (RunModel)" time="0.012" />
  <testcase classname="ptolemy.util.test.junit.AutoTests" name="[9] /home/travis/build/icyphy/ptII/ptolemy/domains/de/test/auto/ClockDrift.xml (RunModel)" time="0.038" />
  <testcase classname="ptolemy.util.test.junit.AutoTests" name="[10] /home/travis/build/icyphy/ptII/ptolemy/domains/de/test/auto/ClockDriftAndValueChange.xml (RunModel)" time="0.035" />
  <testcase classname="ptolemy.util.test.junit.AutoTests" name="[11] /home/travis/build/icyphy/ptII/ptolemy/domains/de/test/auto/ClockDriftChange.xml (RunModel)" time="0.035" />
  <testcase classname="ptolemy.util.test.junit.AutoTests" name="[12] /home/travis/build/icyphy/ptII/ptolemy/domains/de/test/auto/ComposableCausalityAnalysis.xml (RunModel)" time="0.015" />
  <testcase classname="ptolemy.util.test.junit.AutoTests" name="[13] /home/travis/build/icyphy/ptII/ptolemy/domains/de/test/auto/DEFixedPointLimitation.xml (RunModel)" time="0.01" />
  <testcase classname="ptolemy.util.test.junit.AutoTests" name="[14] /home/travis/build/icyphy/ptII/ptolemy/domains/de/test/auto/DEScheduleTest.xml (RunModel)" time="0.014" />
  <testcase classname="ptolemy.util.test.junit.AutoTests" name="[15] /home/travis/build/icyphy/ptII/ptolemy/domains/de/test/auto/DEinDEwithStartTimes.xml (RunModel)" time="0.015" />
  <testcase classname="ptolemy.util.test.junit.AutoTests" name="[16] /home/travis/build/icyphy/ptII/ptolemy/domains/de/test/auto/DEinDEwithStartTimes2.xml (RunModel)" time="0.017" />
  <testcase classname="ptolemy.util.test.junit.AutoTests" name="[17] /home/travis/build/icyphy/ptII/ptolemy/domains/de/test/auto/DateDemo.xml (RunModel)" time="0.037" />
  <testcase classname="ptolemy.util.test.junit.AutoTests" name="[18] /home/travis/build/icyphy/ptII/ptolemy/domains/de/test/auto/DateToEvent.xml (RunModel)" time="2.042" />
  <testcase classname="ptolemy.util.test.junit.AutoTests" name="[19] /home/travis/build/icyphy/ptII/ptolemy/domains/de/test/auto/DepthTest1.xml (RunModel)" time="0.009" />
  <testcase classname="ptolemy.util.test.junit.AutoTests" name="[20] /home/travis/build/icyphy/ptII/ptolemy/domains/de/test/auto/DepthTest2.xml (RunModel)" time="0.028" />
  <testcase classname="ptolemy.util.test.junit.AutoTests" name="[21] /home/travis/build/icyphy/ptII/ptolemy/domains/de/test/auto/DepthTest3.xml (RunModel)" time="0.011" />
  <testcase classname="ptolemy.util.test.junit.AutoTests" name="[22] /home/travis/build/icyphy/ptII/ptolemy/domains/de/test/auto/DepthTest4.xml (RunModel)" time="0.023" />
  <testcase classname="ptolemy.util.test.junit.AutoTests" name="[23] /home/travis/build/icyphy/ptII/ptolemy/domains/de/test/auto/DepthTest5.xml (RunModel)" time="0.018" />
  <testcase classname="ptolemy.util.test.junit.AutoTests" name="[24] /home/travis/build/icyphy/ptII/ptolemy/domains/de/test/auto/DepthTest6.xml (RunModel)" time="0.016" />
  <testcase classname="ptolemy.util.test.junit.AutoTests" name="[25] /home/travis/build/icyphy/ptII/ptolemy/domains/de/test/auto/DepthTest7.xml (RunModel)" time="0.025" />
  <testcase classname="ptolemy.util.test.junit.AutoTests" name="[26] /home/travis/build/icyphy/ptII/ptolemy/domains/de/test/auto/EventToDate.xml (RunModel)" time="3.057" />
  <testcase classname="ptolemy.util.test.junit.AutoTests" name="[27] /home/travis/build/icyphy/ptII/ptolemy/domains/de/test/auto/FSM1.xml (RunModel)" time="0.032" />
  <testcase classname="ptolemy.util.test.junit.AutoTests" name="[28] /home/travis/build/icyphy/ptII/ptolemy/domains/de/test/auto/FSM7.xml (RunModel)" time="0.05" />
  <testcase classname="ptolemy.util.test.junit.AutoTests" name="[29] /home/travis/build/icyphy/ptII/ptolemy/domains/de/test/auto/Inspection.xml (RunModel)" time="0.041" />
  <testcase classname="ptolemy.util.test.junit.AutoTests" name="[30] /home/travis/build/icyphy/ptII/ptolemy/domains/de/test/auto/Iteration.xml (RunModel)" time="0.025" />
  <testcase classname="ptolemy.util.test.junit.AutoTests" name="[31] /home/travis/build/icyphy/ptII/ptolemy/domains/de/test/auto/LineFault.xml (RunModel)" time="0.625" />
  <testcase classname="ptolemy.util.test.junit.AutoTests" name="[32] /home/travis/build/icyphy/ptII/ptolemy/domains/de/test/auto/MergeModel1Add.xml (RunModel)" time="0.058" />
  <testcase classname="ptolemy.util.test.junit.AutoTests" name="[33] /home/travis/build/icyphy/ptII/ptolemy/domains/de/test/auto/MergeModel2Add.xml (RunModel)" time="0.048" />
  <testcase classname="ptolemy.util.test.junit.AutoTests" name="[34] /home/travis/build/icyphy/ptII/ptolemy/domains/de/test/auto/MergeModel3Add.xml (RunModel)" time="0.056" />
  <testcase classname="ptolemy.util.test.junit.AutoTests" name="[35] /home/travis/build/icyphy/ptII/ptolemy/domains/de/test/auto/MergeWithoutDiscard.xml (RunModel)" time="0.013" />
  <testcase classname="ptolemy.util.test.junit.AutoTests" name="[36] /home/travis/build/icyphy/ptII/ptolemy/domains/de/test/auto/Modal1.xml (RunModel)" time="0.032" />
  <testcase classname="ptolemy.util.test.junit.AutoTests" name="[37] /home/travis/build/icyphy/ptII/ptolemy/domains/de/test/auto/Modal2.xml (RunModel)" time="0.034" />
  <testcase classname="ptolemy.util.test.junit.AutoTests" name="[38] /home/travis/build/icyphy/ptII/ptolemy/domains/de/test/auto/Modal3.xml (RunModel)" time="0.035" />
  <testcase classname="ptolemy.util.test.junit.AutoTests" name="[39] /home/travis/build/icyphy/ptII/ptolemy/domains/de/test/auto/Modal4.xml (RunModel)" time="0.041" />
  <testcase classname="ptolemy.util.test.junit.AutoTests" name="[40] /home/travis/build/icyphy/ptII/ptolemy/domains/de/test/auto/Modal5.xml (RunModel)" time="0.032" />
  <testcase classname="ptolemy.util.test.junit.AutoTests" name="[41] /home/travis/build/icyphy/ptII/ptolemy/domains/de/test/auto/Modal6.xml (RunModel)" time="0.032" />
  <testcase classname="ptolemy.util.test.junit.AutoTests" name="[42] /home/travis/build/icyphy/ptII/ptolemy/domains/de/test/auto/Modal7.xml (RunModel)" time="0.028" />
  <testcase classname="ptolemy.util.test.junit.AutoTests" name="[43] /home/travis/build/icyphy/ptII/ptolemy/domains/de/test/auto/ModalModel.xml (RunModel)" time="0.186" />
  <testcase classname="ptolemy.util.test.junit.AutoTests" name="[44] /home/travis/build/icyphy/ptII/ptolemy/domains/de/test/auto/ModalSource.xml (RunModel)" time="0.028" />
  <testcase classname="ptolemy.util.test.junit.AutoTests" name="[45] /home/travis/build/icyphy/ptII/ptolemy/domains/de/test/auto/NonInterruptibleTimerZeroDelay.xml (RunModel)" time="0.011" />
  <testcase classname="ptolemy.util.test.junit.AutoTests" name="[46] /home/travis/build/icyphy/ptII/ptolemy/domains/de/test/auto/OpenQueueingNetwork.xml (RunModel)" time="2.515" />
  <testcase classname="ptolemy.util.test.junit.AutoTests" name="[47] /home/travis/build/icyphy/ptII/ptolemy/domains/de/test/auto/OpenQueuingNetwork.xml (RunModel)" time="0.29" />
  <testcase classname="ptolemy.util.test.junit.AutoTests" name="[48] /home/travis/build/icyphy/ptII/ptolemy/domains/de/test/auto/PeriodicSampler.xml (RunModel)" time="0.013" />
  <testcase classname="ptolemy.util.test.junit.AutoTests" name="[49] /home/travis/build/icyphy/ptII/ptolemy/domains/de/test/auto/PersistentIO.xml (RunModel)" time="0.033" />
  <testcase classname="ptolemy.util.test.junit.AutoTests" name="[50] /home/travis/build/icyphy/ptII/ptolemy/domains/de/test/auto/PortParameterResetOnInitialize.xml (RunModel)" time="0.016" />
  <testcase classname="ptolemy.util.test.junit.AutoTests" name="[51] /home/travis/build/icyphy/ptII/ptolemy/domains/de/test/auto/PortParameterUpdates.xml (RunModel)" time="0.019" />
  <testcase classname="ptolemy.util.test.junit.AutoTests" name="[52] /home/travis/build/icyphy/ptII/ptolemy/domains/de/test/auto/QueueAndServer.xml (RunModel)" time="0.025" />
  <testcase classname="ptolemy.util.test.junit.AutoTests" name="[53] /home/travis/build/icyphy/ptII/ptolemy/domains/de/test/auto/Records.xml (RunModel)" time="0.021" />
  <testcase classname="ptolemy.util.test.junit.AutoTests" name="[54] /home/travis/build/icyphy/ptII/ptolemy/domains/de/test/auto/ResetTransitionWithStartTime1.xml (RunModel)" time="0.027" />
  <testcase classname="ptolemy.util.test.junit.AutoTests" name="[55] /home/travis/build/icyphy/ptII/ptolemy/domains/de/test/auto/ResetTransitionWithStartTime2.xml (RunModel)" time="0.029" />
  <testcase classname="ptolemy.util.test.junit.AutoTests" name="[56] /home/travis/build/icyphy/ptII/ptolemy/domains/de/test/auto/ResetTransitionWithStartTime3.xml (RunModel)" time="0.027" />
  <testcase classname="ptolemy.util.test.junit.AutoTests" name="[57] /home/travis/build/icyphy/ptII/ptolemy/domains/de/test/auto/ResetTransitionWithStartTime4.xml (RunModel)" time="0.023" />
  <testcase classname="ptolemy.util.test.junit.AutoTests" name="[58] /home/travis/build/icyphy/ptII/ptolemy/domains/de/test/auto/ResettableTimer1.xml (RunModel)" time="0.014" />
  <testcase classname="ptolemy.util.test.junit.AutoTests" name="[59] /home/travis/build/icyphy/ptII/ptolemy/domains/de/test/auto/ResettableTimer2.xml (RunModel)" time="0.014" />
  <testcase classname="ptolemy.util.test.junit.AutoTests" name="[60] /home/travis/build/icyphy/ptII/ptolemy/domains/de/test/auto/ResettableTimer3.xml (RunModel)" time="0.015" />
  <testcase classname="ptolemy.util.test.junit.AutoTests" name="[61] /home/travis/build/icyphy/ptII/ptolemy/domains/de/test/auto/ResettableTimer4.xml (RunModel)" time="0.012" />
  <testcase classname="ptolemy.util.test.junit.AutoTests" name="[62] /home/travis/build/icyphy/ptII/ptolemy/domains/de/test/auto/ResettableTimer5.xml (RunModel)" time="0.011" />
  <testcase classname="ptolemy.util.test.junit.AutoTests" name="[63] /home/travis/build/icyphy/ptII/ptolemy/domains/de/test/auto/ResettableTimer6.xml (RunModel)" time="0.019" />
  <testcase classname="ptolemy.util.test.junit.AutoTests" name="[64] /home/travis/build/icyphy/ptII/ptolemy/domains/de/test/auto/ServerZeroDelay.xml (RunModel)" time="0.011" />
  <testcase classname="ptolemy.util.test.junit.AutoTests" name="[65] /home/travis/build/icyphy/ptII/ptolemy/domains/de/test/auto/SmartSender.xml (RunModel)" time="3.01" />
  <testcase classname="ptolemy.util.test.junit.AutoTests" name="[66] /home/travis/build/icyphy/ptII/ptolemy/domains/de/test/auto/ThreadedComposite.xml (RunModel)" time="0.135" />
  <testcase classname="ptolemy.util.test.junit.AutoTests" name="[67] /home/travis/build/icyphy/ptII/ptolemy/domains/de/test/auto/Time.xml (RunModel)" time="0.45" />
  <testcase classname="ptolemy.util.test.junit.AutoTests" name="[68] /home/travis/build/icyphy/ptII/ptolemy/domains/de/test/auto/TimeDelayZeroDelay.xml (RunModel)" time="0.013" />
  <testcase classname="ptolemy.util.test.junit.AutoTests" name="[69] /home/travis/build/icyphy/ptII/ptolemy/domains/de/test/auto/TimerZeroDelay.xml (RunModel)" time="0.009" />
  <testcase classname="ptolemy.util.test.junit.AutoTests" name="[70] /home/travis/build/icyphy/ptII/ptolemy/domains/de/test/auto/TimingParadox.xml (RunModel)" time="0.373" />
  <testcase classname="ptolemy.util.test.junit.AutoTests" name="[71] /home/travis/build/icyphy/ptII/ptolemy/domains/de/test/auto/TransferInputs.xml (RunModel)" time="0.018" />
  <testcase classname="ptolemy.util.test.junit.AutoTests" name="[72] /home/travis/build/icyphy/ptII/ptolemy/domains/de/test/auto/TransferOutputs2.xml (RunModel)" time="0.016" />
  <testcase classname="ptolemy.util.test.junit.AutoTests" name="[73] /home/travis/build/icyphy/ptII/ptolemy/domains/de/test/auto/Trilateration.xml (RunModel)" time="13.452" />
  <testcase classname="ptolemy.util.test.junit.AutoTests" name="[74] /home/travis/build/icyphy/ptII/ptolemy/domains/de/test/auto/TwoSigmaDelta.xml (RunModel)" time="2.117" />
  <testcase classname="ptolemy.util.test.junit.AutoTests" name="[75] /home/travis/build/icyphy/ptII/ptolemy/domains/de/test/auto/VariableDelay.xml (RunModel)" time="0.012" />
  <testcase classname="ptolemy.util.test.junit.AutoTests" name="[76] /home/travis/build/icyphy/ptII/ptolemy/domains/de/test/auto/VariableDelay2.xml (RunModel)" time="0.014" />
  <testcase classname="ptolemy.util.test.junit.AutoTests" name="[77] /home/travis/build/icyphy/ptII/ptolemy/domains/de/test/auto/VariableDelayZeroDelay.xml (RunModel)" time="0.018" />
  <testcase classname="ptolemy.util.test.junit.AutoTests" name="[78] /home/travis/build/icyphy/ptII/ptolemy/domains/de/test/auto/VariableDelayZeroDelay2.xml (RunModel)" time="0.014" />
  <testcase classname="ptolemy.util.test.junit.AutoTests" name="[79] /home/travis/build/icyphy/ptII/ptolemy/domains/de/test/auto/deInCt.xml (RunModel)" time="0.014" />
  <testcase classname="ptolemy.util.test.junit.AutoTests" name="[80] /home/travis/build/icyphy/ptII/ptolemy/domains/de/test/auto/deInCt2.xml (RunModel)" time="0.02" />
  <testcase classname="ptolemy.util.test.junit.AutoTests" name="[81] /home/travis/build/icyphy/ptII/ptolemy/domains/de/test/auto/dynamicCausalityInterface1.xml (RunModel)" time="0.022" />
  <testcase classname="ptolemy.util.test.junit.AutoTests" name="[82] /home/travis/build/icyphy/ptII/ptolemy/domains/de/test/auto/fsm_de_test.xml (RunModel)" time="0.025" />
  <testcase classname="ptolemy.util.test.junit.AutoTests" name="[83] /home/travis/build/icyphy/ptII/ptolemy/domains/de/test/auto/functionDependencyReconstruction.xml (RunModel)" time="0.028" />
  <testcase classname="ptolemy.util.test.junit.AutoTests" name="[84] /home/travis/build/icyphy/ptII/ptolemy/domains/de/test/auto/multirate.xml (RunModel)" time="0.015" />
  <testcase classname="ptolemy.util.test.junit.AutoTests" name="[85] /home/travis/build/icyphy/ptII/ptolemy/domains/de/test/auto/multirate2.xml (RunModel)" time="0.018" />
  <testcase classname="ptolemy.util.test.junit.AutoTests" name="[86] /home/travis/build/icyphy/ptII/ptolemy/domains/de/test/auto/realtime.xml (RunModel)" time="10.011" />
  <testcase classname="ptolemy.util.test.junit.AutoTests" name="[87] /home/travis/build/icyphy/ptII/ptolemy/domains/de/test/auto/relationGroup.xml (RunModel)" time="0.008" />
  <testcase classname="ptolemy.util.test.junit.AutoTests" name="[88] /home/travis/build/icyphy/ptII/ptolemy/domains/de/test/auto/relationGroup2.xml (RunModel)" time="0.027" />
  <testcase classname="ptolemy.util.test.junit.AutoTests" name="[89] /home/travis/build/icyphy/ptII/ptolemy/domains/de/test/auto/sortWithOpaquePorts.xml (RunModel)" time="0.011" />
  <testcase classname="ptolemy.util.test.junit.AutoTests" name="[90] /home/travis/build/icyphy/ptII/ptolemy/domains/de/test/auto/transferInputsandOutputs.xml (RunModel)" time="0.019" />
  <testcase classname="ptolemy.util.test.junit.AutoTests" name="[91] /home/travis/build/icyphy/ptII/ptolemy/domains/de/test/auto/triggerType.xml (RunModel)" time="0.009" />
  <system-out><![CDATA[/home/travis/build/icyphy/ptII/ptolemy/domains/de/test/DependencyLoop.tcl
testDefs.tcl: setting time out to 9000 seconds at Wed Oct 23 06:01:07 UTC 2019
45 ms. Memory: 120832K Free: 72133K (60%)
18 ms. Memory: 120832K Free: 54710K (45%)
/home/travis/build/icyphy/ptII/ptolemy/domains/de/test/RunDETestsAsQSS.tcl
Run the DE tests using ptolemy.domains.qss.test.QSSDirectorTest, which extends QSSDirector and prints a message in the constructors.
------------------ testing $PTII/ptolemy/domains/de/test/auto/knownFailedTests/DirectFeedback.xml (Known Failure) 
52 ms. Memory: 120832K Free: 48581K (40%)


==== $PTIIhome/travis/build/icyphy/ptII/ptolemy/domains/de/test/../../../../: Auto Automatic test in file $PTII/ptolemy/domains/de/test/auto/knownFailedTests/DirectFeedback.xml
==== Contents of test case:

	    # FIXME: we should use $relativeFilename here, but it
	    # might have backslashes under Windows, which causes no end
	    # of trouble.
	    createAndExecute $file
	    list {}
	
.... Test generated KNOWN error:
    while executing
ptolemy.kernel.util.IllegalActionException: Test fails in iteration 1.
Value was: 1.0. Should have been: 2.0
  in .DirectFeedback.Test
	at ptolemy.actor.lib.Test.fire(Test.java:268)
	at ptolemy.domains.de.kernel.DEDirector._fire(DEDirector.java:1949)
	at ptolemy.domains.de.kernel.DEDirector.fire(DEDirector.java:502)
	at ptolemy.actor.CompositeActor.fire(CompositeActor.java:455)
	at ptolemy.actor.Manager.iterate(Manager.java:851)
	at ptolemy.actor.Manager.execute(Manager.java:369)
	at ptolemy.actor.Manager.run(Manager.java:1263)
	at ptolemy.actor.Manager$PtolemyRunThread.run(Manager.java:1933)

    while executing
ptolemy.kernel.util.IllegalActionException: Test fails in iteration 1.
Value was: 1.0. Should have been: 2.0
  in .DirectFeedback.Test
    while executing
"java::new ptolemy.moml.MoMLSimpleApplication $file
"
    (procedure "createAndExecute" line 2)
    invoked from within
"createAndExecute $file"
    ("uplevel" body line 5)
    invoked from within
"uplevel $contents_of_test"
------------------ testing $PTII/ptolemy/domains/de/test/auto/knownFailedTests/dependencyLoop.xml (Known Failure) 
47 ms. Memory: 120832K Free: 108142K (89%)


==== $PTIIhome/travis/build/icyphy/ptII/ptolemy/domains/de/test/../../../../: Auto Automatic test in file $PTII/ptolemy/domains/de/test/auto/knownFailedTests/dependencyLoop.xml
==== Contents of test case:

	    # FIXME: we should use $relativeFilename here, but it
	    # might have backslashes under Windows, which causes no end
	    # of trouble.
	    createAndExecute $file
	    list {}
	
.... Test generated KNOWN error:
    while executing
ptolemy.kernel.util.IllegalActionException: Found a zero delay loop containing .dependencyLoop.original
  in .dependencyLoop and .dependencyLoop.original
	at ptolemy.actor.util.CausalityInterfaceForComposites._computeOutputPortDepth(CausalityInterfaceForComposites.java:759)
	at ptolemy.actor.util.CausalityInterfaceForComposites._computeInputDepth(CausalityInterfaceForComposites.java:696)
	at ptolemy.actor.util.CausalityInterfaceForComposites._computeOutputPortDepth(CausalityInterfaceForComposites.java:765)
	at ptolemy.actor.util.CausalityInterfaceForComposites._computeInputDepth(CausalityInterfaceForComposites.java:696)
	at ptolemy.actor.util.CausalityInterfaceForComposites._computeOutputPortDepth(CausalityInterfaceForComposites.java:765)
	at ptolemy.actor.util.CausalityInterfaceForComposites._computeInputDepth(CausalityInterfaceForComposites.java:696)
	at ptolemy.actor.util.CausalityInterfaceForComposites._computeActorDepth(CausalityInterfaceForComposites.java:532)
	at ptolemy.actor.util.CausalityInterfaceForComposites.checkForCycles(CausalityInterfaceForComposites.java:96)
	at ptolemy.domains.de.kernel.DEDirector.preinitialize(DEDirector.java:1338)
	at ptolemy.actor.CompositeActor.preinitialize(CompositeActor.java:1828)
	at ptolemy.actor.Manager.preinitializeAndResolveTypes(Manager.java:1040)
	at ptolemy.actor.Manager.initialize(Manager.java:710)
	at ptolemy.actor.Manager.execute(Manager.java:356)
	at ptolemy.actor.Manager.run(Manager.java:1263)
	at ptolemy.actor.Manager$PtolemyRunThread.run(Manager.java:1933)

    while executing
ptolemy.kernel.util.IllegalActionException: Found a zero delay loop containing .dependencyLoop.original
  in .dependencyLoop and .dependencyLoop.original
    while executing
"java::new ptolemy.moml.MoMLSimpleApplication $file
"
    (procedure "createAndExecute" line 2)
    invoked from within
"createAndExecute $file"
    ("uplevel" body line 5)
    invoked from within
"uplevel $contents_of_test"
------------------ testing $PTII/ptolemy/domains/de/test/auto/knownFailedTests/FSMSource.xml (Known Failure) 
77 ms. Memory: 120832K Free: 99424K (82%)
!!!! Auto was marked as failing, but now passes
------------------ testing $PTII/ptolemy/domains/de/test/auto/knownFailedTests/HierarchicalModel.xml (Known Failure) 
6 ms. Memory: 120832K Free: 81592K (68%)


==== $PTIIhome/travis/build/icyphy/ptII/ptolemy/domains/de/test/../../../../: Auto Automatic test in file $PTII/ptolemy/domains/de/test/auto/knownFailedTests/HierarchicalModel.xml
==== Contents of test case:

	    # FIXME: we should use $relativeFilename here, but it
	    # might have backslashes under Windows, which causes no end
	    # of trouble.
	    createAndExecute $file
	    list {}
	
.... Test generated KNOWN error:
    while executing
ptolemy.kernel.util.IllegalActionException: Found a zero delay loop containing .HierarchicalModel.A
  in .HierarchicalModel and .HierarchicalModel.A
	at ptolemy.actor.util.CausalityInterfaceForComposites._computeOutputPortDepth(CausalityInterfaceForComposites.java:759)
	at ptolemy.actor.util.CausalityInterfaceForComposites._computeInputDepth(CausalityInterfaceForComposites.java:696)
	at ptolemy.actor.util.CausalityInterfaceForComposites._computeOutputPortDepth(CausalityInterfaceForComposites.java:765)
	at ptolemy.actor.util.CausalityInterfaceForComposites._computeInputDepth(CausalityInterfaceForComposites.java:696)
	at ptolemy.actor.util.CausalityInterfaceForComposites._computeOutputPortDepth(CausalityInterfaceForComposites.java:765)
	at ptolemy.actor.util.CausalityInterfaceForComposites._computeInputDepth(CausalityInterfaceForComposites.java:696)
	at ptolemy.actor.util.CausalityInterfaceForComposites._computeActorDepth(CausalityInterfaceForComposites.java:532)
	at ptolemy.actor.util.CausalityInterfaceForComposites.checkForCycles(CausalityInterfaceForComposites.java:96)
	at ptolemy.domains.de.kernel.DEDirector.preinitialize(DEDirector.java:1338)
	at ptolemy.actor.CompositeActor.preinitialize(CompositeActor.java:1828)
	at ptolemy.actor.Manager.preinitializeAndResolveTypes(Manager.java:1040)
	at ptolemy.actor.Manager.initialize(Manager.java:710)
	at ptolemy.actor.Manager.execute(Manager.java:356)
	at ptolemy.actor.Manager.run(Manager.java:1263)
	at ptolemy.actor.Manager$PtolemyRunThread.run(Manager.java:1933)

    while executing
ptolemy.kernel.util.IllegalActionException: Found a zero delay loop containing .HierarchicalModel.A
  in .HierarchicalModel and .HierarchicalModel.A
    while executing
"java::new ptolemy.moml.MoMLSimpleApplication $file
"
    (procedure "createAndExecute" line 2)
    invoked from within
"createAndExecute $file"
    ("uplevel" body line 5)
    invoked from within
"uplevel $contents_of_test"
------------------ testing $PTII/ptolemy/domains/de/test/auto/knownFailedTests/dependencyLoop2.xml (Known Failure) 
23 ms. Memory: 120832K Free: 105932K (88%)


==== $PTIIhome/travis/build/icyphy/ptII/ptolemy/domains/de/test/../../../../: Auto Automatic test in file $PTII/ptolemy/domains/de/test/auto/knownFailedTests/dependencyLoop2.xml
==== Contents of test case:

	    # FIXME: we should use $relativeFilename here, but it
	    # might have backslashes under Windows, which causes no end
	    # of trouble.
	    createAndExecute $file
	    list {}
	
.... Test generated KNOWN error:
    while executing
ptolemy.kernel.util.IllegalActionException: Found a zero delay loop containing .dependencyLoop2.original
  in .dependencyLoop2 and .dependencyLoop2.original
	at ptolemy.actor.util.CausalityInterfaceForComposites._computeOutputPortDepth(CausalityInterfaceForComposites.java:759)
	at ptolemy.actor.util.CausalityInterfaceForComposites._computeInputDepth(CausalityInterfaceForComposites.java:696)
	at ptolemy.actor.util.CausalityInterfaceForComposites._computeOutputPortDepth(CausalityInterfaceForComposites.java:765)
	at ptolemy.actor.util.CausalityInterfaceForComposites._computeInputDepth(CausalityInterfaceForComposites.java:696)
	at ptolemy.actor.util.CausalityInterfaceForComposites._computeOutputPortDepth(CausalityInterfaceForComposites.java:765)
	at ptolemy.actor.util.CausalityInterfaceForComposites._computeInputDepth(CausalityInterfaceForComposites.java:696)
	at ptolemy.actor.util.CausalityInterfaceForComposites._computeActorDepth(CausalityInterfaceForComposites.java:532)
	at ptolemy.actor.util.CausalityInterfaceForComposites.checkForCycles(CausalityInterfaceForComposites.java:96)
	at ptolemy.domains.de.kernel.DEDirector.preinitialize(DEDirector.java:1338)
	at ptolemy.actor.CompositeActor.preinitialize(CompositeActor.java:1828)
	at ptolemy.actor.Manager.preinitializeAndResolveTypes(Manager.java:1040)
	at ptolemy.actor.Manager.initialize(Manager.java:710)
	at ptolemy.actor.Manager.execute(Manager.java:356)
	at ptolemy.actor.Manager.run(Manager.java:1263)
	at ptolemy.actor.Manager$PtolemyRunThread.run(Manager.java:1933)

    while executing
ptolemy.kernel.util.IllegalActionException: Found a zero delay loop containing .dependencyLoop2.original
  in .dependencyLoop2 and .dependencyLoop2.original
    while executing
"java::new ptolemy.moml.MoMLSimpleApplication $file
"
    (procedure "createAndExecute" line 2)
    invoked from within
"createAndExecute $file"
    ("uplevel" body line 5)
    invoked from within
"uplevel $contents_of_test"
------------------ testing $PTII/ptolemy/domains/de/test/auto/knownFailedTests/DESDFClockTest.xml (Known Failure) 
2066 ms. Memory: 120832K Free: 92697K (77%)


==== $PTIIhome/travis/build/icyphy/ptII/ptolemy/domains/de/test/../../../../: Auto Automatic test in file $PTII/ptolemy/domains/de/test/auto/knownFailedTests/DESDFClockTest.xml
==== Contents of test case:

	    # FIXME: we should use $relativeFilename here, but it
	    # might have backslashes under Windows, which causes no end
	    # of trouble.
	    createAndExecute $file
	    list {}
	
.... Test generated KNOWN error:
    while executing
ptolemy.kernel.util.IllegalActionException: Actor is not ready to fire.  Perhaps UpSample.prefire() returned false? Try debugging the actor by selecting "Listen to Actor".  Also, for SDF check moml for tokenConsumptionRate on input.
  in .DESDFClockTest.Play Bell.Copy1:SDF Director and .DESDFClockTest.Play Bell.UpSample
	at ptolemy.actor.sched.StaticSchedulingDirector.fire(StaticSchedulingDirector.java:227)
	at ptolemy.domains.sdf.kernel.SDFDirector.fire(SDFDirector.java:500)
	at ptolemy.actor.CompositeActor.fire(CompositeActor.java:455)
	at ptolemy.domains.de.kernel.DEDirector._fire(DEDirector.java:1949)
	at ptolemy.domains.de.kernel.DEDirector.fire(DEDirector.java:502)
	at ptolemy.actor.CompositeActor.fire(CompositeActor.java:455)
	at ptolemy.actor.Manager.iterate(Manager.java:851)
	at ptolemy.actor.Manager.execute(Manager.java:369)
	at ptolemy.actor.Manager.run(Manager.java:1263)
	at ptolemy.actor.Manager$PtolemyRunThread.run(Manager.java:1933)

    while executing
ptolemy.kernel.util.IllegalActionException: Actor is not ready to fire.  Perhaps UpSample.prefire() returned false? Try debugging the actor by selecting "Listen to Actor".  Also, for SDF check moml for tokenConsumptionRate on input.
  in .DESDFClockTest.Play Bell.Copy1:SDF Director and .DESDFClockTest.Play Bell.UpSample
    while executing
"java::new ptolemy.moml.MoMLSimpleApplication $file
"
    (procedure "createAndExecute" line 2)
    invoked from within
"createAndExecute $file"
    ("uplevel" body line 5)
    invoked from within
"uplevel $contents_of_test"
------------------ testing $PTII/ptolemy/domains/de/test/auto/ActorDepthCalculation_actorWithoutPorts.xml
auto.tcl: Setting watchdog for 200 seconds at Wed Oct 23 06:01:10 UTC 2019
5 ms. Memory: 120832K Free: 85888K (71%)
ptolemy.util.test.WatchDog.cancel(): canceling Wed Oct 23 06:01:10 UTC 2019
auto.tcl: Setting watchdog for 200 seconds at Wed Oct 23 06:01:10 UTC 2019
14 ms. Memory: 120832K Free: 84336K (70%)
ptolemy.util.test.WatchDog.cancel(): canceling Wed Oct 23 06:01:10 UTC 2019
------------------ testing $PTII/ptolemy/domains/de/test/auto/AssemblyLine.xml
auto.tcl: Setting watchdog for 200 seconds at Wed Oct 23 06:01:11 UTC 2019
22 ms. Memory: 48128K Free: 25509K (53%)
ptolemy.util.test.WatchDog.cancel(): canceling Wed Oct 23 06:01:11 UTC 2019
auto.tcl: Setting watchdog for 200 seconds at Wed Oct 23 06:01:11 UTC 2019
8 ms. Memory: 48128K Free: 25067K (52%)
ptolemy.util.test.WatchDog.cancel(): canceling Wed Oct 23 06:01:11 UTC 2019
------------------ testing $PTII/ptolemy/domains/de/test/auto/CQBug1.xml
auto.tcl: Setting watchdog for 200 seconds at Wed Oct 23 06:01:11 UTC 2019
3 ms. Memory: 48128K Free: 31456K (65%)
ptolemy.util.test.WatchDog.cancel(): canceling Wed Oct 23 06:01:11 UTC 2019
auto.tcl: Setting watchdog for 200 seconds at Wed Oct 23 06:01:11 UTC 2019
2 ms. Memory: 48128K Free: 30990K (64%)
ptolemy.util.test.WatchDog.cancel(): canceling Wed Oct 23 06:01:11 UTC 2019
------------------ testing $PTII/ptolemy/domains/de/test/auto/CancelFireAt.xml
auto.tcl: Setting watchdog for 200 seconds at Wed Oct 23 06:01:11 UTC 2019
3 ms. Memory: 45056K Free: 29731K (66%)
ptolemy.util.test.WatchDog.cancel(): canceling Wed Oct 23 06:01:11 UTC 2019
auto.tcl: Setting watchdog for 200 seconds at Wed Oct 23 06:01:11 UTC 2019
2 ms. Memory: 45056K Free: 29299K (65%)
ptolemy.util.test.WatchDog.cancel(): canceling Wed Oct 23 06:01:11 UTC 2019
------------------ testing $PTII/ptolemy/domains/de/test/auto/CausalityAndComposabilityAnalysis.xml
auto.tcl: Setting watchdog for 200 seconds at Wed Oct 23 06:01:11 UTC 2019
6 ms. Memory: 45056K Free: 27446K (61%)
ptolemy.util.test.WatchDog.cancel(): canceling Wed Oct 23 06:01:11 UTC 2019
auto.tcl: Setting watchdog for 200 seconds at Wed Oct 23 06:01:11 UTC 2019
5 ms. Memory: 45056K Free: 27032K (60%)
ptolemy.util.test.WatchDog.cancel(): canceling Wed Oct 23 06:01:11 UTC 2019
------------------ testing $PTII/ptolemy/domains/de/test/auto/CausalityInterface1.xml
auto.tcl: Setting watchdog for 200 seconds at Wed Oct 23 06:01:11 UTC 2019
17 ms. Memory: 45056K Free: 26351K (58%)
ptolemy.util.test.WatchDog.cancel(): canceling Wed Oct 23 06:01:12 UTC 2019
auto.tcl: Setting watchdog for 200 seconds at Wed Oct 23 06:01:12 UTC 2019
4 ms. Memory: 45056K Free: 24993K (55%)
ptolemy.util.test.WatchDog.cancel(): canceling Wed Oct 23 06:01:12 UTC 2019
------------------ testing $PTII/ptolemy/domains/de/test/auto/CausalityInterface15.xml
auto.tcl: Setting watchdog for 200 seconds at Wed Oct 23 06:01:12 UTC 2019
10 ms. Memory: 45056K Free: 26099K (58%)
ptolemy.util.test.WatchDog.cancel(): canceling Wed Oct 23 06:01:12 UTC 2019
auto.tcl: Setting watchdog for 200 seconds at Wed Oct 23 06:01:12 UTC 2019
7 ms. Memory: 45056K Free: 25340K (56%)
ptolemy.util.test.WatchDog.cancel(): canceling Wed Oct 23 06:01:12 UTC 2019
------------------ testing $PTII/ptolemy/domains/de/test/auto/CausalityInterface2.xml
auto.tcl: Setting watchdog for 200 seconds at Wed Oct 23 06:01:12 UTC 2019
7 ms. Memory: 45056K Free: 26940K (60%)
ptolemy.util.test.WatchDog.cancel(): canceling Wed Oct 23 06:01:12 UTC 2019
auto.tcl: Setting watchdog for 200 seconds at Wed Oct 23 06:01:12 UTC 2019
3 ms. Memory: 45056K Free: 25931K (58%)
ptolemy.util.test.WatchDog.cancel(): canceling Wed Oct 23 06:01:12 UTC 2019
------------------ testing $PTII/ptolemy/domains/de/test/auto/CausalityInterface3.xml
auto.tcl: Setting watchdog for 200 seconds at Wed Oct 23 06:01:12 UTC 2019
6 ms. Memory: 45056K Free: 26551K (59%)
ptolemy.util.test.WatchDog.cancel(): canceling Wed Oct 23 06:01:12 UTC 2019
auto.tcl: Setting watchdog for 200 seconds at Wed Oct 23 06:01:12 UTC 2019
3 ms. Memory: 45056K Free: 25765K (57%)
ptolemy.util.test.WatchDog.cancel(): canceling Wed Oct 23 06:01:12 UTC 2019
------------------ testing $PTII/ptolemy/domains/de/test/auto/ClockDrift.xml
auto.tcl: Setting watchdog for 200 seconds at Wed Oct 23 06:01:12 UTC 2019
99 ms. Memory: 45056K Free: 19156K (43%)
ptolemy.util.test.WatchDog.cancel(): canceling Wed Oct 23 06:01:12 UTC 2019
auto.tcl: Setting watchdog for 200 seconds at Wed Oct 23 06:01:12 UTC 2019
50 ms. Memory: 45056K Free: 16137K (36%)
ptolemy.util.test.WatchDog.cancel(): canceling Wed Oct 23 06:01:12 UTC 2019
------------------ testing $PTII/ptolemy/domains/de/test/auto/ClockDriftAndValueChange.xml
auto.tcl: Setting watchdog for 200 seconds at Wed Oct 23 06:01:12 UTC 2019
32 ms. Memory: 45056K Free: 19224K (43%)
ptolemy.util.test.WatchDog.cancel(): canceling Wed Oct 23 06:01:12 UTC 2019
auto.tcl: Setting watchdog for 200 seconds at Wed Oct 23 06:01:12 UTC 2019
34 ms. Memory: 45056K Free: 16379K (36%)
ptolemy.util.test.WatchDog.cancel(): canceling Wed Oct 23 06:01:12 UTC 2019
------------------ testing $PTII/ptolemy/domains/de/test/auto/ClockDriftChange.xml
auto.tcl: Setting watchdog for 200 seconds at Wed Oct 23 06:01:12 UTC 2019
25 ms. Memory: 45056K Free: 21273K (47%)
ptolemy.util.test.WatchDog.cancel(): canceling Wed Oct 23 06:01:12 UTC 2019
auto.tcl: Setting watchdog for 200 seconds at Wed Oct 23 06:01:12 UTC 2019
16 ms. Memory: 45056K Free: 18716K (42%)
ptolemy.util.test.WatchDog.cancel(): canceling Wed Oct 23 06:01:12 UTC 2019
------------------ testing $PTII/ptolemy/domains/de/test/auto/ComposableCausalityAnalysis.xml
auto.tcl: Setting watchdog for 200 seconds at Wed Oct 23 06:01:12 UTC 2019
2 ms. Memory: 45056K Free: 25934K (58%)
ptolemy.util.test.WatchDog.cancel(): canceling Wed Oct 23 06:01:12 UTC 2019
auto.tcl: Setting watchdog for 200 seconds at Wed Oct 23 06:01:12 UTC 2019
5 ms. Memory: 45056K Free: 24860K (55%)
ptolemy.util.test.WatchDog.cancel(): canceling Wed Oct 23 06:01:12 UTC 2019
------------------ testing $PTII/ptolemy/domains/de/test/auto/DEFixedPointLimitation.xml
auto.tcl: Setting watchdog for 200 seconds at Wed Oct 23 06:01:13 UTC 2019
3 ms. Memory: 45056K Free: 27227K (60%)
ptolemy.util.test.WatchDog.cancel(): canceling Wed Oct 23 06:01:13 UTC 2019
auto.tcl: Setting watchdog for 200 seconds at Wed Oct 23 06:01:13 UTC 2019
1 ms. Memory: 45056K Free: 26359K (59%)
ptolemy.util.test.WatchDog.cancel(): canceling Wed Oct 23 06:01:13 UTC 2019
------------------ testing $PTII/ptolemy/domains/de/test/auto/DEScheduleTest.xml
auto.tcl: Setting watchdog for 200 seconds at Wed Oct 23 06:01:13 UTC 2019
4 ms. Memory: 45056K Free: 27559K (61%)
ptolemy.util.test.WatchDog.cancel(): canceling Wed Oct 23 06:01:13 UTC 2019
auto.tcl: Setting watchdog for 200 seconds at Wed Oct 23 06:01:13 UTC 2019
4 ms. Memory: 45056K Free: 26773K (59%)
ptolemy.util.test.WatchDog.cancel(): canceling Wed Oct 23 06:01:13 UTC 2019
------------------ testing $PTII/ptolemy/domains/de/test/auto/DEinDEwithStartTimes.xml
auto.tcl: Setting watchdog for 200 seconds at Wed Oct 23 06:01:13 UTC 2019
6 ms. Memory: 45056K Free: 25718K (57%)
ptolemy.util.test.WatchDog.cancel(): canceling Wed Oct 23 06:01:13 UTC 2019
auto.tcl: Setting watchdog for 200 seconds at Wed Oct 23 06:01:13 UTC 2019
6 ms. Memory: 45056K Free: 24676K (55%)
ptolemy.util.test.WatchDog.cancel(): canceling Wed Oct 23 06:01:13 UTC 2019
------------------ testing $PTII/ptolemy/domains/de/test/auto/DEinDEwithStartTimes2.xml
auto.tcl: Setting watchdog for 200 seconds at Wed Oct 23 06:01:13 UTC 2019
7 ms. Memory: 45056K Free: 24939K (55%)
ptolemy.util.test.WatchDog.cancel(): canceling Wed Oct 23 06:01:13 UTC 2019
auto.tcl: Setting watchdog for 200 seconds at Wed Oct 23 06:01:13 UTC 2019
3 ms. Memory: 45056K Free: 23626K (52%)
ptolemy.util.test.WatchDog.cancel(): canceling Wed Oct 23 06:01:13 UTC 2019
------------------ testing $PTII/ptolemy/domains/de/test/auto/DateDemo.xml
auto.tcl: Setting watchdog for 200 seconds at Wed Oct 23 06:01:13 UTC 2019
17 ms. Memory: 45056K Free: 19577K (43%)
ptolemy.util.test.WatchDog.cancel(): canceling Wed Oct 23 06:01:13 UTC 2019
auto.tcl: Setting watchdog for 200 seconds at Wed Oct 23 06:01:13 UTC 2019
10 ms. Memory: 45056K Free: 17753K (39%)
ptolemy.util.test.WatchDog.cancel(): canceling Wed Oct 23 06:01:13 UTC 2019
------------------ testing $PTII/ptolemy/domains/de/test/auto/DateToEvent.xml
auto.tcl: Setting watchdog for 200 seconds at Wed Oct 23 06:01:13 UTC 2019
2009 ms. Memory: 45056K Free: 15189K (34%)
ptolemy.util.test.WatchDog.cancel(): canceling Wed Oct 23 06:01:15 UTC 2019
auto.tcl: Setting watchdog for 200 seconds at Wed Oct 23 06:01:15 UTC 2019
2006 ms. Memory: 45056K Free: 14488K (32%)
ptolemy.util.test.WatchDog.cancel(): canceling Wed Oct 23 06:01:17 UTC 2019
------------------ testing $PTII/ptolemy/domains/de/test/auto/DepthTest1.xml
auto.tcl: Setting watchdog for 200 seconds at Wed Oct 23 06:01:17 UTC 2019
5 ms. Memory: 45056K Free: 28474K (63%)
ptolemy.util.test.WatchDog.cancel(): canceling Wed Oct 23 06:01:17 UTC 2019
auto.tcl: Setting watchdog for 200 seconds at Wed Oct 23 06:01:17 UTC 2019
2 ms. Memory: 45056K Free: 27966K (62%)
ptolemy.util.test.WatchDog.cancel(): canceling Wed Oct 23 06:01:17 UTC 2019
------------------ testing $PTII/ptolemy/domains/de/test/auto/DepthTest2.xml
auto.tcl: Setting watchdog for 200 seconds at Wed Oct 23 06:01:17 UTC 2019
4 ms. Memory: 45056K Free: 24665K (55%)
ptolemy.util.test.WatchDog.cancel(): canceling Wed Oct 23 06:01:17 UTC 2019
auto.tcl: Setting watchdog for 200 seconds at Wed Oct 23 06:01:17 UTC 2019
2 ms. Memory: 45056K Free: 24239K (54%)
ptolemy.util.test.WatchDog.cancel(): canceling Wed Oct 23 06:01:17 UTC 2019
------------------ testing $PTII/ptolemy/domains/de/test/auto/DepthTest3.xml
auto.tcl: Setting watchdog for 200 seconds at Wed Oct 23 06:01:17 UTC 2019
2 ms. Memory: 45056K Free: 28804K (64%)
ptolemy.util.test.WatchDog.cancel(): canceling Wed Oct 23 06:01:17 UTC 2019
auto.tcl: Setting watchdog for 200 seconds at Wed Oct 23 06:01:17 UTC 2019
1 ms. Memory: 45056K Free: 28266K (63%)
ptolemy.util.test.WatchDog.cancel(): canceling Wed Oct 23 06:01:17 UTC 2019
------------------ testing $PTII/ptolemy/domains/de/test/auto/DepthTest4.xml
auto.tcl: Setting watchdog for 200 seconds at Wed Oct 23 06:01:17 UTC 2019
4 ms. Memory: 45056K Free: 27021K (60%)
ptolemy.util.test.WatchDog.cancel(): canceling Wed Oct 23 06:01:17 UTC 2019
auto.tcl: Setting watchdog for 200 seconds at Wed Oct 23 06:01:17 UTC 2019
2 ms. Memory: 45056K Free: 26282K (58%)
ptolemy.util.test.WatchDog.cancel(): canceling Wed Oct 23 06:01:17 UTC 2019
------------------ testing $PTII/ptolemy/domains/de/test/auto/DepthTest5.xml
auto.tcl: Setting watchdog for 200 seconds at Wed Oct 23 06:01:17 UTC 2019
6 ms. Memory: 45056K Free: 26424K (59%)
ptolemy.util.test.WatchDog.cancel(): canceling Wed Oct 23 06:01:17 UTC 2019
auto.tcl: Setting watchdog for 200 seconds at Wed Oct 23 06:01:17 UTC 2019
3 ms. Memory: 45056K Free: 25627K (57%)
ptolemy.util.test.WatchDog.cancel(): canceling Wed Oct 23 06:01:17 UTC 2019
------------------ testing $PTII/ptolemy/domains/de/test/auto/DepthTest6.xml
auto.tcl: Setting watchdog for 200 seconds at Wed Oct 23 06:01:18 UTC 2019
4 ms. Memory: 45056K Free: 26119K (58%)
ptolemy.util.test.WatchDog.cancel(): canceling Wed Oct 23 06:01:18 UTC 2019
auto.tcl: Setting watchdog for 200 seconds at Wed Oct 23 06:01:18 UTC 2019
2 ms. Memory: 45056K Free: 25605K (57%)
ptolemy.util.test.WatchDog.cancel(): canceling Wed Oct 23 06:01:18 UTC 2019
------------------ testing $PTII/ptolemy/domains/de/test/auto/DepthTest7.xml
auto.tcl: Setting watchdog for 200 seconds at Wed Oct 23 06:01:18 UTC 2019
2 ms. Memory: 45056K Free: 26626K (59%)
ptolemy.util.test.WatchDog.cancel(): canceling Wed Oct 23 06:01:18 UTC 2019
auto.tcl: Setting watchdog for 200 seconds at Wed Oct 23 06:01:18 UTC 2019
2 ms. Memory: 45056K Free: 26226K (58%)
ptolemy.util.test.WatchDog.cancel(): canceling Wed Oct 23 06:01:18 UTC 2019
------------------ testing $PTII/ptolemy/domains/de/test/auto/EventToDate.xml
auto.tcl: Setting watchdog for 200 seconds at Wed Oct 23 06:01:18 UTC 2019
3005 ms. Memory: 45056K Free: 17762K (39%)
ptolemy.util.test.WatchDog.cancel(): canceling Wed Oct 23 06:01:21 UTC 2019
auto.tcl: Setting watchdog for 200 seconds at Wed Oct 23 06:01:21 UTC 2019
3003 ms. Memory: 45056K Free: 17048K (38%)
ptolemy.util.test.WatchDog.cancel(): canceling Wed Oct 23 06:01:24 UTC 2019
------------------ testing $PTII/ptolemy/domains/de/test/auto/FSM1.xml
auto.tcl: Setting watchdog for 200 seconds at Wed Oct 23 06:01:24 UTC 2019
20 ms. Memory: 45056K Free: 18952K (42%)
ptolemy.util.test.WatchDog.cancel(): canceling Wed Oct 23 06:01:24 UTC 2019
auto.tcl: Setting watchdog for 200 seconds at Wed Oct 23 06:01:24 UTC 2019
15 ms. Memory: 45056K Free: 15691K (35%)
ptolemy.util.test.WatchDog.cancel(): canceling Wed Oct 23 06:01:24 UTC 2019
------------------ testing $PTII/ptolemy/domains/de/test/auto/FSM7.xml
auto.tcl: Setting watchdog for 200 seconds at Wed Oct 23 06:01:24 UTC 2019
25 ms. Memory: 45056K Free: 18877K (42%)
ptolemy.util.test.WatchDog.cancel(): canceling Wed Oct 23 06:01:24 UTC 2019
auto.tcl: Setting watchdog for 200 seconds at Wed Oct 23 06:01:24 UTC 2019
24 ms. Memory: 45056K Free: 15573K (35%)
ptolemy.util.test.WatchDog.cancel(): canceling Wed Oct 23 06:01:24 UTC 2019
------------------ testing $PTII/ptolemy/domains/de/test/auto/Inspection.xml
auto.tcl: Setting watchdog for 200 seconds at Wed Oct 23 06:01:24 UTC 2019
39 ms. Memory: 45056K Free: 18711K (42%)
ptolemy.util.test.WatchDog.cancel(): canceling Wed Oct 23 06:01:24 UTC 2019
auto.tcl: Setting watchdog for 200 seconds at Wed Oct 23 06:01:24 UTC 2019
16 ms. Memory: 45056K Free: 16960K (38%)
ptolemy.util.test.WatchDog.cancel(): canceling Wed Oct 23 06:01:24 UTC 2019
------------------ testing $PTII/ptolemy/domains/de/test/auto/Iteration.xml
auto.tcl: Setting watchdog for 200 seconds at Wed Oct 23 06:01:24 UTC 2019
8 ms. Memory: 45056K Free: 24453K (54%)
ptolemy.util.test.WatchDog.cancel(): canceling Wed Oct 23 06:01:24 UTC 2019
auto.tcl: Setting watchdog for 200 seconds at Wed Oct 23 06:01:24 UTC 2019
7 ms. Memory: 45056K Free: 23369K (52%)
ptolemy.util.test.WatchDog.cancel(): canceling Wed Oct 23 06:01:24 UTC 2019
------------------ testing $PTII/ptolemy/domains/de/test/auto/LineFault.xml
auto.tcl: Setting watchdog for 200 seconds at Wed Oct 23 06:01:24 UTC 2019
765 ms. Memory: 45056K Free: 14454K (32%)
ptolemy.util.test.WatchDog.cancel(): canceling Wed Oct 23 06:01:25 UTC 2019
auto.tcl: Setting watchdog for 200 seconds at Wed Oct 23 06:01:25 UTC 2019
633 ms. Memory: 55296K Free: 30015K (54%)
ptolemy.util.test.WatchDog.cancel(): canceling Wed Oct 23 06:01:26 UTC 2019
------------------ testing $PTII/ptolemy/domains/de/test/auto/MergeModel1Add.xml
auto.tcl: Setting watchdog for 200 seconds at Wed Oct 23 06:01:26 UTC 2019
32 ms. Memory: 51200K Free: 16247K (32%)
ptolemy.util.test.WatchDog.cancel(): canceling Wed Oct 23 06:01:26 UTC 2019
auto.tcl: Setting watchdog for 200 seconds at Wed Oct 23 06:01:26 UTC 2019
10 ms. Memory: 51200K Free: 14734K (29%)
ptolemy.util.test.WatchDog.cancel(): canceling Wed Oct 23 06:01:26 UTC 2019
------------------ testing $PTII/ptolemy/domains/de/test/auto/MergeModel2Add.xml
auto.tcl: Setting watchdog for 200 seconds at Wed Oct 23 06:01:26 UTC 2019
11 ms. Memory: 51200K Free: 19097K (37%)
ptolemy.util.test.WatchDog.cancel(): canceling Wed Oct 23 06:01:26 UTC 2019
auto.tcl: Setting watchdog for 200 seconds at Wed Oct 23 06:01:26 UTC 2019
9 ms. Memory: 51200K Free: 17231K (34%)
ptolemy.util.test.WatchDog.cancel(): canceling Wed Oct 23 06:01:26 UTC 2019
------------------ testing $PTII/ptolemy/domains/de/test/auto/MergeModel3Add.xml
auto.tcl: Setting watchdog for 200 seconds at Wed Oct 23 06:01:26 UTC 2019
9 ms. Memory: 48128K Free: 16381K (34%)
ptolemy.util.test.WatchDog.cancel(): canceling Wed Oct 23 06:01:26 UTC 2019
auto.tcl: Setting watchdog for 200 seconds at Wed Oct 23 06:01:26 UTC 2019
11 ms. Memory: 48128K Free: 14615K (30%)
ptolemy.util.test.WatchDog.cancel(): canceling Wed Oct 23 06:01:26 UTC 2019
------------------ testing $PTII/ptolemy/domains/de/test/auto/MergeWithoutDiscard.xml
auto.tcl: Setting watchdog for 200 seconds at Wed Oct 23 06:01:26 UTC 2019
1 ms. Memory: 48128K Free: 29902K (62%)
ptolemy.util.test.WatchDog.cancel(): canceling Wed Oct 23 06:01:26 UTC 2019
auto.tcl: Setting watchdog for 200 seconds at Wed Oct 23 06:01:26 UTC 2019
2 ms. Memory: 48128K Free: 29489K (61%)
ptolemy.util.test.WatchDog.cancel(): canceling Wed Oct 23 06:01:26 UTC 2019
------------------ testing $PTII/ptolemy/domains/de/test/auto/Modal1.xml
auto.tcl: Setting watchdog for 200 seconds at Wed Oct 23 06:01:26 UTC 2019
13 ms. Memory: 48128K Free: 22246K (46%)
ptolemy.util.test.WatchDog.cancel(): canceling Wed Oct 23 06:01:26 UTC 2019
auto.tcl: Setting watchdog for 200 seconds at Wed Oct 23 06:01:26 UTC 2019
13 ms. Memory: 48128K Free: 18993K (39%)
ptolemy.util.test.WatchDog.cancel(): canceling Wed Oct 23 06:01:26 UTC 2019
------------------ testing $PTII/ptolemy/domains/de/test/auto/Modal2.xml
auto.tcl: Setting watchdog for 200 seconds at Wed Oct 23 06:01:27 UTC 2019
21 ms. Memory: 48128K Free: 22123K (46%)
ptolemy.util.test.WatchDog.cancel(): canceling Wed Oct 23 06:01:27 UTC 2019
auto.tcl: Setting watchdog for 200 seconds at Wed Oct 23 06:01:27 UTC 2019
20 ms. Memory: 48128K Free: 18880K (39%)
ptolemy.util.test.WatchDog.cancel(): canceling Wed Oct 23 06:01:27 UTC 2019
------------------ testing $PTII/ptolemy/domains/de/test/auto/Modal3.xml
auto.tcl: Setting watchdog for 200 seconds at Wed Oct 23 06:01:27 UTC 2019
10 ms. Memory: 48128K Free: 21653K (45%)
ptolemy.util.test.WatchDog.cancel(): canceling Wed Oct 23 06:01:27 UTC 2019
auto.tcl: Setting watchdog for 200 seconds at Wed Oct 23 06:01:27 UTC 2019
15 ms. Memory: 48128K Free: 18533K (39%)
ptolemy.util.test.WatchDog.cancel(): canceling Wed Oct 23 06:01:27 UTC 2019
------------------ testing $PTII/ptolemy/domains/de/test/auto/Modal4.xml
auto.tcl: Setting watchdog for 200 seconds at Wed Oct 23 06:01:27 UTC 2019
24 ms. Memory: 48128K Free: 21109K (44%)
ptolemy.util.test.WatchDog.cancel(): canceling Wed Oct 23 06:01:27 UTC 2019
auto.tcl: Setting watchdog for 200 seconds at Wed Oct 23 06:01:27 UTC 2019
13 ms. Memory: 48128K Free: 17240K (36%)
ptolemy.util.test.WatchDog.cancel(): canceling Wed Oct 23 06:01:27 UTC 2019
------------------ testing $PTII/ptolemy/domains/de/test/auto/Modal5.xml
auto.tcl: Setting watchdog for 200 seconds at Wed Oct 23 06:01:27 UTC 2019
14 ms. Memory: 48128K Free: 21057K (44%)
ptolemy.util.test.WatchDog.cancel(): canceling Wed Oct 23 06:01:27 UTC 2019
auto.tcl: Setting watchdog for 200 seconds at Wed Oct 23 06:01:27 UTC 2019
14 ms. Memory: 48128K Free: 17227K (36%)
ptolemy.util.test.WatchDog.cancel(): canceling Wed Oct 23 06:01:27 UTC 2019
------------------ testing $PTII/ptolemy/domains/de/test/auto/Modal6.xml
auto.tcl: Setting watchdog for 200 seconds at Wed Oct 23 06:01:27 UTC 2019
17 ms. Memory: 48128K Free: 21876K (45%)
ptolemy.util.test.WatchDog.cancel(): canceling Wed Oct 23 06:01:27 UTC 2019
auto.tcl: Setting watchdog for 200 seconds at Wed Oct 23 06:01:27 UTC 2019
17 ms. Memory: 48128K Free: 17883K (37%)
ptolemy.util.test.WatchDog.cancel(): canceling Wed Oct 23 06:01:27 UTC 2019
------------------ testing $PTII/ptolemy/domains/de/test/auto/Modal7.xml
auto.tcl: Setting watchdog for 200 seconds at Wed Oct 23 06:01:27 UTC 2019
10 ms. Memory: 48128K Free: 20861K (43%)
ptolemy.util.test.WatchDog.cancel(): canceling Wed Oct 23 06:01:27 UTC 2019
auto.tcl: Setting watchdog for 200 seconds at Wed Oct 23 06:01:27 UTC 2019
11 ms. Memory: 48128K Free: 17226K (36%)
ptolemy.util.test.WatchDog.cancel(): canceling Wed Oct 23 06:01:27 UTC 2019
------------------ testing $PTII/ptolemy/domains/de/test/auto/ModalModel.xml
auto.tcl: Setting watchdog for 200 seconds at Wed Oct 23 06:01:27 UTC 2019
204 ms. Memory: 58368K Free: 39802K (68%)
ptolemy.util.test.WatchDog.cancel(): canceling Wed Oct 23 06:01:27 UTC 2019
auto.tcl: Setting watchdog for 200 seconds at Wed Oct 23 06:01:27 UTC 2019
209 ms. Memory: 58368K Free: 34857K (60%)
ptolemy.util.test.WatchDog.cancel(): canceling Wed Oct 23 06:01:28 UTC 2019
------------------ testing $PTII/ptolemy/domains/de/test/auto/ModalSource.xml
auto.tcl: Setting watchdog for 200 seconds at Wed Oct 23 06:01:28 UTC 2019
6 ms. Memory: 51200K Free: 28980K (57%)
ptolemy.util.test.WatchDog.cancel(): canceling Wed Oct 23 06:01:28 UTC 2019
auto.tcl: Setting watchdog for 200 seconds at Wed Oct 23 06:01:28 UTC 2019
5 ms. Memory: 51200K Free: 27083K (53%)
ptolemy.util.test.WatchDog.cancel(): canceling Wed Oct 23 06:01:28 UTC 2019
------------------ testing $PTII/ptolemy/domains/de/test/auto/NonInterruptibleTimerZeroDelay.xml
auto.tcl: Setting watchdog for 200 seconds at Wed Oct 23 06:01:28 UTC 2019
4 ms. Memory: 51200K Free: 33914K (66%)
ptolemy.util.test.WatchDog.cancel(): canceling Wed Oct 23 06:01:28 UTC 2019
auto.tcl: Setting watchdog for 200 seconds at Wed Oct 23 06:01:28 UTC 2019
2 ms. Memory: 51200K Free: 33258K (65%)
ptolemy.util.test.WatchDog.cancel(): canceling Wed Oct 23 06:01:28 UTC 2019
------------------ testing $PTII/ptolemy/domains/de/test/auto/OpenQueueingNetwork.xml
auto.tcl: Setting watchdog for 200 seconds at Wed Oct 23 06:01:28 UTC 2019
2930 ms. Memory: 100352K Free: 73432K (73%)
ptolemy.util.test.WatchDog.cancel(): canceling Wed Oct 23 06:01:31 UTC 2019
auto.tcl: Setting watchdog for 200 seconds at Wed Oct 23 06:01:31 UTC 2019
2493 ms. Memory: 100352K Free: 68369K (68%)
ptolemy.util.test.WatchDog.cancel(): canceling Wed Oct 23 06:01:33 UTC 2019
------------------ testing $PTII/ptolemy/domains/de/test/auto/OpenQueuingNetwork.xml
auto.tcl: Setting watchdog for 200 seconds at Wed Oct 23 06:01:33 UTC 2019
265 ms. Memory: 51200K Free: 15774K (31%)
ptolemy.util.test.WatchDog.cancel(): canceling Wed Oct 23 06:01:34 UTC 2019
auto.tcl: Setting watchdog for 200 seconds at Wed Oct 23 06:01:34 UTC 2019
263 ms. Memory: 51200K Free: 20768K (41%)
ptolemy.util.test.WatchDog.cancel(): canceling Wed Oct 23 06:01:34 UTC 2019
------------------ testing $PTII/ptolemy/domains/de/test/auto/PeriodicSampler.xml
auto.tcl: Setting watchdog for 200 seconds at Wed Oct 23 06:01:34 UTC 2019
2 ms. Memory: 48128K Free: 30033K (62%)
ptolemy.util.test.WatchDog.cancel(): canceling Wed Oct 23 06:01:34 UTC 2019
auto.tcl: Setting watchdog for 200 seconds at Wed Oct 23 06:01:34 UTC 2019
1 ms. Memory: 48128K Free: 29074K (60%)
ptolemy.util.test.WatchDog.cancel(): canceling Wed Oct 23 06:01:34 UTC 2019
------------------ testing $PTII/ptolemy/domains/de/test/auto/PersistentIO.xml
auto.tcl: Setting watchdog for 200 seconds at Wed Oct 23 06:01:34 UTC 2019
17 ms. Memory: 48128K Free: 24942K (52%)
ptolemy.util.test.WatchDog.cancel(): canceling Wed Oct 23 06:01:34 UTC 2019
auto.tcl: Setting watchdog for 200 seconds at Wed Oct 23 06:01:34 UTC 2019
4 ms. Memory: 48128K Free: 23496K (49%)
ptolemy.util.test.WatchDog.cancel(): canceling Wed Oct 23 06:01:34 UTC 2019
------------------ testing $PTII/ptolemy/domains/de/test/auto/PortParameterResetOnInitialize.xml
auto.tcl: Setting watchdog for 200 seconds at Wed Oct 23 06:01:34 UTC 2019
7 ms. Memory: 48128K Free: 29942K (62%)
ptolemy.util.test.WatchDog.cancel(): canceling Wed Oct 23 06:01:34 UTC 2019
auto.tcl: Setting watchdog for 200 seconds at Wed Oct 23 06:01:34 UTC 2019
2 ms. Memory: 48128K Free: 29463K (61%)
ptolemy.util.test.WatchDog.cancel(): canceling Wed Oct 23 06:01:34 UTC 2019
------------------ testing $PTII/ptolemy/domains/de/test/auto/PortParameterUpdates.xml
auto.tcl: Setting watchdog for 200 seconds at Wed Oct 23 06:01:34 UTC 2019
5 ms. Memory: 48128K Free: 28010K (58%)
ptolemy.util.test.WatchDog.cancel(): canceling Wed Oct 23 06:01:34 UTC 2019
auto.tcl: Setting watchdog for 200 seconds at Wed Oct 23 06:01:34 UTC 2019
5 ms. Memory: 48128K Free: 26572K (55%)
ptolemy.util.test.WatchDog.cancel(): canceling Wed Oct 23 06:01:34 UTC 2019
------------------ testing $PTII/ptolemy/domains/de/test/auto/QueueAndServer.xml
auto.tcl: Setting watchdog for 200 seconds at Wed Oct 23 06:01:34 UTC 2019
7 ms. Memory: 48128K Free: 26980K (56%)
ptolemy.util.test.WatchDog.cancel(): canceling Wed Oct 23 06:01:34 UTC 2019
auto.tcl: Setting watchdog for 200 seconds at Wed Oct 23 06:01:34 UTC 2019
6 ms. Memory: 48128K Free: 25541K (53%)
ptolemy.util.test.WatchDog.cancel(): canceling Wed Oct 23 06:01:34 UTC 2019
------------------ testing $PTII/ptolemy/domains/de/test/auto/Records.xml
auto.tcl: Setting watchdog for 200 seconds at Wed Oct 23 06:01:35 UTC 2019
3 ms. Memory: 48128K Free: 29485K (61%)
ptolemy.util.test.WatchDog.cancel(): canceling Wed Oct 23 06:01:35 UTC 2019
auto.tcl: Setting watchdog for 200 seconds at Wed Oct 23 06:01:35 UTC 2019
3 ms. Memory: 48128K Free: 29012K (60%)
ptolemy.util.test.WatchDog.cancel(): canceling Wed Oct 23 06:01:35 UTC 2019
------------------ testing $PTII/ptolemy/domains/de/test/auto/ResetTransitionWithStartTime1.xml
auto.tcl: Setting watchdog for 200 seconds at Wed Oct 23 06:01:35 UTC 2019
12 ms. Memory: 48128K Free: 26442K (55%)
ptolemy.util.test.WatchDog.cancel(): canceling Wed Oct 23 06:01:35 UTC 2019
auto.tcl: Setting watchdog for 200 seconds at Wed Oct 23 06:01:35 UTC 2019
8 ms. Memory: 48128K Free: 23899K (50%)
ptolemy.util.test.WatchDog.cancel(): canceling Wed Oct 23 06:01:35 UTC 2019
------------------ testing $PTII/ptolemy/domains/de/test/auto/ResetTransitionWithStartTime2.xml
auto.tcl: Setting watchdog for 200 seconds at Wed Oct 23 06:01:35 UTC 2019
5 ms. Memory: 48128K Free: 26397K (55%)
ptolemy.util.test.WatchDog.cancel(): canceling Wed Oct 23 06:01:35 UTC 2019
auto.tcl: Setting watchdog for 200 seconds at Wed Oct 23 06:01:35 UTC 2019
6 ms. Memory: 48128K Free: 23853K (50%)
ptolemy.util.test.WatchDog.cancel(): canceling Wed Oct 23 06:01:35 UTC 2019
------------------ testing $PTII/ptolemy/domains/de/test/auto/ResetTransitionWithStartTime3.xml
auto.tcl: Setting watchdog for 200 seconds at Wed Oct 23 06:01:35 UTC 2019
15 ms. Memory: 48128K Free: 26396K (55%)
ptolemy.util.test.WatchDog.cancel(): canceling Wed Oct 23 06:01:35 UTC 2019
auto.tcl: Setting watchdog for 200 seconds at Wed Oct 23 06:01:35 UTC 2019
10 ms. Memory: 48128K Free: 23852K (50%)
ptolemy.util.test.WatchDog.cancel(): canceling Wed Oct 23 06:01:35 UTC 2019
------------------ testing $PTII/ptolemy/domains/de/test/auto/ResetTransitionWithStartTime4.xml
auto.tcl: Setting watchdog for 200 seconds at Wed Oct 23 06:01:35 UTC 2019
8 ms. Memory: 48128K Free: 26862K (56%)
ptolemy.util.test.WatchDog.cancel(): canceling Wed Oct 23 06:01:35 UTC 2019
auto.tcl: Setting watchdog for 200 seconds at Wed Oct 23 06:01:35 UTC 2019
4 ms. Memory: 48128K Free: 25411K (53%)
ptolemy.util.test.WatchDog.cancel(): canceling Wed Oct 23 06:01:35 UTC 2019
------------------ testing $PTII/ptolemy/domains/de/test/auto/ResettableTimer1.xml
auto.tcl: Setting watchdog for 200 seconds at Wed Oct 23 06:01:35 UTC 2019
2 ms. Memory: 48128K Free: 30473K (63%)
ptolemy.util.test.WatchDog.cancel(): canceling Wed Oct 23 06:01:35 UTC 2019
auto.tcl: Setting watchdog for 200 seconds at Wed Oct 23 06:01:35 UTC 2019
2 ms. Memory: 48128K Free: 29528K (61%)
ptolemy.util.test.WatchDog.cancel(): canceling Wed Oct 23 06:01:35 UTC 2019
------------------ testing $PTII/ptolemy/domains/de/test/auto/ResettableTimer2.xml
auto.tcl: Setting watchdog for 200 seconds at Wed Oct 23 06:01:35 UTC 2019
3 ms. Memory: 48128K Free: 30706K (64%)
ptolemy.util.test.WatchDog.cancel(): canceling Wed Oct 23 06:01:35 UTC 2019
auto.tcl: Setting watchdog for 200 seconds at Wed Oct 23 06:01:35 UTC 2019
2 ms. Memory: 48128K Free: 29570K (61%)
ptolemy.util.test.WatchDog.cancel(): canceling Wed Oct 23 06:01:35 UTC 2019
------------------ testing $PTII/ptolemy/domains/de/test/auto/ResettableTimer3.xml
auto.tcl: Setting watchdog for 200 seconds at Wed Oct 23 06:01:35 UTC 2019
1 ms. Memory: 48128K Free: 30545K (63%)
ptolemy.util.test.WatchDog.cancel(): canceling Wed Oct 23 06:01:35 UTC 2019
auto.tcl: Setting watchdog for 200 seconds at Wed Oct 23 06:01:35 UTC 2019
2 ms. Memory: 48128K Free: 30063K (62%)
ptolemy.util.test.WatchDog.cancel(): canceling Wed Oct 23 06:01:35 UTC 2019
------------------ testing $PTII/ptolemy/domains/de/test/auto/ResettableTimer4.xml
auto.tcl: Setting watchdog for 200 seconds at Wed Oct 23 06:01:35 UTC 2019
1 ms. Memory: 48128K Free: 30575K (64%)
ptolemy.util.test.WatchDog.cancel(): canceling Wed Oct 23 06:01:35 UTC 2019
auto.tcl: Setting watchdog for 200 seconds at Wed Oct 23 06:01:35 UTC 2019
2 ms. Memory: 48128K Free: 30077K (62%)
ptolemy.util.test.WatchDog.cancel(): canceling Wed Oct 23 06:01:35 UTC 2019
------------------ testing $PTII/ptolemy/domains/de/test/auto/ResettableTimer5.xml
auto.tcl: Setting watchdog for 200 seconds at Wed Oct 23 06:01:35 UTC 2019
1 ms. Memory: 48128K Free: 30012K (62%)
ptolemy.util.test.WatchDog.cancel(): canceling Wed Oct 23 06:01:35 UTC 2019
auto.tcl: Setting watchdog for 200 seconds at Wed Oct 23 06:01:35 UTC 2019
1 ms. Memory: 48128K Free: 29549K (61%)
ptolemy.util.test.WatchDog.cancel(): canceling Wed Oct 23 06:01:35 UTC 2019
------------------ testing $PTII/ptolemy/domains/de/test/auto/ResettableTimer6.xml
auto.tcl: Setting watchdog for 200 seconds at Wed Oct 23 06:01:35 UTC 2019
1 ms. Memory: 48128K Free: 29987K (62%)
ptolemy.util.test.WatchDog.cancel(): canceling Wed Oct 23 06:01:35 UTC 2019
auto.tcl: Setting watchdog for 200 seconds at Wed Oct 23 06:01:35 UTC 2019
2 ms. Memory: 48128K Free: 29507K (61%)
ptolemy.util.test.WatchDog.cancel(): canceling Wed Oct 23 06:01:35 UTC 2019
------------------ testing $PTII/ptolemy/domains/de/test/auto/ServerZeroDelay.xml
auto.tcl: Setting watchdog for 200 seconds at Wed Oct 23 06:01:35 UTC 2019
4 ms. Memory: 48128K Free: 30522K (63%)
ptolemy.util.test.WatchDog.cancel(): canceling Wed Oct 23 06:01:35 UTC 2019
auto.tcl: Setting watchdog for 200 seconds at Wed Oct 23 06:01:35 UTC 2019
2 ms. Memory: 48128K Free: 29539K (61%)
ptolemy.util.test.WatchDog.cancel(): canceling Wed Oct 23 06:01:35 UTC 2019
------------------ testing $PTII/ptolemy/domains/de/test/auto/SmartSender.xml
auto.tcl: Setting watchdog for 200 seconds at Wed Oct 23 06:01:35 UTC 2019
3001 ms. Memory: 48128K Free: 30516K (63%)
ptolemy.util.test.WatchDog.cancel(): canceling Wed Oct 23 06:01:38 UTC 2019
auto.tcl: Setting watchdog for 200 seconds at Wed Oct 23 06:01:38 UTC 2019
3001 ms. Memory: 48128K Free: 30036K (62%)
ptolemy.util.test.WatchDog.cancel(): canceling Wed Oct 23 06:01:41 UTC 2019
------------------ testing $PTII/ptolemy/domains/de/test/auto/ThreadedComposite.xml
auto.tcl: Setting watchdog for 200 seconds at Wed Oct 23 06:01:41 UTC 2019
220 ms. Memory: 48128K Free: 11075K (23%)
ptolemy.util.test.WatchDog.cancel(): canceling Wed Oct 23 06:01:42 UTC 2019
auto.tcl: Setting watchdog for 200 seconds at Wed Oct 23 06:01:42 UTC 2019
143 ms. Memory: 58368K Free: 34870K (60%)
ptolemy.util.test.WatchDog.cancel(): canceling Wed Oct 23 06:01:42 UTC 2019
------------------ testing $PTII/ptolemy/domains/de/test/auto/Time.xml
auto.tcl: Setting watchdog for 200 seconds at Wed Oct 23 06:01:42 UTC 2019
631 ms. Memory: 51200K Free: 34352K (67%)
ptolemy.util.test.WatchDog.cancel(): canceling Wed Oct 23 06:01:43 UTC 2019
auto.tcl: Setting watchdog for 200 seconds at Wed Oct 23 06:01:43 UTC 2019
592 ms. Memory: 51200K Free: 35818K (70%)
ptolemy.util.test.WatchDog.cancel(): canceling Wed Oct 23 06:01:43 UTC 2019
------------------ testing $PTII/ptolemy/domains/de/test/auto/TimeDelayZeroDelay.xml
auto.tcl: Setting watchdog for 200 seconds at Wed Oct 23 06:01:43 UTC 2019
2 ms. Memory: 51200K Free: 33519K (65%)
ptolemy.util.test.WatchDog.cancel(): canceling Wed Oct 23 06:01:43 UTC 2019
auto.tcl: Setting watchdog for 200 seconds at Wed Oct 23 06:01:43 UTC 2019
2 ms. Memory: 51200K Free: 33033K (65%)
ptolemy.util.test.WatchDog.cancel(): canceling Wed Oct 23 06:01:43 UTC 2019
------------------ testing $PTII/ptolemy/domains/de/test/auto/TimerZeroDelay.xml
auto.tcl: Setting watchdog for 200 seconds at Wed Oct 23 06:01:43 UTC 2019
2 ms. Memory: 51200K Free: 33562K (66%)
ptolemy.util.test.WatchDog.cancel(): canceling Wed Oct 23 06:01:43 UTC 2019
auto.tcl: Setting watchdog for 200 seconds at Wed Oct 23 06:01:43 UTC 2019
2 ms. Memory: 51200K Free: 33092K (65%)
ptolemy.util.test.WatchDog.cancel(): canceling Wed Oct 23 06:01:43 UTC 2019
------------------ testing $PTII/ptolemy/domains/de/test/auto/TimingParadox.xml
auto.tcl: Setting watchdog for 200 seconds at Wed Oct 23 06:01:43 UTC 2019
459 ms. Memory: 51200K Free: 19120K (37%)
ptolemy.util.test.WatchDog.cancel(): canceling Wed Oct 23 06:01:44 UTC 2019
auto.tcl: Setting watchdog for 200 seconds at Wed Oct 23 06:01:44 UTC 2019
434 ms. Memory: 51200K Free: 35394K (69%)
ptolemy.util.test.WatchDog.cancel(): canceling Wed Oct 23 06:01:44 UTC 2019
------------------ testing $PTII/ptolemy/domains/de/test/auto/TransferInputs.xml
auto.tcl: Setting watchdog for 200 seconds at Wed Oct 23 06:01:44 UTC 2019
2 ms. Memory: 51200K Free: 32028K (63%)
ptolemy.util.test.WatchDog.cancel(): canceling Wed Oct 23 06:01:44 UTC 2019
auto.tcl: Setting watchdog for 200 seconds at Wed Oct 23 06:01:44 UTC 2019
2 ms. Memory: 51200K Free: 31130K (61%)
ptolemy.util.test.WatchDog.cancel(): canceling Wed Oct 23 06:01:44 UTC 2019
------------------ testing $PTII/ptolemy/domains/de/test/auto/TransferOutputs2.xml
auto.tcl: Setting watchdog for 200 seconds at Wed Oct 23 06:01:44 UTC 2019
3 ms. Memory: 51200K Free: 29470K (58%)
ptolemy.util.test.WatchDog.cancel(): canceling Wed Oct 23 06:01:44 UTC 2019
auto.tcl: Setting watchdog for 200 seconds at Wed Oct 23 06:01:44 UTC 2019
4 ms. Memory: 51200K Free: 28044K (55%)
ptolemy.util.test.WatchDog.cancel(): canceling Wed Oct 23 06:01:44 UTC 2019
------------------ testing $PTII/ptolemy/domains/de/test/auto/Trilateration.xml
auto.tcl: Setting watchdog for 200 seconds at Wed Oct 23 06:01:44 UTC 2019
15220 ms. Memory: 507904K Free: 256867K (51%)
ptolemy.util.test.WatchDog.cancel(): canceling Wed Oct 23 06:02:01 UTC 2019
auto.tcl: Setting watchdog for 200 seconds at Wed Oct 23 06:02:01 UTC 2019
11558 ms. Memory: 507904K Free: 260559K (51%)
ptolemy.util.test.WatchDog.cancel(): canceling Wed Oct 23 06:02:12 UTC 2019
------------------ testing $PTII/ptolemy/domains/de/test/auto/TwoSigmaDelta.xml
auto.tcl: Setting watchdog for 200 seconds at Wed Oct 23 06:02:13 UTC 2019
2923 ms. Memory: 89088K Free: 59821K (67%)
ptolemy.util.test.WatchDog.cancel(): canceling Wed Oct 23 06:02:16 UTC 2019
auto.tcl: Setting watchdog for 200 seconds at Wed Oct 23 06:02:16 UTC 2019
2176 ms. Memory: 89088K Free: 50140K (56%)
ptolemy.util.test.WatchDog.cancel(): canceling Wed Oct 23 06:02:18 UTC 2019
------------------ testing $PTII/ptolemy/domains/de/test/auto/VariableDelay.xml
auto.tcl: Setting watchdog for 200 seconds at Wed Oct 23 06:02:18 UTC 2019
2 ms. Memory: 51200K Free: 32504K (63%)
ptolemy.util.test.WatchDog.cancel(): canceling Wed Oct 23 06:02:18 UTC 2019
auto.tcl: Setting watchdog for 200 seconds at Wed Oct 23 06:02:18 UTC 2019
1 ms. Memory: 51200K Free: 31510K (62%)
ptolemy.util.test.WatchDog.cancel(): canceling Wed Oct 23 06:02:18 UTC 2019
------------------ testing $PTII/ptolemy/domains/de/test/auto/VariableDelay2.xml
auto.tcl: Setting watchdog for 200 seconds at Wed Oct 23 06:02:18 UTC 2019
3 ms. Memory: 51200K Free: 32902K (64%)
ptolemy.util.test.WatchDog.cancel(): canceling Wed Oct 23 06:02:18 UTC 2019
auto.tcl: Setting watchdog for 200 seconds at Wed Oct 23 06:02:18 UTC 2019
2 ms. Memory: 51200K Free: 31894K (62%)
ptolemy.util.test.WatchDog.cancel(): canceling Wed Oct 23 06:02:18 UTC 2019
------------------ testing $PTII/ptolemy/domains/de/test/auto/VariableDelayZeroDelay.xml
auto.tcl: Setting watchdog for 200 seconds at Wed Oct 23 06:02:18 UTC 2019
2 ms. Memory: 48128K Free: 30373K (63%)
ptolemy.util.test.WatchDog.cancel(): canceling Wed Oct 23 06:02:18 UTC 2019
auto.tcl: Setting watchdog for 200 seconds at Wed Oct 23 06:02:18 UTC 2019
3 ms. Memory: 48128K Free: 29846K (62%)
ptolemy.util.test.WatchDog.cancel(): canceling Wed Oct 23 06:02:18 UTC 2019
------------------ testing $PTII/ptolemy/domains/de/test/auto/VariableDelayZeroDelay2.xml
auto.tcl: Setting watchdog for 200 seconds at Wed Oct 23 06:02:18 UTC 2019
2 ms. Memory: 48128K Free: 30372K (63%)
ptolemy.util.test.WatchDog.cancel(): canceling Wed Oct 23 06:02:18 UTC 2019
auto.tcl: Setting watchdog for 200 seconds at Wed Oct 23 06:02:18 UTC 2019
1 ms. Memory: 48128K Free: 29361K (61%)
ptolemy.util.test.WatchDog.cancel(): canceling Wed Oct 23 06:02:18 UTC 2019
------------------ testing $PTII/ptolemy/domains/de/test/auto/deInCt.xml
auto.tcl: Setting watchdog for 200 seconds at Wed Oct 23 06:02:18 UTC 2019
0
1
1
1
0
0
0
1
1
0
0
0
1
1
1
1
0
0
0
0
0
1
1
1
1
0
0
0
1
1
1
1
0
0
0
0
11 ms. Memory: 48128K Free: 29346K (61%)
ptolemy.util.test.WatchDog.cancel(): canceling Wed Oct 23 06:02:18 UTC 2019
auto.tcl: Setting watchdog for 200 seconds at Wed Oct 23 06:02:18 UTC 2019
0
1
1
1
0
0
0
1
1
1
1
0
0
0
1
1
0
0
0
1
1
0
0
0
1
1
0
0
0
1
1
1
1
1
1
1
0
0
0
0
8 ms. Memory: 48128K Free: 27808K (58%)
ptolemy.util.test.WatchDog.cancel(): canceling Wed Oct 23 06:02:18 UTC 2019
------------------ testing $PTII/ptolemy/domains/de/test/auto/deInCt2.xml
auto.tcl: Setting watchdog for 200 seconds at Wed Oct 23 06:02:18 UTC 2019
0
1
1
1
0
0
1
1
1
0
0
1
1
1
0
0
1
1
1
0
0
1
1
1
0
0
1
1
1
0
0
1
1
1
0
0
1
1
1
0
0
0
13 ms. Memory: 48128K Free: 29348K (61%)
ptolemy.util.test.WatchDog.cancel(): canceling Wed Oct 23 06:02:18 UTC 2019
auto.tcl: Setting watchdog for 200 seconds at Wed Oct 23 06:02:18 UTC 2019
0
1
1
1
0
0
1
1
1
0
0
1
1
1
0
0
1
1
1
0
0
1
1
1
0
0
1
1
1
0
0
1
1
1
0
0
1
1
1
0
0
0
7 ms. Memory: 48128K Free: 27800K (58%)
ptolemy.util.test.WatchDog.cancel(): canceling Wed Oct 23 06:02:18 UTC 2019
------------------ testing $PTII/ptolemy/domains/de/test/auto/dynamicCausalityInterface1.xml
auto.tcl: Setting watchdog for 200 seconds at Wed Oct 23 06:02:18 UTC 2019
2 ms. Memory: 48128K Free: 24733K (51%)
ptolemy.util.test.WatchDog.cancel(): canceling Wed Oct 23 06:02:18 UTC 2019
auto.tcl: Setting watchdog for 200 seconds at Wed Oct 23 06:02:18 UTC 2019
1 ms. Memory: 48128K Free: 24223K (50%)
ptolemy.util.test.WatchDog.cancel(): canceling Wed Oct 23 06:02:18 UTC 2019
------------------ testing $PTII/ptolemy/domains/de/test/auto/fsm_de_test.xml
auto.tcl: Setting watchdog for 200 seconds at Wed Oct 23 06:02:18 UTC 2019
6 ms. Memory: 48128K Free: 24625K (51%)
ptolemy.util.test.WatchDog.cancel(): canceling Wed Oct 23 06:02:18 UTC 2019
auto.tcl: Setting watchdog for 200 seconds at Wed Oct 23 06:02:18 UTC 2019
5 ms. Memory: 48128K Free: 23105K (48%)
ptolemy.util.test.WatchDog.cancel(): canceling Wed Oct 23 06:02:18 UTC 2019
------------------ testing $PTII/ptolemy/domains/de/test/auto/functionDependencyReconstruction.xml
auto.tcl: Setting watchdog for 200 seconds at Wed Oct 23 06:02:18 UTC 2019
2 ms. Memory: 48128K Free: 18991K (39%)
ptolemy.util.test.WatchDog.cancel(): canceling Wed Oct 23 06:02:19 UTC 2019
auto.tcl: Setting watchdog for 200 seconds at Wed Oct 23 06:02:19 UTC 2019
2 ms. Memory: 48128K Free: 16943K (35%)
ptolemy.util.test.WatchDog.cancel(): canceling Wed Oct 23 06:02:19 UTC 2019
------------------ testing $PTII/ptolemy/domains/de/test/auto/multirate.xml
auto.tcl: Setting watchdog for 200 seconds at Wed Oct 23 06:02:19 UTC 2019
5 ms. Memory: 48128K Free: 27562K (57%)
ptolemy.util.test.WatchDog.cancel(): canceling Wed Oct 23 06:02:19 UTC 2019
auto.tcl: Setting watchdog for 200 seconds at Wed Oct 23 06:02:19 UTC 2019
3 ms. Memory: 48128K Free: 26073K (54%)
ptolemy.util.test.WatchDog.cancel(): canceling Wed Oct 23 06:02:19 UTC 2019
------------------ testing $PTII/ptolemy/domains/de/test/auto/multirate2.xml
auto.tcl: Setting watchdog for 200 seconds at Wed Oct 23 06:02:19 UTC 2019
6 ms. Memory: 48128K Free: 27742K (58%)
ptolemy.util.test.WatchDog.cancel(): canceling Wed Oct 23 06:02:19 UTC 2019
auto.tcl: Setting watchdog for 200 seconds at Wed Oct 23 06:02:19 UTC 2019
3 ms. Memory: 48128K Free: 26270K (55%)
ptolemy.util.test.WatchDog.cancel(): canceling Wed Oct 23 06:02:19 UTC 2019
------------------ testing $PTII/ptolemy/domains/de/test/auto/realtime.xml
auto.tcl: Setting watchdog for 200 seconds at Wed Oct 23 06:02:19 UTC 2019
10002 ms. Memory: 48128K Free: 30018K (62%)
ptolemy.util.test.WatchDog.cancel(): canceling Wed Oct 23 06:02:29 UTC 2019
auto.tcl: Setting watchdog for 200 seconds at Wed Oct 23 06:02:29 UTC 2019
10002 ms. Memory: 48128K Free: 29292K (61%)
ptolemy.util.test.WatchDog.cancel(): canceling Wed Oct 23 06:02:39 UTC 2019
------------------ testing $PTII/ptolemy/domains/de/test/auto/relationGroup.xml
auto.tcl: Setting watchdog for 200 seconds at Wed Oct 23 06:02:39 UTC 2019
2 ms. Memory: 48128K Free: 31129K (65%)
ptolemy.util.test.WatchDog.cancel(): canceling Wed Oct 23 06:02:39 UTC 2019
auto.tcl: Setting watchdog for 200 seconds at Wed Oct 23 06:02:39 UTC 2019
1 ms. Memory: 48128K Free: 30374K (63%)
ptolemy.util.test.WatchDog.cancel(): canceling Wed Oct 23 06:02:39 UTC 2019
------------------ testing $PTII/ptolemy/domains/de/test/auto/relationGroup2.xml
auto.tcl: Setting watchdog for 200 seconds at Wed Oct 23 06:02:39 UTC 2019
1 ms. Memory: 48128K Free: 30896K (64%)
ptolemy.util.test.WatchDog.cancel(): canceling Wed Oct 23 06:02:39 UTC 2019
auto.tcl: Setting watchdog for 200 seconds at Wed Oct 23 06:02:39 UTC 2019
1 ms. Memory: 48128K Free: 29896K (62%)
ptolemy.util.test.WatchDog.cancel(): canceling Wed Oct 23 06:02:39 UTC 2019
------------------ testing $PTII/ptolemy/domains/de/test/auto/sortWithOpaquePorts.xml
auto.tcl: Setting watchdog for 200 seconds at Wed Oct 23 06:02:39 UTC 2019
2 ms. Memory: 48128K Free: 29881K (62%)
ptolemy.util.test.WatchDog.cancel(): canceling Wed Oct 23 06:02:39 UTC 2019
auto.tcl: Setting watchdog for 200 seconds at Wed Oct 23 06:02:39 UTC 2019
2 ms. Memory: 48128K Free: 28873K (60%)
ptolemy.util.test.WatchDog.cancel(): canceling Wed Oct 23 06:02:39 UTC 2019
------------------ testing $PTII/ptolemy/domains/de/test/auto/transferInputsandOutputs.xml
auto.tcl: Setting watchdog for 200 seconds at Wed Oct 23 06:02:39 UTC 2019
2 ms. Memory: 48128K Free: 27316K (57%)
ptolemy.util.test.WatchDog.cancel(): canceling Wed Oct 23 06:02:39 UTC 2019
auto.tcl: Setting watchdog for 200 seconds at Wed Oct 23 06:02:39 UTC 2019
3 ms. Memory: 48128K Free: 26295K (55%)
ptolemy.util.test.WatchDog.cancel(): canceling Wed Oct 23 06:02:39 UTC 2019
------------------ testing $PTII/ptolemy/domains/de/test/auto/triggerType.xml
auto.tcl: Setting watchdog for 200 seconds at Wed Oct 23 06:02:39 UTC 2019
1 ms. Memory: 48128K Free: 30340K (63%)
ptolemy.util.test.WatchDog.cancel(): canceling Wed Oct 23 06:02:39 UTC 2019
auto.tcl: Setting watchdog for 200 seconds at Wed Oct 23 06:02:39 UTC 2019
2 ms. Memory: 48128K Free: 29341K (61%)
ptolemy.util.test.WatchDog.cancel(): canceling Wed Oct 23 06:02:39 UTC 2019
10/23/19 06:02:39
Failed: 0  Total Tests: 192  ((Passed: 187, Newly Passed: 1)  Known Failed: 5) /home/travis/build/icyphy/ptII/ptolemy/domains/de/test
10/23/19 06:02:39
Failed: 0  Total Tests: 192  ((Passed: 187, Newly Passed: 1)  Known Failed: 5) /home/travis/build/icyphy/ptII/ptolemy/domains/de/test
----------------- testing (KnownFailure) /home/travis/build/icyphy/ptII/ptolemy/domains/de/test/auto/knownFailedTests/DESDFClockTest.xml
2013 ms. Memory: 48128K Free: 23736K (49%)
Known Failure: java.lang.reflect.InvocationTargetException
----------------- testing (KnownFailure) /home/travis/build/icyphy/ptII/ptolemy/domains/de/test/auto/knownFailedTests/DirectFeedback.xml
1 ms. Memory: 48128K Free: 20154K (42%)
Known Failure: java.lang.reflect.InvocationTargetException
----------------- testing (KnownFailure) /home/travis/build/icyphy/ptII/ptolemy/domains/de/test/auto/knownFailedTests/FSMSource.xml
12 ms. Memory: 48128K Free: 12458K (26%)
----------------- testing (KnownFailure) /home/travis/build/icyphy/ptII/ptolemy/domains/de/test/auto/knownFailedTests/HierarchicalModel.xml
4 ms. Memory: 48128K Free: 22165K (46%)
Known Failure: java.lang.reflect.InvocationTargetException
----------------- testing (KnownFailure) /home/travis/build/icyphy/ptII/ptolemy/domains/de/test/auto/knownFailedTests/dependencyLoop.xml
8 ms. Memory: 48128K Free: 32064K (67%)
Known Failure: java.lang.reflect.InvocationTargetException
----------------- testing (KnownFailure) /home/travis/build/icyphy/ptII/ptolemy/domains/de/test/auto/knownFailedTests/dependencyLoop2.xml
7 ms. Memory: 48128K Free: 16446K (34%)
Known Failure: java.lang.reflect.InvocationTargetException
No auto/linux-amd64/*.xml tests in /home/travis/build/icyphy/ptII/ptolemy/domains/de/test
AutoTests.java: About to close Vertx.
AutoTests.java: Vertx closed.

===========================================================================================
----------------- testing Wed Oct 23 06:02:41 UTC 2019 /home/travis/build/icyphy/ptII/ptolemy/domains/de/test/auto/ActorDepthCalculation_actorWithoutPorts.xml
----------------- Instantiating /home/travis/build/icyphy/ptII/ptolemy/domains/de/test/auto/ActorDepthCalculation_actorWithoutPorts.xml
1 ms. Memory: 48128K Free: 9951K (21%)
----------------- Invoking toplevel() on ptolemy.moml.MoMLSimpleApplication@4ffe5896
----------------- Done invoking toplevel() on ptolemy.moml.MoMLSimpleApplication@4ffe5896
reloadAllAccessors: .ActorDepthCalculation_actorWithoutPorts

===========================================================================================
----------------- testing Wed Oct 23 06:02:41 UTC 2019 /home/travis/build/icyphy/ptII/ptolemy/domains/de/test/auto/AssemblyLine.xml
----------------- Instantiating /home/travis/build/icyphy/ptII/ptolemy/domains/de/test/auto/AssemblyLine.xml
3 ms. Memory: 48128K Free: 28038K (58%)
----------------- Invoking toplevel() on ptolemy.moml.MoMLSimpleApplication@32da2153
----------------- Done invoking toplevel() on ptolemy.moml.MoMLSimpleApplication@32da2153
reloadAllAccessors: .AssemblyLine

===========================================================================================
----------------- testing Wed Oct 23 06:02:41 UTC 2019 /home/travis/build/icyphy/ptII/ptolemy/domains/de/test/auto/CQBug1.xml
----------------- Instantiating /home/travis/build/icyphy/ptII/ptolemy/domains/de/test/auto/CQBug1.xml
1 ms. Memory: 48128K Free: 25092K (52%)
----------------- Invoking toplevel() on ptolemy.moml.MoMLSimpleApplication@2e760fbf
----------------- Done invoking toplevel() on ptolemy.moml.MoMLSimpleApplication@2e760fbf
reloadAllAccessors: .CQBug1

===========================================================================================
----------------- testing Wed Oct 23 06:02:41 UTC 2019 /home/travis/build/icyphy/ptII/ptolemy/domains/de/test/auto/CancelFireAt.xml
----------------- Instantiating /home/travis/build/icyphy/ptII/ptolemy/domains/de/test/auto/CancelFireAt.xml
1 ms. Memory: 48128K Free: 22588K (47%)
----------------- Invoking toplevel() on ptolemy.moml.MoMLSimpleApplication@7a5c0c3
----------------- Done invoking toplevel() on ptolemy.moml.MoMLSimpleApplication@7a5c0c3
reloadAllAccessors: .CancelFireAt

===========================================================================================
----------------- testing Wed Oct 23 06:02:41 UTC 2019 /home/travis/build/icyphy/ptII/ptolemy/domains/de/test/auto/CausalityAndComposabilityAnalysis.xml
----------------- Instantiating /home/travis/build/icyphy/ptII/ptolemy/domains/de/test/auto/CausalityAndComposabilityAnalysis.xml
12 ms. Memory: 48128K Free: 18204K (38%)
----------------- Invoking toplevel() on ptolemy.moml.MoMLSimpleApplication@37ee15d8
----------------- Done invoking toplevel() on ptolemy.moml.MoMLSimpleApplication@37ee15d8
reloadAllAccessors: .CausalityAndComposabilityAnalysis

===========================================================================================
----------------- testing Wed Oct 23 06:02:41 UTC 2019 /home/travis/build/icyphy/ptII/ptolemy/domains/de/test/auto/CausalityInterface1.xml
----------------- Instantiating /home/travis/build/icyphy/ptII/ptolemy/domains/de/test/auto/CausalityInterface1.xml
4 ms. Memory: 48128K Free: 13154K (27%)
----------------- Invoking toplevel() on ptolemy.moml.MoMLSimpleApplication@45c88a7b
----------------- Done invoking toplevel() on ptolemy.moml.MoMLSimpleApplication@45c88a7b
reloadAllAccessors: .CausalityInterface1

===========================================================================================
----------------- testing Wed Oct 23 06:02:41 UTC 2019 /home/travis/build/icyphy/ptII/ptolemy/domains/de/test/auto/CausalityInterface15.xml
----------------- Instantiating /home/travis/build/icyphy/ptII/ptolemy/domains/de/test/auto/CausalityInterface15.xml
7 ms. Memory: 48128K Free: 33453K (70%)
----------------- Invoking toplevel() on ptolemy.moml.MoMLSimpleApplication@4b2730a4
----------------- Done invoking toplevel() on ptolemy.moml.MoMLSimpleApplication@4b2730a4
reloadAllAccessors: .CausalityInterface15

===========================================================================================
----------------- testing Wed Oct 23 06:02:42 UTC 2019 /home/travis/build/icyphy/ptII/ptolemy/domains/de/test/auto/CausalityInterface2.xml
----------------- Instantiating /home/travis/build/icyphy/ptII/ptolemy/domains/de/test/auto/CausalityInterface2.xml
1 ms. Memory: 48128K Free: 28703K (60%)
[...]
	at ptolemy.actor.Manager.run(Manager.java:1263)
	at ptolemy.actor.Manager$PtolemyRunThread.run(Manager.java:1933)
java.lang.RuntimeException: Execution failed
	at ptolemy.moml.MoMLSimpleApplication$UnloadThread.run(MoMLSimpleApplication.java:402)
Caused by: ptolemy.kernel.util.IllegalActionException: Actor is not ready to fire.  Perhaps UpSample.prefire() returned false? Try debugging the actor by selecting "Listen to Actor".  Also, for SDF check moml for tokenConsumptionRate on input.
  in .DESDFClockTest.Play Bell.Copy1:SDF Director and .DESDFClockTest.Play Bell.UpSample
	at ptolemy.actor.sched.StaticSchedulingDirector.fire(StaticSchedulingDirector.java:227)
	at ptolemy.domains.sdf.kernel.SDFDirector.fire(SDFDirector.java:500)
	at ptolemy.actor.CompositeActor.fire(CompositeActor.java:455)
	at ptolemy.domains.de.kernel.DEDirector._fire(DEDirector.java:1949)
	at ptolemy.domains.de.kernel.DEDirector.fire(DEDirector.java:502)
	at ptolemy.actor.CompositeActor.fire(CompositeActor.java:455)
	at ptolemy.actor.Manager.iterate(Manager.java:851)
	at ptolemy.actor.Manager.execute(Manager.java:369)
	at ptolemy.actor.Manager.run(Manager.java:1263)
	at ptolemy.actor.Manager$PtolemyRunThread.run(Manager.java:1933)
java.lang.reflect.InvocationTargetException
	at java.base/jdk.internal.reflect.NativeConstructorAccessorImpl.newInstance0(Native Method)
	at java.base/jdk.internal.reflect.NativeConstructorAccessorImpl.newInstance(NativeConstructorAccessorImpl.java:62)
	at java.base/jdk.internal.reflect.DelegatingConstructorAccessorImpl.newInstance(DelegatingConstructorAccessorImpl.java:45)
	at java.base/java.lang.reflect.Constructor.newInstance(Constructor.java:490)
	at ptolemy.util.test.junit.AutoKnownFailedTests.RunModel(AutoKnownFailedTests.java:105)
	at java.base/jdk.internal.reflect.NativeMethodAccessorImpl.invoke0(Native Method)
	at java.base/jdk.internal.reflect.NativeMethodAccessorImpl.invoke(NativeMethodAccessorImpl.java:62)
	at java.base/jdk.internal.reflect.DelegatingMethodAccessorImpl.invoke(DelegatingMethodAccessorImpl.java:43)
	at java.base/java.lang.reflect.Method.invoke(Method.java:566)
	at org.junit.runners.model.FrameworkMethod$1.runReflectiveCall(FrameworkMethod.java:44)
	at org.junit.internal.runners.model.ReflectiveCallable.run(ReflectiveCallable.java:15)
	at org.junit.runners.model.FrameworkMethod.invokeExplosively(FrameworkMethod.java:41)
	at junitparams.internal.InvokeParameterisedMethod.evaluate(InvokeParameterisedMethod.java:102)
	at org.junit.internal.runners.statements.FailOnTimeout$1.run(FailOnTimeout.java:28)
Caused by: ptolemy.kernel.util.IllegalActionException: Actor is not ready to fire.  Perhaps UpSample.prefire() returned false? Try debugging the actor by selecting "Listen to Actor".  Also, for SDF check moml for tokenConsumptionRate on input.
  in .DESDFClockTest.Play Bell.Copy1:SDF Director and .DESDFClockTest.Play Bell.UpSample
	at ptolemy.actor.sched.StaticSchedulingDirector.fire(StaticSchedulingDirector.java:227)
	at ptolemy.domains.sdf.kernel.SDFDirector.fire(SDFDirector.java:500)
	at ptolemy.actor.CompositeActor.fire(CompositeActor.java:455)
	at ptolemy.domains.de.kernel.DEDirector._fire(DEDirector.java:1949)
	at ptolemy.domains.de.kernel.DEDirector.fire(DEDirector.java:502)
	at ptolemy.actor.CompositeActor.fire(CompositeActor.java:455)
	at ptolemy.actor.Manager.iterate(Manager.java:851)
	at ptolemy.actor.Manager.execute(Manager.java:369)
	at ptolemy.actor.Manager.run(Manager.java:1263)
	at ptolemy.actor.Manager$PtolemyRunThread.run(Manager.java:1933)
java.lang.RuntimeException: Execution failed
	at ptolemy.moml.MoMLSimpleApplication$UnloadThread.run(MoMLSimpleApplication.java:402)
Caused by: ptolemy.kernel.util.IllegalActionException: Test fails in iteration 1.
Value was: 1.0. Should have been: 2.0
  in .DirectFeedback.Test
	at ptolemy.actor.lib.Test.fire(Test.java:268)
	at ptolemy.domains.de.kernel.DEDirector._fire(DEDirector.java:1949)
	at ptolemy.domains.de.kernel.DEDirector.fire(DEDirector.java:502)
	at ptolemy.actor.CompositeActor.fire(CompositeActor.java:455)
	at ptolemy.actor.Manager.iterate(Manager.java:851)
	at ptolemy.actor.Manager.execute(Manager.java:369)
	at ptolemy.actor.Manager.run(Manager.java:1263)
	at ptolemy.actor.Manager$PtolemyRunThread.run(Manager.java:1933)
java.lang.reflect.InvocationTargetException
	at java.base/jdk.internal.reflect.NativeConstructorAccessorImpl.newInstance0(Native Method)
	at java.base/jdk.internal.reflect.NativeConstructorAccessorImpl.newInstance(NativeConstructorAccessorImpl.java:62)
	at java.base/jdk.internal.reflect.DelegatingConstructorAccessorImpl.newInstance(DelegatingConstructorAccessorImpl.java:45)
	at java.base/java.lang.reflect.Constructor.newInstance(Constructor.java:490)
	at ptolemy.util.test.junit.AutoKnownFailedTests.RunModel(AutoKnownFailedTests.java:105)
	at java.base/jdk.internal.reflect.NativeMethodAccessorImpl.invoke0(Native Method)
	at java.base/jdk.internal.reflect.NativeMethodAccessorImpl.invoke(NativeMethodAccessorImpl.java:62)
	at java.base/jdk.internal.reflect.DelegatingMethodAccessorImpl.invoke(DelegatingMethodAccessorImpl.java:43)
	at java.base/java.lang.reflect.Method.invoke(Method.java:566)
	at org.junit.runners.model.FrameworkMethod$1.runReflectiveCall(FrameworkMethod.java:44)
	at org.junit.internal.runners.model.ReflectiveCallable.run(ReflectiveCallable.java:15)
	at org.junit.runners.model.FrameworkMethod.invokeExplosively(FrameworkMethod.java:41)
	at junitparams.internal.InvokeParameterisedMethod.evaluate(InvokeParameterisedMethod.java:102)
	at org.junit.internal.runners.statements.FailOnTimeout$1.run(FailOnTimeout.java:28)
Caused by: ptolemy.kernel.util.IllegalActionException: Test fails in iteration 1.
Value was: 1.0. Should have been: 2.0
  in .DirectFeedback.Test
	at ptolemy.actor.lib.Test.fire(Test.java:268)
	at ptolemy.domains.de.kernel.DEDirector._fire(DEDirector.java:1949)
	at ptolemy.domains.de.kernel.DEDirector.fire(DEDirector.java:502)
	at ptolemy.actor.CompositeActor.fire(CompositeActor.java:455)
	at ptolemy.actor.Manager.iterate(Manager.java:851)
	at ptolemy.actor.Manager.execute(Manager.java:369)
	at ptolemy.actor.Manager.run(Manager.java:1263)
	at ptolemy.actor.Manager$PtolemyRunThread.run(Manager.java:1933)
java.lang.RuntimeException: Execution failed
	at ptolemy.moml.MoMLSimpleApplication$UnloadThread.run(MoMLSimpleApplication.java:402)
Caused by: ptolemy.kernel.util.IllegalActionException: Found a zero delay loop containing .HierarchicalModel.A
  in .HierarchicalModel and .HierarchicalModel.A
	at ptolemy.actor.util.CausalityInterfaceForComposites._computeOutputPortDepth(CausalityInterfaceForComposites.java:759)
	at ptolemy.actor.util.CausalityInterfaceForComposites._computeInputDepth(CausalityInterfaceForComposites.java:696)
	at ptolemy.actor.util.CausalityInterfaceForComposites._computeOutputPortDepth(CausalityInterfaceForComposites.java:765)
	at ptolemy.actor.util.CausalityInterfaceForComposites._computeInputDepth(CausalityInterfaceForComposites.java:696)
	at ptolemy.actor.util.CausalityInterfaceForComposites._computeOutputPortDepth(CausalityInterfaceForComposites.java:765)
	at ptolemy.actor.util.CausalityInterfaceForComposites._computeInputDepth(CausalityInterfaceForComposites.java:696)
	at ptolemy.actor.util.CausalityInterfaceForComposites._computeActorDepth(CausalityInterfaceForComposites.java:532)
	at ptolemy.actor.util.CausalityInterfaceForComposites.checkForCycles(CausalityInterfaceForComposites.java:96)
	at ptolemy.domains.de.kernel.DEDirector.preinitialize(DEDirector.java:1338)
	at ptolemy.actor.CompositeActor.preinitialize(CompositeActor.java:1828)
	at ptolemy.actor.Manager.preinitializeAndResolveTypes(Manager.java:1040)
	at ptolemy.actor.Manager.initialize(Manager.java:710)
	at ptolemy.actor.Manager.execute(Manager.java:356)
	at ptolemy.actor.Manager.run(Manager.java:1263)
	at ptolemy.actor.Manager$PtolemyRunThread.run(Manager.java:1933)
java.lang.reflect.InvocationTargetException
	at java.base/jdk.internal.reflect.NativeConstructorAccessorImpl.newInstance0(Native Method)
	at java.base/jdk.internal.reflect.NativeConstructorAccessorImpl.newInstance(NativeConstructorAccessorImpl.java:62)
	at java.base/jdk.internal.reflect.DelegatingConstructorAccessorImpl.newInstance(DelegatingConstructorAccessorImpl.java:45)
	at java.base/java.lang.reflect.Constructor.newInstance(Constructor.java:490)
	at ptolemy.util.test.junit.AutoKnownFailedTests.RunModel(AutoKnownFailedTests.java:105)
	at java.base/jdk.internal.reflect.NativeMethodAccessorImpl.invoke0(Native Method)
	at java.base/jdk.internal.reflect.NativeMethodAccessorImpl.invoke(NativeMethodAccessorImpl.java:62)
	at java.base/jdk.internal.reflect.DelegatingMethodAccessorImpl.invoke(DelegatingMethodAccessorImpl.java:43)
	at java.base/java.lang.reflect.Method.invoke(Method.java:566)
	at org.junit.runners.model.FrameworkMethod$1.runReflectiveCall(FrameworkMethod.java:44)
	at org.junit.internal.runners.model.ReflectiveCallable.run(ReflectiveCallable.java:15)
	at org.junit.runners.model.FrameworkMethod.invokeExplosively(FrameworkMethod.java:41)
	at junitparams.internal.InvokeParameterisedMethod.evaluate(InvokeParameterisedMethod.java:102)
	at org.junit.internal.runners.statements.FailOnTimeout$1.run(FailOnTimeout.java:28)
Caused by: ptolemy.kernel.util.IllegalActionException: Found a zero delay loop containing .HierarchicalModel.A
  in .HierarchicalModel and .HierarchicalModel.A
	at ptolemy.actor.util.CausalityInterfaceForComposites._computeOutputPortDepth(CausalityInterfaceForComposites.java:759)
	at ptolemy.actor.util.CausalityInterfaceForComposites._computeInputDepth(CausalityInterfaceForComposites.java:696)
	at ptolemy.actor.util.CausalityInterfaceForComposites._computeOutputPortDepth(CausalityInterfaceForComposites.java:765)
	at ptolemy.actor.util.CausalityInterfaceForComposites._computeInputDepth(CausalityInterfaceForComposites.java:696)
	at ptolemy.actor.util.CausalityInterfaceForComposites._computeOutputPortDepth(CausalityInterfaceForComposites.java:765)
	at ptolemy.actor.util.CausalityInterfaceForComposites._computeInputDepth(CausalityInterfaceForComposites.java:696)
	at ptolemy.actor.util.CausalityInterfaceForComposites._computeActorDepth(CausalityInterfaceForComposites.java:532)
	at ptolemy.actor.util.CausalityInterfaceForComposites.checkForCycles(CausalityInterfaceForComposites.java:96)
	at ptolemy.domains.de.kernel.DEDirector.preinitialize(DEDirector.java:1338)
	at ptolemy.actor.CompositeActor.preinitialize(CompositeActor.java:1828)
	at ptolemy.actor.Manager.preinitializeAndResolveTypes(Manager.java:1040)
	at ptolemy.actor.Manager.initialize(Manager.java:710)
	at ptolemy.actor.Manager.execute(Manager.java:356)
	at ptolemy.actor.Manager.run(Manager.java:1263)
	at ptolemy.actor.Manager$PtolemyRunThread.run(Manager.java:1933)
java.lang.RuntimeException: Execution failed
	at ptolemy.moml.MoMLSimpleApplication$UnloadThread.run(MoMLSimpleApplication.java:402)
Caused by: ptolemy.kernel.util.IllegalActionException: Found a zero delay loop containing .dependencyLoop.original
  in .dependencyLoop and .dependencyLoop.original
	at ptolemy.actor.util.CausalityInterfaceForComposites._computeOutputPortDepth(CausalityInterfaceForComposites.java:759)
	at ptolemy.actor.util.CausalityInterfaceForComposites._computeInputDepth(CausalityInterfaceForComposites.java:696)
	at ptolemy.actor.util.CausalityInterfaceForComposites._computeOutputPortDepth(CausalityInterfaceForComposites.java:765)
	at ptolemy.actor.util.CausalityInterfaceForComposites._computeInputDepth(CausalityInterfaceForComposites.java:696)
	at ptolemy.actor.util.CausalityInterfaceForComposites._computeOutputPortDepth(CausalityInterfaceForComposites.java:765)
	at ptolemy.actor.util.CausalityInterfaceForComposites._computeInputDepth(CausalityInterfaceForComposites.java:696)
	at ptolemy.actor.util.CausalityInterfaceForComposites._computeActorDepth(CausalityInterfaceForComposites.java:532)
	at ptolemy.actor.util.CausalityInterfaceForComposites.checkForCycles(CausalityInterfaceForComposites.java:96)
	at ptolemy.domains.de.kernel.DEDirector.preinitialize(DEDirector.java:1338)
	at ptolemy.actor.CompositeActor.preinitialize(CompositeActor.java:1828)
	at ptolemy.actor.Manager.preinitializeAndResolveTypes(Manager.java:1040)
	at ptolemy.actor.Manager.initialize(Manager.java:710)
	at ptolemy.actor.Manager.execute(Manager.java:356)
	at ptolemy.actor.Manager.run(Manager.java:1263)
	at ptolemy.actor.Manager$PtolemyRunThread.run(Manager.java:1933)
java.lang.reflect.InvocationTargetException
	at java.base/jdk.internal.reflect.NativeConstructorAccessorImpl.newInstance0(Native Method)
	at java.base/jdk.internal.reflect.NativeConstructorAccessorImpl.newInstance(NativeConstructorAccessorImpl.java:62)
	at java.base/jdk.internal.reflect.DelegatingConstructorAccessorImpl.newInstance(DelegatingConstructorAccessorImpl.java:45)
	at java.base/java.lang.reflect.Constructor.newInstance(Constructor.java:490)
	at ptolemy.util.test.junit.AutoKnownFailedTests.RunModel(AutoKnownFailedTests.java:105)
	at java.base/jdk.internal.reflect.NativeMethodAccessorImpl.invoke0(Native Method)
	at java.base/jdk.internal.reflect.NativeMethodAccessorImpl.invoke(NativeMethodAccessorImpl.java:62)
	at java.base/jdk.internal.reflect.DelegatingMethodAccessorImpl.invoke(DelegatingMethodAccessorImpl.java:43)
	at java.base/java.lang.reflect.Method.invoke(Method.java:566)
	at org.junit.runners.model.FrameworkMethod$1.runReflectiveCall(FrameworkMethod.java:44)
	at org.junit.internal.runners.model.ReflectiveCallable.run(ReflectiveCallable.java:15)
	at org.junit.runners.model.FrameworkMethod.invokeExplosively(FrameworkMethod.java:41)
	at junitparams.internal.InvokeParameterisedMethod.evaluate(InvokeParameterisedMethod.java:102)
	at org.junit.internal.runners.statements.FailOnTimeout$1.run(FailOnTimeout.java:28)
Caused by: ptolemy.kernel.util.IllegalActionException: Found a zero delay loop containing .dependencyLoop.original
  in .dependencyLoop and .dependencyLoop.original
	at ptolemy.actor.util.CausalityInterfaceForComposites._computeOutputPortDepth(CausalityInterfaceForComposites.java:759)
	at ptolemy.actor.util.CausalityInterfaceForComposites._computeInputDepth(CausalityInterfaceForComposites.java:696)
	at ptolemy.actor.util.CausalityInterfaceForComposites._computeOutputPortDepth(CausalityInterfaceForComposites.java:765)
	at ptolemy.actor.util.CausalityInterfaceForComposites._computeInputDepth(CausalityInterfaceForComposites.java:696)
	at ptolemy.actor.util.CausalityInterfaceForComposites._computeOutputPortDepth(CausalityInterfaceForComposites.java:765)
	at ptolemy.actor.util.CausalityInterfaceForComposites._computeInputDepth(CausalityInterfaceForComposites.java:696)
	at ptolemy.actor.util.CausalityInterfaceForComposites._computeActorDepth(CausalityInterfaceForComposites.java:532)
	at ptolemy.actor.util.CausalityInterfaceForComposites.checkForCycles(CausalityInterfaceForComposites.java:96)
	at ptolemy.domains.de.kernel.DEDirector.preinitialize(DEDirector.java:1338)
	at ptolemy.actor.CompositeActor.preinitialize(CompositeActor.java:1828)
	at ptolemy.actor.Manager.preinitializeAndResolveTypes(Manager.java:1040)
	at ptolemy.actor.Manager.initialize(Manager.java:710)
	at ptolemy.actor.Manager.execute(Manager.java:356)
	at ptolemy.actor.Manager.run(Manager.java:1263)
	at ptolemy.actor.Manager$PtolemyRunThread.run(Manager.java:1933)
java.lang.RuntimeException: Execution failed
	at ptolemy.moml.MoMLSimpleApplication$UnloadThread.run(MoMLSimpleApplication.java:402)
Caused by: ptolemy.kernel.util.IllegalActionException: Found a zero delay loop containing .dependencyLoop2.original
  in .dependencyLoop2 and .dependencyLoop2.original
	at ptolemy.actor.util.CausalityInterfaceForComposites._computeOutputPortDepth(CausalityInterfaceForComposites.java:759)
	at ptolemy.actor.util.CausalityInterfaceForComposites._computeInputDepth(CausalityInterfaceForComposites.java:696)
	at ptolemy.actor.util.CausalityInterfaceForComposites._computeOutputPortDepth(CausalityInterfaceForComposites.java:765)
	at ptolemy.actor.util.CausalityInterfaceForComposites._computeInputDepth(CausalityInterfaceForComposites.java:696)
	at ptolemy.actor.util.CausalityInterfaceForComposites._computeOutputPortDepth(CausalityInterfaceForComposites.java:765)
	at ptolemy.actor.util.CausalityInterfaceForComposites._computeInputDepth(CausalityInterfaceForComposites.java:696)
	at ptolemy.actor.util.CausalityInterfaceForComposites._computeActorDepth(CausalityInterfaceForComposites.java:532)
	at ptolemy.actor.util.CausalityInterfaceForComposites.checkForCycles(CausalityInterfaceForComposites.java:96)
	at ptolemy.domains.de.kernel.DEDirector.preinitialize(DEDirector.java:1338)
	at ptolemy.actor.CompositeActor.preinitialize(CompositeActor.java:1828)
	at ptolemy.actor.Manager.preinitializeAndResolveTypes(Manager.java:1040)
	at ptolemy.actor.Manager.initialize(Manager.java:710)
	at ptolemy.actor.Manager.execute(Manager.java:356)
	at ptolemy.actor.Manager.run(Manager.java:1263)
	at ptolemy.actor.Manager$PtolemyRunThread.run(Manager.java:1933)
java.lang.reflect.InvocationTargetException
	at java.base/jdk.internal.reflect.NativeConstructorAccessorImpl.newInstance0(Native Method)
	at java.base/jdk.internal.reflect.NativeConstructorAccessorImpl.newInstance(NativeConstructorAccessorImpl.java:62)
	at java.base/jdk.internal.reflect.DelegatingConstructorAccessorImpl.newInstance(DelegatingConstructorAccessorImpl.java:45)
	at java.base/java.lang.reflect.Constructor.newInstance(Constructor.java:490)
	at ptolemy.util.test.junit.AutoKnownFailedTests.RunModel(AutoKnownFailedTests.java:105)
	at java.base/jdk.internal.reflect.NativeMethodAccessorImpl.invoke0(Native Method)
	at java.base/jdk.internal.reflect.NativeMethodAccessorImpl.invoke(NativeMethodAccessorImpl.java:62)
	at java.base/jdk.internal.reflect.DelegatingMethodAccessorImpl.invoke(DelegatingMethodAccessorImpl.java:43)
	at java.base/java.lang.reflect.Method.invoke(Method.java:566)
	at org.junit.runners.model.FrameworkMethod$1.runReflectiveCall(FrameworkMethod.java:44)
	at org.junit.internal.runners.model.ReflectiveCallable.run(ReflectiveCallable.java:15)
	at org.junit.runners.model.FrameworkMethod.invokeExplosively(FrameworkMethod.java:41)
	at junitparams.internal.InvokeParameterisedMethod.evaluate(InvokeParameterisedMethod.java:102)
	at org.junit.internal.runners.statements.FailOnTimeout$1.run(FailOnTimeout.java:28)
Caused by: ptolemy.kernel.util.IllegalActionException: Found a zero delay loop containing .dependencyLoop2.original
  in .dependencyLoop2 and .dependencyLoop2.original
	at ptolemy.actor.util.CausalityInterfaceForComposites._computeOutputPortDepth(CausalityInterfaceForComposites.java:759)
	at ptolemy.actor.util.CausalityInterfaceForComposites._computeInputDepth(CausalityInterfaceForComposites.java:696)
	at ptolemy.actor.util.CausalityInterfaceForComposites._computeOutputPortDepth(CausalityInterfaceForComposites.java:765)
	at ptolemy.actor.util.CausalityInterfaceForComposites._computeInputDepth(CausalityInterfaceForComposites.java:696)
	at ptolemy.actor.util.CausalityInterfaceForComposites._computeOutputPortDepth(CausalityInterfaceForComposites.java:765)
	at ptolemy.actor.util.CausalityInterfaceForComposites._computeInputDepth(CausalityInterfaceForComposites.java:696)
	at ptolemy.actor.util.CausalityInterfaceForComposites._computeActorDepth(CausalityInterfaceForComposites.java:532)
	at ptolemy.actor.util.CausalityInterfaceForComposites.checkForCycles(CausalityInterfaceForComposites.java:96)
	at ptolemy.domains.de.kernel.DEDirector.preinitialize(DEDirector.java:1338)
	at ptolemy.actor.CompositeActor.preinitialize(CompositeActor.java:1828)
	at ptolemy.actor.Manager.preinitializeAndResolveTypes(Manager.java:1040)
	at ptolemy.actor.Manager.initialize(Manager.java:710)
	at ptolemy.actor.Manager.execute(Manager.java:356)
	at ptolemy.actor.Manager.run(Manager.java:1263)
	at ptolemy.actor.Manager$PtolemyRunThread.run(Manager.java:1933)
]]></system-err>
</testsuite>
