<?xml version="1.0" encoding="UTF-8" ?>
<testsuite errors="0" failures="0" hostname="travis-job-10944930-6009-469f-bb8a-b49e8162a618" name="ptolemy.cg.kernel.generic.accessor.test.junit.JUnitTclTest" skipped="0" tests="9" time="115.535" timestamp="2019-05-18T04:21:08">
  <properties>
[...]
</properties>
  <testcase classname="ptolemy.util.test.junit.TclTests" name="[0] /home/travis/build/icyphy/ptII/ptolemy/cg/kernel/generic/accessor/test/AccessorSSHCodeGenerator.tcl (RunTclFile)" time="41.232" />
  <testcase classname="ptolemy.util.test.junit.AutoKnownFailedTests" name="[0] ThereAreNoKnowFailedTests (RunModel)" time="0.001" />
  <testcase classname="ptolemy.util.test.junit.AutoNameArchTests" name="[0] ThereAreNoAutoArchTests (RunModel)" time="0.012" />
  <testcase classname="ptolemy.util.test.junit.AutoTests" name="[0] /home/travis/build/icyphy/ptII/ptolemy/cg/kernel/generic/accessor/test/auto/AccessorStatusTest.xml (RunModel)" time="25.36" />
  <testcase classname="ptolemy.util.test.junit.AutoTests" name="[1] /home/travis/build/icyphy/ptII/ptolemy/cg/kernel/generic/accessor/test/auto/RampJSDisplay.xml (RunModel)" time="10.78" />
  <testcase classname="ptolemy.util.test.junit.AutoTests" name="[2] /home/travis/build/icyphy/ptII/ptolemy/cg/kernel/generic/accessor/test/auto/RampJSInspect.xml (RunModel)" time="12.124" />
  <testcase classname="ptolemy.util.test.junit.AutoTests" name="[3] /home/travis/build/icyphy/ptII/ptolemy/cg/kernel/generic/accessor/test/auto/RampJSTest.xml (RunModel)" time="9.816" />
  <testcase classname="ptolemy.util.test.junit.AutoTests" name="[4] /home/travis/build/icyphy/ptII/ptolemy/cg/kernel/generic/accessor/test/auto/RampJSTextDisplay.xml (RunModel)" time="12.88" />
  <testcase classname="ptolemy.util.test.junit.AutoTests" name="[5] /home/travis/build/icyphy/ptII/ptolemy/cg/kernel/generic/accessor/test/auto/TestComposite.xml (RunModel)" time="3.024" />
  <system-out><![CDATA[/home/travis/build/icyphy/ptII/ptolemy/cg/kernel/generic/accessor/test/AccessorSSHCodeGenerator.tcl
testDefs.tcl: setting time out to 9000 seconds at Sat May 18 04:21:08 UTC 2019
JSAccessor: found node
RunnableCodeGenerator: run command: (cd /home/travis/build/icyphy/ptII/org/terraswarm/accessor/accessors/web/cg; /home/travis/build/icyphy/ptII/ptolemy/cg/kernel/generic/accessor/accessorInvokeSSH localhost /home/travis/build/icyphy/ptII/org/terraswarm/accessor/accessors/web/cg/top.js   npmInstall  )
In "/home/travis/build/icyphy/ptII/org/terraswarm/accessor/accessors/web/cg", about to execute:
    /home/travis/build/icyphy/ptII/ptolemy/cg/kernel/generic/accessor/accessorInvok
eSSH localhost
/home/travis/build/icyphy/ptII/org/terraswarm/accessor/accessors/web/cg/top.js
npmInstall
/home/travis/build/icyphy/ptII/ptolemy/cg/kernel/generic/accessor/accessorInvokeSSH: Note that the timeout defaults to 15000
### accessorInvokeSSH: Creating cg/node_modules and cg/top on localhost
### accessorInvokeSSH: Running npm install @terraswarm/accessors pm2 
### accessorInvokeSSH:   Ignore messages like: 'npm WARN enoent ENOENT: no such file or directory, open cg/top/package.json'
/home/travis/.rvm/gems/ruby-2.4.1/bin:/home/travis/.rvm/gems/ruby-2.4.1@global/bin:/home/travis/.rvm/rubies/ruby-2.4.1/bin:/home/travis/.rvm/bin:/home/travis/.nvm/versions/node/v7.10.1/bin:./node_modules/.bin:/home/travis/build/icyphy/ptII/bin:/home/travis/pthla/certi-tools/bin:/home/travis/bin:/home/travis/.local/bin:/opt/pyenv/shims:/home/travis/.phpenv/shims:/home/travis/perl5/perlbrew/bin:/home/travis/.kiex/elixirs/elixir-1.4.5/bin:/home/travis/.kiex/bin:/home/travis/gopath/bin:/home/travis/.gimme/versions/go1.7.4.linux.amd64/bin:/usr/local/phantomjs/bin:/usr/local/phantomjs:/usr/local/neo4j-3.2.7/bin:/usr/local/maven-3.5.2/bin:/usr/local/cmake-3.9.2/bin:/usr/local/clang-5.0.0/bin:/usr/local/sbin:/usr/local/bin:/usr/sbin:/usr/bin:/sbin:/bin:/home/travis/.phpenv/bin:/opt/pyenv/bin:/home/travis/.yarn/bin
/usr/local/bin/npm
/home/travis/cg
├─┬ @terraswarm/accessors@0.0.25 
│ ├── @accessors-hosts/common@0.1.0 
│ ├── @accessors-modules/local-storage@0.1.1 
│ ├─┬ express@4.17.0 
│ │ ├─┬ accepts@1.3.7 
│ │ │ ├─┬ mime-types@2.1.24 
│ │ │ │ └── mime-db@1.40.0 
│ │ │ └── negotiator@0.6.2 
│ │ ├── array-flatten@1.1.1 
│ │ ├─┬ body-parser@1.19.0 
│ │ │ ├── bytes@3.1.0 
│ │ │ ├─┬ http-errors@1.7.2 
│ │ │ │ └── toidentifier@1.0.0 
│ │ │ └── raw-body@2.4.0 
│ │ ├── content-disposition@0.5.3 
│ │ ├── content-type@1.0.4 
│ │ ├── cookie@0.4.0 
│ │ ├── cookie-signature@1.0.6 
│ │ ├── depd@1.1.2 
│ │ ├── encodeurl@1.0.2 
│ │ ├── escape-html@1.0.3 
│ │ ├── etag@1.8.1 
│ │ ├─┬ finalhandler@1.1.2 
│ │ │ └── unpipe@1.0.0 
│ │ ├── fresh@0.5.2 
│ │ ├── merge-descriptors@1.0.1 
│ │ ├── methods@1.1.2 
│ │ ├─┬ on-finished@2.3.0 
│ │ │ └── ee-first@1.1.1 
│ │ ├── parseurl@1.3.3 
│ │ ├── path-to-regexp@0.1.7 
│ │ ├─┬ proxy-addr@2.0.5 
│ │ │ ├── forwarded@0.1.2 
│ │ │ └── ipaddr.js@1.9.0 
│ │ ├── qs@6.7.0 
│ │ ├── range-parser@1.2.1 
│ │ ├─┬ send@0.17.1 
│ │ │ ├── destroy@1.0.4 
│ │ │ ├── mime@1.6.0 
│ │ │ └── ms@2.1.1 
│ │ ├── serve-static@1.14.1 
│ │ ├── setprototypeof@1.1.1 
│ │ ├── statuses@1.5.0 
│ │ ├─┬ type-is@1.6.18 
│ │ │ └── media-typer@0.3.0 
│ │ ├── utils-merge@1.0.1 
│ │ └── vary@1.1.2 
│ ├─┬ helmet@3.18.0 
│ │ ├── depd@2.0.0 
│ │ ├── dns-prefetch-control@0.1.0 
│ │ ├── dont-sniff-mimetype@1.0.0 
│ │ ├── expect-ct@0.2.0 
│ │ ├── feature-policy@0.3.0 
│ │ ├── frameguard@3.1.0 
│ │ ├── helmet-crossdomain@0.3.0 
│ │ ├─┬ helmet-csp@2.7.1 
│ │ │ ├── camelize@1.0.0 
│ │ │ ├── content-security-policy-builder@2.0.0 
│ │ │ ├── dasherize@2.0.0 
│ │ │ └── platform@1.3.5 
│ │ ├── hide-powered-by@1.0.0 
│ │ ├── hpkp@2.0.0 
│ │ ├─┬ hsts@2.2.0 
│ │ │ └── depd@2.0.0 
│ │ ├── ienoopen@1.1.0 
│ │ ├── nocache@2.1.0 
│ │ ├── referrer-policy@1.2.0 
│ │ └── x-xss-protection@1.1.0 
│ ├─┬ node-localstorage@1.3.1 
│ │ └─┬ write-file-atomic@1.3.4 
│ │   ├── imurmurhash@0.1.4 
│ │   └── slide@1.1.6 
│ └─┬ portscanner@2.2.0 
│   └─┬ is-number-like@1.0.8 
│     └── lodash.isfinite@3.3.2 
└─┬ pm2@3.5.0 
  ├─┬ @pm2/agent@0.5.25 
  │ ├─┬ nssocket@0.6.0 
  │ │ ├── eventemitter2@0.4.14 
  │ │ └── lazy@1.0.11 
  │ ├─┬ proxy-agent@3.1.0 
  │ │ ├─┬ agent-base@4.2.1 
  │ │ │ └─┬ es6-promisify@5.0.0 
  │ │ │   └── es6-promise@4.2.6 
  │ │ ├─┬ debug@3.2.6 
  │ │ │ └── ms@2.1.1 
  │ │ ├─┬ http-proxy-agent@2.1.0 
  │ │ │ └── debug@3.1.0 
  │ │ ├─┬ https-proxy-agent@2.2.1 
  │ │ │ └─┬ debug@3.2.6 
  │ │ │   └── ms@2.1.1 
  │ │ ├─┬ lru-cache@4.1.5 
  │ │ │ ├── pseudomap@1.0.2 
  │ │ │ └── yallist@2.1.2 
  │ │ ├─┬ pac-proxy-agent@3.0.0 
  │ │ │ ├─┬ debug@3.2.6 
  │ │ │ │ └── ms@2.1.1 
  │ │ │ ├─┬ get-uri@2.0.3 
  │ │ │ │ ├─┬ data-uri-to-buffer@2.0.1 
  │ │ │ │ │ └── @types/node@8.10.48 
  │ │ │ │ ├─┬ debug@4.1.1 
  │ │ │ │ │ └── ms@2.1.1 
  │ │ │ │ ├── extend@3.0.2 
  │ │ │ │ ├── file-uri-to-path@1.0.0 
  │ │ │ │ ├─┬ ftp@0.3.10 
  │ │ │ │ │ ├─┬ readable-stream@1.1.14 
  │ │ │ │ │ │ ├── isarray@0.0.1 
  │ │ │ │ │ │ └── string_decoder@0.10.31 
  │ │ │ │ │ └── xregexp@2.0.0 
  │ │ │ │ └─┬ readable-stream@3.3.0 
  │ │ │ │   └── string_decoder@1.2.0 
  │ │ │ └─┬ pac-resolver@3.0.0 
  │ │ │   ├── co@4.6.0 
  │ │ │   ├─┬ degenerator@1.0.4 
  │ │ │   │ ├── ast-types@0.13.1 
  │ │ │   │ ├─┬ escodegen@1.11.1 
  │ │ │   │ │ ├── estraverse@4.2.0 
  │ │ │   │ │ ├── esutils@2.0.2 
  │ │ │   │ │ └─┬ optionator@0.8.2 
  │ │ │   │ │   ├── deep-is@0.1.3 
  │ │ │   │ │   ├── fast-levenshtein@2.0.6 
  │ │ │   │ │   ├── levn@0.3.0 
  │ │ │   │ │   ├── prelude-ls@1.1.2 
  │ │ │   │ │   ├── type-check@0.3.2 
  │ │ │   │ │   └── wordwrap@1.0.0 
  │ │ │   │ └── esprima@3.1.3 
  │ │ │   ├── ip@1.1.5 
  │ │ │   ├── netmask@1.0.6 
  │ │ │   └── thunkify@2.1.2 
  │ │ ├── proxy-from-env@1.0.0 
  │ │ └─┬ socks-proxy-agent@4.0.2 
  │ │   └─┬ socks@2.3.2 
  │ │     └── smart-buffer@4.0.2 
  │ └─┬ ws@5.2.2 
  │   └── async-limiter@1.0.0 
  ├─┬ @pm2/io@4.2.0 
  │ ├─┬ @opencensus/core@0.0.9 
  │ │ ├─┬ continuation-local-storage@3.2.1 
  │ │ │ ├── async-listener@0.6.10 
  │ │ │ └── emitter-listener@1.1.2 
  │ │ ├── log-driver@1.2.7 
  │ │ └── uuid@3.3.2 
  │ ├─┬ @opencensus/propagation-b3@0.0.8 
  │ │ └── @opencensus/core@0.0.8 
  │ ├─┬ @pm2/agent-node@1.1.9 
  │ │ ├─┬ debug@3.2.6 
  │ │ │ └── ms@2.1.1 
  │ │ └── ws@6.2.1 
  │ ├─┬ debug@3.1.0 
  │ │ └── ms@2.0.0 
  │ ├── event-loop-inspector@1.2.2 
  │ ├─┬ require-in-the-middle@3.0.0 
  │ │ ├── module-details-from-path@1.0.3 
  │ │ └─┬ resolve@1.11.0 
  │ │   └── path-parse@1.0.6 
  │ ├── semver@5.5.0 
  │ ├── shimmer@1.2.1 
  │ ├── signal-exit@3.0.2 
npm WARN optional SKIPPING OPTIONAL DEPENDENCY: fsevents@^1.2.7 (node_modules/chokidar/node_modules/fsevents):
npm WARN notsup SKIPPING OPTIONAL DEPENDENCY: Unsupported platform for fsevents@1.2.9: wanted {"os":"darwin","arch":"any"} (current: {"os":"linux","arch":"x64"})
npm WARN enoent ENOENT: no such file or directory, open '/home/travis/cg/package.json'
npm WARN cg No description
npm WARN cg No repository field.
npm WARN cg No README data
npm WARN cg No license field.
  │ └── tslib@1.9.3 
  ├─┬ @pm2/js-api@0.5.57 
  │ ├─┬ axios@0.16.2 
  │ │ ├─┬ follow-redirects@1.7.0 
  │ │ │ └─┬ debug@3.2.6 
  │ │ │   └── ms@2.1.1 
  │ │ └── is-buffer@1.1.6 
  │ ├── debug@2.6.9 
  │ ├── eventemitter2@4.1.2 
  │ └─┬ ws@3.3.3 
  │   └── ultron@1.1.1 
  ├─┬ async@2.6.2 
  │ └── lodash@4.17.11 
  ├── blessed@0.1.81 
  ├─┬ chalk@2.4.2 
  │ ├─┬ ansi-styles@3.2.1 
  │ │ └─┬ color-convert@1.9.3 
  │ │   └── color-name@1.1.3 
  │ ├── escape-string-regexp@1.0.5 
  │ └─┬ supports-color@5.5.0 
  │   └── has-flag@3.0.0 
  ├─┬ chokidar@2.1.6 
  │ ├─┬ anymatch@2.0.0 
  │ │ ├─┬ micromatch@3.1.10 
  │ │ │ ├── arr-diff@4.0.0 
  │ │ │ ├─┬ define-property@2.0.2 
  │ │ │ │ └─┬ is-descriptor@1.0.2 
  │ │ │ │   ├── is-accessor-descriptor@1.0.0 
  │ │ │ │   └── is-data-descriptor@1.0.0 
  │ │ │ ├─┬ extend-shallow@3.0.2 
  │ │ │ │ ├── assign-symbols@1.0.0 
  │ │ │ │ └─┬ is-extendable@1.0.1 
  │ │ │ │   └── is-plain-object@2.0.4 
  │ │ │ ├─┬ extglob@2.0.4 
  │ │ │ │ ├─┬ define-property@1.0.0 
  │ │ │ │ │ └─┬ is-descriptor@1.0.2 
  │ │ │ │ │   ├── is-accessor-descriptor@1.0.0 
  │ │ │ │ │   └── is-data-descriptor@1.0.0 
  │ │ │ │ ├─┬ expand-brackets@2.1.4 
  │ │ │ │ │ ├── define-property@0.2.5 
  │ │ │ │ │ ├── extend-shallow@2.0.1 
  │ │ │ │ │ └── posix-character-classes@0.1.1 
  │ │ │ │ └── extend-shallow@2.0.1 
  │ │ │ ├── fragment-cache@0.2.1 
  │ │ │ ├── kind-of@6.0.2 
  │ │ │ ├─┬ nanomatch@1.2.13 
  │ │ │ │ └── is-windows@1.0.2 
  │ │ │ ├── object.pick@1.3.0 
  │ │ │ └── regex-not@1.0.2 
  │ │ └─┬ normalize-path@2.1.1 
  │ │   └── remove-trailing-separator@1.1.0 
  │ ├── async-each@1.0.3 
  │ ├─┬ braces@2.3.2 
  │ │ ├── arr-flatten@1.1.0 
  │ │ ├── array-unique@0.3.2 
  │ │ ├─┬ extend-shallow@2.0.1 
  │ │ │ └── is-extendable@0.1.1 
  │ │ ├─┬ fill-range@4.0.0 
  │ │ │ ├── extend-shallow@2.0.1 
  │ │ │ ├─┬ is-number@3.0.0 
  │ │ │ │ └── kind-of@3.2.2 
  │ │ │ ├── repeat-string@1.6.1 
  │ │ │ └── to-regex-range@2.1.1 
  │ │ ├── isobject@3.0.1 
  │ │ ├── repeat-element@1.1.3 
  │ │ ├─┬ snapdragon@0.8.2 
  │ │ │ ├─┬ base@0.11.2 
  │ │ │ │ ├─┬ cache-base@1.0.1 
  │ │ │ │ │ ├─┬ collection-visit@1.0.0 
  │ │ │ │ │ │ ├── map-visit@1.0.0 
  │ │ │ │ │ │ └── object-visit@1.0.1 
  │ │ │ │ │ ├── get-value@2.0.6 
  │ │ │ │ │ ├─┬ has-value@1.0.0 
  │ │ │ │ │ │ └─┬ has-values@1.0.0 
  │ │ │ │ │ │   └── kind-of@4.0.0 
  │ │ │ │ │ ├─┬ set-value@2.0.0 
  │ │ │ │ │ │ └── extend-shallow@2.0.1 
  │ │ │ │ │ ├─┬ to-object-path@0.3.0 
  │ │ │ │ │ │ └── kind-of@3.2.2 
  │ │ │ │ │ ├─┬ union-value@1.0.0 
  │ │ │ │ │ │ └─┬ set-value@0.4.3 
  │ │ │ │ │ │   └── extend-shallow@2.0.1 
  │ │ │ │ │ └─┬ unset-value@1.0.0 
  │ │ │ │ │   └─┬ has-value@0.3.1 
  │ │ │ │ │     ├── has-values@0.1.4 
  │ │ │ │ │     └─┬ isobject@2.1.0 
  │ │ │ │ │       └── isarray@1.0.0 
  │ │ │ │ ├─┬ class-utils@0.3.6 
  │ │ │ │ │ ├── arr-union@3.1.0 
  │ │ │ │ │ ├── define-property@0.2.5 
  │ │ │ │ │ └─┬ static-extend@0.1.2 
  │ │ │ │ │   ├── define-property@0.2.5 
  │ │ │ │ │   └─┬ object-copy@0.1.0 
  │ │ │ │ │     ├── copy-descriptor@0.1.1 
  │ │ │ │ │     ├── define-property@0.2.5 
  │ │ │ │ │     └── kind-of@3.2.2 
  │ │ │ │ ├── component-emitter@1.3.0 
  │ │ │ │ ├─┬ define-property@1.0.0 
  │ │ │ │ │ └─┬ is-descriptor@1.0.2 
  │ │ │ │ │   ├── is-accessor-descriptor@1.0.0 
  │ │ │ │ │   └── is-data-descriptor@1.0.0 
  │ │ │ │ ├─┬ mixin-deep@1.3.1 
  │ │ │ │ │ ├── for-in@1.0.2 
  │ │ │ │ │ └── is-extendable@1.0.1 
  │ │ │ │ └── pascalcase@0.1.1 
  │ │ │ ├─┬ define-property@0.2.5 
  │ │ │ │ └─┬ is-descriptor@0.1.6 
  │ │ │ │   ├─┬ is-accessor-descriptor@0.1.6 
  │ │ │ │   │ └── kind-of@3.2.2 
  │ │ │ │   ├─┬ is-data-descriptor@0.1.4 
  │ │ │ │   │ └── kind-of@3.2.2 
  │ │ │ │   └── kind-of@5.1.0 
  │ │ │ ├── extend-shallow@2.0.1 
  │ │ │ ├── map-cache@0.2.2 
  │ │ │ ├── source-map@0.5.7 
  │ │ │ ├─┬ source-map-resolve@0.5.2 
  │ │ │ │ ├── atob@2.1.2 
  │ │ │ │ ├── decode-uri-component@0.2.0 
  │ │ │ │ ├── resolve-url@0.2.1 
  │ │ │ │ ├── source-map-url@0.4.0 
  │ │ │ │ └── urix@0.1.0 
  │ │ │ └── use@3.1.1 
  │ │ ├─┬ snapdragon-node@2.1.1 
  │ │ │ ├─┬ define-property@1.0.0 
  │ │ │ │ └─┬ is-descriptor@1.0.2 
  │ │ │ │   ├── is-accessor-descriptor@1.0.0 
  │ │ │ │   └── is-data-descriptor@1.0.0 
  │ │ │ └─┬ snapdragon-util@3.0.1 
  │ │ │   └── kind-of@3.2.2 
  │ │ ├── split-string@3.1.0 
  │ │ └─┬ to-regex@3.0.2 
  │ │   └─┬ safe-regex@1.1.0 
  │ │     └── ret@0.1.15 
  │ ├─┬ glob-parent@3.1.0 
  │ │ ├── is-glob@3.1.0 
  │ │ └── path-dirname@1.0.2 
  │ ├── inherits@2.0.3 
  │ ├─┬ is-binary-path@1.0.1 
  │ │ └── binary-extensions@1.13.1 
  │ ├─┬ is-glob@4.0.1 
  │ │ └── is-extglob@2.1.1 
  │ ├── normalize-path@3.0.0 
  │ ├── path-is-absolute@1.0.1 
  │ ├─┬ readdirp@2.2.1 
  │ │ ├── graceful-fs@4.1.15 
  │ │ └─┬ readable-stream@2.3.6 
  │ │   ├── core-util-is@1.0.2 
  │ │   ├── isarray@1.0.0 
  │ │   ├── process-nextick-args@2.0.0 
  │ │   ├── string_decoder@1.1.1 
  │ │   └── util-deprecate@1.0.2 
  │ └── upath@1.1.2 
  ├─┬ cli-table-redemption@1.0.1 
  │ └─┬ chalk@1.1.3 
  │   ├── ansi-styles@2.2.1 
  │   ├─┬ has-ansi@2.0.0 
  │   │ └── ansi-regex@2.1.1 
  │   ├── strip-ansi@3.0.1 
  │   └── supports-color@2.0.0 
  ├── commander@2.15.1 
  ├─┬ cron@1.7.1 
  │ └── moment-timezone@0.5.25 
  ├── date-fns@1.30.1 
  ├─┬ debug@3.2.6 
  │ └── ms@2.1.1 
  ├── eventemitter2@5.0.1 
  ├── fclone@1.0.11 
  ├── gkt@1.0.0 
  ├─┬ mkdirp@0.5.1 
  │ └── minimist@0.0.8 
  ├── moment@2.24.0 
  ├─┬ needle@2.4.0 
  │ ├─┬ debug@3.2.6 
  │ │ └── ms@2.1.1 
  │ ├─┬ iconv-lite@0.4.24 
  │ │ └── safer-buffer@2.1.2 
  │ └── sax@1.2.4 
  ├─┬ pidusage@2.0.17 
  │ └── safe-buffer@5.1.2 
  ├─┬ pm2-axon@3.3.0 
  │ ├── amp@0.3.1 
  │ ├── amp-message@0.1.2 
  │ ├─┬ debug@3.2.6 
  │ │ └── ms@2.1.1 
  │ └── escape-regexp@0.0.1 
  ├─┬ pm2-axon-rpc@0.5.1 
  │ └─┬ debug@3.2.6 
  │   └── ms@2.1.1 
  ├─┬ pm2-deploy@0.4.0 
  │ └── tv4@1.3.0 
  ├─┬ pm2-multimeter@0.1.2 
  │ └── charm@0.1.2 
  ├─┬ promptly@2.2.0 
  │ └─┬ read@1.0.7 
  │   └── mute-stream@0.0.8 
  ├── semver@5.7.0 
  ├─┬ shelljs@0.8.3 
  │ ├─┬ glob@7.1.4 
  │ │ ├── fs.realpath@1.0.0 
  │ │ ├─┬ inflight@1.0.6 
  │ │ │ └── wrappy@1.0.2 
  │ │ ├─┬ minimatch@3.0.4 
  │ │ │ └─┬ brace-expansion@1.1.11 
  │ │ │   ├── balanced-match@1.0.0 
  │ │ │   └── concat-map@0.0.1 
  │ │ └── once@1.4.0 
  │ ├── interpret@1.2.0 
  │ └── rechoir@0.6.2 
  ├─┬ source-map-support@0.5.12 
  │ ├── buffer-from@1.1.1 
  │ └── source-map@0.6.1 
  ├── sprintf-js@1.1.1 
  ├── v8-compile-cache@2.0.3 
  ├─┬ vizion@2.0.2 
  │ ├── async@2.6.1 
  │ ├── git-node-fs@1.0.0 
  │ ├── ini@1.3.5 
  │ ├─┬ js-git@0.7.8 
  │ │ ├── bodec@0.1.0 
  │ │ ├── culvert@0.1.2 
  │ │ ├── git-sha1@0.1.2 
  │ │ └── pako@0.2.9 
  │ ├── lodash.findindex@4.6.0 
  │ ├── lodash.foreach@4.5.0 
  │ ├── lodash.get@4.4.2 
  │ └── lodash.last@3.0.0 
  └─┬ yamljs@0.3.0 
    └─┬ argparse@1.0.10 
      └── sprintf-js@1.0.3 

### accessorInvokeSSH: Running npm update @terraswarm/accessors pm2 
### accessorInvokeSSH: Creating cg/top/invoke.js
### accessorInvokeSSH: Copying the accessor to cg/top
### accessorInvokeSSH: Creating the runit.sh command in cg/top
### accessorInvokeSSH: Invoking cg/top/runit.sh   on localhost
Running top.js *once* for 15000 ms.
commonHost.js: processCommandLineArguments(): Setting timeout to stop after 15000 ms.
commonHost.js: processCommandLineArguments(): Maximum time reached. Calling stopAllAccessors().
commonHost.js: invoking wrapup() for accessor: top
All initialized accessors have wrapped up. Terminating.
All Done
### accessorInvokeSSH: ssh cg/top/runit.sh returned.
05/18/19 04:21:49
Failed: 0  Total Tests: 2  ((Passed: 2, Newly Passed: 0)  Known Failed: 0) /home/travis/build/icyphy/ptII/ptolemy/cg/kernel/generic/accessor/test
No auto/knownFailedTests/*.xml tests in /home/travis/build/icyphy/ptII/ptolemy/cg/kernel/generic/accessor/test
No auto/linux-amd64/*.xml tests in /home/travis/build/icyphy/ptII/ptolemy/cg/kernel/generic/accessor/test
AutoTests.java: About to close Vertx.
AutoTests.java: Vertx closed.

===========================================================================================
----------------- testing Sat May 18 04:21:49 UTC 2019 /home/travis/build/icyphy/ptII/ptolemy/cg/kernel/generic/accessor/test/auto/AccessorStatusTest.xml
----------------- Instantiating /home/travis/build/icyphy/ptII/ptolemy/cg/kernel/generic/accessor/test/auto/AccessorStatusTest.xml
JSAccessor: PT_NO_NET environment variable is set, so git pull and ptdoc are not being run.
TextDisplayHelper: [ { utilization: 0,
    startMonitoringTime: 1558153326787,
    initialize: { count: 0, utilization: 0, latestStart: 0, latestEnd: 0 },
    react: { count: 0, utilization: 0, latestStart: 0, latestEnd: 0 },
    wrapup: { count: 0, utilization: 0, latestStart: 0, latestEnd: 0 },
    accessorName: 'monitor',
    currentMonitoringTime: 1558153327788,
    containedAccessors: [] },
  { utilization: 0.0010090817356205853,
    startMonitoringTime: 1558153326802,
    initialize: { count: 0, utilization: 0, latestStart: 0, latestEnd: 0 },
    react: 
     { count: 1,
       utilization: 0.0010090817356205853,
       latestStart: 1558153327760,
       latestEnd: 1558153327761 },
    wrapup: { count: 0, utilization: 0, latestStart: 0, latestEnd: 0 },
    accessorName: 'TestSpontaneous2',
    currentMonitoringTime: 1558153327793,
    containedAccessors: [] },
  { utilization: 0,
    startMonitoringTime: 1558153326815,
    initialize: { count: 0, utilization: 0, latestStart: 0, latestEnd: 0 },
    react: { count: 0, utilization: 0, latestStart: 0, latestEnd: 0 },
    wrapup: { count: 0, utilization: 0, latestStart: 0, latestEnd: 0 },
    accessorName: 'TextDisplay',
    currentMonitoringTime: 1558153327799,
    containedAccessors: [] },
  { utilization: 0.0010362694300518134,
    startMonitoringTime: 1558153326838,
    initialize: { count: 0, utilization: 0, latestStart: 0, latestEnd: 0 },
    react: 
     { count: 1,
       utilization: 0.0010362694300518134,
       latestStart: 1558153327779,
       latestEnd: 1558153327780 },
    wrapup: { count: 0, utilization: 0, latestStart: 0, latestEnd: 0 },
    accessorName: 'TestSpontaneous',
    currentMonitoringTime: 1558153327803,
    containedAccessors: [] },
  { utilization: 0,
    startMonitoringTime: 1558153326854,
    initialize: { count: 0, utilization: 0, latestStart: 0, latestEnd: 0 },
    react: { count: 0, utilization: 0, latestStart: 0, latestEnd: 0 },
    wrapup: { count: 0, utilization: 0, latestStart: 0, latestEnd: 0 },
    accessorName: 'JavaScriptRamp',
    currentMonitoringTime: 1558153327809,
    containedAccessors: [] },
  { utilization: 0.0021141649048625794,
    startMonitoringTime: 1558153326867,
    initialize: { count: 0, utilization: 0, latestStart: 0, latestEnd: 0 },
    react: 
     { count: 1,
       utilization: 0.0021141649048625794,
       latestStart: 1558153326902,
       latestEnd: 1558153326904 },
    wrapup: { count: 0, utilization: 0, latestStart: 0, latestEnd: 0 },
    accessorName: 'AccessorStatus',
    currentMonitoringTime: 1558153327813,
    containedAccessors: [] },
  { utilization: 0,
    startMonitoringTime: 1558153326884,
    initialize: { count: 0, utilization: 0, latestStart: 0, latestEnd: 0 },
    react: { count: 0, utilization: 0, latestStart: 0, latestEnd: 0 },
    wrapup: { count: 0, utilization: 0, latestStart: 0, latestEnd: 0 },
    accessorName: 'status',
    currentMonitoringTime: 1558153327819,
    containedAccessors: [] } ]
TextDisplayHelper: [ { accessorClass: 'https://accessors.org/utilities/TextDisplay.js',
    accessorName: 'monitor',
    initialized: true },
  { accessorClass: 'https://accessors.org/test/TestSpontaneous.js',
    accessorName: 'TestSpontaneous2',
    initialized: true },
  { accessorClass: 'https://accessors.org/utilities/TextDisplay.js',
    accessorName: 'TextDisplay',
    initialized: true },
  { accessorClass: 'https://accessors.org/test/TestSpontaneous.js',
    accessorName: 'TestSpontaneous',
    initialized: true },
  { accessorClass: 'JavaScript',
    accessorName: 'JavaScriptRamp',
    initialized: true },
  { accessorClass: 'https://accessors.org/trusted/AccessorStatus.js',
    accessorName: 'AccessorStatus',
    initialized: true },
  { accessorClass: 'https://accessors.org/utilities/TextDisplay.js',
    accessorName: 'status',
    initialized: true } ]
TextDisplayHelper: 1
TextDisplayHelper: [ { utilization: 0.1780962128966223,
    startMonitoringTime: 1558153326787,
    initialize: { count: 0, utilization: 0, latestStart: 0, latestEnd: 0 },
    react: 
     { count: 1,
       utilization: 0.1780962128966223,
       latestStart: 1558153327920,
       latestEnd: 1558153328268 },
    wrapup: { count: 0, utilization: 0, latestStart: 0, latestEnd: 0 },
    accessorName: 'monitor',
    currentMonitoringTime: 1558153328741,
    containedAccessors: [] },
  { utilization: 0.0010137606308398461,
    startMonitoringTime: 1558153326802,
    initialize: { count: 0, utilization: 0, latestStart: 0, latestEnd: 0 },
    react: 
     { count: 2,
       utilization: 0.0010137606308398461,
       latestStart: 1558153328738,
       latestEnd: 1558153328739 },
    wrapup: { count: 0, utilization: 0, latestStart: 0, latestEnd: 0 },
    accessorName: 'TestSpontaneous2',
    currentMonitoringTime: 1558153328743,
    containedAccessors: [] },
  { utilization: 0.0368066355624676,
    startMonitoringTime: 1558153326815,
    initialize: { count: 0, utilization: 0, latestStart: 0, latestEnd: 0 },
    react: 
     { count: 1,
       utilization: 0.0368066355624676,
       latestStart: 1558153328421,
       latestEnd: 1558153328492 },
    wrapup: { count: 0, utilization: 0, latestStart: 0, latestEnd: 0 },
    accessorName: 'TextDisplay',
    currentMonitoringTime: 1558153328744,
    containedAccessors: [] },
  { utilization: 0.0005132312319184061,
    startMonitoringTime: 1558153326838,
    initialize: { count: 0, utilization: 0, latestStart: 0, latestEnd: 0 },
    react: 
     { count: 2,
       utilization: 0.0005132312319184061,
       latestStart: 1558153328740,
       latestEnd: 1558153328740 },
    wrapup: { count: 0, utilization: 0, latestStart: 0, latestEnd: 0 },
    accessorName: 'TestSpontaneous',
    currentMonitoringTime: 1558153328748,
    containedAccessors: [] },
  { utilization: 0.006860158311345646,
    startMonitoringTime: 1558153326854,
    initialize: { count: 0, utilization: 0, latestStart: 0, latestEnd: 0 },
    react: 
     { count: 1,
       utilization: 0.006860158311345646,
       latestStart: 1558153327895,
       latestEnd: 1558153327908 },
    wrapup: { count: 0, utilization: 0, latestStart: 0, latestEnd: 0 },
    accessorName: 'JavaScriptRamp',
    currentMonitoringTime: 1558153328749,
    containedAccessors: [] },
  { utilization: 0.018088229353227132,
    startMonitoringTime: 1558153326867,
    initialize: { count: 0, utilization: 0, latestStart: 0, latestEnd: 0 },
    react: 
     { count: 2,
       utilization: 0.018088229353227132,
       latestStart: 1558153327850,
       latestEnd: 1558153327884 },
    wrapup: { count: 0, utilization: 0, latestStart: 0, latestEnd: 0 },
    accessorName: 'AccessorStatus',
    currentMonitoringTime: 1558153328751,
    containedAccessors: [] },
  { utilization: 0.05141938939475093,
    startMonitoringTime: 1558153326884,
    initialize: { count: 0, utilization: 0, latestStart: 0, latestEnd: 0 },
    react: 
     { count: 1,
       utilization: 0.05141938939475093,
       latestStart: 1558153328310,
       latestEnd: 1558153328406 },
    wrapup: { count: 0, utilization: 0, latestStart: 0, latestEnd: 0 },
    accessorName: 'status',
    currentMonitoringTime: 1558153328751,
    containedAccessors: [] } ]
TextDisplayHelper: [ { accessorClass: 'https://accessors.org/utilities/TextDisplay.js',
    accessorName: 'monitor',
    initialized: true },
  { accessorClass: 'https://accessors.org/test/TestSpontaneous.js',
    accessorName: 'TestSpontaneous2',
    initialized: true },
  { accessorClass: 'https://accessors.org/utilities/TextDisplay.js',
    accessorName: 'TextDisplay',
    initialized: true },
  { accessorClass: 'https://accessors.org/test/TestSpontaneous.js',
    accessorName: 'TestSpontaneous',
    initialized: true },
  { accessorClass: 'JavaScript',
    accessorName: 'JavaScriptRamp',
    initialized: true },
  { accessorClass: 'https://accessors.org/trusted/AccessorStatus.js',
    accessorName: 'AccessorStatus',
    initialized: true },
  { accessorClass: 'https://accessors.org/utilities/TextDisplay.js',
    accessorName: 'status',
    initialized: true } ]
TextDisplayHelper: 2
TextDisplayHelper: [ { utilization: 0.11505604175411366,
    startMonitoringTime: 1558153326787,
    initialize: { count: 0, utilization: 0, latestStart: 0, latestEnd: 0 },
    react: 
     { count: 2,
       utilization: 0.11505604175411366,
       latestStart: 1558153328778,
       latestEnd: 1558153328854 },
    wrapup: { count: 0, utilization: 0, latestStart: 0, latestEnd: 0 },
    accessorName: 'monitor',
    currentMonitoringTime: 1558153329740,
    containedAccessors: [] },
  { utilization: 0.00066881959875231,
    startMonitoringTime: 1558153326802,
    initialize: { count: 0, utilization: 0, latestStart: 0, latestEnd: 0 },
    react: 
     { count: 3,
       utilization: 0.00066881959875231,
       latestStart: 1558153329738,
       latestEnd: 1558153329738 },
    wrapup: { count: 0, utilization: 0, latestStart: 0, latestEnd: 0 },
    accessorName: 'TestSpontaneous2',
    currentMonitoringTime: 1558153329741,
    containedAccessors: [] },
  { utilization: 0.021778786000771756,
    startMonitoringTime: 1558153326815,
    initialize: { count: 0, utilization: 0, latestStart: 0, latestEnd: 0 },
    react: 
     { count: 2,
       utilization: 0.021778786000771756,
       latestStart: 1558153328894,
       latestEnd: 1558153328896 },
    wrapup: { count: 0, utilization: 0, latestStart: 0, latestEnd: 0 },
    accessorName: 'TextDisplay',
    currentMonitoringTime: 1558153329741,
    containedAccessors: [] },
  { utilization: 0.0006807322780257693,
    startMonitoringTime: 1558153326838,
    initialize: { count: 0, utilization: 0, latestStart: 0, latestEnd: 0 },
    react: 
     { count: 3,
       utilization: 0.0006807322780257693,
       latestStart: 1558153329739,
       latestEnd: 1558153329740 },
    wrapup: { count: 0, utilization: 0, latestStart: 0, latestEnd: 0 },
    accessorName: 'TestSpontaneous',
    currentMonitoringTime: 1558153329741,
    containedAccessors: [] },
  { utilization: 0.002850920284086703,
    startMonitoringTime: 1558153326854,
    initialize: { count: 0, utilization: 0, latestStart: 0, latestEnd: 0 },
    react: 
     { count: 2,
       utilization: 0.002850920284086703,
       latestStart: 1558153328776,
       latestEnd: 1558153328777 },
    wrapup: { count: 0, utilization: 0, latestStart: 0, latestEnd: 0 },
    accessorName: 'JavaScriptRamp',
    currentMonitoringTime: 1558153329741,
    containedAccessors: [] },
  { utilization: 0.008488423539398746,
    startMonitoringTime: 1558153326867,
    initialize: { count: 0, utilization: 0, latestStart: 0, latestEnd: 0 },
    react: 
     { count: 3,
       utilization: 0.008488423539398746,
       latestStart: 1558153328769,
       latestEnd: 1558153328775 },
    wrapup: { count: 0, utilization: 0, latestStart: 0, latestEnd: 0 },
    accessorName: 'AccessorStatus',
    currentMonitoringTime: 1558153329741,
    containedAccessors: [] },
  { utilization: 0.04034312588687816,
    startMonitoringTime: 1558153326884,
    initialize: { count: 0, utilization: 0, latestStart: 0, latestEnd: 0 },
    react: 
     { count: 2,
       utilization: 0.04034312588687816,
       latestStart: 1558153328857,
       latestEnd: 1558153328894 },
    wrapup: { count: 0, utilization: 0, latestStart: 0, latestEnd: 0 },
    accessorName: 'status',
    currentMonitoringTime: 1558153329741,
    containedAccessors: [] } ]
TextDisplayHelper: [ { accessorClass: 'https://accessors.org/utilities/TextDisplay.js',
    accessorName: 'monitor',
    initialized: true },
  { accessorClass: 'https://accessors.org/test/TestSpontaneous.js',
    accessorName: 'TestSpontaneous2',
    initialized: true },
  { accessorClass: 'https://accessors.org/utilities/TextDisplay.js',
    accessorName: 'TextDisplay',
    initialized: true },
  { accessorClass: 'https://accessors.org/test/TestSpontaneous.js',
    accessorName: 'TestSpontaneous',
    initialized: true },
  { accessorClass: 'JavaScript',
    accessorName: 'JavaScriptRamp',
    initialized: true },
  { accessorClass: 'https://accessors.org/trusted/AccessorStatus.js',
    accessorName: 'AccessorStatus',
    initialized: true },
  { accessorClass: 'https://accessors.org/utilities/TextDisplay.js',
    accessorName: 'status',
    initialized: true } ]
TextDisplayHelper: 3
TextDisplayHelper: [ { utilization: 0.0672623578708889,
    startMonitoringTime: 1558153326787,
    initialize: { count: 0, utilization: 0, latestStart: 0, latestEnd: 0 },
    react: 
     { count: 3,
       utilization: 0.0672623578708889,
       latestStart: 1558153329755,
       latestEnd: 1558153329783 },
    wrapup: { count: 0, utilization: 0, latestStart: 0, latestEnd: 0 },
    accessorName: 'monitor',
    currentMonitoringTime: 1558153330739,
    containedAccessors: [] },
  { utilization: 0.0004990227044312025,
    startMonitoringTime: 1558153326802,
    initialize: { count: 0, utilization: 0, latestStart: 0, latestEnd: 0 },
    react: 
     { count: 4,
       utilization: 0.0004990227044312025,
       latestStart: 1558153330737,
       latestEnd: 1558153330737 },
    wrapup: { count: 0, utilization: 0, latestStart: 0, latestEnd: 0 },
    accessorName: 'TestSpontaneous2',
    currentMonitoringTime: 1558153330739,
    containedAccessors: [] },
  { utilization: 0.012059544767483695,
    startMonitoringTime: 1558153326815,
    initialize: { count: 0, utilization: 0, latestStart: 0, latestEnd: 0 },
    react: 
     { count: 3,
       utilization: 0.012059544767483695,
       latestStart: 1558153329796,
       latestEnd: 1558153329798 },
    wrapup: { count: 0, utilization: 0, latestStart: 0, latestEnd: 0 },
    accessorName: 'TextDisplay',
    currentMonitoringTime: 1558153330739,
    containedAccessors: [] },
  { utilization: 0.0005065346335463545,
    startMonitoringTime: 1558153326838,
    initialize: { count: 0, utilization: 0, latestStart: 0, latestEnd: 0 },
    react: 
     { count: 4,
       utilization: 0.0005065346335463545,
       latestStart: 1558153330738,
       latestEnd: 1558153330738 },
    wrapup: { count: 0, utilization: 0, latestStart: 0, latestEnd: 0 },
    accessorName: 'TestSpontaneous',
    currentMonitoringTime: 1558153330739,
    containedAccessors: [] },
  { utilization: 0.0016681213860779026,
    startMonitoringTime: 1558153326854,
    initialize: { count: 0, utilization: 0, latestStart: 0, latestEnd: 0 },
    react: 
     { count: 3,
       utilization: 0.0016681213860779026,
       latestStart: 1558153329753,
       latestEnd: 1558153329754 },
    wrapup: { count: 0, utilization: 0, latestStart: 0, latestEnd: 0 },
    accessorName: 'JavaScriptRamp',
    currentMonitoringTime: 1558153330740,
    containedAccessors: [] },
  { utilization: 0.005214539662580122,
    startMonitoringTime: 1558153326867,
    initialize: { count: 0, utilization: 0, latestStart: 0, latestEnd: 0 },
    react: 
     { count: 4,
       utilization: 0.005214539662580122,
       latestStart: 1558153329749,
       latestEnd: 1558153329753 },
    wrapup: { count: 0, utilization: 0, latestStart: 0, latestEnd: 0 },
    accessorName: 'AccessorStatus',
    currentMonitoringTime: 1558153330740,
    containedAccessors: [] },
  { utilization: 0.02388217920970568,
    startMonitoringTime: 1558153326884,
    initialize: { count: 0, utilization: 0, latestStart: 0, latestEnd: 0 },
    react: 
     { count: 3,
       utilization: 0.02388217920970568,
       latestStart: 1558153329785,
       latestEnd: 1558153329796 },
    wrapup: { count: 0, utilization: 0, latestStart: 0, latestEnd: 0 },
    accessorName: 'status',
    currentMonitoringTime: 1558153330740,
    containedAccessors: [] } ]
TextDisplayHelper: [ { accessorClass: 'https://accessors.org/utilities/TextDisplay.js',
    accessorName: 'monitor',
    initialized: true },
  { accessorClass: 'https://accessors.org/test/TestSpontaneous.js',
    accessorName: 'TestSpontaneous2',
    initialized: true },
  { accessorClass: 'https://accessors.org/utilities/TextDisplay.js',
    accessorName: 'TextDisplay',
    initialized: true },
  { accessorClass: 'https://accessors.org/test/TestSpontaneous.js',
    accessorName: 'TestSpontaneous',
    initialized: true },
  { accessorClass: 'JavaScript',
    accessorName: 'JavaScriptRamp',
    initialized: true },
  { accessorClass: 'https://accessors.org/trusted/AccessorStatus.js',
    accessorName: 'AccessorStatus',
    initialized: true },
  { accessorClass: 'https://accessors.org/utilities/TextDisplay.js',
    accessorName: 'status',
    initialized: true } ]
TextDisplayHelper: 4
TextDisplayHelper: [ { utilization: 0.04733912478425174,
    startMonitoringTime: 1558153326787,
    initialize: { count: 0, utilization: 0, latestStart: 0, latestEnd: 0 },
    react: 
     { count: 4,
       utilization: 0.04733912478425174,
       latestStart: 1558153330752,
       latestEnd: 1558153330785 },
    wrapup: { count: 0, utilization: 0, latestStart: 0, latestEnd: 0 },
    accessorName: 'monitor',
    currentMonitoringTime: 1558153331741,
    containedAccessors: [] },
  { utilization: 0.000600051496646443,
    startMonitoringTime: 1558153326802,
    initialize: { count: 0, utilization: 0, latestStart: 0, latestEnd: 0 },
    react: 
     { count: 5,
       utilization: 0.000600051496646443,
       latestStart: 1558153331738,
       latestEnd: 1558153331739 },
    wrapup: { count: 0, utilization: 0, latestStart: 0, latestEnd: 0 },
    accessorName: 'TestSpontaneous2',
    currentMonitoringTime: 1558153331741,
    containedAccessors: [] },
  { utilization: 0.007707250262107543,
    startMonitoringTime: 1558153326815,
    initialize: { count: 0, utilization: 0, latestStart: 0, latestEnd: 0 },
    react: 
     { count: 4,
       utilization: 0.007707250262107543,
       latestStart: 1558153330805,
       latestEnd: 1558153330807 },
    wrapup: { count: 0, utilization: 0, latestStart: 0, latestEnd: 0 },
    accessorName: 'TextDisplay',
    currentMonitoringTime: 1558153331742,
    containedAccessors: [] },
  { utilization: 0.0004029957304836358,
    startMonitoringTime: 1558153326838,
    initialize: { count: 0, utilization: 0, latestStart: 0, latestEnd: 0 },
    react: 
     { count: 5,
       utilization: 0.0004029957304836358,
       latestStart: 1558153331740,
       latestEnd: 1558153331740 },
    wrapup: { count: 0, utilization: 0, latestStart: 0, latestEnd: 0 },
    accessorName: 'TestSpontaneous',
    currentMonitoringTime: 1558153331742,
    containedAccessors: [] },
  { utilization: 0.001194261869808903,
    startMonitoringTime: 1558153326854,
    initialize: { count: 0, utilization: 0, latestStart: 0, latestEnd: 0 },
    react: 
     { count: 4,
       utilization: 0.001194261869808903,
       latestStart: 1558153330751,
       latestEnd: 1558153330752 },
    wrapup: { count: 0, utilization: 0, latestStart: 0, latestEnd: 0 },
    accessorName: 'JavaScriptRamp',
    currentMonitoringTime: 1558153331742,
    containedAccessors: [] },
  { utilization: 0.004522904916144868,
    startMonitoringTime: 1558153326867,
    initialize: { count: 0, utilization: 0, latestStart: 0, latestEnd: 0 },
    react: 
     { count: 5,
       utilization: 0.004522904916144868,
       latestStart: 1558153330744,
       latestEnd: 1558153330751 },
    wrapup: { count: 0, utilization: 0, latestStart: 0, latestEnd: 0 },
    accessorName: 'AccessorStatus',
    currentMonitoringTime: 1558153331742,
    containedAccessors: [] },
  { utilization: 0.018020771070124113,
    startMonitoringTime: 1558153326884,
    initialize: { count: 0, utilization: 0, latestStart: 0, latestEnd: 0 },
    react: 
     { count: 4,
       utilization: 0.018020771070124113,
       latestStart: 1558153330786,
       latestEnd: 1558153330804 },
    wrapup: { count: 0, utilization: 0, latestStart: 0, latestEnd: 0 },
    accessorName: 'status',
    currentMonitoringTime: 1558153331742,
    containedAccessors: [] } ]
TextDisplayHelper: [ { accessorClass: 'https://accessors.org/utilities/TextDisplay.js',
    accessorName: 'monitor',
    initialized: true },
  { accessorClass: 'https://accessors.org/test/TestSpontaneous.js',
    accessorName: 'TestSpontaneous2',
    initialized: true },
  { accessorClass: 'https://accessors.org/utilities/TextDisplay.js',
    accessorName: 'TextDisplay',
    initialized: true },
  { accessorClass: 'https://accessors.org/test/TestSpontaneous.js',
    accessorName: 'TestSpontaneous',
    initialized: true },
  { accessorClass: 'JavaScript',
    accessorName: 'JavaScriptRamp',
    initialized: true },
  { accessorClass: 'https://accessors.org/trusted/AccessorStatus.js',
    accessorName: 'AccessorStatus',
    initialized: true },
  { accessorClass: 'https://accessors.org/utilities/TextDisplay.js',
    accessorName: 'status',
    initialized: true } ]
TextDisplayHelper: 5
AccessorStatus: *** Final monitoring information: (Thread[AccessorStatusTest,1,main])
AccessorStatus: { utilization: 0.0458760817257162,
  startMonitoringTime: 1558153326787,
  initialize: { count: 0, utilization: 0, latestStart: 0, latestEnd: 0 },
  react: 
   { count: 5,
     utilization: 0.04529355745387154,
     latestStart: 1558153331755,
     latestEnd: 1558153331799 },
  wrapup: 
   { count: 2,
     utilization: 0.0005825242718446602,
     latestStart: 1558153331842,
     latestEnd: 1558153331845 },
  accessorName: 'monitor',
  currentMonitoringTime: 1558153331937,
  containedAccessors: [] } (Thread[AccessorStatusTest,1,main])
AccessorStatus: { utilization: 0.0015103289527586285,
  startMonitoringTime: 1558153326802,
  initialize: { count: 0, utilization: 0, latestStart: 0, latestEnd: 0 },
  react: 
   { count: 5,
     utilization: 0.0005619222759756239,
     latestStart: 1558153331738,
     latestEnd: 1558153331739 },
  wrapup: 
   { count: 2,
     utilization: 0.0009484066767830047,
     latestStart: 1558153331880,
     latestEnd: 1558153331885 },
  accessorName: 'TestSpontaneous2',
  currentMonitoringTime: 1558153332074,
  containedAccessors: [] } (Thread[AccessorStatusTest,1,main])
AccessorStatus: { utilization: 0.006941163497514311,
  startMonitoringTime: 1558153326815,
  initialize: { count: 0, utilization: 0, latestStart: 0, latestEnd: 0 },
  react: 
   { count: 5,
     utilization: 0.006374805181486371,
     latestStart: 1558153331820,
     latestEnd: 1558153331823 },
  wrapup: 
   { count: 2,
     utilization: 0.0005663583160279403,
     latestStart: 1558153331898,
     latestEnd: 1558153331901 },
  accessorName: 'TextDisplay',
  currentMonitoringTime: 1558153332112,
  containedAccessors: [] } (Thread[AccessorStatusTest,1,main])
AccessorStatus: { utilization: 0.001156007778676407,
  startMonitoringTime: 1558153326838,
  initialize: { count: 0, utilization: 0, latestStart: 0, latestEnd: 0 },
  react: 
   { count: 5,
     utilization: 0.0004029957304836358,
     latestStart: 1558153331740,
     latestEnd: 1558153331740 },
  wrapup: 
   { count: 2,
     utilization: 0.0007530120481927711,
     latestStart: 1558153331906,
     latestEnd: 1558153331910 },
  accessorName: 'TestSpontaneous',
  currentMonitoringTime: 1558153332150,
  containedAccessors: [] } (Thread[AccessorStatusTest,1,main])
AccessorStatus: { utilization: 0.0018138705182256442,
  startMonitoringTime: 1558153326854,
  initialize: { count: 0, utilization: 0, latestStart: 0, latestEnd: 0 },
  react: 
   { count: 5,
     utilization: 0.0012502785588042653,
     latestStart: 1558153331753,
     latestEnd: 1558153331755 },
  wrapup: 
   { count: 2,
     utilization: 0.000563591959421379,
     latestStart: 1558153331915,
     latestEnd: 1558153331918 },
  accessorName: 'JavaScriptRamp',
  currentMonitoringTime: 1558153332177,
  containedAccessors: [] } (Thread[AccessorStatusTest,1,main])
AccessorStatus: { utilization: 0.05547427978496747,
  startMonitoringTime: 1558153326867,
  initialize: { count: 0, utilization: 0, latestStart: 0, latestEnd: 0 },
  react: 
   { count: 6,
     utilization: 0.004423228733916417,
     latestStart: 1558153331746,
     latestEnd: 1558153331752 },
  wrapup: 
   { count: 1,
     utilization: 0.05105105105105105,
     latestStart: 1558153331923,
     latestEnd: 0 },
  accessorName: 'AccessorStatus',
  currentMonitoringTime: 1558153332195,
  containedAccessors: [] } (Thread[AccessorStatusTest,1,main])
AccessorStatus: { utilization: 0.01679307279784311,
  startMonitoringTime: 1558153326884,
  initialize: { count: 0, utilization: 0, latestStart: 0, latestEnd: 0 },
  react: 
   { count: 5,
     utilization: 0.01679307279784311,
     latestStart: 1558153331800,
     latestEnd: 1558153331819 },
  wrapup: { count: 0, utilization: 0, latestStart: 0, latestEnd: 0 },
  accessorName: 'status',
  currentMonitoringTime: 1558153332222,
  containedAccessors: [] } (Thread[AccessorStatusTest,1,main])
13894 ms. Memory: 822272K Free: 661102K (80%)
----------------- Invoking toplevel() on ptolemy.moml.MoMLSimpleApplication@73bb1aa8
----------------- Done invoking toplevel() on ptolemy.moml.MoMLSimpleApplication@73bb1aa8
reloadAllAccessors: .AccessorStatusTest
This is the first time that the reloadAllAccessors method has been invoked in this JVM, so the the accessors repo will be checked out or updated and JSDoc invoked. Note that running the tests may end up invoking a new JVM for each directory, so the repo may be checked out or updated and JSDoc invoked more than once when the tests are run.
-------------- Reloaded accessors, but skipping rerun for now. Sat May 18 04:22:14 UTC 2019 /home/travis/build/icyphy/ptII/ptolemy/cg/kernel/generic/accessor/test/auto/AccessorStatusTest.xml

===========================================================================================
----------------- testing Sat May 18 04:22:14 UTC 2019 /home/travis/build/icyphy/ptII/ptolemy/cg/kernel/generic/accessor/test/auto/RampJSDisplay.xml
----------------- Instantiating /home/travis/build/icyphy/ptII/ptolemy/cg/kernel/generic/accessor/test/auto/RampJSDisplay.xml
TextDisplayHelper: 1
TextDisplayHelper: 2
TextDisplayHelper: 3
TextDisplayHelper: 4
TextDisplayHelper: 5
8109 ms. Memory: 1105920K Free: 818247K (74%)
----------------- Invoking toplevel() on ptolemy.moml.MoMLSimpleApplication@12141363
----------------- Done invoking toplevel() on ptolemy.moml.MoMLSimpleApplication@12141363
reloadAllAccessors: .RampJSDisplay
-------------- Reloaded accessors, but skipping rerun for now. Sat May 18 04:22:25 UTC 2019 /home/travis/build/icyphy/ptII/ptolemy/cg/kernel/generic/accessor/test/auto/RampJSDisplay.xml

===========================================================================================
----------------- testing Sat May 18 04:22:25 UTC 2019 /home/travis/build/icyphy/ptII/ptolemy/cg/kernel/generic/accessor/test/auto/RampJSInspect.xml
----------------- Instantiating /home/travis/build/icyphy/ptII/ptolemy/cg/kernel/generic/accessor/test/auto/RampJSInspect.xml
8425 ms. Memory: 1371648K Free: 1151023K (84%)
----------------- Invoking toplevel() on ptolemy.moml.MoMLSimpleApplication@21e64174
----------------- Done invoking toplevel() on ptolemy.moml.MoMLSimpleApplication@21e64174
reloadAllAccessors: .RampJSInspect
-------------- Reloaded accessors, but skipping rerun for now. Sat May 18 04:22:37 UTC 2019 /home/travis/build/icyphy/ptII/ptolemy/cg/kernel/generic/accessor/test/auto/RampJSInspect.xml

===========================================================================================
----------------- testing Sat May 18 04:22:37 UTC 2019 /home/travis/build/icyphy/ptII/ptolemy/cg/kernel/generic/accessor/test/auto/RampJSTest.xml
----------------- Instantiating /home/travis/build/icyphy/ptII/ptolemy/cg/kernel/generic/accessor/test/auto/RampJSTest.xml
7108 ms. Memory: 1381888K Free: 688088K (50%)
----------------- Invoking toplevel() on ptolemy.moml.MoMLSimpleApplication@52057b29
----------------- Done invoking toplevel() on ptolemy.moml.MoMLSimpleApplication@52057b29
reloadAllAccessors: .RampJSTest
-------------- Reloaded accessors, but skipping rerun for now. Sat May 18 04:22:47 UTC 2019 /home/travis/build/icyphy/ptII/ptolemy/cg/kernel/generic/accessor/test/auto/RampJSTest.xml

===========================================================================================
----------------- testing Sat May 18 04:22:47 UTC 2019 /home/travis/build/icyphy/ptII/ptolemy/cg/kernel/generic/accessor/test/auto/RampJSTextDisplay.xml
----------------- Instantiating /home/travis/build/icyphy/ptII/ptolemy/cg/kernel/generic/accessor/test/auto/RampJSTextDisplay.xml
TextDisplayHelper: 1
TextDisplayHelper: 2
TextDisplayHelper: 3
TextDisplayHelper: 4
TextDisplayHelper: 5
8713 ms. Memory: 1711104K Free: 320435K (19%)
----------------- Invoking toplevel() on ptolemy.moml.MoMLSimpleApplication@43524e2
----------------- Done invoking toplevel() on ptolemy.moml.MoMLSimpleApplication@43524e2
reloadAllAccessors: .RampJSTextDisplay
-------------- Reloaded accessors, but skipping rerun for now. Sat May 18 04:23:00 UTC 2019 /home/travis/build/icyphy/ptII/ptolemy/cg/kernel/generic/accessor/test/auto/RampJSTextDisplay.xml

===========================================================================================
----------------- testing Sat May 18 04:23:00 UTC 2019 /home/travis/build/icyphy/ptII/ptolemy/cg/kernel/generic/accessor/test/auto/TestComposite.xml
----------------- Instantiating /home/travis/build/icyphy/ptII/ptolemy/cg/kernel/generic/accessor/test/auto/TestComposite.xml
1631 ms. Memory: 1722368K Free: 685772K (40%)
----------------- Invoking toplevel() on ptolemy.moml.MoMLSimpleApplication@413c7bcc
----------------- Done invoking toplevel() on ptolemy.moml.MoMLSimpleApplication@413c7bcc
reloadAllAccessors: .TestComposite
-------------- Reloaded accessors, but skipping rerun for now. Sat May 18 04:23:03 UTC 2019 /home/travis/build/icyphy/ptII/ptolemy/cg/kernel/generic/accessor/test/auto/TestComposite.xml
AutoTests.java: About to close Vertx.
AutoTests.java: Vertx closed.
]]></system-out>
  <system-err><![CDATA[WARNING: TestSpontaneous2: Model stopped before executing actions (e.g. producing outputs) scheduled for execution at times [6.0]
WARNING: TestSpontaneous: Model stopped before executing actions (e.g. producing outputs) scheduled for execution at times [6.0]
WARNING: AccessorStatus: Model stopped before executing actions (e.g. producing outputs) scheduled for execution at times [6.0]
WARNING: TestSpontaneous: Model stopped before executing actions (e.g. producing outputs) scheduled for execution at times [6.0]
WARNING: TestSpontaneous: Model stopped before executing actions (e.g. producing outputs) scheduled for execution at times [5.0]
WARNING: TestSpontaneous: Model stopped before executing actions (e.g. producing outputs) scheduled for execution at times [5.0]
WARNING: TestSpontaneous: Model stopped before executing actions (e.g. producing outputs) scheduled for execution at times [6.0]
]]></system-err>
</testsuite>
