<?xml version="1.0" encoding="UTF-8" ?>
<testsuite errors="0" failures="0" hostname="travis-job-e0d204ae-af3e-4508-ab8f-c9f9322a4e51" name="ptolemy.domains.continuous.test.junit.JUnitTclTest" skipped="0" tests="156" time="85.186" timestamp="2019-10-30T06:04:31">
  <properties>
[...]
</properties>
  <testcase classname="ptolemy.util.test.junit.TclTests" name="[0] ThereAreNoTclTests (RunTclFile)" time="0.008" />
  <testcase classname="ptolemy.util.test.junit.AutoKnownFailedTests" name="[0] ThereAreNoKnowFailedTests (RunModel)" time="0.01" />
  <testcase classname="ptolemy.util.test.junit.AutoNameArchTests" name="[0] ThereAreNoAutoArchTests (RunModel)" time="0.024" />
  <testcase classname="ptolemy.util.test.junit.AutoTests" name="[0] /home/travis/build/icyphy/ptII/ptolemy/domains/continuous/test/auto/BouncingBall.xml (RunModel)" time="3.395" />
  <testcase classname="ptolemy.util.test.junit.AutoTests" name="[1] /home/travis/build/icyphy/ptII/ptolemy/domains/continuous/test/auto/BouncingBallWithoutGR.xml (RunModel)" time="1.139" />
  <testcase classname="ptolemy.util.test.junit.AutoTests" name="[2] /home/travis/build/icyphy/ptII/ptolemy/domains/continuous/test/auto/Brownian.xml (RunModel)" time="0.146" />
  <testcase classname="ptolemy.util.test.junit.AutoTests" name="[3] /home/travis/build/icyphy/ptII/ptolemy/domains/continuous/test/auto/CarTracking.xml (RunModel)" time="4.814" />
  <testcase classname="ptolemy.util.test.junit.AutoTests" name="[4] /home/travis/build/icyphy/ptII/ptolemy/domains/continuous/test/auto/CartPendulum.xml (RunModel)" time="0.674" />
  <testcase classname="ptolemy.util.test.junit.AutoTests" name="[5] /home/travis/build/icyphy/ptII/ptolemy/domains/continuous/test/auto/CausalityInterface10.xml (RunModel)" time="0.064" />
  <testcase classname="ptolemy.util.test.junit.AutoTests" name="[6] /home/travis/build/icyphy/ptII/ptolemy/domains/continuous/test/auto/CausalityInterface11.xml (RunModel)" time="0.039" />
  <testcase classname="ptolemy.util.test.junit.AutoTests" name="[7] /home/travis/build/icyphy/ptII/ptolemy/domains/continuous/test/auto/CausalityInterface12.xml (RunModel)" time="0.042" />
  <testcase classname="ptolemy.util.test.junit.AutoTests" name="[8] /home/travis/build/icyphy/ptII/ptolemy/domains/continuous/test/auto/CausalityInterface13.xml (RunModel)" time="0.037" />
  <testcase classname="ptolemy.util.test.junit.AutoTests" name="[9] /home/travis/build/icyphy/ptII/ptolemy/domains/continuous/test/auto/CausalityInterface14.xml (RunModel)" time="0.03" />
  <testcase classname="ptolemy.util.test.junit.AutoTests" name="[10] /home/travis/build/icyphy/ptII/ptolemy/domains/continuous/test/auto/CausalityInterface4.xml (RunModel)" time="0.042" />
  <testcase classname="ptolemy.util.test.junit.AutoTests" name="[11] /home/travis/build/icyphy/ptII/ptolemy/domains/continuous/test/auto/CausalityInterface5.xml (RunModel)" time="0.067" />
  <testcase classname="ptolemy.util.test.junit.AutoTests" name="[12] /home/travis/build/icyphy/ptII/ptolemy/domains/continuous/test/auto/CausalityInterface6.xml (RunModel)" time="0.028" />
  <testcase classname="ptolemy.util.test.junit.AutoTests" name="[13] /home/travis/build/icyphy/ptII/ptolemy/domains/continuous/test/auto/CausalityInterface7.xml (RunModel)" time="0.05" />
  <testcase classname="ptolemy.util.test.junit.AutoTests" name="[14] /home/travis/build/icyphy/ptII/ptolemy/domains/continuous/test/auto/CausalityInterface8.xml (RunModel)" time="0.053" />
  <testcase classname="ptolemy.util.test.junit.AutoTests" name="[15] /home/travis/build/icyphy/ptII/ptolemy/domains/continuous/test/auto/CausalityInterface9.xml (RunModel)" time="0.059" />
  <testcase classname="ptolemy.util.test.junit.AutoTests" name="[16] /home/travis/build/icyphy/ptII/ptolemy/domains/continuous/test/auto/CausalityInterfaceFeedback1.xml (RunModel)" time="0.075" />
  <testcase classname="ptolemy.util.test.junit.AutoTests" name="[17] /home/travis/build/icyphy/ptII/ptolemy/domains/continuous/test/auto/CausalityInterfaceFeedback2.xml (RunModel)" time="0.03" />
  <testcase classname="ptolemy.util.test.junit.AutoTests" name="[18] /home/travis/build/icyphy/ptII/ptolemy/domains/continuous/test/auto/CompareWithCurrentTime.xml (RunModel)" time="0.023" />
  <testcase classname="ptolemy.util.test.junit.AutoTests" name="[19] /home/travis/build/icyphy/ptII/ptolemy/domains/continuous/test/auto/ComparedClocks.xml (RunModel)" time="0.094" />
  <testcase classname="ptolemy.util.test.junit.AutoTests" name="[20] /home/travis/build/icyphy/ptII/ptolemy/domains/continuous/test/auto/ContinuousAOCClone.xml (RunModel)" time="2.987" />
  <testcase classname="ptolemy.util.test.junit.AutoTests" name="[21] /home/travis/build/icyphy/ptII/ptolemy/domains/continuous/test/auto/ContinuousClock.xml (RunModel)" time="0.108" />
  <testcase classname="ptolemy.util.test.junit.AutoTests" name="[22] /home/travis/build/icyphy/ptII/ptolemy/domains/continuous/test/auto/ContinuousInContinuous.xml (RunModel)" time="0.096" />
  <testcase classname="ptolemy.util.test.junit.AutoTests" name="[23] /home/travis/build/icyphy/ptII/ptolemy/domains/continuous/test/auto/ContinuousInContinuousInContinuous.xml (RunModel)" time="0.031" />
  <testcase classname="ptolemy.util.test.junit.AutoTests" name="[24] /home/travis/build/icyphy/ptII/ptolemy/domains/continuous/test/auto/ContinuousInDE.xml (RunModel)" time="0.133" />
  <testcase classname="ptolemy.util.test.junit.AutoTests" name="[25] /home/travis/build/icyphy/ptII/ptolemy/domains/continuous/test/auto/ContinuousInDE2.xml (RunModel)" time="0.075" />
  <testcase classname="ptolemy.util.test.junit.AutoTests" name="[26] /home/travis/build/icyphy/ptII/ptolemy/domains/continuous/test/auto/ContinuousInDE3.xml (RunModel)" time="0.054" />
  <testcase classname="ptolemy.util.test.junit.AutoTests" name="[27] /home/travis/build/icyphy/ptII/ptolemy/domains/continuous/test/auto/ContinuousInDE4.xml (RunModel)" time="0.033" />
  <testcase classname="ptolemy.util.test.junit.AutoTests" name="[28] /home/travis/build/icyphy/ptII/ptolemy/domains/continuous/test/auto/ContinuousInDEDifferentRefinements.xml (RunModel)" time="0.09" />
  <testcase classname="ptolemy.util.test.junit.AutoTests" name="[29] /home/travis/build/icyphy/ptII/ptolemy/domains/continuous/test/auto/ContinuousInDEDifferentRefinementsPreemptive.xml (RunModel)" time="0.106" />
  <testcase classname="ptolemy.util.test.junit.AutoTests" name="[30] /home/travis/build/icyphy/ptII/ptolemy/domains/continuous/test/auto/ContinuousInDEInContinuous2.xml (RunModel)" time="0.06" />
  <testcase classname="ptolemy.util.test.junit.AutoTests" name="[31] /home/travis/build/icyphy/ptII/ptolemy/domains/continuous/test/auto/ContinuousInDEInContinuous3.xml (RunModel)" time="0.062" />
  <testcase classname="ptolemy.util.test.junit.AutoTests" name="[32] /home/travis/build/icyphy/ptII/ptolemy/domains/continuous/test/auto/ContinuousInDEInput.xml (RunModel)" time="0.039" />
  <testcase classname="ptolemy.util.test.junit.AutoTests" name="[33] /home/travis/build/icyphy/ptII/ptolemy/domains/continuous/test/auto/ContinuousInDEInput2.xml (RunModel)" time="0.035" />
  <testcase classname="ptolemy.util.test.junit.AutoTests" name="[34] /home/travis/build/icyphy/ptII/ptolemy/domains/continuous/test/auto/ContinuousInDEInput3.xml (RunModel)" time="0.039" />
  <testcase classname="ptolemy.util.test.junit.AutoTests" name="[35] /home/travis/build/icyphy/ptII/ptolemy/domains/continuous/test/auto/ContinuousInDESharingRefinement.xml (RunModel)" time="0.205" />
  <testcase classname="ptolemy.util.test.junit.AutoTests" name="[36] /home/travis/build/icyphy/ptII/ptolemy/domains/continuous/test/auto/ContinuousInDEwithNoPorts.xml (RunModel)" time="0.027" />
  <testcase classname="ptolemy.util.test.junit.AutoTests" name="[37] /home/travis/build/icyphy/ptII/ptolemy/domains/continuous/test/auto/ContinuousInsideDE.xml (RunModel)" time="0.093" />
  <testcase classname="ptolemy.util.test.junit.AutoTests" name="[38] /home/travis/build/icyphy/ptII/ptolemy/domains/continuous/test/auto/ContinuousMerge1.xml (RunModel)" time="0.019" />
  <testcase classname="ptolemy.util.test.junit.AutoTests" name="[39] /home/travis/build/icyphy/ptII/ptolemy/domains/continuous/test/auto/ContinuousMerge2.xml (RunModel)" time="0.045" />
  <testcase classname="ptolemy.util.test.junit.AutoTests" name="[40] /home/travis/build/icyphy/ptII/ptolemy/domains/continuous/test/auto/ContinuousMerge3.xml (RunModel)" time="0.078" />
  <testcase classname="ptolemy.util.test.junit.AutoTests" name="[41] /home/travis/build/icyphy/ptII/ptolemy/domains/continuous/test/auto/ContinuousWithinContinuous.xml (RunModel)" time="0.073" />
  <testcase classname="ptolemy.util.test.junit.AutoTests" name="[42] /home/travis/build/icyphy/ptII/ptolemy/domains/continuous/test/auto/ContinuousWithinContinuous2.xml (RunModel)" time="0.107" />
  <testcase classname="ptolemy.util.test.junit.AutoTests" name="[43] /home/travis/build/icyphy/ptII/ptolemy/domains/continuous/test/auto/ContinuousWithinContinuous3.xml (RunModel)" time="0.039" />
  <testcase classname="ptolemy.util.test.junit.AutoTests" name="[44] /home/travis/build/icyphy/ptII/ptolemy/domains/continuous/test/auto/ContinuousWithinContinuous4.xml (RunModel)" time="0.1" />
  <testcase classname="ptolemy.util.test.junit.AutoTests" name="[45] /home/travis/build/icyphy/ptII/ptolemy/domains/continuous/test/auto/ContinuousWithinContinuous5.xml (RunModel)" time="0.037" />
  <testcase classname="ptolemy.util.test.junit.AutoTests" name="[46] /home/travis/build/icyphy/ptII/ptolemy/domains/continuous/test/auto/ContinuousWithinContinuous6.xml (RunModel)" time="0.045" />
  <testcase classname="ptolemy.util.test.junit.AutoTests" name="[47] /home/travis/build/icyphy/ptII/ptolemy/domains/continuous/test/auto/ContinuousWithinContinuous7.xml (RunModel)" time="0.084" />
  <testcase classname="ptolemy.util.test.junit.AutoTests" name="[48] /home/travis/build/icyphy/ptII/ptolemy/domains/continuous/test/auto/DCMotor.xml (RunModel)" time="15.749" />
  <testcase classname="ptolemy.util.test.junit.AutoTests" name="[49] /home/travis/build/icyphy/ptII/ptolemy/domains/continuous/test/auto/DEInContinuous.xml (RunModel)" time="0.036" />
  <testcase classname="ptolemy.util.test.junit.AutoTests" name="[50] /home/travis/build/icyphy/ptII/ptolemy/domains/continuous/test/auto/DEinContinuous2.xml (RunModel)" time="0.03" />
  <testcase classname="ptolemy.util.test.junit.AutoTests" name="[51] /home/travis/build/icyphy/ptII/ptolemy/domains/continuous/test/auto/Derivative.xml (RunModel)" time="0.212" />
  <testcase classname="ptolemy.util.test.junit.AutoTests" name="[52] /home/travis/build/icyphy/ptII/ptolemy/domains/continuous/test/auto/Derivative1.xml (RunModel)" time="0.043" />
  <testcase classname="ptolemy.util.test.junit.AutoTests" name="[53] /home/travis/build/icyphy/ptII/ptolemy/domains/continuous/test/auto/DiscreteClock.xml (RunModel)" time="0.012" />
  <testcase classname="ptolemy.util.test.junit.AutoTests" name="[54] /home/travis/build/icyphy/ptII/ptolemy/domains/continuous/test/auto/EfficiencyCurve.xml (RunModel)" time="0.085" />
  <testcase classname="ptolemy.util.test.junit.AutoTests" name="[55] /home/travis/build/icyphy/ptII/ptolemy/domains/continuous/test/auto/ExponentialResponse.xml (RunModel)" time="0.127" />
  <testcase classname="ptolemy.util.test.junit.AutoTests" name="[56] /home/travis/build/icyphy/ptII/ptolemy/domains/continuous/test/auto/ExponentialResponseRK45.xml (RunModel)" time="0.036" />
  <testcase classname="ptolemy.util.test.junit.AutoTests" name="[57] /home/travis/build/icyphy/ptII/ptolemy/domains/continuous/test/auto/Friction.xml (RunModel)" time="1.817" />
  <testcase classname="ptolemy.util.test.junit.AutoTests" name="[58] /home/travis/build/icyphy/ptII/ptolemy/domains/continuous/test/auto/FurutaPendulum.xml (RunModel)" time="4.06" />
  <testcase classname="ptolemy.util.test.junit.AutoTests" name="[59] /home/travis/build/icyphy/ptII/ptolemy/domains/continuous/test/auto/HierarchicalExecution.xml (RunModel)" time="2.251" />
  <testcase classname="ptolemy.util.test.junit.AutoTests" name="[60] /home/travis/build/icyphy/ptII/ptolemy/domains/continuous/test/auto/HybridPlant.xml (RunModel)" time="0.688" />
  <testcase classname="ptolemy.util.test.junit.AutoTests" name="[61] /home/travis/build/icyphy/ptII/ptolemy/domains/continuous/test/auto/Hysteresis.xml (RunModel)" time="0.215" />
  <testcase classname="ptolemy.util.test.junit.AutoTests" name="[62] /home/travis/build/icyphy/ptII/ptolemy/domains/continuous/test/auto/HysteresisWithRandomDelay.xml (RunModel)" time="0.26" />
  <testcase classname="ptolemy.util.test.junit.AutoTests" name="[63] /home/travis/build/icyphy/ptII/ptolemy/domains/continuous/test/auto/HysteresisWithRandomLosses.xml (RunModel)" time="2.736" />
  <testcase classname="ptolemy.util.test.junit.AutoTests" name="[64] /home/travis/build/icyphy/ptII/ptolemy/domains/continuous/test/auto/ImmediateTransitions.xml (RunModel)" time="0.043" />
  <testcase classname="ptolemy.util.test.junit.AutoTests" name="[65] /home/travis/build/icyphy/ptII/ptolemy/domains/continuous/test/auto/ImpulseFeedback.xml (RunModel)" time="0.022" />
  <testcase classname="ptolemy.util.test.junit.AutoTests" name="[66] /home/travis/build/icyphy/ptII/ptolemy/domains/continuous/test/auto/ImpulseFeedback2.xml (RunModel)" time="0.021" />
  <testcase classname="ptolemy.util.test.junit.AutoTests" name="[67] /home/travis/build/icyphy/ptII/ptolemy/domains/continuous/test/auto/IncreasingRatePoisson.xml (RunModel)" time="0.805" />
  <testcase classname="ptolemy.util.test.junit.AutoTests" name="[68] /home/travis/build/icyphy/ptII/ptolemy/domains/continuous/test/auto/InitialStateFeedback.xml (RunModel)" time="0.017" />
  <testcase classname="ptolemy.util.test.junit.AutoTests" name="[69] /home/travis/build/icyphy/ptII/ptolemy/domains/continuous/test/auto/Integration.xml (RunModel)" time="0.021" />
  <testcase classname="ptolemy.util.test.junit.AutoTests" name="[70] /home/travis/build/icyphy/ptII/ptolemy/domains/continuous/test/auto/Integration2.xml (RunModel)" time="0.102" />
  <testcase classname="ptolemy.util.test.junit.AutoTests" name="[71] /home/travis/build/icyphy/ptII/ptolemy/domains/continuous/test/auto/Integration3.xml (RunModel)" time="0.027" />
  <testcase classname="ptolemy.util.test.junit.AutoTests" name="[72] /home/travis/build/icyphy/ptII/ptolemy/domains/continuous/test/auto/Integration5.xml (RunModel)" time="0.015" />
  <testcase classname="ptolemy.util.test.junit.AutoTests" name="[73] /home/travis/build/icyphy/ptII/ptolemy/domains/continuous/test/auto/IntegratorImpulse.xml (RunModel)" time="0.018" />
  <testcase classname="ptolemy.util.test.junit.AutoTests" name="[74] /home/travis/build/icyphy/ptII/ptolemy/domains/continuous/test/auto/IntegratorImpulse2.xml (RunModel)" time="0.022" />
  <testcase classname="ptolemy.util.test.junit.AutoTests" name="[75] /home/travis/build/icyphy/ptII/ptolemy/domains/continuous/test/auto/LevelCrossing1.xml (RunModel)" time="0.02" />
  <testcase classname="ptolemy.util.test.junit.AutoTests" name="[76] /home/travis/build/icyphy/ptII/ptolemy/domains/continuous/test/auto/LevelCrossing2.xml (RunModel)" time="0.017" />
  <testcase classname="ptolemy.util.test.junit.AutoTests" name="[77] /home/travis/build/icyphy/ptII/ptolemy/domains/continuous/test/auto/LevelCrossing3.xml (RunModel)" time="0.018" />
  <testcase classname="ptolemy.util.test.junit.AutoTests" name="[78] /home/travis/build/icyphy/ptII/ptolemy/domains/continuous/test/auto/LevelCrossing4.xml (RunModel)" time="0.018" />
  <testcase classname="ptolemy.util.test.junit.AutoTests" name="[79] /home/travis/build/icyphy/ptII/ptolemy/domains/continuous/test/auto/LevelCrossing5.xml (RunModel)" time="0.021" />
  <testcase classname="ptolemy.util.test.junit.AutoTests" name="[80] /home/travis/build/icyphy/ptII/ptolemy/domains/continuous/test/auto/LevelCrossing6.xml (RunModel)" time="0.019" />
  <testcase classname="ptolemy.util.test.junit.AutoTests" name="[81] /home/travis/build/icyphy/ptII/ptolemy/domains/continuous/test/auto/LevelCrossingDetector.xml (RunModel)" time="0.047" />
  <testcase classname="ptolemy.util.test.junit.AutoTests" name="[82] /home/travis/build/icyphy/ptII/ptolemy/domains/continuous/test/auto/LevelCrossingDetectorDetectingDirections.xml (RunModel)" time="0.101" />
  <testcase classname="ptolemy.util.test.junit.AutoTests" name="[83] /home/travis/build/icyphy/ptII/ptolemy/domains/continuous/test/auto/LevelCrossingDetectorDetectsGlitches.xml (RunModel)" time="0.075" />
  <testcase classname="ptolemy.util.test.junit.AutoTests" name="[84] /home/travis/build/icyphy/ptII/ptolemy/domains/continuous/test/auto/LevelCrossingNoInitialOuput.xml (RunModel)" time="0.017" />
  <testcase classname="ptolemy.util.test.junit.AutoTests" name="[85] /home/travis/build/icyphy/ptII/ptolemy/domains/continuous/test/auto/LinearStateSpaceExample.xml (RunModel)" time="0.085" />
  <testcase classname="ptolemy.util.test.junit.AutoTests" name="[86] /home/travis/build/icyphy/ptII/ptolemy/domains/continuous/test/auto/Lorenz.xml (RunModel)" time="4.465" />
  <testcase classname="ptolemy.util.test.junit.AutoTests" name="[87] /home/travis/build/icyphy/ptII/ptolemy/domains/continuous/test/auto/LorenzDifferentialSystem.xml (RunModel)" time="1.269" />
  <testcase classname="ptolemy.util.test.junit.AutoTests" name="[88] /home/travis/build/icyphy/ptII/ptolemy/domains/continuous/test/auto/LorenzDifferentialSystemWithInput.xml (RunModel)" time="1.477" />
  <testcase classname="ptolemy.util.test.junit.AutoTests" name="[89] /home/travis/build/icyphy/ptII/ptolemy/domains/continuous/test/auto/LorenzDifferentialSystemWithTime.xml (RunModel)" time="0.909" />
  <testcase classname="ptolemy.util.test.junit.AutoTests" name="[90] /home/travis/build/icyphy/ptII/ptolemy/domains/continuous/test/auto/Microsteps.xml (RunModel)" time="0.028" />
  <testcase classname="ptolemy.util.test.junit.AutoTests" name="[91] /home/travis/build/icyphy/ptII/ptolemy/domains/continuous/test/auto/Modal1.xml (RunModel)" time="0.044" />
  <testcase classname="ptolemy.util.test.junit.AutoTests" name="[92] /home/travis/build/icyphy/ptII/ptolemy/domains/continuous/test/auto/Modal2.xml (RunModel)" time="0.066" />
  <testcase classname="ptolemy.util.test.junit.AutoTests" name="[93] /home/travis/build/icyphy/ptII/ptolemy/domains/continuous/test/auto/ModalTransitionGuardWithReset.xml (RunModel)" time="0.043" />
  <testcase classname="ptolemy.util.test.junit.AutoTests" name="[94] /home/travis/build/icyphy/ptII/ptolemy/domains/continuous/test/auto/ModalTransitionGuardWithResetUsingPreemptiveTransition.xml (RunModel)" time="0.037" />
  <testcase classname="ptolemy.util.test.junit.AutoTests" name="[95] /home/travis/build/icyphy/ptII/ptolemy/domains/continuous/test/auto/ModalTransitionGuardWithResetUsingPreemptiveTransition2.xml (RunModel)" time="0.034" />
  <testcase classname="ptolemy.util.test.junit.AutoTests" name="[96] /home/travis/build/icyphy/ptII/ptolemy/domains/continuous/test/auto/ModalTransitionGuardWithResetUsingPreemptiveTransition3.xml (RunModel)" time="0.035" />
  <testcase classname="ptolemy.util.test.junit.AutoTests" name="[97] /home/travis/build/icyphy/ptII/ptolemy/domains/continuous/test/auto/NewtonsCradle.xml (RunModel)" time="1.026" />
  <testcase classname="ptolemy.util.test.junit.AutoTests" name="[98] /home/travis/build/icyphy/ptII/ptolemy/domains/continuous/test/auto/NewtonsCradleAnimated.xml (RunModel)" time="1.563" />
  <testcase classname="ptolemy.util.test.junit.AutoTests" name="[99] /home/travis/build/icyphy/ptII/ptolemy/domains/continuous/test/auto/NewtonsCradleComplicated.xml (RunModel)" time="1.194" />
  <testcase classname="ptolemy.util.test.junit.AutoTests" name="[100] /home/travis/build/icyphy/ptII/ptolemy/domains/continuous/test/auto/NewtonsCradleNondeterministic.xml (RunModel)" time="0.826" />
  <testcase classname="ptolemy.util.test.junit.AutoTests" name="[101] /home/travis/build/icyphy/ptII/ptolemy/domains/continuous/test/auto/NewtonsCradlePerfectlyInelastic1.xml (RunModel)" time="1.494" />
  <testcase classname="ptolemy.util.test.junit.AutoTests" name="[102] /home/travis/build/icyphy/ptII/ptolemy/domains/continuous/test/auto/Noise.xml (RunModel)" time="0.216" />
  <testcase classname="ptolemy.util.test.junit.AutoTests" name="[103] /home/travis/build/icyphy/ptII/ptolemy/domains/continuous/test/auto/NoiseSpectrum.xml (RunModel)" time="0.944" />
  <testcase classname="ptolemy.util.test.junit.AutoTests" name="[104] /home/travis/build/icyphy/ptII/ptolemy/domains/continuous/test/auto/ParameterizedNewtonsCradleAnimated.xml (RunModel)" time="0.45" />
  <testcase classname="ptolemy.util.test.junit.AutoTests" name="[105] /home/travis/build/icyphy/ptII/ptolemy/domains/continuous/test/auto/ParameterizedNewtonsCradleAnimatedNondeterministic.xml (RunModel)" time="1.426" />
  <testcase classname="ptolemy.util.test.junit.AutoTests" name="[106] /home/travis/build/icyphy/ptII/ptolemy/domains/continuous/test/auto/Pendulum3D.xml (RunModel)" time="0.207" />
  <testcase classname="ptolemy.util.test.junit.AutoTests" name="[107] /home/travis/build/icyphy/ptII/ptolemy/domains/continuous/test/auto/PeriodicSampler.xml (RunModel)" time="0.015" />
  <testcase classname="ptolemy.util.test.junit.AutoTests" name="[108] /home/travis/build/icyphy/ptII/ptolemy/domains/continuous/test/auto/PeriodicSampler1.xml (RunModel)" time="0.055" />
  <testcase classname="ptolemy.util.test.junit.AutoTests" name="[109] /home/travis/build/icyphy/ptII/ptolemy/domains/continuous/test/auto/PeriodicSampler2.xml (RunModel)" time="0.105" />
  <testcase classname="ptolemy.util.test.junit.AutoTests" name="[110] /home/travis/build/icyphy/ptII/ptolemy/domains/continuous/test/auto/Poisson.xml (RunModel)" time="0.564" />
  <testcase classname="ptolemy.util.test.junit.AutoTests" name="[111] /home/travis/build/icyphy/ptII/ptolemy/domains/continuous/test/auto/PoissonClock.xml (RunModel)" time="0.023" />
  <testcase classname="ptolemy.util.test.junit.AutoTests" name="[112] /home/travis/build/icyphy/ptII/ptolemy/domains/continuous/test/auto/PoissonClock2.xml (RunModel)" time="0.016" />
  <testcase classname="ptolemy.util.test.junit.AutoTests" name="[113] /home/travis/build/icyphy/ptII/ptolemy/domains/continuous/test/auto/PortParameterHierarchy.xml (RunModel)" time="0.033" />
  <testcase classname="ptolemy.util.test.junit.AutoTests" name="[114] /home/travis/build/icyphy/ptII/ptolemy/domains/continuous/test/auto/RandomHybridPlant.xml (RunModel)" time="0.662" />
  <testcase classname="ptolemy.util.test.junit.AutoTests" name="[115] /home/travis/build/icyphy/ptII/ptolemy/domains/continuous/test/auto/ResetTransitionWithStartTime1.xml (RunModel)" time="0.037" />
  <testcase classname="ptolemy.util.test.junit.AutoTests" name="[116] /home/travis/build/icyphy/ptII/ptolemy/domains/continuous/test/auto/ResetTransitionWithStartTime2.xml (RunModel)" time="0.043" />
  <testcase classname="ptolemy.util.test.junit.AutoTests" name="[117] /home/travis/build/icyphy/ptII/ptolemy/domains/continuous/test/auto/ResetTransitionWithStartTime3.xml (RunModel)" time="0.055" />
  <testcase classname="ptolemy.util.test.junit.AutoTests" name="[118] /home/travis/build/icyphy/ptII/ptolemy/domains/continuous/test/auto/ResetTransitionWithStartTime4.xml (RunModel)" time="0.032" />
  <testcase classname="ptolemy.util.test.junit.AutoTests" name="[119] /home/travis/build/icyphy/ptII/ptolemy/domains/continuous/test/auto/ResetTransitionWithStartTime5.xml (RunModel)" time="0.039" />
  <testcase classname="ptolemy.util.test.junit.AutoTests" name="[120] /home/travis/build/icyphy/ptII/ptolemy/domains/continuous/test/auto/ResetTransitionWithStartTime6.xml (RunModel)" time="0.034" />
  <testcase classname="ptolemy.util.test.junit.AutoTests" name="[121] /home/travis/build/icyphy/ptII/ptolemy/domains/continuous/test/auto/SRinContinuous.xml (RunModel)" time="0.026" />
  <testcase classname="ptolemy.util.test.junit.AutoTests" name="[122] /home/travis/build/icyphy/ptII/ptolemy/domains/continuous/test/auto/SampledClocks.xml (RunModel)" time="0.045" />
  <testcase classname="ptolemy.util.test.junit.AutoTests" name="[123] /home/travis/build/icyphy/ptII/ptolemy/domains/continuous/test/auto/Satellite.xml (RunModel)" time="0.878" />
  <testcase classname="ptolemy.util.test.junit.AutoTests" name="[124] /home/travis/build/icyphy/ptII/ptolemy/domains/continuous/test/auto/SigmaDelta.xml (RunModel)" time="2.563" />
  <testcase classname="ptolemy.util.test.junit.AutoTests" name="[125] /home/travis/build/icyphy/ptII/ptolemy/domains/continuous/test/auto/SingleRefinement.xml (RunModel)" time="0.426" />
  <testcase classname="ptolemy.util.test.junit.AutoTests" name="[126] /home/travis/build/icyphy/ptII/ptolemy/domains/continuous/test/auto/SinuBouncingBall.xml (RunModel)" time="0.914" />
  <testcase classname="ptolemy.util.test.junit.AutoTests" name="[127] /home/travis/build/icyphy/ptII/ptolemy/domains/continuous/test/auto/Sinusoid.xml (RunModel)" time="0.022" />
  <testcase classname="ptolemy.util.test.junit.AutoTests" name="[128] /home/travis/build/icyphy/ptII/ptolemy/domains/continuous/test/auto/SinusoidInNoise.xml (RunModel)" time="1.106" />
  <testcase classname="ptolemy.util.test.junit.AutoTests" name="[129] /home/travis/build/icyphy/ptII/ptolemy/domains/continuous/test/auto/SinusoidRK45.xml (RunModel)" time="0.013" />
  <testcase classname="ptolemy.util.test.junit.AutoTests" name="[130] /home/travis/build/icyphy/ptII/ptolemy/domains/continuous/test/auto/SinusoidWithMultipleImpulses.xml (RunModel)" time="0.012" />
  <testcase classname="ptolemy.util.test.junit.AutoTests" name="[131] /home/travis/build/icyphy/ptII/ptolemy/domains/continuous/test/auto/SquareWave.xml (RunModel)" time="0.22" />
  <testcase classname="ptolemy.util.test.junit.AutoTests" name="[132] /home/travis/build/icyphy/ptII/ptolemy/domains/continuous/test/auto/Starmac.xml (RunModel)" time="3.437" />
  <testcase classname="ptolemy.util.test.junit.AutoTests" name="[133] /home/travis/build/icyphy/ptII/ptolemy/domains/continuous/test/auto/StaticUnits.xml (RunModel)" time="2.818" />
  <testcase classname="ptolemy.util.test.junit.AutoTests" name="[134] /home/travis/build/icyphy/ptII/ptolemy/domains/continuous/test/auto/StickyMasses.xml (RunModel)" time="0.201" />
  <testcase classname="ptolemy.util.test.junit.AutoTests" name="[135] /home/travis/build/icyphy/ptII/ptolemy/domains/continuous/test/auto/StopTime.xml (RunModel)" time="0.063" />
  <testcase classname="ptolemy.util.test.junit.AutoTests" name="[136] /home/travis/build/icyphy/ptII/ptolemy/domains/continuous/test/auto/StopTime2.xml (RunModel)" time="0.06" />
  <testcase classname="ptolemy.util.test.junit.AutoTests" name="[137] /home/travis/build/icyphy/ptII/ptolemy/domains/continuous/test/auto/Switch.xml (RunModel)" time="0.064" />
  <testcase classname="ptolemy.util.test.junit.AutoTests" name="[138] /home/travis/build/icyphy/ptII/ptolemy/domains/continuous/test/auto/Thermostat.xml (RunModel)" time="0.388" />
  <testcase classname="ptolemy.util.test.junit.AutoTests" name="[139] /home/travis/build/icyphy/ptII/ptolemy/domains/continuous/test/auto/TimeDelay.xml (RunModel)" time="0.017" />
  <testcase classname="ptolemy.util.test.junit.AutoTests" name="[140] /home/travis/build/icyphy/ptII/ptolemy/domains/continuous/test/auto/TimeDelay2.xml (RunModel)" time="0.03" />
  <testcase classname="ptolemy.util.test.junit.AutoTests" name="[141] /home/travis/build/icyphy/ptII/ptolemy/domains/continuous/test/auto/TimeDelay3.xml (RunModel)" time="0.015" />
  <testcase classname="ptolemy.util.test.junit.AutoTests" name="[142] /home/travis/build/icyphy/ptII/ptolemy/domains/continuous/test/auto/TransferAbsentToInside.xml (RunModel)" time="0.161" />
  <testcase classname="ptolemy.util.test.junit.AutoTests" name="[143] /home/travis/build/icyphy/ptII/ptolemy/domains/continuous/test/auto/Transmission.xml (RunModel)" time="0.887" />
  <testcase classname="ptolemy.util.test.junit.AutoTests" name="[144] /home/travis/build/icyphy/ptII/ptolemy/domains/continuous/test/auto/TriggeredContinuousClock.xml (RunModel)" time="0.075" />
  <testcase classname="ptolemy.util.test.junit.AutoTests" name="[145] /home/travis/build/icyphy/ptII/ptolemy/domains/continuous/test/auto/TwoMachineInfiniteBusControl.xml (RunModel)" time="3.082" />
  <testcase classname="ptolemy.util.test.junit.AutoTests" name="[146] /home/travis/build/icyphy/ptII/ptolemy/domains/continuous/test/auto/V2V.xml (RunModel)" time="0.922" />
  <testcase classname="ptolemy.util.test.junit.AutoTests" name="[147] /home/travis/build/icyphy/ptII/ptolemy/domains/continuous/test/auto/hierarchicalModalModel.xml (RunModel)" time="0.041" />
  <testcase classname="ptolemy.util.test.junit.AutoTests" name="[148] /home/travis/build/icyphy/ptII/ptolemy/domains/continuous/test/auto/hierarchicalModalModel1.xml (RunModel)" time="0.037" />
  <testcase classname="ptolemy.util.test.junit.AutoTests" name="[149] /home/travis/build/icyphy/ptII/ptolemy/domains/continuous/test/auto/hierarchicalModalModel2.xml (RunModel)" time="0.034" />
  <testcase classname="ptolemy.util.test.junit.AutoTests" name="[150] /home/travis/build/icyphy/ptII/ptolemy/domains/continuous/test/auto/hierarchicalModalModel3.xml (RunModel)" time="0.034" />
  <testcase classname="ptolemy.util.test.junit.AutoTests" name="[151] /home/travis/build/icyphy/ptII/ptolemy/domains/continuous/test/auto/hierarchicalModalModel4.xml (RunModel)" time="0.033" />
  <testcase classname="ptolemy.util.test.junit.AutoTests" name="[152] /home/travis/build/icyphy/ptII/ptolemy/domains/continuous/test/auto/junk.xml (RunModel)" time="0.156" />
  <system-out><![CDATA[No tcl tests in /home/travis/build/icyphy/ptII/ptolemy/domains/continuous/test
No auto/knownFailedTests/*.xml tests in /home/travis/build/icyphy/ptII/ptolemy/domains/continuous/test
No auto/linux-amd64/*.xml tests in /home/travis/build/icyphy/ptII/ptolemy/domains/continuous/test
AutoTests.java: About to close Vertx.
AutoTests.java: Vertx closed.

===========================================================================================
----------------- testing Wed Oct 30 06:04:32 UTC 2019 /home/travis/build/icyphy/ptII/ptolemy/domains/continuous/test/auto/BouncingBall.xml
----------------- Instantiating /home/travis/build/icyphy/ptII/ptolemy/domains/continuous/test/auto/BouncingBall.xml
2630 ms. Memory: 148480K Free: 91232K (61%)
----------------- Invoking toplevel() on ptolemy.moml.MoMLSimpleApplication@1c41eff7
----------------- Done invoking toplevel() on ptolemy.moml.MoMLSimpleApplication@1c41eff7
reloadAllAccessors: .BouncingBall

===========================================================================================
----------------- testing Wed Oct 30 06:04:35 UTC 2019 /home/travis/build/icyphy/ptII/ptolemy/domains/continuous/test/auto/BouncingBallWithoutGR.xml
----------------- Instantiating /home/travis/build/icyphy/ptII/ptolemy/domains/continuous/test/auto/BouncingBallWithoutGR.xml
976 ms. Memory: 148480K Free: 83024K (56%)
----------------- Invoking toplevel() on ptolemy.moml.MoMLSimpleApplication@301cd6d5
----------------- Done invoking toplevel() on ptolemy.moml.MoMLSimpleApplication@301cd6d5
reloadAllAccessors: .BouncingBallWithoutGR

===========================================================================================
----------------- testing Wed Oct 30 06:04:37 UTC 2019 /home/travis/build/icyphy/ptII/ptolemy/domains/continuous/test/auto/Brownian.xml
----------------- Instantiating /home/travis/build/icyphy/ptII/ptolemy/domains/continuous/test/auto/Brownian.xml
51 ms. Memory: 148480K Free: 73808K (50%)
----------------- Invoking toplevel() on ptolemy.moml.MoMLSimpleApplication@7ffa8987
----------------- Done invoking toplevel() on ptolemy.moml.MoMLSimpleApplication@7ffa8987
reloadAllAccessors: .Brownian

===========================================================================================
----------------- testing Wed Oct 30 06:04:37 UTC 2019 /home/travis/build/icyphy/ptII/ptolemy/domains/continuous/test/auto/CarTracking.xml
----------------- Instantiating /home/travis/build/icyphy/ptII/ptolemy/domains/continuous/test/auto/CarTracking.xml
4394 ms. Memory: 214016K Free: 84162K (39%)
----------------- Invoking toplevel() on ptolemy.moml.MoMLSimpleApplication@33bb3e93
----------------- Done invoking toplevel() on ptolemy.moml.MoMLSimpleApplication@33bb3e93
reloadAllAccessors: .CarTracking

===========================================================================================
----------------- testing Wed Oct 30 06:04:42 UTC 2019 /home/travis/build/icyphy/ptII/ptolemy/domains/continuous/test/auto/CartPendulum.xml
----------------- Instantiating /home/travis/build/icyphy/ptII/ptolemy/domains/continuous/test/auto/CartPendulum.xml
478 ms. Memory: 214016K Free: 116413K (54%)
----------------- Invoking toplevel() on ptolemy.moml.MoMLSimpleApplication@5dd4d21f
----------------- Done invoking toplevel() on ptolemy.moml.MoMLSimpleApplication@5dd4d21f
reloadAllAccessors: .CartPendulum

===========================================================================================
----------------- testing Wed Oct 30 06:04:42 UTC 2019 /home/travis/build/icyphy/ptII/ptolemy/domains/continuous/test/auto/CausalityInterface10.xml
----------------- Instantiating /home/travis/build/icyphy/ptII/ptolemy/domains/continuous/test/auto/CausalityInterface10.xml
12 ms. Memory: 214016K Free: 106188K (50%)
----------------- Invoking toplevel() on ptolemy.moml.MoMLSimpleApplication@7da1a2c5
----------------- Done invoking toplevel() on ptolemy.moml.MoMLSimpleApplication@7da1a2c5
reloadAllAccessors: .CausalityInterface10

===========================================================================================
----------------- testing Wed Oct 30 06:04:42 UTC 2019 /home/travis/build/icyphy/ptII/ptolemy/domains/continuous/test/auto/CausalityInterface11.xml
----------------- Instantiating /home/travis/build/icyphy/ptII/ptolemy/domains/continuous/test/auto/CausalityInterface11.xml
10 ms. Memory: 214016K Free: 100029K (47%)
----------------- Invoking toplevel() on ptolemy.moml.MoMLSimpleApplication@6360f919
----------------- Done invoking toplevel() on ptolemy.moml.MoMLSimpleApplication@6360f919
reloadAllAccessors: .CausalityInterface11

===========================================================================================
----------------- testing Wed Oct 30 06:04:42 UTC 2019 /home/travis/build/icyphy/ptII/ptolemy/domains/continuous/test/auto/CausalityInterface12.xml
----------------- Instantiating /home/travis/build/icyphy/ptII/ptolemy/domains/continuous/test/auto/CausalityInterface12.xml
10 ms. Memory: 214016K Free: 93900K (44%)
----------------- Invoking toplevel() on ptolemy.moml.MoMLSimpleApplication@41c7c993
----------------- Done invoking toplevel() on ptolemy.moml.MoMLSimpleApplication@41c7c993
reloadAllAccessors: .CausalityInterface12

===========================================================================================
----------------- testing Wed Oct 30 06:04:43 UTC 2019 /home/travis/build/icyphy/ptII/ptolemy/domains/continuous/test/auto/CausalityInterface13.xml
----------------- Instantiating /home/travis/build/icyphy/ptII/ptolemy/domains/continuous/test/auto/CausalityInterface13.xml
7 ms. Memory: 214016K Free: 87725K (41%)
----------------- Invoking toplevel() on ptolemy.moml.MoMLSimpleApplication@235eff25
----------------- Done invoking toplevel() on ptolemy.moml.MoMLSimpleApplication@235eff25
reloadAllAccessors: .CausalityInterface13

===========================================================================================
----------------- testing Wed Oct 30 06:04:43 UTC 2019 /home/travis/build/icyphy/ptII/ptolemy/domains/continuous/test/auto/CausalityInterface14.xml
----------------- Instantiating /home/travis/build/icyphy/ptII/ptolemy/domains/continuous/test/auto/CausalityInterface14.xml
5 ms. Memory: 214016K Free: 82126K (38%)
----------------- Invoking toplevel() on ptolemy.moml.MoMLSimpleApplication@2714ed09
----------------- Done invoking toplevel() on ptolemy.moml.MoMLSimpleApplication@2714ed09
reloadAllAccessors: .CausalityInterface14

===========================================================================================
----------------- testing Wed Oct 30 06:04:43 UTC 2019 /home/travis/build/icyphy/ptII/ptolemy/domains/continuous/test/auto/CausalityInterface4.xml
----------------- Instantiating /home/travis/build/icyphy/ptII/ptolemy/domains/continuous/test/auto/CausalityInterface4.xml
6 ms. Memory: 214016K Free: 74958K (35%)
----------------- Invoking toplevel() on ptolemy.moml.MoMLSimpleApplication@5e0f83fb
----------------- Done invoking toplevel() on ptolemy.moml.MoMLSimpleApplication@5e0f83fb
reloadAllAccessors: .CausalityInterface4

===========================================================================================
----------------- testing Wed Oct 30 06:04:43 UTC 2019 /home/travis/build/icyphy/ptII/ptolemy/domains/continuous/test/auto/CausalityInterface5.xml
----------------- Instantiating /home/travis/build/icyphy/ptII/ptolemy/domains/continuous/test/auto/CausalityInterface5.xml
9 ms. Memory: 214016K Free: 193975K (91%)
----------------- Invoking toplevel() on ptolemy.moml.MoMLSimpleApplication@636b55f4
----------------- Done invoking toplevel() on ptolemy.moml.MoMLSimpleApplication@636b55f4
reloadAllAccessors: .CausalityInterface5

===========================================================================================
----------------- testing Wed Oct 30 06:04:43 UTC 2019 /home/travis/build/icyphy/ptII/ptolemy/domains/continuous/test/auto/CausalityInterface6.xml
----------------- Instantiating /home/travis/build/icyphy/ptII/ptolemy/domains/continuous/test/auto/CausalityInterface6.xml
4 ms. Memory: 214016K Free: 187831K (88%)
----------------- Invoking toplevel() on ptolemy.moml.MoMLSimpleApplication@2a09d5d1
----------------- Done invoking toplevel() on ptolemy.moml.MoMLSimpleApplication@2a09d5d1
reloadAllAccessors: .CausalityInterface6

===========================================================================================
----------------- testing Wed Oct 30 06:04:43 UTC 2019 /home/travis/build/icyphy/ptII/ptolemy/domains/continuous/test/auto/CausalityInterface7.xml
----------------- Instantiating /home/travis/build/icyphy/ptII/ptolemy/domains/continuous/test/auto/CausalityInterface7.xml
12 ms. Memory: 214016K Free: 179125K (84%)
----------------- Invoking toplevel() on ptolemy.moml.MoMLSimpleApplication@4e68152d
----------------- Done invoking toplevel() on ptolemy.moml.MoMLSimpleApplication@4e68152d
reloadAllAccessors: .CausalityInterface7

===========================================================================================
----------------- testing Wed Oct 30 06:04:43 UTC 2019 /home/travis/build/icyphy/ptII/ptolemy/domains/continuous/test/auto/CausalityInterface8.xml
----------------- Instantiating /home/travis/build/icyphy/ptII/ptolemy/domains/continuous/test/auto/CausalityInterface8.xml
8 ms. Memory: 214016K Free: 170423K (80%)
----------------- Invoking toplevel() on ptolemy.moml.MoMLSimpleApplication@f9abe1f
----------------- Done invoking toplevel() on ptolemy.moml.MoMLSimpleApplication@f9abe1f
reloadAllAccessors: .CausalityInterface8

===========================================================================================
----------------- testing Wed Oct 30 06:04:43 UTC 2019 /home/travis/build/icyphy/ptII/ptolemy/domains/continuous/test/auto/CausalityInterface9.xml
----------------- Instantiating /home/travis/build/icyphy/ptII/ptolemy/domains/continuous/test/auto/CausalityInterface9.xml
12 ms. Memory: 214016K Free: 159669K (75%)
----------------- Invoking toplevel() on ptolemy.moml.MoMLSimpleApplication@27db9233
----------------- Done invoking toplevel() on ptolemy.moml.MoMLSimpleApplication@27db9233
reloadAllAccessors: .CausalityInterface9

===========================================================================================
----------------- testing Wed Oct 30 06:04:43 UTC 2019 /home/travis/build/icyphy/ptII/ptolemy/domains/continuous/test/auto/CausalityInterfaceFeedback1.xml
----------------- Instantiating /home/travis/build/icyphy/ptII/ptolemy/domains/continuous/test/auto/CausalityInterfaceFeedback1.xml
5 ms. Memory: 214016K Free: 153015K (71%)
----------------- Invoking toplevel() on ptolemy.moml.MoMLSimpleApplication@29e6f628
----------------- Done invoking toplevel() on ptolemy.moml.MoMLSimpleApplication@29e6f628
reloadAllAccessors: .CausalityInterfaceFeedback1

===========================================================================================
----------------- testing Wed Oct 30 06:04:43 UTC 2019 /home/travis/build/icyphy/ptII/ptolemy/domains/continuous/test/auto/CausalityInterfaceFeedback2.xml
----------------- Instantiating /home/travis/build/icyphy/ptII/ptolemy/domains/continuous/test/auto/CausalityInterfaceFeedback2.xml
4 ms. Memory: 214016K Free: 146343K (68%)
----------------- Invoking toplevel() on ptolemy.moml.MoMLSimpleApplication@485dccc
----------------- Done invoking toplevel() on ptolemy.moml.MoMLSimpleApplication@485dccc
reloadAllAccessors: .CausalityInterfaceFeedback2

===========================================================================================
----------------- testing Wed Oct 30 06:04:43 UTC 2019 /home/travis/build/icyphy/ptII/ptolemy/domains/continuous/test/auto/CompareWithCurrentTime.xml
----------------- Instantiating /home/travis/build/icyphy/ptII/ptolemy/domains/continuous/test/auto/CompareWithCurrentTime.xml
9 ms. Memory: 214016K Free: 142261K (66%)
----------------- Invoking toplevel() on ptolemy.moml.MoMLSimpleApplication@1973f9e1
----------------- Done invoking toplevel() on ptolemy.moml.MoMLSimpleApplication@1973f9e1
reloadAllAccessors: .CompareWithCurrentTime

===========================================================================================
----------------- testing Wed Oct 30 06:04:43 UTC 2019 /home/travis/build/icyphy/ptII/ptolemy/domains/continuous/test/auto/ComparedClocks.xml
----------------- Instantiating /home/travis/build/icyphy/ptII/ptolemy/domains/continuous/test/auto/ComparedClocks.xml
10 ms. Memory: 214016K Free: 126887K (59%)
----------------- Invoking toplevel() on ptolemy.moml.MoMLSimpleApplication@3cf8669a
----------------- Done invoking toplevel() on ptolemy.moml.MoMLSimpleApplication@3cf8669a
reloadAllAccessors: .ComparedClocks

===========================================================================================
----------------- testing Wed Oct 30 06:04:43 UTC 2019 /home/travis/build/icyphy/ptII/ptolemy/domains/continuous/test/auto/ContinuousAOCClone.xml
----------------- Instantiating /home/travis/build/icyphy/ptII/ptolemy/domains/continuous/test/auto/ContinuousAOCClone.xml
2724 ms. Memory: 257024K Free: 136786K (53%)
----------------- Invoking toplevel() on ptolemy.moml.MoMLSimpleApplication@5c816c9f
----------------- Done invoking toplevel() on ptolemy.moml.MoMLSimpleApplication@5c816c9f
reloadAllAccessors: .ContinuousAOCClone

===========================================================================================
----------------- testing Wed Oct 30 06:04:46 UTC 2019 /home/travis/build/icyphy/ptII/ptolemy/domains/continuous/test/auto/ContinuousClock.xml
----------------- Instantiating /home/travis/build/icyphy/ptII/ptolemy/domains/continuous/test/auto/ContinuousClock.xml
34 ms. Memory: 257024K Free: 114754K (45%)
----------------- Invoking toplevel() on ptolemy.moml.MoMLSimpleApplication@60e39202
----------------- Done invoking toplevel() on ptolemy.moml.MoMLSimpleApplication@60e39202
reloadAllAccessors: .ContinuousClock

===========================================================================================
----------------- testing Wed Oct 30 06:04:46 UTC 2019 /home/travis/build/icyphy/ptII/ptolemy/domains/continuous/test/auto/ContinuousInContinuous.xml
----------------- Instantiating /home/travis/build/icyphy/ptII/ptolemy/domains/continuous/test/auto/ContinuousInContinuous.xml
42 ms. Memory: 257024K Free: 91202K (35%)
----------------- Invoking toplevel() on ptolemy.moml.MoMLSimpleApplication@5a6519f9
----------------- Done invoking toplevel() on ptolemy.moml.MoMLSimpleApplication@5a6519f9
reloadAllAccessors: .ContinuousInContinuous

===========================================================================================
----------------- testing Wed Oct 30 06:04:46 UTC 2019 /home/travis/build/icyphy/ptII/ptolemy/domains/continuous/test/auto/ContinuousInContinuousInContinuous.xml
----------------- Instantiating /home/travis/build/icyphy/ptII/ptolemy/domains/continuous/test/auto/ContinuousInContinuousInContinuous.xml
7 ms. Memory: 257024K Free: 234989K (91%)
----------------- Invoking toplevel() on ptolemy.moml.MoMLSimpleApplication@57937502
----------------- Done invoking toplevel() on ptolemy.moml.MoMLSimpleApplication@57937502
reloadAllAccessors: .ContinuousInContinuousInContinuous

===========================================================================================
----------------- testing Wed Oct 30 06:04:46 UTC 2019 /home/travis/build/icyphy/ptII/ptolemy/domains/continuous/test/auto/ContinuousInDE.xml
----------------- Instantiating /home/travis/build/icyphy/ptII/ptolemy/domains/continuous/test/auto/ContinuousInDE.xml
107 ms. Memory: 257024K Free: 224239K (87%)
----------------- Invoking toplevel() on ptolemy.moml.MoMLSimpleApplication@62516006
----------------- Done invoking toplevel() on ptolemy.moml.MoMLSimpleApplication@62516006
reloadAllAccessors: .ContinuousInDE

===========================================================================================
----------------- testing Wed Oct 30 06:04:47 UTC 2019 /home/travis/build/icyphy/ptII/ptolemy/domains/continuous/test/auto/ContinuousInDE2.xml
----------------- Instantiating /home/travis/build/icyphy/ptII/ptolemy/domains/continuous/test/auto/ContinuousInDE2.xml
55 ms. Memory: 257024K Free: 214509K (83%)
----------------- Invoking toplevel() on ptolemy.moml.MoMLSimpleApplication@6b2278fe
----------------- Done invoking toplevel() on ptolemy.moml.MoMLSimpleApplication@6b2278fe
reloadAllAccessors: .ContinuousInDE2

===========================================================================================
----------------- testing Wed Oct 30 06:04:47 UTC 2019 /home/travis/build/icyphy/ptII/ptolemy/domains/continuous/test/auto/ContinuousInDE3.xml
----------------- Instantiating /home/travis/build/icyphy/ptII/ptolemy/domains/continuous/test/auto/ContinuousInDE3.xml
40 ms. Memory: 257024K Free: 204783K (80%)
----------------- Invoking toplevel() on ptolemy.moml.MoMLSimpleApplication@1ae5219e
----------------- Done invoking toplevel() on ptolemy.moml.MoMLSimpleApplication@1ae5219e
reloadAllAccessors: .ContinuousInDE3

===========================================================================================
----------------- testing Wed Oct 30 06:04:47 UTC 2019 /home/travis/build/icyphy/ptII/ptolemy/domains/continuous/test/auto/ContinuousInDE4.xml
----------------- Instantiating /home/travis/build/icyphy/ptII/ptolemy/domains/continuous/test/auto/ContinuousInDE4.xml
16 ms. Memory: 257024K Free: 198639K (77%)
----------------- Invoking toplevel() on ptolemy.moml.MoMLSimpleApplication@1e705456
----------------- Done invoking toplevel() on ptolemy.moml.MoMLSimpleApplication@1e705456
reloadAllAccessors: .ContinuousInDE4

===========================================================================================
----------------- testing Wed Oct 30 06:04:47 UTC 2019 /home/travis/build/icyphy/ptII/ptolemy/domains/continuous/test/auto/ContinuousInDEDifferentRefinements.xml
----------------- Instantiating /home/travis/build/icyphy/ptII/ptolemy/domains/continuous/test/auto/ContinuousInDEDifferentRefinements.xml
51 ms. Memory: 257024K Free: 167391K (65%)
----------------- Invoking toplevel() on ptolemy.moml.MoMLSimpleApplication@3d79ff1a
----------------- Done invoking toplevel() on ptolemy.moml.MoMLSimpleApplication@3d79ff1a
reloadAllAccessors: .ContinuousInDEDifferentRefinements

===========================================================================================
----------------- testing Wed Oct 30 06:04:47 UTC 2019 /home/travis/build/icyphy/ptII/ptolemy/domains/continuous/test/auto/ContinuousInDEDifferentRefinementsPreemptive.xml
----------------- Instantiating /home/travis/build/icyphy/ptII/ptolemy/domains/continuous/test/auto/ContinuousInDEDifferentRefinementsPreemptive.xml
60 ms. Memory: 257024K Free: 136685K (53%)
----------------- Invoking toplevel() on ptolemy.moml.MoMLSimpleApplication@be8c929
----------------- Done invoking toplevel() on ptolemy.moml.MoMLSimpleApplication@be8c929
reloadAllAccessors: .ContinuousInDEDifferentRefinementsPreemptive

===========================================================================================
----------------- testing Wed Oct 30 06:04:47 UTC 2019 /home/travis/build/icyphy/ptII/ptolemy/domains/continuous/test/auto/ContinuousInDEInContinuous2.xml
----------------- Instantiating /home/travis/build/icyphy/ptII/ptolemy/domains/continuous/test/auto/ContinuousInDEInContinuous2.xml
36 ms. Memory: 257024K Free: 125421K (49%)
----------------- Invoking toplevel() on ptolemy.moml.MoMLSimpleApplication@447d4035
----------------- Done invoking toplevel() on ptolemy.moml.MoMLSimpleApplication@447d4035
reloadAllAccessors: .ContinuousInDEInContinuous2

===========================================================================================
----------------- testing Wed Oct 30 06:04:47 UTC 2019 /home/travis/build/icyphy/ptII/ptolemy/domains/continuous/test/auto/ContinuousInDEInContinuous3.xml
----------------- Instantiating /home/travis/build/icyphy/ptII/ptolemy/domains/continuous/test/auto/ContinuousInDEInContinuous3.xml
36 ms. Memory: 257024K Free: 113647K (44%)
----------------- Invoking toplevel() on ptolemy.moml.MoMLSimpleApplication@62f189ff
----------------- Done invoking toplevel() on ptolemy.moml.MoMLSimpleApplication@62f189ff
reloadAllAccessors: .ContinuousInDEInContinuous3

===========================================================================================
----------------- testing Wed Oct 30 06:04:47 UTC 2019 /home/travis/build/icyphy/ptII/ptolemy/domains/continuous/test/auto/ContinuousInDEInput.xml
----------------- Instantiating /home/travis/build/icyphy/ptII/ptolemy/domains/continuous/test/auto/ContinuousInDEInput.xml
17 ms. Memory: 257024K Free: 106479K (41%)
----------------- Invoking toplevel() on ptolemy.moml.MoMLSimpleApplication@71850f8f
----------------- Done invoking toplevel() on ptolemy.moml.MoMLSimpleApplication@71850f8f
reloadAllAccessors: .ContinuousInDEInput

===========================================================================================
----------------- testing Wed Oct 30 06:04:47 UTC 2019 /home/travis/build/icyphy/ptII/ptolemy/domains/continuous/test/auto/ContinuousInDEInput2.xml
----------------- Instantiating /home/travis/build/icyphy/ptII/ptolemy/domains/continuous/test/auto/ContinuousInDEInput2.xml
15 ms. Memory: 257024K Free: 99311K (39%)
----------------- Invoking toplevel() on ptolemy.moml.MoMLSimpleApplication@44e59310
----------------- Done invoking toplevel() on ptolemy.moml.MoMLSimpleApplication@44e59310
reloadAllAccessors: .ContinuousInDEInput2

===========================================================================================
----------------- testing Wed Oct 30 06:04:47 UTC 2019 /home/travis/build/icyphy/ptII/ptolemy/domains/continuous/test/auto/ContinuousInDEInput3.xml
----------------- Instantiating /home/travis/build/icyphy/ptII/ptolemy/domains/continuous/test/auto/ContinuousInDEInput3.xml
16 ms. Memory: 257024K Free: 92143K (36%)
----------------- Invoking toplevel() on ptolemy.moml.MoMLSimpleApplication@1dd14df4
----------------- Done invoking toplevel() on ptolemy.moml.MoMLSimpleApplication@1dd14df4
reloadAllAccessors: .ContinuousInDEInput3

===========================================================================================
----------------- testing Wed Oct 30 06:04:47 UTC 2019 /home/travis/build/icyphy/ptII/ptolemy/domains/continuous/test/auto/ContinuousInDESharingRefinement.xml
----------------- Instantiating /home/travis/build/icyphy/ptII/ptolemy/domains/continuous/test/auto/ContinuousInDESharingRefinement.xml
156 ms. Memory: 257024K Free: 150730K (59%)
----------------- Invoking toplevel() on ptolemy.moml.MoMLSimpleApplication@180bb102
----------------- Done invoking toplevel() on ptolemy.moml.MoMLSimpleApplication@180bb102
reloadAllAccessors: .ContinuousInDESharingRefinement

===========================================================================================
----------------- testing Wed Oct 30 06:04:47 UTC 2019 /home/travis/build/icyphy/ptII/ptolemy/domains/continuous/test/auto/ContinuousInDEwithNoPorts.xml
----------------- Instantiating /home/travis/build/icyphy/ptII/ptolemy/domains/continuous/test/auto/ContinuousInDEwithNoPorts.xml
3 ms. Memory: 257024K Free: 146634K (57%)
----------------- Invoking toplevel() on ptolemy.moml.MoMLSimpleApplication@18223fa2
----------------- Done invoking toplevel() on ptolemy.moml.MoMLSimpleApplication@18223fa2
reloadAllAccessors: .ContinuousInDEwithNoPorts

===========================================================================================
----------------- testing Wed Oct 30 06:04:47 UTC 2019 /home/travis/build/icyphy/ptII/ptolemy/domains/continuous/test/auto/ContinuousInsideDE.xml
----------------- Instantiating /home/travis/build/icyphy/ptII/ptolemy/domains/continuous/test/auto/ContinuousInsideDE.xml
42 ms. Memory: 257024K Free: 135370K (53%)
----------------- Invoking toplevel() on ptolemy.moml.MoMLSimpleApplication@68465669
----------------- Done invoking toplevel() on ptolemy.moml.MoMLSimpleApplication@68465669
reloadAllAccessors: .ContinuousInsideDE

===========================================================================================
----------------- testing Wed Oct 30 06:04:47 UTC 2019 /home/travis/build/icyphy/ptII/ptolemy/domains/continuous/test/auto/ContinuousMerge1.xml
----------------- Instantiating /home/travis/build/icyphy/ptII/ptolemy/domains/continuous/test/auto/ContinuousMerge1.xml
4 ms. Memory: 257024K Free: 130746K (51%)
----------------- Invoking toplevel() on ptolemy.moml.MoMLSimpleApplication@5331d0b0
----------------- Done invoking toplevel() on ptolemy.moml.MoMLSimpleApplication@5331d0b0
reloadAllAccessors: .ContinuousMerge1

===========================================================================================
----------------- testing Wed Oct 30 06:04:48 UTC 2019 /home/travis/build/icyphy/ptII/ptolemy/domains/continuous/test/auto/ContinuousMerge2.xml
----------------- Instantiating /home/travis/build/icyphy/ptII/ptolemy/domains/continuous/test/auto/ContinuousMerge2.xml
15 ms. Memory: 257024K Free: 120520K (47%)
----------------- Invoking toplevel() on ptolemy.moml.MoMLSimpleApplication@6afad5bb
----------------- Done invoking toplevel() on ptolemy.moml.MoMLSimpleApplication@6afad5bb
reloadAllAccessors: .ContinuousMerge2

===========================================================================================
----------------- testing Wed Oct 30 06:04:48 UTC 2019 /home/travis/build/icyphy/ptII/ptolemy/domains/continuous/test/auto/ContinuousMerge3.xml
----------------- Instantiating /home/travis/build/icyphy/ptII/ptolemy/domains/continuous/test/auto/ContinuousMerge3.xml
51 ms. Memory: 257024K Free: 109770K (43%)
----------------- Invoking toplevel() on ptolemy.moml.MoMLSimpleApplication@54f489c2
----------------- Done invoking toplevel() on ptolemy.moml.MoMLSimpleApplication@54f489c2
reloadAllAccessors: .ContinuousMerge3

===========================================================================================
----------------- testing Wed Oct 30 06:04:48 UTC 2019 /home/travis/build/icyphy/ptII/ptolemy/domains/continuous/test/auto/ContinuousWithinContinuous.xml
----------------- Instantiating /home/travis/build/icyphy/ptII/ptolemy/domains/continuous/test/auto/ContinuousWithinContinuous.xml
44 ms. Memory: 257024K Free: 100040K (39%)
----------------- Invoking toplevel() on ptolemy.moml.MoMLSimpleApplication@67cdd9e0
----------------- Done invoking toplevel() on ptolemy.moml.MoMLSimpleApplication@67cdd9e0
reloadAllAccessors: .ContinuousWithinContinuous

===========================================================================================
----------------- testing Wed Oct 30 06:04:48 UTC 2019 /home/travis/build/icyphy/ptII/ptolemy/domains/continuous/test/auto/ContinuousWithinContinuous2.xml
----------------- Instantiating /home/travis/build/icyphy/ptII/ptolemy/domains/continuous/test/auto/ContinuousWithinContinuous2.xml
91 ms. Memory: 257024K Free: 241666K (94%)
----------------- Invoking toplevel() on ptolemy.moml.MoMLSimpleApplication@3bf7ca6f
----------------- Done invoking toplevel() on ptolemy.moml.MoMLSimpleApplication@3bf7ca6f
reloadAllAccessors: .ContinuousWithinContinuous2

===========================================================================================
----------------- testing Wed Oct 30 06:04:48 UTC 2019 /home/travis/build/icyphy/ptII/ptolemy/domains/continuous/test/auto/ContinuousWithinContinuous3.xml
----------------- Instantiating /home/travis/build/icyphy/ptII/ptolemy/domains/continuous/test/auto/ContinuousWithinContinuous3.xml
16 ms. Memory: 257024K Free: 234299K (91%)
----------------- Invoking toplevel() on ptolemy.moml.MoMLSimpleApplication@4b7548c2
----------------- Done invoking toplevel() on ptolemy.moml.MoMLSimpleApplication@4b7548c2
reloadAllAccessors: .ContinuousWithinContinuous3

===========================================================================================
----------------- testing Wed Oct 30 06:04:48 UTC 2019 /home/travis/build/icyphy/ptII/ptolemy/domains/continuous/test/auto/ContinuousWithinContinuous4.xml
----------------- Instantiating /home/travis/build/icyphy/ptII/ptolemy/domains/continuous/test/auto/ContinuousWithinContinuous4.xml
78 ms. Memory: 257024K Free: 222011K (86%)
----------------- Invoking toplevel() on ptolemy.moml.MoMLSimpleApplication@4620047d
----------------- Done invoking toplevel() on ptolemy.moml.MoMLSimpleApplication@4620047d
reloadAllAccessors: .ContinuousWithinContinuous4

===========================================================================================
----------------- testing Wed Oct 30 06:04:48 UTC 2019 /home/travis/build/icyphy/ptII/ptolemy/domains/continuous/test/auto/ContinuousWithinContinuous5.xml
----------------- Instantiating /home/travis/build/icyphy/ptII/ptolemy/domains/continuous/test/auto/ContinuousWithinContinuous5.xml
14 ms. Memory: 257024K Free: 214843K (84%)
----------------- Invoking toplevel() on ptolemy.moml.MoMLSimpleApplication@764f4b34
----------------- Done invoking toplevel() on ptolemy.moml.MoMLSimpleApplication@764f4b34
reloadAllAccessors: .ContinuousWithinContinuous5

===========================================================================================
----------------- testing Wed Oct 30 06:04:48 UTC 2019 /home/travis/build/icyphy/ptII/ptolemy/domains/continuous/test/auto/ContinuousWithinContinuous6.xml
----------------- Instantiating /home/travis/build/icyphy/ptII/ptolemy/domains/continuous/test/auto/ContinuousWithinContinuous6.xml
12 ms. Memory: 257024K Free: 207675K (81%)
----------------- Invoking toplevel() on ptolemy.moml.MoMLSimpleApplication@326c5b74
----------------- Done invoking toplevel() on ptolemy.moml.MoMLSimpleApplication@326c5b74
reloadAllAccessors: .ContinuousWithinContinuous6

===========================================================================================
----------------- testing Wed Oct 30 06:04:48 UTC 2019 /home/travis/build/icyphy/ptII/ptolemy/domains/continuous/test/auto/ContinuousWithinContinuous7.xml
----------------- Instantiating /home/travis/build/icyphy/ptII/ptolemy/domains/continuous/test/auto/ContinuousWithinContinuous7.xml
59 ms. Memory: 257024K Free: 196411K (76%)
----------------- Invoking toplevel() on ptolemy.moml.MoMLSimpleApplication@520aa833
----------------- Done invoking toplevel() on ptolemy.moml.MoMLSimpleApplication@520aa833
reloadAllAccessors: .ContinuousWithinContinuous7

===========================================================================================
----------------- testing Wed Oct 30 06:04:48 UTC 2019 /home/travis/build/icyphy/ptII/ptolemy/domains/continuous/test/auto/DCMotor.xml
----------------- Instantiating /home/travis/build/icyphy/ptII/ptolemy/domains/continuous/test/auto/DCMotor.xml
15640 ms. Memory: 257024K Free: 104616K (41%)
----------------- Invoking toplevel() on ptolemy.moml.MoMLSimpleApplication@22cbbe04
----------------- Done invoking toplevel() on ptolemy.moml.MoMLSimpleApplication@22cbbe04
reloadAllAccessors: .DCMotor

===========================================================================================
----------------- testing Wed Oct 30 06:05:04 UTC 2019 /home/travis/build/icyphy/ptII/ptolemy/domains/continuous/test/auto/DEInContinuous.xml
----------------- Instantiating /home/travis/build/icyphy/ptII/ptolemy/domains/continuous/test/auto/DEInContinuous.xml
21 ms. Memory: 257024K Free: 98486K (38%)
----------------- Invoking toplevel() on ptolemy.moml.MoMLSimpleApplication@f22c772
----------------- Done invoking toplevel() on ptolemy.moml.MoMLSimpleApplication@f22c772
reloadAllAccessors: .DEInContinuous

===========================================================================================
----------------- testing Wed Oct 30 06:05:04 UTC 2019 /home/travis/build/icyphy/ptII/ptolemy/domains/continuous/test/auto/DEinContinuous2.xml
----------------- Instantiating /home/travis/build/icyphy/ptII/ptolemy/domains/continuous/test/auto/DEinContinuous2.xml
9 ms. Memory: 257024K Free: 90280K (35%)
----------------- Invoking toplevel() on ptolemy.moml.MoMLSimpleApplication@28de64aa
----------------- Done invoking toplevel() on ptolemy.moml.MoMLSimpleApplication@28de64aa
reloadAllAccessors: .DEinContinuous2

===========================================================================================
----------------- testing Wed Oct 30 06:05:04 UTC 2019 /home/travis/build/icyphy/ptII/ptolemy/domains/continuous/test/auto/Derivative.xml
----------------- Instantiating /home/travis/build/icyphy/ptII/ptolemy/domains/continuous/test/auto/Derivative.xml
162 ms. Memory: 257024K Free: 213157K (83%)
----------------- Invoking toplevel() on ptolemy.moml.MoMLSimpleApplication@5498a1eb
----------------- Done invoking toplevel() on ptolemy.moml.MoMLSimpleApplication@5498a1eb
reloadAllAccessors: .Derivative2

===========================================================================================
----------------- testing Wed Oct 30 06:05:04 UTC 2019 /home/travis/build/icyphy/ptII/ptolemy/domains/continuous/test/auto/Derivative1.xml
----------------- Instantiating /home/travis/build/icyphy/ptII/ptolemy/domains/continuous/test/auto/Derivative1.xml
19 ms. Memory: 257024K Free: 198821K (77%)
----------------- Invoking toplevel() on ptolemy.moml.MoMLSimpleApplication@4ac9a1d8
----------------- Done invoking toplevel() on ptolemy.moml.MoMLSimpleApplication@4ac9a1d8
reloadAllAccessors: .Derivative1

===========================================================================================
----------------- testing Wed Oct 30 06:05:04 UTC 2019 /home/travis/build/icyphy/ptII/ptolemy/domains/continuous/test/auto/DiscreteClock.xml
----------------- Instantiating /home/travis/build/icyphy/ptII/ptolemy/domains/continuous/test/auto/DiscreteClock.xml
3 ms. Memory: 257024K Free: 193701K (75%)
----------------- Invoking toplevel() on ptolemy.moml.MoMLSimpleApplication@7bd9b74
----------------- Done invoking toplevel() on ptolemy.moml.MoMLSimpleApplication@7bd9b74
reloadAllAccessors: .DiscreteClock

===========================================================================================
----------------- testing Wed Oct 30 06:05:04 UTC 2019 /home/travis/build/icyphy/ptII/ptolemy/domains/continuous/test/auto/EfficiencyCurve.xml
----------------- Instantiating /home/travis/build/icyphy/ptII/ptolemy/domains/continuous/test/auto/EfficiencyCurve.xml
62 ms. Memory: 257024K Free: 184485K (72%)
----------------- Invoking toplevel() on ptolemy.moml.MoMLSimpleApplication@290853bf
----------------- Done invoking toplevel() on ptolemy.moml.MoMLSimpleApplication@290853bf
reloadAllAccessors: .EfficiencyCurve

===========================================================================================
----------------- testing Wed Oct 30 06:05:04 UTC 2019 /home/travis/build/icyphy/ptII/ptolemy/domains/continuous/test/auto/ExponentialResponse.xml
----------------- Instantiating /home/travis/build/icyphy/ptII/ptolemy/domains/continuous/test/auto/ExponentialResponse.xml
118 ms. Memory: 257024K Free: 168615K (66%)
----------------- Invoking toplevel() on ptolemy.moml.MoMLSimpleApplication@225f21ee
----------------- Done invoking toplevel() on ptolemy.moml.MoMLSimpleApplication@225f21ee
reloadAllAccessors: .ExponentialResponse

===========================================================================================
----------------- testing Wed Oct 30 06:05:04 UTC 2019 /home/travis/build/icyphy/ptII/ptolemy/domains/continuous/test/auto/ExponentialResponseRK45.xml
----------------- Instantiating /home/travis/build/icyphy/ptII/ptolemy/domains/continuous/test/auto/ExponentialResponseRK45.xml
28 ms. Memory: 257024K Free: 161957K (63%)
----------------- Invoking toplevel() on ptolemy.moml.MoMLSimpleApplication@425fecf2
----------------- Done invoking toplevel() on ptolemy.moml.MoMLSimpleApplication@425fecf2
reloadAllAccessors: .ExponentialResponseRK45

===========================================================================================
----------------- testing Wed Oct 30 06:05:04 UTC 2019 /home/travis/build/icyphy/ptII/ptolemy/domains/continuous/test/auto/Friction.xml
----------------- Instantiating /home/travis/build/icyphy/ptII/ptolemy/domains/continuous/test/auto/Friction.xml
1704 ms. Memory: 257024K Free: 190633K (74%)
----------------- Invoking toplevel() on ptolemy.moml.MoMLSimpleApplication@2375a3af
----------------- Done invoking toplevel() on ptolemy.moml.MoMLSimpleApplication@2375a3af
reloadAllAccessors: .Friction

===========================================================================================
----------------- testing Wed Oct 30 06:05:06 UTC 2019 /home/travis/build/icyphy/ptII/ptolemy/domains/continuous/test/auto/FurutaPendulum.xml
----------------- Instantiating /home/travis/build/icyphy/ptII/ptolemy/domains/continuous/test/auto/FurutaPendulum.xml
3858 ms. Memory: 257024K Free: 127076K (49%)
----------------- Invoking toplevel() on ptolemy.moml.MoMLSimpleApplication@34fdccf0
----------------- Done invoking toplevel() on ptolemy.moml.MoMLSimpleApplication@34fdccf0
reloadAllAccessors: .FurutaPendulum

===========================================================================================
----------------- testing Wed Oct 30 06:05:10 UTC 2019 /home/travis/build/icyphy/ptII/ptolemy/domains/continuous/test/auto/HierarchicalExecution.xml
----------------- Instantiating /home/travis/build/icyphy/ptII/ptolemy/domains/continuous/test/auto/HierarchicalExecution.xml
1908 ms. Memory: 257024K Free: 145291K (57%)
----------------- Invoking toplevel() on ptolemy.moml.MoMLSimpleApplication@73b2e987
----------------- Done invoking toplevel() on ptolemy.moml.MoMLSimpleApplication@73b2e987
reloadAllAccessors: .HierarchicalExecution

===========================================================================================
----------------- testing Wed Oct 30 06:05:13 UTC 2019 /home/travis/build/icyphy/ptII/ptolemy/domains/continuous/test/auto/HybridPlant.xml
----------------- Instantiating /home/travis/build/icyphy/ptII/ptolemy/domains/continuous/test/auto/HybridPlant.xml
616 ms. Memory: 257024K Free: 186069K (72%)
----------------- Invoking toplevel() on ptolemy.moml.MoMLSimpleApplication@35ae563
----------------- Done invoking toplevel() on ptolemy.moml.MoMLSimpleApplication@35ae563
reloadAllAccessors: .HybridPlant

===========================================================================================
----------------- testing Wed Oct 30 06:05:13 UTC 2019 /home/travis/build/icyphy/ptII/ptolemy/domains/continuous/test/auto/Hysteresis.xml
----------------- Instantiating /home/travis/build/icyphy/ptII/ptolemy/domains/continuous/test/auto/Hysteresis.xml
155 ms. Memory: 257024K Free: 123605K (48%)
----------------- Invoking toplevel() on ptolemy.moml.MoMLSimpleApplication@7bb38165
----------------- Done invoking toplevel() on ptolemy.moml.MoMLSimpleApplication@7bb38165
reloadAllAccessors: .Hysteresis

===========================================================================================
----------------- testing Wed Oct 30 06:05:14 UTC 2019 /home/travis/build/icyphy/ptII/ptolemy/domains/continuous/test/auto/HysteresisWithRandomDelay.xml
----------------- Instantiating /home/travis/build/icyphy/ptII/ptolemy/domains/continuous/test/auto/HysteresisWithRandomDelay.xml
195 ms. Memory: 257024K Free: 204639K (80%)
----------------- Invoking toplevel() on ptolemy.moml.MoMLSimpleApplication@503048c4
----------------- Done invoking toplevel() on ptolemy.moml.MoMLSimpleApplication@503048c4
reloadAllAccessors: .HysteresisWithRandomDelay

===========================================================================================
----------------- testing Wed Oct 30 06:05:14 UTC 2019 /home/travis/build/icyphy/ptII/ptolemy/domains/continuous/test/auto/HysteresisWithRandomLosses.xml
----------------- Instantiating /home/travis/build/icyphy/ptII/ptolemy/domains/continuous/test/auto/HysteresisWithRandomLosses.xml
2639 ms. Memory: 309248K Free: 160640K (52%)
----------------- Invoking toplevel() on ptolemy.moml.MoMLSimpleApplication@57901bd
----------------- Done invoking toplevel() on ptolemy.moml.MoMLSimpleApplication@57901bd
reloadAllAccessors: .HysteresisWithRandomLosses

===========================================================================================
----------------- testing Wed Oct 30 06:05:17 UTC 2019 /home/travis/build/icyphy/ptII/ptolemy/domains/continuous/test/auto/ImmediateTransitions.xml
----------------- Instantiating /home/travis/build/icyphy/ptII/ptolemy/domains/continuous/test/auto/ImmediateTransitions.xml
11 ms. Memory: 309248K Free: 149362K (48%)
----------------- Invoking toplevel() on ptolemy.moml.MoMLSimpleApplication@19f7544c
----------------- Done invoking toplevel() on ptolemy.moml.MoMLSimpleApplication@19f7544c
reloadAllAccessors: .ImmediateTransitions

===========================================================================================
----------------- testing Wed Oct 30 06:05:17 UTC 2019 /home/travis/build/icyphy/ptII/ptolemy/domains/continuous/test/auto/ImpulseFeedback.xml
----------------- Instantiating /home/travis/build/icyphy/ptII/ptolemy/domains/continuous/test/auto/ImpulseFeedback.xml
9 ms. Memory: 309248K Free: 143746K (46%)
----------------- Invoking toplevel() on ptolemy.moml.MoMLSimpleApplication@27fbc8a6
----------------- Done invoking toplevel() on ptolemy.moml.MoMLSimpleApplication@27fbc8a6
reloadAllAccessors: .ImpulseFeedback

===========================================================================================
----------------- testing Wed Oct 30 06:05:17 UTC 2019 /home/travis/build/icyphy/ptII/ptolemy/domains/continuous/test/auto/ImpulseFeedback2.xml
----------------- Instantiating /home/travis/build/icyphy/ptII/ptolemy/domains/continuous/test/auto/ImpulseFeedback2.xml
7 ms. Memory: 309248K Free: 138112K (45%)
----------------- Invoking toplevel() on ptolemy.moml.MoMLSimpleApplication@15380ca2
----------------- Done invoking toplevel() on ptolemy.moml.MoMLSimpleApplication@15380ca2
reloadAllAccessors: .ImpulseFeedback2

===========================================================================================
----------------- testing Wed Oct 30 06:05:17 UTC 2019 /home/travis/build/icyphy/ptII/ptolemy/domains/continuous/test/auto/IncreasingRatePoisson.xml
----------------- Instantiating /home/travis/build/icyphy/ptII/ptolemy/domains/continuous/test/auto/IncreasingRatePoisson.xml
775 ms. Memory: 309248K Free: 207879K (67%)
----------------- Invoking toplevel() on ptolemy.moml.MoMLSimpleApplication@f51c3ba
----------------- Done invoking toplevel() on ptolemy.moml.MoMLSimpleApplication@f51c3ba
reloadAllAccessors: .IncreasingRatePoisson

===========================================================================================
----------------- testing Wed Oct 30 06:05:17 UTC 2019 /home/travis/build/icyphy/ptII/ptolemy/domains/continuous/test/auto/InitialStateFeedback.xml
----------------- Instantiating /home/travis/build/icyphy/ptII/ptolemy/domains/continuous/test/auto/InitialStateFeedback.xml
5 ms. Memory: 309248K Free: 203269K (66%)
----------------- Invoking toplevel() on ptolemy.moml.MoMLSimpleApplication@6a12f52d
----------------- Done invoking toplevel() on ptolemy.moml.MoMLSimpleApplication@6a12f52d
reloadAllAccessors: .InitialStateFeedback

===========================================================================================
----------------- testing Wed Oct 30 06:05:17 UTC 2019 /home/travis/build/icyphy/ptII/ptolemy/domains/continuous/test/auto/Integration.xml
----------------- Instantiating /home/travis/build/icyphy/ptII/ptolemy/domains/continuous/test/auto/Integration.xml
6 ms. Memory: 309248K Free: 199173K (64%)
----------------- Invoking toplevel() on ptolemy.moml.MoMLSimpleApplication@102d40af
----------------- Done invoking toplevel() on ptolemy.moml.MoMLSimpleApplication@102d40af
reloadAllAccessors: .Integration

===========================================================================================
----------------- testing Wed Oct 30 06:05:17 UTC 2019 /home/travis/build/icyphy/ptII/ptolemy/domains/continuous/test/auto/Integration2.xml
----------------- Instantiating /home/travis/build/icyphy/ptII/ptolemy/domains/continuous/test/auto/Integration2.xml
90 ms. Memory: 309248K Free: 184837K (60%)
----------------- Invoking toplevel() on ptolemy.moml.MoMLSimpleApplication@3942b522
----------------- Done invoking toplevel() on ptolemy.moml.MoMLSimpleApplication@3942b522
reloadAllAccessors: .Integration2

===========================================================================================
----------------- testing Wed Oct 30 06:05:18 UTC 2019 /home/travis/build/icyphy/ptII/ptolemy/domains/continuous/test/auto/Integration3.xml
----------------- Instantiating /home/travis/build/icyphy/ptII/ptolemy/domains/continuous/test/auto/Integration3.xml
3 ms. Memory: 309248K Free: 180231K (58%)
----------------- Invoking toplevel() on ptolemy.moml.MoMLSimpleApplication@33822ac1
----------------- Done invoking toplevel() on ptolemy.moml.MoMLSimpleApplication@33822ac1
reloadAllAccessors: .Integration3

===========================================================================================
----------------- testing Wed Oct 30 06:05:18 UTC 2019 /home/travis/build/icyphy/ptII/ptolemy/domains/continuous/test/auto/Integration5.xml
----------------- Instantiating /home/travis/build/icyphy/ptII/ptolemy/domains/continuous/test/auto/Integration5.xml
4 ms. Memory: 309248K Free: 176135K (57%)
----------------- Invoking toplevel() on ptolemy.moml.MoMLSimpleApplication@57272ca7
----------------- Done invoking toplevel() on ptolemy.moml.MoMLSimpleApplication@57272ca7
reloadAllAccessors: .Integration5

===========================================================================================
----------------- testing Wed Oct 30 06:05:18 UTC 2019 /home/travis/build/icyphy/ptII/ptolemy/domains/continuous/test/auto/IntegratorImpulse.xml
----------------- Instantiating /home/travis/build/icyphy/ptII/ptolemy/domains/continuous/test/auto/IntegratorImpulse.xml
4 ms. Memory: 309248K Free: 172039K (56%)
----------------- Invoking toplevel() on ptolemy.moml.MoMLSimpleApplication@11258ba6
----------------- Done invoking toplevel() on ptolemy.moml.MoMLSimpleApplication@11258ba6
reloadAllAccessors: .IntegratorImpulse

===========================================================================================
----------------- testing Wed Oct 30 06:05:18 UTC 2019 /home/travis/build/icyphy/ptII/ptolemy/domains/continuous/test/auto/IntegratorImpulse2.xml
----------------- Instantiating /home/travis/build/icyphy/ptII/ptolemy/domains/continuous/test/auto/IntegratorImpulse2.xml
5 ms. Memory: 309248K Free: 167423K (54%)
----------------- Invoking toplevel() on ptolemy.moml.MoMLSimpleApplication@2eb9b818
----------------- Done invoking toplevel() on ptolemy.moml.MoMLSimpleApplication@2eb9b818
reloadAllAccessors: .IntegratorImpulse2

===========================================================================================
----------------- testing Wed Oct 30 06:05:18 UTC 2019 /home/travis/build/icyphy/ptII/ptolemy/domains/continuous/test/auto/LevelCrossing1.xml
----------------- Instantiating /home/travis/build/icyphy/ptII/ptolemy/domains/continuous/test/auto/LevelCrossing1.xml
5 ms. Memory: 309248K Free: 162303K (52%)
----------------- Invoking toplevel() on ptolemy.moml.MoMLSimpleApplication@2959ef72
----------------- Done invoking toplevel() on ptolemy.moml.MoMLSimpleApplication@2959ef72
reloadAllAccessors: .LevelCrossing1

===========================================================================================
----------------- testing Wed Oct 30 06:05:18 UTC 2019 /home/travis/build/icyphy/ptII/ptolemy/domains/continuous/test/auto/LevelCrossing2.xml
----------------- Instantiating /home/travis/build/icyphy/ptII/ptolemy/domains/continuous/test/auto/LevelCrossing2.xml
4 ms. Memory: 309248K Free: 157189K (51%)
----------------- Invoking toplevel() on ptolemy.moml.MoMLSimpleApplication@61008e8c
----------------- Done invoking toplevel() on ptolemy.moml.MoMLSimpleApplication@61008e8c
reloadAllAccessors: .LevelCrossing2

===========================================================================================
----------------- testing Wed Oct 30 06:05:18 UTC 2019 /home/travis/build/icyphy/ptII/ptolemy/domains/continuous/test/auto/LevelCrossing3.xml
----------------- Instantiating /home/travis/build/icyphy/ptII/ptolemy/domains/continuous/test/auto/LevelCrossing3.xml
3 ms. Memory: 309248K Free: 152055K (49%)
----------------- Invoking toplevel() on ptolemy.moml.MoMLSimpleApplication@25fe1532
----------------- Done invoking toplevel() on ptolemy.moml.MoMLSimpleApplication@25fe1532
reloadAllAccessors: .LevelCrossing3

===========================================================================================
----------------- testing Wed Oct 30 06:05:18 UTC 2019 /home/travis/build/icyphy/ptII/ptolemy/domains/continuous/test/auto/LevelCrossing4.xml
----------------- Instantiating /home/travis/build/icyphy/ptII/ptolemy/domains/continuous/test/auto/LevelCrossing4.xml
5 ms. Memory: 309248K Free: 146949K (48%)
----------------- Invoking toplevel() on ptolemy.moml.MoMLSimpleApplication@5de4bb0f
----------------- Done invoking toplevel() on ptolemy.moml.MoMLSimpleApplication@5de4bb0f
reloadAllAccessors: .LevelCrossing4

===========================================================================================
----------------- testing Wed Oct 30 06:05:18 UTC 2019 /home/travis/build/icyphy/ptII/ptolemy/domains/continuous/test/auto/LevelCrossing5.xml
----------------- Instantiating /home/travis/build/icyphy/ptII/ptolemy/domains/continuous/test/auto/LevelCrossing5.xml
3 ms. Memory: 309248K Free: 141829K (46%)
----------------- Invoking toplevel() on ptolemy.moml.MoMLSimpleApplication@61f8a2cc
----------------- Done invoking toplevel() on ptolemy.moml.MoMLSimpleApplication@61f8a2cc
reloadAllAccessors: .LevelCrossing5

===========================================================================================
[...]
5 ms. Memory: 309248K Free: 248505K (80%)
----------------- Invoking toplevel() on ptolemy.moml.MoMLSimpleApplication@498075f1
----------------- Done invoking toplevel() on ptolemy.moml.MoMLSimpleApplication@498075f1
reloadAllAccessors: .SRinContinuous

===========================================================================================
----------------- testing Wed Oct 30 06:05:38 UTC 2019 /home/travis/build/icyphy/ptII/ptolemy/domains/continuous/test/auto/SampledClocks.xml
----------------- Instantiating /home/travis/build/icyphy/ptII/ptolemy/domains/continuous/test/auto/SampledClocks.xml
8 ms. Memory: 309248K Free: 235703K (76%)
----------------- Invoking toplevel() on ptolemy.moml.MoMLSimpleApplication@643e324b
----------------- Done invoking toplevel() on ptolemy.moml.MoMLSimpleApplication@643e324b
reloadAllAccessors: .SampledClocks

===========================================================================================
----------------- testing Wed Oct 30 06:05:38 UTC 2019 /home/travis/build/icyphy/ptII/ptolemy/domains/continuous/test/auto/Satellite.xml
----------------- Instantiating /home/travis/build/icyphy/ptII/ptolemy/domains/continuous/test/auto/Satellite.xml
856 ms. Memory: 309248K Free: 218498K (71%)
----------------- Invoking toplevel() on ptolemy.moml.MoMLSimpleApplication@30804916
----------------- Done invoking toplevel() on ptolemy.moml.MoMLSimpleApplication@30804916
reloadAllAccessors: .Satellite

===========================================================================================
----------------- testing Wed Oct 30 06:05:39 UTC 2019 /home/travis/build/icyphy/ptII/ptolemy/domains/continuous/test/auto/SigmaDelta.xml
----------------- Instantiating /home/travis/build/icyphy/ptII/ptolemy/domains/continuous/test/auto/SigmaDelta.xml
2397 ms. Memory: 309248K Free: 140865K (46%)
----------------- Invoking toplevel() on ptolemy.moml.MoMLSimpleApplication@e1f7656
----------------- Done invoking toplevel() on ptolemy.moml.MoMLSimpleApplication@e1f7656
reloadAllAccessors: .SigmaDelta

===========================================================================================
----------------- testing Wed Oct 30 06:05:41 UTC 2019 /home/travis/build/icyphy/ptII/ptolemy/domains/continuous/test/auto/SingleRefinement.xml
----------------- Instantiating /home/travis/build/icyphy/ptII/ptolemy/domains/continuous/test/auto/SingleRefinement.xml
311 ms. Memory: 309248K Free: 141889K (46%)
----------------- Invoking toplevel() on ptolemy.moml.MoMLSimpleApplication@4afbb1e8
----------------- Done invoking toplevel() on ptolemy.moml.MoMLSimpleApplication@4afbb1e8
reloadAllAccessors: .SingleRefinement

===========================================================================================
----------------- testing Wed Oct 30 06:05:42 UTC 2019 /home/travis/build/icyphy/ptII/ptolemy/domains/continuous/test/auto/SinuBouncingBall.xml
----------------- Instantiating /home/travis/build/icyphy/ptII/ptolemy/domains/continuous/test/auto/SinuBouncingBall.xml
835 ms. Memory: 309248K Free: 291185K (94%)
----------------- Invoking toplevel() on ptolemy.moml.MoMLSimpleApplication@44dff8c9
----------------- Done invoking toplevel() on ptolemy.moml.MoMLSimpleApplication@44dff8c9
reloadAllAccessors: .SinuBouncingBall

===========================================================================================
----------------- testing Wed Oct 30 06:05:43 UTC 2019 /home/travis/build/icyphy/ptII/ptolemy/domains/continuous/test/auto/Sinusoid.xml
----------------- Instantiating /home/travis/build/icyphy/ptII/ptolemy/domains/continuous/test/auto/Sinusoid.xml
5 ms. Memory: 309248K Free: 286561K (93%)
----------------- Invoking toplevel() on ptolemy.moml.MoMLSimpleApplication@26b81c19
----------------- Done invoking toplevel() on ptolemy.moml.MoMLSimpleApplication@26b81c19
reloadAllAccessors: .Sinusoid

===========================================================================================
----------------- testing Wed Oct 30 06:05:43 UTC 2019 /home/travis/build/icyphy/ptII/ptolemy/domains/continuous/test/auto/SinusoidInNoise.xml
----------------- Instantiating /home/travis/build/icyphy/ptII/ptolemy/domains/continuous/test/auto/SinusoidInNoise.xml
1060 ms. Memory: 309248K Free: 152431K (49%)
----------------- Invoking toplevel() on ptolemy.moml.MoMLSimpleApplication@7bfa6237
----------------- Done invoking toplevel() on ptolemy.moml.MoMLSimpleApplication@7bfa6237
reloadAllAccessors: .SinusoidInNoise

===========================================================================================
----------------- testing Wed Oct 30 06:05:44 UTC 2019 /home/travis/build/icyphy/ptII/ptolemy/domains/continuous/test/auto/SinusoidRK45.xml
----------------- Instantiating /home/travis/build/icyphy/ptII/ptolemy/domains/continuous/test/auto/SinusoidRK45.xml
2 ms. Memory: 309248K Free: 148321K (48%)
----------------- Invoking toplevel() on ptolemy.moml.MoMLSimpleApplication@ad49038
----------------- Done invoking toplevel() on ptolemy.moml.MoMLSimpleApplication@ad49038
reloadAllAccessors: .SinusoidRK45

===========================================================================================
----------------- testing Wed Oct 30 06:05:44 UTC 2019 /home/travis/build/icyphy/ptII/ptolemy/domains/continuous/test/auto/SinusoidWithMultipleImpulses.xml
----------------- Instantiating /home/travis/build/icyphy/ptII/ptolemy/domains/continuous/test/auto/SinusoidWithMultipleImpulses.xml
3 ms. Memory: 309248K Free: 143729K (46%)
----------------- Invoking toplevel() on ptolemy.moml.MoMLSimpleApplication@3f772c1
----------------- Done invoking toplevel() on ptolemy.moml.MoMLSimpleApplication@3f772c1
reloadAllAccessors: .SinusoidWithMultipleImpulses

===========================================================================================
----------------- testing Wed Oct 30 06:05:44 UTC 2019 /home/travis/build/icyphy/ptII/ptolemy/domains/continuous/test/auto/SquareWave.xml
----------------- Instantiating /home/travis/build/icyphy/ptII/ptolemy/domains/continuous/test/auto/SquareWave.xml
182 ms. Memory: 309248K Free: 116081K (38%)
----------------- Invoking toplevel() on ptolemy.moml.MoMLSimpleApplication@7f7b21b5
----------------- Done invoking toplevel() on ptolemy.moml.MoMLSimpleApplication@7f7b21b5
reloadAllAccessors: .SquareWave

===========================================================================================
----------------- testing Wed Oct 30 06:05:44 UTC 2019 /home/travis/build/icyphy/ptII/ptolemy/domains/continuous/test/auto/Starmac.xml
----------------- Instantiating /home/travis/build/icyphy/ptII/ptolemy/domains/continuous/test/auto/Starmac.xml
3072 ms. Memory: 309248K Free: 167093K (54%)
----------------- Invoking toplevel() on ptolemy.moml.MoMLSimpleApplication@77df3c7b
----------------- Done invoking toplevel() on ptolemy.moml.MoMLSimpleApplication@77df3c7b
reloadAllAccessors: .Starmac

===========================================================================================
----------------- testing Wed Oct 30 06:05:47 UTC 2019 /home/travis/build/icyphy/ptII/ptolemy/domains/continuous/test/auto/StaticUnits.xml
----------------- Instantiating /home/travis/build/icyphy/ptII/ptolemy/domains/continuous/test/auto/StaticUnits.xml
2173 ms. Memory: 309248K Free: 236805K (77%)
----------------- Invoking toplevel() on ptolemy.moml.MoMLSimpleApplication@326d133a
----------------- Done invoking toplevel() on ptolemy.moml.MoMLSimpleApplication@326d133a
reloadAllAccessors: .StaticUnits

===========================================================================================
----------------- testing Wed Oct 30 06:05:50 UTC 2019 /home/travis/build/icyphy/ptII/ptolemy/domains/continuous/test/auto/StickyMasses.xml
----------------- Instantiating /home/travis/build/icyphy/ptII/ptolemy/domains/continuous/test/auto/StickyMasses.xml
145 ms. Memory: 309248K Free: 187125K (61%)
----------------- Invoking toplevel() on ptolemy.moml.MoMLSimpleApplication@5e831bad
----------------- Done invoking toplevel() on ptolemy.moml.MoMLSimpleApplication@5e831bad
reloadAllAccessors: .StickyMasses

===========================================================================================
----------------- testing Wed Oct 30 06:05:50 UTC 2019 /home/travis/build/icyphy/ptII/ptolemy/domains/continuous/test/auto/StopTime.xml
----------------- Instantiating /home/travis/build/icyphy/ptII/ptolemy/domains/continuous/test/auto/StopTime.xml
41 ms. Memory: 309248K Free: 162549K (53%)
----------------- Invoking toplevel() on ptolemy.moml.MoMLSimpleApplication@fb42a4a
----------------- Done invoking toplevel() on ptolemy.moml.MoMLSimpleApplication@fb42a4a
reloadAllAccessors: .StopTime

===========================================================================================
----------------- testing Wed Oct 30 06:05:50 UTC 2019 /home/travis/build/icyphy/ptII/ptolemy/domains/continuous/test/auto/StopTime2.xml
----------------- Instantiating /home/travis/build/icyphy/ptII/ptolemy/domains/continuous/test/auto/StopTime2.xml
37 ms. Memory: 309248K Free: 140549K (45%)
----------------- Invoking toplevel() on ptolemy.moml.MoMLSimpleApplication@3630922e
----------------- Done invoking toplevel() on ptolemy.moml.MoMLSimpleApplication@3630922e
reloadAllAccessors: .StopTime2

===========================================================================================
----------------- testing Wed Oct 30 06:05:51 UTC 2019 /home/travis/build/icyphy/ptII/ptolemy/domains/continuous/test/auto/Switch.xml
----------------- Instantiating /home/travis/build/icyphy/ptII/ptolemy/domains/continuous/test/auto/Switch.xml
41 ms. Memory: 309248K Free: 115445K (37%)
----------------- Invoking toplevel() on ptolemy.moml.MoMLSimpleApplication@48df7395
----------------- Done invoking toplevel() on ptolemy.moml.MoMLSimpleApplication@48df7395
reloadAllAccessors: .Switch

===========================================================================================
----------------- testing Wed Oct 30 06:05:51 UTC 2019 /home/travis/build/icyphy/ptII/ptolemy/domains/continuous/test/auto/Thermostat.xml
----------------- Instantiating /home/travis/build/icyphy/ptII/ptolemy/domains/continuous/test/auto/Thermostat.xml
304 ms. Memory: 309248K Free: 225027K (73%)
----------------- Invoking toplevel() on ptolemy.moml.MoMLSimpleApplication@5b2f8005
----------------- Done invoking toplevel() on ptolemy.moml.MoMLSimpleApplication@5b2f8005
reloadAllAccessors: .Thermostat

===========================================================================================
----------------- testing Wed Oct 30 06:05:51 UTC 2019 /home/travis/build/icyphy/ptII/ptolemy/domains/continuous/test/auto/TimeDelay.xml
----------------- Instantiating /home/travis/build/icyphy/ptII/ptolemy/domains/continuous/test/auto/TimeDelay.xml
6 ms. Memory: 309248K Free: 220421K (71%)
----------------- Invoking toplevel() on ptolemy.moml.MoMLSimpleApplication@7f333c7b
----------------- Done invoking toplevel() on ptolemy.moml.MoMLSimpleApplication@7f333c7b
reloadAllAccessors: .TimeDelay

===========================================================================================
----------------- testing Wed Oct 30 06:05:51 UTC 2019 /home/travis/build/icyphy/ptII/ptolemy/domains/continuous/test/auto/TimeDelay2.xml
----------------- Instantiating /home/travis/build/icyphy/ptII/ptolemy/domains/continuous/test/auto/TimeDelay2.xml
8 ms. Memory: 309248K Free: 210691K (68%)
----------------- Invoking toplevel() on ptolemy.moml.MoMLSimpleApplication@5615ee1
----------------- Done invoking toplevel() on ptolemy.moml.MoMLSimpleApplication@5615ee1
reloadAllAccessors: .TimeDelay2

===========================================================================================
----------------- testing Wed Oct 30 06:05:51 UTC 2019 /home/travis/build/icyphy/ptII/ptolemy/domains/continuous/test/auto/TimeDelay3.xml
----------------- Instantiating /home/travis/build/icyphy/ptII/ptolemy/domains/continuous/test/auto/TimeDelay3.xml
6 ms. Memory: 309248K Free: 206578K (67%)
----------------- Invoking toplevel() on ptolemy.moml.MoMLSimpleApplication@5dc59af5
----------------- Done invoking toplevel() on ptolemy.moml.MoMLSimpleApplication@5dc59af5
reloadAllAccessors: .TimeDelay3

===========================================================================================
----------------- testing Wed Oct 30 06:05:51 UTC 2019 /home/travis/build/icyphy/ptII/ptolemy/domains/continuous/test/auto/TransferAbsentToInside.xml
----------------- Instantiating /home/travis/build/icyphy/ptII/ptolemy/domains/continuous/test/auto/TransferAbsentToInside.xml
33 ms. Memory: 309248K Free: 153861K (50%)
----------------- Invoking toplevel() on ptolemy.moml.MoMLSimpleApplication@759c813f
----------------- Done invoking toplevel() on ptolemy.moml.MoMLSimpleApplication@759c813f
reloadAllAccessors: .TransferAbsentToInside

===========================================================================================
----------------- testing Wed Oct 30 06:05:51 UTC 2019 /home/travis/build/icyphy/ptII/ptolemy/domains/continuous/test/auto/Transmission.xml
----------------- Instantiating /home/travis/build/icyphy/ptII/ptolemy/domains/continuous/test/auto/Transmission.xml
850 ms. Memory: 309248K Free: 283420K (92%)
----------------- Invoking toplevel() on ptolemy.moml.MoMLSimpleApplication@4740355f
----------------- Done invoking toplevel() on ptolemy.moml.MoMLSimpleApplication@4740355f
reloadAllAccessors: .Transmission

===========================================================================================
----------------- testing Wed Oct 30 06:05:52 UTC 2019 /home/travis/build/icyphy/ptII/ptolemy/domains/continuous/test/auto/TriggeredContinuousClock.xml
----------------- Instantiating /home/travis/build/icyphy/ptII/ptolemy/domains/continuous/test/auto/TriggeredContinuousClock.xml
43 ms. Memory: 309248K Free: 253724K (82%)
----------------- Invoking toplevel() on ptolemy.moml.MoMLSimpleApplication@6fdb2dba
----------------- Done invoking toplevel() on ptolemy.moml.MoMLSimpleApplication@6fdb2dba
reloadAllAccessors: .TriggeredContinuousClock

===========================================================================================
----------------- testing Wed Oct 30 06:05:52 UTC 2019 /home/travis/build/icyphy/ptII/ptolemy/domains/continuous/test/auto/TwoMachineInfiniteBusControl.xml
----------------- Instantiating /home/travis/build/icyphy/ptII/ptolemy/domains/continuous/test/auto/TwoMachineInfiniteBusControl.xml
2948 ms. Memory: 371712K Free: 311557K (84%)
----------------- Invoking toplevel() on ptolemy.moml.MoMLSimpleApplication@4aa39f73
----------------- Done invoking toplevel() on ptolemy.moml.MoMLSimpleApplication@4aa39f73
reloadAllAccessors: .TwoMachineInfiniteBusControl

===========================================================================================
----------------- testing Wed Oct 30 06:05:55 UTC 2019 /home/travis/build/icyphy/ptII/ptolemy/domains/continuous/test/auto/V2V.xml
----------------- Instantiating /home/travis/build/icyphy/ptII/ptolemy/domains/continuous/test/auto/V2V.xml
841 ms. Memory: 371712K Free: 340227K (92%)
----------------- Invoking toplevel() on ptolemy.moml.MoMLSimpleApplication@963b2f3
----------------- Done invoking toplevel() on ptolemy.moml.MoMLSimpleApplication@963b2f3
reloadAllAccessors: .V2V

===========================================================================================
----------------- testing Wed Oct 30 06:05:56 UTC 2019 /home/travis/build/icyphy/ptII/ptolemy/domains/continuous/test/auto/hierarchicalModalModel.xml
----------------- Instantiating /home/travis/build/icyphy/ptII/ptolemy/domains/continuous/test/auto/hierarchicalModalModel.xml
9 ms. Memory: 371712K Free: 325381K (88%)
----------------- Invoking toplevel() on ptolemy.moml.MoMLSimpleApplication@2a86fc9d
----------------- Done invoking toplevel() on ptolemy.moml.MoMLSimpleApplication@2a86fc9d
reloadAllAccessors: .hierarchicalModalModel

===========================================================================================
----------------- testing Wed Oct 30 06:05:56 UTC 2019 /home/travis/build/icyphy/ptII/ptolemy/domains/continuous/test/auto/hierarchicalModalModel1.xml
----------------- Instantiating /home/travis/build/icyphy/ptII/ptolemy/domains/continuous/test/auto/hierarchicalModalModel1.xml
9 ms. Memory: 371712K Free: 311045K (84%)
----------------- Invoking toplevel() on ptolemy.moml.MoMLSimpleApplication@5eec1608
----------------- Done invoking toplevel() on ptolemy.moml.MoMLSimpleApplication@5eec1608
reloadAllAccessors: .hierarchicalModalModel1

===========================================================================================
----------------- testing Wed Oct 30 06:05:56 UTC 2019 /home/travis/build/icyphy/ptII/ptolemy/domains/continuous/test/auto/hierarchicalModalModel2.xml
----------------- Instantiating /home/travis/build/icyphy/ptII/ptolemy/domains/continuous/test/auto/hierarchicalModalModel2.xml
7 ms. Memory: 371712K Free: 298757K (80%)
----------------- Invoking toplevel() on ptolemy.moml.MoMLSimpleApplication@1da1347e
----------------- Done invoking toplevel() on ptolemy.moml.MoMLSimpleApplication@1da1347e
reloadAllAccessors: .hierarchicalModalModel2

===========================================================================================
----------------- testing Wed Oct 30 06:05:56 UTC 2019 /home/travis/build/icyphy/ptII/ptolemy/domains/continuous/test/auto/hierarchicalModalModel3.xml
----------------- Instantiating /home/travis/build/icyphy/ptII/ptolemy/domains/continuous/test/auto/hierarchicalModalModel3.xml
7 ms. Memory: 371712K Free: 288003K (77%)
----------------- Invoking toplevel() on ptolemy.moml.MoMLSimpleApplication@2281d38e
----------------- Done invoking toplevel() on ptolemy.moml.MoMLSimpleApplication@2281d38e
reloadAllAccessors: .hierarchicalModalModel3

===========================================================================================
----------------- testing Wed Oct 30 06:05:56 UTC 2019 /home/travis/build/icyphy/ptII/ptolemy/domains/continuous/test/auto/hierarchicalModalModel4.xml
----------------- Instantiating /home/travis/build/icyphy/ptII/ptolemy/domains/continuous/test/auto/hierarchicalModalModel4.xml
6 ms. Memory: 371712K Free: 276229K (74%)
----------------- Invoking toplevel() on ptolemy.moml.MoMLSimpleApplication@135595e3
----------------- Done invoking toplevel() on ptolemy.moml.MoMLSimpleApplication@135595e3
reloadAllAccessors: .hierarchicalModalModel4

===========================================================================================
----------------- testing Wed Oct 30 06:05:56 UTC 2019 /home/travis/build/icyphy/ptII/ptolemy/domains/continuous/test/auto/junk.xml
----------------- Instantiating /home/travis/build/icyphy/ptII/ptolemy/domains/continuous/test/auto/junk.xml
136 ms. Memory: 371712K Free: 251139K (68%)
----------------- Invoking toplevel() on ptolemy.moml.MoMLSimpleApplication@6267cf6b
----------------- Done invoking toplevel() on ptolemy.moml.MoMLSimpleApplication@6267cf6b
reloadAllAccessors: .junk
AutoTests.java: About to close Vertx.
AutoTests.java: Vertx closed.
]]></system-out>
  <system-err><![CDATA[Warning: '.HysteresisWithRandomDelay.NonStrictTest' The test produced only 221 tokens, yet the correctValues parameter was expecting 222 tokens.
Warning: '.HysteresisWithRandomDelay.NonStrictTest2' The test produced only 220 tokens, yet the correctValues parameter was expecting 221 tokens.
Warning: '.HysteresisWithRandomDelay.NonStrictTest3' The test produced only 27 tokens, yet the correctValues parameter was expecting 30 tokens.
Warning: '.IncreasingRatePoisson.NonStrictTest' The test produced only 385 tokens, yet the correctValues parameter was expecting 402 tokens.
Warning: '.Poisson.NonStrictTest' The test produced only 406 tokens, yet the correctValues parameter was expecting 430 tokens.
]]></system-err>
</testsuite>
