<?xml version="1.0" encoding="UTF-8" ?>
<testsuite errors="0" failures="0" hostname="travis-job-482e9076-8ddc-4d7e-85e7-316874135bad" name="ptolemy.domains.hdf.kernel.test.junit.JUnitTclTest" skipped="0" tests="39" time="6.351" timestamp="2018-09-02T02:06:01">
  <properties>
[...]
</properties>
  <testcase classname="ptolemy.util.test.junit.TclTests" name="[0] /home/travis/build/icyphy/ptII/ptolemy/domains/hdf/kernel/test/RateErrorChecking.tcl (RunTclFile)" time="0.196" />
  <testcase classname="ptolemy.util.test.junit.AutoKnownFailedTests" name="[0] /home/travis/build/icyphy/ptII/ptolemy/domains/hdf/kernel/test/auto/knownFailedTests/badFSMRateChanges.xml (RunModel)" time="0.479" />
  <testcase classname="ptolemy.util.test.junit.AutoNameArchTests" name="[0] ThereAreNoAutoArchTests (RunModel)" time="0.001" />
  <testcase classname="ptolemy.util.test.junit.AutoTests" name="[0] /home/travis/build/icyphy/ptII/ptolemy/domains/hdf/kernel/test/auto/ConstVariableRateTest.xml (RunModel)" time="0.17" />
  <testcase classname="ptolemy.util.test.junit.AutoTests" name="[1] /home/travis/build/icyphy/ptII/ptolemy/domains/hdf/kernel/test/auto/DifferentRefinedRates.xml (RunModel)" time="0.136" />
  <testcase classname="ptolemy.util.test.junit.AutoTests" name="[2] /home/travis/build/icyphy/ptII/ptolemy/domains/hdf/kernel/test/auto/DifferentRefinedRates2.xml (RunModel)" time="0.171" />
  <testcase classname="ptolemy.util.test.junit.AutoTests" name="[3] /home/travis/build/icyphy/ptII/ptolemy/domains/hdf/kernel/test/auto/DifferentRefinedRates3.xml (RunModel)" time="0.145" />
  <testcase classname="ptolemy.util.test.junit.AutoTests" name="[4] /home/travis/build/icyphy/ptII/ptolemy/domains/hdf/kernel/test/auto/DifferentRefinedRates4.xml (RunModel)" time="0.209" />
  <testcase classname="ptolemy.util.test.junit.AutoTests" name="[5] /home/travis/build/icyphy/ptII/ptolemy/domains/hdf/kernel/test/auto/DifferentRefinedRates5.xml (RunModel)" time="0.156" />
  <testcase classname="ptolemy.util.test.junit.AutoTests" name="[6] /home/travis/build/icyphy/ptII/ptolemy/domains/hdf/kernel/test/auto/DifferentRefinedRates6.xml (RunModel)" time="0.133" />
  <testcase classname="ptolemy.util.test.junit.AutoTests" name="[7] /home/travis/build/icyphy/ptII/ptolemy/domains/hdf/kernel/test/auto/DownSample_PowerOfTwo.xml (RunModel)" time="0.289" />
  <testcase classname="ptolemy.util.test.junit.AutoTests" name="[8] /home/travis/build/icyphy/ptII/ptolemy/domains/hdf/kernel/test/auto/FibonacciWithNullInitial.xml (RunModel)" time="0.229" />
  <testcase classname="ptolemy.util.test.junit.AutoTests" name="[9] /home/travis/build/icyphy/ptII/ptolemy/domains/hdf/kernel/test/auto/FibonacciWithNullInitial1.xml (RunModel)" time="0.236" />
  <testcase classname="ptolemy.util.test.junit.AutoTests" name="[10] /home/travis/build/icyphy/ptII/ptolemy/domains/hdf/kernel/test/auto/FibonacciWithTransientStates.xml (RunModel)" time="0.248" />
  <testcase classname="ptolemy.util.test.junit.AutoTests" name="[11] /home/travis/build/icyphy/ptII/ptolemy/domains/hdf/kernel/test/auto/FibonacciWithTransientStates2.xml (RunModel)" time="0.108" />
  <testcase classname="ptolemy.util.test.junit.AutoTests" name="[12] /home/travis/build/icyphy/ptII/ptolemy/domains/hdf/kernel/test/auto/FibonacciWithoutHistoryInitial.xml (RunModel)" time="0.138" />
  <testcase classname="ptolemy.util.test.junit.AutoTests" name="[13] /home/travis/build/icyphy/ptII/ptolemy/domains/hdf/kernel/test/auto/GuardUsingPastTokens.xml (RunModel)" time="0.078" />
  <testcase classname="ptolemy.util.test.junit.AutoTests" name="[14] /home/travis/build/icyphy/ptII/ptolemy/domains/hdf/kernel/test/auto/GuardWithResets.xml (RunModel)" time="0.106" />
  <testcase classname="ptolemy.util.test.junit.AutoTests" name="[15] /home/travis/build/icyphy/ptII/ptolemy/domains/hdf/kernel/test/auto/Hierarchy_2Level_Test1.xml (RunModel)" time="0.078" />
  <testcase classname="ptolemy.util.test.junit.AutoTests" name="[16] /home/travis/build/icyphy/ptII/ptolemy/domains/hdf/kernel/test/auto/Hierarchy_2Level_Test2.xml (RunModel)" time="0.111" />
  <testcase classname="ptolemy.util.test.junit.AutoTests" name="[17] /home/travis/build/icyphy/ptII/ptolemy/domains/hdf/kernel/test/auto/Hysteresis.xml (RunModel)" time="0.067" />
  <testcase classname="ptolemy.util.test.junit.AutoTests" name="[18] /home/travis/build/icyphy/ptII/ptolemy/domains/hdf/kernel/test/auto/InitTransient.xml (RunModel)" time="0.091" />
  <testcase classname="ptolemy.util.test.junit.AutoTests" name="[19] /home/travis/build/icyphy/ptII/ptolemy/domains/hdf/kernel/test/auto/Merge.xml (RunModel)" time="0.089" />
  <testcase classname="ptolemy.util.test.junit.AutoTests" name="[20] /home/travis/build/icyphy/ptII/ptolemy/domains/hdf/kernel/test/auto/ModalModelBooleanSwitch.xml (RunModel)" time="0.124" />
  <testcase classname="ptolemy.util.test.junit.AutoTests" name="[21] /home/travis/build/icyphy/ptII/ptolemy/domains/hdf/kernel/test/auto/SameRates.xml (RunModel)" time="0.063" />
  <testcase classname="ptolemy.util.test.junit.AutoTests" name="[22] /home/travis/build/icyphy/ptII/ptolemy/domains/hdf/kernel/test/auto/SameRefinedRates.xml (RunModel)" time="0.057" />
  <testcase classname="ptolemy.util.test.junit.AutoTests" name="[23] /home/travis/build/icyphy/ptII/ptolemy/domains/hdf/kernel/test/auto/SameRefinedRates2.xml (RunModel)" time="0.071" />
  <testcase classname="ptolemy.util.test.junit.AutoTests" name="[24] /home/travis/build/icyphy/ptII/ptolemy/domains/hdf/kernel/test/auto/TransientStates.xml (RunModel)" time="0.107" />
  <testcase classname="ptolemy.util.test.junit.AutoTests" name="[25] /home/travis/build/icyphy/ptII/ptolemy/domains/hdf/kernel/test/auto/TwoHammingCodec.xml (RunModel)" time="0.121" />
  <testcase classname="ptolemy.util.test.junit.AutoTests" name="[26] /home/travis/build/icyphy/ptII/ptolemy/domains/hdf/kernel/test/auto/TwoHammingCodec1.xml (RunModel)" time="0.112" />
  <testcase classname="ptolemy.util.test.junit.AutoTests" name="[27] /home/travis/build/icyphy/ptII/ptolemy/domains/hdf/kernel/test/auto/TwoLevelHierarchy.xml (RunModel)" time="0.213" />
  <testcase classname="ptolemy.util.test.junit.AutoTests" name="[28] /home/travis/build/icyphy/ptII/ptolemy/domains/hdf/kernel/test/auto/TwoLevelHierarchy1.xml (RunModel)" time="0.186" />
  <testcase classname="ptolemy.util.test.junit.AutoTests" name="[29] /home/travis/build/icyphy/ptII/ptolemy/domains/hdf/kernel/test/auto/TwoLevelHierarchy2.xml (RunModel)" time="0.15" />
  <testcase classname="ptolemy.util.test.junit.AutoTests" name="[30] /home/travis/build/icyphy/ptII/ptolemy/domains/hdf/kernel/test/auto/TwoLevelHierarchyNullStates.xml (RunModel)" time="0.236" />
  <testcase classname="ptolemy.util.test.junit.AutoTests" name="[31] /home/travis/build/icyphy/ptII/ptolemy/domains/hdf/kernel/test/auto/TwoLevelHierarchyWithResets.xml (RunModel)" time="0.195" />
  <testcase classname="ptolemy.util.test.junit.AutoTests" name="[32] /home/travis/build/icyphy/ptII/ptolemy/domains/hdf/kernel/test/auto/TwoLevelHierarchyWithResetsNullStates.xml (RunModel)" time="0.226" />
  <testcase classname="ptolemy.util.test.junit.AutoTests" name="[33] /home/travis/build/icyphy/ptII/ptolemy/domains/hdf/kernel/test/auto/WaterTank_HDF.xml (RunModel)" time="0.13" />
  <testcase classname="ptolemy.util.test.junit.AutoTests" name="[34] /home/travis/build/icyphy/ptII/ptolemy/domains/hdf/kernel/test/auto/WaterTank_HDF2.xml (RunModel)" time="0.158" />
  <testcase classname="ptolemy.util.test.junit.AutoTests" name="[35] /home/travis/build/icyphy/ptII/ptolemy/domains/hdf/kernel/test/auto/badFSMRateChanges.xml (RunModel)" time="0.068" />
  <system-out><![CDATA[/home/travis/build/icyphy/ptII/ptolemy/domains/hdf/kernel/test/RateErrorChecking.tcl
testDefs.tcl: setting time out to 9000 seconds at Sun Sep 02 02:06:01 UTC 2018


==== $PTII/ptolemy/domains/hdf/kernel/test/RateErrorChecking.tcl: RateErrorChecking-1.0 
==== Contents of test case:

    catch {createAndExecute "badFSMRateChanges.xml"} foo
    list $foo

==== Result was:
{java.io.FileNotFoundException: /home/travis/build/icyphy/ptII/ptolemy/domains/hdf/kernel/test/badFSMRateChanges.xml (No such file or directory)}
---- KNOWN Failure, Result should have been:
{ptolemy.kernel.util.IllegalActionException: Failed to compute schedule:
  in .badFSMRateChanges.SDF Director
Because:
The SDF rate parameter may change. This is not allowed in SDF models that will be run through the code generator.  If you don't care about code generation, then you might consider setting the allowRateChanges parameter of the SDF director to false.
    in .badFSMRateChanges.typed composite actor.output.tokenProductionRate}
---- RateErrorChecking-1.0 Failed, but this is a KNOWN failure
09/02/18 02:06:01
Failed: 0  Total Tests: 1  ((Passed: 0, Newly Passed: 0)  Known Failed: 1) /home/travis/build/icyphy/ptII/ptolemy/domains/hdf/kernel/test
----------------- testing (KnownFailure) /home/travis/build/icyphy/ptII/ptolemy/domains/hdf/kernel/test/auto/knownFailedTests/badFSMRateChanges.xml
128 ms. Memory: 116224K Free: 94129K (81%)
No auto/linux-amd64/*.xml tests in /home/travis/build/icyphy/ptII/ptolemy/domains/hdf/kernel/test
AutoTests.java: About to close Vertx.
AutoTests.java: Vertx closed.

===========================================================================================
----------------- testing Sun Sep 02 02:06:02 UTC 2018 /home/travis/build/icyphy/ptII/ptolemy/domains/hdf/kernel/test/auto/ConstVariableRateTest.xml
----------------- Instantiating /home/travis/build/icyphy/ptII/ptolemy/domains/hdf/kernel/test/auto/ConstVariableRateTest.xml
36 ms. Memory: 146944K Free: 112091K (76%)
----------------- Invoking toplevel() on ptolemy.moml.MoMLSimpleApplication@142431a2
----------------- Done invoking toplevel() on ptolemy.moml.MoMLSimpleApplication@142431a2
reloadAllAccessors: .ConstVariableRateTest

===========================================================================================
----------------- testing Sun Sep 02 02:06:02 UTC 2018 /home/travis/build/icyphy/ptII/ptolemy/domains/hdf/kernel/test/auto/DifferentRefinedRates.xml
----------------- Instantiating /home/travis/build/icyphy/ptII/ptolemy/domains/hdf/kernel/test/auto/DifferentRefinedRates.xml
35 ms. Memory: 146944K Free: 96823K (66%)
----------------- Invoking toplevel() on ptolemy.moml.MoMLSimpleApplication@2131643c
----------------- Done invoking toplevel() on ptolemy.moml.MoMLSimpleApplication@2131643c
reloadAllAccessors: .DifferentRefinedRates

===========================================================================================
----------------- testing Sun Sep 02 02:06:02 UTC 2018 /home/travis/build/icyphy/ptII/ptolemy/domains/hdf/kernel/test/auto/DifferentRefinedRates2.xml
----------------- Instantiating /home/travis/build/icyphy/ptII/ptolemy/domains/hdf/kernel/test/auto/DifferentRefinedRates2.xml
60 ms. Memory: 146944K Free: 140855K (96%)
----------------- Invoking toplevel() on ptolemy.moml.MoMLSimpleApplication@34efd102
----------------- Done invoking toplevel() on ptolemy.moml.MoMLSimpleApplication@34efd102
reloadAllAccessors: .DifferentRefinedRates2

===========================================================================================
----------------- testing Sun Sep 02 02:06:02 UTC 2018 /home/travis/build/icyphy/ptII/ptolemy/domains/hdf/kernel/test/auto/DifferentRefinedRates3.xml
----------------- Instantiating /home/travis/build/icyphy/ptII/ptolemy/domains/hdf/kernel/test/auto/DifferentRefinedRates3.xml
47 ms. Memory: 146944K Free: 127076K (86%)
----------------- Invoking toplevel() on ptolemy.moml.MoMLSimpleApplication@6a4eecb9
----------------- Done invoking toplevel() on ptolemy.moml.MoMLSimpleApplication@6a4eecb9
reloadAllAccessors: .DifferentRefinedRates3

===========================================================================================
----------------- testing Sun Sep 02 02:06:03 UTC 2018 /home/travis/build/icyphy/ptII/ptolemy/domains/hdf/kernel/test/auto/DifferentRefinedRates4.xml
----------------- Instantiating /home/travis/build/icyphy/ptII/ptolemy/domains/hdf/kernel/test/auto/DifferentRefinedRates4.xml
68 ms. Memory: 146944K Free: 109340K (74%)
----------------- Invoking toplevel() on ptolemy.moml.MoMLSimpleApplication@70fe9225
----------------- Done invoking toplevel() on ptolemy.moml.MoMLSimpleApplication@70fe9225
reloadAllAccessors: .NewHDFtest1

===========================================================================================
----------------- testing Sun Sep 02 02:06:03 UTC 2018 /home/travis/build/icyphy/ptII/ptolemy/domains/hdf/kernel/test/auto/DifferentRefinedRates5.xml
----------------- Instantiating /home/travis/build/icyphy/ptII/ptolemy/domains/hdf/kernel/test/auto/DifferentRefinedRates5.xml
47 ms. Memory: 146944K Free: 92092K (63%)
----------------- Invoking toplevel() on ptolemy.moml.MoMLSimpleApplication@23af85f8
----------------- Done invoking toplevel() on ptolemy.moml.MoMLSimpleApplication@23af85f8
reloadAllAccessors: .NewHDFtest2

===========================================================================================
----------------- testing Sun Sep 02 02:06:03 UTC 2018 /home/travis/build/icyphy/ptII/ptolemy/domains/hdf/kernel/test/auto/DifferentRefinedRates6.xml
----------------- Instantiating /home/travis/build/icyphy/ptII/ptolemy/domains/hdf/kernel/test/auto/DifferentRefinedRates6.xml
66 ms. Memory: 208384K Free: 199980K (96%)
----------------- Invoking toplevel() on ptolemy.moml.MoMLSimpleApplication@63650828
----------------- Done invoking toplevel() on ptolemy.moml.MoMLSimpleApplication@63650828
reloadAllAccessors: .DifferentRefinedRates6

===========================================================================================
----------------- testing Sun Sep 02 02:06:03 UTC 2018 /home/travis/build/icyphy/ptII/ptolemy/domains/hdf/kernel/test/auto/DownSample_PowerOfTwo.xml
----------------- Instantiating /home/travis/build/icyphy/ptII/ptolemy/domains/hdf/kernel/test/auto/DownSample_PowerOfTwo.xml
237 ms. Memory: 208384K Free: 171517K (82%)
----------------- Invoking toplevel() on ptolemy.moml.MoMLSimpleApplication@c9cb9b5
----------------- Done invoking toplevel() on ptolemy.moml.MoMLSimpleApplication@c9cb9b5
reloadAllAccessors: .SDFDownSample

===========================================================================================
----------------- testing Sun Sep 02 02:06:03 UTC 2018 /home/travis/build/icyphy/ptII/ptolemy/domains/hdf/kernel/test/auto/FibonacciWithNullInitial.xml
----------------- Instantiating /home/travis/build/icyphy/ptII/ptolemy/domains/hdf/kernel/test/auto/FibonacciWithNullInitial.xml
178 ms. Memory: 208384K Free: 145017K (70%)
----------------- Invoking toplevel() on ptolemy.moml.MoMLSimpleApplication@29b7bb9a
----------------- Done invoking toplevel() on ptolemy.moml.MoMLSimpleApplication@29b7bb9a
reloadAllAccessors: .FibonacciWithNullInitial

===========================================================================================
----------------- testing Sun Sep 02 02:06:04 UTC 2018 /home/travis/build/icyphy/ptII/ptolemy/domains/hdf/kernel/test/auto/FibonacciWithNullInitial1.xml
----------------- Instantiating /home/travis/build/icyphy/ptII/ptolemy/domains/hdf/kernel/test/auto/FibonacciWithNullInitial1.xml
181 ms. Memory: 208384K Free: 119099K (57%)
----------------- Invoking toplevel() on ptolemy.moml.MoMLSimpleApplication@18c93dab
----------------- Done invoking toplevel() on ptolemy.moml.MoMLSimpleApplication@18c93dab
reloadAllAccessors: .FibonacciWithNullInitial1

===========================================================================================
----------------- testing Sun Sep 02 02:06:04 UTC 2018 /home/travis/build/icyphy/ptII/ptolemy/domains/hdf/kernel/test/auto/FibonacciWithTransientStates.xml
----------------- Instantiating /home/travis/build/icyphy/ptII/ptolemy/domains/hdf/kernel/test/auto/FibonacciWithTransientStates.xml
171 ms. Memory: 208384K Free: 87920K (42%)
----------------- Invoking toplevel() on ptolemy.moml.MoMLSimpleApplication@213a26c4
----------------- Done invoking toplevel() on ptolemy.moml.MoMLSimpleApplication@213a26c4
reloadAllAccessors: .FibonacciWithTransientStates

===========================================================================================
----------------- testing Sun Sep 02 02:06:04 UTC 2018 /home/travis/build/icyphy/ptII/ptolemy/domains/hdf/kernel/test/auto/FibonacciWithTransientStates2.xml
----------------- Instantiating /home/travis/build/icyphy/ptII/ptolemy/domains/hdf/kernel/test/auto/FibonacciWithTransientStates2.xml
28 ms. Memory: 208384K Free: 186796K (90%)
----------------- Invoking toplevel() on ptolemy.moml.MoMLSimpleApplication@75352ccb
----------------- Done invoking toplevel() on ptolemy.moml.MoMLSimpleApplication@75352ccb
reloadAllAccessors: .FibonacciWithTransientStates2

===========================================================================================
----------------- testing Sun Sep 02 02:06:04 UTC 2018 /home/travis/build/icyphy/ptII/ptolemy/domains/hdf/kernel/test/auto/FibonacciWithoutHistoryInitial.xml
----------------- Instantiating /home/travis/build/icyphy/ptII/ptolemy/domains/hdf/kernel/test/auto/FibonacciWithoutHistoryInitial.xml
108 ms. Memory: 208384K Free: 162806K (78%)
----------------- Invoking toplevel() on ptolemy.moml.MoMLSimpleApplication@49766089
----------------- Done invoking toplevel() on ptolemy.moml.MoMLSimpleApplication@49766089
reloadAllAccessors: .FibonacciWithoutHistoryInitial

===========================================================================================
----------------- testing Sun Sep 02 02:06:04 UTC 2018 /home/travis/build/icyphy/ptII/ptolemy/domains/hdf/kernel/test/auto/GuardUsingPastTokens.xml
----------------- Instantiating /home/travis/build/icyphy/ptII/ptolemy/domains/hdf/kernel/test/auto/GuardUsingPastTokens.xml
25 ms. Memory: 208384K Free: 146048K (70%)
----------------- Invoking toplevel() on ptolemy.moml.MoMLSimpleApplication@2cf55487
----------------- Done invoking toplevel() on ptolemy.moml.MoMLSimpleApplication@2cf55487
reloadAllAccessors: .GuardUsingPastTokens

===========================================================================================
----------------- testing Sun Sep 02 02:06:04 UTC 2018 /home/travis/build/icyphy/ptII/ptolemy/domains/hdf/kernel/test/auto/GuardWithResets.xml
----------------- Instantiating /home/travis/build/icyphy/ptII/ptolemy/domains/hdf/kernel/test/auto/GuardWithResets.xml
41 ms. Memory: 208384K Free: 125645K (60%)
----------------- Invoking toplevel() on ptolemy.moml.MoMLSimpleApplication@8f68de7
----------------- Done invoking toplevel() on ptolemy.moml.MoMLSimpleApplication@8f68de7
reloadAllAccessors: .GuardWithResets

===========================================================================================
----------------- testing Sun Sep 02 02:06:04 UTC 2018 /home/travis/build/icyphy/ptII/ptolemy/domains/hdf/kernel/test/auto/Hierarchy_2Level_Test1.xml
----------------- Instantiating /home/travis/build/icyphy/ptII/ptolemy/domains/hdf/kernel/test/auto/Hierarchy_2Level_Test1.xml
29 ms. Memory: 208384K Free: 105840K (51%)
----------------- Invoking toplevel() on ptolemy.moml.MoMLSimpleApplication@30c1f241
----------------- Done invoking toplevel() on ptolemy.moml.MoMLSimpleApplication@30c1f241
reloadAllAccessors: .Hierarchy_2Level_Test1

===========================================================================================
----------------- testing Sun Sep 02 02:06:05 UTC 2018 /home/travis/build/icyphy/ptII/ptolemy/domains/hdf/kernel/test/auto/Hierarchy_2Level_Test2.xml
----------------- Instantiating /home/travis/build/icyphy/ptII/ptolemy/domains/hdf/kernel/test/auto/Hierarchy_2Level_Test2.xml
35 ms. Memory: 208384K Free: 85471K (41%)
----------------- Invoking toplevel() on ptolemy.moml.MoMLSimpleApplication@95f3276
----------------- Done invoking toplevel() on ptolemy.moml.MoMLSimpleApplication@95f3276
reloadAllAccessors: .Hierarchy_4Level_Test2

===========================================================================================
----------------- testing Sun Sep 02 02:06:05 UTC 2018 /home/travis/build/icyphy/ptII/ptolemy/domains/hdf/kernel/test/auto/Hysteresis.xml
----------------- Instantiating /home/travis/build/icyphy/ptII/ptolemy/domains/hdf/kernel/test/auto/Hysteresis.xml
19 ms. Memory: 331776K Free: 318379K (96%)
----------------- Invoking toplevel() on ptolemy.moml.MoMLSimpleApplication@e54d859
----------------- Done invoking toplevel() on ptolemy.moml.MoMLSimpleApplication@e54d859
reloadAllAccessors: .Hysteresis

===========================================================================================
----------------- testing Sun Sep 02 02:06:05 UTC 2018 /home/travis/build/icyphy/ptII/ptolemy/domains/hdf/kernel/test/auto/InitTransient.xml
----------------- Instantiating /home/travis/build/icyphy/ptII/ptolemy/domains/hdf/kernel/test/auto/InitTransient.xml
25 ms. Memory: 331776K Free: 295230K (89%)
----------------- Invoking toplevel() on ptolemy.moml.MoMLSimpleApplication@1a2461d0
----------------- Done invoking toplevel() on ptolemy.moml.MoMLSimpleApplication@1a2461d0
reloadAllAccessors: .InitTransient

===========================================================================================
----------------- testing Sun Sep 02 02:06:05 UTC 2018 /home/travis/build/icyphy/ptII/ptolemy/domains/hdf/kernel/test/auto/Merge.xml
----------------- Instantiating /home/travis/build/icyphy/ptII/ptolemy/domains/hdf/kernel/test/auto/Merge.xml
32 ms. Memory: 331776K Free: 275569K (83%)
----------------- Invoking toplevel() on ptolemy.moml.MoMLSimpleApplication@5bae6ae0
----------------- Done invoking toplevel() on ptolemy.moml.MoMLSimpleApplication@5bae6ae0
reloadAllAccessors: .Merge

===========================================================================================
----------------- testing Sun Sep 02 02:06:05 UTC 2018 /home/travis/build/icyphy/ptII/ptolemy/domains/hdf/kernel/test/auto/ModalModelBooleanSwitch.xml
----------------- Instantiating /home/travis/build/icyphy/ptII/ptolemy/domains/hdf/kernel/test/auto/ModalModelBooleanSwitch.xml
44 ms. Memory: 331776K Free: 253385K (76%)
----------------- Invoking toplevel() on ptolemy.moml.MoMLSimpleApplication@36160f8
----------------- Done invoking toplevel() on ptolemy.moml.MoMLSimpleApplication@36160f8
reloadAllAccessors: .BooleanSwitchWithModel

===========================================================================================
----------------- testing Sun Sep 02 02:06:05 UTC 2018 /home/travis/build/icyphy/ptII/ptolemy/domains/hdf/kernel/test/auto/SameRates.xml
----------------- Instantiating /home/travis/build/icyphy/ptII/ptolemy/domains/hdf/kernel/test/auto/SameRates.xml
19 ms. Memory: 331776K Free: 237878K (72%)
----------------- Invoking toplevel() on ptolemy.moml.MoMLSimpleApplication@2dade8dc
----------------- Done invoking toplevel() on ptolemy.moml.MoMLSimpleApplication@2dade8dc
reloadAllAccessors: .SameRates

===========================================================================================
----------------- testing Sun Sep 02 02:06:05 UTC 2018 /home/travis/build/icyphy/ptII/ptolemy/domains/hdf/kernel/test/auto/SameRefinedRates.xml
----------------- Instantiating /home/travis/build/icyphy/ptII/ptolemy/domains/hdf/kernel/test/auto/SameRefinedRates.xml
19 ms. Memory: 331776K Free: 221903K (67%)
----------------- Invoking toplevel() on ptolemy.moml.MoMLSimpleApplication@439114a
----------------- Done invoking toplevel() on ptolemy.moml.MoMLSimpleApplication@439114a
reloadAllAccessors: .SameRefinedRates

===========================================================================================
----------------- testing Sun Sep 02 02:06:05 UTC 2018 /home/travis/build/icyphy/ptII/ptolemy/domains/hdf/kernel/test/auto/SameRefinedRates2.xml
----------------- Instantiating /home/travis/build/icyphy/ptII/ptolemy/domains/hdf/kernel/test/auto/SameRefinedRates2.xml
21 ms. Memory: 331776K Free: 204699K (62%)
----------------- Invoking toplevel() on ptolemy.moml.MoMLSimpleApplication@198d7868
----------------- Done invoking toplevel() on ptolemy.moml.MoMLSimpleApplication@198d7868
reloadAllAccessors: .SameRefinedRates2

===========================================================================================
----------------- testing Sun Sep 02 02:06:05 UTC 2018 /home/travis/build/icyphy/ptII/ptolemy/domains/hdf/kernel/test/auto/TransientStates.xml
----------------- Instantiating /home/travis/build/icyphy/ptII/ptolemy/domains/hdf/kernel/test/auto/TransientStates.xml
35 ms. Memory: 331776K Free: 181851K (55%)
----------------- Invoking toplevel() on ptolemy.moml.MoMLSimpleApplication@28ce25ab
----------------- Done invoking toplevel() on ptolemy.moml.MoMLSimpleApplication@28ce25ab
reloadAllAccessors: .TransientStates

===========================================================================================
----------------- testing Sun Sep 02 02:06:05 UTC 2018 /home/travis/build/icyphy/ptII/ptolemy/domains/hdf/kernel/test/auto/TwoHammingCodec.xml
----------------- Instantiating /home/travis/build/icyphy/ptII/ptolemy/domains/hdf/kernel/test/auto/TwoHammingCodec.xml
55 ms. Memory: 331776K Free: 158504K (48%)
----------------- Invoking toplevel() on ptolemy.moml.MoMLSimpleApplication@2813af12
----------------- Done invoking toplevel() on ptolemy.moml.MoMLSimpleApplication@2813af12
reloadAllAccessors: .TwoHammingCodec

===========================================================================================
----------------- testing Sun Sep 02 02:06:05 UTC 2018 /home/travis/build/icyphy/ptII/ptolemy/domains/hdf/kernel/test/auto/TwoHammingCodec1.xml
----------------- Instantiating /home/travis/build/icyphy/ptII/ptolemy/domains/hdf/kernel/test/auto/TwoHammingCodec1.xml
50 ms. Memory: 331776K Free: 131454K (40%)
----------------- Invoking toplevel() on ptolemy.moml.MoMLSimpleApplication@4bbfc28e
----------------- Done invoking toplevel() on ptolemy.moml.MoMLSimpleApplication@4bbfc28e
reloadAllAccessors: .twoHammingCodec1

===========================================================================================
----------------- testing Sun Sep 02 02:06:06 UTC 2018 /home/travis/build/icyphy/ptII/ptolemy/domains/hdf/kernel/test/auto/TwoLevelHierarchy.xml
----------------- Instantiating /home/travis/build/icyphy/ptII/ptolemy/domains/hdf/kernel/test/auto/TwoLevelHierarchy.xml
69 ms. Memory: 331776K Free: 81826K (25%)
----------------- Invoking toplevel() on ptolemy.moml.MoMLSimpleApplication@5f5e2a3c
----------------- Done invoking toplevel() on ptolemy.moml.MoMLSimpleApplication@5f5e2a3c
reloadAllAccessors: .TwoLevelHierarchy

===========================================================================================
----------------- testing Sun Sep 02 02:06:06 UTC 2018 /home/travis/build/icyphy/ptII/ptolemy/domains/hdf/kernel/test/auto/TwoLevelHierarchy1.xml
----------------- Instantiating /home/travis/build/icyphy/ptII/ptolemy/domains/hdf/kernel/test/auto/TwoLevelHierarchy1.xml
67 ms. Memory: 331776K Free: 278489K (84%)
----------------- Invoking toplevel() on ptolemy.moml.MoMLSimpleApplication@5d7db97d
----------------- Done invoking toplevel() on ptolemy.moml.MoMLSimpleApplication@5d7db97d
reloadAllAccessors: .TwoLevelHierarchy1

===========================================================================================
----------------- testing Sun Sep 02 02:06:06 UTC 2018 /home/travis/build/icyphy/ptII/ptolemy/domains/hdf/kernel/test/auto/TwoLevelHierarchy2.xml
----------------- Instantiating /home/travis/build/icyphy/ptII/ptolemy/domains/hdf/kernel/test/auto/TwoLevelHierarchy2.xml
55 ms. Memory: 331776K Free: 237038K (71%)
----------------- Invoking toplevel() on ptolemy.moml.MoMLSimpleApplication@4787f46f
----------------- Done invoking toplevel() on ptolemy.moml.MoMLSimpleApplication@4787f46f
reloadAllAccessors: .TwoLevelHierarchy2

===========================================================================================
----------------- testing Sun Sep 02 02:06:06 UTC 2018 /home/travis/build/icyphy/ptII/ptolemy/domains/hdf/kernel/test/auto/TwoLevelHierarchyNullStates.xml
----------------- Instantiating /home/travis/build/icyphy/ptII/ptolemy/domains/hdf/kernel/test/auto/TwoLevelHierarchyNullStates.xml
75 ms. Memory: 331776K Free: 181331K (55%)
----------------- Invoking toplevel() on ptolemy.moml.MoMLSimpleApplication@2ec87881
----------------- Done invoking toplevel() on ptolemy.moml.MoMLSimpleApplication@2ec87881
reloadAllAccessors: .TwoLevelHierarchyNullStates

===========================================================================================
----------------- testing Sun Sep 02 02:06:06 UTC 2018 /home/travis/build/icyphy/ptII/ptolemy/domains/hdf/kernel/test/auto/TwoLevelHierarchyWithResets.xml
----------------- Instantiating /home/travis/build/icyphy/ptII/ptolemy/domains/hdf/kernel/test/auto/TwoLevelHierarchyWithResets.xml
75 ms. Memory: 331776K Free: 130049K (39%)
----------------- Invoking toplevel() on ptolemy.moml.MoMLSimpleApplication@621a6c42
----------------- Done invoking toplevel() on ptolemy.moml.MoMLSimpleApplication@621a6c42
reloadAllAccessors: .TwoLevelHierarchy1

===========================================================================================
----------------- testing Sun Sep 02 02:06:07 UTC 2018 /home/travis/build/icyphy/ptII/ptolemy/domains/hdf/kernel/test/auto/TwoLevelHierarchyWithResetsNullStates.xml
----------------- Instantiating /home/travis/build/icyphy/ptII/ptolemy/domains/hdf/kernel/test/auto/TwoLevelHierarchyWithResetsNullStates.xml
98 ms. Memory: 578048K Free: 553500K (96%)
----------------- Invoking toplevel() on ptolemy.moml.MoMLSimpleApplication@efd15f7
----------------- Done invoking toplevel() on ptolemy.moml.MoMLSimpleApplication@efd15f7
reloadAllAccessors: .TwoLevelHierarchyWithResetsNullStates

===========================================================================================
----------------- testing Sun Sep 02 02:06:07 UTC 2018 /home/travis/build/icyphy/ptII/ptolemy/domains/hdf/kernel/test/auto/WaterTank_HDF.xml
----------------- Instantiating /home/travis/build/icyphy/ptII/ptolemy/domains/hdf/kernel/test/auto/WaterTank_HDF.xml
53 ms. Memory: 578048K Free: 514317K (89%)
----------------- Invoking toplevel() on ptolemy.moml.MoMLSimpleApplication@5e30c612
----------------- Done invoking toplevel() on ptolemy.moml.MoMLSimpleApplication@5e30c612
reloadAllAccessors: .WaterTank_HDF

===========================================================================================
----------------- testing Sun Sep 02 02:06:07 UTC 2018 /home/travis/build/icyphy/ptII/ptolemy/domains/hdf/kernel/test/auto/WaterTank_HDF2.xml
----------------- Instantiating /home/travis/build/icyphy/ptII/ptolemy/domains/hdf/kernel/test/auto/WaterTank_HDF2.xml
48 ms. Memory: 578048K Free: 474995K (82%)
----------------- Invoking toplevel() on ptolemy.moml.MoMLSimpleApplication@79fbae51
----------------- Done invoking toplevel() on ptolemy.moml.MoMLSimpleApplication@79fbae51
reloadAllAccessors: .WaterTank_HDF2

===========================================================================================
----------------- testing Sun Sep 02 02:06:07 UTC 2018 /home/travis/build/icyphy/ptII/ptolemy/domains/hdf/kernel/test/auto/badFSMRateChanges.xml
----------------- Instantiating /home/travis/build/icyphy/ptII/ptolemy/domains/hdf/kernel/test/auto/badFSMRateChanges.xml
15 ms. Memory: 578048K Free: 454684K (79%)
----------------- Invoking toplevel() on ptolemy.moml.MoMLSimpleApplication@73a06a7
----------------- Done invoking toplevel() on ptolemy.moml.MoMLSimpleApplication@73a06a7
reloadAllAccessors: .badFSMRateChanges
AutoTests.java: About to close Vertx.
AutoTests.java: Vertx closed.
]]></system-out>
  <system-err><![CDATA[]]></system-err>
</testsuite>
