<?xml version="1.0" encoding="UTF-8" ?>
<testsuite errors="0" failures="0" hostname="travis-job-f1f6b014-eb46-4a59-9cf4-388bce23d48d" name="ptolemy.actor.lib.hoc.test.junit.JUnitTclTest" skipped="0" tests="58" time="31.577" timestamp="2018-06-02T17:38:48">
  <properties>
[...]
</properties>
  <testcase classname="ptolemy.util.test.junit.TclTests" name="[0] /home/travis/build/icyphy/ptII/ptolemy/actor/lib/hoc/test/IterateOverArray.tcl (RunTclFile)" time="0.295" />
  <testcase classname="ptolemy.util.test.junit.AutoKnownFailedTests" name="[0] /home/travis/build/icyphy/ptII/ptolemy/actor/lib/hoc/test/auto/knownFailedTests/PreinitializeMustBeInvokedRunComposite.xml (RunModel)" time="0.218" />
  <testcase classname="ptolemy.util.test.junit.AutoNameArchTests" name="[0] ThereAreNoAutoArchTests (RunModel)" time="0.001" />
  <testcase classname="ptolemy.util.test.junit.AutoTests" name="[0] /home/travis/build/icyphy/ptII/ptolemy/actor/lib/hoc/test/auto/AllToAllMultiInstanceComposite.xml (RunModel)" time="0.27" />
  <testcase classname="ptolemy.util.test.junit.AutoTests" name="[1] /home/travis/build/icyphy/ptII/ptolemy/actor/lib/hoc/test/auto/ApplyFFTTest.xml (RunModel)" time="0.221" />
  <testcase classname="ptolemy.util.test.junit.AutoTests" name="[2] /home/travis/build/icyphy/ptII/ptolemy/actor/lib/hoc/test/auto/ApplyFunction.xml (RunModel)" time="0.027" />
  <testcase classname="ptolemy.util.test.junit.AutoTests" name="[3] /home/travis/build/icyphy/ptII/ptolemy/actor/lib/hoc/test/auto/BackgroundExecution.xml (RunModel)" time="0.746" />
  <testcase classname="ptolemy.util.test.junit.AutoTests" name="[4] /home/travis/build/icyphy/ptII/ptolemy/actor/lib/hoc/test/auto/Case.xml (RunModel)" time="0.051" />
  <testcase classname="ptolemy.util.test.junit.AutoTests" name="[5] /home/travis/build/icyphy/ptII/ptolemy/actor/lib/hoc/test/auto/Case1.xml (RunModel)" time="0.047" />
  <testcase classname="ptolemy.util.test.junit.AutoTests" name="[6] /home/travis/build/icyphy/ptII/ptolemy/actor/lib/hoc/test/auto/Case2.xml (RunModel)" time="0.13" />
  <testcase classname="ptolemy.util.test.junit.AutoTests" name="[7] /home/travis/build/icyphy/ptII/ptolemy/actor/lib/hoc/test/auto/Case3.xml (RunModel)" time="0.049" />
  <testcase classname="ptolemy.util.test.junit.AutoTests" name="[8] /home/travis/build/icyphy/ptII/ptolemy/actor/lib/hoc/test/auto/Case4.xml (RunModel)" time="0.082" />
  <testcase classname="ptolemy.util.test.junit.AutoTests" name="[9] /home/travis/build/icyphy/ptII/ptolemy/actor/lib/hoc/test/auto/Case5.xml (RunModel)" time="0.088" />
  <testcase classname="ptolemy.util.test.junit.AutoTests" name="[10] /home/travis/build/icyphy/ptII/ptolemy/actor/lib/hoc/test/auto/Case6.xml (RunModel)" time="0.118" />
  <testcase classname="ptolemy.util.test.junit.AutoTests" name="[11] /home/travis/build/icyphy/ptII/ptolemy/actor/lib/hoc/test/auto/CaseString2.xml (RunModel)" time="0.051" />
  <testcase classname="ptolemy.util.test.junit.AutoTests" name="[12] /home/travis/build/icyphy/ptII/ptolemy/actor/lib/hoc/test/auto/CatchUpComposite1.xml (RunModel)" time="0.066" />
  <testcase classname="ptolemy.util.test.junit.AutoTests" name="[13] /home/travis/build/icyphy/ptII/ptolemy/actor/lib/hoc/test/auto/CatchUpComposite2.xml (RunModel)" time="0.059" />
  <testcase classname="ptolemy.util.test.junit.AutoTests" name="[14] /home/travis/build/icyphy/ptII/ptolemy/actor/lib/hoc/test/auto/CatchUpComposite3.xml (RunModel)" time="0.05" />
  <testcase classname="ptolemy.util.test.junit.AutoTests" name="[15] /home/travis/build/icyphy/ptII/ptolemy/actor/lib/hoc/test/auto/CatchUpComposite4.xml (RunModel)" time="0.063" />
  <testcase classname="ptolemy.util.test.junit.AutoTests" name="[16] /home/travis/build/icyphy/ptII/ptolemy/actor/lib/hoc/test/auto/CatchUpComposite5.xml (RunModel)" time="0.033" />
  <testcase classname="ptolemy.util.test.junit.AutoTests" name="[17] /home/travis/build/icyphy/ptII/ptolemy/actor/lib/hoc/test/auto/CatchUpComposite6.xml (RunModel)" time="0.115" />
  <testcase classname="ptolemy.util.test.junit.AutoTests" name="[18] /home/travis/build/icyphy/ptII/ptolemy/actor/lib/hoc/test/auto/CatchUpComposite7.xml (RunModel)" time="0.099" />
  <testcase classname="ptolemy.util.test.junit.AutoTests" name="[19] /home/travis/build/icyphy/ptII/ptolemy/actor/lib/hoc/test/auto/ConcurrentExecutionTimeSDF.xml (RunModel)" time="0.036" />
  <testcase classname="ptolemy.util.test.junit.AutoTests" name="[20] /home/travis/build/icyphy/ptII/ptolemy/actor/lib/hoc/test/auto/ConcurrentSleep.xml (RunModel)" time="0.751" />
  <testcase classname="ptolemy.util.test.junit.AutoTests" name="[21] /home/travis/build/icyphy/ptII/ptolemy/actor/lib/hoc/test/auto/DEInPNInRunCompositeActor.xml (RunModel)" time="0.047" />
  <testcase classname="ptolemy.util.test.junit.AutoTests" name="[22] /home/travis/build/icyphy/ptII/ptolemy/actor/lib/hoc/test/auto/DFTSubSetTest.xml (RunModel)" time="0.3" />
  <testcase classname="ptolemy.util.test.junit.AutoTests" name="[23] /home/travis/build/icyphy/ptII/ptolemy/actor/lib/hoc/test/auto/HocDE.xml (RunModel)" time="0.181" />
  <testcase classname="ptolemy.util.test.junit.AutoTests" name="[24] /home/travis/build/icyphy/ptII/ptolemy/actor/lib/hoc/test/auto/IterateOverArray.xml (RunModel)" time="0.026" />
  <testcase classname="ptolemy.util.test.junit.AutoTests" name="[25] /home/travis/build/icyphy/ptII/ptolemy/actor/lib/hoc/test/auto/IterateOverArray10.xml (RunModel)" time="0.02" />
  <testcase classname="ptolemy.util.test.junit.AutoTests" name="[26] /home/travis/build/icyphy/ptII/ptolemy/actor/lib/hoc/test/auto/IterateOverArray11.xml (RunModel)" time="0.031" />
  <testcase classname="ptolemy.util.test.junit.AutoTests" name="[27] /home/travis/build/icyphy/ptII/ptolemy/actor/lib/hoc/test/auto/IterateOverArray12.xml (RunModel)" time="0.053" />
  <testcase classname="ptolemy.util.test.junit.AutoTests" name="[28] /home/travis/build/icyphy/ptII/ptolemy/actor/lib/hoc/test/auto/IterateOverArray13.xml (RunModel)" time="0.154" />
  <testcase classname="ptolemy.util.test.junit.AutoTests" name="[29] /home/travis/build/icyphy/ptII/ptolemy/actor/lib/hoc/test/auto/IterateOverArray14.xml (RunModel)" time="0.133" />
  <testcase classname="ptolemy.util.test.junit.AutoTests" name="[30] /home/travis/build/icyphy/ptII/ptolemy/actor/lib/hoc/test/auto/IterateOverArray2.xml (RunModel)" time="0.03" />
  <testcase classname="ptolemy.util.test.junit.AutoTests" name="[31] /home/travis/build/icyphy/ptII/ptolemy/actor/lib/hoc/test/auto/IterateOverArray3.xml (RunModel)" time="0.048" />
  <testcase classname="ptolemy.util.test.junit.AutoTests" name="[32] /home/travis/build/icyphy/ptII/ptolemy/actor/lib/hoc/test/auto/IterateOverArray4.xml (RunModel)" time="0.026" />
  <testcase classname="ptolemy.util.test.junit.AutoTests" name="[33] /home/travis/build/icyphy/ptII/ptolemy/actor/lib/hoc/test/auto/IterateOverArray5.xml (RunModel)" time="0.019" />
  <testcase classname="ptolemy.util.test.junit.AutoTests" name="[34] /home/travis/build/icyphy/ptII/ptolemy/actor/lib/hoc/test/auto/IterateOverArray6.xml (RunModel)" time="0.013" />
  <testcase classname="ptolemy.util.test.junit.AutoTests" name="[35] /home/travis/build/icyphy/ptII/ptolemy/actor/lib/hoc/test/auto/IterateOverArray7.xml (RunModel)" time="0.021" />
  <testcase classname="ptolemy.util.test.junit.AutoTests" name="[36] /home/travis/build/icyphy/ptII/ptolemy/actor/lib/hoc/test/auto/IterateOverArray8.xml (RunModel)" time="0.023" />
  <testcase classname="ptolemy.util.test.junit.AutoTests" name="[37] /home/travis/build/icyphy/ptII/ptolemy/actor/lib/hoc/test/auto/IterateOverArray9.xml (RunModel)" time="0.027" />
  <testcase classname="ptolemy.util.test.junit.AutoTests" name="[38] /home/travis/build/icyphy/ptII/ptolemy/actor/lib/hoc/test/auto/IterateOverArrayCoercedOutputType.xml (RunModel)" time="0.045" />
  <testcase classname="ptolemy.util.test.junit.AutoTests" name="[39] /home/travis/build/icyphy/ptII/ptolemy/actor/lib/hoc/test/auto/IterateOverArrayInferredOutputType.xml (RunModel)" time="0.042" />
  <testcase classname="ptolemy.util.test.junit.AutoTests" name="[40] /home/travis/build/icyphy/ptII/ptolemy/actor/lib/hoc/test/auto/MobileFunctionTest.xml (RunModel)" time="0.033" />
  <testcase classname="ptolemy.util.test.junit.AutoTests" name="[41] /home/travis/build/icyphy/ptII/ptolemy/actor/lib/hoc/test/auto/MobileModelTest.xml (RunModel)" time="0.101" />
  <testcase classname="ptolemy.util.test.junit.AutoTests" name="[42] /home/travis/build/icyphy/ptII/ptolemy/actor/lib/hoc/test/auto/ModelReference.xml (RunModel)" time="0.068" />
  <testcase classname="ptolemy.util.test.junit.AutoTests" name="[43] /home/travis/build/icyphy/ptII/ptolemy/actor/lib/hoc/test/auto/ModelReference3.xml (RunModel)" time="0.052" />
  <testcase classname="ptolemy.util.test.junit.AutoTests" name="[44] /home/travis/build/icyphy/ptII/ptolemy/actor/lib/hoc/test/auto/ModelReference4.xml (RunModel)" time="10.048" />
  <testcase classname="ptolemy.util.test.junit.AutoTests" name="[45] /home/travis/build/icyphy/ptII/ptolemy/actor/lib/hoc/test/auto/MultiInstanceComposite.xml (RunModel)" time="0.061" />
  <testcase classname="ptolemy.util.test.junit.AutoTests" name="[46] /home/travis/build/icyphy/ptII/ptolemy/actor/lib/hoc/test/auto/MultiInstanceComposite2.xml (RunModel)" time="0.037" />
  <testcase classname="ptolemy.util.test.junit.AutoTests" name="[47] /home/travis/build/icyphy/ptII/ptolemy/actor/lib/hoc/test/auto/MulticoreExecution.xml (RunModel)" time="10.087" />
  <testcase classname="ptolemy.util.test.junit.AutoTests" name="[48] /home/travis/build/icyphy/ptII/ptolemy/actor/lib/hoc/test/auto/ParallelExecution.xml (RunModel)" time="0.937" />
  <testcase classname="ptolemy.util.test.junit.AutoTests" name="[49] /home/travis/build/icyphy/ptII/ptolemy/actor/lib/hoc/test/auto/RunCompositeActor.xml (RunModel)" time="0.025" />
  <testcase classname="ptolemy.util.test.junit.AutoTests" name="[50] /home/travis/build/icyphy/ptII/ptolemy/actor/lib/hoc/test/auto/RunCompositeActor2.xml (RunModel)" time="0.056" />
  <testcase classname="ptolemy.util.test.junit.AutoTests" name="[51] /home/travis/build/icyphy/ptII/ptolemy/actor/lib/hoc/test/auto/RunCompositeActor3.xml (RunModel)" time="0.024" />
  <testcase classname="ptolemy.util.test.junit.AutoTests" name="[52] /home/travis/build/icyphy/ptII/ptolemy/actor/lib/hoc/test/auto/RunCompositeActor4.xml (RunModel)" time="0.032" />
  <testcase classname="ptolemy.util.test.junit.AutoTests" name="[53] /home/travis/build/icyphy/ptII/ptolemy/actor/lib/hoc/test/auto/RunCompositeIterateOverArray.xml (RunModel)" time="0.029" />
  <testcase classname="ptolemy.util.test.junit.AutoTests" name="[54] /home/travis/build/icyphy/ptII/ptolemy/actor/lib/hoc/test/auto/ThreadedJS.xml (RunModel)" time="4.618" />
  <system-out><![CDATA[/home/travis/build/icyphy/ptII/ptolemy/actor/lib/hoc/test/IterateOverArray.tcl
testDefs.tcl: setting time out to 9000 seconds at Sat Jun 02 17:38:48 UTC 2018
06/02/18 05:38:48
Failed: 0  Total Tests: 2  ((Passed: 2, Newly Passed: 0)  Known Failed: 0) /home/travis/build/icyphy/ptII/ptolemy/actor/lib/hoc/test
----------------- testing (KnownFailure) /home/travis/build/icyphy/ptII/ptolemy/actor/lib/hoc/test/auto/knownFailedTests/PreinitializeMustBeInvokedRunComposite.xml
30 ms. Memory: 116224K Free: 104485K (90%)
Known Failure: java.lang.reflect.InvocationTargetException
No auto/linux-amd64/*.xml tests in /home/travis/build/icyphy/ptII/ptolemy/actor/lib/hoc/test
AutoTests.java: About to close Vertx.
AutoTests.java: Vertx closed.

===========================================================================================
----------------- testing Sat Jun 02 17:38:49 UTC 2018 /home/travis/build/icyphy/ptII/ptolemy/actor/lib/hoc/test/auto/AllToAllMultiInstanceComposite.xml
----------------- Instantiating /home/travis/build/icyphy/ptII/ptolemy/actor/lib/hoc/test/auto/AllToAllMultiInstanceComposite.xml
98 ms. Memory: 146944K Free: 111964K (76%)
----------------- Invoking toplevel() on ptolemy.moml.MoMLSimpleApplication@67ab3f7
----------------- Done invoking toplevel() on ptolemy.moml.MoMLSimpleApplication@67ab3f7
reloadAllAccessors: .AllToAllMultiInstanceComposite

===========================================================================================
----------------- testing Sat Jun 02 17:38:49 UTC 2018 /home/travis/build/icyphy/ptII/ptolemy/actor/lib/hoc/test/auto/ApplyFFTTest.xml
----------------- Instantiating /home/travis/build/icyphy/ptII/ptolemy/actor/lib/hoc/test/auto/ApplyFFTTest.xml
88 ms. Memory: 146944K Free: 91892K (63%)
----------------- Invoking toplevel() on ptolemy.moml.MoMLSimpleApplication@2fa35588
----------------- Done invoking toplevel() on ptolemy.moml.MoMLSimpleApplication@2fa35588
reloadAllAccessors: .ApplyFFTTest

===========================================================================================
----------------- testing Sat Jun 02 17:38:49 UTC 2018 /home/travis/build/icyphy/ptII/ptolemy/actor/lib/hoc/test/auto/ApplyFunction.xml
----------------- Instantiating /home/travis/build/icyphy/ptII/ptolemy/actor/lib/hoc/test/auto/ApplyFunction.xml
4 ms. Memory: 146944K Free: 88141K (60%)
----------------- Invoking toplevel() on ptolemy.moml.MoMLSimpleApplication@1da5223e
----------------- Done invoking toplevel() on ptolemy.moml.MoMLSimpleApplication@1da5223e
reloadAllAccessors: .ApplyFunction

===========================================================================================
----------------- testing Sat Jun 02 17:38:49 UTC 2018 /home/travis/build/icyphy/ptII/ptolemy/actor/lib/hoc/test/auto/BackgroundExecution.xml
----------------- Instantiating /home/travis/build/icyphy/ptII/ptolemy/actor/lib/hoc/test/auto/BackgroundExecution.xml
648 ms. Memory: 146944K Free: 139902K (95%)
----------------- Invoking toplevel() on ptolemy.moml.MoMLSimpleApplication@20faafc2
----------------- Done invoking toplevel() on ptolemy.moml.MoMLSimpleApplication@20faafc2
reloadAllAccessors: .BackgroundExecution

===========================================================================================
----------------- testing Sat Jun 02 17:38:50 UTC 2018 /home/travis/build/icyphy/ptII/ptolemy/actor/lib/hoc/test/auto/Case.xml
----------------- Instantiating /home/travis/build/icyphy/ptII/ptolemy/actor/lib/hoc/test/auto/Case.xml
15 ms. Memory: 146944K Free: 130853K (89%)
----------------- Invoking toplevel() on ptolemy.moml.MoMLSimpleApplication@4c869e6d
----------------- Done invoking toplevel() on ptolemy.moml.MoMLSimpleApplication@4c869e6d
reloadAllAccessors: .Case

===========================================================================================
----------------- testing Sat Jun 02 17:38:50 UTC 2018 /home/travis/build/icyphy/ptII/ptolemy/actor/lib/hoc/test/auto/Case1.xml
----------------- Instantiating /home/travis/build/icyphy/ptII/ptolemy/actor/lib/hoc/test/auto/Case1.xml
21 ms. Memory: 146944K Free: 124144K (84%)
----------------- Invoking toplevel() on ptolemy.moml.MoMLSimpleApplication@ca1082e
----------------- Done invoking toplevel() on ptolemy.moml.MoMLSimpleApplication@ca1082e
reloadAllAccessors: .Case1

===========================================================================================
----------------- testing Sat Jun 02 17:38:50 UTC 2018 /home/travis/build/icyphy/ptII/ptolemy/actor/lib/hoc/test/auto/Case2.xml
----------------- Instantiating /home/travis/build/icyphy/ptII/ptolemy/actor/lib/hoc/test/auto/Case2.xml
54 ms. Memory: 146944K Free: 112516K (77%)
----------------- Invoking toplevel() on ptolemy.moml.MoMLSimpleApplication@46d0e46
----------------- Done invoking toplevel() on ptolemy.moml.MoMLSimpleApplication@46d0e46
reloadAllAccessors: .Case2

===========================================================================================
----------------- testing Sat Jun 02 17:38:50 UTC 2018 /home/travis/build/icyphy/ptII/ptolemy/actor/lib/hoc/test/auto/Case3.xml
----------------- Instantiating /home/travis/build/icyphy/ptII/ptolemy/actor/lib/hoc/test/auto/Case3.xml
8 ms. Memory: 146944K Free: 106148K (72%)
----------------- Invoking toplevel() on ptolemy.moml.MoMLSimpleApplication@52956922
----------------- Done invoking toplevel() on ptolemy.moml.MoMLSimpleApplication@52956922
reloadAllAccessors: .Case3

===========================================================================================
----------------- testing Sat Jun 02 17:38:51 UTC 2018 /home/travis/build/icyphy/ptII/ptolemy/actor/lib/hoc/test/auto/Case4.xml
----------------- Instantiating /home/travis/build/icyphy/ptII/ptolemy/actor/lib/hoc/test/auto/Case4.xml
18 ms. Memory: 146944K Free: 97494K (66%)
----------------- Invoking toplevel() on ptolemy.moml.MoMLSimpleApplication@491199b2
----------------- Done invoking toplevel() on ptolemy.moml.MoMLSimpleApplication@491199b2
reloadAllAccessors: .Case4

===========================================================================================
----------------- testing Sat Jun 02 17:38:51 UTC 2018 /home/travis/build/icyphy/ptII/ptolemy/actor/lib/hoc/test/auto/Case5.xml
----------------- Instantiating /home/travis/build/icyphy/ptII/ptolemy/actor/lib/hoc/test/auto/Case5.xml
53 ms. Memory: 146944K Free: 90921K (62%)
----------------- Invoking toplevel() on ptolemy.moml.MoMLSimpleApplication@18e09046
----------------- Done invoking toplevel() on ptolemy.moml.MoMLSimpleApplication@18e09046
reloadAllAccessors: .junk

===========================================================================================
----------------- testing Sat Jun 02 17:38:51 UTC 2018 /home/travis/build/icyphy/ptII/ptolemy/actor/lib/hoc/test/auto/Case6.xml
----------------- Instantiating /home/travis/build/icyphy/ptII/ptolemy/actor/lib/hoc/test/auto/Case6.xml
45 ms. Memory: 208384K Free: 200537K (96%)
----------------- Invoking toplevel() on ptolemy.moml.MoMLSimpleApplication@44447c6
----------------- Done invoking toplevel() on ptolemy.moml.MoMLSimpleApplication@44447c6
reloadAllAccessors: .Case6

===========================================================================================
----------------- testing Sat Jun 02 17:38:51 UTC 2018 /home/travis/build/icyphy/ptII/ptolemy/actor/lib/hoc/test/auto/CaseString2.xml
----------------- Instantiating /home/travis/build/icyphy/ptII/ptolemy/actor/lib/hoc/test/auto/CaseString2.xml
19 ms. Memory: 208384K Free: 190483K (91%)
----------------- Invoking toplevel() on ptolemy.moml.MoMLSimpleApplication@a87d2fb
----------------- Done invoking toplevel() on ptolemy.moml.MoMLSimpleApplication@a87d2fb
reloadAllAccessors: .CaseString2

===========================================================================================
----------------- testing Sat Jun 02 17:38:51 UTC 2018 /home/travis/build/icyphy/ptII/ptolemy/actor/lib/hoc/test/auto/CatchUpComposite1.xml
----------------- Instantiating /home/travis/build/icyphy/ptII/ptolemy/actor/lib/hoc/test/auto/CatchUpComposite1.xml
24 ms. Memory: 208384K Free: 181235K (87%)
----------------- Invoking toplevel() on ptolemy.moml.MoMLSimpleApplication@1a04e5cc
----------------- Done invoking toplevel() on ptolemy.moml.MoMLSimpleApplication@1a04e5cc
reloadAllAccessors: .CatchUpComposite1

===========================================================================================
----------------- testing Sat Jun 02 17:38:51 UTC 2018 /home/travis/build/icyphy/ptII/ptolemy/actor/lib/hoc/test/auto/CatchUpComposite2.xml
----------------- Instantiating /home/travis/build/icyphy/ptII/ptolemy/actor/lib/hoc/test/auto/CatchUpComposite2.xml
14 ms. Memory: 208384K Free: 171954K (83%)
----------------- Invoking toplevel() on ptolemy.moml.MoMLSimpleApplication@5c307dd5
----------------- Done invoking toplevel() on ptolemy.moml.MoMLSimpleApplication@5c307dd5
reloadAllAccessors: .CatchUpComposite2

===========================================================================================
----------------- testing Sat Jun 02 17:38:51 UTC 2018 /home/travis/build/icyphy/ptII/ptolemy/actor/lib/hoc/test/auto/CatchUpComposite3.xml
----------------- Instantiating /home/travis/build/icyphy/ptII/ptolemy/actor/lib/hoc/test/auto/CatchUpComposite3.xml
11 ms. Memory: 208384K Free: 161794K (78%)
----------------- Invoking toplevel() on ptolemy.moml.MoMLSimpleApplication@1aaca1c2
----------------- Done invoking toplevel() on ptolemy.moml.MoMLSimpleApplication@1aaca1c2
reloadAllAccessors: .CatchUpComposite3

===========================================================================================
----------------- testing Sat Jun 02 17:38:51 UTC 2018 /home/travis/build/icyphy/ptII/ptolemy/actor/lib/hoc/test/auto/CatchUpComposite4.xml
----------------- Instantiating /home/travis/build/icyphy/ptII/ptolemy/actor/lib/hoc/test/auto/CatchUpComposite4.xml
16 ms. Memory: 208384K Free: 152497K (73%)
----------------- Invoking toplevel() on ptolemy.moml.MoMLSimpleApplication@5a1bda34
----------------- Done invoking toplevel() on ptolemy.moml.MoMLSimpleApplication@5a1bda34
reloadAllAccessors: .CatchUpComposite4

===========================================================================================
----------------- testing Sat Jun 02 17:38:51 UTC 2018 /home/travis/build/icyphy/ptII/ptolemy/actor/lib/hoc/test/auto/CatchUpComposite5.xml
----------------- Instantiating /home/travis/build/icyphy/ptII/ptolemy/actor/lib/hoc/test/auto/CatchUpComposite5.xml
9 ms. Memory: 208384K Free: 143879K (69%)
----------------- Invoking toplevel() on ptolemy.moml.MoMLSimpleApplication@775286aa
----------------- Done invoking toplevel() on ptolemy.moml.MoMLSimpleApplication@775286aa
reloadAllAccessors: .CatchUpComposite5

===========================================================================================
----------------- testing Sat Jun 02 17:38:51 UTC 2018 /home/travis/build/icyphy/ptII/ptolemy/actor/lib/hoc/test/auto/CatchUpComposite6.xml
----------------- Instantiating /home/travis/build/icyphy/ptII/ptolemy/actor/lib/hoc/test/auto/CatchUpComposite6.xml
WARNING: The execution aspects in this model can influence the timing of actors by delaying the 
execution, potentially changing the behavior. There is no guarantee that actors fire at the 
time they request to be fired. 
Use Ptides for deterministic DE behavior that is not influenced by execution aspects. 

52 ms. Memory: 208384K Free: 124925K (60%)
----------------- Invoking toplevel() on ptolemy.moml.MoMLSimpleApplication@4b6ed285
----------------- Done invoking toplevel() on ptolemy.moml.MoMLSimpleApplication@4b6ed285
reloadAllAccessors: .CatchUpComposite6

===========================================================================================
----------------- testing Sat Jun 02 17:38:51 UTC 2018 /home/travis/build/icyphy/ptII/ptolemy/actor/lib/hoc/test/auto/CatchUpComposite7.xml
----------------- Instantiating /home/travis/build/icyphy/ptII/ptolemy/actor/lib/hoc/test/auto/CatchUpComposite7.xml
WARNING: The execution aspects in this model can influence the timing of actors by delaying the 
execution, potentially changing the behavior. There is no guarantee that actors fire at the 
time they request to be fired. 
Use Ptides for deterministic DE behavior that is not influenced by execution aspects. 

39 ms. Memory: 208384K Free: 108190K (52%)
----------------- Invoking toplevel() on ptolemy.moml.MoMLSimpleApplication@3edefe6e
----------------- Done invoking toplevel() on ptolemy.moml.MoMLSimpleApplication@3edefe6e
reloadAllAccessors: .CatchUpComposite7

===========================================================================================
----------------- testing Sat Jun 02 17:38:51 UTC 2018 /home/travis/build/icyphy/ptII/ptolemy/actor/lib/hoc/test/auto/ConcurrentExecutionTimeSDF.xml
----------------- Instantiating /home/travis/build/icyphy/ptII/ptolemy/actor/lib/hoc/test/auto/ConcurrentExecutionTimeSDF.xml
12 ms. Memory: 208384K Free: 99508K (48%)
----------------- Invoking toplevel() on ptolemy.moml.MoMLSimpleApplication@6a732aef
----------------- Done invoking toplevel() on ptolemy.moml.MoMLSimpleApplication@6a732aef
reloadAllAccessors: .ConcurrentExecutionTimeSDF

===========================================================================================
----------------- testing Sat Jun 02 17:38:51 UTC 2018 /home/travis/build/icyphy/ptII/ptolemy/actor/lib/hoc/test/auto/ConcurrentSleep.xml
----------------- Instantiating /home/travis/build/icyphy/ptII/ptolemy/actor/lib/hoc/test/auto/ConcurrentSleep.xml
722 ms. Memory: 208384K Free: 85032K (41%)
----------------- Invoking toplevel() on ptolemy.moml.MoMLSimpleApplication@432a215e
----------------- Done invoking toplevel() on ptolemy.moml.MoMLSimpleApplication@432a215e
reloadAllAccessors: .ConcurrentSleep

===========================================================================================
----------------- testing Sat Jun 02 17:38:52 UTC 2018 /home/travis/build/icyphy/ptII/ptolemy/actor/lib/hoc/test/auto/DEInPNInRunCompositeActor.xml
----------------- Instantiating /home/travis/build/icyphy/ptII/ptolemy/actor/lib/hoc/test/auto/DEInPNInRunCompositeActor.xml
29 ms. Memory: 208384K Free: 201003K (96%)
----------------- Invoking toplevel() on ptolemy.moml.MoMLSimpleApplication@3d96aab7
----------------- Done invoking toplevel() on ptolemy.moml.MoMLSimpleApplication@3d96aab7
reloadAllAccessors: .DEInPNInRunCompositeActor

===========================================================================================
----------------- testing Sat Jun 02 17:38:52 UTC 2018 /home/travis/build/icyphy/ptII/ptolemy/actor/lib/hoc/test/auto/DFTSubSetTest.xml
----------------- Instantiating /home/travis/build/icyphy/ptII/ptolemy/actor/lib/hoc/test/auto/DFTSubSetTest.xml
182 ms. Memory: 208384K Free: 152995K (73%)
----------------- Invoking toplevel() on ptolemy.moml.MoMLSimpleApplication@89a36b3
----------------- Done invoking toplevel() on ptolemy.moml.MoMLSimpleApplication@89a36b3
reloadAllAccessors: .DFTSubSetTest

===========================================================================================
----------------- testing Sat Jun 02 17:38:53 UTC 2018 /home/travis/build/icyphy/ptII/ptolemy/actor/lib/hoc/test/auto/HocDE.xml
----------------- Instantiating /home/travis/build/icyphy/ptII/ptolemy/actor/lib/hoc/test/auto/HocDE.xml
144 ms. Memory: 208384K Free: 126463K (61%)
----------------- Invoking toplevel() on ptolemy.moml.MoMLSimpleApplication@131d861f
----------------- Done invoking toplevel() on ptolemy.moml.MoMLSimpleApplication@131d861f
reloadAllAccessors: .HocDE

===========================================================================================
----------------- testing Sat Jun 02 17:38:53 UTC 2018 /home/travis/build/icyphy/ptII/ptolemy/actor/lib/hoc/test/auto/IterateOverArray.xml
----------------- Instantiating /home/travis/build/icyphy/ptII/ptolemy/actor/lib/hoc/test/auto/IterateOverArray.xml
7 ms. Memory: 208384K Free: 120931K (58%)
----------------- Invoking toplevel() on ptolemy.moml.MoMLSimpleApplication@c837658
----------------- Done invoking toplevel() on ptolemy.moml.MoMLSimpleApplication@c837658
reloadAllAccessors: .IterateOverArray

===========================================================================================
----------------- testing Sat Jun 02 17:38:53 UTC 2018 /home/travis/build/icyphy/ptII/ptolemy/actor/lib/hoc/test/auto/IterateOverArray10.xml
----------------- Instantiating /home/travis/build/icyphy/ptII/ptolemy/actor/lib/hoc/test/auto/IterateOverArray10.xml
3 ms. Memory: 208384K Free: 116628K (56%)
----------------- Invoking toplevel() on ptolemy.moml.MoMLSimpleApplication@210945a
----------------- Done invoking toplevel() on ptolemy.moml.MoMLSimpleApplication@210945a
reloadAllAccessors: .IterateOverArray10

===========================================================================================
----------------- testing Sat Jun 02 17:38:53 UTC 2018 /home/travis/build/icyphy/ptII/ptolemy/actor/lib/hoc/test/auto/IterateOverArray11.xml
----------------- Instantiating /home/travis/build/icyphy/ptII/ptolemy/actor/lib/hoc/test/auto/IterateOverArray11.xml
7 ms. Memory: 208384K Free: 111697K (54%)
----------------- Invoking toplevel() on ptolemy.moml.MoMLSimpleApplication@7e7038c8
----------------- Done invoking toplevel() on ptolemy.moml.MoMLSimpleApplication@7e7038c8
reloadAllAccessors: .IterateOverArray11

===========================================================================================
----------------- testing Sat Jun 02 17:38:53 UTC 2018 /home/travis/build/icyphy/ptII/ptolemy/actor/lib/hoc/test/auto/IterateOverArray12.xml
----------------- Instantiating /home/travis/build/icyphy/ptII/ptolemy/actor/lib/hoc/test/auto/IterateOverArray12.xml
21 ms. Memory: 208384K Free: 104273K (50%)
----------------- Invoking toplevel() on ptolemy.moml.MoMLSimpleApplication@c39f659
----------------- Done invoking toplevel() on ptolemy.moml.MoMLSimpleApplication@c39f659
reloadAllAccessors: .IterateOverArray12

===========================================================================================
----------------- testing Sat Jun 02 17:38:53 UTC 2018 /home/travis/build/icyphy/ptII/ptolemy/actor/lib/hoc/test/auto/IterateOverArray13.xml
----------------- Instantiating /home/travis/build/icyphy/ptII/ptolemy/actor/lib/hoc/test/auto/IterateOverArray13.xml
83 ms. Memory: 331264K Free: 320157K (97%)
----------------- Invoking toplevel() on ptolemy.moml.MoMLSimpleApplication@22fe63c2
----------------- Done invoking toplevel() on ptolemy.moml.MoMLSimpleApplication@22fe63c2
reloadAllAccessors: .IterateOverArray13

===========================================================================================
----------------- testing Sat Jun 02 17:38:53 UTC 2018 /home/travis/build/icyphy/ptII/ptolemy/actor/lib/hoc/test/auto/IterateOverArray14.xml
----------------- Instantiating /home/travis/build/icyphy/ptII/ptolemy/actor/lib/hoc/test/auto/IterateOverArray14.xml
61 ms. Memory: 331264K Free: 282883K (85%)
----------------- Invoking toplevel() on ptolemy.moml.MoMLSimpleApplication@ba4a9c1
----------------- Done invoking toplevel() on ptolemy.moml.MoMLSimpleApplication@ba4a9c1
reloadAllAccessors: .IterateOverArray14

===========================================================================================
----------------- testing Sat Jun 02 17:38:53 UTC 2018 /home/travis/build/icyphy/ptII/ptolemy/actor/lib/hoc/test/auto/IterateOverArray2.xml
----------------- Instantiating /home/travis/build/icyphy/ptII/ptolemy/actor/lib/hoc/test/auto/IterateOverArray2.xml
8 ms. Memory: 331264K Free: 277989K (84%)
----------------- Invoking toplevel() on ptolemy.moml.MoMLSimpleApplication@91804b5
----------------- Done invoking toplevel() on ptolemy.moml.MoMLSimpleApplication@91804b5
reloadAllAccessors: .IterateOverArray2

===========================================================================================
----------------- testing Sat Jun 02 17:38:53 UTC 2018 /home/travis/build/icyphy/ptII/ptolemy/actor/lib/hoc/test/auto/IterateOverArray3.xml
----------------- Instantiating /home/travis/build/icyphy/ptII/ptolemy/actor/lib/hoc/test/auto/IterateOverArray3.xml
13 ms. Memory: 331264K Free: 269815K (81%)
----------------- Invoking toplevel() on ptolemy.moml.MoMLSimpleApplication@52a4b7e0
----------------- Done invoking toplevel() on ptolemy.moml.MoMLSimpleApplication@52a4b7e0
reloadAllAccessors: .IterateOverArray3

===========================================================================================
----------------- testing Sat Jun 02 17:38:53 UTC 2018 /home/travis/build/icyphy/ptII/ptolemy/actor/lib/hoc/test/auto/IterateOverArray4.xml
----------------- Instantiating /home/travis/build/icyphy/ptII/ptolemy/actor/lib/hoc/test/auto/IterateOverArray4.xml
5 ms. Memory: 331264K Free: 264920K (80%)
----------------- Invoking toplevel() on ptolemy.moml.MoMLSimpleApplication@499d47b9
----------------- Done invoking toplevel() on ptolemy.moml.MoMLSimpleApplication@499d47b9
reloadAllAccessors: .IterateOverArray4

===========================================================================================
----------------- testing Sat Jun 02 17:38:53 UTC 2018 /home/travis/build/icyphy/ptII/ptolemy/actor/lib/hoc/test/auto/IterateOverArray5.xml
----------------- Instantiating /home/travis/build/icyphy/ptII/ptolemy/actor/lib/hoc/test/auto/IterateOverArray5.xml
5 ms. Memory: 331264K Free: 255130K (77%)
----------------- Invoking toplevel() on ptolemy.moml.MoMLSimpleApplication@7de27ead
----------------- Done invoking toplevel() on ptolemy.moml.MoMLSimpleApplication@7de27ead
reloadAllAccessors: .IterateOverArray5

===========================================================================================
----------------- testing Sat Jun 02 17:38:53 UTC 2018 /home/travis/build/icyphy/ptII/ptolemy/actor/lib/hoc/test/auto/IterateOverArray6.xml
----------------- Instantiating /home/travis/build/icyphy/ptII/ptolemy/actor/lib/hoc/test/auto/IterateOverArray6.xml
2 ms. Memory: 331264K Free: 250628K (76%)
----------------- Invoking toplevel() on ptolemy.moml.MoMLSimpleApplication@1064bb0d
----------------- Done invoking toplevel() on ptolemy.moml.MoMLSimpleApplication@1064bb0d
reloadAllAccessors: .IterateOverArray6

===========================================================================================
----------------- testing Sat Jun 02 17:38:53 UTC 2018 /home/travis/build/icyphy/ptII/ptolemy/actor/lib/hoc/test/auto/IterateOverArray7.xml
----------------- Instantiating /home/travis/build/icyphy/ptII/ptolemy/actor/lib/hoc/test/auto/IterateOverArray7.xml
2 ms. Memory: 331264K Free: 245733K (74%)
----------------- Invoking toplevel() on ptolemy.moml.MoMLSimpleApplication@4204b29a
----------------- Done invoking toplevel() on ptolemy.moml.MoMLSimpleApplication@4204b29a
reloadAllAccessors: .IterateOverArray7

===========================================================================================
----------------- testing Sat Jun 02 17:38:53 UTC 2018 /home/travis/build/icyphy/ptII/ptolemy/actor/lib/hoc/test/auto/IterateOverArray8.xml
----------------- Instantiating /home/travis/build/icyphy/ptII/ptolemy/actor/lib/hoc/test/auto/IterateOverArray8.xml
4 ms. Memory: 331264K Free: 240007K (72%)
----------------- Invoking toplevel() on ptolemy.moml.MoMLSimpleApplication@75577965
----------------- Done invoking toplevel() on ptolemy.moml.MoMLSimpleApplication@75577965
reloadAllAccessors: .IterateOverArray8

===========================================================================================
----------------- testing Sat Jun 02 17:38:53 UTC 2018 /home/travis/build/icyphy/ptII/ptolemy/actor/lib/hoc/test/auto/IterateOverArray9.xml
----------------- Instantiating /home/travis/build/icyphy/ptII/ptolemy/actor/lib/hoc/test/auto/IterateOverArray9.xml
8 ms. Memory: 331264K Free: 235112K (71%)
----------------- Invoking toplevel() on ptolemy.moml.MoMLSimpleApplication@141dc7a4
----------------- Done invoking toplevel() on ptolemy.moml.MoMLSimpleApplication@141dc7a4
reloadAllAccessors: .IterateOverArray9

===========================================================================================
----------------- testing Sat Jun 02 17:38:53 UTC 2018 /home/travis/build/icyphy/ptII/ptolemy/actor/lib/hoc/test/auto/IterateOverArrayCoercedOutputType.xml
----------------- Instantiating /home/travis/build/icyphy/ptII/ptolemy/actor/lib/hoc/test/auto/IterateOverArrayCoercedOutputType.xml
8 ms. Memory: 331264K Free: 228994K (69%)
----------------- Invoking toplevel() on ptolemy.moml.MoMLSimpleApplication@68f80f15
----------------- Done invoking toplevel() on ptolemy.moml.MoMLSimpleApplication@68f80f15
reloadAllAccessors: .IterateOverArrayCoercedOutputType

===========================================================================================
----------------- testing Sat Jun 02 17:38:53 UTC 2018 /home/travis/build/icyphy/ptII/ptolemy/actor/lib/hoc/test/auto/IterateOverArrayInferredOutputType.xml
----------------- Instantiating /home/travis/build/icyphy/ptII/ptolemy/actor/lib/hoc/test/auto/IterateOverArrayInferredOutputType.xml
12 ms. Memory: 331264K Free: 222044K (67%)
----------------- Invoking toplevel() on ptolemy.moml.MoMLSimpleApplication@ca96886
----------------- Done invoking toplevel() on ptolemy.moml.MoMLSimpleApplication@ca96886
reloadAllAccessors: .IterateOverArrayInferredOutputType

===========================================================================================
----------------- testing Sat Jun 02 17:38:53 UTC 2018 /home/travis/build/icyphy/ptII/ptolemy/actor/lib/hoc/test/auto/MobileFunctionTest.xml
----------------- Instantiating /home/travis/build/icyphy/ptII/ptolemy/actor/lib/hoc/test/auto/MobileFunctionTest.xml
8 ms. Memory: 331264K Free: 217149K (66%)
----------------- Invoking toplevel() on ptolemy.moml.MoMLSimpleApplication@5e2ad1e2
----------------- Done invoking toplevel() on ptolemy.moml.MoMLSimpleApplication@5e2ad1e2
reloadAllAccessors: .MobileFunctionTest

===========================================================================================
----------------- testing Sat Jun 02 17:38:53 UTC 2018 /home/travis/build/icyphy/ptII/ptolemy/actor/lib/hoc/test/auto/MobileModelTest.xml
----------------- Instantiating /home/travis/build/icyphy/ptII/ptolemy/actor/lib/hoc/test/auto/MobileModelTest.xml
69 ms. Memory: 331264K Free: 195515K (59%)
----------------- Invoking toplevel() on ptolemy.moml.MoMLSimpleApplication@35c62667
----------------- Done invoking toplevel() on ptolemy.moml.MoMLSimpleApplication@35c62667
reloadAllAccessors: .MobileModelTest

===========================================================================================
----------------- testing Sat Jun 02 17:38:54 UTC 2018 /home/travis/build/icyphy/ptII/ptolemy/actor/lib/hoc/test/auto/ModelReference.xml
----------------- Instantiating /home/travis/build/icyphy/ptII/ptolemy/actor/lib/hoc/test/auto/ModelReference.xml
2 ms. Memory: 331264K Free: 186949K (56%)
4 ms. Memory: 331264K Free: 185725K (56%)
2 ms. Memory: 331264K Free: 185725K (56%)
2 ms. Memory: 331264K Free: 184502K (56%)
1 ms. Memory: 331264K Free: 183278K (55%)
1 ms. Memory: 331264K Free: 183278K (55%)
1 ms. Memory: 331264K Free: 182054K (55%)
4 ms. Memory: 331264K Free: 180831K (55%)
3 ms. Memory: 331264K Free: 180831K (55%)
2 ms. Memory: 331264K Free: 179607K (54%)
33 ms. Memory: 331264K Free: 179607K (54%)
----------------- Invoking toplevel() on ptolemy.moml.MoMLSimpleApplication@358244a6
----------------- Done invoking toplevel() on ptolemy.moml.MoMLSimpleApplication@358244a6
reloadAllAccessors: .ModelReference

===========================================================================================
----------------- testing Sat Jun 02 17:38:54 UTC 2018 /home/travis/build/icyphy/ptII/ptolemy/actor/lib/hoc/test/auto/ModelReference3.xml
----------------- Instantiating /home/travis/build/icyphy/ptII/ptolemy/actor/lib/hoc/test/auto/ModelReference3.xml
1 ms. Memory: 331264K Free: 173489K (52%)
6 ms. Memory: 331264K Free: 173489K (52%)
2 ms. Memory: 331264K Free: 172265K (52%)
4 ms. Memory: 331264K Free: 171041K (52%)
1 ms. Memory: 331264K Free: 171041K (52%)
2 ms. Memory: 331264K Free: 169817K (51%)
2 ms. Memory: 331264K Free: 168594K (51%)
4 ms. Memory: 331264K Free: 168594K (51%)
2 ms. Memory: 331264K Free: 167370K (51%)
4 ms. Memory: 331264K Free: 166146K (50%)
37 ms. Memory: 331264K Free: 166146K (50%)
----------------- Invoking toplevel() on ptolemy.moml.MoMLSimpleApplication@118cb81d
----------------- Done invoking toplevel() on ptolemy.moml.MoMLSimpleApplication@118cb81d
reloadAllAccessors: .ModelReference3

===========================================================================================
----------------- testing Sat Jun 02 17:38:54 UTC 2018 /home/travis/build/icyphy/ptII/ptolemy/actor/lib/hoc/test/auto/ModelReference4.xml
----------------- Instantiating /home/travis/build/icyphy/ptII/ptolemy/actor/lib/hoc/test/auto/ModelReference4.xml
2 ms. Memory: 331264K Free: 159197K (48%)
2 ms. Memory: 331264K Free: 157973K (48%)
3 ms. Memory: 331264K Free: 155525K (47%)
3 ms. Memory: 331264K Free: 154301K (47%)
2 ms. Memory: 331264K Free: 153078K (46%)
2 ms. Memory: 331264K Free: 151854K (46%)
2 ms. Memory: 331264K Free: 150630K (45%)
2 ms. Memory: 331264K Free: 149406K (45%)
2 ms. Memory: 331264K Free: 146943K (44%)
2 ms. Memory: 331264K Free: 145719K (44%)
10029 ms. Memory: 331264K Free: 145719K (44%)
----------------- Invoking toplevel() on ptolemy.moml.MoMLSimpleApplication@2de907d3
----------------- Done invoking toplevel() on ptolemy.moml.MoMLSimpleApplication@2de907d3
reloadAllAccessors: .ModelReference4

===========================================================================================
----------------- testing Sat Jun 02 17:39:04 UTC 2018 /home/travis/build/icyphy/ptII/ptolemy/actor/lib/hoc/test/auto/MultiInstanceComposite.xml
----------------- Instantiating /home/travis/build/icyphy/ptII/ptolemy/actor/lib/hoc/test/auto/MultiInstanceComposite.xml
28 ms. Memory: 331264K Free: 128483K (39%)
----------------- Invoking toplevel() on ptolemy.moml.MoMLSimpleApplication@5813f4b0
----------------- Done invoking toplevel() on ptolemy.moml.MoMLSimpleApplication@5813f4b0
reloadAllAccessors: .MultiInstanceComposite

===========================================================================================
----------------- testing Sat Jun 02 17:39:04 UTC 2018 /home/travis/build/icyphy/ptII/ptolemy/actor/lib/hoc/test/auto/MultiInstanceComposite2.xml
----------------- Instantiating /home/travis/build/icyphy/ptII/ptolemy/actor/lib/hoc/test/auto/MultiInstanceComposite2.xml
12 ms. Memory: 331264K Free: 114079K (34%)
----------------- Invoking toplevel() on ptolemy.moml.MoMLSimpleApplication@6dc4089
----------------- Done invoking toplevel() on ptolemy.moml.MoMLSimpleApplication@6dc4089
reloadAllAccessors: .MultiInstanceComposite2

===========================================================================================
----------------- testing Sat Jun 02 17:39:04 UTC 2018 /home/travis/build/icyphy/ptII/ptolemy/actor/lib/hoc/test/auto/MulticoreExecution.xml
----------------- Instantiating /home/travis/build/icyphy/ptII/ptolemy/actor/lib/hoc/test/auto/MulticoreExecution.xml
10056 ms. Memory: 331264K Free: 100579K (30%)
----------------- Invoking toplevel() on ptolemy.moml.MoMLSimpleApplication@4fb23f30
----------------- Done invoking toplevel() on ptolemy.moml.MoMLSimpleApplication@4fb23f30
reloadAllAccessors: .MulticoreExecution

===========================================================================================
----------------- testing Sat Jun 02 17:39:14 UTC 2018 /home/travis/build/icyphy/ptII/ptolemy/actor/lib/hoc/test/auto/ParallelExecution.xml
----------------- Instantiating /home/travis/build/icyphy/ptII/ptolemy/actor/lib/hoc/test/auto/ParallelExecution.xml
919 ms. Memory: 331264K Free: 89533K (27%)
----------------- Invoking toplevel() on ptolemy.moml.MoMLSimpleApplication@af5fe37
----------------- Done invoking toplevel() on ptolemy.moml.MoMLSimpleApplication@af5fe37
reloadAllAccessors: .ParallelExecution

===========================================================================================
----------------- testing Sat Jun 02 17:39:15 UTC 2018 /home/travis/build/icyphy/ptII/ptolemy/actor/lib/hoc/test/auto/RunCompositeActor.xml
----------------- Instantiating /home/travis/build/icyphy/ptII/ptolemy/actor/lib/hoc/test/auto/RunCompositeActor.xml
10 ms. Memory: 331264K Free: 80080K (24%)
----------------- Invoking toplevel() on ptolemy.moml.MoMLSimpleApplication@b1a5424
----------------- Done invoking toplevel() on ptolemy.moml.MoMLSimpleApplication@b1a5424
reloadAllAccessors: .RunCompositeActor

===========================================================================================
----------------- testing Sat Jun 02 17:39:15 UTC 2018 /home/travis/build/icyphy/ptII/ptolemy/actor/lib/hoc/test/auto/RunCompositeActor2.xml
----------------- Instantiating /home/travis/build/icyphy/ptII/ptolemy/actor/lib/hoc/test/auto/RunCompositeActor2.xml
11 ms. Memory: 332288K Free: 316246K (95%)
----------------- Invoking toplevel() on ptolemy.moml.MoMLSimpleApplication@33caf79b
----------------- Done invoking toplevel() on ptolemy.moml.MoMLSimpleApplication@33caf79b
reloadAllAccessors: .RunCompositeActor2

===========================================================================================
----------------- testing Sat Jun 02 17:39:15 UTC 2018 /home/travis/build/icyphy/ptII/ptolemy/actor/lib/hoc/test/auto/RunCompositeActor3.xml
----------------- Instantiating /home/travis/build/icyphy/ptII/ptolemy/actor/lib/hoc/test/auto/RunCompositeActor3.xml
4 ms. Memory: 332288K Free: 309531K (93%)
----------------- Invoking toplevel() on ptolemy.moml.MoMLSimpleApplication@9ddecba
----------------- Done invoking toplevel() on ptolemy.moml.MoMLSimpleApplication@9ddecba
reloadAllAccessors: .RunCompositeActor3

===========================================================================================
----------------- testing Sat Jun 02 17:39:15 UTC 2018 /home/travis/build/icyphy/ptII/ptolemy/actor/lib/hoc/test/auto/RunCompositeActor4.xml
----------------- Instantiating /home/travis/build/icyphy/ptII/ptolemy/actor/lib/hoc/test/auto/RunCompositeActor4.xml
11 ms. Memory: 332288K Free: 300126K (90%)
----------------- Invoking toplevel() on ptolemy.moml.MoMLSimpleApplication@42ae5f34
----------------- Done invoking toplevel() on ptolemy.moml.MoMLSimpleApplication@42ae5f34
reloadAllAccessors: .RunCompositeActor4

===========================================================================================
----------------- testing Sat Jun 02 17:39:15 UTC 2018 /home/travis/build/icyphy/ptII/ptolemy/actor/lib/hoc/test/auto/RunCompositeIterateOverArray.xml
----------------- Instantiating /home/travis/build/icyphy/ptII/ptolemy/actor/lib/hoc/test/auto/RunCompositeIterateOverArray.xml
8 ms. Memory: 332288K Free: 293912K (88%)
----------------- Invoking toplevel() on ptolemy.moml.MoMLSimpleApplication@9bacb33
----------------- Done invoking toplevel() on ptolemy.moml.MoMLSimpleApplication@9bacb33
reloadAllAccessors: .RunCompositeIterateOverArray

===========================================================================================
----------------- testing Sat Jun 02 17:39:15 UTC 2018 /home/travis/build/icyphy/ptII/ptolemy/actor/lib/hoc/test/auto/ThreadedJS.xml
----------------- Instantiating /home/travis/build/icyphy/ptII/ptolemy/actor/lib/hoc/test/auto/ThreadedJS.xml
1634 ms. Memory: 537600K Free: 161341K (30%)
----------------- Invoking toplevel() on ptolemy.moml.MoMLSimpleApplication@5478dc6
----------------- Done invoking toplevel() on ptolemy.moml.MoMLSimpleApplication@5478dc6
reloadAllAccessors: .ThreadedJS
AutoTests.java: About to close Vertx.
AutoTests.java: Vertx closed.
]]></system-out>
  <system-err><![CDATA[java.lang.RuntimeException: Execution failed
	at ptolemy.moml.MoMLSimpleApplication$UnloadThread.run(MoMLSimpleApplication.java:402)
Caused by: ptolemy.kernel.util.IllegalActionException: initialize() was called after wrapup() was called but preinitialize() was not called after wrapup().
	at ptolemy.actor.lib.hoc.test.PreinitializeMustBeInvoked.initialize(PreinitializeMustBeInvoked.java:78)
	at ptolemy.actor.Director.initialize(Director.java:938)
	at ptolemy.actor.Director.initialize(Director.java:907)
	at ptolemy.actor.sched.StaticSchedulingDirector.initialize(StaticSchedulingDirector.java:159)
	at ptolemy.domains.sdf.kernel.SDFDirector.initialize(SDFDirector.java:544)
	at ptolemy.actor.CompositeActor.initialize(CompositeActor.java:935)
	at ptolemy.actor.lib.hoc.LifeCycleManager._executeInsideModel(LifeCycleManager.java:339)
	at ptolemy.actor.lib.hoc.RunCompositeActor.fire(RunCompositeActor.java:205)
	at ptolemy.actor.CompositeActor.iterate(CompositeActor.java:1146)
	at ptolemy.actor.sched.StaticSchedulingDirector.fire(StaticSchedulingDirector.java:216)
	at ptolemy.domains.sdf.kernel.SDFDirector.fire(SDFDirector.java:500)
	at ptolemy.actor.CompositeActor.fire(CompositeActor.java:455)
	at ptolemy.actor.Manager.iterate(Manager.java:851)
	at ptolemy.actor.Manager.execute(Manager.java:369)
	at ptolemy.actor.Manager.run(Manager.java:1263)
	at ptolemy.actor.Manager$PtolemyRunThread.run(Manager.java:1915)
java.lang.reflect.InvocationTargetException
	at sun.reflect.NativeConstructorAccessorImpl.newInstance0(Native Method)
	at sun.reflect.NativeConstructorAccessorImpl.newInstance(NativeConstructorAccessorImpl.java:62)
	at sun.reflect.DelegatingConstructorAccessorImpl.newInstance(DelegatingConstructorAccessorImpl.java:45)
	at java.lang.reflect.Constructor.newInstance(Constructor.java:423)
	at ptolemy.util.test.junit.AutoKnownFailedTests.RunModel(AutoKnownFailedTests.java:107)
	at sun.reflect.NativeMethodAccessorImpl.invoke0(Native Method)
	at sun.reflect.NativeMethodAccessorImpl.invoke(NativeMethodAccessorImpl.java:62)
	at sun.reflect.DelegatingMethodAccessorImpl.invoke(DelegatingMethodAccessorImpl.java:43)
	at java.lang.reflect.Method.invoke(Method.java:498)
	at org.junit.runners.model.FrameworkMethod$1.runReflectiveCall(FrameworkMethod.java:44)
	at org.junit.internal.runners.model.ReflectiveCallable.run(ReflectiveCallable.java:15)
	at org.junit.runners.model.FrameworkMethod.invokeExplosively(FrameworkMethod.java:41)
	at junitparams.internal.InvokeParameterisedMethod.evaluate(InvokeParameterisedMethod.java:102)
	at org.junit.internal.runners.statements.FailOnTimeout$1.run(FailOnTimeout.java:28)
Caused by: ptolemy.kernel.util.IllegalActionException: initialize() was called after wrapup() was called but preinitialize() was not called after wrapup().
	at ptolemy.actor.lib.hoc.test.PreinitializeMustBeInvoked.initialize(PreinitializeMustBeInvoked.java:78)
	at ptolemy.actor.Director.initialize(Director.java:938)
	at ptolemy.actor.Director.initialize(Director.java:907)
	at ptolemy.actor.sched.StaticSchedulingDirector.initialize(StaticSchedulingDirector.java:159)
	at ptolemy.domains.sdf.kernel.SDFDirector.initialize(SDFDirector.java:544)
	at ptolemy.actor.CompositeActor.initialize(CompositeActor.java:935)
	at ptolemy.actor.lib.hoc.LifeCycleManager._executeInsideModel(LifeCycleManager.java:339)
	at ptolemy.actor.lib.hoc.RunCompositeActor.fire(RunCompositeActor.java:205)
	at ptolemy.actor.CompositeActor.iterate(CompositeActor.java:1146)
	at ptolemy.actor.sched.StaticSchedulingDirector.fire(StaticSchedulingDirector.java:216)
	at ptolemy.domains.sdf.kernel.SDFDirector.fire(SDFDirector.java:500)
	at ptolemy.actor.CompositeActor.fire(CompositeActor.java:455)
	at ptolemy.actor.Manager.iterate(Manager.java:851)
	at ptolemy.actor.Manager.execute(Manager.java:369)
	at ptolemy.actor.Manager.run(Manager.java:1263)
	at ptolemy.actor.Manager$PtolemyRunThread.run(Manager.java:1915)
]]></system-err>
</testsuite>
