<?xml version="1.0" encoding="UTF-8" ?>
<testsuite errors="0" failures="0" hostname="travis-job-28a01ab7-8135-40d3-9b8d-39e38cf5f3b4" name="ptolemy.actor.lib.hoc.test.junit.JUnitTclTest" skipped="0" tests="58" time="30.472" timestamp="2020-07-12T15:01:21">
  <properties>
[...]
</properties>
  <testcase classname="ptolemy.util.test.junit.TclTests" name="[0] /home/travis/build/icyphy/ptII/ptolemy/actor/lib/hoc/test/IterateOverArray.tcl (RunTclFile)" time="0.275" />
  <testcase classname="ptolemy.util.test.junit.AutoKnownFailedTests" name="[0] /home/travis/build/icyphy/ptII/ptolemy/actor/lib/hoc/test/auto/knownFailedTests/PreinitializeMustBeInvokedRunComposite.xml (RunModel)" time="0.296" />
  <testcase classname="ptolemy.util.test.junit.AutoNameArchTests" name="[0] ThereAreNoAutoArchTests (RunModel)" time="0.006" />
  <testcase classname="ptolemy.util.test.junit.AutoTests" name="[0] /home/travis/build/icyphy/ptII/ptolemy/actor/lib/hoc/test/auto/AllToAllMultiInstanceComposite.xml (RunModel)" time="0.377" />
  <testcase classname="ptolemy.util.test.junit.AutoTests" name="[1] /home/travis/build/icyphy/ptII/ptolemy/actor/lib/hoc/test/auto/ApplyFFTTest.xml (RunModel)" time="0.29" />
  <testcase classname="ptolemy.util.test.junit.AutoTests" name="[2] /home/travis/build/icyphy/ptII/ptolemy/actor/lib/hoc/test/auto/ApplyFunction.xml (RunModel)" time="0.025" />
  <testcase classname="ptolemy.util.test.junit.AutoTests" name="[3] /home/travis/build/icyphy/ptII/ptolemy/actor/lib/hoc/test/auto/BackgroundExecution.xml (RunModel)" time="0.734" />
  <testcase classname="ptolemy.util.test.junit.AutoTests" name="[4] /home/travis/build/icyphy/ptII/ptolemy/actor/lib/hoc/test/auto/Case.xml (RunModel)" time="0.078" />
  <testcase classname="ptolemy.util.test.junit.AutoTests" name="[5] /home/travis/build/icyphy/ptII/ptolemy/actor/lib/hoc/test/auto/Case1.xml (RunModel)" time="0.069" />
  <testcase classname="ptolemy.util.test.junit.AutoTests" name="[6] /home/travis/build/icyphy/ptII/ptolemy/actor/lib/hoc/test/auto/Case2.xml (RunModel)" time="0.127" />
  <testcase classname="ptolemy.util.test.junit.AutoTests" name="[7] /home/travis/build/icyphy/ptII/ptolemy/actor/lib/hoc/test/auto/Case3.xml (RunModel)" time="0.039" />
  <testcase classname="ptolemy.util.test.junit.AutoTests" name="[8] /home/travis/build/icyphy/ptII/ptolemy/actor/lib/hoc/test/auto/Case4.xml (RunModel)" time="0.083" />
  <testcase classname="ptolemy.util.test.junit.AutoTests" name="[9] /home/travis/build/icyphy/ptII/ptolemy/actor/lib/hoc/test/auto/Case5.xml (RunModel)" time="0.099" />
  <testcase classname="ptolemy.util.test.junit.AutoTests" name="[10] /home/travis/build/icyphy/ptII/ptolemy/actor/lib/hoc/test/auto/Case6.xml (RunModel)" time="0.109" />
  <testcase classname="ptolemy.util.test.junit.AutoTests" name="[11] /home/travis/build/icyphy/ptII/ptolemy/actor/lib/hoc/test/auto/CaseString2.xml (RunModel)" time="0.049" />
  <testcase classname="ptolemy.util.test.junit.AutoTests" name="[12] /home/travis/build/icyphy/ptII/ptolemy/actor/lib/hoc/test/auto/CatchUpComposite1.xml (RunModel)" time="0.084" />
  <testcase classname="ptolemy.util.test.junit.AutoTests" name="[13] /home/travis/build/icyphy/ptII/ptolemy/actor/lib/hoc/test/auto/CatchUpComposite2.xml (RunModel)" time="0.06" />
  <testcase classname="ptolemy.util.test.junit.AutoTests" name="[14] /home/travis/build/icyphy/ptII/ptolemy/actor/lib/hoc/test/auto/CatchUpComposite3.xml (RunModel)" time="0.065" />
  <testcase classname="ptolemy.util.test.junit.AutoTests" name="[15] /home/travis/build/icyphy/ptII/ptolemy/actor/lib/hoc/test/auto/CatchUpComposite4.xml (RunModel)" time="0.059" />
  <testcase classname="ptolemy.util.test.junit.AutoTests" name="[16] /home/travis/build/icyphy/ptII/ptolemy/actor/lib/hoc/test/auto/CatchUpComposite5.xml (RunModel)" time="0.039" />
  <testcase classname="ptolemy.util.test.junit.AutoTests" name="[17] /home/travis/build/icyphy/ptII/ptolemy/actor/lib/hoc/test/auto/CatchUpComposite6.xml (RunModel)" time="0.167" />
  <testcase classname="ptolemy.util.test.junit.AutoTests" name="[18] /home/travis/build/icyphy/ptII/ptolemy/actor/lib/hoc/test/auto/CatchUpComposite7.xml (RunModel)" time="0.091" />
  <testcase classname="ptolemy.util.test.junit.AutoTests" name="[19] /home/travis/build/icyphy/ptII/ptolemy/actor/lib/hoc/test/auto/ConcurrentExecutionTimeSDF.xml (RunModel)" time="0.937" />
  <testcase classname="ptolemy.util.test.junit.AutoTests" name="[20] /home/travis/build/icyphy/ptII/ptolemy/actor/lib/hoc/test/auto/ConcurrentSleep.xml (RunModel)" time="0.776" />
  <testcase classname="ptolemy.util.test.junit.AutoTests" name="[21] /home/travis/build/icyphy/ptII/ptolemy/actor/lib/hoc/test/auto/DEInPNInRunCompositeActor.xml (RunModel)" time="0.032" />
  <testcase classname="ptolemy.util.test.junit.AutoTests" name="[22] /home/travis/build/icyphy/ptII/ptolemy/actor/lib/hoc/test/auto/DFTSubSetTest.xml (RunModel)" time="0.214" />
  <testcase classname="ptolemy.util.test.junit.AutoTests" name="[23] /home/travis/build/icyphy/ptII/ptolemy/actor/lib/hoc/test/auto/HocDE.xml (RunModel)" time="0.136" />
  <testcase classname="ptolemy.util.test.junit.AutoTests" name="[24] /home/travis/build/icyphy/ptII/ptolemy/actor/lib/hoc/test/auto/IterateOverArray.xml (RunModel)" time="0.034" />
  <testcase classname="ptolemy.util.test.junit.AutoTests" name="[25] /home/travis/build/icyphy/ptII/ptolemy/actor/lib/hoc/test/auto/IterateOverArray10.xml (RunModel)" time="0.017" />
  <testcase classname="ptolemy.util.test.junit.AutoTests" name="[26] /home/travis/build/icyphy/ptII/ptolemy/actor/lib/hoc/test/auto/IterateOverArray11.xml (RunModel)" time="0.02" />
  <testcase classname="ptolemy.util.test.junit.AutoTests" name="[27] /home/travis/build/icyphy/ptII/ptolemy/actor/lib/hoc/test/auto/IterateOverArray12.xml (RunModel)" time="0.036" />
  <testcase classname="ptolemy.util.test.junit.AutoTests" name="[28] /home/travis/build/icyphy/ptII/ptolemy/actor/lib/hoc/test/auto/IterateOverArray13.xml (RunModel)" time="0.133" />
  <testcase classname="ptolemy.util.test.junit.AutoTests" name="[29] /home/travis/build/icyphy/ptII/ptolemy/actor/lib/hoc/test/auto/IterateOverArray14.xml (RunModel)" time="0.142" />
  <testcase classname="ptolemy.util.test.junit.AutoTests" name="[30] /home/travis/build/icyphy/ptII/ptolemy/actor/lib/hoc/test/auto/IterateOverArray2.xml (RunModel)" time="0.028" />
  <testcase classname="ptolemy.util.test.junit.AutoTests" name="[31] /home/travis/build/icyphy/ptII/ptolemy/actor/lib/hoc/test/auto/IterateOverArray3.xml (RunModel)" time="0.048" />
  <testcase classname="ptolemy.util.test.junit.AutoTests" name="[32] /home/travis/build/icyphy/ptII/ptolemy/actor/lib/hoc/test/auto/IterateOverArray4.xml (RunModel)" time="0.026" />
  <testcase classname="ptolemy.util.test.junit.AutoTests" name="[33] /home/travis/build/icyphy/ptII/ptolemy/actor/lib/hoc/test/auto/IterateOverArray5.xml (RunModel)" time="0.019" />
  <testcase classname="ptolemy.util.test.junit.AutoTests" name="[34] /home/travis/build/icyphy/ptII/ptolemy/actor/lib/hoc/test/auto/IterateOverArray6.xml (RunModel)" time="0.016" />
  <testcase classname="ptolemy.util.test.junit.AutoTests" name="[35] /home/travis/build/icyphy/ptII/ptolemy/actor/lib/hoc/test/auto/IterateOverArray7.xml (RunModel)" time="0.02" />
  <testcase classname="ptolemy.util.test.junit.AutoTests" name="[36] /home/travis/build/icyphy/ptII/ptolemy/actor/lib/hoc/test/auto/IterateOverArray8.xml (RunModel)" time="0.02" />
  <testcase classname="ptolemy.util.test.junit.AutoTests" name="[37] /home/travis/build/icyphy/ptII/ptolemy/actor/lib/hoc/test/auto/IterateOverArray9.xml (RunModel)" time="0.024" />
  <testcase classname="ptolemy.util.test.junit.AutoTests" name="[38] /home/travis/build/icyphy/ptII/ptolemy/actor/lib/hoc/test/auto/IterateOverArrayCoercedOutputType.xml (RunModel)" time="0.04" />
  <testcase classname="ptolemy.util.test.junit.AutoTests" name="[39] /home/travis/build/icyphy/ptII/ptolemy/actor/lib/hoc/test/auto/IterateOverArrayInferredOutputType.xml (RunModel)" time="0.025" />
  <testcase classname="ptolemy.util.test.junit.AutoTests" name="[40] /home/travis/build/icyphy/ptII/ptolemy/actor/lib/hoc/test/auto/MobileFunctionTest.xml (RunModel)" time="0.025" />
  <testcase classname="ptolemy.util.test.junit.AutoTests" name="[41] /home/travis/build/icyphy/ptII/ptolemy/actor/lib/hoc/test/auto/MobileModelTest.xml (RunModel)" time="0.156" />
  <testcase classname="ptolemy.util.test.junit.AutoTests" name="[42] /home/travis/build/icyphy/ptII/ptolemy/actor/lib/hoc/test/auto/ModelReference.xml (RunModel)" time="0.08" />
  <testcase classname="ptolemy.util.test.junit.AutoTests" name="[43] /home/travis/build/icyphy/ptII/ptolemy/actor/lib/hoc/test/auto/ModelReference3.xml (RunModel)" time="0.054" />
  <testcase classname="ptolemy.util.test.junit.AutoTests" name="[44] /home/travis/build/icyphy/ptII/ptolemy/actor/lib/hoc/test/auto/ModelReference4.xml (RunModel)" time="10.028" />
  <testcase classname="ptolemy.util.test.junit.AutoTests" name="[45] /home/travis/build/icyphy/ptII/ptolemy/actor/lib/hoc/test/auto/MultiInstanceComposite.xml (RunModel)" time="0.051" />
  <testcase classname="ptolemy.util.test.junit.AutoTests" name="[46] /home/travis/build/icyphy/ptII/ptolemy/actor/lib/hoc/test/auto/MultiInstanceComposite2.xml (RunModel)" time="0.028" />
  <testcase classname="ptolemy.util.test.junit.AutoTests" name="[47] /home/travis/build/icyphy/ptII/ptolemy/actor/lib/hoc/test/auto/MulticoreExecution.xml (RunModel)" time="1.109" />
  <testcase classname="ptolemy.util.test.junit.AutoTests" name="[48] /home/travis/build/icyphy/ptII/ptolemy/actor/lib/hoc/test/auto/ParallelExecution.xml (RunModel)" time="0.929" />
  <testcase classname="ptolemy.util.test.junit.AutoTests" name="[49] /home/travis/build/icyphy/ptII/ptolemy/actor/lib/hoc/test/auto/RunCompositeActor.xml (RunModel)" time="0.018" />
  <testcase classname="ptolemy.util.test.junit.AutoTests" name="[50] /home/travis/build/icyphy/ptII/ptolemy/actor/lib/hoc/test/auto/RunCompositeActor2.xml (RunModel)" time="0.021" />
  <testcase classname="ptolemy.util.test.junit.AutoTests" name="[51] /home/travis/build/icyphy/ptII/ptolemy/actor/lib/hoc/test/auto/RunCompositeActor3.xml (RunModel)" time="0.017" />
  <testcase classname="ptolemy.util.test.junit.AutoTests" name="[52] /home/travis/build/icyphy/ptII/ptolemy/actor/lib/hoc/test/auto/RunCompositeActor4.xml (RunModel)" time="0.02" />
  <testcase classname="ptolemy.util.test.junit.AutoTests" name="[53] /home/travis/build/icyphy/ptII/ptolemy/actor/lib/hoc/test/auto/RunCompositeIterateOverArray.xml (RunModel)" time="0.025" />
  <testcase classname="ptolemy.util.test.junit.AutoTests" name="[54] /home/travis/build/icyphy/ptII/ptolemy/actor/lib/hoc/test/auto/ThreadedJS.xml (RunModel)" time="11.337" />
  <system-out><![CDATA[/home/travis/build/icyphy/ptII/ptolemy/actor/lib/hoc/test/IterateOverArray.tcl
testDefs.tcl: setting time out to 9000 seconds at Sun Jul 12 15:01:21 UTC 2020
07/12/20 03:01:21
Failed: 0  Total Tests: 2  ((Passed: 2, Newly Passed: 0)  Known Failed: 0) /home/travis/build/icyphy/ptII/ptolemy/actor/lib/hoc/test
----------------- testing (KnownFailure) /home/travis/build/icyphy/ptII/ptolemy/actor/lib/hoc/test/auto/knownFailedTests/PreinitializeMustBeInvokedRunComposite.xml
75 ms. Memory: 129024K Free: 86469K (67%)
Known Failure: java.lang.reflect.InvocationTargetException
No auto/linux-amd64/*.xml tests in /home/travis/build/icyphy/ptII/ptolemy/actor/lib/hoc/test
AutoTests.java: About to close Vertx.
AutoTests.java: Vertx closed.

===========================================================================================
----------------- testing Sun Jul 12 15:01:22 UTC 2020 /home/travis/build/icyphy/ptII/ptolemy/actor/lib/hoc/test/auto/AllToAllMultiInstanceComposite.xml
----------------- Instantiating /home/travis/build/icyphy/ptII/ptolemy/actor/lib/hoc/test/auto/AllToAllMultiInstanceComposite.xml
181 ms. Memory: 129024K Free: 107924K (84%)
----------------- Invoking toplevel() on ptolemy.moml.MoMLSimpleApplication@76b3061c
----------------- Done invoking toplevel() on ptolemy.moml.MoMLSimpleApplication@76b3061c
reloadAllAccessors: .AllToAllMultiInstanceComposite

===========================================================================================
----------------- testing Sun Jul 12 15:01:22 UTC 2020 /home/travis/build/icyphy/ptII/ptolemy/actor/lib/hoc/test/auto/ApplyFFTTest.xml
----------------- Instantiating /home/travis/build/icyphy/ptII/ptolemy/actor/lib/hoc/test/auto/ApplyFFTTest.xml
87 ms. Memory: 129024K Free: 89288K (69%)
----------------- Invoking toplevel() on ptolemy.moml.MoMLSimpleApplication@4a21f80f
----------------- Done invoking toplevel() on ptolemy.moml.MoMLSimpleApplication@4a21f80f
reloadAllAccessors: .ApplyFFTTest

===========================================================================================
----------------- testing Sun Jul 12 15:01:23 UTC 2020 /home/travis/build/icyphy/ptII/ptolemy/actor/lib/hoc/test/auto/ApplyFunction.xml
----------------- Instantiating /home/travis/build/icyphy/ptII/ptolemy/actor/lib/hoc/test/auto/ApplyFunction.xml
4 ms. Memory: 129024K Free: 86195K (67%)
----------------- Invoking toplevel() on ptolemy.moml.MoMLSimpleApplication@30ef25c1
----------------- Done invoking toplevel() on ptolemy.moml.MoMLSimpleApplication@30ef25c1
reloadAllAccessors: .ApplyFunction

===========================================================================================
----------------- testing Sun Jul 12 15:01:23 UTC 2020 /home/travis/build/icyphy/ptII/ptolemy/actor/lib/hoc/test/auto/BackgroundExecution.xml
----------------- Instantiating /home/travis/build/icyphy/ptII/ptolemy/actor/lib/hoc/test/auto/BackgroundExecution.xml
622 ms. Memory: 129024K Free: 110131K (85%)
----------------- Invoking toplevel() on ptolemy.moml.MoMLSimpleApplication@6cd6912d
----------------- Done invoking toplevel() on ptolemy.moml.MoMLSimpleApplication@6cd6912d
reloadAllAccessors: .BackgroundExecution

===========================================================================================
----------------- testing Sun Jul 12 15:01:23 UTC 2020 /home/travis/build/icyphy/ptII/ptolemy/actor/lib/hoc/test/auto/Case.xml
----------------- Instantiating /home/travis/build/icyphy/ptII/ptolemy/actor/lib/hoc/test/auto/Case.xml
25 ms. Memory: 129024K Free: 102650K (80%)
----------------- Invoking toplevel() on ptolemy.moml.MoMLSimpleApplication@e4e550f
----------------- Done invoking toplevel() on ptolemy.moml.MoMLSimpleApplication@e4e550f
reloadAllAccessors: .Case

===========================================================================================
----------------- testing Sun Jul 12 15:01:23 UTC 2020 /home/travis/build/icyphy/ptII/ptolemy/actor/lib/hoc/test/auto/Case1.xml
----------------- Instantiating /home/travis/build/icyphy/ptII/ptolemy/actor/lib/hoc/test/auto/Case1.xml
24 ms. Memory: 129024K Free: 96457K (75%)
----------------- Invoking toplevel() on ptolemy.moml.MoMLSimpleApplication@bda3854
----------------- Done invoking toplevel() on ptolemy.moml.MoMLSimpleApplication@bda3854
reloadAllAccessors: .Case1

===========================================================================================
----------------- testing Sun Jul 12 15:01:23 UTC 2020 /home/travis/build/icyphy/ptII/ptolemy/actor/lib/hoc/test/auto/Case2.xml
----------------- Instantiating /home/travis/build/icyphy/ptII/ptolemy/actor/lib/hoc/test/auto/Case2.xml
44 ms. Memory: 129024K Free: 86271K (67%)
----------------- Invoking toplevel() on ptolemy.moml.MoMLSimpleApplication@1f611b6c
----------------- Done invoking toplevel() on ptolemy.moml.MoMLSimpleApplication@1f611b6c
reloadAllAccessors: .Case2

===========================================================================================
----------------- testing Sun Jul 12 15:01:24 UTC 2020 /home/travis/build/icyphy/ptII/ptolemy/actor/lib/hoc/test/auto/Case3.xml
----------------- Instantiating /home/travis/build/icyphy/ptII/ptolemy/actor/lib/hoc/test/auto/Case3.xml
9 ms. Memory: 129024K Free: 80372K (62%)
----------------- Invoking toplevel() on ptolemy.moml.MoMLSimpleApplication@752d2f07
----------------- Done invoking toplevel() on ptolemy.moml.MoMLSimpleApplication@752d2f07
reloadAllAccessors: .Case3

===========================================================================================
----------------- testing Sun Jul 12 15:01:24 UTC 2020 /home/travis/build/icyphy/ptII/ptolemy/actor/lib/hoc/test/auto/Case4.xml
----------------- Instantiating /home/travis/build/icyphy/ptII/ptolemy/actor/lib/hoc/test/auto/Case4.xml
20 ms. Memory: 158720K Free: 141208K (89%)
----------------- Invoking toplevel() on ptolemy.moml.MoMLSimpleApplication@78e9ccf1
----------------- Done invoking toplevel() on ptolemy.moml.MoMLSimpleApplication@78e9ccf1
reloadAllAccessors: .Case4

===========================================================================================
----------------- testing Sun Jul 12 15:01:24 UTC 2020 /home/travis/build/icyphy/ptII/ptolemy/actor/lib/hoc/test/auto/Case5.xml
----------------- Instantiating /home/travis/build/icyphy/ptII/ptolemy/actor/lib/hoc/test/auto/Case5.xml
56 ms. Memory: 158720K Free: 134648K (85%)
----------------- Invoking toplevel() on ptolemy.moml.MoMLSimpleApplication@73827738
----------------- Done invoking toplevel() on ptolemy.moml.MoMLSimpleApplication@73827738
reloadAllAccessors: .junk

===========================================================================================
----------------- testing Sun Jul 12 15:01:24 UTC 2020 /home/travis/build/icyphy/ptII/ptolemy/actor/lib/hoc/test/auto/Case6.xml
----------------- Instantiating /home/travis/build/icyphy/ptII/ptolemy/actor/lib/hoc/test/auto/Case6.xml
22 ms. Memory: 158720K Free: 122776K (77%)
----------------- Invoking toplevel() on ptolemy.moml.MoMLSimpleApplication@781debbd
----------------- Done invoking toplevel() on ptolemy.moml.MoMLSimpleApplication@781debbd
reloadAllAccessors: .Case6

===========================================================================================
----------------- testing Sun Jul 12 15:01:24 UTC 2020 /home/travis/build/icyphy/ptII/ptolemy/actor/lib/hoc/test/auto/CaseString2.xml
----------------- Instantiating /home/travis/build/icyphy/ptII/ptolemy/actor/lib/hoc/test/auto/CaseString2.xml
20 ms. Memory: 158720K Free: 115250K (73%)
----------------- Invoking toplevel() on ptolemy.moml.MoMLSimpleApplication@4654498f
----------------- Done invoking toplevel() on ptolemy.moml.MoMLSimpleApplication@4654498f
reloadAllAccessors: .CaseString2

===========================================================================================
----------------- testing Sun Jul 12 15:01:24 UTC 2020 /home/travis/build/icyphy/ptII/ptolemy/actor/lib/hoc/test/auto/CatchUpComposite1.xml
----------------- Instantiating /home/travis/build/icyphy/ptII/ptolemy/actor/lib/hoc/test/auto/CatchUpComposite1.xml
34 ms. Memory: 158720K Free: 106064K (67%)
----------------- Invoking toplevel() on ptolemy.moml.MoMLSimpleApplication@7d81d0a9
----------------- Done invoking toplevel() on ptolemy.moml.MoMLSimpleApplication@7d81d0a9
reloadAllAccessors: .CatchUpComposite1

===========================================================================================
----------------- testing Sun Jul 12 15:01:24 UTC 2020 /home/travis/build/icyphy/ptII/ptolemy/actor/lib/hoc/test/auto/CatchUpComposite2.xml
----------------- Instantiating /home/travis/build/icyphy/ptII/ptolemy/actor/lib/hoc/test/auto/CatchUpComposite2.xml
16 ms. Memory: 158720K Free: 97848K (62%)
----------------- Invoking toplevel() on ptolemy.moml.MoMLSimpleApplication@1e92c052
----------------- Done invoking toplevel() on ptolemy.moml.MoMLSimpleApplication@1e92c052
reloadAllAccessors: .CatchUpComposite2

===========================================================================================
----------------- testing Sun Jul 12 15:01:24 UTC 2020 /home/travis/build/icyphy/ptII/ptolemy/actor/lib/hoc/test/auto/CatchUpComposite3.xml
----------------- Instantiating /home/travis/build/icyphy/ptII/ptolemy/actor/lib/hoc/test/auto/CatchUpComposite3.xml
19 ms. Memory: 158720K Free: 138200K (87%)
----------------- Invoking toplevel() on ptolemy.moml.MoMLSimpleApplication@31445b34
----------------- Done invoking toplevel() on ptolemy.moml.MoMLSimpleApplication@31445b34
reloadAllAccessors: .CatchUpComposite3

===========================================================================================
----------------- testing Sun Jul 12 15:01:24 UTC 2020 /home/travis/build/icyphy/ptII/ptolemy/actor/lib/hoc/test/auto/CatchUpComposite4.xml
----------------- Instantiating /home/travis/build/icyphy/ptII/ptolemy/actor/lib/hoc/test/auto/CatchUpComposite4.xml
20 ms. Memory: 158720K Free: 130008K (82%)
----------------- Invoking toplevel() on ptolemy.moml.MoMLSimpleApplication@2eaff9ba
----------------- Done invoking toplevel() on ptolemy.moml.MoMLSimpleApplication@2eaff9ba
reloadAllAccessors: .CatchUpComposite4

===========================================================================================
----------------- testing Sun Jul 12 15:01:24 UTC 2020 /home/travis/build/icyphy/ptII/ptolemy/actor/lib/hoc/test/auto/CatchUpComposite5.xml
----------------- Instantiating /home/travis/build/icyphy/ptII/ptolemy/actor/lib/hoc/test/auto/CatchUpComposite5.xml
10 ms. Memory: 158720K Free: 122415K (77%)
----------------- Invoking toplevel() on ptolemy.moml.MoMLSimpleApplication@446edce3
----------------- Done invoking toplevel() on ptolemy.moml.MoMLSimpleApplication@446edce3
reloadAllAccessors: .CatchUpComposite5

===========================================================================================
----------------- testing Sun Jul 12 15:01:24 UTC 2020 /home/travis/build/icyphy/ptII/ptolemy/actor/lib/hoc/test/auto/CatchUpComposite6.xml
----------------- Instantiating /home/travis/build/icyphy/ptII/ptolemy/actor/lib/hoc/test/auto/CatchUpComposite6.xml
WARNING: The execution aspects in this model can influence the timing of actors by delaying the 
execution, potentially changing the behavior. There is no guarantee that actors fire at the 
time they request to be fired. 
Use Ptides for deterministic DE behavior that is not influenced by execution aspects. 

82 ms. Memory: 158720K Free: 108101K (68%)
----------------- Invoking toplevel() on ptolemy.moml.MoMLSimpleApplication@584816d9
----------------- Done invoking toplevel() on ptolemy.moml.MoMLSimpleApplication@584816d9
reloadAllAccessors: .CatchUpComposite6

===========================================================================================
----------------- testing Sun Jul 12 15:01:24 UTC 2020 /home/travis/build/icyphy/ptII/ptolemy/actor/lib/hoc/test/auto/CatchUpComposite7.xml
----------------- Instantiating /home/travis/build/icyphy/ptII/ptolemy/actor/lib/hoc/test/auto/CatchUpComposite7.xml
WARNING: The execution aspects in this model can influence the timing of actors by delaying the 
execution, potentially changing the behavior. There is no guarantee that actors fire at the 
time they request to be fired. 
Use Ptides for deterministic DE behavior that is not influenced by execution aspects. 

39 ms. Memory: 158720K Free: 94168K (59%)
----------------- Invoking toplevel() on ptolemy.moml.MoMLSimpleApplication@260bb3ad
----------------- Done invoking toplevel() on ptolemy.moml.MoMLSimpleApplication@260bb3ad
reloadAllAccessors: .CatchUpComposite7

===========================================================================================
----------------- testing Sun Jul 12 15:01:25 UTC 2020 /home/travis/build/icyphy/ptII/ptolemy/actor/lib/hoc/test/auto/ConcurrentExecutionTimeSDF.xml
----------------- Instantiating /home/travis/build/icyphy/ptII/ptolemy/actor/lib/hoc/test/auto/ConcurrentExecutionTimeSDF.xml
Fired ExecutionTime: 40400000
Fired ExecutionTime: 40400000
Fired ExecutionTime: 40400000
Fired ExecutionTime: 40400000
Fired ExecutionTime: 40400000
Fired ExecutionTime: 40400000
Fired ExecutionTime: 40400000
Fired ExecutionTime: 40400000
Fired ExecutionTime: 40400000
Fired ExecutionTime: 40400000
Fired ExecutionTime: 40400000
Fired ExecutionTime: 40400000
Fired ExecutionTime: 40400000
Fired ExecutionTime: 40400000
Fired ExecutionTime: 40400000
Fired ExecutionTime: 40400000
Fired ExecutionTime: 40400000
Fired ExecutionTime: 40400000
Fired ExecutionTime: 40400000
Fired ExecutionTime: 40400000
916 ms. Memory: 158720K Free: 87405K (55%)
----------------- Invoking toplevel() on ptolemy.moml.MoMLSimpleApplication@5dd3e4a1
----------------- Done invoking toplevel() on ptolemy.moml.MoMLSimpleApplication@5dd3e4a1
reloadAllAccessors: .ConcurrentExecutionTimeSDF

===========================================================================================
----------------- testing Sun Jul 12 15:01:25 UTC 2020 /home/travis/build/icyphy/ptII/ptolemy/actor/lib/hoc/test/auto/ConcurrentSleep.xml
----------------- Instantiating /home/travis/build/icyphy/ptII/ptolemy/actor/lib/hoc/test/auto/ConcurrentSleep.xml
728 ms. Memory: 158720K Free: 137256K (86%)
----------------- Invoking toplevel() on ptolemy.moml.MoMLSimpleApplication@6c80e1cd
----------------- Done invoking toplevel() on ptolemy.moml.MoMLSimpleApplication@6c80e1cd
reloadAllAccessors: .ConcurrentSleep

===========================================================================================
----------------- testing Sun Jul 12 15:01:26 UTC 2020 /home/travis/build/icyphy/ptII/ptolemy/actor/lib/hoc/test/auto/DEInPNInRunCompositeActor.xml
----------------- Instantiating /home/travis/build/icyphy/ptII/ptolemy/actor/lib/hoc/test/auto/DEInPNInRunCompositeActor.xml
10 ms. Memory: 158720K Free: 132138K (83%)
----------------- Invoking toplevel() on ptolemy.moml.MoMLSimpleApplication@2616e387
----------------- Done invoking toplevel() on ptolemy.moml.MoMLSimpleApplication@2616e387
reloadAllAccessors: .DEInPNInRunCompositeActor

===========================================================================================
----------------- testing Sun Jul 12 15:01:26 UTC 2020 /home/travis/build/icyphy/ptII/ptolemy/actor/lib/hoc/test/auto/DFTSubSetTest.xml
----------------- Instantiating /home/travis/build/icyphy/ptII/ptolemy/actor/lib/hoc/test/auto/DFTSubSetTest.xml
128 ms. Memory: 158720K Free: 89182K (56%)
----------------- Invoking toplevel() on ptolemy.moml.MoMLSimpleApplication@2f032e0f
----------------- Done invoking toplevel() on ptolemy.moml.MoMLSimpleApplication@2f032e0f
reloadAllAccessors: .DFTSubSetTest

===========================================================================================
----------------- testing Sun Jul 12 15:01:27 UTC 2020 /home/travis/build/icyphy/ptII/ptolemy/actor/lib/hoc/test/auto/HocDE.xml
----------------- Instantiating /home/travis/build/icyphy/ptII/ptolemy/actor/lib/hoc/test/auto/HocDE.xml
96 ms. Memory: 158720K Free: 136183K (86%)
----------------- Invoking toplevel() on ptolemy.moml.MoMLSimpleApplication@2dbfcf64
----------------- Done invoking toplevel() on ptolemy.moml.MoMLSimpleApplication@2dbfcf64
reloadAllAccessors: .HocDE

===========================================================================================
----------------- testing Sun Jul 12 15:01:27 UTC 2020 /home/travis/build/icyphy/ptII/ptolemy/actor/lib/hoc/test/auto/IterateOverArray.xml
----------------- Instantiating /home/travis/build/icyphy/ptII/ptolemy/actor/lib/hoc/test/auto/IterateOverArray.xml
8 ms. Memory: 158720K Free: 131350K (83%)
----------------- Invoking toplevel() on ptolemy.moml.MoMLSimpleApplication@7d3e9c0c
----------------- Done invoking toplevel() on ptolemy.moml.MoMLSimpleApplication@7d3e9c0c
reloadAllAccessors: .IterateOverArray

===========================================================================================
----------------- testing Sun Jul 12 15:01:27 UTC 2020 /home/travis/build/icyphy/ptII/ptolemy/actor/lib/hoc/test/auto/IterateOverArray10.xml
----------------- Instantiating /home/travis/build/icyphy/ptII/ptolemy/actor/lib/hoc/test/auto/IterateOverArray10.xml
3 ms. Memory: 158720K Free: 128278K (81%)
----------------- Invoking toplevel() on ptolemy.moml.MoMLSimpleApplication@7699377a
----------------- Done invoking toplevel() on ptolemy.moml.MoMLSimpleApplication@7699377a
reloadAllAccessors: .IterateOverArray10

===========================================================================================
----------------- testing Sun Jul 12 15:01:27 UTC 2020 /home/travis/build/icyphy/ptII/ptolemy/actor/lib/hoc/test/auto/IterateOverArray11.xml
----------------- Instantiating /home/travis/build/icyphy/ptII/ptolemy/actor/lib/hoc/test/auto/IterateOverArray11.xml
4 ms. Memory: 158720K Free: 124182K (78%)
----------------- Invoking toplevel() on ptolemy.moml.MoMLSimpleApplication@353bde6b
----------------- Done invoking toplevel() on ptolemy.moml.MoMLSimpleApplication@353bde6b
reloadAllAccessors: .IterateOverArray11

===========================================================================================
----------------- testing Sun Jul 12 15:01:27 UTC 2020 /home/travis/build/icyphy/ptII/ptolemy/actor/lib/hoc/test/auto/IterateOverArray12.xml
----------------- Instantiating /home/travis/build/icyphy/ptII/ptolemy/actor/lib/hoc/test/auto/IterateOverArray12.xml
15 ms. Memory: 158720K Free: 118038K (74%)
----------------- Invoking toplevel() on ptolemy.moml.MoMLSimpleApplication@2f904445
----------------- Done invoking toplevel() on ptolemy.moml.MoMLSimpleApplication@2f904445
reloadAllAccessors: .IterateOverArray12

===========================================================================================
----------------- testing Sun Jul 12 15:01:27 UTC 2020 /home/travis/build/icyphy/ptII/ptolemy/actor/lib/hoc/test/auto/IterateOverArray13.xml
----------------- Instantiating /home/travis/build/icyphy/ptII/ptolemy/actor/lib/hoc/test/auto/IterateOverArray13.xml
55 ms. Memory: 158720K Free: 88342K (56%)
----------------- Invoking toplevel() on ptolemy.moml.MoMLSimpleApplication@2c6d60f
----------------- Done invoking toplevel() on ptolemy.moml.MoMLSimpleApplication@2c6d60f
reloadAllAccessors: .IterateOverArray13

===========================================================================================
----------------- testing Sun Jul 12 15:01:27 UTC 2020 /home/travis/build/icyphy/ptII/ptolemy/actor/lib/hoc/test/auto/IterateOverArray14.xml
----------------- Instantiating /home/travis/build/icyphy/ptII/ptolemy/actor/lib/hoc/test/auto/IterateOverArray14.xml
67 ms. Memory: 158720K Free: 137639K (87%)
----------------- Invoking toplevel() on ptolemy.moml.MoMLSimpleApplication@393a81a8
----------------- Done invoking toplevel() on ptolemy.moml.MoMLSimpleApplication@393a81a8
reloadAllAccessors: .IterateOverArray14

===========================================================================================
----------------- testing Sun Jul 12 15:01:27 UTC 2020 /home/travis/build/icyphy/ptII/ptolemy/actor/lib/hoc/test/auto/IterateOverArray2.xml
----------------- Instantiating /home/travis/build/icyphy/ptII/ptolemy/actor/lib/hoc/test/auto/IterateOverArray2.xml
8 ms. Memory: 158720K Free: 132399K (83%)
----------------- Invoking toplevel() on ptolemy.moml.MoMLSimpleApplication@5a50c801
----------------- Done invoking toplevel() on ptolemy.moml.MoMLSimpleApplication@5a50c801
reloadAllAccessors: .IterateOverArray2

===========================================================================================
----------------- testing Sun Jul 12 15:01:27 UTC 2020 /home/travis/build/icyphy/ptII/ptolemy/actor/lib/hoc/test/auto/IterateOverArray3.xml
----------------- Instantiating /home/travis/build/icyphy/ptII/ptolemy/actor/lib/hoc/test/auto/IterateOverArray3.xml
17 ms. Memory: 158720K Free: 126713K (80%)
----------------- Invoking toplevel() on ptolemy.moml.MoMLSimpleApplication@4a73b67d
----------------- Done invoking toplevel() on ptolemy.moml.MoMLSimpleApplication@4a73b67d
reloadAllAccessors: .IterateOverArray3

===========================================================================================
----------------- testing Sun Jul 12 15:01:27 UTC 2020 /home/travis/build/icyphy/ptII/ptolemy/actor/lib/hoc/test/auto/IterateOverArray4.xml
----------------- Instantiating /home/travis/build/icyphy/ptII/ptolemy/actor/lib/hoc/test/auto/IterateOverArray4.xml
6 ms. Memory: 158720K Free: 122714K (77%)
----------------- Invoking toplevel() on ptolemy.moml.MoMLSimpleApplication@18dbbef5
----------------- Done invoking toplevel() on ptolemy.moml.MoMLSimpleApplication@18dbbef5
reloadAllAccessors: .IterateOverArray4

===========================================================================================
----------------- testing Sun Jul 12 15:01:27 UTC 2020 /home/travis/build/icyphy/ptII/ptolemy/actor/lib/hoc/test/auto/IterateOverArray5.xml
----------------- Instantiating /home/travis/build/icyphy/ptII/ptolemy/actor/lib/hoc/test/auto/IterateOverArray5.xml
4 ms. Memory: 158720K Free: 118609K (75%)
----------------- Invoking toplevel() on ptolemy.moml.MoMLSimpleApplication@4a6ed434
----------------- Done invoking toplevel() on ptolemy.moml.MoMLSimpleApplication@4a6ed434
reloadAllAccessors: .IterateOverArray5

===========================================================================================
----------------- testing Sun Jul 12 15:01:27 UTC 2020 /home/travis/build/icyphy/ptII/ptolemy/actor/lib/hoc/test/auto/IterateOverArray6.xml
----------------- Instantiating /home/travis/build/icyphy/ptII/ptolemy/actor/lib/hoc/test/auto/IterateOverArray6.xml
2 ms. Memory: 158720K Free: 115560K (73%)
----------------- Invoking toplevel() on ptolemy.moml.MoMLSimpleApplication@6729c915
----------------- Done invoking toplevel() on ptolemy.moml.MoMLSimpleApplication@6729c915
reloadAllAccessors: .IterateOverArray6

===========================================================================================
----------------- testing Sun Jul 12 15:01:27 UTC 2020 /home/travis/build/icyphy/ptII/ptolemy/actor/lib/hoc/test/auto/IterateOverArray7.xml
----------------- Instantiating /home/travis/build/icyphy/ptII/ptolemy/actor/lib/hoc/test/auto/IterateOverArray7.xml
7 ms. Memory: 158720K Free: 111353K (70%)
----------------- Invoking toplevel() on ptolemy.moml.MoMLSimpleApplication@438330bb
----------------- Done invoking toplevel() on ptolemy.moml.MoMLSimpleApplication@438330bb
reloadAllAccessors: .IterateOverArray7

===========================================================================================
----------------- testing Sun Jul 12 15:01:27 UTC 2020 /home/travis/build/icyphy/ptII/ptolemy/actor/lib/hoc/test/auto/IterateOverArray8.xml
----------------- Instantiating /home/travis/build/icyphy/ptII/ptolemy/actor/lib/hoc/test/auto/IterateOverArray8.xml
4 ms. Memory: 158720K Free: 107368K (68%)
----------------- Invoking toplevel() on ptolemy.moml.MoMLSimpleApplication@1c6b835a
----------------- Done invoking toplevel() on ptolemy.moml.MoMLSimpleApplication@1c6b835a
reloadAllAccessors: .IterateOverArray8

===========================================================================================
----------------- testing Sun Jul 12 15:01:27 UTC 2020 /home/travis/build/icyphy/ptII/ptolemy/actor/lib/hoc/test/auto/IterateOverArray9.xml
----------------- Instantiating /home/travis/build/icyphy/ptII/ptolemy/actor/lib/hoc/test/auto/IterateOverArray9.xml
6 ms. Memory: 158720K Free: 103249K (65%)
----------------- Invoking toplevel() on ptolemy.moml.MoMLSimpleApplication@539c8dcf
----------------- Done invoking toplevel() on ptolemy.moml.MoMLSimpleApplication@539c8dcf
reloadAllAccessors: .IterateOverArray9

===========================================================================================
----------------- testing Sun Jul 12 15:01:27 UTC 2020 /home/travis/build/icyphy/ptII/ptolemy/actor/lib/hoc/test/auto/IterateOverArrayCoercedOutputType.xml
----------------- Instantiating /home/travis/build/icyphy/ptII/ptolemy/actor/lib/hoc/test/auto/IterateOverArrayCoercedOutputType.xml
4 ms. Memory: 158720K Free: 98130K (62%)
----------------- Invoking toplevel() on ptolemy.moml.MoMLSimpleApplication@289dbf1
----------------- Done invoking toplevel() on ptolemy.moml.MoMLSimpleApplication@289dbf1
reloadAllAccessors: .IterateOverArrayCoercedOutputType

===========================================================================================
----------------- testing Sun Jul 12 15:01:27 UTC 2020 /home/travis/build/icyphy/ptII/ptolemy/actor/lib/hoc/test/auto/IterateOverArrayInferredOutputType.xml
----------------- Instantiating /home/travis/build/icyphy/ptII/ptolemy/actor/lib/hoc/test/auto/IterateOverArrayInferredOutputType.xml
7 ms. Memory: 158720K Free: 93486K (59%)
----------------- Invoking toplevel() on ptolemy.moml.MoMLSimpleApplication@3d656948
----------------- Done invoking toplevel() on ptolemy.moml.MoMLSimpleApplication@3d656948
reloadAllAccessors: .IterateOverArrayInferredOutputType

===========================================================================================
----------------- testing Sun Jul 12 15:01:27 UTC 2020 /home/travis/build/icyphy/ptII/ptolemy/actor/lib/hoc/test/auto/MobileFunctionTest.xml
----------------- Instantiating /home/travis/build/icyphy/ptII/ptolemy/actor/lib/hoc/test/auto/MobileFunctionTest.xml
3 ms. Memory: 158720K Free: 89391K (56%)
----------------- Invoking toplevel() on ptolemy.moml.MoMLSimpleApplication@468fe98b
----------------- Done invoking toplevel() on ptolemy.moml.MoMLSimpleApplication@468fe98b
reloadAllAccessors: .MobileFunctionTest

===========================================================================================
----------------- testing Sun Jul 12 15:01:27 UTC 2020 /home/travis/build/icyphy/ptII/ptolemy/actor/lib/hoc/test/auto/MobileModelTest.xml
----------------- Instantiating /home/travis/build/icyphy/ptII/ptolemy/actor/lib/hoc/test/auto/MobileModelTest.xml
131 ms. Memory: 158720K Free: 68426K (43%)
----------------- Invoking toplevel() on ptolemy.moml.MoMLSimpleApplication@6721500f
----------------- Done invoking toplevel() on ptolemy.moml.MoMLSimpleApplication@6721500f
reloadAllAccessors: .MobileModelTest

===========================================================================================
----------------- testing Sun Jul 12 15:01:28 UTC 2020 /home/travis/build/icyphy/ptII/ptolemy/actor/lib/hoc/test/auto/ModelReference.xml
----------------- Instantiating /home/travis/build/icyphy/ptII/ptolemy/actor/lib/hoc/test/auto/ModelReference.xml
5 ms. Memory: 158720K Free: 61743K (39%)
3 ms. Memory: 158720K Free: 61264K (39%)
1 ms. Memory: 158720K Free: 60234K (38%)
2 ms. Memory: 158720K Free: 59186K (37%)
1 ms. Memory: 158720K Free: 58649K (37%)
2 ms. Memory: 158720K Free: 57625K (36%)
2 ms. Memory: 158720K Free: 57154K (36%)
2 ms. Memory: 158720K Free: 56114K (35%)
2 ms. Memory: 158720K Free: 55098K (35%)
4 ms. Memory: 158720K Free: 54545K (34%)
32 ms. Memory: 158720K Free: 54545K (34%)
----------------- Invoking toplevel() on ptolemy.moml.MoMLSimpleApplication@9dae6d3
----------------- Done invoking toplevel() on ptolemy.moml.MoMLSimpleApplication@9dae6d3
reloadAllAccessors: .ModelReference

===========================================================================================
----------------- testing Sun Jul 12 15:01:28 UTC 2020 /home/travis/build/icyphy/ptII/ptolemy/actor/lib/hoc/test/auto/ModelReference3.xml
----------------- Instantiating /home/travis/build/icyphy/ptII/ptolemy/actor/lib/hoc/test/auto/ModelReference3.xml
2 ms. Memory: 190464K Free: 173735K (91%)
1 ms. Memory: 190464K Free: 172805K (91%)
2 ms. Memory: 190464K Free: 172080K (90%)
2 ms. Memory: 190464K Free: 171056K (90%)
2 ms. Memory: 190464K Free: 170347K (89%)
2 ms. Memory: 190464K Free: 169639K (89%)
2 ms. Memory: 190464K Free: 168770K (89%)
2 ms. Memory: 190464K Free: 167952K (88%)
1 ms. Memory: 190464K Free: 166928K (88%)
1 ms. Memory: 190464K Free: 166267K (87%)
41 ms. Memory: 190464K Free: 166267K (87%)
----------------- Invoking toplevel() on ptolemy.moml.MoMLSimpleApplication@521c8265
----------------- Done invoking toplevel() on ptolemy.moml.MoMLSimpleApplication@521c8265
reloadAllAccessors: .ModelReference3

===========================================================================================
----------------- testing Sun Jul 12 15:01:28 UTC 2020 /home/travis/build/icyphy/ptII/ptolemy/actor/lib/hoc/test/auto/ModelReference4.xml
----------------- Instantiating /home/travis/build/icyphy/ptII/ptolemy/actor/lib/hoc/test/auto/ModelReference4.xml
4 ms. Memory: 190464K Free: 161447K (85%)
2 ms. Memory: 190464K Free: 159903K (84%)
3 ms. Memory: 190464K Free: 158871K (83%)
3 ms. Memory: 190464K Free: 157861K (83%)
7 ms. Memory: 190464K Free: 156327K (82%)
3 ms. Memory: 190464K Free: 155303K (82%)
2 ms. Memory: 190464K Free: 153759K (81%)
2 ms. Memory: 190464K Free: 152727K (80%)
2 ms. Memory: 190464K Free: 151207K (79%)
3 ms. Memory: 190464K Free: 150183K (79%)
10017 ms. Memory: 190464K Free: 150183K (79%)
----------------- Invoking toplevel() on ptolemy.moml.MoMLSimpleApplication@b9d313f
----------------- Done invoking toplevel() on ptolemy.moml.MoMLSimpleApplication@b9d313f
reloadAllAccessors: .ModelReference4

===========================================================================================
----------------- testing Sun Jul 12 15:01:38 UTC 2020 /home/travis/build/icyphy/ptII/ptolemy/actor/lib/hoc/test/auto/MultiInstanceComposite.xml
----------------- Instantiating /home/travis/build/icyphy/ptII/ptolemy/actor/lib/hoc/test/auto/MultiInstanceComposite.xml
23 ms. Memory: 190464K Free: 131237K (69%)
----------------- Invoking toplevel() on ptolemy.moml.MoMLSimpleApplication@231cac4d
----------------- Done invoking toplevel() on ptolemy.moml.MoMLSimpleApplication@231cac4d
reloadAllAccessors: .MultiInstanceComposite

===========================================================================================
----------------- testing Sun Jul 12 15:01:38 UTC 2020 /home/travis/build/icyphy/ptII/ptolemy/actor/lib/hoc/test/auto/MultiInstanceComposite2.xml
----------------- Instantiating /home/travis/build/icyphy/ptII/ptolemy/actor/lib/hoc/test/auto/MultiInstanceComposite2.xml
14 ms. Memory: 190464K Free: 119973K (63%)
----------------- Invoking toplevel() on ptolemy.moml.MoMLSimpleApplication@39d81097
----------------- Done invoking toplevel() on ptolemy.moml.MoMLSimpleApplication@39d81097
reloadAllAccessors: .MultiInstanceComposite2

===========================================================================================
----------------- testing Sun Jul 12 15:01:38 UTC 2020 /home/travis/build/icyphy/ptII/ptolemy/actor/lib/hoc/test/auto/MulticoreExecution.xml
----------------- Instantiating /home/travis/build/icyphy/ptII/ptolemy/actor/lib/hoc/test/auto/MulticoreExecution.xml
Fired ExecutionTime: 12800000
Fired ExecutionTime: 9600000
Fired ExecutionTime: 29600000
Fired ExecutionTime: 13200000
Fired ExecutionTime: 34000000
Fired ExecutionTime: 46400000
Fired ExecutionTime: 52400000
Fired ExecutionTime: 32000000
Fired ExecutionTime: 49200000
Fired ExecutionTime: 37600000
Fired ExecutionTime: 63600000
Fired ExecutionTime: 32000000
Fired ExecutionTime: 34000000
Fired ExecutionTime: 40400000
Fired ExecutionTime: 31200000
Fired ExecutionTime: 41600000
Fired ExecutionTime: 111600000
Fired ExecutionTime: 112800000
Fired ExecutionTime: 109200000
Fired ExecutionTime: 109600000
1091 ms. Memory: 190464K Free: 110757K (58%)
----------------- Invoking toplevel() on ptolemy.moml.MoMLSimpleApplication@12ea1a5e
----------------- Done invoking toplevel() on ptolemy.moml.MoMLSimpleApplication@12ea1a5e
reloadAllAccessors: .MulticoreExecution

===========================================================================================
----------------- testing Sun Jul 12 15:01:39 UTC 2020 /home/travis/build/icyphy/ptII/ptolemy/actor/lib/hoc/test/auto/ParallelExecution.xml
----------------- Instantiating /home/travis/build/icyphy/ptII/ptolemy/actor/lib/hoc/test/auto/ParallelExecution.xml
912 ms. Memory: 190464K Free: 103079K (54%)
----------------- Invoking toplevel() on ptolemy.moml.MoMLSimpleApplication@69942fdd
----------------- Done invoking toplevel() on ptolemy.moml.MoMLSimpleApplication@69942fdd
reloadAllAccessors: .ParallelExecution

===========================================================================================
----------------- testing Sun Jul 12 15:01:40 UTC 2020 /home/travis/build/icyphy/ptII/ptolemy/actor/lib/hoc/test/auto/RunCompositeActor.xml
----------------- Instantiating /home/travis/build/icyphy/ptII/ptolemy/actor/lib/hoc/test/auto/RunCompositeActor.xml
7 ms. Memory: 190464K Free: 95911K (50%)
----------------- Invoking toplevel() on ptolemy.moml.MoMLSimpleApplication@4322e84f
----------------- Done invoking toplevel() on ptolemy.moml.MoMLSimpleApplication@4322e84f
reloadAllAccessors: .RunCompositeActor

===========================================================================================
----------------- testing Sun Jul 12 15:01:40 UTC 2020 /home/travis/build/icyphy/ptII/ptolemy/actor/lib/hoc/test/auto/RunCompositeActor2.xml
----------------- Instantiating /home/travis/build/icyphy/ptII/ptolemy/actor/lib/hoc/test/auto/RunCompositeActor2.xml
7 ms. Memory: 190464K Free: 89767K (47%)
----------------- Invoking toplevel() on ptolemy.moml.MoMLSimpleApplication@67c88205
----------------- Done invoking toplevel() on ptolemy.moml.MoMLSimpleApplication@67c88205
reloadAllAccessors: .RunCompositeActor2

===========================================================================================
----------------- testing Sun Jul 12 15:01:40 UTC 2020 /home/travis/build/icyphy/ptII/ptolemy/actor/lib/hoc/test/auto/RunCompositeActor3.xml
----------------- Instantiating /home/travis/build/icyphy/ptII/ptolemy/actor/lib/hoc/test/auto/RunCompositeActor3.xml
3 ms. Memory: 190464K Free: 84119K (44%)
----------------- Invoking toplevel() on ptolemy.moml.MoMLSimpleApplication@593cf70a
----------------- Done invoking toplevel() on ptolemy.moml.MoMLSimpleApplication@593cf70a
reloadAllAccessors: .RunCompositeActor3

===========================================================================================
----------------- testing Sun Jul 12 15:01:40 UTC 2020 /home/travis/build/icyphy/ptII/ptolemy/actor/lib/hoc/test/auto/RunCompositeActor4.xml
----------------- Instantiating /home/travis/build/icyphy/ptII/ptolemy/actor/lib/hoc/test/auto/RunCompositeActor4.xml
10 ms. Memory: 190464K Free: 75941K (40%)
----------------- Invoking toplevel() on ptolemy.moml.MoMLSimpleApplication@44919e4b
----------------- Done invoking toplevel() on ptolemy.moml.MoMLSimpleApplication@44919e4b
reloadAllAccessors: .RunCompositeActor4

===========================================================================================
----------------- testing Sun Jul 12 15:01:40 UTC 2020 /home/travis/build/icyphy/ptII/ptolemy/actor/lib/hoc/test/auto/RunCompositeIterateOverArray.xml
----------------- Instantiating /home/travis/build/icyphy/ptII/ptolemy/actor/lib/hoc/test/auto/RunCompositeIterateOverArray.xml
6 ms. Memory: 190464K Free: 69797K (37%)
----------------- Invoking toplevel() on ptolemy.moml.MoMLSimpleApplication@145acac2
----------------- Done invoking toplevel() on ptolemy.moml.MoMLSimpleApplication@145acac2
reloadAllAccessors: .RunCompositeIterateOverArray

===========================================================================================
----------------- testing Sun Jul 12 15:01:40 UTC 2020 /home/travis/build/icyphy/ptII/ptolemy/actor/lib/hoc/test/auto/ThreadedJS.xml
----------------- Instantiating /home/travis/build/icyphy/ptII/ptolemy/actor/lib/hoc/test/auto/ThreadedJS.xml
5334 ms. Memory: 229376K Free: 73974K (32%)
----------------- Invoking toplevel() on ptolemy.moml.MoMLSimpleApplication@56c67767
----------------- Done invoking toplevel() on ptolemy.moml.MoMLSimpleApplication@56c67767
reloadAllAccessors: .ThreadedJS
AutoTests.java: About to close Vertx.
AutoTests.java: Vertx closed.
]]></system-out>
  <system-err><![CDATA[java.lang.RuntimeException: Execution failed
	at ptolemy.moml.MoMLSimpleApplication$UnloadThread.run(MoMLSimpleApplication.java:402)
Caused by: ptolemy.kernel.util.IllegalActionException: initialize() was called after wrapup() was called but preinitialize() was not called after wrapup().
	at ptolemy.actor.lib.hoc.test.PreinitializeMustBeInvoked.initialize(PreinitializeMustBeInvoked.java:78)
	at ptolemy.actor.Director.initialize(Director.java:938)
	at ptolemy.actor.Director.initialize(Director.java:907)
	at ptolemy.actor.sched.StaticSchedulingDirector.initialize(StaticSchedulingDirector.java:159)
	at ptolemy.domains.sdf.kernel.SDFDirector.initialize(SDFDirector.java:544)
	at ptolemy.actor.CompositeActor.initialize(CompositeActor.java:935)
	at ptolemy.actor.lib.hoc.LifeCycleManager._executeInsideModel(LifeCycleManager.java:339)
	at ptolemy.actor.lib.hoc.RunCompositeActor.fire(RunCompositeActor.java:205)
	at ptolemy.actor.CompositeActor.iterate(CompositeActor.java:1146)
	at ptolemy.actor.sched.StaticSchedulingDirector.fire(StaticSchedulingDirector.java:216)
	at ptolemy.domains.sdf.kernel.SDFDirector.fire(SDFDirector.java:500)
	at ptolemy.actor.CompositeActor.fire(CompositeActor.java:455)
	at ptolemy.actor.Manager.iterate(Manager.java:851)
	at ptolemy.actor.Manager.execute(Manager.java:369)
	at ptolemy.actor.Manager.run(Manager.java:1263)
	at ptolemy.actor.Manager$PtolemyRunThread.run(Manager.java:1933)
java.lang.reflect.InvocationTargetException
	at java.base/jdk.internal.reflect.NativeConstructorAccessorImpl.newInstance0(Native Method)
	at java.base/jdk.internal.reflect.NativeConstructorAccessorImpl.newInstance(NativeConstructorAccessorImpl.java:62)
	at java.base/jdk.internal.reflect.DelegatingConstructorAccessorImpl.newInstance(DelegatingConstructorAccessorImpl.java:45)
	at java.base/java.lang.reflect.Constructor.newInstance(Constructor.java:490)
	at ptolemy.util.test.junit.AutoKnownFailedTests.RunModel(AutoKnownFailedTests.java:105)
	at java.base/jdk.internal.reflect.NativeMethodAccessorImpl.invoke0(Native Method)
	at java.base/jdk.internal.reflect.NativeMethodAccessorImpl.invoke(NativeMethodAccessorImpl.java:62)
	at java.base/jdk.internal.reflect.DelegatingMethodAccessorImpl.invoke(DelegatingMethodAccessorImpl.java:43)
	at java.base/java.lang.reflect.Method.invoke(Method.java:566)
	at org.junit.runners.model.FrameworkMethod$1.runReflectiveCall(FrameworkMethod.java:44)
	at org.junit.internal.runners.model.ReflectiveCallable.run(ReflectiveCallable.java:15)
	at org.junit.runners.model.FrameworkMethod.invokeExplosively(FrameworkMethod.java:41)
	at junitparams.internal.InvokeParameterisedMethod.evaluate(InvokeParameterisedMethod.java:102)
	at org.junit.internal.runners.statements.FailOnTimeout$1.run(FailOnTimeout.java:28)
Caused by: ptolemy.kernel.util.IllegalActionException: initialize() was called after wrapup() was called but preinitialize() was not called after wrapup().
	at ptolemy.actor.lib.hoc.test.PreinitializeMustBeInvoked.initialize(PreinitializeMustBeInvoked.java:78)
	at ptolemy.actor.Director.initialize(Director.java:938)
	at ptolemy.actor.Director.initialize(Director.java:907)
	at ptolemy.actor.sched.StaticSchedulingDirector.initialize(StaticSchedulingDirector.java:159)
	at ptolemy.domains.sdf.kernel.SDFDirector.initialize(SDFDirector.java:544)
	at ptolemy.actor.CompositeActor.initialize(CompositeActor.java:935)
	at ptolemy.actor.lib.hoc.LifeCycleManager._executeInsideModel(LifeCycleManager.java:339)
	at ptolemy.actor.lib.hoc.RunCompositeActor.fire(RunCompositeActor.java:205)
	at ptolemy.actor.CompositeActor.iterate(CompositeActor.java:1146)
	at ptolemy.actor.sched.StaticSchedulingDirector.fire(StaticSchedulingDirector.java:216)
	at ptolemy.domains.sdf.kernel.SDFDirector.fire(SDFDirector.java:500)
	at ptolemy.actor.CompositeActor.fire(CompositeActor.java:455)
	at ptolemy.actor.Manager.iterate(Manager.java:851)
	at ptolemy.actor.Manager.execute(Manager.java:369)
	at ptolemy.actor.Manager.run(Manager.java:1263)
	at ptolemy.actor.Manager$PtolemyRunThread.run(Manager.java:1933)
Warning: Nashorn engine is planned to be removed from a future JDK release
Warning: Nashorn engine is planned to be removed from a future JDK release
Warning: Nashorn engine is planned to be removed from a future JDK release
Warning: Nashorn engine is planned to be removed from a future JDK release
Warning: Nashorn engine is planned to be removed from a future JDK release
Warning: Nashorn engine is planned to be removed from a future JDK release
Warning: Nashorn engine is planned to be removed from a future JDK release
Warning: Nashorn engine is planned to be removed from a future JDK release
]]></system-err>
</testsuite>
