<?xml version="1.0" encoding="UTF-8" ?>
<testsuite errors="0" failures="0" hostname="travis-job-26c32a80-3ba9-4b04-b936-ea09fb0d619d" name="ptolemy.domains.continuous.test.junit.JUnitTclTest" skipped="0" tests="156" time="74.891" timestamp="2020-08-05T15:17:23">
  <properties>
[...]
</properties>
  <testcase classname="ptolemy.util.test.junit.TclTests" name="[0] ThereAreNoTclTests (RunTclFile)" time="0.011" />
  <testcase classname="ptolemy.util.test.junit.AutoKnownFailedTests" name="[0] ThereAreNoKnowFailedTests (RunModel)" time="0.003" />
  <testcase classname="ptolemy.util.test.junit.AutoNameArchTests" name="[0] ThereAreNoAutoArchTests (RunModel)" time="0.02" />
  <testcase classname="ptolemy.util.test.junit.AutoTests" name="[0] /home/travis/build/icyphy/ptII/ptolemy/domains/continuous/test/auto/BouncingBall.xml (RunModel)" time="3.32" />
  <testcase classname="ptolemy.util.test.junit.AutoTests" name="[1] /home/travis/build/icyphy/ptII/ptolemy/domains/continuous/test/auto/BouncingBallWithoutGR.xml (RunModel)" time="0.904" />
  <testcase classname="ptolemy.util.test.junit.AutoTests" name="[2] /home/travis/build/icyphy/ptII/ptolemy/domains/continuous/test/auto/Brownian.xml (RunModel)" time="0.077" />
  <testcase classname="ptolemy.util.test.junit.AutoTests" name="[3] /home/travis/build/icyphy/ptII/ptolemy/domains/continuous/test/auto/CarTracking.xml (RunModel)" time="4.131" />
  <testcase classname="ptolemy.util.test.junit.AutoTests" name="[4] /home/travis/build/icyphy/ptII/ptolemy/domains/continuous/test/auto/CartPendulum.xml (RunModel)" time="0.428" />
  <testcase classname="ptolemy.util.test.junit.AutoTests" name="[5] /home/travis/build/icyphy/ptII/ptolemy/domains/continuous/test/auto/CausalityInterface10.xml (RunModel)" time="0.048" />
  <testcase classname="ptolemy.util.test.junit.AutoTests" name="[6] /home/travis/build/icyphy/ptII/ptolemy/domains/continuous/test/auto/CausalityInterface11.xml (RunModel)" time="0.034" />
  <testcase classname="ptolemy.util.test.junit.AutoTests" name="[7] /home/travis/build/icyphy/ptII/ptolemy/domains/continuous/test/auto/CausalityInterface12.xml (RunModel)" time="0.053" />
  <testcase classname="ptolemy.util.test.junit.AutoTests" name="[8] /home/travis/build/icyphy/ptII/ptolemy/domains/continuous/test/auto/CausalityInterface13.xml (RunModel)" time="0.051" />
  <testcase classname="ptolemy.util.test.junit.AutoTests" name="[9] /home/travis/build/icyphy/ptII/ptolemy/domains/continuous/test/auto/CausalityInterface14.xml (RunModel)" time="0.025" />
  <testcase classname="ptolemy.util.test.junit.AutoTests" name="[10] /home/travis/build/icyphy/ptII/ptolemy/domains/continuous/test/auto/CausalityInterface4.xml (RunModel)" time="0.029" />
  <testcase classname="ptolemy.util.test.junit.AutoTests" name="[11] /home/travis/build/icyphy/ptII/ptolemy/domains/continuous/test/auto/CausalityInterface5.xml (RunModel)" time="0.035" />
  <testcase classname="ptolemy.util.test.junit.AutoTests" name="[12] /home/travis/build/icyphy/ptII/ptolemy/domains/continuous/test/auto/CausalityInterface6.xml (RunModel)" time="0.025" />
  <testcase classname="ptolemy.util.test.junit.AutoTests" name="[13] /home/travis/build/icyphy/ptII/ptolemy/domains/continuous/test/auto/CausalityInterface7.xml (RunModel)" time="0.057" />
  <testcase classname="ptolemy.util.test.junit.AutoTests" name="[14] /home/travis/build/icyphy/ptII/ptolemy/domains/continuous/test/auto/CausalityInterface8.xml (RunModel)" time="0.045" />
  <testcase classname="ptolemy.util.test.junit.AutoTests" name="[15] /home/travis/build/icyphy/ptII/ptolemy/domains/continuous/test/auto/CausalityInterface9.xml (RunModel)" time="0.067" />
  <testcase classname="ptolemy.util.test.junit.AutoTests" name="[16] /home/travis/build/icyphy/ptII/ptolemy/domains/continuous/test/auto/CausalityInterfaceFeedback1.xml (RunModel)" time="0.039" />
  <testcase classname="ptolemy.util.test.junit.AutoTests" name="[17] /home/travis/build/icyphy/ptII/ptolemy/domains/continuous/test/auto/CausalityInterfaceFeedback2.xml (RunModel)" time="0.04" />
  <testcase classname="ptolemy.util.test.junit.AutoTests" name="[18] /home/travis/build/icyphy/ptII/ptolemy/domains/continuous/test/auto/CompareWithCurrentTime.xml (RunModel)" time="0.026" />
  <testcase classname="ptolemy.util.test.junit.AutoTests" name="[19] /home/travis/build/icyphy/ptII/ptolemy/domains/continuous/test/auto/ComparedClocks.xml (RunModel)" time="0.095" />
  <testcase classname="ptolemy.util.test.junit.AutoTests" name="[20] /home/travis/build/icyphy/ptII/ptolemy/domains/continuous/test/auto/ContinuousAOCClone.xml (RunModel)" time="2.609" />
  <testcase classname="ptolemy.util.test.junit.AutoTests" name="[21] /home/travis/build/icyphy/ptII/ptolemy/domains/continuous/test/auto/ContinuousClock.xml (RunModel)" time="0.101" />
  <testcase classname="ptolemy.util.test.junit.AutoTests" name="[22] /home/travis/build/icyphy/ptII/ptolemy/domains/continuous/test/auto/ContinuousInContinuous.xml (RunModel)" time="0.102" />
  <testcase classname="ptolemy.util.test.junit.AutoTests" name="[23] /home/travis/build/icyphy/ptII/ptolemy/domains/continuous/test/auto/ContinuousInContinuousInContinuous.xml (RunModel)" time="0.023" />
  <testcase classname="ptolemy.util.test.junit.AutoTests" name="[24] /home/travis/build/icyphy/ptII/ptolemy/domains/continuous/test/auto/ContinuousInDE.xml (RunModel)" time="0.129" />
  <testcase classname="ptolemy.util.test.junit.AutoTests" name="[25] /home/travis/build/icyphy/ptII/ptolemy/domains/continuous/test/auto/ContinuousInDE2.xml (RunModel)" time="0.055" />
  <testcase classname="ptolemy.util.test.junit.AutoTests" name="[26] /home/travis/build/icyphy/ptII/ptolemy/domains/continuous/test/auto/ContinuousInDE3.xml (RunModel)" time="0.057" />
  <testcase classname="ptolemy.util.test.junit.AutoTests" name="[27] /home/travis/build/icyphy/ptII/ptolemy/domains/continuous/test/auto/ContinuousInDE4.xml (RunModel)" time="0.033" />
  <testcase classname="ptolemy.util.test.junit.AutoTests" name="[28] /home/travis/build/icyphy/ptII/ptolemy/domains/continuous/test/auto/ContinuousInDEDifferentRefinements.xml (RunModel)" time="0.105" />
  <testcase classname="ptolemy.util.test.junit.AutoTests" name="[29] /home/travis/build/icyphy/ptII/ptolemy/domains/continuous/test/auto/ContinuousInDEDifferentRefinementsPreemptive.xml (RunModel)" time="0.105" />
  <testcase classname="ptolemy.util.test.junit.AutoTests" name="[30] /home/travis/build/icyphy/ptII/ptolemy/domains/continuous/test/auto/ContinuousInDEInContinuous2.xml (RunModel)" time="0.067" />
  <testcase classname="ptolemy.util.test.junit.AutoTests" name="[31] /home/travis/build/icyphy/ptII/ptolemy/domains/continuous/test/auto/ContinuousInDEInContinuous3.xml (RunModel)" time="0.058" />
  <testcase classname="ptolemy.util.test.junit.AutoTests" name="[32] /home/travis/build/icyphy/ptII/ptolemy/domains/continuous/test/auto/ContinuousInDEInput.xml (RunModel)" time="0.036" />
  <testcase classname="ptolemy.util.test.junit.AutoTests" name="[33] /home/travis/build/icyphy/ptII/ptolemy/domains/continuous/test/auto/ContinuousInDEInput2.xml (RunModel)" time="0.035" />
  <testcase classname="ptolemy.util.test.junit.AutoTests" name="[34] /home/travis/build/icyphy/ptII/ptolemy/domains/continuous/test/auto/ContinuousInDEInput3.xml (RunModel)" time="0.026" />
  <testcase classname="ptolemy.util.test.junit.AutoTests" name="[35] /home/travis/build/icyphy/ptII/ptolemy/domains/continuous/test/auto/ContinuousInDESharingRefinement.xml (RunModel)" time="0.166" />
  <testcase classname="ptolemy.util.test.junit.AutoTests" name="[36] /home/travis/build/icyphy/ptII/ptolemy/domains/continuous/test/auto/ContinuousInDEwithNoPorts.xml (RunModel)" time="0.018" />
  <testcase classname="ptolemy.util.test.junit.AutoTests" name="[37] /home/travis/build/icyphy/ptII/ptolemy/domains/continuous/test/auto/ContinuousInsideDE.xml (RunModel)" time="0.089" />
  <testcase classname="ptolemy.util.test.junit.AutoTests" name="[38] /home/travis/build/icyphy/ptII/ptolemy/domains/continuous/test/auto/ContinuousMerge1.xml (RunModel)" time="0.017" />
  <testcase classname="ptolemy.util.test.junit.AutoTests" name="[39] /home/travis/build/icyphy/ptII/ptolemy/domains/continuous/test/auto/ContinuousMerge2.xml (RunModel)" time="0.061" />
  <testcase classname="ptolemy.util.test.junit.AutoTests" name="[40] /home/travis/build/icyphy/ptII/ptolemy/domains/continuous/test/auto/ContinuousMerge3.xml (RunModel)" time="0.064" />
  <testcase classname="ptolemy.util.test.junit.AutoTests" name="[41] /home/travis/build/icyphy/ptII/ptolemy/domains/continuous/test/auto/ContinuousWithinContinuous.xml (RunModel)" time="0.044" />
  <testcase classname="ptolemy.util.test.junit.AutoTests" name="[42] /home/travis/build/icyphy/ptII/ptolemy/domains/continuous/test/auto/ContinuousWithinContinuous2.xml (RunModel)" time="0.086" />
  <testcase classname="ptolemy.util.test.junit.AutoTests" name="[43] /home/travis/build/icyphy/ptII/ptolemy/domains/continuous/test/auto/ContinuousWithinContinuous3.xml (RunModel)" time="0.032" />
  <testcase classname="ptolemy.util.test.junit.AutoTests" name="[44] /home/travis/build/icyphy/ptII/ptolemy/domains/continuous/test/auto/ContinuousWithinContinuous4.xml (RunModel)" time="0.076" />
  <testcase classname="ptolemy.util.test.junit.AutoTests" name="[45] /home/travis/build/icyphy/ptII/ptolemy/domains/continuous/test/auto/ContinuousWithinContinuous5.xml (RunModel)" time="0.041" />
  <testcase classname="ptolemy.util.test.junit.AutoTests" name="[46] /home/travis/build/icyphy/ptII/ptolemy/domains/continuous/test/auto/ContinuousWithinContinuous6.xml (RunModel)" time="0.029" />
  <testcase classname="ptolemy.util.test.junit.AutoTests" name="[47] /home/travis/build/icyphy/ptII/ptolemy/domains/continuous/test/auto/ContinuousWithinContinuous7.xml (RunModel)" time="0.06" />
  <testcase classname="ptolemy.util.test.junit.AutoTests" name="[48] /home/travis/build/icyphy/ptII/ptolemy/domains/continuous/test/auto/DCMotor.xml (RunModel)" time="13.637" />
  <testcase classname="ptolemy.util.test.junit.AutoTests" name="[49] /home/travis/build/icyphy/ptII/ptolemy/domains/continuous/test/auto/DEInContinuous.xml (RunModel)" time="0.043" />
  <testcase classname="ptolemy.util.test.junit.AutoTests" name="[50] /home/travis/build/icyphy/ptII/ptolemy/domains/continuous/test/auto/DEinContinuous2.xml (RunModel)" time="0.03" />
  <testcase classname="ptolemy.util.test.junit.AutoTests" name="[51] /home/travis/build/icyphy/ptII/ptolemy/domains/continuous/test/auto/Derivative.xml (RunModel)" time="0.233" />
  <testcase classname="ptolemy.util.test.junit.AutoTests" name="[52] /home/travis/build/icyphy/ptII/ptolemy/domains/continuous/test/auto/Derivative1.xml (RunModel)" time="0.046" />
  <testcase classname="ptolemy.util.test.junit.AutoTests" name="[53] /home/travis/build/icyphy/ptII/ptolemy/domains/continuous/test/auto/DiscreteClock.xml (RunModel)" time="0.024" />
  <testcase classname="ptolemy.util.test.junit.AutoTests" name="[54] /home/travis/build/icyphy/ptII/ptolemy/domains/continuous/test/auto/EfficiencyCurve.xml (RunModel)" time="0.109" />
  <testcase classname="ptolemy.util.test.junit.AutoTests" name="[55] /home/travis/build/icyphy/ptII/ptolemy/domains/continuous/test/auto/ExponentialResponse.xml (RunModel)" time="0.141" />
  <testcase classname="ptolemy.util.test.junit.AutoTests" name="[56] /home/travis/build/icyphy/ptII/ptolemy/domains/continuous/test/auto/ExponentialResponseRK45.xml (RunModel)" time="0.043" />
  <testcase classname="ptolemy.util.test.junit.AutoTests" name="[57] /home/travis/build/icyphy/ptII/ptolemy/domains/continuous/test/auto/Friction.xml (RunModel)" time="1.735" />
  <testcase classname="ptolemy.util.test.junit.AutoTests" name="[58] /home/travis/build/icyphy/ptII/ptolemy/domains/continuous/test/auto/FurutaPendulum.xml (RunModel)" time="3.599" />
  <testcase classname="ptolemy.util.test.junit.AutoTests" name="[59] /home/travis/build/icyphy/ptII/ptolemy/domains/continuous/test/auto/HierarchicalExecution.xml (RunModel)" time="2.478" />
  <testcase classname="ptolemy.util.test.junit.AutoTests" name="[60] /home/travis/build/icyphy/ptII/ptolemy/domains/continuous/test/auto/HybridPlant.xml (RunModel)" time="0.544" />
  <testcase classname="ptolemy.util.test.junit.AutoTests" name="[61] /home/travis/build/icyphy/ptII/ptolemy/domains/continuous/test/auto/Hysteresis.xml (RunModel)" time="0.189" />
  <testcase classname="ptolemy.util.test.junit.AutoTests" name="[62] /home/travis/build/icyphy/ptII/ptolemy/domains/continuous/test/auto/HysteresisWithRandomDelay.xml (RunModel)" time="0.218" />
  <testcase classname="ptolemy.util.test.junit.AutoTests" name="[63] /home/travis/build/icyphy/ptII/ptolemy/domains/continuous/test/auto/HysteresisWithRandomLosses.xml (RunModel)" time="2.354" />
  <testcase classname="ptolemy.util.test.junit.AutoTests" name="[64] /home/travis/build/icyphy/ptII/ptolemy/domains/continuous/test/auto/ImmediateTransitions.xml (RunModel)" time="0.035" />
  <testcase classname="ptolemy.util.test.junit.AutoTests" name="[65] /home/travis/build/icyphy/ptII/ptolemy/domains/continuous/test/auto/ImpulseFeedback.xml (RunModel)" time="0.026" />
  <testcase classname="ptolemy.util.test.junit.AutoTests" name="[66] /home/travis/build/icyphy/ptII/ptolemy/domains/continuous/test/auto/ImpulseFeedback2.xml (RunModel)" time="0.017" />
  <testcase classname="ptolemy.util.test.junit.AutoTests" name="[67] /home/travis/build/icyphy/ptII/ptolemy/domains/continuous/test/auto/IncreasingRatePoisson.xml (RunModel)" time="0.727" />
  <testcase classname="ptolemy.util.test.junit.AutoTests" name="[68] /home/travis/build/icyphy/ptII/ptolemy/domains/continuous/test/auto/InitialStateFeedback.xml (RunModel)" time="0.016" />
  <testcase classname="ptolemy.util.test.junit.AutoTests" name="[69] /home/travis/build/icyphy/ptII/ptolemy/domains/continuous/test/auto/Integration.xml (RunModel)" time="0.008" />
  <testcase classname="ptolemy.util.test.junit.AutoTests" name="[70] /home/travis/build/icyphy/ptII/ptolemy/domains/continuous/test/auto/Integration2.xml (RunModel)" time="0.089" />
  <testcase classname="ptolemy.util.test.junit.AutoTests" name="[71] /home/travis/build/icyphy/ptII/ptolemy/domains/continuous/test/auto/Integration3.xml (RunModel)" time="0.013" />
  <testcase classname="ptolemy.util.test.junit.AutoTests" name="[72] /home/travis/build/icyphy/ptII/ptolemy/domains/continuous/test/auto/Integration5.xml (RunModel)" time="0.01" />
  <testcase classname="ptolemy.util.test.junit.AutoTests" name="[73] /home/travis/build/icyphy/ptII/ptolemy/domains/continuous/test/auto/IntegratorImpulse.xml (RunModel)" time="0.013" />
  <testcase classname="ptolemy.util.test.junit.AutoTests" name="[74] /home/travis/build/icyphy/ptII/ptolemy/domains/continuous/test/auto/IntegratorImpulse2.xml (RunModel)" time="0.011" />
  <testcase classname="ptolemy.util.test.junit.AutoTests" name="[75] /home/travis/build/icyphy/ptII/ptolemy/domains/continuous/test/auto/LevelCrossing1.xml (RunModel)" time="0.013" />
  <testcase classname="ptolemy.util.test.junit.AutoTests" name="[76] /home/travis/build/icyphy/ptII/ptolemy/domains/continuous/test/auto/LevelCrossing2.xml (RunModel)" time="0.015" />
  <testcase classname="ptolemy.util.test.junit.AutoTests" name="[77] /home/travis/build/icyphy/ptII/ptolemy/domains/continuous/test/auto/LevelCrossing3.xml (RunModel)" time="0.011" />
  <testcase classname="ptolemy.util.test.junit.AutoTests" name="[78] /home/travis/build/icyphy/ptII/ptolemy/domains/continuous/test/auto/LevelCrossing4.xml (RunModel)" time="0.012" />
  <testcase classname="ptolemy.util.test.junit.AutoTests" name="[79] /home/travis/build/icyphy/ptII/ptolemy/domains/continuous/test/auto/LevelCrossing5.xml (RunModel)" time="0.016" />
  <testcase classname="ptolemy.util.test.junit.AutoTests" name="[80] /home/travis/build/icyphy/ptII/ptolemy/domains/continuous/test/auto/LevelCrossing6.xml (RunModel)" time="0.017" />
  <testcase classname="ptolemy.util.test.junit.AutoTests" name="[81] /home/travis/build/icyphy/ptII/ptolemy/domains/continuous/test/auto/LevelCrossingDetector.xml (RunModel)" time="0.049" />
  <testcase classname="ptolemy.util.test.junit.AutoTests" name="[82] /home/travis/build/icyphy/ptII/ptolemy/domains/continuous/test/auto/LevelCrossingDetectorDetectingDirections.xml (RunModel)" time="0.086" />
  <testcase classname="ptolemy.util.test.junit.AutoTests" name="[83] /home/travis/build/icyphy/ptII/ptolemy/domains/continuous/test/auto/LevelCrossingDetectorDetectsGlitches.xml (RunModel)" time="0.064" />
  <testcase classname="ptolemy.util.test.junit.AutoTests" name="[84] /home/travis/build/icyphy/ptII/ptolemy/domains/continuous/test/auto/LevelCrossingNoInitialOuput.xml (RunModel)" time="0.015" />
  <testcase classname="ptolemy.util.test.junit.AutoTests" name="[85] /home/travis/build/icyphy/ptII/ptolemy/domains/continuous/test/auto/LinearStateSpaceExample.xml (RunModel)" time="0.049" />
  <testcase classname="ptolemy.util.test.junit.AutoTests" name="[86] /home/travis/build/icyphy/ptII/ptolemy/domains/continuous/test/auto/Lorenz.xml (RunModel)" time="3.693" />
  <testcase classname="ptolemy.util.test.junit.AutoTests" name="[87] /home/travis/build/icyphy/ptII/ptolemy/domains/continuous/test/auto/LorenzDifferentialSystem.xml (RunModel)" time="0.99" />
  <testcase classname="ptolemy.util.test.junit.AutoTests" name="[88] /home/travis/build/icyphy/ptII/ptolemy/domains/continuous/test/auto/LorenzDifferentialSystemWithInput.xml (RunModel)" time="1.216" />
  <testcase classname="ptolemy.util.test.junit.AutoTests" name="[89] /home/travis/build/icyphy/ptII/ptolemy/domains/continuous/test/auto/LorenzDifferentialSystemWithTime.xml (RunModel)" time="0.69" />
  <testcase classname="ptolemy.util.test.junit.AutoTests" name="[90] /home/travis/build/icyphy/ptII/ptolemy/domains/continuous/test/auto/Microsteps.xml (RunModel)" time="0.036" />
  <testcase classname="ptolemy.util.test.junit.AutoTests" name="[91] /home/travis/build/icyphy/ptII/ptolemy/domains/continuous/test/auto/Modal1.xml (RunModel)" time="0.04" />
  <testcase classname="ptolemy.util.test.junit.AutoTests" name="[92] /home/travis/build/icyphy/ptII/ptolemy/domains/continuous/test/auto/Modal2.xml (RunModel)" time="0.052" />
  <testcase classname="ptolemy.util.test.junit.AutoTests" name="[93] /home/travis/build/icyphy/ptII/ptolemy/domains/continuous/test/auto/ModalTransitionGuardWithReset.xml (RunModel)" time="0.025" />
  <testcase classname="ptolemy.util.test.junit.AutoTests" name="[94] /home/travis/build/icyphy/ptII/ptolemy/domains/continuous/test/auto/ModalTransitionGuardWithResetUsingPreemptiveTransition.xml (RunModel)" time="0.028" />
  <testcase classname="ptolemy.util.test.junit.AutoTests" name="[95] /home/travis/build/icyphy/ptII/ptolemy/domains/continuous/test/auto/ModalTransitionGuardWithResetUsingPreemptiveTransition2.xml (RunModel)" time="0.024" />
  <testcase classname="ptolemy.util.test.junit.AutoTests" name="[96] /home/travis/build/icyphy/ptII/ptolemy/domains/continuous/test/auto/ModalTransitionGuardWithResetUsingPreemptiveTransition3.xml (RunModel)" time="0.031" />
  <testcase classname="ptolemy.util.test.junit.AutoTests" name="[97] /home/travis/build/icyphy/ptII/ptolemy/domains/continuous/test/auto/NewtonsCradle.xml (RunModel)" time="0.778" />
  <testcase classname="ptolemy.util.test.junit.AutoTests" name="[98] /home/travis/build/icyphy/ptII/ptolemy/domains/continuous/test/auto/NewtonsCradleAnimated.xml (RunModel)" time="1.321" />
  <testcase classname="ptolemy.util.test.junit.AutoTests" name="[99] /home/travis/build/icyphy/ptII/ptolemy/domains/continuous/test/auto/NewtonsCradleComplicated.xml (RunModel)" time="0.913" />
  <testcase classname="ptolemy.util.test.junit.AutoTests" name="[100] /home/travis/build/icyphy/ptII/ptolemy/domains/continuous/test/auto/NewtonsCradleNondeterministic.xml (RunModel)" time="0.664" />
  <testcase classname="ptolemy.util.test.junit.AutoTests" name="[101] /home/travis/build/icyphy/ptII/ptolemy/domains/continuous/test/auto/NewtonsCradlePerfectlyInelastic1.xml (RunModel)" time="1.226" />
  <testcase classname="ptolemy.util.test.junit.AutoTests" name="[102] /home/travis/build/icyphy/ptII/ptolemy/domains/continuous/test/auto/Noise.xml (RunModel)" time="0.191" />
  <testcase classname="ptolemy.util.test.junit.AutoTests" name="[103] /home/travis/build/icyphy/ptII/ptolemy/domains/continuous/test/auto/NoiseSpectrum.xml (RunModel)" time="0.73" />
  <testcase classname="ptolemy.util.test.junit.AutoTests" name="[104] /home/travis/build/icyphy/ptII/ptolemy/domains/continuous/test/auto/ParameterizedNewtonsCradleAnimated.xml (RunModel)" time="0.401" />
  <testcase classname="ptolemy.util.test.junit.AutoTests" name="[105] /home/travis/build/icyphy/ptII/ptolemy/domains/continuous/test/auto/ParameterizedNewtonsCradleAnimatedNondeterministic.xml (RunModel)" time="1.152" />
  <testcase classname="ptolemy.util.test.junit.AutoTests" name="[106] /home/travis/build/icyphy/ptII/ptolemy/domains/continuous/test/auto/Pendulum3D.xml (RunModel)" time="0.174" />
  <testcase classname="ptolemy.util.test.junit.AutoTests" name="[107] /home/travis/build/icyphy/ptII/ptolemy/domains/continuous/test/auto/PeriodicSampler.xml (RunModel)" time="0.016" />
  <testcase classname="ptolemy.util.test.junit.AutoTests" name="[108] /home/travis/build/icyphy/ptII/ptolemy/domains/continuous/test/auto/PeriodicSampler1.xml (RunModel)" time="0.043" />
  <testcase classname="ptolemy.util.test.junit.AutoTests" name="[109] /home/travis/build/icyphy/ptII/ptolemy/domains/continuous/test/auto/PeriodicSampler2.xml (RunModel)" time="0.078" />
  <testcase classname="ptolemy.util.test.junit.AutoTests" name="[110] /home/travis/build/icyphy/ptII/ptolemy/domains/continuous/test/auto/Poisson.xml (RunModel)" time="0.497" />
  <testcase classname="ptolemy.util.test.junit.AutoTests" name="[111] /home/travis/build/icyphy/ptII/ptolemy/domains/continuous/test/auto/PoissonClock.xml (RunModel)" time="0.013" />
  <testcase classname="ptolemy.util.test.junit.AutoTests" name="[112] /home/travis/build/icyphy/ptII/ptolemy/domains/continuous/test/auto/PoissonClock2.xml (RunModel)" time="0.014" />
  <testcase classname="ptolemy.util.test.junit.AutoTests" name="[113] /home/travis/build/icyphy/ptII/ptolemy/domains/continuous/test/auto/PortParameterHierarchy.xml (RunModel)" time="0.022" />
  <testcase classname="ptolemy.util.test.junit.AutoTests" name="[114] /home/travis/build/icyphy/ptII/ptolemy/domains/continuous/test/auto/RandomHybridPlant.xml (RunModel)" time="0.546" />
  <testcase classname="ptolemy.util.test.junit.AutoTests" name="[115] /home/travis/build/icyphy/ptII/ptolemy/domains/continuous/test/auto/ResetTransitionWithStartTime1.xml (RunModel)" time="0.031" />
  <testcase classname="ptolemy.util.test.junit.AutoTests" name="[116] /home/travis/build/icyphy/ptII/ptolemy/domains/continuous/test/auto/ResetTransitionWithStartTime2.xml (RunModel)" time="0.037" />
  <testcase classname="ptolemy.util.test.junit.AutoTests" name="[117] /home/travis/build/icyphy/ptII/ptolemy/domains/continuous/test/auto/ResetTransitionWithStartTime3.xml (RunModel)" time="0.038" />
  <testcase classname="ptolemy.util.test.junit.AutoTests" name="[118] /home/travis/build/icyphy/ptII/ptolemy/domains/continuous/test/auto/ResetTransitionWithStartTime4.xml (RunModel)" time="0.025" />
  <testcase classname="ptolemy.util.test.junit.AutoTests" name="[119] /home/travis/build/icyphy/ptII/ptolemy/domains/continuous/test/auto/ResetTransitionWithStartTime5.xml (RunModel)" time="0.031" />
  <testcase classname="ptolemy.util.test.junit.AutoTests" name="[120] /home/travis/build/icyphy/ptII/ptolemy/domains/continuous/test/auto/ResetTransitionWithStartTime6.xml (RunModel)" time="0.035" />
  <testcase classname="ptolemy.util.test.junit.AutoTests" name="[121] /home/travis/build/icyphy/ptII/ptolemy/domains/continuous/test/auto/SRinContinuous.xml (RunModel)" time="0.02" />
  <testcase classname="ptolemy.util.test.junit.AutoTests" name="[122] /home/travis/build/icyphy/ptII/ptolemy/domains/continuous/test/auto/SampledClocks.xml (RunModel)" time="0.031" />
  <testcase classname="ptolemy.util.test.junit.AutoTests" name="[123] /home/travis/build/icyphy/ptII/ptolemy/domains/continuous/test/auto/Satellite.xml (RunModel)" time="0.875" />
  <testcase classname="ptolemy.util.test.junit.AutoTests" name="[124] /home/travis/build/icyphy/ptII/ptolemy/domains/continuous/test/auto/SigmaDelta.xml (RunModel)" time="2.194" />
  <testcase classname="ptolemy.util.test.junit.AutoTests" name="[125] /home/travis/build/icyphy/ptII/ptolemy/domains/continuous/test/auto/SingleRefinement.xml (RunModel)" time="0.584" />
  <testcase classname="ptolemy.util.test.junit.AutoTests" name="[126] /home/travis/build/icyphy/ptII/ptolemy/domains/continuous/test/auto/SinuBouncingBall.xml (RunModel)" time="0.901" />
  <testcase classname="ptolemy.util.test.junit.AutoTests" name="[127] /home/travis/build/icyphy/ptII/ptolemy/domains/continuous/test/auto/Sinusoid.xml (RunModel)" time="0.02" />
  <testcase classname="ptolemy.util.test.junit.AutoTests" name="[128] /home/travis/build/icyphy/ptII/ptolemy/domains/continuous/test/auto/SinusoidInNoise.xml (RunModel)" time="1.005" />
  <testcase classname="ptolemy.util.test.junit.AutoTests" name="[129] /home/travis/build/icyphy/ptII/ptolemy/domains/continuous/test/auto/SinusoidRK45.xml (RunModel)" time="0.021" />
  <testcase classname="ptolemy.util.test.junit.AutoTests" name="[130] /home/travis/build/icyphy/ptII/ptolemy/domains/continuous/test/auto/SinusoidWithMultipleImpulses.xml (RunModel)" time="0.015" />
  <testcase classname="ptolemy.util.test.junit.AutoTests" name="[131] /home/travis/build/icyphy/ptII/ptolemy/domains/continuous/test/auto/SquareWave.xml (RunModel)" time="0.193" />
  <testcase classname="ptolemy.util.test.junit.AutoTests" name="[132] /home/travis/build/icyphy/ptII/ptolemy/domains/continuous/test/auto/Starmac.xml (RunModel)" time="3.394" />
  <testcase classname="ptolemy.util.test.junit.AutoTests" name="[133] /home/travis/build/icyphy/ptII/ptolemy/domains/continuous/test/auto/StaticUnits.xml (RunModel)" time="2.562" />
  <testcase classname="ptolemy.util.test.junit.AutoTests" name="[134] /home/travis/build/icyphy/ptII/ptolemy/domains/continuous/test/auto/StickyMasses.xml (RunModel)" time="0.194" />
  <testcase classname="ptolemy.util.test.junit.AutoTests" name="[135] /home/travis/build/icyphy/ptII/ptolemy/domains/continuous/test/auto/StopTime.xml (RunModel)" time="0.061" />
  <testcase classname="ptolemy.util.test.junit.AutoTests" name="[136] /home/travis/build/icyphy/ptII/ptolemy/domains/continuous/test/auto/StopTime2.xml (RunModel)" time="0.066" />
  <testcase classname="ptolemy.util.test.junit.AutoTests" name="[137] /home/travis/build/icyphy/ptII/ptolemy/domains/continuous/test/auto/Switch.xml (RunModel)" time="0.062" />
  <testcase classname="ptolemy.util.test.junit.AutoTests" name="[138] /home/travis/build/icyphy/ptII/ptolemy/domains/continuous/test/auto/Thermostat.xml (RunModel)" time="0.199" />
  <testcase classname="ptolemy.util.test.junit.AutoTests" name="[139] /home/travis/build/icyphy/ptII/ptolemy/domains/continuous/test/auto/TimeDelay.xml (RunModel)" time="0.013" />
  <testcase classname="ptolemy.util.test.junit.AutoTests" name="[140] /home/travis/build/icyphy/ptII/ptolemy/domains/continuous/test/auto/TimeDelay2.xml (RunModel)" time="0.027" />
  <testcase classname="ptolemy.util.test.junit.AutoTests" name="[141] /home/travis/build/icyphy/ptII/ptolemy/domains/continuous/test/auto/TimeDelay3.xml (RunModel)" time="0.011" />
  <testcase classname="ptolemy.util.test.junit.AutoTests" name="[142] /home/travis/build/icyphy/ptII/ptolemy/domains/continuous/test/auto/TransferAbsentToInside.xml (RunModel)" time="0.099" />
  <testcase classname="ptolemy.util.test.junit.AutoTests" name="[143] /home/travis/build/icyphy/ptII/ptolemy/domains/continuous/test/auto/Transmission.xml (RunModel)" time="0.735" />
  <testcase classname="ptolemy.util.test.junit.AutoTests" name="[144] /home/travis/build/icyphy/ptII/ptolemy/domains/continuous/test/auto/TriggeredContinuousClock.xml (RunModel)" time="0.058" />
  <testcase classname="ptolemy.util.test.junit.AutoTests" name="[145] /home/travis/build/icyphy/ptII/ptolemy/domains/continuous/test/auto/TwoMachineInfiniteBusControl.xml (RunModel)" time="3.058" />
  <testcase classname="ptolemy.util.test.junit.AutoTests" name="[146] /home/travis/build/icyphy/ptII/ptolemy/domains/continuous/test/auto/V2V.xml (RunModel)" time="0.853" />
  <testcase classname="ptolemy.util.test.junit.AutoTests" name="[147] /home/travis/build/icyphy/ptII/ptolemy/domains/continuous/test/auto/hierarchicalModalModel.xml (RunModel)" time="0.036" />
  <testcase classname="ptolemy.util.test.junit.AutoTests" name="[148] /home/travis/build/icyphy/ptII/ptolemy/domains/continuous/test/auto/hierarchicalModalModel1.xml (RunModel)" time="0.03" />
  <testcase classname="ptolemy.util.test.junit.AutoTests" name="[149] /home/travis/build/icyphy/ptII/ptolemy/domains/continuous/test/auto/hierarchicalModalModel2.xml (RunModel)" time="0.028" />
  <testcase classname="ptolemy.util.test.junit.AutoTests" name="[150] /home/travis/build/icyphy/ptII/ptolemy/domains/continuous/test/auto/hierarchicalModalModel3.xml (RunModel)" time="0.029" />
  <testcase classname="ptolemy.util.test.junit.AutoTests" name="[151] /home/travis/build/icyphy/ptII/ptolemy/domains/continuous/test/auto/hierarchicalModalModel4.xml (RunModel)" time="0.026" />
  <testcase classname="ptolemy.util.test.junit.AutoTests" name="[152] /home/travis/build/icyphy/ptII/ptolemy/domains/continuous/test/auto/junk.xml (RunModel)" time="0.13" />
  <system-out><![CDATA[No tcl tests in /home/travis/build/icyphy/ptII/ptolemy/domains/continuous/test
No auto/knownFailedTests/*.xml tests in /home/travis/build/icyphy/ptII/ptolemy/domains/continuous/test
No auto/linux-amd64/*.xml tests in /home/travis/build/icyphy/ptII/ptolemy/domains/continuous/test
AutoTests.java: About to close Vertx.
AutoTests.java: Vertx closed.

===========================================================================================
----------------- testing Wed Aug 05 15:17:23 UTC 2020 /home/travis/build/icyphy/ptII/ptolemy/domains/continuous/test/auto/BouncingBall.xml
----------------- Instantiating /home/travis/build/icyphy/ptII/ptolemy/domains/continuous/test/auto/BouncingBall.xml
2586 ms. Memory: 155648K Free: 138211K (89%)
----------------- Invoking toplevel() on ptolemy.moml.MoMLSimpleApplication@3becbc9d
----------------- Done invoking toplevel() on ptolemy.moml.MoMLSimpleApplication@3becbc9d
reloadAllAccessors: .BouncingBall

===========================================================================================
----------------- testing Wed Aug 05 15:17:26 UTC 2020 /home/travis/build/icyphy/ptII/ptolemy/domains/continuous/test/auto/BouncingBallWithoutGR.xml
----------------- Instantiating /home/travis/build/icyphy/ptII/ptolemy/domains/continuous/test/auto/BouncingBallWithoutGR.xml
764 ms. Memory: 155648K Free: 136512K (88%)
----------------- Invoking toplevel() on ptolemy.moml.MoMLSimpleApplication@5c1e324d
----------------- Done invoking toplevel() on ptolemy.moml.MoMLSimpleApplication@5c1e324d
reloadAllAccessors: .BouncingBallWithoutGR

===========================================================================================
----------------- testing Wed Aug 05 15:17:27 UTC 2020 /home/travis/build/icyphy/ptII/ptolemy/domains/continuous/test/auto/Brownian.xml
----------------- Instantiating /home/travis/build/icyphy/ptII/ptolemy/domains/continuous/test/auto/Brownian.xml
17 ms. Memory: 155648K Free: 127806K (82%)
----------------- Invoking toplevel() on ptolemy.moml.MoMLSimpleApplication@7a14a3a7
----------------- Done invoking toplevel() on ptolemy.moml.MoMLSimpleApplication@7a14a3a7
reloadAllAccessors: .Brownian

===========================================================================================
----------------- testing Wed Aug 05 15:17:27 UTC 2020 /home/travis/build/icyphy/ptII/ptolemy/domains/continuous/test/auto/CarTracking.xml
----------------- Instantiating /home/travis/build/icyphy/ptII/ptolemy/domains/continuous/test/auto/CarTracking.xml
3690 ms. Memory: 225280K Free: 121411K (54%)
----------------- Invoking toplevel() on ptolemy.moml.MoMLSimpleApplication@5eb09f49
----------------- Done invoking toplevel() on ptolemy.moml.MoMLSimpleApplication@5eb09f49
reloadAllAccessors: .CarTracking

===========================================================================================
----------------- testing Wed Aug 05 15:17:32 UTC 2020 /home/travis/build/icyphy/ptII/ptolemy/domains/continuous/test/auto/CartPendulum.xml
----------------- Instantiating /home/travis/build/icyphy/ptII/ptolemy/domains/continuous/test/auto/CartPendulum.xml
334 ms. Memory: 225280K Free: 159140K (71%)
----------------- Invoking toplevel() on ptolemy.moml.MoMLSimpleApplication@59fbfbe0
----------------- Done invoking toplevel() on ptolemy.moml.MoMLSimpleApplication@59fbfbe0
reloadAllAccessors: .CartPendulum

===========================================================================================
----------------- testing Wed Aug 05 15:17:32 UTC 2020 /home/travis/build/icyphy/ptII/ptolemy/domains/continuous/test/auto/CausalityInterface10.xml
----------------- Instantiating /home/travis/build/icyphy/ptII/ptolemy/domains/continuous/test/auto/CausalityInterface10.xml
7 ms. Memory: 225280K Free: 148347K (66%)
----------------- Invoking toplevel() on ptolemy.moml.MoMLSimpleApplication@652fd9c3
----------------- Done invoking toplevel() on ptolemy.moml.MoMLSimpleApplication@652fd9c3
reloadAllAccessors: .CausalityInterface10

===========================================================================================
----------------- testing Wed Aug 05 15:17:32 UTC 2020 /home/travis/build/icyphy/ptII/ptolemy/domains/continuous/test/auto/CausalityInterface11.xml
----------------- Instantiating /home/travis/build/icyphy/ptII/ptolemy/domains/continuous/test/auto/CausalityInterface11.xml
8 ms. Memory: 225280K Free: 142205K (63%)
----------------- Invoking toplevel() on ptolemy.moml.MoMLSimpleApplication@2361e7e5
----------------- Done invoking toplevel() on ptolemy.moml.MoMLSimpleApplication@2361e7e5
reloadAllAccessors: .CausalityInterface11

===========================================================================================
----------------- testing Wed Aug 05 15:17:32 UTC 2020 /home/travis/build/icyphy/ptII/ptolemy/domains/continuous/test/auto/CausalityInterface12.xml
----------------- Instantiating /home/travis/build/icyphy/ptII/ptolemy/domains/continuous/test/auto/CausalityInterface12.xml
4 ms. Memory: 225280K Free: 136061K (60%)
----------------- Invoking toplevel() on ptolemy.moml.MoMLSimpleApplication@68957851
----------------- Done invoking toplevel() on ptolemy.moml.MoMLSimpleApplication@68957851
reloadAllAccessors: .CausalityInterface12

===========================================================================================
----------------- testing Wed Aug 05 15:17:32 UTC 2020 /home/travis/build/icyphy/ptII/ptolemy/domains/continuous/test/auto/CausalityInterface13.xml
----------------- Instantiating /home/travis/build/icyphy/ptII/ptolemy/domains/continuous/test/auto/CausalityInterface13.xml
6 ms. Memory: 225280K Free: 129917K (58%)
----------------- Invoking toplevel() on ptolemy.moml.MoMLSimpleApplication@764b26e0
----------------- Done invoking toplevel() on ptolemy.moml.MoMLSimpleApplication@764b26e0
reloadAllAccessors: .CausalityInterface13

===========================================================================================
----------------- testing Wed Aug 05 15:17:32 UTC 2020 /home/travis/build/icyphy/ptII/ptolemy/domains/continuous/test/auto/CausalityInterface14.xml
----------------- Instantiating /home/travis/build/icyphy/ptII/ptolemy/domains/continuous/test/auto/CausalityInterface14.xml
4 ms. Memory: 225280K Free: 124253K (55%)
----------------- Invoking toplevel() on ptolemy.moml.MoMLSimpleApplication@460cf588
----------------- Done invoking toplevel() on ptolemy.moml.MoMLSimpleApplication@460cf588
reloadAllAccessors: .CausalityInterface14

===========================================================================================
----------------- testing Wed Aug 05 15:17:32 UTC 2020 /home/travis/build/icyphy/ptII/ptolemy/domains/continuous/test/auto/CausalityInterface4.xml
----------------- Instantiating /home/travis/build/icyphy/ptII/ptolemy/domains/continuous/test/auto/CausalityInterface4.xml
6 ms. Memory: 225280K Free: 117629K (52%)
----------------- Invoking toplevel() on ptolemy.moml.MoMLSimpleApplication@5e0f83fb
----------------- Done invoking toplevel() on ptolemy.moml.MoMLSimpleApplication@5e0f83fb
reloadAllAccessors: .CausalityInterface4

===========================================================================================
----------------- testing Wed Aug 05 15:17:32 UTC 2020 /home/travis/build/icyphy/ptII/ptolemy/domains/continuous/test/auto/CausalityInterface5.xml
----------------- Instantiating /home/travis/build/icyphy/ptII/ptolemy/domains/continuous/test/auto/CausalityInterface5.xml
8 ms. Memory: 225280K Free: 109947K (49%)
----------------- Invoking toplevel() on ptolemy.moml.MoMLSimpleApplication@636b55f4
----------------- Done invoking toplevel() on ptolemy.moml.MoMLSimpleApplication@636b55f4
reloadAllAccessors: .CausalityInterface5

===========================================================================================
----------------- testing Wed Aug 05 15:17:32 UTC 2020 /home/travis/build/icyphy/ptII/ptolemy/domains/continuous/test/auto/CausalityInterface6.xml
----------------- Instantiating /home/travis/build/icyphy/ptII/ptolemy/domains/continuous/test/auto/CausalityInterface6.xml
6 ms. Memory: 225280K Free: 104317K (46%)
----------------- Invoking toplevel() on ptolemy.moml.MoMLSimpleApplication@22a63eec
----------------- Done invoking toplevel() on ptolemy.moml.MoMLSimpleApplication@22a63eec
reloadAllAccessors: .CausalityInterface6

===========================================================================================
----------------- testing Wed Aug 05 15:17:32 UTC 2020 /home/travis/build/icyphy/ptII/ptolemy/domains/continuous/test/auto/CausalityInterface7.xml
----------------- Instantiating /home/travis/build/icyphy/ptII/ptolemy/domains/continuous/test/auto/CausalityInterface7.xml
16 ms. Memory: 225280K Free: 95611K (42%)
----------------- Invoking toplevel() on ptolemy.moml.MoMLSimpleApplication@13d2e714
----------------- Done invoking toplevel() on ptolemy.moml.MoMLSimpleApplication@13d2e714
reloadAllAccessors: .CausalityInterface7

===========================================================================================
----------------- testing Wed Aug 05 15:17:32 UTC 2020 /home/travis/build/icyphy/ptII/ptolemy/domains/continuous/test/auto/CausalityInterface8.xml
----------------- Instantiating /home/travis/build/icyphy/ptII/ptolemy/domains/continuous/test/auto/CausalityInterface8.xml
7 ms. Memory: 225280K Free: 86909K (39%)
----------------- Invoking toplevel() on ptolemy.moml.MoMLSimpleApplication@51130935
----------------- Done invoking toplevel() on ptolemy.moml.MoMLSimpleApplication@51130935
reloadAllAccessors: .CausalityInterface8

===========================================================================================
----------------- testing Wed Aug 05 15:17:32 UTC 2020 /home/travis/build/icyphy/ptII/ptolemy/domains/continuous/test/auto/CausalityInterface9.xml
----------------- Instantiating /home/travis/build/icyphy/ptII/ptolemy/domains/continuous/test/auto/CausalityInterface9.xml
24 ms. Memory: 225280K Free: 209728K (93%)
----------------- Invoking toplevel() on ptolemy.moml.MoMLSimpleApplication@2d1defc
----------------- Done invoking toplevel() on ptolemy.moml.MoMLSimpleApplication@2d1defc
reloadAllAccessors: .CausalityInterface9

===========================================================================================
----------------- testing Wed Aug 05 15:17:33 UTC 2020 /home/travis/build/icyphy/ptII/ptolemy/domains/continuous/test/auto/CausalityInterfaceFeedback1.xml
----------------- Instantiating /home/travis/build/icyphy/ptII/ptolemy/domains/continuous/test/auto/CausalityInterfaceFeedback1.xml
5 ms. Memory: 225280K Free: 202593K (90%)
----------------- Invoking toplevel() on ptolemy.moml.MoMLSimpleApplication@550ece5d
----------------- Done invoking toplevel() on ptolemy.moml.MoMLSimpleApplication@550ece5d
reloadAllAccessors: .CausalityInterfaceFeedback1

===========================================================================================
----------------- testing Wed Aug 05 15:17:33 UTC 2020 /home/travis/build/icyphy/ptII/ptolemy/domains/continuous/test/auto/CausalityInterfaceFeedback2.xml
----------------- Instantiating /home/travis/build/icyphy/ptII/ptolemy/domains/continuous/test/auto/CausalityInterfaceFeedback2.xml
6 ms. Memory: 225280K Free: 195939K (87%)
----------------- Invoking toplevel() on ptolemy.moml.MoMLSimpleApplication@61f6e7df
----------------- Done invoking toplevel() on ptolemy.moml.MoMLSimpleApplication@61f6e7df
reloadAllAccessors: .CausalityInterfaceFeedback2

===========================================================================================
----------------- testing Wed Aug 05 15:17:33 UTC 2020 /home/travis/build/icyphy/ptII/ptolemy/domains/continuous/test/auto/CompareWithCurrentTime.xml
----------------- Instantiating /home/travis/build/icyphy/ptII/ptolemy/domains/continuous/test/auto/CompareWithCurrentTime.xml
7 ms. Memory: 225280K Free: 191843K (85%)
----------------- Invoking toplevel() on ptolemy.moml.MoMLSimpleApplication@5347199d
----------------- Done invoking toplevel() on ptolemy.moml.MoMLSimpleApplication@5347199d
reloadAllAccessors: .CompareWithCurrentTime

===========================================================================================
----------------- testing Wed Aug 05 15:17:33 UTC 2020 /home/travis/build/icyphy/ptII/ptolemy/domains/continuous/test/auto/ComparedClocks.xml
----------------- Instantiating /home/travis/build/icyphy/ptII/ptolemy/domains/continuous/test/auto/ComparedClocks.xml
13 ms. Memory: 225280K Free: 176979K (79%)
----------------- Invoking toplevel() on ptolemy.moml.MoMLSimpleApplication@7c58c4c0
----------------- Done invoking toplevel() on ptolemy.moml.MoMLSimpleApplication@7c58c4c0
reloadAllAccessors: .ComparedClocks

===========================================================================================
----------------- testing Wed Aug 05 15:17:33 UTC 2020 /home/travis/build/icyphy/ptII/ptolemy/domains/continuous/test/auto/ContinuousAOCClone.xml
----------------- Instantiating /home/travis/build/icyphy/ptII/ptolemy/domains/continuous/test/auto/ContinuousAOCClone.xml
2431 ms. Memory: 270336K Free: 249854K (92%)
----------------- Invoking toplevel() on ptolemy.moml.MoMLSimpleApplication@6f79c74d
----------------- Done invoking toplevel() on ptolemy.moml.MoMLSimpleApplication@6f79c74d
reloadAllAccessors: .ContinuousAOCClone

===========================================================================================
----------------- testing Wed Aug 05 15:17:35 UTC 2020 /home/travis/build/icyphy/ptII/ptolemy/domains/continuous/test/auto/ContinuousClock.xml
----------------- Instantiating /home/travis/build/icyphy/ptII/ptolemy/domains/continuous/test/auto/ContinuousClock.xml
28 ms. Memory: 270336K Free: 227840K (84%)
----------------- Invoking toplevel() on ptolemy.moml.MoMLSimpleApplication@3f626c15
----------------- Done invoking toplevel() on ptolemy.moml.MoMLSimpleApplication@3f626c15
reloadAllAccessors: .ContinuousClock

===========================================================================================
----------------- testing Wed Aug 05 15:17:35 UTC 2020 /home/travis/build/icyphy/ptII/ptolemy/domains/continuous/test/auto/ContinuousInContinuous.xml
----------------- Instantiating /home/travis/build/icyphy/ptII/ptolemy/domains/continuous/test/auto/ContinuousInContinuous.xml
48 ms. Memory: 270336K Free: 204791K (76%)
----------------- Invoking toplevel() on ptolemy.moml.MoMLSimpleApplication@19d90cf8
----------------- Done invoking toplevel() on ptolemy.moml.MoMLSimpleApplication@19d90cf8
reloadAllAccessors: .ContinuousInContinuous

===========================================================================================
----------------- testing Wed Aug 05 15:17:36 UTC 2020 /home/travis/build/icyphy/ptII/ptolemy/domains/continuous/test/auto/ContinuousInContinuousInContinuous.xml
----------------- Instantiating /home/travis/build/icyphy/ptII/ptolemy/domains/continuous/test/auto/ContinuousInContinuousInContinuous.xml
7 ms. Memory: 270336K Free: 197630K (73%)
----------------- Invoking toplevel() on ptolemy.moml.MoMLSimpleApplication@3a18d74c
----------------- Done invoking toplevel() on ptolemy.moml.MoMLSimpleApplication@3a18d74c
reloadAllAccessors: .ContinuousInContinuousInContinuous

===========================================================================================
----------------- testing Wed Aug 05 15:17:36 UTC 2020 /home/travis/build/icyphy/ptII/ptolemy/domains/continuous/test/auto/ContinuousInDE.xml
----------------- Instantiating /home/travis/build/icyphy/ptII/ptolemy/domains/continuous/test/auto/ContinuousInDE.xml
97 ms. Memory: 270336K Free: 187390K (69%)
----------------- Invoking toplevel() on ptolemy.moml.MoMLSimpleApplication@530ce92d
----------------- Done invoking toplevel() on ptolemy.moml.MoMLSimpleApplication@530ce92d
reloadAllAccessors: .ContinuousInDE

===========================================================================================
----------------- testing Wed Aug 05 15:17:36 UTC 2020 /home/travis/build/icyphy/ptII/ptolemy/domains/continuous/test/auto/ContinuousInDE2.xml
----------------- Instantiating /home/travis/build/icyphy/ptII/ptolemy/domains/continuous/test/auto/ContinuousInDE2.xml
38 ms. Memory: 270336K Free: 177664K (66%)
----------------- Invoking toplevel() on ptolemy.moml.MoMLSimpleApplication@1f477f31
----------------- Done invoking toplevel() on ptolemy.moml.MoMLSimpleApplication@1f477f31
reloadAllAccessors: .ContinuousInDE2

===========================================================================================
----------------- testing Wed Aug 05 15:17:36 UTC 2020 /home/travis/build/icyphy/ptII/ptolemy/domains/continuous/test/auto/ContinuousInDE3.xml
----------------- Instantiating /home/travis/build/icyphy/ptII/ptolemy/domains/continuous/test/auto/ContinuousInDE3.xml
37 ms. Memory: 270336K Free: 167934K (62%)
----------------- Invoking toplevel() on ptolemy.moml.MoMLSimpleApplication@3c762abf
----------------- Done invoking toplevel() on ptolemy.moml.MoMLSimpleApplication@3c762abf
reloadAllAccessors: .ContinuousInDE3

===========================================================================================
----------------- testing Wed Aug 05 15:17:36 UTC 2020 /home/travis/build/icyphy/ptII/ptolemy/domains/continuous/test/auto/ContinuousInDE4.xml
----------------- Instantiating /home/travis/build/icyphy/ptII/ptolemy/domains/continuous/test/auto/ContinuousInDE4.xml
13 ms. Memory: 270336K Free: 161790K (60%)
----------------- Invoking toplevel() on ptolemy.moml.MoMLSimpleApplication@7908c920
----------------- Done invoking toplevel() on ptolemy.moml.MoMLSimpleApplication@7908c920
reloadAllAccessors: .ContinuousInDE4

===========================================================================================
----------------- testing Wed Aug 05 15:17:36 UTC 2020 /home/travis/build/icyphy/ptII/ptolemy/domains/continuous/test/auto/ContinuousInDEDifferentRefinements.xml
----------------- Instantiating /home/travis/build/icyphy/ptII/ptolemy/domains/continuous/test/auto/ContinuousInDEDifferentRefinements.xml
61 ms. Memory: 270336K Free: 130560K (48%)
----------------- Invoking toplevel() on ptolemy.moml.MoMLSimpleApplication@1b5b39ef
----------------- Done invoking toplevel() on ptolemy.moml.MoMLSimpleApplication@1b5b39ef
reloadAllAccessors: .ContinuousInDEDifferentRefinements

===========================================================================================
----------------- testing Wed Aug 05 15:17:36 UTC 2020 /home/travis/build/icyphy/ptII/ptolemy/domains/continuous/test/auto/ContinuousInDEDifferentRefinementsPreemptive.xml
----------------- Instantiating /home/travis/build/icyphy/ptII/ptolemy/domains/continuous/test/auto/ContinuousInDEDifferentRefinementsPreemptive.xml
51 ms. Memory: 270336K Free: 100319K (37%)
----------------- Invoking toplevel() on ptolemy.moml.MoMLSimpleApplication@6d88e861
----------------- Done invoking toplevel() on ptolemy.moml.MoMLSimpleApplication@6d88e861
reloadAllAccessors: .ContinuousInDEDifferentRefinementsPreemptive

===========================================================================================
----------------- testing Wed Aug 05 15:17:36 UTC 2020 /home/travis/build/icyphy/ptII/ptolemy/domains/continuous/test/auto/ContinuousInDEInContinuous2.xml
----------------- Instantiating /home/travis/build/icyphy/ptII/ptolemy/domains/continuous/test/auto/ContinuousInDEInContinuous2.xml
41 ms. Memory: 270336K Free: 248825K (92%)
----------------- Invoking toplevel() on ptolemy.moml.MoMLSimpleApplication@190d3875
----------------- Done invoking toplevel() on ptolemy.moml.MoMLSimpleApplication@190d3875
reloadAllAccessors: .ContinuousInDEInContinuous2

===========================================================================================
----------------- testing Wed Aug 05 15:17:36 UTC 2020 /home/travis/build/icyphy/ptII/ptolemy/domains/continuous/test/auto/ContinuousInDEInContinuous3.xml
----------------- Instantiating /home/travis/build/icyphy/ptII/ptolemy/domains/continuous/test/auto/ContinuousInDEInContinuous3.xml
33 ms. Memory: 270336K Free: 236537K (87%)
----------------- Invoking toplevel() on ptolemy.moml.MoMLSimpleApplication@1f17d895
----------------- Done invoking toplevel() on ptolemy.moml.MoMLSimpleApplication@1f17d895
reloadAllAccessors: .ContinuousInDEInContinuous3

===========================================================================================
----------------- testing Wed Aug 05 15:17:36 UTC 2020 /home/travis/build/icyphy/ptII/ptolemy/domains/continuous/test/auto/ContinuousInDEInput.xml
----------------- Instantiating /home/travis/build/icyphy/ptII/ptolemy/domains/continuous/test/auto/ContinuousInDEInput.xml
14 ms. Memory: 270336K Free: 229369K (85%)
----------------- Invoking toplevel() on ptolemy.moml.MoMLSimpleApplication@665f2356
----------------- Done invoking toplevel() on ptolemy.moml.MoMLSimpleApplication@665f2356
reloadAllAccessors: .ContinuousInDEInput

===========================================================================================
----------------- testing Wed Aug 05 15:17:36 UTC 2020 /home/travis/build/icyphy/ptII/ptolemy/domains/continuous/test/auto/ContinuousInDEInput2.xml
----------------- Instantiating /home/travis/build/icyphy/ptII/ptolemy/domains/continuous/test/auto/ContinuousInDEInput2.xml
13 ms. Memory: 270336K Free: 222201K (82%)
----------------- Invoking toplevel() on ptolemy.moml.MoMLSimpleApplication@10f92088
----------------- Done invoking toplevel() on ptolemy.moml.MoMLSimpleApplication@10f92088
reloadAllAccessors: .ContinuousInDEInput2

===========================================================================================
----------------- testing Wed Aug 05 15:17:36 UTC 2020 /home/travis/build/icyphy/ptII/ptolemy/domains/continuous/test/auto/ContinuousInDEInput3.xml
----------------- Instantiating /home/travis/build/icyphy/ptII/ptolemy/domains/continuous/test/auto/ContinuousInDEInput3.xml
11 ms. Memory: 270336K Free: 215033K (80%)
----------------- Invoking toplevel() on ptolemy.moml.MoMLSimpleApplication@6dbb19ed
----------------- Done invoking toplevel() on ptolemy.moml.MoMLSimpleApplication@6dbb19ed
reloadAllAccessors: .ContinuousInDEInput3

===========================================================================================
----------------- testing Wed Aug 05 15:17:36 UTC 2020 /home/travis/build/icyphy/ptII/ptolemy/domains/continuous/test/auto/ContinuousInDESharingRefinement.xml
----------------- Instantiating /home/travis/build/icyphy/ptII/ptolemy/domains/continuous/test/auto/ContinuousInDESharingRefinement.xml
137 ms. Memory: 270336K Free: 120811K (45%)
----------------- Invoking toplevel() on ptolemy.moml.MoMLSimpleApplication@6fb33702
----------------- Done invoking toplevel() on ptolemy.moml.MoMLSimpleApplication@6fb33702
reloadAllAccessors: .ContinuousInDESharingRefinement

===========================================================================================
----------------- testing Wed Aug 05 15:17:36 UTC 2020 /home/travis/build/icyphy/ptII/ptolemy/domains/continuous/test/auto/ContinuousInDEwithNoPorts.xml
----------------- Instantiating /home/travis/build/icyphy/ptII/ptolemy/domains/continuous/test/auto/ContinuousInDEwithNoPorts.xml
5 ms. Memory: 270336K Free: 116715K (43%)
----------------- Invoking toplevel() on ptolemy.moml.MoMLSimpleApplication@8dab018
----------------- Done invoking toplevel() on ptolemy.moml.MoMLSimpleApplication@8dab018
reloadAllAccessors: .ContinuousInDEwithNoPorts

===========================================================================================
----------------- testing Wed Aug 05 15:17:37 UTC 2020 /home/travis/build/icyphy/ptII/ptolemy/domains/continuous/test/auto/ContinuousInsideDE.xml
----------------- Instantiating /home/travis/build/icyphy/ptII/ptolemy/domains/continuous/test/auto/ContinuousInsideDE.xml
34 ms. Memory: 270336K Free: 105465K (39%)
----------------- Invoking toplevel() on ptolemy.moml.MoMLSimpleApplication@39fcc102
----------------- Done invoking toplevel() on ptolemy.moml.MoMLSimpleApplication@39fcc102
reloadAllAccessors: .ContinuousInsideDE

===========================================================================================
----------------- testing Wed Aug 05 15:17:37 UTC 2020 /home/travis/build/icyphy/ptII/ptolemy/domains/continuous/test/auto/ContinuousMerge1.xml
----------------- Instantiating /home/travis/build/icyphy/ptII/ptolemy/domains/continuous/test/auto/ContinuousMerge1.xml
3 ms. Memory: 270336K Free: 100859K (37%)
----------------- Invoking toplevel() on ptolemy.moml.MoMLSimpleApplication@58c35cc6
----------------- Done invoking toplevel() on ptolemy.moml.MoMLSimpleApplication@58c35cc6
reloadAllAccessors: .ContinuousMerge1

===========================================================================================
----------------- testing Wed Aug 05 15:17:37 UTC 2020 /home/travis/build/icyphy/ptII/ptolemy/domains/continuous/test/auto/ContinuousMerge2.xml
----------------- Instantiating /home/travis/build/icyphy/ptII/ptolemy/domains/continuous/test/auto/ContinuousMerge2.xml
23 ms. Memory: 270336K Free: 250849K (93%)
----------------- Invoking toplevel() on ptolemy.moml.MoMLSimpleApplication@58f696d8
----------------- Done invoking toplevel() on ptolemy.moml.MoMLSimpleApplication@58f696d8
reloadAllAccessors: .ContinuousMerge2

===========================================================================================
----------------- testing Wed Aug 05 15:17:37 UTC 2020 /home/travis/build/icyphy/ptII/ptolemy/domains/continuous/test/auto/ContinuousMerge3.xml
----------------- Instantiating /home/travis/build/icyphy/ptII/ptolemy/domains/continuous/test/auto/ContinuousMerge3.xml
41 ms. Memory: 270336K Free: 240095K (89%)
----------------- Invoking toplevel() on ptolemy.moml.MoMLSimpleApplication@8001a93
----------------- Done invoking toplevel() on ptolemy.moml.MoMLSimpleApplication@8001a93
reloadAllAccessors: .ContinuousMerge3

===========================================================================================
----------------- testing Wed Aug 05 15:17:37 UTC 2020 /home/travis/build/icyphy/ptII/ptolemy/domains/continuous/test/auto/ContinuousWithinContinuous.xml
----------------- Instantiating /home/travis/build/icyphy/ptII/ptolemy/domains/continuous/test/auto/ContinuousWithinContinuous.xml
28 ms. Memory: 270336K Free: 230879K (85%)
----------------- Invoking toplevel() on ptolemy.moml.MoMLSimpleApplication@e0c8f0
----------------- Done invoking toplevel() on ptolemy.moml.MoMLSimpleApplication@e0c8f0
reloadAllAccessors: .ContinuousWithinContinuous

===========================================================================================
----------------- testing Wed Aug 05 15:17:37 UTC 2020 /home/travis/build/icyphy/ptII/ptolemy/domains/continuous/test/auto/ContinuousWithinContinuous2.xml
----------------- Instantiating /home/travis/build/icyphy/ptII/ptolemy/domains/continuous/test/auto/ContinuousWithinContinuous2.xml
66 ms. Memory: 270336K Free: 219615K (81%)
----------------- Invoking toplevel() on ptolemy.moml.MoMLSimpleApplication@6f443753
----------------- Done invoking toplevel() on ptolemy.moml.MoMLSimpleApplication@6f443753
reloadAllAccessors: .ContinuousWithinContinuous2

===========================================================================================
----------------- testing Wed Aug 05 15:17:37 UTC 2020 /home/travis/build/icyphy/ptII/ptolemy/domains/continuous/test/auto/ContinuousWithinContinuous3.xml
----------------- Instantiating /home/travis/build/icyphy/ptII/ptolemy/domains/continuous/test/auto/ContinuousWithinContinuous3.xml
14 ms. Memory: 270336K Free: 212447K (79%)
----------------- Invoking toplevel() on ptolemy.moml.MoMLSimpleApplication@267b5ad2
----------------- Done invoking toplevel() on ptolemy.moml.MoMLSimpleApplication@267b5ad2
reloadAllAccessors: .ContinuousWithinContinuous3

===========================================================================================
----------------- testing Wed Aug 05 15:17:37 UTC 2020 /home/travis/build/icyphy/ptII/ptolemy/domains/continuous/test/auto/ContinuousWithinContinuous4.xml
----------------- Instantiating /home/travis/build/icyphy/ptII/ptolemy/domains/continuous/test/auto/ContinuousWithinContinuous4.xml
62 ms. Memory: 270336K Free: 200159K (74%)
----------------- Invoking toplevel() on ptolemy.moml.MoMLSimpleApplication@62f7810a
----------------- Done invoking toplevel() on ptolemy.moml.MoMLSimpleApplication@62f7810a
reloadAllAccessors: .ContinuousWithinContinuous4

===========================================================================================
----------------- testing Wed Aug 05 15:17:37 UTC 2020 /home/travis/build/icyphy/ptII/ptolemy/domains/continuous/test/auto/ContinuousWithinContinuous5.xml
----------------- Instantiating /home/travis/build/icyphy/ptII/ptolemy/domains/continuous/test/auto/ContinuousWithinContinuous5.xml
13 ms. Memory: 270336K Free: 192991K (71%)
----------------- Invoking toplevel() on ptolemy.moml.MoMLSimpleApplication@287e6f6e
----------------- Done invoking toplevel() on ptolemy.moml.MoMLSimpleApplication@287e6f6e
reloadAllAccessors: .ContinuousWithinContinuous5

===========================================================================================
----------------- testing Wed Aug 05 15:17:37 UTC 2020 /home/travis/build/icyphy/ptII/ptolemy/domains/continuous/test/auto/ContinuousWithinContinuous6.xml
----------------- Instantiating /home/travis/build/icyphy/ptII/ptolemy/domains/continuous/test/auto/ContinuousWithinContinuous6.xml
10 ms. Memory: 270336K Free: 185823K (69%)
----------------- Invoking toplevel() on ptolemy.moml.MoMLSimpleApplication@34c1f8e7
----------------- Done invoking toplevel() on ptolemy.moml.MoMLSimpleApplication@34c1f8e7
reloadAllAccessors: .ContinuousWithinContinuous6

===========================================================================================
----------------- testing Wed Aug 05 15:17:37 UTC 2020 /home/travis/build/icyphy/ptII/ptolemy/domains/continuous/test/auto/ContinuousWithinContinuous7.xml
----------------- Instantiating /home/travis/build/icyphy/ptII/ptolemy/domains/continuous/test/auto/ContinuousWithinContinuous7.xml
46 ms. Memory: 270336K Free: 174559K (65%)
----------------- Invoking toplevel() on ptolemy.moml.MoMLSimpleApplication@2426a3aa
----------------- Done invoking toplevel() on ptolemy.moml.MoMLSimpleApplication@2426a3aa
reloadAllAccessors: .ContinuousWithinContinuous7

===========================================================================================
----------------- testing Wed Aug 05 15:17:37 UTC 2020 /home/travis/build/icyphy/ptII/ptolemy/domains/continuous/test/auto/DCMotor.xml
----------------- Instantiating /home/travis/build/icyphy/ptII/ptolemy/domains/continuous/test/auto/DCMotor.xml
13549 ms. Memory: 270336K Free: 94333K (35%)
----------------- Invoking toplevel() on ptolemy.moml.MoMLSimpleApplication@59fddc7a
----------------- Done invoking toplevel() on ptolemy.moml.MoMLSimpleApplication@59fddc7a
reloadAllAccessors: .DCMotor

===========================================================================================
----------------- testing Wed Aug 05 15:17:51 UTC 2020 /home/travis/build/icyphy/ptII/ptolemy/domains/continuous/test/auto/DEInContinuous.xml
----------------- Instantiating /home/travis/build/icyphy/ptII/ptolemy/domains/continuous/test/auto/DEInContinuous.xml
27 ms. Memory: 270336K Free: 248968K (92%)
----------------- Invoking toplevel() on ptolemy.moml.MoMLSimpleApplication@391761fa
----------------- Done invoking toplevel() on ptolemy.moml.MoMLSimpleApplication@391761fa
reloadAllAccessors: .DEInContinuous

===========================================================================================
----------------- testing Wed Aug 05 15:17:51 UTC 2020 /home/travis/build/icyphy/ptII/ptolemy/domains/continuous/test/auto/DEinContinuous2.xml
----------------- Instantiating /home/travis/build/icyphy/ptII/ptolemy/domains/continuous/test/auto/DEinContinuous2.xml
8 ms. Memory: 270336K Free: 241290K (89%)
----------------- Invoking toplevel() on ptolemy.moml.MoMLSimpleApplication@226a7261
----------------- Done invoking toplevel() on ptolemy.moml.MoMLSimpleApplication@226a7261
reloadAllAccessors: .DEinContinuous2

===========================================================================================
----------------- testing Wed Aug 05 15:17:51 UTC 2020 /home/travis/build/icyphy/ptII/ptolemy/domains/continuous/test/auto/Derivative.xml
----------------- Instantiating /home/travis/build/icyphy/ptII/ptolemy/domains/continuous/test/auto/Derivative.xml
178 ms. Memory: 270336K Free: 211594K (78%)
----------------- Invoking toplevel() on ptolemy.moml.MoMLSimpleApplication@1b067998
----------------- Done invoking toplevel() on ptolemy.moml.MoMLSimpleApplication@1b067998
reloadAllAccessors: .Derivative2

===========================================================================================
----------------- testing Wed Aug 05 15:17:51 UTC 2020 /home/travis/build/icyphy/ptII/ptolemy/domains/continuous/test/auto/Derivative1.xml
----------------- Instantiating /home/travis/build/icyphy/ptII/ptolemy/domains/continuous/test/auto/Derivative1.xml
24 ms. Memory: 270336K Free: 197258K (73%)
----------------- Invoking toplevel() on ptolemy.moml.MoMLSimpleApplication@59bc4f23
----------------- Done invoking toplevel() on ptolemy.moml.MoMLSimpleApplication@59bc4f23
reloadAllAccessors: .Derivative1

===========================================================================================
----------------- testing Wed Aug 05 15:17:51 UTC 2020 /home/travis/build/icyphy/ptII/ptolemy/domains/continuous/test/auto/DiscreteClock.xml
----------------- Instantiating /home/travis/build/icyphy/ptII/ptolemy/domains/continuous/test/auto/DiscreteClock.xml
5 ms. Memory: 270336K Free: 192138K (71%)
----------------- Invoking toplevel() on ptolemy.moml.MoMLSimpleApplication@628d178e
----------------- Done invoking toplevel() on ptolemy.moml.MoMLSimpleApplication@628d178e
reloadAllAccessors: .DiscreteClock

===========================================================================================
----------------- testing Wed Aug 05 15:17:51 UTC 2020 /home/travis/build/icyphy/ptII/ptolemy/domains/continuous/test/auto/EfficiencyCurve.xml
----------------- Instantiating /home/travis/build/icyphy/ptII/ptolemy/domains/continuous/test/auto/EfficiencyCurve.xml
67 ms. Memory: 270336K Free: 182922K (68%)
----------------- Invoking toplevel() on ptolemy.moml.MoMLSimpleApplication@78c76ef9
----------------- Done invoking toplevel() on ptolemy.moml.MoMLSimpleApplication@78c76ef9
reloadAllAccessors: .EfficiencyCurve

===========================================================================================
----------------- testing Wed Aug 05 15:17:51 UTC 2020 /home/travis/build/icyphy/ptII/ptolemy/domains/continuous/test/auto/ExponentialResponse.xml
----------------- Instantiating /home/travis/build/icyphy/ptII/ptolemy/domains/continuous/test/auto/ExponentialResponse.xml
130 ms. Memory: 270336K Free: 167048K (62%)
----------------- Invoking toplevel() on ptolemy.moml.MoMLSimpleApplication@591d87f9
----------------- Done invoking toplevel() on ptolemy.moml.MoMLSimpleApplication@591d87f9
reloadAllAccessors: .ExponentialResponse

===========================================================================================
----------------- testing Wed Aug 05 15:17:51 UTC 2020 /home/travis/build/icyphy/ptII/ptolemy/domains/continuous/test/auto/ExponentialResponseRK45.xml
----------------- Instantiating /home/travis/build/icyphy/ptII/ptolemy/domains/continuous/test/auto/ExponentialResponseRK45.xml
32 ms. Memory: 270336K Free: 160394K (59%)
----------------- Invoking toplevel() on ptolemy.moml.MoMLSimpleApplication@10305f74
----------------- Done invoking toplevel() on ptolemy.moml.MoMLSimpleApplication@10305f74
reloadAllAccessors: .ExponentialResponseRK45

===========================================================================================
----------------- testing Wed Aug 05 15:17:51 UTC 2020 /home/travis/build/icyphy/ptII/ptolemy/domains/continuous/test/auto/Friction.xml
----------------- Instantiating /home/travis/build/icyphy/ptII/ptolemy/domains/continuous/test/auto/Friction.xml
1563 ms. Memory: 270336K Free: 213952K (79%)
----------------- Invoking toplevel() on ptolemy.moml.MoMLSimpleApplication@35c10c09
----------------- Done invoking toplevel() on ptolemy.moml.MoMLSimpleApplication@35c10c09
reloadAllAccessors: .Friction

===========================================================================================
----------------- testing Wed Aug 05 15:17:53 UTC 2020 /home/travis/build/icyphy/ptII/ptolemy/domains/continuous/test/auto/FurutaPendulum.xml
----------------- Instantiating /home/travis/build/icyphy/ptII/ptolemy/domains/continuous/test/auto/FurutaPendulum.xml
3413 ms. Memory: 270336K Free: 171523K (63%)
----------------- Invoking toplevel() on ptolemy.moml.MoMLSimpleApplication@a012f36
----------------- Done invoking toplevel() on ptolemy.moml.MoMLSimpleApplication@a012f36
reloadAllAccessors: .FurutaPendulum

===========================================================================================
----------------- testing Wed Aug 05 15:17:57 UTC 2020 /home/travis/build/icyphy/ptII/ptolemy/domains/continuous/test/auto/HierarchicalExecution.xml
----------------- Instantiating /home/travis/build/icyphy/ptII/ptolemy/domains/continuous/test/auto/HierarchicalExecution.xml
1838 ms. Memory: 270336K Free: 198788K (74%)
----------------- Invoking toplevel() on ptolemy.moml.MoMLSimpleApplication@6deed6f1
----------------- Done invoking toplevel() on ptolemy.moml.MoMLSimpleApplication@6deed6f1
reloadAllAccessors: .HierarchicalExecution

===========================================================================================
----------------- testing Wed Aug 05 15:17:59 UTC 2020 /home/travis/build/icyphy/ptII/ptolemy/domains/continuous/test/auto/HybridPlant.xml
----------------- Instantiating /home/travis/build/icyphy/ptII/ptolemy/domains/continuous/test/auto/HybridPlant.xml
492 ms. Memory: 270336K Free: 93820K (35%)
----------------- Invoking toplevel() on ptolemy.moml.MoMLSimpleApplication@2fd7d6a4
----------------- Done invoking toplevel() on ptolemy.moml.MoMLSimpleApplication@2fd7d6a4
reloadAllAccessors: .HybridPlant

===========================================================================================
----------------- testing Wed Aug 05 15:18:00 UTC 2020 /home/travis/build/icyphy/ptII/ptolemy/domains/continuous/test/auto/Hysteresis.xml
----------------- Instantiating /home/travis/build/icyphy/ptII/ptolemy/domains/continuous/test/auto/Hysteresis.xml
138 ms. Memory: 270336K Free: 191595K (71%)
----------------- Invoking toplevel() on ptolemy.moml.MoMLSimpleApplication@4d0d23e3
----------------- Done invoking toplevel() on ptolemy.moml.MoMLSimpleApplication@4d0d23e3
reloadAllAccessors: .Hysteresis

===========================================================================================
----------------- testing Wed Aug 05 15:18:00 UTC 2020 /home/travis/build/icyphy/ptII/ptolemy/domains/continuous/test/auto/HysteresisWithRandomDelay.xml
----------------- Instantiating /home/travis/build/icyphy/ptII/ptolemy/domains/continuous/test/auto/HysteresisWithRandomDelay.xml
172 ms. Memory: 270336K Free: 120443K (45%)
----------------- Invoking toplevel() on ptolemy.moml.MoMLSimpleApplication@61d85d8d
----------------- Done invoking toplevel() on ptolemy.moml.MoMLSimpleApplication@61d85d8d
reloadAllAccessors: .HysteresisWithRandomDelay

===========================================================================================
----------------- testing Wed Aug 05 15:18:00 UTC 2020 /home/travis/build/icyphy/ptII/ptolemy/domains/continuous/test/auto/HysteresisWithRandomLosses.xml
----------------- Instantiating /home/travis/build/icyphy/ptII/ptolemy/domains/continuous/test/auto/HysteresisWithRandomLosses.xml
2276 ms. Memory: 270336K Free: 177457K (66%)
----------------- Invoking toplevel() on ptolemy.moml.MoMLSimpleApplication@6694b28
----------------- Done invoking toplevel() on ptolemy.moml.MoMLSimpleApplication@6694b28
reloadAllAccessors: .HysteresisWithRandomLosses

===========================================================================================
----------------- testing Wed Aug 05 15:18:03 UTC 2020 /home/travis/build/icyphy/ptII/ptolemy/domains/continuous/test/auto/ImmediateTransitions.xml
----------------- Instantiating /home/travis/build/icyphy/ptII/ptolemy/domains/continuous/test/auto/ImmediateTransitions.xml
10 ms. Memory: 270336K Free: 166673K (62%)
----------------- Invoking toplevel() on ptolemy.moml.MoMLSimpleApplication@8f3b433
----------------- Done invoking toplevel() on ptolemy.moml.MoMLSimpleApplication@8f3b433
reloadAllAccessors: .ImmediateTransitions

===========================================================================================
----------------- testing Wed Aug 05 15:18:03 UTC 2020 /home/travis/build/icyphy/ptII/ptolemy/domains/continuous/test/auto/ImpulseFeedback.xml
----------------- Instantiating /home/travis/build/icyphy/ptII/ptolemy/domains/continuous/test/auto/ImpulseFeedback.xml
7 ms. Memory: 270336K Free: 161073K (60%)
----------------- Invoking toplevel() on ptolemy.moml.MoMLSimpleApplication@594b8697
----------------- Done invoking toplevel() on ptolemy.moml.MoMLSimpleApplication@594b8697
reloadAllAccessors: .ImpulseFeedback

===========================================================================================
----------------- testing Wed Aug 05 15:18:03 UTC 2020 /home/travis/build/icyphy/ptII/ptolemy/domains/continuous/test/auto/ImpulseFeedback2.xml
----------------- Instantiating /home/travis/build/icyphy/ptII/ptolemy/domains/continuous/test/auto/ImpulseFeedback2.xml
6 ms. Memory: 270336K Free: 155439K (57%)
----------------- Invoking toplevel() on ptolemy.moml.MoMLSimpleApplication@249344b3
----------------- Done invoking toplevel() on ptolemy.moml.MoMLSimpleApplication@249344b3
reloadAllAccessors: .ImpulseFeedback2

===========================================================================================
----------------- testing Wed Aug 05 15:18:03 UTC 2020 /home/travis/build/icyphy/ptII/ptolemy/domains/continuous/test/auto/IncreasingRatePoisson.xml
----------------- Instantiating /home/travis/build/icyphy/ptII/ptolemy/domains/continuous/test/auto/IncreasingRatePoisson.xml
700 ms. Memory: 270336K Free: 163734K (61%)
----------------- Invoking toplevel() on ptolemy.moml.MoMLSimpleApplication@2f586197
----------------- Done invoking toplevel() on ptolemy.moml.MoMLSimpleApplication@2f586197
reloadAllAccessors: .IncreasingRatePoisson

===========================================================================================
----------------- testing Wed Aug 05 15:18:03 UTC 2020 /home/travis/build/icyphy/ptII/ptolemy/domains/continuous/test/auto/InitialStateFeedback.xml
----------------- Instantiating /home/travis/build/icyphy/ptII/ptolemy/domains/continuous/test/auto/InitialStateFeedback.xml
4 ms. Memory: 270336K Free: 159124K (59%)
----------------- Invoking toplevel() on ptolemy.moml.MoMLSimpleApplication@70bc4b8e
----------------- Done invoking toplevel() on ptolemy.moml.MoMLSimpleApplication@70bc4b8e
reloadAllAccessors: .InitialStateFeedback

===========================================================================================
----------------- testing Wed Aug 05 15:18:03 UTC 2020 /home/travis/build/icyphy/ptII/ptolemy/domains/continuous/test/auto/Integration.xml
----------------- Instantiating /home/travis/build/icyphy/ptII/ptolemy/domains/continuous/test/auto/Integration.xml
2 ms. Memory: 270336K Free: 155028K (57%)
----------------- Invoking toplevel() on ptolemy.moml.MoMLSimpleApplication@292078f9
----------------- Done invoking toplevel() on ptolemy.moml.MoMLSimpleApplication@292078f9
reloadAllAccessors: .Integration

===========================================================================================
----------------- testing Wed Aug 05 15:18:03 UTC 2020 /home/travis/build/icyphy/ptII/ptolemy/domains/continuous/test/auto/Integration2.xml
----------------- Instantiating /home/travis/build/icyphy/ptII/ptolemy/domains/continuous/test/auto/Integration2.xml
78 ms. Memory: 270336K Free: 140692K (52%)
----------------- Invoking toplevel() on ptolemy.moml.MoMLSimpleApplication@6c381920
----------------- Done invoking toplevel() on ptolemy.moml.MoMLSimpleApplication@6c381920
reloadAllAccessors: .Integration2

===========================================================================================
----------------- testing Wed Aug 05 15:18:04 UTC 2020 /home/travis/build/icyphy/ptII/ptolemy/domains/continuous/test/auto/Integration3.xml
----------------- Instantiating /home/travis/build/icyphy/ptII/ptolemy/domains/continuous/test/auto/Integration3.xml
2 ms. Memory: 270336K Free: 136086K (50%)
----------------- Invoking toplevel() on ptolemy.moml.MoMLSimpleApplication@594db8bf
----------------- Done invoking toplevel() on ptolemy.moml.MoMLSimpleApplication@594db8bf
reloadAllAccessors: .Integration3

===========================================================================================
----------------- testing Wed Aug 05 15:18:04 UTC 2020 /home/travis/build/icyphy/ptII/ptolemy/domains/continuous/test/auto/Integration5.xml
----------------- Instantiating /home/travis/build/icyphy/ptII/ptolemy/domains/continuous/test/auto/Integration5.xml
2 ms. Memory: 270336K Free: 131990K (49%)
----------------- Invoking toplevel() on ptolemy.moml.MoMLSimpleApplication@5d95b44c
----------------- Done invoking toplevel() on ptolemy.moml.MoMLSimpleApplication@5d95b44c
reloadAllAccessors: .Integration5

===========================================================================================
----------------- testing Wed Aug 05 15:18:04 UTC 2020 /home/travis/build/icyphy/ptII/ptolemy/domains/continuous/test/auto/IntegratorImpulse.xml
----------------- Instantiating /home/travis/build/icyphy/ptII/ptolemy/domains/continuous/test/auto/IntegratorImpulse.xml
7 ms. Memory: 270336K Free: 127894K (47%)
----------------- Invoking toplevel() on ptolemy.moml.MoMLSimpleApplication@6755fabd
----------------- Done invoking toplevel() on ptolemy.moml.MoMLSimpleApplication@6755fabd
reloadAllAccessors: .IntegratorImpulse

===========================================================================================
----------------- testing Wed Aug 05 15:18:04 UTC 2020 /home/travis/build/icyphy/ptII/ptolemy/domains/continuous/test/auto/IntegratorImpulse2.xml
----------------- Instantiating /home/travis/build/icyphy/ptII/ptolemy/domains/continuous/test/auto/IntegratorImpulse2.xml
4 ms. Memory: 270336K Free: 123254K (46%)
----------------- Invoking toplevel() on ptolemy.moml.MoMLSimpleApplication@b53635e
----------------- Done invoking toplevel() on ptolemy.moml.MoMLSimpleApplication@b53635e
reloadAllAccessors: .IntegratorImpulse2

===========================================================================================
----------------- testing Wed Aug 05 15:18:04 UTC 2020 /home/travis/build/icyphy/ptII/ptolemy/domains/continuous/test/auto/LevelCrossing1.xml
----------------- Instantiating /home/travis/build/icyphy/ptII/ptolemy/domains/continuous/test/auto/LevelCrossing1.xml
3 ms. Memory: 270336K Free: 118150K (44%)
----------------- Invoking toplevel() on ptolemy.moml.MoMLSimpleApplication@3fb35b80
----------------- Done invoking toplevel() on ptolemy.moml.MoMLSimpleApplication@3fb35b80
reloadAllAccessors: .LevelCrossing1

===========================================================================================
----------------- testing Wed Aug 05 15:18:04 UTC 2020 /home/travis/build/icyphy/ptII/ptolemy/domains/continuous/test/auto/LevelCrossing2.xml
----------------- Instantiating /home/travis/build/icyphy/ptII/ptolemy/domains/continuous/test/auto/LevelCrossing2.xml
3 ms. Memory: 270336K Free: 113044K (42%)
----------------- Invoking toplevel() on ptolemy.moml.MoMLSimpleApplication@31e3798a
----------------- Done invoking toplevel() on ptolemy.moml.MoMLSimpleApplication@31e3798a
reloadAllAccessors: .LevelCrossing2

===========================================================================================
----------------- testing Wed Aug 05 15:18:04 UTC 2020 /home/travis/build/icyphy/ptII/ptolemy/domains/continuous/test/auto/LevelCrossing3.xml
----------------- Instantiating /home/travis/build/icyphy/ptII/ptolemy/domains/continuous/test/auto/LevelCrossing3.xml
2 ms. Memory: 270336K Free: 107924K (40%)
----------------- Invoking toplevel() on ptolemy.moml.MoMLSimpleApplication@2875b98b
----------------- Done invoking toplevel() on ptolemy.moml.MoMLSimpleApplication@2875b98b
reloadAllAccessors: .LevelCrossing3

===========================================================================================
----------------- testing Wed Aug 05 15:18:04 UTC 2020 /home/travis/build/icyphy/ptII/ptolemy/domains/continuous/test/auto/LevelCrossing4.xml
----------------- Instantiating /home/travis/build/icyphy/ptII/ptolemy/domains/continuous/test/auto/LevelCrossing4.xml
3 ms. Memory: 270336K Free: 102798K (38%)
----------------- Invoking toplevel() on ptolemy.moml.MoMLSimpleApplication@38d4120
----------------- Done invoking toplevel() on ptolemy.moml.MoMLSimpleApplication@38d4120
reloadAllAccessors: .LevelCrossing4

===========================================================================================
----------------- testing Wed Aug 05 15:18:04 UTC 2020 /home/travis/build/icyphy/ptII/ptolemy/domains/continuous/test/auto/LevelCrossing5.xml
----------------- Instantiating /home/travis/build/icyphy/ptII/ptolemy/domains/continuous/test/auto/LevelCrossing5.xml
3 ms. Memory: 270336K Free: 97684K (36%)
----------------- Invoking toplevel() on ptolemy.moml.MoMLSimpleApplication@48ef4e95
----------------- Done invoking toplevel() on ptolemy.moml.MoMLSimpleApplication@48ef4e95
reloadAllAccessors: .LevelCrossing5

===========================================================================================
[...]
----------------- Invoking toplevel() on ptolemy.moml.MoMLSimpleApplication@52f40cb2
----------------- Done invoking toplevel() on ptolemy.moml.MoMLSimpleApplication@52f40cb2
reloadAllAccessors: .ResetTransitionWithStartTime6

===========================================================================================
----------------- testing Wed Aug 05 15:18:20 UTC 2020 /home/travis/build/icyphy/ptII/ptolemy/domains/continuous/test/auto/SRinContinuous.xml
----------------- Instantiating /home/travis/build/icyphy/ptII/ptolemy/domains/continuous/test/auto/SRinContinuous.xml
5 ms. Memory: 324608K Free: 147151K (45%)
----------------- Invoking toplevel() on ptolemy.moml.MoMLSimpleApplication@47b51c81
----------------- Done invoking toplevel() on ptolemy.moml.MoMLSimpleApplication@47b51c81
reloadAllAccessors: .SRinContinuous

===========================================================================================
----------------- testing Wed Aug 05 15:18:20 UTC 2020 /home/travis/build/icyphy/ptII/ptolemy/domains/continuous/test/auto/SampledClocks.xml
----------------- Instantiating /home/travis/build/icyphy/ptII/ptolemy/domains/continuous/test/auto/SampledClocks.xml
6 ms. Memory: 324608K Free: 134353K (41%)
----------------- Invoking toplevel() on ptolemy.moml.MoMLSimpleApplication@68c8252
----------------- Done invoking toplevel() on ptolemy.moml.MoMLSimpleApplication@68c8252
reloadAllAccessors: .SampledClocks

===========================================================================================
----------------- testing Wed Aug 05 15:18:20 UTC 2020 /home/travis/build/icyphy/ptII/ptolemy/domains/continuous/test/auto/Satellite.xml
----------------- Instantiating /home/travis/build/icyphy/ptII/ptolemy/domains/continuous/test/auto/Satellite.xml
857 ms. Memory: 324608K Free: 123853K (38%)
----------------- Invoking toplevel() on ptolemy.moml.MoMLSimpleApplication@781942b3
----------------- Done invoking toplevel() on ptolemy.moml.MoMLSimpleApplication@781942b3
reloadAllAccessors: .Satellite

===========================================================================================
----------------- testing Wed Aug 05 15:18:21 UTC 2020 /home/travis/build/icyphy/ptII/ptolemy/domains/continuous/test/auto/SigmaDelta.xml
----------------- Instantiating /home/travis/build/icyphy/ptII/ptolemy/domains/continuous/test/auto/SigmaDelta.xml
2075 ms. Memory: 324608K Free: 247734K (76%)
----------------- Invoking toplevel() on ptolemy.moml.MoMLSimpleApplication@6c0106f2
----------------- Done invoking toplevel() on ptolemy.moml.MoMLSimpleApplication@6c0106f2
reloadAllAccessors: .SigmaDelta

===========================================================================================
----------------- testing Wed Aug 05 15:18:23 UTC 2020 /home/travis/build/icyphy/ptII/ptolemy/domains/continuous/test/auto/SingleRefinement.xml
----------------- Instantiating /home/travis/build/icyphy/ptII/ptolemy/domains/continuous/test/auto/SingleRefinement.xml
467 ms. Memory: 324608K Free: 255479K (79%)
----------------- Invoking toplevel() on ptolemy.moml.MoMLSimpleApplication@13cd9183
----------------- Done invoking toplevel() on ptolemy.moml.MoMLSimpleApplication@13cd9183
reloadAllAccessors: .SingleRefinement

===========================================================================================
----------------- testing Wed Aug 05 15:18:24 UTC 2020 /home/travis/build/icyphy/ptII/ptolemy/domains/continuous/test/auto/SinuBouncingBall.xml
----------------- Instantiating /home/travis/build/icyphy/ptII/ptolemy/domains/continuous/test/auto/SinuBouncingBall.xml
828 ms. Memory: 324608K Free: 226917K (70%)
----------------- Invoking toplevel() on ptolemy.moml.MoMLSimpleApplication@656b7113
----------------- Done invoking toplevel() on ptolemy.moml.MoMLSimpleApplication@656b7113
reloadAllAccessors: .SinuBouncingBall

===========================================================================================
----------------- testing Wed Aug 05 15:18:24 UTC 2020 /home/travis/build/icyphy/ptII/ptolemy/domains/continuous/test/auto/Sinusoid.xml
----------------- Instantiating /home/travis/build/icyphy/ptII/ptolemy/domains/continuous/test/auto/Sinusoid.xml
5 ms. Memory: 324608K Free: 222311K (68%)
----------------- Invoking toplevel() on ptolemy.moml.MoMLSimpleApplication@71321fb6
----------------- Done invoking toplevel() on ptolemy.moml.MoMLSimpleApplication@71321fb6
reloadAllAccessors: .Sinusoid

===========================================================================================
----------------- testing Wed Aug 05 15:18:24 UTC 2020 /home/travis/build/icyphy/ptII/ptolemy/domains/continuous/test/auto/SinusoidInNoise.xml
----------------- Instantiating /home/travis/build/icyphy/ptII/ptolemy/domains/continuous/test/auto/SinusoidInNoise.xml
964 ms. Memory: 324608K Free: 276782K (85%)
----------------- Invoking toplevel() on ptolemy.moml.MoMLSimpleApplication@138f21fd
----------------- Done invoking toplevel() on ptolemy.moml.MoMLSimpleApplication@138f21fd
reloadAllAccessors: .SinusoidInNoise

===========================================================================================
----------------- testing Wed Aug 05 15:18:25 UTC 2020 /home/travis/build/icyphy/ptII/ptolemy/domains/continuous/test/auto/SinusoidRK45.xml
----------------- Instantiating /home/travis/build/icyphy/ptII/ptolemy/domains/continuous/test/auto/SinusoidRK45.xml
4 ms. Memory: 324608K Free: 272176K (84%)
----------------- Invoking toplevel() on ptolemy.moml.MoMLSimpleApplication@467ad667
----------------- Done invoking toplevel() on ptolemy.moml.MoMLSimpleApplication@467ad667
reloadAllAccessors: .SinusoidRK45

===========================================================================================
----------------- testing Wed Aug 05 15:18:26 UTC 2020 /home/travis/build/icyphy/ptII/ptolemy/domains/continuous/test/auto/SinusoidWithMultipleImpulses.xml
----------------- Instantiating /home/travis/build/icyphy/ptII/ptolemy/domains/continuous/test/auto/SinusoidWithMultipleImpulses.xml
3 ms. Memory: 324608K Free: 267566K (82%)
----------------- Invoking toplevel() on ptolemy.moml.MoMLSimpleApplication@21973746
----------------- Done invoking toplevel() on ptolemy.moml.MoMLSimpleApplication@21973746
reloadAllAccessors: .SinusoidWithMultipleImpulses

===========================================================================================
----------------- testing Wed Aug 05 15:18:26 UTC 2020 /home/travis/build/icyphy/ptII/ptolemy/domains/continuous/test/auto/SquareWave.xml
----------------- Instantiating /home/travis/build/icyphy/ptII/ptolemy/domains/continuous/test/auto/SquareWave.xml
164 ms. Memory: 324608K Free: 239918K (74%)
----------------- Invoking toplevel() on ptolemy.moml.MoMLSimpleApplication@227c9fba
----------------- Done invoking toplevel() on ptolemy.moml.MoMLSimpleApplication@227c9fba
reloadAllAccessors: .SquareWave

===========================================================================================
----------------- testing Wed Aug 05 15:18:26 UTC 2020 /home/travis/build/icyphy/ptII/ptolemy/domains/continuous/test/auto/Starmac.xml
----------------- Instantiating /home/travis/build/icyphy/ptII/ptolemy/domains/continuous/test/auto/Starmac.xml
3069 ms. Memory: 324608K Free: 300700K (93%)
----------------- Invoking toplevel() on ptolemy.moml.MoMLSimpleApplication@51d39a37
----------------- Done invoking toplevel() on ptolemy.moml.MoMLSimpleApplication@51d39a37
reloadAllAccessors: .Starmac

===========================================================================================
----------------- testing Wed Aug 05 15:18:29 UTC 2020 /home/travis/build/icyphy/ptII/ptolemy/domains/continuous/test/auto/StaticUnits.xml
----------------- Instantiating /home/travis/build/icyphy/ptII/ptolemy/domains/continuous/test/auto/StaticUnits.xml
1911 ms. Memory: 324608K Free: 207239K (64%)
----------------- Invoking toplevel() on ptolemy.moml.MoMLSimpleApplication@369599c0
----------------- Done invoking toplevel() on ptolemy.moml.MoMLSimpleApplication@369599c0
reloadAllAccessors: .StaticUnits

===========================================================================================
----------------- testing Wed Aug 05 15:18:32 UTC 2020 /home/travis/build/icyphy/ptII/ptolemy/domains/continuous/test/auto/StickyMasses.xml
----------------- Instantiating /home/travis/build/icyphy/ptII/ptolemy/domains/continuous/test/auto/StickyMasses.xml
140 ms. Memory: 324608K Free: 158087K (49%)
----------------- Invoking toplevel() on ptolemy.moml.MoMLSimpleApplication@15e13237
----------------- Done invoking toplevel() on ptolemy.moml.MoMLSimpleApplication@15e13237
reloadAllAccessors: .StickyMasses

===========================================================================================
----------------- testing Wed Aug 05 15:18:32 UTC 2020 /home/travis/build/icyphy/ptII/ptolemy/domains/continuous/test/auto/StopTime.xml
----------------- Instantiating /home/travis/build/icyphy/ptII/ptolemy/domains/continuous/test/auto/StopTime.xml
41 ms. Memory: 324608K Free: 133511K (41%)
----------------- Invoking toplevel() on ptolemy.moml.MoMLSimpleApplication@bf748d3
----------------- Done invoking toplevel() on ptolemy.moml.MoMLSimpleApplication@bf748d3
reloadAllAccessors: .StopTime

===========================================================================================
----------------- testing Wed Aug 05 15:18:32 UTC 2020 /home/travis/build/icyphy/ptII/ptolemy/domains/continuous/test/auto/StopTime2.xml
----------------- Instantiating /home/travis/build/icyphy/ptII/ptolemy/domains/continuous/test/auto/StopTime2.xml
45 ms. Memory: 324608K Free: 301052K (93%)
----------------- Invoking toplevel() on ptolemy.moml.MoMLSimpleApplication@39f06e7a
----------------- Done invoking toplevel() on ptolemy.moml.MoMLSimpleApplication@39f06e7a
reloadAllAccessors: .StopTime2

===========================================================================================
----------------- testing Wed Aug 05 15:18:32 UTC 2020 /home/travis/build/icyphy/ptII/ptolemy/domains/continuous/test/auto/Switch.xml
----------------- Instantiating /home/travis/build/icyphy/ptII/ptolemy/domains/continuous/test/auto/Switch.xml
39 ms. Memory: 324608K Free: 275843K (85%)
----------------- Invoking toplevel() on ptolemy.moml.MoMLSimpleApplication@32c81764
----------------- Done invoking toplevel() on ptolemy.moml.MoMLSimpleApplication@32c81764
reloadAllAccessors: .Switch

===========================================================================================
----------------- testing Wed Aug 05 15:18:32 UTC 2020 /home/travis/build/icyphy/ptII/ptolemy/domains/continuous/test/auto/Thermostat.xml
----------------- Instantiating /home/travis/build/icyphy/ptII/ptolemy/domains/continuous/test/auto/Thermostat.xml
173 ms. Memory: 324608K Free: 203649K (63%)
----------------- Invoking toplevel() on ptolemy.moml.MoMLSimpleApplication@cf5459a
----------------- Done invoking toplevel() on ptolemy.moml.MoMLSimpleApplication@cf5459a
reloadAllAccessors: .Thermostat

===========================================================================================
----------------- testing Wed Aug 05 15:18:32 UTC 2020 /home/travis/build/icyphy/ptII/ptolemy/domains/continuous/test/auto/TimeDelay.xml
----------------- Instantiating /home/travis/build/icyphy/ptII/ptolemy/domains/continuous/test/auto/TimeDelay.xml
5 ms. Memory: 324608K Free: 199043K (61%)
----------------- Invoking toplevel() on ptolemy.moml.MoMLSimpleApplication@6db7b03c
----------------- Done invoking toplevel() on ptolemy.moml.MoMLSimpleApplication@6db7b03c
reloadAllAccessors: .TimeDelay

===========================================================================================
----------------- testing Wed Aug 05 15:18:32 UTC 2020 /home/travis/build/icyphy/ptII/ptolemy/domains/continuous/test/auto/TimeDelay2.xml
----------------- Instantiating /home/travis/build/icyphy/ptII/ptolemy/domains/continuous/test/auto/TimeDelay2.xml
9 ms. Memory: 324608K Free: 189313K (58%)
----------------- Invoking toplevel() on ptolemy.moml.MoMLSimpleApplication@73ceb694
----------------- Done invoking toplevel() on ptolemy.moml.MoMLSimpleApplication@73ceb694
reloadAllAccessors: .TimeDelay2

===========================================================================================
----------------- testing Wed Aug 05 15:18:32 UTC 2020 /home/travis/build/icyphy/ptII/ptolemy/domains/continuous/test/auto/TimeDelay3.xml
----------------- Instantiating /home/travis/build/icyphy/ptII/ptolemy/domains/continuous/test/auto/TimeDelay3.xml
4 ms. Memory: 324608K Free: 184705K (57%)
----------------- Invoking toplevel() on ptolemy.moml.MoMLSimpleApplication@735e9c2d
----------------- Done invoking toplevel() on ptolemy.moml.MoMLSimpleApplication@735e9c2d
reloadAllAccessors: .TimeDelay3

===========================================================================================
----------------- testing Wed Aug 05 15:18:32 UTC 2020 /home/travis/build/icyphy/ptII/ptolemy/domains/continuous/test/auto/TransferAbsentToInside.xml
----------------- Instantiating /home/travis/build/icyphy/ptII/ptolemy/domains/continuous/test/auto/TransferAbsentToInside.xml
27 ms. Memory: 324608K Free: 131459K (40%)
----------------- Invoking toplevel() on ptolemy.moml.MoMLSimpleApplication@46bb6bfd
----------------- Done invoking toplevel() on ptolemy.moml.MoMLSimpleApplication@46bb6bfd
reloadAllAccessors: .TransferAbsentToInside

===========================================================================================
----------------- testing Wed Aug 05 15:18:32 UTC 2020 /home/travis/build/icyphy/ptII/ptolemy/domains/continuous/test/auto/Transmission.xml
----------------- Instantiating /home/travis/build/icyphy/ptII/ptolemy/domains/continuous/test/auto/Transmission.xml
708 ms. Memory: 324608K Free: 277330K (85%)
----------------- Invoking toplevel() on ptolemy.moml.MoMLSimpleApplication@3dd2fbde
----------------- Done invoking toplevel() on ptolemy.moml.MoMLSimpleApplication@3dd2fbde
reloadAllAccessors: .Transmission

===========================================================================================
----------------- testing Wed Aug 05 15:18:33 UTC 2020 /home/travis/build/icyphy/ptII/ptolemy/domains/continuous/test/auto/TriggeredContinuousClock.xml
----------------- Instantiating /home/travis/build/icyphy/ptII/ptolemy/domains/continuous/test/auto/TriggeredContinuousClock.xml
32 ms. Memory: 324608K Free: 247634K (76%)
----------------- Invoking toplevel() on ptolemy.moml.MoMLSimpleApplication@1ee3fb49
----------------- Done invoking toplevel() on ptolemy.moml.MoMLSimpleApplication@1ee3fb49
reloadAllAccessors: .TriggeredContinuousClock

===========================================================================================
----------------- testing Wed Aug 05 15:18:33 UTC 2020 /home/travis/build/icyphy/ptII/ptolemy/domains/continuous/test/auto/TwoMachineInfiniteBusControl.xml
----------------- Instantiating /home/travis/build/icyphy/ptII/ptolemy/domains/continuous/test/auto/TwoMachineInfiniteBusControl.xml
2942 ms. Memory: 324608K Free: 215838K (66%)
----------------- Invoking toplevel() on ptolemy.moml.MoMLSimpleApplication@5ebb03cb
----------------- Done invoking toplevel() on ptolemy.moml.MoMLSimpleApplication@5ebb03cb
reloadAllAccessors: .TwoMachineInfiniteBusControl

===========================================================================================
----------------- testing Wed Aug 05 15:18:36 UTC 2020 /home/travis/build/icyphy/ptII/ptolemy/domains/continuous/test/auto/V2V.xml
----------------- Instantiating /home/travis/build/icyphy/ptII/ptolemy/domains/continuous/test/auto/V2V.xml
773 ms. Memory: 324608K Free: 214327K (66%)
----------------- Invoking toplevel() on ptolemy.moml.MoMLSimpleApplication@22be54f7
----------------- Done invoking toplevel() on ptolemy.moml.MoMLSimpleApplication@22be54f7
reloadAllAccessors: .V2V

===========================================================================================
----------------- testing Wed Aug 05 15:18:37 UTC 2020 /home/travis/build/icyphy/ptII/ptolemy/domains/continuous/test/auto/hierarchicalModalModel.xml
----------------- Instantiating /home/travis/build/icyphy/ptII/ptolemy/domains/continuous/test/auto/hierarchicalModalModel.xml
8 ms. Memory: 324608K Free: 199463K (61%)
----------------- Invoking toplevel() on ptolemy.moml.MoMLSimpleApplication@3e72f7
----------------- Done invoking toplevel() on ptolemy.moml.MoMLSimpleApplication@3e72f7
reloadAllAccessors: .hierarchicalModalModel

===========================================================================================
----------------- testing Wed Aug 05 15:18:37 UTC 2020 /home/travis/build/icyphy/ptII/ptolemy/domains/continuous/test/auto/hierarchicalModalModel1.xml
----------------- Instantiating /home/travis/build/icyphy/ptII/ptolemy/domains/continuous/test/auto/hierarchicalModalModel1.xml
9 ms. Memory: 324608K Free: 185141K (57%)
----------------- Invoking toplevel() on ptolemy.moml.MoMLSimpleApplication@2c263458
----------------- Done invoking toplevel() on ptolemy.moml.MoMLSimpleApplication@2c263458
reloadAllAccessors: .hierarchicalModalModel1

===========================================================================================
----------------- testing Wed Aug 05 15:18:37 UTC 2020 /home/travis/build/icyphy/ptII/ptolemy/domains/continuous/test/auto/hierarchicalModalModel2.xml
----------------- Instantiating /home/travis/build/icyphy/ptII/ptolemy/domains/continuous/test/auto/hierarchicalModalModel2.xml
7 ms. Memory: 324608K Free: 172839K (53%)
----------------- Invoking toplevel() on ptolemy.moml.MoMLSimpleApplication@10287e5
----------------- Done invoking toplevel() on ptolemy.moml.MoMLSimpleApplication@10287e5
reloadAllAccessors: .hierarchicalModalModel2

===========================================================================================
----------------- testing Wed Aug 05 15:18:37 UTC 2020 /home/travis/build/icyphy/ptII/ptolemy/domains/continuous/test/auto/hierarchicalModalModel3.xml
----------------- Instantiating /home/travis/build/icyphy/ptII/ptolemy/domains/continuous/test/auto/hierarchicalModalModel3.xml
5 ms. Memory: 324608K Free: 162103K (50%)
----------------- Invoking toplevel() on ptolemy.moml.MoMLSimpleApplication@596d6d84
----------------- Done invoking toplevel() on ptolemy.moml.MoMLSimpleApplication@596d6d84
reloadAllAccessors: .hierarchicalModalModel3

===========================================================================================
----------------- testing Wed Aug 05 15:18:37 UTC 2020 /home/travis/build/icyphy/ptII/ptolemy/domains/continuous/test/auto/hierarchicalModalModel4.xml
----------------- Instantiating /home/travis/build/icyphy/ptII/ptolemy/domains/continuous/test/auto/hierarchicalModalModel4.xml
5 ms. Memory: 324608K Free: 150325K (46%)
----------------- Invoking toplevel() on ptolemy.moml.MoMLSimpleApplication@120d34a3
----------------- Done invoking toplevel() on ptolemy.moml.MoMLSimpleApplication@120d34a3
reloadAllAccessors: .hierarchicalModalModel4

===========================================================================================
----------------- testing Wed Aug 05 15:18:37 UTC 2020 /home/travis/build/icyphy/ptII/ptolemy/domains/continuous/test/auto/junk.xml
----------------- Instantiating /home/travis/build/icyphy/ptII/ptolemy/domains/continuous/test/auto/junk.xml
115 ms. Memory: 324608K Free: 125239K (39%)
----------------- Invoking toplevel() on ptolemy.moml.MoMLSimpleApplication@3bc247bc
----------------- Done invoking toplevel() on ptolemy.moml.MoMLSimpleApplication@3bc247bc
reloadAllAccessors: .junk
AutoTests.java: About to close Vertx.
AutoTests.java: Vertx closed.
]]></system-out>
  <system-err><![CDATA[Warning: '.HysteresisWithRandomDelay.NonStrictTest3' The test produced only 27 tokens, yet the correctValues parameter was expecting 30 tokens.
]]></system-err>
</testsuite>
