<?xml version="1.0" encoding="UTF-8" ?>
<testsuite errors="0" failures="0" hostname="travis-job-be4d889d-2be6-48ad-b0c0-fcd81724b050" name="ptolemy.domains.de.test.junit.JUnitTclTest" skipped="0" tests="101" time="134.941" timestamp="2018-10-10T02:29:39">
  <properties>
[...]
</properties>
  <testcase classname="ptolemy.util.test.junit.TclTests" name="[0] /home/travis/build/icyphy/ptII/ptolemy/domains/de/test/DependencyLoop.tcl (RunTclFile)" time="0.705" />
  <testcase classname="ptolemy.util.test.junit.TclTests" name="[1] /home/travis/build/icyphy/ptII/ptolemy/domains/de/test/RunDETestsAsQSS.tcl (RunTclFile)" time="93.131" />
  <testcase classname="ptolemy.util.test.junit.AutoKnownFailedTests" name="[0] /home/travis/build/icyphy/ptII/ptolemy/domains/de/test/auto/knownFailedTests/DESDFClockTest.xml (RunModel)" time="2.052" />
  <testcase classname="ptolemy.util.test.junit.AutoKnownFailedTests" name="[1] /home/travis/build/icyphy/ptII/ptolemy/domains/de/test/auto/knownFailedTests/DirectFeedback.xml (RunModel)" time="0.02" />
  <testcase classname="ptolemy.util.test.junit.AutoKnownFailedTests" name="[2] /home/travis/build/icyphy/ptII/ptolemy/domains/de/test/auto/knownFailedTests/FSMSource.xml (RunModel)" time="0.03" />
  <testcase classname="ptolemy.util.test.junit.AutoKnownFailedTests" name="[3] /home/travis/build/icyphy/ptII/ptolemy/domains/de/test/auto/knownFailedTests/HierarchicalModel.xml (RunModel)" time="0.048" />
  <testcase classname="ptolemy.util.test.junit.AutoKnownFailedTests" name="[4] /home/travis/build/icyphy/ptII/ptolemy/domains/de/test/auto/knownFailedTests/dependencyLoop.xml (RunModel)" time="0.042" />
  <testcase classname="ptolemy.util.test.junit.AutoKnownFailedTests" name="[5] /home/travis/build/icyphy/ptII/ptolemy/domains/de/test/auto/knownFailedTests/dependencyLoop2.xml (RunModel)" time="0.042" />
  <testcase classname="ptolemy.util.test.junit.AutoNameArchTests" name="[0] ThereAreNoAutoArchTests (RunModel)" time="0.001" />
  <testcase classname="ptolemy.util.test.junit.AutoTests" name="[0] /home/travis/build/icyphy/ptII/ptolemy/domains/de/test/auto/ActorDepthCalculation_actorWithoutPorts.xml (RunModel)" time="0.017" />
  <testcase classname="ptolemy.util.test.junit.AutoTests" name="[1] /home/travis/build/icyphy/ptII/ptolemy/domains/de/test/auto/AssemblyLine.xml (RunModel)" time="0.02" />
  <testcase classname="ptolemy.util.test.junit.AutoTests" name="[2] /home/travis/build/icyphy/ptII/ptolemy/domains/de/test/auto/CQBug1.xml (RunModel)" time="0.011" />
  <testcase classname="ptolemy.util.test.junit.AutoTests" name="[3] /home/travis/build/icyphy/ptII/ptolemy/domains/de/test/auto/CancelFireAt.xml (RunModel)" time="0.016" />
  <testcase classname="ptolemy.util.test.junit.AutoTests" name="[4] /home/travis/build/icyphy/ptII/ptolemy/domains/de/test/auto/CausalityAndComposabilityAnalysis.xml (RunModel)" time="0.013" />
  <testcase classname="ptolemy.util.test.junit.AutoTests" name="[5] /home/travis/build/icyphy/ptII/ptolemy/domains/de/test/auto/CausalityInterface1.xml (RunModel)" time="0.018" />
  <testcase classname="ptolemy.util.test.junit.AutoTests" name="[6] /home/travis/build/icyphy/ptII/ptolemy/domains/de/test/auto/CausalityInterface15.xml (RunModel)" time="0.014" />
  <testcase classname="ptolemy.util.test.junit.AutoTests" name="[7] /home/travis/build/icyphy/ptII/ptolemy/domains/de/test/auto/CausalityInterface2.xml (RunModel)" time="0.011" />
  <testcase classname="ptolemy.util.test.junit.AutoTests" name="[8] /home/travis/build/icyphy/ptII/ptolemy/domains/de/test/auto/CausalityInterface3.xml (RunModel)" time="0.014" />
  <testcase classname="ptolemy.util.test.junit.AutoTests" name="[9] /home/travis/build/icyphy/ptII/ptolemy/domains/de/test/auto/ClockDrift.xml (RunModel)" time="0.039" />
  <testcase classname="ptolemy.util.test.junit.AutoTests" name="[10] /home/travis/build/icyphy/ptII/ptolemy/domains/de/test/auto/ClockDriftAndValueChange.xml (RunModel)" time="0.035" />
  <testcase classname="ptolemy.util.test.junit.AutoTests" name="[11] /home/travis/build/icyphy/ptII/ptolemy/domains/de/test/auto/ClockDriftChange.xml (RunModel)" time="0.03" />
  <testcase classname="ptolemy.util.test.junit.AutoTests" name="[12] /home/travis/build/icyphy/ptII/ptolemy/domains/de/test/auto/ComposableCausalityAnalysis.xml (RunModel)" time="0.019" />
  <testcase classname="ptolemy.util.test.junit.AutoTests" name="[13] /home/travis/build/icyphy/ptII/ptolemy/domains/de/test/auto/DEFixedPointLimitation.xml (RunModel)" time="0.01" />
  <testcase classname="ptolemy.util.test.junit.AutoTests" name="[14] /home/travis/build/icyphy/ptII/ptolemy/domains/de/test/auto/DEScheduleTest.xml (RunModel)" time="0.012" />
  <testcase classname="ptolemy.util.test.junit.AutoTests" name="[15] /home/travis/build/icyphy/ptII/ptolemy/domains/de/test/auto/DEinDEwithStartTimes.xml (RunModel)" time="0.014" />
  <testcase classname="ptolemy.util.test.junit.AutoTests" name="[16] /home/travis/build/icyphy/ptII/ptolemy/domains/de/test/auto/DEinDEwithStartTimes2.xml (RunModel)" time="0.014" />
  <testcase classname="ptolemy.util.test.junit.AutoTests" name="[17] /home/travis/build/icyphy/ptII/ptolemy/domains/de/test/auto/DateDemo.xml (RunModel)" time="0.032" />
  <testcase classname="ptolemy.util.test.junit.AutoTests" name="[18] /home/travis/build/icyphy/ptII/ptolemy/domains/de/test/auto/DateToEvent.xml (RunModel)" time="2.046" />
  <testcase classname="ptolemy.util.test.junit.AutoTests" name="[19] /home/travis/build/icyphy/ptII/ptolemy/domains/de/test/auto/DepthTest1.xml (RunModel)" time="0.005" />
  <testcase classname="ptolemy.util.test.junit.AutoTests" name="[20] /home/travis/build/icyphy/ptII/ptolemy/domains/de/test/auto/DepthTest2.xml (RunModel)" time="0.01" />
  <testcase classname="ptolemy.util.test.junit.AutoTests" name="[21] /home/travis/build/icyphy/ptII/ptolemy/domains/de/test/auto/DepthTest3.xml (RunModel)" time="0.004" />
  <testcase classname="ptolemy.util.test.junit.AutoTests" name="[22] /home/travis/build/icyphy/ptII/ptolemy/domains/de/test/auto/DepthTest4.xml (RunModel)" time="0.008" />
  <testcase classname="ptolemy.util.test.junit.AutoTests" name="[23] /home/travis/build/icyphy/ptII/ptolemy/domains/de/test/auto/DepthTest5.xml (RunModel)" time="0.008" />
  <testcase classname="ptolemy.util.test.junit.AutoTests" name="[24] /home/travis/build/icyphy/ptII/ptolemy/domains/de/test/auto/DepthTest6.xml (RunModel)" time="0.008" />
  <testcase classname="ptolemy.util.test.junit.AutoTests" name="[25] /home/travis/build/icyphy/ptII/ptolemy/domains/de/test/auto/DepthTest7.xml (RunModel)" time="0.007" />
  <testcase classname="ptolemy.util.test.junit.AutoTests" name="[26] /home/travis/build/icyphy/ptII/ptolemy/domains/de/test/auto/EventToDate.xml (RunModel)" time="3.023" />
  <testcase classname="ptolemy.util.test.junit.AutoTests" name="[27] /home/travis/build/icyphy/ptII/ptolemy/domains/de/test/auto/FSM1.xml (RunModel)" time="0.034" />
  <testcase classname="ptolemy.util.test.junit.AutoTests" name="[28] /home/travis/build/icyphy/ptII/ptolemy/domains/de/test/auto/FSM7.xml (RunModel)" time="0.044" />
  <testcase classname="ptolemy.util.test.junit.AutoTests" name="[29] /home/travis/build/icyphy/ptII/ptolemy/domains/de/test/auto/Inspection.xml (RunModel)" time="0.074" />
  <testcase classname="ptolemy.util.test.junit.AutoTests" name="[30] /home/travis/build/icyphy/ptII/ptolemy/domains/de/test/auto/Iteration.xml (RunModel)" time="0.035" />
  <testcase classname="ptolemy.util.test.junit.AutoTests" name="[31] /home/travis/build/icyphy/ptII/ptolemy/domains/de/test/auto/LineFault.xml (RunModel)" time="0.654" />
  <testcase classname="ptolemy.util.test.junit.AutoTests" name="[32] /home/travis/build/icyphy/ptII/ptolemy/domains/de/test/auto/MergeModel1Add.xml (RunModel)" time="0.041" />
  <testcase classname="ptolemy.util.test.junit.AutoTests" name="[33] /home/travis/build/icyphy/ptII/ptolemy/domains/de/test/auto/MergeModel2Add.xml (RunModel)" time="0.037" />
  <testcase classname="ptolemy.util.test.junit.AutoTests" name="[34] /home/travis/build/icyphy/ptII/ptolemy/domains/de/test/auto/MergeModel3Add.xml (RunModel)" time="0.033" />
  <testcase classname="ptolemy.util.test.junit.AutoTests" name="[35] /home/travis/build/icyphy/ptII/ptolemy/domains/de/test/auto/MergeWithoutDiscard.xml (RunModel)" time="0.008" />
  <testcase classname="ptolemy.util.test.junit.AutoTests" name="[36] /home/travis/build/icyphy/ptII/ptolemy/domains/de/test/auto/Modal1.xml (RunModel)" time="0.023" />
  <testcase classname="ptolemy.util.test.junit.AutoTests" name="[37] /home/travis/build/icyphy/ptII/ptolemy/domains/de/test/auto/Modal2.xml (RunModel)" time="0.024" />
  <testcase classname="ptolemy.util.test.junit.AutoTests" name="[38] /home/travis/build/icyphy/ptII/ptolemy/domains/de/test/auto/Modal3.xml (RunModel)" time="0.025" />
  <testcase classname="ptolemy.util.test.junit.AutoTests" name="[39] /home/travis/build/icyphy/ptII/ptolemy/domains/de/test/auto/Modal4.xml (RunModel)" time="0.026" />
  <testcase classname="ptolemy.util.test.junit.AutoTests" name="[40] /home/travis/build/icyphy/ptII/ptolemy/domains/de/test/auto/Modal5.xml (RunModel)" time="0.021" />
  <testcase classname="ptolemy.util.test.junit.AutoTests" name="[41] /home/travis/build/icyphy/ptII/ptolemy/domains/de/test/auto/Modal6.xml (RunModel)" time="0.019" />
  <testcase classname="ptolemy.util.test.junit.AutoTests" name="[42] /home/travis/build/icyphy/ptII/ptolemy/domains/de/test/auto/Modal7.xml (RunModel)" time="0.029" />
  <testcase classname="ptolemy.util.test.junit.AutoTests" name="[43] /home/travis/build/icyphy/ptII/ptolemy/domains/de/test/auto/ModalModel.xml (RunModel)" time="0.114" />
  <testcase classname="ptolemy.util.test.junit.AutoTests" name="[44] /home/travis/build/icyphy/ptII/ptolemy/domains/de/test/auto/ModalSource.xml (RunModel)" time="0.014" />
  <testcase classname="ptolemy.util.test.junit.AutoTests" name="[45] /home/travis/build/icyphy/ptII/ptolemy/domains/de/test/auto/NonInterruptibleTimerZeroDelay.xml (RunModel)" time="0.007" />
  <testcase classname="ptolemy.util.test.junit.AutoTests" name="[46] /home/travis/build/icyphy/ptII/ptolemy/domains/de/test/auto/OpenQueueingNetwork.xml (RunModel)" time="2.364" />
  <testcase classname="ptolemy.util.test.junit.AutoTests" name="[47] /home/travis/build/icyphy/ptII/ptolemy/domains/de/test/auto/OpenQueuingNetwork.xml (RunModel)" time="0.315" />
  <testcase classname="ptolemy.util.test.junit.AutoTests" name="[48] /home/travis/build/icyphy/ptII/ptolemy/domains/de/test/auto/PeriodicSampler.xml (RunModel)" time="0.008" />
  <testcase classname="ptolemy.util.test.junit.AutoTests" name="[49] /home/travis/build/icyphy/ptII/ptolemy/domains/de/test/auto/PersistentIO.xml (RunModel)" time="0.02" />
  <testcase classname="ptolemy.util.test.junit.AutoTests" name="[50] /home/travis/build/icyphy/ptII/ptolemy/domains/de/test/auto/PortParameterResetOnInitialize.xml (RunModel)" time="0.009" />
  <testcase classname="ptolemy.util.test.junit.AutoTests" name="[51] /home/travis/build/icyphy/ptII/ptolemy/domains/de/test/auto/PortParameterUpdates.xml (RunModel)" time="0.015" />
  <testcase classname="ptolemy.util.test.junit.AutoTests" name="[52] /home/travis/build/icyphy/ptII/ptolemy/domains/de/test/auto/QueueAndServer.xml (RunModel)" time="0.021" />
  <testcase classname="ptolemy.util.test.junit.AutoTests" name="[53] /home/travis/build/icyphy/ptII/ptolemy/domains/de/test/auto/Records.xml (RunModel)" time="0.014" />
  <testcase classname="ptolemy.util.test.junit.AutoTests" name="[54] /home/travis/build/icyphy/ptII/ptolemy/domains/de/test/auto/ResetTransitionWithStartTime1.xml (RunModel)" time="0.018" />
  <testcase classname="ptolemy.util.test.junit.AutoTests" name="[55] /home/travis/build/icyphy/ptII/ptolemy/domains/de/test/auto/ResetTransitionWithStartTime2.xml (RunModel)" time="0.021" />
  <testcase classname="ptolemy.util.test.junit.AutoTests" name="[56] /home/travis/build/icyphy/ptII/ptolemy/domains/de/test/auto/ResetTransitionWithStartTime3.xml (RunModel)" time="0.02" />
  <testcase classname="ptolemy.util.test.junit.AutoTests" name="[57] /home/travis/build/icyphy/ptII/ptolemy/domains/de/test/auto/ResetTransitionWithStartTime4.xml (RunModel)" time="0.02" />
  <testcase classname="ptolemy.util.test.junit.AutoTests" name="[58] /home/travis/build/icyphy/ptII/ptolemy/domains/de/test/auto/ResettableTimer1.xml (RunModel)" time="0.011" />
  <testcase classname="ptolemy.util.test.junit.AutoTests" name="[59] /home/travis/build/icyphy/ptII/ptolemy/domains/de/test/auto/ResettableTimer2.xml (RunModel)" time="0.009" />
  <testcase classname="ptolemy.util.test.junit.AutoTests" name="[60] /home/travis/build/icyphy/ptII/ptolemy/domains/de/test/auto/ResettableTimer3.xml (RunModel)" time="0.01" />
  <testcase classname="ptolemy.util.test.junit.AutoTests" name="[61] /home/travis/build/icyphy/ptII/ptolemy/domains/de/test/auto/ResettableTimer4.xml (RunModel)" time="0.009" />
  <testcase classname="ptolemy.util.test.junit.AutoTests" name="[62] /home/travis/build/icyphy/ptII/ptolemy/domains/de/test/auto/ResettableTimer5.xml (RunModel)" time="0.009" />
  <testcase classname="ptolemy.util.test.junit.AutoTests" name="[63] /home/travis/build/icyphy/ptII/ptolemy/domains/de/test/auto/ResettableTimer6.xml (RunModel)" time="0.021" />
  <testcase classname="ptolemy.util.test.junit.AutoTests" name="[64] /home/travis/build/icyphy/ptII/ptolemy/domains/de/test/auto/ServerZeroDelay.xml (RunModel)" time="0.012" />
  <testcase classname="ptolemy.util.test.junit.AutoTests" name="[65] /home/travis/build/icyphy/ptII/ptolemy/domains/de/test/auto/SmartSender.xml (RunModel)" time="3.008" />
  <testcase classname="ptolemy.util.test.junit.AutoTests" name="[66] /home/travis/build/icyphy/ptII/ptolemy/domains/de/test/auto/ThreadedComposite.xml (RunModel)" time="0.235" />
  <testcase classname="ptolemy.util.test.junit.AutoTests" name="[67] /home/travis/build/icyphy/ptII/ptolemy/domains/de/test/auto/Time.xml (RunModel)" time="0.508" />
  <testcase classname="ptolemy.util.test.junit.AutoTests" name="[68] /home/travis/build/icyphy/ptII/ptolemy/domains/de/test/auto/TimeDelayZeroDelay.xml (RunModel)" time="0.011" />
  <testcase classname="ptolemy.util.test.junit.AutoTests" name="[69] /home/travis/build/icyphy/ptII/ptolemy/domains/de/test/auto/TimerZeroDelay.xml (RunModel)" time="0.008" />
  <testcase classname="ptolemy.util.test.junit.AutoTests" name="[70] /home/travis/build/icyphy/ptII/ptolemy/domains/de/test/auto/TimingParadox.xml (RunModel)" time="0.383" />
  <testcase classname="ptolemy.util.test.junit.AutoTests" name="[71] /home/travis/build/icyphy/ptII/ptolemy/domains/de/test/auto/TransferInputs.xml (RunModel)" time="0.009" />
  <testcase classname="ptolemy.util.test.junit.AutoTests" name="[72] /home/travis/build/icyphy/ptII/ptolemy/domains/de/test/auto/TransferOutputs2.xml (RunModel)" time="0.015" />
  <testcase classname="ptolemy.util.test.junit.AutoTests" name="[73] /home/travis/build/icyphy/ptII/ptolemy/domains/de/test/auto/Trilateration.xml (RunModel)" time="12.189" />
  <testcase classname="ptolemy.util.test.junit.AutoTests" name="[74] /home/travis/build/icyphy/ptII/ptolemy/domains/de/test/auto/TwoSigmaDelta.xml (RunModel)" time="2.299" />
  <testcase classname="ptolemy.util.test.junit.AutoTests" name="[75] /home/travis/build/icyphy/ptII/ptolemy/domains/de/test/auto/VariableDelay.xml (RunModel)" time="0.011" />
  <testcase classname="ptolemy.util.test.junit.AutoTests" name="[76] /home/travis/build/icyphy/ptII/ptolemy/domains/de/test/auto/VariableDelay2.xml (RunModel)" time="0.009" />
  <testcase classname="ptolemy.util.test.junit.AutoTests" name="[77] /home/travis/build/icyphy/ptII/ptolemy/domains/de/test/auto/VariableDelayZeroDelay.xml (RunModel)" time="0.01" />
  <testcase classname="ptolemy.util.test.junit.AutoTests" name="[78] /home/travis/build/icyphy/ptII/ptolemy/domains/de/test/auto/VariableDelayZeroDelay2.xml (RunModel)" time="0.009" />
  <testcase classname="ptolemy.util.test.junit.AutoTests" name="[79] /home/travis/build/icyphy/ptII/ptolemy/domains/de/test/auto/deInCt.xml (RunModel)" time="0.014" />
  <testcase classname="ptolemy.util.test.junit.AutoTests" name="[80] /home/travis/build/icyphy/ptII/ptolemy/domains/de/test/auto/deInCt2.xml (RunModel)" time="0.013" />
  <testcase classname="ptolemy.util.test.junit.AutoTests" name="[81] /home/travis/build/icyphy/ptII/ptolemy/domains/de/test/auto/dynamicCausalityInterface1.xml (RunModel)" time="0.021" />
  <testcase classname="ptolemy.util.test.junit.AutoTests" name="[82] /home/travis/build/icyphy/ptII/ptolemy/domains/de/test/auto/fsm_de_test.xml (RunModel)" time="0.023" />
  <testcase classname="ptolemy.util.test.junit.AutoTests" name="[83] /home/travis/build/icyphy/ptII/ptolemy/domains/de/test/auto/functionDependencyReconstruction.xml (RunModel)" time="0.035" />
  <testcase classname="ptolemy.util.test.junit.AutoTests" name="[84] /home/travis/build/icyphy/ptII/ptolemy/domains/de/test/auto/multirate.xml (RunModel)" time="0.015" />
  <testcase classname="ptolemy.util.test.junit.AutoTests" name="[85] /home/travis/build/icyphy/ptII/ptolemy/domains/de/test/auto/multirate2.xml (RunModel)" time="0.015" />
  <testcase classname="ptolemy.util.test.junit.AutoTests" name="[86] /home/travis/build/icyphy/ptII/ptolemy/domains/de/test/auto/realtime.xml (RunModel)" time="10.011" />
  <testcase classname="ptolemy.util.test.junit.AutoTests" name="[87] /home/travis/build/icyphy/ptII/ptolemy/domains/de/test/auto/relationGroup.xml (RunModel)" time="0.022" />
  <testcase classname="ptolemy.util.test.junit.AutoTests" name="[88] /home/travis/build/icyphy/ptII/ptolemy/domains/de/test/auto/relationGroup2.xml (RunModel)" time="0.006" />
  <testcase classname="ptolemy.util.test.junit.AutoTests" name="[89] /home/travis/build/icyphy/ptII/ptolemy/domains/de/test/auto/sortWithOpaquePorts.xml (RunModel)" time="0.014" />
  <testcase classname="ptolemy.util.test.junit.AutoTests" name="[90] /home/travis/build/icyphy/ptII/ptolemy/domains/de/test/auto/transferInputsandOutputs.xml (RunModel)" time="0.014" />
  <testcase classname="ptolemy.util.test.junit.AutoTests" name="[91] /home/travis/build/icyphy/ptII/ptolemy/domains/de/test/auto/triggerType.xml (RunModel)" time="0.014" />
  <system-out><![CDATA[/home/travis/build/icyphy/ptII/ptolemy/domains/de/test/DependencyLoop.tcl
testDefs.tcl: setting time out to 9000 seconds at Wed Oct 10 02:29:40 UTC 2018
14 ms. Memory: 116224K Free: 93891K (81%)
7 ms. Memory: 146944K Free: 135075K (92%)
/home/travis/build/icyphy/ptII/ptolemy/domains/de/test/RunDETestsAsQSS.tcl
Run the DE tests using ptolemy.domains.qss.test.QSSDirectorTest, which extends QSSDirector and prints a message in the constructors.
------------------ testing $PTII/ptolemy/domains/de/test/auto/knownFailedTests/dependencyLoop.xml (Known Failure) 
7 ms. Memory: 146944K Free: 131962K (90%)


==== $PTIIhome/travis/build/icyphy/ptII/ptolemy/domains/de/test/../../../../: Auto Automatic test in file $PTII/ptolemy/domains/de/test/auto/knownFailedTests/dependencyLoop.xml
==== Contents of test case:

	    # FIXME: we should use $relativeFilename here, but it
	    # might have backslashes under Windows, which causes no end
	    # of trouble.
	    createAndExecute $file
	    list {}
	
.... Test generated KNOWN error:
    while executing
ptolemy.kernel.util.IllegalActionException: Found a zero delay loop containing .dependencyLoop.original
  in .dependencyLoop and .dependencyLoop.original
	at ptolemy.actor.util.CausalityInterfaceForComposites._computeOutputPortDepth(CausalityInterfaceForComposites.java:759)
	at ptolemy.actor.util.CausalityInterfaceForComposites._computeInputDepth(CausalityInterfaceForComposites.java:696)
	at ptolemy.actor.util.CausalityInterfaceForComposites._computeOutputPortDepth(CausalityInterfaceForComposites.java:765)
	at ptolemy.actor.util.CausalityInterfaceForComposites._computeInputDepth(CausalityInterfaceForComposites.java:696)
	at ptolemy.actor.util.CausalityInterfaceForComposites._computeOutputPortDepth(CausalityInterfaceForComposites.java:765)
	at ptolemy.actor.util.CausalityInterfaceForComposites._computeInputDepth(CausalityInterfaceForComposites.java:696)
	at ptolemy.actor.util.CausalityInterfaceForComposites._computeActorDepth(CausalityInterfaceForComposites.java:532)
	at ptolemy.actor.util.CausalityInterfaceForComposites.checkForCycles(CausalityInterfaceForComposites.java:96)
	at ptolemy.domains.de.kernel.DEDirector.preinitialize(DEDirector.java:1338)
	at ptolemy.actor.CompositeActor.preinitialize(CompositeActor.java:1828)
	at ptolemy.actor.Manager.preinitializeAndResolveTypes(Manager.java:1040)
	at ptolemy.actor.Manager.initialize(Manager.java:710)
	at ptolemy.actor.Manager.execute(Manager.java:356)
	at ptolemy.actor.Manager.run(Manager.java:1263)
	at ptolemy.actor.Manager$PtolemyRunThread.run(Manager.java:1915)

    while executing
ptolemy.kernel.util.IllegalActionException: Found a zero delay loop containing .dependencyLoop.original
  in .dependencyLoop and .dependencyLoop.original
    while executing
"java::new ptolemy.moml.MoMLSimpleApplication $file
"
    (procedure "createAndExecute" line 2)
    invoked from within
"createAndExecute $file"
    ("uplevel" body line 5)
    invoked from within
"uplevel $contents_of_test"
------------------ testing $PTII/ptolemy/domains/de/test/auto/knownFailedTests/DESDFClockTest.xml (Known Failure) 
2091 ms. Memory: 146944K Free: 116518K (79%)


==== $PTIIhome/travis/build/icyphy/ptII/ptolemy/domains/de/test/../../../../: Auto Automatic test in file $PTII/ptolemy/domains/de/test/auto/knownFailedTests/DESDFClockTest.xml
==== Contents of test case:

	    # FIXME: we should use $relativeFilename here, but it
	    # might have backslashes under Windows, which causes no end
	    # of trouble.
	    createAndExecute $file
	    list {}
	
.... Test generated KNOWN error:
    while executing
ptolemy.kernel.util.IllegalActionException: Actor is not ready to fire.  Perhaps UpSample.prefire() returned false? Try debugging the actor by selecting "Listen to Actor".  Also, for SDF check moml for tokenConsumptionRate on input.
  in .DESDFClockTest.Play Bell.Copy1:SDF Director and .DESDFClockTest.Play Bell.UpSample
	at ptolemy.actor.sched.StaticSchedulingDirector.fire(StaticSchedulingDirector.java:227)
	at ptolemy.domains.sdf.kernel.SDFDirector.fire(SDFDirector.java:500)
	at ptolemy.actor.CompositeActor.fire(CompositeActor.java:455)
	at ptolemy.domains.de.kernel.DEDirector._fire(DEDirector.java:1949)
	at ptolemy.domains.de.kernel.DEDirector.fire(DEDirector.java:502)
	at ptolemy.actor.CompositeActor.fire(CompositeActor.java:455)
	at ptolemy.actor.Manager.iterate(Manager.java:851)
	at ptolemy.actor.Manager.execute(Manager.java:369)
	at ptolemy.actor.Manager.run(Manager.java:1263)
	at ptolemy.actor.Manager$PtolemyRunThread.run(Manager.java:1915)

    while executing
ptolemy.kernel.util.IllegalActionException: Actor is not ready to fire.  Perhaps UpSample.prefire() returned false? Try debugging the actor by selecting "Listen to Actor".  Also, for SDF check moml for tokenConsumptionRate on input.
  in .DESDFClockTest.Play Bell.Copy1:SDF Director and .DESDFClockTest.Play Bell.UpSample
    while executing
"java::new ptolemy.moml.MoMLSimpleApplication $file
"
    (procedure "createAndExecute" line 2)
    invoked from within
"createAndExecute $file"
    ("uplevel" body line 5)
    invoked from within
"uplevel $contents_of_test"
------------------ testing $PTII/ptolemy/domains/de/test/auto/knownFailedTests/FSMSource.xml (Known Failure) 
43 ms. Memory: 146944K Free: 106921K (73%)
!!!! Auto was marked as failing, but now passes
------------------ testing $PTII/ptolemy/domains/de/test/auto/knownFailedTests/dependencyLoop2.xml (Known Failure) 
12 ms. Memory: 146944K Free: 105038K (71%)


==== $PTIIhome/travis/build/icyphy/ptII/ptolemy/domains/de/test/../../../../: Auto Automatic test in file $PTII/ptolemy/domains/de/test/auto/knownFailedTests/dependencyLoop2.xml
==== Contents of test case:

	    # FIXME: we should use $relativeFilename here, but it
	    # might have backslashes under Windows, which causes no end
	    # of trouble.
	    createAndExecute $file
	    list {}
	
.... Test generated KNOWN error:
    while executing
ptolemy.kernel.util.IllegalActionException: Found a zero delay loop containing .dependencyLoop2.original
  in .dependencyLoop2 and .dependencyLoop2.original
	at ptolemy.actor.util.CausalityInterfaceForComposites._computeOutputPortDepth(CausalityInterfaceForComposites.java:759)
	at ptolemy.actor.util.CausalityInterfaceForComposites._computeInputDepth(CausalityInterfaceForComposites.java:696)
	at ptolemy.actor.util.CausalityInterfaceForComposites._computeOutputPortDepth(CausalityInterfaceForComposites.java:765)
	at ptolemy.actor.util.CausalityInterfaceForComposites._computeInputDepth(CausalityInterfaceForComposites.java:696)
	at ptolemy.actor.util.CausalityInterfaceForComposites._computeOutputPortDepth(CausalityInterfaceForComposites.java:765)
	at ptolemy.actor.util.CausalityInterfaceForComposites._computeInputDepth(CausalityInterfaceForComposites.java:696)
	at ptolemy.actor.util.CausalityInterfaceForComposites._computeActorDepth(CausalityInterfaceForComposites.java:532)
	at ptolemy.actor.util.CausalityInterfaceForComposites.checkForCycles(CausalityInterfaceForComposites.java:96)
	at ptolemy.domains.de.kernel.DEDirector.preinitialize(DEDirector.java:1338)
	at ptolemy.actor.CompositeActor.preinitialize(CompositeActor.java:1828)
	at ptolemy.actor.Manager.preinitializeAndResolveTypes(Manager.java:1040)
	at ptolemy.actor.Manager.initialize(Manager.java:710)
	at ptolemy.actor.Manager.execute(Manager.java:356)
	at ptolemy.actor.Manager.run(Manager.java:1263)
	at ptolemy.actor.Manager$PtolemyRunThread.run(Manager.java:1915)

    while executing
ptolemy.kernel.util.IllegalActionException: Found a zero delay loop containing .dependencyLoop2.original
  in .dependencyLoop2 and .dependencyLoop2.original
    while executing
"java::new ptolemy.moml.MoMLSimpleApplication $file
"
    (procedure "createAndExecute" line 2)
    invoked from within
"createAndExecute $file"
    ("uplevel" body line 5)
    invoked from within
"uplevel $contents_of_test"
------------------ testing $PTII/ptolemy/domains/de/test/auto/knownFailedTests/HierarchicalModel.xml (Known Failure) 
5 ms. Memory: 146944K Free: 84509K (58%)


==== $PTIIhome/travis/build/icyphy/ptII/ptolemy/domains/de/test/../../../../: Auto Automatic test in file $PTII/ptolemy/domains/de/test/auto/knownFailedTests/HierarchicalModel.xml
==== Contents of test case:

	    # FIXME: we should use $relativeFilename here, but it
	    # might have backslashes under Windows, which causes no end
	    # of trouble.
	    createAndExecute $file
	    list {}
	
.... Test generated KNOWN error:
    while executing
ptolemy.kernel.util.IllegalActionException: Found a zero delay loop containing .HierarchicalModel.A
  in .HierarchicalModel and .HierarchicalModel.A
	at ptolemy.actor.util.CausalityInterfaceForComposites._computeOutputPortDepth(CausalityInterfaceForComposites.java:759)
	at ptolemy.actor.util.CausalityInterfaceForComposites._computeInputDepth(CausalityInterfaceForComposites.java:696)
	at ptolemy.actor.util.CausalityInterfaceForComposites._computeOutputPortDepth(CausalityInterfaceForComposites.java:765)
	at ptolemy.actor.util.CausalityInterfaceForComposites._computeInputDepth(CausalityInterfaceForComposites.java:696)
	at ptolemy.actor.util.CausalityInterfaceForComposites._computeOutputPortDepth(CausalityInterfaceForComposites.java:765)
	at ptolemy.actor.util.CausalityInterfaceForComposites._computeInputDepth(CausalityInterfaceForComposites.java:696)
	at ptolemy.actor.util.CausalityInterfaceForComposites._computeActorDepth(CausalityInterfaceForComposites.java:532)
	at ptolemy.actor.util.CausalityInterfaceForComposites.checkForCycles(CausalityInterfaceForComposites.java:96)
	at ptolemy.domains.de.kernel.DEDirector.preinitialize(DEDirector.java:1338)
	at ptolemy.actor.CompositeActor.preinitialize(CompositeActor.java:1828)
	at ptolemy.actor.Manager.preinitializeAndResolveTypes(Manager.java:1040)
	at ptolemy.actor.Manager.initialize(Manager.java:710)
	at ptolemy.actor.Manager.execute(Manager.java:356)
	at ptolemy.actor.Manager.run(Manager.java:1263)
	at ptolemy.actor.Manager$PtolemyRunThread.run(Manager.java:1915)

    while executing
ptolemy.kernel.util.IllegalActionException: Found a zero delay loop containing .HierarchicalModel.A
  in .HierarchicalModel and .HierarchicalModel.A
    while executing
"java::new ptolemy.moml.MoMLSimpleApplication $file
"
    (procedure "createAndExecute" line 2)
    invoked from within
"createAndExecute $file"
    ("uplevel" body line 5)
    invoked from within
"uplevel $contents_of_test"
------------------ testing $PTII/ptolemy/domains/de/test/auto/knownFailedTests/DirectFeedback.xml (Known Failure) 
8 ms. Memory: 146944K Free: 140132K (95%)


==== $PTIIhome/travis/build/icyphy/ptII/ptolemy/domains/de/test/../../../../: Auto Automatic test in file $PTII/ptolemy/domains/de/test/auto/knownFailedTests/DirectFeedback.xml
==== Contents of test case:

	    # FIXME: we should use $relativeFilename here, but it
	    # might have backslashes under Windows, which causes no end
	    # of trouble.
	    createAndExecute $file
	    list {}
	
.... Test generated KNOWN error:
    while executing
ptolemy.kernel.util.IllegalActionException: Test fails in iteration 1.
Value was: 1.0. Should have been: 2.0
  in .DirectFeedback.Test
	at ptolemy.actor.lib.Test.fire(Test.java:268)
	at ptolemy.domains.de.kernel.DEDirector._fire(DEDirector.java:1949)
	at ptolemy.domains.de.kernel.DEDirector.fire(DEDirector.java:502)
	at ptolemy.actor.CompositeActor.fire(CompositeActor.java:455)
	at ptolemy.actor.Manager.iterate(Manager.java:851)
	at ptolemy.actor.Manager.execute(Manager.java:369)
	at ptolemy.actor.Manager.run(Manager.java:1263)
	at ptolemy.actor.Manager$PtolemyRunThread.run(Manager.java:1915)

    while executing
ptolemy.kernel.util.IllegalActionException: Test fails in iteration 1.
Value was: 1.0. Should have been: 2.0
  in .DirectFeedback.Test
    while executing
"java::new ptolemy.moml.MoMLSimpleApplication $file
"
    (procedure "createAndExecute" line 2)
    invoked from within
"createAndExecute $file"
    ("uplevel" body line 5)
    invoked from within
"uplevel $contents_of_test"
------------------ testing $PTII/ptolemy/domains/de/test/auto/ActorDepthCalculation_actorWithoutPorts.xml
auto.tcl: Setting watchdog for 200 seconds at Wed Oct 10 02:29:43 UTC 2018
10 ms. Memory: 146944K Free: 132487K (90%)
ptolemy.util.test.WatchDog.cancel(): canceling Wed Oct 10 02:29:43 UTC 2018
auto.tcl: Setting watchdog for 200 seconds at Wed Oct 10 02:29:43 UTC 2018
5 ms. Memory: 146944K Free: 130416K (89%)
ptolemy.util.test.WatchDog.cancel(): canceling Wed Oct 10 02:29:43 UTC 2018
------------------ testing $PTII/ptolemy/domains/de/test/auto/AssemblyLine.xml
auto.tcl: Setting watchdog for 200 seconds at Wed Oct 10 02:29:43 UTC 2018
22 ms. Memory: 208384K Free: 182859K (88%)
ptolemy.util.test.WatchDog.cancel(): canceling Wed Oct 10 02:29:43 UTC 2018
auto.tcl: Setting watchdog for 200 seconds at Wed Oct 10 02:29:43 UTC 2018
11 ms. Memory: 208384K Free: 182859K (88%)
ptolemy.util.test.WatchDog.cancel(): canceling Wed Oct 10 02:29:43 UTC 2018
------------------ testing $PTII/ptolemy/domains/de/test/auto/CQBug1.xml
auto.tcl: Setting watchdog for 200 seconds at Wed Oct 10 02:29:43 UTC 2018
13 ms. Memory: 208384K Free: 197726K (95%)
ptolemy.util.test.WatchDog.cancel(): canceling Wed Oct 10 02:29:43 UTC 2018
auto.tcl: Setting watchdog for 200 seconds at Wed Oct 10 02:29:43 UTC 2018
3 ms. Memory: 208384K Free: 197726K (95%)
ptolemy.util.test.WatchDog.cancel(): canceling Wed Oct 10 02:29:43 UTC 2018
------------------ testing $PTII/ptolemy/domains/de/test/auto/CancelFireAt.xml
auto.tcl: Setting watchdog for 200 seconds at Wed Oct 10 02:29:44 UTC 2018
5 ms. Memory: 208384K Free: 201437K (97%)
ptolemy.util.test.WatchDog.cancel(): canceling Wed Oct 10 02:29:44 UTC 2018
auto.tcl: Setting watchdog for 200 seconds at Wed Oct 10 02:29:44 UTC 2018
2 ms. Memory: 208384K Free: 199338K (96%)
ptolemy.util.test.WatchDog.cancel(): canceling Wed Oct 10 02:29:44 UTC 2018
------------------ testing $PTII/ptolemy/domains/de/test/auto/CausalityAndComposabilityAnalysis.xml
auto.tcl: Setting watchdog for 200 seconds at Wed Oct 10 02:29:44 UTC 2018
9 ms. Memory: 208384K Free: 196488K (94%)
ptolemy.util.test.WatchDog.cancel(): canceling Wed Oct 10 02:29:44 UTC 2018
auto.tcl: Setting watchdog for 200 seconds at Wed Oct 10 02:29:44 UTC 2018
6 ms. Memory: 208384K Free: 196488K (94%)
ptolemy.util.test.WatchDog.cancel(): canceling Wed Oct 10 02:29:44 UTC 2018
------------------ testing $PTII/ptolemy/domains/de/test/auto/CausalityInterface1.xml
auto.tcl: Setting watchdog for 200 seconds at Wed Oct 10 02:29:44 UTC 2018
17 ms. Memory: 208384K Free: 196408K (94%)
ptolemy.util.test.WatchDog.cancel(): canceling Wed Oct 10 02:29:44 UTC 2018
auto.tcl: Setting watchdog for 200 seconds at Wed Oct 10 02:29:44 UTC 2018
4 ms. Memory: 208384K Free: 196408K (94%)
ptolemy.util.test.WatchDog.cancel(): canceling Wed Oct 10 02:29:44 UTC 2018
------------------ testing $PTII/ptolemy/domains/de/test/auto/CausalityInterface15.xml
auto.tcl: Setting watchdog for 200 seconds at Wed Oct 10 02:29:44 UTC 2018
8 ms. Memory: 208384K Free: 196414K (94%)
ptolemy.util.test.WatchDog.cancel(): canceling Wed Oct 10 02:29:44 UTC 2018
auto.tcl: Setting watchdog for 200 seconds at Wed Oct 10 02:29:44 UTC 2018
7 ms. Memory: 208384K Free: 196414K (94%)
ptolemy.util.test.WatchDog.cancel(): canceling Wed Oct 10 02:29:44 UTC 2018
------------------ testing $PTII/ptolemy/domains/de/test/auto/CausalityInterface2.xml
auto.tcl: Setting watchdog for 200 seconds at Wed Oct 10 02:29:44 UTC 2018
10 ms. Memory: 208384K Free: 196381K (94%)
ptolemy.util.test.WatchDog.cancel(): canceling Wed Oct 10 02:29:44 UTC 2018
auto.tcl: Setting watchdog for 200 seconds at Wed Oct 10 02:29:44 UTC 2018
3 ms. Memory: 208384K Free: 196381K (94%)
ptolemy.util.test.WatchDog.cancel(): canceling Wed Oct 10 02:29:44 UTC 2018
------------------ testing $PTII/ptolemy/domains/de/test/auto/CausalityInterface3.xml
auto.tcl: Setting watchdog for 200 seconds at Wed Oct 10 02:29:44 UTC 2018
3 ms. Memory: 208384K Free: 196410K (94%)
ptolemy.util.test.WatchDog.cancel(): canceling Wed Oct 10 02:29:44 UTC 2018
auto.tcl: Setting watchdog for 200 seconds at Wed Oct 10 02:29:44 UTC 2018
4 ms. Memory: 208384K Free: 196410K (94%)
ptolemy.util.test.WatchDog.cancel(): canceling Wed Oct 10 02:29:44 UTC 2018
------------------ testing $PTII/ptolemy/domains/de/test/auto/ClockDrift.xml
auto.tcl: Setting watchdog for 200 seconds at Wed Oct 10 02:29:44 UTC 2018
107 ms. Memory: 208384K Free: 187619K (90%)
ptolemy.util.test.WatchDog.cancel(): canceling Wed Oct 10 02:29:44 UTC 2018
auto.tcl: Setting watchdog for 200 seconds at Wed Oct 10 02:29:44 UTC 2018
65 ms. Memory: 208384K Free: 185515K (89%)
ptolemy.util.test.WatchDog.cancel(): canceling Wed Oct 10 02:29:44 UTC 2018
------------------ testing $PTII/ptolemy/domains/de/test/auto/ClockDriftAndValueChange.xml
auto.tcl: Setting watchdog for 200 seconds at Wed Oct 10 02:29:44 UTC 2018
28 ms. Memory: 208384K Free: 187452K (90%)
ptolemy.util.test.WatchDog.cancel(): canceling Wed Oct 10 02:29:45 UTC 2018
auto.tcl: Setting watchdog for 200 seconds at Wed Oct 10 02:29:45 UTC 2018
31 ms. Memory: 208384K Free: 185347K (89%)
ptolemy.util.test.WatchDog.cancel(): canceling Wed Oct 10 02:29:45 UTC 2018
------------------ testing $PTII/ptolemy/domains/de/test/auto/ClockDriftChange.xml
auto.tcl: Setting watchdog for 200 seconds at Wed Oct 10 02:29:45 UTC 2018
37 ms. Memory: 208384K Free: 190807K (92%)
ptolemy.util.test.WatchDog.cancel(): canceling Wed Oct 10 02:29:45 UTC 2018
auto.tcl: Setting watchdog for 200 seconds at Wed Oct 10 02:29:45 UTC 2018
30 ms. Memory: 208384K Free: 188711K (91%)
ptolemy.util.test.WatchDog.cancel(): canceling Wed Oct 10 02:29:45 UTC 2018
------------------ testing $PTII/ptolemy/domains/de/test/auto/ComposableCausalityAnalysis.xml
auto.tcl: Setting watchdog for 200 seconds at Wed Oct 10 02:29:45 UTC 2018
2 ms. Memory: 208384K Free: 196262K (94%)
ptolemy.util.test.WatchDog.cancel(): canceling Wed Oct 10 02:29:45 UTC 2018
auto.tcl: Setting watchdog for 200 seconds at Wed Oct 10 02:29:45 UTC 2018
2 ms. Memory: 208384K Free: 194149K (93%)
ptolemy.util.test.WatchDog.cancel(): canceling Wed Oct 10 02:29:45 UTC 2018
------------------ testing $PTII/ptolemy/domains/de/test/auto/DEFixedPointLimitation.xml
auto.tcl: Setting watchdog for 200 seconds at Wed Oct 10 02:29:45 UTC 2018
3 ms. Memory: 208384K Free: 196123K (94%)
ptolemy.util.test.WatchDog.cancel(): canceling Wed Oct 10 02:29:45 UTC 2018
auto.tcl: Setting watchdog for 200 seconds at Wed Oct 10 02:29:45 UTC 2018
2 ms. Memory: 208384K Free: 196123K (94%)
ptolemy.util.test.WatchDog.cancel(): canceling Wed Oct 10 02:29:45 UTC 2018
------------------ testing $PTII/ptolemy/domains/de/test/auto/DEScheduleTest.xml
auto.tcl: Setting watchdog for 200 seconds at Wed Oct 10 02:29:45 UTC 2018
6 ms. Memory: 208384K Free: 198271K (95%)
ptolemy.util.test.WatchDog.cancel(): canceling Wed Oct 10 02:29:45 UTC 2018
auto.tcl: Setting watchdog for 200 seconds at Wed Oct 10 02:29:45 UTC 2018
5 ms. Memory: 208384K Free: 196158K (94%)
ptolemy.util.test.WatchDog.cancel(): canceling Wed Oct 10 02:29:45 UTC 2018
------------------ testing $PTII/ptolemy/domains/de/test/auto/DEinDEwithStartTimes.xml
auto.tcl: Setting watchdog for 200 seconds at Wed Oct 10 02:29:45 UTC 2018
7 ms. Memory: 208384K Free: 196136K (94%)
ptolemy.util.test.WatchDog.cancel(): canceling Wed Oct 10 02:29:45 UTC 2018
auto.tcl: Setting watchdog for 200 seconds at Wed Oct 10 02:29:45 UTC 2018
6 ms. Memory: 208384K Free: 194024K (93%)
ptolemy.util.test.WatchDog.cancel(): canceling Wed Oct 10 02:29:45 UTC 2018
------------------ testing $PTII/ptolemy/domains/de/test/auto/DEinDEwithStartTimes2.xml
auto.tcl: Setting watchdog for 200 seconds at Wed Oct 10 02:29:45 UTC 2018
8 ms. Memory: 208384K Free: 196132K (94%)
ptolemy.util.test.WatchDog.cancel(): canceling Wed Oct 10 02:29:45 UTC 2018
auto.tcl: Setting watchdog for 200 seconds at Wed Oct 10 02:29:45 UTC 2018
4 ms. Memory: 208384K Free: 194027K (93%)
ptolemy.util.test.WatchDog.cancel(): canceling Wed Oct 10 02:29:45 UTC 2018
------------------ testing $PTII/ptolemy/domains/de/test/auto/DateDemo.xml
auto.tcl: Setting watchdog for 200 seconds at Wed Oct 10 02:29:45 UTC 2018
11 ms. Memory: 208384K Free: 188547K (90%)
ptolemy.util.test.WatchDog.cancel(): canceling Wed Oct 10 02:29:45 UTC 2018
auto.tcl: Setting watchdog for 200 seconds at Wed Oct 10 02:29:45 UTC 2018
6 ms. Memory: 208384K Free: 186434K (89%)
ptolemy.util.test.WatchDog.cancel(): canceling Wed Oct 10 02:29:45 UTC 2018
------------------ testing $PTII/ptolemy/domains/de/test/auto/DateToEvent.xml
auto.tcl: Setting watchdog for 200 seconds at Wed Oct 10 02:29:45 UTC 2018
2020 ms. Memory: 208384K Free: 183247K (88%)
ptolemy.util.test.WatchDog.cancel(): canceling Wed Oct 10 02:29:48 UTC 2018
auto.tcl: Setting watchdog for 200 seconds at Wed Oct 10 02:29:48 UTC 2018
2004 ms. Memory: 208384K Free: 183247K (88%)
ptolemy.util.test.WatchDog.cancel(): canceling Wed Oct 10 02:29:50 UTC 2018
------------------ testing $PTII/ptolemy/domains/de/test/auto/DepthTest1.xml
auto.tcl: Setting watchdog for 200 seconds at Wed Oct 10 02:29:50 UTC 2018
4 ms. Memory: 208384K Free: 197799K (95%)
ptolemy.util.test.WatchDog.cancel(): canceling Wed Oct 10 02:29:50 UTC 2018
auto.tcl: Setting watchdog for 200 seconds at Wed Oct 10 02:29:50 UTC 2018
2 ms. Memory: 208384K Free: 197799K (95%)
ptolemy.util.test.WatchDog.cancel(): canceling Wed Oct 10 02:29:50 UTC 2018
------------------ testing $PTII/ptolemy/domains/de/test/auto/DepthTest2.xml
auto.tcl: Setting watchdog for 200 seconds at Wed Oct 10 02:29:50 UTC 2018
3 ms. Memory: 208384K Free: 194006K (93%)
ptolemy.util.test.WatchDog.cancel(): canceling Wed Oct 10 02:29:50 UTC 2018
auto.tcl: Setting watchdog for 200 seconds at Wed Oct 10 02:29:50 UTC 2018
5 ms. Memory: 208384K Free: 194006K (93%)
ptolemy.util.test.WatchDog.cancel(): canceling Wed Oct 10 02:29:50 UTC 2018
------------------ testing $PTII/ptolemy/domains/de/test/auto/DepthTest3.xml
auto.tcl: Setting watchdog for 200 seconds at Wed Oct 10 02:29:50 UTC 2018
7 ms. Memory: 208384K Free: 198149K (95%)
ptolemy.util.test.WatchDog.cancel(): canceling Wed Oct 10 02:29:50 UTC 2018
auto.tcl: Setting watchdog for 200 seconds at Wed Oct 10 02:29:50 UTC 2018
1 ms. Memory: 208384K Free: 198149K (95%)
ptolemy.util.test.WatchDog.cancel(): canceling Wed Oct 10 02:29:50 UTC 2018
------------------ testing $PTII/ptolemy/domains/de/test/auto/DepthTest4.xml
auto.tcl: Setting watchdog for 200 seconds at Wed Oct 10 02:29:50 UTC 2018
5 ms. Memory: 208384K Free: 196140K (94%)
ptolemy.util.test.WatchDog.cancel(): canceling Wed Oct 10 02:29:50 UTC 2018
auto.tcl: Setting watchdog for 200 seconds at Wed Oct 10 02:29:50 UTC 2018
2 ms. Memory: 208384K Free: 196140K (94%)
ptolemy.util.test.WatchDog.cancel(): canceling Wed Oct 10 02:29:50 UTC 2018
------------------ testing $PTII/ptolemy/domains/de/test/auto/DepthTest5.xml
auto.tcl: Setting watchdog for 200 seconds at Wed Oct 10 02:29:50 UTC 2018
5 ms. Memory: 208384K Free: 196071K (94%)
ptolemy.util.test.WatchDog.cancel(): canceling Wed Oct 10 02:29:50 UTC 2018
auto.tcl: Setting watchdog for 200 seconds at Wed Oct 10 02:29:50 UTC 2018
2 ms. Memory: 208384K Free: 196071K (94%)
ptolemy.util.test.WatchDog.cancel(): canceling Wed Oct 10 02:29:50 UTC 2018
------------------ testing $PTII/ptolemy/domains/de/test/auto/DepthTest6.xml
auto.tcl: Setting watchdog for 200 seconds at Wed Oct 10 02:29:50 UTC 2018
7 ms. Memory: 208384K Free: 196392K (94%)
ptolemy.util.test.WatchDog.cancel(): canceling Wed Oct 10 02:29:50 UTC 2018
auto.tcl: Setting watchdog for 200 seconds at Wed Oct 10 02:29:50 UTC 2018
3 ms. Memory: 208384K Free: 196392K (94%)
ptolemy.util.test.WatchDog.cancel(): canceling Wed Oct 10 02:29:50 UTC 2018
------------------ testing $PTII/ptolemy/domains/de/test/auto/DepthTest7.xml
auto.tcl: Setting watchdog for 200 seconds at Wed Oct 10 02:29:50 UTC 2018
3 ms. Memory: 208384K Free: 196044K (94%)
ptolemy.util.test.WatchDog.cancel(): canceling Wed Oct 10 02:29:50 UTC 2018
auto.tcl: Setting watchdog for 200 seconds at Wed Oct 10 02:29:50 UTC 2018
2 ms. Memory: 208384K Free: 196044K (94%)
ptolemy.util.test.WatchDog.cancel(): canceling Wed Oct 10 02:29:50 UTC 2018
------------------ testing $PTII/ptolemy/domains/de/test/auto/EventToDate.xml
auto.tcl: Setting watchdog for 200 seconds at Wed Oct 10 02:29:50 UTC 2018
3005 ms. Memory: 208384K Free: 185517K (89%)
ptolemy.util.test.WatchDog.cancel(): canceling Wed Oct 10 02:29:53 UTC 2018
auto.tcl: Setting watchdog for 200 seconds at Wed Oct 10 02:29:53 UTC 2018
3004 ms. Memory: 208384K Free: 185517K (89%)
ptolemy.util.test.WatchDog.cancel(): canceling Wed Oct 10 02:29:56 UTC 2018
------------------ testing $PTII/ptolemy/domains/de/test/auto/FSM1.xml
auto.tcl: Setting watchdog for 200 seconds at Wed Oct 10 02:29:56 UTC 2018
19 ms. Memory: 208384K Free: 186588K (90%)
ptolemy.util.test.WatchDog.cancel(): canceling Wed Oct 10 02:29:56 UTC 2018
auto.tcl: Setting watchdog for 200 seconds at Wed Oct 10 02:29:56 UTC 2018
15 ms. Memory: 208384K Free: 182362K (88%)
ptolemy.util.test.WatchDog.cancel(): canceling Wed Oct 10 02:29:56 UTC 2018
------------------ testing $PTII/ptolemy/domains/de/test/auto/FSM7.xml
auto.tcl: Setting watchdog for 200 seconds at Wed Oct 10 02:29:56 UTC 2018
20 ms. Memory: 208384K Free: 187159K (90%)
ptolemy.util.test.WatchDog.cancel(): canceling Wed Oct 10 02:29:56 UTC 2018
auto.tcl: Setting watchdog for 200 seconds at Wed Oct 10 02:29:56 UTC 2018
28 ms. Memory: 208384K Free: 185062K (89%)
ptolemy.util.test.WatchDog.cancel(): canceling Wed Oct 10 02:29:56 UTC 2018
------------------ testing $PTII/ptolemy/domains/de/test/auto/Inspection.xml
auto.tcl: Setting watchdog for 200 seconds at Wed Oct 10 02:29:56 UTC 2018
50 ms. Memory: 208384K Free: 188365K (90%)
ptolemy.util.test.WatchDog.cancel(): canceling Wed Oct 10 02:29:57 UTC 2018
auto.tcl: Setting watchdog for 200 seconds at Wed Oct 10 02:29:57 UTC 2018
22 ms. Memory: 208384K Free: 186252K (89%)
ptolemy.util.test.WatchDog.cancel(): canceling Wed Oct 10 02:29:57 UTC 2018
------------------ testing $PTII/ptolemy/domains/de/test/auto/Iteration.xml
auto.tcl: Setting watchdog for 200 seconds at Wed Oct 10 02:29:57 UTC 2018
8 ms. Memory: 208384K Free: 195833K (94%)
ptolemy.util.test.WatchDog.cancel(): canceling Wed Oct 10 02:29:57 UTC 2018
auto.tcl: Setting watchdog for 200 seconds at Wed Oct 10 02:29:57 UTC 2018
8 ms. Memory: 208384K Free: 193728K (93%)
ptolemy.util.test.WatchDog.cancel(): canceling Wed Oct 10 02:29:57 UTC 2018
------------------ testing $PTII/ptolemy/domains/de/test/auto/LineFault.xml
auto.tcl: Setting watchdog for 200 seconds at Wed Oct 10 02:29:57 UTC 2018
754 ms. Memory: 208384K Free: 196064K (94%)
ptolemy.util.test.WatchDog.cancel(): canceling Wed Oct 10 02:29:58 UTC 2018
auto.tcl: Setting watchdog for 200 seconds at Wed Oct 10 02:29:58 UTC 2018
711 ms. Memory: 208384K Free: 138714K (67%)
ptolemy.util.test.WatchDog.cancel(): canceling Wed Oct 10 02:29:58 UTC 2018
------------------ testing $PTII/ptolemy/domains/de/test/auto/MergeModel1Add.xml
auto.tcl: Setting watchdog for 200 seconds at Wed Oct 10 02:29:59 UTC 2018
31 ms. Memory: 331264K Free: 298638K (90%)
ptolemy.util.test.WatchDog.cancel(): canceling Wed Oct 10 02:29:59 UTC 2018
auto.tcl: Setting watchdog for 200 seconds at Wed Oct 10 02:29:59 UTC 2018
12 ms. Memory: 331264K Free: 298638K (90%)
ptolemy.util.test.WatchDog.cancel(): canceling Wed Oct 10 02:29:59 UTC 2018
------------------ testing $PTII/ptolemy/domains/de/test/auto/MergeModel2Add.xml
auto.tcl: Setting watchdog for 200 seconds at Wed Oct 10 02:29:59 UTC 2018
14 ms. Memory: 331264K Free: 303935K (92%)
ptolemy.util.test.WatchDog.cancel(): canceling Wed Oct 10 02:29:59 UTC 2018
auto.tcl: Setting watchdog for 200 seconds at Wed Oct 10 02:29:59 UTC 2018
7 ms. Memory: 331264K Free: 299975K (91%)
ptolemy.util.test.WatchDog.cancel(): canceling Wed Oct 10 02:29:59 UTC 2018
------------------ testing $PTII/ptolemy/domains/de/test/auto/MergeModel3Add.xml
auto.tcl: Setting watchdog for 200 seconds at Wed Oct 10 02:29:59 UTC 2018
9 ms. Memory: 331264K Free: 303937K (92%)
ptolemy.util.test.WatchDog.cancel(): canceling Wed Oct 10 02:29:59 UTC 2018
auto.tcl: Setting watchdog for 200 seconds at Wed Oct 10 02:29:59 UTC 2018
8 ms. Memory: 331264K Free: 299994K (91%)
ptolemy.util.test.WatchDog.cancel(): canceling Wed Oct 10 02:29:59 UTC 2018
------------------ testing $PTII/ptolemy/domains/de/test/auto/MergeWithoutDiscard.xml
auto.tcl: Setting watchdog for 200 seconds at Wed Oct 10 02:29:59 UTC 2018
4 ms. Memory: 331264K Free: 319740K (97%)
ptolemy.util.test.WatchDog.cancel(): canceling Wed Oct 10 02:29:59 UTC 2018
auto.tcl: Setting watchdog for 200 seconds at Wed Oct 10 02:29:59 UTC 2018
2 ms. Memory: 331264K Free: 315796K (95%)
ptolemy.util.test.WatchDog.cancel(): canceling Wed Oct 10 02:29:59 UTC 2018
------------------ testing $PTII/ptolemy/domains/de/test/auto/Modal1.xml
auto.tcl: Setting watchdog for 200 seconds at Wed Oct 10 02:29:59 UTC 2018
16 ms. Memory: 331264K Free: 309677K (93%)
ptolemy.util.test.WatchDog.cancel(): canceling Wed Oct 10 02:29:59 UTC 2018
auto.tcl: Setting watchdog for 200 seconds at Wed Oct 10 02:29:59 UTC 2018
13 ms. Memory: 331264K Free: 305734K (92%)
ptolemy.util.test.WatchDog.cancel(): canceling Wed Oct 10 02:29:59 UTC 2018
------------------ testing $PTII/ptolemy/domains/de/test/auto/Modal2.xml
auto.tcl: Setting watchdog for 200 seconds at Wed Oct 10 02:29:59 UTC 2018
11 ms. Memory: 331264K Free: 309551K (93%)
ptolemy.util.test.WatchDog.cancel(): canceling Wed Oct 10 02:29:59 UTC 2018
auto.tcl: Setting watchdog for 200 seconds at Wed Oct 10 02:29:59 UTC 2018
13 ms. Memory: 331264K Free: 305608K (92%)
ptolemy.util.test.WatchDog.cancel(): canceling Wed Oct 10 02:29:59 UTC 2018
------------------ testing $PTII/ptolemy/domains/de/test/auto/Modal3.xml
auto.tcl: Setting watchdog for 200 seconds at Wed Oct 10 02:29:59 UTC 2018
16 ms. Memory: 331264K Free: 309534K (93%)
ptolemy.util.test.WatchDog.cancel(): canceling Wed Oct 10 02:29:59 UTC 2018
auto.tcl: Setting watchdog for 200 seconds at Wed Oct 10 02:29:59 UTC 2018
12 ms. Memory: 331264K Free: 305574K (92%)
ptolemy.util.test.WatchDog.cancel(): canceling Wed Oct 10 02:29:59 UTC 2018
------------------ testing $PTII/ptolemy/domains/de/test/auto/Modal4.xml
auto.tcl: Setting watchdog for 200 seconds at Wed Oct 10 02:29:59 UTC 2018
28 ms. Memory: 331264K Free: 309555K (93%)
ptolemy.util.test.WatchDog.cancel(): canceling Wed Oct 10 02:29:59 UTC 2018
auto.tcl: Setting watchdog for 200 seconds at Wed Oct 10 02:29:59 UTC 2018
22 ms. Memory: 331264K Free: 305603K (92%)
ptolemy.util.test.WatchDog.cancel(): canceling Wed Oct 10 02:29:59 UTC 2018
------------------ testing $PTII/ptolemy/domains/de/test/auto/Modal5.xml
auto.tcl: Setting watchdog for 200 seconds at Wed Oct 10 02:30:00 UTC 2018
17 ms. Memory: 331264K Free: 309542K (93%)
ptolemy.util.test.WatchDog.cancel(): canceling Wed Oct 10 02:30:00 UTC 2018
auto.tcl: Setting watchdog for 200 seconds at Wed Oct 10 02:30:00 UTC 2018
14 ms. Memory: 331264K Free: 305598K (92%)
ptolemy.util.test.WatchDog.cancel(): canceling Wed Oct 10 02:30:00 UTC 2018
------------------ testing $PTII/ptolemy/domains/de/test/auto/Modal6.xml
auto.tcl: Setting watchdog for 200 seconds at Wed Oct 10 02:30:00 UTC 2018
16 ms. Memory: 331264K Free: 309547K (93%)
ptolemy.util.test.WatchDog.cancel(): canceling Wed Oct 10 02:30:00 UTC 2018
auto.tcl: Setting watchdog for 200 seconds at Wed Oct 10 02:30:00 UTC 2018
16 ms. Memory: 331264K Free: 305604K (92%)
ptolemy.util.test.WatchDog.cancel(): canceling Wed Oct 10 02:30:00 UTC 2018
------------------ testing $PTII/ptolemy/domains/de/test/auto/Modal7.xml
auto.tcl: Setting watchdog for 200 seconds at Wed Oct 10 02:30:00 UTC 2018
20 ms. Memory: 331264K Free: 309555K (93%)
ptolemy.util.test.WatchDog.cancel(): canceling Wed Oct 10 02:30:00 UTC 2018
auto.tcl: Setting watchdog for 200 seconds at Wed Oct 10 02:30:00 UTC 2018
13 ms. Memory: 331264K Free: 305611K (92%)
ptolemy.util.test.WatchDog.cancel(): canceling Wed Oct 10 02:30:00 UTC 2018
------------------ testing $PTII/ptolemy/domains/de/test/auto/ModalModel.xml
auto.tcl: Setting watchdog for 200 seconds at Wed Oct 10 02:30:00 UTC 2018
242 ms. Memory: 331264K Free: 245780K (74%)
ptolemy.util.test.WatchDog.cancel(): canceling Wed Oct 10 02:30:00 UTC 2018
auto.tcl: Setting watchdog for 200 seconds at Wed Oct 10 02:30:00 UTC 2018
239 ms. Memory: 331264K Free: 190429K (57%)
ptolemy.util.test.WatchDog.cancel(): canceling Wed Oct 10 02:30:00 UTC 2018
------------------ testing $PTII/ptolemy/domains/de/test/auto/ModalSource.xml
auto.tcl: Setting watchdog for 200 seconds at Wed Oct 10 02:30:00 UTC 2018
11 ms. Memory: 331264K Free: 316331K (95%)
ptolemy.util.test.WatchDog.cancel(): canceling Wed Oct 10 02:30:01 UTC 2018
auto.tcl: Setting watchdog for 200 seconds at Wed Oct 10 02:30:01 UTC 2018
6 ms. Memory: 331264K Free: 312804K (94%)
ptolemy.util.test.WatchDog.cancel(): canceling Wed Oct 10 02:30:01 UTC 2018
------------------ testing $PTII/ptolemy/domains/de/test/auto/NonInterruptibleTimerZeroDelay.xml
auto.tcl: Setting watchdog for 200 seconds at Wed Oct 10 02:30:01 UTC 2018
4 ms. Memory: 331264K Free: 320696K (97%)
ptolemy.util.test.WatchDog.cancel(): canceling Wed Oct 10 02:30:01 UTC 2018
auto.tcl: Setting watchdog for 200 seconds at Wed Oct 10 02:30:01 UTC 2018
3 ms. Memory: 331264K Free: 317177K (96%)
ptolemy.util.test.WatchDog.cancel(): canceling Wed Oct 10 02:30:01 UTC 2018
------------------ testing $PTII/ptolemy/domains/de/test/auto/OpenQueueingNetwork.xml
auto.tcl: Setting watchdog for 200 seconds at Wed Oct 10 02:30:01 UTC 2018
3201 ms. Memory: 573952K Free: 421749K (73%)
ptolemy.util.test.WatchDog.cancel(): canceling Wed Oct 10 02:30:04 UTC 2018
auto.tcl: Setting watchdog for 200 seconds at Wed Oct 10 02:30:04 UTC 2018
2619 ms. Memory: 550912K Free: 325889K (59%)
ptolemy.util.test.WatchDog.cancel(): canceling Wed Oct 10 02:30:07 UTC 2018
------------------ testing $PTII/ptolemy/domains/de/test/auto/OpenQueuingNetwork.xml
auto.tcl: Setting watchdog for 200 seconds at Wed Oct 10 02:30:07 UTC 2018
296 ms. Memory: 549888K Free: 445279K (81%)
ptolemy.util.test.WatchDog.cancel(): canceling Wed Oct 10 02:30:07 UTC 2018
auto.tcl: Setting watchdog for 200 seconds at Wed Oct 10 02:30:07 UTC 2018
256 ms. Memory: 549888K Free: 385175K (70%)
ptolemy.util.test.WatchDog.cancel(): canceling Wed Oct 10 02:30:07 UTC 2018
------------------ testing $PTII/ptolemy/domains/de/test/auto/PeriodicSampler.xml
auto.tcl: Setting watchdog for 200 seconds at Wed Oct 10 02:30:07 UTC 2018
3 ms. Memory: 551936K Free: 531893K (96%)
ptolemy.util.test.WatchDog.cancel(): canceling Wed Oct 10 02:30:07 UTC 2018
auto.tcl: Setting watchdog for 200 seconds at Wed Oct 10 02:30:07 UTC 2018
2 ms. Memory: 551936K Free: 531893K (96%)
ptolemy.util.test.WatchDog.cancel(): canceling Wed Oct 10 02:30:07 UTC 2018
------------------ testing $PTII/ptolemy/domains/de/test/auto/PersistentIO.xml
auto.tcl: Setting watchdog for 200 seconds at Wed Oct 10 02:30:07 UTC 2018
6 ms. Memory: 549376K Free: 524452K (95%)
ptolemy.util.test.WatchDog.cancel(): canceling Wed Oct 10 02:30:07 UTC 2018
auto.tcl: Setting watchdog for 200 seconds at Wed Oct 10 02:30:07 UTC 2018
4 ms. Memory: 549376K Free: 524452K (95%)
ptolemy.util.test.WatchDog.cancel(): canceling Wed Oct 10 02:30:07 UTC 2018
------------------ testing $PTII/ptolemy/domains/de/test/auto/PortParameterResetOnInitialize.xml
auto.tcl: Setting watchdog for 200 seconds at Wed Oct 10 02:30:08 UTC 2018
4 ms. Memory: 551424K Free: 531612K (96%)
ptolemy.util.test.WatchDog.cancel(): canceling Wed Oct 10 02:30:08 UTC 2018
auto.tcl: Setting watchdog for 200 seconds at Wed Oct 10 02:30:08 UTC 2018
2 ms. Memory: 551424K Free: 531612K (96%)
ptolemy.util.test.WatchDog.cancel(): canceling Wed Oct 10 02:30:08 UTC 2018
------------------ testing $PTII/ptolemy/domains/de/test/auto/PortParameterUpdates.xml
auto.tcl: Setting watchdog for 200 seconds at Wed Oct 10 02:30:08 UTC 2018
4 ms. Memory: 549376K Free: 529927K (96%)
ptolemy.util.test.WatchDog.cancel(): canceling Wed Oct 10 02:30:08 UTC 2018
auto.tcl: Setting watchdog for 200 seconds at Wed Oct 10 02:30:08 UTC 2018
3 ms. Memory: 549376K Free: 524463K (95%)
ptolemy.util.test.WatchDog.cancel(): canceling Wed Oct 10 02:30:08 UTC 2018
------------------ testing $PTII/ptolemy/domains/de/test/auto/QueueAndServer.xml
auto.tcl: Setting watchdog for 200 seconds at Wed Oct 10 02:30:08 UTC 2018
8 ms. Memory: 551424K Free: 526229K (95%)
ptolemy.util.test.WatchDog.cancel(): canceling Wed Oct 10 02:30:08 UTC 2018
auto.tcl: Setting watchdog for 200 seconds at Wed Oct 10 02:30:08 UTC 2018
7 ms. Memory: 551424K Free: 526229K (95%)
ptolemy.util.test.WatchDog.cancel(): canceling Wed Oct 10 02:30:08 UTC 2018
------------------ testing $PTII/ptolemy/domains/de/test/auto/Records.xml
auto.tcl: Setting watchdog for 200 seconds at Wed Oct 10 02:30:08 UTC 2018
11 ms. Memory: 549376K Free: 534283K (97%)
ptolemy.util.test.WatchDog.cancel(): canceling Wed Oct 10 02:30:08 UTC 2018
auto.tcl: Setting watchdog for 200 seconds at Wed Oct 10 02:30:08 UTC 2018
2 ms. Memory: 549376K Free: 528819K (96%)
ptolemy.util.test.WatchDog.cancel(): canceling Wed Oct 10 02:30:08 UTC 2018
------------------ testing $PTII/ptolemy/domains/de/test/auto/ResetTransitionWithStartTime1.xml
auto.tcl: Setting watchdog for 200 seconds at Wed Oct 10 02:30:08 UTC 2018
14 ms. Memory: 551424K Free: 530876K (96%)
ptolemy.util.test.WatchDog.cancel(): canceling Wed Oct 10 02:30:08 UTC 2018
auto.tcl: Setting watchdog for 200 seconds at Wed Oct 10 02:30:08 UTC 2018
8 ms. Memory: 551424K Free: 530876K (96%)
ptolemy.util.test.WatchDog.cancel(): canceling Wed Oct 10 02:30:08 UTC 2018
------------------ testing $PTII/ptolemy/domains/de/test/auto/ResetTransitionWithStartTime2.xml
auto.tcl: Setting watchdog for 200 seconds at Wed Oct 10 02:30:08 UTC 2018
13 ms. Memory: 549376K Free: 529049K (96%)
ptolemy.util.test.WatchDog.cancel(): canceling Wed Oct 10 02:30:08 UTC 2018
auto.tcl: Setting watchdog for 200 seconds at Wed Oct 10 02:30:08 UTC 2018
7 ms. Memory: 549376K Free: 529049K (96%)
ptolemy.util.test.WatchDog.cancel(): canceling Wed Oct 10 02:30:08 UTC 2018
------------------ testing $PTII/ptolemy/domains/de/test/auto/ResetTransitionWithStartTime3.xml
auto.tcl: Setting watchdog for 200 seconds at Wed Oct 10 02:30:08 UTC 2018
8 ms. Memory: 550912K Free: 530354K (96%)
ptolemy.util.test.WatchDog.cancel(): canceling Wed Oct 10 02:30:08 UTC 2018
auto.tcl: Setting watchdog for 200 seconds at Wed Oct 10 02:30:08 UTC 2018
10 ms. Memory: 550912K Free: 530354K (96%)
ptolemy.util.test.WatchDog.cancel(): canceling Wed Oct 10 02:30:08 UTC 2018
------------------ testing $PTII/ptolemy/domains/de/test/auto/ResetTransitionWithStartTime4.xml
auto.tcl: Setting watchdog for 200 seconds at Wed Oct 10 02:30:08 UTC 2018
5 ms. Memory: 549376K Free: 528816K (96%)
ptolemy.util.test.WatchDog.cancel(): canceling Wed Oct 10 02:30:08 UTC 2018
auto.tcl: Setting watchdog for 200 seconds at Wed Oct 10 02:30:08 UTC 2018
2 ms. Memory: 549376K Free: 528816K (96%)
ptolemy.util.test.WatchDog.cancel(): canceling Wed Oct 10 02:30:08 UTC 2018
------------------ testing $PTII/ptolemy/domains/de/test/auto/ResettableTimer1.xml
auto.tcl: Setting watchdog for 200 seconds at Wed Oct 10 02:30:08 UTC 2018
5 ms. Memory: 550912K Free: 535827K (97%)
ptolemy.util.test.WatchDog.cancel(): canceling Wed Oct 10 02:30:08 UTC 2018
auto.tcl: Setting watchdog for 200 seconds at Wed Oct 10 02:30:08 UTC 2018
3 ms. Memory: 550912K Free: 535827K (97%)
ptolemy.util.test.WatchDog.cancel(): canceling Wed Oct 10 02:30:08 UTC 2018
------------------ testing $PTII/ptolemy/domains/de/test/auto/ResettableTimer2.xml
auto.tcl: Setting watchdog for 200 seconds at Wed Oct 10 02:30:08 UTC 2018
5 ms. Memory: 549376K Free: 534579K (97%)
ptolemy.util.test.WatchDog.cancel(): canceling Wed Oct 10 02:30:08 UTC 2018
auto.tcl: Setting watchdog for 200 seconds at Wed Oct 10 02:30:08 UTC 2018
2 ms. Memory: 549376K Free: 534579K (97%)
ptolemy.util.test.WatchDog.cancel(): canceling Wed Oct 10 02:30:08 UTC 2018
------------------ testing $PTII/ptolemy/domains/de/test/auto/ResettableTimer3.xml
auto.tcl: Setting watchdog for 200 seconds at Wed Oct 10 02:30:08 UTC 2018
1 ms. Memory: 550912K Free: 535885K (97%)
ptolemy.util.test.WatchDog.cancel(): canceling Wed Oct 10 02:30:08 UTC 2018
auto.tcl: Setting watchdog for 200 seconds at Wed Oct 10 02:30:08 UTC 2018
1 ms. Memory: 550912K Free: 535885K (97%)
ptolemy.util.test.WatchDog.cancel(): canceling Wed Oct 10 02:30:08 UTC 2018
------------------ testing $PTII/ptolemy/domains/de/test/auto/ResettableTimer4.xml
auto.tcl: Setting watchdog for 200 seconds at Wed Oct 10 02:30:08 UTC 2018
1 ms. Memory: 549376K Free: 534592K (97%)
ptolemy.util.test.WatchDog.cancel(): canceling Wed Oct 10 02:30:08 UTC 2018
auto.tcl: Setting watchdog for 200 seconds at Wed Oct 10 02:30:08 UTC 2018
1 ms. Memory: 549376K Free: 534592K (97%)
ptolemy.util.test.WatchDog.cancel(): canceling Wed Oct 10 02:30:08 UTC 2018
------------------ testing $PTII/ptolemy/domains/de/test/auto/ResettableTimer5.xml
auto.tcl: Setting watchdog for 200 seconds at Wed Oct 10 02:30:09 UTC 2018
2 ms. Memory: 550400K Free: 530934K (96%)
ptolemy.util.test.WatchDog.cancel(): canceling Wed Oct 10 02:30:09 UTC 2018
auto.tcl: Setting watchdog for 200 seconds at Wed Oct 10 02:30:09 UTC 2018
1 ms. Memory: 550400K Free: 530934K (96%)
ptolemy.util.test.WatchDog.cancel(): canceling Wed Oct 10 02:30:09 UTC 2018
------------------ testing $PTII/ptolemy/domains/de/test/auto/ResettableTimer6.xml
auto.tcl: Setting watchdog for 200 seconds at Wed Oct 10 02:30:09 UTC 2018
2 ms. Memory: 549376K Free: 529630K (96%)
ptolemy.util.test.WatchDog.cancel(): canceling Wed Oct 10 02:30:09 UTC 2018
auto.tcl: Setting watchdog for 200 seconds at Wed Oct 10 02:30:09 UTC 2018
1 ms. Memory: 549376K Free: 529630K (96%)
ptolemy.util.test.WatchDog.cancel(): canceling Wed Oct 10 02:30:09 UTC 2018
------------------ testing $PTII/ptolemy/domains/de/test/auto/ServerZeroDelay.xml
auto.tcl: Setting watchdog for 200 seconds at Wed Oct 10 02:30:09 UTC 2018
2 ms. Memory: 550400K Free: 535554K (97%)
ptolemy.util.test.WatchDog.cancel(): canceling Wed Oct 10 02:30:09 UTC 2018
auto.tcl: Setting watchdog for 200 seconds at Wed Oct 10 02:30:09 UTC 2018
3 ms. Memory: 550400K Free: 535554K (97%)
ptolemy.util.test.WatchDog.cancel(): canceling Wed Oct 10 02:30:09 UTC 2018
------------------ testing $PTII/ptolemy/domains/de/test/auto/SmartSender.xml
auto.tcl: Setting watchdog for 200 seconds at Wed Oct 10 02:30:09 UTC 2018
3001 ms. Memory: 549376K Free: 529845K (96%)
ptolemy.util.test.WatchDog.cancel(): canceling Wed Oct 10 02:30:12 UTC 2018
auto.tcl: Setting watchdog for 200 seconds at Wed Oct 10 02:30:12 UTC 2018
3001 ms. Memory: 549376K Free: 529845K (96%)
ptolemy.util.test.WatchDog.cancel(): canceling Wed Oct 10 02:30:15 UTC 2018
------------------ testing $PTII/ptolemy/domains/de/test/auto/ThreadedComposite.xml
auto.tcl: Setting watchdog for 200 seconds at Wed Oct 10 02:30:15 UTC 2018
232 ms. Memory: 550400K Free: 510350K (93%)
ptolemy.util.test.WatchDog.cancel(): canceling Wed Oct 10 02:30:15 UTC 2018
auto.tcl: Setting watchdog for 200 seconds at Wed Oct 10 02:30:15 UTC 2018
155 ms. Memory: 550400K Free: 495526K (90%)
ptolemy.util.test.WatchDog.cancel(): canceling Wed Oct 10 02:30:15 UTC 2018
------------------ testing $PTII/ptolemy/domains/de/test/auto/Time.xml
auto.tcl: Setting watchdog for 200 seconds at Wed Oct 10 02:30:15 UTC 2018
587 ms. Memory: 549376K Free: 477864K (87%)
ptolemy.util.test.WatchDog.cancel(): canceling Wed Oct 10 02:30:16 UTC 2018
auto.tcl: Setting watchdog for 200 seconds at Wed Oct 10 02:30:16 UTC 2018
555 ms. Memory: 549376K Free: 417760K (76%)
ptolemy.util.test.WatchDog.cancel(): canceling Wed Oct 10 02:30:16 UTC 2018
------------------ testing $PTII/ptolemy/domains/de/test/auto/TimeDelayZeroDelay.xml
auto.tcl: Setting watchdog for 200 seconds at Wed Oct 10 02:30:16 UTC 2018
2 ms. Memory: 550400K Free: 535242K (97%)
ptolemy.util.test.WatchDog.cancel(): canceling Wed Oct 10 02:30:16 UTC 2018
auto.tcl: Setting watchdog for 200 seconds at Wed Oct 10 02:30:16 UTC 2018
1 ms. Memory: 550400K Free: 535242K (97%)
ptolemy.util.test.WatchDog.cancel(): canceling Wed Oct 10 02:30:16 UTC 2018
------------------ testing $PTII/ptolemy/domains/de/test/auto/TimerZeroDelay.xml
auto.tcl: Setting watchdog for 200 seconds at Wed Oct 10 02:30:17 UTC 2018
4 ms. Memory: 549376K Free: 534492K (97%)
ptolemy.util.test.WatchDog.cancel(): canceling Wed Oct 10 02:30:17 UTC 2018
auto.tcl: Setting watchdog for 200 seconds at Wed Oct 10 02:30:17 UTC 2018
2 ms. Memory: 549376K Free: 534492K (97%)
ptolemy.util.test.WatchDog.cancel(): canceling Wed Oct 10 02:30:17 UTC 2018
------------------ testing $PTII/ptolemy/domains/de/test/auto/TimingParadox.xml
auto.tcl: Setting watchdog for 200 seconds at Wed Oct 10 02:30:17 UTC 2018
430 ms. Memory: 549888K Free: 464495K (84%)
ptolemy.util.test.WatchDog.cancel(): canceling Wed Oct 10 02:30:17 UTC 2018
auto.tcl: Setting watchdog for 200 seconds at Wed Oct 10 02:30:17 UTC 2018
394 ms. Memory: 549888K Free: 426247K (78%)
ptolemy.util.test.WatchDog.cancel(): canceling Wed Oct 10 02:30:18 UTC 2018
------------------ testing $PTII/ptolemy/domains/de/test/auto/TransferInputs.xml
auto.tcl: Setting watchdog for 200 seconds at Wed Oct 10 02:30:18 UTC 2018
2 ms. Memory: 549888K Free: 533908K (97%)
ptolemy.util.test.WatchDog.cancel(): canceling Wed Oct 10 02:30:18 UTC 2018
auto.tcl: Setting watchdog for 200 seconds at Wed Oct 10 02:30:18 UTC 2018
1 ms. Memory: 549888K Free: 533908K (97%)
ptolemy.util.test.WatchDog.cancel(): canceling Wed Oct 10 02:30:18 UTC 2018
------------------ testing $PTII/ptolemy/domains/de/test/auto/TransferOutputs2.xml
auto.tcl: Setting watchdog for 200 seconds at Wed Oct 10 02:30:18 UTC 2018
9 ms. Memory: 549376K Free: 529025K (96%)
ptolemy.util.test.WatchDog.cancel(): canceling Wed Oct 10 02:30:18 UTC 2018
auto.tcl: Setting watchdog for 200 seconds at Wed Oct 10 02:30:18 UTC 2018
3 ms. Memory: 549376K Free: 529025K (96%)
ptolemy.util.test.WatchDog.cancel(): canceling Wed Oct 10 02:30:18 UTC 2018
------------------ testing $PTII/ptolemy/domains/de/test/auto/Trilateration.xml
auto.tcl: Setting watchdog for 200 seconds at Wed Oct 10 02:30:18 UTC 2018
15854 ms. Memory: 766976K Free: 143218K (19%)
ptolemy.util.test.WatchDog.cancel(): canceling Wed Oct 10 02:30:35 UTC 2018
auto.tcl: Setting watchdog for 200 seconds at Wed Oct 10 02:30:35 UTC 2018
11088 ms. Memory: 623104K Free: 459405K (74%)
ptolemy.util.test.WatchDog.cancel(): canceling Wed Oct 10 02:30:46 UTC 2018
------------------ testing $PTII/ptolemy/domains/de/test/auto/TwoSigmaDelta.xml
auto.tcl: Setting watchdog for 200 seconds at Wed Oct 10 02:30:46 UTC 2018
3415 ms. Memory: 619520K Free: 293611K (47%)
ptolemy.util.test.WatchDog.cancel(): canceling Wed Oct 10 02:30:50 UTC 2018
auto.tcl: Setting watchdog for 200 seconds at Wed Oct 10 02:30:50 UTC 2018
2255 ms. Memory: 619520K Free: 64618K (10%)
ptolemy.util.test.WatchDog.cancel(): canceling Wed Oct 10 02:30:52 UTC 2018
------------------ testing $PTII/ptolemy/domains/de/test/auto/VariableDelay.xml
auto.tcl: Setting watchdog for 200 seconds at Wed Oct 10 02:30:52 UTC 2018
2 ms. Memory: 623104K Free: 604302K (97%)
ptolemy.util.test.WatchDog.cancel(): canceling Wed Oct 10 02:30:52 UTC 2018
auto.tcl: Setting watchdog for 200 seconds at Wed Oct 10 02:30:52 UTC 2018
2 ms. Memory: 623104K Free: 604302K (97%)
ptolemy.util.test.WatchDog.cancel(): canceling Wed Oct 10 02:30:52 UTC 2018
------------------ testing $PTII/ptolemy/domains/de/test/auto/VariableDelay2.xml
auto.tcl: Setting watchdog for 200 seconds at Wed Oct 10 02:30:52 UTC 2018
9 ms. Memory: 619520K Free: 601162K (97%)
ptolemy.util.test.WatchDog.cancel(): canceling Wed Oct 10 02:30:52 UTC 2018
auto.tcl: Setting watchdog for 200 seconds at Wed Oct 10 02:30:52 UTC 2018
2 ms. Memory: 619520K Free: 601162K (97%)
ptolemy.util.test.WatchDog.cancel(): canceling Wed Oct 10 02:30:52 UTC 2018
------------------ testing $PTII/ptolemy/domains/de/test/auto/VariableDelayZeroDelay.xml
auto.tcl: Setting watchdog for 200 seconds at Wed Oct 10 02:30:52 UTC 2018
2 ms. Memory: 622592K Free: 598852K (96%)
ptolemy.util.test.WatchDog.cancel(): canceling Wed Oct 10 02:30:52 UTC 2018
auto.tcl: Setting watchdog for 200 seconds at Wed Oct 10 02:30:52 UTC 2018
2 ms. Memory: 622592K Free: 598852K (96%)
ptolemy.util.test.WatchDog.cancel(): canceling Wed Oct 10 02:30:52 UTC 2018
------------------ testing $PTII/ptolemy/domains/de/test/auto/VariableDelayZeroDelay2.xml
auto.tcl: Setting watchdog for 200 seconds at Wed Oct 10 02:30:52 UTC 2018
4 ms. Memory: 619520K Free: 595778K (96%)
ptolemy.util.test.WatchDog.cancel(): canceling Wed Oct 10 02:30:52 UTC 2018
auto.tcl: Setting watchdog for 200 seconds at Wed Oct 10 02:30:52 UTC 2018
2 ms. Memory: 619520K Free: 595778K (96%)
ptolemy.util.test.WatchDog.cancel(): canceling Wed Oct 10 02:30:52 UTC 2018
------------------ testing $PTII/ptolemy/domains/de/test/auto/deInCt.xml
auto.tcl: Setting watchdog for 200 seconds at Wed Oct 10 02:30:52 UTC 2018
0
1
1
1
1
0
0
0
1
1
1
0
0
0
1
1
1
0
0
0
0
1
1
1
0
0
0
1
1
1
1
0
0
0
1
1
1
1
7 ms. Memory: 622080K Free: 598305K (96%)
ptolemy.util.test.WatchDog.cancel(): canceling Wed Oct 10 02:30:52 UTC 2018
auto.tcl: Setting watchdog for 200 seconds at Wed Oct 10 02:30:52 UTC 2018
0
1
1
1
1
0
0
0
0
1
1
1
0
0
0
0
0
0
0
0
1
1
1
1
1
5 ms. Memory: 622080K Free: 598305K (96%)
ptolemy.util.test.WatchDog.cancel(): canceling Wed Oct 10 02:30:52 UTC 2018
------------------ testing $PTII/ptolemy/domains/de/test/auto/deInCt2.xml
auto.tcl: Setting watchdog for 200 seconds at Wed Oct 10 02:30:52 UTC 2018
0
1
1
1
0
0
1
1
1
0
0
1
1
1
0
0
1
1
1
0
0
1
1
1
0
0
1
1
1
0
0
1
1
1
0
0
1
1
1
0
0
0
14 ms. Memory: 619520K Free: 595744K (96%)
ptolemy.util.test.WatchDog.cancel(): canceling Wed Oct 10 02:30:52 UTC 2018
auto.tcl: Setting watchdog for 200 seconds at Wed Oct 10 02:30:52 UTC 2018
0
1
1
1
0
0
1
1
1
0
0
1
1
1
0
0
1
1
1
0
0
1
1
1
0
0
1
1
1
0
0
1
1
1
0
0
1
1
1
0
0
0
5 ms. Memory: 619520K Free: 595744K (96%)
ptolemy.util.test.WatchDog.cancel(): canceling Wed Oct 10 02:30:52 UTC 2018
------------------ testing $PTII/ptolemy/domains/de/test/auto/dynamicCausalityInterface1.xml
auto.tcl: Setting watchdog for 200 seconds at Wed Oct 10 02:30:53 UTC 2018
1 ms. Memory: 621568K Free: 595074K (96%)
ptolemy.util.test.WatchDog.cancel(): canceling Wed Oct 10 02:30:53 UTC 2018
auto.tcl: Setting watchdog for 200 seconds at Wed Oct 10 02:30:53 UTC 2018
0 ms. Memory: 621568K Free: 595074K (96%)
ptolemy.util.test.WatchDog.cancel(): canceling Wed Oct 10 02:30:53 UTC 2018
------------------ testing $PTII/ptolemy/domains/de/test/auto/fsm_de_test.xml
auto.tcl: Setting watchdog for 200 seconds at Wed Oct 10 02:30:53 UTC 2018
13 ms. Memory: 619520K Free: 595664K (96%)
ptolemy.util.test.WatchDog.cancel(): canceling Wed Oct 10 02:30:53 UTC 2018
auto.tcl: Setting watchdog for 200 seconds at Wed Oct 10 02:30:53 UTC 2018
5 ms. Memory: 619520K Free: 587556K (95%)
ptolemy.util.test.WatchDog.cancel(): canceling Wed Oct 10 02:30:53 UTC 2018
------------------ testing $PTII/ptolemy/domains/de/test/auto/functionDependencyReconstruction.xml
auto.tcl: Setting watchdog for 200 seconds at Wed Oct 10 02:30:53 UTC 2018
3 ms. Memory: 621568K Free: 589595K (95%)
ptolemy.util.test.WatchDog.cancel(): canceling Wed Oct 10 02:30:53 UTC 2018
auto.tcl: Setting watchdog for 200 seconds at Wed Oct 10 02:30:53 UTC 2018
3 ms. Memory: 621568K Free: 581478K (94%)
ptolemy.util.test.WatchDog.cancel(): canceling Wed Oct 10 02:30:53 UTC 2018
------------------ testing $PTII/ptolemy/domains/de/test/auto/multirate.xml
auto.tcl: Setting watchdog for 200 seconds at Wed Oct 10 02:30:53 UTC 2018
3 ms. Memory: 619520K Free: 595531K (96%)
ptolemy.util.test.WatchDog.cancel(): canceling Wed Oct 10 02:30:53 UTC 2018
auto.tcl: Setting watchdog for 200 seconds at Wed Oct 10 02:30:53 UTC 2018
3 ms. Memory: 619520K Free: 595531K (96%)
ptolemy.util.test.WatchDog.cancel(): canceling Wed Oct 10 02:30:53 UTC 2018
------------------ testing $PTII/ptolemy/domains/de/test/auto/multirate2.xml
auto.tcl: Setting watchdog for 200 seconds at Wed Oct 10 02:30:53 UTC 2018
3 ms. Memory: 621056K Free: 597256K (96%)
ptolemy.util.test.WatchDog.cancel(): canceling Wed Oct 10 02:30:53 UTC 2018
auto.tcl: Setting watchdog for 200 seconds at Wed Oct 10 02:30:53 UTC 2018
3 ms. Memory: 621056K Free: 597256K (96%)
ptolemy.util.test.WatchDog.cancel(): canceling Wed Oct 10 02:30:53 UTC 2018
------------------ testing $PTII/ptolemy/domains/de/test/auto/realtime.xml
auto.tcl: Setting watchdog for 200 seconds at Wed Oct 10 02:30:53 UTC 2018
10001 ms. Memory: 619520K Free: 595687K (96%)
ptolemy.util.test.WatchDog.cancel(): canceling Wed Oct 10 02:31:03 UTC 2018
auto.tcl: Setting watchdog for 200 seconds at Wed Oct 10 02:31:03 UTC 2018
10001 ms. Memory: 619520K Free: 595687K (96%)
ptolemy.util.test.WatchDog.cancel(): canceling Wed Oct 10 02:31:13 UTC 2018
------------------ testing $PTII/ptolemy/domains/de/test/auto/relationGroup.xml
auto.tcl: Setting watchdog for 200 seconds at Wed Oct 10 02:31:13 UTC 2018
9 ms. Memory: 621056K Free: 597280K (96%)
ptolemy.util.test.WatchDog.cancel(): canceling Wed Oct 10 02:31:13 UTC 2018
auto.tcl: Setting watchdog for 200 seconds at Wed Oct 10 02:31:13 UTC 2018
1 ms. Memory: 621056K Free: 597280K (96%)
ptolemy.util.test.WatchDog.cancel(): canceling Wed Oct 10 02:31:13 UTC 2018
------------------ testing $PTII/ptolemy/domains/de/test/auto/relationGroup2.xml
auto.tcl: Setting watchdog for 200 seconds at Wed Oct 10 02:31:13 UTC 2018
5 ms. Memory: 619520K Free: 595771K (96%)
ptolemy.util.test.WatchDog.cancel(): canceling Wed Oct 10 02:31:13 UTC 2018
auto.tcl: Setting watchdog for 200 seconds at Wed Oct 10 02:31:13 UTC 2018
1 ms. Memory: 619520K Free: 595771K (96%)
ptolemy.util.test.WatchDog.cancel(): canceling Wed Oct 10 02:31:13 UTC 2018
------------------ testing $PTII/ptolemy/domains/de/test/auto/sortWithOpaquePorts.xml
auto.tcl: Setting watchdog for 200 seconds at Wed Oct 10 02:31:13 UTC 2018
2 ms. Memory: 620544K Free: 596796K (96%)
ptolemy.util.test.WatchDog.cancel(): canceling Wed Oct 10 02:31:13 UTC 2018
auto.tcl: Setting watchdog for 200 seconds at Wed Oct 10 02:31:13 UTC 2018
2 ms. Memory: 620544K Free: 596796K (96%)
ptolemy.util.test.WatchDog.cancel(): canceling Wed Oct 10 02:31:13 UTC 2018
------------------ testing $PTII/ptolemy/domains/de/test/auto/transferInputsandOutputs.xml
auto.tcl: Setting watchdog for 200 seconds at Wed Oct 10 02:31:13 UTC 2018
2 ms. Memory: 619520K Free: 595760K (96%)
ptolemy.util.test.WatchDog.cancel(): canceling Wed Oct 10 02:31:13 UTC 2018
auto.tcl: Setting watchdog for 200 seconds at Wed Oct 10 02:31:13 UTC 2018
5 ms. Memory: 619520K Free: 595760K (96%)
ptolemy.util.test.WatchDog.cancel(): canceling Wed Oct 10 02:31:13 UTC 2018
------------------ testing $PTII/ptolemy/domains/de/test/auto/triggerType.xml
auto.tcl: Setting watchdog for 200 seconds at Wed Oct 10 02:31:13 UTC 2018
1 ms. Memory: 620544K Free: 596734K (96%)
ptolemy.util.test.WatchDog.cancel(): canceling Wed Oct 10 02:31:13 UTC 2018
auto.tcl: Setting watchdog for 200 seconds at Wed Oct 10 02:31:13 UTC 2018
2 ms. Memory: 620544K Free: 596734K (96%)
ptolemy.util.test.WatchDog.cancel(): canceling Wed Oct 10 02:31:13 UTC 2018
10/10/18 02:31:13
Failed: 0  Total Tests: 192  ((Passed: 187, Newly Passed: 1)  Known Failed: 5) /home/travis/build/icyphy/ptII/ptolemy/domains/de/test
10/10/18 02:31:13
Failed: 0  Total Tests: 192  ((Passed: 187, Newly Passed: 1)  Known Failed: 5) /home/travis/build/icyphy/ptII/ptolemy/domains/de/test
----------------- testing (KnownFailure) /home/travis/build/icyphy/ptII/ptolemy/domains/de/test/auto/knownFailedTests/DESDFClockTest.xml
2010 ms. Memory: 619520K Free: 585001K (94%)
Known Failure: java.lang.reflect.InvocationTargetException
----------------- testing (KnownFailure) /home/travis/build/icyphy/ptII/ptolemy/domains/de/test/auto/knownFailedTests/DirectFeedback.xml
2 ms. Memory: 619520K Free: 541921K (87%)
Known Failure: java.lang.reflect.InvocationTargetException
----------------- testing (KnownFailure) /home/travis/build/icyphy/ptII/ptolemy/domains/de/test/auto/knownFailedTests/FSMSource.xml
14 ms. Memory: 619520K Free: 498872K (81%)
----------------- testing (KnownFailure) /home/travis/build/icyphy/ptII/ptolemy/domains/de/test/auto/knownFailedTests/HierarchicalModel.xml
2 ms. Memory: 619520K Free: 466585K (75%)
Known Failure: java.lang.reflect.InvocationTargetException
----------------- testing (KnownFailure) /home/travis/build/icyphy/ptII/ptolemy/domains/de/test/auto/knownFailedTests/dependencyLoop.xml
2 ms. Memory: 619520K Free: 412758K (67%)
Known Failure: java.lang.reflect.InvocationTargetException
----------------- testing (KnownFailure) /home/travis/build/icyphy/ptII/ptolemy/domains/de/test/auto/knownFailedTests/dependencyLoop2.xml
3 ms. Memory: 619520K Free: 358946K (58%)
Known Failure: java.lang.reflect.InvocationTargetException
No auto/linux-amd64/*.xml tests in /home/travis/build/icyphy/ptII/ptolemy/domains/de/test
AutoTests.java: About to close Vertx.
AutoTests.java: Vertx closed.

===========================================================================================
----------------- testing Wed Oct 10 02:31:16 UTC 2018 /home/travis/build/icyphy/ptII/ptolemy/domains/de/test/auto/ActorDepthCalculation_actorWithoutPorts.xml
----------------- Instantiating /home/travis/build/icyphy/ptII/ptolemy/domains/de/test/auto/ActorDepthCalculation_actorWithoutPorts.xml
2 ms. Memory: 619520K Free: 305134K (49%)
----------------- Invoking toplevel() on ptolemy.moml.MoMLSimpleApplication@71ba1ac1
----------------- Done invoking toplevel() on ptolemy.moml.MoMLSimpleApplication@71ba1ac1
reloadAllAccessors: .ActorDepthCalculation_actorWithoutPorts

===========================================================================================
----------------- testing Wed Oct 10 02:31:16 UTC 2018 /home/travis/build/icyphy/ptII/ptolemy/domains/de/test/auto/AssemblyLine.xml
----------------- Instantiating /home/travis/build/icyphy/ptII/ptolemy/domains/de/test/auto/AssemblyLine.xml
2 ms. Memory: 619520K Free: 283609K (46%)
----------------- Invoking toplevel() on ptolemy.moml.MoMLSimpleApplication@3ad43b4f
----------------- Done invoking toplevel() on ptolemy.moml.MoMLSimpleApplication@3ad43b4f
reloadAllAccessors: .AssemblyLine

===========================================================================================
----------------- testing Wed Oct 10 02:31:16 UTC 2018 /home/travis/build/icyphy/ptII/ptolemy/domains/de/test/auto/CQBug1.xml
----------------- Instantiating /home/travis/build/icyphy/ptII/ptolemy/domains/de/test/auto/CQBug1.xml
1 ms. Memory: 619520K Free: 262085K (42%)
----------------- Invoking toplevel() on ptolemy.moml.MoMLSimpleApplication@7746685e
----------------- Done invoking toplevel() on ptolemy.moml.MoMLSimpleApplication@7746685e
reloadAllAccessors: .CQBug1

===========================================================================================
----------------- testing Wed Oct 10 02:31:16 UTC 2018 /home/travis/build/icyphy/ptII/ptolemy/domains/de/test/auto/CancelFireAt.xml
----------------- Instantiating /home/travis/build/icyphy/ptII/ptolemy/domains/de/test/auto/CancelFireAt.xml
2 ms. Memory: 619520K Free: 240560K (39%)
----------------- Invoking toplevel() on ptolemy.moml.MoMLSimpleApplication@3e8ff8ad
----------------- Done invoking toplevel() on ptolemy.moml.MoMLSimpleApplication@3e8ff8ad
reloadAllAccessors: .CancelFireAt

===========================================================================================
----------------- testing Wed Oct 10 02:31:16 UTC 2018 /home/travis/build/icyphy/ptII/ptolemy/domains/de/test/auto/CausalityAndComposabilityAnalysis.xml
----------------- Instantiating /home/travis/build/icyphy/ptII/ptolemy/domains/de/test/auto/CausalityAndComposabilityAnalysis.xml
1 ms. Memory: 619520K Free: 219036K (35%)
----------------- Invoking toplevel() on ptolemy.moml.MoMLSimpleApplication@6b503cba
----------------- Done invoking toplevel() on ptolemy.moml.MoMLSimpleApplication@6b503cba
reloadAllAccessors: .CausalityAndComposabilityAnalysis

===========================================================================================
----------------- testing Wed Oct 10 02:31:16 UTC 2018 /home/travis/build/icyphy/ptII/ptolemy/domains/de/test/auto/CausalityInterface1.xml
----------------- Instantiating /home/travis/build/icyphy/ptII/ptolemy/domains/de/test/auto/CausalityInterface1.xml
4 ms. Memory: 619520K Free: 197511K (32%)
----------------- Invoking toplevel() on ptolemy.moml.MoMLSimpleApplication@41af9256
----------------- Done invoking toplevel() on ptolemy.moml.MoMLSimpleApplication@41af9256
reloadAllAccessors: .CausalityInterface1

===========================================================================================
----------------- testing Wed Oct 10 02:31:16 UTC 2018 /home/travis/build/icyphy/ptII/ptolemy/domains/de/test/auto/CausalityInterface15.xml
----------------- Instantiating /home/travis/build/icyphy/ptII/ptolemy/domains/de/test/auto/CausalityInterface15.xml
1 ms. Memory: 619520K Free: 175987K (28%)
----------------- Invoking toplevel() on ptolemy.moml.MoMLSimpleApplication@6c5dbab1
----------------- Done invoking toplevel() on ptolemy.moml.MoMLSimpleApplication@6c5dbab1
reloadAllAccessors: .CausalityInterface15

[...]
java.lang.RuntimeException: Execution failed
	at ptolemy.moml.MoMLSimpleApplication$UnloadThread.run(MoMLSimpleApplication.java:402)
Caused by: ptolemy.kernel.util.IllegalActionException: Test fails in iteration 1.
Value was: 1.0. Should have been: 2.0
  in .DirectFeedback.Test
	at ptolemy.actor.lib.Test.fire(Test.java:268)
	at ptolemy.domains.de.kernel.DEDirector._fire(DEDirector.java:1949)
	at ptolemy.domains.de.kernel.DEDirector.fire(DEDirector.java:502)
	at ptolemy.actor.CompositeActor.fire(CompositeActor.java:455)
	at ptolemy.actor.Manager.iterate(Manager.java:851)
	at ptolemy.actor.Manager.execute(Manager.java:369)
	at ptolemy.actor.Manager.run(Manager.java:1263)
	at ptolemy.actor.Manager$PtolemyRunThread.run(Manager.java:1915)
java.lang.RuntimeException: Execution failed
	at ptolemy.moml.MoMLSimpleApplication$UnloadThread.run(MoMLSimpleApplication.java:402)
Caused by: ptolemy.kernel.util.IllegalActionException: Actor is not ready to fire.  Perhaps UpSample.prefire() returned false? Try debugging the actor by selecting "Listen to Actor".  Also, for SDF check moml for tokenConsumptionRate on input.
  in .DESDFClockTest.Play Bell.Copy1:SDF Director and .DESDFClockTest.Play Bell.UpSample
	at ptolemy.actor.sched.StaticSchedulingDirector.fire(StaticSchedulingDirector.java:227)
	at ptolemy.domains.sdf.kernel.SDFDirector.fire(SDFDirector.java:500)
	at ptolemy.actor.CompositeActor.fire(CompositeActor.java:455)
	at ptolemy.domains.de.kernel.DEDirector._fire(DEDirector.java:1949)
	at ptolemy.domains.de.kernel.DEDirector.fire(DEDirector.java:502)
	at ptolemy.actor.CompositeActor.fire(CompositeActor.java:455)
	at ptolemy.actor.Manager.iterate(Manager.java:851)
	at ptolemy.actor.Manager.execute(Manager.java:369)
	at ptolemy.actor.Manager.run(Manager.java:1263)
	at ptolemy.actor.Manager$PtolemyRunThread.run(Manager.java:1915)
java.lang.reflect.InvocationTargetException
	at sun.reflect.NativeConstructorAccessorImpl.newInstance0(Native Method)
	at sun.reflect.NativeConstructorAccessorImpl.newInstance(NativeConstructorAccessorImpl.java:62)
	at sun.reflect.DelegatingConstructorAccessorImpl.newInstance(DelegatingConstructorAccessorImpl.java:45)
	at java.lang.reflect.Constructor.newInstance(Constructor.java:423)
	at ptolemy.util.test.junit.AutoKnownFailedTests.RunModel(AutoKnownFailedTests.java:107)
	at sun.reflect.NativeMethodAccessorImpl.invoke0(Native Method)
	at sun.reflect.NativeMethodAccessorImpl.invoke(NativeMethodAccessorImpl.java:62)
	at sun.reflect.DelegatingMethodAccessorImpl.invoke(DelegatingMethodAccessorImpl.java:43)
	at java.lang.reflect.Method.invoke(Method.java:498)
	at org.junit.runners.model.FrameworkMethod$1.runReflectiveCall(FrameworkMethod.java:44)
	at org.junit.internal.runners.model.ReflectiveCallable.run(ReflectiveCallable.java:15)
	at org.junit.runners.model.FrameworkMethod.invokeExplosively(FrameworkMethod.java:41)
	at junitparams.internal.InvokeParameterisedMethod.evaluate(InvokeParameterisedMethod.java:102)
	at org.junit.internal.runners.statements.FailOnTimeout$1.run(FailOnTimeout.java:28)
Caused by: ptolemy.kernel.util.IllegalActionException: Actor is not ready to fire.  Perhaps UpSample.prefire() returned false? Try debugging the actor by selecting "Listen to Actor".  Also, for SDF check moml for tokenConsumptionRate on input.
  in .DESDFClockTest.Play Bell.Copy1:SDF Director and .DESDFClockTest.Play Bell.UpSample
	at ptolemy.actor.sched.StaticSchedulingDirector.fire(StaticSchedulingDirector.java:227)
	at ptolemy.domains.sdf.kernel.SDFDirector.fire(SDFDirector.java:500)
	at ptolemy.actor.CompositeActor.fire(CompositeActor.java:455)
	at ptolemy.domains.de.kernel.DEDirector._fire(DEDirector.java:1949)
	at ptolemy.domains.de.kernel.DEDirector.fire(DEDirector.java:502)
	at ptolemy.actor.CompositeActor.fire(CompositeActor.java:455)
	at ptolemy.actor.Manager.iterate(Manager.java:851)
	at ptolemy.actor.Manager.execute(Manager.java:369)
	at ptolemy.actor.Manager.run(Manager.java:1263)
	at ptolemy.actor.Manager$PtolemyRunThread.run(Manager.java:1915)
java.lang.RuntimeException: Execution failed
	at ptolemy.moml.MoMLSimpleApplication$UnloadThread.run(MoMLSimpleApplication.java:402)
Caused by: ptolemy.kernel.util.IllegalActionException: Test fails in iteration 1.
Value was: 1.0. Should have been: 2.0
  in .DirectFeedback.Test
	at ptolemy.actor.lib.Test.fire(Test.java:268)
	at ptolemy.domains.de.kernel.DEDirector._fire(DEDirector.java:1949)
	at ptolemy.domains.de.kernel.DEDirector.fire(DEDirector.java:502)
	at ptolemy.actor.CompositeActor.fire(CompositeActor.java:455)
	at ptolemy.actor.Manager.iterate(Manager.java:851)
	at ptolemy.actor.Manager.execute(Manager.java:369)
	at ptolemy.actor.Manager.run(Manager.java:1263)
	at ptolemy.actor.Manager$PtolemyRunThread.run(Manager.java:1915)
java.lang.reflect.InvocationTargetException
	at sun.reflect.NativeConstructorAccessorImpl.newInstance0(Native Method)
	at sun.reflect.NativeConstructorAccessorImpl.newInstance(NativeConstructorAccessorImpl.java:62)
	at sun.reflect.DelegatingConstructorAccessorImpl.newInstance(DelegatingConstructorAccessorImpl.java:45)
	at java.lang.reflect.Constructor.newInstance(Constructor.java:423)
	at ptolemy.util.test.junit.AutoKnownFailedTests.RunModel(AutoKnownFailedTests.java:107)
	at sun.reflect.NativeMethodAccessorImpl.invoke0(Native Method)
	at sun.reflect.NativeMethodAccessorImpl.invoke(NativeMethodAccessorImpl.java:62)
	at sun.reflect.DelegatingMethodAccessorImpl.invoke(DelegatingMethodAccessorImpl.java:43)
	at java.lang.reflect.Method.invoke(Method.java:498)
	at org.junit.runners.model.FrameworkMethod$1.runReflectiveCall(FrameworkMethod.java:44)
	at org.junit.internal.runners.model.ReflectiveCallable.run(ReflectiveCallable.java:15)
	at org.junit.runners.model.FrameworkMethod.invokeExplosively(FrameworkMethod.java:41)
	at junitparams.internal.InvokeParameterisedMethod.evaluate(InvokeParameterisedMethod.java:102)
	at org.junit.internal.runners.statements.FailOnTimeout$1.run(FailOnTimeout.java:28)
Caused by: ptolemy.kernel.util.IllegalActionException: Test fails in iteration 1.
Value was: 1.0. Should have been: 2.0
  in .DirectFeedback.Test
	at ptolemy.actor.lib.Test.fire(Test.java:268)
	at ptolemy.domains.de.kernel.DEDirector._fire(DEDirector.java:1949)
	at ptolemy.domains.de.kernel.DEDirector.fire(DEDirector.java:502)
	at ptolemy.actor.CompositeActor.fire(CompositeActor.java:455)
	at ptolemy.actor.Manager.iterate(Manager.java:851)
	at ptolemy.actor.Manager.execute(Manager.java:369)
	at ptolemy.actor.Manager.run(Manager.java:1263)
	at ptolemy.actor.Manager$PtolemyRunThread.run(Manager.java:1915)
java.lang.RuntimeException: Execution failed
	at ptolemy.moml.MoMLSimpleApplication$UnloadThread.run(MoMLSimpleApplication.java:402)
Caused by: ptolemy.kernel.util.IllegalActionException: Found a zero delay loop containing .HierarchicalModel.A
  in .HierarchicalModel and .HierarchicalModel.A
	at ptolemy.actor.util.CausalityInterfaceForComposites._computeOutputPortDepth(CausalityInterfaceForComposites.java:759)
	at ptolemy.actor.util.CausalityInterfaceForComposites._computeInputDepth(CausalityInterfaceForComposites.java:696)
	at ptolemy.actor.util.CausalityInterfaceForComposites._computeOutputPortDepth(CausalityInterfaceForComposites.java:765)
	at ptolemy.actor.util.CausalityInterfaceForComposites._computeInputDepth(CausalityInterfaceForComposites.java:696)
	at ptolemy.actor.util.CausalityInterfaceForComposites._computeOutputPortDepth(CausalityInterfaceForComposites.java:765)
	at ptolemy.actor.util.CausalityInterfaceForComposites._computeInputDepth(CausalityInterfaceForComposites.java:696)
	at ptolemy.actor.util.CausalityInterfaceForComposites._computeActorDepth(CausalityInterfaceForComposites.java:532)
	at ptolemy.actor.util.CausalityInterfaceForComposites.checkForCycles(CausalityInterfaceForComposites.java:96)
	at ptolemy.domains.de.kernel.DEDirector.preinitialize(DEDirector.java:1338)
	at ptolemy.actor.CompositeActor.preinitialize(CompositeActor.java:1828)
	at ptolemy.actor.Manager.preinitializeAndResolveTypes(Manager.java:1040)
	at ptolemy.actor.Manager.initialize(Manager.java:710)
	at ptolemy.actor.Manager.execute(Manager.java:356)
	at ptolemy.actor.Manager.run(Manager.java:1263)
	at ptolemy.actor.Manager$PtolemyRunThread.run(Manager.java:1915)
java.lang.reflect.InvocationTargetException
	at sun.reflect.NativeConstructorAccessorImpl.newInstance0(Native Method)
	at sun.reflect.NativeConstructorAccessorImpl.newInstance(NativeConstructorAccessorImpl.java:62)
	at sun.reflect.DelegatingConstructorAccessorImpl.newInstance(DelegatingConstructorAccessorImpl.java:45)
	at java.lang.reflect.Constructor.newInstance(Constructor.java:423)
	at ptolemy.util.test.junit.AutoKnownFailedTests.RunModel(AutoKnownFailedTests.java:107)
	at sun.reflect.NativeMethodAccessorImpl.invoke0(Native Method)
	at sun.reflect.NativeMethodAccessorImpl.invoke(NativeMethodAccessorImpl.java:62)
	at sun.reflect.DelegatingMethodAccessorImpl.invoke(DelegatingMethodAccessorImpl.java:43)
	at java.lang.reflect.Method.invoke(Method.java:498)
	at org.junit.runners.model.FrameworkMethod$1.runReflectiveCall(FrameworkMethod.java:44)
	at org.junit.internal.runners.model.ReflectiveCallable.run(ReflectiveCallable.java:15)
	at org.junit.runners.model.FrameworkMethod.invokeExplosively(FrameworkMethod.java:41)
	at junitparams.internal.InvokeParameterisedMethod.evaluate(InvokeParameterisedMethod.java:102)
	at org.junit.internal.runners.statements.FailOnTimeout$1.run(FailOnTimeout.java:28)
Caused by: ptolemy.kernel.util.IllegalActionException: Found a zero delay loop containing .HierarchicalModel.A
  in .HierarchicalModel and .HierarchicalModel.A
	at ptolemy.actor.util.CausalityInterfaceForComposites._computeOutputPortDepth(CausalityInterfaceForComposites.java:759)
	at ptolemy.actor.util.CausalityInterfaceForComposites._computeInputDepth(CausalityInterfaceForComposites.java:696)
	at ptolemy.actor.util.CausalityInterfaceForComposites._computeOutputPortDepth(CausalityInterfaceForComposites.java:765)
	at ptolemy.actor.util.CausalityInterfaceForComposites._computeInputDepth(CausalityInterfaceForComposites.java:696)
	at ptolemy.actor.util.CausalityInterfaceForComposites._computeOutputPortDepth(CausalityInterfaceForComposites.java:765)
	at ptolemy.actor.util.CausalityInterfaceForComposites._computeInputDepth(CausalityInterfaceForComposites.java:696)
	at ptolemy.actor.util.CausalityInterfaceForComposites._computeActorDepth(CausalityInterfaceForComposites.java:532)
	at ptolemy.actor.util.CausalityInterfaceForComposites.checkForCycles(CausalityInterfaceForComposites.java:96)
	at ptolemy.domains.de.kernel.DEDirector.preinitialize(DEDirector.java:1338)
	at ptolemy.actor.CompositeActor.preinitialize(CompositeActor.java:1828)
	at ptolemy.actor.Manager.preinitializeAndResolveTypes(Manager.java:1040)
	at ptolemy.actor.Manager.initialize(Manager.java:710)
	at ptolemy.actor.Manager.execute(Manager.java:356)
	at ptolemy.actor.Manager.run(Manager.java:1263)
	at ptolemy.actor.Manager$PtolemyRunThread.run(Manager.java:1915)
java.lang.RuntimeException: Execution failed
	at ptolemy.moml.MoMLSimpleApplication$UnloadThread.run(MoMLSimpleApplication.java:402)
Caused by: ptolemy.kernel.util.IllegalActionException: Found a zero delay loop containing .dependencyLoop.original
  in .dependencyLoop and .dependencyLoop.original
	at ptolemy.actor.util.CausalityInterfaceForComposites._computeOutputPortDepth(CausalityInterfaceForComposites.java:759)
	at ptolemy.actor.util.CausalityInterfaceForComposites._computeInputDepth(CausalityInterfaceForComposites.java:696)
	at ptolemy.actor.util.CausalityInterfaceForComposites._computeOutputPortDepth(CausalityInterfaceForComposites.java:765)
	at ptolemy.actor.util.CausalityInterfaceForComposites._computeInputDepth(CausalityInterfaceForComposites.java:696)
	at ptolemy.actor.util.CausalityInterfaceForComposites._computeOutputPortDepth(CausalityInterfaceForComposites.java:765)
	at ptolemy.actor.util.CausalityInterfaceForComposites._computeInputDepth(CausalityInterfaceForComposites.java:696)
	at ptolemy.actor.util.CausalityInterfaceForComposites._computeActorDepth(CausalityInterfaceForComposites.java:532)
	at ptolemy.actor.util.CausalityInterfaceForComposites.checkForCycles(CausalityInterfaceForComposites.java:96)
	at ptolemy.domains.de.kernel.DEDirector.preinitialize(DEDirector.java:1338)
	at ptolemy.actor.CompositeActor.preinitialize(CompositeActor.java:1828)
	at ptolemy.actor.Manager.preinitializeAndResolveTypes(Manager.java:1040)
	at ptolemy.actor.Manager.initialize(Manager.java:710)
	at ptolemy.actor.Manager.execute(Manager.java:356)
	at ptolemy.actor.Manager.run(Manager.java:1263)
	at ptolemy.actor.Manager$PtolemyRunThread.run(Manager.java:1915)
java.lang.reflect.InvocationTargetException
	at sun.reflect.NativeConstructorAccessorImpl.newInstance0(Native Method)
	at sun.reflect.NativeConstructorAccessorImpl.newInstance(NativeConstructorAccessorImpl.java:62)
	at sun.reflect.DelegatingConstructorAccessorImpl.newInstance(DelegatingConstructorAccessorImpl.java:45)
	at java.lang.reflect.Constructor.newInstance(Constructor.java:423)
	at ptolemy.util.test.junit.AutoKnownFailedTests.RunModel(AutoKnownFailedTests.java:107)
	at sun.reflect.NativeMethodAccessorImpl.invoke0(Native Method)
	at sun.reflect.NativeMethodAccessorImpl.invoke(NativeMethodAccessorImpl.java:62)
	at sun.reflect.DelegatingMethodAccessorImpl.invoke(DelegatingMethodAccessorImpl.java:43)
	at java.lang.reflect.Method.invoke(Method.java:498)
	at org.junit.runners.model.FrameworkMethod$1.runReflectiveCall(FrameworkMethod.java:44)
	at org.junit.internal.runners.model.ReflectiveCallable.run(ReflectiveCallable.java:15)
	at org.junit.runners.model.FrameworkMethod.invokeExplosively(FrameworkMethod.java:41)
	at junitparams.internal.InvokeParameterisedMethod.evaluate(InvokeParameterisedMethod.java:102)
	at org.junit.internal.runners.statements.FailOnTimeout$1.run(FailOnTimeout.java:28)
Caused by: ptolemy.kernel.util.IllegalActionException: Found a zero delay loop containing .dependencyLoop.original
  in .dependencyLoop and .dependencyLoop.original
	at ptolemy.actor.util.CausalityInterfaceForComposites._computeOutputPortDepth(CausalityInterfaceForComposites.java:759)
	at ptolemy.actor.util.CausalityInterfaceForComposites._computeInputDepth(CausalityInterfaceForComposites.java:696)
	at ptolemy.actor.util.CausalityInterfaceForComposites._computeOutputPortDepth(CausalityInterfaceForComposites.java:765)
	at ptolemy.actor.util.CausalityInterfaceForComposites._computeInputDepth(CausalityInterfaceForComposites.java:696)
	at ptolemy.actor.util.CausalityInterfaceForComposites._computeOutputPortDepth(CausalityInterfaceForComposites.java:765)
	at ptolemy.actor.util.CausalityInterfaceForComposites._computeInputDepth(CausalityInterfaceForComposites.java:696)
	at ptolemy.actor.util.CausalityInterfaceForComposites._computeActorDepth(CausalityInterfaceForComposites.java:532)
	at ptolemy.actor.util.CausalityInterfaceForComposites.checkForCycles(CausalityInterfaceForComposites.java:96)
	at ptolemy.domains.de.kernel.DEDirector.preinitialize(DEDirector.java:1338)
	at ptolemy.actor.CompositeActor.preinitialize(CompositeActor.java:1828)
	at ptolemy.actor.Manager.preinitializeAndResolveTypes(Manager.java:1040)
	at ptolemy.actor.Manager.initialize(Manager.java:710)
	at ptolemy.actor.Manager.execute(Manager.java:356)
	at ptolemy.actor.Manager.run(Manager.java:1263)
	at ptolemy.actor.Manager$PtolemyRunThread.run(Manager.java:1915)
java.lang.RuntimeException: Execution failed
	at ptolemy.moml.MoMLSimpleApplication$UnloadThread.run(MoMLSimpleApplication.java:402)
Caused by: ptolemy.kernel.util.IllegalActionException: Found a zero delay loop containing .dependencyLoop2.original
  in .dependencyLoop2 and .dependencyLoop2.original
	at ptolemy.actor.util.CausalityInterfaceForComposites._computeOutputPortDepth(CausalityInterfaceForComposites.java:759)
	at ptolemy.actor.util.CausalityInterfaceForComposites._computeInputDepth(CausalityInterfaceForComposites.java:696)
	at ptolemy.actor.util.CausalityInterfaceForComposites._computeOutputPortDepth(CausalityInterfaceForComposites.java:765)
	at ptolemy.actor.util.CausalityInterfaceForComposites._computeInputDepth(CausalityInterfaceForComposites.java:696)
	at ptolemy.actor.util.CausalityInterfaceForComposites._computeOutputPortDepth(CausalityInterfaceForComposites.java:765)
	at ptolemy.actor.util.CausalityInterfaceForComposites._computeInputDepth(CausalityInterfaceForComposites.java:696)
	at ptolemy.actor.util.CausalityInterfaceForComposites._computeActorDepth(CausalityInterfaceForComposites.java:532)
	at ptolemy.actor.util.CausalityInterfaceForComposites.checkForCycles(CausalityInterfaceForComposites.java:96)
	at ptolemy.domains.de.kernel.DEDirector.preinitialize(DEDirector.java:1338)
	at ptolemy.actor.CompositeActor.preinitialize(CompositeActor.java:1828)
	at ptolemy.actor.Manager.preinitializeAndResolveTypes(Manager.java:1040)
	at ptolemy.actor.Manager.initialize(Manager.java:710)
	at ptolemy.actor.Manager.execute(Manager.java:356)
	at ptolemy.actor.Manager.run(Manager.java:1263)
	at ptolemy.actor.Manager$PtolemyRunThread.run(Manager.java:1915)
java.lang.reflect.InvocationTargetException
	at sun.reflect.NativeConstructorAccessorImpl.newInstance0(Native Method)
	at sun.reflect.NativeConstructorAccessorImpl.newInstance(NativeConstructorAccessorImpl.java:62)
	at sun.reflect.DelegatingConstructorAccessorImpl.newInstance(DelegatingConstructorAccessorImpl.java:45)
	at java.lang.reflect.Constructor.newInstance(Constructor.java:423)
	at ptolemy.util.test.junit.AutoKnownFailedTests.RunModel(AutoKnownFailedTests.java:107)
	at sun.reflect.NativeMethodAccessorImpl.invoke0(Native Method)
	at sun.reflect.NativeMethodAccessorImpl.invoke(NativeMethodAccessorImpl.java:62)
	at sun.reflect.DelegatingMethodAccessorImpl.invoke(DelegatingMethodAccessorImpl.java:43)
	at java.lang.reflect.Method.invoke(Method.java:498)
	at org.junit.runners.model.FrameworkMethod$1.runReflectiveCall(FrameworkMethod.java:44)
	at org.junit.internal.runners.model.ReflectiveCallable.run(ReflectiveCallable.java:15)
	at org.junit.runners.model.FrameworkMethod.invokeExplosively(FrameworkMethod.java:41)
	at junitparams.internal.InvokeParameterisedMethod.evaluate(InvokeParameterisedMethod.java:102)
	at org.junit.internal.runners.statements.FailOnTimeout$1.run(FailOnTimeout.java:28)
Caused by: ptolemy.kernel.util.IllegalActionException: Found a zero delay loop containing .dependencyLoop2.original
  in .dependencyLoop2 and .dependencyLoop2.original
	at ptolemy.actor.util.CausalityInterfaceForComposites._computeOutputPortDepth(CausalityInterfaceForComposites.java:759)
	at ptolemy.actor.util.CausalityInterfaceForComposites._computeInputDepth(CausalityInterfaceForComposites.java:696)
	at ptolemy.actor.util.CausalityInterfaceForComposites._computeOutputPortDepth(CausalityInterfaceForComposites.java:765)
	at ptolemy.actor.util.CausalityInterfaceForComposites._computeInputDepth(CausalityInterfaceForComposites.java:696)
	at ptolemy.actor.util.CausalityInterfaceForComposites._computeOutputPortDepth(CausalityInterfaceForComposites.java:765)
	at ptolemy.actor.util.CausalityInterfaceForComposites._computeInputDepth(CausalityInterfaceForComposites.java:696)
	at ptolemy.actor.util.CausalityInterfaceForComposites._computeActorDepth(CausalityInterfaceForComposites.java:532)
	at ptolemy.actor.util.CausalityInterfaceForComposites.checkForCycles(CausalityInterfaceForComposites.java:96)
	at ptolemy.domains.de.kernel.DEDirector.preinitialize(DEDirector.java:1338)
	at ptolemy.actor.CompositeActor.preinitialize(CompositeActor.java:1828)
	at ptolemy.actor.Manager.preinitializeAndResolveTypes(Manager.java:1040)
	at ptolemy.actor.Manager.initialize(Manager.java:710)
	at ptolemy.actor.Manager.execute(Manager.java:356)
	at ptolemy.actor.Manager.run(Manager.java:1263)
	at ptolemy.actor.Manager$PtolemyRunThread.run(Manager.java:1915)
]]></system-err>
</testsuite>
