<?xml version="1.0" encoding="UTF-8" ?>
<testsuite errors="0" failures="0" hostname="travis-job-c4cf1462-9395-4e90-bb34-36379fa0918f" name="ptolemy.actor.lib.hoc.test.junit.JUnitTclTest" skipped="0" tests="58" time="24.34" timestamp="2018-10-31T02:32:28">
  <properties>
[...]
</properties>
  <testcase classname="ptolemy.util.test.junit.TclTests" name="[0] /home/travis/build/icyphy/ptII/ptolemy/actor/lib/hoc/test/IterateOverArray.tcl (RunTclFile)" time="0.282" />
  <testcase classname="ptolemy.util.test.junit.AutoKnownFailedTests" name="[0] /home/travis/build/icyphy/ptII/ptolemy/actor/lib/hoc/test/auto/knownFailedTests/PreinitializeMustBeInvokedRunComposite.xml (RunModel)" time="0.248" />
  <testcase classname="ptolemy.util.test.junit.AutoNameArchTests" name="[0] ThereAreNoAutoArchTests (RunModel)" time="0.001" />
  <testcase classname="ptolemy.util.test.junit.AutoTests" name="[0] /home/travis/build/icyphy/ptII/ptolemy/actor/lib/hoc/test/auto/AllToAllMultiInstanceComposite.xml (RunModel)" time="0.245" />
  <testcase classname="ptolemy.util.test.junit.AutoTests" name="[1] /home/travis/build/icyphy/ptII/ptolemy/actor/lib/hoc/test/auto/ApplyFFTTest.xml (RunModel)" time="0.205" />
  <testcase classname="ptolemy.util.test.junit.AutoTests" name="[2] /home/travis/build/icyphy/ptII/ptolemy/actor/lib/hoc/test/auto/ApplyFunction.xml (RunModel)" time="0.051" />
  <testcase classname="ptolemy.util.test.junit.AutoTests" name="[3] /home/travis/build/icyphy/ptII/ptolemy/actor/lib/hoc/test/auto/BackgroundExecution.xml (RunModel)" time="0.73" />
  <testcase classname="ptolemy.util.test.junit.AutoTests" name="[4] /home/travis/build/icyphy/ptII/ptolemy/actor/lib/hoc/test/auto/Case.xml (RunModel)" time="0.106" />
  <testcase classname="ptolemy.util.test.junit.AutoTests" name="[5] /home/travis/build/icyphy/ptII/ptolemy/actor/lib/hoc/test/auto/Case1.xml (RunModel)" time="0.077" />
  <testcase classname="ptolemy.util.test.junit.AutoTests" name="[6] /home/travis/build/icyphy/ptII/ptolemy/actor/lib/hoc/test/auto/Case2.xml (RunModel)" time="0.108" />
  <testcase classname="ptolemy.util.test.junit.AutoTests" name="[7] /home/travis/build/icyphy/ptII/ptolemy/actor/lib/hoc/test/auto/Case3.xml (RunModel)" time="0.059" />
  <testcase classname="ptolemy.util.test.junit.AutoTests" name="[8] /home/travis/build/icyphy/ptII/ptolemy/actor/lib/hoc/test/auto/Case4.xml (RunModel)" time="0.066" />
  <testcase classname="ptolemy.util.test.junit.AutoTests" name="[9] /home/travis/build/icyphy/ptII/ptolemy/actor/lib/hoc/test/auto/Case5.xml (RunModel)" time="0.075" />
  <testcase classname="ptolemy.util.test.junit.AutoTests" name="[10] /home/travis/build/icyphy/ptII/ptolemy/actor/lib/hoc/test/auto/Case6.xml (RunModel)" time="0.133" />
  <testcase classname="ptolemy.util.test.junit.AutoTests" name="[11] /home/travis/build/icyphy/ptII/ptolemy/actor/lib/hoc/test/auto/CaseString2.xml (RunModel)" time="0.061" />
  <testcase classname="ptolemy.util.test.junit.AutoTests" name="[12] /home/travis/build/icyphy/ptII/ptolemy/actor/lib/hoc/test/auto/CatchUpComposite1.xml (RunModel)" time="0.081" />
  <testcase classname="ptolemy.util.test.junit.AutoTests" name="[13] /home/travis/build/icyphy/ptII/ptolemy/actor/lib/hoc/test/auto/CatchUpComposite2.xml (RunModel)" time="0.065" />
  <testcase classname="ptolemy.util.test.junit.AutoTests" name="[14] /home/travis/build/icyphy/ptII/ptolemy/actor/lib/hoc/test/auto/CatchUpComposite3.xml (RunModel)" time="0.05" />
  <testcase classname="ptolemy.util.test.junit.AutoTests" name="[15] /home/travis/build/icyphy/ptII/ptolemy/actor/lib/hoc/test/auto/CatchUpComposite4.xml (RunModel)" time="0.055" />
  <testcase classname="ptolemy.util.test.junit.AutoTests" name="[16] /home/travis/build/icyphy/ptII/ptolemy/actor/lib/hoc/test/auto/CatchUpComposite5.xml (RunModel)" time="0.037" />
  <testcase classname="ptolemy.util.test.junit.AutoTests" name="[17] /home/travis/build/icyphy/ptII/ptolemy/actor/lib/hoc/test/auto/CatchUpComposite6.xml (RunModel)" time="0.151" />
  <testcase classname="ptolemy.util.test.junit.AutoTests" name="[18] /home/travis/build/icyphy/ptII/ptolemy/actor/lib/hoc/test/auto/CatchUpComposite7.xml (RunModel)" time="0.103" />
  <testcase classname="ptolemy.util.test.junit.AutoTests" name="[19] /home/travis/build/icyphy/ptII/ptolemy/actor/lib/hoc/test/auto/ConcurrentExecutionTimeSDF.xml (RunModel)" time="1.276" />
  <testcase classname="ptolemy.util.test.junit.AutoTests" name="[20] /home/travis/build/icyphy/ptII/ptolemy/actor/lib/hoc/test/auto/ConcurrentSleep.xml (RunModel)" time="0.791" />
  <testcase classname="ptolemy.util.test.junit.AutoTests" name="[21] /home/travis/build/icyphy/ptII/ptolemy/actor/lib/hoc/test/auto/DEInPNInRunCompositeActor.xml (RunModel)" time="0.045" />
  <testcase classname="ptolemy.util.test.junit.AutoTests" name="[22] /home/travis/build/icyphy/ptII/ptolemy/actor/lib/hoc/test/auto/DFTSubSetTest.xml (RunModel)" time="0.298" />
  <testcase classname="ptolemy.util.test.junit.AutoTests" name="[23] /home/travis/build/icyphy/ptII/ptolemy/actor/lib/hoc/test/auto/HocDE.xml (RunModel)" time="0.177" />
  <testcase classname="ptolemy.util.test.junit.AutoTests" name="[24] /home/travis/build/icyphy/ptII/ptolemy/actor/lib/hoc/test/auto/IterateOverArray.xml (RunModel)" time="0.03" />
  <testcase classname="ptolemy.util.test.junit.AutoTests" name="[25] /home/travis/build/icyphy/ptII/ptolemy/actor/lib/hoc/test/auto/IterateOverArray10.xml (RunModel)" time="0.022" />
  <testcase classname="ptolemy.util.test.junit.AutoTests" name="[26] /home/travis/build/icyphy/ptII/ptolemy/actor/lib/hoc/test/auto/IterateOverArray11.xml (RunModel)" time="0.037" />
  <testcase classname="ptolemy.util.test.junit.AutoTests" name="[27] /home/travis/build/icyphy/ptII/ptolemy/actor/lib/hoc/test/auto/IterateOverArray12.xml (RunModel)" time="0.04" />
  <testcase classname="ptolemy.util.test.junit.AutoTests" name="[28] /home/travis/build/icyphy/ptII/ptolemy/actor/lib/hoc/test/auto/IterateOverArray13.xml (RunModel)" time="0.137" />
  <testcase classname="ptolemy.util.test.junit.AutoTests" name="[29] /home/travis/build/icyphy/ptII/ptolemy/actor/lib/hoc/test/auto/IterateOverArray14.xml (RunModel)" time="0.143" />
  <testcase classname="ptolemy.util.test.junit.AutoTests" name="[30] /home/travis/build/icyphy/ptII/ptolemy/actor/lib/hoc/test/auto/IterateOverArray2.xml (RunModel)" time="0.026" />
  <testcase classname="ptolemy.util.test.junit.AutoTests" name="[31] /home/travis/build/icyphy/ptII/ptolemy/actor/lib/hoc/test/auto/IterateOverArray3.xml (RunModel)" time="0.043" />
  <testcase classname="ptolemy.util.test.junit.AutoTests" name="[32] /home/travis/build/icyphy/ptII/ptolemy/actor/lib/hoc/test/auto/IterateOverArray4.xml (RunModel)" time="0.028" />
  <testcase classname="ptolemy.util.test.junit.AutoTests" name="[33] /home/travis/build/icyphy/ptII/ptolemy/actor/lib/hoc/test/auto/IterateOverArray5.xml (RunModel)" time="0.018" />
  <testcase classname="ptolemy.util.test.junit.AutoTests" name="[34] /home/travis/build/icyphy/ptII/ptolemy/actor/lib/hoc/test/auto/IterateOverArray6.xml (RunModel)" time="0.011" />
  <testcase classname="ptolemy.util.test.junit.AutoTests" name="[35] /home/travis/build/icyphy/ptII/ptolemy/actor/lib/hoc/test/auto/IterateOverArray7.xml (RunModel)" time="0.016" />
  <testcase classname="ptolemy.util.test.junit.AutoTests" name="[36] /home/travis/build/icyphy/ptII/ptolemy/actor/lib/hoc/test/auto/IterateOverArray8.xml (RunModel)" time="0.018" />
  <testcase classname="ptolemy.util.test.junit.AutoTests" name="[37] /home/travis/build/icyphy/ptII/ptolemy/actor/lib/hoc/test/auto/IterateOverArray9.xml (RunModel)" time="0.026" />
  <testcase classname="ptolemy.util.test.junit.AutoTests" name="[38] /home/travis/build/icyphy/ptII/ptolemy/actor/lib/hoc/test/auto/IterateOverArrayCoercedOutputType.xml (RunModel)" time="0.027" />
  <testcase classname="ptolemy.util.test.junit.AutoTests" name="[39] /home/travis/build/icyphy/ptII/ptolemy/actor/lib/hoc/test/auto/IterateOverArrayInferredOutputType.xml (RunModel)" time="0.03" />
  <testcase classname="ptolemy.util.test.junit.AutoTests" name="[40] /home/travis/build/icyphy/ptII/ptolemy/actor/lib/hoc/test/auto/MobileFunctionTest.xml (RunModel)" time="0.033" />
  <testcase classname="ptolemy.util.test.junit.AutoTests" name="[41] /home/travis/build/icyphy/ptII/ptolemy/actor/lib/hoc/test/auto/MobileModelTest.xml (RunModel)" time="0.104" />
  <testcase classname="ptolemy.util.test.junit.AutoTests" name="[42] /home/travis/build/icyphy/ptII/ptolemy/actor/lib/hoc/test/auto/ModelReference.xml (RunModel)" time="0.088" />
  <testcase classname="ptolemy.util.test.junit.AutoTests" name="[43] /home/travis/build/icyphy/ptII/ptolemy/actor/lib/hoc/test/auto/ModelReference3.xml (RunModel)" time="0.075" />
  <testcase classname="ptolemy.util.test.junit.AutoTests" name="[44] /home/travis/build/icyphy/ptII/ptolemy/actor/lib/hoc/test/auto/ModelReference4.xml (RunModel)" time="10.039" />
  <testcase classname="ptolemy.util.test.junit.AutoTests" name="[45] /home/travis/build/icyphy/ptII/ptolemy/actor/lib/hoc/test/auto/MultiInstanceComposite.xml (RunModel)" time="0.046" />
  <testcase classname="ptolemy.util.test.junit.AutoTests" name="[46] /home/travis/build/icyphy/ptII/ptolemy/actor/lib/hoc/test/auto/MultiInstanceComposite2.xml (RunModel)" time="0.04" />
  <testcase classname="ptolemy.util.test.junit.AutoTests" name="[47] /home/travis/build/icyphy/ptII/ptolemy/actor/lib/hoc/test/auto/MulticoreExecution.xml (RunModel)" time="1.106" />
  <testcase classname="ptolemy.util.test.junit.AutoTests" name="[48] /home/travis/build/icyphy/ptII/ptolemy/actor/lib/hoc/test/auto/ParallelExecution.xml (RunModel)" time="0.972" />
  <testcase classname="ptolemy.util.test.junit.AutoTests" name="[49] /home/travis/build/icyphy/ptII/ptolemy/actor/lib/hoc/test/auto/RunCompositeActor.xml (RunModel)" time="0.027" />
  <testcase classname="ptolemy.util.test.junit.AutoTests" name="[50] /home/travis/build/icyphy/ptII/ptolemy/actor/lib/hoc/test/auto/RunCompositeActor2.xml (RunModel)" time="0.031" />
  <testcase classname="ptolemy.util.test.junit.AutoTests" name="[51] /home/travis/build/icyphy/ptII/ptolemy/actor/lib/hoc/test/auto/RunCompositeActor3.xml (RunModel)" time="0.018" />
  <testcase classname="ptolemy.util.test.junit.AutoTests" name="[52] /home/travis/build/icyphy/ptII/ptolemy/actor/lib/hoc/test/auto/RunCompositeActor4.xml (RunModel)" time="0.026" />
  <testcase classname="ptolemy.util.test.junit.AutoTests" name="[53] /home/travis/build/icyphy/ptII/ptolemy/actor/lib/hoc/test/auto/RunCompositeIterateOverArray.xml (RunModel)" time="0.028" />
  <testcase classname="ptolemy.util.test.junit.AutoTests" name="[54] /home/travis/build/icyphy/ptII/ptolemy/actor/lib/hoc/test/auto/ThreadedJS.xml (RunModel)" time="4.984" />
  <system-out><![CDATA[/home/travis/build/icyphy/ptII/ptolemy/actor/lib/hoc/test/IterateOverArray.tcl
testDefs.tcl: setting time out to 9000 seconds at Wed Oct 31 02:32:28 UTC 2018
10/31/18 02:32:28
Failed: 0  Total Tests: 2  ((Passed: 2, Newly Passed: 0)  Known Failed: 0) /home/travis/build/icyphy/ptII/ptolemy/actor/lib/hoc/test
----------------- testing (KnownFailure) /home/travis/build/icyphy/ptII/ptolemy/actor/lib/hoc/test/auto/knownFailedTests/PreinitializeMustBeInvokedRunComposite.xml
38 ms. Memory: 116224K Free: 103495K (89%)
Known Failure: java.lang.reflect.InvocationTargetException
No auto/linux-amd64/*.xml tests in /home/travis/build/icyphy/ptII/ptolemy/actor/lib/hoc/test
AutoTests.java: About to close Vertx.
AutoTests.java: Vertx closed.

===========================================================================================
----------------- testing Wed Oct 31 02:32:29 UTC 2018 /home/travis/build/icyphy/ptII/ptolemy/actor/lib/hoc/test/auto/AllToAllMultiInstanceComposite.xml
----------------- Instantiating /home/travis/build/icyphy/ptII/ptolemy/actor/lib/hoc/test/auto/AllToAllMultiInstanceComposite.xml
125 ms. Memory: 146944K Free: 108151K (74%)
----------------- Invoking toplevel() on ptolemy.moml.MoMLSimpleApplication@370b0772
----------------- Done invoking toplevel() on ptolemy.moml.MoMLSimpleApplication@370b0772
reloadAllAccessors: .AllToAllMultiInstanceComposite

===========================================================================================
----------------- testing Wed Oct 31 02:32:29 UTC 2018 /home/travis/build/icyphy/ptII/ptolemy/actor/lib/hoc/test/auto/ApplyFFTTest.xml
----------------- Instantiating /home/travis/build/icyphy/ptII/ptolemy/actor/lib/hoc/test/auto/ApplyFFTTest.xml
83 ms. Memory: 146944K Free: 88253K (60%)
----------------- Invoking toplevel() on ptolemy.moml.MoMLSimpleApplication@5d420fc8
----------------- Done invoking toplevel() on ptolemy.moml.MoMLSimpleApplication@5d420fc8
reloadAllAccessors: .ApplyFFTTest

===========================================================================================
----------------- testing Wed Oct 31 02:32:29 UTC 2018 /home/travis/build/icyphy/ptII/ptolemy/actor/lib/hoc/test/auto/ApplyFunction.xml
----------------- Instantiating /home/travis/build/icyphy/ptII/ptolemy/actor/lib/hoc/test/auto/ApplyFunction.xml
9 ms. Memory: 146944K Free: 84486K (57%)
----------------- Invoking toplevel() on ptolemy.moml.MoMLSimpleApplication@53a16f4a
----------------- Done invoking toplevel() on ptolemy.moml.MoMLSimpleApplication@53a16f4a
reloadAllAccessors: .ApplyFunction

===========================================================================================
----------------- testing Wed Oct 31 02:32:29 UTC 2018 /home/travis/build/icyphy/ptII/ptolemy/actor/lib/hoc/test/auto/BackgroundExecution.xml
----------------- Instantiating /home/travis/build/icyphy/ptII/ptolemy/actor/lib/hoc/test/auto/BackgroundExecution.xml
651 ms. Memory: 146944K Free: 137245K (93%)
----------------- Invoking toplevel() on ptolemy.moml.MoMLSimpleApplication@6f60b167
----------------- Done invoking toplevel() on ptolemy.moml.MoMLSimpleApplication@6f60b167
reloadAllAccessors: .BackgroundExecution

===========================================================================================
----------------- testing Wed Oct 31 02:32:30 UTC 2018 /home/travis/build/icyphy/ptII/ptolemy/actor/lib/hoc/test/auto/Case.xml
----------------- Instantiating /home/travis/build/icyphy/ptII/ptolemy/actor/lib/hoc/test/auto/Case.xml
28 ms. Memory: 146944K Free: 128960K (88%)
----------------- Invoking toplevel() on ptolemy.moml.MoMLSimpleApplication@17c6bab6
----------------- Done invoking toplevel() on ptolemy.moml.MoMLSimpleApplication@17c6bab6
reloadAllAccessors: .Case

===========================================================================================
----------------- testing Wed Oct 31 02:32:30 UTC 2018 /home/travis/build/icyphy/ptII/ptolemy/actor/lib/hoc/test/auto/Case1.xml
----------------- Instantiating /home/travis/build/icyphy/ptII/ptolemy/actor/lib/hoc/test/auto/Case1.xml
15 ms. Memory: 146944K Free: 121940K (83%)
----------------- Invoking toplevel() on ptolemy.moml.MoMLSimpleApplication@1c6dd740
----------------- Done invoking toplevel() on ptolemy.moml.MoMLSimpleApplication@1c6dd740
reloadAllAccessors: .Case1

===========================================================================================
----------------- testing Wed Oct 31 02:32:30 UTC 2018 /home/travis/build/icyphy/ptII/ptolemy/actor/lib/hoc/test/auto/Case2.xml
----------------- Instantiating /home/travis/build/icyphy/ptII/ptolemy/actor/lib/hoc/test/auto/Case2.xml
27 ms. Memory: 146944K Free: 110376K (75%)
----------------- Invoking toplevel() on ptolemy.moml.MoMLSimpleApplication@3543fd29
----------------- Done invoking toplevel() on ptolemy.moml.MoMLSimpleApplication@3543fd29
reloadAllAccessors: .Case2

===========================================================================================
----------------- testing Wed Oct 31 02:32:30 UTC 2018 /home/travis/build/icyphy/ptII/ptolemy/actor/lib/hoc/test/auto/Case3.xml
----------------- Instantiating /home/travis/build/icyphy/ptII/ptolemy/actor/lib/hoc/test/auto/Case3.xml
11 ms. Memory: 146944K Free: 104103K (71%)
----------------- Invoking toplevel() on ptolemy.moml.MoMLSimpleApplication@1d035c4b
----------------- Done invoking toplevel() on ptolemy.moml.MoMLSimpleApplication@1d035c4b
reloadAllAccessors: .Case3

===========================================================================================
----------------- testing Wed Oct 31 02:32:30 UTC 2018 /home/travis/build/icyphy/ptII/ptolemy/actor/lib/hoc/test/auto/Case4.xml
----------------- Instantiating /home/travis/build/icyphy/ptII/ptolemy/actor/lib/hoc/test/auto/Case4.xml
18 ms. Memory: 146944K Free: 95142K (65%)
----------------- Invoking toplevel() on ptolemy.moml.MoMLSimpleApplication@12e1a443
----------------- Done invoking toplevel() on ptolemy.moml.MoMLSimpleApplication@12e1a443
reloadAllAccessors: .Case4

===========================================================================================
----------------- testing Wed Oct 31 02:32:30 UTC 2018 /home/travis/build/icyphy/ptII/ptolemy/actor/lib/hoc/test/auto/Case5.xml
----------------- Instantiating /home/travis/build/icyphy/ptII/ptolemy/actor/lib/hoc/test/auto/Case5.xml
54 ms. Memory: 146944K Free: 88019K (60%)
----------------- Invoking toplevel() on ptolemy.moml.MoMLSimpleApplication@4ef1d74
----------------- Done invoking toplevel() on ptolemy.moml.MoMLSimpleApplication@4ef1d74
reloadAllAccessors: .junk

===========================================================================================
----------------- testing Wed Oct 31 02:32:31 UTC 2018 /home/travis/build/icyphy/ptII/ptolemy/actor/lib/hoc/test/auto/Case6.xml
----------------- Instantiating /home/travis/build/icyphy/ptII/ptolemy/actor/lib/hoc/test/auto/Case6.xml
38 ms. Memory: 208384K Free: 197533K (95%)
----------------- Invoking toplevel() on ptolemy.moml.MoMLSimpleApplication@2e20a116
----------------- Done invoking toplevel() on ptolemy.moml.MoMLSimpleApplication@2e20a116
reloadAllAccessors: .Case6

===========================================================================================
----------------- testing Wed Oct 31 02:32:31 UTC 2018 /home/travis/build/icyphy/ptII/ptolemy/actor/lib/hoc/test/auto/CaseString2.xml
----------------- Instantiating /home/travis/build/icyphy/ptII/ptolemy/actor/lib/hoc/test/auto/CaseString2.xml
21 ms. Memory: 208384K Free: 187939K (90%)
----------------- Invoking toplevel() on ptolemy.moml.MoMLSimpleApplication@3eaf8d3a
----------------- Done invoking toplevel() on ptolemy.moml.MoMLSimpleApplication@3eaf8d3a
reloadAllAccessors: .CaseString2

===========================================================================================
----------------- testing Wed Oct 31 02:32:31 UTC 2018 /home/travis/build/icyphy/ptII/ptolemy/actor/lib/hoc/test/auto/CatchUpComposite1.xml
----------------- Instantiating /home/travis/build/icyphy/ptII/ptolemy/actor/lib/hoc/test/auto/CatchUpComposite1.xml
23 ms. Memory: 208384K Free: 178092K (85%)
----------------- Invoking toplevel() on ptolemy.moml.MoMLSimpleApplication@3bb54b13
----------------- Done invoking toplevel() on ptolemy.moml.MoMLSimpleApplication@3bb54b13
reloadAllAccessors: .CatchUpComposite1

===========================================================================================
----------------- testing Wed Oct 31 02:32:31 UTC 2018 /home/travis/build/icyphy/ptII/ptolemy/actor/lib/hoc/test/auto/CatchUpComposite2.xml
----------------- Instantiating /home/travis/build/icyphy/ptII/ptolemy/actor/lib/hoc/test/auto/CatchUpComposite2.xml
16 ms. Memory: 208384K Free: 168245K (81%)
----------------- Invoking toplevel() on ptolemy.moml.MoMLSimpleApplication@7af08295
----------------- Done invoking toplevel() on ptolemy.moml.MoMLSimpleApplication@7af08295
reloadAllAccessors: .CatchUpComposite2

===========================================================================================
----------------- testing Wed Oct 31 02:32:31 UTC 2018 /home/travis/build/icyphy/ptII/ptolemy/actor/lib/hoc/test/auto/CatchUpComposite3.xml
----------------- Instantiating /home/travis/build/icyphy/ptII/ptolemy/actor/lib/hoc/test/auto/CatchUpComposite3.xml
10 ms. Memory: 208384K Free: 157438K (76%)
----------------- Invoking toplevel() on ptolemy.moml.MoMLSimpleApplication@3b15f8e1
----------------- Done invoking toplevel() on ptolemy.moml.MoMLSimpleApplication@3b15f8e1
reloadAllAccessors: .CatchUpComposite3

===========================================================================================
----------------- testing Wed Oct 31 02:32:31 UTC 2018 /home/travis/build/icyphy/ptII/ptolemy/actor/lib/hoc/test/auto/CatchUpComposite4.xml
----------------- Instantiating /home/travis/build/icyphy/ptII/ptolemy/actor/lib/hoc/test/auto/CatchUpComposite4.xml
18 ms. Memory: 208384K Free: 148173K (71%)
----------------- Invoking toplevel() on ptolemy.moml.MoMLSimpleApplication@218570d8
----------------- Done invoking toplevel() on ptolemy.moml.MoMLSimpleApplication@218570d8
reloadAllAccessors: .CatchUpComposite4

===========================================================================================
----------------- testing Wed Oct 31 02:32:31 UTC 2018 /home/travis/build/icyphy/ptII/ptolemy/actor/lib/hoc/test/auto/CatchUpComposite5.xml
----------------- Instantiating /home/travis/build/icyphy/ptII/ptolemy/actor/lib/hoc/test/auto/CatchUpComposite5.xml
13 ms. Memory: 208384K Free: 139523K (67%)
----------------- Invoking toplevel() on ptolemy.moml.MoMLSimpleApplication@6238f52e
----------------- Done invoking toplevel() on ptolemy.moml.MoMLSimpleApplication@6238f52e
reloadAllAccessors: .CatchUpComposite5

===========================================================================================
----------------- testing Wed Oct 31 02:32:31 UTC 2018 /home/travis/build/icyphy/ptII/ptolemy/actor/lib/hoc/test/auto/CatchUpComposite6.xml
----------------- Instantiating /home/travis/build/icyphy/ptII/ptolemy/actor/lib/hoc/test/auto/CatchUpComposite6.xml
WARNING: The execution aspects in this model can influence the timing of actors by delaying the 
execution, potentially changing the behavior. There is no guarantee that actors fire at the 
time they request to be fired. 
Use Ptides for deterministic DE behavior that is not influenced by execution aspects. 

82 ms. Memory: 208384K Free: 120664K (58%)
----------------- Invoking toplevel() on ptolemy.moml.MoMLSimpleApplication@685cc730
----------------- Done invoking toplevel() on ptolemy.moml.MoMLSimpleApplication@685cc730
reloadAllAccessors: .CatchUpComposite6

===========================================================================================
----------------- testing Wed Oct 31 02:32:31 UTC 2018 /home/travis/build/icyphy/ptII/ptolemy/actor/lib/hoc/test/auto/CatchUpComposite7.xml
----------------- Instantiating /home/travis/build/icyphy/ptII/ptolemy/actor/lib/hoc/test/auto/CatchUpComposite7.xml
WARNING: The execution aspects in this model can influence the timing of actors by delaying the 
execution, potentially changing the behavior. There is no guarantee that actors fire at the 
time they request to be fired. 
Use Ptides for deterministic DE behavior that is not influenced by execution aspects. 

45 ms. Memory: 208384K Free: 103866K (50%)
----------------- Invoking toplevel() on ptolemy.moml.MoMLSimpleApplication@3823eda6
----------------- Done invoking toplevel() on ptolemy.moml.MoMLSimpleApplication@3823eda6
reloadAllAccessors: .CatchUpComposite7

===========================================================================================
----------------- testing Wed Oct 31 02:32:31 UTC 2018 /home/travis/build/icyphy/ptII/ptolemy/actor/lib/hoc/test/auto/ConcurrentExecutionTimeSDF.xml
----------------- Instantiating /home/travis/build/icyphy/ptII/ptolemy/actor/lib/hoc/test/auto/ConcurrentExecutionTimeSDF.xml
Fired ExecutionTime: 40400000
Fired ExecutionTime: 40400000
Fired ExecutionTime: 40400000
Fired ExecutionTime: 40400000
Fired ExecutionTime: 40400000
Fired ExecutionTime: 40400000
Fired ExecutionTime: 40400000
Fired ExecutionTime: 40400000
Fired ExecutionTime: 40400000
Fired ExecutionTime: 40400000
Fired ExecutionTime: 40400000
Fired ExecutionTime: 40400000
Fired ExecutionTime: 40400000
Fired ExecutionTime: 40400000
Fired ExecutionTime: 40400000
Fired ExecutionTime: 40400000
Fired ExecutionTime: 40400000
Fired ExecutionTime: 40400000
Fired ExecutionTime: 40400000
Fired ExecutionTime: 40400000
1247 ms. Memory: 208384K Free: 95216K (46%)
----------------- Invoking toplevel() on ptolemy.moml.MoMLSimpleApplication@df0761e
----------------- Done invoking toplevel() on ptolemy.moml.MoMLSimpleApplication@df0761e
reloadAllAccessors: .ConcurrentExecutionTimeSDF

===========================================================================================
----------------- testing Wed Oct 31 02:32:33 UTC 2018 /home/travis/build/icyphy/ptII/ptolemy/actor/lib/hoc/test/auto/ConcurrentSleep.xml
----------------- Instantiating /home/travis/build/icyphy/ptII/ptolemy/actor/lib/hoc/test/auto/ConcurrentSleep.xml
749 ms. Memory: 208384K Free: 80690K (39%)
----------------- Invoking toplevel() on ptolemy.moml.MoMLSimpleApplication@700d2920
----------------- Done invoking toplevel() on ptolemy.moml.MoMLSimpleApplication@700d2920
reloadAllAccessors: .ConcurrentSleep

===========================================================================================
----------------- testing Wed Oct 31 02:32:33 UTC 2018 /home/travis/build/icyphy/ptII/ptolemy/actor/lib/hoc/test/auto/DEInPNInRunCompositeActor.xml
----------------- Instantiating /home/travis/build/icyphy/ptII/ptolemy/actor/lib/hoc/test/auto/DEInPNInRunCompositeActor.xml
8 ms. Memory: 208384K Free: 196074K (94%)
----------------- Invoking toplevel() on ptolemy.moml.MoMLSimpleApplication@45c7f33a
----------------- Done invoking toplevel() on ptolemy.moml.MoMLSimpleApplication@45c7f33a
reloadAllAccessors: .DEInPNInRunCompositeActor

===========================================================================================
----------------- testing Wed Oct 31 02:32:33 UTC 2018 /home/travis/build/icyphy/ptII/ptolemy/actor/lib/hoc/test/auto/DFTSubSetTest.xml
----------------- Instantiating /home/travis/build/icyphy/ptII/ptolemy/actor/lib/hoc/test/auto/DFTSubSetTest.xml
164 ms. Memory: 208384K Free: 148435K (71%)
----------------- Invoking toplevel() on ptolemy.moml.MoMLSimpleApplication@48c8db1b
----------------- Done invoking toplevel() on ptolemy.moml.MoMLSimpleApplication@48c8db1b
reloadAllAccessors: .DFTSubSetTest

===========================================================================================
----------------- testing Wed Oct 31 02:32:34 UTC 2018 /home/travis/build/icyphy/ptII/ptolemy/actor/lib/hoc/test/auto/HocDE.xml
----------------- Instantiating /home/travis/build/icyphy/ptII/ptolemy/actor/lib/hoc/test/auto/HocDE.xml
129 ms. Memory: 208384K Free: 121368K (58%)
----------------- Invoking toplevel() on ptolemy.moml.MoMLSimpleApplication@b6c5201
----------------- Done invoking toplevel() on ptolemy.moml.MoMLSimpleApplication@b6c5201
reloadAllAccessors: .HocDE

===========================================================================================
----------------- testing Wed Oct 31 02:32:34 UTC 2018 /home/travis/build/icyphy/ptII/ptolemy/actor/lib/hoc/test/auto/IterateOverArray.xml
----------------- Instantiating /home/travis/build/icyphy/ptII/ptolemy/actor/lib/hoc/test/auto/IterateOverArray.xml
6 ms. Memory: 208384K Free: 115006K (55%)
----------------- Invoking toplevel() on ptolemy.moml.MoMLSimpleApplication@854c90a
----------------- Done invoking toplevel() on ptolemy.moml.MoMLSimpleApplication@854c90a
reloadAllAccessors: .IterateOverArray

===========================================================================================
----------------- testing Wed Oct 31 02:32:34 UTC 2018 /home/travis/build/icyphy/ptII/ptolemy/actor/lib/hoc/test/auto/IterateOverArray10.xml
----------------- Instantiating /home/travis/build/icyphy/ptII/ptolemy/actor/lib/hoc/test/auto/IterateOverArray10.xml
2 ms. Memory: 208384K Free: 110910K (53%)
----------------- Invoking toplevel() on ptolemy.moml.MoMLSimpleApplication@f7f1381
----------------- Done invoking toplevel() on ptolemy.moml.MoMLSimpleApplication@f7f1381
reloadAllAccessors: .IterateOverArray10

===========================================================================================
----------------- testing Wed Oct 31 02:32:34 UTC 2018 /home/travis/build/icyphy/ptII/ptolemy/actor/lib/hoc/test/auto/IterateOverArray11.xml
----------------- Instantiating /home/travis/build/icyphy/ptII/ptolemy/actor/lib/hoc/test/auto/IterateOverArray11.xml
4 ms. Memory: 208384K Free: 105320K (51%)
----------------- Invoking toplevel() on ptolemy.moml.MoMLSimpleApplication@5c9121b5
----------------- Done invoking toplevel() on ptolemy.moml.MoMLSimpleApplication@5c9121b5
reloadAllAccessors: .IterateOverArray11

===========================================================================================
----------------- testing Wed Oct 31 02:32:34 UTC 2018 /home/travis/build/icyphy/ptII/ptolemy/actor/lib/hoc/test/auto/IterateOverArray12.xml
----------------- Instantiating /home/travis/build/icyphy/ptII/ptolemy/actor/lib/hoc/test/auto/IterateOverArray12.xml
18 ms. Memory: 208384K Free: 98766K (47%)
----------------- Invoking toplevel() on ptolemy.moml.MoMLSimpleApplication@23fd0b73
----------------- Done invoking toplevel() on ptolemy.moml.MoMLSimpleApplication@23fd0b73
reloadAllAccessors: .IterateOverArray12

===========================================================================================
----------------- testing Wed Oct 31 02:32:34 UTC 2018 /home/travis/build/icyphy/ptII/ptolemy/actor/lib/hoc/test/auto/IterateOverArray13.xml
----------------- Instantiating /home/travis/build/icyphy/ptII/ptolemy/actor/lib/hoc/test/auto/IterateOverArray13.xml
60 ms. Memory: 331264K Free: 312870K (94%)
----------------- Invoking toplevel() on ptolemy.moml.MoMLSimpleApplication@6290bdc7
----------------- Done invoking toplevel() on ptolemy.moml.MoMLSimpleApplication@6290bdc7
reloadAllAccessors: .IterateOverArray13

===========================================================================================
----------------- testing Wed Oct 31 02:32:34 UTC 2018 /home/travis/build/icyphy/ptII/ptolemy/actor/lib/hoc/test/auto/IterateOverArray14.xml
----------------- Instantiating /home/travis/build/icyphy/ptII/ptolemy/actor/lib/hoc/test/auto/IterateOverArray14.xml
70 ms. Memory: 331264K Free: 276130K (83%)
----------------- Invoking toplevel() on ptolemy.moml.MoMLSimpleApplication@5d615d0
----------------- Done invoking toplevel() on ptolemy.moml.MoMLSimpleApplication@5d615d0
reloadAllAccessors: .IterateOverArray14

===========================================================================================
----------------- testing Wed Oct 31 02:32:34 UTC 2018 /home/travis/build/icyphy/ptII/ptolemy/actor/lib/hoc/test/auto/IterateOverArray2.xml
----------------- Instantiating /home/travis/build/icyphy/ptII/ptolemy/actor/lib/hoc/test/auto/IterateOverArray2.xml
8 ms. Memory: 331264K Free: 269604K (81%)
----------------- Invoking toplevel() on ptolemy.moml.MoMLSimpleApplication@4c496ca8
----------------- Done invoking toplevel() on ptolemy.moml.MoMLSimpleApplication@4c496ca8
reloadAllAccessors: .IterateOverArray2

===========================================================================================
----------------- testing Wed Oct 31 02:32:34 UTC 2018 /home/travis/build/icyphy/ptII/ptolemy/actor/lib/hoc/test/auto/IterateOverArray3.xml
----------------- Instantiating /home/travis/build/icyphy/ptII/ptolemy/actor/lib/hoc/test/auto/IterateOverArray3.xml
17 ms. Memory: 331264K Free: 260601K (79%)
----------------- Invoking toplevel() on ptolemy.moml.MoMLSimpleApplication@15390979
----------------- Done invoking toplevel() on ptolemy.moml.MoMLSimpleApplication@15390979
reloadAllAccessors: .IterateOverArray3

===========================================================================================
----------------- testing Wed Oct 31 02:32:34 UTC 2018 /home/travis/build/icyphy/ptII/ptolemy/actor/lib/hoc/test/auto/IterateOverArray4.xml
----------------- Instantiating /home/travis/build/icyphy/ptII/ptolemy/actor/lib/hoc/test/auto/IterateOverArray4.xml
4 ms. Memory: 331264K Free: 255706K (77%)
----------------- Invoking toplevel() on ptolemy.moml.MoMLSimpleApplication@6d91cb0d
----------------- Done invoking toplevel() on ptolemy.moml.MoMLSimpleApplication@6d91cb0d
reloadAllAccessors: .IterateOverArray4

===========================================================================================
----------------- testing Wed Oct 31 02:32:34 UTC 2018 /home/travis/build/icyphy/ptII/ptolemy/actor/lib/hoc/test/auto/IterateOverArray5.xml
----------------- Instantiating /home/travis/build/icyphy/ptII/ptolemy/actor/lib/hoc/test/auto/IterateOverArray5.xml
3 ms. Memory: 331264K Free: 250811K (76%)
----------------- Invoking toplevel() on ptolemy.moml.MoMLSimpleApplication@304410f3
----------------- Done invoking toplevel() on ptolemy.moml.MoMLSimpleApplication@304410f3
reloadAllAccessors: .IterateOverArray5

===========================================================================================
----------------- testing Wed Oct 31 02:32:34 UTC 2018 /home/travis/build/icyphy/ptII/ptolemy/actor/lib/hoc/test/auto/IterateOverArray6.xml
----------------- Instantiating /home/travis/build/icyphy/ptII/ptolemy/actor/lib/hoc/test/auto/IterateOverArray6.xml
2 ms. Memory: 331264K Free: 245071K (74%)
----------------- Invoking toplevel() on ptolemy.moml.MoMLSimpleApplication@52c89110
----------------- Done invoking toplevel() on ptolemy.moml.MoMLSimpleApplication@52c89110
reloadAllAccessors: .IterateOverArray6

===========================================================================================
----------------- testing Wed Oct 31 02:32:34 UTC 2018 /home/travis/build/icyphy/ptII/ptolemy/actor/lib/hoc/test/auto/IterateOverArray7.xml
----------------- Instantiating /home/travis/build/icyphy/ptII/ptolemy/actor/lib/hoc/test/auto/IterateOverArray7.xml
4 ms. Memory: 331264K Free: 240176K (73%)
----------------- Invoking toplevel() on ptolemy.moml.MoMLSimpleApplication@2737f7cf
----------------- Done invoking toplevel() on ptolemy.moml.MoMLSimpleApplication@2737f7cf
reloadAllAccessors: .IterateOverArray7

===========================================================================================
----------------- testing Wed Oct 31 02:32:34 UTC 2018 /home/travis/build/icyphy/ptII/ptolemy/actor/lib/hoc/test/auto/IterateOverArray8.xml
----------------- Instantiating /home/travis/build/icyphy/ptII/ptolemy/actor/lib/hoc/test/auto/IterateOverArray8.xml
4 ms. Memory: 331264K Free: 234436K (71%)
----------------- Invoking toplevel() on ptolemy.moml.MoMLSimpleApplication@10a4aea6
----------------- Done invoking toplevel() on ptolemy.moml.MoMLSimpleApplication@10a4aea6
reloadAllAccessors: .IterateOverArray8

===========================================================================================
----------------- testing Wed Oct 31 02:32:34 UTC 2018 /home/travis/build/icyphy/ptII/ptolemy/actor/lib/hoc/test/auto/IterateOverArray9.xml
----------------- Instantiating /home/travis/build/icyphy/ptII/ptolemy/actor/lib/hoc/test/auto/IterateOverArray9.xml
11 ms. Memory: 331264K Free: 229541K (69%)
----------------- Invoking toplevel() on ptolemy.moml.MoMLSimpleApplication@200564ec
----------------- Done invoking toplevel() on ptolemy.moml.MoMLSimpleApplication@200564ec
reloadAllAccessors: .IterateOverArray9

===========================================================================================
----------------- testing Wed Oct 31 02:32:34 UTC 2018 /home/travis/build/icyphy/ptII/ptolemy/actor/lib/hoc/test/auto/IterateOverArrayCoercedOutputType.xml
----------------- Instantiating /home/travis/build/icyphy/ptII/ptolemy/actor/lib/hoc/test/auto/IterateOverArrayCoercedOutputType.xml
8 ms. Memory: 331264K Free: 223015K (67%)
----------------- Invoking toplevel() on ptolemy.moml.MoMLSimpleApplication@1b7d1cc
----------------- Done invoking toplevel() on ptolemy.moml.MoMLSimpleApplication@1b7d1cc
reloadAllAccessors: .IterateOverArrayCoercedOutputType

===========================================================================================
----------------- testing Wed Oct 31 02:32:34 UTC 2018 /home/travis/build/icyphy/ptII/ptolemy/actor/lib/hoc/test/auto/IterateOverArrayInferredOutputType.xml
----------------- Instantiating /home/travis/build/icyphy/ptII/ptolemy/actor/lib/hoc/test/auto/IterateOverArrayInferredOutputType.xml
9 ms. Memory: 331264K Free: 215643K (65%)
----------------- Invoking toplevel() on ptolemy.moml.MoMLSimpleApplication@760b1cb6
----------------- Done invoking toplevel() on ptolemy.moml.MoMLSimpleApplication@760b1cb6
reloadAllAccessors: .IterateOverArrayInferredOutputType

===========================================================================================
----------------- testing Wed Oct 31 02:32:35 UTC 2018 /home/travis/build/icyphy/ptII/ptolemy/actor/lib/hoc/test/auto/MobileFunctionTest.xml
----------------- Instantiating /home/travis/build/icyphy/ptII/ptolemy/actor/lib/hoc/test/auto/MobileFunctionTest.xml
4 ms. Memory: 331264K Free: 209085K (63%)
----------------- Invoking toplevel() on ptolemy.moml.MoMLSimpleApplication@742f7348
----------------- Done invoking toplevel() on ptolemy.moml.MoMLSimpleApplication@742f7348
reloadAllAccessors: .MobileFunctionTest

===========================================================================================
----------------- testing Wed Oct 31 02:32:35 UTC 2018 /home/travis/build/icyphy/ptII/ptolemy/actor/lib/hoc/test/auto/MobileModelTest.xml
----------------- Instantiating /home/travis/build/icyphy/ptII/ptolemy/actor/lib/hoc/test/auto/MobileModelTest.xml
75 ms. Memory: 331264K Free: 187858K (57%)
----------------- Invoking toplevel() on ptolemy.moml.MoMLSimpleApplication@676a7cbc
----------------- Done invoking toplevel() on ptolemy.moml.MoMLSimpleApplication@676a7cbc
reloadAllAccessors: .MobileModelTest

===========================================================================================
----------------- testing Wed Oct 31 02:32:35 UTC 2018 /home/travis/build/icyphy/ptII/ptolemy/actor/lib/hoc/test/auto/ModelReference.xml
----------------- Instantiating /home/travis/build/icyphy/ptII/ptolemy/actor/lib/hoc/test/auto/ModelReference.xml
2 ms. Memory: 331264K Free: 177207K (53%)
2 ms. Memory: 331264K Free: 177207K (53%)
2 ms. Memory: 331264K Free: 175575K (53%)
2 ms. Memory: 331264K Free: 175575K (53%)
1 ms. Memory: 331264K Free: 173944K (53%)
2 ms. Memory: 331264K Free: 173944K (53%)
2 ms. Memory: 331264K Free: 172312K (52%)
5 ms. Memory: 331264K Free: 172312K (52%)
2 ms. Memory: 331264K Free: 170680K (52%)
2 ms. Memory: 331264K Free: 170680K (52%)
35 ms. Memory: 331264K Free: 170680K (52%)
----------------- Invoking toplevel() on ptolemy.moml.MoMLSimpleApplication@7bf38893
----------------- Done invoking toplevel() on ptolemy.moml.MoMLSimpleApplication@7bf38893
reloadAllAccessors: .ModelReference

===========================================================================================
----------------- testing Wed Oct 31 02:32:35 UTC 2018 /home/travis/build/icyphy/ptII/ptolemy/actor/lib/hoc/test/auto/ModelReference3.xml
----------------- Instantiating /home/travis/build/icyphy/ptII/ptolemy/actor/lib/hoc/test/auto/ModelReference3.xml
2 ms. Memory: 331264K Free: 165786K (50%)
1 ms. Memory: 331264K Free: 164154K (50%)
1 ms. Memory: 331264K Free: 164154K (50%)
3 ms. Memory: 331264K Free: 162523K (49%)
1 ms. Memory: 331264K Free: 162523K (49%)
2 ms. Memory: 331264K Free: 160891K (49%)
3 ms. Memory: 331264K Free: 160891K (49%)
4 ms. Memory: 331264K Free: 159259K (48%)
2 ms. Memory: 331264K Free: 159259K (48%)
2 ms. Memory: 331264K Free: 157628K (48%)
29 ms. Memory: 331264K Free: 157628K (48%)
----------------- Invoking toplevel() on ptolemy.moml.MoMLSimpleApplication@329a85bf
----------------- Done invoking toplevel() on ptolemy.moml.MoMLSimpleApplication@329a85bf
reloadAllAccessors: .ModelReference3

===========================================================================================
----------------- testing Wed Oct 31 02:32:35 UTC 2018 /home/travis/build/icyphy/ptII/ptolemy/actor/lib/hoc/test/auto/ModelReference4.xml
----------------- Instantiating /home/travis/build/icyphy/ptII/ptolemy/actor/lib/hoc/test/auto/ModelReference4.xml
4 ms. Memory: 331264K Free: 150256K (45%)
12 ms. Memory: 331264K Free: 148625K (45%)
11 ms. Memory: 331264K Free: 146993K (44%)
3 ms. Memory: 331264K Free: 145361K (44%)
2 ms. Memory: 331264K Free: 142098K (43%)
1 ms. Memory: 331264K Free: 140467K (42%)
2 ms. Memory: 331264K Free: 138835K (42%)
2 ms. Memory: 331264K Free: 137204K (41%)
2 ms. Memory: 331264K Free: 135572K (41%)
7 ms. Memory: 331264K Free: 133940K (40%)
10026 ms. Memory: 331264K Free: 133940K (40%)
----------------- Invoking toplevel() on ptolemy.moml.MoMLSimpleApplication@21f59957
----------------- Done invoking toplevel() on ptolemy.moml.MoMLSimpleApplication@21f59957
reloadAllAccessors: .ModelReference4

===========================================================================================
----------------- testing Wed Oct 31 02:32:45 UTC 2018 /home/travis/build/icyphy/ptII/ptolemy/actor/lib/hoc/test/auto/MultiInstanceComposite.xml
----------------- Instantiating /home/travis/build/icyphy/ptII/ptolemy/actor/lib/hoc/test/auto/MultiInstanceComposite.xml
26 ms. Memory: 331264K Free: 115929K (35%)
----------------- Invoking toplevel() on ptolemy.moml.MoMLSimpleApplication@60121fa1
----------------- Done invoking toplevel() on ptolemy.moml.MoMLSimpleApplication@60121fa1
reloadAllAccessors: .MultiInstanceComposite

===========================================================================================
----------------- testing Wed Oct 31 02:32:45 UTC 2018 /home/travis/build/icyphy/ptII/ptolemy/actor/lib/hoc/test/auto/MultiInstanceComposite2.xml
----------------- Instantiating /home/travis/build/icyphy/ptII/ptolemy/actor/lib/hoc/test/auto/MultiInstanceComposite2.xml
14 ms. Memory: 331264K Free: 102804K (31%)
----------------- Invoking toplevel() on ptolemy.moml.MoMLSimpleApplication@3c37ffbc
----------------- Done invoking toplevel() on ptolemy.moml.MoMLSimpleApplication@3c37ffbc
reloadAllAccessors: .MultiInstanceComposite2

===========================================================================================
----------------- testing Wed Oct 31 02:32:45 UTC 2018 /home/travis/build/icyphy/ptII/ptolemy/actor/lib/hoc/test/auto/MulticoreExecution.xml
----------------- Instantiating /home/travis/build/icyphy/ptII/ptolemy/actor/lib/hoc/test/auto/MulticoreExecution.xml
Fired ExecutionTime: 1600000
Fired ExecutionTime: 4400000
Fired ExecutionTime: 3600000
Fired ExecutionTime: 2000000
Fired ExecutionTime: 17600000
Fired ExecutionTime: 22400000
Fired ExecutionTime: 68000000
Fired ExecutionTime: 68400000
Fired ExecutionTime: 66000000
Fired ExecutionTime: 66000000
Fired ExecutionTime: 65600000
Fired ExecutionTime: 66400000
Fired ExecutionTime: 58800000
Fired ExecutionTime: 66800000
Fired ExecutionTime: 65600000
Fired ExecutionTime: 66000000
Fired ExecutionTime: 34000000
Fired ExecutionTime: 67200000
Fired ExecutionTime: 49600000
Fired ExecutionTime: 58800000
1076 ms. Memory: 331264K Free: 88882K (27%)
----------------- Invoking toplevel() on ptolemy.moml.MoMLSimpleApplication@2297f5ac
----------------- Done invoking toplevel() on ptolemy.moml.MoMLSimpleApplication@2297f5ac
reloadAllAccessors: .MulticoreExecution

===========================================================================================
----------------- testing Wed Oct 31 02:32:46 UTC 2018 /home/travis/build/icyphy/ptII/ptolemy/actor/lib/hoc/test/auto/ParallelExecution.xml
----------------- Instantiating /home/travis/build/icyphy/ptII/ptolemy/actor/lib/hoc/test/auto/ParallelExecution.xml
944 ms. Memory: 332288K Free: 322132K (97%)
----------------- Invoking toplevel() on ptolemy.moml.MoMLSimpleApplication@af5fe37
----------------- Done invoking toplevel() on ptolemy.moml.MoMLSimpleApplication@af5fe37
reloadAllAccessors: .ParallelExecution

===========================================================================================
----------------- testing Wed Oct 31 02:32:47 UTC 2018 /home/travis/build/icyphy/ptII/ptolemy/actor/lib/hoc/test/auto/RunCompositeActor.xml
----------------- Instantiating /home/travis/build/icyphy/ptII/ptolemy/actor/lib/hoc/test/auto/RunCompositeActor.xml
6 ms. Memory: 332288K Free: 312061K (94%)
----------------- Invoking toplevel() on ptolemy.moml.MoMLSimpleApplication@994e39e
----------------- Done invoking toplevel() on ptolemy.moml.MoMLSimpleApplication@994e39e
reloadAllAccessors: .RunCompositeActor

===========================================================================================
----------------- testing Wed Oct 31 02:32:47 UTC 2018 /home/travis/build/icyphy/ptII/ptolemy/actor/lib/hoc/test/auto/RunCompositeActor2.xml
----------------- Instantiating /home/travis/build/icyphy/ptII/ptolemy/actor/lib/hoc/test/auto/RunCompositeActor2.xml
17 ms. Memory: 332288K Free: 304021K (91%)
----------------- Invoking toplevel() on ptolemy.moml.MoMLSimpleApplication@604ed84f
----------------- Done invoking toplevel() on ptolemy.moml.MoMLSimpleApplication@604ed84f
reloadAllAccessors: .RunCompositeActor2

===========================================================================================
----------------- testing Wed Oct 31 02:32:47 UTC 2018 /home/travis/build/icyphy/ptII/ptolemy/actor/lib/hoc/test/auto/RunCompositeActor3.xml
----------------- Instantiating /home/travis/build/icyphy/ptII/ptolemy/actor/lib/hoc/test/auto/RunCompositeActor3.xml
5 ms. Memory: 332288K Free: 297887K (90%)
----------------- Invoking toplevel() on ptolemy.moml.MoMLSimpleApplication@6b802622
----------------- Done invoking toplevel() on ptolemy.moml.MoMLSimpleApplication@6b802622
reloadAllAccessors: .RunCompositeActor3

===========================================================================================
----------------- testing Wed Oct 31 02:32:47 UTC 2018 /home/travis/build/icyphy/ptII/ptolemy/actor/lib/hoc/test/auto/RunCompositeActor4.xml
----------------- Instantiating /home/travis/build/icyphy/ptII/ptolemy/actor/lib/hoc/test/auto/RunCompositeActor4.xml
13 ms. Memory: 332288K Free: 288487K (87%)
----------------- Invoking toplevel() on ptolemy.moml.MoMLSimpleApplication@17a38782
----------------- Done invoking toplevel() on ptolemy.moml.MoMLSimpleApplication@17a38782
reloadAllAccessors: .RunCompositeActor4

===========================================================================================
----------------- testing Wed Oct 31 02:32:47 UTC 2018 /home/travis/build/icyphy/ptII/ptolemy/actor/lib/hoc/test/auto/RunCompositeIterateOverArray.xml
----------------- Instantiating /home/travis/build/icyphy/ptII/ptolemy/actor/lib/hoc/test/auto/RunCompositeIterateOverArray.xml
7 ms. Memory: 332288K Free: 281111K (85%)
----------------- Invoking toplevel() on ptolemy.moml.MoMLSimpleApplication@3e08d5b0
----------------- Done invoking toplevel() on ptolemy.moml.MoMLSimpleApplication@3e08d5b0
reloadAllAccessors: .RunCompositeIterateOverArray

===========================================================================================
----------------- testing Wed Oct 31 02:32:47 UTC 2018 /home/travis/build/icyphy/ptII/ptolemy/actor/lib/hoc/test/auto/ThreadedJS.xml
----------------- Instantiating /home/travis/build/icyphy/ptII/ptolemy/actor/lib/hoc/test/auto/ThreadedJS.xml
1822 ms. Memory: 544768K Free: 161053K (30%)
----------------- Invoking toplevel() on ptolemy.moml.MoMLSimpleApplication@4129808
----------------- Done invoking toplevel() on ptolemy.moml.MoMLSimpleApplication@4129808
reloadAllAccessors: .ThreadedJS
AutoTests.java: About to close Vertx.
AutoTests.java: Vertx closed.
]]></system-out>
  <system-err><![CDATA[java.lang.RuntimeException: Execution failed
	at ptolemy.moml.MoMLSimpleApplication$UnloadThread.run(MoMLSimpleApplication.java:402)
Caused by: ptolemy.kernel.util.IllegalActionException: initialize() was called after wrapup() was called but preinitialize() was not called after wrapup().
	at ptolemy.actor.lib.hoc.test.PreinitializeMustBeInvoked.initialize(PreinitializeMustBeInvoked.java:78)
	at ptolemy.actor.Director.initialize(Director.java:938)
	at ptolemy.actor.Director.initialize(Director.java:907)
	at ptolemy.actor.sched.StaticSchedulingDirector.initialize(StaticSchedulingDirector.java:159)
	at ptolemy.domains.sdf.kernel.SDFDirector.initialize(SDFDirector.java:544)
	at ptolemy.actor.CompositeActor.initialize(CompositeActor.java:935)
	at ptolemy.actor.lib.hoc.LifeCycleManager._executeInsideModel(LifeCycleManager.java:339)
	at ptolemy.actor.lib.hoc.RunCompositeActor.fire(RunCompositeActor.java:205)
	at ptolemy.actor.CompositeActor.iterate(CompositeActor.java:1146)
	at ptolemy.actor.sched.StaticSchedulingDirector.fire(StaticSchedulingDirector.java:216)
	at ptolemy.domains.sdf.kernel.SDFDirector.fire(SDFDirector.java:500)
	at ptolemy.actor.CompositeActor.fire(CompositeActor.java:455)
	at ptolemy.actor.Manager.iterate(Manager.java:851)
	at ptolemy.actor.Manager.execute(Manager.java:369)
	at ptolemy.actor.Manager.run(Manager.java:1263)
	at ptolemy.actor.Manager$PtolemyRunThread.run(Manager.java:1915)
java.lang.reflect.InvocationTargetException
	at sun.reflect.NativeConstructorAccessorImpl.newInstance0(Native Method)
	at sun.reflect.NativeConstructorAccessorImpl.newInstance(NativeConstructorAccessorImpl.java:62)
	at sun.reflect.DelegatingConstructorAccessorImpl.newInstance(DelegatingConstructorAccessorImpl.java:45)
	at java.lang.reflect.Constructor.newInstance(Constructor.java:423)
	at ptolemy.util.test.junit.AutoKnownFailedTests.RunModel(AutoKnownFailedTests.java:105)
	at sun.reflect.NativeMethodAccessorImpl.invoke0(Native Method)
	at sun.reflect.NativeMethodAccessorImpl.invoke(NativeMethodAccessorImpl.java:62)
	at sun.reflect.DelegatingMethodAccessorImpl.invoke(DelegatingMethodAccessorImpl.java:43)
	at java.lang.reflect.Method.invoke(Method.java:498)
	at org.junit.runners.model.FrameworkMethod$1.runReflectiveCall(FrameworkMethod.java:44)
	at org.junit.internal.runners.model.ReflectiveCallable.run(ReflectiveCallable.java:15)
	at org.junit.runners.model.FrameworkMethod.invokeExplosively(FrameworkMethod.java:41)
	at junitparams.internal.InvokeParameterisedMethod.evaluate(InvokeParameterisedMethod.java:102)
	at org.junit.internal.runners.statements.FailOnTimeout$1.run(FailOnTimeout.java:28)
Caused by: ptolemy.kernel.util.IllegalActionException: initialize() was called after wrapup() was called but preinitialize() was not called after wrapup().
	at ptolemy.actor.lib.hoc.test.PreinitializeMustBeInvoked.initialize(PreinitializeMustBeInvoked.java:78)
	at ptolemy.actor.Director.initialize(Director.java:938)
	at ptolemy.actor.Director.initialize(Director.java:907)
	at ptolemy.actor.sched.StaticSchedulingDirector.initialize(StaticSchedulingDirector.java:159)
	at ptolemy.domains.sdf.kernel.SDFDirector.initialize(SDFDirector.java:544)
	at ptolemy.actor.CompositeActor.initialize(CompositeActor.java:935)
	at ptolemy.actor.lib.hoc.LifeCycleManager._executeInsideModel(LifeCycleManager.java:339)
	at ptolemy.actor.lib.hoc.RunCompositeActor.fire(RunCompositeActor.java:205)
	at ptolemy.actor.CompositeActor.iterate(CompositeActor.java:1146)
	at ptolemy.actor.sched.StaticSchedulingDirector.fire(StaticSchedulingDirector.java:216)
	at ptolemy.domains.sdf.kernel.SDFDirector.fire(SDFDirector.java:500)
	at ptolemy.actor.CompositeActor.fire(CompositeActor.java:455)
	at ptolemy.actor.Manager.iterate(Manager.java:851)
	at ptolemy.actor.Manager.execute(Manager.java:369)
	at ptolemy.actor.Manager.run(Manager.java:1263)
	at ptolemy.actor.Manager$PtolemyRunThread.run(Manager.java:1915)
]]></system-err>
</testsuite>
