<?xml version="1.0" encoding="UTF-8" ?>
<testsuite errors="0" failures="0" hostname="travis-job-a0223c48-37c9-46b5-ad97-2bb6c9e5df33" name="ptolemy.domains.continuous.test.junit.JUnitTclTest" skipped="0" tests="156" time="67.889" timestamp="2020-03-08T07:06:41">
  <properties>
[...]
</properties>
  <testcase classname="ptolemy.util.test.junit.TclTests" name="[0] ThereAreNoTclTests (RunTclFile)" time="0.012" />
  <testcase classname="ptolemy.util.test.junit.AutoKnownFailedTests" name="[0] ThereAreNoKnowFailedTests (RunModel)" time="0.001" />
  <testcase classname="ptolemy.util.test.junit.AutoNameArchTests" name="[0] ThereAreNoAutoArchTests (RunModel)" time="0.02" />
  <testcase classname="ptolemy.util.test.junit.AutoTests" name="[0] /home/travis/build/icyphy/ptII/ptolemy/domains/continuous/test/auto/BouncingBall.xml (RunModel)" time="2.941" />
  <testcase classname="ptolemy.util.test.junit.AutoTests" name="[1] /home/travis/build/icyphy/ptII/ptolemy/domains/continuous/test/auto/BouncingBallWithoutGR.xml (RunModel)" time="0.888" />
  <testcase classname="ptolemy.util.test.junit.AutoTests" name="[2] /home/travis/build/icyphy/ptII/ptolemy/domains/continuous/test/auto/Brownian.xml (RunModel)" time="0.09" />
  <testcase classname="ptolemy.util.test.junit.AutoTests" name="[3] /home/travis/build/icyphy/ptII/ptolemy/domains/continuous/test/auto/CarTracking.xml (RunModel)" time="3.915" />
  <testcase classname="ptolemy.util.test.junit.AutoTests" name="[4] /home/travis/build/icyphy/ptII/ptolemy/domains/continuous/test/auto/CartPendulum.xml (RunModel)" time="0.538" />
  <testcase classname="ptolemy.util.test.junit.AutoTests" name="[5] /home/travis/build/icyphy/ptII/ptolemy/domains/continuous/test/auto/CausalityInterface10.xml (RunModel)" time="0.044" />
  <testcase classname="ptolemy.util.test.junit.AutoTests" name="[6] /home/travis/build/icyphy/ptII/ptolemy/domains/continuous/test/auto/CausalityInterface11.xml (RunModel)" time="0.026" />
  <testcase classname="ptolemy.util.test.junit.AutoTests" name="[7] /home/travis/build/icyphy/ptII/ptolemy/domains/continuous/test/auto/CausalityInterface12.xml (RunModel)" time="0.028" />
  <testcase classname="ptolemy.util.test.junit.AutoTests" name="[8] /home/travis/build/icyphy/ptII/ptolemy/domains/continuous/test/auto/CausalityInterface13.xml (RunModel)" time="0.028" />
  <testcase classname="ptolemy.util.test.junit.AutoTests" name="[9] /home/travis/build/icyphy/ptII/ptolemy/domains/continuous/test/auto/CausalityInterface14.xml (RunModel)" time="0.019" />
  <testcase classname="ptolemy.util.test.junit.AutoTests" name="[10] /home/travis/build/icyphy/ptII/ptolemy/domains/continuous/test/auto/CausalityInterface4.xml (RunModel)" time="0.022" />
  <testcase classname="ptolemy.util.test.junit.AutoTests" name="[11] /home/travis/build/icyphy/ptII/ptolemy/domains/continuous/test/auto/CausalityInterface5.xml (RunModel)" time="0.022" />
  <testcase classname="ptolemy.util.test.junit.AutoTests" name="[12] /home/travis/build/icyphy/ptII/ptolemy/domains/continuous/test/auto/CausalityInterface6.xml (RunModel)" time="0.028" />
  <testcase classname="ptolemy.util.test.junit.AutoTests" name="[13] /home/travis/build/icyphy/ptII/ptolemy/domains/continuous/test/auto/CausalityInterface7.xml (RunModel)" time="0.036" />
  <testcase classname="ptolemy.util.test.junit.AutoTests" name="[14] /home/travis/build/icyphy/ptII/ptolemy/domains/continuous/test/auto/CausalityInterface8.xml (RunModel)" time="0.034" />
  <testcase classname="ptolemy.util.test.junit.AutoTests" name="[15] /home/travis/build/icyphy/ptII/ptolemy/domains/continuous/test/auto/CausalityInterface9.xml (RunModel)" time="0.033" />
  <testcase classname="ptolemy.util.test.junit.AutoTests" name="[16] /home/travis/build/icyphy/ptII/ptolemy/domains/continuous/test/auto/CausalityInterfaceFeedback1.xml (RunModel)" time="0.02" />
  <testcase classname="ptolemy.util.test.junit.AutoTests" name="[17] /home/travis/build/icyphy/ptII/ptolemy/domains/continuous/test/auto/CausalityInterfaceFeedback2.xml (RunModel)" time="0.021" />
  <testcase classname="ptolemy.util.test.junit.AutoTests" name="[18] /home/travis/build/icyphy/ptII/ptolemy/domains/continuous/test/auto/CompareWithCurrentTime.xml (RunModel)" time="0.013" />
  <testcase classname="ptolemy.util.test.junit.AutoTests" name="[19] /home/travis/build/icyphy/ptII/ptolemy/domains/continuous/test/auto/ComparedClocks.xml (RunModel)" time="0.059" />
  <testcase classname="ptolemy.util.test.junit.AutoTests" name="[20] /home/travis/build/icyphy/ptII/ptolemy/domains/continuous/test/auto/ContinuousAOCClone.xml (RunModel)" time="2.391" />
  <testcase classname="ptolemy.util.test.junit.AutoTests" name="[21] /home/travis/build/icyphy/ptII/ptolemy/domains/continuous/test/auto/ContinuousClock.xml (RunModel)" time="0.065" />
  <testcase classname="ptolemy.util.test.junit.AutoTests" name="[22] /home/travis/build/icyphy/ptII/ptolemy/domains/continuous/test/auto/ContinuousInContinuous.xml (RunModel)" time="0.076" />
  <testcase classname="ptolemy.util.test.junit.AutoTests" name="[23] /home/travis/build/icyphy/ptII/ptolemy/domains/continuous/test/auto/ContinuousInContinuousInContinuous.xml (RunModel)" time="0.026" />
  <testcase classname="ptolemy.util.test.junit.AutoTests" name="[24] /home/travis/build/icyphy/ptII/ptolemy/domains/continuous/test/auto/ContinuousInDE.xml (RunModel)" time="0.075" />
  <testcase classname="ptolemy.util.test.junit.AutoTests" name="[25] /home/travis/build/icyphy/ptII/ptolemy/domains/continuous/test/auto/ContinuousInDE2.xml (RunModel)" time="0.053" />
  <testcase classname="ptolemy.util.test.junit.AutoTests" name="[26] /home/travis/build/icyphy/ptII/ptolemy/domains/continuous/test/auto/ContinuousInDE3.xml (RunModel)" time="0.049" />
  <testcase classname="ptolemy.util.test.junit.AutoTests" name="[27] /home/travis/build/icyphy/ptII/ptolemy/domains/continuous/test/auto/ContinuousInDE4.xml (RunModel)" time="0.035" />
  <testcase classname="ptolemy.util.test.junit.AutoTests" name="[28] /home/travis/build/icyphy/ptII/ptolemy/domains/continuous/test/auto/ContinuousInDEDifferentRefinements.xml (RunModel)" time="0.107" />
  <testcase classname="ptolemy.util.test.junit.AutoTests" name="[29] /home/travis/build/icyphy/ptII/ptolemy/domains/continuous/test/auto/ContinuousInDEDifferentRefinementsPreemptive.xml (RunModel)" time="0.079" />
  <testcase classname="ptolemy.util.test.junit.AutoTests" name="[30] /home/travis/build/icyphy/ptII/ptolemy/domains/continuous/test/auto/ContinuousInDEInContinuous2.xml (RunModel)" time="0.055" />
  <testcase classname="ptolemy.util.test.junit.AutoTests" name="[31] /home/travis/build/icyphy/ptII/ptolemy/domains/continuous/test/auto/ContinuousInDEInContinuous3.xml (RunModel)" time="0.051" />
  <testcase classname="ptolemy.util.test.junit.AutoTests" name="[32] /home/travis/build/icyphy/ptII/ptolemy/domains/continuous/test/auto/ContinuousInDEInput.xml (RunModel)" time="0.028" />
  <testcase classname="ptolemy.util.test.junit.AutoTests" name="[33] /home/travis/build/icyphy/ptII/ptolemy/domains/continuous/test/auto/ContinuousInDEInput2.xml (RunModel)" time="0.031" />
  <testcase classname="ptolemy.util.test.junit.AutoTests" name="[34] /home/travis/build/icyphy/ptII/ptolemy/domains/continuous/test/auto/ContinuousInDEInput3.xml (RunModel)" time="0.023" />
  <testcase classname="ptolemy.util.test.junit.AutoTests" name="[35] /home/travis/build/icyphy/ptII/ptolemy/domains/continuous/test/auto/ContinuousInDESharingRefinement.xml (RunModel)" time="0.15" />
  <testcase classname="ptolemy.util.test.junit.AutoTests" name="[36] /home/travis/build/icyphy/ptII/ptolemy/domains/continuous/test/auto/ContinuousInDEwithNoPorts.xml (RunModel)" time="0.014" />
  <testcase classname="ptolemy.util.test.junit.AutoTests" name="[37] /home/travis/build/icyphy/ptII/ptolemy/domains/continuous/test/auto/ContinuousInsideDE.xml (RunModel)" time="0.067" />
  <testcase classname="ptolemy.util.test.junit.AutoTests" name="[38] /home/travis/build/icyphy/ptII/ptolemy/domains/continuous/test/auto/ContinuousMerge1.xml (RunModel)" time="0.013" />
  <testcase classname="ptolemy.util.test.junit.AutoTests" name="[39] /home/travis/build/icyphy/ptII/ptolemy/domains/continuous/test/auto/ContinuousMerge2.xml (RunModel)" time="0.043" />
  <testcase classname="ptolemy.util.test.junit.AutoTests" name="[40] /home/travis/build/icyphy/ptII/ptolemy/domains/continuous/test/auto/ContinuousMerge3.xml (RunModel)" time="0.071" />
  <testcase classname="ptolemy.util.test.junit.AutoTests" name="[41] /home/travis/build/icyphy/ptII/ptolemy/domains/continuous/test/auto/ContinuousWithinContinuous.xml (RunModel)" time="0.042" />
  <testcase classname="ptolemy.util.test.junit.AutoTests" name="[42] /home/travis/build/icyphy/ptII/ptolemy/domains/continuous/test/auto/ContinuousWithinContinuous2.xml (RunModel)" time="0.064" />
  <testcase classname="ptolemy.util.test.junit.AutoTests" name="[43] /home/travis/build/icyphy/ptII/ptolemy/domains/continuous/test/auto/ContinuousWithinContinuous3.xml (RunModel)" time="0.027" />
  <testcase classname="ptolemy.util.test.junit.AutoTests" name="[44] /home/travis/build/icyphy/ptII/ptolemy/domains/continuous/test/auto/ContinuousWithinContinuous4.xml (RunModel)" time="0.073" />
  <testcase classname="ptolemy.util.test.junit.AutoTests" name="[45] /home/travis/build/icyphy/ptII/ptolemy/domains/continuous/test/auto/ContinuousWithinContinuous5.xml (RunModel)" time="0.039" />
  <testcase classname="ptolemy.util.test.junit.AutoTests" name="[46] /home/travis/build/icyphy/ptII/ptolemy/domains/continuous/test/auto/ContinuousWithinContinuous6.xml (RunModel)" time="0.024" />
  <testcase classname="ptolemy.util.test.junit.AutoTests" name="[47] /home/travis/build/icyphy/ptII/ptolemy/domains/continuous/test/auto/ContinuousWithinContinuous7.xml (RunModel)" time="0.059" />
  <testcase classname="ptolemy.util.test.junit.AutoTests" name="[48] /home/travis/build/icyphy/ptII/ptolemy/domains/continuous/test/auto/DCMotor.xml (RunModel)" time="12.731" />
  <testcase classname="ptolemy.util.test.junit.AutoTests" name="[49] /home/travis/build/icyphy/ptII/ptolemy/domains/continuous/test/auto/DEInContinuous.xml (RunModel)" time="0.033" />
  <testcase classname="ptolemy.util.test.junit.AutoTests" name="[50] /home/travis/build/icyphy/ptII/ptolemy/domains/continuous/test/auto/DEinContinuous2.xml (RunModel)" time="0.024" />
  <testcase classname="ptolemy.util.test.junit.AutoTests" name="[51] /home/travis/build/icyphy/ptII/ptolemy/domains/continuous/test/auto/Derivative.xml (RunModel)" time="0.2" />
  <testcase classname="ptolemy.util.test.junit.AutoTests" name="[52] /home/travis/build/icyphy/ptII/ptolemy/domains/continuous/test/auto/Derivative1.xml (RunModel)" time="0.05" />
  <testcase classname="ptolemy.util.test.junit.AutoTests" name="[53] /home/travis/build/icyphy/ptII/ptolemy/domains/continuous/test/auto/DiscreteClock.xml (RunModel)" time="0.018" />
  <testcase classname="ptolemy.util.test.junit.AutoTests" name="[54] /home/travis/build/icyphy/ptII/ptolemy/domains/continuous/test/auto/EfficiencyCurve.xml (RunModel)" time="0.092" />
  <testcase classname="ptolemy.util.test.junit.AutoTests" name="[55] /home/travis/build/icyphy/ptII/ptolemy/domains/continuous/test/auto/ExponentialResponse.xml (RunModel)" time="0.118" />
  <testcase classname="ptolemy.util.test.junit.AutoTests" name="[56] /home/travis/build/icyphy/ptII/ptolemy/domains/continuous/test/auto/ExponentialResponseRK45.xml (RunModel)" time="0.037" />
  <testcase classname="ptolemy.util.test.junit.AutoTests" name="[57] /home/travis/build/icyphy/ptII/ptolemy/domains/continuous/test/auto/Friction.xml (RunModel)" time="1.56" />
  <testcase classname="ptolemy.util.test.junit.AutoTests" name="[58] /home/travis/build/icyphy/ptII/ptolemy/domains/continuous/test/auto/FurutaPendulum.xml (RunModel)" time="3.104" />
  <testcase classname="ptolemy.util.test.junit.AutoTests" name="[59] /home/travis/build/icyphy/ptII/ptolemy/domains/continuous/test/auto/HierarchicalExecution.xml (RunModel)" time="1.791" />
  <testcase classname="ptolemy.util.test.junit.AutoTests" name="[60] /home/travis/build/icyphy/ptII/ptolemy/domains/continuous/test/auto/HybridPlant.xml (RunModel)" time="0.542" />
  <testcase classname="ptolemy.util.test.junit.AutoTests" name="[61] /home/travis/build/icyphy/ptII/ptolemy/domains/continuous/test/auto/Hysteresis.xml (RunModel)" time="0.176" />
  <testcase classname="ptolemy.util.test.junit.AutoTests" name="[62] /home/travis/build/icyphy/ptII/ptolemy/domains/continuous/test/auto/HysteresisWithRandomDelay.xml (RunModel)" time="0.21" />
  <testcase classname="ptolemy.util.test.junit.AutoTests" name="[63] /home/travis/build/icyphy/ptII/ptolemy/domains/continuous/test/auto/HysteresisWithRandomLosses.xml (RunModel)" time="2.329" />
  <testcase classname="ptolemy.util.test.junit.AutoTests" name="[64] /home/travis/build/icyphy/ptII/ptolemy/domains/continuous/test/auto/ImmediateTransitions.xml (RunModel)" time="0.032" />
  <testcase classname="ptolemy.util.test.junit.AutoTests" name="[65] /home/travis/build/icyphy/ptII/ptolemy/domains/continuous/test/auto/ImpulseFeedback.xml (RunModel)" time="0.029" />
  <testcase classname="ptolemy.util.test.junit.AutoTests" name="[66] /home/travis/build/icyphy/ptII/ptolemy/domains/continuous/test/auto/ImpulseFeedback2.xml (RunModel)" time="0.017" />
  <testcase classname="ptolemy.util.test.junit.AutoTests" name="[67] /home/travis/build/icyphy/ptII/ptolemy/domains/continuous/test/auto/IncreasingRatePoisson.xml (RunModel)" time="0.683" />
  <testcase classname="ptolemy.util.test.junit.AutoTests" name="[68] /home/travis/build/icyphy/ptII/ptolemy/domains/continuous/test/auto/InitialStateFeedback.xml (RunModel)" time="0.018" />
  <testcase classname="ptolemy.util.test.junit.AutoTests" name="[69] /home/travis/build/icyphy/ptII/ptolemy/domains/continuous/test/auto/Integration.xml (RunModel)" time="0.014" />
  <testcase classname="ptolemy.util.test.junit.AutoTests" name="[70] /home/travis/build/icyphy/ptII/ptolemy/domains/continuous/test/auto/Integration2.xml (RunModel)" time="0.08" />
  <testcase classname="ptolemy.util.test.junit.AutoTests" name="[71] /home/travis/build/icyphy/ptII/ptolemy/domains/continuous/test/auto/Integration3.xml (RunModel)" time="0.017" />
  <testcase classname="ptolemy.util.test.junit.AutoTests" name="[72] /home/travis/build/icyphy/ptII/ptolemy/domains/continuous/test/auto/Integration5.xml (RunModel)" time="0.01" />
  <testcase classname="ptolemy.util.test.junit.AutoTests" name="[73] /home/travis/build/icyphy/ptII/ptolemy/domains/continuous/test/auto/IntegratorImpulse.xml (RunModel)" time="0.008" />
  <testcase classname="ptolemy.util.test.junit.AutoTests" name="[74] /home/travis/build/icyphy/ptII/ptolemy/domains/continuous/test/auto/IntegratorImpulse2.xml (RunModel)" time="0.009" />
  <testcase classname="ptolemy.util.test.junit.AutoTests" name="[75] /home/travis/build/icyphy/ptII/ptolemy/domains/continuous/test/auto/LevelCrossing1.xml (RunModel)" time="0.01" />
  <testcase classname="ptolemy.util.test.junit.AutoTests" name="[76] /home/travis/build/icyphy/ptII/ptolemy/domains/continuous/test/auto/LevelCrossing2.xml (RunModel)" time="0.012" />
  <testcase classname="ptolemy.util.test.junit.AutoTests" name="[77] /home/travis/build/icyphy/ptII/ptolemy/domains/continuous/test/auto/LevelCrossing3.xml (RunModel)" time="0.011" />
  <testcase classname="ptolemy.util.test.junit.AutoTests" name="[78] /home/travis/build/icyphy/ptII/ptolemy/domains/continuous/test/auto/LevelCrossing4.xml (RunModel)" time="0.016" />
  <testcase classname="ptolemy.util.test.junit.AutoTests" name="[79] /home/travis/build/icyphy/ptII/ptolemy/domains/continuous/test/auto/LevelCrossing5.xml (RunModel)" time="0.012" />
  <testcase classname="ptolemy.util.test.junit.AutoTests" name="[80] /home/travis/build/icyphy/ptII/ptolemy/domains/continuous/test/auto/LevelCrossing6.xml (RunModel)" time="0.012" />
  <testcase classname="ptolemy.util.test.junit.AutoTests" name="[81] /home/travis/build/icyphy/ptII/ptolemy/domains/continuous/test/auto/LevelCrossingDetector.xml (RunModel)" time="0.033" />
  <testcase classname="ptolemy.util.test.junit.AutoTests" name="[82] /home/travis/build/icyphy/ptII/ptolemy/domains/continuous/test/auto/LevelCrossingDetectorDetectingDirections.xml (RunModel)" time="0.078" />
  <testcase classname="ptolemy.util.test.junit.AutoTests" name="[83] /home/travis/build/icyphy/ptII/ptolemy/domains/continuous/test/auto/LevelCrossingDetectorDetectsGlitches.xml (RunModel)" time="0.056" />
  <testcase classname="ptolemy.util.test.junit.AutoTests" name="[84] /home/travis/build/icyphy/ptII/ptolemy/domains/continuous/test/auto/LevelCrossingNoInitialOuput.xml (RunModel)" time="0.012" />
  <testcase classname="ptolemy.util.test.junit.AutoTests" name="[85] /home/travis/build/icyphy/ptII/ptolemy/domains/continuous/test/auto/LinearStateSpaceExample.xml (RunModel)" time="0.063" />
  <testcase classname="ptolemy.util.test.junit.AutoTests" name="[86] /home/travis/build/icyphy/ptII/ptolemy/domains/continuous/test/auto/Lorenz.xml (RunModel)" time="3.03" />
  <testcase classname="ptolemy.util.test.junit.AutoTests" name="[87] /home/travis/build/icyphy/ptII/ptolemy/domains/continuous/test/auto/LorenzDifferentialSystem.xml (RunModel)" time="1.059" />
  <testcase classname="ptolemy.util.test.junit.AutoTests" name="[88] /home/travis/build/icyphy/ptII/ptolemy/domains/continuous/test/auto/LorenzDifferentialSystemWithInput.xml (RunModel)" time="1.144" />
  <testcase classname="ptolemy.util.test.junit.AutoTests" name="[89] /home/travis/build/icyphy/ptII/ptolemy/domains/continuous/test/auto/LorenzDifferentialSystemWithTime.xml (RunModel)" time="0.636" />
  <testcase classname="ptolemy.util.test.junit.AutoTests" name="[90] /home/travis/build/icyphy/ptII/ptolemy/domains/continuous/test/auto/Microsteps.xml (RunModel)" time="0.023" />
  <testcase classname="ptolemy.util.test.junit.AutoTests" name="[91] /home/travis/build/icyphy/ptII/ptolemy/domains/continuous/test/auto/Modal1.xml (RunModel)" time="0.03" />
  <testcase classname="ptolemy.util.test.junit.AutoTests" name="[92] /home/travis/build/icyphy/ptII/ptolemy/domains/continuous/test/auto/Modal2.xml (RunModel)" time="0.038" />
  <testcase classname="ptolemy.util.test.junit.AutoTests" name="[93] /home/travis/build/icyphy/ptII/ptolemy/domains/continuous/test/auto/ModalTransitionGuardWithReset.xml (RunModel)" time="0.025" />
  <testcase classname="ptolemy.util.test.junit.AutoTests" name="[94] /home/travis/build/icyphy/ptII/ptolemy/domains/continuous/test/auto/ModalTransitionGuardWithResetUsingPreemptiveTransition.xml (RunModel)" time="0.024" />
  <testcase classname="ptolemy.util.test.junit.AutoTests" name="[95] /home/travis/build/icyphy/ptII/ptolemy/domains/continuous/test/auto/ModalTransitionGuardWithResetUsingPreemptiveTransition2.xml (RunModel)" time="0.024" />
  <testcase classname="ptolemy.util.test.junit.AutoTests" name="[96] /home/travis/build/icyphy/ptII/ptolemy/domains/continuous/test/auto/ModalTransitionGuardWithResetUsingPreemptiveTransition3.xml (RunModel)" time="0.031" />
  <testcase classname="ptolemy.util.test.junit.AutoTests" name="[97] /home/travis/build/icyphy/ptII/ptolemy/domains/continuous/test/auto/NewtonsCradle.xml (RunModel)" time="0.729" />
  <testcase classname="ptolemy.util.test.junit.AutoTests" name="[98] /home/travis/build/icyphy/ptII/ptolemy/domains/continuous/test/auto/NewtonsCradleAnimated.xml (RunModel)" time="1.108" />
  <testcase classname="ptolemy.util.test.junit.AutoTests" name="[99] /home/travis/build/icyphy/ptII/ptolemy/domains/continuous/test/auto/NewtonsCradleComplicated.xml (RunModel)" time="1.031" />
  <testcase classname="ptolemy.util.test.junit.AutoTests" name="[100] /home/travis/build/icyphy/ptII/ptolemy/domains/continuous/test/auto/NewtonsCradleNondeterministic.xml (RunModel)" time="0.647" />
  <testcase classname="ptolemy.util.test.junit.AutoTests" name="[101] /home/travis/build/icyphy/ptII/ptolemy/domains/continuous/test/auto/NewtonsCradlePerfectlyInelastic1.xml (RunModel)" time="1.136" />
  <testcase classname="ptolemy.util.test.junit.AutoTests" name="[102] /home/travis/build/icyphy/ptII/ptolemy/domains/continuous/test/auto/Noise.xml (RunModel)" time="0.162" />
  <testcase classname="ptolemy.util.test.junit.AutoTests" name="[103] /home/travis/build/icyphy/ptII/ptolemy/domains/continuous/test/auto/NoiseSpectrum.xml (RunModel)" time="0.644" />
  <testcase classname="ptolemy.util.test.junit.AutoTests" name="[104] /home/travis/build/icyphy/ptII/ptolemy/domains/continuous/test/auto/ParameterizedNewtonsCradleAnimated.xml (RunModel)" time="0.29" />
  <testcase classname="ptolemy.util.test.junit.AutoTests" name="[105] /home/travis/build/icyphy/ptII/ptolemy/domains/continuous/test/auto/ParameterizedNewtonsCradleAnimatedNondeterministic.xml (RunModel)" time="1.101" />
  <testcase classname="ptolemy.util.test.junit.AutoTests" name="[106] /home/travis/build/icyphy/ptII/ptolemy/domains/continuous/test/auto/Pendulum3D.xml (RunModel)" time="0.17" />
  <testcase classname="ptolemy.util.test.junit.AutoTests" name="[107] /home/travis/build/icyphy/ptII/ptolemy/domains/continuous/test/auto/PeriodicSampler.xml (RunModel)" time="0.014" />
  <testcase classname="ptolemy.util.test.junit.AutoTests" name="[108] /home/travis/build/icyphy/ptII/ptolemy/domains/continuous/test/auto/PeriodicSampler1.xml (RunModel)" time="0.038" />
  <testcase classname="ptolemy.util.test.junit.AutoTests" name="[109] /home/travis/build/icyphy/ptII/ptolemy/domains/continuous/test/auto/PeriodicSampler2.xml (RunModel)" time="0.081" />
  <testcase classname="ptolemy.util.test.junit.AutoTests" name="[110] /home/travis/build/icyphy/ptII/ptolemy/domains/continuous/test/auto/Poisson.xml (RunModel)" time="0.429" />
  <testcase classname="ptolemy.util.test.junit.AutoTests" name="[111] /home/travis/build/icyphy/ptII/ptolemy/domains/continuous/test/auto/PoissonClock.xml (RunModel)" time="0.012" />
  <testcase classname="ptolemy.util.test.junit.AutoTests" name="[112] /home/travis/build/icyphy/ptII/ptolemy/domains/continuous/test/auto/PoissonClock2.xml (RunModel)" time="0.011" />
  <testcase classname="ptolemy.util.test.junit.AutoTests" name="[113] /home/travis/build/icyphy/ptII/ptolemy/domains/continuous/test/auto/PortParameterHierarchy.xml (RunModel)" time="0.028" />
  <testcase classname="ptolemy.util.test.junit.AutoTests" name="[114] /home/travis/build/icyphy/ptII/ptolemy/domains/continuous/test/auto/RandomHybridPlant.xml (RunModel)" time="0.559" />
  <testcase classname="ptolemy.util.test.junit.AutoTests" name="[115] /home/travis/build/icyphy/ptII/ptolemy/domains/continuous/test/auto/ResetTransitionWithStartTime1.xml (RunModel)" time="0.034" />
  <testcase classname="ptolemy.util.test.junit.AutoTests" name="[116] /home/travis/build/icyphy/ptII/ptolemy/domains/continuous/test/auto/ResetTransitionWithStartTime2.xml (RunModel)" time="0.032" />
  <testcase classname="ptolemy.util.test.junit.AutoTests" name="[117] /home/travis/build/icyphy/ptII/ptolemy/domains/continuous/test/auto/ResetTransitionWithStartTime3.xml (RunModel)" time="0.043" />
  <testcase classname="ptolemy.util.test.junit.AutoTests" name="[118] /home/travis/build/icyphy/ptII/ptolemy/domains/continuous/test/auto/ResetTransitionWithStartTime4.xml (RunModel)" time="0.023" />
  <testcase classname="ptolemy.util.test.junit.AutoTests" name="[119] /home/travis/build/icyphy/ptII/ptolemy/domains/continuous/test/auto/ResetTransitionWithStartTime5.xml (RunModel)" time="0.034" />
  <testcase classname="ptolemy.util.test.junit.AutoTests" name="[120] /home/travis/build/icyphy/ptII/ptolemy/domains/continuous/test/auto/ResetTransitionWithStartTime6.xml (RunModel)" time="0.031" />
  <testcase classname="ptolemy.util.test.junit.AutoTests" name="[121] /home/travis/build/icyphy/ptII/ptolemy/domains/continuous/test/auto/SRinContinuous.xml (RunModel)" time="0.026" />
  <testcase classname="ptolemy.util.test.junit.AutoTests" name="[122] /home/travis/build/icyphy/ptII/ptolemy/domains/continuous/test/auto/SampledClocks.xml (RunModel)" time="0.027" />
  <testcase classname="ptolemy.util.test.junit.AutoTests" name="[123] /home/travis/build/icyphy/ptII/ptolemy/domains/continuous/test/auto/Satellite.xml (RunModel)" time="0.645" />
  <testcase classname="ptolemy.util.test.junit.AutoTests" name="[124] /home/travis/build/icyphy/ptII/ptolemy/domains/continuous/test/auto/SigmaDelta.xml (RunModel)" time="1.996" />
  <testcase classname="ptolemy.util.test.junit.AutoTests" name="[125] /home/travis/build/icyphy/ptII/ptolemy/domains/continuous/test/auto/SingleRefinement.xml (RunModel)" time="0.415" />
  <testcase classname="ptolemy.util.test.junit.AutoTests" name="[126] /home/travis/build/icyphy/ptII/ptolemy/domains/continuous/test/auto/SinuBouncingBall.xml (RunModel)" time="0.794" />
  <testcase classname="ptolemy.util.test.junit.AutoTests" name="[127] /home/travis/build/icyphy/ptII/ptolemy/domains/continuous/test/auto/Sinusoid.xml (RunModel)" time="0.019" />
  <testcase classname="ptolemy.util.test.junit.AutoTests" name="[128] /home/travis/build/icyphy/ptII/ptolemy/domains/continuous/test/auto/SinusoidInNoise.xml (RunModel)" time="0.839" />
  <testcase classname="ptolemy.util.test.junit.AutoTests" name="[129] /home/travis/build/icyphy/ptII/ptolemy/domains/continuous/test/auto/SinusoidRK45.xml (RunModel)" time="0.016" />
  <testcase classname="ptolemy.util.test.junit.AutoTests" name="[130] /home/travis/build/icyphy/ptII/ptolemy/domains/continuous/test/auto/SinusoidWithMultipleImpulses.xml (RunModel)" time="0.011" />
  <testcase classname="ptolemy.util.test.junit.AutoTests" name="[131] /home/travis/build/icyphy/ptII/ptolemy/domains/continuous/test/auto/SquareWave.xml (RunModel)" time="0.138" />
  <testcase classname="ptolemy.util.test.junit.AutoTests" name="[132] /home/travis/build/icyphy/ptII/ptolemy/domains/continuous/test/auto/Starmac.xml (RunModel)" time="3.349" />
  <testcase classname="ptolemy.util.test.junit.AutoTests" name="[133] /home/travis/build/icyphy/ptII/ptolemy/domains/continuous/test/auto/StaticUnits.xml (RunModel)" time="2.247" />
  <testcase classname="ptolemy.util.test.junit.AutoTests" name="[134] /home/travis/build/icyphy/ptII/ptolemy/domains/continuous/test/auto/StickyMasses.xml (RunModel)" time="0.177" />
  <testcase classname="ptolemy.util.test.junit.AutoTests" name="[135] /home/travis/build/icyphy/ptII/ptolemy/domains/continuous/test/auto/StopTime.xml (RunModel)" time="0.061" />
  <testcase classname="ptolemy.util.test.junit.AutoTests" name="[136] /home/travis/build/icyphy/ptII/ptolemy/domains/continuous/test/auto/StopTime2.xml (RunModel)" time="0.052" />
  <testcase classname="ptolemy.util.test.junit.AutoTests" name="[137] /home/travis/build/icyphy/ptII/ptolemy/domains/continuous/test/auto/Switch.xml (RunModel)" time="0.068" />
  <testcase classname="ptolemy.util.test.junit.AutoTests" name="[138] /home/travis/build/icyphy/ptII/ptolemy/domains/continuous/test/auto/Thermostat.xml (RunModel)" time="0.202" />
  <testcase classname="ptolemy.util.test.junit.AutoTests" name="[139] /home/travis/build/icyphy/ptII/ptolemy/domains/continuous/test/auto/TimeDelay.xml (RunModel)" time="0.012" />
  <testcase classname="ptolemy.util.test.junit.AutoTests" name="[140] /home/travis/build/icyphy/ptII/ptolemy/domains/continuous/test/auto/TimeDelay2.xml (RunModel)" time="0.025" />
  <testcase classname="ptolemy.util.test.junit.AutoTests" name="[141] /home/travis/build/icyphy/ptII/ptolemy/domains/continuous/test/auto/TimeDelay3.xml (RunModel)" time="0.01" />
  <testcase classname="ptolemy.util.test.junit.AutoTests" name="[142] /home/travis/build/icyphy/ptII/ptolemy/domains/continuous/test/auto/TransferAbsentToInside.xml (RunModel)" time="0.092" />
  <testcase classname="ptolemy.util.test.junit.AutoTests" name="[143] /home/travis/build/icyphy/ptII/ptolemy/domains/continuous/test/auto/Transmission.xml (RunModel)" time="0.717" />
  <testcase classname="ptolemy.util.test.junit.AutoTests" name="[144] /home/travis/build/icyphy/ptII/ptolemy/domains/continuous/test/auto/TriggeredContinuousClock.xml (RunModel)" time="0.066" />
  <testcase classname="ptolemy.util.test.junit.AutoTests" name="[145] /home/travis/build/icyphy/ptII/ptolemy/domains/continuous/test/auto/TwoMachineInfiniteBusControl.xml (RunModel)" time="2.553" />
  <testcase classname="ptolemy.util.test.junit.AutoTests" name="[146] /home/travis/build/icyphy/ptII/ptolemy/domains/continuous/test/auto/V2V.xml (RunModel)" time="0.843" />
  <testcase classname="ptolemy.util.test.junit.AutoTests" name="[147] /home/travis/build/icyphy/ptII/ptolemy/domains/continuous/test/auto/hierarchicalModalModel.xml (RunModel)" time="0.028" />
  <testcase classname="ptolemy.util.test.junit.AutoTests" name="[148] /home/travis/build/icyphy/ptII/ptolemy/domains/continuous/test/auto/hierarchicalModalModel1.xml (RunModel)" time="0.03" />
  <testcase classname="ptolemy.util.test.junit.AutoTests" name="[149] /home/travis/build/icyphy/ptII/ptolemy/domains/continuous/test/auto/hierarchicalModalModel2.xml (RunModel)" time="0.023" />
  <testcase classname="ptolemy.util.test.junit.AutoTests" name="[150] /home/travis/build/icyphy/ptII/ptolemy/domains/continuous/test/auto/hierarchicalModalModel3.xml (RunModel)" time="0.02" />
  <testcase classname="ptolemy.util.test.junit.AutoTests" name="[151] /home/travis/build/icyphy/ptII/ptolemy/domains/continuous/test/auto/hierarchicalModalModel4.xml (RunModel)" time="0.021" />
  <testcase classname="ptolemy.util.test.junit.AutoTests" name="[152] /home/travis/build/icyphy/ptII/ptolemy/domains/continuous/test/auto/junk.xml (RunModel)" time="0.123" />
  <system-out><![CDATA[No tcl tests in /home/travis/build/icyphy/ptII/ptolemy/domains/continuous/test
No auto/knownFailedTests/*.xml tests in /home/travis/build/icyphy/ptII/ptolemy/domains/continuous/test
No auto/linux-amd64/*.xml tests in /home/travis/build/icyphy/ptII/ptolemy/domains/continuous/test
AutoTests.java: About to close Vertx.
AutoTests.java: Vertx closed.

===========================================================================================
----------------- testing Sun Mar 08 07:06:41 UTC 2020 /home/travis/build/icyphy/ptII/ptolemy/domains/continuous/test/auto/BouncingBall.xml
----------------- Instantiating /home/travis/build/icyphy/ptII/ptolemy/domains/continuous/test/auto/BouncingBall.xml
2284 ms. Memory: 158720K Free: 134970K (85%)
----------------- Invoking toplevel() on ptolemy.moml.MoMLSimpleApplication@1e5a5c8f
----------------- Done invoking toplevel() on ptolemy.moml.MoMLSimpleApplication@1e5a5c8f
reloadAllAccessors: .BouncingBall

===========================================================================================
----------------- testing Sun Mar 08 07:06:44 UTC 2020 /home/travis/build/icyphy/ptII/ptolemy/domains/continuous/test/auto/BouncingBallWithoutGR.xml
----------------- Instantiating /home/travis/build/icyphy/ptII/ptolemy/domains/continuous/test/auto/BouncingBallWithoutGR.xml
753 ms. Memory: 190464K Free: 171122K (90%)
----------------- Invoking toplevel() on ptolemy.moml.MoMLSimpleApplication@dbfb44a
----------------- Done invoking toplevel() on ptolemy.moml.MoMLSimpleApplication@dbfb44a
reloadAllAccessors: .BouncingBallWithoutGR

===========================================================================================
----------------- testing Sun Mar 08 07:06:45 UTC 2020 /home/travis/build/icyphy/ptII/ptolemy/domains/continuous/test/auto/Brownian.xml
----------------- Instantiating /home/travis/build/icyphy/ptII/ptolemy/domains/continuous/test/auto/Brownian.xml
17 ms. Memory: 190464K Free: 161920K (85%)
----------------- Invoking toplevel() on ptolemy.moml.MoMLSimpleApplication@3c2cf2be
----------------- Done invoking toplevel() on ptolemy.moml.MoMLSimpleApplication@3c2cf2be
reloadAllAccessors: .Brownian

===========================================================================================
----------------- testing Sun Mar 08 07:06:45 UTC 2020 /home/travis/build/icyphy/ptII/ptolemy/domains/continuous/test/auto/CarTracking.xml
----------------- Instantiating /home/travis/build/icyphy/ptII/ptolemy/domains/continuous/test/auto/CarTracking.xml
3473 ms. Memory: 229376K Free: 161678K (70%)
----------------- Invoking toplevel() on ptolemy.moml.MoMLSimpleApplication@66d8072d
----------------- Done invoking toplevel() on ptolemy.moml.MoMLSimpleApplication@66d8072d
reloadAllAccessors: .CarTracking

===========================================================================================
----------------- testing Sun Mar 08 07:06:49 UTC 2020 /home/travis/build/icyphy/ptII/ptolemy/domains/continuous/test/auto/CartPendulum.xml
----------------- Instantiating /home/travis/build/icyphy/ptII/ptolemy/domains/continuous/test/auto/CartPendulum.xml
370 ms. Memory: 229376K Free: 202964K (88%)
----------------- Invoking toplevel() on ptolemy.moml.MoMLSimpleApplication@536d1eae
----------------- Done invoking toplevel() on ptolemy.moml.MoMLSimpleApplication@536d1eae
reloadAllAccessors: .CartPendulum

===========================================================================================
----------------- testing Sun Mar 08 07:06:50 UTC 2020 /home/travis/build/icyphy/ptII/ptolemy/domains/continuous/test/auto/CausalityInterface10.xml
----------------- Instantiating /home/travis/build/icyphy/ptII/ptolemy/domains/continuous/test/auto/CausalityInterface10.xml
13 ms. Memory: 229376K Free: 192206K (84%)
----------------- Invoking toplevel() on ptolemy.moml.MoMLSimpleApplication@e06503d
----------------- Done invoking toplevel() on ptolemy.moml.MoMLSimpleApplication@e06503d
reloadAllAccessors: .CausalityInterface10

===========================================================================================
----------------- testing Sun Mar 08 07:06:50 UTC 2020 /home/travis/build/icyphy/ptII/ptolemy/domains/continuous/test/auto/CausalityInterface11.xml
----------------- Instantiating /home/travis/build/icyphy/ptII/ptolemy/domains/continuous/test/auto/CausalityInterface11.xml
7 ms. Memory: 229376K Free: 186052K (81%)
----------------- Invoking toplevel() on ptolemy.moml.MoMLSimpleApplication@2970e19a
----------------- Done invoking toplevel() on ptolemy.moml.MoMLSimpleApplication@2970e19a
reloadAllAccessors: .CausalityInterface11

===========================================================================================
----------------- testing Sun Mar 08 07:06:50 UTC 2020 /home/travis/build/icyphy/ptII/ptolemy/domains/continuous/test/auto/CausalityInterface12.xml
----------------- Instantiating /home/travis/build/icyphy/ptII/ptolemy/domains/continuous/test/auto/CausalityInterface12.xml
8 ms. Memory: 229376K Free: 179922K (78%)
----------------- Invoking toplevel() on ptolemy.moml.MoMLSimpleApplication@7fe0f88b
----------------- Done invoking toplevel() on ptolemy.moml.MoMLSimpleApplication@7fe0f88b
reloadAllAccessors: .CausalityInterface12

===========================================================================================
----------------- testing Sun Mar 08 07:06:50 UTC 2020 /home/travis/build/icyphy/ptII/ptolemy/domains/continuous/test/auto/CausalityInterface13.xml
----------------- Instantiating /home/travis/build/icyphy/ptII/ptolemy/domains/continuous/test/auto/CausalityInterface13.xml
6 ms. Memory: 229376K Free: 173764K (76%)
----------------- Invoking toplevel() on ptolemy.moml.MoMLSimpleApplication@593e0732
----------------- Done invoking toplevel() on ptolemy.moml.MoMLSimpleApplication@593e0732
reloadAllAccessors: .CausalityInterface13

===========================================================================================
----------------- testing Sun Mar 08 07:06:50 UTC 2020 /home/travis/build/icyphy/ptII/ptolemy/domains/continuous/test/auto/CausalityInterface14.xml
----------------- Instantiating /home/travis/build/icyphy/ptII/ptolemy/domains/continuous/test/auto/CausalityInterface14.xml
2 ms. Memory: 229376K Free: 168148K (73%)
----------------- Invoking toplevel() on ptolemy.moml.MoMLSimpleApplication@3d97bcc1
----------------- Done invoking toplevel() on ptolemy.moml.MoMLSimpleApplication@3d97bcc1
reloadAllAccessors: .CausalityInterface14

===========================================================================================
----------------- testing Sun Mar 08 07:06:50 UTC 2020 /home/travis/build/icyphy/ptII/ptolemy/domains/continuous/test/auto/CausalityInterface4.xml
----------------- Instantiating /home/travis/build/icyphy/ptII/ptolemy/domains/continuous/test/auto/CausalityInterface4.xml
3 ms. Memory: 229376K Free: 161476K (70%)
----------------- Invoking toplevel() on ptolemy.moml.MoMLSimpleApplication@7a2954cc
----------------- Done invoking toplevel() on ptolemy.moml.MoMLSimpleApplication@7a2954cc
reloadAllAccessors: .CausalityInterface4

===========================================================================================
----------------- testing Sun Mar 08 07:06:50 UTC 2020 /home/travis/build/icyphy/ptII/ptolemy/domains/continuous/test/auto/CausalityInterface5.xml
----------------- Instantiating /home/travis/build/icyphy/ptII/ptolemy/domains/continuous/test/auto/CausalityInterface5.xml
3 ms. Memory: 229376K Free: 153298K (67%)
----------------- Invoking toplevel() on ptolemy.moml.MoMLSimpleApplication@522a139f
----------------- Done invoking toplevel() on ptolemy.moml.MoMLSimpleApplication@522a139f
reloadAllAccessors: .CausalityInterface5

===========================================================================================
----------------- testing Sun Mar 08 07:06:50 UTC 2020 /home/travis/build/icyphy/ptII/ptolemy/domains/continuous/test/auto/CausalityInterface6.xml
----------------- Instantiating /home/travis/build/icyphy/ptII/ptolemy/domains/continuous/test/auto/CausalityInterface6.xml
7 ms. Memory: 229376K Free: 147668K (64%)
----------------- Invoking toplevel() on ptolemy.moml.MoMLSimpleApplication@124166a1
----------------- Done invoking toplevel() on ptolemy.moml.MoMLSimpleApplication@124166a1
reloadAllAccessors: .CausalityInterface6

===========================================================================================
----------------- testing Sun Mar 08 07:06:50 UTC 2020 /home/travis/build/icyphy/ptII/ptolemy/domains/continuous/test/auto/CausalityInterface7.xml
----------------- Instantiating /home/travis/build/icyphy/ptII/ptolemy/domains/continuous/test/auto/CausalityInterface7.xml
8 ms. Memory: 229376K Free: 139476K (61%)
----------------- Invoking toplevel() on ptolemy.moml.MoMLSimpleApplication@519a1331
----------------- Done invoking toplevel() on ptolemy.moml.MoMLSimpleApplication@519a1331
reloadAllAccessors: .CausalityInterface7

===========================================================================================
----------------- testing Sun Mar 08 07:06:50 UTC 2020 /home/travis/build/icyphy/ptII/ptolemy/domains/continuous/test/auto/CausalityInterface8.xml
----------------- Instantiating /home/travis/build/icyphy/ptII/ptolemy/domains/continuous/test/auto/CausalityInterface8.xml
6 ms. Memory: 229376K Free: 130260K (57%)
----------------- Invoking toplevel() on ptolemy.moml.MoMLSimpleApplication@26da5060
----------------- Done invoking toplevel() on ptolemy.moml.MoMLSimpleApplication@26da5060
reloadAllAccessors: .CausalityInterface8

===========================================================================================
----------------- testing Sun Mar 08 07:06:50 UTC 2020 /home/travis/build/icyphy/ptII/ptolemy/domains/continuous/test/auto/CausalityInterface9.xml
----------------- Instantiating /home/travis/build/icyphy/ptII/ptolemy/domains/continuous/test/auto/CausalityInterface9.xml
4 ms. Memory: 229376K Free: 119506K (52%)
----------------- Invoking toplevel() on ptolemy.moml.MoMLSimpleApplication@7d35bd2c
----------------- Done invoking toplevel() on ptolemy.moml.MoMLSimpleApplication@7d35bd2c
reloadAllAccessors: .CausalityInterface9

===========================================================================================
----------------- testing Sun Mar 08 07:06:50 UTC 2020 /home/travis/build/icyphy/ptII/ptolemy/domains/continuous/test/auto/CausalityInterfaceFeedback1.xml
----------------- Instantiating /home/travis/build/icyphy/ptII/ptolemy/domains/continuous/test/auto/CausalityInterfaceFeedback1.xml
3 ms. Memory: 229376K Free: 112852K (49%)
----------------- Invoking toplevel() on ptolemy.moml.MoMLSimpleApplication@707f26b6
----------------- Done invoking toplevel() on ptolemy.moml.MoMLSimpleApplication@707f26b6
reloadAllAccessors: .CausalityInterfaceFeedback1

===========================================================================================
----------------- testing Sun Mar 08 07:06:50 UTC 2020 /home/travis/build/icyphy/ptII/ptolemy/domains/continuous/test/auto/CausalityInterfaceFeedback2.xml
----------------- Instantiating /home/travis/build/icyphy/ptII/ptolemy/domains/continuous/test/auto/CausalityInterfaceFeedback2.xml
2 ms. Memory: 229376K Free: 106180K (46%)
----------------- Invoking toplevel() on ptolemy.moml.MoMLSimpleApplication@1bc66e55
----------------- Done invoking toplevel() on ptolemy.moml.MoMLSimpleApplication@1bc66e55
reloadAllAccessors: .CausalityInterfaceFeedback2

===========================================================================================
----------------- testing Sun Mar 08 07:06:50 UTC 2020 /home/travis/build/icyphy/ptII/ptolemy/domains/continuous/test/auto/CompareWithCurrentTime.xml
----------------- Instantiating /home/travis/build/icyphy/ptII/ptolemy/domains/continuous/test/auto/CompareWithCurrentTime.xml
3 ms. Memory: 229376K Free: 102098K (45%)
----------------- Invoking toplevel() on ptolemy.moml.MoMLSimpleApplication@406a7170
----------------- Done invoking toplevel() on ptolemy.moml.MoMLSimpleApplication@406a7170
reloadAllAccessors: .CompareWithCurrentTime

===========================================================================================
----------------- testing Sun Mar 08 07:06:50 UTC 2020 /home/travis/build/icyphy/ptII/ptolemy/domains/continuous/test/auto/ComparedClocks.xml
----------------- Instantiating /home/travis/build/icyphy/ptII/ptolemy/domains/continuous/test/auto/ComparedClocks.xml
5 ms. Memory: 229376K Free: 86724K (38%)
----------------- Invoking toplevel() on ptolemy.moml.MoMLSimpleApplication@148b3cb8
----------------- Done invoking toplevel() on ptolemy.moml.MoMLSimpleApplication@148b3cb8
reloadAllAccessors: .ComparedClocks

===========================================================================================
----------------- testing Sun Mar 08 07:06:50 UTC 2020 /home/travis/build/icyphy/ptII/ptolemy/domains/continuous/test/auto/ContinuousAOCClone.xml
----------------- Instantiating /home/travis/build/icyphy/ptII/ptolemy/domains/continuous/test/auto/ContinuousAOCClone.xml
2201 ms. Memory: 275456K Free: 146228K (53%)
----------------- Invoking toplevel() on ptolemy.moml.MoMLSimpleApplication@73a8abaf
----------------- Done invoking toplevel() on ptolemy.moml.MoMLSimpleApplication@73a8abaf
reloadAllAccessors: .ContinuousAOCClone

===========================================================================================
----------------- testing Sun Mar 08 07:06:52 UTC 2020 /home/travis/build/icyphy/ptII/ptolemy/domains/continuous/test/auto/ContinuousClock.xml
----------------- Instantiating /home/travis/build/icyphy/ptII/ptolemy/domains/continuous/test/auto/ContinuousClock.xml
26 ms. Memory: 275456K Free: 124212K (45%)
----------------- Invoking toplevel() on ptolemy.moml.MoMLSimpleApplication@296e40d5
----------------- Done invoking toplevel() on ptolemy.moml.MoMLSimpleApplication@296e40d5
reloadAllAccessors: .ContinuousClock

===========================================================================================
----------------- testing Sun Mar 08 07:06:53 UTC 2020 /home/travis/build/icyphy/ptII/ptolemy/domains/continuous/test/auto/ContinuousInContinuous.xml
----------------- Instantiating /home/travis/build/icyphy/ptII/ptolemy/domains/continuous/test/auto/ContinuousInContinuous.xml
38 ms. Memory: 275456K Free: 100646K (37%)
----------------- Invoking toplevel() on ptolemy.moml.MoMLSimpleApplication@1ea524b1
----------------- Done invoking toplevel() on ptolemy.moml.MoMLSimpleApplication@1ea524b1
reloadAllAccessors: .ContinuousInContinuous

===========================================================================================
----------------- testing Sun Mar 08 07:06:53 UTC 2020 /home/travis/build/icyphy/ptII/ptolemy/domains/continuous/test/auto/ContinuousInContinuousInContinuous.xml
----------------- Instantiating /home/travis/build/icyphy/ptII/ptolemy/domains/continuous/test/auto/ContinuousInContinuousInContinuous.xml
6 ms. Memory: 275456K Free: 256298K (93%)
----------------- Invoking toplevel() on ptolemy.moml.MoMLSimpleApplication@2d727c9b
----------------- Done invoking toplevel() on ptolemy.moml.MoMLSimpleApplication@2d727c9b
reloadAllAccessors: .ContinuousInContinuousInContinuous

===========================================================================================
----------------- testing Sun Mar 08 07:06:53 UTC 2020 /home/travis/build/icyphy/ptII/ptolemy/domains/continuous/test/auto/ContinuousInDE.xml
----------------- Instantiating /home/travis/build/icyphy/ptII/ptolemy/domains/continuous/test/auto/ContinuousInDE.xml
56 ms. Memory: 275456K Free: 245544K (89%)
----------------- Invoking toplevel() on ptolemy.moml.MoMLSimpleApplication@1d8ed2e7
----------------- Done invoking toplevel() on ptolemy.moml.MoMLSimpleApplication@1d8ed2e7
reloadAllAccessors: .ContinuousInDE

===========================================================================================
----------------- testing Sun Mar 08 07:06:53 UTC 2020 /home/travis/build/icyphy/ptII/ptolemy/domains/continuous/test/auto/ContinuousInDE2.xml
----------------- Instantiating /home/travis/build/icyphy/ptII/ptolemy/domains/continuous/test/auto/ContinuousInDE2.xml
27 ms. Memory: 275456K Free: 235818K (86%)
----------------- Invoking toplevel() on ptolemy.moml.MoMLSimpleApplication@10206705
----------------- Done invoking toplevel() on ptolemy.moml.MoMLSimpleApplication@10206705
reloadAllAccessors: .ContinuousInDE2

===========================================================================================
----------------- testing Sun Mar 08 07:06:53 UTC 2020 /home/travis/build/icyphy/ptII/ptolemy/domains/continuous/test/auto/ContinuousInDE3.xml
----------------- Instantiating /home/travis/build/icyphy/ptII/ptolemy/domains/continuous/test/auto/ContinuousInDE3.xml
32 ms. Memory: 275456K Free: 226088K (82%)
----------------- Invoking toplevel() on ptolemy.moml.MoMLSimpleApplication@55b4b85c
----------------- Done invoking toplevel() on ptolemy.moml.MoMLSimpleApplication@55b4b85c
reloadAllAccessors: .ContinuousInDE3

===========================================================================================
----------------- testing Sun Mar 08 07:06:53 UTC 2020 /home/travis/build/icyphy/ptII/ptolemy/domains/continuous/test/auto/ContinuousInDE4.xml
----------------- Instantiating /home/travis/build/icyphy/ptII/ptolemy/domains/continuous/test/auto/ContinuousInDE4.xml
15 ms. Memory: 275456K Free: 219944K (80%)
----------------- Invoking toplevel() on ptolemy.moml.MoMLSimpleApplication@70e44d8
----------------- Done invoking toplevel() on ptolemy.moml.MoMLSimpleApplication@70e44d8
reloadAllAccessors: .ContinuousInDE4

===========================================================================================
----------------- testing Sun Mar 08 07:06:53 UTC 2020 /home/travis/build/icyphy/ptII/ptolemy/domains/continuous/test/auto/ContinuousInDEDifferentRefinements.xml
----------------- Instantiating /home/travis/build/icyphy/ptII/ptolemy/domains/continuous/test/auto/ContinuousInDEDifferentRefinements.xml
61 ms. Memory: 275456K Free: 188714K (69%)
----------------- Invoking toplevel() on ptolemy.moml.MoMLSimpleApplication@163e02ab
----------------- Done invoking toplevel() on ptolemy.moml.MoMLSimpleApplication@163e02ab
reloadAllAccessors: .ContinuousInDEDifferentRefinements

===========================================================================================
----------------- testing Sun Mar 08 07:06:53 UTC 2020 /home/travis/build/icyphy/ptII/ptolemy/domains/continuous/test/auto/ContinuousInDEDifferentRefinementsPreemptive.xml
----------------- Instantiating /home/travis/build/icyphy/ptII/ptolemy/domains/continuous/test/auto/ContinuousInDEDifferentRefinementsPreemptive.xml
42 ms. Memory: 275456K Free: 157994K (57%)
----------------- Invoking toplevel() on ptolemy.moml.MoMLSimpleApplication@28e7720c
----------------- Done invoking toplevel() on ptolemy.moml.MoMLSimpleApplication@28e7720c
reloadAllAccessors: .ContinuousInDEDifferentRefinementsPreemptive

===========================================================================================
----------------- testing Sun Mar 08 07:06:53 UTC 2020 /home/travis/build/icyphy/ptII/ptolemy/domains/continuous/test/auto/ContinuousInDEInContinuous2.xml
----------------- Instantiating /home/travis/build/icyphy/ptII/ptolemy/domains/continuous/test/auto/ContinuousInDEInContinuous2.xml
33 ms. Memory: 275456K Free: 146730K (53%)
----------------- Invoking toplevel() on ptolemy.moml.MoMLSimpleApplication@4b288290
----------------- Done invoking toplevel() on ptolemy.moml.MoMLSimpleApplication@4b288290
reloadAllAccessors: .ContinuousInDEInContinuous2

===========================================================================================
----------------- testing Sun Mar 08 07:06:53 UTC 2020 /home/travis/build/icyphy/ptII/ptolemy/domains/continuous/test/auto/ContinuousInDEInContinuous3.xml
----------------- Instantiating /home/travis/build/icyphy/ptII/ptolemy/domains/continuous/test/auto/ContinuousInDEInContinuous3.xml
30 ms. Memory: 275456K Free: 134952K (49%)
----------------- Invoking toplevel() on ptolemy.moml.MoMLSimpleApplication@57aef7a8
----------------- Done invoking toplevel() on ptolemy.moml.MoMLSimpleApplication@57aef7a8
reloadAllAccessors: .ContinuousInDEInContinuous3

===========================================================================================
----------------- testing Sun Mar 08 07:06:53 UTC 2020 /home/travis/build/icyphy/ptII/ptolemy/domains/continuous/test/auto/ContinuousInDEInput.xml
----------------- Instantiating /home/travis/build/icyphy/ptII/ptolemy/domains/continuous/test/auto/ContinuousInDEInput.xml
12 ms. Memory: 275456K Free: 127784K (46%)
----------------- Invoking toplevel() on ptolemy.moml.MoMLSimpleApplication@4ddd40b5
----------------- Done invoking toplevel() on ptolemy.moml.MoMLSimpleApplication@4ddd40b5
reloadAllAccessors: .ContinuousInDEInput

===========================================================================================
----------------- testing Sun Mar 08 07:06:53 UTC 2020 /home/travis/build/icyphy/ptII/ptolemy/domains/continuous/test/auto/ContinuousInDEInput2.xml
----------------- Instantiating /home/travis/build/icyphy/ptII/ptolemy/domains/continuous/test/auto/ContinuousInDEInput2.xml
9 ms. Memory: 275456K Free: 120616K (44%)
----------------- Invoking toplevel() on ptolemy.moml.MoMLSimpleApplication@22d48d8
----------------- Done invoking toplevel() on ptolemy.moml.MoMLSimpleApplication@22d48d8
reloadAllAccessors: .ContinuousInDEInput2

===========================================================================================
----------------- testing Sun Mar 08 07:06:53 UTC 2020 /home/travis/build/icyphy/ptII/ptolemy/domains/continuous/test/auto/ContinuousInDEInput3.xml
----------------- Instantiating /home/travis/build/icyphy/ptII/ptolemy/domains/continuous/test/auto/ContinuousInDEInput3.xml
8 ms. Memory: 275456K Free: 113448K (41%)
----------------- Invoking toplevel() on ptolemy.moml.MoMLSimpleApplication@7086af42
----------------- Done invoking toplevel() on ptolemy.moml.MoMLSimpleApplication@7086af42
reloadAllAccessors: .ContinuousInDEInput3

===========================================================================================
----------------- testing Sun Mar 08 07:06:53 UTC 2020 /home/travis/build/icyphy/ptII/ptolemy/domains/continuous/test/auto/ContinuousInDESharingRefinement.xml
----------------- Instantiating /home/travis/build/icyphy/ptII/ptolemy/domains/continuous/test/auto/ContinuousInDESharingRefinement.xml
129 ms. Memory: 275456K Free: 183310K (67%)
----------------- Invoking toplevel() on ptolemy.moml.MoMLSimpleApplication@fa459df
----------------- Done invoking toplevel() on ptolemy.moml.MoMLSimpleApplication@fa459df
reloadAllAccessors: .ContinuousInDESharingRefinement

===========================================================================================
----------------- testing Sun Mar 08 07:06:53 UTC 2020 /home/travis/build/icyphy/ptII/ptolemy/domains/continuous/test/auto/ContinuousInDEwithNoPorts.xml
----------------- Instantiating /home/travis/build/icyphy/ptII/ptolemy/domains/continuous/test/auto/ContinuousInDEwithNoPorts.xml
2 ms. Memory: 275456K Free: 178567K (65%)
----------------- Invoking toplevel() on ptolemy.moml.MoMLSimpleApplication@4151e37b
----------------- Done invoking toplevel() on ptolemy.moml.MoMLSimpleApplication@4151e37b
reloadAllAccessors: .ContinuousInDEwithNoPorts

===========================================================================================
----------------- testing Sun Mar 08 07:06:53 UTC 2020 /home/travis/build/icyphy/ptII/ptolemy/domains/continuous/test/auto/ContinuousInsideDE.xml
----------------- Instantiating /home/travis/build/icyphy/ptII/ptolemy/domains/continuous/test/auto/ContinuousInsideDE.xml
27 ms. Memory: 275456K Free: 166789K (61%)
----------------- Invoking toplevel() on ptolemy.moml.MoMLSimpleApplication@1e171e74
----------------- Done invoking toplevel() on ptolemy.moml.MoMLSimpleApplication@1e171e74
reloadAllAccessors: .ContinuousInsideDE

===========================================================================================
----------------- testing Sun Mar 08 07:06:54 UTC 2020 /home/travis/build/icyphy/ptII/ptolemy/domains/continuous/test/auto/ContinuousMerge1.xml
----------------- Instantiating /home/travis/build/icyphy/ptII/ptolemy/domains/continuous/test/auto/ContinuousMerge1.xml
3 ms. Memory: 275456K Free: 162663K (59%)
----------------- Invoking toplevel() on ptolemy.moml.MoMLSimpleApplication@52dc3930
----------------- Done invoking toplevel() on ptolemy.moml.MoMLSimpleApplication@52dc3930
reloadAllAccessors: .ContinuousMerge1

===========================================================================================
----------------- testing Sun Mar 08 07:06:54 UTC 2020 /home/travis/build/icyphy/ptII/ptolemy/domains/continuous/test/auto/ContinuousMerge2.xml
----------------- Instantiating /home/travis/build/icyphy/ptII/ptolemy/domains/continuous/test/auto/ContinuousMerge2.xml
11 ms. Memory: 275456K Free: 152453K (55%)
----------------- Invoking toplevel() on ptolemy.moml.MoMLSimpleApplication@193f3b93
----------------- Done invoking toplevel() on ptolemy.moml.MoMLSimpleApplication@193f3b93
reloadAllAccessors: .ContinuousMerge2

===========================================================================================
----------------- testing Sun Mar 08 07:06:54 UTC 2020 /home/travis/build/icyphy/ptII/ptolemy/domains/continuous/test/auto/ContinuousMerge3.xml
----------------- Instantiating /home/travis/build/icyphy/ptII/ptolemy/domains/continuous/test/auto/ContinuousMerge3.xml
36 ms. Memory: 275456K Free: 141703K (51%)
----------------- Invoking toplevel() on ptolemy.moml.MoMLSimpleApplication@129af11a
----------------- Done invoking toplevel() on ptolemy.moml.MoMLSimpleApplication@129af11a
reloadAllAccessors: .ContinuousMerge3

===========================================================================================
----------------- testing Sun Mar 08 07:06:54 UTC 2020 /home/travis/build/icyphy/ptII/ptolemy/domains/continuous/test/auto/ContinuousWithinContinuous.xml
----------------- Instantiating /home/travis/build/icyphy/ptII/ptolemy/domains/continuous/test/auto/ContinuousWithinContinuous.xml
26 ms. Memory: 275456K Free: 131973K (48%)
----------------- Invoking toplevel() on ptolemy.moml.MoMLSimpleApplication@18c40bb1
----------------- Done invoking toplevel() on ptolemy.moml.MoMLSimpleApplication@18c40bb1
reloadAllAccessors: .ContinuousWithinContinuous

===========================================================================================
----------------- testing Sun Mar 08 07:06:54 UTC 2020 /home/travis/build/icyphy/ptII/ptolemy/domains/continuous/test/auto/ContinuousWithinContinuous2.xml
----------------- Instantiating /home/travis/build/icyphy/ptII/ptolemy/domains/continuous/test/auto/ContinuousWithinContinuous2.xml
53 ms. Memory: 275456K Free: 120709K (44%)
----------------- Invoking toplevel() on ptolemy.moml.MoMLSimpleApplication@4e1e84af
----------------- Done invoking toplevel() on ptolemy.moml.MoMLSimpleApplication@4e1e84af
reloadAllAccessors: .ContinuousWithinContinuous2

===========================================================================================
----------------- testing Sun Mar 08 07:06:54 UTC 2020 /home/travis/build/icyphy/ptII/ptolemy/domains/continuous/test/auto/ContinuousWithinContinuous3.xml
----------------- Instantiating /home/travis/build/icyphy/ptII/ptolemy/domains/continuous/test/auto/ContinuousWithinContinuous3.xml
11 ms. Memory: 275456K Free: 114055K (41%)
----------------- Invoking toplevel() on ptolemy.moml.MoMLSimpleApplication@3fbb22b9
----------------- Done invoking toplevel() on ptolemy.moml.MoMLSimpleApplication@3fbb22b9
reloadAllAccessors: .ContinuousWithinContinuous3

===========================================================================================
----------------- testing Sun Mar 08 07:06:54 UTC 2020 /home/travis/build/icyphy/ptII/ptolemy/domains/continuous/test/auto/ContinuousWithinContinuous4.xml
----------------- Instantiating /home/travis/build/icyphy/ptII/ptolemy/domains/continuous/test/auto/ContinuousWithinContinuous4.xml
53 ms. Memory: 275456K Free: 101767K (37%)
----------------- Invoking toplevel() on ptolemy.moml.MoMLSimpleApplication@769e55a1
----------------- Done invoking toplevel() on ptolemy.moml.MoMLSimpleApplication@769e55a1
reloadAllAccessors: .ContinuousWithinContinuous4

===========================================================================================
----------------- testing Sun Mar 08 07:06:54 UTC 2020 /home/travis/build/icyphy/ptII/ptolemy/domains/continuous/test/auto/ContinuousWithinContinuous5.xml
----------------- Instantiating /home/travis/build/icyphy/ptII/ptolemy/domains/continuous/test/auto/ContinuousWithinContinuous5.xml
15 ms. Memory: 275456K Free: 257435K (93%)
----------------- Invoking toplevel() on ptolemy.moml.MoMLSimpleApplication@6369b710
----------------- Done invoking toplevel() on ptolemy.moml.MoMLSimpleApplication@6369b710
reloadAllAccessors: .ContinuousWithinContinuous5

===========================================================================================
----------------- testing Sun Mar 08 07:06:54 UTC 2020 /home/travis/build/icyphy/ptII/ptolemy/domains/continuous/test/auto/ContinuousWithinContinuous6.xml
----------------- Instantiating /home/travis/build/icyphy/ptII/ptolemy/domains/continuous/test/auto/ContinuousWithinContinuous6.xml
8 ms. Memory: 275456K Free: 250267K (91%)
----------------- Invoking toplevel() on ptolemy.moml.MoMLSimpleApplication@2d9fbb3c
----------------- Done invoking toplevel() on ptolemy.moml.MoMLSimpleApplication@2d9fbb3c
reloadAllAccessors: .ContinuousWithinContinuous6

===========================================================================================
----------------- testing Sun Mar 08 07:06:54 UTC 2020 /home/travis/build/icyphy/ptII/ptolemy/domains/continuous/test/auto/ContinuousWithinContinuous7.xml
----------------- Instantiating /home/travis/build/icyphy/ptII/ptolemy/domains/continuous/test/auto/ContinuousWithinContinuous7.xml
47 ms. Memory: 275456K Free: 239513K (87%)
----------------- Invoking toplevel() on ptolemy.moml.MoMLSimpleApplication@28ea75a9
----------------- Done invoking toplevel() on ptolemy.moml.MoMLSimpleApplication@28ea75a9
reloadAllAccessors: .ContinuousWithinContinuous7

===========================================================================================
----------------- testing Sun Mar 08 07:06:54 UTC 2020 /home/travis/build/icyphy/ptII/ptolemy/domains/continuous/test/auto/DCMotor.xml
----------------- Instantiating /home/travis/build/icyphy/ptII/ptolemy/domains/continuous/test/auto/DCMotor.xml
12657 ms. Memory: 275456K Free: 232893K (85%)
----------------- Invoking toplevel() on ptolemy.moml.MoMLSimpleApplication@2dbb20c0
----------------- Done invoking toplevel() on ptolemy.moml.MoMLSimpleApplication@2dbb20c0
reloadAllAccessors: .DCMotor

===========================================================================================
----------------- testing Sun Mar 08 07:07:07 UTC 2020 /home/travis/build/icyphy/ptII/ptolemy/domains/continuous/test/auto/DEInContinuous.xml
----------------- Instantiating /home/travis/build/icyphy/ptII/ptolemy/domains/continuous/test/auto/DEInContinuous.xml
16 ms. Memory: 275456K Free: 226755K (82%)
----------------- Invoking toplevel() on ptolemy.moml.MoMLSimpleApplication@5f5aa893
----------------- Done invoking toplevel() on ptolemy.moml.MoMLSimpleApplication@5f5aa893
reloadAllAccessors: .DEInContinuous

===========================================================================================
----------------- testing Sun Mar 08 07:07:07 UTC 2020 /home/travis/build/icyphy/ptII/ptolemy/domains/continuous/test/auto/DEinContinuous2.xml
----------------- Instantiating /home/travis/build/icyphy/ptII/ptolemy/domains/continuous/test/auto/DEinContinuous2.xml
7 ms. Memory: 275456K Free: 219077K (80%)
----------------- Invoking toplevel() on ptolemy.moml.MoMLSimpleApplication@71b5a446
----------------- Done invoking toplevel() on ptolemy.moml.MoMLSimpleApplication@71b5a446
reloadAllAccessors: .DEinContinuous2

===========================================================================================
----------------- testing Sun Mar 08 07:07:07 UTC 2020 /home/travis/build/icyphy/ptII/ptolemy/domains/continuous/test/auto/Derivative.xml
----------------- Instantiating /home/travis/build/icyphy/ptII/ptolemy/domains/continuous/test/auto/Derivative.xml
154 ms. Memory: 275456K Free: 189381K (69%)
----------------- Invoking toplevel() on ptolemy.moml.MoMLSimpleApplication@4841a46e
----------------- Done invoking toplevel() on ptolemy.moml.MoMLSimpleApplication@4841a46e
reloadAllAccessors: .Derivative2

===========================================================================================
----------------- testing Sun Mar 08 07:07:07 UTC 2020 /home/travis/build/icyphy/ptII/ptolemy/domains/continuous/test/auto/Derivative1.xml
----------------- Instantiating /home/travis/build/icyphy/ptII/ptolemy/domains/continuous/test/auto/Derivative1.xml
23 ms. Memory: 275456K Free: 175045K (64%)
----------------- Invoking toplevel() on ptolemy.moml.MoMLSimpleApplication@11b117aa
----------------- Done invoking toplevel() on ptolemy.moml.MoMLSimpleApplication@11b117aa
reloadAllAccessors: .Derivative1

===========================================================================================
----------------- testing Sun Mar 08 07:07:07 UTC 2020 /home/travis/build/icyphy/ptII/ptolemy/domains/continuous/test/auto/DiscreteClock.xml
----------------- Instantiating /home/travis/build/icyphy/ptII/ptolemy/domains/continuous/test/auto/DiscreteClock.xml
4 ms. Memory: 275456K Free: 169411K (62%)
----------------- Invoking toplevel() on ptolemy.moml.MoMLSimpleApplication@5f869da7
----------------- Done invoking toplevel() on ptolemy.moml.MoMLSimpleApplication@5f869da7
reloadAllAccessors: .DiscreteClock

===========================================================================================
----------------- testing Sun Mar 08 07:07:07 UTC 2020 /home/travis/build/icyphy/ptII/ptolemy/domains/continuous/test/auto/EfficiencyCurve.xml
----------------- Instantiating /home/travis/build/icyphy/ptII/ptolemy/domains/continuous/test/auto/EfficiencyCurve.xml
72 ms. Memory: 275456K Free: 160195K (58%)
----------------- Invoking toplevel() on ptolemy.moml.MoMLSimpleApplication@1d77ab64
----------------- Done invoking toplevel() on ptolemy.moml.MoMLSimpleApplication@1d77ab64
reloadAllAccessors: .EfficiencyCurve

===========================================================================================
----------------- testing Sun Mar 08 07:07:07 UTC 2020 /home/travis/build/icyphy/ptII/ptolemy/domains/continuous/test/auto/ExponentialResponse.xml
----------------- Instantiating /home/travis/build/icyphy/ptII/ptolemy/domains/continuous/test/auto/ExponentialResponse.xml
107 ms. Memory: 275456K Free: 143811K (52%)
----------------- Invoking toplevel() on ptolemy.moml.MoMLSimpleApplication@727c20ef
----------------- Done invoking toplevel() on ptolemy.moml.MoMLSimpleApplication@727c20ef
reloadAllAccessors: .ExponentialResponse

===========================================================================================
----------------- testing Sun Mar 08 07:07:07 UTC 2020 /home/travis/build/icyphy/ptII/ptolemy/domains/continuous/test/auto/ExponentialResponseRK45.xml
----------------- Instantiating /home/travis/build/icyphy/ptII/ptolemy/domains/continuous/test/auto/ExponentialResponseRK45.xml
28 ms. Memory: 275456K Free: 137157K (50%)
----------------- Invoking toplevel() on ptolemy.moml.MoMLSimpleApplication@4e9f5a74
----------------- Done invoking toplevel() on ptolemy.moml.MoMLSimpleApplication@4e9f5a74
reloadAllAccessors: .ExponentialResponseRK45

===========================================================================================
----------------- testing Sun Mar 08 07:07:07 UTC 2020 /home/travis/build/icyphy/ptII/ptolemy/domains/continuous/test/auto/Friction.xml
----------------- Instantiating /home/travis/build/icyphy/ptII/ptolemy/domains/continuous/test/auto/Friction.xml
1446 ms. Memory: 275456K Free: 198531K (72%)
----------------- Invoking toplevel() on ptolemy.moml.MoMLSimpleApplication@2ae34dbc
----------------- Done invoking toplevel() on ptolemy.moml.MoMLSimpleApplication@2ae34dbc
reloadAllAccessors: .Friction

===========================================================================================
----------------- testing Sun Mar 08 07:07:09 UTC 2020 /home/travis/build/icyphy/ptII/ptolemy/domains/continuous/test/auto/FurutaPendulum.xml
----------------- Instantiating /home/travis/build/icyphy/ptII/ptolemy/domains/continuous/test/auto/FurutaPendulum.xml
2957 ms. Memory: 275456K Free: 171845K (62%)
----------------- Invoking toplevel() on ptolemy.moml.MoMLSimpleApplication@30e80c5
----------------- Done invoking toplevel() on ptolemy.moml.MoMLSimpleApplication@30e80c5
reloadAllAccessors: .FurutaPendulum

===========================================================================================
----------------- testing Sun Mar 08 07:07:12 UTC 2020 /home/travis/build/icyphy/ptII/ptolemy/domains/continuous/test/auto/HierarchicalExecution.xml
----------------- Instantiating /home/travis/build/icyphy/ptII/ptolemy/domains/continuous/test/auto/HierarchicalExecution.xml
1542 ms. Memory: 275456K Free: 191937K (70%)
----------------- Invoking toplevel() on ptolemy.moml.MoMLSimpleApplication@6b2abbf4
----------------- Done invoking toplevel() on ptolemy.moml.MoMLSimpleApplication@6b2abbf4
reloadAllAccessors: .HierarchicalExecution

===========================================================================================
----------------- testing Sun Mar 08 07:07:14 UTC 2020 /home/travis/build/icyphy/ptII/ptolemy/domains/continuous/test/auto/HybridPlant.xml
----------------- Instantiating /home/travis/build/icyphy/ptII/ptolemy/domains/continuous/test/auto/HybridPlant.xml
482 ms. Memory: 275456K Free: 254910K (93%)
----------------- Invoking toplevel() on ptolemy.moml.MoMLSimpleApplication@1eb97069
----------------- Done invoking toplevel() on ptolemy.moml.MoMLSimpleApplication@1eb97069
reloadAllAccessors: .HybridPlant

===========================================================================================
----------------- testing Sun Mar 08 07:07:14 UTC 2020 /home/travis/build/icyphy/ptII/ptolemy/domains/continuous/test/auto/Hysteresis.xml
----------------- Instantiating /home/travis/build/icyphy/ptII/ptolemy/domains/continuous/test/auto/Hysteresis.xml
138 ms. Memory: 275456K Free: 191422K (69%)
----------------- Invoking toplevel() on ptolemy.moml.MoMLSimpleApplication@357ce946
----------------- Done invoking toplevel() on ptolemy.moml.MoMLSimpleApplication@357ce946
reloadAllAccessors: .Hysteresis

===========================================================================================
----------------- testing Sun Mar 08 07:07:15 UTC 2020 /home/travis/build/icyphy/ptII/ptolemy/domains/continuous/test/auto/HysteresisWithRandomDelay.xml
----------------- Instantiating /home/travis/build/icyphy/ptII/ptolemy/domains/continuous/test/auto/HysteresisWithRandomDelay.xml
165 ms. Memory: 275456K Free: 119214K (43%)
----------------- Invoking toplevel() on ptolemy.moml.MoMLSimpleApplication@6308168a
----------------- Done invoking toplevel() on ptolemy.moml.MoMLSimpleApplication@6308168a
reloadAllAccessors: .HysteresisWithRandomDelay

===========================================================================================
----------------- testing Sun Mar 08 07:07:15 UTC 2020 /home/travis/build/icyphy/ptII/ptolemy/domains/continuous/test/auto/HysteresisWithRandomLosses.xml
----------------- Instantiating /home/travis/build/icyphy/ptII/ptolemy/domains/continuous/test/auto/HysteresisWithRandomLosses.xml
2263 ms. Memory: 330752K Free: 134780K (41%)
----------------- Invoking toplevel() on ptolemy.moml.MoMLSimpleApplication@33e7d5e0
----------------- Done invoking toplevel() on ptolemy.moml.MoMLSimpleApplication@33e7d5e0
reloadAllAccessors: .HysteresisWithRandomLosses

===========================================================================================
----------------- testing Sun Mar 08 07:07:17 UTC 2020 /home/travis/build/icyphy/ptII/ptolemy/domains/continuous/test/auto/ImmediateTransitions.xml
----------------- Instantiating /home/travis/build/icyphy/ptII/ptolemy/domains/continuous/test/auto/ImmediateTransitions.xml
9 ms. Memory: 330752K Free: 123516K (37%)
----------------- Invoking toplevel() on ptolemy.moml.MoMLSimpleApplication@7337ecfc
----------------- Done invoking toplevel() on ptolemy.moml.MoMLSimpleApplication@7337ecfc
reloadAllAccessors: .ImmediateTransitions

===========================================================================================
----------------- testing Sun Mar 08 07:07:17 UTC 2020 /home/travis/build/icyphy/ptII/ptolemy/domains/continuous/test/auto/ImpulseFeedback.xml
----------------- Instantiating /home/travis/build/icyphy/ptII/ptolemy/domains/continuous/test/auto/ImpulseFeedback.xml
10 ms. Memory: 330752K Free: 314166K (95%)
----------------- Invoking toplevel() on ptolemy.moml.MoMLSimpleApplication@48fdd185
----------------- Done invoking toplevel() on ptolemy.moml.MoMLSimpleApplication@48fdd185
reloadAllAccessors: .ImpulseFeedback

===========================================================================================
----------------- testing Sun Mar 08 07:07:17 UTC 2020 /home/travis/build/icyphy/ptII/ptolemy/domains/continuous/test/auto/ImpulseFeedback2.xml
----------------- Instantiating /home/travis/build/icyphy/ptII/ptolemy/domains/continuous/test/auto/ImpulseFeedback2.xml
5 ms. Memory: 330752K Free: 308041K (93%)
----------------- Invoking toplevel() on ptolemy.moml.MoMLSimpleApplication@313f4f3d
----------------- Done invoking toplevel() on ptolemy.moml.MoMLSimpleApplication@313f4f3d
reloadAllAccessors: .ImpulseFeedback2

===========================================================================================
----------------- testing Sun Mar 08 07:07:17 UTC 2020 /home/travis/build/icyphy/ptII/ptolemy/domains/continuous/test/auto/IncreasingRatePoisson.xml
----------------- Instantiating /home/travis/build/icyphy/ptII/ptolemy/domains/continuous/test/auto/IncreasingRatePoisson.xml
663 ms. Memory: 330752K Free: 200401K (61%)
----------------- Invoking toplevel() on ptolemy.moml.MoMLSimpleApplication@573c7c6c
----------------- Done invoking toplevel() on ptolemy.moml.MoMLSimpleApplication@573c7c6c
reloadAllAccessors: .IncreasingRatePoisson

===========================================================================================
----------------- testing Sun Mar 08 07:07:18 UTC 2020 /home/travis/build/icyphy/ptII/ptolemy/domains/continuous/test/auto/InitialStateFeedback.xml
----------------- Instantiating /home/travis/build/icyphy/ptII/ptolemy/domains/continuous/test/auto/InitialStateFeedback.xml
6 ms. Memory: 330752K Free: 195287K (59%)
----------------- Invoking toplevel() on ptolemy.moml.MoMLSimpleApplication@fdc4afb
----------------- Done invoking toplevel() on ptolemy.moml.MoMLSimpleApplication@fdc4afb
reloadAllAccessors: .InitialStateFeedback

===========================================================================================
----------------- testing Sun Mar 08 07:07:18 UTC 2020 /home/travis/build/icyphy/ptII/ptolemy/domains/continuous/test/auto/Integration.xml
----------------- Instantiating /home/travis/build/icyphy/ptII/ptolemy/domains/continuous/test/auto/Integration.xml
2 ms. Memory: 330752K Free: 191191K (58%)
----------------- Invoking toplevel() on ptolemy.moml.MoMLSimpleApplication@7eabde1f
----------------- Done invoking toplevel() on ptolemy.moml.MoMLSimpleApplication@7eabde1f
reloadAllAccessors: .Integration

===========================================================================================
----------------- testing Sun Mar 08 07:07:18 UTC 2020 /home/travis/build/icyphy/ptII/ptolemy/domains/continuous/test/auto/Integration2.xml
----------------- Instantiating /home/travis/build/icyphy/ptII/ptolemy/domains/continuous/test/auto/Integration2.xml
71 ms. Memory: 330752K Free: 176345K (53%)
----------------- Invoking toplevel() on ptolemy.moml.MoMLSimpleApplication@104c45b0
----------------- Done invoking toplevel() on ptolemy.moml.MoMLSimpleApplication@104c45b0
reloadAllAccessors: .Integration2

===========================================================================================
----------------- testing Sun Mar 08 07:07:18 UTC 2020 /home/travis/build/icyphy/ptII/ptolemy/domains/continuous/test/auto/Integration3.xml
----------------- Instantiating /home/travis/build/icyphy/ptII/ptolemy/domains/continuous/test/auto/Integration3.xml
2 ms. Memory: 330752K Free: 171721K (52%)
----------------- Invoking toplevel() on ptolemy.moml.MoMLSimpleApplication@2a8b9f41
----------------- Done invoking toplevel() on ptolemy.moml.MoMLSimpleApplication@2a8b9f41
reloadAllAccessors: .Integration3

===========================================================================================
----------------- testing Sun Mar 08 07:07:18 UTC 2020 /home/travis/build/icyphy/ptII/ptolemy/domains/continuous/test/auto/Integration5.xml
----------------- Instantiating /home/travis/build/icyphy/ptII/ptolemy/domains/continuous/test/auto/Integration5.xml
1 ms. Memory: 330752K Free: 167639K (51%)
----------------- Invoking toplevel() on ptolemy.moml.MoMLSimpleApplication@183eba53
----------------- Done invoking toplevel() on ptolemy.moml.MoMLSimpleApplication@183eba53
reloadAllAccessors: .Integration5

===========================================================================================
----------------- testing Sun Mar 08 07:07:18 UTC 2020 /home/travis/build/icyphy/ptII/ptolemy/domains/continuous/test/auto/IntegratorImpulse.xml
----------------- Instantiating /home/travis/build/icyphy/ptII/ptolemy/domains/continuous/test/auto/IntegratorImpulse.xml
2 ms. Memory: 330752K Free: 163529K (49%)
----------------- Invoking toplevel() on ptolemy.moml.MoMLSimpleApplication@4881ea8b
----------------- Done invoking toplevel() on ptolemy.moml.MoMLSimpleApplication@4881ea8b
reloadAllAccessors: .IntegratorImpulse

===========================================================================================
----------------- testing Sun Mar 08 07:07:18 UTC 2020 /home/travis/build/icyphy/ptII/ptolemy/domains/continuous/test/auto/IntegratorImpulse2.xml
----------------- Instantiating /home/travis/build/icyphy/ptII/ptolemy/domains/continuous/test/auto/IntegratorImpulse2.xml
3 ms. Memory: 330752K Free: 158937K (48%)
----------------- Invoking toplevel() on ptolemy.moml.MoMLSimpleApplication@4125a035
----------------- Done invoking toplevel() on ptolemy.moml.MoMLSimpleApplication@4125a035
reloadAllAccessors: .IntegratorImpulse2

===========================================================================================
----------------- testing Sun Mar 08 07:07:18 UTC 2020 /home/travis/build/icyphy/ptII/ptolemy/domains/continuous/test/auto/LevelCrossing1.xml
----------------- Instantiating /home/travis/build/icyphy/ptII/ptolemy/domains/continuous/test/auto/LevelCrossing1.xml
2 ms. Memory: 330752K Free: 153817K (47%)
----------------- Invoking toplevel() on ptolemy.moml.MoMLSimpleApplication@73bfd0b5
----------------- Done invoking toplevel() on ptolemy.moml.MoMLSimpleApplication@73bfd0b5
reloadAllAccessors: .LevelCrossing1

===========================================================================================
----------------- testing Sun Mar 08 07:07:18 UTC 2020 /home/travis/build/icyphy/ptII/ptolemy/domains/continuous/test/auto/LevelCrossing2.xml
----------------- Instantiating /home/travis/build/icyphy/ptII/ptolemy/domains/continuous/test/auto/LevelCrossing2.xml
3 ms. Memory: 330752K Free: 148697K (45%)
----------------- Invoking toplevel() on ptolemy.moml.MoMLSimpleApplication@561ad8eb
----------------- Done invoking toplevel() on ptolemy.moml.MoMLSimpleApplication@561ad8eb
reloadAllAccessors: .LevelCrossing2

===========================================================================================
----------------- testing Sun Mar 08 07:07:18 UTC 2020 /home/travis/build/icyphy/ptII/ptolemy/domains/continuous/test/auto/LevelCrossing3.xml
----------------- Instantiating /home/travis/build/icyphy/ptII/ptolemy/domains/continuous/test/auto/LevelCrossing3.xml
2 ms. Memory: 330752K Free: 143577K (43%)
----------------- Invoking toplevel() on ptolemy.moml.MoMLSimpleApplication@3f9dc3d5
----------------- Done invoking toplevel() on ptolemy.moml.MoMLSimpleApplication@3f9dc3d5
reloadAllAccessors: .LevelCrossing3

===========================================================================================
----------------- testing Sun Mar 08 07:07:18 UTC 2020 /home/travis/build/icyphy/ptII/ptolemy/domains/continuous/test/auto/LevelCrossing4.xml
----------------- Instantiating /home/travis/build/icyphy/ptII/ptolemy/domains/continuous/test/auto/LevelCrossing4.xml
3 ms. Memory: 330752K Free: 138457K (42%)
----------------- Invoking toplevel() on ptolemy.moml.MoMLSimpleApplication@57aff3f8
----------------- Done invoking toplevel() on ptolemy.moml.MoMLSimpleApplication@57aff3f8
reloadAllAccessors: .LevelCrossing4

===========================================================================================
----------------- testing Sun Mar 08 07:07:18 UTC 2020 /home/travis/build/icyphy/ptII/ptolemy/domains/continuous/test/auto/LevelCrossing5.xml
----------------- Instantiating /home/travis/build/icyphy/ptII/ptolemy/domains/continuous/test/auto/LevelCrossing5.xml
2 ms. Memory: 330752K Free: 133337K (40%)
----------------- Invoking toplevel() on ptolemy.moml.MoMLSimpleApplication@3be15d5
----------------- Done invoking toplevel() on ptolemy.moml.MoMLSimpleApplication@3be15d5
reloadAllAccessors: .LevelCrossing5

===========================================================================================
[...]
3 ms. Memory: 330752K Free: 139303K (42%)
----------------- Invoking toplevel() on ptolemy.moml.MoMLSimpleApplication@8bb70ae
----------------- Done invoking toplevel() on ptolemy.moml.MoMLSimpleApplication@8bb70ae
reloadAllAccessors: .SRinContinuous

===========================================================================================
----------------- testing Sun Mar 08 07:07:33 UTC 2020 /home/travis/build/icyphy/ptII/ptolemy/domains/continuous/test/auto/SampledClocks.xml
----------------- Instantiating /home/travis/build/icyphy/ptII/ptolemy/domains/continuous/test/auto/SampledClocks.xml
6 ms. Memory: 330752K Free: 126505K (38%)
----------------- Invoking toplevel() on ptolemy.moml.MoMLSimpleApplication@383a63a0
----------------- Done invoking toplevel() on ptolemy.moml.MoMLSimpleApplication@383a63a0
reloadAllAccessors: .SampledClocks

===========================================================================================
----------------- testing Sun Mar 08 07:07:33 UTC 2020 /home/travis/build/icyphy/ptII/ptolemy/domains/continuous/test/auto/Satellite.xml
----------------- Instantiating /home/travis/build/icyphy/ptII/ptolemy/domains/continuous/test/auto/Satellite.xml
628 ms. Memory: 330752K Free: 121169K (37%)
----------------- Invoking toplevel() on ptolemy.moml.MoMLSimpleApplication@64842e4a
----------------- Done invoking toplevel() on ptolemy.moml.MoMLSimpleApplication@64842e4a
reloadAllAccessors: .Satellite

===========================================================================================
----------------- testing Sun Mar 08 07:07:34 UTC 2020 /home/travis/build/icyphy/ptII/ptolemy/domains/continuous/test/auto/SigmaDelta.xml
----------------- Instantiating /home/travis/build/icyphy/ptII/ptolemy/domains/continuous/test/auto/SigmaDelta.xml
1853 ms. Memory: 330752K Free: 245950K (74%)
----------------- Invoking toplevel() on ptolemy.moml.MoMLSimpleApplication@eb15d4a
----------------- Done invoking toplevel() on ptolemy.moml.MoMLSimpleApplication@eb15d4a
reloadAllAccessors: .SigmaDelta

===========================================================================================
----------------- testing Sun Mar 08 07:07:36 UTC 2020 /home/travis/build/icyphy/ptII/ptolemy/domains/continuous/test/auto/SingleRefinement.xml
----------------- Instantiating /home/travis/build/icyphy/ptII/ptolemy/domains/continuous/test/auto/SingleRefinement.xml
289 ms. Memory: 330752K Free: 257797K (78%)
----------------- Invoking toplevel() on ptolemy.moml.MoMLSimpleApplication@3a1f36b7
----------------- Done invoking toplevel() on ptolemy.moml.MoMLSimpleApplication@3a1f36b7
reloadAllAccessors: .SingleRefinement

===========================================================================================
----------------- testing Sun Mar 08 07:07:36 UTC 2020 /home/travis/build/icyphy/ptII/ptolemy/domains/continuous/test/auto/SinuBouncingBall.xml
----------------- Instantiating /home/travis/build/icyphy/ptII/ptolemy/domains/continuous/test/auto/SinuBouncingBall.xml
728 ms. Memory: 330752K Free: 235406K (71%)
----------------- Invoking toplevel() on ptolemy.moml.MoMLSimpleApplication@4704f1ca
----------------- Done invoking toplevel() on ptolemy.moml.MoMLSimpleApplication@4704f1ca
reloadAllAccessors: .SinuBouncingBall

===========================================================================================
----------------- testing Sun Mar 08 07:07:37 UTC 2020 /home/travis/build/icyphy/ptII/ptolemy/domains/continuous/test/auto/Sinusoid.xml
----------------- Instantiating /home/travis/build/icyphy/ptII/ptolemy/domains/continuous/test/auto/Sinusoid.xml
4 ms. Memory: 330752K Free: 230806K (70%)
----------------- Invoking toplevel() on ptolemy.moml.MoMLSimpleApplication@1b06877f
----------------- Done invoking toplevel() on ptolemy.moml.MoMLSimpleApplication@1b06877f
reloadAllAccessors: .Sinusoid

===========================================================================================
----------------- testing Sun Mar 08 07:07:37 UTC 2020 /home/travis/build/icyphy/ptII/ptolemy/domains/continuous/test/auto/SinusoidInNoise.xml
----------------- Instantiating /home/travis/build/icyphy/ptII/ptolemy/domains/continuous/test/auto/SinusoidInNoise.xml
802 ms. Memory: 330752K Free: 284788K (86%)
----------------- Invoking toplevel() on ptolemy.moml.MoMLSimpleApplication@44d47112
----------------- Done invoking toplevel() on ptolemy.moml.MoMLSimpleApplication@44d47112
reloadAllAccessors: .SinusoidInNoise

===========================================================================================
----------------- testing Sun Mar 08 07:07:38 UTC 2020 /home/travis/build/icyphy/ptII/ptolemy/domains/continuous/test/auto/SinusoidRK45.xml
----------------- Instantiating /home/travis/build/icyphy/ptII/ptolemy/domains/continuous/test/auto/SinusoidRK45.xml
2 ms. Memory: 330752K Free: 280148K (85%)
----------------- Invoking toplevel() on ptolemy.moml.MoMLSimpleApplication@3e4ae4e0
----------------- Done invoking toplevel() on ptolemy.moml.MoMLSimpleApplication@3e4ae4e0
reloadAllAccessors: .SinusoidRK45

===========================================================================================
----------------- testing Sun Mar 08 07:07:38 UTC 2020 /home/travis/build/icyphy/ptII/ptolemy/domains/continuous/test/auto/SinusoidWithMultipleImpulses.xml
----------------- Instantiating /home/travis/build/icyphy/ptII/ptolemy/domains/continuous/test/auto/SinusoidWithMultipleImpulses.xml
3 ms. Memory: 330752K Free: 275572K (83%)
----------------- Invoking toplevel() on ptolemy.moml.MoMLSimpleApplication@64edbe9d
----------------- Done invoking toplevel() on ptolemy.moml.MoMLSimpleApplication@64edbe9d
reloadAllAccessors: .SinusoidWithMultipleImpulses

===========================================================================================
----------------- testing Sun Mar 08 07:07:38 UTC 2020 /home/travis/build/icyphy/ptII/ptolemy/domains/continuous/test/auto/SquareWave.xml
----------------- Instantiating /home/travis/build/icyphy/ptII/ptolemy/domains/continuous/test/auto/SquareWave.xml
112 ms. Memory: 330752K Free: 247924K (75%)
----------------- Invoking toplevel() on ptolemy.moml.MoMLSimpleApplication@2d999a68
----------------- Done invoking toplevel() on ptolemy.moml.MoMLSimpleApplication@2d999a68
reloadAllAccessors: .SquareWave

===========================================================================================
----------------- testing Sun Mar 08 07:07:38 UTC 2020 /home/travis/build/icyphy/ptII/ptolemy/domains/continuous/test/auto/Starmac.xml
----------------- Instantiating /home/travis/build/icyphy/ptII/ptolemy/domains/continuous/test/auto/Starmac.xml
3044 ms. Memory: 330752K Free: 125832K (38%)
----------------- Invoking toplevel() on ptolemy.moml.MoMLSimpleApplication@7820982a
----------------- Done invoking toplevel() on ptolemy.moml.MoMLSimpleApplication@7820982a
reloadAllAccessors: .Starmac

===========================================================================================
----------------- testing Sun Mar 08 07:07:41 UTC 2020 /home/travis/build/icyphy/ptII/ptolemy/domains/continuous/test/auto/StaticUnits.xml
----------------- Instantiating /home/travis/build/icyphy/ptII/ptolemy/domains/continuous/test/auto/StaticUnits.xml
1602 ms. Memory: 330752K Free: 239801K (73%)
----------------- Invoking toplevel() on ptolemy.moml.MoMLSimpleApplication@47024c61
----------------- Done invoking toplevel() on ptolemy.moml.MoMLSimpleApplication@47024c61
reloadAllAccessors: .StaticUnits

===========================================================================================
----------------- testing Sun Mar 08 07:07:43 UTC 2020 /home/travis/build/icyphy/ptII/ptolemy/domains/continuous/test/auto/StickyMasses.xml
----------------- Instantiating /home/travis/build/icyphy/ptII/ptolemy/domains/continuous/test/auto/StickyMasses.xml
134 ms. Memory: 330752K Free: 189619K (57%)
----------------- Invoking toplevel() on ptolemy.moml.MoMLSimpleApplication@48b4cf44
----------------- Done invoking toplevel() on ptolemy.moml.MoMLSimpleApplication@48b4cf44
reloadAllAccessors: .StickyMasses

===========================================================================================
----------------- testing Sun Mar 08 07:07:44 UTC 2020 /home/travis/build/icyphy/ptII/ptolemy/domains/continuous/test/auto/StopTime.xml
----------------- Instantiating /home/travis/build/icyphy/ptII/ptolemy/domains/continuous/test/auto/StopTime.xml
39 ms. Memory: 330752K Free: 163995K (50%)
----------------- Invoking toplevel() on ptolemy.moml.MoMLSimpleApplication@32224486
----------------- Done invoking toplevel() on ptolemy.moml.MoMLSimpleApplication@32224486
reloadAllAccessors: .StopTime

===========================================================================================
----------------- testing Sun Mar 08 07:07:44 UTC 2020 /home/travis/build/icyphy/ptII/ptolemy/domains/continuous/test/auto/StopTime2.xml
----------------- Instantiating /home/travis/build/icyphy/ptII/ptolemy/domains/continuous/test/auto/StopTime2.xml
34 ms. Memory: 330752K Free: 142011K (43%)
----------------- Invoking toplevel() on ptolemy.moml.MoMLSimpleApplication@229d7c21
----------------- Done invoking toplevel() on ptolemy.moml.MoMLSimpleApplication@229d7c21
reloadAllAccessors: .StopTime2

===========================================================================================
----------------- testing Sun Mar 08 07:07:44 UTC 2020 /home/travis/build/icyphy/ptII/ptolemy/domains/continuous/test/auto/Switch.xml
----------------- Instantiating /home/travis/build/icyphy/ptII/ptolemy/domains/continuous/test/auto/Switch.xml
48 ms. Memory: 330752K Free: 116411K (35%)
----------------- Invoking toplevel() on ptolemy.moml.MoMLSimpleApplication@567df30
----------------- Done invoking toplevel() on ptolemy.moml.MoMLSimpleApplication@567df30
reloadAllAccessors: .Switch

===========================================================================================
----------------- testing Sun Mar 08 07:07:44 UTC 2020 /home/travis/build/icyphy/ptII/ptolemy/domains/continuous/test/auto/Thermostat.xml
----------------- Instantiating /home/travis/build/icyphy/ptII/ptolemy/domains/continuous/test/auto/Thermostat.xml
176 ms. Memory: 330752K Free: 236207K (71%)
----------------- Invoking toplevel() on ptolemy.moml.MoMLSimpleApplication@449e2f2b
----------------- Done invoking toplevel() on ptolemy.moml.MoMLSimpleApplication@449e2f2b
reloadAllAccessors: .Thermostat

===========================================================================================
----------------- testing Sun Mar 08 07:07:44 UTC 2020 /home/travis/build/icyphy/ptII/ptolemy/domains/continuous/test/auto/TimeDelay.xml
----------------- Instantiating /home/travis/build/icyphy/ptII/ptolemy/domains/continuous/test/auto/TimeDelay.xml
6 ms. Memory: 330752K Free: 231089K (70%)
----------------- Invoking toplevel() on ptolemy.moml.MoMLSimpleApplication@340d3b43
----------------- Done invoking toplevel() on ptolemy.moml.MoMLSimpleApplication@340d3b43
reloadAllAccessors: .TimeDelay

===========================================================================================
----------------- testing Sun Mar 08 07:07:44 UTC 2020 /home/travis/build/icyphy/ptII/ptolemy/domains/continuous/test/auto/TimeDelay2.xml
----------------- Instantiating /home/travis/build/icyphy/ptII/ptolemy/domains/continuous/test/auto/TimeDelay2.xml
9 ms. Memory: 330752K Free: 221359K (67%)
----------------- Invoking toplevel() on ptolemy.moml.MoMLSimpleApplication@1e6af657
----------------- Done invoking toplevel() on ptolemy.moml.MoMLSimpleApplication@1e6af657
reloadAllAccessors: .TimeDelay2

===========================================================================================
----------------- testing Sun Mar 08 07:07:44 UTC 2020 /home/travis/build/icyphy/ptII/ptolemy/domains/continuous/test/auto/TimeDelay3.xml
----------------- Instantiating /home/travis/build/icyphy/ptII/ptolemy/domains/continuous/test/auto/TimeDelay3.xml
4 ms. Memory: 330752K Free: 216751K (66%)
----------------- Invoking toplevel() on ptolemy.moml.MoMLSimpleApplication@338f4b7
----------------- Done invoking toplevel() on ptolemy.moml.MoMLSimpleApplication@338f4b7
reloadAllAccessors: .TimeDelay3

===========================================================================================
----------------- testing Sun Mar 08 07:07:44 UTC 2020 /home/travis/build/icyphy/ptII/ptolemy/domains/continuous/test/auto/TransferAbsentToInside.xml
----------------- Instantiating /home/travis/build/icyphy/ptII/ptolemy/domains/continuous/test/auto/TransferAbsentToInside.xml
26 ms. Memory: 330752K Free: 163505K (49%)
----------------- Invoking toplevel() on ptolemy.moml.MoMLSimpleApplication@1bfac4c0
----------------- Done invoking toplevel() on ptolemy.moml.MoMLSimpleApplication@1bfac4c0
reloadAllAccessors: .TransferAbsentToInside

===========================================================================================
----------------- testing Sun Mar 08 07:07:44 UTC 2020 /home/travis/build/icyphy/ptII/ptolemy/domains/continuous/test/auto/Transmission.xml
----------------- Instantiating /home/travis/build/icyphy/ptII/ptolemy/domains/continuous/test/auto/Transmission.xml
692 ms. Memory: 330752K Free: 120464K (36%)
----------------- Invoking toplevel() on ptolemy.moml.MoMLSimpleApplication@56099806
----------------- Done invoking toplevel() on ptolemy.moml.MoMLSimpleApplication@56099806
reloadAllAccessors: .Transmission

===========================================================================================
----------------- testing Sun Mar 08 07:07:45 UTC 2020 /home/travis/build/icyphy/ptII/ptolemy/domains/continuous/test/auto/TriggeredContinuousClock.xml
----------------- Instantiating /home/travis/build/icyphy/ptII/ptolemy/domains/continuous/test/auto/TriggeredContinuousClock.xml
30 ms. Memory: 330752K Free: 282256K (85%)
----------------- Invoking toplevel() on ptolemy.moml.MoMLSimpleApplication@3f3356d1
----------------- Done invoking toplevel() on ptolemy.moml.MoMLSimpleApplication@3f3356d1
reloadAllAccessors: .TriggeredContinuousClock

===========================================================================================
----------------- testing Sun Mar 08 07:07:45 UTC 2020 /home/travis/build/icyphy/ptII/ptolemy/domains/continuous/test/auto/TwoMachineInfiniteBusControl.xml
----------------- Instantiating /home/travis/build/icyphy/ptII/ptolemy/domains/continuous/test/auto/TwoMachineInfiniteBusControl.xml
2444 ms. Memory: 330752K Free: 262746K (79%)
----------------- Invoking toplevel() on ptolemy.moml.MoMLSimpleApplication@20ef56dc
----------------- Done invoking toplevel() on ptolemy.moml.MoMLSimpleApplication@20ef56dc
reloadAllAccessors: .TwoMachineInfiniteBusControl

===========================================================================================
----------------- testing Sun Mar 08 07:07:47 UTC 2020 /home/travis/build/icyphy/ptII/ptolemy/domains/continuous/test/auto/V2V.xml
----------------- Instantiating /home/travis/build/icyphy/ptII/ptolemy/domains/continuous/test/auto/V2V.xml
772 ms. Memory: 330752K Free: 262755K (79%)
----------------- Invoking toplevel() on ptolemy.moml.MoMLSimpleApplication@5dce669c
----------------- Done invoking toplevel() on ptolemy.moml.MoMLSimpleApplication@5dce669c
reloadAllAccessors: .V2V

===========================================================================================
----------------- testing Sun Mar 08 07:07:48 UTC 2020 /home/travis/build/icyphy/ptII/ptolemy/domains/continuous/test/auto/hierarchicalModalModel.xml
----------------- Instantiating /home/travis/build/icyphy/ptII/ptolemy/domains/continuous/test/auto/hierarchicalModalModel.xml
7 ms. Memory: 330752K Free: 248419K (75%)
----------------- Invoking toplevel() on ptolemy.moml.MoMLSimpleApplication@38741019
----------------- Done invoking toplevel() on ptolemy.moml.MoMLSimpleApplication@38741019
reloadAllAccessors: .hierarchicalModalModel

===========================================================================================
----------------- testing Sun Mar 08 07:07:48 UTC 2020 /home/travis/build/icyphy/ptII/ptolemy/domains/continuous/test/auto/hierarchicalModalModel1.xml
----------------- Instantiating /home/travis/build/icyphy/ptII/ptolemy/domains/continuous/test/auto/hierarchicalModalModel1.xml
7 ms. Memory: 330752K Free: 233569K (71%)
----------------- Invoking toplevel() on ptolemy.moml.MoMLSimpleApplication@40d9f0
----------------- Done invoking toplevel() on ptolemy.moml.MoMLSimpleApplication@40d9f0
reloadAllAccessors: .hierarchicalModalModel1

===========================================================================================
----------------- testing Sun Mar 08 07:07:48 UTC 2020 /home/travis/build/icyphy/ptII/ptolemy/domains/continuous/test/auto/hierarchicalModalModel2.xml
----------------- Instantiating /home/travis/build/icyphy/ptII/ptolemy/domains/continuous/test/auto/hierarchicalModalModel2.xml
6 ms. Memory: 330752K Free: 221267K (67%)
----------------- Invoking toplevel() on ptolemy.moml.MoMLSimpleApplication@561e1945
----------------- Done invoking toplevel() on ptolemy.moml.MoMLSimpleApplication@561e1945
reloadAllAccessors: .hierarchicalModalModel2

===========================================================================================
----------------- testing Sun Mar 08 07:07:48 UTC 2020 /home/travis/build/icyphy/ptII/ptolemy/domains/continuous/test/auto/hierarchicalModalModel3.xml
----------------- Instantiating /home/travis/build/icyphy/ptII/ptolemy/domains/continuous/test/auto/hierarchicalModalModel3.xml
5 ms. Memory: 330752K Free: 210531K (64%)
----------------- Invoking toplevel() on ptolemy.moml.MoMLSimpleApplication@7e87f797
----------------- Done invoking toplevel() on ptolemy.moml.MoMLSimpleApplication@7e87f797
reloadAllAccessors: .hierarchicalModalModel3

===========================================================================================
----------------- testing Sun Mar 08 07:07:48 UTC 2020 /home/travis/build/icyphy/ptII/ptolemy/domains/continuous/test/auto/hierarchicalModalModel4.xml
----------------- Instantiating /home/travis/build/icyphy/ptII/ptolemy/domains/continuous/test/auto/hierarchicalModalModel4.xml
5 ms. Memory: 330752K Free: 198753K (60%)
----------------- Invoking toplevel() on ptolemy.moml.MoMLSimpleApplication@5ddbf35c
----------------- Done invoking toplevel() on ptolemy.moml.MoMLSimpleApplication@5ddbf35c
reloadAllAccessors: .hierarchicalModalModel4

===========================================================================================
----------------- testing Sun Mar 08 07:07:48 UTC 2020 /home/travis/build/icyphy/ptII/ptolemy/domains/continuous/test/auto/junk.xml
----------------- Instantiating /home/travis/build/icyphy/ptII/ptolemy/domains/continuous/test/auto/junk.xml
111 ms. Memory: 330752K Free: 172129K (52%)
----------------- Invoking toplevel() on ptolemy.moml.MoMLSimpleApplication@53b6533b
----------------- Done invoking toplevel() on ptolemy.moml.MoMLSimpleApplication@53b6533b
reloadAllAccessors: .junk
AutoTests.java: About to close Vertx.
AutoTests.java: Vertx closed.
]]></system-out>
  <system-err><![CDATA[Warning: '.HysteresisWithRandomDelay.NonStrictTest' The test produced only 221 tokens, yet the correctValues parameter was expecting 222 tokens.
Warning: '.HysteresisWithRandomDelay.NonStrictTest2' The test produced only 220 tokens, yet the correctValues parameter was expecting 221 tokens.
Warning: '.HysteresisWithRandomDelay.NonStrictTest3' The test produced only 28 tokens, yet the correctValues parameter was expecting 30 tokens.
Warning: '.IncreasingRatePoisson.NonStrictTest' The test produced only 385 tokens, yet the correctValues parameter was expecting 402 tokens.
Warning: '.Poisson.NonStrictTest' The test produced only 356 tokens, yet the correctValues parameter was expecting 430 tokens.
]]></system-err>
</testsuite>
