<?xml version="1.0" encoding="UTF-8" ?>
<testsuite errors="0" failures="0" hostname="travis-job-eac7788b-698c-4f91-ae3c-a17db47ab813" name="ptolemy.domains.de.test.junit.JUnitTclTest" skipped="0" tests="101" time="132.249" timestamp="2019-12-08T06:21:36">
  <properties>
[...]
</properties>
  <testcase classname="ptolemy.util.test.junit.TclTests" name="[0] /home/travis/build/icyphy/ptII/ptolemy/domains/de/test/DependencyLoop.tcl (RunTclFile)" time="1.038" />
  <testcase classname="ptolemy.util.test.junit.TclTests" name="[1] /home/travis/build/icyphy/ptII/ptolemy/domains/de/test/RunDETestsAsQSS.tcl (RunTclFile)" time="89.629" />
  <testcase classname="ptolemy.util.test.junit.AutoKnownFailedTests" name="[0] /home/travis/build/icyphy/ptII/ptolemy/domains/de/test/auto/knownFailedTests/DESDFClockTest.xml (RunModel)" time="2.034" />
  <testcase classname="ptolemy.util.test.junit.AutoKnownFailedTests" name="[1] /home/travis/build/icyphy/ptII/ptolemy/domains/de/test/auto/knownFailedTests/DirectFeedback.xml (RunModel)" time="0.026" />
  <testcase classname="ptolemy.util.test.junit.AutoKnownFailedTests" name="[2] /home/travis/build/icyphy/ptII/ptolemy/domains/de/test/auto/knownFailedTests/FSMSource.xml (RunModel)" time="0.025" />
  <testcase classname="ptolemy.util.test.junit.AutoKnownFailedTests" name="[3] /home/travis/build/icyphy/ptII/ptolemy/domains/de/test/auto/knownFailedTests/HierarchicalModel.xml (RunModel)" time="0.036" />
  <testcase classname="ptolemy.util.test.junit.AutoKnownFailedTests" name="[4] /home/travis/build/icyphy/ptII/ptolemy/domains/de/test/auto/knownFailedTests/dependencyLoop.xml (RunModel)" time="0.049" />
  <testcase classname="ptolemy.util.test.junit.AutoKnownFailedTests" name="[5] /home/travis/build/icyphy/ptII/ptolemy/domains/de/test/auto/knownFailedTests/dependencyLoop2.xml (RunModel)" time="0.05" />
  <testcase classname="ptolemy.util.test.junit.AutoNameArchTests" name="[0] ThereAreNoAutoArchTests (RunModel)" time="0.001" />
  <testcase classname="ptolemy.util.test.junit.AutoTests" name="[0] /home/travis/build/icyphy/ptII/ptolemy/domains/de/test/auto/ActorDepthCalculation_actorWithoutPorts.xml (RunModel)" time="0.022" />
  <testcase classname="ptolemy.util.test.junit.AutoTests" name="[1] /home/travis/build/icyphy/ptII/ptolemy/domains/de/test/auto/AssemblyLine.xml (RunModel)" time="0.033" />
  <testcase classname="ptolemy.util.test.junit.AutoTests" name="[2] /home/travis/build/icyphy/ptII/ptolemy/domains/de/test/auto/CQBug1.xml (RunModel)" time="0.012" />
  <testcase classname="ptolemy.util.test.junit.AutoTests" name="[3] /home/travis/build/icyphy/ptII/ptolemy/domains/de/test/auto/CancelFireAt.xml (RunModel)" time="0.018" />
  <testcase classname="ptolemy.util.test.junit.AutoTests" name="[4] /home/travis/build/icyphy/ptII/ptolemy/domains/de/test/auto/CausalityAndComposabilityAnalysis.xml (RunModel)" time="0.019" />
  <testcase classname="ptolemy.util.test.junit.AutoTests" name="[5] /home/travis/build/icyphy/ptII/ptolemy/domains/de/test/auto/CausalityInterface1.xml (RunModel)" time="0.017" />
  <testcase classname="ptolemy.util.test.junit.AutoTests" name="[6] /home/travis/build/icyphy/ptII/ptolemy/domains/de/test/auto/CausalityInterface15.xml (RunModel)" time="0.015" />
  <testcase classname="ptolemy.util.test.junit.AutoTests" name="[7] /home/travis/build/icyphy/ptII/ptolemy/domains/de/test/auto/CausalityInterface2.xml (RunModel)" time="0.018" />
  <testcase classname="ptolemy.util.test.junit.AutoTests" name="[8] /home/travis/build/icyphy/ptII/ptolemy/domains/de/test/auto/CausalityInterface3.xml (RunModel)" time="0.014" />
  <testcase classname="ptolemy.util.test.junit.AutoTests" name="[9] /home/travis/build/icyphy/ptII/ptolemy/domains/de/test/auto/ClockDrift.xml (RunModel)" time="0.043" />
  <testcase classname="ptolemy.util.test.junit.AutoTests" name="[10] /home/travis/build/icyphy/ptII/ptolemy/domains/de/test/auto/ClockDriftAndValueChange.xml (RunModel)" time="0.035" />
  <testcase classname="ptolemy.util.test.junit.AutoTests" name="[11] /home/travis/build/icyphy/ptII/ptolemy/domains/de/test/auto/ClockDriftChange.xml (RunModel)" time="0.036" />
  <testcase classname="ptolemy.util.test.junit.AutoTests" name="[12] /home/travis/build/icyphy/ptII/ptolemy/domains/de/test/auto/ComposableCausalityAnalysis.xml (RunModel)" time="0.017" />
  <testcase classname="ptolemy.util.test.junit.AutoTests" name="[13] /home/travis/build/icyphy/ptII/ptolemy/domains/de/test/auto/DEFixedPointLimitation.xml (RunModel)" time="0.008" />
  <testcase classname="ptolemy.util.test.junit.AutoTests" name="[14] /home/travis/build/icyphy/ptII/ptolemy/domains/de/test/auto/DEScheduleTest.xml (RunModel)" time="0.02" />
  <testcase classname="ptolemy.util.test.junit.AutoTests" name="[15] /home/travis/build/icyphy/ptII/ptolemy/domains/de/test/auto/DEinDEwithStartTimes.xml (RunModel)" time="0.015" />
  <testcase classname="ptolemy.util.test.junit.AutoTests" name="[16] /home/travis/build/icyphy/ptII/ptolemy/domains/de/test/auto/DEinDEwithStartTimes2.xml (RunModel)" time="0.017" />
  <testcase classname="ptolemy.util.test.junit.AutoTests" name="[17] /home/travis/build/icyphy/ptII/ptolemy/domains/de/test/auto/DateDemo.xml (RunModel)" time="0.036" />
  <testcase classname="ptolemy.util.test.junit.AutoTests" name="[18] /home/travis/build/icyphy/ptII/ptolemy/domains/de/test/auto/DateToEvent.xml (RunModel)" time="2.046" />
  <testcase classname="ptolemy.util.test.junit.AutoTests" name="[19] /home/travis/build/icyphy/ptII/ptolemy/domains/de/test/auto/DepthTest1.xml (RunModel)" time="0.009" />
  <testcase classname="ptolemy.util.test.junit.AutoTests" name="[20] /home/travis/build/icyphy/ptII/ptolemy/domains/de/test/auto/DepthTest2.xml (RunModel)" time="0.025" />
  <testcase classname="ptolemy.util.test.junit.AutoTests" name="[21] /home/travis/build/icyphy/ptII/ptolemy/domains/de/test/auto/DepthTest3.xml (RunModel)" time="0.009" />
  <testcase classname="ptolemy.util.test.junit.AutoTests" name="[22] /home/travis/build/icyphy/ptII/ptolemy/domains/de/test/auto/DepthTest4.xml (RunModel)" time="0.029" />
  <testcase classname="ptolemy.util.test.junit.AutoTests" name="[23] /home/travis/build/icyphy/ptII/ptolemy/domains/de/test/auto/DepthTest5.xml (RunModel)" time="0.015" />
  <testcase classname="ptolemy.util.test.junit.AutoTests" name="[24] /home/travis/build/icyphy/ptII/ptolemy/domains/de/test/auto/DepthTest6.xml (RunModel)" time="0.013" />
  <testcase classname="ptolemy.util.test.junit.AutoTests" name="[25] /home/travis/build/icyphy/ptII/ptolemy/domains/de/test/auto/DepthTest7.xml (RunModel)" time="0.018" />
  <testcase classname="ptolemy.util.test.junit.AutoTests" name="[26] /home/travis/build/icyphy/ptII/ptolemy/domains/de/test/auto/EventToDate.xml (RunModel)" time="3.043" />
  <testcase classname="ptolemy.util.test.junit.AutoTests" name="[27] /home/travis/build/icyphy/ptII/ptolemy/domains/de/test/auto/FSM1.xml (RunModel)" time="0.05" />
  <testcase classname="ptolemy.util.test.junit.AutoTests" name="[28] /home/travis/build/icyphy/ptII/ptolemy/domains/de/test/auto/FSM7.xml (RunModel)" time="0.067" />
  <testcase classname="ptolemy.util.test.junit.AutoTests" name="[29] /home/travis/build/icyphy/ptII/ptolemy/domains/de/test/auto/Inspection.xml (RunModel)" time="0.059" />
  <testcase classname="ptolemy.util.test.junit.AutoTests" name="[30] /home/travis/build/icyphy/ptII/ptolemy/domains/de/test/auto/Iteration.xml (RunModel)" time="0.033" />
  <testcase classname="ptolemy.util.test.junit.AutoTests" name="[31] /home/travis/build/icyphy/ptII/ptolemy/domains/de/test/auto/LineFault.xml (RunModel)" time="0.599" />
  <testcase classname="ptolemy.util.test.junit.AutoTests" name="[32] /home/travis/build/icyphy/ptII/ptolemy/domains/de/test/auto/MergeModel1Add.xml (RunModel)" time="0.058" />
  <testcase classname="ptolemy.util.test.junit.AutoTests" name="[33] /home/travis/build/icyphy/ptII/ptolemy/domains/de/test/auto/MergeModel2Add.xml (RunModel)" time="0.052" />
  <testcase classname="ptolemy.util.test.junit.AutoTests" name="[34] /home/travis/build/icyphy/ptII/ptolemy/domains/de/test/auto/MergeModel3Add.xml (RunModel)" time="0.044" />
  <testcase classname="ptolemy.util.test.junit.AutoTests" name="[35] /home/travis/build/icyphy/ptII/ptolemy/domains/de/test/auto/MergeWithoutDiscard.xml (RunModel)" time="0.02" />
  <testcase classname="ptolemy.util.test.junit.AutoTests" name="[36] /home/travis/build/icyphy/ptII/ptolemy/domains/de/test/auto/Modal1.xml (RunModel)" time="0.031" />
  <testcase classname="ptolemy.util.test.junit.AutoTests" name="[37] /home/travis/build/icyphy/ptII/ptolemy/domains/de/test/auto/Modal2.xml (RunModel)" time="0.034" />
  <testcase classname="ptolemy.util.test.junit.AutoTests" name="[38] /home/travis/build/icyphy/ptII/ptolemy/domains/de/test/auto/Modal3.xml (RunModel)" time="0.032" />
  <testcase classname="ptolemy.util.test.junit.AutoTests" name="[39] /home/travis/build/icyphy/ptII/ptolemy/domains/de/test/auto/Modal4.xml (RunModel)" time="0.037" />
  <testcase classname="ptolemy.util.test.junit.AutoTests" name="[40] /home/travis/build/icyphy/ptII/ptolemy/domains/de/test/auto/Modal5.xml (RunModel)" time="0.051" />
  <testcase classname="ptolemy.util.test.junit.AutoTests" name="[41] /home/travis/build/icyphy/ptII/ptolemy/domains/de/test/auto/Modal6.xml (RunModel)" time="0.042" />
  <testcase classname="ptolemy.util.test.junit.AutoTests" name="[42] /home/travis/build/icyphy/ptII/ptolemy/domains/de/test/auto/Modal7.xml (RunModel)" time="0.032" />
  <testcase classname="ptolemy.util.test.junit.AutoTests" name="[43] /home/travis/build/icyphy/ptII/ptolemy/domains/de/test/auto/ModalModel.xml (RunModel)" time="0.171" />
  <testcase classname="ptolemy.util.test.junit.AutoTests" name="[44] /home/travis/build/icyphy/ptII/ptolemy/domains/de/test/auto/ModalSource.xml (RunModel)" time="0.02" />
  <testcase classname="ptolemy.util.test.junit.AutoTests" name="[45] /home/travis/build/icyphy/ptII/ptolemy/domains/de/test/auto/NonInterruptibleTimerZeroDelay.xml (RunModel)" time="0.009" />
  <testcase classname="ptolemy.util.test.junit.AutoTests" name="[46] /home/travis/build/icyphy/ptII/ptolemy/domains/de/test/auto/OpenQueueingNetwork.xml (RunModel)" time="2.639" />
  <testcase classname="ptolemy.util.test.junit.AutoTests" name="[47] /home/travis/build/icyphy/ptII/ptolemy/domains/de/test/auto/OpenQueuingNetwork.xml (RunModel)" time="0.309" />
  <testcase classname="ptolemy.util.test.junit.AutoTests" name="[48] /home/travis/build/icyphy/ptII/ptolemy/domains/de/test/auto/PeriodicSampler.xml (RunModel)" time="0.011" />
  <testcase classname="ptolemy.util.test.junit.AutoTests" name="[49] /home/travis/build/icyphy/ptII/ptolemy/domains/de/test/auto/PersistentIO.xml (RunModel)" time="0.021" />
  <testcase classname="ptolemy.util.test.junit.AutoTests" name="[50] /home/travis/build/icyphy/ptII/ptolemy/domains/de/test/auto/PortParameterResetOnInitialize.xml (RunModel)" time="0.011" />
  <testcase classname="ptolemy.util.test.junit.AutoTests" name="[51] /home/travis/build/icyphy/ptII/ptolemy/domains/de/test/auto/PortParameterUpdates.xml (RunModel)" time="0.019" />
  <testcase classname="ptolemy.util.test.junit.AutoTests" name="[52] /home/travis/build/icyphy/ptII/ptolemy/domains/de/test/auto/QueueAndServer.xml (RunModel)" time="0.02" />
  <testcase classname="ptolemy.util.test.junit.AutoTests" name="[53] /home/travis/build/icyphy/ptII/ptolemy/domains/de/test/auto/Records.xml (RunModel)" time="0.014" />
  <testcase classname="ptolemy.util.test.junit.AutoTests" name="[54] /home/travis/build/icyphy/ptII/ptolemy/domains/de/test/auto/ResetTransitionWithStartTime1.xml (RunModel)" time="0.017" />
  <testcase classname="ptolemy.util.test.junit.AutoTests" name="[55] /home/travis/build/icyphy/ptII/ptolemy/domains/de/test/auto/ResetTransitionWithStartTime2.xml (RunModel)" time="0.019" />
  <testcase classname="ptolemy.util.test.junit.AutoTests" name="[56] /home/travis/build/icyphy/ptII/ptolemy/domains/de/test/auto/ResetTransitionWithStartTime3.xml (RunModel)" time="0.017" />
  <testcase classname="ptolemy.util.test.junit.AutoTests" name="[57] /home/travis/build/icyphy/ptII/ptolemy/domains/de/test/auto/ResetTransitionWithStartTime4.xml (RunModel)" time="0.018" />
  <testcase classname="ptolemy.util.test.junit.AutoTests" name="[58] /home/travis/build/icyphy/ptII/ptolemy/domains/de/test/auto/ResettableTimer1.xml (RunModel)" time="0.009" />
  <testcase classname="ptolemy.util.test.junit.AutoTests" name="[59] /home/travis/build/icyphy/ptII/ptolemy/domains/de/test/auto/ResettableTimer2.xml (RunModel)" time="0.009" />
  <testcase classname="ptolemy.util.test.junit.AutoTests" name="[60] /home/travis/build/icyphy/ptII/ptolemy/domains/de/test/auto/ResettableTimer3.xml (RunModel)" time="0.008" />
  <testcase classname="ptolemy.util.test.junit.AutoTests" name="[61] /home/travis/build/icyphy/ptII/ptolemy/domains/de/test/auto/ResettableTimer4.xml (RunModel)" time="0.008" />
  <testcase classname="ptolemy.util.test.junit.AutoTests" name="[62] /home/travis/build/icyphy/ptII/ptolemy/domains/de/test/auto/ResettableTimer5.xml (RunModel)" time="0.009" />
  <testcase classname="ptolemy.util.test.junit.AutoTests" name="[63] /home/travis/build/icyphy/ptII/ptolemy/domains/de/test/auto/ResettableTimer6.xml (RunModel)" time="0.018" />
  <testcase classname="ptolemy.util.test.junit.AutoTests" name="[64] /home/travis/build/icyphy/ptII/ptolemy/domains/de/test/auto/ServerZeroDelay.xml (RunModel)" time="0.012" />
  <testcase classname="ptolemy.util.test.junit.AutoTests" name="[65] /home/travis/build/icyphy/ptII/ptolemy/domains/de/test/auto/SmartSender.xml (RunModel)" time="3.008" />
  <testcase classname="ptolemy.util.test.junit.AutoTests" name="[66] /home/travis/build/icyphy/ptII/ptolemy/domains/de/test/auto/ThreadedComposite.xml (RunModel)" time="0.141" />
  <testcase classname="ptolemy.util.test.junit.AutoTests" name="[67] /home/travis/build/icyphy/ptII/ptolemy/domains/de/test/auto/Time.xml (RunModel)" time="0.484" />
  <testcase classname="ptolemy.util.test.junit.AutoTests" name="[68] /home/travis/build/icyphy/ptII/ptolemy/domains/de/test/auto/TimeDelayZeroDelay.xml (RunModel)" time="0.011" />
  <testcase classname="ptolemy.util.test.junit.AutoTests" name="[69] /home/travis/build/icyphy/ptII/ptolemy/domains/de/test/auto/TimerZeroDelay.xml (RunModel)" time="0.01" />
  <testcase classname="ptolemy.util.test.junit.AutoTests" name="[70] /home/travis/build/icyphy/ptII/ptolemy/domains/de/test/auto/TimingParadox.xml (RunModel)" time="0.381" />
  <testcase classname="ptolemy.util.test.junit.AutoTests" name="[71] /home/travis/build/icyphy/ptII/ptolemy/domains/de/test/auto/TransferInputs.xml (RunModel)" time="0.014" />
  <testcase classname="ptolemy.util.test.junit.AutoTests" name="[72] /home/travis/build/icyphy/ptII/ptolemy/domains/de/test/auto/TransferOutputs2.xml (RunModel)" time="0.014" />
  <testcase classname="ptolemy.util.test.junit.AutoTests" name="[73] /home/travis/build/icyphy/ptII/ptolemy/domains/de/test/auto/Trilateration.xml (RunModel)" time="12.458" />
  <testcase classname="ptolemy.util.test.junit.AutoTests" name="[74] /home/travis/build/icyphy/ptII/ptolemy/domains/de/test/auto/TwoSigmaDelta.xml (RunModel)" time="1.98" />
  <testcase classname="ptolemy.util.test.junit.AutoTests" name="[75] /home/travis/build/icyphy/ptII/ptolemy/domains/de/test/auto/VariableDelay.xml (RunModel)" time="0.011" />
  <testcase classname="ptolemy.util.test.junit.AutoTests" name="[76] /home/travis/build/icyphy/ptII/ptolemy/domains/de/test/auto/VariableDelay2.xml (RunModel)" time="0.011" />
  <testcase classname="ptolemy.util.test.junit.AutoTests" name="[77] /home/travis/build/icyphy/ptII/ptolemy/domains/de/test/auto/VariableDelayZeroDelay.xml (RunModel)" time="0.012" />
  <testcase classname="ptolemy.util.test.junit.AutoTests" name="[78] /home/travis/build/icyphy/ptII/ptolemy/domains/de/test/auto/VariableDelayZeroDelay2.xml (RunModel)" time="0.015" />
  <testcase classname="ptolemy.util.test.junit.AutoTests" name="[79] /home/travis/build/icyphy/ptII/ptolemy/domains/de/test/auto/deInCt.xml (RunModel)" time="0.016" />
  <testcase classname="ptolemy.util.test.junit.AutoTests" name="[80] /home/travis/build/icyphy/ptII/ptolemy/domains/de/test/auto/deInCt2.xml (RunModel)" time="0.009" />
  <testcase classname="ptolemy.util.test.junit.AutoTests" name="[81] /home/travis/build/icyphy/ptII/ptolemy/domains/de/test/auto/dynamicCausalityInterface1.xml (RunModel)" time="0.017" />
  <testcase classname="ptolemy.util.test.junit.AutoTests" name="[82] /home/travis/build/icyphy/ptII/ptolemy/domains/de/test/auto/fsm_de_test.xml (RunModel)" time="0.022" />
  <testcase classname="ptolemy.util.test.junit.AutoTests" name="[83] /home/travis/build/icyphy/ptII/ptolemy/domains/de/test/auto/functionDependencyReconstruction.xml (RunModel)" time="0.043" />
  <testcase classname="ptolemy.util.test.junit.AutoTests" name="[84] /home/travis/build/icyphy/ptII/ptolemy/domains/de/test/auto/multirate.xml (RunModel)" time="0.016" />
  <testcase classname="ptolemy.util.test.junit.AutoTests" name="[85] /home/travis/build/icyphy/ptII/ptolemy/domains/de/test/auto/multirate2.xml (RunModel)" time="0.018" />
  <testcase classname="ptolemy.util.test.junit.AutoTests" name="[86] /home/travis/build/icyphy/ptII/ptolemy/domains/de/test/auto/realtime.xml (RunModel)" time="10.01" />
  <testcase classname="ptolemy.util.test.junit.AutoTests" name="[87] /home/travis/build/icyphy/ptII/ptolemy/domains/de/test/auto/relationGroup.xml (RunModel)" time="0.012" />
  <testcase classname="ptolemy.util.test.junit.AutoTests" name="[88] /home/travis/build/icyphy/ptII/ptolemy/domains/de/test/auto/relationGroup2.xml (RunModel)" time="0.008" />
  <testcase classname="ptolemy.util.test.junit.AutoTests" name="[89] /home/travis/build/icyphy/ptII/ptolemy/domains/de/test/auto/sortWithOpaquePorts.xml (RunModel)" time="0.007" />
  <testcase classname="ptolemy.util.test.junit.AutoTests" name="[90] /home/travis/build/icyphy/ptII/ptolemy/domains/de/test/auto/transferInputsandOutputs.xml (RunModel)" time="0.018" />
  <testcase classname="ptolemy.util.test.junit.AutoTests" name="[91] /home/travis/build/icyphy/ptII/ptolemy/domains/de/test/auto/triggerType.xml (RunModel)" time="0.008" />
  <system-out><![CDATA[/home/travis/build/icyphy/ptII/ptolemy/domains/de/test/DependencyLoop.tcl
testDefs.tcl: setting time out to 9000 seconds at Sun Dec 08 06:21:37 UTC 2019
76 ms. Memory: 120832K Free: 71620K (59%)
12 ms. Memory: 120832K Free: 54212K (45%)
/home/travis/build/icyphy/ptII/ptolemy/domains/de/test/RunDETestsAsQSS.tcl
Run the DE tests using ptolemy.domains.qss.test.QSSDirectorTest, which extends QSSDirector and prints a message in the constructors.
------------------ testing $PTII/ptolemy/domains/de/test/auto/knownFailedTests/DirectFeedback.xml (Known Failure) 
56 ms. Memory: 120832K Free: 48578K (40%)


==== $PTIIhome/travis/build/icyphy/ptII/ptolemy/domains/de/test/../../../../: Auto Automatic test in file $PTII/ptolemy/domains/de/test/auto/knownFailedTests/DirectFeedback.xml
==== Contents of test case:

	    # FIXME: we should use $relativeFilename here, but it
	    # might have backslashes under Windows, which causes no end
	    # of trouble.
	    createAndExecute $file
	    list {}
	
.... Test generated KNOWN error:
    while executing
ptolemy.kernel.util.IllegalActionException: Test fails in iteration 1.
Value was: 1.0. Should have been: 2.0
  in .DirectFeedback.Test
	at ptolemy.actor.lib.Test.fire(Test.java:268)
	at ptolemy.domains.de.kernel.DEDirector._fire(DEDirector.java:1949)
	at ptolemy.domains.de.kernel.DEDirector.fire(DEDirector.java:502)
	at ptolemy.actor.CompositeActor.fire(CompositeActor.java:455)
	at ptolemy.actor.Manager.iterate(Manager.java:851)
	at ptolemy.actor.Manager.execute(Manager.java:369)
	at ptolemy.actor.Manager.run(Manager.java:1263)
	at ptolemy.actor.Manager$PtolemyRunThread.run(Manager.java:1933)

    while executing
ptolemy.kernel.util.IllegalActionException: Test fails in iteration 1.
Value was: 1.0. Should have been: 2.0
  in .DirectFeedback.Test
    while executing
"java::new ptolemy.moml.MoMLSimpleApplication $file
"
    (procedure "createAndExecute" line 2)
    invoked from within
"createAndExecute $file"
    ("uplevel" body line 5)
    invoked from within
"uplevel $contents_of_test"
------------------ testing $PTII/ptolemy/domains/de/test/auto/knownFailedTests/dependencyLoop.xml (Known Failure) 
55 ms. Memory: 120832K Free: 108383K (90%)


==== $PTIIhome/travis/build/icyphy/ptII/ptolemy/domains/de/test/../../../../: Auto Automatic test in file $PTII/ptolemy/domains/de/test/auto/knownFailedTests/dependencyLoop.xml
==== Contents of test case:

	    # FIXME: we should use $relativeFilename here, but it
	    # might have backslashes under Windows, which causes no end
	    # of trouble.
	    createAndExecute $file
	    list {}
	
.... Test generated KNOWN error:
    while executing
ptolemy.kernel.util.IllegalActionException: Found a zero delay loop containing .dependencyLoop.original
  in .dependencyLoop and .dependencyLoop.original
	at ptolemy.actor.util.CausalityInterfaceForComposites._computeOutputPortDepth(CausalityInterfaceForComposites.java:759)
	at ptolemy.actor.util.CausalityInterfaceForComposites._computeInputDepth(CausalityInterfaceForComposites.java:696)
	at ptolemy.actor.util.CausalityInterfaceForComposites._computeOutputPortDepth(CausalityInterfaceForComposites.java:765)
	at ptolemy.actor.util.CausalityInterfaceForComposites._computeInputDepth(CausalityInterfaceForComposites.java:696)
	at ptolemy.actor.util.CausalityInterfaceForComposites._computeOutputPortDepth(CausalityInterfaceForComposites.java:765)
	at ptolemy.actor.util.CausalityInterfaceForComposites._computeInputDepth(CausalityInterfaceForComposites.java:696)
	at ptolemy.actor.util.CausalityInterfaceForComposites._computeActorDepth(CausalityInterfaceForComposites.java:532)
	at ptolemy.actor.util.CausalityInterfaceForComposites.checkForCycles(CausalityInterfaceForComposites.java:96)
	at ptolemy.domains.de.kernel.DEDirector.preinitialize(DEDirector.java:1338)
	at ptolemy.actor.CompositeActor.preinitialize(CompositeActor.java:1828)
	at ptolemy.actor.Manager.preinitializeAndResolveTypes(Manager.java:1040)
	at ptolemy.actor.Manager.initialize(Manager.java:710)
	at ptolemy.actor.Manager.execute(Manager.java:356)
	at ptolemy.actor.Manager.run(Manager.java:1263)
	at ptolemy.actor.Manager$PtolemyRunThread.run(Manager.java:1933)

    while executing
ptolemy.kernel.util.IllegalActionException: Found a zero delay loop containing .dependencyLoop.original
  in .dependencyLoop and .dependencyLoop.original
    while executing
"java::new ptolemy.moml.MoMLSimpleApplication $file
"
    (procedure "createAndExecute" line 2)
    invoked from within
"createAndExecute $file"
    ("uplevel" body line 5)
    invoked from within
"uplevel $contents_of_test"
------------------ testing $PTII/ptolemy/domains/de/test/auto/knownFailedTests/FSMSource.xml (Known Failure) 
66 ms. Memory: 120832K Free: 99211K (82%)
!!!! Auto was marked as failing, but now passes
------------------ testing $PTII/ptolemy/domains/de/test/auto/knownFailedTests/HierarchicalModel.xml (Known Failure) 
5 ms. Memory: 120832K Free: 81819K (68%)


==== $PTIIhome/travis/build/icyphy/ptII/ptolemy/domains/de/test/../../../../: Auto Automatic test in file $PTII/ptolemy/domains/de/test/auto/knownFailedTests/HierarchicalModel.xml
==== Contents of test case:

	    # FIXME: we should use $relativeFilename here, but it
	    # might have backslashes under Windows, which causes no end
	    # of trouble.
	    createAndExecute $file
	    list {}
	
.... Test generated KNOWN error:
    while executing
ptolemy.kernel.util.IllegalActionException: Found a zero delay loop containing .HierarchicalModel.A
  in .HierarchicalModel and .HierarchicalModel.A
	at ptolemy.actor.util.CausalityInterfaceForComposites._computeOutputPortDepth(CausalityInterfaceForComposites.java:759)
	at ptolemy.actor.util.CausalityInterfaceForComposites._computeInputDepth(CausalityInterfaceForComposites.java:696)
	at ptolemy.actor.util.CausalityInterfaceForComposites._computeOutputPortDepth(CausalityInterfaceForComposites.java:765)
	at ptolemy.actor.util.CausalityInterfaceForComposites._computeInputDepth(CausalityInterfaceForComposites.java:696)
	at ptolemy.actor.util.CausalityInterfaceForComposites._computeOutputPortDepth(CausalityInterfaceForComposites.java:765)
	at ptolemy.actor.util.CausalityInterfaceForComposites._computeInputDepth(CausalityInterfaceForComposites.java:696)
	at ptolemy.actor.util.CausalityInterfaceForComposites._computeActorDepth(CausalityInterfaceForComposites.java:532)
	at ptolemy.actor.util.CausalityInterfaceForComposites.checkForCycles(CausalityInterfaceForComposites.java:96)
	at ptolemy.domains.de.kernel.DEDirector.preinitialize(DEDirector.java:1338)
	at ptolemy.actor.CompositeActor.preinitialize(CompositeActor.java:1828)
	at ptolemy.actor.Manager.preinitializeAndResolveTypes(Manager.java:1040)
	at ptolemy.actor.Manager.initialize(Manager.java:710)
	at ptolemy.actor.Manager.execute(Manager.java:356)
	at ptolemy.actor.Manager.run(Manager.java:1263)
	at ptolemy.actor.Manager$PtolemyRunThread.run(Manager.java:1933)

    while executing
ptolemy.kernel.util.IllegalActionException: Found a zero delay loop containing .HierarchicalModel.A
  in .HierarchicalModel and .HierarchicalModel.A
    while executing
"java::new ptolemy.moml.MoMLSimpleApplication $file
"
    (procedure "createAndExecute" line 2)
    invoked from within
"createAndExecute $file"
    ("uplevel" body line 5)
    invoked from within
"uplevel $contents_of_test"
------------------ testing $PTII/ptolemy/domains/de/test/auto/knownFailedTests/dependencyLoop2.xml (Known Failure) 
27 ms. Memory: 120832K Free: 106331K (88%)


==== $PTIIhome/travis/build/icyphy/ptII/ptolemy/domains/de/test/../../../../: Auto Automatic test in file $PTII/ptolemy/domains/de/test/auto/knownFailedTests/dependencyLoop2.xml
==== Contents of test case:

	    # FIXME: we should use $relativeFilename here, but it
	    # might have backslashes under Windows, which causes no end
	    # of trouble.
	    createAndExecute $file
	    list {}
	
.... Test generated KNOWN error:
    while executing
ptolemy.kernel.util.IllegalActionException: Found a zero delay loop containing .dependencyLoop2.original
  in .dependencyLoop2 and .dependencyLoop2.original
	at ptolemy.actor.util.CausalityInterfaceForComposites._computeOutputPortDepth(CausalityInterfaceForComposites.java:759)
	at ptolemy.actor.util.CausalityInterfaceForComposites._computeInputDepth(CausalityInterfaceForComposites.java:696)
	at ptolemy.actor.util.CausalityInterfaceForComposites._computeOutputPortDepth(CausalityInterfaceForComposites.java:765)
	at ptolemy.actor.util.CausalityInterfaceForComposites._computeInputDepth(CausalityInterfaceForComposites.java:696)
	at ptolemy.actor.util.CausalityInterfaceForComposites._computeOutputPortDepth(CausalityInterfaceForComposites.java:765)
	at ptolemy.actor.util.CausalityInterfaceForComposites._computeInputDepth(CausalityInterfaceForComposites.java:696)
	at ptolemy.actor.util.CausalityInterfaceForComposites._computeActorDepth(CausalityInterfaceForComposites.java:532)
	at ptolemy.actor.util.CausalityInterfaceForComposites.checkForCycles(CausalityInterfaceForComposites.java:96)
	at ptolemy.domains.de.kernel.DEDirector.preinitialize(DEDirector.java:1338)
	at ptolemy.actor.CompositeActor.preinitialize(CompositeActor.java:1828)
	at ptolemy.actor.Manager.preinitializeAndResolveTypes(Manager.java:1040)
	at ptolemy.actor.Manager.initialize(Manager.java:710)
	at ptolemy.actor.Manager.execute(Manager.java:356)
	at ptolemy.actor.Manager.run(Manager.java:1263)
	at ptolemy.actor.Manager$PtolemyRunThread.run(Manager.java:1933)

    while executing
ptolemy.kernel.util.IllegalActionException: Found a zero delay loop containing .dependencyLoop2.original
  in .dependencyLoop2 and .dependencyLoop2.original
    while executing
"java::new ptolemy.moml.MoMLSimpleApplication $file
"
    (procedure "createAndExecute" line 2)
    invoked from within
"createAndExecute $file"
    ("uplevel" body line 5)
    invoked from within
"uplevel $contents_of_test"
------------------ testing $PTII/ptolemy/domains/de/test/auto/knownFailedTests/DESDFClockTest.xml (Known Failure) 
2064 ms. Memory: 120832K Free: 92683K (77%)


==== $PTIIhome/travis/build/icyphy/ptII/ptolemy/domains/de/test/../../../../: Auto Automatic test in file $PTII/ptolemy/domains/de/test/auto/knownFailedTests/DESDFClockTest.xml
==== Contents of test case:

	    # FIXME: we should use $relativeFilename here, but it
	    # might have backslashes under Windows, which causes no end
	    # of trouble.
	    createAndExecute $file
	    list {}
	
.... Test generated KNOWN error:
    while executing
ptolemy.kernel.util.IllegalActionException: Actor is not ready to fire.  Perhaps UpSample.prefire() returned false? Try debugging the actor by selecting "Listen to Actor".  Also, for SDF check moml for tokenConsumptionRate on input.
  in .DESDFClockTest.Play Bell.Copy1:SDF Director and .DESDFClockTest.Play Bell.UpSample
	at ptolemy.actor.sched.StaticSchedulingDirector.fire(StaticSchedulingDirector.java:227)
	at ptolemy.domains.sdf.kernel.SDFDirector.fire(SDFDirector.java:500)
	at ptolemy.actor.CompositeActor.fire(CompositeActor.java:455)
	at ptolemy.domains.de.kernel.DEDirector._fire(DEDirector.java:1949)
	at ptolemy.domains.de.kernel.DEDirector.fire(DEDirector.java:502)
	at ptolemy.actor.CompositeActor.fire(CompositeActor.java:455)
	at ptolemy.actor.Manager.iterate(Manager.java:851)
	at ptolemy.actor.Manager.execute(Manager.java:369)
	at ptolemy.actor.Manager.run(Manager.java:1263)
	at ptolemy.actor.Manager$PtolemyRunThread.run(Manager.java:1933)

    while executing
ptolemy.kernel.util.IllegalActionException: Actor is not ready to fire.  Perhaps UpSample.prefire() returned false? Try debugging the actor by selecting "Listen to Actor".  Also, for SDF check moml for tokenConsumptionRate on input.
  in .DESDFClockTest.Play Bell.Copy1:SDF Director and .DESDFClockTest.Play Bell.UpSample
    while executing
"java::new ptolemy.moml.MoMLSimpleApplication $file
"
    (procedure "createAndExecute" line 2)
    invoked from within
"createAndExecute $file"
    ("uplevel" body line 5)
    invoked from within
"uplevel $contents_of_test"
------------------ testing $PTII/ptolemy/domains/de/test/auto/ActorDepthCalculation_actorWithoutPorts.xml
auto.tcl: Setting watchdog for 200 seconds at Sun Dec 08 06:21:41 UTC 2019
5 ms. Memory: 120832K Free: 85861K (71%)
ptolemy.util.test.WatchDog.cancel(): canceling Sun Dec 08 06:21:41 UTC 2019
auto.tcl: Setting watchdog for 200 seconds at Sun Dec 08 06:21:41 UTC 2019
5 ms. Memory: 120832K Free: 84220K (70%)
ptolemy.util.test.WatchDog.cancel(): canceling Sun Dec 08 06:21:41 UTC 2019
------------------ testing $PTII/ptolemy/domains/de/test/auto/AssemblyLine.xml
auto.tcl: Setting watchdog for 200 seconds at Sun Dec 08 06:21:41 UTC 2019
7 ms. Memory: 48128K Free: 26050K (54%)
ptolemy.util.test.WatchDog.cancel(): canceling Sun Dec 08 06:21:41 UTC 2019
auto.tcl: Setting watchdog for 200 seconds at Sun Dec 08 06:21:41 UTC 2019
10 ms. Memory: 48128K Free: 25298K (53%)
ptolemy.util.test.WatchDog.cancel(): canceling Sun Dec 08 06:21:41 UTC 2019
------------------ testing $PTII/ptolemy/domains/de/test/auto/CQBug1.xml
auto.tcl: Setting watchdog for 200 seconds at Sun Dec 08 06:21:41 UTC 2019
13 ms. Memory: 48128K Free: 31466K (65%)
ptolemy.util.test.WatchDog.cancel(): canceling Sun Dec 08 06:21:41 UTC 2019
auto.tcl: Setting watchdog for 200 seconds at Sun Dec 08 06:21:41 UTC 2019
2 ms. Memory: 48128K Free: 31032K (64%)
ptolemy.util.test.WatchDog.cancel(): canceling Sun Dec 08 06:21:41 UTC 2019
------------------ testing $PTII/ptolemy/domains/de/test/auto/CancelFireAt.xml
auto.tcl: Setting watchdog for 200 seconds at Sun Dec 08 06:21:41 UTC 2019
2 ms. Memory: 45056K Free: 29757K (66%)
ptolemy.util.test.WatchDog.cancel(): canceling Sun Dec 08 06:21:41 UTC 2019
auto.tcl: Setting watchdog for 200 seconds at Sun Dec 08 06:21:41 UTC 2019
2 ms. Memory: 45056K Free: 29325K (65%)
ptolemy.util.test.WatchDog.cancel(): canceling Sun Dec 08 06:21:41 UTC 2019
------------------ testing $PTII/ptolemy/domains/de/test/auto/CausalityAndComposabilityAnalysis.xml
auto.tcl: Setting watchdog for 200 seconds at Sun Dec 08 06:21:41 UTC 2019
7 ms. Memory: 45056K Free: 27456K (61%)
ptolemy.util.test.WatchDog.cancel(): canceling Sun Dec 08 06:21:41 UTC 2019
auto.tcl: Setting watchdog for 200 seconds at Sun Dec 08 06:21:41 UTC 2019
9 ms. Memory: 45056K Free: 27025K (60%)
ptolemy.util.test.WatchDog.cancel(): canceling Sun Dec 08 06:21:41 UTC 2019
------------------ testing $PTII/ptolemy/domains/de/test/auto/CausalityInterface1.xml
auto.tcl: Setting watchdog for 200 seconds at Sun Dec 08 06:21:41 UTC 2019
29 ms. Memory: 45056K Free: 26376K (59%)
ptolemy.util.test.WatchDog.cancel(): canceling Sun Dec 08 06:21:42 UTC 2019
auto.tcl: Setting watchdog for 200 seconds at Sun Dec 08 06:21:42 UTC 2019
4 ms. Memory: 45056K Free: 25407K (56%)
ptolemy.util.test.WatchDog.cancel(): canceling Sun Dec 08 06:21:42 UTC 2019
------------------ testing $PTII/ptolemy/domains/de/test/auto/CausalityInterface15.xml
auto.tcl: Setting watchdog for 200 seconds at Sun Dec 08 06:21:42 UTC 2019
10 ms. Memory: 45056K Free: 26320K (58%)
ptolemy.util.test.WatchDog.cancel(): canceling Sun Dec 08 06:21:42 UTC 2019
auto.tcl: Setting watchdog for 200 seconds at Sun Dec 08 06:21:42 UTC 2019
4 ms. Memory: 45056K Free: 25341K (56%)
ptolemy.util.test.WatchDog.cancel(): canceling Sun Dec 08 06:21:42 UTC 2019
------------------ testing $PTII/ptolemy/domains/de/test/auto/CausalityInterface2.xml
auto.tcl: Setting watchdog for 200 seconds at Sun Dec 08 06:21:42 UTC 2019
6 ms. Memory: 45056K Free: 27040K (60%)
ptolemy.util.test.WatchDog.cancel(): canceling Sun Dec 08 06:21:42 UTC 2019
auto.tcl: Setting watchdog for 200 seconds at Sun Dec 08 06:21:42 UTC 2019
3 ms. Memory: 45056K Free: 26333K (58%)
ptolemy.util.test.WatchDog.cancel(): canceling Sun Dec 08 06:21:42 UTC 2019
------------------ testing $PTII/ptolemy/domains/de/test/auto/CausalityInterface3.xml
auto.tcl: Setting watchdog for 200 seconds at Sun Dec 08 06:21:42 UTC 2019
7 ms. Memory: 45056K Free: 26564K (59%)
ptolemy.util.test.WatchDog.cancel(): canceling Sun Dec 08 06:21:42 UTC 2019
auto.tcl: Setting watchdog for 200 seconds at Sun Dec 08 06:21:42 UTC 2019
3 ms. Memory: 45056K Free: 25984K (58%)
ptolemy.util.test.WatchDog.cancel(): canceling Sun Dec 08 06:21:42 UTC 2019
------------------ testing $PTII/ptolemy/domains/de/test/auto/ClockDrift.xml
auto.tcl: Setting watchdog for 200 seconds at Sun Dec 08 06:21:42 UTC 2019
103 ms. Memory: 45056K Free: 19157K (43%)
ptolemy.util.test.WatchDog.cancel(): canceling Sun Dec 08 06:21:42 UTC 2019
auto.tcl: Setting watchdog for 200 seconds at Sun Dec 08 06:21:42 UTC 2019
47 ms. Memory: 45056K Free: 16138K (36%)
ptolemy.util.test.WatchDog.cancel(): canceling Sun Dec 08 06:21:42 UTC 2019
------------------ testing $PTII/ptolemy/domains/de/test/auto/ClockDriftAndValueChange.xml
auto.tcl: Setting watchdog for 200 seconds at Sun Dec 08 06:21:42 UTC 2019
42 ms. Memory: 45056K Free: 19225K (43%)
ptolemy.util.test.WatchDog.cancel(): canceling Sun Dec 08 06:21:42 UTC 2019
auto.tcl: Setting watchdog for 200 seconds at Sun Dec 08 06:21:42 UTC 2019
18 ms. Memory: 45056K Free: 16381K (36%)
ptolemy.util.test.WatchDog.cancel(): canceling Sun Dec 08 06:21:42 UTC 2019
------------------ testing $PTII/ptolemy/domains/de/test/auto/ClockDriftChange.xml
auto.tcl: Setting watchdog for 200 seconds at Sun Dec 08 06:21:42 UTC 2019
26 ms. Memory: 45056K Free: 21271K (47%)
ptolemy.util.test.WatchDog.cancel(): canceling Sun Dec 08 06:21:42 UTC 2019
auto.tcl: Setting watchdog for 200 seconds at Sun Dec 08 06:21:42 UTC 2019
29 ms. Memory: 45056K Free: 18714K (42%)
ptolemy.util.test.WatchDog.cancel(): canceling Sun Dec 08 06:21:42 UTC 2019
------------------ testing $PTII/ptolemy/domains/de/test/auto/ComposableCausalityAnalysis.xml
auto.tcl: Setting watchdog for 200 seconds at Sun Dec 08 06:21:42 UTC 2019
5 ms. Memory: 45056K Free: 25927K (58%)
ptolemy.util.test.WatchDog.cancel(): canceling Sun Dec 08 06:21:42 UTC 2019
auto.tcl: Setting watchdog for 200 seconds at Sun Dec 08 06:21:42 UTC 2019
3 ms. Memory: 45056K Free: 24853K (55%)
ptolemy.util.test.WatchDog.cancel(): canceling Sun Dec 08 06:21:42 UTC 2019
------------------ testing $PTII/ptolemy/domains/de/test/auto/DEFixedPointLimitation.xml
auto.tcl: Setting watchdog for 200 seconds at Sun Dec 08 06:21:42 UTC 2019
4 ms. Memory: 45056K Free: 27272K (61%)
ptolemy.util.test.WatchDog.cancel(): canceling Sun Dec 08 06:21:43 UTC 2019
auto.tcl: Setting watchdog for 200 seconds at Sun Dec 08 06:21:43 UTC 2019
2 ms. Memory: 45056K Free: 26352K (58%)
ptolemy.util.test.WatchDog.cancel(): canceling Sun Dec 08 06:21:43 UTC 2019
------------------ testing $PTII/ptolemy/domains/de/test/auto/DEScheduleTest.xml
auto.tcl: Setting watchdog for 200 seconds at Sun Dec 08 06:21:43 UTC 2019
6 ms. Memory: 45056K Free: 27541K (61%)
ptolemy.util.test.WatchDog.cancel(): canceling Sun Dec 08 06:21:43 UTC 2019
auto.tcl: Setting watchdog for 200 seconds at Sun Dec 08 06:21:43 UTC 2019
2 ms. Memory: 45056K Free: 26783K (59%)
ptolemy.util.test.WatchDog.cancel(): canceling Sun Dec 08 06:21:43 UTC 2019
------------------ testing $PTII/ptolemy/domains/de/test/auto/DEinDEwithStartTimes.xml
auto.tcl: Setting watchdog for 200 seconds at Sun Dec 08 06:21:43 UTC 2019
4 ms. Memory: 45056K Free: 25711K (57%)
ptolemy.util.test.WatchDog.cancel(): canceling Sun Dec 08 06:21:43 UTC 2019
auto.tcl: Setting watchdog for 200 seconds at Sun Dec 08 06:21:43 UTC 2019
4 ms. Memory: 45056K Free: 24304K (54%)
ptolemy.util.test.WatchDog.cancel(): canceling Sun Dec 08 06:21:43 UTC 2019
------------------ testing $PTII/ptolemy/domains/de/test/auto/DEinDEwithStartTimes2.xml
auto.tcl: Setting watchdog for 200 seconds at Sun Dec 08 06:21:43 UTC 2019
6 ms. Memory: 45056K Free: 24922K (55%)
ptolemy.util.test.WatchDog.cancel(): canceling Sun Dec 08 06:21:43 UTC 2019
auto.tcl: Setting watchdog for 200 seconds at Sun Dec 08 06:21:43 UTC 2019
5 ms. Memory: 45056K Free: 23624K (52%)
ptolemy.util.test.WatchDog.cancel(): canceling Sun Dec 08 06:21:43 UTC 2019
------------------ testing $PTII/ptolemy/domains/de/test/auto/DateDemo.xml
auto.tcl: Setting watchdog for 200 seconds at Sun Dec 08 06:21:43 UTC 2019
24 ms. Memory: 45056K Free: 19285K (43%)
ptolemy.util.test.WatchDog.cancel(): canceling Sun Dec 08 06:21:43 UTC 2019
auto.tcl: Setting watchdog for 200 seconds at Sun Dec 08 06:21:43 UTC 2019
13 ms. Memory: 45056K Free: 17744K (39%)
ptolemy.util.test.WatchDog.cancel(): canceling Sun Dec 08 06:21:43 UTC 2019
------------------ testing $PTII/ptolemy/domains/de/test/auto/DateToEvent.xml
auto.tcl: Setting watchdog for 200 seconds at Sun Dec 08 06:21:43 UTC 2019
2014 ms. Memory: 45056K Free: 15188K (34%)
ptolemy.util.test.WatchDog.cancel(): canceling Sun Dec 08 06:21:45 UTC 2019
auto.tcl: Setting watchdog for 200 seconds at Sun Dec 08 06:21:45 UTC 2019
2004 ms. Memory: 45056K Free: 14445K (32%)
ptolemy.util.test.WatchDog.cancel(): canceling Sun Dec 08 06:21:47 UTC 2019
------------------ testing $PTII/ptolemy/domains/de/test/auto/DepthTest1.xml
auto.tcl: Setting watchdog for 200 seconds at Sun Dec 08 06:21:47 UTC 2019
4 ms. Memory: 45056K Free: 28477K (63%)
ptolemy.util.test.WatchDog.cancel(): canceling Sun Dec 08 06:21:47 UTC 2019
auto.tcl: Setting watchdog for 200 seconds at Sun Dec 08 06:21:47 UTC 2019
1 ms. Memory: 45056K Free: 27969K (62%)
ptolemy.util.test.WatchDog.cancel(): canceling Sun Dec 08 06:21:47 UTC 2019
------------------ testing $PTII/ptolemy/domains/de/test/auto/DepthTest2.xml
auto.tcl: Setting watchdog for 200 seconds at Sun Dec 08 06:21:47 UTC 2019
6 ms. Memory: 45056K Free: 25186K (56%)
ptolemy.util.test.WatchDog.cancel(): canceling Sun Dec 08 06:21:47 UTC 2019
auto.tcl: Setting watchdog for 200 seconds at Sun Dec 08 06:21:47 UTC 2019
2 ms. Memory: 45056K Free: 24663K (55%)
ptolemy.util.test.WatchDog.cancel(): canceling Sun Dec 08 06:21:47 UTC 2019
------------------ testing $PTII/ptolemy/domains/de/test/auto/DepthTest3.xml
auto.tcl: Setting watchdog for 200 seconds at Sun Dec 08 06:21:47 UTC 2019
3 ms. Memory: 45056K Free: 28666K (64%)
ptolemy.util.test.WatchDog.cancel(): canceling Sun Dec 08 06:21:47 UTC 2019
auto.tcl: Setting watchdog for 200 seconds at Sun Dec 08 06:21:47 UTC 2019
2 ms. Memory: 45056K Free: 28283K (63%)
ptolemy.util.test.WatchDog.cancel(): canceling Sun Dec 08 06:21:47 UTC 2019
------------------ testing $PTII/ptolemy/domains/de/test/auto/DepthTest4.xml
auto.tcl: Setting watchdog for 200 seconds at Sun Dec 08 06:21:47 UTC 2019
3 ms. Memory: 45056K Free: 27023K (60%)
ptolemy.util.test.WatchDog.cancel(): canceling Sun Dec 08 06:21:47 UTC 2019
auto.tcl: Setting watchdog for 200 seconds at Sun Dec 08 06:21:47 UTC 2019
2 ms. Memory: 45056K Free: 26296K (58%)
ptolemy.util.test.WatchDog.cancel(): canceling Sun Dec 08 06:21:47 UTC 2019
------------------ testing $PTII/ptolemy/domains/de/test/auto/DepthTest5.xml
auto.tcl: Setting watchdog for 200 seconds at Sun Dec 08 06:21:47 UTC 2019
3 ms. Memory: 45056K Free: 26177K (58%)
ptolemy.util.test.WatchDog.cancel(): canceling Sun Dec 08 06:21:47 UTC 2019
auto.tcl: Setting watchdog for 200 seconds at Sun Dec 08 06:21:47 UTC 2019
3 ms. Memory: 45056K Free: 25796K (57%)
ptolemy.util.test.WatchDog.cancel(): canceling Sun Dec 08 06:21:47 UTC 2019
------------------ testing $PTII/ptolemy/domains/de/test/auto/DepthTest6.xml
auto.tcl: Setting watchdog for 200 seconds at Sun Dec 08 06:21:47 UTC 2019
3 ms. Memory: 45056K Free: 26119K (58%)
ptolemy.util.test.WatchDog.cancel(): canceling Sun Dec 08 06:21:47 UTC 2019
auto.tcl: Setting watchdog for 200 seconds at Sun Dec 08 06:21:47 UTC 2019
3 ms. Memory: 45056K Free: 25605K (57%)
ptolemy.util.test.WatchDog.cancel(): canceling Sun Dec 08 06:21:47 UTC 2019
------------------ testing $PTII/ptolemy/domains/de/test/auto/DepthTest7.xml
auto.tcl: Setting watchdog for 200 seconds at Sun Dec 08 06:21:47 UTC 2019
3 ms. Memory: 45056K Free: 26954K (60%)
ptolemy.util.test.WatchDog.cancel(): canceling Sun Dec 08 06:21:48 UTC 2019
auto.tcl: Setting watchdog for 200 seconds at Sun Dec 08 06:21:48 UTC 2019
2 ms. Memory: 45056K Free: 26222K (58%)
ptolemy.util.test.WatchDog.cancel(): canceling Sun Dec 08 06:21:48 UTC 2019
------------------ testing $PTII/ptolemy/domains/de/test/auto/EventToDate.xml
auto.tcl: Setting watchdog for 200 seconds at Sun Dec 08 06:21:48 UTC 2019
3005 ms. Memory: 45056K Free: 17746K (39%)
ptolemy.util.test.WatchDog.cancel(): canceling Sun Dec 08 06:21:51 UTC 2019
auto.tcl: Setting watchdog for 200 seconds at Sun Dec 08 06:21:51 UTC 2019
3004 ms. Memory: 45056K Free: 17065K (38%)
ptolemy.util.test.WatchDog.cancel(): canceling Sun Dec 08 06:21:54 UTC 2019
------------------ testing $PTII/ptolemy/domains/de/test/auto/FSM1.xml
auto.tcl: Setting watchdog for 200 seconds at Sun Dec 08 06:21:54 UTC 2019
18 ms. Memory: 45056K Free: 18474K (41%)
ptolemy.util.test.WatchDog.cancel(): canceling Sun Dec 08 06:21:54 UTC 2019
auto.tcl: Setting watchdog for 200 seconds at Sun Dec 08 06:21:54 UTC 2019
35 ms. Memory: 45056K Free: 15337K (34%)
ptolemy.util.test.WatchDog.cancel(): canceling Sun Dec 08 06:21:54 UTC 2019
------------------ testing $PTII/ptolemy/domains/de/test/auto/FSM7.xml
auto.tcl: Setting watchdog for 200 seconds at Sun Dec 08 06:21:54 UTC 2019
16 ms. Memory: 45056K Free: 18661K (41%)
ptolemy.util.test.WatchDog.cancel(): canceling Sun Dec 08 06:21:54 UTC 2019
auto.tcl: Setting watchdog for 200 seconds at Sun Dec 08 06:21:54 UTC 2019
15 ms. Memory: 45056K Free: 15493K (34%)
ptolemy.util.test.WatchDog.cancel(): canceling Sun Dec 08 06:21:54 UTC 2019
------------------ testing $PTII/ptolemy/domains/de/test/auto/Inspection.xml
auto.tcl: Setting watchdog for 200 seconds at Sun Dec 08 06:21:54 UTC 2019
30 ms. Memory: 45056K Free: 18711K (42%)
ptolemy.util.test.WatchDog.cancel(): canceling Sun Dec 08 06:21:54 UTC 2019
auto.tcl: Setting watchdog for 200 seconds at Sun Dec 08 06:21:54 UTC 2019
28 ms. Memory: 45056K Free: 16958K (38%)
ptolemy.util.test.WatchDog.cancel(): canceling Sun Dec 08 06:21:54 UTC 2019
------------------ testing $PTII/ptolemy/domains/de/test/auto/Iteration.xml
auto.tcl: Setting watchdog for 200 seconds at Sun Dec 08 06:21:54 UTC 2019
7 ms. Memory: 45056K Free: 24445K (54%)
ptolemy.util.test.WatchDog.cancel(): canceling Sun Dec 08 06:21:54 UTC 2019
auto.tcl: Setting watchdog for 200 seconds at Sun Dec 08 06:21:54 UTC 2019
5 ms. Memory: 45056K Free: 23015K (51%)
ptolemy.util.test.WatchDog.cancel(): canceling Sun Dec 08 06:21:54 UTC 2019
------------------ testing $PTII/ptolemy/domains/de/test/auto/LineFault.xml
auto.tcl: Setting watchdog for 200 seconds at Sun Dec 08 06:21:54 UTC 2019
604 ms. Memory: 56320K Free: 20093K (36%)
ptolemy.util.test.WatchDog.cancel(): canceling Sun Dec 08 06:21:55 UTC 2019
auto.tcl: Setting watchdog for 200 seconds at Sun Dec 08 06:21:55 UTC 2019
691 ms. Memory: 56320K Free: 18079K (32%)
ptolemy.util.test.WatchDog.cancel(): canceling Sun Dec 08 06:21:56 UTC 2019
------------------ testing $PTII/ptolemy/domains/de/test/auto/MergeModel1Add.xml
auto.tcl: Setting watchdog for 200 seconds at Sun Dec 08 06:21:56 UTC 2019
34 ms. Memory: 51200K Free: 16509K (32%)
ptolemy.util.test.WatchDog.cancel(): canceling Sun Dec 08 06:21:56 UTC 2019
auto.tcl: Setting watchdog for 200 seconds at Sun Dec 08 06:21:56 UTC 2019
13 ms. Memory: 51200K Free: 14868K (29%)
ptolemy.util.test.WatchDog.cancel(): canceling Sun Dec 08 06:21:56 UTC 2019
------------------ testing $PTII/ptolemy/domains/de/test/auto/MergeModel2Add.xml
auto.tcl: Setting watchdog for 200 seconds at Sun Dec 08 06:21:56 UTC 2019
13 ms. Memory: 48128K Free: 15206K (32%)
ptolemy.util.test.WatchDog.cancel(): canceling Sun Dec 08 06:21:56 UTC 2019
auto.tcl: Setting watchdog for 200 seconds at Sun Dec 08 06:21:56 UTC 2019
10 ms. Memory: 48128K Free: 13515K (28%)
ptolemy.util.test.WatchDog.cancel(): canceling Sun Dec 08 06:21:56 UTC 2019
------------------ testing $PTII/ptolemy/domains/de/test/auto/MergeModel3Add.xml
auto.tcl: Setting watchdog for 200 seconds at Sun Dec 08 06:21:56 UTC 2019
8 ms. Memory: 48128K Free: 15483K (32%)
ptolemy.util.test.WatchDog.cancel(): canceling Sun Dec 08 06:21:56 UTC 2019
auto.tcl: Setting watchdog for 200 seconds at Sun Dec 08 06:21:56 UTC 2019
8 ms. Memory: 48128K Free: 14017K (29%)
ptolemy.util.test.WatchDog.cancel(): canceling Sun Dec 08 06:21:56 UTC 2019
------------------ testing $PTII/ptolemy/domains/de/test/auto/MergeWithoutDiscard.xml
auto.tcl: Setting watchdog for 200 seconds at Sun Dec 08 06:21:56 UTC 2019
1 ms. Memory: 48128K Free: 30365K (63%)
ptolemy.util.test.WatchDog.cancel(): canceling Sun Dec 08 06:21:56 UTC 2019
auto.tcl: Setting watchdog for 200 seconds at Sun Dec 08 06:21:56 UTC 2019
1 ms. Memory: 48128K Free: 29471K (61%)
ptolemy.util.test.WatchDog.cancel(): canceling Sun Dec 08 06:21:56 UTC 2019
------------------ testing $PTII/ptolemy/domains/de/test/auto/Modal1.xml
auto.tcl: Setting watchdog for 200 seconds at Sun Dec 08 06:21:56 UTC 2019
20 ms. Memory: 48128K Free: 22226K (46%)
ptolemy.util.test.WatchDog.cancel(): canceling Sun Dec 08 06:21:56 UTC 2019
auto.tcl: Setting watchdog for 200 seconds at Sun Dec 08 06:21:56 UTC 2019
19 ms. Memory: 48128K Free: 18964K (39%)
ptolemy.util.test.WatchDog.cancel(): canceling Sun Dec 08 06:21:56 UTC 2019
------------------ testing $PTII/ptolemy/domains/de/test/auto/Modal2.xml
auto.tcl: Setting watchdog for 200 seconds at Sun Dec 08 06:21:56 UTC 2019
19 ms. Memory: 48128K Free: 22102K (46%)
ptolemy.util.test.WatchDog.cancel(): canceling Sun Dec 08 06:21:56 UTC 2019
auto.tcl: Setting watchdog for 200 seconds at Sun Dec 08 06:21:56 UTC 2019
15 ms. Memory: 48128K Free: 18858K (39%)
ptolemy.util.test.WatchDog.cancel(): canceling Sun Dec 08 06:21:56 UTC 2019
------------------ testing $PTII/ptolemy/domains/de/test/auto/Modal3.xml
auto.tcl: Setting watchdog for 200 seconds at Sun Dec 08 06:21:56 UTC 2019
10 ms. Memory: 48128K Free: 22071K (46%)
ptolemy.util.test.WatchDog.cancel(): canceling Sun Dec 08 06:21:57 UTC 2019
auto.tcl: Setting watchdog for 200 seconds at Sun Dec 08 06:21:57 UTC 2019
11 ms. Memory: 48128K Free: 18843K (39%)
ptolemy.util.test.WatchDog.cancel(): canceling Sun Dec 08 06:21:57 UTC 2019
------------------ testing $PTII/ptolemy/domains/de/test/auto/Modal4.xml
auto.tcl: Setting watchdog for 200 seconds at Sun Dec 08 06:21:57 UTC 2019
20 ms. Memory: 48128K Free: 21055K (44%)
ptolemy.util.test.WatchDog.cancel(): canceling Sun Dec 08 06:21:57 UTC 2019
auto.tcl: Setting watchdog for 200 seconds at Sun Dec 08 06:21:57 UTC 2019
16 ms. Memory: 48128K Free: 17236K (36%)
ptolemy.util.test.WatchDog.cancel(): canceling Sun Dec 08 06:21:57 UTC 2019
------------------ testing $PTII/ptolemy/domains/de/test/auto/Modal5.xml
auto.tcl: Setting watchdog for 200 seconds at Sun Dec 08 06:21:57 UTC 2019
15 ms. Memory: 48128K Free: 21028K (44%)
ptolemy.util.test.WatchDog.cancel(): canceling Sun Dec 08 06:21:57 UTC 2019
auto.tcl: Setting watchdog for 200 seconds at Sun Dec 08 06:21:57 UTC 2019
13 ms. Memory: 48128K Free: 17223K (36%)
ptolemy.util.test.WatchDog.cancel(): canceling Sun Dec 08 06:21:57 UTC 2019
------------------ testing $PTII/ptolemy/domains/de/test/auto/Modal6.xml
auto.tcl: Setting watchdog for 200 seconds at Sun Dec 08 06:21:57 UTC 2019
18 ms. Memory: 48128K Free: 21811K (45%)
ptolemy.util.test.WatchDog.cancel(): canceling Sun Dec 08 06:21:57 UTC 2019
auto.tcl: Setting watchdog for 200 seconds at Sun Dec 08 06:21:57 UTC 2019
15 ms. Memory: 48128K Free: 17849K (37%)
ptolemy.util.test.WatchDog.cancel(): canceling Sun Dec 08 06:21:57 UTC 2019
------------------ testing $PTII/ptolemy/domains/de/test/auto/Modal7.xml
auto.tcl: Setting watchdog for 200 seconds at Sun Dec 08 06:21:57 UTC 2019
9 ms. Memory: 48128K Free: 21028K (44%)
ptolemy.util.test.WatchDog.cancel(): canceling Sun Dec 08 06:21:57 UTC 2019
auto.tcl: Setting watchdog for 200 seconds at Sun Dec 08 06:21:57 UTC 2019
9 ms. Memory: 48128K Free: 17406K (36%)
ptolemy.util.test.WatchDog.cancel(): canceling Sun Dec 08 06:21:57 UTC 2019
------------------ testing $PTII/ptolemy/domains/de/test/auto/ModalModel.xml
auto.tcl: Setting watchdog for 200 seconds at Sun Dec 08 06:21:57 UTC 2019
175 ms. Memory: 48128K Free: 15346K (32%)
ptolemy.util.test.WatchDog.cancel(): canceling Sun Dec 08 06:21:57 UTC 2019
auto.tcl: Setting watchdog for 200 seconds at Sun Dec 08 06:21:57 UTC 2019
235 ms. Memory: 59392K Free: 22085K (37%)
ptolemy.util.test.WatchDog.cancel(): canceling Sun Dec 08 06:21:58 UTC 2019
------------------ testing $PTII/ptolemy/domains/de/test/auto/ModalSource.xml
auto.tcl: Setting watchdog for 200 seconds at Sun Dec 08 06:21:58 UTC 2019
9 ms. Memory: 51200K Free: 28968K (57%)
ptolemy.util.test.WatchDog.cancel(): canceling Sun Dec 08 06:21:58 UTC 2019
auto.tcl: Setting watchdog for 200 seconds at Sun Dec 08 06:21:58 UTC 2019
5 ms. Memory: 51200K Free: 26920K (53%)
ptolemy.util.test.WatchDog.cancel(): canceling Sun Dec 08 06:21:58 UTC 2019
------------------ testing $PTII/ptolemy/domains/de/test/auto/NonInterruptibleTimerZeroDelay.xml
auto.tcl: Setting watchdog for 200 seconds at Sun Dec 08 06:21:58 UTC 2019
3 ms. Memory: 51200K Free: 33873K (66%)
ptolemy.util.test.WatchDog.cancel(): canceling Sun Dec 08 06:21:58 UTC 2019
auto.tcl: Setting watchdog for 200 seconds at Sun Dec 08 06:21:58 UTC 2019
2 ms. Memory: 51200K Free: 33233K (65%)
ptolemy.util.test.WatchDog.cancel(): canceling Sun Dec 08 06:21:58 UTC 2019
------------------ testing $PTII/ptolemy/domains/de/test/auto/OpenQueueingNetwork.xml
auto.tcl: Setting watchdog for 200 seconds at Sun Dec 08 06:21:58 UTC 2019
3013 ms. Memory: 104448K Free: 77004K (74%)
ptolemy.util.test.WatchDog.cancel(): canceling Sun Dec 08 06:22:01 UTC 2019
auto.tcl: Setting watchdog for 200 seconds at Sun Dec 08 06:22:01 UTC 2019
2621 ms. Memory: 128000K Free: 38653K (30%)
ptolemy.util.test.WatchDog.cancel(): canceling Sun Dec 08 06:22:03 UTC 2019
------------------ testing $PTII/ptolemy/domains/de/test/auto/OpenQueuingNetwork.xml
auto.tcl: Setting watchdog for 200 seconds at Sun Dec 08 06:22:04 UTC 2019
273 ms. Memory: 66560K Free: 37155K (56%)
ptolemy.util.test.WatchDog.cancel(): canceling Sun Dec 08 06:22:04 UTC 2019
auto.tcl: Setting watchdog for 200 seconds at Sun Dec 08 06:22:04 UTC 2019
254 ms. Memory: 66560K Free: 22279K (33%)
ptolemy.util.test.WatchDog.cancel(): canceling Sun Dec 08 06:22:04 UTC 2019
------------------ testing $PTII/ptolemy/domains/de/test/auto/PeriodicSampler.xml
auto.tcl: Setting watchdog for 200 seconds at Sun Dec 08 06:22:04 UTC 2019
3 ms. Memory: 48128K Free: 30029K (62%)
ptolemy.util.test.WatchDog.cancel(): canceling Sun Dec 08 06:22:04 UTC 2019
auto.tcl: Setting watchdog for 200 seconds at Sun Dec 08 06:22:04 UTC 2019
2 ms. Memory: 48128K Free: 29524K (61%)
ptolemy.util.test.WatchDog.cancel(): canceling Sun Dec 08 06:22:04 UTC 2019
------------------ testing $PTII/ptolemy/domains/de/test/auto/PersistentIO.xml
auto.tcl: Setting watchdog for 200 seconds at Sun Dec 08 06:22:04 UTC 2019
5 ms. Memory: 48128K Free: 24954K (52%)
ptolemy.util.test.WatchDog.cancel(): canceling Sun Dec 08 06:22:04 UTC 2019
auto.tcl: Setting watchdog for 200 seconds at Sun Dec 08 06:22:04 UTC 2019
5 ms. Memory: 48128K Free: 23478K (49%)
ptolemy.util.test.WatchDog.cancel(): canceling Sun Dec 08 06:22:04 UTC 2019
------------------ testing $PTII/ptolemy/domains/de/test/auto/PortParameterResetOnInitialize.xml
auto.tcl: Setting watchdog for 200 seconds at Sun Dec 08 06:22:04 UTC 2019
2 ms. Memory: 48128K Free: 29946K (62%)
ptolemy.util.test.WatchDog.cancel(): canceling Sun Dec 08 06:22:04 UTC 2019
auto.tcl: Setting watchdog for 200 seconds at Sun Dec 08 06:22:04 UTC 2019
2 ms. Memory: 48128K Free: 29451K (61%)
ptolemy.util.test.WatchDog.cancel(): canceling Sun Dec 08 06:22:04 UTC 2019
------------------ testing $PTII/ptolemy/domains/de/test/auto/PortParameterUpdates.xml
auto.tcl: Setting watchdog for 200 seconds at Sun Dec 08 06:22:04 UTC 2019
3 ms. Memory: 48128K Free: 28268K (59%)
ptolemy.util.test.WatchDog.cancel(): canceling Sun Dec 08 06:22:04 UTC 2019
auto.tcl: Setting watchdog for 200 seconds at Sun Dec 08 06:22:04 UTC 2019
4 ms. Memory: 48128K Free: 27045K (56%)
ptolemy.util.test.WatchDog.cancel(): canceling Sun Dec 08 06:22:04 UTC 2019
------------------ testing $PTII/ptolemy/domains/de/test/auto/QueueAndServer.xml
auto.tcl: Setting watchdog for 200 seconds at Sun Dec 08 06:22:05 UTC 2019
14 ms. Memory: 48128K Free: 26955K (56%)
ptolemy.util.test.WatchDog.cancel(): canceling Sun Dec 08 06:22:05 UTC 2019
auto.tcl: Setting watchdog for 200 seconds at Sun Dec 08 06:22:05 UTC 2019
6 ms. Memory: 48128K Free: 25508K (53%)
ptolemy.util.test.WatchDog.cancel(): canceling Sun Dec 08 06:22:05 UTC 2019
------------------ testing $PTII/ptolemy/domains/de/test/auto/Records.xml
auto.tcl: Setting watchdog for 200 seconds at Sun Dec 08 06:22:05 UTC 2019
4 ms. Memory: 48128K Free: 29481K (61%)
ptolemy.util.test.WatchDog.cancel(): canceling Sun Dec 08 06:22:05 UTC 2019
auto.tcl: Setting watchdog for 200 seconds at Sun Dec 08 06:22:05 UTC 2019
2 ms. Memory: 48128K Free: 28998K (60%)
ptolemy.util.test.WatchDog.cancel(): canceling Sun Dec 08 06:22:05 UTC 2019
------------------ testing $PTII/ptolemy/domains/de/test/auto/ResetTransitionWithStartTime1.xml
auto.tcl: Setting watchdog for 200 seconds at Sun Dec 08 06:22:05 UTC 2019
13 ms. Memory: 48128K Free: 26437K (55%)
ptolemy.util.test.WatchDog.cancel(): canceling Sun Dec 08 06:22:05 UTC 2019
auto.tcl: Setting watchdog for 200 seconds at Sun Dec 08 06:22:05 UTC 2019
7 ms. Memory: 48128K Free: 24433K (51%)
ptolemy.util.test.WatchDog.cancel(): canceling Sun Dec 08 06:22:05 UTC 2019
------------------ testing $PTII/ptolemy/domains/de/test/auto/ResetTransitionWithStartTime2.xml
auto.tcl: Setting watchdog for 200 seconds at Sun Dec 08 06:22:05 UTC 2019
7 ms. Memory: 48128K Free: 26393K (55%)
ptolemy.util.test.WatchDog.cancel(): canceling Sun Dec 08 06:22:05 UTC 2019
auto.tcl: Setting watchdog for 200 seconds at Sun Dec 08 06:22:05 UTC 2019
8 ms. Memory: 48128K Free: 23862K (50%)
ptolemy.util.test.WatchDog.cancel(): canceling Sun Dec 08 06:22:05 UTC 2019
------------------ testing $PTII/ptolemy/domains/de/test/auto/ResetTransitionWithStartTime3.xml
auto.tcl: Setting watchdog for 200 seconds at Sun Dec 08 06:22:05 UTC 2019
6 ms. Memory: 48128K Free: 26392K (55%)
ptolemy.util.test.WatchDog.cancel(): canceling Sun Dec 08 06:22:05 UTC 2019
auto.tcl: Setting watchdog for 200 seconds at Sun Dec 08 06:22:05 UTC 2019
6 ms. Memory: 48128K Free: 24344K (51%)
ptolemy.util.test.WatchDog.cancel(): canceling Sun Dec 08 06:22:05 UTC 2019
------------------ testing $PTII/ptolemy/domains/de/test/auto/ResetTransitionWithStartTime4.xml
auto.tcl: Setting watchdog for 200 seconds at Sun Dec 08 06:22:05 UTC 2019
7 ms. Memory: 48128K Free: 26878K (56%)
ptolemy.util.test.WatchDog.cancel(): canceling Sun Dec 08 06:22:05 UTC 2019
auto.tcl: Setting watchdog for 200 seconds at Sun Dec 08 06:22:05 UTC 2019
4 ms. Memory: 48128K Free: 25425K (53%)
ptolemy.util.test.WatchDog.cancel(): canceling Sun Dec 08 06:22:05 UTC 2019
------------------ testing $PTII/ptolemy/domains/de/test/auto/ResettableTimer1.xml
auto.tcl: Setting watchdog for 200 seconds at Sun Dec 08 06:22:05 UTC 2019
2 ms. Memory: 48128K Free: 30589K (64%)
ptolemy.util.test.WatchDog.cancel(): canceling Sun Dec 08 06:22:05 UTC 2019
auto.tcl: Setting watchdog for 200 seconds at Sun Dec 08 06:22:05 UTC 2019
2 ms. Memory: 48128K Free: 29972K (62%)
ptolemy.util.test.WatchDog.cancel(): canceling Sun Dec 08 06:22:05 UTC 2019
------------------ testing $PTII/ptolemy/domains/de/test/auto/ResettableTimer2.xml
auto.tcl: Setting watchdog for 200 seconds at Sun Dec 08 06:22:05 UTC 2019
3 ms. Memory: 48128K Free: 30631K (64%)
ptolemy.util.test.WatchDog.cancel(): canceling Sun Dec 08 06:22:05 UTC 2019
auto.tcl: Setting watchdog for 200 seconds at Sun Dec 08 06:22:05 UTC 2019
3 ms. Memory: 48128K Free: 29561K (61%)
ptolemy.util.test.WatchDog.cancel(): canceling Sun Dec 08 06:22:05 UTC 2019
------------------ testing $PTII/ptolemy/domains/de/test/auto/ResettableTimer3.xml
auto.tcl: Setting watchdog for 200 seconds at Sun Dec 08 06:22:05 UTC 2019
2 ms. Memory: 48128K Free: 31020K (64%)
ptolemy.util.test.WatchDog.cancel(): canceling Sun Dec 08 06:22:05 UTC 2019
auto.tcl: Setting watchdog for 200 seconds at Sun Dec 08 06:22:05 UTC 2019
1 ms. Memory: 48128K Free: 30539K (63%)
ptolemy.util.test.WatchDog.cancel(): canceling Sun Dec 08 06:22:05 UTC 2019
------------------ testing $PTII/ptolemy/domains/de/test/auto/ResettableTimer4.xml
auto.tcl: Setting watchdog for 200 seconds at Sun Dec 08 06:22:05 UTC 2019
1 ms. Memory: 48128K Free: 30571K (64%)
ptolemy.util.test.WatchDog.cancel(): canceling Sun Dec 08 06:22:05 UTC 2019
auto.tcl: Setting watchdog for 200 seconds at Sun Dec 08 06:22:05 UTC 2019
1 ms. Memory: 48128K Free: 30073K (62%)
ptolemy.util.test.WatchDog.cancel(): canceling Sun Dec 08 06:22:05 UTC 2019
------------------ testing $PTII/ptolemy/domains/de/test/auto/ResettableTimer5.xml
auto.tcl: Setting watchdog for 200 seconds at Sun Dec 08 06:22:05 UTC 2019
1 ms. Memory: 48128K Free: 30008K (62%)
ptolemy.util.test.WatchDog.cancel(): canceling Sun Dec 08 06:22:05 UTC 2019
auto.tcl: Setting watchdog for 200 seconds at Sun Dec 08 06:22:05 UTC 2019
1 ms. Memory: 48128K Free: 29544K (61%)
ptolemy.util.test.WatchDog.cancel(): canceling Sun Dec 08 06:22:05 UTC 2019
------------------ testing $PTII/ptolemy/domains/de/test/auto/ResettableTimer6.xml
auto.tcl: Setting watchdog for 200 seconds at Sun Dec 08 06:22:05 UTC 2019
2 ms. Memory: 48128K Free: 29998K (62%)
ptolemy.util.test.WatchDog.cancel(): canceling Sun Dec 08 06:22:05 UTC 2019
auto.tcl: Setting watchdog for 200 seconds at Sun Dec 08 06:22:05 UTC 2019
1 ms. Memory: 48128K Free: 29502K (61%)
ptolemy.util.test.WatchDog.cancel(): canceling Sun Dec 08 06:22:05 UTC 2019
------------------ testing $PTII/ptolemy/domains/de/test/auto/ServerZeroDelay.xml
auto.tcl: Setting watchdog for 200 seconds at Sun Dec 08 06:22:05 UTC 2019
5 ms. Memory: 48128K Free: 30517K (63%)
ptolemy.util.test.WatchDog.cancel(): canceling Sun Dec 08 06:22:05 UTC 2019
auto.tcl: Setting watchdog for 200 seconds at Sun Dec 08 06:22:05 UTC 2019
3 ms. Memory: 48128K Free: 29575K (61%)
ptolemy.util.test.WatchDog.cancel(): canceling Sun Dec 08 06:22:05 UTC 2019
------------------ testing $PTII/ptolemy/domains/de/test/auto/SmartSender.xml
auto.tcl: Setting watchdog for 200 seconds at Sun Dec 08 06:22:06 UTC 2019
3001 ms. Memory: 48128K Free: 30545K (63%)
ptolemy.util.test.WatchDog.cancel(): canceling Sun Dec 08 06:22:09 UTC 2019
auto.tcl: Setting watchdog for 200 seconds at Sun Dec 08 06:22:09 UTC 2019
3002 ms. Memory: 48128K Free: 30047K (62%)
ptolemy.util.test.WatchDog.cancel(): canceling Sun Dec 08 06:22:12 UTC 2019
------------------ testing $PTII/ptolemy/domains/de/test/auto/ThreadedComposite.xml
auto.tcl: Setting watchdog for 200 seconds at Sun Dec 08 06:22:12 UTC 2019
248 ms. Memory: 48128K Free: 11580K (24%)
ptolemy.util.test.WatchDog.cancel(): canceling Sun Dec 08 06:22:12 UTC 2019
auto.tcl: Setting watchdog for 200 seconds at Sun Dec 08 06:22:12 UTC 2019
151 ms. Memory: 48128K Free: 25449K (53%)
ptolemy.util.test.WatchDog.cancel(): canceling Sun Dec 08 06:22:12 UTC 2019
------------------ testing $PTII/ptolemy/domains/de/test/auto/Time.xml
auto.tcl: Setting watchdog for 200 seconds at Sun Dec 08 06:22:12 UTC 2019
609 ms. Memory: 48128K Free: 32746K (68%)
ptolemy.util.test.WatchDog.cancel(): canceling Sun Dec 08 06:22:13 UTC 2019
auto.tcl: Setting watchdog for 200 seconds at Sun Dec 08 06:22:13 UTC 2019
573 ms. Memory: 48128K Free: 8585K (18%)
ptolemy.util.test.WatchDog.cancel(): canceling Sun Dec 08 06:22:13 UTC 2019
------------------ testing $PTII/ptolemy/domains/de/test/auto/TimeDelayZeroDelay.xml
auto.tcl: Setting watchdog for 200 seconds at Sun Dec 08 06:22:13 UTC 2019
3 ms. Memory: 48128K Free: 30443K (63%)
ptolemy.util.test.WatchDog.cancel(): canceling Sun Dec 08 06:22:13 UTC 2019
auto.tcl: Setting watchdog for 200 seconds at Sun Dec 08 06:22:13 UTC 2019
2 ms. Memory: 48128K Free: 29575K (61%)
ptolemy.util.test.WatchDog.cancel(): canceling Sun Dec 08 06:22:13 UTC 2019
------------------ testing $PTII/ptolemy/domains/de/test/auto/TimerZeroDelay.xml
auto.tcl: Setting watchdog for 200 seconds at Sun Dec 08 06:22:13 UTC 2019
3 ms. Memory: 48128K Free: 30925K (64%)
ptolemy.util.test.WatchDog.cancel(): canceling Sun Dec 08 06:22:13 UTC 2019
auto.tcl: Setting watchdog for 200 seconds at Sun Dec 08 06:22:13 UTC 2019
2 ms. Memory: 48128K Free: 30491K (63%)
ptolemy.util.test.WatchDog.cancel(): canceling Sun Dec 08 06:22:13 UTC 2019
------------------ testing $PTII/ptolemy/domains/de/test/auto/TimingParadox.xml
auto.tcl: Setting watchdog for 200 seconds at Sun Dec 08 06:22:13 UTC 2019
398 ms. Memory: 48128K Free: 14188K (29%)
ptolemy.util.test.WatchDog.cancel(): canceling Sun Dec 08 06:22:14 UTC 2019
auto.tcl: Setting watchdog for 200 seconds at Sun Dec 08 06:22:14 UTC 2019
411 ms. Memory: 48128K Free: 26248K (55%)
ptolemy.util.test.WatchDog.cancel(): canceling Sun Dec 08 06:22:14 UTC 2019
------------------ testing $PTII/ptolemy/domains/de/test/auto/TransferInputs.xml
auto.tcl: Setting watchdog for 200 seconds at Sun Dec 08 06:22:14 UTC 2019
2 ms. Memory: 48128K Free: 28967K (60%)
ptolemy.util.test.WatchDog.cancel(): canceling Sun Dec 08 06:22:14 UTC 2019
auto.tcl: Setting watchdog for 200 seconds at Sun Dec 08 06:22:14 UTC 2019
2 ms. Memory: 48128K Free: 28111K (58%)
ptolemy.util.test.WatchDog.cancel(): canceling Sun Dec 08 06:22:14 UTC 2019
------------------ testing $PTII/ptolemy/domains/de/test/auto/TransferOutputs2.xml
auto.tcl: Setting watchdog for 200 seconds at Sun Dec 08 06:22:15 UTC 2019
11 ms. Memory: 48128K Free: 26396K (55%)
ptolemy.util.test.WatchDog.cancel(): canceling Sun Dec 08 06:22:15 UTC 2019
auto.tcl: Setting watchdog for 200 seconds at Sun Dec 08 06:22:15 UTC 2019
3 ms. Memory: 48128K Free: 24996K (52%)
ptolemy.util.test.WatchDog.cancel(): canceling Sun Dec 08 06:22:15 UTC 2019
------------------ testing $PTII/ptolemy/domains/de/test/auto/Trilateration.xml
auto.tcl: Setting watchdog for 200 seconds at Sun Dec 08 06:22:15 UTC 2019
14083 ms. Memory: 405504K Free: 361132K (89%)
ptolemy.util.test.WatchDog.cancel(): canceling Sun Dec 08 06:22:30 UTC 2019
auto.tcl: Setting watchdog for 200 seconds at Sun Dec 08 06:22:30 UTC 2019
10941 ms. Memory: 405504K Free: 373634K (92%)
ptolemy.util.test.WatchDog.cancel(): canceling Sun Dec 08 06:22:41 UTC 2019
------------------ testing $PTII/ptolemy/domains/de/test/auto/TwoSigmaDelta.xml
auto.tcl: Setting watchdog for 200 seconds at Sun Dec 08 06:22:41 UTC 2019
2811 ms. Memory: 89088K Free: 23031K (26%)
ptolemy.util.test.WatchDog.cancel(): canceling Sun Dec 08 06:22:44 UTC 2019
auto.tcl: Setting watchdog for 200 seconds at Sun Dec 08 06:22:44 UTC 2019
2084 ms. Memory: 89088K Free: 21979K (25%)
ptolemy.util.test.WatchDog.cancel(): canceling Sun Dec 08 06:22:46 UTC 2019
------------------ testing $PTII/ptolemy/domains/de/test/auto/VariableDelay.xml
auto.tcl: Setting watchdog for 200 seconds at Sun Dec 08 06:22:46 UTC 2019
3 ms. Memory: 51200K Free: 32520K (64%)
ptolemy.util.test.WatchDog.cancel(): canceling Sun Dec 08 06:22:46 UTC 2019
auto.tcl: Setting watchdog for 200 seconds at Sun Dec 08 06:22:46 UTC 2019
2 ms. Memory: 51200K Free: 31504K (62%)
ptolemy.util.test.WatchDog.cancel(): canceling Sun Dec 08 06:22:46 UTC 2019
------------------ testing $PTII/ptolemy/domains/de/test/auto/VariableDelay2.xml
auto.tcl: Setting watchdog for 200 seconds at Sun Dec 08 06:22:46 UTC 2019
8 ms. Memory: 51200K Free: 32927K (64%)
ptolemy.util.test.WatchDog.cancel(): canceling Sun Dec 08 06:22:46 UTC 2019
auto.tcl: Setting watchdog for 200 seconds at Sun Dec 08 06:22:46 UTC 2019
3 ms. Memory: 51200K Free: 32423K (63%)
ptolemy.util.test.WatchDog.cancel(): canceling Sun Dec 08 06:22:46 UTC 2019
------------------ testing $PTII/ptolemy/domains/de/test/auto/VariableDelayZeroDelay.xml
auto.tcl: Setting watchdog for 200 seconds at Sun Dec 08 06:22:46 UTC 2019
7 ms. Memory: 51200K Free: 33446K (65%)
ptolemy.util.test.WatchDog.cancel(): canceling Sun Dec 08 06:22:46 UTC 2019
auto.tcl: Setting watchdog for 200 seconds at Sun Dec 08 06:22:46 UTC 2019
2 ms. Memory: 51200K Free: 32918K (64%)
ptolemy.util.test.WatchDog.cancel(): canceling Sun Dec 08 06:22:46 UTC 2019
------------------ testing $PTII/ptolemy/domains/de/test/auto/VariableDelayZeroDelay2.xml
auto.tcl: Setting watchdog for 200 seconds at Sun Dec 08 06:22:46 UTC 2019
2 ms. Memory: 51200K Free: 33445K (65%)
ptolemy.util.test.WatchDog.cancel(): canceling Sun Dec 08 06:22:46 UTC 2019
auto.tcl: Setting watchdog for 200 seconds at Sun Dec 08 06:22:46 UTC 2019
2 ms. Memory: 51200K Free: 32421K (63%)
ptolemy.util.test.WatchDog.cancel(): canceling Sun Dec 08 06:22:46 UTC 2019
------------------ testing $PTII/ptolemy/domains/de/test/auto/deInCt.xml
auto.tcl: Setting watchdog for 200 seconds at Sun Dec 08 06:22:46 UTC 2019
0
1
1
0
0
0
0
1
1
1
1
0
0
0
1
1
1
0
0
0
1
1
1
0
0
0
0
0
0
0
0
0
10 ms. Memory: 48128K Free: 29346K (61%)
ptolemy.util.test.WatchDog.cancel(): canceling Sun Dec 08 06:22:46 UTC 2019
auto.tcl: Setting watchdog for 200 seconds at Sun Dec 08 06:22:46 UTC 2019
0
1
1
1
1
0
0
0
0
1
1
1
0
0
0
0
1
1
1
1
0
0
0
0
1
1
1
0
0
0
1
1
1
1
8 ms. Memory: 48128K Free: 27805K (58%)
ptolemy.util.test.WatchDog.cancel(): canceling Sun Dec 08 06:22:46 UTC 2019
------------------ testing $PTII/ptolemy/domains/de/test/auto/deInCt2.xml
auto.tcl: Setting watchdog for 200 seconds at Sun Dec 08 06:22:46 UTC 2019
0
1
1
1
0
0
1
1
1
0
0
1
1
1
0
0
1
1
1
0
0
1
1
1
0
0
1
1
1
0
0
1
1
1
0
0
1
1
1
0
0
0
6 ms. Memory: 48128K Free: 29349K (61%)
ptolemy.util.test.WatchDog.cancel(): canceling Sun Dec 08 06:22:46 UTC 2019
auto.tcl: Setting watchdog for 200 seconds at Sun Dec 08 06:22:46 UTC 2019
0
1
1
1
0
0
1
1
1
0
0
1
1
1
0
0
1
1
1
0
0
1
1
1
0
0
1
1
1
0
0
1
1
1
0
0
1
1
1
0
0
0
8 ms. Memory: 48128K Free: 27856K (58%)
ptolemy.util.test.WatchDog.cancel(): canceling Sun Dec 08 06:22:46 UTC 2019
------------------ testing $PTII/ptolemy/domains/de/test/auto/dynamicCausalityInterface1.xml
auto.tcl: Setting watchdog for 200 seconds at Sun Dec 08 06:22:46 UTC 2019
2 ms. Memory: 48128K Free: 24638K (51%)
ptolemy.util.test.WatchDog.cancel(): canceling Sun Dec 08 06:22:46 UTC 2019
auto.tcl: Setting watchdog for 200 seconds at Sun Dec 08 06:22:46 UTC 2019
1 ms. Memory: 48128K Free: 24223K (50%)
ptolemy.util.test.WatchDog.cancel(): canceling Sun Dec 08 06:22:46 UTC 2019
------------------ testing $PTII/ptolemy/domains/de/test/auto/fsm_de_test.xml
auto.tcl: Setting watchdog for 200 seconds at Sun Dec 08 06:22:46 UTC 2019
11 ms. Memory: 48128K Free: 25145K (52%)
ptolemy.util.test.WatchDog.cancel(): canceling Sun Dec 08 06:22:47 UTC 2019
auto.tcl: Setting watchdog for 200 seconds at Sun Dec 08 06:22:47 UTC 2019
6 ms. Memory: 48128K Free: 23136K (48%)
ptolemy.util.test.WatchDog.cancel(): canceling Sun Dec 08 06:22:47 UTC 2019
------------------ testing $PTII/ptolemy/domains/de/test/auto/functionDependencyReconstruction.xml
auto.tcl: Setting watchdog for 200 seconds at Sun Dec 08 06:22:47 UTC 2019
3 ms. Memory: 48128K Free: 18991K (39%)
ptolemy.util.test.WatchDog.cancel(): canceling Sun Dec 08 06:22:47 UTC 2019
auto.tcl: Setting watchdog for 200 seconds at Sun Dec 08 06:22:47 UTC 2019
3 ms. Memory: 48128K Free: 17015K (35%)
ptolemy.util.test.WatchDog.cancel(): canceling Sun Dec 08 06:22:47 UTC 2019
------------------ testing $PTII/ptolemy/domains/de/test/auto/multirate.xml
auto.tcl: Setting watchdog for 200 seconds at Sun Dec 08 06:22:47 UTC 2019
8 ms. Memory: 48128K Free: 27445K (57%)
ptolemy.util.test.WatchDog.cancel(): canceling Sun Dec 08 06:22:47 UTC 2019
auto.tcl: Setting watchdog for 200 seconds at Sun Dec 08 06:22:47 UTC 2019
3 ms. Memory: 48128K Free: 26597K (55%)
ptolemy.util.test.WatchDog.cancel(): canceling Sun Dec 08 06:22:47 UTC 2019
------------------ testing $PTII/ptolemy/domains/de/test/auto/multirate2.xml
auto.tcl: Setting watchdog for 200 seconds at Sun Dec 08 06:22:47 UTC 2019
2 ms. Memory: 48128K Free: 27742K (58%)
ptolemy.util.test.WatchDog.cancel(): canceling Sun Dec 08 06:22:47 UTC 2019
auto.tcl: Setting watchdog for 200 seconds at Sun Dec 08 06:22:47 UTC 2019
4 ms. Memory: 48128K Free: 26283K (55%)
ptolemy.util.test.WatchDog.cancel(): canceling Sun Dec 08 06:22:47 UTC 2019
------------------ testing $PTII/ptolemy/domains/de/test/auto/realtime.xml
auto.tcl: Setting watchdog for 200 seconds at Sun Dec 08 06:22:47 UTC 2019
10002 ms. Memory: 48128K Free: 30034K (62%)
ptolemy.util.test.WatchDog.cancel(): canceling Sun Dec 08 06:22:57 UTC 2019
auto.tcl: Setting watchdog for 200 seconds at Sun Dec 08 06:22:57 UTC 2019
10002 ms. Memory: 48128K Free: 29293K (61%)
ptolemy.util.test.WatchDog.cancel(): canceling Sun Dec 08 06:23:07 UTC 2019
------------------ testing $PTII/ptolemy/domains/de/test/auto/relationGroup.xml
auto.tcl: Setting watchdog for 200 seconds at Sun Dec 08 06:23:07 UTC 2019
2 ms. Memory: 48128K Free: 31107K (65%)
ptolemy.util.test.WatchDog.cancel(): canceling Sun Dec 08 06:23:07 UTC 2019
auto.tcl: Setting watchdog for 200 seconds at Sun Dec 08 06:23:07 UTC 2019
2 ms. Memory: 48128K Free: 30373K (63%)
ptolemy.util.test.WatchDog.cancel(): canceling Sun Dec 08 06:23:07 UTC 2019
------------------ testing $PTII/ptolemy/domains/de/test/auto/relationGroup2.xml
auto.tcl: Setting watchdog for 200 seconds at Sun Dec 08 06:23:07 UTC 2019
2 ms. Memory: 48128K Free: 30908K (64%)
ptolemy.util.test.WatchDog.cancel(): canceling Sun Dec 08 06:23:07 UTC 2019
auto.tcl: Setting watchdog for 200 seconds at Sun Dec 08 06:23:07 UTC 2019
1 ms. Memory: 48128K Free: 30424K (63%)
ptolemy.util.test.WatchDog.cancel(): canceling Sun Dec 08 06:23:07 UTC 2019
------------------ testing $PTII/ptolemy/domains/de/test/auto/sortWithOpaquePorts.xml
auto.tcl: Setting watchdog for 200 seconds at Sun Dec 08 06:23:07 UTC 2019
2 ms. Memory: 48128K Free: 29871K (62%)
ptolemy.util.test.WatchDog.cancel(): canceling Sun Dec 08 06:23:07 UTC 2019
auto.tcl: Setting watchdog for 200 seconds at Sun Dec 08 06:23:07 UTC 2019
2 ms. Memory: 48128K Free: 28859K (60%)
ptolemy.util.test.WatchDog.cancel(): canceling Sun Dec 08 06:23:07 UTC 2019
------------------ testing $PTII/ptolemy/domains/de/test/auto/transferInputsandOutputs.xml
auto.tcl: Setting watchdog for 200 seconds at Sun Dec 08 06:23:07 UTC 2019
2 ms. Memory: 48128K Free: 27314K (57%)
ptolemy.util.test.WatchDog.cancel(): canceling Sun Dec 08 06:23:07 UTC 2019
auto.tcl: Setting watchdog for 200 seconds at Sun Dec 08 06:23:07 UTC 2019
3 ms. Memory: 48128K Free: 26365K (55%)
ptolemy.util.test.WatchDog.cancel(): canceling Sun Dec 08 06:23:07 UTC 2019
------------------ testing $PTII/ptolemy/domains/de/test/auto/triggerType.xml
auto.tcl: Setting watchdog for 200 seconds at Sun Dec 08 06:23:07 UTC 2019
1 ms. Memory: 48128K Free: 30339K (63%)
ptolemy.util.test.WatchDog.cancel(): canceling Sun Dec 08 06:23:07 UTC 2019
auto.tcl: Setting watchdog for 200 seconds at Sun Dec 08 06:23:07 UTC 2019
2 ms. Memory: 48128K Free: 29375K (61%)
ptolemy.util.test.WatchDog.cancel(): canceling Sun Dec 08 06:23:07 UTC 2019
12/08/19 06:23:07
Failed: 0  Total Tests: 192  ((Passed: 187, Newly Passed: 1)  Known Failed: 5) /home/travis/build/icyphy/ptII/ptolemy/domains/de/test
12/08/19 06:23:07
Failed: 0  Total Tests: 192  ((Passed: 187, Newly Passed: 1)  Known Failed: 5) /home/travis/build/icyphy/ptII/ptolemy/domains/de/test
----------------- testing (KnownFailure) /home/travis/build/icyphy/ptII/ptolemy/domains/de/test/auto/knownFailedTests/DESDFClockTest.xml
2011 ms. Memory: 48128K Free: 23734K (49%)
Known Failure: java.lang.reflect.InvocationTargetException
----------------- testing (KnownFailure) /home/travis/build/icyphy/ptII/ptolemy/domains/de/test/auto/knownFailedTests/DirectFeedback.xml
1 ms. Memory: 48128K Free: 20152K (42%)
Known Failure: java.lang.reflect.InvocationTargetException
----------------- testing (KnownFailure) /home/travis/build/icyphy/ptII/ptolemy/domains/de/test/auto/knownFailedTests/FSMSource.xml
12 ms. Memory: 48128K Free: 12984K (27%)
----------------- testing (KnownFailure) /home/travis/build/icyphy/ptII/ptolemy/domains/de/test/auto/knownFailedTests/HierarchicalModel.xml
2 ms. Memory: 48128K Free: 23183K (48%)
Known Failure: java.lang.reflect.InvocationTargetException
----------------- testing (KnownFailure) /home/travis/build/icyphy/ptII/ptolemy/domains/de/test/auto/knownFailedTests/dependencyLoop.xml
7 ms. Memory: 48128K Free: 33425K (69%)
Known Failure: java.lang.reflect.InvocationTargetException
----------------- testing (KnownFailure) /home/travis/build/icyphy/ptII/ptolemy/domains/de/test/auto/knownFailedTests/dependencyLoop2.xml
9 ms. Memory: 48128K Free: 18131K (38%)
Known Failure: java.lang.reflect.InvocationTargetException
No auto/linux-amd64/*.xml tests in /home/travis/build/icyphy/ptII/ptolemy/domains/de/test
AutoTests.java: About to close Vertx.
AutoTests.java: Vertx closed.

===========================================================================================
----------------- testing Sun Dec 08 06:23:09 UTC 2019 /home/travis/build/icyphy/ptII/ptolemy/domains/de/test/auto/ActorDepthCalculation_actorWithoutPorts.xml
----------------- Instantiating /home/travis/build/icyphy/ptII/ptolemy/domains/de/test/auto/ActorDepthCalculation_actorWithoutPorts.xml
2 ms. Memory: 48128K Free: 11858K (25%)
----------------- Invoking toplevel() on ptolemy.moml.MoMLSimpleApplication@5c6908d3
----------------- Done invoking toplevel() on ptolemy.moml.MoMLSimpleApplication@5c6908d3
reloadAllAccessors: .ActorDepthCalculation_actorWithoutPorts

===========================================================================================
----------------- testing Sun Dec 08 06:23:10 UTC 2019 /home/travis/build/icyphy/ptII/ptolemy/domains/de/test/auto/AssemblyLine.xml
----------------- Instantiating /home/travis/build/icyphy/ptII/ptolemy/domains/de/test/auto/AssemblyLine.xml
3 ms. Memory: 48128K Free: 30676K (64%)
----------------- Invoking toplevel() on ptolemy.moml.MoMLSimpleApplication@26b4f371
----------------- Done invoking toplevel() on ptolemy.moml.MoMLSimpleApplication@26b4f371
reloadAllAccessors: .AssemblyLine

===========================================================================================
----------------- testing Sun Dec 08 06:23:10 UTC 2019 /home/travis/build/icyphy/ptII/ptolemy/domains/de/test/auto/CQBug1.xml
----------------- Instantiating /home/travis/build/icyphy/ptII/ptolemy/domains/de/test/auto/CQBug1.xml
1 ms. Memory: 48128K Free: 27774K (58%)
----------------- Invoking toplevel() on ptolemy.moml.MoMLSimpleApplication@580f9774
----------------- Done invoking toplevel() on ptolemy.moml.MoMLSimpleApplication@580f9774
reloadAllAccessors: .CQBug1

===========================================================================================
----------------- testing Sun Dec 08 06:23:10 UTC 2019 /home/travis/build/icyphy/ptII/ptolemy/domains/de/test/auto/CancelFireAt.xml
----------------- Instantiating /home/travis/build/icyphy/ptII/ptolemy/domains/de/test/auto/CancelFireAt.xml
8 ms. Memory: 48128K Free: 25540K (53%)
----------------- Invoking toplevel() on ptolemy.moml.MoMLSimpleApplication@6d2c9155
----------------- Done invoking toplevel() on ptolemy.moml.MoMLSimpleApplication@6d2c9155
reloadAllAccessors: .CancelFireAt

===========================================================================================
----------------- testing Sun Dec 08 06:23:10 UTC 2019 /home/travis/build/icyphy/ptII/ptolemy/domains/de/test/auto/CausalityAndComposabilityAnalysis.xml
----------------- Instantiating /home/travis/build/icyphy/ptII/ptolemy/domains/de/test/auto/CausalityAndComposabilityAnalysis.xml
1 ms. Memory: 48128K Free: 21272K (44%)
----------------- Invoking toplevel() on ptolemy.moml.MoMLSimpleApplication@12cc13b4
----------------- Done invoking toplevel() on ptolemy.moml.MoMLSimpleApplication@12cc13b4
reloadAllAccessors: .CausalityAndComposabilityAnalysis

===========================================================================================
----------------- testing Sun Dec 08 06:23:10 UTC 2019 /home/travis/build/icyphy/ptII/ptolemy/domains/de/test/auto/CausalityInterface1.xml
----------------- Instantiating /home/travis/build/icyphy/ptII/ptolemy/domains/de/test/auto/CausalityInterface1.xml
6 ms. Memory: 48128K Free: 16339K (34%)
----------------- Invoking toplevel() on ptolemy.moml.MoMLSimpleApplication@47aeda1d
----------------- Done invoking toplevel() on ptolemy.moml.MoMLSimpleApplication@47aeda1d
reloadAllAccessors: .CausalityInterface1

===========================================================================================
----------------- testing Sun Dec 08 06:23:10 UTC 2019 /home/travis/build/icyphy/ptII/ptolemy/domains/de/test/auto/CausalityInterface15.xml
----------------- Instantiating /home/travis/build/icyphy/ptII/ptolemy/domains/de/test/auto/CausalityInterface15.xml
1 ms. Memory: 48128K Free: 10995K (23%)
----------------- Invoking toplevel() on ptolemy.moml.MoMLSimpleApplication@2859b65e
----------------- Done invoking toplevel() on ptolemy.moml.MoMLSimpleApplication@2859b65e
reloadAllAccessors: .CausalityInterface15

===========================================================================================
----------------- testing Sun Dec 08 06:23:10 UTC 2019 /home/travis/build/icyphy/ptII/ptolemy/domains/de/test/auto/CausalityInterface2.xml
----------------- Instantiating /home/travis/build/icyphy/ptII/ptolemy/domains/de/test/auto/CausalityInterface2.xml
1 ms. Memory: 48128K Free: 32071K (67%)
[...]
	at ptolemy.actor.Manager.run(Manager.java:1263)
	at ptolemy.actor.Manager$PtolemyRunThread.run(Manager.java:1933)
java.lang.RuntimeException: Execution failed
	at ptolemy.moml.MoMLSimpleApplication$UnloadThread.run(MoMLSimpleApplication.java:402)
Caused by: ptolemy.kernel.util.IllegalActionException: Actor is not ready to fire.  Perhaps UpSample.prefire() returned false? Try debugging the actor by selecting "Listen to Actor".  Also, for SDF check moml for tokenConsumptionRate on input.
  in .DESDFClockTest.Play Bell.Copy1:SDF Director and .DESDFClockTest.Play Bell.UpSample
	at ptolemy.actor.sched.StaticSchedulingDirector.fire(StaticSchedulingDirector.java:227)
	at ptolemy.domains.sdf.kernel.SDFDirector.fire(SDFDirector.java:500)
	at ptolemy.actor.CompositeActor.fire(CompositeActor.java:455)
	at ptolemy.domains.de.kernel.DEDirector._fire(DEDirector.java:1949)
	at ptolemy.domains.de.kernel.DEDirector.fire(DEDirector.java:502)
	at ptolemy.actor.CompositeActor.fire(CompositeActor.java:455)
	at ptolemy.actor.Manager.iterate(Manager.java:851)
	at ptolemy.actor.Manager.execute(Manager.java:369)
	at ptolemy.actor.Manager.run(Manager.java:1263)
	at ptolemy.actor.Manager$PtolemyRunThread.run(Manager.java:1933)
java.lang.reflect.InvocationTargetException
	at java.base/jdk.internal.reflect.NativeConstructorAccessorImpl.newInstance0(Native Method)
	at java.base/jdk.internal.reflect.NativeConstructorAccessorImpl.newInstance(NativeConstructorAccessorImpl.java:62)
	at java.base/jdk.internal.reflect.DelegatingConstructorAccessorImpl.newInstance(DelegatingConstructorAccessorImpl.java:45)
	at java.base/java.lang.reflect.Constructor.newInstance(Constructor.java:490)
	at ptolemy.util.test.junit.AutoKnownFailedTests.RunModel(AutoKnownFailedTests.java:105)
	at java.base/jdk.internal.reflect.NativeMethodAccessorImpl.invoke0(Native Method)
	at java.base/jdk.internal.reflect.NativeMethodAccessorImpl.invoke(NativeMethodAccessorImpl.java:62)
	at java.base/jdk.internal.reflect.DelegatingMethodAccessorImpl.invoke(DelegatingMethodAccessorImpl.java:43)
	at java.base/java.lang.reflect.Method.invoke(Method.java:566)
	at org.junit.runners.model.FrameworkMethod$1.runReflectiveCall(FrameworkMethod.java:44)
	at org.junit.internal.runners.model.ReflectiveCallable.run(ReflectiveCallable.java:15)
	at org.junit.runners.model.FrameworkMethod.invokeExplosively(FrameworkMethod.java:41)
	at junitparams.internal.InvokeParameterisedMethod.evaluate(InvokeParameterisedMethod.java:102)
	at org.junit.internal.runners.statements.FailOnTimeout$1.run(FailOnTimeout.java:28)
Caused by: ptolemy.kernel.util.IllegalActionException: Actor is not ready to fire.  Perhaps UpSample.prefire() returned false? Try debugging the actor by selecting "Listen to Actor".  Also, for SDF check moml for tokenConsumptionRate on input.
  in .DESDFClockTest.Play Bell.Copy1:SDF Director and .DESDFClockTest.Play Bell.UpSample
	at ptolemy.actor.sched.StaticSchedulingDirector.fire(StaticSchedulingDirector.java:227)
	at ptolemy.domains.sdf.kernel.SDFDirector.fire(SDFDirector.java:500)
	at ptolemy.actor.CompositeActor.fire(CompositeActor.java:455)
	at ptolemy.domains.de.kernel.DEDirector._fire(DEDirector.java:1949)
	at ptolemy.domains.de.kernel.DEDirector.fire(DEDirector.java:502)
	at ptolemy.actor.CompositeActor.fire(CompositeActor.java:455)
	at ptolemy.actor.Manager.iterate(Manager.java:851)
	at ptolemy.actor.Manager.execute(Manager.java:369)
	at ptolemy.actor.Manager.run(Manager.java:1263)
	at ptolemy.actor.Manager$PtolemyRunThread.run(Manager.java:1933)
java.lang.RuntimeException: Execution failed
	at ptolemy.moml.MoMLSimpleApplication$UnloadThread.run(MoMLSimpleApplication.java:402)
Caused by: ptolemy.kernel.util.IllegalActionException: Test fails in iteration 1.
Value was: 1.0. Should have been: 2.0
  in .DirectFeedback.Test
	at ptolemy.actor.lib.Test.fire(Test.java:268)
	at ptolemy.domains.de.kernel.DEDirector._fire(DEDirector.java:1949)
	at ptolemy.domains.de.kernel.DEDirector.fire(DEDirector.java:502)
	at ptolemy.actor.CompositeActor.fire(CompositeActor.java:455)
	at ptolemy.actor.Manager.iterate(Manager.java:851)
	at ptolemy.actor.Manager.execute(Manager.java:369)
	at ptolemy.actor.Manager.run(Manager.java:1263)
	at ptolemy.actor.Manager$PtolemyRunThread.run(Manager.java:1933)
java.lang.reflect.InvocationTargetException
	at java.base/jdk.internal.reflect.NativeConstructorAccessorImpl.newInstance0(Native Method)
	at java.base/jdk.internal.reflect.NativeConstructorAccessorImpl.newInstance(NativeConstructorAccessorImpl.java:62)
	at java.base/jdk.internal.reflect.DelegatingConstructorAccessorImpl.newInstance(DelegatingConstructorAccessorImpl.java:45)
	at java.base/java.lang.reflect.Constructor.newInstance(Constructor.java:490)
	at ptolemy.util.test.junit.AutoKnownFailedTests.RunModel(AutoKnownFailedTests.java:105)
	at java.base/jdk.internal.reflect.NativeMethodAccessorImpl.invoke0(Native Method)
	at java.base/jdk.internal.reflect.NativeMethodAccessorImpl.invoke(NativeMethodAccessorImpl.java:62)
	at java.base/jdk.internal.reflect.DelegatingMethodAccessorImpl.invoke(DelegatingMethodAccessorImpl.java:43)
	at java.base/java.lang.reflect.Method.invoke(Method.java:566)
	at org.junit.runners.model.FrameworkMethod$1.runReflectiveCall(FrameworkMethod.java:44)
	at org.junit.internal.runners.model.ReflectiveCallable.run(ReflectiveCallable.java:15)
	at org.junit.runners.model.FrameworkMethod.invokeExplosively(FrameworkMethod.java:41)
	at junitparams.internal.InvokeParameterisedMethod.evaluate(InvokeParameterisedMethod.java:102)
	at org.junit.internal.runners.statements.FailOnTimeout$1.run(FailOnTimeout.java:28)
Caused by: ptolemy.kernel.util.IllegalActionException: Test fails in iteration 1.
Value was: 1.0. Should have been: 2.0
  in .DirectFeedback.Test
	at ptolemy.actor.lib.Test.fire(Test.java:268)
	at ptolemy.domains.de.kernel.DEDirector._fire(DEDirector.java:1949)
	at ptolemy.domains.de.kernel.DEDirector.fire(DEDirector.java:502)
	at ptolemy.actor.CompositeActor.fire(CompositeActor.java:455)
	at ptolemy.actor.Manager.iterate(Manager.java:851)
	at ptolemy.actor.Manager.execute(Manager.java:369)
	at ptolemy.actor.Manager.run(Manager.java:1263)
	at ptolemy.actor.Manager$PtolemyRunThread.run(Manager.java:1933)
java.lang.RuntimeException: Execution failed
	at ptolemy.moml.MoMLSimpleApplication$UnloadThread.run(MoMLSimpleApplication.java:402)
Caused by: ptolemy.kernel.util.IllegalActionException: Found a zero delay loop containing .HierarchicalModel.A
  in .HierarchicalModel and .HierarchicalModel.A
	at ptolemy.actor.util.CausalityInterfaceForComposites._computeOutputPortDepth(CausalityInterfaceForComposites.java:759)
	at ptolemy.actor.util.CausalityInterfaceForComposites._computeInputDepth(CausalityInterfaceForComposites.java:696)
	at ptolemy.actor.util.CausalityInterfaceForComposites._computeOutputPortDepth(CausalityInterfaceForComposites.java:765)
	at ptolemy.actor.util.CausalityInterfaceForComposites._computeInputDepth(CausalityInterfaceForComposites.java:696)
	at ptolemy.actor.util.CausalityInterfaceForComposites._computeOutputPortDepth(CausalityInterfaceForComposites.java:765)
	at ptolemy.actor.util.CausalityInterfaceForComposites._computeInputDepth(CausalityInterfaceForComposites.java:696)
	at ptolemy.actor.util.CausalityInterfaceForComposites._computeActorDepth(CausalityInterfaceForComposites.java:532)
	at ptolemy.actor.util.CausalityInterfaceForComposites.checkForCycles(CausalityInterfaceForComposites.java:96)
	at ptolemy.domains.de.kernel.DEDirector.preinitialize(DEDirector.java:1338)
	at ptolemy.actor.CompositeActor.preinitialize(CompositeActor.java:1828)
	at ptolemy.actor.Manager.preinitializeAndResolveTypes(Manager.java:1040)
	at ptolemy.actor.Manager.initialize(Manager.java:710)
	at ptolemy.actor.Manager.execute(Manager.java:356)
	at ptolemy.actor.Manager.run(Manager.java:1263)
	at ptolemy.actor.Manager$PtolemyRunThread.run(Manager.java:1933)
java.lang.reflect.InvocationTargetException
	at java.base/jdk.internal.reflect.NativeConstructorAccessorImpl.newInstance0(Native Method)
	at java.base/jdk.internal.reflect.NativeConstructorAccessorImpl.newInstance(NativeConstructorAccessorImpl.java:62)
	at java.base/jdk.internal.reflect.DelegatingConstructorAccessorImpl.newInstance(DelegatingConstructorAccessorImpl.java:45)
	at java.base/java.lang.reflect.Constructor.newInstance(Constructor.java:490)
	at ptolemy.util.test.junit.AutoKnownFailedTests.RunModel(AutoKnownFailedTests.java:105)
	at java.base/jdk.internal.reflect.NativeMethodAccessorImpl.invoke0(Native Method)
	at java.base/jdk.internal.reflect.NativeMethodAccessorImpl.invoke(NativeMethodAccessorImpl.java:62)
	at java.base/jdk.internal.reflect.DelegatingMethodAccessorImpl.invoke(DelegatingMethodAccessorImpl.java:43)
	at java.base/java.lang.reflect.Method.invoke(Method.java:566)
	at org.junit.runners.model.FrameworkMethod$1.runReflectiveCall(FrameworkMethod.java:44)
	at org.junit.internal.runners.model.ReflectiveCallable.run(ReflectiveCallable.java:15)
	at org.junit.runners.model.FrameworkMethod.invokeExplosively(FrameworkMethod.java:41)
	at junitparams.internal.InvokeParameterisedMethod.evaluate(InvokeParameterisedMethod.java:102)
	at org.junit.internal.runners.statements.FailOnTimeout$1.run(FailOnTimeout.java:28)
Caused by: ptolemy.kernel.util.IllegalActionException: Found a zero delay loop containing .HierarchicalModel.A
  in .HierarchicalModel and .HierarchicalModel.A
	at ptolemy.actor.util.CausalityInterfaceForComposites._computeOutputPortDepth(CausalityInterfaceForComposites.java:759)
	at ptolemy.actor.util.CausalityInterfaceForComposites._computeInputDepth(CausalityInterfaceForComposites.java:696)
	at ptolemy.actor.util.CausalityInterfaceForComposites._computeOutputPortDepth(CausalityInterfaceForComposites.java:765)
	at ptolemy.actor.util.CausalityInterfaceForComposites._computeInputDepth(CausalityInterfaceForComposites.java:696)
	at ptolemy.actor.util.CausalityInterfaceForComposites._computeOutputPortDepth(CausalityInterfaceForComposites.java:765)
	at ptolemy.actor.util.CausalityInterfaceForComposites._computeInputDepth(CausalityInterfaceForComposites.java:696)
	at ptolemy.actor.util.CausalityInterfaceForComposites._computeActorDepth(CausalityInterfaceForComposites.java:532)
	at ptolemy.actor.util.CausalityInterfaceForComposites.checkForCycles(CausalityInterfaceForComposites.java:96)
	at ptolemy.domains.de.kernel.DEDirector.preinitialize(DEDirector.java:1338)
	at ptolemy.actor.CompositeActor.preinitialize(CompositeActor.java:1828)
	at ptolemy.actor.Manager.preinitializeAndResolveTypes(Manager.java:1040)
	at ptolemy.actor.Manager.initialize(Manager.java:710)
	at ptolemy.actor.Manager.execute(Manager.java:356)
	at ptolemy.actor.Manager.run(Manager.java:1263)
	at ptolemy.actor.Manager$PtolemyRunThread.run(Manager.java:1933)
java.lang.RuntimeException: Execution failed
	at ptolemy.moml.MoMLSimpleApplication$UnloadThread.run(MoMLSimpleApplication.java:402)
Caused by: ptolemy.kernel.util.IllegalActionException: Found a zero delay loop containing .dependencyLoop.original
  in .dependencyLoop and .dependencyLoop.original
	at ptolemy.actor.util.CausalityInterfaceForComposites._computeOutputPortDepth(CausalityInterfaceForComposites.java:759)
	at ptolemy.actor.util.CausalityInterfaceForComposites._computeInputDepth(CausalityInterfaceForComposites.java:696)
	at ptolemy.actor.util.CausalityInterfaceForComposites._computeOutputPortDepth(CausalityInterfaceForComposites.java:765)
	at ptolemy.actor.util.CausalityInterfaceForComposites._computeInputDepth(CausalityInterfaceForComposites.java:696)
	at ptolemy.actor.util.CausalityInterfaceForComposites._computeOutputPortDepth(CausalityInterfaceForComposites.java:765)
	at ptolemy.actor.util.CausalityInterfaceForComposites._computeInputDepth(CausalityInterfaceForComposites.java:696)
	at ptolemy.actor.util.CausalityInterfaceForComposites._computeActorDepth(CausalityInterfaceForComposites.java:532)
	at ptolemy.actor.util.CausalityInterfaceForComposites.checkForCycles(CausalityInterfaceForComposites.java:96)
	at ptolemy.domains.de.kernel.DEDirector.preinitialize(DEDirector.java:1338)
	at ptolemy.actor.CompositeActor.preinitialize(CompositeActor.java:1828)
	at ptolemy.actor.Manager.preinitializeAndResolveTypes(Manager.java:1040)
	at ptolemy.actor.Manager.initialize(Manager.java:710)
	at ptolemy.actor.Manager.execute(Manager.java:356)
	at ptolemy.actor.Manager.run(Manager.java:1263)
	at ptolemy.actor.Manager$PtolemyRunThread.run(Manager.java:1933)
java.lang.reflect.InvocationTargetException
	at java.base/jdk.internal.reflect.NativeConstructorAccessorImpl.newInstance0(Native Method)
	at java.base/jdk.internal.reflect.NativeConstructorAccessorImpl.newInstance(NativeConstructorAccessorImpl.java:62)
	at java.base/jdk.internal.reflect.DelegatingConstructorAccessorImpl.newInstance(DelegatingConstructorAccessorImpl.java:45)
	at java.base/java.lang.reflect.Constructor.newInstance(Constructor.java:490)
	at ptolemy.util.test.junit.AutoKnownFailedTests.RunModel(AutoKnownFailedTests.java:105)
	at java.base/jdk.internal.reflect.NativeMethodAccessorImpl.invoke0(Native Method)
	at java.base/jdk.internal.reflect.NativeMethodAccessorImpl.invoke(NativeMethodAccessorImpl.java:62)
	at java.base/jdk.internal.reflect.DelegatingMethodAccessorImpl.invoke(DelegatingMethodAccessorImpl.java:43)
	at java.base/java.lang.reflect.Method.invoke(Method.java:566)
	at org.junit.runners.model.FrameworkMethod$1.runReflectiveCall(FrameworkMethod.java:44)
	at org.junit.internal.runners.model.ReflectiveCallable.run(ReflectiveCallable.java:15)
	at org.junit.runners.model.FrameworkMethod.invokeExplosively(FrameworkMethod.java:41)
	at junitparams.internal.InvokeParameterisedMethod.evaluate(InvokeParameterisedMethod.java:102)
	at org.junit.internal.runners.statements.FailOnTimeout$1.run(FailOnTimeout.java:28)
Caused by: ptolemy.kernel.util.IllegalActionException: Found a zero delay loop containing .dependencyLoop.original
  in .dependencyLoop and .dependencyLoop.original
	at ptolemy.actor.util.CausalityInterfaceForComposites._computeOutputPortDepth(CausalityInterfaceForComposites.java:759)
	at ptolemy.actor.util.CausalityInterfaceForComposites._computeInputDepth(CausalityInterfaceForComposites.java:696)
	at ptolemy.actor.util.CausalityInterfaceForComposites._computeOutputPortDepth(CausalityInterfaceForComposites.java:765)
	at ptolemy.actor.util.CausalityInterfaceForComposites._computeInputDepth(CausalityInterfaceForComposites.java:696)
	at ptolemy.actor.util.CausalityInterfaceForComposites._computeOutputPortDepth(CausalityInterfaceForComposites.java:765)
	at ptolemy.actor.util.CausalityInterfaceForComposites._computeInputDepth(CausalityInterfaceForComposites.java:696)
	at ptolemy.actor.util.CausalityInterfaceForComposites._computeActorDepth(CausalityInterfaceForComposites.java:532)
	at ptolemy.actor.util.CausalityInterfaceForComposites.checkForCycles(CausalityInterfaceForComposites.java:96)
	at ptolemy.domains.de.kernel.DEDirector.preinitialize(DEDirector.java:1338)
	at ptolemy.actor.CompositeActor.preinitialize(CompositeActor.java:1828)
	at ptolemy.actor.Manager.preinitializeAndResolveTypes(Manager.java:1040)
	at ptolemy.actor.Manager.initialize(Manager.java:710)
	at ptolemy.actor.Manager.execute(Manager.java:356)
	at ptolemy.actor.Manager.run(Manager.java:1263)
	at ptolemy.actor.Manager$PtolemyRunThread.run(Manager.java:1933)
java.lang.RuntimeException: Execution failed
	at ptolemy.moml.MoMLSimpleApplication$UnloadThread.run(MoMLSimpleApplication.java:402)
Caused by: ptolemy.kernel.util.IllegalActionException: Found a zero delay loop containing .dependencyLoop2.original
  in .dependencyLoop2 and .dependencyLoop2.original
	at ptolemy.actor.util.CausalityInterfaceForComposites._computeOutputPortDepth(CausalityInterfaceForComposites.java:759)
	at ptolemy.actor.util.CausalityInterfaceForComposites._computeInputDepth(CausalityInterfaceForComposites.java:696)
	at ptolemy.actor.util.CausalityInterfaceForComposites._computeOutputPortDepth(CausalityInterfaceForComposites.java:765)
	at ptolemy.actor.util.CausalityInterfaceForComposites._computeInputDepth(CausalityInterfaceForComposites.java:696)
	at ptolemy.actor.util.CausalityInterfaceForComposites._computeOutputPortDepth(CausalityInterfaceForComposites.java:765)
	at ptolemy.actor.util.CausalityInterfaceForComposites._computeInputDepth(CausalityInterfaceForComposites.java:696)
	at ptolemy.actor.util.CausalityInterfaceForComposites._computeActorDepth(CausalityInterfaceForComposites.java:532)
	at ptolemy.actor.util.CausalityInterfaceForComposites.checkForCycles(CausalityInterfaceForComposites.java:96)
	at ptolemy.domains.de.kernel.DEDirector.preinitialize(DEDirector.java:1338)
	at ptolemy.actor.CompositeActor.preinitialize(CompositeActor.java:1828)
	at ptolemy.actor.Manager.preinitializeAndResolveTypes(Manager.java:1040)
	at ptolemy.actor.Manager.initialize(Manager.java:710)
	at ptolemy.actor.Manager.execute(Manager.java:356)
	at ptolemy.actor.Manager.run(Manager.java:1263)
	at ptolemy.actor.Manager$PtolemyRunThread.run(Manager.java:1933)
java.lang.reflect.InvocationTargetException
	at java.base/jdk.internal.reflect.NativeConstructorAccessorImpl.newInstance0(Native Method)
	at java.base/jdk.internal.reflect.NativeConstructorAccessorImpl.newInstance(NativeConstructorAccessorImpl.java:62)
	at java.base/jdk.internal.reflect.DelegatingConstructorAccessorImpl.newInstance(DelegatingConstructorAccessorImpl.java:45)
	at java.base/java.lang.reflect.Constructor.newInstance(Constructor.java:490)
	at ptolemy.util.test.junit.AutoKnownFailedTests.RunModel(AutoKnownFailedTests.java:105)
	at java.base/jdk.internal.reflect.NativeMethodAccessorImpl.invoke0(Native Method)
	at java.base/jdk.internal.reflect.NativeMethodAccessorImpl.invoke(NativeMethodAccessorImpl.java:62)
	at java.base/jdk.internal.reflect.DelegatingMethodAccessorImpl.invoke(DelegatingMethodAccessorImpl.java:43)
	at java.base/java.lang.reflect.Method.invoke(Method.java:566)
	at org.junit.runners.model.FrameworkMethod$1.runReflectiveCall(FrameworkMethod.java:44)
	at org.junit.internal.runners.model.ReflectiveCallable.run(ReflectiveCallable.java:15)
	at org.junit.runners.model.FrameworkMethod.invokeExplosively(FrameworkMethod.java:41)
	at junitparams.internal.InvokeParameterisedMethod.evaluate(InvokeParameterisedMethod.java:102)
	at org.junit.internal.runners.statements.FailOnTimeout$1.run(FailOnTimeout.java:28)
Caused by: ptolemy.kernel.util.IllegalActionException: Found a zero delay loop containing .dependencyLoop2.original
  in .dependencyLoop2 and .dependencyLoop2.original
	at ptolemy.actor.util.CausalityInterfaceForComposites._computeOutputPortDepth(CausalityInterfaceForComposites.java:759)
	at ptolemy.actor.util.CausalityInterfaceForComposites._computeInputDepth(CausalityInterfaceForComposites.java:696)
	at ptolemy.actor.util.CausalityInterfaceForComposites._computeOutputPortDepth(CausalityInterfaceForComposites.java:765)
	at ptolemy.actor.util.CausalityInterfaceForComposites._computeInputDepth(CausalityInterfaceForComposites.java:696)
	at ptolemy.actor.util.CausalityInterfaceForComposites._computeOutputPortDepth(CausalityInterfaceForComposites.java:765)
	at ptolemy.actor.util.CausalityInterfaceForComposites._computeInputDepth(CausalityInterfaceForComposites.java:696)
	at ptolemy.actor.util.CausalityInterfaceForComposites._computeActorDepth(CausalityInterfaceForComposites.java:532)
	at ptolemy.actor.util.CausalityInterfaceForComposites.checkForCycles(CausalityInterfaceForComposites.java:96)
	at ptolemy.domains.de.kernel.DEDirector.preinitialize(DEDirector.java:1338)
	at ptolemy.actor.CompositeActor.preinitialize(CompositeActor.java:1828)
	at ptolemy.actor.Manager.preinitializeAndResolveTypes(Manager.java:1040)
	at ptolemy.actor.Manager.initialize(Manager.java:710)
	at ptolemy.actor.Manager.execute(Manager.java:356)
	at ptolemy.actor.Manager.run(Manager.java:1263)
	at ptolemy.actor.Manager$PtolemyRunThread.run(Manager.java:1933)
]]></system-err>
</testsuite>
