<?xml version="1.0" encoding="UTF-8" ?>
<testsuite errors="0" failures="0" hostname="travis-job-61c35135-046e-4037-a75c-d3e5175fdd8a" name="ptolemy.domains.ddf.test.junit.JUnitTclTest" skipped="0" tests="18" time="6.491" timestamp="2019-11-20T06:19:22">
  <properties>
[...]
</properties>
  <testcase classname="ptolemy.util.test.junit.TclTests" name="[0] /home/travis/build/icyphy/ptII/ptolemy/domains/ddf/test/SequenceToArrayDDF.tcl (RunTclFile)" time="1.335" />
  <testcase classname="ptolemy.util.test.junit.AutoKnownFailedTests" name="[0] ThereAreNoKnowFailedTests (RunModel)" time="0.003" />
  <testcase classname="ptolemy.util.test.junit.AutoNameArchTests" name="[0] ThereAreNoAutoArchTests (RunModel)" time="0.013" />
  <testcase classname="ptolemy.util.test.junit.AutoTests" name="[0] /home/travis/build/icyphy/ptII/ptolemy/domains/ddf/test/auto/DDFInsideDDF.xml (RunModel)" time="0.267" />
  <testcase classname="ptolemy.util.test.junit.AutoTests" name="[1] /home/travis/build/icyphy/ptII/ptolemy/domains/ddf/test/auto/DDFInsideDE.xml (RunModel)" time="0.149" />
  <testcase classname="ptolemy.util.test.junit.AutoTests" name="[2] /home/travis/build/icyphy/ptII/ptolemy/domains/ddf/test/auto/DDFinPN.xml (RunModel)" time="0.099" />
  <testcase classname="ptolemy.util.test.junit.AutoTests" name="[3] /home/travis/build/icyphy/ptII/ptolemy/domains/ddf/test/auto/EratosthenesTest.xml (RunModel)" time="1.307" />
  <testcase classname="ptolemy.util.test.junit.AutoTests" name="[4] /home/travis/build/icyphy/ptII/ptolemy/domains/ddf/test/auto/FactorialTest.xml (RunModel)" time="0.188" />
  <testcase classname="ptolemy.util.test.junit.AutoTests" name="[5] /home/travis/build/icyphy/ptII/ptolemy/domains/ddf/test/auto/HanoiTowerTest.xml (RunModel)" time="0.853" />
  <testcase classname="ptolemy.util.test.junit.AutoTests" name="[6] /home/travis/build/icyphy/ptII/ptolemy/domains/ddf/test/auto/IfThenElse.xml (RunModel)" time="0.028" />
  <testcase classname="ptolemy.util.test.junit.AutoTests" name="[7] /home/travis/build/icyphy/ptII/ptolemy/domains/ddf/test/auto/IfThenElseFSM.xml (RunModel)" time="0.274" />
  <testcase classname="ptolemy.util.test.junit.AutoTests" name="[8] /home/travis/build/icyphy/ptII/ptolemy/domains/ddf/test/auto/LoopTest.xml (RunModel)" time="0.095" />
  <testcase classname="ptolemy.util.test.junit.AutoTests" name="[9] /home/travis/build/icyphy/ptII/ptolemy/domains/ddf/test/auto/OrderedMergeTest.xml (RunModel)" time="0.073" />
  <testcase classname="ptolemy.util.test.junit.AutoTests" name="[10] /home/travis/build/icyphy/ptII/ptolemy/domains/ddf/test/auto/RandomWalkTest.xml (RunModel)" time="0.087" />
  <testcase classname="ptolemy.util.test.junit.AutoTests" name="[11] /home/travis/build/icyphy/ptII/ptolemy/domains/ddf/test/auto/RijndaelEncryptionTest.xml (RunModel)" time="0.864" />
  <testcase classname="ptolemy.util.test.junit.AutoTests" name="[12] /home/travis/build/icyphy/ptII/ptolemy/domains/ddf/test/auto/booleanSelect.xml (RunModel)" time="0.156" />
  <testcase classname="ptolemy.util.test.junit.AutoTests" name="[13] /home/travis/build/icyphy/ptII/ptolemy/domains/ddf/test/auto/controlled_kahnnet.xml (RunModel)" time="0.027" />
  <testcase classname="ptolemy.util.test.junit.AutoTests" name="[14] /home/travis/build/icyphy/ptII/ptolemy/domains/ddf/test/auto/hamming-pt.xml (RunModel)" time="0.036" />
  <system-out><![CDATA[/home/travis/build/icyphy/ptII/ptolemy/domains/ddf/test/SequenceToArrayDDF.tcl
testDefs.tcl: setting time out to 9000 seconds at Wed Nov 20 06:19:22 UTC 2019


==== $PTII/ptolemy/domains/ddf/test/SequenceToArrayDDF.tcl: SequenceToArray-1.0 Read SequenceToArrayDDF.xml, run it, change the const
==== Contents of test case:

    # DDF SequenceToArray bug submitted by Tomasz Zok
    # The problem is that if the length of the Const actor changes
    # between runs from three elements to two elements, then the output of 
    # the second run does not occur.

    set parser [java::new ptolemy.moml.MoMLParser]
    set model "SequenceToArrayDDF.xml"
    $parser purgeAllModelRecords
    set toplevel [java::cast ptolemy.actor.TypedCompositeActor [$parser parseFile $model]]
    set manager [java::new ptolemy.actor.Manager [$toplevel workspace] myManager]
    $toplevel setManager $manager
    $manager execute
    set recorder [java::cast ptolemy.actor.lib.Recorder [$toplevel getEntity Recorder]]
    set r1 [listToStrings [$recorder getHistory 0]]

    set const [java::cast ptolemy.actor.lib.Const [$toplevel getEntity Const]]
    set value [getParameter $const value]
    $value setExpression "{\"aaa\", \"bbb\"}"
    $manager execute
    set r2 [listToStrings [$recorder getHistory 0]]
    list $r1 $r2

.... Test generated KNOWN error:
    while executing
com.microstar.xml.XmlException: Failed to find class 'ptolemy.kernel.util.RelativeLocation' in file:/home/travis/build/icyphy/ptII/ptolemy/domains/ddf/test/ at line 34 and column 87
Caused by:
 java.lang.ClassNotFoundException: ptolemy.kernel.util.RelativeLocation
	at ptolemy.moml.MoMLParser._handlePropertyElement(MoMLParser.java:5911)
	at ptolemy.moml.MoMLParser.startElement(MoMLParser.java:3309)
	at com.microstar.xml.XmlParser.parseElement(XmlParser.java:921)
	at com.microstar.xml.XmlParser.parseContent(XmlParser.java:1104)
	at com.microstar.xml.XmlParser.parseElement(XmlParser.java:924)
	at com.microstar.xml.XmlParser.parseContent(XmlParser.java:1104)
	at com.microstar.xml.XmlParser.parseElement(XmlParser.java:924)
	at com.microstar.xml.XmlParser.parseDocument(XmlParser.java:481)
	at com.microstar.xml.XmlParser.doParse(XmlParser.java:159)
	at com.microstar.xml.XmlParser.parse(XmlParser.java:132)
	at ptolemy.moml.MoMLParser.parse(MoMLParser.java:1676)
	at ptolemy.moml.MoMLParser.parse(MoMLParser.java:1595)
	at ptolemy.moml.MoMLParser._loadFileInContext(MoMLParser.java:6458)
	at ptolemy.moml.MoMLParser._loadIconForClass(MoMLParser.java:6503)
	at ptolemy.moml.MoMLParser._createEntity(MoMLParser.java:4532)
	at ptolemy.moml.MoMLParser.startElement(MoMLParser.java:2864)
	at com.microstar.xml.XmlParser.parseElement(XmlParser.java:921)
	at com.microstar.xml.XmlParser.parseContent(XmlParser.java:1104)
	at com.microstar.xml.XmlParser.parseElement(XmlParser.java:924)
	at com.microstar.xml.XmlParser.parseDocument(XmlParser.java:481)
	at com.microstar.xml.XmlParser.doParse(XmlParser.java:159)
	at com.microstar.xml.XmlParser.parse(XmlParser.java:132)
	at ptolemy.moml.MoMLParser.parse(MoMLParser.java:1676)
	at ptolemy.moml.MoMLParser.parse(MoMLParser.java:1595)
	at ptolemy.moml.MoMLParser.parse(MoMLParser.java:1537)
	at ptolemy.moml.MoMLParser.parseFile(MoMLParser.java:1841)
	at java.base/jdk.internal.reflect.NativeMethodAccessorImpl.invoke0(Native Method)
	at java.base/jdk.internal.reflect.NativeMethodAccessorImpl.invoke(NativeMethodAccessorImpl.java:62)
	at java.base/jdk.internal.reflect.DelegatingMethodAccessorImpl.invoke(DelegatingMethodAccessorImpl.java:43)
	at java.base/java.lang.reflect.Method.invoke(Method.java:566)
	at tcl.lang.reflect.PkgInvoker.invokeMethod(PkgInvoker.java:129)
	at tcl.lang.JavaInvoke.call(JavaInvoke.java:253)
	at tcl.lang.JavaInvoke.callMethod(JavaInvoke.java:116)
	at tcl.lang.ReflectObject.cmdProc(ReflectObject.java:727)
	at tcl.lang.Parser.evalObjv(Parser.java:740)
	at tcl.lang.Parser.eval2(Parser.java:1138)
	at tcl.lang.Parser.evalTokens(Parser.java:930)
	at tcl.lang.Parser.eval2(Parser.java:1125)
	at tcl.lang.Parser.evalTokens(Parser.java:930)
	at tcl.lang.Parser.eval2(Parser.java:1125)
	at tcl.lang.Interp.eval(Interp.java:1782)
	at tcl.lang.Interp.eval(Interp.java:1841)
	at tcl.lang.UplevelCmd.cmdProc(UplevelCmd.java:93)
	at tcl.lang.AutoloadStub.cmdProc(Extension.java:144)
	at tcl.lang.Parser.evalObjv(Parser.java:740)
	at tcl.lang.Parser.eval2(Parser.java:1138)
	at tcl.lang.Interp.eval(Interp.java:1782)
	at tcl.lang.Interp.eval(Interp.java:1841)
	at tcl.lang.CatchCmd.cmdProc(CatchCmd.java:42)
	at tcl.lang.Parser.evalObjv(Parser.java:740)
	at tcl.lang.Parser.eval2(Parser.java:1138)
	at tcl.lang.Parser.evalTokens(Parser.java:930)
	at tcl.lang.Parser.eval2(Parser.java:1125)
	at tcl.lang.Procedure.cmdProc(Procedure.java:175)
	at tcl.lang.Parser.evalObjv(Parser.java:740)
	at tcl.lang.Parser.eval2(Parser.java:1138)
	at tcl.lang.Interp.eval(Interp.java:1782)
	at tcl.lang.Interp.evalFile(Interp.java:1880)
	at java.base/jdk.internal.reflect.NativeMethodAccessorImpl.invoke0(Native Method)
	at java.base/jdk.internal.reflect.NativeMethodAccessorImpl.invoke(NativeMethodAccessorImpl.java:62)
	at java.base/jdk.internal.reflect.DelegatingMethodAccessorImpl.invoke(DelegatingMethodAccessorImpl.java:43)
	at java.base/java.lang.reflect.Method.invoke(Method.java:566)
	at ptolemy.util.test.junit.TclTests.RunTclFile(TclTests.java:233)
	at java.base/jdk.internal.reflect.NativeMethodAccessorImpl.invoke0(Native Method)
	at java.base/jdk.internal.reflect.NativeMethodAccessorImpl.invoke(NativeMethodAccessorImpl.java:62)
	at java.base/jdk.internal.reflect.DelegatingMethodAccessorImpl.invoke(DelegatingMethodAccessorImpl.java:43)
	at java.base/java.lang.reflect.Method.invoke(Method.java:566)
	at org.junit.runners.model.FrameworkMethod$1.runReflectiveCall(FrameworkMethod.java:44)
	at org.junit.internal.runners.model.ReflectiveCallable.run(ReflectiveCallable.java:15)
	at org.junit.runners.model.FrameworkMethod.invokeExplosively(FrameworkMethod.java:41)
	at junitparams.internal.InvokeParameterisedMethod.evaluate(InvokeParameterisedMethod.java:102)
	at junitparams.internal.ParameterisedTestMethodRunner.runMethodInvoker(ParameterisedTestMethodRunner.java:47)
	at junitparams.internal.ParameterisedTestMethodRunner.runTestMethod(ParameterisedTestMethodRunner.java:41)
	at junitparams.internal.ParameterisedTestClassRunner.runParameterisedTest(ParameterisedTestClassRunner.java:143)
	at junitparams.JUnitParamsRunner.runChild(JUnitParamsRunner.java:237)
	at junitparams.JUnitParamsRunner.runChild(JUnitParamsRunner.java:215)
	at org.junit.runners.ParentRunner$3.run(ParentRunner.java:193)
	at org.junit.runners.ParentRunner$1.schedule(ParentRunner.java:52)
	at org.junit.runners.ParentRunner.runChildren(ParentRunner.java:191)
	at org.junit.runners.ParentRunner.access$000(ParentRunner.java:42)
	at org.junit.runners.ParentRunner$2.evaluate(ParentRunner.java:184)
	at org.junit.internal.runners.statements.RunAfters.evaluate(RunAfters.java:31)
	at org.junit.runners.ParentRunner.run(ParentRunner.java:236)
	at org.junit.runners.Suite.runChild(Suite.java:128)
	at org.junit.runners.Suite.runChild(Suite.java:24)
	at org.junit.runners.ParentRunner$3.run(ParentRunner.java:193)
	at org.junit.runners.ParentRunner$1.schedule(ParentRunner.java:52)
	at org.junit.runners.ParentRunner.runChildren(ParentRunner.java:191)
	at org.junit.runners.ParentRunner.access$000(ParentRunner.java:42)
	at org.junit.runners.ParentRunner$2.evaluate(ParentRunner.java:184)
	at org.junit.runners.ParentRunner.run(ParentRunner.java:236)
	at junit.framework.JUnit4TestAdapter.run(JUnit4TestAdapter.java:39)
	at org.apache.tools.ant.taskdefs.optional.junit.JUnitTestRunner.run(JUnitTestRunner.java:535)
	at org.apache.tools.ant.taskdefs.optional.junit.JUnitTestRunner.launch(JUnitTestRunner.java:1182)
	at org.apache.tools.ant.taskdefs.optional.junit.JUnitTestRunner.main(JUnitTestRunner.java:1033)
Caused by: java.lang.ClassNotFoundException: ptolemy.kernel.util.RelativeLocation
	at java.base/jdk.internal.loader.BuiltinClassLoader.loadClass(BuiltinClassLoader.java:583)
	at java.base/jdk.internal.loader.ClassLoaders$AppClassLoader.loadClass(ClassLoaders.java:178)
	at java.base/java.lang.ClassLoader.loadClass(ClassLoader.java:521)
	at ptolemy.moml.MoMLParser._loadClass(MoMLParser.java:6402)
	at ptolemy.moml.MoMLParser._handlePropertyElement(MoMLParser.java:5906)
	... 94 more
Caused by: java.lang.ClassNotFoundException: ptolemy.kernel.util.RelativeLocation
	at java.base/jdk.internal.loader.BuiltinClassLoader.loadClass(BuiltinClassLoader.java:583)
	at java.base/jdk.internal.loader.ClassLoaders$AppClassLoader.loadClass(ClassLoaders.java:178)
	at java.base/java.lang.ClassLoader.loadClass(ClassLoader.java:521)
	at ptolemy.moml.MoMLParser._loadClass(MoMLParser.java:6402)
	at ptolemy.moml.MoMLParser._handlePropertyElement(MoMLParser.java:5906)
	at ptolemy.moml.MoMLParser.startElement(MoMLParser.java:3309)
	at com.microstar.xml.XmlParser.parseElement(XmlParser.java:921)
	at com.microstar.xml.XmlParser.parseContent(XmlParser.java:1104)
	at com.microstar.xml.XmlParser.parseElement(XmlParser.java:924)
	at com.microstar.xml.XmlParser.parseContent(XmlParser.java:1104)
	at com.microstar.xml.XmlParser.parseElement(XmlParser.java:924)
	at com.microstar.xml.XmlParser.parseDocument(XmlParser.java:481)
	at com.microstar.xml.XmlParser.doParse(XmlParser.java:159)
	at com.microstar.xml.XmlParser.parse(XmlParser.java:132)
	at ptolemy.moml.MoMLParser.parse(MoMLParser.java:1676)
	at ptolemy.moml.MoMLParser.parse(MoMLParser.java:1595)
	at ptolemy.moml.MoMLParser._loadFileInContext(MoMLParser.java:6458)
	at ptolemy.moml.MoMLParser._loadIconForClass(MoMLParser.java:6503)
	at ptolemy.moml.MoMLParser._createEntity(MoMLParser.java:4532)
	at ptolemy.moml.MoMLParser.startElement(MoMLParser.java:2864)
	at com.microstar.xml.XmlParser.parseElement(XmlParser.java:921)
	at com.microstar.xml.XmlParser.parseContent(XmlParser.java:1104)
	at com.microstar.xml.XmlParser.parseElement(XmlParser.java:924)
	at com.microstar.xml.XmlParser.parseDocument(XmlParser.java:481)
	at com.microstar.xml.XmlParser.doParse(XmlParser.java:159)
	at com.microstar.xml.XmlParser.parse(XmlParser.java:132)
	at ptolemy.moml.MoMLParser.parse(MoMLParser.java:1676)
	at ptolemy.moml.MoMLParser.parse(MoMLParser.java:1595)
	at ptolemy.moml.MoMLParser.parse(MoMLParser.java:1537)
	at ptolemy.moml.MoMLParser.parseFile(MoMLParser.java:1841)
	at java.base/jdk.internal.reflect.NativeMethodAccessorImpl.invoke0(Native Method)
	at java.base/jdk.internal.reflect.NativeMethodAccessorImpl.invoke(NativeMethodAccessorImpl.java:62)
	at java.base/jdk.internal.reflect.DelegatingMethodAccessorImpl.invoke(DelegatingMethodAccessorImpl.java:43)
	at java.base/java.lang.reflect.Method.invoke(Method.java:566)
	at tcl.lang.reflect.PkgInvoker.invokeMethod(PkgInvoker.java:129)
	at tcl.lang.JavaInvoke.call(JavaInvoke.java:253)
	at tcl.lang.JavaInvoke.callMethod(JavaInvoke.java:116)
	at tcl.lang.ReflectObject.cmdProc(ReflectObject.java:727)
	at tcl.lang.Parser.evalObjv(Parser.java:740)
	at tcl.lang.Parser.eval2(Parser.java:1138)
	at tcl.lang.Parser.evalTokens(Parser.java:930)
	at tcl.lang.Parser.eval2(Parser.java:1125)
	at tcl.lang.Parser.evalTokens(Parser.java:930)
	at tcl.lang.Parser.eval2(Parser.java:1125)
	at tcl.lang.Interp.eval(Interp.java:1782)
	at tcl.lang.Interp.eval(Interp.java:1841)
	at tcl.lang.UplevelCmd.cmdProc(UplevelCmd.java:93)
	at tcl.lang.AutoloadStub.cmdProc(Extension.java:144)
	at tcl.lang.Parser.evalObjv(Parser.java:740)
	at tcl.lang.Parser.eval2(Parser.java:1138)
	at tcl.lang.Interp.eval(Interp.java:1782)
	at tcl.lang.Interp.eval(Interp.java:1841)
	at tcl.lang.CatchCmd.cmdProc(CatchCmd.java:42)
	at tcl.lang.Parser.evalObjv(Parser.java:740)
	at tcl.lang.Parser.eval2(Parser.java:1138)
	at tcl.lang.Parser.evalTokens(Parser.java:930)
	at tcl.lang.Parser.eval2(Parser.java:1125)
	at tcl.lang.Procedure.cmdProc(Procedure.java:175)
	at tcl.lang.Parser.evalObjv(Parser.java:740)
	at tcl.lang.Parser.eval2(Parser.java:1138)
	at tcl.lang.Interp.eval(Interp.java:1782)
	at tcl.lang.Interp.evalFile(Interp.java:1880)
	at java.base/jdk.internal.reflect.NativeMethodAccessorImpl.invoke0(Native Method)
	at java.base/jdk.internal.reflect.NativeMethodAccessorImpl.invoke(NativeMethodAccessorImpl.java:62)
	at java.base/jdk.internal.reflect.DelegatingMethodAccessorImpl.invoke(DelegatingMethodAccessorImpl.java:43)
	at java.base/java.lang.reflect.Method.invoke(Method.java:566)
	at ptolemy.util.test.junit.TclTests.RunTclFile(TclTests.java:233)
	at java.base/jdk.internal.reflect.NativeMethodAccessorImpl.invoke0(Native Method)
	at java.base/jdk.internal.reflect.NativeMethodAccessorImpl.invoke(NativeMethodAccessorImpl.java:62)
	at java.base/jdk.internal.reflect.DelegatingMethodAccessorImpl.invoke(DelegatingMethodAccessorImpl.java:43)
	at java.base/java.lang.reflect.Method.invoke(Method.java:566)
	at org.junit.runners.model.FrameworkMethod$1.runReflectiveCall(FrameworkMethod.java:44)
	at org.junit.internal.runners.model.ReflectiveCallable.run(ReflectiveCallable.java:15)
	at org.junit.runners.model.FrameworkMethod.invokeExplosively(FrameworkMethod.java:41)
	at junitparams.internal.InvokeParameterisedMethod.evaluate(InvokeParameterisedMethod.java:102)
	at junitparams.internal.ParameterisedTestMethodRunner.runMethodInvoker(ParameterisedTestMethodRunner.java:47)
	at junitparams.internal.ParameterisedTestMethodRunner.runTestMethod(ParameterisedTestMethodRunner.java:41)
	at junitparams.internal.ParameterisedTestClassRunner.runParameterisedTest(ParameterisedTestClassRunner.java:143)
	at junitparams.JUnitParamsRunner.runChild(JUnitParamsRunner.java:237)
	at junitparams.JUnitParamsRunner.runChild(JUnitParamsRunner.java:215)
	at org.junit.runners.ParentRunner$3.run(ParentRunner.java:193)
	at org.junit.runners.ParentRunner$1.schedule(ParentRunner.java:52)
	at org.junit.runners.ParentRunner.runChildren(ParentRunner.java:191)
	at org.junit.runners.ParentRunner.access$000(ParentRunner.java:42)
	at org.junit.runners.ParentRunner$2.evaluate(ParentRunner.java:184)
	at org.junit.internal.runners.statements.RunAfters.evaluate(RunAfters.java:31)
	at org.junit.runners.ParentRunner.run(ParentRunner.java:236)
	at org.junit.runners.Suite.runChild(Suite.java:128)
	at org.junit.runners.Suite.runChild(Suite.java:24)
	at org.junit.runners.ParentRunner$3.run(ParentRunner.java:193)
	at org.junit.runners.ParentRunner$1.schedule(ParentRunner.java:52)
	at org.junit.runners.ParentRunner.runChildren(ParentRunner.java:191)
	at org.junit.runners.ParentRunner.access$000(ParentRunner.java:42)
	at org.junit.runners.ParentRunner$2.evaluate(ParentRunner.java:184)
	at org.junit.runners.ParentRunner.run(ParentRunner.java:236)
	at junit.framework.JUnit4TestAdapter.run(JUnit4TestAdapter.java:39)
	at org.apache.tools.ant.taskdefs.optional.junit.JUnitTestRunner.run(JUnitTestRunner.java:535)
	at org.apache.tools.ant.taskdefs.optional.junit.JUnitTestRunner.launch(JUnitTestRunner.java:1182)
	at org.apache.tools.ant.taskdefs.optional.junit.JUnitTestRunner.main(JUnitTestRunner.java:1033)

    while executing
com.microstar.xml.XmlException: Failed to find class 'ptolemy.kernel.util.RelativeLocation' in file:/home/travis/build/icyphy/ptII/ptolemy/domains/ddf/test/ at line 34 and column 87
Caused by:
 java.lang.ClassNotFoundException: ptolemy.kernel.util.RelativeLocation
    while executing
"$parser parseFile $model"
    invoked from within
"java::cast ptolemy.actor.TypedCompositeActor [$parser parseFile $model]"
    invoked from within
"set toplevel [java::cast ptolemy.actor.TypedCompositeActor [$parser parseFile $model]]"
    ("uplevel" body line 10)
    invoked from within
"uplevel $contents_of_test"
11/20/19 06:19:24
Failed: 0  Total Tests: 1  ((Passed: 0, Newly Passed: 0)  Known Failed: 1) /home/travis/build/icyphy/ptII/ptolemy/domains/ddf/test
No auto/knownFailedTests/*.xml tests in /home/travis/build/icyphy/ptII/ptolemy/domains/ddf/test
No auto/linux-amd64/*.xml tests in /home/travis/build/icyphy/ptII/ptolemy/domains/ddf/test
AutoTests.java: About to close Vertx.
AutoTests.java: Vertx closed.

===========================================================================================
----------------- testing Wed Nov 20 06:19:24 UTC 2019 /home/travis/build/icyphy/ptII/ptolemy/domains/ddf/test/auto/DDFInsideDDF.xml
----------------- Instantiating /home/travis/build/icyphy/ptII/ptolemy/domains/ddf/test/auto/DDFInsideDDF.xml
62 ms. Memory: 120832K Free: 83768K (69%)
----------------- Invoking toplevel() on ptolemy.moml.MoMLSimpleApplication@17207d9e
----------------- Done invoking toplevel() on ptolemy.moml.MoMLSimpleApplication@17207d9e
reloadAllAccessors: .DDFInsideDDF

===========================================================================================
----------------- testing Wed Nov 20 06:19:24 UTC 2019 /home/travis/build/icyphy/ptII/ptolemy/domains/ddf/test/auto/DDFInsideDE.xml
----------------- Instantiating /home/travis/build/icyphy/ptII/ptolemy/domains/ddf/test/auto/DDFInsideDE.xml
56 ms. Memory: 120832K Free: 105778K (88%)
----------------- Invoking toplevel() on ptolemy.moml.MoMLSimpleApplication@457ae725
----------------- Done invoking toplevel() on ptolemy.moml.MoMLSimpleApplication@457ae725
reloadAllAccessors: .DDFInsideDE

===========================================================================================
----------------- testing Wed Nov 20 06:19:24 UTC 2019 /home/travis/build/icyphy/ptII/ptolemy/domains/ddf/test/auto/DDFinPN.xml
----------------- Instantiating /home/travis/build/icyphy/ptII/ptolemy/domains/ddf/test/auto/DDFinPN.xml
40 ms. Memory: 120832K Free: 101771K (84%)
----------------- Invoking toplevel() on ptolemy.moml.MoMLSimpleApplication@159e6d9a
----------------- Done invoking toplevel() on ptolemy.moml.MoMLSimpleApplication@159e6d9a
reloadAllAccessors: .DDFinPN

===========================================================================================
----------------- testing Wed Nov 20 06:19:25 UTC 2019 /home/travis/build/icyphy/ptII/ptolemy/domains/ddf/test/auto/EratosthenesTest.xml
----------------- Instantiating /home/travis/build/icyphy/ptII/ptolemy/domains/ddf/test/auto/EratosthenesTest.xml
1157 ms. Memory: 145408K Free: 86705K (60%)
----------------- Invoking toplevel() on ptolemy.moml.MoMLSimpleApplication@3fe7f8b6
----------------- Done invoking toplevel() on ptolemy.moml.MoMLSimpleApplication@3fe7f8b6
reloadAllAccessors: .EratosthenesTest

===========================================================================================
----------------- testing Wed Nov 20 06:19:26 UTC 2019 /home/travis/build/icyphy/ptII/ptolemy/domains/ddf/test/auto/FactorialTest.xml
----------------- Instantiating /home/travis/build/icyphy/ptII/ptolemy/domains/ddf/test/auto/FactorialTest.xml
125 ms. Memory: 145408K Free: 59567K (41%)
----------------- Invoking toplevel() on ptolemy.moml.MoMLSimpleApplication@3a2cde35
----------------- Done invoking toplevel() on ptolemy.moml.MoMLSimpleApplication@3a2cde35
reloadAllAccessors: .FactorialTest

===========================================================================================
----------------- testing Wed Nov 20 06:19:26 UTC 2019 /home/travis/build/icyphy/ptII/ptolemy/domains/ddf/test/auto/HanoiTowerTest.xml
----------------- Instantiating /home/travis/build/icyphy/ptII/ptolemy/domains/ddf/test/auto/HanoiTowerTest.xml
434 ms. Memory: 175104K Free: 70444K (40%)
----------------- Invoking toplevel() on ptolemy.moml.MoMLSimpleApplication@28f6a705
----------------- Done invoking toplevel() on ptolemy.moml.MoMLSimpleApplication@28f6a705
reloadAllAccessors: .HanoiTowerTest

===========================================================================================
----------------- testing Wed Nov 20 06:19:27 UTC 2019 /home/travis/build/icyphy/ptII/ptolemy/domains/ddf/test/auto/IfThenElse.xml
----------------- Instantiating /home/travis/build/icyphy/ptII/ptolemy/domains/ddf/test/auto/IfThenElse.xml
6 ms. Memory: 175104K Free: 65324K (37%)
----------------- Invoking toplevel() on ptolemy.moml.MoMLSimpleApplication@719b4e68
----------------- Done invoking toplevel() on ptolemy.moml.MoMLSimpleApplication@719b4e68
reloadAllAccessors: .IfThenElse

===========================================================================================
----------------- testing Wed Nov 20 06:19:27 UTC 2019 /home/travis/build/icyphy/ptII/ptolemy/domains/ddf/test/auto/IfThenElseFSM.xml
----------------- Instantiating /home/travis/build/icyphy/ptII/ptolemy/domains/ddf/test/auto/IfThenElseFSM.xml
131 ms. Memory: 175104K Free: 144080K (82%)
----------------- Invoking toplevel() on ptolemy.moml.MoMLSimpleApplication@72454126
----------------- Done invoking toplevel() on ptolemy.moml.MoMLSimpleApplication@72454126
reloadAllAccessors: .IfThenElseFSM

===========================================================================================
----------------- testing Wed Nov 20 06:19:27 UTC 2019 /home/travis/build/icyphy/ptII/ptolemy/domains/ddf/test/auto/LoopTest.xml
----------------- Instantiating /home/travis/build/icyphy/ptII/ptolemy/domains/ddf/test/auto/LoopTest.xml
73 ms. Memory: 175104K Free: 136912K (78%)
----------------- Invoking toplevel() on ptolemy.moml.MoMLSimpleApplication@48831dbb
----------------- Done invoking toplevel() on ptolemy.moml.MoMLSimpleApplication@48831dbb
reloadAllAccessors: .LoopTest

===========================================================================================
----------------- testing Wed Nov 20 06:19:27 UTC 2019 /home/travis/build/icyphy/ptII/ptolemy/domains/ddf/test/auto/OrderedMergeTest.xml
----------------- Instantiating /home/travis/build/icyphy/ptII/ptolemy/domains/ddf/test/auto/OrderedMergeTest.xml
11 ms. Memory: 175104K Free: 131792K (75%)
----------------- Invoking toplevel() on ptolemy.moml.MoMLSimpleApplication@5844405f
----------------- Done invoking toplevel() on ptolemy.moml.MoMLSimpleApplication@5844405f
reloadAllAccessors: .OrderedMergeTest

===========================================================================================
----------------- testing Wed Nov 20 06:19:27 UTC 2019 /home/travis/build/icyphy/ptII/ptolemy/domains/ddf/test/auto/RandomWalkTest.xml
----------------- Instantiating /home/travis/build/icyphy/ptII/ptolemy/domains/ddf/test/auto/RandomWalkTest.xml
39 ms. Memory: 175104K Free: 118990K (68%)
----------------- Invoking toplevel() on ptolemy.moml.MoMLSimpleApplication@4e0e1e80
----------------- Done invoking toplevel() on ptolemy.moml.MoMLSimpleApplication@4e0e1e80
reloadAllAccessors: .RandomWalkTest

===========================================================================================
----------------- testing Wed Nov 20 06:19:27 UTC 2019 /home/travis/build/icyphy/ptII/ptolemy/domains/ddf/test/auto/RijndaelEncryptionTest.xml
----------------- Instantiating /home/travis/build/icyphy/ptII/ptolemy/domains/ddf/test/auto/RijndaelEncryptionTest.xml
464 ms. Memory: 175104K Free: 76626K (44%)
----------------- Invoking toplevel() on ptolemy.moml.MoMLSimpleApplication@5965a221
----------------- Done invoking toplevel() on ptolemy.moml.MoMLSimpleApplication@5965a221
reloadAllAccessors: .RijndaelEncryptionTest

===========================================================================================
----------------- testing Wed Nov 20 06:19:28 UTC 2019 /home/travis/build/icyphy/ptII/ptolemy/domains/ddf/test/auto/booleanSelect.xml
----------------- Instantiating /home/travis/build/icyphy/ptII/ptolemy/domains/ddf/test/auto/booleanSelect.xml
115 ms. Memory: 175104K Free: 139814K (80%)
----------------- Invoking toplevel() on ptolemy.moml.MoMLSimpleApplication@3eac08d1
----------------- Done invoking toplevel() on ptolemy.moml.MoMLSimpleApplication@3eac08d1
reloadAllAccessors: .booleanSelect

===========================================================================================
----------------- testing Wed Nov 20 06:19:29 UTC 2019 /home/travis/build/icyphy/ptII/ptolemy/domains/ddf/test/auto/controlled_kahnnet.xml
----------------- Instantiating /home/travis/build/icyphy/ptII/ptolemy/domains/ddf/test/auto/controlled_kahnnet.xml
3 ms. Memory: 175104K Free: 136114K (78%)
----------------- Invoking toplevel() on ptolemy.moml.MoMLSimpleApplication@795180a4
----------------- Done invoking toplevel() on ptolemy.moml.MoMLSimpleApplication@795180a4
reloadAllAccessors: .controlled_kahnnet

===========================================================================================
----------------- testing Wed Nov 20 06:19:29 UTC 2019 /home/travis/build/icyphy/ptII/ptolemy/domains/ddf/test/auto/hamming-pt.xml
----------------- Instantiating /home/travis/build/icyphy/ptII/ptolemy/domains/ddf/test/auto/hamming-pt.xml
13 ms. Memory: 175104K Free: 132026K (75%)
----------------- Invoking toplevel() on ptolemy.moml.MoMLSimpleApplication@4c05c217
----------------- Done invoking toplevel() on ptolemy.moml.MoMLSimpleApplication@4c05c217
reloadAllAccessors: .hamming-pt
AutoTests.java: About to close Vertx.
AutoTests.java: Vertx closed.
]]></system-out>
  <system-err><![CDATA[]]></system-err>
</testsuite>
