<?xml version="1.0" encoding="UTF-8" ?>
<testsuite errors="0" failures="0" hostname="travis-job-88771922-fec9-4623-9f52-1aa2e384ca41" name="ptolemy.domains.continuous.test.junit.JUnitTclTest" skipped="0" tests="156" time="78.508" timestamp="2020-08-09T15:18:45">
  <properties>
[...]
</properties>
  <testcase classname="ptolemy.util.test.junit.TclTests" name="[0] ThereAreNoTclTests (RunTclFile)" time="0.008" />
  <testcase classname="ptolemy.util.test.junit.AutoKnownFailedTests" name="[0] ThereAreNoKnowFailedTests (RunModel)" time="0.003" />
  <testcase classname="ptolemy.util.test.junit.AutoNameArchTests" name="[0] ThereAreNoAutoArchTests (RunModel)" time="0.02" />
  <testcase classname="ptolemy.util.test.junit.AutoTests" name="[0] /home/travis/build/icyphy/ptII/ptolemy/domains/continuous/test/auto/BouncingBall.xml (RunModel)" time="3.091" />
  <testcase classname="ptolemy.util.test.junit.AutoTests" name="[1] /home/travis/build/icyphy/ptII/ptolemy/domains/continuous/test/auto/BouncingBallWithoutGR.xml (RunModel)" time="0.883" />
  <testcase classname="ptolemy.util.test.junit.AutoTests" name="[2] /home/travis/build/icyphy/ptII/ptolemy/domains/continuous/test/auto/Brownian.xml (RunModel)" time="0.081" />
  <testcase classname="ptolemy.util.test.junit.AutoTests" name="[3] /home/travis/build/icyphy/ptII/ptolemy/domains/continuous/test/auto/CarTracking.xml (RunModel)" time="3.859" />
  <testcase classname="ptolemy.util.test.junit.AutoTests" name="[4] /home/travis/build/icyphy/ptII/ptolemy/domains/continuous/test/auto/CartPendulum.xml (RunModel)" time="0.564" />
  <testcase classname="ptolemy.util.test.junit.AutoTests" name="[5] /home/travis/build/icyphy/ptII/ptolemy/domains/continuous/test/auto/CausalityInterface10.xml (RunModel)" time="0.042" />
  <testcase classname="ptolemy.util.test.junit.AutoTests" name="[6] /home/travis/build/icyphy/ptII/ptolemy/domains/continuous/test/auto/CausalityInterface11.xml (RunModel)" time="0.031" />
  <testcase classname="ptolemy.util.test.junit.AutoTests" name="[7] /home/travis/build/icyphy/ptII/ptolemy/domains/continuous/test/auto/CausalityInterface12.xml (RunModel)" time="0.03" />
  <testcase classname="ptolemy.util.test.junit.AutoTests" name="[8] /home/travis/build/icyphy/ptII/ptolemy/domains/continuous/test/auto/CausalityInterface13.xml (RunModel)" time="0.035" />
  <testcase classname="ptolemy.util.test.junit.AutoTests" name="[9] /home/travis/build/icyphy/ptII/ptolemy/domains/continuous/test/auto/CausalityInterface14.xml (RunModel)" time="0.025" />
  <testcase classname="ptolemy.util.test.junit.AutoTests" name="[10] /home/travis/build/icyphy/ptII/ptolemy/domains/continuous/test/auto/CausalityInterface4.xml (RunModel)" time="0.026" />
  <testcase classname="ptolemy.util.test.junit.AutoTests" name="[11] /home/travis/build/icyphy/ptII/ptolemy/domains/continuous/test/auto/CausalityInterface5.xml (RunModel)" time="0.041" />
  <testcase classname="ptolemy.util.test.junit.AutoTests" name="[12] /home/travis/build/icyphy/ptII/ptolemy/domains/continuous/test/auto/CausalityInterface6.xml (RunModel)" time="0.025" />
  <testcase classname="ptolemy.util.test.junit.AutoTests" name="[13] /home/travis/build/icyphy/ptII/ptolemy/domains/continuous/test/auto/CausalityInterface7.xml (RunModel)" time="0.034" />
  <testcase classname="ptolemy.util.test.junit.AutoTests" name="[14] /home/travis/build/icyphy/ptII/ptolemy/domains/continuous/test/auto/CausalityInterface8.xml (RunModel)" time="0.038" />
  <testcase classname="ptolemy.util.test.junit.AutoTests" name="[15] /home/travis/build/icyphy/ptII/ptolemy/domains/continuous/test/auto/CausalityInterface9.xml (RunModel)" time="0.045" />
  <testcase classname="ptolemy.util.test.junit.AutoTests" name="[16] /home/travis/build/icyphy/ptII/ptolemy/domains/continuous/test/auto/CausalityInterfaceFeedback1.xml (RunModel)" time="0.04" />
  <testcase classname="ptolemy.util.test.junit.AutoTests" name="[17] /home/travis/build/icyphy/ptII/ptolemy/domains/continuous/test/auto/CausalityInterfaceFeedback2.xml (RunModel)" time="0.034" />
  <testcase classname="ptolemy.util.test.junit.AutoTests" name="[18] /home/travis/build/icyphy/ptII/ptolemy/domains/continuous/test/auto/CompareWithCurrentTime.xml (RunModel)" time="0.024" />
  <testcase classname="ptolemy.util.test.junit.AutoTests" name="[19] /home/travis/build/icyphy/ptII/ptolemy/domains/continuous/test/auto/ComparedClocks.xml (RunModel)" time="0.099" />
  <testcase classname="ptolemy.util.test.junit.AutoTests" name="[20] /home/travis/build/icyphy/ptII/ptolemy/domains/continuous/test/auto/ContinuousAOCClone.xml (RunModel)" time="2.345" />
  <testcase classname="ptolemy.util.test.junit.AutoTests" name="[21] /home/travis/build/icyphy/ptII/ptolemy/domains/continuous/test/auto/ContinuousClock.xml (RunModel)" time="0.092" />
  <testcase classname="ptolemy.util.test.junit.AutoTests" name="[22] /home/travis/build/icyphy/ptII/ptolemy/domains/continuous/test/auto/ContinuousInContinuous.xml (RunModel)" time="0.083" />
  <testcase classname="ptolemy.util.test.junit.AutoTests" name="[23] /home/travis/build/icyphy/ptII/ptolemy/domains/continuous/test/auto/ContinuousInContinuousInContinuous.xml (RunModel)" time="0.025" />
  <testcase classname="ptolemy.util.test.junit.AutoTests" name="[24] /home/travis/build/icyphy/ptII/ptolemy/domains/continuous/test/auto/ContinuousInDE.xml (RunModel)" time="0.089" />
  <testcase classname="ptolemy.util.test.junit.AutoTests" name="[25] /home/travis/build/icyphy/ptII/ptolemy/domains/continuous/test/auto/ContinuousInDE2.xml (RunModel)" time="0.058" />
  <testcase classname="ptolemy.util.test.junit.AutoTests" name="[26] /home/travis/build/icyphy/ptII/ptolemy/domains/continuous/test/auto/ContinuousInDE3.xml (RunModel)" time="0.05" />
  <testcase classname="ptolemy.util.test.junit.AutoTests" name="[27] /home/travis/build/icyphy/ptII/ptolemy/domains/continuous/test/auto/ContinuousInDE4.xml (RunModel)" time="0.031" />
  <testcase classname="ptolemy.util.test.junit.AutoTests" name="[28] /home/travis/build/icyphy/ptII/ptolemy/domains/continuous/test/auto/ContinuousInDEDifferentRefinements.xml (RunModel)" time="0.11" />
  <testcase classname="ptolemy.util.test.junit.AutoTests" name="[29] /home/travis/build/icyphy/ptII/ptolemy/domains/continuous/test/auto/ContinuousInDEDifferentRefinementsPreemptive.xml (RunModel)" time="0.109" />
  <testcase classname="ptolemy.util.test.junit.AutoTests" name="[30] /home/travis/build/icyphy/ptII/ptolemy/domains/continuous/test/auto/ContinuousInDEInContinuous2.xml (RunModel)" time="0.056" />
  <testcase classname="ptolemy.util.test.junit.AutoTests" name="[31] /home/travis/build/icyphy/ptII/ptolemy/domains/continuous/test/auto/ContinuousInDEInContinuous3.xml (RunModel)" time="0.059" />
  <testcase classname="ptolemy.util.test.junit.AutoTests" name="[32] /home/travis/build/icyphy/ptII/ptolemy/domains/continuous/test/auto/ContinuousInDEInput.xml (RunModel)" time="0.033" />
  <testcase classname="ptolemy.util.test.junit.AutoTests" name="[33] /home/travis/build/icyphy/ptII/ptolemy/domains/continuous/test/auto/ContinuousInDEInput2.xml (RunModel)" time="0.034" />
  <testcase classname="ptolemy.util.test.junit.AutoTests" name="[34] /home/travis/build/icyphy/ptII/ptolemy/domains/continuous/test/auto/ContinuousInDEInput3.xml (RunModel)" time="0.03" />
  <testcase classname="ptolemy.util.test.junit.AutoTests" name="[35] /home/travis/build/icyphy/ptII/ptolemy/domains/continuous/test/auto/ContinuousInDESharingRefinement.xml (RunModel)" time="0.163" />
  <testcase classname="ptolemy.util.test.junit.AutoTests" name="[36] /home/travis/build/icyphy/ptII/ptolemy/domains/continuous/test/auto/ContinuousInDEwithNoPorts.xml (RunModel)" time="0.017" />
  <testcase classname="ptolemy.util.test.junit.AutoTests" name="[37] /home/travis/build/icyphy/ptII/ptolemy/domains/continuous/test/auto/ContinuousInsideDE.xml (RunModel)" time="0.076" />
  <testcase classname="ptolemy.util.test.junit.AutoTests" name="[38] /home/travis/build/icyphy/ptII/ptolemy/domains/continuous/test/auto/ContinuousMerge1.xml (RunModel)" time="0.015" />
  <testcase classname="ptolemy.util.test.junit.AutoTests" name="[39] /home/travis/build/icyphy/ptII/ptolemy/domains/continuous/test/auto/ContinuousMerge2.xml (RunModel)" time="0.042" />
  <testcase classname="ptolemy.util.test.junit.AutoTests" name="[40] /home/travis/build/icyphy/ptII/ptolemy/domains/continuous/test/auto/ContinuousMerge3.xml (RunModel)" time="0.055" />
  <testcase classname="ptolemy.util.test.junit.AutoTests" name="[41] /home/travis/build/icyphy/ptII/ptolemy/domains/continuous/test/auto/ContinuousWithinContinuous.xml (RunModel)" time="0.054" />
  <testcase classname="ptolemy.util.test.junit.AutoTests" name="[42] /home/travis/build/icyphy/ptII/ptolemy/domains/continuous/test/auto/ContinuousWithinContinuous2.xml (RunModel)" time="0.081" />
  <testcase classname="ptolemy.util.test.junit.AutoTests" name="[43] /home/travis/build/icyphy/ptII/ptolemy/domains/continuous/test/auto/ContinuousWithinContinuous3.xml (RunModel)" time="0.03" />
  <testcase classname="ptolemy.util.test.junit.AutoTests" name="[44] /home/travis/build/icyphy/ptII/ptolemy/domains/continuous/test/auto/ContinuousWithinContinuous4.xml (RunModel)" time="0.097" />
  <testcase classname="ptolemy.util.test.junit.AutoTests" name="[45] /home/travis/build/icyphy/ptII/ptolemy/domains/continuous/test/auto/ContinuousWithinContinuous5.xml (RunModel)" time="0.031" />
  <testcase classname="ptolemy.util.test.junit.AutoTests" name="[46] /home/travis/build/icyphy/ptII/ptolemy/domains/continuous/test/auto/ContinuousWithinContinuous6.xml (RunModel)" time="0.031" />
  <testcase classname="ptolemy.util.test.junit.AutoTests" name="[47] /home/travis/build/icyphy/ptII/ptolemy/domains/continuous/test/auto/ContinuousWithinContinuous7.xml (RunModel)" time="0.069" />
  <testcase classname="ptolemy.util.test.junit.AutoTests" name="[48] /home/travis/build/icyphy/ptII/ptolemy/domains/continuous/test/auto/DCMotor.xml (RunModel)" time="14.833" />
  <testcase classname="ptolemy.util.test.junit.AutoTests" name="[49] /home/travis/build/icyphy/ptII/ptolemy/domains/continuous/test/auto/DEInContinuous.xml (RunModel)" time="0.024" />
  <testcase classname="ptolemy.util.test.junit.AutoTests" name="[50] /home/travis/build/icyphy/ptII/ptolemy/domains/continuous/test/auto/DEinContinuous2.xml (RunModel)" time="0.025" />
  <testcase classname="ptolemy.util.test.junit.AutoTests" name="[51] /home/travis/build/icyphy/ptII/ptolemy/domains/continuous/test/auto/Derivative.xml (RunModel)" time="0.178" />
  <testcase classname="ptolemy.util.test.junit.AutoTests" name="[52] /home/travis/build/icyphy/ptII/ptolemy/domains/continuous/test/auto/Derivative1.xml (RunModel)" time="0.044" />
  <testcase classname="ptolemy.util.test.junit.AutoTests" name="[53] /home/travis/build/icyphy/ptII/ptolemy/domains/continuous/test/auto/DiscreteClock.xml (RunModel)" time="0.016" />
  <testcase classname="ptolemy.util.test.junit.AutoTests" name="[54] /home/travis/build/icyphy/ptII/ptolemy/domains/continuous/test/auto/EfficiencyCurve.xml (RunModel)" time="0.1" />
  <testcase classname="ptolemy.util.test.junit.AutoTests" name="[55] /home/travis/build/icyphy/ptII/ptolemy/domains/continuous/test/auto/ExponentialResponse.xml (RunModel)" time="0.104" />
  <testcase classname="ptolemy.util.test.junit.AutoTests" name="[56] /home/travis/build/icyphy/ptII/ptolemy/domains/continuous/test/auto/ExponentialResponseRK45.xml (RunModel)" time="0.035" />
  <testcase classname="ptolemy.util.test.junit.AutoTests" name="[57] /home/travis/build/icyphy/ptII/ptolemy/domains/continuous/test/auto/Friction.xml (RunModel)" time="1.529" />
  <testcase classname="ptolemy.util.test.junit.AutoTests" name="[58] /home/travis/build/icyphy/ptII/ptolemy/domains/continuous/test/auto/FurutaPendulum.xml (RunModel)" time="3.2" />
  <testcase classname="ptolemy.util.test.junit.AutoTests" name="[59] /home/travis/build/icyphy/ptII/ptolemy/domains/continuous/test/auto/HierarchicalExecution.xml (RunModel)" time="2.401" />
  <testcase classname="ptolemy.util.test.junit.AutoTests" name="[60] /home/travis/build/icyphy/ptII/ptolemy/domains/continuous/test/auto/HybridPlant.xml (RunModel)" time="0.712" />
  <testcase classname="ptolemy.util.test.junit.AutoTests" name="[61] /home/travis/build/icyphy/ptII/ptolemy/domains/continuous/test/auto/Hysteresis.xml (RunModel)" time="0.219" />
  <testcase classname="ptolemy.util.test.junit.AutoTests" name="[62] /home/travis/build/icyphy/ptII/ptolemy/domains/continuous/test/auto/HysteresisWithRandomDelay.xml (RunModel)" time="0.26" />
  <testcase classname="ptolemy.util.test.junit.AutoTests" name="[63] /home/travis/build/icyphy/ptII/ptolemy/domains/continuous/test/auto/HysteresisWithRandomLosses.xml (RunModel)" time="2.759" />
  <testcase classname="ptolemy.util.test.junit.AutoTests" name="[64] /home/travis/build/icyphy/ptII/ptolemy/domains/continuous/test/auto/ImmediateTransitions.xml (RunModel)" time="0.035" />
  <testcase classname="ptolemy.util.test.junit.AutoTests" name="[65] /home/travis/build/icyphy/ptII/ptolemy/domains/continuous/test/auto/ImpulseFeedback.xml (RunModel)" time="0.016" />
  <testcase classname="ptolemy.util.test.junit.AutoTests" name="[66] /home/travis/build/icyphy/ptII/ptolemy/domains/continuous/test/auto/ImpulseFeedback2.xml (RunModel)" time="0.015" />
  <testcase classname="ptolemy.util.test.junit.AutoTests" name="[67] /home/travis/build/icyphy/ptII/ptolemy/domains/continuous/test/auto/IncreasingRatePoisson.xml (RunModel)" time="0.797" />
  <testcase classname="ptolemy.util.test.junit.AutoTests" name="[68] /home/travis/build/icyphy/ptII/ptolemy/domains/continuous/test/auto/InitialStateFeedback.xml (RunModel)" time="0.016" />
  <testcase classname="ptolemy.util.test.junit.AutoTests" name="[69] /home/travis/build/icyphy/ptII/ptolemy/domains/continuous/test/auto/Integration.xml (RunModel)" time="0.01" />
  <testcase classname="ptolemy.util.test.junit.AutoTests" name="[70] /home/travis/build/icyphy/ptII/ptolemy/domains/continuous/test/auto/Integration2.xml (RunModel)" time="0.085" />
  <testcase classname="ptolemy.util.test.junit.AutoTests" name="[71] /home/travis/build/icyphy/ptII/ptolemy/domains/continuous/test/auto/Integration3.xml (RunModel)" time="0.014" />
  <testcase classname="ptolemy.util.test.junit.AutoTests" name="[72] /home/travis/build/icyphy/ptII/ptolemy/domains/continuous/test/auto/Integration5.xml (RunModel)" time="0.02" />
  <testcase classname="ptolemy.util.test.junit.AutoTests" name="[73] /home/travis/build/icyphy/ptII/ptolemy/domains/continuous/test/auto/IntegratorImpulse.xml (RunModel)" time="0.014" />
  <testcase classname="ptolemy.util.test.junit.AutoTests" name="[74] /home/travis/build/icyphy/ptII/ptolemy/domains/continuous/test/auto/IntegratorImpulse2.xml (RunModel)" time="0.021" />
  <testcase classname="ptolemy.util.test.junit.AutoTests" name="[75] /home/travis/build/icyphy/ptII/ptolemy/domains/continuous/test/auto/LevelCrossing1.xml (RunModel)" time="0.016" />
  <testcase classname="ptolemy.util.test.junit.AutoTests" name="[76] /home/travis/build/icyphy/ptII/ptolemy/domains/continuous/test/auto/LevelCrossing2.xml (RunModel)" time="0.015" />
  <testcase classname="ptolemy.util.test.junit.AutoTests" name="[77] /home/travis/build/icyphy/ptII/ptolemy/domains/continuous/test/auto/LevelCrossing3.xml (RunModel)" time="0.012" />
  <testcase classname="ptolemy.util.test.junit.AutoTests" name="[78] /home/travis/build/icyphy/ptII/ptolemy/domains/continuous/test/auto/LevelCrossing4.xml (RunModel)" time="0.016" />
  <testcase classname="ptolemy.util.test.junit.AutoTests" name="[79] /home/travis/build/icyphy/ptII/ptolemy/domains/continuous/test/auto/LevelCrossing5.xml (RunModel)" time="0.013" />
  <testcase classname="ptolemy.util.test.junit.AutoTests" name="[80] /home/travis/build/icyphy/ptII/ptolemy/domains/continuous/test/auto/LevelCrossing6.xml (RunModel)" time="0.028" />
  <testcase classname="ptolemy.util.test.junit.AutoTests" name="[81] /home/travis/build/icyphy/ptII/ptolemy/domains/continuous/test/auto/LevelCrossingDetector.xml (RunModel)" time="0.034" />
  <testcase classname="ptolemy.util.test.junit.AutoTests" name="[82] /home/travis/build/icyphy/ptII/ptolemy/domains/continuous/test/auto/LevelCrossingDetectorDetectingDirections.xml (RunModel)" time="0.085" />
  <testcase classname="ptolemy.util.test.junit.AutoTests" name="[83] /home/travis/build/icyphy/ptII/ptolemy/domains/continuous/test/auto/LevelCrossingDetectorDetectsGlitches.xml (RunModel)" time="0.065" />
  <testcase classname="ptolemy.util.test.junit.AutoTests" name="[84] /home/travis/build/icyphy/ptII/ptolemy/domains/continuous/test/auto/LevelCrossingNoInitialOuput.xml (RunModel)" time="0.013" />
  <testcase classname="ptolemy.util.test.junit.AutoTests" name="[85] /home/travis/build/icyphy/ptII/ptolemy/domains/continuous/test/auto/LinearStateSpaceExample.xml (RunModel)" time="0.073" />
  <testcase classname="ptolemy.util.test.junit.AutoTests" name="[86] /home/travis/build/icyphy/ptII/ptolemy/domains/continuous/test/auto/Lorenz.xml (RunModel)" time="4.397" />
  <testcase classname="ptolemy.util.test.junit.AutoTests" name="[87] /home/travis/build/icyphy/ptII/ptolemy/domains/continuous/test/auto/LorenzDifferentialSystem.xml (RunModel)" time="1.246" />
  <testcase classname="ptolemy.util.test.junit.AutoTests" name="[88] /home/travis/build/icyphy/ptII/ptolemy/domains/continuous/test/auto/LorenzDifferentialSystemWithInput.xml (RunModel)" time="1.576" />
  <testcase classname="ptolemy.util.test.junit.AutoTests" name="[89] /home/travis/build/icyphy/ptII/ptolemy/domains/continuous/test/auto/LorenzDifferentialSystemWithTime.xml (RunModel)" time="0.823" />
  <testcase classname="ptolemy.util.test.junit.AutoTests" name="[90] /home/travis/build/icyphy/ptII/ptolemy/domains/continuous/test/auto/Microsteps.xml (RunModel)" time="0.017" />
  <testcase classname="ptolemy.util.test.junit.AutoTests" name="[91] /home/travis/build/icyphy/ptII/ptolemy/domains/continuous/test/auto/Modal1.xml (RunModel)" time="0.036" />
  <testcase classname="ptolemy.util.test.junit.AutoTests" name="[92] /home/travis/build/icyphy/ptII/ptolemy/domains/continuous/test/auto/Modal2.xml (RunModel)" time="0.052" />
  <testcase classname="ptolemy.util.test.junit.AutoTests" name="[93] /home/travis/build/icyphy/ptII/ptolemy/domains/continuous/test/auto/ModalTransitionGuardWithReset.xml (RunModel)" time="0.026" />
  <testcase classname="ptolemy.util.test.junit.AutoTests" name="[94] /home/travis/build/icyphy/ptII/ptolemy/domains/continuous/test/auto/ModalTransitionGuardWithResetUsingPreemptiveTransition.xml (RunModel)" time="0.03" />
  <testcase classname="ptolemy.util.test.junit.AutoTests" name="[95] /home/travis/build/icyphy/ptII/ptolemy/domains/continuous/test/auto/ModalTransitionGuardWithResetUsingPreemptiveTransition2.xml (RunModel)" time="0.029" />
  <testcase classname="ptolemy.util.test.junit.AutoTests" name="[96] /home/travis/build/icyphy/ptII/ptolemy/domains/continuous/test/auto/ModalTransitionGuardWithResetUsingPreemptiveTransition3.xml (RunModel)" time="0.04" />
  <testcase classname="ptolemy.util.test.junit.AutoTests" name="[97] /home/travis/build/icyphy/ptII/ptolemy/domains/continuous/test/auto/NewtonsCradle.xml (RunModel)" time="0.85" />
  <testcase classname="ptolemy.util.test.junit.AutoTests" name="[98] /home/travis/build/icyphy/ptII/ptolemy/domains/continuous/test/auto/NewtonsCradleAnimated.xml (RunModel)" time="1.401" />
  <testcase classname="ptolemy.util.test.junit.AutoTests" name="[99] /home/travis/build/icyphy/ptII/ptolemy/domains/continuous/test/auto/NewtonsCradleComplicated.xml (RunModel)" time="0.949" />
  <testcase classname="ptolemy.util.test.junit.AutoTests" name="[100] /home/travis/build/icyphy/ptII/ptolemy/domains/continuous/test/auto/NewtonsCradleNondeterministic.xml (RunModel)" time="0.75" />
  <testcase classname="ptolemy.util.test.junit.AutoTests" name="[101] /home/travis/build/icyphy/ptII/ptolemy/domains/continuous/test/auto/NewtonsCradlePerfectlyInelastic1.xml (RunModel)" time="1.255" />
  <testcase classname="ptolemy.util.test.junit.AutoTests" name="[102] /home/travis/build/icyphy/ptII/ptolemy/domains/continuous/test/auto/Noise.xml (RunModel)" time="0.201" />
  <testcase classname="ptolemy.util.test.junit.AutoTests" name="[103] /home/travis/build/icyphy/ptII/ptolemy/domains/continuous/test/auto/NoiseSpectrum.xml (RunModel)" time="0.817" />
  <testcase classname="ptolemy.util.test.junit.AutoTests" name="[104] /home/travis/build/icyphy/ptII/ptolemy/domains/continuous/test/auto/ParameterizedNewtonsCradleAnimated.xml (RunModel)" time="0.387" />
  <testcase classname="ptolemy.util.test.junit.AutoTests" name="[105] /home/travis/build/icyphy/ptII/ptolemy/domains/continuous/test/auto/ParameterizedNewtonsCradleAnimatedNondeterministic.xml (RunModel)" time="1.369" />
  <testcase classname="ptolemy.util.test.junit.AutoTests" name="[106] /home/travis/build/icyphy/ptII/ptolemy/domains/continuous/test/auto/Pendulum3D.xml (RunModel)" time="0.168" />
  <testcase classname="ptolemy.util.test.junit.AutoTests" name="[107] /home/travis/build/icyphy/ptII/ptolemy/domains/continuous/test/auto/PeriodicSampler.xml (RunModel)" time="0.012" />
  <testcase classname="ptolemy.util.test.junit.AutoTests" name="[108] /home/travis/build/icyphy/ptII/ptolemy/domains/continuous/test/auto/PeriodicSampler1.xml (RunModel)" time="0.042" />
  <testcase classname="ptolemy.util.test.junit.AutoTests" name="[109] /home/travis/build/icyphy/ptII/ptolemy/domains/continuous/test/auto/PeriodicSampler2.xml (RunModel)" time="0.086" />
  <testcase classname="ptolemy.util.test.junit.AutoTests" name="[110] /home/travis/build/icyphy/ptII/ptolemy/domains/continuous/test/auto/Poisson.xml (RunModel)" time="0.532" />
  <testcase classname="ptolemy.util.test.junit.AutoTests" name="[111] /home/travis/build/icyphy/ptII/ptolemy/domains/continuous/test/auto/PoissonClock.xml (RunModel)" time="0.012" />
  <testcase classname="ptolemy.util.test.junit.AutoTests" name="[112] /home/travis/build/icyphy/ptII/ptolemy/domains/continuous/test/auto/PoissonClock2.xml (RunModel)" time="0.016" />
  <testcase classname="ptolemy.util.test.junit.AutoTests" name="[113] /home/travis/build/icyphy/ptII/ptolemy/domains/continuous/test/auto/PortParameterHierarchy.xml (RunModel)" time="0.043" />
  <testcase classname="ptolemy.util.test.junit.AutoTests" name="[114] /home/travis/build/icyphy/ptII/ptolemy/domains/continuous/test/auto/RandomHybridPlant.xml (RunModel)" time="0.579" />
  <testcase classname="ptolemy.util.test.junit.AutoTests" name="[115] /home/travis/build/icyphy/ptII/ptolemy/domains/continuous/test/auto/ResetTransitionWithStartTime1.xml (RunModel)" time="0.034" />
  <testcase classname="ptolemy.util.test.junit.AutoTests" name="[116] /home/travis/build/icyphy/ptII/ptolemy/domains/continuous/test/auto/ResetTransitionWithStartTime2.xml (RunModel)" time="0.047" />
  <testcase classname="ptolemy.util.test.junit.AutoTests" name="[117] /home/travis/build/icyphy/ptII/ptolemy/domains/continuous/test/auto/ResetTransitionWithStartTime3.xml (RunModel)" time="0.062" />
  <testcase classname="ptolemy.util.test.junit.AutoTests" name="[118] /home/travis/build/icyphy/ptII/ptolemy/domains/continuous/test/auto/ResetTransitionWithStartTime4.xml (RunModel)" time="0.029" />
  <testcase classname="ptolemy.util.test.junit.AutoTests" name="[119] /home/travis/build/icyphy/ptII/ptolemy/domains/continuous/test/auto/ResetTransitionWithStartTime5.xml (RunModel)" time="0.033" />
  <testcase classname="ptolemy.util.test.junit.AutoTests" name="[120] /home/travis/build/icyphy/ptII/ptolemy/domains/continuous/test/auto/ResetTransitionWithStartTime6.xml (RunModel)" time="0.027" />
  <testcase classname="ptolemy.util.test.junit.AutoTests" name="[121] /home/travis/build/icyphy/ptII/ptolemy/domains/continuous/test/auto/SRinContinuous.xml (RunModel)" time="0.031" />
  <testcase classname="ptolemy.util.test.junit.AutoTests" name="[122] /home/travis/build/icyphy/ptII/ptolemy/domains/continuous/test/auto/SampledClocks.xml (RunModel)" time="0.037" />
  <testcase classname="ptolemy.util.test.junit.AutoTests" name="[123] /home/travis/build/icyphy/ptII/ptolemy/domains/continuous/test/auto/Satellite.xml (RunModel)" time="0.97" />
  <testcase classname="ptolemy.util.test.junit.AutoTests" name="[124] /home/travis/build/icyphy/ptII/ptolemy/domains/continuous/test/auto/SigmaDelta.xml (RunModel)" time="2.39" />
  <testcase classname="ptolemy.util.test.junit.AutoTests" name="[125] /home/travis/build/icyphy/ptII/ptolemy/domains/continuous/test/auto/SingleRefinement.xml (RunModel)" time="0.443" />
  <testcase classname="ptolemy.util.test.junit.AutoTests" name="[126] /home/travis/build/icyphy/ptII/ptolemy/domains/continuous/test/auto/SinuBouncingBall.xml (RunModel)" time="0.859" />
  <testcase classname="ptolemy.util.test.junit.AutoTests" name="[127] /home/travis/build/icyphy/ptII/ptolemy/domains/continuous/test/auto/Sinusoid.xml (RunModel)" time="0.015" />
  <testcase classname="ptolemy.util.test.junit.AutoTests" name="[128] /home/travis/build/icyphy/ptII/ptolemy/domains/continuous/test/auto/SinusoidInNoise.xml (RunModel)" time="0.947" />
  <testcase classname="ptolemy.util.test.junit.AutoTests" name="[129] /home/travis/build/icyphy/ptII/ptolemy/domains/continuous/test/auto/SinusoidRK45.xml (RunModel)" time="0.013" />
  <testcase classname="ptolemy.util.test.junit.AutoTests" name="[130] /home/travis/build/icyphy/ptII/ptolemy/domains/continuous/test/auto/SinusoidWithMultipleImpulses.xml (RunModel)" time="0.01" />
  <testcase classname="ptolemy.util.test.junit.AutoTests" name="[131] /home/travis/build/icyphy/ptII/ptolemy/domains/continuous/test/auto/SquareWave.xml (RunModel)" time="0.175" />
  <testcase classname="ptolemy.util.test.junit.AutoTests" name="[132] /home/travis/build/icyphy/ptII/ptolemy/domains/continuous/test/auto/Starmac.xml (RunModel)" time="3.368" />
  <testcase classname="ptolemy.util.test.junit.AutoTests" name="[133] /home/travis/build/icyphy/ptII/ptolemy/domains/continuous/test/auto/StaticUnits.xml (RunModel)" time="3.083" />
  <testcase classname="ptolemy.util.test.junit.AutoTests" name="[134] /home/travis/build/icyphy/ptII/ptolemy/domains/continuous/test/auto/StickyMasses.xml (RunModel)" time="0.204" />
  <testcase classname="ptolemy.util.test.junit.AutoTests" name="[135] /home/travis/build/icyphy/ptII/ptolemy/domains/continuous/test/auto/StopTime.xml (RunModel)" time="0.085" />
  <testcase classname="ptolemy.util.test.junit.AutoTests" name="[136] /home/travis/build/icyphy/ptII/ptolemy/domains/continuous/test/auto/StopTime2.xml (RunModel)" time="0.059" />
  <testcase classname="ptolemy.util.test.junit.AutoTests" name="[137] /home/travis/build/icyphy/ptII/ptolemy/domains/continuous/test/auto/Switch.xml (RunModel)" time="0.069" />
  <testcase classname="ptolemy.util.test.junit.AutoTests" name="[138] /home/travis/build/icyphy/ptII/ptolemy/domains/continuous/test/auto/Thermostat.xml (RunModel)" time="0.236" />
  <testcase classname="ptolemy.util.test.junit.AutoTests" name="[139] /home/travis/build/icyphy/ptII/ptolemy/domains/continuous/test/auto/TimeDelay.xml (RunModel)" time="0.016" />
  <testcase classname="ptolemy.util.test.junit.AutoTests" name="[140] /home/travis/build/icyphy/ptII/ptolemy/domains/continuous/test/auto/TimeDelay2.xml (RunModel)" time="0.027" />
  <testcase classname="ptolemy.util.test.junit.AutoTests" name="[141] /home/travis/build/icyphy/ptII/ptolemy/domains/continuous/test/auto/TimeDelay3.xml (RunModel)" time="0.015" />
  <testcase classname="ptolemy.util.test.junit.AutoTests" name="[142] /home/travis/build/icyphy/ptII/ptolemy/domains/continuous/test/auto/TransferAbsentToInside.xml (RunModel)" time="0.11" />
  <testcase classname="ptolemy.util.test.junit.AutoTests" name="[143] /home/travis/build/icyphy/ptII/ptolemy/domains/continuous/test/auto/Transmission.xml (RunModel)" time="0.847" />
  <testcase classname="ptolemy.util.test.junit.AutoTests" name="[144] /home/travis/build/icyphy/ptII/ptolemy/domains/continuous/test/auto/TriggeredContinuousClock.xml (RunModel)" time="0.077" />
  <testcase classname="ptolemy.util.test.junit.AutoTests" name="[145] /home/travis/build/icyphy/ptII/ptolemy/domains/continuous/test/auto/TwoMachineInfiniteBusControl.xml (RunModel)" time="3.049" />
  <testcase classname="ptolemy.util.test.junit.AutoTests" name="[146] /home/travis/build/icyphy/ptII/ptolemy/domains/continuous/test/auto/V2V.xml (RunModel)" time="0.913" />
  <testcase classname="ptolemy.util.test.junit.AutoTests" name="[147] /home/travis/build/icyphy/ptII/ptolemy/domains/continuous/test/auto/hierarchicalModalModel.xml (RunModel)" time="0.033" />
  <testcase classname="ptolemy.util.test.junit.AutoTests" name="[148] /home/travis/build/icyphy/ptII/ptolemy/domains/continuous/test/auto/hierarchicalModalModel1.xml (RunModel)" time="0.028" />
  <testcase classname="ptolemy.util.test.junit.AutoTests" name="[149] /home/travis/build/icyphy/ptII/ptolemy/domains/continuous/test/auto/hierarchicalModalModel2.xml (RunModel)" time="0.03" />
  <testcase classname="ptolemy.util.test.junit.AutoTests" name="[150] /home/travis/build/icyphy/ptII/ptolemy/domains/continuous/test/auto/hierarchicalModalModel3.xml (RunModel)" time="0.033" />
  <testcase classname="ptolemy.util.test.junit.AutoTests" name="[151] /home/travis/build/icyphy/ptII/ptolemy/domains/continuous/test/auto/hierarchicalModalModel4.xml (RunModel)" time="0.027" />
  <testcase classname="ptolemy.util.test.junit.AutoTests" name="[152] /home/travis/build/icyphy/ptII/ptolemy/domains/continuous/test/auto/junk.xml (RunModel)" time="0.139" />
  <system-out><![CDATA[No tcl tests in /home/travis/build/icyphy/ptII/ptolemy/domains/continuous/test
No auto/knownFailedTests/*.xml tests in /home/travis/build/icyphy/ptII/ptolemy/domains/continuous/test
No auto/linux-amd64/*.xml tests in /home/travis/build/icyphy/ptII/ptolemy/domains/continuous/test
AutoTests.java: About to close Vertx.
AutoTests.java: Vertx closed.

===========================================================================================
----------------- testing Sun Aug 09 15:18:45 UTC 2020 /home/travis/build/icyphy/ptII/ptolemy/domains/continuous/test/auto/BouncingBall.xml
----------------- Instantiating /home/travis/build/icyphy/ptII/ptolemy/domains/continuous/test/auto/BouncingBall.xml
2376 ms. Memory: 155648K Free: 138038K (89%)
----------------- Invoking toplevel() on ptolemy.moml.MoMLSimpleApplication@4e02b830
----------------- Done invoking toplevel() on ptolemy.moml.MoMLSimpleApplication@4e02b830
reloadAllAccessors: .BouncingBall

===========================================================================================
----------------- testing Sun Aug 09 15:18:48 UTC 2020 /home/travis/build/icyphy/ptII/ptolemy/domains/continuous/test/auto/BouncingBallWithoutGR.xml
----------------- Instantiating /home/travis/build/icyphy/ptII/ptolemy/domains/continuous/test/auto/BouncingBallWithoutGR.xml
728 ms. Memory: 155648K Free: 140080K (90%)
----------------- Invoking toplevel() on ptolemy.moml.MoMLSimpleApplication@4ed427cd
----------------- Done invoking toplevel() on ptolemy.moml.MoMLSimpleApplication@4ed427cd
reloadAllAccessors: .BouncingBallWithoutGR

===========================================================================================
----------------- testing Sun Aug 09 15:18:49 UTC 2020 /home/travis/build/icyphy/ptII/ptolemy/domains/continuous/test/auto/Brownian.xml
----------------- Instantiating /home/travis/build/icyphy/ptII/ptolemy/domains/continuous/test/auto/Brownian.xml
29 ms. Memory: 155648K Free: 131374K (84%)
----------------- Invoking toplevel() on ptolemy.moml.MoMLSimpleApplication@2e46144a
----------------- Done invoking toplevel() on ptolemy.moml.MoMLSimpleApplication@2e46144a
reloadAllAccessors: .Brownian

===========================================================================================
----------------- testing Sun Aug 09 15:18:49 UTC 2020 /home/travis/build/icyphy/ptII/ptolemy/domains/continuous/test/auto/CarTracking.xml
----------------- Instantiating /home/travis/build/icyphy/ptII/ptolemy/domains/continuous/test/auto/CarTracking.xml
3400 ms. Memory: 187392K Free: 126581K (68%)
----------------- Invoking toplevel() on ptolemy.moml.MoMLSimpleApplication@1bfe6d2c
----------------- Done invoking toplevel() on ptolemy.moml.MoMLSimpleApplication@1bfe6d2c
reloadAllAccessors: .CarTracking

===========================================================================================
----------------- testing Sun Aug 09 15:18:53 UTC 2020 /home/travis/build/icyphy/ptII/ptolemy/domains/continuous/test/auto/CartPendulum.xml
----------------- Instantiating /home/travis/build/icyphy/ptII/ptolemy/domains/continuous/test/auto/CartPendulum.xml
452 ms. Memory: 225280K Free: 181334K (80%)
----------------- Invoking toplevel() on ptolemy.moml.MoMLSimpleApplication@486033b5
----------------- Done invoking toplevel() on ptolemy.moml.MoMLSimpleApplication@486033b5
reloadAllAccessors: .CartPendulum

===========================================================================================
----------------- testing Sun Aug 09 15:18:54 UTC 2020 /home/travis/build/icyphy/ptII/ptolemy/domains/continuous/test/auto/CausalityInterface10.xml
----------------- Instantiating /home/travis/build/icyphy/ptII/ptolemy/domains/continuous/test/auto/CausalityInterface10.xml
7 ms. Memory: 225280K Free: 170580K (76%)
----------------- Invoking toplevel() on ptolemy.moml.MoMLSimpleApplication@387d2154
----------------- Done invoking toplevel() on ptolemy.moml.MoMLSimpleApplication@387d2154
reloadAllAccessors: .CausalityInterface10

===========================================================================================
----------------- testing Sun Aug 09 15:18:54 UTC 2020 /home/travis/build/icyphy/ptII/ptolemy/domains/continuous/test/auto/CausalityInterface11.xml
----------------- Instantiating /home/travis/build/icyphy/ptII/ptolemy/domains/continuous/test/auto/CausalityInterface11.xml
10 ms. Memory: 225280K Free: 164422K (73%)
----------------- Invoking toplevel() on ptolemy.moml.MoMLSimpleApplication@26ed9355
----------------- Done invoking toplevel() on ptolemy.moml.MoMLSimpleApplication@26ed9355
reloadAllAccessors: .CausalityInterface11

===========================================================================================
----------------- testing Sun Aug 09 15:18:54 UTC 2020 /home/travis/build/icyphy/ptII/ptolemy/domains/continuous/test/auto/CausalityInterface12.xml
----------------- Instantiating /home/travis/build/icyphy/ptII/ptolemy/domains/continuous/test/auto/CausalityInterface12.xml
4 ms. Memory: 225280K Free: 158278K (70%)
----------------- Invoking toplevel() on ptolemy.moml.MoMLSimpleApplication@30ebfca6
----------------- Done invoking toplevel() on ptolemy.moml.MoMLSimpleApplication@30ebfca6
reloadAllAccessors: .CausalityInterface12

===========================================================================================
----------------- testing Sun Aug 09 15:18:54 UTC 2020 /home/travis/build/icyphy/ptII/ptolemy/domains/continuous/test/auto/CausalityInterface13.xml
----------------- Instantiating /home/travis/build/icyphy/ptII/ptolemy/domains/continuous/test/auto/CausalityInterface13.xml
6 ms. Memory: 225280K Free: 152148K (68%)
----------------- Invoking toplevel() on ptolemy.moml.MoMLSimpleApplication@78f92367
----------------- Done invoking toplevel() on ptolemy.moml.MoMLSimpleApplication@78f92367
reloadAllAccessors: .CausalityInterface13

===========================================================================================
----------------- testing Sun Aug 09 15:18:54 UTC 2020 /home/travis/build/icyphy/ptII/ptolemy/domains/continuous/test/auto/CausalityInterface14.xml
----------------- Instantiating /home/travis/build/icyphy/ptII/ptolemy/domains/continuous/test/auto/CausalityInterface14.xml
4 ms. Memory: 225280K Free: 146518K (65%)
----------------- Invoking toplevel() on ptolemy.moml.MoMLSimpleApplication@20acb29
----------------- Done invoking toplevel() on ptolemy.moml.MoMLSimpleApplication@20acb29
reloadAllAccessors: .CausalityInterface14

===========================================================================================
----------------- testing Sun Aug 09 15:18:54 UTC 2020 /home/travis/build/icyphy/ptII/ptolemy/domains/continuous/test/auto/CausalityInterface4.xml
----------------- Instantiating /home/travis/build/icyphy/ptII/ptolemy/domains/continuous/test/auto/CausalityInterface4.xml
6 ms. Memory: 225280K Free: 139860K (62%)
----------------- Invoking toplevel() on ptolemy.moml.MoMLSimpleApplication@3700bb0c
----------------- Done invoking toplevel() on ptolemy.moml.MoMLSimpleApplication@3700bb0c
reloadAllAccessors: .CausalityInterface4

===========================================================================================
----------------- testing Sun Aug 09 15:18:54 UTC 2020 /home/travis/build/icyphy/ptII/ptolemy/domains/continuous/test/auto/CausalityInterface5.xml
----------------- Instantiating /home/travis/build/icyphy/ptII/ptolemy/domains/continuous/test/auto/CausalityInterface5.xml
8 ms. Memory: 225280K Free: 131668K (58%)
----------------- Invoking toplevel() on ptolemy.moml.MoMLSimpleApplication@623d3a5e
----------------- Done invoking toplevel() on ptolemy.moml.MoMLSimpleApplication@623d3a5e
reloadAllAccessors: .CausalityInterface5

===========================================================================================
----------------- testing Sun Aug 09 15:18:54 UTC 2020 /home/travis/build/icyphy/ptII/ptolemy/domains/continuous/test/auto/CausalityInterface6.xml
----------------- Instantiating /home/travis/build/icyphy/ptII/ptolemy/domains/continuous/test/auto/CausalityInterface6.xml
5 ms. Memory: 225280K Free: 126534K (56%)
----------------- Invoking toplevel() on ptolemy.moml.MoMLSimpleApplication@b6efcbf
----------------- Done invoking toplevel() on ptolemy.moml.MoMLSimpleApplication@b6efcbf
reloadAllAccessors: .CausalityInterface6

===========================================================================================
----------------- testing Sun Aug 09 15:18:54 UTC 2020 /home/travis/build/icyphy/ptII/ptolemy/domains/continuous/test/auto/CausalityInterface7.xml
----------------- Instantiating /home/travis/build/icyphy/ptII/ptolemy/domains/continuous/test/auto/CausalityInterface7.xml
9 ms. Memory: 225280K Free: 117846K (52%)
----------------- Invoking toplevel() on ptolemy.moml.MoMLSimpleApplication@6ed42f89
----------------- Done invoking toplevel() on ptolemy.moml.MoMLSimpleApplication@6ed42f89
reloadAllAccessors: .CausalityInterface7

===========================================================================================
----------------- testing Sun Aug 09 15:18:54 UTC 2020 /home/travis/build/icyphy/ptII/ptolemy/domains/continuous/test/auto/CausalityInterface8.xml
----------------- Instantiating /home/travis/build/icyphy/ptII/ptolemy/domains/continuous/test/auto/CausalityInterface8.xml
7 ms. Memory: 225280K Free: 108630K (48%)
----------------- Invoking toplevel() on ptolemy.moml.MoMLSimpleApplication@3881944a
----------------- Done invoking toplevel() on ptolemy.moml.MoMLSimpleApplication@3881944a
reloadAllAccessors: .CausalityInterface8

===========================================================================================
----------------- testing Sun Aug 09 15:18:54 UTC 2020 /home/travis/build/icyphy/ptII/ptolemy/domains/continuous/test/auto/CausalityInterface9.xml
----------------- Instantiating /home/travis/build/icyphy/ptII/ptolemy/domains/continuous/test/auto/CausalityInterface9.xml
9 ms. Memory: 225280K Free: 97876K (43%)
----------------- Invoking toplevel() on ptolemy.moml.MoMLSimpleApplication@7204a8e5
----------------- Done invoking toplevel() on ptolemy.moml.MoMLSimpleApplication@7204a8e5
reloadAllAccessors: .CausalityInterface9

===========================================================================================
----------------- testing Sun Aug 09 15:18:54 UTC 2020 /home/travis/build/icyphy/ptII/ptolemy/domains/continuous/test/auto/CausalityInterfaceFeedback1.xml
----------------- Instantiating /home/travis/build/icyphy/ptII/ptolemy/domains/continuous/test/auto/CausalityInterfaceFeedback1.xml
7 ms. Memory: 225280K Free: 91222K (40%)
----------------- Invoking toplevel() on ptolemy.moml.MoMLSimpleApplication@795210d7
----------------- Done invoking toplevel() on ptolemy.moml.MoMLSimpleApplication@795210d7
reloadAllAccessors: .CausalityInterfaceFeedback1

===========================================================================================
----------------- testing Sun Aug 09 15:18:54 UTC 2020 /home/travis/build/icyphy/ptII/ptolemy/domains/continuous/test/auto/CausalityInterfaceFeedback2.xml
----------------- Instantiating /home/travis/build/icyphy/ptII/ptolemy/domains/continuous/test/auto/CausalityInterfaceFeedback2.xml
5 ms. Memory: 225280K Free: 84550K (38%)
----------------- Invoking toplevel() on ptolemy.moml.MoMLSimpleApplication@6dd4b0d7
----------------- Done invoking toplevel() on ptolemy.moml.MoMLSimpleApplication@6dd4b0d7
reloadAllAccessors: .CausalityInterfaceFeedback2

===========================================================================================
----------------- testing Sun Aug 09 15:18:54 UTC 2020 /home/travis/build/icyphy/ptII/ptolemy/domains/continuous/test/auto/CompareWithCurrentTime.xml
----------------- Instantiating /home/travis/build/icyphy/ptII/ptolemy/domains/continuous/test/auto/CompareWithCurrentTime.xml
4 ms. Memory: 225280K Free: 80468K (36%)
----------------- Invoking toplevel() on ptolemy.moml.MoMLSimpleApplication@7275278a
----------------- Done invoking toplevel() on ptolemy.moml.MoMLSimpleApplication@7275278a
reloadAllAccessors: .CompareWithCurrentTime

===========================================================================================
----------------- testing Sun Aug 09 15:18:54 UTC 2020 /home/travis/build/icyphy/ptII/ptolemy/domains/continuous/test/auto/ComparedClocks.xml
----------------- Instantiating /home/travis/build/icyphy/ptII/ptolemy/domains/continuous/test/auto/ComparedClocks.xml
7 ms. Memory: 225280K Free: 199113K (88%)
----------------- Invoking toplevel() on ptolemy.moml.MoMLSimpleApplication@37137f2f
----------------- Done invoking toplevel() on ptolemy.moml.MoMLSimpleApplication@37137f2f
reloadAllAccessors: .ComparedClocks

===========================================================================================
----------------- testing Sun Aug 09 15:18:55 UTC 2020 /home/travis/build/icyphy/ptII/ptolemy/domains/continuous/test/auto/ContinuousAOCClone.xml
----------------- Instantiating /home/travis/build/icyphy/ptII/ptolemy/domains/continuous/test/auto/ContinuousAOCClone.xml
2147 ms. Memory: 225280K Free: 186633K (83%)
----------------- Invoking toplevel() on ptolemy.moml.MoMLSimpleApplication@51ac9839
----------------- Done invoking toplevel() on ptolemy.moml.MoMLSimpleApplication@51ac9839
reloadAllAccessors: .ContinuousAOCClone

===========================================================================================
----------------- testing Sun Aug 09 15:18:57 UTC 2020 /home/travis/build/icyphy/ptII/ptolemy/domains/continuous/test/auto/ContinuousClock.xml
----------------- Instantiating /home/travis/build/icyphy/ptII/ptolemy/domains/continuous/test/auto/ContinuousClock.xml
33 ms. Memory: 225280K Free: 164633K (73%)
----------------- Invoking toplevel() on ptolemy.moml.MoMLSimpleApplication@4125ea1
----------------- Done invoking toplevel() on ptolemy.moml.MoMLSimpleApplication@4125ea1
reloadAllAccessors: .ContinuousClock

===========================================================================================
----------------- testing Sun Aug 09 15:18:57 UTC 2020 /home/travis/build/icyphy/ptII/ptolemy/domains/continuous/test/auto/ContinuousInContinuous.xml
----------------- Instantiating /home/travis/build/icyphy/ptII/ptolemy/domains/continuous/test/auto/ContinuousInContinuous.xml
39 ms. Memory: 225280K Free: 141081K (63%)
----------------- Invoking toplevel() on ptolemy.moml.MoMLSimpleApplication@5bdefc7d
----------------- Done invoking toplevel() on ptolemy.moml.MoMLSimpleApplication@5bdefc7d
reloadAllAccessors: .ContinuousInContinuous

===========================================================================================
----------------- testing Sun Aug 09 15:18:57 UTC 2020 /home/travis/build/icyphy/ptII/ptolemy/domains/continuous/test/auto/ContinuousInContinuousInContinuous.xml
----------------- Instantiating /home/travis/build/icyphy/ptII/ptolemy/domains/continuous/test/auto/ContinuousInContinuousInContinuous.xml
7 ms. Memory: 225280K Free: 133399K (59%)
----------------- Invoking toplevel() on ptolemy.moml.MoMLSimpleApplication@42804eda
----------------- Done invoking toplevel() on ptolemy.moml.MoMLSimpleApplication@42804eda
reloadAllAccessors: .ContinuousInContinuousInContinuous

===========================================================================================
----------------- testing Sun Aug 09 15:18:57 UTC 2020 /home/travis/build/icyphy/ptII/ptolemy/domains/continuous/test/auto/ContinuousInDE.xml
----------------- Instantiating /home/travis/build/icyphy/ptII/ptolemy/domains/continuous/test/auto/ContinuousInDE.xml
66 ms. Memory: 225280K Free: 122649K (54%)
----------------- Invoking toplevel() on ptolemy.moml.MoMLSimpleApplication@270c5f67
----------------- Done invoking toplevel() on ptolemy.moml.MoMLSimpleApplication@270c5f67
reloadAllAccessors: .ContinuousInDE

===========================================================================================
----------------- testing Sun Aug 09 15:18:57 UTC 2020 /home/travis/build/icyphy/ptII/ptolemy/domains/continuous/test/auto/ContinuousInDE2.xml
----------------- Instantiating /home/travis/build/icyphy/ptII/ptolemy/domains/continuous/test/auto/ContinuousInDE2.xml
35 ms. Memory: 225280K Free: 113433K (50%)
----------------- Invoking toplevel() on ptolemy.moml.MoMLSimpleApplication@475a9d41
----------------- Done invoking toplevel() on ptolemy.moml.MoMLSimpleApplication@475a9d41
reloadAllAccessors: .ContinuousInDE2

===========================================================================================
----------------- testing Sun Aug 09 15:18:57 UTC 2020 /home/travis/build/icyphy/ptII/ptolemy/domains/continuous/test/auto/ContinuousInDE3.xml
----------------- Instantiating /home/travis/build/icyphy/ptII/ptolemy/domains/continuous/test/auto/ContinuousInDE3.xml
30 ms. Memory: 225280K Free: 103703K (46%)
----------------- Invoking toplevel() on ptolemy.moml.MoMLSimpleApplication@49e5d6e1
----------------- Done invoking toplevel() on ptolemy.moml.MoMLSimpleApplication@49e5d6e1
reloadAllAccessors: .ContinuousInDE3

===========================================================================================
----------------- testing Sun Aug 09 15:18:57 UTC 2020 /home/travis/build/icyphy/ptII/ptolemy/domains/continuous/test/auto/ContinuousInDE4.xml
----------------- Instantiating /home/travis/build/icyphy/ptII/ptolemy/domains/continuous/test/auto/ContinuousInDE4.xml
13 ms. Memory: 225280K Free: 97559K (43%)
----------------- Invoking toplevel() on ptolemy.moml.MoMLSimpleApplication@99f76f5
----------------- Done invoking toplevel() on ptolemy.moml.MoMLSimpleApplication@99f76f5
reloadAllAccessors: .ContinuousInDE4

===========================================================================================
----------------- testing Sun Aug 09 15:18:57 UTC 2020 /home/travis/build/icyphy/ptII/ptolemy/domains/continuous/test/auto/ContinuousInDEDifferentRefinements.xml
----------------- Instantiating /home/travis/build/icyphy/ptII/ptolemy/domains/continuous/test/auto/ContinuousInDEDifferentRefinements.xml
64 ms. Memory: 270336K Free: 244593K (90%)
----------------- Invoking toplevel() on ptolemy.moml.MoMLSimpleApplication@35f76330
----------------- Done invoking toplevel() on ptolemy.moml.MoMLSimpleApplication@35f76330
reloadAllAccessors: .ContinuousInDEDifferentRefinements

===========================================================================================
----------------- testing Sun Aug 09 15:18:57 UTC 2020 /home/travis/build/icyphy/ptII/ptolemy/domains/continuous/test/auto/ContinuousInDEDifferentRefinementsPreemptive.xml
----------------- Instantiating /home/travis/build/icyphy/ptII/ptolemy/domains/continuous/test/auto/ContinuousInDEDifferentRefinementsPreemptive.xml
56 ms. Memory: 270336K Free: 213688K (79%)
----------------- Invoking toplevel() on ptolemy.moml.MoMLSimpleApplication@53582eef
----------------- Done invoking toplevel() on ptolemy.moml.MoMLSimpleApplication@53582eef
reloadAllAccessors: .ContinuousInDEDifferentRefinementsPreemptive

===========================================================================================
----------------- testing Sun Aug 09 15:18:58 UTC 2020 /home/travis/build/icyphy/ptII/ptolemy/domains/continuous/test/auto/ContinuousInDEInContinuous2.xml
----------------- Instantiating /home/travis/build/icyphy/ptII/ptolemy/domains/continuous/test/auto/ContinuousInDEInContinuous2.xml
33 ms. Memory: 270336K Free: 202424K (75%)
----------------- Invoking toplevel() on ptolemy.moml.MoMLSimpleApplication@51cb8888
----------------- Done invoking toplevel() on ptolemy.moml.MoMLSimpleApplication@51cb8888
reloadAllAccessors: .ContinuousInDEInContinuous2

===========================================================================================
----------------- testing Sun Aug 09 15:18:58 UTC 2020 /home/travis/build/icyphy/ptII/ptolemy/domains/continuous/test/auto/ContinuousInDEInContinuous3.xml
----------------- Instantiating /home/travis/build/icyphy/ptII/ptolemy/domains/continuous/test/auto/ContinuousInDEInContinuous3.xml
34 ms. Memory: 270336K Free: 190136K (70%)
----------------- Invoking toplevel() on ptolemy.moml.MoMLSimpleApplication@21754a1a
----------------- Done invoking toplevel() on ptolemy.moml.MoMLSimpleApplication@21754a1a
reloadAllAccessors: .ContinuousInDEInContinuous3

===========================================================================================
----------------- testing Sun Aug 09 15:18:58 UTC 2020 /home/travis/build/icyphy/ptII/ptolemy/domains/continuous/test/auto/ContinuousInDEInput.xml
----------------- Instantiating /home/travis/build/icyphy/ptII/ptolemy/domains/continuous/test/auto/ContinuousInDEInput.xml
15 ms. Memory: 270336K Free: 183478K (68%)
----------------- Invoking toplevel() on ptolemy.moml.MoMLSimpleApplication@272075ed
----------------- Done invoking toplevel() on ptolemy.moml.MoMLSimpleApplication@272075ed
reloadAllAccessors: .ContinuousInDEInput

===========================================================================================
----------------- testing Sun Aug 09 15:18:58 UTC 2020 /home/travis/build/icyphy/ptII/ptolemy/domains/continuous/test/auto/ContinuousInDEInput2.xml
----------------- Instantiating /home/travis/build/icyphy/ptII/ptolemy/domains/continuous/test/auto/ContinuousInDEInput2.xml
13 ms. Memory: 270336K Free: 176310K (65%)
----------------- Invoking toplevel() on ptolemy.moml.MoMLSimpleApplication@701e36e2
----------------- Done invoking toplevel() on ptolemy.moml.MoMLSimpleApplication@701e36e2
reloadAllAccessors: .ContinuousInDEInput2

===========================================================================================
----------------- testing Sun Aug 09 15:18:58 UTC 2020 /home/travis/build/icyphy/ptII/ptolemy/domains/continuous/test/auto/ContinuousInDEInput3.xml
----------------- Instantiating /home/travis/build/icyphy/ptII/ptolemy/domains/continuous/test/auto/ContinuousInDEInput3.xml
13 ms. Memory: 270336K Free: 169142K (63%)
----------------- Invoking toplevel() on ptolemy.moml.MoMLSimpleApplication@44d8ac2
----------------- Done invoking toplevel() on ptolemy.moml.MoMLSimpleApplication@44d8ac2
reloadAllAccessors: .ContinuousInDEInput3

===========================================================================================
----------------- testing Sun Aug 09 15:18:58 UTC 2020 /home/travis/build/icyphy/ptII/ptolemy/domains/continuous/test/auto/ContinuousInDESharingRefinement.xml
----------------- Instantiating /home/travis/build/icyphy/ptII/ptolemy/domains/continuous/test/auto/ContinuousInDESharingRefinement.xml
135 ms. Memory: 270336K Free: 234911K (87%)
----------------- Invoking toplevel() on ptolemy.moml.MoMLSimpleApplication@2dbdca95
----------------- Done invoking toplevel() on ptolemy.moml.MoMLSimpleApplication@2dbdca95
reloadAllAccessors: .ContinuousInDESharingRefinement

===========================================================================================
----------------- testing Sun Aug 09 15:18:58 UTC 2020 /home/travis/build/icyphy/ptII/ptolemy/domains/continuous/test/auto/ContinuousInDEwithNoPorts.xml
----------------- Instantiating /home/travis/build/icyphy/ptII/ptolemy/domains/continuous/test/auto/ContinuousInDEwithNoPorts.xml
5 ms. Memory: 270336K Free: 230295K (85%)
----------------- Invoking toplevel() on ptolemy.moml.MoMLSimpleApplication@18b63234
----------------- Done invoking toplevel() on ptolemy.moml.MoMLSimpleApplication@18b63234
reloadAllAccessors: .ContinuousInDEwithNoPorts

===========================================================================================
----------------- testing Sun Aug 09 15:18:58 UTC 2020 /home/travis/build/icyphy/ptII/ptolemy/domains/continuous/test/auto/ContinuousInsideDE.xml
----------------- Instantiating /home/travis/build/icyphy/ptII/ptolemy/domains/continuous/test/auto/ContinuousInsideDE.xml
30 ms. Memory: 270336K Free: 219037K (81%)
----------------- Invoking toplevel() on ptolemy.moml.MoMLSimpleApplication@6974e918
----------------- Done invoking toplevel() on ptolemy.moml.MoMLSimpleApplication@6974e918
reloadAllAccessors: .ContinuousInsideDE

===========================================================================================
----------------- testing Sun Aug 09 15:18:58 UTC 2020 /home/travis/build/icyphy/ptII/ptolemy/domains/continuous/test/auto/ContinuousMerge1.xml
----------------- Instantiating /home/travis/build/icyphy/ptII/ptolemy/domains/continuous/test/auto/ContinuousMerge1.xml
3 ms. Memory: 270336K Free: 214431K (79%)
----------------- Invoking toplevel() on ptolemy.moml.MoMLSimpleApplication@5b6349e9
----------------- Done invoking toplevel() on ptolemy.moml.MoMLSimpleApplication@5b6349e9
reloadAllAccessors: .ContinuousMerge1

===========================================================================================
----------------- testing Sun Aug 09 15:18:58 UTC 2020 /home/travis/build/icyphy/ptII/ptolemy/domains/continuous/test/auto/ContinuousMerge2.xml
----------------- Instantiating /home/travis/build/icyphy/ptII/ptolemy/domains/continuous/test/auto/ContinuousMerge2.xml
12 ms. Memory: 270336K Free: 203677K (75%)
----------------- Invoking toplevel() on ptolemy.moml.MoMLSimpleApplication@274b0872
----------------- Done invoking toplevel() on ptolemy.moml.MoMLSimpleApplication@274b0872
reloadAllAccessors: .ContinuousMerge2

===========================================================================================
----------------- testing Sun Aug 09 15:18:58 UTC 2020 /home/travis/build/icyphy/ptII/ptolemy/domains/continuous/test/auto/ContinuousMerge3.xml
----------------- Instantiating /home/travis/build/icyphy/ptII/ptolemy/domains/continuous/test/auto/ContinuousMerge3.xml
36 ms. Memory: 270336K Free: 192927K (71%)
----------------- Invoking toplevel() on ptolemy.moml.MoMLSimpleApplication@f6e0f9c
----------------- Done invoking toplevel() on ptolemy.moml.MoMLSimpleApplication@f6e0f9c
reloadAllAccessors: .ContinuousMerge3

===========================================================================================
----------------- testing Sun Aug 09 15:18:58 UTC 2020 /home/travis/build/icyphy/ptII/ptolemy/domains/continuous/test/auto/ContinuousWithinContinuous.xml
----------------- Instantiating /home/travis/build/icyphy/ptII/ptolemy/domains/continuous/test/auto/ContinuousWithinContinuous.xml
36 ms. Memory: 270336K Free: 183711K (68%)
----------------- Invoking toplevel() on ptolemy.moml.MoMLSimpleApplication@72e86534
----------------- Done invoking toplevel() on ptolemy.moml.MoMLSimpleApplication@72e86534
reloadAllAccessors: .ContinuousWithinContinuous

===========================================================================================
----------------- testing Sun Aug 09 15:18:58 UTC 2020 /home/travis/build/icyphy/ptII/ptolemy/domains/continuous/test/auto/ContinuousWithinContinuous2.xml
----------------- Instantiating /home/travis/build/icyphy/ptII/ptolemy/domains/continuous/test/auto/ContinuousWithinContinuous2.xml
67 ms. Memory: 270336K Free: 172447K (64%)
----------------- Invoking toplevel() on ptolemy.moml.MoMLSimpleApplication@32b1b3c4
----------------- Done invoking toplevel() on ptolemy.moml.MoMLSimpleApplication@32b1b3c4
reloadAllAccessors: .ContinuousWithinContinuous2

===========================================================================================
----------------- testing Sun Aug 09 15:18:58 UTC 2020 /home/travis/build/icyphy/ptII/ptolemy/domains/continuous/test/auto/ContinuousWithinContinuous3.xml
----------------- Instantiating /home/travis/build/icyphy/ptII/ptolemy/domains/continuous/test/auto/ContinuousWithinContinuous3.xml
12 ms. Memory: 270336K Free: 165789K (61%)
----------------- Invoking toplevel() on ptolemy.moml.MoMLSimpleApplication@2a335fa1
----------------- Done invoking toplevel() on ptolemy.moml.MoMLSimpleApplication@2a335fa1
reloadAllAccessors: .ContinuousWithinContinuous3

===========================================================================================
----------------- testing Sun Aug 09 15:18:58 UTC 2020 /home/travis/build/icyphy/ptII/ptolemy/domains/continuous/test/auto/ContinuousWithinContinuous4.xml
----------------- Instantiating /home/travis/build/icyphy/ptII/ptolemy/domains/continuous/test/auto/ContinuousWithinContinuous4.xml
78 ms. Memory: 270336K Free: 153501K (57%)
----------------- Invoking toplevel() on ptolemy.moml.MoMLSimpleApplication@1e4df226
----------------- Done invoking toplevel() on ptolemy.moml.MoMLSimpleApplication@1e4df226
reloadAllAccessors: .ContinuousWithinContinuous4

===========================================================================================
----------------- testing Sun Aug 09 15:18:58 UTC 2020 /home/travis/build/icyphy/ptII/ptolemy/domains/continuous/test/auto/ContinuousWithinContinuous5.xml
----------------- Instantiating /home/travis/build/icyphy/ptII/ptolemy/domains/continuous/test/auto/ContinuousWithinContinuous5.xml
14 ms. Memory: 270336K Free: 146333K (54%)
----------------- Invoking toplevel() on ptolemy.moml.MoMLSimpleApplication@2ab3102
----------------- Done invoking toplevel() on ptolemy.moml.MoMLSimpleApplication@2ab3102
reloadAllAccessors: .ContinuousWithinContinuous5

===========================================================================================
----------------- testing Sun Aug 09 15:18:58 UTC 2020 /home/travis/build/icyphy/ptII/ptolemy/domains/continuous/test/auto/ContinuousWithinContinuous6.xml
----------------- Instantiating /home/travis/build/icyphy/ptII/ptolemy/domains/continuous/test/auto/ContinuousWithinContinuous6.xml
12 ms. Memory: 270336K Free: 139165K (51%)
----------------- Invoking toplevel() on ptolemy.moml.MoMLSimpleApplication@77455bd5
----------------- Done invoking toplevel() on ptolemy.moml.MoMLSimpleApplication@77455bd5
reloadAllAccessors: .ContinuousWithinContinuous6

===========================================================================================
----------------- testing Sun Aug 09 15:18:58 UTC 2020 /home/travis/build/icyphy/ptII/ptolemy/domains/continuous/test/auto/ContinuousWithinContinuous7.xml
----------------- Instantiating /home/travis/build/icyphy/ptII/ptolemy/domains/continuous/test/auto/ContinuousWithinContinuous7.xml
57 ms. Memory: 270336K Free: 127901K (47%)
----------------- Invoking toplevel() on ptolemy.moml.MoMLSimpleApplication@4f032c8
----------------- Done invoking toplevel() on ptolemy.moml.MoMLSimpleApplication@4f032c8
reloadAllAccessors: .ContinuousWithinContinuous7

===========================================================================================
----------------- testing Sun Aug 09 15:18:59 UTC 2020 /home/travis/build/icyphy/ptII/ptolemy/domains/continuous/test/auto/DCMotor.xml
----------------- Instantiating /home/travis/build/icyphy/ptII/ptolemy/domains/continuous/test/auto/DCMotor.xml
14750 ms. Memory: 270336K Free: 160723K (59%)
----------------- Invoking toplevel() on ptolemy.moml.MoMLSimpleApplication@17bbed82
----------------- Done invoking toplevel() on ptolemy.moml.MoMLSimpleApplication@17bbed82
reloadAllAccessors: .DCMotor

===========================================================================================
----------------- testing Sun Aug 09 15:19:13 UTC 2020 /home/travis/build/icyphy/ptII/ptolemy/domains/continuous/test/auto/DEInContinuous.xml
----------------- Instantiating /home/travis/build/icyphy/ptII/ptolemy/domains/continuous/test/auto/DEInContinuous.xml
10 ms. Memory: 270336K Free: 154579K (57%)
----------------- Invoking toplevel() on ptolemy.moml.MoMLSimpleApplication@27854c0
----------------- Done invoking toplevel() on ptolemy.moml.MoMLSimpleApplication@27854c0
reloadAllAccessors: .DEInContinuous

===========================================================================================
----------------- testing Sun Aug 09 15:19:13 UTC 2020 /home/travis/build/icyphy/ptII/ptolemy/domains/continuous/test/auto/DEinContinuous2.xml
----------------- Instantiating /home/travis/build/icyphy/ptII/ptolemy/domains/continuous/test/auto/DEinContinuous2.xml
7 ms. Memory: 270336K Free: 146387K (54%)
----------------- Invoking toplevel() on ptolemy.moml.MoMLSimpleApplication@61a2a335
----------------- Done invoking toplevel() on ptolemy.moml.MoMLSimpleApplication@61a2a335
reloadAllAccessors: .DEinContinuous2

===========================================================================================
----------------- testing Sun Aug 09 15:19:13 UTC 2020 /home/travis/build/icyphy/ptII/ptolemy/domains/continuous/test/auto/Derivative.xml
----------------- Instantiating /home/travis/build/icyphy/ptII/ptolemy/domains/continuous/test/auto/Derivative.xml
132 ms. Memory: 270336K Free: 116177K (43%)
----------------- Invoking toplevel() on ptolemy.moml.MoMLSimpleApplication@26a8fb95
----------------- Done invoking toplevel() on ptolemy.moml.MoMLSimpleApplication@26a8fb95
reloadAllAccessors: .Derivative2

===========================================================================================
----------------- testing Sun Aug 09 15:19:14 UTC 2020 /home/travis/build/icyphy/ptII/ptolemy/domains/continuous/test/auto/Derivative1.xml
----------------- Instantiating /home/travis/build/icyphy/ptII/ptolemy/domains/continuous/test/auto/Derivative1.xml
15 ms. Memory: 270336K Free: 101841K (38%)
----------------- Invoking toplevel() on ptolemy.moml.MoMLSimpleApplication@6fca696c
----------------- Done invoking toplevel() on ptolemy.moml.MoMLSimpleApplication@6fca696c
reloadAllAccessors: .Derivative1

===========================================================================================
----------------- testing Sun Aug 09 15:19:14 UTC 2020 /home/travis/build/icyphy/ptII/ptolemy/domains/continuous/test/auto/DiscreteClock.xml
----------------- Instantiating /home/travis/build/icyphy/ptII/ptolemy/domains/continuous/test/auto/DiscreteClock.xml
5 ms. Memory: 270336K Free: 96721K (36%)
----------------- Invoking toplevel() on ptolemy.moml.MoMLSimpleApplication@64b06795
----------------- Done invoking toplevel() on ptolemy.moml.MoMLSimpleApplication@64b06795
reloadAllAccessors: .DiscreteClock

===========================================================================================
----------------- testing Sun Aug 09 15:19:14 UTC 2020 /home/travis/build/icyphy/ptII/ptolemy/domains/continuous/test/auto/EfficiencyCurve.xml
----------------- Instantiating /home/travis/build/icyphy/ptII/ptolemy/domains/continuous/test/auto/EfficiencyCurve.xml
69 ms. Memory: 270336K Free: 247946K (92%)
----------------- Invoking toplevel() on ptolemy.moml.MoMLSimpleApplication@36c98e06
----------------- Done invoking toplevel() on ptolemy.moml.MoMLSimpleApplication@36c98e06
reloadAllAccessors: .EfficiencyCurve

===========================================================================================
----------------- testing Sun Aug 09 15:19:14 UTC 2020 /home/travis/build/icyphy/ptII/ptolemy/domains/continuous/test/auto/ExponentialResponse.xml
----------------- Instantiating /home/travis/build/icyphy/ptII/ptolemy/domains/continuous/test/auto/ExponentialResponse.xml
94 ms. Memory: 270336K Free: 231562K (86%)
----------------- Invoking toplevel() on ptolemy.moml.MoMLSimpleApplication@5f8ce203
----------------- Done invoking toplevel() on ptolemy.moml.MoMLSimpleApplication@5f8ce203
reloadAllAccessors: .ExponentialResponse

===========================================================================================
----------------- testing Sun Aug 09 15:19:14 UTC 2020 /home/travis/build/icyphy/ptII/ptolemy/domains/continuous/test/auto/ExponentialResponseRK45.xml
----------------- Instantiating /home/travis/build/icyphy/ptII/ptolemy/domains/continuous/test/auto/ExponentialResponseRK45.xml
23 ms. Memory: 270336K Free: 224908K (83%)
----------------- Invoking toplevel() on ptolemy.moml.MoMLSimpleApplication@64aa9032
----------------- Done invoking toplevel() on ptolemy.moml.MoMLSimpleApplication@64aa9032
reloadAllAccessors: .ExponentialResponseRK45

===========================================================================================
----------------- testing Sun Aug 09 15:19:14 UTC 2020 /home/travis/build/icyphy/ptII/ptolemy/domains/continuous/test/auto/Friction.xml
----------------- Instantiating /home/travis/build/icyphy/ptII/ptolemy/domains/continuous/test/auto/Friction.xml
1405 ms. Memory: 270336K Free: 109760K (41%)
----------------- Invoking toplevel() on ptolemy.moml.MoMLSimpleApplication@141f16a0
----------------- Done invoking toplevel() on ptolemy.moml.MoMLSimpleApplication@141f16a0
reloadAllAccessors: .Friction

===========================================================================================
----------------- testing Sun Aug 09 15:19:15 UTC 2020 /home/travis/build/icyphy/ptII/ptolemy/domains/continuous/test/auto/FurutaPendulum.xml
----------------- Instantiating /home/travis/build/icyphy/ptII/ptolemy/domains/continuous/test/auto/FurutaPendulum.xml
3039 ms. Memory: 270336K Free: 218770K (81%)
----------------- Invoking toplevel() on ptolemy.moml.MoMLSimpleApplication@382dd8f5
----------------- Done invoking toplevel() on ptolemy.moml.MoMLSimpleApplication@382dd8f5
reloadAllAccessors: .FurutaPendulum

===========================================================================================
----------------- testing Sun Aug 09 15:19:19 UTC 2020 /home/travis/build/icyphy/ptII/ptolemy/domains/continuous/test/auto/HierarchicalExecution.xml
----------------- Instantiating /home/travis/build/icyphy/ptII/ptolemy/domains/continuous/test/auto/HierarchicalExecution.xml
1941 ms. Memory: 270336K Free: 223196K (83%)
----------------- Invoking toplevel() on ptolemy.moml.MoMLSimpleApplication@615e79d
----------------- Done invoking toplevel() on ptolemy.moml.MoMLSimpleApplication@615e79d
reloadAllAccessors: .HierarchicalExecution

===========================================================================================
----------------- testing Sun Aug 09 15:19:21 UTC 2020 /home/travis/build/icyphy/ptII/ptolemy/domains/continuous/test/auto/HybridPlant.xml
----------------- Instantiating /home/travis/build/icyphy/ptII/ptolemy/domains/continuous/test/auto/HybridPlant.xml
638 ms. Memory: 324608K Free: 171464K (53%)
----------------- Invoking toplevel() on ptolemy.moml.MoMLSimpleApplication@49d001bd
----------------- Done invoking toplevel() on ptolemy.moml.MoMLSimpleApplication@49d001bd
reloadAllAccessors: .HybridPlant

===========================================================================================
----------------- testing Sun Aug 09 15:19:22 UTC 2020 /home/travis/build/icyphy/ptII/ptolemy/domains/continuous/test/auto/Hysteresis.xml
----------------- Instantiating /home/travis/build/icyphy/ptII/ptolemy/domains/continuous/test/auto/Hysteresis.xml
172 ms. Memory: 324608K Free: 299973K (92%)
----------------- Invoking toplevel() on ptolemy.moml.MoMLSimpleApplication@2eeaffc4
----------------- Done invoking toplevel() on ptolemy.moml.MoMLSimpleApplication@2eeaffc4
reloadAllAccessors: .Hysteresis

===========================================================================================
----------------- testing Sun Aug 09 15:19:22 UTC 2020 /home/travis/build/icyphy/ptII/ptolemy/domains/continuous/test/auto/HysteresisWithRandomDelay.xml
----------------- Instantiating /home/travis/build/icyphy/ptII/ptolemy/domains/continuous/test/auto/HysteresisWithRandomDelay.xml
197 ms. Memory: 324608K Free: 226245K (70%)
----------------- Invoking toplevel() on ptolemy.moml.MoMLSimpleApplication@293bfcb7
----------------- Done invoking toplevel() on ptolemy.moml.MoMLSimpleApplication@293bfcb7
reloadAllAccessors: .HysteresisWithRandomDelay

===========================================================================================
----------------- testing Sun Aug 09 15:19:22 UTC 2020 /home/travis/build/icyphy/ptII/ptolemy/domains/continuous/test/auto/HysteresisWithRandomLosses.xml
----------------- Instantiating /home/travis/build/icyphy/ptII/ptolemy/domains/continuous/test/auto/HysteresisWithRandomLosses.xml
2666 ms. Memory: 324608K Free: 220278K (68%)
----------------- Invoking toplevel() on ptolemy.moml.MoMLSimpleApplication@50af4016
----------------- Done invoking toplevel() on ptolemy.moml.MoMLSimpleApplication@50af4016
reloadAllAccessors: .HysteresisWithRandomLosses

===========================================================================================
----------------- testing Sun Aug 09 15:19:25 UTC 2020 /home/travis/build/icyphy/ptII/ptolemy/domains/continuous/test/auto/ImmediateTransitions.xml
----------------- Instantiating /home/travis/build/icyphy/ptII/ptolemy/domains/continuous/test/auto/ImmediateTransitions.xml
10 ms. Memory: 324608K Free: 209542K (65%)
----------------- Invoking toplevel() on ptolemy.moml.MoMLSimpleApplication@32a479cf
----------------- Done invoking toplevel() on ptolemy.moml.MoMLSimpleApplication@32a479cf
reloadAllAccessors: .ImmediateTransitions

===========================================================================================
----------------- testing Sun Aug 09 15:19:25 UTC 2020 /home/travis/build/icyphy/ptII/ptolemy/domains/continuous/test/auto/ImpulseFeedback.xml
----------------- Instantiating /home/travis/build/icyphy/ptII/ptolemy/domains/continuous/test/auto/ImpulseFeedback.xml
6 ms. Memory: 324608K Free: 203908K (63%)
----------------- Invoking toplevel() on ptolemy.moml.MoMLSimpleApplication@688f8dc2
----------------- Done invoking toplevel() on ptolemy.moml.MoMLSimpleApplication@688f8dc2
reloadAllAccessors: .ImpulseFeedback

===========================================================================================
----------------- testing Sun Aug 09 15:19:25 UTC 2020 /home/travis/build/icyphy/ptII/ptolemy/domains/continuous/test/auto/ImpulseFeedback2.xml
----------------- Instantiating /home/travis/build/icyphy/ptII/ptolemy/domains/continuous/test/auto/ImpulseFeedback2.xml
5 ms. Memory: 324608K Free: 198278K (61%)
----------------- Invoking toplevel() on ptolemy.moml.MoMLSimpleApplication@729d658b
----------------- Done invoking toplevel() on ptolemy.moml.MoMLSimpleApplication@729d658b
reloadAllAccessors: .ImpulseFeedback2

===========================================================================================
----------------- testing Sun Aug 09 15:19:25 UTC 2020 /home/travis/build/icyphy/ptII/ptolemy/domains/continuous/test/auto/IncreasingRatePoisson.xml
----------------- Instantiating /home/travis/build/icyphy/ptII/ptolemy/domains/continuous/test/auto/IncreasingRatePoisson.xml
774 ms. Memory: 324608K Free: 269625K (83%)
----------------- Invoking toplevel() on ptolemy.moml.MoMLSimpleApplication@670c2c74
----------------- Done invoking toplevel() on ptolemy.moml.MoMLSimpleApplication@670c2c74
reloadAllAccessors: .IncreasingRatePoisson

===========================================================================================
----------------- testing Sun Aug 09 15:19:26 UTC 2020 /home/travis/build/icyphy/ptII/ptolemy/domains/continuous/test/auto/InitialStateFeedback.xml
----------------- Instantiating /home/travis/build/icyphy/ptII/ptolemy/domains/continuous/test/auto/InitialStateFeedback.xml
3 ms. Memory: 324608K Free: 265015K (82%)
----------------- Invoking toplevel() on ptolemy.moml.MoMLSimpleApplication@492c8eeb
----------------- Done invoking toplevel() on ptolemy.moml.MoMLSimpleApplication@492c8eeb
reloadAllAccessors: .InitialStateFeedback

===========================================================================================
----------------- testing Sun Aug 09 15:19:26 UTC 2020 /home/travis/build/icyphy/ptII/ptolemy/domains/continuous/test/auto/Integration.xml
----------------- Instantiating /home/travis/build/icyphy/ptII/ptolemy/domains/continuous/test/auto/Integration.xml
2 ms. Memory: 324608K Free: 260919K (80%)
----------------- Invoking toplevel() on ptolemy.moml.MoMLSimpleApplication@4296d9d3
----------------- Done invoking toplevel() on ptolemy.moml.MoMLSimpleApplication@4296d9d3
reloadAllAccessors: .Integration

===========================================================================================
----------------- testing Sun Aug 09 15:19:26 UTC 2020 /home/travis/build/icyphy/ptII/ptolemy/domains/continuous/test/auto/Integration2.xml
----------------- Instantiating /home/travis/build/icyphy/ptII/ptolemy/domains/continuous/test/auto/Integration2.xml
73 ms. Memory: 324608K Free: 246073K (76%)
----------------- Invoking toplevel() on ptolemy.moml.MoMLSimpleApplication@3cfc8b82
----------------- Done invoking toplevel() on ptolemy.moml.MoMLSimpleApplication@3cfc8b82
reloadAllAccessors: .Integration2

===========================================================================================
----------------- testing Sun Aug 09 15:19:26 UTC 2020 /home/travis/build/icyphy/ptII/ptolemy/domains/continuous/test/auto/Integration3.xml
----------------- Instantiating /home/travis/build/icyphy/ptII/ptolemy/domains/continuous/test/auto/Integration3.xml
4 ms. Memory: 324608K Free: 241449K (74%)
----------------- Invoking toplevel() on ptolemy.moml.MoMLSimpleApplication@46827f8d
----------------- Done invoking toplevel() on ptolemy.moml.MoMLSimpleApplication@46827f8d
reloadAllAccessors: .Integration3

===========================================================================================
----------------- testing Sun Aug 09 15:19:26 UTC 2020 /home/travis/build/icyphy/ptII/ptolemy/domains/continuous/test/auto/Integration5.xml
----------------- Instantiating /home/travis/build/icyphy/ptII/ptolemy/domains/continuous/test/auto/Integration5.xml
3 ms. Memory: 324608K Free: 237367K (73%)
----------------- Invoking toplevel() on ptolemy.moml.MoMLSimpleApplication@7dc9e9c8
----------------- Done invoking toplevel() on ptolemy.moml.MoMLSimpleApplication@7dc9e9c8
reloadAllAccessors: .Integration5

===========================================================================================
----------------- testing Sun Aug 09 15:19:26 UTC 2020 /home/travis/build/icyphy/ptII/ptolemy/domains/continuous/test/auto/IntegratorImpulse.xml
----------------- Instantiating /home/travis/build/icyphy/ptII/ptolemy/domains/continuous/test/auto/IntegratorImpulse.xml
2 ms. Memory: 324608K Free: 233257K (72%)
----------------- Invoking toplevel() on ptolemy.moml.MoMLSimpleApplication@7e96ab76
----------------- Done invoking toplevel() on ptolemy.moml.MoMLSimpleApplication@7e96ab76
reloadAllAccessors: .IntegratorImpulse

===========================================================================================
----------------- testing Sun Aug 09 15:19:26 UTC 2020 /home/travis/build/icyphy/ptII/ptolemy/domains/continuous/test/auto/IntegratorImpulse2.xml
----------------- Instantiating /home/travis/build/icyphy/ptII/ptolemy/domains/continuous/test/auto/IntegratorImpulse2.xml
3 ms. Memory: 324608K Free: 228665K (70%)
----------------- Invoking toplevel() on ptolemy.moml.MoMLSimpleApplication@102f853a
----------------- Done invoking toplevel() on ptolemy.moml.MoMLSimpleApplication@102f853a
reloadAllAccessors: .IntegratorImpulse2

===========================================================================================
----------------- testing Sun Aug 09 15:19:26 UTC 2020 /home/travis/build/icyphy/ptII/ptolemy/domains/continuous/test/auto/LevelCrossing1.xml
----------------- Instantiating /home/travis/build/icyphy/ptII/ptolemy/domains/continuous/test/auto/LevelCrossing1.xml
2 ms. Memory: 324608K Free: 223545K (69%)
----------------- Invoking toplevel() on ptolemy.moml.MoMLSimpleApplication@3d58cccb
----------------- Done invoking toplevel() on ptolemy.moml.MoMLSimpleApplication@3d58cccb
reloadAllAccessors: .LevelCrossing1

===========================================================================================
----------------- testing Sun Aug 09 15:19:26 UTC 2020 /home/travis/build/icyphy/ptII/ptolemy/domains/continuous/test/auto/LevelCrossing2.xml
----------------- Instantiating /home/travis/build/icyphy/ptII/ptolemy/domains/continuous/test/auto/LevelCrossing2.xml
3 ms. Memory: 324608K Free: 218425K (67%)
----------------- Invoking toplevel() on ptolemy.moml.MoMLSimpleApplication@35ac3fc3
----------------- Done invoking toplevel() on ptolemy.moml.MoMLSimpleApplication@35ac3fc3
reloadAllAccessors: .LevelCrossing2

===========================================================================================
----------------- testing Sun Aug 09 15:19:26 UTC 2020 /home/travis/build/icyphy/ptII/ptolemy/domains/continuous/test/auto/LevelCrossing3.xml
----------------- Instantiating /home/travis/build/icyphy/ptII/ptolemy/domains/continuous/test/auto/LevelCrossing3.xml
2 ms. Memory: 324608K Free: 213305K (66%)
----------------- Invoking toplevel() on ptolemy.moml.MoMLSimpleApplication@51755b52
----------------- Done invoking toplevel() on ptolemy.moml.MoMLSimpleApplication@51755b52
reloadAllAccessors: .LevelCrossing3

===========================================================================================
----------------- testing Sun Aug 09 15:19:26 UTC 2020 /home/travis/build/icyphy/ptII/ptolemy/domains/continuous/test/auto/LevelCrossing4.xml
----------------- Instantiating /home/travis/build/icyphy/ptII/ptolemy/domains/continuous/test/auto/LevelCrossing4.xml
3 ms. Memory: 324608K Free: 208185K (64%)
----------------- Invoking toplevel() on ptolemy.moml.MoMLSimpleApplication@268b347b
----------------- Done invoking toplevel() on ptolemy.moml.MoMLSimpleApplication@268b347b
reloadAllAccessors: .LevelCrossing4

===========================================================================================
----------------- testing Sun Aug 09 15:19:26 UTC 2020 /home/travis/build/icyphy/ptII/ptolemy/domains/continuous/test/auto/LevelCrossing5.xml
----------------- Instantiating /home/travis/build/icyphy/ptII/ptolemy/domains/continuous/test/auto/LevelCrossing5.xml
3 ms. Memory: 324608K Free: 203065K (63%)
----------------- Invoking toplevel() on ptolemy.moml.MoMLSimpleApplication@6a7e6817
----------------- Done invoking toplevel() on ptolemy.moml.MoMLSimpleApplication@6a7e6817
reloadAllAccessors: .LevelCrossing5

===========================================================================================
[...]
12 ms. Memory: 390144K Free: 145470K (37%)
----------------- Invoking toplevel() on ptolemy.moml.MoMLSimpleApplication@4ae07dba
----------------- Done invoking toplevel() on ptolemy.moml.MoMLSimpleApplication@4ae07dba
reloadAllAccessors: .ResetTransitionWithStartTime6

===========================================================================================
----------------- testing Sun Aug 09 15:19:45 UTC 2020 /home/travis/build/icyphy/ptII/ptolemy/domains/continuous/test/auto/SRinContinuous.xml
----------------- Instantiating /home/travis/build/icyphy/ptII/ptolemy/domains/continuous/test/auto/SRinContinuous.xml
4 ms. Memory: 390144K Free: 370500K (95%)
----------------- Invoking toplevel() on ptolemy.moml.MoMLSimpleApplication@5f926408
----------------- Done invoking toplevel() on ptolemy.moml.MoMLSimpleApplication@5f926408
reloadAllAccessors: .SRinContinuous

===========================================================================================
----------------- testing Sun Aug 09 15:19:45 UTC 2020 /home/travis/build/icyphy/ptII/ptolemy/domains/continuous/test/auto/SampledClocks.xml
----------------- Instantiating /home/travis/build/icyphy/ptII/ptolemy/domains/continuous/test/auto/SampledClocks.xml
7 ms. Memory: 390144K Free: 357698K (92%)
----------------- Invoking toplevel() on ptolemy.moml.MoMLSimpleApplication@9fa0f14
----------------- Done invoking toplevel() on ptolemy.moml.MoMLSimpleApplication@9fa0f14
reloadAllAccessors: .SampledClocks

===========================================================================================
----------------- testing Sun Aug 09 15:19:45 UTC 2020 /home/travis/build/icyphy/ptII/ptolemy/domains/continuous/test/auto/Satellite.xml
----------------- Instantiating /home/travis/build/icyphy/ptII/ptolemy/domains/continuous/test/auto/Satellite.xml
942 ms. Memory: 390144K Free: 154436K (40%)
----------------- Invoking toplevel() on ptolemy.moml.MoMLSimpleApplication@166d99a2
----------------- Done invoking toplevel() on ptolemy.moml.MoMLSimpleApplication@166d99a2
reloadAllAccessors: .Satellite

===========================================================================================
----------------- testing Sun Aug 09 15:19:46 UTC 2020 /home/travis/build/icyphy/ptII/ptolemy/domains/continuous/test/auto/SigmaDelta.xml
----------------- Instantiating /home/travis/build/icyphy/ptII/ptolemy/domains/continuous/test/auto/SigmaDelta.xml
2252 ms. Memory: 390144K Free: 328238K (84%)
----------------- Invoking toplevel() on ptolemy.moml.MoMLSimpleApplication@4f5068ec
----------------- Done invoking toplevel() on ptolemy.moml.MoMLSimpleApplication@4f5068ec
reloadAllAccessors: .SigmaDelta

===========================================================================================
----------------- testing Sun Aug 09 15:19:48 UTC 2020 /home/travis/build/icyphy/ptII/ptolemy/domains/continuous/test/auto/SingleRefinement.xml
----------------- Instantiating /home/travis/build/icyphy/ptII/ptolemy/domains/continuous/test/auto/SingleRefinement.xml
317 ms. Memory: 390144K Free: 142384K (36%)
----------------- Invoking toplevel() on ptolemy.moml.MoMLSimpleApplication@4fa0f50f
----------------- Done invoking toplevel() on ptolemy.moml.MoMLSimpleApplication@4fa0f50f
reloadAllAccessors: .SingleRefinement

===========================================================================================
----------------- testing Sun Aug 09 15:19:48 UTC 2020 /home/travis/build/icyphy/ptII/ptolemy/domains/continuous/test/auto/SinuBouncingBall.xml
----------------- Instantiating /home/travis/build/icyphy/ptII/ptolemy/domains/continuous/test/auto/SinuBouncingBall.xml
777 ms. Memory: 390144K Free: 153897K (39%)
----------------- Invoking toplevel() on ptolemy.moml.MoMLSimpleApplication@46a524c
----------------- Done invoking toplevel() on ptolemy.moml.MoMLSimpleApplication@46a524c
reloadAllAccessors: .SinuBouncingBall

===========================================================================================
----------------- testing Sun Aug 09 15:19:49 UTC 2020 /home/travis/build/icyphy/ptII/ptolemy/domains/continuous/test/auto/Sinusoid.xml
----------------- Instantiating /home/travis/build/icyphy/ptII/ptolemy/domains/continuous/test/auto/Sinusoid.xml
5 ms. Memory: 390144K Free: 149777K (38%)
----------------- Invoking toplevel() on ptolemy.moml.MoMLSimpleApplication@5925798b
----------------- Done invoking toplevel() on ptolemy.moml.MoMLSimpleApplication@5925798b
reloadAllAccessors: .Sinusoid

===========================================================================================
----------------- testing Sun Aug 09 15:19:49 UTC 2020 /home/travis/build/icyphy/ptII/ptolemy/domains/continuous/test/auto/SinusoidInNoise.xml
----------------- Instantiating /home/travis/build/icyphy/ptII/ptolemy/domains/continuous/test/auto/SinusoidInNoise.xml
901 ms. Memory: 390144K Free: 226792K (58%)
----------------- Invoking toplevel() on ptolemy.moml.MoMLSimpleApplication@31c472b3
----------------- Done invoking toplevel() on ptolemy.moml.MoMLSimpleApplication@31c472b3
reloadAllAccessors: .SinusoidInNoise

===========================================================================================
----------------- testing Sun Aug 09 15:19:50 UTC 2020 /home/travis/build/icyphy/ptII/ptolemy/domains/continuous/test/auto/SinusoidRK45.xml
----------------- Instantiating /home/travis/build/icyphy/ptII/ptolemy/domains/continuous/test/auto/SinusoidRK45.xml
2 ms. Memory: 390144K Free: 222666K (57%)
----------------- Invoking toplevel() on ptolemy.moml.MoMLSimpleApplication@54916da2
----------------- Done invoking toplevel() on ptolemy.moml.MoMLSimpleApplication@54916da2
reloadAllAccessors: .SinusoidRK45

===========================================================================================
----------------- testing Sun Aug 09 15:19:50 UTC 2020 /home/travis/build/icyphy/ptII/ptolemy/domains/continuous/test/auto/SinusoidWithMultipleImpulses.xml
----------------- Instantiating /home/travis/build/icyphy/ptII/ptolemy/domains/continuous/test/auto/SinusoidWithMultipleImpulses.xml
2 ms. Memory: 390144K Free: 218090K (56%)
----------------- Invoking toplevel() on ptolemy.moml.MoMLSimpleApplication@1565e3d5
----------------- Done invoking toplevel() on ptolemy.moml.MoMLSimpleApplication@1565e3d5
reloadAllAccessors: .SinusoidWithMultipleImpulses

===========================================================================================
----------------- testing Sun Aug 09 15:19:50 UTC 2020 /home/travis/build/icyphy/ptII/ptolemy/domains/continuous/test/auto/SquareWave.xml
----------------- Instantiating /home/travis/build/icyphy/ptII/ptolemy/domains/continuous/test/auto/SquareWave.xml
144 ms. Memory: 390144K Free: 189418K (49%)
----------------- Invoking toplevel() on ptolemy.moml.MoMLSimpleApplication@14e78e93
----------------- Done invoking toplevel() on ptolemy.moml.MoMLSimpleApplication@14e78e93
reloadAllAccessors: .SquareWave

===========================================================================================
----------------- testing Sun Aug 09 15:19:51 UTC 2020 /home/travis/build/icyphy/ptII/ptolemy/domains/continuous/test/auto/Starmac.xml
----------------- Instantiating /home/travis/build/icyphy/ptII/ptolemy/domains/continuous/test/auto/Starmac.xml
3061 ms. Memory: 390144K Free: 322905K (83%)
----------------- Invoking toplevel() on ptolemy.moml.MoMLSimpleApplication@568b2cd0
----------------- Done invoking toplevel() on ptolemy.moml.MoMLSimpleApplication@568b2cd0
reloadAllAccessors: .Starmac

===========================================================================================
----------------- testing Sun Aug 09 15:19:54 UTC 2020 /home/travis/build/icyphy/ptII/ptolemy/domains/continuous/test/auto/StaticUnits.xml
----------------- Instantiating /home/travis/build/icyphy/ptII/ptolemy/domains/continuous/test/auto/StaticUnits.xml
2368 ms. Memory: 390144K Free: 299281K (77%)
----------------- Invoking toplevel() on ptolemy.moml.MoMLSimpleApplication@2b76eab5
----------------- Done invoking toplevel() on ptolemy.moml.MoMLSimpleApplication@2b76eab5
reloadAllAccessors: .StaticUnits

===========================================================================================
----------------- testing Sun Aug 09 15:19:57 UTC 2020 /home/travis/build/icyphy/ptII/ptolemy/domains/continuous/test/auto/StickyMasses.xml
----------------- Instantiating /home/travis/build/icyphy/ptII/ptolemy/domains/continuous/test/auto/StickyMasses.xml
140 ms. Memory: 390144K Free: 248576K (64%)
----------------- Invoking toplevel() on ptolemy.moml.MoMLSimpleApplication@43c25a7f
----------------- Done invoking toplevel() on ptolemy.moml.MoMLSimpleApplication@43c25a7f
reloadAllAccessors: .StickyMasses

===========================================================================================
----------------- testing Sun Aug 09 15:19:57 UTC 2020 /home/travis/build/icyphy/ptII/ptolemy/domains/continuous/test/auto/StopTime.xml
----------------- Instantiating /home/travis/build/icyphy/ptII/ptolemy/domains/continuous/test/auto/StopTime.xml
58 ms. Memory: 390144K Free: 222991K (57%)
----------------- Invoking toplevel() on ptolemy.moml.MoMLSimpleApplication@6d9d5fac
----------------- Done invoking toplevel() on ptolemy.moml.MoMLSimpleApplication@6d9d5fac
reloadAllAccessors: .StopTime

===========================================================================================
----------------- testing Sun Aug 09 15:19:57 UTC 2020 /home/travis/build/icyphy/ptII/ptolemy/domains/continuous/test/auto/StopTime2.xml
----------------- Instantiating /home/travis/build/icyphy/ptII/ptolemy/domains/continuous/test/auto/StopTime2.xml
38 ms. Memory: 390144K Free: 200977K (52%)
----------------- Invoking toplevel() on ptolemy.moml.MoMLSimpleApplication@463c7662
----------------- Done invoking toplevel() on ptolemy.moml.MoMLSimpleApplication@463c7662
reloadAllAccessors: .StopTime2

===========================================================================================
----------------- testing Sun Aug 09 15:19:57 UTC 2020 /home/travis/build/icyphy/ptII/ptolemy/domains/continuous/test/auto/Switch.xml
----------------- Instantiating /home/travis/build/icyphy/ptII/ptolemy/domains/continuous/test/auto/Switch.xml
48 ms. Memory: 390144K Free: 175377K (45%)
----------------- Invoking toplevel() on ptolemy.moml.MoMLSimpleApplication@5a2f5aac
----------------- Done invoking toplevel() on ptolemy.moml.MoMLSimpleApplication@5a2f5aac
reloadAllAccessors: .Switch

===========================================================================================
----------------- testing Sun Aug 09 15:19:57 UTC 2020 /home/travis/build/icyphy/ptII/ptolemy/domains/continuous/test/auto/Thermostat.xml
----------------- Instantiating /home/travis/build/icyphy/ptII/ptolemy/domains/continuous/test/auto/Thermostat.xml
212 ms. Memory: 390144K Free: 329984K (85%)
----------------- Invoking toplevel() on ptolemy.moml.MoMLSimpleApplication@145473f7
----------------- Done invoking toplevel() on ptolemy.moml.MoMLSimpleApplication@145473f7
reloadAllAccessors: .Thermostat

===========================================================================================
----------------- testing Sun Aug 09 15:19:58 UTC 2020 /home/travis/build/icyphy/ptII/ptolemy/domains/continuous/test/auto/TimeDelay.xml
----------------- Instantiating /home/travis/build/icyphy/ptII/ptolemy/domains/continuous/test/auto/TimeDelay.xml
5 ms. Memory: 390144K Free: 324366K (83%)
----------------- Invoking toplevel() on ptolemy.moml.MoMLSimpleApplication@13c216a8
----------------- Done invoking toplevel() on ptolemy.moml.MoMLSimpleApplication@13c216a8
reloadAllAccessors: .TimeDelay

===========================================================================================
----------------- testing Sun Aug 09 15:19:58 UTC 2020 /home/travis/build/icyphy/ptII/ptolemy/domains/continuous/test/auto/TimeDelay2.xml
----------------- Instantiating /home/travis/build/icyphy/ptII/ptolemy/domains/continuous/test/auto/TimeDelay2.xml
9 ms. Memory: 390144K Free: 314126K (81%)
----------------- Invoking toplevel() on ptolemy.moml.MoMLSimpleApplication@5c90a281
----------------- Done invoking toplevel() on ptolemy.moml.MoMLSimpleApplication@5c90a281
reloadAllAccessors: .TimeDelay2

===========================================================================================
----------------- testing Sun Aug 09 15:19:58 UTC 2020 /home/travis/build/icyphy/ptII/ptolemy/domains/continuous/test/auto/TimeDelay3.xml
----------------- Instantiating /home/travis/build/icyphy/ptII/ptolemy/domains/continuous/test/auto/TimeDelay3.xml
5 ms. Memory: 390144K Free: 309499K (79%)
----------------- Invoking toplevel() on ptolemy.moml.MoMLSimpleApplication@1d2a3b08
----------------- Done invoking toplevel() on ptolemy.moml.MoMLSimpleApplication@1d2a3b08
reloadAllAccessors: .TimeDelay3

===========================================================================================
----------------- testing Sun Aug 09 15:19:58 UTC 2020 /home/travis/build/icyphy/ptII/ptolemy/domains/continuous/test/auto/TransferAbsentToInside.xml
----------------- Instantiating /home/travis/build/icyphy/ptII/ptolemy/domains/continuous/test/auto/TransferAbsentToInside.xml
32 ms. Memory: 390144K Free: 255230K (65%)
----------------- Invoking toplevel() on ptolemy.moml.MoMLSimpleApplication@737401a6
----------------- Done invoking toplevel() on ptolemy.moml.MoMLSimpleApplication@737401a6
reloadAllAccessors: .TransferAbsentToInside

===========================================================================================
----------------- testing Sun Aug 09 15:19:58 UTC 2020 /home/travis/build/icyphy/ptII/ptolemy/domains/continuous/test/auto/Transmission.xml
----------------- Instantiating /home/travis/build/icyphy/ptII/ptolemy/domains/continuous/test/auto/Transmission.xml
816 ms. Memory: 390144K Free: 243905K (63%)
----------------- Invoking toplevel() on ptolemy.moml.MoMLSimpleApplication@548e3941
----------------- Done invoking toplevel() on ptolemy.moml.MoMLSimpleApplication@548e3941
reloadAllAccessors: .Transmission

===========================================================================================
----------------- testing Sun Aug 09 15:19:59 UTC 2020 /home/travis/build/icyphy/ptII/ptolemy/domains/continuous/test/auto/TriggeredContinuousClock.xml
----------------- Instantiating /home/travis/build/icyphy/ptII/ptolemy/domains/continuous/test/auto/TriggeredContinuousClock.xml
43 ms. Memory: 390144K Free: 214202K (55%)
----------------- Invoking toplevel() on ptolemy.moml.MoMLSimpleApplication@7289c77
----------------- Done invoking toplevel() on ptolemy.moml.MoMLSimpleApplication@7289c77
reloadAllAccessors: .TriggeredContinuousClock

===========================================================================================
----------------- testing Sun Aug 09 15:19:59 UTC 2020 /home/travis/build/icyphy/ptII/ptolemy/domains/continuous/test/auto/TwoMachineInfiniteBusControl.xml
----------------- Instantiating /home/travis/build/icyphy/ptII/ptolemy/domains/continuous/test/auto/TwoMachineInfiniteBusControl.xml
2920 ms. Memory: 390144K Free: 302759K (78%)
----------------- Invoking toplevel() on ptolemy.moml.MoMLSimpleApplication@46874007
----------------- Done invoking toplevel() on ptolemy.moml.MoMLSimpleApplication@46874007
reloadAllAccessors: .TwoMachineInfiniteBusControl

===========================================================================================
----------------- testing Sun Aug 09 15:20:02 UTC 2020 /home/travis/build/icyphy/ptII/ptolemy/domains/continuous/test/auto/V2V.xml
----------------- Instantiating /home/travis/build/icyphy/ptII/ptolemy/domains/continuous/test/auto/V2V.xml
838 ms. Memory: 390144K Free: 339610K (87%)
----------------- Invoking toplevel() on ptolemy.moml.MoMLSimpleApplication@5577677f
----------------- Done invoking toplevel() on ptolemy.moml.MoMLSimpleApplication@5577677f
reloadAllAccessors: .V2V

===========================================================================================
----------------- testing Sun Aug 09 15:20:03 UTC 2020 /home/travis/build/icyphy/ptII/ptolemy/domains/continuous/test/auto/hierarchicalModalModel.xml
----------------- Instantiating /home/travis/build/icyphy/ptII/ptolemy/domains/continuous/test/auto/hierarchicalModalModel.xml
8 ms. Memory: 390144K Free: 324760K (83%)
----------------- Invoking toplevel() on ptolemy.moml.MoMLSimpleApplication@2d2b138e
----------------- Done invoking toplevel() on ptolemy.moml.MoMLSimpleApplication@2d2b138e
reloadAllAccessors: .hierarchicalModalModel

===========================================================================================
----------------- testing Sun Aug 09 15:20:03 UTC 2020 /home/travis/build/icyphy/ptII/ptolemy/domains/continuous/test/auto/hierarchicalModalModel1.xml
----------------- Instantiating /home/travis/build/icyphy/ptII/ptolemy/domains/continuous/test/auto/hierarchicalModalModel1.xml
7 ms. Memory: 390144K Free: 310424K (80%)
----------------- Invoking toplevel() on ptolemy.moml.MoMLSimpleApplication@1fffa26b
----------------- Done invoking toplevel() on ptolemy.moml.MoMLSimpleApplication@1fffa26b
reloadAllAccessors: .hierarchicalModalModel1

===========================================================================================
----------------- testing Sun Aug 09 15:20:03 UTC 2020 /home/travis/build/icyphy/ptII/ptolemy/domains/continuous/test/auto/hierarchicalModalModel2.xml
----------------- Instantiating /home/travis/build/icyphy/ptII/ptolemy/domains/continuous/test/auto/hierarchicalModalModel2.xml
6 ms. Memory: 390144K Free: 298122K (76%)
----------------- Invoking toplevel() on ptolemy.moml.MoMLSimpleApplication@2efdd3d6
----------------- Done invoking toplevel() on ptolemy.moml.MoMLSimpleApplication@2efdd3d6
reloadAllAccessors: .hierarchicalModalModel2

===========================================================================================
----------------- testing Sun Aug 09 15:20:03 UTC 2020 /home/travis/build/icyphy/ptII/ptolemy/domains/continuous/test/auto/hierarchicalModalModel3.xml
----------------- Instantiating /home/travis/build/icyphy/ptII/ptolemy/domains/continuous/test/auto/hierarchicalModalModel3.xml
5 ms. Memory: 390144K Free: 287386K (74%)
----------------- Invoking toplevel() on ptolemy.moml.MoMLSimpleApplication@73f1426
----------------- Done invoking toplevel() on ptolemy.moml.MoMLSimpleApplication@73f1426
reloadAllAccessors: .hierarchicalModalModel3

===========================================================================================
----------------- testing Sun Aug 09 15:20:03 UTC 2020 /home/travis/build/icyphy/ptII/ptolemy/domains/continuous/test/auto/hierarchicalModalModel4.xml
----------------- Instantiating /home/travis/build/icyphy/ptII/ptolemy/domains/continuous/test/auto/hierarchicalModalModel4.xml
4 ms. Memory: 390144K Free: 275608K (71%)
----------------- Invoking toplevel() on ptolemy.moml.MoMLSimpleApplication@79e22c19
----------------- Done invoking toplevel() on ptolemy.moml.MoMLSimpleApplication@79e22c19
reloadAllAccessors: .hierarchicalModalModel4

===========================================================================================
----------------- testing Sun Aug 09 15:20:03 UTC 2020 /home/travis/build/icyphy/ptII/ptolemy/domains/continuous/test/auto/junk.xml
----------------- Instantiating /home/travis/build/icyphy/ptII/ptolemy/domains/continuous/test/auto/junk.xml
125 ms. Memory: 390144K Free: 248474K (64%)
----------------- Invoking toplevel() on ptolemy.moml.MoMLSimpleApplication@21c353a7
----------------- Done invoking toplevel() on ptolemy.moml.MoMLSimpleApplication@21c353a7
reloadAllAccessors: .junk
AutoTests.java: About to close Vertx.
AutoTests.java: Vertx closed.
]]></system-out>
  <system-err><![CDATA[Warning: '.Poisson.NonStrictTest' The test produced only 412 tokens, yet the correctValues parameter was expecting 430 tokens.
]]></system-err>
</testsuite>
