<?xml version="1.0" encoding="UTF-8" ?>
<testsuite errors="0" failures="0" hostname="travis-job-3076ee92-c1ca-4833-b5d8-b9c85d7a5412" name="ptolemy.domains.de.test.junit.JUnitTclTest" skipped="0" tests="101" time="122.913" timestamp="2020-01-10T06:48:46">
  <properties>
[...]
</properties>
  <testcase classname="ptolemy.util.test.junit.TclTests" name="[0] /home/travis/build/icyphy/ptII/ptolemy/domains/de/test/DependencyLoop.tcl (RunTclFile)" time="0.86" />
  <testcase classname="ptolemy.util.test.junit.TclTests" name="[1] /home/travis/build/icyphy/ptII/ptolemy/domains/de/test/RunDETestsAsQSS.tcl (RunTclFile)" time="82.567" />
  <testcase classname="ptolemy.util.test.junit.AutoKnownFailedTests" name="[0] /home/travis/build/icyphy/ptII/ptolemy/domains/de/test/auto/knownFailedTests/DESDFClockTest.xml (RunModel)" time="2.032" />
  <testcase classname="ptolemy.util.test.junit.AutoKnownFailedTests" name="[1] /home/travis/build/icyphy/ptII/ptolemy/domains/de/test/auto/knownFailedTests/DirectFeedback.xml (RunModel)" time="0.023" />
  <testcase classname="ptolemy.util.test.junit.AutoKnownFailedTests" name="[2] /home/travis/build/icyphy/ptII/ptolemy/domains/de/test/auto/knownFailedTests/FSMSource.xml (RunModel)" time="0.034" />
  <testcase classname="ptolemy.util.test.junit.AutoKnownFailedTests" name="[3] /home/travis/build/icyphy/ptII/ptolemy/domains/de/test/auto/knownFailedTests/HierarchicalModel.xml (RunModel)" time="0.043" />
  <testcase classname="ptolemy.util.test.junit.AutoKnownFailedTests" name="[4] /home/travis/build/icyphy/ptII/ptolemy/domains/de/test/auto/knownFailedTests/dependencyLoop.xml (RunModel)" time="0.06" />
  <testcase classname="ptolemy.util.test.junit.AutoKnownFailedTests" name="[5] /home/travis/build/icyphy/ptII/ptolemy/domains/de/test/auto/knownFailedTests/dependencyLoop2.xml (RunModel)" time="0.042" />
  <testcase classname="ptolemy.util.test.junit.AutoNameArchTests" name="[0] ThereAreNoAutoArchTests (RunModel)" time="0.003" />
  <testcase classname="ptolemy.util.test.junit.AutoTests" name="[0] /home/travis/build/icyphy/ptII/ptolemy/domains/de/test/auto/ActorDepthCalculation_actorWithoutPorts.xml (RunModel)" time="0.019" />
  <testcase classname="ptolemy.util.test.junit.AutoTests" name="[1] /home/travis/build/icyphy/ptII/ptolemy/domains/de/test/auto/AssemblyLine.xml (RunModel)" time="0.021" />
  <testcase classname="ptolemy.util.test.junit.AutoTests" name="[2] /home/travis/build/icyphy/ptII/ptolemy/domains/de/test/auto/CQBug1.xml (RunModel)" time="0.012" />
  <testcase classname="ptolemy.util.test.junit.AutoTests" name="[3] /home/travis/build/icyphy/ptII/ptolemy/domains/de/test/auto/CancelFireAt.xml (RunModel)" time="0.02" />
  <testcase classname="ptolemy.util.test.junit.AutoTests" name="[4] /home/travis/build/icyphy/ptII/ptolemy/domains/de/test/auto/CausalityAndComposabilityAnalysis.xml (RunModel)" time="0.018" />
  <testcase classname="ptolemy.util.test.junit.AutoTests" name="[5] /home/travis/build/icyphy/ptII/ptolemy/domains/de/test/auto/CausalityInterface1.xml (RunModel)" time="0.014" />
  <testcase classname="ptolemy.util.test.junit.AutoTests" name="[6] /home/travis/build/icyphy/ptII/ptolemy/domains/de/test/auto/CausalityInterface15.xml (RunModel)" time="0.016" />
  <testcase classname="ptolemy.util.test.junit.AutoTests" name="[7] /home/travis/build/icyphy/ptII/ptolemy/domains/de/test/auto/CausalityInterface2.xml (RunModel)" time="0.015" />
  <testcase classname="ptolemy.util.test.junit.AutoTests" name="[8] /home/travis/build/icyphy/ptII/ptolemy/domains/de/test/auto/CausalityInterface3.xml (RunModel)" time="0.021" />
  <testcase classname="ptolemy.util.test.junit.AutoTests" name="[9] /home/travis/build/icyphy/ptII/ptolemy/domains/de/test/auto/ClockDrift.xml (RunModel)" time="0.037" />
  <testcase classname="ptolemy.util.test.junit.AutoTests" name="[10] /home/travis/build/icyphy/ptII/ptolemy/domains/de/test/auto/ClockDriftAndValueChange.xml (RunModel)" time="0.032" />
  <testcase classname="ptolemy.util.test.junit.AutoTests" name="[11] /home/travis/build/icyphy/ptII/ptolemy/domains/de/test/auto/ClockDriftChange.xml (RunModel)" time="0.035" />
  <testcase classname="ptolemy.util.test.junit.AutoTests" name="[12] /home/travis/build/icyphy/ptII/ptolemy/domains/de/test/auto/ComposableCausalityAnalysis.xml (RunModel)" time="0.013" />
  <testcase classname="ptolemy.util.test.junit.AutoTests" name="[13] /home/travis/build/icyphy/ptII/ptolemy/domains/de/test/auto/DEFixedPointLimitation.xml (RunModel)" time="0.008" />
  <testcase classname="ptolemy.util.test.junit.AutoTests" name="[14] /home/travis/build/icyphy/ptII/ptolemy/domains/de/test/auto/DEScheduleTest.xml (RunModel)" time="0.013" />
  <testcase classname="ptolemy.util.test.junit.AutoTests" name="[15] /home/travis/build/icyphy/ptII/ptolemy/domains/de/test/auto/DEinDEwithStartTimes.xml (RunModel)" time="0.015" />
  <testcase classname="ptolemy.util.test.junit.AutoTests" name="[16] /home/travis/build/icyphy/ptII/ptolemy/domains/de/test/auto/DEinDEwithStartTimes2.xml (RunModel)" time="0.019" />
  <testcase classname="ptolemy.util.test.junit.AutoTests" name="[17] /home/travis/build/icyphy/ptII/ptolemy/domains/de/test/auto/DateDemo.xml (RunModel)" time="0.028" />
  <testcase classname="ptolemy.util.test.junit.AutoTests" name="[18] /home/travis/build/icyphy/ptII/ptolemy/domains/de/test/auto/DateToEvent.xml (RunModel)" time="2.04" />
  <testcase classname="ptolemy.util.test.junit.AutoTests" name="[19] /home/travis/build/icyphy/ptII/ptolemy/domains/de/test/auto/DepthTest1.xml (RunModel)" time="0.013" />
  <testcase classname="ptolemy.util.test.junit.AutoTests" name="[20] /home/travis/build/icyphy/ptII/ptolemy/domains/de/test/auto/DepthTest2.xml (RunModel)" time="0.019" />
  <testcase classname="ptolemy.util.test.junit.AutoTests" name="[21] /home/travis/build/icyphy/ptII/ptolemy/domains/de/test/auto/DepthTest3.xml (RunModel)" time="0.01" />
  <testcase classname="ptolemy.util.test.junit.AutoTests" name="[22] /home/travis/build/icyphy/ptII/ptolemy/domains/de/test/auto/DepthTest4.xml (RunModel)" time="0.019" />
  <testcase classname="ptolemy.util.test.junit.AutoTests" name="[23] /home/travis/build/icyphy/ptII/ptolemy/domains/de/test/auto/DepthTest5.xml (RunModel)" time="0.018" />
  <testcase classname="ptolemy.util.test.junit.AutoTests" name="[24] /home/travis/build/icyphy/ptII/ptolemy/domains/de/test/auto/DepthTest6.xml (RunModel)" time="0.012" />
  <testcase classname="ptolemy.util.test.junit.AutoTests" name="[25] /home/travis/build/icyphy/ptII/ptolemy/domains/de/test/auto/DepthTest7.xml (RunModel)" time="0.011" />
  <testcase classname="ptolemy.util.test.junit.AutoTests" name="[26] /home/travis/build/icyphy/ptII/ptolemy/domains/de/test/auto/EventToDate.xml (RunModel)" time="3.049" />
  <testcase classname="ptolemy.util.test.junit.AutoTests" name="[27] /home/travis/build/icyphy/ptII/ptolemy/domains/de/test/auto/FSM1.xml (RunModel)" time="0.045" />
  <testcase classname="ptolemy.util.test.junit.AutoTests" name="[28] /home/travis/build/icyphy/ptII/ptolemy/domains/de/test/auto/FSM7.xml (RunModel)" time="0.04" />
  <testcase classname="ptolemy.util.test.junit.AutoTests" name="[29] /home/travis/build/icyphy/ptII/ptolemy/domains/de/test/auto/Inspection.xml (RunModel)" time="0.039" />
  <testcase classname="ptolemy.util.test.junit.AutoTests" name="[30] /home/travis/build/icyphy/ptII/ptolemy/domains/de/test/auto/Iteration.xml (RunModel)" time="0.026" />
  <testcase classname="ptolemy.util.test.junit.AutoTests" name="[31] /home/travis/build/icyphy/ptII/ptolemy/domains/de/test/auto/LineFault.xml (RunModel)" time="0.572" />
  <testcase classname="ptolemy.util.test.junit.AutoTests" name="[32] /home/travis/build/icyphy/ptII/ptolemy/domains/de/test/auto/MergeModel1Add.xml (RunModel)" time="0.038" />
  <testcase classname="ptolemy.util.test.junit.AutoTests" name="[33] /home/travis/build/icyphy/ptII/ptolemy/domains/de/test/auto/MergeModel2Add.xml (RunModel)" time="0.039" />
  <testcase classname="ptolemy.util.test.junit.AutoTests" name="[34] /home/travis/build/icyphy/ptII/ptolemy/domains/de/test/auto/MergeModel3Add.xml (RunModel)" time="0.054" />
  <testcase classname="ptolemy.util.test.junit.AutoTests" name="[35] /home/travis/build/icyphy/ptII/ptolemy/domains/de/test/auto/MergeWithoutDiscard.xml (RunModel)" time="0.011" />
  <testcase classname="ptolemy.util.test.junit.AutoTests" name="[36] /home/travis/build/icyphy/ptII/ptolemy/domains/de/test/auto/Modal1.xml (RunModel)" time="0.026" />
  <testcase classname="ptolemy.util.test.junit.AutoTests" name="[37] /home/travis/build/icyphy/ptII/ptolemy/domains/de/test/auto/Modal2.xml (RunModel)" time="0.028" />
  <testcase classname="ptolemy.util.test.junit.AutoTests" name="[38] /home/travis/build/icyphy/ptII/ptolemy/domains/de/test/auto/Modal3.xml (RunModel)" time="0.025" />
  <testcase classname="ptolemy.util.test.junit.AutoTests" name="[39] /home/travis/build/icyphy/ptII/ptolemy/domains/de/test/auto/Modal4.xml (RunModel)" time="0.03" />
  <testcase classname="ptolemy.util.test.junit.AutoTests" name="[40] /home/travis/build/icyphy/ptII/ptolemy/domains/de/test/auto/Modal5.xml (RunModel)" time="0.026" />
  <testcase classname="ptolemy.util.test.junit.AutoTests" name="[41] /home/travis/build/icyphy/ptII/ptolemy/domains/de/test/auto/Modal6.xml (RunModel)" time="0.026" />
  <testcase classname="ptolemy.util.test.junit.AutoTests" name="[42] /home/travis/build/icyphy/ptII/ptolemy/domains/de/test/auto/Modal7.xml (RunModel)" time="0.026" />
  <testcase classname="ptolemy.util.test.junit.AutoTests" name="[43] /home/travis/build/icyphy/ptII/ptolemy/domains/de/test/auto/ModalModel.xml (RunModel)" time="0.164" />
  <testcase classname="ptolemy.util.test.junit.AutoTests" name="[44] /home/travis/build/icyphy/ptII/ptolemy/domains/de/test/auto/ModalSource.xml (RunModel)" time="0.019" />
  <testcase classname="ptolemy.util.test.junit.AutoTests" name="[45] /home/travis/build/icyphy/ptII/ptolemy/domains/de/test/auto/NonInterruptibleTimerZeroDelay.xml (RunModel)" time="0.009" />
  <testcase classname="ptolemy.util.test.junit.AutoTests" name="[46] /home/travis/build/icyphy/ptII/ptolemy/domains/de/test/auto/OpenQueueingNetwork.xml (RunModel)" time="2.15" />
  <testcase classname="ptolemy.util.test.junit.AutoTests" name="[47] /home/travis/build/icyphy/ptII/ptolemy/domains/de/test/auto/OpenQueuingNetwork.xml (RunModel)" time="0.269" />
  <testcase classname="ptolemy.util.test.junit.AutoTests" name="[48] /home/travis/build/icyphy/ptII/ptolemy/domains/de/test/auto/PeriodicSampler.xml (RunModel)" time="0.015" />
  <testcase classname="ptolemy.util.test.junit.AutoTests" name="[49] /home/travis/build/icyphy/ptII/ptolemy/domains/de/test/auto/PersistentIO.xml (RunModel)" time="0.027" />
  <testcase classname="ptolemy.util.test.junit.AutoTests" name="[50] /home/travis/build/icyphy/ptII/ptolemy/domains/de/test/auto/PortParameterResetOnInitialize.xml (RunModel)" time="0.012" />
  <testcase classname="ptolemy.util.test.junit.AutoTests" name="[51] /home/travis/build/icyphy/ptII/ptolemy/domains/de/test/auto/PortParameterUpdates.xml (RunModel)" time="0.012" />
  <testcase classname="ptolemy.util.test.junit.AutoTests" name="[52] /home/travis/build/icyphy/ptII/ptolemy/domains/de/test/auto/QueueAndServer.xml (RunModel)" time="0.019" />
  <testcase classname="ptolemy.util.test.junit.AutoTests" name="[53] /home/travis/build/icyphy/ptII/ptolemy/domains/de/test/auto/Records.xml (RunModel)" time="0.012" />
  <testcase classname="ptolemy.util.test.junit.AutoTests" name="[54] /home/travis/build/icyphy/ptII/ptolemy/domains/de/test/auto/ResetTransitionWithStartTime1.xml (RunModel)" time="0.021" />
  <testcase classname="ptolemy.util.test.junit.AutoTests" name="[55] /home/travis/build/icyphy/ptII/ptolemy/domains/de/test/auto/ResetTransitionWithStartTime2.xml (RunModel)" time="0.019" />
  <testcase classname="ptolemy.util.test.junit.AutoTests" name="[56] /home/travis/build/icyphy/ptII/ptolemy/domains/de/test/auto/ResetTransitionWithStartTime3.xml (RunModel)" time="0.021" />
  <testcase classname="ptolemy.util.test.junit.AutoTests" name="[57] /home/travis/build/icyphy/ptII/ptolemy/domains/de/test/auto/ResetTransitionWithStartTime4.xml (RunModel)" time="0.016" />
  <testcase classname="ptolemy.util.test.junit.AutoTests" name="[58] /home/travis/build/icyphy/ptII/ptolemy/domains/de/test/auto/ResettableTimer1.xml (RunModel)" time="0.01" />
  <testcase classname="ptolemy.util.test.junit.AutoTests" name="[59] /home/travis/build/icyphy/ptII/ptolemy/domains/de/test/auto/ResettableTimer2.xml (RunModel)" time="0.008" />
  <testcase classname="ptolemy.util.test.junit.AutoTests" name="[60] /home/travis/build/icyphy/ptII/ptolemy/domains/de/test/auto/ResettableTimer3.xml (RunModel)" time="0.008" />
  <testcase classname="ptolemy.util.test.junit.AutoTests" name="[61] /home/travis/build/icyphy/ptII/ptolemy/domains/de/test/auto/ResettableTimer4.xml (RunModel)" time="0.01" />
  <testcase classname="ptolemy.util.test.junit.AutoTests" name="[62] /home/travis/build/icyphy/ptII/ptolemy/domains/de/test/auto/ResettableTimer5.xml (RunModel)" time="0.009" />
  <testcase classname="ptolemy.util.test.junit.AutoTests" name="[63] /home/travis/build/icyphy/ptII/ptolemy/domains/de/test/auto/ResettableTimer6.xml (RunModel)" time="0.014" />
  <testcase classname="ptolemy.util.test.junit.AutoTests" name="[64] /home/travis/build/icyphy/ptII/ptolemy/domains/de/test/auto/ServerZeroDelay.xml (RunModel)" time="0.009" />
  <testcase classname="ptolemy.util.test.junit.AutoTests" name="[65] /home/travis/build/icyphy/ptII/ptolemy/domains/de/test/auto/SmartSender.xml (RunModel)" time="3.008" />
  <testcase classname="ptolemy.util.test.junit.AutoTests" name="[66] /home/travis/build/icyphy/ptII/ptolemy/domains/de/test/auto/ThreadedComposite.xml (RunModel)" time="0.119" />
  <testcase classname="ptolemy.util.test.junit.AutoTests" name="[67] /home/travis/build/icyphy/ptII/ptolemy/domains/de/test/auto/Time.xml (RunModel)" time="0.363" />
  <testcase classname="ptolemy.util.test.junit.AutoTests" name="[68] /home/travis/build/icyphy/ptII/ptolemy/domains/de/test/auto/TimeDelayZeroDelay.xml (RunModel)" time="0.012" />
  <testcase classname="ptolemy.util.test.junit.AutoTests" name="[69] /home/travis/build/icyphy/ptII/ptolemy/domains/de/test/auto/TimerZeroDelay.xml (RunModel)" time="0.009" />
  <testcase classname="ptolemy.util.test.junit.AutoTests" name="[70] /home/travis/build/icyphy/ptII/ptolemy/domains/de/test/auto/TimingParadox.xml (RunModel)" time="0.295" />
  <testcase classname="ptolemy.util.test.junit.AutoTests" name="[71] /home/travis/build/icyphy/ptII/ptolemy/domains/de/test/auto/TransferInputs.xml (RunModel)" time="0.011" />
  <testcase classname="ptolemy.util.test.junit.AutoTests" name="[72] /home/travis/build/icyphy/ptII/ptolemy/domains/de/test/auto/TransferOutputs2.xml (RunModel)" time="0.033" />
  <testcase classname="ptolemy.util.test.junit.AutoTests" name="[73] /home/travis/build/icyphy/ptII/ptolemy/domains/de/test/auto/Trilateration.xml (RunModel)" time="11.474" />
  <testcase classname="ptolemy.util.test.junit.AutoTests" name="[74] /home/travis/build/icyphy/ptII/ptolemy/domains/de/test/auto/TwoSigmaDelta.xml (RunModel)" time="1.908" />
  <testcase classname="ptolemy.util.test.junit.AutoTests" name="[75] /home/travis/build/icyphy/ptII/ptolemy/domains/de/test/auto/VariableDelay.xml (RunModel)" time="0.011" />
  <testcase classname="ptolemy.util.test.junit.AutoTests" name="[76] /home/travis/build/icyphy/ptII/ptolemy/domains/de/test/auto/VariableDelay2.xml (RunModel)" time="0.016" />
  <testcase classname="ptolemy.util.test.junit.AutoTests" name="[77] /home/travis/build/icyphy/ptII/ptolemy/domains/de/test/auto/VariableDelayZeroDelay.xml (RunModel)" time="0.017" />
  <testcase classname="ptolemy.util.test.junit.AutoTests" name="[78] /home/travis/build/icyphy/ptII/ptolemy/domains/de/test/auto/VariableDelayZeroDelay2.xml (RunModel)" time="0.014" />
  <testcase classname="ptolemy.util.test.junit.AutoTests" name="[79] /home/travis/build/icyphy/ptII/ptolemy/domains/de/test/auto/deInCt.xml (RunModel)" time="0.015" />
  <testcase classname="ptolemy.util.test.junit.AutoTests" name="[80] /home/travis/build/icyphy/ptII/ptolemy/domains/de/test/auto/deInCt2.xml (RunModel)" time="0.015" />
  <testcase classname="ptolemy.util.test.junit.AutoTests" name="[81] /home/travis/build/icyphy/ptII/ptolemy/domains/de/test/auto/dynamicCausalityInterface1.xml (RunModel)" time="0.015" />
  <testcase classname="ptolemy.util.test.junit.AutoTests" name="[82] /home/travis/build/icyphy/ptII/ptolemy/domains/de/test/auto/fsm_de_test.xml (RunModel)" time="0.021" />
  <testcase classname="ptolemy.util.test.junit.AutoTests" name="[83] /home/travis/build/icyphy/ptII/ptolemy/domains/de/test/auto/functionDependencyReconstruction.xml (RunModel)" time="0.025" />
  <testcase classname="ptolemy.util.test.junit.AutoTests" name="[84] /home/travis/build/icyphy/ptII/ptolemy/domains/de/test/auto/multirate.xml (RunModel)" time="0.013" />
  <testcase classname="ptolemy.util.test.junit.AutoTests" name="[85] /home/travis/build/icyphy/ptII/ptolemy/domains/de/test/auto/multirate2.xml (RunModel)" time="0.016" />
  <testcase classname="ptolemy.util.test.junit.AutoTests" name="[86] /home/travis/build/icyphy/ptII/ptolemy/domains/de/test/auto/realtime.xml (RunModel)" time="10.01" />
  <testcase classname="ptolemy.util.test.junit.AutoTests" name="[87] /home/travis/build/icyphy/ptII/ptolemy/domains/de/test/auto/relationGroup.xml (RunModel)" time="0.012" />
  <testcase classname="ptolemy.util.test.junit.AutoTests" name="[88] /home/travis/build/icyphy/ptII/ptolemy/domains/de/test/auto/relationGroup2.xml (RunModel)" time="0.005" />
  <testcase classname="ptolemy.util.test.junit.AutoTests" name="[89] /home/travis/build/icyphy/ptII/ptolemy/domains/de/test/auto/sortWithOpaquePorts.xml (RunModel)" time="0.009" />
  <testcase classname="ptolemy.util.test.junit.AutoTests" name="[90] /home/travis/build/icyphy/ptII/ptolemy/domains/de/test/auto/transferInputsandOutputs.xml (RunModel)" time="0.016" />
  <testcase classname="ptolemy.util.test.junit.AutoTests" name="[91] /home/travis/build/icyphy/ptII/ptolemy/domains/de/test/auto/triggerType.xml (RunModel)" time="0.007" />
  <system-out><![CDATA[/home/travis/build/icyphy/ptII/ptolemy/domains/de/test/DependencyLoop.tcl
testDefs.tcl: setting time out to 9000 seconds at Fri Jan 10 06:48:46 UTC 2020
80 ms. Memory: 129024K Free: 79302K (61%)
16 ms. Memory: 129024K Free: 61887K (48%)
/home/travis/build/icyphy/ptII/ptolemy/domains/de/test/RunDETestsAsQSS.tcl
Run the DE tests using ptolemy.domains.qss.test.QSSDirectorTest, which extends QSSDirector and prints a message in the constructors.
------------------ testing $PTII/ptolemy/domains/de/test/auto/knownFailedTests/DirectFeedback.xml (Known Failure) 
50 ms. Memory: 129024K Free: 56264K (44%)


==== $PTIIhome/travis/build/icyphy/ptII/ptolemy/domains/de/test/../../../../: Auto Automatic test in file $PTII/ptolemy/domains/de/test/auto/knownFailedTests/DirectFeedback.xml
==== Contents of test case:

	    # FIXME: we should use $relativeFilename here, but it
	    # might have backslashes under Windows, which causes no end
	    # of trouble.
	    createAndExecute $file
	    list {}
	
.... Test generated KNOWN error:
    while executing
ptolemy.kernel.util.IllegalActionException: Test fails in iteration 1.
Value was: 1.0. Should have been: 2.0
  in .DirectFeedback.Test
	at ptolemy.actor.lib.Test.fire(Test.java:268)
	at ptolemy.domains.de.kernel.DEDirector._fire(DEDirector.java:1949)
	at ptolemy.domains.de.kernel.DEDirector.fire(DEDirector.java:502)
	at ptolemy.actor.CompositeActor.fire(CompositeActor.java:455)
	at ptolemy.actor.Manager.iterate(Manager.java:851)
	at ptolemy.actor.Manager.execute(Manager.java:369)
	at ptolemy.actor.Manager.run(Manager.java:1263)
	at ptolemy.actor.Manager$PtolemyRunThread.run(Manager.java:1933)

    while executing
ptolemy.kernel.util.IllegalActionException: Test fails in iteration 1.
Value was: 1.0. Should have been: 2.0
  in .DirectFeedback.Test
    while executing
"java::new ptolemy.moml.MoMLSimpleApplication $file
"
    (procedure "createAndExecute" line 2)
    invoked from within
"createAndExecute $file"
    ("uplevel" body line 5)
    invoked from within
"uplevel $contents_of_test"
------------------ testing $PTII/ptolemy/domains/de/test/auto/knownFailedTests/dependencyLoop.xml (Known Failure) 
13 ms. Memory: 129024K Free: 53192K (41%)


==== $PTIIhome/travis/build/icyphy/ptII/ptolemy/domains/de/test/../../../../: Auto Automatic test in file $PTII/ptolemy/domains/de/test/auto/knownFailedTests/dependencyLoop.xml
==== Contents of test case:

	    # FIXME: we should use $relativeFilename here, but it
	    # might have backslashes under Windows, which causes no end
	    # of trouble.
	    createAndExecute $file
	    list {}
	
.... Test generated KNOWN error:
    while executing
ptolemy.kernel.util.IllegalActionException: Found a zero delay loop containing .dependencyLoop.original
  in .dependencyLoop and .dependencyLoop.original
	at ptolemy.actor.util.CausalityInterfaceForComposites._computeOutputPortDepth(CausalityInterfaceForComposites.java:759)
	at ptolemy.actor.util.CausalityInterfaceForComposites._computeInputDepth(CausalityInterfaceForComposites.java:696)
	at ptolemy.actor.util.CausalityInterfaceForComposites._computeOutputPortDepth(CausalityInterfaceForComposites.java:765)
	at ptolemy.actor.util.CausalityInterfaceForComposites._computeInputDepth(CausalityInterfaceForComposites.java:696)
	at ptolemy.actor.util.CausalityInterfaceForComposites._computeOutputPortDepth(CausalityInterfaceForComposites.java:765)
	at ptolemy.actor.util.CausalityInterfaceForComposites._computeInputDepth(CausalityInterfaceForComposites.java:696)
	at ptolemy.actor.util.CausalityInterfaceForComposites._computeActorDepth(CausalityInterfaceForComposites.java:532)
	at ptolemy.actor.util.CausalityInterfaceForComposites.checkForCycles(CausalityInterfaceForComposites.java:96)
	at ptolemy.domains.de.kernel.DEDirector.preinitialize(DEDirector.java:1338)
	at ptolemy.actor.CompositeActor.preinitialize(CompositeActor.java:1828)
	at ptolemy.actor.Manager.preinitializeAndResolveTypes(Manager.java:1040)
	at ptolemy.actor.Manager.initialize(Manager.java:710)
	at ptolemy.actor.Manager.execute(Manager.java:356)
	at ptolemy.actor.Manager.run(Manager.java:1263)
	at ptolemy.actor.Manager$PtolemyRunThread.run(Manager.java:1933)

    while executing
ptolemy.kernel.util.IllegalActionException: Found a zero delay loop containing .dependencyLoop.original
  in .dependencyLoop and .dependencyLoop.original
    while executing
"java::new ptolemy.moml.MoMLSimpleApplication $file
"
    (procedure "createAndExecute" line 2)
    invoked from within
"createAndExecute $file"
    ("uplevel" body line 5)
    invoked from within
"uplevel $contents_of_test"
------------------ testing $PTII/ptolemy/domains/de/test/auto/knownFailedTests/FSMSource.xml (Known Failure) 
71 ms. Memory: 129024K Free: 111404K (86%)
!!!! Auto was marked as failing, but now passes
------------------ testing $PTII/ptolemy/domains/de/test/auto/knownFailedTests/HierarchicalModel.xml (Known Failure) 
4 ms. Memory: 129024K Free: 93963K (73%)


==== $PTIIhome/travis/build/icyphy/ptII/ptolemy/domains/de/test/../../../../: Auto Automatic test in file $PTII/ptolemy/domains/de/test/auto/knownFailedTests/HierarchicalModel.xml
==== Contents of test case:

	    # FIXME: we should use $relativeFilename here, but it
	    # might have backslashes under Windows, which causes no end
	    # of trouble.
	    createAndExecute $file
	    list {}
	
.... Test generated KNOWN error:
    while executing
ptolemy.kernel.util.IllegalActionException: Found a zero delay loop containing .HierarchicalModel.A
  in .HierarchicalModel and .HierarchicalModel.A
	at ptolemy.actor.util.CausalityInterfaceForComposites._computeOutputPortDepth(CausalityInterfaceForComposites.java:759)
	at ptolemy.actor.util.CausalityInterfaceForComposites._computeInputDepth(CausalityInterfaceForComposites.java:696)
	at ptolemy.actor.util.CausalityInterfaceForComposites._computeOutputPortDepth(CausalityInterfaceForComposites.java:765)
	at ptolemy.actor.util.CausalityInterfaceForComposites._computeInputDepth(CausalityInterfaceForComposites.java:696)
	at ptolemy.actor.util.CausalityInterfaceForComposites._computeOutputPortDepth(CausalityInterfaceForComposites.java:765)
	at ptolemy.actor.util.CausalityInterfaceForComposites._computeInputDepth(CausalityInterfaceForComposites.java:696)
	at ptolemy.actor.util.CausalityInterfaceForComposites._computeActorDepth(CausalityInterfaceForComposites.java:532)
	at ptolemy.actor.util.CausalityInterfaceForComposites.checkForCycles(CausalityInterfaceForComposites.java:96)
	at ptolemy.domains.de.kernel.DEDirector.preinitialize(DEDirector.java:1338)
	at ptolemy.actor.CompositeActor.preinitialize(CompositeActor.java:1828)
	at ptolemy.actor.Manager.preinitializeAndResolveTypes(Manager.java:1040)
	at ptolemy.actor.Manager.initialize(Manager.java:710)
	at ptolemy.actor.Manager.execute(Manager.java:356)
	at ptolemy.actor.Manager.run(Manager.java:1263)
	at ptolemy.actor.Manager$PtolemyRunThread.run(Manager.java:1933)

    while executing
ptolemy.kernel.util.IllegalActionException: Found a zero delay loop containing .HierarchicalModel.A
  in .HierarchicalModel and .HierarchicalModel.A
    while executing
"java::new ptolemy.moml.MoMLSimpleApplication $file
"
    (procedure "createAndExecute" line 2)
    invoked from within
"createAndExecute $file"
    ("uplevel" body line 5)
    invoked from within
"uplevel $contents_of_test"
------------------ testing $PTII/ptolemy/domains/de/test/auto/knownFailedTests/dependencyLoop2.xml (Known Failure) 
4 ms. Memory: 129024K Free: 77577K (60%)


==== $PTIIhome/travis/build/icyphy/ptII/ptolemy/domains/de/test/../../../../: Auto Automatic test in file $PTII/ptolemy/domains/de/test/auto/knownFailedTests/dependencyLoop2.xml
==== Contents of test case:

	    # FIXME: we should use $relativeFilename here, but it
	    # might have backslashes under Windows, which causes no end
	    # of trouble.
	    createAndExecute $file
	    list {}
	
.... Test generated KNOWN error:
    while executing
ptolemy.kernel.util.IllegalActionException: Found a zero delay loop containing .dependencyLoop2.original
  in .dependencyLoop2 and .dependencyLoop2.original
	at ptolemy.actor.util.CausalityInterfaceForComposites._computeOutputPortDepth(CausalityInterfaceForComposites.java:759)
	at ptolemy.actor.util.CausalityInterfaceForComposites._computeInputDepth(CausalityInterfaceForComposites.java:696)
	at ptolemy.actor.util.CausalityInterfaceForComposites._computeOutputPortDepth(CausalityInterfaceForComposites.java:765)
	at ptolemy.actor.util.CausalityInterfaceForComposites._computeInputDepth(CausalityInterfaceForComposites.java:696)
	at ptolemy.actor.util.CausalityInterfaceForComposites._computeOutputPortDepth(CausalityInterfaceForComposites.java:765)
	at ptolemy.actor.util.CausalityInterfaceForComposites._computeInputDepth(CausalityInterfaceForComposites.java:696)
	at ptolemy.actor.util.CausalityInterfaceForComposites._computeActorDepth(CausalityInterfaceForComposites.java:532)
	at ptolemy.actor.util.CausalityInterfaceForComposites.checkForCycles(CausalityInterfaceForComposites.java:96)
	at ptolemy.domains.de.kernel.DEDirector.preinitialize(DEDirector.java:1338)
	at ptolemy.actor.CompositeActor.preinitialize(CompositeActor.java:1828)
	at ptolemy.actor.Manager.preinitializeAndResolveTypes(Manager.java:1040)
	at ptolemy.actor.Manager.initialize(Manager.java:710)
	at ptolemy.actor.Manager.execute(Manager.java:356)
	at ptolemy.actor.Manager.run(Manager.java:1263)
	at ptolemy.actor.Manager$PtolemyRunThread.run(Manager.java:1933)

    while executing
ptolemy.kernel.util.IllegalActionException: Found a zero delay loop containing .dependencyLoop2.original
  in .dependencyLoop2 and .dependencyLoop2.original
    while executing
"java::new ptolemy.moml.MoMLSimpleApplication $file
"
    (procedure "createAndExecute" line 2)
    invoked from within
"createAndExecute $file"
    ("uplevel" body line 5)
    invoked from within
"uplevel $contents_of_test"
------------------ testing $PTII/ptolemy/domains/de/test/auto/knownFailedTests/DESDFClockTest.xml (Known Failure) 
2060 ms. Memory: 129024K Free: 108609K (84%)


==== $PTIIhome/travis/build/icyphy/ptII/ptolemy/domains/de/test/../../../../: Auto Automatic test in file $PTII/ptolemy/domains/de/test/auto/knownFailedTests/DESDFClockTest.xml
==== Contents of test case:

	    # FIXME: we should use $relativeFilename here, but it
	    # might have backslashes under Windows, which causes no end
	    # of trouble.
	    createAndExecute $file
	    list {}
	
.... Test generated KNOWN error:
    while executing
ptolemy.kernel.util.IllegalActionException: Actor is not ready to fire.  Perhaps UpSample.prefire() returned false? Try debugging the actor by selecting "Listen to Actor".  Also, for SDF check moml for tokenConsumptionRate on input.
  in .DESDFClockTest.Play Bell.Copy1:SDF Director and .DESDFClockTest.Play Bell.UpSample
	at ptolemy.actor.sched.StaticSchedulingDirector.fire(StaticSchedulingDirector.java:227)
	at ptolemy.domains.sdf.kernel.SDFDirector.fire(SDFDirector.java:500)
	at ptolemy.actor.CompositeActor.fire(CompositeActor.java:455)
	at ptolemy.domains.de.kernel.DEDirector._fire(DEDirector.java:1949)
	at ptolemy.domains.de.kernel.DEDirector.fire(DEDirector.java:502)
	at ptolemy.actor.CompositeActor.fire(CompositeActor.java:455)
	at ptolemy.actor.Manager.iterate(Manager.java:851)
	at ptolemy.actor.Manager.execute(Manager.java:369)
	at ptolemy.actor.Manager.run(Manager.java:1263)
	at ptolemy.actor.Manager$PtolemyRunThread.run(Manager.java:1933)

    while executing
ptolemy.kernel.util.IllegalActionException: Actor is not ready to fire.  Perhaps UpSample.prefire() returned false? Try debugging the actor by selecting "Listen to Actor".  Also, for SDF check moml for tokenConsumptionRate on input.
  in .DESDFClockTest.Play Bell.Copy1:SDF Director and .DESDFClockTest.Play Bell.UpSample
    while executing
"java::new ptolemy.moml.MoMLSimpleApplication $file
"
    (procedure "createAndExecute" line 2)
    invoked from within
"createAndExecute $file"
    ("uplevel" body line 5)
    invoked from within
"uplevel $contents_of_test"
------------------ testing $PTII/ptolemy/domains/de/test/auto/ActorDepthCalculation_actorWithoutPorts.xml
auto.tcl: Setting watchdog for 200 seconds at Fri Jan 10 06:48:50 UTC 2020
4 ms. Memory: 129024K Free: 100931K (78%)
ptolemy.util.test.WatchDog.cancel(): canceling Fri Jan 10 06:48:50 UTC 2020
auto.tcl: Setting watchdog for 200 seconds at Fri Jan 10 06:48:50 UTC 2020
4 ms. Memory: 129024K Free: 99379K (77%)
ptolemy.util.test.WatchDog.cancel(): canceling Fri Jan 10 06:48:50 UTC 2020
------------------ testing $PTII/ptolemy/domains/de/test/auto/AssemblyLine.xml
auto.tcl: Setting watchdog for 200 seconds at Fri Jan 10 06:48:50 UTC 2020
17 ms. Memory: 51200K Free: 28229K (55%)
ptolemy.util.test.WatchDog.cancel(): canceling Fri Jan 10 06:48:51 UTC 2020
auto.tcl: Setting watchdog for 200 seconds at Fri Jan 10 06:48:51 UTC 2020
5 ms. Memory: 51200K Free: 27299K (53%)
ptolemy.util.test.WatchDog.cancel(): canceling Fri Jan 10 06:48:51 UTC 2020
------------------ testing $PTII/ptolemy/domains/de/test/auto/CQBug1.xml
auto.tcl: Setting watchdog for 200 seconds at Fri Jan 10 06:48:51 UTC 2020
2 ms. Memory: 51200K Free: 33259K (65%)
ptolemy.util.test.WatchDog.cancel(): canceling Fri Jan 10 06:48:51 UTC 2020
auto.tcl: Setting watchdog for 200 seconds at Fri Jan 10 06:48:51 UTC 2020
2 ms. Memory: 51200K Free: 33259K (65%)
ptolemy.util.test.WatchDog.cancel(): canceling Fri Jan 10 06:48:51 UTC 2020
------------------ testing $PTII/ptolemy/domains/de/test/auto/CancelFireAt.xml
auto.tcl: Setting watchdog for 200 seconds at Fri Jan 10 06:48:51 UTC 2020
3 ms. Memory: 51200K Free: 34408K (67%)
ptolemy.util.test.WatchDog.cancel(): canceling Fri Jan 10 06:48:51 UTC 2020
auto.tcl: Setting watchdog for 200 seconds at Fri Jan 10 06:48:51 UTC 2020
2 ms. Memory: 51200K Free: 33939K (66%)
ptolemy.util.test.WatchDog.cancel(): canceling Fri Jan 10 06:48:51 UTC 2020
------------------ testing $PTII/ptolemy/domains/de/test/auto/CausalityAndComposabilityAnalysis.xml
auto.tcl: Setting watchdog for 200 seconds at Fri Jan 10 06:48:51 UTC 2020
7 ms. Memory: 48128K Free: 29680K (62%)
ptolemy.util.test.WatchDog.cancel(): canceling Fri Jan 10 06:48:51 UTC 2020
auto.tcl: Setting watchdog for 200 seconds at Fri Jan 10 06:48:51 UTC 2020
7 ms. Memory: 48128K Free: 28904K (60%)
ptolemy.util.test.WatchDog.cancel(): canceling Fri Jan 10 06:48:51 UTC 2020
------------------ testing $PTII/ptolemy/domains/de/test/auto/CausalityInterface1.xml
auto.tcl: Setting watchdog for 200 seconds at Fri Jan 10 06:48:51 UTC 2020
27 ms. Memory: 48128K Free: 28349K (59%)
ptolemy.util.test.WatchDog.cancel(): canceling Fri Jan 10 06:48:51 UTC 2020
auto.tcl: Setting watchdog for 200 seconds at Fri Jan 10 06:48:51 UTC 2020
3 ms. Memory: 48128K Free: 27370K (57%)
ptolemy.util.test.WatchDog.cancel(): canceling Fri Jan 10 06:48:51 UTC 2020
------------------ testing $PTII/ptolemy/domains/de/test/auto/CausalityInterface15.xml
auto.tcl: Setting watchdog for 200 seconds at Fri Jan 10 06:48:51 UTC 2020
11 ms. Memory: 48128K Free: 28297K (59%)
ptolemy.util.test.WatchDog.cancel(): canceling Fri Jan 10 06:48:51 UTC 2020
auto.tcl: Setting watchdog for 200 seconds at Fri Jan 10 06:48:51 UTC 2020
6 ms. Memory: 48128K Free: 27351K (57%)
ptolemy.util.test.WatchDog.cancel(): canceling Fri Jan 10 06:48:51 UTC 2020
------------------ testing $PTII/ptolemy/domains/de/test/auto/CausalityInterface2.xml
auto.tcl: Setting watchdog for 200 seconds at Fri Jan 10 06:48:51 UTC 2020
3 ms. Memory: 48128K Free: 29055K (60%)
ptolemy.util.test.WatchDog.cancel(): canceling Fri Jan 10 06:48:51 UTC 2020
auto.tcl: Setting watchdog for 200 seconds at Fri Jan 10 06:48:51 UTC 2020
3 ms. Memory: 48128K Free: 27910K (58%)
ptolemy.util.test.WatchDog.cancel(): canceling Fri Jan 10 06:48:51 UTC 2020
------------------ testing $PTII/ptolemy/domains/de/test/auto/CausalityInterface3.xml
auto.tcl: Setting watchdog for 200 seconds at Fri Jan 10 06:48:51 UTC 2020
6 ms. Memory: 48128K Free: 28542K (59%)
ptolemy.util.test.WatchDog.cancel(): canceling Fri Jan 10 06:48:51 UTC 2020
auto.tcl: Setting watchdog for 200 seconds at Fri Jan 10 06:48:51 UTC 2020
2 ms. Memory: 48128K Free: 27765K (58%)
ptolemy.util.test.WatchDog.cancel(): canceling Fri Jan 10 06:48:51 UTC 2020
------------------ testing $PTII/ptolemy/domains/de/test/auto/ClockDrift.xml
auto.tcl: Setting watchdog for 200 seconds at Fri Jan 10 06:48:51 UTC 2020
66 ms. Memory: 48128K Free: 21115K (44%)
ptolemy.util.test.WatchDog.cancel(): canceling Fri Jan 10 06:48:51 UTC 2020
auto.tcl: Setting watchdog for 200 seconds at Fri Jan 10 06:48:51 UTC 2020
35 ms. Memory: 48128K Free: 18101K (38%)
ptolemy.util.test.WatchDog.cancel(): canceling Fri Jan 10 06:48:51 UTC 2020
------------------ testing $PTII/ptolemy/domains/de/test/auto/ClockDriftAndValueChange.xml
auto.tcl: Setting watchdog for 200 seconds at Fri Jan 10 06:48:51 UTC 2020
36 ms. Memory: 48128K Free: 21216K (44%)
ptolemy.util.test.WatchDog.cancel(): canceling Fri Jan 10 06:48:51 UTC 2020
auto.tcl: Setting watchdog for 200 seconds at Fri Jan 10 06:48:51 UTC 2020
31 ms. Memory: 48128K Free: 18382K (38%)
ptolemy.util.test.WatchDog.cancel(): canceling Fri Jan 10 06:48:51 UTC 2020
------------------ testing $PTII/ptolemy/domains/de/test/auto/ClockDriftChange.xml
auto.tcl: Setting watchdog for 200 seconds at Fri Jan 10 06:48:52 UTC 2020
20 ms. Memory: 48128K Free: 23261K (48%)
ptolemy.util.test.WatchDog.cancel(): canceling Fri Jan 10 06:48:52 UTC 2020
auto.tcl: Setting watchdog for 200 seconds at Fri Jan 10 06:48:52 UTC 2020
22 ms. Memory: 48128K Free: 20682K (43%)
ptolemy.util.test.WatchDog.cancel(): canceling Fri Jan 10 06:48:52 UTC 2020
------------------ testing $PTII/ptolemy/domains/de/test/auto/ComposableCausalityAnalysis.xml
auto.tcl: Setting watchdog for 200 seconds at Fri Jan 10 06:48:52 UTC 2020
1 ms. Memory: 48128K Free: 27910K (58%)
ptolemy.util.test.WatchDog.cancel(): canceling Fri Jan 10 06:48:52 UTC 2020
auto.tcl: Setting watchdog for 200 seconds at Fri Jan 10 06:48:52 UTC 2020
2 ms. Memory: 48128K Free: 26863K (56%)
ptolemy.util.test.WatchDog.cancel(): canceling Fri Jan 10 06:48:52 UTC 2020
------------------ testing $PTII/ptolemy/domains/de/test/auto/DEFixedPointLimitation.xml
auto.tcl: Setting watchdog for 200 seconds at Fri Jan 10 06:48:52 UTC 2020
1 ms. Memory: 48128K Free: 29237K (61%)
ptolemy.util.test.WatchDog.cancel(): canceling Fri Jan 10 06:48:52 UTC 2020
auto.tcl: Setting watchdog for 200 seconds at Fri Jan 10 06:48:52 UTC 2020
1 ms. Memory: 48128K Free: 28307K (59%)
ptolemy.util.test.WatchDog.cancel(): canceling Fri Jan 10 06:48:52 UTC 2020
------------------ testing $PTII/ptolemy/domains/de/test/auto/DEScheduleTest.xml
auto.tcl: Setting watchdog for 200 seconds at Fri Jan 10 06:48:52 UTC 2020
3 ms. Memory: 48128K Free: 29548K (61%)
ptolemy.util.test.WatchDog.cancel(): canceling Fri Jan 10 06:48:52 UTC 2020
auto.tcl: Setting watchdog for 200 seconds at Fri Jan 10 06:48:52 UTC 2020
2 ms. Memory: 48128K Free: 28771K (60%)
ptolemy.util.test.WatchDog.cancel(): canceling Fri Jan 10 06:48:52 UTC 2020
------------------ testing $PTII/ptolemy/domains/de/test/auto/DEinDEwithStartTimes.xml
auto.tcl: Setting watchdog for 200 seconds at Fri Jan 10 06:48:52 UTC 2020
4 ms. Memory: 48128K Free: 27698K (58%)
ptolemy.util.test.WatchDog.cancel(): canceling Fri Jan 10 06:48:52 UTC 2020
auto.tcl: Setting watchdog for 200 seconds at Fri Jan 10 06:48:52 UTC 2020
5 ms. Memory: 48128K Free: 26674K (55%)
ptolemy.util.test.WatchDog.cancel(): canceling Fri Jan 10 06:48:52 UTC 2020
------------------ testing $PTII/ptolemy/domains/de/test/auto/DEinDEwithStartTimes2.xml
auto.tcl: Setting watchdog for 200 seconds at Fri Jan 10 06:48:52 UTC 2020
6 ms. Memory: 48128K Free: 26882K (56%)
ptolemy.util.test.WatchDog.cancel(): canceling Fri Jan 10 06:48:52 UTC 2020
auto.tcl: Setting watchdog for 200 seconds at Fri Jan 10 06:48:52 UTC 2020
3 ms. Memory: 48128K Free: 25629K (53%)
ptolemy.util.test.WatchDog.cancel(): canceling Fri Jan 10 06:48:52 UTC 2020
------------------ testing $PTII/ptolemy/domains/de/test/auto/DateDemo.xml
auto.tcl: Setting watchdog for 200 seconds at Fri Jan 10 06:48:52 UTC 2020
23 ms. Memory: 48128K Free: 21271K (44%)
ptolemy.util.test.WatchDog.cancel(): canceling Fri Jan 10 06:48:52 UTC 2020
auto.tcl: Setting watchdog for 200 seconds at Fri Jan 10 06:48:52 UTC 2020
6 ms. Memory: 48128K Free: 19676K (41%)
ptolemy.util.test.WatchDog.cancel(): canceling Fri Jan 10 06:48:52 UTC 2020
------------------ testing $PTII/ptolemy/domains/de/test/auto/DateToEvent.xml
auto.tcl: Setting watchdog for 200 seconds at Fri Jan 10 06:48:52 UTC 2020
2009 ms. Memory: 48128K Free: 16720K (35%)
ptolemy.util.test.WatchDog.cancel(): canceling Fri Jan 10 06:48:54 UTC 2020
auto.tcl: Setting watchdog for 200 seconds at Fri Jan 10 06:48:54 UTC 2020
2004 ms. Memory: 48128K Free: 16333K (34%)
ptolemy.util.test.WatchDog.cancel(): canceling Fri Jan 10 06:48:56 UTC 2020
------------------ testing $PTII/ptolemy/domains/de/test/auto/DepthTest1.xml
auto.tcl: Setting watchdog for 200 seconds at Fri Jan 10 06:48:56 UTC 2020
5 ms. Memory: 48128K Free: 30341K (63%)
ptolemy.util.test.WatchDog.cancel(): canceling Fri Jan 10 06:48:56 UTC 2020
auto.tcl: Setting watchdog for 200 seconds at Fri Jan 10 06:48:56 UTC 2020
1 ms. Memory: 48128K Free: 29937K (62%)
ptolemy.util.test.WatchDog.cancel(): canceling Fri Jan 10 06:48:56 UTC 2020
------------------ testing $PTII/ptolemy/domains/de/test/auto/DepthTest2.xml
auto.tcl: Setting watchdog for 200 seconds at Fri Jan 10 06:48:56 UTC 2020
8 ms. Memory: 48128K Free: 27198K (57%)
ptolemy.util.test.WatchDog.cancel(): canceling Fri Jan 10 06:48:56 UTC 2020
auto.tcl: Setting watchdog for 200 seconds at Fri Jan 10 06:48:56 UTC 2020
2 ms. Memory: 48128K Free: 26769K (56%)
ptolemy.util.test.WatchDog.cancel(): canceling Fri Jan 10 06:48:56 UTC 2020
------------------ testing $PTII/ptolemy/domains/de/test/auto/DepthTest3.xml
auto.tcl: Setting watchdog for 200 seconds at Fri Jan 10 06:48:56 UTC 2020
4 ms. Memory: 48128K Free: 30670K (64%)
ptolemy.util.test.WatchDog.cancel(): canceling Fri Jan 10 06:48:56 UTC 2020
auto.tcl: Setting watchdog for 200 seconds at Fri Jan 10 06:48:56 UTC 2020
1 ms. Memory: 48128K Free: 30280K (63%)
ptolemy.util.test.WatchDog.cancel(): canceling Fri Jan 10 06:48:56 UTC 2020
------------------ testing $PTII/ptolemy/domains/de/test/auto/DepthTest4.xml
auto.tcl: Setting watchdog for 200 seconds at Fri Jan 10 06:48:56 UTC 2020
8 ms. Memory: 48128K Free: 29021K (60%)
ptolemy.util.test.WatchDog.cancel(): canceling Fri Jan 10 06:48:56 UTC 2020
auto.tcl: Setting watchdog for 200 seconds at Fri Jan 10 06:48:56 UTC 2020
2 ms. Memory: 48128K Free: 28276K (59%)
ptolemy.util.test.WatchDog.cancel(): canceling Fri Jan 10 06:48:56 UTC 2020
------------------ testing $PTII/ptolemy/domains/de/test/auto/DepthTest5.xml
auto.tcl: Setting watchdog for 200 seconds at Fri Jan 10 06:48:57 UTC 2020
3 ms. Memory: 48128K Free: 28418K (59%)
ptolemy.util.test.WatchDog.cancel(): canceling Fri Jan 10 06:48:57 UTC 2020
auto.tcl: Setting watchdog for 200 seconds at Fri Jan 10 06:48:57 UTC 2020
2 ms. Memory: 48128K Free: 27632K (57%)
ptolemy.util.test.WatchDog.cancel(): canceling Fri Jan 10 06:48:57 UTC 2020
------------------ testing $PTII/ptolemy/domains/de/test/auto/DepthTest6.xml
auto.tcl: Setting watchdog for 200 seconds at Fri Jan 10 06:48:57 UTC 2020
4 ms. Memory: 48128K Free: 28123K (58%)
ptolemy.util.test.WatchDog.cancel(): canceling Fri Jan 10 06:48:57 UTC 2020
auto.tcl: Setting watchdog for 200 seconds at Fri Jan 10 06:48:57 UTC 2020
2 ms. Memory: 48128K Free: 27718K (58%)
ptolemy.util.test.WatchDog.cancel(): canceling Fri Jan 10 06:48:57 UTC 2020
------------------ testing $PTII/ptolemy/domains/de/test/auto/DepthTest7.xml
auto.tcl: Setting watchdog for 200 seconds at Fri Jan 10 06:48:57 UTC 2020
6 ms. Memory: 48128K Free: 28144K (58%)
ptolemy.util.test.WatchDog.cancel(): canceling Fri Jan 10 06:48:57 UTC 2020
auto.tcl: Setting watchdog for 200 seconds at Fri Jan 10 06:48:57 UTC 2020
2 ms. Memory: 48128K Free: 27178K (56%)
ptolemy.util.test.WatchDog.cancel(): canceling Fri Jan 10 06:48:57 UTC 2020
------------------ testing $PTII/ptolemy/domains/de/test/auto/EventToDate.xml
auto.tcl: Setting watchdog for 200 seconds at Fri Jan 10 06:48:57 UTC 2020
3005 ms. Memory: 48128K Free: 19760K (41%)
ptolemy.util.test.WatchDog.cancel(): canceling Fri Jan 10 06:49:00 UTC 2020
auto.tcl: Setting watchdog for 200 seconds at Fri Jan 10 06:49:00 UTC 2020
3004 ms. Memory: 48128K Free: 19054K (40%)
ptolemy.util.test.WatchDog.cancel(): canceling Fri Jan 10 06:49:03 UTC 2020
------------------ testing $PTII/ptolemy/domains/de/test/auto/FSM1.xml
auto.tcl: Setting watchdog for 200 seconds at Fri Jan 10 06:49:03 UTC 2020
41 ms. Memory: 48128K Free: 20933K (43%)
ptolemy.util.test.WatchDog.cancel(): canceling Fri Jan 10 06:49:03 UTC 2020
auto.tcl: Setting watchdog for 200 seconds at Fri Jan 10 06:49:03 UTC 2020
35 ms. Memory: 48128K Free: 17710K (37%)
ptolemy.util.test.WatchDog.cancel(): canceling Fri Jan 10 06:49:03 UTC 2020
------------------ testing $PTII/ptolemy/domains/de/test/auto/FSM7.xml
auto.tcl: Setting watchdog for 200 seconds at Fri Jan 10 06:49:03 UTC 2020
24 ms. Memory: 48128K Free: 20620K (43%)
ptolemy.util.test.WatchDog.cancel(): canceling Fri Jan 10 06:49:03 UTC 2020
auto.tcl: Setting watchdog for 200 seconds at Fri Jan 10 06:49:03 UTC 2020
24 ms. Memory: 48128K Free: 17488K (36%)
ptolemy.util.test.WatchDog.cancel(): canceling Fri Jan 10 06:49:03 UTC 2020
------------------ testing $PTII/ptolemy/domains/de/test/auto/Inspection.xml
auto.tcl: Setting watchdog for 200 seconds at Fri Jan 10 06:49:03 UTC 2020
28 ms. Memory: 48128K Free: 20653K (43%)
ptolemy.util.test.WatchDog.cancel(): canceling Fri Jan 10 06:49:03 UTC 2020
auto.tcl: Setting watchdog for 200 seconds at Fri Jan 10 06:49:03 UTC 2020
25 ms. Memory: 48128K Free: 18929K (39%)
ptolemy.util.test.WatchDog.cancel(): canceling Fri Jan 10 06:49:03 UTC 2020
------------------ testing $PTII/ptolemy/domains/de/test/auto/Iteration.xml
auto.tcl: Setting watchdog for 200 seconds at Fri Jan 10 06:49:03 UTC 2020
6 ms. Memory: 48128K Free: 26439K (55%)
ptolemy.util.test.WatchDog.cancel(): canceling Fri Jan 10 06:49:03 UTC 2020
auto.tcl: Setting watchdog for 200 seconds at Fri Jan 10 06:49:03 UTC 2020
4 ms. Memory: 48128K Free: 25005K (52%)
ptolemy.util.test.WatchDog.cancel(): canceling Fri Jan 10 06:49:03 UTC 2020
------------------ testing $PTII/ptolemy/domains/de/test/auto/LineFault.xml
auto.tcl: Setting watchdog for 200 seconds at Fri Jan 10 06:49:03 UTC 2020
570 ms. Memory: 48128K Free: 18633K (39%)
ptolemy.util.test.WatchDog.cancel(): canceling Fri Jan 10 06:49:04 UTC 2020
auto.tcl: Setting watchdog for 200 seconds at Fri Jan 10 06:49:04 UTC 2020
510 ms. Memory: 59392K Free: 38138K (64%)
ptolemy.util.test.WatchDog.cancel(): canceling Fri Jan 10 06:49:05 UTC 2020
------------------ testing $PTII/ptolemy/domains/de/test/auto/MergeModel1Add.xml
auto.tcl: Setting watchdog for 200 seconds at Fri Jan 10 06:49:05 UTC 2020
16 ms. Memory: 58368K Free: 22622K (39%)
ptolemy.util.test.WatchDog.cancel(): canceling Fri Jan 10 06:49:05 UTC 2020
auto.tcl: Setting watchdog for 200 seconds at Fri Jan 10 06:49:05 UTC 2020
9 ms. Memory: 58368K Free: 20962K (36%)
ptolemy.util.test.WatchDog.cancel(): canceling Fri Jan 10 06:49:05 UTC 2020
------------------ testing $PTII/ptolemy/domains/de/test/auto/MergeModel2Add.xml
auto.tcl: Setting watchdog for 200 seconds at Fri Jan 10 06:49:05 UTC 2020
10 ms. Memory: 55296K Free: 21619K (39%)
ptolemy.util.test.WatchDog.cancel(): canceling Fri Jan 10 06:49:05 UTC 2020
auto.tcl: Setting watchdog for 200 seconds at Fri Jan 10 06:49:05 UTC 2020
8 ms. Memory: 55296K Free: 19640K (36%)
ptolemy.util.test.WatchDog.cancel(): canceling Fri Jan 10 06:49:05 UTC 2020
------------------ testing $PTII/ptolemy/domains/de/test/auto/MergeModel3Add.xml
auto.tcl: Setting watchdog for 200 seconds at Fri Jan 10 06:49:05 UTC 2020
8 ms. Memory: 55296K Free: 21612K (39%)
ptolemy.util.test.WatchDog.cancel(): canceling Fri Jan 10 06:49:05 UTC 2020
auto.tcl: Setting watchdog for 200 seconds at Fri Jan 10 06:49:05 UTC 2020
7 ms. Memory: 55296K Free: 20195K (37%)
ptolemy.util.test.WatchDog.cancel(): canceling Fri Jan 10 06:49:05 UTC 2020
------------------ testing $PTII/ptolemy/domains/de/test/auto/MergeWithoutDiscard.xml
auto.tcl: Setting watchdog for 200 seconds at Fri Jan 10 06:49:05 UTC 2020
1 ms. Memory: 51200K Free: 31900K (62%)
ptolemy.util.test.WatchDog.cancel(): canceling Fri Jan 10 06:49:05 UTC 2020
auto.tcl: Setting watchdog for 200 seconds at Fri Jan 10 06:49:05 UTC 2020
1 ms. Memory: 51200K Free: 31468K (61%)
ptolemy.util.test.WatchDog.cancel(): canceling Fri Jan 10 06:49:05 UTC 2020
------------------ testing $PTII/ptolemy/domains/de/test/auto/Modal1.xml
auto.tcl: Setting watchdog for 200 seconds at Fri Jan 10 06:49:05 UTC 2020
11 ms. Memory: 51200K Free: 24253K (47%)
ptolemy.util.test.WatchDog.cancel(): canceling Fri Jan 10 06:49:05 UTC 2020
auto.tcl: Setting watchdog for 200 seconds at Fri Jan 10 06:49:05 UTC 2020
12 ms. Memory: 51200K Free: 20978K (41%)
ptolemy.util.test.WatchDog.cancel(): canceling Fri Jan 10 06:49:05 UTC 2020
------------------ testing $PTII/ptolemy/domains/de/test/auto/Modal2.xml
auto.tcl: Setting watchdog for 200 seconds at Fri Jan 10 06:49:05 UTC 2020
15 ms. Memory: 51200K Free: 24131K (47%)
ptolemy.util.test.WatchDog.cancel(): canceling Fri Jan 10 06:49:05 UTC 2020
auto.tcl: Setting watchdog for 200 seconds at Fri Jan 10 06:49:05 UTC 2020
17 ms. Memory: 51200K Free: 20896K (41%)
ptolemy.util.test.WatchDog.cancel(): canceling Fri Jan 10 06:49:05 UTC 2020
------------------ testing $PTII/ptolemy/domains/de/test/auto/Modal3.xml
auto.tcl: Setting watchdog for 200 seconds at Fri Jan 10 06:49:05 UTC 2020
14 ms. Memory: 51200K Free: 24092K (47%)
ptolemy.util.test.WatchDog.cancel(): canceling Fri Jan 10 06:49:05 UTC 2020
auto.tcl: Setting watchdog for 200 seconds at Fri Jan 10 06:49:05 UTC 2020
11 ms. Memory: 51200K Free: 20496K (40%)
ptolemy.util.test.WatchDog.cancel(): canceling Fri Jan 10 06:49:05 UTC 2020
------------------ testing $PTII/ptolemy/domains/de/test/auto/Modal4.xml
auto.tcl: Setting watchdog for 200 seconds at Fri Jan 10 06:49:05 UTC 2020
12 ms. Memory: 51200K Free: 23102K (45%)
ptolemy.util.test.WatchDog.cancel(): canceling Fri Jan 10 06:49:05 UTC 2020
auto.tcl: Setting watchdog for 200 seconds at Fri Jan 10 06:49:05 UTC 2020
13 ms. Memory: 51200K Free: 19244K (38%)
ptolemy.util.test.WatchDog.cancel(): canceling Fri Jan 10 06:49:05 UTC 2020
------------------ testing $PTII/ptolemy/domains/de/test/auto/Modal5.xml
auto.tcl: Setting watchdog for 200 seconds at Fri Jan 10 06:49:05 UTC 2020
14 ms. Memory: 51200K Free: 23081K (45%)
ptolemy.util.test.WatchDog.cancel(): canceling Fri Jan 10 06:49:06 UTC 2020
auto.tcl: Setting watchdog for 200 seconds at Fri Jan 10 06:49:06 UTC 2020
12 ms. Memory: 51200K Free: 19230K (38%)
ptolemy.util.test.WatchDog.cancel(): canceling Fri Jan 10 06:49:06 UTC 2020
------------------ testing $PTII/ptolemy/domains/de/test/auto/Modal6.xml
auto.tcl: Setting watchdog for 200 seconds at Fri Jan 10 06:49:06 UTC 2020
16 ms. Memory: 51200K Free: 23875K (47%)
ptolemy.util.test.WatchDog.cancel(): canceling Fri Jan 10 06:49:06 UTC 2020
auto.tcl: Setting watchdog for 200 seconds at Fri Jan 10 06:49:06 UTC 2020
17 ms. Memory: 51200K Free: 19863K (39%)
ptolemy.util.test.WatchDog.cancel(): canceling Fri Jan 10 06:49:06 UTC 2020
------------------ testing $PTII/ptolemy/domains/de/test/auto/Modal7.xml
auto.tcl: Setting watchdog for 200 seconds at Fri Jan 10 06:49:06 UTC 2020
15 ms. Memory: 51200K Free: 23034K (45%)
ptolemy.util.test.WatchDog.cancel(): canceling Fri Jan 10 06:49:06 UTC 2020
auto.tcl: Setting watchdog for 200 seconds at Fri Jan 10 06:49:06 UTC 2020
10 ms. Memory: 51200K Free: 19532K (38%)
ptolemy.util.test.WatchDog.cancel(): canceling Fri Jan 10 06:49:06 UTC 2020
------------------ testing $PTII/ptolemy/domains/de/test/auto/ModalModel.xml
auto.tcl: Setting watchdog for 200 seconds at Fri Jan 10 06:49:06 UTC 2020
199 ms. Memory: 51200K Free: 12968K (25%)
ptolemy.util.test.WatchDog.cancel(): canceling Fri Jan 10 06:49:06 UTC 2020
auto.tcl: Setting watchdog for 200 seconds at Fri Jan 10 06:49:06 UTC 2020
177 ms. Memory: 65536K Free: 21677K (33%)
ptolemy.util.test.WatchDog.cancel(): canceling Fri Jan 10 06:49:06 UTC 2020
------------------ testing $PTII/ptolemy/domains/de/test/auto/ModalSource.xml
auto.tcl: Setting watchdog for 200 seconds at Fri Jan 10 06:49:06 UTC 2020
9 ms. Memory: 55296K Free: 31999K (58%)
ptolemy.util.test.WatchDog.cancel(): canceling Fri Jan 10 06:49:06 UTC 2020
auto.tcl: Setting watchdog for 200 seconds at Fri Jan 10 06:49:06 UTC 2020
5 ms. Memory: 55296K Free: 29951K (54%)
ptolemy.util.test.WatchDog.cancel(): canceling Fri Jan 10 06:49:06 UTC 2020
------------------ testing $PTII/ptolemy/domains/de/test/auto/NonInterruptibleTimerZeroDelay.xml
auto.tcl: Setting watchdog for 200 seconds at Fri Jan 10 06:49:06 UTC 2020
3 ms. Memory: 55296K Free: 37127K (67%)
ptolemy.util.test.WatchDog.cancel(): canceling Fri Jan 10 06:49:06 UTC 2020
auto.tcl: Setting watchdog for 200 seconds at Fri Jan 10 06:49:06 UTC 2020
2 ms. Memory: 55296K Free: 36299K (66%)
ptolemy.util.test.WatchDog.cancel(): canceling Fri Jan 10 06:49:06 UTC 2020
------------------ testing $PTII/ptolemy/domains/de/test/auto/OpenQueueingNetwork.xml
auto.tcl: Setting watchdog for 200 seconds at Fri Jan 10 06:49:06 UTC 2020
2640 ms. Memory: 112640K Free: 78458K (70%)
ptolemy.util.test.WatchDog.cancel(): canceling Fri Jan 10 06:49:09 UTC 2020
auto.tcl: Setting watchdog for 200 seconds at Fri Jan 10 06:49:09 UTC 2020
2284 ms. Memory: 144384K Free: 84680K (59%)
ptolemy.util.test.WatchDog.cancel(): canceling Fri Jan 10 06:49:11 UTC 2020
------------------ testing $PTII/ptolemy/domains/de/test/auto/OpenQueuingNetwork.xml
auto.tcl: Setting watchdog for 200 seconds at Fri Jan 10 06:49:11 UTC 2020
277 ms. Memory: 58368K Free: 31634K (54%)
ptolemy.util.test.WatchDog.cancel(): canceling Fri Jan 10 06:49:12 UTC 2020
auto.tcl: Setting watchdog for 200 seconds at Fri Jan 10 06:49:12 UTC 2020
278 ms. Memory: 70656K Free: 24800K (35%)
ptolemy.util.test.WatchDog.cancel(): canceling Fri Jan 10 06:49:12 UTC 2020
------------------ testing $PTII/ptolemy/domains/de/test/auto/PeriodicSampler.xml
auto.tcl: Setting watchdog for 200 seconds at Fri Jan 10 06:49:12 UTC 2020
3 ms. Memory: 51200K Free: 32040K (63%)
ptolemy.util.test.WatchDog.cancel(): canceling Fri Jan 10 06:49:12 UTC 2020
auto.tcl: Setting watchdog for 200 seconds at Fri Jan 10 06:49:12 UTC 2020
2 ms. Memory: 51200K Free: 31520K (62%)
ptolemy.util.test.WatchDog.cancel(): canceling Fri Jan 10 06:49:12 UTC 2020
------------------ testing $PTII/ptolemy/domains/de/test/auto/PersistentIO.xml
auto.tcl: Setting watchdog for 200 seconds at Fri Jan 10 06:49:12 UTC 2020
16 ms. Memory: 51200K Free: 26965K (53%)
ptolemy.util.test.WatchDog.cancel(): canceling Fri Jan 10 06:49:12 UTC 2020
auto.tcl: Setting watchdog for 200 seconds at Fri Jan 10 06:49:12 UTC 2020
4 ms. Memory: 51200K Free: 25445K (50%)
ptolemy.util.test.WatchDog.cancel(): canceling Fri Jan 10 06:49:12 UTC 2020
------------------ testing $PTII/ptolemy/domains/de/test/auto/PortParameterResetOnInitialize.xml
auto.tcl: Setting watchdog for 200 seconds at Fri Jan 10 06:49:12 UTC 2020
7 ms. Memory: 51200K Free: 31962K (62%)
ptolemy.util.test.WatchDog.cancel(): canceling Fri Jan 10 06:49:12 UTC 2020
auto.tcl: Setting watchdog for 200 seconds at Fri Jan 10 06:49:12 UTC 2020
2 ms. Memory: 51200K Free: 31452K (61%)
ptolemy.util.test.WatchDog.cancel(): canceling Fri Jan 10 06:49:12 UTC 2020
------------------ testing $PTII/ptolemy/domains/de/test/auto/PortParameterUpdates.xml
auto.tcl: Setting watchdog for 200 seconds at Fri Jan 10 06:49:12 UTC 2020
5 ms. Memory: 51200K Free: 30231K (59%)
ptolemy.util.test.WatchDog.cancel(): canceling Fri Jan 10 06:49:12 UTC 2020
auto.tcl: Setting watchdog for 200 seconds at Fri Jan 10 06:49:12 UTC 2020
5 ms. Memory: 51200K Free: 29006K (57%)
ptolemy.util.test.WatchDog.cancel(): canceling Fri Jan 10 06:49:12 UTC 2020
------------------ testing $PTII/ptolemy/domains/de/test/auto/QueueAndServer.xml
auto.tcl: Setting watchdog for 200 seconds at Fri Jan 10 06:49:12 UTC 2020
13 ms. Memory: 51200K Free: 28925K (56%)
ptolemy.util.test.WatchDog.cancel(): canceling Fri Jan 10 06:49:12 UTC 2020
auto.tcl: Setting watchdog for 200 seconds at Fri Jan 10 06:49:12 UTC 2020
7 ms. Memory: 51200K Free: 27452K (54%)
ptolemy.util.test.WatchDog.cancel(): canceling Fri Jan 10 06:49:12 UTC 2020
------------------ testing $PTII/ptolemy/domains/de/test/auto/Records.xml
auto.tcl: Setting watchdog for 200 seconds at Fri Jan 10 06:49:13 UTC 2020
4 ms. Memory: 51200K Free: 31202K (61%)
ptolemy.util.test.WatchDog.cancel(): canceling Fri Jan 10 06:49:13 UTC 2020
auto.tcl: Setting watchdog for 200 seconds at Fri Jan 10 06:49:13 UTC 2020
2 ms. Memory: 51200K Free: 30683K (60%)
ptolemy.util.test.WatchDog.cancel(): canceling Fri Jan 10 06:49:13 UTC 2020
------------------ testing $PTII/ptolemy/domains/de/test/auto/ResetTransitionWithStartTime1.xml
auto.tcl: Setting watchdog for 200 seconds at Fri Jan 10 06:49:13 UTC 2020
7 ms. Memory: 51200K Free: 28448K (56%)
ptolemy.util.test.WatchDog.cancel(): canceling Fri Jan 10 06:49:13 UTC 2020
auto.tcl: Setting watchdog for 200 seconds at Fri Jan 10 06:49:13 UTC 2020
5 ms. Memory: 51200K Free: 26403K (52%)
ptolemy.util.test.WatchDog.cancel(): canceling Fri Jan 10 06:49:13 UTC 2020
------------------ testing $PTII/ptolemy/domains/de/test/auto/ResetTransitionWithStartTime2.xml
auto.tcl: Setting watchdog for 200 seconds at Fri Jan 10 06:49:13 UTC 2020
5 ms. Memory: 51200K Free: 28403K (55%)
ptolemy.util.test.WatchDog.cancel(): canceling Fri Jan 10 06:49:13 UTC 2020
auto.tcl: Setting watchdog for 200 seconds at Fri Jan 10 06:49:13 UTC 2020
5 ms. Memory: 51200K Free: 25850K (50%)
ptolemy.util.test.WatchDog.cancel(): canceling Fri Jan 10 06:49:13 UTC 2020
------------------ testing $PTII/ptolemy/domains/de/test/auto/ResetTransitionWithStartTime3.xml
auto.tcl: Setting watchdog for 200 seconds at Fri Jan 10 06:49:13 UTC 2020
6 ms. Memory: 51200K Free: 28403K (55%)
ptolemy.util.test.WatchDog.cancel(): canceling Fri Jan 10 06:49:13 UTC 2020
auto.tcl: Setting watchdog for 200 seconds at Fri Jan 10 06:49:13 UTC 2020
6 ms. Memory: 51200K Free: 26355K (51%)
ptolemy.util.test.WatchDog.cancel(): canceling Fri Jan 10 06:49:13 UTC 2020
------------------ testing $PTII/ptolemy/domains/de/test/auto/ResetTransitionWithStartTime4.xml
auto.tcl: Setting watchdog for 200 seconds at Fri Jan 10 06:49:13 UTC 2020
7 ms. Memory: 51200K Free: 28846K (56%)
ptolemy.util.test.WatchDog.cancel(): canceling Fri Jan 10 06:49:13 UTC 2020
auto.tcl: Setting watchdog for 200 seconds at Fri Jan 10 06:49:13 UTC 2020
3 ms. Memory: 51200K Free: 27378K (53%)
ptolemy.util.test.WatchDog.cancel(): canceling Fri Jan 10 06:49:13 UTC 2020
------------------ testing $PTII/ptolemy/domains/de/test/auto/ResettableTimer1.xml
auto.tcl: Setting watchdog for 200 seconds at Fri Jan 10 06:49:13 UTC 2020
3 ms. Memory: 51200K Free: 32617K (64%)
ptolemy.util.test.WatchDog.cancel(): canceling Fri Jan 10 06:49:13 UTC 2020
auto.tcl: Setting watchdog for 200 seconds at Fri Jan 10 06:49:13 UTC 2020
2 ms. Memory: 51200K Free: 31937K (62%)
ptolemy.util.test.WatchDog.cancel(): canceling Fri Jan 10 06:49:13 UTC 2020
------------------ testing $PTII/ptolemy/domains/de/test/auto/ResettableTimer2.xml
auto.tcl: Setting watchdog for 200 seconds at Fri Jan 10 06:49:13 UTC 2020
2 ms. Memory: 51200K Free: 32673K (64%)
ptolemy.util.test.WatchDog.cancel(): canceling Fri Jan 10 06:49:13 UTC 2020
auto.tcl: Setting watchdog for 200 seconds at Fri Jan 10 06:49:13 UTC 2020
2 ms. Memory: 51200K Free: 32031K (63%)
ptolemy.util.test.WatchDog.cancel(): canceling Fri Jan 10 06:49:13 UTC 2020
------------------ testing $PTII/ptolemy/domains/de/test/auto/ResettableTimer3.xml
auto.tcl: Setting watchdog for 200 seconds at Fri Jan 10 06:49:13 UTC 2020
1 ms. Memory: 51200K Free: 32535K (64%)
ptolemy.util.test.WatchDog.cancel(): canceling Fri Jan 10 06:49:13 UTC 2020
auto.tcl: Setting watchdog for 200 seconds at Fri Jan 10 06:49:13 UTC 2020
1 ms. Memory: 51200K Free: 32535K (64%)
ptolemy.util.test.WatchDog.cancel(): canceling Fri Jan 10 06:49:13 UTC 2020
------------------ testing $PTII/ptolemy/domains/de/test/auto/ResettableTimer4.xml
auto.tcl: Setting watchdog for 200 seconds at Fri Jan 10 06:49:13 UTC 2020
1 ms. Memory: 51200K Free: 32548K (64%)
ptolemy.util.test.WatchDog.cancel(): canceling Fri Jan 10 06:49:13 UTC 2020
auto.tcl: Setting watchdog for 200 seconds at Fri Jan 10 06:49:13 UTC 2020
2 ms. Memory: 51200K Free: 32044K (63%)
ptolemy.util.test.WatchDog.cancel(): canceling Fri Jan 10 06:49:13 UTC 2020
------------------ testing $PTII/ptolemy/domains/de/test/auto/ResettableTimer5.xml
auto.tcl: Setting watchdog for 200 seconds at Fri Jan 10 06:49:13 UTC 2020
2 ms. Memory: 51200K Free: 32027K (63%)
ptolemy.util.test.WatchDog.cancel(): canceling Fri Jan 10 06:49:13 UTC 2020
auto.tcl: Setting watchdog for 200 seconds at Fri Jan 10 06:49:13 UTC 2020
1 ms. Memory: 51200K Free: 31524K (62%)
ptolemy.util.test.WatchDog.cancel(): canceling Fri Jan 10 06:49:13 UTC 2020
------------------ testing $PTII/ptolemy/domains/de/test/auto/ResettableTimer6.xml
auto.tcl: Setting watchdog for 200 seconds at Fri Jan 10 06:49:13 UTC 2020
1 ms. Memory: 51200K Free: 32023K (63%)
ptolemy.util.test.WatchDog.cancel(): canceling Fri Jan 10 06:49:13 UTC 2020
auto.tcl: Setting watchdog for 200 seconds at Fri Jan 10 06:49:13 UTC 2020
2 ms. Memory: 51200K Free: 31513K (62%)
ptolemy.util.test.WatchDog.cancel(): canceling Fri Jan 10 06:49:13 UTC 2020
------------------ testing $PTII/ptolemy/domains/de/test/auto/ServerZeroDelay.xml
auto.tcl: Setting watchdog for 200 seconds at Fri Jan 10 06:49:13 UTC 2020
3 ms. Memory: 51200K Free: 32528K (64%)
ptolemy.util.test.WatchDog.cancel(): canceling Fri Jan 10 06:49:13 UTC 2020
auto.tcl: Setting watchdog for 200 seconds at Fri Jan 10 06:49:13 UTC 2020
2 ms. Memory: 51200K Free: 31504K (62%)
ptolemy.util.test.WatchDog.cancel(): canceling Fri Jan 10 06:49:13 UTC 2020
------------------ testing $PTII/ptolemy/domains/de/test/auto/SmartSender.xml
auto.tcl: Setting watchdog for 200 seconds at Fri Jan 10 06:49:13 UTC 2020
3000 ms. Memory: 51200K Free: 32009K (63%)
ptolemy.util.test.WatchDog.cancel(): canceling Fri Jan 10 06:49:16 UTC 2020
auto.tcl: Setting watchdog for 200 seconds at Fri Jan 10 06:49:16 UTC 2020
3002 ms. Memory: 51200K Free: 31499K (62%)
ptolemy.util.test.WatchDog.cancel(): canceling Fri Jan 10 06:49:19 UTC 2020
------------------ testing $PTII/ptolemy/domains/de/test/auto/ThreadedComposite.xml
auto.tcl: Setting watchdog for 200 seconds at Fri Jan 10 06:49:19 UTC 2020
166 ms. Memory: 51200K Free: 13591K (27%)
ptolemy.util.test.WatchDog.cancel(): canceling Fri Jan 10 06:49:19 UTC 2020
auto.tcl: Setting watchdog for 200 seconds at Fri Jan 10 06:49:19 UTC 2020
132 ms. Memory: 51200K Free: 28051K (55%)
ptolemy.util.test.WatchDog.cancel(): canceling Fri Jan 10 06:49:20 UTC 2020
------------------ testing $PTII/ptolemy/domains/de/test/auto/Time.xml
auto.tcl: Setting watchdog for 200 seconds at Fri Jan 10 06:49:20 UTC 2020
452 ms. Memory: 51200K Free: 7717K (15%)
ptolemy.util.test.WatchDog.cancel(): canceling Fri Jan 10 06:49:20 UTC 2020
auto.tcl: Setting watchdog for 200 seconds at Fri Jan 10 06:49:20 UTC 2020
431 ms. Memory: 51200K Free: 11279K (22%)
ptolemy.util.test.WatchDog.cancel(): canceling Fri Jan 10 06:49:21 UTC 2020
------------------ testing $PTII/ptolemy/domains/de/test/auto/TimeDelayZeroDelay.xml
auto.tcl: Setting watchdog for 200 seconds at Fri Jan 10 06:49:21 UTC 2020
2 ms. Memory: 51200K Free: 32454K (63%)
ptolemy.util.test.WatchDog.cancel(): canceling Fri Jan 10 06:49:21 UTC 2020
auto.tcl: Setting watchdog for 200 seconds at Fri Jan 10 06:49:21 UTC 2020
1 ms. Memory: 51200K Free: 31580K (62%)
ptolemy.util.test.WatchDog.cancel(): canceling Fri Jan 10 06:49:21 UTC 2020
------------------ testing $PTII/ptolemy/domains/de/test/auto/TimerZeroDelay.xml
auto.tcl: Setting watchdog for 200 seconds at Fri Jan 10 06:49:21 UTC 2020
3 ms. Memory: 51200K Free: 32915K (64%)
ptolemy.util.test.WatchDog.cancel(): canceling Fri Jan 10 06:49:21 UTC 2020
auto.tcl: Setting watchdog for 200 seconds at Fri Jan 10 06:49:21 UTC 2020
2 ms. Memory: 51200K Free: 32088K (63%)
ptolemy.util.test.WatchDog.cancel(): canceling Fri Jan 10 06:49:21 UTC 2020
------------------ testing $PTII/ptolemy/domains/de/test/auto/TimingParadox.xml
auto.tcl: Setting watchdog for 200 seconds at Fri Jan 10 06:49:21 UTC 2020
303 ms. Memory: 51200K Free: 21623K (42%)
ptolemy.util.test.WatchDog.cancel(): canceling Fri Jan 10 06:49:21 UTC 2020
auto.tcl: Setting watchdog for 200 seconds at Fri Jan 10 06:49:21 UTC 2020
275 ms. Memory: 51200K Free: 12983K (25%)
ptolemy.util.test.WatchDog.cancel(): canceling Fri Jan 10 06:49:21 UTC 2020
------------------ testing $PTII/ptolemy/domains/de/test/auto/TransferInputs.xml
auto.tcl: Setting watchdog for 200 seconds at Fri Jan 10 06:49:21 UTC 2020
1 ms. Memory: 51200K Free: 30962K (60%)
ptolemy.util.test.WatchDog.cancel(): canceling Fri Jan 10 06:49:21 UTC 2020
auto.tcl: Setting watchdog for 200 seconds at Fri Jan 10 06:49:21 UTC 2020
2 ms. Memory: 51200K Free: 30069K (59%)
ptolemy.util.test.WatchDog.cancel(): canceling Fri Jan 10 06:49:21 UTC 2020
------------------ testing $PTII/ptolemy/domains/de/test/auto/TransferOutputs2.xml
auto.tcl: Setting watchdog for 200 seconds at Fri Jan 10 06:49:21 UTC 2020
2 ms. Memory: 51200K Free: 28405K (55%)
ptolemy.util.test.WatchDog.cancel(): canceling Fri Jan 10 06:49:22 UTC 2020
auto.tcl: Setting watchdog for 200 seconds at Fri Jan 10 06:49:22 UTC 2020
3 ms. Memory: 51200K Free: 26983K (53%)
ptolemy.util.test.WatchDog.cancel(): canceling Fri Jan 10 06:49:22 UTC 2020
------------------ testing $PTII/ptolemy/domains/de/test/auto/Trilateration.xml
auto.tcl: Setting watchdog for 200 seconds at Fri Jan 10 06:49:22 UTC 2020
12319 ms. Memory: 458752K Free: 279855K (61%)
ptolemy.util.test.WatchDog.cancel(): canceling Fri Jan 10 06:49:35 UTC 2020
auto.tcl: Setting watchdog for 200 seconds at Fri Jan 10 06:49:35 UTC 2020
9567 ms. Memory: 458752K Free: 369317K (81%)
ptolemy.util.test.WatchDog.cancel(): canceling Fri Jan 10 06:49:44 UTC 2020
------------------ testing $PTII/ptolemy/domains/de/test/auto/TwoSigmaDelta.xml
auto.tcl: Setting watchdog for 200 seconds at Fri Jan 10 06:49:45 UTC 2020
2272 ms. Memory: 92160K Free: 26057K (28%)
ptolemy.util.test.WatchDog.cancel(): canceling Fri Jan 10 06:49:47 UTC 2020
auto.tcl: Setting watchdog for 200 seconds at Fri Jan 10 06:49:47 UTC 2020
1743 ms. Memory: 92160K Free: 31154K (34%)
ptolemy.util.test.WatchDog.cancel(): canceling Fri Jan 10 06:49:49 UTC 2020
------------------ testing $PTII/ptolemy/domains/de/test/auto/VariableDelay.xml
auto.tcl: Setting watchdog for 200 seconds at Fri Jan 10 06:49:49 UTC 2020
3 ms. Memory: 51200K Free: 31435K (61%)
ptolemy.util.test.WatchDog.cancel(): canceling Fri Jan 10 06:49:49 UTC 2020
auto.tcl: Setting watchdog for 200 seconds at Fri Jan 10 06:49:49 UTC 2020
1 ms. Memory: 51200K Free: 30441K (59%)
ptolemy.util.test.WatchDog.cancel(): canceling Fri Jan 10 06:49:49 UTC 2020
------------------ testing $PTII/ptolemy/domains/de/test/auto/VariableDelay2.xml
auto.tcl: Setting watchdog for 200 seconds at Fri Jan 10 06:49:49 UTC 2020
1 ms. Memory: 51200K Free: 31789K (62%)
ptolemy.util.test.WatchDog.cancel(): canceling Fri Jan 10 06:49:49 UTC 2020
auto.tcl: Setting watchdog for 200 seconds at Fri Jan 10 06:49:49 UTC 2020
2 ms. Memory: 51200K Free: 30818K (60%)
ptolemy.util.test.WatchDog.cancel(): canceling Fri Jan 10 06:49:49 UTC 2020
------------------ testing $PTII/ptolemy/domains/de/test/auto/VariableDelayZeroDelay.xml
auto.tcl: Setting watchdog for 200 seconds at Fri Jan 10 06:49:49 UTC 2020
2 ms. Memory: 51200K Free: 32377K (63%)
ptolemy.util.test.WatchDog.cancel(): canceling Fri Jan 10 06:49:49 UTC 2020
auto.tcl: Setting watchdog for 200 seconds at Fri Jan 10 06:49:49 UTC 2020
2 ms. Memory: 51200K Free: 31843K (62%)
ptolemy.util.test.WatchDog.cancel(): canceling Fri Jan 10 06:49:49 UTC 2020
------------------ testing $PTII/ptolemy/domains/de/test/auto/VariableDelayZeroDelay2.xml
auto.tcl: Setting watchdog for 200 seconds at Fri Jan 10 06:49:49 UTC 2020
5 ms. Memory: 51200K Free: 32376K (63%)
ptolemy.util.test.WatchDog.cancel(): canceling Fri Jan 10 06:49:49 UTC 2020
auto.tcl: Setting watchdog for 200 seconds at Fri Jan 10 06:49:49 UTC 2020
2 ms. Memory: 51200K Free: 31354K (61%)
ptolemy.util.test.WatchDog.cancel(): canceling Fri Jan 10 06:49:49 UTC 2020
------------------ testing $PTII/ptolemy/domains/de/test/auto/deInCt.xml
auto.tcl: Setting watchdog for 200 seconds at Fri Jan 10 06:49:49 UTC 2020
0
1
1
1
1
1
0
0
0
1
1
1
1
0
0
0
1
1
0
0
0
1
1
1
1
0
0
1
1
1
1
1
1
1
13 ms. Memory: 51200K Free: 31349K (61%)
ptolemy.util.test.WatchDog.cancel(): canceling Fri Jan 10 06:49:49 UTC 2020
auto.tcl: Setting watchdog for 200 seconds at Fri Jan 10 06:49:49 UTC 2020
0
1
1
1
0
0
0
0
1
1
1
1
0
0
0
1
1
1
1
0
0
0
1
1
1
0
0
0
1
1
1
0
0
1
1
1
1
0
0
0
0
8 ms. Memory: 51200K Free: 29808K (58%)
ptolemy.util.test.WatchDog.cancel(): canceling Fri Jan 10 06:49:49 UTC 2020
------------------ testing $PTII/ptolemy/domains/de/test/auto/deInCt2.xml
auto.tcl: Setting watchdog for 200 seconds at Fri Jan 10 06:49:49 UTC 2020
0
1
1
1
0
0
1
1
1
0
0
1
1
1
0
0
1
1
1
0
0
1
1
1
0
0
1
1
1
0
0
1
1
1
0
0
1
1
1
0
0
0
7 ms. Memory: 51200K Free: 31350K (61%)
ptolemy.util.test.WatchDog.cancel(): canceling Fri Jan 10 06:49:49 UTC 2020
auto.tcl: Setting watchdog for 200 seconds at Fri Jan 10 06:49:49 UTC 2020
0
1
1
1
0
0
1
1
1
0
0
1
1
1
0
0
1
1
1
0
0
1
1
1
0
0
1
1
1
0
0
1
1
1
0
0
1
1
1
0
0
0
7 ms. Memory: 51200K Free: 29798K (58%)
ptolemy.util.test.WatchDog.cancel(): canceling Fri Jan 10 06:49:49 UTC 2020
------------------ testing $PTII/ptolemy/domains/de/test/auto/dynamicCausalityInterface1.xml
auto.tcl: Setting watchdog for 200 seconds at Fri Jan 10 06:49:49 UTC 2020
2 ms. Memory: 51200K Free: 26728K (52%)
ptolemy.util.test.WatchDog.cancel(): canceling Fri Jan 10 06:49:49 UTC 2020
auto.tcl: Setting watchdog for 200 seconds at Fri Jan 10 06:49:49 UTC 2020
1 ms. Memory: 51200K Free: 26224K (51%)
ptolemy.util.test.WatchDog.cancel(): canceling Fri Jan 10 06:49:49 UTC 2020
------------------ testing $PTII/ptolemy/domains/de/test/auto/fsm_de_test.xml
auto.tcl: Setting watchdog for 200 seconds at Fri Jan 10 06:49:49 UTC 2020
11 ms. Memory: 51200K Free: 27147K (53%)
ptolemy.util.test.WatchDog.cancel(): canceling Fri Jan 10 06:49:49 UTC 2020
auto.tcl: Setting watchdog for 200 seconds at Fri Jan 10 06:49:49 UTC 2020
7 ms. Memory: 51200K Free: 25099K (49%)
ptolemy.util.test.WatchDog.cancel(): canceling Fri Jan 10 06:49:49 UTC 2020
------------------ testing $PTII/ptolemy/domains/de/test/auto/functionDependencyReconstruction.xml
auto.tcl: Setting watchdog for 200 seconds at Fri Jan 10 06:49:49 UTC 2020
3 ms. Memory: 51200K Free: 20993K (41%)
ptolemy.util.test.WatchDog.cancel(): canceling Fri Jan 10 06:49:49 UTC 2020
auto.tcl: Setting watchdog for 200 seconds at Fri Jan 10 06:49:49 UTC 2020
2 ms. Memory: 51200K Free: 18945K (37%)
ptolemy.util.test.WatchDog.cancel(): canceling Fri Jan 10 06:49:49 UTC 2020
------------------ testing $PTII/ptolemy/domains/de/test/auto/multirate.xml
auto.tcl: Setting watchdog for 200 seconds at Fri Jan 10 06:49:49 UTC 2020
3 ms. Memory: 51200K Free: 29563K (58%)
ptolemy.util.test.WatchDog.cancel(): canceling Fri Jan 10 06:49:49 UTC 2020
auto.tcl: Setting watchdog for 200 seconds at Fri Jan 10 06:49:49 UTC 2020
3 ms. Memory: 51200K Free: 28043K (55%)
ptolemy.util.test.WatchDog.cancel(): canceling Fri Jan 10 06:49:49 UTC 2020
------------------ testing $PTII/ptolemy/domains/de/test/auto/multirate2.xml
auto.tcl: Setting watchdog for 200 seconds at Fri Jan 10 06:49:49 UTC 2020
4 ms. Memory: 51200K Free: 29758K (58%)
ptolemy.util.test.WatchDog.cancel(): canceling Fri Jan 10 06:49:49 UTC 2020
auto.tcl: Setting watchdog for 200 seconds at Fri Jan 10 06:49:49 UTC 2020
2 ms. Memory: 51200K Free: 28224K (55%)
ptolemy.util.test.WatchDog.cancel(): canceling Fri Jan 10 06:49:49 UTC 2020
------------------ testing $PTII/ptolemy/domains/de/test/auto/realtime.xml
auto.tcl: Setting watchdog for 200 seconds at Fri Jan 10 06:49:49 UTC 2020
10002 ms. Memory: 51200K Free: 32022K (63%)
ptolemy.util.test.WatchDog.cancel(): canceling Fri Jan 10 06:49:59 UTC 2020
auto.tcl: Setting watchdog for 200 seconds at Fri Jan 10 06:49:59 UTC 2020
10001 ms. Memory: 51200K Free: 31294K (61%)
ptolemy.util.test.WatchDog.cancel(): canceling Fri Jan 10 06:50:09 UTC 2020
------------------ testing $PTII/ptolemy/domains/de/test/auto/relationGroup.xml
auto.tcl: Setting watchdog for 200 seconds at Fri Jan 10 06:50:10 UTC 2020
1 ms. Memory: 51200K Free: 33108K (65%)
ptolemy.util.test.WatchDog.cancel(): canceling Fri Jan 10 06:50:10 UTC 2020
auto.tcl: Setting watchdog for 200 seconds at Fri Jan 10 06:50:10 UTC 2020
2 ms. Memory: 51200K Free: 32373K (63%)
ptolemy.util.test.WatchDog.cancel(): canceling Fri Jan 10 06:50:10 UTC 2020
------------------ testing $PTII/ptolemy/domains/de/test/auto/relationGroup2.xml
auto.tcl: Setting watchdog for 200 seconds at Fri Jan 10 06:50:10 UTC 2020
1 ms. Memory: 51200K Free: 32909K (64%)
ptolemy.util.test.WatchDog.cancel(): canceling Fri Jan 10 06:50:10 UTC 2020
auto.tcl: Setting watchdog for 200 seconds at Fri Jan 10 06:50:10 UTC 2020
2 ms. Memory: 51200K Free: 32413K (63%)
ptolemy.util.test.WatchDog.cancel(): canceling Fri Jan 10 06:50:10 UTC 2020
------------------ testing $PTII/ptolemy/domains/de/test/auto/sortWithOpaquePorts.xml
auto.tcl: Setting watchdog for 200 seconds at Fri Jan 10 06:50:10 UTC 2020
1 ms. Memory: 51200K Free: 31872K (62%)
ptolemy.util.test.WatchDog.cancel(): canceling Fri Jan 10 06:50:10 UTC 2020
auto.tcl: Setting watchdog for 200 seconds at Fri Jan 10 06:50:10 UTC 2020
2 ms. Memory: 51200K Free: 30848K (60%)
ptolemy.util.test.WatchDog.cancel(): canceling Fri Jan 10 06:50:10 UTC 2020
------------------ testing $PTII/ptolemy/domains/de/test/auto/transferInputsandOutputs.xml
auto.tcl: Setting watchdog for 200 seconds at Fri Jan 10 06:50:10 UTC 2020
4 ms. Memory: 51200K Free: 29315K (57%)
ptolemy.util.test.WatchDog.cancel(): canceling Fri Jan 10 06:50:10 UTC 2020
auto.tcl: Setting watchdog for 200 seconds at Fri Jan 10 06:50:10 UTC 2020
3 ms. Memory: 51200K Free: 28291K (55%)
ptolemy.util.test.WatchDog.cancel(): canceling Fri Jan 10 06:50:10 UTC 2020
------------------ testing $PTII/ptolemy/domains/de/test/auto/triggerType.xml
auto.tcl: Setting watchdog for 200 seconds at Fri Jan 10 06:50:10 UTC 2020
1 ms. Memory: 51200K Free: 32340K (63%)
ptolemy.util.test.WatchDog.cancel(): canceling Fri Jan 10 06:50:10 UTC 2020
auto.tcl: Setting watchdog for 200 seconds at Fri Jan 10 06:50:10 UTC 2020
1 ms. Memory: 51200K Free: 31316K (61%)
ptolemy.util.test.WatchDog.cancel(): canceling Fri Jan 10 06:50:10 UTC 2020
01/10/20 06:50:10
Failed: 0  Total Tests: 192  ((Passed: 187, Newly Passed: 1)  Known Failed: 5) /home/travis/build/icyphy/ptII/ptolemy/domains/de/test
01/10/20 06:50:10
Failed: 0  Total Tests: 192  ((Passed: 187, Newly Passed: 1)  Known Failed: 5) /home/travis/build/icyphy/ptII/ptolemy/domains/de/test
----------------- testing (KnownFailure) /home/travis/build/icyphy/ptII/ptolemy/domains/de/test/auto/knownFailedTests/DESDFClockTest.xml
2011 ms. Memory: 51200K Free: 25735K (50%)
Known Failure: java.lang.reflect.InvocationTargetException
----------------- testing (KnownFailure) /home/travis/build/icyphy/ptII/ptolemy/domains/de/test/auto/knownFailedTests/DirectFeedback.xml
2 ms. Memory: 51200K Free: 22153K (43%)
Known Failure: java.lang.reflect.InvocationTargetException
----------------- testing (KnownFailure) /home/travis/build/icyphy/ptII/ptolemy/domains/de/test/auto/knownFailedTests/FSMSource.xml
16 ms. Memory: 51200K Free: 14441K (28%)
----------------- testing (KnownFailure) /home/travis/build/icyphy/ptII/ptolemy/domains/de/test/auto/knownFailedTests/HierarchicalModel.xml
2 ms. Memory: 51200K Free: 26238K (51%)
Known Failure: java.lang.reflect.InvocationTargetException
----------------- testing (KnownFailure) /home/travis/build/icyphy/ptII/ptolemy/domains/de/test/auto/knownFailedTests/dependencyLoop.xml
3 ms. Memory: 51200K Free: 10840K (21%)
Known Failure: java.lang.reflect.InvocationTargetException
----------------- testing (KnownFailure) /home/travis/build/icyphy/ptII/ptolemy/domains/de/test/auto/knownFailedTests/dependencyLoop2.xml
3 ms. Memory: 51200K Free: 23686K (46%)
Known Failure: java.lang.reflect.InvocationTargetException
No auto/linux-amd64/*.xml tests in /home/travis/build/icyphy/ptII/ptolemy/domains/de/test
AutoTests.java: About to close Vertx.
AutoTests.java: Vertx closed.

===========================================================================================
----------------- testing Fri Jan 10 06:50:12 UTC 2020 /home/travis/build/icyphy/ptII/ptolemy/domains/de/test/auto/ActorDepthCalculation_actorWithoutPorts.xml
----------------- Instantiating /home/travis/build/icyphy/ptII/ptolemy/domains/de/test/auto/ActorDepthCalculation_actorWithoutPorts.xml
2 ms. Memory: 51200K Free: 17234K (34%)
----------------- Invoking toplevel() on ptolemy.moml.MoMLSimpleApplication@417caa54
----------------- Done invoking toplevel() on ptolemy.moml.MoMLSimpleApplication@417caa54
reloadAllAccessors: .ActorDepthCalculation_actorWithoutPorts

===========================================================================================
----------------- testing Fri Jan 10 06:50:12 UTC 2020 /home/travis/build/icyphy/ptII/ptolemy/domains/de/test/auto/AssemblyLine.xml
----------------- Instantiating /home/travis/build/icyphy/ptII/ptolemy/domains/de/test/auto/AssemblyLine.xml
3 ms. Memory: 51200K Free: 9773K (19%)
----------------- Invoking toplevel() on ptolemy.moml.MoMLSimpleApplication@577dfa0
----------------- Done invoking toplevel() on ptolemy.moml.MoMLSimpleApplication@577dfa0
reloadAllAccessors: .AssemblyLine

===========================================================================================
----------------- testing Fri Jan 10 06:50:12 UTC 2020 /home/travis/build/icyphy/ptII/ptolemy/domains/de/test/auto/CQBug1.xml
----------------- Instantiating /home/travis/build/icyphy/ptII/ptolemy/domains/de/test/auto/CQBug1.xml
1 ms. Memory: 51200K Free: 34808K (68%)
----------------- Invoking toplevel() on ptolemy.moml.MoMLSimpleApplication@6e292eb6
----------------- Done invoking toplevel() on ptolemy.moml.MoMLSimpleApplication@6e292eb6
reloadAllAccessors: .CQBug1

===========================================================================================
----------------- testing Fri Jan 10 06:50:12 UTC 2020 /home/travis/build/icyphy/ptII/ptolemy/domains/de/test/auto/CancelFireAt.xml
----------------- Instantiating /home/travis/build/icyphy/ptII/ptolemy/domains/de/test/auto/CancelFireAt.xml
8 ms. Memory: 51200K Free: 32215K (63%)
----------------- Invoking toplevel() on ptolemy.moml.MoMLSimpleApplication@501c5aba
----------------- Done invoking toplevel() on ptolemy.moml.MoMLSimpleApplication@501c5aba
reloadAllAccessors: .CancelFireAt

===========================================================================================
----------------- testing Fri Jan 10 06:50:12 UTC 2020 /home/travis/build/icyphy/ptII/ptolemy/domains/de/test/auto/CausalityAndComposabilityAnalysis.xml
----------------- Instantiating /home/travis/build/icyphy/ptII/ptolemy/domains/de/test/auto/CausalityAndComposabilityAnalysis.xml
1 ms. Memory: 51200K Free: 28055K (55%)
----------------- Invoking toplevel() on ptolemy.moml.MoMLSimpleApplication@b9c1cd7
----------------- Done invoking toplevel() on ptolemy.moml.MoMLSimpleApplication@b9c1cd7
reloadAllAccessors: .CausalityAndComposabilityAnalysis

===========================================================================================
----------------- testing Fri Jan 10 06:50:12 UTC 2020 /home/travis/build/icyphy/ptII/ptolemy/domains/de/test/auto/CausalityInterface1.xml
----------------- Instantiating /home/travis/build/icyphy/ptII/ptolemy/domains/de/test/auto/CausalityInterface1.xml
5 ms. Memory: 51200K Free: 22967K (45%)
----------------- Invoking toplevel() on ptolemy.moml.MoMLSimpleApplication@33eca0fa
----------------- Done invoking toplevel() on ptolemy.moml.MoMLSimpleApplication@33eca0fa
reloadAllAccessors: .CausalityInterface1

===========================================================================================
----------------- testing Fri Jan 10 06:50:12 UTC 2020 /home/travis/build/icyphy/ptII/ptolemy/domains/de/test/auto/CausalityInterface15.xml
----------------- Instantiating /home/travis/build/icyphy/ptII/ptolemy/domains/de/test/auto/CausalityInterface15.xml
1 ms. Memory: 51200K Free: 17438K (34%)
----------------- Invoking toplevel() on ptolemy.moml.MoMLSimpleApplication@13e927b
----------------- Done invoking toplevel() on ptolemy.moml.MoMLSimpleApplication@13e927b
reloadAllAccessors: .CausalityInterface15

===========================================================================================
----------------- testing Fri Jan 10 06:50:12 UTC 2020 /home/travis/build/icyphy/ptII/ptolemy/domains/de/test/auto/CausalityInterface2.xml
----------------- Instantiating /home/travis/build/icyphy/ptII/ptolemy/domains/de/test/auto/CausalityInterface2.xml
1 ms. Memory: 51200K Free: 12765K (25%)
[...]
	at ptolemy.actor.Manager.run(Manager.java:1263)
	at ptolemy.actor.Manager$PtolemyRunThread.run(Manager.java:1933)
java.lang.RuntimeException: Execution failed
	at ptolemy.moml.MoMLSimpleApplication$UnloadThread.run(MoMLSimpleApplication.java:402)
Caused by: ptolemy.kernel.util.IllegalActionException: Actor is not ready to fire.  Perhaps UpSample.prefire() returned false? Try debugging the actor by selecting "Listen to Actor".  Also, for SDF check moml for tokenConsumptionRate on input.
  in .DESDFClockTest.Play Bell.Copy1:SDF Director and .DESDFClockTest.Play Bell.UpSample
	at ptolemy.actor.sched.StaticSchedulingDirector.fire(StaticSchedulingDirector.java:227)
	at ptolemy.domains.sdf.kernel.SDFDirector.fire(SDFDirector.java:500)
	at ptolemy.actor.CompositeActor.fire(CompositeActor.java:455)
	at ptolemy.domains.de.kernel.DEDirector._fire(DEDirector.java:1949)
	at ptolemy.domains.de.kernel.DEDirector.fire(DEDirector.java:502)
	at ptolemy.actor.CompositeActor.fire(CompositeActor.java:455)
	at ptolemy.actor.Manager.iterate(Manager.java:851)
	at ptolemy.actor.Manager.execute(Manager.java:369)
	at ptolemy.actor.Manager.run(Manager.java:1263)
	at ptolemy.actor.Manager$PtolemyRunThread.run(Manager.java:1933)
java.lang.reflect.InvocationTargetException
	at java.base/jdk.internal.reflect.NativeConstructorAccessorImpl.newInstance0(Native Method)
	at java.base/jdk.internal.reflect.NativeConstructorAccessorImpl.newInstance(NativeConstructorAccessorImpl.java:62)
	at java.base/jdk.internal.reflect.DelegatingConstructorAccessorImpl.newInstance(DelegatingConstructorAccessorImpl.java:45)
	at java.base/java.lang.reflect.Constructor.newInstance(Constructor.java:490)
	at ptolemy.util.test.junit.AutoKnownFailedTests.RunModel(AutoKnownFailedTests.java:105)
	at java.base/jdk.internal.reflect.NativeMethodAccessorImpl.invoke0(Native Method)
	at java.base/jdk.internal.reflect.NativeMethodAccessorImpl.invoke(NativeMethodAccessorImpl.java:62)
	at java.base/jdk.internal.reflect.DelegatingMethodAccessorImpl.invoke(DelegatingMethodAccessorImpl.java:43)
	at java.base/java.lang.reflect.Method.invoke(Method.java:566)
	at org.junit.runners.model.FrameworkMethod$1.runReflectiveCall(FrameworkMethod.java:44)
	at org.junit.internal.runners.model.ReflectiveCallable.run(ReflectiveCallable.java:15)
	at org.junit.runners.model.FrameworkMethod.invokeExplosively(FrameworkMethod.java:41)
	at junitparams.internal.InvokeParameterisedMethod.evaluate(InvokeParameterisedMethod.java:102)
	at org.junit.internal.runners.statements.FailOnTimeout$1.run(FailOnTimeout.java:28)
Caused by: ptolemy.kernel.util.IllegalActionException: Actor is not ready to fire.  Perhaps UpSample.prefire() returned false? Try debugging the actor by selecting "Listen to Actor".  Also, for SDF check moml for tokenConsumptionRate on input.
  in .DESDFClockTest.Play Bell.Copy1:SDF Director and .DESDFClockTest.Play Bell.UpSample
	at ptolemy.actor.sched.StaticSchedulingDirector.fire(StaticSchedulingDirector.java:227)
	at ptolemy.domains.sdf.kernel.SDFDirector.fire(SDFDirector.java:500)
	at ptolemy.actor.CompositeActor.fire(CompositeActor.java:455)
	at ptolemy.domains.de.kernel.DEDirector._fire(DEDirector.java:1949)
	at ptolemy.domains.de.kernel.DEDirector.fire(DEDirector.java:502)
	at ptolemy.actor.CompositeActor.fire(CompositeActor.java:455)
	at ptolemy.actor.Manager.iterate(Manager.java:851)
	at ptolemy.actor.Manager.execute(Manager.java:369)
	at ptolemy.actor.Manager.run(Manager.java:1263)
	at ptolemy.actor.Manager$PtolemyRunThread.run(Manager.java:1933)
java.lang.RuntimeException: Execution failed
	at ptolemy.moml.MoMLSimpleApplication$UnloadThread.run(MoMLSimpleApplication.java:402)
Caused by: ptolemy.kernel.util.IllegalActionException: Test fails in iteration 1.
Value was: 1.0. Should have been: 2.0
  in .DirectFeedback.Test
	at ptolemy.actor.lib.Test.fire(Test.java:268)
	at ptolemy.domains.de.kernel.DEDirector._fire(DEDirector.java:1949)
	at ptolemy.domains.de.kernel.DEDirector.fire(DEDirector.java:502)
	at ptolemy.actor.CompositeActor.fire(CompositeActor.java:455)
	at ptolemy.actor.Manager.iterate(Manager.java:851)
	at ptolemy.actor.Manager.execute(Manager.java:369)
	at ptolemy.actor.Manager.run(Manager.java:1263)
	at ptolemy.actor.Manager$PtolemyRunThread.run(Manager.java:1933)
java.lang.reflect.InvocationTargetException
	at java.base/jdk.internal.reflect.NativeConstructorAccessorImpl.newInstance0(Native Method)
	at java.base/jdk.internal.reflect.NativeConstructorAccessorImpl.newInstance(NativeConstructorAccessorImpl.java:62)
	at java.base/jdk.internal.reflect.DelegatingConstructorAccessorImpl.newInstance(DelegatingConstructorAccessorImpl.java:45)
	at java.base/java.lang.reflect.Constructor.newInstance(Constructor.java:490)
	at ptolemy.util.test.junit.AutoKnownFailedTests.RunModel(AutoKnownFailedTests.java:105)
	at java.base/jdk.internal.reflect.NativeMethodAccessorImpl.invoke0(Native Method)
	at java.base/jdk.internal.reflect.NativeMethodAccessorImpl.invoke(NativeMethodAccessorImpl.java:62)
	at java.base/jdk.internal.reflect.DelegatingMethodAccessorImpl.invoke(DelegatingMethodAccessorImpl.java:43)
	at java.base/java.lang.reflect.Method.invoke(Method.java:566)
	at org.junit.runners.model.FrameworkMethod$1.runReflectiveCall(FrameworkMethod.java:44)
	at org.junit.internal.runners.model.ReflectiveCallable.run(ReflectiveCallable.java:15)
	at org.junit.runners.model.FrameworkMethod.invokeExplosively(FrameworkMethod.java:41)
	at junitparams.internal.InvokeParameterisedMethod.evaluate(InvokeParameterisedMethod.java:102)
	at org.junit.internal.runners.statements.FailOnTimeout$1.run(FailOnTimeout.java:28)
Caused by: ptolemy.kernel.util.IllegalActionException: Test fails in iteration 1.
Value was: 1.0. Should have been: 2.0
  in .DirectFeedback.Test
	at ptolemy.actor.lib.Test.fire(Test.java:268)
	at ptolemy.domains.de.kernel.DEDirector._fire(DEDirector.java:1949)
	at ptolemy.domains.de.kernel.DEDirector.fire(DEDirector.java:502)
	at ptolemy.actor.CompositeActor.fire(CompositeActor.java:455)
	at ptolemy.actor.Manager.iterate(Manager.java:851)
	at ptolemy.actor.Manager.execute(Manager.java:369)
	at ptolemy.actor.Manager.run(Manager.java:1263)
	at ptolemy.actor.Manager$PtolemyRunThread.run(Manager.java:1933)
java.lang.RuntimeException: Execution failed
	at ptolemy.moml.MoMLSimpleApplication$UnloadThread.run(MoMLSimpleApplication.java:402)
Caused by: ptolemy.kernel.util.IllegalActionException: Found a zero delay loop containing .HierarchicalModel.A
  in .HierarchicalModel and .HierarchicalModel.A
	at ptolemy.actor.util.CausalityInterfaceForComposites._computeOutputPortDepth(CausalityInterfaceForComposites.java:759)
	at ptolemy.actor.util.CausalityInterfaceForComposites._computeInputDepth(CausalityInterfaceForComposites.java:696)
	at ptolemy.actor.util.CausalityInterfaceForComposites._computeOutputPortDepth(CausalityInterfaceForComposites.java:765)
	at ptolemy.actor.util.CausalityInterfaceForComposites._computeInputDepth(CausalityInterfaceForComposites.java:696)
	at ptolemy.actor.util.CausalityInterfaceForComposites._computeOutputPortDepth(CausalityInterfaceForComposites.java:765)
	at ptolemy.actor.util.CausalityInterfaceForComposites._computeInputDepth(CausalityInterfaceForComposites.java:696)
	at ptolemy.actor.util.CausalityInterfaceForComposites._computeActorDepth(CausalityInterfaceForComposites.java:532)
	at ptolemy.actor.util.CausalityInterfaceForComposites.checkForCycles(CausalityInterfaceForComposites.java:96)
	at ptolemy.domains.de.kernel.DEDirector.preinitialize(DEDirector.java:1338)
	at ptolemy.actor.CompositeActor.preinitialize(CompositeActor.java:1828)
	at ptolemy.actor.Manager.preinitializeAndResolveTypes(Manager.java:1040)
	at ptolemy.actor.Manager.initialize(Manager.java:710)
	at ptolemy.actor.Manager.execute(Manager.java:356)
	at ptolemy.actor.Manager.run(Manager.java:1263)
	at ptolemy.actor.Manager$PtolemyRunThread.run(Manager.java:1933)
java.lang.reflect.InvocationTargetException
	at java.base/jdk.internal.reflect.NativeConstructorAccessorImpl.newInstance0(Native Method)
	at java.base/jdk.internal.reflect.NativeConstructorAccessorImpl.newInstance(NativeConstructorAccessorImpl.java:62)
	at java.base/jdk.internal.reflect.DelegatingConstructorAccessorImpl.newInstance(DelegatingConstructorAccessorImpl.java:45)
	at java.base/java.lang.reflect.Constructor.newInstance(Constructor.java:490)
	at ptolemy.util.test.junit.AutoKnownFailedTests.RunModel(AutoKnownFailedTests.java:105)
	at java.base/jdk.internal.reflect.NativeMethodAccessorImpl.invoke0(Native Method)
	at java.base/jdk.internal.reflect.NativeMethodAccessorImpl.invoke(NativeMethodAccessorImpl.java:62)
	at java.base/jdk.internal.reflect.DelegatingMethodAccessorImpl.invoke(DelegatingMethodAccessorImpl.java:43)
	at java.base/java.lang.reflect.Method.invoke(Method.java:566)
	at org.junit.runners.model.FrameworkMethod$1.runReflectiveCall(FrameworkMethod.java:44)
	at org.junit.internal.runners.model.ReflectiveCallable.run(ReflectiveCallable.java:15)
	at org.junit.runners.model.FrameworkMethod.invokeExplosively(FrameworkMethod.java:41)
	at junitparams.internal.InvokeParameterisedMethod.evaluate(InvokeParameterisedMethod.java:102)
	at org.junit.internal.runners.statements.FailOnTimeout$1.run(FailOnTimeout.java:28)
Caused by: ptolemy.kernel.util.IllegalActionException: Found a zero delay loop containing .HierarchicalModel.A
  in .HierarchicalModel and .HierarchicalModel.A
	at ptolemy.actor.util.CausalityInterfaceForComposites._computeOutputPortDepth(CausalityInterfaceForComposites.java:759)
	at ptolemy.actor.util.CausalityInterfaceForComposites._computeInputDepth(CausalityInterfaceForComposites.java:696)
	at ptolemy.actor.util.CausalityInterfaceForComposites._computeOutputPortDepth(CausalityInterfaceForComposites.java:765)
	at ptolemy.actor.util.CausalityInterfaceForComposites._computeInputDepth(CausalityInterfaceForComposites.java:696)
	at ptolemy.actor.util.CausalityInterfaceForComposites._computeOutputPortDepth(CausalityInterfaceForComposites.java:765)
	at ptolemy.actor.util.CausalityInterfaceForComposites._computeInputDepth(CausalityInterfaceForComposites.java:696)
	at ptolemy.actor.util.CausalityInterfaceForComposites._computeActorDepth(CausalityInterfaceForComposites.java:532)
	at ptolemy.actor.util.CausalityInterfaceForComposites.checkForCycles(CausalityInterfaceForComposites.java:96)
	at ptolemy.domains.de.kernel.DEDirector.preinitialize(DEDirector.java:1338)
	at ptolemy.actor.CompositeActor.preinitialize(CompositeActor.java:1828)
	at ptolemy.actor.Manager.preinitializeAndResolveTypes(Manager.java:1040)
	at ptolemy.actor.Manager.initialize(Manager.java:710)
	at ptolemy.actor.Manager.execute(Manager.java:356)
	at ptolemy.actor.Manager.run(Manager.java:1263)
	at ptolemy.actor.Manager$PtolemyRunThread.run(Manager.java:1933)
java.lang.RuntimeException: Execution failed
	at ptolemy.moml.MoMLSimpleApplication$UnloadThread.run(MoMLSimpleApplication.java:402)
Caused by: ptolemy.kernel.util.IllegalActionException: Found a zero delay loop containing .dependencyLoop.original
  in .dependencyLoop and .dependencyLoop.original
	at ptolemy.actor.util.CausalityInterfaceForComposites._computeOutputPortDepth(CausalityInterfaceForComposites.java:759)
	at ptolemy.actor.util.CausalityInterfaceForComposites._computeInputDepth(CausalityInterfaceForComposites.java:696)
	at ptolemy.actor.util.CausalityInterfaceForComposites._computeOutputPortDepth(CausalityInterfaceForComposites.java:765)
	at ptolemy.actor.util.CausalityInterfaceForComposites._computeInputDepth(CausalityInterfaceForComposites.java:696)
	at ptolemy.actor.util.CausalityInterfaceForComposites._computeOutputPortDepth(CausalityInterfaceForComposites.java:765)
	at ptolemy.actor.util.CausalityInterfaceForComposites._computeInputDepth(CausalityInterfaceForComposites.java:696)
	at ptolemy.actor.util.CausalityInterfaceForComposites._computeActorDepth(CausalityInterfaceForComposites.java:532)
	at ptolemy.actor.util.CausalityInterfaceForComposites.checkForCycles(CausalityInterfaceForComposites.java:96)
	at ptolemy.domains.de.kernel.DEDirector.preinitialize(DEDirector.java:1338)
	at ptolemy.actor.CompositeActor.preinitialize(CompositeActor.java:1828)
	at ptolemy.actor.Manager.preinitializeAndResolveTypes(Manager.java:1040)
	at ptolemy.actor.Manager.initialize(Manager.java:710)
	at ptolemy.actor.Manager.execute(Manager.java:356)
	at ptolemy.actor.Manager.run(Manager.java:1263)
	at ptolemy.actor.Manager$PtolemyRunThread.run(Manager.java:1933)
java.lang.reflect.InvocationTargetException
	at java.base/jdk.internal.reflect.NativeConstructorAccessorImpl.newInstance0(Native Method)
	at java.base/jdk.internal.reflect.NativeConstructorAccessorImpl.newInstance(NativeConstructorAccessorImpl.java:62)
	at java.base/jdk.internal.reflect.DelegatingConstructorAccessorImpl.newInstance(DelegatingConstructorAccessorImpl.java:45)
	at java.base/java.lang.reflect.Constructor.newInstance(Constructor.java:490)
	at ptolemy.util.test.junit.AutoKnownFailedTests.RunModel(AutoKnownFailedTests.java:105)
	at java.base/jdk.internal.reflect.NativeMethodAccessorImpl.invoke0(Native Method)
	at java.base/jdk.internal.reflect.NativeMethodAccessorImpl.invoke(NativeMethodAccessorImpl.java:62)
	at java.base/jdk.internal.reflect.DelegatingMethodAccessorImpl.invoke(DelegatingMethodAccessorImpl.java:43)
	at java.base/java.lang.reflect.Method.invoke(Method.java:566)
	at org.junit.runners.model.FrameworkMethod$1.runReflectiveCall(FrameworkMethod.java:44)
	at org.junit.internal.runners.model.ReflectiveCallable.run(ReflectiveCallable.java:15)
	at org.junit.runners.model.FrameworkMethod.invokeExplosively(FrameworkMethod.java:41)
	at junitparams.internal.InvokeParameterisedMethod.evaluate(InvokeParameterisedMethod.java:102)
	at org.junit.internal.runners.statements.FailOnTimeout$1.run(FailOnTimeout.java:28)
Caused by: ptolemy.kernel.util.IllegalActionException: Found a zero delay loop containing .dependencyLoop.original
  in .dependencyLoop and .dependencyLoop.original
	at ptolemy.actor.util.CausalityInterfaceForComposites._computeOutputPortDepth(CausalityInterfaceForComposites.java:759)
	at ptolemy.actor.util.CausalityInterfaceForComposites._computeInputDepth(CausalityInterfaceForComposites.java:696)
	at ptolemy.actor.util.CausalityInterfaceForComposites._computeOutputPortDepth(CausalityInterfaceForComposites.java:765)
	at ptolemy.actor.util.CausalityInterfaceForComposites._computeInputDepth(CausalityInterfaceForComposites.java:696)
	at ptolemy.actor.util.CausalityInterfaceForComposites._computeOutputPortDepth(CausalityInterfaceForComposites.java:765)
	at ptolemy.actor.util.CausalityInterfaceForComposites._computeInputDepth(CausalityInterfaceForComposites.java:696)
	at ptolemy.actor.util.CausalityInterfaceForComposites._computeActorDepth(CausalityInterfaceForComposites.java:532)
	at ptolemy.actor.util.CausalityInterfaceForComposites.checkForCycles(CausalityInterfaceForComposites.java:96)
	at ptolemy.domains.de.kernel.DEDirector.preinitialize(DEDirector.java:1338)
	at ptolemy.actor.CompositeActor.preinitialize(CompositeActor.java:1828)
	at ptolemy.actor.Manager.preinitializeAndResolveTypes(Manager.java:1040)
	at ptolemy.actor.Manager.initialize(Manager.java:710)
	at ptolemy.actor.Manager.execute(Manager.java:356)
	at ptolemy.actor.Manager.run(Manager.java:1263)
	at ptolemy.actor.Manager$PtolemyRunThread.run(Manager.java:1933)
java.lang.RuntimeException: Execution failed
	at ptolemy.moml.MoMLSimpleApplication$UnloadThread.run(MoMLSimpleApplication.java:402)
Caused by: ptolemy.kernel.util.IllegalActionException: Found a zero delay loop containing .dependencyLoop2.original
  in .dependencyLoop2 and .dependencyLoop2.original
	at ptolemy.actor.util.CausalityInterfaceForComposites._computeOutputPortDepth(CausalityInterfaceForComposites.java:759)
	at ptolemy.actor.util.CausalityInterfaceForComposites._computeInputDepth(CausalityInterfaceForComposites.java:696)
	at ptolemy.actor.util.CausalityInterfaceForComposites._computeOutputPortDepth(CausalityInterfaceForComposites.java:765)
	at ptolemy.actor.util.CausalityInterfaceForComposites._computeInputDepth(CausalityInterfaceForComposites.java:696)
	at ptolemy.actor.util.CausalityInterfaceForComposites._computeOutputPortDepth(CausalityInterfaceForComposites.java:765)
	at ptolemy.actor.util.CausalityInterfaceForComposites._computeInputDepth(CausalityInterfaceForComposites.java:696)
	at ptolemy.actor.util.CausalityInterfaceForComposites._computeActorDepth(CausalityInterfaceForComposites.java:532)
	at ptolemy.actor.util.CausalityInterfaceForComposites.checkForCycles(CausalityInterfaceForComposites.java:96)
	at ptolemy.domains.de.kernel.DEDirector.preinitialize(DEDirector.java:1338)
	at ptolemy.actor.CompositeActor.preinitialize(CompositeActor.java:1828)
	at ptolemy.actor.Manager.preinitializeAndResolveTypes(Manager.java:1040)
	at ptolemy.actor.Manager.initialize(Manager.java:710)
	at ptolemy.actor.Manager.execute(Manager.java:356)
	at ptolemy.actor.Manager.run(Manager.java:1263)
	at ptolemy.actor.Manager$PtolemyRunThread.run(Manager.java:1933)
java.lang.reflect.InvocationTargetException
	at java.base/jdk.internal.reflect.NativeConstructorAccessorImpl.newInstance0(Native Method)
	at java.base/jdk.internal.reflect.NativeConstructorAccessorImpl.newInstance(NativeConstructorAccessorImpl.java:62)
	at java.base/jdk.internal.reflect.DelegatingConstructorAccessorImpl.newInstance(DelegatingConstructorAccessorImpl.java:45)
	at java.base/java.lang.reflect.Constructor.newInstance(Constructor.java:490)
	at ptolemy.util.test.junit.AutoKnownFailedTests.RunModel(AutoKnownFailedTests.java:105)
	at java.base/jdk.internal.reflect.NativeMethodAccessorImpl.invoke0(Native Method)
	at java.base/jdk.internal.reflect.NativeMethodAccessorImpl.invoke(NativeMethodAccessorImpl.java:62)
	at java.base/jdk.internal.reflect.DelegatingMethodAccessorImpl.invoke(DelegatingMethodAccessorImpl.java:43)
	at java.base/java.lang.reflect.Method.invoke(Method.java:566)
	at org.junit.runners.model.FrameworkMethod$1.runReflectiveCall(FrameworkMethod.java:44)
	at org.junit.internal.runners.model.ReflectiveCallable.run(ReflectiveCallable.java:15)
	at org.junit.runners.model.FrameworkMethod.invokeExplosively(FrameworkMethod.java:41)
	at junitparams.internal.InvokeParameterisedMethod.evaluate(InvokeParameterisedMethod.java:102)
	at org.junit.internal.runners.statements.FailOnTimeout$1.run(FailOnTimeout.java:28)
Caused by: ptolemy.kernel.util.IllegalActionException: Found a zero delay loop containing .dependencyLoop2.original
  in .dependencyLoop2 and .dependencyLoop2.original
	at ptolemy.actor.util.CausalityInterfaceForComposites._computeOutputPortDepth(CausalityInterfaceForComposites.java:759)
	at ptolemy.actor.util.CausalityInterfaceForComposites._computeInputDepth(CausalityInterfaceForComposites.java:696)
	at ptolemy.actor.util.CausalityInterfaceForComposites._computeOutputPortDepth(CausalityInterfaceForComposites.java:765)
	at ptolemy.actor.util.CausalityInterfaceForComposites._computeInputDepth(CausalityInterfaceForComposites.java:696)
	at ptolemy.actor.util.CausalityInterfaceForComposites._computeOutputPortDepth(CausalityInterfaceForComposites.java:765)
	at ptolemy.actor.util.CausalityInterfaceForComposites._computeInputDepth(CausalityInterfaceForComposites.java:696)
	at ptolemy.actor.util.CausalityInterfaceForComposites._computeActorDepth(CausalityInterfaceForComposites.java:532)
	at ptolemy.actor.util.CausalityInterfaceForComposites.checkForCycles(CausalityInterfaceForComposites.java:96)
	at ptolemy.domains.de.kernel.DEDirector.preinitialize(DEDirector.java:1338)
	at ptolemy.actor.CompositeActor.preinitialize(CompositeActor.java:1828)
	at ptolemy.actor.Manager.preinitializeAndResolveTypes(Manager.java:1040)
	at ptolemy.actor.Manager.initialize(Manager.java:710)
	at ptolemy.actor.Manager.execute(Manager.java:356)
	at ptolemy.actor.Manager.run(Manager.java:1263)
	at ptolemy.actor.Manager$PtolemyRunThread.run(Manager.java:1933)
]]></system-err>
</testsuite>
