<?xml version="1.0" encoding="UTF-8" ?>
<testsuite errors="0" failures="0" hostname="travis-job-4f6a9b3f-a0e6-4f01-9e8f-f4cefc63f38a" name="ptolemy.actor.lib.hoc.test.junit.JUnitTclTest" skipped="0" tests="58" time="34.104" timestamp="2019-10-30T06:10:01">
  <properties>
[...]
</properties>
  <testcase classname="ptolemy.util.test.junit.TclTests" name="[0] /home/travis/build/icyphy/ptII/ptolemy/actor/lib/hoc/test/IterateOverArray.tcl (RunTclFile)" time="0.268" />
  <testcase classname="ptolemy.util.test.junit.AutoKnownFailedTests" name="[0] /home/travis/build/icyphy/ptII/ptolemy/actor/lib/hoc/test/auto/knownFailedTests/PreinitializeMustBeInvokedRunComposite.xml (RunModel)" time="0.444" />
  <testcase classname="ptolemy.util.test.junit.AutoNameArchTests" name="[0] ThereAreNoAutoArchTests (RunModel)" time="0.006" />
  <testcase classname="ptolemy.util.test.junit.AutoTests" name="[0] /home/travis/build/icyphy/ptII/ptolemy/actor/lib/hoc/test/auto/AllToAllMultiInstanceComposite.xml (RunModel)" time="0.389" />
  <testcase classname="ptolemy.util.test.junit.AutoTests" name="[1] /home/travis/build/icyphy/ptII/ptolemy/actor/lib/hoc/test/auto/ApplyFFTTest.xml (RunModel)" time="0.348" />
  <testcase classname="ptolemy.util.test.junit.AutoTests" name="[2] /home/travis/build/icyphy/ptII/ptolemy/actor/lib/hoc/test/auto/ApplyFunction.xml (RunModel)" time="0.023" />
  <testcase classname="ptolemy.util.test.junit.AutoTests" name="[3] /home/travis/build/icyphy/ptII/ptolemy/actor/lib/hoc/test/auto/BackgroundExecution.xml (RunModel)" time="0.745" />
  <testcase classname="ptolemy.util.test.junit.AutoTests" name="[4] /home/travis/build/icyphy/ptII/ptolemy/actor/lib/hoc/test/auto/Case.xml (RunModel)" time="0.105" />
  <testcase classname="ptolemy.util.test.junit.AutoTests" name="[5] /home/travis/build/icyphy/ptII/ptolemy/actor/lib/hoc/test/auto/Case1.xml (RunModel)" time="0.078" />
  <testcase classname="ptolemy.util.test.junit.AutoTests" name="[6] /home/travis/build/icyphy/ptII/ptolemy/actor/lib/hoc/test/auto/Case2.xml (RunModel)" time="0.127" />
  <testcase classname="ptolemy.util.test.junit.AutoTests" name="[7] /home/travis/build/icyphy/ptII/ptolemy/actor/lib/hoc/test/auto/Case3.xml (RunModel)" time="0.093" />
  <testcase classname="ptolemy.util.test.junit.AutoTests" name="[8] /home/travis/build/icyphy/ptII/ptolemy/actor/lib/hoc/test/auto/Case4.xml (RunModel)" time="0.074" />
  <testcase classname="ptolemy.util.test.junit.AutoTests" name="[9] /home/travis/build/icyphy/ptII/ptolemy/actor/lib/hoc/test/auto/Case5.xml (RunModel)" time="0.067" />
  <testcase classname="ptolemy.util.test.junit.AutoTests" name="[10] /home/travis/build/icyphy/ptII/ptolemy/actor/lib/hoc/test/auto/Case6.xml (RunModel)" time="0.147" />
  <testcase classname="ptolemy.util.test.junit.AutoTests" name="[11] /home/travis/build/icyphy/ptII/ptolemy/actor/lib/hoc/test/auto/CaseString2.xml (RunModel)" time="0.082" />
  <testcase classname="ptolemy.util.test.junit.AutoTests" name="[12] /home/travis/build/icyphy/ptII/ptolemy/actor/lib/hoc/test/auto/CatchUpComposite1.xml (RunModel)" time="0.148" />
  <testcase classname="ptolemy.util.test.junit.AutoTests" name="[13] /home/travis/build/icyphy/ptII/ptolemy/actor/lib/hoc/test/auto/CatchUpComposite2.xml (RunModel)" time="0.071" />
  <testcase classname="ptolemy.util.test.junit.AutoTests" name="[14] /home/travis/build/icyphy/ptII/ptolemy/actor/lib/hoc/test/auto/CatchUpComposite3.xml (RunModel)" time="0.087" />
  <testcase classname="ptolemy.util.test.junit.AutoTests" name="[15] /home/travis/build/icyphy/ptII/ptolemy/actor/lib/hoc/test/auto/CatchUpComposite4.xml (RunModel)" time="0.063" />
  <testcase classname="ptolemy.util.test.junit.AutoTests" name="[16] /home/travis/build/icyphy/ptII/ptolemy/actor/lib/hoc/test/auto/CatchUpComposite5.xml (RunModel)" time="0.044" />
  <testcase classname="ptolemy.util.test.junit.AutoTests" name="[17] /home/travis/build/icyphy/ptII/ptolemy/actor/lib/hoc/test/auto/CatchUpComposite6.xml (RunModel)" time="0.177" />
  <testcase classname="ptolemy.util.test.junit.AutoTests" name="[18] /home/travis/build/icyphy/ptII/ptolemy/actor/lib/hoc/test/auto/CatchUpComposite7.xml (RunModel)" time="0.08" />
  <testcase classname="ptolemy.util.test.junit.AutoTests" name="[19] /home/travis/build/icyphy/ptII/ptolemy/actor/lib/hoc/test/auto/ConcurrentExecutionTimeSDF.xml (RunModel)" time="1.45" />
  <testcase classname="ptolemy.util.test.junit.AutoTests" name="[20] /home/travis/build/icyphy/ptII/ptolemy/actor/lib/hoc/test/auto/ConcurrentSleep.xml (RunModel)" time="0.756" />
  <testcase classname="ptolemy.util.test.junit.AutoTests" name="[21] /home/travis/build/icyphy/ptII/ptolemy/actor/lib/hoc/test/auto/DEInPNInRunCompositeActor.xml (RunModel)" time="0.037" />
  <testcase classname="ptolemy.util.test.junit.AutoTests" name="[22] /home/travis/build/icyphy/ptII/ptolemy/actor/lib/hoc/test/auto/DFTSubSetTest.xml (RunModel)" time="0.369" />
  <testcase classname="ptolemy.util.test.junit.AutoTests" name="[23] /home/travis/build/icyphy/ptII/ptolemy/actor/lib/hoc/test/auto/HocDE.xml (RunModel)" time="0.2" />
  <testcase classname="ptolemy.util.test.junit.AutoTests" name="[24] /home/travis/build/icyphy/ptII/ptolemy/actor/lib/hoc/test/auto/IterateOverArray.xml (RunModel)" time="0.029" />
  <testcase classname="ptolemy.util.test.junit.AutoTests" name="[25] /home/travis/build/icyphy/ptII/ptolemy/actor/lib/hoc/test/auto/IterateOverArray10.xml (RunModel)" time="0.027" />
  <testcase classname="ptolemy.util.test.junit.AutoTests" name="[26] /home/travis/build/icyphy/ptII/ptolemy/actor/lib/hoc/test/auto/IterateOverArray11.xml (RunModel)" time="0.064" />
  <testcase classname="ptolemy.util.test.junit.AutoTests" name="[27] /home/travis/build/icyphy/ptII/ptolemy/actor/lib/hoc/test/auto/IterateOverArray12.xml (RunModel)" time="0.056" />
  <testcase classname="ptolemy.util.test.junit.AutoTests" name="[28] /home/travis/build/icyphy/ptII/ptolemy/actor/lib/hoc/test/auto/IterateOverArray13.xml (RunModel)" time="0.227" />
  <testcase classname="ptolemy.util.test.junit.AutoTests" name="[29] /home/travis/build/icyphy/ptII/ptolemy/actor/lib/hoc/test/auto/IterateOverArray14.xml (RunModel)" time="0.215" />
  <testcase classname="ptolemy.util.test.junit.AutoTests" name="[30] /home/travis/build/icyphy/ptII/ptolemy/actor/lib/hoc/test/auto/IterateOverArray2.xml (RunModel)" time="0.041" />
  <testcase classname="ptolemy.util.test.junit.AutoTests" name="[31] /home/travis/build/icyphy/ptII/ptolemy/actor/lib/hoc/test/auto/IterateOverArray3.xml (RunModel)" time="0.044" />
  <testcase classname="ptolemy.util.test.junit.AutoTests" name="[32] /home/travis/build/icyphy/ptII/ptolemy/actor/lib/hoc/test/auto/IterateOverArray4.xml (RunModel)" time="0.027" />
  <testcase classname="ptolemy.util.test.junit.AutoTests" name="[33] /home/travis/build/icyphy/ptII/ptolemy/actor/lib/hoc/test/auto/IterateOverArray5.xml (RunModel)" time="0.03" />
  <testcase classname="ptolemy.util.test.junit.AutoTests" name="[34] /home/travis/build/icyphy/ptII/ptolemy/actor/lib/hoc/test/auto/IterateOverArray6.xml (RunModel)" time="0.02" />
  <testcase classname="ptolemy.util.test.junit.AutoTests" name="[35] /home/travis/build/icyphy/ptII/ptolemy/actor/lib/hoc/test/auto/IterateOverArray7.xml (RunModel)" time="0.026" />
  <testcase classname="ptolemy.util.test.junit.AutoTests" name="[36] /home/travis/build/icyphy/ptII/ptolemy/actor/lib/hoc/test/auto/IterateOverArray8.xml (RunModel)" time="0.031" />
  <testcase classname="ptolemy.util.test.junit.AutoTests" name="[37] /home/travis/build/icyphy/ptII/ptolemy/actor/lib/hoc/test/auto/IterateOverArray9.xml (RunModel)" time="0.036" />
  <testcase classname="ptolemy.util.test.junit.AutoTests" name="[38] /home/travis/build/icyphy/ptII/ptolemy/actor/lib/hoc/test/auto/IterateOverArrayCoercedOutputType.xml (RunModel)" time="0.04" />
  <testcase classname="ptolemy.util.test.junit.AutoTests" name="[39] /home/travis/build/icyphy/ptII/ptolemy/actor/lib/hoc/test/auto/IterateOverArrayInferredOutputType.xml (RunModel)" time="0.041" />
  <testcase classname="ptolemy.util.test.junit.AutoTests" name="[40] /home/travis/build/icyphy/ptII/ptolemy/actor/lib/hoc/test/auto/MobileFunctionTest.xml (RunModel)" time="0.031" />
  <testcase classname="ptolemy.util.test.junit.AutoTests" name="[41] /home/travis/build/icyphy/ptII/ptolemy/actor/lib/hoc/test/auto/MobileModelTest.xml (RunModel)" time="0.189" />
  <testcase classname="ptolemy.util.test.junit.AutoTests" name="[42] /home/travis/build/icyphy/ptII/ptolemy/actor/lib/hoc/test/auto/ModelReference.xml (RunModel)" time="0.063" />
  <testcase classname="ptolemy.util.test.junit.AutoTests" name="[43] /home/travis/build/icyphy/ptII/ptolemy/actor/lib/hoc/test/auto/ModelReference3.xml (RunModel)" time="0.045" />
  <testcase classname="ptolemy.util.test.junit.AutoTests" name="[44] /home/travis/build/icyphy/ptII/ptolemy/actor/lib/hoc/test/auto/ModelReference4.xml (RunModel)" time="10.033" />
  <testcase classname="ptolemy.util.test.junit.AutoTests" name="[45] /home/travis/build/icyphy/ptII/ptolemy/actor/lib/hoc/test/auto/MultiInstanceComposite.xml (RunModel)" time="0.052" />
  <testcase classname="ptolemy.util.test.junit.AutoTests" name="[46] /home/travis/build/icyphy/ptII/ptolemy/actor/lib/hoc/test/auto/MultiInstanceComposite2.xml (RunModel)" time="0.057" />
  <testcase classname="ptolemy.util.test.junit.AutoTests" name="[47] /home/travis/build/icyphy/ptII/ptolemy/actor/lib/hoc/test/auto/MulticoreExecution.xml (RunModel)" time="1.154" />
  <testcase classname="ptolemy.util.test.junit.AutoTests" name="[48] /home/travis/build/icyphy/ptII/ptolemy/actor/lib/hoc/test/auto/ParallelExecution.xml (RunModel)" time="0.949" />
  <testcase classname="ptolemy.util.test.junit.AutoTests" name="[49] /home/travis/build/icyphy/ptII/ptolemy/actor/lib/hoc/test/auto/RunCompositeActor.xml (RunModel)" time="0.027" />
  <testcase classname="ptolemy.util.test.junit.AutoTests" name="[50] /home/travis/build/icyphy/ptII/ptolemy/actor/lib/hoc/test/auto/RunCompositeActor2.xml (RunModel)" time="0.032" />
  <testcase classname="ptolemy.util.test.junit.AutoTests" name="[51] /home/travis/build/icyphy/ptII/ptolemy/actor/lib/hoc/test/auto/RunCompositeActor3.xml (RunModel)" time="0.027" />
  <testcase classname="ptolemy.util.test.junit.AutoTests" name="[52] /home/travis/build/icyphy/ptII/ptolemy/actor/lib/hoc/test/auto/RunCompositeActor4.xml (RunModel)" time="0.035" />
  <testcase classname="ptolemy.util.test.junit.AutoTests" name="[53] /home/travis/build/icyphy/ptII/ptolemy/actor/lib/hoc/test/auto/RunCompositeIterateOverArray.xml (RunModel)" time="0.058" />
  <testcase classname="ptolemy.util.test.junit.AutoTests" name="[54] /home/travis/build/icyphy/ptII/ptolemy/actor/lib/hoc/test/auto/ThreadedJS.xml (RunModel)" time="13.124" />
  <system-out><![CDATA[/home/travis/build/icyphy/ptII/ptolemy/actor/lib/hoc/test/IterateOverArray.tcl
testDefs.tcl: setting time out to 9000 seconds at Wed Oct 30 06:10:01 UTC 2019
10/30/19 06:10:02
Failed: 0  Total Tests: 2  ((Passed: 2, Newly Passed: 0)  Known Failed: 0) /home/travis/build/icyphy/ptII/ptolemy/actor/lib/hoc/test
----------------- testing (KnownFailure) /home/travis/build/icyphy/ptII/ptolemy/actor/lib/hoc/test/auto/knownFailedTests/PreinitializeMustBeInvokedRunComposite.xml
83 ms. Memory: 120832K Free: 79816K (66%)
Known Failure: java.lang.reflect.InvocationTargetException
No auto/linux-amd64/*.xml tests in /home/travis/build/icyphy/ptII/ptolemy/actor/lib/hoc/test
AutoTests.java: About to close Vertx.
AutoTests.java: Vertx closed.

===========================================================================================
----------------- testing Wed Oct 30 06:10:03 UTC 2019 /home/travis/build/icyphy/ptII/ptolemy/actor/lib/hoc/test/auto/AllToAllMultiInstanceComposite.xml
----------------- Instantiating /home/travis/build/icyphy/ptII/ptolemy/actor/lib/hoc/test/auto/AllToAllMultiInstanceComposite.xml
194 ms. Memory: 120832K Free: 96799K (80%)
----------------- Invoking toplevel() on ptolemy.moml.MoMLSimpleApplication@3e579a8f
----------------- Done invoking toplevel() on ptolemy.moml.MoMLSimpleApplication@3e579a8f
reloadAllAccessors: .AllToAllMultiInstanceComposite

===========================================================================================
----------------- testing Wed Oct 30 06:10:03 UTC 2019 /home/travis/build/icyphy/ptII/ptolemy/actor/lib/hoc/test/auto/ApplyFFTTest.xml
----------------- Instantiating /home/travis/build/icyphy/ptII/ptolemy/actor/lib/hoc/test/auto/ApplyFFTTest.xml
129 ms. Memory: 120832K Free: 105216K (87%)
----------------- Invoking toplevel() on ptolemy.moml.MoMLSimpleApplication@4b99799b
----------------- Done invoking toplevel() on ptolemy.moml.MoMLSimpleApplication@4b99799b
reloadAllAccessors: .ApplyFFTTest

===========================================================================================
----------------- testing Wed Oct 30 06:10:03 UTC 2019 /home/travis/build/icyphy/ptII/ptolemy/actor/lib/hoc/test/auto/ApplyFunction.xml
----------------- Instantiating /home/travis/build/icyphy/ptII/ptolemy/actor/lib/hoc/test/auto/ApplyFunction.xml
5 ms. Memory: 120832K Free: 101578K (84%)
----------------- Invoking toplevel() on ptolemy.moml.MoMLSimpleApplication@6fc990da
----------------- Done invoking toplevel() on ptolemy.moml.MoMLSimpleApplication@6fc990da
reloadAllAccessors: .ApplyFunction

===========================================================================================
----------------- testing Wed Oct 30 06:10:03 UTC 2019 /home/travis/build/icyphy/ptII/ptolemy/actor/lib/hoc/test/auto/BackgroundExecution.xml
----------------- Instantiating /home/travis/build/icyphy/ptII/ptolemy/actor/lib/hoc/test/auto/BackgroundExecution.xml
635 ms. Memory: 120832K Free: 94410K (78%)
----------------- Invoking toplevel() on ptolemy.moml.MoMLSimpleApplication@7d5757fe
----------------- Done invoking toplevel() on ptolemy.moml.MoMLSimpleApplication@7d5757fe
reloadAllAccessors: .BackgroundExecution

===========================================================================================
----------------- testing Wed Oct 30 06:10:04 UTC 2019 /home/travis/build/icyphy/ptII/ptolemy/actor/lib/hoc/test/auto/Case.xml
----------------- Instantiating /home/travis/build/icyphy/ptII/ptolemy/actor/lib/hoc/test/auto/Case.xml
38 ms. Memory: 120832K Free: 86873K (72%)
----------------- Invoking toplevel() on ptolemy.moml.MoMLSimpleApplication@47f9738e
----------------- Done invoking toplevel() on ptolemy.moml.MoMLSimpleApplication@47f9738e
reloadAllAccessors: .Case

===========================================================================================
----------------- testing Wed Oct 30 06:10:04 UTC 2019 /home/travis/build/icyphy/ptII/ptolemy/actor/lib/hoc/test/auto/Case1.xml
----------------- Instantiating /home/travis/build/icyphy/ptII/ptolemy/actor/lib/hoc/test/auto/Case1.xml
19 ms. Memory: 120832K Free: 80659K (67%)
----------------- Invoking toplevel() on ptolemy.moml.MoMLSimpleApplication@33b7442a
----------------- Done invoking toplevel() on ptolemy.moml.MoMLSimpleApplication@33b7442a
reloadAllAccessors: .Case1

===========================================================================================
----------------- testing Wed Oct 30 06:10:04 UTC 2019 /home/travis/build/icyphy/ptII/ptolemy/actor/lib/hoc/test/auto/Case2.xml
----------------- Instantiating /home/travis/build/icyphy/ptII/ptolemy/actor/lib/hoc/test/auto/Case2.xml
55 ms. Memory: 147456K Free: 133124K (90%)
----------------- Invoking toplevel() on ptolemy.moml.MoMLSimpleApplication@62b8482c
----------------- Done invoking toplevel() on ptolemy.moml.MoMLSimpleApplication@62b8482c
reloadAllAccessors: .Case2

===========================================================================================
----------------- testing Wed Oct 30 06:10:04 UTC 2019 /home/travis/build/icyphy/ptII/ptolemy/actor/lib/hoc/test/auto/Case3.xml
----------------- Instantiating /home/travis/build/icyphy/ptII/ptolemy/actor/lib/hoc/test/auto/Case3.xml
16 ms. Memory: 147456K Free: 126391K (86%)
----------------- Invoking toplevel() on ptolemy.moml.MoMLSimpleApplication@45c0a23e
----------------- Done invoking toplevel() on ptolemy.moml.MoMLSimpleApplication@45c0a23e
reloadAllAccessors: .Case3

===========================================================================================
----------------- testing Wed Oct 30 06:10:04 UTC 2019 /home/travis/build/icyphy/ptII/ptolemy/actor/lib/hoc/test/auto/Case4.xml
----------------- Instantiating /home/travis/build/icyphy/ptII/ptolemy/actor/lib/hoc/test/auto/Case4.xml
18 ms. Memory: 147456K Free: 118966K (81%)
----------------- Invoking toplevel() on ptolemy.moml.MoMLSimpleApplication@349ac25a
----------------- Done invoking toplevel() on ptolemy.moml.MoMLSimpleApplication@349ac25a
reloadAllAccessors: .Case4

===========================================================================================
----------------- testing Wed Oct 30 06:10:04 UTC 2019 /home/travis/build/icyphy/ptII/ptolemy/actor/lib/hoc/test/auto/Case5.xml
----------------- Instantiating /home/travis/build/icyphy/ptII/ptolemy/actor/lib/hoc/test/auto/Case5.xml
33 ms. Memory: 147456K Free: 112608K (76%)
----------------- Invoking toplevel() on ptolemy.moml.MoMLSimpleApplication@434da995
----------------- Done invoking toplevel() on ptolemy.moml.MoMLSimpleApplication@434da995
reloadAllAccessors: .junk

===========================================================================================
----------------- testing Wed Oct 30 06:10:05 UTC 2019 /home/travis/build/icyphy/ptII/ptolemy/actor/lib/hoc/test/auto/Case6.xml
----------------- Instantiating /home/travis/build/icyphy/ptII/ptolemy/actor/lib/hoc/test/auto/Case6.xml
74 ms. Memory: 147456K Free: 101344K (69%)
----------------- Invoking toplevel() on ptolemy.moml.MoMLSimpleApplication@255bfab7
----------------- Done invoking toplevel() on ptolemy.moml.MoMLSimpleApplication@255bfab7
reloadAllAccessors: .Case6

===========================================================================================
----------------- testing Wed Oct 30 06:10:05 UTC 2019 /home/travis/build/icyphy/ptII/ptolemy/actor/lib/hoc/test/auto/CaseString2.xml
----------------- Instantiating /home/travis/build/icyphy/ptII/ptolemy/actor/lib/hoc/test/auto/CaseString2.xml
25 ms. Memory: 147456K Free: 93861K (64%)
----------------- Invoking toplevel() on ptolemy.moml.MoMLSimpleApplication@3ffddddf
----------------- Done invoking toplevel() on ptolemy.moml.MoMLSimpleApplication@3ffddddf
reloadAllAccessors: .CaseString2

===========================================================================================
----------------- testing Wed Oct 30 06:10:05 UTC 2019 /home/travis/build/icyphy/ptII/ptolemy/actor/lib/hoc/test/auto/CatchUpComposite1.xml
----------------- Instantiating /home/travis/build/icyphy/ptII/ptolemy/actor/lib/hoc/test/auto/CatchUpComposite1.xml
76 ms. Memory: 147456K Free: 131680K (89%)
----------------- Invoking toplevel() on ptolemy.moml.MoMLSimpleApplication@b2f1cd9
----------------- Done invoking toplevel() on ptolemy.moml.MoMLSimpleApplication@b2f1cd9
reloadAllAccessors: .CatchUpComposite1

===========================================================================================
----------------- testing Wed Oct 30 06:10:05 UTC 2019 /home/travis/build/icyphy/ptII/ptolemy/actor/lib/hoc/test/auto/CatchUpComposite2.xml
----------------- Instantiating /home/travis/build/icyphy/ptII/ptolemy/actor/lib/hoc/test/auto/CatchUpComposite2.xml
25 ms. Memory: 147456K Free: 123588K (84%)
----------------- Invoking toplevel() on ptolemy.moml.MoMLSimpleApplication@6102ff1d
----------------- Done invoking toplevel() on ptolemy.moml.MoMLSimpleApplication@6102ff1d
reloadAllAccessors: .CatchUpComposite2

===========================================================================================
----------------- testing Wed Oct 30 06:10:05 UTC 2019 /home/travis/build/icyphy/ptII/ptolemy/actor/lib/hoc/test/auto/CatchUpComposite3.xml
----------------- Instantiating /home/travis/build/icyphy/ptII/ptolemy/actor/lib/hoc/test/auto/CatchUpComposite3.xml
32 ms. Memory: 147456K Free: 114966K (78%)
----------------- Invoking toplevel() on ptolemy.moml.MoMLSimpleApplication@31445b34
----------------- Done invoking toplevel() on ptolemy.moml.MoMLSimpleApplication@31445b34
reloadAllAccessors: .CatchUpComposite3

===========================================================================================
----------------- testing Wed Oct 30 06:10:05 UTC 2019 /home/travis/build/icyphy/ptII/ptolemy/actor/lib/hoc/test/auto/CatchUpComposite4.xml
----------------- Instantiating /home/travis/build/icyphy/ptII/ptolemy/actor/lib/hoc/test/auto/CatchUpComposite4.xml
14 ms. Memory: 147456K Free: 107180K (73%)
----------------- Invoking toplevel() on ptolemy.moml.MoMLSimpleApplication@70df4408
----------------- Done invoking toplevel() on ptolemy.moml.MoMLSimpleApplication@70df4408
reloadAllAccessors: .CatchUpComposite4

===========================================================================================
----------------- testing Wed Oct 30 06:10:05 UTC 2019 /home/travis/build/icyphy/ptII/ptolemy/actor/lib/hoc/test/auto/CatchUpComposite5.xml
----------------- Instantiating /home/travis/build/icyphy/ptII/ptolemy/actor/lib/hoc/test/auto/CatchUpComposite5.xml
13 ms. Memory: 147456K Free: 99611K (68%)
----------------- Invoking toplevel() on ptolemy.moml.MoMLSimpleApplication@21e75f8e
----------------- Done invoking toplevel() on ptolemy.moml.MoMLSimpleApplication@21e75f8e
reloadAllAccessors: .CatchUpComposite5

===========================================================================================
----------------- testing Wed Oct 30 06:10:05 UTC 2019 /home/travis/build/icyphy/ptII/ptolemy/actor/lib/hoc/test/auto/CatchUpComposite6.xml
----------------- Instantiating /home/travis/build/icyphy/ptII/ptolemy/actor/lib/hoc/test/auto/CatchUpComposite6.xml
WARNING: The execution aspects in this model can influence the timing of actors by delaying the 
execution, potentially changing the behavior. There is no guarantee that actors fire at the 
time they request to be fired. 
Use Ptides for deterministic DE behavior that is not influenced by execution aspects. 

98 ms. Memory: 147456K Free: 85553K (58%)
----------------- Invoking toplevel() on ptolemy.moml.MoMLSimpleApplication@584816d9
----------------- Done invoking toplevel() on ptolemy.moml.MoMLSimpleApplication@584816d9
reloadAllAccessors: .CatchUpComposite6

===========================================================================================
----------------- testing Wed Oct 30 06:10:05 UTC 2019 /home/travis/build/icyphy/ptII/ptolemy/actor/lib/hoc/test/auto/CatchUpComposite7.xml
----------------- Instantiating /home/travis/build/icyphy/ptII/ptolemy/actor/lib/hoc/test/auto/CatchUpComposite7.xml
WARNING: The execution aspects in this model can influence the timing of actors by delaying the 
execution, potentially changing the behavior. There is no guarantee that actors fire at the 
time they request to be fired. 
Use Ptides for deterministic DE behavior that is not influenced by execution aspects. 

20 ms. Memory: 147456K Free: 126910K (86%)
----------------- Invoking toplevel() on ptolemy.moml.MoMLSimpleApplication@2d705ea8
----------------- Done invoking toplevel() on ptolemy.moml.MoMLSimpleApplication@2d705ea8
reloadAllAccessors: .CatchUpComposite7

===========================================================================================
----------------- testing Wed Oct 30 06:10:05 UTC 2019 /home/travis/build/icyphy/ptII/ptolemy/actor/lib/hoc/test/auto/ConcurrentExecutionTimeSDF.xml
----------------- Instantiating /home/travis/build/icyphy/ptII/ptolemy/actor/lib/hoc/test/auto/ConcurrentExecutionTimeSDF.xml
Fired ExecutionTime: 40400000
Fired ExecutionTime: 40400000
Fired ExecutionTime: 40400000
Fired ExecutionTime: 40400000
Fired ExecutionTime: 40400000
Fired ExecutionTime: 40400000
Fired ExecutionTime: 40400000
Fired ExecutionTime: 40400000
Fired ExecutionTime: 40400000
Fired ExecutionTime: 40400000
Fired ExecutionTime: 40400000
Fired ExecutionTime: 40400000
Fired ExecutionTime: 40400000
Fired ExecutionTime: 40400000
Fired ExecutionTime: 40400000
Fired ExecutionTime: 40400000
Fired ExecutionTime: 40400000
Fired ExecutionTime: 40400000
Fired ExecutionTime: 40400000
Fired ExecutionTime: 40400000
1419 ms. Memory: 147456K Free: 120423K (82%)
----------------- Invoking toplevel() on ptolemy.moml.MoMLSimpleApplication@609992ea
----------------- Done invoking toplevel() on ptolemy.moml.MoMLSimpleApplication@609992ea
reloadAllAccessors: .ConcurrentExecutionTimeSDF

===========================================================================================
----------------- testing Wed Oct 30 06:10:07 UTC 2019 /home/travis/build/icyphy/ptII/ptolemy/actor/lib/hoc/test/auto/ConcurrentSleep.xml
----------------- Instantiating /home/travis/build/icyphy/ptII/ptolemy/actor/lib/hoc/test/auto/ConcurrentSleep.xml
731 ms. Memory: 147456K Free: 109845K (74%)
----------------- Invoking toplevel() on ptolemy.moml.MoMLSimpleApplication@78a5353e
----------------- Done invoking toplevel() on ptolemy.moml.MoMLSimpleApplication@78a5353e
reloadAllAccessors: .ConcurrentSleep

===========================================================================================
----------------- testing Wed Oct 30 06:10:08 UTC 2019 /home/travis/build/icyphy/ptII/ptolemy/actor/lib/hoc/test/auto/DEInPNInRunCompositeActor.xml
----------------- Instantiating /home/travis/build/icyphy/ptII/ptolemy/actor/lib/hoc/test/auto/DEInPNInRunCompositeActor.xml
14 ms. Memory: 147456K Free: 104382K (71%)
----------------- Invoking toplevel() on ptolemy.moml.MoMLSimpleApplication@5fea259d
----------------- Done invoking toplevel() on ptolemy.moml.MoMLSimpleApplication@5fea259d
reloadAllAccessors: .DEInPNInRunCompositeActor

===========================================================================================
----------------- testing Wed Oct 30 06:10:08 UTC 2019 /home/travis/build/icyphy/ptII/ptolemy/actor/lib/hoc/test/auto/DFTSubSetTest.xml
----------------- Instantiating /home/travis/build/icyphy/ptII/ptolemy/actor/lib/hoc/test/auto/DFTSubSetTest.xml
226 ms. Memory: 147456K Free: 129405K (88%)
----------------- Invoking toplevel() on ptolemy.moml.MoMLSimpleApplication@6fe5cd82
----------------- Done invoking toplevel() on ptolemy.moml.MoMLSimpleApplication@6fe5cd82
reloadAllAccessors: .DFTSubSetTest

===========================================================================================
----------------- testing Wed Oct 30 06:10:08 UTC 2019 /home/travis/build/icyphy/ptII/ptolemy/actor/lib/hoc/test/auto/HocDE.xml
----------------- Instantiating /home/travis/build/icyphy/ptII/ptolemy/actor/lib/hoc/test/auto/HocDE.xml
149 ms. Memory: 147456K Free: 104375K (71%)
----------------- Invoking toplevel() on ptolemy.moml.MoMLSimpleApplication@39124896
----------------- Done invoking toplevel() on ptolemy.moml.MoMLSimpleApplication@39124896
reloadAllAccessors: .HocDE

===========================================================================================
----------------- testing Wed Oct 30 06:10:08 UTC 2019 /home/travis/build/icyphy/ptII/ptolemy/actor/lib/hoc/test/auto/IterateOverArray.xml
----------------- Instantiating /home/travis/build/icyphy/ptII/ptolemy/actor/lib/hoc/test/auto/IterateOverArray.xml
7 ms. Memory: 147456K Free: 99886K (68%)
----------------- Invoking toplevel() on ptolemy.moml.MoMLSimpleApplication@75f35030
----------------- Done invoking toplevel() on ptolemy.moml.MoMLSimpleApplication@75f35030
reloadAllAccessors: .IterateOverArray

===========================================================================================
----------------- testing Wed Oct 30 06:10:08 UTC 2019 /home/travis/build/icyphy/ptII/ptolemy/actor/lib/hoc/test/auto/IterateOverArray10.xml
----------------- Instantiating /home/travis/build/icyphy/ptII/ptolemy/actor/lib/hoc/test/auto/IterateOverArray10.xml
7 ms. Memory: 147456K Free: 96564K (65%)
----------------- Invoking toplevel() on ptolemy.moml.MoMLSimpleApplication@6fef4c1b
----------------- Done invoking toplevel() on ptolemy.moml.MoMLSimpleApplication@6fef4c1b
reloadAllAccessors: .IterateOverArray10

===========================================================================================
----------------- testing Wed Oct 30 06:10:08 UTC 2019 /home/travis/build/icyphy/ptII/ptolemy/actor/lib/hoc/test/auto/IterateOverArray11.xml
----------------- Instantiating /home/travis/build/icyphy/ptII/ptolemy/actor/lib/hoc/test/auto/IterateOverArray11.xml
21 ms. Memory: 147456K Free: 92686K (63%)
----------------- Invoking toplevel() on ptolemy.moml.MoMLSimpleApplication@717331f7
----------------- Done invoking toplevel() on ptolemy.moml.MoMLSimpleApplication@717331f7
reloadAllAccessors: .IterateOverArray11

===========================================================================================
----------------- testing Wed Oct 30 06:10:08 UTC 2019 /home/travis/build/icyphy/ptII/ptolemy/actor/lib/hoc/test/auto/IterateOverArray12.xml
----------------- Instantiating /home/travis/build/icyphy/ptII/ptolemy/actor/lib/hoc/test/auto/IterateOverArray12.xml
25 ms. Memory: 147456K Free: 86588K (59%)
----------------- Invoking toplevel() on ptolemy.moml.MoMLSimpleApplication@721c48e0
----------------- Done invoking toplevel() on ptolemy.moml.MoMLSimpleApplication@721c48e0
reloadAllAccessors: .IterateOverArray12

===========================================================================================
----------------- testing Wed Oct 30 06:10:08 UTC 2019 /home/travis/build/icyphy/ptII/ptolemy/actor/lib/hoc/test/auto/IterateOverArray13.xml
----------------- Instantiating /home/travis/build/icyphy/ptII/ptolemy/actor/lib/hoc/test/auto/IterateOverArray13.xml
100 ms. Memory: 147456K Free: 60724K (41%)
----------------- Invoking toplevel() on ptolemy.moml.MoMLSimpleApplication@31d2acb4
----------------- Done invoking toplevel() on ptolemy.moml.MoMLSimpleApplication@31d2acb4
reloadAllAccessors: .IterateOverArray13

===========================================================================================
----------------- testing Wed Oct 30 06:10:09 UTC 2019 /home/travis/build/icyphy/ptII/ptolemy/actor/lib/hoc/test/auto/IterateOverArray14.xml
----------------- Instantiating /home/travis/build/icyphy/ptII/ptolemy/actor/lib/hoc/test/auto/IterateOverArray14.xml
77 ms. Memory: 147456K Free: 103314K (70%)
----------------- Invoking toplevel() on ptolemy.moml.MoMLSimpleApplication@3677f001
----------------- Done invoking toplevel() on ptolemy.moml.MoMLSimpleApplication@3677f001
reloadAllAccessors: .IterateOverArray14

===========================================================================================
----------------- testing Wed Oct 30 06:10:09 UTC 2019 /home/travis/build/icyphy/ptII/ptolemy/actor/lib/hoc/test/auto/IterateOverArray2.xml
----------------- Instantiating /home/travis/build/icyphy/ptII/ptolemy/actor/lib/hoc/test/auto/IterateOverArray2.xml
14 ms. Memory: 147456K Free: 98708K (67%)
----------------- Invoking toplevel() on ptolemy.moml.MoMLSimpleApplication@3a140778
----------------- Done invoking toplevel() on ptolemy.moml.MoMLSimpleApplication@3a140778
reloadAllAccessors: .IterateOverArray2

===========================================================================================
----------------- testing Wed Oct 30 06:10:09 UTC 2019 /home/travis/build/icyphy/ptII/ptolemy/actor/lib/hoc/test/auto/IterateOverArray3.xml
----------------- Instantiating /home/travis/build/icyphy/ptII/ptolemy/actor/lib/hoc/test/auto/IterateOverArray3.xml
11 ms. Memory: 147456K Free: 93074K (63%)
----------------- Invoking toplevel() on ptolemy.moml.MoMLSimpleApplication@4fb01785
----------------- Done invoking toplevel() on ptolemy.moml.MoMLSimpleApplication@4fb01785
reloadAllAccessors: .IterateOverArray3

===========================================================================================
----------------- testing Wed Oct 30 06:10:09 UTC 2019 /home/travis/build/icyphy/ptII/ptolemy/actor/lib/hoc/test/auto/IterateOverArray4.xml
----------------- Instantiating /home/travis/build/icyphy/ptII/ptolemy/actor/lib/hoc/test/auto/IterateOverArray4.xml
7 ms. Memory: 147456K Free: 88978K (60%)
----------------- Invoking toplevel() on ptolemy.moml.MoMLSimpleApplication@51bbe787
----------------- Done invoking toplevel() on ptolemy.moml.MoMLSimpleApplication@51bbe787
reloadAllAccessors: .IterateOverArray4

===========================================================================================
----------------- testing Wed Oct 30 06:10:09 UTC 2019 /home/travis/build/icyphy/ptII/ptolemy/actor/lib/hoc/test/auto/IterateOverArray5.xml
----------------- Instantiating /home/travis/build/icyphy/ptII/ptolemy/actor/lib/hoc/test/auto/IterateOverArray5.xml
5 ms. Memory: 147456K Free: 84882K (58%)
----------------- Invoking toplevel() on ptolemy.moml.MoMLSimpleApplication@4e112ec1
----------------- Done invoking toplevel() on ptolemy.moml.MoMLSimpleApplication@4e112ec1
reloadAllAccessors: .IterateOverArray5

===========================================================================================
----------------- testing Wed Oct 30 06:10:09 UTC 2019 /home/travis/build/icyphy/ptII/ptolemy/actor/lib/hoc/test/auto/IterateOverArray6.xml
----------------- Instantiating /home/travis/build/icyphy/ptII/ptolemy/actor/lib/hoc/test/auto/IterateOverArray6.xml
4 ms. Memory: 147456K Free: 81300K (55%)
----------------- Invoking toplevel() on ptolemy.moml.MoMLSimpleApplication@2c9878d2
----------------- Done invoking toplevel() on ptolemy.moml.MoMLSimpleApplication@2c9878d2
reloadAllAccessors: .IterateOverArray6

===========================================================================================
----------------- testing Wed Oct 30 06:10:09 UTC 2019 /home/travis/build/icyphy/ptII/ptolemy/actor/lib/hoc/test/auto/IterateOverArray7.xml
----------------- Instantiating /home/travis/build/icyphy/ptII/ptolemy/actor/lib/hoc/test/auto/IterateOverArray7.xml
6 ms. Memory: 147456K Free: 76690K (52%)
----------------- Invoking toplevel() on ptolemy.moml.MoMLSimpleApplication@536ebfab
----------------- Done invoking toplevel() on ptolemy.moml.MoMLSimpleApplication@536ebfab
reloadAllAccessors: .IterateOverArray7

===========================================================================================
----------------- testing Wed Oct 30 06:10:09 UTC 2019 /home/travis/build/icyphy/ptII/ptolemy/actor/lib/hoc/test/auto/IterateOverArray8.xml
----------------- Instantiating /home/travis/build/icyphy/ptII/ptolemy/actor/lib/hoc/test/auto/IterateOverArray8.xml
6 ms. Memory: 147456K Free: 72594K (49%)
----------------- Invoking toplevel() on ptolemy.moml.MoMLSimpleApplication@13623f75
----------------- Done invoking toplevel() on ptolemy.moml.MoMLSimpleApplication@13623f75
reloadAllAccessors: .IterateOverArray8

===========================================================================================
----------------- testing Wed Oct 30 06:10:09 UTC 2019 /home/travis/build/icyphy/ptII/ptolemy/actor/lib/hoc/test/auto/IterateOverArray9.xml
----------------- Instantiating /home/travis/build/icyphy/ptII/ptolemy/actor/lib/hoc/test/auto/IterateOverArray9.xml
10 ms. Memory: 147456K Free: 68498K (46%)
----------------- Invoking toplevel() on ptolemy.moml.MoMLSimpleApplication@6a81c33d
----------------- Done invoking toplevel() on ptolemy.moml.MoMLSimpleApplication@6a81c33d
reloadAllAccessors: .IterateOverArray9

===========================================================================================
----------------- testing Wed Oct 30 06:10:09 UTC 2019 /home/travis/build/icyphy/ptII/ptolemy/actor/lib/hoc/test/auto/IterateOverArrayCoercedOutputType.xml
----------------- Instantiating /home/travis/build/icyphy/ptII/ptolemy/actor/lib/hoc/test/auto/IterateOverArrayCoercedOutputType.xml
10 ms. Memory: 147456K Free: 63378K (43%)
----------------- Invoking toplevel() on ptolemy.moml.MoMLSimpleApplication@31f25b97
----------------- Done invoking toplevel() on ptolemy.moml.MoMLSimpleApplication@31f25b97
reloadAllAccessors: .IterateOverArrayCoercedOutputType

===========================================================================================
----------------- testing Wed Oct 30 06:10:09 UTC 2019 /home/travis/build/icyphy/ptII/ptolemy/actor/lib/hoc/test/auto/IterateOverArrayInferredOutputType.xml
----------------- Instantiating /home/travis/build/icyphy/ptII/ptolemy/actor/lib/hoc/test/auto/IterateOverArrayInferredOutputType.xml
16 ms. Memory: 147456K Free: 58772K (40%)
----------------- Invoking toplevel() on ptolemy.moml.MoMLSimpleApplication@24521f11
----------------- Done invoking toplevel() on ptolemy.moml.MoMLSimpleApplication@24521f11
reloadAllAccessors: .IterateOverArrayInferredOutputType

===========================================================================================
----------------- testing Wed Oct 30 06:10:09 UTC 2019 /home/travis/build/icyphy/ptII/ptolemy/actor/lib/hoc/test/auto/MobileFunctionTest.xml
----------------- Instantiating /home/travis/build/icyphy/ptII/ptolemy/actor/lib/hoc/test/auto/MobileFunctionTest.xml
4 ms. Memory: 147456K Free: 54148K (37%)
----------------- Invoking toplevel() on ptolemy.moml.MoMLSimpleApplication@9ad5458
----------------- Done invoking toplevel() on ptolemy.moml.MoMLSimpleApplication@9ad5458
reloadAllAccessors: .MobileFunctionTest

===========================================================================================
----------------- testing Wed Oct 30 06:10:09 UTC 2019 /home/travis/build/icyphy/ptII/ptolemy/actor/lib/hoc/test/auto/MobileModelTest.xml
----------------- Instantiating /home/travis/build/icyphy/ptII/ptolemy/actor/lib/hoc/test/auto/MobileModelTest.xml
149 ms. Memory: 147456K Free: 116339K (79%)
----------------- Invoking toplevel() on ptolemy.moml.MoMLSimpleApplication@435e905f
----------------- Done invoking toplevel() on ptolemy.moml.MoMLSimpleApplication@435e905f
reloadAllAccessors: .MobileModelTest

===========================================================================================
----------------- testing Wed Oct 30 06:10:10 UTC 2019 /home/travis/build/icyphy/ptII/ptolemy/actor/lib/hoc/test/auto/ModelReference.xml
----------------- Instantiating /home/travis/build/icyphy/ptII/ptolemy/actor/lib/hoc/test/auto/ModelReference.xml
2 ms. Memory: 147456K Free: 109685K (74%)
2 ms. Memory: 147456K Free: 109140K (74%)
2 ms. Memory: 147456K Free: 108132K (73%)
3 ms. Memory: 147456K Free: 107108K (73%)
1 ms. Memory: 147456K Free: 106613K (72%)
2 ms. Memory: 147456K Free: 105589K (72%)
2 ms. Memory: 147456K Free: 105044K (71%)
1 ms. Memory: 147456K Free: 104036K (71%)
3 ms. Memory: 147456K Free: 103012K (70%)
3 ms. Memory: 147456K Free: 102517K (70%)
37 ms. Memory: 147456K Free: 102517K (70%)
----------------- Invoking toplevel() on ptolemy.moml.MoMLSimpleApplication@32969c12
----------------- Done invoking toplevel() on ptolemy.moml.MoMLSimpleApplication@32969c12
reloadAllAccessors: .ModelReference

===========================================================================================
----------------- testing Wed Oct 30 06:10:10 UTC 2019 /home/travis/build/icyphy/ptII/ptolemy/actor/lib/hoc/test/auto/ModelReference3.xml
----------------- Instantiating /home/travis/build/icyphy/ptII/ptolemy/actor/lib/hoc/test/auto/ModelReference3.xml
2 ms. Memory: 147456K Free: 97892K (66%)
3 ms. Memory: 147456K Free: 97397K (66%)
1 ms. Memory: 147456K Free: 96373K (65%)
3 ms. Memory: 147456K Free: 95835K (65%)
2 ms. Memory: 147456K Free: 94828K (64%)
1 ms. Memory: 147456K Free: 93811K (64%)
3 ms. Memory: 147456K Free: 93301K (63%)
2 ms. Memory: 147456K Free: 92277K (63%)
2 ms. Memory: 147456K Free: 91763K (62%)
2 ms. Memory: 147456K Free: 90724K (62%)
30 ms. Memory: 147456K Free: 90724K (62%)
----------------- Invoking toplevel() on ptolemy.moml.MoMLSimpleApplication@49538d37
----------------- Done invoking toplevel() on ptolemy.moml.MoMLSimpleApplication@49538d37
reloadAllAccessors: .ModelReference3

===========================================================================================
----------------- testing Wed Oct 30 06:10:10 UTC 2019 /home/travis/build/icyphy/ptII/ptolemy/actor/lib/hoc/test/auto/ModelReference4.xml
----------------- Instantiating /home/travis/build/icyphy/ptII/ptolemy/actor/lib/hoc/test/auto/ModelReference4.xml
3 ms. Memory: 147456K Free: 86133K (58%)
4 ms. Memory: 147456K Free: 84564K (57%)
3 ms. Memory: 147456K Free: 83571K (57%)
2 ms. Memory: 147456K Free: 82037K (56%)
6 ms. Memory: 147456K Free: 81013K (55%)
6 ms. Memory: 147456K Free: 79989K (54%)
3 ms. Memory: 147456K Free: 78444K (53%)
6 ms. Memory: 147456K Free: 77412K (52%)
3 ms. Memory: 147456K Free: 75893K (51%)
3 ms. Memory: 147456K Free: 74869K (51%)
10022 ms. Memory: 147456K Free: 74869K (51%)
----------------- Invoking toplevel() on ptolemy.moml.MoMLSimpleApplication@31cd0480
----------------- Done invoking toplevel() on ptolemy.moml.MoMLSimpleApplication@31cd0480
reloadAllAccessors: .ModelReference4

===========================================================================================
----------------- testing Wed Oct 30 06:10:20 UTC 2019 /home/travis/build/icyphy/ptII/ptolemy/actor/lib/hoc/test/auto/MultiInstanceComposite.xml
----------------- Instantiating /home/travis/build/icyphy/ptII/ptolemy/actor/lib/hoc/test/auto/MultiInstanceComposite.xml
25 ms. Memory: 147456K Free: 55923K (38%)
----------------- Invoking toplevel() on ptolemy.moml.MoMLSimpleApplication@32179cf7
----------------- Done invoking toplevel() on ptolemy.moml.MoMLSimpleApplication@32179cf7
reloadAllAccessors: .MultiInstanceComposite

===========================================================================================
----------------- testing Wed Oct 30 06:10:20 UTC 2019 /home/travis/build/icyphy/ptII/ptolemy/actor/lib/hoc/test/auto/MultiInstanceComposite2.xml
----------------- Instantiating /home/travis/build/icyphy/ptII/ptolemy/actor/lib/hoc/test/auto/MultiInstanceComposite2.xml
37 ms. Memory: 147456K Free: 130465K (88%)
----------------- Invoking toplevel() on ptolemy.moml.MoMLSimpleApplication@102d6010
----------------- Done invoking toplevel() on ptolemy.moml.MoMLSimpleApplication@102d6010
reloadAllAccessors: .MultiInstanceComposite2

===========================================================================================
----------------- testing Wed Oct 30 06:10:20 UTC 2019 /home/travis/build/icyphy/ptII/ptolemy/actor/lib/hoc/test/auto/MulticoreExecution.xml
----------------- Instantiating /home/travis/build/icyphy/ptII/ptolemy/actor/lib/hoc/test/auto/MulticoreExecution.xml
Fired ExecutionTime: 3200000
Fired ExecutionTime: 2800000
Fired ExecutionTime: 2800000
Fired ExecutionTime: 2800000
Fired ExecutionTime: 3200000
Fired ExecutionTime: 2400000
Fired ExecutionTime: 2800000
Fired ExecutionTime: 2800000
Fired ExecutionTime: 2000000
Fired ExecutionTime: 4000000
Fired ExecutionTime: 2800000
Fired ExecutionTime: 2400000
Fired ExecutionTime: 3200000
Fired ExecutionTime: 2400000
Fired ExecutionTime: 3600000
Fired ExecutionTime: 2000000
Fired ExecutionTime: 1600000
Fired ExecutionTime: 4000000
Fired ExecutionTime: 84400000
Fired ExecutionTime: 49600000
1133 ms. Memory: 147456K Free: 121534K (82%)
----------------- Invoking toplevel() on ptolemy.moml.MoMLSimpleApplication@40b748f7
----------------- Done invoking toplevel() on ptolemy.moml.MoMLSimpleApplication@40b748f7
reloadAllAccessors: .MulticoreExecution

===========================================================================================
----------------- testing Wed Oct 30 06:10:21 UTC 2019 /home/travis/build/icyphy/ptII/ptolemy/actor/lib/hoc/test/auto/ParallelExecution.xml
----------------- Instantiating /home/travis/build/icyphy/ptII/ptolemy/actor/lib/hoc/test/auto/ParallelExecution.xml
914 ms. Memory: 147456K Free: 114364K (78%)
----------------- Invoking toplevel() on ptolemy.moml.MoMLSimpleApplication@2aafa4b6
----------------- Done invoking toplevel() on ptolemy.moml.MoMLSimpleApplication@2aafa4b6
reloadAllAccessors: .ParallelExecution

===========================================================================================
----------------- testing Wed Oct 30 06:10:22 UTC 2019 /home/travis/build/icyphy/ptII/ptolemy/actor/lib/hoc/test/auto/RunCompositeActor.xml
----------------- Instantiating /home/travis/build/icyphy/ptII/ptolemy/actor/lib/hoc/test/auto/RunCompositeActor.xml
11 ms. Memory: 147456K Free: 107324K (73%)
----------------- Invoking toplevel() on ptolemy.moml.MoMLSimpleApplication@70182766
----------------- Done invoking toplevel() on ptolemy.moml.MoMLSimpleApplication@70182766
reloadAllAccessors: .RunCompositeActor

===========================================================================================
----------------- testing Wed Oct 30 06:10:22 UTC 2019 /home/travis/build/icyphy/ptII/ptolemy/actor/lib/hoc/test/auto/RunCompositeActor2.xml
----------------- Instantiating /home/travis/build/icyphy/ptII/ptolemy/actor/lib/hoc/test/auto/RunCompositeActor2.xml
10 ms. Memory: 147456K Free: 101180K (69%)
----------------- Invoking toplevel() on ptolemy.moml.MoMLSimpleApplication@3460e81f
----------------- Done invoking toplevel() on ptolemy.moml.MoMLSimpleApplication@3460e81f
reloadAllAccessors: .RunCompositeActor2

===========================================================================================
----------------- testing Wed Oct 30 06:10:22 UTC 2019 /home/travis/build/icyphy/ptII/ptolemy/actor/lib/hoc/test/auto/RunCompositeActor3.xml
----------------- Instantiating /home/travis/build/icyphy/ptII/ptolemy/actor/lib/hoc/test/auto/RunCompositeActor3.xml
4 ms. Memory: 147456K Free: 95934K (65%)
----------------- Invoking toplevel() on ptolemy.moml.MoMLSimpleApplication@3996dd99
----------------- Done invoking toplevel() on ptolemy.moml.MoMLSimpleApplication@3996dd99
reloadAllAccessors: .RunCompositeActor3

===========================================================================================
----------------- testing Wed Oct 30 06:10:22 UTC 2019 /home/travis/build/icyphy/ptII/ptolemy/actor/lib/hoc/test/auto/RunCompositeActor4.xml
----------------- Instantiating /home/travis/build/icyphy/ptII/ptolemy/actor/lib/hoc/test/auto/RunCompositeActor4.xml
16 ms. Memory: 147456K Free: 87828K (60%)
----------------- Invoking toplevel() on ptolemy.moml.MoMLSimpleApplication@23a7340f
----------------- Done invoking toplevel() on ptolemy.moml.MoMLSimpleApplication@23a7340f
reloadAllAccessors: .RunCompositeActor4

===========================================================================================
----------------- testing Wed Oct 30 06:10:22 UTC 2019 /home/travis/build/icyphy/ptII/ptolemy/actor/lib/hoc/test/auto/RunCompositeIterateOverArray.xml
----------------- Instantiating /home/travis/build/icyphy/ptII/ptolemy/actor/lib/hoc/test/auto/RunCompositeIterateOverArray.xml
6 ms. Memory: 147456K Free: 81756K (55%)
----------------- Invoking toplevel() on ptolemy.moml.MoMLSimpleApplication@118db06a
----------------- Done invoking toplevel() on ptolemy.moml.MoMLSimpleApplication@118db06a
reloadAllAccessors: .RunCompositeIterateOverArray

===========================================================================================
----------------- testing Wed Oct 30 06:10:22 UTC 2019 /home/travis/build/icyphy/ptII/ptolemy/actor/lib/hoc/test/auto/ThreadedJS.xml
----------------- Instantiating /home/travis/build/icyphy/ptII/ptolemy/actor/lib/hoc/test/auto/ThreadedJS.xml
6395 ms. Memory: 212992K Free: 90821K (43%)
----------------- Invoking toplevel() on ptolemy.moml.MoMLSimpleApplication@659f64eb
----------------- Done invoking toplevel() on ptolemy.moml.MoMLSimpleApplication@659f64eb
reloadAllAccessors: .ThreadedJS
AutoTests.java: About to close Vertx.
AutoTests.java: Vertx closed.
]]></system-out>
  <system-err><![CDATA[java.lang.RuntimeException: Execution failed
	at ptolemy.moml.MoMLSimpleApplication$UnloadThread.run(MoMLSimpleApplication.java:402)
Caused by: ptolemy.kernel.util.IllegalActionException: initialize() was called after wrapup() was called but preinitialize() was not called after wrapup().
	at ptolemy.actor.lib.hoc.test.PreinitializeMustBeInvoked.initialize(PreinitializeMustBeInvoked.java:78)
	at ptolemy.actor.Director.initialize(Director.java:938)
	at ptolemy.actor.Director.initialize(Director.java:907)
	at ptolemy.actor.sched.StaticSchedulingDirector.initialize(StaticSchedulingDirector.java:159)
	at ptolemy.domains.sdf.kernel.SDFDirector.initialize(SDFDirector.java:544)
	at ptolemy.actor.CompositeActor.initialize(CompositeActor.java:935)
	at ptolemy.actor.lib.hoc.LifeCycleManager._executeInsideModel(LifeCycleManager.java:339)
	at ptolemy.actor.lib.hoc.RunCompositeActor.fire(RunCompositeActor.java:205)
	at ptolemy.actor.CompositeActor.iterate(CompositeActor.java:1146)
	at ptolemy.actor.sched.StaticSchedulingDirector.fire(StaticSchedulingDirector.java:216)
	at ptolemy.domains.sdf.kernel.SDFDirector.fire(SDFDirector.java:500)
	at ptolemy.actor.CompositeActor.fire(CompositeActor.java:455)
	at ptolemy.actor.Manager.iterate(Manager.java:851)
	at ptolemy.actor.Manager.execute(Manager.java:369)
	at ptolemy.actor.Manager.run(Manager.java:1263)
	at ptolemy.actor.Manager$PtolemyRunThread.run(Manager.java:1933)
java.lang.reflect.InvocationTargetException
	at java.base/jdk.internal.reflect.NativeConstructorAccessorImpl.newInstance0(Native Method)
	at java.base/jdk.internal.reflect.NativeConstructorAccessorImpl.newInstance(NativeConstructorAccessorImpl.java:62)
	at java.base/jdk.internal.reflect.DelegatingConstructorAccessorImpl.newInstance(DelegatingConstructorAccessorImpl.java:45)
	at java.base/java.lang.reflect.Constructor.newInstance(Constructor.java:490)
	at ptolemy.util.test.junit.AutoKnownFailedTests.RunModel(AutoKnownFailedTests.java:105)
	at java.base/jdk.internal.reflect.NativeMethodAccessorImpl.invoke0(Native Method)
	at java.base/jdk.internal.reflect.NativeMethodAccessorImpl.invoke(NativeMethodAccessorImpl.java:62)
	at java.base/jdk.internal.reflect.DelegatingMethodAccessorImpl.invoke(DelegatingMethodAccessorImpl.java:43)
	at java.base/java.lang.reflect.Method.invoke(Method.java:566)
	at org.junit.runners.model.FrameworkMethod$1.runReflectiveCall(FrameworkMethod.java:44)
	at org.junit.internal.runners.model.ReflectiveCallable.run(ReflectiveCallable.java:15)
	at org.junit.runners.model.FrameworkMethod.invokeExplosively(FrameworkMethod.java:41)
	at junitparams.internal.InvokeParameterisedMethod.evaluate(InvokeParameterisedMethod.java:102)
	at org.junit.internal.runners.statements.FailOnTimeout$1.run(FailOnTimeout.java:28)
Caused by: ptolemy.kernel.util.IllegalActionException: initialize() was called after wrapup() was called but preinitialize() was not called after wrapup().
	at ptolemy.actor.lib.hoc.test.PreinitializeMustBeInvoked.initialize(PreinitializeMustBeInvoked.java:78)
	at ptolemy.actor.Director.initialize(Director.java:938)
	at ptolemy.actor.Director.initialize(Director.java:907)
	at ptolemy.actor.sched.StaticSchedulingDirector.initialize(StaticSchedulingDirector.java:159)
	at ptolemy.domains.sdf.kernel.SDFDirector.initialize(SDFDirector.java:544)
	at ptolemy.actor.CompositeActor.initialize(CompositeActor.java:935)
	at ptolemy.actor.lib.hoc.LifeCycleManager._executeInsideModel(LifeCycleManager.java:339)
	at ptolemy.actor.lib.hoc.RunCompositeActor.fire(RunCompositeActor.java:205)
	at ptolemy.actor.CompositeActor.iterate(CompositeActor.java:1146)
	at ptolemy.actor.sched.StaticSchedulingDirector.fire(StaticSchedulingDirector.java:216)
	at ptolemy.domains.sdf.kernel.SDFDirector.fire(SDFDirector.java:500)
	at ptolemy.actor.CompositeActor.fire(CompositeActor.java:455)
	at ptolemy.actor.Manager.iterate(Manager.java:851)
	at ptolemy.actor.Manager.execute(Manager.java:369)
	at ptolemy.actor.Manager.run(Manager.java:1263)
	at ptolemy.actor.Manager$PtolemyRunThread.run(Manager.java:1933)
Warning: Nashorn engine is planned to be removed from a future JDK release
Warning: Nashorn engine is planned to be removed from a future JDK release
Warning: Nashorn engine is planned to be removed from a future JDK release
Warning: Nashorn engine is planned to be removed from a future JDK release
Warning: Nashorn engine is planned to be removed from a future JDK release
Warning: Nashorn engine is planned to be removed from a future JDK release
Warning: Nashorn engine is planned to be removed from a future JDK release
Warning: Nashorn engine is planned to be removed from a future JDK release
]]></system-err>
</testsuite>
