<?xml version="1.0" encoding="UTF-8" ?>
<testsuite errors="0" failures="0" hostname="travis-job-36151ef6-cc25-48a8-8bca-b66f69a29b09" name="ptolemy.domains.modal.test.junit.JUnitTclTest" skipped="0" tests="148" time="10.317" timestamp="2018-12-24T03:10:47">
  <properties>
[...]
</properties>
  <testcase classname="ptolemy.util.test.junit.TclTests" name="[0] /home/travis/build/icyphy/ptII/ptolemy/domains/modal/test/SystemLevelType.tcl (RunTclFile)" time="1.904" />
  <testcase classname="ptolemy.util.test.junit.AutoKnownFailedTests" name="[0] /home/travis/build/icyphy/ptII/ptolemy/domains/modal/test/auto/knownFailedTests/CannotAnalysisWithPreemption.xml (RunModel)" time="0.164" />
  <testcase classname="ptolemy.util.test.junit.AutoNameArchTests" name="[0] ThereAreNoAutoArchTests (RunModel)" time="0.01" />
  <testcase classname="ptolemy.util.test.junit.AutoTests" name="[0] /home/travis/build/icyphy/ptII/ptolemy/domains/modal/test/auto/ABPTest.xml (RunModel)" time="0.716" />
  <testcase classname="ptolemy.util.test.junit.AutoTests" name="[1] /home/travis/build/icyphy/ptII/ptolemy/domains/modal/test/auto/ABROFlat.xml (RunModel)" time="0.085" />
  <testcase classname="ptolemy.util.test.junit.AutoTests" name="[2] /home/travis/build/icyphy/ptII/ptolemy/domains/modal/test/auto/ABROFlat2.xml (RunModel)" time="0.088" />
  <testcase classname="ptolemy.util.test.junit.AutoTests" name="[3] /home/travis/build/icyphy/ptII/ptolemy/domains/modal/test/auto/ABRO_present_hmm.xml (RunModel)" time="0.155" />
  <testcase classname="ptolemy.util.test.junit.AutoTests" name="[4] /home/travis/build/icyphy/ptII/ptolemy/domains/modal/test/auto/AMICoderExample.xml (RunModel)" time="0.055" />
  <testcase classname="ptolemy.util.test.junit.AutoTests" name="[5] /home/travis/build/icyphy/ptII/ptolemy/domains/modal/test/auto/AbsentToPresent.xml (RunModel)" time="0.019" />
  <testcase classname="ptolemy.util.test.junit.AutoTests" name="[6] /home/travis/build/icyphy/ptII/ptolemy/domains/modal/test/auto/Blending.xml (RunModel)" time="0.271" />
  <testcase classname="ptolemy.util.test.junit.AutoTests" name="[7] /home/travis/build/icyphy/ptII/ptolemy/domains/modal/test/auto/Broadcast.xml (RunModel)" time="0.056" />
  <testcase classname="ptolemy.util.test.junit.AutoTests" name="[8] /home/travis/build/icyphy/ptII/ptolemy/domains/modal/test/auto/BroadcastHierarchy.xml (RunModel)" time="0.079" />
  <testcase classname="ptolemy.util.test.junit.AutoTests" name="[9] /home/travis/build/icyphy/ptII/ptolemy/domains/modal/test/auto/BroadcastHierarchy2.xml (RunModel)" time="0.118" />
  <testcase classname="ptolemy.util.test.junit.AutoTests" name="[10] /home/travis/build/icyphy/ptII/ptolemy/domains/modal/test/auto/BroadcastHierarchy3.xml (RunModel)" time="0.11" />
  <testcase classname="ptolemy.util.test.junit.AutoTests" name="[11] /home/travis/build/icyphy/ptII/ptolemy/domains/modal/test/auto/BroadcastHierarchy4.xml (RunModel)" time="0.101" />
  <testcase classname="ptolemy.util.test.junit.AutoTests" name="[12] /home/travis/build/icyphy/ptII/ptolemy/domains/modal/test/auto/CannotAnalysisWithPreemption2.xml (RunModel)" time="0.033" />
  <testcase classname="ptolemy.util.test.junit.AutoTests" name="[13] /home/travis/build/icyphy/ptII/ptolemy/domains/modal/test/auto/CannotAnalysisWithPreemption3.xml (RunModel)" time="0.045" />
  <testcase classname="ptolemy.util.test.junit.AutoTests" name="[14] /home/travis/build/icyphy/ptII/ptolemy/domains/modal/test/auto/CannotProduce.xml (RunModel)" time="0.044" />
  <testcase classname="ptolemy.util.test.junit.AutoTests" name="[15] /home/travis/build/icyphy/ptII/ptolemy/domains/modal/test/auto/CannotProduceModal.xml (RunModel)" time="0.031" />
  <testcase classname="ptolemy.util.test.junit.AutoTests" name="[16] /home/travis/build/icyphy/ptII/ptolemy/domains/modal/test/auto/Case.xml (RunModel)" time="0.079" />
  <testcase classname="ptolemy.util.test.junit.AutoTests" name="[17] /home/travis/build/icyphy/ptII/ptolemy/domains/modal/test/auto/Case1.xml (RunModel)" time="0.039" />
  <testcase classname="ptolemy.util.test.junit.AutoTests" name="[18] /home/travis/build/icyphy/ptII/ptolemy/domains/modal/test/auto/Case2.xml (RunModel)" time="0.065" />
  <testcase classname="ptolemy.util.test.junit.AutoTests" name="[19] /home/travis/build/icyphy/ptII/ptolemy/domains/modal/test/auto/CausalityInterface1.xml (RunModel)" time="0.027" />
  <testcase classname="ptolemy.util.test.junit.AutoTests" name="[20] /home/travis/build/icyphy/ptII/ptolemy/domains/modal/test/auto/CausalityInterface10.xml (RunModel)" time="0.055" />
  <testcase classname="ptolemy.util.test.junit.AutoTests" name="[21] /home/travis/build/icyphy/ptII/ptolemy/domains/modal/test/auto/CausalityInterface11.xml (RunModel)" time="0.059" />
  <testcase classname="ptolemy.util.test.junit.AutoTests" name="[22] /home/travis/build/icyphy/ptII/ptolemy/domains/modal/test/auto/CausalityInterface12.xml (RunModel)" time="0.052" />
  <testcase classname="ptolemy.util.test.junit.AutoTests" name="[23] /home/travis/build/icyphy/ptII/ptolemy/domains/modal/test/auto/CausalityInterface13.xml (RunModel)" time="0.06" />
  <testcase classname="ptolemy.util.test.junit.AutoTests" name="[24] /home/travis/build/icyphy/ptII/ptolemy/domains/modal/test/auto/CausalityInterface14.xml (RunModel)" time="0.049" />
  <testcase classname="ptolemy.util.test.junit.AutoTests" name="[25] /home/travis/build/icyphy/ptII/ptolemy/domains/modal/test/auto/CausalityInterface2.xml (RunModel)" time="0.028" />
  <testcase classname="ptolemy.util.test.junit.AutoTests" name="[26] /home/travis/build/icyphy/ptII/ptolemy/domains/modal/test/auto/CausalityInterface3.xml (RunModel)" time="0.053" />
  <testcase classname="ptolemy.util.test.junit.AutoTests" name="[27] /home/travis/build/icyphy/ptII/ptolemy/domains/modal/test/auto/CausalityInterface4.xml (RunModel)" time="0.02" />
  <testcase classname="ptolemy.util.test.junit.AutoTests" name="[28] /home/travis/build/icyphy/ptII/ptolemy/domains/modal/test/auto/CausalityInterface5.xml (RunModel)" time="0.038" />
  <testcase classname="ptolemy.util.test.junit.AutoTests" name="[29] /home/travis/build/icyphy/ptII/ptolemy/domains/modal/test/auto/CausalityInterface6.xml (RunModel)" time="0.039" />
  <testcase classname="ptolemy.util.test.junit.AutoTests" name="[30] /home/travis/build/icyphy/ptII/ptolemy/domains/modal/test/auto/CausalityInterface7.xml (RunModel)" time="0.036" />
  <testcase classname="ptolemy.util.test.junit.AutoTests" name="[31] /home/travis/build/icyphy/ptII/ptolemy/domains/modal/test/auto/CausalityInterface8.xml (RunModel)" time="0.039" />
  <testcase classname="ptolemy.util.test.junit.AutoTests" name="[32] /home/travis/build/icyphy/ptII/ptolemy/domains/modal/test/auto/CausalityInterface9.xml (RunModel)" time="0.029" />
  <testcase classname="ptolemy.util.test.junit.AutoTests" name="[33] /home/travis/build/icyphy/ptII/ptolemy/domains/modal/test/auto/ChainedTransitions.xml (RunModel)" time="0.148" />
  <testcase classname="ptolemy.util.test.junit.AutoTests" name="[34] /home/travis/build/icyphy/ptII/ptolemy/domains/modal/test/auto/CycleOfImmediateTransitionsFSM.xml (RunModel)" time="0.023" />
  <testcase classname="ptolemy.util.test.junit.AutoTests" name="[35] /home/travis/build/icyphy/ptII/ptolemy/domains/modal/test/auto/CycleOfImmediateTransitionsModal.xml (RunModel)" time="0.033" />
  <testcase classname="ptolemy.util.test.junit.AutoTests" name="[36] /home/travis/build/icyphy/ptII/ptolemy/domains/modal/test/auto/CycleOfImmediateTransitionsModal2.xml (RunModel)" time="0.036" />
  <testcase classname="ptolemy.util.test.junit.AutoTests" name="[37] /home/travis/build/icyphy/ptII/ptolemy/domains/modal/test/auto/CycleOfImmediateTransitionsModal3.xml (RunModel)" time="0.076" />
  <testcase classname="ptolemy.util.test.junit.AutoTests" name="[38] /home/travis/build/icyphy/ptII/ptolemy/domains/modal/test/auto/DeepModal1.xml (RunModel)" time="0.057" />
  <testcase classname="ptolemy.util.test.junit.AutoTests" name="[39] /home/travis/build/icyphy/ptII/ptolemy/domains/modal/test/auto/DeepModal2.xml (RunModel)" time="0.066" />
  <testcase classname="ptolemy.util.test.junit.AutoTests" name="[40] /home/travis/build/icyphy/ptII/ptolemy/domains/modal/test/auto/DeepModal3.xml (RunModel)" time="0.064" />
  <testcase classname="ptolemy.util.test.junit.AutoTests" name="[41] /home/travis/build/icyphy/ptII/ptolemy/domains/modal/test/auto/DeepModal4.xml (RunModel)" time="0.076" />
  <testcase classname="ptolemy.util.test.junit.AutoTests" name="[42] /home/travis/build/icyphy/ptII/ptolemy/domains/modal/test/auto/Default1.xml (RunModel)" time="0.022" />
  <testcase classname="ptolemy.util.test.junit.AutoTests" name="[43] /home/travis/build/icyphy/ptII/ptolemy/domains/modal/test/auto/Default2.xml (RunModel)" time="0.021" />
  <testcase classname="ptolemy.util.test.junit.AutoTests" name="[44] /home/travis/build/icyphy/ptII/ptolemy/domains/modal/test/auto/Default3.xml (RunModel)" time="0.027" />
  <testcase classname="ptolemy.util.test.junit.AutoTests" name="[45] /home/travis/build/icyphy/ptII/ptolemy/domains/modal/test/auto/Default4.xml (RunModel)" time="0.034" />
  <testcase classname="ptolemy.util.test.junit.AutoTests" name="[46] /home/travis/build/icyphy/ptII/ptolemy/domains/modal/test/auto/Default5.xml (RunModel)" time="0.03" />
  <testcase classname="ptolemy.util.test.junit.AutoTests" name="[47] /home/travis/build/icyphy/ptII/ptolemy/domains/modal/test/auto/EmptyGuard.xml (RunModel)" time="0.034" />
  <testcase classname="ptolemy.util.test.junit.AutoTests" name="[48] /home/travis/build/icyphy/ptII/ptolemy/domains/modal/test/auto/ErrorTransition1.xml (RunModel)" time="0.025" />
  <testcase classname="ptolemy.util.test.junit.AutoTests" name="[49] /home/travis/build/icyphy/ptII/ptolemy/domains/modal/test/auto/ErrorTransition10.xml (RunModel)" time="0.038" />
  <testcase classname="ptolemy.util.test.junit.AutoTests" name="[50] /home/travis/build/icyphy/ptII/ptolemy/domains/modal/test/auto/ErrorTransition11.xml (RunModel)" time="0.037" />
  <testcase classname="ptolemy.util.test.junit.AutoTests" name="[51] /home/travis/build/icyphy/ptII/ptolemy/domains/modal/test/auto/ErrorTransition2.xml (RunModel)" time="0.023" />
  <testcase classname="ptolemy.util.test.junit.AutoTests" name="[52] /home/travis/build/icyphy/ptII/ptolemy/domains/modal/test/auto/ErrorTransition3.xml (RunModel)" time="0.026" />
  <testcase classname="ptolemy.util.test.junit.AutoTests" name="[53] /home/travis/build/icyphy/ptII/ptolemy/domains/modal/test/auto/ErrorTransition4.xml (RunModel)" time="0.026" />
  <testcase classname="ptolemy.util.test.junit.AutoTests" name="[54] /home/travis/build/icyphy/ptII/ptolemy/domains/modal/test/auto/ErrorTransition5.xml (RunModel)" time="0.025" />
  <testcase classname="ptolemy.util.test.junit.AutoTests" name="[55] /home/travis/build/icyphy/ptII/ptolemy/domains/modal/test/auto/ErrorTransition6.xml (RunModel)" time="0.028" />
  <testcase classname="ptolemy.util.test.junit.AutoTests" name="[56] /home/travis/build/icyphy/ptII/ptolemy/domains/modal/test/auto/ErrorTransition7.xml (RunModel)" time="0.04" />
  <testcase classname="ptolemy.util.test.junit.AutoTests" name="[57] /home/travis/build/icyphy/ptII/ptolemy/domains/modal/test/auto/ErrorTransition8.xml (RunModel)" time="0.061" />
  <testcase classname="ptolemy.util.test.junit.AutoTests" name="[58] /home/travis/build/icyphy/ptII/ptolemy/domains/modal/test/auto/ErrorTransition9.xml (RunModel)" time="0.035" />
  <testcase classname="ptolemy.util.test.junit.AutoTests" name="[59] /home/travis/build/icyphy/ptII/ptolemy/domains/modal/test/auto/ExtendedFSM.xml (RunModel)" time="0.024" />
  <testcase classname="ptolemy.util.test.junit.AutoTests" name="[60] /home/travis/build/icyphy/ptII/ptolemy/domains/modal/test/auto/FinalStates.xml (RunModel)" time="0.021" />
  <testcase classname="ptolemy.util.test.junit.AutoTests" name="[61] /home/travis/build/icyphy/ptII/ptolemy/domains/modal/test/auto/FixedPointFSM.xml (RunModel)" time="0.04" />
  <testcase classname="ptolemy.util.test.junit.AutoTests" name="[62] /home/travis/build/icyphy/ptII/ptolemy/domains/modal/test/auto/FixedPointIterationFSMActor.xml (RunModel)" time="0.028" />
  <testcase classname="ptolemy.util.test.junit.AutoTests" name="[63] /home/travis/build/icyphy/ptII/ptolemy/domains/modal/test/auto/FixedPointIterationFSMActor2.xml (RunModel)" time="0.034" />
  <testcase classname="ptolemy.util.test.junit.AutoTests" name="[64] /home/travis/build/icyphy/ptII/ptolemy/domains/modal/test/auto/ForbiddenInstantanousLoop.xml (RunModel)" time="0.026" />
  <testcase classname="ptolemy.util.test.junit.AutoTests" name="[65] /home/travis/build/icyphy/ptII/ptolemy/domains/modal/test/auto/FunctionDependencyOfFSMActorTest.xml (RunModel)" time="0.019" />
  <testcase classname="ptolemy.util.test.junit.AutoTests" name="[66] /home/travis/build/icyphy/ptII/ptolemy/domains/modal/test/auto/GuardExpression.xml (RunModel)" time="0.018" />
  <testcase classname="ptolemy.util.test.junit.AutoTests" name="[67] /home/travis/build/icyphy/ptII/ptolemy/domains/modal/test/auto/GuardNotEvaluated.xml (RunModel)" time="0.021" />
  <testcase classname="ptolemy.util.test.junit.AutoTests" name="[68] /home/travis/build/icyphy/ptII/ptolemy/domains/modal/test/auto/GuardNotEvaluated2.xml (RunModel)" time="0.024" />
  <testcase classname="ptolemy.util.test.junit.AutoTests" name="[69] /home/travis/build/icyphy/ptII/ptolemy/domains/modal/test/auto/GuardOnAbsent.xml (RunModel)" time="0.025" />
  <testcase classname="ptolemy.util.test.junit.AutoTests" name="[70] /home/travis/build/icyphy/ptII/ptolemy/domains/modal/test/auto/HierarchicalFSMTypeInference.xml (RunModel)" time="0.062" />
  <testcase classname="ptolemy.util.test.junit.AutoTests" name="[71] /home/travis/build/icyphy/ptII/ptolemy/domains/modal/test/auto/Hysteresis.xml (RunModel)" time="0.08" />
  <testcase classname="ptolemy.util.test.junit.AutoTests" name="[72] /home/travis/build/icyphy/ptII/ptolemy/domains/modal/test/auto/HysteresisWithDefault.xml (RunModel)" time="0.071" />
  <testcase classname="ptolemy.util.test.junit.AutoTests" name="[73] /home/travis/build/icyphy/ptII/ptolemy/domains/modal/test/auto/HysteresisWithDefault2.xml (RunModel)" time="0.072" />
  <testcase classname="ptolemy.util.test.junit.AutoTests" name="[74] /home/travis/build/icyphy/ptII/ptolemy/domains/modal/test/auto/ImmediateNonConstructiveness.xml (RunModel)" time="0.018" />
  <testcase classname="ptolemy.util.test.junit.AutoTests" name="[75] /home/travis/build/icyphy/ptII/ptolemy/domains/modal/test/auto/ImmediateNonConstructiveness2.xml (RunModel)" time="0.018" />
  <testcase classname="ptolemy.util.test.junit.AutoTests" name="[76] /home/travis/build/icyphy/ptII/ptolemy/domains/modal/test/auto/ImmediateTransitionReset.xml (RunModel)" time="0.032" />
  <testcase classname="ptolemy.util.test.junit.AutoTests" name="[77] /home/travis/build/icyphy/ptII/ptolemy/domains/modal/test/auto/ImmediateTransitions1.xml (RunModel)" time="0.019" />
  <testcase classname="ptolemy.util.test.junit.AutoTests" name="[78] /home/travis/build/icyphy/ptII/ptolemy/domains/modal/test/auto/ImmediateTransitionsInstantaneousCommunication.xml (RunModel)" time="0.037" />
  <testcase classname="ptolemy.util.test.junit.AutoTests" name="[79] /home/travis/build/icyphy/ptII/ptolemy/domains/modal/test/auto/InitialImmediateTransition.xml (RunModel)" time="0.017" />
  <testcase classname="ptolemy.util.test.junit.AutoTests" name="[80] /home/travis/build/icyphy/ptII/ptolemy/domains/modal/test/auto/InitialOutputs.xml (RunModel)" time="0.015" />
  <testcase classname="ptolemy.util.test.junit.AutoTests" name="[81] /home/travis/build/icyphy/ptII/ptolemy/domains/modal/test/auto/InitialStateTransition1.xml (RunModel)" time="0.025" />
  <testcase classname="ptolemy.util.test.junit.AutoTests" name="[82] /home/travis/build/icyphy/ptII/ptolemy/domains/modal/test/auto/InitialStateTransition2.xml (RunModel)" time="0.021" />
  <testcase classname="ptolemy.util.test.junit.AutoTests" name="[83] /home/travis/build/icyphy/ptII/ptolemy/domains/modal/test/auto/InitialStateTransition3.xml (RunModel)" time="0.028" />
  <testcase classname="ptolemy.util.test.junit.AutoTests" name="[84] /home/travis/build/icyphy/ptII/ptolemy/domains/modal/test/auto/InitialStateTransition4.xml (RunModel)" time="0.028" />
  <testcase classname="ptolemy.util.test.junit.AutoTests" name="[85] /home/travis/build/icyphy/ptII/ptolemy/domains/modal/test/auto/MalformedGuardExpressionNotCaught.xml (RunModel)" time="0.017" />
  <testcase classname="ptolemy.util.test.junit.AutoTests" name="[86] /home/travis/build/icyphy/ptII/ptolemy/domains/modal/test/auto/ModalBSC.xml (RunModel)" time="0.071" />
  <testcase classname="ptolemy.util.test.junit.AutoTests" name="[87] /home/travis/build/icyphy/ptII/ptolemy/domains/modal/test/auto/ModalClocks.xml (RunModel)" time="0.07" />
  <testcase classname="ptolemy.util.test.junit.AutoTests" name="[88] /home/travis/build/icyphy/ptII/ptolemy/domains/modal/test/auto/ModalDelay.xml (RunModel)" time="0.042" />
  <testcase classname="ptolemy.util.test.junit.AutoTests" name="[89] /home/travis/build/icyphy/ptII/ptolemy/domains/modal/test/auto/ModalDelay2.xml (RunModel)" time="0.04" />
  <testcase classname="ptolemy.util.test.junit.AutoTests" name="[90] /home/travis/build/icyphy/ptII/ptolemy/domains/modal/test/auto/ModalModelFromMemo.xml (RunModel)" time="0.07" />
  <testcase classname="ptolemy.util.test.junit.AutoTests" name="[91] /home/travis/build/icyphy/ptII/ptolemy/domains/modal/test/auto/ModalModelWithMultirateTransient.xml (RunModel)" time="0.04" />
  <testcase classname="ptolemy.util.test.junit.AutoTests" name="[92] /home/travis/build/icyphy/ptII/ptolemy/domains/modal/test/auto/ModalModelWithReset.xml (RunModel)" time="0.033" />
  <testcase classname="ptolemy.util.test.junit.AutoTests" name="[93] /home/travis/build/icyphy/ptII/ptolemy/domains/modal/test/auto/MouseClickFSM.xml (RunModel)" time="0.036" />
  <testcase classname="ptolemy.util.test.junit.AutoTests" name="[94] /home/travis/build/icyphy/ptII/ptolemy/domains/modal/test/auto/MouseClickFSMModal.xml (RunModel)" time="0.03" />
  <testcase classname="ptolemy.util.test.junit.AutoTests" name="[95] /home/travis/build/icyphy/ptII/ptolemy/domains/modal/test/auto/NonStrictFSM_FeedbackLoop.xml (RunModel)" time="0.046" />
  <testcase classname="ptolemy.util.test.junit.AutoTests" name="[96] /home/travis/build/icyphy/ptII/ptolemy/domains/modal/test/auto/NonStrictFSM_FeedbackLoop_Refinement.xml (RunModel)" time="0.054" />
  <testcase classname="ptolemy.util.test.junit.AutoTests" name="[97] /home/travis/build/icyphy/ptII/ptolemy/domains/modal/test/auto/NonStrictFSM_FeedbackLoop_preemptive.xml (RunModel)" time="0.041" />
  <testcase classname="ptolemy.util.test.junit.AutoTests" name="[98] /home/travis/build/icyphy/ptII/ptolemy/domains/modal/test/auto/NormalTermination.xml (RunModel)" time="0.047" />
  <testcase classname="ptolemy.util.test.junit.AutoTests" name="[99] /home/travis/build/icyphy/ptII/ptolemy/domains/modal/test/auto/Pong.xml (RunModel)" time="0.048" />
  <testcase classname="ptolemy.util.test.junit.AutoTests" name="[100] /home/travis/build/icyphy/ptII/ptolemy/domains/modal/test/auto/Pong_test.xml (RunModel)" time="0.088" />
  <testcase classname="ptolemy.util.test.junit.AutoTests" name="[101] /home/travis/build/icyphy/ptII/ptolemy/domains/modal/test/auto/PreemptionHierarchy.xml (RunModel)" time="0.023" />
  <testcase classname="ptolemy.util.test.junit.AutoTests" name="[102] /home/travis/build/icyphy/ptII/ptolemy/domains/modal/test/auto/PreemptionHierarchy2.xml (RunModel)" time="0.029" />
  <testcase classname="ptolemy.util.test.junit.AutoTests" name="[103] /home/travis/build/icyphy/ptII/ptolemy/domains/modal/test/auto/PreemptiveTransition.xml (RunModel)" time="0.021" />
  <testcase classname="ptolemy.util.test.junit.AutoTests" name="[104] /home/travis/build/icyphy/ptII/ptolemy/domains/modal/test/auto/Priorities.xml (RunModel)" time="0.074" />
  <testcase classname="ptolemy.util.test.junit.AutoTests" name="[105] /home/travis/build/icyphy/ptII/ptolemy/domains/modal/test/auto/ResetFinal.xml (RunModel)" time="0.037" />
  <testcase classname="ptolemy.util.test.junit.AutoTests" name="[106] /home/travis/build/icyphy/ptII/ptolemy/domains/modal/test/auto/ResetFinal2.xml (RunModel)" time="0.03" />
  <testcase classname="ptolemy.util.test.junit.AutoTests" name="[107] /home/travis/build/icyphy/ptII/ptolemy/domains/modal/test/auto/ResetTransitionWithStartTime.xml (RunModel)" time="0.031" />
  <testcase classname="ptolemy.util.test.junit.AutoTests" name="[108] /home/travis/build/icyphy/ptII/ptolemy/domains/modal/test/auto/SDF-FSMComposite.xml (RunModel)" time="0.024" />
  <testcase classname="ptolemy.util.test.junit.AutoTests" name="[109] /home/travis/build/icyphy/ptII/ptolemy/domains/modal/test/auto/SeeminglyNondeterminate.xml (RunModel)" time="0.07" />
  <testcase classname="ptolemy.util.test.junit.AutoTests" name="[110] /home/travis/build/icyphy/ptII/ptolemy/domains/modal/test/auto/SeeminglyNondeterminate2.xml (RunModel)" time="0.071" />
  <testcase classname="ptolemy.util.test.junit.AutoTests" name="[111] /home/travis/build/icyphy/ptII/ptolemy/domains/modal/test/auto/SpontaneousFSM.xml (RunModel)" time="0.048" />
  <testcase classname="ptolemy.util.test.junit.AutoTests" name="[112] /home/travis/build/icyphy/ptII/ptolemy/domains/modal/test/auto/SpontaneousFSM2.xml (RunModel)" time="0.03" />
  <testcase classname="ptolemy.util.test.junit.AutoTests" name="[113] /home/travis/build/icyphy/ptII/ptolemy/domains/modal/test/auto/SpontaneousFSM3.xml (RunModel)" time="0.044" />
  <testcase classname="ptolemy.util.test.junit.AutoTests" name="[114] /home/travis/build/icyphy/ptII/ptolemy/domains/modal/test/auto/SpontaneousFSM4.xml (RunModel)" time="0.039" />
  <testcase classname="ptolemy.util.test.junit.AutoTests" name="[115] /home/travis/build/icyphy/ptII/ptolemy/domains/modal/test/auto/StateTrackerTest.xml (RunModel)" time="0.046" />
  <testcase classname="ptolemy.util.test.junit.AutoTests" name="[116] /home/travis/build/icyphy/ptII/ptolemy/domains/modal/test/auto/StrongImmediateTransition.xml (RunModel)" time="0.03" />
  <testcase classname="ptolemy.util.test.junit.AutoTests" name="[117] /home/travis/build/icyphy/ptII/ptolemy/domains/modal/test/auto/SustainHierarchy.xml (RunModel)" time="0.032" />
  <testcase classname="ptolemy.util.test.junit.AutoTests" name="[118] /home/travis/build/icyphy/ptII/ptolemy/domains/modal/test/auto/TerminationTransition1.xml (RunModel)" time="0.029" />
  <testcase classname="ptolemy.util.test.junit.AutoTests" name="[119] /home/travis/build/icyphy/ptII/ptolemy/domains/modal/test/auto/TerminationTransition2.xml (RunModel)" time="0.028" />
  <testcase classname="ptolemy.util.test.junit.AutoTests" name="[120] /home/travis/build/icyphy/ptII/ptolemy/domains/modal/test/auto/TerminationTransition3.xml (RunModel)" time="0.026" />
  <testcase classname="ptolemy.util.test.junit.AutoTests" name="[121] /home/travis/build/icyphy/ptII/ptolemy/domains/modal/test/auto/TerminationTransition4.xml (RunModel)" time="0.038" />
  <testcase classname="ptolemy.util.test.junit.AutoTests" name="[122] /home/travis/build/icyphy/ptII/ptolemy/domains/modal/test/auto/TerminationTransition5.xml (RunModel)" time="0.036" />
  <testcase classname="ptolemy.util.test.junit.AutoTests" name="[123] /home/travis/build/icyphy/ptII/ptolemy/domains/modal/test/auto/TerminationTransition6.xml (RunModel)" time="0.034" />
  <testcase classname="ptolemy.util.test.junit.AutoTests" name="[124] /home/travis/build/icyphy/ptII/ptolemy/domains/modal/test/auto/TerminationTransition7.xml (RunModel)" time="0.022" />
  <testcase classname="ptolemy.util.test.junit.AutoTests" name="[125] /home/travis/build/icyphy/ptII/ptolemy/domains/modal/test/auto/TerminationTransition8.xml (RunModel)" time="0.058" />
  <testcase classname="ptolemy.util.test.junit.AutoTests" name="[126] /home/travis/build/icyphy/ptII/ptolemy/domains/modal/test/auto/Thermostat_NoHysteresis.xml (RunModel)" time="0.113" />
  <testcase classname="ptolemy.util.test.junit.AutoTests" name="[127] /home/travis/build/icyphy/ptII/ptolemy/domains/modal/test/auto/TimedFSM.xml (RunModel)" time="0.037" />
  <testcase classname="ptolemy.util.test.junit.AutoTests" name="[128] /home/travis/build/icyphy/ptII/ptolemy/domains/modal/test/auto/Timeout1.xml (RunModel)" time="0.016" />
  <testcase classname="ptolemy.util.test.junit.AutoTests" name="[129] /home/travis/build/icyphy/ptII/ptolemy/domains/modal/test/auto/Timeout2.xml (RunModel)" time="0.021" />
  <testcase classname="ptolemy.util.test.junit.AutoTests" name="[130] /home/travis/build/icyphy/ptII/ptolemy/domains/modal/test/auto/Timeout3.xml (RunModel)" time="0.012" />
  <testcase classname="ptolemy.util.test.junit.AutoTests" name="[131] /home/travis/build/icyphy/ptII/ptolemy/domains/modal/test/auto/Timeout4.xml (RunModel)" time="0.012" />
  <testcase classname="ptolemy.util.test.junit.AutoTests" name="[132] /home/travis/build/icyphy/ptII/ptolemy/domains/modal/test/auto/TransientstateModelAdvanced.xml (RunModel)" time="0.027" />
  <testcase classname="ptolemy.util.test.junit.AutoTests" name="[133] /home/travis/build/icyphy/ptII/ptolemy/domains/modal/test/auto/TransientstateModelAdvanced2.xml (RunModel)" time="0.033" />
  <testcase classname="ptolemy.util.test.junit.AutoTests" name="[134] /home/travis/build/icyphy/ptII/ptolemy/domains/modal/test/auto/TransitionRefinements.xml (RunModel)" time="0.028" />
  <testcase classname="ptolemy.util.test.junit.AutoTests" name="[135] /home/travis/build/icyphy/ptII/ptolemy/domains/modal/test/auto/TwoRefinements1.xml (RunModel)" time="0.028" />
  <testcase classname="ptolemy.util.test.junit.AutoTests" name="[136] /home/travis/build/icyphy/ptII/ptolemy/domains/modal/test/auto/TwoRefinements2.xml (RunModel)" time="0.024" />
  <testcase classname="ptolemy.util.test.junit.AutoTests" name="[137] /home/travis/build/icyphy/ptII/ptolemy/domains/modal/test/auto/WeakImmediateTransition.xml (RunModel)" time="0.028" />
  <testcase classname="ptolemy.util.test.junit.AutoTests" name="[138] /home/travis/build/icyphy/ptII/ptolemy/domains/modal/test/auto/booleanSelect.xml (RunModel)" time="0.076" />
  <testcase classname="ptolemy.util.test.junit.AutoTests" name="[139] /home/travis/build/icyphy/ptII/ptolemy/domains/modal/test/auto/modalChangingParams.xml (RunModel)" time="0.257" />
  <testcase classname="ptolemy.util.test.junit.AutoTests" name="[140] /home/travis/build/icyphy/ptII/ptolemy/domains/modal/test/auto/modalModel.xml (RunModel)" time="0.024" />
  <testcase classname="ptolemy.util.test.junit.AutoTests" name="[141] /home/travis/build/icyphy/ptII/ptolemy/domains/modal/test/auto/modalModel2.xml (RunModel)" time="0.038" />
  <testcase classname="ptolemy.util.test.junit.AutoTests" name="[142] /home/travis/build/icyphy/ptII/ptolemy/domains/modal/test/auto/modalModel3.xml (RunModel)" time="0.044" />
  <testcase classname="ptolemy.util.test.junit.AutoTests" name="[143] /home/travis/build/icyphy/ptII/ptolemy/domains/modal/test/auto/model1.xml (RunModel)" time="0.019" />
  <testcase classname="ptolemy.util.test.junit.AutoTests" name="[144] /home/travis/build/icyphy/ptII/ptolemy/domains/modal/test/auto/test-direct-in-out.xml (RunModel)" time="0.018" />
  <system-out><![CDATA[/home/travis/build/icyphy/ptII/ptolemy/domains/modal/test/SystemLevelType.tcl
testDefs.tcl: setting time out to 9000 seconds at Mon Dec 24 03:10:47 UTC 2018
12/24/18 03:10:49
Failed: 0  Total Tests: 1  ((Passed: 1, Newly Passed: 0)  Known Failed: 0) /home/travis/build/icyphy/ptII/ptolemy/domains/modal/test
----------------- testing (KnownFailure) /home/travis/build/icyphy/ptII/ptolemy/domains/modal/test/auto/knownFailedTests/CannotAnalysisWithPreemption.xml
56 ms. Memory: 208384K Free: 186052K (89%)
Known Failure: java.lang.reflect.InvocationTargetException
No auto/linux-amd64/*.xml tests in /home/travis/build/icyphy/ptII/ptolemy/domains/modal/test
AutoTests.java: About to close Vertx.
AutoTests.java: Vertx closed.

===========================================================================================
----------------- testing Mon Dec 24 03:10:49 UTC 2018 /home/travis/build/icyphy/ptII/ptolemy/domains/modal/test/auto/ABPTest.xml
----------------- Instantiating /home/travis/build/icyphy/ptII/ptolemy/domains/modal/test/auto/ABPTest.xml
398 ms. Memory: 331776K Free: 293284K (88%)
----------------- Invoking toplevel() on ptolemy.moml.MoMLSimpleApplication@146965ea
----------------- Done invoking toplevel() on ptolemy.moml.MoMLSimpleApplication@146965ea
reloadAllAccessors: .ABPTest

===========================================================================================
----------------- testing Mon Dec 24 03:10:50 UTC 2018 /home/travis/build/icyphy/ptII/ptolemy/domains/modal/test/auto/ABROFlat.xml
----------------- Instantiating /home/travis/build/icyphy/ptII/ptolemy/domains/modal/test/auto/ABROFlat.xml
23 ms. Memory: 331776K Free: 271214K (82%)
----------------- Invoking toplevel() on ptolemy.moml.MoMLSimpleApplication@786e86e9
----------------- Done invoking toplevel() on ptolemy.moml.MoMLSimpleApplication@786e86e9
reloadAllAccessors: .ABROFlat

===========================================================================================
----------------- testing Mon Dec 24 03:10:50 UTC 2018 /home/travis/build/icyphy/ptII/ptolemy/domains/modal/test/auto/ABROFlat2.xml
----------------- Instantiating /home/travis/build/icyphy/ptII/ptolemy/domains/modal/test/auto/ABROFlat2.xml
26 ms. Memory: 331776K Free: 253253K (76%)
----------------- Invoking toplevel() on ptolemy.moml.MoMLSimpleApplication@6149a3d0
----------------- Done invoking toplevel() on ptolemy.moml.MoMLSimpleApplication@6149a3d0
reloadAllAccessors: .ABROFlat2

===========================================================================================
----------------- testing Mon Dec 24 03:10:50 UTC 2018 /home/travis/build/icyphy/ptII/ptolemy/domains/modal/test/auto/ABRO_present_hmm.xml
----------------- Instantiating /home/travis/build/icyphy/ptII/ptolemy/domains/modal/test/auto/ABRO_present_hmm.xml
30 ms. Memory: 331776K Free: 222278K (67%)
----------------- Invoking toplevel() on ptolemy.moml.MoMLSimpleApplication@9217827
----------------- Done invoking toplevel() on ptolemy.moml.MoMLSimpleApplication@9217827
reloadAllAccessors: .ABRO_present_hmm

===========================================================================================
----------------- testing Mon Dec 24 03:10:50 UTC 2018 /home/travis/build/icyphy/ptII/ptolemy/domains/modal/test/auto/AMICoderExample.xml
----------------- Instantiating /home/travis/build/icyphy/ptII/ptolemy/domains/modal/test/auto/AMICoderExample.xml
22 ms. Memory: 331776K Free: 210888K (64%)
----------------- Invoking toplevel() on ptolemy.moml.MoMLSimpleApplication@1f2d1f00
----------------- Done invoking toplevel() on ptolemy.moml.MoMLSimpleApplication@1f2d1f00
reloadAllAccessors: .AMICoderExample

===========================================================================================
----------------- testing Mon Dec 24 03:10:50 UTC 2018 /home/travis/build/icyphy/ptII/ptolemy/domains/modal/test/auto/AbsentToPresent.xml
----------------- Instantiating /home/travis/build/icyphy/ptII/ptolemy/domains/modal/test/auto/AbsentToPresent.xml
4 ms. Memory: 331776K Free: 200948K (61%)
----------------- Invoking toplevel() on ptolemy.moml.MoMLSimpleApplication@49a82f85
----------------- Done invoking toplevel() on ptolemy.moml.MoMLSimpleApplication@49a82f85
reloadAllAccessors: .AbsentToPresent

===========================================================================================
----------------- testing Mon Dec 24 03:10:50 UTC 2018 /home/travis/build/icyphy/ptII/ptolemy/domains/modal/test/auto/Blending.xml
----------------- Instantiating /home/travis/build/icyphy/ptII/ptolemy/domains/modal/test/auto/Blending.xml
162 ms. Memory: 331776K Free: 145450K (44%)
----------------- Invoking toplevel() on ptolemy.moml.MoMLSimpleApplication@7be67f20
----------------- Done invoking toplevel() on ptolemy.moml.MoMLSimpleApplication@7be67f20
reloadAllAccessors: .Blending

===========================================================================================
----------------- testing Mon Dec 24 03:10:51 UTC 2018 /home/travis/build/icyphy/ptII/ptolemy/domains/modal/test/auto/Broadcast.xml
----------------- Instantiating /home/travis/build/icyphy/ptII/ptolemy/domains/modal/test/auto/Broadcast.xml
13 ms. Memory: 331776K Free: 132403K (40%)
----------------- Invoking toplevel() on ptolemy.moml.MoMLSimpleApplication@50dbabd6
----------------- Done invoking toplevel() on ptolemy.moml.MoMLSimpleApplication@50dbabd6
reloadAllAccessors: .Broadcast

===========================================================================================
----------------- testing Mon Dec 24 03:10:51 UTC 2018 /home/travis/build/icyphy/ptII/ptolemy/domains/modal/test/auto/BroadcastHierarchy.xml
----------------- Instantiating /home/travis/build/icyphy/ptII/ptolemy/domains/modal/test/auto/BroadcastHierarchy.xml
17 ms. Memory: 331776K Free: 114483K (35%)
----------------- Invoking toplevel() on ptolemy.moml.MoMLSimpleApplication@4f5ad4c8
----------------- Done invoking toplevel() on ptolemy.moml.MoMLSimpleApplication@4f5ad4c8
reloadAllAccessors: .BroadcastHierarchy

===========================================================================================
----------------- testing Mon Dec 24 03:10:51 UTC 2018 /home/travis/build/icyphy/ptII/ptolemy/domains/modal/test/auto/BroadcastHierarchy2.xml
----------------- Instantiating /home/travis/build/icyphy/ptII/ptolemy/domains/modal/test/auto/BroadcastHierarchy2.xml
26 ms. Memory: 331776K Free: 78593K (24%)
----------------- Invoking toplevel() on ptolemy.moml.MoMLSimpleApplication@4fcfb2b7
----------------- Done invoking toplevel() on ptolemy.moml.MoMLSimpleApplication@4fcfb2b7
reloadAllAccessors: .BroadcastHierarchy2

===========================================================================================
----------------- testing Mon Dec 24 03:10:51 UTC 2018 /home/travis/build/icyphy/ptII/ptolemy/domains/modal/test/auto/BroadcastHierarchy3.xml
----------------- Instantiating /home/travis/build/icyphy/ptII/ptolemy/domains/modal/test/auto/BroadcastHierarchy3.xml
23 ms. Memory: 333824K Free: 297373K (89%)
----------------- Invoking toplevel() on ptolemy.moml.MoMLSimpleApplication@5201fc4b
----------------- Done invoking toplevel() on ptolemy.moml.MoMLSimpleApplication@5201fc4b
reloadAllAccessors: .BroadcastHierarchy3

===========================================================================================
----------------- testing Mon Dec 24 03:10:51 UTC 2018 /home/travis/build/icyphy/ptII/ptolemy/domains/modal/test/auto/BroadcastHierarchy4.xml
----------------- Instantiating /home/travis/build/icyphy/ptII/ptolemy/domains/modal/test/auto/BroadcastHierarchy4.xml
26 ms. Memory: 333824K Free: 262513K (79%)
----------------- Invoking toplevel() on ptolemy.moml.MoMLSimpleApplication@1fab28ee
----------------- Done invoking toplevel() on ptolemy.moml.MoMLSimpleApplication@1fab28ee
reloadAllAccessors: .BroadcastHierarchy4

===========================================================================================
----------------- testing Mon Dec 24 03:10:51 UTC 2018 /home/travis/build/icyphy/ptII/ptolemy/domains/modal/test/auto/CannotAnalysisWithPreemption2.xml
----------------- Instantiating /home/travis/build/icyphy/ptII/ptolemy/domains/modal/test/auto/CannotAnalysisWithPreemption2.xml
4 ms. Memory: 333824K Free: 252748K (76%)
----------------- Invoking toplevel() on ptolemy.moml.MoMLSimpleApplication@2e3c05f0
----------------- Done invoking toplevel() on ptolemy.moml.MoMLSimpleApplication@2e3c05f0
reloadAllAccessors: .CannotAnalysisWithPreemption2

===========================================================================================
----------------- testing Mon Dec 24 03:10:51 UTC 2018 /home/travis/build/icyphy/ptII/ptolemy/domains/modal/test/auto/CannotAnalysisWithPreemption3.xml
----------------- Instantiating /home/travis/build/icyphy/ptII/ptolemy/domains/modal/test/auto/CannotAnalysisWithPreemption3.xml
8 ms. Memory: 333824K Free: 239742K (72%)
----------------- Invoking toplevel() on ptolemy.moml.MoMLSimpleApplication@6c23f820
----------------- Done invoking toplevel() on ptolemy.moml.MoMLSimpleApplication@6c23f820
reloadAllAccessors: .CannotAnalysisWithPreemption3

===========================================================================================
----------------- testing Mon Dec 24 03:10:51 UTC 2018 /home/travis/build/icyphy/ptII/ptolemy/domains/modal/test/auto/CannotProduce.xml
----------------- Instantiating /home/travis/build/icyphy/ptII/ptolemy/domains/modal/test/auto/CannotProduce.xml
16 ms. Memory: 333824K Free: 230944K (69%)
----------------- Invoking toplevel() on ptolemy.moml.MoMLSimpleApplication@3f229d50
----------------- Done invoking toplevel() on ptolemy.moml.MoMLSimpleApplication@3f229d50
reloadAllAccessors: .CannotProduce

===========================================================================================
----------------- testing Mon Dec 24 03:10:51 UTC 2018 /home/travis/build/icyphy/ptII/ptolemy/domains/modal/test/auto/CannotProduceModal.xml
----------------- Instantiating /home/travis/build/icyphy/ptII/ptolemy/domains/modal/test/auto/CannotProduceModal.xml
4 ms. Memory: 333824K Free: 222788K (67%)
----------------- Invoking toplevel() on ptolemy.moml.MoMLSimpleApplication@77adae49
----------------- Done invoking toplevel() on ptolemy.moml.MoMLSimpleApplication@77adae49
reloadAllAccessors: .CannotProduceModal

===========================================================================================
----------------- testing Mon Dec 24 03:10:51 UTC 2018 /home/travis/build/icyphy/ptII/ptolemy/domains/modal/test/auto/Case.xml
----------------- Instantiating /home/travis/build/icyphy/ptII/ptolemy/domains/modal/test/auto/Case.xml
29 ms. Memory: 333824K Free: 209773K (63%)
----------------- Invoking toplevel() on ptolemy.moml.MoMLSimpleApplication@146ecc46
----------------- Done invoking toplevel() on ptolemy.moml.MoMLSimpleApplication@146ecc46
reloadAllAccessors: .Case

===========================================================================================
----------------- testing Mon Dec 24 03:10:51 UTC 2018 /home/travis/build/icyphy/ptII/ptolemy/domains/modal/test/auto/Case1.xml
----------------- Instantiating /home/travis/build/icyphy/ptII/ptolemy/domains/modal/test/auto/Case1.xml
10 ms. Memory: 333824K Free: 199334K (60%)
----------------- Invoking toplevel() on ptolemy.moml.MoMLSimpleApplication@59a9c39b
----------------- Done invoking toplevel() on ptolemy.moml.MoMLSimpleApplication@59a9c39b
reloadAllAccessors: .Case1

===========================================================================================
----------------- testing Mon Dec 24 03:10:52 UTC 2018 /home/travis/build/icyphy/ptII/ptolemy/domains/modal/test/auto/Case2.xml
----------------- Instantiating /home/travis/build/icyphy/ptII/ptolemy/domains/modal/test/auto/Case2.xml
26 ms. Memory: 333824K Free: 187936K (56%)
----------------- Invoking toplevel() on ptolemy.moml.MoMLSimpleApplication@7dae9042
----------------- Done invoking toplevel() on ptolemy.moml.MoMLSimpleApplication@7dae9042
reloadAllAccessors: .Case2

===========================================================================================
----------------- testing Mon Dec 24 03:10:52 UTC 2018 /home/travis/build/icyphy/ptII/ptolemy/domains/modal/test/auto/CausalityInterface1.xml
----------------- Instantiating /home/travis/build/icyphy/ptII/ptolemy/domains/modal/test/auto/CausalityInterface1.xml
3 ms. Memory: 333824K Free: 181421K (54%)
----------------- Invoking toplevel() on ptolemy.moml.MoMLSimpleApplication@6da96426
----------------- Done invoking toplevel() on ptolemy.moml.MoMLSimpleApplication@6da96426
reloadAllAccessors: .CausalityInterface1

===========================================================================================
----------------- testing Mon Dec 24 03:10:52 UTC 2018 /home/travis/build/icyphy/ptII/ptolemy/domains/modal/test/auto/CausalityInterface10.xml
----------------- Instantiating /home/travis/build/icyphy/ptII/ptolemy/domains/modal/test/auto/CausalityInterface10.xml
6 ms. Memory: 333824K Free: 162857K (49%)
----------------- Invoking toplevel() on ptolemy.moml.MoMLSimpleApplication@35e1cc4d
----------------- Done invoking toplevel() on ptolemy.moml.MoMLSimpleApplication@35e1cc4d
reloadAllAccessors: .CausalityInterface10

===========================================================================================
----------------- testing Mon Dec 24 03:10:52 UTC 2018 /home/travis/build/icyphy/ptII/ptolemy/domains/modal/test/auto/CausalityInterface11.xml
----------------- Instantiating /home/travis/build/icyphy/ptII/ptolemy/domains/modal/test/auto/CausalityInterface11.xml
10 ms. Memory: 333824K Free: 146573K (44%)
----------------- Invoking toplevel() on ptolemy.moml.MoMLSimpleApplication@694a668a
----------------- Done invoking toplevel() on ptolemy.moml.MoMLSimpleApplication@694a668a
reloadAllAccessors: .CausalityInterface11

===========================================================================================
----------------- testing Mon Dec 24 03:10:52 UTC 2018 /home/travis/build/icyphy/ptII/ptolemy/domains/modal/test/auto/CausalityInterface12.xml
----------------- Instantiating /home/travis/build/icyphy/ptII/ptolemy/domains/modal/test/auto/CausalityInterface12.xml
8 ms. Memory: 333824K Free: 130262K (39%)
----------------- Invoking toplevel() on ptolemy.moml.MoMLSimpleApplication@375645cd
----------------- Done invoking toplevel() on ptolemy.moml.MoMLSimpleApplication@375645cd
reloadAllAccessors: .CausalityInterface12

===========================================================================================
----------------- testing Mon Dec 24 03:10:52 UTC 2018 /home/travis/build/icyphy/ptII/ptolemy/domains/modal/test/auto/CausalityInterface13.xml
----------------- Instantiating /home/travis/build/icyphy/ptII/ptolemy/domains/modal/test/auto/CausalityInterface13.xml
14 ms. Memory: 333824K Free: 111651K (33%)
----------------- Invoking toplevel() on ptolemy.moml.MoMLSimpleApplication@7bfdb3e5
----------------- Done invoking toplevel() on ptolemy.moml.MoMLSimpleApplication@7bfdb3e5
reloadAllAccessors: .CausalityInterface13

===========================================================================================
----------------- testing Mon Dec 24 03:10:52 UTC 2018 /home/travis/build/icyphy/ptII/ptolemy/domains/modal/test/auto/CausalityInterface14.xml
----------------- Instantiating /home/travis/build/icyphy/ptII/ptolemy/domains/modal/test/auto/CausalityInterface14.xml
7 ms. Memory: 333824K Free: 95355K (29%)
----------------- Invoking toplevel() on ptolemy.moml.MoMLSimpleApplication@1478a7df
----------------- Done invoking toplevel() on ptolemy.moml.MoMLSimpleApplication@1478a7df
reloadAllAccessors: .CausalityInterface14

===========================================================================================
----------------- testing Mon Dec 24 03:10:52 UTC 2018 /home/travis/build/icyphy/ptII/ptolemy/domains/modal/test/auto/CausalityInterface2.xml
----------------- Instantiating /home/travis/build/icyphy/ptII/ptolemy/domains/modal/test/auto/CausalityInterface2.xml
3 ms. Memory: 333824K Free: 87223K (26%)
----------------- Invoking toplevel() on ptolemy.moml.MoMLSimpleApplication@455a26fc
----------------- Done invoking toplevel() on ptolemy.moml.MoMLSimpleApplication@455a26fc
reloadAllAccessors: .CausalityInterface2

===========================================================================================
----------------- testing Mon Dec 24 03:10:52 UTC 2018 /home/travis/build/icyphy/ptII/ptolemy/domains/modal/test/auto/CausalityInterface3.xml
----------------- Instantiating /home/travis/build/icyphy/ptII/ptolemy/domains/modal/test/auto/CausalityInterface3.xml
6 ms. Memory: 577024K Free: 561459K (97%)
----------------- Invoking toplevel() on ptolemy.moml.MoMLSimpleApplication@eb464c2
----------------- Done invoking toplevel() on ptolemy.moml.MoMLSimpleApplication@eb464c2
reloadAllAccessors: .CausalityInterface3

===========================================================================================
----------------- testing Mon Dec 24 03:10:52 UTC 2018 /home/travis/build/icyphy/ptII/ptolemy/domains/modal/test/auto/CausalityInterface4.xml
----------------- Instantiating /home/travis/build/icyphy/ptII/ptolemy/domains/modal/test/auto/CausalityInterface4.xml
2 ms. Memory: 577024K Free: 548572K (95%)
----------------- Invoking toplevel() on ptolemy.moml.MoMLSimpleApplication@218faf36
----------------- Done invoking toplevel() on ptolemy.moml.MoMLSimpleApplication@218faf36
reloadAllAccessors: .CausalityInterface4

===========================================================================================
----------------- testing Mon Dec 24 03:10:52 UTC 2018 /home/travis/build/icyphy/ptII/ptolemy/domains/modal/test/auto/CausalityInterface5.xml
----------------- Instantiating /home/travis/build/icyphy/ptII/ptolemy/domains/modal/test/auto/CausalityInterface5.xml
2 ms. Memory: 577024K Free: 535558K (93%)
----------------- Invoking toplevel() on ptolemy.moml.MoMLSimpleApplication@3d99970d
----------------- Done invoking toplevel() on ptolemy.moml.MoMLSimpleApplication@3d99970d
reloadAllAccessors: .CausalityInterface5

===========================================================================================
----------------- testing Mon Dec 24 03:10:52 UTC 2018 /home/travis/build/icyphy/ptII/ptolemy/domains/modal/test/auto/CausalityInterface6.xml
----------------- Instantiating /home/travis/build/icyphy/ptII/ptolemy/domains/modal/test/auto/CausalityInterface6.xml
6 ms. Memory: 577024K Free: 522305K (91%)
----------------- Invoking toplevel() on ptolemy.moml.MoMLSimpleApplication@419edd51
----------------- Done invoking toplevel() on ptolemy.moml.MoMLSimpleApplication@419edd51
reloadAllAccessors: .CausalityInterface6

===========================================================================================
----------------- testing Mon Dec 24 03:10:52 UTC 2018 /home/travis/build/icyphy/ptII/ptolemy/domains/modal/test/auto/CausalityInterface7.xml
----------------- Instantiating /home/travis/build/icyphy/ptII/ptolemy/domains/modal/test/auto/CausalityInterface7.xml
5 ms. Memory: 577024K Free: 509290K (88%)
----------------- Invoking toplevel() on ptolemy.moml.MoMLSimpleApplication@745a0860
----------------- Done invoking toplevel() on ptolemy.moml.MoMLSimpleApplication@745a0860
reloadAllAccessors: .CausalityInterface7

===========================================================================================
----------------- testing Mon Dec 24 03:10:52 UTC 2018 /home/travis/build/icyphy/ptII/ptolemy/domains/modal/test/auto/CausalityInterface8.xml
----------------- Instantiating /home/travis/build/icyphy/ptII/ptolemy/domains/modal/test/auto/CausalityInterface8.xml
5 ms. Memory: 577024K Free: 493146K (85%)
----------------- Invoking toplevel() on ptolemy.moml.MoMLSimpleApplication@6e59f55a
----------------- Done invoking toplevel() on ptolemy.moml.MoMLSimpleApplication@6e59f55a
reloadAllAccessors: .CausalityInterface8

===========================================================================================
----------------- testing Mon Dec 24 03:10:52 UTC 2018 /home/travis/build/icyphy/ptII/ptolemy/domains/modal/test/auto/CausalityInterface9.xml
----------------- Instantiating /home/travis/build/icyphy/ptII/ptolemy/domains/modal/test/auto/CausalityInterface9.xml
5 ms. Memory: 577024K Free: 480132K (83%)
----------------- Invoking toplevel() on ptolemy.moml.MoMLSimpleApplication@9a34948
----------------- Done invoking toplevel() on ptolemy.moml.MoMLSimpleApplication@9a34948
reloadAllAccessors: .CausalityInterface9

===========================================================================================
----------------- testing Mon Dec 24 03:10:52 UTC 2018 /home/travis/build/icyphy/ptII/ptolemy/domains/modal/test/auto/ChainedTransitions.xml
----------------- Instantiating /home/travis/build/icyphy/ptII/ptolemy/domains/modal/test/auto/ChainedTransitions.xml
95 ms. Memory: 577024K Free: 445940K (77%)
----------------- Invoking toplevel() on ptolemy.moml.MoMLSimpleApplication@2b0ede49
----------------- Done invoking toplevel() on ptolemy.moml.MoMLSimpleApplication@2b0ede49
reloadAllAccessors: .ChainedTransitions

===========================================================================================
----------------- testing Mon Dec 24 03:10:52 UTC 2018 /home/travis/build/icyphy/ptII/ptolemy/domains/modal/test/auto/CycleOfImmediateTransitionsFSM.xml
----------------- Instantiating /home/travis/build/icyphy/ptII/ptolemy/domains/modal/test/auto/CycleOfImmediateTransitionsFSM.xml
3 ms. Memory: 577024K Free: 436183K (76%)
----------------- Invoking toplevel() on ptolemy.moml.MoMLSimpleApplication@7cf6a3f4
----------------- Done invoking toplevel() on ptolemy.moml.MoMLSimpleApplication@7cf6a3f4
reloadAllAccessors: .CycleOfImmediateTransitionsFSM

===========================================================================================
----------------- testing Mon Dec 24 03:10:52 UTC 2018 /home/travis/build/icyphy/ptII/ptolemy/domains/modal/test/auto/CycleOfImmediateTransitionsModal.xml
----------------- Instantiating /home/travis/build/icyphy/ptII/ptolemy/domains/modal/test/auto/CycleOfImmediateTransitionsModal.xml
4 ms. Memory: 577024K Free: 423287K (73%)
----------------- Invoking toplevel() on ptolemy.moml.MoMLSimpleApplication@70e57a26
----------------- Done invoking toplevel() on ptolemy.moml.MoMLSimpleApplication@70e57a26
reloadAllAccessors: .CycleOfImmediateTransitionsModal

===========================================================================================
----------------- testing Mon Dec 24 03:10:52 UTC 2018 /home/travis/build/icyphy/ptII/ptolemy/domains/modal/test/auto/CycleOfImmediateTransitionsModal2.xml
----------------- Instantiating /home/travis/build/icyphy/ptII/ptolemy/domains/modal/test/auto/CycleOfImmediateTransitionsModal2.xml
5 ms. Memory: 577024K Free: 413523K (72%)
----------------- Invoking toplevel() on ptolemy.moml.MoMLSimpleApplication@2e2952e4
----------------- Done invoking toplevel() on ptolemy.moml.MoMLSimpleApplication@2e2952e4
reloadAllAccessors: .CycleOfImmediateTransitionsModal2

===========================================================================================
----------------- testing Mon Dec 24 03:10:52 UTC 2018 /home/travis/build/icyphy/ptII/ptolemy/domains/modal/test/auto/CycleOfImmediateTransitionsModal3.xml
----------------- Instantiating /home/travis/build/icyphy/ptII/ptolemy/domains/modal/test/auto/CycleOfImmediateTransitionsModal3.xml
11 ms. Memory: 577024K Free: 384221K (67%)
----------------- Invoking toplevel() on ptolemy.moml.MoMLSimpleApplication@7b00a724
----------------- Done invoking toplevel() on ptolemy.moml.MoMLSimpleApplication@7b00a724
reloadAllAccessors: .CycleOfImmediateTransitionsModal3

===========================================================================================
----------------- testing Mon Dec 24 03:10:53 UTC 2018 /home/travis/build/icyphy/ptII/ptolemy/domains/modal/test/auto/DeepModal1.xml
----------------- Instantiating /home/travis/build/icyphy/ptII/ptolemy/domains/modal/test/auto/DeepModal1.xml
28 ms. Memory: 577024K Free: 364692K (63%)
----------------- Invoking toplevel() on ptolemy.moml.MoMLSimpleApplication@437ffc87
----------------- Done invoking toplevel() on ptolemy.moml.MoMLSimpleApplication@437ffc87
reloadAllAccessors: .DeepModal1

===========================================================================================
----------------- testing Mon Dec 24 03:10:53 UTC 2018 /home/travis/build/icyphy/ptII/ptolemy/domains/modal/test/auto/DeepModal2.xml
----------------- Instantiating /home/travis/build/icyphy/ptII/ptolemy/domains/modal/test/auto/DeepModal2.xml
22 ms. Memory: 577024K Free: 338766K (59%)
----------------- Invoking toplevel() on ptolemy.moml.MoMLSimpleApplication@14dde69b
----------------- Done invoking toplevel() on ptolemy.moml.MoMLSimpleApplication@14dde69b
reloadAllAccessors: .DeepModal2

===========================================================================================
----------------- testing Mon Dec 24 03:10:53 UTC 2018 /home/travis/build/icyphy/ptII/ptolemy/domains/modal/test/auto/DeepModal3.xml
----------------- Instantiating /home/travis/build/icyphy/ptII/ptolemy/domains/modal/test/auto/DeepModal3.xml
16 ms. Memory: 577024K Free: 315971K (55%)
----------------- Invoking toplevel() on ptolemy.moml.MoMLSimpleApplication@3bda0a85
----------------- Done invoking toplevel() on ptolemy.moml.MoMLSimpleApplication@3bda0a85
reloadAllAccessors: .DeepModal3

===========================================================================================
----------------- testing Mon Dec 24 03:10:53 UTC 2018 /home/travis/build/icyphy/ptII/ptolemy/domains/modal/test/auto/DeepModal4.xml
----------------- Instantiating /home/travis/build/icyphy/ptII/ptolemy/domains/modal/test/auto/DeepModal4.xml
30 ms. Memory: 577024K Free: 293177K (51%)
----------------- Invoking toplevel() on ptolemy.moml.MoMLSimpleApplication@13c4ce68
----------------- Done invoking toplevel() on ptolemy.moml.MoMLSimpleApplication@13c4ce68
reloadAllAccessors: .DeepModal4

===========================================================================================
----------------- testing Mon Dec 24 03:10:53 UTC 2018 /home/travis/build/icyphy/ptII/ptolemy/domains/modal/test/auto/Default1.xml
----------------- Instantiating /home/travis/build/icyphy/ptII/ptolemy/domains/modal/test/auto/Default1.xml
2 ms. Memory: 577024K Free: 283412K (49%)
----------------- Invoking toplevel() on ptolemy.moml.MoMLSimpleApplication@4b9ed800
----------------- Done invoking toplevel() on ptolemy.moml.MoMLSimpleApplication@4b9ed800
reloadAllAccessors: .Default1

===========================================================================================
----------------- testing Mon Dec 24 03:10:53 UTC 2018 /home/travis/build/icyphy/ptII/ptolemy/domains/modal/test/auto/Default2.xml
----------------- Instantiating /home/travis/build/icyphy/ptII/ptolemy/domains/modal/test/auto/Default2.xml
4 ms. Memory: 577024K Free: 270517K (47%)
----------------- Invoking toplevel() on ptolemy.moml.MoMLSimpleApplication@7ecfda9c
----------------- Done invoking toplevel() on ptolemy.moml.MoMLSimpleApplication@7ecfda9c
reloadAllAccessors: .Default2

===========================================================================================
----------------- testing Mon Dec 24 03:10:53 UTC 2018 /home/travis/build/icyphy/ptII/ptolemy/domains/modal/test/auto/Default3.xml
----------------- Instantiating /home/travis/build/icyphy/ptII/ptolemy/domains/modal/test/auto/Default3.xml
4 ms. Memory: 577024K Free: 260752K (45%)
----------------- Invoking toplevel() on ptolemy.moml.MoMLSimpleApplication@dcd10f5
----------------- Done invoking toplevel() on ptolemy.moml.MoMLSimpleApplication@dcd10f5
reloadAllAccessors: .Default3

===========================================================================================
----------------- testing Mon Dec 24 03:10:53 UTC 2018 /home/travis/build/icyphy/ptII/ptolemy/domains/modal/test/auto/Default4.xml
----------------- Instantiating /home/travis/build/icyphy/ptII/ptolemy/domains/modal/test/auto/Default4.xml
8 ms. Memory: 577024K Free: 250988K (43%)
----------------- Invoking toplevel() on ptolemy.moml.MoMLSimpleApplication@60c2cee7
----------------- Done invoking toplevel() on ptolemy.moml.MoMLSimpleApplication@60c2cee7
reloadAllAccessors: .Default4

===========================================================================================
----------------- testing Mon Dec 24 03:10:53 UTC 2018 /home/travis/build/icyphy/ptII/ptolemy/domains/modal/test/auto/Default5.xml
----------------- Instantiating /home/travis/build/icyphy/ptII/ptolemy/domains/modal/test/auto/Default5.xml
8 ms. Memory: 577024K Free: 237974K (41%)
----------------- Invoking toplevel() on ptolemy.moml.MoMLSimpleApplication@4173dc62
----------------- Done invoking toplevel() on ptolemy.moml.MoMLSimpleApplication@4173dc62
reloadAllAccessors: .Default5

===========================================================================================
----------------- testing Mon Dec 24 03:10:53 UTC 2018 /home/travis/build/icyphy/ptII/ptolemy/domains/modal/test/auto/EmptyGuard.xml
----------------- Instantiating /home/travis/build/icyphy/ptII/ptolemy/domains/modal/test/auto/EmptyGuard.xml
7 ms. Memory: 577024K Free: 221821K (38%)
----------------- Invoking toplevel() on ptolemy.moml.MoMLSimpleApplication@31d9652d
----------------- Done invoking toplevel() on ptolemy.moml.MoMLSimpleApplication@31d9652d
reloadAllAccessors: .EmptyGuard

===========================================================================================
----------------- testing Mon Dec 24 03:10:53 UTC 2018 /home/travis/build/icyphy/ptII/ptolemy/domains/modal/test/auto/ErrorTransition1.xml
----------------- Instantiating /home/travis/build/icyphy/ptII/ptolemy/domains/modal/test/auto/ErrorTransition1.xml
5 ms. Memory: 577024K Free: 208807K (36%)
----------------- Invoking toplevel() on ptolemy.moml.MoMLSimpleApplication@4dffbcd0
----------------- Done invoking toplevel() on ptolemy.moml.MoMLSimpleApplication@4dffbcd0
reloadAllAccessors: .ErrorTransition1

===========================================================================================
----------------- testing Mon Dec 24 03:10:53 UTC 2018 /home/travis/build/icyphy/ptII/ptolemy/domains/modal/test/auto/ErrorTransition10.xml
----------------- Instantiating /home/travis/build/icyphy/ptII/ptolemy/domains/modal/test/auto/ErrorTransition10.xml
8 ms. Memory: 577024K Free: 192535K (33%)
----------------- Invoking toplevel() on ptolemy.moml.MoMLSimpleApplication@528fa766
----------------- Done invoking toplevel() on ptolemy.moml.MoMLSimpleApplication@528fa766
reloadAllAccessors: .ErrorTransition10

===========================================================================================
----------------- testing Mon Dec 24 03:10:53 UTC 2018 /home/travis/build/icyphy/ptII/ptolemy/domains/modal/test/auto/ErrorTransition11.xml
----------------- Instantiating /home/travis/build/icyphy/ptII/ptolemy/domains/modal/test/auto/ErrorTransition11.xml
4 ms. Memory: 577024K Free: 176280K (31%)
----------------- Invoking toplevel() on ptolemy.moml.MoMLSimpleApplication@1b53b0a4
----------------- Done invoking toplevel() on ptolemy.moml.MoMLSimpleApplication@1b53b0a4
reloadAllAccessors: .ErrorTransition11

===========================================================================================
----------------- testing Mon Dec 24 03:10:53 UTC 2018 /home/travis/build/icyphy/ptII/ptolemy/domains/modal/test/auto/ErrorTransition2.xml
----------------- Instantiating /home/travis/build/icyphy/ptII/ptolemy/domains/modal/test/auto/ErrorTransition2.xml
4 ms. Memory: 577024K Free: 163281K (28%)
----------------- Invoking toplevel() on ptolemy.moml.MoMLSimpleApplication@639b7a9e
----------------- Done invoking toplevel() on ptolemy.moml.MoMLSimpleApplication@639b7a9e
reloadAllAccessors: .ErrorTransition2

===========================================================================================
----------------- testing Mon Dec 24 03:10:53 UTC 2018 /home/travis/build/icyphy/ptII/ptolemy/domains/modal/test/auto/ErrorTransition3.xml
----------------- Instantiating /home/travis/build/icyphy/ptII/ptolemy/domains/modal/test/auto/ErrorTransition3.xml
5 ms. Memory: 577024K Free: 147136K (25%)
----------------- Invoking toplevel() on ptolemy.moml.MoMLSimpleApplication@6f300205
----------------- Done invoking toplevel() on ptolemy.moml.MoMLSimpleApplication@6f300205
reloadAllAccessors: .ErrorTransition3

===========================================================================================
----------------- testing Mon Dec 24 03:10:53 UTC 2018 /home/travis/build/icyphy/ptII/ptolemy/domains/modal/test/auto/ErrorTransition4.xml
----------------- Instantiating /home/travis/build/icyphy/ptII/ptolemy/domains/modal/test/auto/ErrorTransition4.xml
5 ms. Memory: 577024K Free: 134138K (23%)
----------------- Invoking toplevel() on ptolemy.moml.MoMLSimpleApplication@29e3bf8a
----------------- Done invoking toplevel() on ptolemy.moml.MoMLSimpleApplication@29e3bf8a
reloadAllAccessors: .ErrorTransition4

===========================================================================================
----------------- testing Mon Dec 24 03:10:53 UTC 2018 /home/travis/build/icyphy/ptII/ptolemy/domains/modal/test/auto/ErrorTransition5.xml
----------------- Instantiating /home/travis/build/icyphy/ptII/ptolemy/domains/modal/test/auto/ErrorTransition5.xml
5 ms. Memory: 577024K Free: 121132K (21%)
----------------- Invoking toplevel() on ptolemy.moml.MoMLSimpleApplication@53afdca7
----------------- Done invoking toplevel() on ptolemy.moml.MoMLSimpleApplication@53afdca7
reloadAllAccessors: .ErrorTransition5

===========================================================================================
----------------- testing Mon Dec 24 03:10:53 UTC 2018 /home/travis/build/icyphy/ptII/ptolemy/domains/modal/test/auto/ErrorTransition6.xml
----------------- Instantiating /home/travis/build/icyphy/ptII/ptolemy/domains/modal/test/auto/ErrorTransition6.xml
6 ms. Memory: 577024K Free: 108126K (19%)
----------------- Invoking toplevel() on ptolemy.moml.MoMLSimpleApplication@35878341
----------------- Done invoking toplevel() on ptolemy.moml.MoMLSimpleApplication@35878341
reloadAllAccessors: .ErrorTransition6

===========================================================================================
----------------- testing Mon Dec 24 03:10:53 UTC 2018 /home/travis/build/icyphy/ptII/ptolemy/domains/modal/test/auto/ErrorTransition7.xml
----------------- Instantiating /home/travis/build/icyphy/ptII/ptolemy/domains/modal/test/auto/ErrorTransition7.xml
11 ms. Memory: 577024K Free: 88715K (15%)
----------------- Invoking toplevel() on ptolemy.moml.MoMLSimpleApplication@3e1c124e
----------------- Done invoking toplevel() on ptolemy.moml.MoMLSimpleApplication@3e1c124e
reloadAllAccessors: .ErrorTransition7

===========================================================================================
----------------- testing Mon Dec 24 03:10:53 UTC 2018 /home/travis/build/icyphy/ptII/ptolemy/domains/modal/test/auto/ErrorTransition8.xml
----------------- Instantiating /home/travis/build/icyphy/ptII/ptolemy/domains/modal/test/auto/ErrorTransition8.xml
22 ms. Memory: 577024K Free: 559347K (97%)
----------------- Invoking toplevel() on ptolemy.moml.MoMLSimpleApplication@76341fe1
----------------- Done invoking toplevel() on ptolemy.moml.MoMLSimpleApplication@76341fe1
reloadAllAccessors: .ErrorTransition8

===========================================================================================
----------------- testing Mon Dec 24 03:10:53 UTC 2018 /home/travis/build/icyphy/ptII/ptolemy/domains/modal/test/auto/ErrorTransition9.xml
----------------- Instantiating /home/travis/build/icyphy/ptII/ptolemy/domains/modal/test/auto/ErrorTransition9.xml
7 ms. Memory: 577024K Free: 540058K (94%)
----------------- Invoking toplevel() on ptolemy.moml.MoMLSimpleApplication@67e192c0
----------------- Done invoking toplevel() on ptolemy.moml.MoMLSimpleApplication@67e192c0
reloadAllAccessors: .ErrorTransition9

===========================================================================================
----------------- testing Mon Dec 24 03:10:53 UTC 2018 /home/travis/build/icyphy/ptII/ptolemy/domains/modal/test/auto/ExtendedFSM.xml
----------------- Instantiating /home/travis/build/icyphy/ptII/ptolemy/domains/modal/test/auto/ExtendedFSM.xml
9 ms. Memory: 577024K Free: 530293K (92%)
----------------- Invoking toplevel() on ptolemy.moml.MoMLSimpleApplication@185ec7fc
----------------- Done invoking toplevel() on ptolemy.moml.MoMLSimpleApplication@185ec7fc
reloadAllAccessors: .ExtendedFSM

===========================================================================================
----------------- testing Mon Dec 24 03:10:53 UTC 2018 /home/travis/build/icyphy/ptII/ptolemy/domains/modal/test/auto/FinalStates.xml
----------------- Instantiating /home/travis/build/icyphy/ptII/ptolemy/domains/modal/test/auto/FinalStates.xml
6 ms. Memory: 577024K Free: 518339K (90%)
----------------- Invoking toplevel() on ptolemy.moml.MoMLSimpleApplication@43e406ed
----------------- Done invoking toplevel() on ptolemy.moml.MoMLSimpleApplication@43e406ed
reloadAllAccessors: .FinalStates

===========================================================================================
----------------- testing Mon Dec 24 03:10:53 UTC 2018 /home/travis/build/icyphy/ptII/ptolemy/domains/modal/test/auto/FixedPointFSM.xml
----------------- Instantiating /home/travis/build/icyphy/ptII/ptolemy/domains/modal/test/auto/FixedPointFSM.xml
18 ms. Memory: 577024K Free: 501231K (87%)
----------------- Invoking toplevel() on ptolemy.moml.MoMLSimpleApplication@70708357
----------------- Done invoking toplevel() on ptolemy.moml.MoMLSimpleApplication@70708357
reloadAllAccessors: .FixedPointFSM

===========================================================================================
----------------- testing Mon Dec 24 03:10:54 UTC 2018 /home/travis/build/icyphy/ptII/ptolemy/domains/modal/test/auto/FixedPointIterationFSMActor.xml
----------------- Instantiating /home/travis/build/icyphy/ptII/ptolemy/domains/modal/test/auto/FixedPointIterationFSMActor.xml
6 ms. Memory: 577024K Free: 489037K (85%)
----------------- Invoking toplevel() on ptolemy.moml.MoMLSimpleApplication@4f960fb0
----------------- Done invoking toplevel() on ptolemy.moml.MoMLSimpleApplication@4f960fb0
reloadAllAccessors: .FixedPointIterationFSMActor

===========================================================================================
----------------- testing Mon Dec 24 03:10:54 UTC 2018 /home/travis/build/icyphy/ptII/ptolemy/domains/modal/test/auto/FixedPointIterationFSMActor2.xml
----------------- Instantiating /home/travis/build/icyphy/ptII/ptolemy/domains/modal/test/auto/FixedPointIterationFSMActor2.xml
12 ms. Memory: 577024K Free: 472193K (82%)
----------------- Invoking toplevel() on ptolemy.moml.MoMLSimpleApplication@10a645ce
----------------- Done invoking toplevel() on ptolemy.moml.MoMLSimpleApplication@10a645ce
reloadAllAccessors: .FixedPointIterationFSMActor2

===========================================================================================
----------------- testing Mon Dec 24 03:10:54 UTC 2018 /home/travis/build/icyphy/ptII/ptolemy/domains/modal/test/auto/ForbiddenInstantanousLoop.xml
----------------- Instantiating /home/travis/build/icyphy/ptII/ptolemy/domains/modal/test/auto/ForbiddenInstantanousLoop.xml
4 ms. Memory: 577024K Free: 457546K (79%)
----------------- Invoking toplevel() on ptolemy.moml.MoMLSimpleApplication@4d1b5713
----------------- Done invoking toplevel() on ptolemy.moml.MoMLSimpleApplication@4d1b5713
reloadAllAccessors: .ForbiddenInstantanousLoop

===========================================================================================
----------------- testing Mon Dec 24 03:10:54 UTC 2018 /home/travis/build/icyphy/ptII/ptolemy/domains/modal/test/auto/FunctionDependencyOfFSMActorTest.xml
----------------- Instantiating /home/travis/build/icyphy/ptII/ptolemy/domains/modal/test/auto/FunctionDependencyOfFSMActorTest.xml
6 ms. Memory: 577024K Free: 450218K (78%)
----------------- Invoking toplevel() on ptolemy.moml.MoMLSimpleApplication@340be8d1
----------------- Done invoking toplevel() on ptolemy.moml.MoMLSimpleApplication@340be8d1
reloadAllAccessors: .FunctionDependencyOfFSMActorTest

===========================================================================================
----------------- testing Mon Dec 24 03:10:54 UTC 2018 /home/travis/build/icyphy/ptII/ptolemy/domains/modal/test/auto/GuardExpression.xml
----------------- Instantiating /home/travis/build/icyphy/ptII/ptolemy/domains/modal/test/auto/GuardExpression.xml
6 ms. Memory: 577024K Free: 440701K (76%)
----------------- Invoking toplevel() on ptolemy.moml.MoMLSimpleApplication@24191312
----------------- Done invoking toplevel() on ptolemy.moml.MoMLSimpleApplication@24191312
reloadAllAccessors: .GuardExpression

===========================================================================================
----------------- testing Mon Dec 24 03:10:54 UTC 2018 /home/travis/build/icyphy/ptII/ptolemy/domains/modal/test/auto/GuardNotEvaluated.xml
----------------- Instantiating /home/travis/build/icyphy/ptII/ptolemy/domains/modal/test/auto/GuardNotEvaluated.xml
4 ms. Memory: 577024K Free: 430952K (75%)
----------------- Invoking toplevel() on ptolemy.moml.MoMLSimpleApplication@3b347b25
----------------- Done invoking toplevel() on ptolemy.moml.MoMLSimpleApplication@3b347b25
reloadAllAccessors: .GuardNotEvaluated

===========================================================================================
----------------- testing Mon Dec 24 03:10:54 UTC 2018 /home/travis/build/icyphy/ptII/ptolemy/domains/modal/test/auto/GuardNotEvaluated2.xml
----------------- Instantiating /home/travis/build/icyphy/ptII/ptolemy/domains/modal/test/auto/GuardNotEvaluated2.xml
5 ms. Memory: 577024K Free: 421203K (73%)
----------------- Invoking toplevel() on ptolemy.moml.MoMLSimpleApplication@134b5c83
----------------- Done invoking toplevel() on ptolemy.moml.MoMLSimpleApplication@134b5c83
reloadAllAccessors: .GuardNotEvaluated2

===========================================================================================
----------------- testing Mon Dec 24 03:10:54 UTC 2018 /home/travis/build/icyphy/ptII/ptolemy/domains/modal/test/auto/GuardOnAbsent.xml
----------------- Instantiating /home/travis/build/icyphy/ptII/ptolemy/domains/modal/test/auto/GuardOnAbsent.xml
11 ms. Memory: 577024K Free: 409241K (71%)
----------------- Invoking toplevel() on ptolemy.moml.MoMLSimpleApplication@7572d71
----------------- Done invoking toplevel() on ptolemy.moml.MoMLSimpleApplication@7572d71
reloadAllAccessors: .GuardOnAbsent

===========================================================================================
----------------- testing Mon Dec 24 03:10:54 UTC 2018 /home/travis/build/icyphy/ptII/ptolemy/domains/modal/test/auto/HierarchicalFSMTypeInference.xml
----------------- Instantiating /home/travis/build/icyphy/ptII/ptolemy/domains/modal/test/auto/HierarchicalFSMTypeInference.xml
10 ms. Memory: 577024K Free: 394602K (68%)
----------------- Invoking toplevel() on ptolemy.moml.MoMLSimpleApplication@6de8921e
----------------- Done invoking toplevel() on ptolemy.moml.MoMLSimpleApplication@6de8921e
reloadAllAccessors: .HierarchicalFSMTypeInference

===========================================================================================
----------------- testing Mon Dec 24 03:10:54 UTC 2018 /home/travis/build/icyphy/ptII/ptolemy/domains/modal/test/auto/Hysteresis.xml
----------------- Instantiating /home/travis/build/icyphy/ptII/ptolemy/domains/modal/test/auto/Hysteresis.xml
18 ms. Memory: 577024K Free: 375313K (65%)
----------------- Invoking toplevel() on ptolemy.moml.MoMLSimpleApplication@3403234
----------------- Done invoking toplevel() on ptolemy.moml.MoMLSimpleApplication@3403234
reloadAllAccessors: .Hysteresis

===========================================================================================
----------------- testing Mon Dec 24 03:10:54 UTC 2018 /home/travis/build/icyphy/ptII/ptolemy/domains/modal/test/auto/HysteresisWithDefault.xml
----------------- Instantiating /home/travis/build/icyphy/ptII/ptolemy/domains/modal/test/auto/HysteresisWithDefault.xml
35 ms. Memory: 577024K Free: 348424K (60%)
----------------- Invoking toplevel() on ptolemy.moml.MoMLSimpleApplication@b031efc
----------------- Done invoking toplevel() on ptolemy.moml.MoMLSimpleApplication@b031efc
reloadAllAccessors: .HysteresisWithDefault

===========================================================================================
----------------- testing Mon Dec 24 03:10:54 UTC 2018 /home/travis/build/icyphy/ptII/ptolemy/domains/modal/test/auto/HysteresisWithDefault2.xml
----------------- Instantiating /home/travis/build/icyphy/ptII/ptolemy/domains/modal/test/auto/HysteresisWithDefault2.xml
44 ms. Memory: 577024K Free: 316613K (55%)
----------------- Invoking toplevel() on ptolemy.moml.MoMLSimpleApplication@2ab59696
----------------- Done invoking toplevel() on ptolemy.moml.MoMLSimpleApplication@2ab59696
reloadAllAccessors: .HysteresisWithDefault2

===========================================================================================
----------------- testing Mon Dec 24 03:10:54 UTC 2018 /home/travis/build/icyphy/ptII/ptolemy/domains/modal/test/auto/ImmediateNonConstructiveness.xml
----------------- Instantiating /home/travis/build/icyphy/ptII/ptolemy/domains/modal/test/auto/ImmediateNonConstructiveness.xml
4 ms. Memory: 577024K Free: 304675K (53%)
----------------- Invoking toplevel() on ptolemy.moml.MoMLSimpleApplication@4f486e22
----------------- Done invoking toplevel() on ptolemy.moml.MoMLSimpleApplication@4f486e22
reloadAllAccessors: .ImmediateNonConstructiveness

===========================================================================================
----------------- testing Mon Dec 24 03:10:54 UTC 2018 /home/travis/build/icyphy/ptII/ptolemy/domains/modal/test/auto/ImmediateNonConstructiveness2.xml
----------------- Instantiating /home/travis/build/icyphy/ptII/ptolemy/domains/modal/test/auto/ImmediateNonConstructiveness2.xml
2 ms. Memory: 577024K Free: 294910K (51%)
----------------- Invoking toplevel() on ptolemy.moml.MoMLSimpleApplication@6adb8dcb
----------------- Done invoking toplevel() on ptolemy.moml.MoMLSimpleApplication@6adb8dcb
reloadAllAccessors: .ImmediateNonConstructiveness2

===========================================================================================
----------------- testing Mon Dec 24 03:10:54 UTC 2018 /home/travis/build/icyphy/ptII/ptolemy/domains/modal/test/auto/ImmediateTransitionReset.xml
----------------- Instantiating /home/travis/build/icyphy/ptII/ptolemy/domains/modal/test/auto/ImmediateTransitionReset.xml
5 ms. Memory: 577024K Free: 280256K (49%)
----------------- Invoking toplevel() on ptolemy.moml.MoMLSimpleApplication@200323c2
----------------- Done invoking toplevel() on ptolemy.moml.MoMLSimpleApplication@200323c2
reloadAllAccessors: .ImmediateTransitionReset

===========================================================================================
----------------- testing Mon Dec 24 03:10:54 UTC 2018 /home/travis/build/icyphy/ptII/ptolemy/domains/modal/test/auto/ImmediateTransitions1.xml
----------------- Instantiating /home/travis/build/icyphy/ptII/ptolemy/domains/modal/test/auto/ImmediateTransitions1.xml
1 ms. Memory: 577024K Free: 270738K (47%)
----------------- Invoking toplevel() on ptolemy.moml.MoMLSimpleApplication@200bd92f
----------------- Done invoking toplevel() on ptolemy.moml.MoMLSimpleApplication@200bd92f
reloadAllAccessors: .ImmediateTransitions1

===========================================================================================
----------------- testing Mon Dec 24 03:10:54 UTC 2018 /home/travis/build/icyphy/ptII/ptolemy/domains/modal/test/auto/ImmediateTransitionsInstantaneousCommunication.xml
----------------- Instantiating /home/travis/build/icyphy/ptII/ptolemy/domains/modal/test/auto/ImmediateTransitionsInstantaneousCommunication.xml
6 ms. Memory: 577024K Free: 256076K (44%)
----------------- Invoking toplevel() on ptolemy.moml.MoMLSimpleApplication@283229b
----------------- Done invoking toplevel() on ptolemy.moml.MoMLSimpleApplication@283229b
reloadAllAccessors: .ImmediateTransitionsInstantaneousCommunication

===========================================================================================
----------------- testing Mon Dec 24 03:10:54 UTC 2018 /home/travis/build/icyphy/ptII/ptolemy/domains/modal/test/auto/InitialImmediateTransition.xml
----------------- Instantiating /home/travis/build/icyphy/ptII/ptolemy/domains/modal/test/auto/InitialImmediateTransition.xml
3 ms. Memory: 577024K Free: 246311K (43%)
----------------- Invoking toplevel() on ptolemy.moml.MoMLSimpleApplication@4523923
----------------- Done invoking toplevel() on ptolemy.moml.MoMLSimpleApplication@4523923
reloadAllAccessors: .InitialImmediateTransition

===========================================================================================
----------------- testing Mon Dec 24 03:10:54 UTC 2018 /home/travis/build/icyphy/ptII/ptolemy/domains/modal/test/auto/InitialOutputs.xml
----------------- Instantiating /home/travis/build/icyphy/ptII/ptolemy/domains/modal/test/auto/InitialOutputs.xml
2 ms. Memory: 577024K Free: 234341K (41%)
----------------- Invoking toplevel() on ptolemy.moml.MoMLSimpleApplication@38acfff9
----------------- Done invoking toplevel() on ptolemy.moml.MoMLSimpleApplication@38acfff9
reloadAllAccessors: .InitialOutputs

===========================================================================================
----------------- testing Mon Dec 24 03:10:54 UTC 2018 /home/travis/build/icyphy/ptII/ptolemy/domains/modal/test/auto/InitialStateTransition1.xml
----------------- Instantiating /home/travis/build/icyphy/ptII/ptolemy/domains/modal/test/auto/InitialStateTransition1.xml
2 ms. Memory: 577024K Free: 224584K (39%)
----------------- Invoking toplevel() on ptolemy.moml.MoMLSimpleApplication@429b69f9
----------------- Done invoking toplevel() on ptolemy.moml.MoMLSimpleApplication@429b69f9
reloadAllAccessors: .InitialStateTransition1

===========================================================================================
----------------- testing Mon Dec 24 03:10:54 UTC 2018 /home/travis/build/icyphy/ptII/ptolemy/domains/modal/test/auto/InitialStateTransition2.xml
----------------- Instantiating /home/travis/build/icyphy/ptII/ptolemy/domains/modal/test/auto/InitialStateTransition2.xml
.InitialStateTransition2.TestExceptionAttributeNonConstructive: initialize() was not invoked, but wrapup() was.  This is unusual, but not always a problem.  For example, exporting JNLP will do this.
1 ms. Memory: 577024K Free: 212646K (37%)
----------------- Invoking toplevel() on ptolemy.moml.MoMLSimpleApplication@42ce898a
----------------- Done invoking toplevel() on ptolemy.moml.MoMLSimpleApplication@42ce898a
reloadAllAccessors: .InitialStateTransition2

===========================================================================================
----------------- testing Mon Dec 24 03:10:54 UTC 2018 /home/travis/build/icyphy/ptII/ptolemy/domains/modal/test/auto/InitialStateTransition3.xml
----------------- Instantiating /home/travis/build/icyphy/ptII/ptolemy/domains/modal/test/auto/InitialStateTransition3.xml
5 ms. Memory: 577024K Free: 200428K (35%)
----------------- Invoking toplevel() on ptolemy.moml.MoMLSimpleApplication@3ad879d9
----------------- Done invoking toplevel() on ptolemy.moml.MoMLSimpleApplication@3ad879d9
reloadAllAccessors: .InitialStateTransition3

===========================================================================================
----------------- testing Mon Dec 24 03:10:54 UTC 2018 /home/travis/build/icyphy/ptII/ptolemy/domains/modal/test/auto/InitialStateTransition4.xml
----------------- Instantiating /home/travis/build/icyphy/ptII/ptolemy/domains/modal/test/auto/InitialStateTransition4.xml
3 ms. Memory: 577024K Free: 188226K (33%)
----------------- Invoking toplevel() on ptolemy.moml.MoMLSimpleApplication@7b5dd5d9
----------------- Done invoking toplevel() on ptolemy.moml.MoMLSimpleApplication@7b5dd5d9
[...]
----------------- Done invoking toplevel() on ptolemy.moml.MoMLSimpleApplication@144e51fa
reloadAllAccessors: .TerminationTransition3

===========================================================================================
----------------- testing Mon Dec 24 03:10:56 UTC 2018 /home/travis/build/icyphy/ptII/ptolemy/domains/modal/test/auto/TerminationTransition4.xml
----------------- Instantiating /home/travis/build/icyphy/ptII/ptolemy/domains/modal/test/auto/TerminationTransition4.xml
5 ms. Memory: 870400K Free: 102992K (12%)
----------------- Invoking toplevel() on ptolemy.moml.MoMLSimpleApplication@19655fe3
----------------- Done invoking toplevel() on ptolemy.moml.MoMLSimpleApplication@19655fe3
reloadAllAccessors: .TerminationTransition4

===========================================================================================
----------------- testing Mon Dec 24 03:10:56 UTC 2018 /home/travis/build/icyphy/ptII/ptolemy/domains/modal/test/auto/TerminationTransition5.xml
----------------- Instantiating /home/travis/build/icyphy/ptII/ptolemy/domains/modal/test/auto/TerminationTransition5.xml
2 ms. Memory: 870400K Free: 82168K (9%)
----------------- Invoking toplevel() on ptolemy.moml.MoMLSimpleApplication@fe2d7f
----------------- Done invoking toplevel() on ptolemy.moml.MoMLSimpleApplication@fe2d7f
reloadAllAccessors: .TerminationTransition5

===========================================================================================
----------------- testing Mon Dec 24 03:10:56 UTC 2018 /home/travis/build/icyphy/ptII/ptolemy/domains/modal/test/auto/TerminationTransition6.xml
----------------- Instantiating /home/travis/build/icyphy/ptII/ptolemy/domains/modal/test/auto/TerminationTransition6.xml
1 ms. Memory: 870400K Free: 847880K (97%)
----------------- Invoking toplevel() on ptolemy.moml.MoMLSimpleApplication@20452974
----------------- Done invoking toplevel() on ptolemy.moml.MoMLSimpleApplication@20452974
reloadAllAccessors: .TerminationTransition6

===========================================================================================
----------------- testing Mon Dec 24 03:10:56 UTC 2018 /home/travis/build/icyphy/ptII/ptolemy/domains/modal/test/auto/TerminationTransition7.xml
----------------- Instantiating /home/travis/build/icyphy/ptII/ptolemy/domains/modal/test/auto/TerminationTransition7.xml
4 ms. Memory: 870400K Free: 830288K (95%)
----------------- Invoking toplevel() on ptolemy.moml.MoMLSimpleApplication@2ddb978e
----------------- Done invoking toplevel() on ptolemy.moml.MoMLSimpleApplication@2ddb978e
reloadAllAccessors: .TerminationTransition7

===========================================================================================
----------------- testing Mon Dec 24 03:10:56 UTC 2018 /home/travis/build/icyphy/ptII/ptolemy/domains/modal/test/auto/TerminationTransition8.xml
----------------- Instantiating /home/travis/build/icyphy/ptII/ptolemy/domains/modal/test/auto/TerminationTransition8.xml
10 ms. Memory: 870400K Free: 814666K (94%)
----------------- Invoking toplevel() on ptolemy.moml.MoMLSimpleApplication@74c26e76
----------------- Done invoking toplevel() on ptolemy.moml.MoMLSimpleApplication@74c26e76
reloadAllAccessors: .TerminationTransition8

===========================================================================================
----------------- testing Mon Dec 24 03:10:56 UTC 2018 /home/travis/build/icyphy/ptII/ptolemy/domains/modal/test/auto/Thermostat_NoHysteresis.xml
----------------- Instantiating /home/travis/build/icyphy/ptII/ptolemy/domains/modal/test/auto/Thermostat_NoHysteresis.xml
35 ms. Memory: 870400K Free: 781573K (90%)
----------------- Invoking toplevel() on ptolemy.moml.MoMLSimpleApplication@3b80c6e3
----------------- Done invoking toplevel() on ptolemy.moml.MoMLSimpleApplication@3b80c6e3
reloadAllAccessors: .Thermostat_NoHysteresis

===========================================================================================
----------------- testing Mon Dec 24 03:10:56 UTC 2018 /home/travis/build/icyphy/ptII/ptolemy/domains/modal/test/auto/TimedFSM.xml
----------------- Instantiating /home/travis/build/icyphy/ptII/ptolemy/domains/modal/test/auto/TimedFSM.xml
7 ms. Memory: 870400K Free: 765951K (88%)
----------------- Invoking toplevel() on ptolemy.moml.MoMLSimpleApplication@af73604
----------------- Done invoking toplevel() on ptolemy.moml.MoMLSimpleApplication@af73604
reloadAllAccessors: .TimedFSM

===========================================================================================
----------------- testing Mon Dec 24 03:10:56 UTC 2018 /home/travis/build/icyphy/ptII/ptolemy/domains/modal/test/auto/Timeout1.xml
----------------- Instantiating /home/travis/build/icyphy/ptII/ptolemy/domains/modal/test/auto/Timeout1.xml
2 ms. Memory: 870400K Free: 753682K (87%)
----------------- Invoking toplevel() on ptolemy.moml.MoMLSimpleApplication@7d222a23
----------------- Done invoking toplevel() on ptolemy.moml.MoMLSimpleApplication@7d222a23
reloadAllAccessors: .Timeout1

===========================================================================================
----------------- testing Mon Dec 24 03:10:56 UTC 2018 /home/travis/build/icyphy/ptII/ptolemy/domains/modal/test/auto/Timeout2.xml
----------------- Instantiating /home/travis/build/icyphy/ptII/ptolemy/domains/modal/test/auto/Timeout2.xml
4 ms. Memory: 870400K Free: 738060K (85%)
----------------- Invoking toplevel() on ptolemy.moml.MoMLSimpleApplication@35b0dde7
----------------- Done invoking toplevel() on ptolemy.moml.MoMLSimpleApplication@35b0dde7
reloadAllAccessors: .Timeout2

===========================================================================================
----------------- testing Mon Dec 24 03:10:56 UTC 2018 /home/travis/build/icyphy/ptII/ptolemy/domains/modal/test/auto/Timeout3.xml
----------------- Instantiating /home/travis/build/icyphy/ptII/ptolemy/domains/modal/test/auto/Timeout3.xml
3 ms. Memory: 870400K Free: 725791K (83%)
----------------- Invoking toplevel() on ptolemy.moml.MoMLSimpleApplication@7d73a6f6
----------------- Done invoking toplevel() on ptolemy.moml.MoMLSimpleApplication@7d73a6f6
reloadAllAccessors: .Timeout3

===========================================================================================
----------------- testing Mon Dec 24 03:10:56 UTC 2018 /home/travis/build/icyphy/ptII/ptolemy/domains/modal/test/auto/Timeout4.xml
----------------- Instantiating /home/travis/build/icyphy/ptII/ptolemy/domains/modal/test/auto/Timeout4.xml
2 ms. Memory: 870400K Free: 715387K (82%)
----------------- Invoking toplevel() on ptolemy.moml.MoMLSimpleApplication@5f2e8dac
----------------- Done invoking toplevel() on ptolemy.moml.MoMLSimpleApplication@5f2e8dac
reloadAllAccessors: .Timeout4

===========================================================================================
----------------- testing Mon Dec 24 03:10:56 UTC 2018 /home/travis/build/icyphy/ptII/ptolemy/domains/modal/test/auto/TransientstateModelAdvanced.xml
----------------- Instantiating /home/travis/build/icyphy/ptII/ptolemy/domains/modal/test/auto/TransientstateModelAdvanced.xml
3 ms. Memory: 870400K Free: 692706K (80%)
----------------- Invoking toplevel() on ptolemy.moml.MoMLSimpleApplication@405fe976
----------------- Done invoking toplevel() on ptolemy.moml.MoMLSimpleApplication@405fe976
reloadAllAccessors: .TransientstateModelAdvanced

===========================================================================================
----------------- testing Mon Dec 24 03:10:56 UTC 2018 /home/travis/build/icyphy/ptII/ptolemy/domains/modal/test/auto/TransientstateModelAdvanced2.xml
----------------- Instantiating /home/travis/build/icyphy/ptII/ptolemy/domains/modal/test/auto/TransientstateModelAdvanced2.xml
5 ms. Memory: 870400K Free: 671882K (77%)
----------------- Invoking toplevel() on ptolemy.moml.MoMLSimpleApplication@2f27b3f8
----------------- Done invoking toplevel() on ptolemy.moml.MoMLSimpleApplication@2f27b3f8
reloadAllAccessors: .transientstatemodelAdvanced

===========================================================================================
----------------- testing Mon Dec 24 03:10:57 UTC 2018 /home/travis/build/icyphy/ptII/ptolemy/domains/modal/test/auto/TransitionRefinements.xml
----------------- Instantiating /home/travis/build/icyphy/ptII/ptolemy/domains/modal/test/auto/TransitionRefinements.xml
10 ms. Memory: 870400K Free: 654395K (75%)
----------------- Invoking toplevel() on ptolemy.moml.MoMLSimpleApplication@2e50b09a
----------------- Done invoking toplevel() on ptolemy.moml.MoMLSimpleApplication@2e50b09a
reloadAllAccessors: .TransitionRefinements

===========================================================================================
----------------- testing Mon Dec 24 03:10:57 UTC 2018 /home/travis/build/icyphy/ptII/ptolemy/domains/modal/test/auto/TwoRefinements1.xml
----------------- Instantiating /home/travis/build/icyphy/ptII/ptolemy/domains/modal/test/auto/TwoRefinements1.xml
3 ms. Memory: 870400K Free: 638773K (73%)
----------------- Invoking toplevel() on ptolemy.moml.MoMLSimpleApplication@19161013
----------------- Done invoking toplevel() on ptolemy.moml.MoMLSimpleApplication@19161013
reloadAllAccessors: .TwoRefinements1

===========================================================================================
----------------- testing Mon Dec 24 03:10:57 UTC 2018 /home/travis/build/icyphy/ptII/ptolemy/domains/modal/test/auto/TwoRefinements2.xml
----------------- Instantiating /home/travis/build/icyphy/ptII/ptolemy/domains/modal/test/auto/TwoRefinements2.xml
2 ms. Memory: 870400K Free: 621287K (71%)
----------------- Invoking toplevel() on ptolemy.moml.MoMLSimpleApplication@ba0c3ff
----------------- Done invoking toplevel() on ptolemy.moml.MoMLSimpleApplication@ba0c3ff
reloadAllAccessors: .TwoRefinements2

===========================================================================================
----------------- testing Mon Dec 24 03:10:57 UTC 2018 /home/travis/build/icyphy/ptII/ptolemy/domains/modal/test/auto/WeakImmediateTransition.xml
----------------- Instantiating /home/travis/build/icyphy/ptII/ptolemy/domains/modal/test/auto/WeakImmediateTransition.xml
3 ms. Memory: 870400K Free: 605665K (70%)
----------------- Invoking toplevel() on ptolemy.moml.MoMLSimpleApplication@48ce06ff
----------------- Done invoking toplevel() on ptolemy.moml.MoMLSimpleApplication@48ce06ff
reloadAllAccessors: .WeakImmediateTransition

===========================================================================================
----------------- testing Mon Dec 24 03:10:57 UTC 2018 /home/travis/build/icyphy/ptII/ptolemy/domains/modal/test/auto/booleanSelect.xml
----------------- Instantiating /home/travis/build/icyphy/ptII/ptolemy/domains/modal/test/auto/booleanSelect.xml
31 ms. Memory: 870400K Free: 577758K (66%)
----------------- Invoking toplevel() on ptolemy.moml.MoMLSimpleApplication@636d69cc
----------------- Done invoking toplevel() on ptolemy.moml.MoMLSimpleApplication@636d69cc
reloadAllAccessors: .booleanSelect

===========================================================================================
----------------- testing Mon Dec 24 03:10:57 UTC 2018 /home/travis/build/icyphy/ptII/ptolemy/domains/modal/test/auto/modalChangingParams.xml
----------------- Instantiating /home/travis/build/icyphy/ptII/ptolemy/domains/modal/test/auto/modalChangingParams.xml
0
1
0
2
4
6
8
7
0
2
4
6
8
13
0
2
4
6
8
19
0
2
4
6
8
25
0
2
4
6
8
31
0
2
4
6
8
37
0
2
4
6
8
43
0
2
4
6
8
49
0
2
4
6
8
55
0
2
4
6
8
61
0
2
4
6
8
67
0
2
4
6
8
73
0
2
4
6
8
79
0
2
4
6
8
85
0
2
4
6
8
91
0
2
4
6
8
97
0
2
4
6
8
103
0
2
4
6
8
109
0
2
4
6
8
115
0
2
4
6
8
121
0
2
4
6
8
127
0
2
4
6
8
133
0
2
4
6
8
139
0
2
4
6
8
145
0
2
4
6
8
151
0
2
4
6
8
157
0
2
4
6
8
163
0
2
4
6
8
169
0
2
4
6
8
175
0
2
4
6
8
181
0
2
4
6
8
187
0
2
4
6
8
193
0
2
4
6
8
199
0
2
4
6
8
205
0
2
4
6
8
211
0
2
4
6
8
217
0
2
4
6
8
223
0
2
4
6
8
229
0
2
4
6
8
235
0
2
4
6
8
241
0
2
4
6
8
247
0
2
4
6
8
253
0
2
4
6
8
259
0
2
4
6
8
265
0
2
4
6
8
271
0
2
4
6
8
277
0
2
4
6
8
283
0
2
4
6
8
289
0
2
4
6
8
295
0
2
4
6
8
301
0
2
4
6
8
307
0
2
4
6
8
313
0
2
4
6
8
319
0
2
4
6
8
325
0
2
4
6
8
331
0
2
4
6
8
337
0
2
4
6
8
343
0
2
4
6
8
349
0
2
4
6
8
355
0
2
4
6
8
361
0
2
4
6
8
367
0
2
4
6
8
373
0
2
4
6
8
379
0
2
4
6
8
385
0
2
4
6
8
391
0
2
4
6
8
397
0
2
4
6
8
403
0
2
4
6
8
409
0
2
4
6
8
415
0
2
4
6
8
421
0
2
4
6
8
427
0
2
4
6
8
433
0
2
4
6
8
439
0
2
4
6
8
445
0
2
4
6
8
451
0
2
4
6
8
457
0
2
4
6
8
463
0
2
4
6
8
469
0
2
4
6
8
475
0
2
4
6
8
481
0
2
4
6
8
487
0
2
4
6
8
493
0
2
4
6
8
499
0
2
4
6
8
505
0
2
4
6
8
511
0
2
4
6
8
517
0
2
4
6
8
523
0
2
4
6
8
529
0
2
4
6
8
535
0
2
4
6
8
541
0
2
4
6
8
547
0
2
4
6
8
553
0
2
4
6
8
559
0
2
4
6
8
565
0
2
4
6
8
571
0
2
4
6
8
577
0
2
4
6
8
583
0
2
4
6
8
589
0
2
4
6
8
595
0
2
4
6
8
601
0
2
4
6
8
607
0
2
4
6
8
613
0
2
4
6
8
619
0
2
4
6
8
625
0
2
4
6
8
631
0
2
4
6
8
637
0
2
4
6
8
643
0
2
4
6
8
649
0
2
4
6
8
655
0
2
4
6
8
661
0
2
4
6
8
667
0
2
4
6
8
673
0
2
4
6
8
679
0
2
4
6
8
685
0
2
4
6
8
691
0
2
4
6
8
697
0
2
4
6
8
703
0
2
4
6
8
709
0
2
4
6
8
715
0
2
4
6
8
721
0
2
4
6
8
727
0
2
4
6
8
733
0
2
4
6
8
739
0
2
4
6
8
745
0
2
4
6
8
751
0
2
4
6
8
757
0
2
4
6
8
763
0
2
4
6
8
769
0
2
4
6
8
775
0
2
4
6
8
781
0
2
4
6
8
787
0
2
4
6
8
793
0
2
4
6
8
799
0
2
4
6
8
805
0
2
4
6
8
811
0
2
4
6
8
817
0
2
4
6
8
823
0
2
4
6
8
829
0
2
4
6
8
835
0
2
4
6
8
841
0
2
4
6
8
847
0
2
4
6
8
853
0
2
4
6
8
859
0
2
4
6
8
865
0
2
4
6
8
871
0
2
4
6
8
877
0
2
4
6
8
883
0
2
4
6
8
889
0
2
4
6
8
895
0
2
4
6
8
901
0
2
4
6
8
907
0
2
4
6
8
913
0
2
4
6
8
919
0
2
4
6
8
925
0
2
4
6
8
931
0
2
4
6
8
937
0
2
4
6
8
943
0
2
4
6
8
949
0
2
4
6
8
955
0
2
4
6
8
961
0
2
4
6
8
967
0
2
4
6
8
973
0
2
4
6
8
979
0
2
4
6
8
985
0
2
4
6
8
991
0
2
4
6
8
997
0
2
229 ms. Memory: 870400K Free: 457913K (53%)
----------------- Invoking toplevel() on ptolemy.moml.MoMLSimpleApplication@2aa38841
----------------- Done invoking toplevel() on ptolemy.moml.MoMLSimpleApplication@2aa38841
reloadAllAccessors: .modalChangingParams

===========================================================================================
----------------- testing Mon Dec 24 03:10:57 UTC 2018 /home/travis/build/icyphy/ptII/ptolemy/domains/modal/test/auto/modalModel.xml
----------------- Instantiating /home/travis/build/icyphy/ptII/ptolemy/domains/modal/test/auto/modalModel.xml
5 ms. Memory: 870400K Free: 442299K (51%)
----------------- Invoking toplevel() on ptolemy.moml.MoMLSimpleApplication@55ba8c93
----------------- Done invoking toplevel() on ptolemy.moml.MoMLSimpleApplication@55ba8c93
reloadAllAccessors: .modalModel

===========================================================================================
----------------- testing Mon Dec 24 03:10:57 UTC 2018 /home/travis/build/icyphy/ptII/ptolemy/domains/modal/test/auto/modalModel2.xml
----------------- Instantiating /home/travis/build/icyphy/ptII/ptolemy/domains/modal/test/auto/modalModel2.xml
11 ms. Memory: 870400K Free: 424812K (49%)
----------------- Invoking toplevel() on ptolemy.moml.MoMLSimpleApplication@38a6967c
----------------- Done invoking toplevel() on ptolemy.moml.MoMLSimpleApplication@38a6967c
reloadAllAccessors: .modalModel2

===========================================================================================
----------------- testing Mon Dec 24 03:10:57 UTC 2018 /home/travis/build/icyphy/ptII/ptolemy/domains/modal/test/auto/modalModel3.xml
----------------- Instantiating /home/travis/build/icyphy/ptII/ptolemy/domains/modal/test/auto/modalModel3.xml
0	0	0
1	0	1
4	2	2
7	4	3
10	6	4
5	0	5
8	2	6
11	4	7
14	6	8
9	0	9
12	2	10
15	4	11
18	6	12
13	0	13
16	2	14
17 ms. Memory: 870400K Free: 403973K (46%)
----------------- Invoking toplevel() on ptolemy.moml.MoMLSimpleApplication@49279ed9
----------------- Done invoking toplevel() on ptolemy.moml.MoMLSimpleApplication@49279ed9
reloadAllAccessors: .modalModel3

===========================================================================================
----------------- testing Mon Dec 24 03:10:57 UTC 2018 /home/travis/build/icyphy/ptII/ptolemy/domains/modal/test/auto/model1.xml
----------------- Instantiating /home/travis/build/icyphy/ptII/ptolemy/domains/modal/test/auto/model1.xml
10 ms. Memory: 870400K Free: 391704K (45%)
----------------- Invoking toplevel() on ptolemy.moml.MoMLSimpleApplication@4b083788
----------------- Done invoking toplevel() on ptolemy.moml.MoMLSimpleApplication@4b083788
reloadAllAccessors: .model1

===========================================================================================
----------------- testing Mon Dec 24 03:10:57 UTC 2018 /home/travis/build/icyphy/ptII/ptolemy/domains/modal/test/auto/test-direct-in-out.xml
----------------- Instantiating /home/travis/build/icyphy/ptII/ptolemy/domains/modal/test/auto/test-direct-in-out.xml
4 ms. Memory: 870400K Free: 376090K (43%)
----------------- Invoking toplevel() on ptolemy.moml.MoMLSimpleApplication@49b8c3d
----------------- Done invoking toplevel() on ptolemy.moml.MoMLSimpleApplication@49b8c3d
reloadAllAccessors: .test-direct-in-out
AutoTests.java: About to close Vertx.
AutoTests.java: Vertx closed.
]]></system-out>
  <system-err><![CDATA[java.lang.RuntimeException: Execution failed
	at ptolemy.moml.MoMLSimpleApplication$UnloadThread.run(MoMLSimpleApplication.java:402)
Caused by: ptolemy.kernel.util.IllegalActionException: Unknown inputs remain. Possible causality loop:
L_model_1893289564i

  in .CannotAnalysisWithPreemption.model_1893289564_region_1 and .CannotAnalysisWithPreemption.model_1893289564_region_1.L_model_1893289564i
	at ptolemy.actor.sched.FixedPointDirector.postfire(FixedPointDirector.java:515)
	at ptolemy.domains.sr.kernel.SRDirector.postfire(SRDirector.java:417)
	at ptolemy.actor.CompositeActor.postfire(CompositeActor.java:1668)
	at ptolemy.actor.Manager.iterate(Manager.java:852)
	at ptolemy.actor.Manager.execute(Manager.java:369)
	at ptolemy.actor.Manager.run(Manager.java:1263)
	at ptolemy.actor.Manager$PtolemyRunThread.run(Manager.java:1915)
java.lang.reflect.InvocationTargetException
	at sun.reflect.NativeConstructorAccessorImpl.newInstance0(Native Method)
	at sun.reflect.NativeConstructorAccessorImpl.newInstance(NativeConstructorAccessorImpl.java:62)
	at sun.reflect.DelegatingConstructorAccessorImpl.newInstance(DelegatingConstructorAccessorImpl.java:45)
	at java.lang.reflect.Constructor.newInstance(Constructor.java:423)
	at ptolemy.util.test.junit.AutoKnownFailedTests.RunModel(AutoKnownFailedTests.java:105)
	at sun.reflect.NativeMethodAccessorImpl.invoke0(Native Method)
	at sun.reflect.NativeMethodAccessorImpl.invoke(NativeMethodAccessorImpl.java:62)
	at sun.reflect.DelegatingMethodAccessorImpl.invoke(DelegatingMethodAccessorImpl.java:43)
	at java.lang.reflect.Method.invoke(Method.java:498)
	at org.junit.runners.model.FrameworkMethod$1.runReflectiveCall(FrameworkMethod.java:44)
	at org.junit.internal.runners.model.ReflectiveCallable.run(ReflectiveCallable.java:15)
	at org.junit.runners.model.FrameworkMethod.invokeExplosively(FrameworkMethod.java:41)
	at junitparams.internal.InvokeParameterisedMethod.evaluate(InvokeParameterisedMethod.java:102)
	at org.junit.internal.runners.statements.FailOnTimeout$1.run(FailOnTimeout.java:28)
Caused by: ptolemy.kernel.util.IllegalActionException: Unknown inputs remain. Possible causality loop:
L_model_1893289564i

  in .CannotAnalysisWithPreemption.model_1893289564_region_1 and .CannotAnalysisWithPreemption.model_1893289564_region_1.L_model_1893289564i
	at ptolemy.actor.sched.FixedPointDirector.postfire(FixedPointDirector.java:515)
	at ptolemy.domains.sr.kernel.SRDirector.postfire(SRDirector.java:417)
	at ptolemy.actor.CompositeActor.postfire(CompositeActor.java:1668)
	at ptolemy.actor.Manager.iterate(Manager.java:852)
	at ptolemy.actor.Manager.execute(Manager.java:369)
	at ptolemy.actor.Manager.run(Manager.java:1263)
	at ptolemy.actor.Manager$PtolemyRunThread.run(Manager.java:1915)
]]></system-err>
</testsuite>
