<?xml version="1.0" encoding="UTF-8" ?>
<testsuite errors="0" failures="0" hostname="travis-job-d2f22f89-e946-4fc1-bd7d-396aba6ab4c4" name="ptolemy.domains.de.test.junit.JUnitTclTest" skipped="0" tests="101" time="126.752" timestamp="2020-08-13T15:24:22">
  <properties>
[...]
</properties>
  <testcase classname="ptolemy.util.test.junit.TclTests" name="[0] /home/travis/build/icyphy/ptII/ptolemy/domains/de/test/DependencyLoop.tcl (RunTclFile)" time="1.314" />
  <testcase classname="ptolemy.util.test.junit.TclTests" name="[1] /home/travis/build/icyphy/ptII/ptolemy/domains/de/test/RunDETestsAsQSS.tcl (RunTclFile)" time="85.646" />
  <testcase classname="ptolemy.util.test.junit.AutoKnownFailedTests" name="[0] /home/travis/build/icyphy/ptII/ptolemy/domains/de/test/auto/knownFailedTests/DESDFClockTest.xml (RunModel)" time="2.059" />
  <testcase classname="ptolemy.util.test.junit.AutoKnownFailedTests" name="[1] /home/travis/build/icyphy/ptII/ptolemy/domains/de/test/auto/knownFailedTests/DirectFeedback.xml (RunModel)" time="0.025" />
  <testcase classname="ptolemy.util.test.junit.AutoKnownFailedTests" name="[2] /home/travis/build/icyphy/ptII/ptolemy/domains/de/test/auto/knownFailedTests/FSMSource.xml (RunModel)" time="0.027" />
  <testcase classname="ptolemy.util.test.junit.AutoKnownFailedTests" name="[3] /home/travis/build/icyphy/ptII/ptolemy/domains/de/test/auto/knownFailedTests/HierarchicalModel.xml (RunModel)" time="0.043" />
  <testcase classname="ptolemy.util.test.junit.AutoKnownFailedTests" name="[4] /home/travis/build/icyphy/ptII/ptolemy/domains/de/test/auto/knownFailedTests/dependencyLoop.xml (RunModel)" time="0.043" />
  <testcase classname="ptolemy.util.test.junit.AutoKnownFailedTests" name="[5] /home/travis/build/icyphy/ptII/ptolemy/domains/de/test/auto/knownFailedTests/dependencyLoop2.xml (RunModel)" time="0.053" />
  <testcase classname="ptolemy.util.test.junit.AutoNameArchTests" name="[0] ThereAreNoAutoArchTests (RunModel)" time="0.001" />
  <testcase classname="ptolemy.util.test.junit.AutoTests" name="[0] /home/travis/build/icyphy/ptII/ptolemy/domains/de/test/auto/ActorDepthCalculation_actorWithoutPorts.xml (RunModel)" time="0.028" />
  <testcase classname="ptolemy.util.test.junit.AutoTests" name="[1] /home/travis/build/icyphy/ptII/ptolemy/domains/de/test/auto/AssemblyLine.xml (RunModel)" time="0.024" />
  <testcase classname="ptolemy.util.test.junit.AutoTests" name="[2] /home/travis/build/icyphy/ptII/ptolemy/domains/de/test/auto/CQBug1.xml (RunModel)" time="0.013" />
  <testcase classname="ptolemy.util.test.junit.AutoTests" name="[3] /home/travis/build/icyphy/ptII/ptolemy/domains/de/test/auto/CancelFireAt.xml (RunModel)" time="0.013" />
  <testcase classname="ptolemy.util.test.junit.AutoTests" name="[4] /home/travis/build/icyphy/ptII/ptolemy/domains/de/test/auto/CausalityAndComposabilityAnalysis.xml (RunModel)" time="0.02" />
  <testcase classname="ptolemy.util.test.junit.AutoTests" name="[5] /home/travis/build/icyphy/ptII/ptolemy/domains/de/test/auto/CausalityInterface1.xml (RunModel)" time="0.016" />
  <testcase classname="ptolemy.util.test.junit.AutoTests" name="[6] /home/travis/build/icyphy/ptII/ptolemy/domains/de/test/auto/CausalityInterface15.xml (RunModel)" time="0.019" />
  <testcase classname="ptolemy.util.test.junit.AutoTests" name="[7] /home/travis/build/icyphy/ptII/ptolemy/domains/de/test/auto/CausalityInterface2.xml (RunModel)" time="0.013" />
  <testcase classname="ptolemy.util.test.junit.AutoTests" name="[8] /home/travis/build/icyphy/ptII/ptolemy/domains/de/test/auto/CausalityInterface3.xml (RunModel)" time="0.012" />
  <testcase classname="ptolemy.util.test.junit.AutoTests" name="[9] /home/travis/build/icyphy/ptII/ptolemy/domains/de/test/auto/ClockDrift.xml (RunModel)" time="0.036" />
  <testcase classname="ptolemy.util.test.junit.AutoTests" name="[10] /home/travis/build/icyphy/ptII/ptolemy/domains/de/test/auto/ClockDriftAndValueChange.xml (RunModel)" time="0.034" />
  <testcase classname="ptolemy.util.test.junit.AutoTests" name="[11] /home/travis/build/icyphy/ptII/ptolemy/domains/de/test/auto/ClockDriftChange.xml (RunModel)" time="0.033" />
  <testcase classname="ptolemy.util.test.junit.AutoTests" name="[12] /home/travis/build/icyphy/ptII/ptolemy/domains/de/test/auto/ComposableCausalityAnalysis.xml (RunModel)" time="0.015" />
  <testcase classname="ptolemy.util.test.junit.AutoTests" name="[13] /home/travis/build/icyphy/ptII/ptolemy/domains/de/test/auto/DEFixedPointLimitation.xml (RunModel)" time="0.01" />
  <testcase classname="ptolemy.util.test.junit.AutoTests" name="[14] /home/travis/build/icyphy/ptII/ptolemy/domains/de/test/auto/DEScheduleTest.xml (RunModel)" time="0.014" />
  <testcase classname="ptolemy.util.test.junit.AutoTests" name="[15] /home/travis/build/icyphy/ptII/ptolemy/domains/de/test/auto/DEinDEwithStartTimes.xml (RunModel)" time="0.016" />
  <testcase classname="ptolemy.util.test.junit.AutoTests" name="[16] /home/travis/build/icyphy/ptII/ptolemy/domains/de/test/auto/DEinDEwithStartTimes2.xml (RunModel)" time="0.023" />
  <testcase classname="ptolemy.util.test.junit.AutoTests" name="[17] /home/travis/build/icyphy/ptII/ptolemy/domains/de/test/auto/DateDemo.xml (RunModel)" time="0.035" />
  <testcase classname="ptolemy.util.test.junit.AutoTests" name="[18] /home/travis/build/icyphy/ptII/ptolemy/domains/de/test/auto/DateToEvent.xml (RunModel)" time="2.045" />
  <testcase classname="ptolemy.util.test.junit.AutoTests" name="[19] /home/travis/build/icyphy/ptII/ptolemy/domains/de/test/auto/DepthTest1.xml (RunModel)" time="0.009" />
  <testcase classname="ptolemy.util.test.junit.AutoTests" name="[20] /home/travis/build/icyphy/ptII/ptolemy/domains/de/test/auto/DepthTest2.xml (RunModel)" time="0.026" />
  <testcase classname="ptolemy.util.test.junit.AutoTests" name="[21] /home/travis/build/icyphy/ptII/ptolemy/domains/de/test/auto/DepthTest3.xml (RunModel)" time="0.009" />
  <testcase classname="ptolemy.util.test.junit.AutoTests" name="[22] /home/travis/build/icyphy/ptII/ptolemy/domains/de/test/auto/DepthTest4.xml (RunModel)" time="0.021" />
  <testcase classname="ptolemy.util.test.junit.AutoTests" name="[23] /home/travis/build/icyphy/ptII/ptolemy/domains/de/test/auto/DepthTest5.xml (RunModel)" time="0.031" />
  <testcase classname="ptolemy.util.test.junit.AutoTests" name="[24] /home/travis/build/icyphy/ptII/ptolemy/domains/de/test/auto/DepthTest6.xml (RunModel)" time="0.016" />
  <testcase classname="ptolemy.util.test.junit.AutoTests" name="[25] /home/travis/build/icyphy/ptII/ptolemy/domains/de/test/auto/DepthTest7.xml (RunModel)" time="0.013" />
  <testcase classname="ptolemy.util.test.junit.AutoTests" name="[26] /home/travis/build/icyphy/ptII/ptolemy/domains/de/test/auto/EventToDate.xml (RunModel)" time="3.044" />
  <testcase classname="ptolemy.util.test.junit.AutoTests" name="[27] /home/travis/build/icyphy/ptII/ptolemy/domains/de/test/auto/FSM1.xml (RunModel)" time="0.04" />
  <testcase classname="ptolemy.util.test.junit.AutoTests" name="[28] /home/travis/build/icyphy/ptII/ptolemy/domains/de/test/auto/FSM7.xml (RunModel)" time="0.05" />
  <testcase classname="ptolemy.util.test.junit.AutoTests" name="[29] /home/travis/build/icyphy/ptII/ptolemy/domains/de/test/auto/Inspection.xml (RunModel)" time="0.046" />
  <testcase classname="ptolemy.util.test.junit.AutoTests" name="[30] /home/travis/build/icyphy/ptII/ptolemy/domains/de/test/auto/Iteration.xml (RunModel)" time="0.028" />
  <testcase classname="ptolemy.util.test.junit.AutoTests" name="[31] /home/travis/build/icyphy/ptII/ptolemy/domains/de/test/auto/LineFault.xml (RunModel)" time="0.533" />
  <testcase classname="ptolemy.util.test.junit.AutoTests" name="[32] /home/travis/build/icyphy/ptII/ptolemy/domains/de/test/auto/MergeModel1Add.xml (RunModel)" time="0.043" />
  <testcase classname="ptolemy.util.test.junit.AutoTests" name="[33] /home/travis/build/icyphy/ptII/ptolemy/domains/de/test/auto/MergeModel2Add.xml (RunModel)" time="0.036" />
  <testcase classname="ptolemy.util.test.junit.AutoTests" name="[34] /home/travis/build/icyphy/ptII/ptolemy/domains/de/test/auto/MergeModel3Add.xml (RunModel)" time="0.043" />
  <testcase classname="ptolemy.util.test.junit.AutoTests" name="[35] /home/travis/build/icyphy/ptII/ptolemy/domains/de/test/auto/MergeWithoutDiscard.xml (RunModel)" time="0.012" />
  <testcase classname="ptolemy.util.test.junit.AutoTests" name="[36] /home/travis/build/icyphy/ptII/ptolemy/domains/de/test/auto/Modal1.xml (RunModel)" time="0.03" />
  <testcase classname="ptolemy.util.test.junit.AutoTests" name="[37] /home/travis/build/icyphy/ptII/ptolemy/domains/de/test/auto/Modal2.xml (RunModel)" time="0.028" />
  <testcase classname="ptolemy.util.test.junit.AutoTests" name="[38] /home/travis/build/icyphy/ptII/ptolemy/domains/de/test/auto/Modal3.xml (RunModel)" time="0.029" />
  <testcase classname="ptolemy.util.test.junit.AutoTests" name="[39] /home/travis/build/icyphy/ptII/ptolemy/domains/de/test/auto/Modal4.xml (RunModel)" time="0.034" />
  <testcase classname="ptolemy.util.test.junit.AutoTests" name="[40] /home/travis/build/icyphy/ptII/ptolemy/domains/de/test/auto/Modal5.xml (RunModel)" time="0.04" />
  <testcase classname="ptolemy.util.test.junit.AutoTests" name="[41] /home/travis/build/icyphy/ptII/ptolemy/domains/de/test/auto/Modal6.xml (RunModel)" time="0.029" />
  <testcase classname="ptolemy.util.test.junit.AutoTests" name="[42] /home/travis/build/icyphy/ptII/ptolemy/domains/de/test/auto/Modal7.xml (RunModel)" time="0.036" />
  <testcase classname="ptolemy.util.test.junit.AutoTests" name="[43] /home/travis/build/icyphy/ptII/ptolemy/domains/de/test/auto/ModalModel.xml (RunModel)" time="0.171" />
  <testcase classname="ptolemy.util.test.junit.AutoTests" name="[44] /home/travis/build/icyphy/ptII/ptolemy/domains/de/test/auto/ModalSource.xml (RunModel)" time="0.02" />
  <testcase classname="ptolemy.util.test.junit.AutoTests" name="[45] /home/travis/build/icyphy/ptII/ptolemy/domains/de/test/auto/NonInterruptibleTimerZeroDelay.xml (RunModel)" time="0.011" />
  <testcase classname="ptolemy.util.test.junit.AutoTests" name="[46] /home/travis/build/icyphy/ptII/ptolemy/domains/de/test/auto/OpenQueueingNetwork.xml (RunModel)" time="2.489" />
  <testcase classname="ptolemy.util.test.junit.AutoTests" name="[47] /home/travis/build/icyphy/ptII/ptolemy/domains/de/test/auto/OpenQueuingNetwork.xml (RunModel)" time="0.263" />
  <testcase classname="ptolemy.util.test.junit.AutoTests" name="[48] /home/travis/build/icyphy/ptII/ptolemy/domains/de/test/auto/PeriodicSampler.xml (RunModel)" time="0.015" />
  <testcase classname="ptolemy.util.test.junit.AutoTests" name="[49] /home/travis/build/icyphy/ptII/ptolemy/domains/de/test/auto/PersistentIO.xml (RunModel)" time="0.023" />
  <testcase classname="ptolemy.util.test.junit.AutoTests" name="[50] /home/travis/build/icyphy/ptII/ptolemy/domains/de/test/auto/PortParameterResetOnInitialize.xml (RunModel)" time="0.012" />
  <testcase classname="ptolemy.util.test.junit.AutoTests" name="[51] /home/travis/build/icyphy/ptII/ptolemy/domains/de/test/auto/PortParameterUpdates.xml (RunModel)" time="0.015" />
  <testcase classname="ptolemy.util.test.junit.AutoTests" name="[52] /home/travis/build/icyphy/ptII/ptolemy/domains/de/test/auto/QueueAndServer.xml (RunModel)" time="0.02" />
  <testcase classname="ptolemy.util.test.junit.AutoTests" name="[53] /home/travis/build/icyphy/ptII/ptolemy/domains/de/test/auto/Records.xml (RunModel)" time="0.014" />
  <testcase classname="ptolemy.util.test.junit.AutoTests" name="[54] /home/travis/build/icyphy/ptII/ptolemy/domains/de/test/auto/ResetTransitionWithStartTime1.xml (RunModel)" time="0.017" />
  <testcase classname="ptolemy.util.test.junit.AutoTests" name="[55] /home/travis/build/icyphy/ptII/ptolemy/domains/de/test/auto/ResetTransitionWithStartTime2.xml (RunModel)" time="0.022" />
  <testcase classname="ptolemy.util.test.junit.AutoTests" name="[56] /home/travis/build/icyphy/ptII/ptolemy/domains/de/test/auto/ResetTransitionWithStartTime3.xml (RunModel)" time="0.02" />
  <testcase classname="ptolemy.util.test.junit.AutoTests" name="[57] /home/travis/build/icyphy/ptII/ptolemy/domains/de/test/auto/ResetTransitionWithStartTime4.xml (RunModel)" time="0.019" />
  <testcase classname="ptolemy.util.test.junit.AutoTests" name="[58] /home/travis/build/icyphy/ptII/ptolemy/domains/de/test/auto/ResettableTimer1.xml (RunModel)" time="0.01" />
  <testcase classname="ptolemy.util.test.junit.AutoTests" name="[59] /home/travis/build/icyphy/ptII/ptolemy/domains/de/test/auto/ResettableTimer2.xml (RunModel)" time="0.01" />
  <testcase classname="ptolemy.util.test.junit.AutoTests" name="[60] /home/travis/build/icyphy/ptII/ptolemy/domains/de/test/auto/ResettableTimer3.xml (RunModel)" time="0.01" />
  <testcase classname="ptolemy.util.test.junit.AutoTests" name="[61] /home/travis/build/icyphy/ptII/ptolemy/domains/de/test/auto/ResettableTimer4.xml (RunModel)" time="0.011" />
  <testcase classname="ptolemy.util.test.junit.AutoTests" name="[62] /home/travis/build/icyphy/ptII/ptolemy/domains/de/test/auto/ResettableTimer5.xml (RunModel)" time="0.01" />
  <testcase classname="ptolemy.util.test.junit.AutoTests" name="[63] /home/travis/build/icyphy/ptII/ptolemy/domains/de/test/auto/ResettableTimer6.xml (RunModel)" time="0.019" />
  <testcase classname="ptolemy.util.test.junit.AutoTests" name="[64] /home/travis/build/icyphy/ptII/ptolemy/domains/de/test/auto/ServerZeroDelay.xml (RunModel)" time="0.014" />
  <testcase classname="ptolemy.util.test.junit.AutoTests" name="[65] /home/travis/build/icyphy/ptII/ptolemy/domains/de/test/auto/SmartSender.xml (RunModel)" time="3.009" />
  <testcase classname="ptolemy.util.test.junit.AutoTests" name="[66] /home/travis/build/icyphy/ptII/ptolemy/domains/de/test/auto/ThreadedComposite.xml (RunModel)" time="0.11" />
  <testcase classname="ptolemy.util.test.junit.AutoTests" name="[67] /home/travis/build/icyphy/ptII/ptolemy/domains/de/test/auto/Time.xml (RunModel)" time="0.372" />
  <testcase classname="ptolemy.util.test.junit.AutoTests" name="[68] /home/travis/build/icyphy/ptII/ptolemy/domains/de/test/auto/TimeDelayZeroDelay.xml (RunModel)" time="0.013" />
  <testcase classname="ptolemy.util.test.junit.AutoTests" name="[69] /home/travis/build/icyphy/ptII/ptolemy/domains/de/test/auto/TimerZeroDelay.xml (RunModel)" time="0.014" />
  <testcase classname="ptolemy.util.test.junit.AutoTests" name="[70] /home/travis/build/icyphy/ptII/ptolemy/domains/de/test/auto/TimingParadox.xml (RunModel)" time="0.317" />
  <testcase classname="ptolemy.util.test.junit.AutoTests" name="[71] /home/travis/build/icyphy/ptII/ptolemy/domains/de/test/auto/TransferInputs.xml (RunModel)" time="0.014" />
  <testcase classname="ptolemy.util.test.junit.AutoTests" name="[72] /home/travis/build/icyphy/ptII/ptolemy/domains/de/test/auto/TransferOutputs2.xml (RunModel)" time="0.016" />
  <testcase classname="ptolemy.util.test.junit.AutoTests" name="[73] /home/travis/build/icyphy/ptII/ptolemy/domains/de/test/auto/Trilateration.xml (RunModel)" time="11.343" />
  <testcase classname="ptolemy.util.test.junit.AutoTests" name="[74] /home/travis/build/icyphy/ptII/ptolemy/domains/de/test/auto/TwoSigmaDelta.xml (RunModel)" time="1.823" />
  <testcase classname="ptolemy.util.test.junit.AutoTests" name="[75] /home/travis/build/icyphy/ptII/ptolemy/domains/de/test/auto/VariableDelay.xml (RunModel)" time="0.023" />
  <testcase classname="ptolemy.util.test.junit.AutoTests" name="[76] /home/travis/build/icyphy/ptII/ptolemy/domains/de/test/auto/VariableDelay2.xml (RunModel)" time="0.011" />
  <testcase classname="ptolemy.util.test.junit.AutoTests" name="[77] /home/travis/build/icyphy/ptII/ptolemy/domains/de/test/auto/VariableDelayZeroDelay.xml (RunModel)" time="0.013" />
  <testcase classname="ptolemy.util.test.junit.AutoTests" name="[78] /home/travis/build/icyphy/ptII/ptolemy/domains/de/test/auto/VariableDelayZeroDelay2.xml (RunModel)" time="0.011" />
  <testcase classname="ptolemy.util.test.junit.AutoTests" name="[79] /home/travis/build/icyphy/ptII/ptolemy/domains/de/test/auto/deInCt.xml (RunModel)" time="0.021" />
  <testcase classname="ptolemy.util.test.junit.AutoTests" name="[80] /home/travis/build/icyphy/ptII/ptolemy/domains/de/test/auto/deInCt2.xml (RunModel)" time="0.015" />
  <testcase classname="ptolemy.util.test.junit.AutoTests" name="[81] /home/travis/build/icyphy/ptII/ptolemy/domains/de/test/auto/dynamicCausalityInterface1.xml (RunModel)" time="0.018" />
  <testcase classname="ptolemy.util.test.junit.AutoTests" name="[82] /home/travis/build/icyphy/ptII/ptolemy/domains/de/test/auto/fsm_de_test.xml (RunModel)" time="0.023" />
  <testcase classname="ptolemy.util.test.junit.AutoTests" name="[83] /home/travis/build/icyphy/ptII/ptolemy/domains/de/test/auto/functionDependencyReconstruction.xml (RunModel)" time="0.042" />
  <testcase classname="ptolemy.util.test.junit.AutoTests" name="[84] /home/travis/build/icyphy/ptII/ptolemy/domains/de/test/auto/multirate.xml (RunModel)" time="0.016" />
  <testcase classname="ptolemy.util.test.junit.AutoTests" name="[85] /home/travis/build/icyphy/ptII/ptolemy/domains/de/test/auto/multirate2.xml (RunModel)" time="0.017" />
  <testcase classname="ptolemy.util.test.junit.AutoTests" name="[86] /home/travis/build/icyphy/ptII/ptolemy/domains/de/test/auto/realtime.xml (RunModel)" time="10.01" />
  <testcase classname="ptolemy.util.test.junit.AutoTests" name="[87] /home/travis/build/icyphy/ptII/ptolemy/domains/de/test/auto/relationGroup.xml (RunModel)" time="0.015" />
  <testcase classname="ptolemy.util.test.junit.AutoTests" name="[88] /home/travis/build/icyphy/ptII/ptolemy/domains/de/test/auto/relationGroup2.xml (RunModel)" time="0.017" />
  <testcase classname="ptolemy.util.test.junit.AutoTests" name="[89] /home/travis/build/icyphy/ptII/ptolemy/domains/de/test/auto/sortWithOpaquePorts.xml (RunModel)" time="0.009" />
  <testcase classname="ptolemy.util.test.junit.AutoTests" name="[90] /home/travis/build/icyphy/ptII/ptolemy/domains/de/test/auto/transferInputsandOutputs.xml (RunModel)" time="0.016" />
  <testcase classname="ptolemy.util.test.junit.AutoTests" name="[91] /home/travis/build/icyphy/ptII/ptolemy/domains/de/test/auto/triggerType.xml (RunModel)" time="0.011" />
  <system-out><![CDATA[/home/travis/build/icyphy/ptII/ptolemy/domains/de/test/DependencyLoop.tcl
testDefs.tcl: setting time out to 9000 seconds at Thu Aug 13 15:24:22 UTC 2020
84 ms. Memory: 129024K Free: 78278K (61%)
30 ms. Memory: 129024K Free: 60870K (47%)
/home/travis/build/icyphy/ptII/ptolemy/domains/de/test/RunDETestsAsQSS.tcl
Run the DE tests using ptolemy.domains.qss.test.QSSDirectorTest, which extends QSSDirector and prints a message in the constructors.
------------------ testing $PTII/ptolemy/domains/de/test/auto/knownFailedTests/DirectFeedback.xml (Known Failure) 
33 ms. Memory: 129024K Free: 55240K (43%)


==== $PTIIhome/travis/build/icyphy/ptII/ptolemy/domains/de/test/../../../../: Auto Automatic test in file $PTII/ptolemy/domains/de/test/auto/knownFailedTests/DirectFeedback.xml
==== Contents of test case:

	    # FIXME: we should use $relativeFilename here, but it
	    # might have backslashes under Windows, which causes no end
	    # of trouble.
	    createAndExecute $file
	    list {}
	
.... Test generated KNOWN error:
    while executing
ptolemy.kernel.util.IllegalActionException: Test fails in iteration 1.
Value was: 1.0. Should have been: 2.0
  in .DirectFeedback.Test
	at ptolemy.actor.lib.Test.fire(Test.java:268)
	at ptolemy.domains.de.kernel.DEDirector._fire(DEDirector.java:1949)
	at ptolemy.domains.de.kernel.DEDirector.fire(DEDirector.java:502)
	at ptolemy.actor.CompositeActor.fire(CompositeActor.java:455)
	at ptolemy.actor.Manager.iterate(Manager.java:851)
	at ptolemy.actor.Manager.execute(Manager.java:369)
	at ptolemy.actor.Manager.run(Manager.java:1263)
	at ptolemy.actor.Manager$PtolemyRunThread.run(Manager.java:1933)

    while executing
ptolemy.kernel.util.IllegalActionException: Test fails in iteration 1.
Value was: 1.0. Should have been: 2.0
  in .DirectFeedback.Test
    while executing
"java::new ptolemy.moml.MoMLSimpleApplication $file
"
    (procedure "createAndExecute" line 2)
    invoked from within
"createAndExecute $file"
    ("uplevel" body line 5)
    invoked from within
"uplevel $contents_of_test"
------------------ testing $PTII/ptolemy/domains/de/test/auto/knownFailedTests/dependencyLoop.xml (Known Failure) 
17 ms. Memory: 129024K Free: 52168K (40%)


==== $PTIIhome/travis/build/icyphy/ptII/ptolemy/domains/de/test/../../../../: Auto Automatic test in file $PTII/ptolemy/domains/de/test/auto/knownFailedTests/dependencyLoop.xml
==== Contents of test case:

	    # FIXME: we should use $relativeFilename here, but it
	    # might have backslashes under Windows, which causes no end
	    # of trouble.
	    createAndExecute $file
	    list {}
	
.... Test generated KNOWN error:
    while executing
ptolemy.kernel.util.IllegalActionException: Found a zero delay loop containing .dependencyLoop.original
  in .dependencyLoop and .dependencyLoop.original
	at ptolemy.actor.util.CausalityInterfaceForComposites._computeOutputPortDepth(CausalityInterfaceForComposites.java:759)
	at ptolemy.actor.util.CausalityInterfaceForComposites._computeInputDepth(CausalityInterfaceForComposites.java:696)
	at ptolemy.actor.util.CausalityInterfaceForComposites._computeOutputPortDepth(CausalityInterfaceForComposites.java:765)
	at ptolemy.actor.util.CausalityInterfaceForComposites._computeInputDepth(CausalityInterfaceForComposites.java:696)
	at ptolemy.actor.util.CausalityInterfaceForComposites._computeOutputPortDepth(CausalityInterfaceForComposites.java:765)
	at ptolemy.actor.util.CausalityInterfaceForComposites._computeInputDepth(CausalityInterfaceForComposites.java:696)
	at ptolemy.actor.util.CausalityInterfaceForComposites._computeActorDepth(CausalityInterfaceForComposites.java:532)
	at ptolemy.actor.util.CausalityInterfaceForComposites.checkForCycles(CausalityInterfaceForComposites.java:96)
	at ptolemy.domains.de.kernel.DEDirector.preinitialize(DEDirector.java:1338)
	at ptolemy.actor.CompositeActor.preinitialize(CompositeActor.java:1828)
	at ptolemy.actor.Manager.preinitializeAndResolveTypes(Manager.java:1040)
	at ptolemy.actor.Manager.initialize(Manager.java:710)
	at ptolemy.actor.Manager.execute(Manager.java:356)
	at ptolemy.actor.Manager.run(Manager.java:1263)
	at ptolemy.actor.Manager$PtolemyRunThread.run(Manager.java:1933)

    while executing
ptolemy.kernel.util.IllegalActionException: Found a zero delay loop containing .dependencyLoop.original
  in .dependencyLoop and .dependencyLoop.original
    while executing
"java::new ptolemy.moml.MoMLSimpleApplication $file
"
    (procedure "createAndExecute" line 2)
    invoked from within
"createAndExecute $file"
    ("uplevel" body line 5)
    invoked from within
"uplevel $contents_of_test"
------------------ testing $PTII/ptolemy/domains/de/test/auto/knownFailedTests/FSMSource.xml (Known Failure) 
75 ms. Memory: 129024K Free: 110887K (86%)
!!!! Auto was marked as failing, but now passes
------------------ testing $PTII/ptolemy/domains/de/test/auto/knownFailedTests/HierarchicalModel.xml (Known Failure) 
7 ms. Memory: 129024K Free: 93470K (72%)


==== $PTIIhome/travis/build/icyphy/ptII/ptolemy/domains/de/test/../../../../: Auto Automatic test in file $PTII/ptolemy/domains/de/test/auto/knownFailedTests/HierarchicalModel.xml
==== Contents of test case:

	    # FIXME: we should use $relativeFilename here, but it
	    # might have backslashes under Windows, which causes no end
	    # of trouble.
	    createAndExecute $file
	    list {}
	
.... Test generated KNOWN error:
    while executing
ptolemy.kernel.util.IllegalActionException: Found a zero delay loop containing .HierarchicalModel.A
  in .HierarchicalModel and .HierarchicalModel.A
	at ptolemy.actor.util.CausalityInterfaceForComposites._computeOutputPortDepth(CausalityInterfaceForComposites.java:759)
	at ptolemy.actor.util.CausalityInterfaceForComposites._computeInputDepth(CausalityInterfaceForComposites.java:696)
	at ptolemy.actor.util.CausalityInterfaceForComposites._computeOutputPortDepth(CausalityInterfaceForComposites.java:765)
	at ptolemy.actor.util.CausalityInterfaceForComposites._computeInputDepth(CausalityInterfaceForComposites.java:696)
	at ptolemy.actor.util.CausalityInterfaceForComposites._computeOutputPortDepth(CausalityInterfaceForComposites.java:765)
	at ptolemy.actor.util.CausalityInterfaceForComposites._computeInputDepth(CausalityInterfaceForComposites.java:696)
	at ptolemy.actor.util.CausalityInterfaceForComposites._computeActorDepth(CausalityInterfaceForComposites.java:532)
	at ptolemy.actor.util.CausalityInterfaceForComposites.checkForCycles(CausalityInterfaceForComposites.java:96)
	at ptolemy.domains.de.kernel.DEDirector.preinitialize(DEDirector.java:1338)
	at ptolemy.actor.CompositeActor.preinitialize(CompositeActor.java:1828)
	at ptolemy.actor.Manager.preinitializeAndResolveTypes(Manager.java:1040)
	at ptolemy.actor.Manager.initialize(Manager.java:710)
	at ptolemy.actor.Manager.execute(Manager.java:356)
	at ptolemy.actor.Manager.run(Manager.java:1263)
	at ptolemy.actor.Manager$PtolemyRunThread.run(Manager.java:1933)

    while executing
ptolemy.kernel.util.IllegalActionException: Found a zero delay loop containing .HierarchicalModel.A
  in .HierarchicalModel and .HierarchicalModel.A
    while executing
"java::new ptolemy.moml.MoMLSimpleApplication $file
"
    (procedure "createAndExecute" line 2)
    invoked from within
"createAndExecute $file"
    ("uplevel" body line 5)
    invoked from within
"uplevel $contents_of_test"
------------------ testing $PTII/ptolemy/domains/de/test/auto/knownFailedTests/dependencyLoop2.xml (Known Failure) 
4 ms. Memory: 129024K Free: 77427K (60%)


==== $PTIIhome/travis/build/icyphy/ptII/ptolemy/domains/de/test/../../../../: Auto Automatic test in file $PTII/ptolemy/domains/de/test/auto/knownFailedTests/dependencyLoop2.xml
==== Contents of test case:

	    # FIXME: we should use $relativeFilename here, but it
	    # might have backslashes under Windows, which causes no end
	    # of trouble.
	    createAndExecute $file
	    list {}
	
.... Test generated KNOWN error:
    while executing
ptolemy.kernel.util.IllegalActionException: Found a zero delay loop containing .dependencyLoop2.original
  in .dependencyLoop2 and .dependencyLoop2.original
	at ptolemy.actor.util.CausalityInterfaceForComposites._computeOutputPortDepth(CausalityInterfaceForComposites.java:759)
	at ptolemy.actor.util.CausalityInterfaceForComposites._computeInputDepth(CausalityInterfaceForComposites.java:696)
	at ptolemy.actor.util.CausalityInterfaceForComposites._computeOutputPortDepth(CausalityInterfaceForComposites.java:765)
	at ptolemy.actor.util.CausalityInterfaceForComposites._computeInputDepth(CausalityInterfaceForComposites.java:696)
	at ptolemy.actor.util.CausalityInterfaceForComposites._computeOutputPortDepth(CausalityInterfaceForComposites.java:765)
	at ptolemy.actor.util.CausalityInterfaceForComposites._computeInputDepth(CausalityInterfaceForComposites.java:696)
	at ptolemy.actor.util.CausalityInterfaceForComposites._computeActorDepth(CausalityInterfaceForComposites.java:532)
	at ptolemy.actor.util.CausalityInterfaceForComposites.checkForCycles(CausalityInterfaceForComposites.java:96)
	at ptolemy.domains.de.kernel.DEDirector.preinitialize(DEDirector.java:1338)
	at ptolemy.actor.CompositeActor.preinitialize(CompositeActor.java:1828)
	at ptolemy.actor.Manager.preinitializeAndResolveTypes(Manager.java:1040)
	at ptolemy.actor.Manager.initialize(Manager.java:710)
	at ptolemy.actor.Manager.execute(Manager.java:356)
	at ptolemy.actor.Manager.run(Manager.java:1263)
	at ptolemy.actor.Manager$PtolemyRunThread.run(Manager.java:1933)

    while executing
ptolemy.kernel.util.IllegalActionException: Found a zero delay loop containing .dependencyLoop2.original
  in .dependencyLoop2 and .dependencyLoop2.original
    while executing
"java::new ptolemy.moml.MoMLSimpleApplication $file
"
    (procedure "createAndExecute" line 2)
    invoked from within
"createAndExecute $file"
    ("uplevel" body line 5)
    invoked from within
"uplevel $contents_of_test"
------------------ testing $PTII/ptolemy/domains/de/test/auto/knownFailedTests/DESDFClockTest.xml (Known Failure) 
2089 ms. Memory: 129024K Free: 108582K (84%)


==== $PTIIhome/travis/build/icyphy/ptII/ptolemy/domains/de/test/../../../../: Auto Automatic test in file $PTII/ptolemy/domains/de/test/auto/knownFailedTests/DESDFClockTest.xml
==== Contents of test case:

	    # FIXME: we should use $relativeFilename here, but it
	    # might have backslashes under Windows, which causes no end
	    # of trouble.
	    createAndExecute $file
	    list {}
	
.... Test generated KNOWN error:
    while executing
ptolemy.kernel.util.IllegalActionException: Actor is not ready to fire.  Perhaps UpSample.prefire() returned false? Try debugging the actor by selecting "Listen to Actor".  Also, for SDF check moml for tokenConsumptionRate on input.
  in .DESDFClockTest.Play Bell.Copy1:SDF Director and .DESDFClockTest.Play Bell.UpSample
	at ptolemy.actor.sched.StaticSchedulingDirector.fire(StaticSchedulingDirector.java:227)
	at ptolemy.domains.sdf.kernel.SDFDirector.fire(SDFDirector.java:500)
	at ptolemy.actor.CompositeActor.fire(CompositeActor.java:455)
	at ptolemy.domains.de.kernel.DEDirector._fire(DEDirector.java:1949)
	at ptolemy.domains.de.kernel.DEDirector.fire(DEDirector.java:502)
	at ptolemy.actor.CompositeActor.fire(CompositeActor.java:455)
	at ptolemy.actor.Manager.iterate(Manager.java:851)
	at ptolemy.actor.Manager.execute(Manager.java:369)
	at ptolemy.actor.Manager.run(Manager.java:1263)
	at ptolemy.actor.Manager$PtolemyRunThread.run(Manager.java:1933)

    while executing
ptolemy.kernel.util.IllegalActionException: Actor is not ready to fire.  Perhaps UpSample.prefire() returned false? Try debugging the actor by selecting "Listen to Actor".  Also, for SDF check moml for tokenConsumptionRate on input.
  in .DESDFClockTest.Play Bell.Copy1:SDF Director and .DESDFClockTest.Play Bell.UpSample
    while executing
"java::new ptolemy.moml.MoMLSimpleApplication $file
"
    (procedure "createAndExecute" line 2)
    invoked from within
"createAndExecute $file"
    ("uplevel" body line 5)
    invoked from within
"uplevel $contents_of_test"
------------------ testing $PTII/ptolemy/domains/de/test/auto/ActorDepthCalculation_actorWithoutPorts.xml
auto.tcl: Setting watchdog for 200 seconds at Thu Aug 13 15:24:27 UTC 2020
7 ms. Memory: 129024K Free: 100904K (78%)
ptolemy.util.test.WatchDog.cancel(): canceling Thu Aug 13 15:24:27 UTC 2020
auto.tcl: Setting watchdog for 200 seconds at Thu Aug 13 15:24:27 UTC 2020
5 ms. Memory: 129024K Free: 99360K (77%)
ptolemy.util.test.WatchDog.cancel(): canceling Thu Aug 13 15:24:27 UTC 2020
------------------ testing $PTII/ptolemy/domains/de/test/auto/AssemblyLine.xml
auto.tcl: Setting watchdog for 200 seconds at Thu Aug 13 15:24:27 UTC 2020
25 ms. Memory: 51200K Free: 27480K (54%)
ptolemy.util.test.WatchDog.cancel(): canceling Thu Aug 13 15:24:27 UTC 2020
auto.tcl: Setting watchdog for 200 seconds at Thu Aug 13 15:24:27 UTC 2020
8 ms. Memory: 51200K Free: 27002K (53%)
ptolemy.util.test.WatchDog.cancel(): canceling Thu Aug 13 15:24:27 UTC 2020
------------------ testing $PTII/ptolemy/domains/de/test/auto/CQBug1.xml
auto.tcl: Setting watchdog for 200 seconds at Thu Aug 13 15:24:27 UTC 2020
8 ms. Memory: 51200K Free: 33262K (65%)
ptolemy.util.test.WatchDog.cancel(): canceling Thu Aug 13 15:24:27 UTC 2020
auto.tcl: Setting watchdog for 200 seconds at Thu Aug 13 15:24:27 UTC 2020
2 ms. Memory: 51200K Free: 32794K (64%)
ptolemy.util.test.WatchDog.cancel(): canceling Thu Aug 13 15:24:27 UTC 2020
------------------ testing $PTII/ptolemy/domains/de/test/auto/CancelFireAt.xml
auto.tcl: Setting watchdog for 200 seconds at Thu Aug 13 15:24:27 UTC 2020
6 ms. Memory: 51200K Free: 34462K (67%)
ptolemy.util.test.WatchDog.cancel(): canceling Thu Aug 13 15:24:28 UTC 2020
auto.tcl: Setting watchdog for 200 seconds at Thu Aug 13 15:24:28 UTC 2020
3 ms. Memory: 51200K Free: 33995K (66%)
ptolemy.util.test.WatchDog.cancel(): canceling Thu Aug 13 15:24:28 UTC 2020
------------------ testing $PTII/ptolemy/domains/de/test/auto/CausalityAndComposabilityAnalysis.xml
auto.tcl: Setting watchdog for 200 seconds at Thu Aug 13 15:24:28 UTC 2020
9 ms. Memory: 51200K Free: 32427K (63%)
ptolemy.util.test.WatchDog.cancel(): canceling Thu Aug 13 15:24:28 UTC 2020
auto.tcl: Setting watchdog for 200 seconds at Thu Aug 13 15:24:28 UTC 2020
4 ms. Memory: 51200K Free: 31954K (62%)
ptolemy.util.test.WatchDog.cancel(): canceling Thu Aug 13 15:24:28 UTC 2020
------------------ testing $PTII/ptolemy/domains/de/test/auto/CausalityInterface1.xml
auto.tcl: Setting watchdog for 200 seconds at Thu Aug 13 15:24:28 UTC 2020
35 ms. Memory: 51200K Free: 31358K (61%)
ptolemy.util.test.WatchDog.cancel(): canceling Thu Aug 13 15:24:28 UTC 2020
auto.tcl: Setting watchdog for 200 seconds at Thu Aug 13 15:24:28 UTC 2020
5 ms. Memory: 51200K Free: 30383K (59%)
ptolemy.util.test.WatchDog.cancel(): canceling Thu Aug 13 15:24:28 UTC 2020
------------------ testing $PTII/ptolemy/domains/de/test/auto/CausalityInterface15.xml
auto.tcl: Setting watchdog for 200 seconds at Thu Aug 13 15:24:28 UTC 2020
10 ms. Memory: 51200K Free: 31278K (61%)
ptolemy.util.test.WatchDog.cancel(): canceling Thu Aug 13 15:24:28 UTC 2020
auto.tcl: Setting watchdog for 200 seconds at Thu Aug 13 15:24:28 UTC 2020
5 ms. Memory: 51200K Free: 30325K (59%)
ptolemy.util.test.WatchDog.cancel(): canceling Thu Aug 13 15:24:28 UTC 2020
------------------ testing $PTII/ptolemy/domains/de/test/auto/CausalityInterface2.xml
auto.tcl: Setting watchdog for 200 seconds at Thu Aug 13 15:24:28 UTC 2020
4 ms. Memory: 51200K Free: 32245K (63%)
ptolemy.util.test.WatchDog.cancel(): canceling Thu Aug 13 15:24:28 UTC 2020
auto.tcl: Setting watchdog for 200 seconds at Thu Aug 13 15:24:28 UTC 2020
3 ms. Memory: 51200K Free: 31345K (61%)
ptolemy.util.test.WatchDog.cancel(): canceling Thu Aug 13 15:24:28 UTC 2020
------------------ testing $PTII/ptolemy/domains/de/test/auto/CausalityInterface3.xml
auto.tcl: Setting watchdog for 200 seconds at Thu Aug 13 15:24:28 UTC 2020
5 ms. Memory: 51200K Free: 31551K (62%)
ptolemy.util.test.WatchDog.cancel(): canceling Thu Aug 13 15:24:28 UTC 2020
auto.tcl: Setting watchdog for 200 seconds at Thu Aug 13 15:24:28 UTC 2020
3 ms. Memory: 51200K Free: 30815K (60%)
ptolemy.util.test.WatchDog.cancel(): canceling Thu Aug 13 15:24:28 UTC 2020
------------------ testing $PTII/ptolemy/domains/de/test/auto/ClockDrift.xml
auto.tcl: Setting watchdog for 200 seconds at Thu Aug 13 15:24:28 UTC 2020
45 ms. Memory: 51200K Free: 24141K (47%)
ptolemy.util.test.WatchDog.cancel(): canceling Thu Aug 13 15:24:28 UTC 2020
auto.tcl: Setting watchdog for 200 seconds at Thu Aug 13 15:24:28 UTC 2020
42 ms. Memory: 51200K Free: 21130K (41%)
ptolemy.util.test.WatchDog.cancel(): canceling Thu Aug 13 15:24:28 UTC 2020
------------------ testing $PTII/ptolemy/domains/de/test/auto/ClockDriftAndValueChange.xml
auto.tcl: Setting watchdog for 200 seconds at Thu Aug 13 15:24:28 UTC 2020
43 ms. Memory: 51200K Free: 24244K (47%)
ptolemy.util.test.WatchDog.cancel(): canceling Thu Aug 13 15:24:28 UTC 2020
auto.tcl: Setting watchdog for 200 seconds at Thu Aug 13 15:24:28 UTC 2020
30 ms. Memory: 51200K Free: 21430K (42%)
ptolemy.util.test.WatchDog.cancel(): canceling Thu Aug 13 15:24:28 UTC 2020
------------------ testing $PTII/ptolemy/domains/de/test/auto/ClockDriftChange.xml
auto.tcl: Setting watchdog for 200 seconds at Thu Aug 13 15:24:28 UTC 2020
26 ms. Memory: 51200K Free: 26035K (51%)
ptolemy.util.test.WatchDog.cancel(): canceling Thu Aug 13 15:24:28 UTC 2020
auto.tcl: Setting watchdog for 200 seconds at Thu Aug 13 15:24:28 UTC 2020
29 ms. Memory: 51200K Free: 23477K (46%)
ptolemy.util.test.WatchDog.cancel(): canceling Thu Aug 13 15:24:28 UTC 2020
------------------ testing $PTII/ptolemy/domains/de/test/auto/ComposableCausalityAnalysis.xml
auto.tcl: Setting watchdog for 200 seconds at Thu Aug 13 15:24:29 UTC 2020
2 ms. Memory: 51200K Free: 30881K (60%)
ptolemy.util.test.WatchDog.cancel(): canceling Thu Aug 13 15:24:29 UTC 2020
auto.tcl: Setting watchdog for 200 seconds at Thu Aug 13 15:24:29 UTC 2020
2 ms. Memory: 51200K Free: 29859K (58%)
ptolemy.util.test.WatchDog.cancel(): canceling Thu Aug 13 15:24:29 UTC 2020
------------------ testing $PTII/ptolemy/domains/de/test/auto/DEFixedPointLimitation.xml
auto.tcl: Setting watchdog for 200 seconds at Thu Aug 13 15:24:29 UTC 2020
2 ms. Memory: 51200K Free: 32017K (63%)
ptolemy.util.test.WatchDog.cancel(): canceling Thu Aug 13 15:24:29 UTC 2020
auto.tcl: Setting watchdog for 200 seconds at Thu Aug 13 15:24:29 UTC 2020
2 ms. Memory: 51200K Free: 31368K (61%)
ptolemy.util.test.WatchDog.cancel(): canceling Thu Aug 13 15:24:29 UTC 2020
------------------ testing $PTII/ptolemy/domains/de/test/auto/DEScheduleTest.xml
auto.tcl: Setting watchdog for 200 seconds at Thu Aug 13 15:24:29 UTC 2020
6 ms. Memory: 51200K Free: 32588K (64%)
ptolemy.util.test.WatchDog.cancel(): canceling Thu Aug 13 15:24:29 UTC 2020
auto.tcl: Setting watchdog for 200 seconds at Thu Aug 13 15:24:29 UTC 2020
4 ms. Memory: 51200K Free: 31822K (62%)
ptolemy.util.test.WatchDog.cancel(): canceling Thu Aug 13 15:24:29 UTC 2020
------------------ testing $PTII/ptolemy/domains/de/test/auto/DEinDEwithStartTimes.xml
auto.tcl: Setting watchdog for 200 seconds at Thu Aug 13 15:24:29 UTC 2020
4 ms. Memory: 51200K Free: 30749K (60%)
ptolemy.util.test.WatchDog.cancel(): canceling Thu Aug 13 15:24:29 UTC 2020
auto.tcl: Setting watchdog for 200 seconds at Thu Aug 13 15:24:29 UTC 2020
3 ms. Memory: 51200K Free: 29725K (58%)
ptolemy.util.test.WatchDog.cancel(): canceling Thu Aug 13 15:24:29 UTC 2020
------------------ testing $PTII/ptolemy/domains/de/test/auto/DEinDEwithStartTimes2.xml
auto.tcl: Setting watchdog for 200 seconds at Thu Aug 13 15:24:29 UTC 2020
8 ms. Memory: 51200K Free: 29882K (58%)
ptolemy.util.test.WatchDog.cancel(): canceling Thu Aug 13 15:24:29 UTC 2020
auto.tcl: Setting watchdog for 200 seconds at Thu Aug 13 15:24:29 UTC 2020
3 ms. Memory: 51200K Free: 28681K (56%)
ptolemy.util.test.WatchDog.cancel(): canceling Thu Aug 13 15:24:29 UTC 2020
------------------ testing $PTII/ptolemy/domains/de/test/auto/DateDemo.xml
auto.tcl: Setting watchdog for 200 seconds at Thu Aug 13 15:24:29 UTC 2020
12 ms. Memory: 51200K Free: 24302K (47%)
ptolemy.util.test.WatchDog.cancel(): canceling Thu Aug 13 15:24:29 UTC 2020
auto.tcl: Setting watchdog for 200 seconds at Thu Aug 13 15:24:29 UTC 2020
6 ms. Memory: 51200K Free: 22665K (44%)
ptolemy.util.test.WatchDog.cancel(): canceling Thu Aug 13 15:24:29 UTC 2020
------------------ testing $PTII/ptolemy/domains/de/test/auto/DateToEvent.xml
auto.tcl: Setting watchdog for 200 seconds at Thu Aug 13 15:24:29 UTC 2020
2015 ms. Memory: 51200K Free: 20245K (40%)
ptolemy.util.test.WatchDog.cancel(): canceling Thu Aug 13 15:24:31 UTC 2020
auto.tcl: Setting watchdog for 200 seconds at Thu Aug 13 15:24:31 UTC 2020
2005 ms. Memory: 51200K Free: 19422K (38%)
ptolemy.util.test.WatchDog.cancel(): canceling Thu Aug 13 15:24:33 UTC 2020
------------------ testing $PTII/ptolemy/domains/de/test/auto/DepthTest1.xml
auto.tcl: Setting watchdog for 200 seconds at Thu Aug 13 15:24:33 UTC 2020
4 ms. Memory: 51200K Free: 33418K (65%)
ptolemy.util.test.WatchDog.cancel(): canceling Thu Aug 13 15:24:33 UTC 2020
auto.tcl: Setting watchdog for 200 seconds at Thu Aug 13 15:24:33 UTC 2020
1 ms. Memory: 51200K Free: 32930K (64%)
ptolemy.util.test.WatchDog.cancel(): canceling Thu Aug 13 15:24:33 UTC 2020
------------------ testing $PTII/ptolemy/domains/de/test/auto/DepthTest2.xml
auto.tcl: Setting watchdog for 200 seconds at Thu Aug 13 15:24:33 UTC 2020
3 ms. Memory: 51200K Free: 30159K (59%)
ptolemy.util.test.WatchDog.cancel(): canceling Thu Aug 13 15:24:33 UTC 2020
auto.tcl: Setting watchdog for 200 seconds at Thu Aug 13 15:24:33 UTC 2020
3 ms. Memory: 51200K Free: 29720K (58%)
ptolemy.util.test.WatchDog.cancel(): canceling Thu Aug 13 15:24:33 UTC 2020
------------------ testing $PTII/ptolemy/domains/de/test/auto/DepthTest3.xml
auto.tcl: Setting watchdog for 200 seconds at Thu Aug 13 15:24:33 UTC 2020
3 ms. Memory: 51200K Free: 33749K (66%)
ptolemy.util.test.WatchDog.cancel(): canceling Thu Aug 13 15:24:33 UTC 2020
auto.tcl: Setting watchdog for 200 seconds at Thu Aug 13 15:24:33 UTC 2020
2 ms. Memory: 51200K Free: 33244K (65%)
ptolemy.util.test.WatchDog.cancel(): canceling Thu Aug 13 15:24:33 UTC 2020
------------------ testing $PTII/ptolemy/domains/de/test/auto/DepthTest4.xml
auto.tcl: Setting watchdog for 200 seconds at Thu Aug 13 15:24:33 UTC 2020
4 ms. Memory: 51200K Free: 31964K (62%)
ptolemy.util.test.WatchDog.cancel(): canceling Thu Aug 13 15:24:33 UTC 2020
auto.tcl: Setting watchdog for 200 seconds at Thu Aug 13 15:24:33 UTC 2020
2 ms. Memory: 51200K Free: 31309K (61%)
ptolemy.util.test.WatchDog.cancel(): canceling Thu Aug 13 15:24:33 UTC 2020
------------------ testing $PTII/ptolemy/domains/de/test/auto/DepthTest5.xml
auto.tcl: Setting watchdog for 200 seconds at Thu Aug 13 15:24:33 UTC 2020
4 ms. Memory: 51200K Free: 31427K (61%)
ptolemy.util.test.WatchDog.cancel(): canceling Thu Aug 13 15:24:34 UTC 2020
auto.tcl: Setting watchdog for 200 seconds at Thu Aug 13 15:24:34 UTC 2020
3 ms. Memory: 51200K Free: 30684K (60%)
ptolemy.util.test.WatchDog.cancel(): canceling Thu Aug 13 15:24:34 UTC 2020
------------------ testing $PTII/ptolemy/domains/de/test/auto/DepthTest6.xml
auto.tcl: Setting watchdog for 200 seconds at Thu Aug 13 15:24:34 UTC 2020
11 ms. Memory: 51200K Free: 31133K (61%)
ptolemy.util.test.WatchDog.cancel(): canceling Thu Aug 13 15:24:34 UTC 2020
auto.tcl: Setting watchdog for 200 seconds at Thu Aug 13 15:24:34 UTC 2020
3 ms. Memory: 51200K Free: 30696K (60%)
ptolemy.util.test.WatchDog.cancel(): canceling Thu Aug 13 15:24:34 UTC 2020
------------------ testing $PTII/ptolemy/domains/de/test/auto/DepthTest7.xml
auto.tcl: Setting watchdog for 200 seconds at Thu Aug 13 15:24:34 UTC 2020
3 ms. Memory: 51200K Free: 31894K (62%)
ptolemy.util.test.WatchDog.cancel(): canceling Thu Aug 13 15:24:34 UTC 2020
auto.tcl: Setting watchdog for 200 seconds at Thu Aug 13 15:24:34 UTC 2020
3 ms. Memory: 51200K Free: 31241K (61%)
ptolemy.util.test.WatchDog.cancel(): canceling Thu Aug 13 15:24:34 UTC 2020
------------------ testing $PTII/ptolemy/domains/de/test/auto/EventToDate.xml
auto.tcl: Setting watchdog for 200 seconds at Thu Aug 13 15:24:34 UTC 2020
3012 ms. Memory: 51200K Free: 22685K (44%)
ptolemy.util.test.WatchDog.cancel(): canceling Thu Aug 13 15:24:37 UTC 2020
auto.tcl: Setting watchdog for 200 seconds at Thu Aug 13 15:24:37 UTC 2020
3004 ms. Memory: 51200K Free: 22037K (43%)
ptolemy.util.test.WatchDog.cancel(): canceling Thu Aug 13 15:24:40 UTC 2020
------------------ testing $PTII/ptolemy/domains/de/test/auto/FSM1.xml
auto.tcl: Setting watchdog for 200 seconds at Thu Aug 13 15:24:40 UTC 2020
34 ms. Memory: 51200K Free: 23432K (46%)
ptolemy.util.test.WatchDog.cancel(): canceling Thu Aug 13 15:24:40 UTC 2020
auto.tcl: Setting watchdog for 200 seconds at Thu Aug 13 15:24:40 UTC 2020
19 ms. Memory: 51200K Free: 20269K (40%)
ptolemy.util.test.WatchDog.cancel(): canceling Thu Aug 13 15:24:40 UTC 2020
------------------ testing $PTII/ptolemy/domains/de/test/auto/FSM7.xml
auto.tcl: Setting watchdog for 200 seconds at Thu Aug 13 15:24:40 UTC 2020
14 ms. Memory: 51200K Free: 23882K (47%)
ptolemy.util.test.WatchDog.cancel(): canceling Thu Aug 13 15:24:40 UTC 2020
auto.tcl: Setting watchdog for 200 seconds at Thu Aug 13 15:24:40 UTC 2020
25 ms. Memory: 51200K Free: 20496K (40%)
ptolemy.util.test.WatchDog.cancel(): canceling Thu Aug 13 15:24:40 UTC 2020
------------------ testing $PTII/ptolemy/domains/de/test/auto/Inspection.xml
auto.tcl: Setting watchdog for 200 seconds at Thu Aug 13 15:24:40 UTC 2020
22 ms. Memory: 51200K Free: 23644K (46%)
ptolemy.util.test.WatchDog.cancel(): canceling Thu Aug 13 15:24:40 UTC 2020
auto.tcl: Setting watchdog for 200 seconds at Thu Aug 13 15:24:40 UTC 2020
18 ms. Memory: 51200K Free: 21951K (43%)
ptolemy.util.test.WatchDog.cancel(): canceling Thu Aug 13 15:24:40 UTC 2020
------------------ testing $PTII/ptolemy/domains/de/test/auto/Iteration.xml
auto.tcl: Setting watchdog for 200 seconds at Thu Aug 13 15:24:40 UTC 2020
9 ms. Memory: 51200K Free: 29181K (57%)
ptolemy.util.test.WatchDog.cancel(): canceling Thu Aug 13 15:24:40 UTC 2020
auto.tcl: Setting watchdog for 200 seconds at Thu Aug 13 15:24:40 UTC 2020
7 ms. Memory: 51200K Free: 27990K (55%)
ptolemy.util.test.WatchDog.cancel(): canceling Thu Aug 13 15:24:40 UTC 2020
------------------ testing $PTII/ptolemy/domains/de/test/auto/LineFault.xml
auto.tcl: Setting watchdog for 200 seconds at Thu Aug 13 15:24:40 UTC 2020
581 ms. Memory: 51200K Free: 17470K (34%)
ptolemy.util.test.WatchDog.cancel(): canceling Thu Aug 13 15:24:41 UTC 2020
auto.tcl: Setting watchdog for 200 seconds at Thu Aug 13 15:24:41 UTC 2020
497 ms. Memory: 63488K Free: 46527K (73%)
ptolemy.util.test.WatchDog.cancel(): canceling Thu Aug 13 15:24:42 UTC 2020
------------------ testing $PTII/ptolemy/domains/de/test/auto/MergeModel1Add.xml
auto.tcl: Setting watchdog for 200 seconds at Thu Aug 13 15:24:42 UTC 2020
17 ms. Memory: 58368K Free: 22593K (39%)
ptolemy.util.test.WatchDog.cancel(): canceling Thu Aug 13 15:24:42 UTC 2020
auto.tcl: Setting watchdog for 200 seconds at Thu Aug 13 15:24:42 UTC 2020
17 ms. Memory: 58368K Free: 20966K (36%)
ptolemy.util.test.WatchDog.cancel(): canceling Thu Aug 13 15:24:42 UTC 2020
------------------ testing $PTII/ptolemy/domains/de/test/auto/MergeModel2Add.xml
auto.tcl: Setting watchdog for 200 seconds at Thu Aug 13 15:24:42 UTC 2020
13 ms. Memory: 55296K Free: 21542K (39%)
ptolemy.util.test.WatchDog.cancel(): canceling Thu Aug 13 15:24:42 UTC 2020
auto.tcl: Setting watchdog for 200 seconds at Thu Aug 13 15:24:42 UTC 2020
13 ms. Memory: 55296K Free: 19606K (35%)
ptolemy.util.test.WatchDog.cancel(): canceling Thu Aug 13 15:24:42 UTC 2020
------------------ testing $PTII/ptolemy/domains/de/test/auto/MergeModel3Add.xml
auto.tcl: Setting watchdog for 200 seconds at Thu Aug 13 15:24:42 UTC 2020
11 ms. Memory: 51200K Free: 17468K (34%)
ptolemy.util.test.WatchDog.cancel(): canceling Thu Aug 13 15:24:42 UTC 2020
auto.tcl: Setting watchdog for 200 seconds at Thu Aug 13 15:24:42 UTC 2020
10 ms. Memory: 51200K Free: 15972K (31%)
ptolemy.util.test.WatchDog.cancel(): canceling Thu Aug 13 15:24:42 UTC 2020
------------------ testing $PTII/ptolemy/domains/de/test/auto/MergeWithoutDiscard.xml
auto.tcl: Setting watchdog for 200 seconds at Thu Aug 13 15:24:42 UTC 2020
2 ms. Memory: 51200K Free: 31861K (62%)
ptolemy.util.test.WatchDog.cancel(): canceling Thu Aug 13 15:24:42 UTC 2020
auto.tcl: Setting watchdog for 200 seconds at Thu Aug 13 15:24:42 UTC 2020
1 ms. Memory: 51200K Free: 31419K (61%)
ptolemy.util.test.WatchDog.cancel(): canceling Thu Aug 13 15:24:42 UTC 2020
------------------ testing $PTII/ptolemy/domains/de/test/auto/Modal1.xml
auto.tcl: Setting watchdog for 200 seconds at Thu Aug 13 15:24:42 UTC 2020
19 ms. Memory: 51200K Free: 23956K (47%)
ptolemy.util.test.WatchDog.cancel(): canceling Thu Aug 13 15:24:42 UTC 2020
auto.tcl: Setting watchdog for 200 seconds at Thu Aug 13 15:24:42 UTC 2020
28 ms. Memory: 51200K Free: 20376K (40%)
ptolemy.util.test.WatchDog.cancel(): canceling Thu Aug 13 15:24:42 UTC 2020
------------------ testing $PTII/ptolemy/domains/de/test/auto/Modal2.xml
auto.tcl: Setting watchdog for 200 seconds at Thu Aug 13 15:24:42 UTC 2020
22 ms. Memory: 51200K Free: 24355K (48%)
ptolemy.util.test.WatchDog.cancel(): canceling Thu Aug 13 15:24:42 UTC 2020
auto.tcl: Setting watchdog for 200 seconds at Thu Aug 13 15:24:42 UTC 2020
20 ms. Memory: 51200K Free: 20868K (41%)
ptolemy.util.test.WatchDog.cancel(): canceling Thu Aug 13 15:24:42 UTC 2020
------------------ testing $PTII/ptolemy/domains/de/test/auto/Modal3.xml
auto.tcl: Setting watchdog for 200 seconds at Thu Aug 13 15:24:43 UTC 2020
17 ms. Memory: 51200K Free: 24060K (47%)
ptolemy.util.test.WatchDog.cancel(): canceling Thu Aug 13 15:24:43 UTC 2020
auto.tcl: Setting watchdog for 200 seconds at Thu Aug 13 15:24:43 UTC 2020
9 ms. Memory: 51200K Free: 20438K (40%)
ptolemy.util.test.WatchDog.cancel(): canceling Thu Aug 13 15:24:43 UTC 2020
------------------ testing $PTII/ptolemy/domains/de/test/auto/Modal4.xml
auto.tcl: Setting watchdog for 200 seconds at Thu Aug 13 15:24:43 UTC 2020
13 ms. Memory: 51200K Free: 23058K (45%)
ptolemy.util.test.WatchDog.cancel(): canceling Thu Aug 13 15:24:43 UTC 2020
auto.tcl: Setting watchdog for 200 seconds at Thu Aug 13 15:24:43 UTC 2020
23 ms. Memory: 51200K Free: 19224K (38%)
ptolemy.util.test.WatchDog.cancel(): canceling Thu Aug 13 15:24:43 UTC 2020
------------------ testing $PTII/ptolemy/domains/de/test/auto/Modal5.xml
auto.tcl: Setting watchdog for 200 seconds at Thu Aug 13 15:24:43 UTC 2020
17 ms. Memory: 51200K Free: 23033K (45%)
ptolemy.util.test.WatchDog.cancel(): canceling Thu Aug 13 15:24:43 UTC 2020
auto.tcl: Setting watchdog for 200 seconds at Thu Aug 13 15:24:43 UTC 2020
15 ms. Memory: 51200K Free: 19211K (38%)
ptolemy.util.test.WatchDog.cancel(): canceling Thu Aug 13 15:24:43 UTC 2020
------------------ testing $PTII/ptolemy/domains/de/test/auto/Modal6.xml
auto.tcl: Setting watchdog for 200 seconds at Thu Aug 13 15:24:43 UTC 2020
12 ms. Memory: 51200K Free: 23836K (47%)
ptolemy.util.test.WatchDog.cancel(): canceling Thu Aug 13 15:24:43 UTC 2020
auto.tcl: Setting watchdog for 200 seconds at Thu Aug 13 15:24:43 UTC 2020
13 ms. Memory: 51200K Free: 19839K (39%)
ptolemy.util.test.WatchDog.cancel(): canceling Thu Aug 13 15:24:43 UTC 2020
------------------ testing $PTII/ptolemy/domains/de/test/auto/Modal7.xml
auto.tcl: Setting watchdog for 200 seconds at Thu Aug 13 15:24:43 UTC 2020
9 ms. Memory: 51200K Free: 23029K (45%)
ptolemy.util.test.WatchDog.cancel(): canceling Thu Aug 13 15:24:43 UTC 2020
auto.tcl: Setting watchdog for 200 seconds at Thu Aug 13 15:24:43 UTC 2020
10 ms. Memory: 51200K Free: 19474K (38%)
ptolemy.util.test.WatchDog.cancel(): canceling Thu Aug 13 15:24:43 UTC 2020
------------------ testing $PTII/ptolemy/domains/de/test/auto/ModalModel.xml
auto.tcl: Setting watchdog for 200 seconds at Thu Aug 13 15:24:43 UTC 2020
189 ms. Memory: 51200K Free: 15248K (30%)
ptolemy.util.test.WatchDog.cancel(): canceling Thu Aug 13 15:24:43 UTC 2020
auto.tcl: Setting watchdog for 200 seconds at Thu Aug 13 15:24:43 UTC 2020
204 ms. Memory: 63488K Free: 19310K (30%)
ptolemy.util.test.WatchDog.cancel(): canceling Thu Aug 13 15:24:44 UTC 2020
------------------ testing $PTII/ptolemy/domains/de/test/auto/ModalSource.xml
auto.tcl: Setting watchdog for 200 seconds at Thu Aug 13 15:24:44 UTC 2020
10 ms. Memory: 55296K Free: 31981K (58%)
ptolemy.util.test.WatchDog.cancel(): canceling Thu Aug 13 15:24:44 UTC 2020
auto.tcl: Setting watchdog for 200 seconds at Thu Aug 13 15:24:44 UTC 2020
5 ms. Memory: 55296K Free: 29933K (54%)
ptolemy.util.test.WatchDog.cancel(): canceling Thu Aug 13 15:24:44 UTC 2020
------------------ testing $PTII/ptolemy/domains/de/test/auto/NonInterruptibleTimerZeroDelay.xml
auto.tcl: Setting watchdog for 200 seconds at Thu Aug 13 15:24:44 UTC 2020
4 ms. Memory: 51200K Free: 32820K (64%)
ptolemy.util.test.WatchDog.cancel(): canceling Thu Aug 13 15:24:44 UTC 2020
auto.tcl: Setting watchdog for 200 seconds at Thu Aug 13 15:24:44 UTC 2020
2 ms. Memory: 51200K Free: 32161K (63%)
ptolemy.util.test.WatchDog.cancel(): canceling Thu Aug 13 15:24:44 UTC 2020
------------------ testing $PTII/ptolemy/domains/de/test/auto/OpenQueueingNetwork.xml
auto.tcl: Setting watchdog for 200 seconds at Thu Aug 13 15:24:44 UTC 2020
2983 ms. Memory: 140288K Free: 116881K (83%)
ptolemy.util.test.WatchDog.cancel(): canceling Thu Aug 13 15:24:47 UTC 2020
auto.tcl: Setting watchdog for 200 seconds at Thu Aug 13 15:24:47 UTC 2020
2603 ms. Memory: 140288K Free: 120937K (86%)
ptolemy.util.test.WatchDog.cancel(): canceling Thu Aug 13 15:24:49 UTC 2020
------------------ testing $PTII/ptolemy/domains/de/test/auto/OpenQueuingNetwork.xml
auto.tcl: Setting watchdog for 200 seconds at Thu Aug 13 15:24:49 UTC 2020
232 ms. Memory: 58368K Free: 31595K (54%)
ptolemy.util.test.WatchDog.cancel(): canceling Thu Aug 13 15:24:50 UTC 2020
auto.tcl: Setting watchdog for 200 seconds at Thu Aug 13 15:24:50 UTC 2020
276 ms. Memory: 58368K Free: 12428K (21%)
ptolemy.util.test.WatchDog.cancel(): canceling Thu Aug 13 15:24:50 UTC 2020
------------------ testing $PTII/ptolemy/domains/de/test/auto/PeriodicSampler.xml
auto.tcl: Setting watchdog for 200 seconds at Thu Aug 13 15:24:50 UTC 2020
8 ms. Memory: 55296K Free: 36119K (65%)
ptolemy.util.test.WatchDog.cancel(): canceling Thu Aug 13 15:24:50 UTC 2020
auto.tcl: Setting watchdog for 200 seconds at Thu Aug 13 15:24:50 UTC 2020
2 ms. Memory: 55296K Free: 35599K (64%)
ptolemy.util.test.WatchDog.cancel(): canceling Thu Aug 13 15:24:50 UTC 2020
------------------ testing $PTII/ptolemy/domains/de/test/auto/PersistentIO.xml
auto.tcl: Setting watchdog for 200 seconds at Thu Aug 13 15:24:50 UTC 2020
18 ms. Memory: 55296K Free: 31027K (56%)
ptolemy.util.test.WatchDog.cancel(): canceling Thu Aug 13 15:24:50 UTC 2020
auto.tcl: Setting watchdog for 200 seconds at Thu Aug 13 15:24:50 UTC 2020
4 ms. Memory: 55296K Free: 29523K (53%)
ptolemy.util.test.WatchDog.cancel(): canceling Thu Aug 13 15:24:50 UTC 2020
------------------ testing $PTII/ptolemy/domains/de/test/auto/PortParameterResetOnInitialize.xml
auto.tcl: Setting watchdog for 200 seconds at Thu Aug 13 15:24:50 UTC 2020
8 ms. Memory: 55296K Free: 36040K (65%)
ptolemy.util.test.WatchDog.cancel(): canceling Thu Aug 13 15:24:50 UTC 2020
auto.tcl: Setting watchdog for 200 seconds at Thu Aug 13 15:24:50 UTC 2020
2 ms. Memory: 55296K Free: 35530K (64%)
ptolemy.util.test.WatchDog.cancel(): canceling Thu Aug 13 15:24:50 UTC 2020
------------------ testing $PTII/ptolemy/domains/de/test/auto/PortParameterUpdates.xml
auto.tcl: Setting watchdog for 200 seconds at Thu Aug 13 15:24:50 UTC 2020
3 ms. Memory: 55296K Free: 34316K (62%)
ptolemy.util.test.WatchDog.cancel(): canceling Thu Aug 13 15:24:50 UTC 2020
auto.tcl: Setting watchdog for 200 seconds at Thu Aug 13 15:24:50 UTC 2020
2 ms. Memory: 55296K Free: 33099K (60%)
ptolemy.util.test.WatchDog.cancel(): canceling Thu Aug 13 15:24:50 UTC 2020
------------------ testing $PTII/ptolemy/domains/de/test/auto/QueueAndServer.xml
auto.tcl: Setting watchdog for 200 seconds at Thu Aug 13 15:24:50 UTC 2020
14 ms. Memory: 55296K Free: 32963K (60%)
ptolemy.util.test.WatchDog.cancel(): canceling Thu Aug 13 15:24:50 UTC 2020
auto.tcl: Setting watchdog for 200 seconds at Thu Aug 13 15:24:50 UTC 2020
8 ms. Memory: 55296K Free: 31532K (57%)
ptolemy.util.test.WatchDog.cancel(): canceling Thu Aug 13 15:24:50 UTC 2020
------------------ testing $PTII/ptolemy/domains/de/test/auto/Records.xml
auto.tcl: Setting watchdog for 200 seconds at Thu Aug 13 15:24:50 UTC 2020
6 ms. Memory: 55296K Free: 35260K (64%)
ptolemy.util.test.WatchDog.cancel(): canceling Thu Aug 13 15:24:50 UTC 2020
auto.tcl: Setting watchdog for 200 seconds at Thu Aug 13 15:24:50 UTC 2020
3 ms. Memory: 55296K Free: 34732K (63%)
ptolemy.util.test.WatchDog.cancel(): canceling Thu Aug 13 15:24:50 UTC 2020
------------------ testing $PTII/ptolemy/domains/de/test/auto/ResetTransitionWithStartTime1.xml
auto.tcl: Setting watchdog for 200 seconds at Thu Aug 13 15:24:51 UTC 2020
11 ms. Memory: 55296K Free: 32573K (59%)
ptolemy.util.test.WatchDog.cancel(): canceling Thu Aug 13 15:24:51 UTC 2020
auto.tcl: Setting watchdog for 200 seconds at Thu Aug 13 15:24:51 UTC 2020
7 ms. Memory: 55296K Free: 30479K (55%)
ptolemy.util.test.WatchDog.cancel(): canceling Thu Aug 13 15:24:51 UTC 2020
------------------ testing $PTII/ptolemy/domains/de/test/auto/ResetTransitionWithStartTime2.xml
auto.tcl: Setting watchdog for 200 seconds at Thu Aug 13 15:24:51 UTC 2020
5 ms. Memory: 55296K Free: 32521K (59%)
ptolemy.util.test.WatchDog.cancel(): canceling Thu Aug 13 15:24:51 UTC 2020
auto.tcl: Setting watchdog for 200 seconds at Thu Aug 13 15:24:51 UTC 2020
6 ms. Memory: 55296K Free: 30434K (55%)
ptolemy.util.test.WatchDog.cancel(): canceling Thu Aug 13 15:24:51 UTC 2020
------------------ testing $PTII/ptolemy/domains/de/test/auto/ResetTransitionWithStartTime3.xml
auto.tcl: Setting watchdog for 200 seconds at Thu Aug 13 15:24:51 UTC 2020
7 ms. Memory: 55296K Free: 32481K (59%)
ptolemy.util.test.WatchDog.cancel(): canceling Thu Aug 13 15:24:51 UTC 2020
auto.tcl: Setting watchdog for 200 seconds at Thu Aug 13 15:24:51 UTC 2020
7 ms. Memory: 55296K Free: 30433K (55%)
ptolemy.util.test.WatchDog.cancel(): canceling Thu Aug 13 15:24:51 UTC 2020
------------------ testing $PTII/ptolemy/domains/de/test/auto/ResetTransitionWithStartTime4.xml
auto.tcl: Setting watchdog for 200 seconds at Thu Aug 13 15:24:51 UTC 2020
12 ms. Memory: 55296K Free: 32888K (59%)
ptolemy.util.test.WatchDog.cancel(): canceling Thu Aug 13 15:24:51 UTC 2020
auto.tcl: Setting watchdog for 200 seconds at Thu Aug 13 15:24:51 UTC 2020
4 ms. Memory: 55296K Free: 31456K (57%)
ptolemy.util.test.WatchDog.cancel(): canceling Thu Aug 13 15:24:51 UTC 2020
------------------ testing $PTII/ptolemy/domains/de/test/auto/ResettableTimer1.xml
auto.tcl: Setting watchdog for 200 seconds at Thu Aug 13 15:24:51 UTC 2020
3 ms. Memory: 55296K Free: 36584K (66%)
ptolemy.util.test.WatchDog.cancel(): canceling Thu Aug 13 15:24:51 UTC 2020
auto.tcl: Setting watchdog for 200 seconds at Thu Aug 13 15:24:51 UTC 2020
3 ms. Memory: 55296K Free: 36011K (65%)
ptolemy.util.test.WatchDog.cancel(): canceling Thu Aug 13 15:24:51 UTC 2020
------------------ testing $PTII/ptolemy/domains/de/test/auto/ResettableTimer2.xml
auto.tcl: Setting watchdog for 200 seconds at Thu Aug 13 15:24:51 UTC 2020
2 ms. Memory: 55296K Free: 36643K (66%)
ptolemy.util.test.WatchDog.cancel(): canceling Thu Aug 13 15:24:51 UTC 2020
auto.tcl: Setting watchdog for 200 seconds at Thu Aug 13 15:24:51 UTC 2020
2 ms. Memory: 55296K Free: 35590K (64%)
ptolemy.util.test.WatchDog.cancel(): canceling Thu Aug 13 15:24:51 UTC 2020
------------------ testing $PTII/ptolemy/domains/de/test/auto/ResettableTimer3.xml
auto.tcl: Setting watchdog for 200 seconds at Thu Aug 13 15:24:51 UTC 2020
2 ms. Memory: 55296K Free: 36614K (66%)
ptolemy.util.test.WatchDog.cancel(): canceling Thu Aug 13 15:24:51 UTC 2020
auto.tcl: Setting watchdog for 200 seconds at Thu Aug 13 15:24:51 UTC 2020
1 ms. Memory: 55296K Free: 36614K (66%)
ptolemy.util.test.WatchDog.cancel(): canceling Thu Aug 13 15:24:51 UTC 2020
------------------ testing $PTII/ptolemy/domains/de/test/auto/ResettableTimer4.xml
auto.tcl: Setting watchdog for 200 seconds at Thu Aug 13 15:24:51 UTC 2020
1 ms. Memory: 55296K Free: 36627K (66%)
ptolemy.util.test.WatchDog.cancel(): canceling Thu Aug 13 15:24:51 UTC 2020
auto.tcl: Setting watchdog for 200 seconds at Thu Aug 13 15:24:51 UTC 2020
1 ms. Memory: 55296K Free: 36113K (65%)
ptolemy.util.test.WatchDog.cancel(): canceling Thu Aug 13 15:24:51 UTC 2020
------------------ testing $PTII/ptolemy/domains/de/test/auto/ResettableTimer5.xml
auto.tcl: Setting watchdog for 200 seconds at Thu Aug 13 15:24:51 UTC 2020
1 ms. Memory: 51200K Free: 32016K (63%)
ptolemy.util.test.WatchDog.cancel(): canceling Thu Aug 13 15:24:51 UTC 2020
auto.tcl: Setting watchdog for 200 seconds at Thu Aug 13 15:24:51 UTC 2020
1 ms. Memory: 51200K Free: 31506K (62%)
ptolemy.util.test.WatchDog.cancel(): canceling Thu Aug 13 15:24:51 UTC 2020
------------------ testing $PTII/ptolemy/domains/de/test/auto/ResettableTimer6.xml
auto.tcl: Setting watchdog for 200 seconds at Thu Aug 13 15:24:51 UTC 2020
2 ms. Memory: 51200K Free: 32006K (63%)
ptolemy.util.test.WatchDog.cancel(): canceling Thu Aug 13 15:24:51 UTC 2020
auto.tcl: Setting watchdog for 200 seconds at Thu Aug 13 15:24:51 UTC 2020
2 ms. Memory: 51200K Free: 31496K (62%)
ptolemy.util.test.WatchDog.cancel(): canceling Thu Aug 13 15:24:51 UTC 2020
------------------ testing $PTII/ptolemy/domains/de/test/auto/ServerZeroDelay.xml
auto.tcl: Setting watchdog for 200 seconds at Thu Aug 13 15:24:51 UTC 2020
2 ms. Memory: 51200K Free: 32511K (63%)
ptolemy.util.test.WatchDog.cancel(): canceling Thu Aug 13 15:24:51 UTC 2020
auto.tcl: Setting watchdog for 200 seconds at Thu Aug 13 15:24:51 UTC 2020
1 ms. Memory: 51200K Free: 31487K (61%)
ptolemy.util.test.WatchDog.cancel(): canceling Thu Aug 13 15:24:51 UTC 2020
------------------ testing $PTII/ptolemy/domains/de/test/auto/SmartSender.xml
auto.tcl: Setting watchdog for 200 seconds at Thu Aug 13 15:24:51 UTC 2020
3001 ms. Memory: 51200K Free: 31992K (62%)
ptolemy.util.test.WatchDog.cancel(): canceling Thu Aug 13 15:24:54 UTC 2020
auto.tcl: Setting watchdog for 200 seconds at Thu Aug 13 15:24:54 UTC 2020
3002 ms. Memory: 51200K Free: 31482K (61%)
ptolemy.util.test.WatchDog.cancel(): canceling Thu Aug 13 15:24:57 UTC 2020
------------------ testing $PTII/ptolemy/domains/de/test/auto/ThreadedComposite.xml
auto.tcl: Setting watchdog for 200 seconds at Thu Aug 13 15:24:57 UTC 2020
185 ms. Memory: 51200K Free: 14087K (28%)
ptolemy.util.test.WatchDog.cancel(): canceling Thu Aug 13 15:24:58 UTC 2020
auto.tcl: Setting watchdog for 200 seconds at Thu Aug 13 15:24:58 UTC 2020
134 ms. Memory: 61440K Free: 39574K (64%)
ptolemy.util.test.WatchDog.cancel(): canceling Thu Aug 13 15:24:58 UTC 2020
------------------ testing $PTII/ptolemy/domains/de/test/auto/Time.xml
auto.tcl: Setting watchdog for 200 seconds at Thu Aug 13 15:24:58 UTC 2020
442 ms. Memory: 55296K Free: 11598K (21%)
ptolemy.util.test.WatchDog.cancel(): canceling Thu Aug 13 15:24:58 UTC 2020
auto.tcl: Setting watchdog for 200 seconds at Thu Aug 13 15:24:58 UTC 2020
417 ms. Memory: 55296K Free: 17753K (32%)
ptolemy.util.test.WatchDog.cancel(): canceling Thu Aug 13 15:24:59 UTC 2020
------------------ testing $PTII/ptolemy/domains/de/test/auto/TimeDelayZeroDelay.xml
auto.tcl: Setting watchdog for 200 seconds at Thu Aug 13 15:24:59 UTC 2020
2 ms. Memory: 55296K Free: 36530K (66%)
ptolemy.util.test.WatchDog.cancel(): canceling Thu Aug 13 15:24:59 UTC 2020
auto.tcl: Setting watchdog for 200 seconds at Thu Aug 13 15:24:59 UTC 2020
2 ms. Memory: 55296K Free: 36052K (65%)
ptolemy.util.test.WatchDog.cancel(): canceling Thu Aug 13 15:24:59 UTC 2020
------------------ testing $PTII/ptolemy/domains/de/test/auto/TimerZeroDelay.xml
auto.tcl: Setting watchdog for 200 seconds at Thu Aug 13 15:24:59 UTC 2020
3 ms. Memory: 51200K Free: 32875K (64%)
ptolemy.util.test.WatchDog.cancel(): canceling Thu Aug 13 15:24:59 UTC 2020
auto.tcl: Setting watchdog for 200 seconds at Thu Aug 13 15:24:59 UTC 2020
3 ms. Memory: 51200K Free: 32044K (63%)
ptolemy.util.test.WatchDog.cancel(): canceling Thu Aug 13 15:24:59 UTC 2020
------------------ testing $PTII/ptolemy/domains/de/test/auto/TimingParadox.xml
auto.tcl: Setting watchdog for 200 seconds at Thu Aug 13 15:24:59 UTC 2020
315 ms. Memory: 51200K Free: 17529K (34%)
ptolemy.util.test.WatchDog.cancel(): canceling Thu Aug 13 15:24:59 UTC 2020
auto.tcl: Setting watchdog for 200 seconds at Thu Aug 13 15:24:59 UTC 2020
301 ms. Memory: 51200K Free: 30998K (61%)
ptolemy.util.test.WatchDog.cancel(): canceling Thu Aug 13 15:24:59 UTC 2020
------------------ testing $PTII/ptolemy/domains/de/test/auto/TransferInputs.xml
auto.tcl: Setting watchdog for 200 seconds at Thu Aug 13 15:25:00 UTC 2020
2 ms. Memory: 51200K Free: 30945K (60%)
ptolemy.util.test.WatchDog.cancel(): canceling Thu Aug 13 15:25:00 UTC 2020
auto.tcl: Setting watchdog for 200 seconds at Thu Aug 13 15:25:00 UTC 2020
2 ms. Memory: 51200K Free: 30074K (59%)
ptolemy.util.test.WatchDog.cancel(): canceling Thu Aug 13 15:25:00 UTC 2020
------------------ testing $PTII/ptolemy/domains/de/test/auto/TransferOutputs2.xml
auto.tcl: Setting watchdog for 200 seconds at Thu Aug 13 15:25:00 UTC 2020
3 ms. Memory: 51200K Free: 28388K (55%)
ptolemy.util.test.WatchDog.cancel(): canceling Thu Aug 13 15:25:00 UTC 2020
auto.tcl: Setting watchdog for 200 seconds at Thu Aug 13 15:25:00 UTC 2020
3 ms. Memory: 51200K Free: 26975K (53%)
ptolemy.util.test.WatchDog.cancel(): canceling Thu Aug 13 15:25:00 UTC 2020
------------------ testing $PTII/ptolemy/domains/de/test/auto/Trilateration.xml
auto.tcl: Setting watchdog for 200 seconds at Thu Aug 13 15:25:00 UTC 2020
13330 ms. Memory: 411648K Free: 158895K (39%)
ptolemy.util.test.WatchDog.cancel(): canceling Thu Aug 13 15:25:14 UTC 2020
auto.tcl: Setting watchdog for 200 seconds at Thu Aug 13 15:25:14 UTC 2020
9543 ms. Memory: 411648K Free: 179278K (44%)
ptolemy.util.test.WatchDog.cancel(): canceling Thu Aug 13 15:25:24 UTC 2020
------------------ testing $PTII/ptolemy/domains/de/test/auto/TwoSigmaDelta.xml
auto.tcl: Setting watchdog for 200 seconds at Thu Aug 13 15:25:24 UTC 2020
2469 ms. Memory: 92160K Free: 21433K (23%)
ptolemy.util.test.WatchDog.cancel(): canceling Thu Aug 13 15:25:26 UTC 2020
auto.tcl: Setting watchdog for 200 seconds at Thu Aug 13 15:25:26 UTC 2020
1688 ms. Memory: 92160K Free: 21920K (24%)
ptolemy.util.test.WatchDog.cancel(): canceling Thu Aug 13 15:25:28 UTC 2020
------------------ testing $PTII/ptolemy/domains/de/test/auto/VariableDelay.xml
auto.tcl: Setting watchdog for 200 seconds at Thu Aug 13 15:25:28 UTC 2020
2 ms. Memory: 55296K Free: 35530K (64%)
ptolemy.util.test.WatchDog.cancel(): canceling Thu Aug 13 15:25:28 UTC 2020
auto.tcl: Setting watchdog for 200 seconds at Thu Aug 13 15:25:28 UTC 2020
2 ms. Memory: 55296K Free: 34514K (62%)
ptolemy.util.test.WatchDog.cancel(): canceling Thu Aug 13 15:25:28 UTC 2020
------------------ testing $PTII/ptolemy/domains/de/test/auto/VariableDelay2.xml
auto.tcl: Setting watchdog for 200 seconds at Thu Aug 13 15:25:28 UTC 2020
2 ms. Memory: 55296K Free: 35936K (65%)
ptolemy.util.test.WatchDog.cancel(): canceling Thu Aug 13 15:25:28 UTC 2020
auto.tcl: Setting watchdog for 200 seconds at Thu Aug 13 15:25:28 UTC 2020
2 ms. Memory: 55296K Free: 35432K (64%)
ptolemy.util.test.WatchDog.cancel(): canceling Thu Aug 13 15:25:28 UTC 2020
------------------ testing $PTII/ptolemy/domains/de/test/auto/VariableDelayZeroDelay.xml
auto.tcl: Setting watchdog for 200 seconds at Thu Aug 13 15:25:28 UTC 2020
2 ms. Memory: 55296K Free: 36456K (66%)
ptolemy.util.test.WatchDog.cancel(): canceling Thu Aug 13 15:25:28 UTC 2020
auto.tcl: Setting watchdog for 200 seconds at Thu Aug 13 15:25:28 UTC 2020
2 ms. Memory: 55296K Free: 35928K (65%)
ptolemy.util.test.WatchDog.cancel(): canceling Thu Aug 13 15:25:28 UTC 2020
------------------ testing $PTII/ptolemy/domains/de/test/auto/VariableDelayZeroDelay2.xml
auto.tcl: Setting watchdog for 200 seconds at Thu Aug 13 15:25:28 UTC 2020
2 ms. Memory: 55296K Free: 36455K (66%)
ptolemy.util.test.WatchDog.cancel(): canceling Thu Aug 13 15:25:28 UTC 2020
auto.tcl: Setting watchdog for 200 seconds at Thu Aug 13 15:25:28 UTC 2020
2 ms. Memory: 55296K Free: 35431K (64%)
ptolemy.util.test.WatchDog.cancel(): canceling Thu Aug 13 15:25:28 UTC 2020
------------------ testing $PTII/ptolemy/domains/de/test/auto/deInCt.xml
auto.tcl: Setting watchdog for 200 seconds at Thu Aug 13 15:25:28 UTC 2020
0
1
1
1
0
0
0
1
1
0
0
0
1
1
1
1
0
0
0
0
0
1
1
1
0
0
0
1
1
1
0
0
0
0
1
1
1
0
0
0
1
1
1
0
0
0
0
8 ms. Memory: 55296K Free: 35428K (64%)
ptolemy.util.test.WatchDog.cancel(): canceling Thu Aug 13 15:25:28 UTC 2020
auto.tcl: Setting watchdog for 200 seconds at Thu Aug 13 15:25:28 UTC 2020
0
1
1
1
1
0
0
0
1
1
1
0
0
0
1
1
1
0
0
1
1
1
1
0
0
1
1
1
1
1
1
1
0
0
0
0
8 ms. Memory: 55296K Free: 33890K (61%)
ptolemy.util.test.WatchDog.cancel(): canceling Thu Aug 13 15:25:28 UTC 2020
------------------ testing $PTII/ptolemy/domains/de/test/auto/deInCt2.xml
auto.tcl: Setting watchdog for 200 seconds at Thu Aug 13 15:25:28 UTC 2020
0
1
1
1
0
0
1
1
1
0
0
1
1
1
0
0
1
1
1
0
0
1
1
1
0
0
1
1
1
0
0
1
1
1
0
0
1
1
1
0
0
0
9 ms. Memory: 55296K Free: 35430K (64%)
ptolemy.util.test.WatchDog.cancel(): canceling Thu Aug 13 15:25:28 UTC 2020
auto.tcl: Setting watchdog for 200 seconds at Thu Aug 13 15:25:28 UTC 2020
0
1
1
1
0
0
1
1
1
0
0
1
1
1
0
0
1
1
1
0
0
1
1
1
0
0
1
1
1
0
0
1
1
1
0
0
1
1
1
0
0
0
4 ms. Memory: 55296K Free: 33878K (61%)
ptolemy.util.test.WatchDog.cancel(): canceling Thu Aug 13 15:25:28 UTC 2020
------------------ testing $PTII/ptolemy/domains/de/test/auto/dynamicCausalityInterface1.xml
auto.tcl: Setting watchdog for 200 seconds at Thu Aug 13 15:25:28 UTC 2020
2 ms. Memory: 55296K Free: 31329K (57%)
ptolemy.util.test.WatchDog.cancel(): canceling Thu Aug 13 15:25:29 UTC 2020
auto.tcl: Setting watchdog for 200 seconds at Thu Aug 13 15:25:29 UTC 2020
1 ms. Memory: 55296K Free: 30815K (56%)
ptolemy.util.test.WatchDog.cancel(): canceling Thu Aug 13 15:25:29 UTC 2020
------------------ testing $PTII/ptolemy/domains/de/test/auto/fsm_de_test.xml
auto.tcl: Setting watchdog for 200 seconds at Thu Aug 13 15:25:29 UTC 2020
12 ms. Memory: 55296K Free: 31227K (56%)
ptolemy.util.test.WatchDog.cancel(): canceling Thu Aug 13 15:25:29 UTC 2020
auto.tcl: Setting watchdog for 200 seconds at Thu Aug 13 15:25:29 UTC 2020
6 ms. Memory: 55296K Free: 29179K (53%)
ptolemy.util.test.WatchDog.cancel(): canceling Thu Aug 13 15:25:29 UTC 2020
------------------ testing $PTII/ptolemy/domains/de/test/auto/functionDependencyReconstruction.xml
auto.tcl: Setting watchdog for 200 seconds at Thu Aug 13 15:25:29 UTC 2020
8 ms. Memory: 55296K Free: 25094K (45%)
ptolemy.util.test.WatchDog.cancel(): canceling Thu Aug 13 15:25:29 UTC 2020
auto.tcl: Setting watchdog for 200 seconds at Thu Aug 13 15:25:29 UTC 2020
3 ms. Memory: 55296K Free: 23025K (42%)
ptolemy.util.test.WatchDog.cancel(): canceling Thu Aug 13 15:25:29 UTC 2020
------------------ testing $PTII/ptolemy/domains/de/test/auto/multirate.xml
auto.tcl: Setting watchdog for 200 seconds at Thu Aug 13 15:25:29 UTC 2020
6 ms. Memory: 55296K Free: 33838K (61%)
ptolemy.util.test.WatchDog.cancel(): canceling Thu Aug 13 15:25:29 UTC 2020
auto.tcl: Setting watchdog for 200 seconds at Thu Aug 13 15:25:29 UTC 2020
3 ms. Memory: 55296K Free: 32123K (58%)
ptolemy.util.test.WatchDog.cancel(): canceling Thu Aug 13 15:25:29 UTC 2020
------------------ testing $PTII/ptolemy/domains/de/test/auto/multirate2.xml
auto.tcl: Setting watchdog for 200 seconds at Thu Aug 13 15:25:29 UTC 2020
3 ms. Memory: 55296K Free: 34002K (61%)
ptolemy.util.test.WatchDog.cancel(): canceling Thu Aug 13 15:25:29 UTC 2020
auto.tcl: Setting watchdog for 200 seconds at Thu Aug 13 15:25:29 UTC 2020
3 ms. Memory: 55296K Free: 32304K (58%)
ptolemy.util.test.WatchDog.cancel(): canceling Thu Aug 13 15:25:29 UTC 2020
------------------ testing $PTII/ptolemy/domains/de/test/auto/realtime.xml
auto.tcl: Setting watchdog for 200 seconds at Thu Aug 13 15:25:29 UTC 2020
10002 ms. Memory: 55296K Free: 36079K (65%)
ptolemy.util.test.WatchDog.cancel(): canceling Thu Aug 13 15:25:39 UTC 2020
auto.tcl: Setting watchdog for 200 seconds at Thu Aug 13 15:25:39 UTC 2020
10002 ms. Memory: 55296K Free: 35535K (64%)
ptolemy.util.test.WatchDog.cancel(): canceling Thu Aug 13 15:25:49 UTC 2020
------------------ testing $PTII/ptolemy/domains/de/test/auto/relationGroup.xml
auto.tcl: Setting watchdog for 200 seconds at Thu Aug 13 15:25:49 UTC 2020
3 ms. Memory: 55296K Free: 37159K (67%)
ptolemy.util.test.WatchDog.cancel(): canceling Thu Aug 13 15:25:49 UTC 2020
auto.tcl: Setting watchdog for 200 seconds at Thu Aug 13 15:25:49 UTC 2020
1 ms. Memory: 55296K Free: 36631K (66%)
ptolemy.util.test.WatchDog.cancel(): canceling Thu Aug 13 15:25:49 UTC 2020
------------------ testing $PTII/ptolemy/domains/de/test/auto/relationGroup2.xml
auto.tcl: Setting watchdog for 200 seconds at Thu Aug 13 15:25:49 UTC 2020
2 ms. Memory: 55296K Free: 37184K (67%)
ptolemy.util.test.WatchDog.cancel(): canceling Thu Aug 13 15:25:49 UTC 2020
auto.tcl: Setting watchdog for 200 seconds at Thu Aug 13 15:25:49 UTC 2020
2 ms. Memory: 55296K Free: 36672K (66%)
ptolemy.util.test.WatchDog.cancel(): canceling Thu Aug 13 15:25:49 UTC 2020
------------------ testing $PTII/ptolemy/domains/de/test/auto/sortWithOpaquePorts.xml
auto.tcl: Setting watchdog for 200 seconds at Thu Aug 13 15:25:49 UTC 2020
2 ms. Memory: 51200K Free: 31857K (62%)
ptolemy.util.test.WatchDog.cancel(): canceling Thu Aug 13 15:25:49 UTC 2020
auto.tcl: Setting watchdog for 200 seconds at Thu Aug 13 15:25:49 UTC 2020
2 ms. Memory: 51200K Free: 30833K (60%)
ptolemy.util.test.WatchDog.cancel(): canceling Thu Aug 13 15:25:49 UTC 2020
------------------ testing $PTII/ptolemy/domains/de/test/auto/transferInputsandOutputs.xml
auto.tcl: Setting watchdog for 200 seconds at Thu Aug 13 15:25:49 UTC 2020
4 ms. Memory: 51200K Free: 29300K (57%)
ptolemy.util.test.WatchDog.cancel(): canceling Thu Aug 13 15:25:49 UTC 2020
auto.tcl: Setting watchdog for 200 seconds at Thu Aug 13 15:25:49 UTC 2020
3 ms. Memory: 51200K Free: 28276K (55%)
ptolemy.util.test.WatchDog.cancel(): canceling Thu Aug 13 15:25:49 UTC 2020
------------------ testing $PTII/ptolemy/domains/de/test/auto/triggerType.xml
auto.tcl: Setting watchdog for 200 seconds at Thu Aug 13 15:25:49 UTC 2020
2 ms. Memory: 51200K Free: 32325K (63%)
ptolemy.util.test.WatchDog.cancel(): canceling Thu Aug 13 15:25:49 UTC 2020
auto.tcl: Setting watchdog for 200 seconds at Thu Aug 13 15:25:49 UTC 2020
2 ms. Memory: 51200K Free: 31301K (61%)
ptolemy.util.test.WatchDog.cancel(): canceling Thu Aug 13 15:25:49 UTC 2020
08/13/20 03:25:49
Failed: 0  Total Tests: 192  ((Passed: 187, Newly Passed: 1)  Known Failed: 5) /home/travis/build/icyphy/ptII/ptolemy/domains/de/test
08/13/20 03:25:49
Failed: 0  Total Tests: 192  ((Passed: 187, Newly Passed: 1)  Known Failed: 5) /home/travis/build/icyphy/ptII/ptolemy/domains/de/test
----------------- testing (KnownFailure) /home/travis/build/icyphy/ptII/ptolemy/domains/de/test/auto/knownFailedTests/DESDFClockTest.xml
2011 ms. Memory: 51200K Free: 25720K (50%)
Known Failure: java.lang.reflect.InvocationTargetException
----------------- testing (KnownFailure) /home/travis/build/icyphy/ptII/ptolemy/domains/de/test/auto/knownFailedTests/DirectFeedback.xml
6 ms. Memory: 51200K Free: 22138K (43%)
Known Failure: java.lang.reflect.InvocationTargetException
----------------- testing (KnownFailure) /home/travis/build/icyphy/ptII/ptolemy/domains/de/test/auto/knownFailedTests/FSMSource.xml
8 ms. Memory: 51200K Free: 14970K (29%)
----------------- testing (KnownFailure) /home/travis/build/icyphy/ptII/ptolemy/domains/de/test/auto/knownFailedTests/HierarchicalModel.xml
3 ms. Memory: 51200K Free: 27096K (53%)
Known Failure: java.lang.reflect.InvocationTargetException
----------------- testing (KnownFailure) /home/travis/build/icyphy/ptII/ptolemy/domains/de/test/auto/knownFailedTests/dependencyLoop.xml
2 ms. Memory: 51200K Free: 11800K (23%)
Known Failure: java.lang.reflect.InvocationTargetException
----------------- testing (KnownFailure) /home/travis/build/icyphy/ptII/ptolemy/domains/de/test/auto/knownFailedTests/dependencyLoop2.xml
8 ms. Memory: 51200K Free: 24729K (48%)
Known Failure: java.lang.reflect.InvocationTargetException
No auto/linux-amd64/*.xml tests in /home/travis/build/icyphy/ptII/ptolemy/domains/de/test
AutoTests.java: About to close Vertx.
AutoTests.java: Vertx closed.

===========================================================================================
----------------- testing Thu Aug 13 15:25:52 UTC 2020 /home/travis/build/icyphy/ptII/ptolemy/domains/de/test/auto/ActorDepthCalculation_actorWithoutPorts.xml
----------------- Instantiating /home/travis/build/icyphy/ptII/ptolemy/domains/de/test/auto/ActorDepthCalculation_actorWithoutPorts.xml
3 ms. Memory: 51200K Free: 18276K (36%)
----------------- Invoking toplevel() on ptolemy.moml.MoMLSimpleApplication@67b43e09
----------------- Done invoking toplevel() on ptolemy.moml.MoMLSimpleApplication@67b43e09
reloadAllAccessors: .ActorDepthCalculation_actorWithoutPorts

===========================================================================================
----------------- testing Thu Aug 13 15:25:52 UTC 2020 /home/travis/build/icyphy/ptII/ptolemy/domains/de/test/auto/AssemblyLine.xml
----------------- Instantiating /home/travis/build/icyphy/ptII/ptolemy/domains/de/test/auto/AssemblyLine.xml
3 ms. Memory: 51200K Free: 11124K (22%)
----------------- Invoking toplevel() on ptolemy.moml.MoMLSimpleApplication@4b998135
----------------- Done invoking toplevel() on ptolemy.moml.MoMLSimpleApplication@4b998135
reloadAllAccessors: .AssemblyLine

===========================================================================================
----------------- testing Thu Aug 13 15:25:52 UTC 2020 /home/travis/build/icyphy/ptII/ptolemy/domains/de/test/auto/CQBug1.xml
----------------- Instantiating /home/travis/build/icyphy/ptII/ptolemy/domains/de/test/auto/CQBug1.xml
2 ms. Memory: 51200K Free: 8345K (16%)
----------------- Invoking toplevel() on ptolemy.moml.MoMLSimpleApplication@41d729d5
----------------- Done invoking toplevel() on ptolemy.moml.MoMLSimpleApplication@41d729d5
reloadAllAccessors: .CQBug1

===========================================================================================
----------------- testing Thu Aug 13 15:25:52 UTC 2020 /home/travis/build/icyphy/ptII/ptolemy/domains/de/test/auto/CancelFireAt.xml
----------------- Instantiating /home/travis/build/icyphy/ptII/ptolemy/domains/de/test/auto/CancelFireAt.xml
8 ms. Memory: 51200K Free: 33870K (66%)
----------------- Invoking toplevel() on ptolemy.moml.MoMLSimpleApplication@21e25411
----------------- Done invoking toplevel() on ptolemy.moml.MoMLSimpleApplication@21e25411
reloadAllAccessors: .CancelFireAt

===========================================================================================
----------------- testing Thu Aug 13 15:25:52 UTC 2020 /home/travis/build/icyphy/ptII/ptolemy/domains/de/test/auto/CausalityAndComposabilityAnalysis.xml
----------------- Instantiating /home/travis/build/icyphy/ptII/ptolemy/domains/de/test/auto/CausalityAndComposabilityAnalysis.xml
2 ms. Memory: 51200K Free: 29556K (58%)
----------------- Invoking toplevel() on ptolemy.moml.MoMLSimpleApplication@4ed18d65
----------------- Done invoking toplevel() on ptolemy.moml.MoMLSimpleApplication@4ed18d65
reloadAllAccessors: .CausalityAndComposabilityAnalysis

===========================================================================================
----------------- testing Thu Aug 13 15:25:52 UTC 2020 /home/travis/build/icyphy/ptII/ptolemy/domains/de/test/auto/CausalityInterface1.xml
----------------- Instantiating /home/travis/build/icyphy/ptII/ptolemy/domains/de/test/auto/CausalityInterface1.xml
6 ms. Memory: 51200K Free: 24444K (48%)
----------------- Invoking toplevel() on ptolemy.moml.MoMLSimpleApplication@1914d67
----------------- Done invoking toplevel() on ptolemy.moml.MoMLSimpleApplication@1914d67
reloadAllAccessors: .CausalityInterface1

===========================================================================================
----------------- testing Thu Aug 13 15:25:52 UTC 2020 /home/travis/build/icyphy/ptII/ptolemy/domains/de/test/auto/CausalityInterface15.xml
----------------- Instantiating /home/travis/build/icyphy/ptII/ptolemy/domains/de/test/auto/CausalityInterface15.xml
2 ms. Memory: 51200K Free: 18984K (37%)
----------------- Invoking toplevel() on ptolemy.moml.MoMLSimpleApplication@4ee99d0c
----------------- Done invoking toplevel() on ptolemy.moml.MoMLSimpleApplication@4ee99d0c
reloadAllAccessors: .CausalityInterface15

===========================================================================================
----------------- testing Thu Aug 13 15:25:52 UTC 2020 /home/travis/build/icyphy/ptII/ptolemy/domains/de/test/auto/CausalityInterface2.xml
----------------- Instantiating /home/travis/build/icyphy/ptII/ptolemy/domains/de/test/auto/CausalityInterface2.xml
1 ms. Memory: 51200K Free: 14196K (28%)
[...]
	at ptolemy.actor.Manager.run(Manager.java:1263)
	at ptolemy.actor.Manager$PtolemyRunThread.run(Manager.java:1933)
java.lang.RuntimeException: Execution failed
	at ptolemy.moml.MoMLSimpleApplication$UnloadThread.run(MoMLSimpleApplication.java:402)
Caused by: ptolemy.kernel.util.IllegalActionException: Actor is not ready to fire.  Perhaps UpSample.prefire() returned false? Try debugging the actor by selecting "Listen to Actor".  Also, for SDF check moml for tokenConsumptionRate on input.
  in .DESDFClockTest.Play Bell.Copy1:SDF Director and .DESDFClockTest.Play Bell.UpSample
	at ptolemy.actor.sched.StaticSchedulingDirector.fire(StaticSchedulingDirector.java:227)
	at ptolemy.domains.sdf.kernel.SDFDirector.fire(SDFDirector.java:500)
	at ptolemy.actor.CompositeActor.fire(CompositeActor.java:455)
	at ptolemy.domains.de.kernel.DEDirector._fire(DEDirector.java:1949)
	at ptolemy.domains.de.kernel.DEDirector.fire(DEDirector.java:502)
	at ptolemy.actor.CompositeActor.fire(CompositeActor.java:455)
	at ptolemy.actor.Manager.iterate(Manager.java:851)
	at ptolemy.actor.Manager.execute(Manager.java:369)
	at ptolemy.actor.Manager.run(Manager.java:1263)
	at ptolemy.actor.Manager$PtolemyRunThread.run(Manager.java:1933)
java.lang.reflect.InvocationTargetException
	at java.base/jdk.internal.reflect.NativeConstructorAccessorImpl.newInstance0(Native Method)
	at java.base/jdk.internal.reflect.NativeConstructorAccessorImpl.newInstance(NativeConstructorAccessorImpl.java:62)
	at java.base/jdk.internal.reflect.DelegatingConstructorAccessorImpl.newInstance(DelegatingConstructorAccessorImpl.java:45)
	at java.base/java.lang.reflect.Constructor.newInstance(Constructor.java:490)
	at ptolemy.util.test.junit.AutoKnownFailedTests.RunModel(AutoKnownFailedTests.java:105)
	at java.base/jdk.internal.reflect.NativeMethodAccessorImpl.invoke0(Native Method)
	at java.base/jdk.internal.reflect.NativeMethodAccessorImpl.invoke(NativeMethodAccessorImpl.java:62)
	at java.base/jdk.internal.reflect.DelegatingMethodAccessorImpl.invoke(DelegatingMethodAccessorImpl.java:43)
	at java.base/java.lang.reflect.Method.invoke(Method.java:566)
	at org.junit.runners.model.FrameworkMethod$1.runReflectiveCall(FrameworkMethod.java:44)
	at org.junit.internal.runners.model.ReflectiveCallable.run(ReflectiveCallable.java:15)
	at org.junit.runners.model.FrameworkMethod.invokeExplosively(FrameworkMethod.java:41)
	at junitparams.internal.InvokeParameterisedMethod.evaluate(InvokeParameterisedMethod.java:102)
	at org.junit.internal.runners.statements.FailOnTimeout$1.run(FailOnTimeout.java:28)
Caused by: ptolemy.kernel.util.IllegalActionException: Actor is not ready to fire.  Perhaps UpSample.prefire() returned false? Try debugging the actor by selecting "Listen to Actor".  Also, for SDF check moml for tokenConsumptionRate on input.
  in .DESDFClockTest.Play Bell.Copy1:SDF Director and .DESDFClockTest.Play Bell.UpSample
	at ptolemy.actor.sched.StaticSchedulingDirector.fire(StaticSchedulingDirector.java:227)
	at ptolemy.domains.sdf.kernel.SDFDirector.fire(SDFDirector.java:500)
	at ptolemy.actor.CompositeActor.fire(CompositeActor.java:455)
	at ptolemy.domains.de.kernel.DEDirector._fire(DEDirector.java:1949)
	at ptolemy.domains.de.kernel.DEDirector.fire(DEDirector.java:502)
	at ptolemy.actor.CompositeActor.fire(CompositeActor.java:455)
	at ptolemy.actor.Manager.iterate(Manager.java:851)
	at ptolemy.actor.Manager.execute(Manager.java:369)
	at ptolemy.actor.Manager.run(Manager.java:1263)
	at ptolemy.actor.Manager$PtolemyRunThread.run(Manager.java:1933)
java.lang.RuntimeException: Execution failed
	at ptolemy.moml.MoMLSimpleApplication$UnloadThread.run(MoMLSimpleApplication.java:402)
Caused by: ptolemy.kernel.util.IllegalActionException: Test fails in iteration 1.
Value was: 1.0. Should have been: 2.0
  in .DirectFeedback.Test
	at ptolemy.actor.lib.Test.fire(Test.java:268)
	at ptolemy.domains.de.kernel.DEDirector._fire(DEDirector.java:1949)
	at ptolemy.domains.de.kernel.DEDirector.fire(DEDirector.java:502)
	at ptolemy.actor.CompositeActor.fire(CompositeActor.java:455)
	at ptolemy.actor.Manager.iterate(Manager.java:851)
	at ptolemy.actor.Manager.execute(Manager.java:369)
	at ptolemy.actor.Manager.run(Manager.java:1263)
	at ptolemy.actor.Manager$PtolemyRunThread.run(Manager.java:1933)
java.lang.reflect.InvocationTargetException
	at java.base/jdk.internal.reflect.NativeConstructorAccessorImpl.newInstance0(Native Method)
	at java.base/jdk.internal.reflect.NativeConstructorAccessorImpl.newInstance(NativeConstructorAccessorImpl.java:62)
	at java.base/jdk.internal.reflect.DelegatingConstructorAccessorImpl.newInstance(DelegatingConstructorAccessorImpl.java:45)
	at java.base/java.lang.reflect.Constructor.newInstance(Constructor.java:490)
	at ptolemy.util.test.junit.AutoKnownFailedTests.RunModel(AutoKnownFailedTests.java:105)
	at java.base/jdk.internal.reflect.NativeMethodAccessorImpl.invoke0(Native Method)
	at java.base/jdk.internal.reflect.NativeMethodAccessorImpl.invoke(NativeMethodAccessorImpl.java:62)
	at java.base/jdk.internal.reflect.DelegatingMethodAccessorImpl.invoke(DelegatingMethodAccessorImpl.java:43)
	at java.base/java.lang.reflect.Method.invoke(Method.java:566)
	at org.junit.runners.model.FrameworkMethod$1.runReflectiveCall(FrameworkMethod.java:44)
	at org.junit.internal.runners.model.ReflectiveCallable.run(ReflectiveCallable.java:15)
	at org.junit.runners.model.FrameworkMethod.invokeExplosively(FrameworkMethod.java:41)
	at junitparams.internal.InvokeParameterisedMethod.evaluate(InvokeParameterisedMethod.java:102)
	at org.junit.internal.runners.statements.FailOnTimeout$1.run(FailOnTimeout.java:28)
Caused by: ptolemy.kernel.util.IllegalActionException: Test fails in iteration 1.
Value was: 1.0. Should have been: 2.0
  in .DirectFeedback.Test
	at ptolemy.actor.lib.Test.fire(Test.java:268)
	at ptolemy.domains.de.kernel.DEDirector._fire(DEDirector.java:1949)
	at ptolemy.domains.de.kernel.DEDirector.fire(DEDirector.java:502)
	at ptolemy.actor.CompositeActor.fire(CompositeActor.java:455)
	at ptolemy.actor.Manager.iterate(Manager.java:851)
	at ptolemy.actor.Manager.execute(Manager.java:369)
	at ptolemy.actor.Manager.run(Manager.java:1263)
	at ptolemy.actor.Manager$PtolemyRunThread.run(Manager.java:1933)
java.lang.RuntimeException: Execution failed
	at ptolemy.moml.MoMLSimpleApplication$UnloadThread.run(MoMLSimpleApplication.java:402)
Caused by: ptolemy.kernel.util.IllegalActionException: Found a zero delay loop containing .HierarchicalModel.A
  in .HierarchicalModel and .HierarchicalModel.A
	at ptolemy.actor.util.CausalityInterfaceForComposites._computeOutputPortDepth(CausalityInterfaceForComposites.java:759)
	at ptolemy.actor.util.CausalityInterfaceForComposites._computeInputDepth(CausalityInterfaceForComposites.java:696)
	at ptolemy.actor.util.CausalityInterfaceForComposites._computeOutputPortDepth(CausalityInterfaceForComposites.java:765)
	at ptolemy.actor.util.CausalityInterfaceForComposites._computeInputDepth(CausalityInterfaceForComposites.java:696)
	at ptolemy.actor.util.CausalityInterfaceForComposites._computeOutputPortDepth(CausalityInterfaceForComposites.java:765)
	at ptolemy.actor.util.CausalityInterfaceForComposites._computeInputDepth(CausalityInterfaceForComposites.java:696)
	at ptolemy.actor.util.CausalityInterfaceForComposites._computeActorDepth(CausalityInterfaceForComposites.java:532)
	at ptolemy.actor.util.CausalityInterfaceForComposites.checkForCycles(CausalityInterfaceForComposites.java:96)
	at ptolemy.domains.de.kernel.DEDirector.preinitialize(DEDirector.java:1338)
	at ptolemy.actor.CompositeActor.preinitialize(CompositeActor.java:1828)
	at ptolemy.actor.Manager.preinitializeAndResolveTypes(Manager.java:1040)
	at ptolemy.actor.Manager.initialize(Manager.java:710)
	at ptolemy.actor.Manager.execute(Manager.java:356)
	at ptolemy.actor.Manager.run(Manager.java:1263)
	at ptolemy.actor.Manager$PtolemyRunThread.run(Manager.java:1933)
java.lang.reflect.InvocationTargetException
	at java.base/jdk.internal.reflect.NativeConstructorAccessorImpl.newInstance0(Native Method)
	at java.base/jdk.internal.reflect.NativeConstructorAccessorImpl.newInstance(NativeConstructorAccessorImpl.java:62)
	at java.base/jdk.internal.reflect.DelegatingConstructorAccessorImpl.newInstance(DelegatingConstructorAccessorImpl.java:45)
	at java.base/java.lang.reflect.Constructor.newInstance(Constructor.java:490)
	at ptolemy.util.test.junit.AutoKnownFailedTests.RunModel(AutoKnownFailedTests.java:105)
	at java.base/jdk.internal.reflect.NativeMethodAccessorImpl.invoke0(Native Method)
	at java.base/jdk.internal.reflect.NativeMethodAccessorImpl.invoke(NativeMethodAccessorImpl.java:62)
	at java.base/jdk.internal.reflect.DelegatingMethodAccessorImpl.invoke(DelegatingMethodAccessorImpl.java:43)
	at java.base/java.lang.reflect.Method.invoke(Method.java:566)
	at org.junit.runners.model.FrameworkMethod$1.runReflectiveCall(FrameworkMethod.java:44)
	at org.junit.internal.runners.model.ReflectiveCallable.run(ReflectiveCallable.java:15)
	at org.junit.runners.model.FrameworkMethod.invokeExplosively(FrameworkMethod.java:41)
	at junitparams.internal.InvokeParameterisedMethod.evaluate(InvokeParameterisedMethod.java:102)
	at org.junit.internal.runners.statements.FailOnTimeout$1.run(FailOnTimeout.java:28)
Caused by: ptolemy.kernel.util.IllegalActionException: Found a zero delay loop containing .HierarchicalModel.A
  in .HierarchicalModel and .HierarchicalModel.A
	at ptolemy.actor.util.CausalityInterfaceForComposites._computeOutputPortDepth(CausalityInterfaceForComposites.java:759)
	at ptolemy.actor.util.CausalityInterfaceForComposites._computeInputDepth(CausalityInterfaceForComposites.java:696)
	at ptolemy.actor.util.CausalityInterfaceForComposites._computeOutputPortDepth(CausalityInterfaceForComposites.java:765)
	at ptolemy.actor.util.CausalityInterfaceForComposites._computeInputDepth(CausalityInterfaceForComposites.java:696)
	at ptolemy.actor.util.CausalityInterfaceForComposites._computeOutputPortDepth(CausalityInterfaceForComposites.java:765)
	at ptolemy.actor.util.CausalityInterfaceForComposites._computeInputDepth(CausalityInterfaceForComposites.java:696)
	at ptolemy.actor.util.CausalityInterfaceForComposites._computeActorDepth(CausalityInterfaceForComposites.java:532)
	at ptolemy.actor.util.CausalityInterfaceForComposites.checkForCycles(CausalityInterfaceForComposites.java:96)
	at ptolemy.domains.de.kernel.DEDirector.preinitialize(DEDirector.java:1338)
	at ptolemy.actor.CompositeActor.preinitialize(CompositeActor.java:1828)
	at ptolemy.actor.Manager.preinitializeAndResolveTypes(Manager.java:1040)
	at ptolemy.actor.Manager.initialize(Manager.java:710)
	at ptolemy.actor.Manager.execute(Manager.java:356)
	at ptolemy.actor.Manager.run(Manager.java:1263)
	at ptolemy.actor.Manager$PtolemyRunThread.run(Manager.java:1933)
java.lang.RuntimeException: Execution failed
	at ptolemy.moml.MoMLSimpleApplication$UnloadThread.run(MoMLSimpleApplication.java:402)
Caused by: ptolemy.kernel.util.IllegalActionException: Found a zero delay loop containing .dependencyLoop.original
  in .dependencyLoop and .dependencyLoop.original
	at ptolemy.actor.util.CausalityInterfaceForComposites._computeOutputPortDepth(CausalityInterfaceForComposites.java:759)
	at ptolemy.actor.util.CausalityInterfaceForComposites._computeInputDepth(CausalityInterfaceForComposites.java:696)
	at ptolemy.actor.util.CausalityInterfaceForComposites._computeOutputPortDepth(CausalityInterfaceForComposites.java:765)
	at ptolemy.actor.util.CausalityInterfaceForComposites._computeInputDepth(CausalityInterfaceForComposites.java:696)
	at ptolemy.actor.util.CausalityInterfaceForComposites._computeOutputPortDepth(CausalityInterfaceForComposites.java:765)
	at ptolemy.actor.util.CausalityInterfaceForComposites._computeInputDepth(CausalityInterfaceForComposites.java:696)
	at ptolemy.actor.util.CausalityInterfaceForComposites._computeActorDepth(CausalityInterfaceForComposites.java:532)
	at ptolemy.actor.util.CausalityInterfaceForComposites.checkForCycles(CausalityInterfaceForComposites.java:96)
	at ptolemy.domains.de.kernel.DEDirector.preinitialize(DEDirector.java:1338)
	at ptolemy.actor.CompositeActor.preinitialize(CompositeActor.java:1828)
	at ptolemy.actor.Manager.preinitializeAndResolveTypes(Manager.java:1040)
	at ptolemy.actor.Manager.initialize(Manager.java:710)
	at ptolemy.actor.Manager.execute(Manager.java:356)
	at ptolemy.actor.Manager.run(Manager.java:1263)
	at ptolemy.actor.Manager$PtolemyRunThread.run(Manager.java:1933)
java.lang.reflect.InvocationTargetException
	at java.base/jdk.internal.reflect.NativeConstructorAccessorImpl.newInstance0(Native Method)
	at java.base/jdk.internal.reflect.NativeConstructorAccessorImpl.newInstance(NativeConstructorAccessorImpl.java:62)
	at java.base/jdk.internal.reflect.DelegatingConstructorAccessorImpl.newInstance(DelegatingConstructorAccessorImpl.java:45)
	at java.base/java.lang.reflect.Constructor.newInstance(Constructor.java:490)
	at ptolemy.util.test.junit.AutoKnownFailedTests.RunModel(AutoKnownFailedTests.java:105)
	at java.base/jdk.internal.reflect.NativeMethodAccessorImpl.invoke0(Native Method)
	at java.base/jdk.internal.reflect.NativeMethodAccessorImpl.invoke(NativeMethodAccessorImpl.java:62)
	at java.base/jdk.internal.reflect.DelegatingMethodAccessorImpl.invoke(DelegatingMethodAccessorImpl.java:43)
	at java.base/java.lang.reflect.Method.invoke(Method.java:566)
	at org.junit.runners.model.FrameworkMethod$1.runReflectiveCall(FrameworkMethod.java:44)
	at org.junit.internal.runners.model.ReflectiveCallable.run(ReflectiveCallable.java:15)
	at org.junit.runners.model.FrameworkMethod.invokeExplosively(FrameworkMethod.java:41)
	at junitparams.internal.InvokeParameterisedMethod.evaluate(InvokeParameterisedMethod.java:102)
	at org.junit.internal.runners.statements.FailOnTimeout$1.run(FailOnTimeout.java:28)
Caused by: ptolemy.kernel.util.IllegalActionException: Found a zero delay loop containing .dependencyLoop.original
  in .dependencyLoop and .dependencyLoop.original
	at ptolemy.actor.util.CausalityInterfaceForComposites._computeOutputPortDepth(CausalityInterfaceForComposites.java:759)
	at ptolemy.actor.util.CausalityInterfaceForComposites._computeInputDepth(CausalityInterfaceForComposites.java:696)
	at ptolemy.actor.util.CausalityInterfaceForComposites._computeOutputPortDepth(CausalityInterfaceForComposites.java:765)
	at ptolemy.actor.util.CausalityInterfaceForComposites._computeInputDepth(CausalityInterfaceForComposites.java:696)
	at ptolemy.actor.util.CausalityInterfaceForComposites._computeOutputPortDepth(CausalityInterfaceForComposites.java:765)
	at ptolemy.actor.util.CausalityInterfaceForComposites._computeInputDepth(CausalityInterfaceForComposites.java:696)
	at ptolemy.actor.util.CausalityInterfaceForComposites._computeActorDepth(CausalityInterfaceForComposites.java:532)
	at ptolemy.actor.util.CausalityInterfaceForComposites.checkForCycles(CausalityInterfaceForComposites.java:96)
	at ptolemy.domains.de.kernel.DEDirector.preinitialize(DEDirector.java:1338)
	at ptolemy.actor.CompositeActor.preinitialize(CompositeActor.java:1828)
	at ptolemy.actor.Manager.preinitializeAndResolveTypes(Manager.java:1040)
	at ptolemy.actor.Manager.initialize(Manager.java:710)
	at ptolemy.actor.Manager.execute(Manager.java:356)
	at ptolemy.actor.Manager.run(Manager.java:1263)
	at ptolemy.actor.Manager$PtolemyRunThread.run(Manager.java:1933)
java.lang.RuntimeException: Execution failed
	at ptolemy.moml.MoMLSimpleApplication$UnloadThread.run(MoMLSimpleApplication.java:402)
Caused by: ptolemy.kernel.util.IllegalActionException: Found a zero delay loop containing .dependencyLoop2.original
  in .dependencyLoop2 and .dependencyLoop2.original
	at ptolemy.actor.util.CausalityInterfaceForComposites._computeOutputPortDepth(CausalityInterfaceForComposites.java:759)
	at ptolemy.actor.util.CausalityInterfaceForComposites._computeInputDepth(CausalityInterfaceForComposites.java:696)
	at ptolemy.actor.util.CausalityInterfaceForComposites._computeOutputPortDepth(CausalityInterfaceForComposites.java:765)
	at ptolemy.actor.util.CausalityInterfaceForComposites._computeInputDepth(CausalityInterfaceForComposites.java:696)
	at ptolemy.actor.util.CausalityInterfaceForComposites._computeOutputPortDepth(CausalityInterfaceForComposites.java:765)
	at ptolemy.actor.util.CausalityInterfaceForComposites._computeInputDepth(CausalityInterfaceForComposites.java:696)
	at ptolemy.actor.util.CausalityInterfaceForComposites._computeActorDepth(CausalityInterfaceForComposites.java:532)
	at ptolemy.actor.util.CausalityInterfaceForComposites.checkForCycles(CausalityInterfaceForComposites.java:96)
	at ptolemy.domains.de.kernel.DEDirector.preinitialize(DEDirector.java:1338)
	at ptolemy.actor.CompositeActor.preinitialize(CompositeActor.java:1828)
	at ptolemy.actor.Manager.preinitializeAndResolveTypes(Manager.java:1040)
	at ptolemy.actor.Manager.initialize(Manager.java:710)
	at ptolemy.actor.Manager.execute(Manager.java:356)
	at ptolemy.actor.Manager.run(Manager.java:1263)
	at ptolemy.actor.Manager$PtolemyRunThread.run(Manager.java:1933)
java.lang.reflect.InvocationTargetException
	at java.base/jdk.internal.reflect.NativeConstructorAccessorImpl.newInstance0(Native Method)
	at java.base/jdk.internal.reflect.NativeConstructorAccessorImpl.newInstance(NativeConstructorAccessorImpl.java:62)
	at java.base/jdk.internal.reflect.DelegatingConstructorAccessorImpl.newInstance(DelegatingConstructorAccessorImpl.java:45)
	at java.base/java.lang.reflect.Constructor.newInstance(Constructor.java:490)
	at ptolemy.util.test.junit.AutoKnownFailedTests.RunModel(AutoKnownFailedTests.java:105)
	at java.base/jdk.internal.reflect.NativeMethodAccessorImpl.invoke0(Native Method)
	at java.base/jdk.internal.reflect.NativeMethodAccessorImpl.invoke(NativeMethodAccessorImpl.java:62)
	at java.base/jdk.internal.reflect.DelegatingMethodAccessorImpl.invoke(DelegatingMethodAccessorImpl.java:43)
	at java.base/java.lang.reflect.Method.invoke(Method.java:566)
	at org.junit.runners.model.FrameworkMethod$1.runReflectiveCall(FrameworkMethod.java:44)
	at org.junit.internal.runners.model.ReflectiveCallable.run(ReflectiveCallable.java:15)
	at org.junit.runners.model.FrameworkMethod.invokeExplosively(FrameworkMethod.java:41)
	at junitparams.internal.InvokeParameterisedMethod.evaluate(InvokeParameterisedMethod.java:102)
	at org.junit.internal.runners.statements.FailOnTimeout$1.run(FailOnTimeout.java:28)
Caused by: ptolemy.kernel.util.IllegalActionException: Found a zero delay loop containing .dependencyLoop2.original
  in .dependencyLoop2 and .dependencyLoop2.original
	at ptolemy.actor.util.CausalityInterfaceForComposites._computeOutputPortDepth(CausalityInterfaceForComposites.java:759)
	at ptolemy.actor.util.CausalityInterfaceForComposites._computeInputDepth(CausalityInterfaceForComposites.java:696)
	at ptolemy.actor.util.CausalityInterfaceForComposites._computeOutputPortDepth(CausalityInterfaceForComposites.java:765)
	at ptolemy.actor.util.CausalityInterfaceForComposites._computeInputDepth(CausalityInterfaceForComposites.java:696)
	at ptolemy.actor.util.CausalityInterfaceForComposites._computeOutputPortDepth(CausalityInterfaceForComposites.java:765)
	at ptolemy.actor.util.CausalityInterfaceForComposites._computeInputDepth(CausalityInterfaceForComposites.java:696)
	at ptolemy.actor.util.CausalityInterfaceForComposites._computeActorDepth(CausalityInterfaceForComposites.java:532)
	at ptolemy.actor.util.CausalityInterfaceForComposites.checkForCycles(CausalityInterfaceForComposites.java:96)
	at ptolemy.domains.de.kernel.DEDirector.preinitialize(DEDirector.java:1338)
	at ptolemy.actor.CompositeActor.preinitialize(CompositeActor.java:1828)
	at ptolemy.actor.Manager.preinitializeAndResolveTypes(Manager.java:1040)
	at ptolemy.actor.Manager.initialize(Manager.java:710)
	at ptolemy.actor.Manager.execute(Manager.java:356)
	at ptolemy.actor.Manager.run(Manager.java:1263)
	at ptolemy.actor.Manager$PtolemyRunThread.run(Manager.java:1933)
]]></system-err>
</testsuite>
