<?xml version="1.0" encoding="UTF-8" ?>
<testsuite errors="0" failures="0" hostname="travis-job-019f5caa-f33a-429a-924d-a24efd1865f8" name="ptolemy.domains.continuous.test.junit.JUnitTclTest" skipped="0" tests="156" time="71.899" timestamp="2020-10-27T15:52:32">
  <properties>
[...]
</properties>
  <testcase classname="ptolemy.util.test.junit.TclTests" name="[0] ThereAreNoTclTests (RunTclFile)" time="0.023" />
  <testcase classname="ptolemy.util.test.junit.AutoKnownFailedTests" name="[0] ThereAreNoKnowFailedTests (RunModel)" time="0.003" />
  <testcase classname="ptolemy.util.test.junit.AutoNameArchTests" name="[0] ThereAreNoAutoArchTests (RunModel)" time="0.027" />
  <testcase classname="ptolemy.util.test.junit.AutoTests" name="[0] /home/travis/build/icyphy/ptII/ptolemy/domains/continuous/test/auto/BouncingBall.xml (RunModel)" time="2.928" />
  <testcase classname="ptolemy.util.test.junit.AutoTests" name="[1] /home/travis/build/icyphy/ptII/ptolemy/domains/continuous/test/auto/BouncingBallWithoutGR.xml (RunModel)" time="1.049" />
  <testcase classname="ptolemy.util.test.junit.AutoTests" name="[2] /home/travis/build/icyphy/ptII/ptolemy/domains/continuous/test/auto/Brownian.xml (RunModel)" time="0.129" />
  <testcase classname="ptolemy.util.test.junit.AutoTests" name="[3] /home/travis/build/icyphy/ptII/ptolemy/domains/continuous/test/auto/CarTracking.xml (RunModel)" time="4.33" />
  <testcase classname="ptolemy.util.test.junit.AutoTests" name="[4] /home/travis/build/icyphy/ptII/ptolemy/domains/continuous/test/auto/CartPendulum.xml (RunModel)" time="0.493" />
  <testcase classname="ptolemy.util.test.junit.AutoTests" name="[5] /home/travis/build/icyphy/ptII/ptolemy/domains/continuous/test/auto/CausalityInterface10.xml (RunModel)" time="0.046" />
  <testcase classname="ptolemy.util.test.junit.AutoTests" name="[6] /home/travis/build/icyphy/ptII/ptolemy/domains/continuous/test/auto/CausalityInterface11.xml (RunModel)" time="0.029" />
  <testcase classname="ptolemy.util.test.junit.AutoTests" name="[7] /home/travis/build/icyphy/ptII/ptolemy/domains/continuous/test/auto/CausalityInterface12.xml (RunModel)" time="0.042" />
  <testcase classname="ptolemy.util.test.junit.AutoTests" name="[8] /home/travis/build/icyphy/ptII/ptolemy/domains/continuous/test/auto/CausalityInterface13.xml (RunModel)" time="0.035" />
  <testcase classname="ptolemy.util.test.junit.AutoTests" name="[9] /home/travis/build/icyphy/ptII/ptolemy/domains/continuous/test/auto/CausalityInterface14.xml (RunModel)" time="0.034" />
  <testcase classname="ptolemy.util.test.junit.AutoTests" name="[10] /home/travis/build/icyphy/ptII/ptolemy/domains/continuous/test/auto/CausalityInterface4.xml (RunModel)" time="0.03" />
  <testcase classname="ptolemy.util.test.junit.AutoTests" name="[11] /home/travis/build/icyphy/ptII/ptolemy/domains/continuous/test/auto/CausalityInterface5.xml (RunModel)" time="0.045" />
  <testcase classname="ptolemy.util.test.junit.AutoTests" name="[12] /home/travis/build/icyphy/ptII/ptolemy/domains/continuous/test/auto/CausalityInterface6.xml (RunModel)" time="0.024" />
  <testcase classname="ptolemy.util.test.junit.AutoTests" name="[13] /home/travis/build/icyphy/ptII/ptolemy/domains/continuous/test/auto/CausalityInterface7.xml (RunModel)" time="0.035" />
  <testcase classname="ptolemy.util.test.junit.AutoTests" name="[14] /home/travis/build/icyphy/ptII/ptolemy/domains/continuous/test/auto/CausalityInterface8.xml (RunModel)" time="0.031" />
  <testcase classname="ptolemy.util.test.junit.AutoTests" name="[15] /home/travis/build/icyphy/ptII/ptolemy/domains/continuous/test/auto/CausalityInterface9.xml (RunModel)" time="0.039" />
  <testcase classname="ptolemy.util.test.junit.AutoTests" name="[16] /home/travis/build/icyphy/ptII/ptolemy/domains/continuous/test/auto/CausalityInterfaceFeedback1.xml (RunModel)" time="0.038" />
  <testcase classname="ptolemy.util.test.junit.AutoTests" name="[17] /home/travis/build/icyphy/ptII/ptolemy/domains/continuous/test/auto/CausalityInterfaceFeedback2.xml (RunModel)" time="0.036" />
  <testcase classname="ptolemy.util.test.junit.AutoTests" name="[18] /home/travis/build/icyphy/ptII/ptolemy/domains/continuous/test/auto/CompareWithCurrentTime.xml (RunModel)" time="0.025" />
  <testcase classname="ptolemy.util.test.junit.AutoTests" name="[19] /home/travis/build/icyphy/ptII/ptolemy/domains/continuous/test/auto/ComparedClocks.xml (RunModel)" time="0.074" />
  <testcase classname="ptolemy.util.test.junit.AutoTests" name="[20] /home/travis/build/icyphy/ptII/ptolemy/domains/continuous/test/auto/ContinuousAOCClone.xml (RunModel)" time="2.484" />
  <testcase classname="ptolemy.util.test.junit.AutoTests" name="[21] /home/travis/build/icyphy/ptII/ptolemy/domains/continuous/test/auto/ContinuousClock.xml (RunModel)" time="0.105" />
  <testcase classname="ptolemy.util.test.junit.AutoTests" name="[22] /home/travis/build/icyphy/ptII/ptolemy/domains/continuous/test/auto/ContinuousInContinuous.xml (RunModel)" time="0.088" />
  <testcase classname="ptolemy.util.test.junit.AutoTests" name="[23] /home/travis/build/icyphy/ptII/ptolemy/domains/continuous/test/auto/ContinuousInContinuousInContinuous.xml (RunModel)" time="0.033" />
  <testcase classname="ptolemy.util.test.junit.AutoTests" name="[24] /home/travis/build/icyphy/ptII/ptolemy/domains/continuous/test/auto/ContinuousInDE.xml (RunModel)" time="0.119" />
  <testcase classname="ptolemy.util.test.junit.AutoTests" name="[25] /home/travis/build/icyphy/ptII/ptolemy/domains/continuous/test/auto/ContinuousInDE2.xml (RunModel)" time="0.047" />
  <testcase classname="ptolemy.util.test.junit.AutoTests" name="[26] /home/travis/build/icyphy/ptII/ptolemy/domains/continuous/test/auto/ContinuousInDE3.xml (RunModel)" time="0.04" />
  <testcase classname="ptolemy.util.test.junit.AutoTests" name="[27] /home/travis/build/icyphy/ptII/ptolemy/domains/continuous/test/auto/ContinuousInDE4.xml (RunModel)" time="0.024" />
  <testcase classname="ptolemy.util.test.junit.AutoTests" name="[28] /home/travis/build/icyphy/ptII/ptolemy/domains/continuous/test/auto/ContinuousInDEDifferentRefinements.xml (RunModel)" time="0.104" />
  <testcase classname="ptolemy.util.test.junit.AutoTests" name="[29] /home/travis/build/icyphy/ptII/ptolemy/domains/continuous/test/auto/ContinuousInDEDifferentRefinementsPreemptive.xml (RunModel)" time="0.127" />
  <testcase classname="ptolemy.util.test.junit.AutoTests" name="[30] /home/travis/build/icyphy/ptII/ptolemy/domains/continuous/test/auto/ContinuousInDEInContinuous2.xml (RunModel)" time="0.07" />
  <testcase classname="ptolemy.util.test.junit.AutoTests" name="[31] /home/travis/build/icyphy/ptII/ptolemy/domains/continuous/test/auto/ContinuousInDEInContinuous3.xml (RunModel)" time="0.064" />
  <testcase classname="ptolemy.util.test.junit.AutoTests" name="[32] /home/travis/build/icyphy/ptII/ptolemy/domains/continuous/test/auto/ContinuousInDEInput.xml (RunModel)" time="0.034" />
  <testcase classname="ptolemy.util.test.junit.AutoTests" name="[33] /home/travis/build/icyphy/ptII/ptolemy/domains/continuous/test/auto/ContinuousInDEInput2.xml (RunModel)" time="0.035" />
  <testcase classname="ptolemy.util.test.junit.AutoTests" name="[34] /home/travis/build/icyphy/ptII/ptolemy/domains/continuous/test/auto/ContinuousInDEInput3.xml (RunModel)" time="0.029" />
  <testcase classname="ptolemy.util.test.junit.AutoTests" name="[35] /home/travis/build/icyphy/ptII/ptolemy/domains/continuous/test/auto/ContinuousInDESharingRefinement.xml (RunModel)" time="0.188" />
  <testcase classname="ptolemy.util.test.junit.AutoTests" name="[36] /home/travis/build/icyphy/ptII/ptolemy/domains/continuous/test/auto/ContinuousInDEwithNoPorts.xml (RunModel)" time="0.018" />
  <testcase classname="ptolemy.util.test.junit.AutoTests" name="[37] /home/travis/build/icyphy/ptII/ptolemy/domains/continuous/test/auto/ContinuousInsideDE.xml (RunModel)" time="0.071" />
  <testcase classname="ptolemy.util.test.junit.AutoTests" name="[38] /home/travis/build/icyphy/ptII/ptolemy/domains/continuous/test/auto/ContinuousMerge1.xml (RunModel)" time="0.018" />
  <testcase classname="ptolemy.util.test.junit.AutoTests" name="[39] /home/travis/build/icyphy/ptII/ptolemy/domains/continuous/test/auto/ContinuousMerge2.xml (RunModel)" time="0.041" />
  <testcase classname="ptolemy.util.test.junit.AutoTests" name="[40] /home/travis/build/icyphy/ptII/ptolemy/domains/continuous/test/auto/ContinuousMerge3.xml (RunModel)" time="0.068" />
  <testcase classname="ptolemy.util.test.junit.AutoTests" name="[41] /home/travis/build/icyphy/ptII/ptolemy/domains/continuous/test/auto/ContinuousWithinContinuous.xml (RunModel)" time="0.06" />
  <testcase classname="ptolemy.util.test.junit.AutoTests" name="[42] /home/travis/build/icyphy/ptII/ptolemy/domains/continuous/test/auto/ContinuousWithinContinuous2.xml (RunModel)" time="0.09" />
  <testcase classname="ptolemy.util.test.junit.AutoTests" name="[43] /home/travis/build/icyphy/ptII/ptolemy/domains/continuous/test/auto/ContinuousWithinContinuous3.xml (RunModel)" time="0.033" />
  <testcase classname="ptolemy.util.test.junit.AutoTests" name="[44] /home/travis/build/icyphy/ptII/ptolemy/domains/continuous/test/auto/ContinuousWithinContinuous4.xml (RunModel)" time="0.092" />
  <testcase classname="ptolemy.util.test.junit.AutoTests" name="[45] /home/travis/build/icyphy/ptII/ptolemy/domains/continuous/test/auto/ContinuousWithinContinuous5.xml (RunModel)" time="0.032" />
  <testcase classname="ptolemy.util.test.junit.AutoTests" name="[46] /home/travis/build/icyphy/ptII/ptolemy/domains/continuous/test/auto/ContinuousWithinContinuous6.xml (RunModel)" time="0.038" />
  <testcase classname="ptolemy.util.test.junit.AutoTests" name="[47] /home/travis/build/icyphy/ptII/ptolemy/domains/continuous/test/auto/ContinuousWithinContinuous7.xml (RunModel)" time="0.068" />
  <testcase classname="ptolemy.util.test.junit.AutoTests" name="[48] /home/travis/build/icyphy/ptII/ptolemy/domains/continuous/test/auto/DCMotor.xml (RunModel)" time="13.89" />
  <testcase classname="ptolemy.util.test.junit.AutoTests" name="[49] /home/travis/build/icyphy/ptII/ptolemy/domains/continuous/test/auto/DEInContinuous.xml (RunModel)" time="0.021" />
  <testcase classname="ptolemy.util.test.junit.AutoTests" name="[50] /home/travis/build/icyphy/ptII/ptolemy/domains/continuous/test/auto/DEinContinuous2.xml (RunModel)" time="0.037" />
  <testcase classname="ptolemy.util.test.junit.AutoTests" name="[51] /home/travis/build/icyphy/ptII/ptolemy/domains/continuous/test/auto/Derivative.xml (RunModel)" time="0.18" />
  <testcase classname="ptolemy.util.test.junit.AutoTests" name="[52] /home/travis/build/icyphy/ptII/ptolemy/domains/continuous/test/auto/Derivative1.xml (RunModel)" time="0.041" />
  <testcase classname="ptolemy.util.test.junit.AutoTests" name="[53] /home/travis/build/icyphy/ptII/ptolemy/domains/continuous/test/auto/DiscreteClock.xml (RunModel)" time="0.012" />
  <testcase classname="ptolemy.util.test.junit.AutoTests" name="[54] /home/travis/build/icyphy/ptII/ptolemy/domains/continuous/test/auto/EfficiencyCurve.xml (RunModel)" time="0.093" />
  <testcase classname="ptolemy.util.test.junit.AutoTests" name="[55] /home/travis/build/icyphy/ptII/ptolemy/domains/continuous/test/auto/ExponentialResponse.xml (RunModel)" time="0.106" />
  <testcase classname="ptolemy.util.test.junit.AutoTests" name="[56] /home/travis/build/icyphy/ptII/ptolemy/domains/continuous/test/auto/ExponentialResponseRK45.xml (RunModel)" time="0.033" />
  <testcase classname="ptolemy.util.test.junit.AutoTests" name="[57] /home/travis/build/icyphy/ptII/ptolemy/domains/continuous/test/auto/Friction.xml (RunModel)" time="1.56" />
  <testcase classname="ptolemy.util.test.junit.AutoTests" name="[58] /home/travis/build/icyphy/ptII/ptolemy/domains/continuous/test/auto/FurutaPendulum.xml (RunModel)" time="3.255" />
  <testcase classname="ptolemy.util.test.junit.AutoTests" name="[59] /home/travis/build/icyphy/ptII/ptolemy/domains/continuous/test/auto/HierarchicalExecution.xml (RunModel)" time="1.874" />
  <testcase classname="ptolemy.util.test.junit.AutoTests" name="[60] /home/travis/build/icyphy/ptII/ptolemy/domains/continuous/test/auto/HybridPlant.xml (RunModel)" time="0.53" />
  <testcase classname="ptolemy.util.test.junit.AutoTests" name="[61] /home/travis/build/icyphy/ptII/ptolemy/domains/continuous/test/auto/Hysteresis.xml (RunModel)" time="0.183" />
  <testcase classname="ptolemy.util.test.junit.AutoTests" name="[62] /home/travis/build/icyphy/ptII/ptolemy/domains/continuous/test/auto/HysteresisWithRandomDelay.xml (RunModel)" time="0.224" />
  <testcase classname="ptolemy.util.test.junit.AutoTests" name="[63] /home/travis/build/icyphy/ptII/ptolemy/domains/continuous/test/auto/HysteresisWithRandomLosses.xml (RunModel)" time="2.339" />
  <testcase classname="ptolemy.util.test.junit.AutoTests" name="[64] /home/travis/build/icyphy/ptII/ptolemy/domains/continuous/test/auto/ImmediateTransitions.xml (RunModel)" time="0.04" />
  <testcase classname="ptolemy.util.test.junit.AutoTests" name="[65] /home/travis/build/icyphy/ptII/ptolemy/domains/continuous/test/auto/ImpulseFeedback.xml (RunModel)" time="0.019" />
  <testcase classname="ptolemy.util.test.junit.AutoTests" name="[66] /home/travis/build/icyphy/ptII/ptolemy/domains/continuous/test/auto/ImpulseFeedback2.xml (RunModel)" time="0.016" />
  <testcase classname="ptolemy.util.test.junit.AutoTests" name="[67] /home/travis/build/icyphy/ptII/ptolemy/domains/continuous/test/auto/IncreasingRatePoisson.xml (RunModel)" time="0.7" />
  <testcase classname="ptolemy.util.test.junit.AutoTests" name="[68] /home/travis/build/icyphy/ptII/ptolemy/domains/continuous/test/auto/InitialStateFeedback.xml (RunModel)" time="0.017" />
  <testcase classname="ptolemy.util.test.junit.AutoTests" name="[69] /home/travis/build/icyphy/ptII/ptolemy/domains/continuous/test/auto/Integration.xml (RunModel)" time="0.01" />
  <testcase classname="ptolemy.util.test.junit.AutoTests" name="[70] /home/travis/build/icyphy/ptII/ptolemy/domains/continuous/test/auto/Integration2.xml (RunModel)" time="0.077" />
  <testcase classname="ptolemy.util.test.junit.AutoTests" name="[71] /home/travis/build/icyphy/ptII/ptolemy/domains/continuous/test/auto/Integration3.xml (RunModel)" time="0.014" />
  <testcase classname="ptolemy.util.test.junit.AutoTests" name="[72] /home/travis/build/icyphy/ptII/ptolemy/domains/continuous/test/auto/Integration5.xml (RunModel)" time="0.023" />
  <testcase classname="ptolemy.util.test.junit.AutoTests" name="[73] /home/travis/build/icyphy/ptII/ptolemy/domains/continuous/test/auto/IntegratorImpulse.xml (RunModel)" time="0.011" />
  <testcase classname="ptolemy.util.test.junit.AutoTests" name="[74] /home/travis/build/icyphy/ptII/ptolemy/domains/continuous/test/auto/IntegratorImpulse2.xml (RunModel)" time="0.015" />
  <testcase classname="ptolemy.util.test.junit.AutoTests" name="[75] /home/travis/build/icyphy/ptII/ptolemy/domains/continuous/test/auto/LevelCrossing1.xml (RunModel)" time="0.018" />
  <testcase classname="ptolemy.util.test.junit.AutoTests" name="[76] /home/travis/build/icyphy/ptII/ptolemy/domains/continuous/test/auto/LevelCrossing2.xml (RunModel)" time="0.013" />
  <testcase classname="ptolemy.util.test.junit.AutoTests" name="[77] /home/travis/build/icyphy/ptII/ptolemy/domains/continuous/test/auto/LevelCrossing3.xml (RunModel)" time="0.013" />
  <testcase classname="ptolemy.util.test.junit.AutoTests" name="[78] /home/travis/build/icyphy/ptII/ptolemy/domains/continuous/test/auto/LevelCrossing4.xml (RunModel)" time="0.023" />
  <testcase classname="ptolemy.util.test.junit.AutoTests" name="[79] /home/travis/build/icyphy/ptII/ptolemy/domains/continuous/test/auto/LevelCrossing5.xml (RunModel)" time="0.014" />
  <testcase classname="ptolemy.util.test.junit.AutoTests" name="[80] /home/travis/build/icyphy/ptII/ptolemy/domains/continuous/test/auto/LevelCrossing6.xml (RunModel)" time="0.013" />
  <testcase classname="ptolemy.util.test.junit.AutoTests" name="[81] /home/travis/build/icyphy/ptII/ptolemy/domains/continuous/test/auto/LevelCrossingDetector.xml (RunModel)" time="0.04" />
  <testcase classname="ptolemy.util.test.junit.AutoTests" name="[82] /home/travis/build/icyphy/ptII/ptolemy/domains/continuous/test/auto/LevelCrossingDetectorDetectingDirections.xml (RunModel)" time="0.08" />
  <testcase classname="ptolemy.util.test.junit.AutoTests" name="[83] /home/travis/build/icyphy/ptII/ptolemy/domains/continuous/test/auto/LevelCrossingDetectorDetectsGlitches.xml (RunModel)" time="0.057" />
  <testcase classname="ptolemy.util.test.junit.AutoTests" name="[84] /home/travis/build/icyphy/ptII/ptolemy/domains/continuous/test/auto/LevelCrossingNoInitialOuput.xml (RunModel)" time="0.013" />
  <testcase classname="ptolemy.util.test.junit.AutoTests" name="[85] /home/travis/build/icyphy/ptII/ptolemy/domains/continuous/test/auto/LinearStateSpaceExample.xml (RunModel)" time="0.064" />
  <testcase classname="ptolemy.util.test.junit.AutoTests" name="[86] /home/travis/build/icyphy/ptII/ptolemy/domains/continuous/test/auto/Lorenz.xml (RunModel)" time="3.443" />
  <testcase classname="ptolemy.util.test.junit.AutoTests" name="[87] /home/travis/build/icyphy/ptII/ptolemy/domains/continuous/test/auto/LorenzDifferentialSystem.xml (RunModel)" time="0.993" />
  <testcase classname="ptolemy.util.test.junit.AutoTests" name="[88] /home/travis/build/icyphy/ptII/ptolemy/domains/continuous/test/auto/LorenzDifferentialSystemWithInput.xml (RunModel)" time="1.198" />
  <testcase classname="ptolemy.util.test.junit.AutoTests" name="[89] /home/travis/build/icyphy/ptII/ptolemy/domains/continuous/test/auto/LorenzDifferentialSystemWithTime.xml (RunModel)" time="0.638" />
  <testcase classname="ptolemy.util.test.junit.AutoTests" name="[90] /home/travis/build/icyphy/ptII/ptolemy/domains/continuous/test/auto/Microsteps.xml (RunModel)" time="0.019" />
  <testcase classname="ptolemy.util.test.junit.AutoTests" name="[91] /home/travis/build/icyphy/ptII/ptolemy/domains/continuous/test/auto/Modal1.xml (RunModel)" time="0.048" />
  <testcase classname="ptolemy.util.test.junit.AutoTests" name="[92] /home/travis/build/icyphy/ptII/ptolemy/domains/continuous/test/auto/Modal2.xml (RunModel)" time="0.049" />
  <testcase classname="ptolemy.util.test.junit.AutoTests" name="[93] /home/travis/build/icyphy/ptII/ptolemy/domains/continuous/test/auto/ModalTransitionGuardWithReset.xml (RunModel)" time="0.023" />
  <testcase classname="ptolemy.util.test.junit.AutoTests" name="[94] /home/travis/build/icyphy/ptII/ptolemy/domains/continuous/test/auto/ModalTransitionGuardWithResetUsingPreemptiveTransition.xml (RunModel)" time="0.026" />
  <testcase classname="ptolemy.util.test.junit.AutoTests" name="[95] /home/travis/build/icyphy/ptII/ptolemy/domains/continuous/test/auto/ModalTransitionGuardWithResetUsingPreemptiveTransition2.xml (RunModel)" time="0.041" />
  <testcase classname="ptolemy.util.test.junit.AutoTests" name="[96] /home/travis/build/icyphy/ptII/ptolemy/domains/continuous/test/auto/ModalTransitionGuardWithResetUsingPreemptiveTransition3.xml (RunModel)" time="0.031" />
  <testcase classname="ptolemy.util.test.junit.AutoTests" name="[97] /home/travis/build/icyphy/ptII/ptolemy/domains/continuous/test/auto/NewtonsCradle.xml (RunModel)" time="0.768" />
  <testcase classname="ptolemy.util.test.junit.AutoTests" name="[98] /home/travis/build/icyphy/ptII/ptolemy/domains/continuous/test/auto/NewtonsCradleAnimated.xml (RunModel)" time="1.22" />
  <testcase classname="ptolemy.util.test.junit.AutoTests" name="[99] /home/travis/build/icyphy/ptII/ptolemy/domains/continuous/test/auto/NewtonsCradleComplicated.xml (RunModel)" time="0.926" />
  <testcase classname="ptolemy.util.test.junit.AutoTests" name="[100] /home/travis/build/icyphy/ptII/ptolemy/domains/continuous/test/auto/NewtonsCradleNondeterministic.xml (RunModel)" time="0.695" />
  <testcase classname="ptolemy.util.test.junit.AutoTests" name="[101] /home/travis/build/icyphy/ptII/ptolemy/domains/continuous/test/auto/NewtonsCradlePerfectlyInelastic1.xml (RunModel)" time="1.284" />
  <testcase classname="ptolemy.util.test.junit.AutoTests" name="[102] /home/travis/build/icyphy/ptII/ptolemy/domains/continuous/test/auto/Noise.xml (RunModel)" time="0.186" />
  <testcase classname="ptolemy.util.test.junit.AutoTests" name="[103] /home/travis/build/icyphy/ptII/ptolemy/domains/continuous/test/auto/NoiseSpectrum.xml (RunModel)" time="0.656" />
  <testcase classname="ptolemy.util.test.junit.AutoTests" name="[104] /home/travis/build/icyphy/ptII/ptolemy/domains/continuous/test/auto/ParameterizedNewtonsCradleAnimated.xml (RunModel)" time="0.354" />
  <testcase classname="ptolemy.util.test.junit.AutoTests" name="[105] /home/travis/build/icyphy/ptII/ptolemy/domains/continuous/test/auto/ParameterizedNewtonsCradleAnimatedNondeterministic.xml (RunModel)" time="1.087" />
  <testcase classname="ptolemy.util.test.junit.AutoTests" name="[106] /home/travis/build/icyphy/ptII/ptolemy/domains/continuous/test/auto/Pendulum3D.xml (RunModel)" time="0.173" />
  <testcase classname="ptolemy.util.test.junit.AutoTests" name="[107] /home/travis/build/icyphy/ptII/ptolemy/domains/continuous/test/auto/PeriodicSampler.xml (RunModel)" time="0.02" />
  <testcase classname="ptolemy.util.test.junit.AutoTests" name="[108] /home/travis/build/icyphy/ptII/ptolemy/domains/continuous/test/auto/PeriodicSampler1.xml (RunModel)" time="0.044" />
  <testcase classname="ptolemy.util.test.junit.AutoTests" name="[109] /home/travis/build/icyphy/ptII/ptolemy/domains/continuous/test/auto/PeriodicSampler2.xml (RunModel)" time="0.097" />
  <testcase classname="ptolemy.util.test.junit.AutoTests" name="[110] /home/travis/build/icyphy/ptII/ptolemy/domains/continuous/test/auto/Poisson.xml (RunModel)" time="0.432" />
  <testcase classname="ptolemy.util.test.junit.AutoTests" name="[111] /home/travis/build/icyphy/ptII/ptolemy/domains/continuous/test/auto/PoissonClock.xml (RunModel)" time="0.014" />
  <testcase classname="ptolemy.util.test.junit.AutoTests" name="[112] /home/travis/build/icyphy/ptII/ptolemy/domains/continuous/test/auto/PoissonClock2.xml (RunModel)" time="0.012" />
  <testcase classname="ptolemy.util.test.junit.AutoTests" name="[113] /home/travis/build/icyphy/ptII/ptolemy/domains/continuous/test/auto/PortParameterHierarchy.xml (RunModel)" time="0.027" />
  <testcase classname="ptolemy.util.test.junit.AutoTests" name="[114] /home/travis/build/icyphy/ptII/ptolemy/domains/continuous/test/auto/RandomHybridPlant.xml (RunModel)" time="0.544" />
  <testcase classname="ptolemy.util.test.junit.AutoTests" name="[115] /home/travis/build/icyphy/ptII/ptolemy/domains/continuous/test/auto/ResetTransitionWithStartTime1.xml (RunModel)" time="0.036" />
  <testcase classname="ptolemy.util.test.junit.AutoTests" name="[116] /home/travis/build/icyphy/ptII/ptolemy/domains/continuous/test/auto/ResetTransitionWithStartTime2.xml (RunModel)" time="0.031" />
  <testcase classname="ptolemy.util.test.junit.AutoTests" name="[117] /home/travis/build/icyphy/ptII/ptolemy/domains/continuous/test/auto/ResetTransitionWithStartTime3.xml (RunModel)" time="0.031" />
  <testcase classname="ptolemy.util.test.junit.AutoTests" name="[118] /home/travis/build/icyphy/ptII/ptolemy/domains/continuous/test/auto/ResetTransitionWithStartTime4.xml (RunModel)" time="0.024" />
  <testcase classname="ptolemy.util.test.junit.AutoTests" name="[119] /home/travis/build/icyphy/ptII/ptolemy/domains/continuous/test/auto/ResetTransitionWithStartTime5.xml (RunModel)" time="0.029" />
  <testcase classname="ptolemy.util.test.junit.AutoTests" name="[120] /home/travis/build/icyphy/ptII/ptolemy/domains/continuous/test/auto/ResetTransitionWithStartTime6.xml (RunModel)" time="0.027" />
  <testcase classname="ptolemy.util.test.junit.AutoTests" name="[121] /home/travis/build/icyphy/ptII/ptolemy/domains/continuous/test/auto/SRinContinuous.xml (RunModel)" time="0.023" />
  <testcase classname="ptolemy.util.test.junit.AutoTests" name="[122] /home/travis/build/icyphy/ptII/ptolemy/domains/continuous/test/auto/SampledClocks.xml (RunModel)" time="0.032" />
  <testcase classname="ptolemy.util.test.junit.AutoTests" name="[123] /home/travis/build/icyphy/ptII/ptolemy/domains/continuous/test/auto/Satellite.xml (RunModel)" time="0.742" />
  <testcase classname="ptolemy.util.test.junit.AutoTests" name="[124] /home/travis/build/icyphy/ptII/ptolemy/domains/continuous/test/auto/SigmaDelta.xml (RunModel)" time="2.172" />
  <testcase classname="ptolemy.util.test.junit.AutoTests" name="[125] /home/travis/build/icyphy/ptII/ptolemy/domains/continuous/test/auto/SingleRefinement.xml (RunModel)" time="0.4" />
  <testcase classname="ptolemy.util.test.junit.AutoTests" name="[126] /home/travis/build/icyphy/ptII/ptolemy/domains/continuous/test/auto/SinuBouncingBall.xml (RunModel)" time="0.805" />
  <testcase classname="ptolemy.util.test.junit.AutoTests" name="[127] /home/travis/build/icyphy/ptII/ptolemy/domains/continuous/test/auto/Sinusoid.xml (RunModel)" time="0.019" />
  <testcase classname="ptolemy.util.test.junit.AutoTests" name="[128] /home/travis/build/icyphy/ptII/ptolemy/domains/continuous/test/auto/SinusoidInNoise.xml (RunModel)" time="0.791" />
  <testcase classname="ptolemy.util.test.junit.AutoTests" name="[129] /home/travis/build/icyphy/ptII/ptolemy/domains/continuous/test/auto/SinusoidRK45.xml (RunModel)" time="0.016" />
  <testcase classname="ptolemy.util.test.junit.AutoTests" name="[130] /home/travis/build/icyphy/ptII/ptolemy/domains/continuous/test/auto/SinusoidWithMultipleImpulses.xml (RunModel)" time="0.01" />
  <testcase classname="ptolemy.util.test.junit.AutoTests" name="[131] /home/travis/build/icyphy/ptII/ptolemy/domains/continuous/test/auto/SquareWave.xml (RunModel)" time="0.167" />
  <testcase classname="ptolemy.util.test.junit.AutoTests" name="[132] /home/travis/build/icyphy/ptII/ptolemy/domains/continuous/test/auto/Starmac.xml (RunModel)" time="3.369" />
  <testcase classname="ptolemy.util.test.junit.AutoTests" name="[133] /home/travis/build/icyphy/ptII/ptolemy/domains/continuous/test/auto/StaticUnits.xml (RunModel)" time="2.43" />
  <testcase classname="ptolemy.util.test.junit.AutoTests" name="[134] /home/travis/build/icyphy/ptII/ptolemy/domains/continuous/test/auto/StickyMasses.xml (RunModel)" time="0.197" />
  <testcase classname="ptolemy.util.test.junit.AutoTests" name="[135] /home/travis/build/icyphy/ptII/ptolemy/domains/continuous/test/auto/StopTime.xml (RunModel)" time="0.059" />
  <testcase classname="ptolemy.util.test.junit.AutoTests" name="[136] /home/travis/build/icyphy/ptII/ptolemy/domains/continuous/test/auto/StopTime2.xml (RunModel)" time="0.053" />
  <testcase classname="ptolemy.util.test.junit.AutoTests" name="[137] /home/travis/build/icyphy/ptII/ptolemy/domains/continuous/test/auto/Switch.xml (RunModel)" time="0.063" />
  <testcase classname="ptolemy.util.test.junit.AutoTests" name="[138] /home/travis/build/icyphy/ptII/ptolemy/domains/continuous/test/auto/Thermostat.xml (RunModel)" time="0.199" />
  <testcase classname="ptolemy.util.test.junit.AutoTests" name="[139] /home/travis/build/icyphy/ptII/ptolemy/domains/continuous/test/auto/TimeDelay.xml (RunModel)" time="0.014" />
  <testcase classname="ptolemy.util.test.junit.AutoTests" name="[140] /home/travis/build/icyphy/ptII/ptolemy/domains/continuous/test/auto/TimeDelay2.xml (RunModel)" time="0.046" />
  <testcase classname="ptolemy.util.test.junit.AutoTests" name="[141] /home/travis/build/icyphy/ptII/ptolemy/domains/continuous/test/auto/TimeDelay3.xml (RunModel)" time="0.012" />
  <testcase classname="ptolemy.util.test.junit.AutoTests" name="[142] /home/travis/build/icyphy/ptII/ptolemy/domains/continuous/test/auto/TransferAbsentToInside.xml (RunModel)" time="0.179" />
  <testcase classname="ptolemy.util.test.junit.AutoTests" name="[143] /home/travis/build/icyphy/ptII/ptolemy/domains/continuous/test/auto/Transmission.xml (RunModel)" time="0.746" />
  <testcase classname="ptolemy.util.test.junit.AutoTests" name="[144] /home/travis/build/icyphy/ptII/ptolemy/domains/continuous/test/auto/TriggeredContinuousClock.xml (RunModel)" time="0.062" />
  <testcase classname="ptolemy.util.test.junit.AutoTests" name="[145] /home/travis/build/icyphy/ptII/ptolemy/domains/continuous/test/auto/TwoMachineInfiniteBusControl.xml (RunModel)" time="2.541" />
  <testcase classname="ptolemy.util.test.junit.AutoTests" name="[146] /home/travis/build/icyphy/ptII/ptolemy/domains/continuous/test/auto/V2V.xml (RunModel)" time="0.874" />
  <testcase classname="ptolemy.util.test.junit.AutoTests" name="[147] /home/travis/build/icyphy/ptII/ptolemy/domains/continuous/test/auto/hierarchicalModalModel.xml (RunModel)" time="0.036" />
  <testcase classname="ptolemy.util.test.junit.AutoTests" name="[148] /home/travis/build/icyphy/ptII/ptolemy/domains/continuous/test/auto/hierarchicalModalModel1.xml (RunModel)" time="0.028" />
  <testcase classname="ptolemy.util.test.junit.AutoTests" name="[149] /home/travis/build/icyphy/ptII/ptolemy/domains/continuous/test/auto/hierarchicalModalModel2.xml (RunModel)" time="0.024" />
  <testcase classname="ptolemy.util.test.junit.AutoTests" name="[150] /home/travis/build/icyphy/ptII/ptolemy/domains/continuous/test/auto/hierarchicalModalModel3.xml (RunModel)" time="0.022" />
  <testcase classname="ptolemy.util.test.junit.AutoTests" name="[151] /home/travis/build/icyphy/ptII/ptolemy/domains/continuous/test/auto/hierarchicalModalModel4.xml (RunModel)" time="0.024" />
  <testcase classname="ptolemy.util.test.junit.AutoTests" name="[152] /home/travis/build/icyphy/ptII/ptolemy/domains/continuous/test/auto/junk.xml (RunModel)" time="0.131" />
  <system-out><![CDATA[No tcl tests in /home/travis/build/icyphy/ptII/ptolemy/domains/continuous/test
No auto/knownFailedTests/*.xml tests in /home/travis/build/icyphy/ptII/ptolemy/domains/continuous/test
No auto/linux-amd64/*.xml tests in /home/travis/build/icyphy/ptII/ptolemy/domains/continuous/test
AutoTests.java: About to close Vertx.
AutoTests.java: Vertx closed.

===========================================================================================
----------------- testing Tue Oct 27 15:52:33 UTC 2020 /home/travis/build/icyphy/ptII/ptolemy/domains/continuous/test/auto/BouncingBall.xml
----------------- Instantiating /home/travis/build/icyphy/ptII/ptolemy/domains/continuous/test/auto/BouncingBall.xml
2273 ms. Memory: 129024K Free: 41078K (32%)
----------------- Invoking toplevel() on ptolemy.moml.MoMLSimpleApplication@3becbc9d
----------------- Done invoking toplevel() on ptolemy.moml.MoMLSimpleApplication@3becbc9d
reloadAllAccessors: .BouncingBall

===========================================================================================
----------------- testing Tue Oct 27 15:52:36 UTC 2020 /home/travis/build/icyphy/ptII/ptolemy/domains/continuous/test/auto/BouncingBallWithoutGR.xml
----------------- Instantiating /home/travis/build/icyphy/ptII/ptolemy/domains/continuous/test/auto/BouncingBallWithoutGR.xml
871 ms. Memory: 155648K Free: 109190K (70%)
----------------- Invoking toplevel() on ptolemy.moml.MoMLSimpleApplication@24f1ce2f
----------------- Done invoking toplevel() on ptolemy.moml.MoMLSimpleApplication@24f1ce2f
reloadAllAccessors: .BouncingBallWithoutGR

===========================================================================================
----------------- testing Tue Oct 27 15:52:37 UTC 2020 /home/travis/build/icyphy/ptII/ptolemy/domains/continuous/test/auto/Brownian.xml
----------------- Instantiating /home/travis/build/icyphy/ptII/ptolemy/domains/continuous/test/auto/Brownian.xml
35 ms. Memory: 155648K Free: 99974K (64%)
----------------- Invoking toplevel() on ptolemy.moml.MoMLSimpleApplication@427ca875
----------------- Done invoking toplevel() on ptolemy.moml.MoMLSimpleApplication@427ca875
reloadAllAccessors: .Brownian

===========================================================================================
----------------- testing Tue Oct 27 15:52:37 UTC 2020 /home/travis/build/icyphy/ptII/ptolemy/domains/continuous/test/auto/CarTracking.xml
----------------- Instantiating /home/travis/build/icyphy/ptII/ptolemy/domains/continuous/test/auto/CarTracking.xml
3809 ms. Memory: 187392K Free: 94401K (50%)
----------------- Invoking toplevel() on ptolemy.moml.MoMLSimpleApplication@417a2a39
----------------- Done invoking toplevel() on ptolemy.moml.MoMLSimpleApplication@417a2a39
reloadAllAccessors: .CarTracking

===========================================================================================
----------------- testing Tue Oct 27 15:52:41 UTC 2020 /home/travis/build/icyphy/ptII/ptolemy/domains/continuous/test/auto/CartPendulum.xml
----------------- Instantiating /home/travis/build/icyphy/ptII/ptolemy/domains/continuous/test/auto/CartPendulum.xml
359 ms. Memory: 225280K Free: 152112K (68%)
----------------- Invoking toplevel() on ptolemy.moml.MoMLSimpleApplication@2458f8a3
----------------- Done invoking toplevel() on ptolemy.moml.MoMLSimpleApplication@2458f8a3
reloadAllAccessors: .CartPendulum

===========================================================================================
----------------- testing Tue Oct 27 15:52:42 UTC 2020 /home/travis/build/icyphy/ptII/ptolemy/domains/continuous/test/auto/CausalityInterface10.xml
----------------- Instantiating /home/travis/build/icyphy/ptII/ptolemy/domains/continuous/test/auto/CausalityInterface10.xml
10 ms. Memory: 225280K Free: 141245K (63%)
----------------- Invoking toplevel() on ptolemy.moml.MoMLSimpleApplication@570e2a09
----------------- Done invoking toplevel() on ptolemy.moml.MoMLSimpleApplication@570e2a09
reloadAllAccessors: .CausalityInterface10

===========================================================================================
----------------- testing Tue Oct 27 15:52:42 UTC 2020 /home/travis/build/icyphy/ptII/ptolemy/domains/continuous/test/auto/CausalityInterface11.xml
----------------- Instantiating /home/travis/build/icyphy/ptII/ptolemy/domains/continuous/test/auto/CausalityInterface11.xml
6 ms. Memory: 225280K Free: 135101K (60%)
----------------- Invoking toplevel() on ptolemy.moml.MoMLSimpleApplication@140e6747
----------------- Done invoking toplevel() on ptolemy.moml.MoMLSimpleApplication@140e6747
reloadAllAccessors: .CausalityInterface11

===========================================================================================
----------------- testing Tue Oct 27 15:52:42 UTC 2020 /home/travis/build/icyphy/ptII/ptolemy/domains/continuous/test/auto/CausalityInterface12.xml
----------------- Instantiating /home/travis/build/icyphy/ptII/ptolemy/domains/continuous/test/auto/CausalityInterface12.xml
9 ms. Memory: 225280K Free: 128957K (57%)
----------------- Invoking toplevel() on ptolemy.moml.MoMLSimpleApplication@32a01d76
----------------- Done invoking toplevel() on ptolemy.moml.MoMLSimpleApplication@32a01d76
reloadAllAccessors: .CausalityInterface12

===========================================================================================
----------------- testing Tue Oct 27 15:52:42 UTC 2020 /home/travis/build/icyphy/ptII/ptolemy/domains/continuous/test/auto/CausalityInterface13.xml
----------------- Instantiating /home/travis/build/icyphy/ptII/ptolemy/domains/continuous/test/auto/CausalityInterface13.xml
8 ms. Memory: 225280K Free: 122813K (55%)
----------------- Invoking toplevel() on ptolemy.moml.MoMLSimpleApplication@7ea6509d
----------------- Done invoking toplevel() on ptolemy.moml.MoMLSimpleApplication@7ea6509d
reloadAllAccessors: .CausalityInterface13

===========================================================================================
----------------- testing Tue Oct 27 15:52:42 UTC 2020 /home/travis/build/icyphy/ptII/ptolemy/domains/continuous/test/auto/CausalityInterface14.xml
----------------- Instantiating /home/travis/build/icyphy/ptII/ptolemy/domains/continuous/test/auto/CausalityInterface14.xml
4 ms. Memory: 225280K Free: 117165K (52%)
----------------- Invoking toplevel() on ptolemy.moml.MoMLSimpleApplication@2ebe6acd
----------------- Done invoking toplevel() on ptolemy.moml.MoMLSimpleApplication@2ebe6acd
reloadAllAccessors: .CausalityInterface14

===========================================================================================
----------------- testing Tue Oct 27 15:52:42 UTC 2020 /home/travis/build/icyphy/ptII/ptolemy/domains/continuous/test/auto/CausalityInterface4.xml
----------------- Instantiating /home/travis/build/icyphy/ptII/ptolemy/domains/continuous/test/auto/CausalityInterface4.xml
6 ms. Memory: 225280K Free: 110525K (49%)
----------------- Invoking toplevel() on ptolemy.moml.MoMLSimpleApplication@2abad972
----------------- Done invoking toplevel() on ptolemy.moml.MoMLSimpleApplication@2abad972
reloadAllAccessors: .CausalityInterface4

===========================================================================================
----------------- testing Tue Oct 27 15:52:42 UTC 2020 /home/travis/build/icyphy/ptII/ptolemy/domains/continuous/test/auto/CausalityInterface5.xml
----------------- Instantiating /home/travis/build/icyphy/ptII/ptolemy/domains/continuous/test/auto/CausalityInterface5.xml
9 ms. Memory: 225280K Free: 102333K (45%)
----------------- Invoking toplevel() on ptolemy.moml.MoMLSimpleApplication@7fd798b6
----------------- Done invoking toplevel() on ptolemy.moml.MoMLSimpleApplication@7fd798b6
reloadAllAccessors: .CausalityInterface5

===========================================================================================
----------------- testing Tue Oct 27 15:52:42 UTC 2020 /home/travis/build/icyphy/ptII/ptolemy/domains/continuous/test/auto/CausalityInterface6.xml
----------------- Instantiating /home/travis/build/icyphy/ptII/ptolemy/domains/continuous/test/auto/CausalityInterface6.xml
4 ms. Memory: 225280K Free: 96685K (43%)
----------------- Invoking toplevel() on ptolemy.moml.MoMLSimpleApplication@71ebdf2f
----------------- Done invoking toplevel() on ptolemy.moml.MoMLSimpleApplication@71ebdf2f
reloadAllAccessors: .CausalityInterface6

===========================================================================================
----------------- testing Tue Oct 27 15:52:42 UTC 2020 /home/travis/build/icyphy/ptII/ptolemy/domains/continuous/test/auto/CausalityInterface7.xml
----------------- Instantiating /home/travis/build/icyphy/ptII/ptolemy/domains/continuous/test/auto/CausalityInterface7.xml
7 ms. Memory: 225280K Free: 87997K (39%)
----------------- Invoking toplevel() on ptolemy.moml.MoMLSimpleApplication@76378673
----------------- Done invoking toplevel() on ptolemy.moml.MoMLSimpleApplication@76378673
reloadAllAccessors: .CausalityInterface7

===========================================================================================
----------------- testing Tue Oct 27 15:52:42 UTC 2020 /home/travis/build/icyphy/ptII/ptolemy/domains/continuous/test/auto/CausalityInterface8.xml
----------------- Instantiating /home/travis/build/icyphy/ptII/ptolemy/domains/continuous/test/auto/CausalityInterface8.xml
4 ms. Memory: 225280K Free: 78781K (35%)
----------------- Invoking toplevel() on ptolemy.moml.MoMLSimpleApplication@77192f02
----------------- Done invoking toplevel() on ptolemy.moml.MoMLSimpleApplication@77192f02
reloadAllAccessors: .CausalityInterface8

===========================================================================================
----------------- testing Tue Oct 27 15:52:42 UTC 2020 /home/travis/build/icyphy/ptII/ptolemy/domains/continuous/test/auto/CausalityInterface9.xml
----------------- Instantiating /home/travis/build/icyphy/ptII/ptolemy/domains/continuous/test/auto/CausalityInterface9.xml
5 ms. Memory: 225280K Free: 201586K (89%)
----------------- Invoking toplevel() on ptolemy.moml.MoMLSimpleApplication@5f9694ac
----------------- Done invoking toplevel() on ptolemy.moml.MoMLSimpleApplication@5f9694ac
reloadAllAccessors: .CausalityInterface9

===========================================================================================
----------------- testing Tue Oct 27 15:52:42 UTC 2020 /home/travis/build/icyphy/ptII/ptolemy/domains/continuous/test/auto/CausalityInterfaceFeedback1.xml
----------------- Instantiating /home/travis/build/icyphy/ptII/ptolemy/domains/continuous/test/auto/CausalityInterfaceFeedback1.xml
4 ms. Memory: 225280K Free: 194397K (86%)
----------------- Invoking toplevel() on ptolemy.moml.MoMLSimpleApplication@266cea0a
----------------- Done invoking toplevel() on ptolemy.moml.MoMLSimpleApplication@266cea0a
reloadAllAccessors: .CausalityInterfaceFeedback1

===========================================================================================
----------------- testing Tue Oct 27 15:52:42 UTC 2020 /home/travis/build/icyphy/ptII/ptolemy/domains/continuous/test/auto/CausalityInterfaceFeedback2.xml
----------------- Instantiating /home/travis/build/icyphy/ptII/ptolemy/domains/continuous/test/auto/CausalityInterfaceFeedback2.xml
7 ms. Memory: 225280K Free: 187773K (83%)
----------------- Invoking toplevel() on ptolemy.moml.MoMLSimpleApplication@68683a3d
----------------- Done invoking toplevel() on ptolemy.moml.MoMLSimpleApplication@68683a3d
reloadAllAccessors: .CausalityInterfaceFeedback2

===========================================================================================
----------------- testing Tue Oct 27 15:52:42 UTC 2020 /home/travis/build/icyphy/ptII/ptolemy/domains/continuous/test/auto/CompareWithCurrentTime.xml
----------------- Instantiating /home/travis/build/icyphy/ptII/ptolemy/domains/continuous/test/auto/CompareWithCurrentTime.xml
3 ms. Memory: 225280K Free: 183677K (82%)
----------------- Invoking toplevel() on ptolemy.moml.MoMLSimpleApplication@41841754
----------------- Done invoking toplevel() on ptolemy.moml.MoMLSimpleApplication@41841754
reloadAllAccessors: .CompareWithCurrentTime

===========================================================================================
----------------- testing Tue Oct 27 15:52:42 UTC 2020 /home/travis/build/icyphy/ptII/ptolemy/domains/continuous/test/auto/ComparedClocks.xml
----------------- Instantiating /home/travis/build/icyphy/ptII/ptolemy/domains/continuous/test/auto/ComparedClocks.xml
6 ms. Memory: 225280K Free: 168317K (75%)
----------------- Invoking toplevel() on ptolemy.moml.MoMLSimpleApplication@37137f2f
----------------- Done invoking toplevel() on ptolemy.moml.MoMLSimpleApplication@37137f2f
reloadAllAccessors: .ComparedClocks

===========================================================================================
----------------- testing Tue Oct 27 15:52:42 UTC 2020 /home/travis/build/icyphy/ptII/ptolemy/domains/continuous/test/auto/ContinuousAOCClone.xml
----------------- Instantiating /home/travis/build/icyphy/ptII/ptolemy/domains/continuous/test/auto/ContinuousAOCClone.xml
2258 ms. Memory: 225280K Free: 181802K (81%)
----------------- Invoking toplevel() on ptolemy.moml.MoMLSimpleApplication@51d039dd
----------------- Done invoking toplevel() on ptolemy.moml.MoMLSimpleApplication@51d039dd
reloadAllAccessors: .ContinuousAOCClone

===========================================================================================
----------------- testing Tue Oct 27 15:52:45 UTC 2020 /home/travis/build/icyphy/ptII/ptolemy/domains/continuous/test/auto/ContinuousClock.xml
----------------- Instantiating /home/travis/build/icyphy/ptII/ptolemy/domains/continuous/test/auto/ContinuousClock.xml
32 ms. Memory: 225280K Free: 160298K (71%)
----------------- Invoking toplevel() on ptolemy.moml.MoMLSimpleApplication@c3d4e8d
----------------- Done invoking toplevel() on ptolemy.moml.MoMLSimpleApplication@c3d4e8d
reloadAllAccessors: .ContinuousClock

===========================================================================================
----------------- testing Tue Oct 27 15:52:45 UTC 2020 /home/travis/build/icyphy/ptII/ptolemy/domains/continuous/test/auto/ContinuousInContinuous.xml
----------------- Instantiating /home/travis/build/icyphy/ptII/ptolemy/domains/continuous/test/auto/ContinuousInContinuous.xml
39 ms. Memory: 225280K Free: 136739K (61%)
----------------- Invoking toplevel() on ptolemy.moml.MoMLSimpleApplication@30eec38d
----------------- Done invoking toplevel() on ptolemy.moml.MoMLSimpleApplication@30eec38d
reloadAllAccessors: .ContinuousInContinuous

===========================================================================================
----------------- testing Tue Oct 27 15:52:45 UTC 2020 /home/travis/build/icyphy/ptII/ptolemy/domains/continuous/test/auto/ContinuousInContinuousInContinuous.xml
----------------- Instantiating /home/travis/build/icyphy/ptII/ptolemy/domains/continuous/test/auto/ContinuousInContinuousInContinuous.xml
13 ms. Memory: 225280K Free: 129068K (57%)
----------------- Invoking toplevel() on ptolemy.moml.MoMLSimpleApplication@42804eda
----------------- Done invoking toplevel() on ptolemy.moml.MoMLSimpleApplication@42804eda
reloadAllAccessors: .ContinuousInContinuousInContinuous

===========================================================================================
----------------- testing Tue Oct 27 15:52:45 UTC 2020 /home/travis/build/icyphy/ptII/ptolemy/domains/continuous/test/auto/ContinuousInDE.xml
----------------- Instantiating /home/travis/build/icyphy/ptII/ptolemy/domains/continuous/test/auto/ContinuousInDE.xml
95 ms. Memory: 225280K Free: 118314K (53%)
----------------- Invoking toplevel() on ptolemy.moml.MoMLSimpleApplication@66e5aede
----------------- Done invoking toplevel() on ptolemy.moml.MoMLSimpleApplication@66e5aede
reloadAllAccessors: .ContinuousInDE

===========================================================================================
----------------- testing Tue Oct 27 15:52:45 UTC 2020 /home/travis/build/icyphy/ptII/ptolemy/domains/continuous/test/auto/ContinuousInDE2.xml
----------------- Instantiating /home/travis/build/icyphy/ptII/ptolemy/domains/continuous/test/auto/ContinuousInDE2.xml
34 ms. Memory: 225280K Free: 108588K (48%)
----------------- Invoking toplevel() on ptolemy.moml.MoMLSimpleApplication@5d6db3bd
----------------- Done invoking toplevel() on ptolemy.moml.MoMLSimpleApplication@5d6db3bd
reloadAllAccessors: .ContinuousInDE2

===========================================================================================
----------------- testing Tue Oct 27 15:52:45 UTC 2020 /home/travis/build/icyphy/ptII/ptolemy/domains/continuous/test/auto/ContinuousInDE3.xml
----------------- Instantiating /home/travis/build/icyphy/ptII/ptolemy/domains/continuous/test/auto/ContinuousInDE3.xml
28 ms. Memory: 225280K Free: 98858K (44%)
----------------- Invoking toplevel() on ptolemy.moml.MoMLSimpleApplication@68542662
----------------- Done invoking toplevel() on ptolemy.moml.MoMLSimpleApplication@68542662
reloadAllAccessors: .ContinuousInDE3

===========================================================================================
----------------- testing Tue Oct 27 15:52:45 UTC 2020 /home/travis/build/icyphy/ptII/ptolemy/domains/continuous/test/auto/ContinuousInDE4.xml
----------------- Instantiating /home/travis/build/icyphy/ptII/ptolemy/domains/continuous/test/auto/ContinuousInDE4.xml
11 ms. Memory: 225280K Free: 92714K (41%)
----------------- Invoking toplevel() on ptolemy.moml.MoMLSimpleApplication@4d6a2869
----------------- Done invoking toplevel() on ptolemy.moml.MoMLSimpleApplication@4d6a2869
reloadAllAccessors: .ContinuousInDE4

===========================================================================================
----------------- testing Tue Oct 27 15:52:45 UTC 2020 /home/travis/build/icyphy/ptII/ptolemy/domains/continuous/test/auto/ContinuousInDEDifferentRefinements.xml
----------------- Instantiating /home/travis/build/icyphy/ptII/ptolemy/domains/continuous/test/auto/ContinuousInDEDifferentRefinements.xml
68 ms. Memory: 277504K Free: 248061K (89%)
----------------- Invoking toplevel() on ptolemy.moml.MoMLSimpleApplication@6b2d959
----------------- Done invoking toplevel() on ptolemy.moml.MoMLSimpleApplication@6b2d959
reloadAllAccessors: .ContinuousInDEDifferentRefinements

===========================================================================================
----------------- testing Tue Oct 27 15:52:45 UTC 2020 /home/travis/build/icyphy/ptII/ptolemy/domains/continuous/test/auto/ContinuousInDEDifferentRefinementsPreemptive.xml
----------------- Instantiating /home/travis/build/icyphy/ptII/ptolemy/domains/continuous/test/auto/ContinuousInDEDifferentRefinementsPreemptive.xml
67 ms. Memory: 277504K Free: 217118K (78%)
----------------- Invoking toplevel() on ptolemy.moml.MoMLSimpleApplication@65577dd6
----------------- Done invoking toplevel() on ptolemy.moml.MoMLSimpleApplication@65577dd6
reloadAllAccessors: .ContinuousInDEDifferentRefinementsPreemptive

===========================================================================================
----------------- testing Tue Oct 27 15:52:46 UTC 2020 /home/travis/build/icyphy/ptII/ptolemy/domains/continuous/test/auto/ContinuousInDEInContinuous2.xml
----------------- Instantiating /home/travis/build/icyphy/ptII/ptolemy/domains/continuous/test/auto/ContinuousInDEInContinuous2.xml
43 ms. Memory: 277504K Free: 205340K (74%)
----------------- Invoking toplevel() on ptolemy.moml.MoMLSimpleApplication@1f18f4ac
----------------- Done invoking toplevel() on ptolemy.moml.MoMLSimpleApplication@1f18f4ac
reloadAllAccessors: .ContinuousInDEInContinuous2

===========================================================================================
----------------- testing Tue Oct 27 15:52:46 UTC 2020 /home/travis/build/icyphy/ptII/ptolemy/domains/continuous/test/auto/ContinuousInDEInContinuous3.xml
----------------- Instantiating /home/travis/build/icyphy/ptII/ptolemy/domains/continuous/test/auto/ContinuousInDEInContinuous3.xml
39 ms. Memory: 277504K Free: 193566K (70%)
----------------- Invoking toplevel() on ptolemy.moml.MoMLSimpleApplication@748a0df4
----------------- Done invoking toplevel() on ptolemy.moml.MoMLSimpleApplication@748a0df4
reloadAllAccessors: .ContinuousInDEInContinuous3

===========================================================================================
----------------- testing Tue Oct 27 15:52:46 UTC 2020 /home/travis/build/icyphy/ptII/ptolemy/domains/continuous/test/auto/ContinuousInDEInput.xml
----------------- Instantiating /home/travis/build/icyphy/ptII/ptolemy/domains/continuous/test/auto/ContinuousInDEInput.xml
16 ms. Memory: 277504K Free: 186398K (67%)
----------------- Invoking toplevel() on ptolemy.moml.MoMLSimpleApplication@70fb4804
----------------- Done invoking toplevel() on ptolemy.moml.MoMLSimpleApplication@70fb4804
reloadAllAccessors: .ContinuousInDEInput

===========================================================================================
----------------- testing Tue Oct 27 15:52:46 UTC 2020 /home/travis/build/icyphy/ptII/ptolemy/domains/continuous/test/auto/ContinuousInDEInput2.xml
----------------- Instantiating /home/travis/build/icyphy/ptII/ptolemy/domains/continuous/test/auto/ContinuousInDEInput2.xml
14 ms. Memory: 277504K Free: 178716K (64%)
----------------- Invoking toplevel() on ptolemy.moml.MoMLSimpleApplication@48b71e9c
----------------- Done invoking toplevel() on ptolemy.moml.MoMLSimpleApplication@48b71e9c
reloadAllAccessors: .ContinuousInDEInput2

===========================================================================================
----------------- testing Tue Oct 27 15:52:46 UTC 2020 /home/travis/build/icyphy/ptII/ptolemy/domains/continuous/test/auto/ContinuousInDEInput3.xml
----------------- Instantiating /home/travis/build/icyphy/ptII/ptolemy/domains/continuous/test/auto/ContinuousInDEInput3.xml
13 ms. Memory: 277504K Free: 171548K (62%)
----------------- Invoking toplevel() on ptolemy.moml.MoMLSimpleApplication@72a9fdfa
----------------- Done invoking toplevel() on ptolemy.moml.MoMLSimpleApplication@72a9fdfa
reloadAllAccessors: .ContinuousInDEInput3

===========================================================================================
----------------- testing Tue Oct 27 15:52:46 UTC 2020 /home/travis/build/icyphy/ptII/ptolemy/domains/continuous/test/auto/ContinuousInDESharingRefinement.xml
----------------- Instantiating /home/travis/build/icyphy/ptII/ptolemy/domains/continuous/test/auto/ContinuousInDESharingRefinement.xml
161 ms. Memory: 277504K Free: 241790K (87%)
----------------- Invoking toplevel() on ptolemy.moml.MoMLSimpleApplication@151de35c
----------------- Done invoking toplevel() on ptolemy.moml.MoMLSimpleApplication@151de35c
reloadAllAccessors: .ContinuousInDESharingRefinement

===========================================================================================
----------------- testing Tue Oct 27 15:52:46 UTC 2020 /home/travis/build/icyphy/ptII/ptolemy/domains/continuous/test/auto/ContinuousInDEwithNoPorts.xml
----------------- Instantiating /home/travis/build/icyphy/ptII/ptolemy/domains/continuous/test/auto/ContinuousInDEwithNoPorts.xml
5 ms. Memory: 277504K Free: 237166K (85%)
----------------- Invoking toplevel() on ptolemy.moml.MoMLSimpleApplication@5f6c7945
----------------- Done invoking toplevel() on ptolemy.moml.MoMLSimpleApplication@5f6c7945
reloadAllAccessors: .ContinuousInDEwithNoPorts

===========================================================================================
----------------- testing Tue Oct 27 15:52:46 UTC 2020 /home/travis/build/icyphy/ptII/ptolemy/domains/continuous/test/auto/ContinuousInsideDE.xml
----------------- Instantiating /home/travis/build/icyphy/ptII/ptolemy/domains/continuous/test/auto/ContinuousInsideDE.xml
35 ms. Memory: 277504K Free: 225916K (81%)
----------------- Invoking toplevel() on ptolemy.moml.MoMLSimpleApplication@5f9b6af
----------------- Done invoking toplevel() on ptolemy.moml.MoMLSimpleApplication@5f9b6af
reloadAllAccessors: .ContinuousInsideDE

===========================================================================================
----------------- testing Tue Oct 27 15:52:46 UTC 2020 /home/travis/build/icyphy/ptII/ptolemy/domains/continuous/test/auto/ContinuousMerge1.xml
----------------- Instantiating /home/travis/build/icyphy/ptII/ptolemy/domains/continuous/test/auto/ContinuousMerge1.xml
4 ms. Memory: 277504K Free: 221806K (80%)
----------------- Invoking toplevel() on ptolemy.moml.MoMLSimpleApplication@59b1e493
----------------- Done invoking toplevel() on ptolemy.moml.MoMLSimpleApplication@59b1e493
reloadAllAccessors: .ContinuousMerge1

===========================================================================================
----------------- testing Tue Oct 27 15:52:46 UTC 2020 /home/travis/build/icyphy/ptII/ptolemy/domains/continuous/test/auto/ContinuousMerge2.xml
----------------- Instantiating /home/travis/build/icyphy/ptII/ptolemy/domains/continuous/test/auto/ContinuousMerge2.xml
15 ms. Memory: 277504K Free: 211580K (76%)
----------------- Invoking toplevel() on ptolemy.moml.MoMLSimpleApplication@2bfbfd6d
----------------- Done invoking toplevel() on ptolemy.moml.MoMLSimpleApplication@2bfbfd6d
reloadAllAccessors: .ContinuousMerge2

===========================================================================================
----------------- testing Tue Oct 27 15:52:46 UTC 2020 /home/travis/build/icyphy/ptII/ptolemy/domains/continuous/test/auto/ContinuousMerge3.xml
----------------- Instantiating /home/travis/build/icyphy/ptII/ptolemy/domains/continuous/test/auto/ContinuousMerge3.xml
46 ms. Memory: 277504K Free: 200830K (72%)
----------------- Invoking toplevel() on ptolemy.moml.MoMLSimpleApplication@494ea875
----------------- Done invoking toplevel() on ptolemy.moml.MoMLSimpleApplication@494ea875
reloadAllAccessors: .ContinuousMerge3

===========================================================================================
----------------- testing Tue Oct 27 15:52:46 UTC 2020 /home/travis/build/icyphy/ptII/ptolemy/domains/continuous/test/auto/ContinuousWithinContinuous.xml
----------------- Instantiating /home/travis/build/icyphy/ptII/ptolemy/domains/continuous/test/auto/ContinuousWithinContinuous.xml
40 ms. Memory: 277504K Free: 191100K (69%)
----------------- Invoking toplevel() on ptolemy.moml.MoMLSimpleApplication@368f12ca
----------------- Done invoking toplevel() on ptolemy.moml.MoMLSimpleApplication@368f12ca
reloadAllAccessors: .ContinuousWithinContinuous

===========================================================================================
----------------- testing Tue Oct 27 15:52:46 UTC 2020 /home/travis/build/icyphy/ptII/ptolemy/domains/continuous/test/auto/ContinuousWithinContinuous2.xml
----------------- Instantiating /home/travis/build/icyphy/ptII/ptolemy/domains/continuous/test/auto/ContinuousWithinContinuous2.xml
71 ms. Memory: 277504K Free: 179836K (65%)
----------------- Invoking toplevel() on ptolemy.moml.MoMLSimpleApplication@7b2a1b23
----------------- Done invoking toplevel() on ptolemy.moml.MoMLSimpleApplication@7b2a1b23
reloadAllAccessors: .ContinuousWithinContinuous2

===========================================================================================
----------------- testing Tue Oct 27 15:52:46 UTC 2020 /home/travis/build/icyphy/ptII/ptolemy/domains/continuous/test/auto/ContinuousWithinContinuous3.xml
----------------- Instantiating /home/travis/build/icyphy/ptII/ptolemy/domains/continuous/test/auto/ContinuousWithinContinuous3.xml
14 ms. Memory: 277504K Free: 173182K (62%)
----------------- Invoking toplevel() on ptolemy.moml.MoMLSimpleApplication@4d91ffaf
----------------- Done invoking toplevel() on ptolemy.moml.MoMLSimpleApplication@4d91ffaf
reloadAllAccessors: .ContinuousWithinContinuous3

===========================================================================================
----------------- testing Tue Oct 27 15:52:46 UTC 2020 /home/travis/build/icyphy/ptII/ptolemy/domains/continuous/test/auto/ContinuousWithinContinuous4.xml
----------------- Instantiating /home/travis/build/icyphy/ptII/ptolemy/domains/continuous/test/auto/ContinuousWithinContinuous4.xml
74 ms. Memory: 277504K Free: 160380K (58%)
----------------- Invoking toplevel() on ptolemy.moml.MoMLSimpleApplication@6b7e7bb3
----------------- Done invoking toplevel() on ptolemy.moml.MoMLSimpleApplication@6b7e7bb3
reloadAllAccessors: .ContinuousWithinContinuous4

===========================================================================================
----------------- testing Tue Oct 27 15:52:47 UTC 2020 /home/travis/build/icyphy/ptII/ptolemy/domains/continuous/test/auto/ContinuousWithinContinuous5.xml
----------------- Instantiating /home/travis/build/icyphy/ptII/ptolemy/domains/continuous/test/auto/ContinuousWithinContinuous5.xml
15 ms. Memory: 277504K Free: 153212K (55%)
----------------- Invoking toplevel() on ptolemy.moml.MoMLSimpleApplication@13c1ae8c
----------------- Done invoking toplevel() on ptolemy.moml.MoMLSimpleApplication@13c1ae8c
reloadAllAccessors: .ContinuousWithinContinuous5

===========================================================================================
----------------- testing Tue Oct 27 15:52:47 UTC 2020 /home/travis/build/icyphy/ptII/ptolemy/domains/continuous/test/auto/ContinuousWithinContinuous6.xml
----------------- Instantiating /home/travis/build/icyphy/ptII/ptolemy/domains/continuous/test/auto/ContinuousWithinContinuous6.xml
12 ms. Memory: 277504K Free: 146044K (53%)
----------------- Invoking toplevel() on ptolemy.moml.MoMLSimpleApplication@5f6d7ba5
----------------- Done invoking toplevel() on ptolemy.moml.MoMLSimpleApplication@5f6d7ba5
reloadAllAccessors: .ContinuousWithinContinuous6

===========================================================================================
----------------- testing Tue Oct 27 15:52:47 UTC 2020 /home/travis/build/icyphy/ptII/ptolemy/domains/continuous/test/auto/ContinuousWithinContinuous7.xml
----------------- Instantiating /home/travis/build/icyphy/ptII/ptolemy/domains/continuous/test/auto/ContinuousWithinContinuous7.xml
53 ms. Memory: 277504K Free: 134780K (49%)
----------------- Invoking toplevel() on ptolemy.moml.MoMLSimpleApplication@14a77d16
----------------- Done invoking toplevel() on ptolemy.moml.MoMLSimpleApplication@14a77d16
reloadAllAccessors: .ContinuousWithinContinuous7

===========================================================================================
----------------- testing Tue Oct 27 15:52:47 UTC 2020 /home/travis/build/icyphy/ptII/ptolemy/domains/continuous/test/auto/DCMotor.xml
----------------- Instantiating /home/travis/build/icyphy/ptII/ptolemy/domains/continuous/test/auto/DCMotor.xml
13802 ms. Memory: 277504K Free: 172229K (62%)
----------------- Invoking toplevel() on ptolemy.moml.MoMLSimpleApplication@7e646363
----------------- Done invoking toplevel() on ptolemy.moml.MoMLSimpleApplication@7e646363
reloadAllAccessors: .DCMotor

===========================================================================================
----------------- testing Tue Oct 27 15:53:01 UTC 2020 /home/travis/build/icyphy/ptII/ptolemy/domains/continuous/test/auto/DEInContinuous.xml
----------------- Instantiating /home/travis/build/icyphy/ptII/ptolemy/domains/continuous/test/auto/DEInContinuous.xml
7 ms. Memory: 277504K Free: 166085K (60%)
----------------- Invoking toplevel() on ptolemy.moml.MoMLSimpleApplication@7cfc9b95
----------------- Done invoking toplevel() on ptolemy.moml.MoMLSimpleApplication@7cfc9b95
reloadAllAccessors: .DEInContinuous

===========================================================================================
----------------- testing Tue Oct 27 15:53:01 UTC 2020 /home/travis/build/icyphy/ptII/ptolemy/domains/continuous/test/auto/DEinContinuous2.xml
----------------- Instantiating /home/travis/build/icyphy/ptII/ptolemy/domains/continuous/test/auto/DEinContinuous2.xml
7 ms. Memory: 277504K Free: 157879K (57%)
----------------- Invoking toplevel() on ptolemy.moml.MoMLSimpleApplication@3f656e62
----------------- Done invoking toplevel() on ptolemy.moml.MoMLSimpleApplication@3f656e62
reloadAllAccessors: .DEinContinuous2

===========================================================================================
----------------- testing Tue Oct 27 15:53:01 UTC 2020 /home/travis/build/icyphy/ptII/ptolemy/domains/continuous/test/auto/Derivative.xml
----------------- Instantiating /home/travis/build/icyphy/ptII/ptolemy/domains/continuous/test/auto/Derivative.xml
129 ms. Memory: 277504K Free: 128711K (46%)
----------------- Invoking toplevel() on ptolemy.moml.MoMLSimpleApplication@3bd9815b
----------------- Done invoking toplevel() on ptolemy.moml.MoMLSimpleApplication@3bd9815b
reloadAllAccessors: .Derivative2

===========================================================================================
----------------- testing Tue Oct 27 15:53:01 UTC 2020 /home/travis/build/icyphy/ptII/ptolemy/domains/continuous/test/auto/Derivative1.xml
----------------- Instantiating /home/travis/build/icyphy/ptII/ptolemy/domains/continuous/test/auto/Derivative1.xml
17 ms. Memory: 277504K Free: 114375K (41%)
----------------- Invoking toplevel() on ptolemy.moml.MoMLSimpleApplication@31bdbfa1
----------------- Done invoking toplevel() on ptolemy.moml.MoMLSimpleApplication@31bdbfa1
reloadAllAccessors: .Derivative1

===========================================================================================
----------------- testing Tue Oct 27 15:53:01 UTC 2020 /home/travis/build/icyphy/ptII/ptolemy/domains/continuous/test/auto/DiscreteClock.xml
----------------- Instantiating /home/travis/build/icyphy/ptII/ptolemy/domains/continuous/test/auto/DiscreteClock.xml
3 ms. Memory: 277504K Free: 109255K (39%)
----------------- Invoking toplevel() on ptolemy.moml.MoMLSimpleApplication@2f5879ab
----------------- Done invoking toplevel() on ptolemy.moml.MoMLSimpleApplication@2f5879ab
reloadAllAccessors: .DiscreteClock

===========================================================================================
----------------- testing Tue Oct 27 15:53:01 UTC 2020 /home/travis/build/icyphy/ptII/ptolemy/domains/continuous/test/auto/EfficiencyCurve.xml
----------------- Instantiating /home/travis/build/icyphy/ptII/ptolemy/domains/continuous/test/auto/EfficiencyCurve.xml
44 ms. Memory: 277504K Free: 100039K (36%)
----------------- Invoking toplevel() on ptolemy.moml.MoMLSimpleApplication@162f041a
----------------- Done invoking toplevel() on ptolemy.moml.MoMLSimpleApplication@162f041a
reloadAllAccessors: .EfficiencyCurve

===========================================================================================
----------------- testing Tue Oct 27 15:53:01 UTC 2020 /home/travis/build/icyphy/ptII/ptolemy/domains/continuous/test/auto/ExponentialResponse.xml
----------------- Instantiating /home/travis/build/icyphy/ptII/ptolemy/domains/continuous/test/auto/ExponentialResponse.xml
97 ms. Memory: 277504K Free: 248888K (90%)
----------------- Invoking toplevel() on ptolemy.moml.MoMLSimpleApplication@5f8ce203
----------------- Done invoking toplevel() on ptolemy.moml.MoMLSimpleApplication@5f8ce203
reloadAllAccessors: .ExponentialResponse

===========================================================================================
----------------- testing Tue Oct 27 15:53:01 UTC 2020 /home/travis/build/icyphy/ptII/ptolemy/domains/continuous/test/auto/ExponentialResponseRK45.xml
----------------- Instantiating /home/travis/build/icyphy/ptII/ptolemy/domains/continuous/test/auto/ExponentialResponseRK45.xml
22 ms. Memory: 277504K Free: 242234K (87%)
----------------- Invoking toplevel() on ptolemy.moml.MoMLSimpleApplication@70bf1fc4
----------------- Done invoking toplevel() on ptolemy.moml.MoMLSimpleApplication@70bf1fc4
reloadAllAccessors: .ExponentialResponseRK45

===========================================================================================
----------------- testing Tue Oct 27 15:53:01 UTC 2020 /home/travis/build/icyphy/ptII/ptolemy/domains/continuous/test/auto/Friction.xml
----------------- Instantiating /home/travis/build/icyphy/ptII/ptolemy/domains/continuous/test/auto/Friction.xml
1419 ms. Memory: 277504K Free: 145971K (53%)
----------------- Invoking toplevel() on ptolemy.moml.MoMLSimpleApplication@3063d6e7
----------------- Done invoking toplevel() on ptolemy.moml.MoMLSimpleApplication@3063d6e7
reloadAllAccessors: .Friction

===========================================================================================
----------------- testing Tue Oct 27 15:53:03 UTC 2020 /home/travis/build/icyphy/ptII/ptolemy/domains/continuous/test/auto/FurutaPendulum.xml
----------------- Instantiating /home/travis/build/icyphy/ptII/ptolemy/domains/continuous/test/auto/FurutaPendulum.xml
3094 ms. Memory: 277504K Free: 137353K (49%)
----------------- Invoking toplevel() on ptolemy.moml.MoMLSimpleApplication@9bd9a98
----------------- Done invoking toplevel() on ptolemy.moml.MoMLSimpleApplication@9bd9a98
reloadAllAccessors: .FurutaPendulum

===========================================================================================
----------------- testing Tue Oct 27 15:53:06 UTC 2020 /home/travis/build/icyphy/ptII/ptolemy/domains/continuous/test/auto/HierarchicalExecution.xml
----------------- Instantiating /home/travis/build/icyphy/ptII/ptolemy/domains/continuous/test/auto/HierarchicalExecution.xml
1432 ms. Memory: 333824K Free: 235232K (70%)
----------------- Invoking toplevel() on ptolemy.moml.MoMLSimpleApplication@5bf63ba0
----------------- Done invoking toplevel() on ptolemy.moml.MoMLSimpleApplication@5bf63ba0
reloadAllAccessors: .HierarchicalExecution

===========================================================================================
----------------- testing Tue Oct 27 15:53:08 UTC 2020 /home/travis/build/icyphy/ptII/ptolemy/domains/continuous/test/auto/HybridPlant.xml
----------------- Instantiating /home/travis/build/icyphy/ptII/ptolemy/domains/continuous/test/auto/HybridPlant.xml
467 ms. Memory: 333824K Free: 170749K (51%)
----------------- Invoking toplevel() on ptolemy.moml.MoMLSimpleApplication@4f05c9a3
----------------- Done invoking toplevel() on ptolemy.moml.MoMLSimpleApplication@4f05c9a3
reloadAllAccessors: .HybridPlant

===========================================================================================
----------------- testing Tue Oct 27 15:53:08 UTC 2020 /home/travis/build/icyphy/ptII/ptolemy/domains/continuous/test/auto/Hysteresis.xml
----------------- Instantiating /home/travis/build/icyphy/ptII/ptolemy/domains/continuous/test/auto/Hysteresis.xml
137 ms. Memory: 333824K Free: 306960K (92%)
----------------- Invoking toplevel() on ptolemy.moml.MoMLSimpleApplication@1e1a8e73
----------------- Done invoking toplevel() on ptolemy.moml.MoMLSimpleApplication@1e1a8e73
reloadAllAccessors: .Hysteresis

===========================================================================================
----------------- testing Tue Oct 27 15:53:09 UTC 2020 /home/travis/build/icyphy/ptII/ptolemy/domains/continuous/test/auto/HysteresisWithRandomDelay.xml
----------------- Instantiating /home/travis/build/icyphy/ptII/ptolemy/domains/continuous/test/auto/HysteresisWithRandomDelay.xml
174 ms. Memory: 333824K Free: 235784K (71%)
----------------- Invoking toplevel() on ptolemy.moml.MoMLSimpleApplication@bb788b9
----------------- Done invoking toplevel() on ptolemy.moml.MoMLSimpleApplication@bb788b9
reloadAllAccessors: .HysteresisWithRandomDelay

===========================================================================================
----------------- testing Tue Oct 27 15:53:09 UTC 2020 /home/travis/build/icyphy/ptII/ptolemy/domains/continuous/test/auto/HysteresisWithRandomLosses.xml
----------------- Instantiating /home/travis/build/icyphy/ptII/ptolemy/domains/continuous/test/auto/HysteresisWithRandomLosses.xml
2258 ms. Memory: 333824K Free: 290197K (87%)
----------------- Invoking toplevel() on ptolemy.moml.MoMLSimpleApplication@723970b3
----------------- Done invoking toplevel() on ptolemy.moml.MoMLSimpleApplication@723970b3
reloadAllAccessors: .HysteresisWithRandomLosses

===========================================================================================
----------------- testing Tue Oct 27 15:53:11 UTC 2020 /home/travis/build/icyphy/ptII/ptolemy/domains/continuous/test/auto/ImmediateTransitions.xml
----------------- Instantiating /home/travis/build/icyphy/ptII/ptolemy/domains/continuous/test/auto/ImmediateTransitions.xml
10 ms. Memory: 333824K Free: 279413K (84%)
----------------- Invoking toplevel() on ptolemy.moml.MoMLSimpleApplication@3a322cfe
----------------- Done invoking toplevel() on ptolemy.moml.MoMLSimpleApplication@3a322cfe
reloadAllAccessors: .ImmediateTransitions

===========================================================================================
----------------- testing Tue Oct 27 15:53:11 UTC 2020 /home/travis/build/icyphy/ptII/ptolemy/domains/continuous/test/auto/ImpulseFeedback.xml
----------------- Instantiating /home/travis/build/icyphy/ptII/ptolemy/domains/continuous/test/auto/ImpulseFeedback.xml
8 ms. Memory: 333824K Free: 273813K (82%)
----------------- Invoking toplevel() on ptolemy.moml.MoMLSimpleApplication@69f4b041
----------------- Done invoking toplevel() on ptolemy.moml.MoMLSimpleApplication@69f4b041
reloadAllAccessors: .ImpulseFeedback

===========================================================================================
----------------- testing Tue Oct 27 15:53:11 UTC 2020 /home/travis/build/icyphy/ptII/ptolemy/domains/continuous/test/auto/ImpulseFeedback2.xml
----------------- Instantiating /home/travis/build/icyphy/ptII/ptolemy/domains/continuous/test/auto/ImpulseFeedback2.xml
5 ms. Memory: 333824K Free: 268179K (80%)
----------------- Invoking toplevel() on ptolemy.moml.MoMLSimpleApplication@7f6ce4ec
----------------- Done invoking toplevel() on ptolemy.moml.MoMLSimpleApplication@7f6ce4ec
reloadAllAccessors: .ImpulseFeedback2

===========================================================================================
----------------- testing Tue Oct 27 15:53:11 UTC 2020 /home/travis/build/icyphy/ptII/ptolemy/domains/continuous/test/auto/IncreasingRatePoisson.xml
----------------- Instantiating /home/travis/build/icyphy/ptII/ptolemy/domains/continuous/test/auto/IncreasingRatePoisson.xml
676 ms. Memory: 333824K Free: 175896K (53%)
----------------- Invoking toplevel() on ptolemy.moml.MoMLSimpleApplication@95b88cb
----------------- Done invoking toplevel() on ptolemy.moml.MoMLSimpleApplication@95b88cb
reloadAllAccessors: .IncreasingRatePoisson

===========================================================================================
----------------- testing Tue Oct 27 15:53:12 UTC 2020 /home/travis/build/icyphy/ptII/ptolemy/domains/continuous/test/auto/InitialStateFeedback.xml
----------------- Instantiating /home/travis/build/icyphy/ptII/ptolemy/domains/continuous/test/auto/InitialStateFeedback.xml
6 ms. Memory: 333824K Free: 171286K (51%)
----------------- Invoking toplevel() on ptolemy.moml.MoMLSimpleApplication@6a1e0ba3
----------------- Done invoking toplevel() on ptolemy.moml.MoMLSimpleApplication@6a1e0ba3
reloadAllAccessors: .InitialStateFeedback

===========================================================================================
----------------- testing Tue Oct 27 15:53:12 UTC 2020 /home/travis/build/icyphy/ptII/ptolemy/domains/continuous/test/auto/Integration.xml
----------------- Instantiating /home/travis/build/icyphy/ptII/ptolemy/domains/continuous/test/auto/Integration.xml
2 ms. Memory: 333824K Free: 167190K (50%)
----------------- Invoking toplevel() on ptolemy.moml.MoMLSimpleApplication@662c6d87
----------------- Done invoking toplevel() on ptolemy.moml.MoMLSimpleApplication@662c6d87
reloadAllAccessors: .Integration

===========================================================================================
----------------- testing Tue Oct 27 15:53:12 UTC 2020 /home/travis/build/icyphy/ptII/ptolemy/domains/continuous/test/auto/Integration2.xml
----------------- Instantiating /home/travis/build/icyphy/ptII/ptolemy/domains/continuous/test/auto/Integration2.xml
67 ms. Memory: 333824K Free: 152854K (46%)
----------------- Invoking toplevel() on ptolemy.moml.MoMLSimpleApplication@413631b3
----------------- Done invoking toplevel() on ptolemy.moml.MoMLSimpleApplication@413631b3
reloadAllAccessors: .Integration2

===========================================================================================
----------------- testing Tue Oct 27 15:53:12 UTC 2020 /home/travis/build/icyphy/ptII/ptolemy/domains/continuous/test/auto/Integration3.xml
----------------- Instantiating /home/travis/build/icyphy/ptII/ptolemy/domains/continuous/test/auto/Integration3.xml
2 ms. Memory: 333824K Free: 148248K (44%)
----------------- Invoking toplevel() on ptolemy.moml.MoMLSimpleApplication@47a11f0c
----------------- Done invoking toplevel() on ptolemy.moml.MoMLSimpleApplication@47a11f0c
reloadAllAccessors: .Integration3

===========================================================================================
----------------- testing Tue Oct 27 15:53:12 UTC 2020 /home/travis/build/icyphy/ptII/ptolemy/domains/continuous/test/auto/Integration5.xml
----------------- Instantiating /home/travis/build/icyphy/ptII/ptolemy/domains/continuous/test/auto/Integration5.xml
2 ms. Memory: 333824K Free: 144152K (43%)
----------------- Invoking toplevel() on ptolemy.moml.MoMLSimpleApplication@37870f6e
----------------- Done invoking toplevel() on ptolemy.moml.MoMLSimpleApplication@37870f6e
reloadAllAccessors: .Integration5

===========================================================================================
----------------- testing Tue Oct 27 15:53:12 UTC 2020 /home/travis/build/icyphy/ptII/ptolemy/domains/continuous/test/auto/IntegratorImpulse.xml
----------------- Instantiating /home/travis/build/icyphy/ptII/ptolemy/domains/continuous/test/auto/IntegratorImpulse.xml
3 ms. Memory: 333824K Free: 140056K (42%)
----------------- Invoking toplevel() on ptolemy.moml.MoMLSimpleApplication@6fb4d751
----------------- Done invoking toplevel() on ptolemy.moml.MoMLSimpleApplication@6fb4d751
reloadAllAccessors: .IntegratorImpulse

===========================================================================================
----------------- testing Tue Oct 27 15:53:12 UTC 2020 /home/travis/build/icyphy/ptII/ptolemy/domains/continuous/test/auto/IntegratorImpulse2.xml
----------------- Instantiating /home/travis/build/icyphy/ptII/ptolemy/domains/continuous/test/auto/IntegratorImpulse2.xml
6 ms. Memory: 333824K Free: 135432K (41%)
----------------- Invoking toplevel() on ptolemy.moml.MoMLSimpleApplication@bdd8fbf
----------------- Done invoking toplevel() on ptolemy.moml.MoMLSimpleApplication@bdd8fbf
reloadAllAccessors: .IntegratorImpulse2

===========================================================================================
----------------- testing Tue Oct 27 15:53:12 UTC 2020 /home/travis/build/icyphy/ptII/ptolemy/domains/continuous/test/auto/LevelCrossing1.xml
----------------- Instantiating /home/travis/build/icyphy/ptII/ptolemy/domains/continuous/test/auto/LevelCrossing1.xml
3 ms. Memory: 333824K Free: 130326K (39%)
----------------- Invoking toplevel() on ptolemy.moml.MoMLSimpleApplication@3be15d5
----------------- Done invoking toplevel() on ptolemy.moml.MoMLSimpleApplication@3be15d5
reloadAllAccessors: .LevelCrossing1

===========================================================================================
----------------- testing Tue Oct 27 15:53:12 UTC 2020 /home/travis/build/icyphy/ptII/ptolemy/domains/continuous/test/auto/LevelCrossing2.xml
----------------- Instantiating /home/travis/build/icyphy/ptII/ptolemy/domains/continuous/test/auto/LevelCrossing2.xml
2 ms. Memory: 333824K Free: 125206K (38%)
----------------- Invoking toplevel() on ptolemy.moml.MoMLSimpleApplication@6fe2b929
----------------- Done invoking toplevel() on ptolemy.moml.MoMLSimpleApplication@6fe2b929
reloadAllAccessors: .LevelCrossing2

===========================================================================================
----------------- testing Tue Oct 27 15:53:12 UTC 2020 /home/travis/build/icyphy/ptII/ptolemy/domains/continuous/test/auto/LevelCrossing3.xml
----------------- Instantiating /home/travis/build/icyphy/ptII/ptolemy/domains/continuous/test/auto/LevelCrossing3.xml
2 ms. Memory: 333824K Free: 120086K (36%)
----------------- Invoking toplevel() on ptolemy.moml.MoMLSimpleApplication@3d58cccb
----------------- Done invoking toplevel() on ptolemy.moml.MoMLSimpleApplication@3d58cccb
reloadAllAccessors: .LevelCrossing3

===========================================================================================
----------------- testing Tue Oct 27 15:53:12 UTC 2020 /home/travis/build/icyphy/ptII/ptolemy/domains/continuous/test/auto/LevelCrossing4.xml
----------------- Instantiating /home/travis/build/icyphy/ptII/ptolemy/domains/continuous/test/auto/LevelCrossing4.xml
3 ms. Memory: 333824K Free: 313939K (94%)
----------------- Invoking toplevel() on ptolemy.moml.MoMLSimpleApplication@34255603
----------------- Done invoking toplevel() on ptolemy.moml.MoMLSimpleApplication@34255603
reloadAllAccessors: .LevelCrossing4

===========================================================================================
----------------- testing Tue Oct 27 15:53:12 UTC 2020 /home/travis/build/icyphy/ptII/ptolemy/domains/continuous/test/auto/LevelCrossing5.xml
----------------- Instantiating /home/travis/build/icyphy/ptII/ptolemy/domains/continuous/test/auto/LevelCrossing5.xml
3 ms. Memory: 333824K Free: 308819K (93%)
----------------- Invoking toplevel() on ptolemy.moml.MoMLSimpleApplication@5082b60c
----------------- Done invoking toplevel() on ptolemy.moml.MoMLSimpleApplication@5082b60c
reloadAllAccessors: .LevelCrossing5

===========================================================================================
[...]
----------------- testing Tue Oct 27 15:53:28 UTC 2020 /home/travis/build/icyphy/ptII/ptolemy/domains/continuous/test/auto/SRinContinuous.xml
----------------- Instantiating /home/travis/build/icyphy/ptII/ptolemy/domains/continuous/test/auto/SRinContinuous.xml
4 ms. Memory: 333824K Free: 171804K (51%)
----------------- Invoking toplevel() on ptolemy.moml.MoMLSimpleApplication@3c806cf8
----------------- Done invoking toplevel() on ptolemy.moml.MoMLSimpleApplication@3c806cf8
reloadAllAccessors: .SRinContinuous

===========================================================================================
----------------- testing Tue Oct 27 15:53:28 UTC 2020 /home/travis/build/icyphy/ptII/ptolemy/domains/continuous/test/auto/SampledClocks.xml
----------------- Instantiating /home/travis/build/icyphy/ptII/ptolemy/domains/continuous/test/auto/SampledClocks.xml
6 ms. Memory: 333824K Free: 159006K (48%)
----------------- Invoking toplevel() on ptolemy.moml.MoMLSimpleApplication@f6fe0b4
----------------- Done invoking toplevel() on ptolemy.moml.MoMLSimpleApplication@f6fe0b4
reloadAllAccessors: .SampledClocks

===========================================================================================
----------------- testing Tue Oct 27 15:53:28 UTC 2020 /home/travis/build/icyphy/ptII/ptolemy/domains/continuous/test/auto/Satellite.xml
----------------- Instantiating /home/travis/build/icyphy/ptII/ptolemy/domains/continuous/test/auto/Satellite.xml
726 ms. Memory: 333824K Free: 162198K (49%)
----------------- Invoking toplevel() on ptolemy.moml.MoMLSimpleApplication@42e3889d
----------------- Done invoking toplevel() on ptolemy.moml.MoMLSimpleApplication@42e3889d
reloadAllAccessors: .Satellite

===========================================================================================
----------------- testing Tue Oct 27 15:53:29 UTC 2020 /home/travis/build/icyphy/ptII/ptolemy/domains/continuous/test/auto/SigmaDelta.xml
----------------- Instantiating /home/travis/build/icyphy/ptII/ptolemy/domains/continuous/test/auto/SigmaDelta.xml
2029 ms. Memory: 333824K Free: 289856K (87%)
----------------- Invoking toplevel() on ptolemy.moml.MoMLSimpleApplication@5411234d
----------------- Done invoking toplevel() on ptolemy.moml.MoMLSimpleApplication@5411234d
reloadAllAccessors: .SigmaDelta

===========================================================================================
----------------- testing Tue Oct 27 15:53:31 UTC 2020 /home/travis/build/icyphy/ptII/ptolemy/domains/continuous/test/auto/SingleRefinement.xml
----------------- Instantiating /home/travis/build/icyphy/ptII/ptolemy/domains/continuous/test/auto/SingleRefinement.xml
304 ms. Memory: 333824K Free: 306225K (92%)
----------------- Invoking toplevel() on ptolemy.moml.MoMLSimpleApplication@7c5bd452
----------------- Done invoking toplevel() on ptolemy.moml.MoMLSimpleApplication@7c5bd452
reloadAllAccessors: .SingleRefinement

===========================================================================================
----------------- testing Tue Oct 27 15:53:31 UTC 2020 /home/travis/build/icyphy/ptII/ptolemy/domains/continuous/test/auto/SinuBouncingBall.xml
----------------- Instantiating /home/travis/build/icyphy/ptII/ptolemy/domains/continuous/test/auto/SinuBouncingBall.xml
731 ms. Memory: 333824K Free: 289063K (87%)
----------------- Invoking toplevel() on ptolemy.moml.MoMLSimpleApplication@203818f4
----------------- Done invoking toplevel() on ptolemy.moml.MoMLSimpleApplication@203818f4
reloadAllAccessors: .SinuBouncingBall

===========================================================================================
----------------- testing Tue Oct 27 15:53:32 UTC 2020 /home/travis/build/icyphy/ptII/ptolemy/domains/continuous/test/auto/Sinusoid.xml
----------------- Instantiating /home/travis/build/icyphy/ptII/ptolemy/domains/continuous/test/auto/Sinusoid.xml
4 ms. Memory: 333824K Free: 284439K (85%)
----------------- Invoking toplevel() on ptolemy.moml.MoMLSimpleApplication@6a1d0f7f
----------------- Done invoking toplevel() on ptolemy.moml.MoMLSimpleApplication@6a1d0f7f
reloadAllAccessors: .Sinusoid

===========================================================================================
----------------- testing Tue Oct 27 15:53:32 UTC 2020 /home/travis/build/icyphy/ptII/ptolemy/domains/continuous/test/auto/SinusoidInNoise.xml
----------------- Instantiating /home/travis/build/icyphy/ptII/ptolemy/domains/continuous/test/auto/SinusoidInNoise.xml
751 ms. Memory: 333824K Free: 150823K (45%)
----------------- Invoking toplevel() on ptolemy.moml.MoMLSimpleApplication@6d89ffc2
----------------- Done invoking toplevel() on ptolemy.moml.MoMLSimpleApplication@6d89ffc2
reloadAllAccessors: .SinusoidInNoise

===========================================================================================
----------------- testing Tue Oct 27 15:53:33 UTC 2020 /home/travis/build/icyphy/ptII/ptolemy/domains/continuous/test/auto/SinusoidRK45.xml
----------------- Instantiating /home/travis/build/icyphy/ptII/ptolemy/domains/continuous/test/auto/SinusoidRK45.xml
2 ms. Memory: 333824K Free: 146727K (44%)
----------------- Invoking toplevel() on ptolemy.moml.MoMLSimpleApplication@4fce4266
----------------- Done invoking toplevel() on ptolemy.moml.MoMLSimpleApplication@4fce4266
reloadAllAccessors: .SinusoidRK45

===========================================================================================
----------------- testing Tue Oct 27 15:53:33 UTC 2020 /home/travis/build/icyphy/ptII/ptolemy/domains/continuous/test/auto/SinusoidWithMultipleImpulses.xml
----------------- Instantiating /home/travis/build/icyphy/ptII/ptolemy/domains/continuous/test/auto/SinusoidWithMultipleImpulses.xml
3 ms. Memory: 333824K Free: 142117K (43%)
----------------- Invoking toplevel() on ptolemy.moml.MoMLSimpleApplication@5f9a7fab
----------------- Done invoking toplevel() on ptolemy.moml.MoMLSimpleApplication@5f9a7fab
reloadAllAccessors: .SinusoidWithMultipleImpulses

===========================================================================================
----------------- testing Tue Oct 27 15:53:33 UTC 2020 /home/travis/build/icyphy/ptII/ptolemy/domains/continuous/test/auto/SquareWave.xml
----------------- Instantiating /home/travis/build/icyphy/ptII/ptolemy/domains/continuous/test/auto/SquareWave.xml
140 ms. Memory: 333824K Free: 312839K (94%)
----------------- Invoking toplevel() on ptolemy.moml.MoMLSimpleApplication@3701d57d
----------------- Done invoking toplevel() on ptolemy.moml.MoMLSimpleApplication@3701d57d
reloadAllAccessors: .SquareWave

===========================================================================================
----------------- testing Tue Oct 27 15:53:33 UTC 2020 /home/travis/build/icyphy/ptII/ptolemy/domains/continuous/test/auto/Starmac.xml
----------------- Instantiating /home/travis/build/icyphy/ptII/ptolemy/domains/continuous/test/auto/Starmac.xml
3069 ms. Memory: 333824K Free: 193694K (58%)
----------------- Invoking toplevel() on ptolemy.moml.MoMLSimpleApplication@3aeee69a
----------------- Done invoking toplevel() on ptolemy.moml.MoMLSimpleApplication@3aeee69a
reloadAllAccessors: .Starmac

===========================================================================================
----------------- testing Tue Oct 27 15:53:36 UTC 2020 /home/travis/build/icyphy/ptII/ptolemy/domains/continuous/test/auto/StaticUnits.xml
----------------- Instantiating /home/travis/build/icyphy/ptII/ptolemy/domains/continuous/test/auto/StaticUnits.xml
1771 ms. Memory: 333824K Free: 124965K (37%)
----------------- Invoking toplevel() on ptolemy.moml.MoMLSimpleApplication@c738262
----------------- Done invoking toplevel() on ptolemy.moml.MoMLSimpleApplication@c738262
reloadAllAccessors: .StaticUnits

===========================================================================================
----------------- testing Tue Oct 27 15:53:39 UTC 2020 /home/travis/build/icyphy/ptII/ptolemy/domains/continuous/test/auto/StickyMasses.xml
----------------- Instantiating /home/travis/build/icyphy/ptII/ptolemy/domains/continuous/test/auto/StickyMasses.xml
127 ms. Memory: 333824K Free: 269273K (81%)
----------------- Invoking toplevel() on ptolemy.moml.MoMLSimpleApplication@4e455aee
----------------- Done invoking toplevel() on ptolemy.moml.MoMLSimpleApplication@4e455aee
reloadAllAccessors: .StickyMasses

===========================================================================================
----------------- testing Tue Oct 27 15:53:39 UTC 2020 /home/travis/build/icyphy/ptII/ptolemy/domains/continuous/test/auto/StopTime.xml
----------------- Instantiating /home/travis/build/icyphy/ptII/ptolemy/domains/continuous/test/auto/StopTime.xml
39 ms. Memory: 333824K Free: 243673K (73%)
----------------- Invoking toplevel() on ptolemy.moml.MoMLSimpleApplication@3d67a0ef
----------------- Done invoking toplevel() on ptolemy.moml.MoMLSimpleApplication@3d67a0ef
reloadAllAccessors: .StopTime

===========================================================================================
----------------- testing Tue Oct 27 15:53:39 UTC 2020 /home/travis/build/icyphy/ptII/ptolemy/domains/continuous/test/auto/StopTime2.xml
----------------- Instantiating /home/travis/build/icyphy/ptII/ptolemy/domains/continuous/test/auto/StopTime2.xml
34 ms. Memory: 333824K Free: 221655K (66%)
----------------- Invoking toplevel() on ptolemy.moml.MoMLSimpleApplication@12462050
----------------- Done invoking toplevel() on ptolemy.moml.MoMLSimpleApplication@12462050
reloadAllAccessors: .StopTime2

===========================================================================================
----------------- testing Tue Oct 27 15:53:39 UTC 2020 /home/travis/build/icyphy/ptII/ptolemy/domains/continuous/test/auto/Switch.xml
----------------- Instantiating /home/travis/build/icyphy/ptII/ptolemy/domains/continuous/test/auto/Switch.xml
43 ms. Memory: 333824K Free: 197073K (59%)
----------------- Invoking toplevel() on ptolemy.moml.MoMLSimpleApplication@4cb61e69
----------------- Done invoking toplevel() on ptolemy.moml.MoMLSimpleApplication@4cb61e69
reloadAllAccessors: .Switch

===========================================================================================
----------------- testing Tue Oct 27 15:53:39 UTC 2020 /home/travis/build/icyphy/ptII/ptolemy/domains/continuous/test/auto/Thermostat.xml
----------------- Instantiating /home/travis/build/icyphy/ptII/ptolemy/domains/continuous/test/auto/Thermostat.xml
176 ms. Memory: 333824K Free: 124889K (37%)
----------------- Invoking toplevel() on ptolemy.moml.MoMLSimpleApplication@74cd9221
----------------- Done invoking toplevel() on ptolemy.moml.MoMLSimpleApplication@74cd9221
reloadAllAccessors: .Thermostat

===========================================================================================
----------------- testing Tue Oct 27 15:53:39 UTC 2020 /home/travis/build/icyphy/ptII/ptolemy/domains/continuous/test/auto/TimeDelay.xml
----------------- Instantiating /home/travis/build/icyphy/ptII/ptolemy/domains/continuous/test/auto/TimeDelay.xml
5 ms. Memory: 333824K Free: 120273K (36%)
----------------- Invoking toplevel() on ptolemy.moml.MoMLSimpleApplication@691486c
----------------- Done invoking toplevel() on ptolemy.moml.MoMLSimpleApplication@691486c
reloadAllAccessors: .TimeDelay

===========================================================================================
----------------- testing Tue Oct 27 15:53:39 UTC 2020 /home/travis/build/icyphy/ptII/ptolemy/domains/continuous/test/auto/TimeDelay2.xml
----------------- Instantiating /home/travis/build/icyphy/ptII/ptolemy/domains/continuous/test/auto/TimeDelay2.xml
10 ms. Memory: 401408K Free: 371665K (93%)
----------------- Invoking toplevel() on ptolemy.moml.MoMLSimpleApplication@6a16e414
----------------- Done invoking toplevel() on ptolemy.moml.MoMLSimpleApplication@6a16e414
reloadAllAccessors: .TimeDelay2

===========================================================================================
----------------- testing Tue Oct 27 15:53:39 UTC 2020 /home/travis/build/icyphy/ptII/ptolemy/domains/continuous/test/auto/TimeDelay3.xml
----------------- Instantiating /home/travis/build/icyphy/ptII/ptolemy/domains/continuous/test/auto/TimeDelay3.xml
5 ms. Memory: 401408K Free: 367022K (91%)
----------------- Invoking toplevel() on ptolemy.moml.MoMLSimpleApplication@529ebd11
----------------- Done invoking toplevel() on ptolemy.moml.MoMLSimpleApplication@529ebd11
reloadAllAccessors: .TimeDelay3

===========================================================================================
----------------- testing Tue Oct 27 15:53:39 UTC 2020 /home/travis/build/icyphy/ptII/ptolemy/domains/continuous/test/auto/TransferAbsentToInside.xml
----------------- Instantiating /home/travis/build/icyphy/ptII/ptolemy/domains/continuous/test/auto/TransferAbsentToInside.xml
36 ms. Memory: 401408K Free: 313792K (78%)
----------------- Invoking toplevel() on ptolemy.moml.MoMLSimpleApplication@141651ba
----------------- Done invoking toplevel() on ptolemy.moml.MoMLSimpleApplication@141651ba
reloadAllAccessors: .TransferAbsentToInside

===========================================================================================
----------------- testing Tue Oct 27 15:53:40 UTC 2020 /home/travis/build/icyphy/ptII/ptolemy/domains/continuous/test/auto/Transmission.xml
----------------- Instantiating /home/travis/build/icyphy/ptII/ptolemy/domains/continuous/test/auto/Transmission.xml
715 ms. Memory: 401408K Free: 317888K (79%)
----------------- Invoking toplevel() on ptolemy.moml.MoMLSimpleApplication@728656d2
----------------- Done invoking toplevel() on ptolemy.moml.MoMLSimpleApplication@728656d2
reloadAllAccessors: .Transmission

===========================================================================================
----------------- testing Tue Oct 27 15:53:40 UTC 2020 /home/travis/build/icyphy/ptII/ptolemy/domains/continuous/test/auto/TriggeredContinuousClock.xml
----------------- Instantiating /home/travis/build/icyphy/ptII/ptolemy/domains/continuous/test/auto/TriggeredContinuousClock.xml
36 ms. Memory: 401408K Free: 288176K (72%)
----------------- Invoking toplevel() on ptolemy.moml.MoMLSimpleApplication@6bb8060c
----------------- Done invoking toplevel() on ptolemy.moml.MoMLSimpleApplication@6bb8060c
reloadAllAccessors: .TriggeredContinuousClock

===========================================================================================
----------------- testing Tue Oct 27 15:53:40 UTC 2020 /home/travis/build/icyphy/ptII/ptolemy/domains/continuous/test/auto/TwoMachineInfiniteBusControl.xml
----------------- Instantiating /home/travis/build/icyphy/ptII/ptolemy/domains/continuous/test/auto/TwoMachineInfiniteBusControl.xml
2420 ms. Memory: 401408K Free: 192944K (48%)
----------------- Invoking toplevel() on ptolemy.moml.MoMLSimpleApplication@ae1c0f9
----------------- Done invoking toplevel() on ptolemy.moml.MoMLSimpleApplication@ae1c0f9
reloadAllAccessors: .TwoMachineInfiniteBusControl

===========================================================================================
----------------- testing Tue Oct 27 15:53:43 UTC 2020 /home/travis/build/icyphy/ptII/ptolemy/domains/continuous/test/auto/V2V.xml
----------------- Instantiating /home/travis/build/icyphy/ptII/ptolemy/domains/continuous/test/auto/V2V.xml
791 ms. Memory: 401408K Free: 239721K (60%)
----------------- Invoking toplevel() on ptolemy.moml.MoMLSimpleApplication@63277c99
----------------- Done invoking toplevel() on ptolemy.moml.MoMLSimpleApplication@63277c99
reloadAllAccessors: .V2V

===========================================================================================
----------------- testing Tue Oct 27 15:53:44 UTC 2020 /home/travis/build/icyphy/ptII/ptolemy/domains/continuous/test/auto/hierarchicalModalModel.xml
----------------- Instantiating /home/travis/build/icyphy/ptII/ptolemy/domains/continuous/test/auto/hierarchicalModalModel.xml
7 ms. Memory: 401408K Free: 225195K (56%)
----------------- Invoking toplevel() on ptolemy.moml.MoMLSimpleApplication@8366225
----------------- Done invoking toplevel() on ptolemy.moml.MoMLSimpleApplication@8366225
reloadAllAccessors: .hierarchicalModalModel

===========================================================================================
----------------- testing Tue Oct 27 15:53:44 UTC 2020 /home/travis/build/icyphy/ptII/ptolemy/domains/continuous/test/auto/hierarchicalModalModel1.xml
----------------- Instantiating /home/travis/build/icyphy/ptII/ptolemy/domains/continuous/test/auto/hierarchicalModalModel1.xml
8 ms. Memory: 401408K Free: 210859K (53%)
----------------- Invoking toplevel() on ptolemy.moml.MoMLSimpleApplication@2987e20c
----------------- Done invoking toplevel() on ptolemy.moml.MoMLSimpleApplication@2987e20c
reloadAllAccessors: .hierarchicalModalModel1

===========================================================================================
----------------- testing Tue Oct 27 15:53:44 UTC 2020 /home/travis/build/icyphy/ptII/ptolemy/domains/continuous/test/auto/hierarchicalModalModel2.xml
----------------- Instantiating /home/travis/build/icyphy/ptII/ptolemy/domains/continuous/test/auto/hierarchicalModalModel2.xml
5 ms. Memory: 401408K Free: 198571K (49%)
----------------- Invoking toplevel() on ptolemy.moml.MoMLSimpleApplication@3c8961b0
----------------- Done invoking toplevel() on ptolemy.moml.MoMLSimpleApplication@3c8961b0
reloadAllAccessors: .hierarchicalModalModel2

===========================================================================================
----------------- testing Tue Oct 27 15:53:44 UTC 2020 /home/travis/build/icyphy/ptII/ptolemy/domains/continuous/test/auto/hierarchicalModalModel3.xml
----------------- Instantiating /home/travis/build/icyphy/ptII/ptolemy/domains/continuous/test/auto/hierarchicalModalModel3.xml
6 ms. Memory: 401408K Free: 187817K (47%)
----------------- Invoking toplevel() on ptolemy.moml.MoMLSimpleApplication@754add0c
----------------- Done invoking toplevel() on ptolemy.moml.MoMLSimpleApplication@754add0c
reloadAllAccessors: .hierarchicalModalModel3

===========================================================================================
----------------- testing Tue Oct 27 15:53:44 UTC 2020 /home/travis/build/icyphy/ptII/ptolemy/domains/continuous/test/auto/hierarchicalModalModel4.xml
----------------- Instantiating /home/travis/build/icyphy/ptII/ptolemy/domains/continuous/test/auto/hierarchicalModalModel4.xml
5 ms. Memory: 401408K Free: 176043K (44%)
----------------- Invoking toplevel() on ptolemy.moml.MoMLSimpleApplication@7d9299c7
----------------- Done invoking toplevel() on ptolemy.moml.MoMLSimpleApplication@7d9299c7
reloadAllAccessors: .hierarchicalModalModel4

===========================================================================================
----------------- testing Tue Oct 27 15:53:44 UTC 2020 /home/travis/build/icyphy/ptII/ptolemy/domains/continuous/test/auto/junk.xml
----------------- Instantiating /home/travis/build/icyphy/ptII/ptolemy/domains/continuous/test/auto/junk.xml
115 ms. Memory: 401408K Free: 151467K (38%)
----------------- Invoking toplevel() on ptolemy.moml.MoMLSimpleApplication@56d51e24
----------------- Done invoking toplevel() on ptolemy.moml.MoMLSimpleApplication@56d51e24
reloadAllAccessors: .junk
AutoTests.java: About to close Vertx.
AutoTests.java: Vertx closed.
]]></system-out>
  <system-err><![CDATA[Warning: '.HysteresisWithRandomDelay.NonStrictTest3' The test produced only 22 tokens, yet the correctValues parameter was expecting 30 tokens.
Warning: '.IncreasingRatePoisson.NonStrictTest' The test produced only 371 tokens, yet the correctValues parameter was expecting 402 tokens.
Warning: '.Poisson.NonStrictTest' The test produced only 397 tokens, yet the correctValues parameter was expecting 430 tokens.
]]></system-err>
</testsuite>
