<?xml version="1.0" encoding="UTF-8" ?>
<testsuite errors="0" failures="0" hostname="travis-job-93a9cad6-0338-4dbe-bfcd-fdb9f67f882b" name="ptolemy.domains.sdf.lib.test.junit.JUnitTclTest" skipped="0" tests="82" time="8.335" timestamp="2020-04-12T14:11:31">
  <properties>
[...]
</properties>
  <testcase classname="ptolemy.util.test.junit.TclTests" name="[0] /home/travis/build/icyphy/ptII/ptolemy/domains/sdf/lib/test/ArrayToSequence.tcl (RunTclFile)" time="0.586" />
  <testcase classname="ptolemy.util.test.junit.TclTests" name="[1] /home/travis/build/icyphy/ptII/ptolemy/domains/sdf/lib/test/BitsToInt.tcl (RunTclFile)" time="0.034" />
  <testcase classname="ptolemy.util.test.junit.TclTests" name="[2] /home/travis/build/icyphy/ptII/ptolemy/domains/sdf/lib/test/DelayLine.tcl (RunTclFile)" time="0.021" />
  <testcase classname="ptolemy.util.test.junit.TclTests" name="[3] /home/travis/build/icyphy/ptII/ptolemy/domains/sdf/lib/test/FFT.tcl (RunTclFile)" time="0.017" />
  <testcase classname="ptolemy.util.test.junit.TclTests" name="[4] /home/travis/build/icyphy/ptII/ptolemy/domains/sdf/lib/test/FIR.tcl (RunTclFile)" time="0.127" />
  <testcase classname="ptolemy.util.test.junit.TclTests" name="[5] /home/travis/build/icyphy/ptII/ptolemy/domains/sdf/lib/test/IntToBits.tcl (RunTclFile)" time="0.052" />
  <testcase classname="ptolemy.util.test.junit.TclTests" name="[6] /home/travis/build/icyphy/ptII/ptolemy/domains/sdf/lib/test/MaximumEntropySpectrum.tcl (RunTclFile)" time="0.281" />
  <testcase classname="ptolemy.util.test.junit.TclTests" name="[7] /home/travis/build/icyphy/ptII/ptolemy/domains/sdf/lib/test/Repeat.tcl (RunTclFile)" time="0.038" />
  <testcase classname="ptolemy.util.test.junit.TclTests" name="[8] /home/travis/build/icyphy/ptII/ptolemy/domains/sdf/lib/test/SampleDelay.tcl (RunTclFile)" time="0.099" />
  <testcase classname="ptolemy.util.test.junit.TclTests" name="[9] /home/travis/build/icyphy/ptII/ptolemy/domains/sdf/lib/test/SequenceToArray.tcl (RunTclFile)" time="0.037" />
  <testcase classname="ptolemy.util.test.junit.AutoKnownFailedTests" name="[0] ThereAreNoKnowFailedTests (RunModel)" time="0.006" />
  <testcase classname="ptolemy.util.test.junit.AutoNameArchTests" name="[0] ThereAreNoAutoArchTests (RunModel)" time="0.001" />
  <testcase classname="ptolemy.util.test.junit.AutoTests" name="[0] /home/travis/build/icyphy/ptII/ptolemy/domains/sdf/lib/test/auto/ArrayToSequence.xml (RunModel)" time="0.244" />
  <testcase classname="ptolemy.util.test.junit.AutoTests" name="[1] /home/travis/build/icyphy/ptII/ptolemy/domains/sdf/lib/test/auto/ArrayToSequenceTest.xml (RunModel)" time="0.098" />
  <testcase classname="ptolemy.util.test.junit.AutoTests" name="[2] /home/travis/build/icyphy/ptII/ptolemy/domains/sdf/lib/test/auto/Autocorrelation.xml (RunModel)" time="0.062" />
  <testcase classname="ptolemy.util.test.junit.AutoTests" name="[3] /home/travis/build/icyphy/ptII/ptolemy/domains/sdf/lib/test/auto/Autocorrelation2.xml (RunModel)" time="0.031" />
  <testcase classname="ptolemy.util.test.junit.AutoTests" name="[4] /home/travis/build/icyphy/ptII/ptolemy/domains/sdf/lib/test/auto/Autocorrelation3.xml (RunModel)" time="0.04" />
  <testcase classname="ptolemy.util.test.junit.AutoTests" name="[5] /home/travis/build/icyphy/ptII/ptolemy/domains/sdf/lib/test/auto/Autocorrelation4.xml (RunModel)" time="0.023" />
  <testcase classname="ptolemy.util.test.junit.AutoTests" name="[6] /home/travis/build/icyphy/ptII/ptolemy/domains/sdf/lib/test/auto/Autocorrelation5.xml (RunModel)" time="0.125" />
  <testcase classname="ptolemy.util.test.junit.AutoTests" name="[7] /home/travis/build/icyphy/ptII/ptolemy/domains/sdf/lib/test/auto/BitsToInt.xml (RunModel)" time="0.015" />
  <testcase classname="ptolemy.util.test.junit.AutoTests" name="[8] /home/travis/build/icyphy/ptII/ptolemy/domains/sdf/lib/test/auto/BooleanJoin.xml (RunModel)" time="0.045" />
  <testcase classname="ptolemy.util.test.junit.AutoTests" name="[9] /home/travis/build/icyphy/ptII/ptolemy/domains/sdf/lib/test/auto/BootstrapSampleDelay.xml (RunModel)" time="0.047" />
  <testcase classname="ptolemy.util.test.junit.AutoTests" name="[10] /home/travis/build/icyphy/ptII/ptolemy/domains/sdf/lib/test/auto/Chop.xml (RunModel)" time="0.051" />
  <testcase classname="ptolemy.util.test.junit.AutoTests" name="[11] /home/travis/build/icyphy/ptII/ptolemy/domains/sdf/lib/test/auto/Chop2.xml (RunModel)" time="0.053" />
  <testcase classname="ptolemy.util.test.junit.AutoTests" name="[12] /home/travis/build/icyphy/ptII/ptolemy/domains/sdf/lib/test/auto/ComplexJoin.xml (RunModel)" time="0.037" />
  <testcase classname="ptolemy.util.test.junit.AutoTests" name="[13] /home/travis/build/icyphy/ptII/ptolemy/domains/sdf/lib/test/auto/CountTrues.xml (RunModel)" time="0.047" />
  <testcase classname="ptolemy.util.test.junit.AutoTests" name="[14] /home/travis/build/icyphy/ptII/ptolemy/domains/sdf/lib/test/auto/DelayLine.xml (RunModel)" time="0.046" />
  <testcase classname="ptolemy.util.test.junit.AutoTests" name="[15] /home/travis/build/icyphy/ptII/ptolemy/domains/sdf/lib/test/auto/DotProduct.xml (RunModel)" time="0.033" />
  <testcase classname="ptolemy.util.test.junit.AutoTests" name="[16] /home/travis/build/icyphy/ptII/ptolemy/domains/sdf/lib/test/auto/DotProductMatrix.xml (RunModel)" time="0.033" />
  <testcase classname="ptolemy.util.test.junit.AutoTests" name="[17] /home/travis/build/icyphy/ptII/ptolemy/domains/sdf/lib/test/auto/DownSample1.xml (RunModel)" time="0.027" />
  <testcase classname="ptolemy.util.test.junit.AutoTests" name="[18] /home/travis/build/icyphy/ptII/ptolemy/domains/sdf/lib/test/auto/DynamicRateChange.xml (RunModel)" time="0.052" />
  <testcase classname="ptolemy.util.test.junit.AutoTests" name="[19] /home/travis/build/icyphy/ptII/ptolemy/domains/sdf/lib/test/auto/DynamicRates.xml (RunModel)" time="0.04" />
  <testcase classname="ptolemy.util.test.junit.AutoTests" name="[20] /home/travis/build/icyphy/ptII/ptolemy/domains/sdf/lib/test/auto/FFT1.xml (RunModel)" time="0.054" />
  <testcase classname="ptolemy.util.test.junit.AutoTests" name="[21] /home/travis/build/icyphy/ptII/ptolemy/domains/sdf/lib/test/auto/FIR1.xml (RunModel)" time="0.076" />
  <testcase classname="ptolemy.util.test.junit.AutoTests" name="[22] /home/travis/build/icyphy/ptII/ptolemy/domains/sdf/lib/test/auto/FIR2.xml (RunModel)" time="0.03" />
  <testcase classname="ptolemy.util.test.junit.AutoTests" name="[23] /home/travis/build/icyphy/ptII/ptolemy/domains/sdf/lib/test/auto/FIR4.xml (RunModel)" time="0.036" />
  <testcase classname="ptolemy.util.test.junit.AutoTests" name="[24] /home/travis/build/icyphy/ptII/ptolemy/domains/sdf/lib/test/auto/FixJoin.xml (RunModel)" time="0.03" />
  <testcase classname="ptolemy.util.test.junit.AutoTests" name="[25] /home/travis/build/icyphy/ptII/ptolemy/domains/sdf/lib/test/auto/IntJoin1.xml (RunModel)" time="0.034" />
  <testcase classname="ptolemy.util.test.junit.AutoTests" name="[26] /home/travis/build/icyphy/ptII/ptolemy/domains/sdf/lib/test/auto/IntJoin2.xml (RunModel)" time="0.024" />
  <testcase classname="ptolemy.util.test.junit.AutoTests" name="[27] /home/travis/build/icyphy/ptII/ptolemy/domains/sdf/lib/test/auto/IntJoin3.xml (RunModel)" time="0.03" />
  <testcase classname="ptolemy.util.test.junit.AutoTests" name="[28] /home/travis/build/icyphy/ptII/ptolemy/domains/sdf/lib/test/auto/IntJoin4.xml (RunModel)" time="0.025" />
  <testcase classname="ptolemy.util.test.junit.AutoTests" name="[29] /home/travis/build/icyphy/ptII/ptolemy/domains/sdf/lib/test/auto/IntJoin5.xml (RunModel)" time="0.026" />
  <testcase classname="ptolemy.util.test.junit.AutoTests" name="[30] /home/travis/build/icyphy/ptII/ptolemy/domains/sdf/lib/test/auto/IntToBits.xml (RunModel)" time="0.023" />
  <testcase classname="ptolemy.util.test.junit.AutoTests" name="[31] /home/travis/build/icyphy/ptII/ptolemy/domains/sdf/lib/test/auto/LMSAdaptive.xml (RunModel)" time="0.063" />
  <testcase classname="ptolemy.util.test.junit.AutoTests" name="[32] /home/travis/build/icyphy/ptII/ptolemy/domains/sdf/lib/test/auto/LMSAdaptiveFIR.xml (RunModel)" time="0.362" />
  <testcase classname="ptolemy.util.test.junit.AutoTests" name="[33] /home/travis/build/icyphy/ptII/ptolemy/domains/sdf/lib/test/auto/LMSAdaptiveFIR2.xml (RunModel)" time="0.425" />
  <testcase classname="ptolemy.util.test.junit.AutoTests" name="[34] /home/travis/build/icyphy/ptII/ptolemy/domains/sdf/lib/test/auto/LongJoin.xml (RunModel)" time="0.045" />
  <testcase classname="ptolemy.util.test.junit.AutoTests" name="[35] /home/travis/build/icyphy/ptII/ptolemy/domains/sdf/lib/test/auto/Matrix1.xml (RunModel)" time="0.034" />
  <testcase classname="ptolemy.util.test.junit.AutoTests" name="[36] /home/travis/build/icyphy/ptII/ptolemy/domains/sdf/lib/test/auto/Matrix2.xml (RunModel)" time="0.026" />
  <testcase classname="ptolemy.util.test.junit.AutoTests" name="[37] /home/travis/build/icyphy/ptII/ptolemy/domains/sdf/lib/test/auto/MatrixJoin1.xml (RunModel)" time="0.017" />
  <testcase classname="ptolemy.util.test.junit.AutoTests" name="[38] /home/travis/build/icyphy/ptII/ptolemy/domains/sdf/lib/test/auto/MatrixJoin2.xml (RunModel)" time="0.021" />
  <testcase classname="ptolemy.util.test.junit.AutoTests" name="[39] /home/travis/build/icyphy/ptII/ptolemy/domains/sdf/lib/test/auto/MatrixJoin3.xml (RunModel)" time="0.024" />
  <testcase classname="ptolemy.util.test.junit.AutoTests" name="[40] /home/travis/build/icyphy/ptII/ptolemy/domains/sdf/lib/test/auto/MatrixJoin4.xml (RunModel)" time="0.015" />
  <testcase classname="ptolemy.util.test.junit.AutoTests" name="[41] /home/travis/build/icyphy/ptII/ptolemy/domains/sdf/lib/test/auto/MatrixJoin5.xml (RunModel)" time="0.013" />
  <testcase classname="ptolemy.util.test.junit.AutoTests" name="[42] /home/travis/build/icyphy/ptII/ptolemy/domains/sdf/lib/test/auto/MatrixSplit1.xml (RunModel)" time="0.021" />
  <testcase classname="ptolemy.util.test.junit.AutoTests" name="[43] /home/travis/build/icyphy/ptII/ptolemy/domains/sdf/lib/test/auto/MatrixSplit10.xml (RunModel)" time="0.015" />
  <testcase classname="ptolemy.util.test.junit.AutoTests" name="[44] /home/travis/build/icyphy/ptII/ptolemy/domains/sdf/lib/test/auto/MatrixSplit11.xml (RunModel)" time="0.012" />
  <testcase classname="ptolemy.util.test.junit.AutoTests" name="[45] /home/travis/build/icyphy/ptII/ptolemy/domains/sdf/lib/test/auto/MatrixSplit12.xml (RunModel)" time="0.015" />
  <testcase classname="ptolemy.util.test.junit.AutoTests" name="[46] /home/travis/build/icyphy/ptII/ptolemy/domains/sdf/lib/test/auto/MatrixSplit13.xml (RunModel)" time="0.021" />
  <testcase classname="ptolemy.util.test.junit.AutoTests" name="[47] /home/travis/build/icyphy/ptII/ptolemy/domains/sdf/lib/test/auto/MatrixSplit14.xml (RunModel)" time="0.012" />
  <testcase classname="ptolemy.util.test.junit.AutoTests" name="[48] /home/travis/build/icyphy/ptII/ptolemy/domains/sdf/lib/test/auto/MatrixSplit2.xml (RunModel)" time="0.01" />
  <testcase classname="ptolemy.util.test.junit.AutoTests" name="[49] /home/travis/build/icyphy/ptII/ptolemy/domains/sdf/lib/test/auto/MatrixSplit3.xml (RunModel)" time="0.011" />
  <testcase classname="ptolemy.util.test.junit.AutoTests" name="[50] /home/travis/build/icyphy/ptII/ptolemy/domains/sdf/lib/test/auto/MatrixSplit4.xml (RunModel)" time="0.012" />
  <testcase classname="ptolemy.util.test.junit.AutoTests" name="[51] /home/travis/build/icyphy/ptII/ptolemy/domains/sdf/lib/test/auto/MatrixSplit5.xml (RunModel)" time="0.021" />
  <testcase classname="ptolemy.util.test.junit.AutoTests" name="[52] /home/travis/build/icyphy/ptII/ptolemy/domains/sdf/lib/test/auto/MatrixSplit6.xml (RunModel)" time="0.014" />
  <testcase classname="ptolemy.util.test.junit.AutoTests" name="[53] /home/travis/build/icyphy/ptII/ptolemy/domains/sdf/lib/test/auto/MatrixSplit7.xml (RunModel)" time="0.011" />
  <testcase classname="ptolemy.util.test.junit.AutoTests" name="[54] /home/travis/build/icyphy/ptII/ptolemy/domains/sdf/lib/test/auto/MatrixSplit8.xml (RunModel)" time="0.011" />
  <testcase classname="ptolemy.util.test.junit.AutoTests" name="[55] /home/travis/build/icyphy/ptII/ptolemy/domains/sdf/lib/test/auto/MatrixSplit9.xml (RunModel)" time="0.025" />
  <testcase classname="ptolemy.util.test.junit.AutoTests" name="[56] /home/travis/build/icyphy/ptII/ptolemy/domains/sdf/lib/test/auto/MatrixToSequence.xml (RunModel)" time="0.048" />
  <testcase classname="ptolemy.util.test.junit.AutoTests" name="[57] /home/travis/build/icyphy/ptII/ptolemy/domains/sdf/lib/test/auto/MaximumEntropySpectrum.xml (RunModel)" time="0.083" />
  <testcase classname="ptolemy.util.test.junit.AutoTests" name="[58] /home/travis/build/icyphy/ptII/ptolemy/domains/sdf/lib/test/auto/SampleDelayConversion.xml (RunModel)" time="0.023" />
  <testcase classname="ptolemy.util.test.junit.AutoTests" name="[59] /home/travis/build/icyphy/ptII/ptolemy/domains/sdf/lib/test/auto/SequenceToArray.xml (RunModel)" time="0.038" />
  <testcase classname="ptolemy.util.test.junit.AutoTests" name="[60] /home/travis/build/icyphy/ptII/ptolemy/domains/sdf/lib/test/auto/SequenceToMatrix.xml (RunModel)" time="3.201" />
  <testcase classname="ptolemy.util.test.junit.AutoTests" name="[61] /home/travis/build/icyphy/ptII/ptolemy/domains/sdf/lib/test/auto/SmoothedPeriodogram.xml (RunModel)" time="0.077" />
  <testcase classname="ptolemy.util.test.junit.AutoTests" name="[62] /home/travis/build/icyphy/ptII/ptolemy/domains/sdf/lib/test/auto/UpDownSample1.xml (RunModel)" time="0.014" />
  <testcase classname="ptolemy.util.test.junit.AutoTests" name="[63] /home/travis/build/icyphy/ptII/ptolemy/domains/sdf/lib/test/auto/UpSample1.xml (RunModel)" time="0.015" />
  <testcase classname="ptolemy.util.test.junit.AutoTests" name="[64] /home/travis/build/icyphy/ptII/ptolemy/domains/sdf/lib/test/auto/VariableFIR.xml (RunModel)" time="0.018" />
  <testcase classname="ptolemy.util.test.junit.AutoTests" name="[65] /home/travis/build/icyphy/ptII/ptolemy/domains/sdf/lib/test/auto/VariableFIR2.xml (RunModel)" time="0.02" />
  <testcase classname="ptolemy.util.test.junit.AutoTests" name="[66] /home/travis/build/icyphy/ptII/ptolemy/domains/sdf/lib/test/auto/VariableLattice.xml (RunModel)" time="0.023" />
  <testcase classname="ptolemy.util.test.junit.AutoTests" name="[67] /home/travis/build/icyphy/ptII/ptolemy/domains/sdf/lib/test/auto/VariableLattice2.xml (RunModel)" time="0.023" />
  <testcase classname="ptolemy.util.test.junit.AutoTests" name="[68] /home/travis/build/icyphy/ptII/ptolemy/domains/sdf/lib/test/auto/VariableRecursiveLattice.xml (RunModel)" time="0.015" />
  <testcase classname="ptolemy.util.test.junit.AutoTests" name="[69] /home/travis/build/icyphy/ptII/ptolemy/domains/sdf/lib/test/auto/VariableRecursiveLattice2.xml (RunModel)" time="0.011" />
  <system-out><![CDATA[/home/travis/build/icyphy/ptII/ptolemy/domains/sdf/lib/test/ArrayToSequence.tcl
testDefs.tcl: setting time out to 9000 seconds at Sun Apr 12 14:11:31 UTC 2020
69 ms. Memory: 129024K Free: 94152K (73%)
22 ms. Memory: 129024K Free: 92104K (71%)
20 ms. Memory: 129024K Free: 90056K (70%)
18 ms. Memory: 129024K Free: 88518K (69%)
/home/travis/build/icyphy/ptII/ptolemy/domains/sdf/lib/test/BitsToInt.tcl
9 ms. Memory: 129024K Free: 86984K (67%)
7 ms. Memory: 129024K Free: 84936K (66%)
/home/travis/build/icyphy/ptII/ptolemy/domains/sdf/lib/test/DelayLine.tcl
7 ms. Memory: 129024K Free: 83383K (65%)
/home/travis/build/icyphy/ptII/ptolemy/domains/sdf/lib/test/FFT.tcl
5 ms. Memory: 129024K Free: 81350K (63%)
/home/travis/build/icyphy/ptII/ptolemy/domains/sdf/lib/test/FIR.tcl
7 ms. Memory: 129024K Free: 79816K (62%)
67 ms. Memory: 129024K Free: 75720K (59%)
ptolemy.kernel.util.IllegalActionException: multiplyReverse method not supported between ptolemy.data.FixToken 'fix(-0.0625,6,2)' and ptolemy.data.IntToken '1' because the types are incomparable.
  in .top.FIRclone
Because:
multiplyReverse method not supported between ptolemy.data.FixToken 'fix(-0.0625,6,2)' and ptolemy.data.IntToken '1' because the types are incomparable.
19 ms. Memory: 129024K Free: 73158K (57%)
/home/travis/build/icyphy/ptII/ptolemy/domains/sdf/lib/test/IntToBits.tcl
15 ms. Memory: 129024K Free: 71624K (56%)
7 ms. Memory: 129024K Free: 70086K (54%)
/home/travis/build/icyphy/ptII/ptolemy/domains/sdf/lib/test/MaximumEntropySpectrum.tcl
/home/travis/build/icyphy/ptII/ptolemy/domains/sdf/lib/test/Repeat.tcl
13 ms. Memory: 129024K Free: 48567K (38%)
/home/travis/build/icyphy/ptII/ptolemy/domains/sdf/lib/test/SampleDelay.tcl
9 ms. Memory: 129024K Free: 112963K (88%)
7 ms. Memory: 129024K Free: 111925K (87%)
4 ms. Memory: 129024K Free: 111429K (86%)
10 ms. Memory: 129024K Free: 110405K (86%)
2 ms. Memory: 129024K Free: 109891K (85%)
7 ms. Memory: 129024K Free: 109381K (85%)
/home/travis/build/icyphy/ptII/ptolemy/domains/sdf/lib/test/SequenceToArray.tcl
5 ms. Memory: 129024K Free: 107843K (84%)
3 ms. Memory: 129024K Free: 106789K (83%)
5 ms. Memory: 129024K Free: 105285K (82%)
4 ms. Memory: 129024K Free: 104261K (81%)
04/12/20 02:11:32
Failed: 0  Total Tests: 41  ((Passed: 41, Newly Passed: 0)  Known Failed: 0) /home/travis/build/icyphy/ptII/ptolemy/domains/sdf/lib/test
No auto/knownFailedTests/*.xml tests in /home/travis/build/icyphy/ptII/ptolemy/domains/sdf/lib/test
No auto/linux-amd64/*.xml tests in /home/travis/build/icyphy/ptII/ptolemy/domains/sdf/lib/test
AutoTests.java: About to close Vertx.
AutoTests.java: Vertx closed.

===========================================================================================
----------------- testing Sun Apr 12 14:11:32 UTC 2020 /home/travis/build/icyphy/ptII/ptolemy/domains/sdf/lib/test/auto/ArrayToSequence.xml
----------------- Instantiating /home/travis/build/icyphy/ptII/ptolemy/domains/sdf/lib/test/auto/ArrayToSequence.xml
29 ms. Memory: 129024K Free: 92291K (72%)
----------------- Invoking toplevel() on ptolemy.moml.MoMLSimpleApplication@517ebe03
----------------- Done invoking toplevel() on ptolemy.moml.MoMLSimpleApplication@517ebe03
reloadAllAccessors: .ArrayToSequence

===========================================================================================
----------------- testing Sun Apr 12 14:11:33 UTC 2020 /home/travis/build/icyphy/ptII/ptolemy/domains/sdf/lib/test/auto/ArrayToSequenceTest.xml
----------------- Instantiating /home/travis/build/icyphy/ptII/ptolemy/domains/sdf/lib/test/auto/ArrayToSequenceTest.xml
19 ms. Memory: 129024K Free: 86433K (67%)
----------------- Invoking toplevel() on ptolemy.moml.MoMLSimpleApplication@17c8d7a3
----------------- Done invoking toplevel() on ptolemy.moml.MoMLSimpleApplication@17c8d7a3
reloadAllAccessors: .ArrayToSequenceTest

===========================================================================================
----------------- testing Sun Apr 12 14:11:33 UTC 2020 /home/travis/build/icyphy/ptII/ptolemy/domains/sdf/lib/test/auto/Autocorrelation.xml
----------------- Instantiating /home/travis/build/icyphy/ptII/ptolemy/domains/sdf/lib/test/auto/Autocorrelation.xml
4 ms. Memory: 129024K Free: 110512K (86%)
----------------- Invoking toplevel() on ptolemy.moml.MoMLSimpleApplication@1318a4bb
----------------- Done invoking toplevel() on ptolemy.moml.MoMLSimpleApplication@1318a4bb
reloadAllAccessors: .Autocorrelation

===========================================================================================
----------------- testing Sun Apr 12 14:11:33 UTC 2020 /home/travis/build/icyphy/ptII/ptolemy/domains/sdf/lib/test/auto/Autocorrelation2.xml
----------------- Instantiating /home/travis/build/icyphy/ptII/ptolemy/domains/sdf/lib/test/auto/Autocorrelation2.xml
4 ms. Memory: 129024K Free: 106158K (82%)
----------------- Invoking toplevel() on ptolemy.moml.MoMLSimpleApplication@37f20901
----------------- Done invoking toplevel() on ptolemy.moml.MoMLSimpleApplication@37f20901
reloadAllAccessors: .Autocorrelation2

===========================================================================================
----------------- testing Sun Apr 12 14:11:33 UTC 2020 /home/travis/build/icyphy/ptII/ptolemy/domains/sdf/lib/test/auto/Autocorrelation3.xml
----------------- Instantiating /home/travis/build/icyphy/ptII/ptolemy/domains/sdf/lib/test/auto/Autocorrelation3.xml
3 ms. Memory: 129024K Free: 102077K (79%)
----------------- Invoking toplevel() on ptolemy.moml.MoMLSimpleApplication@44517b2
----------------- Done invoking toplevel() on ptolemy.moml.MoMLSimpleApplication@44517b2
reloadAllAccessors: .Autocorrelation3

===========================================================================================
----------------- testing Sun Apr 12 14:11:33 UTC 2020 /home/travis/build/icyphy/ptII/ptolemy/domains/sdf/lib/test/auto/Autocorrelation4.xml
----------------- Instantiating /home/travis/build/icyphy/ptII/ptolemy/domains/sdf/lib/test/auto/Autocorrelation4.xml
6 ms. Memory: 129024K Free: 97967K (76%)
----------------- Invoking toplevel() on ptolemy.moml.MoMLSimpleApplication@1bc01af3
----------------- Done invoking toplevel() on ptolemy.moml.MoMLSimpleApplication@1bc01af3
reloadAllAccessors: .Autocorrelation4

===========================================================================================
----------------- testing Sun Apr 12 14:11:33 UTC 2020 /home/travis/build/icyphy/ptII/ptolemy/domains/sdf/lib/test/auto/Autocorrelation5.xml
----------------- Instantiating /home/travis/build/icyphy/ptII/ptolemy/domains/sdf/lib/test/auto/Autocorrelation5.xml
50 ms. Memory: 129024K Free: 91116K (71%)
----------------- Invoking toplevel() on ptolemy.moml.MoMLSimpleApplication@64f167a1
----------------- Done invoking toplevel() on ptolemy.moml.MoMLSimpleApplication@64f167a1
reloadAllAccessors: .Autocorrelation5

===========================================================================================
----------------- testing Sun Apr 12 14:11:33 UTC 2020 /home/travis/build/icyphy/ptII/ptolemy/domains/sdf/lib/test/auto/BitsToInt.xml
----------------- Instantiating /home/travis/build/icyphy/ptII/ptolemy/domains/sdf/lib/test/auto/BitsToInt.xml
2 ms. Memory: 129024K Free: 87699K (68%)
----------------- Invoking toplevel() on ptolemy.moml.MoMLSimpleApplication@2665e71c
----------------- Done invoking toplevel() on ptolemy.moml.MoMLSimpleApplication@2665e71c
reloadAllAccessors: .BitsToInt

===========================================================================================
----------------- testing Sun Apr 12 14:11:33 UTC 2020 /home/travis/build/icyphy/ptII/ptolemy/domains/sdf/lib/test/auto/BooleanJoin.xml
----------------- Instantiating /home/travis/build/icyphy/ptII/ptolemy/domains/sdf/lib/test/auto/BooleanJoin.xml
7 ms. Memory: 129024K Free: 83603K (65%)
----------------- Invoking toplevel() on ptolemy.moml.MoMLSimpleApplication@15dfc37c
----------------- Done invoking toplevel() on ptolemy.moml.MoMLSimpleApplication@15dfc37c
reloadAllAccessors: .BooleanJoin

===========================================================================================
----------------- testing Sun Apr 12 14:11:33 UTC 2020 /home/travis/build/icyphy/ptII/ptolemy/domains/sdf/lib/test/auto/BootstrapSampleDelay.xml
----------------- Instantiating /home/travis/build/icyphy/ptII/ptolemy/domains/sdf/lib/test/auto/BootstrapSampleDelay.xml
11 ms. Memory: 129024K Free: 79537K (62%)
----------------- Invoking toplevel() on ptolemy.moml.MoMLSimpleApplication@31a1acc0
----------------- Done invoking toplevel() on ptolemy.moml.MoMLSimpleApplication@31a1acc0
reloadAllAccessors: .BootstrapSampleDelay

===========================================================================================
----------------- testing Sun Apr 12 14:11:33 UTC 2020 /home/travis/build/icyphy/ptII/ptolemy/domains/sdf/lib/test/auto/Chop.xml
----------------- Instantiating /home/travis/build/icyphy/ptII/ptolemy/domains/sdf/lib/test/auto/Chop.xml
17 ms. Memory: 129024K Free: 112339K (87%)
----------------- Invoking toplevel() on ptolemy.moml.MoMLSimpleApplication@9ac6d15
----------------- Done invoking toplevel() on ptolemy.moml.MoMLSimpleApplication@9ac6d15
reloadAllAccessors: .Chop

===========================================================================================
----------------- testing Sun Apr 12 14:11:33 UTC 2020 /home/travis/build/icyphy/ptII/ptolemy/domains/sdf/lib/test/auto/Chop2.xml
----------------- Instantiating /home/travis/build/icyphy/ptII/ptolemy/domains/sdf/lib/test/auto/Chop2.xml
8 ms. Memory: 129024K Free: 105341K (82%)
----------------- Invoking toplevel() on ptolemy.moml.MoMLSimpleApplication@24806995
----------------- Done invoking toplevel() on ptolemy.moml.MoMLSimpleApplication@24806995
reloadAllAccessors: .Chop2

===========================================================================================
----------------- testing Sun Apr 12 14:11:33 UTC 2020 /home/travis/build/icyphy/ptII/ptolemy/domains/sdf/lib/test/auto/ComplexJoin.xml
----------------- Instantiating /home/travis/build/icyphy/ptII/ptolemy/domains/sdf/lib/test/auto/ComplexJoin.xml
7 ms. Memory: 129024K Free: 100983K (78%)
----------------- Invoking toplevel() on ptolemy.moml.MoMLSimpleApplication@47a0951f
----------------- Done invoking toplevel() on ptolemy.moml.MoMLSimpleApplication@47a0951f
reloadAllAccessors: .ComplexJoin

===========================================================================================
----------------- testing Sun Apr 12 14:11:33 UTC 2020 /home/travis/build/icyphy/ptII/ptolemy/domains/sdf/lib/test/auto/CountTrues.xml
----------------- Instantiating /home/travis/build/icyphy/ptII/ptolemy/domains/sdf/lib/test/auto/CountTrues.xml
2 ms. Memory: 129024K Free: 97911K (76%)
----------------- Invoking toplevel() on ptolemy.moml.MoMLSimpleApplication@7bfebb6c
----------------- Done invoking toplevel() on ptolemy.moml.MoMLSimpleApplication@7bfebb6c
reloadAllAccessors: .CountTrues

===========================================================================================
----------------- testing Sun Apr 12 14:11:33 UTC 2020 /home/travis/build/icyphy/ptII/ptolemy/domains/sdf/lib/test/auto/DelayLine.xml
----------------- Instantiating /home/travis/build/icyphy/ptII/ptolemy/domains/sdf/lib/test/auto/DelayLine.xml
14 ms. Memory: 129024K Free: 92330K (72%)
----------------- Invoking toplevel() on ptolemy.moml.MoMLSimpleApplication@747c9a49
----------------- Done invoking toplevel() on ptolemy.moml.MoMLSimpleApplication@747c9a49
reloadAllAccessors: .DelayLine

===========================================================================================
----------------- testing Sun Apr 12 14:11:33 UTC 2020 /home/travis/build/icyphy/ptII/ptolemy/domains/sdf/lib/test/auto/DotProduct.xml
----------------- Instantiating /home/travis/build/icyphy/ptII/ptolemy/domains/sdf/lib/test/auto/DotProduct.xml
5 ms. Memory: 129024K Free: 89272K (69%)
----------------- Invoking toplevel() on ptolemy.moml.MoMLSimpleApplication@5799143c
----------------- Done invoking toplevel() on ptolemy.moml.MoMLSimpleApplication@5799143c
reloadAllAccessors: .DotProduct

===========================================================================================
----------------- testing Sun Apr 12 14:11:33 UTC 2020 /home/travis/build/icyphy/ptII/ptolemy/domains/sdf/lib/test/auto/DotProductMatrix.xml
----------------- Instantiating /home/travis/build/icyphy/ptII/ptolemy/domains/sdf/lib/test/auto/DotProductMatrix.xml
6 ms. Memory: 129024K Free: 86639K (67%)
----------------- Invoking toplevel() on ptolemy.moml.MoMLSimpleApplication@3f36eda9
----------------- Done invoking toplevel() on ptolemy.moml.MoMLSimpleApplication@3f36eda9
reloadAllAccessors: .DotProductMatrix

===========================================================================================
----------------- testing Sun Apr 12 14:11:34 UTC 2020 /home/travis/build/icyphy/ptII/ptolemy/domains/sdf/lib/test/auto/DownSample1.xml
----------------- Instantiating /home/travis/build/icyphy/ptII/ptolemy/domains/sdf/lib/test/auto/DownSample1.xml
5 ms. Memory: 129024K Free: 83128K (64%)
----------------- Invoking toplevel() on ptolemy.moml.MoMLSimpleApplication@1730d806
----------------- Done invoking toplevel() on ptolemy.moml.MoMLSimpleApplication@1730d806
reloadAllAccessors: .DownSample1

===========================================================================================
----------------- testing Sun Apr 12 14:11:34 UTC 2020 /home/travis/build/icyphy/ptII/ptolemy/domains/sdf/lib/test/auto/DynamicRateChange.xml
----------------- Instantiating /home/travis/build/icyphy/ptII/ptolemy/domains/sdf/lib/test/auto/DynamicRateChange.xml
14 ms. Memory: 129024K Free: 77677K (60%)
----------------- Invoking toplevel() on ptolemy.moml.MoMLSimpleApplication@54fd3870
----------------- Done invoking toplevel() on ptolemy.moml.MoMLSimpleApplication@54fd3870
reloadAllAccessors: .DynamicRateChange

===========================================================================================
----------------- testing Sun Apr 12 14:11:34 UTC 2020 /home/travis/build/icyphy/ptII/ptolemy/domains/sdf/lib/test/auto/DynamicRates.xml
----------------- Instantiating /home/travis/build/icyphy/ptII/ptolemy/domains/sdf/lib/test/auto/DynamicRates.xml
11 ms. Memory: 129024K Free: 73166K (57%)
----------------- Invoking toplevel() on ptolemy.moml.MoMLSimpleApplication@16722ce8
----------------- Done invoking toplevel() on ptolemy.moml.MoMLSimpleApplication@16722ce8
reloadAllAccessors: .DynamicRates

===========================================================================================
----------------- testing Sun Apr 12 14:11:34 UTC 2020 /home/travis/build/icyphy/ptII/ptolemy/domains/sdf/lib/test/auto/FFT1.xml
----------------- Instantiating /home/travis/build/icyphy/ptII/ptolemy/domains/sdf/lib/test/auto/FFT1.xml
12 ms. Memory: 129024K Free: 68526K (53%)
----------------- Invoking toplevel() on ptolemy.moml.MoMLSimpleApplication@53d7392
----------------- Done invoking toplevel() on ptolemy.moml.MoMLSimpleApplication@53d7392
reloadAllAccessors: .FFT1

===========================================================================================
----------------- testing Sun Apr 12 14:11:34 UTC 2020 /home/travis/build/icyphy/ptII/ptolemy/domains/sdf/lib/test/auto/FIR1.xml
----------------- Instantiating /home/travis/build/icyphy/ptII/ptolemy/domains/sdf/lib/test/auto/FIR1.xml
23 ms. Memory: 129024K Free: 61902K (48%)
----------------- Invoking toplevel() on ptolemy.moml.MoMLSimpleApplication@3b0d3190
----------------- Done invoking toplevel() on ptolemy.moml.MoMLSimpleApplication@3b0d3190
reloadAllAccessors: .FIR1

===========================================================================================
----------------- testing Sun Apr 12 14:11:34 UTC 2020 /home/travis/build/icyphy/ptII/ptolemy/domains/sdf/lib/test/auto/FIR2.xml
----------------- Instantiating /home/travis/build/icyphy/ptII/ptolemy/domains/sdf/lib/test/auto/FIR2.xml
7 ms. Memory: 155648K Free: 139195K (89%)
----------------- Invoking toplevel() on ptolemy.moml.MoMLSimpleApplication@257e1958
----------------- Done invoking toplevel() on ptolemy.moml.MoMLSimpleApplication@257e1958
reloadAllAccessors: .FIR2

===========================================================================================
----------------- testing Sun Apr 12 14:11:34 UTC 2020 /home/travis/build/icyphy/ptII/ptolemy/domains/sdf/lib/test/auto/FIR4.xml
----------------- Instantiating /home/travis/build/icyphy/ptII/ptolemy/domains/sdf/lib/test/auto/FIR4.xml
4 ms. Memory: 155648K Free: 131782K (85%)
----------------- Invoking toplevel() on ptolemy.moml.MoMLSimpleApplication@47b849f1
----------------- Done invoking toplevel() on ptolemy.moml.MoMLSimpleApplication@47b849f1
reloadAllAccessors: .FIR4

===========================================================================================
----------------- testing Sun Apr 12 14:11:34 UTC 2020 /home/travis/build/icyphy/ptII/ptolemy/domains/sdf/lib/test/auto/FixJoin.xml
----------------- Instantiating /home/travis/build/icyphy/ptII/ptolemy/domains/sdf/lib/test/auto/FixJoin.xml
5 ms. Memory: 155648K Free: 126999K (82%)
----------------- Invoking toplevel() on ptolemy.moml.MoMLSimpleApplication@1c5383ba
----------------- Done invoking toplevel() on ptolemy.moml.MoMLSimpleApplication@1c5383ba
reloadAllAccessors: .FixJoin

===========================================================================================
----------------- testing Sun Apr 12 14:11:34 UTC 2020 /home/travis/build/icyphy/ptII/ptolemy/domains/sdf/lib/test/auto/IntJoin1.xml
----------------- Instantiating /home/travis/build/icyphy/ptII/ptolemy/domains/sdf/lib/test/auto/IntJoin1.xml
3 ms. Memory: 155648K Free: 122261K (79%)
----------------- Invoking toplevel() on ptolemy.moml.MoMLSimpleApplication@7fb5017a
----------------- Done invoking toplevel() on ptolemy.moml.MoMLSimpleApplication@7fb5017a
reloadAllAccessors: .IntJoin1

===========================================================================================
----------------- testing Sun Apr 12 14:11:34 UTC 2020 /home/travis/build/icyphy/ptII/ptolemy/domains/sdf/lib/test/auto/IntJoin2.xml
----------------- Instantiating /home/travis/build/icyphy/ptII/ptolemy/domains/sdf/lib/test/auto/IntJoin2.xml
3 ms. Memory: 155648K Free: 117791K (76%)
----------------- Invoking toplevel() on ptolemy.moml.MoMLSimpleApplication@519690f8
----------------- Done invoking toplevel() on ptolemy.moml.MoMLSimpleApplication@519690f8
reloadAllAccessors: .IntJoin2

===========================================================================================
----------------- testing Sun Apr 12 14:11:34 UTC 2020 /home/travis/build/icyphy/ptII/ptolemy/domains/sdf/lib/test/auto/IntJoin3.xml
----------------- Instantiating /home/travis/build/icyphy/ptII/ptolemy/domains/sdf/lib/test/auto/IntJoin3.xml
5 ms. Memory: 155648K Free: 113045K (73%)
----------------- Invoking toplevel() on ptolemy.moml.MoMLSimpleApplication@2778bdf
----------------- Done invoking toplevel() on ptolemy.moml.MoMLSimpleApplication@2778bdf
reloadAllAccessors: .IntJoin3

===========================================================================================
----------------- testing Sun Apr 12 14:11:34 UTC 2020 /home/travis/build/icyphy/ptII/ptolemy/domains/sdf/lib/test/auto/IntJoin4.xml
----------------- Instantiating /home/travis/build/icyphy/ptII/ptolemy/domains/sdf/lib/test/auto/IntJoin4.xml
5 ms. Memory: 155648K Free: 108949K (70%)
----------------- Invoking toplevel() on ptolemy.moml.MoMLSimpleApplication@461b95f2
----------------- Done invoking toplevel() on ptolemy.moml.MoMLSimpleApplication@461b95f2
reloadAllAccessors: .IntJoin4

===========================================================================================
----------------- testing Sun Apr 12 14:11:34 UTC 2020 /home/travis/build/icyphy/ptII/ptolemy/domains/sdf/lib/test/auto/IntJoin5.xml
----------------- Instantiating /home/travis/build/icyphy/ptII/ptolemy/domains/sdf/lib/test/auto/IntJoin5.xml
3 ms. Memory: 155648K Free: 104134K (67%)
----------------- Invoking toplevel() on ptolemy.moml.MoMLSimpleApplication@52ba40e1
----------------- Done invoking toplevel() on ptolemy.moml.MoMLSimpleApplication@52ba40e1
reloadAllAccessors: .IntJoin5

===========================================================================================
----------------- testing Sun Apr 12 14:11:34 UTC 2020 /home/travis/build/icyphy/ptII/ptolemy/domains/sdf/lib/test/auto/IntToBits.xml
----------------- Instantiating /home/travis/build/icyphy/ptII/ptolemy/domains/sdf/lib/test/auto/IntToBits.xml
6 ms. Memory: 155648K Free: 101062K (65%)
----------------- Invoking toplevel() on ptolemy.moml.MoMLSimpleApplication@2f8ba5f7
----------------- Done invoking toplevel() on ptolemy.moml.MoMLSimpleApplication@2f8ba5f7
reloadAllAccessors: .IntToBits

===========================================================================================
----------------- testing Sun Apr 12 14:11:34 UTC 2020 /home/travis/build/icyphy/ptII/ptolemy/domains/sdf/lib/test/auto/LMSAdaptive.xml
----------------- Instantiating /home/travis/build/icyphy/ptII/ptolemy/domains/sdf/lib/test/auto/LMSAdaptive.xml
11 ms. Memory: 155648K Free: 92838K (60%)
----------------- Invoking toplevel() on ptolemy.moml.MoMLSimpleApplication@3cfc798b
----------------- Done invoking toplevel() on ptolemy.moml.MoMLSimpleApplication@3cfc798b
reloadAllAccessors: .LMSAdaptive

===========================================================================================
----------------- testing Sun Apr 12 14:11:34 UTC 2020 /home/travis/build/icyphy/ptII/ptolemy/domains/sdf/lib/test/auto/LMSAdaptiveFIR.xml
----------------- Instantiating /home/travis/build/icyphy/ptII/ptolemy/domains/sdf/lib/test/auto/LMSAdaptiveFIR.xml
263 ms. Memory: 155648K Free: 129413K (83%)
----------------- Invoking toplevel() on ptolemy.moml.MoMLSimpleApplication@21f2ff2f
----------------- Done invoking toplevel() on ptolemy.moml.MoMLSimpleApplication@21f2ff2f
reloadAllAccessors: .LMSAdaptiveFIR

===========================================================================================
----------------- testing Sun Apr 12 14:11:34 UTC 2020 /home/travis/build/icyphy/ptII/ptolemy/domains/sdf/lib/test/auto/LMSAdaptiveFIR2.xml
----------------- Instantiating /home/travis/build/icyphy/ptII/ptolemy/domains/sdf/lib/test/auto/LMSAdaptiveFIR2.xml
348 ms. Memory: 155648K Free: 71045K (46%)
----------------- Invoking toplevel() on ptolemy.moml.MoMLSimpleApplication@209f6f3f
----------------- Done invoking toplevel() on ptolemy.moml.MoMLSimpleApplication@209f6f3f
reloadAllAccessors: .LMSAdaptiveFIR2

===========================================================================================
----------------- testing Sun Apr 12 14:11:35 UTC 2020 /home/travis/build/icyphy/ptII/ptolemy/domains/sdf/lib/test/auto/LongJoin.xml
----------------- Instantiating /home/travis/build/icyphy/ptII/ptolemy/domains/sdf/lib/test/auto/LongJoin.xml
19 ms. Memory: 155648K Free: 66549K (43%)
----------------- Invoking toplevel() on ptolemy.moml.MoMLSimpleApplication@1741a309
----------------- Done invoking toplevel() on ptolemy.moml.MoMLSimpleApplication@1741a309
reloadAllAccessors: .LongJoin

===========================================================================================
----------------- testing Sun Apr 12 14:11:35 UTC 2020 /home/travis/build/icyphy/ptII/ptolemy/domains/sdf/lib/test/auto/Matrix1.xml
----------------- Instantiating /home/travis/build/icyphy/ptII/ptolemy/domains/sdf/lib/test/auto/Matrix1.xml
2 ms. Memory: 155648K Free: 63099K (41%)
----------------- Invoking toplevel() on ptolemy.moml.MoMLSimpleApplication@21db857a
----------------- Done invoking toplevel() on ptolemy.moml.MoMLSimpleApplication@21db857a
reloadAllAccessors: .Matrix1

===========================================================================================
----------------- testing Sun Apr 12 14:11:35 UTC 2020 /home/travis/build/icyphy/ptII/ptolemy/domains/sdf/lib/test/auto/Matrix2.xml
----------------- Instantiating /home/travis/build/icyphy/ptII/ptolemy/domains/sdf/lib/test/auto/Matrix2.xml
4 ms. Memory: 155648K Free: 137303K (88%)
----------------- Invoking toplevel() on ptolemy.moml.MoMLSimpleApplication@252b48fb
----------------- Done invoking toplevel() on ptolemy.moml.MoMLSimpleApplication@252b48fb
reloadAllAccessors: .Matrix2

===========================================================================================
----------------- testing Sun Apr 12 14:11:35 UTC 2020 /home/travis/build/icyphy/ptII/ptolemy/domains/sdf/lib/test/auto/MatrixJoin1.xml
----------------- Instantiating /home/travis/build/icyphy/ptII/ptolemy/domains/sdf/lib/test/auto/MatrixJoin1.xml
3 ms. Memory: 155648K Free: 132779K (85%)
----------------- Invoking toplevel() on ptolemy.moml.MoMLSimpleApplication@798bd019
----------------- Done invoking toplevel() on ptolemy.moml.MoMLSimpleApplication@798bd019
reloadAllAccessors: .MatrixJoin1

===========================================================================================
----------------- testing Sun Apr 12 14:11:35 UTC 2020 /home/travis/build/icyphy/ptII/ptolemy/domains/sdf/lib/test/auto/MatrixJoin2.xml
----------------- Instantiating /home/travis/build/icyphy/ptII/ptolemy/domains/sdf/lib/test/auto/MatrixJoin2.xml
3 ms. Memory: 155648K Free: 128087K (82%)
----------------- Invoking toplevel() on ptolemy.moml.MoMLSimpleApplication@6b0e37fd
----------------- Done invoking toplevel() on ptolemy.moml.MoMLSimpleApplication@6b0e37fd
reloadAllAccessors: .MatrixJoin2

===========================================================================================
----------------- testing Sun Apr 12 14:11:35 UTC 2020 /home/travis/build/icyphy/ptII/ptolemy/domains/sdf/lib/test/auto/MatrixJoin3.xml
----------------- Instantiating /home/travis/build/icyphy/ptII/ptolemy/domains/sdf/lib/test/auto/MatrixJoin3.xml
2 ms. Memory: 155648K Free: 123991K (80%)
----------------- Invoking toplevel() on ptolemy.moml.MoMLSimpleApplication@1138764a
----------------- Done invoking toplevel() on ptolemy.moml.MoMLSimpleApplication@1138764a
reloadAllAccessors: .MatrixJoin3

===========================================================================================
----------------- testing Sun Apr 12 14:11:35 UTC 2020 /home/travis/build/icyphy/ptII/ptolemy/domains/sdf/lib/test/auto/MatrixJoin4.xml
----------------- Instantiating /home/travis/build/icyphy/ptII/ptolemy/domains/sdf/lib/test/auto/MatrixJoin4.xml
2 ms. Memory: 155648K Free: 119895K (77%)
----------------- Invoking toplevel() on ptolemy.moml.MoMLSimpleApplication@6235e80a
----------------- Done invoking toplevel() on ptolemy.moml.MoMLSimpleApplication@6235e80a
reloadAllAccessors: .MatrixJoin4

===========================================================================================
----------------- testing Sun Apr 12 14:11:35 UTC 2020 /home/travis/build/icyphy/ptII/ptolemy/domains/sdf/lib/test/auto/MatrixJoin5.xml
----------------- Instantiating /home/travis/build/icyphy/ptII/ptolemy/domains/sdf/lib/test/auto/MatrixJoin5.xml
2 ms. Memory: 155648K Free: 115378K (74%)
----------------- Invoking toplevel() on ptolemy.moml.MoMLSimpleApplication@2dd94ab0
----------------- Done invoking toplevel() on ptolemy.moml.MoMLSimpleApplication@2dd94ab0
reloadAllAccessors: .MatrixJoin5

===========================================================================================
----------------- testing Sun Apr 12 14:11:35 UTC 2020 /home/travis/build/icyphy/ptII/ptolemy/domains/sdf/lib/test/auto/MatrixSplit1.xml
----------------- Instantiating /home/travis/build/icyphy/ptII/ptolemy/domains/sdf/lib/test/auto/MatrixSplit1.xml
2 ms. Memory: 155648K Free: 110243K (71%)
----------------- Invoking toplevel() on ptolemy.moml.MoMLSimpleApplication@2277c6ba
----------------- Done invoking toplevel() on ptolemy.moml.MoMLSimpleApplication@2277c6ba
reloadAllAccessors: .MatrixSplit1

===========================================================================================
----------------- testing Sun Apr 12 14:11:35 UTC 2020 /home/travis/build/icyphy/ptII/ptolemy/domains/sdf/lib/test/auto/MatrixSplit10.xml
----------------- Instantiating /home/travis/build/icyphy/ptII/ptolemy/domains/sdf/lib/test/auto/MatrixSplit10.xml
2 ms. Memory: 155648K Free: 106583K (68%)
----------------- Invoking toplevel() on ptolemy.moml.MoMLSimpleApplication@6cb61add
----------------- Done invoking toplevel() on ptolemy.moml.MoMLSimpleApplication@6cb61add
reloadAllAccessors: .MatrixSplit10

===========================================================================================
----------------- testing Sun Apr 12 14:11:35 UTC 2020 /home/travis/build/icyphy/ptII/ptolemy/domains/sdf/lib/test/auto/MatrixSplit11.xml
----------------- Instantiating /home/travis/build/icyphy/ptII/ptolemy/domains/sdf/lib/test/auto/MatrixSplit11.xml
1 ms. Memory: 155648K Free: 103083K (66%)
----------------- Invoking toplevel() on ptolemy.moml.MoMLSimpleApplication@6d76c5ce
----------------- Done invoking toplevel() on ptolemy.moml.MoMLSimpleApplication@6d76c5ce
reloadAllAccessors: .MatrixSplit11

===========================================================================================
----------------- testing Sun Apr 12 14:11:35 UTC 2020 /home/travis/build/icyphy/ptII/ptolemy/domains/sdf/lib/test/auto/MatrixSplit12.xml
----------------- Instantiating /home/travis/build/icyphy/ptII/ptolemy/domains/sdf/lib/test/auto/MatrixSplit12.xml
2 ms. Memory: 155648K Free: 99415K (64%)
----------------- Invoking toplevel() on ptolemy.moml.MoMLSimpleApplication@46017768
----------------- Done invoking toplevel() on ptolemy.moml.MoMLSimpleApplication@46017768
reloadAllAccessors: .MatrixSplit12

===========================================================================================
----------------- testing Sun Apr 12 14:11:35 UTC 2020 /home/travis/build/icyphy/ptII/ptolemy/domains/sdf/lib/test/auto/MatrixSplit13.xml
----------------- Instantiating /home/travis/build/icyphy/ptII/ptolemy/domains/sdf/lib/test/auto/MatrixSplit13.xml
2 ms. Memory: 155648K Free: 95922K (62%)
----------------- Invoking toplevel() on ptolemy.moml.MoMLSimpleApplication@1e292550
----------------- Done invoking toplevel() on ptolemy.moml.MoMLSimpleApplication@1e292550
reloadAllAccessors: .MatrixSplit13

===========================================================================================
----------------- testing Sun Apr 12 14:11:35 UTC 2020 /home/travis/build/icyphy/ptII/ptolemy/domains/sdf/lib/test/auto/MatrixSplit14.xml
----------------- Instantiating /home/travis/build/icyphy/ptII/ptolemy/domains/sdf/lib/test/auto/MatrixSplit14.xml
2 ms. Memory: 155648K Free: 92247K (59%)
----------------- Invoking toplevel() on ptolemy.moml.MoMLSimpleApplication@609f1e90
----------------- Done invoking toplevel() on ptolemy.moml.MoMLSimpleApplication@609f1e90
reloadAllAccessors: .MatrixSplit14

===========================================================================================
----------------- testing Sun Apr 12 14:11:35 UTC 2020 /home/travis/build/icyphy/ptII/ptolemy/domains/sdf/lib/test/auto/MatrixSplit2.xml
----------------- Instantiating /home/travis/build/icyphy/ptII/ptolemy/domains/sdf/lib/test/auto/MatrixSplit2.xml
2 ms. Memory: 155648K Free: 88731K (57%)
----------------- Invoking toplevel() on ptolemy.moml.MoMLSimpleApplication@5cb6b575
----------------- Done invoking toplevel() on ptolemy.moml.MoMLSimpleApplication@5cb6b575
reloadAllAccessors: .MatrixSplit2

===========================================================================================
----------------- testing Sun Apr 12 14:11:35 UTC 2020 /home/travis/build/icyphy/ptII/ptolemy/domains/sdf/lib/test/auto/MatrixSplit3.xml
----------------- Instantiating /home/travis/build/icyphy/ptII/ptolemy/domains/sdf/lib/test/auto/MatrixSplit3.xml
2 ms. Memory: 155648K Free: 85079K (55%)
----------------- Invoking toplevel() on ptolemy.moml.MoMLSimpleApplication@1a913238
----------------- Done invoking toplevel() on ptolemy.moml.MoMLSimpleApplication@1a913238
reloadAllAccessors: .MatrixSplit3

===========================================================================================
----------------- testing Sun Apr 12 14:11:35 UTC 2020 /home/travis/build/icyphy/ptII/ptolemy/domains/sdf/lib/test/auto/MatrixSplit4.xml
----------------- Instantiating /home/travis/build/icyphy/ptII/ptolemy/domains/sdf/lib/test/auto/MatrixSplit4.xml
2 ms. Memory: 155648K Free: 81571K (52%)
----------------- Invoking toplevel() on ptolemy.moml.MoMLSimpleApplication@6834806b
----------------- Done invoking toplevel() on ptolemy.moml.MoMLSimpleApplication@6834806b
reloadAllAccessors: .MatrixSplit4

===========================================================================================
----------------- testing Sun Apr 12 14:11:35 UTC 2020 /home/travis/build/icyphy/ptII/ptolemy/domains/sdf/lib/test/auto/MatrixSplit5.xml
----------------- Instantiating /home/travis/build/icyphy/ptII/ptolemy/domains/sdf/lib/test/auto/MatrixSplit5.xml
8 ms. Memory: 155648K Free: 77911K (50%)
----------------- Invoking toplevel() on ptolemy.moml.MoMLSimpleApplication@3b260b5e
----------------- Done invoking toplevel() on ptolemy.moml.MoMLSimpleApplication@3b260b5e
reloadAllAccessors: .MatrixSplit5

===========================================================================================
----------------- testing Sun Apr 12 14:11:35 UTC 2020 /home/travis/build/icyphy/ptII/ptolemy/domains/sdf/lib/test/auto/MatrixSplit6.xml
----------------- Instantiating /home/travis/build/icyphy/ptII/ptolemy/domains/sdf/lib/test/auto/MatrixSplit6.xml
2 ms. Memory: 155648K Free: 74432K (48%)
----------------- Invoking toplevel() on ptolemy.moml.MoMLSimpleApplication@64790980
----------------- Done invoking toplevel() on ptolemy.moml.MoMLSimpleApplication@64790980
reloadAllAccessors: .MatrixSplit6

===========================================================================================
----------------- testing Sun Apr 12 14:11:35 UTC 2020 /home/travis/build/icyphy/ptII/ptolemy/domains/sdf/lib/test/auto/MatrixSplit7.xml
----------------- Instantiating /home/travis/build/icyphy/ptII/ptolemy/domains/sdf/lib/test/auto/MatrixSplit7.xml
1 ms. Memory: 155648K Free: 70743K (45%)
----------------- Invoking toplevel() on ptolemy.moml.MoMLSimpleApplication@232c2890
----------------- Done invoking toplevel() on ptolemy.moml.MoMLSimpleApplication@232c2890
reloadAllAccessors: .MatrixSplit7

===========================================================================================
----------------- testing Sun Apr 12 14:11:35 UTC 2020 /home/travis/build/icyphy/ptII/ptolemy/domains/sdf/lib/test/auto/MatrixSplit8.xml
----------------- Instantiating /home/travis/build/icyphy/ptII/ptolemy/domains/sdf/lib/test/auto/MatrixSplit8.xml
2 ms. Memory: 155648K Free: 67243K (43%)
----------------- Invoking toplevel() on ptolemy.moml.MoMLSimpleApplication@32a54393
----------------- Done invoking toplevel() on ptolemy.moml.MoMLSimpleApplication@32a54393
reloadAllAccessors: .MatrixSplit8

===========================================================================================
----------------- testing Sun Apr 12 14:11:35 UTC 2020 /home/travis/build/icyphy/ptII/ptolemy/domains/sdf/lib/test/auto/MatrixSplit9.xml
----------------- Instantiating /home/travis/build/icyphy/ptII/ptolemy/domains/sdf/lib/test/auto/MatrixSplit9.xml
4 ms. Memory: 155648K Free: 63575K (41%)
----------------- Invoking toplevel() on ptolemy.moml.MoMLSimpleApplication@63ee01f6
----------------- Done invoking toplevel() on ptolemy.moml.MoMLSimpleApplication@63ee01f6
reloadAllAccessors: .MatrixSplit9

===========================================================================================
----------------- testing Sun Apr 12 14:11:35 UTC 2020 /home/travis/build/icyphy/ptII/ptolemy/domains/sdf/lib/test/auto/MatrixToSequence.xml
----------------- Instantiating /home/travis/build/icyphy/ptII/ptolemy/domains/sdf/lib/test/auto/MatrixToSequence.xml
12 ms. Memory: 155648K Free: 135651K (87%)
----------------- Invoking toplevel() on ptolemy.moml.MoMLSimpleApplication@789815f
----------------- Done invoking toplevel() on ptolemy.moml.MoMLSimpleApplication@789815f
reloadAllAccessors: .MatrixToSequence

===========================================================================================
----------------- testing Sun Apr 12 14:11:35 UTC 2020 /home/travis/build/icyphy/ptII/ptolemy/domains/sdf/lib/test/auto/MaximumEntropySpectrum.xml
----------------- Instantiating /home/travis/build/icyphy/ptII/ptolemy/domains/sdf/lib/test/auto/MaximumEntropySpectrum.xml
17 ms. Memory: 155648K Free: 114176K (73%)
----------------- Invoking toplevel() on ptolemy.moml.MoMLSimpleApplication@11c3718
----------------- Done invoking toplevel() on ptolemy.moml.MoMLSimpleApplication@11c3718
reloadAllAccessors: .MaximumEntropySpectrum

===========================================================================================
----------------- testing Sun Apr 12 14:11:35 UTC 2020 /home/travis/build/icyphy/ptII/ptolemy/domains/sdf/lib/test/auto/SampleDelayConversion.xml
----------------- Instantiating /home/travis/build/icyphy/ptII/ptolemy/domains/sdf/lib/test/auto/SampleDelayConversion.xml
2 ms. Memory: 155648K Free: 110648K (71%)
----------------- Invoking toplevel() on ptolemy.moml.MoMLSimpleApplication@2df96385
----------------- Done invoking toplevel() on ptolemy.moml.MoMLSimpleApplication@2df96385
reloadAllAccessors: .SampleDelayConversion

===========================================================================================
----------------- testing Sun Apr 12 14:11:36 UTC 2020 /home/travis/build/icyphy/ptII/ptolemy/domains/sdf/lib/test/auto/SequenceToArray.xml
----------------- Instantiating /home/travis/build/icyphy/ptII/ptolemy/domains/sdf/lib/test/auto/SequenceToArray.xml
8 ms. Memory: 155648K Free: 99362K (64%)
----------------- Invoking toplevel() on ptolemy.moml.MoMLSimpleApplication@5593f62d
----------------- Done invoking toplevel() on ptolemy.moml.MoMLSimpleApplication@5593f62d
reloadAllAccessors: .SequenceToArray

===========================================================================================
----------------- testing Sun Apr 12 14:11:36 UTC 2020 /home/travis/build/icyphy/ptII/ptolemy/domains/sdf/lib/test/auto/SequenceToMatrix.xml
----------------- Instantiating /home/travis/build/icyphy/ptII/ptolemy/domains/sdf/lib/test/auto/SequenceToMatrix.xml
3183 ms. Memory: 155648K Free: 126015K (81%)
----------------- Invoking toplevel() on ptolemy.moml.MoMLSimpleApplication@43b95833
----------------- Done invoking toplevel() on ptolemy.moml.MoMLSimpleApplication@43b95833
reloadAllAccessors: .SequenceToMatrix

===========================================================================================
----------------- testing Sun Apr 12 14:11:39 UTC 2020 /home/travis/build/icyphy/ptII/ptolemy/domains/sdf/lib/test/auto/SmoothedPeriodogram.xml
----------------- Instantiating /home/travis/build/icyphy/ptII/ptolemy/domains/sdf/lib/test/auto/SmoothedPeriodogram.xml
12 ms. Memory: 155648K Free: 110655K (71%)
----------------- Invoking toplevel() on ptolemy.moml.MoMLSimpleApplication@84624c8
----------------- Done invoking toplevel() on ptolemy.moml.MoMLSimpleApplication@84624c8
reloadAllAccessors: .SmoothedPeriodogram

===========================================================================================
----------------- testing Sun Apr 12 14:11:39 UTC 2020 /home/travis/build/icyphy/ptII/ptolemy/domains/sdf/lib/test/auto/UpDownSample1.xml
----------------- Instantiating /home/travis/build/icyphy/ptII/ptolemy/domains/sdf/lib/test/auto/UpDownSample1.xml
2 ms. Memory: 155648K Free: 106559K (68%)
----------------- Invoking toplevel() on ptolemy.moml.MoMLSimpleApplication@4eab887b
----------------- Done invoking toplevel() on ptolemy.moml.MoMLSimpleApplication@4eab887b
reloadAllAccessors: .UpDownSample1

===========================================================================================
----------------- testing Sun Apr 12 14:11:39 UTC 2020 /home/travis/build/icyphy/ptII/ptolemy/domains/sdf/lib/test/auto/UpSample1.xml
----------------- Instantiating /home/travis/build/icyphy/ptII/ptolemy/domains/sdf/lib/test/auto/UpSample1.xml
2 ms. Memory: 155648K Free: 102973K (66%)
----------------- Invoking toplevel() on ptolemy.moml.MoMLSimpleApplication@17e8a60e
----------------- Done invoking toplevel() on ptolemy.moml.MoMLSimpleApplication@17e8a60e
reloadAllAccessors: .UpSample1

===========================================================================================
----------------- testing Sun Apr 12 14:11:39 UTC 2020 /home/travis/build/icyphy/ptII/ptolemy/domains/sdf/lib/test/auto/VariableFIR.xml
----------------- Instantiating /home/travis/build/icyphy/ptII/ptolemy/domains/sdf/lib/test/auto/VariableFIR.xml
3 ms. Memory: 155648K Free: 97853K (63%)
----------------- Invoking toplevel() on ptolemy.moml.MoMLSimpleApplication@131aeaac
----------------- Done invoking toplevel() on ptolemy.moml.MoMLSimpleApplication@131aeaac
reloadAllAccessors: .VariableFIR

===========================================================================================
----------------- testing Sun Apr 12 14:11:39 UTC 2020 /home/travis/build/icyphy/ptII/ptolemy/domains/sdf/lib/test/auto/VariableFIR2.xml
----------------- Instantiating /home/travis/build/icyphy/ptII/ptolemy/domains/sdf/lib/test/auto/VariableFIR2.xml
5 ms. Memory: 155648K Free: 92727K (60%)
----------------- Invoking toplevel() on ptolemy.moml.MoMLSimpleApplication@5b1078d9
----------------- Done invoking toplevel() on ptolemy.moml.MoMLSimpleApplication@5b1078d9
reloadAllAccessors: .VariableFIR2

===========================================================================================
----------------- testing Sun Apr 12 14:11:39 UTC 2020 /home/travis/build/icyphy/ptII/ptolemy/domains/sdf/lib/test/auto/VariableLattice.xml
----------------- Instantiating /home/travis/build/icyphy/ptII/ptolemy/domains/sdf/lib/test/auto/VariableLattice.xml
4 ms. Memory: 155648K Free: 86589K (56%)
----------------- Invoking toplevel() on ptolemy.moml.MoMLSimpleApplication@9b71412
----------------- Done invoking toplevel() on ptolemy.moml.MoMLSimpleApplication@9b71412
reloadAllAccessors: .VariableLattice

===========================================================================================
----------------- testing Sun Apr 12 14:11:39 UTC 2020 /home/travis/build/icyphy/ptII/ptolemy/domains/sdf/lib/test/auto/VariableLattice2.xml
----------------- Instantiating /home/travis/build/icyphy/ptII/ptolemy/domains/sdf/lib/test/auto/VariableLattice2.xml
1.0
-1.999999602036
1.9099998677481
-0.9099996420674
0.205
0.0
0.0
1.0
-0.25
-0.5
0.0
0.0
0.0
0.0
5 ms. Memory: 155648K Free: 81983K (53%)
----------------- Invoking toplevel() on ptolemy.moml.MoMLSimpleApplication@1087feb6
----------------- Done invoking toplevel() on ptolemy.moml.MoMLSimpleApplication@1087feb6
reloadAllAccessors: .VariableLattice2

===========================================================================================
----------------- testing Sun Apr 12 14:11:39 UTC 2020 /home/travis/build/icyphy/ptII/ptolemy/domains/sdf/lib/test/auto/VariableRecursiveLattice.xml
----------------- Instantiating /home/travis/build/icyphy/ptII/ptolemy/domains/sdf/lib/test/auto/VariableRecursiveLattice.xml
4 ms. Memory: 155648K Free: 77373K (50%)
----------------- Invoking toplevel() on ptolemy.moml.MoMLSimpleApplication@3622113c
----------------- Done invoking toplevel() on ptolemy.moml.MoMLSimpleApplication@3622113c
reloadAllAccessors: .VariableRecursiveLattice

===========================================================================================
----------------- testing Sun Apr 12 14:11:39 UTC 2020 /home/travis/build/icyphy/ptII/ptolemy/domains/sdf/lib/test/auto/VariableRecursiveLattice2.xml
----------------- Instantiating /home/travis/build/icyphy/ptII/ptolemy/domains/sdf/lib/test/auto/VariableRecursiveLattice2.xml
2 ms. Memory: 155648K Free: 73789K (47%)
----------------- Invoking toplevel() on ptolemy.moml.MoMLSimpleApplication@558d5fcc
----------------- Done invoking toplevel() on ptolemy.moml.MoMLSimpleApplication@558d5fcc
reloadAllAccessors: .VariableRecursiveLattice2
AutoTests.java: About to close Vertx.
AutoTests.java: Vertx closed.
]]></system-out>
  <system-err><![CDATA[]]></system-err>
</testsuite>
