<?xml version="1.0" encoding="UTF-8" ?>
<testsuite errors="0" failures="0" hostname="travis-job-b8efbf61-5080-417f-aaf3-a1eb41c911d8" name="ptolemy.vergil.basic.export.test.junit.ExportModelJUnitTestBatch2" skipped="0" tests="60" time="1902.104" timestamp="2020-10-14T16:14:25">
  <properties>
[...]
</properties>
  <testcase classname="ptolemy.vergil.basic.export.test.junit.ExportModelJUnitTestBatch2" name="[0] ptolemy/actor/lib/io/demo/FilePortParameter/FilePortParameter.xml (RunExportModel)" time="6.27" />
  <testcase classname="ptolemy.vergil.basic.export.test.junit.ExportModelJUnitTestBatch2" name="[1] ptolemy/actor/lib/io/demo/ReadExpressionsCommandLine/ReadExpressionsCommandLine.xml (RunExportModel)" time="3.445" />
  <testcase classname="ptolemy.vergil.basic.export.test.junit.ExportModelJUnitTestBatch2" name="[2] ptolemy/actor/lib/io/demo/ReadStdIn/ReadStdIn.xml (RunExportModel)" time="3.359" />
  <testcase classname="ptolemy.vergil.basic.export.test.junit.ExportModelJUnitTestBatch2" name="[3] ptolemy/actor/lib/javasound/demo/KarplusStrong/KarplusStrong.xml (RunExportModel)" time="3.378" />
  <testcase classname="ptolemy.vergil.basic.export.test.junit.ExportModelJUnitTestBatch2" name="[4] ptolemy/actor/lib/jjs/demo/Factorial/Factorial.xml (RunExportModel)" time="20.752" />
  <testcase classname="ptolemy.vergil.basic.export.test.junit.ExportModelJUnitTestBatch2" name="[5] ptolemy/actor/lib/jjs/demo/JavaScriptShell/JavaScriptShell.xml (RunExportModel)" time="11.252" />
  <testcase classname="ptolemy.vergil.basic.export.test.junit.ExportModelJUnitTestBatch2" name="[6] ptolemy/actor/lib/jjs/demo/ModelBuilder/ModelBuilder.xml (RunExportModel)" time="22.516" />
  <testcase classname="ptolemy.vergil.basic.export.test.junit.ExportModelJUnitTestBatch2" name="[7] ptolemy/actor/lib/jjs/modules/aprilTags/demo/AprilTags/AprilTags.xml (RunExportModel)" time="48.251" />
  <testcase classname="ptolemy.vergil.basic.export.test.junit.ExportModelJUnitTestBatch2" name="[8] ptolemy/actor/lib/jjs/modules/aprilTags/demo/Kubi/Kubi.xml (RunExportModel)" time="54.975" />
  <testcase classname="ptolemy.vergil.basic.export.test.junit.ExportModelJUnitTestBatch2" name="[9] ptolemy/actor/lib/jjs/modules/audio/demo/Audio/Audio.xml (RunExportModel)" time="8.231" />
  <testcase classname="ptolemy.vergil.basic.export.test.junit.ExportModelJUnitTestBatch2" name="[10] ptolemy/actor/lib/jjs/modules/audio/demo/Audio/AudioCapture.xml (RunExportModel)" time="11.381" />
  <testcase classname="ptolemy.vergil.basic.export.test.junit.ExportModelJUnitTestBatch2" name="[11] ptolemy/actor/lib/jjs/modules/audio/demo/Audio/AudioClipPlayer.xml (RunExportModel)" time="10.276" />
  <testcase classname="ptolemy.vergil.basic.export.test.junit.ExportModelJUnitTestBatch2" name="[12] ptolemy/actor/lib/jjs/modules/audio/demo/Audio/AudioRecorder.xml (RunExportModel)" time="13.476" />
  <testcase classname="ptolemy.vergil.basic.export.test.junit.ExportModelJUnitTestBatch2" name="[13] ptolemy/actor/lib/jjs/modules/audio/demo/Audio/AudioSynthesis.xml (RunExportModel)" time="12.221" />
  <testcase classname="ptolemy.vergil.basic.export.test.junit.ExportModelJUnitTestBatch2" name="[14] ptolemy/actor/lib/jjs/modules/audio/demo/Audio/SpeechSynthesis.xml (RunExportModel)" time="47.934" />
  <testcase classname="ptolemy.vergil.basic.export.test.junit.ExportModelJUnitTestBatch2" name="[15] ptolemy/actor/lib/jjs/modules/cameras/demo/Camera/Camera.xml (RunExportModel)" time="43.356" />
  <testcase classname="ptolemy.vergil.basic.export.test.junit.ExportModelJUnitTestBatch2" name="[16] ptolemy/actor/lib/jjs/modules/cameras/demo/Camera/CaptureOpenLoop.xml (RunExportModel)" time="37.904" />
  <testcase classname="ptolemy.vergil.basic.export.test.junit.ExportModelJUnitTestBatch2" name="[17] ptolemy/actor/lib/jjs/modules/cameras/demo/CameraWebSocket/CameraWebSocket.xml (RunExportModel)" time="45.496" />
  <testcase classname="ptolemy.vergil.basic.export.test.junit.ExportModelJUnitTestBatch2" name="[18] ptolemy/actor/lib/jjs/modules/cameras/demo/Foscam/Foscam.xml (RunExportModel)" time="41.06" />
  <testcase classname="ptolemy.vergil.basic.export.test.junit.ExportModelJUnitTestBatch2" name="[19] ptolemy/actor/lib/jjs/modules/computerVision/demo/ComputerVision/ComputerVision.xml (RunExportModel)" time="67.318" />
  <testcase classname="ptolemy.vergil.basic.export.test.junit.ExportModelJUnitTestBatch2" name="[20] ptolemy/actor/lib/jjs/modules/contextAware/demo/ContextAware/ContextAware.xml (RunExportModel)" time="11.028" />
  <testcase classname="ptolemy.vergil.basic.export.test.junit.ExportModelJUnitTestBatch2" name="[21] ptolemy/actor/lib/jjs/modules/crypto/demo/AsymmetricEncrypt/AsymmetricEncrypt.xml (RunExportModel)" time="58.306" />
  <testcase classname="ptolemy.vergil.basic.export.test.junit.ExportModelJUnitTestBatch2" name="[22] ptolemy/actor/lib/jjs/modules/crypto/demo/MessageDigest/MessageDigest.xml (RunExportModel)" time="35.65" />
  <testcase classname="ptolemy.vergil.basic.export.test.junit.ExportModelJUnitTestBatch2" name="[23] ptolemy/actor/lib/jjs/modules/crypto/demo/RandomBytes/RandomBytes.xml (RunExportModel)" time="16.872" />
  <testcase classname="ptolemy.vergil.basic.export.test.junit.ExportModelJUnitTestBatch2" name="[24] ptolemy/actor/lib/jjs/modules/crypto/demo/SymmetricEncrypt/SymmetricEncrypt.xml (RunExportModel)" time="26.852" />
  <testcase classname="ptolemy.vergil.basic.export.test.junit.ExportModelJUnitTestBatch2" name="[25] ptolemy/actor/lib/jjs/modules/discovery/demo/Discovery/Discovery.xml (RunExportModel)" time="8.231" />
  <testcase classname="ptolemy.vergil.basic.export.test.junit.ExportModelJUnitTestBatch2" name="[26] ptolemy/actor/lib/jjs/modules/discovery/demo/Discovery/DiscoveryJS.xml (RunExportModel)" time="30.464" />
  <testcase classname="ptolemy.vergil.basic.export.test.junit.ExportModelJUnitTestBatch2" name="[27] ptolemy/actor/lib/jjs/modules/discovery/demo/Discovery/PopulateSwarmboxMap.xml (RunExportModel)" time="54.715" />
  <testcase classname="ptolemy.vergil.basic.export.test.junit.ExportModelJUnitTestBatch2" name="[28] ptolemy/actor/lib/jjs/modules/discovery/demo/Discovery/PostSwarmboxDevices.xml (RunExportModel)" time="44.778" />
  <testcase classname="ptolemy.vergil.basic.export.test.junit.ExportModelJUnitTestBatch2" name="[29] ptolemy/actor/lib/jjs/modules/discovery/demo/Heartbeat/Heartbeat.xml (RunExportModel)" time="35.354" />
  <testcase classname="ptolemy.vergil.basic.export.test.junit.ExportModelJUnitTestBatch2" name="[30] ptolemy/actor/lib/jjs/modules/dsp/demo/AudioFFT/AudioFFT.xml (RunExportModel)" time="15.685" />
  <testcase classname="ptolemy.vergil.basic.export.test.junit.ExportModelJUnitTestBatch2" name="[31] ptolemy/actor/lib/jjs/modules/dsp/demo/AudioFFT/SinusoidFFT.xml (RunExportModel)" time="18.918" />
  <testcase classname="ptolemy.vergil.basic.export.test.junit.ExportModelJUnitTestBatch2" name="[32] ptolemy/actor/lib/jjs/modules/eventbus/demo/VertxBus/VertxBus.xml (RunExportModel)" time="28.913" />
  <testcase classname="ptolemy.vergil.basic.export.test.junit.ExportModelJUnitTestBatch2" name="[33] ptolemy/actor/lib/jjs/modules/eventbus/demo/VertxChat/VertxChat.xml (RunExportModel)" time="13.646" />
  <testcase classname="ptolemy.vergil.basic.export.test.junit.ExportModelJUnitTestBatch2" name="[34] ptolemy/actor/lib/jjs/modules/faceDetector/demo/FaceDetector/FaceDetector.xml (RunExportModel)" time="14.762" />
  <testcase classname="ptolemy.vergil.basic.export.test.junit.ExportModelJUnitTestBatch2" name="[35] ptolemy/actor/lib/jjs/modules/faceDetector/demo/FaceDetectorCamera/FaceDetectorCamera.xml (RunExportModel)" time="43.128" />
  <testcase classname="ptolemy.vergil.basic.export.test.junit.ExportModelJUnitTestBatch2" name="[36] ptolemy/actor/lib/jjs/modules/faceDetector/demo/OccupancyCount/OccupancyCount.xml (RunExportModel)" time="42.678" />
  <testcase classname="ptolemy.vergil.basic.export.test.junit.ExportModelJUnitTestBatch2" name="[37] ptolemy/actor/lib/jjs/modules/httpClient/demo/REST/REST.xml (RunExportModel)" time="8.128" />
  <testcase classname="ptolemy.vergil.basic.export.test.junit.ExportModelJUnitTestBatch2" name="[38] ptolemy/actor/lib/jjs/modules/httpClient/demo/REST/RESTSimple.xml (RunExportModel)" time="15.354" />
  <testcase classname="ptolemy.vergil.basic.export.test.junit.ExportModelJUnitTestBatch2" name="[39] ptolemy/actor/lib/jjs/modules/httpClient/demo/REST/Weather.xml (RunExportModel)" time="12.396" />
  <testcase classname="ptolemy.vergil.basic.export.test.junit.ExportModelJUnitTestBatch2" name="[40] ptolemy/actor/lib/jjs/modules/httpServer/demo/HttpServer/HttpServer.xml (RunExportModel)" time="40.744" />
  <testcase classname="ptolemy.vergil.basic.export.test.junit.ExportModelJUnitTestBatch2" name="[41] ptolemy/actor/lib/jjs/modules/httpServer/demo/KeyValueStoreClient/KeyValueStoreClient.xml (RunExportModel)" time="44.139" />
  <testcase classname="ptolemy.vergil.basic.export.test.junit.ExportModelJUnitTestBatch2" name="[42] ptolemy/actor/lib/jjs/modules/httpServer/demo/KeyValueStoreClient/KeyValueStoreServer.xml (RunExportModel)" time="50.817" />
  <testcase classname="ptolemy.vergil.basic.export.test.junit.ExportModelJUnitTestBatch2" name="[43] ptolemy/actor/lib/jjs/modules/httpServer/demo/KeyValueStoreClient/KeyValueStoreServerTerra.xml (RunExportModel)" time="54.891" />
  <testcase classname="ptolemy.vergil.basic.export.test.junit.ExportModelJUnitTestBatch2" name="[44] ptolemy/actor/lib/jjs/modules/httpServer/demo/WebServer/WebServer.xml (RunExportModel)" time="46.486" />
  <testcase classname="ptolemy.vergil.basic.export.test.junit.ExportModelJUnitTestBatch2" name="[45] ptolemy/actor/lib/jjs/modules/imageFilters/demo/ImageAnnotate/ImageAnnotate.xml (RunExportModel)" time="45.359" />
  <testcase classname="ptolemy.vergil.basic.export.test.junit.ExportModelJUnitTestBatch2" name="[46] ptolemy/actor/lib/jjs/modules/imageFilters/demo/ImageFilters/Annotate.xml (RunExportModel)" time="40.279" />
  <testcase classname="ptolemy.vergil.basic.export.test.junit.ExportModelJUnitTestBatch2" name="[47] ptolemy/actor/lib/jjs/modules/imageFilters/demo/ImageFilters/Average.xml (RunExportModel)" time="41.111" />
  <testcase classname="ptolemy.vergil.basic.export.test.junit.ExportModelJUnitTestBatch2" name="[48] ptolemy/actor/lib/jjs/modules/imageFilters/demo/ImageFilters/BicubicScale.xml (RunExportModel)" time="39.392" />
  <testcase classname="ptolemy.vergil.basic.export.test.junit.ExportModelJUnitTestBatch2" name="[49] ptolemy/actor/lib/jjs/modules/imageFilters/demo/ImageFilters/Block.xml (RunExportModel)" time="39.854" />
  <testcase classname="ptolemy.vergil.basic.export.test.junit.ExportModelJUnitTestBatch2" name="[50] ptolemy/actor/lib/jjs/modules/imageFilters/demo/ImageFilters/Border.xml (RunExportModel)" time="39.829" />
  <testcase classname="ptolemy.vergil.basic.export.test.junit.ExportModelJUnitTestBatch2" name="[51] ptolemy/actor/lib/jjs/modules/imageFilters/demo/ImageFilters/BoxBlur.xml (RunExportModel)" time="41.234" />
  <testcase classname="ptolemy.vergil.basic.export.test.junit.ExportModelJUnitTestBatch2" name="[52] ptolemy/actor/lib/jjs/modules/imageFilters/demo/ImageFilters/Bump.xml (RunExportModel)" time="40.16" />
  <testcase classname="ptolemy.vergil.basic.export.test.junit.ExportModelJUnitTestBatch2" name="[53] ptolemy/actor/lib/jjs/modules/imageFilters/demo/ImageFilters/ChannelMix.xml (RunExportModel)" time="39.647" />
  <testcase classname="ptolemy.vergil.basic.export.test.junit.ExportModelJUnitTestBatch2" name="[54] ptolemy/actor/lib/jjs/modules/imageFilters/demo/ImageFilters/Chrome.xml (RunExportModel)" time="42.931" />
  <testcase classname="ptolemy.vergil.basic.export.test.junit.ExportModelJUnitTestBatch2" name="[55] ptolemy/actor/lib/jjs/modules/imageFilters/demo/ImageFilters/Circle.xml (RunExportModel)" time="40.263" />
  <testcase classname="ptolemy.vergil.basic.export.test.junit.ExportModelJUnitTestBatch2" name="[56] ptolemy/actor/lib/jjs/modules/imageFilters/demo/ImageFilters/ColorHalftone.xml (RunExportModel)" time="42.744" />
  <testcase classname="ptolemy.vergil.basic.export.test.junit.ExportModelJUnitTestBatch2" name="[57] ptolemy/actor/lib/jjs/modules/imageFilters/demo/ImageFilters/Contour.xml (RunExportModel)" time="41.215" />
  <testcase classname="ptolemy.vergil.basic.export.test.junit.ExportModelJUnitTestBatch2" name="[58] ptolemy/actor/lib/jjs/modules/imageFilters/demo/ImageFilters/Contrast.xml (RunExportModel)" time="40.834" />
  <testcase classname="ptolemy.vergil.basic.export.test.junit.ExportModelJUnitTestBatch2" name="[59] ptolemy/actor/lib/jjs/modules/imageFilters/demo/ImageFilters/Crop.xml (RunExportModel)" time="41.218" />
  <system-out><![CDATA[ExportModeJUnitTestBatch: There are 744 demos. Exporting demos: 141 to 200.
####### 1 Wed Oct 14 16:14:25 UTC 2020 $PTII/bin/ptinvoke ptolemy.vergil.basic.export.ExportModel -force htm  -openComposites -timeOut 30000 -whiteBackground ptolemy/actor/lib/io/demo/FilePortParameter/FilePortParameter.xml $PTII/ptolemy/actor/lib/io/demo/FilePortParameter/FilePortParameter
Warning: not running ptolemy/actor/lib/io/demo/FilePortParameter/FilePortParameter.xml. See ptolemy/vergil/basic/export/test/junit/ExportModelJUnitTest.java
Exported /home/travis/build/icyphy/ptII/ptolemy/actor/lib/io/demo/FilePortParameter/FilePortParameter/index.html
6191 ms. Memory: 158720K Free: 114546K (72%)
####### 2 Wed Oct 14 16:14:31 UTC 2020 $PTII/bin/ptinvoke ptolemy.vergil.basic.export.ExportModel -force htm  -openComposites -timeOut 30000 -whiteBackground ptolemy/actor/lib/io/demo/ReadExpressionsCommandLine/ReadExpressionsCommandLine.xml $PTII/ptolemy/actor/lib/io/demo/ReadExpressionsCommandLine/ReadExpressionsCommandLine
Warning: not running ptolemy/actor/lib/io/demo/ReadExpressionsCommandLine/ReadExpressionsCommandLine.xml. See ptolemy/vergil/basic/export/test/junit/ExportModelJUnitTest.java
Exported /home/travis/build/icyphy/ptII/ptolemy/actor/lib/io/demo/ReadExpressionsCommandLine/ReadExpressionsCommandLine/index.html
3442 ms. Memory: 158720K Free: 55648K (35%)
####### 3 Wed Oct 14 16:14:34 UTC 2020 $PTII/bin/ptinvoke ptolemy.vergil.basic.export.ExportModel -force htm  -openComposites -timeOut 30000 -whiteBackground ptolemy/actor/lib/io/demo/ReadStdIn/ReadStdIn.xml $PTII/ptolemy/actor/lib/io/demo/ReadStdIn/ReadStdIn
Warning: not running ptolemy/actor/lib/io/demo/ReadStdIn/ReadStdIn.xml. See ptolemy/vergil/basic/export/test/junit/ExportModelJUnitTest.java
Exported /home/travis/build/icyphy/ptII/ptolemy/actor/lib/io/demo/ReadStdIn/ReadStdIn/index.html
3358 ms. Memory: 190464K Free: 137905K (72%)
####### 4 Wed Oct 14 16:14:38 UTC 2020 $PTII/bin/ptinvoke ptolemy.vergil.basic.export.ExportModel -force htm  -openComposites -timeOut 30000 -whiteBackground ptolemy/actor/lib/javasound/demo/KarplusStrong/KarplusStrong.xml $PTII/ptolemy/actor/lib/javasound/demo/KarplusStrong/KarplusStrong
Warning: not running ptolemy/actor/lib/javasound/demo/KarplusStrong/KarplusStrong.xml. See ptolemy/vergil/basic/export/test/junit/ExportModelJUnitTest.java
Exported /home/travis/build/icyphy/ptII/ptolemy/actor/lib/javasound/demo/KarplusStrong/KarplusStrong/index.html
3377 ms. Memory: 190464K Free: 111269K (58%)
####### 5 Wed Oct 14 16:14:41 UTC 2020 $PTII/bin/ptinvoke ptolemy.vergil.basic.export.ExportModel -force htm -run -openComposites -timeOut 30000 -whiteBackground ptolemy/actor/lib/jjs/demo/Factorial/Factorial.xml $PTII/ptolemy/actor/lib/jjs/demo/Factorial/Factorial
----------------- Wed Oct 14 16:14:41 UTC 2020 About to sleep for 5.0 seconds before running or rerunning.  Test is: /home/travis/build/icyphy/ptII/ptolemy/actor/lib/jjs/demo/Factorial/Factorial.xml
Done sleeping
Running .Factorial
5092 ms. Memory: 275456K Free: 98302K (36%)
Exported /home/travis/build/icyphy/ptII/ptolemy/actor/lib/jjs/demo/Factorial/Factorial/index.html
15737 ms. Memory: 275456K Free: 193000K (70%)
####### 6 Wed Oct 14 16:15:02 UTC 2020 $PTII/bin/ptinvoke ptolemy.vergil.basic.export.ExportModel -force htm -run -openComposites -timeOut 30000 -whiteBackground ptolemy/actor/lib/jjs/demo/JavaScriptShell/JavaScriptShell.xml $PTII/ptolemy/actor/lib/jjs/demo/JavaScriptShell/JavaScriptShell
----------------- Wed Oct 14 16:15:02 UTC 2020 About to sleep for 5.0 seconds before running or rerunning.  Test is: /home/travis/build/icyphy/ptII/ptolemy/actor/lib/jjs/demo/JavaScriptShell/JavaScriptShell.xml
Done sleeping
.JavaScriptShell.InteractiveShell invoked SwingUtilities.invokeAndWait()
Model ".JavaScriptShell" contains actors such cannot be run  as part of the export process from ExportModel or it has a WebExportParameters value that runBeforeExport set to false. To export run this model and export it, use vergil.
Exported /home/travis/build/icyphy/ptII/ptolemy/actor/lib/jjs/demo/JavaScriptShell/JavaScriptShell/index.html
6250 ms. Memory: 330752K Free: 260109K (79%)
####### 7 Wed Oct 14 16:15:13 UTC 2020 $PTII/bin/ptinvoke ptolemy.vergil.basic.export.ExportModel -force htm -run -openComposites -timeOut 30000 -whiteBackground ptolemy/actor/lib/jjs/demo/ModelBuilder/ModelBuilder.xml $PTII/ptolemy/actor/lib/jjs/demo/ModelBuilder/ModelBuilder
----------------- Wed Oct 14 16:15:13 UTC 2020 About to sleep for 5.0 seconds before running or rerunning.  Test is: /home/travis/build/icyphy/ptII/ptolemy/actor/lib/jjs/demo/ModelBuilder/ModelBuilder.xml
Done sleeping
Running .ModelBuilder
0
1
2
3
4
5
6
7
8
9
10
11
12
13
14
15
16
17
18
19
20
21
22
23
24
25
26
27
28
29
30
31
32
33
34
35
36
37
38
39
40
41
42
43
44
45
46
47
48
49
50
51
52
53
54
55
56
57
58
59
60
61
62
63
64
65
66
67
68
69
70
71
72
73
74
75
76
77
78
79
80
81
82
83
84
85
86
87
88
89
90
91
92
93
94
95
96
97
98
99
32 ms. Memory: 397312K Free: 211321K (53%)
8263 ms. Memory: 397312K Free: 198523K (50%)
Exported /home/travis/build/icyphy/ptII/ptolemy/actor/lib/jjs/demo/ModelBuilder/ModelBuilder/index.html
17515 ms. Memory: 397312K Free: 123220K (31%)
####### 8 Wed Oct 14 16:15:36 UTC 2020 $PTII/bin/ptinvoke ptolemy.vergil.basic.export.ExportModel -force htm -run -openComposites -timeOut 30000 -whiteBackground ptolemy/actor/lib/jjs/modules/aprilTags/demo/AprilTags/AprilTags.xml $PTII/ptolemy/actor/lib/jjs/modules/aprilTags/demo/AprilTags/AprilTags
----------------- Wed Oct 14 16:15:36 UTC 2020 About to sleep for 5.0 seconds before running or rerunning.  Test is: /home/travis/build/icyphy/ptII/ptolemy/actor/lib/jjs/modules/aprilTags/demo/AprilTags/AprilTags.xml
Done sleeping
JSAccessor: PT_NO_NET environment variable is set, so git pull and ptdoc are not being run.
No physical cameras found, using WebcamDummyDriver.
Running .AprilTags
ExportHTMLTimer went off after 30000 ms., calling getDirector().finish and getDirector().stopFire()
30107 ms. Memory: 2903040K Free: 2267481K (78%)
Exported /home/travis/build/icyphy/ptII/ptolemy/actor/lib/jjs/modules/aprilTags/demo/AprilTags/AprilTags/index.html
43250 ms. Memory: 2903040K Free: 2693048K (93%)
####### 9 Wed Oct 14 16:16:24 UTC 2020 $PTII/bin/ptinvoke ptolemy.vergil.basic.export.ExportModel -force htm -run -openComposites -timeOut 30000 -whiteBackground ptolemy/actor/lib/jjs/modules/aprilTags/demo/Kubi/Kubi.xml $PTII/ptolemy/actor/lib/jjs/modules/aprilTags/demo/Kubi/Kubi
----------------- Wed Oct 14 16:16:24 UTC 2020 About to sleep for 5.0 seconds before running or rerunning.  Test is: /home/travis/build/icyphy/ptII/ptolemy/actor/lib/jjs/modules/aprilTags/demo/Kubi/Kubi.xml
Done sleeping
Opened file:/home/travis/build/icyphy/ptII/ptolemy/actor/lib/jjs/modules/aprilTags/demo/Kubi/Kubi.xml in 15596 ms.
Size Statistics for .Kubi
AtomicEntities: 11
CompositeEntities: 0
OpaqueCompositeEntities: 0
Relations: 8
Attributes: 107
Atomic Actor Names and Counts:
ptolemy.actor.lib.jjs.JavaScript 4
org.terraswarm.accessor.JSAccessor 3
ptolemy.actor.lib.image.ImageDisplay 2
ptolemy.actor.lib.gui.MonitorValue 1
ptolemy.actor.lib.gui.TimedDisplay 1

Composite Entity Depths and Counts:

Running .Kubi
preinitialize() finished: 13945 ms. Memory: 2903040K Free: 2165755K (75%)
Kubi: Kubi.js: Initializing... (Thread[AWT-EventQueue-0,6,main])
Kubi: Kubi.js: Handler added (Thread[AWT-EventQueue-0,6,main])
Kubi: Kubi.js: Connecting... (Thread[AWT-EventQueue-0,6,main])
Kubi2: Kubi.js: Initializing... (Thread[AWT-EventQueue-0,6,main])
Kubi2: Kubi.js: Handler added (Thread[AWT-EventQueue-0,6,main])
Kubi2: Kubi.js: Connecting... (Thread[AWT-EventQueue-0,6,main])
Manager.initialize() finished: 23453 ms. Memory: 2903040K Free: 2420761K (83%)
ExportHTMLTimer went off after 30000 ms., calling getDirector().finish and getDirector().stopFire()
30077 ms. Memory: 2903040K Free: 2142743K (74%)
Exported /home/travis/build/icyphy/ptII/ptolemy/actor/lib/jjs/modules/aprilTags/demo/Kubi/Kubi/index.html
49974 ms. Memory: 2903040K Free: 2088430K (72%)
####### 10 Wed Oct 14 16:17:19 UTC 2020 $PTII/bin/ptinvoke ptolemy.vergil.basic.export.ExportModel -force htm  -openComposites -timeOut 30000 -whiteBackground ptolemy/actor/lib/jjs/modules/audio/demo/Audio/Audio.xml $PTII/ptolemy/actor/lib/jjs/modules/audio/demo/Audio/Audio
Warning: not running ptolemy/actor/lib/jjs/modules/audio/demo/Audio/Audio.xml. See ptolemy/vergil/basic/export/test/junit/ExportModelJUnitTest.java
----------------- Wed Oct 14 16:17:19 UTC 2020 About to sleep for 5.0 seconds before running or rerunning.  Test is: /home/travis/build/icyphy/ptII/ptolemy/actor/lib/jjs/modules/audio/demo/Audio/Audio.xml
Done sleeping
Exported /home/travis/build/icyphy/ptII/ptolemy/actor/lib/jjs/modules/audio/demo/Audio/Audio/index.html
3229 ms. Memory: 2903040K Free: 1968145K (68%)
####### 11 Wed Oct 14 16:17:27 UTC 2020 $PTII/bin/ptinvoke ptolemy.vergil.basic.export.ExportModel -force htm  -openComposites -timeOut 30000 -whiteBackground ptolemy/actor/lib/jjs/modules/audio/demo/Audio/AudioCapture.xml $PTII/ptolemy/actor/lib/jjs/modules/audio/demo/Audio/AudioCapture
Warning: not running ptolemy/actor/lib/jjs/modules/audio/demo/Audio/AudioCapture.xml. See ptolemy/vergil/basic/export/test/junit/ExportModelJUnitTest.java
----------------- Wed Oct 14 16:17:27 UTC 2020 About to sleep for 5.0 seconds before running or rerunning.  Test is: /home/travis/build/icyphy/ptII/ptolemy/actor/lib/jjs/modules/audio/demo/Audio/AudioCapture.xml
Done sleeping
Prism pipeline init order: es2 sw 
Using Double Precision Marlin Rasterizer
Using dirty region optimizations
Not using texture mask for primitives
Not forcing power of 2 sizes for textures
Using hardware CLAMP_TO_ZERO mode
Opting in for HiDPI pixel scaling
Prism pipeline name = com.sun.prism.es2.ES2Pipeline
Loading ES2 native library ... prism_es2
	succeeded.
GLFactory using com.sun.prism.es2.X11GLFactory
(X) Got class = class com.sun.prism.es2.ES2Pipeline
Prism pipeline name = com.sun.prism.sw.SWPipeline
(X) Got class = class com.sun.prism.sw.SWPipeline
Initialized prism pipeline: com.sun.prism.sw.SWPipeline
Exported /home/travis/build/icyphy/ptII/ptolemy/actor/lib/jjs/modules/audio/demo/Audio/AudioCapture/index.html
6380 ms. Memory: 2903040K Free: 2184943K (75%)
####### 12 Wed Oct 14 16:17:39 UTC 2020 $PTII/bin/ptinvoke ptolemy.vergil.basic.export.ExportModel -force htm  -openComposites -timeOut 30000 -whiteBackground ptolemy/actor/lib/jjs/modules/audio/demo/Audio/AudioClipPlayer.xml $PTII/ptolemy/actor/lib/jjs/modules/audio/demo/Audio/AudioClipPlayer
Warning: not running ptolemy/actor/lib/jjs/modules/audio/demo/Audio/AudioClipPlayer.xml. See ptolemy/vergil/basic/export/test/junit/ExportModelJUnitTest.java
----------------- Wed Oct 14 16:17:39 UTC 2020 About to sleep for 5.0 seconds before running or rerunning.  Test is: /home/travis/build/icyphy/ptII/ptolemy/actor/lib/jjs/modules/audio/demo/Audio/AudioClipPlayer.xml
Done sleeping
Exported /home/travis/build/icyphy/ptII/ptolemy/actor/lib/jjs/modules/audio/demo/Audio/AudioClipPlayer/index.html
5275 ms. Memory: 2903040K Free: 2392296K (82%)
####### 13 Wed Oct 14 16:17:49 UTC 2020 $PTII/bin/ptinvoke ptolemy.vergil.basic.export.ExportModel -force htm  -openComposites -timeOut 30000 -whiteBackground ptolemy/actor/lib/jjs/modules/audio/demo/Audio/AudioRecorder.xml $PTII/ptolemy/actor/lib/jjs/modules/audio/demo/Audio/AudioRecorder
Warning: not running ptolemy/actor/lib/jjs/modules/audio/demo/Audio/AudioRecorder.xml. See ptolemy/vergil/basic/export/test/junit/ExportModelJUnitTest.java
----------------- Wed Oct 14 16:17:49 UTC 2020 About to sleep for 5.0 seconds before running or rerunning.  Test is: /home/travis/build/icyphy/ptII/ptolemy/actor/lib/jjs/modules/audio/demo/Audio/AudioRecorder.xml
Done sleeping
Exported /home/travis/build/icyphy/ptII/ptolemy/actor/lib/jjs/modules/audio/demo/Audio/AudioRecorder/index.html
8475 ms. Memory: 2903040K Free: 1804543K (62%)
####### 14 Wed Oct 14 16:18:02 UTC 2020 $PTII/bin/ptinvoke ptolemy.vergil.basic.export.ExportModel -force htm  -openComposites -timeOut 30000 -whiteBackground ptolemy/actor/lib/jjs/modules/audio/demo/Audio/AudioSynthesis.xml $PTII/ptolemy/actor/lib/jjs/modules/audio/demo/Audio/AudioSynthesis
Warning: not running ptolemy/actor/lib/jjs/modules/audio/demo/Audio/AudioSynthesis.xml. See ptolemy/vergil/basic/export/test/junit/ExportModelJUnitTest.java
----------------- Wed Oct 14 16:18:02 UTC 2020 About to sleep for 5.0 seconds before running or rerunning.  Test is: /home/travis/build/icyphy/ptII/ptolemy/actor/lib/jjs/modules/audio/demo/Audio/AudioSynthesis.xml
Done sleeping
Exported /home/travis/build/icyphy/ptII/ptolemy/actor/lib/jjs/modules/audio/demo/Audio/AudioSynthesis/index.html
7219 ms. Memory: 2903040K Free: 2381391K (82%)
####### 15 Wed Oct 14 16:18:14 UTC 2020 $PTII/bin/ptinvoke ptolemy.vergil.basic.export.ExportModel -force htm -run -openComposites -timeOut 30000 -whiteBackground ptolemy/actor/lib/jjs/modules/audio/demo/Audio/SpeechSynthesis.xml $PTII/ptolemy/actor/lib/jjs/modules/audio/demo/Audio/SpeechSynthesis
----------------- Wed Oct 14 16:18:14 UTC 2020 About to sleep for 5.0 seconds before running or rerunning.  Test is: /home/travis/build/icyphy/ptII/ptolemy/actor/lib/jjs/modules/audio/demo/Audio/SpeechSynthesis.xml
Done sleeping
Running .SpeechSynthesis
Manager.initialize() finished: 13542 ms. Memory: 2903040K Free: 2256384K (78%)
ExportHTMLTimer went off after 30000 ms., calling getDirector().finish and getDirector().stopFire()
30056 ms. Memory: 2903040K Free: 2196992K (76%)
Exported /home/travis/build/icyphy/ptII/ptolemy/actor/lib/jjs/modules/audio/demo/Audio/SpeechSynthesis/index.html
42932 ms. Memory: 2903040K Free: 2160617K (74%)
####### 16 Wed Oct 14 16:19:02 UTC 2020 $PTII/bin/ptinvoke ptolemy.vergil.basic.export.ExportModel -force htm -run -openComposites -timeOut 30000 -whiteBackground ptolemy/actor/lib/jjs/modules/cameras/demo/Camera/Camera.xml $PTII/ptolemy/actor/lib/jjs/modules/cameras/demo/Camera/Camera
----------------- Wed Oct 14 16:19:02 UTC 2020 About to sleep for 5.0 seconds before running or rerunning.  Test is: /home/travis/build/icyphy/ptII/ptolemy/actor/lib/jjs/modules/cameras/demo/Camera/Camera.xml
Done sleeping
Running .Camera
28941 ms. Memory: 2903040K Free: 1169065K (40%)
Exported /home/travis/build/icyphy/ptII/ptolemy/actor/lib/jjs/modules/cameras/demo/Camera/Camera/index.html
38355 ms. Memory: 2903040K Free: 1129121K (39%)
####### 17 Wed Oct 14 16:19:46 UTC 2020 $PTII/bin/ptinvoke ptolemy.vergil.basic.export.ExportModel -force htm -run -openComposites -timeOut 30000 -whiteBackground ptolemy/actor/lib/jjs/modules/cameras/demo/Camera/CaptureOpenLoop.xml $PTII/ptolemy/actor/lib/jjs/modules/cameras/demo/Camera/CaptureOpenLoop
----------------- Wed Oct 14 16:19:46 UTC 2020 About to sleep for 5.0 seconds before running or rerunning.  Test is: /home/travis/build/icyphy/ptII/ptolemy/actor/lib/jjs/modules/cameras/demo/Camera/CaptureOpenLoop.xml
Done sleeping
Running .CaptureOpenLoop
25403 ms. Memory: 2903040K Free: 1164800K (40%)
Exported /home/travis/build/icyphy/ptII/ptolemy/actor/lib/jjs/modules/cameras/demo/Camera/CaptureOpenLoop/index.html
32901 ms. Memory: 2903040K Free: 1124854K (39%)
####### 18 Wed Oct 14 16:20:24 UTC 2020 $PTII/bin/ptinvoke ptolemy.vergil.basic.export.ExportModel -force htm -run -openComposites -timeOut 30000 -whiteBackground ptolemy/actor/lib/jjs/modules/cameras/demo/CameraWebSocket/CameraWebSocket.xml $PTII/ptolemy/actor/lib/jjs/modules/cameras/demo/CameraWebSocket/CameraWebSocket
----------------- Wed Oct 14 16:20:24 UTC 2020 About to sleep for 5.0 seconds before running or rerunning.  Test is: /home/travis/build/icyphy/ptII/ptolemy/actor/lib/jjs/modules/cameras/demo/CameraWebSocket/CameraWebSocket.xml
Done sleeping
Running .CameraWebSocket
WebSocketClient: Connection failed. Will try again: Connection refused: localhost/127.0.0.1:8071
Connection refused (Thread[vert.x-eventloop-thread-0,6,main])
WebSocketClient: Connection failed. Will try again: Connection refused: localhost/127.0.0.1:8071
Connection refused (Thread[vert.x-eventloop-thread-0,6,main])
WebSocketClient: Connection failed. Will try again: Connection refused: localhost/127.0.0.1:8071
Connection refused (Thread[vert.x-eventloop-thread-0,6,main])
Manager.initialize() finished: 12917 ms. Memory: 2903040K Free: 2281470K (79%)
WebSocketServer: WebSocketServer message(): {type="class ptolemy.data.AWTImageToken", width="176", height="144"}, typeof message: object (Thread[AWT-EventQueue-0,6,main])
WebSocketServer: WebSocketServer message(): {type="class ptolemy.data.AWTImageToken", width="176", height="144"}, typeof message: object (Thread[AWT-EventQueue-0,6,main])
WebSocketServer: WebSocketServer message(): {type="class ptolemy.data.AWTImageToken", width="176", height="144"}, typeof message: object (Thread[AWT-EventQueue-0,6,main])
WebSocketServer: WebSocketServer message(): {type="class ptolemy.data.AWTImageToken", width="176", height="144"}, typeof message: object (Thread[AWT-EventQueue-0,6,main])
WebSocketServer: WebSocketServer message(): {type="class ptolemy.data.AWTImageToken", width="176", height="144"}, typeof message: object (Thread[AWT-EventQueue-0,6,main])
WebSocketServer: WebSocketServer message(): {type="class ptolemy.data.AWTImageToken", width="176", height="144"}, typeof message: object (Thread[AWT-EventQueue-0,6,main])
WebSocketServer: WebSocketServer message(): {type="class ptolemy.data.AWTImageToken", width="176", height="144"}, typeof message: object (Thread[AWT-EventQueue-0,6,main])
WebSocketServer: WebSocketServer message(): {type="class ptolemy.data.AWTImageToken", width="176", height="144"}, typeof message: object (Thread[AWT-EventQueue-0,6,main])
WebSocketServer: WebSocketServer message(): {type="class ptolemy.data.AWTImageToken", width="176", height="144"}, typeof message: object (Thread[AWT-EventQueue-0,6,main])
WebSocketServer: WebSocketServer message(): {type="class ptolemy.data.AWTImageToken", width="176", height="144"}, typeof message: object (Thread[AWT-EventQueue-0,6,main])
ExportHTMLTimer went off after 30000 ms., calling getDirector().finish and getDirector().stopFire()
WebSocketClient: Connection closed because model is no longer running. (Thread[AWT-EventQueue-0,6,main])
30098 ms. Memory: 2903040K Free: 2309633K (80%)
Exported /home/travis/build/icyphy/ptII/ptolemy/actor/lib/jjs/modules/cameras/demo/CameraWebSocket/CameraWebSocket/index.html
40496 ms. Memory: 2903040K Free: 2273253K (78%)
####### 19 Wed Oct 14 16:21:09 UTC 2020 $PTII/bin/ptinvoke ptolemy.vergil.basic.export.ExportModel -force htm -run -openComposites -timeOut 30000 -whiteBackground ptolemy/actor/lib/jjs/modules/cameras/demo/Foscam/Foscam.xml $PTII/ptolemy/actor/lib/jjs/modules/cameras/demo/Foscam/Foscam
----------------- Wed Oct 14 16:21:09 UTC 2020 About to sleep for 5.0 seconds before running or rerunning.  Test is: /home/travis/build/icyphy/ptII/ptolemy/actor/lib/jjs/modules/cameras/demo/Foscam/Foscam.xml
Done sleeping
Running .Foscam
Foscam2: snapshot.cgi?user=admin&pwd=&undefined= (Thread[AWT-EventQueue-0,6,main])
Foscam2: Making an HTTP request. (Thread[AWT-EventQueue-0,6,main])
ExportHTMLTimer went off after 30000 ms., calling getDirector().finish and getDirector().stopFire()
Foscam2: undefined.cgi?user=admin&pwd=&undefined= (Thread[AWT-EventQueue-0,6,main])
Foscam2: Making an HTTP request. (Thread[AWT-EventQueue-0,6,main])
30023 ms. Memory: 2903040K Free: 2045950K (70%)
Exported /home/travis/build/icyphy/ptII/ptolemy/actor/lib/jjs/modules/cameras/demo/Foscam/Foscam/index.html
36059 ms. Memory: 2903040K Free: 2007375K (69%)
####### 20 Wed Oct 14 16:21:50 UTC 2020 $PTII/bin/ptinvoke ptolemy.vergil.basic.export.ExportModel -force htm -run -openComposites -timeOut 30000 -whiteBackground ptolemy/actor/lib/jjs/modules/computerVision/demo/ComputerVision/ComputerVision.xml $PTII/ptolemy/actor/lib/jjs/modules/computerVision/demo/ComputerVision/ComputerVision
----------------- Wed Oct 14 16:21:50 UTC 2020 About to sleep for 5.0 seconds before running or rerunning.  Test is: /home/travis/build/icyphy/ptII/ptolemy/actor/lib/jjs/modules/computerVision/demo/ComputerVision/ComputerVision.xml
Done sleeping
Opened file:/home/travis/build/icyphy/ptII/ptolemy/actor/lib/jjs/modules/computerVision/demo/ComputerVision/ComputerVision.xml in 20374 ms.
Size Statistics for .ComputerVision
AtomicEntities: 26
CompositeEntities: 0
OpaqueCompositeEntities: 0
Relations: 14
Attributes: 224
Atomic Actor Names and Counts:
org.terraswarm.accessor.JSAccessor 12
ptolemy.actor.lib.image.ImageDisplay 12
ptolemy.actor.lib.SingleEvent 1
ptolemy.actor.lib.image.ImageReader 1

Composite Entity Depths and Counts:

Running .ComputerVision
preinitialize() finished: 22409 ms. Memory: 2903040K Free: 1719933K (59%)
ExportHTMLTimer went off after 30000 ms., calling getDirector().finish and getDirector().stopFire()
Manager.initialize() finished: 37577 ms. Memory: 2903040K Free: 1643520K (57%)
37703 ms. Memory: 2903040K Free: 1623040K (56%)
Exported /home/travis/build/icyphy/ptII/ptolemy/actor/lib/jjs/modules/computerVision/demo/ComputerVision/ComputerVision/index.html
62317 ms. Memory: 2903040K Free: 1569215K (54%)
####### 21 Wed Oct 14 16:22:58 UTC 2020 $PTII/bin/ptinvoke ptolemy.vergil.basic.export.ExportModel -force htm  -openComposites -timeOut 30000 -whiteBackground ptolemy/actor/lib/jjs/modules/contextAware/demo/ContextAware/ContextAware.xml $PTII/ptolemy/actor/lib/jjs/modules/contextAware/demo/ContextAware/ContextAware
Warning: not running ptolemy/actor/lib/jjs/modules/contextAware/demo/ContextAware/ContextAware.xml. See ptolemy/vergil/basic/export/test/junit/ExportModelJUnitTest.java
----------------- Wed Oct 14 16:22:58 UTC 2020 About to sleep for 5.0 seconds before running or rerunning.  Test is: /home/travis/build/icyphy/ptII/ptolemy/actor/lib/jjs/modules/contextAware/demo/ContextAware/ContextAware.xml
Done sleeping
Exported /home/travis/build/icyphy/ptII/ptolemy/actor/lib/jjs/modules/contextAware/demo/ContextAware/ContextAware/index.html
6026 ms. Memory: 2903040K Free: 1830354K (63%)
####### 22 Wed Oct 14 16:23:09 UTC 2020 $PTII/bin/ptinvoke ptolemy.vergil.basic.export.ExportModel -force htm -run -openComposites -timeOut 30000 -whiteBackground ptolemy/actor/lib/jjs/modules/crypto/demo/AsymmetricEncrypt/AsymmetricEncrypt.xml $PTII/ptolemy/actor/lib/jjs/modules/crypto/demo/AsymmetricEncrypt/AsymmetricEncrypt
----------------- Wed Oct 14 16:23:09 UTC 2020 About to sleep for 5.0 seconds before running or rerunning.  Test is: /home/travis/build/icyphy/ptII/ptolemy/actor/lib/jjs/modules/crypto/demo/AsymmetricEncrypt/AsymmetricEncrypt.xml
Done sleeping
Opened file:/home/travis/build/icyphy/ptII/ptolemy/actor/lib/jjs/modules/crypto/demo/AsymmetricEncrypt/AsymmetricEncrypt.xml in 18923 ms.
Size Statistics for .AsymmetricEncrypt
AtomicEntities: 25
CompositeEntities: 0
OpaqueCompositeEntities: 0
Relations: 17
Attributes: 203
Atomic Actor Names and Counts:
ptolemy.actor.lib.gui.Display 11
ptolemy.actor.lib.jjs.JavaScript 9
ptolemy.actor.lib.ArrayUpdate 1
ptolemy.actor.lib.Const 1
ptolemy.actor.lib.DiscreteClock 1
ptolemy.actor.lib.Ramp 1
ptolemy.actor.lib.Sequence 1

Composite Entity Depths and Counts:

Running .AsymmetricEncrypt
preinitialize() finished: 18249 ms. Memory: 2903040K Free: 1785342K (61%)
Manager.initialize() finished: 28665 ms. Memory: 2903040K Free: 1244158K (43%)
RandomBytes: [ 84 ] (Thread[AWT-EventQueue-0,6,main])
EncryptWithHash: ### it is a string: hello world! (Thread[AWT-EventQueue-0,6,main])
ExportHTMLTimer went off after 30000 ms., calling getDirector().finish and getDirector().stopFire()
30178 ms. Memory: 2903040K Free: 1996007K (69%)
Exported /home/travis/build/icyphy/ptII/ptolemy/actor/lib/jjs/modules/crypto/demo/AsymmetricEncrypt/AsymmetricEncrypt/index.html
53305 ms. Memory: 2903040K Free: 1829043K (63%)
####### 23 Wed Oct 14 16:24:07 UTC 2020 $PTII/bin/ptinvoke ptolemy.vergil.basic.export.ExportModel -force htm -run -openComposites -timeOut 30000 -whiteBackground ptolemy/actor/lib/jjs/modules/crypto/demo/MessageDigest/MessageDigest.xml $PTII/ptolemy/actor/lib/jjs/modules/crypto/demo/MessageDigest/MessageDigest
----------------- Wed Oct 14 16:24:07 UTC 2020 About to sleep for 5.0 seconds before running or rerunning.  Test is: /home/travis/build/icyphy/ptII/ptolemy/actor/lib/jjs/modules/crypto/demo/MessageDigest/MessageDigest.xml
Done sleeping
Running .MessageDigest
Manager.initialize() finished: 15110 ms. Memory: 2903040K Free: 1287678K (44%)
RandomBytes: [ -126 ] (Thread[AWT-EventQueue-0,6,main])
EncryptWithHash: ### it is a string: hello world! (Thread[AWT-EventQueue-0,6,main])
EncryptWithHash: [ 104,
  101,
  108,
  108,
  111,
  32,
  119,
  111,
  114,
  108,
  100,
  33,
  117,
  9,
  -27,
  -67,
  -96,
  -57,
  98,
  -46,
  -70,
  -57,
  -7,
  13,
  117,
  -117,
  91,
  34,
  99,
  -6,
  1,
  -52,
  -68,
  84,
  42,
  -75,
  -29,
  -33,
  22,
  59,
  -32,
  -114,
  108,
  -87 ] (Thread[AWT-EventQueue-0,6,main])
DecryptWithHash: [ 104, 101, 108, 108, 111, 32, 119, 111, 114, 108, 100, 33 ] (Thread[AWT-EventQueue-0,6,main])
DecryptWithHash: [ 117,
  9,
  -27,
  -67,
  -96,
  -57,
  98,
  -46,
  -70,
  -57,
  -7,
  13,
  117,
  -117,
  91,
  34,
  99,
  -6,
  1,
  -52,
  -68,
  84,
  42,
  -75,
  -29,
  -33,
  22,
  59,
  -32,
  -114,
  108,
  -87 ] (Thread[AWT-EventQueue-0,6,main])
DecryptWithHash: [ 117,
  9,
  -27,
  -67,
  -96,
  -57,
  98,
  -46,
  -70,
  -57,
  -7,
  13,
  117,
  -117,
  91,
  34,
  99,
  -6,
  1,
  -52,
  -68,
  84,
  42,
  -75,
  -29,
  -33,
  22,
  59,
  -32,
  -114,
  108,
  -87 ] (Thread[AWT-EventQueue-0,6,main])
RandomBytes: [ -115, 37 ] (Thread[AWT-EventQueue-0,6,main])
EncryptWithHash: ### it is a string: bye world! (Thread[AWT-EventQueue-0,6,main])
EncryptWithHash: [ 98,
  121,
  101,
  32,
  119,
  111,
  114,
  108,
  100,
  33,
  87,
  -40,
  61,
  -97,
  47,
  -93,
  111,
  -126,
  41,
  -41,
  5,
  71,
  -116,
  -126,
  88,
  -110,
  -25,
  18,
  9,
  123,
  68,
  24,
  11,
  -64,
  -67,
  36,
  -65,
  21,
  -14,
  -69,
  -122,
  53 ] (Thread[AWT-EventQueue-0,6,main])
DecryptWithHash: [ 98, 121, 101, 32, 119, 111, 114, 108, 100, 33 ] (Thread[AWT-EventQueue-0,6,main])
DecryptWithHash: [ 87,
  -40,
  61,
  -97,
  47,
  -93,
  111,
  -126,
  41,
  -41,
  5,
  71,
  -116,
  -126,
  88,
  -110,
  -25,
  18,
  9,
  123,
  68,
  24,
  11,
  -64,
  -67,
  36,
  -65,
  21,
  -14,
  -69,
  -122,
  53 ] (Thread[AWT-EventQueue-0,6,main])
DecryptWithHash: [ 87,
  -40,
  61,
  -97,
  47,
  -93,
  111,
  -126,
  41,
  -41,
  5,
  71,
  -116,
  -126,
  88,
  -110,
  -25,
  18,
  9,
  123,
  68,
  24,
  11,
  -64,
  -67,
  36,
  -65,
  21,
  -14,
  -69,
  -122,
  53 ] (Thread[AWT-EventQueue-0,6,main])
RandomBytes: [ 96, -50, 17 ] (Thread[AWT-EventQueue-0,6,main])
RandomBytes: [ -21, 14, -80, -82 ] (Thread[AWT-EventQueue-0,6,main])
18160 ms. Memory: 2903040K Free: 1051134K (36%)
Exported /home/travis/build/icyphy/ptII/ptolemy/actor/lib/jjs/modules/crypto/demo/MessageDigest/MessageDigest/index.html
30649 ms. Memory: 2903040K Free: 957872K (33%)
####### 24 Wed Oct 14 16:24:43 UTC 2020 $PTII/bin/ptinvoke ptolemy.vergil.basic.export.ExportModel -force htm -run -openComposites -timeOut 30000 -whiteBackground ptolemy/actor/lib/jjs/modules/crypto/demo/RandomBytes/RandomBytes.xml $PTII/ptolemy/actor/lib/jjs/modules/crypto/demo/RandomBytes/RandomBytes
----------------- Wed Oct 14 16:24:43 UTC 2020 About to sleep for 5.0 seconds before running or rerunning.  Test is: /home/travis/build/icyphy/ptII/ptolemy/actor/lib/jjs/modules/crypto/demo/RandomBytes/RandomBytes.xml
Done sleeping
Running .RandomBytes
RandomBytes: [ 17 ] (Thread[AWT-EventQueue-0,6,main])
RandomBytes: [ -27, -107 ] (Thread[AWT-EventQueue-0,6,main])
RandomBytes: [ -94, 82, 12 ] (Thread[AWT-EventQueue-0,6,main])
RandomBytes: [ -74, -90, -66, 5 ] (Thread[AWT-EventQueue-0,6,main])
5878 ms. Memory: 2903040K Free: 787966K (27%)
Exported /home/travis/build/icyphy/ptII/ptolemy/actor/lib/jjs/modules/crypto/demo/RandomBytes/RandomBytes/index.html
11871 ms. Memory: 2903040K Free: 1799861K (62%)
####### 25 Wed Oct 14 16:24:59 UTC 2020 $PTII/bin/ptinvoke ptolemy.vergil.basic.export.ExportModel -force htm -run -openComposites -timeOut 30000 -whiteBackground ptolemy/actor/lib/jjs/modules/crypto/demo/SymmetricEncrypt/SymmetricEncrypt.xml $PTII/ptolemy/actor/lib/jjs/modules/crypto/demo/SymmetricEncrypt/SymmetricEncrypt
----------------- Wed Oct 14 16:24:59 UTC 2020 About to sleep for 5.0 seconds before running or rerunning.  Test is: /home/travis/build/icyphy/ptII/ptolemy/actor/lib/jjs/modules/crypto/demo/SymmetricEncrypt/SymmetricEncrypt.xml
Done sleeping
Running .SymmetricEncrypt
RandomBytes: [ 73 ] (Thread[AWT-EventQueue-0,6,main])
RandomBytes: [ -20, -105 ] (Thread[AWT-EventQueue-0,6,main])
RandomBytes: [ 119, -75, 93 ] (Thread[AWT-EventQueue-0,6,main])
RandomBytes: [ 58, 122, 6, 11 ] (Thread[AWT-EventQueue-0,6,main])
12430 ms. Memory: 2903040K Free: 1656830K (57%)
Exported /home/travis/build/icyphy/ptII/ptolemy/actor/lib/jjs/modules/crypto/demo/SymmetricEncrypt/SymmetricEncrypt/index.html
21851 ms. Memory: 2903040K Free: 1639370K (56%)
####### 26 Wed Oct 14 16:25:26 UTC 2020 $PTII/bin/ptinvoke ptolemy.vergil.basic.export.ExportModel -force htm  -openComposites -timeOut 30000 -whiteBackground ptolemy/actor/lib/jjs/modules/discovery/demo/Discovery/Discovery.xml $PTII/ptolemy/actor/lib/jjs/modules/discovery/demo/Discovery/Discovery
Warning: not running ptolemy/actor/lib/jjs/modules/discovery/demo/Discovery/Discovery.xml. See ptolemy/vergil/basic/export/test/junit/ExportModelJUnitTest.java
----------------- Wed Oct 14 16:25:26 UTC 2020 About to sleep for 5.0 seconds before running or rerunning.  Test is: /home/travis/build/icyphy/ptII/ptolemy/actor/lib/jjs/modules/discovery/demo/Discovery/Discovery.xml
Done sleeping
Exported /home/travis/build/icyphy/ptII/ptolemy/actor/lib/jjs/modules/discovery/demo/Discovery/Discovery/index.html
3230 ms. Memory: 2903040K Free: 1488875K (51%)
####### 27 Wed Oct 14 16:25:35 UTC 2020 $PTII/bin/ptinvoke ptolemy.vergil.basic.export.ExportModel -force htm -run -openComposites -timeOut 30000 -whiteBackground ptolemy/actor/lib/jjs/modules/discovery/demo/Discovery/DiscoveryJS.xml $PTII/ptolemy/actor/lib/jjs/modules/discovery/demo/Discovery/DiscoveryJS
----------------- Wed Oct 14 16:25:35 UTC 2020 About to sleep for 5.0 seconds before running or rerunning.  Test is: /home/travis/build/icyphy/ptII/ptolemy/actor/lib/jjs/modules/discovery/demo/Discovery/DiscoveryJS.xml
Done sleeping
Running .DiscoveryJS
17974 ms. Memory: 2903040K Free: 2161586K (74%)
Exported /home/travis/build/icyphy/ptII/ptolemy/actor/lib/jjs/modules/discovery/demo/Discovery/DiscoveryJS/index.html
25462 ms. Memory: 2903040K Free: 2117010K (73%)
####### 28 Wed Oct 14 16:26:05 UTC 2020 $PTII/bin/ptinvoke ptolemy.vergil.basic.export.ExportModel -force htm -run -openComposites -timeOut 30000 -whiteBackground ptolemy/actor/lib/jjs/modules/discovery/demo/Discovery/PopulateSwarmboxMap.xml $PTII/ptolemy/actor/lib/jjs/modules/discovery/demo/Discovery/PopulateSwarmboxMap
----------------- Wed Oct 14 16:26:05 UTC 2020 About to sleep for 5.0 seconds before running or rerunning.  Test is: /home/travis/build/icyphy/ptII/ptolemy/actor/lib/jjs/modules/discovery/demo/Discovery/PopulateSwarmboxMap.xml
Done sleeping
Opened file:/home/travis/build/icyphy/ptII/ptolemy/actor/lib/jjs/modules/discovery/demo/Discovery/PopulateSwarmboxMap.xml in 15164 ms.
Size Statistics for .PopulateSwarmboxMap
AtomicEntities: 48
CompositeEntities: 2
OpaqueCompositeEntities: 0
Relations: 47
Attributes: 345
Atomic Actor Names and Counts:
ptolemy.actor.lib.Const 20
org.terraswarm.accessor.JSAccessor 9
ptolemy.actor.lib.Expression 9
ptolemy.actor.lib.conversions.json.TokenToJSON 4
ptolemy.actor.lib.gui.Display 3
ptolemy.actor.lib.MicrostepDelay 1
ptolemy.actor.lib.SingleEvent 1
ptolemy.actor.lib.Stop 1

Composite Entity Depths and Counts:
Depth: 1 # of Composites at that depth: 2

Running .PopulateSwarmboxMap
preinitialize() finished: 17039 ms. Memory: 2903040K Free: 1698799K (59%)
Manager.initialize() finished: 29780 ms. Memory: 2903040K Free: 1658880K (57%)
ExportHTMLTimer went off after 30000 ms., calling getDirector().finish and getDirector().stopFire()
REST: Making an HTTP request. (Thread[AWT-EventQueue-0,6,main])
30208 ms. Memory: 2903040K Free: 1608704K (55%)
Exported /home/travis/build/icyphy/ptII/ptolemy/actor/lib/jjs/modules/discovery/demo/Discovery/PopulateSwarmboxMap/index.html
49714 ms. Memory: 2903040K Free: 1458163K (50%)
####### 29 Wed Oct 14 16:27:00 UTC 2020 $PTII/bin/ptinvoke ptolemy.vergil.basic.export.ExportModel -force htm -run -openComposites -timeOut 30000 -whiteBackground ptolemy/actor/lib/jjs/modules/discovery/demo/Discovery/PostSwarmboxDevices.xml $PTII/ptolemy/actor/lib/jjs/modules/discovery/demo/Discovery/PostSwarmboxDevices
----------------- Wed Oct 14 16:27:00 UTC 2020 About to sleep for 5.0 seconds before running or rerunning.  Test is: /home/travis/build/icyphy/ptII/ptolemy/actor/lib/jjs/modules/discovery/demo/Discovery/PostSwarmboxDevices.xml
Done sleeping
Running .PostSwarmboxDevices
REST: Making an HTTP request. (Thread[AWT-EventQueue-0,6,main])
ExportHTMLTimer went off after 30000 ms., calling getDirector().finish and getDirector().stopFire()
30196 ms. Memory: 2903040K Free: 1696766K (58%)
Exported /home/travis/build/icyphy/ptII/ptolemy/actor/lib/jjs/modules/discovery/demo/Discovery/PostSwarmboxDevices/index.html
39777 ms. Memory: 2903040K Free: 1639388K (56%)
####### 30 Wed Oct 14 16:27:44 UTC 2020 $PTII/bin/ptinvoke ptolemy.vergil.basic.export.ExportModel -force htm -run -openComposites -timeOut 30000 -whiteBackground ptolemy/actor/lib/jjs/modules/discovery/demo/Heartbeat/Heartbeat.xml $PTII/ptolemy/actor/lib/jjs/modules/discovery/demo/Heartbeat/Heartbeat
----------------- Wed Oct 14 16:27:44 UTC 2020 About to sleep for 5.0 seconds before running or rerunning.  Test is: /home/travis/build/icyphy/ptII/ptolemy/actor/lib/jjs/modules/discovery/demo/Heartbeat/Heartbeat.xml
Done sleeping
Running .Heartbeat
Manager.initialize() finished: 10415 ms. Memory: 2903040K Free: 1412606K (49%)
Heartbeat: HeartBeat: pingMothership (Thread[AWT-EventQueue-0,6,main])
Heartbeat: Making an HTTP request. (Thread[AWT-EventQueue-0,6,main])
Heartbeat: HeartBeat: pingMothership (Thread[AWT-EventQueue-0,6,main])
Heartbeat: Making an HTTP request. (Thread[AWT-EventQueue-0,6,main])
Heartbeat: HeartBeat: pingMothership (Thread[AWT-EventQueue-0,6,main])
Heartbeat: Making an HTTP request. (Thread[AWT-EventQueue-0,6,main])
Heartbeat: HeartBeat: pingMothership (Thread[AWT-EventQueue-0,6,main])
Heartbeat: Making an HTTP request. (Thread[AWT-EventQueue-0,6,main])
Heartbeat: HeartBeat: pingMothership (Thread[AWT-EventQueue-0,6,main])
Heartbeat: Making an HTTP request. (Thread[AWT-EventQueue-0,6,main])
Heartbeat: HeartBeat: pingMothership (Thread[AWT-EventQueue-0,6,main])
Heartbeat: Making an HTTP request. (Thread[AWT-EventQueue-0,6,main])
Heartbeat: HeartBeat: pingMothership (Thread[AWT-EventQueue-0,6,main])
Heartbeat: Making an HTTP request. (Thread[AWT-EventQueue-0,6,main])
Heartbeat: HeartBeat: pingMothership (Thread[AWT-EventQueue-0,6,main])
Heartbeat: Making an HTTP request. (Thread[AWT-EventQueue-0,6,main])
Heartbeat: HeartBeat: pingMothership (Thread[AWT-EventQueue-0,6,main])
Heartbeat: Making an HTTP request. (Thread[AWT-EventQueue-0,6,main])
Heartbeat: HeartBeat: pingMothership (Thread[AWT-EventQueue-0,6,main])
Heartbeat: Making an HTTP request. (Thread[AWT-EventQueue-0,6,main])
20471 ms. Memory: 2903040K Free: 1355262K (47%)
Exported /home/travis/build/icyphy/ptII/ptolemy/actor/lib/jjs/modules/discovery/demo/Heartbeat/Heartbeat/index.html
30353 ms. Memory: 2903040K Free: 1311726K (45%)
####### 31 Wed Oct 14 16:28:20 UTC 2020 $PTII/bin/ptinvoke ptolemy.vergil.basic.export.ExportModel -force htm  -openComposites -timeOut 30000 -whiteBackground ptolemy/actor/lib/jjs/modules/dsp/demo/AudioFFT/AudioFFT.xml $PTII/ptolemy/actor/lib/jjs/modules/dsp/demo/AudioFFT/AudioFFT
Warning: not running ptolemy/actor/lib/jjs/modules/dsp/demo/AudioFFT/AudioFFT.xml. See ptolemy/vergil/basic/export/test/junit/ExportModelJUnitTest.java
----------------- Wed Oct 14 16:28:20 UTC 2020 About to sleep for 5.0 seconds before running or rerunning.  Test is: /home/travis/build/icyphy/ptII/ptolemy/actor/lib/jjs/modules/dsp/demo/AudioFFT/AudioFFT.xml
Done sleeping
Exported /home/travis/build/icyphy/ptII/ptolemy/actor/lib/jjs/modules/dsp/demo/AudioFFT/AudioFFT/index.html
10684 ms. Memory: 2903040K Free: 856048K (29%)
####### 32 Wed Oct 14 16:28:36 UTC 2020 $PTII/bin/ptinvoke ptolemy.vergil.basic.export.ExportModel -force htm -run -openComposites -timeOut 30000 -whiteBackground ptolemy/actor/lib/jjs/modules/dsp/demo/AudioFFT/SinusoidFFT.xml $PTII/ptolemy/actor/lib/jjs/modules/dsp/demo/AudioFFT/SinusoidFFT
----------------- Wed Oct 14 16:28:36 UTC 2020 About to sleep for 5.0 seconds before running or rerunning.  Test is: /home/travis/build/icyphy/ptII/ptolemy/actor/lib/jjs/modules/dsp/demo/AudioFFT/SinusoidFFT.xml
Done sleeping
Running .SinusoidFFT
6401 ms. Memory: 2903040K Free: 1547770K (53%)
Exported /home/travis/build/icyphy/ptII/ptolemy/actor/lib/jjs/modules/dsp/demo/AudioFFT/SinusoidFFT/index.html
13917 ms. Memory: 2903040K Free: 2247623K (77%)
####### 33 Wed Oct 14 16:28:54 UTC 2020 $PTII/bin/ptinvoke ptolemy.vergil.basic.export.ExportModel -force htm -run -openComposites -timeOut 30000 -whiteBackground ptolemy/actor/lib/jjs/modules/eventbus/demo/VertxBus/VertxBus.xml $PTII/ptolemy/actor/lib/jjs/modules/eventbus/demo/VertxBus/VertxBus
----------------- Wed Oct 14 16:28:54 UTC 2020 About to sleep for 5.0 seconds before running or rerunning.  Test is: /home/travis/build/icyphy/ptII/ptolemy/actor/lib/jjs/modules/eventbus/demo/VertxBus/VertxBus.xml
Done sleeping
Running .VertxBus
16271 ms. Memory: 2903040K Free: 1761278K (61%)
Exported /home/travis/build/icyphy/ptII/ptolemy/actor/lib/jjs/modules/eventbus/demo/VertxBus/VertxBus/index.html
23912 ms. Memory: 2903040K Free: 1723364K (59%)
####### 34 Wed Oct 14 16:29:23 UTC 2020 $PTII/bin/ptinvoke ptolemy.vergil.basic.export.ExportModel -force htm -run -openComposites -timeOut 30000 -whiteBackground ptolemy/actor/lib/jjs/modules/eventbus/demo/VertxChat/VertxChat.xml $PTII/ptolemy/actor/lib/jjs/modules/eventbus/demo/VertxChat/VertxChat
----------------- Wed Oct 14 16:29:23 UTC 2020 About to sleep for 5.0 seconds before running or rerunning.  Test is: /home/travis/build/icyphy/ptII/ptolemy/actor/lib/jjs/modules/eventbus/demo/VertxChat/VertxChat.xml
Done sleeping
.VertxChat.ThreadedComposite.InteractiveShell invoked SwingUtilities.invokeAndWait()
Model ".VertxChat" contains actors such cannot be run  as part of the export process from ExportModel or it has a WebExportParameters value that runBeforeExport set to false. To export run this model and export it, use vergil.
Exported /home/travis/build/icyphy/ptII/ptolemy/actor/lib/jjs/modules/eventbus/demo/VertxChat/VertxChat/index.html
8645 ms. Memory: 2903040K Free: 2120795K (73%)
####### 35 Wed Oct 14 16:29:37 UTC 2020 $PTII/bin/ptinvoke ptolemy.vergil.basic.export.ExportModel -force htm -run -openComposites -timeOut 30000 -whiteBackground ptolemy/actor/lib/jjs/modules/faceDetector/demo/FaceDetector/FaceDetector.xml $PTII/ptolemy/actor/lib/jjs/modules/faceDetector/demo/FaceDetector/FaceDetector
----------------- Wed Oct 14 16:29:37 UTC 2020 About to sleep for 5.0 seconds before running or rerunning.  Test is: /home/travis/build/icyphy/ptII/ptolemy/actor/lib/jjs/modules/faceDetector/demo/FaceDetector/FaceDetector.xml
Done sleeping
Running .FaceDetector
3533 ms. Memory: 2903040K Free: 1775614K (61%)
Exported /home/travis/build/icyphy/ptII/ptolemy/actor/lib/jjs/modules/faceDetector/demo/FaceDetector/FaceDetector/index.html
9762 ms. Memory: 2903040K Free: 1737189K (60%)
####### 36 Wed Oct 14 16:29:52 UTC 2020 $PTII/bin/ptinvoke ptolemy.vergil.basic.export.ExportModel -force htm -run -openComposites -timeOut 30000 -whiteBackground ptolemy/actor/lib/jjs/modules/faceDetector/demo/FaceDetectorCamera/FaceDetectorCamera.xml $PTII/ptolemy/actor/lib/jjs/modules/faceDetector/demo/FaceDetectorCamera/FaceDetectorCamera
----------------- Wed Oct 14 16:29:52 UTC 2020 About to sleep for 5.0 seconds before running or rerunning.  Test is: /home/travis/build/icyphy/ptII/ptolemy/actor/lib/jjs/modules/faceDetector/demo/FaceDetectorCamera/FaceDetectorCamera.xml
Done sleeping
Running .FaceDetectorCamera
ExportHTMLTimer went off after 30000 ms., calling getDirector().finish and getDirector().stopFire()
30120 ms. Memory: 2903040K Free: 531454K (18%)
Exported /home/travis/build/icyphy/ptII/ptolemy/actor/lib/jjs/modules/faceDetector/demo/FaceDetectorCamera/FaceDetectorCamera/index.html
38127 ms. Memory: 2903040K Free: 490997K (17%)
####### 37 Wed Oct 14 16:30:35 UTC 2020 $PTII/bin/ptinvoke ptolemy.vergil.basic.export.ExportModel -force htm -run -openComposites -timeOut 30000 -whiteBackground ptolemy/actor/lib/jjs/modules/faceDetector/demo/OccupancyCount/OccupancyCount.xml $PTII/ptolemy/actor/lib/jjs/modules/faceDetector/demo/OccupancyCount/OccupancyCount
----------------- Wed Oct 14 16:30:35 UTC 2020 About to sleep for 5.0 seconds before running or rerunning.  Test is: /home/travis/build/icyphy/ptII/ptolemy/actor/lib/jjs/modules/faceDetector/demo/OccupancyCount/OccupancyCount.xml
Done sleeping
Running .OccupancyCount
ExportHTMLTimer went off after 30000 ms., calling getDirector().finish and getDirector().stopFire()
30073 ms. Memory: 3042304K Free: 1771006K (58%)
Exported /home/travis/build/icyphy/ptII/ptolemy/actor/lib/jjs/modules/faceDetector/demo/OccupancyCount/OccupancyCount/index.html
37678 ms. Memory: 3042304K Free: 1731048K (57%)
####### 38 Wed Oct 14 16:31:18 UTC 2020 $PTII/bin/ptinvoke ptolemy.vergil.basic.export.ExportModel -force htm  -openComposites -timeOut 30000 -whiteBackground ptolemy/actor/lib/jjs/modules/httpClient/demo/REST/REST.xml $PTII/ptolemy/actor/lib/jjs/modules/httpClient/demo/REST/REST
Warning: not running ptolemy/actor/lib/jjs/modules/httpClient/demo/REST/REST.xml. See ptolemy/vergil/basic/export/test/junit/ExportModelJUnitTest.java
----------------- Wed Oct 14 16:31:18 UTC 2020 About to sleep for 5.0 seconds before running or rerunning.  Test is: /home/travis/build/icyphy/ptII/ptolemy/actor/lib/jjs/modules/httpClient/demo/REST/REST.xml
Done sleeping
Exported /home/travis/build/icyphy/ptII/ptolemy/actor/lib/jjs/modules/httpClient/demo/REST/REST/index.html
3128 ms. Memory: 3042304K Free: 1613808K (53%)
####### 39 Wed Oct 14 16:31:26 UTC 2020 $PTII/bin/ptinvoke ptolemy.vergil.basic.export.ExportModel -force htm -run -openComposites -timeOut 30000 -whiteBackground ptolemy/actor/lib/jjs/modules/httpClient/demo/REST/RESTSimple.xml $PTII/ptolemy/actor/lib/jjs/modules/httpClient/demo/REST/RESTSimple
----------------- Wed Oct 14 16:31:26 UTC 2020 About to sleep for 5.0 seconds before running or rerunning.  Test is: /home/travis/build/icyphy/ptII/ptolemy/actor/lib/jjs/modules/httpClient/demo/REST/RESTSimple.xml
Done sleeping
Running .RESTSimple
REST: Making an HTTP request. (Thread[AWT-EventQueue-0,6,main])
REST: Making an HTTP request. (Thread[AWT-EventQueue-0,6,main])
true
4398 ms. Memory: 3042304K Free: 1714174K (56%)
Exported /home/travis/build/icyphy/ptII/ptolemy/actor/lib/jjs/modules/httpClient/demo/REST/RESTSimple/index.html
10353 ms. Memory: 3042304K Free: 1677622K (55%)
####### 40 Wed Oct 14 16:31:41 UTC 2020 $PTII/bin/ptinvoke ptolemy.vergil.basic.export.ExportModel -force htm  -openComposites -timeOut 30000 -whiteBackground ptolemy/actor/lib/jjs/modules/httpClient/demo/REST/Weather.xml $PTII/ptolemy/actor/lib/jjs/modules/httpClient/demo/REST/Weather
Warning: not running ptolemy/actor/lib/jjs/modules/httpClient/demo/REST/Weather.xml. See ptolemy/vergil/basic/export/test/junit/ExportModelJUnitTest.java
----------------- Wed Oct 14 16:31:41 UTC 2020 About to sleep for 5.0 seconds before running or rerunning.  Test is: /home/travis/build/icyphy/ptII/ptolemy/actor/lib/jjs/modules/httpClient/demo/REST/Weather.xml
Done sleeping
Exported /home/travis/build/icyphy/ptII/ptolemy/actor/lib/jjs/modules/httpClient/demo/REST/Weather/index.html
7396 ms. Memory: 3042304K Free: 1952243K (64%)
####### 41 Wed Oct 14 16:31:53 UTC 2020 $PTII/bin/ptinvoke ptolemy.vergil.basic.export.ExportModel -force htm -run -openComposites -timeOut 30000 -whiteBackground ptolemy/actor/lib/jjs/modules/httpServer/demo/HttpServer/HttpServer.xml $PTII/ptolemy/actor/lib/jjs/modules/httpServer/demo/HttpServer/HttpServer
----------------- Wed Oct 14 16:31:53 UTC 2020 About to sleep for 5.0 seconds before running or rerunning.  Test is: /home/travis/build/icyphy/ptII/ptolemy/actor/lib/jjs/modules/httpServer/demo/HttpServer/HttpServer.xml
Done sleeping
Running .HttpServer
JavaScript: Server is listening. (Thread[vert.x-eventloop-thread-1,6,main])
ExportHTMLTimer went off after 30000 ms., calling getDirector().finish and getDirector().stopFire()
30017 ms. Memory: 3042304K Free: 840702K (28%)
Exported /home/travis/build/icyphy/ptII/ptolemy/actor/lib/jjs/modules/httpServer/demo/HttpServer/HttpServer/index.html
35743 ms. Memory: 3042304K Free: 803307K (26%)
####### 42 Wed Oct 14 16:32:34 UTC 2020 $PTII/bin/ptinvoke ptolemy.vergil.basic.export.ExportModel -force htm -run -openComposites -timeOut 30000 -whiteBackground ptolemy/actor/lib/jjs/modules/httpServer/demo/KeyValueStoreClient/KeyValueStoreClient.xml $PTII/ptolemy/actor/lib/jjs/modules/httpServer/demo/KeyValueStoreClient/KeyValueStoreClient
----------------- Wed Oct 14 16:32:34 UTC 2020 About to sleep for 5.0 seconds before running or rerunning.  Test is: /home/travis/build/icyphy/ptII/ptolemy/actor/lib/jjs/modules/httpServer/demo/KeyValueStoreClient/KeyValueStoreClient.xml
Done sleeping
Running .KeyValueStoreClient
KeyValueStore: Making an HTTP request. (Thread[AWT-EventQueue-0,6,main])
KeyValueStore: Making an HTTP request. (Thread[AWT-EventQueue-0,6,main])
KeyValueStore: Making an HTTP request. (Thread[AWT-EventQueue-0,6,main])
KeyValueStore: Making an HTTP request. (Thread[AWT-EventQueue-0,6,main])
KeyValueStore: Making an HTTP request. (Thread[AWT-EventQueue-0,6,main])
KeyValueStore: Making an HTTP request. (Thread[AWT-EventQueue-0,6,main])
KeyValueStore: Making an HTTP request. (Thread[AWT-EventQueue-0,6,main])
KeyValueStore: Making an HTTP request. (Thread[AWT-EventQueue-0,6,main])
KeyValueStore: Making an HTTP request. (Thread[AWT-EventQueue-0,6,main])
KeyValueStore: Making an HTTP request. (Thread[AWT-EventQueue-0,6,main])
KeyValueStore: Making an HTTP request. (Thread[AWT-EventQueue-0,6,main])
ExportHTMLTimer went off after 30000 ms., calling getDirector().finish and getDirector().stopFire()
30042 ms. Memory: 3042304K Free: 1069566K (35%)
Exported /home/travis/build/icyphy/ptII/ptolemy/actor/lib/jjs/modules/httpServer/demo/KeyValueStoreClient/KeyValueStoreClient/index.html
39137 ms. Memory: 3042304K Free: 1028582K (34%)
####### 43 Wed Oct 14 16:33:18 UTC 2020 $PTII/bin/ptinvoke ptolemy.vergil.basic.export.ExportModel -force htm -run -openComposites -timeOut 30000 -whiteBackground ptolemy/actor/lib/jjs/modules/httpServer/demo/KeyValueStoreClient/KeyValueStoreServer.xml $PTII/ptolemy/actor/lib/jjs/modules/httpServer/demo/KeyValueStoreClient/KeyValueStoreServer
----------------- Wed Oct 14 16:33:18 UTC 2020 About to sleep for 5.0 seconds before running or rerunning.  Test is: /home/travis/build/icyphy/ptII/ptolemy/actor/lib/jjs/modules/httpServer/demo/KeyValueStoreClient/KeyValueStoreServer.xml
Done sleeping
Opened file:/home/travis/build/icyphy/ptII/ptolemy/actor/lib/jjs/modules/httpServer/demo/KeyValueStoreClient/KeyValueStoreServer.xml in 11564 ms.
Size Statistics for .KeyValueStoreServer
AtomicEntities: 9
CompositeEntities: 0
OpaqueCompositeEntities: 0
Relations: 17
Attributes: 62
Atomic Actor Names and Counts:
ptolemy.actor.lib.jjs.JavaScript 6
org.terraswarm.accessor.JSAccessor 1
ptolemy.actor.lib.Dictionary 1
ptolemy.actor.lib.conversions.json.TokenToJSON 1

Composite Entity Depths and Counts:

Running .KeyValueStoreServer
preinitialize() finished: 12178 ms. Memory: 3042304K Free: 1656832K (54%)
WebServer: WebServer: Creating new server. (Thread[AWT-EventQueue-0,6,main])
WebServer: WebServer: Listening for requests. (Thread[vert.x-eventloop-thread-0,6,main])
Manager.initialize() finished: 20379 ms. Memory: 3042304K Free: 889854K (29%)
ExportHTMLTimer went off after 30000 ms., calling getDirector().finish and getDirector().stopFire()
WebServer: WebServer: Stopping the server. (Thread[AWT-EventQueue-0,6,main])
30082 ms. Memory: 3042304K Free: 867326K (29%)
Exported /home/travis/build/icyphy/ptII/ptolemy/actor/lib/jjs/modules/httpServer/demo/KeyValueStoreClient/KeyValueStoreServer/index.html
45816 ms. Memory: 3042304K Free: 801603K (26%)
####### 44 Wed Oct 14 16:34:09 UTC 2020 $PTII/bin/ptinvoke ptolemy.vergil.basic.export.ExportModel -force htm -run -openComposites -timeOut 30000 -whiteBackground ptolemy/actor/lib/jjs/modules/httpServer/demo/KeyValueStoreClient/KeyValueStoreServerTerra.xml $PTII/ptolemy/actor/lib/jjs/modules/httpServer/demo/KeyValueStoreClient/KeyValueStoreServerTerra
----------------- Wed Oct 14 16:34:09 UTC 2020 About to sleep for 5.0 seconds before running or rerunning.  Test is: /home/travis/build/icyphy/ptII/ptolemy/actor/lib/jjs/modules/httpServer/demo/KeyValueStoreClient/KeyValueStoreServerTerra.xml
Done sleeping
Opened file:/home/travis/build/icyphy/ptII/ptolemy/actor/lib/jjs/modules/httpServer/demo/KeyValueStoreClient/KeyValueStoreServerTerra.xml in 15644 ms.
Size Statistics for .KeyValueStoreServerTerra
AtomicEntities: 9
CompositeEntities: 0
OpaqueCompositeEntities: 0
Relations: 17
Attributes: 62
Atomic Actor Names and Counts:
ptolemy.actor.lib.jjs.JavaScript 6
org.terraswarm.accessor.JSAccessor 1
ptolemy.actor.lib.Dictionary 1
ptolemy.actor.lib.conversions.json.TokenToJSON 1

Composite Entity Depths and Counts:

Running .KeyValueStoreServerTerra
preinitialize() finished: 11355 ms. Memory: 3042304K Free: 1544192K (51%)
WebServer: WebServer: Creating new server. (Thread[AWT-EventQueue-0,6,main])
WebServer: WebServer: Listening for requests. (Thread[vert.x-eventloop-thread-1,6,main])
Manager.initialize() finished: 19569 ms. Memory: 3042304K Free: 1414656K (46%)
ExportHTMLTimer went off after 30000 ms., calling getDirector().finish and getDirector().stopFire()
WebServer: WebServer: Stopping the server. (Thread[AWT-EventQueue-0,6,main])
30080 ms. Memory: 3042304K Free: 1393152K (46%)
Exported /home/travis/build/icyphy/ptII/ptolemy/actor/lib/jjs/modules/httpServer/demo/KeyValueStoreClient/KeyValueStoreServerTerra/index.html
49890 ms. Memory: 3042304K Free: 1328095K (44%)
####### 45 Wed Oct 14 16:35:04 UTC 2020 $PTII/bin/ptinvoke ptolemy.vergil.basic.export.ExportModel -force htm -run -openComposites -timeOut 30000 -whiteBackground ptolemy/actor/lib/jjs/modules/httpServer/demo/WebServer/WebServer.xml $PTII/ptolemy/actor/lib/jjs/modules/httpServer/demo/WebServer/WebServer
----------------- Wed Oct 14 16:35:04 UTC 2020 About to sleep for 5.0 seconds before running or rerunning.  Test is: /home/travis/build/icyphy/ptII/ptolemy/actor/lib/jjs/modules/httpServer/demo/WebServer/WebServer.xml
Done sleeping
Running .WebServer
WebServer: WebServer: Creating new server. (Thread[AWT-EventQueue-0,6,main])
WebServer: WebServer: Listening for requests. (Thread[vert.x-eventloop-thread-3,6,main])
Manager.initialize() finished: 12637 ms. Memory: 3042304K Free: 1544704K (51%)
REST: Making an HTTP request. (Thread[AWT-EventQueue-0,6,main])
WebServer: Server received request. (Thread[AWT-EventQueue-0,6,main])
true
REST: Making an HTTP request. (Thread[AWT-EventQueue-0,6,main])
WebServer: Server received request. (Thread[AWT-EventQueue-0,6,main])
true
REST: Making an HTTP request. (Thread[AWT-EventQueue-0,6,main])
WebServer: Server received request. (Thread[AWT-EventQueue-0,6,main])
true
REST: Making an HTTP request. (Thread[AWT-EventQueue-0,6,main])
WebServer: Server received request. (Thread[AWT-EventQueue-0,6,main])
true
REST: Making an HTTP request. (Thread[AWT-EventQueue-0,6,main])
WebServer: Server received request. (Thread[AWT-EventQueue-0,6,main])
true
ExportHTMLTimer went off after 30000 ms., calling getDirector().finish and getDirector().stopFire()
WebServer: WebServer: Stopping the server. (Thread[AWT-EventQueue-0,6,main])
30052 ms. Memory: 3042304K Free: 1403392K (46%)
Exported /home/travis/build/icyphy/ptII/ptolemy/actor/lib/jjs/modules/httpServer/demo/WebServer/WebServer/index.html
41485 ms. Memory: 3042304K Free: 1364943K (45%)
####### 46 Wed Oct 14 16:35:51 UTC 2020 $PTII/bin/ptinvoke ptolemy.vergil.basic.export.ExportModel -force htm -run -openComposites -timeOut 30000 -whiteBackground ptolemy/actor/lib/jjs/modules/imageFilters/demo/ImageAnnotate/ImageAnnotate.xml $PTII/ptolemy/actor/lib/jjs/modules/imageFilters/demo/ImageAnnotate/ImageAnnotate
----------------- Wed Oct 14 16:35:51 UTC 2020 About to sleep for 5.0 seconds before running or rerunning.  Test is: /home/travis/build/icyphy/ptII/ptolemy/actor/lib/jjs/modules/imageFilters/demo/ImageAnnotate/ImageAnnotate.xml
Done sleeping
Running .ImageAnnotate
Manager.initialize() finished: 10686 ms. Memory: 3042304K Free: 756734K (25%)
ExportHTMLTimer went off after 30000 ms., calling getDirector().finish and getDirector().stopFire()
30067 ms. Memory: 3276800K Free: 271872K (8%)
Exported /home/travis/build/icyphy/ptII/ptolemy/actor/lib/jjs/modules/imageFilters/demo/ImageAnnotate/ImageAnnotate/index.html
40358 ms. Memory: 3276800K Free: 224745K (7%)
####### 47 Wed Oct 14 16:36:36 UTC 2020 $PTII/bin/ptinvoke ptolemy.vergil.basic.export.ExportModel -force htm -run -openComposites -timeOut 30000 -whiteBackground ptolemy/actor/lib/jjs/modules/imageFilters/demo/ImageFilters/Annotate.xml $PTII/ptolemy/actor/lib/jjs/modules/imageFilters/demo/ImageFilters/Annotate
----------------- Wed Oct 14 16:36:36 UTC 2020 About to sleep for 5.0 seconds before running or rerunning.  Test is: /home/travis/build/icyphy/ptII/ptolemy/actor/lib/jjs/modules/imageFilters/demo/ImageFilters/Annotate.xml
Done sleeping
Running .Annotate
27640 ms. Memory: 3276800K Free: 453957K (14%)
Exported /home/travis/build/icyphy/ptII/ptolemy/actor/lib/jjs/modules/imageFilters/demo/ImageFilters/Annotate/index.html
35278 ms. Memory: 3276800K Free: 420651K (13%)
####### 48 Wed Oct 14 16:37:16 UTC 2020 $PTII/bin/ptinvoke ptolemy.vergil.basic.export.ExportModel -force htm -run -openComposites -timeOut 30000 -whiteBackground ptolemy/actor/lib/jjs/modules/imageFilters/demo/ImageFilters/Average.xml $PTII/ptolemy/actor/lib/jjs/modules/imageFilters/demo/ImageFilters/Average
----------------- Wed Oct 14 16:37:16 UTC 2020 About to sleep for 5.0 seconds before running or rerunning.  Test is: /home/travis/build/icyphy/ptII/ptolemy/actor/lib/jjs/modules/imageFilters/demo/ImageFilters/Average.xml
Done sleeping
Running .Average
28175 ms. Memory: 3276800K Free: 1119742K (34%)
Exported /home/travis/build/icyphy/ptII/ptolemy/actor/lib/jjs/modules/imageFilters/demo/ImageFilters/Average/index.html
36110 ms. Memory: 3276800K Free: 1086432K (33%)
####### 49 Wed Oct 14 16:37:57 UTC 2020 $PTII/bin/ptinvoke ptolemy.vergil.basic.export.ExportModel -force htm -run -openComposites -timeOut 30000 -whiteBackground ptolemy/actor/lib/jjs/modules/imageFilters/demo/ImageFilters/BicubicScale.xml $PTII/ptolemy/actor/lib/jjs/modules/imageFilters/demo/ImageFilters/BicubicScale
----------------- Wed Oct 14 16:37:57 UTC 2020 About to sleep for 5.0 seconds before running or rerunning.  Test is: /home/travis/build/icyphy/ptII/ptolemy/actor/lib/jjs/modules/imageFilters/demo/ImageFilters/BicubicScale.xml
Done sleeping
Running .BicubicScale
26649 ms. Memory: 3276800K Free: 769534K (23%)
Exported /home/travis/build/icyphy/ptII/ptolemy/actor/lib/jjs/modules/imageFilters/demo/ImageFilters/BicubicScale/index.html
34390 ms. Memory: 3276800K Free: 737763K (23%)
####### 50 Wed Oct 14 16:38:37 UTC 2020 $PTII/bin/ptinvoke ptolemy.vergil.basic.export.ExportModel -force htm -run -openComposites -timeOut 30000 -whiteBackground ptolemy/actor/lib/jjs/modules/imageFilters/demo/ImageFilters/Block.xml $PTII/ptolemy/actor/lib/jjs/modules/imageFilters/demo/ImageFilters/Block
----------------- Wed Oct 14 16:38:37 UTC 2020 About to sleep for 5.0 seconds before running or rerunning.  Test is: /home/travis/build/icyphy/ptII/ptolemy/actor/lib/jjs/modules/imageFilters/demo/ImageFilters/Block.xml
Done sleeping
Running .Block
26943 ms. Memory: 3276800K Free: 386558K (12%)
Exported /home/travis/build/icyphy/ptII/ptolemy/actor/lib/jjs/modules/imageFilters/demo/ImageFilters/Block/index.html
34853 ms. Memory: 3276800K Free: 353728K (11%)
####### 51 Wed Oct 14 16:39:17 UTC 2020 $PTII/bin/ptinvoke ptolemy.vergil.basic.export.ExportModel -force htm -run -openComposites -timeOut 30000 -whiteBackground ptolemy/actor/lib/jjs/modules/imageFilters/demo/ImageFilters/Border.xml $PTII/ptolemy/actor/lib/jjs/modules/imageFilters/demo/ImageFilters/Border
----------------- Wed Oct 14 16:39:17 UTC 2020 About to sleep for 5.0 seconds before running or rerunning.  Test is: /home/travis/build/icyphy/ptII/ptolemy/actor/lib/jjs/modules/imageFilters/demo/ImageFilters/Border.xml
Done sleeping
Running .Border
26925 ms. Memory: 3276800K Free: 330237K (10%)
Exported /home/travis/build/icyphy/ptII/ptolemy/actor/lib/jjs/modules/imageFilters/demo/ImageFilters/Border/index.html
34828 ms. Memory: 3276800K Free: 296939K (9%)
####### 52 Wed Oct 14 16:39:56 UTC 2020 $PTII/bin/ptinvoke ptolemy.vergil.basic.export.ExportModel -force htm -run -openComposites -timeOut 30000 -whiteBackground ptolemy/actor/lib/jjs/modules/imageFilters/demo/ImageFilters/BoxBlur.xml $PTII/ptolemy/actor/lib/jjs/modules/imageFilters/demo/ImageFilters/BoxBlur
----------------- Wed Oct 14 16:39:56 UTC 2020 About to sleep for 5.0 seconds before running or rerunning.  Test is: /home/travis/build/icyphy/ptII/ptolemy/actor/lib/jjs/modules/imageFilters/demo/ImageFilters/BoxBlur.xml
Done sleeping
Running .BoxBlur
28082 ms. Memory: 3276800K Free: 1206850K (37%)
Exported /home/travis/build/icyphy/ptII/ptolemy/actor/lib/jjs/modules/imageFilters/demo/ImageFilters/BoxBlur/index.html
36233 ms. Memory: 3276800K Free: 1207088K (37%)
####### 53 Wed Oct 14 16:40:38 UTC 2020 $PTII/bin/ptinvoke ptolemy.vergil.basic.export.ExportModel -force htm -run -openComposites -timeOut 30000 -whiteBackground ptolemy/actor/lib/jjs/modules/imageFilters/demo/ImageFilters/Bump.xml $PTII/ptolemy/actor/lib/jjs/modules/imageFilters/demo/ImageFilters/Bump
----------------- Wed Oct 14 16:40:38 UTC 2020 About to sleep for 5.0 seconds before running or rerunning.  Test is: /home/travis/build/icyphy/ptII/ptolemy/actor/lib/jjs/modules/imageFilters/demo/ImageFilters/Bump.xml
Done sleeping
Running .Bump
27479 ms. Memory: 3276800K Free: 1115134K (34%)
Exported /home/travis/build/icyphy/ptII/ptolemy/actor/lib/jjs/modules/imageFilters/demo/ImageFilters/Bump/index.html
35159 ms. Memory: 3276800K Free: 1087459K (33%)
####### 54 Wed Oct 14 16:41:18 UTC 2020 $PTII/bin/ptinvoke ptolemy.vergil.basic.export.ExportModel -force htm -run -openComposites -timeOut 30000 -whiteBackground ptolemy/actor/lib/jjs/modules/imageFilters/demo/ImageFilters/ChannelMix.xml $PTII/ptolemy/actor/lib/jjs/modules/imageFilters/demo/ImageFilters/ChannelMix
----------------- Wed Oct 14 16:41:18 UTC 2020 About to sleep for 5.0 seconds before running or rerunning.  Test is: /home/travis/build/icyphy/ptII/ptolemy/actor/lib/jjs/modules/imageFilters/demo/ImageFilters/ChannelMix.xml
Done sleeping
Running .ChannelMix
27032 ms. Memory: 3276800K Free: 224256K (7%)
Exported /home/travis/build/icyphy/ptII/ptolemy/actor/lib/jjs/modules/imageFilters/demo/ImageFilters/ChannelMix/index.html
34646 ms. Memory: 3276800K Free: 190947K (6%)
####### 55 Wed Oct 14 16:41:57 UTC 2020 $PTII/bin/ptinvoke ptolemy.vergil.basic.export.ExportModel -force htm -run -openComposites -timeOut 30000 -whiteBackground ptolemy/actor/lib/jjs/modules/imageFilters/demo/ImageFilters/Chrome.xml $PTII/ptolemy/actor/lib/jjs/modules/imageFilters/demo/ImageFilters/Chrome
----------------- Wed Oct 14 16:41:57 UTC 2020 About to sleep for 5.0 seconds before running or rerunning.  Test is: /home/travis/build/icyphy/ptII/ptolemy/actor/lib/jjs/modules/imageFilters/demo/ImageFilters/Chrome.xml
Done sleeping
Running .Chrome
ExportHTMLTimer went off after 30000 ms., calling getDirector().finish and getDirector().stopFire()
30126 ms. Memory: 3276800K Free: 671887K (21%)
Exported /home/travis/build/icyphy/ptII/ptolemy/actor/lib/jjs/modules/imageFilters/demo/ImageFilters/Chrome/index.html
37931 ms. Memory: 3276800K Free: 639091K (20%)
####### 56 Wed Oct 14 16:42:40 UTC 2020 $PTII/bin/ptinvoke ptolemy.vergil.basic.export.ExportModel -force htm -run -openComposites -timeOut 30000 -whiteBackground ptolemy/actor/lib/jjs/modules/imageFilters/demo/ImageFilters/Circle.xml $PTII/ptolemy/actor/lib/jjs/modules/imageFilters/demo/ImageFilters/Circle
----------------- Wed Oct 14 16:42:40 UTC 2020 About to sleep for 5.0 seconds before running or rerunning.  Test is: /home/travis/build/icyphy/ptII/ptolemy/actor/lib/jjs/modules/imageFilters/demo/ImageFilters/Circle.xml
Done sleeping
Running .Circle
27343 ms. Memory: 3276800K Free: 337419K (10%)
Exported /home/travis/build/icyphy/ptII/ptolemy/actor/lib/jjs/modules/imageFilters/demo/ImageFilters/Circle/index.html
35261 ms. Memory: 3276800K Free: 304111K (9%)
####### 57 Wed Oct 14 16:43:21 UTC 2020 $PTII/bin/ptinvoke ptolemy.vergil.basic.export.ExportModel -force htm -run -openComposites -timeOut 30000 -whiteBackground ptolemy/actor/lib/jjs/modules/imageFilters/demo/ImageFilters/ColorHalftone.xml $PTII/ptolemy/actor/lib/jjs/modules/imageFilters/demo/ImageFilters/ColorHalftone
----------------- Wed Oct 14 16:43:21 UTC 2020 About to sleep for 5.0 seconds before running or rerunning.  Test is: /home/travis/build/icyphy/ptII/ptolemy/actor/lib/jjs/modules/imageFilters/demo/ImageFilters/ColorHalftone.xml
Done sleeping
Running .ColorHalftone
29643 ms. Memory: 3276800K Free: 1001702K (31%)
Exported /home/travis/build/icyphy/ptII/ptolemy/actor/lib/jjs/modules/imageFilters/demo/ImageFilters/ColorHalftone/index.html
37744 ms. Memory: 3276800K Free: 974026K (30%)
####### 58 Wed Oct 14 16:44:03 UTC 2020 $PTII/bin/ptinvoke ptolemy.vergil.basic.export.ExportModel -force htm -run -openComposites -timeOut 30000 -whiteBackground ptolemy/actor/lib/jjs/modules/imageFilters/demo/ImageFilters/Contour.xml $PTII/ptolemy/actor/lib/jjs/modules/imageFilters/demo/ImageFilters/Contour
----------------- Wed Oct 14 16:44:03 UTC 2020 About to sleep for 5.0 seconds before running or rerunning.  Test is: /home/travis/build/icyphy/ptII/ptolemy/actor/lib/jjs/modules/imageFilters/demo/ImageFilters/Contour.xml
Done sleeping
Running .Contour
28186 ms. Memory: 3276800K Free: 1253374K (38%)
Exported /home/travis/build/icyphy/ptII/ptolemy/actor/lib/jjs/modules/imageFilters/demo/ImageFilters/Contour/index.html
36213 ms. Memory: 3276800K Free: 1220565K (37%)
####### 59 Wed Oct 14 16:44:45 UTC 2020 $PTII/bin/ptinvoke ptolemy.vergil.basic.export.ExportModel -force htm -run -openComposites -timeOut 30000 -whiteBackground ptolemy/actor/lib/jjs/modules/imageFilters/demo/ImageFilters/Contrast.xml $PTII/ptolemy/actor/lib/jjs/modules/imageFilters/demo/ImageFilters/Contrast
----------------- Wed Oct 14 16:44:45 UTC 2020 About to sleep for 5.0 seconds before running or rerunning.  Test is: /home/travis/build/icyphy/ptII/ptolemy/actor/lib/jjs/modules/imageFilters/demo/ImageFilters/Contrast.xml
Done sleeping
Running .Contrast
28163 ms. Memory: 3276800K Free: 147456K (5%)
Exported /home/travis/build/icyphy/ptII/ptolemy/actor/lib/jjs/modules/imageFilters/demo/ImageFilters/Contrast/index.html
35834 ms. Memory: 3276800K Free: 113638K (3%)
####### 60 Wed Oct 14 16:45:25 UTC 2020 $PTII/bin/ptinvoke ptolemy.vergil.basic.export.ExportModel -force htm -run -openComposites -timeOut 30000 -whiteBackground ptolemy/actor/lib/jjs/modules/imageFilters/demo/ImageFilters/Crop.xml $PTII/ptolemy/actor/lib/jjs/modules/imageFilters/demo/ImageFilters/Crop
----------------- Wed Oct 14 16:45:25 UTC 2020 About to sleep for 5.0 seconds before running or rerunning.  Test is: /home/travis/build/icyphy/ptII/ptolemy/actor/lib/jjs/modules/imageFilters/demo/ImageFilters/Crop.xml
Done sleeping
Running .Crop
27872 ms. Memory: 3276800K Free: 172756K (5%)
Exported /home/travis/build/icyphy/ptII/ptolemy/actor/lib/jjs/modules/imageFilters/demo/ImageFilters/Crop/index.html
36217 ms. Memory: 3276800K Free: 142001K (4%)
]]></system-out>
  <system-err><![CDATA[Warning: Nashorn engine is planned to be removed from a future JDK release
Warning: Nashorn engine is planned to be removed from a future JDK release
Warning: Nashorn engine is planned to be removed from a future JDK release
Warning: Nashorn engine is planned to be removed from a future JDK release
Warning: Nashorn engine is planned to be removed from a future JDK release
Warning: Nashorn engine is planned to be removed from a future JDK release
Warning: Nashorn engine is planned to be removed from a future JDK release
Warning: Nashorn engine is planned to be removed from a future JDK release
Warning: Nashorn engine is planned to be removed from a future JDK release
Warning: Nashorn engine is planned to be removed from a future JDK release
Warning: Nashorn engine is planned to be removed from a future JDK release
Warning: Nashorn engine is planned to be removed from a future JDK release
Warning: Nashorn engine is planned to be removed from a future JDK release
Warning: Nashorn engine is planned to be removed from a future JDK release
Warning: Nashorn engine is planned to be removed from a future JDK release
Warning: Nashorn engine is planned to be removed from a future JDK release
Warning: Nashorn engine is planned to be removed from a future JDK release
Warning: Nashorn engine is planned to be removed from a future JDK release
Warning: Nashorn engine is planned to be removed from a future JDK release
Warning: Nashorn engine is planned to be removed from a future JDK release
Warning: Nashorn engine is planned to be removed from a future JDK release
Warning: Nashorn engine is planned to be removed from a future JDK release
Warning: Nashorn engine is planned to be removed from a future JDK release
Warning: Nashorn engine is planned to be removed from a future JDK release
Warning: Nashorn engine is planned to be removed from a future JDK release
Warning: Nashorn engine is planned to be removed from a future JDK release
Warning: Nashorn engine is planned to be removed from a future JDK release
Counted to 99
Warning: Nashorn engine is planned to be removed from a future JDK release
Warning: Nashorn engine is planned to be removed from a future JDK release
Warning: Nashorn engine is planned to be removed from a future JDK release
Warning: Nashorn engine is planned to be removed from a future JDK release
Warning: Nashorn engine is planned to be removed from a future JDK release
[...]
[atomic-processor-1] INFO com.github.sarxos.webcam.ds.cgt.WebcamCloseTask - Closing Dummy Webcam 0
Warning: Nashorn engine is planned to be removed from a future JDK release
Warning: Nashorn engine is planned to be removed from a future JDK release
Warning: Nashorn engine is planned to be removed from a future JDK release
Warning: Nashorn engine is planned to be removed from a future JDK release
Warning: Nashorn engine is planned to be removed from a future JDK release
Warning: Nashorn engine is planned to be removed from a future JDK release
Warning: Nashorn engine is planned to be removed from a future JDK release
Warning: Nashorn engine is planned to be removed from a future JDK release
Warning: Nashorn engine is planned to be removed from a future JDK release
Warning: Nashorn engine is planned to be removed from a future JDK release
Warning: Nashorn engine is planned to be removed from a future JDK release
Warning: Nashorn engine is planned to be removed from a future JDK release
Warning: Nashorn engine is planned to be removed from a future JDK release
Warning: Nashorn engine is planned to be removed from a future JDK release
[atomic-processor-1] INFO com.github.sarxos.webcam.ds.cgt.WebcamOpenTask - Opening webcam Dummy Webcam 0
Warning: Nashorn engine is planned to be removed from a future JDK release
Warning: Nashorn engine is planned to be removed from a future JDK release
WARNING: Invoking send() too late (probably in a callback), so Camera is not able to send the token {type="class ptolemy.data.AWTImageToken", width="640", height="480"} to the output image. Token is discarded.
[atomic-processor-1] INFO com.github.sarxos.webcam.ds.cgt.WebcamCloseTask - Closing Dummy Webcam 0
Warning: Nashorn engine is planned to be removed from a future JDK release
Warning: Nashorn engine is planned to be removed from a future JDK release
Warning: Nashorn engine is planned to be removed from a future JDK release
Warning: Nashorn engine is planned to be removed from a future JDK release
Warning: Nashorn engine is planned to be removed from a future JDK release
Warning: Nashorn engine is planned to be removed from a future JDK release
Warning: Nashorn engine is planned to be removed from a future JDK release
Warning: Nashorn engine is planned to be removed from a future JDK release
Warning: Nashorn engine is planned to be removed from a future JDK release
Warning: Nashorn engine is planned to be removed from a future JDK release
Warning: Nashorn engine is planned to be removed from a future JDK release
Warning: Nashorn engine is planned to be removed from a future JDK release
Warning: Nashorn engine is planned to be removed from a future JDK release
Warning: Nashorn engine is planned to be removed from a future JDK release
[atomic-processor-1] INFO com.github.sarxos.webcam.ds.cgt.WebcamOpenTask - Opening webcam Dummy Webcam 0
Warning: Nashorn engine is planned to be removed from a future JDK release
Warning: Nashorn engine is planned to be removed from a future JDK release
[atomic-processor-1] INFO com.github.sarxos.webcam.ds.cgt.WebcamCloseTask - Closing Dummy Webcam 0
Warning: Nashorn engine is planned to be removed from a future JDK release
Warning: Nashorn engine is planned to be removed from a future JDK release
Warning: Nashorn engine is planned to be removed from a future JDK release
Warning: Nashorn engine is planned to be removed from a future JDK release
Warning: Nashorn engine is planned to be removed from a future JDK release
Warning: Nashorn engine is planned to be removed from a future JDK release
Warning: Nashorn engine is planned to be removed from a future JDK release
Warning: Nashorn engine is planned to be removed from a future JDK release
Warning: Nashorn engine is planned to be removed from a future JDK release
Warning: Nashorn engine is planned to be removed from a future JDK release
Warning: Nashorn engine is planned to be removed from a future JDK release
Warning: Nashorn engine is planned to be removed from a future JDK release
Warning: Nashorn engine is planned to be removed from a future JDK release
Warning: Nashorn engine is planned to be removed from a future JDK release
[atomic-processor-1] INFO com.github.sarxos.webcam.ds.cgt.WebcamOpenTask - Opening webcam Dummy Webcam 0
Warning: Nashorn engine is planned to be removed from a future JDK release
Warning: Nashorn engine is planned to be removed from a future JDK release
WARNING: Invoking send() too late (probably in a callback), so Camera is not able to send the token {type="class ptolemy.data.AWTImageToken", width="640", height="480"} to the output image. Token is discarded.
[atomic-processor-1] INFO com.github.sarxos.webcam.ds.cgt.WebcamCloseTask - Closing Dummy Webcam 0
Warning: Nashorn engine is planned to be removed from a future JDK release
Warning: Nashorn engine is planned to be removed from a future JDK release
Warning: Nashorn engine is planned to be removed from a future JDK release
Warning: Nashorn engine is planned to be removed from a future JDK release
Warning: Nashorn engine is planned to be removed from a future JDK release
Warning: Nashorn engine is planned to be removed from a future JDK release
Warning: Nashorn engine is planned to be removed from a future JDK release
Warning: Nashorn engine is planned to be removed from a future JDK release
Warning: Nashorn engine is planned to be removed from a future JDK release
Warning: Nashorn engine is planned to be removed from a future JDK release
Warning: Nashorn engine is planned to be removed from a future JDK release
Warning: Nashorn engine is planned to be removed from a future JDK release
Warning: Nashorn engine is planned to be removed from a future JDK release
Warning: Nashorn engine is planned to be removed from a future JDK release
[atomic-processor-1] INFO com.github.sarxos.webcam.ds.cgt.WebcamOpenTask - Opening webcam Dummy Webcam 0
Warning: Nashorn engine is planned to be removed from a future JDK release
Warning: Nashorn engine is planned to be removed from a future JDK release
[atomic-processor-1] INFO com.github.sarxos.webcam.ds.cgt.WebcamCloseTask - Closing Dummy Webcam 0
Warning: Nashorn engine is planned to be removed from a future JDK release
Warning: Nashorn engine is planned to be removed from a future JDK release
Warning: Nashorn engine is planned to be removed from a future JDK release
Warning: Nashorn engine is planned to be removed from a future JDK release
Warning: Nashorn engine is planned to be removed from a future JDK release
Warning: Nashorn engine is planned to be removed from a future JDK release
Warning: Nashorn engine is planned to be removed from a future JDK release
Warning: Nashorn engine is planned to be removed from a future JDK release
Warning: Nashorn engine is planned to be removed from a future JDK release
Warning: Nashorn engine is planned to be removed from a future JDK release
Warning: Nashorn engine is planned to be removed from a future JDK release
Warning: Nashorn engine is planned to be removed from a future JDK release
Warning: Nashorn engine is planned to be removed from a future JDK release
Warning: Nashorn engine is planned to be removed from a future JDK release
[atomic-processor-1] INFO com.github.sarxos.webcam.ds.cgt.WebcamOpenTask - Opening webcam Dummy Webcam 0
Warning: Nashorn engine is planned to be removed from a future JDK release
Warning: Nashorn engine is planned to be removed from a future JDK release
WARNING: Invoking send() too late (probably in a callback), so Camera is not able to send the token {type="class ptolemy.data.AWTImageToken", width="640", height="480"} to the output image. Token is discarded.
[atomic-processor-1] INFO com.github.sarxos.webcam.ds.cgt.WebcamCloseTask - Closing Dummy Webcam 0
Warning: Nashorn engine is planned to be removed from a future JDK release
Warning: Nashorn engine is planned to be removed from a future JDK release
Warning: Nashorn engine is planned to be removed from a future JDK release
Warning: Nashorn engine is planned to be removed from a future JDK release
Warning: Nashorn engine is planned to be removed from a future JDK release
Warning: Nashorn engine is planned to be removed from a future JDK release
Warning: Nashorn engine is planned to be removed from a future JDK release
Warning: Nashorn engine is planned to be removed from a future JDK release
Warning: Nashorn engine is planned to be removed from a future JDK release
Warning: Nashorn engine is planned to be removed from a future JDK release
Warning: Nashorn engine is planned to be removed from a future JDK release
Warning: Nashorn engine is planned to be removed from a future JDK release
Warning: Nashorn engine is planned to be removed from a future JDK release
Warning: Nashorn engine is planned to be removed from a future JDK release
[atomic-processor-1] INFO com.github.sarxos.webcam.ds.cgt.WebcamOpenTask - Opening webcam Dummy Webcam 0
Warning: Nashorn engine is planned to be removed from a future JDK release
Warning: Nashorn engine is planned to be removed from a future JDK release
[atomic-processor-1] INFO com.github.sarxos.webcam.ds.cgt.WebcamCloseTask - Closing Dummy Webcam 0
Warning: Nashorn engine is planned to be removed from a future JDK release
Warning: Nashorn engine is planned to be removed from a future JDK release
Warning: Nashorn engine is planned to be removed from a future JDK release
Warning: Nashorn engine is planned to be removed from a future JDK release
Warning: Nashorn engine is planned to be removed from a future JDK release
Warning: Nashorn engine is planned to be removed from a future JDK release
Warning: Nashorn engine is planned to be removed from a future JDK release
Warning: Nashorn engine is planned to be removed from a future JDK release
Warning: Nashorn engine is planned to be removed from a future JDK release
Warning: Nashorn engine is planned to be removed from a future JDK release
Warning: Nashorn engine is planned to be removed from a future JDK release
Warning: Nashorn engine is planned to be removed from a future JDK release
Warning: Nashorn engine is planned to be removed from a future JDK release
Warning: Nashorn engine is planned to be removed from a future JDK release
[atomic-processor-1] INFO com.github.sarxos.webcam.ds.cgt.WebcamOpenTask - Opening webcam Dummy Webcam 0
Warning: Nashorn engine is planned to be removed from a future JDK release
Warning: Nashorn engine is planned to be removed from a future JDK release
[atomic-processor-1] INFO com.github.sarxos.webcam.ds.cgt.WebcamCloseTask - Closing Dummy Webcam 0
Warning: Nashorn engine is planned to be removed from a future JDK release
Warning: Nashorn engine is planned to be removed from a future JDK release
Warning: Nashorn engine is planned to be removed from a future JDK release
Warning: Nashorn engine is planned to be removed from a future JDK release
Warning: Nashorn engine is planned to be removed from a future JDK release
Warning: Nashorn engine is planned to be removed from a future JDK release
Warning: Nashorn engine is planned to be removed from a future JDK release
Warning: Nashorn engine is planned to be removed from a future JDK release
Warning: Nashorn engine is planned to be removed from a future JDK release
Warning: Nashorn engine is planned to be removed from a future JDK release
Warning: Nashorn engine is planned to be removed from a future JDK release
Warning: Nashorn engine is planned to be removed from a future JDK release
Warning: Nashorn engine is planned to be removed from a future JDK release
Warning: Nashorn engine is planned to be removed from a future JDK release
[atomic-processor-1] INFO com.github.sarxos.webcam.ds.cgt.WebcamOpenTask - Opening webcam Dummy Webcam 0
Warning: Nashorn engine is planned to be removed from a future JDK release
Warning: Nashorn engine is planned to be removed from a future JDK release
[atomic-processor-1] INFO com.github.sarxos.webcam.ds.cgt.WebcamCloseTask - Closing Dummy Webcam 0
WARNING: Camera: Model stopped before executing actions (e.g. producing outputs) scheduled for execution at times [18.868000000000002, 21.623, 20.5, 19.788, 21.317, 20.91, 20.297, 19.381, 21.521, 21.724, 20.093, 20.602, 19.89, 21.215, 18.46, 19.28, 20.398, 21.419, 20.808, 20.195, 20.704, 18.766000000000002, 19.176000000000002, 19.585, 18.562, 18.972, 18.664, 19.074, 21.012, 19.483, 19.686, 19.992, 21.113]
Warning: Nashorn engine is planned to be removed from a future JDK release
Warning: Nashorn engine is planned to be removed from a future JDK release
Warning: Nashorn engine is planned to be removed from a future JDK release
Warning: Nashorn engine is planned to be removed from a future JDK release
Warning: Nashorn engine is planned to be removed from a future JDK release
Warning: Nashorn engine is planned to be removed from a future JDK release
Warning: Nashorn engine is planned to be removed from a future JDK release
Warning: Nashorn engine is planned to be removed from a future JDK release
Warning: Nashorn engine is planned to be removed from a future JDK release
Warning: Nashorn engine is planned to be removed from a future JDK release
Warning: Nashorn engine is planned to be removed from a future JDK release
Warning: Nashorn engine is planned to be removed from a future JDK release
Warning: Nashorn engine is planned to be removed from a future JDK release
Warning: Nashorn engine is planned to be removed from a future JDK release
[atomic-processor-1] INFO com.github.sarxos.webcam.ds.cgt.WebcamOpenTask - Opening webcam Dummy Webcam 0
Warning: Nashorn engine is planned to be removed from a future JDK release
Warning: Nashorn engine is planned to be removed from a future JDK release
[atomic-processor-1] INFO com.github.sarxos.webcam.ds.cgt.WebcamCloseTask - Closing Dummy Webcam 0
Warning: Nashorn engine is planned to be removed from a future JDK release
Warning: Nashorn engine is planned to be removed from a future JDK release
Warning: Nashorn engine is planned to be removed from a future JDK release
Warning: Nashorn engine is planned to be removed from a future JDK release
Warning: Nashorn engine is planned to be removed from a future JDK release
Warning: Nashorn engine is planned to be removed from a future JDK release
Warning: Nashorn engine is planned to be removed from a future JDK release
Warning: Nashorn engine is planned to be removed from a future JDK release
Warning: Nashorn engine is planned to be removed from a future JDK release
Warning: Nashorn engine is planned to be removed from a future JDK release
Warning: Nashorn engine is planned to be removed from a future JDK release
Warning: Nashorn engine is planned to be removed from a future JDK release
Warning: Nashorn engine is planned to be removed from a future JDK release
Warning: Nashorn engine is planned to be removed from a future JDK release
[atomic-processor-1] INFO com.github.sarxos.webcam.ds.cgt.WebcamOpenTask - Opening webcam Dummy Webcam 0
Warning: Nashorn engine is planned to be removed from a future JDK release
Warning: Nashorn engine is planned to be removed from a future JDK release
[atomic-processor-1] INFO com.github.sarxos.webcam.ds.cgt.WebcamCloseTask - Closing Dummy Webcam 0
WARNING: Camera: Model stopped before executing actions (e.g. producing outputs) scheduled for execution at times [20.224, 20.837, 21.403000000000002, 20.02, 20.326, 20.939, 21.301000000000002, 21.042, 20.735, 20.531000000000002, 21.144000000000002, 20.633, 21.505000000000003, 20.122, 20.428]
Warning: Nashorn engine is planned to be removed from a future JDK release
Warning: Nashorn engine is planned to be removed from a future JDK release
Warning: Nashorn engine is planned to be removed from a future JDK release
Warning: Nashorn engine is planned to be removed from a future JDK release
Warning: Nashorn engine is planned to be removed from a future JDK release
Warning: Nashorn engine is planned to be removed from a future JDK release
Warning: Nashorn engine is planned to be removed from a future JDK release
Warning: Nashorn engine is planned to be removed from a future JDK release
Warning: Nashorn engine is planned to be removed from a future JDK release
Warning: Nashorn engine is planned to be removed from a future JDK release
Warning: Nashorn engine is planned to be removed from a future JDK release
Warning: Nashorn engine is planned to be removed from a future JDK release
Warning: Nashorn engine is planned to be removed from a future JDK release
Warning: Nashorn engine is planned to be removed from a future JDK release
[atomic-processor-1] INFO com.github.sarxos.webcam.ds.cgt.WebcamOpenTask - Opening webcam Dummy Webcam 0
Warning: Nashorn engine is planned to be removed from a future JDK release
Warning: Nashorn engine is planned to be removed from a future JDK release
[atomic-processor-1] INFO com.github.sarxos.webcam.ds.cgt.WebcamCloseTask - Closing Dummy Webcam 0
Warning: Nashorn engine is planned to be removed from a future JDK release
Warning: Nashorn engine is planned to be removed from a future JDK release
Warning: Nashorn engine is planned to be removed from a future JDK release
Warning: Nashorn engine is planned to be removed from a future JDK release
Warning: Nashorn engine is planned to be removed from a future JDK release
Warning: Nashorn engine is planned to be removed from a future JDK release
Warning: Nashorn engine is planned to be removed from a future JDK release
Warning: Nashorn engine is planned to be removed from a future JDK release
Warning: Nashorn engine is planned to be removed from a future JDK release
Warning: Nashorn engine is planned to be removed from a future JDK release
Warning: Nashorn engine is planned to be removed from a future JDK release
Warning: Nashorn engine is planned to be removed from a future JDK release
Warning: Nashorn engine is planned to be removed from a future JDK release
Warning: Nashorn engine is planned to be removed from a future JDK release
[atomic-processor-1] INFO com.github.sarxos.webcam.ds.cgt.WebcamOpenTask - Opening webcam Dummy Webcam 0
Warning: Nashorn engine is planned to be removed from a future JDK release
Warning: Nashorn engine is planned to be removed from a future JDK release
[atomic-processor-1] INFO com.github.sarxos.webcam.ds.cgt.WebcamCloseTask - Closing Dummy Webcam 0
Warning: Nashorn engine is planned to be removed from a future JDK release
Warning: Nashorn engine is planned to be removed from a future JDK release
Warning: Nashorn engine is planned to be removed from a future JDK release
Warning: Nashorn engine is planned to be removed from a future JDK release
Warning: Nashorn engine is planned to be removed from a future JDK release
Warning: Nashorn engine is planned to be removed from a future JDK release
Warning: Nashorn engine is planned to be removed from a future JDK release
Warning: Nashorn engine is planned to be removed from a future JDK release
Warning: Nashorn engine is planned to be removed from a future JDK release
Warning: Nashorn engine is planned to be removed from a future JDK release
Warning: Nashorn engine is planned to be removed from a future JDK release
Warning: Nashorn engine is planned to be removed from a future JDK release
Warning: Nashorn engine is planned to be removed from a future JDK release
Warning: Nashorn engine is planned to be removed from a future JDK release
[atomic-processor-1] INFO com.github.sarxos.webcam.ds.cgt.WebcamOpenTask - Opening webcam Dummy Webcam 0
Warning: Nashorn engine is planned to be removed from a future JDK release
Warning: Nashorn engine is planned to be removed from a future JDK release
WARNING: Invoking send() too late (probably in a callback), so Camera is not able to send the token {type="class ptolemy.data.AWTImageToken", width="640", height="480"} to the output image. Token is discarded.
[atomic-processor-1] INFO com.github.sarxos.webcam.ds.cgt.WebcamCloseTask - Closing Dummy Webcam 0
]]></system-err>
</testsuite>
