<?xml version="1.0" encoding="UTF-8" ?>
<testsuite errors="0" failures="0" hostname="travis-job-b290e555-77c3-4eac-8dd6-f5ea903a66b1" name="ptolemy.domains.sdf.kernel.test.junit.JUnitTclTest" skipped="0" tests="33" time="3.021" timestamp="2018-11-11T02:48:47">
  <properties>
[...]
</properties>
  <testcase classname="ptolemy.util.test.junit.TclTests" name="[0] /home/travis/build/icyphy/ptII/ptolemy/domains/sdf/kernel/test/ArrayFIFOQueue.tcl (RunTclFile)" time="0.249" />
  <testcase classname="ptolemy.util.test.junit.TclTests" name="[1] /home/travis/build/icyphy/ptII/ptolemy/domains/sdf/kernel/test/SDFCompositeActor.tcl (RunTclFile)" time="0.272" />
  <testcase classname="ptolemy.util.test.junit.TclTests" name="[2] /home/travis/build/icyphy/ptII/ptolemy/domains/sdf/kernel/test/SDFDirector.tcl (RunTclFile)" time="0.304" />
  <testcase classname="ptolemy.util.test.junit.TclTests" name="[3] /home/travis/build/icyphy/ptII/ptolemy/domains/sdf/kernel/test/SDFIOPort.tcl (RunTclFile)" time="0.044" />
  <testcase classname="ptolemy.util.test.junit.TclTests" name="[4] /home/travis/build/icyphy/ptII/ptolemy/domains/sdf/kernel/test/SDFReceiver.tcl (RunTclFile)" time="0.036" />
  <testcase classname="ptolemy.util.test.junit.TclTests" name="[5] /home/travis/build/icyphy/ptII/ptolemy/domains/sdf/kernel/test/SDFScheduler.tcl (RunTclFile)" time="0.69" />
  <testcase classname="ptolemy.util.test.junit.AutoKnownFailedTests" name="[0] /home/travis/build/icyphy/ptII/ptolemy/domains/sdf/kernel/test/auto/knownFailedTests/SDFMultiportCompositeWidthNotSet.xml (RunModel)" time="0.024" />
  <testcase classname="ptolemy.util.test.junit.AutoKnownFailedTests" name="[1] /home/travis/build/icyphy/ptII/ptolemy/domains/sdf/kernel/test/auto/knownFailedTests/tunneling2.xml (RunModel)" time="0.064" />
  <testcase classname="ptolemy.util.test.junit.AutoNameArchTests" name="[0] ThereAreNoAutoArchTests (RunModel)" time="0.004" />
  <testcase classname="ptolemy.util.test.junit.AutoTests" name="[0] /home/travis/build/icyphy/ptII/ptolemy/domains/sdf/kernel/test/auto/SDFMultiportCompositeWidthSet.xml (RunModel)" time="0.082" />
  <testcase classname="ptolemy.util.test.junit.AutoTests" name="[1] /home/travis/build/icyphy/ptII/ptolemy/domains/sdf/kernel/test/auto/bus.xml (RunModel)" time="0.032" />
  <testcase classname="ptolemy.util.test.junit.AutoTests" name="[2] /home/travis/build/icyphy/ptII/ptolemy/domains/sdf/kernel/test/auto/feedbackHierarchy.xml (RunModel)" time="0.078" />
  <testcase classname="ptolemy.util.test.junit.AutoTests" name="[3] /home/travis/build/icyphy/ptII/ptolemy/domains/sdf/kernel/test/auto/hierarchy.xml (RunModel)" time="0.089" />
  <testcase classname="ptolemy.util.test.junit.AutoTests" name="[4] /home/travis/build/icyphy/ptII/ptolemy/domains/sdf/kernel/test/auto/test1.xml (RunModel)" time="0.032" />
  <testcase classname="ptolemy.util.test.junit.AutoTests" name="[5] /home/travis/build/icyphy/ptII/ptolemy/domains/sdf/kernel/test/auto/test2.xml (RunModel)" time="0.025" />
  <testcase classname="ptolemy.util.test.junit.AutoTests" name="[6] /home/travis/build/icyphy/ptII/ptolemy/domains/sdf/kernel/test/auto/test3.xml (RunModel)" time="0.04" />
  <testcase classname="ptolemy.util.test.junit.AutoTests" name="[7] /home/travis/build/icyphy/ptII/ptolemy/domains/sdf/kernel/test/auto/test5.xml (RunModel)" time="0.036" />
  <testcase classname="ptolemy.util.test.junit.AutoTests" name="[8] /home/travis/build/icyphy/ptII/ptolemy/domains/sdf/kernel/test/auto/test6.xml (RunModel)" time="0.039" />
  <testcase classname="ptolemy.util.test.junit.AutoTests" name="[9] /home/travis/build/icyphy/ptII/ptolemy/domains/sdf/kernel/test/auto/test7.xml (RunModel)" time="0.034" />
  <testcase classname="ptolemy.util.test.junit.AutoTests" name="[10] /home/travis/build/icyphy/ptII/ptolemy/domains/sdf/kernel/test/auto/test8.xml (RunModel)" time="0.046" />
  <testcase classname="ptolemy.util.test.junit.AutoTests" name="[11] /home/travis/build/icyphy/ptII/ptolemy/domains/sdf/kernel/test/auto/transparentHierarchy.xml (RunModel)" time="0.039" />
  <testcase classname="ptolemy.util.test.junit.AutoTests" name="[12] /home/travis/build/icyphy/ptII/ptolemy/domains/sdf/kernel/test/auto/tunneling.xml (RunModel)" time="0.042" />
  <testcase classname="ptolemy.util.test.junit.AutoTests" name="[13] /home/travis/build/icyphy/ptII/ptolemy/domains/sdf/kernel/test/auto/tunneling2.xml (RunModel)" time="0.046" />
  <testcase classname="ptolemy.util.test.junit.AutoTests" name="[14] /home/travis/build/icyphy/ptII/ptolemy/domains/sdf/kernel/test/auto/vectorizationFactor1.xml (RunModel)" time="0.017" />
  <testcase classname="ptolemy.util.test.junit.AutoTests" name="[15] /home/travis/build/icyphy/ptII/ptolemy/domains/sdf/kernel/test/auto/vectorizationFactor2.xml (RunModel)" time="0.017" />
  <testcase classname="ptolemy.util.test.junit.AutoTests" name="[16] /home/travis/build/icyphy/ptII/ptolemy/domains/sdf/kernel/test/auto/zeroRate1.xml (RunModel)" time="0.022" />
  <testcase classname="ptolemy.util.test.junit.AutoTests" name="[17] /home/travis/build/icyphy/ptII/ptolemy/domains/sdf/kernel/test/auto/zeroRate2.xml (RunModel)" time="0.02" />
  <testcase classname="ptolemy.util.test.junit.AutoTests" name="[18] /home/travis/build/icyphy/ptII/ptolemy/domains/sdf/kernel/test/auto/zeroRate3.xml (RunModel)" time="0.023" />
  <testcase classname="ptolemy.util.test.junit.AutoTests" name="[19] /home/travis/build/icyphy/ptII/ptolemy/domains/sdf/kernel/test/auto/zeroRate7.xml (RunModel)" time="0.026" />
  <testcase classname="ptolemy.util.test.junit.AutoTests" name="[20] /home/travis/build/icyphy/ptII/ptolemy/domains/sdf/kernel/test/auto/zeroRate8.xml (RunModel)" time="0.023" />
  <testcase classname="ptolemy.util.test.junit.AutoTests" name="[21] /home/travis/build/icyphy/ptII/ptolemy/domains/sdf/kernel/test/auto/zeroRate_delay4.xml (RunModel)" time="0.021" />
  <testcase classname="ptolemy.util.test.junit.AutoTests" name="[22] /home/travis/build/icyphy/ptII/ptolemy/domains/sdf/kernel/test/auto/zeroRate_delay5.xml (RunModel)" time="0.025" />
  <testcase classname="ptolemy.util.test.junit.AutoTests" name="[23] /home/travis/build/icyphy/ptII/ptolemy/domains/sdf/kernel/test/auto/zeroRate_delay6.xml (RunModel)" time="0.029" />
  <system-out><![CDATA[/home/travis/build/icyphy/ptII/ptolemy/domains/sdf/kernel/test/ArrayFIFOQueue.tcl
testDefs.tcl: setting time out to 9000 seconds at Sun Nov 11 02:48:47 UTC 2018
/home/travis/build/icyphy/ptII/ptolemy/domains/sdf/kernel/test/SDFCompositeActor.tcl
54 ms. Memory: 116224K Free: 105824K (91%)
/home/travis/build/icyphy/ptII/ptolemy/domains/sdf/kernel/test/SDFDirector.tcl
7 ms. Memory: 116224K Free: 104001K (89%)
4 ms. Memory: 116224K Free: 102802K (88%)
13 ms. Memory: 116224K Free: 102191K (88%)
16 ms. Memory: 116224K Free: 100984K (87%)
19 ms. Memory: 116224K Free: 99182K (85%)
6 ms. Memory: 116224K Free: 97959K (84%)
14 ms. Memory: 116224K Free: 96149K (83%)
52 ms. Memory: 116224K Free: 91949K (79%)
/home/travis/build/icyphy/ptII/ptolemy/domains/sdf/kernel/test/SDFIOPort.tcl
/home/travis/build/icyphy/ptII/ptolemy/domains/sdf/kernel/test/SDFReceiver.tcl
/home/travis/build/icyphy/ptII/ptolemy/domains/sdf/kernel/test/SDFScheduler.tcl
2 ms. Memory: 146944K Free: 134097K (91%)
11/11/18 02:48:48
Failed: 0  Total Tests: 151  ((Passed: 151, Newly Passed: 0)  Known Failed: 0) /home/travis/build/icyphy/ptII/ptolemy/domains/sdf/kernel/test
----------------- testing (KnownFailure) /home/travis/build/icyphy/ptII/ptolemy/domains/sdf/kernel/test/auto/knownFailedTests/SDFMultiportCompositeWidthNotSet.xml
4 ms. Memory: 146944K Free: 130346K (89%)
----------------- testing (KnownFailure) /home/travis/build/icyphy/ptII/ptolemy/domains/sdf/kernel/test/auto/knownFailedTests/tunneling2.xml
10 ms. Memory: 146944K Free: 125414K (85%)
Known Failure: java.lang.reflect.InvocationTargetException
No auto/linux-amd64/*.xml tests in /home/travis/build/icyphy/ptII/ptolemy/domains/sdf/kernel/test
AutoTests.java: About to close Vertx.
AutoTests.java: Vertx closed.

===========================================================================================
----------------- testing Sun Nov 11 02:48:49 UTC 2018 /home/travis/build/icyphy/ptII/ptolemy/domains/sdf/kernel/test/auto/SDFMultiportCompositeWidthSet.xml
----------------- Instantiating /home/travis/build/icyphy/ptII/ptolemy/domains/sdf/kernel/test/auto/SDFMultiportCompositeWidthSet.xml
3 ms. Memory: 146944K Free: 94988K (65%)
----------------- Invoking toplevel() on ptolemy.moml.MoMLSimpleApplication@17cf599d
----------------- Done invoking toplevel() on ptolemy.moml.MoMLSimpleApplication@17cf599d
reloadAllAccessors: .SDFMultiportCompositeWidthSet

===========================================================================================
----------------- testing Sun Nov 11 02:48:49 UTC 2018 /home/travis/build/icyphy/ptII/ptolemy/domains/sdf/kernel/test/auto/bus.xml
----------------- Instantiating /home/travis/build/icyphy/ptII/ptolemy/domains/sdf/kernel/test/auto/bus.xml
4 ms. Memory: 146944K Free: 90506K (62%)
----------------- Invoking toplevel() on ptolemy.moml.MoMLSimpleApplication@5657c970
----------------- Done invoking toplevel() on ptolemy.moml.MoMLSimpleApplication@5657c970
reloadAllAccessors: .bus

===========================================================================================
----------------- testing Sun Nov 11 02:48:49 UTC 2018 /home/travis/build/icyphy/ptII/ptolemy/domains/sdf/kernel/test/auto/feedbackHierarchy.xml
----------------- Instantiating /home/travis/build/icyphy/ptII/ptolemy/domains/sdf/kernel/test/auto/feedbackHierarchy.xml
10 ms. Memory: 146944K Free: 84731K (58%)
----------------- Invoking toplevel() on ptolemy.moml.MoMLSimpleApplication@514bf92d
----------------- Done invoking toplevel() on ptolemy.moml.MoMLSimpleApplication@514bf92d
reloadAllAccessors: .feedbackHierarchy

===========================================================================================
----------------- testing Sun Nov 11 02:48:49 UTC 2018 /home/travis/build/icyphy/ptII/ptolemy/domains/sdf/kernel/test/auto/hierarchy.xml
----------------- Instantiating /home/travis/build/icyphy/ptII/ptolemy/domains/sdf/kernel/test/auto/hierarchy.xml
4 ms. Memory: 208384K Free: 197564K (95%)
----------------- Invoking toplevel() on ptolemy.moml.MoMLSimpleApplication@22898026
----------------- Done invoking toplevel() on ptolemy.moml.MoMLSimpleApplication@22898026
reloadAllAccessors: .hierarchy

===========================================================================================
----------------- testing Sun Nov 11 02:48:49 UTC 2018 /home/travis/build/icyphy/ptII/ptolemy/domains/sdf/kernel/test/auto/test1.xml
----------------- Instantiating /home/travis/build/icyphy/ptII/ptolemy/domains/sdf/kernel/test/auto/test1.xml
5 ms. Memory: 208384K Free: 189843K (91%)
----------------- Invoking toplevel() on ptolemy.moml.MoMLSimpleApplication@35f92543
----------------- Done invoking toplevel() on ptolemy.moml.MoMLSimpleApplication@35f92543
reloadAllAccessors: .test1

===========================================================================================
----------------- testing Sun Nov 11 02:48:49 UTC 2018 /home/travis/build/icyphy/ptII/ptolemy/domains/sdf/kernel/test/auto/test2.xml
----------------- Instantiating /home/travis/build/icyphy/ptII/ptolemy/domains/sdf/kernel/test/auto/test2.xml
5 ms. Memory: 208384K Free: 186221K (89%)
----------------- Invoking toplevel() on ptolemy.moml.MoMLSimpleApplication@3d9c74cb
----------------- Done invoking toplevel() on ptolemy.moml.MoMLSimpleApplication@3d9c74cb
reloadAllAccessors: .test2

===========================================================================================
----------------- testing Sun Nov 11 02:48:49 UTC 2018 /home/travis/build/icyphy/ptII/ptolemy/domains/sdf/kernel/test/auto/test3.xml
----------------- Instantiating /home/travis/build/icyphy/ptII/ptolemy/domains/sdf/kernel/test/auto/test3.xml
6 ms. Memory: 208384K Free: 182911K (88%)
----------------- Invoking toplevel() on ptolemy.moml.MoMLSimpleApplication@76bf6998
----------------- Done invoking toplevel() on ptolemy.moml.MoMLSimpleApplication@76bf6998
reloadAllAccessors: .test3

===========================================================================================
----------------- testing Sun Nov 11 02:48:49 UTC 2018 /home/travis/build/icyphy/ptII/ptolemy/domains/sdf/kernel/test/auto/test5.xml
----------------- Instantiating /home/travis/build/icyphy/ptII/ptolemy/domains/sdf/kernel/test/auto/test5.xml
5 ms. Memory: 208384K Free: 177177K (85%)
----------------- Invoking toplevel() on ptolemy.moml.MoMLSimpleApplication@241d1dde
----------------- Done invoking toplevel() on ptolemy.moml.MoMLSimpleApplication@241d1dde
reloadAllAccessors: .test5

===========================================================================================
----------------- testing Sun Nov 11 02:48:49 UTC 2018 /home/travis/build/icyphy/ptII/ptolemy/domains/sdf/kernel/test/auto/test6.xml
----------------- Instantiating /home/travis/build/icyphy/ptII/ptolemy/domains/sdf/kernel/test/auto/test6.xml
11 ms. Memory: 208384K Free: 171442K (82%)
----------------- Invoking toplevel() on ptolemy.moml.MoMLSimpleApplication@42ea0e6f
----------------- Done invoking toplevel() on ptolemy.moml.MoMLSimpleApplication@42ea0e6f
reloadAllAccessors: .test6

===========================================================================================
----------------- testing Sun Nov 11 02:48:49 UTC 2018 /home/travis/build/icyphy/ptII/ptolemy/domains/sdf/kernel/test/auto/test7.xml
----------------- Instantiating /home/travis/build/icyphy/ptII/ptolemy/domains/sdf/kernel/test/auto/test7.xml
12 ms. Memory: 208384K Free: 164888K (79%)
----------------- Invoking toplevel() on ptolemy.moml.MoMLSimpleApplication@5695e440
----------------- Done invoking toplevel() on ptolemy.moml.MoMLSimpleApplication@5695e440
reloadAllAccessors: .test7

===========================================================================================
----------------- testing Sun Nov 11 02:48:49 UTC 2018 /home/travis/build/icyphy/ptII/ptolemy/domains/sdf/kernel/test/auto/test8.xml
----------------- Instantiating /home/travis/build/icyphy/ptII/ptolemy/domains/sdf/kernel/test/auto/test8.xml
12 ms. Memory: 208384K Free: 159121K (76%)
----------------- Invoking toplevel() on ptolemy.moml.MoMLSimpleApplication@6db64cc3
----------------- Done invoking toplevel() on ptolemy.moml.MoMLSimpleApplication@6db64cc3
reloadAllAccessors: .test8

===========================================================================================
----------------- testing Sun Nov 11 02:48:49 UTC 2018 /home/travis/build/icyphy/ptII/ptolemy/domains/sdf/kernel/test/auto/transparentHierarchy.xml
----------------- Instantiating /home/travis/build/icyphy/ptII/ptolemy/domains/sdf/kernel/test/auto/transparentHierarchy.xml
5 ms. Memory: 208384K Free: 153387K (74%)
----------------- Invoking toplevel() on ptolemy.moml.MoMLSimpleApplication@66967480
----------------- Done invoking toplevel() on ptolemy.moml.MoMLSimpleApplication@66967480
reloadAllAccessors: .transparentHierarchy

===========================================================================================
----------------- testing Sun Nov 11 02:48:49 UTC 2018 /home/travis/build/icyphy/ptII/ptolemy/domains/sdf/kernel/test/auto/tunneling.xml
----------------- Instantiating /home/travis/build/icyphy/ptII/ptolemy/domains/sdf/kernel/test/auto/tunneling.xml
4 ms. Memory: 208384K Free: 148431K (71%)
----------------- Invoking toplevel() on ptolemy.moml.MoMLSimpleApplication@49c222cb
----------------- Done invoking toplevel() on ptolemy.moml.MoMLSimpleApplication@49c222cb
reloadAllAccessors: .tunneling

===========================================================================================
----------------- testing Sun Nov 11 02:48:49 UTC 2018 /home/travis/build/icyphy/ptII/ptolemy/domains/sdf/kernel/test/auto/tunneling2.xml
----------------- Instantiating /home/travis/build/icyphy/ptII/ptolemy/domains/sdf/kernel/test/auto/tunneling2.xml
9 ms. Memory: 208384K Free: 142633K (68%)
----------------- Invoking toplevel() on ptolemy.moml.MoMLSimpleApplication@2f37a52
----------------- Done invoking toplevel() on ptolemy.moml.MoMLSimpleApplication@2f37a52
reloadAllAccessors: .tunneling2

===========================================================================================
----------------- testing Sun Nov 11 02:48:49 UTC 2018 /home/travis/build/icyphy/ptII/ptolemy/domains/sdf/kernel/test/auto/vectorizationFactor1.xml
----------------- Instantiating /home/travis/build/icyphy/ptII/ptolemy/domains/sdf/kernel/test/auto/vectorizationFactor1.xml
3 ms. Memory: 208384K Free: 139324K (67%)
----------------- Invoking toplevel() on ptolemy.moml.MoMLSimpleApplication@1a3a508c
----------------- Done invoking toplevel() on ptolemy.moml.MoMLSimpleApplication@1a3a508c
reloadAllAccessors: .vectorizationFactor1

===========================================================================================
----------------- testing Sun Nov 11 02:48:49 UTC 2018 /home/travis/build/icyphy/ptII/ptolemy/domains/sdf/kernel/test/auto/vectorizationFactor2.xml
----------------- Instantiating /home/travis/build/icyphy/ptII/ptolemy/domains/sdf/kernel/test/auto/vectorizationFactor2.xml
3 ms. Memory: 208384K Free: 136023K (65%)
----------------- Invoking toplevel() on ptolemy.moml.MoMLSimpleApplication@5f111da1
----------------- Done invoking toplevel() on ptolemy.moml.MoMLSimpleApplication@5f111da1
reloadAllAccessors: .vectorizationFactor2

===========================================================================================
----------------- testing Sun Nov 11 02:48:49 UTC 2018 /home/travis/build/icyphy/ptII/ptolemy/domains/sdf/kernel/test/auto/zeroRate1.xml
----------------- Instantiating /home/travis/build/icyphy/ptII/ptolemy/domains/sdf/kernel/test/auto/zeroRate1.xml
2 ms. Memory: 208384K Free: 131911K (63%)
----------------- Invoking toplevel() on ptolemy.moml.MoMLSimpleApplication@6c52ad5c
----------------- Done invoking toplevel() on ptolemy.moml.MoMLSimpleApplication@6c52ad5c
reloadAllAccessors: .zeroRate1

===========================================================================================
----------------- testing Sun Nov 11 02:48:49 UTC 2018 /home/travis/build/icyphy/ptII/ptolemy/domains/sdf/kernel/test/auto/zeroRate2.xml
----------------- Instantiating /home/travis/build/icyphy/ptII/ptolemy/domains/sdf/kernel/test/auto/zeroRate2.xml
4 ms. Memory: 208384K Free: 126640K (61%)
----------------- Invoking toplevel() on ptolemy.moml.MoMLSimpleApplication@19d695b6
----------------- Done invoking toplevel() on ptolemy.moml.MoMLSimpleApplication@19d695b6
reloadAllAccessors: .zeroRate2

===========================================================================================
----------------- testing Sun Nov 11 02:48:50 UTC 2018 /home/travis/build/icyphy/ptII/ptolemy/domains/sdf/kernel/test/auto/zeroRate3.xml
----------------- Instantiating /home/travis/build/icyphy/ptII/ptolemy/domains/sdf/kernel/test/auto/zeroRate3.xml
2 ms. Memory: 208384K Free: 122520K (59%)
----------------- Invoking toplevel() on ptolemy.moml.MoMLSimpleApplication@5fbeb191
----------------- Done invoking toplevel() on ptolemy.moml.MoMLSimpleApplication@5fbeb191
reloadAllAccessors: .zeroRate3

===========================================================================================
----------------- testing Sun Nov 11 02:48:50 UTC 2018 /home/travis/build/icyphy/ptII/ptolemy/domains/sdf/kernel/test/auto/zeroRate7.xml
----------------- Instantiating /home/travis/build/icyphy/ptII/ptolemy/domains/sdf/kernel/test/auto/zeroRate7.xml
3 ms. Memory: 208384K Free: 118368K (57%)
----------------- Invoking toplevel() on ptolemy.moml.MoMLSimpleApplication@d206720
----------------- Done invoking toplevel() on ptolemy.moml.MoMLSimpleApplication@d206720
reloadAllAccessors: .zeroRate7

===========================================================================================
----------------- testing Sun Nov 11 02:48:50 UTC 2018 /home/travis/build/icyphy/ptII/ptolemy/domains/sdf/kernel/test/auto/zeroRate8.xml
----------------- Instantiating /home/travis/build/icyphy/ptII/ptolemy/domains/sdf/kernel/test/auto/zeroRate8.xml
9 ms. Memory: 208384K Free: 113428K (54%)
----------------- Invoking toplevel() on ptolemy.moml.MoMLSimpleApplication@3ad3bed8
----------------- Done invoking toplevel() on ptolemy.moml.MoMLSimpleApplication@3ad3bed8
reloadAllAccessors: .zeroRate8

===========================================================================================
----------------- testing Sun Nov 11 02:48:50 UTC 2018 /home/travis/build/icyphy/ptII/ptolemy/domains/sdf/kernel/test/auto/zeroRate_delay4.xml
----------------- Instantiating /home/travis/build/icyphy/ptII/ptolemy/domains/sdf/kernel/test/auto/zeroRate_delay4.xml
5 ms. Memory: 208384K Free: 109276K (52%)
----------------- Invoking toplevel() on ptolemy.moml.MoMLSimpleApplication@18760573
----------------- Done invoking toplevel() on ptolemy.moml.MoMLSimpleApplication@18760573
reloadAllAccessors: .zeroRate_delay4

===========================================================================================
----------------- testing Sun Nov 11 02:48:50 UTC 2018 /home/travis/build/icyphy/ptII/ptolemy/domains/sdf/kernel/test/auto/zeroRate_delay5.xml
----------------- Instantiating /home/travis/build/icyphy/ptII/ptolemy/domains/sdf/kernel/test/auto/zeroRate_delay5.xml
1
4 ms. Memory: 208384K Free: 102690K (49%)
----------------- Invoking toplevel() on ptolemy.moml.MoMLSimpleApplication@53b1c44f
----------------- Done invoking toplevel() on ptolemy.moml.MoMLSimpleApplication@53b1c44f
reloadAllAccessors: .zeroRate_delay5

===========================================================================================
----------------- testing Sun Nov 11 02:48:50 UTC 2018 /home/travis/build/icyphy/ptII/ptolemy/domains/sdf/kernel/test/auto/zeroRate_delay6.xml
----------------- Instantiating /home/travis/build/icyphy/ptII/ptolemy/domains/sdf/kernel/test/auto/zeroRate_delay6.xml
8 ms. Memory: 208384K Free: 96908K (47%)
----------------- Invoking toplevel() on ptolemy.moml.MoMLSimpleApplication@6504ead4
----------------- Done invoking toplevel() on ptolemy.moml.MoMLSimpleApplication@6504ead4
reloadAllAccessors: .zeroRate_delay6
AutoTests.java: About to close Vertx.
AutoTests.java: Vertx closed.
]]></system-out>
  <system-err><![CDATA[java.lang.RuntimeException: Execution failed
	at ptolemy.moml.MoMLSimpleApplication$UnloadThread.run(MoMLSimpleApplication.java:402)
Caused by: ptolemy.kernel.util.IllegalActionException: Test fails in iteration 0.
Width of input is 3, but correctValues parameter is not an array of arrays.
  in .tunneling2.Test0
	at ptolemy.actor.lib.Test._getReference(Test.java:374)
	at ptolemy.actor.lib.Test.fire(Test.java:236)
	at ptolemy.actor.AtomicActor.iterate(AtomicActor.java:512)
	at ptolemy.actor.sched.StaticSchedulingDirector.fire(StaticSchedulingDirector.java:216)
	at ptolemy.domains.sdf.kernel.SDFDirector.fire(SDFDirector.java:500)
	at ptolemy.actor.CompositeActor.fire(CompositeActor.java:455)
	at ptolemy.actor.Manager.iterate(Manager.java:851)
	at ptolemy.actor.Manager.execute(Manager.java:369)
	at ptolemy.actor.Manager.run(Manager.java:1263)
	at ptolemy.actor.Manager$PtolemyRunThread.run(Manager.java:1915)
java.lang.reflect.InvocationTargetException
	at sun.reflect.NativeConstructorAccessorImpl.newInstance0(Native Method)
	at sun.reflect.NativeConstructorAccessorImpl.newInstance(NativeConstructorAccessorImpl.java:62)
	at sun.reflect.DelegatingConstructorAccessorImpl.newInstance(DelegatingConstructorAccessorImpl.java:45)
	at java.lang.reflect.Constructor.newInstance(Constructor.java:423)
	at ptolemy.util.test.junit.AutoKnownFailedTests.RunModel(AutoKnownFailedTests.java:105)
	at sun.reflect.NativeMethodAccessorImpl.invoke0(Native Method)
	at sun.reflect.NativeMethodAccessorImpl.invoke(NativeMethodAccessorImpl.java:62)
	at sun.reflect.DelegatingMethodAccessorImpl.invoke(DelegatingMethodAccessorImpl.java:43)
	at java.lang.reflect.Method.invoke(Method.java:498)
	at org.junit.runners.model.FrameworkMethod$1.runReflectiveCall(FrameworkMethod.java:44)
	at org.junit.internal.runners.model.ReflectiveCallable.run(ReflectiveCallable.java:15)
	at org.junit.runners.model.FrameworkMethod.invokeExplosively(FrameworkMethod.java:41)
	at junitparams.internal.InvokeParameterisedMethod.evaluate(InvokeParameterisedMethod.java:102)
	at org.junit.internal.runners.statements.FailOnTimeout$1.run(FailOnTimeout.java:28)
Caused by: ptolemy.kernel.util.IllegalActionException: Test fails in iteration 0.
Width of input is 3, but correctValues parameter is not an array of arrays.
  in .tunneling2.Test0
	at ptolemy.actor.lib.Test._getReference(Test.java:374)
	at ptolemy.actor.lib.Test.fire(Test.java:236)
	at ptolemy.actor.AtomicActor.iterate(AtomicActor.java:512)
	at ptolemy.actor.sched.StaticSchedulingDirector.fire(StaticSchedulingDirector.java:216)
	at ptolemy.domains.sdf.kernel.SDFDirector.fire(SDFDirector.java:500)
	at ptolemy.actor.CompositeActor.fire(CompositeActor.java:455)
	at ptolemy.actor.Manager.iterate(Manager.java:851)
	at ptolemy.actor.Manager.execute(Manager.java:369)
	at ptolemy.actor.Manager.run(Manager.java:1263)
	at ptolemy.actor.Manager$PtolemyRunThread.run(Manager.java:1915)
]]></system-err>
</testsuite>
