<?xml version="1.0" encoding="UTF-8" ?>
<testsuite errors="0" failures="0" hostname="travis-job-53730396-8b69-43cf-84e6-98a880adf7d8" name="ptolemy.domains.continuous.test.junit.JUnitTclTest" skipped="0" tests="156" time="70.47" timestamp="2020-05-25T14:23:55">
  <properties>
[...]
</properties>
  <testcase classname="ptolemy.util.test.junit.TclTests" name="[0] ThereAreNoTclTests (RunTclFile)" time="0.008" />
  <testcase classname="ptolemy.util.test.junit.AutoKnownFailedTests" name="[0] ThereAreNoKnowFailedTests (RunModel)" time="0.002" />
  <testcase classname="ptolemy.util.test.junit.AutoNameArchTests" name="[0] ThereAreNoAutoArchTests (RunModel)" time="0.015" />
  <testcase classname="ptolemy.util.test.junit.AutoTests" name="[0] /home/travis/build/icyphy/ptII/ptolemy/domains/continuous/test/auto/BouncingBall.xml (RunModel)" time="2.876" />
  <testcase classname="ptolemy.util.test.junit.AutoTests" name="[1] /home/travis/build/icyphy/ptII/ptolemy/domains/continuous/test/auto/BouncingBallWithoutGR.xml (RunModel)" time="0.832" />
  <testcase classname="ptolemy.util.test.junit.AutoTests" name="[2] /home/travis/build/icyphy/ptII/ptolemy/domains/continuous/test/auto/Brownian.xml (RunModel)" time="0.121" />
  <testcase classname="ptolemy.util.test.junit.AutoTests" name="[3] /home/travis/build/icyphy/ptII/ptolemy/domains/continuous/test/auto/CarTracking.xml (RunModel)" time="3.924" />
  <testcase classname="ptolemy.util.test.junit.AutoTests" name="[4] /home/travis/build/icyphy/ptII/ptolemy/domains/continuous/test/auto/CartPendulum.xml (RunModel)" time="0.517" />
  <testcase classname="ptolemy.util.test.junit.AutoTests" name="[5] /home/travis/build/icyphy/ptII/ptolemy/domains/continuous/test/auto/CausalityInterface10.xml (RunModel)" time="0.053" />
  <testcase classname="ptolemy.util.test.junit.AutoTests" name="[6] /home/travis/build/icyphy/ptII/ptolemy/domains/continuous/test/auto/CausalityInterface11.xml (RunModel)" time="0.039" />
  <testcase classname="ptolemy.util.test.junit.AutoTests" name="[7] /home/travis/build/icyphy/ptII/ptolemy/domains/continuous/test/auto/CausalityInterface12.xml (RunModel)" time="0.045" />
  <testcase classname="ptolemy.util.test.junit.AutoTests" name="[8] /home/travis/build/icyphy/ptII/ptolemy/domains/continuous/test/auto/CausalityInterface13.xml (RunModel)" time="0.034" />
  <testcase classname="ptolemy.util.test.junit.AutoTests" name="[9] /home/travis/build/icyphy/ptII/ptolemy/domains/continuous/test/auto/CausalityInterface14.xml (RunModel)" time="0.025" />
  <testcase classname="ptolemy.util.test.junit.AutoTests" name="[10] /home/travis/build/icyphy/ptII/ptolemy/domains/continuous/test/auto/CausalityInterface4.xml (RunModel)" time="0.031" />
  <testcase classname="ptolemy.util.test.junit.AutoTests" name="[11] /home/travis/build/icyphy/ptII/ptolemy/domains/continuous/test/auto/CausalityInterface5.xml (RunModel)" time="0.025" />
  <testcase classname="ptolemy.util.test.junit.AutoTests" name="[12] /home/travis/build/icyphy/ptII/ptolemy/domains/continuous/test/auto/CausalityInterface6.xml (RunModel)" time="0.022" />
  <testcase classname="ptolemy.util.test.junit.AutoTests" name="[13] /home/travis/build/icyphy/ptII/ptolemy/domains/continuous/test/auto/CausalityInterface7.xml (RunModel)" time="0.033" />
  <testcase classname="ptolemy.util.test.junit.AutoTests" name="[14] /home/travis/build/icyphy/ptII/ptolemy/domains/continuous/test/auto/CausalityInterface8.xml (RunModel)" time="0.028" />
  <testcase classname="ptolemy.util.test.junit.AutoTests" name="[15] /home/travis/build/icyphy/ptII/ptolemy/domains/continuous/test/auto/CausalityInterface9.xml (RunModel)" time="0.036" />
  <testcase classname="ptolemy.util.test.junit.AutoTests" name="[16] /home/travis/build/icyphy/ptII/ptolemy/domains/continuous/test/auto/CausalityInterfaceFeedback1.xml (RunModel)" time="0.028" />
  <testcase classname="ptolemy.util.test.junit.AutoTests" name="[17] /home/travis/build/icyphy/ptII/ptolemy/domains/continuous/test/auto/CausalityInterfaceFeedback2.xml (RunModel)" time="0.03" />
  <testcase classname="ptolemy.util.test.junit.AutoTests" name="[18] /home/travis/build/icyphy/ptII/ptolemy/domains/continuous/test/auto/CompareWithCurrentTime.xml (RunModel)" time="0.016" />
  <testcase classname="ptolemy.util.test.junit.AutoTests" name="[19] /home/travis/build/icyphy/ptII/ptolemy/domains/continuous/test/auto/ComparedClocks.xml (RunModel)" time="0.075" />
  <testcase classname="ptolemy.util.test.junit.AutoTests" name="[20] /home/travis/build/icyphy/ptII/ptolemy/domains/continuous/test/auto/ContinuousAOCClone.xml (RunModel)" time="2.493" />
  <testcase classname="ptolemy.util.test.junit.AutoTests" name="[21] /home/travis/build/icyphy/ptII/ptolemy/domains/continuous/test/auto/ContinuousClock.xml (RunModel)" time="0.108" />
  <testcase classname="ptolemy.util.test.junit.AutoTests" name="[22] /home/travis/build/icyphy/ptII/ptolemy/domains/continuous/test/auto/ContinuousInContinuous.xml (RunModel)" time="0.074" />
  <testcase classname="ptolemy.util.test.junit.AutoTests" name="[23] /home/travis/build/icyphy/ptII/ptolemy/domains/continuous/test/auto/ContinuousInContinuousInContinuous.xml (RunModel)" time="0.028" />
  <testcase classname="ptolemy.util.test.junit.AutoTests" name="[24] /home/travis/build/icyphy/ptII/ptolemy/domains/continuous/test/auto/ContinuousInDE.xml (RunModel)" time="0.116" />
  <testcase classname="ptolemy.util.test.junit.AutoTests" name="[25] /home/travis/build/icyphy/ptII/ptolemy/domains/continuous/test/auto/ContinuousInDE2.xml (RunModel)" time="0.049" />
  <testcase classname="ptolemy.util.test.junit.AutoTests" name="[26] /home/travis/build/icyphy/ptII/ptolemy/domains/continuous/test/auto/ContinuousInDE3.xml (RunModel)" time="0.055" />
  <testcase classname="ptolemy.util.test.junit.AutoTests" name="[27] /home/travis/build/icyphy/ptII/ptolemy/domains/continuous/test/auto/ContinuousInDE4.xml (RunModel)" time="0.04" />
  <testcase classname="ptolemy.util.test.junit.AutoTests" name="[28] /home/travis/build/icyphy/ptII/ptolemy/domains/continuous/test/auto/ContinuousInDEDifferentRefinements.xml (RunModel)" time="0.127" />
  <testcase classname="ptolemy.util.test.junit.AutoTests" name="[29] /home/travis/build/icyphy/ptII/ptolemy/domains/continuous/test/auto/ContinuousInDEDifferentRefinementsPreemptive.xml (RunModel)" time="0.094" />
  <testcase classname="ptolemy.util.test.junit.AutoTests" name="[30] /home/travis/build/icyphy/ptII/ptolemy/domains/continuous/test/auto/ContinuousInDEInContinuous2.xml (RunModel)" time="0.056" />
  <testcase classname="ptolemy.util.test.junit.AutoTests" name="[31] /home/travis/build/icyphy/ptII/ptolemy/domains/continuous/test/auto/ContinuousInDEInContinuous3.xml (RunModel)" time="0.056" />
  <testcase classname="ptolemy.util.test.junit.AutoTests" name="[32] /home/travis/build/icyphy/ptII/ptolemy/domains/continuous/test/auto/ContinuousInDEInput.xml (RunModel)" time="0.036" />
  <testcase classname="ptolemy.util.test.junit.AutoTests" name="[33] /home/travis/build/icyphy/ptII/ptolemy/domains/continuous/test/auto/ContinuousInDEInput2.xml (RunModel)" time="0.033" />
  <testcase classname="ptolemy.util.test.junit.AutoTests" name="[34] /home/travis/build/icyphy/ptII/ptolemy/domains/continuous/test/auto/ContinuousInDEInput3.xml (RunModel)" time="0.03" />
  <testcase classname="ptolemy.util.test.junit.AutoTests" name="[35] /home/travis/build/icyphy/ptII/ptolemy/domains/continuous/test/auto/ContinuousInDESharingRefinement.xml (RunModel)" time="0.16" />
  <testcase classname="ptolemy.util.test.junit.AutoTests" name="[36] /home/travis/build/icyphy/ptII/ptolemy/domains/continuous/test/auto/ContinuousInDEwithNoPorts.xml (RunModel)" time="0.017" />
  <testcase classname="ptolemy.util.test.junit.AutoTests" name="[37] /home/travis/build/icyphy/ptII/ptolemy/domains/continuous/test/auto/ContinuousInsideDE.xml (RunModel)" time="0.088" />
  <testcase classname="ptolemy.util.test.junit.AutoTests" name="[38] /home/travis/build/icyphy/ptII/ptolemy/domains/continuous/test/auto/ContinuousMerge1.xml (RunModel)" time="0.023" />
  <testcase classname="ptolemy.util.test.junit.AutoTests" name="[39] /home/travis/build/icyphy/ptII/ptolemy/domains/continuous/test/auto/ContinuousMerge2.xml (RunModel)" time="0.045" />
  <testcase classname="ptolemy.util.test.junit.AutoTests" name="[40] /home/travis/build/icyphy/ptII/ptolemy/domains/continuous/test/auto/ContinuousMerge3.xml (RunModel)" time="0.06" />
  <testcase classname="ptolemy.util.test.junit.AutoTests" name="[41] /home/travis/build/icyphy/ptII/ptolemy/domains/continuous/test/auto/ContinuousWithinContinuous.xml (RunModel)" time="0.063" />
  <testcase classname="ptolemy.util.test.junit.AutoTests" name="[42] /home/travis/build/icyphy/ptII/ptolemy/domains/continuous/test/auto/ContinuousWithinContinuous2.xml (RunModel)" time="0.082" />
  <testcase classname="ptolemy.util.test.junit.AutoTests" name="[43] /home/travis/build/icyphy/ptII/ptolemy/domains/continuous/test/auto/ContinuousWithinContinuous3.xml (RunModel)" time="0.031" />
  <testcase classname="ptolemy.util.test.junit.AutoTests" name="[44] /home/travis/build/icyphy/ptII/ptolemy/domains/continuous/test/auto/ContinuousWithinContinuous4.xml (RunModel)" time="0.097" />
  <testcase classname="ptolemy.util.test.junit.AutoTests" name="[45] /home/travis/build/icyphy/ptII/ptolemy/domains/continuous/test/auto/ContinuousWithinContinuous5.xml (RunModel)" time="0.03" />
  <testcase classname="ptolemy.util.test.junit.AutoTests" name="[46] /home/travis/build/icyphy/ptII/ptolemy/domains/continuous/test/auto/ContinuousWithinContinuous6.xml (RunModel)" time="0.03" />
  <testcase classname="ptolemy.util.test.junit.AutoTests" name="[47] /home/travis/build/icyphy/ptII/ptolemy/domains/continuous/test/auto/ContinuousWithinContinuous7.xml (RunModel)" time="0.072" />
  <testcase classname="ptolemy.util.test.junit.AutoTests" name="[48] /home/travis/build/icyphy/ptII/ptolemy/domains/continuous/test/auto/DCMotor.xml (RunModel)" time="14.098" />
  <testcase classname="ptolemy.util.test.junit.AutoTests" name="[49] /home/travis/build/icyphy/ptII/ptolemy/domains/continuous/test/auto/DEInContinuous.xml (RunModel)" time="0.029" />
  <testcase classname="ptolemy.util.test.junit.AutoTests" name="[50] /home/travis/build/icyphy/ptII/ptolemy/domains/continuous/test/auto/DEinContinuous2.xml (RunModel)" time="0.025" />
  <testcase classname="ptolemy.util.test.junit.AutoTests" name="[51] /home/travis/build/icyphy/ptII/ptolemy/domains/continuous/test/auto/Derivative.xml (RunModel)" time="0.178" />
  <testcase classname="ptolemy.util.test.junit.AutoTests" name="[52] /home/travis/build/icyphy/ptII/ptolemy/domains/continuous/test/auto/Derivative1.xml (RunModel)" time="0.064" />
  <testcase classname="ptolemy.util.test.junit.AutoTests" name="[53] /home/travis/build/icyphy/ptII/ptolemy/domains/continuous/test/auto/DiscreteClock.xml (RunModel)" time="0.013" />
  <testcase classname="ptolemy.util.test.junit.AutoTests" name="[54] /home/travis/build/icyphy/ptII/ptolemy/domains/continuous/test/auto/EfficiencyCurve.xml (RunModel)" time="0.067" />
  <testcase classname="ptolemy.util.test.junit.AutoTests" name="[55] /home/travis/build/icyphy/ptII/ptolemy/domains/continuous/test/auto/ExponentialResponse.xml (RunModel)" time="0.113" />
  <testcase classname="ptolemy.util.test.junit.AutoTests" name="[56] /home/travis/build/icyphy/ptII/ptolemy/domains/continuous/test/auto/ExponentialResponseRK45.xml (RunModel)" time="0.032" />
  <testcase classname="ptolemy.util.test.junit.AutoTests" name="[57] /home/travis/build/icyphy/ptII/ptolemy/domains/continuous/test/auto/Friction.xml (RunModel)" time="1.574" />
  <testcase classname="ptolemy.util.test.junit.AutoTests" name="[58] /home/travis/build/icyphy/ptII/ptolemy/domains/continuous/test/auto/FurutaPendulum.xml (RunModel)" time="3.096" />
  <testcase classname="ptolemy.util.test.junit.AutoTests" name="[59] /home/travis/build/icyphy/ptII/ptolemy/domains/continuous/test/auto/HierarchicalExecution.xml (RunModel)" time="1.686" />
  <testcase classname="ptolemy.util.test.junit.AutoTests" name="[60] /home/travis/build/icyphy/ptII/ptolemy/domains/continuous/test/auto/HybridPlant.xml (RunModel)" time="0.563" />
  <testcase classname="ptolemy.util.test.junit.AutoTests" name="[61] /home/travis/build/icyphy/ptII/ptolemy/domains/continuous/test/auto/Hysteresis.xml (RunModel)" time="0.183" />
  <testcase classname="ptolemy.util.test.junit.AutoTests" name="[62] /home/travis/build/icyphy/ptII/ptolemy/domains/continuous/test/auto/HysteresisWithRandomDelay.xml (RunModel)" time="0.216" />
  <testcase classname="ptolemy.util.test.junit.AutoTests" name="[63] /home/travis/build/icyphy/ptII/ptolemy/domains/continuous/test/auto/HysteresisWithRandomLosses.xml (RunModel)" time="2.28" />
  <testcase classname="ptolemy.util.test.junit.AutoTests" name="[64] /home/travis/build/icyphy/ptII/ptolemy/domains/continuous/test/auto/ImmediateTransitions.xml (RunModel)" time="0.024" />
  <testcase classname="ptolemy.util.test.junit.AutoTests" name="[65] /home/travis/build/icyphy/ptII/ptolemy/domains/continuous/test/auto/ImpulseFeedback.xml (RunModel)" time="0.019" />
  <testcase classname="ptolemy.util.test.junit.AutoTests" name="[66] /home/travis/build/icyphy/ptII/ptolemy/domains/continuous/test/auto/ImpulseFeedback2.xml (RunModel)" time="0.014" />
  <testcase classname="ptolemy.util.test.junit.AutoTests" name="[67] /home/travis/build/icyphy/ptII/ptolemy/domains/continuous/test/auto/IncreasingRatePoisson.xml (RunModel)" time="0.638" />
  <testcase classname="ptolemy.util.test.junit.AutoTests" name="[68] /home/travis/build/icyphy/ptII/ptolemy/domains/continuous/test/auto/InitialStateFeedback.xml (RunModel)" time="0.018" />
  <testcase classname="ptolemy.util.test.junit.AutoTests" name="[69] /home/travis/build/icyphy/ptII/ptolemy/domains/continuous/test/auto/Integration.xml (RunModel)" time="0.012" />
  <testcase classname="ptolemy.util.test.junit.AutoTests" name="[70] /home/travis/build/icyphy/ptII/ptolemy/domains/continuous/test/auto/Integration2.xml (RunModel)" time="0.08" />
  <testcase classname="ptolemy.util.test.junit.AutoTests" name="[71] /home/travis/build/icyphy/ptII/ptolemy/domains/continuous/test/auto/Integration3.xml (RunModel)" time="0.022" />
  <testcase classname="ptolemy.util.test.junit.AutoTests" name="[72] /home/travis/build/icyphy/ptII/ptolemy/domains/continuous/test/auto/Integration5.xml (RunModel)" time="0.009" />
  <testcase classname="ptolemy.util.test.junit.AutoTests" name="[73] /home/travis/build/icyphy/ptII/ptolemy/domains/continuous/test/auto/IntegratorImpulse.xml (RunModel)" time="0.008" />
  <testcase classname="ptolemy.util.test.junit.AutoTests" name="[74] /home/travis/build/icyphy/ptII/ptolemy/domains/continuous/test/auto/IntegratorImpulse2.xml (RunModel)" time="0.011" />
  <testcase classname="ptolemy.util.test.junit.AutoTests" name="[75] /home/travis/build/icyphy/ptII/ptolemy/domains/continuous/test/auto/LevelCrossing1.xml (RunModel)" time="0.015" />
  <testcase classname="ptolemy.util.test.junit.AutoTests" name="[76] /home/travis/build/icyphy/ptII/ptolemy/domains/continuous/test/auto/LevelCrossing2.xml (RunModel)" time="0.013" />
  <testcase classname="ptolemy.util.test.junit.AutoTests" name="[77] /home/travis/build/icyphy/ptII/ptolemy/domains/continuous/test/auto/LevelCrossing3.xml (RunModel)" time="0.014" />
  <testcase classname="ptolemy.util.test.junit.AutoTests" name="[78] /home/travis/build/icyphy/ptII/ptolemy/domains/continuous/test/auto/LevelCrossing4.xml (RunModel)" time="0.018" />
  <testcase classname="ptolemy.util.test.junit.AutoTests" name="[79] /home/travis/build/icyphy/ptII/ptolemy/domains/continuous/test/auto/LevelCrossing5.xml (RunModel)" time="0.016" />
  <testcase classname="ptolemy.util.test.junit.AutoTests" name="[80] /home/travis/build/icyphy/ptII/ptolemy/domains/continuous/test/auto/LevelCrossing6.xml (RunModel)" time="0.012" />
  <testcase classname="ptolemy.util.test.junit.AutoTests" name="[81] /home/travis/build/icyphy/ptII/ptolemy/domains/continuous/test/auto/LevelCrossingDetector.xml (RunModel)" time="0.037" />
  <testcase classname="ptolemy.util.test.junit.AutoTests" name="[82] /home/travis/build/icyphy/ptII/ptolemy/domains/continuous/test/auto/LevelCrossingDetectorDetectingDirections.xml (RunModel)" time="0.093" />
  <testcase classname="ptolemy.util.test.junit.AutoTests" name="[83] /home/travis/build/icyphy/ptII/ptolemy/domains/continuous/test/auto/LevelCrossingDetectorDetectsGlitches.xml (RunModel)" time="0.073" />
  <testcase classname="ptolemy.util.test.junit.AutoTests" name="[84] /home/travis/build/icyphy/ptII/ptolemy/domains/continuous/test/auto/LevelCrossingNoInitialOuput.xml (RunModel)" time="0.015" />
  <testcase classname="ptolemy.util.test.junit.AutoTests" name="[85] /home/travis/build/icyphy/ptII/ptolemy/domains/continuous/test/auto/LinearStateSpaceExample.xml (RunModel)" time="0.061" />
  <testcase classname="ptolemy.util.test.junit.AutoTests" name="[86] /home/travis/build/icyphy/ptII/ptolemy/domains/continuous/test/auto/Lorenz.xml (RunModel)" time="3.226" />
  <testcase classname="ptolemy.util.test.junit.AutoTests" name="[87] /home/travis/build/icyphy/ptII/ptolemy/domains/continuous/test/auto/LorenzDifferentialSystem.xml (RunModel)" time="0.92" />
  <testcase classname="ptolemy.util.test.junit.AutoTests" name="[88] /home/travis/build/icyphy/ptII/ptolemy/domains/continuous/test/auto/LorenzDifferentialSystemWithInput.xml (RunModel)" time="1.146" />
  <testcase classname="ptolemy.util.test.junit.AutoTests" name="[89] /home/travis/build/icyphy/ptII/ptolemy/domains/continuous/test/auto/LorenzDifferentialSystemWithTime.xml (RunModel)" time="0.658" />
  <testcase classname="ptolemy.util.test.junit.AutoTests" name="[90] /home/travis/build/icyphy/ptII/ptolemy/domains/continuous/test/auto/Microsteps.xml (RunModel)" time="0.037" />
  <testcase classname="ptolemy.util.test.junit.AutoTests" name="[91] /home/travis/build/icyphy/ptII/ptolemy/domains/continuous/test/auto/Modal1.xml (RunModel)" time="0.059" />
  <testcase classname="ptolemy.util.test.junit.AutoTests" name="[92] /home/travis/build/icyphy/ptII/ptolemy/domains/continuous/test/auto/Modal2.xml (RunModel)" time="0.031" />
  <testcase classname="ptolemy.util.test.junit.AutoTests" name="[93] /home/travis/build/icyphy/ptII/ptolemy/domains/continuous/test/auto/ModalTransitionGuardWithReset.xml (RunModel)" time="0.055" />
  <testcase classname="ptolemy.util.test.junit.AutoTests" name="[94] /home/travis/build/icyphy/ptII/ptolemy/domains/continuous/test/auto/ModalTransitionGuardWithResetUsingPreemptiveTransition.xml (RunModel)" time="0.052" />
  <testcase classname="ptolemy.util.test.junit.AutoTests" name="[95] /home/travis/build/icyphy/ptII/ptolemy/domains/continuous/test/auto/ModalTransitionGuardWithResetUsingPreemptiveTransition2.xml (RunModel)" time="0.054" />
  <testcase classname="ptolemy.util.test.junit.AutoTests" name="[96] /home/travis/build/icyphy/ptII/ptolemy/domains/continuous/test/auto/ModalTransitionGuardWithResetUsingPreemptiveTransition3.xml (RunModel)" time="0.046" />
  <testcase classname="ptolemy.util.test.junit.AutoTests" name="[97] /home/travis/build/icyphy/ptII/ptolemy/domains/continuous/test/auto/NewtonsCradle.xml (RunModel)" time="0.778" />
  <testcase classname="ptolemy.util.test.junit.AutoTests" name="[98] /home/travis/build/icyphy/ptII/ptolemy/domains/continuous/test/auto/NewtonsCradleAnimated.xml (RunModel)" time="1.212" />
  <testcase classname="ptolemy.util.test.junit.AutoTests" name="[99] /home/travis/build/icyphy/ptII/ptolemy/domains/continuous/test/auto/NewtonsCradleComplicated.xml (RunModel)" time="0.93" />
  <testcase classname="ptolemy.util.test.junit.AutoTests" name="[100] /home/travis/build/icyphy/ptII/ptolemy/domains/continuous/test/auto/NewtonsCradleNondeterministic.xml (RunModel)" time="0.661" />
  <testcase classname="ptolemy.util.test.junit.AutoTests" name="[101] /home/travis/build/icyphy/ptII/ptolemy/domains/continuous/test/auto/NewtonsCradlePerfectlyInelastic1.xml (RunModel)" time="1.191" />
  <testcase classname="ptolemy.util.test.junit.AutoTests" name="[102] /home/travis/build/icyphy/ptII/ptolemy/domains/continuous/test/auto/Noise.xml (RunModel)" time="0.195" />
  <testcase classname="ptolemy.util.test.junit.AutoTests" name="[103] /home/travis/build/icyphy/ptII/ptolemy/domains/continuous/test/auto/NoiseSpectrum.xml (RunModel)" time="0.737" />
  <testcase classname="ptolemy.util.test.junit.AutoTests" name="[104] /home/travis/build/icyphy/ptII/ptolemy/domains/continuous/test/auto/ParameterizedNewtonsCradleAnimated.xml (RunModel)" time="0.388" />
  <testcase classname="ptolemy.util.test.junit.AutoTests" name="[105] /home/travis/build/icyphy/ptII/ptolemy/domains/continuous/test/auto/ParameterizedNewtonsCradleAnimatedNondeterministic.xml (RunModel)" time="1.118" />
  <testcase classname="ptolemy.util.test.junit.AutoTests" name="[106] /home/travis/build/icyphy/ptII/ptolemy/domains/continuous/test/auto/Pendulum3D.xml (RunModel)" time="0.194" />
  <testcase classname="ptolemy.util.test.junit.AutoTests" name="[107] /home/travis/build/icyphy/ptII/ptolemy/domains/continuous/test/auto/PeriodicSampler.xml (RunModel)" time="0.015" />
  <testcase classname="ptolemy.util.test.junit.AutoTests" name="[108] /home/travis/build/icyphy/ptII/ptolemy/domains/continuous/test/auto/PeriodicSampler1.xml (RunModel)" time="0.043" />
  <testcase classname="ptolemy.util.test.junit.AutoTests" name="[109] /home/travis/build/icyphy/ptII/ptolemy/domains/continuous/test/auto/PeriodicSampler2.xml (RunModel)" time="0.069" />
  <testcase classname="ptolemy.util.test.junit.AutoTests" name="[110] /home/travis/build/icyphy/ptII/ptolemy/domains/continuous/test/auto/Poisson.xml (RunModel)" time="0.437" />
  <testcase classname="ptolemy.util.test.junit.AutoTests" name="[111] /home/travis/build/icyphy/ptII/ptolemy/domains/continuous/test/auto/PoissonClock.xml (RunModel)" time="0.011" />
  <testcase classname="ptolemy.util.test.junit.AutoTests" name="[112] /home/travis/build/icyphy/ptII/ptolemy/domains/continuous/test/auto/PoissonClock2.xml (RunModel)" time="0.012" />
  <testcase classname="ptolemy.util.test.junit.AutoTests" name="[113] /home/travis/build/icyphy/ptII/ptolemy/domains/continuous/test/auto/PortParameterHierarchy.xml (RunModel)" time="0.027" />
  <testcase classname="ptolemy.util.test.junit.AutoTests" name="[114] /home/travis/build/icyphy/ptII/ptolemy/domains/continuous/test/auto/RandomHybridPlant.xml (RunModel)" time="0.61" />
  <testcase classname="ptolemy.util.test.junit.AutoTests" name="[115] /home/travis/build/icyphy/ptII/ptolemy/domains/continuous/test/auto/ResetTransitionWithStartTime1.xml (RunModel)" time="0.029" />
  <testcase classname="ptolemy.util.test.junit.AutoTests" name="[116] /home/travis/build/icyphy/ptII/ptolemy/domains/continuous/test/auto/ResetTransitionWithStartTime2.xml (RunModel)" time="0.032" />
  <testcase classname="ptolemy.util.test.junit.AutoTests" name="[117] /home/travis/build/icyphy/ptII/ptolemy/domains/continuous/test/auto/ResetTransitionWithStartTime3.xml (RunModel)" time="0.03" />
  <testcase classname="ptolemy.util.test.junit.AutoTests" name="[118] /home/travis/build/icyphy/ptII/ptolemy/domains/continuous/test/auto/ResetTransitionWithStartTime4.xml (RunModel)" time="0.023" />
  <testcase classname="ptolemy.util.test.junit.AutoTests" name="[119] /home/travis/build/icyphy/ptII/ptolemy/domains/continuous/test/auto/ResetTransitionWithStartTime5.xml (RunModel)" time="0.034" />
  <testcase classname="ptolemy.util.test.junit.AutoTests" name="[120] /home/travis/build/icyphy/ptII/ptolemy/domains/continuous/test/auto/ResetTransitionWithStartTime6.xml (RunModel)" time="0.024" />
  <testcase classname="ptolemy.util.test.junit.AutoTests" name="[121] /home/travis/build/icyphy/ptII/ptolemy/domains/continuous/test/auto/SRinContinuous.xml (RunModel)" time="0.02" />
  <testcase classname="ptolemy.util.test.junit.AutoTests" name="[122] /home/travis/build/icyphy/ptII/ptolemy/domains/continuous/test/auto/SampledClocks.xml (RunModel)" time="0.03" />
  <testcase classname="ptolemy.util.test.junit.AutoTests" name="[123] /home/travis/build/icyphy/ptII/ptolemy/domains/continuous/test/auto/Satellite.xml (RunModel)" time="0.779" />
  <testcase classname="ptolemy.util.test.junit.AutoTests" name="[124] /home/travis/build/icyphy/ptII/ptolemy/domains/continuous/test/auto/SigmaDelta.xml (RunModel)" time="2.115" />
  <testcase classname="ptolemy.util.test.junit.AutoTests" name="[125] /home/travis/build/icyphy/ptII/ptolemy/domains/continuous/test/auto/SingleRefinement.xml (RunModel)" time="0.513" />
  <testcase classname="ptolemy.util.test.junit.AutoTests" name="[126] /home/travis/build/icyphy/ptII/ptolemy/domains/continuous/test/auto/SinuBouncingBall.xml (RunModel)" time="0.807" />
  <testcase classname="ptolemy.util.test.junit.AutoTests" name="[127] /home/travis/build/icyphy/ptII/ptolemy/domains/continuous/test/auto/Sinusoid.xml (RunModel)" time="0.018" />
  <testcase classname="ptolemy.util.test.junit.AutoTests" name="[128] /home/travis/build/icyphy/ptII/ptolemy/domains/continuous/test/auto/SinusoidInNoise.xml (RunModel)" time="0.783" />
  <testcase classname="ptolemy.util.test.junit.AutoTests" name="[129] /home/travis/build/icyphy/ptII/ptolemy/domains/continuous/test/auto/SinusoidRK45.xml (RunModel)" time="0.009" />
  <testcase classname="ptolemy.util.test.junit.AutoTests" name="[130] /home/travis/build/icyphy/ptII/ptolemy/domains/continuous/test/auto/SinusoidWithMultipleImpulses.xml (RunModel)" time="0.018" />
  <testcase classname="ptolemy.util.test.junit.AutoTests" name="[131] /home/travis/build/icyphy/ptII/ptolemy/domains/continuous/test/auto/SquareWave.xml (RunModel)" time="0.167" />
  <testcase classname="ptolemy.util.test.junit.AutoTests" name="[132] /home/travis/build/icyphy/ptII/ptolemy/domains/continuous/test/auto/Starmac.xml (RunModel)" time="3.327" />
  <testcase classname="ptolemy.util.test.junit.AutoTests" name="[133] /home/travis/build/icyphy/ptII/ptolemy/domains/continuous/test/auto/StaticUnits.xml (RunModel)" time="2.129" />
  <testcase classname="ptolemy.util.test.junit.AutoTests" name="[134] /home/travis/build/icyphy/ptII/ptolemy/domains/continuous/test/auto/StickyMasses.xml (RunModel)" time="0.172" />
  <testcase classname="ptolemy.util.test.junit.AutoTests" name="[135] /home/travis/build/icyphy/ptII/ptolemy/domains/continuous/test/auto/StopTime.xml (RunModel)" time="0.058" />
  <testcase classname="ptolemy.util.test.junit.AutoTests" name="[136] /home/travis/build/icyphy/ptII/ptolemy/domains/continuous/test/auto/StopTime2.xml (RunModel)" time="0.054" />
  <testcase classname="ptolemy.util.test.junit.AutoTests" name="[137] /home/travis/build/icyphy/ptII/ptolemy/domains/continuous/test/auto/Switch.xml (RunModel)" time="0.058" />
  <testcase classname="ptolemy.util.test.junit.AutoTests" name="[138] /home/travis/build/icyphy/ptII/ptolemy/domains/continuous/test/auto/Thermostat.xml (RunModel)" time="0.203" />
  <testcase classname="ptolemy.util.test.junit.AutoTests" name="[139] /home/travis/build/icyphy/ptII/ptolemy/domains/continuous/test/auto/TimeDelay.xml (RunModel)" time="0.014" />
  <testcase classname="ptolemy.util.test.junit.AutoTests" name="[140] /home/travis/build/icyphy/ptII/ptolemy/domains/continuous/test/auto/TimeDelay2.xml (RunModel)" time="0.026" />
  <testcase classname="ptolemy.util.test.junit.AutoTests" name="[141] /home/travis/build/icyphy/ptII/ptolemy/domains/continuous/test/auto/TimeDelay3.xml (RunModel)" time="0.011" />
  <testcase classname="ptolemy.util.test.junit.AutoTests" name="[142] /home/travis/build/icyphy/ptII/ptolemy/domains/continuous/test/auto/TransferAbsentToInside.xml (RunModel)" time="0.092" />
  <testcase classname="ptolemy.util.test.junit.AutoTests" name="[143] /home/travis/build/icyphy/ptII/ptolemy/domains/continuous/test/auto/Transmission.xml (RunModel)" time="0.733" />
  <testcase classname="ptolemy.util.test.junit.AutoTests" name="[144] /home/travis/build/icyphy/ptII/ptolemy/domains/continuous/test/auto/TriggeredContinuousClock.xml (RunModel)" time="0.059" />
  <testcase classname="ptolemy.util.test.junit.AutoTests" name="[145] /home/travis/build/icyphy/ptII/ptolemy/domains/continuous/test/auto/TwoMachineInfiniteBusControl.xml (RunModel)" time="2.833" />
  <testcase classname="ptolemy.util.test.junit.AutoTests" name="[146] /home/travis/build/icyphy/ptII/ptolemy/domains/continuous/test/auto/V2V.xml (RunModel)" time="0.802" />
  <testcase classname="ptolemy.util.test.junit.AutoTests" name="[147] /home/travis/build/icyphy/ptII/ptolemy/domains/continuous/test/auto/hierarchicalModalModel.xml (RunModel)" time="0.046" />
  <testcase classname="ptolemy.util.test.junit.AutoTests" name="[148] /home/travis/build/icyphy/ptII/ptolemy/domains/continuous/test/auto/hierarchicalModalModel1.xml (RunModel)" time="0.029" />
  <testcase classname="ptolemy.util.test.junit.AutoTests" name="[149] /home/travis/build/icyphy/ptII/ptolemy/domains/continuous/test/auto/hierarchicalModalModel2.xml (RunModel)" time="0.025" />
  <testcase classname="ptolemy.util.test.junit.AutoTests" name="[150] /home/travis/build/icyphy/ptII/ptolemy/domains/continuous/test/auto/hierarchicalModalModel3.xml (RunModel)" time="0.022" />
  <testcase classname="ptolemy.util.test.junit.AutoTests" name="[151] /home/travis/build/icyphy/ptII/ptolemy/domains/continuous/test/auto/hierarchicalModalModel4.xml (RunModel)" time="0.024" />
  <testcase classname="ptolemy.util.test.junit.AutoTests" name="[152] /home/travis/build/icyphy/ptII/ptolemy/domains/continuous/test/auto/junk.xml (RunModel)" time="0.123" />
  <system-out><![CDATA[No tcl tests in /home/travis/build/icyphy/ptII/ptolemy/domains/continuous/test
No auto/knownFailedTests/*.xml tests in /home/travis/build/icyphy/ptII/ptolemy/domains/continuous/test
No auto/linux-amd64/*.xml tests in /home/travis/build/icyphy/ptII/ptolemy/domains/continuous/test
AutoTests.java: About to close Vertx.
AutoTests.java: Vertx closed.

===========================================================================================
----------------- testing Mon May 25 14:23:55 UTC 2020 /home/travis/build/icyphy/ptII/ptolemy/domains/continuous/test/auto/BouncingBall.xml
----------------- Instantiating /home/travis/build/icyphy/ptII/ptolemy/domains/continuous/test/auto/BouncingBall.xml
2190 ms. Memory: 155648K Free: 57243K (37%)
----------------- Invoking toplevel() on ptolemy.moml.MoMLSimpleApplication@5fe3c824
----------------- Done invoking toplevel() on ptolemy.moml.MoMLSimpleApplication@5fe3c824
reloadAllAccessors: .BouncingBall

===========================================================================================
----------------- testing Mon May 25 14:23:58 UTC 2020 /home/travis/build/icyphy/ptII/ptolemy/domains/continuous/test/auto/BouncingBallWithoutGR.xml
----------------- Instantiating /home/travis/build/icyphy/ptII/ptolemy/domains/continuous/test/auto/BouncingBallWithoutGR.xml
723 ms. Memory: 155648K Free: 55733K (36%)
----------------- Invoking toplevel() on ptolemy.moml.MoMLSimpleApplication@42319efd
----------------- Done invoking toplevel() on ptolemy.moml.MoMLSimpleApplication@42319efd
reloadAllAccessors: .BouncingBallWithoutGR

===========================================================================================
----------------- testing Mon May 25 14:23:59 UTC 2020 /home/travis/build/icyphy/ptII/ptolemy/domains/continuous/test/auto/Brownian.xml
----------------- Instantiating /home/travis/build/icyphy/ptII/ptolemy/domains/continuous/test/auto/Brownian.xml
23 ms. Memory: 155648K Free: 137928K (89%)
----------------- Invoking toplevel() on ptolemy.moml.MoMLSimpleApplication@274b9e2d
----------------- Done invoking toplevel() on ptolemy.moml.MoMLSimpleApplication@274b9e2d
reloadAllAccessors: .Brownian

===========================================================================================
----------------- testing Mon May 25 14:23:59 UTC 2020 /home/travis/build/icyphy/ptII/ptolemy/domains/continuous/test/auto/CarTracking.xml
----------------- Instantiating /home/travis/build/icyphy/ptII/ptolemy/domains/continuous/test/auto/CarTracking.xml
3447 ms. Memory: 225280K Free: 93155K (41%)
----------------- Invoking toplevel() on ptolemy.moml.MoMLSimpleApplication@249b11a9
----------------- Done invoking toplevel() on ptolemy.moml.MoMLSimpleApplication@249b11a9
reloadAllAccessors: .CarTracking

===========================================================================================
----------------- testing Mon May 25 14:24:03 UTC 2020 /home/travis/build/icyphy/ptII/ptolemy/domains/continuous/test/auto/CartPendulum.xml
----------------- Instantiating /home/travis/build/icyphy/ptII/ptolemy/domains/continuous/test/auto/CartPendulum.xml
359 ms. Memory: 225280K Free: 131429K (58%)
----------------- Invoking toplevel() on ptolemy.moml.MoMLSimpleApplication@4f31de49
----------------- Done invoking toplevel() on ptolemy.moml.MoMLSimpleApplication@4f31de49
reloadAllAccessors: .CartPendulum

===========================================================================================
----------------- testing Mon May 25 14:24:04 UTC 2020 /home/travis/build/icyphy/ptII/ptolemy/domains/continuous/test/auto/CausalityInterface10.xml
----------------- Instantiating /home/travis/build/icyphy/ptII/ptolemy/domains/continuous/test/auto/CausalityInterface10.xml
9 ms. Memory: 225280K Free: 121189K (54%)
----------------- Invoking toplevel() on ptolemy.moml.MoMLSimpleApplication@5d117bc4
----------------- Done invoking toplevel() on ptolemy.moml.MoMLSimpleApplication@5d117bc4
reloadAllAccessors: .CausalityInterface10

===========================================================================================
----------------- testing Mon May 25 14:24:04 UTC 2020 /home/travis/build/icyphy/ptII/ptolemy/domains/continuous/test/auto/CausalityInterface11.xml
----------------- Instantiating /home/travis/build/icyphy/ptII/ptolemy/domains/continuous/test/auto/CausalityInterface11.xml
3 ms. Memory: 225280K Free: 115031K (51%)
----------------- Invoking toplevel() on ptolemy.moml.MoMLSimpleApplication@e28b80
----------------- Done invoking toplevel() on ptolemy.moml.MoMLSimpleApplication@e28b80
reloadAllAccessors: .CausalityInterface11

===========================================================================================
----------------- testing Mon May 25 14:24:04 UTC 2020 /home/travis/build/icyphy/ptII/ptolemy/domains/continuous/test/auto/CausalityInterface12.xml
----------------- Instantiating /home/travis/build/icyphy/ptII/ptolemy/domains/continuous/test/auto/CausalityInterface12.xml
4 ms. Memory: 225280K Free: 108887K (48%)
----------------- Invoking toplevel() on ptolemy.moml.MoMLSimpleApplication@4fa7c92d
----------------- Done invoking toplevel() on ptolemy.moml.MoMLSimpleApplication@4fa7c92d
reloadAllAccessors: .CausalityInterface12

===========================================================================================
----------------- testing Mon May 25 14:24:04 UTC 2020 /home/travis/build/icyphy/ptII/ptolemy/domains/continuous/test/auto/CausalityInterface13.xml
----------------- Instantiating /home/travis/build/icyphy/ptII/ptolemy/domains/continuous/test/auto/CausalityInterface13.xml
8 ms. Memory: 225280K Free: 102743K (46%)
----------------- Invoking toplevel() on ptolemy.moml.MoMLSimpleApplication@2ccaa93a
----------------- Done invoking toplevel() on ptolemy.moml.MoMLSimpleApplication@2ccaa93a
reloadAllAccessors: .CausalityInterface13

===========================================================================================
----------------- testing Mon May 25 14:24:04 UTC 2020 /home/travis/build/icyphy/ptII/ptolemy/domains/continuous/test/auto/CausalityInterface14.xml
----------------- Instantiating /home/travis/build/icyphy/ptII/ptolemy/domains/continuous/test/auto/CausalityInterface14.xml
4 ms. Memory: 225280K Free: 97127K (43%)
----------------- Invoking toplevel() on ptolemy.moml.MoMLSimpleApplication@50d14efc
----------------- Done invoking toplevel() on ptolemy.moml.MoMLSimpleApplication@50d14efc
reloadAllAccessors: .CausalityInterface14

===========================================================================================
----------------- testing Mon May 25 14:24:04 UTC 2020 /home/travis/build/icyphy/ptII/ptolemy/domains/continuous/test/auto/CausalityInterface4.xml
----------------- Instantiating /home/travis/build/icyphy/ptII/ptolemy/domains/continuous/test/auto/CausalityInterface4.xml
4 ms. Memory: 225280K Free: 90455K (40%)
----------------- Invoking toplevel() on ptolemy.moml.MoMLSimpleApplication@77c98a1a
----------------- Done invoking toplevel() on ptolemy.moml.MoMLSimpleApplication@77c98a1a
reloadAllAccessors: .CausalityInterface4

===========================================================================================
----------------- testing Mon May 25 14:24:04 UTC 2020 /home/travis/build/icyphy/ptII/ptolemy/domains/continuous/test/auto/CausalityInterface5.xml
----------------- Instantiating /home/travis/build/icyphy/ptII/ptolemy/domains/continuous/test/auto/CausalityInterface5.xml
3 ms. Memory: 225280K Free: 82277K (37%)
----------------- Invoking toplevel() on ptolemy.moml.MoMLSimpleApplication@15d9e446
----------------- Done invoking toplevel() on ptolemy.moml.MoMLSimpleApplication@15d9e446
reloadAllAccessors: .CausalityInterface5

===========================================================================================
----------------- testing Mon May 25 14:24:04 UTC 2020 /home/travis/build/icyphy/ptII/ptolemy/domains/continuous/test/auto/CausalityInterface6.xml
----------------- Instantiating /home/travis/build/icyphy/ptII/ptolemy/domains/continuous/test/auto/CausalityInterface6.xml
4 ms. Memory: 225280K Free: 76647K (34%)
----------------- Invoking toplevel() on ptolemy.moml.MoMLSimpleApplication@10de00aa
----------------- Done invoking toplevel() on ptolemy.moml.MoMLSimpleApplication@10de00aa
reloadAllAccessors: .CausalityInterface6

===========================================================================================
----------------- testing Mon May 25 14:24:04 UTC 2020 /home/travis/build/icyphy/ptII/ptolemy/domains/continuous/test/auto/CausalityInterface7.xml
----------------- Instantiating /home/travis/build/icyphy/ptII/ptolemy/domains/continuous/test/auto/CausalityInterface7.xml
8 ms. Memory: 225280K Free: 201498K (89%)
----------------- Invoking toplevel() on ptolemy.moml.MoMLSimpleApplication@479ae35a
----------------- Done invoking toplevel() on ptolemy.moml.MoMLSimpleApplication@479ae35a
reloadAllAccessors: .CausalityInterface7

===========================================================================================
----------------- testing Mon May 25 14:24:04 UTC 2020 /home/travis/build/icyphy/ptII/ptolemy/domains/continuous/test/auto/CausalityInterface8.xml
----------------- Instantiating /home/travis/build/icyphy/ptII/ptolemy/domains/continuous/test/auto/CausalityInterface8.xml
5 ms. Memory: 225280K Free: 192798K (86%)
----------------- Invoking toplevel() on ptolemy.moml.MoMLSimpleApplication@3670f5d
----------------- Done invoking toplevel() on ptolemy.moml.MoMLSimpleApplication@3670f5d
reloadAllAccessors: .CausalityInterface8

===========================================================================================
----------------- testing Mon May 25 14:24:04 UTC 2020 /home/travis/build/icyphy/ptII/ptolemy/domains/continuous/test/auto/CausalityInterface9.xml
----------------- Instantiating /home/travis/build/icyphy/ptII/ptolemy/domains/continuous/test/auto/CausalityInterface9.xml
4 ms. Memory: 225280K Free: 182044K (81%)
----------------- Invoking toplevel() on ptolemy.moml.MoMLSimpleApplication@4f3288cc
----------------- Done invoking toplevel() on ptolemy.moml.MoMLSimpleApplication@4f3288cc
reloadAllAccessors: .CausalityInterface9

===========================================================================================
----------------- testing Mon May 25 14:24:04 UTC 2020 /home/travis/build/icyphy/ptII/ptolemy/domains/continuous/test/auto/CausalityInterfaceFeedback1.xml
----------------- Instantiating /home/travis/build/icyphy/ptII/ptolemy/domains/continuous/test/auto/CausalityInterfaceFeedback1.xml
5 ms. Memory: 225280K Free: 175390K (78%)
----------------- Invoking toplevel() on ptolemy.moml.MoMLSimpleApplication@4a1b24d5
----------------- Done invoking toplevel() on ptolemy.moml.MoMLSimpleApplication@4a1b24d5
reloadAllAccessors: .CausalityInterfaceFeedback1

===========================================================================================
----------------- testing Mon May 25 14:24:04 UTC 2020 /home/travis/build/icyphy/ptII/ptolemy/domains/continuous/test/auto/CausalityInterfaceFeedback2.xml
----------------- Instantiating /home/travis/build/icyphy/ptII/ptolemy/domains/continuous/test/auto/CausalityInterfaceFeedback2.xml
2 ms. Memory: 225280K Free: 168702K (75%)
----------------- Invoking toplevel() on ptolemy.moml.MoMLSimpleApplication@6b5f01a7
----------------- Done invoking toplevel() on ptolemy.moml.MoMLSimpleApplication@6b5f01a7
reloadAllAccessors: .CausalityInterfaceFeedback2

===========================================================================================
----------------- testing Mon May 25 14:24:04 UTC 2020 /home/travis/build/icyphy/ptII/ptolemy/domains/continuous/test/auto/CompareWithCurrentTime.xml
----------------- Instantiating /home/travis/build/icyphy/ptII/ptolemy/domains/continuous/test/auto/CompareWithCurrentTime.xml
3 ms. Memory: 225280K Free: 164636K (73%)
----------------- Invoking toplevel() on ptolemy.moml.MoMLSimpleApplication@27ec7e6c
----------------- Done invoking toplevel() on ptolemy.moml.MoMLSimpleApplication@27ec7e6c
reloadAllAccessors: .CompareWithCurrentTime

===========================================================================================
----------------- testing Mon May 25 14:24:04 UTC 2020 /home/travis/build/icyphy/ptII/ptolemy/domains/continuous/test/auto/ComparedClocks.xml
----------------- Instantiating /home/travis/build/icyphy/ptII/ptolemy/domains/continuous/test/auto/ComparedClocks.xml
7 ms. Memory: 225280K Free: 149262K (66%)
----------------- Invoking toplevel() on ptolemy.moml.MoMLSimpleApplication@3f7ddcea
----------------- Done invoking toplevel() on ptolemy.moml.MoMLSimpleApplication@3f7ddcea
reloadAllAccessors: .ComparedClocks

===========================================================================================
----------------- testing Mon May 25 14:24:04 UTC 2020 /home/travis/build/icyphy/ptII/ptolemy/domains/continuous/test/auto/ContinuousAOCClone.xml
----------------- Instantiating /home/travis/build/icyphy/ptII/ptolemy/domains/continuous/test/auto/ContinuousAOCClone.xml
2285 ms. Memory: 270336K Free: 193401K (72%)
----------------- Invoking toplevel() on ptolemy.moml.MoMLSimpleApplication@46508e3
----------------- Done invoking toplevel() on ptolemy.moml.MoMLSimpleApplication@46508e3
reloadAllAccessors: .ContinuousAOCClone

===========================================================================================
----------------- testing Mon May 25 14:24:07 UTC 2020 /home/travis/build/icyphy/ptII/ptolemy/domains/continuous/test/auto/ContinuousClock.xml
----------------- Instantiating /home/travis/build/icyphy/ptII/ptolemy/domains/continuous/test/auto/ContinuousClock.xml
44 ms. Memory: 270336K Free: 171402K (63%)
----------------- Invoking toplevel() on ptolemy.moml.MoMLSimpleApplication@778b0236
----------------- Done invoking toplevel() on ptolemy.moml.MoMLSimpleApplication@778b0236
reloadAllAccessors: .ContinuousClock

===========================================================================================
----------------- testing Mon May 25 14:24:07 UTC 2020 /home/travis/build/icyphy/ptII/ptolemy/domains/continuous/test/auto/ContinuousInContinuous.xml
----------------- Instantiating /home/travis/build/icyphy/ptII/ptolemy/domains/continuous/test/auto/ContinuousInContinuous.xml
37 ms. Memory: 270336K Free: 147850K (55%)
----------------- Invoking toplevel() on ptolemy.moml.MoMLSimpleApplication@4fa48e9c
----------------- Done invoking toplevel() on ptolemy.moml.MoMLSimpleApplication@4fa48e9c
reloadAllAccessors: .ContinuousInContinuous

===========================================================================================
----------------- testing Mon May 25 14:24:07 UTC 2020 /home/travis/build/icyphy/ptII/ptolemy/domains/continuous/test/auto/ContinuousInContinuousInContinuous.xml
----------------- Instantiating /home/travis/build/icyphy/ptII/ptolemy/domains/continuous/test/auto/ContinuousInContinuousInContinuous.xml
8 ms. Memory: 270336K Free: 140168K (52%)
----------------- Invoking toplevel() on ptolemy.moml.MoMLSimpleApplication@20d795ea
----------------- Done invoking toplevel() on ptolemy.moml.MoMLSimpleApplication@20d795ea
reloadAllAccessors: .ContinuousInContinuousInContinuous

===========================================================================================
----------------- testing Mon May 25 14:24:07 UTC 2020 /home/travis/build/icyphy/ptII/ptolemy/domains/continuous/test/auto/ContinuousInDE.xml
----------------- Instantiating /home/travis/build/icyphy/ptII/ptolemy/domains/continuous/test/auto/ContinuousInDE.xml
93 ms. Memory: 270336K Free: 129928K (48%)
----------------- Invoking toplevel() on ptolemy.moml.MoMLSimpleApplication@67e579b6
----------------- Done invoking toplevel() on ptolemy.moml.MoMLSimpleApplication@67e579b6
reloadAllAccessors: .ContinuousInDE

===========================================================================================
----------------- testing Mon May 25 14:24:07 UTC 2020 /home/travis/build/icyphy/ptII/ptolemy/domains/continuous/test/auto/ContinuousInDE2.xml
----------------- Instantiating /home/travis/build/icyphy/ptII/ptolemy/domains/continuous/test/auto/ContinuousInDE2.xml
29 ms. Memory: 270336K Free: 120202K (44%)
----------------- Invoking toplevel() on ptolemy.moml.MoMLSimpleApplication@60d8c3dc
----------------- Done invoking toplevel() on ptolemy.moml.MoMLSimpleApplication@60d8c3dc
reloadAllAccessors: .ContinuousInDE2

===========================================================================================
----------------- testing Mon May 25 14:24:07 UTC 2020 /home/travis/build/icyphy/ptII/ptolemy/domains/continuous/test/auto/ContinuousInDE3.xml
----------------- Instantiating /home/travis/build/icyphy/ptII/ptolemy/domains/continuous/test/auto/ContinuousInDE3.xml
31 ms. Memory: 270336K Free: 110472K (41%)
----------------- Invoking toplevel() on ptolemy.moml.MoMLSimpleApplication@10888b1e
----------------- Done invoking toplevel() on ptolemy.moml.MoMLSimpleApplication@10888b1e
reloadAllAccessors: .ContinuousInDE3

===========================================================================================
----------------- testing Mon May 25 14:24:07 UTC 2020 /home/travis/build/icyphy/ptII/ptolemy/domains/continuous/test/auto/ContinuousInDE4.xml
----------------- Instantiating /home/travis/build/icyphy/ptII/ptolemy/domains/continuous/test/auto/ContinuousInDE4.xml
14 ms. Memory: 270336K Free: 104327K (39%)
----------------- Invoking toplevel() on ptolemy.moml.MoMLSimpleApplication@12d8a435
----------------- Done invoking toplevel() on ptolemy.moml.MoMLSimpleApplication@12d8a435
reloadAllAccessors: .ContinuousInDE4

===========================================================================================
----------------- testing Mon May 25 14:24:07 UTC 2020 /home/travis/build/icyphy/ptII/ptolemy/domains/continuous/test/auto/ContinuousInDEDifferentRefinements.xml
----------------- Instantiating /home/travis/build/icyphy/ptII/ptolemy/domains/continuous/test/auto/ContinuousInDEDifferentRefinements.xml
70 ms. Memory: 270336K Free: 233253K (86%)
----------------- Invoking toplevel() on ptolemy.moml.MoMLSimpleApplication@760eb1d6
----------------- Done invoking toplevel() on ptolemy.moml.MoMLSimpleApplication@760eb1d6
reloadAllAccessors: .ContinuousInDEDifferentRefinements

===========================================================================================
----------------- testing Mon May 25 14:24:07 UTC 2020 /home/travis/build/icyphy/ptII/ptolemy/domains/continuous/test/auto/ContinuousInDEDifferentRefinementsPreemptive.xml
----------------- Instantiating /home/travis/build/icyphy/ptII/ptolemy/domains/continuous/test/auto/ContinuousInDEDifferentRefinementsPreemptive.xml
50 ms. Memory: 270336K Free: 202502K (75%)
----------------- Invoking toplevel() on ptolemy.moml.MoMLSimpleApplication@6eec35cc
----------------- Done invoking toplevel() on ptolemy.moml.MoMLSimpleApplication@6eec35cc
reloadAllAccessors: .ContinuousInDEDifferentRefinementsPreemptive

===========================================================================================
----------------- testing Mon May 25 14:24:07 UTC 2020 /home/travis/build/icyphy/ptII/ptolemy/domains/continuous/test/auto/ContinuousInDEInContinuous2.xml
----------------- Instantiating /home/travis/build/icyphy/ptII/ptolemy/domains/continuous/test/auto/ContinuousInDEInContinuous2.xml
36 ms. Memory: 270336K Free: 191269K (71%)
----------------- Invoking toplevel() on ptolemy.moml.MoMLSimpleApplication@6fbbb93f
----------------- Done invoking toplevel() on ptolemy.moml.MoMLSimpleApplication@6fbbb93f
reloadAllAccessors: .ContinuousInDEInContinuous2

===========================================================================================
----------------- testing Mon May 25 14:24:07 UTC 2020 /home/travis/build/icyphy/ptII/ptolemy/domains/continuous/test/auto/ContinuousInDEInContinuous3.xml
----------------- Instantiating /home/travis/build/icyphy/ptII/ptolemy/domains/continuous/test/auto/ContinuousInDEInContinuous3.xml
35 ms. Memory: 270336K Free: 179495K (66%)
----------------- Invoking toplevel() on ptolemy.moml.MoMLSimpleApplication@36ed170c
----------------- Done invoking toplevel() on ptolemy.moml.MoMLSimpleApplication@36ed170c
reloadAllAccessors: .ContinuousInDEInContinuous3

===========================================================================================
----------------- testing Mon May 25 14:24:07 UTC 2020 /home/travis/build/icyphy/ptII/ptolemy/domains/continuous/test/auto/ContinuousInDEInput.xml
----------------- Instantiating /home/travis/build/icyphy/ptII/ptolemy/domains/continuous/test/auto/ContinuousInDEInput.xml
19 ms. Memory: 270336K Free: 172327K (64%)
----------------- Invoking toplevel() on ptolemy.moml.MoMLSimpleApplication@1c1f8e56
----------------- Done invoking toplevel() on ptolemy.moml.MoMLSimpleApplication@1c1f8e56
reloadAllAccessors: .ContinuousInDEInput

===========================================================================================
----------------- testing Mon May 25 14:24:07 UTC 2020 /home/travis/build/icyphy/ptII/ptolemy/domains/continuous/test/auto/ContinuousInDEInput2.xml
----------------- Instantiating /home/travis/build/icyphy/ptII/ptolemy/domains/continuous/test/auto/ContinuousInDEInput2.xml
14 ms. Memory: 270336K Free: 165159K (61%)
----------------- Invoking toplevel() on ptolemy.moml.MoMLSimpleApplication@2e002c31
----------------- Done invoking toplevel() on ptolemy.moml.MoMLSimpleApplication@2e002c31
reloadAllAccessors: .ContinuousInDEInput2

===========================================================================================
----------------- testing Mon May 25 14:24:08 UTC 2020 /home/travis/build/icyphy/ptII/ptolemy/domains/continuous/test/auto/ContinuousInDEInput3.xml
----------------- Instantiating /home/travis/build/icyphy/ptII/ptolemy/domains/continuous/test/auto/ContinuousInDEInput3.xml
14 ms. Memory: 270336K Free: 157991K (58%)
----------------- Invoking toplevel() on ptolemy.moml.MoMLSimpleApplication@29c01105
----------------- Done invoking toplevel() on ptolemy.moml.MoMLSimpleApplication@29c01105
reloadAllAccessors: .ContinuousInDEInput3

===========================================================================================
----------------- testing Mon May 25 14:24:08 UTC 2020 /home/travis/build/icyphy/ptII/ptolemy/domains/continuous/test/auto/ContinuousInDESharingRefinement.xml
----------------- Instantiating /home/travis/build/icyphy/ptII/ptolemy/domains/continuous/test/auto/ContinuousInDESharingRefinement.xml
135 ms. Memory: 270336K Free: 224101K (83%)
----------------- Invoking toplevel() on ptolemy.moml.MoMLSimpleApplication@3cca6fb4
----------------- Done invoking toplevel() on ptolemy.moml.MoMLSimpleApplication@3cca6fb4
reloadAllAccessors: .ContinuousInDESharingRefinement

===========================================================================================
----------------- testing Mon May 25 14:24:08 UTC 2020 /home/travis/build/icyphy/ptII/ptolemy/domains/continuous/test/auto/ContinuousInDEwithNoPorts.xml
----------------- Instantiating /home/travis/build/icyphy/ptII/ptolemy/domains/continuous/test/auto/ContinuousInDEwithNoPorts.xml
5 ms. Memory: 270336K Free: 219477K (81%)
----------------- Invoking toplevel() on ptolemy.moml.MoMLSimpleApplication@437cdf36
----------------- Done invoking toplevel() on ptolemy.moml.MoMLSimpleApplication@437cdf36
reloadAllAccessors: .ContinuousInDEwithNoPorts

===========================================================================================
----------------- testing Mon May 25 14:24:08 UTC 2020 /home/travis/build/icyphy/ptII/ptolemy/domains/continuous/test/auto/ContinuousInsideDE.xml
----------------- Instantiating /home/travis/build/icyphy/ptII/ptolemy/domains/continuous/test/auto/ContinuousInsideDE.xml
30 ms. Memory: 270336K Free: 208227K (77%)
----------------- Invoking toplevel() on ptolemy.moml.MoMLSimpleApplication@19f21dc6
----------------- Done invoking toplevel() on ptolemy.moml.MoMLSimpleApplication@19f21dc6
reloadAllAccessors: .ContinuousInsideDE

===========================================================================================
----------------- testing Mon May 25 14:24:08 UTC 2020 /home/travis/build/icyphy/ptII/ptolemy/domains/continuous/test/auto/ContinuousMerge1.xml
----------------- Instantiating /home/travis/build/icyphy/ptII/ptolemy/domains/continuous/test/auto/ContinuousMerge1.xml
3 ms. Memory: 270336K Free: 203621K (75%)
----------------- Invoking toplevel() on ptolemy.moml.MoMLSimpleApplication@3565212
----------------- Done invoking toplevel() on ptolemy.moml.MoMLSimpleApplication@3565212
reloadAllAccessors: .ContinuousMerge1

===========================================================================================
----------------- testing Mon May 25 14:24:08 UTC 2020 /home/travis/build/icyphy/ptII/ptolemy/domains/continuous/test/auto/ContinuousMerge2.xml
----------------- Instantiating /home/travis/build/icyphy/ptII/ptolemy/domains/continuous/test/auto/ContinuousMerge2.xml
15 ms. Memory: 270336K Free: 193381K (72%)
----------------- Invoking toplevel() on ptolemy.moml.MoMLSimpleApplication@4e29ef06
----------------- Done invoking toplevel() on ptolemy.moml.MoMLSimpleApplication@4e29ef06
reloadAllAccessors: .ContinuousMerge2

===========================================================================================
----------------- testing Mon May 25 14:24:08 UTC 2020 /home/travis/build/icyphy/ptII/ptolemy/domains/continuous/test/auto/ContinuousMerge3.xml
----------------- Instantiating /home/travis/build/icyphy/ptII/ptolemy/domains/continuous/test/auto/ContinuousMerge3.xml
37 ms. Memory: 270336K Free: 182627K (68%)
----------------- Invoking toplevel() on ptolemy.moml.MoMLSimpleApplication@31062311
----------------- Done invoking toplevel() on ptolemy.moml.MoMLSimpleApplication@31062311
reloadAllAccessors: .ContinuousMerge3

===========================================================================================
----------------- testing Mon May 25 14:24:08 UTC 2020 /home/travis/build/icyphy/ptII/ptolemy/domains/continuous/test/auto/ContinuousWithinContinuous.xml
----------------- Instantiating /home/travis/build/icyphy/ptII/ptolemy/domains/continuous/test/auto/ContinuousWithinContinuous.xml
41 ms. Memory: 270336K Free: 173411K (64%)
----------------- Invoking toplevel() on ptolemy.moml.MoMLSimpleApplication@6539ef40
----------------- Done invoking toplevel() on ptolemy.moml.MoMLSimpleApplication@6539ef40
reloadAllAccessors: .ContinuousWithinContinuous

===========================================================================================
----------------- testing Mon May 25 14:24:08 UTC 2020 /home/travis/build/icyphy/ptII/ptolemy/domains/continuous/test/auto/ContinuousWithinContinuous2.xml
----------------- Instantiating /home/travis/build/icyphy/ptII/ptolemy/domains/continuous/test/auto/ContinuousWithinContinuous2.xml
72 ms. Memory: 270336K Free: 162147K (60%)
----------------- Invoking toplevel() on ptolemy.moml.MoMLSimpleApplication@23a3c43b
----------------- Done invoking toplevel() on ptolemy.moml.MoMLSimpleApplication@23a3c43b
reloadAllAccessors: .ContinuousWithinContinuous2

===========================================================================================
----------------- testing Mon May 25 14:24:08 UTC 2020 /home/travis/build/icyphy/ptII/ptolemy/domains/continuous/test/auto/ContinuousWithinContinuous3.xml
----------------- Instantiating /home/travis/build/icyphy/ptII/ptolemy/domains/continuous/test/auto/ContinuousWithinContinuous3.xml
14 ms. Memory: 270336K Free: 155493K (58%)
----------------- Invoking toplevel() on ptolemy.moml.MoMLSimpleApplication@58cc5495
----------------- Done invoking toplevel() on ptolemy.moml.MoMLSimpleApplication@58cc5495
reloadAllAccessors: .ContinuousWithinContinuous3

===========================================================================================
----------------- testing Mon May 25 14:24:08 UTC 2020 /home/travis/build/icyphy/ptII/ptolemy/domains/continuous/test/auto/ContinuousWithinContinuous4.xml
----------------- Instantiating /home/travis/build/icyphy/ptII/ptolemy/domains/continuous/test/auto/ContinuousWithinContinuous4.xml
81 ms. Memory: 270336K Free: 142691K (53%)
----------------- Invoking toplevel() on ptolemy.moml.MoMLSimpleApplication@2153e881
----------------- Done invoking toplevel() on ptolemy.moml.MoMLSimpleApplication@2153e881
reloadAllAccessors: .ContinuousWithinContinuous4

===========================================================================================
----------------- testing Mon May 25 14:24:08 UTC 2020 /home/travis/build/icyphy/ptII/ptolemy/domains/continuous/test/auto/ContinuousWithinContinuous5.xml
----------------- Instantiating /home/travis/build/icyphy/ptII/ptolemy/domains/continuous/test/auto/ContinuousWithinContinuous5.xml
14 ms. Memory: 270336K Free: 135523K (50%)
----------------- Invoking toplevel() on ptolemy.moml.MoMLSimpleApplication@5771cdc2
----------------- Done invoking toplevel() on ptolemy.moml.MoMLSimpleApplication@5771cdc2
reloadAllAccessors: .ContinuousWithinContinuous5

===========================================================================================
----------------- testing Mon May 25 14:24:08 UTC 2020 /home/travis/build/icyphy/ptII/ptolemy/domains/continuous/test/auto/ContinuousWithinContinuous6.xml
----------------- Instantiating /home/travis/build/icyphy/ptII/ptolemy/domains/continuous/test/auto/ContinuousWithinContinuous6.xml
14 ms. Memory: 270336K Free: 128355K (47%)
----------------- Invoking toplevel() on ptolemy.moml.MoMLSimpleApplication@5504efd2
----------------- Done invoking toplevel() on ptolemy.moml.MoMLSimpleApplication@5504efd2
reloadAllAccessors: .ContinuousWithinContinuous6

===========================================================================================
----------------- testing Mon May 25 14:24:08 UTC 2020 /home/travis/build/icyphy/ptII/ptolemy/domains/continuous/test/auto/ContinuousWithinContinuous7.xml
----------------- Instantiating /home/travis/build/icyphy/ptII/ptolemy/domains/continuous/test/auto/ContinuousWithinContinuous7.xml
58 ms. Memory: 270336K Free: 117605K (44%)
----------------- Invoking toplevel() on ptolemy.moml.MoMLSimpleApplication@5a4b34c9
----------------- Done invoking toplevel() on ptolemy.moml.MoMLSimpleApplication@5a4b34c9
reloadAllAccessors: .ContinuousWithinContinuous7

===========================================================================================
----------------- testing Mon May 25 14:24:08 UTC 2020 /home/travis/build/icyphy/ptII/ptolemy/domains/continuous/test/auto/DCMotor.xml
----------------- Instantiating /home/travis/build/icyphy/ptII/ptolemy/domains/continuous/test/auto/DCMotor.xml
14009 ms. Memory: 270336K Free: 198160K (73%)
----------------- Invoking toplevel() on ptolemy.moml.MoMLSimpleApplication@32d95e02
----------------- Done invoking toplevel() on ptolemy.moml.MoMLSimpleApplication@32d95e02
reloadAllAccessors: .DCMotor

===========================================================================================
----------------- testing Mon May 25 14:24:22 UTC 2020 /home/travis/build/icyphy/ptII/ptolemy/domains/continuous/test/auto/DEInContinuous.xml
----------------- Instantiating /home/travis/build/icyphy/ptII/ptolemy/domains/continuous/test/auto/DEInContinuous.xml
14 ms. Memory: 270336K Free: 192016K (71%)
----------------- Invoking toplevel() on ptolemy.moml.MoMLSimpleApplication@2a79333d
----------------- Done invoking toplevel() on ptolemy.moml.MoMLSimpleApplication@2a79333d
reloadAllAccessors: .DEInContinuous

===========================================================================================
----------------- testing Mon May 25 14:24:23 UTC 2020 /home/travis/build/icyphy/ptII/ptolemy/domains/continuous/test/auto/DEinContinuous2.xml
----------------- Instantiating /home/travis/build/icyphy/ptII/ptolemy/domains/continuous/test/auto/DEinContinuous2.xml
8 ms. Memory: 270336K Free: 184320K (68%)
----------------- Invoking toplevel() on ptolemy.moml.MoMLSimpleApplication@9bff509
----------------- Done invoking toplevel() on ptolemy.moml.MoMLSimpleApplication@9bff509
reloadAllAccessors: .DEinContinuous2

===========================================================================================
----------------- testing Mon May 25 14:24:23 UTC 2020 /home/travis/build/icyphy/ptII/ptolemy/domains/continuous/test/auto/Derivative.xml
----------------- Instantiating /home/travis/build/icyphy/ptII/ptolemy/domains/continuous/test/auto/Derivative.xml
129 ms. Memory: 270336K Free: 155152K (57%)
----------------- Invoking toplevel() on ptolemy.moml.MoMLSimpleApplication@5d5bbae
----------------- Done invoking toplevel() on ptolemy.moml.MoMLSimpleApplication@5d5bbae
reloadAllAccessors: .Derivative2

===========================================================================================
----------------- testing Mon May 25 14:24:23 UTC 2020 /home/travis/build/icyphy/ptII/ptolemy/domains/continuous/test/auto/Derivative1.xml
----------------- Instantiating /home/travis/build/icyphy/ptII/ptolemy/domains/continuous/test/auto/Derivative1.xml
24 ms. Memory: 270336K Free: 140816K (52%)
----------------- Invoking toplevel() on ptolemy.moml.MoMLSimpleApplication@3b49210c
----------------- Done invoking toplevel() on ptolemy.moml.MoMLSimpleApplication@3b49210c
reloadAllAccessors: .Derivative1

===========================================================================================
----------------- testing Mon May 25 14:24:23 UTC 2020 /home/travis/build/icyphy/ptII/ptolemy/domains/continuous/test/auto/DiscreteClock.xml
----------------- Instantiating /home/travis/build/icyphy/ptII/ptolemy/domains/continuous/test/auto/DiscreteClock.xml
4 ms. Memory: 270336K Free: 135696K (50%)
----------------- Invoking toplevel() on ptolemy.moml.MoMLSimpleApplication@19f7554a
----------------- Done invoking toplevel() on ptolemy.moml.MoMLSimpleApplication@19f7554a
reloadAllAccessors: .DiscreteClock

===========================================================================================
----------------- testing Mon May 25 14:24:23 UTC 2020 /home/travis/build/icyphy/ptII/ptolemy/domains/continuous/test/auto/EfficiencyCurve.xml
----------------- Instantiating /home/travis/build/icyphy/ptII/ptolemy/domains/continuous/test/auto/EfficiencyCurve.xml
45 ms. Memory: 270336K Free: 126990K (47%)
----------------- Invoking toplevel() on ptolemy.moml.MoMLSimpleApplication@1bab4f7b
----------------- Done invoking toplevel() on ptolemy.moml.MoMLSimpleApplication@1bab4f7b
reloadAllAccessors: .EfficiencyCurve

===========================================================================================
----------------- testing Mon May 25 14:24:23 UTC 2020 /home/travis/build/icyphy/ptII/ptolemy/domains/continuous/test/auto/ExponentialResponse.xml
----------------- Instantiating /home/travis/build/icyphy/ptII/ptolemy/domains/continuous/test/auto/ExponentialResponse.xml
105 ms. Memory: 270336K Free: 111120K (41%)
----------------- Invoking toplevel() on ptolemy.moml.MoMLSimpleApplication@59c48d5d
----------------- Done invoking toplevel() on ptolemy.moml.MoMLSimpleApplication@59c48d5d
reloadAllAccessors: .ExponentialResponse

===========================================================================================
----------------- testing Mon May 25 14:24:23 UTC 2020 /home/travis/build/icyphy/ptII/ptolemy/domains/continuous/test/auto/ExponentialResponseRK45.xml
----------------- Instantiating /home/travis/build/icyphy/ptII/ptolemy/domains/continuous/test/auto/ExponentialResponseRK45.xml
24 ms. Memory: 270336K Free: 104462K (39%)
----------------- Invoking toplevel() on ptolemy.moml.MoMLSimpleApplication@30cb617f
----------------- Done invoking toplevel() on ptolemy.moml.MoMLSimpleApplication@30cb617f
reloadAllAccessors: .ExponentialResponseRK45

===========================================================================================
----------------- testing Mon May 25 14:24:23 UTC 2020 /home/travis/build/icyphy/ptII/ptolemy/domains/continuous/test/auto/Friction.xml
----------------- Instantiating /home/travis/build/icyphy/ptII/ptolemy/domains/continuous/test/auto/Friction.xml
1460 ms. Memory: 270336K Free: 159218K (59%)
----------------- Invoking toplevel() on ptolemy.moml.MoMLSimpleApplication@229fdfed
----------------- Done invoking toplevel() on ptolemy.moml.MoMLSimpleApplication@229fdfed
reloadAllAccessors: .Friction

===========================================================================================
----------------- testing Mon May 25 14:24:25 UTC 2020 /home/travis/build/icyphy/ptII/ptolemy/domains/continuous/test/auto/FurutaPendulum.xml
----------------- Instantiating /home/travis/build/icyphy/ptII/ptolemy/domains/continuous/test/auto/FurutaPendulum.xml
2943 ms. Memory: 270336K Free: 125839K (47%)
----------------- Invoking toplevel() on ptolemy.moml.MoMLSimpleApplication@536fee6a
----------------- Done invoking toplevel() on ptolemy.moml.MoMLSimpleApplication@536fee6a
reloadAllAccessors: .FurutaPendulum

===========================================================================================
----------------- testing Mon May 25 14:24:28 UTC 2020 /home/travis/build/icyphy/ptII/ptolemy/domains/continuous/test/auto/HierarchicalExecution.xml
----------------- Instantiating /home/travis/build/icyphy/ptII/ptolemy/domains/continuous/test/auto/HierarchicalExecution.xml
1402 ms. Memory: 270336K Free: 167994K (62%)
----------------- Invoking toplevel() on ptolemy.moml.MoMLSimpleApplication@6b921963
----------------- Done invoking toplevel() on ptolemy.moml.MoMLSimpleApplication@6b921963
reloadAllAccessors: .HierarchicalExecution

===========================================================================================
----------------- testing Mon May 25 14:24:29 UTC 2020 /home/travis/build/icyphy/ptII/ptolemy/domains/continuous/test/auto/HybridPlant.xml
----------------- Instantiating /home/travis/build/icyphy/ptII/ptolemy/domains/continuous/test/auto/HybridPlant.xml
504 ms. Memory: 270336K Free: 223751K (83%)
----------------- Invoking toplevel() on ptolemy.moml.MoMLSimpleApplication@7d7a33fe
----------------- Done invoking toplevel() on ptolemy.moml.MoMLSimpleApplication@7d7a33fe
reloadAllAccessors: .HybridPlant

===========================================================================================
----------------- testing Mon May 25 14:24:30 UTC 2020 /home/travis/build/icyphy/ptII/ptolemy/domains/continuous/test/auto/Hysteresis.xml
----------------- Instantiating /home/travis/build/icyphy/ptII/ptolemy/domains/continuous/test/auto/Hysteresis.xml
130 ms. Memory: 270336K Free: 161287K (60%)
----------------- Invoking toplevel() on ptolemy.moml.MoMLSimpleApplication@4381d323
----------------- Done invoking toplevel() on ptolemy.moml.MoMLSimpleApplication@4381d323
reloadAllAccessors: .Hysteresis

===========================================================================================
----------------- testing Mon May 25 14:24:30 UTC 2020 /home/travis/build/icyphy/ptII/ptolemy/domains/continuous/test/auto/HysteresisWithRandomDelay.xml
----------------- Instantiating /home/travis/build/icyphy/ptII/ptolemy/domains/continuous/test/auto/HysteresisWithRandomDelay.xml
172 ms. Memory: 270336K Free: 250417K (93%)
----------------- Invoking toplevel() on ptolemy.moml.MoMLSimpleApplication@3933244d
----------------- Done invoking toplevel() on ptolemy.moml.MoMLSimpleApplication@3933244d
reloadAllAccessors: .HysteresisWithRandomDelay

===========================================================================================
----------------- testing Mon May 25 14:24:30 UTC 2020 /home/travis/build/icyphy/ptII/ptolemy/domains/continuous/test/auto/HysteresisWithRandomLosses.xml
----------------- Instantiating /home/travis/build/icyphy/ptII/ptolemy/domains/continuous/test/auto/HysteresisWithRandomLosses.xml
2198 ms. Memory: 270336K Free: 153265K (57%)
----------------- Invoking toplevel() on ptolemy.moml.MoMLSimpleApplication@13e30752
----------------- Done invoking toplevel() on ptolemy.moml.MoMLSimpleApplication@13e30752
reloadAllAccessors: .HysteresisWithRandomLosses

===========================================================================================
----------------- testing Mon May 25 14:24:33 UTC 2020 /home/travis/build/icyphy/ptII/ptolemy/domains/continuous/test/auto/ImmediateTransitions.xml
----------------- Instantiating /home/travis/build/icyphy/ptII/ptolemy/domains/continuous/test/auto/ImmediateTransitions.xml
8 ms. Memory: 270336K Free: 142529K (53%)
----------------- Invoking toplevel() on ptolemy.moml.MoMLSimpleApplication@4c1e75df
----------------- Done invoking toplevel() on ptolemy.moml.MoMLSimpleApplication@4c1e75df
reloadAllAccessors: .ImmediateTransitions

===========================================================================================
----------------- testing Mon May 25 14:24:33 UTC 2020 /home/travis/build/icyphy/ptII/ptolemy/domains/continuous/test/auto/ImpulseFeedback.xml
----------------- Instantiating /home/travis/build/icyphy/ptII/ptolemy/domains/continuous/test/auto/ImpulseFeedback.xml
5 ms. Memory: 270336K Free: 136895K (51%)
----------------- Invoking toplevel() on ptolemy.moml.MoMLSimpleApplication@7a97e464
----------------- Done invoking toplevel() on ptolemy.moml.MoMLSimpleApplication@7a97e464
reloadAllAccessors: .ImpulseFeedback

===========================================================================================
----------------- testing Mon May 25 14:24:33 UTC 2020 /home/travis/build/icyphy/ptII/ptolemy/domains/continuous/test/auto/ImpulseFeedback2.xml
----------------- Instantiating /home/travis/build/icyphy/ptII/ptolemy/domains/continuous/test/auto/ImpulseFeedback2.xml
3 ms. Memory: 270336K Free: 131265K (49%)
----------------- Invoking toplevel() on ptolemy.moml.MoMLSimpleApplication@2f6c6b6d
----------------- Done invoking toplevel() on ptolemy.moml.MoMLSimpleApplication@2f6c6b6d
reloadAllAccessors: .ImpulseFeedback2

===========================================================================================
----------------- testing Mon May 25 14:24:33 UTC 2020 /home/travis/build/icyphy/ptII/ptolemy/domains/continuous/test/auto/IncreasingRatePoisson.xml
----------------- Instantiating /home/travis/build/icyphy/ptII/ptolemy/domains/continuous/test/auto/IncreasingRatePoisson.xml
618 ms. Memory: 270336K Free: 152796K (57%)
----------------- Invoking toplevel() on ptolemy.moml.MoMLSimpleApplication@2bd31327
----------------- Done invoking toplevel() on ptolemy.moml.MoMLSimpleApplication@2bd31327
reloadAllAccessors: .IncreasingRatePoisson

===========================================================================================
----------------- testing Mon May 25 14:24:33 UTC 2020 /home/travis/build/icyphy/ptII/ptolemy/domains/continuous/test/auto/InitialStateFeedback.xml
----------------- Instantiating /home/travis/build/icyphy/ptII/ptolemy/domains/continuous/test/auto/InitialStateFeedback.xml
6 ms. Memory: 270336K Free: 148220K (55%)
----------------- Invoking toplevel() on ptolemy.moml.MoMLSimpleApplication@32cc9e4
----------------- Done invoking toplevel() on ptolemy.moml.MoMLSimpleApplication@32cc9e4
reloadAllAccessors: .InitialStateFeedback

===========================================================================================
----------------- testing Mon May 25 14:24:33 UTC 2020 /home/travis/build/icyphy/ptII/ptolemy/domains/continuous/test/auto/Integration.xml
----------------- Instantiating /home/travis/build/icyphy/ptII/ptolemy/domains/continuous/test/auto/Integration.xml
2 ms. Memory: 270336K Free: 144124K (53%)
----------------- Invoking toplevel() on ptolemy.moml.MoMLSimpleApplication@3f14cb20
----------------- Done invoking toplevel() on ptolemy.moml.MoMLSimpleApplication@3f14cb20
reloadAllAccessors: .Integration

===========================================================================================
----------------- testing Mon May 25 14:24:33 UTC 2020 /home/travis/build/icyphy/ptII/ptolemy/domains/continuous/test/auto/Integration2.xml
----------------- Instantiating /home/travis/build/icyphy/ptII/ptolemy/domains/continuous/test/auto/Integration2.xml
68 ms. Memory: 270336K Free: 129788K (48%)
----------------- Invoking toplevel() on ptolemy.moml.MoMLSimpleApplication@407b0a84
----------------- Done invoking toplevel() on ptolemy.moml.MoMLSimpleApplication@407b0a84
reloadAllAccessors: .Integration2

===========================================================================================
----------------- testing Mon May 25 14:24:33 UTC 2020 /home/travis/build/icyphy/ptII/ptolemy/domains/continuous/test/auto/Integration3.xml
----------------- Instantiating /home/travis/build/icyphy/ptII/ptolemy/domains/continuous/test/auto/Integration3.xml
2 ms. Memory: 270336K Free: 125164K (46%)
----------------- Invoking toplevel() on ptolemy.moml.MoMLSimpleApplication@17067736
----------------- Done invoking toplevel() on ptolemy.moml.MoMLSimpleApplication@17067736
reloadAllAccessors: .Integration3

===========================================================================================
----------------- testing Mon May 25 14:24:33 UTC 2020 /home/travis/build/icyphy/ptII/ptolemy/domains/continuous/test/auto/Integration5.xml
----------------- Instantiating /home/travis/build/icyphy/ptII/ptolemy/domains/continuous/test/auto/Integration5.xml
1 ms. Memory: 270336K Free: 121082K (45%)
----------------- Invoking toplevel() on ptolemy.moml.MoMLSimpleApplication@3af8df17
----------------- Done invoking toplevel() on ptolemy.moml.MoMLSimpleApplication@3af8df17
reloadAllAccessors: .Integration5

===========================================================================================
----------------- testing Mon May 25 14:24:33 UTC 2020 /home/travis/build/icyphy/ptII/ptolemy/domains/continuous/test/auto/IntegratorImpulse.xml
----------------- Instantiating /home/travis/build/icyphy/ptII/ptolemy/domains/continuous/test/auto/IntegratorImpulse.xml
3 ms. Memory: 270336K Free: 116956K (43%)
----------------- Invoking toplevel() on ptolemy.moml.MoMLSimpleApplication@3775de22
----------------- Done invoking toplevel() on ptolemy.moml.MoMLSimpleApplication@3775de22
reloadAllAccessors: .IntegratorImpulse

===========================================================================================
----------------- testing Mon May 25 14:24:33 UTC 2020 /home/travis/build/icyphy/ptII/ptolemy/domains/continuous/test/auto/IntegratorImpulse2.xml
----------------- Instantiating /home/travis/build/icyphy/ptII/ptolemy/domains/continuous/test/auto/IntegratorImpulse2.xml
3 ms. Memory: 270336K Free: 112380K (42%)
----------------- Invoking toplevel() on ptolemy.moml.MoMLSimpleApplication@38b52af8
----------------- Done invoking toplevel() on ptolemy.moml.MoMLSimpleApplication@38b52af8
reloadAllAccessors: .IntegratorImpulse2

===========================================================================================
----------------- testing Mon May 25 14:24:34 UTC 2020 /home/travis/build/icyphy/ptII/ptolemy/domains/continuous/test/auto/LevelCrossing1.xml
----------------- Instantiating /home/travis/build/icyphy/ptII/ptolemy/domains/continuous/test/auto/LevelCrossing1.xml
3 ms. Memory: 270336K Free: 107260K (40%)
----------------- Invoking toplevel() on ptolemy.moml.MoMLSimpleApplication@d2ffb4b
----------------- Done invoking toplevel() on ptolemy.moml.MoMLSimpleApplication@d2ffb4b
reloadAllAccessors: .LevelCrossing1

===========================================================================================
----------------- testing Mon May 25 14:24:34 UTC 2020 /home/travis/build/icyphy/ptII/ptolemy/domains/continuous/test/auto/LevelCrossing2.xml
----------------- Instantiating /home/travis/build/icyphy/ptII/ptolemy/domains/continuous/test/auto/LevelCrossing2.xml
4 ms. Memory: 270336K Free: 102140K (38%)
----------------- Invoking toplevel() on ptolemy.moml.MoMLSimpleApplication@3518b346
----------------- Done invoking toplevel() on ptolemy.moml.MoMLSimpleApplication@3518b346
reloadAllAccessors: .LevelCrossing2

===========================================================================================
----------------- testing Mon May 25 14:24:34 UTC 2020 /home/travis/build/icyphy/ptII/ptolemy/domains/continuous/test/auto/LevelCrossing3.xml
----------------- Instantiating /home/travis/build/icyphy/ptII/ptolemy/domains/continuous/test/auto/LevelCrossing3.xml
2 ms. Memory: 270336K Free: 97020K (36%)
----------------- Invoking toplevel() on ptolemy.moml.MoMLSimpleApplication@15c80cae
----------------- Done invoking toplevel() on ptolemy.moml.MoMLSimpleApplication@15c80cae
reloadAllAccessors: .LevelCrossing3

===========================================================================================
----------------- testing Mon May 25 14:24:34 UTC 2020 /home/travis/build/icyphy/ptII/ptolemy/domains/continuous/test/auto/LevelCrossing4.xml
----------------- Instantiating /home/travis/build/icyphy/ptII/ptolemy/domains/continuous/test/auto/LevelCrossing4.xml
8 ms. Memory: 270336K Free: 252892K (94%)
----------------- Invoking toplevel() on ptolemy.moml.MoMLSimpleApplication@7939e3c8
----------------- Done invoking toplevel() on ptolemy.moml.MoMLSimpleApplication@7939e3c8
reloadAllAccessors: .LevelCrossing4

===========================================================================================
----------------- testing Mon May 25 14:24:34 UTC 2020 /home/travis/build/icyphy/ptII/ptolemy/domains/continuous/test/auto/LevelCrossing5.xml
----------------- Instantiating /home/travis/build/icyphy/ptII/ptolemy/domains/continuous/test/auto/LevelCrossing5.xml
3 ms. Memory: 270336K Free: 247772K (92%)
----------------- Invoking toplevel() on ptolemy.moml.MoMLSimpleApplication@348be618
----------------- Done invoking toplevel() on ptolemy.moml.MoMLSimpleApplication@348be618
reloadAllAccessors: .LevelCrossing5

===========================================================================================
[...]
----------------- testing Mon May 25 14:24:49 UTC 2020 /home/travis/build/icyphy/ptII/ptolemy/domains/continuous/test/auto/SRinContinuous.xml
----------------- Instantiating /home/travis/build/icyphy/ptII/ptolemy/domains/continuous/test/auto/SRinContinuous.xml
3 ms. Memory: 324608K Free: 177731K (55%)
----------------- Invoking toplevel() on ptolemy.moml.MoMLSimpleApplication@77365df9
----------------- Done invoking toplevel() on ptolemy.moml.MoMLSimpleApplication@77365df9
reloadAllAccessors: .SRinContinuous

===========================================================================================
----------------- testing Mon May 25 14:24:49 UTC 2020 /home/travis/build/icyphy/ptII/ptolemy/domains/continuous/test/auto/SampledClocks.xml
----------------- Instantiating /home/travis/build/icyphy/ptII/ptolemy/domains/continuous/test/auto/SampledClocks.xml
6 ms. Memory: 324608K Free: 164933K (51%)
----------------- Invoking toplevel() on ptolemy.moml.MoMLSimpleApplication@47f70566
----------------- Done invoking toplevel() on ptolemy.moml.MoMLSimpleApplication@47f70566
reloadAllAccessors: .SampledClocks

===========================================================================================
----------------- testing Mon May 25 14:24:49 UTC 2020 /home/travis/build/icyphy/ptII/ptolemy/domains/continuous/test/auto/Satellite.xml
----------------- Instantiating /home/travis/build/icyphy/ptII/ptolemy/domains/continuous/test/auto/Satellite.xml
753 ms. Memory: 324608K Free: 158862K (49%)
----------------- Invoking toplevel() on ptolemy.moml.MoMLSimpleApplication@4cffcbad
----------------- Done invoking toplevel() on ptolemy.moml.MoMLSimpleApplication@4cffcbad
reloadAllAccessors: .Satellite

===========================================================================================
----------------- testing Mon May 25 14:24:50 UTC 2020 /home/travis/build/icyphy/ptII/ptolemy/domains/continuous/test/auto/SigmaDelta.xml
----------------- Instantiating /home/travis/build/icyphy/ptII/ptolemy/domains/continuous/test/auto/SigmaDelta.xml
1949 ms. Memory: 324608K Free: 275833K (85%)
----------------- Invoking toplevel() on ptolemy.moml.MoMLSimpleApplication@4627d8c0
----------------- Done invoking toplevel() on ptolemy.moml.MoMLSimpleApplication@4627d8c0
reloadAllAccessors: .SigmaDelta

===========================================================================================
----------------- testing Mon May 25 14:24:52 UTC 2020 /home/travis/build/icyphy/ptII/ptolemy/domains/continuous/test/auto/SingleRefinement.xml
----------------- Instantiating /home/travis/build/icyphy/ptII/ptolemy/domains/continuous/test/auto/SingleRefinement.xml
360 ms. Memory: 324608K Free: 284007K (87%)
----------------- Invoking toplevel() on ptolemy.moml.MoMLSimpleApplication@5e7013e4
----------------- Done invoking toplevel() on ptolemy.moml.MoMLSimpleApplication@5e7013e4
reloadAllAccessors: .SingleRefinement

===========================================================================================
----------------- testing Mon May 25 14:24:53 UTC 2020 /home/travis/build/icyphy/ptII/ptolemy/domains/continuous/test/auto/SinuBouncingBall.xml
----------------- Instantiating /home/travis/build/icyphy/ptII/ptolemy/domains/continuous/test/auto/SinuBouncingBall.xml
739 ms. Memory: 324608K Free: 258138K (80%)
----------------- Invoking toplevel() on ptolemy.moml.MoMLSimpleApplication@249d11f8
----------------- Done invoking toplevel() on ptolemy.moml.MoMLSimpleApplication@249d11f8
reloadAllAccessors: .SinuBouncingBall

===========================================================================================
----------------- testing Mon May 25 14:24:53 UTC 2020 /home/travis/build/icyphy/ptII/ptolemy/domains/continuous/test/auto/Sinusoid.xml
----------------- Instantiating /home/travis/build/icyphy/ptII/ptolemy/domains/continuous/test/auto/Sinusoid.xml
3 ms. Memory: 324608K Free: 253514K (78%)
----------------- Invoking toplevel() on ptolemy.moml.MoMLSimpleApplication@720c4ae4
----------------- Done invoking toplevel() on ptolemy.moml.MoMLSimpleApplication@720c4ae4
reloadAllAccessors: .Sinusoid

===========================================================================================
----------------- testing Mon May 25 14:24:53 UTC 2020 /home/travis/build/icyphy/ptII/ptolemy/domains/continuous/test/auto/SinusoidInNoise.xml
----------------- Instantiating /home/travis/build/icyphy/ptII/ptolemy/domains/continuous/test/auto/SinusoidInNoise.xml
746 ms. Memory: 324608K Free: 119384K (37%)
----------------- Invoking toplevel() on ptolemy.moml.MoMLSimpleApplication@2339e49a
----------------- Done invoking toplevel() on ptolemy.moml.MoMLSimpleApplication@2339e49a
reloadAllAccessors: .SinusoidInNoise

===========================================================================================
----------------- testing Mon May 25 14:24:54 UTC 2020 /home/travis/build/icyphy/ptII/ptolemy/domains/continuous/test/auto/SinusoidRK45.xml
----------------- Instantiating /home/travis/build/icyphy/ptII/ptolemy/domains/continuous/test/auto/SinusoidRK45.xml
2 ms. Memory: 324608K Free: 115274K (36%)
----------------- Invoking toplevel() on ptolemy.moml.MoMLSimpleApplication@38f29653
----------------- Done invoking toplevel() on ptolemy.moml.MoMLSimpleApplication@38f29653
reloadAllAccessors: .SinusoidRK45

===========================================================================================
----------------- testing Mon May 25 14:24:54 UTC 2020 /home/travis/build/icyphy/ptII/ptolemy/domains/continuous/test/auto/SinusoidWithMultipleImpulses.xml
----------------- Instantiating /home/travis/build/icyphy/ptII/ptolemy/domains/continuous/test/auto/SinusoidWithMultipleImpulses.xml
3 ms. Memory: 324608K Free: 304270K (94%)
----------------- Invoking toplevel() on ptolemy.moml.MoMLSimpleApplication@13e6bca4
----------------- Done invoking toplevel() on ptolemy.moml.MoMLSimpleApplication@13e6bca4
reloadAllAccessors: .SinusoidWithMultipleImpulses

===========================================================================================
----------------- testing Mon May 25 14:24:54 UTC 2020 /home/travis/build/icyphy/ptII/ptolemy/domains/continuous/test/auto/SquareWave.xml
----------------- Instantiating /home/travis/build/icyphy/ptII/ptolemy/domains/continuous/test/auto/SquareWave.xml
138 ms. Memory: 324608K Free: 276622K (85%)
----------------- Invoking toplevel() on ptolemy.moml.MoMLSimpleApplication@66c5a280
----------------- Done invoking toplevel() on ptolemy.moml.MoMLSimpleApplication@66c5a280
reloadAllAccessors: .SquareWave

===========================================================================================
----------------- testing Mon May 25 14:24:54 UTC 2020 /home/travis/build/icyphy/ptII/ptolemy/domains/continuous/test/auto/Starmac.xml
----------------- Instantiating /home/travis/build/icyphy/ptII/ptolemy/domains/continuous/test/auto/Starmac.xml
3068 ms. Memory: 324608K Free: 155138K (48%)
----------------- Invoking toplevel() on ptolemy.moml.MoMLSimpleApplication@6fb2a8ae
----------------- Done invoking toplevel() on ptolemy.moml.MoMLSimpleApplication@6fb2a8ae
reloadAllAccessors: .Starmac

===========================================================================================
----------------- testing Mon May 25 14:24:58 UTC 2020 /home/travis/build/icyphy/ptII/ptolemy/domains/continuous/test/auto/StaticUnits.xml
----------------- Instantiating /home/travis/build/icyphy/ptII/ptolemy/domains/continuous/test/auto/StaticUnits.xml
1671 ms. Memory: 324608K Free: 265992K (82%)
----------------- Invoking toplevel() on ptolemy.moml.MoMLSimpleApplication@22cac061
----------------- Done invoking toplevel() on ptolemy.moml.MoMLSimpleApplication@22cac061
reloadAllAccessors: .StaticUnits

===========================================================================================
----------------- testing Mon May 25 14:25:00 UTC 2020 /home/travis/build/icyphy/ptII/ptolemy/domains/continuous/test/auto/StickyMasses.xml
----------------- Instantiating /home/travis/build/icyphy/ptII/ptolemy/domains/continuous/test/auto/StickyMasses.xml
126 ms. Memory: 324608K Free: 216326K (67%)
----------------- Invoking toplevel() on ptolemy.moml.MoMLSimpleApplication@452c7e72
----------------- Done invoking toplevel() on ptolemy.moml.MoMLSimpleApplication@452c7e72
reloadAllAccessors: .StickyMasses

===========================================================================================
----------------- testing Mon May 25 14:25:00 UTC 2020 /home/travis/build/icyphy/ptII/ptolemy/domains/continuous/test/auto/StopTime.xml
----------------- Instantiating /home/travis/build/icyphy/ptII/ptolemy/domains/continuous/test/auto/StopTime.xml
40 ms. Memory: 324608K Free: 191744K (59%)
----------------- Invoking toplevel() on ptolemy.moml.MoMLSimpleApplication@582a77b8
----------------- Done invoking toplevel() on ptolemy.moml.MoMLSimpleApplication@582a77b8
reloadAllAccessors: .StopTime

===========================================================================================
----------------- testing Mon May 25 14:25:00 UTC 2020 /home/travis/build/icyphy/ptII/ptolemy/domains/continuous/test/auto/StopTime2.xml
----------------- Instantiating /home/travis/build/icyphy/ptII/ptolemy/domains/continuous/test/auto/StopTime2.xml
35 ms. Memory: 324608K Free: 169736K (52%)
----------------- Invoking toplevel() on ptolemy.moml.MoMLSimpleApplication@1f9ca056
----------------- Done invoking toplevel() on ptolemy.moml.MoMLSimpleApplication@1f9ca056
reloadAllAccessors: .StopTime2

===========================================================================================
----------------- testing Mon May 25 14:25:00 UTC 2020 /home/travis/build/icyphy/ptII/ptolemy/domains/continuous/test/auto/Switch.xml
----------------- Instantiating /home/travis/build/icyphy/ptII/ptolemy/domains/continuous/test/auto/Switch.xml
38 ms. Memory: 324608K Free: 144640K (45%)
----------------- Invoking toplevel() on ptolemy.moml.MoMLSimpleApplication@136e124
----------------- Done invoking toplevel() on ptolemy.moml.MoMLSimpleApplication@136e124
reloadAllAccessors: .Switch

===========================================================================================
----------------- testing Mon May 25 14:25:00 UTC 2020 /home/travis/build/icyphy/ptII/ptolemy/domains/continuous/test/auto/Thermostat.xml
----------------- Instantiating /home/travis/build/icyphy/ptII/ptolemy/domains/continuous/test/auto/Thermostat.xml
178 ms. Memory: 324608K Free: 262455K (81%)
----------------- Invoking toplevel() on ptolemy.moml.MoMLSimpleApplication@2e91ace2
----------------- Done invoking toplevel() on ptolemy.moml.MoMLSimpleApplication@2e91ace2
reloadAllAccessors: .Thermostat

===========================================================================================
----------------- testing Mon May 25 14:25:00 UTC 2020 /home/travis/build/icyphy/ptII/ptolemy/domains/continuous/test/auto/TimeDelay.xml
----------------- Instantiating /home/travis/build/icyphy/ptII/ptolemy/domains/continuous/test/auto/TimeDelay.xml
5 ms. Memory: 324608K Free: 257787K (79%)
----------------- Invoking toplevel() on ptolemy.moml.MoMLSimpleApplication@25ef966d
----------------- Done invoking toplevel() on ptolemy.moml.MoMLSimpleApplication@25ef966d
reloadAllAccessors: .TimeDelay

===========================================================================================
----------------- testing Mon May 25 14:25:00 UTC 2020 /home/travis/build/icyphy/ptII/ptolemy/domains/continuous/test/auto/TimeDelay2.xml
----------------- Instantiating /home/travis/build/icyphy/ptII/ptolemy/domains/continuous/test/auto/TimeDelay2.xml
10 ms. Memory: 324608K Free: 247554K (76%)
----------------- Invoking toplevel() on ptolemy.moml.MoMLSimpleApplication@1beaed5f
----------------- Done invoking toplevel() on ptolemy.moml.MoMLSimpleApplication@1beaed5f
reloadAllAccessors: .TimeDelay2

===========================================================================================
----------------- testing Mon May 25 14:25:00 UTC 2020 /home/travis/build/icyphy/ptII/ptolemy/domains/continuous/test/auto/TimeDelay3.xml
----------------- Instantiating /home/travis/build/icyphy/ptII/ptolemy/domains/continuous/test/auto/TimeDelay3.xml
2 ms. Memory: 324608K Free: 242948K (75%)
----------------- Invoking toplevel() on ptolemy.moml.MoMLSimpleApplication@2e6690d4
----------------- Done invoking toplevel() on ptolemy.moml.MoMLSimpleApplication@2e6690d4
reloadAllAccessors: .TimeDelay3

===========================================================================================
----------------- testing Mon May 25 14:25:00 UTC 2020 /home/travis/build/icyphy/ptII/ptolemy/domains/continuous/test/auto/TransferAbsentToInside.xml
----------------- Instantiating /home/travis/build/icyphy/ptII/ptolemy/domains/continuous/test/auto/TransferAbsentToInside.xml
27 ms. Memory: 324608K Free: 190210K (59%)
----------------- Invoking toplevel() on ptolemy.moml.MoMLSimpleApplication@5206d977
----------------- Done invoking toplevel() on ptolemy.moml.MoMLSimpleApplication@5206d977
reloadAllAccessors: .TransferAbsentToInside

===========================================================================================
----------------- testing Mon May 25 14:25:00 UTC 2020 /home/travis/build/icyphy/ptII/ptolemy/domains/continuous/test/auto/Transmission.xml
----------------- Instantiating /home/travis/build/icyphy/ptII/ptolemy/domains/continuous/test/auto/Transmission.xml
705 ms. Memory: 324608K Free: 146692K (45%)
----------------- Invoking toplevel() on ptolemy.moml.MoMLSimpleApplication@43bc6924
----------------- Done invoking toplevel() on ptolemy.moml.MoMLSimpleApplication@43bc6924
reloadAllAccessors: .Transmission

===========================================================================================
----------------- testing Mon May 25 14:25:01 UTC 2020 /home/travis/build/icyphy/ptII/ptolemy/domains/continuous/test/auto/TriggeredContinuousClock.xml
----------------- Instantiating /home/travis/build/icyphy/ptII/ptolemy/domains/continuous/test/auto/TriggeredContinuousClock.xml
32 ms. Memory: 324608K Free: 116996K (36%)
----------------- Invoking toplevel() on ptolemy.moml.MoMLSimpleApplication@203fb22e
----------------- Done invoking toplevel() on ptolemy.moml.MoMLSimpleApplication@203fb22e
reloadAllAccessors: .TriggeredContinuousClock

===========================================================================================
----------------- testing Mon May 25 14:25:01 UTC 2020 /home/travis/build/icyphy/ptII/ptolemy/domains/continuous/test/auto/TwoMachineInfiniteBusControl.xml
----------------- Instantiating /home/travis/build/icyphy/ptII/ptolemy/domains/continuous/test/auto/TwoMachineInfiniteBusControl.xml
2706 ms. Memory: 324608K Free: 263344K (81%)
----------------- Invoking toplevel() on ptolemy.moml.MoMLSimpleApplication@55b30c7a
----------------- Done invoking toplevel() on ptolemy.moml.MoMLSimpleApplication@55b30c7a
reloadAllAccessors: .TwoMachineInfiniteBusControl

===========================================================================================
----------------- testing Mon May 25 14:25:04 UTC 2020 /home/travis/build/icyphy/ptII/ptolemy/domains/continuous/test/auto/V2V.xml
----------------- Instantiating /home/travis/build/icyphy/ptII/ptolemy/domains/continuous/test/auto/V2V.xml
737 ms. Memory: 324608K Free: 262329K (81%)
----------------- Invoking toplevel() on ptolemy.moml.MoMLSimpleApplication@743ef1a4
----------------- Done invoking toplevel() on ptolemy.moml.MoMLSimpleApplication@743ef1a4
reloadAllAccessors: .V2V

===========================================================================================
----------------- testing Mon May 25 14:25:05 UTC 2020 /home/travis/build/icyphy/ptII/ptolemy/domains/continuous/test/auto/hierarchicalModalModel.xml
----------------- Instantiating /home/travis/build/icyphy/ptII/ptolemy/domains/continuous/test/auto/hierarchicalModalModel.xml
8 ms. Memory: 324608K Free: 247448K (76%)
----------------- Invoking toplevel() on ptolemy.moml.MoMLSimpleApplication@517ea894
----------------- Done invoking toplevel() on ptolemy.moml.MoMLSimpleApplication@517ea894
reloadAllAccessors: .hierarchicalModalModel

===========================================================================================
----------------- testing Mon May 25 14:25:05 UTC 2020 /home/travis/build/icyphy/ptII/ptolemy/domains/continuous/test/auto/hierarchicalModalModel1.xml
----------------- Instantiating /home/travis/build/icyphy/ptII/ptolemy/domains/continuous/test/auto/hierarchicalModalModel1.xml
8 ms. Memory: 324608K Free: 233143K (72%)
----------------- Invoking toplevel() on ptolemy.moml.MoMLSimpleApplication@5ef5a009
----------------- Done invoking toplevel() on ptolemy.moml.MoMLSimpleApplication@5ef5a009
reloadAllAccessors: .hierarchicalModalModel1

===========================================================================================
----------------- testing Mon May 25 14:25:05 UTC 2020 /home/travis/build/icyphy/ptII/ptolemy/domains/continuous/test/auto/hierarchicalModalModel2.xml
----------------- Instantiating /home/travis/build/icyphy/ptII/ptolemy/domains/continuous/test/auto/hierarchicalModalModel2.xml
5 ms. Memory: 324608K Free: 220840K (68%)
----------------- Invoking toplevel() on ptolemy.moml.MoMLSimpleApplication@a5c18d7
----------------- Done invoking toplevel() on ptolemy.moml.MoMLSimpleApplication@a5c18d7
reloadAllAccessors: .hierarchicalModalModel2

===========================================================================================
----------------- testing Mon May 25 14:25:05 UTC 2020 /home/travis/build/icyphy/ptII/ptolemy/domains/continuous/test/auto/hierarchicalModalModel3.xml
----------------- Instantiating /home/travis/build/icyphy/ptII/ptolemy/domains/continuous/test/auto/hierarchicalModalModel3.xml
6 ms. Memory: 324608K Free: 210105K (65%)
----------------- Invoking toplevel() on ptolemy.moml.MoMLSimpleApplication@6e834fd0
----------------- Done invoking toplevel() on ptolemy.moml.MoMLSimpleApplication@6e834fd0
reloadAllAccessors: .hierarchicalModalModel3

===========================================================================================
----------------- testing Mon May 25 14:25:05 UTC 2020 /home/travis/build/icyphy/ptII/ptolemy/domains/continuous/test/auto/hierarchicalModalModel4.xml
----------------- Instantiating /home/travis/build/icyphy/ptII/ptolemy/domains/continuous/test/auto/hierarchicalModalModel4.xml
5 ms. Memory: 324608K Free: 198327K (61%)
----------------- Invoking toplevel() on ptolemy.moml.MoMLSimpleApplication@ee28ede
----------------- Done invoking toplevel() on ptolemy.moml.MoMLSimpleApplication@ee28ede
reloadAllAccessors: .hierarchicalModalModel4

===========================================================================================
----------------- testing Mon May 25 14:25:05 UTC 2020 /home/travis/build/icyphy/ptII/ptolemy/domains/continuous/test/auto/junk.xml
----------------- Instantiating /home/travis/build/icyphy/ptII/ptolemy/domains/continuous/test/auto/junk.xml
107 ms. Memory: 324608K Free: 173241K (53%)
----------------- Invoking toplevel() on ptolemy.moml.MoMLSimpleApplication@154f8b24
----------------- Done invoking toplevel() on ptolemy.moml.MoMLSimpleApplication@154f8b24
reloadAllAccessors: .junk
AutoTests.java: About to close Vertx.
AutoTests.java: Vertx closed.
]]></system-out>
  <system-err><![CDATA[Warning: '.HysteresisWithRandomDelay.NonStrictTest3' The test produced only 23 tokens, yet the correctValues parameter was expecting 30 tokens.
Warning: '.IncreasingRatePoisson.NonStrictTest' The test produced only 393 tokens, yet the correctValues parameter was expecting 402 tokens.
Warning: '.Poisson.NonStrictTest' The test produced only 390 tokens, yet the correctValues parameter was expecting 430 tokens.
]]></system-err>
</testsuite>
