<?xml version="1.0" encoding="UTF-8" ?>
<testsuite errors="0" failures="0" hostname="travis-job-f1a3dcc4-1462-4885-b56f-b7277554db6a" name="ptolemy.actor.lib.hoc.test.junit.JUnitTclTest" skipped="0" tests="58" time="29.406" timestamp="2020-01-11T06:42:18">
  <properties>
[...]
</properties>
  <testcase classname="ptolemy.util.test.junit.TclTests" name="[0] /home/travis/build/icyphy/ptII/ptolemy/actor/lib/hoc/test/IterateOverArray.tcl (RunTclFile)" time="0.273" />
  <testcase classname="ptolemy.util.test.junit.AutoKnownFailedTests" name="[0] /home/travis/build/icyphy/ptII/ptolemy/actor/lib/hoc/test/auto/knownFailedTests/PreinitializeMustBeInvokedRunComposite.xml (RunModel)" time="0.391" />
  <testcase classname="ptolemy.util.test.junit.AutoNameArchTests" name="[0] ThereAreNoAutoArchTests (RunModel)" time="0.004" />
  <testcase classname="ptolemy.util.test.junit.AutoTests" name="[0] /home/travis/build/icyphy/ptII/ptolemy/actor/lib/hoc/test/auto/AllToAllMultiInstanceComposite.xml (RunModel)" time="0.357" />
  <testcase classname="ptolemy.util.test.junit.AutoTests" name="[1] /home/travis/build/icyphy/ptII/ptolemy/actor/lib/hoc/test/auto/ApplyFFTTest.xml (RunModel)" time="0.36" />
  <testcase classname="ptolemy.util.test.junit.AutoTests" name="[2] /home/travis/build/icyphy/ptII/ptolemy/actor/lib/hoc/test/auto/ApplyFunction.xml (RunModel)" time="0.053" />
  <testcase classname="ptolemy.util.test.junit.AutoTests" name="[3] /home/travis/build/icyphy/ptII/ptolemy/actor/lib/hoc/test/auto/BackgroundExecution.xml (RunModel)" time="0.714" />
  <testcase classname="ptolemy.util.test.junit.AutoTests" name="[4] /home/travis/build/icyphy/ptII/ptolemy/actor/lib/hoc/test/auto/Case.xml (RunModel)" time="0.054" />
  <testcase classname="ptolemy.util.test.junit.AutoTests" name="[5] /home/travis/build/icyphy/ptII/ptolemy/actor/lib/hoc/test/auto/Case1.xml (RunModel)" time="0.028" />
  <testcase classname="ptolemy.util.test.junit.AutoTests" name="[6] /home/travis/build/icyphy/ptII/ptolemy/actor/lib/hoc/test/auto/Case2.xml (RunModel)" time="0.052" />
  <testcase classname="ptolemy.util.test.junit.AutoTests" name="[7] /home/travis/build/icyphy/ptII/ptolemy/actor/lib/hoc/test/auto/Case3.xml (RunModel)" time="0.03" />
  <testcase classname="ptolemy.util.test.junit.AutoTests" name="[8] /home/travis/build/icyphy/ptII/ptolemy/actor/lib/hoc/test/auto/Case4.xml (RunModel)" time="0.048" />
  <testcase classname="ptolemy.util.test.junit.AutoTests" name="[9] /home/travis/build/icyphy/ptII/ptolemy/actor/lib/hoc/test/auto/Case5.xml (RunModel)" time="0.046" />
  <testcase classname="ptolemy.util.test.junit.AutoTests" name="[10] /home/travis/build/icyphy/ptII/ptolemy/actor/lib/hoc/test/auto/Case6.xml (RunModel)" time="0.096" />
  <testcase classname="ptolemy.util.test.junit.AutoTests" name="[11] /home/travis/build/icyphy/ptII/ptolemy/actor/lib/hoc/test/auto/CaseString2.xml (RunModel)" time="0.073" />
  <testcase classname="ptolemy.util.test.junit.AutoTests" name="[12] /home/travis/build/icyphy/ptII/ptolemy/actor/lib/hoc/test/auto/CatchUpComposite1.xml (RunModel)" time="0.087" />
  <testcase classname="ptolemy.util.test.junit.AutoTests" name="[13] /home/travis/build/icyphy/ptII/ptolemy/actor/lib/hoc/test/auto/CatchUpComposite2.xml (RunModel)" time="0.078" />
  <testcase classname="ptolemy.util.test.junit.AutoTests" name="[14] /home/travis/build/icyphy/ptII/ptolemy/actor/lib/hoc/test/auto/CatchUpComposite3.xml (RunModel)" time="0.064" />
  <testcase classname="ptolemy.util.test.junit.AutoTests" name="[15] /home/travis/build/icyphy/ptII/ptolemy/actor/lib/hoc/test/auto/CatchUpComposite4.xml (RunModel)" time="0.059" />
  <testcase classname="ptolemy.util.test.junit.AutoTests" name="[16] /home/travis/build/icyphy/ptII/ptolemy/actor/lib/hoc/test/auto/CatchUpComposite5.xml (RunModel)" time="0.05" />
  <testcase classname="ptolemy.util.test.junit.AutoTests" name="[17] /home/travis/build/icyphy/ptII/ptolemy/actor/lib/hoc/test/auto/CatchUpComposite6.xml (RunModel)" time="0.164" />
  <testcase classname="ptolemy.util.test.junit.AutoTests" name="[18] /home/travis/build/icyphy/ptII/ptolemy/actor/lib/hoc/test/auto/CatchUpComposite7.xml (RunModel)" time="0.094" />
  <testcase classname="ptolemy.util.test.junit.AutoTests" name="[19] /home/travis/build/icyphy/ptII/ptolemy/actor/lib/hoc/test/auto/ConcurrentExecutionTimeSDF.xml (RunModel)" time="0.696" />
  <testcase classname="ptolemy.util.test.junit.AutoTests" name="[20] /home/travis/build/icyphy/ptII/ptolemy/actor/lib/hoc/test/auto/ConcurrentSleep.xml (RunModel)" time="0.779" />
  <testcase classname="ptolemy.util.test.junit.AutoTests" name="[21] /home/travis/build/icyphy/ptII/ptolemy/actor/lib/hoc/test/auto/DEInPNInRunCompositeActor.xml (RunModel)" time="0.027" />
  <testcase classname="ptolemy.util.test.junit.AutoTests" name="[22] /home/travis/build/icyphy/ptII/ptolemy/actor/lib/hoc/test/auto/DFTSubSetTest.xml (RunModel)" time="0.231" />
  <testcase classname="ptolemy.util.test.junit.AutoTests" name="[23] /home/travis/build/icyphy/ptII/ptolemy/actor/lib/hoc/test/auto/HocDE.xml (RunModel)" time="0.173" />
  <testcase classname="ptolemy.util.test.junit.AutoTests" name="[24] /home/travis/build/icyphy/ptII/ptolemy/actor/lib/hoc/test/auto/IterateOverArray.xml (RunModel)" time="0.032" />
  <testcase classname="ptolemy.util.test.junit.AutoTests" name="[25] /home/travis/build/icyphy/ptII/ptolemy/actor/lib/hoc/test/auto/IterateOverArray10.xml (RunModel)" time="0.017" />
  <testcase classname="ptolemy.util.test.junit.AutoTests" name="[26] /home/travis/build/icyphy/ptII/ptolemy/actor/lib/hoc/test/auto/IterateOverArray11.xml (RunModel)" time="0.022" />
  <testcase classname="ptolemy.util.test.junit.AutoTests" name="[27] /home/travis/build/icyphy/ptII/ptolemy/actor/lib/hoc/test/auto/IterateOverArray12.xml (RunModel)" time="0.033" />
  <testcase classname="ptolemy.util.test.junit.AutoTests" name="[28] /home/travis/build/icyphy/ptII/ptolemy/actor/lib/hoc/test/auto/IterateOverArray13.xml (RunModel)" time="0.123" />
  <testcase classname="ptolemy.util.test.junit.AutoTests" name="[29] /home/travis/build/icyphy/ptII/ptolemy/actor/lib/hoc/test/auto/IterateOverArray14.xml (RunModel)" time="0.132" />
  <testcase classname="ptolemy.util.test.junit.AutoTests" name="[30] /home/travis/build/icyphy/ptII/ptolemy/actor/lib/hoc/test/auto/IterateOverArray2.xml (RunModel)" time="0.024" />
  <testcase classname="ptolemy.util.test.junit.AutoTests" name="[31] /home/travis/build/icyphy/ptII/ptolemy/actor/lib/hoc/test/auto/IterateOverArray3.xml (RunModel)" time="0.035" />
  <testcase classname="ptolemy.util.test.junit.AutoTests" name="[32] /home/travis/build/icyphy/ptII/ptolemy/actor/lib/hoc/test/auto/IterateOverArray4.xml (RunModel)" time="0.017" />
  <testcase classname="ptolemy.util.test.junit.AutoTests" name="[33] /home/travis/build/icyphy/ptII/ptolemy/actor/lib/hoc/test/auto/IterateOverArray5.xml (RunModel)" time="0.016" />
  <testcase classname="ptolemy.util.test.junit.AutoTests" name="[34] /home/travis/build/icyphy/ptII/ptolemy/actor/lib/hoc/test/auto/IterateOverArray6.xml (RunModel)" time="0.014" />
  <testcase classname="ptolemy.util.test.junit.AutoTests" name="[35] /home/travis/build/icyphy/ptII/ptolemy/actor/lib/hoc/test/auto/IterateOverArray7.xml (RunModel)" time="0.015" />
  <testcase classname="ptolemy.util.test.junit.AutoTests" name="[36] /home/travis/build/icyphy/ptII/ptolemy/actor/lib/hoc/test/auto/IterateOverArray8.xml (RunModel)" time="0.015" />
  <testcase classname="ptolemy.util.test.junit.AutoTests" name="[37] /home/travis/build/icyphy/ptII/ptolemy/actor/lib/hoc/test/auto/IterateOverArray9.xml (RunModel)" time="0.021" />
  <testcase classname="ptolemy.util.test.junit.AutoTests" name="[38] /home/travis/build/icyphy/ptII/ptolemy/actor/lib/hoc/test/auto/IterateOverArrayCoercedOutputType.xml (RunModel)" time="0.037" />
  <testcase classname="ptolemy.util.test.junit.AutoTests" name="[39] /home/travis/build/icyphy/ptII/ptolemy/actor/lib/hoc/test/auto/IterateOverArrayInferredOutputType.xml (RunModel)" time="0.026" />
  <testcase classname="ptolemy.util.test.junit.AutoTests" name="[40] /home/travis/build/icyphy/ptII/ptolemy/actor/lib/hoc/test/auto/MobileFunctionTest.xml (RunModel)" time="0.026" />
  <testcase classname="ptolemy.util.test.junit.AutoTests" name="[41] /home/travis/build/icyphy/ptII/ptolemy/actor/lib/hoc/test/auto/MobileModelTest.xml (RunModel)" time="0.115" />
  <testcase classname="ptolemy.util.test.junit.AutoTests" name="[42] /home/travis/build/icyphy/ptII/ptolemy/actor/lib/hoc/test/auto/ModelReference.xml (RunModel)" time="0.063" />
  <testcase classname="ptolemy.util.test.junit.AutoTests" name="[43] /home/travis/build/icyphy/ptII/ptolemy/actor/lib/hoc/test/auto/ModelReference3.xml (RunModel)" time="0.041" />
  <testcase classname="ptolemy.util.test.junit.AutoTests" name="[44] /home/travis/build/icyphy/ptII/ptolemy/actor/lib/hoc/test/auto/ModelReference4.xml (RunModel)" time="10.033" />
  <testcase classname="ptolemy.util.test.junit.AutoTests" name="[45] /home/travis/build/icyphy/ptII/ptolemy/actor/lib/hoc/test/auto/MultiInstanceComposite.xml (RunModel)" time="0.052" />
  <testcase classname="ptolemy.util.test.junit.AutoTests" name="[46] /home/travis/build/icyphy/ptII/ptolemy/actor/lib/hoc/test/auto/MultiInstanceComposite2.xml (RunModel)" time="0.031" />
  <testcase classname="ptolemy.util.test.junit.AutoTests" name="[47] /home/travis/build/icyphy/ptII/ptolemy/actor/lib/hoc/test/auto/MulticoreExecution.xml (RunModel)" time="1.066" />
  <testcase classname="ptolemy.util.test.junit.AutoTests" name="[48] /home/travis/build/icyphy/ptII/ptolemy/actor/lib/hoc/test/auto/ParallelExecution.xml (RunModel)" time="0.936" />
  <testcase classname="ptolemy.util.test.junit.AutoTests" name="[49] /home/travis/build/icyphy/ptII/ptolemy/actor/lib/hoc/test/auto/RunCompositeActor.xml (RunModel)" time="0.037" />
  <testcase classname="ptolemy.util.test.junit.AutoTests" name="[50] /home/travis/build/icyphy/ptII/ptolemy/actor/lib/hoc/test/auto/RunCompositeActor2.xml (RunModel)" time="0.018" />
  <testcase classname="ptolemy.util.test.junit.AutoTests" name="[51] /home/travis/build/icyphy/ptII/ptolemy/actor/lib/hoc/test/auto/RunCompositeActor3.xml (RunModel)" time="0.023" />
  <testcase classname="ptolemy.util.test.junit.AutoTests" name="[52] /home/travis/build/icyphy/ptII/ptolemy/actor/lib/hoc/test/auto/RunCompositeActor4.xml (RunModel)" time="0.021" />
  <testcase classname="ptolemy.util.test.junit.AutoTests" name="[53] /home/travis/build/icyphy/ptII/ptolemy/actor/lib/hoc/test/auto/RunCompositeIterateOverArray.xml (RunModel)" time="0.032" />
  <testcase classname="ptolemy.util.test.junit.AutoTests" name="[54] /home/travis/build/icyphy/ptII/ptolemy/actor/lib/hoc/test/auto/ThreadedJS.xml (RunModel)" time="10.687" />
  <system-out><![CDATA[/home/travis/build/icyphy/ptII/ptolemy/actor/lib/hoc/test/IterateOverArray.tcl
testDefs.tcl: setting time out to 9000 seconds at Sat Jan 11 06:42:18 UTC 2020
01/11/20 06:42:18
Failed: 0  Total Tests: 2  ((Passed: 2, Newly Passed: 0)  Known Failed: 0) /home/travis/build/icyphy/ptII/ptolemy/actor/lib/hoc/test
----------------- testing (KnownFailure) /home/travis/build/icyphy/ptII/ptolemy/actor/lib/hoc/test/auto/knownFailedTests/PreinitializeMustBeInvokedRunComposite.xml
102 ms. Memory: 129024K Free: 87490K (68%)
Known Failure: java.lang.reflect.InvocationTargetException
No auto/linux-amd64/*.xml tests in /home/travis/build/icyphy/ptII/ptolemy/actor/lib/hoc/test
AutoTests.java: About to close Vertx.
AutoTests.java: Vertx closed.

===========================================================================================
----------------- testing Sat Jan 11 06:42:19 UTC 2020 /home/travis/build/icyphy/ptII/ptolemy/actor/lib/hoc/test/auto/AllToAllMultiInstanceComposite.xml
----------------- Instantiating /home/travis/build/icyphy/ptII/ptolemy/actor/lib/hoc/test/auto/AllToAllMultiInstanceComposite.xml
156 ms. Memory: 129024K Free: 107901K (84%)
----------------- Invoking toplevel() on ptolemy.moml.MoMLSimpleApplication@1dae3a11
----------------- Done invoking toplevel() on ptolemy.moml.MoMLSimpleApplication@1dae3a11
reloadAllAccessors: .AllToAllMultiInstanceComposite

===========================================================================================
----------------- testing Sat Jan 11 06:42:19 UTC 2020 /home/travis/build/icyphy/ptII/ptolemy/actor/lib/hoc/test/auto/ApplyFFTTest.xml
----------------- Instantiating /home/travis/build/icyphy/ptII/ptolemy/actor/lib/hoc/test/auto/ApplyFFTTest.xml
147 ms. Memory: 129024K Free: 88959K (69%)
----------------- Invoking toplevel() on ptolemy.moml.MoMLSimpleApplication@d22e4c2
----------------- Done invoking toplevel() on ptolemy.moml.MoMLSimpleApplication@d22e4c2
reloadAllAccessors: .ApplyFFTTest

===========================================================================================
----------------- testing Sat Jan 11 06:42:20 UTC 2020 /home/travis/build/icyphy/ptII/ptolemy/actor/lib/hoc/test/auto/ApplyFunction.xml
----------------- Instantiating /home/travis/build/icyphy/ptII/ptolemy/actor/lib/hoc/test/auto/ApplyFunction.xml
5 ms. Memory: 129024K Free: 86077K (67%)
----------------- Invoking toplevel() on ptolemy.moml.MoMLSimpleApplication@381fb320
----------------- Done invoking toplevel() on ptolemy.moml.MoMLSimpleApplication@381fb320
reloadAllAccessors: .ApplyFunction

===========================================================================================
----------------- testing Sat Jan 11 06:42:20 UTC 2020 /home/travis/build/icyphy/ptII/ptolemy/actor/lib/hoc/test/auto/BackgroundExecution.xml
----------------- Instantiating /home/travis/build/icyphy/ptII/ptolemy/actor/lib/hoc/test/auto/BackgroundExecution.xml
616 ms. Memory: 129024K Free: 108432K (84%)
----------------- Invoking toplevel() on ptolemy.moml.MoMLSimpleApplication@6e806846
----------------- Done invoking toplevel() on ptolemy.moml.MoMLSimpleApplication@6e806846
reloadAllAccessors: .BackgroundExecution

===========================================================================================
----------------- testing Sat Jan 11 06:42:20 UTC 2020 /home/travis/build/icyphy/ptII/ptolemy/actor/lib/hoc/test/auto/Case.xml
----------------- Instantiating /home/travis/build/icyphy/ptII/ptolemy/actor/lib/hoc/test/auto/Case.xml
14 ms. Memory: 129024K Free: 101416K (79%)
----------------- Invoking toplevel() on ptolemy.moml.MoMLSimpleApplication@5eff5be3
----------------- Done invoking toplevel() on ptolemy.moml.MoMLSimpleApplication@5eff5be3
reloadAllAccessors: .Case

===========================================================================================
----------------- testing Sat Jan 11 06:42:21 UTC 2020 /home/travis/build/icyphy/ptII/ptolemy/actor/lib/hoc/test/auto/Case1.xml
----------------- Instantiating /home/travis/build/icyphy/ptII/ptolemy/actor/lib/hoc/test/auto/Case1.xml
9 ms. Memory: 129024K Free: 94890K (74%)
----------------- Invoking toplevel() on ptolemy.moml.MoMLSimpleApplication@2fe2dccb
----------------- Done invoking toplevel() on ptolemy.moml.MoMLSimpleApplication@2fe2dccb
reloadAllAccessors: .Case1

===========================================================================================
----------------- testing Sat Jan 11 06:42:21 UTC 2020 /home/travis/build/icyphy/ptII/ptolemy/actor/lib/hoc/test/auto/Case2.xml
----------------- Instantiating /home/travis/build/icyphy/ptII/ptolemy/actor/lib/hoc/test/auto/Case2.xml
21 ms. Memory: 129024K Free: 85104K (66%)
----------------- Invoking toplevel() on ptolemy.moml.MoMLSimpleApplication@3fa3f850
----------------- Done invoking toplevel() on ptolemy.moml.MoMLSimpleApplication@3fa3f850
reloadAllAccessors: .Case2

===========================================================================================
----------------- testing Sat Jan 11 06:42:21 UTC 2020 /home/travis/build/icyphy/ptII/ptolemy/actor/lib/hoc/test/auto/Case3.xml
----------------- Instantiating /home/travis/build/icyphy/ptII/ptolemy/actor/lib/hoc/test/auto/Case3.xml
8 ms. Memory: 129024K Free: 79087K (61%)
----------------- Invoking toplevel() on ptolemy.moml.MoMLSimpleApplication@61b7c7f5
----------------- Done invoking toplevel() on ptolemy.moml.MoMLSimpleApplication@61b7c7f5
reloadAllAccessors: .Case3

===========================================================================================
----------------- testing Sat Jan 11 06:42:21 UTC 2020 /home/travis/build/icyphy/ptII/ptolemy/actor/lib/hoc/test/auto/Case4.xml
----------------- Instantiating /home/travis/build/icyphy/ptII/ptolemy/actor/lib/hoc/test/auto/Case4.xml
8 ms. Memory: 159744K Free: 140212K (88%)
----------------- Invoking toplevel() on ptolemy.moml.MoMLSimpleApplication@2d57edd1
----------------- Done invoking toplevel() on ptolemy.moml.MoMLSimpleApplication@2d57edd1
reloadAllAccessors: .Case4

===========================================================================================
----------------- testing Sat Jan 11 06:42:21 UTC 2020 /home/travis/build/icyphy/ptII/ptolemy/actor/lib/hoc/test/auto/Case5.xml
----------------- Instantiating /home/travis/build/icyphy/ptII/ptolemy/actor/lib/hoc/test/auto/Case5.xml
28 ms. Memory: 159744K Free: 133726K (84%)
----------------- Invoking toplevel() on ptolemy.moml.MoMLSimpleApplication@5de6eaea
----------------- Done invoking toplevel() on ptolemy.moml.MoMLSimpleApplication@5de6eaea
reloadAllAccessors: .junk

===========================================================================================
----------------- testing Sat Jan 11 06:42:21 UTC 2020 /home/travis/build/icyphy/ptII/ptolemy/actor/lib/hoc/test/auto/Case6.xml
----------------- Instantiating /home/travis/build/icyphy/ptII/ptolemy/actor/lib/hoc/test/auto/Case6.xml
43 ms. Memory: 159744K Free: 122124K (76%)
----------------- Invoking toplevel() on ptolemy.moml.MoMLSimpleApplication@7333510c
----------------- Done invoking toplevel() on ptolemy.moml.MoMLSimpleApplication@7333510c
reloadAllAccessors: .Case6

===========================================================================================
----------------- testing Sat Jan 11 06:42:21 UTC 2020 /home/travis/build/icyphy/ptII/ptolemy/actor/lib/hoc/test/auto/CaseString2.xml
----------------- Instantiating /home/travis/build/icyphy/ptII/ptolemy/actor/lib/hoc/test/auto/CaseString2.xml
21 ms. Memory: 159744K Free: 114918K (72%)
----------------- Invoking toplevel() on ptolemy.moml.MoMLSimpleApplication@713eca08
----------------- Done invoking toplevel() on ptolemy.moml.MoMLSimpleApplication@713eca08
reloadAllAccessors: .CaseString2

===========================================================================================
----------------- testing Sat Jan 11 06:42:21 UTC 2020 /home/travis/build/icyphy/ptII/ptolemy/actor/lib/hoc/test/auto/CatchUpComposite1.xml
----------------- Instantiating /home/travis/build/icyphy/ptII/ptolemy/actor/lib/hoc/test/auto/CatchUpComposite1.xml
33 ms. Memory: 159744K Free: 105740K (66%)
----------------- Invoking toplevel() on ptolemy.moml.MoMLSimpleApplication@1cf27292
----------------- Done invoking toplevel() on ptolemy.moml.MoMLSimpleApplication@1cf27292
reloadAllAccessors: .CatchUpComposite1

===========================================================================================
----------------- testing Sat Jan 11 06:42:21 UTC 2020 /home/travis/build/icyphy/ptII/ptolemy/actor/lib/hoc/test/auto/CatchUpComposite2.xml
----------------- Instantiating /home/travis/build/icyphy/ptII/ptolemy/actor/lib/hoc/test/auto/CatchUpComposite2.xml
19 ms. Memory: 159744K Free: 97533K (61%)
----------------- Invoking toplevel() on ptolemy.moml.MoMLSimpleApplication@ae05ee5
----------------- Done invoking toplevel() on ptolemy.moml.MoMLSimpleApplication@ae05ee5
reloadAllAccessors: .CatchUpComposite2

===========================================================================================
----------------- testing Sat Jan 11 06:42:21 UTC 2020 /home/travis/build/icyphy/ptII/ptolemy/actor/lib/hoc/test/auto/CatchUpComposite3.xml
----------------- Instantiating /home/travis/build/icyphy/ptII/ptolemy/actor/lib/hoc/test/auto/CatchUpComposite3.xml
17 ms. Memory: 159744K Free: 137880K (86%)
----------------- Invoking toplevel() on ptolemy.moml.MoMLSimpleApplication@6d1f9a5a
----------------- Done invoking toplevel() on ptolemy.moml.MoMLSimpleApplication@6d1f9a5a
reloadAllAccessors: .CatchUpComposite3

===========================================================================================
----------------- testing Sat Jan 11 06:42:21 UTC 2020 /home/travis/build/icyphy/ptII/ptolemy/actor/lib/hoc/test/auto/CatchUpComposite4.xml
----------------- Instantiating /home/travis/build/icyphy/ptII/ptolemy/actor/lib/hoc/test/auto/CatchUpComposite4.xml
16 ms. Memory: 159744K Free: 130052K (81%)
----------------- Invoking toplevel() on ptolemy.moml.MoMLSimpleApplication@104737f0
----------------- Done invoking toplevel() on ptolemy.moml.MoMLSimpleApplication@104737f0
reloadAllAccessors: .CatchUpComposite4

===========================================================================================
----------------- testing Sat Jan 11 06:42:21 UTC 2020 /home/travis/build/icyphy/ptII/ptolemy/actor/lib/hoc/test/auto/CatchUpComposite5.xml
----------------- Instantiating /home/travis/build/icyphy/ptII/ptolemy/actor/lib/hoc/test/auto/CatchUpComposite5.xml
14 ms. Memory: 159744K Free: 122474K (77%)
----------------- Invoking toplevel() on ptolemy.moml.MoMLSimpleApplication@73622e4d
----------------- Done invoking toplevel() on ptolemy.moml.MoMLSimpleApplication@73622e4d
reloadAllAccessors: .CatchUpComposite5

===========================================================================================
----------------- testing Sat Jan 11 06:42:21 UTC 2020 /home/travis/build/icyphy/ptII/ptolemy/actor/lib/hoc/test/auto/CatchUpComposite6.xml
----------------- Instantiating /home/travis/build/icyphy/ptII/ptolemy/actor/lib/hoc/test/auto/CatchUpComposite6.xml
WARNING: The execution aspects in this model can influence the timing of actors by delaying the 
execution, potentially changing the behavior. There is no guarantee that actors fire at the 
time they request to be fired. 
Use Ptides for deterministic DE behavior that is not influenced by execution aspects. 

85 ms. Memory: 159744K Free: 107563K (67%)
----------------- Invoking toplevel() on ptolemy.moml.MoMLSimpleApplication@102a12af
----------------- Done invoking toplevel() on ptolemy.moml.MoMLSimpleApplication@102a12af
reloadAllAccessors: .CatchUpComposite6

===========================================================================================
----------------- testing Sat Jan 11 06:42:21 UTC 2020 /home/travis/build/icyphy/ptII/ptolemy/actor/lib/hoc/test/auto/CatchUpComposite7.xml
----------------- Instantiating /home/travis/build/icyphy/ptII/ptolemy/actor/lib/hoc/test/auto/CatchUpComposite7.xml
WARNING: The execution aspects in this model can influence the timing of actors by delaying the 
execution, potentially changing the behavior. There is no guarantee that actors fire at the 
time they request to be fired. 
Use Ptides for deterministic DE behavior that is not influenced by execution aspects. 

40 ms. Memory: 159744K Free: 93861K (59%)
----------------- Invoking toplevel() on ptolemy.moml.MoMLSimpleApplication@2b96c3f
----------------- Done invoking toplevel() on ptolemy.moml.MoMLSimpleApplication@2b96c3f
reloadAllAccessors: .CatchUpComposite7

===========================================================================================
----------------- testing Sat Jan 11 06:42:22 UTC 2020 /home/travis/build/icyphy/ptII/ptolemy/actor/lib/hoc/test/auto/ConcurrentExecutionTimeSDF.xml
----------------- Instantiating /home/travis/build/icyphy/ptII/ptolemy/actor/lib/hoc/test/auto/ConcurrentExecutionTimeSDF.xml
Fired ExecutionTime: 40400000
Fired ExecutionTime: 40400000
Fired ExecutionTime: 40400000
Fired ExecutionTime: 40400000
Fired ExecutionTime: 40400000
Fired ExecutionTime: 40400000
Fired ExecutionTime: 40400000
Fired ExecutionTime: 40400000
Fired ExecutionTime: 40400000
Fired ExecutionTime: 40400000
Fired ExecutionTime: 40400000
Fired ExecutionTime: 40400000
Fired ExecutionTime: 40400000
Fired ExecutionTime: 40400000
Fired ExecutionTime: 40400000
Fired ExecutionTime: 40400000
Fired ExecutionTime: 40400000
Fired ExecutionTime: 40400000
Fired ExecutionTime: 40400000
Fired ExecutionTime: 40400000
669 ms. Memory: 159744K Free: 87089K (55%)
----------------- Invoking toplevel() on ptolemy.moml.MoMLSimpleApplication@6b017245
----------------- Done invoking toplevel() on ptolemy.moml.MoMLSimpleApplication@6b017245
reloadAllAccessors: .ConcurrentExecutionTimeSDF

===========================================================================================
----------------- testing Sat Jan 11 06:42:22 UTC 2020 /home/travis/build/icyphy/ptII/ptolemy/actor/lib/hoc/test/auto/ConcurrentSleep.xml
----------------- Instantiating /home/travis/build/icyphy/ptII/ptolemy/actor/lib/hoc/test/auto/ConcurrentSleep.xml
731 ms. Memory: 159744K Free: 135416K (85%)
----------------- Invoking toplevel() on ptolemy.moml.MoMLSimpleApplication@1bbe1d6
----------------- Done invoking toplevel() on ptolemy.moml.MoMLSimpleApplication@1bbe1d6
reloadAllAccessors: .ConcurrentSleep

===========================================================================================
----------------- testing Sat Jan 11 06:42:23 UTC 2020 /home/travis/build/icyphy/ptII/ptolemy/actor/lib/hoc/test/auto/DEInPNInRunCompositeActor.xml
----------------- Instantiating /home/travis/build/icyphy/ptII/ptolemy/actor/lib/hoc/test/auto/DEInPNInRunCompositeActor.xml
10 ms. Memory: 159744K Free: 130296K (82%)
----------------- Invoking toplevel() on ptolemy.moml.MoMLSimpleApplication@1e28ad62
----------------- Done invoking toplevel() on ptolemy.moml.MoMLSimpleApplication@1e28ad62
reloadAllAccessors: .DEInPNInRunCompositeActor

===========================================================================================
----------------- testing Sat Jan 11 06:42:23 UTC 2020 /home/travis/build/icyphy/ptII/ptolemy/actor/lib/hoc/test/auto/DFTSubSetTest.xml
----------------- Instantiating /home/travis/build/icyphy/ptII/ptolemy/actor/lib/hoc/test/auto/DFTSubSetTest.xml
180 ms. Memory: 159744K Free: 87341K (55%)
----------------- Invoking toplevel() on ptolemy.moml.MoMLSimpleApplication@7bab30f7
----------------- Done invoking toplevel() on ptolemy.moml.MoMLSimpleApplication@7bab30f7
reloadAllAccessors: .DFTSubSetTest

===========================================================================================
----------------- testing Sat Jan 11 06:42:23 UTC 2020 /home/travis/build/icyphy/ptII/ptolemy/actor/lib/hoc/test/auto/HocDE.xml
----------------- Instantiating /home/travis/build/icyphy/ptII/ptolemy/actor/lib/hoc/test/auto/HocDE.xml
116 ms. Memory: 159744K Free: 134622K (84%)
----------------- Invoking toplevel() on ptolemy.moml.MoMLSimpleApplication@39b28a41
----------------- Done invoking toplevel() on ptolemy.moml.MoMLSimpleApplication@39b28a41
reloadAllAccessors: .HocDE

===========================================================================================
----------------- testing Sat Jan 11 06:42:23 UTC 2020 /home/travis/build/icyphy/ptII/ptolemy/actor/lib/hoc/test/auto/IterateOverArray.xml
----------------- Instantiating /home/travis/build/icyphy/ptII/ptolemy/actor/lib/hoc/test/auto/IterateOverArray.xml
4 ms. Memory: 159744K Free: 129869K (81%)
----------------- Invoking toplevel() on ptolemy.moml.MoMLSimpleApplication@362ea458
----------------- Done invoking toplevel() on ptolemy.moml.MoMLSimpleApplication@362ea458
reloadAllAccessors: .IterateOverArray

===========================================================================================
----------------- testing Sat Jan 11 06:42:23 UTC 2020 /home/travis/build/icyphy/ptII/ptolemy/actor/lib/hoc/test/auto/IterateOverArray10.xml
----------------- Instantiating /home/travis/build/icyphy/ptII/ptolemy/actor/lib/hoc/test/auto/IterateOverArray10.xml
3 ms. Memory: 159744K Free: 126797K (79%)
----------------- Invoking toplevel() on ptolemy.moml.MoMLSimpleApplication@280451a6
----------------- Done invoking toplevel() on ptolemy.moml.MoMLSimpleApplication@280451a6
reloadAllAccessors: .IterateOverArray10

===========================================================================================
----------------- testing Sat Jan 11 06:42:23 UTC 2020 /home/travis/build/icyphy/ptII/ptolemy/actor/lib/hoc/test/auto/IterateOverArray11.xml
----------------- Instantiating /home/travis/build/icyphy/ptII/ptolemy/actor/lib/hoc/test/auto/IterateOverArray11.xml
4 ms. Memory: 159744K Free: 122701K (77%)
----------------- Invoking toplevel() on ptolemy.moml.MoMLSimpleApplication@65ad7a00
----------------- Done invoking toplevel() on ptolemy.moml.MoMLSimpleApplication@65ad7a00
reloadAllAccessors: .IterateOverArray11

===========================================================================================
----------------- testing Sat Jan 11 06:42:23 UTC 2020 /home/travis/build/icyphy/ptII/ptolemy/actor/lib/hoc/test/auto/IterateOverArray12.xml
----------------- Instantiating /home/travis/build/icyphy/ptII/ptolemy/actor/lib/hoc/test/auto/IterateOverArray12.xml
15 ms. Memory: 159744K Free: 116557K (73%)
----------------- Invoking toplevel() on ptolemy.moml.MoMLSimpleApplication@4c399f9b
----------------- Done invoking toplevel() on ptolemy.moml.MoMLSimpleApplication@4c399f9b
reloadAllAccessors: .IterateOverArray12

===========================================================================================
----------------- testing Sat Jan 11 06:42:24 UTC 2020 /home/travis/build/icyphy/ptII/ptolemy/actor/lib/hoc/test/auto/IterateOverArray13.xml
----------------- Instantiating /home/travis/build/icyphy/ptII/ptolemy/actor/lib/hoc/test/auto/IterateOverArray13.xml
49 ms. Memory: 159744K Free: 87371K (55%)
----------------- Invoking toplevel() on ptolemy.moml.MoMLSimpleApplication@2879cd3b
----------------- Done invoking toplevel() on ptolemy.moml.MoMLSimpleApplication@2879cd3b
reloadAllAccessors: .IterateOverArray13

===========================================================================================
----------------- testing Sat Jan 11 06:42:24 UTC 2020 /home/travis/build/icyphy/ptII/ptolemy/actor/lib/hoc/test/auto/IterateOverArray14.xml
----------------- Instantiating /home/travis/build/icyphy/ptII/ptolemy/actor/lib/hoc/test/auto/IterateOverArray14.xml
72 ms. Memory: 159744K Free: 135851K (85%)
----------------- Invoking toplevel() on ptolemy.moml.MoMLSimpleApplication@60ce26c7
----------------- Done invoking toplevel() on ptolemy.moml.MoMLSimpleApplication@60ce26c7
reloadAllAccessors: .IterateOverArray14

===========================================================================================
----------------- testing Sat Jan 11 06:42:24 UTC 2020 /home/travis/build/icyphy/ptII/ptolemy/actor/lib/hoc/test/auto/IterateOverArray2.xml
----------------- Instantiating /home/travis/build/icyphy/ptII/ptolemy/actor/lib/hoc/test/auto/IterateOverArray2.xml
6 ms. Memory: 159744K Free: 130577K (82%)
----------------- Invoking toplevel() on ptolemy.moml.MoMLSimpleApplication@35d3c6e
----------------- Done invoking toplevel() on ptolemy.moml.MoMLSimpleApplication@35d3c6e
reloadAllAccessors: .IterateOverArray2

===========================================================================================
----------------- testing Sat Jan 11 06:42:24 UTC 2020 /home/travis/build/icyphy/ptII/ptolemy/actor/lib/hoc/test/auto/IterateOverArray3.xml
----------------- Instantiating /home/travis/build/icyphy/ptII/ptolemy/actor/lib/hoc/test/auto/IterateOverArray3.xml
14 ms. Memory: 159744K Free: 124395K (78%)
----------------- Invoking toplevel() on ptolemy.moml.MoMLSimpleApplication@621afec9
----------------- Done invoking toplevel() on ptolemy.moml.MoMLSimpleApplication@621afec9
reloadAllAccessors: .IterateOverArray3

===========================================================================================
----------------- testing Sat Jan 11 06:42:24 UTC 2020 /home/travis/build/icyphy/ptII/ptolemy/actor/lib/hoc/test/auto/IterateOverArray4.xml
----------------- Instantiating /home/travis/build/icyphy/ptII/ptolemy/actor/lib/hoc/test/auto/IterateOverArray4.xml
4 ms. Memory: 159744K Free: 120337K (75%)
----------------- Invoking toplevel() on ptolemy.moml.MoMLSimpleApplication@7f2ed784
----------------- Done invoking toplevel() on ptolemy.moml.MoMLSimpleApplication@7f2ed784
reloadAllAccessors: .IterateOverArray4

===========================================================================================
----------------- testing Sat Jan 11 06:42:24 UTC 2020 /home/travis/build/icyphy/ptII/ptolemy/actor/lib/hoc/test/auto/IterateOverArray5.xml
----------------- Instantiating /home/travis/build/icyphy/ptII/ptolemy/actor/lib/hoc/test/auto/IterateOverArray5.xml
3 ms. Memory: 159744K Free: 116241K (73%)
----------------- Invoking toplevel() on ptolemy.moml.MoMLSimpleApplication@4e9102cb
----------------- Done invoking toplevel() on ptolemy.moml.MoMLSimpleApplication@4e9102cb
reloadAllAccessors: .IterateOverArray5

===========================================================================================
----------------- testing Sat Jan 11 06:42:24 UTC 2020 /home/travis/build/icyphy/ptII/ptolemy/actor/lib/hoc/test/auto/IterateOverArray6.xml
----------------- Instantiating /home/travis/build/icyphy/ptII/ptolemy/actor/lib/hoc/test/auto/IterateOverArray6.xml
2 ms. Memory: 159744K Free: 112691K (71%)
----------------- Invoking toplevel() on ptolemy.moml.MoMLSimpleApplication@7fa4d8d9
----------------- Done invoking toplevel() on ptolemy.moml.MoMLSimpleApplication@7fa4d8d9
reloadAllAccessors: .IterateOverArray6

===========================================================================================
----------------- testing Sat Jan 11 06:42:24 UTC 2020 /home/travis/build/icyphy/ptII/ptolemy/actor/lib/hoc/test/auto/IterateOverArray7.xml
----------------- Instantiating /home/travis/build/icyphy/ptII/ptolemy/actor/lib/hoc/test/auto/IterateOverArray7.xml
3 ms. Memory: 159744K Free: 108507K (68%)
----------------- Invoking toplevel() on ptolemy.moml.MoMLSimpleApplication@30692475
----------------- Done invoking toplevel() on ptolemy.moml.MoMLSimpleApplication@30692475
reloadAllAccessors: .IterateOverArray7

===========================================================================================
----------------- testing Sat Jan 11 06:42:24 UTC 2020 /home/travis/build/icyphy/ptII/ptolemy/actor/lib/hoc/test/auto/IterateOverArray8.xml
----------------- Instantiating /home/travis/build/icyphy/ptII/ptolemy/actor/lib/hoc/test/auto/IterateOverArray8.xml
2 ms. Memory: 159744K Free: 104499K (65%)
----------------- Invoking toplevel() on ptolemy.moml.MoMLSimpleApplication@56c47db2
----------------- Done invoking toplevel() on ptolemy.moml.MoMLSimpleApplication@56c47db2
reloadAllAccessors: .IterateOverArray8

===========================================================================================
----------------- testing Sat Jan 11 06:42:24 UTC 2020 /home/travis/build/icyphy/ptII/ptolemy/actor/lib/hoc/test/auto/IterateOverArray9.xml
----------------- Instantiating /home/travis/build/icyphy/ptII/ptolemy/actor/lib/hoc/test/auto/IterateOverArray9.xml
6 ms. Memory: 159744K Free: 100403K (63%)
----------------- Invoking toplevel() on ptolemy.moml.MoMLSimpleApplication@1f7af75a
----------------- Done invoking toplevel() on ptolemy.moml.MoMLSimpleApplication@1f7af75a
reloadAllAccessors: .IterateOverArray9

===========================================================================================
----------------- testing Sat Jan 11 06:42:24 UTC 2020 /home/travis/build/icyphy/ptII/ptolemy/actor/lib/hoc/test/auto/IterateOverArrayCoercedOutputType.xml
----------------- Instantiating /home/travis/build/icyphy/ptII/ptolemy/actor/lib/hoc/test/auto/IterateOverArrayCoercedOutputType.xml
6 ms. Memory: 159744K Free: 95305K (60%)
----------------- Invoking toplevel() on ptolemy.moml.MoMLSimpleApplication@6dc1c224
----------------- Done invoking toplevel() on ptolemy.moml.MoMLSimpleApplication@6dc1c224
reloadAllAccessors: .IterateOverArrayCoercedOutputType

===========================================================================================
----------------- testing Sat Jan 11 06:42:24 UTC 2020 /home/travis/build/icyphy/ptII/ptolemy/actor/lib/hoc/test/auto/IterateOverArrayInferredOutputType.xml
----------------- Instantiating /home/travis/build/icyphy/ptII/ptolemy/actor/lib/hoc/test/auto/IterateOverArrayInferredOutputType.xml
7 ms. Memory: 159744K Free: 90641K (57%)
----------------- Invoking toplevel() on ptolemy.moml.MoMLSimpleApplication@752c126e
----------------- Done invoking toplevel() on ptolemy.moml.MoMLSimpleApplication@752c126e
reloadAllAccessors: .IterateOverArrayInferredOutputType

===========================================================================================
----------------- testing Sat Jan 11 06:42:24 UTC 2020 /home/travis/build/icyphy/ptII/ptolemy/actor/lib/hoc/test/auto/MobileFunctionTest.xml
----------------- Instantiating /home/travis/build/icyphy/ptII/ptolemy/actor/lib/hoc/test/auto/MobileFunctionTest.xml
3 ms. Memory: 159744K Free: 86545K (54%)
----------------- Invoking toplevel() on ptolemy.moml.MoMLSimpleApplication@7fc39fdb
----------------- Done invoking toplevel() on ptolemy.moml.MoMLSimpleApplication@7fc39fdb
reloadAllAccessors: .MobileFunctionTest

===========================================================================================
----------------- testing Sat Jan 11 06:42:24 UTC 2020 /home/travis/build/icyphy/ptII/ptolemy/actor/lib/hoc/test/auto/MobileModelTest.xml
----------------- Instantiating /home/travis/build/icyphy/ptII/ptolemy/actor/lib/hoc/test/auto/MobileModelTest.xml
92 ms. Memory: 159744K Free: 65041K (41%)
----------------- Invoking toplevel() on ptolemy.moml.MoMLSimpleApplication@7ee604e8
----------------- Done invoking toplevel() on ptolemy.moml.MoMLSimpleApplication@7ee604e8
reloadAllAccessors: .MobileModelTest

===========================================================================================
----------------- testing Sat Jan 11 06:42:24 UTC 2020 /home/travis/build/icyphy/ptII/ptolemy/actor/lib/hoc/test/auto/ModelReference.xml
----------------- Instantiating /home/travis/build/icyphy/ptII/ptolemy/actor/lib/hoc/test/auto/ModelReference.xml
2 ms. Memory: 159744K Free: 58427K (37%)
2 ms. Memory: 159744K Free: 57827K (36%)
3 ms. Memory: 159744K Free: 56849K (36%)
2 ms. Memory: 159744K Free: 56353K (35%)
3 ms. Memory: 159744K Free: 55323K (35%)
2 ms. Memory: 159744K Free: 54275K (34%)
3 ms. Memory: 159744K Free: 53755K (34%)
2 ms. Memory: 159744K Free: 52753K (33%)
3 ms. Memory: 159744K Free: 52187K (33%)
3 ms. Memory: 159744K Free: 143255K (90%)
38 ms. Memory: 159744K Free: 143255K (90%)
----------------- Invoking toplevel() on ptolemy.moml.MoMLSimpleApplication@32969c12
----------------- Done invoking toplevel() on ptolemy.moml.MoMLSimpleApplication@32969c12
reloadAllAccessors: .ModelReference

===========================================================================================
----------------- testing Sat Jan 11 06:42:24 UTC 2020 /home/travis/build/icyphy/ptII/ptolemy/actor/lib/hoc/test/auto/ModelReference3.xml
----------------- Instantiating /home/travis/build/icyphy/ptII/ptolemy/actor/lib/hoc/test/auto/ModelReference3.xml
2 ms. Memory: 159744K Free: 138222K (87%)
4 ms. Memory: 159744K Free: 137618K (86%)
2 ms. Memory: 159744K Free: 136621K (86%)
3 ms. Memory: 159744K Free: 136136K (85%)
3 ms. Memory: 159744K Free: 135120K (85%)
2 ms. Memory: 159744K Free: 134103K (84%)
3 ms. Memory: 159744K Free: 133533K (84%)
3 ms. Memory: 159744K Free: 132509K (83%)
2 ms. Memory: 159744K Free: 132024K (83%)
1 ms. Memory: 159744K Free: 131014K (82%)
30 ms. Memory: 159744K Free: 131014K (82%)
----------------- Invoking toplevel() on ptolemy.moml.MoMLSimpleApplication@513c8be6
----------------- Done invoking toplevel() on ptolemy.moml.MoMLSimpleApplication@513c8be6
reloadAllAccessors: .ModelReference3

===========================================================================================
----------------- testing Sat Jan 11 06:42:24 UTC 2020 /home/travis/build/icyphy/ptII/ptolemy/actor/lib/hoc/test/auto/ModelReference4.xml
----------------- Instantiating /home/travis/build/icyphy/ptII/ptolemy/actor/lib/hoc/test/auto/ModelReference4.xml
1 ms. Memory: 159744K Free: 126365K (79%)
3 ms. Memory: 159744K Free: 124888K (78%)
4 ms. Memory: 159744K Free: 123856K (78%)
2 ms. Memory: 159744K Free: 122291K (77%)
2 ms. Memory: 159744K Free: 121245K (76%)
9 ms. Memory: 159744K Free: 120229K (75%)
2 ms. Memory: 159744K Free: 118195K (74%)
1 ms. Memory: 159744K Free: 117149K (73%)
2 ms. Memory: 159744K Free: 115624K (72%)
2 ms. Memory: 159744K Free: 114640K (72%)
10018 ms. Memory: 159744K Free: 114640K (72%)
----------------- Invoking toplevel() on ptolemy.moml.MoMLSimpleApplication@7487bb25
----------------- Done invoking toplevel() on ptolemy.moml.MoMLSimpleApplication@7487bb25
reloadAllAccessors: .ModelReference4

===========================================================================================
----------------- testing Sat Jan 11 06:42:34 UTC 2020 /home/travis/build/icyphy/ptII/ptolemy/actor/lib/hoc/test/auto/MultiInstanceComposite.xml
----------------- Instantiating /home/travis/build/icyphy/ptII/ptolemy/actor/lib/hoc/test/auto/MultiInstanceComposite.xml
25 ms. Memory: 159744K Free: 95675K (60%)
----------------- Invoking toplevel() on ptolemy.moml.MoMLSimpleApplication@3ce725fc
----------------- Done invoking toplevel() on ptolemy.moml.MoMLSimpleApplication@3ce725fc
reloadAllAccessors: .MultiInstanceComposite

===========================================================================================
----------------- testing Sat Jan 11 06:42:34 UTC 2020 /home/travis/build/icyphy/ptII/ptolemy/actor/lib/hoc/test/auto/MultiInstanceComposite2.xml
----------------- Instantiating /home/travis/build/icyphy/ptII/ptolemy/actor/lib/hoc/test/auto/MultiInstanceComposite2.xml
15 ms. Memory: 159744K Free: 83942K (53%)
----------------- Invoking toplevel() on ptolemy.moml.MoMLSimpleApplication@102d6010
----------------- Done invoking toplevel() on ptolemy.moml.MoMLSimpleApplication@102d6010
reloadAllAccessors: .MultiInstanceComposite2

===========================================================================================
----------------- testing Sat Jan 11 06:42:34 UTC 2020 /home/travis/build/icyphy/ptII/ptolemy/actor/lib/hoc/test/auto/MulticoreExecution.xml
----------------- Instantiating /home/travis/build/icyphy/ptII/ptolemy/actor/lib/hoc/test/auto/MulticoreExecution.xml
Fired ExecutionTime: 4400000
Fired ExecutionTime: 2400000
Fired ExecutionTime: 2400000
Fired ExecutionTime: 3200000
Fired ExecutionTime: 89600000
Fired ExecutionTime: 119600000
Fired ExecutionTime: 109600000
Fired ExecutionTime: 110000000
Fired ExecutionTime: 110400000
Fired ExecutionTime: 108400000
Fired ExecutionTime: 110800000
Fired ExecutionTime: 109600000
Fired ExecutionTime: 110800000
Fired ExecutionTime: 109600000
Fired ExecutionTime: 113200000
Fired ExecutionTime: 109200000
Fired ExecutionTime: 113200000
Fired ExecutionTime: 112800000
Fired ExecutionTime: 107200000
Fired ExecutionTime: 108000000
1049 ms. Memory: 159744K Free: 74734K (47%)
----------------- Invoking toplevel() on ptolemy.moml.MoMLSimpleApplication@1b65fb63
----------------- Done invoking toplevel() on ptolemy.moml.MoMLSimpleApplication@1b65fb63
reloadAllAccessors: .MulticoreExecution

===========================================================================================
----------------- testing Sat Jan 11 06:42:35 UTC 2020 /home/travis/build/icyphy/ptII/ptolemy/actor/lib/hoc/test/auto/ParallelExecution.xml
----------------- Instantiating /home/travis/build/icyphy/ptII/ptolemy/actor/lib/hoc/test/auto/ParallelExecution.xml
916 ms. Memory: 159744K Free: 67466K (42%)
----------------- Invoking toplevel() on ptolemy.moml.MoMLSimpleApplication@6415e8ae
----------------- Done invoking toplevel() on ptolemy.moml.MoMLSimpleApplication@6415e8ae
reloadAllAccessors: .ParallelExecution

===========================================================================================
----------------- testing Sat Jan 11 06:42:36 UTC 2020 /home/travis/build/icyphy/ptII/ptolemy/actor/lib/hoc/test/auto/RunCompositeActor.xml
----------------- Instantiating /home/travis/build/icyphy/ptII/ptolemy/actor/lib/hoc/test/auto/RunCompositeActor.xml
8 ms. Memory: 159744K Free: 60352K (38%)
----------------- Invoking toplevel() on ptolemy.moml.MoMLSimpleApplication@6d6bae3d
----------------- Done invoking toplevel() on ptolemy.moml.MoMLSimpleApplication@6d6bae3d
reloadAllAccessors: .RunCompositeActor

===========================================================================================
----------------- testing Sat Jan 11 06:42:36 UTC 2020 /home/travis/build/icyphy/ptII/ptolemy/actor/lib/hoc/test/auto/RunCompositeActor2.xml
----------------- Instantiating /home/travis/build/icyphy/ptII/ptolemy/actor/lib/hoc/test/auto/RunCompositeActor2.xml
5 ms. Memory: 159744K Free: 54232K (34%)
----------------- Invoking toplevel() on ptolemy.moml.MoMLSimpleApplication@5eb608c7
----------------- Done invoking toplevel() on ptolemy.moml.MoMLSimpleApplication@5eb608c7
reloadAllAccessors: .RunCompositeActor2

===========================================================================================
----------------- testing Sat Jan 11 06:42:36 UTC 2020 /home/travis/build/icyphy/ptII/ptolemy/actor/lib/hoc/test/auto/RunCompositeActor3.xml
----------------- Instantiating /home/travis/build/icyphy/ptII/ptolemy/actor/lib/hoc/test/auto/RunCompositeActor3.xml
3 ms. Memory: 159744K Free: 140556K (88%)
----------------- Invoking toplevel() on ptolemy.moml.MoMLSimpleApplication@57859dfe
----------------- Done invoking toplevel() on ptolemy.moml.MoMLSimpleApplication@57859dfe
reloadAllAccessors: .RunCompositeActor3

===========================================================================================
----------------- testing Sat Jan 11 06:42:36 UTC 2020 /home/travis/build/icyphy/ptII/ptolemy/actor/lib/hoc/test/auto/RunCompositeActor4.xml
----------------- Instantiating /home/travis/build/icyphy/ptII/ptolemy/actor/lib/hoc/test/auto/RunCompositeActor4.xml
10 ms. Memory: 159744K Free: 132378K (83%)
----------------- Invoking toplevel() on ptolemy.moml.MoMLSimpleApplication@28066e4c
----------------- Done invoking toplevel() on ptolemy.moml.MoMLSimpleApplication@28066e4c
reloadAllAccessors: .RunCompositeActor4

===========================================================================================
----------------- testing Sat Jan 11 06:42:37 UTC 2020 /home/travis/build/icyphy/ptII/ptolemy/actor/lib/hoc/test/auto/RunCompositeIterateOverArray.xml
----------------- Instantiating /home/travis/build/icyphy/ptII/ptolemy/actor/lib/hoc/test/auto/RunCompositeIterateOverArray.xml
4 ms. Memory: 159744K Free: 126697K (79%)
----------------- Invoking toplevel() on ptolemy.moml.MoMLSimpleApplication@71efb87e
----------------- Done invoking toplevel() on ptolemy.moml.MoMLSimpleApplication@71efb87e
reloadAllAccessors: .RunCompositeIterateOverArray

===========================================================================================
----------------- testing Sat Jan 11 06:42:37 UTC 2020 /home/travis/build/icyphy/ptII/ptolemy/actor/lib/hoc/test/auto/ThreadedJS.xml
----------------- Instantiating /home/travis/build/icyphy/ptII/ptolemy/actor/lib/hoc/test/auto/ThreadedJS.xml
4843 ms. Memory: 278528K Free: 191488K (69%)
----------------- Invoking toplevel() on ptolemy.moml.MoMLSimpleApplication@498130cf
----------------- Done invoking toplevel() on ptolemy.moml.MoMLSimpleApplication@498130cf
reloadAllAccessors: .ThreadedJS
AutoTests.java: About to close Vertx.
AutoTests.java: Vertx closed.
]]></system-out>
  <system-err><![CDATA[java.lang.RuntimeException: Execution failed
	at ptolemy.moml.MoMLSimpleApplication$UnloadThread.run(MoMLSimpleApplication.java:402)
Caused by: ptolemy.kernel.util.IllegalActionException: initialize() was called after wrapup() was called but preinitialize() was not called after wrapup().
	at ptolemy.actor.lib.hoc.test.PreinitializeMustBeInvoked.initialize(PreinitializeMustBeInvoked.java:78)
	at ptolemy.actor.Director.initialize(Director.java:938)
	at ptolemy.actor.Director.initialize(Director.java:907)
	at ptolemy.actor.sched.StaticSchedulingDirector.initialize(StaticSchedulingDirector.java:159)
	at ptolemy.domains.sdf.kernel.SDFDirector.initialize(SDFDirector.java:544)
	at ptolemy.actor.CompositeActor.initialize(CompositeActor.java:935)
	at ptolemy.actor.lib.hoc.LifeCycleManager._executeInsideModel(LifeCycleManager.java:339)
	at ptolemy.actor.lib.hoc.RunCompositeActor.fire(RunCompositeActor.java:205)
	at ptolemy.actor.CompositeActor.iterate(CompositeActor.java:1146)
	at ptolemy.actor.sched.StaticSchedulingDirector.fire(StaticSchedulingDirector.java:216)
	at ptolemy.domains.sdf.kernel.SDFDirector.fire(SDFDirector.java:500)
	at ptolemy.actor.CompositeActor.fire(CompositeActor.java:455)
	at ptolemy.actor.Manager.iterate(Manager.java:851)
	at ptolemy.actor.Manager.execute(Manager.java:369)
	at ptolemy.actor.Manager.run(Manager.java:1263)
	at ptolemy.actor.Manager$PtolemyRunThread.run(Manager.java:1933)
java.lang.reflect.InvocationTargetException
	at java.base/jdk.internal.reflect.NativeConstructorAccessorImpl.newInstance0(Native Method)
	at java.base/jdk.internal.reflect.NativeConstructorAccessorImpl.newInstance(NativeConstructorAccessorImpl.java:62)
	at java.base/jdk.internal.reflect.DelegatingConstructorAccessorImpl.newInstance(DelegatingConstructorAccessorImpl.java:45)
	at java.base/java.lang.reflect.Constructor.newInstance(Constructor.java:490)
	at ptolemy.util.test.junit.AutoKnownFailedTests.RunModel(AutoKnownFailedTests.java:105)
	at java.base/jdk.internal.reflect.NativeMethodAccessorImpl.invoke0(Native Method)
	at java.base/jdk.internal.reflect.NativeMethodAccessorImpl.invoke(NativeMethodAccessorImpl.java:62)
	at java.base/jdk.internal.reflect.DelegatingMethodAccessorImpl.invoke(DelegatingMethodAccessorImpl.java:43)
	at java.base/java.lang.reflect.Method.invoke(Method.java:566)
	at org.junit.runners.model.FrameworkMethod$1.runReflectiveCall(FrameworkMethod.java:44)
	at org.junit.internal.runners.model.ReflectiveCallable.run(ReflectiveCallable.java:15)
	at org.junit.runners.model.FrameworkMethod.invokeExplosively(FrameworkMethod.java:41)
	at junitparams.internal.InvokeParameterisedMethod.evaluate(InvokeParameterisedMethod.java:102)
	at org.junit.internal.runners.statements.FailOnTimeout$1.run(FailOnTimeout.java:28)
Caused by: ptolemy.kernel.util.IllegalActionException: initialize() was called after wrapup() was called but preinitialize() was not called after wrapup().
	at ptolemy.actor.lib.hoc.test.PreinitializeMustBeInvoked.initialize(PreinitializeMustBeInvoked.java:78)
	at ptolemy.actor.Director.initialize(Director.java:938)
	at ptolemy.actor.Director.initialize(Director.java:907)
	at ptolemy.actor.sched.StaticSchedulingDirector.initialize(StaticSchedulingDirector.java:159)
	at ptolemy.domains.sdf.kernel.SDFDirector.initialize(SDFDirector.java:544)
	at ptolemy.actor.CompositeActor.initialize(CompositeActor.java:935)
	at ptolemy.actor.lib.hoc.LifeCycleManager._executeInsideModel(LifeCycleManager.java:339)
	at ptolemy.actor.lib.hoc.RunCompositeActor.fire(RunCompositeActor.java:205)
	at ptolemy.actor.CompositeActor.iterate(CompositeActor.java:1146)
	at ptolemy.actor.sched.StaticSchedulingDirector.fire(StaticSchedulingDirector.java:216)
	at ptolemy.domains.sdf.kernel.SDFDirector.fire(SDFDirector.java:500)
	at ptolemy.actor.CompositeActor.fire(CompositeActor.java:455)
	at ptolemy.actor.Manager.iterate(Manager.java:851)
	at ptolemy.actor.Manager.execute(Manager.java:369)
	at ptolemy.actor.Manager.run(Manager.java:1263)
	at ptolemy.actor.Manager$PtolemyRunThread.run(Manager.java:1933)
Warning: Nashorn engine is planned to be removed from a future JDK release
Warning: Nashorn engine is planned to be removed from a future JDK release
Warning: Nashorn engine is planned to be removed from a future JDK release
Warning: Nashorn engine is planned to be removed from a future JDK release
Warning: Nashorn engine is planned to be removed from a future JDK release
Warning: Nashorn engine is planned to be removed from a future JDK release
Warning: Nashorn engine is planned to be removed from a future JDK release
Warning: Nashorn engine is planned to be removed from a future JDK release
]]></system-err>
</testsuite>
