<?xml version="1.0" encoding="UTF-8" ?>
<testsuite errors="0" failures="0" hostname="travis-job-bbb987c9-1e8b-419d-8e6c-f0d0ad02edd2" name="ptolemy.actor.lib.hoc.test.junit.JUnitTclTest" skipped="0" tests="58" time="31.643" timestamp="2019-07-12T05:51:05">
  <properties>
[...]
</properties>
  <testcase classname="ptolemy.util.test.junit.TclTests" name="[0] /home/travis/build/icyphy/ptII/ptolemy/actor/lib/hoc/test/IterateOverArray.tcl (RunTclFile)" time="0.342" />
  <testcase classname="ptolemy.util.test.junit.AutoKnownFailedTests" name="[0] /home/travis/build/icyphy/ptII/ptolemy/actor/lib/hoc/test/auto/knownFailedTests/PreinitializeMustBeInvokedRunComposite.xml (RunModel)" time="0.384" />
  <testcase classname="ptolemy.util.test.junit.AutoNameArchTests" name="[0] ThereAreNoAutoArchTests (RunModel)" time="0.005" />
  <testcase classname="ptolemy.util.test.junit.AutoTests" name="[0] /home/travis/build/icyphy/ptII/ptolemy/actor/lib/hoc/test/auto/AllToAllMultiInstanceComposite.xml (RunModel)" time="0.44" />
  <testcase classname="ptolemy.util.test.junit.AutoTests" name="[1] /home/travis/build/icyphy/ptII/ptolemy/actor/lib/hoc/test/auto/ApplyFFTTest.xml (RunModel)" time="0.425" />
  <testcase classname="ptolemy.util.test.junit.AutoTests" name="[2] /home/travis/build/icyphy/ptII/ptolemy/actor/lib/hoc/test/auto/ApplyFunction.xml (RunModel)" time="0.065" />
  <testcase classname="ptolemy.util.test.junit.AutoTests" name="[3] /home/travis/build/icyphy/ptII/ptolemy/actor/lib/hoc/test/auto/BackgroundExecution.xml (RunModel)" time="0.722" />
  <testcase classname="ptolemy.util.test.junit.AutoTests" name="[4] /home/travis/build/icyphy/ptII/ptolemy/actor/lib/hoc/test/auto/Case.xml (RunModel)" time="0.096" />
  <testcase classname="ptolemy.util.test.junit.AutoTests" name="[5] /home/travis/build/icyphy/ptII/ptolemy/actor/lib/hoc/test/auto/Case1.xml (RunModel)" time="0.071" />
  <testcase classname="ptolemy.util.test.junit.AutoTests" name="[6] /home/travis/build/icyphy/ptII/ptolemy/actor/lib/hoc/test/auto/Case2.xml (RunModel)" time="0.147" />
  <testcase classname="ptolemy.util.test.junit.AutoTests" name="[7] /home/travis/build/icyphy/ptII/ptolemy/actor/lib/hoc/test/auto/Case3.xml (RunModel)" time="0.049" />
  <testcase classname="ptolemy.util.test.junit.AutoTests" name="[8] /home/travis/build/icyphy/ptII/ptolemy/actor/lib/hoc/test/auto/Case4.xml (RunModel)" time="0.051" />
  <testcase classname="ptolemy.util.test.junit.AutoTests" name="[9] /home/travis/build/icyphy/ptII/ptolemy/actor/lib/hoc/test/auto/Case5.xml (RunModel)" time="0.056" />
  <testcase classname="ptolemy.util.test.junit.AutoTests" name="[10] /home/travis/build/icyphy/ptII/ptolemy/actor/lib/hoc/test/auto/Case6.xml (RunModel)" time="0.089" />
  <testcase classname="ptolemy.util.test.junit.AutoTests" name="[11] /home/travis/build/icyphy/ptII/ptolemy/actor/lib/hoc/test/auto/CaseString2.xml (RunModel)" time="0.055" />
  <testcase classname="ptolemy.util.test.junit.AutoTests" name="[12] /home/travis/build/icyphy/ptII/ptolemy/actor/lib/hoc/test/auto/CatchUpComposite1.xml (RunModel)" time="0.116" />
  <testcase classname="ptolemy.util.test.junit.AutoTests" name="[13] /home/travis/build/icyphy/ptII/ptolemy/actor/lib/hoc/test/auto/CatchUpComposite2.xml (RunModel)" time="0.083" />
  <testcase classname="ptolemy.util.test.junit.AutoTests" name="[14] /home/travis/build/icyphy/ptII/ptolemy/actor/lib/hoc/test/auto/CatchUpComposite3.xml (RunModel)" time="0.077" />
  <testcase classname="ptolemy.util.test.junit.AutoTests" name="[15] /home/travis/build/icyphy/ptII/ptolemy/actor/lib/hoc/test/auto/CatchUpComposite4.xml (RunModel)" time="0.067" />
  <testcase classname="ptolemy.util.test.junit.AutoTests" name="[16] /home/travis/build/icyphy/ptII/ptolemy/actor/lib/hoc/test/auto/CatchUpComposite5.xml (RunModel)" time="0.048" />
  <testcase classname="ptolemy.util.test.junit.AutoTests" name="[17] /home/travis/build/icyphy/ptII/ptolemy/actor/lib/hoc/test/auto/CatchUpComposite6.xml (RunModel)" time="0.134" />
  <testcase classname="ptolemy.util.test.junit.AutoTests" name="[18] /home/travis/build/icyphy/ptII/ptolemy/actor/lib/hoc/test/auto/CatchUpComposite7.xml (RunModel)" time="0.108" />
  <testcase classname="ptolemy.util.test.junit.AutoTests" name="[19] /home/travis/build/icyphy/ptII/ptolemy/actor/lib/hoc/test/auto/ConcurrentExecutionTimeSDF.xml (RunModel)" time="1.467" />
  <testcase classname="ptolemy.util.test.junit.AutoTests" name="[20] /home/travis/build/icyphy/ptII/ptolemy/actor/lib/hoc/test/auto/ConcurrentSleep.xml (RunModel)" time="0.763" />
  <testcase classname="ptolemy.util.test.junit.AutoTests" name="[21] /home/travis/build/icyphy/ptII/ptolemy/actor/lib/hoc/test/auto/DEInPNInRunCompositeActor.xml (RunModel)" time="0.034" />
  <testcase classname="ptolemy.util.test.junit.AutoTests" name="[22] /home/travis/build/icyphy/ptII/ptolemy/actor/lib/hoc/test/auto/DFTSubSetTest.xml (RunModel)" time="0.31" />
  <testcase classname="ptolemy.util.test.junit.AutoTests" name="[23] /home/travis/build/icyphy/ptII/ptolemy/actor/lib/hoc/test/auto/HocDE.xml (RunModel)" time="0.181" />
  <testcase classname="ptolemy.util.test.junit.AutoTests" name="[24] /home/travis/build/icyphy/ptII/ptolemy/actor/lib/hoc/test/auto/IterateOverArray.xml (RunModel)" time="0.034" />
  <testcase classname="ptolemy.util.test.junit.AutoTests" name="[25] /home/travis/build/icyphy/ptII/ptolemy/actor/lib/hoc/test/auto/IterateOverArray10.xml (RunModel)" time="0.014" />
  <testcase classname="ptolemy.util.test.junit.AutoTests" name="[26] /home/travis/build/icyphy/ptII/ptolemy/actor/lib/hoc/test/auto/IterateOverArray11.xml (RunModel)" time="0.021" />
  <testcase classname="ptolemy.util.test.junit.AutoTests" name="[27] /home/travis/build/icyphy/ptII/ptolemy/actor/lib/hoc/test/auto/IterateOverArray12.xml (RunModel)" time="0.037" />
  <testcase classname="ptolemy.util.test.junit.AutoTests" name="[28] /home/travis/build/icyphy/ptII/ptolemy/actor/lib/hoc/test/auto/IterateOverArray13.xml (RunModel)" time="0.158" />
  <testcase classname="ptolemy.util.test.junit.AutoTests" name="[29] /home/travis/build/icyphy/ptII/ptolemy/actor/lib/hoc/test/auto/IterateOverArray14.xml (RunModel)" time="0.17" />
  <testcase classname="ptolemy.util.test.junit.AutoTests" name="[30] /home/travis/build/icyphy/ptII/ptolemy/actor/lib/hoc/test/auto/IterateOverArray2.xml (RunModel)" time="0.027" />
  <testcase classname="ptolemy.util.test.junit.AutoTests" name="[31] /home/travis/build/icyphy/ptII/ptolemy/actor/lib/hoc/test/auto/IterateOverArray3.xml (RunModel)" time="0.036" />
  <testcase classname="ptolemy.util.test.junit.AutoTests" name="[32] /home/travis/build/icyphy/ptII/ptolemy/actor/lib/hoc/test/auto/IterateOverArray4.xml (RunModel)" time="0.024" />
  <testcase classname="ptolemy.util.test.junit.AutoTests" name="[33] /home/travis/build/icyphy/ptII/ptolemy/actor/lib/hoc/test/auto/IterateOverArray5.xml (RunModel)" time="0.019" />
  <testcase classname="ptolemy.util.test.junit.AutoTests" name="[34] /home/travis/build/icyphy/ptII/ptolemy/actor/lib/hoc/test/auto/IterateOverArray6.xml (RunModel)" time="0.013" />
  <testcase classname="ptolemy.util.test.junit.AutoTests" name="[35] /home/travis/build/icyphy/ptII/ptolemy/actor/lib/hoc/test/auto/IterateOverArray7.xml (RunModel)" time="0.019" />
  <testcase classname="ptolemy.util.test.junit.AutoTests" name="[36] /home/travis/build/icyphy/ptII/ptolemy/actor/lib/hoc/test/auto/IterateOverArray8.xml (RunModel)" time="0.017" />
  <testcase classname="ptolemy.util.test.junit.AutoTests" name="[37] /home/travis/build/icyphy/ptII/ptolemy/actor/lib/hoc/test/auto/IterateOverArray9.xml (RunModel)" time="0.022" />
  <testcase classname="ptolemy.util.test.junit.AutoTests" name="[38] /home/travis/build/icyphy/ptII/ptolemy/actor/lib/hoc/test/auto/IterateOverArrayCoercedOutputType.xml (RunModel)" time="0.038" />
  <testcase classname="ptolemy.util.test.junit.AutoTests" name="[39] /home/travis/build/icyphy/ptII/ptolemy/actor/lib/hoc/test/auto/IterateOverArrayInferredOutputType.xml (RunModel)" time="0.028" />
  <testcase classname="ptolemy.util.test.junit.AutoTests" name="[40] /home/travis/build/icyphy/ptII/ptolemy/actor/lib/hoc/test/auto/MobileFunctionTest.xml (RunModel)" time="0.019" />
  <testcase classname="ptolemy.util.test.junit.AutoTests" name="[41] /home/travis/build/icyphy/ptII/ptolemy/actor/lib/hoc/test/auto/MobileModelTest.xml (RunModel)" time="0.172" />
  <testcase classname="ptolemy.util.test.junit.AutoTests" name="[42] /home/travis/build/icyphy/ptII/ptolemy/actor/lib/hoc/test/auto/ModelReference.xml (RunModel)" time="0.06" />
  <testcase classname="ptolemy.util.test.junit.AutoTests" name="[43] /home/travis/build/icyphy/ptII/ptolemy/actor/lib/hoc/test/auto/ModelReference3.xml (RunModel)" time="0.045" />
  <testcase classname="ptolemy.util.test.junit.AutoTests" name="[44] /home/travis/build/icyphy/ptII/ptolemy/actor/lib/hoc/test/auto/ModelReference4.xml (RunModel)" time="10.053" />
  <testcase classname="ptolemy.util.test.junit.AutoTests" name="[45] /home/travis/build/icyphy/ptII/ptolemy/actor/lib/hoc/test/auto/MultiInstanceComposite.xml (RunModel)" time="0.051" />
  <testcase classname="ptolemy.util.test.junit.AutoTests" name="[46] /home/travis/build/icyphy/ptII/ptolemy/actor/lib/hoc/test/auto/MultiInstanceComposite2.xml (RunModel)" time="0.032" />
  <testcase classname="ptolemy.util.test.junit.AutoTests" name="[47] /home/travis/build/icyphy/ptII/ptolemy/actor/lib/hoc/test/auto/MulticoreExecution.xml (RunModel)" time="1.118" />
  <testcase classname="ptolemy.util.test.junit.AutoTests" name="[48] /home/travis/build/icyphy/ptII/ptolemy/actor/lib/hoc/test/auto/ParallelExecution.xml (RunModel)" time="0.951" />
  <testcase classname="ptolemy.util.test.junit.AutoTests" name="[49] /home/travis/build/icyphy/ptII/ptolemy/actor/lib/hoc/test/auto/RunCompositeActor.xml (RunModel)" time="0.021" />
  <testcase classname="ptolemy.util.test.junit.AutoTests" name="[50] /home/travis/build/icyphy/ptII/ptolemy/actor/lib/hoc/test/auto/RunCompositeActor2.xml (RunModel)" time="0.022" />
  <testcase classname="ptolemy.util.test.junit.AutoTests" name="[51] /home/travis/build/icyphy/ptII/ptolemy/actor/lib/hoc/test/auto/RunCompositeActor3.xml (RunModel)" time="0.019" />
  <testcase classname="ptolemy.util.test.junit.AutoTests" name="[52] /home/travis/build/icyphy/ptII/ptolemy/actor/lib/hoc/test/auto/RunCompositeActor4.xml (RunModel)" time="0.023" />
  <testcase classname="ptolemy.util.test.junit.AutoTests" name="[53] /home/travis/build/icyphy/ptII/ptolemy/actor/lib/hoc/test/auto/RunCompositeIterateOverArray.xml (RunModel)" time="0.041" />
  <testcase classname="ptolemy.util.test.junit.AutoTests" name="[54] /home/travis/build/icyphy/ptII/ptolemy/actor/lib/hoc/test/auto/ThreadedJS.xml (RunModel)" time="11.281" />
  <system-out><![CDATA[/home/travis/build/icyphy/ptII/ptolemy/actor/lib/hoc/test/IterateOverArray.tcl
testDefs.tcl: setting time out to 9000 seconds at Fri Jul 12 05:51:05 UTC 2019
07/12/19 05:51:06
Failed: 0  Total Tests: 2  ((Passed: 2, Newly Passed: 0)  Known Failed: 0) /home/travis/build/icyphy/ptII/ptolemy/actor/lib/hoc/test
----------------- testing (KnownFailure) /home/travis/build/icyphy/ptII/ptolemy/actor/lib/hoc/test/auto/knownFailedTests/PreinitializeMustBeInvokedRunComposite.xml
133 ms. Memory: 120832K Free: 107697K (89%)
Known Failure: java.lang.reflect.InvocationTargetException
No auto/linux-amd64/*.xml tests in /home/travis/build/icyphy/ptII/ptolemy/actor/lib/hoc/test
AutoTests.java: About to close Vertx.
AutoTests.java: Vertx closed.

===========================================================================================
----------------- testing Fri Jul 12 05:51:06 UTC 2019 /home/travis/build/icyphy/ptII/ptolemy/actor/lib/hoc/test/auto/AllToAllMultiInstanceComposite.xml
----------------- Instantiating /home/travis/build/icyphy/ptII/ptolemy/actor/lib/hoc/test/auto/AllToAllMultiInstanceComposite.xml
200 ms. Memory: 167936K Free: 131752K (78%)
----------------- Invoking toplevel() on ptolemy.moml.MoMLSimpleApplication@41ffcee1
----------------- Done invoking toplevel() on ptolemy.moml.MoMLSimpleApplication@41ffcee1
reloadAllAccessors: .AllToAllMultiInstanceComposite

===========================================================================================
----------------- testing Fri Jul 12 05:51:07 UTC 2019 /home/travis/build/icyphy/ptII/ptolemy/actor/lib/hoc/test/auto/ApplyFFTTest.xml
----------------- Instantiating /home/travis/build/icyphy/ptII/ptolemy/actor/lib/hoc/test/auto/ApplyFFTTest.xml
172 ms. Memory: 167936K Free: 138111K (82%)
----------------- Invoking toplevel() on ptolemy.moml.MoMLSimpleApplication@744746e1
----------------- Done invoking toplevel() on ptolemy.moml.MoMLSimpleApplication@744746e1
reloadAllAccessors: .ApplyFFTTest

===========================================================================================
----------------- testing Fri Jul 12 05:51:07 UTC 2019 /home/travis/build/icyphy/ptII/ptolemy/actor/lib/hoc/test/auto/ApplyFunction.xml
----------------- Instantiating /home/travis/build/icyphy/ptII/ptolemy/actor/lib/hoc/test/auto/ApplyFunction.xml
6 ms. Memory: 167936K Free: 134766K (80%)
----------------- Invoking toplevel() on ptolemy.moml.MoMLSimpleApplication@49c27258
----------------- Done invoking toplevel() on ptolemy.moml.MoMLSimpleApplication@49c27258
reloadAllAccessors: .ApplyFunction

===========================================================================================
----------------- testing Fri Jul 12 05:51:07 UTC 2019 /home/travis/build/icyphy/ptII/ptolemy/actor/lib/hoc/test/auto/BackgroundExecution.xml
----------------- Instantiating /home/travis/build/icyphy/ptII/ptolemy/actor/lib/hoc/test/auto/BackgroundExecution.xml
633 ms. Memory: 167936K Free: 127598K (76%)
----------------- Invoking toplevel() on ptolemy.moml.MoMLSimpleApplication@5114648e
----------------- Done invoking toplevel() on ptolemy.moml.MoMLSimpleApplication@5114648e
reloadAllAccessors: .BackgroundExecution

===========================================================================================
----------------- testing Fri Jul 12 05:51:08 UTC 2019 /home/travis/build/icyphy/ptII/ptolemy/actor/lib/hoc/test/auto/Case.xml
----------------- Instantiating /home/travis/build/icyphy/ptII/ptolemy/actor/lib/hoc/test/auto/Case.xml
37 ms. Memory: 167936K Free: 120117K (72%)
----------------- Invoking toplevel() on ptolemy.moml.MoMLSimpleApplication@575d6ba6
----------------- Done invoking toplevel() on ptolemy.moml.MoMLSimpleApplication@575d6ba6
reloadAllAccessors: .Case

===========================================================================================
----------------- testing Fri Jul 12 05:51:08 UTC 2019 /home/travis/build/icyphy/ptII/ptolemy/actor/lib/hoc/test/auto/Case1.xml
----------------- Instantiating /home/travis/build/icyphy/ptII/ptolemy/actor/lib/hoc/test/auto/Case1.xml
22 ms. Memory: 167936K Free: 113974K (68%)
----------------- Invoking toplevel() on ptolemy.moml.MoMLSimpleApplication@7a7bebe8
----------------- Done invoking toplevel() on ptolemy.moml.MoMLSimpleApplication@7a7bebe8
reloadAllAccessors: .Case1

===========================================================================================
----------------- testing Fri Jul 12 05:51:08 UTC 2019 /home/travis/build/icyphy/ptII/ptolemy/actor/lib/hoc/test/auto/Case2.xml
----------------- Instantiating /home/travis/build/icyphy/ptII/ptolemy/actor/lib/hoc/test/auto/Case2.xml
43 ms. Memory: 167936K Free: 145125K (86%)
----------------- Invoking toplevel() on ptolemy.moml.MoMLSimpleApplication@79e1c26b
----------------- Done invoking toplevel() on ptolemy.moml.MoMLSimpleApplication@79e1c26b
reloadAllAccessors: .Case2

===========================================================================================
----------------- testing Fri Jul 12 05:51:08 UTC 2019 /home/travis/build/icyphy/ptII/ptolemy/actor/lib/hoc/test/auto/Case3.xml
----------------- Instantiating /home/travis/build/icyphy/ptII/ptolemy/actor/lib/hoc/test/auto/Case3.xml
12 ms. Memory: 167936K Free: 138537K (82%)
----------------- Invoking toplevel() on ptolemy.moml.MoMLSimpleApplication@a95dd21
----------------- Done invoking toplevel() on ptolemy.moml.MoMLSimpleApplication@a95dd21
reloadAllAccessors: .Case3

===========================================================================================
----------------- testing Fri Jul 12 05:51:08 UTC 2019 /home/travis/build/icyphy/ptII/ptolemy/actor/lib/hoc/test/auto/Case4.xml
----------------- Instantiating /home/travis/build/icyphy/ptII/ptolemy/actor/lib/hoc/test/auto/Case4.xml
9 ms. Memory: 167936K Free: 131369K (78%)
----------------- Invoking toplevel() on ptolemy.moml.MoMLSimpleApplication@42b4a2dd
----------------- Done invoking toplevel() on ptolemy.moml.MoMLSimpleApplication@42b4a2dd
reloadAllAccessors: .Case4

===========================================================================================
----------------- testing Fri Jul 12 05:51:08 UTC 2019 /home/travis/build/icyphy/ptII/ptolemy/actor/lib/hoc/test/auto/Case5.xml
----------------- Instantiating /home/travis/build/icyphy/ptII/ptolemy/actor/lib/hoc/test/auto/Case5.xml
28 ms. Memory: 167936K Free: 125211K (75%)
----------------- Invoking toplevel() on ptolemy.moml.MoMLSimpleApplication@3166202e
----------------- Done invoking toplevel() on ptolemy.moml.MoMLSimpleApplication@3166202e
reloadAllAccessors: .junk

===========================================================================================
----------------- testing Fri Jul 12 05:51:08 UTC 2019 /home/travis/build/icyphy/ptII/ptolemy/actor/lib/hoc/test/auto/Case6.xml
----------------- Instantiating /home/travis/build/icyphy/ptII/ptolemy/actor/lib/hoc/test/auto/Case6.xml
51 ms. Memory: 167936K Free: 113826K (68%)
----------------- Invoking toplevel() on ptolemy.moml.MoMLSimpleApplication@65802f86
----------------- Done invoking toplevel() on ptolemy.moml.MoMLSimpleApplication@65802f86
reloadAllAccessors: .Case6

===========================================================================================
----------------- testing Fri Jul 12 05:51:09 UTC 2019 /home/travis/build/icyphy/ptII/ptolemy/actor/lib/hoc/test/auto/CaseString2.xml
----------------- Instantiating /home/travis/build/icyphy/ptII/ptolemy/actor/lib/hoc/test/auto/CaseString2.xml
15 ms. Memory: 167936K Free: 105739K (63%)
----------------- Invoking toplevel() on ptolemy.moml.MoMLSimpleApplication@7ca005dc
----------------- Done invoking toplevel() on ptolemy.moml.MoMLSimpleApplication@7ca005dc
reloadAllAccessors: .CaseString2

===========================================================================================
----------------- testing Fri Jul 12 05:51:09 UTC 2019 /home/travis/build/icyphy/ptII/ptolemy/actor/lib/hoc/test/auto/CatchUpComposite1.xml
----------------- Instantiating /home/travis/build/icyphy/ptII/ptolemy/actor/lib/hoc/test/auto/CatchUpComposite1.xml
46 ms. Memory: 167936K Free: 96553K (57%)
----------------- Invoking toplevel() on ptolemy.moml.MoMLSimpleApplication@1840e945
----------------- Done invoking toplevel() on ptolemy.moml.MoMLSimpleApplication@1840e945
reloadAllAccessors: .CatchUpComposite1

===========================================================================================
----------------- testing Fri Jul 12 05:51:09 UTC 2019 /home/travis/build/icyphy/ptII/ptolemy/actor/lib/hoc/test/auto/CatchUpComposite2.xml
----------------- Instantiating /home/travis/build/icyphy/ptII/ptolemy/actor/lib/hoc/test/auto/CatchUpComposite2.xml
18 ms. Memory: 167936K Free: 88361K (53%)
----------------- Invoking toplevel() on ptolemy.moml.MoMLSimpleApplication@30030a78
----------------- Done invoking toplevel() on ptolemy.moml.MoMLSimpleApplication@30030a78
reloadAllAccessors: .CatchUpComposite2

===========================================================================================
----------------- testing Fri Jul 12 05:51:09 UTC 2019 /home/travis/build/icyphy/ptII/ptolemy/actor/lib/hoc/test/auto/CatchUpComposite3.xml
----------------- Instantiating /home/travis/build/icyphy/ptII/ptolemy/actor/lib/hoc/test/auto/CatchUpComposite3.xml
15 ms. Memory: 167936K Free: 146035K (87%)
----------------- Invoking toplevel() on ptolemy.moml.MoMLSimpleApplication@5436f035
----------------- Done invoking toplevel() on ptolemy.moml.MoMLSimpleApplication@5436f035
reloadAllAccessors: .CatchUpComposite3

===========================================================================================
----------------- testing Fri Jul 12 05:51:09 UTC 2019 /home/travis/build/icyphy/ptII/ptolemy/actor/lib/hoc/test/auto/CatchUpComposite4.xml
----------------- Instantiating /home/travis/build/icyphy/ptII/ptolemy/actor/lib/hoc/test/auto/CatchUpComposite4.xml
19 ms. Memory: 167936K Free: 137813K (82%)
----------------- Invoking toplevel() on ptolemy.moml.MoMLSimpleApplication@68bdc03f
----------------- Done invoking toplevel() on ptolemy.moml.MoMLSimpleApplication@68bdc03f
reloadAllAccessors: .CatchUpComposite4

===========================================================================================
----------------- testing Fri Jul 12 05:51:09 UTC 2019 /home/travis/build/icyphy/ptII/ptolemy/actor/lib/hoc/test/auto/CatchUpComposite5.xml
----------------- Instantiating /home/travis/build/icyphy/ptII/ptolemy/actor/lib/hoc/test/auto/CatchUpComposite5.xml
10 ms. Memory: 167936K Free: 130165K (78%)
----------------- Invoking toplevel() on ptolemy.moml.MoMLSimpleApplication@753b1f24
----------------- Done invoking toplevel() on ptolemy.moml.MoMLSimpleApplication@753b1f24
reloadAllAccessors: .CatchUpComposite5

===========================================================================================
----------------- testing Fri Jul 12 05:51:09 UTC 2019 /home/travis/build/icyphy/ptII/ptolemy/actor/lib/hoc/test/auto/CatchUpComposite6.xml
----------------- Instantiating /home/travis/build/icyphy/ptII/ptolemy/actor/lib/hoc/test/auto/CatchUpComposite6.xml
WARNING: The execution aspects in this model can influence the timing of actors by delaying the 
execution, potentially changing the behavior. There is no guarantee that actors fire at the 
time they request to be fired. 
Use Ptides for deterministic DE behavior that is not influenced by execution aspects. 

56 ms. Memory: 167936K Free: 115315K (69%)
----------------- Invoking toplevel() on ptolemy.moml.MoMLSimpleApplication@5b9aaee3
----------------- Done invoking toplevel() on ptolemy.moml.MoMLSimpleApplication@5b9aaee3
reloadAllAccessors: .CatchUpComposite6

===========================================================================================
----------------- testing Fri Jul 12 05:51:09 UTC 2019 /home/travis/build/icyphy/ptII/ptolemy/actor/lib/hoc/test/auto/CatchUpComposite7.xml
----------------- Instantiating /home/travis/build/icyphy/ptII/ptolemy/actor/lib/hoc/test/auto/CatchUpComposite7.xml
WARNING: The execution aspects in this model can influence the timing of actors by delaying the 
execution, potentially changing the behavior. There is no guarantee that actors fire at the 
time they request to be fired. 
Use Ptides for deterministic DE behavior that is not influenced by execution aspects. 

47 ms. Memory: 167936K Free: 102003K (61%)
----------------- Invoking toplevel() on ptolemy.moml.MoMLSimpleApplication@7b912343
----------------- Done invoking toplevel() on ptolemy.moml.MoMLSimpleApplication@7b912343
reloadAllAccessors: .CatchUpComposite7

===========================================================================================
----------------- testing Fri Jul 12 05:51:09 UTC 2019 /home/travis/build/icyphy/ptII/ptolemy/actor/lib/hoc/test/auto/ConcurrentExecutionTimeSDF.xml
----------------- Instantiating /home/travis/build/icyphy/ptII/ptolemy/actor/lib/hoc/test/auto/ConcurrentExecutionTimeSDF.xml
Fired ExecutionTime: 40400000
Fired ExecutionTime: 40400000
Fired ExecutionTime: 40400000
Fired ExecutionTime: 40400000
Fired ExecutionTime: 40400000
Fired ExecutionTime: 40400000
Fired ExecutionTime: 40400000
Fired ExecutionTime: 40400000
Fired ExecutionTime: 40400000
Fired ExecutionTime: 40400000
Fired ExecutionTime: 40400000
Fired ExecutionTime: 40400000
Fired ExecutionTime: 40400000
Fired ExecutionTime: 40400000
Fired ExecutionTime: 40400000
Fired ExecutionTime: 40400000
Fired ExecutionTime: 40400000
Fired ExecutionTime: 40400000
Fired ExecutionTime: 40400000
Fired ExecutionTime: 40400000
1433 ms. Memory: 167936K Free: 94835K (56%)
----------------- Invoking toplevel() on ptolemy.moml.MoMLSimpleApplication@4f066fda
----------------- Done invoking toplevel() on ptolemy.moml.MoMLSimpleApplication@4f066fda
reloadAllAccessors: .ConcurrentExecutionTimeSDF

===========================================================================================
----------------- testing Fri Jul 12 05:51:11 UTC 2019 /home/travis/build/icyphy/ptII/ptolemy/actor/lib/hoc/test/auto/ConcurrentSleep.xml
----------------- Instantiating /home/travis/build/icyphy/ptII/ptolemy/actor/lib/hoc/test/auto/ConcurrentSleep.xml
734 ms. Memory: 167936K Free: 83571K (50%)
----------------- Invoking toplevel() on ptolemy.moml.MoMLSimpleApplication@3a59a7db
----------------- Done invoking toplevel() on ptolemy.moml.MoMLSimpleApplication@3a59a7db
reloadAllAccessors: .ConcurrentSleep

===========================================================================================
----------------- testing Fri Jul 12 05:51:12 UTC 2019 /home/travis/build/icyphy/ptII/ptolemy/actor/lib/hoc/test/auto/DEInPNInRunCompositeActor.xml
----------------- Instantiating /home/travis/build/icyphy/ptII/ptolemy/actor/lib/hoc/test/auto/DEInPNInRunCompositeActor.xml
12 ms. Memory: 167936K Free: 76917K (46%)
----------------- Invoking toplevel() on ptolemy.moml.MoMLSimpleApplication@5243a4c3
----------------- Done invoking toplevel() on ptolemy.moml.MoMLSimpleApplication@5243a4c3
reloadAllAccessors: .DEInPNInRunCompositeActor

===========================================================================================
----------------- testing Fri Jul 12 05:51:12 UTC 2019 /home/travis/build/icyphy/ptII/ptolemy/actor/lib/hoc/test/auto/DFTSubSetTest.xml
----------------- Instantiating /home/travis/build/icyphy/ptII/ptolemy/actor/lib/hoc/test/auto/DFTSubSetTest.xml
192 ms. Memory: 215040K Free: 164955K (77%)
----------------- Invoking toplevel() on ptolemy.moml.MoMLSimpleApplication@423bd3c
----------------- Done invoking toplevel() on ptolemy.moml.MoMLSimpleApplication@423bd3c
reloadAllAccessors: .DFTSubSetTest

===========================================================================================
----------------- testing Fri Jul 12 05:51:12 UTC 2019 /home/travis/build/icyphy/ptII/ptolemy/actor/lib/hoc/test/auto/HocDE.xml
----------------- Instantiating /home/travis/build/icyphy/ptII/ptolemy/actor/lib/hoc/test/auto/HocDE.xml
130 ms. Memory: 215040K Free: 139869K (65%)
----------------- Invoking toplevel() on ptolemy.moml.MoMLSimpleApplication@57c4f112
----------------- Done invoking toplevel() on ptolemy.moml.MoMLSimpleApplication@57c4f112
reloadAllAccessors: .HocDE

===========================================================================================
----------------- testing Fri Jul 12 05:51:12 UTC 2019 /home/travis/build/icyphy/ptII/ptolemy/actor/lib/hoc/test/auto/IterateOverArray.xml
----------------- Instantiating /home/travis/build/icyphy/ptII/ptolemy/actor/lib/hoc/test/auto/IterateOverArray.xml
9 ms. Memory: 215040K Free: 135259K (63%)
----------------- Invoking toplevel() on ptolemy.moml.MoMLSimpleApplication@1757968d
----------------- Done invoking toplevel() on ptolemy.moml.MoMLSimpleApplication@1757968d
reloadAllAccessors: .IterateOverArray

===========================================================================================
----------------- testing Fri Jul 12 05:51:12 UTC 2019 /home/travis/build/icyphy/ptII/ptolemy/actor/lib/hoc/test/auto/IterateOverArray10.xml
----------------- Instantiating /home/travis/build/icyphy/ptII/ptolemy/actor/lib/hoc/test/auto/IterateOverArray10.xml
3 ms. Memory: 215040K Free: 132187K (61%)
----------------- Invoking toplevel() on ptolemy.moml.MoMLSimpleApplication@715b75cb
----------------- Done invoking toplevel() on ptolemy.moml.MoMLSimpleApplication@715b75cb
reloadAllAccessors: .IterateOverArray10

===========================================================================================
----------------- testing Fri Jul 12 05:51:12 UTC 2019 /home/travis/build/icyphy/ptII/ptolemy/actor/lib/hoc/test/auto/IterateOverArray11.xml
----------------- Instantiating /home/travis/build/icyphy/ptII/ptolemy/actor/lib/hoc/test/auto/IterateOverArray11.xml
4 ms. Memory: 215040K Free: 128091K (60%)
----------------- Invoking toplevel() on ptolemy.moml.MoMLSimpleApplication@3a7fa894
----------------- Done invoking toplevel() on ptolemy.moml.MoMLSimpleApplication@3a7fa894
reloadAllAccessors: .IterateOverArray11

===========================================================================================
----------------- testing Fri Jul 12 05:51:12 UTC 2019 /home/travis/build/icyphy/ptII/ptolemy/actor/lib/hoc/test/auto/IterateOverArray12.xml
----------------- Instantiating /home/travis/build/icyphy/ptII/ptolemy/actor/lib/hoc/test/auto/IterateOverArray12.xml
16 ms. Memory: 215040K Free: 122461K (57%)
----------------- Invoking toplevel() on ptolemy.moml.MoMLSimpleApplication@39b7c801
----------------- Done invoking toplevel() on ptolemy.moml.MoMLSimpleApplication@39b7c801
reloadAllAccessors: .IterateOverArray12

===========================================================================================
----------------- testing Fri Jul 12 05:51:12 UTC 2019 /home/travis/build/icyphy/ptII/ptolemy/actor/lib/hoc/test/auto/IterateOverArray13.xml
----------------- Instantiating /home/travis/build/icyphy/ptII/ptolemy/actor/lib/hoc/test/auto/IterateOverArray13.xml
72 ms. Memory: 215040K Free: 96347K (45%)
----------------- Invoking toplevel() on ptolemy.moml.MoMLSimpleApplication@5983836a
----------------- Done invoking toplevel() on ptolemy.moml.MoMLSimpleApplication@5983836a
reloadAllAccessors: .IterateOverArray13

===========================================================================================
----------------- testing Fri Jul 12 05:51:12 UTC 2019 /home/travis/build/icyphy/ptII/ptolemy/actor/lib/hoc/test/auto/IterateOverArray14.xml
----------------- Instantiating /home/travis/build/icyphy/ptII/ptolemy/actor/lib/hoc/test/auto/IterateOverArray14.xml
68 ms. Memory: 215040K Free: 171491K (80%)
----------------- Invoking toplevel() on ptolemy.moml.MoMLSimpleApplication@41d696cb
----------------- Done invoking toplevel() on ptolemy.moml.MoMLSimpleApplication@41d696cb
reloadAllAccessors: .IterateOverArray14

===========================================================================================
----------------- testing Fri Jul 12 05:51:12 UTC 2019 /home/travis/build/icyphy/ptII/ptolemy/actor/lib/hoc/test/auto/IterateOverArray2.xml
----------------- Instantiating /home/travis/build/icyphy/ptII/ptolemy/actor/lib/hoc/test/auto/IterateOverArray2.xml
7 ms. Memory: 215040K Free: 166885K (78%)
----------------- Invoking toplevel() on ptolemy.moml.MoMLSimpleApplication@3ddf5e25
----------------- Done invoking toplevel() on ptolemy.moml.MoMLSimpleApplication@3ddf5e25
reloadAllAccessors: .IterateOverArray2

===========================================================================================
----------------- testing Fri Jul 12 05:51:13 UTC 2019 /home/travis/build/icyphy/ptII/ptolemy/actor/lib/hoc/test/auto/IterateOverArray3.xml
----------------- Instantiating /home/travis/build/icyphy/ptII/ptolemy/actor/lib/hoc/test/auto/IterateOverArray3.xml
13 ms. Memory: 215040K Free: 160741K (75%)
----------------- Invoking toplevel() on ptolemy.moml.MoMLSimpleApplication@6f123d26
----------------- Done invoking toplevel() on ptolemy.moml.MoMLSimpleApplication@6f123d26
reloadAllAccessors: .IterateOverArray3

===========================================================================================
----------------- testing Fri Jul 12 05:51:13 UTC 2019 /home/travis/build/icyphy/ptII/ptolemy/actor/lib/hoc/test/auto/IterateOverArray4.xml
----------------- Instantiating /home/travis/build/icyphy/ptII/ptolemy/actor/lib/hoc/test/auto/IterateOverArray4.xml
4 ms. Memory: 215040K Free: 156645K (73%)
----------------- Invoking toplevel() on ptolemy.moml.MoMLSimpleApplication@31763abe
----------------- Done invoking toplevel() on ptolemy.moml.MoMLSimpleApplication@31763abe
reloadAllAccessors: .IterateOverArray4

===========================================================================================
----------------- testing Fri Jul 12 05:51:13 UTC 2019 /home/travis/build/icyphy/ptII/ptolemy/actor/lib/hoc/test/auto/IterateOverArray5.xml
----------------- Instantiating /home/travis/build/icyphy/ptII/ptolemy/actor/lib/hoc/test/auto/IterateOverArray5.xml
3 ms. Memory: 215040K Free: 152549K (71%)
----------------- Invoking toplevel() on ptolemy.moml.MoMLSimpleApplication@41bc0b2f
----------------- Done invoking toplevel() on ptolemy.moml.MoMLSimpleApplication@41bc0b2f
reloadAllAccessors: .IterateOverArray5

===========================================================================================
----------------- testing Fri Jul 12 05:51:13 UTC 2019 /home/travis/build/icyphy/ptII/ptolemy/actor/lib/hoc/test/auto/IterateOverArray6.xml
----------------- Instantiating /home/travis/build/icyphy/ptII/ptolemy/actor/lib/hoc/test/auto/IterateOverArray6.xml
3 ms. Memory: 215040K Free: 149477K (70%)
----------------- Invoking toplevel() on ptolemy.moml.MoMLSimpleApplication@c179
----------------- Done invoking toplevel() on ptolemy.moml.MoMLSimpleApplication@c179
reloadAllAccessors: .IterateOverArray6

===========================================================================================
----------------- testing Fri Jul 12 05:51:13 UTC 2019 /home/travis/build/icyphy/ptII/ptolemy/actor/lib/hoc/test/auto/IterateOverArray7.xml
----------------- Instantiating /home/travis/build/icyphy/ptII/ptolemy/actor/lib/hoc/test/auto/IterateOverArray7.xml
3 ms. Memory: 215040K Free: 144867K (67%)
----------------- Invoking toplevel() on ptolemy.moml.MoMLSimpleApplication@674e3bb5
----------------- Done invoking toplevel() on ptolemy.moml.MoMLSimpleApplication@674e3bb5
reloadAllAccessors: .IterateOverArray7

===========================================================================================
----------------- testing Fri Jul 12 05:51:13 UTC 2019 /home/travis/build/icyphy/ptII/ptolemy/actor/lib/hoc/test/auto/IterateOverArray8.xml
----------------- Instantiating /home/travis/build/icyphy/ptII/ptolemy/actor/lib/hoc/test/auto/IterateOverArray8.xml
4 ms. Memory: 215040K Free: 140771K (65%)
----------------- Invoking toplevel() on ptolemy.moml.MoMLSimpleApplication@305c2222
----------------- Done invoking toplevel() on ptolemy.moml.MoMLSimpleApplication@305c2222
reloadAllAccessors: .IterateOverArray8

===========================================================================================
----------------- testing Fri Jul 12 05:51:13 UTC 2019 /home/travis/build/icyphy/ptII/ptolemy/actor/lib/hoc/test/auto/IterateOverArray9.xml
----------------- Instantiating /home/travis/build/icyphy/ptII/ptolemy/actor/lib/hoc/test/auto/IterateOverArray9.xml
5 ms. Memory: 215040K Free: 136675K (64%)
----------------- Invoking toplevel() on ptolemy.moml.MoMLSimpleApplication@48f230bb
----------------- Done invoking toplevel() on ptolemy.moml.MoMLSimpleApplication@48f230bb
reloadAllAccessors: .IterateOverArray9

===========================================================================================
----------------- testing Fri Jul 12 05:51:13 UTC 2019 /home/travis/build/icyphy/ptII/ptolemy/actor/lib/hoc/test/auto/IterateOverArrayCoercedOutputType.xml
----------------- Instantiating /home/travis/build/icyphy/ptII/ptolemy/actor/lib/hoc/test/auto/IterateOverArrayCoercedOutputType.xml
7 ms. Memory: 215040K Free: 131555K (61%)
----------------- Invoking toplevel() on ptolemy.moml.MoMLSimpleApplication@5715928f
----------------- Done invoking toplevel() on ptolemy.moml.MoMLSimpleApplication@5715928f
reloadAllAccessors: .IterateOverArrayCoercedOutputType

===========================================================================================
----------------- testing Fri Jul 12 05:51:13 UTC 2019 /home/travis/build/icyphy/ptII/ptolemy/actor/lib/hoc/test/auto/IterateOverArrayInferredOutputType.xml
----------------- Instantiating /home/travis/build/icyphy/ptII/ptolemy/actor/lib/hoc/test/auto/IterateOverArrayInferredOutputType.xml
7 ms. Memory: 215040K Free: 126949K (59%)
----------------- Invoking toplevel() on ptolemy.moml.MoMLSimpleApplication@15781c67
----------------- Done invoking toplevel() on ptolemy.moml.MoMLSimpleApplication@15781c67
reloadAllAccessors: .IterateOverArrayInferredOutputType

===========================================================================================
----------------- testing Fri Jul 12 05:51:13 UTC 2019 /home/travis/build/icyphy/ptII/ptolemy/actor/lib/hoc/test/auto/MobileFunctionTest.xml
----------------- Instantiating /home/travis/build/icyphy/ptII/ptolemy/actor/lib/hoc/test/auto/MobileFunctionTest.xml
4 ms. Memory: 215040K Free: 122853K (57%)
----------------- Invoking toplevel() on ptolemy.moml.MoMLSimpleApplication@67550865
----------------- Done invoking toplevel() on ptolemy.moml.MoMLSimpleApplication@67550865
reloadAllAccessors: .MobileFunctionTest

===========================================================================================
----------------- testing Fri Jul 12 05:51:13 UTC 2019 /home/travis/build/icyphy/ptII/ptolemy/actor/lib/hoc/test/auto/MobileModelTest.xml
----------------- Instantiating /home/travis/build/icyphy/ptII/ptolemy/actor/lib/hoc/test/auto/MobileModelTest.xml
144 ms. Memory: 215040K Free: 101845K (47%)
----------------- Invoking toplevel() on ptolemy.moml.MoMLSimpleApplication@26600e23
----------------- Done invoking toplevel() on ptolemy.moml.MoMLSimpleApplication@26600e23
reloadAllAccessors: .MobileModelTest

===========================================================================================
----------------- testing Fri Jul 12 05:51:13 UTC 2019 /home/travis/build/icyphy/ptII/ptolemy/actor/lib/hoc/test/auto/ModelReference.xml
----------------- Instantiating /home/travis/build/icyphy/ptII/ptolemy/actor/lib/hoc/test/auto/ModelReference.xml
6 ms. Memory: 215040K Free: 95205K (44%)
2 ms. Memory: 215040K Free: 94661K (44%)
2 ms. Memory: 215040K Free: 93653K (44%)
2 ms. Memory: 215040K Free: 92629K (43%)
2 ms. Memory: 215040K Free: 92133K (43%)
2 ms. Memory: 215040K Free: 91109K (42%)
2 ms. Memory: 215040K Free: 90565K (42%)
2 ms. Memory: 215040K Free: 89557K (42%)
3 ms. Memory: 215040K Free: 88533K (41%)
2 ms. Memory: 215040K Free: 88037K (41%)
31 ms. Memory: 215040K Free: 88037K (41%)
----------------- Invoking toplevel() on ptolemy.moml.MoMLSimpleApplication@c341acc
----------------- Done invoking toplevel() on ptolemy.moml.MoMLSimpleApplication@c341acc
reloadAllAccessors: .ModelReference

===========================================================================================
----------------- testing Fri Jul 12 05:51:13 UTC 2019 /home/travis/build/icyphy/ptII/ptolemy/actor/lib/hoc/test/auto/ModelReference3.xml
----------------- Instantiating /home/travis/build/icyphy/ptII/ptolemy/actor/lib/hoc/test/auto/ModelReference3.xml
2 ms. Memory: 215040K Free: 83413K (39%)
3 ms. Memory: 215040K Free: 82917K (39%)
1 ms. Memory: 215040K Free: 81893K (38%)
4 ms. Memory: 215040K Free: 81373K (38%)
3 ms. Memory: 215040K Free: 80325K (37%)
1 ms. Memory: 215040K Free: 79301K (37%)
3 ms. Memory: 215040K Free: 78821K (37%)
4 ms. Memory: 215040K Free: 77797K (36%)
2 ms. Memory: 215040K Free: 77253K (36%)
2 ms. Memory: 215040K Free: 76245K (35%)
32 ms. Memory: 215040K Free: 76245K (35%)
----------------- Invoking toplevel() on ptolemy.moml.MoMLSimpleApplication@2b8b2fe0
----------------- Done invoking toplevel() on ptolemy.moml.MoMLSimpleApplication@2b8b2fe0
reloadAllAccessors: .ModelReference3

===========================================================================================
----------------- testing Fri Jul 12 05:51:13 UTC 2019 /home/travis/build/icyphy/ptII/ptolemy/actor/lib/hoc/test/auto/ModelReference4.xml
----------------- Instantiating /home/travis/build/icyphy/ptII/ptolemy/actor/lib/hoc/test/auto/ModelReference4.xml
2 ms. Memory: 215040K Free: 194565K (90%)
2 ms. Memory: 215040K Free: 193021K (90%)
2 ms. Memory: 215040K Free: 191989K (89%)
2 ms. Memory: 215040K Free: 190973K (89%)
2 ms. Memory: 215040K Free: 188925K (88%)
2 ms. Memory: 215040K Free: 187893K (87%)
2 ms. Memory: 215040K Free: 186373K (87%)
6 ms. Memory: 215040K Free: 185349K (86%)
2 ms. Memory: 215040K Free: 184325K (86%)
6 ms. Memory: 215040K Free: 182787K (85%)
10017 ms. Memory: 215040K Free: 182787K (85%)
----------------- Invoking toplevel() on ptolemy.moml.MoMLSimpleApplication@74a3e2f8
----------------- Done invoking toplevel() on ptolemy.moml.MoMLSimpleApplication@74a3e2f8
reloadAllAccessors: .ModelReference4

===========================================================================================
----------------- testing Fri Jul 12 05:51:23 UTC 2019 /home/travis/build/icyphy/ptII/ptolemy/actor/lib/hoc/test/auto/MultiInstanceComposite.xml
----------------- Instantiating /home/travis/build/icyphy/ptII/ptolemy/actor/lib/hoc/test/auto/MultiInstanceComposite.xml
26 ms. Memory: 215040K Free: 163845K (76%)
----------------- Invoking toplevel() on ptolemy.moml.MoMLSimpleApplication@1888cc03
----------------- Done invoking toplevel() on ptolemy.moml.MoMLSimpleApplication@1888cc03
reloadAllAccessors: .MultiInstanceComposite

===========================================================================================
----------------- testing Fri Jul 12 05:51:23 UTC 2019 /home/travis/build/icyphy/ptII/ptolemy/actor/lib/hoc/test/auto/MultiInstanceComposite2.xml
----------------- Instantiating /home/travis/build/icyphy/ptII/ptolemy/actor/lib/hoc/test/auto/MultiInstanceComposite2.xml
16 ms. Memory: 215040K Free: 152581K (71%)
----------------- Invoking toplevel() on ptolemy.moml.MoMLSimpleApplication@6f0744ad
----------------- Done invoking toplevel() on ptolemy.moml.MoMLSimpleApplication@6f0744ad
reloadAllAccessors: .MultiInstanceComposite2

===========================================================================================
----------------- testing Fri Jul 12 05:51:23 UTC 2019 /home/travis/build/icyphy/ptII/ptolemy/actor/lib/hoc/test/auto/MulticoreExecution.xml
----------------- Instantiating /home/travis/build/icyphy/ptII/ptolemy/actor/lib/hoc/test/auto/MulticoreExecution.xml
Fired ExecutionTime: 3200000
Fired ExecutionTime: 2400000
Fired ExecutionTime: 2000000
Fired ExecutionTime: 3600000
Fired ExecutionTime: 3600000
Fired ExecutionTime: 2000000
Fired ExecutionTime: 56400000
Fired ExecutionTime: 76000000
Fired ExecutionTime: 88800000
Fired ExecutionTime: 87600000
Fired ExecutionTime: 92000000
Fired ExecutionTime: 47600000
Fired ExecutionTime: 59600000
Fired ExecutionTime: 54400000
Fired ExecutionTime: 82000000
Fired ExecutionTime: 58000000
Fired ExecutionTime: 68400000
Fired ExecutionTime: 69200000
Fired ExecutionTime: 95200000
Fired ExecutionTime: 120400000
1095 ms. Memory: 215040K Free: 143365K (67%)
----------------- Invoking toplevel() on ptolemy.moml.MoMLSimpleApplication@59e352d7
----------------- Done invoking toplevel() on ptolemy.moml.MoMLSimpleApplication@59e352d7
reloadAllAccessors: .MulticoreExecution

===========================================================================================
----------------- testing Fri Jul 12 05:51:24 UTC 2019 /home/travis/build/icyphy/ptII/ptolemy/actor/lib/hoc/test/auto/ParallelExecution.xml
----------------- Instantiating /home/travis/build/icyphy/ptII/ptolemy/actor/lib/hoc/test/auto/ParallelExecution.xml
924 ms. Memory: 215040K Free: 135683K (63%)
----------------- Invoking toplevel() on ptolemy.moml.MoMLSimpleApplication@4e5bc1de
----------------- Done invoking toplevel() on ptolemy.moml.MoMLSimpleApplication@4e5bc1de
reloadAllAccessors: .ParallelExecution

===========================================================================================
----------------- testing Fri Jul 12 05:51:25 UTC 2019 /home/travis/build/icyphy/ptII/ptolemy/actor/lib/hoc/test/auto/RunCompositeActor.xml
----------------- Instantiating /home/travis/build/icyphy/ptII/ptolemy/actor/lib/hoc/test/auto/RunCompositeActor.xml
7 ms. Memory: 215040K Free: 128501K (60%)
----------------- Invoking toplevel() on ptolemy.moml.MoMLSimpleApplication@436a2ca3
----------------- Done invoking toplevel() on ptolemy.moml.MoMLSimpleApplication@436a2ca3
reloadAllAccessors: .RunCompositeActor

===========================================================================================
----------------- testing Fri Jul 12 05:51:25 UTC 2019 /home/travis/build/icyphy/ptII/ptolemy/actor/lib/hoc/test/auto/RunCompositeActor2.xml
----------------- Instantiating /home/travis/build/icyphy/ptII/ptolemy/actor/lib/hoc/test/auto/RunCompositeActor2.xml
8 ms. Memory: 215040K Free: 122357K (57%)
----------------- Invoking toplevel() on ptolemy.moml.MoMLSimpleApplication@615ae3ff
----------------- Done invoking toplevel() on ptolemy.moml.MoMLSimpleApplication@615ae3ff
reloadAllAccessors: .RunCompositeActor2

===========================================================================================
----------------- testing Fri Jul 12 05:51:25 UTC 2019 /home/travis/build/icyphy/ptII/ptolemy/actor/lib/hoc/test/auto/RunCompositeActor3.xml
----------------- Instantiating /home/travis/build/icyphy/ptII/ptolemy/actor/lib/hoc/test/auto/RunCompositeActor3.xml
3 ms. Memory: 215040K Free: 117251K (55%)
----------------- Invoking toplevel() on ptolemy.moml.MoMLSimpleApplication@7ed04956
----------------- Done invoking toplevel() on ptolemy.moml.MoMLSimpleApplication@7ed04956
reloadAllAccessors: .RunCompositeActor3

===========================================================================================
----------------- testing Fri Jul 12 05:51:25 UTC 2019 /home/travis/build/icyphy/ptII/ptolemy/actor/lib/hoc/test/auto/RunCompositeActor4.xml
----------------- Instantiating /home/travis/build/icyphy/ptII/ptolemy/actor/lib/hoc/test/auto/RunCompositeActor4.xml
9 ms. Memory: 215040K Free: 109053K (51%)
----------------- Invoking toplevel() on ptolemy.moml.MoMLSimpleApplication@6f38fe2b
----------------- Done invoking toplevel() on ptolemy.moml.MoMLSimpleApplication@6f38fe2b
reloadAllAccessors: .RunCompositeActor4

===========================================================================================
----------------- testing Fri Jul 12 05:51:25 UTC 2019 /home/travis/build/icyphy/ptII/ptolemy/actor/lib/hoc/test/auto/RunCompositeIterateOverArray.xml
----------------- Instantiating /home/travis/build/icyphy/ptII/ptolemy/actor/lib/hoc/test/auto/RunCompositeIterateOverArray.xml
4 ms. Memory: 215040K Free: 102915K (48%)
----------------- Invoking toplevel() on ptolemy.moml.MoMLSimpleApplication@51bebc80
----------------- Done invoking toplevel() on ptolemy.moml.MoMLSimpleApplication@51bebc80
reloadAllAccessors: .RunCompositeIterateOverArray

===========================================================================================
----------------- testing Fri Jul 12 05:51:25 UTC 2019 /home/travis/build/icyphy/ptII/ptolemy/actor/lib/hoc/test/auto/ThreadedJS.xml
----------------- Instantiating /home/travis/build/icyphy/ptII/ptolemy/actor/lib/hoc/test/auto/ThreadedJS.xml
5421 ms. Memory: 310272K Free: 140598K (45%)
----------------- Invoking toplevel() on ptolemy.moml.MoMLSimpleApplication@4fd6eb20
----------------- Done invoking toplevel() on ptolemy.moml.MoMLSimpleApplication@4fd6eb20
reloadAllAccessors: .ThreadedJS
AutoTests.java: About to close Vertx.
AutoTests.java: Vertx closed.
]]></system-out>
  <system-err><![CDATA[java.lang.RuntimeException: Execution failed
	at ptolemy.moml.MoMLSimpleApplication$UnloadThread.run(MoMLSimpleApplication.java:402)
Caused by: ptolemy.kernel.util.IllegalActionException: initialize() was called after wrapup() was called but preinitialize() was not called after wrapup().
	at ptolemy.actor.lib.hoc.test.PreinitializeMustBeInvoked.initialize(PreinitializeMustBeInvoked.java:78)
	at ptolemy.actor.Director.initialize(Director.java:938)
	at ptolemy.actor.Director.initialize(Director.java:907)
	at ptolemy.actor.sched.StaticSchedulingDirector.initialize(StaticSchedulingDirector.java:159)
	at ptolemy.domains.sdf.kernel.SDFDirector.initialize(SDFDirector.java:544)
	at ptolemy.actor.CompositeActor.initialize(CompositeActor.java:935)
	at ptolemy.actor.lib.hoc.LifeCycleManager._executeInsideModel(LifeCycleManager.java:339)
	at ptolemy.actor.lib.hoc.RunCompositeActor.fire(RunCompositeActor.java:205)
	at ptolemy.actor.CompositeActor.iterate(CompositeActor.java:1146)
	at ptolemy.actor.sched.StaticSchedulingDirector.fire(StaticSchedulingDirector.java:216)
	at ptolemy.domains.sdf.kernel.SDFDirector.fire(SDFDirector.java:500)
	at ptolemy.actor.CompositeActor.fire(CompositeActor.java:455)
	at ptolemy.actor.Manager.iterate(Manager.java:851)
	at ptolemy.actor.Manager.execute(Manager.java:369)
	at ptolemy.actor.Manager.run(Manager.java:1263)
	at ptolemy.actor.Manager$PtolemyRunThread.run(Manager.java:1915)
java.lang.reflect.InvocationTargetException
	at java.base/jdk.internal.reflect.NativeConstructorAccessorImpl.newInstance0(Native Method)
	at java.base/jdk.internal.reflect.NativeConstructorAccessorImpl.newInstance(NativeConstructorAccessorImpl.java:62)
	at java.base/jdk.internal.reflect.DelegatingConstructorAccessorImpl.newInstance(DelegatingConstructorAccessorImpl.java:45)
	at java.base/java.lang.reflect.Constructor.newInstance(Constructor.java:490)
	at ptolemy.util.test.junit.AutoKnownFailedTests.RunModel(AutoKnownFailedTests.java:105)
	at java.base/jdk.internal.reflect.NativeMethodAccessorImpl.invoke0(Native Method)
	at java.base/jdk.internal.reflect.NativeMethodAccessorImpl.invoke(NativeMethodAccessorImpl.java:62)
	at java.base/jdk.internal.reflect.DelegatingMethodAccessorImpl.invoke(DelegatingMethodAccessorImpl.java:43)
	at java.base/java.lang.reflect.Method.invoke(Method.java:566)
	at org.junit.runners.model.FrameworkMethod$1.runReflectiveCall(FrameworkMethod.java:44)
	at org.junit.internal.runners.model.ReflectiveCallable.run(ReflectiveCallable.java:15)
	at org.junit.runners.model.FrameworkMethod.invokeExplosively(FrameworkMethod.java:41)
	at junitparams.internal.InvokeParameterisedMethod.evaluate(InvokeParameterisedMethod.java:102)
	at org.junit.internal.runners.statements.FailOnTimeout$1.run(FailOnTimeout.java:28)
Caused by: ptolemy.kernel.util.IllegalActionException: initialize() was called after wrapup() was called but preinitialize() was not called after wrapup().
	at ptolemy.actor.lib.hoc.test.PreinitializeMustBeInvoked.initialize(PreinitializeMustBeInvoked.java:78)
	at ptolemy.actor.Director.initialize(Director.java:938)
	at ptolemy.actor.Director.initialize(Director.java:907)
	at ptolemy.actor.sched.StaticSchedulingDirector.initialize(StaticSchedulingDirector.java:159)
	at ptolemy.domains.sdf.kernel.SDFDirector.initialize(SDFDirector.java:544)
	at ptolemy.actor.CompositeActor.initialize(CompositeActor.java:935)
	at ptolemy.actor.lib.hoc.LifeCycleManager._executeInsideModel(LifeCycleManager.java:339)
	at ptolemy.actor.lib.hoc.RunCompositeActor.fire(RunCompositeActor.java:205)
	at ptolemy.actor.CompositeActor.iterate(CompositeActor.java:1146)
	at ptolemy.actor.sched.StaticSchedulingDirector.fire(StaticSchedulingDirector.java:216)
	at ptolemy.domains.sdf.kernel.SDFDirector.fire(SDFDirector.java:500)
	at ptolemy.actor.CompositeActor.fire(CompositeActor.java:455)
	at ptolemy.actor.Manager.iterate(Manager.java:851)
	at ptolemy.actor.Manager.execute(Manager.java:369)
	at ptolemy.actor.Manager.run(Manager.java:1263)
	at ptolemy.actor.Manager$PtolemyRunThread.run(Manager.java:1915)
Warning: Nashorn engine is planned to be removed from a future JDK release
Warning: Nashorn engine is planned to be removed from a future JDK release
Warning: Nashorn engine is planned to be removed from a future JDK release
Warning: Nashorn engine is planned to be removed from a future JDK release
Warning: Nashorn engine is planned to be removed from a future JDK release
Warning: Nashorn engine is planned to be removed from a future JDK release
Warning: Nashorn engine is planned to be removed from a future JDK release
Warning: Nashorn engine is planned to be removed from a future JDK release
]]></system-err>
</testsuite>
