<?xml version="1.0" encoding="UTF-8" ?>
<testsuite errors="0" failures="0" hostname="travis-job-4793cfa6-8c39-485a-aac0-fc75ed58027e" name="ptolemy.domains.de.test.junit.JUnitTclTest" skipped="0" tests="101" time="123.869" timestamp="2020-07-26T15:10:40">
  <properties>
[...]
</properties>
  <testcase classname="ptolemy.util.test.junit.TclTests" name="[0] /home/travis/build/icyphy/ptII/ptolemy/domains/de/test/DependencyLoop.tcl (RunTclFile)" time="0.965" />
  <testcase classname="ptolemy.util.test.junit.TclTests" name="[1] /home/travis/build/icyphy/ptII/ptolemy/domains/de/test/RunDETestsAsQSS.tcl (RunTclFile)" time="83.659" />
  <testcase classname="ptolemy.util.test.junit.AutoKnownFailedTests" name="[0] /home/travis/build/icyphy/ptII/ptolemy/domains/de/test/auto/knownFailedTests/DESDFClockTest.xml (RunModel)" time="2.057" />
  <testcase classname="ptolemy.util.test.junit.AutoKnownFailedTests" name="[1] /home/travis/build/icyphy/ptII/ptolemy/domains/de/test/auto/knownFailedTests/DirectFeedback.xml (RunModel)" time="0.014" />
  <testcase classname="ptolemy.util.test.junit.AutoKnownFailedTests" name="[2] /home/travis/build/icyphy/ptII/ptolemy/domains/de/test/auto/knownFailedTests/FSMSource.xml (RunModel)" time="0.023" />
  <testcase classname="ptolemy.util.test.junit.AutoKnownFailedTests" name="[3] /home/travis/build/icyphy/ptII/ptolemy/domains/de/test/auto/knownFailedTests/HierarchicalModel.xml (RunModel)" time="0.048" />
  <testcase classname="ptolemy.util.test.junit.AutoKnownFailedTests" name="[4] /home/travis/build/icyphy/ptII/ptolemy/domains/de/test/auto/knownFailedTests/dependencyLoop.xml (RunModel)" time="0.05" />
  <testcase classname="ptolemy.util.test.junit.AutoKnownFailedTests" name="[5] /home/travis/build/icyphy/ptII/ptolemy/domains/de/test/auto/knownFailedTests/dependencyLoop2.xml (RunModel)" time="0.045" />
  <testcase classname="ptolemy.util.test.junit.AutoNameArchTests" name="[0] ThereAreNoAutoArchTests (RunModel)" time="0.005" />
  <testcase classname="ptolemy.util.test.junit.AutoTests" name="[0] /home/travis/build/icyphy/ptII/ptolemy/domains/de/test/auto/ActorDepthCalculation_actorWithoutPorts.xml (RunModel)" time="0.02" />
  <testcase classname="ptolemy.util.test.junit.AutoTests" name="[1] /home/travis/build/icyphy/ptII/ptolemy/domains/de/test/auto/AssemblyLine.xml (RunModel)" time="0.023" />
  <testcase classname="ptolemy.util.test.junit.AutoTests" name="[2] /home/travis/build/icyphy/ptII/ptolemy/domains/de/test/auto/CQBug1.xml (RunModel)" time="0.009" />
  <testcase classname="ptolemy.util.test.junit.AutoTests" name="[3] /home/travis/build/icyphy/ptII/ptolemy/domains/de/test/auto/CancelFireAt.xml (RunModel)" time="0.024" />
  <testcase classname="ptolemy.util.test.junit.AutoTests" name="[4] /home/travis/build/icyphy/ptII/ptolemy/domains/de/test/auto/CausalityAndComposabilityAnalysis.xml (RunModel)" time="0.022" />
  <testcase classname="ptolemy.util.test.junit.AutoTests" name="[5] /home/travis/build/icyphy/ptII/ptolemy/domains/de/test/auto/CausalityInterface1.xml (RunModel)" time="0.021" />
  <testcase classname="ptolemy.util.test.junit.AutoTests" name="[6] /home/travis/build/icyphy/ptII/ptolemy/domains/de/test/auto/CausalityInterface15.xml (RunModel)" time="0.016" />
  <testcase classname="ptolemy.util.test.junit.AutoTests" name="[7] /home/travis/build/icyphy/ptII/ptolemy/domains/de/test/auto/CausalityInterface2.xml (RunModel)" time="0.011" />
  <testcase classname="ptolemy.util.test.junit.AutoTests" name="[8] /home/travis/build/icyphy/ptII/ptolemy/domains/de/test/auto/CausalityInterface3.xml (RunModel)" time="0.011" />
  <testcase classname="ptolemy.util.test.junit.AutoTests" name="[9] /home/travis/build/icyphy/ptII/ptolemy/domains/de/test/auto/ClockDrift.xml (RunModel)" time="0.036" />
  <testcase classname="ptolemy.util.test.junit.AutoTests" name="[10] /home/travis/build/icyphy/ptII/ptolemy/domains/de/test/auto/ClockDriftAndValueChange.xml (RunModel)" time="0.028" />
  <testcase classname="ptolemy.util.test.junit.AutoTests" name="[11] /home/travis/build/icyphy/ptII/ptolemy/domains/de/test/auto/ClockDriftChange.xml (RunModel)" time="0.033" />
  <testcase classname="ptolemy.util.test.junit.AutoTests" name="[12] /home/travis/build/icyphy/ptII/ptolemy/domains/de/test/auto/ComposableCausalityAnalysis.xml (RunModel)" time="0.018" />
  <testcase classname="ptolemy.util.test.junit.AutoTests" name="[13] /home/travis/build/icyphy/ptII/ptolemy/domains/de/test/auto/DEFixedPointLimitation.xml (RunModel)" time="0.011" />
  <testcase classname="ptolemy.util.test.junit.AutoTests" name="[14] /home/travis/build/icyphy/ptII/ptolemy/domains/de/test/auto/DEScheduleTest.xml (RunModel)" time="0.014" />
  <testcase classname="ptolemy.util.test.junit.AutoTests" name="[15] /home/travis/build/icyphy/ptII/ptolemy/domains/de/test/auto/DEinDEwithStartTimes.xml (RunModel)" time="0.015" />
  <testcase classname="ptolemy.util.test.junit.AutoTests" name="[16] /home/travis/build/icyphy/ptII/ptolemy/domains/de/test/auto/DEinDEwithStartTimes2.xml (RunModel)" time="0.022" />
  <testcase classname="ptolemy.util.test.junit.AutoTests" name="[17] /home/travis/build/icyphy/ptII/ptolemy/domains/de/test/auto/DateDemo.xml (RunModel)" time="0.04" />
  <testcase classname="ptolemy.util.test.junit.AutoTests" name="[18] /home/travis/build/icyphy/ptII/ptolemy/domains/de/test/auto/DateToEvent.xml (RunModel)" time="2.048" />
  <testcase classname="ptolemy.util.test.junit.AutoTests" name="[19] /home/travis/build/icyphy/ptII/ptolemy/domains/de/test/auto/DepthTest1.xml (RunModel)" time="0.009" />
  <testcase classname="ptolemy.util.test.junit.AutoTests" name="[20] /home/travis/build/icyphy/ptII/ptolemy/domains/de/test/auto/DepthTest2.xml (RunModel)" time="0.021" />
  <testcase classname="ptolemy.util.test.junit.AutoTests" name="[21] /home/travis/build/icyphy/ptII/ptolemy/domains/de/test/auto/DepthTest3.xml (RunModel)" time="0.01" />
  <testcase classname="ptolemy.util.test.junit.AutoTests" name="[22] /home/travis/build/icyphy/ptII/ptolemy/domains/de/test/auto/DepthTest4.xml (RunModel)" time="0.02" />
  <testcase classname="ptolemy.util.test.junit.AutoTests" name="[23] /home/travis/build/icyphy/ptII/ptolemy/domains/de/test/auto/DepthTest5.xml (RunModel)" time="0.016" />
  <testcase classname="ptolemy.util.test.junit.AutoTests" name="[24] /home/travis/build/icyphy/ptII/ptolemy/domains/de/test/auto/DepthTest6.xml (RunModel)" time="0.017" />
  <testcase classname="ptolemy.util.test.junit.AutoTests" name="[25] /home/travis/build/icyphy/ptII/ptolemy/domains/de/test/auto/DepthTest7.xml (RunModel)" time="0.011" />
  <testcase classname="ptolemy.util.test.junit.AutoTests" name="[26] /home/travis/build/icyphy/ptII/ptolemy/domains/de/test/auto/EventToDate.xml (RunModel)" time="3.036" />
  <testcase classname="ptolemy.util.test.junit.AutoTests" name="[27] /home/travis/build/icyphy/ptII/ptolemy/domains/de/test/auto/FSM1.xml (RunModel)" time="0.052" />
  <testcase classname="ptolemy.util.test.junit.AutoTests" name="[28] /home/travis/build/icyphy/ptII/ptolemy/domains/de/test/auto/FSM7.xml (RunModel)" time="0.05" />
  <testcase classname="ptolemy.util.test.junit.AutoTests" name="[29] /home/travis/build/icyphy/ptII/ptolemy/domains/de/test/auto/Inspection.xml (RunModel)" time="0.051" />
  <testcase classname="ptolemy.util.test.junit.AutoTests" name="[30] /home/travis/build/icyphy/ptII/ptolemy/domains/de/test/auto/Iteration.xml (RunModel)" time="0.026" />
  <testcase classname="ptolemy.util.test.junit.AutoTests" name="[31] /home/travis/build/icyphy/ptII/ptolemy/domains/de/test/auto/LineFault.xml (RunModel)" time="0.54" />
  <testcase classname="ptolemy.util.test.junit.AutoTests" name="[32] /home/travis/build/icyphy/ptII/ptolemy/domains/de/test/auto/MergeModel1Add.xml (RunModel)" time="0.053" />
  <testcase classname="ptolemy.util.test.junit.AutoTests" name="[33] /home/travis/build/icyphy/ptII/ptolemy/domains/de/test/auto/MergeModel2Add.xml (RunModel)" time="0.035" />
  <testcase classname="ptolemy.util.test.junit.AutoTests" name="[34] /home/travis/build/icyphy/ptII/ptolemy/domains/de/test/auto/MergeModel3Add.xml (RunModel)" time="0.042" />
  <testcase classname="ptolemy.util.test.junit.AutoTests" name="[35] /home/travis/build/icyphy/ptII/ptolemy/domains/de/test/auto/MergeWithoutDiscard.xml (RunModel)" time="0.013" />
  <testcase classname="ptolemy.util.test.junit.AutoTests" name="[36] /home/travis/build/icyphy/ptII/ptolemy/domains/de/test/auto/Modal1.xml (RunModel)" time="0.053" />
  <testcase classname="ptolemy.util.test.junit.AutoTests" name="[37] /home/travis/build/icyphy/ptII/ptolemy/domains/de/test/auto/Modal2.xml (RunModel)" time="0.037" />
  <testcase classname="ptolemy.util.test.junit.AutoTests" name="[38] /home/travis/build/icyphy/ptII/ptolemy/domains/de/test/auto/Modal3.xml (RunModel)" time="0.032" />
  <testcase classname="ptolemy.util.test.junit.AutoTests" name="[39] /home/travis/build/icyphy/ptII/ptolemy/domains/de/test/auto/Modal4.xml (RunModel)" time="0.032" />
  <testcase classname="ptolemy.util.test.junit.AutoTests" name="[40] /home/travis/build/icyphy/ptII/ptolemy/domains/de/test/auto/Modal5.xml (RunModel)" time="0.027" />
  <testcase classname="ptolemy.util.test.junit.AutoTests" name="[41] /home/travis/build/icyphy/ptII/ptolemy/domains/de/test/auto/Modal6.xml (RunModel)" time="0.029" />
  <testcase classname="ptolemy.util.test.junit.AutoTests" name="[42] /home/travis/build/icyphy/ptII/ptolemy/domains/de/test/auto/Modal7.xml (RunModel)" time="0.029" />
  <testcase classname="ptolemy.util.test.junit.AutoTests" name="[43] /home/travis/build/icyphy/ptII/ptolemy/domains/de/test/auto/ModalModel.xml (RunModel)" time="0.173" />
  <testcase classname="ptolemy.util.test.junit.AutoTests" name="[44] /home/travis/build/icyphy/ptII/ptolemy/domains/de/test/auto/ModalSource.xml (RunModel)" time="0.026" />
  <testcase classname="ptolemy.util.test.junit.AutoTests" name="[45] /home/travis/build/icyphy/ptII/ptolemy/domains/de/test/auto/NonInterruptibleTimerZeroDelay.xml (RunModel)" time="0.013" />
  <testcase classname="ptolemy.util.test.junit.AutoTests" name="[46] /home/travis/build/icyphy/ptII/ptolemy/domains/de/test/auto/OpenQueueingNetwork.xml (RunModel)" time="2.106" />
  <testcase classname="ptolemy.util.test.junit.AutoTests" name="[47] /home/travis/build/icyphy/ptII/ptolemy/domains/de/test/auto/OpenQueuingNetwork.xml (RunModel)" time="0.259" />
  <testcase classname="ptolemy.util.test.junit.AutoTests" name="[48] /home/travis/build/icyphy/ptII/ptolemy/domains/de/test/auto/PeriodicSampler.xml (RunModel)" time="0.01" />
  <testcase classname="ptolemy.util.test.junit.AutoTests" name="[49] /home/travis/build/icyphy/ptII/ptolemy/domains/de/test/auto/PersistentIO.xml (RunModel)" time="0.023" />
  <testcase classname="ptolemy.util.test.junit.AutoTests" name="[50] /home/travis/build/icyphy/ptII/ptolemy/domains/de/test/auto/PortParameterResetOnInitialize.xml (RunModel)" time="0.016" />
  <testcase classname="ptolemy.util.test.junit.AutoTests" name="[51] /home/travis/build/icyphy/ptII/ptolemy/domains/de/test/auto/PortParameterUpdates.xml (RunModel)" time="0.014" />
  <testcase classname="ptolemy.util.test.junit.AutoTests" name="[52] /home/travis/build/icyphy/ptII/ptolemy/domains/de/test/auto/QueueAndServer.xml (RunModel)" time="0.02" />
  <testcase classname="ptolemy.util.test.junit.AutoTests" name="[53] /home/travis/build/icyphy/ptII/ptolemy/domains/de/test/auto/Records.xml (RunModel)" time="0.02" />
  <testcase classname="ptolemy.util.test.junit.AutoTests" name="[54] /home/travis/build/icyphy/ptII/ptolemy/domains/de/test/auto/ResetTransitionWithStartTime1.xml (RunModel)" time="0.02" />
  <testcase classname="ptolemy.util.test.junit.AutoTests" name="[55] /home/travis/build/icyphy/ptII/ptolemy/domains/de/test/auto/ResetTransitionWithStartTime2.xml (RunModel)" time="0.023" />
  <testcase classname="ptolemy.util.test.junit.AutoTests" name="[56] /home/travis/build/icyphy/ptII/ptolemy/domains/de/test/auto/ResetTransitionWithStartTime3.xml (RunModel)" time="0.022" />
  <testcase classname="ptolemy.util.test.junit.AutoTests" name="[57] /home/travis/build/icyphy/ptII/ptolemy/domains/de/test/auto/ResetTransitionWithStartTime4.xml (RunModel)" time="0.018" />
  <testcase classname="ptolemy.util.test.junit.AutoTests" name="[58] /home/travis/build/icyphy/ptII/ptolemy/domains/de/test/auto/ResettableTimer1.xml (RunModel)" time="0.011" />
  <testcase classname="ptolemy.util.test.junit.AutoTests" name="[59] /home/travis/build/icyphy/ptII/ptolemy/domains/de/test/auto/ResettableTimer2.xml (RunModel)" time="0.009" />
  <testcase classname="ptolemy.util.test.junit.AutoTests" name="[60] /home/travis/build/icyphy/ptII/ptolemy/domains/de/test/auto/ResettableTimer3.xml (RunModel)" time="0.008" />
  <testcase classname="ptolemy.util.test.junit.AutoTests" name="[61] /home/travis/build/icyphy/ptII/ptolemy/domains/de/test/auto/ResettableTimer4.xml (RunModel)" time="0.009" />
  <testcase classname="ptolemy.util.test.junit.AutoTests" name="[62] /home/travis/build/icyphy/ptII/ptolemy/domains/de/test/auto/ResettableTimer5.xml (RunModel)" time="0.008" />
  <testcase classname="ptolemy.util.test.junit.AutoTests" name="[63] /home/travis/build/icyphy/ptII/ptolemy/domains/de/test/auto/ResettableTimer6.xml (RunModel)" time="0.022" />
  <testcase classname="ptolemy.util.test.junit.AutoTests" name="[64] /home/travis/build/icyphy/ptII/ptolemy/domains/de/test/auto/ServerZeroDelay.xml (RunModel)" time="0.01" />
  <testcase classname="ptolemy.util.test.junit.AutoTests" name="[65] /home/travis/build/icyphy/ptII/ptolemy/domains/de/test/auto/SmartSender.xml (RunModel)" time="3.009" />
  <testcase classname="ptolemy.util.test.junit.AutoTests" name="[66] /home/travis/build/icyphy/ptII/ptolemy/domains/de/test/auto/ThreadedComposite.xml (RunModel)" time="0.122" />
  <testcase classname="ptolemy.util.test.junit.AutoTests" name="[67] /home/travis/build/icyphy/ptII/ptolemy/domains/de/test/auto/Time.xml (RunModel)" time="0.361" />
  <testcase classname="ptolemy.util.test.junit.AutoTests" name="[68] /home/travis/build/icyphy/ptII/ptolemy/domains/de/test/auto/TimeDelayZeroDelay.xml (RunModel)" time="0.015" />
  <testcase classname="ptolemy.util.test.junit.AutoTests" name="[69] /home/travis/build/icyphy/ptII/ptolemy/domains/de/test/auto/TimerZeroDelay.xml (RunModel)" time="0.014" />
  <testcase classname="ptolemy.util.test.junit.AutoTests" name="[70] /home/travis/build/icyphy/ptII/ptolemy/domains/de/test/auto/TimingParadox.xml (RunModel)" time="0.272" />
  <testcase classname="ptolemy.util.test.junit.AutoTests" name="[71] /home/travis/build/icyphy/ptII/ptolemy/domains/de/test/auto/TransferInputs.xml (RunModel)" time="0.018" />
  <testcase classname="ptolemy.util.test.junit.AutoTests" name="[72] /home/travis/build/icyphy/ptII/ptolemy/domains/de/test/auto/TransferOutputs2.xml (RunModel)" time="0.028" />
  <testcase classname="ptolemy.util.test.junit.AutoTests" name="[73] /home/travis/build/icyphy/ptII/ptolemy/domains/de/test/auto/Trilateration.xml (RunModel)" time="11.239" />
  <testcase classname="ptolemy.util.test.junit.AutoTests" name="[74] /home/travis/build/icyphy/ptII/ptolemy/domains/de/test/auto/TwoSigmaDelta.xml (RunModel)" time="1.842" />
  <testcase classname="ptolemy.util.test.junit.AutoTests" name="[75] /home/travis/build/icyphy/ptII/ptolemy/domains/de/test/auto/VariableDelay.xml (RunModel)" time="0.021" />
  <testcase classname="ptolemy.util.test.junit.AutoTests" name="[76] /home/travis/build/icyphy/ptII/ptolemy/domains/de/test/auto/VariableDelay2.xml (RunModel)" time="0.008" />
  <testcase classname="ptolemy.util.test.junit.AutoTests" name="[77] /home/travis/build/icyphy/ptII/ptolemy/domains/de/test/auto/VariableDelayZeroDelay.xml (RunModel)" time="0.016" />
  <testcase classname="ptolemy.util.test.junit.AutoTests" name="[78] /home/travis/build/icyphy/ptII/ptolemy/domains/de/test/auto/VariableDelayZeroDelay2.xml (RunModel)" time="0.01" />
  <testcase classname="ptolemy.util.test.junit.AutoTests" name="[79] /home/travis/build/icyphy/ptII/ptolemy/domains/de/test/auto/deInCt.xml (RunModel)" time="0.017" />
  <testcase classname="ptolemy.util.test.junit.AutoTests" name="[80] /home/travis/build/icyphy/ptII/ptolemy/domains/de/test/auto/deInCt2.xml (RunModel)" time="0.023" />
  <testcase classname="ptolemy.util.test.junit.AutoTests" name="[81] /home/travis/build/icyphy/ptII/ptolemy/domains/de/test/auto/dynamicCausalityInterface1.xml (RunModel)" time="0.022" />
  <testcase classname="ptolemy.util.test.junit.AutoTests" name="[82] /home/travis/build/icyphy/ptII/ptolemy/domains/de/test/auto/fsm_de_test.xml (RunModel)" time="0.024" />
  <testcase classname="ptolemy.util.test.junit.AutoTests" name="[83] /home/travis/build/icyphy/ptII/ptolemy/domains/de/test/auto/functionDependencyReconstruction.xml (RunModel)" time="0.029" />
  <testcase classname="ptolemy.util.test.junit.AutoTests" name="[84] /home/travis/build/icyphy/ptII/ptolemy/domains/de/test/auto/multirate.xml (RunModel)" time="0.016" />
  <testcase classname="ptolemy.util.test.junit.AutoTests" name="[85] /home/travis/build/icyphy/ptII/ptolemy/domains/de/test/auto/multirate2.xml (RunModel)" time="0.018" />
  <testcase classname="ptolemy.util.test.junit.AutoTests" name="[86] /home/travis/build/icyphy/ptII/ptolemy/domains/de/test/auto/realtime.xml (RunModel)" time="10.01" />
  <testcase classname="ptolemy.util.test.junit.AutoTests" name="[87] /home/travis/build/icyphy/ptII/ptolemy/domains/de/test/auto/relationGroup.xml (RunModel)" time="0.009" />
  <testcase classname="ptolemy.util.test.junit.AutoTests" name="[88] /home/travis/build/icyphy/ptII/ptolemy/domains/de/test/auto/relationGroup2.xml (RunModel)" time="0.011" />
  <testcase classname="ptolemy.util.test.junit.AutoTests" name="[89] /home/travis/build/icyphy/ptII/ptolemy/domains/de/test/auto/sortWithOpaquePorts.xml (RunModel)" time="0.013" />
  <testcase classname="ptolemy.util.test.junit.AutoTests" name="[90] /home/travis/build/icyphy/ptII/ptolemy/domains/de/test/auto/transferInputsandOutputs.xml (RunModel)" time="0.026" />
  <testcase classname="ptolemy.util.test.junit.AutoTests" name="[91] /home/travis/build/icyphy/ptII/ptolemy/domains/de/test/auto/triggerType.xml (RunModel)" time="0.007" />
  <system-out><![CDATA[/home/travis/build/icyphy/ptII/ptolemy/domains/de/test/DependencyLoop.tcl
testDefs.tcl: setting time out to 9000 seconds at Sun Jul 26 15:10:40 UTC 2020
48 ms. Memory: 129024K Free: 78273K (61%)
25 ms. Memory: 129024K Free: 60850K (47%)
/home/travis/build/icyphy/ptII/ptolemy/domains/de/test/RunDETestsAsQSS.tcl
Run the DE tests using ptolemy.domains.qss.test.QSSDirectorTest, which extends QSSDirector and prints a message in the constructors.
------------------ testing $PTII/ptolemy/domains/de/test/auto/knownFailedTests/DirectFeedback.xml (Known Failure) 
65 ms. Memory: 129024K Free: 55235K (43%)


==== $PTIIhome/travis/build/icyphy/ptII/ptolemy/domains/de/test/../../../../: Auto Automatic test in file $PTII/ptolemy/domains/de/test/auto/knownFailedTests/DirectFeedback.xml
==== Contents of test case:

	    # FIXME: we should use $relativeFilename here, but it
	    # might have backslashes under Windows, which causes no end
	    # of trouble.
	    createAndExecute $file
	    list {}
	
.... Test generated KNOWN error:
    while executing
ptolemy.kernel.util.IllegalActionException: Test fails in iteration 1.
Value was: 1.0. Should have been: 2.0
  in .DirectFeedback.Test
	at ptolemy.actor.lib.Test.fire(Test.java:268)
	at ptolemy.domains.de.kernel.DEDirector._fire(DEDirector.java:1949)
	at ptolemy.domains.de.kernel.DEDirector.fire(DEDirector.java:502)
	at ptolemy.actor.CompositeActor.fire(CompositeActor.java:455)
	at ptolemy.actor.Manager.iterate(Manager.java:851)
	at ptolemy.actor.Manager.execute(Manager.java:369)
	at ptolemy.actor.Manager.run(Manager.java:1263)
	at ptolemy.actor.Manager$PtolemyRunThread.run(Manager.java:1933)

    while executing
ptolemy.kernel.util.IllegalActionException: Test fails in iteration 1.
Value was: 1.0. Should have been: 2.0
  in .DirectFeedback.Test
    while executing
"java::new ptolemy.moml.MoMLSimpleApplication $file
"
    (procedure "createAndExecute" line 2)
    invoked from within
"createAndExecute $file"
    ("uplevel" body line 5)
    invoked from within
"uplevel $contents_of_test"
------------------ testing $PTII/ptolemy/domains/de/test/auto/knownFailedTests/dependencyLoop.xml (Known Failure) 
22 ms. Memory: 129024K Free: 52163K (40%)


==== $PTIIhome/travis/build/icyphy/ptII/ptolemy/domains/de/test/../../../../: Auto Automatic test in file $PTII/ptolemy/domains/de/test/auto/knownFailedTests/dependencyLoop.xml
==== Contents of test case:

	    # FIXME: we should use $relativeFilename here, but it
	    # might have backslashes under Windows, which causes no end
	    # of trouble.
	    createAndExecute $file
	    list {}
	
.... Test generated KNOWN error:
    while executing
ptolemy.kernel.util.IllegalActionException: Found a zero delay loop containing .dependencyLoop.original
  in .dependencyLoop and .dependencyLoop.original
	at ptolemy.actor.util.CausalityInterfaceForComposites._computeOutputPortDepth(CausalityInterfaceForComposites.java:759)
	at ptolemy.actor.util.CausalityInterfaceForComposites._computeInputDepth(CausalityInterfaceForComposites.java:696)
	at ptolemy.actor.util.CausalityInterfaceForComposites._computeOutputPortDepth(CausalityInterfaceForComposites.java:765)
	at ptolemy.actor.util.CausalityInterfaceForComposites._computeInputDepth(CausalityInterfaceForComposites.java:696)
	at ptolemy.actor.util.CausalityInterfaceForComposites._computeOutputPortDepth(CausalityInterfaceForComposites.java:765)
	at ptolemy.actor.util.CausalityInterfaceForComposites._computeInputDepth(CausalityInterfaceForComposites.java:696)
	at ptolemy.actor.util.CausalityInterfaceForComposites._computeActorDepth(CausalityInterfaceForComposites.java:532)
	at ptolemy.actor.util.CausalityInterfaceForComposites.checkForCycles(CausalityInterfaceForComposites.java:96)
	at ptolemy.domains.de.kernel.DEDirector.preinitialize(DEDirector.java:1338)
	at ptolemy.actor.CompositeActor.preinitialize(CompositeActor.java:1828)
	at ptolemy.actor.Manager.preinitializeAndResolveTypes(Manager.java:1040)
	at ptolemy.actor.Manager.initialize(Manager.java:710)
	at ptolemy.actor.Manager.execute(Manager.java:356)
	at ptolemy.actor.Manager.run(Manager.java:1263)
	at ptolemy.actor.Manager$PtolemyRunThread.run(Manager.java:1933)

    while executing
ptolemy.kernel.util.IllegalActionException: Found a zero delay loop containing .dependencyLoop.original
  in .dependencyLoop and .dependencyLoop.original
    while executing
"java::new ptolemy.moml.MoMLSimpleApplication $file
"
    (procedure "createAndExecute" line 2)
    invoked from within
"createAndExecute $file"
    ("uplevel" body line 5)
    invoked from within
"uplevel $contents_of_test"
------------------ testing $PTII/ptolemy/domains/de/test/auto/knownFailedTests/FSMSource.xml (Known Failure) 
64 ms. Memory: 129024K Free: 110982K (86%)
!!!! Auto was marked as failing, but now passes
------------------ testing $PTII/ptolemy/domains/de/test/auto/knownFailedTests/HierarchicalModel.xml (Known Failure) 
11 ms. Memory: 129024K Free: 93552K (73%)


==== $PTIIhome/travis/build/icyphy/ptII/ptolemy/domains/de/test/../../../../: Auto Automatic test in file $PTII/ptolemy/domains/de/test/auto/knownFailedTests/HierarchicalModel.xml
==== Contents of test case:

	    # FIXME: we should use $relativeFilename here, but it
	    # might have backslashes under Windows, which causes no end
	    # of trouble.
	    createAndExecute $file
	    list {}
	
.... Test generated KNOWN error:
    while executing
ptolemy.kernel.util.IllegalActionException: Found a zero delay loop containing .HierarchicalModel.A
  in .HierarchicalModel and .HierarchicalModel.A
	at ptolemy.actor.util.CausalityInterfaceForComposites._computeOutputPortDepth(CausalityInterfaceForComposites.java:759)
	at ptolemy.actor.util.CausalityInterfaceForComposites._computeInputDepth(CausalityInterfaceForComposites.java:696)
	at ptolemy.actor.util.CausalityInterfaceForComposites._computeOutputPortDepth(CausalityInterfaceForComposites.java:765)
	at ptolemy.actor.util.CausalityInterfaceForComposites._computeInputDepth(CausalityInterfaceForComposites.java:696)
	at ptolemy.actor.util.CausalityInterfaceForComposites._computeOutputPortDepth(CausalityInterfaceForComposites.java:765)
	at ptolemy.actor.util.CausalityInterfaceForComposites._computeInputDepth(CausalityInterfaceForComposites.java:696)
	at ptolemy.actor.util.CausalityInterfaceForComposites._computeActorDepth(CausalityInterfaceForComposites.java:532)
	at ptolemy.actor.util.CausalityInterfaceForComposites.checkForCycles(CausalityInterfaceForComposites.java:96)
	at ptolemy.domains.de.kernel.DEDirector.preinitialize(DEDirector.java:1338)
	at ptolemy.actor.CompositeActor.preinitialize(CompositeActor.java:1828)
	at ptolemy.actor.Manager.preinitializeAndResolveTypes(Manager.java:1040)
	at ptolemy.actor.Manager.initialize(Manager.java:710)
	at ptolemy.actor.Manager.execute(Manager.java:356)
	at ptolemy.actor.Manager.run(Manager.java:1263)
	at ptolemy.actor.Manager$PtolemyRunThread.run(Manager.java:1933)

    while executing
ptolemy.kernel.util.IllegalActionException: Found a zero delay loop containing .HierarchicalModel.A
  in .HierarchicalModel and .HierarchicalModel.A
    while executing
"java::new ptolemy.moml.MoMLSimpleApplication $file
"
    (procedure "createAndExecute" line 2)
    invoked from within
"createAndExecute $file"
    ("uplevel" body line 5)
    invoked from within
"uplevel $contents_of_test"
------------------ testing $PTII/ptolemy/domains/de/test/auto/knownFailedTests/dependencyLoop2.xml (Known Failure) 
8 ms. Memory: 129024K Free: 77500K (60%)


==== $PTIIhome/travis/build/icyphy/ptII/ptolemy/domains/de/test/../../../../: Auto Automatic test in file $PTII/ptolemy/domains/de/test/auto/knownFailedTests/dependencyLoop2.xml
==== Contents of test case:

	    # FIXME: we should use $relativeFilename here, but it
	    # might have backslashes under Windows, which causes no end
	    # of trouble.
	    createAndExecute $file
	    list {}
	
.... Test generated KNOWN error:
    while executing
ptolemy.kernel.util.IllegalActionException: Found a zero delay loop containing .dependencyLoop2.original
  in .dependencyLoop2 and .dependencyLoop2.original
	at ptolemy.actor.util.CausalityInterfaceForComposites._computeOutputPortDepth(CausalityInterfaceForComposites.java:759)
	at ptolemy.actor.util.CausalityInterfaceForComposites._computeInputDepth(CausalityInterfaceForComposites.java:696)
	at ptolemy.actor.util.CausalityInterfaceForComposites._computeOutputPortDepth(CausalityInterfaceForComposites.java:765)
	at ptolemy.actor.util.CausalityInterfaceForComposites._computeInputDepth(CausalityInterfaceForComposites.java:696)
	at ptolemy.actor.util.CausalityInterfaceForComposites._computeOutputPortDepth(CausalityInterfaceForComposites.java:765)
	at ptolemy.actor.util.CausalityInterfaceForComposites._computeInputDepth(CausalityInterfaceForComposites.java:696)
	at ptolemy.actor.util.CausalityInterfaceForComposites._computeActorDepth(CausalityInterfaceForComposites.java:532)
	at ptolemy.actor.util.CausalityInterfaceForComposites.checkForCycles(CausalityInterfaceForComposites.java:96)
	at ptolemy.domains.de.kernel.DEDirector.preinitialize(DEDirector.java:1338)
	at ptolemy.actor.CompositeActor.preinitialize(CompositeActor.java:1828)
	at ptolemy.actor.Manager.preinitializeAndResolveTypes(Manager.java:1040)
	at ptolemy.actor.Manager.initialize(Manager.java:710)
	at ptolemy.actor.Manager.execute(Manager.java:356)
	at ptolemy.actor.Manager.run(Manager.java:1263)
	at ptolemy.actor.Manager$PtolemyRunThread.run(Manager.java:1933)

    while executing
ptolemy.kernel.util.IllegalActionException: Found a zero delay loop containing .dependencyLoop2.original
  in .dependencyLoop2 and .dependencyLoop2.original
    while executing
"java::new ptolemy.moml.MoMLSimpleApplication $file
"
    (procedure "createAndExecute" line 2)
    invoked from within
"createAndExecute $file"
    ("uplevel" body line 5)
    invoked from within
"uplevel $contents_of_test"
------------------ testing $PTII/ptolemy/domains/de/test/auto/knownFailedTests/DESDFClockTest.xml (Known Failure) 
2052 ms. Memory: 129024K Free: 107244K (83%)


==== $PTIIhome/travis/build/icyphy/ptII/ptolemy/domains/de/test/../../../../: Auto Automatic test in file $PTII/ptolemy/domains/de/test/auto/knownFailedTests/DESDFClockTest.xml
==== Contents of test case:

	    # FIXME: we should use $relativeFilename here, but it
	    # might have backslashes under Windows, which causes no end
	    # of trouble.
	    createAndExecute $file
	    list {}
	
.... Test generated KNOWN error:
    while executing
ptolemy.kernel.util.IllegalActionException: Actor is not ready to fire.  Perhaps UpSample.prefire() returned false? Try debugging the actor by selecting "Listen to Actor".  Also, for SDF check moml for tokenConsumptionRate on input.
  in .DESDFClockTest.Play Bell.Copy1:SDF Director and .DESDFClockTest.Play Bell.UpSample
	at ptolemy.actor.sched.StaticSchedulingDirector.fire(StaticSchedulingDirector.java:227)
	at ptolemy.domains.sdf.kernel.SDFDirector.fire(SDFDirector.java:500)
	at ptolemy.actor.CompositeActor.fire(CompositeActor.java:455)
	at ptolemy.domains.de.kernel.DEDirector._fire(DEDirector.java:1949)
	at ptolemy.domains.de.kernel.DEDirector.fire(DEDirector.java:502)
	at ptolemy.actor.CompositeActor.fire(CompositeActor.java:455)
	at ptolemy.actor.Manager.iterate(Manager.java:851)
	at ptolemy.actor.Manager.execute(Manager.java:369)
	at ptolemy.actor.Manager.run(Manager.java:1263)
	at ptolemy.actor.Manager$PtolemyRunThread.run(Manager.java:1933)

    while executing
ptolemy.kernel.util.IllegalActionException: Actor is not ready to fire.  Perhaps UpSample.prefire() returned false? Try debugging the actor by selecting "Listen to Actor".  Also, for SDF check moml for tokenConsumptionRate on input.
  in .DESDFClockTest.Play Bell.Copy1:SDF Director and .DESDFClockTest.Play Bell.UpSample
    while executing
"java::new ptolemy.moml.MoMLSimpleApplication $file
"
    (procedure "createAndExecute" line 2)
    invoked from within
"createAndExecute $file"
    ("uplevel" body line 5)
    invoked from within
"uplevel $contents_of_test"
------------------ testing $PTII/ptolemy/domains/de/test/auto/ActorDepthCalculation_actorWithoutPorts.xml
auto.tcl: Setting watchdog for 200 seconds at Sun Jul 26 15:10:44 UTC 2020
5 ms. Memory: 129024K Free: 100076K (78%)
ptolemy.util.test.WatchDog.cancel(): canceling Sun Jul 26 15:10:44 UTC 2020
auto.tcl: Setting watchdog for 200 seconds at Sun Jul 26 15:10:44 UTC 2020
9 ms. Memory: 129024K Free: 98524K (76%)
ptolemy.util.test.WatchDog.cancel(): canceling Sun Jul 26 15:10:44 UTC 2020
------------------ testing $PTII/ptolemy/domains/de/test/auto/AssemblyLine.xml
auto.tcl: Setting watchdog for 200 seconds at Sun Jul 26 15:10:45 UTC 2020
8 ms. Memory: 51200K Free: 27458K (54%)
ptolemy.util.test.WatchDog.cancel(): canceling Sun Jul 26 15:10:45 UTC 2020
auto.tcl: Setting watchdog for 200 seconds at Sun Jul 26 15:10:45 UTC 2020
6 ms. Memory: 51200K Free: 27005K (53%)
ptolemy.util.test.WatchDog.cancel(): canceling Sun Jul 26 15:10:45 UTC 2020
------------------ testing $PTII/ptolemy/domains/de/test/auto/CQBug1.xml
auto.tcl: Setting watchdog for 200 seconds at Sun Jul 26 15:10:45 UTC 2020
10 ms. Memory: 51200K Free: 33270K (65%)
ptolemy.util.test.WatchDog.cancel(): canceling Sun Jul 26 15:10:45 UTC 2020
auto.tcl: Setting watchdog for 200 seconds at Sun Jul 26 15:10:45 UTC 2020
2 ms. Memory: 51200K Free: 32817K (64%)
ptolemy.util.test.WatchDog.cancel(): canceling Sun Jul 26 15:10:45 UTC 2020
------------------ testing $PTII/ptolemy/domains/de/test/auto/CancelFireAt.xml
auto.tcl: Setting watchdog for 200 seconds at Sun Jul 26 15:10:45 UTC 2020
3 ms. Memory: 48128K Free: 31665K (66%)
ptolemy.util.test.WatchDog.cancel(): canceling Sun Jul 26 15:10:45 UTC 2020
auto.tcl: Setting watchdog for 200 seconds at Sun Jul 26 15:10:45 UTC 2020
2 ms. Memory: 48128K Free: 31222K (65%)
ptolemy.util.test.WatchDog.cancel(): canceling Sun Jul 26 15:10:45 UTC 2020
------------------ testing $PTII/ptolemy/domains/de/test/auto/CausalityAndComposabilityAnalysis.xml
auto.tcl: Setting watchdog for 200 seconds at Sun Jul 26 15:10:45 UTC 2020
9 ms. Memory: 48128K Free: 29642K (62%)
ptolemy.util.test.WatchDog.cancel(): canceling Sun Jul 26 15:10:45 UTC 2020
auto.tcl: Setting watchdog for 200 seconds at Sun Jul 26 15:10:45 UTC 2020
5 ms. Memory: 48128K Free: 28886K (60%)
ptolemy.util.test.WatchDog.cancel(): canceling Sun Jul 26 15:10:45 UTC 2020
------------------ testing $PTII/ptolemy/domains/de/test/auto/CausalityInterface1.xml
auto.tcl: Setting watchdog for 200 seconds at Sun Jul 26 15:10:45 UTC 2020
30 ms. Memory: 48128K Free: 28351K (59%)
ptolemy.util.test.WatchDog.cancel(): canceling Sun Jul 26 15:10:45 UTC 2020
auto.tcl: Setting watchdog for 200 seconds at Sun Jul 26 15:10:45 UTC 2020
4 ms. Memory: 48128K Free: 27368K (57%)
ptolemy.util.test.WatchDog.cancel(): canceling Sun Jul 26 15:10:45 UTC 2020
------------------ testing $PTII/ptolemy/domains/de/test/auto/CausalityInterface15.xml
auto.tcl: Setting watchdog for 200 seconds at Sun Jul 26 15:10:45 UTC 2020
9 ms. Memory: 48128K Free: 28292K (59%)
ptolemy.util.test.WatchDog.cancel(): canceling Sun Jul 26 15:10:45 UTC 2020
auto.tcl: Setting watchdog for 200 seconds at Sun Jul 26 15:10:45 UTC 2020
3 ms. Memory: 48128K Free: 27301K (57%)
ptolemy.util.test.WatchDog.cancel(): canceling Sun Jul 26 15:10:45 UTC 2020
------------------ testing $PTII/ptolemy/domains/de/test/auto/CausalityInterface2.xml
auto.tcl: Setting watchdog for 200 seconds at Sun Jul 26 15:10:45 UTC 2020
4 ms. Memory: 48128K Free: 28982K (60%)
ptolemy.util.test.WatchDog.cancel(): canceling Sun Jul 26 15:10:45 UTC 2020
auto.tcl: Setting watchdog for 200 seconds at Sun Jul 26 15:10:45 UTC 2020
3 ms. Memory: 48128K Free: 28238K (59%)
ptolemy.util.test.WatchDog.cancel(): canceling Sun Jul 26 15:10:45 UTC 2020
------------------ testing $PTII/ptolemy/domains/de/test/auto/CausalityInterface3.xml
auto.tcl: Setting watchdog for 200 seconds at Sun Jul 26 15:10:45 UTC 2020
3 ms. Memory: 48128K Free: 28433K (59%)
ptolemy.util.test.WatchDog.cancel(): canceling Sun Jul 26 15:10:45 UTC 2020
auto.tcl: Setting watchdog for 200 seconds at Sun Jul 26 15:10:45 UTC 2020
3 ms. Memory: 48128K Free: 27646K (57%)
ptolemy.util.test.WatchDog.cancel(): canceling Sun Jul 26 15:10:45 UTC 2020
------------------ testing $PTII/ptolemy/domains/de/test/auto/ClockDrift.xml
auto.tcl: Setting watchdog for 200 seconds at Sun Jul 26 15:10:45 UTC 2020
55 ms. Memory: 48128K Free: 21017K (44%)
ptolemy.util.test.WatchDog.cancel(): canceling Sun Jul 26 15:10:46 UTC 2020
auto.tcl: Setting watchdog for 200 seconds at Sun Jul 26 15:10:46 UTC 2020
64 ms. Memory: 48128K Free: 18000K (37%)
ptolemy.util.test.WatchDog.cancel(): canceling Sun Jul 26 15:10:46 UTC 2020
------------------ testing $PTII/ptolemy/domains/de/test/auto/ClockDriftAndValueChange.xml
auto.tcl: Setting watchdog for 200 seconds at Sun Jul 26 15:10:46 UTC 2020
49 ms. Memory: 48128K Free: 21104K (44%)
ptolemy.util.test.WatchDog.cancel(): canceling Sun Jul 26 15:10:46 UTC 2020
auto.tcl: Setting watchdog for 200 seconds at Sun Jul 26 15:10:46 UTC 2020
29 ms. Memory: 48128K Free: 18259K (38%)
ptolemy.util.test.WatchDog.cancel(): canceling Sun Jul 26 15:10:46 UTC 2020
------------------ testing $PTII/ptolemy/domains/de/test/auto/ClockDriftChange.xml
auto.tcl: Setting watchdog for 200 seconds at Sun Jul 26 15:10:46 UTC 2020
22 ms. Memory: 48128K Free: 23153K (48%)
ptolemy.util.test.WatchDog.cancel(): canceling Sun Jul 26 15:10:46 UTC 2020
auto.tcl: Setting watchdog for 200 seconds at Sun Jul 26 15:10:46 UTC 2020
36 ms. Memory: 48128K Free: 20596K (43%)
ptolemy.util.test.WatchDog.cancel(): canceling Sun Jul 26 15:10:46 UTC 2020
------------------ testing $PTII/ptolemy/domains/de/test/auto/ComposableCausalityAnalysis.xml
auto.tcl: Setting watchdog for 200 seconds at Sun Jul 26 15:10:46 UTC 2020
2 ms. Memory: 48128K Free: 27720K (58%)
ptolemy.util.test.WatchDog.cancel(): canceling Sun Jul 26 15:10:46 UTC 2020
auto.tcl: Setting watchdog for 200 seconds at Sun Jul 26 15:10:46 UTC 2020
5 ms. Memory: 48128K Free: 26491K (55%)
ptolemy.util.test.WatchDog.cancel(): canceling Sun Jul 26 15:10:46 UTC 2020
------------------ testing $PTII/ptolemy/domains/de/test/auto/DEFixedPointLimitation.xml
auto.tcl: Setting watchdog for 200 seconds at Sun Jul 26 15:10:46 UTC 2020
2 ms. Memory: 48128K Free: 29147K (61%)
ptolemy.util.test.WatchDog.cancel(): canceling Sun Jul 26 15:10:46 UTC 2020
auto.tcl: Setting watchdog for 200 seconds at Sun Jul 26 15:10:46 UTC 2020
1 ms. Memory: 48128K Free: 28223K (59%)
ptolemy.util.test.WatchDog.cancel(): canceling Sun Jul 26 15:10:46 UTC 2020
------------------ testing $PTII/ptolemy/domains/de/test/auto/DEScheduleTest.xml
auto.tcl: Setting watchdog for 200 seconds at Sun Jul 26 15:10:46 UTC 2020
4 ms. Memory: 48128K Free: 29428K (61%)
ptolemy.util.test.WatchDog.cancel(): canceling Sun Jul 26 15:10:46 UTC 2020
auto.tcl: Setting watchdog for 200 seconds at Sun Jul 26 15:10:46 UTC 2020
3 ms. Memory: 48128K Free: 28653K (60%)
ptolemy.util.test.WatchDog.cancel(): canceling Sun Jul 26 15:10:46 UTC 2020
------------------ testing $PTII/ptolemy/domains/de/test/auto/DEinDEwithStartTimes.xml
auto.tcl: Setting watchdog for 200 seconds at Sun Jul 26 15:10:46 UTC 2020
7 ms. Memory: 48128K Free: 27599K (57%)
ptolemy.util.test.WatchDog.cancel(): canceling Sun Jul 26 15:10:46 UTC 2020
auto.tcl: Setting watchdog for 200 seconds at Sun Jul 26 15:10:46 UTC 2020
3 ms. Memory: 48128K Free: 26192K (54%)
ptolemy.util.test.WatchDog.cancel(): canceling Sun Jul 26 15:10:46 UTC 2020
------------------ testing $PTII/ptolemy/domains/de/test/auto/DEinDEwithStartTimes2.xml
auto.tcl: Setting watchdog for 200 seconds at Sun Jul 26 15:10:46 UTC 2020
8 ms. Memory: 48128K Free: 26834K (56%)
ptolemy.util.test.WatchDog.cancel(): canceling Sun Jul 26 15:10:46 UTC 2020
auto.tcl: Setting watchdog for 200 seconds at Sun Jul 26 15:10:46 UTC 2020
3 ms. Memory: 48128K Free: 25510K (53%)
ptolemy.util.test.WatchDog.cancel(): canceling Sun Jul 26 15:10:46 UTC 2020
------------------ testing $PTII/ptolemy/domains/de/test/auto/DateDemo.xml
auto.tcl: Setting watchdog for 200 seconds at Sun Jul 26 15:10:46 UTC 2020
12 ms. Memory: 48128K Free: 21161K (44%)
ptolemy.util.test.WatchDog.cancel(): canceling Sun Jul 26 15:10:46 UTC 2020
auto.tcl: Setting watchdog for 200 seconds at Sun Jul 26 15:10:46 UTC 2020
9 ms. Memory: 48128K Free: 19636K (41%)
ptolemy.util.test.WatchDog.cancel(): canceling Sun Jul 26 15:10:47 UTC 2020
------------------ testing $PTII/ptolemy/domains/de/test/auto/DateToEvent.xml
auto.tcl: Setting watchdog for 200 seconds at Sun Jul 26 15:10:47 UTC 2020
2010 ms. Memory: 48128K Free: 16845K (35%)
ptolemy.util.test.WatchDog.cancel(): canceling Sun Jul 26 15:10:49 UTC 2020
auto.tcl: Setting watchdog for 200 seconds at Sun Jul 26 15:10:49 UTC 2020
2004 ms. Memory: 48128K Free: 16072K (33%)
ptolemy.util.test.WatchDog.cancel(): canceling Sun Jul 26 15:10:51 UTC 2020
------------------ testing $PTII/ptolemy/domains/de/test/auto/DepthTest1.xml
auto.tcl: Setting watchdog for 200 seconds at Sun Jul 26 15:10:51 UTC 2020
2 ms. Memory: 48128K Free: 30219K (63%)
ptolemy.util.test.WatchDog.cancel(): canceling Sun Jul 26 15:10:51 UTC 2020
auto.tcl: Setting watchdog for 200 seconds at Sun Jul 26 15:10:51 UTC 2020
1 ms. Memory: 48128K Free: 29838K (62%)
ptolemy.util.test.WatchDog.cancel(): canceling Sun Jul 26 15:10:51 UTC 2020
------------------ testing $PTII/ptolemy/domains/de/test/auto/DepthTest2.xml
auto.tcl: Setting watchdog for 200 seconds at Sun Jul 26 15:10:51 UTC 2020
4 ms. Memory: 48128K Free: 27097K (56%)
ptolemy.util.test.WatchDog.cancel(): canceling Sun Jul 26 15:10:51 UTC 2020
auto.tcl: Setting watchdog for 200 seconds at Sun Jul 26 15:10:51 UTC 2020
3 ms. Memory: 48128K Free: 26717K (56%)
ptolemy.util.test.WatchDog.cancel(): canceling Sun Jul 26 15:10:51 UTC 2020
------------------ testing $PTII/ptolemy/domains/de/test/auto/DepthTest3.xml
auto.tcl: Setting watchdog for 200 seconds at Sun Jul 26 15:10:51 UTC 2020
5 ms. Memory: 48128K Free: 30549K (63%)
ptolemy.util.test.WatchDog.cancel(): canceling Sun Jul 26 15:10:51 UTC 2020
auto.tcl: Setting watchdog for 200 seconds at Sun Jul 26 15:10:51 UTC 2020
1 ms. Memory: 48128K Free: 30120K (63%)
ptolemy.util.test.WatchDog.cancel(): canceling Sun Jul 26 15:10:51 UTC 2020
------------------ testing $PTII/ptolemy/domains/de/test/auto/DepthTest4.xml
auto.tcl: Setting watchdog for 200 seconds at Sun Jul 26 15:10:51 UTC 2020
3 ms. Memory: 48128K Free: 28900K (60%)
ptolemy.util.test.WatchDog.cancel(): canceling Sun Jul 26 15:10:51 UTC 2020
auto.tcl: Setting watchdog for 200 seconds at Sun Jul 26 15:10:51 UTC 2020
2 ms. Memory: 48128K Free: 28156K (59%)
ptolemy.util.test.WatchDog.cancel(): canceling Sun Jul 26 15:10:51 UTC 2020
------------------ testing $PTII/ptolemy/domains/de/test/auto/DepthTest5.xml
auto.tcl: Setting watchdog for 200 seconds at Sun Jul 26 15:10:51 UTC 2020
3 ms. Memory: 48128K Free: 28011K (58%)
ptolemy.util.test.WatchDog.cancel(): canceling Sun Jul 26 15:10:51 UTC 2020
auto.tcl: Setting watchdog for 200 seconds at Sun Jul 26 15:10:51 UTC 2020
3 ms. Memory: 48128K Free: 27632K (57%)
ptolemy.util.test.WatchDog.cancel(): canceling Sun Jul 26 15:10:51 UTC 2020
------------------ testing $PTII/ptolemy/domains/de/test/auto/DepthTest6.xml
auto.tcl: Setting watchdog for 200 seconds at Sun Jul 26 15:10:51 UTC 2020
3 ms. Memory: 48128K Free: 28037K (58%)
ptolemy.util.test.WatchDog.cancel(): canceling Sun Jul 26 15:10:51 UTC 2020
auto.tcl: Setting watchdog for 200 seconds at Sun Jul 26 15:10:51 UTC 2020
2 ms. Memory: 48128K Free: 27633K (57%)
ptolemy.util.test.WatchDog.cancel(): canceling Sun Jul 26 15:10:51 UTC 2020
------------------ testing $PTII/ptolemy/domains/de/test/auto/DepthTest7.xml
auto.tcl: Setting watchdog for 200 seconds at Sun Jul 26 15:10:51 UTC 2020
2 ms. Memory: 48128K Free: 28630K (59%)
ptolemy.util.test.WatchDog.cancel(): canceling Sun Jul 26 15:10:51 UTC 2020
auto.tcl: Setting watchdog for 200 seconds at Sun Jul 26 15:10:51 UTC 2020
2 ms. Memory: 48128K Free: 27718K (58%)
ptolemy.util.test.WatchDog.cancel(): canceling Sun Jul 26 15:10:51 UTC 2020
------------------ testing $PTII/ptolemy/domains/de/test/auto/EventToDate.xml
auto.tcl: Setting watchdog for 200 seconds at Sun Jul 26 15:10:51 UTC 2020
3005 ms. Memory: 48128K Free: 19638K (41%)
ptolemy.util.test.WatchDog.cancel(): canceling Sun Jul 26 15:10:54 UTC 2020
auto.tcl: Setting watchdog for 200 seconds at Sun Jul 26 15:10:54 UTC 2020
3004 ms. Memory: 48128K Free: 18932K (39%)
ptolemy.util.test.WatchDog.cancel(): canceling Sun Jul 26 15:10:57 UTC 2020
------------------ testing $PTII/ptolemy/domains/de/test/auto/FSM1.xml
auto.tcl: Setting watchdog for 200 seconds at Sun Jul 26 15:10:57 UTC 2020
32 ms. Memory: 48128K Free: 20826K (43%)
ptolemy.util.test.WatchDog.cancel(): canceling Sun Jul 26 15:10:57 UTC 2020
auto.tcl: Setting watchdog for 200 seconds at Sun Jul 26 15:10:57 UTC 2020
25 ms. Memory: 48128K Free: 17589K (37%)
ptolemy.util.test.WatchDog.cancel(): canceling Sun Jul 26 15:10:57 UTC 2020
------------------ testing $PTII/ptolemy/domains/de/test/auto/FSM7.xml
auto.tcl: Setting watchdog for 200 seconds at Sun Jul 26 15:10:57 UTC 2020
14 ms. Memory: 48128K Free: 20525K (43%)
ptolemy.util.test.WatchDog.cancel(): canceling Sun Jul 26 15:10:57 UTC 2020
auto.tcl: Setting watchdog for 200 seconds at Sun Jul 26 15:10:57 UTC 2020
18 ms. Memory: 48128K Free: 17369K (36%)
ptolemy.util.test.WatchDog.cancel(): canceling Sun Jul 26 15:10:57 UTC 2020
------------------ testing $PTII/ptolemy/domains/de/test/auto/Inspection.xml
auto.tcl: Setting watchdog for 200 seconds at Sun Jul 26 15:10:57 UTC 2020
28 ms. Memory: 48128K Free: 20565K (43%)
ptolemy.util.test.WatchDog.cancel(): canceling Sun Jul 26 15:10:58 UTC 2020
auto.tcl: Setting watchdog for 200 seconds at Sun Jul 26 15:10:58 UTC 2020
27 ms. Memory: 48128K Free: 18827K (39%)
ptolemy.util.test.WatchDog.cancel(): canceling Sun Jul 26 15:10:58 UTC 2020
------------------ testing $PTII/ptolemy/domains/de/test/auto/Iteration.xml
auto.tcl: Setting watchdog for 200 seconds at Sun Jul 26 15:10:58 UTC 2020
7 ms. Memory: 48128K Free: 26278K (55%)
ptolemy.util.test.WatchDog.cancel(): canceling Sun Jul 26 15:10:58 UTC 2020
auto.tcl: Setting watchdog for 200 seconds at Sun Jul 26 15:10:58 UTC 2020
7 ms. Memory: 48128K Free: 24866K (52%)
ptolemy.util.test.WatchDog.cancel(): canceling Sun Jul 26 15:10:58 UTC 2020
------------------ testing $PTII/ptolemy/domains/de/test/auto/LineFault.xml
auto.tcl: Setting watchdog for 200 seconds at Sun Jul 26 15:10:58 UTC 2020
648 ms. Memory: 58368K Free: 33810K (58%)
ptolemy.util.test.WatchDog.cancel(): canceling Sun Jul 26 15:10:59 UTC 2020
auto.tcl: Setting watchdog for 200 seconds at Sun Jul 26 15:10:59 UTC 2020
550 ms. Memory: 58368K Free: 27683K (47%)
ptolemy.util.test.WatchDog.cancel(): canceling Sun Jul 26 15:10:59 UTC 2020
------------------ testing $PTII/ptolemy/domains/de/test/auto/MergeModel1Add.xml
auto.tcl: Setting watchdog for 200 seconds at Sun Jul 26 15:10:59 UTC 2020
28 ms. Memory: 55296K Free: 19429K (35%)
ptolemy.util.test.WatchDog.cancel(): canceling Sun Jul 26 15:10:59 UTC 2020
auto.tcl: Setting watchdog for 200 seconds at Sun Jul 26 15:10:59 UTC 2020
11 ms. Memory: 55296K Free: 17756K (32%)
ptolemy.util.test.WatchDog.cancel(): canceling Sun Jul 26 15:10:59 UTC 2020
------------------ testing $PTII/ptolemy/domains/de/test/auto/MergeModel2Add.xml
auto.tcl: Setting watchdog for 200 seconds at Sun Jul 26 15:10:59 UTC 2020
9 ms. Memory: 51200K Free: 17154K (34%)
ptolemy.util.test.WatchDog.cancel(): canceling Sun Jul 26 15:10:59 UTC 2020
auto.tcl: Setting watchdog for 200 seconds at Sun Jul 26 15:10:59 UTC 2020
8 ms. Memory: 51200K Free: 15419K (30%)
ptolemy.util.test.WatchDog.cancel(): canceling Sun Jul 26 15:10:59 UTC 2020
------------------ testing $PTII/ptolemy/domains/de/test/auto/MergeModel3Add.xml
auto.tcl: Setting watchdog for 200 seconds at Sun Jul 26 15:11:00 UTC 2020
8 ms. Memory: 51200K Free: 17403K (34%)
ptolemy.util.test.WatchDog.cancel(): canceling Sun Jul 26 15:11:00 UTC 2020
auto.tcl: Setting watchdog for 200 seconds at Sun Jul 26 15:11:00 UTC 2020
8 ms. Memory: 51200K Free: 15870K (31%)
ptolemy.util.test.WatchDog.cancel(): canceling Sun Jul 26 15:11:00 UTC 2020
------------------ testing $PTII/ptolemy/domains/de/test/auto/MergeWithoutDiscard.xml
auto.tcl: Setting watchdog for 200 seconds at Sun Jul 26 15:11:00 UTC 2020
1 ms. Memory: 51200K Free: 31927K (62%)
ptolemy.util.test.WatchDog.cancel(): canceling Sun Jul 26 15:11:00 UTC 2020
auto.tcl: Setting watchdog for 200 seconds at Sun Jul 26 15:11:00 UTC 2020
2 ms. Memory: 51200K Free: 31492K (62%)
ptolemy.util.test.WatchDog.cancel(): canceling Sun Jul 26 15:11:00 UTC 2020
------------------ testing $PTII/ptolemy/domains/de/test/auto/Modal1.xml
auto.tcl: Setting watchdog for 200 seconds at Sun Jul 26 15:11:00 UTC 2020
11 ms. Memory: 51200K Free: 23855K (47%)
ptolemy.util.test.WatchDog.cancel(): canceling Sun Jul 26 15:11:00 UTC 2020
auto.tcl: Setting watchdog for 200 seconds at Sun Jul 26 15:11:00 UTC 2020
13 ms. Memory: 51200K Free: 20410K (40%)
ptolemy.util.test.WatchDog.cancel(): canceling Sun Jul 26 15:11:00 UTC 2020
------------------ testing $PTII/ptolemy/domains/de/test/auto/Modal2.xml
auto.tcl: Setting watchdog for 200 seconds at Sun Jul 26 15:11:00 UTC 2020
21 ms. Memory: 51200K Free: 24000K (47%)
ptolemy.util.test.WatchDog.cancel(): canceling Sun Jul 26 15:11:00 UTC 2020
auto.tcl: Setting watchdog for 200 seconds at Sun Jul 26 15:11:00 UTC 2020
18 ms. Memory: 51200K Free: 20761K (41%)
ptolemy.util.test.WatchDog.cancel(): canceling Sun Jul 26 15:11:00 UTC 2020
------------------ testing $PTII/ptolemy/domains/de/test/auto/Modal3.xml
auto.tcl: Setting watchdog for 200 seconds at Sun Jul 26 15:11:00 UTC 2020
10 ms. Memory: 51200K Free: 23507K (46%)
ptolemy.util.test.WatchDog.cancel(): canceling Sun Jul 26 15:11:00 UTC 2020
auto.tcl: Setting watchdog for 200 seconds at Sun Jul 26 15:11:00 UTC 2020
11 ms. Memory: 51200K Free: 20348K (40%)
ptolemy.util.test.WatchDog.cancel(): canceling Sun Jul 26 15:11:00 UTC 2020
------------------ testing $PTII/ptolemy/domains/de/test/auto/Modal4.xml
auto.tcl: Setting watchdog for 200 seconds at Sun Jul 26 15:11:00 UTC 2020
24 ms. Memory: 51200K Free: 22957K (45%)
ptolemy.util.test.WatchDog.cancel(): canceling Sun Jul 26 15:11:00 UTC 2020
auto.tcl: Setting watchdog for 200 seconds at Sun Jul 26 15:11:00 UTC 2020
19 ms. Memory: 51200K Free: 19123K (37%)
ptolemy.util.test.WatchDog.cancel(): canceling Sun Jul 26 15:11:00 UTC 2020
------------------ testing $PTII/ptolemy/domains/de/test/auto/Modal5.xml
auto.tcl: Setting watchdog for 200 seconds at Sun Jul 26 15:11:00 UTC 2020
25 ms. Memory: 51200K Free: 22958K (45%)
ptolemy.util.test.WatchDog.cancel(): canceling Sun Jul 26 15:11:00 UTC 2020
auto.tcl: Setting watchdog for 200 seconds at Sun Jul 26 15:11:00 UTC 2020
14 ms. Memory: 51200K Free: 19110K (37%)
ptolemy.util.test.WatchDog.cancel(): canceling Sun Jul 26 15:11:00 UTC 2020
------------------ testing $PTII/ptolemy/domains/de/test/auto/Modal6.xml
auto.tcl: Setting watchdog for 200 seconds at Sun Jul 26 15:11:00 UTC 2020
18 ms. Memory: 51200K Free: 23704K (46%)
ptolemy.util.test.WatchDog.cancel(): canceling Sun Jul 26 15:11:00 UTC 2020
auto.tcl: Setting watchdog for 200 seconds at Sun Jul 26 15:11:00 UTC 2020
17 ms. Memory: 51200K Free: 19736K (39%)
ptolemy.util.test.WatchDog.cancel(): canceling Sun Jul 26 15:11:00 UTC 2020
------------------ testing $PTII/ptolemy/domains/de/test/auto/Modal7.xml
auto.tcl: Setting watchdog for 200 seconds at Sun Jul 26 15:11:00 UTC 2020
15 ms. Memory: 51200K Free: 22919K (45%)
ptolemy.util.test.WatchDog.cancel(): canceling Sun Jul 26 15:11:00 UTC 2020
auto.tcl: Setting watchdog for 200 seconds at Sun Jul 26 15:11:00 UTC 2020
12 ms. Memory: 51200K Free: 19371K (38%)
ptolemy.util.test.WatchDog.cancel(): canceling Sun Jul 26 15:11:00 UTC 2020
------------------ testing $PTII/ptolemy/domains/de/test/auto/ModalModel.xml
auto.tcl: Setting watchdog for 200 seconds at Sun Jul 26 15:11:00 UTC 2020
193 ms. Memory: 51200K Free: 15246K (30%)
ptolemy.util.test.WatchDog.cancel(): canceling Sun Jul 26 15:11:01 UTC 2020
auto.tcl: Setting watchdog for 200 seconds at Sun Jul 26 15:11:01 UTC 2020
193 ms. Memory: 68608K Free: 30667K (45%)
ptolemy.util.test.WatchDog.cancel(): canceling Sun Jul 26 15:11:01 UTC 2020
------------------ testing $PTII/ptolemy/domains/de/test/auto/ModalSource.xml
auto.tcl: Setting watchdog for 200 seconds at Sun Jul 26 15:11:01 UTC 2020
6 ms. Memory: 55296K Free: 31878K (58%)
ptolemy.util.test.WatchDog.cancel(): canceling Sun Jul 26 15:11:01 UTC 2020
auto.tcl: Setting watchdog for 200 seconds at Sun Jul 26 15:11:01 UTC 2020
4 ms. Memory: 55296K Free: 29830K (54%)
ptolemy.util.test.WatchDog.cancel(): canceling Sun Jul 26 15:11:01 UTC 2020
------------------ testing $PTII/ptolemy/domains/de/test/auto/NonInterruptibleTimerZeroDelay.xml
auto.tcl: Setting watchdog for 200 seconds at Sun Jul 26 15:11:01 UTC 2020
3 ms. Memory: 55296K Free: 36798K (67%)
ptolemy.util.test.WatchDog.cancel(): canceling Sun Jul 26 15:11:01 UTC 2020
auto.tcl: Setting watchdog for 200 seconds at Sun Jul 26 15:11:01 UTC 2020
2 ms. Memory: 55296K Free: 36146K (65%)
ptolemy.util.test.WatchDog.cancel(): canceling Sun Jul 26 15:11:01 UTC 2020
------------------ testing $PTII/ptolemy/domains/de/test/auto/OpenQueueingNetwork.xml
auto.tcl: Setting watchdog for 200 seconds at Sun Jul 26 15:11:01 UTC 2020
2725 ms. Memory: 92160K Free: 49667K (54%)
ptolemy.util.test.WatchDog.cancel(): canceling Sun Jul 26 15:11:04 UTC 2020
auto.tcl: Setting watchdog for 200 seconds at Sun Jul 26 15:11:04 UTC 2020
2566 ms. Memory: 110592K Free: 81367K (74%)
ptolemy.util.test.WatchDog.cancel(): canceling Sun Jul 26 15:11:07 UTC 2020
------------------ testing $PTII/ptolemy/domains/de/test/auto/OpenQueuingNetwork.xml
auto.tcl: Setting watchdog for 200 seconds at Sun Jul 26 15:11:07 UTC 2020
233 ms. Memory: 55296K Free: 24404K (44%)
ptolemy.util.test.WatchDog.cancel(): canceling Sun Jul 26 15:11:07 UTC 2020
auto.tcl: Setting watchdog for 200 seconds at Sun Jul 26 15:11:07 UTC 2020
234 ms. Memory: 66560K Free: 44095K (66%)
ptolemy.util.test.WatchDog.cancel(): canceling Sun Jul 26 15:11:07 UTC 2020
------------------ testing $PTII/ptolemy/domains/de/test/auto/PeriodicSampler.xml
auto.tcl: Setting watchdog for 200 seconds at Sun Jul 26 15:11:07 UTC 2020
2 ms. Memory: 55296K Free: 36015K (65%)
ptolemy.util.test.WatchDog.cancel(): canceling Sun Jul 26 15:11:07 UTC 2020
auto.tcl: Setting watchdog for 200 seconds at Sun Jul 26 15:11:07 UTC 2020
2 ms. Memory: 55296K Free: 35505K (64%)
ptolemy.util.test.WatchDog.cancel(): canceling Sun Jul 26 15:11:07 UTC 2020
------------------ testing $PTII/ptolemy/domains/de/test/auto/PersistentIO.xml
auto.tcl: Setting watchdog for 200 seconds at Sun Jul 26 15:11:07 UTC 2020
17 ms. Memory: 51200K Free: 26844K (52%)
ptolemy.util.test.WatchDog.cancel(): canceling Sun Jul 26 15:11:07 UTC 2020
auto.tcl: Setting watchdog for 200 seconds at Sun Jul 26 15:11:07 UTC 2020
4 ms. Memory: 51200K Free: 25338K (49%)
ptolemy.util.test.WatchDog.cancel(): canceling Sun Jul 26 15:11:07 UTC 2020
------------------ testing $PTII/ptolemy/domains/de/test/auto/PortParameterResetOnInitialize.xml
auto.tcl: Setting watchdog for 200 seconds at Sun Jul 26 15:11:07 UTC 2020
3 ms. Memory: 51200K Free: 31828K (62%)
ptolemy.util.test.WatchDog.cancel(): canceling Sun Jul 26 15:11:07 UTC 2020
auto.tcl: Setting watchdog for 200 seconds at Sun Jul 26 15:11:07 UTC 2020
2 ms. Memory: 51200K Free: 31332K (61%)
ptolemy.util.test.WatchDog.cancel(): canceling Sun Jul 26 15:11:07 UTC 2020
------------------ testing $PTII/ptolemy/domains/de/test/auto/PortParameterUpdates.xml
auto.tcl: Setting watchdog for 200 seconds at Sun Jul 26 15:11:07 UTC 2020
5 ms. Memory: 51200K Free: 29912K (58%)
ptolemy.util.test.WatchDog.cancel(): canceling Sun Jul 26 15:11:07 UTC 2020
auto.tcl: Setting watchdog for 200 seconds at Sun Jul 26 15:11:07 UTC 2020
4 ms. Memory: 51200K Free: 28890K (56%)
ptolemy.util.test.WatchDog.cancel(): canceling Sun Jul 26 15:11:07 UTC 2020
------------------ testing $PTII/ptolemy/domains/de/test/auto/QueueAndServer.xml
auto.tcl: Setting watchdog for 200 seconds at Sun Jul 26 15:11:07 UTC 2020
15 ms. Memory: 51200K Free: 28866K (56%)
ptolemy.util.test.WatchDog.cancel(): canceling Sun Jul 26 15:11:08 UTC 2020
auto.tcl: Setting watchdog for 200 seconds at Sun Jul 26 15:11:08 UTC 2020
7 ms. Memory: 51200K Free: 27371K (53%)
ptolemy.util.test.WatchDog.cancel(): canceling Sun Jul 26 15:11:08 UTC 2020
------------------ testing $PTII/ptolemy/domains/de/test/auto/Records.xml
auto.tcl: Setting watchdog for 200 seconds at Sun Jul 26 15:11:08 UTC 2020
3 ms. Memory: 51200K Free: 31083K (61%)
ptolemy.util.test.WatchDog.cancel(): canceling Sun Jul 26 15:11:08 UTC 2020
auto.tcl: Setting watchdog for 200 seconds at Sun Jul 26 15:11:08 UTC 2020
2 ms. Memory: 51200K Free: 30574K (60%)
ptolemy.util.test.WatchDog.cancel(): canceling Sun Jul 26 15:11:08 UTC 2020
------------------ testing $PTII/ptolemy/domains/de/test/auto/ResetTransitionWithStartTime1.xml
auto.tcl: Setting watchdog for 200 seconds at Sun Jul 26 15:11:08 UTC 2020
9 ms. Memory: 51200K Free: 28327K (55%)
ptolemy.util.test.WatchDog.cancel(): canceling Sun Jul 26 15:11:08 UTC 2020
auto.tcl: Setting watchdog for 200 seconds at Sun Jul 26 15:11:08 UTC 2020
5 ms. Memory: 51200K Free: 26289K (51%)
ptolemy.util.test.WatchDog.cancel(): canceling Sun Jul 26 15:11:08 UTC 2020
------------------ testing $PTII/ptolemy/domains/de/test/auto/ResetTransitionWithStartTime2.xml
auto.tcl: Setting watchdog for 200 seconds at Sun Jul 26 15:11:08 UTC 2020
5 ms. Memory: 51200K Free: 28283K (55%)
ptolemy.util.test.WatchDog.cancel(): canceling Sun Jul 26 15:11:08 UTC 2020
auto.tcl: Setting watchdog for 200 seconds at Sun Jul 26 15:11:08 UTC 2020
6 ms. Memory: 51200K Free: 26260K (51%)
ptolemy.util.test.WatchDog.cancel(): canceling Sun Jul 26 15:11:08 UTC 2020
------------------ testing $PTII/ptolemy/domains/de/test/auto/ResetTransitionWithStartTime3.xml
auto.tcl: Setting watchdog for 200 seconds at Sun Jul 26 15:11:08 UTC 2020
10 ms. Memory: 51200K Free: 28282K (55%)
ptolemy.util.test.WatchDog.cancel(): canceling Sun Jul 26 15:11:08 UTC 2020
auto.tcl: Setting watchdog for 200 seconds at Sun Jul 26 15:11:08 UTC 2020
6 ms. Memory: 51200K Free: 26259K (51%)
ptolemy.util.test.WatchDog.cancel(): canceling Sun Jul 26 15:11:08 UTC 2020
------------------ testing $PTII/ptolemy/domains/de/test/auto/ResetTransitionWithStartTime4.xml
auto.tcl: Setting watchdog for 200 seconds at Sun Jul 26 15:11:08 UTC 2020
10 ms. Memory: 51200K Free: 28729K (56%)
ptolemy.util.test.WatchDog.cancel(): canceling Sun Jul 26 15:11:08 UTC 2020
auto.tcl: Setting watchdog for 200 seconds at Sun Jul 26 15:11:08 UTC 2020
4 ms. Memory: 51200K Free: 27266K (53%)
ptolemy.util.test.WatchDog.cancel(): canceling Sun Jul 26 15:11:08 UTC 2020
------------------ testing $PTII/ptolemy/domains/de/test/auto/ResettableTimer1.xml
auto.tcl: Setting watchdog for 200 seconds at Sun Jul 26 15:11:08 UTC 2020
2 ms. Memory: 51200K Free: 32472K (63%)
ptolemy.util.test.WatchDog.cancel(): canceling Sun Jul 26 15:11:08 UTC 2020
auto.tcl: Setting watchdog for 200 seconds at Sun Jul 26 15:11:08 UTC 2020
2 ms. Memory: 51200K Free: 31833K (62%)
ptolemy.util.test.WatchDog.cancel(): canceling Sun Jul 26 15:11:08 UTC 2020
------------------ testing $PTII/ptolemy/domains/de/test/auto/ResettableTimer2.xml
auto.tcl: Setting watchdog for 200 seconds at Sun Jul 26 15:11:08 UTC 2020
2 ms. Memory: 51200K Free: 32499K (63%)
ptolemy.util.test.WatchDog.cancel(): canceling Sun Jul 26 15:11:08 UTC 2020
auto.tcl: Setting watchdog for 200 seconds at Sun Jul 26 15:11:08 UTC 2020
2 ms. Memory: 51200K Free: 31393K (61%)
ptolemy.util.test.WatchDog.cancel(): canceling Sun Jul 26 15:11:08 UTC 2020
------------------ testing $PTII/ptolemy/domains/de/test/auto/ResettableTimer3.xml
auto.tcl: Setting watchdog for 200 seconds at Sun Jul 26 15:11:08 UTC 2020
1 ms. Memory: 51200K Free: 32419K (63%)
ptolemy.util.test.WatchDog.cancel(): canceling Sun Jul 26 15:11:08 UTC 2020
auto.tcl: Setting watchdog for 200 seconds at Sun Jul 26 15:11:08 UTC 2020
1 ms. Memory: 51200K Free: 32419K (63%)
ptolemy.util.test.WatchDog.cancel(): canceling Sun Jul 26 15:11:08 UTC 2020
------------------ testing $PTII/ptolemy/domains/de/test/auto/ResettableTimer4.xml
auto.tcl: Setting watchdog for 200 seconds at Sun Jul 26 15:11:08 UTC 2020
1 ms. Memory: 51200K Free: 32428K (63%)
ptolemy.util.test.WatchDog.cancel(): canceling Sun Jul 26 15:11:08 UTC 2020
auto.tcl: Setting watchdog for 200 seconds at Sun Jul 26 15:11:08 UTC 2020
1 ms. Memory: 51200K Free: 31934K (62%)
ptolemy.util.test.WatchDog.cancel(): canceling Sun Jul 26 15:11:08 UTC 2020
------------------ testing $PTII/ptolemy/domains/de/test/auto/ResettableTimer5.xml
auto.tcl: Setting watchdog for 200 seconds at Sun Jul 26 15:11:08 UTC 2020
1 ms. Memory: 51200K Free: 31898K (62%)
ptolemy.util.test.WatchDog.cancel(): canceling Sun Jul 26 15:11:08 UTC 2020
auto.tcl: Setting watchdog for 200 seconds at Sun Jul 26 15:11:08 UTC 2020
1 ms. Memory: 51200K Free: 31407K (61%)
ptolemy.util.test.WatchDog.cancel(): canceling Sun Jul 26 15:11:08 UTC 2020
------------------ testing $PTII/ptolemy/domains/de/test/auto/ResettableTimer6.xml
auto.tcl: Setting watchdog for 200 seconds at Sun Jul 26 15:11:08 UTC 2020
2 ms. Memory: 51200K Free: 31833K (62%)
ptolemy.util.test.WatchDog.cancel(): canceling Sun Jul 26 15:11:08 UTC 2020
auto.tcl: Setting watchdog for 200 seconds at Sun Jul 26 15:11:08 UTC 2020
2 ms. Memory: 51200K Free: 31392K (61%)
ptolemy.util.test.WatchDog.cancel(): canceling Sun Jul 26 15:11:08 UTC 2020
------------------ testing $PTII/ptolemy/domains/de/test/auto/ServerZeroDelay.xml
auto.tcl: Setting watchdog for 200 seconds at Sun Jul 26 15:11:08 UTC 2020
3 ms. Memory: 51200K Free: 32408K (63%)
ptolemy.util.test.WatchDog.cancel(): canceling Sun Jul 26 15:11:08 UTC 2020
auto.tcl: Setting watchdog for 200 seconds at Sun Jul 26 15:11:08 UTC 2020
2 ms. Memory: 51200K Free: 31384K (61%)
ptolemy.util.test.WatchDog.cancel(): canceling Sun Jul 26 15:11:08 UTC 2020
------------------ testing $PTII/ptolemy/domains/de/test/auto/SmartSender.xml
auto.tcl: Setting watchdog for 200 seconds at Sun Jul 26 15:11:08 UTC 2020
3001 ms. Memory: 51200K Free: 32403K (63%)
ptolemy.util.test.WatchDog.cancel(): canceling Sun Jul 26 15:11:11 UTC 2020
auto.tcl: Setting watchdog for 200 seconds at Sun Jul 26 15:11:11 UTC 2020
3001 ms. Memory: 51200K Free: 31909K (62%)
ptolemy.util.test.WatchDog.cancel(): canceling Sun Jul 26 15:11:14 UTC 2020
------------------ testing $PTII/ptolemy/domains/de/test/auto/ThreadedComposite.xml
auto.tcl: Setting watchdog for 200 seconds at Sun Jul 26 15:11:14 UTC 2020
202 ms. Memory: 51200K Free: 12446K (24%)
ptolemy.util.test.WatchDog.cancel(): canceling Sun Jul 26 15:11:15 UTC 2020
auto.tcl: Setting watchdog for 200 seconds at Sun Jul 26 15:11:15 UTC 2020
328 ms. Memory: 51200K Free: 13607K (27%)
ptolemy.util.test.WatchDog.cancel(): canceling Sun Jul 26 15:11:15 UTC 2020
------------------ testing $PTII/ptolemy/domains/de/test/auto/Time.xml
auto.tcl: Setting watchdog for 200 seconds at Sun Jul 26 15:11:15 UTC 2020
486 ms. Memory: 51200K Free: 34609K (68%)
ptolemy.util.test.WatchDog.cancel(): canceling Sun Jul 26 15:11:16 UTC 2020
auto.tcl: Setting watchdog for 200 seconds at Sun Jul 26 15:11:16 UTC 2020
436 ms. Memory: 51200K Free: 8733K (17%)
ptolemy.util.test.WatchDog.cancel(): canceling Sun Jul 26 15:11:16 UTC 2020
------------------ testing $PTII/ptolemy/domains/de/test/auto/TimeDelayZeroDelay.xml
auto.tcl: Setting watchdog for 200 seconds at Sun Jul 26 15:11:16 UTC 2020
4 ms. Memory: 51200K Free: 32331K (63%)
ptolemy.util.test.WatchDog.cancel(): canceling Sun Jul 26 15:11:16 UTC 2020
auto.tcl: Setting watchdog for 200 seconds at Sun Jul 26 15:11:16 UTC 2020
2 ms. Memory: 51200K Free: 31458K (61%)
ptolemy.util.test.WatchDog.cancel(): canceling Sun Jul 26 15:11:16 UTC 2020
------------------ testing $PTII/ptolemy/domains/de/test/auto/TimerZeroDelay.xml
auto.tcl: Setting watchdog for 200 seconds at Sun Jul 26 15:11:16 UTC 2020
2 ms. Memory: 51200K Free: 32822K (64%)
ptolemy.util.test.WatchDog.cancel(): canceling Sun Jul 26 15:11:16 UTC 2020
auto.tcl: Setting watchdog for 200 seconds at Sun Jul 26 15:11:16 UTC 2020
2 ms. Memory: 51200K Free: 32374K (63%)
ptolemy.util.test.WatchDog.cancel(): canceling Sun Jul 26 15:11:16 UTC 2020
------------------ testing $PTII/ptolemy/domains/de/test/auto/TimingParadox.xml
auto.tcl: Setting watchdog for 200 seconds at Sun Jul 26 15:11:16 UTC 2020
357 ms. Memory: 51200K Free: 17426K (34%)
ptolemy.util.test.WatchDog.cancel(): canceling Sun Jul 26 15:11:17 UTC 2020
auto.tcl: Setting watchdog for 200 seconds at Sun Jul 26 15:11:17 UTC 2020
432 ms. Memory: 51200K Free: 30785K (60%)
ptolemy.util.test.WatchDog.cancel(): canceling Sun Jul 26 15:11:17 UTC 2020
------------------ testing $PTII/ptolemy/domains/de/test/auto/TransferInputs.xml
auto.tcl: Setting watchdog for 200 seconds at Sun Jul 26 15:11:17 UTC 2020
2 ms. Memory: 51200K Free: 30842K (60%)
ptolemy.util.test.WatchDog.cancel(): canceling Sun Jul 26 15:11:17 UTC 2020
auto.tcl: Setting watchdog for 200 seconds at Sun Jul 26 15:11:17 UTC 2020
2 ms. Memory: 51200K Free: 29970K (59%)
ptolemy.util.test.WatchDog.cancel(): canceling Sun Jul 26 15:11:17 UTC 2020
------------------ testing $PTII/ptolemy/domains/de/test/auto/TransferOutputs2.xml
auto.tcl: Setting watchdog for 200 seconds at Sun Jul 26 15:11:17 UTC 2020
11 ms. Memory: 51200K Free: 28284K (55%)
ptolemy.util.test.WatchDog.cancel(): canceling Sun Jul 26 15:11:17 UTC 2020
auto.tcl: Setting watchdog for 200 seconds at Sun Jul 26 15:11:17 UTC 2020
3 ms. Memory: 51200K Free: 26870K (52%)
ptolemy.util.test.WatchDog.cancel(): canceling Sun Jul 26 15:11:17 UTC 2020
------------------ testing $PTII/ptolemy/domains/de/test/auto/Trilateration.xml
auto.tcl: Setting watchdog for 200 seconds at Sun Jul 26 15:11:17 UTC 2020
12209 ms. Memory: 525312K Free: 385908K (73%)
ptolemy.util.test.WatchDog.cancel(): canceling Sun Jul 26 15:11:30 UTC 2020
auto.tcl: Setting watchdog for 200 seconds at Sun Jul 26 15:11:30 UTC 2020
8862 ms. Memory: 525312K Free: 227149K (43%)
ptolemy.util.test.WatchDog.cancel(): canceling Sun Jul 26 15:11:39 UTC 2020
------------------ testing $PTII/ptolemy/domains/de/test/auto/TwoSigmaDelta.xml
auto.tcl: Setting watchdog for 200 seconds at Sun Jul 26 15:11:39 UTC 2020
2308 ms. Memory: 89088K Free: 14118K (16%)
ptolemy.util.test.WatchDog.cancel(): canceling Sun Jul 26 15:11:42 UTC 2020
auto.tcl: Setting watchdog for 200 seconds at Sun Jul 26 15:11:42 UTC 2020
1923 ms. Memory: 89088K Free: 61250K (69%)
ptolemy.util.test.WatchDog.cancel(): canceling Sun Jul 26 15:11:44 UTC 2020
------------------ testing $PTII/ptolemy/domains/de/test/auto/VariableDelay.xml
auto.tcl: Setting watchdog for 200 seconds at Sun Jul 26 15:11:44 UTC 2020
2 ms. Memory: 55296K Free: 35433K (64%)
ptolemy.util.test.WatchDog.cancel(): canceling Sun Jul 26 15:11:44 UTC 2020
auto.tcl: Setting watchdog for 200 seconds at Sun Jul 26 15:11:44 UTC 2020
2 ms. Memory: 55296K Free: 34417K (62%)
ptolemy.util.test.WatchDog.cancel(): canceling Sun Jul 26 15:11:44 UTC 2020
------------------ testing $PTII/ptolemy/domains/de/test/auto/VariableDelay2.xml
auto.tcl: Setting watchdog for 200 seconds at Sun Jul 26 15:11:44 UTC 2020
3 ms. Memory: 55296K Free: 35839K (65%)
ptolemy.util.test.WatchDog.cancel(): canceling Sun Jul 26 15:11:44 UTC 2020
auto.tcl: Setting watchdog for 200 seconds at Sun Jul 26 15:11:44 UTC 2020
1 ms. Memory: 55296K Free: 35335K (64%)
ptolemy.util.test.WatchDog.cancel(): canceling Sun Jul 26 15:11:44 UTC 2020
------------------ testing $PTII/ptolemy/domains/de/test/auto/VariableDelayZeroDelay.xml
auto.tcl: Setting watchdog for 200 seconds at Sun Jul 26 15:11:44 UTC 2020
2 ms. Memory: 51200K Free: 32263K (63%)
ptolemy.util.test.WatchDog.cancel(): canceling Sun Jul 26 15:11:44 UTC 2020
auto.tcl: Setting watchdog for 200 seconds at Sun Jul 26 15:11:44 UTC 2020
2 ms. Memory: 51200K Free: 31735K (62%)
ptolemy.util.test.WatchDog.cancel(): canceling Sun Jul 26 15:11:44 UTC 2020
------------------ testing $PTII/ptolemy/domains/de/test/auto/VariableDelayZeroDelay2.xml
auto.tcl: Setting watchdog for 200 seconds at Sun Jul 26 15:11:44 UTC 2020
5 ms. Memory: 51200K Free: 32262K (63%)
ptolemy.util.test.WatchDog.cancel(): canceling Sun Jul 26 15:11:44 UTC 2020
auto.tcl: Setting watchdog for 200 seconds at Sun Jul 26 15:11:44 UTC 2020
2 ms. Memory: 51200K Free: 31245K (61%)
ptolemy.util.test.WatchDog.cancel(): canceling Sun Jul 26 15:11:44 UTC 2020
------------------ testing $PTII/ptolemy/domains/de/test/auto/deInCt.xml
auto.tcl: Setting watchdog for 200 seconds at Sun Jul 26 15:11:44 UTC 2020
0
1
1
1
0
0
0
1
1
1
0
0
0
1
1
1
1
0
0
0
1
1
1
0
0
1
1
1
0
0
0
1
1
1
0
0
0
1
1
1
1
1
0
0
0
0
19 ms. Memory: 51200K Free: 31235K (61%)
ptolemy.util.test.WatchDog.cancel(): canceling Sun Jul 26 15:11:44 UTC 2020
auto.tcl: Setting watchdog for 200 seconds at Sun Jul 26 15:11:44 UTC 2020
0
1
1
0
0
0
1
1
1
0
0
0
1
1
1
0
0
0
0
0
1
1
1
0
0
0
1
1
1
1
0
0
0
1
1
1
0
0
1
1
1
1
1
8 ms. Memory: 51200K Free: 29696K (58%)
ptolemy.util.test.WatchDog.cancel(): canceling Sun Jul 26 15:11:44 UTC 2020
------------------ testing $PTII/ptolemy/domains/de/test/auto/deInCt2.xml
auto.tcl: Setting watchdog for 200 seconds at Sun Jul 26 15:11:44 UTC 2020
0
1
1
1
0
0
1
1
1
0
0
1
1
1
0
0
1
1
1
0
0
1
1
1
0
0
1
1
1
0
0
1
1
1
0
0
1
1
1
0
0
0
11 ms. Memory: 51200K Free: 31236K (61%)
ptolemy.util.test.WatchDog.cancel(): canceling Sun Jul 26 15:11:44 UTC 2020
auto.tcl: Setting watchdog for 200 seconds at Sun Jul 26 15:11:44 UTC 2020
0
1
1
1
0
0
1
1
1
0
0
1
1
1
0
0
1
1
1
0
0
1
1
1
0
0
1
1
1
0
0
1
1
1
0
0
1
1
1
0
0
0
9 ms. Memory: 51200K Free: 29697K (58%)
ptolemy.util.test.WatchDog.cancel(): canceling Sun Jul 26 15:11:44 UTC 2020
------------------ testing $PTII/ptolemy/domains/de/test/auto/dynamicCausalityInterface1.xml
auto.tcl: Setting watchdog for 200 seconds at Sun Jul 26 15:11:44 UTC 2020
1 ms. Memory: 51200K Free: 27134K (53%)
ptolemy.util.test.WatchDog.cancel(): canceling Sun Jul 26 15:11:44 UTC 2020
auto.tcl: Setting watchdog for 200 seconds at Sun Jul 26 15:11:44 UTC 2020
1 ms. Memory: 51200K Free: 26635K (52%)
ptolemy.util.test.WatchDog.cancel(): canceling Sun Jul 26 15:11:44 UTC 2020
------------------ testing $PTII/ptolemy/domains/de/test/auto/fsm_de_test.xml
auto.tcl: Setting watchdog for 200 seconds at Sun Jul 26 15:11:44 UTC 2020
13 ms. Memory: 51200K Free: 27033K (53%)
ptolemy.util.test.WatchDog.cancel(): canceling Sun Jul 26 15:11:44 UTC 2020
auto.tcl: Setting watchdog for 200 seconds at Sun Jul 26 15:11:44 UTC 2020
6 ms. Memory: 51200K Free: 24985K (49%)
ptolemy.util.test.WatchDog.cancel(): canceling Sun Jul 26 15:11:44 UTC 2020
------------------ testing $PTII/ptolemy/domains/de/test/auto/functionDependencyReconstruction.xml
auto.tcl: Setting watchdog for 200 seconds at Sun Jul 26 15:11:44 UTC 2020
3 ms. Memory: 51200K Free: 21001K (41%)
ptolemy.util.test.WatchDog.cancel(): canceling Sun Jul 26 15:11:44 UTC 2020
auto.tcl: Setting watchdog for 200 seconds at Sun Jul 26 15:11:44 UTC 2020
3 ms. Memory: 51200K Free: 18830K (37%)
ptolemy.util.test.WatchDog.cancel(): canceling Sun Jul 26 15:11:44 UTC 2020
------------------ testing $PTII/ptolemy/domains/de/test/auto/multirate.xml
auto.tcl: Setting watchdog for 200 seconds at Sun Jul 26 15:11:44 UTC 2020
3 ms. Memory: 51200K Free: 29640K (58%)
ptolemy.util.test.WatchDog.cancel(): canceling Sun Jul 26 15:11:44 UTC 2020
auto.tcl: Setting watchdog for 200 seconds at Sun Jul 26 15:11:44 UTC 2020
3 ms. Memory: 51200K Free: 27929K (55%)
ptolemy.util.test.WatchDog.cancel(): canceling Sun Jul 26 15:11:45 UTC 2020
------------------ testing $PTII/ptolemy/domains/de/test/auto/multirate2.xml
auto.tcl: Setting watchdog for 200 seconds at Sun Jul 26 15:11:45 UTC 2020
3 ms. Memory: 51200K Free: 29630K (58%)
ptolemy.util.test.WatchDog.cancel(): canceling Sun Jul 26 15:11:45 UTC 2020
auto.tcl: Setting watchdog for 200 seconds at Sun Jul 26 15:11:45 UTC 2020
3 ms. Memory: 51200K Free: 28110K (55%)
ptolemy.util.test.WatchDog.cancel(): canceling Sun Jul 26 15:11:45 UTC 2020
------------------ testing $PTII/ptolemy/domains/de/test/auto/realtime.xml
auto.tcl: Setting watchdog for 200 seconds at Sun Jul 26 15:11:45 UTC 2020
10002 ms. Memory: 51200K Free: 31907K (62%)
ptolemy.util.test.WatchDog.cancel(): canceling Sun Jul 26 15:11:55 UTC 2020
auto.tcl: Setting watchdog for 200 seconds at Sun Jul 26 15:11:55 UTC 2020
10002 ms. Memory: 51200K Free: 31180K (61%)
ptolemy.util.test.WatchDog.cancel(): canceling Sun Jul 26 15:12:05 UTC 2020
------------------ testing $PTII/ptolemy/domains/de/test/auto/relationGroup.xml
auto.tcl: Setting watchdog for 200 seconds at Sun Jul 26 15:12:05 UTC 2020
2 ms. Memory: 51200K Free: 32993K (64%)
ptolemy.util.test.WatchDog.cancel(): canceling Sun Jul 26 15:12:05 UTC 2020
auto.tcl: Setting watchdog for 200 seconds at Sun Jul 26 15:12:05 UTC 2020
1 ms. Memory: 51200K Free: 32482K (63%)
ptolemy.util.test.WatchDog.cancel(): canceling Sun Jul 26 15:12:05 UTC 2020
------------------ testing $PTII/ptolemy/domains/de/test/auto/relationGroup2.xml
auto.tcl: Setting watchdog for 200 seconds at Sun Jul 26 15:12:05 UTC 2020
2 ms. Memory: 51200K Free: 32794K (64%)
ptolemy.util.test.WatchDog.cancel(): canceling Sun Jul 26 15:12:05 UTC 2020
auto.tcl: Setting watchdog for 200 seconds at Sun Jul 26 15:12:05 UTC 2020
1 ms. Memory: 51200K Free: 32299K (63%)
ptolemy.util.test.WatchDog.cancel(): canceling Sun Jul 26 15:12:05 UTC 2020
------------------ testing $PTII/ptolemy/domains/de/test/auto/sortWithOpaquePorts.xml
auto.tcl: Setting watchdog for 200 seconds at Sun Jul 26 15:12:05 UTC 2020
1 ms. Memory: 51200K Free: 31756K (62%)
ptolemy.util.test.WatchDog.cancel(): canceling Sun Jul 26 15:12:05 UTC 2020
auto.tcl: Setting watchdog for 200 seconds at Sun Jul 26 15:12:05 UTC 2020
2 ms. Memory: 51200K Free: 30733K (60%)
ptolemy.util.test.WatchDog.cancel(): canceling Sun Jul 26 15:12:05 UTC 2020
------------------ testing $PTII/ptolemy/domains/de/test/auto/transferInputsandOutputs.xml
auto.tcl: Setting watchdog for 200 seconds at Sun Jul 26 15:12:05 UTC 2020
4 ms. Memory: 51200K Free: 29201K (57%)
ptolemy.util.test.WatchDog.cancel(): canceling Sun Jul 26 15:12:05 UTC 2020
auto.tcl: Setting watchdog for 200 seconds at Sun Jul 26 15:12:05 UTC 2020
2 ms. Memory: 51200K Free: 28179K (55%)
ptolemy.util.test.WatchDog.cancel(): canceling Sun Jul 26 15:12:05 UTC 2020
------------------ testing $PTII/ptolemy/domains/de/test/auto/triggerType.xml
auto.tcl: Setting watchdog for 200 seconds at Sun Jul 26 15:12:05 UTC 2020
1 ms. Memory: 51200K Free: 32225K (63%)
ptolemy.util.test.WatchDog.cancel(): canceling Sun Jul 26 15:12:05 UTC 2020
auto.tcl: Setting watchdog for 200 seconds at Sun Jul 26 15:12:05 UTC 2020
2 ms. Memory: 51200K Free: 31201K (61%)
ptolemy.util.test.WatchDog.cancel(): canceling Sun Jul 26 15:12:05 UTC 2020
07/26/20 03:12:05
Failed: 0  Total Tests: 192  ((Passed: 187, Newly Passed: 1)  Known Failed: 5) /home/travis/build/icyphy/ptII/ptolemy/domains/de/test
07/26/20 03:12:05
Failed: 0  Total Tests: 192  ((Passed: 187, Newly Passed: 1)  Known Failed: 5) /home/travis/build/icyphy/ptII/ptolemy/domains/de/test
----------------- testing (KnownFailure) /home/travis/build/icyphy/ptII/ptolemy/domains/de/test/auto/knownFailedTests/DESDFClockTest.xml
2019 ms. Memory: 51200K Free: 25620K (50%)
Known Failure: java.lang.reflect.InvocationTargetException
----------------- testing (KnownFailure) /home/travis/build/icyphy/ptII/ptolemy/domains/de/test/auto/knownFailedTests/DirectFeedback.xml
2 ms. Memory: 51200K Free: 21524K (42%)
Known Failure: java.lang.reflect.InvocationTargetException
----------------- testing (KnownFailure) /home/travis/build/icyphy/ptII/ptolemy/domains/de/test/auto/knownFailedTests/FSMSource.xml
6 ms. Memory: 51200K Free: 13846K (27%)
----------------- testing (KnownFailure) /home/travis/build/icyphy/ptII/ptolemy/domains/de/test/auto/knownFailedTests/HierarchicalModel.xml
2 ms. Memory: 51200K Free: 27040K (53%)
Known Failure: java.lang.reflect.InvocationTargetException
----------------- testing (KnownFailure) /home/travis/build/icyphy/ptII/ptolemy/domains/de/test/auto/knownFailedTests/dependencyLoop.xml
8 ms. Memory: 51200K Free: 11704K (23%)
Known Failure: java.lang.reflect.InvocationTargetException
----------------- testing (KnownFailure) /home/travis/build/icyphy/ptII/ptolemy/domains/de/test/auto/knownFailedTests/dependencyLoop2.xml
5 ms. Memory: 51200K Free: 25632K (50%)
Known Failure: java.lang.reflect.InvocationTargetException
No auto/linux-amd64/*.xml tests in /home/travis/build/icyphy/ptII/ptolemy/domains/de/test
AutoTests.java: About to close Vertx.
AutoTests.java: Vertx closed.

===========================================================================================
----------------- testing Sun Jul 26 15:12:07 UTC 2020 /home/travis/build/icyphy/ptII/ptolemy/domains/de/test/auto/ActorDepthCalculation_actorWithoutPorts.xml
----------------- Instantiating /home/travis/build/icyphy/ptII/ptolemy/domains/de/test/auto/ActorDepthCalculation_actorWithoutPorts.xml
2 ms. Memory: 51200K Free: 18842K (37%)
----------------- Invoking toplevel() on ptolemy.moml.MoMLSimpleApplication@5094f6f2
----------------- Done invoking toplevel() on ptolemy.moml.MoMLSimpleApplication@5094f6f2
reloadAllAccessors: .ActorDepthCalculation_actorWithoutPorts

===========================================================================================
----------------- testing Sun Jul 26 15:12:07 UTC 2020 /home/travis/build/icyphy/ptII/ptolemy/domains/de/test/auto/AssemblyLine.xml
----------------- Instantiating /home/travis/build/icyphy/ptII/ptolemy/domains/de/test/auto/AssemblyLine.xml
2 ms. Memory: 51200K Free: 11714K (23%)
----------------- Invoking toplevel() on ptolemy.moml.MoMLSimpleApplication@678d138b
----------------- Done invoking toplevel() on ptolemy.moml.MoMLSimpleApplication@678d138b
reloadAllAccessors: .AssemblyLine

===========================================================================================
----------------- testing Sun Jul 26 15:12:07 UTC 2020 /home/travis/build/icyphy/ptII/ptolemy/domains/de/test/auto/CQBug1.xml
----------------- Instantiating /home/travis/build/icyphy/ptII/ptolemy/domains/de/test/auto/CQBug1.xml
1 ms. Memory: 51200K Free: 8921K (17%)
----------------- Invoking toplevel() on ptolemy.moml.MoMLSimpleApplication@33cdd8d7
----------------- Done invoking toplevel() on ptolemy.moml.MoMLSimpleApplication@33cdd8d7
reloadAllAccessors: .CQBug1

===========================================================================================
----------------- testing Sun Jul 26 15:12:07 UTC 2020 /home/travis/build/icyphy/ptII/ptolemy/domains/de/test/auto/CancelFireAt.xml
----------------- Instantiating /home/travis/build/icyphy/ptII/ptolemy/domains/de/test/auto/CancelFireAt.xml
1 ms. Memory: 51200K Free: 35340K (69%)
----------------- Invoking toplevel() on ptolemy.moml.MoMLSimpleApplication@20f2622d
----------------- Done invoking toplevel() on ptolemy.moml.MoMLSimpleApplication@20f2622d
reloadAllAccessors: .CancelFireAt

===========================================================================================
----------------- testing Sun Jul 26 15:12:07 UTC 2020 /home/travis/build/icyphy/ptII/ptolemy/domains/de/test/auto/CausalityAndComposabilityAnalysis.xml
----------------- Instantiating /home/travis/build/icyphy/ptII/ptolemy/domains/de/test/auto/CausalityAndComposabilityAnalysis.xml
4 ms. Memory: 51200K Free: 31110K (61%)
----------------- Invoking toplevel() on ptolemy.moml.MoMLSimpleApplication@5401cef1
----------------- Done invoking toplevel() on ptolemy.moml.MoMLSimpleApplication@5401cef1
reloadAllAccessors: .CausalityAndComposabilityAnalysis

===========================================================================================
----------------- testing Sun Jul 26 15:12:07 UTC 2020 /home/travis/build/icyphy/ptII/ptolemy/domains/de/test/auto/CausalityInterface1.xml
----------------- Instantiating /home/travis/build/icyphy/ptII/ptolemy/domains/de/test/auto/CausalityInterface1.xml
5 ms. Memory: 51200K Free: 25926K (51%)
----------------- Invoking toplevel() on ptolemy.moml.MoMLSimpleApplication@59ffd12e
----------------- Done invoking toplevel() on ptolemy.moml.MoMLSimpleApplication@59ffd12e
reloadAllAccessors: .CausalityInterface1

===========================================================================================
----------------- testing Sun Jul 26 15:12:07 UTC 2020 /home/travis/build/icyphy/ptII/ptolemy/domains/de/test/auto/CausalityInterface15.xml
----------------- Instantiating /home/travis/build/icyphy/ptII/ptolemy/domains/de/test/auto/CausalityInterface15.xml
2 ms. Memory: 51200K Free: 20412K (40%)
----------------- Invoking toplevel() on ptolemy.moml.MoMLSimpleApplication@94726ad
----------------- Done invoking toplevel() on ptolemy.moml.MoMLSimpleApplication@94726ad
reloadAllAccessors: .CausalityInterface15

===========================================================================================
----------------- testing Sun Jul 26 15:12:07 UTC 2020 /home/travis/build/icyphy/ptII/ptolemy/domains/de/test/auto/CausalityInterface2.xml
----------------- Instantiating /home/travis/build/icyphy/ptII/ptolemy/domains/de/test/auto/CausalityInterface2.xml
1 ms. Memory: 51200K Free: 16021K (31%)
[...]
	at ptolemy.actor.Manager.run(Manager.java:1263)
	at ptolemy.actor.Manager$PtolemyRunThread.run(Manager.java:1933)
java.lang.RuntimeException: Execution failed
	at ptolemy.moml.MoMLSimpleApplication$UnloadThread.run(MoMLSimpleApplication.java:402)
Caused by: ptolemy.kernel.util.IllegalActionException: Actor is not ready to fire.  Perhaps UpSample.prefire() returned false? Try debugging the actor by selecting "Listen to Actor".  Also, for SDF check moml for tokenConsumptionRate on input.
  in .DESDFClockTest.Play Bell.Copy1:SDF Director and .DESDFClockTest.Play Bell.UpSample
	at ptolemy.actor.sched.StaticSchedulingDirector.fire(StaticSchedulingDirector.java:227)
	at ptolemy.domains.sdf.kernel.SDFDirector.fire(SDFDirector.java:500)
	at ptolemy.actor.CompositeActor.fire(CompositeActor.java:455)
	at ptolemy.domains.de.kernel.DEDirector._fire(DEDirector.java:1949)
	at ptolemy.domains.de.kernel.DEDirector.fire(DEDirector.java:502)
	at ptolemy.actor.CompositeActor.fire(CompositeActor.java:455)
	at ptolemy.actor.Manager.iterate(Manager.java:851)
	at ptolemy.actor.Manager.execute(Manager.java:369)
	at ptolemy.actor.Manager.run(Manager.java:1263)
	at ptolemy.actor.Manager$PtolemyRunThread.run(Manager.java:1933)
java.lang.reflect.InvocationTargetException
	at java.base/jdk.internal.reflect.NativeConstructorAccessorImpl.newInstance0(Native Method)
	at java.base/jdk.internal.reflect.NativeConstructorAccessorImpl.newInstance(NativeConstructorAccessorImpl.java:62)
	at java.base/jdk.internal.reflect.DelegatingConstructorAccessorImpl.newInstance(DelegatingConstructorAccessorImpl.java:45)
	at java.base/java.lang.reflect.Constructor.newInstance(Constructor.java:490)
	at ptolemy.util.test.junit.AutoKnownFailedTests.RunModel(AutoKnownFailedTests.java:105)
	at java.base/jdk.internal.reflect.NativeMethodAccessorImpl.invoke0(Native Method)
	at java.base/jdk.internal.reflect.NativeMethodAccessorImpl.invoke(NativeMethodAccessorImpl.java:62)
	at java.base/jdk.internal.reflect.DelegatingMethodAccessorImpl.invoke(DelegatingMethodAccessorImpl.java:43)
	at java.base/java.lang.reflect.Method.invoke(Method.java:566)
	at org.junit.runners.model.FrameworkMethod$1.runReflectiveCall(FrameworkMethod.java:44)
	at org.junit.internal.runners.model.ReflectiveCallable.run(ReflectiveCallable.java:15)
	at org.junit.runners.model.FrameworkMethod.invokeExplosively(FrameworkMethod.java:41)
	at junitparams.internal.InvokeParameterisedMethod.evaluate(InvokeParameterisedMethod.java:102)
	at org.junit.internal.runners.statements.FailOnTimeout$1.run(FailOnTimeout.java:28)
Caused by: ptolemy.kernel.util.IllegalActionException: Actor is not ready to fire.  Perhaps UpSample.prefire() returned false? Try debugging the actor by selecting "Listen to Actor".  Also, for SDF check moml for tokenConsumptionRate on input.
  in .DESDFClockTest.Play Bell.Copy1:SDF Director and .DESDFClockTest.Play Bell.UpSample
	at ptolemy.actor.sched.StaticSchedulingDirector.fire(StaticSchedulingDirector.java:227)
	at ptolemy.domains.sdf.kernel.SDFDirector.fire(SDFDirector.java:500)
	at ptolemy.actor.CompositeActor.fire(CompositeActor.java:455)
	at ptolemy.domains.de.kernel.DEDirector._fire(DEDirector.java:1949)
	at ptolemy.domains.de.kernel.DEDirector.fire(DEDirector.java:502)
	at ptolemy.actor.CompositeActor.fire(CompositeActor.java:455)
	at ptolemy.actor.Manager.iterate(Manager.java:851)
	at ptolemy.actor.Manager.execute(Manager.java:369)
	at ptolemy.actor.Manager.run(Manager.java:1263)
	at ptolemy.actor.Manager$PtolemyRunThread.run(Manager.java:1933)
java.lang.RuntimeException: Execution failed
	at ptolemy.moml.MoMLSimpleApplication$UnloadThread.run(MoMLSimpleApplication.java:402)
Caused by: ptolemy.kernel.util.IllegalActionException: Test fails in iteration 1.
Value was: 1.0. Should have been: 2.0
  in .DirectFeedback.Test
	at ptolemy.actor.lib.Test.fire(Test.java:268)
	at ptolemy.domains.de.kernel.DEDirector._fire(DEDirector.java:1949)
	at ptolemy.domains.de.kernel.DEDirector.fire(DEDirector.java:502)
	at ptolemy.actor.CompositeActor.fire(CompositeActor.java:455)
	at ptolemy.actor.Manager.iterate(Manager.java:851)
	at ptolemy.actor.Manager.execute(Manager.java:369)
	at ptolemy.actor.Manager.run(Manager.java:1263)
	at ptolemy.actor.Manager$PtolemyRunThread.run(Manager.java:1933)
java.lang.reflect.InvocationTargetException
	at java.base/jdk.internal.reflect.NativeConstructorAccessorImpl.newInstance0(Native Method)
	at java.base/jdk.internal.reflect.NativeConstructorAccessorImpl.newInstance(NativeConstructorAccessorImpl.java:62)
	at java.base/jdk.internal.reflect.DelegatingConstructorAccessorImpl.newInstance(DelegatingConstructorAccessorImpl.java:45)
	at java.base/java.lang.reflect.Constructor.newInstance(Constructor.java:490)
	at ptolemy.util.test.junit.AutoKnownFailedTests.RunModel(AutoKnownFailedTests.java:105)
	at java.base/jdk.internal.reflect.NativeMethodAccessorImpl.invoke0(Native Method)
	at java.base/jdk.internal.reflect.NativeMethodAccessorImpl.invoke(NativeMethodAccessorImpl.java:62)
	at java.base/jdk.internal.reflect.DelegatingMethodAccessorImpl.invoke(DelegatingMethodAccessorImpl.java:43)
	at java.base/java.lang.reflect.Method.invoke(Method.java:566)
	at org.junit.runners.model.FrameworkMethod$1.runReflectiveCall(FrameworkMethod.java:44)
	at org.junit.internal.runners.model.ReflectiveCallable.run(ReflectiveCallable.java:15)
	at org.junit.runners.model.FrameworkMethod.invokeExplosively(FrameworkMethod.java:41)
	at junitparams.internal.InvokeParameterisedMethod.evaluate(InvokeParameterisedMethod.java:102)
	at org.junit.internal.runners.statements.FailOnTimeout$1.run(FailOnTimeout.java:28)
Caused by: ptolemy.kernel.util.IllegalActionException: Test fails in iteration 1.
Value was: 1.0. Should have been: 2.0
  in .DirectFeedback.Test
	at ptolemy.actor.lib.Test.fire(Test.java:268)
	at ptolemy.domains.de.kernel.DEDirector._fire(DEDirector.java:1949)
	at ptolemy.domains.de.kernel.DEDirector.fire(DEDirector.java:502)
	at ptolemy.actor.CompositeActor.fire(CompositeActor.java:455)
	at ptolemy.actor.Manager.iterate(Manager.java:851)
	at ptolemy.actor.Manager.execute(Manager.java:369)
	at ptolemy.actor.Manager.run(Manager.java:1263)
	at ptolemy.actor.Manager$PtolemyRunThread.run(Manager.java:1933)
java.lang.RuntimeException: Execution failed
	at ptolemy.moml.MoMLSimpleApplication$UnloadThread.run(MoMLSimpleApplication.java:402)
Caused by: ptolemy.kernel.util.IllegalActionException: Found a zero delay loop containing .HierarchicalModel.A
  in .HierarchicalModel and .HierarchicalModel.A
	at ptolemy.actor.util.CausalityInterfaceForComposites._computeOutputPortDepth(CausalityInterfaceForComposites.java:759)
	at ptolemy.actor.util.CausalityInterfaceForComposites._computeInputDepth(CausalityInterfaceForComposites.java:696)
	at ptolemy.actor.util.CausalityInterfaceForComposites._computeOutputPortDepth(CausalityInterfaceForComposites.java:765)
	at ptolemy.actor.util.CausalityInterfaceForComposites._computeInputDepth(CausalityInterfaceForComposites.java:696)
	at ptolemy.actor.util.CausalityInterfaceForComposites._computeOutputPortDepth(CausalityInterfaceForComposites.java:765)
	at ptolemy.actor.util.CausalityInterfaceForComposites._computeInputDepth(CausalityInterfaceForComposites.java:696)
	at ptolemy.actor.util.CausalityInterfaceForComposites._computeActorDepth(CausalityInterfaceForComposites.java:532)
	at ptolemy.actor.util.CausalityInterfaceForComposites.checkForCycles(CausalityInterfaceForComposites.java:96)
	at ptolemy.domains.de.kernel.DEDirector.preinitialize(DEDirector.java:1338)
	at ptolemy.actor.CompositeActor.preinitialize(CompositeActor.java:1828)
	at ptolemy.actor.Manager.preinitializeAndResolveTypes(Manager.java:1040)
	at ptolemy.actor.Manager.initialize(Manager.java:710)
	at ptolemy.actor.Manager.execute(Manager.java:356)
	at ptolemy.actor.Manager.run(Manager.java:1263)
	at ptolemy.actor.Manager$PtolemyRunThread.run(Manager.java:1933)
java.lang.reflect.InvocationTargetException
	at java.base/jdk.internal.reflect.NativeConstructorAccessorImpl.newInstance0(Native Method)
	at java.base/jdk.internal.reflect.NativeConstructorAccessorImpl.newInstance(NativeConstructorAccessorImpl.java:62)
	at java.base/jdk.internal.reflect.DelegatingConstructorAccessorImpl.newInstance(DelegatingConstructorAccessorImpl.java:45)
	at java.base/java.lang.reflect.Constructor.newInstance(Constructor.java:490)
	at ptolemy.util.test.junit.AutoKnownFailedTests.RunModel(AutoKnownFailedTests.java:105)
	at java.base/jdk.internal.reflect.NativeMethodAccessorImpl.invoke0(Native Method)
	at java.base/jdk.internal.reflect.NativeMethodAccessorImpl.invoke(NativeMethodAccessorImpl.java:62)
	at java.base/jdk.internal.reflect.DelegatingMethodAccessorImpl.invoke(DelegatingMethodAccessorImpl.java:43)
	at java.base/java.lang.reflect.Method.invoke(Method.java:566)
	at org.junit.runners.model.FrameworkMethod$1.runReflectiveCall(FrameworkMethod.java:44)
	at org.junit.internal.runners.model.ReflectiveCallable.run(ReflectiveCallable.java:15)
	at org.junit.runners.model.FrameworkMethod.invokeExplosively(FrameworkMethod.java:41)
	at junitparams.internal.InvokeParameterisedMethod.evaluate(InvokeParameterisedMethod.java:102)
	at org.junit.internal.runners.statements.FailOnTimeout$1.run(FailOnTimeout.java:28)
Caused by: ptolemy.kernel.util.IllegalActionException: Found a zero delay loop containing .HierarchicalModel.A
  in .HierarchicalModel and .HierarchicalModel.A
	at ptolemy.actor.util.CausalityInterfaceForComposites._computeOutputPortDepth(CausalityInterfaceForComposites.java:759)
	at ptolemy.actor.util.CausalityInterfaceForComposites._computeInputDepth(CausalityInterfaceForComposites.java:696)
	at ptolemy.actor.util.CausalityInterfaceForComposites._computeOutputPortDepth(CausalityInterfaceForComposites.java:765)
	at ptolemy.actor.util.CausalityInterfaceForComposites._computeInputDepth(CausalityInterfaceForComposites.java:696)
	at ptolemy.actor.util.CausalityInterfaceForComposites._computeOutputPortDepth(CausalityInterfaceForComposites.java:765)
	at ptolemy.actor.util.CausalityInterfaceForComposites._computeInputDepth(CausalityInterfaceForComposites.java:696)
	at ptolemy.actor.util.CausalityInterfaceForComposites._computeActorDepth(CausalityInterfaceForComposites.java:532)
	at ptolemy.actor.util.CausalityInterfaceForComposites.checkForCycles(CausalityInterfaceForComposites.java:96)
	at ptolemy.domains.de.kernel.DEDirector.preinitialize(DEDirector.java:1338)
	at ptolemy.actor.CompositeActor.preinitialize(CompositeActor.java:1828)
	at ptolemy.actor.Manager.preinitializeAndResolveTypes(Manager.java:1040)
	at ptolemy.actor.Manager.initialize(Manager.java:710)
	at ptolemy.actor.Manager.execute(Manager.java:356)
	at ptolemy.actor.Manager.run(Manager.java:1263)
	at ptolemy.actor.Manager$PtolemyRunThread.run(Manager.java:1933)
java.lang.RuntimeException: Execution failed
	at ptolemy.moml.MoMLSimpleApplication$UnloadThread.run(MoMLSimpleApplication.java:402)
Caused by: ptolemy.kernel.util.IllegalActionException: Found a zero delay loop containing .dependencyLoop.original
  in .dependencyLoop and .dependencyLoop.original
	at ptolemy.actor.util.CausalityInterfaceForComposites._computeOutputPortDepth(CausalityInterfaceForComposites.java:759)
	at ptolemy.actor.util.CausalityInterfaceForComposites._computeInputDepth(CausalityInterfaceForComposites.java:696)
	at ptolemy.actor.util.CausalityInterfaceForComposites._computeOutputPortDepth(CausalityInterfaceForComposites.java:765)
	at ptolemy.actor.util.CausalityInterfaceForComposites._computeInputDepth(CausalityInterfaceForComposites.java:696)
	at ptolemy.actor.util.CausalityInterfaceForComposites._computeOutputPortDepth(CausalityInterfaceForComposites.java:765)
	at ptolemy.actor.util.CausalityInterfaceForComposites._computeInputDepth(CausalityInterfaceForComposites.java:696)
	at ptolemy.actor.util.CausalityInterfaceForComposites._computeActorDepth(CausalityInterfaceForComposites.java:532)
	at ptolemy.actor.util.CausalityInterfaceForComposites.checkForCycles(CausalityInterfaceForComposites.java:96)
	at ptolemy.domains.de.kernel.DEDirector.preinitialize(DEDirector.java:1338)
	at ptolemy.actor.CompositeActor.preinitialize(CompositeActor.java:1828)
	at ptolemy.actor.Manager.preinitializeAndResolveTypes(Manager.java:1040)
	at ptolemy.actor.Manager.initialize(Manager.java:710)
	at ptolemy.actor.Manager.execute(Manager.java:356)
	at ptolemy.actor.Manager.run(Manager.java:1263)
	at ptolemy.actor.Manager$PtolemyRunThread.run(Manager.java:1933)
java.lang.reflect.InvocationTargetException
	at java.base/jdk.internal.reflect.NativeConstructorAccessorImpl.newInstance0(Native Method)
	at java.base/jdk.internal.reflect.NativeConstructorAccessorImpl.newInstance(NativeConstructorAccessorImpl.java:62)
	at java.base/jdk.internal.reflect.DelegatingConstructorAccessorImpl.newInstance(DelegatingConstructorAccessorImpl.java:45)
	at java.base/java.lang.reflect.Constructor.newInstance(Constructor.java:490)
	at ptolemy.util.test.junit.AutoKnownFailedTests.RunModel(AutoKnownFailedTests.java:105)
	at java.base/jdk.internal.reflect.NativeMethodAccessorImpl.invoke0(Native Method)
	at java.base/jdk.internal.reflect.NativeMethodAccessorImpl.invoke(NativeMethodAccessorImpl.java:62)
	at java.base/jdk.internal.reflect.DelegatingMethodAccessorImpl.invoke(DelegatingMethodAccessorImpl.java:43)
	at java.base/java.lang.reflect.Method.invoke(Method.java:566)
	at org.junit.runners.model.FrameworkMethod$1.runReflectiveCall(FrameworkMethod.java:44)
	at org.junit.internal.runners.model.ReflectiveCallable.run(ReflectiveCallable.java:15)
	at org.junit.runners.model.FrameworkMethod.invokeExplosively(FrameworkMethod.java:41)
	at junitparams.internal.InvokeParameterisedMethod.evaluate(InvokeParameterisedMethod.java:102)
	at org.junit.internal.runners.statements.FailOnTimeout$1.run(FailOnTimeout.java:28)
Caused by: ptolemy.kernel.util.IllegalActionException: Found a zero delay loop containing .dependencyLoop.original
  in .dependencyLoop and .dependencyLoop.original
	at ptolemy.actor.util.CausalityInterfaceForComposites._computeOutputPortDepth(CausalityInterfaceForComposites.java:759)
	at ptolemy.actor.util.CausalityInterfaceForComposites._computeInputDepth(CausalityInterfaceForComposites.java:696)
	at ptolemy.actor.util.CausalityInterfaceForComposites._computeOutputPortDepth(CausalityInterfaceForComposites.java:765)
	at ptolemy.actor.util.CausalityInterfaceForComposites._computeInputDepth(CausalityInterfaceForComposites.java:696)
	at ptolemy.actor.util.CausalityInterfaceForComposites._computeOutputPortDepth(CausalityInterfaceForComposites.java:765)
	at ptolemy.actor.util.CausalityInterfaceForComposites._computeInputDepth(CausalityInterfaceForComposites.java:696)
	at ptolemy.actor.util.CausalityInterfaceForComposites._computeActorDepth(CausalityInterfaceForComposites.java:532)
	at ptolemy.actor.util.CausalityInterfaceForComposites.checkForCycles(CausalityInterfaceForComposites.java:96)
	at ptolemy.domains.de.kernel.DEDirector.preinitialize(DEDirector.java:1338)
	at ptolemy.actor.CompositeActor.preinitialize(CompositeActor.java:1828)
	at ptolemy.actor.Manager.preinitializeAndResolveTypes(Manager.java:1040)
	at ptolemy.actor.Manager.initialize(Manager.java:710)
	at ptolemy.actor.Manager.execute(Manager.java:356)
	at ptolemy.actor.Manager.run(Manager.java:1263)
	at ptolemy.actor.Manager$PtolemyRunThread.run(Manager.java:1933)
java.lang.RuntimeException: Execution failed
	at ptolemy.moml.MoMLSimpleApplication$UnloadThread.run(MoMLSimpleApplication.java:402)
Caused by: ptolemy.kernel.util.IllegalActionException: Found a zero delay loop containing .dependencyLoop2.original
  in .dependencyLoop2 and .dependencyLoop2.original
	at ptolemy.actor.util.CausalityInterfaceForComposites._computeOutputPortDepth(CausalityInterfaceForComposites.java:759)
	at ptolemy.actor.util.CausalityInterfaceForComposites._computeInputDepth(CausalityInterfaceForComposites.java:696)
	at ptolemy.actor.util.CausalityInterfaceForComposites._computeOutputPortDepth(CausalityInterfaceForComposites.java:765)
	at ptolemy.actor.util.CausalityInterfaceForComposites._computeInputDepth(CausalityInterfaceForComposites.java:696)
	at ptolemy.actor.util.CausalityInterfaceForComposites._computeOutputPortDepth(CausalityInterfaceForComposites.java:765)
	at ptolemy.actor.util.CausalityInterfaceForComposites._computeInputDepth(CausalityInterfaceForComposites.java:696)
	at ptolemy.actor.util.CausalityInterfaceForComposites._computeActorDepth(CausalityInterfaceForComposites.java:532)
	at ptolemy.actor.util.CausalityInterfaceForComposites.checkForCycles(CausalityInterfaceForComposites.java:96)
	at ptolemy.domains.de.kernel.DEDirector.preinitialize(DEDirector.java:1338)
	at ptolemy.actor.CompositeActor.preinitialize(CompositeActor.java:1828)
	at ptolemy.actor.Manager.preinitializeAndResolveTypes(Manager.java:1040)
	at ptolemy.actor.Manager.initialize(Manager.java:710)
	at ptolemy.actor.Manager.execute(Manager.java:356)
	at ptolemy.actor.Manager.run(Manager.java:1263)
	at ptolemy.actor.Manager$PtolemyRunThread.run(Manager.java:1933)
java.lang.reflect.InvocationTargetException
	at java.base/jdk.internal.reflect.NativeConstructorAccessorImpl.newInstance0(Native Method)
	at java.base/jdk.internal.reflect.NativeConstructorAccessorImpl.newInstance(NativeConstructorAccessorImpl.java:62)
	at java.base/jdk.internal.reflect.DelegatingConstructorAccessorImpl.newInstance(DelegatingConstructorAccessorImpl.java:45)
	at java.base/java.lang.reflect.Constructor.newInstance(Constructor.java:490)
	at ptolemy.util.test.junit.AutoKnownFailedTests.RunModel(AutoKnownFailedTests.java:105)
	at java.base/jdk.internal.reflect.NativeMethodAccessorImpl.invoke0(Native Method)
	at java.base/jdk.internal.reflect.NativeMethodAccessorImpl.invoke(NativeMethodAccessorImpl.java:62)
	at java.base/jdk.internal.reflect.DelegatingMethodAccessorImpl.invoke(DelegatingMethodAccessorImpl.java:43)
	at java.base/java.lang.reflect.Method.invoke(Method.java:566)
	at org.junit.runners.model.FrameworkMethod$1.runReflectiveCall(FrameworkMethod.java:44)
	at org.junit.internal.runners.model.ReflectiveCallable.run(ReflectiveCallable.java:15)
	at org.junit.runners.model.FrameworkMethod.invokeExplosively(FrameworkMethod.java:41)
	at junitparams.internal.InvokeParameterisedMethod.evaluate(InvokeParameterisedMethod.java:102)
	at org.junit.internal.runners.statements.FailOnTimeout$1.run(FailOnTimeout.java:28)
Caused by: ptolemy.kernel.util.IllegalActionException: Found a zero delay loop containing .dependencyLoop2.original
  in .dependencyLoop2 and .dependencyLoop2.original
	at ptolemy.actor.util.CausalityInterfaceForComposites._computeOutputPortDepth(CausalityInterfaceForComposites.java:759)
	at ptolemy.actor.util.CausalityInterfaceForComposites._computeInputDepth(CausalityInterfaceForComposites.java:696)
	at ptolemy.actor.util.CausalityInterfaceForComposites._computeOutputPortDepth(CausalityInterfaceForComposites.java:765)
	at ptolemy.actor.util.CausalityInterfaceForComposites._computeInputDepth(CausalityInterfaceForComposites.java:696)
	at ptolemy.actor.util.CausalityInterfaceForComposites._computeOutputPortDepth(CausalityInterfaceForComposites.java:765)
	at ptolemy.actor.util.CausalityInterfaceForComposites._computeInputDepth(CausalityInterfaceForComposites.java:696)
	at ptolemy.actor.util.CausalityInterfaceForComposites._computeActorDepth(CausalityInterfaceForComposites.java:532)
	at ptolemy.actor.util.CausalityInterfaceForComposites.checkForCycles(CausalityInterfaceForComposites.java:96)
	at ptolemy.domains.de.kernel.DEDirector.preinitialize(DEDirector.java:1338)
	at ptolemy.actor.CompositeActor.preinitialize(CompositeActor.java:1828)
	at ptolemy.actor.Manager.preinitializeAndResolveTypes(Manager.java:1040)
	at ptolemy.actor.Manager.initialize(Manager.java:710)
	at ptolemy.actor.Manager.execute(Manager.java:356)
	at ptolemy.actor.Manager.run(Manager.java:1263)
	at ptolemy.actor.Manager$PtolemyRunThread.run(Manager.java:1933)
]]></system-err>
</testsuite>
