<?xml version="1.0" encoding="UTF-8" ?>
<testsuite errors="0" failures="0" hostname="travis-job-2ec3ea96-bff0-4b57-bdce-7fb581768e2c" name="ptolemy.domains.de.test.junit.JUnitTclTest" skipped="0" tests="101" time="137.808" timestamp="2019-07-15T06:38:06">
  <properties>
[...]
</properties>
  <testcase classname="ptolemy.util.test.junit.TclTests" name="[0] /home/travis/build/icyphy/ptII/ptolemy/domains/de/test/DependencyLoop.tcl (RunTclFile)" time="1.268" />
  <testcase classname="ptolemy.util.test.junit.TclTests" name="[1] /home/travis/build/icyphy/ptII/ptolemy/domains/de/test/RunDETestsAsQSS.tcl (RunTclFile)" time="92.932" />
  <testcase classname="ptolemy.util.test.junit.AutoKnownFailedTests" name="[0] /home/travis/build/icyphy/ptII/ptolemy/domains/de/test/auto/knownFailedTests/DESDFClockTest.xml (RunModel)" time="2.049" />
  <testcase classname="ptolemy.util.test.junit.AutoKnownFailedTests" name="[1] /home/travis/build/icyphy/ptII/ptolemy/domains/de/test/auto/knownFailedTests/DirectFeedback.xml (RunModel)" time="0.017" />
  <testcase classname="ptolemy.util.test.junit.AutoKnownFailedTests" name="[2] /home/travis/build/icyphy/ptII/ptolemy/domains/de/test/auto/knownFailedTests/FSMSource.xml (RunModel)" time="0.025" />
  <testcase classname="ptolemy.util.test.junit.AutoKnownFailedTests" name="[3] /home/travis/build/icyphy/ptII/ptolemy/domains/de/test/auto/knownFailedTests/HierarchicalModel.xml (RunModel)" time="0.041" />
  <testcase classname="ptolemy.util.test.junit.AutoKnownFailedTests" name="[4] /home/travis/build/icyphy/ptII/ptolemy/domains/de/test/auto/knownFailedTests/dependencyLoop.xml (RunModel)" time="0.04" />
  <testcase classname="ptolemy.util.test.junit.AutoKnownFailedTests" name="[5] /home/travis/build/icyphy/ptII/ptolemy/domains/de/test/auto/knownFailedTests/dependencyLoop2.xml (RunModel)" time="0.038" />
  <testcase classname="ptolemy.util.test.junit.AutoNameArchTests" name="[0] ThereAreNoAutoArchTests (RunModel)" time="0.002" />
  <testcase classname="ptolemy.util.test.junit.AutoTests" name="[0] /home/travis/build/icyphy/ptII/ptolemy/domains/de/test/auto/ActorDepthCalculation_actorWithoutPorts.xml (RunModel)" time="0.021" />
  <testcase classname="ptolemy.util.test.junit.AutoTests" name="[1] /home/travis/build/icyphy/ptII/ptolemy/domains/de/test/auto/AssemblyLine.xml (RunModel)" time="0.028" />
  <testcase classname="ptolemy.util.test.junit.AutoTests" name="[2] /home/travis/build/icyphy/ptII/ptolemy/domains/de/test/auto/CQBug1.xml (RunModel)" time="0.009" />
  <testcase classname="ptolemy.util.test.junit.AutoTests" name="[3] /home/travis/build/icyphy/ptII/ptolemy/domains/de/test/auto/CancelFireAt.xml (RunModel)" time="0.013" />
  <testcase classname="ptolemy.util.test.junit.AutoTests" name="[4] /home/travis/build/icyphy/ptII/ptolemy/domains/de/test/auto/CausalityAndComposabilityAnalysis.xml (RunModel)" time="0.009" />
  <testcase classname="ptolemy.util.test.junit.AutoTests" name="[5] /home/travis/build/icyphy/ptII/ptolemy/domains/de/test/auto/CausalityInterface1.xml (RunModel)" time="0.012" />
  <testcase classname="ptolemy.util.test.junit.AutoTests" name="[6] /home/travis/build/icyphy/ptII/ptolemy/domains/de/test/auto/CausalityInterface15.xml (RunModel)" time="0.013" />
  <testcase classname="ptolemy.util.test.junit.AutoTests" name="[7] /home/travis/build/icyphy/ptII/ptolemy/domains/de/test/auto/CausalityInterface2.xml (RunModel)" time="0.015" />
  <testcase classname="ptolemy.util.test.junit.AutoTests" name="[8] /home/travis/build/icyphy/ptII/ptolemy/domains/de/test/auto/CausalityInterface3.xml (RunModel)" time="0.011" />
  <testcase classname="ptolemy.util.test.junit.AutoTests" name="[9] /home/travis/build/icyphy/ptII/ptolemy/domains/de/test/auto/ClockDrift.xml (RunModel)" time="0.03" />
  <testcase classname="ptolemy.util.test.junit.AutoTests" name="[10] /home/travis/build/icyphy/ptII/ptolemy/domains/de/test/auto/ClockDriftAndValueChange.xml (RunModel)" time="0.029" />
  <testcase classname="ptolemy.util.test.junit.AutoTests" name="[11] /home/travis/build/icyphy/ptII/ptolemy/domains/de/test/auto/ClockDriftChange.xml (RunModel)" time="0.027" />
  <testcase classname="ptolemy.util.test.junit.AutoTests" name="[12] /home/travis/build/icyphy/ptII/ptolemy/domains/de/test/auto/ComposableCausalityAnalysis.xml (RunModel)" time="0.022" />
  <testcase classname="ptolemy.util.test.junit.AutoTests" name="[13] /home/travis/build/icyphy/ptII/ptolemy/domains/de/test/auto/DEFixedPointLimitation.xml (RunModel)" time="0.007" />
  <testcase classname="ptolemy.util.test.junit.AutoTests" name="[14] /home/travis/build/icyphy/ptII/ptolemy/domains/de/test/auto/DEScheduleTest.xml (RunModel)" time="0.009" />
  <testcase classname="ptolemy.util.test.junit.AutoTests" name="[15] /home/travis/build/icyphy/ptII/ptolemy/domains/de/test/auto/DEinDEwithStartTimes.xml (RunModel)" time="0.01" />
  <testcase classname="ptolemy.util.test.junit.AutoTests" name="[16] /home/travis/build/icyphy/ptII/ptolemy/domains/de/test/auto/DEinDEwithStartTimes2.xml (RunModel)" time="0.012" />
  <testcase classname="ptolemy.util.test.junit.AutoTests" name="[17] /home/travis/build/icyphy/ptII/ptolemy/domains/de/test/auto/DateDemo.xml (RunModel)" time="0.029" />
  <testcase classname="ptolemy.util.test.junit.AutoTests" name="[18] /home/travis/build/icyphy/ptII/ptolemy/domains/de/test/auto/DateToEvent.xml (RunModel)" time="2.029" />
  <testcase classname="ptolemy.util.test.junit.AutoTests" name="[19] /home/travis/build/icyphy/ptII/ptolemy/domains/de/test/auto/DepthTest1.xml (RunModel)" time="0.008" />
  <testcase classname="ptolemy.util.test.junit.AutoTests" name="[20] /home/travis/build/icyphy/ptII/ptolemy/domains/de/test/auto/DepthTest2.xml (RunModel)" time="0.023" />
  <testcase classname="ptolemy.util.test.junit.AutoTests" name="[21] /home/travis/build/icyphy/ptII/ptolemy/domains/de/test/auto/DepthTest3.xml (RunModel)" time="0.009" />
  <testcase classname="ptolemy.util.test.junit.AutoTests" name="[22] /home/travis/build/icyphy/ptII/ptolemy/domains/de/test/auto/DepthTest4.xml (RunModel)" time="0.02" />
  <testcase classname="ptolemy.util.test.junit.AutoTests" name="[23] /home/travis/build/icyphy/ptII/ptolemy/domains/de/test/auto/DepthTest5.xml (RunModel)" time="0.015" />
  <testcase classname="ptolemy.util.test.junit.AutoTests" name="[24] /home/travis/build/icyphy/ptII/ptolemy/domains/de/test/auto/DepthTest6.xml (RunModel)" time="0.012" />
  <testcase classname="ptolemy.util.test.junit.AutoTests" name="[25] /home/travis/build/icyphy/ptII/ptolemy/domains/de/test/auto/DepthTest7.xml (RunModel)" time="0.015" />
  <testcase classname="ptolemy.util.test.junit.AutoTests" name="[26] /home/travis/build/icyphy/ptII/ptolemy/domains/de/test/auto/EventToDate.xml (RunModel)" time="3.048" />
  <testcase classname="ptolemy.util.test.junit.AutoTests" name="[27] /home/travis/build/icyphy/ptII/ptolemy/domains/de/test/auto/FSM1.xml (RunModel)" time="0.052" />
  <testcase classname="ptolemy.util.test.junit.AutoTests" name="[28] /home/travis/build/icyphy/ptII/ptolemy/domains/de/test/auto/FSM7.xml (RunModel)" time="0.045" />
  <testcase classname="ptolemy.util.test.junit.AutoTests" name="[29] /home/travis/build/icyphy/ptII/ptolemy/domains/de/test/auto/Inspection.xml (RunModel)" time="0.048" />
  <testcase classname="ptolemy.util.test.junit.AutoTests" name="[30] /home/travis/build/icyphy/ptII/ptolemy/domains/de/test/auto/Iteration.xml (RunModel)" time="0.029" />
  <testcase classname="ptolemy.util.test.junit.AutoTests" name="[31] /home/travis/build/icyphy/ptII/ptolemy/domains/de/test/auto/LineFault.xml (RunModel)" time="0.698" />
  <testcase classname="ptolemy.util.test.junit.AutoTests" name="[32] /home/travis/build/icyphy/ptII/ptolemy/domains/de/test/auto/MergeModel1Add.xml (RunModel)" time="0.054" />
  <testcase classname="ptolemy.util.test.junit.AutoTests" name="[33] /home/travis/build/icyphy/ptII/ptolemy/domains/de/test/auto/MergeModel2Add.xml (RunModel)" time="0.051" />
  <testcase classname="ptolemy.util.test.junit.AutoTests" name="[34] /home/travis/build/icyphy/ptII/ptolemy/domains/de/test/auto/MergeModel3Add.xml (RunModel)" time="0.059" />
  <testcase classname="ptolemy.util.test.junit.AutoTests" name="[35] /home/travis/build/icyphy/ptII/ptolemy/domains/de/test/auto/MergeWithoutDiscard.xml (RunModel)" time="0.012" />
  <testcase classname="ptolemy.util.test.junit.AutoTests" name="[36] /home/travis/build/icyphy/ptII/ptolemy/domains/de/test/auto/Modal1.xml (RunModel)" time="0.031" />
  <testcase classname="ptolemy.util.test.junit.AutoTests" name="[37] /home/travis/build/icyphy/ptII/ptolemy/domains/de/test/auto/Modal2.xml (RunModel)" time="0.034" />
  <testcase classname="ptolemy.util.test.junit.AutoTests" name="[38] /home/travis/build/icyphy/ptII/ptolemy/domains/de/test/auto/Modal3.xml (RunModel)" time="0.032" />
  <testcase classname="ptolemy.util.test.junit.AutoTests" name="[39] /home/travis/build/icyphy/ptII/ptolemy/domains/de/test/auto/Modal4.xml (RunModel)" time="0.038" />
  <testcase classname="ptolemy.util.test.junit.AutoTests" name="[40] /home/travis/build/icyphy/ptII/ptolemy/domains/de/test/auto/Modal5.xml (RunModel)" time="0.032" />
  <testcase classname="ptolemy.util.test.junit.AutoTests" name="[41] /home/travis/build/icyphy/ptII/ptolemy/domains/de/test/auto/Modal6.xml (RunModel)" time="0.031" />
  <testcase classname="ptolemy.util.test.junit.AutoTests" name="[42] /home/travis/build/icyphy/ptII/ptolemy/domains/de/test/auto/Modal7.xml (RunModel)" time="0.036" />
  <testcase classname="ptolemy.util.test.junit.AutoTests" name="[43] /home/travis/build/icyphy/ptII/ptolemy/domains/de/test/auto/ModalModel.xml (RunModel)" time="0.187" />
  <testcase classname="ptolemy.util.test.junit.AutoTests" name="[44] /home/travis/build/icyphy/ptII/ptolemy/domains/de/test/auto/ModalSource.xml (RunModel)" time="0.028" />
  <testcase classname="ptolemy.util.test.junit.AutoTests" name="[45] /home/travis/build/icyphy/ptII/ptolemy/domains/de/test/auto/NonInterruptibleTimerZeroDelay.xml (RunModel)" time="0.011" />
  <testcase classname="ptolemy.util.test.junit.AutoTests" name="[46] /home/travis/build/icyphy/ptII/ptolemy/domains/de/test/auto/OpenQueueingNetwork.xml (RunModel)" time="2.417" />
  <testcase classname="ptolemy.util.test.junit.AutoTests" name="[47] /home/travis/build/icyphy/ptII/ptolemy/domains/de/test/auto/OpenQueuingNetwork.xml (RunModel)" time="0.26" />
  <testcase classname="ptolemy.util.test.junit.AutoTests" name="[48] /home/travis/build/icyphy/ptII/ptolemy/domains/de/test/auto/PeriodicSampler.xml (RunModel)" time="0.014" />
  <testcase classname="ptolemy.util.test.junit.AutoTests" name="[49] /home/travis/build/icyphy/ptII/ptolemy/domains/de/test/auto/PersistentIO.xml (RunModel)" time="0.024" />
  <testcase classname="ptolemy.util.test.junit.AutoTests" name="[50] /home/travis/build/icyphy/ptII/ptolemy/domains/de/test/auto/PortParameterResetOnInitialize.xml (RunModel)" time="0.014" />
  <testcase classname="ptolemy.util.test.junit.AutoTests" name="[51] /home/travis/build/icyphy/ptII/ptolemy/domains/de/test/auto/PortParameterUpdates.xml (RunModel)" time="0.015" />
  <testcase classname="ptolemy.util.test.junit.AutoTests" name="[52] /home/travis/build/icyphy/ptII/ptolemy/domains/de/test/auto/QueueAndServer.xml (RunModel)" time="0.026" />
  <testcase classname="ptolemy.util.test.junit.AutoTests" name="[53] /home/travis/build/icyphy/ptII/ptolemy/domains/de/test/auto/Records.xml (RunModel)" time="0.015" />
  <testcase classname="ptolemy.util.test.junit.AutoTests" name="[54] /home/travis/build/icyphy/ptII/ptolemy/domains/de/test/auto/ResetTransitionWithStartTime1.xml (RunModel)" time="0.02" />
  <testcase classname="ptolemy.util.test.junit.AutoTests" name="[55] /home/travis/build/icyphy/ptII/ptolemy/domains/de/test/auto/ResetTransitionWithStartTime2.xml (RunModel)" time="0.023" />
  <testcase classname="ptolemy.util.test.junit.AutoTests" name="[56] /home/travis/build/icyphy/ptII/ptolemy/domains/de/test/auto/ResetTransitionWithStartTime3.xml (RunModel)" time="0.02" />
  <testcase classname="ptolemy.util.test.junit.AutoTests" name="[57] /home/travis/build/icyphy/ptII/ptolemy/domains/de/test/auto/ResetTransitionWithStartTime4.xml (RunModel)" time="0.029" />
  <testcase classname="ptolemy.util.test.junit.AutoTests" name="[58] /home/travis/build/icyphy/ptII/ptolemy/domains/de/test/auto/ResettableTimer1.xml (RunModel)" time="0.014" />
  <testcase classname="ptolemy.util.test.junit.AutoTests" name="[59] /home/travis/build/icyphy/ptII/ptolemy/domains/de/test/auto/ResettableTimer2.xml (RunModel)" time="0.014" />
  <testcase classname="ptolemy.util.test.junit.AutoTests" name="[60] /home/travis/build/icyphy/ptII/ptolemy/domains/de/test/auto/ResettableTimer3.xml (RunModel)" time="0.014" />
  <testcase classname="ptolemy.util.test.junit.AutoTests" name="[61] /home/travis/build/icyphy/ptII/ptolemy/domains/de/test/auto/ResettableTimer4.xml (RunModel)" time="0.012" />
  <testcase classname="ptolemy.util.test.junit.AutoTests" name="[62] /home/travis/build/icyphy/ptII/ptolemy/domains/de/test/auto/ResettableTimer5.xml (RunModel)" time="0.014" />
  <testcase classname="ptolemy.util.test.junit.AutoTests" name="[63] /home/travis/build/icyphy/ptII/ptolemy/domains/de/test/auto/ResettableTimer6.xml (RunModel)" time="0.021" />
  <testcase classname="ptolemy.util.test.junit.AutoTests" name="[64] /home/travis/build/icyphy/ptII/ptolemy/domains/de/test/auto/ServerZeroDelay.xml (RunModel)" time="0.014" />
  <testcase classname="ptolemy.util.test.junit.AutoTests" name="[65] /home/travis/build/icyphy/ptII/ptolemy/domains/de/test/auto/SmartSender.xml (RunModel)" time="3.014" />
  <testcase classname="ptolemy.util.test.junit.AutoTests" name="[66] /home/travis/build/icyphy/ptII/ptolemy/domains/de/test/auto/ThreadedComposite.xml (RunModel)" time="0.212" />
  <testcase classname="ptolemy.util.test.junit.AutoTests" name="[67] /home/travis/build/icyphy/ptII/ptolemy/domains/de/test/auto/Time.xml (RunModel)" time="0.497" />
  <testcase classname="ptolemy.util.test.junit.AutoTests" name="[68] /home/travis/build/icyphy/ptII/ptolemy/domains/de/test/auto/TimeDelayZeroDelay.xml (RunModel)" time="0.01" />
  <testcase classname="ptolemy.util.test.junit.AutoTests" name="[69] /home/travis/build/icyphy/ptII/ptolemy/domains/de/test/auto/TimerZeroDelay.xml (RunModel)" time="0.009" />
  <testcase classname="ptolemy.util.test.junit.AutoTests" name="[70] /home/travis/build/icyphy/ptII/ptolemy/domains/de/test/auto/TimingParadox.xml (RunModel)" time="0.399" />
  <testcase classname="ptolemy.util.test.junit.AutoTests" name="[71] /home/travis/build/icyphy/ptII/ptolemy/domains/de/test/auto/TransferInputs.xml (RunModel)" time="0.009" />
  <testcase classname="ptolemy.util.test.junit.AutoTests" name="[72] /home/travis/build/icyphy/ptII/ptolemy/domains/de/test/auto/TransferOutputs2.xml (RunModel)" time="0.017" />
  <testcase classname="ptolemy.util.test.junit.AutoTests" name="[73] /home/travis/build/icyphy/ptII/ptolemy/domains/de/test/auto/Trilateration.xml (RunModel)" time="14.22" />
  <testcase classname="ptolemy.util.test.junit.AutoTests" name="[74] /home/travis/build/icyphy/ptII/ptolemy/domains/de/test/auto/TwoSigmaDelta.xml (RunModel)" time="2.338" />
  <testcase classname="ptolemy.util.test.junit.AutoTests" name="[75] /home/travis/build/icyphy/ptII/ptolemy/domains/de/test/auto/VariableDelay.xml (RunModel)" time="0.013" />
  <testcase classname="ptolemy.util.test.junit.AutoTests" name="[76] /home/travis/build/icyphy/ptII/ptolemy/domains/de/test/auto/VariableDelay2.xml (RunModel)" time="0.014" />
  <testcase classname="ptolemy.util.test.junit.AutoTests" name="[77] /home/travis/build/icyphy/ptII/ptolemy/domains/de/test/auto/VariableDelayZeroDelay.xml (RunModel)" time="0.017" />
  <testcase classname="ptolemy.util.test.junit.AutoTests" name="[78] /home/travis/build/icyphy/ptII/ptolemy/domains/de/test/auto/VariableDelayZeroDelay2.xml (RunModel)" time="0.011" />
  <testcase classname="ptolemy.util.test.junit.AutoTests" name="[79] /home/travis/build/icyphy/ptII/ptolemy/domains/de/test/auto/deInCt.xml (RunModel)" time="0.027" />
  <testcase classname="ptolemy.util.test.junit.AutoTests" name="[80] /home/travis/build/icyphy/ptII/ptolemy/domains/de/test/auto/deInCt2.xml (RunModel)" time="0.016" />
  <testcase classname="ptolemy.util.test.junit.AutoTests" name="[81] /home/travis/build/icyphy/ptII/ptolemy/domains/de/test/auto/dynamicCausalityInterface1.xml (RunModel)" time="0.024" />
  <testcase classname="ptolemy.util.test.junit.AutoTests" name="[82] /home/travis/build/icyphy/ptII/ptolemy/domains/de/test/auto/fsm_de_test.xml (RunModel)" time="0.029" />
  <testcase classname="ptolemy.util.test.junit.AutoTests" name="[83] /home/travis/build/icyphy/ptII/ptolemy/domains/de/test/auto/functionDependencyReconstruction.xml (RunModel)" time="0.031" />
  <testcase classname="ptolemy.util.test.junit.AutoTests" name="[84] /home/travis/build/icyphy/ptII/ptolemy/domains/de/test/auto/multirate.xml (RunModel)" time="0.015" />
  <testcase classname="ptolemy.util.test.junit.AutoTests" name="[85] /home/travis/build/icyphy/ptII/ptolemy/domains/de/test/auto/multirate2.xml (RunModel)" time="0.018" />
  <testcase classname="ptolemy.util.test.junit.AutoTests" name="[86] /home/travis/build/icyphy/ptII/ptolemy/domains/de/test/auto/realtime.xml (RunModel)" time="10.01" />
  <testcase classname="ptolemy.util.test.junit.AutoTests" name="[87] /home/travis/build/icyphy/ptII/ptolemy/domains/de/test/auto/relationGroup.xml (RunModel)" time="0.009" />
  <testcase classname="ptolemy.util.test.junit.AutoTests" name="[88] /home/travis/build/icyphy/ptII/ptolemy/domains/de/test/auto/relationGroup2.xml (RunModel)" time="0.015" />
  <testcase classname="ptolemy.util.test.junit.AutoTests" name="[89] /home/travis/build/icyphy/ptII/ptolemy/domains/de/test/auto/sortWithOpaquePorts.xml (RunModel)" time="0.015" />
  <testcase classname="ptolemy.util.test.junit.AutoTests" name="[90] /home/travis/build/icyphy/ptII/ptolemy/domains/de/test/auto/transferInputsandOutputs.xml (RunModel)" time="0.017" />
  <testcase classname="ptolemy.util.test.junit.AutoTests" name="[91] /home/travis/build/icyphy/ptII/ptolemy/domains/de/test/auto/triggerType.xml (RunModel)" time="0.01" />
  <system-out><![CDATA[/home/travis/build/icyphy/ptII/ptolemy/domains/de/test/DependencyLoop.tcl
testDefs.tcl: setting time out to 9000 seconds at Mon Jul 15 06:38:06 UTC 2019
69 ms. Memory: 120832K Free: 71109K (59%)
29 ms. Memory: 120832K Free: 53694K (44%)
/home/travis/build/icyphy/ptII/ptolemy/domains/de/test/RunDETestsAsQSS.tcl
Run the DE tests using ptolemy.domains.qss.test.QSSDirectorTest, which extends QSSDirector and prints a message in the constructors.
------------------ testing $PTII/ptolemy/domains/de/test/auto/knownFailedTests/DirectFeedback.xml (Known Failure) 
69 ms. Memory: 120832K Free: 48071K (40%)


==== $PTIIhome/travis/build/icyphy/ptII/ptolemy/domains/de/test/../../../../: Auto Automatic test in file $PTII/ptolemy/domains/de/test/auto/knownFailedTests/DirectFeedback.xml
==== Contents of test case:

	    # FIXME: we should use $relativeFilename here, but it
	    # might have backslashes under Windows, which causes no end
	    # of trouble.
	    createAndExecute $file
	    list {}
	
.... Test generated KNOWN error:
    while executing
ptolemy.kernel.util.IllegalActionException: Test fails in iteration 1.
Value was: 1.0. Should have been: 2.0
  in .DirectFeedback.Test
	at ptolemy.actor.lib.Test.fire(Test.java:268)
	at ptolemy.domains.de.kernel.DEDirector._fire(DEDirector.java:1949)
	at ptolemy.domains.de.kernel.DEDirector.fire(DEDirector.java:502)
	at ptolemy.actor.CompositeActor.fire(CompositeActor.java:455)
	at ptolemy.actor.Manager.iterate(Manager.java:851)
	at ptolemy.actor.Manager.execute(Manager.java:369)
	at ptolemy.actor.Manager.run(Manager.java:1263)
	at ptolemy.actor.Manager$PtolemyRunThread.run(Manager.java:1915)

    while executing
ptolemy.kernel.util.IllegalActionException: Test fails in iteration 1.
Value was: 1.0. Should have been: 2.0
  in .DirectFeedback.Test
    while executing
"java::new ptolemy.moml.MoMLSimpleApplication $file
"
    (procedure "createAndExecute" line 2)
    invoked from within
"createAndExecute $file"
    ("uplevel" body line 5)
    invoked from within
"uplevel $contents_of_test"
------------------ testing $PTII/ptolemy/domains/de/test/auto/knownFailedTests/dependencyLoop.xml (Known Failure) 
39 ms. Memory: 120832K Free: 107929K (89%)


==== $PTIIhome/travis/build/icyphy/ptII/ptolemy/domains/de/test/../../../../: Auto Automatic test in file $PTII/ptolemy/domains/de/test/auto/knownFailedTests/dependencyLoop.xml
==== Contents of test case:

	    # FIXME: we should use $relativeFilename here, but it
	    # might have backslashes under Windows, which causes no end
	    # of trouble.
	    createAndExecute $file
	    list {}
	
.... Test generated KNOWN error:
    while executing
ptolemy.kernel.util.IllegalActionException: Found a zero delay loop containing .dependencyLoop.original
  in .dependencyLoop and .dependencyLoop.original
	at ptolemy.actor.util.CausalityInterfaceForComposites._computeOutputPortDepth(CausalityInterfaceForComposites.java:759)
	at ptolemy.actor.util.CausalityInterfaceForComposites._computeInputDepth(CausalityInterfaceForComposites.java:696)
	at ptolemy.actor.util.CausalityInterfaceForComposites._computeOutputPortDepth(CausalityInterfaceForComposites.java:765)
	at ptolemy.actor.util.CausalityInterfaceForComposites._computeInputDepth(CausalityInterfaceForComposites.java:696)
	at ptolemy.actor.util.CausalityInterfaceForComposites._computeOutputPortDepth(CausalityInterfaceForComposites.java:765)
	at ptolemy.actor.util.CausalityInterfaceForComposites._computeInputDepth(CausalityInterfaceForComposites.java:696)
	at ptolemy.actor.util.CausalityInterfaceForComposites._computeActorDepth(CausalityInterfaceForComposites.java:532)
	at ptolemy.actor.util.CausalityInterfaceForComposites.checkForCycles(CausalityInterfaceForComposites.java:96)
	at ptolemy.domains.de.kernel.DEDirector.preinitialize(DEDirector.java:1338)
	at ptolemy.actor.CompositeActor.preinitialize(CompositeActor.java:1828)
	at ptolemy.actor.Manager.preinitializeAndResolveTypes(Manager.java:1040)
	at ptolemy.actor.Manager.initialize(Manager.java:710)
	at ptolemy.actor.Manager.execute(Manager.java:356)
	at ptolemy.actor.Manager.run(Manager.java:1263)
	at ptolemy.actor.Manager$PtolemyRunThread.run(Manager.java:1915)

    while executing
ptolemy.kernel.util.IllegalActionException: Found a zero delay loop containing .dependencyLoop.original
  in .dependencyLoop and .dependencyLoop.original
    while executing
"java::new ptolemy.moml.MoMLSimpleApplication $file
"
    (procedure "createAndExecute" line 2)
    invoked from within
"createAndExecute $file"
    ("uplevel" body line 5)
    invoked from within
"uplevel $contents_of_test"
------------------ testing $PTII/ptolemy/domains/de/test/auto/knownFailedTests/FSMSource.xml (Known Failure) 
98 ms. Memory: 120832K Free: 98766K (82%)
!!!! Auto was marked as failing, but now passes
------------------ testing $PTII/ptolemy/domains/de/test/auto/knownFailedTests/HierarchicalModel.xml (Known Failure) 
6 ms. Memory: 120832K Free: 81631K (68%)


==== $PTIIhome/travis/build/icyphy/ptII/ptolemy/domains/de/test/../../../../: Auto Automatic test in file $PTII/ptolemy/domains/de/test/auto/knownFailedTests/HierarchicalModel.xml
==== Contents of test case:

	    # FIXME: we should use $relativeFilename here, but it
	    # might have backslashes under Windows, which causes no end
	    # of trouble.
	    createAndExecute $file
	    list {}
	
.... Test generated KNOWN error:
    while executing
ptolemy.kernel.util.IllegalActionException: Found a zero delay loop containing .HierarchicalModel.A
  in .HierarchicalModel and .HierarchicalModel.A
	at ptolemy.actor.util.CausalityInterfaceForComposites._computeOutputPortDepth(CausalityInterfaceForComposites.java:759)
	at ptolemy.actor.util.CausalityInterfaceForComposites._computeInputDepth(CausalityInterfaceForComposites.java:696)
	at ptolemy.actor.util.CausalityInterfaceForComposites._computeOutputPortDepth(CausalityInterfaceForComposites.java:765)
	at ptolemy.actor.util.CausalityInterfaceForComposites._computeInputDepth(CausalityInterfaceForComposites.java:696)
	at ptolemy.actor.util.CausalityInterfaceForComposites._computeOutputPortDepth(CausalityInterfaceForComposites.java:765)
	at ptolemy.actor.util.CausalityInterfaceForComposites._computeInputDepth(CausalityInterfaceForComposites.java:696)
	at ptolemy.actor.util.CausalityInterfaceForComposites._computeActorDepth(CausalityInterfaceForComposites.java:532)
	at ptolemy.actor.util.CausalityInterfaceForComposites.checkForCycles(CausalityInterfaceForComposites.java:96)
	at ptolemy.domains.de.kernel.DEDirector.preinitialize(DEDirector.java:1338)
	at ptolemy.actor.CompositeActor.preinitialize(CompositeActor.java:1828)
	at ptolemy.actor.Manager.preinitializeAndResolveTypes(Manager.java:1040)
	at ptolemy.actor.Manager.initialize(Manager.java:710)
	at ptolemy.actor.Manager.execute(Manager.java:356)
	at ptolemy.actor.Manager.run(Manager.java:1263)
	at ptolemy.actor.Manager$PtolemyRunThread.run(Manager.java:1915)

    while executing
ptolemy.kernel.util.IllegalActionException: Found a zero delay loop containing .HierarchicalModel.A
  in .HierarchicalModel and .HierarchicalModel.A
    while executing
"java::new ptolemy.moml.MoMLSimpleApplication $file
"
    (procedure "createAndExecute" line 2)
    invoked from within
"createAndExecute $file"
    ("uplevel" body line 5)
    invoked from within
"uplevel $contents_of_test"
------------------ testing $PTII/ptolemy/domains/de/test/auto/knownFailedTests/dependencyLoop2.xml (Known Failure) 
32 ms. Memory: 120832K Free: 105624K (87%)


==== $PTIIhome/travis/build/icyphy/ptII/ptolemy/domains/de/test/../../../../: Auto Automatic test in file $PTII/ptolemy/domains/de/test/auto/knownFailedTests/dependencyLoop2.xml
==== Contents of test case:

	    # FIXME: we should use $relativeFilename here, but it
	    # might have backslashes under Windows, which causes no end
	    # of trouble.
	    createAndExecute $file
	    list {}
	
.... Test generated KNOWN error:
    while executing
ptolemy.kernel.util.IllegalActionException: Found a zero delay loop containing .dependencyLoop2.original
  in .dependencyLoop2 and .dependencyLoop2.original
	at ptolemy.actor.util.CausalityInterfaceForComposites._computeOutputPortDepth(CausalityInterfaceForComposites.java:759)
	at ptolemy.actor.util.CausalityInterfaceForComposites._computeInputDepth(CausalityInterfaceForComposites.java:696)
	at ptolemy.actor.util.CausalityInterfaceForComposites._computeOutputPortDepth(CausalityInterfaceForComposites.java:765)
	at ptolemy.actor.util.CausalityInterfaceForComposites._computeInputDepth(CausalityInterfaceForComposites.java:696)
	at ptolemy.actor.util.CausalityInterfaceForComposites._computeOutputPortDepth(CausalityInterfaceForComposites.java:765)
	at ptolemy.actor.util.CausalityInterfaceForComposites._computeInputDepth(CausalityInterfaceForComposites.java:696)
	at ptolemy.actor.util.CausalityInterfaceForComposites._computeActorDepth(CausalityInterfaceForComposites.java:532)
	at ptolemy.actor.util.CausalityInterfaceForComposites.checkForCycles(CausalityInterfaceForComposites.java:96)
	at ptolemy.domains.de.kernel.DEDirector.preinitialize(DEDirector.java:1338)
	at ptolemy.actor.CompositeActor.preinitialize(CompositeActor.java:1828)
	at ptolemy.actor.Manager.preinitializeAndResolveTypes(Manager.java:1040)
	at ptolemy.actor.Manager.initialize(Manager.java:710)
	at ptolemy.actor.Manager.execute(Manager.java:356)
	at ptolemy.actor.Manager.run(Manager.java:1263)
	at ptolemy.actor.Manager$PtolemyRunThread.run(Manager.java:1915)

    while executing
ptolemy.kernel.util.IllegalActionException: Found a zero delay loop containing .dependencyLoop2.original
  in .dependencyLoop2 and .dependencyLoop2.original
    while executing
"java::new ptolemy.moml.MoMLSimpleApplication $file
"
    (procedure "createAndExecute" line 2)
    invoked from within
"createAndExecute $file"
    ("uplevel" body line 5)
    invoked from within
"uplevel $contents_of_test"
------------------ testing $PTII/ptolemy/domains/de/test/auto/knownFailedTests/DESDFClockTest.xml (Known Failure) 
2050 ms. Memory: 120832K Free: 92311K (76%)


==== $PTIIhome/travis/build/icyphy/ptII/ptolemy/domains/de/test/../../../../: Auto Automatic test in file $PTII/ptolemy/domains/de/test/auto/knownFailedTests/DESDFClockTest.xml
==== Contents of test case:

	    # FIXME: we should use $relativeFilename here, but it
	    # might have backslashes under Windows, which causes no end
	    # of trouble.
	    createAndExecute $file
	    list {}
	
.... Test generated KNOWN error:
    while executing
ptolemy.kernel.util.IllegalActionException: Actor is not ready to fire.  Perhaps UpSample.prefire() returned false? Try debugging the actor by selecting "Listen to Actor".  Also, for SDF check moml for tokenConsumptionRate on input.
  in .DESDFClockTest.Play Bell.Copy1:SDF Director and .DESDFClockTest.Play Bell.UpSample
	at ptolemy.actor.sched.StaticSchedulingDirector.fire(StaticSchedulingDirector.java:227)
	at ptolemy.domains.sdf.kernel.SDFDirector.fire(SDFDirector.java:500)
	at ptolemy.actor.CompositeActor.fire(CompositeActor.java:455)
	at ptolemy.domains.de.kernel.DEDirector._fire(DEDirector.java:1949)
	at ptolemy.domains.de.kernel.DEDirector.fire(DEDirector.java:502)
	at ptolemy.actor.CompositeActor.fire(CompositeActor.java:455)
	at ptolemy.actor.Manager.iterate(Manager.java:851)
	at ptolemy.actor.Manager.execute(Manager.java:369)
	at ptolemy.actor.Manager.run(Manager.java:1263)
	at ptolemy.actor.Manager$PtolemyRunThread.run(Manager.java:1915)

    while executing
ptolemy.kernel.util.IllegalActionException: Actor is not ready to fire.  Perhaps UpSample.prefire() returned false? Try debugging the actor by selecting "Listen to Actor".  Also, for SDF check moml for tokenConsumptionRate on input.
  in .DESDFClockTest.Play Bell.Copy1:SDF Director and .DESDFClockTest.Play Bell.UpSample
    while executing
"java::new ptolemy.moml.MoMLSimpleApplication $file
"
    (procedure "createAndExecute" line 2)
    invoked from within
"createAndExecute $file"
    ("uplevel" body line 5)
    invoked from within
"uplevel $contents_of_test"
------------------ testing $PTII/ptolemy/domains/de/test/auto/ActorDepthCalculation_actorWithoutPorts.xml
auto.tcl: Setting watchdog for 200 seconds at Mon Jul 15 06:38:10 UTC 2019
6 ms. Memory: 120832K Free: 85098K (70%)
ptolemy.util.test.WatchDog.cancel(): canceling Mon Jul 15 06:38:11 UTC 2019
auto.tcl: Setting watchdog for 200 seconds at Mon Jul 15 06:38:11 UTC 2019
6 ms. Memory: 120832K Free: 83964K (69%)
ptolemy.util.test.WatchDog.cancel(): canceling Mon Jul 15 06:38:11 UTC 2019
------------------ testing $PTII/ptolemy/domains/de/test/auto/AssemblyLine.xml
auto.tcl: Setting watchdog for 200 seconds at Mon Jul 15 06:38:11 UTC 2019
17 ms. Memory: 48128K Free: 25996K (54%)
ptolemy.util.test.WatchDog.cancel(): canceling Mon Jul 15 06:38:11 UTC 2019
auto.tcl: Setting watchdog for 200 seconds at Mon Jul 15 06:38:11 UTC 2019
16 ms. Memory: 48128K Free: 25297K (53%)
ptolemy.util.test.WatchDog.cancel(): canceling Mon Jul 15 06:38:11 UTC 2019
------------------ testing $PTII/ptolemy/domains/de/test/auto/CQBug1.xml
auto.tcl: Setting watchdog for 200 seconds at Mon Jul 15 06:38:11 UTC 2019
11 ms. Memory: 45056K Free: 28446K (63%)
ptolemy.util.test.WatchDog.cancel(): canceling Mon Jul 15 06:38:11 UTC 2019
auto.tcl: Setting watchdog for 200 seconds at Mon Jul 15 06:38:11 UTC 2019
3 ms. Memory: 45056K Free: 28047K (62%)
ptolemy.util.test.WatchDog.cancel(): canceling Mon Jul 15 06:38:11 UTC 2019
------------------ testing $PTII/ptolemy/domains/de/test/auto/CancelFireAt.xml
auto.tcl: Setting watchdog for 200 seconds at Mon Jul 15 06:38:11 UTC 2019
3 ms. Memory: 45056K Free: 29633K (66%)
ptolemy.util.test.WatchDog.cancel(): canceling Mon Jul 15 06:38:12 UTC 2019
auto.tcl: Setting watchdog for 200 seconds at Mon Jul 15 06:38:12 UTC 2019
2 ms. Memory: 45056K Free: 29233K (65%)
ptolemy.util.test.WatchDog.cancel(): canceling Mon Jul 15 06:38:12 UTC 2019
------------------ testing $PTII/ptolemy/domains/de/test/auto/CausalityAndComposabilityAnalysis.xml
auto.tcl: Setting watchdog for 200 seconds at Mon Jul 15 06:38:12 UTC 2019
16 ms. Memory: 45056K Free: 27432K (61%)
ptolemy.util.test.WatchDog.cancel(): canceling Mon Jul 15 06:38:12 UTC 2019
auto.tcl: Setting watchdog for 200 seconds at Mon Jul 15 06:38:12 UTC 2019
6 ms. Memory: 45056K Free: 26992K (60%)
ptolemy.util.test.WatchDog.cancel(): canceling Mon Jul 15 06:38:12 UTC 2019
------------------ testing $PTII/ptolemy/domains/de/test/auto/CausalityInterface1.xml
auto.tcl: Setting watchdog for 200 seconds at Mon Jul 15 06:38:12 UTC 2019
53 ms. Memory: 45056K Free: 26377K (59%)
ptolemy.util.test.WatchDog.cancel(): canceling Mon Jul 15 06:38:12 UTC 2019
auto.tcl: Setting watchdog for 200 seconds at Mon Jul 15 06:38:12 UTC 2019
5 ms. Memory: 45056K Free: 25382K (56%)
ptolemy.util.test.WatchDog.cancel(): canceling Mon Jul 15 06:38:12 UTC 2019
------------------ testing $PTII/ptolemy/domains/de/test/auto/CausalityInterface15.xml
auto.tcl: Setting watchdog for 200 seconds at Mon Jul 15 06:38:12 UTC 2019
17 ms. Memory: 45056K Free: 26079K (58%)
ptolemy.util.test.WatchDog.cancel(): canceling Mon Jul 15 06:38:12 UTC 2019
auto.tcl: Setting watchdog for 200 seconds at Mon Jul 15 06:38:12 UTC 2019
4 ms. Memory: 45056K Free: 24946K (55%)
ptolemy.util.test.WatchDog.cancel(): canceling Mon Jul 15 06:38:12 UTC 2019
------------------ testing $PTII/ptolemy/domains/de/test/auto/CausalityInterface2.xml
auto.tcl: Setting watchdog for 200 seconds at Mon Jul 15 06:38:12 UTC 2019
5 ms. Memory: 45056K Free: 27299K (61%)
ptolemy.util.test.WatchDog.cancel(): canceling Mon Jul 15 06:38:12 UTC 2019
auto.tcl: Setting watchdog for 200 seconds at Mon Jul 15 06:38:12 UTC 2019
3 ms. Memory: 45056K Free: 26372K (59%)
ptolemy.util.test.WatchDog.cancel(): canceling Mon Jul 15 06:38:12 UTC 2019
------------------ testing $PTII/ptolemy/domains/de/test/auto/CausalityInterface3.xml
auto.tcl: Setting watchdog for 200 seconds at Mon Jul 15 06:38:12 UTC 2019
6 ms. Memory: 45056K Free: 26558K (59%)
ptolemy.util.test.WatchDog.cancel(): canceling Mon Jul 15 06:38:12 UTC 2019
auto.tcl: Setting watchdog for 200 seconds at Mon Jul 15 06:38:12 UTC 2019
5 ms. Memory: 45056K Free: 25761K (57%)
ptolemy.util.test.WatchDog.cancel(): canceling Mon Jul 15 06:38:12 UTC 2019
------------------ testing $PTII/ptolemy/domains/de/test/auto/ClockDrift.xml
auto.tcl: Setting watchdog for 200 seconds at Mon Jul 15 06:38:12 UTC 2019
62 ms. Memory: 45056K Free: 19152K (43%)
ptolemy.util.test.WatchDog.cancel(): canceling Mon Jul 15 06:38:12 UTC 2019
auto.tcl: Setting watchdog for 200 seconds at Mon Jul 15 06:38:12 UTC 2019
78 ms. Memory: 45056K Free: 16131K (36%)
ptolemy.util.test.WatchDog.cancel(): canceling Mon Jul 15 06:38:12 UTC 2019
------------------ testing $PTII/ptolemy/domains/de/test/auto/ClockDriftAndValueChange.xml
auto.tcl: Setting watchdog for 200 seconds at Mon Jul 15 06:38:12 UTC 2019
52 ms. Memory: 45056K Free: 19570K (43%)
ptolemy.util.test.WatchDog.cancel(): canceling Mon Jul 15 06:38:13 UTC 2019
auto.tcl: Setting watchdog for 200 seconds at Mon Jul 15 06:38:13 UTC 2019
35 ms. Memory: 45056K Free: 16635K (37%)
ptolemy.util.test.WatchDog.cancel(): canceling Mon Jul 15 06:38:13 UTC 2019
------------------ testing $PTII/ptolemy/domains/de/test/auto/ClockDriftChange.xml
auto.tcl: Setting watchdog for 200 seconds at Mon Jul 15 06:38:13 UTC 2019
27 ms. Memory: 45056K Free: 21266K (47%)
ptolemy.util.test.WatchDog.cancel(): canceling Mon Jul 15 06:38:13 UTC 2019
auto.tcl: Setting watchdog for 200 seconds at Mon Jul 15 06:38:13 UTC 2019
23 ms. Memory: 45056K Free: 18698K (41%)
ptolemy.util.test.WatchDog.cancel(): canceling Mon Jul 15 06:38:13 UTC 2019
------------------ testing $PTII/ptolemy/domains/de/test/auto/ComposableCausalityAnalysis.xml
auto.tcl: Setting watchdog for 200 seconds at Mon Jul 15 06:38:13 UTC 2019
3 ms. Memory: 45056K Free: 25883K (57%)
ptolemy.util.test.WatchDog.cancel(): canceling Mon Jul 15 06:38:13 UTC 2019
auto.tcl: Setting watchdog for 200 seconds at Mon Jul 15 06:38:13 UTC 2019
6 ms. Memory: 45056K Free: 24871K (55%)
ptolemy.util.test.WatchDog.cancel(): canceling Mon Jul 15 06:38:13 UTC 2019
------------------ testing $PTII/ptolemy/domains/de/test/auto/DEFixedPointLimitation.xml
auto.tcl: Setting watchdog for 200 seconds at Mon Jul 15 06:38:13 UTC 2019
3 ms. Memory: 45056K Free: 27156K (60%)
ptolemy.util.test.WatchDog.cancel(): canceling Mon Jul 15 06:38:13 UTC 2019
auto.tcl: Setting watchdog for 200 seconds at Mon Jul 15 06:38:13 UTC 2019
2 ms. Memory: 45056K Free: 26335K (58%)
ptolemy.util.test.WatchDog.cancel(): canceling Mon Jul 15 06:38:13 UTC 2019
------------------ testing $PTII/ptolemy/domains/de/test/auto/DEScheduleTest.xml
auto.tcl: Setting watchdog for 200 seconds at Mon Jul 15 06:38:13 UTC 2019
4 ms. Memory: 45056K Free: 27545K (61%)
ptolemy.util.test.WatchDog.cancel(): canceling Mon Jul 15 06:38:13 UTC 2019
auto.tcl: Setting watchdog for 200 seconds at Mon Jul 15 06:38:13 UTC 2019
3 ms. Memory: 45056K Free: 26762K (59%)
ptolemy.util.test.WatchDog.cancel(): canceling Mon Jul 15 06:38:13 UTC 2019
------------------ testing $PTII/ptolemy/domains/de/test/auto/DEinDEwithStartTimes.xml
auto.tcl: Setting watchdog for 200 seconds at Mon Jul 15 06:38:13 UTC 2019
9 ms. Memory: 45056K Free: 25731K (57%)
ptolemy.util.test.WatchDog.cancel(): canceling Mon Jul 15 06:38:13 UTC 2019
auto.tcl: Setting watchdog for 200 seconds at Mon Jul 15 06:38:13 UTC 2019
11 ms. Memory: 45056K Free: 24665K (55%)
ptolemy.util.test.WatchDog.cancel(): canceling Mon Jul 15 06:38:13 UTC 2019
------------------ testing $PTII/ptolemy/domains/de/test/auto/DEinDEwithStartTimes2.xml
auto.tcl: Setting watchdog for 200 seconds at Mon Jul 15 06:38:13 UTC 2019
8 ms. Memory: 45056K Free: 24950K (55%)
ptolemy.util.test.WatchDog.cancel(): canceling Mon Jul 15 06:38:13 UTC 2019
auto.tcl: Setting watchdog for 200 seconds at Mon Jul 15 06:38:13 UTC 2019
4 ms. Memory: 45056K Free: 23620K (52%)
ptolemy.util.test.WatchDog.cancel(): canceling Mon Jul 15 06:38:13 UTC 2019
------------------ testing $PTII/ptolemy/domains/de/test/auto/DateDemo.xml
auto.tcl: Setting watchdog for 200 seconds at Mon Jul 15 06:38:13 UTC 2019
30 ms. Memory: 45056K Free: 19830K (44%)
ptolemy.util.test.WatchDog.cancel(): canceling Mon Jul 15 06:38:13 UTC 2019
auto.tcl: Setting watchdog for 200 seconds at Mon Jul 15 06:38:13 UTC 2019
10 ms. Memory: 45056K Free: 18093K (40%)
ptolemy.util.test.WatchDog.cancel(): canceling Mon Jul 15 06:38:14 UTC 2019
------------------ testing $PTII/ptolemy/domains/de/test/auto/DateToEvent.xml
auto.tcl: Setting watchdog for 200 seconds at Mon Jul 15 06:38:14 UTC 2019
2018 ms. Memory: 45056K Free: 14505K (32%)
ptolemy.util.test.WatchDog.cancel(): canceling Mon Jul 15 06:38:16 UTC 2019
auto.tcl: Setting watchdog for 200 seconds at Mon Jul 15 06:38:16 UTC 2019
2006 ms. Memory: 45056K Free: 14159K (31%)
ptolemy.util.test.WatchDog.cancel(): canceling Mon Jul 15 06:38:18 UTC 2019
------------------ testing $PTII/ptolemy/domains/de/test/auto/DepthTest1.xml
auto.tcl: Setting watchdog for 200 seconds at Mon Jul 15 06:38:18 UTC 2019
3 ms. Memory: 45056K Free: 28474K (63%)
ptolemy.util.test.WatchDog.cancel(): canceling Mon Jul 15 06:38:18 UTC 2019
auto.tcl: Setting watchdog for 200 seconds at Mon Jul 15 06:38:18 UTC 2019
3 ms. Memory: 45056K Free: 27937K (62%)
ptolemy.util.test.WatchDog.cancel(): canceling Mon Jul 15 06:38:18 UTC 2019
------------------ testing $PTII/ptolemy/domains/de/test/auto/DepthTest2.xml
auto.tcl: Setting watchdog for 200 seconds at Mon Jul 15 06:38:18 UTC 2019
11 ms. Memory: 45056K Free: 25188K (56%)
ptolemy.util.test.WatchDog.cancel(): canceling Mon Jul 15 06:38:18 UTC 2019
auto.tcl: Setting watchdog for 200 seconds at Mon Jul 15 06:38:18 UTC 2019
3 ms. Memory: 45056K Free: 24658K (55%)
ptolemy.util.test.WatchDog.cancel(): canceling Mon Jul 15 06:38:18 UTC 2019
------------------ testing $PTII/ptolemy/domains/de/test/auto/DepthTest3.xml
auto.tcl: Setting watchdog for 200 seconds at Mon Jul 15 06:38:18 UTC 2019
3 ms. Memory: 45056K Free: 28818K (64%)
ptolemy.util.test.WatchDog.cancel(): canceling Mon Jul 15 06:38:18 UTC 2019
auto.tcl: Setting watchdog for 200 seconds at Mon Jul 15 06:38:18 UTC 2019
2 ms. Memory: 45056K Free: 28283K (63%)
ptolemy.util.test.WatchDog.cancel(): canceling Mon Jul 15 06:38:18 UTC 2019
------------------ testing $PTII/ptolemy/domains/de/test/auto/DepthTest4.xml
auto.tcl: Setting watchdog for 200 seconds at Mon Jul 15 06:38:18 UTC 2019
6 ms. Memory: 45056K Free: 27016K (60%)
ptolemy.util.test.WatchDog.cancel(): canceling Mon Jul 15 06:38:18 UTC 2019
auto.tcl: Setting watchdog for 200 seconds at Mon Jul 15 06:38:18 UTC 2019
3 ms. Memory: 45056K Free: 26292K (58%)
ptolemy.util.test.WatchDog.cancel(): canceling Mon Jul 15 06:38:18 UTC 2019
------------------ testing $PTII/ptolemy/domains/de/test/auto/DepthTest5.xml
auto.tcl: Setting watchdog for 200 seconds at Mon Jul 15 06:38:18 UTC 2019
4 ms. Memory: 45056K Free: 26130K (58%)
ptolemy.util.test.WatchDog.cancel(): canceling Mon Jul 15 06:38:18 UTC 2019
auto.tcl: Setting watchdog for 200 seconds at Mon Jul 15 06:38:18 UTC 2019
3 ms. Memory: 45056K Free: 25752K (57%)
ptolemy.util.test.WatchDog.cancel(): canceling Mon Jul 15 06:38:18 UTC 2019
------------------ testing $PTII/ptolemy/domains/de/test/auto/DepthTest6.xml
auto.tcl: Setting watchdog for 200 seconds at Mon Jul 15 06:38:18 UTC 2019
5 ms. Memory: 45056K Free: 26140K (58%)
ptolemy.util.test.WatchDog.cancel(): canceling Mon Jul 15 06:38:18 UTC 2019
auto.tcl: Setting watchdog for 200 seconds at Mon Jul 15 06:38:18 UTC 2019
4 ms. Memory: 45056K Free: 25762K (57%)
ptolemy.util.test.WatchDog.cancel(): canceling Mon Jul 15 06:38:18 UTC 2019
------------------ testing $PTII/ptolemy/domains/de/test/auto/DepthTest7.xml
auto.tcl: Setting watchdog for 200 seconds at Mon Jul 15 06:38:18 UTC 2019
3 ms. Memory: 45056K Free: 26391K (59%)
ptolemy.util.test.WatchDog.cancel(): canceling Mon Jul 15 06:38:18 UTC 2019
auto.tcl: Setting watchdog for 200 seconds at Mon Jul 15 06:38:18 UTC 2019
3 ms. Memory: 45056K Free: 26005K (58%)
ptolemy.util.test.WatchDog.cancel(): canceling Mon Jul 15 06:38:18 UTC 2019
------------------ testing $PTII/ptolemy/domains/de/test/auto/EventToDate.xml
auto.tcl: Setting watchdog for 200 seconds at Mon Jul 15 06:38:18 UTC 2019
3006 ms. Memory: 45056K Free: 17746K (39%)
ptolemy.util.test.WatchDog.cancel(): canceling Mon Jul 15 06:38:22 UTC 2019
auto.tcl: Setting watchdog for 200 seconds at Mon Jul 15 06:38:22 UTC 2019
3005 ms. Memory: 45056K Free: 17041K (38%)
ptolemy.util.test.WatchDog.cancel(): canceling Mon Jul 15 06:38:25 UTC 2019
------------------ testing $PTII/ptolemy/domains/de/test/auto/FSM1.xml
auto.tcl: Setting watchdog for 200 seconds at Mon Jul 15 06:38:25 UTC 2019
23 ms. Memory: 45056K Free: 18944K (42%)
ptolemy.util.test.WatchDog.cancel(): canceling Mon Jul 15 06:38:25 UTC 2019
auto.tcl: Setting watchdog for 200 seconds at Mon Jul 15 06:38:25 UTC 2019
19 ms. Memory: 45056K Free: 15717K (35%)
ptolemy.util.test.WatchDog.cancel(): canceling Mon Jul 15 06:38:25 UTC 2019
------------------ testing $PTII/ptolemy/domains/de/test/auto/FSM7.xml
auto.tcl: Setting watchdog for 200 seconds at Mon Jul 15 06:38:25 UTC 2019
28 ms. Memory: 45056K Free: 18652K (41%)
ptolemy.util.test.WatchDog.cancel(): canceling Mon Jul 15 06:38:25 UTC 2019
auto.tcl: Setting watchdog for 200 seconds at Mon Jul 15 06:38:25 UTC 2019
28 ms. Memory: 45056K Free: 15532K (34%)
ptolemy.util.test.WatchDog.cancel(): canceling Mon Jul 15 06:38:25 UTC 2019
------------------ testing $PTII/ptolemy/domains/de/test/auto/Inspection.xml
auto.tcl: Setting watchdog for 200 seconds at Mon Jul 15 06:38:25 UTC 2019
36 ms. Memory: 45056K Free: 18486K (41%)
ptolemy.util.test.WatchDog.cancel(): canceling Mon Jul 15 06:38:25 UTC 2019
auto.tcl: Setting watchdog for 200 seconds at Mon Jul 15 06:38:25 UTC 2019
33 ms. Memory: 45056K Free: 16601K (37%)
ptolemy.util.test.WatchDog.cancel(): canceling Mon Jul 15 06:38:25 UTC 2019
------------------ testing $PTII/ptolemy/domains/de/test/auto/Iteration.xml
auto.tcl: Setting watchdog for 200 seconds at Mon Jul 15 06:38:25 UTC 2019
11 ms. Memory: 45056K Free: 24241K (54%)
ptolemy.util.test.WatchDog.cancel(): canceling Mon Jul 15 06:38:25 UTC 2019
auto.tcl: Setting watchdog for 200 seconds at Mon Jul 15 06:38:25 UTC 2019
8 ms. Memory: 45056K Free: 23142K (51%)
ptolemy.util.test.WatchDog.cancel(): canceling Mon Jul 15 06:38:25 UTC 2019
------------------ testing $PTII/ptolemy/domains/de/test/auto/LineFault.xml
auto.tcl: Setting watchdog for 200 seconds at Mon Jul 15 06:38:25 UTC 2019
811 ms. Memory: 54272K Free: 34999K (64%)
ptolemy.util.test.WatchDog.cancel(): canceling Mon Jul 15 06:38:26 UTC 2019
auto.tcl: Setting watchdog for 200 seconds at Mon Jul 15 06:38:26 UTC 2019
651 ms. Memory: 54272K Free: 27030K (50%)
ptolemy.util.test.WatchDog.cancel(): canceling Mon Jul 15 06:38:27 UTC 2019
------------------ testing $PTII/ptolemy/domains/de/test/auto/MergeModel1Add.xml
auto.tcl: Setting watchdog for 200 seconds at Mon Jul 15 06:38:27 UTC 2019
19 ms. Memory: 51200K Free: 15781K (31%)
ptolemy.util.test.WatchDog.cancel(): canceling Mon Jul 15 06:38:27 UTC 2019
auto.tcl: Setting watchdog for 200 seconds at Mon Jul 15 06:38:27 UTC 2019
12 ms. Memory: 51200K Free: 14531K (28%)
ptolemy.util.test.WatchDog.cancel(): canceling Mon Jul 15 06:38:27 UTC 2019
------------------ testing $PTII/ptolemy/domains/de/test/auto/MergeModel2Add.xml
auto.tcl: Setting watchdog for 200 seconds at Mon Jul 15 06:38:27 UTC 2019
13 ms. Memory: 51200K Free: 18612K (36%)
ptolemy.util.test.WatchDog.cancel(): canceling Mon Jul 15 06:38:27 UTC 2019
auto.tcl: Setting watchdog for 200 seconds at Mon Jul 15 06:38:27 UTC 2019
13 ms. Memory: 51200K Free: 17368K (34%)
ptolemy.util.test.WatchDog.cancel(): canceling Mon Jul 15 06:38:27 UTC 2019
------------------ testing $PTII/ptolemy/domains/de/test/auto/MergeModel3Add.xml
auto.tcl: Setting watchdog for 200 seconds at Mon Jul 15 06:38:27 UTC 2019
11 ms. Memory: 51200K Free: 18343K (36%)
ptolemy.util.test.WatchDog.cancel(): canceling Mon Jul 15 06:38:27 UTC 2019
auto.tcl: Setting watchdog for 200 seconds at Mon Jul 15 06:38:27 UTC 2019
10 ms. Memory: 51200K Free: 16831K (33%)
ptolemy.util.test.WatchDog.cancel(): canceling Mon Jul 15 06:38:27 UTC 2019
------------------ testing $PTII/ptolemy/domains/de/test/auto/MergeWithoutDiscard.xml
auto.tcl: Setting watchdog for 200 seconds at Mon Jul 15 06:38:27 UTC 2019
2 ms. Memory: 48128K Free: 30179K (63%)
ptolemy.util.test.WatchDog.cancel(): canceling Mon Jul 15 06:38:27 UTC 2019
auto.tcl: Setting watchdog for 200 seconds at Mon Jul 15 06:38:27 UTC 2019
1 ms. Memory: 48128K Free: 29701K (62%)
ptolemy.util.test.WatchDog.cancel(): canceling Mon Jul 15 06:38:27 UTC 2019
------------------ testing $PTII/ptolemy/domains/de/test/auto/Modal1.xml
auto.tcl: Setting watchdog for 200 seconds at Mon Jul 15 06:38:27 UTC 2019
18 ms. Memory: 48128K Free: 22281K (46%)
ptolemy.util.test.WatchDog.cancel(): canceling Mon Jul 15 06:38:28 UTC 2019
auto.tcl: Setting watchdog for 200 seconds at Mon Jul 15 06:38:28 UTC 2019
29 ms. Memory: 48128K Free: 18709K (39%)
ptolemy.util.test.WatchDog.cancel(): canceling Mon Jul 15 06:38:28 UTC 2019
------------------ testing $PTII/ptolemy/domains/de/test/auto/Modal2.xml
auto.tcl: Setting watchdog for 200 seconds at Mon Jul 15 06:38:28 UTC 2019
12 ms. Memory: 48128K Free: 21898K (45%)
ptolemy.util.test.WatchDog.cancel(): canceling Mon Jul 15 06:38:28 UTC 2019
auto.tcl: Setting watchdog for 200 seconds at Mon Jul 15 06:38:28 UTC 2019
14 ms. Memory: 48128K Free: 18643K (39%)
ptolemy.util.test.WatchDog.cancel(): canceling Mon Jul 15 06:38:28 UTC 2019
------------------ testing $PTII/ptolemy/domains/de/test/auto/Modal3.xml
auto.tcl: Setting watchdog for 200 seconds at Mon Jul 15 06:38:28 UTC 2019
15 ms. Memory: 48128K Free: 21633K (45%)
ptolemy.util.test.WatchDog.cancel(): canceling Mon Jul 15 06:38:28 UTC 2019
auto.tcl: Setting watchdog for 200 seconds at Mon Jul 15 06:38:28 UTC 2019
19 ms. Memory: 48128K Free: 18663K (39%)
ptolemy.util.test.WatchDog.cancel(): canceling Mon Jul 15 06:38:28 UTC 2019
------------------ testing $PTII/ptolemy/domains/de/test/auto/Modal4.xml
auto.tcl: Setting watchdog for 200 seconds at Mon Jul 15 06:38:28 UTC 2019
15 ms. Memory: 48128K Free: 20845K (43%)
ptolemy.util.test.WatchDog.cancel(): canceling Mon Jul 15 06:38:28 UTC 2019
auto.tcl: Setting watchdog for 200 seconds at Mon Jul 15 06:38:28 UTC 2019
15 ms. Memory: 48128K Free: 17011K (35%)
ptolemy.util.test.WatchDog.cancel(): canceling Mon Jul 15 06:38:28 UTC 2019
------------------ testing $PTII/ptolemy/domains/de/test/auto/Modal5.xml
auto.tcl: Setting watchdog for 200 seconds at Mon Jul 15 06:38:28 UTC 2019
18 ms. Memory: 48128K Free: 20842K (43%)
ptolemy.util.test.WatchDog.cancel(): canceling Mon Jul 15 06:38:28 UTC 2019
auto.tcl: Setting watchdog for 200 seconds at Mon Jul 15 06:38:28 UTC 2019
16 ms. Memory: 48128K Free: 16998K (35%)
ptolemy.util.test.WatchDog.cancel(): canceling Mon Jul 15 06:38:28 UTC 2019
------------------ testing $PTII/ptolemy/domains/de/test/auto/Modal6.xml
auto.tcl: Setting watchdog for 200 seconds at Mon Jul 15 06:38:28 UTC 2019
19 ms. Memory: 48128K Free: 21629K (45%)
ptolemy.util.test.WatchDog.cancel(): canceling Mon Jul 15 06:38:28 UTC 2019
auto.tcl: Setting watchdog for 200 seconds at Mon Jul 15 06:38:28 UTC 2019
19 ms. Memory: 48128K Free: 18018K (37%)
ptolemy.util.test.WatchDog.cancel(): canceling Mon Jul 15 06:38:28 UTC 2019
------------------ testing $PTII/ptolemy/domains/de/test/auto/Modal7.xml
auto.tcl: Setting watchdog for 200 seconds at Mon Jul 15 06:38:28 UTC 2019
18 ms. Memory: 48128K Free: 20590K (43%)
ptolemy.util.test.WatchDog.cancel(): canceling Mon Jul 15 06:38:28 UTC 2019
auto.tcl: Setting watchdog for 200 seconds at Mon Jul 15 06:38:28 UTC 2019
14 ms. Memory: 48128K Free: 16997K (35%)
ptolemy.util.test.WatchDog.cancel(): canceling Mon Jul 15 06:38:28 UTC 2019
------------------ testing $PTII/ptolemy/domains/de/test/auto/ModalModel.xml
auto.tcl: Setting watchdog for 200 seconds at Mon Jul 15 06:38:28 UTC 2019
182 ms. Memory: 58368K Free: 25324K (43%)
ptolemy.util.test.WatchDog.cancel(): canceling Mon Jul 15 06:38:29 UTC 2019
auto.tcl: Setting watchdog for 200 seconds at Mon Jul 15 06:38:29 UTC 2019
191 ms. Memory: 58368K Free: 23911K (41%)
ptolemy.util.test.WatchDog.cancel(): canceling Mon Jul 15 06:38:29 UTC 2019
------------------ testing $PTII/ptolemy/domains/de/test/auto/ModalSource.xml
auto.tcl: Setting watchdog for 200 seconds at Mon Jul 15 06:38:29 UTC 2019
8 ms. Memory: 51200K Free: 28728K (56%)
ptolemy.util.test.WatchDog.cancel(): canceling Mon Jul 15 06:38:29 UTC 2019
auto.tcl: Setting watchdog for 200 seconds at Mon Jul 15 06:38:29 UTC 2019
8 ms. Memory: 51200K Free: 26828K (52%)
ptolemy.util.test.WatchDog.cancel(): canceling Mon Jul 15 06:38:29 UTC 2019
------------------ testing $PTII/ptolemy/domains/de/test/auto/NonInterruptibleTimerZeroDelay.xml
auto.tcl: Setting watchdog for 200 seconds at Mon Jul 15 06:38:29 UTC 2019
4 ms. Memory: 48128K Free: 30592K (64%)
ptolemy.util.test.WatchDog.cancel(): canceling Mon Jul 15 06:38:29 UTC 2019
auto.tcl: Setting watchdog for 200 seconds at Mon Jul 15 06:38:29 UTC 2019
2 ms. Memory: 48128K Free: 29966K (62%)
ptolemy.util.test.WatchDog.cancel(): canceling Mon Jul 15 06:38:29 UTC 2019
------------------ testing $PTII/ptolemy/domains/de/test/auto/OpenQueueingNetwork.xml
auto.tcl: Setting watchdog for 200 seconds at Mon Jul 15 06:38:29 UTC 2019
3036 ms. Memory: 107520K Free: 59301K (55%)
ptolemy.util.test.WatchDog.cancel(): canceling Mon Jul 15 06:38:32 UTC 2019
auto.tcl: Setting watchdog for 200 seconds at Mon Jul 15 06:38:32 UTC 2019
2786 ms. Memory: 129024K Free: 71065K (55%)
ptolemy.util.test.WatchDog.cancel(): canceling Mon Jul 15 06:38:35 UTC 2019
------------------ testing $PTII/ptolemy/domains/de/test/auto/OpenQueuingNetwork.xml
auto.tcl: Setting watchdog for 200 seconds at Mon Jul 15 06:38:35 UTC 2019
277 ms. Memory: 51200K Free: 16229K (32%)
ptolemy.util.test.WatchDog.cancel(): canceling Mon Jul 15 06:38:36 UTC 2019
auto.tcl: Setting watchdog for 200 seconds at Mon Jul 15 06:38:36 UTC 2019
270 ms. Memory: 51200K Free: 21569K (42%)
ptolemy.util.test.WatchDog.cancel(): canceling Mon Jul 15 06:38:36 UTC 2019
------------------ testing $PTII/ptolemy/domains/de/test/auto/PeriodicSampler.xml
auto.tcl: Setting watchdog for 200 seconds at Mon Jul 15 06:38:36 UTC 2019
3 ms. Memory: 51200K Free: 32881K (64%)
ptolemy.util.test.WatchDog.cancel(): canceling Mon Jul 15 06:38:36 UTC 2019
auto.tcl: Setting watchdog for 200 seconds at Mon Jul 15 06:38:36 UTC 2019
2 ms. Memory: 51200K Free: 32405K (63%)
ptolemy.util.test.WatchDog.cancel(): canceling Mon Jul 15 06:38:36 UTC 2019
------------------ testing $PTII/ptolemy/domains/de/test/auto/PersistentIO.xml
auto.tcl: Setting watchdog for 200 seconds at Mon Jul 15 06:38:36 UTC 2019
16 ms. Memory: 51200K Free: 27805K (54%)
ptolemy.util.test.WatchDog.cancel(): canceling Mon Jul 15 06:38:36 UTC 2019
auto.tcl: Setting watchdog for 200 seconds at Mon Jul 15 06:38:36 UTC 2019
4 ms. Memory: 51200K Free: 26330K (51%)
ptolemy.util.test.WatchDog.cancel(): canceling Mon Jul 15 06:38:36 UTC 2019
------------------ testing $PTII/ptolemy/domains/de/test/auto/PortParameterResetOnInitialize.xml
auto.tcl: Setting watchdog for 200 seconds at Mon Jul 15 06:38:36 UTC 2019
3 ms. Memory: 51200K Free: 32795K (64%)
ptolemy.util.test.WatchDog.cancel(): canceling Mon Jul 15 06:38:36 UTC 2019
auto.tcl: Setting watchdog for 200 seconds at Mon Jul 15 06:38:36 UTC 2019
2 ms. Memory: 51200K Free: 32305K (63%)
ptolemy.util.test.WatchDog.cancel(): canceling Mon Jul 15 06:38:36 UTC 2019
------------------ testing $PTII/ptolemy/domains/de/test/auto/PortParameterUpdates.xml
auto.tcl: Setting watchdog for 200 seconds at Mon Jul 15 06:38:36 UTC 2019
4 ms. Memory: 51200K Free: 30881K (60%)
ptolemy.util.test.WatchDog.cancel(): canceling Mon Jul 15 06:38:36 UTC 2019
auto.tcl: Setting watchdog for 200 seconds at Mon Jul 15 06:38:36 UTC 2019
5 ms. Memory: 51200K Free: 29871K (58%)
ptolemy.util.test.WatchDog.cancel(): canceling Mon Jul 15 06:38:36 UTC 2019
------------------ testing $PTII/ptolemy/domains/de/test/auto/QueueAndServer.xml
auto.tcl: Setting watchdog for 200 seconds at Mon Jul 15 06:38:36 UTC 2019
7 ms. Memory: 51200K Free: 29827K (58%)
ptolemy.util.test.WatchDog.cancel(): canceling Mon Jul 15 06:38:36 UTC 2019
auto.tcl: Setting watchdog for 200 seconds at Mon Jul 15 06:38:36 UTC 2019
7 ms. Memory: 51200K Free: 28338K (55%)
ptolemy.util.test.WatchDog.cancel(): canceling Mon Jul 15 06:38:36 UTC 2019
------------------ testing $PTII/ptolemy/domains/de/test/auto/Records.xml
auto.tcl: Setting watchdog for 200 seconds at Mon Jul 15 06:38:36 UTC 2019
4 ms. Memory: 51200K Free: 32334K (63%)
ptolemy.util.test.WatchDog.cancel(): canceling Mon Jul 15 06:38:36 UTC 2019
auto.tcl: Setting watchdog for 200 seconds at Mon Jul 15 06:38:36 UTC 2019
2 ms. Memory: 51200K Free: 31818K (62%)
ptolemy.util.test.WatchDog.cancel(): canceling Mon Jul 15 06:38:36 UTC 2019
------------------ testing $PTII/ptolemy/domains/de/test/auto/ResetTransitionWithStartTime1.xml
auto.tcl: Setting watchdog for 200 seconds at Mon Jul 15 06:38:36 UTC 2019
14 ms. Memory: 51200K Free: 29289K (57%)
ptolemy.util.test.WatchDog.cancel(): canceling Mon Jul 15 06:38:36 UTC 2019
auto.tcl: Setting watchdog for 200 seconds at Mon Jul 15 06:38:36 UTC 2019
9 ms. Memory: 51200K Free: 27261K (53%)
ptolemy.util.test.WatchDog.cancel(): canceling Mon Jul 15 06:38:36 UTC 2019
------------------ testing $PTII/ptolemy/domains/de/test/auto/ResetTransitionWithStartTime2.xml
auto.tcl: Setting watchdog for 200 seconds at Mon Jul 15 06:38:36 UTC 2019
6 ms. Memory: 51200K Free: 29243K (57%)
ptolemy.util.test.WatchDog.cancel(): canceling Mon Jul 15 06:38:37 UTC 2019
auto.tcl: Setting watchdog for 200 seconds at Mon Jul 15 06:38:37 UTC 2019
7 ms. Memory: 51200K Free: 26697K (52%)
ptolemy.util.test.WatchDog.cancel(): canceling Mon Jul 15 06:38:37 UTC 2019
------------------ testing $PTII/ptolemy/domains/de/test/auto/ResetTransitionWithStartTime3.xml
auto.tcl: Setting watchdog for 200 seconds at Mon Jul 15 06:38:37 UTC 2019
12 ms. Memory: 51200K Free: 29241K (57%)
ptolemy.util.test.WatchDog.cancel(): canceling Mon Jul 15 06:38:37 UTC 2019
auto.tcl: Setting watchdog for 200 seconds at Mon Jul 15 06:38:37 UTC 2019
10 ms. Memory: 51200K Free: 27237K (53%)
ptolemy.util.test.WatchDog.cancel(): canceling Mon Jul 15 06:38:37 UTC 2019
------------------ testing $PTII/ptolemy/domains/de/test/auto/ResetTransitionWithStartTime4.xml
auto.tcl: Setting watchdog for 200 seconds at Mon Jul 15 06:38:37 UTC 2019
8 ms. Memory: 51200K Free: 29955K (59%)
ptolemy.util.test.WatchDog.cancel(): canceling Mon Jul 15 06:38:37 UTC 2019
auto.tcl: Setting watchdog for 200 seconds at Mon Jul 15 06:38:37 UTC 2019
4 ms. Memory: 51200K Free: 28260K (55%)
ptolemy.util.test.WatchDog.cancel(): canceling Mon Jul 15 06:38:37 UTC 2019
------------------ testing $PTII/ptolemy/domains/de/test/auto/ResettableTimer1.xml
auto.tcl: Setting watchdog for 200 seconds at Mon Jul 15 06:38:37 UTC 2019
4 ms. Memory: 51200K Free: 33318K (65%)
ptolemy.util.test.WatchDog.cancel(): canceling Mon Jul 15 06:38:37 UTC 2019
auto.tcl: Setting watchdog for 200 seconds at Mon Jul 15 06:38:37 UTC 2019
3 ms. Memory: 51200K Free: 32330K (63%)
ptolemy.util.test.WatchDog.cancel(): canceling Mon Jul 15 06:38:37 UTC 2019
------------------ testing $PTII/ptolemy/domains/de/test/auto/ResettableTimer2.xml
auto.tcl: Setting watchdog for 200 seconds at Mon Jul 15 06:38:37 UTC 2019
3 ms. Memory: 51200K Free: 33374K (65%)
ptolemy.util.test.WatchDog.cancel(): canceling Mon Jul 15 06:38:37 UTC 2019
auto.tcl: Setting watchdog for 200 seconds at Mon Jul 15 06:38:37 UTC 2019
3 ms. Memory: 51200K Free: 32395K (63%)
ptolemy.util.test.WatchDog.cancel(): canceling Mon Jul 15 06:38:37 UTC 2019
------------------ testing $PTII/ptolemy/domains/de/test/auto/ResettableTimer3.xml
auto.tcl: Setting watchdog for 200 seconds at Mon Jul 15 06:38:37 UTC 2019
2 ms. Memory: 51200K Free: 33853K (66%)
ptolemy.util.test.WatchDog.cancel(): canceling Mon Jul 15 06:38:37 UTC 2019
auto.tcl: Setting watchdog for 200 seconds at Mon Jul 15 06:38:37 UTC 2019
1 ms. Memory: 51200K Free: 33379K (65%)
ptolemy.util.test.WatchDog.cancel(): canceling Mon Jul 15 06:38:37 UTC 2019
------------------ testing $PTII/ptolemy/domains/de/test/auto/ResettableTimer4.xml
auto.tcl: Setting watchdog for 200 seconds at Mon Jul 15 06:38:37 UTC 2019
2 ms. Memory: 51200K Free: 33882K (66%)
ptolemy.util.test.WatchDog.cancel(): canceling Mon Jul 15 06:38:37 UTC 2019
auto.tcl: Setting watchdog for 200 seconds at Mon Jul 15 06:38:37 UTC 2019
2 ms. Memory: 51200K Free: 33408K (65%)
ptolemy.util.test.WatchDog.cancel(): canceling Mon Jul 15 06:38:37 UTC 2019
------------------ testing $PTII/ptolemy/domains/de/test/auto/ResettableTimer5.xml
auto.tcl: Setting watchdog for 200 seconds at Mon Jul 15 06:38:37 UTC 2019
2 ms. Memory: 51200K Free: 32840K (64%)
ptolemy.util.test.WatchDog.cancel(): canceling Mon Jul 15 06:38:37 UTC 2019
auto.tcl: Setting watchdog for 200 seconds at Mon Jul 15 06:38:37 UTC 2019
2 ms. Memory: 51200K Free: 32360K (63%)
ptolemy.util.test.WatchDog.cancel(): canceling Mon Jul 15 06:38:37 UTC 2019
------------------ testing $PTII/ptolemy/domains/de/test/auto/ResettableTimer6.xml
auto.tcl: Setting watchdog for 200 seconds at Mon Jul 15 06:38:37 UTC 2019
2 ms. Memory: 51200K Free: 32855K (64%)
ptolemy.util.test.WatchDog.cancel(): canceling Mon Jul 15 06:38:37 UTC 2019
auto.tcl: Setting watchdog for 200 seconds at Mon Jul 15 06:38:37 UTC 2019
1 ms. Memory: 51200K Free: 32365K (63%)
ptolemy.util.test.WatchDog.cancel(): canceling Mon Jul 15 06:38:37 UTC 2019
------------------ testing $PTII/ptolemy/domains/de/test/auto/ServerZeroDelay.xml
auto.tcl: Setting watchdog for 200 seconds at Mon Jul 15 06:38:37 UTC 2019
3 ms. Memory: 51200K Free: 33513K (65%)
ptolemy.util.test.WatchDog.cancel(): canceling Mon Jul 15 06:38:37 UTC 2019
auto.tcl: Setting watchdog for 200 seconds at Mon Jul 15 06:38:37 UTC 2019
3 ms. Memory: 51200K Free: 32861K (64%)
ptolemy.util.test.WatchDog.cancel(): canceling Mon Jul 15 06:38:37 UTC 2019
------------------ testing $PTII/ptolemy/domains/de/test/auto/SmartSender.xml
auto.tcl: Setting watchdog for 200 seconds at Mon Jul 15 06:38:37 UTC 2019
3001 ms. Memory: 51200K Free: 33870K (66%)
ptolemy.util.test.WatchDog.cancel(): canceling Mon Jul 15 06:38:40 UTC 2019
auto.tcl: Setting watchdog for 200 seconds at Mon Jul 15 06:38:40 UTC 2019
3003 ms. Memory: 51200K Free: 32884K (64%)
ptolemy.util.test.WatchDog.cancel(): canceling Mon Jul 15 06:38:43 UTC 2019
------------------ testing $PTII/ptolemy/domains/de/test/auto/ThreadedComposite.xml
auto.tcl: Setting watchdog for 200 seconds at Mon Jul 15 06:38:43 UTC 2019
210 ms. Memory: 51200K Free: 14942K (29%)
ptolemy.util.test.WatchDog.cancel(): canceling Mon Jul 15 06:38:44 UTC 2019
auto.tcl: Setting watchdog for 200 seconds at Mon Jul 15 06:38:44 UTC 2019
170 ms. Memory: 51200K Free: 27842K (54%)
ptolemy.util.test.WatchDog.cancel(): canceling Mon Jul 15 06:38:44 UTC 2019
------------------ testing $PTII/ptolemy/domains/de/test/auto/Time.xml
auto.tcl: Setting watchdog for 200 seconds at Mon Jul 15 06:38:44 UTC 2019
606 ms. Memory: 58368K Free: 13596K (23%)
ptolemy.util.test.WatchDog.cancel(): canceling Mon Jul 15 06:38:44 UTC 2019
auto.tcl: Setting watchdog for 200 seconds at Mon Jul 15 06:38:44 UTC 2019
520 ms. Memory: 58368K Free: 27061K (46%)
ptolemy.util.test.WatchDog.cancel(): canceling Mon Jul 15 06:38:45 UTC 2019
------------------ testing $PTII/ptolemy/domains/de/test/auto/TimeDelayZeroDelay.xml
auto.tcl: Setting watchdog for 200 seconds at Mon Jul 15 06:38:45 UTC 2019
4 ms. Memory: 48128K Free: 30713K (64%)
ptolemy.util.test.WatchDog.cancel(): canceling Mon Jul 15 06:38:45 UTC 2019
auto.tcl: Setting watchdog for 200 seconds at Mon Jul 15 06:38:45 UTC 2019
2 ms. Memory: 48128K Free: 30217K (63%)
ptolemy.util.test.WatchDog.cancel(): canceling Mon Jul 15 06:38:45 UTC 2019
------------------ testing $PTII/ptolemy/domains/de/test/auto/TimerZeroDelay.xml
auto.tcl: Setting watchdog for 200 seconds at Mon Jul 15 06:38:45 UTC 2019
4 ms. Memory: 48128K Free: 30671K (64%)
ptolemy.util.test.WatchDog.cancel(): canceling Mon Jul 15 06:38:45 UTC 2019
auto.tcl: Setting watchdog for 200 seconds at Mon Jul 15 06:38:45 UTC 2019
2 ms. Memory: 48128K Free: 29843K (62%)
ptolemy.util.test.WatchDog.cancel(): canceling Mon Jul 15 06:38:45 UTC 2019
------------------ testing $PTII/ptolemy/domains/de/test/auto/TimingParadox.xml
auto.tcl: Setting watchdog for 200 seconds at Mon Jul 15 06:38:45 UTC 2019
385 ms. Memory: 48128K Free: 13349K (28%)
ptolemy.util.test.WatchDog.cancel(): canceling Mon Jul 15 06:38:46 UTC 2019
auto.tcl: Setting watchdog for 200 seconds at Mon Jul 15 06:38:46 UTC 2019
386 ms. Memory: 48128K Free: 25019K (52%)
ptolemy.util.test.WatchDog.cancel(): canceling Mon Jul 15 06:38:46 UTC 2019
------------------ testing $PTII/ptolemy/domains/de/test/auto/TransferInputs.xml
auto.tcl: Setting watchdog for 200 seconds at Mon Jul 15 06:38:46 UTC 2019
3 ms. Memory: 48128K Free: 28727K (60%)
ptolemy.util.test.WatchDog.cancel(): canceling Mon Jul 15 06:38:46 UTC 2019
auto.tcl: Setting watchdog for 200 seconds at Mon Jul 15 06:38:46 UTC 2019
2 ms. Memory: 48128K Free: 27864K (58%)
ptolemy.util.test.WatchDog.cancel(): canceling Mon Jul 15 06:38:46 UTC 2019
------------------ testing $PTII/ptolemy/domains/de/test/auto/TransferOutputs2.xml
auto.tcl: Setting watchdog for 200 seconds at Mon Jul 15 06:38:46 UTC 2019
3 ms. Memory: 48128K Free: 26170K (54%)
ptolemy.util.test.WatchDog.cancel(): canceling Mon Jul 15 06:38:46 UTC 2019
auto.tcl: Setting watchdog for 200 seconds at Mon Jul 15 06:38:46 UTC 2019
4 ms. Memory: 48128K Free: 24765K (51%)
ptolemy.util.test.WatchDog.cancel(): canceling Mon Jul 15 06:38:46 UTC 2019
------------------ testing $PTII/ptolemy/domains/de/test/auto/Trilateration.xml
auto.tcl: Setting watchdog for 200 seconds at Mon Jul 15 06:38:46 UTC 2019
14904 ms. Memory: 586752K Free: 439999K (75%)
ptolemy.util.test.WatchDog.cancel(): canceling Mon Jul 15 06:39:02 UTC 2019
auto.tcl: Setting watchdog for 200 seconds at Mon Jul 15 06:39:02 UTC 2019
11547 ms. Memory: 586752K Free: 247934K (42%)
ptolemy.util.test.WatchDog.cancel(): canceling Mon Jul 15 06:39:14 UTC 2019
------------------ testing $PTII/ptolemy/domains/de/test/auto/TwoSigmaDelta.xml
auto.tcl: Setting watchdog for 200 seconds at Mon Jul 15 06:39:14 UTC 2019
2783 ms. Memory: 107520K Free: 58605K (55%)
ptolemy.util.test.WatchDog.cancel(): canceling Mon Jul 15 06:39:17 UTC 2019
auto.tcl: Setting watchdog for 200 seconds at Mon Jul 15 06:39:17 UTC 2019
2011 ms. Memory: 107520K Free: 31496K (29%)
ptolemy.util.test.WatchDog.cancel(): canceling Mon Jul 15 06:39:19 UTC 2019
------------------ testing $PTII/ptolemy/domains/de/test/auto/VariableDelay.xml
auto.tcl: Setting watchdog for 200 seconds at Mon Jul 15 06:39:19 UTC 2019
3 ms. Memory: 51200K Free: 32299K (63%)
ptolemy.util.test.WatchDog.cancel(): canceling Mon Jul 15 06:39:19 UTC 2019
auto.tcl: Setting watchdog for 200 seconds at Mon Jul 15 06:39:19 UTC 2019
3 ms. Memory: 51200K Free: 31275K (61%)
ptolemy.util.test.WatchDog.cancel(): canceling Mon Jul 15 06:39:19 UTC 2019
------------------ testing $PTII/ptolemy/domains/de/test/auto/VariableDelay2.xml
auto.tcl: Setting watchdog for 200 seconds at Mon Jul 15 06:39:19 UTC 2019
9 ms. Memory: 51200K Free: 32607K (64%)
ptolemy.util.test.WatchDog.cancel(): canceling Mon Jul 15 06:39:19 UTC 2019
auto.tcl: Setting watchdog for 200 seconds at Mon Jul 15 06:39:19 UTC 2019
3 ms. Memory: 51200K Free: 31673K (62%)
ptolemy.util.test.WatchDog.cancel(): canceling Mon Jul 15 06:39:19 UTC 2019
------------------ testing $PTII/ptolemy/domains/de/test/auto/VariableDelayZeroDelay.xml
auto.tcl: Setting watchdog for 200 seconds at Mon Jul 15 06:39:19 UTC 2019
3 ms. Memory: 51200K Free: 33225K (65%)
ptolemy.util.test.WatchDog.cancel(): canceling Mon Jul 15 06:39:19 UTC 2019
auto.tcl: Setting watchdog for 200 seconds at Mon Jul 15 06:39:19 UTC 2019
2 ms. Memory: 51200K Free: 32711K (64%)
ptolemy.util.test.WatchDog.cancel(): canceling Mon Jul 15 06:39:19 UTC 2019
------------------ testing $PTII/ptolemy/domains/de/test/auto/VariableDelayZeroDelay2.xml
auto.tcl: Setting watchdog for 200 seconds at Mon Jul 15 06:39:19 UTC 2019
2 ms. Memory: 51200K Free: 33223K (65%)
ptolemy.util.test.WatchDog.cancel(): canceling Mon Jul 15 06:39:19 UTC 2019
auto.tcl: Setting watchdog for 200 seconds at Mon Jul 15 06:39:19 UTC 2019
2 ms. Memory: 51200K Free: 32199K (63%)
ptolemy.util.test.WatchDog.cancel(): canceling Mon Jul 15 06:39:19 UTC 2019
------------------ testing $PTII/ptolemy/domains/de/test/auto/deInCt.xml
auto.tcl: Setting watchdog for 200 seconds at Mon Jul 15 06:39:19 UTC 2019
0
1
1
1
1
0
0
0
0
0
0
1
1
1
0
0
0
0
1
1
1
1
0
0
0
0
13 ms. Memory: 51200K Free: 32197K (63%)
ptolemy.util.test.WatchDog.cancel(): canceling Mon Jul 15 06:39:19 UTC 2019
auto.tcl: Setting watchdog for 200 seconds at Mon Jul 15 06:39:19 UTC 2019
0
1
1
1
1
0
0
0
0
1
1
1
0
0
0
1
1
1
0
0
0
1
1
0
0
0
1
1
1
0
0
0
0
1
1
0
0
1
1
1
1
1
0
0
0
1
1
1
1
16 ms. Memory: 51200K Free: 30659K (60%)
ptolemy.util.test.WatchDog.cancel(): canceling Mon Jul 15 06:39:19 UTC 2019
------------------ testing $PTII/ptolemy/domains/de/test/auto/deInCt2.xml
auto.tcl: Setting watchdog for 200 seconds at Mon Jul 15 06:39:20 UTC 2019
0
1
1
1
0
0
1
1
1
0
0
1
1
1
0
0
1
1
1
0
0
1
1
1
0
0
1
1
1
0
0
1
1
1
0
0
1
1
1
0
0
0
13 ms. Memory: 48128K Free: 29127K (61%)
ptolemy.util.test.WatchDog.cancel(): canceling Mon Jul 15 06:39:20 UTC 2019
auto.tcl: Setting watchdog for 200 seconds at Mon Jul 15 06:39:20 UTC 2019
0
1
1
1
0
0
1
1
1
0
0
1
1
1
0
0
1
1
1
0
0
1
1
1
0
0
1
1
1
0
0
1
1
1
0
0
1
1
1
0
0
0
12 ms. Memory: 48128K Free: 27618K (57%)
ptolemy.util.test.WatchDog.cancel(): canceling Mon Jul 15 06:39:20 UTC 2019
------------------ testing $PTII/ptolemy/domains/de/test/auto/dynamicCausalityInterface1.xml
auto.tcl: Setting watchdog for 200 seconds at Mon Jul 15 06:39:20 UTC 2019
3 ms. Memory: 48128K Free: 25059K (52%)
ptolemy.util.test.WatchDog.cancel(): canceling Mon Jul 15 06:39:20 UTC 2019
auto.tcl: Setting watchdog for 200 seconds at Mon Jul 15 06:39:20 UTC 2019
2 ms. Memory: 48128K Free: 24127K (50%)
ptolemy.util.test.WatchDog.cancel(): canceling Mon Jul 15 06:39:20 UTC 2019
------------------ testing $PTII/ptolemy/domains/de/test/auto/fsm_de_test.xml
auto.tcl: Setting watchdog for 200 seconds at Mon Jul 15 06:39:20 UTC 2019
7 ms. Memory: 48128K Free: 24958K (52%)
ptolemy.util.test.WatchDog.cancel(): canceling Mon Jul 15 06:39:20 UTC 2019
auto.tcl: Setting watchdog for 200 seconds at Mon Jul 15 06:39:20 UTC 2019
6 ms. Memory: 48128K Free: 22986K (48%)
ptolemy.util.test.WatchDog.cancel(): canceling Mon Jul 15 06:39:20 UTC 2019
------------------ testing $PTII/ptolemy/domains/de/test/auto/functionDependencyReconstruction.xml
auto.tcl: Setting watchdog for 200 seconds at Mon Jul 15 06:39:20 UTC 2019
3 ms. Memory: 48128K Free: 18956K (39%)
ptolemy.util.test.WatchDog.cancel(): canceling Mon Jul 15 06:39:20 UTC 2019
auto.tcl: Setting watchdog for 200 seconds at Mon Jul 15 06:39:20 UTC 2019
3 ms. Memory: 48128K Free: 17290K (36%)
ptolemy.util.test.WatchDog.cancel(): canceling Mon Jul 15 06:39:20 UTC 2019
------------------ testing $PTII/ptolemy/domains/de/test/auto/multirate.xml
auto.tcl: Setting watchdog for 200 seconds at Mon Jul 15 06:39:20 UTC 2019
6 ms. Memory: 48128K Free: 27619K (57%)
ptolemy.util.test.WatchDog.cancel(): canceling Mon Jul 15 06:39:20 UTC 2019
auto.tcl: Setting watchdog for 200 seconds at Mon Jul 15 06:39:20 UTC 2019
3 ms. Memory: 48128K Free: 25938K (54%)
ptolemy.util.test.WatchDog.cancel(): canceling Mon Jul 15 06:39:20 UTC 2019
------------------ testing $PTII/ptolemy/domains/de/test/auto/multirate2.xml
auto.tcl: Setting watchdog for 200 seconds at Mon Jul 15 06:39:20 UTC 2019
3 ms. Memory: 48128K Free: 27554K (57%)
ptolemy.util.test.WatchDog.cancel(): canceling Mon Jul 15 06:39:20 UTC 2019
auto.tcl: Setting watchdog for 200 seconds at Mon Jul 15 06:39:20 UTC 2019
4 ms. Memory: 48128K Free: 26103K (54%)
ptolemy.util.test.WatchDog.cancel(): canceling Mon Jul 15 06:39:20 UTC 2019
------------------ testing $PTII/ptolemy/domains/de/test/auto/realtime.xml
auto.tcl: Setting watchdog for 200 seconds at Mon Jul 15 06:39:20 UTC 2019
10001 ms. Memory: 48128K Free: 29810K (62%)
ptolemy.util.test.WatchDog.cancel(): canceling Mon Jul 15 06:39:30 UTC 2019
auto.tcl: Setting watchdog for 200 seconds at Mon Jul 15 06:39:30 UTC 2019
10002 ms. Memory: 48128K Free: 29105K (60%)
ptolemy.util.test.WatchDog.cancel(): canceling Mon Jul 15 06:39:40 UTC 2019
------------------ testing $PTII/ptolemy/domains/de/test/auto/relationGroup.xml
auto.tcl: Setting watchdog for 200 seconds at Mon Jul 15 06:39:40 UTC 2019
1 ms. Memory: 48128K Free: 30902K (64%)
ptolemy.util.test.WatchDog.cancel(): canceling Mon Jul 15 06:39:40 UTC 2019
auto.tcl: Setting watchdog for 200 seconds at Mon Jul 15 06:39:40 UTC 2019
1 ms. Memory: 48128K Free: 30154K (63%)
ptolemy.util.test.WatchDog.cancel(): canceling Mon Jul 15 06:39:40 UTC 2019
------------------ testing $PTII/ptolemy/domains/de/test/auto/relationGroup2.xml
auto.tcl: Setting watchdog for 200 seconds at Mon Jul 15 06:39:40 UTC 2019
2 ms. Memory: 48128K Free: 30865K (64%)
ptolemy.util.test.WatchDog.cancel(): canceling Mon Jul 15 06:39:40 UTC 2019
auto.tcl: Setting watchdog for 200 seconds at Mon Jul 15 06:39:40 UTC 2019
1 ms. Memory: 48128K Free: 30179K (63%)
ptolemy.util.test.WatchDog.cancel(): canceling Mon Jul 15 06:39:40 UTC 2019
------------------ testing $PTII/ptolemy/domains/de/test/auto/sortWithOpaquePorts.xml
auto.tcl: Setting watchdog for 200 seconds at Mon Jul 15 06:39:40 UTC 2019
2 ms. Memory: 48128K Free: 29663K (62%)
ptolemy.util.test.WatchDog.cancel(): canceling Mon Jul 15 06:39:40 UTC 2019
auto.tcl: Setting watchdog for 200 seconds at Mon Jul 15 06:39:40 UTC 2019
2 ms. Memory: 48128K Free: 28671K (60%)
ptolemy.util.test.WatchDog.cancel(): canceling Mon Jul 15 06:39:40 UTC 2019
------------------ testing $PTII/ptolemy/domains/de/test/auto/transferInputsandOutputs.xml
auto.tcl: Setting watchdog for 200 seconds at Mon Jul 15 06:39:40 UTC 2019
2 ms. Memory: 48128K Free: 27095K (56%)
ptolemy.util.test.WatchDog.cancel(): canceling Mon Jul 15 06:39:40 UTC 2019
auto.tcl: Setting watchdog for 200 seconds at Mon Jul 15 06:39:40 UTC 2019
1 ms. Memory: 48128K Free: 26108K (54%)
ptolemy.util.test.WatchDog.cancel(): canceling Mon Jul 15 06:39:40 UTC 2019
------------------ testing $PTII/ptolemy/domains/de/test/auto/triggerType.xml
auto.tcl: Setting watchdog for 200 seconds at Mon Jul 15 06:39:40 UTC 2019
2 ms. Memory: 48128K Free: 30120K (63%)
ptolemy.util.test.WatchDog.cancel(): canceling Mon Jul 15 06:39:40 UTC 2019
auto.tcl: Setting watchdog for 200 seconds at Mon Jul 15 06:39:40 UTC 2019
1 ms. Memory: 48128K Free: 29149K (61%)
ptolemy.util.test.WatchDog.cancel(): canceling Mon Jul 15 06:39:40 UTC 2019
07/15/19 06:39:41
Failed: 0  Total Tests: 192  ((Passed: 187, Newly Passed: 1)  Known Failed: 5) /home/travis/build/icyphy/ptII/ptolemy/domains/de/test
07/15/19 06:39:41
Failed: 0  Total Tests: 192  ((Passed: 187, Newly Passed: 1)  Known Failed: 5) /home/travis/build/icyphy/ptII/ptolemy/domains/de/test
----------------- testing (KnownFailure) /home/travis/build/icyphy/ptII/ptolemy/domains/de/test/auto/knownFailedTests/DESDFClockTest.xml
2008 ms. Memory: 48128K Free: 23515K (49%)
Known Failure: java.lang.reflect.InvocationTargetException
----------------- testing (KnownFailure) /home/travis/build/icyphy/ptII/ptolemy/domains/de/test/auto/knownFailedTests/DirectFeedback.xml
1 ms. Memory: 48128K Free: 19933K (41%)
Known Failure: java.lang.reflect.InvocationTargetException
----------------- testing (KnownFailure) /home/travis/build/icyphy/ptII/ptolemy/domains/de/test/auto/knownFailedTests/FSMSource.xml
11 ms. Memory: 48128K Free: 12765K (27%)
----------------- testing (KnownFailure) /home/travis/build/icyphy/ptII/ptolemy/domains/de/test/auto/knownFailedTests/HierarchicalModel.xml
3 ms. Memory: 48128K Free: 22897K (48%)
Known Failure: java.lang.reflect.InvocationTargetException
----------------- testing (KnownFailure) /home/travis/build/icyphy/ptII/ptolemy/domains/de/test/auto/knownFailedTests/dependencyLoop.xml
9 ms. Memory: 48128K Free: 33722K (70%)
Known Failure: java.lang.reflect.InvocationTargetException
----------------- testing (KnownFailure) /home/travis/build/icyphy/ptII/ptolemy/domains/de/test/auto/knownFailedTests/dependencyLoop2.xml
6 ms. Memory: 48128K Free: 18636K (39%)
Known Failure: java.lang.reflect.InvocationTargetException
No auto/linux-amd64/*.xml tests in /home/travis/build/icyphy/ptII/ptolemy/domains/de/test
AutoTests.java: About to close Vertx.
AutoTests.java: Vertx closed.

===========================================================================================
----------------- testing Mon Jul 15 06:39:43 UTC 2019 /home/travis/build/icyphy/ptII/ptolemy/domains/de/test/auto/ActorDepthCalculation_actorWithoutPorts.xml
----------------- Instantiating /home/travis/build/icyphy/ptII/ptolemy/domains/de/test/auto/ActorDepthCalculation_actorWithoutPorts.xml
2 ms. Memory: 48128K Free: 12530K (26%)
----------------- Invoking toplevel() on ptolemy.moml.MoMLSimpleApplication@1312c0a6
----------------- Done invoking toplevel() on ptolemy.moml.MoMLSimpleApplication@1312c0a6
reloadAllAccessors: .ActorDepthCalculation_actorWithoutPorts

===========================================================================================
----------------- testing Mon Jul 15 06:39:43 UTC 2019 /home/travis/build/icyphy/ptII/ptolemy/domains/de/test/auto/AssemblyLine.xml
----------------- Instantiating /home/travis/build/icyphy/ptII/ptolemy/domains/de/test/auto/AssemblyLine.xml
4 ms. Memory: 48128K Free: 30959K (64%)
----------------- Invoking toplevel() on ptolemy.moml.MoMLSimpleApplication@5a517e5
----------------- Done invoking toplevel() on ptolemy.moml.MoMLSimpleApplication@5a517e5
reloadAllAccessors: .AssemblyLine

===========================================================================================
----------------- testing Mon Jul 15 06:39:43 UTC 2019 /home/travis/build/icyphy/ptII/ptolemy/domains/de/test/auto/CQBug1.xml
----------------- Instantiating /home/travis/build/icyphy/ptII/ptolemy/domains/de/test/auto/CQBug1.xml
1 ms. Memory: 48128K Free: 28075K (58%)
----------------- Invoking toplevel() on ptolemy.moml.MoMLSimpleApplication@6c08a657
----------------- Done invoking toplevel() on ptolemy.moml.MoMLSimpleApplication@6c08a657
reloadAllAccessors: .CQBug1

===========================================================================================
----------------- testing Mon Jul 15 06:39:43 UTC 2019 /home/travis/build/icyphy/ptII/ptolemy/domains/de/test/auto/CancelFireAt.xml
----------------- Instantiating /home/travis/build/icyphy/ptII/ptolemy/domains/de/test/auto/CancelFireAt.xml
2 ms. Memory: 48128K Free: 25840K (54%)
----------------- Invoking toplevel() on ptolemy.moml.MoMLSimpleApplication@745c1280
----------------- Done invoking toplevel() on ptolemy.moml.MoMLSimpleApplication@745c1280
reloadAllAccessors: .CancelFireAt

===========================================================================================
----------------- testing Mon Jul 15 06:39:43 UTC 2019 /home/travis/build/icyphy/ptII/ptolemy/domains/de/test/auto/CausalityAndComposabilityAnalysis.xml
----------------- Instantiating /home/travis/build/icyphy/ptII/ptolemy/domains/de/test/auto/CausalityAndComposabilityAnalysis.xml
2 ms. Memory: 48128K Free: 21657K (45%)
----------------- Invoking toplevel() on ptolemy.moml.MoMLSimpleApplication@74f0be85
----------------- Done invoking toplevel() on ptolemy.moml.MoMLSimpleApplication@74f0be85
reloadAllAccessors: .CausalityAndComposabilityAnalysis

===========================================================================================
----------------- testing Mon Jul 15 06:39:43 UTC 2019 /home/travis/build/icyphy/ptII/ptolemy/domains/de/test/auto/CausalityInterface1.xml
----------------- Instantiating /home/travis/build/icyphy/ptII/ptolemy/domains/de/test/auto/CausalityInterface1.xml
4 ms. Memory: 48128K Free: 16779K (35%)
----------------- Invoking toplevel() on ptolemy.moml.MoMLSimpleApplication@2c73f7cf
----------------- Done invoking toplevel() on ptolemy.moml.MoMLSimpleApplication@2c73f7cf
reloadAllAccessors: .CausalityInterface1

===========================================================================================
----------------- testing Mon Jul 15 06:39:43 UTC 2019 /home/travis/build/icyphy/ptII/ptolemy/domains/de/test/auto/CausalityInterface15.xml
----------------- Instantiating /home/travis/build/icyphy/ptII/ptolemy/domains/de/test/auto/CausalityInterface15.xml
1 ms. Memory: 48128K Free: 11425K (24%)
----------------- Invoking toplevel() on ptolemy.moml.MoMLSimpleApplication@9eef35
----------------- Done invoking toplevel() on ptolemy.moml.MoMLSimpleApplication@9eef35
reloadAllAccessors: .CausalityInterface15

===========================================================================================
----------------- testing Mon Jul 15 06:39:43 UTC 2019 /home/travis/build/icyphy/ptII/ptolemy/domains/de/test/auto/CausalityInterface2.xml
----------------- Instantiating /home/travis/build/icyphy/ptII/ptolemy/domains/de/test/auto/CausalityInterface2.xml
1 ms. Memory: 48128K Free: 32481K (67%)
[...]
	at ptolemy.actor.Manager.run(Manager.java:1263)
	at ptolemy.actor.Manager$PtolemyRunThread.run(Manager.java:1915)
java.lang.RuntimeException: Execution failed
	at ptolemy.moml.MoMLSimpleApplication$UnloadThread.run(MoMLSimpleApplication.java:402)
Caused by: ptolemy.kernel.util.IllegalActionException: Actor is not ready to fire.  Perhaps UpSample.prefire() returned false? Try debugging the actor by selecting "Listen to Actor".  Also, for SDF check moml for tokenConsumptionRate on input.
  in .DESDFClockTest.Play Bell.Copy1:SDF Director and .DESDFClockTest.Play Bell.UpSample
	at ptolemy.actor.sched.StaticSchedulingDirector.fire(StaticSchedulingDirector.java:227)
	at ptolemy.domains.sdf.kernel.SDFDirector.fire(SDFDirector.java:500)
	at ptolemy.actor.CompositeActor.fire(CompositeActor.java:455)
	at ptolemy.domains.de.kernel.DEDirector._fire(DEDirector.java:1949)
	at ptolemy.domains.de.kernel.DEDirector.fire(DEDirector.java:502)
	at ptolemy.actor.CompositeActor.fire(CompositeActor.java:455)
	at ptolemy.actor.Manager.iterate(Manager.java:851)
	at ptolemy.actor.Manager.execute(Manager.java:369)
	at ptolemy.actor.Manager.run(Manager.java:1263)
	at ptolemy.actor.Manager$PtolemyRunThread.run(Manager.java:1915)
java.lang.reflect.InvocationTargetException
	at java.base/jdk.internal.reflect.NativeConstructorAccessorImpl.newInstance0(Native Method)
	at java.base/jdk.internal.reflect.NativeConstructorAccessorImpl.newInstance(NativeConstructorAccessorImpl.java:62)
	at java.base/jdk.internal.reflect.DelegatingConstructorAccessorImpl.newInstance(DelegatingConstructorAccessorImpl.java:45)
	at java.base/java.lang.reflect.Constructor.newInstance(Constructor.java:490)
	at ptolemy.util.test.junit.AutoKnownFailedTests.RunModel(AutoKnownFailedTests.java:105)
	at java.base/jdk.internal.reflect.NativeMethodAccessorImpl.invoke0(Native Method)
	at java.base/jdk.internal.reflect.NativeMethodAccessorImpl.invoke(NativeMethodAccessorImpl.java:62)
	at java.base/jdk.internal.reflect.DelegatingMethodAccessorImpl.invoke(DelegatingMethodAccessorImpl.java:43)
	at java.base/java.lang.reflect.Method.invoke(Method.java:566)
	at org.junit.runners.model.FrameworkMethod$1.runReflectiveCall(FrameworkMethod.java:44)
	at org.junit.internal.runners.model.ReflectiveCallable.run(ReflectiveCallable.java:15)
	at org.junit.runners.model.FrameworkMethod.invokeExplosively(FrameworkMethod.java:41)
	at junitparams.internal.InvokeParameterisedMethod.evaluate(InvokeParameterisedMethod.java:102)
	at org.junit.internal.runners.statements.FailOnTimeout$1.run(FailOnTimeout.java:28)
Caused by: ptolemy.kernel.util.IllegalActionException: Actor is not ready to fire.  Perhaps UpSample.prefire() returned false? Try debugging the actor by selecting "Listen to Actor".  Also, for SDF check moml for tokenConsumptionRate on input.
  in .DESDFClockTest.Play Bell.Copy1:SDF Director and .DESDFClockTest.Play Bell.UpSample
	at ptolemy.actor.sched.StaticSchedulingDirector.fire(StaticSchedulingDirector.java:227)
	at ptolemy.domains.sdf.kernel.SDFDirector.fire(SDFDirector.java:500)
	at ptolemy.actor.CompositeActor.fire(CompositeActor.java:455)
	at ptolemy.domains.de.kernel.DEDirector._fire(DEDirector.java:1949)
	at ptolemy.domains.de.kernel.DEDirector.fire(DEDirector.java:502)
	at ptolemy.actor.CompositeActor.fire(CompositeActor.java:455)
	at ptolemy.actor.Manager.iterate(Manager.java:851)
	at ptolemy.actor.Manager.execute(Manager.java:369)
	at ptolemy.actor.Manager.run(Manager.java:1263)
	at ptolemy.actor.Manager$PtolemyRunThread.run(Manager.java:1915)
java.lang.RuntimeException: Execution failed
	at ptolemy.moml.MoMLSimpleApplication$UnloadThread.run(MoMLSimpleApplication.java:402)
Caused by: ptolemy.kernel.util.IllegalActionException: Test fails in iteration 1.
Value was: 1.0. Should have been: 2.0
  in .DirectFeedback.Test
	at ptolemy.actor.lib.Test.fire(Test.java:268)
	at ptolemy.domains.de.kernel.DEDirector._fire(DEDirector.java:1949)
	at ptolemy.domains.de.kernel.DEDirector.fire(DEDirector.java:502)
	at ptolemy.actor.CompositeActor.fire(CompositeActor.java:455)
	at ptolemy.actor.Manager.iterate(Manager.java:851)
	at ptolemy.actor.Manager.execute(Manager.java:369)
	at ptolemy.actor.Manager.run(Manager.java:1263)
	at ptolemy.actor.Manager$PtolemyRunThread.run(Manager.java:1915)
java.lang.reflect.InvocationTargetException
	at java.base/jdk.internal.reflect.NativeConstructorAccessorImpl.newInstance0(Native Method)
	at java.base/jdk.internal.reflect.NativeConstructorAccessorImpl.newInstance(NativeConstructorAccessorImpl.java:62)
	at java.base/jdk.internal.reflect.DelegatingConstructorAccessorImpl.newInstance(DelegatingConstructorAccessorImpl.java:45)
	at java.base/java.lang.reflect.Constructor.newInstance(Constructor.java:490)
	at ptolemy.util.test.junit.AutoKnownFailedTests.RunModel(AutoKnownFailedTests.java:105)
	at java.base/jdk.internal.reflect.NativeMethodAccessorImpl.invoke0(Native Method)
	at java.base/jdk.internal.reflect.NativeMethodAccessorImpl.invoke(NativeMethodAccessorImpl.java:62)
	at java.base/jdk.internal.reflect.DelegatingMethodAccessorImpl.invoke(DelegatingMethodAccessorImpl.java:43)
	at java.base/java.lang.reflect.Method.invoke(Method.java:566)
	at org.junit.runners.model.FrameworkMethod$1.runReflectiveCall(FrameworkMethod.java:44)
	at org.junit.internal.runners.model.ReflectiveCallable.run(ReflectiveCallable.java:15)
	at org.junit.runners.model.FrameworkMethod.invokeExplosively(FrameworkMethod.java:41)
	at junitparams.internal.InvokeParameterisedMethod.evaluate(InvokeParameterisedMethod.java:102)
	at org.junit.internal.runners.statements.FailOnTimeout$1.run(FailOnTimeout.java:28)
Caused by: ptolemy.kernel.util.IllegalActionException: Test fails in iteration 1.
Value was: 1.0. Should have been: 2.0
  in .DirectFeedback.Test
	at ptolemy.actor.lib.Test.fire(Test.java:268)
	at ptolemy.domains.de.kernel.DEDirector._fire(DEDirector.java:1949)
	at ptolemy.domains.de.kernel.DEDirector.fire(DEDirector.java:502)
	at ptolemy.actor.CompositeActor.fire(CompositeActor.java:455)
	at ptolemy.actor.Manager.iterate(Manager.java:851)
	at ptolemy.actor.Manager.execute(Manager.java:369)
	at ptolemy.actor.Manager.run(Manager.java:1263)
	at ptolemy.actor.Manager$PtolemyRunThread.run(Manager.java:1915)
java.lang.RuntimeException: Execution failed
	at ptolemy.moml.MoMLSimpleApplication$UnloadThread.run(MoMLSimpleApplication.java:402)
Caused by: ptolemy.kernel.util.IllegalActionException: Found a zero delay loop containing .HierarchicalModel.A
  in .HierarchicalModel and .HierarchicalModel.A
	at ptolemy.actor.util.CausalityInterfaceForComposites._computeOutputPortDepth(CausalityInterfaceForComposites.java:759)
	at ptolemy.actor.util.CausalityInterfaceForComposites._computeInputDepth(CausalityInterfaceForComposites.java:696)
	at ptolemy.actor.util.CausalityInterfaceForComposites._computeOutputPortDepth(CausalityInterfaceForComposites.java:765)
	at ptolemy.actor.util.CausalityInterfaceForComposites._computeInputDepth(CausalityInterfaceForComposites.java:696)
	at ptolemy.actor.util.CausalityInterfaceForComposites._computeOutputPortDepth(CausalityInterfaceForComposites.java:765)
	at ptolemy.actor.util.CausalityInterfaceForComposites._computeInputDepth(CausalityInterfaceForComposites.java:696)
	at ptolemy.actor.util.CausalityInterfaceForComposites._computeActorDepth(CausalityInterfaceForComposites.java:532)
	at ptolemy.actor.util.CausalityInterfaceForComposites.checkForCycles(CausalityInterfaceForComposites.java:96)
	at ptolemy.domains.de.kernel.DEDirector.preinitialize(DEDirector.java:1338)
	at ptolemy.actor.CompositeActor.preinitialize(CompositeActor.java:1828)
	at ptolemy.actor.Manager.preinitializeAndResolveTypes(Manager.java:1040)
	at ptolemy.actor.Manager.initialize(Manager.java:710)
	at ptolemy.actor.Manager.execute(Manager.java:356)
	at ptolemy.actor.Manager.run(Manager.java:1263)
	at ptolemy.actor.Manager$PtolemyRunThread.run(Manager.java:1915)
java.lang.reflect.InvocationTargetException
	at java.base/jdk.internal.reflect.NativeConstructorAccessorImpl.newInstance0(Native Method)
	at java.base/jdk.internal.reflect.NativeConstructorAccessorImpl.newInstance(NativeConstructorAccessorImpl.java:62)
	at java.base/jdk.internal.reflect.DelegatingConstructorAccessorImpl.newInstance(DelegatingConstructorAccessorImpl.java:45)
	at java.base/java.lang.reflect.Constructor.newInstance(Constructor.java:490)
	at ptolemy.util.test.junit.AutoKnownFailedTests.RunModel(AutoKnownFailedTests.java:105)
	at java.base/jdk.internal.reflect.NativeMethodAccessorImpl.invoke0(Native Method)
	at java.base/jdk.internal.reflect.NativeMethodAccessorImpl.invoke(NativeMethodAccessorImpl.java:62)
	at java.base/jdk.internal.reflect.DelegatingMethodAccessorImpl.invoke(DelegatingMethodAccessorImpl.java:43)
	at java.base/java.lang.reflect.Method.invoke(Method.java:566)
	at org.junit.runners.model.FrameworkMethod$1.runReflectiveCall(FrameworkMethod.java:44)
	at org.junit.internal.runners.model.ReflectiveCallable.run(ReflectiveCallable.java:15)
	at org.junit.runners.model.FrameworkMethod.invokeExplosively(FrameworkMethod.java:41)
	at junitparams.internal.InvokeParameterisedMethod.evaluate(InvokeParameterisedMethod.java:102)
	at org.junit.internal.runners.statements.FailOnTimeout$1.run(FailOnTimeout.java:28)
Caused by: ptolemy.kernel.util.IllegalActionException: Found a zero delay loop containing .HierarchicalModel.A
  in .HierarchicalModel and .HierarchicalModel.A
	at ptolemy.actor.util.CausalityInterfaceForComposites._computeOutputPortDepth(CausalityInterfaceForComposites.java:759)
	at ptolemy.actor.util.CausalityInterfaceForComposites._computeInputDepth(CausalityInterfaceForComposites.java:696)
	at ptolemy.actor.util.CausalityInterfaceForComposites._computeOutputPortDepth(CausalityInterfaceForComposites.java:765)
	at ptolemy.actor.util.CausalityInterfaceForComposites._computeInputDepth(CausalityInterfaceForComposites.java:696)
	at ptolemy.actor.util.CausalityInterfaceForComposites._computeOutputPortDepth(CausalityInterfaceForComposites.java:765)
	at ptolemy.actor.util.CausalityInterfaceForComposites._computeInputDepth(CausalityInterfaceForComposites.java:696)
	at ptolemy.actor.util.CausalityInterfaceForComposites._computeActorDepth(CausalityInterfaceForComposites.java:532)
	at ptolemy.actor.util.CausalityInterfaceForComposites.checkForCycles(CausalityInterfaceForComposites.java:96)
	at ptolemy.domains.de.kernel.DEDirector.preinitialize(DEDirector.java:1338)
	at ptolemy.actor.CompositeActor.preinitialize(CompositeActor.java:1828)
	at ptolemy.actor.Manager.preinitializeAndResolveTypes(Manager.java:1040)
	at ptolemy.actor.Manager.initialize(Manager.java:710)
	at ptolemy.actor.Manager.execute(Manager.java:356)
	at ptolemy.actor.Manager.run(Manager.java:1263)
	at ptolemy.actor.Manager$PtolemyRunThread.run(Manager.java:1915)
java.lang.RuntimeException: Execution failed
	at ptolemy.moml.MoMLSimpleApplication$UnloadThread.run(MoMLSimpleApplication.java:402)
Caused by: ptolemy.kernel.util.IllegalActionException: Found a zero delay loop containing .dependencyLoop.original
  in .dependencyLoop and .dependencyLoop.original
	at ptolemy.actor.util.CausalityInterfaceForComposites._computeOutputPortDepth(CausalityInterfaceForComposites.java:759)
	at ptolemy.actor.util.CausalityInterfaceForComposites._computeInputDepth(CausalityInterfaceForComposites.java:696)
	at ptolemy.actor.util.CausalityInterfaceForComposites._computeOutputPortDepth(CausalityInterfaceForComposites.java:765)
	at ptolemy.actor.util.CausalityInterfaceForComposites._computeInputDepth(CausalityInterfaceForComposites.java:696)
	at ptolemy.actor.util.CausalityInterfaceForComposites._computeOutputPortDepth(CausalityInterfaceForComposites.java:765)
	at ptolemy.actor.util.CausalityInterfaceForComposites._computeInputDepth(CausalityInterfaceForComposites.java:696)
	at ptolemy.actor.util.CausalityInterfaceForComposites._computeActorDepth(CausalityInterfaceForComposites.java:532)
	at ptolemy.actor.util.CausalityInterfaceForComposites.checkForCycles(CausalityInterfaceForComposites.java:96)
	at ptolemy.domains.de.kernel.DEDirector.preinitialize(DEDirector.java:1338)
	at ptolemy.actor.CompositeActor.preinitialize(CompositeActor.java:1828)
	at ptolemy.actor.Manager.preinitializeAndResolveTypes(Manager.java:1040)
	at ptolemy.actor.Manager.initialize(Manager.java:710)
	at ptolemy.actor.Manager.execute(Manager.java:356)
	at ptolemy.actor.Manager.run(Manager.java:1263)
	at ptolemy.actor.Manager$PtolemyRunThread.run(Manager.java:1915)
java.lang.reflect.InvocationTargetException
	at java.base/jdk.internal.reflect.NativeConstructorAccessorImpl.newInstance0(Native Method)
	at java.base/jdk.internal.reflect.NativeConstructorAccessorImpl.newInstance(NativeConstructorAccessorImpl.java:62)
	at java.base/jdk.internal.reflect.DelegatingConstructorAccessorImpl.newInstance(DelegatingConstructorAccessorImpl.java:45)
	at java.base/java.lang.reflect.Constructor.newInstance(Constructor.java:490)
	at ptolemy.util.test.junit.AutoKnownFailedTests.RunModel(AutoKnownFailedTests.java:105)
	at java.base/jdk.internal.reflect.NativeMethodAccessorImpl.invoke0(Native Method)
	at java.base/jdk.internal.reflect.NativeMethodAccessorImpl.invoke(NativeMethodAccessorImpl.java:62)
	at java.base/jdk.internal.reflect.DelegatingMethodAccessorImpl.invoke(DelegatingMethodAccessorImpl.java:43)
	at java.base/java.lang.reflect.Method.invoke(Method.java:566)
	at org.junit.runners.model.FrameworkMethod$1.runReflectiveCall(FrameworkMethod.java:44)
	at org.junit.internal.runners.model.ReflectiveCallable.run(ReflectiveCallable.java:15)
	at org.junit.runners.model.FrameworkMethod.invokeExplosively(FrameworkMethod.java:41)
	at junitparams.internal.InvokeParameterisedMethod.evaluate(InvokeParameterisedMethod.java:102)
	at org.junit.internal.runners.statements.FailOnTimeout$1.run(FailOnTimeout.java:28)
Caused by: ptolemy.kernel.util.IllegalActionException: Found a zero delay loop containing .dependencyLoop.original
  in .dependencyLoop and .dependencyLoop.original
	at ptolemy.actor.util.CausalityInterfaceForComposites._computeOutputPortDepth(CausalityInterfaceForComposites.java:759)
	at ptolemy.actor.util.CausalityInterfaceForComposites._computeInputDepth(CausalityInterfaceForComposites.java:696)
	at ptolemy.actor.util.CausalityInterfaceForComposites._computeOutputPortDepth(CausalityInterfaceForComposites.java:765)
	at ptolemy.actor.util.CausalityInterfaceForComposites._computeInputDepth(CausalityInterfaceForComposites.java:696)
	at ptolemy.actor.util.CausalityInterfaceForComposites._computeOutputPortDepth(CausalityInterfaceForComposites.java:765)
	at ptolemy.actor.util.CausalityInterfaceForComposites._computeInputDepth(CausalityInterfaceForComposites.java:696)
	at ptolemy.actor.util.CausalityInterfaceForComposites._computeActorDepth(CausalityInterfaceForComposites.java:532)
	at ptolemy.actor.util.CausalityInterfaceForComposites.checkForCycles(CausalityInterfaceForComposites.java:96)
	at ptolemy.domains.de.kernel.DEDirector.preinitialize(DEDirector.java:1338)
	at ptolemy.actor.CompositeActor.preinitialize(CompositeActor.java:1828)
	at ptolemy.actor.Manager.preinitializeAndResolveTypes(Manager.java:1040)
	at ptolemy.actor.Manager.initialize(Manager.java:710)
	at ptolemy.actor.Manager.execute(Manager.java:356)
	at ptolemy.actor.Manager.run(Manager.java:1263)
	at ptolemy.actor.Manager$PtolemyRunThread.run(Manager.java:1915)
java.lang.RuntimeException: Execution failed
	at ptolemy.moml.MoMLSimpleApplication$UnloadThread.run(MoMLSimpleApplication.java:402)
Caused by: ptolemy.kernel.util.IllegalActionException: Found a zero delay loop containing .dependencyLoop2.original
  in .dependencyLoop2 and .dependencyLoop2.original
	at ptolemy.actor.util.CausalityInterfaceForComposites._computeOutputPortDepth(CausalityInterfaceForComposites.java:759)
	at ptolemy.actor.util.CausalityInterfaceForComposites._computeInputDepth(CausalityInterfaceForComposites.java:696)
	at ptolemy.actor.util.CausalityInterfaceForComposites._computeOutputPortDepth(CausalityInterfaceForComposites.java:765)
	at ptolemy.actor.util.CausalityInterfaceForComposites._computeInputDepth(CausalityInterfaceForComposites.java:696)
	at ptolemy.actor.util.CausalityInterfaceForComposites._computeOutputPortDepth(CausalityInterfaceForComposites.java:765)
	at ptolemy.actor.util.CausalityInterfaceForComposites._computeInputDepth(CausalityInterfaceForComposites.java:696)
	at ptolemy.actor.util.CausalityInterfaceForComposites._computeActorDepth(CausalityInterfaceForComposites.java:532)
	at ptolemy.actor.util.CausalityInterfaceForComposites.checkForCycles(CausalityInterfaceForComposites.java:96)
	at ptolemy.domains.de.kernel.DEDirector.preinitialize(DEDirector.java:1338)
	at ptolemy.actor.CompositeActor.preinitialize(CompositeActor.java:1828)
	at ptolemy.actor.Manager.preinitializeAndResolveTypes(Manager.java:1040)
	at ptolemy.actor.Manager.initialize(Manager.java:710)
	at ptolemy.actor.Manager.execute(Manager.java:356)
	at ptolemy.actor.Manager.run(Manager.java:1263)
	at ptolemy.actor.Manager$PtolemyRunThread.run(Manager.java:1915)
java.lang.reflect.InvocationTargetException
	at java.base/jdk.internal.reflect.NativeConstructorAccessorImpl.newInstance0(Native Method)
	at java.base/jdk.internal.reflect.NativeConstructorAccessorImpl.newInstance(NativeConstructorAccessorImpl.java:62)
	at java.base/jdk.internal.reflect.DelegatingConstructorAccessorImpl.newInstance(DelegatingConstructorAccessorImpl.java:45)
	at java.base/java.lang.reflect.Constructor.newInstance(Constructor.java:490)
	at ptolemy.util.test.junit.AutoKnownFailedTests.RunModel(AutoKnownFailedTests.java:105)
	at java.base/jdk.internal.reflect.NativeMethodAccessorImpl.invoke0(Native Method)
	at java.base/jdk.internal.reflect.NativeMethodAccessorImpl.invoke(NativeMethodAccessorImpl.java:62)
	at java.base/jdk.internal.reflect.DelegatingMethodAccessorImpl.invoke(DelegatingMethodAccessorImpl.java:43)
	at java.base/java.lang.reflect.Method.invoke(Method.java:566)
	at org.junit.runners.model.FrameworkMethod$1.runReflectiveCall(FrameworkMethod.java:44)
	at org.junit.internal.runners.model.ReflectiveCallable.run(ReflectiveCallable.java:15)
	at org.junit.runners.model.FrameworkMethod.invokeExplosively(FrameworkMethod.java:41)
	at junitparams.internal.InvokeParameterisedMethod.evaluate(InvokeParameterisedMethod.java:102)
	at org.junit.internal.runners.statements.FailOnTimeout$1.run(FailOnTimeout.java:28)
Caused by: ptolemy.kernel.util.IllegalActionException: Found a zero delay loop containing .dependencyLoop2.original
  in .dependencyLoop2 and .dependencyLoop2.original
	at ptolemy.actor.util.CausalityInterfaceForComposites._computeOutputPortDepth(CausalityInterfaceForComposites.java:759)
	at ptolemy.actor.util.CausalityInterfaceForComposites._computeInputDepth(CausalityInterfaceForComposites.java:696)
	at ptolemy.actor.util.CausalityInterfaceForComposites._computeOutputPortDepth(CausalityInterfaceForComposites.java:765)
	at ptolemy.actor.util.CausalityInterfaceForComposites._computeInputDepth(CausalityInterfaceForComposites.java:696)
	at ptolemy.actor.util.CausalityInterfaceForComposites._computeOutputPortDepth(CausalityInterfaceForComposites.java:765)
	at ptolemy.actor.util.CausalityInterfaceForComposites._computeInputDepth(CausalityInterfaceForComposites.java:696)
	at ptolemy.actor.util.CausalityInterfaceForComposites._computeActorDepth(CausalityInterfaceForComposites.java:532)
	at ptolemy.actor.util.CausalityInterfaceForComposites.checkForCycles(CausalityInterfaceForComposites.java:96)
	at ptolemy.domains.de.kernel.DEDirector.preinitialize(DEDirector.java:1338)
	at ptolemy.actor.CompositeActor.preinitialize(CompositeActor.java:1828)
	at ptolemy.actor.Manager.preinitializeAndResolveTypes(Manager.java:1040)
	at ptolemy.actor.Manager.initialize(Manager.java:710)
	at ptolemy.actor.Manager.execute(Manager.java:356)
	at ptolemy.actor.Manager.run(Manager.java:1263)
	at ptolemy.actor.Manager$PtolemyRunThread.run(Manager.java:1915)
]]></system-err>
</testsuite>
