<?xml version="1.0" encoding="UTF-8" ?>
<testsuite errors="0" failures="0" hostname="travis-job-597a5695-f198-4a20-9d88-bf24beef18d6" name="ptolemy.domains.dt.kernel.test.junit.JUnitTclTest" skipped="0" tests="43" time="3.922" timestamp="2019-09-03T18:05:14">
  <properties>
[...]
</properties>
  <testcase classname="ptolemy.util.test.junit.TclTests" name="[0] /home/travis/build/icyphy/ptII/ptolemy/domains/dt/kernel/test/DTDirector.tcl (RunTclFile)" time="0.539" />
  <testcase classname="ptolemy.util.test.junit.TclTests" name="[1] /home/travis/build/icyphy/ptII/ptolemy/domains/dt/kernel/test/DTReceiver.tcl (RunTclFile)" time="0.01" />
  <testcase classname="ptolemy.util.test.junit.AutoKnownFailedTests" name="[0] /home/travis/build/icyphy/ptII/ptolemy/domains/dt/kernel/test/auto/knownFailedTests/DEInsideDT1.xml (RunModel)" time="0.302" />
  <testcase classname="ptolemy.util.test.junit.AutoKnownFailedTests" name="[1] /home/travis/build/icyphy/ptII/ptolemy/domains/dt/kernel/test/auto/knownFailedTests/DTinsideCT1_.xml (RunModel)" time="0.036" />
  <testcase classname="ptolemy.util.test.junit.AutoKnownFailedTests" name="[2] /home/travis/build/icyphy/ptII/ptolemy/domains/dt/kernel/test/auto/knownFailedTests/Dag3.xml (RunModel)" time="0.21" />
  <testcase classname="ptolemy.util.test.junit.AutoKnownFailedTests" name="[3] /home/travis/build/icyphy/ptII/ptolemy/domains/dt/kernel/test/auto/knownFailedTests/sdf_sdf_bug.xml (RunModel)" time="0.137" />
  <testcase classname="ptolemy.util.test.junit.AutoNameArchTests" name="[0] ThereAreNoAutoArchTests (RunModel)" time="0.006" />
  <testcase classname="ptolemy.util.test.junit.AutoTests" name="[0] /home/travis/build/icyphy/ptII/ptolemy/domains/dt/kernel/test/auto/Chain1.xml (RunModel)" time="0.238" />
  <testcase classname="ptolemy.util.test.junit.AutoTests" name="[1] /home/travis/build/icyphy/ptII/ptolemy/domains/dt/kernel/test/auto/Chain2.xml (RunModel)" time="0.083" />
  <testcase classname="ptolemy.util.test.junit.AutoTests" name="[2] /home/travis/build/icyphy/ptII/ptolemy/domains/dt/kernel/test/auto/Chain3.xml (RunModel)" time="0.136" />
  <testcase classname="ptolemy.util.test.junit.AutoTests" name="[3] /home/travis/build/icyphy/ptII/ptolemy/domains/dt/kernel/test/auto/CurrentTimeSource.xml (RunModel)" time="0.048" />
  <testcase classname="ptolemy.util.test.junit.AutoTests" name="[4] /home/travis/build/icyphy/ptII/ptolemy/domains/dt/kernel/test/auto/Dag1.xml (RunModel)" time="0.117" />
  <testcase classname="ptolemy.util.test.junit.AutoTests" name="[5] /home/travis/build/icyphy/ptII/ptolemy/domains/dt/kernel/test/auto/Dag2.xml (RunModel)" time="0.101" />
  <testcase classname="ptolemy.util.test.junit.AutoTests" name="[6] /home/travis/build/icyphy/ptII/ptolemy/domains/dt/kernel/test/auto/DagSingles1.xml (RunModel)" time="0.079" />
  <testcase classname="ptolemy.util.test.junit.AutoTests" name="[7] /home/travis/build/icyphy/ptII/ptolemy/domains/dt/kernel/test/auto/Delay1.xml (RunModel)" time="0.05" />
  <testcase classname="ptolemy.util.test.junit.AutoTests" name="[8] /home/travis/build/icyphy/ptII/ptolemy/domains/dt/kernel/test/auto/Delay2.xml (RunModel)" time="0.039" />
  <testcase classname="ptolemy.util.test.junit.AutoTests" name="[9] /home/travis/build/icyphy/ptII/ptolemy/domains/dt/kernel/test/auto/InvDag1.xml (RunModel)" time="0.047" />
  <testcase classname="ptolemy.util.test.junit.AutoTests" name="[10] /home/travis/build/icyphy/ptII/ptolemy/domains/dt/kernel/test/auto/MultiPort1.xml (RunModel)" time="0.063" />
  <testcase classname="ptolemy.util.test.junit.AutoTests" name="[11] /home/travis/build/icyphy/ptII/ptolemy/domains/dt/kernel/test/auto/MultiPort2.xml (RunModel)" time="0.061" />
  <testcase classname="ptolemy.util.test.junit.AutoTests" name="[12] /home/travis/build/icyphy/ptII/ptolemy/domains/dt/kernel/test/auto/Round.xml (RunModel)" time="0.046" />
  <testcase classname="ptolemy.util.test.junit.AutoTests" name="[13] /home/travis/build/icyphy/ptII/ptolemy/domains/dt/kernel/test/auto/Sink1.xml (RunModel)" time="0.032" />
  <testcase classname="ptolemy.util.test.junit.AutoTests" name="[14] /home/travis/build/icyphy/ptII/ptolemy/domains/dt/kernel/test/auto/SourceSink1.xml (RunModel)" time="0.1" />
  <testcase classname="ptolemy.util.test.junit.AutoTests" name="[15] /home/travis/build/icyphy/ptII/ptolemy/domains/dt/kernel/test/auto/de_dt_1.xml (RunModel)" time="0.065" />
  <testcase classname="ptolemy.util.test.junit.AutoTests" name="[16] /home/travis/build/icyphy/ptII/ptolemy/domains/dt/kernel/test/auto/de_dt_2.xml (RunModel)" time="0.047" />
  <testcase classname="ptolemy.util.test.junit.AutoTests" name="[17] /home/travis/build/icyphy/ptII/ptolemy/domains/dt/kernel/test/auto/dt_dt_opaque1.xml (RunModel)" time="0.03" />
  <testcase classname="ptolemy.util.test.junit.AutoTests" name="[18] /home/travis/build/icyphy/ptII/ptolemy/domains/dt/kernel/test/auto/dt_dt_opaque2.xml (RunModel)" time="0.03" />
  <testcase classname="ptolemy.util.test.junit.AutoTests" name="[19] /home/travis/build/icyphy/ptII/ptolemy/domains/dt/kernel/test/auto/dt_dt_opaque3.xml (RunModel)" time="0.04" />
  <testcase classname="ptolemy.util.test.junit.AutoTests" name="[20] /home/travis/build/icyphy/ptII/ptolemy/domains/dt/kernel/test/auto/dt_dt_opaque4.xml (RunModel)" time="0.046" />
  <testcase classname="ptolemy.util.test.junit.AutoTests" name="[21] /home/travis/build/icyphy/ptII/ptolemy/domains/dt/kernel/test/auto/dt_dt_transparent1.xml (RunModel)" time="0.028" />
  <testcase classname="ptolemy.util.test.junit.AutoTests" name="[22] /home/travis/build/icyphy/ptII/ptolemy/domains/dt/kernel/test/auto/dt_dt_transparent2.xml (RunModel)" time="0.033" />
  <testcase classname="ptolemy.util.test.junit.AutoTests" name="[23] /home/travis/build/icyphy/ptII/ptolemy/domains/dt/kernel/test/auto/dt_dt_transparent3.xml (RunModel)" time="0.05" />
  <testcase classname="ptolemy.util.test.junit.AutoTests" name="[24] /home/travis/build/icyphy/ptII/ptolemy/domains/dt/kernel/test/auto/dt_sdf_1.xml (RunModel)" time="0.022" />
  <testcase classname="ptolemy.util.test.junit.AutoTests" name="[25] /home/travis/build/icyphy/ptII/ptolemy/domains/dt/kernel/test/auto/dt_sdf_2.xml (RunModel)" time="0.026" />
  <testcase classname="ptolemy.util.test.junit.AutoTests" name="[26] /home/travis/build/icyphy/ptII/ptolemy/domains/dt/kernel/test/auto/dt_sdf_3.xml (RunModel)" time="0.026" />
  <testcase classname="ptolemy.util.test.junit.AutoTests" name="[27] /home/travis/build/icyphy/ptII/ptolemy/domains/dt/kernel/test/auto/dt_sdf_dt.xml (RunModel)" time="0.085" />
  <testcase classname="ptolemy.util.test.junit.AutoTests" name="[28] /home/travis/build/icyphy/ptII/ptolemy/domains/dt/kernel/test/auto/fir_downsample.xml (RunModel)" time="0.031" />
  <testcase classname="ptolemy.util.test.junit.AutoTests" name="[29] /home/travis/build/icyphy/ptII/ptolemy/domains/dt/kernel/test/auto/fir_downsample2.xml (RunModel)" time="0.032" />
  <testcase classname="ptolemy.util.test.junit.AutoTests" name="[30] /home/travis/build/icyphy/ptII/ptolemy/domains/dt/kernel/test/auto/inside_period1.xml (RunModel)" time="0.041" />
  <testcase classname="ptolemy.util.test.junit.AutoTests" name="[31] /home/travis/build/icyphy/ptII/ptolemy/domains/dt/kernel/test/auto/inside_period2.xml (RunModel)" time="0.037" />
  <testcase classname="ptolemy.util.test.junit.AutoTests" name="[32] /home/travis/build/icyphy/ptII/ptolemy/domains/dt/kernel/test/auto/pam.xml (RunModel)" time="0.07" />
  <testcase classname="ptolemy.util.test.junit.AutoTests" name="[33] /home/travis/build/icyphy/ptII/ptolemy/domains/dt/kernel/test/auto/postfireFalse.xml (RunModel)" time="0.021" />
  <testcase classname="ptolemy.util.test.junit.AutoTests" name="[34] /home/travis/build/icyphy/ptII/ptolemy/domains/dt/kernel/test/auto/sdf_dt_1.xml (RunModel)" time="0.031" />
  <testcase classname="ptolemy.util.test.junit.AutoTests" name="[35] /home/travis/build/icyphy/ptII/ptolemy/domains/dt/kernel/test/auto/sdf_dt_2.xml (RunModel)" time="0.03" />
  <system-out><![CDATA[/home/travis/build/icyphy/ptII/ptolemy/domains/dt/kernel/test/DTDirector.tcl
testDefs.tcl: setting time out to 9000 seconds at Tue Sep 03 18:05:14 UTC 2019
/home/travis/build/icyphy/ptII/ptolemy/domains/dt/kernel/test/DTReceiver.tcl
09/03/19 06:05:14
Failed: 0  Total Tests: 5  ((Passed: 5, Newly Passed: 0)  Known Failed: 0) /home/travis/build/icyphy/ptII/ptolemy/domains/dt/kernel/test
----------------- testing (KnownFailure) /home/travis/build/icyphy/ptII/ptolemy/domains/dt/kernel/test/auto/knownFailedTests/DEInsideDT1.xml
82 ms. Memory: 120832K Free: 78792K (65%)
Known Failure: java.lang.reflect.InvocationTargetException
----------------- testing (KnownFailure) /home/travis/build/icyphy/ptII/ptolemy/domains/dt/kernel/test/auto/knownFailedTests/DTinsideCT1_.xml
Known Failure: java.lang.reflect.InvocationTargetException
----------------- testing (KnownFailure) /home/travis/build/icyphy/ptII/ptolemy/domains/dt/kernel/test/auto/knownFailedTests/Dag3.xml
56 ms. Memory: 120832K Free: 67014K (55%)
Known Failure: java.lang.reflect.InvocationTargetException
----------------- testing (KnownFailure) /home/travis/build/icyphy/ptII/ptolemy/domains/dt/kernel/test/auto/knownFailedTests/sdf_sdf_bug.xml
44 ms. Memory: 120832K Free: 59336K (49%)
Known Failure: java.lang.reflect.InvocationTargetException
No auto/linux-amd64/*.xml tests in /home/travis/build/icyphy/ptII/ptolemy/domains/dt/kernel/test
AutoTests.java: About to close Vertx.
AutoTests.java: Vertx closed.

===========================================================================================
----------------- testing Tue Sep 03 18:05:15 UTC 2019 /home/travis/build/icyphy/ptII/ptolemy/domains/dt/kernel/test/auto/Chain1.xml
----------------- Instantiating /home/travis/build/icyphy/ptII/ptolemy/domains/dt/kernel/test/auto/Chain1.xml
60 ms. Memory: 120832K Free: 92651K (77%)
----------------- Invoking toplevel() on ptolemy.moml.MoMLSimpleApplication@2af71a56
----------------- Done invoking toplevel() on ptolemy.moml.MoMLSimpleApplication@2af71a56
reloadAllAccessors: .Chain1

===========================================================================================
----------------- testing Tue Sep 03 18:05:16 UTC 2019 /home/travis/build/icyphy/ptII/ptolemy/domains/dt/kernel/test/auto/Chain2.xml
----------------- Instantiating /home/travis/build/icyphy/ptII/ptolemy/domains/dt/kernel/test/auto/Chain2.xml
28 ms. Memory: 120832K Free: 86469K (72%)
----------------- Invoking toplevel() on ptolemy.moml.MoMLSimpleApplication@44406c99
----------------- Done invoking toplevel() on ptolemy.moml.MoMLSimpleApplication@44406c99
reloadAllAccessors: .Chain2

===========================================================================================
----------------- testing Tue Sep 03 18:05:16 UTC 2019 /home/travis/build/icyphy/ptII/ptolemy/domains/dt/kernel/test/auto/Chain3.xml
----------------- Instantiating /home/travis/build/icyphy/ptII/ptolemy/domains/dt/kernel/test/auto/Chain3.xml
21 ms. Memory: 120832K Free: 101919K (84%)
----------------- Invoking toplevel() on ptolemy.moml.MoMLSimpleApplication@5d7746ef
----------------- Done invoking toplevel() on ptolemy.moml.MoMLSimpleApplication@5d7746ef
reloadAllAccessors: .Chain3

===========================================================================================
----------------- testing Tue Sep 03 18:05:16 UTC 2019 /home/travis/build/icyphy/ptII/ptolemy/domains/dt/kernel/test/auto/CurrentTimeSource.xml
----------------- Instantiating /home/travis/build/icyphy/ptII/ptolemy/domains/dt/kernel/test/auto/CurrentTimeSource.xml
4 ms. Memory: 120832K Free: 99247K (82%)
----------------- Invoking toplevel() on ptolemy.moml.MoMLSimpleApplication@53574d4
----------------- Done invoking toplevel() on ptolemy.moml.MoMLSimpleApplication@53574d4
reloadAllAccessors: .CurrentTimeSource

===========================================================================================
----------------- testing Tue Sep 03 18:05:16 UTC 2019 /home/travis/build/icyphy/ptII/ptolemy/domains/dt/kernel/test/auto/Dag1.xml
----------------- Instantiating /home/travis/build/icyphy/ptII/ptolemy/domains/dt/kernel/test/auto/Dag1.xml
24 ms. Memory: 120832K Free: 92437K (77%)
----------------- Invoking toplevel() on ptolemy.moml.MoMLSimpleApplication@60ec81d9
----------------- Done invoking toplevel() on ptolemy.moml.MoMLSimpleApplication@60ec81d9
reloadAllAccessors: .Dag1

===========================================================================================
----------------- testing Tue Sep 03 18:05:16 UTC 2019 /home/travis/build/icyphy/ptII/ptolemy/domains/dt/kernel/test/auto/Dag2.xml
----------------- Instantiating /home/travis/build/icyphy/ptII/ptolemy/domains/dt/kernel/test/auto/Dag2.xml
13 ms. Memory: 120832K Free: 80422K (67%)
----------------- Invoking toplevel() on ptolemy.moml.MoMLSimpleApplication@3a31e3ae
----------------- Done invoking toplevel() on ptolemy.moml.MoMLSimpleApplication@3a31e3ae
reloadAllAccessors: .Dag2

===========================================================================================
----------------- testing Tue Sep 03 18:05:16 UTC 2019 /home/travis/build/icyphy/ptII/ptolemy/domains/dt/kernel/test/auto/DagSingles1.xml
----------------- Instantiating /home/travis/build/icyphy/ptII/ptolemy/domains/dt/kernel/test/auto/DagSingles1.xml
13 ms. Memory: 120832K Free: 73982K (61%)
----------------- Invoking toplevel() on ptolemy.moml.MoMLSimpleApplication@6af4f106
----------------- Done invoking toplevel() on ptolemy.moml.MoMLSimpleApplication@6af4f106
reloadAllAccessors: .DagSingles1

===========================================================================================
----------------- testing Tue Sep 03 18:05:16 UTC 2019 /home/travis/build/icyphy/ptII/ptolemy/domains/dt/kernel/test/auto/Delay1.xml
----------------- Instantiating /home/travis/build/icyphy/ptII/ptolemy/domains/dt/kernel/test/auto/Delay1.xml
16 ms. Memory: 120832K Free: 69878K (58%)
----------------- Invoking toplevel() on ptolemy.moml.MoMLSimpleApplication@c5bf64f
----------------- Done invoking toplevel() on ptolemy.moml.MoMLSimpleApplication@c5bf64f
reloadAllAccessors: .Delay1

===========================================================================================
----------------- testing Tue Sep 03 18:05:16 UTC 2019 /home/travis/build/icyphy/ptII/ptolemy/domains/dt/kernel/test/auto/Delay2.xml
----------------- Instantiating /home/travis/build/icyphy/ptII/ptolemy/domains/dt/kernel/test/auto/Delay2.xml
9 ms. Memory: 120832K Free: 66822K (55%)
----------------- Invoking toplevel() on ptolemy.moml.MoMLSimpleApplication@38e33897
----------------- Done invoking toplevel() on ptolemy.moml.MoMLSimpleApplication@38e33897
reloadAllAccessors: .Delay2

===========================================================================================
----------------- testing Tue Sep 03 18:05:16 UTC 2019 /home/travis/build/icyphy/ptII/ptolemy/domains/dt/kernel/test/auto/InvDag1.xml
----------------- Instantiating /home/travis/build/icyphy/ptII/ptolemy/domains/dt/kernel/test/auto/InvDag1.xml
3 ms. Memory: 120832K Free: 102200K (85%)
----------------- Invoking toplevel() on ptolemy.moml.MoMLSimpleApplication@23c1ab26
----------------- Done invoking toplevel() on ptolemy.moml.MoMLSimpleApplication@23c1ab26
reloadAllAccessors: .InvDag1

===========================================================================================
----------------- testing Tue Sep 03 18:05:16 UTC 2019 /home/travis/build/icyphy/ptII/ptolemy/domains/dt/kernel/test/auto/MultiPort1.xml
----------------- Instantiating /home/travis/build/icyphy/ptII/ptolemy/domains/dt/kernel/test/auto/MultiPort1.xml
13 ms. Memory: 120832K Free: 95385K (79%)
----------------- Invoking toplevel() on ptolemy.moml.MoMLSimpleApplication@5d72e9d8
----------------- Done invoking toplevel() on ptolemy.moml.MoMLSimpleApplication@5d72e9d8
reloadAllAccessors: .MultiPort1

===========================================================================================
----------------- testing Tue Sep 03 18:05:16 UTC 2019 /home/travis/build/icyphy/ptII/ptolemy/domains/dt/kernel/test/auto/MultiPort2.xml
----------------- Instantiating /home/travis/build/icyphy/ptII/ptolemy/domains/dt/kernel/test/auto/MultiPort2.xml
13 ms. Memory: 120832K Free: 86503K (72%)
----------------- Invoking toplevel() on ptolemy.moml.MoMLSimpleApplication@6624b2f3
----------------- Done invoking toplevel() on ptolemy.moml.MoMLSimpleApplication@6624b2f3
reloadAllAccessors: .MultiPort2

===========================================================================================
----------------- testing Tue Sep 03 18:05:16 UTC 2019 /home/travis/build/icyphy/ptII/ptolemy/domains/dt/kernel/test/auto/Round.xml
----------------- Instantiating /home/travis/build/icyphy/ptII/ptolemy/domains/dt/kernel/test/auto/Round.xml
8 ms. Memory: 120832K Free: 82744K (68%)
----------------- Invoking toplevel() on ptolemy.moml.MoMLSimpleApplication@105a41c7
----------------- Done invoking toplevel() on ptolemy.moml.MoMLSimpleApplication@105a41c7
reloadAllAccessors: .Round

===========================================================================================
----------------- testing Tue Sep 03 18:05:16 UTC 2019 /home/travis/build/icyphy/ptII/ptolemy/domains/dt/kernel/test/auto/Sink1.xml
----------------- Instantiating /home/travis/build/icyphy/ptII/ptolemy/domains/dt/kernel/test/auto/Sink1.xml
5 ms. Memory: 120832K Free: 75891K (63%)
----------------- Invoking toplevel() on ptolemy.moml.MoMLSimpleApplication@7b74fba2
----------------- Done invoking toplevel() on ptolemy.moml.MoMLSimpleApplication@7b74fba2
reloadAllAccessors: .Sink1

===========================================================================================
----------------- testing Tue Sep 03 18:05:16 UTC 2019 /home/travis/build/icyphy/ptII/ptolemy/domains/dt/kernel/test/auto/SourceSink1.xml
----------------- Instantiating /home/travis/build/icyphy/ptII/ptolemy/domains/dt/kernel/test/auto/SourceSink1.xml
28 ms. Memory: 120832K Free: 104939K (87%)
----------------- Invoking toplevel() on ptolemy.moml.MoMLSimpleApplication@40b49227
----------------- Done invoking toplevel() on ptolemy.moml.MoMLSimpleApplication@40b49227
reloadAllAccessors: .SourceSink1

===========================================================================================
----------------- testing Tue Sep 03 18:05:17 UTC 2019 /home/travis/build/icyphy/ptII/ptolemy/domains/dt/kernel/test/auto/de_dt_1.xml
----------------- Instantiating /home/travis/build/icyphy/ptII/ptolemy/domains/dt/kernel/test/auto/de_dt_1.xml
39 ms. Memory: 120832K Free: 98177K (81%)
----------------- Invoking toplevel() on ptolemy.moml.MoMLSimpleApplication@2b5eb8e9
----------------- Done invoking toplevel() on ptolemy.moml.MoMLSimpleApplication@2b5eb8e9
reloadAllAccessors: .de_dt_1

===========================================================================================
----------------- testing Tue Sep 03 18:05:17 UTC 2019 /home/travis/build/icyphy/ptII/ptolemy/domains/dt/kernel/test/auto/de_dt_2.xml
----------------- Instantiating /home/travis/build/icyphy/ptII/ptolemy/domains/dt/kernel/test/auto/de_dt_2.xml
25 ms. Memory: 120832K Free: 91595K (76%)
----------------- Invoking toplevel() on ptolemy.moml.MoMLSimpleApplication@225c040d
----------------- Done invoking toplevel() on ptolemy.moml.MoMLSimpleApplication@225c040d
reloadAllAccessors: .de_dt_2

===========================================================================================
----------------- testing Tue Sep 03 18:05:17 UTC 2019 /home/travis/build/icyphy/ptII/ptolemy/domains/dt/kernel/test/auto/dt_dt_opaque1.xml
----------------- Instantiating /home/travis/build/icyphy/ptII/ptolemy/domains/dt/kernel/test/auto/dt_dt_opaque1.xml
5 ms. Memory: 120832K Free: 85819K (71%)
----------------- Invoking toplevel() on ptolemy.moml.MoMLSimpleApplication@4d811c0c
----------------- Done invoking toplevel() on ptolemy.moml.MoMLSimpleApplication@4d811c0c
reloadAllAccessors: .dt_dt_opaque1

===========================================================================================
----------------- testing Tue Sep 03 18:05:17 UTC 2019 /home/travis/build/icyphy/ptII/ptolemy/domains/dt/kernel/test/auto/dt_dt_opaque2.xml
----------------- Instantiating /home/travis/build/icyphy/ptII/ptolemy/domains/dt/kernel/test/auto/dt_dt_opaque2.xml
7 ms. Memory: 120832K Free: 79729K (66%)
----------------- Invoking toplevel() on ptolemy.moml.MoMLSimpleApplication@493dd016
----------------- Done invoking toplevel() on ptolemy.moml.MoMLSimpleApplication@493dd016
reloadAllAccessors: .dt_dt_opaque2

===========================================================================================
----------------- testing Tue Sep 03 18:05:17 UTC 2019 /home/travis/build/icyphy/ptII/ptolemy/domains/dt/kernel/test/auto/dt_dt_opaque3.xml
----------------- Instantiating /home/travis/build/icyphy/ptII/ptolemy/domains/dt/kernel/test/auto/dt_dt_opaque3.xml
8 ms. Memory: 120832K Free: 71531K (59%)
----------------- Invoking toplevel() on ptolemy.moml.MoMLSimpleApplication@275d43fe
----------------- Done invoking toplevel() on ptolemy.moml.MoMLSimpleApplication@275d43fe
reloadAllAccessors: .dt_dt_opaque3

===========================================================================================
----------------- testing Tue Sep 03 18:05:17 UTC 2019 /home/travis/build/icyphy/ptII/ptolemy/domains/dt/kernel/test/auto/dt_dt_opaque4.xml
----------------- Instantiating /home/travis/build/icyphy/ptII/ptolemy/domains/dt/kernel/test/auto/dt_dt_opaque4.xml
11 ms. Memory: 120832K Free: 63947K (53%)
----------------- Invoking toplevel() on ptolemy.moml.MoMLSimpleApplication@eb3c06b
----------------- Done invoking toplevel() on ptolemy.moml.MoMLSimpleApplication@eb3c06b
reloadAllAccessors: .dt_dt_opaque4

===========================================================================================
----------------- testing Tue Sep 03 18:05:17 UTC 2019 /home/travis/build/icyphy/ptII/ptolemy/domains/dt/kernel/test/auto/dt_dt_transparent1.xml
----------------- Instantiating /home/travis/build/icyphy/ptII/ptolemy/domains/dt/kernel/test/auto/dt_dt_transparent1.xml
7 ms. Memory: 120832K Free: 59851K (50%)
----------------- Invoking toplevel() on ptolemy.moml.MoMLSimpleApplication@546bd01d
----------------- Done invoking toplevel() on ptolemy.moml.MoMLSimpleApplication@546bd01d
reloadAllAccessors: .dt_dt_transparent1

===========================================================================================
----------------- testing Tue Sep 03 18:05:17 UTC 2019 /home/travis/build/icyphy/ptII/ptolemy/domains/dt/kernel/test/auto/dt_dt_transparent2.xml
----------------- Instantiating /home/travis/build/icyphy/ptII/ptolemy/domains/dt/kernel/test/auto/dt_dt_transparent2.xml
7 ms. Memory: 120832K Free: 53791K (45%)
----------------- Invoking toplevel() on ptolemy.moml.MoMLSimpleApplication@740fc784
----------------- Done invoking toplevel() on ptolemy.moml.MoMLSimpleApplication@740fc784
reloadAllAccessors: .dt_dt_transparent2

===========================================================================================
----------------- testing Tue Sep 03 18:05:17 UTC 2019 /home/travis/build/icyphy/ptII/ptolemy/domains/dt/kernel/test/auto/dt_dt_transparent3.xml
----------------- Instantiating /home/travis/build/icyphy/ptII/ptolemy/domains/dt/kernel/test/auto/dt_dt_transparent3.xml
6 ms. Memory: 120832K Free: 106037K (88%)
----------------- Invoking toplevel() on ptolemy.moml.MoMLSimpleApplication@4cdf8e68
----------------- Done invoking toplevel() on ptolemy.moml.MoMLSimpleApplication@4cdf8e68
reloadAllAccessors: .dt_dt_transparent3

===========================================================================================
----------------- testing Tue Sep 03 18:05:17 UTC 2019 /home/travis/build/icyphy/ptII/ptolemy/domains/dt/kernel/test/auto/dt_sdf_1.xml
----------------- Instantiating /home/travis/build/icyphy/ptII/ptolemy/domains/dt/kernel/test/auto/dt_sdf_1.xml
6 ms. Memory: 120832K Free: 100050K (83%)
----------------- Invoking toplevel() on ptolemy.moml.MoMLSimpleApplication@5570deea
----------------- Done invoking toplevel() on ptolemy.moml.MoMLSimpleApplication@5570deea
reloadAllAccessors: .dt_sdf_1

===========================================================================================
----------------- testing Tue Sep 03 18:05:17 UTC 2019 /home/travis/build/icyphy/ptII/ptolemy/domains/dt/kernel/test/auto/dt_sdf_2.xml
----------------- Instantiating /home/travis/build/icyphy/ptII/ptolemy/domains/dt/kernel/test/auto/dt_sdf_2.xml
5 ms. Memory: 120832K Free: 93749K (78%)
----------------- Invoking toplevel() on ptolemy.moml.MoMLSimpleApplication@74f53e7
----------------- Done invoking toplevel() on ptolemy.moml.MoMLSimpleApplication@74f53e7
reloadAllAccessors: .dt_sdf_2

===========================================================================================
----------------- testing Tue Sep 03 18:05:17 UTC 2019 /home/travis/build/icyphy/ptII/ptolemy/domains/dt/kernel/test/auto/dt_sdf_3.xml
----------------- Instantiating /home/travis/build/icyphy/ptII/ptolemy/domains/dt/kernel/test/auto/dt_sdf_3.xml
5 ms. Memory: 120832K Free: 85760K (71%)
----------------- Invoking toplevel() on ptolemy.moml.MoMLSimpleApplication@2d32dc5f
----------------- Done invoking toplevel() on ptolemy.moml.MoMLSimpleApplication@2d32dc5f
reloadAllAccessors: .dt_sdf_3

===========================================================================================
----------------- testing Tue Sep 03 18:05:17 UTC 2019 /home/travis/build/icyphy/ptII/ptolemy/domains/dt/kernel/test/auto/dt_sdf_dt.xml
----------------- Instantiating /home/travis/build/icyphy/ptII/ptolemy/domains/dt/kernel/test/auto/dt_sdf_dt.xml
23 ms. Memory: 120832K Free: 73400K (61%)
----------------- Invoking toplevel() on ptolemy.moml.MoMLSimpleApplication@2ee79d65
----------------- Done invoking toplevel() on ptolemy.moml.MoMLSimpleApplication@2ee79d65
reloadAllAccessors: .dt_sdf_dt

===========================================================================================
----------------- testing Tue Sep 03 18:05:17 UTC 2019 /home/travis/build/icyphy/ptII/ptolemy/domains/dt/kernel/test/auto/fir_downsample.xml
----------------- Instantiating /home/travis/build/icyphy/ptII/ptolemy/domains/dt/kernel/test/auto/fir_downsample.xml
6 ms. Memory: 120832K Free: 69173K (57%)
----------------- Invoking toplevel() on ptolemy.moml.MoMLSimpleApplication@34fa5ca6
----------------- Done invoking toplevel() on ptolemy.moml.MoMLSimpleApplication@34fa5ca6
reloadAllAccessors: .fir_downsample

===========================================================================================
----------------- testing Tue Sep 03 18:05:17 UTC 2019 /home/travis/build/icyphy/ptII/ptolemy/domains/dt/kernel/test/auto/fir_downsample2.xml
----------------- Instantiating /home/travis/build/icyphy/ptII/ptolemy/domains/dt/kernel/test/auto/fir_downsample2.xml
9 ms. Memory: 120832K Free: 65077K (54%)
----------------- Invoking toplevel() on ptolemy.moml.MoMLSimpleApplication@5d067ab6
----------------- Done invoking toplevel() on ptolemy.moml.MoMLSimpleApplication@5d067ab6
reloadAllAccessors: .fir_downsample2

===========================================================================================
----------------- testing Tue Sep 03 18:05:17 UTC 2019 /home/travis/build/icyphy/ptII/ptolemy/domains/dt/kernel/test/auto/inside_period1.xml
----------------- Instantiating /home/travis/build/icyphy/ptII/ptolemy/domains/dt/kernel/test/auto/inside_period1.xml
12 ms. Memory: 120832K Free: 56474K (47%)
----------------- Invoking toplevel() on ptolemy.moml.MoMLSimpleApplication@743a283d
----------------- Done invoking toplevel() on ptolemy.moml.MoMLSimpleApplication@743a283d
reloadAllAccessors: .inside_period1

===========================================================================================
----------------- testing Tue Sep 03 18:05:17 UTC 2019 /home/travis/build/icyphy/ptII/ptolemy/domains/dt/kernel/test/auto/inside_period2.xml
----------------- Instantiating /home/travis/build/icyphy/ptII/ptolemy/domains/dt/kernel/test/auto/inside_period2.xml
10 ms. Memory: 120832K Free: 48858K (40%)
----------------- Invoking toplevel() on ptolemy.moml.MoMLSimpleApplication@c3bb37a
----------------- Done invoking toplevel() on ptolemy.moml.MoMLSimpleApplication@c3bb37a
reloadAllAccessors: .inside_period2

===========================================================================================
----------------- testing Tue Sep 03 18:05:17 UTC 2019 /home/travis/build/icyphy/ptII/ptolemy/domains/dt/kernel/test/auto/pam.xml
----------------- Instantiating /home/travis/build/icyphy/ptII/ptolemy/domains/dt/kernel/test/auto/pam.xml
26 ms. Memory: 120832K Free: 102868K (85%)
----------------- Invoking toplevel() on ptolemy.moml.MoMLSimpleApplication@58e016f8
----------------- Done invoking toplevel() on ptolemy.moml.MoMLSimpleApplication@58e016f8
reloadAllAccessors: .pam

===========================================================================================
----------------- testing Tue Sep 03 18:05:17 UTC 2019 /home/travis/build/icyphy/ptII/ptolemy/domains/dt/kernel/test/auto/postfireFalse.xml
----------------- Instantiating /home/travis/build/icyphy/ptII/ptolemy/domains/dt/kernel/test/auto/postfireFalse.xml
2 ms. Memory: 120832K Free: 99364K (82%)
----------------- Invoking toplevel() on ptolemy.moml.MoMLSimpleApplication@28d7dcd5
----------------- Done invoking toplevel() on ptolemy.moml.MoMLSimpleApplication@28d7dcd5
reloadAllAccessors: .postfireFalse

===========================================================================================
----------------- testing Tue Sep 03 18:05:17 UTC 2019 /home/travis/build/icyphy/ptII/ptolemy/domains/dt/kernel/test/auto/sdf_dt_1.xml
----------------- Instantiating /home/travis/build/icyphy/ptII/ptolemy/domains/dt/kernel/test/auto/sdf_dt_1.xml
7 ms. Memory: 120832K Free: 93220K (77%)
----------------- Invoking toplevel() on ptolemy.moml.MoMLSimpleApplication@19b9aa9c
----------------- Done invoking toplevel() on ptolemy.moml.MoMLSimpleApplication@19b9aa9c
reloadAllAccessors: .sdf_dt_1

===========================================================================================
----------------- testing Tue Sep 03 18:05:17 UTC 2019 /home/travis/build/icyphy/ptII/ptolemy/domains/dt/kernel/test/auto/sdf_dt_2.xml
----------------- Instantiating /home/travis/build/icyphy/ptII/ptolemy/domains/dt/kernel/test/auto/sdf_dt_2.xml
10 ms. Memory: 120832K Free: 85600K (71%)
----------------- Invoking toplevel() on ptolemy.moml.MoMLSimpleApplication@1f15a60
----------------- Done invoking toplevel() on ptolemy.moml.MoMLSimpleApplication@1f15a60
reloadAllAccessors: .sdf_dt_2
AutoTests.java: About to close Vertx.
AutoTests.java: Vertx closed.
]]></system-out>
  <system-err><![CDATA[java.lang.RuntimeException: Execution failed
	at ptolemy.moml.MoMLSimpleApplication$UnloadThread.run(MoMLSimpleApplication.java:402)
Caused by: ptolemy.kernel.util.IllegalActionException: Timing incompatibility error: DT0 is unable to fire DE_model at the requested time: 1.0. It responds it will fire it at: 10.0.
  in .deInsideDT.DE_model.DE0
	at ptolemy.actor.Director.fireContainerAt(Director.java:558)
	at ptolemy.domains.de.kernel.DEDirector._requestFiring(DEDirector.java:2708)
	at ptolemy.domains.de.kernel.DEDirector.postfire(DEDirector.java:1078)
	at ptolemy.actor.CompositeActor.postfire(CompositeActor.java:1668)
	at ptolemy.actor.CompositeActor.iterate(CompositeActor.java:1153)
	at ptolemy.actor.sched.StaticSchedulingDirector.fire(StaticSchedulingDirector.java:216)
	at ptolemy.domains.sdf.kernel.SDFDirector.fire(SDFDirector.java:500)
	at ptolemy.domains.dt.kernel.DTDirector.fire(DTDirector.java:347)
	at ptolemy.actor.CompositeActor.fire(CompositeActor.java:455)
	at ptolemy.actor.Manager.iterate(Manager.java:851)
	at ptolemy.actor.Manager.execute(Manager.java:369)
	at ptolemy.actor.Manager.run(Manager.java:1263)
	at ptolemy.actor.Manager$PtolemyRunThread.run(Manager.java:1933)
java.lang.reflect.InvocationTargetException
	at java.base/jdk.internal.reflect.NativeConstructorAccessorImpl.newInstance0(Native Method)
	at java.base/jdk.internal.reflect.NativeConstructorAccessorImpl.newInstance(NativeConstructorAccessorImpl.java:62)
	at java.base/jdk.internal.reflect.DelegatingConstructorAccessorImpl.newInstance(DelegatingConstructorAccessorImpl.java:45)
	at java.base/java.lang.reflect.Constructor.newInstance(Constructor.java:490)
	at ptolemy.util.test.junit.AutoKnownFailedTests.RunModel(AutoKnownFailedTests.java:105)
	at java.base/jdk.internal.reflect.NativeMethodAccessorImpl.invoke0(Native Method)
	at java.base/jdk.internal.reflect.NativeMethodAccessorImpl.invoke(NativeMethodAccessorImpl.java:62)
	at java.base/jdk.internal.reflect.DelegatingMethodAccessorImpl.invoke(DelegatingMethodAccessorImpl.java:43)
	at java.base/java.lang.reflect.Method.invoke(Method.java:566)
	at org.junit.runners.model.FrameworkMethod$1.runReflectiveCall(FrameworkMethod.java:44)
	at org.junit.internal.runners.model.ReflectiveCallable.run(ReflectiveCallable.java:15)
	at org.junit.runners.model.FrameworkMethod.invokeExplosively(FrameworkMethod.java:41)
	at junitparams.internal.InvokeParameterisedMethod.evaluate(InvokeParameterisedMethod.java:102)
	at org.junit.internal.runners.statements.FailOnTimeout$1.run(FailOnTimeout.java:28)
Caused by: ptolemy.kernel.util.IllegalActionException: Timing incompatibility error: DT0 is unable to fire DE_model at the requested time: 1.0. It responds it will fire it at: 10.0.
  in .deInsideDT.DE_model.DE0
	at ptolemy.actor.Director.fireContainerAt(Director.java:558)
	at ptolemy.domains.de.kernel.DEDirector._requestFiring(DEDirector.java:2708)
	at ptolemy.domains.de.kernel.DEDirector.postfire(DEDirector.java:1078)
	at ptolemy.actor.CompositeActor.postfire(CompositeActor.java:1668)
	at ptolemy.actor.CompositeActor.iterate(CompositeActor.java:1153)
	at ptolemy.actor.sched.StaticSchedulingDirector.fire(StaticSchedulingDirector.java:216)
	at ptolemy.domains.sdf.kernel.SDFDirector.fire(SDFDirector.java:500)
	at ptolemy.domains.dt.kernel.DTDirector.fire(DTDirector.java:347)
	at ptolemy.actor.CompositeActor.fire(CompositeActor.java:455)
	at ptolemy.actor.Manager.iterate(Manager.java:851)
	at ptolemy.actor.Manager.execute(Manager.java:369)
	at ptolemy.actor.Manager.run(Manager.java:1263)
	at ptolemy.actor.Manager$PtolemyRunThread.run(Manager.java:1933)
java.lang.reflect.InvocationTargetException
	at java.base/jdk.internal.reflect.NativeConstructorAccessorImpl.newInstance0(Native Method)
	at java.base/jdk.internal.reflect.NativeConstructorAccessorImpl.newInstance(NativeConstructorAccessorImpl.java:62)
	at java.base/jdk.internal.reflect.DelegatingConstructorAccessorImpl.newInstance(DelegatingConstructorAccessorImpl.java:45)
	at java.base/java.lang.reflect.Constructor.newInstance(Constructor.java:490)
	at ptolemy.util.test.junit.AutoKnownFailedTests.RunModel(AutoKnownFailedTests.java:105)
	at java.base/jdk.internal.reflect.NativeMethodAccessorImpl.invoke0(Native Method)
	at java.base/jdk.internal.reflect.NativeMethodAccessorImpl.invoke(NativeMethodAccessorImpl.java:62)
	at java.base/jdk.internal.reflect.DelegatingMethodAccessorImpl.invoke(DelegatingMethodAccessorImpl.java:43)
	at java.base/java.lang.reflect.Method.invoke(Method.java:566)
	at org.junit.runners.model.FrameworkMethod$1.runReflectiveCall(FrameworkMethod.java:44)
	at org.junit.internal.runners.model.ReflectiveCallable.run(ReflectiveCallable.java:15)
	at org.junit.runners.model.FrameworkMethod.invokeExplosively(FrameworkMethod.java:41)
	at junitparams.internal.InvokeParameterisedMethod.evaluate(InvokeParameterisedMethod.java:102)
	at org.junit.internal.runners.statements.FailOnTimeout$1.run(FailOnTimeout.java:28)
Caused by: com.microstar.xml.XmlException: Failed to find class 'ptolemy.domains.ct.kernel.CTScheduler' in file:/home/travis/build/icyphy/ptII/ptolemy/domains/dt/kernel/test/auto/knownFailedTests/DTinsideCT1_.xml at line 40 and column 71
Caused by:
 java.lang.ClassNotFoundException: ptolemy.domains.ct.kernel.CTScheduler
	at ptolemy.moml.MoMLParser._handlePropertyElement(MoMLParser.java:5911)
	at ptolemy.moml.MoMLParser.startElement(MoMLParser.java:3309)
	at com.microstar.xml.XmlParser.parseElement(XmlParser.java:921)
	at com.microstar.xml.XmlParser.parseContent(XmlParser.java:1104)
	at com.microstar.xml.XmlParser.parseElement(XmlParser.java:924)
	at com.microstar.xml.XmlParser.parseContent(XmlParser.java:1104)
	at com.microstar.xml.XmlParser.parseElement(XmlParser.java:924)
	at com.microstar.xml.XmlParser.parseDocument(XmlParser.java:481)
	at com.microstar.xml.XmlParser.doParse(XmlParser.java:159)
	at com.microstar.xml.XmlParser.parse(XmlParser.java:132)
	at ptolemy.moml.MoMLParser.parse(MoMLParser.java:1660)
	at ptolemy.moml.MoMLParser.parse(MoMLParser.java:1595)
	at ptolemy.moml.MoMLParser.parse(MoMLParser.java:1537)
	at ptolemy.moml.MoMLSimpleApplication.<init>(MoMLSimpleApplication.java:123)
	... 14 more
Caused by: java.lang.ClassNotFoundException: ptolemy.domains.ct.kernel.CTScheduler
	at java.base/jdk.internal.loader.BuiltinClassLoader.loadClass(BuiltinClassLoader.java:583)
	at java.base/jdk.internal.loader.ClassLoaders$AppClassLoader.loadClass(ClassLoaders.java:178)
	at java.base/java.lang.ClassLoader.loadClass(ClassLoader.java:521)
	at ptolemy.moml.MoMLParser._loadClass(MoMLParser.java:6402)
	at ptolemy.moml.MoMLParser._handlePropertyElement(MoMLParser.java:5906)
	... 27 more
java.lang.RuntimeException: Execution failed
	at ptolemy.moml.MoMLSimpleApplication$UnloadThread.run(MoMLSimpleApplication.java:402)
Caused by: ptolemy.kernel.util.IllegalActionException: Test fails in iteration 1.
Value was: 0.5555555556. Should have been: 11.1111111
  in .Dag3.Test18
	at ptolemy.actor.lib.Test.fire(Test.java:268)
	at ptolemy.actor.AtomicActor.iterate(AtomicActor.java:512)
	at ptolemy.actor.sched.StaticSchedulingDirector.fire(StaticSchedulingDirector.java:216)
	at ptolemy.domains.sdf.kernel.SDFDirector.fire(SDFDirector.java:500)
	at ptolemy.domains.dt.kernel.DTDirector.fire(DTDirector.java:347)
	at ptolemy.actor.CompositeActor.fire(CompositeActor.java:455)
	at ptolemy.actor.Manager.iterate(Manager.java:851)
	at ptolemy.actor.Manager.execute(Manager.java:369)
	at ptolemy.actor.Manager.run(Manager.java:1263)
	at ptolemy.actor.Manager$PtolemyRunThread.run(Manager.java:1933)
java.lang.reflect.InvocationTargetException
	at java.base/jdk.internal.reflect.NativeConstructorAccessorImpl.newInstance0(Native Method)
	at java.base/jdk.internal.reflect.NativeConstructorAccessorImpl.newInstance(NativeConstructorAccessorImpl.java:62)
	at java.base/jdk.internal.reflect.DelegatingConstructorAccessorImpl.newInstance(DelegatingConstructorAccessorImpl.java:45)
	at java.base/java.lang.reflect.Constructor.newInstance(Constructor.java:490)
	at ptolemy.util.test.junit.AutoKnownFailedTests.RunModel(AutoKnownFailedTests.java:105)
	at java.base/jdk.internal.reflect.NativeMethodAccessorImpl.invoke0(Native Method)
	at java.base/jdk.internal.reflect.NativeMethodAccessorImpl.invoke(NativeMethodAccessorImpl.java:62)
	at java.base/jdk.internal.reflect.DelegatingMethodAccessorImpl.invoke(DelegatingMethodAccessorImpl.java:43)
	at java.base/java.lang.reflect.Method.invoke(Method.java:566)
	at org.junit.runners.model.FrameworkMethod$1.runReflectiveCall(FrameworkMethod.java:44)
	at org.junit.internal.runners.model.ReflectiveCallable.run(ReflectiveCallable.java:15)
	at org.junit.runners.model.FrameworkMethod.invokeExplosively(FrameworkMethod.java:41)
	at junitparams.internal.InvokeParameterisedMethod.evaluate(InvokeParameterisedMethod.java:102)
	at org.junit.internal.runners.statements.FailOnTimeout$1.run(FailOnTimeout.java:28)
Caused by: ptolemy.kernel.util.IllegalActionException: Test fails in iteration 1.
Value was: 0.5555555556. Should have been: 11.1111111
  in .Dag3.Test18
	at ptolemy.actor.lib.Test.fire(Test.java:268)
	at ptolemy.actor.AtomicActor.iterate(AtomicActor.java:512)
	at ptolemy.actor.sched.StaticSchedulingDirector.fire(StaticSchedulingDirector.java:216)
	at ptolemy.domains.sdf.kernel.SDFDirector.fire(SDFDirector.java:500)
	at ptolemy.domains.dt.kernel.DTDirector.fire(DTDirector.java:347)
	at ptolemy.actor.CompositeActor.fire(CompositeActor.java:455)
	at ptolemy.actor.Manager.iterate(Manager.java:851)
	at ptolemy.actor.Manager.execute(Manager.java:369)
	at ptolemy.actor.Manager.run(Manager.java:1263)
	at ptolemy.actor.Manager$PtolemyRunThread.run(Manager.java:1933)
java.lang.RuntimeException: Execution failed
	at ptolemy.moml.MoMLSimpleApplication$UnloadThread.run(MoMLSimpleApplication.java:402)
Caused by: ptolemy.kernel.util.IllegalActionException: Test fails in iteration 0.
Value was: 0.0. Should have been: true
  in .sdf_sdf.typed composite actor3.Test1
	at ptolemy.actor.lib.Test.fire(Test.java:268)
	at ptolemy.actor.AtomicActor.iterate(AtomicActor.java:512)
	at ptolemy.actor.sched.StaticSchedulingDirector.fire(StaticSchedulingDirector.java:216)
	at ptolemy.domains.sdf.kernel.SDFDirector.fire(SDFDirector.java:500)
	at ptolemy.actor.CompositeActor.fire(CompositeActor.java:455)
	at ptolemy.actor.CompositeActor.iterate(CompositeActor.java:1146)
	at ptolemy.actor.sched.StaticSchedulingDirector.fire(StaticSchedulingDirector.java:216)
	at ptolemy.domains.sdf.kernel.SDFDirector.fire(SDFDirector.java:500)
	at ptolemy.actor.CompositeActor.fire(CompositeActor.java:455)
	at ptolemy.actor.Manager.iterate(Manager.java:851)
	at ptolemy.actor.Manager.execute(Manager.java:369)
	at ptolemy.actor.Manager.run(Manager.java:1263)
	at ptolemy.actor.Manager$PtolemyRunThread.run(Manager.java:1933)
java.lang.reflect.InvocationTargetException
	at java.base/jdk.internal.reflect.NativeConstructorAccessorImpl.newInstance0(Native Method)
	at java.base/jdk.internal.reflect.NativeConstructorAccessorImpl.newInstance(NativeConstructorAccessorImpl.java:62)
	at java.base/jdk.internal.reflect.DelegatingConstructorAccessorImpl.newInstance(DelegatingConstructorAccessorImpl.java:45)
	at java.base/java.lang.reflect.Constructor.newInstance(Constructor.java:490)
	at ptolemy.util.test.junit.AutoKnownFailedTests.RunModel(AutoKnownFailedTests.java:105)
	at java.base/jdk.internal.reflect.NativeMethodAccessorImpl.invoke0(Native Method)
	at java.base/jdk.internal.reflect.NativeMethodAccessorImpl.invoke(NativeMethodAccessorImpl.java:62)
	at java.base/jdk.internal.reflect.DelegatingMethodAccessorImpl.invoke(DelegatingMethodAccessorImpl.java:43)
	at java.base/java.lang.reflect.Method.invoke(Method.java:566)
	at org.junit.runners.model.FrameworkMethod$1.runReflectiveCall(FrameworkMethod.java:44)
	at org.junit.internal.runners.model.ReflectiveCallable.run(ReflectiveCallable.java:15)
	at org.junit.runners.model.FrameworkMethod.invokeExplosively(FrameworkMethod.java:41)
	at junitparams.internal.InvokeParameterisedMethod.evaluate(InvokeParameterisedMethod.java:102)
	at org.junit.internal.runners.statements.FailOnTimeout$1.run(FailOnTimeout.java:28)
Caused by: ptolemy.kernel.util.IllegalActionException: Test fails in iteration 0.
Value was: 0.0. Should have been: true
  in .sdf_sdf.typed composite actor3.Test1
	at ptolemy.actor.lib.Test.fire(Test.java:268)
	at ptolemy.actor.AtomicActor.iterate(AtomicActor.java:512)
	at ptolemy.actor.sched.StaticSchedulingDirector.fire(StaticSchedulingDirector.java:216)
	at ptolemy.domains.sdf.kernel.SDFDirector.fire(SDFDirector.java:500)
	at ptolemy.actor.CompositeActor.fire(CompositeActor.java:455)
	at ptolemy.actor.CompositeActor.iterate(CompositeActor.java:1146)
	at ptolemy.actor.sched.StaticSchedulingDirector.fire(StaticSchedulingDirector.java:216)
	at ptolemy.domains.sdf.kernel.SDFDirector.fire(SDFDirector.java:500)
	at ptolemy.actor.CompositeActor.fire(CompositeActor.java:455)
	at ptolemy.actor.Manager.iterate(Manager.java:851)
	at ptolemy.actor.Manager.execute(Manager.java:369)
	at ptolemy.actor.Manager.run(Manager.java:1263)
	at ptolemy.actor.Manager$PtolemyRunThread.run(Manager.java:1933)
]]></system-err>
</testsuite>
