<?xml version="1.0" encoding="UTF-8" ?>
<testsuite errors="0" failures="0" hostname="travis-job-4ffda069-68d9-4a81-92cf-23c52d456152" name="ptolemy.domains.de.test.junit.JUnitTclTest" skipped="0" tests="101" time="126.13" timestamp="2020-02-02T07:01:28">
  <properties>
[...]
</properties>
  <testcase classname="ptolemy.util.test.junit.TclTests" name="[0] /home/travis/build/icyphy/ptII/ptolemy/domains/de/test/DependencyLoop.tcl (RunTclFile)" time="0.94" />
  <testcase classname="ptolemy.util.test.junit.TclTests" name="[1] /home/travis/build/icyphy/ptII/ptolemy/domains/de/test/RunDETestsAsQSS.tcl (RunTclFile)" time="85.75" />
  <testcase classname="ptolemy.util.test.junit.AutoKnownFailedTests" name="[0] /home/travis/build/icyphy/ptII/ptolemy/domains/de/test/auto/knownFailedTests/DESDFClockTest.xml (RunModel)" time="2.031" />
  <testcase classname="ptolemy.util.test.junit.AutoKnownFailedTests" name="[1] /home/travis/build/icyphy/ptII/ptolemy/domains/de/test/auto/knownFailedTests/DirectFeedback.xml (RunModel)" time="0.017" />
  <testcase classname="ptolemy.util.test.junit.AutoKnownFailedTests" name="[2] /home/travis/build/icyphy/ptII/ptolemy/domains/de/test/auto/knownFailedTests/FSMSource.xml (RunModel)" time="0.026" />
  <testcase classname="ptolemy.util.test.junit.AutoKnownFailedTests" name="[3] /home/travis/build/icyphy/ptII/ptolemy/domains/de/test/auto/knownFailedTests/HierarchicalModel.xml (RunModel)" time="0.044" />
  <testcase classname="ptolemy.util.test.junit.AutoKnownFailedTests" name="[4] /home/travis/build/icyphy/ptII/ptolemy/domains/de/test/auto/knownFailedTests/dependencyLoop.xml (RunModel)" time="0.035" />
  <testcase classname="ptolemy.util.test.junit.AutoKnownFailedTests" name="[5] /home/travis/build/icyphy/ptII/ptolemy/domains/de/test/auto/knownFailedTests/dependencyLoop2.xml (RunModel)" time="0.047" />
  <testcase classname="ptolemy.util.test.junit.AutoNameArchTests" name="[0] ThereAreNoAutoArchTests (RunModel)" time="0.001" />
  <testcase classname="ptolemy.util.test.junit.AutoTests" name="[0] /home/travis/build/icyphy/ptII/ptolemy/domains/de/test/auto/ActorDepthCalculation_actorWithoutPorts.xml (RunModel)" time="0.02" />
  <testcase classname="ptolemy.util.test.junit.AutoTests" name="[1] /home/travis/build/icyphy/ptII/ptolemy/domains/de/test/auto/AssemblyLine.xml (RunModel)" time="0.016" />
  <testcase classname="ptolemy.util.test.junit.AutoTests" name="[2] /home/travis/build/icyphy/ptII/ptolemy/domains/de/test/auto/CQBug1.xml (RunModel)" time="0.008" />
  <testcase classname="ptolemy.util.test.junit.AutoTests" name="[3] /home/travis/build/icyphy/ptII/ptolemy/domains/de/test/auto/CancelFireAt.xml (RunModel)" time="0.024" />
  <testcase classname="ptolemy.util.test.junit.AutoTests" name="[4] /home/travis/build/icyphy/ptII/ptolemy/domains/de/test/auto/CausalityAndComposabilityAnalysis.xml (RunModel)" time="0.017" />
  <testcase classname="ptolemy.util.test.junit.AutoTests" name="[5] /home/travis/build/icyphy/ptII/ptolemy/domains/de/test/auto/CausalityInterface1.xml (RunModel)" time="0.017" />
  <testcase classname="ptolemy.util.test.junit.AutoTests" name="[6] /home/travis/build/icyphy/ptII/ptolemy/domains/de/test/auto/CausalityInterface15.xml (RunModel)" time="0.014" />
  <testcase classname="ptolemy.util.test.junit.AutoTests" name="[7] /home/travis/build/icyphy/ptII/ptolemy/domains/de/test/auto/CausalityInterface2.xml (RunModel)" time="0.016" />
  <testcase classname="ptolemy.util.test.junit.AutoTests" name="[8] /home/travis/build/icyphy/ptII/ptolemy/domains/de/test/auto/CausalityInterface3.xml (RunModel)" time="0.01" />
  <testcase classname="ptolemy.util.test.junit.AutoTests" name="[9] /home/travis/build/icyphy/ptII/ptolemy/domains/de/test/auto/ClockDrift.xml (RunModel)" time="0.034" />
  <testcase classname="ptolemy.util.test.junit.AutoTests" name="[10] /home/travis/build/icyphy/ptII/ptolemy/domains/de/test/auto/ClockDriftAndValueChange.xml (RunModel)" time="0.029" />
  <testcase classname="ptolemy.util.test.junit.AutoTests" name="[11] /home/travis/build/icyphy/ptII/ptolemy/domains/de/test/auto/ClockDriftChange.xml (RunModel)" time="0.034" />
  <testcase classname="ptolemy.util.test.junit.AutoTests" name="[12] /home/travis/build/icyphy/ptII/ptolemy/domains/de/test/auto/ComposableCausalityAnalysis.xml (RunModel)" time="0.012" />
  <testcase classname="ptolemy.util.test.junit.AutoTests" name="[13] /home/travis/build/icyphy/ptII/ptolemy/domains/de/test/auto/DEFixedPointLimitation.xml (RunModel)" time="0.007" />
  <testcase classname="ptolemy.util.test.junit.AutoTests" name="[14] /home/travis/build/icyphy/ptII/ptolemy/domains/de/test/auto/DEScheduleTest.xml (RunModel)" time="0.013" />
  <testcase classname="ptolemy.util.test.junit.AutoTests" name="[15] /home/travis/build/icyphy/ptII/ptolemy/domains/de/test/auto/DEinDEwithStartTimes.xml (RunModel)" time="0.011" />
  <testcase classname="ptolemy.util.test.junit.AutoTests" name="[16] /home/travis/build/icyphy/ptII/ptolemy/domains/de/test/auto/DEinDEwithStartTimes2.xml (RunModel)" time="0.01" />
  <testcase classname="ptolemy.util.test.junit.AutoTests" name="[17] /home/travis/build/icyphy/ptII/ptolemy/domains/de/test/auto/DateDemo.xml (RunModel)" time="0.027" />
  <testcase classname="ptolemy.util.test.junit.AutoTests" name="[18] /home/travis/build/icyphy/ptII/ptolemy/domains/de/test/auto/DateToEvent.xml (RunModel)" time="2.036" />
  <testcase classname="ptolemy.util.test.junit.AutoTests" name="[19] /home/travis/build/icyphy/ptII/ptolemy/domains/de/test/auto/DepthTest1.xml (RunModel)" time="0.011" />
  <testcase classname="ptolemy.util.test.junit.AutoTests" name="[20] /home/travis/build/icyphy/ptII/ptolemy/domains/de/test/auto/DepthTest2.xml (RunModel)" time="0.022" />
  <testcase classname="ptolemy.util.test.junit.AutoTests" name="[21] /home/travis/build/icyphy/ptII/ptolemy/domains/de/test/auto/DepthTest3.xml (RunModel)" time="0.006" />
  <testcase classname="ptolemy.util.test.junit.AutoTests" name="[22] /home/travis/build/icyphy/ptII/ptolemy/domains/de/test/auto/DepthTest4.xml (RunModel)" time="0.018" />
  <testcase classname="ptolemy.util.test.junit.AutoTests" name="[23] /home/travis/build/icyphy/ptII/ptolemy/domains/de/test/auto/DepthTest5.xml (RunModel)" time="0.019" />
  <testcase classname="ptolemy.util.test.junit.AutoTests" name="[24] /home/travis/build/icyphy/ptII/ptolemy/domains/de/test/auto/DepthTest6.xml (RunModel)" time="0.015" />
  <testcase classname="ptolemy.util.test.junit.AutoTests" name="[25] /home/travis/build/icyphy/ptII/ptolemy/domains/de/test/auto/DepthTest7.xml (RunModel)" time="0.017" />
  <testcase classname="ptolemy.util.test.junit.AutoTests" name="[26] /home/travis/build/icyphy/ptII/ptolemy/domains/de/test/auto/EventToDate.xml (RunModel)" time="3.047" />
  <testcase classname="ptolemy.util.test.junit.AutoTests" name="[27] /home/travis/build/icyphy/ptII/ptolemy/domains/de/test/auto/FSM1.xml (RunModel)" time="0.039" />
  <testcase classname="ptolemy.util.test.junit.AutoTests" name="[28] /home/travis/build/icyphy/ptII/ptolemy/domains/de/test/auto/FSM7.xml (RunModel)" time="0.03" />
  <testcase classname="ptolemy.util.test.junit.AutoTests" name="[29] /home/travis/build/icyphy/ptII/ptolemy/domains/de/test/auto/Inspection.xml (RunModel)" time="0.038" />
  <testcase classname="ptolemy.util.test.junit.AutoTests" name="[30] /home/travis/build/icyphy/ptII/ptolemy/domains/de/test/auto/Iteration.xml (RunModel)" time="0.021" />
  <testcase classname="ptolemy.util.test.junit.AutoTests" name="[31] /home/travis/build/icyphy/ptII/ptolemy/domains/de/test/auto/LineFault.xml (RunModel)" time="0.593" />
  <testcase classname="ptolemy.util.test.junit.AutoTests" name="[32] /home/travis/build/icyphy/ptII/ptolemy/domains/de/test/auto/MergeModel1Add.xml (RunModel)" time="0.045" />
  <testcase classname="ptolemy.util.test.junit.AutoTests" name="[33] /home/travis/build/icyphy/ptII/ptolemy/domains/de/test/auto/MergeModel2Add.xml (RunModel)" time="0.031" />
  <testcase classname="ptolemy.util.test.junit.AutoTests" name="[34] /home/travis/build/icyphy/ptII/ptolemy/domains/de/test/auto/MergeModel3Add.xml (RunModel)" time="0.056" />
  <testcase classname="ptolemy.util.test.junit.AutoTests" name="[35] /home/travis/build/icyphy/ptII/ptolemy/domains/de/test/auto/MergeWithoutDiscard.xml (RunModel)" time="0.009" />
  <testcase classname="ptolemy.util.test.junit.AutoTests" name="[36] /home/travis/build/icyphy/ptII/ptolemy/domains/de/test/auto/Modal1.xml (RunModel)" time="0.03" />
  <testcase classname="ptolemy.util.test.junit.AutoTests" name="[37] /home/travis/build/icyphy/ptII/ptolemy/domains/de/test/auto/Modal2.xml (RunModel)" time="0.023" />
  <testcase classname="ptolemy.util.test.junit.AutoTests" name="[38] /home/travis/build/icyphy/ptII/ptolemy/domains/de/test/auto/Modal3.xml (RunModel)" time="0.026" />
  <testcase classname="ptolemy.util.test.junit.AutoTests" name="[39] /home/travis/build/icyphy/ptII/ptolemy/domains/de/test/auto/Modal4.xml (RunModel)" time="0.024" />
  <testcase classname="ptolemy.util.test.junit.AutoTests" name="[40] /home/travis/build/icyphy/ptII/ptolemy/domains/de/test/auto/Modal5.xml (RunModel)" time="0.027" />
  <testcase classname="ptolemy.util.test.junit.AutoTests" name="[41] /home/travis/build/icyphy/ptII/ptolemy/domains/de/test/auto/Modal6.xml (RunModel)" time="0.022" />
  <testcase classname="ptolemy.util.test.junit.AutoTests" name="[42] /home/travis/build/icyphy/ptII/ptolemy/domains/de/test/auto/Modal7.xml (RunModel)" time="0.033" />
  <testcase classname="ptolemy.util.test.junit.AutoTests" name="[43] /home/travis/build/icyphy/ptII/ptolemy/domains/de/test/auto/ModalModel.xml (RunModel)" time="0.149" />
  <testcase classname="ptolemy.util.test.junit.AutoTests" name="[44] /home/travis/build/icyphy/ptII/ptolemy/domains/de/test/auto/ModalSource.xml (RunModel)" time="0.027" />
  <testcase classname="ptolemy.util.test.junit.AutoTests" name="[45] /home/travis/build/icyphy/ptII/ptolemy/domains/de/test/auto/NonInterruptibleTimerZeroDelay.xml (RunModel)" time="0.011" />
  <testcase classname="ptolemy.util.test.junit.AutoTests" name="[46] /home/travis/build/icyphy/ptII/ptolemy/domains/de/test/auto/OpenQueueingNetwork.xml (RunModel)" time="2.339" />
  <testcase classname="ptolemy.util.test.junit.AutoTests" name="[47] /home/travis/build/icyphy/ptII/ptolemy/domains/de/test/auto/OpenQueuingNetwork.xml (RunModel)" time="0.331" />
  <testcase classname="ptolemy.util.test.junit.AutoTests" name="[48] /home/travis/build/icyphy/ptII/ptolemy/domains/de/test/auto/PeriodicSampler.xml (RunModel)" time="0.011" />
  <testcase classname="ptolemy.util.test.junit.AutoTests" name="[49] /home/travis/build/icyphy/ptII/ptolemy/domains/de/test/auto/PersistentIO.xml (RunModel)" time="0.026" />
  <testcase classname="ptolemy.util.test.junit.AutoTests" name="[50] /home/travis/build/icyphy/ptII/ptolemy/domains/de/test/auto/PortParameterResetOnInitialize.xml (RunModel)" time="0.016" />
  <testcase classname="ptolemy.util.test.junit.AutoTests" name="[51] /home/travis/build/icyphy/ptII/ptolemy/domains/de/test/auto/PortParameterUpdates.xml (RunModel)" time="0.015" />
  <testcase classname="ptolemy.util.test.junit.AutoTests" name="[52] /home/travis/build/icyphy/ptII/ptolemy/domains/de/test/auto/QueueAndServer.xml (RunModel)" time="0.019" />
  <testcase classname="ptolemy.util.test.junit.AutoTests" name="[53] /home/travis/build/icyphy/ptII/ptolemy/domains/de/test/auto/Records.xml (RunModel)" time="0.014" />
  <testcase classname="ptolemy.util.test.junit.AutoTests" name="[54] /home/travis/build/icyphy/ptII/ptolemy/domains/de/test/auto/ResetTransitionWithStartTime1.xml (RunModel)" time="0.016" />
  <testcase classname="ptolemy.util.test.junit.AutoTests" name="[55] /home/travis/build/icyphy/ptII/ptolemy/domains/de/test/auto/ResetTransitionWithStartTime2.xml (RunModel)" time="0.019" />
  <testcase classname="ptolemy.util.test.junit.AutoTests" name="[56] /home/travis/build/icyphy/ptII/ptolemy/domains/de/test/auto/ResetTransitionWithStartTime3.xml (RunModel)" time="0.02" />
  <testcase classname="ptolemy.util.test.junit.AutoTests" name="[57] /home/travis/build/icyphy/ptII/ptolemy/domains/de/test/auto/ResetTransitionWithStartTime4.xml (RunModel)" time="0.015" />
  <testcase classname="ptolemy.util.test.junit.AutoTests" name="[58] /home/travis/build/icyphy/ptII/ptolemy/domains/de/test/auto/ResettableTimer1.xml (RunModel)" time="0.009" />
  <testcase classname="ptolemy.util.test.junit.AutoTests" name="[59] /home/travis/build/icyphy/ptII/ptolemy/domains/de/test/auto/ResettableTimer2.xml (RunModel)" time="0.007" />
  <testcase classname="ptolemy.util.test.junit.AutoTests" name="[60] /home/travis/build/icyphy/ptII/ptolemy/domains/de/test/auto/ResettableTimer3.xml (RunModel)" time="0.009" />
  <testcase classname="ptolemy.util.test.junit.AutoTests" name="[61] /home/travis/build/icyphy/ptII/ptolemy/domains/de/test/auto/ResettableTimer4.xml (RunModel)" time="0.007" />
  <testcase classname="ptolemy.util.test.junit.AutoTests" name="[62] /home/travis/build/icyphy/ptII/ptolemy/domains/de/test/auto/ResettableTimer5.xml (RunModel)" time="0.007" />
  <testcase classname="ptolemy.util.test.junit.AutoTests" name="[63] /home/travis/build/icyphy/ptII/ptolemy/domains/de/test/auto/ResettableTimer6.xml (RunModel)" time="0.013" />
  <testcase classname="ptolemy.util.test.junit.AutoTests" name="[64] /home/travis/build/icyphy/ptII/ptolemy/domains/de/test/auto/ServerZeroDelay.xml (RunModel)" time="0.008" />
  <testcase classname="ptolemy.util.test.junit.AutoTests" name="[65] /home/travis/build/icyphy/ptII/ptolemy/domains/de/test/auto/SmartSender.xml (RunModel)" time="3.007" />
  <testcase classname="ptolemy.util.test.junit.AutoTests" name="[66] /home/travis/build/icyphy/ptII/ptolemy/domains/de/test/auto/ThreadedComposite.xml (RunModel)" time="0.12" />
  <testcase classname="ptolemy.util.test.junit.AutoTests" name="[67] /home/travis/build/icyphy/ptII/ptolemy/domains/de/test/auto/Time.xml (RunModel)" time="0.379" />
  <testcase classname="ptolemy.util.test.junit.AutoTests" name="[68] /home/travis/build/icyphy/ptII/ptolemy/domains/de/test/auto/TimeDelayZeroDelay.xml (RunModel)" time="0.015" />
  <testcase classname="ptolemy.util.test.junit.AutoTests" name="[69] /home/travis/build/icyphy/ptII/ptolemy/domains/de/test/auto/TimerZeroDelay.xml (RunModel)" time="0.009" />
  <testcase classname="ptolemy.util.test.junit.AutoTests" name="[70] /home/travis/build/icyphy/ptII/ptolemy/domains/de/test/auto/TimingParadox.xml (RunModel)" time="0.296" />
  <testcase classname="ptolemy.util.test.junit.AutoTests" name="[71] /home/travis/build/icyphy/ptII/ptolemy/domains/de/test/auto/TransferInputs.xml (RunModel)" time="0.013" />
  <testcase classname="ptolemy.util.test.junit.AutoTests" name="[72] /home/travis/build/icyphy/ptII/ptolemy/domains/de/test/auto/TransferOutputs2.xml (RunModel)" time="0.02" />
  <testcase classname="ptolemy.util.test.junit.AutoTests" name="[73] /home/travis/build/icyphy/ptII/ptolemy/domains/de/test/auto/Trilateration.xml (RunModel)" time="11.147" />
  <testcase classname="ptolemy.util.test.junit.AutoTests" name="[74] /home/travis/build/icyphy/ptII/ptolemy/domains/de/test/auto/TwoSigmaDelta.xml (RunModel)" time="2.042" />
  <testcase classname="ptolemy.util.test.junit.AutoTests" name="[75] /home/travis/build/icyphy/ptII/ptolemy/domains/de/test/auto/VariableDelay.xml (RunModel)" time="0.015" />
  <testcase classname="ptolemy.util.test.junit.AutoTests" name="[76] /home/travis/build/icyphy/ptII/ptolemy/domains/de/test/auto/VariableDelay2.xml (RunModel)" time="0.008" />
  <testcase classname="ptolemy.util.test.junit.AutoTests" name="[77] /home/travis/build/icyphy/ptII/ptolemy/domains/de/test/auto/VariableDelayZeroDelay.xml (RunModel)" time="0.011" />
  <testcase classname="ptolemy.util.test.junit.AutoTests" name="[78] /home/travis/build/icyphy/ptII/ptolemy/domains/de/test/auto/VariableDelayZeroDelay2.xml (RunModel)" time="0.008" />
  <testcase classname="ptolemy.util.test.junit.AutoTests" name="[79] /home/travis/build/icyphy/ptII/ptolemy/domains/de/test/auto/deInCt.xml (RunModel)" time="0.014" />
  <testcase classname="ptolemy.util.test.junit.AutoTests" name="[80] /home/travis/build/icyphy/ptII/ptolemy/domains/de/test/auto/deInCt2.xml (RunModel)" time="0.012" />
  <testcase classname="ptolemy.util.test.junit.AutoTests" name="[81] /home/travis/build/icyphy/ptII/ptolemy/domains/de/test/auto/dynamicCausalityInterface1.xml (RunModel)" time="0.013" />
  <testcase classname="ptolemy.util.test.junit.AutoTests" name="[82] /home/travis/build/icyphy/ptII/ptolemy/domains/de/test/auto/fsm_de_test.xml (RunModel)" time="0.02" />
  <testcase classname="ptolemy.util.test.junit.AutoTests" name="[83] /home/travis/build/icyphy/ptII/ptolemy/domains/de/test/auto/functionDependencyReconstruction.xml (RunModel)" time="0.027" />
  <testcase classname="ptolemy.util.test.junit.AutoTests" name="[84] /home/travis/build/icyphy/ptII/ptolemy/domains/de/test/auto/multirate.xml (RunModel)" time="0.014" />
  <testcase classname="ptolemy.util.test.junit.AutoTests" name="[85] /home/travis/build/icyphy/ptII/ptolemy/domains/de/test/auto/multirate2.xml (RunModel)" time="0.014" />
  <testcase classname="ptolemy.util.test.junit.AutoTests" name="[86] /home/travis/build/icyphy/ptII/ptolemy/domains/de/test/auto/realtime.xml (RunModel)" time="10.012" />
  <testcase classname="ptolemy.util.test.junit.AutoTests" name="[87] /home/travis/build/icyphy/ptII/ptolemy/domains/de/test/auto/relationGroup.xml (RunModel)" time="0.009" />
  <testcase classname="ptolemy.util.test.junit.AutoTests" name="[88] /home/travis/build/icyphy/ptII/ptolemy/domains/de/test/auto/relationGroup2.xml (RunModel)" time="0.008" />
  <testcase classname="ptolemy.util.test.junit.AutoTests" name="[89] /home/travis/build/icyphy/ptII/ptolemy/domains/de/test/auto/sortWithOpaquePorts.xml (RunModel)" time="0.007" />
  <testcase classname="ptolemy.util.test.junit.AutoTests" name="[90] /home/travis/build/icyphy/ptII/ptolemy/domains/de/test/auto/transferInputsandOutputs.xml (RunModel)" time="0.017" />
  <testcase classname="ptolemy.util.test.junit.AutoTests" name="[91] /home/travis/build/icyphy/ptII/ptolemy/domains/de/test/auto/triggerType.xml (RunModel)" time="0.012" />
  <system-out><![CDATA[/home/travis/build/icyphy/ptII/ptolemy/domains/de/test/DependencyLoop.tcl
testDefs.tcl: setting time out to 9000 seconds at Sun Feb 02 07:01:28 UTC 2020
61 ms. Memory: 129024K Free: 78274K (61%)
26 ms. Memory: 129024K Free: 60866K (47%)
/home/travis/build/icyphy/ptII/ptolemy/domains/de/test/RunDETestsAsQSS.tcl
Run the DE tests using ptolemy.domains.qss.test.QSSDirectorTest, which extends QSSDirector and prints a message in the constructors.
------------------ testing $PTII/ptolemy/domains/de/test/auto/knownFailedTests/DirectFeedback.xml (Known Failure) 
33 ms. Memory: 129024K Free: 55236K (43%)


==== $PTIIhome/travis/build/icyphy/ptII/ptolemy/domains/de/test/../../../../: Auto Automatic test in file $PTII/ptolemy/domains/de/test/auto/knownFailedTests/DirectFeedback.xml
==== Contents of test case:

	    # FIXME: we should use $relativeFilename here, but it
	    # might have backslashes under Windows, which causes no end
	    # of trouble.
	    createAndExecute $file
	    list {}
	
.... Test generated KNOWN error:
    while executing
ptolemy.kernel.util.IllegalActionException: Test fails in iteration 1.
Value was: 1.0. Should have been: 2.0
  in .DirectFeedback.Test
	at ptolemy.actor.lib.Test.fire(Test.java:268)
	at ptolemy.domains.de.kernel.DEDirector._fire(DEDirector.java:1949)
	at ptolemy.domains.de.kernel.DEDirector.fire(DEDirector.java:502)
	at ptolemy.actor.CompositeActor.fire(CompositeActor.java:455)
	at ptolemy.actor.Manager.iterate(Manager.java:851)
	at ptolemy.actor.Manager.execute(Manager.java:369)
	at ptolemy.actor.Manager.run(Manager.java:1263)
	at ptolemy.actor.Manager$PtolemyRunThread.run(Manager.java:1933)

    while executing
ptolemy.kernel.util.IllegalActionException: Test fails in iteration 1.
Value was: 1.0. Should have been: 2.0
  in .DirectFeedback.Test
    while executing
"java::new ptolemy.moml.MoMLSimpleApplication $file
"
    (procedure "createAndExecute" line 2)
    invoked from within
"createAndExecute $file"
    ("uplevel" body line 5)
    invoked from within
"uplevel $contents_of_test"
------------------ testing $PTII/ptolemy/domains/de/test/auto/knownFailedTests/dependencyLoop.xml (Known Failure) 
22 ms. Memory: 129024K Free: 52164K (40%)


==== $PTIIhome/travis/build/icyphy/ptII/ptolemy/domains/de/test/../../../../: Auto Automatic test in file $PTII/ptolemy/domains/de/test/auto/knownFailedTests/dependencyLoop.xml
==== Contents of test case:

	    # FIXME: we should use $relativeFilename here, but it
	    # might have backslashes under Windows, which causes no end
	    # of trouble.
	    createAndExecute $file
	    list {}
	
.... Test generated KNOWN error:
    while executing
ptolemy.kernel.util.IllegalActionException: Found a zero delay loop containing .dependencyLoop.original
  in .dependencyLoop and .dependencyLoop.original
	at ptolemy.actor.util.CausalityInterfaceForComposites._computeOutputPortDepth(CausalityInterfaceForComposites.java:759)
	at ptolemy.actor.util.CausalityInterfaceForComposites._computeInputDepth(CausalityInterfaceForComposites.java:696)
	at ptolemy.actor.util.CausalityInterfaceForComposites._computeOutputPortDepth(CausalityInterfaceForComposites.java:765)
	at ptolemy.actor.util.CausalityInterfaceForComposites._computeInputDepth(CausalityInterfaceForComposites.java:696)
	at ptolemy.actor.util.CausalityInterfaceForComposites._computeOutputPortDepth(CausalityInterfaceForComposites.java:765)
	at ptolemy.actor.util.CausalityInterfaceForComposites._computeInputDepth(CausalityInterfaceForComposites.java:696)
	at ptolemy.actor.util.CausalityInterfaceForComposites._computeActorDepth(CausalityInterfaceForComposites.java:532)
	at ptolemy.actor.util.CausalityInterfaceForComposites.checkForCycles(CausalityInterfaceForComposites.java:96)
	at ptolemy.domains.de.kernel.DEDirector.preinitialize(DEDirector.java:1338)
	at ptolemy.actor.CompositeActor.preinitialize(CompositeActor.java:1828)
	at ptolemy.actor.Manager.preinitializeAndResolveTypes(Manager.java:1040)
	at ptolemy.actor.Manager.initialize(Manager.java:710)
	at ptolemy.actor.Manager.execute(Manager.java:356)
	at ptolemy.actor.Manager.run(Manager.java:1263)
	at ptolemy.actor.Manager$PtolemyRunThread.run(Manager.java:1933)

    while executing
ptolemy.kernel.util.IllegalActionException: Found a zero delay loop containing .dependencyLoop.original
  in .dependencyLoop and .dependencyLoop.original
    while executing
"java::new ptolemy.moml.MoMLSimpleApplication $file
"
    (procedure "createAndExecute" line 2)
    invoked from within
"createAndExecute $file"
    ("uplevel" body line 5)
    invoked from within
"uplevel $contents_of_test"
------------------ testing $PTII/ptolemy/domains/de/test/auto/knownFailedTests/FSMSource.xml (Known Failure) 
83 ms. Memory: 129024K Free: 110779K (86%)
!!!! Auto was marked as failing, but now passes
------------------ testing $PTII/ptolemy/domains/de/test/auto/knownFailedTests/HierarchicalModel.xml (Known Failure) 
7 ms. Memory: 129024K Free: 93721K (73%)


==== $PTIIhome/travis/build/icyphy/ptII/ptolemy/domains/de/test/../../../../: Auto Automatic test in file $PTII/ptolemy/domains/de/test/auto/knownFailedTests/HierarchicalModel.xml
==== Contents of test case:

	    # FIXME: we should use $relativeFilename here, but it
	    # might have backslashes under Windows, which causes no end
	    # of trouble.
	    createAndExecute $file
	    list {}
	
.... Test generated KNOWN error:
    while executing
ptolemy.kernel.util.IllegalActionException: Found a zero delay loop containing .HierarchicalModel.A
  in .HierarchicalModel and .HierarchicalModel.A
	at ptolemy.actor.util.CausalityInterfaceForComposites._computeOutputPortDepth(CausalityInterfaceForComposites.java:759)
	at ptolemy.actor.util.CausalityInterfaceForComposites._computeInputDepth(CausalityInterfaceForComposites.java:696)
	at ptolemy.actor.util.CausalityInterfaceForComposites._computeOutputPortDepth(CausalityInterfaceForComposites.java:765)
	at ptolemy.actor.util.CausalityInterfaceForComposites._computeInputDepth(CausalityInterfaceForComposites.java:696)
	at ptolemy.actor.util.CausalityInterfaceForComposites._computeOutputPortDepth(CausalityInterfaceForComposites.java:765)
	at ptolemy.actor.util.CausalityInterfaceForComposites._computeInputDepth(CausalityInterfaceForComposites.java:696)
	at ptolemy.actor.util.CausalityInterfaceForComposites._computeActorDepth(CausalityInterfaceForComposites.java:532)
	at ptolemy.actor.util.CausalityInterfaceForComposites.checkForCycles(CausalityInterfaceForComposites.java:96)
	at ptolemy.domains.de.kernel.DEDirector.preinitialize(DEDirector.java:1338)
	at ptolemy.actor.CompositeActor.preinitialize(CompositeActor.java:1828)
	at ptolemy.actor.Manager.preinitializeAndResolveTypes(Manager.java:1040)
	at ptolemy.actor.Manager.initialize(Manager.java:710)
	at ptolemy.actor.Manager.execute(Manager.java:356)
	at ptolemy.actor.Manager.run(Manager.java:1263)
	at ptolemy.actor.Manager$PtolemyRunThread.run(Manager.java:1933)

    while executing
ptolemy.kernel.util.IllegalActionException: Found a zero delay loop containing .HierarchicalModel.A
  in .HierarchicalModel and .HierarchicalModel.A
    while executing
"java::new ptolemy.moml.MoMLSimpleApplication $file
"
    (procedure "createAndExecute" line 2)
    invoked from within
"createAndExecute $file"
    ("uplevel" body line 5)
    invoked from within
"uplevel $contents_of_test"
------------------ testing $PTII/ptolemy/domains/de/test/auto/knownFailedTests/dependencyLoop2.xml (Known Failure) 
5 ms. Memory: 129024K Free: 77345K (60%)


==== $PTIIhome/travis/build/icyphy/ptII/ptolemy/domains/de/test/../../../../: Auto Automatic test in file $PTII/ptolemy/domains/de/test/auto/knownFailedTests/dependencyLoop2.xml
==== Contents of test case:

	    # FIXME: we should use $relativeFilename here, but it
	    # might have backslashes under Windows, which causes no end
	    # of trouble.
	    createAndExecute $file
	    list {}
	
.... Test generated KNOWN error:
    while executing
ptolemy.kernel.util.IllegalActionException: Found a zero delay loop containing .dependencyLoop2.original
  in .dependencyLoop2 and .dependencyLoop2.original
	at ptolemy.actor.util.CausalityInterfaceForComposites._computeOutputPortDepth(CausalityInterfaceForComposites.java:759)
	at ptolemy.actor.util.CausalityInterfaceForComposites._computeInputDepth(CausalityInterfaceForComposites.java:696)
	at ptolemy.actor.util.CausalityInterfaceForComposites._computeOutputPortDepth(CausalityInterfaceForComposites.java:765)
	at ptolemy.actor.util.CausalityInterfaceForComposites._computeInputDepth(CausalityInterfaceForComposites.java:696)
	at ptolemy.actor.util.CausalityInterfaceForComposites._computeOutputPortDepth(CausalityInterfaceForComposites.java:765)
	at ptolemy.actor.util.CausalityInterfaceForComposites._computeInputDepth(CausalityInterfaceForComposites.java:696)
	at ptolemy.actor.util.CausalityInterfaceForComposites._computeActorDepth(CausalityInterfaceForComposites.java:532)
	at ptolemy.actor.util.CausalityInterfaceForComposites.checkForCycles(CausalityInterfaceForComposites.java:96)
	at ptolemy.domains.de.kernel.DEDirector.preinitialize(DEDirector.java:1338)
	at ptolemy.actor.CompositeActor.preinitialize(CompositeActor.java:1828)
	at ptolemy.actor.Manager.preinitializeAndResolveTypes(Manager.java:1040)
	at ptolemy.actor.Manager.initialize(Manager.java:710)
	at ptolemy.actor.Manager.execute(Manager.java:356)
	at ptolemy.actor.Manager.run(Manager.java:1263)
	at ptolemy.actor.Manager$PtolemyRunThread.run(Manager.java:1933)

    while executing
ptolemy.kernel.util.IllegalActionException: Found a zero delay loop containing .dependencyLoop2.original
  in .dependencyLoop2 and .dependencyLoop2.original
    while executing
"java::new ptolemy.moml.MoMLSimpleApplication $file
"
    (procedure "createAndExecute" line 2)
    invoked from within
"createAndExecute $file"
    ("uplevel" body line 5)
    invoked from within
"uplevel $contents_of_test"
------------------ testing $PTII/ptolemy/domains/de/test/auto/knownFailedTests/DESDFClockTest.xml (Known Failure) 
2053 ms. Memory: 129024K Free: 107299K (83%)


==== $PTIIhome/travis/build/icyphy/ptII/ptolemy/domains/de/test/../../../../: Auto Automatic test in file $PTII/ptolemy/domains/de/test/auto/knownFailedTests/DESDFClockTest.xml
==== Contents of test case:

	    # FIXME: we should use $relativeFilename here, but it
	    # might have backslashes under Windows, which causes no end
	    # of trouble.
	    createAndExecute $file
	    list {}
	
.... Test generated KNOWN error:
    while executing
ptolemy.kernel.util.IllegalActionException: Actor is not ready to fire.  Perhaps UpSample.prefire() returned false? Try debugging the actor by selecting "Listen to Actor".  Also, for SDF check moml for tokenConsumptionRate on input.
  in .DESDFClockTest.Play Bell.Copy1:SDF Director and .DESDFClockTest.Play Bell.UpSample
	at ptolemy.actor.sched.StaticSchedulingDirector.fire(StaticSchedulingDirector.java:227)
	at ptolemy.domains.sdf.kernel.SDFDirector.fire(SDFDirector.java:500)
	at ptolemy.actor.CompositeActor.fire(CompositeActor.java:455)
	at ptolemy.domains.de.kernel.DEDirector._fire(DEDirector.java:1949)
	at ptolemy.domains.de.kernel.DEDirector.fire(DEDirector.java:502)
	at ptolemy.actor.CompositeActor.fire(CompositeActor.java:455)
	at ptolemy.actor.Manager.iterate(Manager.java:851)
	at ptolemy.actor.Manager.execute(Manager.java:369)
	at ptolemy.actor.Manager.run(Manager.java:1263)
	at ptolemy.actor.Manager$PtolemyRunThread.run(Manager.java:1933)

    while executing
ptolemy.kernel.util.IllegalActionException: Actor is not ready to fire.  Perhaps UpSample.prefire() returned false? Try debugging the actor by selecting "Listen to Actor".  Also, for SDF check moml for tokenConsumptionRate on input.
  in .DESDFClockTest.Play Bell.Copy1:SDF Director and .DESDFClockTest.Play Bell.UpSample
    while executing
"java::new ptolemy.moml.MoMLSimpleApplication $file
"
    (procedure "createAndExecute" line 2)
    invoked from within
"createAndExecute $file"
    ("uplevel" body line 5)
    invoked from within
"uplevel $contents_of_test"
------------------ testing $PTII/ptolemy/domains/de/test/auto/ActorDepthCalculation_actorWithoutPorts.xml
auto.tcl: Setting watchdog for 200 seconds at Sun Feb 02 07:01:32 UTC 2020
9 ms. Memory: 129024K Free: 99603K (77%)
ptolemy.util.test.WatchDog.cancel(): canceling Sun Feb 02 07:01:32 UTC 2020
auto.tcl: Setting watchdog for 200 seconds at Sun Feb 02 07:01:32 UTC 2020
4 ms. Memory: 129024K Free: 98563K (76%)
ptolemy.util.test.WatchDog.cancel(): canceling Sun Feb 02 07:01:32 UTC 2020
------------------ testing $PTII/ptolemy/domains/de/test/auto/AssemblyLine.xml
auto.tcl: Setting watchdog for 200 seconds at Sun Feb 02 07:01:32 UTC 2020
17 ms. Memory: 51200K Free: 27921K (55%)
ptolemy.util.test.WatchDog.cancel(): canceling Sun Feb 02 07:01:32 UTC 2020
auto.tcl: Setting watchdog for 200 seconds at Sun Feb 02 07:01:32 UTC 2020
6 ms. Memory: 51200K Free: 27269K (53%)
ptolemy.util.test.WatchDog.cancel(): canceling Sun Feb 02 07:01:32 UTC 2020
------------------ testing $PTII/ptolemy/domains/de/test/auto/CQBug1.xml
auto.tcl: Setting watchdog for 200 seconds at Sun Feb 02 07:01:32 UTC 2020
3 ms. Memory: 51200K Free: 33266K (65%)
ptolemy.util.test.WatchDog.cancel(): canceling Sun Feb 02 07:01:32 UTC 2020
auto.tcl: Setting watchdog for 200 seconds at Sun Feb 02 07:01:32 UTC 2020
2 ms. Memory: 51200K Free: 33266K (65%)
ptolemy.util.test.WatchDog.cancel(): canceling Sun Feb 02 07:01:32 UTC 2020
------------------ testing $PTII/ptolemy/domains/de/test/auto/CancelFireAt.xml
auto.tcl: Setting watchdog for 200 seconds at Sun Feb 02 07:01:32 UTC 2020
4 ms. Memory: 51200K Free: 34733K (68%)
ptolemy.util.test.WatchDog.cancel(): canceling Sun Feb 02 07:01:32 UTC 2020
auto.tcl: Setting watchdog for 200 seconds at Sun Feb 02 07:01:32 UTC 2020
2 ms. Memory: 51200K Free: 34249K (67%)
ptolemy.util.test.WatchDog.cancel(): canceling Sun Feb 02 07:01:32 UTC 2020
------------------ testing $PTII/ptolemy/domains/de/test/auto/CausalityAndComposabilityAnalysis.xml
auto.tcl: Setting watchdog for 200 seconds at Sun Feb 02 07:01:32 UTC 2020
5 ms. Memory: 51200K Free: 32386K (63%)
ptolemy.util.test.WatchDog.cancel(): canceling Sun Feb 02 07:01:32 UTC 2020
auto.tcl: Setting watchdog for 200 seconds at Sun Feb 02 07:01:32 UTC 2020
5 ms. Memory: 51200K Free: 31959K (62%)
ptolemy.util.test.WatchDog.cancel(): canceling Sun Feb 02 07:01:32 UTC 2020
------------------ testing $PTII/ptolemy/domains/de/test/auto/CausalityInterface1.xml
auto.tcl: Setting watchdog for 200 seconds at Sun Feb 02 07:01:32 UTC 2020
16 ms. Memory: 48128K Free: 28332K (59%)
ptolemy.util.test.WatchDog.cancel(): canceling Sun Feb 02 07:01:32 UTC 2020
auto.tcl: Setting watchdog for 200 seconds at Sun Feb 02 07:01:32 UTC 2020
4 ms. Memory: 48128K Free: 27368K (57%)
ptolemy.util.test.WatchDog.cancel(): canceling Sun Feb 02 07:01:32 UTC 2020
------------------ testing $PTII/ptolemy/domains/de/test/auto/CausalityInterface15.xml
auto.tcl: Setting watchdog for 200 seconds at Sun Feb 02 07:01:32 UTC 2020
7 ms. Memory: 48128K Free: 28219K (59%)
ptolemy.util.test.WatchDog.cancel(): canceling Sun Feb 02 07:01:33 UTC 2020
auto.tcl: Setting watchdog for 200 seconds at Sun Feb 02 07:01:33 UTC 2020
4 ms. Memory: 48128K Free: 27329K (57%)
ptolemy.util.test.WatchDog.cancel(): canceling Sun Feb 02 07:01:33 UTC 2020
------------------ testing $PTII/ptolemy/domains/de/test/auto/CausalityInterface2.xml
auto.tcl: Setting watchdog for 200 seconds at Sun Feb 02 07:01:33 UTC 2020
3 ms. Memory: 48128K Free: 29009K (60%)
ptolemy.util.test.WatchDog.cancel(): canceling Sun Feb 02 07:01:33 UTC 2020
auto.tcl: Setting watchdog for 200 seconds at Sun Feb 02 07:01:33 UTC 2020
2 ms. Memory: 48128K Free: 28310K (59%)
ptolemy.util.test.WatchDog.cancel(): canceling Sun Feb 02 07:01:33 UTC 2020
------------------ testing $PTII/ptolemy/domains/de/test/auto/CausalityInterface3.xml
auto.tcl: Setting watchdog for 200 seconds at Sun Feb 02 07:01:33 UTC 2020
8 ms. Memory: 48128K Free: 28519K (59%)
ptolemy.util.test.WatchDog.cancel(): canceling Sun Feb 02 07:01:33 UTC 2020
auto.tcl: Setting watchdog for 200 seconds at Sun Feb 02 07:01:33 UTC 2020
3 ms. Memory: 48128K Free: 27743K (58%)
ptolemy.util.test.WatchDog.cancel(): canceling Sun Feb 02 07:01:33 UTC 2020
------------------ testing $PTII/ptolemy/domains/de/test/auto/ClockDrift.xml
auto.tcl: Setting watchdog for 200 seconds at Sun Feb 02 07:01:33 UTC 2020
70 ms. Memory: 48128K Free: 20877K (43%)
ptolemy.util.test.WatchDog.cancel(): canceling Sun Feb 02 07:01:33 UTC 2020
auto.tcl: Setting watchdog for 200 seconds at Sun Feb 02 07:01:33 UTC 2020
52 ms. Memory: 48128K Free: 17683K (37%)
ptolemy.util.test.WatchDog.cancel(): canceling Sun Feb 02 07:01:33 UTC 2020
------------------ testing $PTII/ptolemy/domains/de/test/auto/ClockDriftAndValueChange.xml
auto.tcl: Setting watchdog for 200 seconds at Sun Feb 02 07:01:33 UTC 2020
20 ms. Memory: 48128K Free: 21513K (45%)
ptolemy.util.test.WatchDog.cancel(): canceling Sun Feb 02 07:01:33 UTC 2020
auto.tcl: Setting watchdog for 200 seconds at Sun Feb 02 07:01:33 UTC 2020
24 ms. Memory: 48128K Free: 18361K (38%)
ptolemy.util.test.WatchDog.cancel(): canceling Sun Feb 02 07:01:33 UTC 2020
------------------ testing $PTII/ptolemy/domains/de/test/auto/ClockDriftChange.xml
auto.tcl: Setting watchdog for 200 seconds at Sun Feb 02 07:01:33 UTC 2020
21 ms. Memory: 48128K Free: 23241K (48%)
ptolemy.util.test.WatchDog.cancel(): canceling Sun Feb 02 07:01:33 UTC 2020
auto.tcl: Setting watchdog for 200 seconds at Sun Feb 02 07:01:33 UTC 2020
21 ms. Memory: 48128K Free: 20664K (43%)
ptolemy.util.test.WatchDog.cancel(): canceling Sun Feb 02 07:01:33 UTC 2020
------------------ testing $PTII/ptolemy/domains/de/test/auto/ComposableCausalityAnalysis.xml
auto.tcl: Setting watchdog for 200 seconds at Sun Feb 02 07:01:33 UTC 2020
2 ms. Memory: 48128K Free: 27872K (58%)
ptolemy.util.test.WatchDog.cancel(): canceling Sun Feb 02 07:01:33 UTC 2020
auto.tcl: Setting watchdog for 200 seconds at Sun Feb 02 07:01:33 UTC 2020
4 ms. Memory: 48128K Free: 26846K (56%)
ptolemy.util.test.WatchDog.cancel(): canceling Sun Feb 02 07:01:33 UTC 2020
------------------ testing $PTII/ptolemy/domains/de/test/auto/DEFixedPointLimitation.xml
auto.tcl: Setting watchdog for 200 seconds at Sun Feb 02 07:01:33 UTC 2020
2 ms. Memory: 48128K Free: 29228K (61%)
ptolemy.util.test.WatchDog.cancel(): canceling Sun Feb 02 07:01:33 UTC 2020
auto.tcl: Setting watchdog for 200 seconds at Sun Feb 02 07:01:33 UTC 2020
1 ms. Memory: 48128K Free: 28308K (59%)
ptolemy.util.test.WatchDog.cancel(): canceling Sun Feb 02 07:01:33 UTC 2020
------------------ testing $PTII/ptolemy/domains/de/test/auto/DEScheduleTest.xml
auto.tcl: Setting watchdog for 200 seconds at Sun Feb 02 07:01:33 UTC 2020
3 ms. Memory: 48128K Free: 29537K (61%)
ptolemy.util.test.WatchDog.cancel(): canceling Sun Feb 02 07:01:33 UTC 2020
auto.tcl: Setting watchdog for 200 seconds at Sun Feb 02 07:01:33 UTC 2020
3 ms. Memory: 48128K Free: 28771K (60%)
ptolemy.util.test.WatchDog.cancel(): canceling Sun Feb 02 07:01:33 UTC 2020
------------------ testing $PTII/ptolemy/domains/de/test/auto/DEinDEwithStartTimes.xml
auto.tcl: Setting watchdog for 200 seconds at Sun Feb 02 07:01:33 UTC 2020
3 ms. Memory: 48128K Free: 27734K (58%)
ptolemy.util.test.WatchDog.cancel(): canceling Sun Feb 02 07:01:33 UTC 2020
auto.tcl: Setting watchdog for 200 seconds at Sun Feb 02 07:01:33 UTC 2020
4 ms. Memory: 48128K Free: 26653K (55%)
ptolemy.util.test.WatchDog.cancel(): canceling Sun Feb 02 07:01:33 UTC 2020
------------------ testing $PTII/ptolemy/domains/de/test/auto/DEinDEwithStartTimes2.xml
auto.tcl: Setting watchdog for 200 seconds at Sun Feb 02 07:01:33 UTC 2020
4 ms. Memory: 48128K Free: 26877K (56%)
ptolemy.util.test.WatchDog.cancel(): canceling Sun Feb 02 07:01:33 UTC 2020
auto.tcl: Setting watchdog for 200 seconds at Sun Feb 02 07:01:33 UTC 2020
4 ms. Memory: 48128K Free: 25608K (53%)
ptolemy.util.test.WatchDog.cancel(): canceling Sun Feb 02 07:01:33 UTC 2020
------------------ testing $PTII/ptolemy/domains/de/test/auto/DateDemo.xml
auto.tcl: Setting watchdog for 200 seconds at Sun Feb 02 07:01:34 UTC 2020
21 ms. Memory: 48128K Free: 21250K (44%)
ptolemy.util.test.WatchDog.cancel(): canceling Sun Feb 02 07:01:34 UTC 2020
auto.tcl: Setting watchdog for 200 seconds at Sun Feb 02 07:01:34 UTC 2020
7 ms. Memory: 48128K Free: 19659K (41%)
ptolemy.util.test.WatchDog.cancel(): canceling Sun Feb 02 07:01:34 UTC 2020
------------------ testing $PTII/ptolemy/domains/de/test/auto/DateToEvent.xml
auto.tcl: Setting watchdog for 200 seconds at Sun Feb 02 07:01:34 UTC 2020
2010 ms. Memory: 48128K Free: 17173K (36%)
ptolemy.util.test.WatchDog.cancel(): canceling Sun Feb 02 07:01:36 UTC 2020
auto.tcl: Setting watchdog for 200 seconds at Sun Feb 02 07:01:36 UTC 2020
2004 ms. Memory: 48128K Free: 16411K (34%)
ptolemy.util.test.WatchDog.cancel(): canceling Sun Feb 02 07:01:38 UTC 2020
------------------ testing $PTII/ptolemy/domains/de/test/auto/DepthTest1.xml
auto.tcl: Setting watchdog for 200 seconds at Sun Feb 02 07:01:38 UTC 2020
4 ms. Memory: 48128K Free: 30320K (63%)
ptolemy.util.test.WatchDog.cancel(): canceling Sun Feb 02 07:01:38 UTC 2020
auto.tcl: Setting watchdog for 200 seconds at Sun Feb 02 07:01:38 UTC 2020
1 ms. Memory: 48128K Free: 29894K (62%)
ptolemy.util.test.WatchDog.cancel(): canceling Sun Feb 02 07:01:38 UTC 2020
------------------ testing $PTII/ptolemy/domains/de/test/auto/DepthTest2.xml
auto.tcl: Setting watchdog for 200 seconds at Sun Feb 02 07:01:38 UTC 2020
3 ms. Memory: 48128K Free: 27142K (56%)
ptolemy.util.test.WatchDog.cancel(): canceling Sun Feb 02 07:01:38 UTC 2020
auto.tcl: Setting watchdog for 200 seconds at Sun Feb 02 07:01:38 UTC 2020
3 ms. Memory: 48128K Free: 26738K (56%)
ptolemy.util.test.WatchDog.cancel(): canceling Sun Feb 02 07:01:38 UTC 2020
------------------ testing $PTII/ptolemy/domains/de/test/auto/DepthTest3.xml
auto.tcl: Setting watchdog for 200 seconds at Sun Feb 02 07:01:38 UTC 2020
2 ms. Memory: 48128K Free: 30651K (64%)
ptolemy.util.test.WatchDog.cancel(): canceling Sun Feb 02 07:01:38 UTC 2020
auto.tcl: Setting watchdog for 200 seconds at Sun Feb 02 07:01:38 UTC 2020
1 ms. Memory: 48128K Free: 30231K (63%)
ptolemy.util.test.WatchDog.cancel(): canceling Sun Feb 02 07:01:38 UTC 2020
------------------ testing $PTII/ptolemy/domains/de/test/auto/DepthTest4.xml
auto.tcl: Setting watchdog for 200 seconds at Sun Feb 02 07:01:38 UTC 2020
9 ms. Memory: 48128K Free: 28999K (60%)
ptolemy.util.test.WatchDog.cancel(): canceling Sun Feb 02 07:01:38 UTC 2020
auto.tcl: Setting watchdog for 200 seconds at Sun Feb 02 07:01:38 UTC 2020
2 ms. Memory: 48128K Free: 28240K (59%)
ptolemy.util.test.WatchDog.cancel(): canceling Sun Feb 02 07:01:38 UTC 2020
------------------ testing $PTII/ptolemy/domains/de/test/auto/DepthTest5.xml
auto.tcl: Setting watchdog for 200 seconds at Sun Feb 02 07:01:38 UTC 2020
4 ms. Memory: 48128K Free: 28398K (59%)
ptolemy.util.test.WatchDog.cancel(): canceling Sun Feb 02 07:01:38 UTC 2020
auto.tcl: Setting watchdog for 200 seconds at Sun Feb 02 07:01:38 UTC 2020
2 ms. Memory: 48128K Free: 27612K (57%)
ptolemy.util.test.WatchDog.cancel(): canceling Sun Feb 02 07:01:38 UTC 2020
------------------ testing $PTII/ptolemy/domains/de/test/auto/DepthTest6.xml
auto.tcl: Setting watchdog for 200 seconds at Sun Feb 02 07:01:38 UTC 2020
5 ms. Memory: 48128K Free: 28086K (58%)
ptolemy.util.test.WatchDog.cancel(): canceling Sun Feb 02 07:01:38 UTC 2020
auto.tcl: Setting watchdog for 200 seconds at Sun Feb 02 07:01:38 UTC 2020
2 ms. Memory: 48128K Free: 27667K (57%)
ptolemy.util.test.WatchDog.cancel(): canceling Sun Feb 02 07:01:38 UTC 2020
------------------ testing $PTII/ptolemy/domains/de/test/auto/DepthTest7.xml
auto.tcl: Setting watchdog for 200 seconds at Sun Feb 02 07:01:38 UTC 2020
3 ms. Memory: 48128K Free: 28923K (60%)
ptolemy.util.test.WatchDog.cancel(): canceling Sun Feb 02 07:01:38 UTC 2020
auto.tcl: Setting watchdog for 200 seconds at Sun Feb 02 07:01:38 UTC 2020
2 ms. Memory: 48128K Free: 28181K (59%)
ptolemy.util.test.WatchDog.cancel(): canceling Sun Feb 02 07:01:38 UTC 2020
------------------ testing $PTII/ptolemy/domains/de/test/auto/EventToDate.xml
auto.tcl: Setting watchdog for 200 seconds at Sun Feb 02 07:01:38 UTC 2020
3005 ms. Memory: 48128K Free: 19705K (41%)
ptolemy.util.test.WatchDog.cancel(): canceling Sun Feb 02 07:01:41 UTC 2020
auto.tcl: Setting watchdog for 200 seconds at Sun Feb 02 07:01:41 UTC 2020
3004 ms. Memory: 48128K Free: 18992K (39%)
ptolemy.util.test.WatchDog.cancel(): canceling Sun Feb 02 07:01:44 UTC 2020
------------------ testing $PTII/ptolemy/domains/de/test/auto/FSM1.xml
auto.tcl: Setting watchdog for 200 seconds at Sun Feb 02 07:01:44 UTC 2020
29 ms. Memory: 48128K Free: 20443K (42%)
ptolemy.util.test.WatchDog.cancel(): canceling Sun Feb 02 07:01:44 UTC 2020
auto.tcl: Setting watchdog for 200 seconds at Sun Feb 02 07:01:44 UTC 2020
19 ms. Memory: 48128K Free: 17294K (36%)
ptolemy.util.test.WatchDog.cancel(): canceling Sun Feb 02 07:01:44 UTC 2020
------------------ testing $PTII/ptolemy/domains/de/test/auto/FSM7.xml
auto.tcl: Setting watchdog for 200 seconds at Sun Feb 02 07:01:44 UTC 2020
14 ms. Memory: 48128K Free: 20596K (43%)
ptolemy.util.test.WatchDog.cancel(): canceling Sun Feb 02 07:01:45 UTC 2020
auto.tcl: Setting watchdog for 200 seconds at Sun Feb 02 07:01:45 UTC 2020
15 ms. Memory: 48128K Free: 17498K (36%)
ptolemy.util.test.WatchDog.cancel(): canceling Sun Feb 02 07:01:45 UTC 2020
------------------ testing $PTII/ptolemy/domains/de/test/auto/Inspection.xml
auto.tcl: Setting watchdog for 200 seconds at Sun Feb 02 07:01:45 UTC 2020
20 ms. Memory: 48128K Free: 20628K (43%)
ptolemy.util.test.WatchDog.cancel(): canceling Sun Feb 02 07:01:45 UTC 2020
auto.tcl: Setting watchdog for 200 seconds at Sun Feb 02 07:01:45 UTC 2020
14 ms. Memory: 48128K Free: 18904K (39%)
ptolemy.util.test.WatchDog.cancel(): canceling Sun Feb 02 07:01:45 UTC 2020
------------------ testing $PTII/ptolemy/domains/de/test/auto/Iteration.xml
auto.tcl: Setting watchdog for 200 seconds at Sun Feb 02 07:01:45 UTC 2020
6 ms. Memory: 48128K Free: 26372K (55%)
ptolemy.util.test.WatchDog.cancel(): canceling Sun Feb 02 07:01:45 UTC 2020
auto.tcl: Setting watchdog for 200 seconds at Sun Feb 02 07:01:45 UTC 2020
6 ms. Memory: 48128K Free: 24980K (52%)
ptolemy.util.test.WatchDog.cancel(): canceling Sun Feb 02 07:01:45 UTC 2020
------------------ testing $PTII/ptolemy/domains/de/test/auto/LineFault.xml
auto.tcl: Setting watchdog for 200 seconds at Sun Feb 02 07:01:45 UTC 2020
620 ms. Memory: 48128K Free: 24276K (50%)
ptolemy.util.test.WatchDog.cancel(): canceling Sun Feb 02 07:01:46 UTC 2020
auto.tcl: Setting watchdog for 200 seconds at Sun Feb 02 07:01:46 UTC 2020
539 ms. Memory: 58368K Free: 21092K (36%)
ptolemy.util.test.WatchDog.cancel(): canceling Sun Feb 02 07:01:46 UTC 2020
------------------ testing $PTII/ptolemy/domains/de/test/auto/MergeModel1Add.xml
auto.tcl: Setting watchdog for 200 seconds at Sun Feb 02 07:01:46 UTC 2020
29 ms. Memory: 55296K Free: 19534K (35%)
ptolemy.util.test.WatchDog.cancel(): canceling Sun Feb 02 07:01:46 UTC 2020
auto.tcl: Setting watchdog for 200 seconds at Sun Feb 02 07:01:46 UTC 2020
8 ms. Memory: 55296K Free: 17886K (32%)
ptolemy.util.test.WatchDog.cancel(): canceling Sun Feb 02 07:01:46 UTC 2020
------------------ testing $PTII/ptolemy/domains/de/test/auto/MergeModel2Add.xml
auto.tcl: Setting watchdog for 200 seconds at Sun Feb 02 07:01:46 UTC 2020
11 ms. Memory: 51200K Free: 17493K (34%)
ptolemy.util.test.WatchDog.cancel(): canceling Sun Feb 02 07:01:46 UTC 2020
auto.tcl: Setting watchdog for 200 seconds at Sun Feb 02 07:01:46 UTC 2020
10 ms. Memory: 51200K Free: 15537K (30%)
ptolemy.util.test.WatchDog.cancel(): canceling Sun Feb 02 07:01:46 UTC 2020
------------------ testing $PTII/ptolemy/domains/de/test/auto/MergeModel3Add.xml
auto.tcl: Setting watchdog for 200 seconds at Sun Feb 02 07:01:46 UTC 2020
9 ms. Memory: 51200K Free: 17510K (34%)
ptolemy.util.test.WatchDog.cancel(): canceling Sun Feb 02 07:01:47 UTC 2020
auto.tcl: Setting watchdog for 200 seconds at Sun Feb 02 07:01:47 UTC 2020
7 ms. Memory: 51200K Free: 16144K (32%)
ptolemy.util.test.WatchDog.cancel(): canceling Sun Feb 02 07:01:47 UTC 2020
------------------ testing $PTII/ptolemy/domains/de/test/auto/MergeWithoutDiscard.xml
auto.tcl: Setting watchdog for 200 seconds at Sun Feb 02 07:01:47 UTC 2020
2 ms. Memory: 51200K Free: 31860K (62%)
ptolemy.util.test.WatchDog.cancel(): canceling Sun Feb 02 07:01:47 UTC 2020
auto.tcl: Setting watchdog for 200 seconds at Sun Feb 02 07:01:47 UTC 2020
1 ms. Memory: 51200K Free: 31427K (61%)
ptolemy.util.test.WatchDog.cancel(): canceling Sun Feb 02 07:01:47 UTC 2020
------------------ testing $PTII/ptolemy/domains/de/test/auto/Modal1.xml
auto.tcl: Setting watchdog for 200 seconds at Sun Feb 02 07:01:47 UTC 2020
16 ms. Memory: 51200K Free: 24474K (48%)
ptolemy.util.test.WatchDog.cancel(): canceling Sun Feb 02 07:01:47 UTC 2020
auto.tcl: Setting watchdog for 200 seconds at Sun Feb 02 07:01:47 UTC 2020
20 ms. Memory: 51200K Free: 20973K (41%)
ptolemy.util.test.WatchDog.cancel(): canceling Sun Feb 02 07:01:47 UTC 2020
------------------ testing $PTII/ptolemy/domains/de/test/auto/Modal2.xml
auto.tcl: Setting watchdog for 200 seconds at Sun Feb 02 07:01:47 UTC 2020
16 ms. Memory: 51200K Free: 24368K (48%)
ptolemy.util.test.WatchDog.cancel(): canceling Sun Feb 02 07:01:47 UTC 2020
auto.tcl: Setting watchdog for 200 seconds at Sun Feb 02 07:01:47 UTC 2020
15 ms. Memory: 51200K Free: 20843K (41%)
ptolemy.util.test.WatchDog.cancel(): canceling Sun Feb 02 07:01:47 UTC 2020
------------------ testing $PTII/ptolemy/domains/de/test/auto/Modal3.xml
auto.tcl: Setting watchdog for 200 seconds at Sun Feb 02 07:01:47 UTC 2020
13 ms. Memory: 51200K Free: 24103K (47%)
ptolemy.util.test.WatchDog.cancel(): canceling Sun Feb 02 07:01:47 UTC 2020
auto.tcl: Setting watchdog for 200 seconds at Sun Feb 02 07:01:47 UTC 2020
12 ms. Memory: 51200K Free: 20885K (41%)
ptolemy.util.test.WatchDog.cancel(): canceling Sun Feb 02 07:01:47 UTC 2020
------------------ testing $PTII/ptolemy/domains/de/test/auto/Modal4.xml
auto.tcl: Setting watchdog for 200 seconds at Sun Feb 02 07:01:47 UTC 2020
11 ms. Memory: 51200K Free: 23046K (45%)
ptolemy.util.test.WatchDog.cancel(): canceling Sun Feb 02 07:01:47 UTC 2020
auto.tcl: Setting watchdog for 200 seconds at Sun Feb 02 07:01:47 UTC 2020
12 ms. Memory: 51200K Free: 19217K (38%)
ptolemy.util.test.WatchDog.cancel(): canceling Sun Feb 02 07:01:47 UTC 2020
------------------ testing $PTII/ptolemy/domains/de/test/auto/Modal5.xml
auto.tcl: Setting watchdog for 200 seconds at Sun Feb 02 07:01:47 UTC 2020
16 ms. Memory: 51200K Free: 23048K (45%)
ptolemy.util.test.WatchDog.cancel(): canceling Sun Feb 02 07:01:47 UTC 2020
auto.tcl: Setting watchdog for 200 seconds at Sun Feb 02 07:01:47 UTC 2020
16 ms. Memory: 51200K Free: 19204K (38%)
ptolemy.util.test.WatchDog.cancel(): canceling Sun Feb 02 07:01:47 UTC 2020
------------------ testing $PTII/ptolemy/domains/de/test/auto/Modal6.xml
auto.tcl: Setting watchdog for 200 seconds at Sun Feb 02 07:01:47 UTC 2020
12 ms. Memory: 51200K Free: 23811K (47%)
ptolemy.util.test.WatchDog.cancel(): canceling Sun Feb 02 07:01:47 UTC 2020
auto.tcl: Setting watchdog for 200 seconds at Sun Feb 02 07:01:47 UTC 2020
17 ms. Memory: 51200K Free: 19828K (39%)
ptolemy.util.test.WatchDog.cancel(): canceling Sun Feb 02 07:01:47 UTC 2020
------------------ testing $PTII/ptolemy/domains/de/test/auto/Modal7.xml
auto.tcl: Setting watchdog for 200 seconds at Sun Feb 02 07:01:47 UTC 2020
15 ms. Memory: 51200K Free: 22796K (45%)
ptolemy.util.test.WatchDog.cancel(): canceling Sun Feb 02 07:01:47 UTC 2020
auto.tcl: Setting watchdog for 200 seconds at Sun Feb 02 07:01:47 UTC 2020
11 ms. Memory: 51200K Free: 19486K (38%)
ptolemy.util.test.WatchDog.cancel(): canceling Sun Feb 02 07:01:47 UTC 2020
------------------ testing $PTII/ptolemy/domains/de/test/auto/ModalModel.xml
auto.tcl: Setting watchdog for 200 seconds at Sun Feb 02 07:01:47 UTC 2020
233 ms. Memory: 51200K Free: 13174K (26%)
ptolemy.util.test.WatchDog.cancel(): canceling Sun Feb 02 07:01:48 UTC 2020
auto.tcl: Setting watchdog for 200 seconds at Sun Feb 02 07:01:48 UTC 2020
223 ms. Memory: 61440K Free: 41825K (68%)
ptolemy.util.test.WatchDog.cancel(): canceling Sun Feb 02 07:01:48 UTC 2020
------------------ testing $PTII/ptolemy/domains/de/test/auto/ModalSource.xml
auto.tcl: Setting watchdog for 200 seconds at Sun Feb 02 07:01:48 UTC 2020
5 ms. Memory: 51200K Free: 27877K (54%)
ptolemy.util.test.WatchDog.cancel(): canceling Sun Feb 02 07:01:48 UTC 2020
auto.tcl: Setting watchdog for 200 seconds at Sun Feb 02 07:01:48 UTC 2020
5 ms. Memory: 51200K Free: 25829K (50%)
ptolemy.util.test.WatchDog.cancel(): canceling Sun Feb 02 07:01:48 UTC 2020
------------------ testing $PTII/ptolemy/domains/de/test/auto/NonInterruptibleTimerZeroDelay.xml
auto.tcl: Setting watchdog for 200 seconds at Sun Feb 02 07:01:48 UTC 2020
2 ms. Memory: 51200K Free: 33061K (65%)
ptolemy.util.test.WatchDog.cancel(): canceling Sun Feb 02 07:01:48 UTC 2020
auto.tcl: Setting watchdog for 200 seconds at Sun Feb 02 07:01:48 UTC 2020
2 ms. Memory: 51200K Free: 32185K (63%)
ptolemy.util.test.WatchDog.cancel(): canceling Sun Feb 02 07:01:48 UTC 2020
------------------ testing $PTII/ptolemy/domains/de/test/auto/OpenQueueingNetwork.xml
auto.tcl: Setting watchdog for 200 seconds at Sun Feb 02 07:01:48 UTC 2020
3104 ms. Memory: 119808K Free: 100607K (84%)
ptolemy.util.test.WatchDog.cancel(): canceling Sun Feb 02 07:01:51 UTC 2020
auto.tcl: Setting watchdog for 200 seconds at Sun Feb 02 07:01:51 UTC 2020
2663 ms. Memory: 144384K Free: 116432K (81%)
ptolemy.util.test.WatchDog.cancel(): canceling Sun Feb 02 07:01:54 UTC 2020
------------------ testing $PTII/ptolemy/domains/de/test/auto/OpenQueuingNetwork.xml
auto.tcl: Setting watchdog for 200 seconds at Sun Feb 02 07:01:54 UTC 2020
247 ms. Memory: 70656K Free: 44189K (63%)
ptolemy.util.test.WatchDog.cancel(): canceling Sun Feb 02 07:01:54 UTC 2020
auto.tcl: Setting watchdog for 200 seconds at Sun Feb 02 07:01:54 UTC 2020
216 ms. Memory: 70656K Free: 32391K (46%)
ptolemy.util.test.WatchDog.cancel(): canceling Sun Feb 02 07:01:54 UTC 2020
------------------ testing $PTII/ptolemy/domains/de/test/auto/PeriodicSampler.xml
auto.tcl: Setting watchdog for 200 seconds at Sun Feb 02 07:01:55 UTC 2020
2 ms. Memory: 55296K Free: 36108K (65%)
ptolemy.util.test.WatchDog.cancel(): canceling Sun Feb 02 07:01:55 UTC 2020
auto.tcl: Setting watchdog for 200 seconds at Sun Feb 02 07:01:55 UTC 2020
2 ms. Memory: 55296K Free: 35564K (64%)
ptolemy.util.test.WatchDog.cancel(): canceling Sun Feb 02 07:01:55 UTC 2020
------------------ testing $PTII/ptolemy/domains/de/test/auto/PersistentIO.xml
auto.tcl: Setting watchdog for 200 seconds at Sun Feb 02 07:01:55 UTC 2020
16 ms. Memory: 51200K Free: 26937K (53%)
ptolemy.util.test.WatchDog.cancel(): canceling Sun Feb 02 07:01:55 UTC 2020
auto.tcl: Setting watchdog for 200 seconds at Sun Feb 02 07:01:55 UTC 2020
3 ms. Memory: 51200K Free: 25417K (50%)
ptolemy.util.test.WatchDog.cancel(): canceling Sun Feb 02 07:01:55 UTC 2020
------------------ testing $PTII/ptolemy/domains/de/test/auto/PortParameterResetOnInitialize.xml
auto.tcl: Setting watchdog for 200 seconds at Sun Feb 02 07:01:55 UTC 2020
6 ms. Memory: 51200K Free: 32109K (63%)
ptolemy.util.test.WatchDog.cancel(): canceling Sun Feb 02 07:01:55 UTC 2020
auto.tcl: Setting watchdog for 200 seconds at Sun Feb 02 07:01:55 UTC 2020
2 ms. Memory: 51200K Free: 31597K (62%)
ptolemy.util.test.WatchDog.cancel(): canceling Sun Feb 02 07:01:55 UTC 2020
------------------ testing $PTII/ptolemy/domains/de/test/auto/PortParameterUpdates.xml
auto.tcl: Setting watchdog for 200 seconds at Sun Feb 02 07:01:55 UTC 2020
6 ms. Memory: 51200K Free: 30220K (59%)
ptolemy.util.test.WatchDog.cancel(): canceling Sun Feb 02 07:01:55 UTC 2020
auto.tcl: Setting watchdog for 200 seconds at Sun Feb 02 07:01:55 UTC 2020
2 ms. Memory: 51200K Free: 28992K (57%)
ptolemy.util.test.WatchDog.cancel(): canceling Sun Feb 02 07:01:55 UTC 2020
------------------ testing $PTII/ptolemy/domains/de/test/auto/QueueAndServer.xml
auto.tcl: Setting watchdog for 200 seconds at Sun Feb 02 07:01:55 UTC 2020
5 ms. Memory: 51200K Free: 28877K (56%)
ptolemy.util.test.WatchDog.cancel(): canceling Sun Feb 02 07:01:55 UTC 2020
auto.tcl: Setting watchdog for 200 seconds at Sun Feb 02 07:01:55 UTC 2020
5 ms. Memory: 51200K Free: 27425K (54%)
ptolemy.util.test.WatchDog.cancel(): canceling Sun Feb 02 07:01:55 UTC 2020
------------------ testing $PTII/ptolemy/domains/de/test/auto/Records.xml
auto.tcl: Setting watchdog for 200 seconds at Sun Feb 02 07:01:55 UTC 2020
4 ms. Memory: 51200K Free: 31165K (61%)
ptolemy.util.test.WatchDog.cancel(): canceling Sun Feb 02 07:01:55 UTC 2020
auto.tcl: Setting watchdog for 200 seconds at Sun Feb 02 07:01:55 UTC 2020
2 ms. Memory: 51200K Free: 30653K (60%)
ptolemy.util.test.WatchDog.cancel(): canceling Sun Feb 02 07:01:55 UTC 2020
------------------ testing $PTII/ptolemy/domains/de/test/auto/ResetTransitionWithStartTime1.xml
auto.tcl: Setting watchdog for 200 seconds at Sun Feb 02 07:01:55 UTC 2020
13 ms. Memory: 51200K Free: 28420K (56%)
ptolemy.util.test.WatchDog.cancel(): canceling Sun Feb 02 07:01:55 UTC 2020
auto.tcl: Setting watchdog for 200 seconds at Sun Feb 02 07:01:55 UTC 2020
7 ms. Memory: 51200K Free: 26372K (52%)
ptolemy.util.test.WatchDog.cancel(): canceling Sun Feb 02 07:01:55 UTC 2020
------------------ testing $PTII/ptolemy/domains/de/test/auto/ResetTransitionWithStartTime2.xml
auto.tcl: Setting watchdog for 200 seconds at Sun Feb 02 07:01:55 UTC 2020
6 ms. Memory: 51200K Free: 28375K (55%)
ptolemy.util.test.WatchDog.cancel(): canceling Sun Feb 02 07:01:55 UTC 2020
auto.tcl: Setting watchdog for 200 seconds at Sun Feb 02 07:01:55 UTC 2020
6 ms. Memory: 51200K Free: 26327K (51%)
ptolemy.util.test.WatchDog.cancel(): canceling Sun Feb 02 07:01:55 UTC 2020
------------------ testing $PTII/ptolemy/domains/de/test/auto/ResetTransitionWithStartTime3.xml
auto.tcl: Setting watchdog for 200 seconds at Sun Feb 02 07:01:55 UTC 2020
9 ms. Memory: 51200K Free: 28411K (55%)
ptolemy.util.test.WatchDog.cancel(): canceling Sun Feb 02 07:01:55 UTC 2020
auto.tcl: Setting watchdog for 200 seconds at Sun Feb 02 07:01:55 UTC 2020
8 ms. Memory: 51200K Free: 26326K (51%)
ptolemy.util.test.WatchDog.cancel(): canceling Sun Feb 02 07:01:55 UTC 2020
------------------ testing $PTII/ptolemy/domains/de/test/auto/ResetTransitionWithStartTime4.xml
auto.tcl: Setting watchdog for 200 seconds at Sun Feb 02 07:01:55 UTC 2020
10 ms. Memory: 51200K Free: 28801K (56%)
ptolemy.util.test.WatchDog.cancel(): canceling Sun Feb 02 07:01:55 UTC 2020
auto.tcl: Setting watchdog for 200 seconds at Sun Feb 02 07:01:55 UTC 2020
4 ms. Memory: 51200K Free: 27349K (53%)
ptolemy.util.test.WatchDog.cancel(): canceling Sun Feb 02 07:01:55 UTC 2020
------------------ testing $PTII/ptolemy/domains/de/test/auto/ResettableTimer1.xml
auto.tcl: Setting watchdog for 200 seconds at Sun Feb 02 07:01:55 UTC 2020
4 ms. Memory: 51200K Free: 32550K (64%)
ptolemy.util.test.WatchDog.cancel(): canceling Sun Feb 02 07:01:55 UTC 2020
auto.tcl: Setting watchdog for 200 seconds at Sun Feb 02 07:01:55 UTC 2020
2 ms. Memory: 51200K Free: 31923K (62%)
ptolemy.util.test.WatchDog.cancel(): canceling Sun Feb 02 07:01:55 UTC 2020
------------------ testing $PTII/ptolemy/domains/de/test/auto/ResettableTimer2.xml
auto.tcl: Setting watchdog for 200 seconds at Sun Feb 02 07:01:55 UTC 2020
3 ms. Memory: 51200K Free: 32606K (64%)
ptolemy.util.test.WatchDog.cancel(): canceling Sun Feb 02 07:01:55 UTC 2020
auto.tcl: Setting watchdog for 200 seconds at Sun Feb 02 07:01:55 UTC 2020
3 ms. Memory: 51200K Free: 31979K (62%)
ptolemy.util.test.WatchDog.cancel(): canceling Sun Feb 02 07:01:55 UTC 2020
------------------ testing $PTII/ptolemy/domains/de/test/auto/ResettableTimer3.xml
auto.tcl: Setting watchdog for 200 seconds at Sun Feb 02 07:01:55 UTC 2020
1 ms. Memory: 51200K Free: 33017K (64%)
ptolemy.util.test.WatchDog.cancel(): canceling Sun Feb 02 07:01:55 UTC 2020
auto.tcl: Setting watchdog for 200 seconds at Sun Feb 02 07:01:55 UTC 2020
1 ms. Memory: 51200K Free: 32507K (63%)
ptolemy.util.test.WatchDog.cancel(): canceling Sun Feb 02 07:01:55 UTC 2020
------------------ testing $PTII/ptolemy/domains/de/test/auto/ResettableTimer4.xml
auto.tcl: Setting watchdog for 200 seconds at Sun Feb 02 07:01:55 UTC 2020
1 ms. Memory: 51200K Free: 32521K (64%)
ptolemy.util.test.WatchDog.cancel(): canceling Sun Feb 02 07:01:55 UTC 2020
auto.tcl: Setting watchdog for 200 seconds at Sun Feb 02 07:01:55 UTC 2020
1 ms. Memory: 51200K Free: 32007K (63%)
ptolemy.util.test.WatchDog.cancel(): canceling Sun Feb 02 07:01:55 UTC 2020
------------------ testing $PTII/ptolemy/domains/de/test/auto/ResettableTimer5.xml
auto.tcl: Setting watchdog for 200 seconds at Sun Feb 02 07:01:55 UTC 2020
2 ms. Memory: 51200K Free: 32005K (63%)
ptolemy.util.test.WatchDog.cancel(): canceling Sun Feb 02 07:01:55 UTC 2020
auto.tcl: Setting watchdog for 200 seconds at Sun Feb 02 07:01:55 UTC 2020
1 ms. Memory: 51200K Free: 32005K (63%)
ptolemy.util.test.WatchDog.cancel(): canceling Sun Feb 02 07:01:55 UTC 2020
------------------ testing $PTII/ptolemy/domains/de/test/auto/ResettableTimer6.xml
auto.tcl: Setting watchdog for 200 seconds at Sun Feb 02 07:01:55 UTC 2020
2 ms. Memory: 51200K Free: 31995K (62%)
ptolemy.util.test.WatchDog.cancel(): canceling Sun Feb 02 07:01:56 UTC 2020
auto.tcl: Setting watchdog for 200 seconds at Sun Feb 02 07:01:56 UTC 2020
1 ms. Memory: 51200K Free: 31485K (61%)
ptolemy.util.test.WatchDog.cancel(): canceling Sun Feb 02 07:01:56 UTC 2020
------------------ testing $PTII/ptolemy/domains/de/test/auto/ServerZeroDelay.xml
auto.tcl: Setting watchdog for 200 seconds at Sun Feb 02 07:01:56 UTC 2020
2 ms. Memory: 51200K Free: 32501K (63%)
ptolemy.util.test.WatchDog.cancel(): canceling Sun Feb 02 07:01:56 UTC 2020
auto.tcl: Setting watchdog for 200 seconds at Sun Feb 02 07:01:56 UTC 2020
3 ms. Memory: 51200K Free: 31477K (61%)
ptolemy.util.test.WatchDog.cancel(): canceling Sun Feb 02 07:01:56 UTC 2020
------------------ testing $PTII/ptolemy/domains/de/test/auto/SmartSender.xml
auto.tcl: Setting watchdog for 200 seconds at Sun Feb 02 07:01:56 UTC 2020
3000 ms. Memory: 51200K Free: 32495K (63%)
ptolemy.util.test.WatchDog.cancel(): canceling Sun Feb 02 07:01:59 UTC 2020
auto.tcl: Setting watchdog for 200 seconds at Sun Feb 02 07:01:59 UTC 2020
3001 ms. Memory: 51200K Free: 31967K (62%)
ptolemy.util.test.WatchDog.cancel(): canceling Sun Feb 02 07:02:02 UTC 2020
------------------ testing $PTII/ptolemy/domains/de/test/auto/ThreadedComposite.xml
auto.tcl: Setting watchdog for 200 seconds at Sun Feb 02 07:02:02 UTC 2020
158 ms. Memory: 51200K Free: 14077K (27%)
ptolemy.util.test.WatchDog.cancel(): canceling Sun Feb 02 07:02:02 UTC 2020
auto.tcl: Setting watchdog for 200 seconds at Sun Feb 02 07:02:02 UTC 2020
142 ms. Memory: 51200K Free: 30534K (60%)
ptolemy.util.test.WatchDog.cancel(): canceling Sun Feb 02 07:02:02 UTC 2020
------------------ testing $PTII/ptolemy/domains/de/test/auto/Time.xml
auto.tcl: Setting watchdog for 200 seconds at Sun Feb 02 07:02:02 UTC 2020
532 ms. Memory: 51200K Free: 35702K (70%)
ptolemy.util.test.WatchDog.cancel(): canceling Sun Feb 02 07:02:03 UTC 2020
auto.tcl: Setting watchdog for 200 seconds at Sun Feb 02 07:02:03 UTC 2020
559 ms. Memory: 51200K Free: 9543K (19%)
ptolemy.util.test.WatchDog.cancel(): canceling Sun Feb 02 07:02:03 UTC 2020
------------------ testing $PTII/ptolemy/domains/de/test/auto/TimeDelayZeroDelay.xml
auto.tcl: Setting watchdog for 200 seconds at Sun Feb 02 07:02:03 UTC 2020
3 ms. Memory: 51200K Free: 32425K (63%)
ptolemy.util.test.WatchDog.cancel(): canceling Sun Feb 02 07:02:03 UTC 2020
auto.tcl: Setting watchdog for 200 seconds at Sun Feb 02 07:02:03 UTC 2020
1 ms. Memory: 51200K Free: 31957K (62%)
ptolemy.util.test.WatchDog.cancel(): canceling Sun Feb 02 07:02:03 UTC 2020
------------------ testing $PTII/ptolemy/domains/de/test/auto/TimerZeroDelay.xml
auto.tcl: Setting watchdog for 200 seconds at Sun Feb 02 07:02:03 UTC 2020
2 ms. Memory: 51200K Free: 32550K (64%)
ptolemy.util.test.WatchDog.cancel(): canceling Sun Feb 02 07:02:03 UTC 2020
auto.tcl: Setting watchdog for 200 seconds at Sun Feb 02 07:02:03 UTC 2020
2 ms. Memory: 51200K Free: 31970K (62%)
ptolemy.util.test.WatchDog.cancel(): canceling Sun Feb 02 07:02:03 UTC 2020
------------------ testing $PTII/ptolemy/domains/de/test/auto/TimingParadox.xml
auto.tcl: Setting watchdog for 200 seconds at Sun Feb 02 07:02:03 UTC 2020
357 ms. Memory: 51200K Free: 19072K (37%)
ptolemy.util.test.WatchDog.cancel(): canceling Sun Feb 02 07:02:04 UTC 2020
auto.tcl: Setting watchdog for 200 seconds at Sun Feb 02 07:02:04 UTC 2020
379 ms. Memory: 51200K Free: 34689K (68%)
ptolemy.util.test.WatchDog.cancel(): canceling Sun Feb 02 07:02:04 UTC 2020
------------------ testing $PTII/ptolemy/domains/de/test/auto/TransferInputs.xml
auto.tcl: Setting watchdog for 200 seconds at Sun Feb 02 07:02:04 UTC 2020
1 ms. Memory: 51200K Free: 30919K (60%)
ptolemy.util.test.WatchDog.cancel(): canceling Sun Feb 02 07:02:04 UTC 2020
auto.tcl: Setting watchdog for 200 seconds at Sun Feb 02 07:02:04 UTC 2020
1 ms. Memory: 51200K Free: 30053K (59%)
ptolemy.util.test.WatchDog.cancel(): canceling Sun Feb 02 07:02:04 UTC 2020
------------------ testing $PTII/ptolemy/domains/de/test/auto/TransferOutputs2.xml
auto.tcl: Setting watchdog for 200 seconds at Sun Feb 02 07:02:04 UTC 2020
3 ms. Memory: 51200K Free: 28378K (55%)
ptolemy.util.test.WatchDog.cancel(): canceling Sun Feb 02 07:02:04 UTC 2020
auto.tcl: Setting watchdog for 200 seconds at Sun Feb 02 07:02:04 UTC 2020
3 ms. Memory: 51200K Free: 26931K (53%)
ptolemy.util.test.WatchDog.cancel(): canceling Sun Feb 02 07:02:04 UTC 2020
------------------ testing $PTII/ptolemy/domains/de/test/auto/Trilateration.xml
auto.tcl: Setting watchdog for 200 seconds at Sun Feb 02 07:02:04 UTC 2020
14040 ms. Memory: 562176K Free: 484571K (86%)
ptolemy.util.test.WatchDog.cancel(): canceling Sun Feb 02 07:02:19 UTC 2020
auto.tcl: Setting watchdog for 200 seconds at Sun Feb 02 07:02:19 UTC 2020
9953 ms. Memory: 562176K Free: 517208K (92%)
ptolemy.util.test.WatchDog.cancel(): canceling Sun Feb 02 07:02:29 UTC 2020
------------------ testing $PTII/ptolemy/domains/de/test/auto/TwoSigmaDelta.xml
auto.tcl: Setting watchdog for 200 seconds at Sun Feb 02 07:02:29 UTC 2020
2351 ms. Memory: 92160K Free: 35715K (39%)
ptolemy.util.test.WatchDog.cancel(): canceling Sun Feb 02 07:02:32 UTC 2020
auto.tcl: Setting watchdog for 200 seconds at Sun Feb 02 07:02:32 UTC 2020
1572 ms. Memory: 92160K Free: 37794K (41%)
ptolemy.util.test.WatchDog.cancel(): canceling Sun Feb 02 07:02:33 UTC 2020
------------------ testing $PTII/ptolemy/domains/de/test/auto/VariableDelay.xml
auto.tcl: Setting watchdog for 200 seconds at Sun Feb 02 07:02:34 UTC 2020
2 ms. Memory: 55296K Free: 35528K (64%)
ptolemy.util.test.WatchDog.cancel(): canceling Sun Feb 02 07:02:34 UTC 2020
auto.tcl: Setting watchdog for 200 seconds at Sun Feb 02 07:02:34 UTC 2020
1 ms. Memory: 55296K Free: 34488K (62%)
ptolemy.util.test.WatchDog.cancel(): canceling Sun Feb 02 07:02:34 UTC 2020
------------------ testing $PTII/ptolemy/domains/de/test/auto/VariableDelay2.xml
auto.tcl: Setting watchdog for 200 seconds at Sun Feb 02 07:02:34 UTC 2020
2 ms. Memory: 51200K Free: 32030K (63%)
ptolemy.util.test.WatchDog.cancel(): canceling Sun Feb 02 07:02:34 UTC 2020
auto.tcl: Setting watchdog for 200 seconds at Sun Feb 02 07:02:34 UTC 2020
1 ms. Memory: 51200K Free: 31518K (62%)
ptolemy.util.test.WatchDog.cancel(): canceling Sun Feb 02 07:02:34 UTC 2020
------------------ testing $PTII/ptolemy/domains/de/test/auto/VariableDelayZeroDelay.xml
auto.tcl: Setting watchdog for 200 seconds at Sun Feb 02 07:02:34 UTC 2020
3 ms. Memory: 51200K Free: 32358K (63%)
ptolemy.util.test.WatchDog.cancel(): canceling Sun Feb 02 07:02:34 UTC 2020
auto.tcl: Setting watchdog for 200 seconds at Sun Feb 02 07:02:34 UTC 2020
2 ms. Memory: 51200K Free: 31844K (62%)
ptolemy.util.test.WatchDog.cancel(): canceling Sun Feb 02 07:02:34 UTC 2020
------------------ testing $PTII/ptolemy/domains/de/test/auto/VariableDelayZeroDelay2.xml
auto.tcl: Setting watchdog for 200 seconds at Sun Feb 02 07:02:34 UTC 2020
4 ms. Memory: 51200K Free: 32356K (63%)
ptolemy.util.test.WatchDog.cancel(): canceling Sun Feb 02 07:02:34 UTC 2020
auto.tcl: Setting watchdog for 200 seconds at Sun Feb 02 07:02:34 UTC 2020
1 ms. Memory: 51200K Free: 31332K (61%)
ptolemy.util.test.WatchDog.cancel(): canceling Sun Feb 02 07:02:34 UTC 2020
------------------ testing $PTII/ptolemy/domains/de/test/auto/deInCt.xml
auto.tcl: Setting watchdog for 200 seconds at Sun Feb 02 07:02:34 UTC 2020
0
1
1
1
0
0
0
1
1
1
1
1
0
0
0
0
0
1
1
1
0
0
0
1
1
1
0
0
0
1
1
1
1
0
0
0
1
1
1
1
1
13 ms. Memory: 51200K Free: 31329K (61%)
ptolemy.util.test.WatchDog.cancel(): canceling Sun Feb 02 07:02:34 UTC 2020
auto.tcl: Setting watchdog for 200 seconds at Sun Feb 02 07:02:34 UTC 2020
0
1
1
1
1
0
0
0
0
0
1
1
1
1
1
1
0
0
0
0
1
1
0
0
0
0
0
4 ms. Memory: 51200K Free: 29791K (58%)
ptolemy.util.test.WatchDog.cancel(): canceling Sun Feb 02 07:02:34 UTC 2020
------------------ testing $PTII/ptolemy/domains/de/test/auto/deInCt2.xml
auto.tcl: Setting watchdog for 200 seconds at Sun Feb 02 07:02:34 UTC 2020
0
1
1
1
0
0
1
1
1
0
0
1
1
1
0
0
1
1
1
0
0
1
1
1
0
0
1
1
1
0
0
1
1
1
0
0
1
1
1
0
0
0
7 ms. Memory: 51200K Free: 31331K (61%)
ptolemy.util.test.WatchDog.cancel(): canceling Sun Feb 02 07:02:34 UTC 2020
auto.tcl: Setting watchdog for 200 seconds at Sun Feb 02 07:02:34 UTC 2020
0
1
1
1
0
0
1
1
1
0
0
1
1
1
0
0
1
1
1
0
0
1
1
1
0
0
1
1
1
0
0
1
1
1
0
0
1
1
1
0
0
0
4 ms. Memory: 51200K Free: 29779K (58%)
ptolemy.util.test.WatchDog.cancel(): canceling Sun Feb 02 07:02:34 UTC 2020
------------------ testing $PTII/ptolemy/domains/de/test/auto/dynamicCausalityInterface1.xml
auto.tcl: Setting watchdog for 200 seconds at Sun Feb 02 07:02:34 UTC 2020
6 ms. Memory: 51200K Free: 27230K (53%)
ptolemy.util.test.WatchDog.cancel(): canceling Sun Feb 02 07:02:34 UTC 2020
auto.tcl: Setting watchdog for 200 seconds at Sun Feb 02 07:02:34 UTC 2020
1 ms. Memory: 51200K Free: 26687K (52%)
ptolemy.util.test.WatchDog.cancel(): canceling Sun Feb 02 07:02:34 UTC 2020
------------------ testing $PTII/ptolemy/domains/de/test/auto/fsm_de_test.xml
auto.tcl: Setting watchdog for 200 seconds at Sun Feb 02 07:02:34 UTC 2020
7 ms. Memory: 51200K Free: 27128K (53%)
ptolemy.util.test.WatchDog.cancel(): canceling Sun Feb 02 07:02:34 UTC 2020
auto.tcl: Setting watchdog for 200 seconds at Sun Feb 02 07:02:34 UTC 2020
5 ms. Memory: 51200K Free: 25080K (49%)
ptolemy.util.test.WatchDog.cancel(): canceling Sun Feb 02 07:02:34 UTC 2020
------------------ testing $PTII/ptolemy/domains/de/test/auto/functionDependencyReconstruction.xml
auto.tcl: Setting watchdog for 200 seconds at Sun Feb 02 07:02:34 UTC 2020
3 ms. Memory: 51200K Free: 20974K (41%)
ptolemy.util.test.WatchDog.cancel(): canceling Sun Feb 02 07:02:34 UTC 2020
auto.tcl: Setting watchdog for 200 seconds at Sun Feb 02 07:02:34 UTC 2020
3 ms. Memory: 51200K Free: 18926K (37%)
ptolemy.util.test.WatchDog.cancel(): canceling Sun Feb 02 07:02:34 UTC 2020
------------------ testing $PTII/ptolemy/domains/de/test/auto/multirate.xml
auto.tcl: Setting watchdog for 200 seconds at Sun Feb 02 07:02:34 UTC 2020
4 ms. Memory: 51200K Free: 29770K (58%)
ptolemy.util.test.WatchDog.cancel(): canceling Sun Feb 02 07:02:34 UTC 2020
auto.tcl: Setting watchdog for 200 seconds at Sun Feb 02 07:02:34 UTC 2020
4 ms. Memory: 51200K Free: 28525K (56%)
ptolemy.util.test.WatchDog.cancel(): canceling Sun Feb 02 07:02:34 UTC 2020
------------------ testing $PTII/ptolemy/domains/de/test/auto/multirate2.xml
auto.tcl: Setting watchdog for 200 seconds at Sun Feb 02 07:02:34 UTC 2020
3 ms. Memory: 51200K Free: 29725K (58%)
ptolemy.util.test.WatchDog.cancel(): canceling Sun Feb 02 07:02:34 UTC 2020
auto.tcl: Setting watchdog for 200 seconds at Sun Feb 02 07:02:34 UTC 2020
3 ms. Memory: 51200K Free: 28205K (55%)
ptolemy.util.test.WatchDog.cancel(): canceling Sun Feb 02 07:02:34 UTC 2020
------------------ testing $PTII/ptolemy/domains/de/test/auto/realtime.xml
auto.tcl: Setting watchdog for 200 seconds at Sun Feb 02 07:02:34 UTC 2020
10001 ms. Memory: 51200K Free: 32000K (63%)
ptolemy.util.test.WatchDog.cancel(): canceling Sun Feb 02 07:02:44 UTC 2020
auto.tcl: Setting watchdog for 200 seconds at Sun Feb 02 07:02:44 UTC 2020
10001 ms. Memory: 51200K Free: 31488K (62%)
ptolemy.util.test.WatchDog.cancel(): canceling Sun Feb 02 07:02:54 UTC 2020
------------------ testing $PTII/ptolemy/domains/de/test/auto/relationGroup.xml
auto.tcl: Setting watchdog for 200 seconds at Sun Feb 02 07:02:54 UTC 2020
2 ms. Memory: 51200K Free: 33081K (65%)
ptolemy.util.test.WatchDog.cancel(): canceling Sun Feb 02 07:02:54 UTC 2020
auto.tcl: Setting watchdog for 200 seconds at Sun Feb 02 07:02:54 UTC 2020
2 ms. Memory: 51200K Free: 32569K (64%)
ptolemy.util.test.WatchDog.cancel(): canceling Sun Feb 02 07:02:54 UTC 2020
------------------ testing $PTII/ptolemy/domains/de/test/auto/relationGroup2.xml
auto.tcl: Setting watchdog for 200 seconds at Sun Feb 02 07:02:54 UTC 2020
1 ms. Memory: 51200K Free: 32892K (64%)
ptolemy.util.test.WatchDog.cancel(): canceling Sun Feb 02 07:02:54 UTC 2020
auto.tcl: Setting watchdog for 200 seconds at Sun Feb 02 07:02:54 UTC 2020
1 ms. Memory: 51200K Free: 32382K (63%)
ptolemy.util.test.WatchDog.cancel(): canceling Sun Feb 02 07:02:54 UTC 2020
------------------ testing $PTII/ptolemy/domains/de/test/auto/sortWithOpaquePorts.xml
auto.tcl: Setting watchdog for 200 seconds at Sun Feb 02 07:02:54 UTC 2020
1 ms. Memory: 51200K Free: 32382K (63%)
ptolemy.util.test.WatchDog.cancel(): canceling Sun Feb 02 07:02:54 UTC 2020
auto.tcl: Setting watchdog for 200 seconds at Sun Feb 02 07:02:54 UTC 2020
2 ms. Memory: 51200K Free: 30844K (60%)
ptolemy.util.test.WatchDog.cancel(): canceling Sun Feb 02 07:02:54 UTC 2020
------------------ testing $PTII/ptolemy/domains/de/test/auto/transferInputsandOutputs.xml
auto.tcl: Setting watchdog for 200 seconds at Sun Feb 02 07:02:54 UTC 2020
2 ms. Memory: 51200K Free: 29298K (57%)
ptolemy.util.test.WatchDog.cancel(): canceling Sun Feb 02 07:02:54 UTC 2020
auto.tcl: Setting watchdog for 200 seconds at Sun Feb 02 07:02:54 UTC 2020
2 ms. Memory: 51200K Free: 28274K (55%)
ptolemy.util.test.WatchDog.cancel(): canceling Sun Feb 02 07:02:54 UTC 2020
------------------ testing $PTII/ptolemy/domains/de/test/auto/triggerType.xml
auto.tcl: Setting watchdog for 200 seconds at Sun Feb 02 07:02:54 UTC 2020
1 ms. Memory: 51200K Free: 32323K (63%)
ptolemy.util.test.WatchDog.cancel(): canceling Sun Feb 02 07:02:54 UTC 2020
auto.tcl: Setting watchdog for 200 seconds at Sun Feb 02 07:02:55 UTC 2020
2 ms. Memory: 51200K Free: 31299K (61%)
ptolemy.util.test.WatchDog.cancel(): canceling Sun Feb 02 07:02:55 UTC 2020
02/02/20 07:02:55
Failed: 0  Total Tests: 192  ((Passed: 187, Newly Passed: 1)  Known Failed: 5) /home/travis/build/icyphy/ptII/ptolemy/domains/de/test
02/02/20 07:02:55
Failed: 0  Total Tests: 192  ((Passed: 187, Newly Passed: 1)  Known Failed: 5) /home/travis/build/icyphy/ptII/ptolemy/domains/de/test
----------------- testing (KnownFailure) /home/travis/build/icyphy/ptII/ptolemy/domains/de/test/auto/knownFailedTests/DESDFClockTest.xml
2011 ms. Memory: 51200K Free: 25718K (50%)
Known Failure: java.lang.reflect.InvocationTargetException
----------------- testing (KnownFailure) /home/travis/build/icyphy/ptII/ptolemy/domains/de/test/auto/knownFailedTests/DirectFeedback.xml
1 ms. Memory: 51200K Free: 22136K (43%)
Known Failure: java.lang.reflect.InvocationTargetException
----------------- testing (KnownFailure) /home/travis/build/icyphy/ptII/ptolemy/domains/de/test/auto/knownFailedTests/FSMSource.xml
7 ms. Memory: 51200K Free: 14440K (28%)
----------------- testing (KnownFailure) /home/travis/build/icyphy/ptII/ptolemy/domains/de/test/auto/knownFailedTests/HierarchicalModel.xml
3 ms. Memory: 51200K Free: 27775K (54%)
Known Failure: java.lang.reflect.InvocationTargetException
----------------- testing (KnownFailure) /home/travis/build/icyphy/ptII/ptolemy/domains/de/test/auto/knownFailedTests/dependencyLoop.xml
2 ms. Memory: 51200K Free: 12507K (24%)
Known Failure: java.lang.reflect.InvocationTargetException
----------------- testing (KnownFailure) /home/travis/build/icyphy/ptII/ptolemy/domains/de/test/auto/knownFailedTests/dependencyLoop2.xml
6 ms. Memory: 51200K Free: 26130K (51%)
Known Failure: java.lang.reflect.InvocationTargetException
No auto/linux-amd64/*.xml tests in /home/travis/build/icyphy/ptII/ptolemy/domains/de/test
AutoTests.java: About to close Vertx.
AutoTests.java: Vertx closed.

===========================================================================================
----------------- testing Sun Feb 02 07:02:57 UTC 2020 /home/travis/build/icyphy/ptII/ptolemy/domains/de/test/auto/ActorDepthCalculation_actorWithoutPorts.xml
----------------- Instantiating /home/travis/build/icyphy/ptII/ptolemy/domains/de/test/auto/ActorDepthCalculation_actorWithoutPorts.xml
1 ms. Memory: 51200K Free: 19265K (38%)
----------------- Invoking toplevel() on ptolemy.moml.MoMLSimpleApplication@2d66b587
----------------- Done invoking toplevel() on ptolemy.moml.MoMLSimpleApplication@2d66b587
reloadAllAccessors: .ActorDepthCalculation_actorWithoutPorts

===========================================================================================
----------------- testing Sun Feb 02 07:02:57 UTC 2020 /home/travis/build/icyphy/ptII/ptolemy/domains/de/test/auto/AssemblyLine.xml
----------------- Instantiating /home/travis/build/icyphy/ptII/ptolemy/domains/de/test/auto/AssemblyLine.xml
2 ms. Memory: 51200K Free: 12127K (24%)
----------------- Invoking toplevel() on ptolemy.moml.MoMLSimpleApplication@3e810b4d
----------------- Done invoking toplevel() on ptolemy.moml.MoMLSimpleApplication@3e810b4d
reloadAllAccessors: .AssemblyLine

===========================================================================================
----------------- testing Sun Feb 02 07:02:57 UTC 2020 /home/travis/build/icyphy/ptII/ptolemy/domains/de/test/auto/CQBug1.xml
----------------- Instantiating /home/travis/build/icyphy/ptII/ptolemy/domains/de/test/auto/CQBug1.xml
1 ms. Memory: 51200K Free: 9344K (18%)
----------------- Invoking toplevel() on ptolemy.moml.MoMLSimpleApplication@7eb74d7f
----------------- Done invoking toplevel() on ptolemy.moml.MoMLSimpleApplication@7eb74d7f
reloadAllAccessors: .CQBug1

===========================================================================================
----------------- testing Sun Feb 02 07:02:57 UTC 2020 /home/travis/build/icyphy/ptII/ptolemy/domains/de/test/auto/CancelFireAt.xml
----------------- Instantiating /home/travis/build/icyphy/ptII/ptolemy/domains/de/test/auto/CancelFireAt.xml
8 ms. Memory: 51200K Free: 35987K (70%)
----------------- Invoking toplevel() on ptolemy.moml.MoMLSimpleApplication@66b15d0f
----------------- Done invoking toplevel() on ptolemy.moml.MoMLSimpleApplication@66b15d0f
reloadAllAccessors: .CancelFireAt

===========================================================================================
----------------- testing Sun Feb 02 07:02:57 UTC 2020 /home/travis/build/icyphy/ptII/ptolemy/domains/de/test/auto/CausalityAndComposabilityAnalysis.xml
----------------- Instantiating /home/travis/build/icyphy/ptII/ptolemy/domains/de/test/auto/CausalityAndComposabilityAnalysis.xml
2 ms. Memory: 51200K Free: 31763K (62%)
----------------- Invoking toplevel() on ptolemy.moml.MoMLSimpleApplication@5dfdbcd9
----------------- Done invoking toplevel() on ptolemy.moml.MoMLSimpleApplication@5dfdbcd9
reloadAllAccessors: .CausalityAndComposabilityAnalysis

===========================================================================================
----------------- testing Sun Feb 02 07:02:57 UTC 2020 /home/travis/build/icyphy/ptII/ptolemy/domains/de/test/auto/CausalityInterface1.xml
----------------- Instantiating /home/travis/build/icyphy/ptII/ptolemy/domains/de/test/auto/CausalityInterface1.xml
5 ms. Memory: 51200K Free: 26689K (52%)
----------------- Invoking toplevel() on ptolemy.moml.MoMLSimpleApplication@20041969
----------------- Done invoking toplevel() on ptolemy.moml.MoMLSimpleApplication@20041969
reloadAllAccessors: .CausalityInterface1

===========================================================================================
----------------- testing Sun Feb 02 07:02:57 UTC 2020 /home/travis/build/icyphy/ptII/ptolemy/domains/de/test/auto/CausalityInterface15.xml
----------------- Instantiating /home/travis/build/icyphy/ptII/ptolemy/domains/de/test/auto/CausalityInterface15.xml
2 ms. Memory: 51200K Free: 21332K (42%)
----------------- Invoking toplevel() on ptolemy.moml.MoMLSimpleApplication@7692a2ec
----------------- Done invoking toplevel() on ptolemy.moml.MoMLSimpleApplication@7692a2ec
reloadAllAccessors: .CausalityInterface15

===========================================================================================
----------------- testing Sun Feb 02 07:02:57 UTC 2020 /home/travis/build/icyphy/ptII/ptolemy/domains/de/test/auto/CausalityInterface2.xml
----------------- Instantiating /home/travis/build/icyphy/ptII/ptolemy/domains/de/test/auto/CausalityInterface2.xml
1 ms. Memory: 51200K Free: 16877K (33%)
[...]
	at ptolemy.actor.Manager.run(Manager.java:1263)
	at ptolemy.actor.Manager$PtolemyRunThread.run(Manager.java:1933)
java.lang.RuntimeException: Execution failed
	at ptolemy.moml.MoMLSimpleApplication$UnloadThread.run(MoMLSimpleApplication.java:402)
Caused by: ptolemy.kernel.util.IllegalActionException: Actor is not ready to fire.  Perhaps UpSample.prefire() returned false? Try debugging the actor by selecting "Listen to Actor".  Also, for SDF check moml for tokenConsumptionRate on input.
  in .DESDFClockTest.Play Bell.Copy1:SDF Director and .DESDFClockTest.Play Bell.UpSample
	at ptolemy.actor.sched.StaticSchedulingDirector.fire(StaticSchedulingDirector.java:227)
	at ptolemy.domains.sdf.kernel.SDFDirector.fire(SDFDirector.java:500)
	at ptolemy.actor.CompositeActor.fire(CompositeActor.java:455)
	at ptolemy.domains.de.kernel.DEDirector._fire(DEDirector.java:1949)
	at ptolemy.domains.de.kernel.DEDirector.fire(DEDirector.java:502)
	at ptolemy.actor.CompositeActor.fire(CompositeActor.java:455)
	at ptolemy.actor.Manager.iterate(Manager.java:851)
	at ptolemy.actor.Manager.execute(Manager.java:369)
	at ptolemy.actor.Manager.run(Manager.java:1263)
	at ptolemy.actor.Manager$PtolemyRunThread.run(Manager.java:1933)
java.lang.reflect.InvocationTargetException
	at java.base/jdk.internal.reflect.NativeConstructorAccessorImpl.newInstance0(Native Method)
	at java.base/jdk.internal.reflect.NativeConstructorAccessorImpl.newInstance(NativeConstructorAccessorImpl.java:62)
	at java.base/jdk.internal.reflect.DelegatingConstructorAccessorImpl.newInstance(DelegatingConstructorAccessorImpl.java:45)
	at java.base/java.lang.reflect.Constructor.newInstance(Constructor.java:490)
	at ptolemy.util.test.junit.AutoKnownFailedTests.RunModel(AutoKnownFailedTests.java:105)
	at java.base/jdk.internal.reflect.NativeMethodAccessorImpl.invoke0(Native Method)
	at java.base/jdk.internal.reflect.NativeMethodAccessorImpl.invoke(NativeMethodAccessorImpl.java:62)
	at java.base/jdk.internal.reflect.DelegatingMethodAccessorImpl.invoke(DelegatingMethodAccessorImpl.java:43)
	at java.base/java.lang.reflect.Method.invoke(Method.java:566)
	at org.junit.runners.model.FrameworkMethod$1.runReflectiveCall(FrameworkMethod.java:44)
	at org.junit.internal.runners.model.ReflectiveCallable.run(ReflectiveCallable.java:15)
	at org.junit.runners.model.FrameworkMethod.invokeExplosively(FrameworkMethod.java:41)
	at junitparams.internal.InvokeParameterisedMethod.evaluate(InvokeParameterisedMethod.java:102)
	at org.junit.internal.runners.statements.FailOnTimeout$1.run(FailOnTimeout.java:28)
Caused by: ptolemy.kernel.util.IllegalActionException: Actor is not ready to fire.  Perhaps UpSample.prefire() returned false? Try debugging the actor by selecting "Listen to Actor".  Also, for SDF check moml for tokenConsumptionRate on input.
  in .DESDFClockTest.Play Bell.Copy1:SDF Director and .DESDFClockTest.Play Bell.UpSample
	at ptolemy.actor.sched.StaticSchedulingDirector.fire(StaticSchedulingDirector.java:227)
	at ptolemy.domains.sdf.kernel.SDFDirector.fire(SDFDirector.java:500)
	at ptolemy.actor.CompositeActor.fire(CompositeActor.java:455)
	at ptolemy.domains.de.kernel.DEDirector._fire(DEDirector.java:1949)
	at ptolemy.domains.de.kernel.DEDirector.fire(DEDirector.java:502)
	at ptolemy.actor.CompositeActor.fire(CompositeActor.java:455)
	at ptolemy.actor.Manager.iterate(Manager.java:851)
	at ptolemy.actor.Manager.execute(Manager.java:369)
	at ptolemy.actor.Manager.run(Manager.java:1263)
	at ptolemy.actor.Manager$PtolemyRunThread.run(Manager.java:1933)
java.lang.RuntimeException: Execution failed
	at ptolemy.moml.MoMLSimpleApplication$UnloadThread.run(MoMLSimpleApplication.java:402)
Caused by: ptolemy.kernel.util.IllegalActionException: Test fails in iteration 1.
Value was: 1.0. Should have been: 2.0
  in .DirectFeedback.Test
	at ptolemy.actor.lib.Test.fire(Test.java:268)
	at ptolemy.domains.de.kernel.DEDirector._fire(DEDirector.java:1949)
	at ptolemy.domains.de.kernel.DEDirector.fire(DEDirector.java:502)
	at ptolemy.actor.CompositeActor.fire(CompositeActor.java:455)
	at ptolemy.actor.Manager.iterate(Manager.java:851)
	at ptolemy.actor.Manager.execute(Manager.java:369)
	at ptolemy.actor.Manager.run(Manager.java:1263)
	at ptolemy.actor.Manager$PtolemyRunThread.run(Manager.java:1933)
java.lang.reflect.InvocationTargetException
	at java.base/jdk.internal.reflect.NativeConstructorAccessorImpl.newInstance0(Native Method)
	at java.base/jdk.internal.reflect.NativeConstructorAccessorImpl.newInstance(NativeConstructorAccessorImpl.java:62)
	at java.base/jdk.internal.reflect.DelegatingConstructorAccessorImpl.newInstance(DelegatingConstructorAccessorImpl.java:45)
	at java.base/java.lang.reflect.Constructor.newInstance(Constructor.java:490)
	at ptolemy.util.test.junit.AutoKnownFailedTests.RunModel(AutoKnownFailedTests.java:105)
	at java.base/jdk.internal.reflect.NativeMethodAccessorImpl.invoke0(Native Method)
	at java.base/jdk.internal.reflect.NativeMethodAccessorImpl.invoke(NativeMethodAccessorImpl.java:62)
	at java.base/jdk.internal.reflect.DelegatingMethodAccessorImpl.invoke(DelegatingMethodAccessorImpl.java:43)
	at java.base/java.lang.reflect.Method.invoke(Method.java:566)
	at org.junit.runners.model.FrameworkMethod$1.runReflectiveCall(FrameworkMethod.java:44)
	at org.junit.internal.runners.model.ReflectiveCallable.run(ReflectiveCallable.java:15)
	at org.junit.runners.model.FrameworkMethod.invokeExplosively(FrameworkMethod.java:41)
	at junitparams.internal.InvokeParameterisedMethod.evaluate(InvokeParameterisedMethod.java:102)
	at org.junit.internal.runners.statements.FailOnTimeout$1.run(FailOnTimeout.java:28)
Caused by: ptolemy.kernel.util.IllegalActionException: Test fails in iteration 1.
Value was: 1.0. Should have been: 2.0
  in .DirectFeedback.Test
	at ptolemy.actor.lib.Test.fire(Test.java:268)
	at ptolemy.domains.de.kernel.DEDirector._fire(DEDirector.java:1949)
	at ptolemy.domains.de.kernel.DEDirector.fire(DEDirector.java:502)
	at ptolemy.actor.CompositeActor.fire(CompositeActor.java:455)
	at ptolemy.actor.Manager.iterate(Manager.java:851)
	at ptolemy.actor.Manager.execute(Manager.java:369)
	at ptolemy.actor.Manager.run(Manager.java:1263)
	at ptolemy.actor.Manager$PtolemyRunThread.run(Manager.java:1933)
java.lang.RuntimeException: Execution failed
	at ptolemy.moml.MoMLSimpleApplication$UnloadThread.run(MoMLSimpleApplication.java:402)
Caused by: ptolemy.kernel.util.IllegalActionException: Found a zero delay loop containing .HierarchicalModel.A
  in .HierarchicalModel and .HierarchicalModel.A
	at ptolemy.actor.util.CausalityInterfaceForComposites._computeOutputPortDepth(CausalityInterfaceForComposites.java:759)
	at ptolemy.actor.util.CausalityInterfaceForComposites._computeInputDepth(CausalityInterfaceForComposites.java:696)
	at ptolemy.actor.util.CausalityInterfaceForComposites._computeOutputPortDepth(CausalityInterfaceForComposites.java:765)
	at ptolemy.actor.util.CausalityInterfaceForComposites._computeInputDepth(CausalityInterfaceForComposites.java:696)
	at ptolemy.actor.util.CausalityInterfaceForComposites._computeOutputPortDepth(CausalityInterfaceForComposites.java:765)
	at ptolemy.actor.util.CausalityInterfaceForComposites._computeInputDepth(CausalityInterfaceForComposites.java:696)
	at ptolemy.actor.util.CausalityInterfaceForComposites._computeActorDepth(CausalityInterfaceForComposites.java:532)
	at ptolemy.actor.util.CausalityInterfaceForComposites.checkForCycles(CausalityInterfaceForComposites.java:96)
	at ptolemy.domains.de.kernel.DEDirector.preinitialize(DEDirector.java:1338)
	at ptolemy.actor.CompositeActor.preinitialize(CompositeActor.java:1828)
	at ptolemy.actor.Manager.preinitializeAndResolveTypes(Manager.java:1040)
	at ptolemy.actor.Manager.initialize(Manager.java:710)
	at ptolemy.actor.Manager.execute(Manager.java:356)
	at ptolemy.actor.Manager.run(Manager.java:1263)
	at ptolemy.actor.Manager$PtolemyRunThread.run(Manager.java:1933)
java.lang.reflect.InvocationTargetException
	at java.base/jdk.internal.reflect.NativeConstructorAccessorImpl.newInstance0(Native Method)
	at java.base/jdk.internal.reflect.NativeConstructorAccessorImpl.newInstance(NativeConstructorAccessorImpl.java:62)
	at java.base/jdk.internal.reflect.DelegatingConstructorAccessorImpl.newInstance(DelegatingConstructorAccessorImpl.java:45)
	at java.base/java.lang.reflect.Constructor.newInstance(Constructor.java:490)
	at ptolemy.util.test.junit.AutoKnownFailedTests.RunModel(AutoKnownFailedTests.java:105)
	at java.base/jdk.internal.reflect.NativeMethodAccessorImpl.invoke0(Native Method)
	at java.base/jdk.internal.reflect.NativeMethodAccessorImpl.invoke(NativeMethodAccessorImpl.java:62)
	at java.base/jdk.internal.reflect.DelegatingMethodAccessorImpl.invoke(DelegatingMethodAccessorImpl.java:43)
	at java.base/java.lang.reflect.Method.invoke(Method.java:566)
	at org.junit.runners.model.FrameworkMethod$1.runReflectiveCall(FrameworkMethod.java:44)
	at org.junit.internal.runners.model.ReflectiveCallable.run(ReflectiveCallable.java:15)
	at org.junit.runners.model.FrameworkMethod.invokeExplosively(FrameworkMethod.java:41)
	at junitparams.internal.InvokeParameterisedMethod.evaluate(InvokeParameterisedMethod.java:102)
	at org.junit.internal.runners.statements.FailOnTimeout$1.run(FailOnTimeout.java:28)
Caused by: ptolemy.kernel.util.IllegalActionException: Found a zero delay loop containing .HierarchicalModel.A
  in .HierarchicalModel and .HierarchicalModel.A
	at ptolemy.actor.util.CausalityInterfaceForComposites._computeOutputPortDepth(CausalityInterfaceForComposites.java:759)
	at ptolemy.actor.util.CausalityInterfaceForComposites._computeInputDepth(CausalityInterfaceForComposites.java:696)
	at ptolemy.actor.util.CausalityInterfaceForComposites._computeOutputPortDepth(CausalityInterfaceForComposites.java:765)
	at ptolemy.actor.util.CausalityInterfaceForComposites._computeInputDepth(CausalityInterfaceForComposites.java:696)
	at ptolemy.actor.util.CausalityInterfaceForComposites._computeOutputPortDepth(CausalityInterfaceForComposites.java:765)
	at ptolemy.actor.util.CausalityInterfaceForComposites._computeInputDepth(CausalityInterfaceForComposites.java:696)
	at ptolemy.actor.util.CausalityInterfaceForComposites._computeActorDepth(CausalityInterfaceForComposites.java:532)
	at ptolemy.actor.util.CausalityInterfaceForComposites.checkForCycles(CausalityInterfaceForComposites.java:96)
	at ptolemy.domains.de.kernel.DEDirector.preinitialize(DEDirector.java:1338)
	at ptolemy.actor.CompositeActor.preinitialize(CompositeActor.java:1828)
	at ptolemy.actor.Manager.preinitializeAndResolveTypes(Manager.java:1040)
	at ptolemy.actor.Manager.initialize(Manager.java:710)
	at ptolemy.actor.Manager.execute(Manager.java:356)
	at ptolemy.actor.Manager.run(Manager.java:1263)
	at ptolemy.actor.Manager$PtolemyRunThread.run(Manager.java:1933)
java.lang.RuntimeException: Execution failed
	at ptolemy.moml.MoMLSimpleApplication$UnloadThread.run(MoMLSimpleApplication.java:402)
Caused by: ptolemy.kernel.util.IllegalActionException: Found a zero delay loop containing .dependencyLoop.original
  in .dependencyLoop and .dependencyLoop.original
	at ptolemy.actor.util.CausalityInterfaceForComposites._computeOutputPortDepth(CausalityInterfaceForComposites.java:759)
	at ptolemy.actor.util.CausalityInterfaceForComposites._computeInputDepth(CausalityInterfaceForComposites.java:696)
	at ptolemy.actor.util.CausalityInterfaceForComposites._computeOutputPortDepth(CausalityInterfaceForComposites.java:765)
	at ptolemy.actor.util.CausalityInterfaceForComposites._computeInputDepth(CausalityInterfaceForComposites.java:696)
	at ptolemy.actor.util.CausalityInterfaceForComposites._computeOutputPortDepth(CausalityInterfaceForComposites.java:765)
	at ptolemy.actor.util.CausalityInterfaceForComposites._computeInputDepth(CausalityInterfaceForComposites.java:696)
	at ptolemy.actor.util.CausalityInterfaceForComposites._computeActorDepth(CausalityInterfaceForComposites.java:532)
	at ptolemy.actor.util.CausalityInterfaceForComposites.checkForCycles(CausalityInterfaceForComposites.java:96)
	at ptolemy.domains.de.kernel.DEDirector.preinitialize(DEDirector.java:1338)
	at ptolemy.actor.CompositeActor.preinitialize(CompositeActor.java:1828)
	at ptolemy.actor.Manager.preinitializeAndResolveTypes(Manager.java:1040)
	at ptolemy.actor.Manager.initialize(Manager.java:710)
	at ptolemy.actor.Manager.execute(Manager.java:356)
	at ptolemy.actor.Manager.run(Manager.java:1263)
	at ptolemy.actor.Manager$PtolemyRunThread.run(Manager.java:1933)
java.lang.reflect.InvocationTargetException
	at java.base/jdk.internal.reflect.NativeConstructorAccessorImpl.newInstance0(Native Method)
	at java.base/jdk.internal.reflect.NativeConstructorAccessorImpl.newInstance(NativeConstructorAccessorImpl.java:62)
	at java.base/jdk.internal.reflect.DelegatingConstructorAccessorImpl.newInstance(DelegatingConstructorAccessorImpl.java:45)
	at java.base/java.lang.reflect.Constructor.newInstance(Constructor.java:490)
	at ptolemy.util.test.junit.AutoKnownFailedTests.RunModel(AutoKnownFailedTests.java:105)
	at java.base/jdk.internal.reflect.NativeMethodAccessorImpl.invoke0(Native Method)
	at java.base/jdk.internal.reflect.NativeMethodAccessorImpl.invoke(NativeMethodAccessorImpl.java:62)
	at java.base/jdk.internal.reflect.DelegatingMethodAccessorImpl.invoke(DelegatingMethodAccessorImpl.java:43)
	at java.base/java.lang.reflect.Method.invoke(Method.java:566)
	at org.junit.runners.model.FrameworkMethod$1.runReflectiveCall(FrameworkMethod.java:44)
	at org.junit.internal.runners.model.ReflectiveCallable.run(ReflectiveCallable.java:15)
	at org.junit.runners.model.FrameworkMethod.invokeExplosively(FrameworkMethod.java:41)
	at junitparams.internal.InvokeParameterisedMethod.evaluate(InvokeParameterisedMethod.java:102)
	at org.junit.internal.runners.statements.FailOnTimeout$1.run(FailOnTimeout.java:28)
Caused by: ptolemy.kernel.util.IllegalActionException: Found a zero delay loop containing .dependencyLoop.original
  in .dependencyLoop and .dependencyLoop.original
	at ptolemy.actor.util.CausalityInterfaceForComposites._computeOutputPortDepth(CausalityInterfaceForComposites.java:759)
	at ptolemy.actor.util.CausalityInterfaceForComposites._computeInputDepth(CausalityInterfaceForComposites.java:696)
	at ptolemy.actor.util.CausalityInterfaceForComposites._computeOutputPortDepth(CausalityInterfaceForComposites.java:765)
	at ptolemy.actor.util.CausalityInterfaceForComposites._computeInputDepth(CausalityInterfaceForComposites.java:696)
	at ptolemy.actor.util.CausalityInterfaceForComposites._computeOutputPortDepth(CausalityInterfaceForComposites.java:765)
	at ptolemy.actor.util.CausalityInterfaceForComposites._computeInputDepth(CausalityInterfaceForComposites.java:696)
	at ptolemy.actor.util.CausalityInterfaceForComposites._computeActorDepth(CausalityInterfaceForComposites.java:532)
	at ptolemy.actor.util.CausalityInterfaceForComposites.checkForCycles(CausalityInterfaceForComposites.java:96)
	at ptolemy.domains.de.kernel.DEDirector.preinitialize(DEDirector.java:1338)
	at ptolemy.actor.CompositeActor.preinitialize(CompositeActor.java:1828)
	at ptolemy.actor.Manager.preinitializeAndResolveTypes(Manager.java:1040)
	at ptolemy.actor.Manager.initialize(Manager.java:710)
	at ptolemy.actor.Manager.execute(Manager.java:356)
	at ptolemy.actor.Manager.run(Manager.java:1263)
	at ptolemy.actor.Manager$PtolemyRunThread.run(Manager.java:1933)
java.lang.RuntimeException: Execution failed
	at ptolemy.moml.MoMLSimpleApplication$UnloadThread.run(MoMLSimpleApplication.java:402)
Caused by: ptolemy.kernel.util.IllegalActionException: Found a zero delay loop containing .dependencyLoop2.original
  in .dependencyLoop2 and .dependencyLoop2.original
	at ptolemy.actor.util.CausalityInterfaceForComposites._computeOutputPortDepth(CausalityInterfaceForComposites.java:759)
	at ptolemy.actor.util.CausalityInterfaceForComposites._computeInputDepth(CausalityInterfaceForComposites.java:696)
	at ptolemy.actor.util.CausalityInterfaceForComposites._computeOutputPortDepth(CausalityInterfaceForComposites.java:765)
	at ptolemy.actor.util.CausalityInterfaceForComposites._computeInputDepth(CausalityInterfaceForComposites.java:696)
	at ptolemy.actor.util.CausalityInterfaceForComposites._computeOutputPortDepth(CausalityInterfaceForComposites.java:765)
	at ptolemy.actor.util.CausalityInterfaceForComposites._computeInputDepth(CausalityInterfaceForComposites.java:696)
	at ptolemy.actor.util.CausalityInterfaceForComposites._computeActorDepth(CausalityInterfaceForComposites.java:532)
	at ptolemy.actor.util.CausalityInterfaceForComposites.checkForCycles(CausalityInterfaceForComposites.java:96)
	at ptolemy.domains.de.kernel.DEDirector.preinitialize(DEDirector.java:1338)
	at ptolemy.actor.CompositeActor.preinitialize(CompositeActor.java:1828)
	at ptolemy.actor.Manager.preinitializeAndResolveTypes(Manager.java:1040)
	at ptolemy.actor.Manager.initialize(Manager.java:710)
	at ptolemy.actor.Manager.execute(Manager.java:356)
	at ptolemy.actor.Manager.run(Manager.java:1263)
	at ptolemy.actor.Manager$PtolemyRunThread.run(Manager.java:1933)
java.lang.reflect.InvocationTargetException
	at java.base/jdk.internal.reflect.NativeConstructorAccessorImpl.newInstance0(Native Method)
	at java.base/jdk.internal.reflect.NativeConstructorAccessorImpl.newInstance(NativeConstructorAccessorImpl.java:62)
	at java.base/jdk.internal.reflect.DelegatingConstructorAccessorImpl.newInstance(DelegatingConstructorAccessorImpl.java:45)
	at java.base/java.lang.reflect.Constructor.newInstance(Constructor.java:490)
	at ptolemy.util.test.junit.AutoKnownFailedTests.RunModel(AutoKnownFailedTests.java:105)
	at java.base/jdk.internal.reflect.NativeMethodAccessorImpl.invoke0(Native Method)
	at java.base/jdk.internal.reflect.NativeMethodAccessorImpl.invoke(NativeMethodAccessorImpl.java:62)
	at java.base/jdk.internal.reflect.DelegatingMethodAccessorImpl.invoke(DelegatingMethodAccessorImpl.java:43)
	at java.base/java.lang.reflect.Method.invoke(Method.java:566)
	at org.junit.runners.model.FrameworkMethod$1.runReflectiveCall(FrameworkMethod.java:44)
	at org.junit.internal.runners.model.ReflectiveCallable.run(ReflectiveCallable.java:15)
	at org.junit.runners.model.FrameworkMethod.invokeExplosively(FrameworkMethod.java:41)
	at junitparams.internal.InvokeParameterisedMethod.evaluate(InvokeParameterisedMethod.java:102)
	at org.junit.internal.runners.statements.FailOnTimeout$1.run(FailOnTimeout.java:28)
Caused by: ptolemy.kernel.util.IllegalActionException: Found a zero delay loop containing .dependencyLoop2.original
  in .dependencyLoop2 and .dependencyLoop2.original
	at ptolemy.actor.util.CausalityInterfaceForComposites._computeOutputPortDepth(CausalityInterfaceForComposites.java:759)
	at ptolemy.actor.util.CausalityInterfaceForComposites._computeInputDepth(CausalityInterfaceForComposites.java:696)
	at ptolemy.actor.util.CausalityInterfaceForComposites._computeOutputPortDepth(CausalityInterfaceForComposites.java:765)
	at ptolemy.actor.util.CausalityInterfaceForComposites._computeInputDepth(CausalityInterfaceForComposites.java:696)
	at ptolemy.actor.util.CausalityInterfaceForComposites._computeOutputPortDepth(CausalityInterfaceForComposites.java:765)
	at ptolemy.actor.util.CausalityInterfaceForComposites._computeInputDepth(CausalityInterfaceForComposites.java:696)
	at ptolemy.actor.util.CausalityInterfaceForComposites._computeActorDepth(CausalityInterfaceForComposites.java:532)
	at ptolemy.actor.util.CausalityInterfaceForComposites.checkForCycles(CausalityInterfaceForComposites.java:96)
	at ptolemy.domains.de.kernel.DEDirector.preinitialize(DEDirector.java:1338)
	at ptolemy.actor.CompositeActor.preinitialize(CompositeActor.java:1828)
	at ptolemy.actor.Manager.preinitializeAndResolveTypes(Manager.java:1040)
	at ptolemy.actor.Manager.initialize(Manager.java:710)
	at ptolemy.actor.Manager.execute(Manager.java:356)
	at ptolemy.actor.Manager.run(Manager.java:1263)
	at ptolemy.actor.Manager$PtolemyRunThread.run(Manager.java:1933)
]]></system-err>
</testsuite>
