<?xml version="1.0" encoding="UTF-8" ?>
<testsuite errors="0" failures="0" hostname="travis-job-5b6379cf-e597-4e39-a791-81732d11da28" name="ptolemy.domains.sdf.lib.test.junit.JUnitTclTest" skipped="0" tests="82" time="8.621" timestamp="2020-09-10T15:59:21">
  <properties>
[...]
</properties>
  <testcase classname="ptolemy.util.test.junit.TclTests" name="[0] /home/travis/build/icyphy/ptII/ptolemy/domains/sdf/lib/test/ArrayToSequence.tcl (RunTclFile)" time="0.637" />
  <testcase classname="ptolemy.util.test.junit.TclTests" name="[1] /home/travis/build/icyphy/ptII/ptolemy/domains/sdf/lib/test/BitsToInt.tcl (RunTclFile)" time="0.075" />
  <testcase classname="ptolemy.util.test.junit.TclTests" name="[2] /home/travis/build/icyphy/ptII/ptolemy/domains/sdf/lib/test/DelayLine.tcl (RunTclFile)" time="0.047" />
  <testcase classname="ptolemy.util.test.junit.TclTests" name="[3] /home/travis/build/icyphy/ptII/ptolemy/domains/sdf/lib/test/FFT.tcl (RunTclFile)" time="0.029" />
  <testcase classname="ptolemy.util.test.junit.TclTests" name="[4] /home/travis/build/icyphy/ptII/ptolemy/domains/sdf/lib/test/FIR.tcl (RunTclFile)" time="0.172" />
  <testcase classname="ptolemy.util.test.junit.TclTests" name="[5] /home/travis/build/icyphy/ptII/ptolemy/domains/sdf/lib/test/IntToBits.tcl (RunTclFile)" time="0.03" />
  <testcase classname="ptolemy.util.test.junit.TclTests" name="[6] /home/travis/build/icyphy/ptII/ptolemy/domains/sdf/lib/test/MaximumEntropySpectrum.tcl (RunTclFile)" time="0.437" />
  <testcase classname="ptolemy.util.test.junit.TclTests" name="[7] /home/travis/build/icyphy/ptII/ptolemy/domains/sdf/lib/test/Repeat.tcl (RunTclFile)" time="0.045" />
  <testcase classname="ptolemy.util.test.junit.TclTests" name="[8] /home/travis/build/icyphy/ptII/ptolemy/domains/sdf/lib/test/SampleDelay.tcl (RunTclFile)" time="0.12" />
  <testcase classname="ptolemy.util.test.junit.TclTests" name="[9] /home/travis/build/icyphy/ptII/ptolemy/domains/sdf/lib/test/SequenceToArray.tcl (RunTclFile)" time="0.083" />
  <testcase classname="ptolemy.util.test.junit.AutoKnownFailedTests" name="[0] ThereAreNoKnowFailedTests (RunModel)" time="0.008" />
  <testcase classname="ptolemy.util.test.junit.AutoNameArchTests" name="[0] ThereAreNoAutoArchTests (RunModel)" time="0.006" />
  <testcase classname="ptolemy.util.test.junit.AutoTests" name="[0] /home/travis/build/icyphy/ptII/ptolemy/domains/sdf/lib/test/auto/ArrayToSequence.xml (RunModel)" time="0.247" />
  <testcase classname="ptolemy.util.test.junit.AutoTests" name="[1] /home/travis/build/icyphy/ptII/ptolemy/domains/sdf/lib/test/auto/ArrayToSequenceTest.xml (RunModel)" time="0.058" />
  <testcase classname="ptolemy.util.test.junit.AutoTests" name="[2] /home/travis/build/icyphy/ptII/ptolemy/domains/sdf/lib/test/auto/Autocorrelation.xml (RunModel)" time="0.024" />
  <testcase classname="ptolemy.util.test.junit.AutoTests" name="[3] /home/travis/build/icyphy/ptII/ptolemy/domains/sdf/lib/test/auto/Autocorrelation2.xml (RunModel)" time="0.047" />
  <testcase classname="ptolemy.util.test.junit.AutoTests" name="[4] /home/travis/build/icyphy/ptII/ptolemy/domains/sdf/lib/test/auto/Autocorrelation3.xml (RunModel)" time="0.042" />
  <testcase classname="ptolemy.util.test.junit.AutoTests" name="[5] /home/travis/build/icyphy/ptII/ptolemy/domains/sdf/lib/test/auto/Autocorrelation4.xml (RunModel)" time="0.058" />
  <testcase classname="ptolemy.util.test.junit.AutoTests" name="[6] /home/travis/build/icyphy/ptII/ptolemy/domains/sdf/lib/test/auto/Autocorrelation5.xml (RunModel)" time="0.128" />
  <testcase classname="ptolemy.util.test.junit.AutoTests" name="[7] /home/travis/build/icyphy/ptII/ptolemy/domains/sdf/lib/test/auto/BitsToInt.xml (RunModel)" time="0.036" />
  <testcase classname="ptolemy.util.test.junit.AutoTests" name="[8] /home/travis/build/icyphy/ptII/ptolemy/domains/sdf/lib/test/auto/BooleanJoin.xml (RunModel)" time="0.069" />
  <testcase classname="ptolemy.util.test.junit.AutoTests" name="[9] /home/travis/build/icyphy/ptII/ptolemy/domains/sdf/lib/test/auto/BootstrapSampleDelay.xml (RunModel)" time="0.049" />
  <testcase classname="ptolemy.util.test.junit.AutoTests" name="[10] /home/travis/build/icyphy/ptII/ptolemy/domains/sdf/lib/test/auto/Chop.xml (RunModel)" time="0.057" />
  <testcase classname="ptolemy.util.test.junit.AutoTests" name="[11] /home/travis/build/icyphy/ptII/ptolemy/domains/sdf/lib/test/auto/Chop2.xml (RunModel)" time="0.027" />
  <testcase classname="ptolemy.util.test.junit.AutoTests" name="[12] /home/travis/build/icyphy/ptII/ptolemy/domains/sdf/lib/test/auto/ComplexJoin.xml (RunModel)" time="0.043" />
  <testcase classname="ptolemy.util.test.junit.AutoTests" name="[13] /home/travis/build/icyphy/ptII/ptolemy/domains/sdf/lib/test/auto/CountTrues.xml (RunModel)" time="0.02" />
  <testcase classname="ptolemy.util.test.junit.AutoTests" name="[14] /home/travis/build/icyphy/ptII/ptolemy/domains/sdf/lib/test/auto/DelayLine.xml (RunModel)" time="0.031" />
  <testcase classname="ptolemy.util.test.junit.AutoTests" name="[15] /home/travis/build/icyphy/ptII/ptolemy/domains/sdf/lib/test/auto/DotProduct.xml (RunModel)" time="0.02" />
  <testcase classname="ptolemy.util.test.junit.AutoTests" name="[16] /home/travis/build/icyphy/ptII/ptolemy/domains/sdf/lib/test/auto/DotProductMatrix.xml (RunModel)" time="0.017" />
  <testcase classname="ptolemy.util.test.junit.AutoTests" name="[17] /home/travis/build/icyphy/ptII/ptolemy/domains/sdf/lib/test/auto/DownSample1.xml (RunModel)" time="0.019" />
  <testcase classname="ptolemy.util.test.junit.AutoTests" name="[18] /home/travis/build/icyphy/ptII/ptolemy/domains/sdf/lib/test/auto/DynamicRateChange.xml (RunModel)" time="0.032" />
  <testcase classname="ptolemy.util.test.junit.AutoTests" name="[19] /home/travis/build/icyphy/ptII/ptolemy/domains/sdf/lib/test/auto/DynamicRates.xml (RunModel)" time="0.029" />
  <testcase classname="ptolemy.util.test.junit.AutoTests" name="[20] /home/travis/build/icyphy/ptII/ptolemy/domains/sdf/lib/test/auto/FFT1.xml (RunModel)" time="0.025" />
  <testcase classname="ptolemy.util.test.junit.AutoTests" name="[21] /home/travis/build/icyphy/ptII/ptolemy/domains/sdf/lib/test/auto/FIR1.xml (RunModel)" time="0.037" />
  <testcase classname="ptolemy.util.test.junit.AutoTests" name="[22] /home/travis/build/icyphy/ptII/ptolemy/domains/sdf/lib/test/auto/FIR2.xml (RunModel)" time="0.02" />
  <testcase classname="ptolemy.util.test.junit.AutoTests" name="[23] /home/travis/build/icyphy/ptII/ptolemy/domains/sdf/lib/test/auto/FIR4.xml (RunModel)" time="0.044" />
  <testcase classname="ptolemy.util.test.junit.AutoTests" name="[24] /home/travis/build/icyphy/ptII/ptolemy/domains/sdf/lib/test/auto/FixJoin.xml (RunModel)" time="0.046" />
  <testcase classname="ptolemy.util.test.junit.AutoTests" name="[25] /home/travis/build/icyphy/ptII/ptolemy/domains/sdf/lib/test/auto/IntJoin1.xml (RunModel)" time="0.037" />
  <testcase classname="ptolemy.util.test.junit.AutoTests" name="[26] /home/travis/build/icyphy/ptII/ptolemy/domains/sdf/lib/test/auto/IntJoin2.xml (RunModel)" time="0.027" />
  <testcase classname="ptolemy.util.test.junit.AutoTests" name="[27] /home/travis/build/icyphy/ptII/ptolemy/domains/sdf/lib/test/auto/IntJoin3.xml (RunModel)" time="0.031" />
  <testcase classname="ptolemy.util.test.junit.AutoTests" name="[28] /home/travis/build/icyphy/ptII/ptolemy/domains/sdf/lib/test/auto/IntJoin4.xml (RunModel)" time="0.028" />
  <testcase classname="ptolemy.util.test.junit.AutoTests" name="[29] /home/travis/build/icyphy/ptII/ptolemy/domains/sdf/lib/test/auto/IntJoin5.xml (RunModel)" time="0.039" />
  <testcase classname="ptolemy.util.test.junit.AutoTests" name="[30] /home/travis/build/icyphy/ptII/ptolemy/domains/sdf/lib/test/auto/IntToBits.xml (RunModel)" time="0.036" />
  <testcase classname="ptolemy.util.test.junit.AutoTests" name="[31] /home/travis/build/icyphy/ptII/ptolemy/domains/sdf/lib/test/auto/LMSAdaptive.xml (RunModel)" time="0.055" />
  <testcase classname="ptolemy.util.test.junit.AutoTests" name="[32] /home/travis/build/icyphy/ptII/ptolemy/domains/sdf/lib/test/auto/LMSAdaptiveFIR.xml (RunModel)" time="0.345" />
  <testcase classname="ptolemy.util.test.junit.AutoTests" name="[33] /home/travis/build/icyphy/ptII/ptolemy/domains/sdf/lib/test/auto/LMSAdaptiveFIR2.xml (RunModel)" time="0.447" />
  <testcase classname="ptolemy.util.test.junit.AutoTests" name="[34] /home/travis/build/icyphy/ptII/ptolemy/domains/sdf/lib/test/auto/LongJoin.xml (RunModel)" time="0.039" />
  <testcase classname="ptolemy.util.test.junit.AutoTests" name="[35] /home/travis/build/icyphy/ptII/ptolemy/domains/sdf/lib/test/auto/Matrix1.xml (RunModel)" time="0.023" />
  <testcase classname="ptolemy.util.test.junit.AutoTests" name="[36] /home/travis/build/icyphy/ptII/ptolemy/domains/sdf/lib/test/auto/Matrix2.xml (RunModel)" time="0.015" />
  <testcase classname="ptolemy.util.test.junit.AutoTests" name="[37] /home/travis/build/icyphy/ptII/ptolemy/domains/sdf/lib/test/auto/MatrixJoin1.xml (RunModel)" time="0.026" />
  <testcase classname="ptolemy.util.test.junit.AutoTests" name="[38] /home/travis/build/icyphy/ptII/ptolemy/domains/sdf/lib/test/auto/MatrixJoin2.xml (RunModel)" time="0.024" />
  <testcase classname="ptolemy.util.test.junit.AutoTests" name="[39] /home/travis/build/icyphy/ptII/ptolemy/domains/sdf/lib/test/auto/MatrixJoin3.xml (RunModel)" time="0.027" />
  <testcase classname="ptolemy.util.test.junit.AutoTests" name="[40] /home/travis/build/icyphy/ptII/ptolemy/domains/sdf/lib/test/auto/MatrixJoin4.xml (RunModel)" time="0.018" />
  <testcase classname="ptolemy.util.test.junit.AutoTests" name="[41] /home/travis/build/icyphy/ptII/ptolemy/domains/sdf/lib/test/auto/MatrixJoin5.xml (RunModel)" time="0.016" />
  <testcase classname="ptolemy.util.test.junit.AutoTests" name="[42] /home/travis/build/icyphy/ptII/ptolemy/domains/sdf/lib/test/auto/MatrixSplit1.xml (RunModel)" time="0.033" />
  <testcase classname="ptolemy.util.test.junit.AutoTests" name="[43] /home/travis/build/icyphy/ptII/ptolemy/domains/sdf/lib/test/auto/MatrixSplit10.xml (RunModel)" time="0.022" />
  <testcase classname="ptolemy.util.test.junit.AutoTests" name="[44] /home/travis/build/icyphy/ptII/ptolemy/domains/sdf/lib/test/auto/MatrixSplit11.xml (RunModel)" time="0.017" />
  <testcase classname="ptolemy.util.test.junit.AutoTests" name="[45] /home/travis/build/icyphy/ptII/ptolemy/domains/sdf/lib/test/auto/MatrixSplit12.xml (RunModel)" time="0.017" />
  <testcase classname="ptolemy.util.test.junit.AutoTests" name="[46] /home/travis/build/icyphy/ptII/ptolemy/domains/sdf/lib/test/auto/MatrixSplit13.xml (RunModel)" time="0.027" />
  <testcase classname="ptolemy.util.test.junit.AutoTests" name="[47] /home/travis/build/icyphy/ptII/ptolemy/domains/sdf/lib/test/auto/MatrixSplit14.xml (RunModel)" time="0.015" />
  <testcase classname="ptolemy.util.test.junit.AutoTests" name="[48] /home/travis/build/icyphy/ptII/ptolemy/domains/sdf/lib/test/auto/MatrixSplit2.xml (RunModel)" time="0.013" />
  <testcase classname="ptolemy.util.test.junit.AutoTests" name="[49] /home/travis/build/icyphy/ptII/ptolemy/domains/sdf/lib/test/auto/MatrixSplit3.xml (RunModel)" time="0.014" />
  <testcase classname="ptolemy.util.test.junit.AutoTests" name="[50] /home/travis/build/icyphy/ptII/ptolemy/domains/sdf/lib/test/auto/MatrixSplit4.xml (RunModel)" time="0.014" />
  <testcase classname="ptolemy.util.test.junit.AutoTests" name="[51] /home/travis/build/icyphy/ptII/ptolemy/domains/sdf/lib/test/auto/MatrixSplit5.xml (RunModel)" time="0.023" />
  <testcase classname="ptolemy.util.test.junit.AutoTests" name="[52] /home/travis/build/icyphy/ptII/ptolemy/domains/sdf/lib/test/auto/MatrixSplit6.xml (RunModel)" time="0.012" />
  <testcase classname="ptolemy.util.test.junit.AutoTests" name="[53] /home/travis/build/icyphy/ptII/ptolemy/domains/sdf/lib/test/auto/MatrixSplit7.xml (RunModel)" time="0.015" />
  <testcase classname="ptolemy.util.test.junit.AutoTests" name="[54] /home/travis/build/icyphy/ptII/ptolemy/domains/sdf/lib/test/auto/MatrixSplit8.xml (RunModel)" time="0.015" />
  <testcase classname="ptolemy.util.test.junit.AutoTests" name="[55] /home/travis/build/icyphy/ptII/ptolemy/domains/sdf/lib/test/auto/MatrixSplit9.xml (RunModel)" time="0.025" />
  <testcase classname="ptolemy.util.test.junit.AutoTests" name="[56] /home/travis/build/icyphy/ptII/ptolemy/domains/sdf/lib/test/auto/MatrixToSequence.xml (RunModel)" time="0.039" />
  <testcase classname="ptolemy.util.test.junit.AutoTests" name="[57] /home/travis/build/icyphy/ptII/ptolemy/domains/sdf/lib/test/auto/MaximumEntropySpectrum.xml (RunModel)" time="0.069" />
  <testcase classname="ptolemy.util.test.junit.AutoTests" name="[58] /home/travis/build/icyphy/ptII/ptolemy/domains/sdf/lib/test/auto/SampleDelayConversion.xml (RunModel)" time="0.016" />
  <testcase classname="ptolemy.util.test.junit.AutoTests" name="[59] /home/travis/build/icyphy/ptII/ptolemy/domains/sdf/lib/test/auto/SequenceToArray.xml (RunModel)" time="0.046" />
  <testcase classname="ptolemy.util.test.junit.AutoTests" name="[60] /home/travis/build/icyphy/ptII/ptolemy/domains/sdf/lib/test/auto/SequenceToMatrix.xml (RunModel)" time="3.118" />
  <testcase classname="ptolemy.util.test.junit.AutoTests" name="[61] /home/travis/build/icyphy/ptII/ptolemy/domains/sdf/lib/test/auto/SmoothedPeriodogram.xml (RunModel)" time="0.085" />
  <testcase classname="ptolemy.util.test.junit.AutoTests" name="[62] /home/travis/build/icyphy/ptII/ptolemy/domains/sdf/lib/test/auto/UpDownSample1.xml (RunModel)" time="0.023" />
  <testcase classname="ptolemy.util.test.junit.AutoTests" name="[63] /home/travis/build/icyphy/ptII/ptolemy/domains/sdf/lib/test/auto/UpSample1.xml (RunModel)" time="0.019" />
  <testcase classname="ptolemy.util.test.junit.AutoTests" name="[64] /home/travis/build/icyphy/ptII/ptolemy/domains/sdf/lib/test/auto/VariableFIR.xml (RunModel)" time="0.019" />
  <testcase classname="ptolemy.util.test.junit.AutoTests" name="[65] /home/travis/build/icyphy/ptII/ptolemy/domains/sdf/lib/test/auto/VariableFIR2.xml (RunModel)" time="0.022" />
  <testcase classname="ptolemy.util.test.junit.AutoTests" name="[66] /home/travis/build/icyphy/ptII/ptolemy/domains/sdf/lib/test/auto/VariableLattice.xml (RunModel)" time="0.031" />
  <testcase classname="ptolemy.util.test.junit.AutoTests" name="[67] /home/travis/build/icyphy/ptII/ptolemy/domains/sdf/lib/test/auto/VariableLattice2.xml (RunModel)" time="0.029" />
  <testcase classname="ptolemy.util.test.junit.AutoTests" name="[68] /home/travis/build/icyphy/ptII/ptolemy/domains/sdf/lib/test/auto/VariableRecursiveLattice.xml (RunModel)" time="0.016" />
  <testcase classname="ptolemy.util.test.junit.AutoTests" name="[69] /home/travis/build/icyphy/ptII/ptolemy/domains/sdf/lib/test/auto/VariableRecursiveLattice2.xml (RunModel)" time="0.013" />
  <system-out><![CDATA[/home/travis/build/icyphy/ptII/ptolemy/domains/sdf/lib/test/ArrayToSequence.tcl
testDefs.tcl: setting time out to 9000 seconds at Thu Sep 10 15:59:21 UTC 2020
106 ms. Memory: 129024K Free: 94151K (73%)
23 ms. Memory: 129024K Free: 92103K (71%)
28 ms. Memory: 129024K Free: 90055K (70%)
24 ms. Memory: 129024K Free: 88517K (69%)
/home/travis/build/icyphy/ptII/ptolemy/domains/sdf/lib/test/BitsToInt.tcl
21 ms. Memory: 129024K Free: 86983K (67%)
17 ms. Memory: 129024K Free: 84935K (66%)
/home/travis/build/icyphy/ptII/ptolemy/domains/sdf/lib/test/DelayLine.tcl
13 ms. Memory: 129024K Free: 83383K (65%)
/home/travis/build/icyphy/ptII/ptolemy/domains/sdf/lib/test/FFT.tcl
9 ms. Memory: 129024K Free: 81349K (63%)
/home/travis/build/icyphy/ptII/ptolemy/domains/sdf/lib/test/FIR.tcl
15 ms. Memory: 129024K Free: 79815K (62%)
81 ms. Memory: 129024K Free: 75719K (59%)
ptolemy.kernel.util.IllegalActionException: multiplyReverse method not supported between ptolemy.data.FixToken 'fix(-0.0625,6,2)' and ptolemy.data.IntToken '1' because the types are incomparable.
  in .top.FIRclone
Because:
multiplyReverse method not supported between ptolemy.data.FixToken 'fix(-0.0625,6,2)' and ptolemy.data.IntToken '1' because the types are incomparable.
21 ms. Memory: 129024K Free: 73157K (57%)
/home/travis/build/icyphy/ptII/ptolemy/domains/sdf/lib/test/IntToBits.tcl
5 ms. Memory: 129024K Free: 71623K (56%)
6 ms. Memory: 129024K Free: 70085K (54%)
/home/travis/build/icyphy/ptII/ptolemy/domains/sdf/lib/test/MaximumEntropySpectrum.tcl
/home/travis/build/icyphy/ptII/ptolemy/domains/sdf/lib/test/Repeat.tcl
9 ms. Memory: 129024K Free: 48567K (38%)
/home/travis/build/icyphy/ptII/ptolemy/domains/sdf/lib/test/SampleDelay.tcl
11 ms. Memory: 129024K Free: 113192K (88%)
14 ms. Memory: 129024K Free: 112176K (87%)
4 ms. Memory: 129024K Free: 111679K (87%)
4 ms. Memory: 129024K Free: 110655K (86%)
8 ms. Memory: 129024K Free: 110128K (85%)
2 ms. Memory: 129024K Free: 109623K (85%)
/home/travis/build/icyphy/ptII/ptolemy/domains/sdf/lib/test/SequenceToArray.tcl
18 ms. Memory: 129024K Free: 108094K (84%)
14 ms. Memory: 129024K Free: 107070K (83%)
12 ms. Memory: 129024K Free: 106016K (82%)
6 ms. Memory: 129024K Free: 104533K (81%)
09/10/20 03:59:22
Failed: 0  Total Tests: 41  ((Passed: 41, Newly Passed: 0)  Known Failed: 0) /home/travis/build/icyphy/ptII/ptolemy/domains/sdf/lib/test
No auto/knownFailedTests/*.xml tests in /home/travis/build/icyphy/ptII/ptolemy/domains/sdf/lib/test
No auto/linux-amd64/*.xml tests in /home/travis/build/icyphy/ptII/ptolemy/domains/sdf/lib/test
AutoTests.java: About to close Vertx.
AutoTests.java: Vertx closed.

===========================================================================================
----------------- testing Thu Sep 10 15:59:23 UTC 2020 /home/travis/build/icyphy/ptII/ptolemy/domains/sdf/lib/test/auto/ArrayToSequence.xml
----------------- Instantiating /home/travis/build/icyphy/ptII/ptolemy/domains/sdf/lib/test/auto/ArrayToSequence.xml
45 ms. Memory: 129024K Free: 93323K (72%)
----------------- Invoking toplevel() on ptolemy.moml.MoMLSimpleApplication@549ea0c3
----------------- Done invoking toplevel() on ptolemy.moml.MoMLSimpleApplication@549ea0c3
reloadAllAccessors: .ArrayToSequence

===========================================================================================
----------------- testing Thu Sep 10 15:59:23 UTC 2020 /home/travis/build/icyphy/ptII/ptolemy/domains/sdf/lib/test/auto/ArrayToSequenceTest.xml
----------------- Instantiating /home/travis/build/icyphy/ptII/ptolemy/domains/sdf/lib/test/auto/ArrayToSequenceTest.xml
13 ms. Memory: 129024K Free: 86935K (67%)
----------------- Invoking toplevel() on ptolemy.moml.MoMLSimpleApplication@1aad23c4
----------------- Done invoking toplevel() on ptolemy.moml.MoMLSimpleApplication@1aad23c4
reloadAllAccessors: .ArrayToSequenceTest

===========================================================================================
----------------- testing Thu Sep 10 15:59:23 UTC 2020 /home/travis/build/icyphy/ptII/ptolemy/domains/sdf/lib/test/auto/Autocorrelation.xml
----------------- Instantiating /home/travis/build/icyphy/ptII/ptolemy/domains/sdf/lib/test/auto/Autocorrelation.xml
5 ms. Memory: 129024K Free: 82839K (64%)
----------------- Invoking toplevel() on ptolemy.moml.MoMLSimpleApplication@31a51b3
----------------- Done invoking toplevel() on ptolemy.moml.MoMLSimpleApplication@31a51b3
reloadAllAccessors: .Autocorrelation

===========================================================================================
----------------- testing Thu Sep 10 15:59:23 UTC 2020 /home/travis/build/icyphy/ptII/ptolemy/domains/sdf/lib/test/auto/Autocorrelation2.xml
----------------- Instantiating /home/travis/build/icyphy/ptII/ptolemy/domains/sdf/lib/test/auto/Autocorrelation2.xml
15 ms. Memory: 129024K Free: 109761K (85%)
----------------- Invoking toplevel() on ptolemy.moml.MoMLSimpleApplication@69a2d2e7
----------------- Done invoking toplevel() on ptolemy.moml.MoMLSimpleApplication@69a2d2e7
reloadAllAccessors: .Autocorrelation2

===========================================================================================
----------------- testing Thu Sep 10 15:59:23 UTC 2020 /home/travis/build/icyphy/ptII/ptolemy/domains/sdf/lib/test/auto/Autocorrelation3.xml
----------------- Instantiating /home/travis/build/icyphy/ptII/ptolemy/domains/sdf/lib/test/auto/Autocorrelation3.xml
13 ms. Memory: 129024K Free: 106011K (82%)
----------------- Invoking toplevel() on ptolemy.moml.MoMLSimpleApplication@3a7bc071
----------------- Done invoking toplevel() on ptolemy.moml.MoMLSimpleApplication@3a7bc071
reloadAllAccessors: .Autocorrelation3

===========================================================================================
----------------- testing Thu Sep 10 15:59:23 UTC 2020 /home/travis/build/icyphy/ptII/ptolemy/domains/sdf/lib/test/auto/Autocorrelation4.xml
----------------- Instantiating /home/travis/build/icyphy/ptII/ptolemy/domains/sdf/lib/test/auto/Autocorrelation4.xml
6 ms. Memory: 129024K Free: 101284K (79%)
----------------- Invoking toplevel() on ptolemy.moml.MoMLSimpleApplication@4c0b339a
----------------- Done invoking toplevel() on ptolemy.moml.MoMLSimpleApplication@4c0b339a
reloadAllAccessors: .Autocorrelation4

===========================================================================================
----------------- testing Thu Sep 10 15:59:23 UTC 2020 /home/travis/build/icyphy/ptII/ptolemy/domains/sdf/lib/test/auto/Autocorrelation5.xml
----------------- Instantiating /home/travis/build/icyphy/ptII/ptolemy/domains/sdf/lib/test/auto/Autocorrelation5.xml
62 ms. Memory: 129024K Free: 94747K (73%)
----------------- Invoking toplevel() on ptolemy.moml.MoMLSimpleApplication@31ad5ec4
----------------- Done invoking toplevel() on ptolemy.moml.MoMLSimpleApplication@31ad5ec4
reloadAllAccessors: .Autocorrelation5

===========================================================================================
----------------- testing Thu Sep 10 15:59:23 UTC 2020 /home/travis/build/icyphy/ptII/ptolemy/domains/sdf/lib/test/auto/BitsToInt.xml
----------------- Instantiating /home/travis/build/icyphy/ptII/ptolemy/domains/sdf/lib/test/auto/BitsToInt.xml
4 ms. Memory: 129024K Free: 91675K (71%)
----------------- Invoking toplevel() on ptolemy.moml.MoMLSimpleApplication@5e4e6025
----------------- Done invoking toplevel() on ptolemy.moml.MoMLSimpleApplication@5e4e6025
reloadAllAccessors: .BitsToInt

===========================================================================================
----------------- testing Thu Sep 10 15:59:23 UTC 2020 /home/travis/build/icyphy/ptII/ptolemy/domains/sdf/lib/test/auto/BooleanJoin.xml
----------------- Instantiating /home/travis/build/icyphy/ptII/ptolemy/domains/sdf/lib/test/auto/BooleanJoin.xml
8 ms. Memory: 129024K Free: 86962K (67%)
----------------- Invoking toplevel() on ptolemy.moml.MoMLSimpleApplication@4b721619
----------------- Done invoking toplevel() on ptolemy.moml.MoMLSimpleApplication@4b721619
reloadAllAccessors: .BooleanJoin

===========================================================================================
----------------- testing Thu Sep 10 15:59:23 UTC 2020 /home/travis/build/icyphy/ptII/ptolemy/domains/sdf/lib/test/auto/BootstrapSampleDelay.xml
----------------- Instantiating /home/travis/build/icyphy/ptII/ptolemy/domains/sdf/lib/test/auto/BootstrapSampleDelay.xml
15 ms. Memory: 129024K Free: 83182K (64%)
----------------- Invoking toplevel() on ptolemy.moml.MoMLSimpleApplication@2a17a349
----------------- Done invoking toplevel() on ptolemy.moml.MoMLSimpleApplication@2a17a349
reloadAllAccessors: .BootstrapSampleDelay

===========================================================================================
----------------- testing Thu Sep 10 15:59:24 UTC 2020 /home/travis/build/icyphy/ptII/ptolemy/domains/sdf/lib/test/auto/Chop.xml
----------------- Instantiating /home/travis/build/icyphy/ptII/ptolemy/domains/sdf/lib/test/auto/Chop.xml
7 ms. Memory: 129024K Free: 75727K (59%)
----------------- Invoking toplevel() on ptolemy.moml.MoMLSimpleApplication@6403d083
----------------- Done invoking toplevel() on ptolemy.moml.MoMLSimpleApplication@6403d083
reloadAllAccessors: .Chop

===========================================================================================
----------------- testing Thu Sep 10 15:59:24 UTC 2020 /home/travis/build/icyphy/ptII/ptolemy/domains/sdf/lib/test/auto/Chop2.xml
----------------- Instantiating /home/travis/build/icyphy/ptII/ptolemy/domains/sdf/lib/test/auto/Chop2.xml
5 ms. Memory: 129024K Free: 69529K (54%)
----------------- Invoking toplevel() on ptolemy.moml.MoMLSimpleApplication@3e571219
----------------- Done invoking toplevel() on ptolemy.moml.MoMLSimpleApplication@3e571219
reloadAllAccessors: .Chop2

===========================================================================================
----------------- testing Thu Sep 10 15:59:24 UTC 2020 /home/travis/build/icyphy/ptII/ptolemy/domains/sdf/lib/test/auto/ComplexJoin.xml
----------------- Instantiating /home/travis/build/icyphy/ptII/ptolemy/domains/sdf/lib/test/auto/ComplexJoin.xml
4 ms. Memory: 158720K Free: 138540K (87%)
----------------- Invoking toplevel() on ptolemy.moml.MoMLSimpleApplication@32a3b111
----------------- Done invoking toplevel() on ptolemy.moml.MoMLSimpleApplication@32a3b111
reloadAllAccessors: .ComplexJoin

===========================================================================================
----------------- testing Thu Sep 10 15:59:24 UTC 2020 /home/travis/build/icyphy/ptII/ptolemy/domains/sdf/lib/test/auto/CountTrues.xml
----------------- Instantiating /home/travis/build/icyphy/ptII/ptolemy/domains/sdf/lib/test/auto/CountTrues.xml
3 ms. Memory: 158720K Free: 135091K (85%)
----------------- Invoking toplevel() on ptolemy.moml.MoMLSimpleApplication@42c45c88
----------------- Done invoking toplevel() on ptolemy.moml.MoMLSimpleApplication@42c45c88
reloadAllAccessors: .CountTrues

===========================================================================================
----------------- testing Thu Sep 10 15:59:24 UTC 2020 /home/travis/build/icyphy/ptII/ptolemy/domains/sdf/lib/test/auto/DelayLine.xml
----------------- Instantiating /home/travis/build/icyphy/ptII/ptolemy/domains/sdf/lib/test/auto/DelayLine.xml
8 ms. Memory: 158720K Free: 130394K (82%)
----------------- Invoking toplevel() on ptolemy.moml.MoMLSimpleApplication@57b2d40
----------------- Done invoking toplevel() on ptolemy.moml.MoMLSimpleApplication@57b2d40
reloadAllAccessors: .DelayLine

===========================================================================================
----------------- testing Thu Sep 10 15:59:24 UTC 2020 /home/travis/build/icyphy/ptII/ptolemy/domains/sdf/lib/test/auto/DotProduct.xml
----------------- Instantiating /home/travis/build/icyphy/ptII/ptolemy/domains/sdf/lib/test/auto/DotProduct.xml
3 ms. Memory: 158720K Free: 127292K (80%)
----------------- Invoking toplevel() on ptolemy.moml.MoMLSimpleApplication@165c9267
----------------- Done invoking toplevel() on ptolemy.moml.MoMLSimpleApplication@165c9267
reloadAllAccessors: .DotProduct

===========================================================================================
----------------- testing Thu Sep 10 15:59:24 UTC 2020 /home/travis/build/icyphy/ptII/ptolemy/domains/sdf/lib/test/auto/DotProductMatrix.xml
----------------- Instantiating /home/travis/build/icyphy/ptII/ptolemy/domains/sdf/lib/test/auto/DotProductMatrix.xml
3 ms. Memory: 158720K Free: 124236K (78%)
----------------- Invoking toplevel() on ptolemy.moml.MoMLSimpleApplication@79ea6e12
----------------- Done invoking toplevel() on ptolemy.moml.MoMLSimpleApplication@79ea6e12
reloadAllAccessors: .DotProductMatrix

===========================================================================================
----------------- testing Thu Sep 10 15:59:24 UTC 2020 /home/travis/build/icyphy/ptII/ptolemy/domains/sdf/lib/test/auto/DownSample1.xml
----------------- Instantiating /home/travis/build/icyphy/ptII/ptolemy/domains/sdf/lib/test/auto/DownSample1.xml
3 ms. Memory: 158720K Free: 120753K (76%)
----------------- Invoking toplevel() on ptolemy.moml.MoMLSimpleApplication@714806ea
----------------- Done invoking toplevel() on ptolemy.moml.MoMLSimpleApplication@714806ea
reloadAllAccessors: .DownSample1

===========================================================================================
----------------- testing Thu Sep 10 15:59:24 UTC 2020 /home/travis/build/icyphy/ptII/ptolemy/domains/sdf/lib/test/auto/DynamicRateChange.xml
----------------- Instantiating /home/travis/build/icyphy/ptII/ptolemy/domains/sdf/lib/test/auto/DynamicRateChange.xml
10 ms. Memory: 158720K Free: 115041K (72%)
----------------- Invoking toplevel() on ptolemy.moml.MoMLSimpleApplication@4656bb96
----------------- Done invoking toplevel() on ptolemy.moml.MoMLSimpleApplication@4656bb96
reloadAllAccessors: .DynamicRateChange

===========================================================================================
----------------- testing Thu Sep 10 15:59:24 UTC 2020 /home/travis/build/icyphy/ptII/ptolemy/domains/sdf/lib/test/auto/DynamicRates.xml
----------------- Instantiating /home/travis/build/icyphy/ptII/ptolemy/domains/sdf/lib/test/auto/DynamicRates.xml
11 ms. Memory: 158720K Free: 109921K (69%)
----------------- Invoking toplevel() on ptolemy.moml.MoMLSimpleApplication@2bcfdabb
----------------- Done invoking toplevel() on ptolemy.moml.MoMLSimpleApplication@2bcfdabb
reloadAllAccessors: .DynamicRates

===========================================================================================
----------------- testing Thu Sep 10 15:59:24 UTC 2020 /home/travis/build/icyphy/ptII/ptolemy/domains/sdf/lib/test/auto/FFT1.xml
----------------- Instantiating /home/travis/build/icyphy/ptII/ptolemy/domains/sdf/lib/test/auto/FFT1.xml
5 ms. Memory: 158720K Free: 105409K (66%)
----------------- Invoking toplevel() on ptolemy.moml.MoMLSimpleApplication@c242a8c
----------------- Done invoking toplevel() on ptolemy.moml.MoMLSimpleApplication@c242a8c
reloadAllAccessors: .FFT1

===========================================================================================
----------------- testing Thu Sep 10 15:59:24 UTC 2020 /home/travis/build/icyphy/ptII/ptolemy/domains/sdf/lib/test/auto/FIR1.xml
----------------- Instantiating /home/travis/build/icyphy/ptII/ptolemy/domains/sdf/lib/test/auto/FIR1.xml
11 ms. Memory: 158720K Free: 98655K (62%)
----------------- Invoking toplevel() on ptolemy.moml.MoMLSimpleApplication@30046cc0
----------------- Done invoking toplevel() on ptolemy.moml.MoMLSimpleApplication@30046cc0
reloadAllAccessors: .FIR1

===========================================================================================
----------------- testing Thu Sep 10 15:59:24 UTC 2020 /home/travis/build/icyphy/ptII/ptolemy/domains/sdf/lib/test/auto/FIR2.xml
----------------- Instantiating /home/travis/build/icyphy/ptII/ptolemy/domains/sdf/lib/test/auto/FIR2.xml
3 ms. Memory: 158720K Free: 94980K (60%)
----------------- Invoking toplevel() on ptolemy.moml.MoMLSimpleApplication@2ebe9a13
----------------- Done invoking toplevel() on ptolemy.moml.MoMLSimpleApplication@2ebe9a13
reloadAllAccessors: .FIR2

===========================================================================================
----------------- testing Thu Sep 10 15:59:24 UTC 2020 /home/travis/build/icyphy/ptII/ptolemy/domains/sdf/lib/test/auto/FIR4.xml
----------------- Instantiating /home/travis/build/icyphy/ptII/ptolemy/domains/sdf/lib/test/auto/FIR4.xml
4 ms. Memory: 158720K Free: 87987K (55%)
----------------- Invoking toplevel() on ptolemy.moml.MoMLSimpleApplication@40d22e1e
----------------- Done invoking toplevel() on ptolemy.moml.MoMLSimpleApplication@40d22e1e
reloadAllAccessors: .FIR4

===========================================================================================
----------------- testing Thu Sep 10 15:59:24 UTC 2020 /home/travis/build/icyphy/ptII/ptolemy/domains/sdf/lib/test/auto/FixJoin.xml
----------------- Instantiating /home/travis/build/icyphy/ptII/ptolemy/domains/sdf/lib/test/auto/FixJoin.xml
5 ms. Memory: 158720K Free: 82692K (52%)
----------------- Invoking toplevel() on ptolemy.moml.MoMLSimpleApplication@3b856c55
----------------- Done invoking toplevel() on ptolemy.moml.MoMLSimpleApplication@3b856c55
reloadAllAccessors: .FixJoin

===========================================================================================
----------------- testing Thu Sep 10 15:59:24 UTC 2020 /home/travis/build/icyphy/ptII/ptolemy/domains/sdf/lib/test/auto/IntJoin1.xml
----------------- Instantiating /home/travis/build/icyphy/ptII/ptolemy/domains/sdf/lib/test/auto/IntJoin1.xml
6 ms. Memory: 158720K Free: 140891K (89%)
----------------- Invoking toplevel() on ptolemy.moml.MoMLSimpleApplication@77eac668
----------------- Done invoking toplevel() on ptolemy.moml.MoMLSimpleApplication@77eac668
reloadAllAccessors: .IntJoin1

===========================================================================================
----------------- testing Thu Sep 10 15:59:24 UTC 2020 /home/travis/build/icyphy/ptII/ptolemy/domains/sdf/lib/test/auto/IntJoin2.xml
----------------- Instantiating /home/travis/build/icyphy/ptII/ptolemy/domains/sdf/lib/test/auto/IntJoin2.xml
4 ms. Memory: 158720K Free: 136181K (86%)
----------------- Invoking toplevel() on ptolemy.moml.MoMLSimpleApplication@261eb51a
----------------- Done invoking toplevel() on ptolemy.moml.MoMLSimpleApplication@261eb51a
reloadAllAccessors: .IntJoin2

===========================================================================================
----------------- testing Thu Sep 10 15:59:24 UTC 2020 /home/travis/build/icyphy/ptII/ptolemy/domains/sdf/lib/test/auto/IntJoin3.xml
----------------- Instantiating /home/travis/build/icyphy/ptII/ptolemy/domains/sdf/lib/test/auto/IntJoin3.xml
5 ms. Memory: 158720K Free: 132085K (83%)
----------------- Invoking toplevel() on ptolemy.moml.MoMLSimpleApplication@5a8b3990
----------------- Done invoking toplevel() on ptolemy.moml.MoMLSimpleApplication@5a8b3990
reloadAllAccessors: .IntJoin3

===========================================================================================
----------------- testing Thu Sep 10 15:59:24 UTC 2020 /home/travis/build/icyphy/ptII/ptolemy/domains/sdf/lib/test/auto/IntJoin4.xml
----------------- Instantiating /home/travis/build/icyphy/ptII/ptolemy/domains/sdf/lib/test/auto/IntJoin4.xml
5 ms. Memory: 158720K Free: 127479K (80%)
----------------- Invoking toplevel() on ptolemy.moml.MoMLSimpleApplication@4119e7f
----------------- Done invoking toplevel() on ptolemy.moml.MoMLSimpleApplication@4119e7f
reloadAllAccessors: .IntJoin4

===========================================================================================
----------------- testing Thu Sep 10 15:59:24 UTC 2020 /home/travis/build/icyphy/ptII/ptolemy/domains/sdf/lib/test/auto/IntJoin5.xml
----------------- Instantiating /home/travis/build/icyphy/ptII/ptolemy/domains/sdf/lib/test/auto/IntJoin5.xml
2 ms. Memory: 158720K Free: 123383K (78%)
----------------- Invoking toplevel() on ptolemy.moml.MoMLSimpleApplication@701c8244
----------------- Done invoking toplevel() on ptolemy.moml.MoMLSimpleApplication@701c8244
reloadAllAccessors: .IntJoin5

===========================================================================================
----------------- testing Thu Sep 10 15:59:24 UTC 2020 /home/travis/build/icyphy/ptII/ptolemy/domains/sdf/lib/test/auto/IntToBits.xml
----------------- Instantiating /home/travis/build/icyphy/ptII/ptolemy/domains/sdf/lib/test/auto/IntToBits.xml
10 ms. Memory: 158720K Free: 119797K (75%)
----------------- Invoking toplevel() on ptolemy.moml.MoMLSimpleApplication@719f9447
----------------- Done invoking toplevel() on ptolemy.moml.MoMLSimpleApplication@719f9447
reloadAllAccessors: .IntToBits

===========================================================================================
----------------- testing Thu Sep 10 15:59:24 UTC 2020 /home/travis/build/icyphy/ptII/ptolemy/domains/sdf/lib/test/auto/LMSAdaptive.xml
----------------- Instantiating /home/travis/build/icyphy/ptII/ptolemy/domains/sdf/lib/test/auto/LMSAdaptive.xml
7 ms. Memory: 158720K Free: 111599K (70%)
----------------- Invoking toplevel() on ptolemy.moml.MoMLSimpleApplication@2454b421
----------------- Done invoking toplevel() on ptolemy.moml.MoMLSimpleApplication@2454b421
reloadAllAccessors: .LMSAdaptive

===========================================================================================
----------------- testing Thu Sep 10 15:59:24 UTC 2020 /home/travis/build/icyphy/ptII/ptolemy/domains/sdf/lib/test/auto/LMSAdaptiveFIR.xml
----------------- Instantiating /home/travis/build/icyphy/ptII/ptolemy/domains/sdf/lib/test/auto/LMSAdaptiveFIR.xml
261 ms. Memory: 158720K Free: 76789K (48%)
----------------- Invoking toplevel() on ptolemy.moml.MoMLSimpleApplication@2b51a917
----------------- Done invoking toplevel() on ptolemy.moml.MoMLSimpleApplication@2b51a917
reloadAllAccessors: .LMSAdaptiveFIR

===========================================================================================
----------------- testing Thu Sep 10 15:59:25 UTC 2020 /home/travis/build/icyphy/ptII/ptolemy/domains/sdf/lib/test/auto/LMSAdaptiveFIR2.xml
----------------- Instantiating /home/travis/build/icyphy/ptII/ptolemy/domains/sdf/lib/test/auto/LMSAdaptiveFIR2.xml
347 ms. Memory: 158720K Free: 96931K (61%)
----------------- Invoking toplevel() on ptolemy.moml.MoMLSimpleApplication@1ec5352c
----------------- Done invoking toplevel() on ptolemy.moml.MoMLSimpleApplication@1ec5352c
reloadAllAccessors: .LMSAdaptiveFIR2

===========================================================================================
----------------- testing Thu Sep 10 15:59:25 UTC 2020 /home/travis/build/icyphy/ptII/ptolemy/domains/sdf/lib/test/auto/LongJoin.xml
----------------- Instantiating /home/travis/build/icyphy/ptII/ptolemy/domains/sdf/lib/test/auto/LongJoin.xml
4 ms. Memory: 158720K Free: 92321K (58%)
----------------- Invoking toplevel() on ptolemy.moml.MoMLSimpleApplication@2735198f
----------------- Done invoking toplevel() on ptolemy.moml.MoMLSimpleApplication@2735198f
reloadAllAccessors: .LongJoin

===========================================================================================
----------------- testing Thu Sep 10 15:59:25 UTC 2020 /home/travis/build/icyphy/ptII/ptolemy/domains/sdf/lib/test/auto/Matrix1.xml
----------------- Instantiating /home/travis/build/icyphy/ptII/ptolemy/domains/sdf/lib/test/auto/Matrix1.xml
3 ms. Memory: 158720K Free: 88225K (56%)
----------------- Invoking toplevel() on ptolemy.moml.MoMLSimpleApplication@2dc23c9f
----------------- Done invoking toplevel() on ptolemy.moml.MoMLSimpleApplication@2dc23c9f
reloadAllAccessors: .Matrix1

===========================================================================================
----------------- testing Thu Sep 10 15:59:25 UTC 2020 /home/travis/build/icyphy/ptII/ptolemy/domains/sdf/lib/test/auto/Matrix2.xml
----------------- Instantiating /home/travis/build/icyphy/ptII/ptolemy/domains/sdf/lib/test/auto/Matrix2.xml
3 ms. Memory: 158720K Free: 84129K (53%)
----------------- Invoking toplevel() on ptolemy.moml.MoMLSimpleApplication@812ccc9
----------------- Done invoking toplevel() on ptolemy.moml.MoMLSimpleApplication@812ccc9
reloadAllAccessors: .Matrix2

===========================================================================================
----------------- testing Thu Sep 10 15:59:25 UTC 2020 /home/travis/build/icyphy/ptII/ptolemy/domains/sdf/lib/test/auto/MatrixJoin1.xml
----------------- Instantiating /home/travis/build/icyphy/ptII/ptolemy/domains/sdf/lib/test/auto/MatrixJoin1.xml
2 ms. Memory: 158720K Free: 80033K (50%)
----------------- Invoking toplevel() on ptolemy.moml.MoMLSimpleApplication@95e9ba1
----------------- Done invoking toplevel() on ptolemy.moml.MoMLSimpleApplication@95e9ba1
reloadAllAccessors: .MatrixJoin1

===========================================================================================
----------------- testing Thu Sep 10 15:59:25 UTC 2020 /home/travis/build/icyphy/ptII/ptolemy/domains/sdf/lib/test/auto/MatrixJoin2.xml
----------------- Instantiating /home/travis/build/icyphy/ptII/ptolemy/domains/sdf/lib/test/auto/MatrixJoin2.xml
2 ms. Memory: 158720K Free: 75427K (48%)
----------------- Invoking toplevel() on ptolemy.moml.MoMLSimpleApplication@dca3a10
----------------- Done invoking toplevel() on ptolemy.moml.MoMLSimpleApplication@dca3a10
reloadAllAccessors: .MatrixJoin2

===========================================================================================
----------------- testing Thu Sep 10 15:59:25 UTC 2020 /home/travis/build/icyphy/ptII/ptolemy/domains/sdf/lib/test/auto/MatrixJoin3.xml
----------------- Instantiating /home/travis/build/icyphy/ptII/ptolemy/domains/sdf/lib/test/auto/MatrixJoin3.xml
10 ms. Memory: 158720K Free: 70817K (45%)
----------------- Invoking toplevel() on ptolemy.moml.MoMLSimpleApplication@302f5df6
----------------- Done invoking toplevel() on ptolemy.moml.MoMLSimpleApplication@302f5df6
reloadAllAccessors: .MatrixJoin3

===========================================================================================
----------------- testing Thu Sep 10 15:59:25 UTC 2020 /home/travis/build/icyphy/ptII/ptolemy/domains/sdf/lib/test/auto/MatrixJoin4.xml
----------------- Instantiating /home/travis/build/icyphy/ptII/ptolemy/domains/sdf/lib/test/auto/MatrixJoin4.xml
2 ms. Memory: 158720K Free: 66721K (42%)
----------------- Invoking toplevel() on ptolemy.moml.MoMLSimpleApplication@a62d80c
----------------- Done invoking toplevel() on ptolemy.moml.MoMLSimpleApplication@a62d80c
reloadAllAccessors: .MatrixJoin4

===========================================================================================
----------------- testing Thu Sep 10 15:59:25 UTC 2020 /home/travis/build/icyphy/ptII/ptolemy/domains/sdf/lib/test/auto/MatrixJoin5.xml
----------------- Instantiating /home/travis/build/icyphy/ptII/ptolemy/domains/sdf/lib/test/auto/MatrixJoin5.xml
2 ms. Memory: 158720K Free: 62115K (39%)
----------------- Invoking toplevel() on ptolemy.moml.MoMLSimpleApplication@26f4de48
----------------- Done invoking toplevel() on ptolemy.moml.MoMLSimpleApplication@26f4de48
reloadAllAccessors: .MatrixJoin5

===========================================================================================
----------------- testing Thu Sep 10 15:59:25 UTC 2020 /home/travis/build/icyphy/ptII/ptolemy/domains/sdf/lib/test/auto/MatrixSplit1.xml
----------------- Instantiating /home/travis/build/icyphy/ptII/ptolemy/domains/sdf/lib/test/auto/MatrixSplit1.xml
4 ms. Memory: 158720K Free: 139755K (88%)
----------------- Invoking toplevel() on ptolemy.moml.MoMLSimpleApplication@69e2adf1
----------------- Done invoking toplevel() on ptolemy.moml.MoMLSimpleApplication@69e2adf1
reloadAllAccessors: .MatrixSplit1

===========================================================================================
----------------- testing Thu Sep 10 15:59:25 UTC 2020 /home/travis/build/icyphy/ptII/ptolemy/domains/sdf/lib/test/auto/MatrixSplit10.xml
----------------- Instantiating /home/travis/build/icyphy/ptII/ptolemy/domains/sdf/lib/test/auto/MatrixSplit10.xml
2 ms. Memory: 158720K Free: 135970K (86%)
----------------- Invoking toplevel() on ptolemy.moml.MoMLSimpleApplication@14b3dc19
----------------- Done invoking toplevel() on ptolemy.moml.MoMLSimpleApplication@14b3dc19
reloadAllAccessors: .MatrixSplit10

===========================================================================================
----------------- testing Thu Sep 10 15:59:25 UTC 2020 /home/travis/build/icyphy/ptII/ptolemy/domains/sdf/lib/test/auto/MatrixSplit11.xml
----------------- Instantiating /home/travis/build/icyphy/ptII/ptolemy/domains/sdf/lib/test/auto/MatrixSplit11.xml
2 ms. Memory: 158720K Free: 132388K (83%)
----------------- Invoking toplevel() on ptolemy.moml.MoMLSimpleApplication@6834806b
----------------- Done invoking toplevel() on ptolemy.moml.MoMLSimpleApplication@6834806b
reloadAllAccessors: .MatrixSplit11

===========================================================================================
----------------- testing Thu Sep 10 15:59:25 UTC 2020 /home/travis/build/icyphy/ptII/ptolemy/domains/sdf/lib/test/auto/MatrixSplit12.xml
----------------- Instantiating /home/travis/build/icyphy/ptII/ptolemy/domains/sdf/lib/test/auto/MatrixSplit12.xml
2 ms. Memory: 158720K Free: 128802K (81%)
----------------- Invoking toplevel() on ptolemy.moml.MoMLSimpleApplication@1bcfbc96
----------------- Done invoking toplevel() on ptolemy.moml.MoMLSimpleApplication@1bcfbc96
reloadAllAccessors: .MatrixSplit12

===========================================================================================
----------------- testing Thu Sep 10 15:59:25 UTC 2020 /home/travis/build/icyphy/ptII/ptolemy/domains/sdf/lib/test/auto/MatrixSplit13.xml
----------------- Instantiating /home/travis/build/icyphy/ptII/ptolemy/domains/sdf/lib/test/auto/MatrixSplit13.xml
6 ms. Memory: 158720K Free: 125220K (79%)
----------------- Invoking toplevel() on ptolemy.moml.MoMLSimpleApplication@115eda4c
----------------- Done invoking toplevel() on ptolemy.moml.MoMLSimpleApplication@115eda4c
reloadAllAccessors: .MatrixSplit13

===========================================================================================
----------------- testing Thu Sep 10 15:59:25 UTC 2020 /home/travis/build/icyphy/ptII/ptolemy/domains/sdf/lib/test/auto/MatrixSplit14.xml
----------------- Instantiating /home/travis/build/icyphy/ptII/ptolemy/domains/sdf/lib/test/auto/MatrixSplit14.xml
2 ms. Memory: 158720K Free: 121634K (77%)
----------------- Invoking toplevel() on ptolemy.moml.MoMLSimpleApplication@502ef045
----------------- Done invoking toplevel() on ptolemy.moml.MoMLSimpleApplication@502ef045
reloadAllAccessors: .MatrixSplit14

===========================================================================================
----------------- testing Thu Sep 10 15:59:25 UTC 2020 /home/travis/build/icyphy/ptII/ptolemy/domains/sdf/lib/test/auto/MatrixSplit2.xml
----------------- Instantiating /home/travis/build/icyphy/ptII/ptolemy/domains/sdf/lib/test/auto/MatrixSplit2.xml
2 ms. Memory: 158720K Free: 118052K (74%)
----------------- Invoking toplevel() on ptolemy.moml.MoMLSimpleApplication@fb887fe
----------------- Done invoking toplevel() on ptolemy.moml.MoMLSimpleApplication@fb887fe
reloadAllAccessors: .MatrixSplit2

===========================================================================================
----------------- testing Thu Sep 10 15:59:25 UTC 2020 /home/travis/build/icyphy/ptII/ptolemy/domains/sdf/lib/test/auto/MatrixSplit3.xml
----------------- Instantiating /home/travis/build/icyphy/ptII/ptolemy/domains/sdf/lib/test/auto/MatrixSplit3.xml
2 ms. Memory: 158720K Free: 114466K (72%)
----------------- Invoking toplevel() on ptolemy.moml.MoMLSimpleApplication@75bd5b66
----------------- Done invoking toplevel() on ptolemy.moml.MoMLSimpleApplication@75bd5b66
reloadAllAccessors: .MatrixSplit3

===========================================================================================
----------------- testing Thu Sep 10 15:59:25 UTC 2020 /home/travis/build/icyphy/ptII/ptolemy/domains/sdf/lib/test/auto/MatrixSplit4.xml
----------------- Instantiating /home/travis/build/icyphy/ptII/ptolemy/domains/sdf/lib/test/auto/MatrixSplit4.xml
2 ms. Memory: 158720K Free: 110884K (70%)
----------------- Invoking toplevel() on ptolemy.moml.MoMLSimpleApplication@78cadc7e
----------------- Done invoking toplevel() on ptolemy.moml.MoMLSimpleApplication@78cadc7e
reloadAllAccessors: .MatrixSplit4

===========================================================================================
----------------- testing Thu Sep 10 15:59:25 UTC 2020 /home/travis/build/icyphy/ptII/ptolemy/domains/sdf/lib/test/auto/MatrixSplit5.xml
----------------- Instantiating /home/travis/build/icyphy/ptII/ptolemy/domains/sdf/lib/test/auto/MatrixSplit5.xml
9 ms. Memory: 158720K Free: 107298K (68%)
----------------- Invoking toplevel() on ptolemy.moml.MoMLSimpleApplication@52efb0d1
----------------- Done invoking toplevel() on ptolemy.moml.MoMLSimpleApplication@52efb0d1
reloadAllAccessors: .MatrixSplit5

===========================================================================================
----------------- testing Thu Sep 10 15:59:25 UTC 2020 /home/travis/build/icyphy/ptII/ptolemy/domains/sdf/lib/test/auto/MatrixSplit6.xml
----------------- Instantiating /home/travis/build/icyphy/ptII/ptolemy/domains/sdf/lib/test/auto/MatrixSplit6.xml
3 ms. Memory: 158720K Free: 103716K (65%)
----------------- Invoking toplevel() on ptolemy.moml.MoMLSimpleApplication@7b685c31
----------------- Done invoking toplevel() on ptolemy.moml.MoMLSimpleApplication@7b685c31
reloadAllAccessors: .MatrixSplit6

===========================================================================================
----------------- testing Thu Sep 10 15:59:25 UTC 2020 /home/travis/build/icyphy/ptII/ptolemy/domains/sdf/lib/test/auto/MatrixSplit7.xml
----------------- Instantiating /home/travis/build/icyphy/ptII/ptolemy/domains/sdf/lib/test/auto/MatrixSplit7.xml
1 ms. Memory: 158720K Free: 100130K (63%)
----------------- Invoking toplevel() on ptolemy.moml.MoMLSimpleApplication@39d6a571
----------------- Done invoking toplevel() on ptolemy.moml.MoMLSimpleApplication@39d6a571
reloadAllAccessors: .MatrixSplit7

===========================================================================================
----------------- testing Thu Sep 10 15:59:26 UTC 2020 /home/travis/build/icyphy/ptII/ptolemy/domains/sdf/lib/test/auto/MatrixSplit8.xml
----------------- Instantiating /home/travis/build/icyphy/ptII/ptolemy/domains/sdf/lib/test/auto/MatrixSplit8.xml
2 ms. Memory: 158720K Free: 96548K (61%)
----------------- Invoking toplevel() on ptolemy.moml.MoMLSimpleApplication@2c179290
----------------- Done invoking toplevel() on ptolemy.moml.MoMLSimpleApplication@2c179290
reloadAllAccessors: .MatrixSplit8

===========================================================================================
----------------- testing Thu Sep 10 15:59:26 UTC 2020 /home/travis/build/icyphy/ptII/ptolemy/domains/sdf/lib/test/auto/MatrixSplit9.xml
----------------- Instantiating /home/travis/build/icyphy/ptII/ptolemy/domains/sdf/lib/test/auto/MatrixSplit9.xml
3 ms. Memory: 158720K Free: 92962K (59%)
----------------- Invoking toplevel() on ptolemy.moml.MoMLSimpleApplication@575fbc09
----------------- Done invoking toplevel() on ptolemy.moml.MoMLSimpleApplication@575fbc09
reloadAllAccessors: .MatrixSplit9

===========================================================================================
----------------- testing Thu Sep 10 15:59:26 UTC 2020 /home/travis/build/icyphy/ptII/ptolemy/domains/sdf/lib/test/auto/MatrixToSequence.xml
----------------- Instantiating /home/travis/build/icyphy/ptII/ptolemy/domains/sdf/lib/test/auto/MatrixToSequence.xml
11 ms. Memory: 158720K Free: 83746K (53%)
----------------- Invoking toplevel() on ptolemy.moml.MoMLSimpleApplication@7f48a9ae
----------------- Done invoking toplevel() on ptolemy.moml.MoMLSimpleApplication@7f48a9ae
reloadAllAccessors: .MatrixToSequence

===========================================================================================
----------------- testing Thu Sep 10 15:59:26 UTC 2020 /home/travis/build/icyphy/ptII/ptolemy/domains/sdf/lib/test/auto/MaximumEntropySpectrum.xml
----------------- Instantiating /home/travis/build/icyphy/ptII/ptolemy/domains/sdf/lib/test/auto/MaximumEntropySpectrum.xml
8 ms. Memory: 158720K Free: 62756K (40%)
----------------- Invoking toplevel() on ptolemy.moml.MoMLSimpleApplication@7d85cf1d
----------------- Done invoking toplevel() on ptolemy.moml.MoMLSimpleApplication@7d85cf1d
reloadAllAccessors: .MaximumEntropySpectrum

===========================================================================================
----------------- testing Thu Sep 10 15:59:26 UTC 2020 /home/travis/build/icyphy/ptII/ptolemy/domains/sdf/lib/test/auto/SampleDelayConversion.xml
----------------- Instantiating /home/travis/build/icyphy/ptII/ptolemy/domains/sdf/lib/test/auto/SampleDelayConversion.xml
2 ms. Memory: 158720K Free: 58660K (37%)
----------------- Invoking toplevel() on ptolemy.moml.MoMLSimpleApplication@412b0c6f
----------------- Done invoking toplevel() on ptolemy.moml.MoMLSimpleApplication@412b0c6f
reloadAllAccessors: .SampleDelayConversion

===========================================================================================
----------------- testing Thu Sep 10 15:59:26 UTC 2020 /home/travis/build/icyphy/ptII/ptolemy/domains/sdf/lib/test/auto/SequenceToArray.xml
----------------- Instantiating /home/travis/build/icyphy/ptII/ptolemy/domains/sdf/lib/test/auto/SequenceToArray.xml
9 ms. Memory: 158720K Free: 134283K (85%)
----------------- Invoking toplevel() on ptolemy.moml.MoMLSimpleApplication@4cf26556
----------------- Done invoking toplevel() on ptolemy.moml.MoMLSimpleApplication@4cf26556
reloadAllAccessors: .SequenceToArray

===========================================================================================
----------------- testing Thu Sep 10 15:59:26 UTC 2020 /home/travis/build/icyphy/ptII/ptolemy/domains/sdf/lib/test/auto/SequenceToMatrix.xml
----------------- Instantiating /home/travis/build/icyphy/ptII/ptolemy/domains/sdf/lib/test/auto/SequenceToMatrix.xml
3095 ms. Memory: 190464K Free: 118010K (62%)
----------------- Invoking toplevel() on ptolemy.moml.MoMLSimpleApplication@3587c7b6
----------------- Done invoking toplevel() on ptolemy.moml.MoMLSimpleApplication@3587c7b6
reloadAllAccessors: .SequenceToMatrix

===========================================================================================
----------------- testing Thu Sep 10 15:59:29 UTC 2020 /home/travis/build/icyphy/ptII/ptolemy/domains/sdf/lib/test/auto/SmoothedPeriodogram.xml
----------------- Instantiating /home/travis/build/icyphy/ptII/ptolemy/domains/sdf/lib/test/auto/SmoothedPeriodogram.xml
21 ms. Memory: 190464K Free: 102136K (54%)
----------------- Invoking toplevel() on ptolemy.moml.MoMLSimpleApplication@27596bdf
----------------- Done invoking toplevel() on ptolemy.moml.MoMLSimpleApplication@27596bdf
reloadAllAccessors: .SmoothedPeriodogram

===========================================================================================
----------------- testing Thu Sep 10 15:59:29 UTC 2020 /home/travis/build/icyphy/ptII/ptolemy/domains/sdf/lib/test/auto/UpDownSample1.xml
----------------- Instantiating /home/travis/build/icyphy/ptII/ptolemy/domains/sdf/lib/test/auto/UpDownSample1.xml
3 ms. Memory: 190464K Free: 98040K (51%)
----------------- Invoking toplevel() on ptolemy.moml.MoMLSimpleApplication@3708fa49
----------------- Done invoking toplevel() on ptolemy.moml.MoMLSimpleApplication@3708fa49
reloadAllAccessors: .UpDownSample1

===========================================================================================
----------------- testing Thu Sep 10 15:59:29 UTC 2020 /home/travis/build/icyphy/ptII/ptolemy/domains/sdf/lib/test/auto/UpSample1.xml
----------------- Instantiating /home/travis/build/icyphy/ptII/ptolemy/domains/sdf/lib/test/auto/UpSample1.xml
2 ms. Memory: 190464K Free: 94458K (50%)
----------------- Invoking toplevel() on ptolemy.moml.MoMLSimpleApplication@29521514
----------------- Done invoking toplevel() on ptolemy.moml.MoMLSimpleApplication@29521514
reloadAllAccessors: .UpSample1

===========================================================================================
----------------- testing Thu Sep 10 15:59:29 UTC 2020 /home/travis/build/icyphy/ptII/ptolemy/domains/sdf/lib/test/auto/VariableFIR.xml
----------------- Instantiating /home/travis/build/icyphy/ptII/ptolemy/domains/sdf/lib/test/auto/VariableFIR.xml
3 ms. Memory: 190464K Free: 88824K (47%)
----------------- Invoking toplevel() on ptolemy.moml.MoMLSimpleApplication@1ab012bb
----------------- Done invoking toplevel() on ptolemy.moml.MoMLSimpleApplication@1ab012bb
reloadAllAccessors: .VariableFIR

===========================================================================================
----------------- testing Thu Sep 10 15:59:29 UTC 2020 /home/travis/build/icyphy/ptII/ptolemy/domains/sdf/lib/test/auto/VariableFIR2.xml
----------------- Instantiating /home/travis/build/icyphy/ptII/ptolemy/domains/sdf/lib/test/auto/VariableFIR2.xml
4 ms. Memory: 190464K Free: 83698K (44%)
----------------- Invoking toplevel() on ptolemy.moml.MoMLSimpleApplication@46bc3925
----------------- Done invoking toplevel() on ptolemy.moml.MoMLSimpleApplication@46bc3925
reloadAllAccessors: .VariableFIR2

===========================================================================================
----------------- testing Thu Sep 10 15:59:29 UTC 2020 /home/travis/build/icyphy/ptII/ptolemy/domains/sdf/lib/test/auto/VariableLattice.xml
----------------- Instantiating /home/travis/build/icyphy/ptII/ptolemy/domains/sdf/lib/test/auto/VariableLattice.xml
6 ms. Memory: 190464K Free: 77560K (41%)
----------------- Invoking toplevel() on ptolemy.moml.MoMLSimpleApplication@23ef7209
----------------- Done invoking toplevel() on ptolemy.moml.MoMLSimpleApplication@23ef7209
reloadAllAccessors: .VariableLattice

===========================================================================================
----------------- testing Thu Sep 10 15:59:29 UTC 2020 /home/travis/build/icyphy/ptII/ptolemy/domains/sdf/lib/test/auto/VariableLattice2.xml
----------------- Instantiating /home/travis/build/icyphy/ptII/ptolemy/domains/sdf/lib/test/auto/VariableLattice2.xml
1.0
-1.999999602036
1.9099998677481
-0.9099996420674
0.205
0.0
0.0
1.0
-0.25
-0.5
0.0
0.0
0.0
0.0
6 ms. Memory: 190464K Free: 72954K (38%)
----------------- Invoking toplevel() on ptolemy.moml.MoMLSimpleApplication@788108d
----------------- Done invoking toplevel() on ptolemy.moml.MoMLSimpleApplication@788108d
reloadAllAccessors: .VariableLattice2

===========================================================================================
----------------- testing Thu Sep 10 15:59:29 UTC 2020 /home/travis/build/icyphy/ptII/ptolemy/domains/sdf/lib/test/auto/VariableRecursiveLattice.xml
----------------- Instantiating /home/travis/build/icyphy/ptII/ptolemy/domains/sdf/lib/test/auto/VariableRecursiveLattice.xml
2 ms. Memory: 190464K Free: 68344K (36%)
----------------- Invoking toplevel() on ptolemy.moml.MoMLSimpleApplication@7a897d39
----------------- Done invoking toplevel() on ptolemy.moml.MoMLSimpleApplication@7a897d39
reloadAllAccessors: .VariableRecursiveLattice

===========================================================================================
----------------- testing Thu Sep 10 15:59:29 UTC 2020 /home/travis/build/icyphy/ptII/ptolemy/domains/sdf/lib/test/auto/VariableRecursiveLattice2.xml
----------------- Instantiating /home/travis/build/icyphy/ptII/ptolemy/domains/sdf/lib/test/auto/VariableRecursiveLattice2.xml
2 ms. Memory: 190464K Free: 64762K (34%)
----------------- Invoking toplevel() on ptolemy.moml.MoMLSimpleApplication@58a72561
----------------- Done invoking toplevel() on ptolemy.moml.MoMLSimpleApplication@58a72561
reloadAllAccessors: .VariableRecursiveLattice2
AutoTests.java: About to close Vertx.
AutoTests.java: Vertx closed.
]]></system-out>
  <system-err><![CDATA[]]></system-err>
</testsuite>
