<?xml version="1.0" encoding="UTF-8" ?>
<testsuite errors="0" failures="0" hostname="travis-job-b3d40fa0-a821-4d9b-8061-b3233335af64" name="ptolemy.domains.de.test.junit.JUnitTclTest" skipped="0" tests="101" time="135.219" timestamp="2019-09-03T20:54:09">
  <properties>
[...]
</properties>
  <testcase classname="ptolemy.util.test.junit.TclTests" name="[0] /home/travis/build/icyphy/ptII/ptolemy/domains/de/test/DependencyLoop.tcl (RunTclFile)" time="1.08" />
  <testcase classname="ptolemy.util.test.junit.TclTests" name="[1] /home/travis/build/icyphy/ptII/ptolemy/domains/de/test/RunDETestsAsQSS.tcl (RunTclFile)" time="90.903" />
  <testcase classname="ptolemy.util.test.junit.AutoKnownFailedTests" name="[0] /home/travis/build/icyphy/ptII/ptolemy/domains/de/test/auto/knownFailedTests/DESDFClockTest.xml (RunModel)" time="2.059" />
  <testcase classname="ptolemy.util.test.junit.AutoKnownFailedTests" name="[1] /home/travis/build/icyphy/ptII/ptolemy/domains/de/test/auto/knownFailedTests/DirectFeedback.xml (RunModel)" time="0.014" />
  <testcase classname="ptolemy.util.test.junit.AutoKnownFailedTests" name="[2] /home/travis/build/icyphy/ptII/ptolemy/domains/de/test/auto/knownFailedTests/FSMSource.xml (RunModel)" time="0.039" />
  <testcase classname="ptolemy.util.test.junit.AutoKnownFailedTests" name="[3] /home/travis/build/icyphy/ptII/ptolemy/domains/de/test/auto/knownFailedTests/HierarchicalModel.xml (RunModel)" time="0.048" />
  <testcase classname="ptolemy.util.test.junit.AutoKnownFailedTests" name="[4] /home/travis/build/icyphy/ptII/ptolemy/domains/de/test/auto/knownFailedTests/dependencyLoop.xml (RunModel)" time="0.049" />
  <testcase classname="ptolemy.util.test.junit.AutoKnownFailedTests" name="[5] /home/travis/build/icyphy/ptII/ptolemy/domains/de/test/auto/knownFailedTests/dependencyLoop2.xml (RunModel)" time="0.05" />
  <testcase classname="ptolemy.util.test.junit.AutoNameArchTests" name="[0] ThereAreNoAutoArchTests (RunModel)" time="0.005" />
  <testcase classname="ptolemy.util.test.junit.AutoTests" name="[0] /home/travis/build/icyphy/ptII/ptolemy/domains/de/test/auto/ActorDepthCalculation_actorWithoutPorts.xml (RunModel)" time="0.02" />
  <testcase classname="ptolemy.util.test.junit.AutoTests" name="[1] /home/travis/build/icyphy/ptII/ptolemy/domains/de/test/auto/AssemblyLine.xml (RunModel)" time="0.027" />
  <testcase classname="ptolemy.util.test.junit.AutoTests" name="[2] /home/travis/build/icyphy/ptII/ptolemy/domains/de/test/auto/CQBug1.xml (RunModel)" time="0.01" />
  <testcase classname="ptolemy.util.test.junit.AutoTests" name="[3] /home/travis/build/icyphy/ptII/ptolemy/domains/de/test/auto/CancelFireAt.xml (RunModel)" time="0.014" />
  <testcase classname="ptolemy.util.test.junit.AutoTests" name="[4] /home/travis/build/icyphy/ptII/ptolemy/domains/de/test/auto/CausalityAndComposabilityAnalysis.xml (RunModel)" time="0.024" />
  <testcase classname="ptolemy.util.test.junit.AutoTests" name="[5] /home/travis/build/icyphy/ptII/ptolemy/domains/de/test/auto/CausalityInterface1.xml (RunModel)" time="0.024" />
  <testcase classname="ptolemy.util.test.junit.AutoTests" name="[6] /home/travis/build/icyphy/ptII/ptolemy/domains/de/test/auto/CausalityInterface15.xml (RunModel)" time="0.018" />
  <testcase classname="ptolemy.util.test.junit.AutoTests" name="[7] /home/travis/build/icyphy/ptII/ptolemy/domains/de/test/auto/CausalityInterface2.xml (RunModel)" time="0.016" />
  <testcase classname="ptolemy.util.test.junit.AutoTests" name="[8] /home/travis/build/icyphy/ptII/ptolemy/domains/de/test/auto/CausalityInterface3.xml (RunModel)" time="0.015" />
  <testcase classname="ptolemy.util.test.junit.AutoTests" name="[9] /home/travis/build/icyphy/ptII/ptolemy/domains/de/test/auto/ClockDrift.xml (RunModel)" time="0.042" />
  <testcase classname="ptolemy.util.test.junit.AutoTests" name="[10] /home/travis/build/icyphy/ptII/ptolemy/domains/de/test/auto/ClockDriftAndValueChange.xml (RunModel)" time="0.032" />
  <testcase classname="ptolemy.util.test.junit.AutoTests" name="[11] /home/travis/build/icyphy/ptII/ptolemy/domains/de/test/auto/ClockDriftChange.xml (RunModel)" time="0.039" />
  <testcase classname="ptolemy.util.test.junit.AutoTests" name="[12] /home/travis/build/icyphy/ptII/ptolemy/domains/de/test/auto/ComposableCausalityAnalysis.xml (RunModel)" time="0.021" />
  <testcase classname="ptolemy.util.test.junit.AutoTests" name="[13] /home/travis/build/icyphy/ptII/ptolemy/domains/de/test/auto/DEFixedPointLimitation.xml (RunModel)" time="0.011" />
  <testcase classname="ptolemy.util.test.junit.AutoTests" name="[14] /home/travis/build/icyphy/ptII/ptolemy/domains/de/test/auto/DEScheduleTest.xml (RunModel)" time="0.036" />
  <testcase classname="ptolemy.util.test.junit.AutoTests" name="[15] /home/travis/build/icyphy/ptII/ptolemy/domains/de/test/auto/DEinDEwithStartTimes.xml (RunModel)" time="0.018" />
  <testcase classname="ptolemy.util.test.junit.AutoTests" name="[16] /home/travis/build/icyphy/ptII/ptolemy/domains/de/test/auto/DEinDEwithStartTimes2.xml (RunModel)" time="0.023" />
  <testcase classname="ptolemy.util.test.junit.AutoTests" name="[17] /home/travis/build/icyphy/ptII/ptolemy/domains/de/test/auto/DateDemo.xml (RunModel)" time="0.033" />
  <testcase classname="ptolemy.util.test.junit.AutoTests" name="[18] /home/travis/build/icyphy/ptII/ptolemy/domains/de/test/auto/DateToEvent.xml (RunModel)" time="2.048" />
  <testcase classname="ptolemy.util.test.junit.AutoTests" name="[19] /home/travis/build/icyphy/ptII/ptolemy/domains/de/test/auto/DepthTest1.xml (RunModel)" time="0.014" />
  <testcase classname="ptolemy.util.test.junit.AutoTests" name="[20] /home/travis/build/icyphy/ptII/ptolemy/domains/de/test/auto/DepthTest2.xml (RunModel)" time="0.022" />
  <testcase classname="ptolemy.util.test.junit.AutoTests" name="[21] /home/travis/build/icyphy/ptII/ptolemy/domains/de/test/auto/DepthTest3.xml (RunModel)" time="0.009" />
  <testcase classname="ptolemy.util.test.junit.AutoTests" name="[22] /home/travis/build/icyphy/ptII/ptolemy/domains/de/test/auto/DepthTest4.xml (RunModel)" time="0.013" />
  <testcase classname="ptolemy.util.test.junit.AutoTests" name="[23] /home/travis/build/icyphy/ptII/ptolemy/domains/de/test/auto/DepthTest5.xml (RunModel)" time="0.016" />
  <testcase classname="ptolemy.util.test.junit.AutoTests" name="[24] /home/travis/build/icyphy/ptII/ptolemy/domains/de/test/auto/DepthTest6.xml (RunModel)" time="0.021" />
  <testcase classname="ptolemy.util.test.junit.AutoTests" name="[25] /home/travis/build/icyphy/ptII/ptolemy/domains/de/test/auto/DepthTest7.xml (RunModel)" time="0.012" />
  <testcase classname="ptolemy.util.test.junit.AutoTests" name="[26] /home/travis/build/icyphy/ptII/ptolemy/domains/de/test/auto/EventToDate.xml (RunModel)" time="3.047" />
  <testcase classname="ptolemy.util.test.junit.AutoTests" name="[27] /home/travis/build/icyphy/ptII/ptolemy/domains/de/test/auto/FSM1.xml (RunModel)" time="0.047" />
  <testcase classname="ptolemy.util.test.junit.AutoTests" name="[28] /home/travis/build/icyphy/ptII/ptolemy/domains/de/test/auto/FSM7.xml (RunModel)" time="0.046" />
  <testcase classname="ptolemy.util.test.junit.AutoTests" name="[29] /home/travis/build/icyphy/ptII/ptolemy/domains/de/test/auto/Inspection.xml (RunModel)" time="0.046" />
  <testcase classname="ptolemy.util.test.junit.AutoTests" name="[30] /home/travis/build/icyphy/ptII/ptolemy/domains/de/test/auto/Iteration.xml (RunModel)" time="0.024" />
  <testcase classname="ptolemy.util.test.junit.AutoTests" name="[31] /home/travis/build/icyphy/ptII/ptolemy/domains/de/test/auto/LineFault.xml (RunModel)" time="0.653" />
  <testcase classname="ptolemy.util.test.junit.AutoTests" name="[32] /home/travis/build/icyphy/ptII/ptolemy/domains/de/test/auto/MergeModel1Add.xml (RunModel)" time="0.053" />
  <testcase classname="ptolemy.util.test.junit.AutoTests" name="[33] /home/travis/build/icyphy/ptII/ptolemy/domains/de/test/auto/MergeModel2Add.xml (RunModel)" time="0.04" />
  <testcase classname="ptolemy.util.test.junit.AutoTests" name="[34] /home/travis/build/icyphy/ptII/ptolemy/domains/de/test/auto/MergeModel3Add.xml (RunModel)" time="0.043" />
  <testcase classname="ptolemy.util.test.junit.AutoTests" name="[35] /home/travis/build/icyphy/ptII/ptolemy/domains/de/test/auto/MergeWithoutDiscard.xml (RunModel)" time="0.021" />
  <testcase classname="ptolemy.util.test.junit.AutoTests" name="[36] /home/travis/build/icyphy/ptII/ptolemy/domains/de/test/auto/Modal1.xml (RunModel)" time="0.027" />
  <testcase classname="ptolemy.util.test.junit.AutoTests" name="[37] /home/travis/build/icyphy/ptII/ptolemy/domains/de/test/auto/Modal2.xml (RunModel)" time="0.029" />
  <testcase classname="ptolemy.util.test.junit.AutoTests" name="[38] /home/travis/build/icyphy/ptII/ptolemy/domains/de/test/auto/Modal3.xml (RunModel)" time="0.033" />
  <testcase classname="ptolemy.util.test.junit.AutoTests" name="[39] /home/travis/build/icyphy/ptII/ptolemy/domains/de/test/auto/Modal4.xml (RunModel)" time="0.031" />
  <testcase classname="ptolemy.util.test.junit.AutoTests" name="[40] /home/travis/build/icyphy/ptII/ptolemy/domains/de/test/auto/Modal5.xml (RunModel)" time="0.042" />
  <testcase classname="ptolemy.util.test.junit.AutoTests" name="[41] /home/travis/build/icyphy/ptII/ptolemy/domains/de/test/auto/Modal6.xml (RunModel)" time="0.035" />
  <testcase classname="ptolemy.util.test.junit.AutoTests" name="[42] /home/travis/build/icyphy/ptII/ptolemy/domains/de/test/auto/Modal7.xml (RunModel)" time="0.032" />
  <testcase classname="ptolemy.util.test.junit.AutoTests" name="[43] /home/travis/build/icyphy/ptII/ptolemy/domains/de/test/auto/ModalModel.xml (RunModel)" time="0.175" />
  <testcase classname="ptolemy.util.test.junit.AutoTests" name="[44] /home/travis/build/icyphy/ptII/ptolemy/domains/de/test/auto/ModalSource.xml (RunModel)" time="0.023" />
  <testcase classname="ptolemy.util.test.junit.AutoTests" name="[45] /home/travis/build/icyphy/ptII/ptolemy/domains/de/test/auto/NonInterruptibleTimerZeroDelay.xml (RunModel)" time="0.015" />
  <testcase classname="ptolemy.util.test.junit.AutoTests" name="[46] /home/travis/build/icyphy/ptII/ptolemy/domains/de/test/auto/OpenQueueingNetwork.xml (RunModel)" time="2.043" />
  <testcase classname="ptolemy.util.test.junit.AutoTests" name="[47] /home/travis/build/icyphy/ptII/ptolemy/domains/de/test/auto/OpenQueuingNetwork.xml (RunModel)" time="0.271" />
  <testcase classname="ptolemy.util.test.junit.AutoTests" name="[48] /home/travis/build/icyphy/ptII/ptolemy/domains/de/test/auto/PeriodicSampler.xml (RunModel)" time="0.012" />
  <testcase classname="ptolemy.util.test.junit.AutoTests" name="[49] /home/travis/build/icyphy/ptII/ptolemy/domains/de/test/auto/PersistentIO.xml (RunModel)" time="0.021" />
  <testcase classname="ptolemy.util.test.junit.AutoTests" name="[50] /home/travis/build/icyphy/ptII/ptolemy/domains/de/test/auto/PortParameterResetOnInitialize.xml (RunModel)" time="0.01" />
  <testcase classname="ptolemy.util.test.junit.AutoTests" name="[51] /home/travis/build/icyphy/ptII/ptolemy/domains/de/test/auto/PortParameterUpdates.xml (RunModel)" time="0.023" />
  <testcase classname="ptolemy.util.test.junit.AutoTests" name="[52] /home/travis/build/icyphy/ptII/ptolemy/domains/de/test/auto/QueueAndServer.xml (RunModel)" time="0.028" />
  <testcase classname="ptolemy.util.test.junit.AutoTests" name="[53] /home/travis/build/icyphy/ptII/ptolemy/domains/de/test/auto/Records.xml (RunModel)" time="0.024" />
  <testcase classname="ptolemy.util.test.junit.AutoTests" name="[54] /home/travis/build/icyphy/ptII/ptolemy/domains/de/test/auto/ResetTransitionWithStartTime1.xml (RunModel)" time="0.028" />
  <testcase classname="ptolemy.util.test.junit.AutoTests" name="[55] /home/travis/build/icyphy/ptII/ptolemy/domains/de/test/auto/ResetTransitionWithStartTime2.xml (RunModel)" time="0.021" />
  <testcase classname="ptolemy.util.test.junit.AutoTests" name="[56] /home/travis/build/icyphy/ptII/ptolemy/domains/de/test/auto/ResetTransitionWithStartTime3.xml (RunModel)" time="0.018" />
  <testcase classname="ptolemy.util.test.junit.AutoTests" name="[57] /home/travis/build/icyphy/ptII/ptolemy/domains/de/test/auto/ResetTransitionWithStartTime4.xml (RunModel)" time="0.017" />
  <testcase classname="ptolemy.util.test.junit.AutoTests" name="[58] /home/travis/build/icyphy/ptII/ptolemy/domains/de/test/auto/ResettableTimer1.xml (RunModel)" time="0.01" />
  <testcase classname="ptolemy.util.test.junit.AutoTests" name="[59] /home/travis/build/icyphy/ptII/ptolemy/domains/de/test/auto/ResettableTimer2.xml (RunModel)" time="0.009" />
  <testcase classname="ptolemy.util.test.junit.AutoTests" name="[60] /home/travis/build/icyphy/ptII/ptolemy/domains/de/test/auto/ResettableTimer3.xml (RunModel)" time="0.01" />
  <testcase classname="ptolemy.util.test.junit.AutoTests" name="[61] /home/travis/build/icyphy/ptII/ptolemy/domains/de/test/auto/ResettableTimer4.xml (RunModel)" time="0.01" />
  <testcase classname="ptolemy.util.test.junit.AutoTests" name="[62] /home/travis/build/icyphy/ptII/ptolemy/domains/de/test/auto/ResettableTimer5.xml (RunModel)" time="0.011" />
  <testcase classname="ptolemy.util.test.junit.AutoTests" name="[63] /home/travis/build/icyphy/ptII/ptolemy/domains/de/test/auto/ResettableTimer6.xml (RunModel)" time="0.016" />
  <testcase classname="ptolemy.util.test.junit.AutoTests" name="[64] /home/travis/build/icyphy/ptII/ptolemy/domains/de/test/auto/ServerZeroDelay.xml (RunModel)" time="0.01" />
  <testcase classname="ptolemy.util.test.junit.AutoTests" name="[65] /home/travis/build/icyphy/ptII/ptolemy/domains/de/test/auto/SmartSender.xml (RunModel)" time="3.014" />
  <testcase classname="ptolemy.util.test.junit.AutoTests" name="[66] /home/travis/build/icyphy/ptII/ptolemy/domains/de/test/auto/ThreadedComposite.xml (RunModel)" time="0.305" />
  <testcase classname="ptolemy.util.test.junit.AutoTests" name="[67] /home/travis/build/icyphy/ptII/ptolemy/domains/de/test/auto/Time.xml (RunModel)" time="0.442" />
  <testcase classname="ptolemy.util.test.junit.AutoTests" name="[68] /home/travis/build/icyphy/ptII/ptolemy/domains/de/test/auto/TimeDelayZeroDelay.xml (RunModel)" time="0.017" />
  <testcase classname="ptolemy.util.test.junit.AutoTests" name="[69] /home/travis/build/icyphy/ptII/ptolemy/domains/de/test/auto/TimerZeroDelay.xml (RunModel)" time="0.013" />
  <testcase classname="ptolemy.util.test.junit.AutoTests" name="[70] /home/travis/build/icyphy/ptII/ptolemy/domains/de/test/auto/TimingParadox.xml (RunModel)" time="0.344" />
  <testcase classname="ptolemy.util.test.junit.AutoTests" name="[71] /home/travis/build/icyphy/ptII/ptolemy/domains/de/test/auto/TransferInputs.xml (RunModel)" time="0.018" />
  <testcase classname="ptolemy.util.test.junit.AutoTests" name="[72] /home/travis/build/icyphy/ptII/ptolemy/domains/de/test/auto/TransferOutputs2.xml (RunModel)" time="0.02" />
  <testcase classname="ptolemy.util.test.junit.AutoTests" name="[73] /home/travis/build/icyphy/ptII/ptolemy/domains/de/test/auto/Trilateration.xml (RunModel)" time="14.28" />
  <testcase classname="ptolemy.util.test.junit.AutoTests" name="[74] /home/travis/build/icyphy/ptII/ptolemy/domains/de/test/auto/TwoSigmaDelta.xml (RunModel)" time="2.267" />
  <testcase classname="ptolemy.util.test.junit.AutoTests" name="[75] /home/travis/build/icyphy/ptII/ptolemy/domains/de/test/auto/VariableDelay.xml (RunModel)" time="0.018" />
  <testcase classname="ptolemy.util.test.junit.AutoTests" name="[76] /home/travis/build/icyphy/ptII/ptolemy/domains/de/test/auto/VariableDelay2.xml (RunModel)" time="0.009" />
  <testcase classname="ptolemy.util.test.junit.AutoTests" name="[77] /home/travis/build/icyphy/ptII/ptolemy/domains/de/test/auto/VariableDelayZeroDelay.xml (RunModel)" time="0.013" />
  <testcase classname="ptolemy.util.test.junit.AutoTests" name="[78] /home/travis/build/icyphy/ptII/ptolemy/domains/de/test/auto/VariableDelayZeroDelay2.xml (RunModel)" time="0.011" />
  <testcase classname="ptolemy.util.test.junit.AutoTests" name="[79] /home/travis/build/icyphy/ptII/ptolemy/domains/de/test/auto/deInCt.xml (RunModel)" time="0.015" />
  <testcase classname="ptolemy.util.test.junit.AutoTests" name="[80] /home/travis/build/icyphy/ptII/ptolemy/domains/de/test/auto/deInCt2.xml (RunModel)" time="0.017" />
  <testcase classname="ptolemy.util.test.junit.AutoTests" name="[81] /home/travis/build/icyphy/ptII/ptolemy/domains/de/test/auto/dynamicCausalityInterface1.xml (RunModel)" time="0.017" />
  <testcase classname="ptolemy.util.test.junit.AutoTests" name="[82] /home/travis/build/icyphy/ptII/ptolemy/domains/de/test/auto/fsm_de_test.xml (RunModel)" time="0.026" />
  <testcase classname="ptolemy.util.test.junit.AutoTests" name="[83] /home/travis/build/icyphy/ptII/ptolemy/domains/de/test/auto/functionDependencyReconstruction.xml (RunModel)" time="0.037" />
  <testcase classname="ptolemy.util.test.junit.AutoTests" name="[84] /home/travis/build/icyphy/ptII/ptolemy/domains/de/test/auto/multirate.xml (RunModel)" time="0.016" />
  <testcase classname="ptolemy.util.test.junit.AutoTests" name="[85] /home/travis/build/icyphy/ptII/ptolemy/domains/de/test/auto/multirate2.xml (RunModel)" time="0.019" />
  <testcase classname="ptolemy.util.test.junit.AutoTests" name="[86] /home/travis/build/icyphy/ptII/ptolemy/domains/de/test/auto/realtime.xml (RunModel)" time="10.011" />
  <testcase classname="ptolemy.util.test.junit.AutoTests" name="[87] /home/travis/build/icyphy/ptII/ptolemy/domains/de/test/auto/relationGroup.xml (RunModel)" time="0.009" />
  <testcase classname="ptolemy.util.test.junit.AutoTests" name="[88] /home/travis/build/icyphy/ptII/ptolemy/domains/de/test/auto/relationGroup2.xml (RunModel)" time="0.01" />
  <testcase classname="ptolemy.util.test.junit.AutoTests" name="[89] /home/travis/build/icyphy/ptII/ptolemy/domains/de/test/auto/sortWithOpaquePorts.xml (RunModel)" time="0.008" />
  <testcase classname="ptolemy.util.test.junit.AutoTests" name="[90] /home/travis/build/icyphy/ptII/ptolemy/domains/de/test/auto/transferInputsandOutputs.xml (RunModel)" time="0.022" />
  <testcase classname="ptolemy.util.test.junit.AutoTests" name="[91] /home/travis/build/icyphy/ptII/ptolemy/domains/de/test/auto/triggerType.xml (RunModel)" time="0.012" />
  <system-out><![CDATA[/home/travis/build/icyphy/ptII/ptolemy/domains/de/test/DependencyLoop.tcl
testDefs.tcl: setting time out to 9000 seconds at Tue Sep 03 20:54:09 UTC 2019
86 ms. Memory: 120832K Free: 72012K (60%)
19 ms. Memory: 120832K Free: 54589K (45%)
/home/travis/build/icyphy/ptII/ptolemy/domains/de/test/RunDETestsAsQSS.tcl
Run the DE tests using ptolemy.domains.qss.test.QSSDirectorTest, which extends QSSDirector and prints a message in the constructors.
------------------ testing $PTII/ptolemy/domains/de/test/auto/knownFailedTests/DirectFeedback.xml (Known Failure) 
66 ms. Memory: 120832K Free: 48974K (41%)


==== $PTIIhome/travis/build/icyphy/ptII/ptolemy/domains/de/test/../../../../: Auto Automatic test in file $PTII/ptolemy/domains/de/test/auto/knownFailedTests/DirectFeedback.xml
==== Contents of test case:

	    # FIXME: we should use $relativeFilename here, but it
	    # might have backslashes under Windows, which causes no end
	    # of trouble.
	    createAndExecute $file
	    list {}
	
.... Test generated KNOWN error:
    while executing
ptolemy.kernel.util.IllegalActionException: Test fails in iteration 1.
Value was: 1.0. Should have been: 2.0
  in .DirectFeedback.Test
	at ptolemy.actor.lib.Test.fire(Test.java:268)
	at ptolemy.domains.de.kernel.DEDirector._fire(DEDirector.java:1949)
	at ptolemy.domains.de.kernel.DEDirector.fire(DEDirector.java:502)
	at ptolemy.actor.CompositeActor.fire(CompositeActor.java:455)
	at ptolemy.actor.Manager.iterate(Manager.java:851)
	at ptolemy.actor.Manager.execute(Manager.java:369)
	at ptolemy.actor.Manager.run(Manager.java:1263)
	at ptolemy.actor.Manager$PtolemyRunThread.run(Manager.java:1933)

    while executing
ptolemy.kernel.util.IllegalActionException: Test fails in iteration 1.
Value was: 1.0. Should have been: 2.0
  in .DirectFeedback.Test
    while executing
"java::new ptolemy.moml.MoMLSimpleApplication $file
"
    (procedure "createAndExecute" line 2)
    invoked from within
"createAndExecute $file"
    ("uplevel" body line 5)
    invoked from within
"uplevel $contents_of_test"
------------------ testing $PTII/ptolemy/domains/de/test/auto/knownFailedTests/dependencyLoop.xml (Known Failure) 
32 ms. Memory: 120832K Free: 45902K (38%)


==== $PTIIhome/travis/build/icyphy/ptII/ptolemy/domains/de/test/../../../../: Auto Automatic test in file $PTII/ptolemy/domains/de/test/auto/knownFailedTests/dependencyLoop.xml
==== Contents of test case:

	    # FIXME: we should use $relativeFilename here, but it
	    # might have backslashes under Windows, which causes no end
	    # of trouble.
	    createAndExecute $file
	    list {}
	
.... Test generated KNOWN error:
    while executing
ptolemy.kernel.util.IllegalActionException: Found a zero delay loop containing .dependencyLoop.original
  in .dependencyLoop and .dependencyLoop.original
	at ptolemy.actor.util.CausalityInterfaceForComposites._computeOutputPortDepth(CausalityInterfaceForComposites.java:759)
	at ptolemy.actor.util.CausalityInterfaceForComposites._computeInputDepth(CausalityInterfaceForComposites.java:696)
	at ptolemy.actor.util.CausalityInterfaceForComposites._computeOutputPortDepth(CausalityInterfaceForComposites.java:765)
	at ptolemy.actor.util.CausalityInterfaceForComposites._computeInputDepth(CausalityInterfaceForComposites.java:696)
	at ptolemy.actor.util.CausalityInterfaceForComposites._computeOutputPortDepth(CausalityInterfaceForComposites.java:765)
	at ptolemy.actor.util.CausalityInterfaceForComposites._computeInputDepth(CausalityInterfaceForComposites.java:696)
	at ptolemy.actor.util.CausalityInterfaceForComposites._computeActorDepth(CausalityInterfaceForComposites.java:532)
	at ptolemy.actor.util.CausalityInterfaceForComposites.checkForCycles(CausalityInterfaceForComposites.java:96)
	at ptolemy.domains.de.kernel.DEDirector.preinitialize(DEDirector.java:1338)
	at ptolemy.actor.CompositeActor.preinitialize(CompositeActor.java:1828)
	at ptolemy.actor.Manager.preinitializeAndResolveTypes(Manager.java:1040)
	at ptolemy.actor.Manager.initialize(Manager.java:710)
	at ptolemy.actor.Manager.execute(Manager.java:356)
	at ptolemy.actor.Manager.run(Manager.java:1263)
	at ptolemy.actor.Manager$PtolemyRunThread.run(Manager.java:1933)

    while executing
ptolemy.kernel.util.IllegalActionException: Found a zero delay loop containing .dependencyLoop.original
  in .dependencyLoop and .dependencyLoop.original
    while executing
"java::new ptolemy.moml.MoMLSimpleApplication $file
"
    (procedure "createAndExecute" line 2)
    invoked from within
"createAndExecute $file"
    ("uplevel" body line 5)
    invoked from within
"uplevel $contents_of_test"
------------------ testing $PTII/ptolemy/domains/de/test/auto/knownFailedTests/FSMSource.xml (Known Failure) 
49 ms. Memory: 120832K Free: 99579K (82%)
!!!! Auto was marked as failing, but now passes
------------------ testing $PTII/ptolemy/domains/de/test/auto/knownFailedTests/HierarchicalModel.xml (Known Failure) 
11 ms. Memory: 120832K Free: 82160K (68%)


==== $PTIIhome/travis/build/icyphy/ptII/ptolemy/domains/de/test/../../../../: Auto Automatic test in file $PTII/ptolemy/domains/de/test/auto/knownFailedTests/HierarchicalModel.xml
==== Contents of test case:

	    # FIXME: we should use $relativeFilename here, but it
	    # might have backslashes under Windows, which causes no end
	    # of trouble.
	    createAndExecute $file
	    list {}
	
.... Test generated KNOWN error:
    while executing
ptolemy.kernel.util.IllegalActionException: Found a zero delay loop containing .HierarchicalModel.A
  in .HierarchicalModel and .HierarchicalModel.A
	at ptolemy.actor.util.CausalityInterfaceForComposites._computeOutputPortDepth(CausalityInterfaceForComposites.java:759)
	at ptolemy.actor.util.CausalityInterfaceForComposites._computeInputDepth(CausalityInterfaceForComposites.java:696)
	at ptolemy.actor.util.CausalityInterfaceForComposites._computeOutputPortDepth(CausalityInterfaceForComposites.java:765)
	at ptolemy.actor.util.CausalityInterfaceForComposites._computeInputDepth(CausalityInterfaceForComposites.java:696)
	at ptolemy.actor.util.CausalityInterfaceForComposites._computeOutputPortDepth(CausalityInterfaceForComposites.java:765)
	at ptolemy.actor.util.CausalityInterfaceForComposites._computeInputDepth(CausalityInterfaceForComposites.java:696)
	at ptolemy.actor.util.CausalityInterfaceForComposites._computeActorDepth(CausalityInterfaceForComposites.java:532)
	at ptolemy.actor.util.CausalityInterfaceForComposites.checkForCycles(CausalityInterfaceForComposites.java:96)
	at ptolemy.domains.de.kernel.DEDirector.preinitialize(DEDirector.java:1338)
	at ptolemy.actor.CompositeActor.preinitialize(CompositeActor.java:1828)
	at ptolemy.actor.Manager.preinitializeAndResolveTypes(Manager.java:1040)
	at ptolemy.actor.Manager.initialize(Manager.java:710)
	at ptolemy.actor.Manager.execute(Manager.java:356)
	at ptolemy.actor.Manager.run(Manager.java:1263)
	at ptolemy.actor.Manager$PtolemyRunThread.run(Manager.java:1933)

    while executing
ptolemy.kernel.util.IllegalActionException: Found a zero delay loop containing .HierarchicalModel.A
  in .HierarchicalModel and .HierarchicalModel.A
    while executing
"java::new ptolemy.moml.MoMLSimpleApplication $file
"
    (procedure "createAndExecute" line 2)
    invoked from within
"createAndExecute $file"
    ("uplevel" body line 5)
    invoked from within
"uplevel $contents_of_test"
------------------ testing $PTII/ptolemy/domains/de/test/auto/knownFailedTests/dependencyLoop2.xml (Known Failure) 
39 ms. Memory: 120832K Free: 106791K (88%)


==== $PTIIhome/travis/build/icyphy/ptII/ptolemy/domains/de/test/../../../../: Auto Automatic test in file $PTII/ptolemy/domains/de/test/auto/knownFailedTests/dependencyLoop2.xml
==== Contents of test case:

	    # FIXME: we should use $relativeFilename here, but it
	    # might have backslashes under Windows, which causes no end
	    # of trouble.
	    createAndExecute $file
	    list {}
	
.... Test generated KNOWN error:
    while executing
ptolemy.kernel.util.IllegalActionException: Found a zero delay loop containing .dependencyLoop2.original
  in .dependencyLoop2 and .dependencyLoop2.original
	at ptolemy.actor.util.CausalityInterfaceForComposites._computeOutputPortDepth(CausalityInterfaceForComposites.java:759)
	at ptolemy.actor.util.CausalityInterfaceForComposites._computeInputDepth(CausalityInterfaceForComposites.java:696)
	at ptolemy.actor.util.CausalityInterfaceForComposites._computeOutputPortDepth(CausalityInterfaceForComposites.java:765)
	at ptolemy.actor.util.CausalityInterfaceForComposites._computeInputDepth(CausalityInterfaceForComposites.java:696)
	at ptolemy.actor.util.CausalityInterfaceForComposites._computeOutputPortDepth(CausalityInterfaceForComposites.java:765)
	at ptolemy.actor.util.CausalityInterfaceForComposites._computeInputDepth(CausalityInterfaceForComposites.java:696)
	at ptolemy.actor.util.CausalityInterfaceForComposites._computeActorDepth(CausalityInterfaceForComposites.java:532)
	at ptolemy.actor.util.CausalityInterfaceForComposites.checkForCycles(CausalityInterfaceForComposites.java:96)
	at ptolemy.domains.de.kernel.DEDirector.preinitialize(DEDirector.java:1338)
	at ptolemy.actor.CompositeActor.preinitialize(CompositeActor.java:1828)
	at ptolemy.actor.Manager.preinitializeAndResolveTypes(Manager.java:1040)
	at ptolemy.actor.Manager.initialize(Manager.java:710)
	at ptolemy.actor.Manager.execute(Manager.java:356)
	at ptolemy.actor.Manager.run(Manager.java:1263)
	at ptolemy.actor.Manager$PtolemyRunThread.run(Manager.java:1933)

    while executing
ptolemy.kernel.util.IllegalActionException: Found a zero delay loop containing .dependencyLoop2.original
  in .dependencyLoop2 and .dependencyLoop2.original
    while executing
"java::new ptolemy.moml.MoMLSimpleApplication $file
"
    (procedure "createAndExecute" line 2)
    invoked from within
"createAndExecute $file"
    ("uplevel" body line 5)
    invoked from within
"uplevel $contents_of_test"
------------------ testing $PTII/ptolemy/domains/de/test/auto/knownFailedTests/DESDFClockTest.xml (Known Failure) 
2051 ms. Memory: 120832K Free: 93418K (77%)


==== $PTIIhome/travis/build/icyphy/ptII/ptolemy/domains/de/test/../../../../: Auto Automatic test in file $PTII/ptolemy/domains/de/test/auto/knownFailedTests/DESDFClockTest.xml
==== Contents of test case:

	    # FIXME: we should use $relativeFilename here, but it
	    # might have backslashes under Windows, which causes no end
	    # of trouble.
	    createAndExecute $file
	    list {}
	
.... Test generated KNOWN error:
    while executing
ptolemy.kernel.util.IllegalActionException: Actor is not ready to fire.  Perhaps UpSample.prefire() returned false? Try debugging the actor by selecting "Listen to Actor".  Also, for SDF check moml for tokenConsumptionRate on input.
  in .DESDFClockTest.Play Bell.Copy1:SDF Director and .DESDFClockTest.Play Bell.UpSample
	at ptolemy.actor.sched.StaticSchedulingDirector.fire(StaticSchedulingDirector.java:227)
	at ptolemy.domains.sdf.kernel.SDFDirector.fire(SDFDirector.java:500)
	at ptolemy.actor.CompositeActor.fire(CompositeActor.java:455)
	at ptolemy.domains.de.kernel.DEDirector._fire(DEDirector.java:1949)
	at ptolemy.domains.de.kernel.DEDirector.fire(DEDirector.java:502)
	at ptolemy.actor.CompositeActor.fire(CompositeActor.java:455)
	at ptolemy.actor.Manager.iterate(Manager.java:851)
	at ptolemy.actor.Manager.execute(Manager.java:369)
	at ptolemy.actor.Manager.run(Manager.java:1263)
	at ptolemy.actor.Manager$PtolemyRunThread.run(Manager.java:1933)

    while executing
ptolemy.kernel.util.IllegalActionException: Actor is not ready to fire.  Perhaps UpSample.prefire() returned false? Try debugging the actor by selecting "Listen to Actor".  Also, for SDF check moml for tokenConsumptionRate on input.
  in .DESDFClockTest.Play Bell.Copy1:SDF Director and .DESDFClockTest.Play Bell.UpSample
    while executing
"java::new ptolemy.moml.MoMLSimpleApplication $file
"
    (procedure "createAndExecute" line 2)
    invoked from within
"createAndExecute $file"
    ("uplevel" body line 5)
    invoked from within
"uplevel $contents_of_test"
------------------ testing $PTII/ptolemy/domains/de/test/auto/ActorDepthCalculation_actorWithoutPorts.xml
auto.tcl: Setting watchdog for 200 seconds at Tue Sep 03 20:54:13 UTC 2019
5 ms. Memory: 120832K Free: 86221K (71%)
ptolemy.util.test.WatchDog.cancel(): canceling Tue Sep 03 20:54:13 UTC 2019
auto.tcl: Setting watchdog for 200 seconds at Tue Sep 03 20:54:13 UTC 2019
8 ms. Memory: 120832K Free: 85076K (70%)
ptolemy.util.test.WatchDog.cancel(): canceling Tue Sep 03 20:54:13 UTC 2019
------------------ testing $PTII/ptolemy/domains/de/test/auto/AssemblyLine.xml
auto.tcl: Setting watchdog for 200 seconds at Tue Sep 03 20:54:13 UTC 2019
21 ms. Memory: 48128K Free: 26014K (54%)
ptolemy.util.test.WatchDog.cancel(): canceling Tue Sep 03 20:54:13 UTC 2019
auto.tcl: Setting watchdog for 200 seconds at Tue Sep 03 20:54:13 UTC 2019
15 ms. Memory: 48128K Free: 25318K (53%)
ptolemy.util.test.WatchDog.cancel(): canceling Tue Sep 03 20:54:13 UTC 2019
------------------ testing $PTII/ptolemy/domains/de/test/auto/CQBug1.xml
auto.tcl: Setting watchdog for 200 seconds at Tue Sep 03 20:54:13 UTC 2019
3 ms. Memory: 48128K Free: 31400K (65%)
ptolemy.util.test.WatchDog.cancel(): canceling Tue Sep 03 20:54:14 UTC 2019
auto.tcl: Setting watchdog for 200 seconds at Tue Sep 03 20:54:14 UTC 2019
2 ms. Memory: 48128K Free: 30965K (64%)
ptolemy.util.test.WatchDog.cancel(): canceling Tue Sep 03 20:54:14 UTC 2019
------------------ testing $PTII/ptolemy/domains/de/test/auto/CancelFireAt.xml
auto.tcl: Setting watchdog for 200 seconds at Tue Sep 03 20:54:14 UTC 2019
18 ms. Memory: 48128K Free: 32796K (68%)
ptolemy.util.test.WatchDog.cancel(): canceling Tue Sep 03 20:54:14 UTC 2019
auto.tcl: Setting watchdog for 200 seconds at Tue Sep 03 20:54:14 UTC 2019
1 ms. Memory: 48128K Free: 32361K (67%)
ptolemy.util.test.WatchDog.cancel(): canceling Tue Sep 03 20:54:14 UTC 2019
------------------ testing $PTII/ptolemy/domains/de/test/auto/CausalityAndComposabilityAnalysis.xml
auto.tcl: Setting watchdog for 200 seconds at Tue Sep 03 20:54:14 UTC 2019
14 ms. Memory: 45056K Free: 27427K (61%)
ptolemy.util.test.WatchDog.cancel(): canceling Tue Sep 03 20:54:14 UTC 2019
auto.tcl: Setting watchdog for 200 seconds at Tue Sep 03 20:54:14 UTC 2019
14 ms. Memory: 45056K Free: 26996K (60%)
ptolemy.util.test.WatchDog.cancel(): canceling Tue Sep 03 20:54:14 UTC 2019
------------------ testing $PTII/ptolemy/domains/de/test/auto/CausalityInterface1.xml
auto.tcl: Setting watchdog for 200 seconds at Tue Sep 03 20:54:14 UTC 2019
19 ms. Memory: 45056K Free: 26387K (59%)
ptolemy.util.test.WatchDog.cancel(): canceling Tue Sep 03 20:54:14 UTC 2019
auto.tcl: Setting watchdog for 200 seconds at Tue Sep 03 20:54:14 UTC 2019
5 ms. Memory: 45056K Free: 25377K (56%)
ptolemy.util.test.WatchDog.cancel(): canceling Tue Sep 03 20:54:14 UTC 2019
------------------ testing $PTII/ptolemy/domains/de/test/auto/CausalityInterface15.xml
auto.tcl: Setting watchdog for 200 seconds at Tue Sep 03 20:54:14 UTC 2019
15 ms. Memory: 45056K Free: 26073K (58%)
ptolemy.util.test.WatchDog.cancel(): canceling Tue Sep 03 20:54:14 UTC 2019
auto.tcl: Setting watchdog for 200 seconds at Tue Sep 03 20:54:14 UTC 2019
5 ms. Memory: 45056K Free: 25343K (56%)
ptolemy.util.test.WatchDog.cancel(): canceling Tue Sep 03 20:54:14 UTC 2019
------------------ testing $PTII/ptolemy/domains/de/test/auto/CausalityInterface2.xml
auto.tcl: Setting watchdog for 200 seconds at Tue Sep 03 20:54:14 UTC 2019
6 ms. Memory: 45056K Free: 27098K (60%)
ptolemy.util.test.WatchDog.cancel(): canceling Tue Sep 03 20:54:14 UTC 2019
auto.tcl: Setting watchdog for 200 seconds at Tue Sep 03 20:54:14 UTC 2019
3 ms. Memory: 45056K Free: 26337K (58%)
ptolemy.util.test.WatchDog.cancel(): canceling Tue Sep 03 20:54:14 UTC 2019
------------------ testing $PTII/ptolemy/domains/de/test/auto/CausalityInterface3.xml
auto.tcl: Setting watchdog for 200 seconds at Tue Sep 03 20:54:14 UTC 2019
7 ms. Memory: 45056K Free: 26552K (59%)
ptolemy.util.test.WatchDog.cancel(): canceling Tue Sep 03 20:54:14 UTC 2019
auto.tcl: Setting watchdog for 200 seconds at Tue Sep 03 20:54:14 UTC 2019
3 ms. Memory: 45056K Free: 25763K (57%)
ptolemy.util.test.WatchDog.cancel(): canceling Tue Sep 03 20:54:14 UTC 2019
------------------ testing $PTII/ptolemy/domains/de/test/auto/ClockDrift.xml
auto.tcl: Setting watchdog for 200 seconds at Tue Sep 03 20:54:14 UTC 2019
85 ms. Memory: 45056K Free: 19155K (43%)
ptolemy.util.test.WatchDog.cancel(): canceling Tue Sep 03 20:54:14 UTC 2019
auto.tcl: Setting watchdog for 200 seconds at Tue Sep 03 20:54:14 UTC 2019
32 ms. Memory: 45056K Free: 15735K (35%)
ptolemy.util.test.WatchDog.cancel(): canceling Tue Sep 03 20:54:14 UTC 2019
------------------ testing $PTII/ptolemy/domains/de/test/auto/ClockDriftAndValueChange.xml
auto.tcl: Setting watchdog for 200 seconds at Tue Sep 03 20:54:14 UTC 2019
41 ms. Memory: 45056K Free: 19566K (43%)
ptolemy.util.test.WatchDog.cancel(): canceling Tue Sep 03 20:54:14 UTC 2019
auto.tcl: Setting watchdog for 200 seconds at Tue Sep 03 20:54:14 UTC 2019
37 ms. Memory: 45056K Free: 16373K (36%)
ptolemy.util.test.WatchDog.cancel(): canceling Tue Sep 03 20:54:15 UTC 2019
------------------ testing $PTII/ptolemy/domains/de/test/auto/ClockDriftChange.xml
auto.tcl: Setting watchdog for 200 seconds at Tue Sep 03 20:54:15 UTC 2019
30 ms. Memory: 45056K Free: 21021K (47%)
ptolemy.util.test.WatchDog.cancel(): canceling Tue Sep 03 20:54:15 UTC 2019
auto.tcl: Setting watchdog for 200 seconds at Tue Sep 03 20:54:15 UTC 2019
27 ms. Memory: 45056K Free: 18449K (41%)
ptolemy.util.test.WatchDog.cancel(): canceling Tue Sep 03 20:54:15 UTC 2019
------------------ testing $PTII/ptolemy/domains/de/test/auto/ComposableCausalityAnalysis.xml
auto.tcl: Setting watchdog for 200 seconds at Tue Sep 03 20:54:15 UTC 2019
3 ms. Memory: 45056K Free: 25608K (57%)
ptolemy.util.test.WatchDog.cancel(): canceling Tue Sep 03 20:54:15 UTC 2019
auto.tcl: Setting watchdog for 200 seconds at Tue Sep 03 20:54:15 UTC 2019
5 ms. Memory: 45056K Free: 24358K (54%)
ptolemy.util.test.WatchDog.cancel(): canceling Tue Sep 03 20:54:15 UTC 2019
------------------ testing $PTII/ptolemy/domains/de/test/auto/DEFixedPointLimitation.xml
auto.tcl: Setting watchdog for 200 seconds at Tue Sep 03 20:54:15 UTC 2019
3 ms. Memory: 45056K Free: 26906K (60%)
ptolemy.util.test.WatchDog.cancel(): canceling Tue Sep 03 20:54:15 UTC 2019
auto.tcl: Setting watchdog for 200 seconds at Tue Sep 03 20:54:15 UTC 2019
2 ms. Memory: 45056K Free: 26113K (58%)
ptolemy.util.test.WatchDog.cancel(): canceling Tue Sep 03 20:54:15 UTC 2019
------------------ testing $PTII/ptolemy/domains/de/test/auto/DEScheduleTest.xml
auto.tcl: Setting watchdog for 200 seconds at Tue Sep 03 20:54:15 UTC 2019
7 ms. Memory: 45056K Free: 27286K (61%)
ptolemy.util.test.WatchDog.cancel(): canceling Tue Sep 03 20:54:15 UTC 2019
auto.tcl: Setting watchdog for 200 seconds at Tue Sep 03 20:54:15 UTC 2019
3 ms. Memory: 45056K Free: 26520K (59%)
ptolemy.util.test.WatchDog.cancel(): canceling Tue Sep 03 20:54:15 UTC 2019
------------------ testing $PTII/ptolemy/domains/de/test/auto/DEinDEwithStartTimes.xml
auto.tcl: Setting watchdog for 200 seconds at Tue Sep 03 20:54:15 UTC 2019
6 ms. Memory: 45056K Free: 25497K (57%)
ptolemy.util.test.WatchDog.cancel(): canceling Tue Sep 03 20:54:15 UTC 2019
auto.tcl: Setting watchdog for 200 seconds at Tue Sep 03 20:54:15 UTC 2019
6 ms. Memory: 45056K Free: 24423K (54%)
ptolemy.util.test.WatchDog.cancel(): canceling Tue Sep 03 20:54:15 UTC 2019
------------------ testing $PTII/ptolemy/domains/de/test/auto/DEinDEwithStartTimes2.xml
auto.tcl: Setting watchdog for 200 seconds at Tue Sep 03 20:54:15 UTC 2019
4 ms. Memory: 45056K Free: 24710K (55%)
ptolemy.util.test.WatchDog.cancel(): canceling Tue Sep 03 20:54:15 UTC 2019
auto.tcl: Setting watchdog for 200 seconds at Tue Sep 03 20:54:15 UTC 2019
4 ms. Memory: 45056K Free: 23378K (52%)
ptolemy.util.test.WatchDog.cancel(): canceling Tue Sep 03 20:54:15 UTC 2019
------------------ testing $PTII/ptolemy/domains/de/test/auto/DateDemo.xml
auto.tcl: Setting watchdog for 200 seconds at Tue Sep 03 20:54:15 UTC 2019
12 ms. Memory: 45056K Free: 19587K (43%)
ptolemy.util.test.WatchDog.cancel(): canceling Tue Sep 03 20:54:15 UTC 2019
auto.tcl: Setting watchdog for 200 seconds at Tue Sep 03 20:54:15 UTC 2019
10 ms. Memory: 45056K Free: 17848K (40%)
ptolemy.util.test.WatchDog.cancel(): canceling Tue Sep 03 20:54:15 UTC 2019
------------------ testing $PTII/ptolemy/domains/de/test/auto/DateToEvent.xml
auto.tcl: Setting watchdog for 200 seconds at Tue Sep 03 20:54:15 UTC 2019
2016 ms. Memory: 45056K Free: 14510K (32%)
ptolemy.util.test.WatchDog.cancel(): canceling Tue Sep 03 20:54:17 UTC 2019
auto.tcl: Setting watchdog for 200 seconds at Tue Sep 03 20:54:17 UTC 2019
2006 ms. Memory: 45056K Free: 14124K (31%)
ptolemy.util.test.WatchDog.cancel(): canceling Tue Sep 03 20:54:19 UTC 2019
------------------ testing $PTII/ptolemy/domains/de/test/auto/DepthTest1.xml
auto.tcl: Setting watchdog for 200 seconds at Tue Sep 03 20:54:19 UTC 2019
5 ms. Memory: 45056K Free: 28221K (63%)
ptolemy.util.test.WatchDog.cancel(): canceling Tue Sep 03 20:54:19 UTC 2019
auto.tcl: Setting watchdog for 200 seconds at Tue Sep 03 20:54:19 UTC 2019
1 ms. Memory: 45056K Free: 27694K (61%)
ptolemy.util.test.WatchDog.cancel(): canceling Tue Sep 03 20:54:19 UTC 2019
------------------ testing $PTII/ptolemy/domains/de/test/auto/DepthTest2.xml
auto.tcl: Setting watchdog for 200 seconds at Tue Sep 03 20:54:19 UTC 2019
3 ms. Memory: 45056K Free: 24968K (55%)
ptolemy.util.test.WatchDog.cancel(): canceling Tue Sep 03 20:54:20 UTC 2019
auto.tcl: Setting watchdog for 200 seconds at Tue Sep 03 20:54:20 UTC 2019
3 ms. Memory: 45056K Free: 24418K (54%)
ptolemy.util.test.WatchDog.cancel(): canceling Tue Sep 03 20:54:20 UTC 2019
------------------ testing $PTII/ptolemy/domains/de/test/auto/DepthTest3.xml
auto.tcl: Setting watchdog for 200 seconds at Tue Sep 03 20:54:20 UTC 2019
3 ms. Memory: 45056K Free: 28419K (63%)
ptolemy.util.test.WatchDog.cancel(): canceling Tue Sep 03 20:54:20 UTC 2019
auto.tcl: Setting watchdog for 200 seconds at Tue Sep 03 20:54:20 UTC 2019
2 ms. Memory: 45056K Free: 28037K (62%)
ptolemy.util.test.WatchDog.cancel(): canceling Tue Sep 03 20:54:20 UTC 2019
------------------ testing $PTII/ptolemy/domains/de/test/auto/DepthTest4.xml
auto.tcl: Setting watchdog for 200 seconds at Tue Sep 03 20:54:20 UTC 2019
4 ms. Memory: 45056K Free: 26455K (59%)
ptolemy.util.test.WatchDog.cancel(): canceling Tue Sep 03 20:54:20 UTC 2019
auto.tcl: Setting watchdog for 200 seconds at Tue Sep 03 20:54:20 UTC 2019
2 ms. Memory: 45056K Free: 25659K (57%)
ptolemy.util.test.WatchDog.cancel(): canceling Tue Sep 03 20:54:20 UTC 2019
------------------ testing $PTII/ptolemy/domains/de/test/auto/DepthTest5.xml
auto.tcl: Setting watchdog for 200 seconds at Tue Sep 03 20:54:20 UTC 2019
3 ms. Memory: 45056K Free: 25929K (58%)
ptolemy.util.test.WatchDog.cancel(): canceling Tue Sep 03 20:54:20 UTC 2019
auto.tcl: Setting watchdog for 200 seconds at Tue Sep 03 20:54:20 UTC 2019
2 ms. Memory: 45056K Free: 25548K (57%)
ptolemy.util.test.WatchDog.cancel(): canceling Tue Sep 03 20:54:20 UTC 2019
------------------ testing $PTII/ptolemy/domains/de/test/auto/DepthTest6.xml
auto.tcl: Setting watchdog for 200 seconds at Tue Sep 03 20:54:20 UTC 2019
4 ms. Memory: 45056K Free: 25871K (57%)
ptolemy.util.test.WatchDog.cancel(): canceling Tue Sep 03 20:54:20 UTC 2019
auto.tcl: Setting watchdog for 200 seconds at Tue Sep 03 20:54:20 UTC 2019
2 ms. Memory: 45056K Free: 25357K (56%)
ptolemy.util.test.WatchDog.cancel(): canceling Tue Sep 03 20:54:20 UTC 2019
------------------ testing $PTII/ptolemy/domains/de/test/auto/DepthTest7.xml
auto.tcl: Setting watchdog for 200 seconds at Tue Sep 03 20:54:20 UTC 2019
5 ms. Memory: 45056K Free: 26378K (59%)
ptolemy.util.test.WatchDog.cancel(): canceling Tue Sep 03 20:54:20 UTC 2019
auto.tcl: Setting watchdog for 200 seconds at Tue Sep 03 20:54:20 UTC 2019
2 ms. Memory: 45056K Free: 25973K (58%)
ptolemy.util.test.WatchDog.cancel(): canceling Tue Sep 03 20:54:20 UTC 2019
------------------ testing $PTII/ptolemy/domains/de/test/auto/EventToDate.xml
auto.tcl: Setting watchdog for 200 seconds at Tue Sep 03 20:54:20 UTC 2019
3006 ms. Memory: 45056K Free: 17289K (38%)
ptolemy.util.test.WatchDog.cancel(): canceling Tue Sep 03 20:54:23 UTC 2019
auto.tcl: Setting watchdog for 200 seconds at Tue Sep 03 20:54:23 UTC 2019
3004 ms. Memory: 45056K Free: 16397K (36%)
ptolemy.util.test.WatchDog.cancel(): canceling Tue Sep 03 20:54:26 UTC 2019
------------------ testing $PTII/ptolemy/domains/de/test/auto/FSM1.xml
auto.tcl: Setting watchdog for 200 seconds at Tue Sep 03 20:54:26 UTC 2019
20 ms. Memory: 45056K Free: 18704K (42%)
ptolemy.util.test.WatchDog.cancel(): canceling Tue Sep 03 20:54:26 UTC 2019
auto.tcl: Setting watchdog for 200 seconds at Tue Sep 03 20:54:26 UTC 2019
23 ms. Memory: 45056K Free: 15443K (34%)
ptolemy.util.test.WatchDog.cancel(): canceling Tue Sep 03 20:54:26 UTC 2019
------------------ testing $PTII/ptolemy/domains/de/test/auto/FSM7.xml
auto.tcl: Setting watchdog for 200 seconds at Tue Sep 03 20:54:26 UTC 2019
18 ms. Memory: 45056K Free: 18001K (40%)
ptolemy.util.test.WatchDog.cancel(): canceling Tue Sep 03 20:54:26 UTC 2019
auto.tcl: Setting watchdog for 200 seconds at Tue Sep 03 20:54:26 UTC 2019
30 ms. Memory: 45056K Free: 14856K (33%)
ptolemy.util.test.WatchDog.cancel(): canceling Tue Sep 03 20:54:26 UTC 2019
------------------ testing $PTII/ptolemy/domains/de/test/auto/Inspection.xml
auto.tcl: Setting watchdog for 200 seconds at Tue Sep 03 20:54:26 UTC 2019
25 ms. Memory: 45056K Free: 17833K (40%)
ptolemy.util.test.WatchDog.cancel(): canceling Tue Sep 03 20:54:26 UTC 2019
auto.tcl: Setting watchdog for 200 seconds at Tue Sep 03 20:54:26 UTC 2019
21 ms. Memory: 45056K Free: 15953K (35%)
ptolemy.util.test.WatchDog.cancel(): canceling Tue Sep 03 20:54:26 UTC 2019
------------------ testing $PTII/ptolemy/domains/de/test/auto/Iteration.xml
auto.tcl: Setting watchdog for 200 seconds at Tue Sep 03 20:54:26 UTC 2019
11 ms. Memory: 45056K Free: 23654K (52%)
ptolemy.util.test.WatchDog.cancel(): canceling Tue Sep 03 20:54:26 UTC 2019
auto.tcl: Setting watchdog for 200 seconds at Tue Sep 03 20:54:26 UTC 2019
10 ms. Memory: 45056K Free: 22489K (50%)
ptolemy.util.test.WatchDog.cancel(): canceling Tue Sep 03 20:54:26 UTC 2019
------------------ testing $PTII/ptolemy/domains/de/test/auto/LineFault.xml
auto.tcl: Setting watchdog for 200 seconds at Tue Sep 03 20:54:27 UTC 2019
760 ms. Memory: 58368K Free: 18935K (32%)
ptolemy.util.test.WatchDog.cancel(): canceling Tue Sep 03 20:54:28 UTC 2019
auto.tcl: Setting watchdog for 200 seconds at Tue Sep 03 20:54:28 UTC 2019
620 ms. Memory: 58368K Free: 36324K (62%)
ptolemy.util.test.WatchDog.cancel(): canceling Tue Sep 03 20:54:28 UTC 2019
------------------ testing $PTII/ptolemy/domains/de/test/auto/MergeModel1Add.xml
auto.tcl: Setting watchdog for 200 seconds at Tue Sep 03 20:54:28 UTC 2019
40 ms. Memory: 55296K Free: 19468K (35%)
ptolemy.util.test.WatchDog.cancel(): canceling Tue Sep 03 20:54:28 UTC 2019
auto.tcl: Setting watchdog for 200 seconds at Tue Sep 03 20:54:28 UTC 2019
16 ms. Memory: 55296K Free: 17949K (32%)
ptolemy.util.test.WatchDog.cancel(): canceling Tue Sep 03 20:54:28 UTC 2019
------------------ testing $PTII/ptolemy/domains/de/test/auto/MergeModel2Add.xml
auto.tcl: Setting watchdog for 200 seconds at Tue Sep 03 20:54:28 UTC 2019
10 ms. Memory: 55296K Free: 22057K (40%)
ptolemy.util.test.WatchDog.cancel(): canceling Tue Sep 03 20:54:29 UTC 2019
auto.tcl: Setting watchdog for 200 seconds at Tue Sep 03 20:54:29 UTC 2019
9 ms. Memory: 55296K Free: 20465K (37%)
ptolemy.util.test.WatchDog.cancel(): canceling Tue Sep 03 20:54:29 UTC 2019
------------------ testing $PTII/ptolemy/domains/de/test/auto/MergeModel3Add.xml
auto.tcl: Setting watchdog for 200 seconds at Tue Sep 03 20:54:29 UTC 2019
11 ms. Memory: 55296K Free: 21772K (39%)
ptolemy.util.test.WatchDog.cancel(): canceling Tue Sep 03 20:54:29 UTC 2019
auto.tcl: Setting watchdog for 200 seconds at Tue Sep 03 20:54:29 UTC 2019
10 ms. Memory: 55296K Free: 20438K (37%)
ptolemy.util.test.WatchDog.cancel(): canceling Tue Sep 03 20:54:29 UTC 2019
------------------ testing $PTII/ptolemy/domains/de/test/auto/MergeWithoutDiscard.xml
auto.tcl: Setting watchdog for 200 seconds at Tue Sep 03 20:54:29 UTC 2019
1 ms. Memory: 55296K Free: 36658K (66%)
ptolemy.util.test.WatchDog.cancel(): canceling Tue Sep 03 20:54:29 UTC 2019
auto.tcl: Setting watchdog for 200 seconds at Tue Sep 03 20:54:29 UTC 2019
1 ms. Memory: 55296K Free: 35772K (65%)
ptolemy.util.test.WatchDog.cancel(): canceling Tue Sep 03 20:54:29 UTC 2019
------------------ testing $PTII/ptolemy/domains/de/test/auto/Modal1.xml
auto.tcl: Setting watchdog for 200 seconds at Tue Sep 03 20:54:29 UTC 2019
13 ms. Memory: 51200K Free: 24432K (48%)
ptolemy.util.test.WatchDog.cancel(): canceling Tue Sep 03 20:54:29 UTC 2019
auto.tcl: Setting watchdog for 200 seconds at Tue Sep 03 20:54:29 UTC 2019
14 ms. Memory: 51200K Free: 21181K (41%)
ptolemy.util.test.WatchDog.cancel(): canceling Tue Sep 03 20:54:29 UTC 2019
------------------ testing $PTII/ptolemy/domains/de/test/auto/Modal2.xml
auto.tcl: Setting watchdog for 200 seconds at Tue Sep 03 20:54:29 UTC 2019
21 ms. Memory: 51200K Free: 24309K (47%)
ptolemy.util.test.WatchDog.cancel(): canceling Tue Sep 03 20:54:29 UTC 2019
auto.tcl: Setting watchdog for 200 seconds at Tue Sep 03 20:54:29 UTC 2019
23 ms. Memory: 51200K Free: 21075K (41%)
ptolemy.util.test.WatchDog.cancel(): canceling Tue Sep 03 20:54:29 UTC 2019
------------------ testing $PTII/ptolemy/domains/de/test/auto/Modal3.xml
auto.tcl: Setting watchdog for 200 seconds at Tue Sep 03 20:54:29 UTC 2019
12 ms. Memory: 51200K Free: 24049K (47%)
ptolemy.util.test.WatchDog.cancel(): canceling Tue Sep 03 20:54:29 UTC 2019
auto.tcl: Setting watchdog for 200 seconds at Tue Sep 03 20:54:29 UTC 2019
12 ms. Memory: 51200K Free: 21086K (41%)
ptolemy.util.test.WatchDog.cancel(): canceling Tue Sep 03 20:54:29 UTC 2019
------------------ testing $PTII/ptolemy/domains/de/test/auto/Modal4.xml
auto.tcl: Setting watchdog for 200 seconds at Tue Sep 03 20:54:29 UTC 2019
13 ms. Memory: 51200K Free: 23267K (45%)
ptolemy.util.test.WatchDog.cancel(): canceling Tue Sep 03 20:54:29 UTC 2019
auto.tcl: Setting watchdog for 200 seconds at Tue Sep 03 20:54:29 UTC 2019
15 ms. Memory: 51200K Free: 19433K (38%)
ptolemy.util.test.WatchDog.cancel(): canceling Tue Sep 03 20:54:29 UTC 2019
------------------ testing $PTII/ptolemy/domains/de/test/auto/Modal5.xml
auto.tcl: Setting watchdog for 200 seconds at Tue Sep 03 20:54:29 UTC 2019
16 ms. Memory: 51200K Free: 23267K (45%)
ptolemy.util.test.WatchDog.cancel(): canceling Tue Sep 03 20:54:29 UTC 2019
auto.tcl: Setting watchdog for 200 seconds at Tue Sep 03 20:54:29 UTC 2019
18 ms. Memory: 51200K Free: 19419K (38%)
ptolemy.util.test.WatchDog.cancel(): canceling Tue Sep 03 20:54:29 UTC 2019
------------------ testing $PTII/ptolemy/domains/de/test/auto/Modal6.xml
auto.tcl: Setting watchdog for 200 seconds at Tue Sep 03 20:54:29 UTC 2019
18 ms. Memory: 51200K Free: 24044K (47%)
ptolemy.util.test.WatchDog.cancel(): canceling Tue Sep 03 20:54:29 UTC 2019
auto.tcl: Setting watchdog for 200 seconds at Tue Sep 03 20:54:29 UTC 2019
20 ms. Memory: 51200K Free: 20047K (39%)
ptolemy.util.test.WatchDog.cancel(): canceling Tue Sep 03 20:54:29 UTC 2019
------------------ testing $PTII/ptolemy/domains/de/test/auto/Modal7.xml
auto.tcl: Setting watchdog for 200 seconds at Tue Sep 03 20:54:30 UTC 2019
16 ms. Memory: 51200K Free: 22999K (45%)
ptolemy.util.test.WatchDog.cancel(): canceling Tue Sep 03 20:54:30 UTC 2019
auto.tcl: Setting watchdog for 200 seconds at Tue Sep 03 20:54:30 UTC 2019
13 ms. Memory: 51200K Free: 19628K (38%)
ptolemy.util.test.WatchDog.cancel(): canceling Tue Sep 03 20:54:30 UTC 2019
------------------ testing $PTII/ptolemy/domains/de/test/auto/ModalModel.xml
auto.tcl: Setting watchdog for 200 seconds at Tue Sep 03 20:54:30 UTC 2019
264 ms. Memory: 68608K Free: 32018K (47%)
ptolemy.util.test.WatchDog.cancel(): canceling Tue Sep 03 20:54:30 UTC 2019
auto.tcl: Setting watchdog for 200 seconds at Tue Sep 03 20:54:30 UTC 2019
226 ms. Memory: 68608K Free: 41112K (60%)
ptolemy.util.test.WatchDog.cancel(): canceling Tue Sep 03 20:54:30 UTC 2019
------------------ testing $PTII/ptolemy/domains/de/test/auto/ModalSource.xml
auto.tcl: Setting watchdog for 200 seconds at Tue Sep 03 20:54:30 UTC 2019
9 ms. Memory: 51200K Free: 28091K (55%)
ptolemy.util.test.WatchDog.cancel(): canceling Tue Sep 03 20:54:30 UTC 2019
auto.tcl: Setting watchdog for 200 seconds at Tue Sep 03 20:54:30 UTC 2019
7 ms. Memory: 51200K Free: 26043K (51%)
ptolemy.util.test.WatchDog.cancel(): canceling Tue Sep 03 20:54:30 UTC 2019
------------------ testing $PTII/ptolemy/domains/de/test/auto/NonInterruptibleTimerZeroDelay.xml
auto.tcl: Setting watchdog for 200 seconds at Tue Sep 03 20:54:30 UTC 2019
4 ms. Memory: 51200K Free: 33244K (65%)
ptolemy.util.test.WatchDog.cancel(): canceling Tue Sep 03 20:54:30 UTC 2019
auto.tcl: Setting watchdog for 200 seconds at Tue Sep 03 20:54:30 UTC 2019
2 ms. Memory: 51200K Free: 32408K (63%)
ptolemy.util.test.WatchDog.cancel(): canceling Tue Sep 03 20:54:30 UTC 2019
------------------ testing $PTII/ptolemy/domains/de/test/auto/OpenQueueingNetwork.xml
auto.tcl: Setting watchdog for 200 seconds at Tue Sep 03 20:54:30 UTC 2019
3007 ms. Memory: 103424K Free: 77755K (75%)
ptolemy.util.test.WatchDog.cancel(): canceling Tue Sep 03 20:54:34 UTC 2019
auto.tcl: Setting watchdog for 200 seconds at Tue Sep 03 20:54:34 UTC 2019
2496 ms. Memory: 103424K Free: 38303K (37%)
ptolemy.util.test.WatchDog.cancel(): canceling Tue Sep 03 20:54:36 UTC 2019
------------------ testing $PTII/ptolemy/domains/de/test/auto/OpenQueuingNetwork.xml
auto.tcl: Setting watchdog for 200 seconds at Tue Sep 03 20:54:36 UTC 2019
245 ms. Memory: 66560K Free: 35272K (53%)
ptolemy.util.test.WatchDog.cancel(): canceling Tue Sep 03 20:54:37 UTC 2019
auto.tcl: Setting watchdog for 200 seconds at Tue Sep 03 20:54:37 UTC 2019
243 ms. Memory: 66560K Free: 21338K (32%)
ptolemy.util.test.WatchDog.cancel(): canceling Tue Sep 03 20:54:37 UTC 2019
------------------ testing $PTII/ptolemy/domains/de/test/auto/PeriodicSampler.xml
auto.tcl: Setting watchdog for 200 seconds at Tue Sep 03 20:54:37 UTC 2019
2 ms. Memory: 51200K Free: 32224K (63%)
ptolemy.util.test.WatchDog.cancel(): canceling Tue Sep 03 20:54:37 UTC 2019
auto.tcl: Setting watchdog for 200 seconds at Tue Sep 03 20:54:37 UTC 2019
2 ms. Memory: 51200K Free: 31710K (62%)
ptolemy.util.test.WatchDog.cancel(): canceling Tue Sep 03 20:54:37 UTC 2019
------------------ testing $PTII/ptolemy/domains/de/test/auto/PersistentIO.xml
auto.tcl: Setting watchdog for 200 seconds at Tue Sep 03 20:54:37 UTC 2019
12 ms. Memory: 51200K Free: 27148K (53%)
ptolemy.util.test.WatchDog.cancel(): canceling Tue Sep 03 20:54:37 UTC 2019
auto.tcl: Setting watchdog for 200 seconds at Tue Sep 03 20:54:37 UTC 2019
5 ms. Memory: 51200K Free: 25628K (50%)
ptolemy.util.test.WatchDog.cancel(): canceling Tue Sep 03 20:54:37 UTC 2019
------------------ testing $PTII/ptolemy/domains/de/test/auto/PortParameterResetOnInitialize.xml
auto.tcl: Setting watchdog for 200 seconds at Tue Sep 03 20:54:37 UTC 2019
6 ms. Memory: 51200K Free: 32360K (63%)
ptolemy.util.test.WatchDog.cancel(): canceling Tue Sep 03 20:54:37 UTC 2019
auto.tcl: Setting watchdog for 200 seconds at Tue Sep 03 20:54:37 UTC 2019
2 ms. Memory: 51200K Free: 31816K (62%)
ptolemy.util.test.WatchDog.cancel(): canceling Tue Sep 03 20:54:37 UTC 2019
------------------ testing $PTII/ptolemy/domains/de/test/auto/PortParameterUpdates.xml
auto.tcl: Setting watchdog for 200 seconds at Tue Sep 03 20:54:37 UTC 2019
11 ms. Memory: 51200K Free: 30455K (59%)
ptolemy.util.test.WatchDog.cancel(): canceling Tue Sep 03 20:54:37 UTC 2019
auto.tcl: Setting watchdog for 200 seconds at Tue Sep 03 20:54:37 UTC 2019
3 ms. Memory: 51200K Free: 29201K (57%)
ptolemy.util.test.WatchDog.cancel(): canceling Tue Sep 03 20:54:37 UTC 2019
------------------ testing $PTII/ptolemy/domains/de/test/auto/QueueAndServer.xml
auto.tcl: Setting watchdog for 200 seconds at Tue Sep 03 20:54:37 UTC 2019
6 ms. Memory: 51200K Free: 29396K (57%)
ptolemy.util.test.WatchDog.cancel(): canceling Tue Sep 03 20:54:37 UTC 2019
auto.tcl: Setting watchdog for 200 seconds at Tue Sep 03 20:54:37 UTC 2019
6 ms. Memory: 51200K Free: 28149K (55%)
ptolemy.util.test.WatchDog.cancel(): canceling Tue Sep 03 20:54:37 UTC 2019
------------------ testing $PTII/ptolemy/domains/de/test/auto/Records.xml
auto.tcl: Setting watchdog for 200 seconds at Tue Sep 03 20:54:37 UTC 2019
3 ms. Memory: 51200K Free: 31378K (61%)
ptolemy.util.test.WatchDog.cancel(): canceling Tue Sep 03 20:54:37 UTC 2019
auto.tcl: Setting watchdog for 200 seconds at Tue Sep 03 20:54:37 UTC 2019
2 ms. Memory: 51200K Free: 30864K (60%)
ptolemy.util.test.WatchDog.cancel(): canceling Tue Sep 03 20:54:37 UTC 2019
------------------ testing $PTII/ptolemy/domains/de/test/auto/ResetTransitionWithStartTime1.xml
auto.tcl: Setting watchdog for 200 seconds at Tue Sep 03 20:54:37 UTC 2019
12 ms. Memory: 51200K Free: 28633K (56%)
ptolemy.util.test.WatchDog.cancel(): canceling Tue Sep 03 20:54:37 UTC 2019
auto.tcl: Setting watchdog for 200 seconds at Tue Sep 03 20:54:37 UTC 2019
5 ms. Memory: 51200K Free: 26057K (51%)
ptolemy.util.test.WatchDog.cancel(): canceling Tue Sep 03 20:54:37 UTC 2019
------------------ testing $PTII/ptolemy/domains/de/test/auto/ResetTransitionWithStartTime2.xml
auto.tcl: Setting watchdog for 200 seconds at Tue Sep 03 20:54:37 UTC 2019
5 ms. Memory: 51200K Free: 28587K (56%)
ptolemy.util.test.WatchDog.cancel(): canceling Tue Sep 03 20:54:38 UTC 2019
auto.tcl: Setting watchdog for 200 seconds at Tue Sep 03 20:54:38 UTC 2019
5 ms. Memory: 51200K Free: 26557K (52%)
ptolemy.util.test.WatchDog.cancel(): canceling Tue Sep 03 20:54:38 UTC 2019
------------------ testing $PTII/ptolemy/domains/de/test/auto/ResetTransitionWithStartTime3.xml
auto.tcl: Setting watchdog for 200 seconds at Tue Sep 03 20:54:38 UTC 2019
11 ms. Memory: 51200K Free: 28586K (56%)
ptolemy.util.test.WatchDog.cancel(): canceling Tue Sep 03 20:54:38 UTC 2019
auto.tcl: Setting watchdog for 200 seconds at Tue Sep 03 20:54:38 UTC 2019
9 ms. Memory: 51200K Free: 26018K (51%)
ptolemy.util.test.WatchDog.cancel(): canceling Tue Sep 03 20:54:38 UTC 2019
------------------ testing $PTII/ptolemy/domains/de/test/auto/ResetTransitionWithStartTime4.xml
auto.tcl: Setting watchdog for 200 seconds at Tue Sep 03 20:54:38 UTC 2019
11 ms. Memory: 51200K Free: 29013K (57%)
ptolemy.util.test.WatchDog.cancel(): canceling Tue Sep 03 20:54:38 UTC 2019
auto.tcl: Setting watchdog for 200 seconds at Tue Sep 03 20:54:38 UTC 2019
4 ms. Memory: 51200K Free: 27561K (54%)
ptolemy.util.test.WatchDog.cancel(): canceling Tue Sep 03 20:54:38 UTC 2019
------------------ testing $PTII/ptolemy/domains/de/test/auto/ResettableTimer1.xml
auto.tcl: Setting watchdog for 200 seconds at Tue Sep 03 20:54:38 UTC 2019
3 ms. Memory: 51200K Free: 32762K (64%)
ptolemy.util.test.WatchDog.cancel(): canceling Tue Sep 03 20:54:38 UTC 2019
auto.tcl: Setting watchdog for 200 seconds at Tue Sep 03 20:54:38 UTC 2019
2 ms. Memory: 51200K Free: 32135K (63%)
ptolemy.util.test.WatchDog.cancel(): canceling Tue Sep 03 20:54:38 UTC 2019
------------------ testing $PTII/ptolemy/domains/de/test/auto/ResettableTimer2.xml
auto.tcl: Setting watchdog for 200 seconds at Tue Sep 03 20:54:38 UTC 2019
3 ms. Memory: 51200K Free: 32719K (64%)
ptolemy.util.test.WatchDog.cancel(): canceling Tue Sep 03 20:54:38 UTC 2019
auto.tcl: Setting watchdog for 200 seconds at Tue Sep 03 20:54:38 UTC 2019
2 ms. Memory: 51200K Free: 31695K (62%)
ptolemy.util.test.WatchDog.cancel(): canceling Tue Sep 03 20:54:38 UTC 2019
------------------ testing $PTII/ptolemy/domains/de/test/auto/ResettableTimer3.xml
auto.tcl: Setting watchdog for 200 seconds at Tue Sep 03 20:54:38 UTC 2019
2 ms. Memory: 51200K Free: 33229K (65%)
ptolemy.util.test.WatchDog.cancel(): canceling Tue Sep 03 20:54:38 UTC 2019
auto.tcl: Setting watchdog for 200 seconds at Tue Sep 03 20:54:38 UTC 2019
1 ms. Memory: 51200K Free: 32719K (64%)
ptolemy.util.test.WatchDog.cancel(): canceling Tue Sep 03 20:54:38 UTC 2019
------------------ testing $PTII/ptolemy/domains/de/test/auto/ResettableTimer4.xml
auto.tcl: Setting watchdog for 200 seconds at Tue Sep 03 20:54:38 UTC 2019
1 ms. Memory: 51200K Free: 32732K (64%)
ptolemy.util.test.WatchDog.cancel(): canceling Tue Sep 03 20:54:38 UTC 2019
auto.tcl: Setting watchdog for 200 seconds at Tue Sep 03 20:54:38 UTC 2019
1 ms. Memory: 51200K Free: 32732K (64%)
ptolemy.util.test.WatchDog.cancel(): canceling Tue Sep 03 20:54:38 UTC 2019
------------------ testing $PTII/ptolemy/domains/de/test/auto/ResettableTimer5.xml
auto.tcl: Setting watchdog for 200 seconds at Tue Sep 03 20:54:38 UTC 2019
2 ms. Memory: 51200K Free: 32730K (64%)
ptolemy.util.test.WatchDog.cancel(): canceling Tue Sep 03 20:54:38 UTC 2019
auto.tcl: Setting watchdog for 200 seconds at Tue Sep 03 20:54:38 UTC 2019
1 ms. Memory: 51200K Free: 32216K (63%)
ptolemy.util.test.WatchDog.cancel(): canceling Tue Sep 03 20:54:38 UTC 2019
------------------ testing $PTII/ptolemy/domains/de/test/auto/ResettableTimer6.xml
auto.tcl: Setting watchdog for 200 seconds at Tue Sep 03 20:54:38 UTC 2019
2 ms. Memory: 51200K Free: 32207K (63%)
ptolemy.util.test.WatchDog.cancel(): canceling Tue Sep 03 20:54:38 UTC 2019
auto.tcl: Setting watchdog for 200 seconds at Tue Sep 03 20:54:38 UTC 2019
1 ms. Memory: 51200K Free: 31697K (62%)
ptolemy.util.test.WatchDog.cancel(): canceling Tue Sep 03 20:54:38 UTC 2019
------------------ testing $PTII/ptolemy/domains/de/test/auto/ServerZeroDelay.xml
auto.tcl: Setting watchdog for 200 seconds at Tue Sep 03 20:54:38 UTC 2019
3 ms. Memory: 51200K Free: 32712K (64%)
ptolemy.util.test.WatchDog.cancel(): canceling Tue Sep 03 20:54:38 UTC 2019
auto.tcl: Setting watchdog for 200 seconds at Tue Sep 03 20:54:38 UTC 2019
2 ms. Memory: 51200K Free: 31688K (62%)
ptolemy.util.test.WatchDog.cancel(): canceling Tue Sep 03 20:54:38 UTC 2019
------------------ testing $PTII/ptolemy/domains/de/test/auto/SmartSender.xml
auto.tcl: Setting watchdog for 200 seconds at Tue Sep 03 20:54:38 UTC 2019
3001 ms. Memory: 51200K Free: 32706K (64%)
ptolemy.util.test.WatchDog.cancel(): canceling Tue Sep 03 20:54:41 UTC 2019
auto.tcl: Setting watchdog for 200 seconds at Tue Sep 03 20:54:41 UTC 2019
3002 ms. Memory: 51200K Free: 32192K (63%)
ptolemy.util.test.WatchDog.cancel(): canceling Tue Sep 03 20:54:44 UTC 2019
------------------ testing $PTII/ptolemy/domains/de/test/auto/ThreadedComposite.xml
auto.tcl: Setting watchdog for 200 seconds at Tue Sep 03 20:54:44 UTC 2019
309 ms. Memory: 51200K Free: 8654K (17%)
ptolemy.util.test.WatchDog.cancel(): canceling Tue Sep 03 20:54:45 UTC 2019
auto.tcl: Setting watchdog for 200 seconds at Tue Sep 03 20:54:45 UTC 2019
262 ms. Memory: 51200K Free: 19506K (38%)
ptolemy.util.test.WatchDog.cancel(): canceling Tue Sep 03 20:54:45 UTC 2019
------------------ testing $PTII/ptolemy/domains/de/test/auto/Time.xml
auto.tcl: Setting watchdog for 200 seconds at Tue Sep 03 20:54:45 UTC 2019
553 ms. Memory: 51200K Free: 35500K (69%)
ptolemy.util.test.WatchDog.cancel(): canceling Tue Sep 03 20:54:45 UTC 2019
auto.tcl: Setting watchdog for 200 seconds at Tue Sep 03 20:54:46 UTC 2019
524 ms. Memory: 51200K Free: 10763K (21%)
ptolemy.util.test.WatchDog.cancel(): canceling Tue Sep 03 20:54:46 UTC 2019
------------------ testing $PTII/ptolemy/domains/de/test/auto/TimeDelayZeroDelay.xml
auto.tcl: Setting watchdog for 200 seconds at Tue Sep 03 20:54:46 UTC 2019
3 ms. Memory: 51200K Free: 33116K (65%)
ptolemy.util.test.WatchDog.cancel(): canceling Tue Sep 03 20:54:46 UTC 2019
auto.tcl: Setting watchdog for 200 seconds at Tue Sep 03 20:54:46 UTC 2019
2 ms. Memory: 51200K Free: 32636K (64%)
ptolemy.util.test.WatchDog.cancel(): canceling Tue Sep 03 20:54:46 UTC 2019
------------------ testing $PTII/ptolemy/domains/de/test/auto/TimerZeroDelay.xml
auto.tcl: Setting watchdog for 200 seconds at Tue Sep 03 20:54:46 UTC 2019
3 ms. Memory: 51200K Free: 33069K (65%)
ptolemy.util.test.WatchDog.cancel(): canceling Tue Sep 03 20:54:46 UTC 2019
auto.tcl: Setting watchdog for 200 seconds at Tue Sep 03 20:54:46 UTC 2019
2 ms. Memory: 51200K Free: 32677K (64%)
ptolemy.util.test.WatchDog.cancel(): canceling Tue Sep 03 20:54:46 UTC 2019
------------------ testing $PTII/ptolemy/domains/de/test/auto/TimingParadox.xml
auto.tcl: Setting watchdog for 200 seconds at Tue Sep 03 20:54:46 UTC 2019
360 ms. Memory: 51200K Free: 21837K (43%)
ptolemy.util.test.WatchDog.cancel(): canceling Tue Sep 03 20:54:47 UTC 2019
auto.tcl: Setting watchdog for 200 seconds at Tue Sep 03 20:54:47 UTC 2019
333 ms. Memory: 51200K Free: 14051K (27%)
ptolemy.util.test.WatchDog.cancel(): canceling Tue Sep 03 20:54:47 UTC 2019
------------------ testing $PTII/ptolemy/domains/de/test/auto/TransferInputs.xml
auto.tcl: Setting watchdog for 200 seconds at Tue Sep 03 20:54:47 UTC 2019
1 ms. Memory: 51200K Free: 31161K (61%)
ptolemy.util.test.WatchDog.cancel(): canceling Tue Sep 03 20:54:47 UTC 2019
auto.tcl: Setting watchdog for 200 seconds at Tue Sep 03 20:54:47 UTC 2019
1 ms. Memory: 51200K Free: 30233K (59%)
ptolemy.util.test.WatchDog.cancel(): canceling Tue Sep 03 20:54:47 UTC 2019
------------------ testing $PTII/ptolemy/domains/de/test/auto/TransferOutputs2.xml
auto.tcl: Setting watchdog for 200 seconds at Tue Sep 03 20:54:47 UTC 2019
11 ms. Memory: 51200K Free: 28590K (56%)
ptolemy.util.test.WatchDog.cancel(): canceling Tue Sep 03 20:54:47 UTC 2019
auto.tcl: Setting watchdog for 200 seconds at Tue Sep 03 20:54:47 UTC 2019
3 ms. Memory: 51200K Free: 27163K (53%)
ptolemy.util.test.WatchDog.cancel(): canceling Tue Sep 03 20:54:47 UTC 2019
------------------ testing $PTII/ptolemy/domains/de/test/auto/Trilateration.xml
auto.tcl: Setting watchdog for 200 seconds at Tue Sep 03 20:54:47 UTC 2019
14397 ms. Memory: 501760K Free: 265534K (53%)
ptolemy.util.test.WatchDog.cancel(): canceling Tue Sep 03 20:55:03 UTC 2019
auto.tcl: Setting watchdog for 200 seconds at Tue Sep 03 20:55:03 UTC 2019
11265 ms. Memory: 501760K Free: 316850K (63%)
ptolemy.util.test.WatchDog.cancel(): canceling Tue Sep 03 20:55:14 UTC 2019
------------------ testing $PTII/ptolemy/domains/de/test/auto/TwoSigmaDelta.xml
auto.tcl: Setting watchdog for 200 seconds at Tue Sep 03 20:55:14 UTC 2019
2967 ms. Memory: 89088K Free: 14927K (17%)
ptolemy.util.test.WatchDog.cancel(): canceling Tue Sep 03 20:55:17 UTC 2019
auto.tcl: Setting watchdog for 200 seconds at Tue Sep 03 20:55:17 UTC 2019
1976 ms. Memory: 89088K Free: 60011K (67%)
ptolemy.util.test.WatchDog.cancel(): canceling Tue Sep 03 20:55:19 UTC 2019
------------------ testing $PTII/ptolemy/domains/de/test/auto/VariableDelay.xml
auto.tcl: Setting watchdog for 200 seconds at Tue Sep 03 20:55:19 UTC 2019
3 ms. Memory: 51200K Free: 31637K (62%)
ptolemy.util.test.WatchDog.cancel(): canceling Tue Sep 03 20:55:19 UTC 2019
auto.tcl: Setting watchdog for 200 seconds at Tue Sep 03 20:55:19 UTC 2019
2 ms. Memory: 51200K Free: 30627K (60%)
ptolemy.util.test.WatchDog.cancel(): canceling Tue Sep 03 20:55:19 UTC 2019
------------------ testing $PTII/ptolemy/domains/de/test/auto/VariableDelay2.xml
auto.tcl: Setting watchdog for 200 seconds at Tue Sep 03 20:55:19 UTC 2019
2 ms. Memory: 51200K Free: 32564K (64%)
ptolemy.util.test.WatchDog.cancel(): canceling Tue Sep 03 20:55:19 UTC 2019
auto.tcl: Setting watchdog for 200 seconds at Tue Sep 03 20:55:19 UTC 2019
2 ms. Memory: 51200K Free: 31553K (62%)
ptolemy.util.test.WatchDog.cancel(): canceling Tue Sep 03 20:55:19 UTC 2019
------------------ testing $PTII/ptolemy/domains/de/test/auto/VariableDelayZeroDelay.xml
auto.tcl: Setting watchdog for 200 seconds at Tue Sep 03 20:55:19 UTC 2019
2 ms. Memory: 51200K Free: 32563K (64%)
ptolemy.util.test.WatchDog.cancel(): canceling Tue Sep 03 20:55:19 UTC 2019
auto.tcl: Setting watchdog for 200 seconds at Tue Sep 03 20:55:19 UTC 2019
2 ms. Memory: 51200K Free: 32035K (63%)
ptolemy.util.test.WatchDog.cancel(): canceling Tue Sep 03 20:55:19 UTC 2019
------------------ testing $PTII/ptolemy/domains/de/test/auto/VariableDelayZeroDelay2.xml
auto.tcl: Setting watchdog for 200 seconds at Tue Sep 03 20:55:19 UTC 2019
2 ms. Memory: 51200K Free: 32637K (64%)
ptolemy.util.test.WatchDog.cancel(): canceling Tue Sep 03 20:55:20 UTC 2019
auto.tcl: Setting watchdog for 200 seconds at Tue Sep 03 20:55:20 UTC 2019
2 ms. Memory: 51200K Free: 31538K (62%)
ptolemy.util.test.WatchDog.cancel(): canceling Tue Sep 03 20:55:20 UTC 2019
------------------ testing $PTII/ptolemy/domains/de/test/auto/deInCt.xml
auto.tcl: Setting watchdog for 200 seconds at Tue Sep 03 20:55:20 UTC 2019
0
1
1
1
1
0
0
0
1
1
1
0
0
0
1
1
1
0
0
0
0
1
1
1
0
0
0
1
1
0
0
0
0
1
1
1
0
0
0
1
1
0
0
0
1
1
1
1
11 ms. Memory: 51200K Free: 31535K (62%)
ptolemy.util.test.WatchDog.cancel(): canceling Tue Sep 03 20:55:20 UTC 2019
auto.tcl: Setting watchdog for 200 seconds at Tue Sep 03 20:55:20 UTC 2019
0
1
1
1
0
0
0
1
1
1
1
0
0
1
1
1
0
0
0
1
1
1
1
0
0
0
1
1
0
0
0
1
1
1
0
0
0
0
1
1
1
1
0
0
0
0
0
7 ms. Memory: 51200K Free: 30012K (59%)
ptolemy.util.test.WatchDog.cancel(): canceling Tue Sep 03 20:55:20 UTC 2019
------------------ testing $PTII/ptolemy/domains/de/test/auto/deInCt2.xml
auto.tcl: Setting watchdog for 200 seconds at Tue Sep 03 20:55:20 UTC 2019
0
1
1
1
0
0
1
1
1
0
0
1
1
1
0
0
1
1
1
0
0
1
1
1
0
0
1
1
1
0
0
1
1
1
0
0
1
1
1
0
0
0
14 ms. Memory: 51200K Free: 31538K (62%)
ptolemy.util.test.WatchDog.cancel(): canceling Tue Sep 03 20:55:20 UTC 2019
auto.tcl: Setting watchdog for 200 seconds at Tue Sep 03 20:55:20 UTC 2019
0
1
1
1
0
0
1
1
1
0
0
1
1
1
0
0
1
1
1
0
0
1
1
1
0
0
1
1
1
0
0
1
1
1
0
0
1
1
1
0
0
0
5 ms. Memory: 51200K Free: 30001K (59%)
ptolemy.util.test.WatchDog.cancel(): canceling Tue Sep 03 20:55:20 UTC 2019
------------------ testing $PTII/ptolemy/domains/de/test/auto/dynamicCausalityInterface1.xml
auto.tcl: Setting watchdog for 200 seconds at Tue Sep 03 20:55:20 UTC 2019
1 ms. Memory: 51200K Free: 27436K (54%)
ptolemy.util.test.WatchDog.cancel(): canceling Tue Sep 03 20:55:20 UTC 2019
auto.tcl: Setting watchdog for 200 seconds at Tue Sep 03 20:55:20 UTC 2019
1 ms. Memory: 51200K Free: 26937K (53%)
ptolemy.util.test.WatchDog.cancel(): canceling Tue Sep 03 20:55:20 UTC 2019
------------------ testing $PTII/ptolemy/domains/de/test/auto/fsm_de_test.xml
auto.tcl: Setting watchdog for 200 seconds at Tue Sep 03 20:55:20 UTC 2019
6 ms. Memory: 51200K Free: 27334K (53%)
ptolemy.util.test.WatchDog.cancel(): canceling Tue Sep 03 20:55:20 UTC 2019
auto.tcl: Setting watchdog for 200 seconds at Tue Sep 03 20:55:20 UTC 2019
5 ms. Memory: 51200K Free: 25286K (49%)
ptolemy.util.test.WatchDog.cancel(): canceling Tue Sep 03 20:55:20 UTC 2019
------------------ testing $PTII/ptolemy/domains/de/test/auto/functionDependencyReconstruction.xml
auto.tcl: Setting watchdog for 200 seconds at Tue Sep 03 20:55:20 UTC 2019
2 ms. Memory: 51200K Free: 21180K (41%)
ptolemy.util.test.WatchDog.cancel(): canceling Tue Sep 03 20:55:20 UTC 2019
auto.tcl: Setting watchdog for 200 seconds at Tue Sep 03 20:55:20 UTC 2019
3 ms. Memory: 51200K Free: 19132K (37%)
ptolemy.util.test.WatchDog.cancel(): canceling Tue Sep 03 20:55:20 UTC 2019
------------------ testing $PTII/ptolemy/domains/de/test/auto/multirate.xml
auto.tcl: Setting watchdog for 200 seconds at Tue Sep 03 20:55:20 UTC 2019
6 ms. Memory: 51200K Free: 29975K (59%)
ptolemy.util.test.WatchDog.cancel(): canceling Tue Sep 03 20:55:20 UTC 2019
auto.tcl: Setting watchdog for 200 seconds at Tue Sep 03 20:55:20 UTC 2019
4 ms. Memory: 51200K Free: 28239K (55%)
ptolemy.util.test.WatchDog.cancel(): canceling Tue Sep 03 20:55:20 UTC 2019
------------------ testing $PTII/ptolemy/domains/de/test/auto/multirate2.xml
auto.tcl: Setting watchdog for 200 seconds at Tue Sep 03 20:55:20 UTC 2019
4 ms. Memory: 51200K Free: 30130K (59%)
ptolemy.util.test.WatchDog.cancel(): canceling Tue Sep 03 20:55:20 UTC 2019
auto.tcl: Setting watchdog for 200 seconds at Tue Sep 03 20:55:20 UTC 2019
4 ms. Memory: 51200K Free: 28892K (56%)
ptolemy.util.test.WatchDog.cancel(): canceling Tue Sep 03 20:55:20 UTC 2019
------------------ testing $PTII/ptolemy/domains/de/test/auto/realtime.xml
auto.tcl: Setting watchdog for 200 seconds at Tue Sep 03 20:55:20 UTC 2019
10002 ms. Memory: 51200K Free: 32217K (63%)
ptolemy.util.test.WatchDog.cancel(): canceling Tue Sep 03 20:55:30 UTC 2019
auto.tcl: Setting watchdog for 200 seconds at Tue Sep 03 20:55:30 UTC 2019
10002 ms. Memory: 51200K Free: 31482K (61%)
ptolemy.util.test.WatchDog.cancel(): canceling Tue Sep 03 20:55:40 UTC 2019
------------------ testing $PTII/ptolemy/domains/de/test/auto/relationGroup.xml
auto.tcl: Setting watchdog for 200 seconds at Tue Sep 03 20:55:40 UTC 2019
11 ms. Memory: 51200K Free: 33287K (65%)
ptolemy.util.test.WatchDog.cancel(): canceling Tue Sep 03 20:55:40 UTC 2019
auto.tcl: Setting watchdog for 200 seconds at Tue Sep 03 20:55:40 UTC 2019
1 ms. Memory: 51200K Free: 32562K (64%)
ptolemy.util.test.WatchDog.cancel(): canceling Tue Sep 03 20:55:40 UTC 2019
------------------ testing $PTII/ptolemy/domains/de/test/auto/relationGroup2.xml
auto.tcl: Setting watchdog for 200 seconds at Tue Sep 03 20:55:40 UTC 2019
4 ms. Memory: 51200K Free: 33313K (65%)
ptolemy.util.test.WatchDog.cancel(): canceling Tue Sep 03 20:55:40 UTC 2019
auto.tcl: Setting watchdog for 200 seconds at Tue Sep 03 20:55:40 UTC 2019
2 ms. Memory: 51200K Free: 32588K (64%)
ptolemy.util.test.WatchDog.cancel(): canceling Tue Sep 03 20:55:40 UTC 2019
------------------ testing $PTII/ptolemy/domains/de/test/auto/sortWithOpaquePorts.xml
auto.tcl: Setting watchdog for 200 seconds at Tue Sep 03 20:55:40 UTC 2019
2 ms. Memory: 51200K Free: 32061K (63%)
ptolemy.util.test.WatchDog.cancel(): canceling Tue Sep 03 20:55:40 UTC 2019
auto.tcl: Setting watchdog for 200 seconds at Tue Sep 03 20:55:40 UTC 2019
2 ms. Memory: 51200K Free: 31051K (61%)
ptolemy.util.test.WatchDog.cancel(): canceling Tue Sep 03 20:55:40 UTC 2019
------------------ testing $PTII/ptolemy/domains/de/test/auto/transferInputsandOutputs.xml
auto.tcl: Setting watchdog for 200 seconds at Tue Sep 03 20:55:40 UTC 2019
4 ms. Memory: 51200K Free: 29504K (58%)
ptolemy.util.test.WatchDog.cancel(): canceling Tue Sep 03 20:55:41 UTC 2019
auto.tcl: Setting watchdog for 200 seconds at Tue Sep 03 20:55:41 UTC 2019
4 ms. Memory: 51200K Free: 28480K (56%)
ptolemy.util.test.WatchDog.cancel(): canceling Tue Sep 03 20:55:41 UTC 2019
------------------ testing $PTII/ptolemy/domains/de/test/auto/triggerType.xml
auto.tcl: Setting watchdog for 200 seconds at Tue Sep 03 20:55:41 UTC 2019
3 ms. Memory: 51200K Free: 32530K (64%)
ptolemy.util.test.WatchDog.cancel(): canceling Tue Sep 03 20:55:41 UTC 2019
auto.tcl: Setting watchdog for 200 seconds at Tue Sep 03 20:55:41 UTC 2019
2 ms. Memory: 51200K Free: 31506K (62%)
ptolemy.util.test.WatchDog.cancel(): canceling Tue Sep 03 20:55:41 UTC 2019
09/03/19 08:55:41
Failed: 0  Total Tests: 192  ((Passed: 187, Newly Passed: 1)  Known Failed: 5) /home/travis/build/icyphy/ptII/ptolemy/domains/de/test
09/03/19 08:55:41
Failed: 0  Total Tests: 192  ((Passed: 187, Newly Passed: 1)  Known Failed: 5) /home/travis/build/icyphy/ptII/ptolemy/domains/de/test
----------------- testing (KnownFailure) /home/travis/build/icyphy/ptII/ptolemy/domains/de/test/auto/knownFailedTests/DESDFClockTest.xml
2019 ms. Memory: 51200K Free: 25414K (50%)
Known Failure: java.lang.reflect.InvocationTargetException
----------------- testing (KnownFailure) /home/travis/build/icyphy/ptII/ptolemy/domains/de/test/auto/knownFailedTests/DirectFeedback.xml
4 ms. Memory: 51200K Free: 21828K (43%)
Known Failure: java.lang.reflect.InvocationTargetException
----------------- testing (KnownFailure) /home/travis/build/icyphy/ptII/ptolemy/domains/de/test/auto/knownFailedTests/FSMSource.xml
10 ms. Memory: 51200K Free: 14150K (28%)
----------------- testing (KnownFailure) /home/travis/build/icyphy/ptII/ptolemy/domains/de/test/auto/knownFailedTests/HierarchicalModel.xml
3 ms. Memory: 51200K Free: 27343K (53%)
Known Failure: java.lang.reflect.InvocationTargetException
----------------- testing (KnownFailure) /home/travis/build/icyphy/ptII/ptolemy/domains/de/test/auto/knownFailedTests/dependencyLoop.xml
3 ms. Memory: 51200K Free: 11999K (23%)
Known Failure: java.lang.reflect.InvocationTargetException
----------------- testing (KnownFailure) /home/travis/build/icyphy/ptII/ptolemy/domains/de/test/auto/knownFailedTests/dependencyLoop2.xml
4 ms. Memory: 51200K Free: 25929K (51%)
Known Failure: java.lang.reflect.InvocationTargetException
No auto/linux-amd64/*.xml tests in /home/travis/build/icyphy/ptII/ptolemy/domains/de/test
AutoTests.java: About to close Vertx.
AutoTests.java: Vertx closed.

===========================================================================================
----------------- testing Tue Sep 03 20:55:43 UTC 2019 /home/travis/build/icyphy/ptII/ptolemy/domains/de/test/auto/ActorDepthCalculation_actorWithoutPorts.xml
----------------- Instantiating /home/travis/build/icyphy/ptII/ptolemy/domains/de/test/auto/ActorDepthCalculation_actorWithoutPorts.xml
2 ms. Memory: 51200K Free: 19147K (37%)
----------------- Invoking toplevel() on ptolemy.moml.MoMLSimpleApplication@25d3aa69
----------------- Done invoking toplevel() on ptolemy.moml.MoMLSimpleApplication@25d3aa69
reloadAllAccessors: .ActorDepthCalculation_actorWithoutPorts

===========================================================================================
----------------- testing Tue Sep 03 20:55:43 UTC 2019 /home/travis/build/icyphy/ptII/ptolemy/domains/de/test/auto/AssemblyLine.xml
----------------- Instantiating /home/travis/build/icyphy/ptII/ptolemy/domains/de/test/auto/AssemblyLine.xml
3 ms. Memory: 51200K Free: 11979K (23%)
----------------- Invoking toplevel() on ptolemy.moml.MoMLSimpleApplication@6efe8fd2
----------------- Done invoking toplevel() on ptolemy.moml.MoMLSimpleApplication@6efe8fd2
reloadAllAccessors: .AssemblyLine

===========================================================================================
----------------- testing Tue Sep 03 20:55:43 UTC 2019 /home/travis/build/icyphy/ptII/ptolemy/domains/de/test/auto/CQBug1.xml
----------------- Instantiating /home/travis/build/icyphy/ptII/ptolemy/domains/de/test/auto/CQBug1.xml
1 ms. Memory: 51200K Free: 9242K (18%)
----------------- Invoking toplevel() on ptolemy.moml.MoMLSimpleApplication@74e87ab1
----------------- Done invoking toplevel() on ptolemy.moml.MoMLSimpleApplication@74e87ab1
reloadAllAccessors: .CQBug1

===========================================================================================
----------------- testing Tue Sep 03 20:55:43 UTC 2019 /home/travis/build/icyphy/ptII/ptolemy/domains/de/test/auto/CancelFireAt.xml
----------------- Instantiating /home/travis/build/icyphy/ptII/ptolemy/domains/de/test/auto/CancelFireAt.xml
1 ms. Memory: 51200K Free: 35621K (70%)
----------------- Invoking toplevel() on ptolemy.moml.MoMLSimpleApplication@1ac95b22
----------------- Done invoking toplevel() on ptolemy.moml.MoMLSimpleApplication@1ac95b22
reloadAllAccessors: .CancelFireAt

===========================================================================================
----------------- testing Tue Sep 03 20:55:43 UTC 2019 /home/travis/build/icyphy/ptII/ptolemy/domains/de/test/auto/CausalityAndComposabilityAnalysis.xml
----------------- Instantiating /home/travis/build/icyphy/ptII/ptolemy/domains/de/test/auto/CausalityAndComposabilityAnalysis.xml
16 ms. Memory: 51200K Free: 31402K (61%)
----------------- Invoking toplevel() on ptolemy.moml.MoMLSimpleApplication@6684729f
----------------- Done invoking toplevel() on ptolemy.moml.MoMLSimpleApplication@6684729f
reloadAllAccessors: .CausalityAndComposabilityAnalysis

===========================================================================================
----------------- testing Tue Sep 03 20:55:43 UTC 2019 /home/travis/build/icyphy/ptII/ptolemy/domains/de/test/auto/CausalityInterface1.xml
----------------- Instantiating /home/travis/build/icyphy/ptII/ptolemy/domains/de/test/auto/CausalityInterface1.xml
6 ms. Memory: 51200K Free: 26268K (51%)
----------------- Invoking toplevel() on ptolemy.moml.MoMLSimpleApplication@34b0b8b6
----------------- Done invoking toplevel() on ptolemy.moml.MoMLSimpleApplication@34b0b8b6
reloadAllAccessors: .CausalityInterface1

===========================================================================================
----------------- testing Tue Sep 03 20:55:43 UTC 2019 /home/travis/build/icyphy/ptII/ptolemy/domains/de/test/auto/CausalityInterface15.xml
----------------- Instantiating /home/travis/build/icyphy/ptII/ptolemy/domains/de/test/auto/CausalityInterface15.xml
2 ms. Memory: 51200K Free: 20736K (41%)
----------------- Invoking toplevel() on ptolemy.moml.MoMLSimpleApplication@ae1588
----------------- Done invoking toplevel() on ptolemy.moml.MoMLSimpleApplication@ae1588
reloadAllAccessors: .CausalityInterface15

===========================================================================================
----------------- testing Tue Sep 03 20:55:43 UTC 2019 /home/travis/build/icyphy/ptII/ptolemy/domains/de/test/auto/CausalityInterface2.xml
----------------- Instantiating /home/travis/build/icyphy/ptII/ptolemy/domains/de/test/auto/CausalityInterface2.xml
2 ms. Memory: 51200K Free: 16066K (31%)
[...]
	at ptolemy.actor.Manager.run(Manager.java:1263)
	at ptolemy.actor.Manager$PtolemyRunThread.run(Manager.java:1933)
java.lang.RuntimeException: Execution failed
	at ptolemy.moml.MoMLSimpleApplication$UnloadThread.run(MoMLSimpleApplication.java:402)
Caused by: ptolemy.kernel.util.IllegalActionException: Actor is not ready to fire.  Perhaps UpSample.prefire() returned false? Try debugging the actor by selecting "Listen to Actor".  Also, for SDF check moml for tokenConsumptionRate on input.
  in .DESDFClockTest.Play Bell.Copy1:SDF Director and .DESDFClockTest.Play Bell.UpSample
	at ptolemy.actor.sched.StaticSchedulingDirector.fire(StaticSchedulingDirector.java:227)
	at ptolemy.domains.sdf.kernel.SDFDirector.fire(SDFDirector.java:500)
	at ptolemy.actor.CompositeActor.fire(CompositeActor.java:455)
	at ptolemy.domains.de.kernel.DEDirector._fire(DEDirector.java:1949)
	at ptolemy.domains.de.kernel.DEDirector.fire(DEDirector.java:502)
	at ptolemy.actor.CompositeActor.fire(CompositeActor.java:455)
	at ptolemy.actor.Manager.iterate(Manager.java:851)
	at ptolemy.actor.Manager.execute(Manager.java:369)
	at ptolemy.actor.Manager.run(Manager.java:1263)
	at ptolemy.actor.Manager$PtolemyRunThread.run(Manager.java:1933)
java.lang.reflect.InvocationTargetException
	at java.base/jdk.internal.reflect.NativeConstructorAccessorImpl.newInstance0(Native Method)
	at java.base/jdk.internal.reflect.NativeConstructorAccessorImpl.newInstance(NativeConstructorAccessorImpl.java:62)
	at java.base/jdk.internal.reflect.DelegatingConstructorAccessorImpl.newInstance(DelegatingConstructorAccessorImpl.java:45)
	at java.base/java.lang.reflect.Constructor.newInstance(Constructor.java:490)
	at ptolemy.util.test.junit.AutoKnownFailedTests.RunModel(AutoKnownFailedTests.java:105)
	at java.base/jdk.internal.reflect.NativeMethodAccessorImpl.invoke0(Native Method)
	at java.base/jdk.internal.reflect.NativeMethodAccessorImpl.invoke(NativeMethodAccessorImpl.java:62)
	at java.base/jdk.internal.reflect.DelegatingMethodAccessorImpl.invoke(DelegatingMethodAccessorImpl.java:43)
	at java.base/java.lang.reflect.Method.invoke(Method.java:566)
	at org.junit.runners.model.FrameworkMethod$1.runReflectiveCall(FrameworkMethod.java:44)
	at org.junit.internal.runners.model.ReflectiveCallable.run(ReflectiveCallable.java:15)
	at org.junit.runners.model.FrameworkMethod.invokeExplosively(FrameworkMethod.java:41)
	at junitparams.internal.InvokeParameterisedMethod.evaluate(InvokeParameterisedMethod.java:102)
	at org.junit.internal.runners.statements.FailOnTimeout$1.run(FailOnTimeout.java:28)
Caused by: ptolemy.kernel.util.IllegalActionException: Actor is not ready to fire.  Perhaps UpSample.prefire() returned false? Try debugging the actor by selecting "Listen to Actor".  Also, for SDF check moml for tokenConsumptionRate on input.
  in .DESDFClockTest.Play Bell.Copy1:SDF Director and .DESDFClockTest.Play Bell.UpSample
	at ptolemy.actor.sched.StaticSchedulingDirector.fire(StaticSchedulingDirector.java:227)
	at ptolemy.domains.sdf.kernel.SDFDirector.fire(SDFDirector.java:500)
	at ptolemy.actor.CompositeActor.fire(CompositeActor.java:455)
	at ptolemy.domains.de.kernel.DEDirector._fire(DEDirector.java:1949)
	at ptolemy.domains.de.kernel.DEDirector.fire(DEDirector.java:502)
	at ptolemy.actor.CompositeActor.fire(CompositeActor.java:455)
	at ptolemy.actor.Manager.iterate(Manager.java:851)
	at ptolemy.actor.Manager.execute(Manager.java:369)
	at ptolemy.actor.Manager.run(Manager.java:1263)
	at ptolemy.actor.Manager$PtolemyRunThread.run(Manager.java:1933)
java.lang.RuntimeException: Execution failed
	at ptolemy.moml.MoMLSimpleApplication$UnloadThread.run(MoMLSimpleApplication.java:402)
Caused by: ptolemy.kernel.util.IllegalActionException: Test fails in iteration 1.
Value was: 1.0. Should have been: 2.0
  in .DirectFeedback.Test
	at ptolemy.actor.lib.Test.fire(Test.java:268)
	at ptolemy.domains.de.kernel.DEDirector._fire(DEDirector.java:1949)
	at ptolemy.domains.de.kernel.DEDirector.fire(DEDirector.java:502)
	at ptolemy.actor.CompositeActor.fire(CompositeActor.java:455)
	at ptolemy.actor.Manager.iterate(Manager.java:851)
	at ptolemy.actor.Manager.execute(Manager.java:369)
	at ptolemy.actor.Manager.run(Manager.java:1263)
	at ptolemy.actor.Manager$PtolemyRunThread.run(Manager.java:1933)
java.lang.reflect.InvocationTargetException
	at java.base/jdk.internal.reflect.NativeConstructorAccessorImpl.newInstance0(Native Method)
	at java.base/jdk.internal.reflect.NativeConstructorAccessorImpl.newInstance(NativeConstructorAccessorImpl.java:62)
	at java.base/jdk.internal.reflect.DelegatingConstructorAccessorImpl.newInstance(DelegatingConstructorAccessorImpl.java:45)
	at java.base/java.lang.reflect.Constructor.newInstance(Constructor.java:490)
	at ptolemy.util.test.junit.AutoKnownFailedTests.RunModel(AutoKnownFailedTests.java:105)
	at java.base/jdk.internal.reflect.NativeMethodAccessorImpl.invoke0(Native Method)
	at java.base/jdk.internal.reflect.NativeMethodAccessorImpl.invoke(NativeMethodAccessorImpl.java:62)
	at java.base/jdk.internal.reflect.DelegatingMethodAccessorImpl.invoke(DelegatingMethodAccessorImpl.java:43)
	at java.base/java.lang.reflect.Method.invoke(Method.java:566)
	at org.junit.runners.model.FrameworkMethod$1.runReflectiveCall(FrameworkMethod.java:44)
	at org.junit.internal.runners.model.ReflectiveCallable.run(ReflectiveCallable.java:15)
	at org.junit.runners.model.FrameworkMethod.invokeExplosively(FrameworkMethod.java:41)
	at junitparams.internal.InvokeParameterisedMethod.evaluate(InvokeParameterisedMethod.java:102)
	at org.junit.internal.runners.statements.FailOnTimeout$1.run(FailOnTimeout.java:28)
Caused by: ptolemy.kernel.util.IllegalActionException: Test fails in iteration 1.
Value was: 1.0. Should have been: 2.0
  in .DirectFeedback.Test
	at ptolemy.actor.lib.Test.fire(Test.java:268)
	at ptolemy.domains.de.kernel.DEDirector._fire(DEDirector.java:1949)
	at ptolemy.domains.de.kernel.DEDirector.fire(DEDirector.java:502)
	at ptolemy.actor.CompositeActor.fire(CompositeActor.java:455)
	at ptolemy.actor.Manager.iterate(Manager.java:851)
	at ptolemy.actor.Manager.execute(Manager.java:369)
	at ptolemy.actor.Manager.run(Manager.java:1263)
	at ptolemy.actor.Manager$PtolemyRunThread.run(Manager.java:1933)
java.lang.RuntimeException: Execution failed
	at ptolemy.moml.MoMLSimpleApplication$UnloadThread.run(MoMLSimpleApplication.java:402)
Caused by: ptolemy.kernel.util.IllegalActionException: Found a zero delay loop containing .HierarchicalModel.A
  in .HierarchicalModel and .HierarchicalModel.A
	at ptolemy.actor.util.CausalityInterfaceForComposites._computeOutputPortDepth(CausalityInterfaceForComposites.java:759)
	at ptolemy.actor.util.CausalityInterfaceForComposites._computeInputDepth(CausalityInterfaceForComposites.java:696)
	at ptolemy.actor.util.CausalityInterfaceForComposites._computeOutputPortDepth(CausalityInterfaceForComposites.java:765)
	at ptolemy.actor.util.CausalityInterfaceForComposites._computeInputDepth(CausalityInterfaceForComposites.java:696)
	at ptolemy.actor.util.CausalityInterfaceForComposites._computeOutputPortDepth(CausalityInterfaceForComposites.java:765)
	at ptolemy.actor.util.CausalityInterfaceForComposites._computeInputDepth(CausalityInterfaceForComposites.java:696)
	at ptolemy.actor.util.CausalityInterfaceForComposites._computeActorDepth(CausalityInterfaceForComposites.java:532)
	at ptolemy.actor.util.CausalityInterfaceForComposites.checkForCycles(CausalityInterfaceForComposites.java:96)
	at ptolemy.domains.de.kernel.DEDirector.preinitialize(DEDirector.java:1338)
	at ptolemy.actor.CompositeActor.preinitialize(CompositeActor.java:1828)
	at ptolemy.actor.Manager.preinitializeAndResolveTypes(Manager.java:1040)
	at ptolemy.actor.Manager.initialize(Manager.java:710)
	at ptolemy.actor.Manager.execute(Manager.java:356)
	at ptolemy.actor.Manager.run(Manager.java:1263)
	at ptolemy.actor.Manager$PtolemyRunThread.run(Manager.java:1933)
java.lang.reflect.InvocationTargetException
	at java.base/jdk.internal.reflect.NativeConstructorAccessorImpl.newInstance0(Native Method)
	at java.base/jdk.internal.reflect.NativeConstructorAccessorImpl.newInstance(NativeConstructorAccessorImpl.java:62)
	at java.base/jdk.internal.reflect.DelegatingConstructorAccessorImpl.newInstance(DelegatingConstructorAccessorImpl.java:45)
	at java.base/java.lang.reflect.Constructor.newInstance(Constructor.java:490)
	at ptolemy.util.test.junit.AutoKnownFailedTests.RunModel(AutoKnownFailedTests.java:105)
	at java.base/jdk.internal.reflect.NativeMethodAccessorImpl.invoke0(Native Method)
	at java.base/jdk.internal.reflect.NativeMethodAccessorImpl.invoke(NativeMethodAccessorImpl.java:62)
	at java.base/jdk.internal.reflect.DelegatingMethodAccessorImpl.invoke(DelegatingMethodAccessorImpl.java:43)
	at java.base/java.lang.reflect.Method.invoke(Method.java:566)
	at org.junit.runners.model.FrameworkMethod$1.runReflectiveCall(FrameworkMethod.java:44)
	at org.junit.internal.runners.model.ReflectiveCallable.run(ReflectiveCallable.java:15)
	at org.junit.runners.model.FrameworkMethod.invokeExplosively(FrameworkMethod.java:41)
	at junitparams.internal.InvokeParameterisedMethod.evaluate(InvokeParameterisedMethod.java:102)
	at org.junit.internal.runners.statements.FailOnTimeout$1.run(FailOnTimeout.java:28)
Caused by: ptolemy.kernel.util.IllegalActionException: Found a zero delay loop containing .HierarchicalModel.A
  in .HierarchicalModel and .HierarchicalModel.A
	at ptolemy.actor.util.CausalityInterfaceForComposites._computeOutputPortDepth(CausalityInterfaceForComposites.java:759)
	at ptolemy.actor.util.CausalityInterfaceForComposites._computeInputDepth(CausalityInterfaceForComposites.java:696)
	at ptolemy.actor.util.CausalityInterfaceForComposites._computeOutputPortDepth(CausalityInterfaceForComposites.java:765)
	at ptolemy.actor.util.CausalityInterfaceForComposites._computeInputDepth(CausalityInterfaceForComposites.java:696)
	at ptolemy.actor.util.CausalityInterfaceForComposites._computeOutputPortDepth(CausalityInterfaceForComposites.java:765)
	at ptolemy.actor.util.CausalityInterfaceForComposites._computeInputDepth(CausalityInterfaceForComposites.java:696)
	at ptolemy.actor.util.CausalityInterfaceForComposites._computeActorDepth(CausalityInterfaceForComposites.java:532)
	at ptolemy.actor.util.CausalityInterfaceForComposites.checkForCycles(CausalityInterfaceForComposites.java:96)
	at ptolemy.domains.de.kernel.DEDirector.preinitialize(DEDirector.java:1338)
	at ptolemy.actor.CompositeActor.preinitialize(CompositeActor.java:1828)
	at ptolemy.actor.Manager.preinitializeAndResolveTypes(Manager.java:1040)
	at ptolemy.actor.Manager.initialize(Manager.java:710)
	at ptolemy.actor.Manager.execute(Manager.java:356)
	at ptolemy.actor.Manager.run(Manager.java:1263)
	at ptolemy.actor.Manager$PtolemyRunThread.run(Manager.java:1933)
java.lang.RuntimeException: Execution failed
	at ptolemy.moml.MoMLSimpleApplication$UnloadThread.run(MoMLSimpleApplication.java:402)
Caused by: ptolemy.kernel.util.IllegalActionException: Found a zero delay loop containing .dependencyLoop.original
  in .dependencyLoop and .dependencyLoop.original
	at ptolemy.actor.util.CausalityInterfaceForComposites._computeOutputPortDepth(CausalityInterfaceForComposites.java:759)
	at ptolemy.actor.util.CausalityInterfaceForComposites._computeInputDepth(CausalityInterfaceForComposites.java:696)
	at ptolemy.actor.util.CausalityInterfaceForComposites._computeOutputPortDepth(CausalityInterfaceForComposites.java:765)
	at ptolemy.actor.util.CausalityInterfaceForComposites._computeInputDepth(CausalityInterfaceForComposites.java:696)
	at ptolemy.actor.util.CausalityInterfaceForComposites._computeOutputPortDepth(CausalityInterfaceForComposites.java:765)
	at ptolemy.actor.util.CausalityInterfaceForComposites._computeInputDepth(CausalityInterfaceForComposites.java:696)
	at ptolemy.actor.util.CausalityInterfaceForComposites._computeActorDepth(CausalityInterfaceForComposites.java:532)
	at ptolemy.actor.util.CausalityInterfaceForComposites.checkForCycles(CausalityInterfaceForComposites.java:96)
	at ptolemy.domains.de.kernel.DEDirector.preinitialize(DEDirector.java:1338)
	at ptolemy.actor.CompositeActor.preinitialize(CompositeActor.java:1828)
	at ptolemy.actor.Manager.preinitializeAndResolveTypes(Manager.java:1040)
	at ptolemy.actor.Manager.initialize(Manager.java:710)
	at ptolemy.actor.Manager.execute(Manager.java:356)
	at ptolemy.actor.Manager.run(Manager.java:1263)
	at ptolemy.actor.Manager$PtolemyRunThread.run(Manager.java:1933)
java.lang.reflect.InvocationTargetException
	at java.base/jdk.internal.reflect.NativeConstructorAccessorImpl.newInstance0(Native Method)
	at java.base/jdk.internal.reflect.NativeConstructorAccessorImpl.newInstance(NativeConstructorAccessorImpl.java:62)
	at java.base/jdk.internal.reflect.DelegatingConstructorAccessorImpl.newInstance(DelegatingConstructorAccessorImpl.java:45)
	at java.base/java.lang.reflect.Constructor.newInstance(Constructor.java:490)
	at ptolemy.util.test.junit.AutoKnownFailedTests.RunModel(AutoKnownFailedTests.java:105)
	at java.base/jdk.internal.reflect.NativeMethodAccessorImpl.invoke0(Native Method)
	at java.base/jdk.internal.reflect.NativeMethodAccessorImpl.invoke(NativeMethodAccessorImpl.java:62)
	at java.base/jdk.internal.reflect.DelegatingMethodAccessorImpl.invoke(DelegatingMethodAccessorImpl.java:43)
	at java.base/java.lang.reflect.Method.invoke(Method.java:566)
	at org.junit.runners.model.FrameworkMethod$1.runReflectiveCall(FrameworkMethod.java:44)
	at org.junit.internal.runners.model.ReflectiveCallable.run(ReflectiveCallable.java:15)
	at org.junit.runners.model.FrameworkMethod.invokeExplosively(FrameworkMethod.java:41)
	at junitparams.internal.InvokeParameterisedMethod.evaluate(InvokeParameterisedMethod.java:102)
	at org.junit.internal.runners.statements.FailOnTimeout$1.run(FailOnTimeout.java:28)
Caused by: ptolemy.kernel.util.IllegalActionException: Found a zero delay loop containing .dependencyLoop.original
  in .dependencyLoop and .dependencyLoop.original
	at ptolemy.actor.util.CausalityInterfaceForComposites._computeOutputPortDepth(CausalityInterfaceForComposites.java:759)
	at ptolemy.actor.util.CausalityInterfaceForComposites._computeInputDepth(CausalityInterfaceForComposites.java:696)
	at ptolemy.actor.util.CausalityInterfaceForComposites._computeOutputPortDepth(CausalityInterfaceForComposites.java:765)
	at ptolemy.actor.util.CausalityInterfaceForComposites._computeInputDepth(CausalityInterfaceForComposites.java:696)
	at ptolemy.actor.util.CausalityInterfaceForComposites._computeOutputPortDepth(CausalityInterfaceForComposites.java:765)
	at ptolemy.actor.util.CausalityInterfaceForComposites._computeInputDepth(CausalityInterfaceForComposites.java:696)
	at ptolemy.actor.util.CausalityInterfaceForComposites._computeActorDepth(CausalityInterfaceForComposites.java:532)
	at ptolemy.actor.util.CausalityInterfaceForComposites.checkForCycles(CausalityInterfaceForComposites.java:96)
	at ptolemy.domains.de.kernel.DEDirector.preinitialize(DEDirector.java:1338)
	at ptolemy.actor.CompositeActor.preinitialize(CompositeActor.java:1828)
	at ptolemy.actor.Manager.preinitializeAndResolveTypes(Manager.java:1040)
	at ptolemy.actor.Manager.initialize(Manager.java:710)
	at ptolemy.actor.Manager.execute(Manager.java:356)
	at ptolemy.actor.Manager.run(Manager.java:1263)
	at ptolemy.actor.Manager$PtolemyRunThread.run(Manager.java:1933)
java.lang.RuntimeException: Execution failed
	at ptolemy.moml.MoMLSimpleApplication$UnloadThread.run(MoMLSimpleApplication.java:402)
Caused by: ptolemy.kernel.util.IllegalActionException: Found a zero delay loop containing .dependencyLoop2.original
  in .dependencyLoop2 and .dependencyLoop2.original
	at ptolemy.actor.util.CausalityInterfaceForComposites._computeOutputPortDepth(CausalityInterfaceForComposites.java:759)
	at ptolemy.actor.util.CausalityInterfaceForComposites._computeInputDepth(CausalityInterfaceForComposites.java:696)
	at ptolemy.actor.util.CausalityInterfaceForComposites._computeOutputPortDepth(CausalityInterfaceForComposites.java:765)
	at ptolemy.actor.util.CausalityInterfaceForComposites._computeInputDepth(CausalityInterfaceForComposites.java:696)
	at ptolemy.actor.util.CausalityInterfaceForComposites._computeOutputPortDepth(CausalityInterfaceForComposites.java:765)
	at ptolemy.actor.util.CausalityInterfaceForComposites._computeInputDepth(CausalityInterfaceForComposites.java:696)
	at ptolemy.actor.util.CausalityInterfaceForComposites._computeActorDepth(CausalityInterfaceForComposites.java:532)
	at ptolemy.actor.util.CausalityInterfaceForComposites.checkForCycles(CausalityInterfaceForComposites.java:96)
	at ptolemy.domains.de.kernel.DEDirector.preinitialize(DEDirector.java:1338)
	at ptolemy.actor.CompositeActor.preinitialize(CompositeActor.java:1828)
	at ptolemy.actor.Manager.preinitializeAndResolveTypes(Manager.java:1040)
	at ptolemy.actor.Manager.initialize(Manager.java:710)
	at ptolemy.actor.Manager.execute(Manager.java:356)
	at ptolemy.actor.Manager.run(Manager.java:1263)
	at ptolemy.actor.Manager$PtolemyRunThread.run(Manager.java:1933)
java.lang.reflect.InvocationTargetException
	at java.base/jdk.internal.reflect.NativeConstructorAccessorImpl.newInstance0(Native Method)
	at java.base/jdk.internal.reflect.NativeConstructorAccessorImpl.newInstance(NativeConstructorAccessorImpl.java:62)
	at java.base/jdk.internal.reflect.DelegatingConstructorAccessorImpl.newInstance(DelegatingConstructorAccessorImpl.java:45)
	at java.base/java.lang.reflect.Constructor.newInstance(Constructor.java:490)
	at ptolemy.util.test.junit.AutoKnownFailedTests.RunModel(AutoKnownFailedTests.java:105)
	at java.base/jdk.internal.reflect.NativeMethodAccessorImpl.invoke0(Native Method)
	at java.base/jdk.internal.reflect.NativeMethodAccessorImpl.invoke(NativeMethodAccessorImpl.java:62)
	at java.base/jdk.internal.reflect.DelegatingMethodAccessorImpl.invoke(DelegatingMethodAccessorImpl.java:43)
	at java.base/java.lang.reflect.Method.invoke(Method.java:566)
	at org.junit.runners.model.FrameworkMethod$1.runReflectiveCall(FrameworkMethod.java:44)
	at org.junit.internal.runners.model.ReflectiveCallable.run(ReflectiveCallable.java:15)
	at org.junit.runners.model.FrameworkMethod.invokeExplosively(FrameworkMethod.java:41)
	at junitparams.internal.InvokeParameterisedMethod.evaluate(InvokeParameterisedMethod.java:102)
	at org.junit.internal.runners.statements.FailOnTimeout$1.run(FailOnTimeout.java:28)
Caused by: ptolemy.kernel.util.IllegalActionException: Found a zero delay loop containing .dependencyLoop2.original
  in .dependencyLoop2 and .dependencyLoop2.original
	at ptolemy.actor.util.CausalityInterfaceForComposites._computeOutputPortDepth(CausalityInterfaceForComposites.java:759)
	at ptolemy.actor.util.CausalityInterfaceForComposites._computeInputDepth(CausalityInterfaceForComposites.java:696)
	at ptolemy.actor.util.CausalityInterfaceForComposites._computeOutputPortDepth(CausalityInterfaceForComposites.java:765)
	at ptolemy.actor.util.CausalityInterfaceForComposites._computeInputDepth(CausalityInterfaceForComposites.java:696)
	at ptolemy.actor.util.CausalityInterfaceForComposites._computeOutputPortDepth(CausalityInterfaceForComposites.java:765)
	at ptolemy.actor.util.CausalityInterfaceForComposites._computeInputDepth(CausalityInterfaceForComposites.java:696)
	at ptolemy.actor.util.CausalityInterfaceForComposites._computeActorDepth(CausalityInterfaceForComposites.java:532)
	at ptolemy.actor.util.CausalityInterfaceForComposites.checkForCycles(CausalityInterfaceForComposites.java:96)
	at ptolemy.domains.de.kernel.DEDirector.preinitialize(DEDirector.java:1338)
	at ptolemy.actor.CompositeActor.preinitialize(CompositeActor.java:1828)
	at ptolemy.actor.Manager.preinitializeAndResolveTypes(Manager.java:1040)
	at ptolemy.actor.Manager.initialize(Manager.java:710)
	at ptolemy.actor.Manager.execute(Manager.java:356)
	at ptolemy.actor.Manager.run(Manager.java:1263)
	at ptolemy.actor.Manager$PtolemyRunThread.run(Manager.java:1933)
]]></system-err>
</testsuite>
