<?xml version="1.0" encoding="UTF-8" ?>
<testsuite errors="0" failures="0" hostname="travis-job-d7ad0a20-b109-4e19-989e-68d0db1af9c7" name="ptolemy.actor.lib.hoc.test.junit.JUnitTclTest" skipped="0" tests="58" time="24.128" timestamp="2018-09-28T02:15:19">
  <properties>
[...]
</properties>
  <testcase classname="ptolemy.util.test.junit.TclTests" name="[0] /home/travis/build/icyphy/ptII/ptolemy/actor/lib/hoc/test/IterateOverArray.tcl (RunTclFile)" time="0.276" />
  <testcase classname="ptolemy.util.test.junit.AutoKnownFailedTests" name="[0] /home/travis/build/icyphy/ptII/ptolemy/actor/lib/hoc/test/auto/knownFailedTests/PreinitializeMustBeInvokedRunComposite.xml (RunModel)" time="0.236" />
  <testcase classname="ptolemy.util.test.junit.AutoNameArchTests" name="[0] ThereAreNoAutoArchTests (RunModel)" time="0.0" />
  <testcase classname="ptolemy.util.test.junit.AutoTests" name="[0] /home/travis/build/icyphy/ptII/ptolemy/actor/lib/hoc/test/auto/AllToAllMultiInstanceComposite.xml (RunModel)" time="0.273" />
  <testcase classname="ptolemy.util.test.junit.AutoTests" name="[1] /home/travis/build/icyphy/ptII/ptolemy/actor/lib/hoc/test/auto/ApplyFFTTest.xml (RunModel)" time="0.231" />
  <testcase classname="ptolemy.util.test.junit.AutoTests" name="[2] /home/travis/build/icyphy/ptII/ptolemy/actor/lib/hoc/test/auto/ApplyFunction.xml (RunModel)" time="0.021" />
  <testcase classname="ptolemy.util.test.junit.AutoTests" name="[3] /home/travis/build/icyphy/ptII/ptolemy/actor/lib/hoc/test/auto/BackgroundExecution.xml (RunModel)" time="0.751" />
  <testcase classname="ptolemy.util.test.junit.AutoTests" name="[4] /home/travis/build/icyphy/ptII/ptolemy/actor/lib/hoc/test/auto/Case.xml (RunModel)" time="0.067" />
  <testcase classname="ptolemy.util.test.junit.AutoTests" name="[5] /home/travis/build/icyphy/ptII/ptolemy/actor/lib/hoc/test/auto/Case1.xml (RunModel)" time="0.049" />
  <testcase classname="ptolemy.util.test.junit.AutoTests" name="[6] /home/travis/build/icyphy/ptII/ptolemy/actor/lib/hoc/test/auto/Case2.xml (RunModel)" time="0.068" />
  <testcase classname="ptolemy.util.test.junit.AutoTests" name="[7] /home/travis/build/icyphy/ptII/ptolemy/actor/lib/hoc/test/auto/Case3.xml (RunModel)" time="0.028" />
  <testcase classname="ptolemy.util.test.junit.AutoTests" name="[8] /home/travis/build/icyphy/ptII/ptolemy/actor/lib/hoc/test/auto/Case4.xml (RunModel)" time="0.032" />
  <testcase classname="ptolemy.util.test.junit.AutoTests" name="[9] /home/travis/build/icyphy/ptII/ptolemy/actor/lib/hoc/test/auto/Case5.xml (RunModel)" time="0.089" />
  <testcase classname="ptolemy.util.test.junit.AutoTests" name="[10] /home/travis/build/icyphy/ptII/ptolemy/actor/lib/hoc/test/auto/Case6.xml (RunModel)" time="0.15" />
  <testcase classname="ptolemy.util.test.junit.AutoTests" name="[11] /home/travis/build/icyphy/ptII/ptolemy/actor/lib/hoc/test/auto/CaseString2.xml (RunModel)" time="0.063" />
  <testcase classname="ptolemy.util.test.junit.AutoTests" name="[12] /home/travis/build/icyphy/ptII/ptolemy/actor/lib/hoc/test/auto/CatchUpComposite1.xml (RunModel)" time="0.08" />
  <testcase classname="ptolemy.util.test.junit.AutoTests" name="[13] /home/travis/build/icyphy/ptII/ptolemy/actor/lib/hoc/test/auto/CatchUpComposite2.xml (RunModel)" time="0.06" />
  <testcase classname="ptolemy.util.test.junit.AutoTests" name="[14] /home/travis/build/icyphy/ptII/ptolemy/actor/lib/hoc/test/auto/CatchUpComposite3.xml (RunModel)" time="0.038" />
  <testcase classname="ptolemy.util.test.junit.AutoTests" name="[15] /home/travis/build/icyphy/ptII/ptolemy/actor/lib/hoc/test/auto/CatchUpComposite4.xml (RunModel)" time="0.046" />
  <testcase classname="ptolemy.util.test.junit.AutoTests" name="[16] /home/travis/build/icyphy/ptII/ptolemy/actor/lib/hoc/test/auto/CatchUpComposite5.xml (RunModel)" time="0.04" />
  <testcase classname="ptolemy.util.test.junit.AutoTests" name="[17] /home/travis/build/icyphy/ptII/ptolemy/actor/lib/hoc/test/auto/CatchUpComposite6.xml (RunModel)" time="0.157" />
  <testcase classname="ptolemy.util.test.junit.AutoTests" name="[18] /home/travis/build/icyphy/ptII/ptolemy/actor/lib/hoc/test/auto/CatchUpComposite7.xml (RunModel)" time="0.094" />
  <testcase classname="ptolemy.util.test.junit.AutoTests" name="[19] /home/travis/build/icyphy/ptII/ptolemy/actor/lib/hoc/test/auto/ConcurrentExecutionTimeSDF.xml (RunModel)" time="1.73" />
  <testcase classname="ptolemy.util.test.junit.AutoTests" name="[20] /home/travis/build/icyphy/ptII/ptolemy/actor/lib/hoc/test/auto/ConcurrentSleep.xml (RunModel)" time="0.769" />
  <testcase classname="ptolemy.util.test.junit.AutoTests" name="[21] /home/travis/build/icyphy/ptII/ptolemy/actor/lib/hoc/test/auto/DEInPNInRunCompositeActor.xml (RunModel)" time="0.051" />
  <testcase classname="ptolemy.util.test.junit.AutoTests" name="[22] /home/travis/build/icyphy/ptII/ptolemy/actor/lib/hoc/test/auto/DFTSubSetTest.xml (RunModel)" time="0.289" />
  <testcase classname="ptolemy.util.test.junit.AutoTests" name="[23] /home/travis/build/icyphy/ptII/ptolemy/actor/lib/hoc/test/auto/HocDE.xml (RunModel)" time="0.168" />
  <testcase classname="ptolemy.util.test.junit.AutoTests" name="[24] /home/travis/build/icyphy/ptII/ptolemy/actor/lib/hoc/test/auto/IterateOverArray.xml (RunModel)" time="0.037" />
  <testcase classname="ptolemy.util.test.junit.AutoTests" name="[25] /home/travis/build/icyphy/ptII/ptolemy/actor/lib/hoc/test/auto/IterateOverArray10.xml (RunModel)" time="0.02" />
  <testcase classname="ptolemy.util.test.junit.AutoTests" name="[26] /home/travis/build/icyphy/ptII/ptolemy/actor/lib/hoc/test/auto/IterateOverArray11.xml (RunModel)" time="0.03" />
  <testcase classname="ptolemy.util.test.junit.AutoTests" name="[27] /home/travis/build/icyphy/ptII/ptolemy/actor/lib/hoc/test/auto/IterateOverArray12.xml (RunModel)" time="0.046" />
  <testcase classname="ptolemy.util.test.junit.AutoTests" name="[28] /home/travis/build/icyphy/ptII/ptolemy/actor/lib/hoc/test/auto/IterateOverArray13.xml (RunModel)" time="0.16" />
  <testcase classname="ptolemy.util.test.junit.AutoTests" name="[29] /home/travis/build/icyphy/ptII/ptolemy/actor/lib/hoc/test/auto/IterateOverArray14.xml (RunModel)" time="0.141" />
  <testcase classname="ptolemy.util.test.junit.AutoTests" name="[30] /home/travis/build/icyphy/ptII/ptolemy/actor/lib/hoc/test/auto/IterateOverArray2.xml (RunModel)" time="0.026" />
  <testcase classname="ptolemy.util.test.junit.AutoTests" name="[31] /home/travis/build/icyphy/ptII/ptolemy/actor/lib/hoc/test/auto/IterateOverArray3.xml (RunModel)" time="0.045" />
  <testcase classname="ptolemy.util.test.junit.AutoTests" name="[32] /home/travis/build/icyphy/ptII/ptolemy/actor/lib/hoc/test/auto/IterateOverArray4.xml (RunModel)" time="0.023" />
  <testcase classname="ptolemy.util.test.junit.AutoTests" name="[33] /home/travis/build/icyphy/ptII/ptolemy/actor/lib/hoc/test/auto/IterateOverArray5.xml (RunModel)" time="0.034" />
  <testcase classname="ptolemy.util.test.junit.AutoTests" name="[34] /home/travis/build/icyphy/ptII/ptolemy/actor/lib/hoc/test/auto/IterateOverArray6.xml (RunModel)" time="0.017" />
  <testcase classname="ptolemy.util.test.junit.AutoTests" name="[35] /home/travis/build/icyphy/ptII/ptolemy/actor/lib/hoc/test/auto/IterateOverArray7.xml (RunModel)" time="0.02" />
  <testcase classname="ptolemy.util.test.junit.AutoTests" name="[36] /home/travis/build/icyphy/ptII/ptolemy/actor/lib/hoc/test/auto/IterateOverArray8.xml (RunModel)" time="0.021" />
  <testcase classname="ptolemy.util.test.junit.AutoTests" name="[37] /home/travis/build/icyphy/ptII/ptolemy/actor/lib/hoc/test/auto/IterateOverArray9.xml (RunModel)" time="0.023" />
  <testcase classname="ptolemy.util.test.junit.AutoTests" name="[38] /home/travis/build/icyphy/ptII/ptolemy/actor/lib/hoc/test/auto/IterateOverArrayCoercedOutputType.xml (RunModel)" time="0.036" />
  <testcase classname="ptolemy.util.test.junit.AutoTests" name="[39] /home/travis/build/icyphy/ptII/ptolemy/actor/lib/hoc/test/auto/IterateOverArrayInferredOutputType.xml (RunModel)" time="0.031" />
  <testcase classname="ptolemy.util.test.junit.AutoTests" name="[40] /home/travis/build/icyphy/ptII/ptolemy/actor/lib/hoc/test/auto/MobileFunctionTest.xml (RunModel)" time="0.025" />
  <testcase classname="ptolemy.util.test.junit.AutoTests" name="[41] /home/travis/build/icyphy/ptII/ptolemy/actor/lib/hoc/test/auto/MobileModelTest.xml (RunModel)" time="0.106" />
  <testcase classname="ptolemy.util.test.junit.AutoTests" name="[42] /home/travis/build/icyphy/ptII/ptolemy/actor/lib/hoc/test/auto/ModelReference.xml (RunModel)" time="0.057" />
  <testcase classname="ptolemy.util.test.junit.AutoTests" name="[43] /home/travis/build/icyphy/ptII/ptolemy/actor/lib/hoc/test/auto/ModelReference3.xml (RunModel)" time="0.053" />
  <testcase classname="ptolemy.util.test.junit.AutoTests" name="[44] /home/travis/build/icyphy/ptII/ptolemy/actor/lib/hoc/test/auto/ModelReference4.xml (RunModel)" time="10.037" />
  <testcase classname="ptolemy.util.test.junit.AutoTests" name="[45] /home/travis/build/icyphy/ptII/ptolemy/actor/lib/hoc/test/auto/MultiInstanceComposite.xml (RunModel)" time="0.044" />
  <testcase classname="ptolemy.util.test.junit.AutoTests" name="[46] /home/travis/build/icyphy/ptII/ptolemy/actor/lib/hoc/test/auto/MultiInstanceComposite2.xml (RunModel)" time="0.041" />
  <testcase classname="ptolemy.util.test.junit.AutoTests" name="[47] /home/travis/build/icyphy/ptII/ptolemy/actor/lib/hoc/test/auto/MulticoreExecution.xml (RunModel)" time="1.146" />
  <testcase classname="ptolemy.util.test.junit.AutoTests" name="[48] /home/travis/build/icyphy/ptII/ptolemy/actor/lib/hoc/test/auto/ParallelExecution.xml (RunModel)" time="0.959" />
  <testcase classname="ptolemy.util.test.junit.AutoTests" name="[49] /home/travis/build/icyphy/ptII/ptolemy/actor/lib/hoc/test/auto/RunCompositeActor.xml (RunModel)" time="0.03" />
  <testcase classname="ptolemy.util.test.junit.AutoTests" name="[50] /home/travis/build/icyphy/ptII/ptolemy/actor/lib/hoc/test/auto/RunCompositeActor2.xml (RunModel)" time="0.029" />
  <testcase classname="ptolemy.util.test.junit.AutoTests" name="[51] /home/travis/build/icyphy/ptII/ptolemy/actor/lib/hoc/test/auto/RunCompositeActor3.xml (RunModel)" time="0.027" />
  <testcase classname="ptolemy.util.test.junit.AutoTests" name="[52] /home/travis/build/icyphy/ptII/ptolemy/actor/lib/hoc/test/auto/RunCompositeActor4.xml (RunModel)" time="0.029" />
  <testcase classname="ptolemy.util.test.junit.AutoTests" name="[53] /home/travis/build/icyphy/ptII/ptolemy/actor/lib/hoc/test/auto/RunCompositeIterateOverArray.xml (RunModel)" time="0.034" />
  <testcase classname="ptolemy.util.test.junit.AutoTests" name="[54] /home/travis/build/icyphy/ptII/ptolemy/actor/lib/hoc/test/auto/ThreadedJS.xml (RunModel)" time="4.47" />
  <system-out><![CDATA[/home/travis/build/icyphy/ptII/ptolemy/actor/lib/hoc/test/IterateOverArray.tcl
testDefs.tcl: setting time out to 9000 seconds at Fri Sep 28 02:15:19 UTC 2018
09/28/18 02:15:19
Failed: 0  Total Tests: 2  ((Passed: 2, Newly Passed: 0)  Known Failed: 0) /home/travis/build/icyphy/ptII/ptolemy/actor/lib/hoc/test
----------------- testing (KnownFailure) /home/travis/build/icyphy/ptII/ptolemy/actor/lib/hoc/test/auto/knownFailedTests/PreinitializeMustBeInvokedRunComposite.xml
33 ms. Memory: 116224K Free: 103548K (89%)
Known Failure: java.lang.reflect.InvocationTargetException
No auto/linux-amd64/*.xml tests in /home/travis/build/icyphy/ptII/ptolemy/actor/lib/hoc/test
AutoTests.java: About to close Vertx.
AutoTests.java: Vertx closed.

===========================================================================================
----------------- testing Fri Sep 28 02:15:20 UTC 2018 /home/travis/build/icyphy/ptII/ptolemy/actor/lib/hoc/test/auto/AllToAllMultiInstanceComposite.xml
----------------- Instantiating /home/travis/build/icyphy/ptII/ptolemy/actor/lib/hoc/test/auto/AllToAllMultiInstanceComposite.xml
117 ms. Memory: 146944K Free: 108135K (74%)
----------------- Invoking toplevel() on ptolemy.moml.MoMLSimpleApplication@8080945
----------------- Done invoking toplevel() on ptolemy.moml.MoMLSimpleApplication@8080945
reloadAllAccessors: .AllToAllMultiInstanceComposite

===========================================================================================
----------------- testing Fri Sep 28 02:15:20 UTC 2018 /home/travis/build/icyphy/ptII/ptolemy/actor/lib/hoc/test/auto/ApplyFFTTest.xml
----------------- Instantiating /home/travis/build/icyphy/ptII/ptolemy/actor/lib/hoc/test/auto/ApplyFFTTest.xml
85 ms. Memory: 146944K Free: 88264K (60%)
----------------- Invoking toplevel() on ptolemy.moml.MoMLSimpleApplication@2bbc0159
----------------- Done invoking toplevel() on ptolemy.moml.MoMLSimpleApplication@2bbc0159
reloadAllAccessors: .ApplyFFTTest

===========================================================================================
----------------- testing Fri Sep 28 02:15:20 UTC 2018 /home/travis/build/icyphy/ptII/ptolemy/actor/lib/hoc/test/auto/ApplyFunction.xml
----------------- Instantiating /home/travis/build/icyphy/ptII/ptolemy/actor/lib/hoc/test/auto/ApplyFunction.xml
4 ms. Memory: 146944K Free: 84568K (58%)
----------------- Invoking toplevel() on ptolemy.moml.MoMLSimpleApplication@1cb53b8c
----------------- Done invoking toplevel() on ptolemy.moml.MoMLSimpleApplication@1cb53b8c
reloadAllAccessors: .ApplyFunction

===========================================================================================
----------------- testing Fri Sep 28 02:15:20 UTC 2018 /home/travis/build/icyphy/ptII/ptolemy/actor/lib/hoc/test/auto/BackgroundExecution.xml
----------------- Instantiating /home/travis/build/icyphy/ptII/ptolemy/actor/lib/hoc/test/auto/BackgroundExecution.xml
654 ms. Memory: 146944K Free: 137464K (94%)
----------------- Invoking toplevel() on ptolemy.moml.MoMLSimpleApplication@7555da8d
----------------- Done invoking toplevel() on ptolemy.moml.MoMLSimpleApplication@7555da8d
reloadAllAccessors: .BackgroundExecution

===========================================================================================
----------------- testing Fri Sep 28 02:15:21 UTC 2018 /home/travis/build/icyphy/ptII/ptolemy/actor/lib/hoc/test/auto/Case.xml
----------------- Instantiating /home/travis/build/icyphy/ptII/ptolemy/actor/lib/hoc/test/auto/Case.xml
15 ms. Memory: 146944K Free: 128694K (88%)
----------------- Invoking toplevel() on ptolemy.moml.MoMLSimpleApplication@57670c79
----------------- Done invoking toplevel() on ptolemy.moml.MoMLSimpleApplication@57670c79
reloadAllAccessors: .Case

===========================================================================================
----------------- testing Fri Sep 28 02:15:21 UTC 2018 /home/travis/build/icyphy/ptII/ptolemy/actor/lib/hoc/test/auto/Case1.xml
----------------- Instantiating /home/travis/build/icyphy/ptII/ptolemy/actor/lib/hoc/test/auto/Case1.xml
10 ms. Memory: 146944K Free: 121921K (83%)
----------------- Invoking toplevel() on ptolemy.moml.MoMLSimpleApplication@5705d7df
----------------- Done invoking toplevel() on ptolemy.moml.MoMLSimpleApplication@5705d7df
reloadAllAccessors: .Case1

===========================================================================================
----------------- testing Fri Sep 28 02:15:21 UTC 2018 /home/travis/build/icyphy/ptII/ptolemy/actor/lib/hoc/test/auto/Case2.xml
----------------- Instantiating /home/travis/build/icyphy/ptII/ptolemy/actor/lib/hoc/test/auto/Case2.xml
27 ms. Memory: 146944K Free: 110337K (75%)
----------------- Invoking toplevel() on ptolemy.moml.MoMLSimpleApplication@78d0c897
----------------- Done invoking toplevel() on ptolemy.moml.MoMLSimpleApplication@78d0c897
reloadAllAccessors: .Case2

===========================================================================================
----------------- testing Fri Sep 28 02:15:21 UTC 2018 /home/travis/build/icyphy/ptII/ptolemy/actor/lib/hoc/test/auto/Case3.xml
----------------- Instantiating /home/travis/build/icyphy/ptII/ptolemy/actor/lib/hoc/test/auto/Case3.xml
8 ms. Memory: 146944K Free: 103824K (71%)
----------------- Invoking toplevel() on ptolemy.moml.MoMLSimpleApplication@335dcbc
----------------- Done invoking toplevel() on ptolemy.moml.MoMLSimpleApplication@335dcbc
reloadAllAccessors: .Case3

===========================================================================================
----------------- testing Fri Sep 28 02:15:21 UTC 2018 /home/travis/build/icyphy/ptII/ptolemy/actor/lib/hoc/test/auto/Case4.xml
----------------- Instantiating /home/travis/build/icyphy/ptII/ptolemy/actor/lib/hoc/test/auto/Case4.xml
9 ms. Memory: 146944K Free: 95013K (65%)
----------------- Invoking toplevel() on ptolemy.moml.MoMLSimpleApplication@5b68143b
----------------- Done invoking toplevel() on ptolemy.moml.MoMLSimpleApplication@5b68143b
reloadAllAccessors: .Case4

===========================================================================================
----------------- testing Fri Sep 28 02:15:21 UTC 2018 /home/travis/build/icyphy/ptII/ptolemy/actor/lib/hoc/test/auto/Case5.xml
----------------- Instantiating /home/travis/build/icyphy/ptII/ptolemy/actor/lib/hoc/test/auto/Case5.xml
53 ms. Memory: 146944K Free: 88264K (60%)
----------------- Invoking toplevel() on ptolemy.moml.MoMLSimpleApplication@76e497ad
----------------- Done invoking toplevel() on ptolemy.moml.MoMLSimpleApplication@76e497ad
reloadAllAccessors: .junk

===========================================================================================
----------------- testing Fri Sep 28 02:15:21 UTC 2018 /home/travis/build/icyphy/ptII/ptolemy/actor/lib/hoc/test/auto/Case6.xml
----------------- Instantiating /home/travis/build/icyphy/ptII/ptolemy/actor/lib/hoc/test/auto/Case6.xml
52 ms. Memory: 208384K Free: 197877K (95%)
----------------- Invoking toplevel() on ptolemy.moml.MoMLSimpleApplication@5bff12ae
----------------- Done invoking toplevel() on ptolemy.moml.MoMLSimpleApplication@5bff12ae
reloadAllAccessors: .Case6

===========================================================================================
----------------- testing Fri Sep 28 02:15:22 UTC 2018 /home/travis/build/icyphy/ptII/ptolemy/actor/lib/hoc/test/auto/CaseString2.xml
----------------- Instantiating /home/travis/build/icyphy/ptII/ptolemy/actor/lib/hoc/test/auto/CaseString2.xml
13 ms. Memory: 208384K Free: 188315K (90%)
----------------- Invoking toplevel() on ptolemy.moml.MoMLSimpleApplication@6f2a8b14
----------------- Done invoking toplevel() on ptolemy.moml.MoMLSimpleApplication@6f2a8b14
reloadAllAccessors: .CaseString2

===========================================================================================
----------------- testing Fri Sep 28 02:15:22 UTC 2018 /home/travis/build/icyphy/ptII/ptolemy/actor/lib/hoc/test/auto/CatchUpComposite1.xml
----------------- Instantiating /home/travis/build/icyphy/ptII/ptolemy/actor/lib/hoc/test/auto/CatchUpComposite1.xml
23 ms. Memory: 208384K Free: 178419K (86%)
----------------- Invoking toplevel() on ptolemy.moml.MoMLSimpleApplication@3bb54b13
----------------- Done invoking toplevel() on ptolemy.moml.MoMLSimpleApplication@3bb54b13
reloadAllAccessors: .CatchUpComposite1

===========================================================================================
----------------- testing Fri Sep 28 02:15:22 UTC 2018 /home/travis/build/icyphy/ptII/ptolemy/actor/lib/hoc/test/auto/CatchUpComposite2.xml
----------------- Instantiating /home/travis/build/icyphy/ptII/ptolemy/actor/lib/hoc/test/auto/CatchUpComposite2.xml
18 ms. Memory: 208384K Free: 168572K (81%)
----------------- Invoking toplevel() on ptolemy.moml.MoMLSimpleApplication@7af08295
----------------- Done invoking toplevel() on ptolemy.moml.MoMLSimpleApplication@7af08295
reloadAllAccessors: .CatchUpComposite2

===========================================================================================
----------------- testing Fri Sep 28 02:15:22 UTC 2018 /home/travis/build/icyphy/ptII/ptolemy/actor/lib/hoc/test/auto/CatchUpComposite3.xml
----------------- Instantiating /home/travis/build/icyphy/ptII/ptolemy/actor/lib/hoc/test/auto/CatchUpComposite3.xml
10 ms. Memory: 208384K Free: 157781K (76%)
----------------- Invoking toplevel() on ptolemy.moml.MoMLSimpleApplication@d40d6b6
----------------- Done invoking toplevel() on ptolemy.moml.MoMLSimpleApplication@d40d6b6
reloadAllAccessors: .CatchUpComposite3

===========================================================================================
----------------- testing Fri Sep 28 02:15:22 UTC 2018 /home/travis/build/icyphy/ptII/ptolemy/actor/lib/hoc/test/auto/CatchUpComposite4.xml
----------------- Instantiating /home/travis/build/icyphy/ptII/ptolemy/actor/lib/hoc/test/auto/CatchUpComposite4.xml
9 ms. Memory: 208384K Free: 148549K (71%)
----------------- Invoking toplevel() on ptolemy.moml.MoMLSimpleApplication@1d79c376
----------------- Done invoking toplevel() on ptolemy.moml.MoMLSimpleApplication@1d79c376
reloadAllAccessors: .CatchUpComposite4

===========================================================================================
----------------- testing Fri Sep 28 02:15:22 UTC 2018 /home/travis/build/icyphy/ptII/ptolemy/actor/lib/hoc/test/auto/CatchUpComposite5.xml
----------------- Instantiating /home/travis/build/icyphy/ptII/ptolemy/actor/lib/hoc/test/auto/CatchUpComposite5.xml
15 ms. Memory: 208384K Free: 140449K (67%)
----------------- Invoking toplevel() on ptolemy.moml.MoMLSimpleApplication@37a8dc01
----------------- Done invoking toplevel() on ptolemy.moml.MoMLSimpleApplication@37a8dc01
reloadAllAccessors: .CatchUpComposite5

===========================================================================================
----------------- testing Fri Sep 28 02:15:22 UTC 2018 /home/travis/build/icyphy/ptII/ptolemy/actor/lib/hoc/test/auto/CatchUpComposite6.xml
----------------- Instantiating /home/travis/build/icyphy/ptII/ptolemy/actor/lib/hoc/test/auto/CatchUpComposite6.xml
WARNING: The execution aspects in this model can influence the timing of actors by delaying the 
execution, potentially changing the behavior. There is no guarantee that actors fire at the 
time they request to be fired. 
Use Ptides for deterministic DE behavior that is not influenced by execution aspects. 

87 ms. Memory: 208384K Free: 121525K (58%)
----------------- Invoking toplevel() on ptolemy.moml.MoMLSimpleApplication@c9c9945
----------------- Done invoking toplevel() on ptolemy.moml.MoMLSimpleApplication@c9c9945
reloadAllAccessors: .CatchUpComposite6

===========================================================================================
----------------- testing Fri Sep 28 02:15:22 UTC 2018 /home/travis/build/icyphy/ptII/ptolemy/actor/lib/hoc/test/auto/CatchUpComposite7.xml
----------------- Instantiating /home/travis/build/icyphy/ptII/ptolemy/actor/lib/hoc/test/auto/CatchUpComposite7.xml
WARNING: The execution aspects in this model can influence the timing of actors by delaying the 
execution, potentially changing the behavior. There is no guarantee that actors fire at the 
time they request to be fired. 
Use Ptides for deterministic DE behavior that is not influenced by execution aspects. 

41 ms. Memory: 208384K Free: 104838K (50%)
----------------- Invoking toplevel() on ptolemy.moml.MoMLSimpleApplication@99a2aae
----------------- Done invoking toplevel() on ptolemy.moml.MoMLSimpleApplication@99a2aae
reloadAllAccessors: .CatchUpComposite7

===========================================================================================
----------------- testing Fri Sep 28 02:15:22 UTC 2018 /home/travis/build/icyphy/ptII/ptolemy/actor/lib/hoc/test/auto/ConcurrentExecutionTimeSDF.xml
----------------- Instantiating /home/travis/build/icyphy/ptII/ptolemy/actor/lib/hoc/test/auto/ConcurrentExecutionTimeSDF.xml
Fired ExecutionTime: 40400000
Fired ExecutionTime: 40400000
Fired ExecutionTime: 40400000
Fired ExecutionTime: 40400000
Fired ExecutionTime: 40400000
Fired ExecutionTime: 40400000
Fired ExecutionTime: 40400000
Fired ExecutionTime: 40400000
Fired ExecutionTime: 40400000
Fired ExecutionTime: 40400000
Fired ExecutionTime: 40400000
Fired ExecutionTime: 40400000
Fired ExecutionTime: 40400000
Fired ExecutionTime: 40400000
Fired ExecutionTime: 40400000
Fired ExecutionTime: 40400000
Fired ExecutionTime: 40400000
Fired ExecutionTime: 40400000
Fired ExecutionTime: 40400000
Fired ExecutionTime: 40400000
1698 ms. Memory: 208384K Free: 96220K (46%)
----------------- Invoking toplevel() on ptolemy.moml.MoMLSimpleApplication@54671906
----------------- Done invoking toplevel() on ptolemy.moml.MoMLSimpleApplication@54671906
reloadAllAccessors: .ConcurrentExecutionTimeSDF

===========================================================================================
----------------- testing Fri Sep 28 02:15:24 UTC 2018 /home/travis/build/icyphy/ptII/ptolemy/actor/lib/hoc/test/auto/ConcurrentSleep.xml
----------------- Instantiating /home/travis/build/icyphy/ptII/ptolemy/actor/lib/hoc/test/auto/ConcurrentSleep.xml
737 ms. Memory: 208384K Free: 81679K (39%)
----------------- Invoking toplevel() on ptolemy.moml.MoMLSimpleApplication@3da81e09
----------------- Done invoking toplevel() on ptolemy.moml.MoMLSimpleApplication@3da81e09
reloadAllAccessors: .ConcurrentSleep

===========================================================================================
----------------- testing Fri Sep 28 02:15:25 UTC 2018 /home/travis/build/icyphy/ptII/ptolemy/actor/lib/hoc/test/auto/DEInPNInRunCompositeActor.xml
----------------- Instantiating /home/travis/build/icyphy/ptII/ptolemy/actor/lib/hoc/test/auto/DEInPNInRunCompositeActor.xml
9 ms. Memory: 208384K Free: 196799K (94%)
----------------- Invoking toplevel() on ptolemy.moml.MoMLSimpleApplication@263417ba
----------------- Done invoking toplevel() on ptolemy.moml.MoMLSimpleApplication@263417ba
reloadAllAccessors: .DEInPNInRunCompositeActor

===========================================================================================
----------------- testing Fri Sep 28 02:15:25 UTC 2018 /home/travis/build/icyphy/ptII/ptolemy/actor/lib/hoc/test/auto/DFTSubSetTest.xml
----------------- Instantiating /home/travis/build/icyphy/ptII/ptolemy/actor/lib/hoc/test/auto/DFTSubSetTest.xml
168 ms. Memory: 208384K Free: 148512K (71%)
----------------- Invoking toplevel() on ptolemy.moml.MoMLSimpleApplication@1a4c76a
----------------- Done invoking toplevel() on ptolemy.moml.MoMLSimpleApplication@1a4c76a
reloadAllAccessors: .DFTSubSetTest

===========================================================================================
----------------- testing Fri Sep 28 02:15:25 UTC 2018 /home/travis/build/icyphy/ptII/ptolemy/actor/lib/hoc/test/auto/HocDE.xml
----------------- Instantiating /home/travis/build/icyphy/ptII/ptolemy/actor/lib/hoc/test/auto/HocDE.xml
129 ms. Memory: 208384K Free: 121462K (58%)
----------------- Invoking toplevel() on ptolemy.moml.MoMLSimpleApplication@b052c2d
----------------- Done invoking toplevel() on ptolemy.moml.MoMLSimpleApplication@b052c2d
reloadAllAccessors: .HocDE

===========================================================================================
----------------- testing Fri Sep 28 02:15:25 UTC 2018 /home/travis/build/icyphy/ptII/ptolemy/actor/lib/hoc/test/auto/IterateOverArray.xml
----------------- Instantiating /home/travis/build/icyphy/ptII/ptolemy/actor/lib/hoc/test/auto/IterateOverArray.xml
5 ms. Memory: 208384K Free: 115092K (55%)
----------------- Invoking toplevel() on ptolemy.moml.MoMLSimpleApplication@285bcb78
----------------- Done invoking toplevel() on ptolemy.moml.MoMLSimpleApplication@285bcb78
reloadAllAccessors: .IterateOverArray

===========================================================================================
----------------- testing Fri Sep 28 02:15:25 UTC 2018 /home/travis/build/icyphy/ptII/ptolemy/actor/lib/hoc/test/auto/IterateOverArray10.xml
----------------- Instantiating /home/travis/build/icyphy/ptII/ptolemy/actor/lib/hoc/test/auto/IterateOverArray10.xml
2 ms. Memory: 208384K Free: 110996K (53%)
----------------- Invoking toplevel() on ptolemy.moml.MoMLSimpleApplication@4c2451f
----------------- Done invoking toplevel() on ptolemy.moml.MoMLSimpleApplication@4c2451f
reloadAllAccessors: .IterateOverArray10

===========================================================================================
----------------- testing Fri Sep 28 02:15:25 UTC 2018 /home/travis/build/icyphy/ptII/ptolemy/actor/lib/hoc/test/auto/IterateOverArray11.xml
----------------- Instantiating /home/travis/build/icyphy/ptII/ptolemy/actor/lib/hoc/test/auto/IterateOverArray11.xml
6 ms. Memory: 208384K Free: 105445K (51%)
----------------- Invoking toplevel() on ptolemy.moml.MoMLSimpleApplication@4d26740
----------------- Done invoking toplevel() on ptolemy.moml.MoMLSimpleApplication@4d26740
reloadAllAccessors: .IterateOverArray11

===========================================================================================
----------------- testing Fri Sep 28 02:15:25 UTC 2018 /home/travis/build/icyphy/ptII/ptolemy/actor/lib/hoc/test/auto/IterateOverArray12.xml
----------------- Instantiating /home/travis/build/icyphy/ptII/ptolemy/actor/lib/hoc/test/auto/IterateOverArray12.xml
19 ms. Memory: 208384K Free: 98875K (47%)
----------------- Invoking toplevel() on ptolemy.moml.MoMLSimpleApplication@77fe93e
----------------- Done invoking toplevel() on ptolemy.moml.MoMLSimpleApplication@77fe93e
reloadAllAccessors: .IterateOverArray12

===========================================================================================
----------------- testing Fri Sep 28 02:15:25 UTC 2018 /home/travis/build/icyphy/ptII/ptolemy/actor/lib/hoc/test/auto/IterateOverArray13.xml
----------------- Instantiating /home/travis/build/icyphy/ptII/ptolemy/actor/lib/hoc/test/auto/IterateOverArray13.xml
79 ms. Memory: 331264K Free: 312903K (94%)
----------------- Invoking toplevel() on ptolemy.moml.MoMLSimpleApplication@5c1e4685
----------------- Done invoking toplevel() on ptolemy.moml.MoMLSimpleApplication@5c1e4685
reloadAllAccessors: .IterateOverArray13

===========================================================================================
----------------- testing Fri Sep 28 02:15:26 UTC 2018 /home/travis/build/icyphy/ptII/ptolemy/actor/lib/hoc/test/auto/IterateOverArray14.xml
----------------- Instantiating /home/travis/build/icyphy/ptII/ptolemy/actor/lib/hoc/test/auto/IterateOverArray14.xml
71 ms. Memory: 331264K Free: 276163K (83%)
----------------- Invoking toplevel() on ptolemy.moml.MoMLSimpleApplication@112ef3ba
----------------- Done invoking toplevel() on ptolemy.moml.MoMLSimpleApplication@112ef3ba
reloadAllAccessors: .IterateOverArray14

===========================================================================================
----------------- testing Fri Sep 28 02:15:26 UTC 2018 /home/travis/build/icyphy/ptII/ptolemy/actor/lib/hoc/test/auto/IterateOverArray2.xml
----------------- Instantiating /home/travis/build/icyphy/ptII/ptolemy/actor/lib/hoc/test/auto/IterateOverArray2.xml
9 ms. Memory: 331264K Free: 269636K (81%)
----------------- Invoking toplevel() on ptolemy.moml.MoMLSimpleApplication@46635914
----------------- Done invoking toplevel() on ptolemy.moml.MoMLSimpleApplication@46635914
reloadAllAccessors: .IterateOverArray2

===========================================================================================
----------------- testing Fri Sep 28 02:15:26 UTC 2018 /home/travis/build/icyphy/ptII/ptolemy/actor/lib/hoc/test/auto/IterateOverArray3.xml
----------------- Instantiating /home/travis/build/icyphy/ptII/ptolemy/actor/lib/hoc/test/auto/IterateOverArray3.xml
10 ms. Memory: 331264K Free: 260633K (79%)
----------------- Invoking toplevel() on ptolemy.moml.MoMLSimpleApplication@2f95f17
----------------- Done invoking toplevel() on ptolemy.moml.MoMLSimpleApplication@2f95f17
reloadAllAccessors: .IterateOverArray3

===========================================================================================
----------------- testing Fri Sep 28 02:15:26 UTC 2018 /home/travis/build/icyphy/ptII/ptolemy/actor/lib/hoc/test/auto/IterateOverArray4.xml
----------------- Instantiating /home/travis/build/icyphy/ptII/ptolemy/actor/lib/hoc/test/auto/IterateOverArray4.xml
8 ms. Memory: 331264K Free: 253291K (76%)
----------------- Invoking toplevel() on ptolemy.moml.MoMLSimpleApplication@de509d5
----------------- Done invoking toplevel() on ptolemy.moml.MoMLSimpleApplication@de509d5
reloadAllAccessors: .IterateOverArray4

===========================================================================================
----------------- testing Fri Sep 28 02:15:26 UTC 2018 /home/travis/build/icyphy/ptII/ptolemy/actor/lib/hoc/test/auto/IterateOverArray5.xml
----------------- Instantiating /home/travis/build/icyphy/ptII/ptolemy/actor/lib/hoc/test/auto/IterateOverArray5.xml
3 ms. Memory: 331264K Free: 248396K (75%)
----------------- Invoking toplevel() on ptolemy.moml.MoMLSimpleApplication@10a653e6
----------------- Done invoking toplevel() on ptolemy.moml.MoMLSimpleApplication@10a653e6
reloadAllAccessors: .IterateOverArray5

===========================================================================================
----------------- testing Fri Sep 28 02:15:26 UTC 2018 /home/travis/build/icyphy/ptII/ptolemy/actor/lib/hoc/test/auto/IterateOverArray6.xml
----------------- Instantiating /home/travis/build/icyphy/ptII/ptolemy/actor/lib/hoc/test/auto/IterateOverArray6.xml
2 ms. Memory: 331264K Free: 242656K (73%)
----------------- Invoking toplevel() on ptolemy.moml.MoMLSimpleApplication@2029b25d
----------------- Done invoking toplevel() on ptolemy.moml.MoMLSimpleApplication@2029b25d
reloadAllAccessors: .IterateOverArray6

===========================================================================================
----------------- testing Fri Sep 28 02:15:26 UTC 2018 /home/travis/build/icyphy/ptII/ptolemy/actor/lib/hoc/test/auto/IterateOverArray7.xml
----------------- Instantiating /home/travis/build/icyphy/ptII/ptolemy/actor/lib/hoc/test/auto/IterateOverArray7.xml
4 ms. Memory: 331264K Free: 236130K (71%)
----------------- Invoking toplevel() on ptolemy.moml.MoMLSimpleApplication@61ef7bff
----------------- Done invoking toplevel() on ptolemy.moml.MoMLSimpleApplication@61ef7bff
reloadAllAccessors: .IterateOverArray7

===========================================================================================
----------------- testing Fri Sep 28 02:15:26 UTC 2018 /home/travis/build/icyphy/ptII/ptolemy/actor/lib/hoc/test/auto/IterateOverArray8.xml
----------------- Instantiating /home/travis/build/icyphy/ptII/ptolemy/actor/lib/hoc/test/auto/IterateOverArray8.xml
4 ms. Memory: 331264K Free: 230390K (70%)
----------------- Invoking toplevel() on ptolemy.moml.MoMLSimpleApplication@7fb4ecc9
----------------- Done invoking toplevel() on ptolemy.moml.MoMLSimpleApplication@7fb4ecc9
reloadAllAccessors: .IterateOverArray8

===========================================================================================
----------------- testing Fri Sep 28 02:15:26 UTC 2018 /home/travis/build/icyphy/ptII/ptolemy/actor/lib/hoc/test/auto/IterateOverArray9.xml
----------------- Instantiating /home/travis/build/icyphy/ptII/ptolemy/actor/lib/hoc/test/auto/IterateOverArray9.xml
6 ms. Memory: 331264K Free: 225495K (68%)
----------------- Invoking toplevel() on ptolemy.moml.MoMLSimpleApplication@133db60
----------------- Done invoking toplevel() on ptolemy.moml.MoMLSimpleApplication@133db60
reloadAllAccessors: .IterateOverArray9

===========================================================================================
----------------- testing Fri Sep 28 02:15:26 UTC 2018 /home/travis/build/icyphy/ptII/ptolemy/actor/lib/hoc/test/auto/IterateOverArrayCoercedOutputType.xml
----------------- Instantiating /home/travis/build/icyphy/ptII/ptolemy/actor/lib/hoc/test/auto/IterateOverArrayCoercedOutputType.xml
8 ms. Memory: 331264K Free: 218969K (66%)
----------------- Invoking toplevel() on ptolemy.moml.MoMLSimpleApplication@ca96886
----------------- Done invoking toplevel() on ptolemy.moml.MoMLSimpleApplication@ca96886
reloadAllAccessors: .IterateOverArrayCoercedOutputType

===========================================================================================
----------------- testing Fri Sep 28 02:15:26 UTC 2018 /home/travis/build/icyphy/ptII/ptolemy/actor/lib/hoc/test/auto/IterateOverArrayInferredOutputType.xml
----------------- Instantiating /home/travis/build/icyphy/ptII/ptolemy/actor/lib/hoc/test/auto/IterateOverArrayInferredOutputType.xml
8 ms. Memory: 331264K Free: 211597K (64%)
----------------- Invoking toplevel() on ptolemy.moml.MoMLSimpleApplication@6b474e3e
----------------- Done invoking toplevel() on ptolemy.moml.MoMLSimpleApplication@6b474e3e
reloadAllAccessors: .IterateOverArrayInferredOutputType

===========================================================================================
----------------- testing Fri Sep 28 02:15:26 UTC 2018 /home/travis/build/icyphy/ptII/ptolemy/actor/lib/hoc/test/auto/MobileFunctionTest.xml
----------------- Instantiating /home/travis/build/icyphy/ptII/ptolemy/actor/lib/hoc/test/auto/MobileFunctionTest.xml
7 ms. Memory: 331264K Free: 205039K (62%)
----------------- Invoking toplevel() on ptolemy.moml.MoMLSimpleApplication@6055091b
----------------- Done invoking toplevel() on ptolemy.moml.MoMLSimpleApplication@6055091b
reloadAllAccessors: .MobileFunctionTest

===========================================================================================
----------------- testing Fri Sep 28 02:15:26 UTC 2018 /home/travis/build/icyphy/ptII/ptolemy/actor/lib/hoc/test/auto/MobileModelTest.xml
----------------- Instantiating /home/travis/build/icyphy/ptII/ptolemy/actor/lib/hoc/test/auto/MobileModelTest.xml
70 ms. Memory: 331264K Free: 183810K (55%)
----------------- Invoking toplevel() on ptolemy.moml.MoMLSimpleApplication@1d5c2e9b
----------------- Done invoking toplevel() on ptolemy.moml.MoMLSimpleApplication@1d5c2e9b
reloadAllAccessors: .MobileModelTest

===========================================================================================
----------------- testing Fri Sep 28 02:15:26 UTC 2018 /home/travis/build/icyphy/ptII/ptolemy/actor/lib/hoc/test/auto/ModelReference.xml
----------------- Instantiating /home/travis/build/icyphy/ptII/ptolemy/actor/lib/hoc/test/auto/ModelReference.xml
2 ms. Memory: 331264K Free: 173175K (52%)
1 ms. Memory: 331264K Free: 173175K (52%)
2 ms. Memory: 331264K Free: 171543K (52%)
2 ms. Memory: 331264K Free: 171543K (52%)
2 ms. Memory: 331264K Free: 169912K (51%)
1 ms. Memory: 331264K Free: 169912K (51%)
2 ms. Memory: 331264K Free: 168280K (51%)
3 ms. Memory: 331264K Free: 168280K (51%)
1 ms. Memory: 331264K Free: 166649K (50%)
6 ms. Memory: 331264K Free: 166649K (50%)
31 ms. Memory: 331264K Free: 166649K (50%)
----------------- Invoking toplevel() on ptolemy.moml.MoMLSimpleApplication@70719e5f
----------------- Done invoking toplevel() on ptolemy.moml.MoMLSimpleApplication@70719e5f
reloadAllAccessors: .ModelReference

===========================================================================================
----------------- testing Fri Sep 28 02:15:26 UTC 2018 /home/travis/build/icyphy/ptII/ptolemy/actor/lib/hoc/test/auto/ModelReference3.xml
----------------- Instantiating /home/travis/build/icyphy/ptII/ptolemy/actor/lib/hoc/test/auto/ModelReference3.xml
2 ms. Memory: 331264K Free: 161754K (49%)
5 ms. Memory: 331264K Free: 160122K (48%)
2 ms. Memory: 331264K Free: 160122K (48%)
4 ms. Memory: 331264K Free: 158491K (48%)
1 ms. Memory: 331264K Free: 158491K (48%)
1 ms. Memory: 331264K Free: 156859K (47%)
1 ms. Memory: 331264K Free: 156859K (47%)
4 ms. Memory: 331264K Free: 155228K (47%)
2 ms. Memory: 331264K Free: 155228K (47%)
3 ms. Memory: 331264K Free: 153596K (46%)
31 ms. Memory: 331264K Free: 153596K (46%)
----------------- Invoking toplevel() on ptolemy.moml.MoMLSimpleApplication@45a993fb
----------------- Done invoking toplevel() on ptolemy.moml.MoMLSimpleApplication@45a993fb
reloadAllAccessors: .ModelReference3

===========================================================================================
----------------- testing Fri Sep 28 02:15:26 UTC 2018 /home/travis/build/icyphy/ptII/ptolemy/actor/lib/hoc/test/auto/ModelReference4.xml
----------------- Instantiating /home/travis/build/icyphy/ptII/ptolemy/actor/lib/hoc/test/auto/ModelReference4.xml
3 ms. Memory: 331264K Free: 146225K (44%)
2 ms. Memory: 331264K Free: 144593K (44%)
4 ms. Memory: 331264K Free: 142961K (43%)
3 ms. Memory: 331264K Free: 141330K (43%)
2 ms. Memory: 331264K Free: 138067K (42%)
10 ms. Memory: 331264K Free: 136435K (41%)
10 ms. Memory: 331264K Free: 134804K (41%)
1 ms. Memory: 331264K Free: 133172K (40%)
3 ms. Memory: 331264K Free: 131540K (40%)
2 ms. Memory: 331264K Free: 129909K (39%)
10021 ms. Memory: 331264K Free: 129909K (39%)
----------------- Invoking toplevel() on ptolemy.moml.MoMLSimpleApplication@4e4a1cad
----------------- Done invoking toplevel() on ptolemy.moml.MoMLSimpleApplication@4e4a1cad
reloadAllAccessors: .ModelReference4

===========================================================================================
----------------- testing Fri Sep 28 02:15:36 UTC 2018 /home/travis/build/icyphy/ptII/ptolemy/actor/lib/hoc/test/auto/MultiInstanceComposite.xml
----------------- Instantiating /home/travis/build/icyphy/ptII/ptolemy/actor/lib/hoc/test/auto/MultiInstanceComposite.xml
27 ms. Memory: 331264K Free: 111961K (34%)
----------------- Invoking toplevel() on ptolemy.moml.MoMLSimpleApplication@b44a496
----------------- Done invoking toplevel() on ptolemy.moml.MoMLSimpleApplication@b44a496
reloadAllAccessors: .MultiInstanceComposite

===========================================================================================
----------------- testing Fri Sep 28 02:15:36 UTC 2018 /home/travis/build/icyphy/ptII/ptolemy/actor/lib/hoc/test/auto/MultiInstanceComposite2.xml
----------------- Instantiating /home/travis/build/icyphy/ptII/ptolemy/actor/lib/hoc/test/auto/MultiInstanceComposite2.xml
16 ms. Memory: 331264K Free: 98909K (30%)
----------------- Invoking toplevel() on ptolemy.moml.MoMLSimpleApplication@25a17d3d
----------------- Done invoking toplevel() on ptolemy.moml.MoMLSimpleApplication@25a17d3d
reloadAllAccessors: .MultiInstanceComposite2

===========================================================================================
----------------- testing Fri Sep 28 02:15:36 UTC 2018 /home/travis/build/icyphy/ptII/ptolemy/actor/lib/hoc/test/auto/MulticoreExecution.xml
----------------- Instantiating /home/travis/build/icyphy/ptII/ptolemy/actor/lib/hoc/test/auto/MulticoreExecution.xml
Fired ExecutionTime: 2800000
Fired ExecutionTime: 2800000
Fired ExecutionTime: 1600000
Fired ExecutionTime: 4400000
Fired ExecutionTime: 3200000
Fired ExecutionTime: 3200000
Fired ExecutionTime: 3200000
Fired ExecutionTime: 3200000
Fired ExecutionTime: 4400000
Fired ExecutionTime: 2000000
Fired ExecutionTime: 2800000
Fired ExecutionTime: 2800000
Fired ExecutionTime: 2800000
Fired ExecutionTime: 3200000
Fired ExecutionTime: 3600000
Fired ExecutionTime: 2800000
Fired ExecutionTime: 4400000
Fired ExecutionTime: 2000000
Fired ExecutionTime: 1600000
Fired ExecutionTime: 4400000
1127 ms. Memory: 331264K Free: 85010K (26%)
----------------- Invoking toplevel() on ptolemy.moml.MoMLSimpleApplication@621c4f44
----------------- Done invoking toplevel() on ptolemy.moml.MoMLSimpleApplication@621c4f44
reloadAllAccessors: .MulticoreExecution

===========================================================================================
----------------- testing Fri Sep 28 02:15:37 UTC 2018 /home/travis/build/icyphy/ptII/ptolemy/actor/lib/hoc/test/auto/ParallelExecution.xml
----------------- Instantiating /home/travis/build/icyphy/ptII/ptolemy/actor/lib/hoc/test/auto/ParallelExecution.xml
917 ms. Memory: 332288K Free: 317386K (96%)
----------------- Invoking toplevel() on ptolemy.moml.MoMLSimpleApplication@6aad32b8
----------------- Done invoking toplevel() on ptolemy.moml.MoMLSimpleApplication@6aad32b8
reloadAllAccessors: .ParallelExecution

===========================================================================================
----------------- testing Fri Sep 28 02:15:38 UTC 2018 /home/travis/build/icyphy/ptII/ptolemy/actor/lib/hoc/test/auto/RunCompositeActor.xml
----------------- Instantiating /home/travis/build/icyphy/ptII/ptolemy/actor/lib/hoc/test/auto/RunCompositeActor.xml
7 ms. Memory: 332288K Free: 308227K (93%)
----------------- Invoking toplevel() on ptolemy.moml.MoMLSimpleApplication@2026b074
----------------- Done invoking toplevel() on ptolemy.moml.MoMLSimpleApplication@2026b074
reloadAllAccessors: .RunCompositeActor

===========================================================================================
----------------- testing Fri Sep 28 02:15:38 UTC 2018 /home/travis/build/icyphy/ptII/ptolemy/actor/lib/hoc/test/auto/RunCompositeActor2.xml
----------------- Instantiating /home/travis/build/icyphy/ptII/ptolemy/actor/lib/hoc/test/auto/RunCompositeActor2.xml
12 ms. Memory: 332288K Free: 300228K (90%)
----------------- Invoking toplevel() on ptolemy.moml.MoMLSimpleApplication@6f65505c
----------------- Done invoking toplevel() on ptolemy.moml.MoMLSimpleApplication@6f65505c
reloadAllAccessors: .RunCompositeActor2

===========================================================================================
----------------- testing Fri Sep 28 02:15:39 UTC 2018 /home/travis/build/icyphy/ptII/ptolemy/actor/lib/hoc/test/auto/RunCompositeActor3.xml
----------------- Instantiating /home/travis/build/icyphy/ptII/ptolemy/actor/lib/hoc/test/auto/RunCompositeActor3.xml
8 ms. Memory: 332288K Free: 294109K (89%)
----------------- Invoking toplevel() on ptolemy.moml.MoMLSimpleApplication@69dbd555
----------------- Done invoking toplevel() on ptolemy.moml.MoMLSimpleApplication@69dbd555
reloadAllAccessors: .RunCompositeActor3

===========================================================================================
----------------- testing Fri Sep 28 02:15:39 UTC 2018 /home/travis/build/icyphy/ptII/ptolemy/actor/lib/hoc/test/auto/RunCompositeActor4.xml
----------------- Instantiating /home/travis/build/icyphy/ptII/ptolemy/actor/lib/hoc/test/auto/RunCompositeActor4.xml
12 ms. Memory: 332288K Free: 283542K (85%)
----------------- Invoking toplevel() on ptolemy.moml.MoMLSimpleApplication@5afc8cc0
----------------- Done invoking toplevel() on ptolemy.moml.MoMLSimpleApplication@5afc8cc0
reloadAllAccessors: .RunCompositeActor4

===========================================================================================
----------------- testing Fri Sep 28 02:15:39 UTC 2018 /home/travis/build/icyphy/ptII/ptolemy/actor/lib/hoc/test/auto/RunCompositeIterateOverArray.xml
----------------- Instantiating /home/travis/build/icyphy/ptII/ptolemy/actor/lib/hoc/test/auto/RunCompositeIterateOverArray.xml
6 ms. Memory: 332288K Free: 276182K (83%)
----------------- Invoking toplevel() on ptolemy.moml.MoMLSimpleApplication@3e08d5b0
----------------- Done invoking toplevel() on ptolemy.moml.MoMLSimpleApplication@3e08d5b0
reloadAllAccessors: .RunCompositeIterateOverArray

===========================================================================================
----------------- testing Fri Sep 28 02:15:39 UTC 2018 /home/travis/build/icyphy/ptII/ptolemy/actor/lib/hoc/test/auto/ThreadedJS.xml
----------------- Instantiating /home/travis/build/icyphy/ptII/ptolemy/actor/lib/hoc/test/auto/ThreadedJS.xml
1496 ms. Memory: 540160K Free: 164595K (30%)
----------------- Invoking toplevel() on ptolemy.moml.MoMLSimpleApplication@33b95505
----------------- Done invoking toplevel() on ptolemy.moml.MoMLSimpleApplication@33b95505
reloadAllAccessors: .ThreadedJS
AutoTests.java: About to close Vertx.
AutoTests.java: Vertx closed.
]]></system-out>
  <system-err><![CDATA[java.lang.RuntimeException: Execution failed
	at ptolemy.moml.MoMLSimpleApplication$UnloadThread.run(MoMLSimpleApplication.java:402)
Caused by: ptolemy.kernel.util.IllegalActionException: initialize() was called after wrapup() was called but preinitialize() was not called after wrapup().
	at ptolemy.actor.lib.hoc.test.PreinitializeMustBeInvoked.initialize(PreinitializeMustBeInvoked.java:78)
	at ptolemy.actor.Director.initialize(Director.java:938)
	at ptolemy.actor.Director.initialize(Director.java:907)
	at ptolemy.actor.sched.StaticSchedulingDirector.initialize(StaticSchedulingDirector.java:159)
	at ptolemy.domains.sdf.kernel.SDFDirector.initialize(SDFDirector.java:544)
	at ptolemy.actor.CompositeActor.initialize(CompositeActor.java:935)
	at ptolemy.actor.lib.hoc.LifeCycleManager._executeInsideModel(LifeCycleManager.java:339)
	at ptolemy.actor.lib.hoc.RunCompositeActor.fire(RunCompositeActor.java:205)
	at ptolemy.actor.CompositeActor.iterate(CompositeActor.java:1146)
	at ptolemy.actor.sched.StaticSchedulingDirector.fire(StaticSchedulingDirector.java:216)
	at ptolemy.domains.sdf.kernel.SDFDirector.fire(SDFDirector.java:500)
	at ptolemy.actor.CompositeActor.fire(CompositeActor.java:455)
	at ptolemy.actor.Manager.iterate(Manager.java:851)
	at ptolemy.actor.Manager.execute(Manager.java:369)
	at ptolemy.actor.Manager.run(Manager.java:1263)
	at ptolemy.actor.Manager$PtolemyRunThread.run(Manager.java:1915)
java.lang.reflect.InvocationTargetException
	at sun.reflect.NativeConstructorAccessorImpl.newInstance0(Native Method)
	at sun.reflect.NativeConstructorAccessorImpl.newInstance(NativeConstructorAccessorImpl.java:62)
	at sun.reflect.DelegatingConstructorAccessorImpl.newInstance(DelegatingConstructorAccessorImpl.java:45)
	at java.lang.reflect.Constructor.newInstance(Constructor.java:423)
	at ptolemy.util.test.junit.AutoKnownFailedTests.RunModel(AutoKnownFailedTests.java:107)
	at sun.reflect.NativeMethodAccessorImpl.invoke0(Native Method)
	at sun.reflect.NativeMethodAccessorImpl.invoke(NativeMethodAccessorImpl.java:62)
	at sun.reflect.DelegatingMethodAccessorImpl.invoke(DelegatingMethodAccessorImpl.java:43)
	at java.lang.reflect.Method.invoke(Method.java:498)
	at org.junit.runners.model.FrameworkMethod$1.runReflectiveCall(FrameworkMethod.java:44)
	at org.junit.internal.runners.model.ReflectiveCallable.run(ReflectiveCallable.java:15)
	at org.junit.runners.model.FrameworkMethod.invokeExplosively(FrameworkMethod.java:41)
	at junitparams.internal.InvokeParameterisedMethod.evaluate(InvokeParameterisedMethod.java:102)
	at org.junit.internal.runners.statements.FailOnTimeout$1.run(FailOnTimeout.java:28)
Caused by: ptolemy.kernel.util.IllegalActionException: initialize() was called after wrapup() was called but preinitialize() was not called after wrapup().
	at ptolemy.actor.lib.hoc.test.PreinitializeMustBeInvoked.initialize(PreinitializeMustBeInvoked.java:78)
	at ptolemy.actor.Director.initialize(Director.java:938)
	at ptolemy.actor.Director.initialize(Director.java:907)
	at ptolemy.actor.sched.StaticSchedulingDirector.initialize(StaticSchedulingDirector.java:159)
	at ptolemy.domains.sdf.kernel.SDFDirector.initialize(SDFDirector.java:544)
	at ptolemy.actor.CompositeActor.initialize(CompositeActor.java:935)
	at ptolemy.actor.lib.hoc.LifeCycleManager._executeInsideModel(LifeCycleManager.java:339)
	at ptolemy.actor.lib.hoc.RunCompositeActor.fire(RunCompositeActor.java:205)
	at ptolemy.actor.CompositeActor.iterate(CompositeActor.java:1146)
	at ptolemy.actor.sched.StaticSchedulingDirector.fire(StaticSchedulingDirector.java:216)
	at ptolemy.domains.sdf.kernel.SDFDirector.fire(SDFDirector.java:500)
	at ptolemy.actor.CompositeActor.fire(CompositeActor.java:455)
	at ptolemy.actor.Manager.iterate(Manager.java:851)
	at ptolemy.actor.Manager.execute(Manager.java:369)
	at ptolemy.actor.Manager.run(Manager.java:1263)
	at ptolemy.actor.Manager$PtolemyRunThread.run(Manager.java:1915)
]]></system-err>
</testsuite>
