<?xml version="1.0" encoding="UTF-8" ?>
<testsuite errors="0" failures="0" hostname="travis-job-6d2c4565-1bf8-461e-9aef-ad20df10f1a4" name="ptolemy.domains.sdf.lib.test.junit.JUnitTclTest" skipped="0" tests="82" time="7.753" timestamp="2019-12-22T06:42:57">
  <properties>
[...]
</properties>
  <testcase classname="ptolemy.util.test.junit.TclTests" name="[0] /home/travis/build/icyphy/ptII/ptolemy/domains/sdf/lib/test/ArrayToSequence.tcl (RunTclFile)" time="0.631" />
  <testcase classname="ptolemy.util.test.junit.TclTests" name="[1] /home/travis/build/icyphy/ptII/ptolemy/domains/sdf/lib/test/BitsToInt.tcl (RunTclFile)" time="0.072" />
  <testcase classname="ptolemy.util.test.junit.TclTests" name="[2] /home/travis/build/icyphy/ptII/ptolemy/domains/sdf/lib/test/DelayLine.tcl (RunTclFile)" time="0.042" />
  <testcase classname="ptolemy.util.test.junit.TclTests" name="[3] /home/travis/build/icyphy/ptII/ptolemy/domains/sdf/lib/test/FFT.tcl (RunTclFile)" time="0.03" />
  <testcase classname="ptolemy.util.test.junit.TclTests" name="[4] /home/travis/build/icyphy/ptII/ptolemy/domains/sdf/lib/test/FIR.tcl (RunTclFile)" time="0.159" />
  <testcase classname="ptolemy.util.test.junit.TclTests" name="[5] /home/travis/build/icyphy/ptII/ptolemy/domains/sdf/lib/test/IntToBits.tcl (RunTclFile)" time="0.029" />
  <testcase classname="ptolemy.util.test.junit.TclTests" name="[6] /home/travis/build/icyphy/ptII/ptolemy/domains/sdf/lib/test/MaximumEntropySpectrum.tcl (RunTclFile)" time="0.334" />
  <testcase classname="ptolemy.util.test.junit.TclTests" name="[7] /home/travis/build/icyphy/ptII/ptolemy/domains/sdf/lib/test/Repeat.tcl (RunTclFile)" time="0.046" />
  <testcase classname="ptolemy.util.test.junit.TclTests" name="[8] /home/travis/build/icyphy/ptII/ptolemy/domains/sdf/lib/test/SampleDelay.tcl (RunTclFile)" time="0.084" />
  <testcase classname="ptolemy.util.test.junit.TclTests" name="[9] /home/travis/build/icyphy/ptII/ptolemy/domains/sdf/lib/test/SequenceToArray.tcl (RunTclFile)" time="0.034" />
  <testcase classname="ptolemy.util.test.junit.AutoKnownFailedTests" name="[0] ThereAreNoKnowFailedTests (RunModel)" time="0.001" />
  <testcase classname="ptolemy.util.test.junit.AutoNameArchTests" name="[0] ThereAreNoAutoArchTests (RunModel)" time="0.005" />
  <testcase classname="ptolemy.util.test.junit.AutoTests" name="[0] /home/travis/build/icyphy/ptII/ptolemy/domains/sdf/lib/test/auto/ArrayToSequence.xml (RunModel)" time="0.256" />
  <testcase classname="ptolemy.util.test.junit.AutoTests" name="[1] /home/travis/build/icyphy/ptII/ptolemy/domains/sdf/lib/test/auto/ArrayToSequenceTest.xml (RunModel)" time="0.084" />
  <testcase classname="ptolemy.util.test.junit.AutoTests" name="[2] /home/travis/build/icyphy/ptII/ptolemy/domains/sdf/lib/test/auto/Autocorrelation.xml (RunModel)" time="0.026" />
  <testcase classname="ptolemy.util.test.junit.AutoTests" name="[3] /home/travis/build/icyphy/ptII/ptolemy/domains/sdf/lib/test/auto/Autocorrelation2.xml (RunModel)" time="0.028" />
  <testcase classname="ptolemy.util.test.junit.AutoTests" name="[4] /home/travis/build/icyphy/ptII/ptolemy/domains/sdf/lib/test/auto/Autocorrelation3.xml (RunModel)" time="0.039" />
  <testcase classname="ptolemy.util.test.junit.AutoTests" name="[5] /home/travis/build/icyphy/ptII/ptolemy/domains/sdf/lib/test/auto/Autocorrelation4.xml (RunModel)" time="0.016" />
  <testcase classname="ptolemy.util.test.junit.AutoTests" name="[6] /home/travis/build/icyphy/ptII/ptolemy/domains/sdf/lib/test/auto/Autocorrelation5.xml (RunModel)" time="0.073" />
  <testcase classname="ptolemy.util.test.junit.AutoTests" name="[7] /home/travis/build/icyphy/ptII/ptolemy/domains/sdf/lib/test/auto/BitsToInt.xml (RunModel)" time="0.033" />
  <testcase classname="ptolemy.util.test.junit.AutoTests" name="[8] /home/travis/build/icyphy/ptII/ptolemy/domains/sdf/lib/test/auto/BooleanJoin.xml (RunModel)" time="0.052" />
  <testcase classname="ptolemy.util.test.junit.AutoTests" name="[9] /home/travis/build/icyphy/ptII/ptolemy/domains/sdf/lib/test/auto/BootstrapSampleDelay.xml (RunModel)" time="0.044" />
  <testcase classname="ptolemy.util.test.junit.AutoTests" name="[10] /home/travis/build/icyphy/ptII/ptolemy/domains/sdf/lib/test/auto/Chop.xml (RunModel)" time="0.066" />
  <testcase classname="ptolemy.util.test.junit.AutoTests" name="[11] /home/travis/build/icyphy/ptII/ptolemy/domains/sdf/lib/test/auto/Chop2.xml (RunModel)" time="0.055" />
  <testcase classname="ptolemy.util.test.junit.AutoTests" name="[12] /home/travis/build/icyphy/ptII/ptolemy/domains/sdf/lib/test/auto/ComplexJoin.xml (RunModel)" time="0.034" />
  <testcase classname="ptolemy.util.test.junit.AutoTests" name="[13] /home/travis/build/icyphy/ptII/ptolemy/domains/sdf/lib/test/auto/CountTrues.xml (RunModel)" time="0.025" />
  <testcase classname="ptolemy.util.test.junit.AutoTests" name="[14] /home/travis/build/icyphy/ptII/ptolemy/domains/sdf/lib/test/auto/DelayLine.xml (RunModel)" time="0.025" />
  <testcase classname="ptolemy.util.test.junit.AutoTests" name="[15] /home/travis/build/icyphy/ptII/ptolemy/domains/sdf/lib/test/auto/DotProduct.xml (RunModel)" time="0.016" />
  <testcase classname="ptolemy.util.test.junit.AutoTests" name="[16] /home/travis/build/icyphy/ptII/ptolemy/domains/sdf/lib/test/auto/DotProductMatrix.xml (RunModel)" time="0.014" />
  <testcase classname="ptolemy.util.test.junit.AutoTests" name="[17] /home/travis/build/icyphy/ptII/ptolemy/domains/sdf/lib/test/auto/DownSample1.xml (RunModel)" time="0.015" />
  <testcase classname="ptolemy.util.test.junit.AutoTests" name="[18] /home/travis/build/icyphy/ptII/ptolemy/domains/sdf/lib/test/auto/DynamicRateChange.xml (RunModel)" time="0.032" />
  <testcase classname="ptolemy.util.test.junit.AutoTests" name="[19] /home/travis/build/icyphy/ptII/ptolemy/domains/sdf/lib/test/auto/DynamicRates.xml (RunModel)" time="0.021" />
  <testcase classname="ptolemy.util.test.junit.AutoTests" name="[20] /home/travis/build/icyphy/ptII/ptolemy/domains/sdf/lib/test/auto/FFT1.xml (RunModel)" time="0.023" />
  <testcase classname="ptolemy.util.test.junit.AutoTests" name="[21] /home/travis/build/icyphy/ptII/ptolemy/domains/sdf/lib/test/auto/FIR1.xml (RunModel)" time="0.05" />
  <testcase classname="ptolemy.util.test.junit.AutoTests" name="[22] /home/travis/build/icyphy/ptII/ptolemy/domains/sdf/lib/test/auto/FIR2.xml (RunModel)" time="0.015" />
  <testcase classname="ptolemy.util.test.junit.AutoTests" name="[23] /home/travis/build/icyphy/ptII/ptolemy/domains/sdf/lib/test/auto/FIR4.xml (RunModel)" time="0.04" />
  <testcase classname="ptolemy.util.test.junit.AutoTests" name="[24] /home/travis/build/icyphy/ptII/ptolemy/domains/sdf/lib/test/auto/FixJoin.xml (RunModel)" time="0.023" />
  <testcase classname="ptolemy.util.test.junit.AutoTests" name="[25] /home/travis/build/icyphy/ptII/ptolemy/domains/sdf/lib/test/auto/IntJoin1.xml (RunModel)" time="0.028" />
  <testcase classname="ptolemy.util.test.junit.AutoTests" name="[26] /home/travis/build/icyphy/ptII/ptolemy/domains/sdf/lib/test/auto/IntJoin2.xml (RunModel)" time="0.034" />
  <testcase classname="ptolemy.util.test.junit.AutoTests" name="[27] /home/travis/build/icyphy/ptII/ptolemy/domains/sdf/lib/test/auto/IntJoin3.xml (RunModel)" time="0.025" />
  <testcase classname="ptolemy.util.test.junit.AutoTests" name="[28] /home/travis/build/icyphy/ptII/ptolemy/domains/sdf/lib/test/auto/IntJoin4.xml (RunModel)" time="0.021" />
  <testcase classname="ptolemy.util.test.junit.AutoTests" name="[29] /home/travis/build/icyphy/ptII/ptolemy/domains/sdf/lib/test/auto/IntJoin5.xml (RunModel)" time="0.029" />
  <testcase classname="ptolemy.util.test.junit.AutoTests" name="[30] /home/travis/build/icyphy/ptII/ptolemy/domains/sdf/lib/test/auto/IntToBits.xml (RunModel)" time="0.017" />
  <testcase classname="ptolemy.util.test.junit.AutoTests" name="[31] /home/travis/build/icyphy/ptII/ptolemy/domains/sdf/lib/test/auto/LMSAdaptive.xml (RunModel)" time="0.059" />
  <testcase classname="ptolemy.util.test.junit.AutoTests" name="[32] /home/travis/build/icyphy/ptII/ptolemy/domains/sdf/lib/test/auto/LMSAdaptiveFIR.xml (RunModel)" time="0.412" />
  <testcase classname="ptolemy.util.test.junit.AutoTests" name="[33] /home/travis/build/icyphy/ptII/ptolemy/domains/sdf/lib/test/auto/LMSAdaptiveFIR2.xml (RunModel)" time="0.493" />
  <testcase classname="ptolemy.util.test.junit.AutoTests" name="[34] /home/travis/build/icyphy/ptII/ptolemy/domains/sdf/lib/test/auto/LongJoin.xml (RunModel)" time="0.028" />
  <testcase classname="ptolemy.util.test.junit.AutoTests" name="[35] /home/travis/build/icyphy/ptII/ptolemy/domains/sdf/lib/test/auto/Matrix1.xml (RunModel)" time="0.039" />
  <testcase classname="ptolemy.util.test.junit.AutoTests" name="[36] /home/travis/build/icyphy/ptII/ptolemy/domains/sdf/lib/test/auto/Matrix2.xml (RunModel)" time="0.034" />
  <testcase classname="ptolemy.util.test.junit.AutoTests" name="[37] /home/travis/build/icyphy/ptII/ptolemy/domains/sdf/lib/test/auto/MatrixJoin1.xml (RunModel)" time="0.015" />
  <testcase classname="ptolemy.util.test.junit.AutoTests" name="[38] /home/travis/build/icyphy/ptII/ptolemy/domains/sdf/lib/test/auto/MatrixJoin2.xml (RunModel)" time="0.018" />
  <testcase classname="ptolemy.util.test.junit.AutoTests" name="[39] /home/travis/build/icyphy/ptII/ptolemy/domains/sdf/lib/test/auto/MatrixJoin3.xml (RunModel)" time="0.014" />
  <testcase classname="ptolemy.util.test.junit.AutoTests" name="[40] /home/travis/build/icyphy/ptII/ptolemy/domains/sdf/lib/test/auto/MatrixJoin4.xml (RunModel)" time="0.019" />
  <testcase classname="ptolemy.util.test.junit.AutoTests" name="[41] /home/travis/build/icyphy/ptII/ptolemy/domains/sdf/lib/test/auto/MatrixJoin5.xml (RunModel)" time="0.015" />
  <testcase classname="ptolemy.util.test.junit.AutoTests" name="[42] /home/travis/build/icyphy/ptII/ptolemy/domains/sdf/lib/test/auto/MatrixSplit1.xml (RunModel)" time="0.025" />
  <testcase classname="ptolemy.util.test.junit.AutoTests" name="[43] /home/travis/build/icyphy/ptII/ptolemy/domains/sdf/lib/test/auto/MatrixSplit10.xml (RunModel)" time="0.013" />
  <testcase classname="ptolemy.util.test.junit.AutoTests" name="[44] /home/travis/build/icyphy/ptII/ptolemy/domains/sdf/lib/test/auto/MatrixSplit11.xml (RunModel)" time="0.015" />
  <testcase classname="ptolemy.util.test.junit.AutoTests" name="[45] /home/travis/build/icyphy/ptII/ptolemy/domains/sdf/lib/test/auto/MatrixSplit12.xml (RunModel)" time="0.016" />
  <testcase classname="ptolemy.util.test.junit.AutoTests" name="[46] /home/travis/build/icyphy/ptII/ptolemy/domains/sdf/lib/test/auto/MatrixSplit13.xml (RunModel)" time="0.024" />
  <testcase classname="ptolemy.util.test.junit.AutoTests" name="[47] /home/travis/build/icyphy/ptII/ptolemy/domains/sdf/lib/test/auto/MatrixSplit14.xml (RunModel)" time="0.012" />
  <testcase classname="ptolemy.util.test.junit.AutoTests" name="[48] /home/travis/build/icyphy/ptII/ptolemy/domains/sdf/lib/test/auto/MatrixSplit2.xml (RunModel)" time="0.011" />
  <testcase classname="ptolemy.util.test.junit.AutoTests" name="[49] /home/travis/build/icyphy/ptII/ptolemy/domains/sdf/lib/test/auto/MatrixSplit3.xml (RunModel)" time="0.013" />
  <testcase classname="ptolemy.util.test.junit.AutoTests" name="[50] /home/travis/build/icyphy/ptII/ptolemy/domains/sdf/lib/test/auto/MatrixSplit4.xml (RunModel)" time="0.015" />
  <testcase classname="ptolemy.util.test.junit.AutoTests" name="[51] /home/travis/build/icyphy/ptII/ptolemy/domains/sdf/lib/test/auto/MatrixSplit5.xml (RunModel)" time="0.018" />
  <testcase classname="ptolemy.util.test.junit.AutoTests" name="[52] /home/travis/build/icyphy/ptII/ptolemy/domains/sdf/lib/test/auto/MatrixSplit6.xml (RunModel)" time="0.016" />
  <testcase classname="ptolemy.util.test.junit.AutoTests" name="[53] /home/travis/build/icyphy/ptII/ptolemy/domains/sdf/lib/test/auto/MatrixSplit7.xml (RunModel)" time="0.015" />
  <testcase classname="ptolemy.util.test.junit.AutoTests" name="[54] /home/travis/build/icyphy/ptII/ptolemy/domains/sdf/lib/test/auto/MatrixSplit8.xml (RunModel)" time="0.015" />
  <testcase classname="ptolemy.util.test.junit.AutoTests" name="[55] /home/travis/build/icyphy/ptII/ptolemy/domains/sdf/lib/test/auto/MatrixSplit9.xml (RunModel)" time="0.028" />
  <testcase classname="ptolemy.util.test.junit.AutoTests" name="[56] /home/travis/build/icyphy/ptII/ptolemy/domains/sdf/lib/test/auto/MatrixToSequence.xml (RunModel)" time="0.042" />
  <testcase classname="ptolemy.util.test.junit.AutoTests" name="[57] /home/travis/build/icyphy/ptII/ptolemy/domains/sdf/lib/test/auto/MaximumEntropySpectrum.xml (RunModel)" time="0.092" />
  <testcase classname="ptolemy.util.test.junit.AutoTests" name="[58] /home/travis/build/icyphy/ptII/ptolemy/domains/sdf/lib/test/auto/SampleDelayConversion.xml (RunModel)" time="0.037" />
  <testcase classname="ptolemy.util.test.junit.AutoTests" name="[59] /home/travis/build/icyphy/ptII/ptolemy/domains/sdf/lib/test/auto/SequenceToArray.xml (RunModel)" time="0.041" />
  <testcase classname="ptolemy.util.test.junit.AutoTests" name="[60] /home/travis/build/icyphy/ptII/ptolemy/domains/sdf/lib/test/auto/SequenceToMatrix.xml (RunModel)" time="2.665" />
  <testcase classname="ptolemy.util.test.junit.AutoTests" name="[61] /home/travis/build/icyphy/ptII/ptolemy/domains/sdf/lib/test/auto/SmoothedPeriodogram.xml (RunModel)" time="0.042" />
  <testcase classname="ptolemy.util.test.junit.AutoTests" name="[62] /home/travis/build/icyphy/ptII/ptolemy/domains/sdf/lib/test/auto/UpDownSample1.xml (RunModel)" time="0.012" />
  <testcase classname="ptolemy.util.test.junit.AutoTests" name="[63] /home/travis/build/icyphy/ptII/ptolemy/domains/sdf/lib/test/auto/UpSample1.xml (RunModel)" time="0.014" />
  <testcase classname="ptolemy.util.test.junit.AutoTests" name="[64] /home/travis/build/icyphy/ptII/ptolemy/domains/sdf/lib/test/auto/VariableFIR.xml (RunModel)" time="0.025" />
  <testcase classname="ptolemy.util.test.junit.AutoTests" name="[65] /home/travis/build/icyphy/ptII/ptolemy/domains/sdf/lib/test/auto/VariableFIR2.xml (RunModel)" time="0.022" />
  <testcase classname="ptolemy.util.test.junit.AutoTests" name="[66] /home/travis/build/icyphy/ptII/ptolemy/domains/sdf/lib/test/auto/VariableLattice.xml (RunModel)" time="0.026" />
  <testcase classname="ptolemy.util.test.junit.AutoTests" name="[67] /home/travis/build/icyphy/ptII/ptolemy/domains/sdf/lib/test/auto/VariableLattice2.xml (RunModel)" time="0.014" />
  <testcase classname="ptolemy.util.test.junit.AutoTests" name="[68] /home/travis/build/icyphy/ptII/ptolemy/domains/sdf/lib/test/auto/VariableRecursiveLattice.xml (RunModel)" time="0.014" />
  <testcase classname="ptolemy.util.test.junit.AutoTests" name="[69] /home/travis/build/icyphy/ptII/ptolemy/domains/sdf/lib/test/auto/VariableRecursiveLattice2.xml (RunModel)" time="0.014" />
  <system-out><![CDATA[/home/travis/build/icyphy/ptII/ptolemy/domains/sdf/lib/test/ArrayToSequence.tcl
testDefs.tcl: setting time out to 9000 seconds at Sun Dec 22 06:42:57 UTC 2019
102 ms. Memory: 129024K Free: 95180K (74%)
17 ms. Memory: 129024K Free: 93132K (72%)
24 ms. Memory: 129024K Free: 91084K (71%)
25 ms. Memory: 129024K Free: 89546K (69%)
/home/travis/build/icyphy/ptII/ptolemy/domains/sdf/lib/test/BitsToInt.tcl
25 ms. Memory: 129024K Free: 88012K (68%)
9 ms. Memory: 129024K Free: 85964K (67%)
/home/travis/build/icyphy/ptII/ptolemy/domains/sdf/lib/test/DelayLine.tcl
15 ms. Memory: 129024K Free: 84419K (65%)
/home/travis/build/icyphy/ptII/ptolemy/domains/sdf/lib/test/FFT.tcl
12 ms. Memory: 129024K Free: 82378K (64%)
/home/travis/build/icyphy/ptII/ptolemy/domains/sdf/lib/test/FIR.tcl
16 ms. Memory: 129024K Free: 80844K (63%)
78 ms. Memory: 129024K Free: 76234K (59%)
ptolemy.kernel.util.IllegalActionException: multiplyReverse method not supported between ptolemy.data.FixToken 'fix(-0.0625,6,2)' and ptolemy.data.IntToken '1' because the types are incomparable.
  in .top.FIRclone
Because:
multiplyReverse method not supported between ptolemy.data.FixToken 'fix(-0.0625,6,2)' and ptolemy.data.IntToken '1' because the types are incomparable.
16 ms. Memory: 129024K Free: 74186K (57%)
/home/travis/build/icyphy/ptII/ptolemy/domains/sdf/lib/test/IntToBits.tcl
5 ms. Memory: 129024K Free: 72652K (56%)
5 ms. Memory: 129024K Free: 71107K (55%)
/home/travis/build/icyphy/ptII/ptolemy/domains/sdf/lib/test/MaximumEntropySpectrum.tcl
/home/travis/build/icyphy/ptII/ptolemy/domains/sdf/lib/test/Repeat.tcl
12 ms. Memory: 129024K Free: 49603K (38%)
/home/travis/build/icyphy/ptII/ptolemy/domains/sdf/lib/test/SampleDelay.tcl
24 ms. Memory: 129024K Free: 114297K (89%)
4 ms. Memory: 129024K Free: 113257K (88%)
3 ms. Memory: 129024K Free: 112233K (87%)
3 ms. Memory: 129024K Free: 111753K (87%)
2 ms. Memory: 129024K Free: 111239K (86%)
2 ms. Memory: 129024K Free: 110729K (86%)
/home/travis/build/icyphy/ptII/ptolemy/domains/sdf/lib/test/SequenceToArray.tcl
5 ms. Memory: 129024K Free: 109191K (85%)
4 ms. Memory: 129024K Free: 108161K (84%)
6 ms. Memory: 129024K Free: 106633K (83%)
5 ms. Memory: 129024K Free: 105609K (82%)
12/22/19 06:42:58
Failed: 0  Total Tests: 41  ((Passed: 41, Newly Passed: 0)  Known Failed: 0) /home/travis/build/icyphy/ptII/ptolemy/domains/sdf/lib/test
No auto/knownFailedTests/*.xml tests in /home/travis/build/icyphy/ptII/ptolemy/domains/sdf/lib/test
No auto/linux-amd64/*.xml tests in /home/travis/build/icyphy/ptII/ptolemy/domains/sdf/lib/test
AutoTests.java: About to close Vertx.
AutoTests.java: Vertx closed.

===========================================================================================
----------------- testing Sun Dec 22 06:42:59 UTC 2019 /home/travis/build/icyphy/ptII/ptolemy/domains/sdf/lib/test/auto/ArrayToSequence.xml
----------------- Instantiating /home/travis/build/icyphy/ptII/ptolemy/domains/sdf/lib/test/auto/ArrayToSequence.xml
24 ms. Memory: 129024K Free: 92777K (72%)
----------------- Invoking toplevel() on ptolemy.moml.MoMLSimpleApplication@61359e42
----------------- Done invoking toplevel() on ptolemy.moml.MoMLSimpleApplication@61359e42
reloadAllAccessors: .ArrayToSequence

===========================================================================================
----------------- testing Sun Dec 22 06:42:59 UTC 2019 /home/travis/build/icyphy/ptII/ptolemy/domains/sdf/lib/test/auto/ArrayToSequenceTest.xml
----------------- Instantiating /home/travis/build/icyphy/ptII/ptolemy/domains/sdf/lib/test/auto/ArrayToSequenceTest.xml
20 ms. Memory: 129024K Free: 86306K (67%)
----------------- Invoking toplevel() on ptolemy.moml.MoMLSimpleApplication@65576091
----------------- Done invoking toplevel() on ptolemy.moml.MoMLSimpleApplication@65576091
reloadAllAccessors: .ArrayToSequenceTest

===========================================================================================
----------------- testing Sun Dec 22 06:42:59 UTC 2019 /home/travis/build/icyphy/ptII/ptolemy/domains/sdf/lib/test/auto/Autocorrelation.xml
----------------- Instantiating /home/travis/build/icyphy/ptII/ptolemy/domains/sdf/lib/test/auto/Autocorrelation.xml
4 ms. Memory: 129024K Free: 82194K (64%)
----------------- Invoking toplevel() on ptolemy.moml.MoMLSimpleApplication@695d19a3
----------------- Done invoking toplevel() on ptolemy.moml.MoMLSimpleApplication@695d19a3
reloadAllAccessors: .Autocorrelation

===========================================================================================
----------------- testing Sun Dec 22 06:42:59 UTC 2019 /home/travis/build/icyphy/ptII/ptolemy/domains/sdf/lib/test/auto/Autocorrelation2.xml
----------------- Instantiating /home/travis/build/icyphy/ptII/ptolemy/domains/sdf/lib/test/auto/Autocorrelation2.xml
7 ms. Memory: 129024K Free: 110352K (86%)
----------------- Invoking toplevel() on ptolemy.moml.MoMLSimpleApplication@5c295187
----------------- Done invoking toplevel() on ptolemy.moml.MoMLSimpleApplication@5c295187
reloadAllAccessors: .Autocorrelation2

===========================================================================================
----------------- testing Sun Dec 22 06:42:59 UTC 2019 /home/travis/build/icyphy/ptII/ptolemy/domains/sdf/lib/test/auto/Autocorrelation3.xml
----------------- Instantiating /home/travis/build/icyphy/ptII/ptolemy/domains/sdf/lib/test/auto/Autocorrelation3.xml
11 ms. Memory: 129024K Free: 106278K (82%)
----------------- Invoking toplevel() on ptolemy.moml.MoMLSimpleApplication@5b2b521d
----------------- Done invoking toplevel() on ptolemy.moml.MoMLSimpleApplication@5b2b521d
reloadAllAccessors: .Autocorrelation3

===========================================================================================
----------------- testing Sun Dec 22 06:42:59 UTC 2019 /home/travis/build/icyphy/ptII/ptolemy/domains/sdf/lib/test/auto/Autocorrelation4.xml
----------------- Instantiating /home/travis/build/icyphy/ptII/ptolemy/domains/sdf/lib/test/auto/Autocorrelation4.xml
4 ms. Memory: 129024K Free: 102182K (79%)
----------------- Invoking toplevel() on ptolemy.moml.MoMLSimpleApplication@56f56944
----------------- Done invoking toplevel() on ptolemy.moml.MoMLSimpleApplication@56f56944
reloadAllAccessors: .Autocorrelation4

===========================================================================================
----------------- testing Sun Dec 22 06:42:59 UTC 2019 /home/travis/build/icyphy/ptII/ptolemy/domains/sdf/lib/test/auto/Autocorrelation5.xml
----------------- Instantiating /home/travis/build/icyphy/ptII/ptolemy/domains/sdf/lib/test/auto/Autocorrelation5.xml
49 ms. Memory: 129024K Free: 94670K (73%)
----------------- Invoking toplevel() on ptolemy.moml.MoMLSimpleApplication@5928c322
----------------- Done invoking toplevel() on ptolemy.moml.MoMLSimpleApplication@5928c322
reloadAllAccessors: .Autocorrelation5

===========================================================================================
----------------- testing Sun Dec 22 06:42:59 UTC 2019 /home/travis/build/icyphy/ptII/ptolemy/domains/sdf/lib/test/auto/BitsToInt.xml
----------------- Instantiating /home/travis/build/icyphy/ptII/ptolemy/domains/sdf/lib/test/auto/BitsToInt.xml
2 ms. Memory: 129024K Free: 91584K (71%)
----------------- Invoking toplevel() on ptolemy.moml.MoMLSimpleApplication@7adf6456
----------------- Done invoking toplevel() on ptolemy.moml.MoMLSimpleApplication@7adf6456
reloadAllAccessors: .BitsToInt

===========================================================================================
----------------- testing Sun Dec 22 06:42:59 UTC 2019 /home/travis/build/icyphy/ptII/ptolemy/domains/sdf/lib/test/auto/BooleanJoin.xml
----------------- Instantiating /home/travis/build/icyphy/ptII/ptolemy/domains/sdf/lib/test/auto/BooleanJoin.xml
10 ms. Memory: 129024K Free: 87165K (68%)
----------------- Invoking toplevel() on ptolemy.moml.MoMLSimpleApplication@55db28b6
----------------- Done invoking toplevel() on ptolemy.moml.MoMLSimpleApplication@55db28b6
reloadAllAccessors: .BooleanJoin

===========================================================================================
----------------- testing Sun Dec 22 06:42:59 UTC 2019 /home/travis/build/icyphy/ptII/ptolemy/domains/sdf/lib/test/auto/BootstrapSampleDelay.xml
----------------- Instantiating /home/travis/build/icyphy/ptII/ptolemy/domains/sdf/lib/test/auto/BootstrapSampleDelay.xml
10 ms. Memory: 129024K Free: 83039K (64%)
----------------- Invoking toplevel() on ptolemy.moml.MoMLSimpleApplication@6804ac42
----------------- Done invoking toplevel() on ptolemy.moml.MoMLSimpleApplication@6804ac42
reloadAllAccessors: .BootstrapSampleDelay

===========================================================================================
----------------- testing Sun Dec 22 06:42:59 UTC 2019 /home/travis/build/icyphy/ptII/ptolemy/domains/sdf/lib/test/auto/Chop.xml
----------------- Instantiating /home/travis/build/icyphy/ptII/ptolemy/domains/sdf/lib/test/auto/Chop.xml
14 ms. Memory: 129024K Free: 75572K (59%)
----------------- Invoking toplevel() on ptolemy.moml.MoMLSimpleApplication@7429c93
----------------- Done invoking toplevel() on ptolemy.moml.MoMLSimpleApplication@7429c93
reloadAllAccessors: .Chop

===========================================================================================
----------------- testing Sun Dec 22 06:42:59 UTC 2019 /home/travis/build/icyphy/ptII/ptolemy/domains/sdf/lib/test/auto/Chop2.xml
----------------- Instantiating /home/travis/build/icyphy/ptII/ptolemy/domains/sdf/lib/test/auto/Chop2.xml
15 ms. Memory: 129024K Free: 69439K (54%)
----------------- Invoking toplevel() on ptolemy.moml.MoMLSimpleApplication@4a4b11f6
----------------- Done invoking toplevel() on ptolemy.moml.MoMLSimpleApplication@4a4b11f6
reloadAllAccessors: .Chop2

===========================================================================================
----------------- testing Sun Dec 22 06:42:59 UTC 2019 /home/travis/build/icyphy/ptII/ptolemy/domains/sdf/lib/test/auto/ComplexJoin.xml
----------------- Instantiating /home/travis/build/icyphy/ptII/ptolemy/domains/sdf/lib/test/auto/ComplexJoin.xml
3 ms. Memory: 129024K Free: 110064K (85%)
----------------- Invoking toplevel() on ptolemy.moml.MoMLSimpleApplication@449c8fa8
----------------- Done invoking toplevel() on ptolemy.moml.MoMLSimpleApplication@449c8fa8
reloadAllAccessors: .ComplexJoin

===========================================================================================
----------------- testing Sun Dec 22 06:42:59 UTC 2019 /home/travis/build/icyphy/ptII/ptolemy/domains/sdf/lib/test/auto/CountTrues.xml
----------------- Instantiating /home/travis/build/icyphy/ptII/ptolemy/domains/sdf/lib/test/auto/CountTrues.xml
3 ms. Memory: 129024K Free: 106391K (82%)
----------------- Invoking toplevel() on ptolemy.moml.MoMLSimpleApplication@3b410c7c
----------------- Done invoking toplevel() on ptolemy.moml.MoMLSimpleApplication@3b410c7c
reloadAllAccessors: .CountTrues

===========================================================================================
----------------- testing Sun Dec 22 06:42:59 UTC 2019 /home/travis/build/icyphy/ptII/ptolemy/domains/sdf/lib/test/auto/DelayLine.xml
----------------- Instantiating /home/travis/build/icyphy/ptII/ptolemy/domains/sdf/lib/test/auto/DelayLine.xml
5 ms. Memory: 129024K Free: 101284K (79%)
----------------- Invoking toplevel() on ptolemy.moml.MoMLSimpleApplication@3ea66d36
----------------- Done invoking toplevel() on ptolemy.moml.MoMLSimpleApplication@3ea66d36
reloadAllAccessors: .DelayLine

===========================================================================================
----------------- testing Sun Dec 22 06:42:59 UTC 2019 /home/travis/build/icyphy/ptII/ptolemy/domains/sdf/lib/test/auto/DotProduct.xml
----------------- Instantiating /home/travis/build/icyphy/ptII/ptolemy/domains/sdf/lib/test/auto/DotProduct.xml
2 ms. Memory: 129024K Free: 97628K (76%)
----------------- Invoking toplevel() on ptolemy.moml.MoMLSimpleApplication@8baa95d
----------------- Done invoking toplevel() on ptolemy.moml.MoMLSimpleApplication@8baa95d
reloadAllAccessors: .DotProduct

===========================================================================================
----------------- testing Sun Dec 22 06:42:59 UTC 2019 /home/travis/build/icyphy/ptII/ptolemy/domains/sdf/lib/test/auto/DotProductMatrix.xml
----------------- Instantiating /home/travis/build/icyphy/ptII/ptolemy/domains/sdf/lib/test/auto/DotProductMatrix.xml
2 ms. Memory: 129024K Free: 95111K (74%)
----------------- Invoking toplevel() on ptolemy.moml.MoMLSimpleApplication@29e28429
----------------- Done invoking toplevel() on ptolemy.moml.MoMLSimpleApplication@29e28429
reloadAllAccessors: .DotProductMatrix

===========================================================================================
----------------- testing Sun Dec 22 06:42:59 UTC 2019 /home/travis/build/icyphy/ptII/ptolemy/domains/sdf/lib/test/auto/DownSample1.xml
----------------- Instantiating /home/travis/build/icyphy/ptII/ptolemy/domains/sdf/lib/test/auto/DownSample1.xml
3 ms. Memory: 129024K Free: 92061K (71%)
----------------- Invoking toplevel() on ptolemy.moml.MoMLSimpleApplication@5b11ac3f
----------------- Done invoking toplevel() on ptolemy.moml.MoMLSimpleApplication@5b11ac3f
reloadAllAccessors: .DownSample1

===========================================================================================
----------------- testing Sun Dec 22 06:42:59 UTC 2019 /home/travis/build/icyphy/ptII/ptolemy/domains/sdf/lib/test/auto/DynamicRateChange.xml
----------------- Instantiating /home/travis/build/icyphy/ptII/ptolemy/domains/sdf/lib/test/auto/DynamicRateChange.xml
13 ms. Memory: 129024K Free: 85925K (67%)
----------------- Invoking toplevel() on ptolemy.moml.MoMLSimpleApplication@117aa18d
----------------- Done invoking toplevel() on ptolemy.moml.MoMLSimpleApplication@117aa18d
reloadAllAccessors: .DynamicRateChange

===========================================================================================
----------------- testing Sun Dec 22 06:42:59 UTC 2019 /home/travis/build/icyphy/ptII/ptolemy/domains/sdf/lib/test/auto/DynamicRates.xml
----------------- Instantiating /home/travis/build/icyphy/ptII/ptolemy/domains/sdf/lib/test/auto/DynamicRates.xml
6 ms. Memory: 129024K Free: 81244K (63%)
----------------- Invoking toplevel() on ptolemy.moml.MoMLSimpleApplication@6478daae
----------------- Done invoking toplevel() on ptolemy.moml.MoMLSimpleApplication@6478daae
reloadAllAccessors: .DynamicRates

===========================================================================================
----------------- testing Sun Dec 22 06:43:00 UTC 2019 /home/travis/build/icyphy/ptII/ptolemy/domains/sdf/lib/test/auto/FFT1.xml
----------------- Instantiating /home/travis/build/icyphy/ptII/ptolemy/domains/sdf/lib/test/auto/FFT1.xml
6 ms. Memory: 129024K Free: 76272K (59%)
----------------- Invoking toplevel() on ptolemy.moml.MoMLSimpleApplication@56ca9f11
----------------- Done invoking toplevel() on ptolemy.moml.MoMLSimpleApplication@56ca9f11
reloadAllAccessors: .FFT1

===========================================================================================
----------------- testing Sun Dec 22 06:43:00 UTC 2019 /home/travis/build/icyphy/ptII/ptolemy/domains/sdf/lib/test/auto/FIR1.xml
----------------- Instantiating /home/travis/build/icyphy/ptII/ptolemy/domains/sdf/lib/test/auto/FIR1.xml
21 ms. Memory: 129024K Free: 69104K (54%)
----------------- Invoking toplevel() on ptolemy.moml.MoMLSimpleApplication@3dab1c4b
----------------- Done invoking toplevel() on ptolemy.moml.MoMLSimpleApplication@3dab1c4b
reloadAllAccessors: .FIR1

===========================================================================================
----------------- testing Sun Dec 22 06:43:00 UTC 2019 /home/travis/build/icyphy/ptII/ptolemy/domains/sdf/lib/test/auto/FIR2.xml
----------------- Instantiating /home/travis/build/icyphy/ptII/ptolemy/domains/sdf/lib/test/auto/FIR2.xml
2 ms. Memory: 129024K Free: 66010K (51%)
----------------- Invoking toplevel() on ptolemy.moml.MoMLSimpleApplication@2d4f8040
----------------- Done invoking toplevel() on ptolemy.moml.MoMLSimpleApplication@2d4f8040
reloadAllAccessors: .FIR2

===========================================================================================
----------------- testing Sun Dec 22 06:43:00 UTC 2019 /home/travis/build/icyphy/ptII/ptolemy/domains/sdf/lib/test/auto/FIR4.xml
----------------- Instantiating /home/travis/build/icyphy/ptII/ptolemy/domains/sdf/lib/test/auto/FIR4.xml
6 ms. Memory: 129024K Free: 58277K (45%)
----------------- Invoking toplevel() on ptolemy.moml.MoMLSimpleApplication@745f1521
----------------- Done invoking toplevel() on ptolemy.moml.MoMLSimpleApplication@745f1521
reloadAllAccessors: .FIR4

===========================================================================================
----------------- testing Sun Dec 22 06:43:00 UTC 2019 /home/travis/build/icyphy/ptII/ptolemy/domains/sdf/lib/test/auto/FixJoin.xml
----------------- Instantiating /home/travis/build/icyphy/ptII/ptolemy/domains/sdf/lib/test/auto/FixJoin.xml
3 ms. Memory: 129024K Free: 53596K (42%)
----------------- Invoking toplevel() on ptolemy.moml.MoMLSimpleApplication@111ec92e
----------------- Done invoking toplevel() on ptolemy.moml.MoMLSimpleApplication@111ec92e
reloadAllAccessors: .FixJoin

===========================================================================================
----------------- testing Sun Dec 22 06:43:00 UTC 2019 /home/travis/build/icyphy/ptII/ptolemy/domains/sdf/lib/test/auto/IntJoin1.xml
----------------- Instantiating /home/travis/build/icyphy/ptII/ptolemy/domains/sdf/lib/test/auto/IntJoin1.xml
5 ms. Memory: 129024K Free: 49500K (38%)
----------------- Invoking toplevel() on ptolemy.moml.MoMLSimpleApplication@94c5fa1
----------------- Done invoking toplevel() on ptolemy.moml.MoMLSimpleApplication@94c5fa1
reloadAllAccessors: .IntJoin1

===========================================================================================
----------------- testing Sun Dec 22 06:43:00 UTC 2019 /home/travis/build/icyphy/ptII/ptolemy/domains/sdf/lib/test/auto/IntJoin2.xml
----------------- Instantiating /home/travis/build/icyphy/ptII/ptolemy/domains/sdf/lib/test/auto/IntJoin2.xml
6 ms. Memory: 129024K Free: 109825K (85%)
----------------- Invoking toplevel() on ptolemy.moml.MoMLSimpleApplication@269bf2b
----------------- Done invoking toplevel() on ptolemy.moml.MoMLSimpleApplication@269bf2b
reloadAllAccessors: .IntJoin2

===========================================================================================
----------------- testing Sun Dec 22 06:43:00 UTC 2019 /home/travis/build/icyphy/ptII/ptolemy/domains/sdf/lib/test/auto/IntJoin3.xml
----------------- Instantiating /home/travis/build/icyphy/ptII/ptolemy/domains/sdf/lib/test/auto/IntJoin3.xml
4 ms. Memory: 129024K Free: 105220K (82%)
----------------- Invoking toplevel() on ptolemy.moml.MoMLSimpleApplication@8664c5a
----------------- Done invoking toplevel() on ptolemy.moml.MoMLSimpleApplication@8664c5a
reloadAllAccessors: .IntJoin3

===========================================================================================
----------------- testing Sun Dec 22 06:43:00 UTC 2019 /home/travis/build/icyphy/ptII/ptolemy/domains/sdf/lib/test/auto/IntJoin4.xml
----------------- Instantiating /home/travis/build/icyphy/ptII/ptolemy/domains/sdf/lib/test/auto/IntJoin4.xml
3 ms. Memory: 129024K Free: 101116K (78%)
----------------- Invoking toplevel() on ptolemy.moml.MoMLSimpleApplication@30cdf305
----------------- Done invoking toplevel() on ptolemy.moml.MoMLSimpleApplication@30cdf305
reloadAllAccessors: .IntJoin4

===========================================================================================
----------------- testing Sun Dec 22 06:43:00 UTC 2019 /home/travis/build/icyphy/ptII/ptolemy/domains/sdf/lib/test/auto/IntJoin5.xml
----------------- Instantiating /home/travis/build/icyphy/ptII/ptolemy/domains/sdf/lib/test/auto/IntJoin5.xml
3 ms. Memory: 129024K Free: 96485K (75%)
----------------- Invoking toplevel() on ptolemy.moml.MoMLSimpleApplication@6c1e73c9
----------------- Done invoking toplevel() on ptolemy.moml.MoMLSimpleApplication@6c1e73c9
reloadAllAccessors: .IntJoin5

===========================================================================================
----------------- testing Sun Dec 22 06:43:00 UTC 2019 /home/travis/build/icyphy/ptII/ptolemy/domains/sdf/lib/test/auto/IntToBits.xml
----------------- Instantiating /home/travis/build/icyphy/ptII/ptolemy/domains/sdf/lib/test/auto/IntToBits.xml
4 ms. Memory: 129024K Free: 92940K (72%)
----------------- Invoking toplevel() on ptolemy.moml.MoMLSimpleApplication@12b23196
----------------- Done invoking toplevel() on ptolemy.moml.MoMLSimpleApplication@12b23196
reloadAllAccessors: .IntToBits

===========================================================================================
----------------- testing Sun Dec 22 06:43:00 UTC 2019 /home/travis/build/icyphy/ptII/ptolemy/domains/sdf/lib/test/auto/LMSAdaptive.xml
----------------- Instantiating /home/travis/build/icyphy/ptII/ptolemy/domains/sdf/lib/test/auto/LMSAdaptive.xml
11 ms. Memory: 129024K Free: 84762K (66%)
----------------- Invoking toplevel() on ptolemy.moml.MoMLSimpleApplication@13a3841f
----------------- Done invoking toplevel() on ptolemy.moml.MoMLSimpleApplication@13a3841f
reloadAllAccessors: .LMSAdaptive

===========================================================================================
----------------- testing Sun Dec 22 06:43:00 UTC 2019 /home/travis/build/icyphy/ptII/ptolemy/domains/sdf/lib/test/auto/LMSAdaptiveFIR.xml
----------------- Instantiating /home/travis/build/icyphy/ptII/ptolemy/domains/sdf/lib/test/auto/LMSAdaptiveFIR.xml
307 ms. Memory: 129024K Free: 49946K (39%)
----------------- Invoking toplevel() on ptolemy.moml.MoMLSimpleApplication@5a2567f2
----------------- Done invoking toplevel() on ptolemy.moml.MoMLSimpleApplication@5a2567f2
reloadAllAccessors: .LMSAdaptiveFIR

===========================================================================================
----------------- testing Sun Dec 22 06:43:00 UTC 2019 /home/travis/build/icyphy/ptII/ptolemy/domains/sdf/lib/test/auto/LMSAdaptiveFIR2.xml
----------------- Instantiating /home/travis/build/icyphy/ptII/ptolemy/domains/sdf/lib/test/auto/LMSAdaptiveFIR2.xml
397 ms. Memory: 155648K Free: 86808K (56%)
----------------- Invoking toplevel() on ptolemy.moml.MoMLSimpleApplication@60144b74
----------------- Done invoking toplevel() on ptolemy.moml.MoMLSimpleApplication@60144b74
reloadAllAccessors: .LMSAdaptiveFIR2

===========================================================================================
----------------- testing Sun Dec 22 06:43:01 UTC 2019 /home/travis/build/icyphy/ptII/ptolemy/domains/sdf/lib/test/auto/LongJoin.xml
----------------- Instantiating /home/travis/build/icyphy/ptII/ptolemy/domains/sdf/lib/test/auto/LongJoin.xml
4 ms. Memory: 155648K Free: 82198K (53%)
----------------- Invoking toplevel() on ptolemy.moml.MoMLSimpleApplication@4f5c2712
----------------- Done invoking toplevel() on ptolemy.moml.MoMLSimpleApplication@4f5c2712
reloadAllAccessors: .LongJoin

===========================================================================================
----------------- testing Sun Dec 22 06:43:01 UTC 2019 /home/travis/build/icyphy/ptII/ptolemy/domains/sdf/lib/test/auto/Matrix1.xml
----------------- Instantiating /home/travis/build/icyphy/ptII/ptolemy/domains/sdf/lib/test/auto/Matrix1.xml
2 ms. Memory: 155648K Free: 78102K (50%)
----------------- Invoking toplevel() on ptolemy.moml.MoMLSimpleApplication@5efd59f4
----------------- Done invoking toplevel() on ptolemy.moml.MoMLSimpleApplication@5efd59f4
reloadAllAccessors: .Matrix1

===========================================================================================
----------------- testing Sun Dec 22 06:43:01 UTC 2019 /home/travis/build/icyphy/ptII/ptolemy/domains/sdf/lib/test/auto/Matrix2.xml
----------------- Instantiating /home/travis/build/icyphy/ptII/ptolemy/domains/sdf/lib/test/auto/Matrix2.xml
9 ms. Memory: 155648K Free: 74006K (48%)
----------------- Invoking toplevel() on ptolemy.moml.MoMLSimpleApplication@2c5bcf57
----------------- Done invoking toplevel() on ptolemy.moml.MoMLSimpleApplication@2c5bcf57
reloadAllAccessors: .Matrix2

===========================================================================================
----------------- testing Sun Dec 22 06:43:01 UTC 2019 /home/travis/build/icyphy/ptII/ptolemy/domains/sdf/lib/test/auto/MatrixJoin1.xml
----------------- Instantiating /home/travis/build/icyphy/ptII/ptolemy/domains/sdf/lib/test/auto/MatrixJoin1.xml
2 ms. Memory: 155648K Free: 69910K (45%)
----------------- Invoking toplevel() on ptolemy.moml.MoMLSimpleApplication@7d966e91
----------------- Done invoking toplevel() on ptolemy.moml.MoMLSimpleApplication@7d966e91
reloadAllAccessors: .MatrixJoin1

===========================================================================================
----------------- testing Sun Dec 22 06:43:01 UTC 2019 /home/travis/build/icyphy/ptII/ptolemy/domains/sdf/lib/test/auto/MatrixJoin2.xml
----------------- Instantiating /home/travis/build/icyphy/ptII/ptolemy/domains/sdf/lib/test/auto/MatrixJoin2.xml
2 ms. Memory: 155648K Free: 65304K (42%)
----------------- Invoking toplevel() on ptolemy.moml.MoMLSimpleApplication@3df86ebe
----------------- Done invoking toplevel() on ptolemy.moml.MoMLSimpleApplication@3df86ebe
reloadAllAccessors: .MatrixJoin2

===========================================================================================
----------------- testing Sun Dec 22 06:43:01 UTC 2019 /home/travis/build/icyphy/ptII/ptolemy/domains/sdf/lib/test/auto/MatrixJoin3.xml
----------------- Instantiating /home/travis/build/icyphy/ptII/ptolemy/domains/sdf/lib/test/auto/MatrixJoin3.xml
2 ms. Memory: 155648K Free: 60694K (39%)
----------------- Invoking toplevel() on ptolemy.moml.MoMLSimpleApplication@4c9bace6
----------------- Done invoking toplevel() on ptolemy.moml.MoMLSimpleApplication@4c9bace6
reloadAllAccessors: .MatrixJoin3

===========================================================================================
----------------- testing Sun Dec 22 06:43:01 UTC 2019 /home/travis/build/icyphy/ptII/ptolemy/domains/sdf/lib/test/auto/MatrixJoin4.xml
----------------- Instantiating /home/travis/build/icyphy/ptII/ptolemy/domains/sdf/lib/test/auto/MatrixJoin4.xml
2 ms. Memory: 155648K Free: 137773K (89%)
----------------- Invoking toplevel() on ptolemy.moml.MoMLSimpleApplication@2978c4d1
----------------- Done invoking toplevel() on ptolemy.moml.MoMLSimpleApplication@2978c4d1
reloadAllAccessors: .MatrixJoin4

===========================================================================================
----------------- testing Sun Dec 22 06:43:01 UTC 2019 /home/travis/build/icyphy/ptII/ptolemy/domains/sdf/lib/test/auto/MatrixJoin5.xml
----------------- Instantiating /home/travis/build/icyphy/ptII/ptolemy/domains/sdf/lib/test/auto/MatrixJoin5.xml
1 ms. Memory: 155648K Free: 133181K (86%)
----------------- Invoking toplevel() on ptolemy.moml.MoMLSimpleApplication@1c1bf873
----------------- Done invoking toplevel() on ptolemy.moml.MoMLSimpleApplication@1c1bf873
reloadAllAccessors: .MatrixJoin5

===========================================================================================
----------------- testing Sun Dec 22 06:43:01 UTC 2019 /home/travis/build/icyphy/ptII/ptolemy/domains/sdf/lib/test/auto/MatrixSplit1.xml
----------------- Instantiating /home/travis/build/icyphy/ptII/ptolemy/domains/sdf/lib/test/auto/MatrixSplit1.xml
3 ms. Memory: 155648K Free: 127547K (82%)
----------------- Invoking toplevel() on ptolemy.moml.MoMLSimpleApplication@3460716c
----------------- Done invoking toplevel() on ptolemy.moml.MoMLSimpleApplication@3460716c
reloadAllAccessors: .MatrixSplit1

===========================================================================================
----------------- testing Sun Dec 22 06:43:01 UTC 2019 /home/travis/build/icyphy/ptII/ptolemy/domains/sdf/lib/test/auto/MatrixSplit10.xml
----------------- Instantiating /home/travis/build/icyphy/ptII/ptolemy/domains/sdf/lib/test/auto/MatrixSplit10.xml
1 ms. Memory: 155648K Free: 123965K (80%)
----------------- Invoking toplevel() on ptolemy.moml.MoMLSimpleApplication@2c855e7f
----------------- Done invoking toplevel() on ptolemy.moml.MoMLSimpleApplication@2c855e7f
reloadAllAccessors: .MatrixSplit10

===========================================================================================
----------------- testing Sun Dec 22 06:43:01 UTC 2019 /home/travis/build/icyphy/ptII/ptolemy/domains/sdf/lib/test/auto/MatrixSplit11.xml
----------------- Instantiating /home/travis/build/icyphy/ptII/ptolemy/domains/sdf/lib/test/auto/MatrixSplit11.xml
2 ms. Memory: 155648K Free: 120379K (77%)
----------------- Invoking toplevel() on ptolemy.moml.MoMLSimpleApplication@3901ac97
----------------- Done invoking toplevel() on ptolemy.moml.MoMLSimpleApplication@3901ac97
reloadAllAccessors: .MatrixSplit11

===========================================================================================
----------------- testing Sun Dec 22 06:43:01 UTC 2019 /home/travis/build/icyphy/ptII/ptolemy/domains/sdf/lib/test/auto/MatrixSplit12.xml
----------------- Instantiating /home/travis/build/icyphy/ptII/ptolemy/domains/sdf/lib/test/auto/MatrixSplit12.xml
2 ms. Memory: 155648K Free: 116797K (75%)
----------------- Invoking toplevel() on ptolemy.moml.MoMLSimpleApplication@122c3735
----------------- Done invoking toplevel() on ptolemy.moml.MoMLSimpleApplication@122c3735
reloadAllAccessors: .MatrixSplit12

===========================================================================================
----------------- testing Sun Dec 22 06:43:01 UTC 2019 /home/travis/build/icyphy/ptII/ptolemy/domains/sdf/lib/test/auto/MatrixSplit13.xml
----------------- Instantiating /home/travis/build/icyphy/ptII/ptolemy/domains/sdf/lib/test/auto/MatrixSplit13.xml
5 ms. Memory: 155648K Free: 113211K (73%)
----------------- Invoking toplevel() on ptolemy.moml.MoMLSimpleApplication@526c7cc
----------------- Done invoking toplevel() on ptolemy.moml.MoMLSimpleApplication@526c7cc
reloadAllAccessors: .MatrixSplit13

===========================================================================================
----------------- testing Sun Dec 22 06:43:01 UTC 2019 /home/travis/build/icyphy/ptII/ptolemy/domains/sdf/lib/test/auto/MatrixSplit14.xml
----------------- Instantiating /home/travis/build/icyphy/ptII/ptolemy/domains/sdf/lib/test/auto/MatrixSplit14.xml
1 ms. Memory: 155648K Free: 109629K (70%)
----------------- Invoking toplevel() on ptolemy.moml.MoMLSimpleApplication@14b3dc19
----------------- Done invoking toplevel() on ptolemy.moml.MoMLSimpleApplication@14b3dc19
reloadAllAccessors: .MatrixSplit14

===========================================================================================
----------------- testing Sun Dec 22 06:43:01 UTC 2019 /home/travis/build/icyphy/ptII/ptolemy/domains/sdf/lib/test/auto/MatrixSplit2.xml
----------------- Instantiating /home/travis/build/icyphy/ptII/ptolemy/domains/sdf/lib/test/auto/MatrixSplit2.xml
3 ms. Memory: 155648K Free: 106043K (68%)
----------------- Invoking toplevel() on ptolemy.moml.MoMLSimpleApplication@6491cd43
----------------- Done invoking toplevel() on ptolemy.moml.MoMLSimpleApplication@6491cd43
reloadAllAccessors: .MatrixSplit2

===========================================================================================
----------------- testing Sun Dec 22 06:43:01 UTC 2019 /home/travis/build/icyphy/ptII/ptolemy/domains/sdf/lib/test/auto/MatrixSplit3.xml
----------------- Instantiating /home/travis/build/icyphy/ptII/ptolemy/domains/sdf/lib/test/auto/MatrixSplit3.xml
1 ms. Memory: 155648K Free: 102461K (66%)
----------------- Invoking toplevel() on ptolemy.moml.MoMLSimpleApplication@5cde204d
----------------- Done invoking toplevel() on ptolemy.moml.MoMLSimpleApplication@5cde204d
reloadAllAccessors: .MatrixSplit3

===========================================================================================
----------------- testing Sun Dec 22 06:43:01 UTC 2019 /home/travis/build/icyphy/ptII/ptolemy/domains/sdf/lib/test/auto/MatrixSplit4.xml
----------------- Instantiating /home/travis/build/icyphy/ptII/ptolemy/domains/sdf/lib/test/auto/MatrixSplit4.xml
2 ms. Memory: 155648K Free: 98875K (64%)
----------------- Invoking toplevel() on ptolemy.moml.MoMLSimpleApplication@74765bd0
----------------- Done invoking toplevel() on ptolemy.moml.MoMLSimpleApplication@74765bd0
reloadAllAccessors: .MatrixSplit4

===========================================================================================
----------------- testing Sun Dec 22 06:43:01 UTC 2019 /home/travis/build/icyphy/ptII/ptolemy/domains/sdf/lib/test/auto/MatrixSplit5.xml
----------------- Instantiating /home/travis/build/icyphy/ptII/ptolemy/domains/sdf/lib/test/auto/MatrixSplit5.xml
6 ms. Memory: 155648K Free: 95293K (61%)
----------------- Invoking toplevel() on ptolemy.moml.MoMLSimpleApplication@32a54393
----------------- Done invoking toplevel() on ptolemy.moml.MoMLSimpleApplication@32a54393
reloadAllAccessors: .MatrixSplit5

===========================================================================================
----------------- testing Sun Dec 22 06:43:01 UTC 2019 /home/travis/build/icyphy/ptII/ptolemy/domains/sdf/lib/test/auto/MatrixSplit6.xml
----------------- Instantiating /home/travis/build/icyphy/ptII/ptolemy/domains/sdf/lib/test/auto/MatrixSplit6.xml
2 ms. Memory: 155648K Free: 91707K (59%)
----------------- Invoking toplevel() on ptolemy.moml.MoMLSimpleApplication@63ee01f6
----------------- Done invoking toplevel() on ptolemy.moml.MoMLSimpleApplication@63ee01f6
reloadAllAccessors: .MatrixSplit6

===========================================================================================
----------------- testing Sun Dec 22 06:43:01 UTC 2019 /home/travis/build/icyphy/ptII/ptolemy/domains/sdf/lib/test/auto/MatrixSplit7.xml
----------------- Instantiating /home/travis/build/icyphy/ptII/ptolemy/domains/sdf/lib/test/auto/MatrixSplit7.xml
1 ms. Memory: 155648K Free: 88125K (57%)
----------------- Invoking toplevel() on ptolemy.moml.MoMLSimpleApplication@131f032c
----------------- Done invoking toplevel() on ptolemy.moml.MoMLSimpleApplication@131f032c
reloadAllAccessors: .MatrixSplit7

===========================================================================================
----------------- testing Sun Dec 22 06:43:01 UTC 2019 /home/travis/build/icyphy/ptII/ptolemy/domains/sdf/lib/test/auto/MatrixSplit8.xml
----------------- Instantiating /home/travis/build/icyphy/ptII/ptolemy/domains/sdf/lib/test/auto/MatrixSplit8.xml
2 ms. Memory: 155648K Free: 84539K (54%)
----------------- Invoking toplevel() on ptolemy.moml.MoMLSimpleApplication@69bd9175
----------------- Done invoking toplevel() on ptolemy.moml.MoMLSimpleApplication@69bd9175
reloadAllAccessors: .MatrixSplit8

===========================================================================================
----------------- testing Sun Dec 22 06:43:01 UTC 2019 /home/travis/build/icyphy/ptII/ptolemy/domains/sdf/lib/test/auto/MatrixSplit9.xml
----------------- Instantiating /home/travis/build/icyphy/ptII/ptolemy/domains/sdf/lib/test/auto/MatrixSplit9.xml
2 ms. Memory: 155648K Free: 80957K (52%)
----------------- Invoking toplevel() on ptolemy.moml.MoMLSimpleApplication@52efb0d1
----------------- Done invoking toplevel() on ptolemy.moml.MoMLSimpleApplication@52efb0d1
reloadAllAccessors: .MatrixSplit9

===========================================================================================
----------------- testing Sun Dec 22 06:43:01 UTC 2019 /home/travis/build/icyphy/ptII/ptolemy/domains/sdf/lib/test/auto/MatrixToSequence.xml
----------------- Instantiating /home/travis/build/icyphy/ptII/ptolemy/domains/sdf/lib/test/auto/MatrixToSequence.xml
12 ms. Memory: 155648K Free: 71741K (46%)
----------------- Invoking toplevel() on ptolemy.moml.MoMLSimpleApplication@4682b1cb
----------------- Done invoking toplevel() on ptolemy.moml.MoMLSimpleApplication@4682b1cb
reloadAllAccessors: .MatrixToSequence

===========================================================================================
----------------- testing Sun Dec 22 06:43:01 UTC 2019 /home/travis/build/icyphy/ptII/ptolemy/domains/sdf/lib/test/auto/MaximumEntropySpectrum.xml
----------------- Instantiating /home/travis/build/icyphy/ptII/ptolemy/domains/sdf/lib/test/auto/MaximumEntropySpectrum.xml
12 ms. Memory: 155648K Free: 50747K (33%)
----------------- Invoking toplevel() on ptolemy.moml.MoMLSimpleApplication@13480d36
----------------- Done invoking toplevel() on ptolemy.moml.MoMLSimpleApplication@13480d36
reloadAllAccessors: .MaximumEntropySpectrum

===========================================================================================
----------------- testing Sun Dec 22 06:43:01 UTC 2019 /home/travis/build/icyphy/ptII/ptolemy/domains/sdf/lib/test/auto/SampleDelayConversion.xml
----------------- Instantiating /home/travis/build/icyphy/ptII/ptolemy/domains/sdf/lib/test/auto/SampleDelayConversion.xml
2 ms. Memory: 155648K Free: 138326K (89%)
----------------- Invoking toplevel() on ptolemy.moml.MoMLSimpleApplication@d1662a1
----------------- Done invoking toplevel() on ptolemy.moml.MoMLSimpleApplication@d1662a1
reloadAllAccessors: .SampleDelayConversion

===========================================================================================
----------------- testing Sun Dec 22 06:43:01 UTC 2019 /home/travis/build/icyphy/ptII/ptolemy/domains/sdf/lib/test/auto/SequenceToArray.xml
----------------- Instantiating /home/travis/build/icyphy/ptII/ptolemy/domains/sdf/lib/test/auto/SequenceToArray.xml
9 ms. Memory: 155648K Free: 127062K (82%)
----------------- Invoking toplevel() on ptolemy.moml.MoMLSimpleApplication@1a9ed
----------------- Done invoking toplevel() on ptolemy.moml.MoMLSimpleApplication@1a9ed
reloadAllAccessors: .SequenceToArray

===========================================================================================
----------------- testing Sun Dec 22 06:43:01 UTC 2019 /home/travis/build/icyphy/ptII/ptolemy/domains/sdf/lib/test/auto/SequenceToMatrix.xml
----------------- Instantiating /home/travis/build/icyphy/ptII/ptolemy/domains/sdf/lib/test/auto/SequenceToMatrix.xml
2642 ms. Memory: 155648K Free: 76295K (49%)
----------------- Invoking toplevel() on ptolemy.moml.MoMLSimpleApplication@3d66f3da
----------------- Done invoking toplevel() on ptolemy.moml.MoMLSimpleApplication@3d66f3da
reloadAllAccessors: .SequenceToMatrix

===========================================================================================
----------------- testing Sun Dec 22 06:43:04 UTC 2019 /home/travis/build/icyphy/ptII/ptolemy/domains/sdf/lib/test/auto/SmoothedPeriodogram.xml
----------------- Instantiating /home/travis/build/icyphy/ptII/ptolemy/domains/sdf/lib/test/auto/SmoothedPeriodogram.xml
8 ms. Memory: 155648K Free: 60935K (39%)
----------------- Invoking toplevel() on ptolemy.moml.MoMLSimpleApplication@2806701b
----------------- Done invoking toplevel() on ptolemy.moml.MoMLSimpleApplication@2806701b
reloadAllAccessors: .SmoothedPeriodogram

===========================================================================================
----------------- testing Sun Dec 22 06:43:04 UTC 2019 /home/travis/build/icyphy/ptII/ptolemy/domains/sdf/lib/test/auto/UpDownSample1.xml
----------------- Instantiating /home/travis/build/icyphy/ptII/ptolemy/domains/sdf/lib/test/auto/UpDownSample1.xml
4 ms. Memory: 155648K Free: 56839K (37%)
----------------- Invoking toplevel() on ptolemy.moml.MoMLSimpleApplication@574a9998
----------------- Done invoking toplevel() on ptolemy.moml.MoMLSimpleApplication@574a9998
reloadAllAccessors: .UpDownSample1

===========================================================================================
----------------- testing Sun Dec 22 06:43:04 UTC 2019 /home/travis/build/icyphy/ptII/ptolemy/domains/sdf/lib/test/auto/UpSample1.xml
----------------- Instantiating /home/travis/build/icyphy/ptII/ptolemy/domains/sdf/lib/test/auto/UpSample1.xml
3 ms. Memory: 155648K Free: 53257K (34%)
----------------- Invoking toplevel() on ptolemy.moml.MoMLSimpleApplication@15fe2fb6
----------------- Done invoking toplevel() on ptolemy.moml.MoMLSimpleApplication@15fe2fb6
reloadAllAccessors: .UpSample1

===========================================================================================
----------------- testing Sun Dec 22 06:43:04 UTC 2019 /home/travis/build/icyphy/ptII/ptolemy/domains/sdf/lib/test/auto/VariableFIR.xml
----------------- Instantiating /home/travis/build/icyphy/ptII/ptolemy/domains/sdf/lib/test/auto/VariableFIR.xml
9 ms. Memory: 155648K Free: 139320K (90%)
----------------- Invoking toplevel() on ptolemy.moml.MoMLSimpleApplication@7492ba68
----------------- Done invoking toplevel() on ptolemy.moml.MoMLSimpleApplication@7492ba68
reloadAllAccessors: .VariableFIR

===========================================================================================
----------------- testing Sun Dec 22 06:43:04 UTC 2019 /home/travis/build/icyphy/ptII/ptolemy/domains/sdf/lib/test/auto/VariableFIR2.xml
----------------- Instantiating /home/travis/build/icyphy/ptII/ptolemy/domains/sdf/lib/test/auto/VariableFIR2.xml
6 ms. Memory: 155648K Free: 133656K (86%)
----------------- Invoking toplevel() on ptolemy.moml.MoMLSimpleApplication@16edc2f2
----------------- Done invoking toplevel() on ptolemy.moml.MoMLSimpleApplication@16edc2f2
reloadAllAccessors: .VariableFIR2

===========================================================================================
----------------- testing Sun Dec 22 06:43:04 UTC 2019 /home/travis/build/icyphy/ptII/ptolemy/domains/sdf/lib/test/auto/VariableLattice.xml
----------------- Instantiating /home/travis/build/icyphy/ptII/ptolemy/domains/sdf/lib/test/auto/VariableLattice.xml
4 ms. Memory: 155648K Free: 127032K (82%)
----------------- Invoking toplevel() on ptolemy.moml.MoMLSimpleApplication@71d21b69
----------------- Done invoking toplevel() on ptolemy.moml.MoMLSimpleApplication@71d21b69
reloadAllAccessors: .VariableLattice

===========================================================================================
----------------- testing Sun Dec 22 06:43:04 UTC 2019 /home/travis/build/icyphy/ptII/ptolemy/domains/sdf/lib/test/auto/VariableLattice2.xml
----------------- Instantiating /home/travis/build/icyphy/ptII/ptolemy/domains/sdf/lib/test/auto/VariableLattice2.xml
1.0
-1.999999602036
1.9099998677481
-0.9099996420674
0.205
0.0
0.0
1.0
-0.25
-0.5
0.0
0.0
0.0
0.0
2 ms. Memory: 155648K Free: 122422K (79%)
----------------- Invoking toplevel() on ptolemy.moml.MoMLSimpleApplication@3f5ff7b
----------------- Done invoking toplevel() on ptolemy.moml.MoMLSimpleApplication@3f5ff7b
reloadAllAccessors: .VariableLattice2

===========================================================================================
----------------- testing Sun Dec 22 06:43:04 UTC 2019 /home/travis/build/icyphy/ptII/ptolemy/domains/sdf/lib/test/auto/VariableRecursiveLattice.xml
----------------- Instantiating /home/travis/build/icyphy/ptII/ptolemy/domains/sdf/lib/test/auto/VariableRecursiveLattice.xml
2 ms. Memory: 155648K Free: 117816K (76%)
----------------- Invoking toplevel() on ptolemy.moml.MoMLSimpleApplication@33a8f1aa
----------------- Done invoking toplevel() on ptolemy.moml.MoMLSimpleApplication@33a8f1aa
reloadAllAccessors: .VariableRecursiveLattice

===========================================================================================
----------------- testing Sun Dec 22 06:43:04 UTC 2019 /home/travis/build/icyphy/ptII/ptolemy/domains/sdf/lib/test/auto/VariableRecursiveLattice2.xml
----------------- Instantiating /home/travis/build/icyphy/ptII/ptolemy/domains/sdf/lib/test/auto/VariableRecursiveLattice2.xml
2 ms. Memory: 155648K Free: 113206K (73%)
----------------- Invoking toplevel() on ptolemy.moml.MoMLSimpleApplication@6c141616
----------------- Done invoking toplevel() on ptolemy.moml.MoMLSimpleApplication@6c141616
reloadAllAccessors: .VariableRecursiveLattice2
AutoTests.java: About to close Vertx.
AutoTests.java: Vertx closed.
]]></system-out>
  <system-err><![CDATA[]]></system-err>
</testsuite>
