<?xml version="1.0" encoding="UTF-8" ?>
<testsuite errors="0" failures="0" hostname="travis-job-a025a22d-aaa6-4812-8d5d-ef55a1b67c09" name="ptolemy.domains.de.test.junit.JUnitTclTest" skipped="0" tests="101" time="123.245" timestamp="2020-06-16T14:41:29">
  <properties>
[...]
</properties>
  <testcase classname="ptolemy.util.test.junit.TclTests" name="[0] /home/travis/build/icyphy/ptII/ptolemy/domains/de/test/DependencyLoop.tcl (RunTclFile)" time="0.999" />
  <testcase classname="ptolemy.util.test.junit.TclTests" name="[1] /home/travis/build/icyphy/ptII/ptolemy/domains/de/test/RunDETestsAsQSS.tcl (RunTclFile)" time="82.828" />
  <testcase classname="ptolemy.util.test.junit.AutoKnownFailedTests" name="[0] /home/travis/build/icyphy/ptII/ptolemy/domains/de/test/auto/knownFailedTests/DESDFClockTest.xml (RunModel)" time="2.034" />
  <testcase classname="ptolemy.util.test.junit.AutoKnownFailedTests" name="[1] /home/travis/build/icyphy/ptII/ptolemy/domains/de/test/auto/knownFailedTests/DirectFeedback.xml (RunModel)" time="0.021" />
  <testcase classname="ptolemy.util.test.junit.AutoKnownFailedTests" name="[2] /home/travis/build/icyphy/ptII/ptolemy/domains/de/test/auto/knownFailedTests/FSMSource.xml (RunModel)" time="0.039" />
  <testcase classname="ptolemy.util.test.junit.AutoKnownFailedTests" name="[3] /home/travis/build/icyphy/ptII/ptolemy/domains/de/test/auto/knownFailedTests/HierarchicalModel.xml (RunModel)" time="0.046" />
  <testcase classname="ptolemy.util.test.junit.AutoKnownFailedTests" name="[4] /home/travis/build/icyphy/ptII/ptolemy/domains/de/test/auto/knownFailedTests/dependencyLoop.xml (RunModel)" time="0.042" />
  <testcase classname="ptolemy.util.test.junit.AutoKnownFailedTests" name="[5] /home/travis/build/icyphy/ptII/ptolemy/domains/de/test/auto/knownFailedTests/dependencyLoop2.xml (RunModel)" time="0.044" />
  <testcase classname="ptolemy.util.test.junit.AutoNameArchTests" name="[0] ThereAreNoAutoArchTests (RunModel)" time="0.006" />
  <testcase classname="ptolemy.util.test.junit.AutoTests" name="[0] /home/travis/build/icyphy/ptII/ptolemy/domains/de/test/auto/ActorDepthCalculation_actorWithoutPorts.xml (RunModel)" time="0.023" />
  <testcase classname="ptolemy.util.test.junit.AutoTests" name="[1] /home/travis/build/icyphy/ptII/ptolemy/domains/de/test/auto/AssemblyLine.xml (RunModel)" time="0.019" />
  <testcase classname="ptolemy.util.test.junit.AutoTests" name="[2] /home/travis/build/icyphy/ptII/ptolemy/domains/de/test/auto/CQBug1.xml (RunModel)" time="0.012" />
  <testcase classname="ptolemy.util.test.junit.AutoTests" name="[3] /home/travis/build/icyphy/ptII/ptolemy/domains/de/test/auto/CancelFireAt.xml (RunModel)" time="0.009" />
  <testcase classname="ptolemy.util.test.junit.AutoTests" name="[4] /home/travis/build/icyphy/ptII/ptolemy/domains/de/test/auto/CausalityAndComposabilityAnalysis.xml (RunModel)" time="0.013" />
  <testcase classname="ptolemy.util.test.junit.AutoTests" name="[5] /home/travis/build/icyphy/ptII/ptolemy/domains/de/test/auto/CausalityInterface1.xml (RunModel)" time="0.018" />
  <testcase classname="ptolemy.util.test.junit.AutoTests" name="[6] /home/travis/build/icyphy/ptII/ptolemy/domains/de/test/auto/CausalityInterface15.xml (RunModel)" time="0.018" />
  <testcase classname="ptolemy.util.test.junit.AutoTests" name="[7] /home/travis/build/icyphy/ptII/ptolemy/domains/de/test/auto/CausalityInterface2.xml (RunModel)" time="0.013" />
  <testcase classname="ptolemy.util.test.junit.AutoTests" name="[8] /home/travis/build/icyphy/ptII/ptolemy/domains/de/test/auto/CausalityInterface3.xml (RunModel)" time="0.015" />
  <testcase classname="ptolemy.util.test.junit.AutoTests" name="[9] /home/travis/build/icyphy/ptII/ptolemy/domains/de/test/auto/ClockDrift.xml (RunModel)" time="0.043" />
  <testcase classname="ptolemy.util.test.junit.AutoTests" name="[10] /home/travis/build/icyphy/ptII/ptolemy/domains/de/test/auto/ClockDriftAndValueChange.xml (RunModel)" time="0.032" />
  <testcase classname="ptolemy.util.test.junit.AutoTests" name="[11] /home/travis/build/icyphy/ptII/ptolemy/domains/de/test/auto/ClockDriftChange.xml (RunModel)" time="0.028" />
  <testcase classname="ptolemy.util.test.junit.AutoTests" name="[12] /home/travis/build/icyphy/ptII/ptolemy/domains/de/test/auto/ComposableCausalityAnalysis.xml (RunModel)" time="0.015" />
  <testcase classname="ptolemy.util.test.junit.AutoTests" name="[13] /home/travis/build/icyphy/ptII/ptolemy/domains/de/test/auto/DEFixedPointLimitation.xml (RunModel)" time="0.017" />
  <testcase classname="ptolemy.util.test.junit.AutoTests" name="[14] /home/travis/build/icyphy/ptII/ptolemy/domains/de/test/auto/DEScheduleTest.xml (RunModel)" time="0.013" />
  <testcase classname="ptolemy.util.test.junit.AutoTests" name="[15] /home/travis/build/icyphy/ptII/ptolemy/domains/de/test/auto/DEinDEwithStartTimes.xml (RunModel)" time="0.016" />
  <testcase classname="ptolemy.util.test.junit.AutoTests" name="[16] /home/travis/build/icyphy/ptII/ptolemy/domains/de/test/auto/DEinDEwithStartTimes2.xml (RunModel)" time="0.013" />
  <testcase classname="ptolemy.util.test.junit.AutoTests" name="[17] /home/travis/build/icyphy/ptII/ptolemy/domains/de/test/auto/DateDemo.xml (RunModel)" time="0.032" />
  <testcase classname="ptolemy.util.test.junit.AutoTests" name="[18] /home/travis/build/icyphy/ptII/ptolemy/domains/de/test/auto/DateToEvent.xml (RunModel)" time="2.039" />
  <testcase classname="ptolemy.util.test.junit.AutoTests" name="[19] /home/travis/build/icyphy/ptII/ptolemy/domains/de/test/auto/DepthTest1.xml (RunModel)" time="0.008" />
  <testcase classname="ptolemy.util.test.junit.AutoTests" name="[20] /home/travis/build/icyphy/ptII/ptolemy/domains/de/test/auto/DepthTest2.xml (RunModel)" time="0.029" />
  <testcase classname="ptolemy.util.test.junit.AutoTests" name="[21] /home/travis/build/icyphy/ptII/ptolemy/domains/de/test/auto/DepthTest3.xml (RunModel)" time="0.014" />
  <testcase classname="ptolemy.util.test.junit.AutoTests" name="[22] /home/travis/build/icyphy/ptII/ptolemy/domains/de/test/auto/DepthTest4.xml (RunModel)" time="0.02" />
  <testcase classname="ptolemy.util.test.junit.AutoTests" name="[23] /home/travis/build/icyphy/ptII/ptolemy/domains/de/test/auto/DepthTest5.xml (RunModel)" time="0.016" />
  <testcase classname="ptolemy.util.test.junit.AutoTests" name="[24] /home/travis/build/icyphy/ptII/ptolemy/domains/de/test/auto/DepthTest6.xml (RunModel)" time="0.013" />
  <testcase classname="ptolemy.util.test.junit.AutoTests" name="[25] /home/travis/build/icyphy/ptII/ptolemy/domains/de/test/auto/DepthTest7.xml (RunModel)" time="0.013" />
  <testcase classname="ptolemy.util.test.junit.AutoTests" name="[26] /home/travis/build/icyphy/ptII/ptolemy/domains/de/test/auto/EventToDate.xml (RunModel)" time="3.052" />
  <testcase classname="ptolemy.util.test.junit.AutoTests" name="[27] /home/travis/build/icyphy/ptII/ptolemy/domains/de/test/auto/FSM1.xml (RunModel)" time="0.045" />
  <testcase classname="ptolemy.util.test.junit.AutoTests" name="[28] /home/travis/build/icyphy/ptII/ptolemy/domains/de/test/auto/FSM7.xml (RunModel)" time="0.04" />
  <testcase classname="ptolemy.util.test.junit.AutoTests" name="[29] /home/travis/build/icyphy/ptII/ptolemy/domains/de/test/auto/Inspection.xml (RunModel)" time="0.04" />
  <testcase classname="ptolemy.util.test.junit.AutoTests" name="[30] /home/travis/build/icyphy/ptII/ptolemy/domains/de/test/auto/Iteration.xml (RunModel)" time="0.026" />
  <testcase classname="ptolemy.util.test.junit.AutoTests" name="[31] /home/travis/build/icyphy/ptII/ptolemy/domains/de/test/auto/LineFault.xml (RunModel)" time="0.539" />
  <testcase classname="ptolemy.util.test.junit.AutoTests" name="[32] /home/travis/build/icyphy/ptII/ptolemy/domains/de/test/auto/MergeModel1Add.xml (RunModel)" time="0.048" />
  <testcase classname="ptolemy.util.test.junit.AutoTests" name="[33] /home/travis/build/icyphy/ptII/ptolemy/domains/de/test/auto/MergeModel2Add.xml (RunModel)" time="0.034" />
  <testcase classname="ptolemy.util.test.junit.AutoTests" name="[34] /home/travis/build/icyphy/ptII/ptolemy/domains/de/test/auto/MergeModel3Add.xml (RunModel)" time="0.047" />
  <testcase classname="ptolemy.util.test.junit.AutoTests" name="[35] /home/travis/build/icyphy/ptII/ptolemy/domains/de/test/auto/MergeWithoutDiscard.xml (RunModel)" time="0.011" />
  <testcase classname="ptolemy.util.test.junit.AutoTests" name="[36] /home/travis/build/icyphy/ptII/ptolemy/domains/de/test/auto/Modal1.xml (RunModel)" time="0.032" />
  <testcase classname="ptolemy.util.test.junit.AutoTests" name="[37] /home/travis/build/icyphy/ptII/ptolemy/domains/de/test/auto/Modal2.xml (RunModel)" time="0.032" />
  <testcase classname="ptolemy.util.test.junit.AutoTests" name="[38] /home/travis/build/icyphy/ptII/ptolemy/domains/de/test/auto/Modal3.xml (RunModel)" time="0.036" />
  <testcase classname="ptolemy.util.test.junit.AutoTests" name="[39] /home/travis/build/icyphy/ptII/ptolemy/domains/de/test/auto/Modal4.xml (RunModel)" time="0.035" />
  <testcase classname="ptolemy.util.test.junit.AutoTests" name="[40] /home/travis/build/icyphy/ptII/ptolemy/domains/de/test/auto/Modal5.xml (RunModel)" time="0.027" />
  <testcase classname="ptolemy.util.test.junit.AutoTests" name="[41] /home/travis/build/icyphy/ptII/ptolemy/domains/de/test/auto/Modal6.xml (RunModel)" time="0.03" />
  <testcase classname="ptolemy.util.test.junit.AutoTests" name="[42] /home/travis/build/icyphy/ptII/ptolemy/domains/de/test/auto/Modal7.xml (RunModel)" time="0.029" />
  <testcase classname="ptolemy.util.test.junit.AutoTests" name="[43] /home/travis/build/icyphy/ptII/ptolemy/domains/de/test/auto/ModalModel.xml (RunModel)" time="0.163" />
  <testcase classname="ptolemy.util.test.junit.AutoTests" name="[44] /home/travis/build/icyphy/ptII/ptolemy/domains/de/test/auto/ModalSource.xml (RunModel)" time="0.019" />
  <testcase classname="ptolemy.util.test.junit.AutoTests" name="[45] /home/travis/build/icyphy/ptII/ptolemy/domains/de/test/auto/NonInterruptibleTimerZeroDelay.xml (RunModel)" time="0.009" />
  <testcase classname="ptolemy.util.test.junit.AutoTests" name="[46] /home/travis/build/icyphy/ptII/ptolemy/domains/de/test/auto/OpenQueueingNetwork.xml (RunModel)" time="2.352" />
  <testcase classname="ptolemy.util.test.junit.AutoTests" name="[47] /home/travis/build/icyphy/ptII/ptolemy/domains/de/test/auto/OpenQueuingNetwork.xml (RunModel)" time="0.27" />
  <testcase classname="ptolemy.util.test.junit.AutoTests" name="[48] /home/travis/build/icyphy/ptII/ptolemy/domains/de/test/auto/PeriodicSampler.xml (RunModel)" time="0.015" />
  <testcase classname="ptolemy.util.test.junit.AutoTests" name="[49] /home/travis/build/icyphy/ptII/ptolemy/domains/de/test/auto/PersistentIO.xml (RunModel)" time="0.018" />
  <testcase classname="ptolemy.util.test.junit.AutoTests" name="[50] /home/travis/build/icyphy/ptII/ptolemy/domains/de/test/auto/PortParameterResetOnInitialize.xml (RunModel)" time="0.009" />
  <testcase classname="ptolemy.util.test.junit.AutoTests" name="[51] /home/travis/build/icyphy/ptII/ptolemy/domains/de/test/auto/PortParameterUpdates.xml (RunModel)" time="0.02" />
  <testcase classname="ptolemy.util.test.junit.AutoTests" name="[52] /home/travis/build/icyphy/ptII/ptolemy/domains/de/test/auto/QueueAndServer.xml (RunModel)" time="0.019" />
  <testcase classname="ptolemy.util.test.junit.AutoTests" name="[53] /home/travis/build/icyphy/ptII/ptolemy/domains/de/test/auto/Records.xml (RunModel)" time="0.014" />
  <testcase classname="ptolemy.util.test.junit.AutoTests" name="[54] /home/travis/build/icyphy/ptII/ptolemy/domains/de/test/auto/ResetTransitionWithStartTime1.xml (RunModel)" time="0.016" />
  <testcase classname="ptolemy.util.test.junit.AutoTests" name="[55] /home/travis/build/icyphy/ptII/ptolemy/domains/de/test/auto/ResetTransitionWithStartTime2.xml (RunModel)" time="0.019" />
  <testcase classname="ptolemy.util.test.junit.AutoTests" name="[56] /home/travis/build/icyphy/ptII/ptolemy/domains/de/test/auto/ResetTransitionWithStartTime3.xml (RunModel)" time="0.017" />
  <testcase classname="ptolemy.util.test.junit.AutoTests" name="[57] /home/travis/build/icyphy/ptII/ptolemy/domains/de/test/auto/ResetTransitionWithStartTime4.xml (RunModel)" time="0.019" />
  <testcase classname="ptolemy.util.test.junit.AutoTests" name="[58] /home/travis/build/icyphy/ptII/ptolemy/domains/de/test/auto/ResettableTimer1.xml (RunModel)" time="0.01" />
  <testcase classname="ptolemy.util.test.junit.AutoTests" name="[59] /home/travis/build/icyphy/ptII/ptolemy/domains/de/test/auto/ResettableTimer2.xml (RunModel)" time="0.009" />
  <testcase classname="ptolemy.util.test.junit.AutoTests" name="[60] /home/travis/build/icyphy/ptII/ptolemy/domains/de/test/auto/ResettableTimer3.xml (RunModel)" time="0.009" />
  <testcase classname="ptolemy.util.test.junit.AutoTests" name="[61] /home/travis/build/icyphy/ptII/ptolemy/domains/de/test/auto/ResettableTimer4.xml (RunModel)" time="0.009" />
  <testcase classname="ptolemy.util.test.junit.AutoTests" name="[62] /home/travis/build/icyphy/ptII/ptolemy/domains/de/test/auto/ResettableTimer5.xml (RunModel)" time="0.009" />
  <testcase classname="ptolemy.util.test.junit.AutoTests" name="[63] /home/travis/build/icyphy/ptII/ptolemy/domains/de/test/auto/ResettableTimer6.xml (RunModel)" time="0.016" />
  <testcase classname="ptolemy.util.test.junit.AutoTests" name="[64] /home/travis/build/icyphy/ptII/ptolemy/domains/de/test/auto/ServerZeroDelay.xml (RunModel)" time="0.009" />
  <testcase classname="ptolemy.util.test.junit.AutoTests" name="[65] /home/travis/build/icyphy/ptII/ptolemy/domains/de/test/auto/SmartSender.xml (RunModel)" time="3.014" />
  <testcase classname="ptolemy.util.test.junit.AutoTests" name="[66] /home/travis/build/icyphy/ptII/ptolemy/domains/de/test/auto/ThreadedComposite.xml (RunModel)" time="0.129" />
  <testcase classname="ptolemy.util.test.junit.AutoTests" name="[67] /home/travis/build/icyphy/ptII/ptolemy/domains/de/test/auto/Time.xml (RunModel)" time="0.362" />
  <testcase classname="ptolemy.util.test.junit.AutoTests" name="[68] /home/travis/build/icyphy/ptII/ptolemy/domains/de/test/auto/TimeDelayZeroDelay.xml (RunModel)" time="0.009" />
  <testcase classname="ptolemy.util.test.junit.AutoTests" name="[69] /home/travis/build/icyphy/ptII/ptolemy/domains/de/test/auto/TimerZeroDelay.xml (RunModel)" time="0.014" />
  <testcase classname="ptolemy.util.test.junit.AutoTests" name="[70] /home/travis/build/icyphy/ptII/ptolemy/domains/de/test/auto/TimingParadox.xml (RunModel)" time="0.312" />
  <testcase classname="ptolemy.util.test.junit.AutoTests" name="[71] /home/travis/build/icyphy/ptII/ptolemy/domains/de/test/auto/TransferInputs.xml (RunModel)" time="0.009" />
  <testcase classname="ptolemy.util.test.junit.AutoTests" name="[72] /home/travis/build/icyphy/ptII/ptolemy/domains/de/test/auto/TransferOutputs2.xml (RunModel)" time="0.014" />
  <testcase classname="ptolemy.util.test.junit.AutoTests" name="[73] /home/travis/build/icyphy/ptII/ptolemy/domains/de/test/auto/Trilateration.xml (RunModel)" time="11.064" />
  <testcase classname="ptolemy.util.test.junit.AutoTests" name="[74] /home/travis/build/icyphy/ptII/ptolemy/domains/de/test/auto/TwoSigmaDelta.xml (RunModel)" time="1.996" />
  <testcase classname="ptolemy.util.test.junit.AutoTests" name="[75] /home/travis/build/icyphy/ptII/ptolemy/domains/de/test/auto/VariableDelay.xml (RunModel)" time="0.015" />
  <testcase classname="ptolemy.util.test.junit.AutoTests" name="[76] /home/travis/build/icyphy/ptII/ptolemy/domains/de/test/auto/VariableDelay2.xml (RunModel)" time="0.012" />
  <testcase classname="ptolemy.util.test.junit.AutoTests" name="[77] /home/travis/build/icyphy/ptII/ptolemy/domains/de/test/auto/VariableDelayZeroDelay.xml (RunModel)" time="0.018" />
  <testcase classname="ptolemy.util.test.junit.AutoTests" name="[78] /home/travis/build/icyphy/ptII/ptolemy/domains/de/test/auto/VariableDelayZeroDelay2.xml (RunModel)" time="0.017" />
  <testcase classname="ptolemy.util.test.junit.AutoTests" name="[79] /home/travis/build/icyphy/ptII/ptolemy/domains/de/test/auto/deInCt.xml (RunModel)" time="0.017" />
  <testcase classname="ptolemy.util.test.junit.AutoTests" name="[80] /home/travis/build/icyphy/ptII/ptolemy/domains/de/test/auto/deInCt2.xml (RunModel)" time="0.011" />
  <testcase classname="ptolemy.util.test.junit.AutoTests" name="[81] /home/travis/build/icyphy/ptII/ptolemy/domains/de/test/auto/dynamicCausalityInterface1.xml (RunModel)" time="0.031" />
  <testcase classname="ptolemy.util.test.junit.AutoTests" name="[82] /home/travis/build/icyphy/ptII/ptolemy/domains/de/test/auto/fsm_de_test.xml (RunModel)" time="0.027" />
  <testcase classname="ptolemy.util.test.junit.AutoTests" name="[83] /home/travis/build/icyphy/ptII/ptolemy/domains/de/test/auto/functionDependencyReconstruction.xml (RunModel)" time="0.03" />
  <testcase classname="ptolemy.util.test.junit.AutoTests" name="[84] /home/travis/build/icyphy/ptII/ptolemy/domains/de/test/auto/multirate.xml (RunModel)" time="0.015" />
  <testcase classname="ptolemy.util.test.junit.AutoTests" name="[85] /home/travis/build/icyphy/ptII/ptolemy/domains/de/test/auto/multirate2.xml (RunModel)" time="0.02" />
  <testcase classname="ptolemy.util.test.junit.AutoTests" name="[86] /home/travis/build/icyphy/ptII/ptolemy/domains/de/test/auto/realtime.xml (RunModel)" time="10.009" />
  <testcase classname="ptolemy.util.test.junit.AutoTests" name="[87] /home/travis/build/icyphy/ptII/ptolemy/domains/de/test/auto/relationGroup.xml (RunModel)" time="0.008" />
  <testcase classname="ptolemy.util.test.junit.AutoTests" name="[88] /home/travis/build/icyphy/ptII/ptolemy/domains/de/test/auto/relationGroup2.xml (RunModel)" time="0.008" />
  <testcase classname="ptolemy.util.test.junit.AutoTests" name="[89] /home/travis/build/icyphy/ptII/ptolemy/domains/de/test/auto/sortWithOpaquePorts.xml (RunModel)" time="0.007" />
  <testcase classname="ptolemy.util.test.junit.AutoTests" name="[90] /home/travis/build/icyphy/ptII/ptolemy/domains/de/test/auto/transferInputsandOutputs.xml (RunModel)" time="0.014" />
  <testcase classname="ptolemy.util.test.junit.AutoTests" name="[91] /home/travis/build/icyphy/ptII/ptolemy/domains/de/test/auto/triggerType.xml (RunModel)" time="0.011" />
  <system-out><![CDATA[/home/travis/build/icyphy/ptII/ptolemy/domains/de/test/DependencyLoop.tcl
testDefs.tcl: setting time out to 9000 seconds at Tue Jun 16 14:41:29 UTC 2020
85 ms. Memory: 129024K Free: 78788K (61%)
31 ms. Memory: 129024K Free: 61380K (48%)
/home/travis/build/icyphy/ptII/ptolemy/domains/de/test/RunDETestsAsQSS.tcl
Run the DE tests using ptolemy.domains.qss.test.QSSDirectorTest, which extends QSSDirector and prints a message in the constructors.
------------------ testing $PTII/ptolemy/domains/de/test/auto/knownFailedTests/DirectFeedback.xml (Known Failure) 
61 ms. Memory: 129024K Free: 55746K (43%)


==== $PTIIhome/travis/build/icyphy/ptII/ptolemy/domains/de/test/../../../../: Auto Automatic test in file $PTII/ptolemy/domains/de/test/auto/knownFailedTests/DirectFeedback.xml
==== Contents of test case:

	    # FIXME: we should use $relativeFilename here, but it
	    # might have backslashes under Windows, which causes no end
	    # of trouble.
	    createAndExecute $file
	    list {}
	
.... Test generated KNOWN error:
    while executing
ptolemy.kernel.util.IllegalActionException: Test fails in iteration 1.
Value was: 1.0. Should have been: 2.0
  in .DirectFeedback.Test
	at ptolemy.actor.lib.Test.fire(Test.java:268)
	at ptolemy.domains.de.kernel.DEDirector._fire(DEDirector.java:1949)
	at ptolemy.domains.de.kernel.DEDirector.fire(DEDirector.java:502)
	at ptolemy.actor.CompositeActor.fire(CompositeActor.java:455)
	at ptolemy.actor.Manager.iterate(Manager.java:851)
	at ptolemy.actor.Manager.execute(Manager.java:369)
	at ptolemy.actor.Manager.run(Manager.java:1263)
	at ptolemy.actor.Manager$PtolemyRunThread.run(Manager.java:1933)

    while executing
ptolemy.kernel.util.IllegalActionException: Test fails in iteration 1.
Value was: 1.0. Should have been: 2.0
  in .DirectFeedback.Test
    while executing
"java::new ptolemy.moml.MoMLSimpleApplication $file
"
    (procedure "createAndExecute" line 2)
    invoked from within
"createAndExecute $file"
    ("uplevel" body line 5)
    invoked from within
"uplevel $contents_of_test"
------------------ testing $PTII/ptolemy/domains/de/test/auto/knownFailedTests/dependencyLoop.xml (Known Failure) 
17 ms. Memory: 129024K Free: 52674K (41%)


==== $PTIIhome/travis/build/icyphy/ptII/ptolemy/domains/de/test/../../../../: Auto Automatic test in file $PTII/ptolemy/domains/de/test/auto/knownFailedTests/dependencyLoop.xml
==== Contents of test case:

	    # FIXME: we should use $relativeFilename here, but it
	    # might have backslashes under Windows, which causes no end
	    # of trouble.
	    createAndExecute $file
	    list {}
	
.... Test generated KNOWN error:
    while executing
ptolemy.kernel.util.IllegalActionException: Found a zero delay loop containing .dependencyLoop.original
  in .dependencyLoop and .dependencyLoop.original
	at ptolemy.actor.util.CausalityInterfaceForComposites._computeOutputPortDepth(CausalityInterfaceForComposites.java:759)
	at ptolemy.actor.util.CausalityInterfaceForComposites._computeInputDepth(CausalityInterfaceForComposites.java:696)
	at ptolemy.actor.util.CausalityInterfaceForComposites._computeOutputPortDepth(CausalityInterfaceForComposites.java:765)
	at ptolemy.actor.util.CausalityInterfaceForComposites._computeInputDepth(CausalityInterfaceForComposites.java:696)
	at ptolemy.actor.util.CausalityInterfaceForComposites._computeOutputPortDepth(CausalityInterfaceForComposites.java:765)
	at ptolemy.actor.util.CausalityInterfaceForComposites._computeInputDepth(CausalityInterfaceForComposites.java:696)
	at ptolemy.actor.util.CausalityInterfaceForComposites._computeActorDepth(CausalityInterfaceForComposites.java:532)
	at ptolemy.actor.util.CausalityInterfaceForComposites.checkForCycles(CausalityInterfaceForComposites.java:96)
	at ptolemy.domains.de.kernel.DEDirector.preinitialize(DEDirector.java:1338)
	at ptolemy.actor.CompositeActor.preinitialize(CompositeActor.java:1828)
	at ptolemy.actor.Manager.preinitializeAndResolveTypes(Manager.java:1040)
	at ptolemy.actor.Manager.initialize(Manager.java:710)
	at ptolemy.actor.Manager.execute(Manager.java:356)
	at ptolemy.actor.Manager.run(Manager.java:1263)
	at ptolemy.actor.Manager$PtolemyRunThread.run(Manager.java:1933)

    while executing
ptolemy.kernel.util.IllegalActionException: Found a zero delay loop containing .dependencyLoop.original
  in .dependencyLoop and .dependencyLoop.original
    while executing
"java::new ptolemy.moml.MoMLSimpleApplication $file
"
    (procedure "createAndExecute" line 2)
    invoked from within
"createAndExecute $file"
    ("uplevel" body line 5)
    invoked from within
"uplevel $contents_of_test"
------------------ testing $PTII/ptolemy/domains/de/test/auto/knownFailedTests/FSMSource.xml (Known Failure) 
67 ms. Memory: 129024K Free: 110384K (86%)
!!!! Auto was marked as failing, but now passes
------------------ testing $PTII/ptolemy/domains/de/test/auto/knownFailedTests/HierarchicalModel.xml (Known Failure) 
6 ms. Memory: 129024K Free: 93038K (72%)


==== $PTIIhome/travis/build/icyphy/ptII/ptolemy/domains/de/test/../../../../: Auto Automatic test in file $PTII/ptolemy/domains/de/test/auto/knownFailedTests/HierarchicalModel.xml
==== Contents of test case:

	    # FIXME: we should use $relativeFilename here, but it
	    # might have backslashes under Windows, which causes no end
	    # of trouble.
	    createAndExecute $file
	    list {}
	
.... Test generated KNOWN error:
    while executing
ptolemy.kernel.util.IllegalActionException: Found a zero delay loop containing .HierarchicalModel.A
  in .HierarchicalModel and .HierarchicalModel.A
	at ptolemy.actor.util.CausalityInterfaceForComposites._computeOutputPortDepth(CausalityInterfaceForComposites.java:759)
	at ptolemy.actor.util.CausalityInterfaceForComposites._computeInputDepth(CausalityInterfaceForComposites.java:696)
	at ptolemy.actor.util.CausalityInterfaceForComposites._computeOutputPortDepth(CausalityInterfaceForComposites.java:765)
	at ptolemy.actor.util.CausalityInterfaceForComposites._computeInputDepth(CausalityInterfaceForComposites.java:696)
	at ptolemy.actor.util.CausalityInterfaceForComposites._computeOutputPortDepth(CausalityInterfaceForComposites.java:765)
	at ptolemy.actor.util.CausalityInterfaceForComposites._computeInputDepth(CausalityInterfaceForComposites.java:696)
	at ptolemy.actor.util.CausalityInterfaceForComposites._computeActorDepth(CausalityInterfaceForComposites.java:532)
	at ptolemy.actor.util.CausalityInterfaceForComposites.checkForCycles(CausalityInterfaceForComposites.java:96)
	at ptolemy.domains.de.kernel.DEDirector.preinitialize(DEDirector.java:1338)
	at ptolemy.actor.CompositeActor.preinitialize(CompositeActor.java:1828)
	at ptolemy.actor.Manager.preinitializeAndResolveTypes(Manager.java:1040)
	at ptolemy.actor.Manager.initialize(Manager.java:710)
	at ptolemy.actor.Manager.execute(Manager.java:356)
	at ptolemy.actor.Manager.run(Manager.java:1263)
	at ptolemy.actor.Manager$PtolemyRunThread.run(Manager.java:1933)

    while executing
ptolemy.kernel.util.IllegalActionException: Found a zero delay loop containing .HierarchicalModel.A
  in .HierarchicalModel and .HierarchicalModel.A
    while executing
"java::new ptolemy.moml.MoMLSimpleApplication $file
"
    (procedure "createAndExecute" line 2)
    invoked from within
"createAndExecute $file"
    ("uplevel" body line 5)
    invoked from within
"uplevel $contents_of_test"
------------------ testing $PTII/ptolemy/domains/de/test/auto/knownFailedTests/dependencyLoop2.xml (Known Failure) 
10 ms. Memory: 129024K Free: 77065K (60%)


==== $PTIIhome/travis/build/icyphy/ptII/ptolemy/domains/de/test/../../../../: Auto Automatic test in file $PTII/ptolemy/domains/de/test/auto/knownFailedTests/dependencyLoop2.xml
==== Contents of test case:

	    # FIXME: we should use $relativeFilename here, but it
	    # might have backslashes under Windows, which causes no end
	    # of trouble.
	    createAndExecute $file
	    list {}
	
.... Test generated KNOWN error:
    while executing
ptolemy.kernel.util.IllegalActionException: Found a zero delay loop containing .dependencyLoop2.original
  in .dependencyLoop2 and .dependencyLoop2.original
	at ptolemy.actor.util.CausalityInterfaceForComposites._computeOutputPortDepth(CausalityInterfaceForComposites.java:759)
	at ptolemy.actor.util.CausalityInterfaceForComposites._computeInputDepth(CausalityInterfaceForComposites.java:696)
	at ptolemy.actor.util.CausalityInterfaceForComposites._computeOutputPortDepth(CausalityInterfaceForComposites.java:765)
	at ptolemy.actor.util.CausalityInterfaceForComposites._computeInputDepth(CausalityInterfaceForComposites.java:696)
	at ptolemy.actor.util.CausalityInterfaceForComposites._computeOutputPortDepth(CausalityInterfaceForComposites.java:765)
	at ptolemy.actor.util.CausalityInterfaceForComposites._computeInputDepth(CausalityInterfaceForComposites.java:696)
	at ptolemy.actor.util.CausalityInterfaceForComposites._computeActorDepth(CausalityInterfaceForComposites.java:532)
	at ptolemy.actor.util.CausalityInterfaceForComposites.checkForCycles(CausalityInterfaceForComposites.java:96)
	at ptolemy.domains.de.kernel.DEDirector.preinitialize(DEDirector.java:1338)
	at ptolemy.actor.CompositeActor.preinitialize(CompositeActor.java:1828)
	at ptolemy.actor.Manager.preinitializeAndResolveTypes(Manager.java:1040)
	at ptolemy.actor.Manager.initialize(Manager.java:710)
	at ptolemy.actor.Manager.execute(Manager.java:356)
	at ptolemy.actor.Manager.run(Manager.java:1263)
	at ptolemy.actor.Manager$PtolemyRunThread.run(Manager.java:1933)

    while executing
ptolemy.kernel.util.IllegalActionException: Found a zero delay loop containing .dependencyLoop2.original
  in .dependencyLoop2 and .dependencyLoop2.original
    while executing
"java::new ptolemy.moml.MoMLSimpleApplication $file
"
    (procedure "createAndExecute" line 2)
    invoked from within
"createAndExecute $file"
    ("uplevel" body line 5)
    invoked from within
"uplevel $contents_of_test"
------------------ testing $PTII/ptolemy/domains/de/test/auto/knownFailedTests/DESDFClockTest.xml (Known Failure) 
2055 ms. Memory: 129024K Free: 106890K (83%)


==== $PTIIhome/travis/build/icyphy/ptII/ptolemy/domains/de/test/../../../../: Auto Automatic test in file $PTII/ptolemy/domains/de/test/auto/knownFailedTests/DESDFClockTest.xml
==== Contents of test case:

	    # FIXME: we should use $relativeFilename here, but it
	    # might have backslashes under Windows, which causes no end
	    # of trouble.
	    createAndExecute $file
	    list {}
	
.... Test generated KNOWN error:
    while executing
ptolemy.kernel.util.IllegalActionException: Actor is not ready to fire.  Perhaps UpSample.prefire() returned false? Try debugging the actor by selecting "Listen to Actor".  Also, for SDF check moml for tokenConsumptionRate on input.
  in .DESDFClockTest.Play Bell.Copy1:SDF Director and .DESDFClockTest.Play Bell.UpSample
	at ptolemy.actor.sched.StaticSchedulingDirector.fire(StaticSchedulingDirector.java:227)
	at ptolemy.domains.sdf.kernel.SDFDirector.fire(SDFDirector.java:500)
	at ptolemy.actor.CompositeActor.fire(CompositeActor.java:455)
	at ptolemy.domains.de.kernel.DEDirector._fire(DEDirector.java:1949)
	at ptolemy.domains.de.kernel.DEDirector.fire(DEDirector.java:502)
	at ptolemy.actor.CompositeActor.fire(CompositeActor.java:455)
	at ptolemy.actor.Manager.iterate(Manager.java:851)
	at ptolemy.actor.Manager.execute(Manager.java:369)
	at ptolemy.actor.Manager.run(Manager.java:1263)
	at ptolemy.actor.Manager$PtolemyRunThread.run(Manager.java:1933)

    while executing
ptolemy.kernel.util.IllegalActionException: Actor is not ready to fire.  Perhaps UpSample.prefire() returned false? Try debugging the actor by selecting "Listen to Actor".  Also, for SDF check moml for tokenConsumptionRate on input.
  in .DESDFClockTest.Play Bell.Copy1:SDF Director and .DESDFClockTest.Play Bell.UpSample
    while executing
"java::new ptolemy.moml.MoMLSimpleApplication $file
"
    (procedure "createAndExecute" line 2)
    invoked from within
"createAndExecute $file"
    ("uplevel" body line 5)
    invoked from within
"uplevel $contents_of_test"
------------------ testing $PTII/ptolemy/domains/de/test/auto/ActorDepthCalculation_actorWithoutPorts.xml
auto.tcl: Setting watchdog for 200 seconds at Tue Jun 16 14:41:33 UTC 2020
12 ms. Memory: 129024K Free: 98904K (77%)
ptolemy.util.test.WatchDog.cancel(): canceling Tue Jun 16 14:41:33 UTC 2020
auto.tcl: Setting watchdog for 200 seconds at Tue Jun 16 14:41:33 UTC 2020
5 ms. Memory: 129024K Free: 97674K (76%)
ptolemy.util.test.WatchDog.cancel(): canceling Tue Jun 16 14:41:33 UTC 2020
------------------ testing $PTII/ptolemy/domains/de/test/auto/AssemblyLine.xml
auto.tcl: Setting watchdog for 200 seconds at Tue Jun 16 14:41:33 UTC 2020
29 ms. Memory: 51200K Free: 27482K (54%)
ptolemy.util.test.WatchDog.cancel(): canceling Tue Jun 16 14:41:34 UTC 2020
auto.tcl: Setting watchdog for 200 seconds at Tue Jun 16 14:41:34 UTC 2020
11 ms. Memory: 51200K Free: 27015K (53%)
ptolemy.util.test.WatchDog.cancel(): canceling Tue Jun 16 14:41:34 UTC 2020
------------------ testing $PTII/ptolemy/domains/de/test/auto/CQBug1.xml
auto.tcl: Setting watchdog for 200 seconds at Tue Jun 16 14:41:34 UTC 2020
3 ms. Memory: 51200K Free: 33230K (65%)
ptolemy.util.test.WatchDog.cancel(): canceling Tue Jun 16 14:41:34 UTC 2020
auto.tcl: Setting watchdog for 200 seconds at Tue Jun 16 14:41:34 UTC 2020
2 ms. Memory: 51200K Free: 33230K (65%)
ptolemy.util.test.WatchDog.cancel(): canceling Tue Jun 16 14:41:34 UTC 2020
------------------ testing $PTII/ptolemy/domains/de/test/auto/CancelFireAt.xml
auto.tcl: Setting watchdog for 200 seconds at Tue Jun 16 14:41:34 UTC 2020
6 ms. Memory: 51200K Free: 34455K (67%)
ptolemy.util.test.WatchDog.cancel(): canceling Tue Jun 16 14:41:34 UTC 2020
auto.tcl: Setting watchdog for 200 seconds at Tue Jun 16 14:41:34 UTC 2020
2 ms. Memory: 51200K Free: 33996K (66%)
ptolemy.util.test.WatchDog.cancel(): canceling Tue Jun 16 14:41:34 UTC 2020
------------------ testing $PTII/ptolemy/domains/de/test/auto/CausalityAndComposabilityAnalysis.xml
auto.tcl: Setting watchdog for 200 seconds at Tue Jun 16 14:41:34 UTC 2020
6 ms. Memory: 51200K Free: 32595K (64%)
ptolemy.util.test.WatchDog.cancel(): canceling Tue Jun 16 14:41:34 UTC 2020
auto.tcl: Setting watchdog for 200 seconds at Tue Jun 16 14:41:34 UTC 2020
9 ms. Memory: 51200K Free: 31952K (62%)
ptolemy.util.test.WatchDog.cancel(): canceling Tue Jun 16 14:41:34 UTC 2020
------------------ testing $PTII/ptolemy/domains/de/test/auto/CausalityInterface1.xml
auto.tcl: Setting watchdog for 200 seconds at Tue Jun 16 14:41:34 UTC 2020
23 ms. Memory: 51200K Free: 31378K (61%)
ptolemy.util.test.WatchDog.cancel(): canceling Tue Jun 16 14:41:34 UTC 2020
auto.tcl: Setting watchdog for 200 seconds at Tue Jun 16 14:41:34 UTC 2020
4 ms. Memory: 51200K Free: 30403K (59%)
ptolemy.util.test.WatchDog.cancel(): canceling Tue Jun 16 14:41:34 UTC 2020
------------------ testing $PTII/ptolemy/domains/de/test/auto/CausalityInterface15.xml
auto.tcl: Setting watchdog for 200 seconds at Tue Jun 16 14:41:34 UTC 2020
7 ms. Memory: 51200K Free: 31551K (62%)
ptolemy.util.test.WatchDog.cancel(): canceling Tue Jun 16 14:41:34 UTC 2020
auto.tcl: Setting watchdog for 200 seconds at Tue Jun 16 14:41:34 UTC 2020
6 ms. Memory: 51200K Free: 30350K (59%)
ptolemy.util.test.WatchDog.cancel(): canceling Tue Jun 16 14:41:34 UTC 2020
------------------ testing $PTII/ptolemy/domains/de/test/auto/CausalityInterface2.xml
auto.tcl: Setting watchdog for 200 seconds at Tue Jun 16 14:41:34 UTC 2020
4 ms. Memory: 51200K Free: 31927K (62%)
ptolemy.util.test.WatchDog.cancel(): canceling Tue Jun 16 14:41:34 UTC 2020
auto.tcl: Setting watchdog for 200 seconds at Tue Jun 16 14:41:34 UTC 2020
6 ms. Memory: 51200K Free: 31254K (61%)
ptolemy.util.test.WatchDog.cancel(): canceling Tue Jun 16 14:41:34 UTC 2020
------------------ testing $PTII/ptolemy/domains/de/test/auto/CausalityInterface3.xml
auto.tcl: Setting watchdog for 200 seconds at Tue Jun 16 14:41:34 UTC 2020
8 ms. Memory: 51200K Free: 31209K (61%)
ptolemy.util.test.WatchDog.cancel(): canceling Tue Jun 16 14:41:34 UTC 2020
auto.tcl: Setting watchdog for 200 seconds at Tue Jun 16 14:41:34 UTC 2020
3 ms. Memory: 51200K Free: 30713K (60%)
ptolemy.util.test.WatchDog.cancel(): canceling Tue Jun 16 14:41:34 UTC 2020
------------------ testing $PTII/ptolemy/domains/de/test/auto/ClockDrift.xml
auto.tcl: Setting watchdog for 200 seconds at Tue Jun 16 14:41:34 UTC 2020
78 ms. Memory: 51200K Free: 24023K (47%)
ptolemy.util.test.WatchDog.cancel(): canceling Tue Jun 16 14:41:34 UTC 2020
auto.tcl: Setting watchdog for 200 seconds at Tue Jun 16 14:41:34 UTC 2020
33 ms. Memory: 51200K Free: 21016K (41%)
ptolemy.util.test.WatchDog.cancel(): canceling Tue Jun 16 14:41:34 UTC 2020
------------------ testing $PTII/ptolemy/domains/de/test/auto/ClockDriftAndValueChange.xml
auto.tcl: Setting watchdog for 200 seconds at Tue Jun 16 14:41:34 UTC 2020
35 ms. Memory: 51200K Free: 23866K (47%)
ptolemy.util.test.WatchDog.cancel(): canceling Tue Jun 16 14:41:35 UTC 2020
auto.tcl: Setting watchdog for 200 seconds at Tue Jun 16 14:41:35 UTC 2020
29 ms. Memory: 51200K Free: 20879K (41%)
ptolemy.util.test.WatchDog.cancel(): canceling Tue Jun 16 14:41:35 UTC 2020
------------------ testing $PTII/ptolemy/domains/de/test/auto/ClockDriftChange.xml
auto.tcl: Setting watchdog for 200 seconds at Tue Jun 16 14:41:35 UTC 2020
20 ms. Memory: 51200K Free: 25936K (51%)
ptolemy.util.test.WatchDog.cancel(): canceling Tue Jun 16 14:41:35 UTC 2020
auto.tcl: Setting watchdog for 200 seconds at Tue Jun 16 14:41:35 UTC 2020
29 ms. Memory: 51200K Free: 23378K (46%)
ptolemy.util.test.WatchDog.cancel(): canceling Tue Jun 16 14:41:35 UTC 2020
------------------ testing $PTII/ptolemy/domains/de/test/auto/ComposableCausalityAnalysis.xml
auto.tcl: Setting watchdog for 200 seconds at Tue Jun 16 14:41:35 UTC 2020
2 ms. Memory: 51200K Free: 30782K (60%)
ptolemy.util.test.WatchDog.cancel(): canceling Tue Jun 16 14:41:35 UTC 2020
auto.tcl: Setting watchdog for 200 seconds at Tue Jun 16 14:41:35 UTC 2020
4 ms. Memory: 51200K Free: 29758K (58%)
ptolemy.util.test.WatchDog.cancel(): canceling Tue Jun 16 14:41:35 UTC 2020
------------------ testing $PTII/ptolemy/domains/de/test/auto/DEFixedPointLimitation.xml
auto.tcl: Setting watchdog for 200 seconds at Tue Jun 16 14:41:35 UTC 2020
2 ms. Memory: 51200K Free: 32120K (63%)
ptolemy.util.test.WatchDog.cancel(): canceling Tue Jun 16 14:41:35 UTC 2020
auto.tcl: Setting watchdog for 200 seconds at Tue Jun 16 14:41:35 UTC 2020
1 ms. Memory: 51200K Free: 31268K (61%)
ptolemy.util.test.WatchDog.cancel(): canceling Tue Jun 16 14:41:35 UTC 2020
------------------ testing $PTII/ptolemy/domains/de/test/auto/DEScheduleTest.xml
auto.tcl: Setting watchdog for 200 seconds at Tue Jun 16 14:41:35 UTC 2020
4 ms. Memory: 51200K Free: 32489K (63%)
ptolemy.util.test.WatchDog.cancel(): canceling Tue Jun 16 14:41:35 UTC 2020
auto.tcl: Setting watchdog for 200 seconds at Tue Jun 16 14:41:35 UTC 2020
2 ms. Memory: 51200K Free: 31723K (62%)
ptolemy.util.test.WatchDog.cancel(): canceling Tue Jun 16 14:41:35 UTC 2020
------------------ testing $PTII/ptolemy/domains/de/test/auto/DEinDEwithStartTimes.xml
auto.tcl: Setting watchdog for 200 seconds at Tue Jun 16 14:41:35 UTC 2020
3 ms. Memory: 51200K Free: 30650K (60%)
ptolemy.util.test.WatchDog.cancel(): canceling Tue Jun 16 14:41:35 UTC 2020
auto.tcl: Setting watchdog for 200 seconds at Tue Jun 16 14:41:35 UTC 2020
3 ms. Memory: 51200K Free: 29626K (58%)
ptolemy.util.test.WatchDog.cancel(): canceling Tue Jun 16 14:41:35 UTC 2020
------------------ testing $PTII/ptolemy/domains/de/test/auto/DEinDEwithStartTimes2.xml
auto.tcl: Setting watchdog for 200 seconds at Tue Jun 16 14:41:35 UTC 2020
8 ms. Memory: 51200K Free: 29813K (58%)
ptolemy.util.test.WatchDog.cancel(): canceling Tue Jun 16 14:41:35 UTC 2020
auto.tcl: Setting watchdog for 200 seconds at Tue Jun 16 14:41:35 UTC 2020
4 ms. Memory: 51200K Free: 28582K (56%)
ptolemy.util.test.WatchDog.cancel(): canceling Tue Jun 16 14:41:35 UTC 2020
------------------ testing $PTII/ptolemy/domains/de/test/auto/DateDemo.xml
auto.tcl: Setting watchdog for 200 seconds at Tue Jun 16 14:41:35 UTC 2020
18 ms. Memory: 51200K Free: 24193K (47%)
ptolemy.util.test.WatchDog.cancel(): canceling Tue Jun 16 14:41:35 UTC 2020
auto.tcl: Setting watchdog for 200 seconds at Tue Jun 16 14:41:35 UTC 2020
9 ms. Memory: 51200K Free: 22557K (44%)
ptolemy.util.test.WatchDog.cancel(): canceling Tue Jun 16 14:41:35 UTC 2020
------------------ testing $PTII/ptolemy/domains/de/test/auto/DateToEvent.xml
auto.tcl: Setting watchdog for 200 seconds at Tue Jun 16 14:41:35 UTC 2020
2013 ms. Memory: 51200K Free: 20143K (39%)
ptolemy.util.test.WatchDog.cancel(): canceling Tue Jun 16 14:41:37 UTC 2020
auto.tcl: Setting watchdog for 200 seconds at Tue Jun 16 14:41:37 UTC 2020
2005 ms. Memory: 51200K Free: 19245K (38%)
ptolemy.util.test.WatchDog.cancel(): canceling Tue Jun 16 14:41:39 UTC 2020
------------------ testing $PTII/ptolemy/domains/de/test/auto/DepthTest1.xml
auto.tcl: Setting watchdog for 200 seconds at Tue Jun 16 14:41:39 UTC 2020
3 ms. Memory: 51200K Free: 32989K (64%)
ptolemy.util.test.WatchDog.cancel(): canceling Tue Jun 16 14:41:39 UTC 2020
auto.tcl: Setting watchdog for 200 seconds at Tue Jun 16 14:41:39 UTC 2020
2 ms. Memory: 51200K Free: 32501K (63%)
ptolemy.util.test.WatchDog.cancel(): canceling Tue Jun 16 14:41:39 UTC 2020
------------------ testing $PTII/ptolemy/domains/de/test/auto/DepthTest2.xml
auto.tcl: Setting watchdog for 200 seconds at Tue Jun 16 14:41:39 UTC 2020
4 ms. Memory: 51200K Free: 29799K (58%)
ptolemy.util.test.WatchDog.cancel(): canceling Tue Jun 16 14:41:39 UTC 2020
auto.tcl: Setting watchdog for 200 seconds at Tue Jun 16 14:41:39 UTC 2020
3 ms. Memory: 51200K Free: 29361K (57%)
ptolemy.util.test.WatchDog.cancel(): canceling Tue Jun 16 14:41:40 UTC 2020
------------------ testing $PTII/ptolemy/domains/de/test/auto/DepthTest3.xml
auto.tcl: Setting watchdog for 200 seconds at Tue Jun 16 14:41:40 UTC 2020
2 ms. Memory: 51200K Free: 33317K (65%)
ptolemy.util.test.WatchDog.cancel(): canceling Tue Jun 16 14:41:40 UTC 2020
auto.tcl: Setting watchdog for 200 seconds at Tue Jun 16 14:41:40 UTC 2020
2 ms. Memory: 51200K Free: 32829K (64%)
ptolemy.util.test.WatchDog.cancel(): canceling Tue Jun 16 14:41:40 UTC 2020
------------------ testing $PTII/ptolemy/domains/de/test/auto/DepthTest4.xml
auto.tcl: Setting watchdog for 200 seconds at Tue Jun 16 14:41:40 UTC 2020
3 ms. Memory: 51200K Free: 31063K (61%)
ptolemy.util.test.WatchDog.cancel(): canceling Tue Jun 16 14:41:40 UTC 2020
auto.tcl: Setting watchdog for 200 seconds at Tue Jun 16 14:41:40 UTC 2020
2 ms. Memory: 51200K Free: 30616K (60%)
ptolemy.util.test.WatchDog.cancel(): canceling Tue Jun 16 14:41:40 UTC 2020
------------------ testing $PTII/ptolemy/domains/de/test/auto/DepthTest5.xml
auto.tcl: Setting watchdog for 200 seconds at Tue Jun 16 14:41:40 UTC 2020
6 ms. Memory: 51200K Free: 31027K (61%)
ptolemy.util.test.WatchDog.cancel(): canceling Tue Jun 16 14:41:40 UTC 2020
auto.tcl: Setting watchdog for 200 seconds at Tue Jun 16 14:41:40 UTC 2020
3 ms. Memory: 51200K Free: 30261K (59%)
ptolemy.util.test.WatchDog.cancel(): canceling Tue Jun 16 14:41:40 UTC 2020
------------------ testing $PTII/ptolemy/domains/de/test/auto/DepthTest6.xml
auto.tcl: Setting watchdog for 200 seconds at Tue Jun 16 14:41:40 UTC 2020
5 ms. Memory: 51200K Free: 30711K (60%)
ptolemy.util.test.WatchDog.cancel(): canceling Tue Jun 16 14:41:40 UTC 2020
auto.tcl: Setting watchdog for 200 seconds at Tue Jun 16 14:41:40 UTC 2020
3 ms. Memory: 51200K Free: 30256K (59%)
ptolemy.util.test.WatchDog.cancel(): canceling Tue Jun 16 14:41:40 UTC 2020
------------------ testing $PTII/ptolemy/domains/de/test/auto/DepthTest7.xml
auto.tcl: Setting watchdog for 200 seconds at Tue Jun 16 14:41:40 UTC 2020
2 ms. Memory: 51200K Free: 31473K (61%)
ptolemy.util.test.WatchDog.cancel(): canceling Tue Jun 16 14:41:40 UTC 2020
auto.tcl: Setting watchdog for 200 seconds at Tue Jun 16 14:41:40 UTC 2020
2 ms. Memory: 51200K Free: 30819K (60%)
ptolemy.util.test.WatchDog.cancel(): canceling Tue Jun 16 14:41:40 UTC 2020
------------------ testing $PTII/ptolemy/domains/de/test/auto/EventToDate.xml
auto.tcl: Setting watchdog for 200 seconds at Tue Jun 16 14:41:40 UTC 2020
3007 ms. Memory: 51200K Free: 22257K (43%)
ptolemy.util.test.WatchDog.cancel(): canceling Tue Jun 16 14:41:43 UTC 2020
auto.tcl: Setting watchdog for 200 seconds at Tue Jun 16 14:41:43 UTC 2020
3006 ms. Memory: 51200K Free: 21606K (42%)
ptolemy.util.test.WatchDog.cancel(): canceling Tue Jun 16 14:41:46 UTC 2020
------------------ testing $PTII/ptolemy/domains/de/test/auto/FSM1.xml
auto.tcl: Setting watchdog for 200 seconds at Tue Jun 16 14:41:46 UTC 2020
37 ms. Memory: 51200K Free: 23051K (45%)
ptolemy.util.test.WatchDog.cancel(): canceling Tue Jun 16 14:41:46 UTC 2020
auto.tcl: Setting watchdog for 200 seconds at Tue Jun 16 14:41:46 UTC 2020
22 ms. Memory: 51200K Free: 19842K (39%)
ptolemy.util.test.WatchDog.cancel(): canceling Tue Jun 16 14:41:46 UTC 2020
------------------ testing $PTII/ptolemy/domains/de/test/auto/FSM7.xml
auto.tcl: Setting watchdog for 200 seconds at Tue Jun 16 14:41:46 UTC 2020
26 ms. Memory: 51200K Free: 23196K (45%)
ptolemy.util.test.WatchDog.cancel(): canceling Tue Jun 16 14:41:46 UTC 2020
auto.tcl: Setting watchdog for 200 seconds at Tue Jun 16 14:41:46 UTC 2020
26 ms. Memory: 51200K Free: 20061K (39%)
ptolemy.util.test.WatchDog.cancel(): canceling Tue Jun 16 14:41:46 UTC 2020
------------------ testing $PTII/ptolemy/domains/de/test/auto/Inspection.xml
auto.tcl: Setting watchdog for 200 seconds at Tue Jun 16 14:41:46 UTC 2020
30 ms. Memory: 51200K Free: 23222K (45%)
ptolemy.util.test.WatchDog.cancel(): canceling Tue Jun 16 14:41:46 UTC 2020
auto.tcl: Setting watchdog for 200 seconds at Tue Jun 16 14:41:46 UTC 2020
14 ms. Memory: 51200K Free: 21523K (42%)
ptolemy.util.test.WatchDog.cancel(): canceling Tue Jun 16 14:41:46 UTC 2020
------------------ testing $PTII/ptolemy/domains/de/test/auto/Iteration.xml
auto.tcl: Setting watchdog for 200 seconds at Tue Jun 16 14:41:46 UTC 2020
6 ms. Memory: 51200K Free: 28768K (56%)
ptolemy.util.test.WatchDog.cancel(): canceling Tue Jun 16 14:41:46 UTC 2020
auto.tcl: Setting watchdog for 200 seconds at Tue Jun 16 14:41:46 UTC 2020
6 ms. Memory: 51200K Free: 27584K (54%)
ptolemy.util.test.WatchDog.cancel(): canceling Tue Jun 16 14:41:46 UTC 2020
------------------ testing $PTII/ptolemy/domains/de/test/auto/LineFault.xml
auto.tcl: Setting watchdog for 200 seconds at Tue Jun 16 14:41:46 UTC 2020
521 ms. Memory: 51200K Free: 13011K (25%)
ptolemy.util.test.WatchDog.cancel(): canceling Tue Jun 16 14:41:47 UTC 2020
auto.tcl: Setting watchdog for 200 seconds at Tue Jun 16 14:41:47 UTC 2020
480 ms. Memory: 62464K Free: 37500K (60%)
ptolemy.util.test.WatchDog.cancel(): canceling Tue Jun 16 14:41:48 UTC 2020
------------------ testing $PTII/ptolemy/domains/de/test/auto/MergeModel1Add.xml
auto.tcl: Setting watchdog for 200 seconds at Tue Jun 16 14:41:48 UTC 2020
19 ms. Memory: 58368K Free: 22172K (38%)
ptolemy.util.test.WatchDog.cancel(): canceling Tue Jun 16 14:41:48 UTC 2020
auto.tcl: Setting watchdog for 200 seconds at Tue Jun 16 14:41:48 UTC 2020
10 ms. Memory: 58368K Free: 20566K (35%)
ptolemy.util.test.WatchDog.cancel(): canceling Tue Jun 16 14:41:48 UTC 2020
------------------ testing $PTII/ptolemy/domains/de/test/auto/MergeModel2Add.xml
auto.tcl: Setting watchdog for 200 seconds at Tue Jun 16 14:41:48 UTC 2020
10 ms. Memory: 58368K Free: 24186K (41%)
ptolemy.util.test.WatchDog.cancel(): canceling Tue Jun 16 14:41:48 UTC 2020
auto.tcl: Setting watchdog for 200 seconds at Tue Jun 16 14:41:48 UTC 2020
8 ms. Memory: 58368K Free: 22262K (38%)
ptolemy.util.test.WatchDog.cancel(): canceling Tue Jun 16 14:41:48 UTC 2020
------------------ testing $PTII/ptolemy/domains/de/test/auto/MergeModel3Add.xml
auto.tcl: Setting watchdog for 200 seconds at Tue Jun 16 14:41:48 UTC 2020
9 ms. Memory: 55296K Free: 21151K (38%)
ptolemy.util.test.WatchDog.cancel(): canceling Tue Jun 16 14:41:48 UTC 2020
auto.tcl: Setting watchdog for 200 seconds at Tue Jun 16 14:41:48 UTC 2020
10 ms. Memory: 55296K Free: 19647K (36%)
ptolemy.util.test.WatchDog.cancel(): canceling Tue Jun 16 14:41:48 UTC 2020
------------------ testing $PTII/ptolemy/domains/de/test/auto/MergeWithoutDiscard.xml
auto.tcl: Setting watchdog for 200 seconds at Tue Jun 16 14:41:48 UTC 2020
2 ms. Memory: 55296K Free: 36029K (65%)
ptolemy.util.test.WatchDog.cancel(): canceling Tue Jun 16 14:41:48 UTC 2020
auto.tcl: Setting watchdog for 200 seconds at Tue Jun 16 14:41:48 UTC 2020
1 ms. Memory: 55296K Free: 35143K (64%)
ptolemy.util.test.WatchDog.cancel(): canceling Tue Jun 16 14:41:48 UTC 2020
------------------ testing $PTII/ptolemy/domains/de/test/auto/Modal1.xml
auto.tcl: Setting watchdog for 200 seconds at Tue Jun 16 14:41:48 UTC 2020
12 ms. Memory: 55296K Free: 27633K (50%)
ptolemy.util.test.WatchDog.cancel(): canceling Tue Jun 16 14:41:48 UTC 2020
auto.tcl: Setting watchdog for 200 seconds at Tue Jun 16 14:41:48 UTC 2020
13 ms. Memory: 55296K Free: 24159K (44%)
ptolemy.util.test.WatchDog.cancel(): canceling Tue Jun 16 14:41:48 UTC 2020
------------------ testing $PTII/ptolemy/domains/de/test/auto/Modal2.xml
auto.tcl: Setting watchdog for 200 seconds at Tue Jun 16 14:41:48 UTC 2020
15 ms. Memory: 55296K Free: 27766K (50%)
ptolemy.util.test.WatchDog.cancel(): canceling Tue Jun 16 14:41:48 UTC 2020
auto.tcl: Setting watchdog for 200 seconds at Tue Jun 16 14:41:48 UTC 2020
23 ms. Memory: 55296K Free: 24528K (44%)
ptolemy.util.test.WatchDog.cancel(): canceling Tue Jun 16 14:41:48 UTC 2020
------------------ testing $PTII/ptolemy/domains/de/test/auto/Modal3.xml
auto.tcl: Setting watchdog for 200 seconds at Tue Jun 16 14:41:48 UTC 2020
11 ms. Memory: 55296K Free: 27727K (50%)
ptolemy.util.test.WatchDog.cancel(): canceling Tue Jun 16 14:41:48 UTC 2020
auto.tcl: Setting watchdog for 200 seconds at Tue Jun 16 14:41:48 UTC 2020
11 ms. Memory: 55296K Free: 24102K (44%)
ptolemy.util.test.WatchDog.cancel(): canceling Tue Jun 16 14:41:48 UTC 2020
------------------ testing $PTII/ptolemy/domains/de/test/auto/Modal4.xml
auto.tcl: Setting watchdog for 200 seconds at Tue Jun 16 14:41:49 UTC 2020
18 ms. Memory: 55296K Free: 26707K (48%)
ptolemy.util.test.WatchDog.cancel(): canceling Tue Jun 16 14:41:49 UTC 2020
auto.tcl: Setting watchdog for 200 seconds at Tue Jun 16 14:41:49 UTC 2020
15 ms. Memory: 55296K Free: 22899K (41%)
ptolemy.util.test.WatchDog.cancel(): canceling Tue Jun 16 14:41:49 UTC 2020
------------------ testing $PTII/ptolemy/domains/de/test/auto/Modal5.xml
auto.tcl: Setting watchdog for 200 seconds at Tue Jun 16 14:41:49 UTC 2020
12 ms. Memory: 55296K Free: 26709K (48%)
ptolemy.util.test.WatchDog.cancel(): canceling Tue Jun 16 14:41:49 UTC 2020
auto.tcl: Setting watchdog for 200 seconds at Tue Jun 16 14:41:49 UTC 2020
14 ms. Memory: 55296K Free: 22885K (41%)
ptolemy.util.test.WatchDog.cancel(): canceling Tue Jun 16 14:41:49 UTC 2020
------------------ testing $PTII/ptolemy/domains/de/test/auto/Modal6.xml
auto.tcl: Setting watchdog for 200 seconds at Tue Jun 16 14:41:49 UTC 2020
12 ms. Memory: 55296K Free: 27475K (50%)
ptolemy.util.test.WatchDog.cancel(): canceling Tue Jun 16 14:41:49 UTC 2020
auto.tcl: Setting watchdog for 200 seconds at Tue Jun 16 14:41:49 UTC 2020
14 ms. Memory: 55296K Free: 23905K (43%)
ptolemy.util.test.WatchDog.cancel(): canceling Tue Jun 16 14:41:49 UTC 2020
------------------ testing $PTII/ptolemy/domains/de/test/auto/Modal7.xml
auto.tcl: Setting watchdog for 200 seconds at Tue Jun 16 14:41:49 UTC 2020
16 ms. Memory: 55296K Free: 26452K (48%)
ptolemy.util.test.WatchDog.cancel(): canceling Tue Jun 16 14:41:49 UTC 2020
auto.tcl: Setting watchdog for 200 seconds at Tue Jun 16 14:41:49 UTC 2020
10 ms. Memory: 55296K Free: 22884K (41%)
ptolemy.util.test.WatchDog.cancel(): canceling Tue Jun 16 14:41:49 UTC 2020
------------------ testing $PTII/ptolemy/domains/de/test/auto/ModalModel.xml
auto.tcl: Setting watchdog for 200 seconds at Tue Jun 16 14:41:49 UTC 2020
218 ms. Memory: 55296K Free: 19990K (36%)
ptolemy.util.test.WatchDog.cancel(): canceling Tue Jun 16 14:41:49 UTC 2020
auto.tcl: Setting watchdog for 200 seconds at Tue Jun 16 14:41:49 UTC 2020
202 ms. Memory: 66560K Free: 24608K (37%)
ptolemy.util.test.WatchDog.cancel(): canceling Tue Jun 16 14:41:49 UTC 2020
------------------ testing $PTII/ptolemy/domains/de/test/auto/ModalSource.xml
auto.tcl: Setting watchdog for 200 seconds at Tue Jun 16 14:41:50 UTC 2020
7 ms. Memory: 55296K Free: 31558K (57%)
ptolemy.util.test.WatchDog.cancel(): canceling Tue Jun 16 14:41:50 UTC 2020
auto.tcl: Setting watchdog for 200 seconds at Tue Jun 16 14:41:50 UTC 2020
6 ms. Memory: 55296K Free: 29510K (53%)
ptolemy.util.test.WatchDog.cancel(): canceling Tue Jun 16 14:41:50 UTC 2020
------------------ testing $PTII/ptolemy/domains/de/test/auto/NonInterruptibleTimerZeroDelay.xml
auto.tcl: Setting watchdog for 200 seconds at Tue Jun 16 14:41:50 UTC 2020
3 ms. Memory: 51200K Free: 32614K (64%)
ptolemy.util.test.WatchDog.cancel(): canceling Tue Jun 16 14:41:50 UTC 2020
auto.tcl: Setting watchdog for 200 seconds at Tue Jun 16 14:41:50 UTC 2020
2 ms. Memory: 51200K Free: 31743K (62%)
ptolemy.util.test.WatchDog.cancel(): canceling Tue Jun 16 14:41:50 UTC 2020
------------------ testing $PTII/ptolemy/domains/de/test/auto/OpenQueueingNetwork.xml
auto.tcl: Setting watchdog for 200 seconds at Tue Jun 16 14:41:50 UTC 2020
2700 ms. Memory: 120832K Free: 57072K (47%)
ptolemy.util.test.WatchDog.cancel(): canceling Tue Jun 16 14:41:52 UTC 2020
auto.tcl: Setting watchdog for 200 seconds at Tue Jun 16 14:41:52 UTC 2020
2432 ms. Memory: 145408K Free: 50938K (35%)
ptolemy.util.test.WatchDog.cancel(): canceling Tue Jun 16 14:41:55 UTC 2020
------------------ testing $PTII/ptolemy/domains/de/test/auto/OpenQueuingNetwork.xml
auto.tcl: Setting watchdog for 200 seconds at Tue Jun 16 14:41:55 UTC 2020
239 ms. Memory: 58368K Free: 32045K (55%)
ptolemy.util.test.WatchDog.cancel(): canceling Tue Jun 16 14:41:55 UTC 2020
auto.tcl: Setting watchdog for 200 seconds at Tue Jun 16 14:41:55 UTC 2020
218 ms. Memory: 58368K Free: 13616K (23%)
ptolemy.util.test.WatchDog.cancel(): canceling Tue Jun 16 14:41:55 UTC 2020
------------------ testing $PTII/ptolemy/domains/de/test/auto/PeriodicSampler.xml
auto.tcl: Setting watchdog for 200 seconds at Tue Jun 16 14:41:56 UTC 2020
3 ms. Memory: 55296K Free: 35693K (65%)
ptolemy.util.test.WatchDog.cancel(): canceling Tue Jun 16 14:41:56 UTC 2020
auto.tcl: Setting watchdog for 200 seconds at Tue Jun 16 14:41:56 UTC 2020
2 ms. Memory: 55296K Free: 35173K (64%)
ptolemy.util.test.WatchDog.cancel(): canceling Tue Jun 16 14:41:56 UTC 2020
------------------ testing $PTII/ptolemy/domains/de/test/auto/PersistentIO.xml
auto.tcl: Setting watchdog for 200 seconds at Tue Jun 16 14:41:56 UTC 2020
11 ms. Memory: 51200K Free: 26521K (52%)
ptolemy.util.test.WatchDog.cancel(): canceling Tue Jun 16 14:41:56 UTC 2020
auto.tcl: Setting watchdog for 200 seconds at Tue Jun 16 14:41:56 UTC 2020
5 ms. Memory: 51200K Free: 25001K (49%)
ptolemy.util.test.WatchDog.cancel(): canceling Tue Jun 16 14:41:56 UTC 2020
------------------ testing $PTII/ptolemy/domains/de/test/auto/PortParameterResetOnInitialize.xml
auto.tcl: Setting watchdog for 200 seconds at Tue Jun 16 14:41:56 UTC 2020
8 ms. Memory: 51200K Free: 31519K (62%)
ptolemy.util.test.WatchDog.cancel(): canceling Tue Jun 16 14:41:56 UTC 2020
auto.tcl: Setting watchdog for 200 seconds at Tue Jun 16 14:41:56 UTC 2020
2 ms. Memory: 51200K Free: 31011K (61%)
ptolemy.util.test.WatchDog.cancel(): canceling Tue Jun 16 14:41:56 UTC 2020
------------------ testing $PTII/ptolemy/domains/de/test/auto/PortParameterUpdates.xml
auto.tcl: Setting watchdog for 200 seconds at Tue Jun 16 14:41:56 UTC 2020
5 ms. Memory: 51200K Free: 29815K (58%)
ptolemy.util.test.WatchDog.cancel(): canceling Tue Jun 16 14:41:56 UTC 2020
auto.tcl: Setting watchdog for 200 seconds at Tue Jun 16 14:41:56 UTC 2020
4 ms. Memory: 51200K Free: 28577K (56%)
ptolemy.util.test.WatchDog.cancel(): canceling Tue Jun 16 14:41:56 UTC 2020
------------------ testing $PTII/ptolemy/domains/de/test/auto/QueueAndServer.xml
auto.tcl: Setting watchdog for 200 seconds at Tue Jun 16 14:41:56 UTC 2020
13 ms. Memory: 51200K Free: 28482K (56%)
ptolemy.util.test.WatchDog.cancel(): canceling Tue Jun 16 14:41:56 UTC 2020
auto.tcl: Setting watchdog for 200 seconds at Tue Jun 16 14:41:56 UTC 2020
8 ms. Memory: 51200K Free: 27010K (53%)
ptolemy.util.test.WatchDog.cancel(): canceling Tue Jun 16 14:41:56 UTC 2020
------------------ testing $PTII/ptolemy/domains/de/test/auto/Records.xml
auto.tcl: Setting watchdog for 200 seconds at Tue Jun 16 14:41:56 UTC 2020
4 ms. Memory: 51200K Free: 30758K (60%)
ptolemy.util.test.WatchDog.cancel(): canceling Tue Jun 16 14:41:56 UTC 2020
auto.tcl: Setting watchdog for 200 seconds at Tue Jun 16 14:41:56 UTC 2020
2 ms. Memory: 51200K Free: 30246K (59%)
ptolemy.util.test.WatchDog.cancel(): canceling Tue Jun 16 14:41:56 UTC 2020
------------------ testing $PTII/ptolemy/domains/de/test/auto/ResetTransitionWithStartTime1.xml
auto.tcl: Setting watchdog for 200 seconds at Tue Jun 16 14:41:56 UTC 2020
10 ms. Memory: 51200K Free: 28004K (55%)
ptolemy.util.test.WatchDog.cancel(): canceling Tue Jun 16 14:41:56 UTC 2020
auto.tcl: Setting watchdog for 200 seconds at Tue Jun 16 14:41:56 UTC 2020
6 ms. Memory: 51200K Free: 25956K (51%)
ptolemy.util.test.WatchDog.cancel(): canceling Tue Jun 16 14:41:56 UTC 2020
------------------ testing $PTII/ptolemy/domains/de/test/auto/ResetTransitionWithStartTime2.xml
auto.tcl: Setting watchdog for 200 seconds at Tue Jun 16 14:41:56 UTC 2020
7 ms. Memory: 51200K Free: 27959K (55%)
ptolemy.util.test.WatchDog.cancel(): canceling Tue Jun 16 14:41:56 UTC 2020
auto.tcl: Setting watchdog for 200 seconds at Tue Jun 16 14:41:56 UTC 2020
8 ms. Memory: 51200K Free: 25397K (50%)
ptolemy.util.test.WatchDog.cancel(): canceling Tue Jun 16 14:41:56 UTC 2020
------------------ testing $PTII/ptolemy/domains/de/test/auto/ResetTransitionWithStartTime3.xml
auto.tcl: Setting watchdog for 200 seconds at Tue Jun 16 14:41:56 UTC 2020
8 ms. Memory: 51200K Free: 27958K (55%)
ptolemy.util.test.WatchDog.cancel(): canceling Tue Jun 16 14:41:56 UTC 2020
auto.tcl: Setting watchdog for 200 seconds at Tue Jun 16 14:41:56 UTC 2020
7 ms. Memory: 51200K Free: 25910K (51%)
ptolemy.util.test.WatchDog.cancel(): canceling Tue Jun 16 14:41:56 UTC 2020
------------------ testing $PTII/ptolemy/domains/de/test/auto/ResetTransitionWithStartTime4.xml
auto.tcl: Setting watchdog for 200 seconds at Tue Jun 16 14:41:56 UTC 2020
13 ms. Memory: 51200K Free: 28405K (55%)
ptolemy.util.test.WatchDog.cancel(): canceling Tue Jun 16 14:41:56 UTC 2020
auto.tcl: Setting watchdog for 200 seconds at Tue Jun 16 14:41:56 UTC 2020
5 ms. Memory: 51200K Free: 26937K (53%)
ptolemy.util.test.WatchDog.cancel(): canceling Tue Jun 16 14:41:56 UTC 2020
------------------ testing $PTII/ptolemy/domains/de/test/auto/ResettableTimer1.xml
auto.tcl: Setting watchdog for 200 seconds at Tue Jun 16 14:41:56 UTC 2020
3 ms. Memory: 51200K Free: 32135K (63%)
ptolemy.util.test.WatchDog.cancel(): canceling Tue Jun 16 14:41:56 UTC 2020
auto.tcl: Setting watchdog for 200 seconds at Tue Jun 16 14:41:56 UTC 2020
3 ms. Memory: 51200K Free: 31503K (62%)
ptolemy.util.test.WatchDog.cancel(): canceling Tue Jun 16 14:41:56 UTC 2020
------------------ testing $PTII/ptolemy/domains/de/test/auto/ResettableTimer2.xml
auto.tcl: Setting watchdog for 200 seconds at Tue Jun 16 14:41:56 UTC 2020
4 ms. Memory: 51200K Free: 32091K (63%)
ptolemy.util.test.WatchDog.cancel(): canceling Tue Jun 16 14:41:56 UTC 2020
auto.tcl: Setting watchdog for 200 seconds at Tue Jun 16 14:41:56 UTC 2020
2 ms. Memory: 51200K Free: 31067K (61%)
ptolemy.util.test.WatchDog.cancel(): canceling Tue Jun 16 14:41:56 UTC 2020
------------------ testing $PTII/ptolemy/domains/de/test/auto/ResettableTimer3.xml
auto.tcl: Setting watchdog for 200 seconds at Tue Jun 16 14:41:56 UTC 2020
1 ms. Memory: 51200K Free: 32090K (63%)
ptolemy.util.test.WatchDog.cancel(): canceling Tue Jun 16 14:41:56 UTC 2020
auto.tcl: Setting watchdog for 200 seconds at Tue Jun 16 14:41:56 UTC 2020
1 ms. Memory: 51200K Free: 32090K (63%)
ptolemy.util.test.WatchDog.cancel(): canceling Tue Jun 16 14:41:56 UTC 2020
------------------ testing $PTII/ptolemy/domains/de/test/auto/ResettableTimer4.xml
auto.tcl: Setting watchdog for 200 seconds at Tue Jun 16 14:41:57 UTC 2020
2 ms. Memory: 51200K Free: 32104K (63%)
ptolemy.util.test.WatchDog.cancel(): canceling Tue Jun 16 14:41:57 UTC 2020
auto.tcl: Setting watchdog for 200 seconds at Tue Jun 16 14:41:57 UTC 2020
1 ms. Memory: 51200K Free: 31602K (62%)
ptolemy.util.test.WatchDog.cancel(): canceling Tue Jun 16 14:41:57 UTC 2020
------------------ testing $PTII/ptolemy/domains/de/test/auto/ResettableTimer5.xml
auto.tcl: Setting watchdog for 200 seconds at Tue Jun 16 14:41:57 UTC 2020
2 ms. Memory: 51200K Free: 31589K (62%)
ptolemy.util.test.WatchDog.cancel(): canceling Tue Jun 16 14:41:57 UTC 2020
auto.tcl: Setting watchdog for 200 seconds at Tue Jun 16 14:41:57 UTC 2020
1 ms. Memory: 51200K Free: 31089K (61%)
ptolemy.util.test.WatchDog.cancel(): canceling Tue Jun 16 14:41:57 UTC 2020
------------------ testing $PTII/ptolemy/domains/de/test/auto/ResettableTimer6.xml
auto.tcl: Setting watchdog for 200 seconds at Tue Jun 16 14:41:57 UTC 2020
1 ms. Memory: 51200K Free: 31579K (62%)
ptolemy.util.test.WatchDog.cancel(): canceling Tue Jun 16 14:41:57 UTC 2020
auto.tcl: Setting watchdog for 200 seconds at Tue Jun 16 14:41:57 UTC 2020
1 ms. Memory: 51200K Free: 31069K (61%)
ptolemy.util.test.WatchDog.cancel(): canceling Tue Jun 16 14:41:57 UTC 2020
------------------ testing $PTII/ptolemy/domains/de/test/auto/ServerZeroDelay.xml
auto.tcl: Setting watchdog for 200 seconds at Tue Jun 16 14:41:57 UTC 2020
4 ms. Memory: 51200K Free: 32083K (63%)
ptolemy.util.test.WatchDog.cancel(): canceling Tue Jun 16 14:41:57 UTC 2020
auto.tcl: Setting watchdog for 200 seconds at Tue Jun 16 14:41:57 UTC 2020
3 ms. Memory: 51200K Free: 31059K (61%)
ptolemy.util.test.WatchDog.cancel(): canceling Tue Jun 16 14:41:57 UTC 2020
------------------ testing $PTII/ptolemy/domains/de/test/auto/SmartSender.xml
auto.tcl: Setting watchdog for 200 seconds at Tue Jun 16 14:41:57 UTC 2020
3001 ms. Memory: 51200K Free: 32077K (63%)
ptolemy.util.test.WatchDog.cancel(): canceling Tue Jun 16 14:42:00 UTC 2020
auto.tcl: Setting watchdog for 200 seconds at Tue Jun 16 14:42:00 UTC 2020
3005 ms. Memory: 51200K Free: 31576K (62%)
ptolemy.util.test.WatchDog.cancel(): canceling Tue Jun 16 14:42:03 UTC 2020
------------------ testing $PTII/ptolemy/domains/de/test/auto/ThreadedComposite.xml
auto.tcl: Setting watchdog for 200 seconds at Tue Jun 16 14:42:03 UTC 2020
239 ms. Memory: 51200K Free: 12636K (25%)
ptolemy.util.test.WatchDog.cancel(): canceling Tue Jun 16 14:42:03 UTC 2020
auto.tcl: Setting watchdog for 200 seconds at Tue Jun 16 14:42:03 UTC 2020
133 ms. Memory: 51200K Free: 27259K (53%)
ptolemy.util.test.WatchDog.cancel(): canceling Tue Jun 16 14:42:03 UTC 2020
------------------ testing $PTII/ptolemy/domains/de/test/auto/Time.xml
auto.tcl: Setting watchdog for 200 seconds at Tue Jun 16 14:42:03 UTC 2020
474 ms. Memory: 51200K Free: 32837K (64%)
ptolemy.util.test.WatchDog.cancel(): canceling Tue Jun 16 14:42:04 UTC 2020
auto.tcl: Setting watchdog for 200 seconds at Tue Jun 16 14:42:04 UTC 2020
456 ms. Memory: 64512K Free: 46511K (72%)
ptolemy.util.test.WatchDog.cancel(): canceling Tue Jun 16 14:42:04 UTC 2020
------------------ testing $PTII/ptolemy/domains/de/test/auto/TimeDelayZeroDelay.xml
auto.tcl: Setting watchdog for 200 seconds at Tue Jun 16 14:42:04 UTC 2020
3 ms. Memory: 51200K Free: 32007K (63%)
ptolemy.util.test.WatchDog.cancel(): canceling Tue Jun 16 14:42:04 UTC 2020
auto.tcl: Setting watchdog for 200 seconds at Tue Jun 16 14:42:04 UTC 2020
2 ms. Memory: 51200K Free: 31539K (62%)
ptolemy.util.test.WatchDog.cancel(): canceling Tue Jun 16 14:42:04 UTC 2020
------------------ testing $PTII/ptolemy/domains/de/test/auto/TimerZeroDelay.xml
auto.tcl: Setting watchdog for 200 seconds at Tue Jun 16 14:42:04 UTC 2020
2 ms. Memory: 51200K Free: 32049K (63%)
ptolemy.util.test.WatchDog.cancel(): canceling Tue Jun 16 14:42:04 UTC 2020
auto.tcl: Setting watchdog for 200 seconds at Tue Jun 16 14:42:04 UTC 2020
1 ms. Memory: 51200K Free: 31574K (62%)
ptolemy.util.test.WatchDog.cancel(): canceling Tue Jun 16 14:42:04 UTC 2020
------------------ testing $PTII/ptolemy/domains/de/test/auto/TimingParadox.xml
auto.tcl: Setting watchdog for 200 seconds at Tue Jun 16 14:42:04 UTC 2020
320 ms. Memory: 51200K Free: 17563K (34%)
ptolemy.util.test.WatchDog.cancel(): canceling Tue Jun 16 14:42:05 UTC 2020
auto.tcl: Setting watchdog for 200 seconds at Tue Jun 16 14:42:05 UTC 2020
321 ms. Memory: 51200K Free: 32152K (63%)
ptolemy.util.test.WatchDog.cancel(): canceling Tue Jun 16 14:42:05 UTC 2020
------------------ testing $PTII/ptolemy/domains/de/test/auto/TransferInputs.xml
auto.tcl: Setting watchdog for 200 seconds at Tue Jun 16 14:42:05 UTC 2020
2 ms. Memory: 51200K Free: 30501K (60%)
ptolemy.util.test.WatchDog.cancel(): canceling Tue Jun 16 14:42:05 UTC 2020
auto.tcl: Setting watchdog for 200 seconds at Tue Jun 16 14:42:05 UTC 2020
2 ms. Memory: 51200K Free: 29640K (58%)
ptolemy.util.test.WatchDog.cancel(): canceling Tue Jun 16 14:42:05 UTC 2020
------------------ testing $PTII/ptolemy/domains/de/test/auto/TransferOutputs2.xml
auto.tcl: Setting watchdog for 200 seconds at Tue Jun 16 14:42:05 UTC 2020
3 ms. Memory: 51200K Free: 27960K (55%)
ptolemy.util.test.WatchDog.cancel(): canceling Tue Jun 16 14:42:05 UTC 2020
auto.tcl: Setting watchdog for 200 seconds at Tue Jun 16 14:42:05 UTC 2020
4 ms. Memory: 51200K Free: 26540K (52%)
ptolemy.util.test.WatchDog.cancel(): canceling Tue Jun 16 14:42:05 UTC 2020
------------------ testing $PTII/ptolemy/domains/de/test/auto/Trilateration.xml
auto.tcl: Setting watchdog for 200 seconds at Tue Jun 16 14:42:05 UTC 2020
11829 ms. Memory: 452608K Free: 281334K (62%)
ptolemy.util.test.WatchDog.cancel(): canceling Tue Jun 16 14:42:18 UTC 2020
auto.tcl: Setting watchdog for 200 seconds at Tue Jun 16 14:42:18 UTC 2020
9119 ms. Memory: 452608K Free: 343277K (76%)
ptolemy.util.test.WatchDog.cancel(): canceling Tue Jun 16 14:42:27 UTC 2020
------------------ testing $PTII/ptolemy/domains/de/test/auto/TwoSigmaDelta.xml
auto.tcl: Setting watchdog for 200 seconds at Tue Jun 16 14:42:28 UTC 2020
2235 ms. Memory: 96256K Free: 39439K (41%)
ptolemy.util.test.WatchDog.cancel(): canceling Tue Jun 16 14:42:30 UTC 2020
auto.tcl: Setting watchdog for 200 seconds at Tue Jun 16 14:42:30 UTC 2020
1717 ms. Memory: 96256K Free: 47097K (49%)
ptolemy.util.test.WatchDog.cancel(): canceling Tue Jun 16 14:42:32 UTC 2020
------------------ testing $PTII/ptolemy/domains/de/test/auto/VariableDelay.xml
auto.tcl: Setting watchdog for 200 seconds at Tue Jun 16 14:42:32 UTC 2020
6 ms. Memory: 55296K Free: 35094K (63%)
ptolemy.util.test.WatchDog.cancel(): canceling Tue Jun 16 14:42:32 UTC 2020
auto.tcl: Setting watchdog for 200 seconds at Tue Jun 16 14:42:32 UTC 2020
2 ms. Memory: 55296K Free: 34100K (62%)
ptolemy.util.test.WatchDog.cancel(): canceling Tue Jun 16 14:42:32 UTC 2020
------------------ testing $PTII/ptolemy/domains/de/test/auto/VariableDelay2.xml
auto.tcl: Setting watchdog for 200 seconds at Tue Jun 16 14:42:32 UTC 2020
3 ms. Memory: 55296K Free: 35704K (65%)
ptolemy.util.test.WatchDog.cancel(): canceling Tue Jun 16 14:42:32 UTC 2020
auto.tcl: Setting watchdog for 200 seconds at Tue Jun 16 14:42:32 UTC 2020
2 ms. Memory: 55296K Free: 35176K (64%)
ptolemy.util.test.WatchDog.cancel(): canceling Tue Jun 16 14:42:32 UTC 2020
------------------ testing $PTII/ptolemy/domains/de/test/auto/VariableDelayZeroDelay.xml
auto.tcl: Setting watchdog for 200 seconds at Tue Jun 16 14:42:32 UTC 2020
2 ms. Memory: 55296K Free: 36036K (65%)
ptolemy.util.test.WatchDog.cancel(): canceling Tue Jun 16 14:42:32 UTC 2020
auto.tcl: Setting watchdog for 200 seconds at Tue Jun 16 14:42:32 UTC 2020
2 ms. Memory: 55296K Free: 35492K (64%)
ptolemy.util.test.WatchDog.cancel(): canceling Tue Jun 16 14:42:32 UTC 2020
------------------ testing $PTII/ptolemy/domains/de/test/auto/VariableDelayZeroDelay2.xml
auto.tcl: Setting watchdog for 200 seconds at Tue Jun 16 14:42:32 UTC 2020
3 ms. Memory: 55296K Free: 36035K (65%)
ptolemy.util.test.WatchDog.cancel(): canceling Tue Jun 16 14:42:32 UTC 2020
auto.tcl: Setting watchdog for 200 seconds at Tue Jun 16 14:42:32 UTC 2020
2 ms. Memory: 55296K Free: 35011K (63%)
ptolemy.util.test.WatchDog.cancel(): canceling Tue Jun 16 14:42:32 UTC 2020
------------------ testing $PTII/ptolemy/domains/de/test/auto/deInCt.xml
auto.tcl: Setting watchdog for 200 seconds at Tue Jun 16 14:42:32 UTC 2020
0
1
1
1
0
0
0
0
0
1
1
1
0
0
0
1
1
1
0
0
0
1
1
1
0
0
0
0
1
1
1
1
0
0
0
0
1
1
1
0
0
0
0
19 ms. Memory: 55296K Free: 35009K (63%)
ptolemy.util.test.WatchDog.cancel(): canceling Tue Jun 16 14:42:32 UTC 2020
auto.tcl: Setting watchdog for 200 seconds at Tue Jun 16 14:42:32 UTC 2020
0
1
1
1
1
1
1
1
0
0
0
1
1
1
0
0
0
0
1
1
1
1
0
0
0
0
9 ms. Memory: 55296K Free: 33471K (61%)
ptolemy.util.test.WatchDog.cancel(): canceling Tue Jun 16 14:42:32 UTC 2020
------------------ testing $PTII/ptolemy/domains/de/test/auto/deInCt2.xml
auto.tcl: Setting watchdog for 200 seconds at Tue Jun 16 14:42:32 UTC 2020
0
1
1
1
0
0
1
1
1
0
0
1
1
1
0
0
1
1
1
0
0
1
1
1
0
0
1
1
1
0
0
1
1
1
0
0
1
1
1
0
0
0
7 ms. Memory: 55296K Free: 35009K (63%)
ptolemy.util.test.WatchDog.cancel(): canceling Tue Jun 16 14:42:32 UTC 2020
auto.tcl: Setting watchdog for 200 seconds at Tue Jun 16 14:42:32 UTC 2020
0
1
1
1
0
0
1
1
1
0
0
1
1
1
0
0
1
1
1
0
0
1
1
1
0
0
1
1
1
0
0
1
1
1
0
0
1
1
1
0
0
0
5 ms. Memory: 55296K Free: 33457K (61%)
ptolemy.util.test.WatchDog.cancel(): canceling Tue Jun 16 14:42:32 UTC 2020
------------------ testing $PTII/ptolemy/domains/de/test/auto/dynamicCausalityInterface1.xml
auto.tcl: Setting watchdog for 200 seconds at Tue Jun 16 14:42:32 UTC 2020
4 ms. Memory: 55296K Free: 30907K (56%)
ptolemy.util.test.WatchDog.cancel(): canceling Tue Jun 16 14:42:32 UTC 2020
auto.tcl: Setting watchdog for 200 seconds at Tue Jun 16 14:42:32 UTC 2020
1 ms. Memory: 55296K Free: 30393K (55%)
ptolemy.util.test.WatchDog.cancel(): canceling Tue Jun 16 14:42:32 UTC 2020
------------------ testing $PTII/ptolemy/domains/de/test/auto/fsm_de_test.xml
auto.tcl: Setting watchdog for 200 seconds at Tue Jun 16 14:42:32 UTC 2020
9 ms. Memory: 55296K Free: 30806K (56%)
ptolemy.util.test.WatchDog.cancel(): canceling Tue Jun 16 14:42:32 UTC 2020
auto.tcl: Setting watchdog for 200 seconds at Tue Jun 16 14:42:32 UTC 2020
9 ms. Memory: 55296K Free: 28758K (52%)
ptolemy.util.test.WatchDog.cancel(): canceling Tue Jun 16 14:42:32 UTC 2020
------------------ testing $PTII/ptolemy/domains/de/test/auto/functionDependencyReconstruction.xml
auto.tcl: Setting watchdog for 200 seconds at Tue Jun 16 14:42:32 UTC 2020
3 ms. Memory: 55296K Free: 24652K (45%)
ptolemy.util.test.WatchDog.cancel(): canceling Tue Jun 16 14:42:32 UTC 2020
auto.tcl: Setting watchdog for 200 seconds at Tue Jun 16 14:42:32 UTC 2020
3 ms. Memory: 55296K Free: 22604K (41%)
ptolemy.util.test.WatchDog.cancel(): canceling Tue Jun 16 14:42:32 UTC 2020
------------------ testing $PTII/ptolemy/domains/de/test/auto/multirate.xml
auto.tcl: Setting watchdog for 200 seconds at Tue Jun 16 14:42:32 UTC 2020
5 ms. Memory: 55296K Free: 33221K (60%)
ptolemy.util.test.WatchDog.cancel(): canceling Tue Jun 16 14:42:32 UTC 2020
auto.tcl: Setting watchdog for 200 seconds at Tue Jun 16 14:42:32 UTC 2020
3 ms. Memory: 55296K Free: 31701K (57%)
ptolemy.util.test.WatchDog.cancel(): canceling Tue Jun 16 14:42:32 UTC 2020
------------------ testing $PTII/ptolemy/domains/de/test/auto/multirate2.xml
auto.tcl: Setting watchdog for 200 seconds at Tue Jun 16 14:42:32 UTC 2020
4 ms. Memory: 55296K Free: 33401K (60%)
ptolemy.util.test.WatchDog.cancel(): canceling Tue Jun 16 14:42:32 UTC 2020
auto.tcl: Setting watchdog for 200 seconds at Tue Jun 16 14:42:32 UTC 2020
3 ms. Memory: 55296K Free: 31881K (58%)
ptolemy.util.test.WatchDog.cancel(): canceling Tue Jun 16 14:42:32 UTC 2020
------------------ testing $PTII/ptolemy/domains/de/test/auto/realtime.xml
auto.tcl: Setting watchdog for 200 seconds at Tue Jun 16 14:42:33 UTC 2020
10001 ms. Memory: 55296K Free: 35656K (64%)
ptolemy.util.test.WatchDog.cancel(): canceling Tue Jun 16 14:42:43 UTC 2020
auto.tcl: Setting watchdog for 200 seconds at Tue Jun 16 14:42:43 UTC 2020
10001 ms. Memory: 55296K Free: 34952K (63%)
ptolemy.util.test.WatchDog.cancel(): canceling Tue Jun 16 14:42:53 UTC 2020
------------------ testing $PTII/ptolemy/domains/de/test/auto/relationGroup.xml
auto.tcl: Setting watchdog for 200 seconds at Tue Jun 16 14:42:53 UTC 2020
2 ms. Memory: 55296K Free: 36707K (66%)
ptolemy.util.test.WatchDog.cancel(): canceling Tue Jun 16 14:42:53 UTC 2020
auto.tcl: Setting watchdog for 200 seconds at Tue Jun 16 14:42:53 UTC 2020
2 ms. Memory: 55296K Free: 36195K (65%)
ptolemy.util.test.WatchDog.cancel(): canceling Tue Jun 16 14:42:53 UTC 2020
------------------ testing $PTII/ptolemy/domains/de/test/auto/relationGroup2.xml
auto.tcl: Setting watchdog for 200 seconds at Tue Jun 16 14:42:53 UTC 2020
1 ms. Memory: 55296K Free: 36568K (66%)
ptolemy.util.test.WatchDog.cancel(): canceling Tue Jun 16 14:42:53 UTC 2020
auto.tcl: Setting watchdog for 200 seconds at Tue Jun 16 14:42:53 UTC 2020
1 ms. Memory: 55296K Free: 36058K (65%)
ptolemy.util.test.WatchDog.cancel(): canceling Tue Jun 16 14:42:53 UTC 2020
------------------ testing $PTII/ptolemy/domains/de/test/auto/sortWithOpaquePorts.xml
auto.tcl: Setting watchdog for 200 seconds at Tue Jun 16 14:42:53 UTC 2020
1 ms. Memory: 55296K Free: 35530K (64%)
ptolemy.util.test.WatchDog.cancel(): canceling Tue Jun 16 14:42:53 UTC 2020
auto.tcl: Setting watchdog for 200 seconds at Tue Jun 16 14:42:53 UTC 2020
2 ms. Memory: 55296K Free: 34506K (62%)
ptolemy.util.test.WatchDog.cancel(): canceling Tue Jun 16 14:42:53 UTC 2020
------------------ testing $PTII/ptolemy/domains/de/test/auto/transferInputsandOutputs.xml
auto.tcl: Setting watchdog for 200 seconds at Tue Jun 16 14:42:53 UTC 2020
4 ms. Memory: 55296K Free: 32974K (60%)
ptolemy.util.test.WatchDog.cancel(): canceling Tue Jun 16 14:42:53 UTC 2020
auto.tcl: Setting watchdog for 200 seconds at Tue Jun 16 14:42:53 UTC 2020
2 ms. Memory: 55296K Free: 31950K (58%)
ptolemy.util.test.WatchDog.cancel(): canceling Tue Jun 16 14:42:53 UTC 2020
------------------ testing $PTII/ptolemy/domains/de/test/auto/triggerType.xml
auto.tcl: Setting watchdog for 200 seconds at Tue Jun 16 14:42:53 UTC 2020
2 ms. Memory: 55296K Free: 35999K (65%)
ptolemy.util.test.WatchDog.cancel(): canceling Tue Jun 16 14:42:53 UTC 2020
auto.tcl: Setting watchdog for 200 seconds at Tue Jun 16 14:42:53 UTC 2020
2 ms. Memory: 55296K Free: 34975K (63%)
ptolemy.util.test.WatchDog.cancel(): canceling Tue Jun 16 14:42:53 UTC 2020
06/16/20 02:42:53
Failed: 0  Total Tests: 192  ((Passed: 187, Newly Passed: 1)  Known Failed: 5) /home/travis/build/icyphy/ptII/ptolemy/domains/de/test
06/16/20 02:42:53
Failed: 0  Total Tests: 192  ((Passed: 187, Newly Passed: 1)  Known Failed: 5) /home/travis/build/icyphy/ptII/ptolemy/domains/de/test
----------------- testing (KnownFailure) /home/travis/build/icyphy/ptII/ptolemy/domains/de/test/auto/knownFailedTests/DESDFClockTest.xml
2011 ms. Memory: 55296K Free: 29394K (53%)
Known Failure: java.lang.reflect.InvocationTargetException
----------------- testing (KnownFailure) /home/travis/build/icyphy/ptII/ptolemy/domains/de/test/auto/knownFailedTests/DirectFeedback.xml
1 ms. Memory: 55296K Free: 24788K (45%)
Known Failure: java.lang.reflect.InvocationTargetException
----------------- testing (KnownFailure) /home/travis/build/icyphy/ptII/ptolemy/domains/de/test/auto/knownFailedTests/FSMSource.xml
18 ms. Memory: 55296K Free: 17620K (32%)
----------------- testing (KnownFailure) /home/travis/build/icyphy/ptII/ptolemy/domains/de/test/auto/knownFailedTests/HierarchicalModel.xml
4 ms. Memory: 55296K Free: 32867K (59%)
Known Failure: java.lang.reflect.InvocationTargetException
----------------- testing (KnownFailure) /home/travis/build/icyphy/ptII/ptolemy/domains/de/test/auto/knownFailedTests/dependencyLoop.xml
2 ms. Memory: 55296K Free: 17168K (31%)
Known Failure: java.lang.reflect.InvocationTargetException
----------------- testing (KnownFailure) /home/travis/build/icyphy/ptII/ptolemy/domains/de/test/auto/knownFailedTests/dependencyLoop2.xml
3 ms. Memory: 55296K Free: 33168K (60%)
Known Failure: java.lang.reflect.InvocationTargetException
No auto/linux-amd64/*.xml tests in /home/travis/build/icyphy/ptII/ptolemy/domains/de/test
AutoTests.java: About to close Vertx.
AutoTests.java: Vertx closed.

===========================================================================================
----------------- testing Tue Jun 16 14:42:55 UTC 2020 /home/travis/build/icyphy/ptII/ptolemy/domains/de/test/auto/ActorDepthCalculation_actorWithoutPorts.xml
----------------- Instantiating /home/travis/build/icyphy/ptII/ptolemy/domains/de/test/auto/ActorDepthCalculation_actorWithoutPorts.xml
2 ms. Memory: 55296K Free: 26016K (47%)
----------------- Invoking toplevel() on ptolemy.moml.MoMLSimpleApplication@7378ea47
----------------- Done invoking toplevel() on ptolemy.moml.MoMLSimpleApplication@7378ea47
reloadAllAccessors: .ActorDepthCalculation_actorWithoutPorts

===========================================================================================
----------------- testing Tue Jun 16 14:42:55 UTC 2020 /home/travis/build/icyphy/ptII/ptolemy/domains/de/test/auto/AssemblyLine.xml
----------------- Instantiating /home/travis/build/icyphy/ptII/ptolemy/domains/de/test/auto/AssemblyLine.xml
2 ms. Memory: 55296K Free: 19202K (35%)
----------------- Invoking toplevel() on ptolemy.moml.MoMLSimpleApplication@a6f6c71
----------------- Done invoking toplevel() on ptolemy.moml.MoMLSimpleApplication@a6f6c71
reloadAllAccessors: .AssemblyLine

===========================================================================================
----------------- testing Tue Jun 16 14:42:55 UTC 2020 /home/travis/build/icyphy/ptII/ptolemy/domains/de/test/auto/CQBug1.xml
----------------- Instantiating /home/travis/build/icyphy/ptII/ptolemy/domains/de/test/auto/CQBug1.xml
2 ms. Memory: 55296K Free: 16138K (29%)
----------------- Invoking toplevel() on ptolemy.moml.MoMLSimpleApplication@1a7eba0d
----------------- Done invoking toplevel() on ptolemy.moml.MoMLSimpleApplication@1a7eba0d
reloadAllAccessors: .CQBug1

===========================================================================================
----------------- testing Tue Jun 16 14:42:55 UTC 2020 /home/travis/build/icyphy/ptII/ptolemy/domains/de/test/auto/CancelFireAt.xml
----------------- Instantiating /home/travis/build/icyphy/ptII/ptolemy/domains/de/test/auto/CancelFireAt.xml
1 ms. Memory: 55296K Free: 13728K (25%)
----------------- Invoking toplevel() on ptolemy.moml.MoMLSimpleApplication@156a3b67
----------------- Done invoking toplevel() on ptolemy.moml.MoMLSimpleApplication@156a3b67
reloadAllAccessors: .CancelFireAt

===========================================================================================
----------------- testing Tue Jun 16 14:42:55 UTC 2020 /home/travis/build/icyphy/ptII/ptolemy/domains/de/test/auto/CausalityAndComposabilityAnalysis.xml
----------------- Instantiating /home/travis/build/icyphy/ptII/ptolemy/domains/de/test/auto/CausalityAndComposabilityAnalysis.xml
2 ms. Memory: 55296K Free: 9317K (17%)
----------------- Invoking toplevel() on ptolemy.moml.MoMLSimpleApplication@55f93380
----------------- Done invoking toplevel() on ptolemy.moml.MoMLSimpleApplication@55f93380
reloadAllAccessors: .CausalityAndComposabilityAnalysis

===========================================================================================
----------------- testing Tue Jun 16 14:42:55 UTC 2020 /home/travis/build/icyphy/ptII/ptolemy/domains/de/test/auto/CausalityInterface1.xml
----------------- Instantiating /home/travis/build/icyphy/ptII/ptolemy/domains/de/test/auto/CausalityInterface1.xml
5 ms. Memory: 55296K Free: 35462K (64%)
----------------- Invoking toplevel() on ptolemy.moml.MoMLSimpleApplication@30030bc
----------------- Done invoking toplevel() on ptolemy.moml.MoMLSimpleApplication@30030bc
reloadAllAccessors: .CausalityInterface1

===========================================================================================
----------------- testing Tue Jun 16 14:42:55 UTC 2020 /home/travis/build/icyphy/ptII/ptolemy/domains/de/test/auto/CausalityInterface15.xml
----------------- Instantiating /home/travis/build/icyphy/ptII/ptolemy/domains/de/test/auto/CausalityInterface15.xml
2 ms. Memory: 55296K Free: 29965K (54%)
----------------- Invoking toplevel() on ptolemy.moml.MoMLSimpleApplication@13e927b
----------------- Done invoking toplevel() on ptolemy.moml.MoMLSimpleApplication@13e927b
reloadAllAccessors: .CausalityInterface15

===========================================================================================
----------------- testing Tue Jun 16 14:42:55 UTC 2020 /home/travis/build/icyphy/ptII/ptolemy/domains/de/test/auto/CausalityInterface2.xml
----------------- Instantiating /home/travis/build/icyphy/ptII/ptolemy/domains/de/test/auto/CausalityInterface2.xml
2 ms. Memory: 55296K Free: 24893K (45%)
[...]
	at ptolemy.actor.Manager.run(Manager.java:1263)
	at ptolemy.actor.Manager$PtolemyRunThread.run(Manager.java:1933)
java.lang.RuntimeException: Execution failed
	at ptolemy.moml.MoMLSimpleApplication$UnloadThread.run(MoMLSimpleApplication.java:402)
Caused by: ptolemy.kernel.util.IllegalActionException: Actor is not ready to fire.  Perhaps UpSample.prefire() returned false? Try debugging the actor by selecting "Listen to Actor".  Also, for SDF check moml for tokenConsumptionRate on input.
  in .DESDFClockTest.Play Bell.Copy1:SDF Director and .DESDFClockTest.Play Bell.UpSample
	at ptolemy.actor.sched.StaticSchedulingDirector.fire(StaticSchedulingDirector.java:227)
	at ptolemy.domains.sdf.kernel.SDFDirector.fire(SDFDirector.java:500)
	at ptolemy.actor.CompositeActor.fire(CompositeActor.java:455)
	at ptolemy.domains.de.kernel.DEDirector._fire(DEDirector.java:1949)
	at ptolemy.domains.de.kernel.DEDirector.fire(DEDirector.java:502)
	at ptolemy.actor.CompositeActor.fire(CompositeActor.java:455)
	at ptolemy.actor.Manager.iterate(Manager.java:851)
	at ptolemy.actor.Manager.execute(Manager.java:369)
	at ptolemy.actor.Manager.run(Manager.java:1263)
	at ptolemy.actor.Manager$PtolemyRunThread.run(Manager.java:1933)
java.lang.reflect.InvocationTargetException
	at java.base/jdk.internal.reflect.NativeConstructorAccessorImpl.newInstance0(Native Method)
	at java.base/jdk.internal.reflect.NativeConstructorAccessorImpl.newInstance(NativeConstructorAccessorImpl.java:62)
	at java.base/jdk.internal.reflect.DelegatingConstructorAccessorImpl.newInstance(DelegatingConstructorAccessorImpl.java:45)
	at java.base/java.lang.reflect.Constructor.newInstance(Constructor.java:490)
	at ptolemy.util.test.junit.AutoKnownFailedTests.RunModel(AutoKnownFailedTests.java:105)
	at java.base/jdk.internal.reflect.NativeMethodAccessorImpl.invoke0(Native Method)
	at java.base/jdk.internal.reflect.NativeMethodAccessorImpl.invoke(NativeMethodAccessorImpl.java:62)
	at java.base/jdk.internal.reflect.DelegatingMethodAccessorImpl.invoke(DelegatingMethodAccessorImpl.java:43)
	at java.base/java.lang.reflect.Method.invoke(Method.java:566)
	at org.junit.runners.model.FrameworkMethod$1.runReflectiveCall(FrameworkMethod.java:44)
	at org.junit.internal.runners.model.ReflectiveCallable.run(ReflectiveCallable.java:15)
	at org.junit.runners.model.FrameworkMethod.invokeExplosively(FrameworkMethod.java:41)
	at junitparams.internal.InvokeParameterisedMethod.evaluate(InvokeParameterisedMethod.java:102)
	at org.junit.internal.runners.statements.FailOnTimeout$1.run(FailOnTimeout.java:28)
Caused by: ptolemy.kernel.util.IllegalActionException: Actor is not ready to fire.  Perhaps UpSample.prefire() returned false? Try debugging the actor by selecting "Listen to Actor".  Also, for SDF check moml for tokenConsumptionRate on input.
  in .DESDFClockTest.Play Bell.Copy1:SDF Director and .DESDFClockTest.Play Bell.UpSample
	at ptolemy.actor.sched.StaticSchedulingDirector.fire(StaticSchedulingDirector.java:227)
	at ptolemy.domains.sdf.kernel.SDFDirector.fire(SDFDirector.java:500)
	at ptolemy.actor.CompositeActor.fire(CompositeActor.java:455)
	at ptolemy.domains.de.kernel.DEDirector._fire(DEDirector.java:1949)
	at ptolemy.domains.de.kernel.DEDirector.fire(DEDirector.java:502)
	at ptolemy.actor.CompositeActor.fire(CompositeActor.java:455)
	at ptolemy.actor.Manager.iterate(Manager.java:851)
	at ptolemy.actor.Manager.execute(Manager.java:369)
	at ptolemy.actor.Manager.run(Manager.java:1263)
	at ptolemy.actor.Manager$PtolemyRunThread.run(Manager.java:1933)
java.lang.RuntimeException: Execution failed
	at ptolemy.moml.MoMLSimpleApplication$UnloadThread.run(MoMLSimpleApplication.java:402)
Caused by: ptolemy.kernel.util.IllegalActionException: Test fails in iteration 1.
Value was: 1.0. Should have been: 2.0
  in .DirectFeedback.Test
	at ptolemy.actor.lib.Test.fire(Test.java:268)
	at ptolemy.domains.de.kernel.DEDirector._fire(DEDirector.java:1949)
	at ptolemy.domains.de.kernel.DEDirector.fire(DEDirector.java:502)
	at ptolemy.actor.CompositeActor.fire(CompositeActor.java:455)
	at ptolemy.actor.Manager.iterate(Manager.java:851)
	at ptolemy.actor.Manager.execute(Manager.java:369)
	at ptolemy.actor.Manager.run(Manager.java:1263)
	at ptolemy.actor.Manager$PtolemyRunThread.run(Manager.java:1933)
java.lang.reflect.InvocationTargetException
	at java.base/jdk.internal.reflect.NativeConstructorAccessorImpl.newInstance0(Native Method)
	at java.base/jdk.internal.reflect.NativeConstructorAccessorImpl.newInstance(NativeConstructorAccessorImpl.java:62)
	at java.base/jdk.internal.reflect.DelegatingConstructorAccessorImpl.newInstance(DelegatingConstructorAccessorImpl.java:45)
	at java.base/java.lang.reflect.Constructor.newInstance(Constructor.java:490)
	at ptolemy.util.test.junit.AutoKnownFailedTests.RunModel(AutoKnownFailedTests.java:105)
	at java.base/jdk.internal.reflect.NativeMethodAccessorImpl.invoke0(Native Method)
	at java.base/jdk.internal.reflect.NativeMethodAccessorImpl.invoke(NativeMethodAccessorImpl.java:62)
	at java.base/jdk.internal.reflect.DelegatingMethodAccessorImpl.invoke(DelegatingMethodAccessorImpl.java:43)
	at java.base/java.lang.reflect.Method.invoke(Method.java:566)
	at org.junit.runners.model.FrameworkMethod$1.runReflectiveCall(FrameworkMethod.java:44)
	at org.junit.internal.runners.model.ReflectiveCallable.run(ReflectiveCallable.java:15)
	at org.junit.runners.model.FrameworkMethod.invokeExplosively(FrameworkMethod.java:41)
	at junitparams.internal.InvokeParameterisedMethod.evaluate(InvokeParameterisedMethod.java:102)
	at org.junit.internal.runners.statements.FailOnTimeout$1.run(FailOnTimeout.java:28)
Caused by: ptolemy.kernel.util.IllegalActionException: Test fails in iteration 1.
Value was: 1.0. Should have been: 2.0
  in .DirectFeedback.Test
	at ptolemy.actor.lib.Test.fire(Test.java:268)
	at ptolemy.domains.de.kernel.DEDirector._fire(DEDirector.java:1949)
	at ptolemy.domains.de.kernel.DEDirector.fire(DEDirector.java:502)
	at ptolemy.actor.CompositeActor.fire(CompositeActor.java:455)
	at ptolemy.actor.Manager.iterate(Manager.java:851)
	at ptolemy.actor.Manager.execute(Manager.java:369)
	at ptolemy.actor.Manager.run(Manager.java:1263)
	at ptolemy.actor.Manager$PtolemyRunThread.run(Manager.java:1933)
java.lang.RuntimeException: Execution failed
	at ptolemy.moml.MoMLSimpleApplication$UnloadThread.run(MoMLSimpleApplication.java:402)
Caused by: ptolemy.kernel.util.IllegalActionException: Found a zero delay loop containing .HierarchicalModel.A
  in .HierarchicalModel and .HierarchicalModel.A
	at ptolemy.actor.util.CausalityInterfaceForComposites._computeOutputPortDepth(CausalityInterfaceForComposites.java:759)
	at ptolemy.actor.util.CausalityInterfaceForComposites._computeInputDepth(CausalityInterfaceForComposites.java:696)
	at ptolemy.actor.util.CausalityInterfaceForComposites._computeOutputPortDepth(CausalityInterfaceForComposites.java:765)
	at ptolemy.actor.util.CausalityInterfaceForComposites._computeInputDepth(CausalityInterfaceForComposites.java:696)
	at ptolemy.actor.util.CausalityInterfaceForComposites._computeOutputPortDepth(CausalityInterfaceForComposites.java:765)
	at ptolemy.actor.util.CausalityInterfaceForComposites._computeInputDepth(CausalityInterfaceForComposites.java:696)
	at ptolemy.actor.util.CausalityInterfaceForComposites._computeActorDepth(CausalityInterfaceForComposites.java:532)
	at ptolemy.actor.util.CausalityInterfaceForComposites.checkForCycles(CausalityInterfaceForComposites.java:96)
	at ptolemy.domains.de.kernel.DEDirector.preinitialize(DEDirector.java:1338)
	at ptolemy.actor.CompositeActor.preinitialize(CompositeActor.java:1828)
	at ptolemy.actor.Manager.preinitializeAndResolveTypes(Manager.java:1040)
	at ptolemy.actor.Manager.initialize(Manager.java:710)
	at ptolemy.actor.Manager.execute(Manager.java:356)
	at ptolemy.actor.Manager.run(Manager.java:1263)
	at ptolemy.actor.Manager$PtolemyRunThread.run(Manager.java:1933)
java.lang.reflect.InvocationTargetException
	at java.base/jdk.internal.reflect.NativeConstructorAccessorImpl.newInstance0(Native Method)
	at java.base/jdk.internal.reflect.NativeConstructorAccessorImpl.newInstance(NativeConstructorAccessorImpl.java:62)
	at java.base/jdk.internal.reflect.DelegatingConstructorAccessorImpl.newInstance(DelegatingConstructorAccessorImpl.java:45)
	at java.base/java.lang.reflect.Constructor.newInstance(Constructor.java:490)
	at ptolemy.util.test.junit.AutoKnownFailedTests.RunModel(AutoKnownFailedTests.java:105)
	at java.base/jdk.internal.reflect.NativeMethodAccessorImpl.invoke0(Native Method)
	at java.base/jdk.internal.reflect.NativeMethodAccessorImpl.invoke(NativeMethodAccessorImpl.java:62)
	at java.base/jdk.internal.reflect.DelegatingMethodAccessorImpl.invoke(DelegatingMethodAccessorImpl.java:43)
	at java.base/java.lang.reflect.Method.invoke(Method.java:566)
	at org.junit.runners.model.FrameworkMethod$1.runReflectiveCall(FrameworkMethod.java:44)
	at org.junit.internal.runners.model.ReflectiveCallable.run(ReflectiveCallable.java:15)
	at org.junit.runners.model.FrameworkMethod.invokeExplosively(FrameworkMethod.java:41)
	at junitparams.internal.InvokeParameterisedMethod.evaluate(InvokeParameterisedMethod.java:102)
	at org.junit.internal.runners.statements.FailOnTimeout$1.run(FailOnTimeout.java:28)
Caused by: ptolemy.kernel.util.IllegalActionException: Found a zero delay loop containing .HierarchicalModel.A
  in .HierarchicalModel and .HierarchicalModel.A
	at ptolemy.actor.util.CausalityInterfaceForComposites._computeOutputPortDepth(CausalityInterfaceForComposites.java:759)
	at ptolemy.actor.util.CausalityInterfaceForComposites._computeInputDepth(CausalityInterfaceForComposites.java:696)
	at ptolemy.actor.util.CausalityInterfaceForComposites._computeOutputPortDepth(CausalityInterfaceForComposites.java:765)
	at ptolemy.actor.util.CausalityInterfaceForComposites._computeInputDepth(CausalityInterfaceForComposites.java:696)
	at ptolemy.actor.util.CausalityInterfaceForComposites._computeOutputPortDepth(CausalityInterfaceForComposites.java:765)
	at ptolemy.actor.util.CausalityInterfaceForComposites._computeInputDepth(CausalityInterfaceForComposites.java:696)
	at ptolemy.actor.util.CausalityInterfaceForComposites._computeActorDepth(CausalityInterfaceForComposites.java:532)
	at ptolemy.actor.util.CausalityInterfaceForComposites.checkForCycles(CausalityInterfaceForComposites.java:96)
	at ptolemy.domains.de.kernel.DEDirector.preinitialize(DEDirector.java:1338)
	at ptolemy.actor.CompositeActor.preinitialize(CompositeActor.java:1828)
	at ptolemy.actor.Manager.preinitializeAndResolveTypes(Manager.java:1040)
	at ptolemy.actor.Manager.initialize(Manager.java:710)
	at ptolemy.actor.Manager.execute(Manager.java:356)
	at ptolemy.actor.Manager.run(Manager.java:1263)
	at ptolemy.actor.Manager$PtolemyRunThread.run(Manager.java:1933)
java.lang.RuntimeException: Execution failed
	at ptolemy.moml.MoMLSimpleApplication$UnloadThread.run(MoMLSimpleApplication.java:402)
Caused by: ptolemy.kernel.util.IllegalActionException: Found a zero delay loop containing .dependencyLoop.original
  in .dependencyLoop and .dependencyLoop.original
	at ptolemy.actor.util.CausalityInterfaceForComposites._computeOutputPortDepth(CausalityInterfaceForComposites.java:759)
	at ptolemy.actor.util.CausalityInterfaceForComposites._computeInputDepth(CausalityInterfaceForComposites.java:696)
	at ptolemy.actor.util.CausalityInterfaceForComposites._computeOutputPortDepth(CausalityInterfaceForComposites.java:765)
	at ptolemy.actor.util.CausalityInterfaceForComposites._computeInputDepth(CausalityInterfaceForComposites.java:696)
	at ptolemy.actor.util.CausalityInterfaceForComposites._computeOutputPortDepth(CausalityInterfaceForComposites.java:765)
	at ptolemy.actor.util.CausalityInterfaceForComposites._computeInputDepth(CausalityInterfaceForComposites.java:696)
	at ptolemy.actor.util.CausalityInterfaceForComposites._computeActorDepth(CausalityInterfaceForComposites.java:532)
	at ptolemy.actor.util.CausalityInterfaceForComposites.checkForCycles(CausalityInterfaceForComposites.java:96)
	at ptolemy.domains.de.kernel.DEDirector.preinitialize(DEDirector.java:1338)
	at ptolemy.actor.CompositeActor.preinitialize(CompositeActor.java:1828)
	at ptolemy.actor.Manager.preinitializeAndResolveTypes(Manager.java:1040)
	at ptolemy.actor.Manager.initialize(Manager.java:710)
	at ptolemy.actor.Manager.execute(Manager.java:356)
	at ptolemy.actor.Manager.run(Manager.java:1263)
	at ptolemy.actor.Manager$PtolemyRunThread.run(Manager.java:1933)
java.lang.reflect.InvocationTargetException
	at java.base/jdk.internal.reflect.NativeConstructorAccessorImpl.newInstance0(Native Method)
	at java.base/jdk.internal.reflect.NativeConstructorAccessorImpl.newInstance(NativeConstructorAccessorImpl.java:62)
	at java.base/jdk.internal.reflect.DelegatingConstructorAccessorImpl.newInstance(DelegatingConstructorAccessorImpl.java:45)
	at java.base/java.lang.reflect.Constructor.newInstance(Constructor.java:490)
	at ptolemy.util.test.junit.AutoKnownFailedTests.RunModel(AutoKnownFailedTests.java:105)
	at java.base/jdk.internal.reflect.NativeMethodAccessorImpl.invoke0(Native Method)
	at java.base/jdk.internal.reflect.NativeMethodAccessorImpl.invoke(NativeMethodAccessorImpl.java:62)
	at java.base/jdk.internal.reflect.DelegatingMethodAccessorImpl.invoke(DelegatingMethodAccessorImpl.java:43)
	at java.base/java.lang.reflect.Method.invoke(Method.java:566)
	at org.junit.runners.model.FrameworkMethod$1.runReflectiveCall(FrameworkMethod.java:44)
	at org.junit.internal.runners.model.ReflectiveCallable.run(ReflectiveCallable.java:15)
	at org.junit.runners.model.FrameworkMethod.invokeExplosively(FrameworkMethod.java:41)
	at junitparams.internal.InvokeParameterisedMethod.evaluate(InvokeParameterisedMethod.java:102)
	at org.junit.internal.runners.statements.FailOnTimeout$1.run(FailOnTimeout.java:28)
Caused by: ptolemy.kernel.util.IllegalActionException: Found a zero delay loop containing .dependencyLoop.original
  in .dependencyLoop and .dependencyLoop.original
	at ptolemy.actor.util.CausalityInterfaceForComposites._computeOutputPortDepth(CausalityInterfaceForComposites.java:759)
	at ptolemy.actor.util.CausalityInterfaceForComposites._computeInputDepth(CausalityInterfaceForComposites.java:696)
	at ptolemy.actor.util.CausalityInterfaceForComposites._computeOutputPortDepth(CausalityInterfaceForComposites.java:765)
	at ptolemy.actor.util.CausalityInterfaceForComposites._computeInputDepth(CausalityInterfaceForComposites.java:696)
	at ptolemy.actor.util.CausalityInterfaceForComposites._computeOutputPortDepth(CausalityInterfaceForComposites.java:765)
	at ptolemy.actor.util.CausalityInterfaceForComposites._computeInputDepth(CausalityInterfaceForComposites.java:696)
	at ptolemy.actor.util.CausalityInterfaceForComposites._computeActorDepth(CausalityInterfaceForComposites.java:532)
	at ptolemy.actor.util.CausalityInterfaceForComposites.checkForCycles(CausalityInterfaceForComposites.java:96)
	at ptolemy.domains.de.kernel.DEDirector.preinitialize(DEDirector.java:1338)
	at ptolemy.actor.CompositeActor.preinitialize(CompositeActor.java:1828)
	at ptolemy.actor.Manager.preinitializeAndResolveTypes(Manager.java:1040)
	at ptolemy.actor.Manager.initialize(Manager.java:710)
	at ptolemy.actor.Manager.execute(Manager.java:356)
	at ptolemy.actor.Manager.run(Manager.java:1263)
	at ptolemy.actor.Manager$PtolemyRunThread.run(Manager.java:1933)
java.lang.RuntimeException: Execution failed
	at ptolemy.moml.MoMLSimpleApplication$UnloadThread.run(MoMLSimpleApplication.java:402)
Caused by: ptolemy.kernel.util.IllegalActionException: Found a zero delay loop containing .dependencyLoop2.original
  in .dependencyLoop2 and .dependencyLoop2.original
	at ptolemy.actor.util.CausalityInterfaceForComposites._computeOutputPortDepth(CausalityInterfaceForComposites.java:759)
	at ptolemy.actor.util.CausalityInterfaceForComposites._computeInputDepth(CausalityInterfaceForComposites.java:696)
	at ptolemy.actor.util.CausalityInterfaceForComposites._computeOutputPortDepth(CausalityInterfaceForComposites.java:765)
	at ptolemy.actor.util.CausalityInterfaceForComposites._computeInputDepth(CausalityInterfaceForComposites.java:696)
	at ptolemy.actor.util.CausalityInterfaceForComposites._computeOutputPortDepth(CausalityInterfaceForComposites.java:765)
	at ptolemy.actor.util.CausalityInterfaceForComposites._computeInputDepth(CausalityInterfaceForComposites.java:696)
	at ptolemy.actor.util.CausalityInterfaceForComposites._computeActorDepth(CausalityInterfaceForComposites.java:532)
	at ptolemy.actor.util.CausalityInterfaceForComposites.checkForCycles(CausalityInterfaceForComposites.java:96)
	at ptolemy.domains.de.kernel.DEDirector.preinitialize(DEDirector.java:1338)
	at ptolemy.actor.CompositeActor.preinitialize(CompositeActor.java:1828)
	at ptolemy.actor.Manager.preinitializeAndResolveTypes(Manager.java:1040)
	at ptolemy.actor.Manager.initialize(Manager.java:710)
	at ptolemy.actor.Manager.execute(Manager.java:356)
	at ptolemy.actor.Manager.run(Manager.java:1263)
	at ptolemy.actor.Manager$PtolemyRunThread.run(Manager.java:1933)
java.lang.reflect.InvocationTargetException
	at java.base/jdk.internal.reflect.NativeConstructorAccessorImpl.newInstance0(Native Method)
	at java.base/jdk.internal.reflect.NativeConstructorAccessorImpl.newInstance(NativeConstructorAccessorImpl.java:62)
	at java.base/jdk.internal.reflect.DelegatingConstructorAccessorImpl.newInstance(DelegatingConstructorAccessorImpl.java:45)
	at java.base/java.lang.reflect.Constructor.newInstance(Constructor.java:490)
	at ptolemy.util.test.junit.AutoKnownFailedTests.RunModel(AutoKnownFailedTests.java:105)
	at java.base/jdk.internal.reflect.NativeMethodAccessorImpl.invoke0(Native Method)
	at java.base/jdk.internal.reflect.NativeMethodAccessorImpl.invoke(NativeMethodAccessorImpl.java:62)
	at java.base/jdk.internal.reflect.DelegatingMethodAccessorImpl.invoke(DelegatingMethodAccessorImpl.java:43)
	at java.base/java.lang.reflect.Method.invoke(Method.java:566)
	at org.junit.runners.model.FrameworkMethod$1.runReflectiveCall(FrameworkMethod.java:44)
	at org.junit.internal.runners.model.ReflectiveCallable.run(ReflectiveCallable.java:15)
	at org.junit.runners.model.FrameworkMethod.invokeExplosively(FrameworkMethod.java:41)
	at junitparams.internal.InvokeParameterisedMethod.evaluate(InvokeParameterisedMethod.java:102)
	at org.junit.internal.runners.statements.FailOnTimeout$1.run(FailOnTimeout.java:28)
Caused by: ptolemy.kernel.util.IllegalActionException: Found a zero delay loop containing .dependencyLoop2.original
  in .dependencyLoop2 and .dependencyLoop2.original
	at ptolemy.actor.util.CausalityInterfaceForComposites._computeOutputPortDepth(CausalityInterfaceForComposites.java:759)
	at ptolemy.actor.util.CausalityInterfaceForComposites._computeInputDepth(CausalityInterfaceForComposites.java:696)
	at ptolemy.actor.util.CausalityInterfaceForComposites._computeOutputPortDepth(CausalityInterfaceForComposites.java:765)
	at ptolemy.actor.util.CausalityInterfaceForComposites._computeInputDepth(CausalityInterfaceForComposites.java:696)
	at ptolemy.actor.util.CausalityInterfaceForComposites._computeOutputPortDepth(CausalityInterfaceForComposites.java:765)
	at ptolemy.actor.util.CausalityInterfaceForComposites._computeInputDepth(CausalityInterfaceForComposites.java:696)
	at ptolemy.actor.util.CausalityInterfaceForComposites._computeActorDepth(CausalityInterfaceForComposites.java:532)
	at ptolemy.actor.util.CausalityInterfaceForComposites.checkForCycles(CausalityInterfaceForComposites.java:96)
	at ptolemy.domains.de.kernel.DEDirector.preinitialize(DEDirector.java:1338)
	at ptolemy.actor.CompositeActor.preinitialize(CompositeActor.java:1828)
	at ptolemy.actor.Manager.preinitializeAndResolveTypes(Manager.java:1040)
	at ptolemy.actor.Manager.initialize(Manager.java:710)
	at ptolemy.actor.Manager.execute(Manager.java:356)
	at ptolemy.actor.Manager.run(Manager.java:1263)
	at ptolemy.actor.Manager$PtolemyRunThread.run(Manager.java:1933)
]]></system-err>
</testsuite>
