<?xml version="1.0" encoding="UTF-8" ?>
<testsuite errors="0" failures="0" hostname="travis-job-6818bd96-2779-445e-b157-2598ceeda38a" name="ptolemy.domains.de.test.junit.JUnitTclTest" skipped="0" tests="101" time="128.263" timestamp="2019-06-05T04:30:16">
  <properties>
[...]
</properties>
  <testcase classname="ptolemy.util.test.junit.TclTests" name="[0] /home/travis/build/icyphy/ptII/ptolemy/domains/de/test/DependencyLoop.tcl (RunTclFile)" time="0.844" />
  <testcase classname="ptolemy.util.test.junit.TclTests" name="[1] /home/travis/build/icyphy/ptII/ptolemy/domains/de/test/RunDETestsAsQSS.tcl (RunTclFile)" time="88.316" />
  <testcase classname="ptolemy.util.test.junit.AutoKnownFailedTests" name="[0] /home/travis/build/icyphy/ptII/ptolemy/domains/de/test/auto/knownFailedTests/DESDFClockTest.xml (RunModel)" time="2.038" />
  <testcase classname="ptolemy.util.test.junit.AutoKnownFailedTests" name="[1] /home/travis/build/icyphy/ptII/ptolemy/domains/de/test/auto/knownFailedTests/DirectFeedback.xml (RunModel)" time="0.033" />
  <testcase classname="ptolemy.util.test.junit.AutoKnownFailedTests" name="[2] /home/travis/build/icyphy/ptII/ptolemy/domains/de/test/auto/knownFailedTests/FSMSource.xml (RunModel)" time="0.033" />
  <testcase classname="ptolemy.util.test.junit.AutoKnownFailedTests" name="[3] /home/travis/build/icyphy/ptII/ptolemy/domains/de/test/auto/knownFailedTests/HierarchicalModel.xml (RunModel)" time="0.042" />
  <testcase classname="ptolemy.util.test.junit.AutoKnownFailedTests" name="[4] /home/travis/build/icyphy/ptII/ptolemy/domains/de/test/auto/knownFailedTests/dependencyLoop.xml (RunModel)" time="0.03" />
  <testcase classname="ptolemy.util.test.junit.AutoKnownFailedTests" name="[5] /home/travis/build/icyphy/ptII/ptolemy/domains/de/test/auto/knownFailedTests/dependencyLoop2.xml (RunModel)" time="0.033" />
  <testcase classname="ptolemy.util.test.junit.AutoNameArchTests" name="[0] ThereAreNoAutoArchTests (RunModel)" time="0.005" />
  <testcase classname="ptolemy.util.test.junit.AutoTests" name="[0] /home/travis/build/icyphy/ptII/ptolemy/domains/de/test/auto/ActorDepthCalculation_actorWithoutPorts.xml (RunModel)" time="0.012" />
  <testcase classname="ptolemy.util.test.junit.AutoTests" name="[1] /home/travis/build/icyphy/ptII/ptolemy/domains/de/test/auto/AssemblyLine.xml (RunModel)" time="0.015" />
  <testcase classname="ptolemy.util.test.junit.AutoTests" name="[2] /home/travis/build/icyphy/ptII/ptolemy/domains/de/test/auto/CQBug1.xml (RunModel)" time="0.015" />
  <testcase classname="ptolemy.util.test.junit.AutoTests" name="[3] /home/travis/build/icyphy/ptII/ptolemy/domains/de/test/auto/CancelFireAt.xml (RunModel)" time="0.012" />
  <testcase classname="ptolemy.util.test.junit.AutoTests" name="[4] /home/travis/build/icyphy/ptII/ptolemy/domains/de/test/auto/CausalityAndComposabilityAnalysis.xml (RunModel)" time="0.012" />
  <testcase classname="ptolemy.util.test.junit.AutoTests" name="[5] /home/travis/build/icyphy/ptII/ptolemy/domains/de/test/auto/CausalityInterface1.xml (RunModel)" time="0.014" />
  <testcase classname="ptolemy.util.test.junit.AutoTests" name="[6] /home/travis/build/icyphy/ptII/ptolemy/domains/de/test/auto/CausalityInterface15.xml (RunModel)" time="0.028" />
  <testcase classname="ptolemy.util.test.junit.AutoTests" name="[7] /home/travis/build/icyphy/ptII/ptolemy/domains/de/test/auto/CausalityInterface2.xml (RunModel)" time="0.016" />
  <testcase classname="ptolemy.util.test.junit.AutoTests" name="[8] /home/travis/build/icyphy/ptII/ptolemy/domains/de/test/auto/CausalityInterface3.xml (RunModel)" time="0.012" />
  <testcase classname="ptolemy.util.test.junit.AutoTests" name="[9] /home/travis/build/icyphy/ptII/ptolemy/domains/de/test/auto/ClockDrift.xml (RunModel)" time="0.034" />
  <testcase classname="ptolemy.util.test.junit.AutoTests" name="[10] /home/travis/build/icyphy/ptII/ptolemy/domains/de/test/auto/ClockDriftAndValueChange.xml (RunModel)" time="0.03" />
  <testcase classname="ptolemy.util.test.junit.AutoTests" name="[11] /home/travis/build/icyphy/ptII/ptolemy/domains/de/test/auto/ClockDriftChange.xml (RunModel)" time="0.027" />
  <testcase classname="ptolemy.util.test.junit.AutoTests" name="[12] /home/travis/build/icyphy/ptII/ptolemy/domains/de/test/auto/ComposableCausalityAnalysis.xml (RunModel)" time="0.016" />
  <testcase classname="ptolemy.util.test.junit.AutoTests" name="[13] /home/travis/build/icyphy/ptII/ptolemy/domains/de/test/auto/DEFixedPointLimitation.xml (RunModel)" time="0.012" />
  <testcase classname="ptolemy.util.test.junit.AutoTests" name="[14] /home/travis/build/icyphy/ptII/ptolemy/domains/de/test/auto/DEScheduleTest.xml (RunModel)" time="0.03" />
  <testcase classname="ptolemy.util.test.junit.AutoTests" name="[15] /home/travis/build/icyphy/ptII/ptolemy/domains/de/test/auto/DEinDEwithStartTimes.xml (RunModel)" time="0.014" />
  <testcase classname="ptolemy.util.test.junit.AutoTests" name="[16] /home/travis/build/icyphy/ptII/ptolemy/domains/de/test/auto/DEinDEwithStartTimes2.xml (RunModel)" time="0.013" />
  <testcase classname="ptolemy.util.test.junit.AutoTests" name="[17] /home/travis/build/icyphy/ptII/ptolemy/domains/de/test/auto/DateDemo.xml (RunModel)" time="0.035" />
  <testcase classname="ptolemy.util.test.junit.AutoTests" name="[18] /home/travis/build/icyphy/ptII/ptolemy/domains/de/test/auto/DateToEvent.xml (RunModel)" time="2.038" />
  <testcase classname="ptolemy.util.test.junit.AutoTests" name="[19] /home/travis/build/icyphy/ptII/ptolemy/domains/de/test/auto/DepthTest1.xml (RunModel)" time="0.013" />
  <testcase classname="ptolemy.util.test.junit.AutoTests" name="[20] /home/travis/build/icyphy/ptII/ptolemy/domains/de/test/auto/DepthTest2.xml (RunModel)" time="0.017" />
  <testcase classname="ptolemy.util.test.junit.AutoTests" name="[21] /home/travis/build/icyphy/ptII/ptolemy/domains/de/test/auto/DepthTest3.xml (RunModel)" time="0.007" />
  <testcase classname="ptolemy.util.test.junit.AutoTests" name="[22] /home/travis/build/icyphy/ptII/ptolemy/domains/de/test/auto/DepthTest4.xml (RunModel)" time="0.011" />
  <testcase classname="ptolemy.util.test.junit.AutoTests" name="[23] /home/travis/build/icyphy/ptII/ptolemy/domains/de/test/auto/DepthTest5.xml (RunModel)" time="0.024" />
  <testcase classname="ptolemy.util.test.junit.AutoTests" name="[24] /home/travis/build/icyphy/ptII/ptolemy/domains/de/test/auto/DepthTest6.xml (RunModel)" time="0.02" />
  <testcase classname="ptolemy.util.test.junit.AutoTests" name="[25] /home/travis/build/icyphy/ptII/ptolemy/domains/de/test/auto/DepthTest7.xml (RunModel)" time="0.017" />
  <testcase classname="ptolemy.util.test.junit.AutoTests" name="[26] /home/travis/build/icyphy/ptII/ptolemy/domains/de/test/auto/EventToDate.xml (RunModel)" time="3.036" />
  <testcase classname="ptolemy.util.test.junit.AutoTests" name="[27] /home/travis/build/icyphy/ptII/ptolemy/domains/de/test/auto/FSM1.xml (RunModel)" time="0.028" />
  <testcase classname="ptolemy.util.test.junit.AutoTests" name="[28] /home/travis/build/icyphy/ptII/ptolemy/domains/de/test/auto/FSM7.xml (RunModel)" time="0.027" />
  <testcase classname="ptolemy.util.test.junit.AutoTests" name="[29] /home/travis/build/icyphy/ptII/ptolemy/domains/de/test/auto/Inspection.xml (RunModel)" time="0.035" />
  <testcase classname="ptolemy.util.test.junit.AutoTests" name="[30] /home/travis/build/icyphy/ptII/ptolemy/domains/de/test/auto/Iteration.xml (RunModel)" time="0.018" />
  <testcase classname="ptolemy.util.test.junit.AutoTests" name="[31] /home/travis/build/icyphy/ptII/ptolemy/domains/de/test/auto/LineFault.xml (RunModel)" time="0.537" />
  <testcase classname="ptolemy.util.test.junit.AutoTests" name="[32] /home/travis/build/icyphy/ptII/ptolemy/domains/de/test/auto/MergeModel1Add.xml (RunModel)" time="0.041" />
  <testcase classname="ptolemy.util.test.junit.AutoTests" name="[33] /home/travis/build/icyphy/ptII/ptolemy/domains/de/test/auto/MergeModel2Add.xml (RunModel)" time="0.04" />
  <testcase classname="ptolemy.util.test.junit.AutoTests" name="[34] /home/travis/build/icyphy/ptII/ptolemy/domains/de/test/auto/MergeModel3Add.xml (RunModel)" time="0.038" />
  <testcase classname="ptolemy.util.test.junit.AutoTests" name="[35] /home/travis/build/icyphy/ptII/ptolemy/domains/de/test/auto/MergeWithoutDiscard.xml (RunModel)" time="0.01" />
  <testcase classname="ptolemy.util.test.junit.AutoTests" name="[36] /home/travis/build/icyphy/ptII/ptolemy/domains/de/test/auto/Modal1.xml (RunModel)" time="0.036" />
  <testcase classname="ptolemy.util.test.junit.AutoTests" name="[37] /home/travis/build/icyphy/ptII/ptolemy/domains/de/test/auto/Modal2.xml (RunModel)" time="0.027" />
  <testcase classname="ptolemy.util.test.junit.AutoTests" name="[38] /home/travis/build/icyphy/ptII/ptolemy/domains/de/test/auto/Modal3.xml (RunModel)" time="0.027" />
  <testcase classname="ptolemy.util.test.junit.AutoTests" name="[39] /home/travis/build/icyphy/ptII/ptolemy/domains/de/test/auto/Modal4.xml (RunModel)" time="0.03" />
  <testcase classname="ptolemy.util.test.junit.AutoTests" name="[40] /home/travis/build/icyphy/ptII/ptolemy/domains/de/test/auto/Modal5.xml (RunModel)" time="0.028" />
  <testcase classname="ptolemy.util.test.junit.AutoTests" name="[41] /home/travis/build/icyphy/ptII/ptolemy/domains/de/test/auto/Modal6.xml (RunModel)" time="0.024" />
  <testcase classname="ptolemy.util.test.junit.AutoTests" name="[42] /home/travis/build/icyphy/ptII/ptolemy/domains/de/test/auto/Modal7.xml (RunModel)" time="0.026" />
  <testcase classname="ptolemy.util.test.junit.AutoTests" name="[43] /home/travis/build/icyphy/ptII/ptolemy/domains/de/test/auto/ModalModel.xml (RunModel)" time="0.147" />
  <testcase classname="ptolemy.util.test.junit.AutoTests" name="[44] /home/travis/build/icyphy/ptII/ptolemy/domains/de/test/auto/ModalSource.xml (RunModel)" time="0.019" />
  <testcase classname="ptolemy.util.test.junit.AutoTests" name="[45] /home/travis/build/icyphy/ptII/ptolemy/domains/de/test/auto/NonInterruptibleTimerZeroDelay.xml (RunModel)" time="0.009" />
  <testcase classname="ptolemy.util.test.junit.AutoTests" name="[46] /home/travis/build/icyphy/ptII/ptolemy/domains/de/test/auto/OpenQueueingNetwork.xml (RunModel)" time="2.1" />
  <testcase classname="ptolemy.util.test.junit.AutoTests" name="[47] /home/travis/build/icyphy/ptII/ptolemy/domains/de/test/auto/OpenQueuingNetwork.xml (RunModel)" time="0.251" />
  <testcase classname="ptolemy.util.test.junit.AutoTests" name="[48] /home/travis/build/icyphy/ptII/ptolemy/domains/de/test/auto/PeriodicSampler.xml (RunModel)" time="0.011" />
  <testcase classname="ptolemy.util.test.junit.AutoTests" name="[49] /home/travis/build/icyphy/ptII/ptolemy/domains/de/test/auto/PersistentIO.xml (RunModel)" time="0.017" />
  <testcase classname="ptolemy.util.test.junit.AutoTests" name="[50] /home/travis/build/icyphy/ptII/ptolemy/domains/de/test/auto/PortParameterResetOnInitialize.xml (RunModel)" time="0.009" />
  <testcase classname="ptolemy.util.test.junit.AutoTests" name="[51] /home/travis/build/icyphy/ptII/ptolemy/domains/de/test/auto/PortParameterUpdates.xml (RunModel)" time="0.015" />
  <testcase classname="ptolemy.util.test.junit.AutoTests" name="[52] /home/travis/build/icyphy/ptII/ptolemy/domains/de/test/auto/QueueAndServer.xml (RunModel)" time="0.021" />
  <testcase classname="ptolemy.util.test.junit.AutoTests" name="[53] /home/travis/build/icyphy/ptII/ptolemy/domains/de/test/auto/Records.xml (RunModel)" time="0.021" />
  <testcase classname="ptolemy.util.test.junit.AutoTests" name="[54] /home/travis/build/icyphy/ptII/ptolemy/domains/de/test/auto/ResetTransitionWithStartTime1.xml (RunModel)" time="0.024" />
  <testcase classname="ptolemy.util.test.junit.AutoTests" name="[55] /home/travis/build/icyphy/ptII/ptolemy/domains/de/test/auto/ResetTransitionWithStartTime2.xml (RunModel)" time="0.017" />
  <testcase classname="ptolemy.util.test.junit.AutoTests" name="[56] /home/travis/build/icyphy/ptII/ptolemy/domains/de/test/auto/ResetTransitionWithStartTime3.xml (RunModel)" time="0.021" />
  <testcase classname="ptolemy.util.test.junit.AutoTests" name="[57] /home/travis/build/icyphy/ptII/ptolemy/domains/de/test/auto/ResetTransitionWithStartTime4.xml (RunModel)" time="0.017" />
  <testcase classname="ptolemy.util.test.junit.AutoTests" name="[58] /home/travis/build/icyphy/ptII/ptolemy/domains/de/test/auto/ResettableTimer1.xml (RunModel)" time="0.01" />
  <testcase classname="ptolemy.util.test.junit.AutoTests" name="[59] /home/travis/build/icyphy/ptII/ptolemy/domains/de/test/auto/ResettableTimer2.xml (RunModel)" time="0.009" />
  <testcase classname="ptolemy.util.test.junit.AutoTests" name="[60] /home/travis/build/icyphy/ptII/ptolemy/domains/de/test/auto/ResettableTimer3.xml (RunModel)" time="0.009" />
  <testcase classname="ptolemy.util.test.junit.AutoTests" name="[61] /home/travis/build/icyphy/ptII/ptolemy/domains/de/test/auto/ResettableTimer4.xml (RunModel)" time="0.011" />
  <testcase classname="ptolemy.util.test.junit.AutoTests" name="[62] /home/travis/build/icyphy/ptII/ptolemy/domains/de/test/auto/ResettableTimer5.xml (RunModel)" time="0.009" />
  <testcase classname="ptolemy.util.test.junit.AutoTests" name="[63] /home/travis/build/icyphy/ptII/ptolemy/domains/de/test/auto/ResettableTimer6.xml (RunModel)" time="0.02" />
  <testcase classname="ptolemy.util.test.junit.AutoTests" name="[64] /home/travis/build/icyphy/ptII/ptolemy/domains/de/test/auto/ServerZeroDelay.xml (RunModel)" time="0.011" />
  <testcase classname="ptolemy.util.test.junit.AutoTests" name="[65] /home/travis/build/icyphy/ptII/ptolemy/domains/de/test/auto/SmartSender.xml (RunModel)" time="3.008" />
  <testcase classname="ptolemy.util.test.junit.AutoTests" name="[66] /home/travis/build/icyphy/ptII/ptolemy/domains/de/test/auto/ThreadedComposite.xml (RunModel)" time="0.12" />
  <testcase classname="ptolemy.util.test.junit.AutoTests" name="[67] /home/travis/build/icyphy/ptII/ptolemy/domains/de/test/auto/Time.xml (RunModel)" time="0.398" />
  <testcase classname="ptolemy.util.test.junit.AutoTests" name="[68] /home/travis/build/icyphy/ptII/ptolemy/domains/de/test/auto/TimeDelayZeroDelay.xml (RunModel)" time="0.011" />
  <testcase classname="ptolemy.util.test.junit.AutoTests" name="[69] /home/travis/build/icyphy/ptII/ptolemy/domains/de/test/auto/TimerZeroDelay.xml (RunModel)" time="0.009" />
  <testcase classname="ptolemy.util.test.junit.AutoTests" name="[70] /home/travis/build/icyphy/ptII/ptolemy/domains/de/test/auto/TimingParadox.xml (RunModel)" time="0.332" />
  <testcase classname="ptolemy.util.test.junit.AutoTests" name="[71] /home/travis/build/icyphy/ptII/ptolemy/domains/de/test/auto/TransferInputs.xml (RunModel)" time="0.015" />
  <testcase classname="ptolemy.util.test.junit.AutoTests" name="[72] /home/travis/build/icyphy/ptII/ptolemy/domains/de/test/auto/TransferOutputs2.xml (RunModel)" time="0.015" />
  <testcase classname="ptolemy.util.test.junit.AutoTests" name="[73] /home/travis/build/icyphy/ptII/ptolemy/domains/de/test/auto/Trilateration.xml (RunModel)" time="11.172" />
  <testcase classname="ptolemy.util.test.junit.AutoTests" name="[74] /home/travis/build/icyphy/ptII/ptolemy/domains/de/test/auto/TwoSigmaDelta.xml (RunModel)" time="2.055" />
  <testcase classname="ptolemy.util.test.junit.AutoTests" name="[75] /home/travis/build/icyphy/ptII/ptolemy/domains/de/test/auto/VariableDelay.xml (RunModel)" time="0.01" />
  <testcase classname="ptolemy.util.test.junit.AutoTests" name="[76] /home/travis/build/icyphy/ptII/ptolemy/domains/de/test/auto/VariableDelay2.xml (RunModel)" time="0.008" />
  <testcase classname="ptolemy.util.test.junit.AutoTests" name="[77] /home/travis/build/icyphy/ptII/ptolemy/domains/de/test/auto/VariableDelayZeroDelay.xml (RunModel)" time="0.009" />
  <testcase classname="ptolemy.util.test.junit.AutoTests" name="[78] /home/travis/build/icyphy/ptII/ptolemy/domains/de/test/auto/VariableDelayZeroDelay2.xml (RunModel)" time="0.008" />
  <testcase classname="ptolemy.util.test.junit.AutoTests" name="[79] /home/travis/build/icyphy/ptII/ptolemy/domains/de/test/auto/deInCt.xml (RunModel)" time="0.014" />
  <testcase classname="ptolemy.util.test.junit.AutoTests" name="[80] /home/travis/build/icyphy/ptII/ptolemy/domains/de/test/auto/deInCt2.xml (RunModel)" time="0.014" />
  <testcase classname="ptolemy.util.test.junit.AutoTests" name="[81] /home/travis/build/icyphy/ptII/ptolemy/domains/de/test/auto/dynamicCausalityInterface1.xml (RunModel)" time="0.016" />
  <testcase classname="ptolemy.util.test.junit.AutoTests" name="[82] /home/travis/build/icyphy/ptII/ptolemy/domains/de/test/auto/fsm_de_test.xml (RunModel)" time="0.027" />
  <testcase classname="ptolemy.util.test.junit.AutoTests" name="[83] /home/travis/build/icyphy/ptII/ptolemy/domains/de/test/auto/functionDependencyReconstruction.xml (RunModel)" time="0.033" />
  <testcase classname="ptolemy.util.test.junit.AutoTests" name="[84] /home/travis/build/icyphy/ptII/ptolemy/domains/de/test/auto/multirate.xml (RunModel)" time="0.018" />
  <testcase classname="ptolemy.util.test.junit.AutoTests" name="[85] /home/travis/build/icyphy/ptII/ptolemy/domains/de/test/auto/multirate2.xml (RunModel)" time="0.019" />
  <testcase classname="ptolemy.util.test.junit.AutoTests" name="[86] /home/travis/build/icyphy/ptII/ptolemy/domains/de/test/auto/realtime.xml (RunModel)" time="10.011" />
  <testcase classname="ptolemy.util.test.junit.AutoTests" name="[87] /home/travis/build/icyphy/ptII/ptolemy/domains/de/test/auto/relationGroup.xml (RunModel)" time="0.01" />
  <testcase classname="ptolemy.util.test.junit.AutoTests" name="[88] /home/travis/build/icyphy/ptII/ptolemy/domains/de/test/auto/relationGroup2.xml (RunModel)" time="0.006" />
  <testcase classname="ptolemy.util.test.junit.AutoTests" name="[89] /home/travis/build/icyphy/ptII/ptolemy/domains/de/test/auto/sortWithOpaquePorts.xml (RunModel)" time="0.007" />
  <testcase classname="ptolemy.util.test.junit.AutoTests" name="[90] /home/travis/build/icyphy/ptII/ptolemy/domains/de/test/auto/transferInputsandOutputs.xml (RunModel)" time="0.013" />
  <testcase classname="ptolemy.util.test.junit.AutoTests" name="[91] /home/travis/build/icyphy/ptII/ptolemy/domains/de/test/auto/triggerType.xml (RunModel)" time="0.007" />
  <system-out><![CDATA[/home/travis/build/icyphy/ptII/ptolemy/domains/de/test/DependencyLoop.tcl
testDefs.tcl: setting time out to 9000 seconds at Wed Jun 05 04:30:16 UTC 2019
21 ms. Memory: 116224K Free: 97586K (84%)
32 ms. Memory: 146944K Free: 141158K (96%)
/home/travis/build/icyphy/ptII/ptolemy/domains/de/test/RunDETestsAsQSS.tcl
Run the DE tests using ptolemy.domains.qss.test.QSSDirectorTest, which extends QSSDirector and prints a message in the constructors.
------------------ testing $PTII/ptolemy/domains/de/test/auto/knownFailedTests/dependencyLoop.xml (Known Failure) 
20 ms. Memory: 146944K Free: 136912K (93%)


==== $PTIIhome/travis/build/icyphy/ptII/ptolemy/domains/de/test/../../../../: Auto Automatic test in file $PTII/ptolemy/domains/de/test/auto/knownFailedTests/dependencyLoop.xml
==== Contents of test case:

	    # FIXME: we should use $relativeFilename here, but it
	    # might have backslashes under Windows, which causes no end
	    # of trouble.
	    createAndExecute $file
	    list {}
	
.... Test generated KNOWN error:
    while executing
ptolemy.kernel.util.IllegalActionException: Found a zero delay loop containing .dependencyLoop.original
  in .dependencyLoop and .dependencyLoop.original
	at ptolemy.actor.util.CausalityInterfaceForComposites._computeOutputPortDepth(CausalityInterfaceForComposites.java:759)
	at ptolemy.actor.util.CausalityInterfaceForComposites._computeInputDepth(CausalityInterfaceForComposites.java:696)
	at ptolemy.actor.util.CausalityInterfaceForComposites._computeOutputPortDepth(CausalityInterfaceForComposites.java:765)
	at ptolemy.actor.util.CausalityInterfaceForComposites._computeInputDepth(CausalityInterfaceForComposites.java:696)
	at ptolemy.actor.util.CausalityInterfaceForComposites._computeOutputPortDepth(CausalityInterfaceForComposites.java:765)
	at ptolemy.actor.util.CausalityInterfaceForComposites._computeInputDepth(CausalityInterfaceForComposites.java:696)
	at ptolemy.actor.util.CausalityInterfaceForComposites._computeActorDepth(CausalityInterfaceForComposites.java:532)
	at ptolemy.actor.util.CausalityInterfaceForComposites.checkForCycles(CausalityInterfaceForComposites.java:96)
	at ptolemy.domains.de.kernel.DEDirector.preinitialize(DEDirector.java:1338)
	at ptolemy.actor.CompositeActor.preinitialize(CompositeActor.java:1828)
	at ptolemy.actor.Manager.preinitializeAndResolveTypes(Manager.java:1040)
	at ptolemy.actor.Manager.initialize(Manager.java:710)
	at ptolemy.actor.Manager.execute(Manager.java:356)
	at ptolemy.actor.Manager.run(Manager.java:1263)
	at ptolemy.actor.Manager$PtolemyRunThread.run(Manager.java:1915)

    while executing
ptolemy.kernel.util.IllegalActionException: Found a zero delay loop containing .dependencyLoop.original
  in .dependencyLoop and .dependencyLoop.original
    while executing
"java::new ptolemy.moml.MoMLSimpleApplication $file
"
    (procedure "createAndExecute" line 2)
    invoked from within
"createAndExecute $file"
    ("uplevel" body line 5)
    invoked from within
"uplevel $contents_of_test"
------------------ testing $PTII/ptolemy/domains/de/test/auto/knownFailedTests/DESDFClockTest.xml (Known Failure) 
2082 ms. Memory: 146944K Free: 121350K (83%)


==== $PTIIhome/travis/build/icyphy/ptII/ptolemy/domains/de/test/../../../../: Auto Automatic test in file $PTII/ptolemy/domains/de/test/auto/knownFailedTests/DESDFClockTest.xml
==== Contents of test case:

	    # FIXME: we should use $relativeFilename here, but it
	    # might have backslashes under Windows, which causes no end
	    # of trouble.
	    createAndExecute $file
	    list {}
	
.... Test generated KNOWN error:
    while executing
ptolemy.kernel.util.IllegalActionException: Actor is not ready to fire.  Perhaps UpSample.prefire() returned false? Try debugging the actor by selecting "Listen to Actor".  Also, for SDF check moml for tokenConsumptionRate on input.
  in .DESDFClockTest.Play Bell.Copy1:SDF Director and .DESDFClockTest.Play Bell.UpSample
	at ptolemy.actor.sched.StaticSchedulingDirector.fire(StaticSchedulingDirector.java:227)
	at ptolemy.domains.sdf.kernel.SDFDirector.fire(SDFDirector.java:500)
	at ptolemy.actor.CompositeActor.fire(CompositeActor.java:455)
	at ptolemy.domains.de.kernel.DEDirector._fire(DEDirector.java:1949)
	at ptolemy.domains.de.kernel.DEDirector.fire(DEDirector.java:502)
	at ptolemy.actor.CompositeActor.fire(CompositeActor.java:455)
	at ptolemy.actor.Manager.iterate(Manager.java:851)
	at ptolemy.actor.Manager.execute(Manager.java:369)
	at ptolemy.actor.Manager.run(Manager.java:1263)
	at ptolemy.actor.Manager$PtolemyRunThread.run(Manager.java:1915)

    while executing
ptolemy.kernel.util.IllegalActionException: Actor is not ready to fire.  Perhaps UpSample.prefire() returned false? Try debugging the actor by selecting "Listen to Actor".  Also, for SDF check moml for tokenConsumptionRate on input.
  in .DESDFClockTest.Play Bell.Copy1:SDF Director and .DESDFClockTest.Play Bell.UpSample
    while executing
"java::new ptolemy.moml.MoMLSimpleApplication $file
"
    (procedure "createAndExecute" line 2)
    invoked from within
"createAndExecute $file"
    ("uplevel" body line 5)
    invoked from within
"uplevel $contents_of_test"
------------------ testing $PTII/ptolemy/domains/de/test/auto/knownFailedTests/FSMSource.xml (Known Failure) 
21 ms. Memory: 146944K Free: 112515K (77%)
!!!! Auto was marked as failing, but now passes
------------------ testing $PTII/ptolemy/domains/de/test/auto/knownFailedTests/dependencyLoop2.xml (Known Failure) 
6 ms. Memory: 146944K Free: 110632K (75%)


==== $PTIIhome/travis/build/icyphy/ptII/ptolemy/domains/de/test/../../../../: Auto Automatic test in file $PTII/ptolemy/domains/de/test/auto/knownFailedTests/dependencyLoop2.xml
==== Contents of test case:

	    # FIXME: we should use $relativeFilename here, but it
	    # might have backslashes under Windows, which causes no end
	    # of trouble.
	    createAndExecute $file
	    list {}
	
.... Test generated KNOWN error:
    while executing
ptolemy.kernel.util.IllegalActionException: Found a zero delay loop containing .dependencyLoop2.original
  in .dependencyLoop2 and .dependencyLoop2.original
	at ptolemy.actor.util.CausalityInterfaceForComposites._computeOutputPortDepth(CausalityInterfaceForComposites.java:759)
	at ptolemy.actor.util.CausalityInterfaceForComposites._computeInputDepth(CausalityInterfaceForComposites.java:696)
	at ptolemy.actor.util.CausalityInterfaceForComposites._computeOutputPortDepth(CausalityInterfaceForComposites.java:765)
	at ptolemy.actor.util.CausalityInterfaceForComposites._computeInputDepth(CausalityInterfaceForComposites.java:696)
	at ptolemy.actor.util.CausalityInterfaceForComposites._computeOutputPortDepth(CausalityInterfaceForComposites.java:765)
	at ptolemy.actor.util.CausalityInterfaceForComposites._computeInputDepth(CausalityInterfaceForComposites.java:696)
	at ptolemy.actor.util.CausalityInterfaceForComposites._computeActorDepth(CausalityInterfaceForComposites.java:532)
	at ptolemy.actor.util.CausalityInterfaceForComposites.checkForCycles(CausalityInterfaceForComposites.java:96)
	at ptolemy.domains.de.kernel.DEDirector.preinitialize(DEDirector.java:1338)
	at ptolemy.actor.CompositeActor.preinitialize(CompositeActor.java:1828)
	at ptolemy.actor.Manager.preinitializeAndResolveTypes(Manager.java:1040)
	at ptolemy.actor.Manager.initialize(Manager.java:710)
	at ptolemy.actor.Manager.execute(Manager.java:356)
	at ptolemy.actor.Manager.run(Manager.java:1263)
	at ptolemy.actor.Manager$PtolemyRunThread.run(Manager.java:1915)

    while executing
ptolemy.kernel.util.IllegalActionException: Found a zero delay loop containing .dependencyLoop2.original
  in .dependencyLoop2 and .dependencyLoop2.original
    while executing
"java::new ptolemy.moml.MoMLSimpleApplication $file
"
    (procedure "createAndExecute" line 2)
    invoked from within
"createAndExecute $file"
    ("uplevel" body line 5)
    invoked from within
"uplevel $contents_of_test"
------------------ testing $PTII/ptolemy/domains/de/test/auto/knownFailedTests/HierarchicalModel.xml (Known Failure) 
9 ms. Memory: 146944K Free: 90400K (62%)


==== $PTIIhome/travis/build/icyphy/ptII/ptolemy/domains/de/test/../../../../: Auto Automatic test in file $PTII/ptolemy/domains/de/test/auto/knownFailedTests/HierarchicalModel.xml
==== Contents of test case:

	    # FIXME: we should use $relativeFilename here, but it
	    # might have backslashes under Windows, which causes no end
	    # of trouble.
	    createAndExecute $file
	    list {}
	
.... Test generated KNOWN error:
    while executing
ptolemy.kernel.util.IllegalActionException: Found a zero delay loop containing .HierarchicalModel.A
  in .HierarchicalModel and .HierarchicalModel.A
	at ptolemy.actor.util.CausalityInterfaceForComposites._computeOutputPortDepth(CausalityInterfaceForComposites.java:759)
	at ptolemy.actor.util.CausalityInterfaceForComposites._computeInputDepth(CausalityInterfaceForComposites.java:696)
	at ptolemy.actor.util.CausalityInterfaceForComposites._computeOutputPortDepth(CausalityInterfaceForComposites.java:765)
	at ptolemy.actor.util.CausalityInterfaceForComposites._computeInputDepth(CausalityInterfaceForComposites.java:696)
	at ptolemy.actor.util.CausalityInterfaceForComposites._computeOutputPortDepth(CausalityInterfaceForComposites.java:765)
	at ptolemy.actor.util.CausalityInterfaceForComposites._computeInputDepth(CausalityInterfaceForComposites.java:696)
	at ptolemy.actor.util.CausalityInterfaceForComposites._computeActorDepth(CausalityInterfaceForComposites.java:532)
	at ptolemy.actor.util.CausalityInterfaceForComposites.checkForCycles(CausalityInterfaceForComposites.java:96)
	at ptolemy.domains.de.kernel.DEDirector.preinitialize(DEDirector.java:1338)
	at ptolemy.actor.CompositeActor.preinitialize(CompositeActor.java:1828)
	at ptolemy.actor.Manager.preinitializeAndResolveTypes(Manager.java:1040)
	at ptolemy.actor.Manager.initialize(Manager.java:710)
	at ptolemy.actor.Manager.execute(Manager.java:356)
	at ptolemy.actor.Manager.run(Manager.java:1263)
	at ptolemy.actor.Manager$PtolemyRunThread.run(Manager.java:1915)

    while executing
ptolemy.kernel.util.IllegalActionException: Found a zero delay loop containing .HierarchicalModel.A
  in .HierarchicalModel and .HierarchicalModel.A
    while executing
"java::new ptolemy.moml.MoMLSimpleApplication $file
"
    (procedure "createAndExecute" line 2)
    invoked from within
"createAndExecute $file"
    ("uplevel" body line 5)
    invoked from within
"uplevel $contents_of_test"
------------------ testing $PTII/ptolemy/domains/de/test/auto/knownFailedTests/DirectFeedback.xml (Known Failure) 
12 ms. Memory: 146944K Free: 86290K (59%)


==== $PTIIhome/travis/build/icyphy/ptII/ptolemy/domains/de/test/../../../../: Auto Automatic test in file $PTII/ptolemy/domains/de/test/auto/knownFailedTests/DirectFeedback.xml
==== Contents of test case:

	    # FIXME: we should use $relativeFilename here, but it
	    # might have backslashes under Windows, which causes no end
	    # of trouble.
	    createAndExecute $file
	    list {}
	
.... Test generated KNOWN error:
    while executing
ptolemy.kernel.util.IllegalActionException: Test fails in iteration 1.
Value was: 1.0. Should have been: 2.0
  in .DirectFeedback.Test
	at ptolemy.actor.lib.Test.fire(Test.java:268)
	at ptolemy.domains.de.kernel.DEDirector._fire(DEDirector.java:1949)
	at ptolemy.domains.de.kernel.DEDirector.fire(DEDirector.java:502)
	at ptolemy.actor.CompositeActor.fire(CompositeActor.java:455)
	at ptolemy.actor.Manager.iterate(Manager.java:851)
	at ptolemy.actor.Manager.execute(Manager.java:369)
	at ptolemy.actor.Manager.run(Manager.java:1263)
	at ptolemy.actor.Manager$PtolemyRunThread.run(Manager.java:1915)

    while executing
ptolemy.kernel.util.IllegalActionException: Test fails in iteration 1.
Value was: 1.0. Should have been: 2.0
  in .DirectFeedback.Test
    while executing
"java::new ptolemy.moml.MoMLSimpleApplication $file
"
    (procedure "createAndExecute" line 2)
    invoked from within
"createAndExecute $file"
    ("uplevel" body line 5)
    invoked from within
"uplevel $contents_of_test"
------------------ testing $PTII/ptolemy/domains/de/test/auto/ActorDepthCalculation_actorWithoutPorts.xml
auto.tcl: Setting watchdog for 200 seconds at Wed Jun 05 04:30:19 UTC 2019
8 ms. Memory: 146944K Free: 138662K (94%)
ptolemy.util.test.WatchDog.cancel(): canceling Wed Jun 05 04:30:19 UTC 2019
auto.tcl: Setting watchdog for 200 seconds at Wed Jun 05 04:30:19 UTC 2019
7 ms. Memory: 146944K Free: 137634K (94%)
ptolemy.util.test.WatchDog.cancel(): canceling Wed Jun 05 04:30:19 UTC 2019
------------------ testing $PTII/ptolemy/domains/de/test/auto/AssemblyLine.xml
auto.tcl: Setting watchdog for 200 seconds at Wed Jun 05 04:30:20 UTC 2019
25 ms. Memory: 208384K Free: 188664K (91%)
ptolemy.util.test.WatchDog.cancel(): canceling Wed Jun 05 04:30:20 UTC 2019
auto.tcl: Setting watchdog for 200 seconds at Wed Jun 05 04:30:20 UTC 2019
23 ms. Memory: 208384K Free: 187845K (90%)
ptolemy.util.test.WatchDog.cancel(): canceling Wed Jun 05 04:30:20 UTC 2019
------------------ testing $PTII/ptolemy/domains/de/test/auto/CQBug1.xml
auto.tcl: Setting watchdog for 200 seconds at Wed Jun 05 04:30:20 UTC 2019
10 ms. Memory: 208384K Free: 196651K (94%)
ptolemy.util.test.WatchDog.cancel(): canceling Wed Jun 05 04:30:20 UTC 2019
auto.tcl: Setting watchdog for 200 seconds at Wed Jun 05 04:30:20 UTC 2019
2 ms. Memory: 208384K Free: 196651K (94%)
ptolemy.util.test.WatchDog.cancel(): canceling Wed Jun 05 04:30:20 UTC 2019
------------------ testing $PTII/ptolemy/domains/de/test/auto/CancelFireAt.xml
auto.tcl: Setting watchdog for 200 seconds at Wed Jun 05 04:30:20 UTC 2019
18 ms. Memory: 208384K Free: 200092K (96%)
ptolemy.util.test.WatchDog.cancel(): canceling Wed Jun 05 04:30:20 UTC 2019
auto.tcl: Setting watchdog for 200 seconds at Wed Jun 05 04:30:20 UTC 2019
4 ms. Memory: 208384K Free: 198035K (95%)
ptolemy.util.test.WatchDog.cancel(): canceling Wed Jun 05 04:30:20 UTC 2019
------------------ testing $PTII/ptolemy/domains/de/test/auto/CausalityAndComposabilityAnalysis.xml
auto.tcl: Setting watchdog for 200 seconds at Wed Jun 05 04:30:20 UTC 2019
17 ms. Memory: 208384K Free: 198575K (95%)
ptolemy.util.test.WatchDog.cancel(): canceling Wed Jun 05 04:30:20 UTC 2019
auto.tcl: Setting watchdog for 200 seconds at Wed Jun 05 04:30:20 UTC 2019
5 ms. Memory: 208384K Free: 196519K (94%)
ptolemy.util.test.WatchDog.cancel(): canceling Wed Jun 05 04:30:20 UTC 2019
------------------ testing $PTII/ptolemy/domains/de/test/auto/CausalityInterface1.xml
auto.tcl: Setting watchdog for 200 seconds at Wed Jun 05 04:30:20 UTC 2019
10 ms. Memory: 208384K Free: 198513K (95%)
ptolemy.util.test.WatchDog.cancel(): canceling Wed Jun 05 04:30:20 UTC 2019
auto.tcl: Setting watchdog for 200 seconds at Wed Jun 05 04:30:20 UTC 2019
5 ms. Memory: 208384K Free: 196456K (94%)
ptolemy.util.test.WatchDog.cancel(): canceling Wed Jun 05 04:30:20 UTC 2019
------------------ testing $PTII/ptolemy/domains/de/test/auto/CausalityInterface15.xml
auto.tcl: Setting watchdog for 200 seconds at Wed Jun 05 04:30:20 UTC 2019
10 ms. Memory: 208384K Free: 196447K (94%)
ptolemy.util.test.WatchDog.cancel(): canceling Wed Jun 05 04:30:20 UTC 2019
auto.tcl: Setting watchdog for 200 seconds at Wed Jun 05 04:30:20 UTC 2019
3 ms. Memory: 208384K Free: 196447K (94%)
ptolemy.util.test.WatchDog.cancel(): canceling Wed Jun 05 04:30:20 UTC 2019
------------------ testing $PTII/ptolemy/domains/de/test/auto/CausalityInterface2.xml
auto.tcl: Setting watchdog for 200 seconds at Wed Jun 05 04:30:20 UTC 2019
7 ms. Memory: 208384K Free: 196430K (94%)
ptolemy.util.test.WatchDog.cancel(): canceling Wed Jun 05 04:30:21 UTC 2019
auto.tcl: Setting watchdog for 200 seconds at Wed Jun 05 04:30:21 UTC 2019
7 ms. Memory: 208384K Free: 196430K (94%)
ptolemy.util.test.WatchDog.cancel(): canceling Wed Jun 05 04:30:21 UTC 2019
------------------ testing $PTII/ptolemy/domains/de/test/auto/CausalityInterface3.xml
auto.tcl: Setting watchdog for 200 seconds at Wed Jun 05 04:30:21 UTC 2019
7 ms. Memory: 208384K Free: 196443K (94%)
ptolemy.util.test.WatchDog.cancel(): canceling Wed Jun 05 04:30:21 UTC 2019
auto.tcl: Setting watchdog for 200 seconds at Wed Jun 05 04:30:21 UTC 2019
2 ms. Memory: 208384K Free: 196443K (94%)
ptolemy.util.test.WatchDog.cancel(): canceling Wed Jun 05 04:30:21 UTC 2019
------------------ testing $PTII/ptolemy/domains/de/test/auto/ClockDrift.xml
auto.tcl: Setting watchdog for 200 seconds at Wed Jun 05 04:30:21 UTC 2019
79 ms. Memory: 208384K Free: 187804K (90%)
ptolemy.util.test.WatchDog.cancel(): canceling Wed Jun 05 04:30:21 UTC 2019
auto.tcl: Setting watchdog for 200 seconds at Wed Jun 05 04:30:21 UTC 2019
66 ms. Memory: 208384K Free: 185748K (89%)
ptolemy.util.test.WatchDog.cancel(): canceling Wed Jun 05 04:30:21 UTC 2019
------------------ testing $PTII/ptolemy/domains/de/test/auto/ClockDriftAndValueChange.xml
auto.tcl: Setting watchdog for 200 seconds at Wed Jun 05 04:30:21 UTC 2019
31 ms. Memory: 208384K Free: 189697K (91%)
ptolemy.util.test.WatchDog.cancel(): canceling Wed Jun 05 04:30:21 UTC 2019
auto.tcl: Setting watchdog for 200 seconds at Wed Jun 05 04:30:21 UTC 2019
22 ms. Memory: 208384K Free: 185584K (89%)
ptolemy.util.test.WatchDog.cancel(): canceling Wed Jun 05 04:30:21 UTC 2019
------------------ testing $PTII/ptolemy/domains/de/test/auto/ClockDriftChange.xml
auto.tcl: Setting watchdog for 200 seconds at Wed Jun 05 04:30:21 UTC 2019
42 ms. Memory: 208384K Free: 190921K (92%)
ptolemy.util.test.WatchDog.cancel(): canceling Wed Jun 05 04:30:21 UTC 2019
auto.tcl: Setting watchdog for 200 seconds at Wed Jun 05 04:30:21 UTC 2019
29 ms. Memory: 208384K Free: 188865K (91%)
ptolemy.util.test.WatchDog.cancel(): canceling Wed Jun 05 04:30:21 UTC 2019
------------------ testing $PTII/ptolemy/domains/de/test/auto/ComposableCausalityAnalysis.xml
auto.tcl: Setting watchdog for 200 seconds at Wed Jun 05 04:30:21 UTC 2019
3 ms. Memory: 208384K Free: 196298K (94%)
ptolemy.util.test.WatchDog.cancel(): canceling Wed Jun 05 04:30:21 UTC 2019
auto.tcl: Setting watchdog for 200 seconds at Wed Jun 05 04:30:21 UTC 2019
1 ms. Memory: 208384K Free: 196298K (94%)
ptolemy.util.test.WatchDog.cancel(): canceling Wed Jun 05 04:30:21 UTC 2019
------------------ testing $PTII/ptolemy/domains/de/test/auto/DEFixedPointLimitation.xml
auto.tcl: Setting watchdog for 200 seconds at Wed Jun 05 04:30:21 UTC 2019
2 ms. Memory: 208384K Free: 198233K (95%)
ptolemy.util.test.WatchDog.cancel(): canceling Wed Jun 05 04:30:21 UTC 2019
auto.tcl: Setting watchdog for 200 seconds at Wed Jun 05 04:30:21 UTC 2019
1 ms. Memory: 208384K Free: 196176K (94%)
ptolemy.util.test.WatchDog.cancel(): canceling Wed Jun 05 04:30:21 UTC 2019
------------------ testing $PTII/ptolemy/domains/de/test/auto/DEScheduleTest.xml
auto.tcl: Setting watchdog for 200 seconds at Wed Jun 05 04:30:21 UTC 2019
4 ms. Memory: 208384K Free: 198267K (95%)
ptolemy.util.test.WatchDog.cancel(): canceling Wed Jun 05 04:30:21 UTC 2019
auto.tcl: Setting watchdog for 200 seconds at Wed Jun 05 04:30:21 UTC 2019
2 ms. Memory: 208384K Free: 196211K (94%)
ptolemy.util.test.WatchDog.cancel(): canceling Wed Jun 05 04:30:21 UTC 2019
------------------ testing $PTII/ptolemy/domains/de/test/auto/DEinDEwithStartTimes.xml
auto.tcl: Setting watchdog for 200 seconds at Wed Jun 05 04:30:22 UTC 2019
7 ms. Memory: 208384K Free: 196699K (94%)
ptolemy.util.test.WatchDog.cancel(): canceling Wed Jun 05 04:30:22 UTC 2019
auto.tcl: Setting watchdog for 200 seconds at Wed Jun 05 04:30:22 UTC 2019
6 ms. Memory: 208384K Free: 196699K (94%)
ptolemy.util.test.WatchDog.cancel(): canceling Wed Jun 05 04:30:22 UTC 2019
------------------ testing $PTII/ptolemy/domains/de/test/auto/DEinDEwithStartTimes2.xml
auto.tcl: Setting watchdog for 200 seconds at Wed Jun 05 04:30:22 UTC 2019
6 ms. Memory: 208384K Free: 196160K (94%)
ptolemy.util.test.WatchDog.cancel(): canceling Wed Jun 05 04:30:22 UTC 2019
auto.tcl: Setting watchdog for 200 seconds at Wed Jun 05 04:30:22 UTC 2019
4 ms. Memory: 208384K Free: 194103K (93%)
ptolemy.util.test.WatchDog.cancel(): canceling Wed Jun 05 04:30:22 UTC 2019
------------------ testing $PTII/ptolemy/domains/de/test/auto/DateDemo.xml
auto.tcl: Setting watchdog for 200 seconds at Wed Jun 05 04:30:22 UTC 2019
8 ms. Memory: 208384K Free: 188720K (91%)
ptolemy.util.test.WatchDog.cancel(): canceling Wed Jun 05 04:30:22 UTC 2019
auto.tcl: Setting watchdog for 200 seconds at Wed Jun 05 04:30:22 UTC 2019
6 ms. Memory: 208384K Free: 186663K (90%)
ptolemy.util.test.WatchDog.cancel(): canceling Wed Jun 05 04:30:22 UTC 2019
------------------ testing $PTII/ptolemy/domains/de/test/auto/DateToEvent.xml
auto.tcl: Setting watchdog for 200 seconds at Wed Jun 05 04:30:22 UTC 2019
2021 ms. Memory: 208384K Free: 183557K (88%)
ptolemy.util.test.WatchDog.cancel(): canceling Wed Jun 05 04:30:24 UTC 2019
auto.tcl: Setting watchdog for 200 seconds at Wed Jun 05 04:30:24 UTC 2019
2005 ms. Memory: 208384K Free: 183557K (88%)
ptolemy.util.test.WatchDog.cancel(): canceling Wed Jun 05 04:30:26 UTC 2019
------------------ testing $PTII/ptolemy/domains/de/test/auto/DepthTest1.xml
auto.tcl: Setting watchdog for 200 seconds at Wed Jun 05 04:30:26 UTC 2019
4 ms. Memory: 208384K Free: 198315K (95%)
ptolemy.util.test.WatchDog.cancel(): canceling Wed Jun 05 04:30:26 UTC 2019
auto.tcl: Setting watchdog for 200 seconds at Wed Jun 05 04:30:26 UTC 2019
3 ms. Memory: 208384K Free: 198315K (95%)
ptolemy.util.test.WatchDog.cancel(): canceling Wed Jun 05 04:30:26 UTC 2019
------------------ testing $PTII/ptolemy/domains/de/test/auto/DepthTest2.xml
auto.tcl: Setting watchdog for 200 seconds at Wed Jun 05 04:30:26 UTC 2019
9 ms. Memory: 208384K Free: 194115K (93%)
ptolemy.util.test.WatchDog.cancel(): canceling Wed Jun 05 04:30:26 UTC 2019
auto.tcl: Setting watchdog for 200 seconds at Wed Jun 05 04:30:26 UTC 2019
5 ms. Memory: 208384K Free: 194115K (93%)
ptolemy.util.test.WatchDog.cancel(): canceling Wed Jun 05 04:30:26 UTC 2019
------------------ testing $PTII/ptolemy/domains/de/test/auto/DepthTest3.xml
auto.tcl: Setting watchdog for 200 seconds at Wed Jun 05 04:30:26 UTC 2019
2 ms. Memory: 208384K Free: 198650K (95%)
ptolemy.util.test.WatchDog.cancel(): canceling Wed Jun 05 04:30:26 UTC 2019
auto.tcl: Setting watchdog for 200 seconds at Wed Jun 05 04:30:26 UTC 2019
1 ms. Memory: 208384K Free: 198650K (95%)
ptolemy.util.test.WatchDog.cancel(): canceling Wed Jun 05 04:30:26 UTC 2019
------------------ testing $PTII/ptolemy/domains/de/test/auto/DepthTest4.xml
auto.tcl: Setting watchdog for 200 seconds at Wed Jun 05 04:30:26 UTC 2019
5 ms. Memory: 208384K Free: 196160K (94%)
ptolemy.util.test.WatchDog.cancel(): canceling Wed Jun 05 04:30:26 UTC 2019
auto.tcl: Setting watchdog for 200 seconds at Wed Jun 05 04:30:26 UTC 2019
2 ms. Memory: 208384K Free: 196160K (94%)
ptolemy.util.test.WatchDog.cancel(): canceling Wed Jun 05 04:30:26 UTC 2019
------------------ testing $PTII/ptolemy/domains/de/test/auto/DepthTest5.xml
auto.tcl: Setting watchdog for 200 seconds at Wed Jun 05 04:30:26 UTC 2019
3 ms. Memory: 208384K Free: 196107K (94%)
ptolemy.util.test.WatchDog.cancel(): canceling Wed Jun 05 04:30:26 UTC 2019
auto.tcl: Setting watchdog for 200 seconds at Wed Jun 05 04:30:26 UTC 2019
3 ms. Memory: 208384K Free: 196107K (94%)
ptolemy.util.test.WatchDog.cancel(): canceling Wed Jun 05 04:30:26 UTC 2019
------------------ testing $PTII/ptolemy/domains/de/test/auto/DepthTest6.xml
auto.tcl: Setting watchdog for 200 seconds at Wed Jun 05 04:30:26 UTC 2019
13 ms. Memory: 208384K Free: 196602K (94%)
ptolemy.util.test.WatchDog.cancel(): canceling Wed Jun 05 04:30:26 UTC 2019
auto.tcl: Setting watchdog for 200 seconds at Wed Jun 05 04:30:26 UTC 2019
2 ms. Memory: 208384K Free: 196602K (94%)
ptolemy.util.test.WatchDog.cancel(): canceling Wed Jun 05 04:30:26 UTC 2019
------------------ testing $PTII/ptolemy/domains/de/test/auto/DepthTest7.xml
auto.tcl: Setting watchdog for 200 seconds at Wed Jun 05 04:30:26 UTC 2019
5 ms. Memory: 208384K Free: 196065K (94%)
ptolemy.util.test.WatchDog.cancel(): canceling Wed Jun 05 04:30:26 UTC 2019
auto.tcl: Setting watchdog for 200 seconds at Wed Jun 05 04:30:26 UTC 2019
2 ms. Memory: 208384K Free: 196065K (94%)
ptolemy.util.test.WatchDog.cancel(): canceling Wed Jun 05 04:30:26 UTC 2019
------------------ testing $PTII/ptolemy/domains/de/test/auto/EventToDate.xml
auto.tcl: Setting watchdog for 200 seconds at Wed Jun 05 04:30:27 UTC 2019
3005 ms. Memory: 208384K Free: 187851K (90%)
ptolemy.util.test.WatchDog.cancel(): canceling Wed Jun 05 04:30:30 UTC 2019
auto.tcl: Setting watchdog for 200 seconds at Wed Jun 05 04:30:30 UTC 2019
3005 ms. Memory: 208384K Free: 185794K (89%)
ptolemy.util.test.WatchDog.cancel(): canceling Wed Jun 05 04:30:33 UTC 2019
------------------ testing $PTII/ptolemy/domains/de/test/auto/FSM1.xml
auto.tcl: Setting watchdog for 200 seconds at Wed Jun 05 04:30:33 UTC 2019
28 ms. Memory: 208384K Free: 189204K (91%)
ptolemy.util.test.WatchDog.cancel(): canceling Wed Jun 05 04:30:33 UTC 2019
auto.tcl: Setting watchdog for 200 seconds at Wed Jun 05 04:30:33 UTC 2019
26 ms. Memory: 208384K Free: 185091K (89%)
ptolemy.util.test.WatchDog.cancel(): canceling Wed Jun 05 04:30:33 UTC 2019
------------------ testing $PTII/ptolemy/domains/de/test/auto/FSM7.xml
auto.tcl: Setting watchdog for 200 seconds at Wed Jun 05 04:30:33 UTC 2019
33 ms. Memory: 208384K Free: 189407K (91%)
ptolemy.util.test.WatchDog.cancel(): canceling Wed Jun 05 04:30:33 UTC 2019
auto.tcl: Setting watchdog for 200 seconds at Wed Jun 05 04:30:33 UTC 2019
15 ms. Memory: 208384K Free: 185293K (89%)
ptolemy.util.test.WatchDog.cancel(): canceling Wed Jun 05 04:30:33 UTC 2019
------------------ testing $PTII/ptolemy/domains/de/test/auto/Inspection.xml
auto.tcl: Setting watchdog for 200 seconds at Wed Jun 05 04:30:33 UTC 2019
47 ms. Memory: 208384K Free: 189067K (91%)
ptolemy.util.test.WatchDog.cancel(): canceling Wed Jun 05 04:30:33 UTC 2019
auto.tcl: Setting watchdog for 200 seconds at Wed Jun 05 04:30:33 UTC 2019
31 ms. Memory: 208384K Free: 186491K (89%)
ptolemy.util.test.WatchDog.cancel(): canceling Wed Jun 05 04:30:33 UTC 2019
------------------ testing $PTII/ptolemy/domains/de/test/auto/Iteration.xml
auto.tcl: Setting watchdog for 200 seconds at Wed Jun 05 04:30:33 UTC 2019
8 ms. Memory: 208384K Free: 195871K (94%)
ptolemy.util.test.WatchDog.cancel(): canceling Wed Jun 05 04:30:33 UTC 2019
auto.tcl: Setting watchdog for 200 seconds at Wed Jun 05 04:30:33 UTC 2019
6 ms. Memory: 208384K Free: 193814K (93%)
ptolemy.util.test.WatchDog.cancel(): canceling Wed Jun 05 04:30:33 UTC 2019
------------------ testing $PTII/ptolemy/domains/de/test/auto/LineFault.xml
auto.tcl: Setting watchdog for 200 seconds at Wed Jun 05 04:30:33 UTC 2019
712 ms. Memory: 208384K Free: 199324K (96%)
ptolemy.util.test.WatchDog.cancel(): canceling Wed Jun 05 04:30:34 UTC 2019
auto.tcl: Setting watchdog for 200 seconds at Wed Jun 05 04:30:34 UTC 2019
649 ms. Memory: 208384K Free: 141821K (68%)
ptolemy.util.test.WatchDog.cancel(): canceling Wed Jun 05 04:30:35 UTC 2019
------------------ testing $PTII/ptolemy/domains/de/test/auto/MergeModel1Add.xml
auto.tcl: Setting watchdog for 200 seconds at Wed Jun 05 04:30:35 UTC 2019
22 ms. Memory: 331264K Free: 300436K (91%)
ptolemy.util.test.WatchDog.cancel(): canceling Wed Jun 05 04:30:35 UTC 2019
auto.tcl: Setting watchdog for 200 seconds at Wed Jun 05 04:30:35 UTC 2019
10 ms. Memory: 331264K Free: 300436K (91%)
ptolemy.util.test.WatchDog.cancel(): canceling Wed Jun 05 04:30:35 UTC 2019
------------------ testing $PTII/ptolemy/domains/de/test/auto/MergeModel2Add.xml
auto.tcl: Setting watchdog for 200 seconds at Wed Jun 05 04:30:35 UTC 2019
9 ms. Memory: 331264K Free: 305399K (92%)
ptolemy.util.test.WatchDog.cancel(): canceling Wed Jun 05 04:30:35 UTC 2019
auto.tcl: Setting watchdog for 200 seconds at Wed Jun 05 04:30:35 UTC 2019
7 ms. Memory: 331264K Free: 301805K (91%)
ptolemy.util.test.WatchDog.cancel(): canceling Wed Jun 05 04:30:35 UTC 2019
------------------ testing $PTII/ptolemy/domains/de/test/auto/MergeModel3Add.xml
auto.tcl: Setting watchdog for 200 seconds at Wed Jun 05 04:30:35 UTC 2019
11 ms. Memory: 331264K Free: 305409K (92%)
ptolemy.util.test.WatchDog.cancel(): canceling Wed Jun 05 04:30:35 UTC 2019
auto.tcl: Setting watchdog for 200 seconds at Wed Jun 05 04:30:35 UTC 2019
10 ms. Memory: 331264K Free: 301815K (91%)
ptolemy.util.test.WatchDog.cancel(): canceling Wed Jun 05 04:30:35 UTC 2019
------------------ testing $PTII/ptolemy/domains/de/test/auto/MergeWithoutDiscard.xml
auto.tcl: Setting watchdog for 200 seconds at Wed Jun 05 04:30:35 UTC 2019
2 ms. Memory: 331264K Free: 316863K (96%)
ptolemy.util.test.WatchDog.cancel(): canceling Wed Jun 05 04:30:35 UTC 2019
auto.tcl: Setting watchdog for 200 seconds at Wed Jun 05 04:30:35 UTC 2019
1 ms. Memory: 331264K Free: 316863K (96%)
ptolemy.util.test.WatchDog.cancel(): canceling Wed Jun 05 04:30:35 UTC 2019
------------------ testing $PTII/ptolemy/domains/de/test/auto/Modal1.xml
auto.tcl: Setting watchdog for 200 seconds at Wed Jun 05 04:30:35 UTC 2019
11 ms. Memory: 331264K Free: 310419K (94%)
ptolemy.util.test.WatchDog.cancel(): canceling Wed Jun 05 04:30:35 UTC 2019
auto.tcl: Setting watchdog for 200 seconds at Wed Jun 05 04:30:35 UTC 2019
11 ms. Memory: 331264K Free: 306825K (93%)
ptolemy.util.test.WatchDog.cancel(): canceling Wed Jun 05 04:30:35 UTC 2019
------------------ testing $PTII/ptolemy/domains/de/test/auto/Modal2.xml
auto.tcl: Setting watchdog for 200 seconds at Wed Jun 05 04:30:35 UTC 2019
17 ms. Memory: 331264K Free: 310293K (94%)
ptolemy.util.test.WatchDog.cancel(): canceling Wed Jun 05 04:30:35 UTC 2019
auto.tcl: Setting watchdog for 200 seconds at Wed Jun 05 04:30:35 UTC 2019
19 ms. Memory: 331264K Free: 306699K (93%)
ptolemy.util.test.WatchDog.cancel(): canceling Wed Jun 05 04:30:36 UTC 2019
------------------ testing $PTII/ptolemy/domains/de/test/auto/Modal3.xml
auto.tcl: Setting watchdog for 200 seconds at Wed Jun 05 04:30:36 UTC 2019
16 ms. Memory: 331264K Free: 310966K (94%)
ptolemy.util.test.WatchDog.cancel(): canceling Wed Jun 05 04:30:36 UTC 2019
auto.tcl: Setting watchdog for 200 seconds at Wed Jun 05 04:30:36 UTC 2019
13 ms. Memory: 331264K Free: 306697K (93%)
ptolemy.util.test.WatchDog.cancel(): canceling Wed Jun 05 04:30:36 UTC 2019
------------------ testing $PTII/ptolemy/domains/de/test/auto/Modal4.xml
auto.tcl: Setting watchdog for 200 seconds at Wed Jun 05 04:30:36 UTC 2019
25 ms. Memory: 331264K Free: 310320K (94%)
ptolemy.util.test.WatchDog.cancel(): canceling Wed Jun 05 04:30:36 UTC 2019
auto.tcl: Setting watchdog for 200 seconds at Wed Jun 05 04:30:36 UTC 2019
13 ms. Memory: 331264K Free: 306727K (93%)
ptolemy.util.test.WatchDog.cancel(): canceling Wed Jun 05 04:30:36 UTC 2019
------------------ testing $PTII/ptolemy/domains/de/test/auto/Modal5.xml
auto.tcl: Setting watchdog for 200 seconds at Wed Jun 05 04:30:36 UTC 2019
16 ms. Memory: 331264K Free: 310299K (94%)
ptolemy.util.test.WatchDog.cancel(): canceling Wed Jun 05 04:30:36 UTC 2019
auto.tcl: Setting watchdog for 200 seconds at Wed Jun 05 04:30:36 UTC 2019
11 ms. Memory: 331264K Free: 306705K (93%)
ptolemy.util.test.WatchDog.cancel(): canceling Wed Jun 05 04:30:36 UTC 2019
------------------ testing $PTII/ptolemy/domains/de/test/auto/Modal6.xml
auto.tcl: Setting watchdog for 200 seconds at Wed Jun 05 04:30:36 UTC 2019
11 ms. Memory: 331264K Free: 310304K (94%)
ptolemy.util.test.WatchDog.cancel(): canceling Wed Jun 05 04:30:36 UTC 2019
auto.tcl: Setting watchdog for 200 seconds at Wed Jun 05 04:30:36 UTC 2019
12 ms. Memory: 331264K Free: 306710K (93%)
ptolemy.util.test.WatchDog.cancel(): canceling Wed Jun 05 04:30:36 UTC 2019
------------------ testing $PTII/ptolemy/domains/de/test/auto/Modal7.xml
auto.tcl: Setting watchdog for 200 seconds at Wed Jun 05 04:30:36 UTC 2019
17 ms. Memory: 331264K Free: 306711K (93%)
ptolemy.util.test.WatchDog.cancel(): canceling Wed Jun 05 04:30:36 UTC 2019
auto.tcl: Setting watchdog for 200 seconds at Wed Jun 05 04:30:36 UTC 2019
12 ms. Memory: 331264K Free: 303117K (92%)
ptolemy.util.test.WatchDog.cancel(): canceling Wed Jun 05 04:30:36 UTC 2019
------------------ testing $PTII/ptolemy/domains/de/test/auto/ModalModel.xml
auto.tcl: Setting watchdog for 200 seconds at Wed Jun 05 04:30:36 UTC 2019
165 ms. Memory: 331264K Free: 247881K (75%)
ptolemy.util.test.WatchDog.cancel(): canceling Wed Jun 05 04:30:36 UTC 2019
auto.tcl: Setting watchdog for 200 seconds at Wed Jun 05 04:30:36 UTC 2019
173 ms. Memory: 331264K Free: 190379K (57%)
ptolemy.util.test.WatchDog.cancel(): canceling Wed Jun 05 04:30:37 UTC 2019
------------------ testing $PTII/ptolemy/domains/de/test/auto/ModalSource.xml
auto.tcl: Setting watchdog for 200 seconds at Wed Jun 05 04:30:37 UTC 2019
6 ms. Memory: 331264K Free: 316622K (96%)
ptolemy.util.test.WatchDog.cancel(): canceling Wed Jun 05 04:30:37 UTC 2019
auto.tcl: Setting watchdog for 200 seconds at Wed Jun 05 04:30:37 UTC 2019
6 ms. Memory: 331264K Free: 313334K (95%)
ptolemy.util.test.WatchDog.cancel(): canceling Wed Jun 05 04:30:37 UTC 2019
------------------ testing $PTII/ptolemy/domains/de/test/auto/NonInterruptibleTimerZeroDelay.xml
auto.tcl: Setting watchdog for 200 seconds at Wed Jun 05 04:30:37 UTC 2019
3 ms. Memory: 331264K Free: 321001K (97%)
ptolemy.util.test.WatchDog.cancel(): canceling Wed Jun 05 04:30:37 UTC 2019
auto.tcl: Setting watchdog for 200 seconds at Wed Jun 05 04:30:37 UTC 2019
2 ms. Memory: 331264K Free: 317713K (96%)
ptolemy.util.test.WatchDog.cancel(): canceling Wed Jun 05 04:30:37 UTC 2019
------------------ testing $PTII/ptolemy/domains/de/test/auto/OpenQueueingNetwork.xml
auto.tcl: Setting watchdog for 200 seconds at Wed Jun 05 04:30:37 UTC 2019
2903 ms. Memory: 573952K Free: 413606K (72%)
ptolemy.util.test.WatchDog.cancel(): canceling Wed Jun 05 04:30:40 UTC 2019
auto.tcl: Setting watchdog for 200 seconds at Wed Jun 05 04:30:40 UTC 2019
2122 ms. Memory: 574464K Free: 353508K (62%)
ptolemy.util.test.WatchDog.cancel(): canceling Wed Jun 05 04:30:42 UTC 2019
------------------ testing $PTII/ptolemy/domains/de/test/auto/OpenQueuingNetwork.xml
auto.tcl: Setting watchdog for 200 seconds at Wed Jun 05 04:30:42 UTC 2019
236 ms. Memory: 1064960K Free: 926463K (87%)
ptolemy.util.test.WatchDog.cancel(): canceling Wed Jun 05 04:30:42 UTC 2019
auto.tcl: Setting watchdog for 200 seconds at Wed Jun 05 04:30:42 UTC 2019
212 ms. Memory: 1064960K Free: 871474K (82%)
ptolemy.util.test.WatchDog.cancel(): canceling Wed Jun 05 04:30:42 UTC 2019
------------------ testing $PTII/ptolemy/domains/de/test/auto/PeriodicSampler.xml
auto.tcl: Setting watchdog for 200 seconds at Wed Jun 05 04:30:43 UTC 2019
3 ms. Memory: 1065472K Free: 1039526K (98%)
ptolemy.util.test.WatchDog.cancel(): canceling Wed Jun 05 04:30:43 UTC 2019
auto.tcl: Setting watchdog for 200 seconds at Wed Jun 05 04:30:43 UTC 2019
2 ms. Memory: 1065472K Free: 1039526K (98%)
ptolemy.util.test.WatchDog.cancel(): canceling Wed Jun 05 04:30:43 UTC 2019
------------------ testing $PTII/ptolemy/domains/de/test/auto/PersistentIO.xml
auto.tcl: Setting watchdog for 200 seconds at Wed Jun 05 04:30:43 UTC 2019
5 ms. Memory: 1065472K Free: 1040115K (98%)
ptolemy.util.test.WatchDog.cancel(): canceling Wed Jun 05 04:30:43 UTC 2019
auto.tcl: Setting watchdog for 200 seconds at Wed Jun 05 04:30:43 UTC 2019
4 ms. Memory: 1065472K Free: 1040115K (98%)
ptolemy.util.test.WatchDog.cancel(): canceling Wed Jun 05 04:30:43 UTC 2019
------------------ testing $PTII/ptolemy/domains/de/test/auto/PortParameterResetOnInitialize.xml
auto.tcl: Setting watchdog for 200 seconds at Wed Jun 05 04:30:43 UTC 2019
2 ms. Memory: 1065472K Free: 1030156K (97%)
ptolemy.util.test.WatchDog.cancel(): canceling Wed Jun 05 04:30:43 UTC 2019
auto.tcl: Setting watchdog for 200 seconds at Wed Jun 05 04:30:43 UTC 2019
1 ms. Memory: 1065472K Free: 1030156K (97%)
ptolemy.util.test.WatchDog.cancel(): canceling Wed Jun 05 04:30:43 UTC 2019
------------------ testing $PTII/ptolemy/domains/de/test/auto/PortParameterUpdates.xml
auto.tcl: Setting watchdog for 200 seconds at Wed Jun 05 04:30:43 UTC 2019
5 ms. Memory: 1065472K Free: 1030290K (97%)
ptolemy.util.test.WatchDog.cancel(): canceling Wed Jun 05 04:30:43 UTC 2019
auto.tcl: Setting watchdog for 200 seconds at Wed Jun 05 04:30:43 UTC 2019
3 ms. Memory: 1065472K Free: 1030290K (97%)
ptolemy.util.test.WatchDog.cancel(): canceling Wed Jun 05 04:30:43 UTC 2019
------------------ testing $PTII/ptolemy/domains/de/test/auto/QueueAndServer.xml
auto.tcl: Setting watchdog for 200 seconds at Wed Jun 05 04:30:43 UTC 2019
12 ms. Memory: 1065472K Free: 1029114K (97%)
ptolemy.util.test.WatchDog.cancel(): canceling Wed Jun 05 04:30:43 UTC 2019
auto.tcl: Setting watchdog for 200 seconds at Wed Jun 05 04:30:43 UTC 2019
6 ms. Memory: 1065472K Free: 1029114K (97%)
ptolemy.util.test.WatchDog.cancel(): canceling Wed Jun 05 04:30:43 UTC 2019
------------------ testing $PTII/ptolemy/domains/de/test/auto/Records.xml
auto.tcl: Setting watchdog for 200 seconds at Wed Jun 05 04:30:43 UTC 2019
7 ms. Memory: 1065472K Free: 1029055K (97%)
ptolemy.util.test.WatchDog.cancel(): canceling Wed Jun 05 04:30:43 UTC 2019
auto.tcl: Setting watchdog for 200 seconds at Wed Jun 05 04:30:43 UTC 2019
2 ms. Memory: 1065472K Free: 1029055K (97%)
ptolemy.util.test.WatchDog.cancel(): canceling Wed Jun 05 04:30:43 UTC 2019
------------------ testing $PTII/ptolemy/domains/de/test/auto/ResetTransitionWithStartTime1.xml
auto.tcl: Setting watchdog for 200 seconds at Wed Jun 05 04:30:43 UTC 2019
16 ms. Memory: 1065472K Free: 1040040K (98%)
ptolemy.util.test.WatchDog.cancel(): canceling Wed Jun 05 04:30:43 UTC 2019
auto.tcl: Setting watchdog for 200 seconds at Wed Jun 05 04:30:43 UTC 2019
5 ms. Memory: 1065472K Free: 1038900K (98%)
ptolemy.util.test.WatchDog.cancel(): canceling Wed Jun 05 04:30:43 UTC 2019
------------------ testing $PTII/ptolemy/domains/de/test/auto/ResetTransitionWithStartTime2.xml
auto.tcl: Setting watchdog for 200 seconds at Wed Jun 05 04:30:43 UTC 2019
8 ms. Memory: 1064448K Free: 1039007K (98%)
ptolemy.util.test.WatchDog.cancel(): canceling Wed Jun 05 04:30:43 UTC 2019
auto.tcl: Setting watchdog for 200 seconds at Wed Jun 05 04:30:43 UTC 2019
5 ms. Memory: 1064448K Free: 1039007K (98%)
ptolemy.util.test.WatchDog.cancel(): canceling Wed Jun 05 04:30:43 UTC 2019
------------------ testing $PTII/ptolemy/domains/de/test/auto/ResetTransitionWithStartTime3.xml
auto.tcl: Setting watchdog for 200 seconds at Wed Jun 05 04:30:43 UTC 2019
10 ms. Memory: 1064960K Free: 1038240K (97%)
ptolemy.util.test.WatchDog.cancel(): canceling Wed Jun 05 04:30:43 UTC 2019
auto.tcl: Setting watchdog for 200 seconds at Wed Jun 05 04:30:43 UTC 2019
6 ms. Memory: 1064960K Free: 1038240K (97%)
ptolemy.util.test.WatchDog.cancel(): canceling Wed Jun 05 04:30:43 UTC 2019
------------------ testing $PTII/ptolemy/domains/de/test/auto/ResetTransitionWithStartTime4.xml
auto.tcl: Setting watchdog for 200 seconds at Wed Jun 05 04:30:43 UTC 2019
3 ms. Memory: 1064960K Free: 1038238K (97%)
ptolemy.util.test.WatchDog.cancel(): canceling Wed Jun 05 04:30:43 UTC 2019
auto.tcl: Setting watchdog for 200 seconds at Wed Jun 05 04:30:43 UTC 2019
4 ms. Memory: 1064960K Free: 1038238K (97%)
ptolemy.util.test.WatchDog.cancel(): canceling Wed Jun 05 04:30:43 UTC 2019
------------------ testing $PTII/ptolemy/domains/de/test/auto/ResettableTimer1.xml
auto.tcl: Setting watchdog for 200 seconds at Wed Jun 05 04:30:43 UTC 2019
2 ms. Memory: 1064960K Free: 1038233K (97%)
ptolemy.util.test.WatchDog.cancel(): canceling Wed Jun 05 04:30:43 UTC 2019
auto.tcl: Setting watchdog for 200 seconds at Wed Jun 05 04:30:43 UTC 2019
2 ms. Memory: 1064960K Free: 1038233K (97%)
ptolemy.util.test.WatchDog.cancel(): canceling Wed Jun 05 04:30:43 UTC 2019
------------------ testing $PTII/ptolemy/domains/de/test/auto/ResettableTimer2.xml
auto.tcl: Setting watchdog for 200 seconds at Wed Jun 05 04:30:43 UTC 2019
2 ms. Memory: 1064960K Free: 1039431K (98%)
ptolemy.util.test.WatchDog.cancel(): canceling Wed Jun 05 04:30:43 UTC 2019
auto.tcl: Setting watchdog for 200 seconds at Wed Jun 05 04:30:43 UTC 2019
2 ms. Memory: 1064960K Free: 1039431K (98%)
ptolemy.util.test.WatchDog.cancel(): canceling Wed Jun 05 04:30:43 UTC 2019
------------------ testing $PTII/ptolemy/domains/de/test/auto/ResettableTimer3.xml
auto.tcl: Setting watchdog for 200 seconds at Wed Jun 05 04:30:43 UTC 2019
1 ms. Memory: 1064960K Free: 1038291K (97%)
ptolemy.util.test.WatchDog.cancel(): canceling Wed Jun 05 04:30:43 UTC 2019
auto.tcl: Setting watchdog for 200 seconds at Wed Jun 05 04:30:43 UTC 2019
1 ms. Memory: 1064960K Free: 1038291K (97%)
ptolemy.util.test.WatchDog.cancel(): canceling Wed Jun 05 04:30:43 UTC 2019
------------------ testing $PTII/ptolemy/domains/de/test/auto/ResettableTimer4.xml
auto.tcl: Setting watchdog for 200 seconds at Wed Jun 05 04:30:44 UTC 2019
2 ms. Memory: 1063936K Free: 1038419K (98%)
ptolemy.util.test.WatchDog.cancel(): canceling Wed Jun 05 04:30:44 UTC 2019
auto.tcl: Setting watchdog for 200 seconds at Wed Jun 05 04:30:44 UTC 2019
1 ms. Memory: 1063936K Free: 1038419K (98%)
ptolemy.util.test.WatchDog.cancel(): canceling Wed Jun 05 04:30:44 UTC 2019
------------------ testing $PTII/ptolemy/domains/de/test/auto/ResettableTimer5.xml
auto.tcl: Setting watchdog for 200 seconds at Wed Jun 05 04:30:44 UTC 2019
1 ms. Memory: 1064448K Free: 1029109K (97%)
ptolemy.util.test.WatchDog.cancel(): canceling Wed Jun 05 04:30:44 UTC 2019
auto.tcl: Setting watchdog for 200 seconds at Wed Jun 05 04:30:44 UTC 2019
2 ms. Memory: 1064448K Free: 1029109K (97%)
ptolemy.util.test.WatchDog.cancel(): canceling Wed Jun 05 04:30:44 UTC 2019
------------------ testing $PTII/ptolemy/domains/de/test/auto/ResettableTimer6.xml
auto.tcl: Setting watchdog for 200 seconds at Wed Jun 05 04:30:44 UTC 2019
2 ms. Memory: 1064448K Free: 1027919K (97%)
ptolemy.util.test.WatchDog.cancel(): canceling Wed Jun 05 04:30:44 UTC 2019
auto.tcl: Setting watchdog for 200 seconds at Wed Jun 05 04:30:44 UTC 2019
2 ms. Memory: 1064448K Free: 1027919K (97%)
ptolemy.util.test.WatchDog.cancel(): canceling Wed Jun 05 04:30:44 UTC 2019
------------------ testing $PTII/ptolemy/domains/de/test/auto/ServerZeroDelay.xml
auto.tcl: Setting watchdog for 200 seconds at Wed Jun 05 04:30:44 UTC 2019
3 ms. Memory: 1064448K Free: 1038869K (98%)
ptolemy.util.test.WatchDog.cancel(): canceling Wed Jun 05 04:30:44 UTC 2019
auto.tcl: Setting watchdog for 200 seconds at Wed Jun 05 04:30:44 UTC 2019
2 ms. Memory: 1064448K Free: 1038869K (98%)
ptolemy.util.test.WatchDog.cancel(): canceling Wed Jun 05 04:30:44 UTC 2019
------------------ testing $PTII/ptolemy/domains/de/test/auto/SmartSender.xml
auto.tcl: Setting watchdog for 200 seconds at Wed Jun 05 04:30:44 UTC 2019
3002 ms. Memory: 1064448K Free: 1029045K (97%)
ptolemy.util.test.WatchDog.cancel(): canceling Wed Jun 05 04:30:47 UTC 2019
auto.tcl: Setting watchdog for 200 seconds at Wed Jun 05 04:30:47 UTC 2019
3001 ms. Memory: 1064448K Free: 1009405K (95%)
ptolemy.util.test.WatchDog.cancel(): canceling Wed Jun 05 04:30:50 UTC 2019
------------------ testing $PTII/ptolemy/domains/de/test/auto/ThreadedComposite.xml
auto.tcl: Setting watchdog for 200 seconds at Wed Jun 05 04:30:50 UTC 2019
208 ms. Memory: 1064448K Free: 1016899K (96%)
ptolemy.util.test.WatchDog.cancel(): canceling Wed Jun 05 04:30:50 UTC 2019
auto.tcl: Setting watchdog for 200 seconds at Wed Jun 05 04:30:50 UTC 2019
106 ms. Memory: 1064448K Free: 1007079K (95%)
ptolemy.util.test.WatchDog.cancel(): canceling Wed Jun 05 04:30:50 UTC 2019
------------------ testing $PTII/ptolemy/domains/de/test/auto/Time.xml
auto.tcl: Setting watchdog for 200 seconds at Wed Jun 05 04:30:50 UTC 2019
492 ms. Memory: 1064448K Free: 988349K (93%)
ptolemy.util.test.WatchDog.cancel(): canceling Wed Jun 05 04:30:51 UTC 2019
auto.tcl: Setting watchdog for 200 seconds at Wed Jun 05 04:30:51 UTC 2019
492 ms. Memory: 1064448K Free: 933332K (88%)
ptolemy.util.test.WatchDog.cancel(): canceling Wed Jun 05 04:30:51 UTC 2019
------------------ testing $PTII/ptolemy/domains/de/test/auto/TimeDelayZeroDelay.xml
auto.tcl: Setting watchdog for 200 seconds at Wed Jun 05 04:30:51 UTC 2019
5 ms. Memory: 1064448K Free: 1037647K (97%)
ptolemy.util.test.WatchDog.cancel(): canceling Wed Jun 05 04:30:51 UTC 2019
auto.tcl: Setting watchdog for 200 seconds at Wed Jun 05 04:30:51 UTC 2019
1 ms. Memory: 1064448K Free: 1037647K (97%)
ptolemy.util.test.WatchDog.cancel(): canceling Wed Jun 05 04:30:51 UTC 2019
------------------ testing $PTII/ptolemy/domains/de/test/auto/TimerZeroDelay.xml
auto.tcl: Setting watchdog for 200 seconds at Wed Jun 05 04:30:51 UTC 2019
4 ms. Memory: 1063424K Free: 1037807K (98%)
ptolemy.util.test.WatchDog.cancel(): canceling Wed Jun 05 04:30:51 UTC 2019
auto.tcl: Setting watchdog for 200 seconds at Wed Jun 05 04:30:51 UTC 2019
2 ms. Memory: 1063424K Free: 1037807K (98%)
ptolemy.util.test.WatchDog.cancel(): canceling Wed Jun 05 04:30:51 UTC 2019
------------------ testing $PTII/ptolemy/domains/de/test/auto/TimingParadox.xml
auto.tcl: Setting watchdog for 200 seconds at Wed Jun 05 04:30:51 UTC 2019
356 ms. Memory: 1063936K Free: 974691K (92%)
ptolemy.util.test.WatchDog.cancel(): canceling Wed Jun 05 04:30:52 UTC 2019
auto.tcl: Setting watchdog for 200 seconds at Wed Jun 05 04:30:52 UTC 2019
330 ms. Memory: 1063936K Free: 941681K (89%)
ptolemy.util.test.WatchDog.cancel(): canceling Wed Jun 05 04:30:52 UTC 2019
------------------ testing $PTII/ptolemy/domains/de/test/auto/TransferInputs.xml
auto.tcl: Setting watchdog for 200 seconds at Wed Jun 05 04:30:52 UTC 2019
2 ms. Memory: 1063424K Free: 1036779K (97%)
ptolemy.util.test.WatchDog.cancel(): canceling Wed Jun 05 04:30:52 UTC 2019
auto.tcl: Setting watchdog for 200 seconds at Wed Jun 05 04:30:52 UTC 2019
1 ms. Memory: 1063424K Free: 1036779K (97%)
ptolemy.util.test.WatchDog.cancel(): canceling Wed Jun 05 04:30:52 UTC 2019
------------------ testing $PTII/ptolemy/domains/de/test/auto/TransferOutputs2.xml
auto.tcl: Setting watchdog for 200 seconds at Wed Jun 05 04:30:52 UTC 2019
2 ms. Memory: 1063936K Free: 1038392K (98%)
ptolemy.util.test.WatchDog.cancel(): canceling Wed Jun 05 04:30:52 UTC 2019
auto.tcl: Setting watchdog for 200 seconds at Wed Jun 05 04:30:52 UTC 2019
3 ms. Memory: 1063936K Free: 1038392K (98%)
ptolemy.util.test.WatchDog.cancel(): canceling Wed Jun 05 04:30:52 UTC 2019
------------------ testing $PTII/ptolemy/domains/de/test/auto/Trilateration.xml
auto.tcl: Setting watchdog for 200 seconds at Wed Jun 05 04:30:52 UTC 2019
14398 ms. Memory: 933376K Free: 791168K (85%)
ptolemy.util.test.WatchDog.cancel(): canceling Wed Jun 05 04:31:08 UTC 2019
auto.tcl: Setting watchdog for 200 seconds at Wed Jun 05 04:31:08 UTC 2019
10801 ms. Memory: 812544K Free: 512966K (63%)
ptolemy.util.test.WatchDog.cancel(): canceling Wed Jun 05 04:31:19 UTC 2019
------------------ testing $PTII/ptolemy/domains/de/test/auto/TwoSigmaDelta.xml
auto.tcl: Setting watchdog for 200 seconds at Wed Jun 05 04:31:19 UTC 2019
2877 ms. Memory: 816640K Free: 511928K (63%)
ptolemy.util.test.WatchDog.cancel(): canceling Wed Jun 05 04:31:22 UTC 2019
auto.tcl: Setting watchdog for 200 seconds at Wed Jun 05 04:31:22 UTC 2019
2075 ms. Memory: 816640K Free: 278907K (34%)
ptolemy.util.test.WatchDog.cancel(): canceling Wed Jun 05 04:31:24 UTC 2019
------------------ testing $PTII/ptolemy/domains/de/test/auto/VariableDelay.xml
auto.tcl: Setting watchdog for 200 seconds at Wed Jun 05 04:31:24 UTC 2019
3 ms. Memory: 813056K Free: 789989K (97%)
ptolemy.util.test.WatchDog.cancel(): canceling Wed Jun 05 04:31:24 UTC 2019
auto.tcl: Setting watchdog for 200 seconds at Wed Jun 05 04:31:24 UTC 2019
1 ms. Memory: 813056K Free: 789989K (97%)
ptolemy.util.test.WatchDog.cancel(): canceling Wed Jun 05 04:31:24 UTC 2019
------------------ testing $PTII/ptolemy/domains/de/test/auto/VariableDelay2.xml
auto.tcl: Setting watchdog for 200 seconds at Wed Jun 05 04:31:24 UTC 2019
3 ms. Memory: 812544K Free: 789988K (97%)
ptolemy.util.test.WatchDog.cancel(): canceling Wed Jun 05 04:31:24 UTC 2019
auto.tcl: Setting watchdog for 200 seconds at Wed Jun 05 04:31:24 UTC 2019
6 ms. Memory: 812544K Free: 789988K (97%)
ptolemy.util.test.WatchDog.cancel(): canceling Wed Jun 05 04:31:24 UTC 2019
------------------ testing $PTII/ptolemy/domains/de/test/auto/VariableDelayZeroDelay.xml
auto.tcl: Setting watchdog for 200 seconds at Wed Jun 05 04:31:24 UTC 2019
2 ms. Memory: 812544K Free: 789987K (97%)
ptolemy.util.test.WatchDog.cancel(): canceling Wed Jun 05 04:31:24 UTC 2019
auto.tcl: Setting watchdog for 200 seconds at Wed Jun 05 04:31:24 UTC 2019
2 ms. Memory: 812544K Free: 789987K (97%)
ptolemy.util.test.WatchDog.cancel(): canceling Wed Jun 05 04:31:24 UTC 2019
------------------ testing $PTII/ptolemy/domains/de/test/auto/VariableDelayZeroDelay2.xml
auto.tcl: Setting watchdog for 200 seconds at Wed Jun 05 04:31:24 UTC 2019
2 ms. Memory: 816128K Free: 786258K (96%)
ptolemy.util.test.WatchDog.cancel(): canceling Wed Jun 05 04:31:24 UTC 2019
auto.tcl: Setting watchdog for 200 seconds at Wed Jun 05 04:31:24 UTC 2019
2 ms. Memory: 816128K Free: 786258K (96%)
ptolemy.util.test.WatchDog.cancel(): canceling Wed Jun 05 04:31:24 UTC 2019
------------------ testing $PTII/ptolemy/domains/de/test/auto/deInCt.xml
auto.tcl: Setting watchdog for 200 seconds at Wed Jun 05 04:31:24 UTC 2019
0
1
1
1
0
0
0
0
0
1
1
1
0
0
0
1
1
1
0
0
0
1
1
0
0
0
1
1
1
1
0
0
0
1
1
1
0
0
0
0
20 ms. Memory: 812544K Free: 782671K (96%)
ptolemy.util.test.WatchDog.cancel(): canceling Wed Jun 05 04:31:24 UTC 2019
auto.tcl: Setting watchdog for 200 seconds at Wed Jun 05 04:31:24 UTC 2019
0
1
1
1
1
0
0
0
1
1
1
0
0
0
1
1
1
0
0
1
1
1
1
1
0
0
0
0
1
1
1
0
0
1
1
1
0
0
0
0
0
9 ms. Memory: 812544K Free: 782671K (96%)
ptolemy.util.test.WatchDog.cancel(): canceling Wed Jun 05 04:31:24 UTC 2019
------------------ testing $PTII/ptolemy/domains/de/test/auto/deInCt2.xml
auto.tcl: Setting watchdog for 200 seconds at Wed Jun 05 04:31:24 UTC 2019
0
1
1
1
0
0
1
1
1
0
0
1
1
1
0
0
1
1
1
0
0
1
1
1
0
0
1
1
1
0
0
1
1
1
0
0
1
1
1
0
0
0
6 ms. Memory: 815616K Free: 785644K (96%)
ptolemy.util.test.WatchDog.cancel(): canceling Wed Jun 05 04:31:24 UTC 2019
auto.tcl: Setting watchdog for 200 seconds at Wed Jun 05 04:31:24 UTC 2019
0
1
1
1
0
0
1
1
1
0
0
1
1
1
0
0
1
1
1
0
0
1
1
1
0
0
1
1
1
0
0
1
1
1
0
0
1
1
1
0
0
0
6 ms. Memory: 815616K Free: 785644K (96%)
ptolemy.util.test.WatchDog.cancel(): canceling Wed Jun 05 04:31:24 UTC 2019
------------------ testing $PTII/ptolemy/domains/de/test/auto/dynamicCausalityInterface1.xml
auto.tcl: Setting watchdog for 200 seconds at Wed Jun 05 04:31:24 UTC 2019
1 ms. Memory: 812544K Free: 782666K (96%)
ptolemy.util.test.WatchDog.cancel(): canceling Wed Jun 05 04:31:24 UTC 2019
auto.tcl: Setting watchdog for 200 seconds at Wed Jun 05 04:31:24 UTC 2019
1 ms. Memory: 812544K Free: 782666K (96%)
ptolemy.util.test.WatchDog.cancel(): canceling Wed Jun 05 04:31:24 UTC 2019
------------------ testing $PTII/ptolemy/domains/de/test/auto/fsm_de_test.xml
auto.tcl: Setting watchdog for 200 seconds at Wed Jun 05 04:31:24 UTC 2019
14 ms. Memory: 815104K Free: 785120K (96%)
ptolemy.util.test.WatchDog.cancel(): canceling Wed Jun 05 04:31:24 UTC 2019
auto.tcl: Setting watchdog for 200 seconds at Wed Jun 05 04:31:24 UTC 2019
5 ms. Memory: 815104K Free: 785120K (96%)
ptolemy.util.test.WatchDog.cancel(): canceling Wed Jun 05 04:31:24 UTC 2019
------------------ testing $PTII/ptolemy/domains/de/test/auto/functionDependencyReconstruction.xml
auto.tcl: Setting watchdog for 200 seconds at Wed Jun 05 04:31:24 UTC 2019
3 ms. Memory: 812544K Free: 772162K (95%)
ptolemy.util.test.WatchDog.cancel(): canceling Wed Jun 05 04:31:24 UTC 2019
auto.tcl: Setting watchdog for 200 seconds at Wed Jun 05 04:31:24 UTC 2019
2 ms. Memory: 812544K Free: 772162K (95%)
ptolemy.util.test.WatchDog.cancel(): canceling Wed Jun 05 04:31:24 UTC 2019
------------------ testing $PTII/ptolemy/domains/de/test/auto/multirate.xml
auto.tcl: Setting watchdog for 200 seconds at Wed Jun 05 04:31:24 UTC 2019
6 ms. Memory: 814592K Free: 784376K (96%)
ptolemy.util.test.WatchDog.cancel(): canceling Wed Jun 05 04:31:24 UTC 2019
auto.tcl: Setting watchdog for 200 seconds at Wed Jun 05 04:31:24 UTC 2019
3 ms. Memory: 814592K Free: 784376K (96%)
ptolemy.util.test.WatchDog.cancel(): canceling Wed Jun 05 04:31:24 UTC 2019
------------------ testing $PTII/ptolemy/domains/de/test/auto/multirate2.xml
auto.tcl: Setting watchdog for 200 seconds at Wed Jun 05 04:31:24 UTC 2019
8 ms. Memory: 812544K Free: 782615K (96%)
ptolemy.util.test.WatchDog.cancel(): canceling Wed Jun 05 04:31:25 UTC 2019
auto.tcl: Setting watchdog for 200 seconds at Wed Jun 05 04:31:25 UTC 2019
3 ms. Memory: 812544K Free: 782615K (96%)
ptolemy.util.test.WatchDog.cancel(): canceling Wed Jun 05 04:31:25 UTC 2019
------------------ testing $PTII/ptolemy/domains/de/test/auto/realtime.xml
auto.tcl: Setting watchdog for 200 seconds at Wed Jun 05 04:31:25 UTC 2019
10001 ms. Memory: 814592K Free: 784563K (96%)
ptolemy.util.test.WatchDog.cancel(): canceling Wed Jun 05 04:31:35 UTC 2019
auto.tcl: Setting watchdog for 200 seconds at Wed Jun 05 04:31:35 UTC 2019
10001 ms. Memory: 814592K Free: 784563K (96%)
ptolemy.util.test.WatchDog.cancel(): canceling Wed Jun 05 04:31:45 UTC 2019
------------------ testing $PTII/ptolemy/domains/de/test/auto/relationGroup.xml
auto.tcl: Setting watchdog for 200 seconds at Wed Jun 05 04:31:45 UTC 2019
2 ms. Memory: 812544K Free: 789950K (97%)
ptolemy.util.test.WatchDog.cancel(): canceling Wed Jun 05 04:31:45 UTC 2019
auto.tcl: Setting watchdog for 200 seconds at Wed Jun 05 04:31:45 UTC 2019
2 ms. Memory: 812544K Free: 789950K (97%)
ptolemy.util.test.WatchDog.cancel(): canceling Wed Jun 05 04:31:45 UTC 2019
------------------ testing $PTII/ptolemy/domains/de/test/auto/relationGroup2.xml
auto.tcl: Setting watchdog for 200 seconds at Wed Jun 05 04:31:45 UTC 2019
5 ms. Memory: 814080K Free: 784202K (96%)
ptolemy.util.test.WatchDog.cancel(): canceling Wed Jun 05 04:31:45 UTC 2019
auto.tcl: Setting watchdog for 200 seconds at Wed Jun 05 04:31:45 UTC 2019
2 ms. Memory: 814080K Free: 784202K (96%)
ptolemy.util.test.WatchDog.cancel(): canceling Wed Jun 05 04:31:45 UTC 2019
------------------ testing $PTII/ptolemy/domains/de/test/auto/sortWithOpaquePorts.xml
auto.tcl: Setting watchdog for 200 seconds at Wed Jun 05 04:31:45 UTC 2019
2 ms. Memory: 812544K Free: 789977K (97%)
ptolemy.util.test.WatchDog.cancel(): canceling Wed Jun 05 04:31:45 UTC 2019
auto.tcl: Setting watchdog for 200 seconds at Wed Jun 05 04:31:45 UTC 2019
2 ms. Memory: 812544K Free: 789977K (97%)
ptolemy.util.test.WatchDog.cancel(): canceling Wed Jun 05 04:31:45 UTC 2019
------------------ testing $PTII/ptolemy/domains/de/test/auto/transferInputsandOutputs.xml
auto.tcl: Setting watchdog for 200 seconds at Wed Jun 05 04:31:45 UTC 2019
2 ms. Memory: 814080K Free: 784189K (96%)
ptolemy.util.test.WatchDog.cancel(): canceling Wed Jun 05 04:31:45 UTC 2019
auto.tcl: Setting watchdog for 200 seconds at Wed Jun 05 04:31:45 UTC 2019
2 ms. Memory: 814080K Free: 784189K (96%)
ptolemy.util.test.WatchDog.cancel(): canceling Wed Jun 05 04:31:45 UTC 2019
------------------ testing $PTII/ptolemy/domains/de/test/auto/triggerType.xml
auto.tcl: Setting watchdog for 200 seconds at Wed Jun 05 04:31:45 UTC 2019
1 ms. Memory: 812544K Free: 782602K (96%)
ptolemy.util.test.WatchDog.cancel(): canceling Wed Jun 05 04:31:45 UTC 2019
auto.tcl: Setting watchdog for 200 seconds at Wed Jun 05 04:31:45 UTC 2019
2 ms. Memory: 812544K Free: 782602K (96%)
ptolemy.util.test.WatchDog.cancel(): canceling Wed Jun 05 04:31:45 UTC 2019
06/05/19 04:31:45
Failed: 0  Total Tests: 192  ((Passed: 187, Newly Passed: 1)  Known Failed: 5) /home/travis/build/icyphy/ptII/ptolemy/domains/de/test
06/05/19 04:31:45
Failed: 0  Total Tests: 192  ((Passed: 187, Newly Passed: 1)  Known Failed: 5) /home/travis/build/icyphy/ptII/ptolemy/domains/de/test
----------------- testing (KnownFailure) /home/travis/build/icyphy/ptII/ptolemy/domains/de/test/auto/knownFailedTests/DESDFClockTest.xml
2011 ms. Memory: 813568K Free: 769056K (95%)
Known Failure: java.lang.reflect.InvocationTargetException
----------------- testing (KnownFailure) /home/travis/build/icyphy/ptII/ptolemy/domains/de/test/auto/knownFailedTests/DirectFeedback.xml
1 ms. Memory: 813568K Free: 710565K (87%)
Known Failure: java.lang.reflect.InvocationTargetException
----------------- testing (KnownFailure) /home/travis/build/icyphy/ptII/ptolemy/domains/de/test/auto/knownFailedTests/FSMSource.xml
14 ms. Memory: 813568K Free: 652074K (80%)
----------------- testing (KnownFailure) /home/travis/build/icyphy/ptII/ptolemy/domains/de/test/auto/knownFailedTests/HierarchicalModel.xml
2 ms. Memory: 813568K Free: 608091K (75%)
Known Failure: java.lang.reflect.InvocationTargetException
----------------- testing (KnownFailure) /home/travis/build/icyphy/ptII/ptolemy/domains/de/test/auto/knownFailedTests/dependencyLoop.xml
2 ms. Memory: 813568K Free: 549600K (68%)
Known Failure: java.lang.reflect.InvocationTargetException
----------------- testing (KnownFailure) /home/travis/build/icyphy/ptII/ptolemy/domains/de/test/auto/knownFailedTests/dependencyLoop2.xml
1 ms. Memory: 813568K Free: 491109K (60%)
Known Failure: java.lang.reflect.InvocationTargetException
No auto/linux-amd64/*.xml tests in /home/travis/build/icyphy/ptII/ptolemy/domains/de/test
AutoTests.java: About to close Vertx.
AutoTests.java: Vertx closed.

===========================================================================================
----------------- testing Wed Jun 05 04:31:47 UTC 2019 /home/travis/build/icyphy/ptII/ptolemy/domains/de/test/auto/ActorDepthCalculation_actorWithoutPorts.xml
----------------- Instantiating /home/travis/build/icyphy/ptII/ptolemy/domains/de/test/auto/ActorDepthCalculation_actorWithoutPorts.xml
1 ms. Memory: 813568K Free: 417995K (51%)
----------------- Invoking toplevel() on ptolemy.moml.MoMLSimpleApplication@fbb3ea4
----------------- Done invoking toplevel() on ptolemy.moml.MoMLSimpleApplication@fbb3ea4
reloadAllAccessors: .ActorDepthCalculation_actorWithoutPorts

===========================================================================================
----------------- testing Wed Jun 05 04:31:47 UTC 2019 /home/travis/build/icyphy/ptII/ptolemy/domains/de/test/auto/AssemblyLine.xml
----------------- Instantiating /home/travis/build/icyphy/ptII/ptolemy/domains/de/test/auto/AssemblyLine.xml
2 ms. Memory: 813568K Free: 388750K (48%)
----------------- Invoking toplevel() on ptolemy.moml.MoMLSimpleApplication@76a74948
----------------- Done invoking toplevel() on ptolemy.moml.MoMLSimpleApplication@76a74948
reloadAllAccessors: .AssemblyLine

===========================================================================================
----------------- testing Wed Jun 05 04:31:47 UTC 2019 /home/travis/build/icyphy/ptII/ptolemy/domains/de/test/auto/CQBug1.xml
----------------- Instantiating /home/travis/build/icyphy/ptII/ptolemy/domains/de/test/auto/CQBug1.xml
3 ms. Memory: 813568K Free: 359504K (44%)
----------------- Invoking toplevel() on ptolemy.moml.MoMLSimpleApplication@39eb5e10
----------------- Done invoking toplevel() on ptolemy.moml.MoMLSimpleApplication@39eb5e10
reloadAllAccessors: .CQBug1

===========================================================================================
----------------- testing Wed Jun 05 04:31:47 UTC 2019 /home/travis/build/icyphy/ptII/ptolemy/domains/de/test/auto/CancelFireAt.xml
----------------- Instantiating /home/travis/build/icyphy/ptII/ptolemy/domains/de/test/auto/CancelFireAt.xml
2 ms. Memory: 813568K Free: 330259K (41%)
----------------- Invoking toplevel() on ptolemy.moml.MoMLSimpleApplication@1fd8d774
----------------- Done invoking toplevel() on ptolemy.moml.MoMLSimpleApplication@1fd8d774
reloadAllAccessors: .CancelFireAt

===========================================================================================
----------------- testing Wed Jun 05 04:31:47 UTC 2019 /home/travis/build/icyphy/ptII/ptolemy/domains/de/test/auto/CausalityAndComposabilityAnalysis.xml
----------------- Instantiating /home/travis/build/icyphy/ptII/ptolemy/domains/de/test/auto/CausalityAndComposabilityAnalysis.xml
1 ms. Memory: 813568K Free: 301013K (37%)
----------------- Invoking toplevel() on ptolemy.moml.MoMLSimpleApplication@69c7fb31
----------------- Done invoking toplevel() on ptolemy.moml.MoMLSimpleApplication@69c7fb31
reloadAllAccessors: .CausalityAndComposabilityAnalysis

===========================================================================================
----------------- testing Wed Jun 05 04:31:47 UTC 2019 /home/travis/build/icyphy/ptII/ptolemy/domains/de/test/auto/CausalityInterface1.xml
----------------- Instantiating /home/travis/build/icyphy/ptII/ptolemy/domains/de/test/auto/CausalityInterface1.xml
4 ms. Memory: 813568K Free: 271768K (33%)
----------------- Invoking toplevel() on ptolemy.moml.MoMLSimpleApplication@272113b4
----------------- Done invoking toplevel() on ptolemy.moml.MoMLSimpleApplication@272113b4
reloadAllAccessors: .CausalityInterface1

===========================================================================================
----------------- testing Wed Jun 05 04:31:47 UTC 2019 /home/travis/build/icyphy/ptII/ptolemy/domains/de/test/auto/CausalityInterface15.xml
----------------- Instantiating /home/travis/build/icyphy/ptII/ptolemy/domains/de/test/auto/CausalityInterface15.xml
8 ms. Memory: 813568K Free: 242522K (30%)
----------------- Invoking toplevel() on ptolemy.moml.MoMLSimpleApplication@13aba183
[...]
java.lang.RuntimeException: Execution failed
	at ptolemy.moml.MoMLSimpleApplication$UnloadThread.run(MoMLSimpleApplication.java:402)
Caused by: ptolemy.kernel.util.IllegalActionException: Test fails in iteration 1.
Value was: 1.0. Should have been: 2.0
  in .DirectFeedback.Test
	at ptolemy.actor.lib.Test.fire(Test.java:268)
	at ptolemy.domains.de.kernel.DEDirector._fire(DEDirector.java:1949)
	at ptolemy.domains.de.kernel.DEDirector.fire(DEDirector.java:502)
	at ptolemy.actor.CompositeActor.fire(CompositeActor.java:455)
	at ptolemy.actor.Manager.iterate(Manager.java:851)
	at ptolemy.actor.Manager.execute(Manager.java:369)
	at ptolemy.actor.Manager.run(Manager.java:1263)
	at ptolemy.actor.Manager$PtolemyRunThread.run(Manager.java:1915)
java.lang.RuntimeException: Execution failed
	at ptolemy.moml.MoMLSimpleApplication$UnloadThread.run(MoMLSimpleApplication.java:402)
Caused by: ptolemy.kernel.util.IllegalActionException: Actor is not ready to fire.  Perhaps UpSample.prefire() returned false? Try debugging the actor by selecting "Listen to Actor".  Also, for SDF check moml for tokenConsumptionRate on input.
  in .DESDFClockTest.Play Bell.Copy1:SDF Director and .DESDFClockTest.Play Bell.UpSample
	at ptolemy.actor.sched.StaticSchedulingDirector.fire(StaticSchedulingDirector.java:227)
	at ptolemy.domains.sdf.kernel.SDFDirector.fire(SDFDirector.java:500)
	at ptolemy.actor.CompositeActor.fire(CompositeActor.java:455)
	at ptolemy.domains.de.kernel.DEDirector._fire(DEDirector.java:1949)
	at ptolemy.domains.de.kernel.DEDirector.fire(DEDirector.java:502)
	at ptolemy.actor.CompositeActor.fire(CompositeActor.java:455)
	at ptolemy.actor.Manager.iterate(Manager.java:851)
	at ptolemy.actor.Manager.execute(Manager.java:369)
	at ptolemy.actor.Manager.run(Manager.java:1263)
	at ptolemy.actor.Manager$PtolemyRunThread.run(Manager.java:1915)
java.lang.reflect.InvocationTargetException
	at sun.reflect.NativeConstructorAccessorImpl.newInstance0(Native Method)
	at sun.reflect.NativeConstructorAccessorImpl.newInstance(NativeConstructorAccessorImpl.java:62)
	at sun.reflect.DelegatingConstructorAccessorImpl.newInstance(DelegatingConstructorAccessorImpl.java:45)
	at java.lang.reflect.Constructor.newInstance(Constructor.java:423)
	at ptolemy.util.test.junit.AutoKnownFailedTests.RunModel(AutoKnownFailedTests.java:105)
	at sun.reflect.NativeMethodAccessorImpl.invoke0(Native Method)
	at sun.reflect.NativeMethodAccessorImpl.invoke(NativeMethodAccessorImpl.java:62)
	at sun.reflect.DelegatingMethodAccessorImpl.invoke(DelegatingMethodAccessorImpl.java:43)
	at java.lang.reflect.Method.invoke(Method.java:498)
	at org.junit.runners.model.FrameworkMethod$1.runReflectiveCall(FrameworkMethod.java:44)
	at org.junit.internal.runners.model.ReflectiveCallable.run(ReflectiveCallable.java:15)
	at org.junit.runners.model.FrameworkMethod.invokeExplosively(FrameworkMethod.java:41)
	at junitparams.internal.InvokeParameterisedMethod.evaluate(InvokeParameterisedMethod.java:102)
	at org.junit.internal.runners.statements.FailOnTimeout$1.run(FailOnTimeout.java:28)
Caused by: ptolemy.kernel.util.IllegalActionException: Actor is not ready to fire.  Perhaps UpSample.prefire() returned false? Try debugging the actor by selecting "Listen to Actor".  Also, for SDF check moml for tokenConsumptionRate on input.
  in .DESDFClockTest.Play Bell.Copy1:SDF Director and .DESDFClockTest.Play Bell.UpSample
	at ptolemy.actor.sched.StaticSchedulingDirector.fire(StaticSchedulingDirector.java:227)
	at ptolemy.domains.sdf.kernel.SDFDirector.fire(SDFDirector.java:500)
	at ptolemy.actor.CompositeActor.fire(CompositeActor.java:455)
	at ptolemy.domains.de.kernel.DEDirector._fire(DEDirector.java:1949)
	at ptolemy.domains.de.kernel.DEDirector.fire(DEDirector.java:502)
	at ptolemy.actor.CompositeActor.fire(CompositeActor.java:455)
	at ptolemy.actor.Manager.iterate(Manager.java:851)
	at ptolemy.actor.Manager.execute(Manager.java:369)
	at ptolemy.actor.Manager.run(Manager.java:1263)
	at ptolemy.actor.Manager$PtolemyRunThread.run(Manager.java:1915)
java.lang.RuntimeException: Execution failed
	at ptolemy.moml.MoMLSimpleApplication$UnloadThread.run(MoMLSimpleApplication.java:402)
Caused by: ptolemy.kernel.util.IllegalActionException: Test fails in iteration 1.
Value was: 1.0. Should have been: 2.0
  in .DirectFeedback.Test
	at ptolemy.actor.lib.Test.fire(Test.java:268)
	at ptolemy.domains.de.kernel.DEDirector._fire(DEDirector.java:1949)
	at ptolemy.domains.de.kernel.DEDirector.fire(DEDirector.java:502)
	at ptolemy.actor.CompositeActor.fire(CompositeActor.java:455)
	at ptolemy.actor.Manager.iterate(Manager.java:851)
	at ptolemy.actor.Manager.execute(Manager.java:369)
	at ptolemy.actor.Manager.run(Manager.java:1263)
	at ptolemy.actor.Manager$PtolemyRunThread.run(Manager.java:1915)
java.lang.reflect.InvocationTargetException
	at sun.reflect.NativeConstructorAccessorImpl.newInstance0(Native Method)
	at sun.reflect.NativeConstructorAccessorImpl.newInstance(NativeConstructorAccessorImpl.java:62)
	at sun.reflect.DelegatingConstructorAccessorImpl.newInstance(DelegatingConstructorAccessorImpl.java:45)
	at java.lang.reflect.Constructor.newInstance(Constructor.java:423)
	at ptolemy.util.test.junit.AutoKnownFailedTests.RunModel(AutoKnownFailedTests.java:105)
	at sun.reflect.NativeMethodAccessorImpl.invoke0(Native Method)
	at sun.reflect.NativeMethodAccessorImpl.invoke(NativeMethodAccessorImpl.java:62)
	at sun.reflect.DelegatingMethodAccessorImpl.invoke(DelegatingMethodAccessorImpl.java:43)
	at java.lang.reflect.Method.invoke(Method.java:498)
	at org.junit.runners.model.FrameworkMethod$1.runReflectiveCall(FrameworkMethod.java:44)
	at org.junit.internal.runners.model.ReflectiveCallable.run(ReflectiveCallable.java:15)
	at org.junit.runners.model.FrameworkMethod.invokeExplosively(FrameworkMethod.java:41)
	at junitparams.internal.InvokeParameterisedMethod.evaluate(InvokeParameterisedMethod.java:102)
	at org.junit.internal.runners.statements.FailOnTimeout$1.run(FailOnTimeout.java:28)
Caused by: ptolemy.kernel.util.IllegalActionException: Test fails in iteration 1.
Value was: 1.0. Should have been: 2.0
  in .DirectFeedback.Test
	at ptolemy.actor.lib.Test.fire(Test.java:268)
	at ptolemy.domains.de.kernel.DEDirector._fire(DEDirector.java:1949)
	at ptolemy.domains.de.kernel.DEDirector.fire(DEDirector.java:502)
	at ptolemy.actor.CompositeActor.fire(CompositeActor.java:455)
	at ptolemy.actor.Manager.iterate(Manager.java:851)
	at ptolemy.actor.Manager.execute(Manager.java:369)
	at ptolemy.actor.Manager.run(Manager.java:1263)
	at ptolemy.actor.Manager$PtolemyRunThread.run(Manager.java:1915)
java.lang.RuntimeException: Execution failed
	at ptolemy.moml.MoMLSimpleApplication$UnloadThread.run(MoMLSimpleApplication.java:402)
Caused by: ptolemy.kernel.util.IllegalActionException: Found a zero delay loop containing .HierarchicalModel.A
  in .HierarchicalModel and .HierarchicalModel.A
	at ptolemy.actor.util.CausalityInterfaceForComposites._computeOutputPortDepth(CausalityInterfaceForComposites.java:759)
	at ptolemy.actor.util.CausalityInterfaceForComposites._computeInputDepth(CausalityInterfaceForComposites.java:696)
	at ptolemy.actor.util.CausalityInterfaceForComposites._computeOutputPortDepth(CausalityInterfaceForComposites.java:765)
	at ptolemy.actor.util.CausalityInterfaceForComposites._computeInputDepth(CausalityInterfaceForComposites.java:696)
	at ptolemy.actor.util.CausalityInterfaceForComposites._computeOutputPortDepth(CausalityInterfaceForComposites.java:765)
	at ptolemy.actor.util.CausalityInterfaceForComposites._computeInputDepth(CausalityInterfaceForComposites.java:696)
	at ptolemy.actor.util.CausalityInterfaceForComposites._computeActorDepth(CausalityInterfaceForComposites.java:532)
	at ptolemy.actor.util.CausalityInterfaceForComposites.checkForCycles(CausalityInterfaceForComposites.java:96)
	at ptolemy.domains.de.kernel.DEDirector.preinitialize(DEDirector.java:1338)
	at ptolemy.actor.CompositeActor.preinitialize(CompositeActor.java:1828)
	at ptolemy.actor.Manager.preinitializeAndResolveTypes(Manager.java:1040)
	at ptolemy.actor.Manager.initialize(Manager.java:710)
	at ptolemy.actor.Manager.execute(Manager.java:356)
	at ptolemy.actor.Manager.run(Manager.java:1263)
	at ptolemy.actor.Manager$PtolemyRunThread.run(Manager.java:1915)
java.lang.reflect.InvocationTargetException
	at sun.reflect.NativeConstructorAccessorImpl.newInstance0(Native Method)
	at sun.reflect.NativeConstructorAccessorImpl.newInstance(NativeConstructorAccessorImpl.java:62)
	at sun.reflect.DelegatingConstructorAccessorImpl.newInstance(DelegatingConstructorAccessorImpl.java:45)
	at java.lang.reflect.Constructor.newInstance(Constructor.java:423)
	at ptolemy.util.test.junit.AutoKnownFailedTests.RunModel(AutoKnownFailedTests.java:105)
	at sun.reflect.NativeMethodAccessorImpl.invoke0(Native Method)
	at sun.reflect.NativeMethodAccessorImpl.invoke(NativeMethodAccessorImpl.java:62)
	at sun.reflect.DelegatingMethodAccessorImpl.invoke(DelegatingMethodAccessorImpl.java:43)
	at java.lang.reflect.Method.invoke(Method.java:498)
	at org.junit.runners.model.FrameworkMethod$1.runReflectiveCall(FrameworkMethod.java:44)
	at org.junit.internal.runners.model.ReflectiveCallable.run(ReflectiveCallable.java:15)
	at org.junit.runners.model.FrameworkMethod.invokeExplosively(FrameworkMethod.java:41)
	at junitparams.internal.InvokeParameterisedMethod.evaluate(InvokeParameterisedMethod.java:102)
	at org.junit.internal.runners.statements.FailOnTimeout$1.run(FailOnTimeout.java:28)
Caused by: ptolemy.kernel.util.IllegalActionException: Found a zero delay loop containing .HierarchicalModel.A
  in .HierarchicalModel and .HierarchicalModel.A
	at ptolemy.actor.util.CausalityInterfaceForComposites._computeOutputPortDepth(CausalityInterfaceForComposites.java:759)
	at ptolemy.actor.util.CausalityInterfaceForComposites._computeInputDepth(CausalityInterfaceForComposites.java:696)
	at ptolemy.actor.util.CausalityInterfaceForComposites._computeOutputPortDepth(CausalityInterfaceForComposites.java:765)
	at ptolemy.actor.util.CausalityInterfaceForComposites._computeInputDepth(CausalityInterfaceForComposites.java:696)
	at ptolemy.actor.util.CausalityInterfaceForComposites._computeOutputPortDepth(CausalityInterfaceForComposites.java:765)
	at ptolemy.actor.util.CausalityInterfaceForComposites._computeInputDepth(CausalityInterfaceForComposites.java:696)
	at ptolemy.actor.util.CausalityInterfaceForComposites._computeActorDepth(CausalityInterfaceForComposites.java:532)
	at ptolemy.actor.util.CausalityInterfaceForComposites.checkForCycles(CausalityInterfaceForComposites.java:96)
	at ptolemy.domains.de.kernel.DEDirector.preinitialize(DEDirector.java:1338)
	at ptolemy.actor.CompositeActor.preinitialize(CompositeActor.java:1828)
	at ptolemy.actor.Manager.preinitializeAndResolveTypes(Manager.java:1040)
	at ptolemy.actor.Manager.initialize(Manager.java:710)
	at ptolemy.actor.Manager.execute(Manager.java:356)
	at ptolemy.actor.Manager.run(Manager.java:1263)
	at ptolemy.actor.Manager$PtolemyRunThread.run(Manager.java:1915)
java.lang.RuntimeException: Execution failed
	at ptolemy.moml.MoMLSimpleApplication$UnloadThread.run(MoMLSimpleApplication.java:402)
Caused by: ptolemy.kernel.util.IllegalActionException: Found a zero delay loop containing .dependencyLoop.original
  in .dependencyLoop and .dependencyLoop.original
	at ptolemy.actor.util.CausalityInterfaceForComposites._computeOutputPortDepth(CausalityInterfaceForComposites.java:759)
	at ptolemy.actor.util.CausalityInterfaceForComposites._computeInputDepth(CausalityInterfaceForComposites.java:696)
	at ptolemy.actor.util.CausalityInterfaceForComposites._computeOutputPortDepth(CausalityInterfaceForComposites.java:765)
	at ptolemy.actor.util.CausalityInterfaceForComposites._computeInputDepth(CausalityInterfaceForComposites.java:696)
	at ptolemy.actor.util.CausalityInterfaceForComposites._computeOutputPortDepth(CausalityInterfaceForComposites.java:765)
	at ptolemy.actor.util.CausalityInterfaceForComposites._computeInputDepth(CausalityInterfaceForComposites.java:696)
	at ptolemy.actor.util.CausalityInterfaceForComposites._computeActorDepth(CausalityInterfaceForComposites.java:532)
	at ptolemy.actor.util.CausalityInterfaceForComposites.checkForCycles(CausalityInterfaceForComposites.java:96)
	at ptolemy.domains.de.kernel.DEDirector.preinitialize(DEDirector.java:1338)
	at ptolemy.actor.CompositeActor.preinitialize(CompositeActor.java:1828)
	at ptolemy.actor.Manager.preinitializeAndResolveTypes(Manager.java:1040)
	at ptolemy.actor.Manager.initialize(Manager.java:710)
	at ptolemy.actor.Manager.execute(Manager.java:356)
	at ptolemy.actor.Manager.run(Manager.java:1263)
	at ptolemy.actor.Manager$PtolemyRunThread.run(Manager.java:1915)
java.lang.reflect.InvocationTargetException
	at sun.reflect.NativeConstructorAccessorImpl.newInstance0(Native Method)
	at sun.reflect.NativeConstructorAccessorImpl.newInstance(NativeConstructorAccessorImpl.java:62)
	at sun.reflect.DelegatingConstructorAccessorImpl.newInstance(DelegatingConstructorAccessorImpl.java:45)
	at java.lang.reflect.Constructor.newInstance(Constructor.java:423)
	at ptolemy.util.test.junit.AutoKnownFailedTests.RunModel(AutoKnownFailedTests.java:105)
	at sun.reflect.NativeMethodAccessorImpl.invoke0(Native Method)
	at sun.reflect.NativeMethodAccessorImpl.invoke(NativeMethodAccessorImpl.java:62)
	at sun.reflect.DelegatingMethodAccessorImpl.invoke(DelegatingMethodAccessorImpl.java:43)
	at java.lang.reflect.Method.invoke(Method.java:498)
	at org.junit.runners.model.FrameworkMethod$1.runReflectiveCall(FrameworkMethod.java:44)
	at org.junit.internal.runners.model.ReflectiveCallable.run(ReflectiveCallable.java:15)
	at org.junit.runners.model.FrameworkMethod.invokeExplosively(FrameworkMethod.java:41)
	at junitparams.internal.InvokeParameterisedMethod.evaluate(InvokeParameterisedMethod.java:102)
	at org.junit.internal.runners.statements.FailOnTimeout$1.run(FailOnTimeout.java:28)
Caused by: ptolemy.kernel.util.IllegalActionException: Found a zero delay loop containing .dependencyLoop.original
  in .dependencyLoop and .dependencyLoop.original
	at ptolemy.actor.util.CausalityInterfaceForComposites._computeOutputPortDepth(CausalityInterfaceForComposites.java:759)
	at ptolemy.actor.util.CausalityInterfaceForComposites._computeInputDepth(CausalityInterfaceForComposites.java:696)
	at ptolemy.actor.util.CausalityInterfaceForComposites._computeOutputPortDepth(CausalityInterfaceForComposites.java:765)
	at ptolemy.actor.util.CausalityInterfaceForComposites._computeInputDepth(CausalityInterfaceForComposites.java:696)
	at ptolemy.actor.util.CausalityInterfaceForComposites._computeOutputPortDepth(CausalityInterfaceForComposites.java:765)
	at ptolemy.actor.util.CausalityInterfaceForComposites._computeInputDepth(CausalityInterfaceForComposites.java:696)
	at ptolemy.actor.util.CausalityInterfaceForComposites._computeActorDepth(CausalityInterfaceForComposites.java:532)
	at ptolemy.actor.util.CausalityInterfaceForComposites.checkForCycles(CausalityInterfaceForComposites.java:96)
	at ptolemy.domains.de.kernel.DEDirector.preinitialize(DEDirector.java:1338)
	at ptolemy.actor.CompositeActor.preinitialize(CompositeActor.java:1828)
	at ptolemy.actor.Manager.preinitializeAndResolveTypes(Manager.java:1040)
	at ptolemy.actor.Manager.initialize(Manager.java:710)
	at ptolemy.actor.Manager.execute(Manager.java:356)
	at ptolemy.actor.Manager.run(Manager.java:1263)
	at ptolemy.actor.Manager$PtolemyRunThread.run(Manager.java:1915)
java.lang.RuntimeException: Execution failed
	at ptolemy.moml.MoMLSimpleApplication$UnloadThread.run(MoMLSimpleApplication.java:402)
Caused by: ptolemy.kernel.util.IllegalActionException: Found a zero delay loop containing .dependencyLoop2.original
  in .dependencyLoop2 and .dependencyLoop2.original
	at ptolemy.actor.util.CausalityInterfaceForComposites._computeOutputPortDepth(CausalityInterfaceForComposites.java:759)
	at ptolemy.actor.util.CausalityInterfaceForComposites._computeInputDepth(CausalityInterfaceForComposites.java:696)
	at ptolemy.actor.util.CausalityInterfaceForComposites._computeOutputPortDepth(CausalityInterfaceForComposites.java:765)
	at ptolemy.actor.util.CausalityInterfaceForComposites._computeInputDepth(CausalityInterfaceForComposites.java:696)
	at ptolemy.actor.util.CausalityInterfaceForComposites._computeOutputPortDepth(CausalityInterfaceForComposites.java:765)
	at ptolemy.actor.util.CausalityInterfaceForComposites._computeInputDepth(CausalityInterfaceForComposites.java:696)
	at ptolemy.actor.util.CausalityInterfaceForComposites._computeActorDepth(CausalityInterfaceForComposites.java:532)
	at ptolemy.actor.util.CausalityInterfaceForComposites.checkForCycles(CausalityInterfaceForComposites.java:96)
	at ptolemy.domains.de.kernel.DEDirector.preinitialize(DEDirector.java:1338)
	at ptolemy.actor.CompositeActor.preinitialize(CompositeActor.java:1828)
	at ptolemy.actor.Manager.preinitializeAndResolveTypes(Manager.java:1040)
	at ptolemy.actor.Manager.initialize(Manager.java:710)
	at ptolemy.actor.Manager.execute(Manager.java:356)
	at ptolemy.actor.Manager.run(Manager.java:1263)
	at ptolemy.actor.Manager$PtolemyRunThread.run(Manager.java:1915)
java.lang.reflect.InvocationTargetException
	at sun.reflect.NativeConstructorAccessorImpl.newInstance0(Native Method)
	at sun.reflect.NativeConstructorAccessorImpl.newInstance(NativeConstructorAccessorImpl.java:62)
	at sun.reflect.DelegatingConstructorAccessorImpl.newInstance(DelegatingConstructorAccessorImpl.java:45)
	at java.lang.reflect.Constructor.newInstance(Constructor.java:423)
	at ptolemy.util.test.junit.AutoKnownFailedTests.RunModel(AutoKnownFailedTests.java:105)
	at sun.reflect.NativeMethodAccessorImpl.invoke0(Native Method)
	at sun.reflect.NativeMethodAccessorImpl.invoke(NativeMethodAccessorImpl.java:62)
	at sun.reflect.DelegatingMethodAccessorImpl.invoke(DelegatingMethodAccessorImpl.java:43)
	at java.lang.reflect.Method.invoke(Method.java:498)
	at org.junit.runners.model.FrameworkMethod$1.runReflectiveCall(FrameworkMethod.java:44)
	at org.junit.internal.runners.model.ReflectiveCallable.run(ReflectiveCallable.java:15)
	at org.junit.runners.model.FrameworkMethod.invokeExplosively(FrameworkMethod.java:41)
	at junitparams.internal.InvokeParameterisedMethod.evaluate(InvokeParameterisedMethod.java:102)
	at org.junit.internal.runners.statements.FailOnTimeout$1.run(FailOnTimeout.java:28)
Caused by: ptolemy.kernel.util.IllegalActionException: Found a zero delay loop containing .dependencyLoop2.original
  in .dependencyLoop2 and .dependencyLoop2.original
	at ptolemy.actor.util.CausalityInterfaceForComposites._computeOutputPortDepth(CausalityInterfaceForComposites.java:759)
	at ptolemy.actor.util.CausalityInterfaceForComposites._computeInputDepth(CausalityInterfaceForComposites.java:696)
	at ptolemy.actor.util.CausalityInterfaceForComposites._computeOutputPortDepth(CausalityInterfaceForComposites.java:765)
	at ptolemy.actor.util.CausalityInterfaceForComposites._computeInputDepth(CausalityInterfaceForComposites.java:696)
	at ptolemy.actor.util.CausalityInterfaceForComposites._computeOutputPortDepth(CausalityInterfaceForComposites.java:765)
	at ptolemy.actor.util.CausalityInterfaceForComposites._computeInputDepth(CausalityInterfaceForComposites.java:696)
	at ptolemy.actor.util.CausalityInterfaceForComposites._computeActorDepth(CausalityInterfaceForComposites.java:532)
	at ptolemy.actor.util.CausalityInterfaceForComposites.checkForCycles(CausalityInterfaceForComposites.java:96)
	at ptolemy.domains.de.kernel.DEDirector.preinitialize(DEDirector.java:1338)
	at ptolemy.actor.CompositeActor.preinitialize(CompositeActor.java:1828)
	at ptolemy.actor.Manager.preinitializeAndResolveTypes(Manager.java:1040)
	at ptolemy.actor.Manager.initialize(Manager.java:710)
	at ptolemy.actor.Manager.execute(Manager.java:356)
	at ptolemy.actor.Manager.run(Manager.java:1263)
	at ptolemy.actor.Manager$PtolemyRunThread.run(Manager.java:1915)
]]></system-err>
</testsuite>
