<?xml version="1.0" encoding="UTF-8" ?>
<testsuite errors="0" failures="0" hostname="travis-job-bd13b756-68a1-4290-af4f-23ec55a0bb3c" name="ptolemy.domains.modal.test.junit.JUnitTclTest" skipped="0" tests="148" time="10.787" timestamp="2019-09-08T05:36:12">
  <properties>
[...]
</properties>
  <testcase classname="ptolemy.util.test.junit.TclTests" name="[0] /home/travis/build/icyphy/ptII/ptolemy/domains/modal/test/SystemLevelType.tcl (RunTclFile)" time="1.95" />
  <testcase classname="ptolemy.util.test.junit.AutoKnownFailedTests" name="[0] /home/travis/build/icyphy/ptII/ptolemy/domains/modal/test/auto/knownFailedTests/CannotAnalysisWithPreemption.xml (RunModel)" time="0.328" />
  <testcase classname="ptolemy.util.test.junit.AutoNameArchTests" name="[0] ThereAreNoAutoArchTests (RunModel)" time="0.005" />
  <testcase classname="ptolemy.util.test.junit.AutoTests" name="[0] /home/travis/build/icyphy/ptII/ptolemy/domains/modal/test/auto/ABPTest.xml (RunModel)" time="0.703" />
  <testcase classname="ptolemy.util.test.junit.AutoTests" name="[1] /home/travis/build/icyphy/ptII/ptolemy/domains/modal/test/auto/ABROFlat.xml (RunModel)" time="0.083" />
  <testcase classname="ptolemy.util.test.junit.AutoTests" name="[2] /home/travis/build/icyphy/ptII/ptolemy/domains/modal/test/auto/ABROFlat2.xml (RunModel)" time="0.087" />
  <testcase classname="ptolemy.util.test.junit.AutoTests" name="[3] /home/travis/build/icyphy/ptII/ptolemy/domains/modal/test/auto/ABRO_present_hmm.xml (RunModel)" time="0.156" />
  <testcase classname="ptolemy.util.test.junit.AutoTests" name="[4] /home/travis/build/icyphy/ptII/ptolemy/domains/modal/test/auto/AMICoderExample.xml (RunModel)" time="0.079" />
  <testcase classname="ptolemy.util.test.junit.AutoTests" name="[5] /home/travis/build/icyphy/ptII/ptolemy/domains/modal/test/auto/AbsentToPresent.xml (RunModel)" time="0.024" />
  <testcase classname="ptolemy.util.test.junit.AutoTests" name="[6] /home/travis/build/icyphy/ptII/ptolemy/domains/modal/test/auto/Blending.xml (RunModel)" time="0.296" />
  <testcase classname="ptolemy.util.test.junit.AutoTests" name="[7] /home/travis/build/icyphy/ptII/ptolemy/domains/modal/test/auto/Broadcast.xml (RunModel)" time="0.047" />
  <testcase classname="ptolemy.util.test.junit.AutoTests" name="[8] /home/travis/build/icyphy/ptII/ptolemy/domains/modal/test/auto/BroadcastHierarchy.xml (RunModel)" time="0.091" />
  <testcase classname="ptolemy.util.test.junit.AutoTests" name="[9] /home/travis/build/icyphy/ptII/ptolemy/domains/modal/test/auto/BroadcastHierarchy2.xml (RunModel)" time="0.12" />
  <testcase classname="ptolemy.util.test.junit.AutoTests" name="[10] /home/travis/build/icyphy/ptII/ptolemy/domains/modal/test/auto/BroadcastHierarchy3.xml (RunModel)" time="0.094" />
  <testcase classname="ptolemy.util.test.junit.AutoTests" name="[11] /home/travis/build/icyphy/ptII/ptolemy/domains/modal/test/auto/BroadcastHierarchy4.xml (RunModel)" time="0.091" />
  <testcase classname="ptolemy.util.test.junit.AutoTests" name="[12] /home/travis/build/icyphy/ptII/ptolemy/domains/modal/test/auto/CannotAnalysisWithPreemption2.xml (RunModel)" time="0.032" />
  <testcase classname="ptolemy.util.test.junit.AutoTests" name="[13] /home/travis/build/icyphy/ptII/ptolemy/domains/modal/test/auto/CannotAnalysisWithPreemption3.xml (RunModel)" time="0.055" />
  <testcase classname="ptolemy.util.test.junit.AutoTests" name="[14] /home/travis/build/icyphy/ptII/ptolemy/domains/modal/test/auto/CannotProduce.xml (RunModel)" time="0.025" />
  <testcase classname="ptolemy.util.test.junit.AutoTests" name="[15] /home/travis/build/icyphy/ptII/ptolemy/domains/modal/test/auto/CannotProduceModal.xml (RunModel)" time="0.024" />
  <testcase classname="ptolemy.util.test.junit.AutoTests" name="[16] /home/travis/build/icyphy/ptII/ptolemy/domains/modal/test/auto/Case.xml (RunModel)" time="0.05" />
  <testcase classname="ptolemy.util.test.junit.AutoTests" name="[17] /home/travis/build/icyphy/ptII/ptolemy/domains/modal/test/auto/Case1.xml (RunModel)" time="0.033" />
  <testcase classname="ptolemy.util.test.junit.AutoTests" name="[18] /home/travis/build/icyphy/ptII/ptolemy/domains/modal/test/auto/Case2.xml (RunModel)" time="0.06" />
  <testcase classname="ptolemy.util.test.junit.AutoTests" name="[19] /home/travis/build/icyphy/ptII/ptolemy/domains/modal/test/auto/CausalityInterface1.xml (RunModel)" time="0.032" />
  <testcase classname="ptolemy.util.test.junit.AutoTests" name="[20] /home/travis/build/icyphy/ptII/ptolemy/domains/modal/test/auto/CausalityInterface10.xml (RunModel)" time="0.065" />
  <testcase classname="ptolemy.util.test.junit.AutoTests" name="[21] /home/travis/build/icyphy/ptII/ptolemy/domains/modal/test/auto/CausalityInterface11.xml (RunModel)" time="0.053" />
  <testcase classname="ptolemy.util.test.junit.AutoTests" name="[22] /home/travis/build/icyphy/ptII/ptolemy/domains/modal/test/auto/CausalityInterface12.xml (RunModel)" time="0.047" />
  <testcase classname="ptolemy.util.test.junit.AutoTests" name="[23] /home/travis/build/icyphy/ptII/ptolemy/domains/modal/test/auto/CausalityInterface13.xml (RunModel)" time="0.082" />
  <testcase classname="ptolemy.util.test.junit.AutoTests" name="[24] /home/travis/build/icyphy/ptII/ptolemy/domains/modal/test/auto/CausalityInterface14.xml (RunModel)" time="0.053" />
  <testcase classname="ptolemy.util.test.junit.AutoTests" name="[25] /home/travis/build/icyphy/ptII/ptolemy/domains/modal/test/auto/CausalityInterface2.xml (RunModel)" time="0.03" />
  <testcase classname="ptolemy.util.test.junit.AutoTests" name="[26] /home/travis/build/icyphy/ptII/ptolemy/domains/modal/test/auto/CausalityInterface3.xml (RunModel)" time="0.029" />
  <testcase classname="ptolemy.util.test.junit.AutoTests" name="[27] /home/travis/build/icyphy/ptII/ptolemy/domains/modal/test/auto/CausalityInterface4.xml (RunModel)" time="0.02" />
  <testcase classname="ptolemy.util.test.junit.AutoTests" name="[28] /home/travis/build/icyphy/ptII/ptolemy/domains/modal/test/auto/CausalityInterface5.xml (RunModel)" time="0.024" />
  <testcase classname="ptolemy.util.test.junit.AutoTests" name="[29] /home/travis/build/icyphy/ptII/ptolemy/domains/modal/test/auto/CausalityInterface6.xml (RunModel)" time="0.03" />
  <testcase classname="ptolemy.util.test.junit.AutoTests" name="[30] /home/travis/build/icyphy/ptII/ptolemy/domains/modal/test/auto/CausalityInterface7.xml (RunModel)" time="0.034" />
  <testcase classname="ptolemy.util.test.junit.AutoTests" name="[31] /home/travis/build/icyphy/ptII/ptolemy/domains/modal/test/auto/CausalityInterface8.xml (RunModel)" time="0.033" />
  <testcase classname="ptolemy.util.test.junit.AutoTests" name="[32] /home/travis/build/icyphy/ptII/ptolemy/domains/modal/test/auto/CausalityInterface9.xml (RunModel)" time="0.048" />
  <testcase classname="ptolemy.util.test.junit.AutoTests" name="[33] /home/travis/build/icyphy/ptII/ptolemy/domains/modal/test/auto/ChainedTransitions.xml (RunModel)" time="0.18" />
  <testcase classname="ptolemy.util.test.junit.AutoTests" name="[34] /home/travis/build/icyphy/ptII/ptolemy/domains/modal/test/auto/CycleOfImmediateTransitionsFSM.xml (RunModel)" time="0.025" />
  <testcase classname="ptolemy.util.test.junit.AutoTests" name="[35] /home/travis/build/icyphy/ptII/ptolemy/domains/modal/test/auto/CycleOfImmediateTransitionsModal.xml (RunModel)" time="0.025" />
  <testcase classname="ptolemy.util.test.junit.AutoTests" name="[36] /home/travis/build/icyphy/ptII/ptolemy/domains/modal/test/auto/CycleOfImmediateTransitionsModal2.xml (RunModel)" time="0.034" />
  <testcase classname="ptolemy.util.test.junit.AutoTests" name="[37] /home/travis/build/icyphy/ptII/ptolemy/domains/modal/test/auto/CycleOfImmediateTransitionsModal3.xml (RunModel)" time="0.082" />
  <testcase classname="ptolemy.util.test.junit.AutoTests" name="[38] /home/travis/build/icyphy/ptII/ptolemy/domains/modal/test/auto/DeepModal1.xml (RunModel)" time="0.055" />
  <testcase classname="ptolemy.util.test.junit.AutoTests" name="[39] /home/travis/build/icyphy/ptII/ptolemy/domains/modal/test/auto/DeepModal2.xml (RunModel)" time="0.056" />
  <testcase classname="ptolemy.util.test.junit.AutoTests" name="[40] /home/travis/build/icyphy/ptII/ptolemy/domains/modal/test/auto/DeepModal3.xml (RunModel)" time="0.063" />
  <testcase classname="ptolemy.util.test.junit.AutoTests" name="[41] /home/travis/build/icyphy/ptII/ptolemy/domains/modal/test/auto/DeepModal4.xml (RunModel)" time="0.1" />
  <testcase classname="ptolemy.util.test.junit.AutoTests" name="[42] /home/travis/build/icyphy/ptII/ptolemy/domains/modal/test/auto/Default1.xml (RunModel)" time="0.021" />
  <testcase classname="ptolemy.util.test.junit.AutoTests" name="[43] /home/travis/build/icyphy/ptII/ptolemy/domains/modal/test/auto/Default2.xml (RunModel)" time="0.024" />
  <testcase classname="ptolemy.util.test.junit.AutoTests" name="[44] /home/travis/build/icyphy/ptII/ptolemy/domains/modal/test/auto/Default3.xml (RunModel)" time="0.023" />
  <testcase classname="ptolemy.util.test.junit.AutoTests" name="[45] /home/travis/build/icyphy/ptII/ptolemy/domains/modal/test/auto/Default4.xml (RunModel)" time="0.021" />
  <testcase classname="ptolemy.util.test.junit.AutoTests" name="[46] /home/travis/build/icyphy/ptII/ptolemy/domains/modal/test/auto/Default5.xml (RunModel)" time="0.032" />
  <testcase classname="ptolemy.util.test.junit.AutoTests" name="[47] /home/travis/build/icyphy/ptII/ptolemy/domains/modal/test/auto/EmptyGuard.xml (RunModel)" time="0.027" />
  <testcase classname="ptolemy.util.test.junit.AutoTests" name="[48] /home/travis/build/icyphy/ptII/ptolemy/domains/modal/test/auto/ErrorTransition1.xml (RunModel)" time="0.029" />
  <testcase classname="ptolemy.util.test.junit.AutoTests" name="[49] /home/travis/build/icyphy/ptII/ptolemy/domains/modal/test/auto/ErrorTransition10.xml (RunModel)" time="0.04" />
  <testcase classname="ptolemy.util.test.junit.AutoTests" name="[50] /home/travis/build/icyphy/ptII/ptolemy/domains/modal/test/auto/ErrorTransition11.xml (RunModel)" time="0.036" />
  <testcase classname="ptolemy.util.test.junit.AutoTests" name="[51] /home/travis/build/icyphy/ptII/ptolemy/domains/modal/test/auto/ErrorTransition2.xml (RunModel)" time="0.025" />
  <testcase classname="ptolemy.util.test.junit.AutoTests" name="[52] /home/travis/build/icyphy/ptII/ptolemy/domains/modal/test/auto/ErrorTransition3.xml (RunModel)" time="0.042" />
  <testcase classname="ptolemy.util.test.junit.AutoTests" name="[53] /home/travis/build/icyphy/ptII/ptolemy/domains/modal/test/auto/ErrorTransition4.xml (RunModel)" time="0.034" />
  <testcase classname="ptolemy.util.test.junit.AutoTests" name="[54] /home/travis/build/icyphy/ptII/ptolemy/domains/modal/test/auto/ErrorTransition5.xml (RunModel)" time="0.029" />
  <testcase classname="ptolemy.util.test.junit.AutoTests" name="[55] /home/travis/build/icyphy/ptII/ptolemy/domains/modal/test/auto/ErrorTransition6.xml (RunModel)" time="0.05" />
  <testcase classname="ptolemy.util.test.junit.AutoTests" name="[56] /home/travis/build/icyphy/ptII/ptolemy/domains/modal/test/auto/ErrorTransition7.xml (RunModel)" time="0.055" />
  <testcase classname="ptolemy.util.test.junit.AutoTests" name="[57] /home/travis/build/icyphy/ptII/ptolemy/domains/modal/test/auto/ErrorTransition8.xml (RunModel)" time="0.048" />
  <testcase classname="ptolemy.util.test.junit.AutoTests" name="[58] /home/travis/build/icyphy/ptII/ptolemy/domains/modal/test/auto/ErrorTransition9.xml (RunModel)" time="0.054" />
  <testcase classname="ptolemy.util.test.junit.AutoTests" name="[59] /home/travis/build/icyphy/ptII/ptolemy/domains/modal/test/auto/ExtendedFSM.xml (RunModel)" time="0.022" />
  <testcase classname="ptolemy.util.test.junit.AutoTests" name="[60] /home/travis/build/icyphy/ptII/ptolemy/domains/modal/test/auto/FinalStates.xml (RunModel)" time="0.027" />
  <testcase classname="ptolemy.util.test.junit.AutoTests" name="[61] /home/travis/build/icyphy/ptII/ptolemy/domains/modal/test/auto/FixedPointFSM.xml (RunModel)" time="0.048" />
  <testcase classname="ptolemy.util.test.junit.AutoTests" name="[62] /home/travis/build/icyphy/ptII/ptolemy/domains/modal/test/auto/FixedPointIterationFSMActor.xml (RunModel)" time="0.034" />
  <testcase classname="ptolemy.util.test.junit.AutoTests" name="[63] /home/travis/build/icyphy/ptII/ptolemy/domains/modal/test/auto/FixedPointIterationFSMActor2.xml (RunModel)" time="0.037" />
  <testcase classname="ptolemy.util.test.junit.AutoTests" name="[64] /home/travis/build/icyphy/ptII/ptolemy/domains/modal/test/auto/ForbiddenInstantanousLoop.xml (RunModel)" time="0.036" />
  <testcase classname="ptolemy.util.test.junit.AutoTests" name="[65] /home/travis/build/icyphy/ptII/ptolemy/domains/modal/test/auto/FunctionDependencyOfFSMActorTest.xml (RunModel)" time="0.028" />
  <testcase classname="ptolemy.util.test.junit.AutoTests" name="[66] /home/travis/build/icyphy/ptII/ptolemy/domains/modal/test/auto/GuardExpression.xml (RunModel)" time="0.019" />
  <testcase classname="ptolemy.util.test.junit.AutoTests" name="[67] /home/travis/build/icyphy/ptII/ptolemy/domains/modal/test/auto/GuardNotEvaluated.xml (RunModel)" time="0.035" />
  <testcase classname="ptolemy.util.test.junit.AutoTests" name="[68] /home/travis/build/icyphy/ptII/ptolemy/domains/modal/test/auto/GuardNotEvaluated2.xml (RunModel)" time="0.025" />
  <testcase classname="ptolemy.util.test.junit.AutoTests" name="[69] /home/travis/build/icyphy/ptII/ptolemy/domains/modal/test/auto/GuardOnAbsent.xml (RunModel)" time="0.024" />
  <testcase classname="ptolemy.util.test.junit.AutoTests" name="[70] /home/travis/build/icyphy/ptII/ptolemy/domains/modal/test/auto/HierarchicalFSMTypeInference.xml (RunModel)" time="0.03" />
  <testcase classname="ptolemy.util.test.junit.AutoTests" name="[71] /home/travis/build/icyphy/ptII/ptolemy/domains/modal/test/auto/Hysteresis.xml (RunModel)" time="0.046" />
  <testcase classname="ptolemy.util.test.junit.AutoTests" name="[72] /home/travis/build/icyphy/ptII/ptolemy/domains/modal/test/auto/HysteresisWithDefault.xml (RunModel)" time="0.072" />
  <testcase classname="ptolemy.util.test.junit.AutoTests" name="[73] /home/travis/build/icyphy/ptII/ptolemy/domains/modal/test/auto/HysteresisWithDefault2.xml (RunModel)" time="0.073" />
  <testcase classname="ptolemy.util.test.junit.AutoTests" name="[74] /home/travis/build/icyphy/ptII/ptolemy/domains/modal/test/auto/ImmediateNonConstructiveness.xml (RunModel)" time="0.018" />
  <testcase classname="ptolemy.util.test.junit.AutoTests" name="[75] /home/travis/build/icyphy/ptII/ptolemy/domains/modal/test/auto/ImmediateNonConstructiveness2.xml (RunModel)" time="0.016" />
  <testcase classname="ptolemy.util.test.junit.AutoTests" name="[76] /home/travis/build/icyphy/ptII/ptolemy/domains/modal/test/auto/ImmediateTransitionReset.xml (RunModel)" time="0.05" />
  <testcase classname="ptolemy.util.test.junit.AutoTests" name="[77] /home/travis/build/icyphy/ptII/ptolemy/domains/modal/test/auto/ImmediateTransitions1.xml (RunModel)" time="0.013" />
  <testcase classname="ptolemy.util.test.junit.AutoTests" name="[78] /home/travis/build/icyphy/ptII/ptolemy/domains/modal/test/auto/ImmediateTransitionsInstantaneousCommunication.xml (RunModel)" time="0.035" />
  <testcase classname="ptolemy.util.test.junit.AutoTests" name="[79] /home/travis/build/icyphy/ptII/ptolemy/domains/modal/test/auto/InitialImmediateTransition.xml (RunModel)" time="0.015" />
  <testcase classname="ptolemy.util.test.junit.AutoTests" name="[80] /home/travis/build/icyphy/ptII/ptolemy/domains/modal/test/auto/InitialOutputs.xml (RunModel)" time="0.015" />
  <testcase classname="ptolemy.util.test.junit.AutoTests" name="[81] /home/travis/build/icyphy/ptII/ptolemy/domains/modal/test/auto/InitialStateTransition1.xml (RunModel)" time="0.02" />
  <testcase classname="ptolemy.util.test.junit.AutoTests" name="[82] /home/travis/build/icyphy/ptII/ptolemy/domains/modal/test/auto/InitialStateTransition2.xml (RunModel)" time="0.022" />
  <testcase classname="ptolemy.util.test.junit.AutoTests" name="[83] /home/travis/build/icyphy/ptII/ptolemy/domains/modal/test/auto/InitialStateTransition3.xml (RunModel)" time="0.022" />
  <testcase classname="ptolemy.util.test.junit.AutoTests" name="[84] /home/travis/build/icyphy/ptII/ptolemy/domains/modal/test/auto/InitialStateTransition4.xml (RunModel)" time="0.027" />
  <testcase classname="ptolemy.util.test.junit.AutoTests" name="[85] /home/travis/build/icyphy/ptII/ptolemy/domains/modal/test/auto/MalformedGuardExpressionNotCaught.xml (RunModel)" time="0.028" />
  <testcase classname="ptolemy.util.test.junit.AutoTests" name="[86] /home/travis/build/icyphy/ptII/ptolemy/domains/modal/test/auto/ModalBSC.xml (RunModel)" time="0.09" />
  <testcase classname="ptolemy.util.test.junit.AutoTests" name="[87] /home/travis/build/icyphy/ptII/ptolemy/domains/modal/test/auto/ModalClocks.xml (RunModel)" time="0.087" />
  <testcase classname="ptolemy.util.test.junit.AutoTests" name="[88] /home/travis/build/icyphy/ptII/ptolemy/domains/modal/test/auto/ModalDelay.xml (RunModel)" time="0.065" />
  <testcase classname="ptolemy.util.test.junit.AutoTests" name="[89] /home/travis/build/icyphy/ptII/ptolemy/domains/modal/test/auto/ModalDelay2.xml (RunModel)" time="0.05" />
  <testcase classname="ptolemy.util.test.junit.AutoTests" name="[90] /home/travis/build/icyphy/ptII/ptolemy/domains/modal/test/auto/ModalModelFromMemo.xml (RunModel)" time="0.07" />
  <testcase classname="ptolemy.util.test.junit.AutoTests" name="[91] /home/travis/build/icyphy/ptII/ptolemy/domains/modal/test/auto/ModalModelWithMultirateTransient.xml (RunModel)" time="0.053" />
  <testcase classname="ptolemy.util.test.junit.AutoTests" name="[92] /home/travis/build/icyphy/ptII/ptolemy/domains/modal/test/auto/ModalModelWithReset.xml (RunModel)" time="0.053" />
  <testcase classname="ptolemy.util.test.junit.AutoTests" name="[93] /home/travis/build/icyphy/ptII/ptolemy/domains/modal/test/auto/MouseClickFSM.xml (RunModel)" time="0.043" />
  <testcase classname="ptolemy.util.test.junit.AutoTests" name="[94] /home/travis/build/icyphy/ptII/ptolemy/domains/modal/test/auto/MouseClickFSMModal.xml (RunModel)" time="0.031" />
  <testcase classname="ptolemy.util.test.junit.AutoTests" name="[95] /home/travis/build/icyphy/ptII/ptolemy/domains/modal/test/auto/NonStrictFSM_FeedbackLoop.xml (RunModel)" time="0.054" />
  <testcase classname="ptolemy.util.test.junit.AutoTests" name="[96] /home/travis/build/icyphy/ptII/ptolemy/domains/modal/test/auto/NonStrictFSM_FeedbackLoop_Refinement.xml (RunModel)" time="0.073" />
  <testcase classname="ptolemy.util.test.junit.AutoTests" name="[97] /home/travis/build/icyphy/ptII/ptolemy/domains/modal/test/auto/NonStrictFSM_FeedbackLoop_preemptive.xml (RunModel)" time="0.053" />
  <testcase classname="ptolemy.util.test.junit.AutoTests" name="[98] /home/travis/build/icyphy/ptII/ptolemy/domains/modal/test/auto/NormalTermination.xml (RunModel)" time="0.062" />
  <testcase classname="ptolemy.util.test.junit.AutoTests" name="[99] /home/travis/build/icyphy/ptII/ptolemy/domains/modal/test/auto/Pong.xml (RunModel)" time="0.075" />
  <testcase classname="ptolemy.util.test.junit.AutoTests" name="[100] /home/travis/build/icyphy/ptII/ptolemy/domains/modal/test/auto/Pong_test.xml (RunModel)" time="0.11" />
  <testcase classname="ptolemy.util.test.junit.AutoTests" name="[101] /home/travis/build/icyphy/ptII/ptolemy/domains/modal/test/auto/PreemptionHierarchy.xml (RunModel)" time="0.025" />
  <testcase classname="ptolemy.util.test.junit.AutoTests" name="[102] /home/travis/build/icyphy/ptII/ptolemy/domains/modal/test/auto/PreemptionHierarchy2.xml (RunModel)" time="0.029" />
  <testcase classname="ptolemy.util.test.junit.AutoTests" name="[103] /home/travis/build/icyphy/ptII/ptolemy/domains/modal/test/auto/PreemptiveTransition.xml (RunModel)" time="0.024" />
  <testcase classname="ptolemy.util.test.junit.AutoTests" name="[104] /home/travis/build/icyphy/ptII/ptolemy/domains/modal/test/auto/Priorities.xml (RunModel)" time="0.087" />
  <testcase classname="ptolemy.util.test.junit.AutoTests" name="[105] /home/travis/build/icyphy/ptII/ptolemy/domains/modal/test/auto/ResetFinal.xml (RunModel)" time="0.059" />
  <testcase classname="ptolemy.util.test.junit.AutoTests" name="[106] /home/travis/build/icyphy/ptII/ptolemy/domains/modal/test/auto/ResetFinal2.xml (RunModel)" time="0.032" />
  <testcase classname="ptolemy.util.test.junit.AutoTests" name="[107] /home/travis/build/icyphy/ptII/ptolemy/domains/modal/test/auto/ResetTransitionWithStartTime.xml (RunModel)" time="0.049" />
  <testcase classname="ptolemy.util.test.junit.AutoTests" name="[108] /home/travis/build/icyphy/ptII/ptolemy/domains/modal/test/auto/SDF-FSMComposite.xml (RunModel)" time="0.024" />
  <testcase classname="ptolemy.util.test.junit.AutoTests" name="[109] /home/travis/build/icyphy/ptII/ptolemy/domains/modal/test/auto/SeeminglyNondeterminate.xml (RunModel)" time="0.069" />
  <testcase classname="ptolemy.util.test.junit.AutoTests" name="[110] /home/travis/build/icyphy/ptII/ptolemy/domains/modal/test/auto/SeeminglyNondeterminate2.xml (RunModel)" time="0.075" />
  <testcase classname="ptolemy.util.test.junit.AutoTests" name="[111] /home/travis/build/icyphy/ptII/ptolemy/domains/modal/test/auto/SpontaneousFSM.xml (RunModel)" time="0.048" />
  <testcase classname="ptolemy.util.test.junit.AutoTests" name="[112] /home/travis/build/icyphy/ptII/ptolemy/domains/modal/test/auto/SpontaneousFSM2.xml (RunModel)" time="0.027" />
  <testcase classname="ptolemy.util.test.junit.AutoTests" name="[113] /home/travis/build/icyphy/ptII/ptolemy/domains/modal/test/auto/SpontaneousFSM3.xml (RunModel)" time="0.038" />
  <testcase classname="ptolemy.util.test.junit.AutoTests" name="[114] /home/travis/build/icyphy/ptII/ptolemy/domains/modal/test/auto/SpontaneousFSM4.xml (RunModel)" time="0.045" />
  <testcase classname="ptolemy.util.test.junit.AutoTests" name="[115] /home/travis/build/icyphy/ptII/ptolemy/domains/modal/test/auto/StateTrackerTest.xml (RunModel)" time="0.06" />
  <testcase classname="ptolemy.util.test.junit.AutoTests" name="[116] /home/travis/build/icyphy/ptII/ptolemy/domains/modal/test/auto/StrongImmediateTransition.xml (RunModel)" time="0.034" />
  <testcase classname="ptolemy.util.test.junit.AutoTests" name="[117] /home/travis/build/icyphy/ptII/ptolemy/domains/modal/test/auto/SustainHierarchy.xml (RunModel)" time="0.028" />
  <testcase classname="ptolemy.util.test.junit.AutoTests" name="[118] /home/travis/build/icyphy/ptII/ptolemy/domains/modal/test/auto/TerminationTransition1.xml (RunModel)" time="0.019" />
  <testcase classname="ptolemy.util.test.junit.AutoTests" name="[119] /home/travis/build/icyphy/ptII/ptolemy/domains/modal/test/auto/TerminationTransition2.xml (RunModel)" time="0.023" />
  <testcase classname="ptolemy.util.test.junit.AutoTests" name="[120] /home/travis/build/icyphy/ptII/ptolemy/domains/modal/test/auto/TerminationTransition3.xml (RunModel)" time="0.023" />
  <testcase classname="ptolemy.util.test.junit.AutoTests" name="[121] /home/travis/build/icyphy/ptII/ptolemy/domains/modal/test/auto/TerminationTransition4.xml (RunModel)" time="0.031" />
  <testcase classname="ptolemy.util.test.junit.AutoTests" name="[122] /home/travis/build/icyphy/ptII/ptolemy/domains/modal/test/auto/TerminationTransition5.xml (RunModel)" time="0.037" />
  <testcase classname="ptolemy.util.test.junit.AutoTests" name="[123] /home/travis/build/icyphy/ptII/ptolemy/domains/modal/test/auto/TerminationTransition6.xml (RunModel)" time="0.019" />
  <testcase classname="ptolemy.util.test.junit.AutoTests" name="[124] /home/travis/build/icyphy/ptII/ptolemy/domains/modal/test/auto/TerminationTransition7.xml (RunModel)" time="0.021" />
  <testcase classname="ptolemy.util.test.junit.AutoTests" name="[125] /home/travis/build/icyphy/ptII/ptolemy/domains/modal/test/auto/TerminationTransition8.xml (RunModel)" time="0.021" />
  <testcase classname="ptolemy.util.test.junit.AutoTests" name="[126] /home/travis/build/icyphy/ptII/ptolemy/domains/modal/test/auto/Thermostat_NoHysteresis.xml (RunModel)" time="0.059" />
  <testcase classname="ptolemy.util.test.junit.AutoTests" name="[127] /home/travis/build/icyphy/ptII/ptolemy/domains/modal/test/auto/TimedFSM.xml (RunModel)" time="0.03" />
  <testcase classname="ptolemy.util.test.junit.AutoTests" name="[128] /home/travis/build/icyphy/ptII/ptolemy/domains/modal/test/auto/Timeout1.xml (RunModel)" time="0.013" />
  <testcase classname="ptolemy.util.test.junit.AutoTests" name="[129] /home/travis/build/icyphy/ptII/ptolemy/domains/modal/test/auto/Timeout2.xml (RunModel)" time="0.021" />
  <testcase classname="ptolemy.util.test.junit.AutoTests" name="[130] /home/travis/build/icyphy/ptII/ptolemy/domains/modal/test/auto/Timeout3.xml (RunModel)" time="0.014" />
  <testcase classname="ptolemy.util.test.junit.AutoTests" name="[131] /home/travis/build/icyphy/ptII/ptolemy/domains/modal/test/auto/Timeout4.xml (RunModel)" time="0.029" />
  <testcase classname="ptolemy.util.test.junit.AutoTests" name="[132] /home/travis/build/icyphy/ptII/ptolemy/domains/modal/test/auto/TransientstateModelAdvanced.xml (RunModel)" time="0.034" />
  <testcase classname="ptolemy.util.test.junit.AutoTests" name="[133] /home/travis/build/icyphy/ptII/ptolemy/domains/modal/test/auto/TransientstateModelAdvanced2.xml (RunModel)" time="0.039" />
  <testcase classname="ptolemy.util.test.junit.AutoTests" name="[134] /home/travis/build/icyphy/ptII/ptolemy/domains/modal/test/auto/TransitionRefinements.xml (RunModel)" time="0.032" />
  <testcase classname="ptolemy.util.test.junit.AutoTests" name="[135] /home/travis/build/icyphy/ptII/ptolemy/domains/modal/test/auto/TwoRefinements1.xml (RunModel)" time="0.042" />
  <testcase classname="ptolemy.util.test.junit.AutoTests" name="[136] /home/travis/build/icyphy/ptII/ptolemy/domains/modal/test/auto/TwoRefinements2.xml (RunModel)" time="0.025" />
  <testcase classname="ptolemy.util.test.junit.AutoTests" name="[137] /home/travis/build/icyphy/ptII/ptolemy/domains/modal/test/auto/WeakImmediateTransition.xml (RunModel)" time="0.025" />
  <testcase classname="ptolemy.util.test.junit.AutoTests" name="[138] /home/travis/build/icyphy/ptII/ptolemy/domains/modal/test/auto/booleanSelect.xml (RunModel)" time="0.073" />
  <testcase classname="ptolemy.util.test.junit.AutoTests" name="[139] /home/travis/build/icyphy/ptII/ptolemy/domains/modal/test/auto/modalChangingParams.xml (RunModel)" time="0.295" />
  <testcase classname="ptolemy.util.test.junit.AutoTests" name="[140] /home/travis/build/icyphy/ptII/ptolemy/domains/modal/test/auto/modalModel.xml (RunModel)" time="0.02" />
  <testcase classname="ptolemy.util.test.junit.AutoTests" name="[141] /home/travis/build/icyphy/ptII/ptolemy/domains/modal/test/auto/modalModel2.xml (RunModel)" time="0.024" />
  <testcase classname="ptolemy.util.test.junit.AutoTests" name="[142] /home/travis/build/icyphy/ptII/ptolemy/domains/modal/test/auto/modalModel3.xml (RunModel)" time="0.043" />
  <testcase classname="ptolemy.util.test.junit.AutoTests" name="[143] /home/travis/build/icyphy/ptII/ptolemy/domains/modal/test/auto/model1.xml (RunModel)" time="0.02" />
  <testcase classname="ptolemy.util.test.junit.AutoTests" name="[144] /home/travis/build/icyphy/ptII/ptolemy/domains/modal/test/auto/test-direct-in-out.xml (RunModel)" time="0.023" />
  <system-out><![CDATA[/home/travis/build/icyphy/ptII/ptolemy/domains/modal/test/SystemLevelType.tcl
testDefs.tcl: setting time out to 9000 seconds at Sun Sep 08 05:36:12 UTC 2019
09/08/19 05:36:14
Failed: 0  Total Tests: 1  ((Passed: 1, Newly Passed: 0)  Known Failed: 0) /home/travis/build/icyphy/ptII/ptolemy/domains/modal/test
----------------- testing (KnownFailure) /home/travis/build/icyphy/ptII/ptolemy/domains/modal/test/auto/knownFailedTests/CannotAnalysisWithPreemption.xml
143 ms. Memory: 145408K Free: 70225K (48%)
Known Failure: java.lang.reflect.InvocationTargetException
No auto/linux-amd64/*.xml tests in /home/travis/build/icyphy/ptII/ptolemy/domains/modal/test
AutoTests.java: About to close Vertx.
AutoTests.java: Vertx closed.

===========================================================================================
----------------- testing Sun Sep 08 05:36:15 UTC 2019 /home/travis/build/icyphy/ptII/ptolemy/domains/modal/test/auto/ABPTest.xml
----------------- Instantiating /home/travis/build/icyphy/ptII/ptolemy/domains/modal/test/auto/ABPTest.xml
322 ms. Memory: 145408K Free: 100808K (69%)
----------------- Invoking toplevel() on ptolemy.moml.MoMLSimpleApplication@73952cb0
----------------- Done invoking toplevel() on ptolemy.moml.MoMLSimpleApplication@73952cb0
reloadAllAccessors: .ABPTest

===========================================================================================
----------------- testing Sun Sep 08 05:36:15 UTC 2019 /home/travis/build/icyphy/ptII/ptolemy/domains/modal/test/auto/ABROFlat.xml
----------------- Instantiating /home/travis/build/icyphy/ptII/ptolemy/domains/modal/test/auto/ABROFlat.xml
23 ms. Memory: 145408K Free: 85345K (59%)
----------------- Invoking toplevel() on ptolemy.moml.MoMLSimpleApplication@4b6c39a9
----------------- Done invoking toplevel() on ptolemy.moml.MoMLSimpleApplication@4b6c39a9
reloadAllAccessors: .ABROFlat

===========================================================================================
----------------- testing Sun Sep 08 05:36:15 UTC 2019 /home/travis/build/icyphy/ptII/ptolemy/domains/modal/test/auto/ABROFlat2.xml
----------------- Instantiating /home/travis/build/icyphy/ptII/ptolemy/domains/modal/test/auto/ABROFlat2.xml
20 ms. Memory: 145408K Free: 68465K (47%)
----------------- Invoking toplevel() on ptolemy.moml.MoMLSimpleApplication@cf250dd
----------------- Done invoking toplevel() on ptolemy.moml.MoMLSimpleApplication@cf250dd
reloadAllAccessors: .ABROFlat2

===========================================================================================
----------------- testing Sun Sep 08 05:36:15 UTC 2019 /home/travis/build/icyphy/ptII/ptolemy/domains/modal/test/auto/ABRO_present_hmm.xml
----------------- Instantiating /home/travis/build/icyphy/ptII/ptolemy/domains/modal/test/auto/ABRO_present_hmm.xml
24 ms. Memory: 145408K Free: 120807K (83%)
----------------- Invoking toplevel() on ptolemy.moml.MoMLSimpleApplication@5b0f937f
----------------- Done invoking toplevel() on ptolemy.moml.MoMLSimpleApplication@5b0f937f
reloadAllAccessors: .ABRO_present_hmm

===========================================================================================
----------------- testing Sun Sep 08 05:36:16 UTC 2019 /home/travis/build/icyphy/ptII/ptolemy/domains/modal/test/auto/AMICoderExample.xml
----------------- Instantiating /home/travis/build/icyphy/ptII/ptolemy/domains/modal/test/auto/AMICoderExample.xml
40 ms. Memory: 145408K Free: 110553K (76%)
----------------- Invoking toplevel() on ptolemy.moml.MoMLSimpleApplication@32089255
----------------- Done invoking toplevel() on ptolemy.moml.MoMLSimpleApplication@32089255
reloadAllAccessors: .AMICoderExample

===========================================================================================
----------------- testing Sun Sep 08 05:36:16 UTC 2019 /home/travis/build/icyphy/ptII/ptolemy/domains/modal/test/auto/AbsentToPresent.xml
----------------- Instantiating /home/travis/build/icyphy/ptII/ptolemy/domains/modal/test/auto/AbsentToPresent.xml
7 ms. Memory: 145408K Free: 105961K (73%)
----------------- Invoking toplevel() on ptolemy.moml.MoMLSimpleApplication@185cc8e4
----------------- Done invoking toplevel() on ptolemy.moml.MoMLSimpleApplication@185cc8e4
reloadAllAccessors: .AbsentToPresent

===========================================================================================
----------------- testing Sun Sep 08 05:36:16 UTC 2019 /home/travis/build/icyphy/ptII/ptolemy/domains/modal/test/auto/Blending.xml
----------------- Instantiating /home/travis/build/icyphy/ptII/ptolemy/domains/modal/test/auto/Blending.xml
177 ms. Memory: 145408K Free: 60905K (42%)
----------------- Invoking toplevel() on ptolemy.moml.MoMLSimpleApplication@5346afe0
----------------- Done invoking toplevel() on ptolemy.moml.MoMLSimpleApplication@5346afe0
reloadAllAccessors: .Blending

===========================================================================================
----------------- testing Sun Sep 08 05:36:16 UTC 2019 /home/travis/build/icyphy/ptII/ptolemy/domains/modal/test/auto/Broadcast.xml
----------------- Instantiating /home/travis/build/icyphy/ptII/ptolemy/domains/modal/test/auto/Broadcast.xml
9 ms. Memory: 145408K Free: 50665K (35%)
----------------- Invoking toplevel() on ptolemy.moml.MoMLSimpleApplication@3e655229
----------------- Done invoking toplevel() on ptolemy.moml.MoMLSimpleApplication@3e655229
reloadAllAccessors: .Broadcast

===========================================================================================
----------------- testing Sun Sep 08 05:36:16 UTC 2019 /home/travis/build/icyphy/ptII/ptolemy/domains/modal/test/auto/BroadcastHierarchy.xml
----------------- Instantiating /home/travis/build/icyphy/ptII/ptolemy/domains/modal/test/auto/BroadcastHierarchy.xml
14 ms. Memory: 180224K Free: 154132K (86%)
----------------- Invoking toplevel() on ptolemy.moml.MoMLSimpleApplication@14cc6ed9
----------------- Done invoking toplevel() on ptolemy.moml.MoMLSimpleApplication@14cc6ed9
reloadAllAccessors: .BroadcastHierarchy

===========================================================================================
----------------- testing Sun Sep 08 05:36:16 UTC 2019 /home/travis/build/icyphy/ptII/ptolemy/domains/modal/test/auto/BroadcastHierarchy2.xml
----------------- Instantiating /home/travis/build/icyphy/ptII/ptolemy/domains/modal/test/auto/BroadcastHierarchy2.xml
28 ms. Memory: 180224K Free: 126976K (70%)
----------------- Invoking toplevel() on ptolemy.moml.MoMLSimpleApplication@3527ea7a
----------------- Done invoking toplevel() on ptolemy.moml.MoMLSimpleApplication@3527ea7a
reloadAllAccessors: .BroadcastHierarchy2

===========================================================================================
----------------- testing Sun Sep 08 05:36:16 UTC 2019 /home/travis/build/icyphy/ptII/ptolemy/domains/modal/test/auto/BroadcastHierarchy3.xml
----------------- Instantiating /home/travis/build/icyphy/ptII/ptolemy/domains/modal/test/auto/BroadcastHierarchy3.xml
24 ms. Memory: 180224K Free: 106496K (59%)
----------------- Invoking toplevel() on ptolemy.moml.MoMLSimpleApplication@2a222518
----------------- Done invoking toplevel() on ptolemy.moml.MoMLSimpleApplication@2a222518
reloadAllAccessors: .BroadcastHierarchy3

===========================================================================================
----------------- testing Sun Sep 08 05:36:16 UTC 2019 /home/travis/build/icyphy/ptII/ptolemy/domains/modal/test/auto/BroadcastHierarchy4.xml
----------------- Instantiating /home/travis/build/icyphy/ptII/ptolemy/domains/modal/test/auto/BroadcastHierarchy4.xml
20 ms. Memory: 180224K Free: 81912K (45%)
----------------- Invoking toplevel() on ptolemy.moml.MoMLSimpleApplication@328bf66b
----------------- Done invoking toplevel() on ptolemy.moml.MoMLSimpleApplication@328bf66b
reloadAllAccessors: .BroadcastHierarchy4

===========================================================================================
----------------- testing Sun Sep 08 05:36:16 UTC 2019 /home/travis/build/icyphy/ptII/ptolemy/domains/modal/test/auto/CannotAnalysisWithPreemption2.xml
----------------- Instantiating /home/travis/build/icyphy/ptII/ptolemy/domains/modal/test/auto/CannotAnalysisWithPreemption2.xml
4 ms. Memory: 180224K Free: 74276K (41%)
----------------- Invoking toplevel() on ptolemy.moml.MoMLSimpleApplication@44d6d647
----------------- Done invoking toplevel() on ptolemy.moml.MoMLSimpleApplication@44d6d647
reloadAllAccessors: .CannotAnalysisWithPreemption2

===========================================================================================
----------------- testing Sun Sep 08 05:36:17 UTC 2019 /home/travis/build/icyphy/ptII/ptolemy/domains/modal/test/auto/CannotAnalysisWithPreemption3.xml
----------------- Instantiating /home/travis/build/icyphy/ptII/ptolemy/domains/modal/test/auto/CannotAnalysisWithPreemption3.xml
4 ms. Memory: 180224K Free: 159777K (89%)
----------------- Invoking toplevel() on ptolemy.moml.MoMLSimpleApplication@5d2ea5cb
----------------- Done invoking toplevel() on ptolemy.moml.MoMLSimpleApplication@5d2ea5cb
reloadAllAccessors: .CannotAnalysisWithPreemption3

===========================================================================================
----------------- testing Sun Sep 08 05:36:17 UTC 2019 /home/travis/build/icyphy/ptII/ptolemy/domains/modal/test/auto/CannotProduce.xml
----------------- Instantiating /home/travis/build/icyphy/ptII/ptolemy/domains/modal/test/auto/CannotProduce.xml
7 ms. Memory: 180224K Free: 153123K (85%)
----------------- Invoking toplevel() on ptolemy.moml.MoMLSimpleApplication@799f3572
----------------- Done invoking toplevel() on ptolemy.moml.MoMLSimpleApplication@799f3572
reloadAllAccessors: .CannotProduce

===========================================================================================
----------------- testing Sun Sep 08 05:36:17 UTC 2019 /home/travis/build/icyphy/ptII/ptolemy/domains/modal/test/auto/CannotProduceModal.xml
----------------- Instantiating /home/travis/build/icyphy/ptII/ptolemy/domains/modal/test/auto/CannotProduceModal.xml
5 ms. Memory: 180224K Free: 146459K (81%)
----------------- Invoking toplevel() on ptolemy.moml.MoMLSimpleApplication@7394d7b1
----------------- Done invoking toplevel() on ptolemy.moml.MoMLSimpleApplication@7394d7b1
reloadAllAccessors: .CannotProduceModal

===========================================================================================
----------------- testing Sun Sep 08 05:36:17 UTC 2019 /home/travis/build/icyphy/ptII/ptolemy/domains/modal/test/auto/Case.xml
----------------- Instantiating /home/travis/build/icyphy/ptII/ptolemy/domains/modal/test/auto/Case.xml
18 ms. Memory: 180224K Free: 134691K (75%)
----------------- Invoking toplevel() on ptolemy.moml.MoMLSimpleApplication@7364fb51
----------------- Done invoking toplevel() on ptolemy.moml.MoMLSimpleApplication@7364fb51
reloadAllAccessors: .Case

===========================================================================================
----------------- testing Sun Sep 08 05:36:17 UTC 2019 /home/travis/build/icyphy/ptII/ptolemy/domains/modal/test/auto/Case1.xml
----------------- Instantiating /home/travis/build/icyphy/ptII/ptolemy/domains/modal/test/auto/Case1.xml
9 ms. Memory: 180224K Free: 127009K (70%)
----------------- Invoking toplevel() on ptolemy.moml.MoMLSimpleApplication@6821efd2
----------------- Done invoking toplevel() on ptolemy.moml.MoMLSimpleApplication@6821efd2
reloadAllAccessors: .Case1

===========================================================================================
----------------- testing Sun Sep 08 05:36:17 UTC 2019 /home/travis/build/icyphy/ptII/ptolemy/domains/modal/test/auto/Case2.xml
----------------- Instantiating /home/travis/build/icyphy/ptII/ptolemy/domains/modal/test/auto/Case2.xml
28 ms. Memory: 180224K Free: 116259K (65%)
----------------- Invoking toplevel() on ptolemy.moml.MoMLSimpleApplication@565a1a91
----------------- Done invoking toplevel() on ptolemy.moml.MoMLSimpleApplication@565a1a91
reloadAllAccessors: .Case2

===========================================================================================
----------------- testing Sun Sep 08 05:36:17 UTC 2019 /home/travis/build/icyphy/ptII/ptolemy/domains/modal/test/auto/CausalityInterface1.xml
----------------- Instantiating /home/travis/build/icyphy/ptII/ptolemy/domains/modal/test/auto/CausalityInterface1.xml
4 ms. Memory: 180224K Free: 111139K (62%)
----------------- Invoking toplevel() on ptolemy.moml.MoMLSimpleApplication@651366fd
----------------- Done invoking toplevel() on ptolemy.moml.MoMLSimpleApplication@651366fd
reloadAllAccessors: .CausalityInterface1

===========================================================================================
----------------- testing Sun Sep 08 05:36:17 UTC 2019 /home/travis/build/icyphy/ptII/ptolemy/domains/modal/test/auto/CausalityInterface10.xml
----------------- Instantiating /home/travis/build/icyphy/ptII/ptolemy/domains/modal/test/auto/CausalityInterface10.xml
16 ms. Memory: 180224K Free: 97827K (54%)
----------------- Invoking toplevel() on ptolemy.moml.MoMLSimpleApplication@1e0963a0
----------------- Done invoking toplevel() on ptolemy.moml.MoMLSimpleApplication@1e0963a0
reloadAllAccessors: .CausalityInterface10

===========================================================================================
----------------- testing Sun Sep 08 05:36:17 UTC 2019 /home/travis/build/icyphy/ptII/ptolemy/domains/modal/test/auto/CausalityInterface11.xml
----------------- Instantiating /home/travis/build/icyphy/ptII/ptolemy/domains/modal/test/auto/CausalityInterface11.xml
12 ms. Memory: 180224K Free: 84515K (47%)
----------------- Invoking toplevel() on ptolemy.moml.MoMLSimpleApplication@1b7dd5
----------------- Done invoking toplevel() on ptolemy.moml.MoMLSimpleApplication@1b7dd5
reloadAllAccessors: .CausalityInterface11

===========================================================================================
----------------- testing Sun Sep 08 05:36:17 UTC 2019 /home/travis/build/icyphy/ptII/ptolemy/domains/modal/test/auto/CausalityInterface12.xml
----------------- Instantiating /home/travis/build/icyphy/ptII/ptolemy/domains/modal/test/auto/CausalityInterface12.xml
8 ms. Memory: 180224K Free: 71203K (40%)
----------------- Invoking toplevel() on ptolemy.moml.MoMLSimpleApplication@61eaf4c6
----------------- Done invoking toplevel() on ptolemy.moml.MoMLSimpleApplication@61eaf4c6
reloadAllAccessors: .CausalityInterface12

===========================================================================================
----------------- testing Sun Sep 08 05:36:17 UTC 2019 /home/travis/build/icyphy/ptII/ptolemy/domains/modal/test/auto/CausalityInterface13.xml
----------------- Instantiating /home/travis/build/icyphy/ptII/ptolemy/domains/modal/test/auto/CausalityInterface13.xml
17 ms. Memory: 180224K Free: 159780K (89%)
----------------- Invoking toplevel() on ptolemy.moml.MoMLSimpleApplication@fb2d3b1
----------------- Done invoking toplevel() on ptolemy.moml.MoMLSimpleApplication@fb2d3b1
reloadAllAccessors: .CausalityInterface13

===========================================================================================
----------------- testing Sun Sep 08 05:36:17 UTC 2019 /home/travis/build/icyphy/ptII/ptolemy/domains/modal/test/auto/CausalityInterface14.xml
----------------- Instantiating /home/travis/build/icyphy/ptII/ptolemy/domains/modal/test/auto/CausalityInterface14.xml
8 ms. Memory: 180224K Free: 145972K (81%)
----------------- Invoking toplevel() on ptolemy.moml.MoMLSimpleApplication@37f219da
----------------- Done invoking toplevel() on ptolemy.moml.MoMLSimpleApplication@37f219da
reloadAllAccessors: .CausalityInterface14

===========================================================================================
----------------- testing Sun Sep 08 05:36:17 UTC 2019 /home/travis/build/icyphy/ptII/ptolemy/domains/modal/test/auto/CausalityInterface2.xml
----------------- Instantiating /home/travis/build/icyphy/ptII/ptolemy/domains/modal/test/auto/CausalityInterface2.xml
7 ms. Memory: 180224K Free: 139308K (77%)
----------------- Invoking toplevel() on ptolemy.moml.MoMLSimpleApplication@6e852cf7
----------------- Done invoking toplevel() on ptolemy.moml.MoMLSimpleApplication@6e852cf7
reloadAllAccessors: .CausalityInterface2

===========================================================================================
----------------- testing Sun Sep 08 05:36:17 UTC 2019 /home/travis/build/icyphy/ptII/ptolemy/domains/modal/test/auto/CausalityInterface3.xml
----------------- Instantiating /home/travis/build/icyphy/ptII/ptolemy/domains/modal/test/auto/CausalityInterface3.xml
3 ms. Memory: 180224K Free: 133164K (74%)
----------------- Invoking toplevel() on ptolemy.moml.MoMLSimpleApplication@670fde8b
----------------- Done invoking toplevel() on ptolemy.moml.MoMLSimpleApplication@670fde8b
reloadAllAccessors: .CausalityInterface3

===========================================================================================
----------------- testing Sun Sep 08 05:36:17 UTC 2019 /home/travis/build/icyphy/ptII/ptolemy/domains/modal/test/auto/CausalityInterface4.xml
----------------- Instantiating /home/travis/build/icyphy/ptII/ptolemy/domains/modal/test/auto/CausalityInterface4.xml
2 ms. Memory: 180224K Free: 126516K (70%)
----------------- Invoking toplevel() on ptolemy.moml.MoMLSimpleApplication@6dce1d02
----------------- Done invoking toplevel() on ptolemy.moml.MoMLSimpleApplication@6dce1d02
reloadAllAccessors: .CausalityInterface4

===========================================================================================
----------------- testing Sun Sep 08 05:36:17 UTC 2019 /home/travis/build/icyphy/ptII/ptolemy/domains/modal/test/auto/CausalityInterface5.xml
----------------- Instantiating /home/travis/build/icyphy/ptII/ptolemy/domains/modal/test/auto/CausalityInterface5.xml
3 ms. Memory: 180224K Free: 117796K (65%)
----------------- Invoking toplevel() on ptolemy.moml.MoMLSimpleApplication@bc6b632
----------------- Done invoking toplevel() on ptolemy.moml.MoMLSimpleApplication@bc6b632
reloadAllAccessors: .CausalityInterface5

===========================================================================================
----------------- testing Sun Sep 08 05:36:17 UTC 2019 /home/travis/build/icyphy/ptII/ptolemy/domains/modal/test/auto/CausalityInterface6.xml
----------------- Instantiating /home/travis/build/icyphy/ptII/ptolemy/domains/modal/test/auto/CausalityInterface6.xml
5 ms. Memory: 180224K Free: 109618K (61%)
----------------- Invoking toplevel() on ptolemy.moml.MoMLSimpleApplication@38b0f672
----------------- Done invoking toplevel() on ptolemy.moml.MoMLSimpleApplication@38b0f672
reloadAllAccessors: .CausalityInterface6

===========================================================================================
----------------- testing Sun Sep 08 05:36:17 UTC 2019 /home/travis/build/icyphy/ptII/ptolemy/domains/modal/test/auto/CausalityInterface7.xml
----------------- Instantiating /home/travis/build/icyphy/ptII/ptolemy/domains/modal/test/auto/CausalityInterface7.xml
5 ms. Memory: 180224K Free: 101412K (56%)
----------------- Invoking toplevel() on ptolemy.moml.MoMLSimpleApplication@6c151447
----------------- Done invoking toplevel() on ptolemy.moml.MoMLSimpleApplication@6c151447
reloadAllAccessors: .CausalityInterface7

===========================================================================================
----------------- testing Sun Sep 08 05:36:17 UTC 2019 /home/travis/build/icyphy/ptII/ptolemy/domains/modal/test/auto/CausalityInterface8.xml
----------------- Instantiating /home/travis/build/icyphy/ptII/ptolemy/domains/modal/test/auto/CausalityInterface8.xml
4 ms. Memory: 180224K Free: 92724K (51%)
----------------- Invoking toplevel() on ptolemy.moml.MoMLSimpleApplication@277fbd4a
----------------- Done invoking toplevel() on ptolemy.moml.MoMLSimpleApplication@277fbd4a
reloadAllAccessors: .CausalityInterface8

===========================================================================================
----------------- testing Sun Sep 08 05:36:17 UTC 2019 /home/travis/build/icyphy/ptII/ptolemy/domains/modal/test/auto/CausalityInterface9.xml
----------------- Instantiating /home/travis/build/icyphy/ptII/ptolemy/domains/modal/test/auto/CausalityInterface9.xml
7 ms. Memory: 180224K Free: 83508K (46%)
----------------- Invoking toplevel() on ptolemy.moml.MoMLSimpleApplication@33236e9b
----------------- Done invoking toplevel() on ptolemy.moml.MoMLSimpleApplication@33236e9b
reloadAllAccessors: .CausalityInterface9

===========================================================================================
----------------- testing Sun Sep 08 05:36:17 UTC 2019 /home/travis/build/icyphy/ptII/ptolemy/domains/modal/test/auto/ChainedTransitions.xml
----------------- Instantiating /home/travis/build/icyphy/ptII/ptolemy/domains/modal/test/auto/ChainedTransitions.xml
125 ms. Memory: 180224K Free: 160773K (89%)
----------------- Invoking toplevel() on ptolemy.moml.MoMLSimpleApplication@3fc4e189
----------------- Done invoking toplevel() on ptolemy.moml.MoMLSimpleApplication@3fc4e189
reloadAllAccessors: .ChainedTransitions

===========================================================================================
----------------- testing Sun Sep 08 05:36:18 UTC 2019 /home/travis/build/icyphy/ptII/ptolemy/domains/modal/test/auto/CycleOfImmediateTransitionsFSM.xml
----------------- Instantiating /home/travis/build/icyphy/ptII/ptolemy/domains/modal/test/auto/CycleOfImmediateTransitionsFSM.xml
2 ms. Memory: 180224K Free: 154629K (86%)
----------------- Invoking toplevel() on ptolemy.moml.MoMLSimpleApplication@1bdacc02
----------------- Done invoking toplevel() on ptolemy.moml.MoMLSimpleApplication@1bdacc02
reloadAllAccessors: .CycleOfImmediateTransitionsFSM

===========================================================================================
----------------- testing Sun Sep 08 05:36:18 UTC 2019 /home/travis/build/icyphy/ptII/ptolemy/domains/modal/test/auto/CycleOfImmediateTransitionsModal.xml
----------------- Instantiating /home/travis/build/icyphy/ptII/ptolemy/domains/modal/test/auto/CycleOfImmediateTransitionsModal.xml
3 ms. Memory: 180224K Free: 148485K (82%)
----------------- Invoking toplevel() on ptolemy.moml.MoMLSimpleApplication@77f3e3
----------------- Done invoking toplevel() on ptolemy.moml.MoMLSimpleApplication@77f3e3
reloadAllAccessors: .CycleOfImmediateTransitionsModal

===========================================================================================
----------------- testing Sun Sep 08 05:36:18 UTC 2019 /home/travis/build/icyphy/ptII/ptolemy/domains/modal/test/auto/CycleOfImmediateTransitionsModal2.xml
----------------- Instantiating /home/travis/build/icyphy/ptII/ptolemy/domains/modal/test/auto/CycleOfImmediateTransitionsModal2.xml
8 ms. Memory: 180224K Free: 142342K (79%)
----------------- Invoking toplevel() on ptolemy.moml.MoMLSimpleApplication@4a5050c3
----------------- Done invoking toplevel() on ptolemy.moml.MoMLSimpleApplication@4a5050c3
reloadAllAccessors: .CycleOfImmediateTransitionsModal2

===========================================================================================
----------------- testing Sun Sep 08 05:36:18 UTC 2019 /home/travis/build/icyphy/ptII/ptolemy/domains/modal/test/auto/CycleOfImmediateTransitionsModal3.xml
----------------- Instantiating /home/travis/build/icyphy/ptII/ptolemy/domains/modal/test/auto/CycleOfImmediateTransitionsModal3.xml
10 ms. Memory: 180224K Free: 119813K (66%)
----------------- Invoking toplevel() on ptolemy.moml.MoMLSimpleApplication@52d63d0f
----------------- Done invoking toplevel() on ptolemy.moml.MoMLSimpleApplication@52d63d0f
reloadAllAccessors: .CycleOfImmediateTransitionsModal3

===========================================================================================
----------------- testing Sun Sep 08 05:36:18 UTC 2019 /home/travis/build/icyphy/ptII/ptolemy/domains/modal/test/auto/DeepModal1.xml
----------------- Instantiating /home/travis/build/icyphy/ptII/ptolemy/domains/modal/test/auto/DeepModal1.xml
31 ms. Memory: 180224K Free: 105962K (59%)
----------------- Invoking toplevel() on ptolemy.moml.MoMLSimpleApplication@52fac24d
----------------- Done invoking toplevel() on ptolemy.moml.MoMLSimpleApplication@52fac24d
reloadAllAccessors: .DeepModal1

===========================================================================================
----------------- testing Sun Sep 08 05:36:18 UTC 2019 /home/travis/build/icyphy/ptII/ptolemy/domains/modal/test/auto/DeepModal2.xml
----------------- Instantiating /home/travis/build/icyphy/ptII/ptolemy/domains/modal/test/auto/DeepModal2.xml
22 ms. Memory: 180224K Free: 87555K (49%)
----------------- Invoking toplevel() on ptolemy.moml.MoMLSimpleApplication@7b4a131a
----------------- Done invoking toplevel() on ptolemy.moml.MoMLSimpleApplication@7b4a131a
reloadAllAccessors: .DeepModal2

===========================================================================================
----------------- testing Sun Sep 08 05:36:18 UTC 2019 /home/travis/build/icyphy/ptII/ptolemy/domains/modal/test/auto/DeepModal3.xml
----------------- Instantiating /home/travis/build/icyphy/ptII/ptolemy/domains/modal/test/auto/DeepModal3.xml
29 ms. Memory: 180224K Free: 68090K (38%)
----------------- Invoking toplevel() on ptolemy.moml.MoMLSimpleApplication@11abad64
----------------- Done invoking toplevel() on ptolemy.moml.MoMLSimpleApplication@11abad64
reloadAllAccessors: .DeepModal3

===========================================================================================
----------------- testing Sun Sep 08 05:36:18 UTC 2019 /home/travis/build/icyphy/ptII/ptolemy/domains/modal/test/auto/DeepModal4.xml
----------------- Instantiating /home/travis/build/icyphy/ptII/ptolemy/domains/modal/test/auto/DeepModal4.xml
39 ms. Memory: 222208K Free: 192479K (87%)
----------------- Invoking toplevel() on ptolemy.moml.MoMLSimpleApplication@5eb48ba5
----------------- Done invoking toplevel() on ptolemy.moml.MoMLSimpleApplication@5eb48ba5
reloadAllAccessors: .DeepModal4

===========================================================================================
----------------- testing Sun Sep 08 05:36:18 UTC 2019 /home/travis/build/icyphy/ptII/ptolemy/domains/modal/test/auto/Default1.xml
----------------- Instantiating /home/travis/build/icyphy/ptII/ptolemy/domains/modal/test/auto/Default1.xml
3 ms. Memory: 222208K Free: 186367K (84%)
----------------- Invoking toplevel() on ptolemy.moml.MoMLSimpleApplication@457debb2
----------------- Done invoking toplevel() on ptolemy.moml.MoMLSimpleApplication@457debb2
reloadAllAccessors: .Default1

===========================================================================================
----------------- testing Sun Sep 08 05:36:18 UTC 2019 /home/travis/build/icyphy/ptII/ptolemy/domains/modal/test/auto/Default2.xml
----------------- Instantiating /home/travis/build/icyphy/ptII/ptolemy/domains/modal/test/auto/Default2.xml
9 ms. Memory: 222208K Free: 180733K (81%)
----------------- Invoking toplevel() on ptolemy.moml.MoMLSimpleApplication@6f03a007
----------------- Done invoking toplevel() on ptolemy.moml.MoMLSimpleApplication@6f03a007
reloadAllAccessors: .Default2

===========================================================================================
----------------- testing Sun Sep 08 05:36:18 UTC 2019 /home/travis/build/icyphy/ptII/ptolemy/domains/modal/test/auto/Default3.xml
----------------- Instantiating /home/travis/build/icyphy/ptII/ptolemy/domains/modal/test/auto/Default3.xml
5 ms. Memory: 222208K Free: 174589K (79%)
----------------- Invoking toplevel() on ptolemy.moml.MoMLSimpleApplication@683fd916
----------------- Done invoking toplevel() on ptolemy.moml.MoMLSimpleApplication@683fd916
reloadAllAccessors: .Default3

===========================================================================================
----------------- testing Sun Sep 08 05:36:18 UTC 2019 /home/travis/build/icyphy/ptII/ptolemy/domains/modal/test/auto/Default4.xml
----------------- Instantiating /home/travis/build/icyphy/ptII/ptolemy/domains/modal/test/auto/Default4.xml
6 ms. Memory: 222208K Free: 168445K (76%)
----------------- Invoking toplevel() on ptolemy.moml.MoMLSimpleApplication@44f40c8a
----------------- Done invoking toplevel() on ptolemy.moml.MoMLSimpleApplication@44f40c8a
reloadAllAccessors: .Default4

===========================================================================================
----------------- testing Sun Sep 08 05:36:18 UTC 2019 /home/travis/build/icyphy/ptII/ptolemy/domains/modal/test/auto/Default5.xml
----------------- Instantiating /home/travis/build/icyphy/ptII/ptolemy/domains/modal/test/auto/Default5.xml
8 ms. Memory: 222208K Free: 160253K (72%)
----------------- Invoking toplevel() on ptolemy.moml.MoMLSimpleApplication@5449f2f4
----------------- Done invoking toplevel() on ptolemy.moml.MoMLSimpleApplication@5449f2f4
reloadAllAccessors: .Default5

===========================================================================================
----------------- testing Sun Sep 08 05:36:18 UTC 2019 /home/travis/build/icyphy/ptII/ptolemy/domains/modal/test/auto/EmptyGuard.xml
----------------- Instantiating /home/travis/build/icyphy/ptII/ptolemy/domains/modal/test/auto/EmptyGuard.xml
9 ms. Memory: 222208K Free: 152575K (69%)
----------------- Invoking toplevel() on ptolemy.moml.MoMLSimpleApplication@3afa8781
----------------- Done invoking toplevel() on ptolemy.moml.MoMLSimpleApplication@3afa8781
reloadAllAccessors: .EmptyGuard

===========================================================================================
----------------- testing Sun Sep 08 05:36:18 UTC 2019 /home/travis/build/icyphy/ptII/ptolemy/domains/modal/test/auto/ErrorTransition1.xml
----------------- Instantiating /home/travis/build/icyphy/ptII/ptolemy/domains/modal/test/auto/ErrorTransition1.xml
6 ms. Memory: 222208K Free: 143869K (65%)
----------------- Invoking toplevel() on ptolemy.moml.MoMLSimpleApplication@528cf2b8
----------------- Done invoking toplevel() on ptolemy.moml.MoMLSimpleApplication@528cf2b8
reloadAllAccessors: .ErrorTransition1

===========================================================================================
----------------- testing Sun Sep 08 05:36:18 UTC 2019 /home/travis/build/icyphy/ptII/ptolemy/domains/modal/test/auto/ErrorTransition10.xml
----------------- Instantiating /home/travis/build/icyphy/ptII/ptolemy/domains/modal/test/auto/ErrorTransition10.xml
14 ms. Memory: 222208K Free: 130047K (59%)
----------------- Invoking toplevel() on ptolemy.moml.MoMLSimpleApplication@22ca0316
----------------- Done invoking toplevel() on ptolemy.moml.MoMLSimpleApplication@22ca0316
reloadAllAccessors: .ErrorTransition10

===========================================================================================
----------------- testing Sun Sep 08 05:36:18 UTC 2019 /home/travis/build/icyphy/ptII/ptolemy/domains/modal/test/auto/ErrorTransition11.xml
----------------- Instantiating /home/travis/build/icyphy/ptII/ptolemy/domains/modal/test/auto/ErrorTransition11.xml
4 ms. Memory: 222208K Free: 118783K (53%)
----------------- Invoking toplevel() on ptolemy.moml.MoMLSimpleApplication@13cd6304
----------------- Done invoking toplevel() on ptolemy.moml.MoMLSimpleApplication@13cd6304
reloadAllAccessors: .ErrorTransition11

===========================================================================================
----------------- testing Sun Sep 08 05:36:18 UTC 2019 /home/travis/build/icyphy/ptII/ptolemy/domains/modal/test/auto/ErrorTransition2.xml
----------------- Instantiating /home/travis/build/icyphy/ptII/ptolemy/domains/modal/test/auto/ErrorTransition2.xml
6 ms. Memory: 222208K Free: 110077K (50%)
----------------- Invoking toplevel() on ptolemy.moml.MoMLSimpleApplication@1190432a
----------------- Done invoking toplevel() on ptolemy.moml.MoMLSimpleApplication@1190432a
reloadAllAccessors: .ErrorTransition2

===========================================================================================
----------------- testing Sun Sep 08 05:36:18 UTC 2019 /home/travis/build/icyphy/ptII/ptolemy/domains/modal/test/auto/ErrorTransition3.xml
----------------- Instantiating /home/travis/build/icyphy/ptII/ptolemy/domains/modal/test/auto/ErrorTransition3.xml
15 ms. Memory: 222208K Free: 100351K (45%)
----------------- Invoking toplevel() on ptolemy.moml.MoMLSimpleApplication@72a08e97
----------------- Done invoking toplevel() on ptolemy.moml.MoMLSimpleApplication@72a08e97
reloadAllAccessors: .ErrorTransition3

===========================================================================================
----------------- testing Sun Sep 08 05:36:18 UTC 2019 /home/travis/build/icyphy/ptII/ptolemy/domains/modal/test/auto/ErrorTransition4.xml
----------------- Instantiating /home/travis/build/icyphy/ptII/ptolemy/domains/modal/test/auto/ErrorTransition4.xml
11 ms. Memory: 222208K Free: 89087K (40%)
----------------- Invoking toplevel() on ptolemy.moml.MoMLSimpleApplication@59e83ab3
----------------- Done invoking toplevel() on ptolemy.moml.MoMLSimpleApplication@59e83ab3
reloadAllAccessors: .ErrorTransition4

===========================================================================================
----------------- testing Sun Sep 08 05:36:18 UTC 2019 /home/travis/build/icyphy/ptII/ptolemy/domains/modal/test/auto/ErrorTransition5.xml
----------------- Instantiating /home/travis/build/icyphy/ptII/ptolemy/domains/modal/test/auto/ErrorTransition5.xml
9 ms. Memory: 222208K Free: 78847K (35%)
----------------- Invoking toplevel() on ptolemy.moml.MoMLSimpleApplication@684e30f
----------------- Done invoking toplevel() on ptolemy.moml.MoMLSimpleApplication@684e30f
reloadAllAccessors: .ErrorTransition5

===========================================================================================
----------------- testing Sun Sep 08 05:36:18 UTC 2019 /home/travis/build/icyphy/ptII/ptolemy/domains/modal/test/auto/ErrorTransition6.xml
----------------- Instantiating /home/travis/build/icyphy/ptII/ptolemy/domains/modal/test/auto/ErrorTransition6.xml
9 ms. Memory: 222208K Free: 195062K (88%)
----------------- Invoking toplevel() on ptolemy.moml.MoMLSimpleApplication@49077ff5
----------------- Done invoking toplevel() on ptolemy.moml.MoMLSimpleApplication@49077ff5
reloadAllAccessors: .ErrorTransition6

===========================================================================================
----------------- testing Sun Sep 08 05:36:19 UTC 2019 /home/travis/build/icyphy/ptII/ptolemy/domains/modal/test/auto/ErrorTransition7.xml
----------------- Instantiating /home/travis/build/icyphy/ptII/ptolemy/domains/modal/test/auto/ErrorTransition7.xml
15 ms. Memory: 222208K Free: 182264K (82%)
----------------- Invoking toplevel() on ptolemy.moml.MoMLSimpleApplication@65bd8275
----------------- Done invoking toplevel() on ptolemy.moml.MoMLSimpleApplication@65bd8275
reloadAllAccessors: .ErrorTransition7

===========================================================================================
----------------- testing Sun Sep 08 05:36:19 UTC 2019 /home/travis/build/icyphy/ptII/ptolemy/domains/modal/test/auto/ErrorTransition8.xml
----------------- Instantiating /home/travis/build/icyphy/ptII/ptolemy/domains/modal/test/auto/ErrorTransition8.xml
24 ms. Memory: 222208K Free: 168952K (76%)
----------------- Invoking toplevel() on ptolemy.moml.MoMLSimpleApplication@4be7b96a
----------------- Done invoking toplevel() on ptolemy.moml.MoMLSimpleApplication@4be7b96a
reloadAllAccessors: .ErrorTransition8

===========================================================================================
----------------- testing Sun Sep 08 05:36:19 UTC 2019 /home/travis/build/icyphy/ptII/ptolemy/domains/modal/test/auto/ErrorTransition9.xml
----------------- Instantiating /home/travis/build/icyphy/ptII/ptolemy/domains/modal/test/auto/ErrorTransition9.xml
15 ms. Memory: 222208K Free: 155640K (70%)
----------------- Invoking toplevel() on ptolemy.moml.MoMLSimpleApplication@3c326066
----------------- Done invoking toplevel() on ptolemy.moml.MoMLSimpleApplication@3c326066
reloadAllAccessors: .ErrorTransition9

===========================================================================================
----------------- testing Sun Sep 08 05:36:19 UTC 2019 /home/travis/build/icyphy/ptII/ptolemy/domains/modal/test/auto/ExtendedFSM.xml
----------------- Instantiating /home/travis/build/icyphy/ptII/ptolemy/domains/modal/test/auto/ExtendedFSM.xml
7 ms. Memory: 222208K Free: 147448K (66%)
----------------- Invoking toplevel() on ptolemy.moml.MoMLSimpleApplication@302cbfb2
----------------- Done invoking toplevel() on ptolemy.moml.MoMLSimpleApplication@302cbfb2
reloadAllAccessors: .ExtendedFSM

===========================================================================================
----------------- testing Sun Sep 08 05:36:19 UTC 2019 /home/travis/build/icyphy/ptII/ptolemy/domains/modal/test/auto/FinalStates.xml
----------------- Instantiating /home/travis/build/icyphy/ptII/ptolemy/domains/modal/test/auto/FinalStates.xml
7 ms. Memory: 222208K Free: 139256K (63%)
----------------- Invoking toplevel() on ptolemy.moml.MoMLSimpleApplication@4d8728d
----------------- Done invoking toplevel() on ptolemy.moml.MoMLSimpleApplication@4d8728d
reloadAllAccessors: .FinalStates

===========================================================================================
----------------- testing Sun Sep 08 05:36:19 UTC 2019 /home/travis/build/icyphy/ptII/ptolemy/domains/modal/test/auto/FixedPointFSM.xml
----------------- Instantiating /home/travis/build/icyphy/ptII/ptolemy/domains/modal/test/auto/FixedPointFSM.xml
22 ms. Memory: 222208K Free: 124400K (56%)
----------------- Invoking toplevel() on ptolemy.moml.MoMLSimpleApplication@4f58a64b
----------------- Done invoking toplevel() on ptolemy.moml.MoMLSimpleApplication@4f58a64b
reloadAllAccessors: .FixedPointFSM

===========================================================================================
----------------- testing Sun Sep 08 05:36:19 UTC 2019 /home/travis/build/icyphy/ptII/ptolemy/domains/modal/test/auto/FixedPointIterationFSMActor.xml
----------------- Instantiating /home/travis/build/icyphy/ptII/ptolemy/domains/modal/test/auto/FixedPointIterationFSMActor.xml
8 ms. Memory: 222208K Free: 113656K (51%)
----------------- Invoking toplevel() on ptolemy.moml.MoMLSimpleApplication@71a923d2
----------------- Done invoking toplevel() on ptolemy.moml.MoMLSimpleApplication@71a923d2
reloadAllAccessors: .FixedPointIterationFSMActor

===========================================================================================
----------------- testing Sun Sep 08 05:36:19 UTC 2019 /home/travis/build/icyphy/ptII/ptolemy/domains/modal/test/auto/FixedPointIterationFSMActor2.xml
----------------- Instantiating /home/travis/build/icyphy/ptII/ptolemy/domains/modal/test/auto/FixedPointIterationFSMActor2.xml
11 ms. Memory: 222208K Free: 101368K (46%)
----------------- Invoking toplevel() on ptolemy.moml.MoMLSimpleApplication@2c98e029
----------------- Done invoking toplevel() on ptolemy.moml.MoMLSimpleApplication@2c98e029
reloadAllAccessors: .FixedPointIterationFSMActor2

===========================================================================================
----------------- testing Sun Sep 08 05:36:19 UTC 2019 /home/travis/build/icyphy/ptII/ptolemy/domains/modal/test/auto/ForbiddenInstantanousLoop.xml
----------------- Instantiating /home/travis/build/icyphy/ptII/ptolemy/domains/modal/test/auto/ForbiddenInstantanousLoop.xml
8 ms. Memory: 222208K Free: 89080K (40%)
----------------- Invoking toplevel() on ptolemy.moml.MoMLSimpleApplication@20ce3b16
----------------- Done invoking toplevel() on ptolemy.moml.MoMLSimpleApplication@20ce3b16
reloadAllAccessors: .ForbiddenInstantanousLoop

===========================================================================================
----------------- testing Sun Sep 08 05:36:19 UTC 2019 /home/travis/build/icyphy/ptII/ptolemy/domains/modal/test/auto/FunctionDependencyOfFSMActorTest.xml
----------------- Instantiating /home/travis/build/icyphy/ptII/ptolemy/domains/modal/test/auto/FunctionDependencyOfFSMActorTest.xml
13 ms. Memory: 222208K Free: 81912K (37%)
----------------- Invoking toplevel() on ptolemy.moml.MoMLSimpleApplication@2cc7bdc7
----------------- Done invoking toplevel() on ptolemy.moml.MoMLSimpleApplication@2cc7bdc7
reloadAllAccessors: .FunctionDependencyOfFSMActorTest

===========================================================================================
----------------- testing Sun Sep 08 05:36:19 UTC 2019 /home/travis/build/icyphy/ptII/ptolemy/domains/modal/test/auto/GuardExpression.xml
----------------- Instantiating /home/travis/build/icyphy/ptII/ptolemy/domains/modal/test/auto/GuardExpression.xml
2 ms. Memory: 222208K Free: 76792K (35%)
----------------- Invoking toplevel() on ptolemy.moml.MoMLSimpleApplication@69515088
----------------- Done invoking toplevel() on ptolemy.moml.MoMLSimpleApplication@69515088
reloadAllAccessors: .GuardExpression

===========================================================================================
----------------- testing Sun Sep 08 05:36:19 UTC 2019 /home/travis/build/icyphy/ptII/ptolemy/domains/modal/test/auto/GuardNotEvaluated.xml
----------------- Instantiating /home/travis/build/icyphy/ptII/ptolemy/domains/modal/test/auto/GuardNotEvaluated.xml
7 ms. Memory: 222208K Free: 195048K (88%)
----------------- Invoking toplevel() on ptolemy.moml.MoMLSimpleApplication@7c6bb223
----------------- Done invoking toplevel() on ptolemy.moml.MoMLSimpleApplication@7c6bb223
reloadAllAccessors: .GuardNotEvaluated

===========================================================================================
----------------- testing Sun Sep 08 05:36:19 UTC 2019 /home/travis/build/icyphy/ptII/ptolemy/domains/modal/test/auto/GuardNotEvaluated2.xml
----------------- Instantiating /home/travis/build/icyphy/ptII/ptolemy/domains/modal/test/auto/GuardNotEvaluated2.xml
7 ms. Memory: 222208K Free: 185336K (83%)
----------------- Invoking toplevel() on ptolemy.moml.MoMLSimpleApplication@5eb060e6
----------------- Done invoking toplevel() on ptolemy.moml.MoMLSimpleApplication@5eb060e6
reloadAllAccessors: .GuardNotEvaluated2

===========================================================================================
----------------- testing Sun Sep 08 05:36:19 UTC 2019 /home/travis/build/icyphy/ptII/ptolemy/domains/modal/test/auto/GuardOnAbsent.xml
----------------- Instantiating /home/travis/build/icyphy/ptII/ptolemy/domains/modal/test/auto/GuardOnAbsent.xml
8 ms. Memory: 222208K Free: 177621K (80%)
----------------- Invoking toplevel() on ptolemy.moml.MoMLSimpleApplication@244ae28b
----------------- Done invoking toplevel() on ptolemy.moml.MoMLSimpleApplication@244ae28b
reloadAllAccessors: .GuardOnAbsent

===========================================================================================
----------------- testing Sun Sep 08 05:36:19 UTC 2019 /home/travis/build/icyphy/ptII/ptolemy/domains/modal/test/auto/HierarchicalFSMTypeInference.xml
----------------- Instantiating /home/travis/build/icyphy/ptII/ptolemy/domains/modal/test/auto/HierarchicalFSMTypeInference.xml
5 ms. Memory: 222208K Free: 166904K (75%)
----------------- Invoking toplevel() on ptolemy.moml.MoMLSimpleApplication@192300b5
----------------- Done invoking toplevel() on ptolemy.moml.MoMLSimpleApplication@192300b5
reloadAllAccessors: .HierarchicalFSMTypeInference

===========================================================================================
----------------- testing Sun Sep 08 05:36:19 UTC 2019 /home/travis/build/icyphy/ptII/ptolemy/domains/modal/test/auto/Hysteresis.xml
----------------- Instantiating /home/travis/build/icyphy/ptII/ptolemy/domains/modal/test/auto/Hysteresis.xml
13 ms. Memory: 222208K Free: 153064K (69%)
----------------- Invoking toplevel() on ptolemy.moml.MoMLSimpleApplication@7d112648
----------------- Done invoking toplevel() on ptolemy.moml.MoMLSimpleApplication@7d112648
reloadAllAccessors: .Hysteresis

===========================================================================================
----------------- testing Sun Sep 08 05:36:19 UTC 2019 /home/travis/build/icyphy/ptII/ptolemy/domains/modal/test/auto/HysteresisWithDefault.xml
----------------- Instantiating /home/travis/build/icyphy/ptII/ptolemy/domains/modal/test/auto/HysteresisWithDefault.xml
44 ms. Memory: 222208K Free: 130040K (59%)
----------------- Invoking toplevel() on ptolemy.moml.MoMLSimpleApplication@362da059
----------------- Done invoking toplevel() on ptolemy.moml.MoMLSimpleApplication@362da059
reloadAllAccessors: .HysteresisWithDefault

===========================================================================================
----------------- testing Sun Sep 08 05:36:19 UTC 2019 /home/travis/build/icyphy/ptII/ptolemy/domains/modal/test/auto/HysteresisWithDefault2.xml
----------------- Instantiating /home/travis/build/icyphy/ptII/ptolemy/domains/modal/test/auto/HysteresisWithDefault2.xml
47 ms. Memory: 222208K Free: 100854K (45%)
----------------- Invoking toplevel() on ptolemy.moml.MoMLSimpleApplication@1a4ecdd6
----------------- Done invoking toplevel() on ptolemy.moml.MoMLSimpleApplication@1a4ecdd6
reloadAllAccessors: .HysteresisWithDefault2

===========================================================================================
----------------- testing Sun Sep 08 05:36:19 UTC 2019 /home/travis/build/icyphy/ptII/ptolemy/domains/modal/test/auto/ImmediateNonConstructiveness.xml
----------------- Instantiating /home/travis/build/icyphy/ptII/ptolemy/domains/modal/test/auto/ImmediateNonConstructiveness.xml
3 ms. Memory: 222208K Free: 93672K (42%)
----------------- Invoking toplevel() on ptolemy.moml.MoMLSimpleApplication@7f60a546
----------------- Done invoking toplevel() on ptolemy.moml.MoMLSimpleApplication@7f60a546
reloadAllAccessors: .ImmediateNonConstructiveness

===========================================================================================
----------------- testing Sun Sep 08 05:36:19 UTC 2019 /home/travis/build/icyphy/ptII/ptolemy/domains/modal/test/auto/ImmediateNonConstructiveness2.xml
----------------- Instantiating /home/travis/build/icyphy/ptII/ptolemy/domains/modal/test/auto/ImmediateNonConstructiveness2.xml
2 ms. Memory: 222208K Free: 87032K (39%)
----------------- Invoking toplevel() on ptolemy.moml.MoMLSimpleApplication@16b9c9d1
----------------- Done invoking toplevel() on ptolemy.moml.MoMLSimpleApplication@16b9c9d1
reloadAllAccessors: .ImmediateNonConstructiveness2

===========================================================================================
----------------- testing Sun Sep 08 05:36:19 UTC 2019 /home/travis/build/icyphy/ptII/ptolemy/domains/modal/test/auto/ImmediateTransitionReset.xml
----------------- Instantiating /home/travis/build/icyphy/ptII/ptolemy/domains/modal/test/auto/ImmediateTransitionReset.xml
6 ms. Memory: 222208K Free: 201718K (91%)
----------------- Invoking toplevel() on ptolemy.moml.MoMLSimpleApplication@72f30648
----------------- Done invoking toplevel() on ptolemy.moml.MoMLSimpleApplication@72f30648
reloadAllAccessors: .ImmediateTransitionReset

===========================================================================================
----------------- testing Sun Sep 08 05:36:19 UTC 2019 /home/travis/build/icyphy/ptII/ptolemy/domains/modal/test/auto/ImmediateTransitions1.xml
----------------- Instantiating /home/travis/build/icyphy/ptII/ptolemy/domains/modal/test/auto/ImmediateTransitions1.xml
1 ms. Memory: 222208K Free: 196598K (88%)
----------------- Invoking toplevel() on ptolemy.moml.MoMLSimpleApplication@21d7a2de
----------------- Done invoking toplevel() on ptolemy.moml.MoMLSimpleApplication@21d7a2de
reloadAllAccessors: .ImmediateTransitions1

===========================================================================================
----------------- testing Sun Sep 08 05:36:19 UTC 2019 /home/travis/build/icyphy/ptII/ptolemy/domains/modal/test/auto/ImmediateTransitionsInstantaneousCommunication.xml
----------------- Instantiating /home/travis/build/icyphy/ptII/ptolemy/domains/modal/test/auto/ImmediateTransitionsInstantaneousCommunication.xml
6 ms. Memory: 222208K Free: 184310K (83%)
----------------- Invoking toplevel() on ptolemy.moml.MoMLSimpleApplication@4718c921
----------------- Done invoking toplevel() on ptolemy.moml.MoMLSimpleApplication@4718c921
reloadAllAccessors: .ImmediateTransitionsInstantaneousCommunication

===========================================================================================
----------------- testing Sun Sep 08 05:36:19 UTC 2019 /home/travis/build/icyphy/ptII/ptolemy/domains/modal/test/auto/InitialImmediateTransition.xml
----------------- Instantiating /home/travis/build/icyphy/ptII/ptolemy/domains/modal/test/auto/InitialImmediateTransition.xml
4 ms. Memory: 222208K Free: 177136K (80%)
----------------- Invoking toplevel() on ptolemy.moml.MoMLSimpleApplication@3dce567e
----------------- Done invoking toplevel() on ptolemy.moml.MoMLSimpleApplication@3dce567e
reloadAllAccessors: .InitialImmediateTransition

===========================================================================================
----------------- testing Sun Sep 08 05:36:19 UTC 2019 /home/travis/build/icyphy/ptII/ptolemy/domains/modal/test/auto/InitialOutputs.xml
----------------- Instantiating /home/travis/build/icyphy/ptII/ptolemy/domains/modal/test/auto/InitialOutputs.xml
3 ms. Memory: 222208K Free: 170488K (77%)
----------------- Invoking toplevel() on ptolemy.moml.MoMLSimpleApplication@46f0e49e
----------------- Done invoking toplevel() on ptolemy.moml.MoMLSimpleApplication@46f0e49e
reloadAllAccessors: .InitialOutputs

===========================================================================================
----------------- testing Sun Sep 08 05:36:19 UTC 2019 /home/travis/build/icyphy/ptII/ptolemy/domains/modal/test/auto/InitialStateTransition1.xml
----------------- Instantiating /home/travis/build/icyphy/ptII/ptolemy/domains/modal/test/auto/InitialStateTransition1.xml
2 ms. Memory: 222208K Free: 163320K (73%)
----------------- Invoking toplevel() on ptolemy.moml.MoMLSimpleApplication@4e063312
----------------- Done invoking toplevel() on ptolemy.moml.MoMLSimpleApplication@4e063312
reloadAllAccessors: .InitialStateTransition1

===========================================================================================
----------------- testing Sun Sep 08 05:36:19 UTC 2019 /home/travis/build/icyphy/ptII/ptolemy/domains/modal/test/auto/InitialStateTransition2.xml
----------------- Instantiating /home/travis/build/icyphy/ptII/ptolemy/domains/modal/test/auto/InitialStateTransition2.xml
.InitialStateTransition2.TestExceptionAttributeNonConstructive: initialize() was not invoked, but wrapup() was.  This is unusual, but not always a problem.  For example, exporting JNLP will do this.
4 ms. Memory: 222208K Free: 156152K (70%)
----------------- Invoking toplevel() on ptolemy.moml.MoMLSimpleApplication@4d6d3d02
----------------- Done invoking toplevel() on ptolemy.moml.MoMLSimpleApplication@4d6d3d02
reloadAllAccessors: .InitialStateTransition2

===========================================================================================
----------------- testing Sun Sep 08 05:36:20 UTC 2019 /home/travis/build/icyphy/ptII/ptolemy/domains/modal/test/auto/InitialStateTransition3.xml
----------------- Instantiating /home/travis/build/icyphy/ptII/ptolemy/domains/modal/test/auto/InitialStateTransition3.xml
4 ms. Memory: 222208K Free: 147446K (66%)
----------------- Invoking toplevel() on ptolemy.moml.MoMLSimpleApplication@2ed7d6ea
----------------- Done invoking toplevel() on ptolemy.moml.MoMLSimpleApplication@2ed7d6ea
reloadAllAccessors: .InitialStateTransition3

===========================================================================================
----------------- testing Sun Sep 08 05:36:20 UTC 2019 /home/travis/build/icyphy/ptII/ptolemy/domains/modal/test/auto/InitialStateTransition4.xml
----------------- Instantiating /home/travis/build/icyphy/ptII/ptolemy/domains/modal/test/auto/InitialStateTransition4.xml
3 ms. Memory: 222208K Free: 137720K (62%)
----------------- Invoking toplevel() on ptolemy.moml.MoMLSimpleApplication@4b2e041c
----------------- Done invoking toplevel() on ptolemy.moml.MoMLSimpleApplication@4b2e041c
[...]
reloadAllAccessors: .TerminationTransition3

===========================================================================================
----------------- testing Sun Sep 08 05:36:22 UTC 2019 /home/travis/build/icyphy/ptII/ptolemy/domains/modal/test/auto/TerminationTransition4.xml
----------------- Instantiating /home/travis/build/icyphy/ptII/ptolemy/domains/modal/test/auto/TerminationTransition4.xml
2 ms. Memory: 269312K Free: 191886K (71%)
----------------- Invoking toplevel() on ptolemy.moml.MoMLSimpleApplication@25cf35de
----------------- Done invoking toplevel() on ptolemy.moml.MoMLSimpleApplication@25cf35de
reloadAllAccessors: .TerminationTransition4

===========================================================================================
----------------- testing Sun Sep 08 05:36:22 UTC 2019 /home/travis/build/icyphy/ptII/ptolemy/domains/modal/test/auto/TerminationTransition5.xml
----------------- Instantiating /home/travis/build/icyphy/ptII/ptolemy/domains/modal/test/auto/TerminationTransition5.xml
3 ms. Memory: 269312K Free: 178060K (66%)
----------------- Invoking toplevel() on ptolemy.moml.MoMLSimpleApplication@3ca8299
----------------- Done invoking toplevel() on ptolemy.moml.MoMLSimpleApplication@3ca8299
reloadAllAccessors: .TerminationTransition5

===========================================================================================
----------------- testing Sun Sep 08 05:36:22 UTC 2019 /home/travis/build/icyphy/ptII/ptolemy/domains/modal/test/auto/TerminationTransition6.xml
----------------- Instantiating /home/travis/build/icyphy/ptII/ptolemy/domains/modal/test/auto/TerminationTransition6.xml
2 ms. Memory: 269312K Free: 169868K (63%)
----------------- Invoking toplevel() on ptolemy.moml.MoMLSimpleApplication@13b95813
----------------- Done invoking toplevel() on ptolemy.moml.MoMLSimpleApplication@13b95813
reloadAllAccessors: .TerminationTransition6

===========================================================================================
----------------- testing Sun Sep 08 05:36:22 UTC 2019 /home/travis/build/icyphy/ptII/ptolemy/domains/modal/test/auto/TerminationTransition7.xml
----------------- Instantiating /home/travis/build/icyphy/ptII/ptolemy/domains/modal/test/auto/TerminationTransition7.xml
2 ms. Memory: 269312K Free: 160142K (59%)
----------------- Invoking toplevel() on ptolemy.moml.MoMLSimpleApplication@d583b4a
----------------- Done invoking toplevel() on ptolemy.moml.MoMLSimpleApplication@d583b4a
reloadAllAccessors: .TerminationTransition7

===========================================================================================
----------------- testing Sun Sep 08 05:36:22 UTC 2019 /home/travis/build/icyphy/ptII/ptolemy/domains/modal/test/auto/TerminationTransition8.xml
----------------- Instantiating /home/travis/build/icyphy/ptII/ptolemy/domains/modal/test/auto/TerminationTransition8.xml
2 ms. Memory: 269312K Free: 150412K (56%)
----------------- Invoking toplevel() on ptolemy.moml.MoMLSimpleApplication@7bffefbd
----------------- Done invoking toplevel() on ptolemy.moml.MoMLSimpleApplication@7bffefbd
reloadAllAccessors: .TerminationTransition8

===========================================================================================
----------------- testing Sun Sep 08 05:36:22 UTC 2019 /home/travis/build/icyphy/ptII/ptolemy/domains/modal/test/auto/Thermostat_NoHysteresis.xml
----------------- Instantiating /home/travis/build/icyphy/ptII/ptolemy/domains/modal/test/auto/Thermostat_NoHysteresis.xml
29 ms. Memory: 269312K Free: 125836K (47%)
----------------- Invoking toplevel() on ptolemy.moml.MoMLSimpleApplication@19bdc74
----------------- Done invoking toplevel() on ptolemy.moml.MoMLSimpleApplication@19bdc74
reloadAllAccessors: .Thermostat_NoHysteresis

===========================================================================================
----------------- testing Sun Sep 08 05:36:22 UTC 2019 /home/travis/build/icyphy/ptII/ptolemy/domains/modal/test/auto/TimedFSM.xml
----------------- Instantiating /home/travis/build/icyphy/ptII/ptolemy/domains/modal/test/auto/TimedFSM.xml
8 ms. Memory: 269312K Free: 114062K (42%)
----------------- Invoking toplevel() on ptolemy.moml.MoMLSimpleApplication@3d81ba61
----------------- Done invoking toplevel() on ptolemy.moml.MoMLSimpleApplication@3d81ba61
reloadAllAccessors: .TimedFSM

===========================================================================================
----------------- testing Sun Sep 08 05:36:22 UTC 2019 /home/travis/build/icyphy/ptII/ptolemy/domains/modal/test/auto/Timeout1.xml
----------------- Instantiating /home/travis/build/icyphy/ptII/ptolemy/domains/modal/test/auto/Timeout1.xml
3 ms. Memory: 269312K Free: 108414K (40%)
----------------- Invoking toplevel() on ptolemy.moml.MoMLSimpleApplication@2fc54084
----------------- Done invoking toplevel() on ptolemy.moml.MoMLSimpleApplication@2fc54084
reloadAllAccessors: .Timeout1

===========================================================================================
----------------- testing Sun Sep 08 05:36:22 UTC 2019 /home/travis/build/icyphy/ptII/ptolemy/domains/modal/test/auto/Timeout2.xml
----------------- Instantiating /home/travis/build/icyphy/ptII/ptolemy/domains/modal/test/auto/Timeout2.xml
8 ms. Memory: 269312K Free: 99726K (37%)
----------------- Invoking toplevel() on ptolemy.moml.MoMLSimpleApplication@a8201ac
----------------- Done invoking toplevel() on ptolemy.moml.MoMLSimpleApplication@a8201ac
reloadAllAccessors: .Timeout2

===========================================================================================
----------------- testing Sun Sep 08 05:36:22 UTC 2019 /home/travis/build/icyphy/ptII/ptolemy/domains/modal/test/auto/Timeout3.xml
----------------- Instantiating /home/travis/build/icyphy/ptII/ptolemy/domains/modal/test/auto/Timeout3.xml
2 ms. Memory: 269312K Free: 94606K (35%)
----------------- Invoking toplevel() on ptolemy.moml.MoMLSimpleApplication@7a308354
----------------- Done invoking toplevel() on ptolemy.moml.MoMLSimpleApplication@7a308354
reloadAllAccessors: .Timeout3

===========================================================================================
----------------- testing Sun Sep 08 05:36:22 UTC 2019 /home/travis/build/icyphy/ptII/ptolemy/domains/modal/test/auto/Timeout4.xml
----------------- Instantiating /home/travis/build/icyphy/ptII/ptolemy/domains/modal/test/auto/Timeout4.xml
2 ms. Memory: 323584K Free: 300452K (93%)
----------------- Invoking toplevel() on ptolemy.moml.MoMLSimpleApplication@8ec35e4
----------------- Done invoking toplevel() on ptolemy.moml.MoMLSimpleApplication@8ec35e4
reloadAllAccessors: .Timeout4

===========================================================================================
----------------- testing Sun Sep 08 05:36:22 UTC 2019 /home/travis/build/icyphy/ptII/ptolemy/domains/modal/test/auto/TransientstateModelAdvanced.xml
----------------- Instantiating /home/travis/build/icyphy/ptII/ptolemy/domains/modal/test/auto/TransientstateModelAdvanced.xml
4 ms. Memory: 323584K Free: 288164K (89%)
----------------- Invoking toplevel() on ptolemy.moml.MoMLSimpleApplication@4cfb3cd5
----------------- Done invoking toplevel() on ptolemy.moml.MoMLSimpleApplication@4cfb3cd5
reloadAllAccessors: .TransientstateModelAdvanced

===========================================================================================
----------------- testing Sun Sep 08 05:36:22 UTC 2019 /home/travis/build/icyphy/ptII/ptolemy/domains/modal/test/auto/TransientstateModelAdvanced2.xml
----------------- Instantiating /home/travis/build/icyphy/ptII/ptolemy/domains/modal/test/auto/TransientstateModelAdvanced2.xml
4 ms. Memory: 323584K Free: 273828K (85%)
----------------- Invoking toplevel() on ptolemy.moml.MoMLSimpleApplication@4d9121cd
----------------- Done invoking toplevel() on ptolemy.moml.MoMLSimpleApplication@4d9121cd
reloadAllAccessors: .transientstatemodelAdvanced

===========================================================================================
----------------- testing Sun Sep 08 05:36:22 UTC 2019 /home/travis/build/icyphy/ptII/ptolemy/domains/modal/test/auto/TransitionRefinements.xml
----------------- Instantiating /home/travis/build/icyphy/ptII/ptolemy/domains/modal/test/auto/TransitionRefinements.xml
11 ms. Memory: 323584K Free: 264084K (82%)
----------------- Invoking toplevel() on ptolemy.moml.MoMLSimpleApplication@2bca2a9f
----------------- Done invoking toplevel() on ptolemy.moml.MoMLSimpleApplication@2bca2a9f
reloadAllAccessors: .TransitionRefinements

===========================================================================================
----------------- testing Sun Sep 08 05:36:22 UTC 2019 /home/travis/build/icyphy/ptII/ptolemy/domains/modal/test/auto/TwoRefinements1.xml
----------------- Instantiating /home/travis/build/icyphy/ptII/ptolemy/domains/modal/test/auto/TwoRefinements1.xml
4 ms. Memory: 323584K Free: 253858K (78%)
----------------- Invoking toplevel() on ptolemy.moml.MoMLSimpleApplication@3a415335
----------------- Done invoking toplevel() on ptolemy.moml.MoMLSimpleApplication@3a415335
reloadAllAccessors: .TwoRefinements1

===========================================================================================
----------------- testing Sun Sep 08 05:36:22 UTC 2019 /home/travis/build/icyphy/ptII/ptolemy/domains/modal/test/auto/TwoRefinements2.xml
----------------- Instantiating /home/travis/build/icyphy/ptII/ptolemy/domains/modal/test/auto/TwoRefinements2.xml
2 ms. Memory: 323584K Free: 244132K (75%)
----------------- Invoking toplevel() on ptolemy.moml.MoMLSimpleApplication@fd79455
----------------- Done invoking toplevel() on ptolemy.moml.MoMLSimpleApplication@fd79455
reloadAllAccessors: .TwoRefinements2

===========================================================================================
----------------- testing Sun Sep 08 05:36:22 UTC 2019 /home/travis/build/icyphy/ptII/ptolemy/domains/modal/test/auto/WeakImmediateTransition.xml
----------------- Instantiating /home/travis/build/icyphy/ptII/ptolemy/domains/modal/test/auto/WeakImmediateTransition.xml
3 ms. Memory: 323584K Free: 235426K (73%)
----------------- Invoking toplevel() on ptolemy.moml.MoMLSimpleApplication@52b9219e
----------------- Done invoking toplevel() on ptolemy.moml.MoMLSimpleApplication@52b9219e
reloadAllAccessors: .WeakImmediateTransition

===========================================================================================
----------------- testing Sun Sep 08 05:36:22 UTC 2019 /home/travis/build/icyphy/ptII/ptolemy/domains/modal/test/auto/booleanSelect.xml
----------------- Instantiating /home/travis/build/icyphy/ptII/ptolemy/domains/modal/test/auto/booleanSelect.xml
34 ms. Memory: 323584K Free: 217508K (67%)
----------------- Invoking toplevel() on ptolemy.moml.MoMLSimpleApplication@1b9bc2ef
----------------- Done invoking toplevel() on ptolemy.moml.MoMLSimpleApplication@1b9bc2ef
reloadAllAccessors: .booleanSelect

===========================================================================================
----------------- testing Sun Sep 08 05:36:22 UTC 2019 /home/travis/build/icyphy/ptII/ptolemy/domains/modal/test/auto/modalChangingParams.xml
----------------- Instantiating /home/travis/build/icyphy/ptII/ptolemy/domains/modal/test/auto/modalChangingParams.xml
0
1
0
2
4
6
8
7
0
2
4
6
8
13
0
2
4
6
8
19
0
2
4
6
8
25
0
2
4
6
8
31
0
2
4
6
8
37
0
2
4
6
8
43
0
2
4
6
8
49
0
2
4
6
8
55
0
2
4
6
8
61
0
2
4
6
8
67
0
2
4
6
8
73
0
2
4
6
8
79
0
2
4
6
8
85
0
2
4
6
8
91
0
2
4
6
8
97
0
2
4
6
8
103
0
2
4
6
8
109
0
2
4
6
8
115
0
2
4
6
8
121
0
2
4
6
8
127
0
2
4
6
8
133
0
2
4
6
8
139
0
2
4
6
8
145
0
2
4
6
8
151
0
2
4
6
8
157
0
2
4
6
8
163
0
2
4
6
8
169
0
2
4
6
8
175
0
2
4
6
8
181
0
2
4
6
8
187
0
2
4
6
8
193
0
2
4
6
8
199
0
2
4
6
8
205
0
2
4
6
8
211
0
2
4
6
8
217
0
2
4
6
8
223
0
2
4
6
8
229
0
2
4
6
8
235
0
2
4
6
8
241
0
2
4
6
8
247
0
2
4
6
8
253
0
2
4
6
8
259
0
2
4
6
8
265
0
2
4
6
8
271
0
2
4
6
8
277
0
2
4
6
8
283
0
2
4
6
8
289
0
2
4
6
8
295
0
2
4
6
8
301
0
2
4
6
8
307
0
2
4
6
8
313
0
2
4
6
8
319
0
2
4
6
8
325
0
2
4
6
8
331
0
2
4
6
8
337
0
2
4
6
8
343
0
2
4
6
8
349
0
2
4
6
8
355
0
2
4
6
8
361
0
2
4
6
8
367
0
2
4
6
8
373
0
2
4
6
8
379
0
2
4
6
8
385
0
2
4
6
8
391
0
2
4
6
8
397
0
2
4
6
8
403
0
2
4
6
8
409
0
2
4
6
8
415
0
2
4
6
8
421
0
2
4
6
8
427
0
2
4
6
8
433
0
2
4
6
8
439
0
2
4
6
8
445
0
2
4
6
8
451
0
2
4
6
8
457
0
2
4
6
8
463
0
2
4
6
8
469
0
2
4
6
8
475
0
2
4
6
8
481
0
2
4
6
8
487
0
2
4
6
8
493
0
2
4
6
8
499
0
2
4
6
8
505
0
2
4
6
8
511
0
2
4
6
8
517
0
2
4
6
8
523
0
2
4
6
8
529
0
2
4
6
8
535
0
2
4
6
8
541
0
2
4
6
8
547
0
2
4
6
8
553
0
2
4
6
8
559
0
2
4
6
8
565
0
2
4
6
8
571
0
2
4
6
8
577
0
2
4
6
8
583
0
2
4
6
8
589
0
2
4
6
8
595
0
2
4
6
8
601
0
2
4
6
8
607
0
2
4
6
8
613
0
2
4
6
8
619
0
2
4
6
8
625
0
2
4
6
8
631
0
2
4
6
8
637
0
2
4
6
8
643
0
2
4
6
8
649
0
2
4
6
8
655
0
2
4
6
8
661
0
2
4
6
8
667
0
2
4
6
8
673
0
2
4
6
8
679
0
2
4
6
8
685
0
2
4
6
8
691
0
2
4
6
8
697
0
2
4
6
8
703
0
2
4
6
8
709
0
2
4
6
8
715
0
2
4
6
8
721
0
2
4
6
8
727
0
2
4
6
8
733
0
2
4
6
8
739
0
2
4
6
8
745
0
2
4
6
8
751
0
2
4
6
8
757
0
2
4
6
8
763
0
2
4
6
8
769
0
2
4
6
8
775
0
2
4
6
8
781
0
2
4
6
8
787
0
2
4
6
8
793
0
2
4
6
8
799
0
2
4
6
8
805
0
2
4
6
8
811
0
2
4
6
8
817
0
2
4
6
8
823
0
2
4
6
8
829
0
2
4
6
8
835
0
2
4
6
8
841
0
2
4
6
8
847
0
2
4
6
8
853
0
2
4
6
8
859
0
2
4
6
8
865
0
2
4
6
8
871
0
2
4
6
8
877
0
2
4
6
8
883
0
2
4
6
8
889
0
2
4
6
8
895
0
2
4
6
8
901
0
2
4
6
8
907
0
2
4
6
8
913
0
2
4
6
8
919
0
2
4
6
8
925
0
2
4
6
8
931
0
2
4
6
8
937
0
2
4
6
8
943
0
2
4
6
8
949
0
2
4
6
8
955
0
2
4
6
8
961
0
2
4
6
8
967
0
2
4
6
8
973
0
2
4
6
8
979
0
2
4
6
8
985
0
2
4
6
8
991
0
2
4
6
8
997
0
2
271 ms. Memory: 323584K Free: 293110K (91%)
----------------- Invoking toplevel() on ptolemy.moml.MoMLSimpleApplication@6bd60e4f
----------------- Done invoking toplevel() on ptolemy.moml.MoMLSimpleApplication@6bd60e4f
reloadAllAccessors: .modalChangingParams

===========================================================================================
----------------- testing Sun Sep 08 05:36:22 UTC 2019 /home/travis/build/icyphy/ptII/ptolemy/domains/modal/test/auto/modalModel.xml
----------------- Instantiating /home/travis/build/icyphy/ptII/ptolemy/domains/modal/test/auto/modalModel.xml
5 ms. Memory: 323584K Free: 283894K (88%)
----------------- Invoking toplevel() on ptolemy.moml.MoMLSimpleApplication@3a449aa2
----------------- Done invoking toplevel() on ptolemy.moml.MoMLSimpleApplication@3a449aa2
reloadAllAccessors: .modalModel

===========================================================================================
----------------- testing Sun Sep 08 05:36:22 UTC 2019 /home/travis/build/icyphy/ptII/ptolemy/domains/modal/test/auto/modalModel2.xml
----------------- Instantiating /home/travis/build/icyphy/ptII/ptolemy/domains/modal/test/auto/modalModel2.xml
6 ms. Memory: 323584K Free: 273126K (84%)
----------------- Invoking toplevel() on ptolemy.moml.MoMLSimpleApplication@6f12dcd0
----------------- Done invoking toplevel() on ptolemy.moml.MoMLSimpleApplication@6f12dcd0
reloadAllAccessors: .modalModel2

===========================================================================================
----------------- testing Sun Sep 08 05:36:22 UTC 2019 /home/travis/build/icyphy/ptII/ptolemy/domains/modal/test/auto/modalModel3.xml
----------------- Instantiating /home/travis/build/icyphy/ptII/ptolemy/domains/modal/test/auto/modalModel3.xml
0	0	0
1	0	1
4	2	2
7	4	3
10	6	4
5	0	5
8	2	6
11	4	7
14	6	8
9	0	9
12	2	10
15	4	11
18	6	12
13	0	13
16	2	14
17 ms. Memory: 323584K Free: 258294K (80%)
----------------- Invoking toplevel() on ptolemy.moml.MoMLSimpleApplication@74a45a9d
----------------- Done invoking toplevel() on ptolemy.moml.MoMLSimpleApplication@74a45a9d
reloadAllAccessors: .modalModel3

===========================================================================================
----------------- testing Sun Sep 08 05:36:23 UTC 2019 /home/travis/build/icyphy/ptII/ptolemy/domains/modal/test/auto/model1.xml
----------------- Instantiating /home/travis/build/icyphy/ptII/ptolemy/domains/modal/test/auto/model1.xml
11 ms. Memory: 323584K Free: 252660K (78%)
----------------- Invoking toplevel() on ptolemy.moml.MoMLSimpleApplication@19d681e6
----------------- Done invoking toplevel() on ptolemy.moml.MoMLSimpleApplication@19d681e6
reloadAllAccessors: .model1

===========================================================================================
----------------- testing Sun Sep 08 05:36:23 UTC 2019 /home/travis/build/icyphy/ptII/ptolemy/domains/modal/test/auto/test-direct-in-out.xml
----------------- Instantiating /home/travis/build/icyphy/ptII/ptolemy/domains/modal/test/auto/test-direct-in-out.xml
4 ms. Memory: 323584K Free: 244982K (76%)
----------------- Invoking toplevel() on ptolemy.moml.MoMLSimpleApplication@52b7a194
----------------- Done invoking toplevel() on ptolemy.moml.MoMLSimpleApplication@52b7a194
reloadAllAccessors: .test-direct-in-out
AutoTests.java: About to close Vertx.
AutoTests.java: Vertx closed.
]]></system-out>
  <system-err><![CDATA[java.lang.RuntimeException: Execution failed
	at ptolemy.moml.MoMLSimpleApplication$UnloadThread.run(MoMLSimpleApplication.java:402)
Caused by: ptolemy.kernel.util.IllegalActionException: Unknown inputs remain. Possible causality loop:
L_model_1893289564i

  in .CannotAnalysisWithPreemption.model_1893289564_region_1 and .CannotAnalysisWithPreemption.model_1893289564_region_1.L_model_1893289564i
	at ptolemy.actor.sched.FixedPointDirector.postfire(FixedPointDirector.java:515)
	at ptolemy.domains.sr.kernel.SRDirector.postfire(SRDirector.java:417)
	at ptolemy.actor.CompositeActor.postfire(CompositeActor.java:1668)
	at ptolemy.actor.Manager.iterate(Manager.java:852)
	at ptolemy.actor.Manager.execute(Manager.java:369)
	at ptolemy.actor.Manager.run(Manager.java:1263)
	at ptolemy.actor.Manager$PtolemyRunThread.run(Manager.java:1933)
java.lang.reflect.InvocationTargetException
	at java.base/jdk.internal.reflect.NativeConstructorAccessorImpl.newInstance0(Native Method)
	at java.base/jdk.internal.reflect.NativeConstructorAccessorImpl.newInstance(NativeConstructorAccessorImpl.java:62)
	at java.base/jdk.internal.reflect.DelegatingConstructorAccessorImpl.newInstance(DelegatingConstructorAccessorImpl.java:45)
	at java.base/java.lang.reflect.Constructor.newInstance(Constructor.java:490)
	at ptolemy.util.test.junit.AutoKnownFailedTests.RunModel(AutoKnownFailedTests.java:105)
	at java.base/jdk.internal.reflect.NativeMethodAccessorImpl.invoke0(Native Method)
	at java.base/jdk.internal.reflect.NativeMethodAccessorImpl.invoke(NativeMethodAccessorImpl.java:62)
	at java.base/jdk.internal.reflect.DelegatingMethodAccessorImpl.invoke(DelegatingMethodAccessorImpl.java:43)
	at java.base/java.lang.reflect.Method.invoke(Method.java:566)
	at org.junit.runners.model.FrameworkMethod$1.runReflectiveCall(FrameworkMethod.java:44)
	at org.junit.internal.runners.model.ReflectiveCallable.run(ReflectiveCallable.java:15)
	at org.junit.runners.model.FrameworkMethod.invokeExplosively(FrameworkMethod.java:41)
	at junitparams.internal.InvokeParameterisedMethod.evaluate(InvokeParameterisedMethod.java:102)
	at org.junit.internal.runners.statements.FailOnTimeout$1.run(FailOnTimeout.java:28)
Caused by: ptolemy.kernel.util.IllegalActionException: Unknown inputs remain. Possible causality loop:
L_model_1893289564i

  in .CannotAnalysisWithPreemption.model_1893289564_region_1 and .CannotAnalysisWithPreemption.model_1893289564_region_1.L_model_1893289564i
	at ptolemy.actor.sched.FixedPointDirector.postfire(FixedPointDirector.java:515)
	at ptolemy.domains.sr.kernel.SRDirector.postfire(SRDirector.java:417)
	at ptolemy.actor.CompositeActor.postfire(CompositeActor.java:1668)
	at ptolemy.actor.Manager.iterate(Manager.java:852)
	at ptolemy.actor.Manager.execute(Manager.java:369)
	at ptolemy.actor.Manager.run(Manager.java:1263)
	at ptolemy.actor.Manager$PtolemyRunThread.run(Manager.java:1933)
]]></system-err>
</testsuite>
