<?xml version="1.0" encoding="UTF-8" ?>
<testsuite errors="0" failures="0" hostname="travis-job-be3ba7b3-677f-4aac-8b17-14cbb26bcd0e" name="ptolemy.domains.de.test.junit.JUnitTclTest" skipped="0" tests="101" time="125.909" timestamp="2019-04-02T04:14:28">
  <properties>
[...]
</properties>
  <testcase classname="ptolemy.util.test.junit.TclTests" name="[0] /home/travis/build/icyphy/ptII/ptolemy/domains/de/test/DependencyLoop.tcl (RunTclFile)" time="0.68" />
  <testcase classname="ptolemy.util.test.junit.TclTests" name="[1] /home/travis/build/icyphy/ptII/ptolemy/domains/de/test/RunDETestsAsQSS.tcl (RunTclFile)" time="85.748" />
  <testcase classname="ptolemy.util.test.junit.AutoKnownFailedTests" name="[0] /home/travis/build/icyphy/ptII/ptolemy/domains/de/test/auto/knownFailedTests/DESDFClockTest.xml (RunModel)" time="2.035" />
  <testcase classname="ptolemy.util.test.junit.AutoKnownFailedTests" name="[1] /home/travis/build/icyphy/ptII/ptolemy/domains/de/test/auto/knownFailedTests/DirectFeedback.xml (RunModel)" time="0.013" />
  <testcase classname="ptolemy.util.test.junit.AutoKnownFailedTests" name="[2] /home/travis/build/icyphy/ptII/ptolemy/domains/de/test/auto/knownFailedTests/FSMSource.xml (RunModel)" time="0.023" />
  <testcase classname="ptolemy.util.test.junit.AutoKnownFailedTests" name="[3] /home/travis/build/icyphy/ptII/ptolemy/domains/de/test/auto/knownFailedTests/HierarchicalModel.xml (RunModel)" time="0.041" />
  <testcase classname="ptolemy.util.test.junit.AutoKnownFailedTests" name="[4] /home/travis/build/icyphy/ptII/ptolemy/domains/de/test/auto/knownFailedTests/dependencyLoop.xml (RunModel)" time="0.035" />
  <testcase classname="ptolemy.util.test.junit.AutoKnownFailedTests" name="[5] /home/travis/build/icyphy/ptII/ptolemy/domains/de/test/auto/knownFailedTests/dependencyLoop2.xml (RunModel)" time="0.033" />
  <testcase classname="ptolemy.util.test.junit.AutoNameArchTests" name="[0] ThereAreNoAutoArchTests (RunModel)" time="0.007" />
  <testcase classname="ptolemy.util.test.junit.AutoTests" name="[0] /home/travis/build/icyphy/ptII/ptolemy/domains/de/test/auto/ActorDepthCalculation_actorWithoutPorts.xml (RunModel)" time="0.025" />
  <testcase classname="ptolemy.util.test.junit.AutoTests" name="[1] /home/travis/build/icyphy/ptII/ptolemy/domains/de/test/auto/AssemblyLine.xml (RunModel)" time="0.02" />
  <testcase classname="ptolemy.util.test.junit.AutoTests" name="[2] /home/travis/build/icyphy/ptII/ptolemy/domains/de/test/auto/CQBug1.xml (RunModel)" time="0.012" />
  <testcase classname="ptolemy.util.test.junit.AutoTests" name="[3] /home/travis/build/icyphy/ptII/ptolemy/domains/de/test/auto/CancelFireAt.xml (RunModel)" time="0.007" />
  <testcase classname="ptolemy.util.test.junit.AutoTests" name="[4] /home/travis/build/icyphy/ptII/ptolemy/domains/de/test/auto/CausalityAndComposabilityAnalysis.xml (RunModel)" time="0.017" />
  <testcase classname="ptolemy.util.test.junit.AutoTests" name="[5] /home/travis/build/icyphy/ptII/ptolemy/domains/de/test/auto/CausalityInterface1.xml (RunModel)" time="0.014" />
  <testcase classname="ptolemy.util.test.junit.AutoTests" name="[6] /home/travis/build/icyphy/ptII/ptolemy/domains/de/test/auto/CausalityInterface15.xml (RunModel)" time="0.014" />
  <testcase classname="ptolemy.util.test.junit.AutoTests" name="[7] /home/travis/build/icyphy/ptII/ptolemy/domains/de/test/auto/CausalityInterface2.xml (RunModel)" time="0.016" />
  <testcase classname="ptolemy.util.test.junit.AutoTests" name="[8] /home/travis/build/icyphy/ptII/ptolemy/domains/de/test/auto/CausalityInterface3.xml (RunModel)" time="0.012" />
  <testcase classname="ptolemy.util.test.junit.AutoTests" name="[9] /home/travis/build/icyphy/ptII/ptolemy/domains/de/test/auto/ClockDrift.xml (RunModel)" time="0.049" />
  <testcase classname="ptolemy.util.test.junit.AutoTests" name="[10] /home/travis/build/icyphy/ptII/ptolemy/domains/de/test/auto/ClockDriftAndValueChange.xml (RunModel)" time="0.032" />
  <testcase classname="ptolemy.util.test.junit.AutoTests" name="[11] /home/travis/build/icyphy/ptII/ptolemy/domains/de/test/auto/ClockDriftChange.xml (RunModel)" time="0.032" />
  <testcase classname="ptolemy.util.test.junit.AutoTests" name="[12] /home/travis/build/icyphy/ptII/ptolemy/domains/de/test/auto/ComposableCausalityAnalysis.xml (RunModel)" time="0.022" />
  <testcase classname="ptolemy.util.test.junit.AutoTests" name="[13] /home/travis/build/icyphy/ptII/ptolemy/domains/de/test/auto/DEFixedPointLimitation.xml (RunModel)" time="0.01" />
  <testcase classname="ptolemy.util.test.junit.AutoTests" name="[14] /home/travis/build/icyphy/ptII/ptolemy/domains/de/test/auto/DEScheduleTest.xml (RunModel)" time="0.041" />
  <testcase classname="ptolemy.util.test.junit.AutoTests" name="[15] /home/travis/build/icyphy/ptII/ptolemy/domains/de/test/auto/DEinDEwithStartTimes.xml (RunModel)" time="0.022" />
  <testcase classname="ptolemy.util.test.junit.AutoTests" name="[16] /home/travis/build/icyphy/ptII/ptolemy/domains/de/test/auto/DEinDEwithStartTimes2.xml (RunModel)" time="0.021" />
  <testcase classname="ptolemy.util.test.junit.AutoTests" name="[17] /home/travis/build/icyphy/ptII/ptolemy/domains/de/test/auto/DateDemo.xml (RunModel)" time="0.033" />
  <testcase classname="ptolemy.util.test.junit.AutoTests" name="[18] /home/travis/build/icyphy/ptII/ptolemy/domains/de/test/auto/DateToEvent.xml (RunModel)" time="2.042" />
  <testcase classname="ptolemy.util.test.junit.AutoTests" name="[19] /home/travis/build/icyphy/ptII/ptolemy/domains/de/test/auto/DepthTest1.xml (RunModel)" time="0.008" />
  <testcase classname="ptolemy.util.test.junit.AutoTests" name="[20] /home/travis/build/icyphy/ptII/ptolemy/domains/de/test/auto/DepthTest2.xml (RunModel)" time="0.015" />
  <testcase classname="ptolemy.util.test.junit.AutoTests" name="[21] /home/travis/build/icyphy/ptII/ptolemy/domains/de/test/auto/DepthTest3.xml (RunModel)" time="0.007" />
  <testcase classname="ptolemy.util.test.junit.AutoTests" name="[22] /home/travis/build/icyphy/ptII/ptolemy/domains/de/test/auto/DepthTest4.xml (RunModel)" time="0.014" />
  <testcase classname="ptolemy.util.test.junit.AutoTests" name="[23] /home/travis/build/icyphy/ptII/ptolemy/domains/de/test/auto/DepthTest5.xml (RunModel)" time="0.013" />
  <testcase classname="ptolemy.util.test.junit.AutoTests" name="[24] /home/travis/build/icyphy/ptII/ptolemy/domains/de/test/auto/DepthTest6.xml (RunModel)" time="0.012" />
  <testcase classname="ptolemy.util.test.junit.AutoTests" name="[25] /home/travis/build/icyphy/ptII/ptolemy/domains/de/test/auto/DepthTest7.xml (RunModel)" time="0.012" />
  <testcase classname="ptolemy.util.test.junit.AutoTests" name="[26] /home/travis/build/icyphy/ptII/ptolemy/domains/de/test/auto/EventToDate.xml (RunModel)" time="3.032" />
  <testcase classname="ptolemy.util.test.junit.AutoTests" name="[27] /home/travis/build/icyphy/ptII/ptolemy/domains/de/test/auto/FSM1.xml (RunModel)" time="0.029" />
  <testcase classname="ptolemy.util.test.junit.AutoTests" name="[28] /home/travis/build/icyphy/ptII/ptolemy/domains/de/test/auto/FSM7.xml (RunModel)" time="0.048" />
  <testcase classname="ptolemy.util.test.junit.AutoTests" name="[29] /home/travis/build/icyphy/ptII/ptolemy/domains/de/test/auto/Inspection.xml (RunModel)" time="0.057" />
  <testcase classname="ptolemy.util.test.junit.AutoTests" name="[30] /home/travis/build/icyphy/ptII/ptolemy/domains/de/test/auto/Iteration.xml (RunModel)" time="0.023" />
  <testcase classname="ptolemy.util.test.junit.AutoTests" name="[31] /home/travis/build/icyphy/ptII/ptolemy/domains/de/test/auto/LineFault.xml (RunModel)" time="0.592" />
  <testcase classname="ptolemy.util.test.junit.AutoTests" name="[32] /home/travis/build/icyphy/ptII/ptolemy/domains/de/test/auto/MergeModel1Add.xml (RunModel)" time="0.046" />
  <testcase classname="ptolemy.util.test.junit.AutoTests" name="[33] /home/travis/build/icyphy/ptII/ptolemy/domains/de/test/auto/MergeModel2Add.xml (RunModel)" time="0.035" />
  <testcase classname="ptolemy.util.test.junit.AutoTests" name="[34] /home/travis/build/icyphy/ptII/ptolemy/domains/de/test/auto/MergeModel3Add.xml (RunModel)" time="0.04" />
  <testcase classname="ptolemy.util.test.junit.AutoTests" name="[35] /home/travis/build/icyphy/ptII/ptolemy/domains/de/test/auto/MergeWithoutDiscard.xml (RunModel)" time="0.011" />
  <testcase classname="ptolemy.util.test.junit.AutoTests" name="[36] /home/travis/build/icyphy/ptII/ptolemy/domains/de/test/auto/Modal1.xml (RunModel)" time="0.028" />
  <testcase classname="ptolemy.util.test.junit.AutoTests" name="[37] /home/travis/build/icyphy/ptII/ptolemy/domains/de/test/auto/Modal2.xml (RunModel)" time="0.024" />
  <testcase classname="ptolemy.util.test.junit.AutoTests" name="[38] /home/travis/build/icyphy/ptII/ptolemy/domains/de/test/auto/Modal3.xml (RunModel)" time="0.025" />
  <testcase classname="ptolemy.util.test.junit.AutoTests" name="[39] /home/travis/build/icyphy/ptII/ptolemy/domains/de/test/auto/Modal4.xml (RunModel)" time="0.028" />
  <testcase classname="ptolemy.util.test.junit.AutoTests" name="[40] /home/travis/build/icyphy/ptII/ptolemy/domains/de/test/auto/Modal5.xml (RunModel)" time="0.027" />
  <testcase classname="ptolemy.util.test.junit.AutoTests" name="[41] /home/travis/build/icyphy/ptII/ptolemy/domains/de/test/auto/Modal6.xml (RunModel)" time="0.028" />
  <testcase classname="ptolemy.util.test.junit.AutoTests" name="[42] /home/travis/build/icyphy/ptII/ptolemy/domains/de/test/auto/Modal7.xml (RunModel)" time="0.028" />
  <testcase classname="ptolemy.util.test.junit.AutoTests" name="[43] /home/travis/build/icyphy/ptII/ptolemy/domains/de/test/auto/ModalModel.xml (RunModel)" time="0.141" />
  <testcase classname="ptolemy.util.test.junit.AutoTests" name="[44] /home/travis/build/icyphy/ptII/ptolemy/domains/de/test/auto/ModalSource.xml (RunModel)" time="0.016" />
  <testcase classname="ptolemy.util.test.junit.AutoTests" name="[45] /home/travis/build/icyphy/ptII/ptolemy/domains/de/test/auto/NonInterruptibleTimerZeroDelay.xml (RunModel)" time="0.009" />
  <testcase classname="ptolemy.util.test.junit.AutoTests" name="[46] /home/travis/build/icyphy/ptII/ptolemy/domains/de/test/auto/OpenQueueingNetwork.xml (RunModel)" time="2.217" />
  <testcase classname="ptolemy.util.test.junit.AutoTests" name="[47] /home/travis/build/icyphy/ptII/ptolemy/domains/de/test/auto/OpenQueuingNetwork.xml (RunModel)" time="0.267" />
  <testcase classname="ptolemy.util.test.junit.AutoTests" name="[48] /home/travis/build/icyphy/ptII/ptolemy/domains/de/test/auto/PeriodicSampler.xml (RunModel)" time="0.009" />
  <testcase classname="ptolemy.util.test.junit.AutoTests" name="[49] /home/travis/build/icyphy/ptII/ptolemy/domains/de/test/auto/PersistentIO.xml (RunModel)" time="0.024" />
  <testcase classname="ptolemy.util.test.junit.AutoTests" name="[50] /home/travis/build/icyphy/ptII/ptolemy/domains/de/test/auto/PortParameterResetOnInitialize.xml (RunModel)" time="0.011" />
  <testcase classname="ptolemy.util.test.junit.AutoTests" name="[51] /home/travis/build/icyphy/ptII/ptolemy/domains/de/test/auto/PortParameterUpdates.xml (RunModel)" time="0.017" />
  <testcase classname="ptolemy.util.test.junit.AutoTests" name="[52] /home/travis/build/icyphy/ptII/ptolemy/domains/de/test/auto/QueueAndServer.xml (RunModel)" time="0.02" />
  <testcase classname="ptolemy.util.test.junit.AutoTests" name="[53] /home/travis/build/icyphy/ptII/ptolemy/domains/de/test/auto/Records.xml (RunModel)" time="0.021" />
  <testcase classname="ptolemy.util.test.junit.AutoTests" name="[54] /home/travis/build/icyphy/ptII/ptolemy/domains/de/test/auto/ResetTransitionWithStartTime1.xml (RunModel)" time="0.025" />
  <testcase classname="ptolemy.util.test.junit.AutoTests" name="[55] /home/travis/build/icyphy/ptII/ptolemy/domains/de/test/auto/ResetTransitionWithStartTime2.xml (RunModel)" time="0.017" />
  <testcase classname="ptolemy.util.test.junit.AutoTests" name="[56] /home/travis/build/icyphy/ptII/ptolemy/domains/de/test/auto/ResetTransitionWithStartTime3.xml (RunModel)" time="0.016" />
  <testcase classname="ptolemy.util.test.junit.AutoTests" name="[57] /home/travis/build/icyphy/ptII/ptolemy/domains/de/test/auto/ResetTransitionWithStartTime4.xml (RunModel)" time="0.018" />
  <testcase classname="ptolemy.util.test.junit.AutoTests" name="[58] /home/travis/build/icyphy/ptII/ptolemy/domains/de/test/auto/ResettableTimer1.xml (RunModel)" time="0.01" />
  <testcase classname="ptolemy.util.test.junit.AutoTests" name="[59] /home/travis/build/icyphy/ptII/ptolemy/domains/de/test/auto/ResettableTimer2.xml (RunModel)" time="0.01" />
  <testcase classname="ptolemy.util.test.junit.AutoTests" name="[60] /home/travis/build/icyphy/ptII/ptolemy/domains/de/test/auto/ResettableTimer3.xml (RunModel)" time="0.008" />
  <testcase classname="ptolemy.util.test.junit.AutoTests" name="[61] /home/travis/build/icyphy/ptII/ptolemy/domains/de/test/auto/ResettableTimer4.xml (RunModel)" time="0.011" />
  <testcase classname="ptolemy.util.test.junit.AutoTests" name="[62] /home/travis/build/icyphy/ptII/ptolemy/domains/de/test/auto/ResettableTimer5.xml (RunModel)" time="0.011" />
  <testcase classname="ptolemy.util.test.junit.AutoTests" name="[63] /home/travis/build/icyphy/ptII/ptolemy/domains/de/test/auto/ResettableTimer6.xml (RunModel)" time="0.02" />
  <testcase classname="ptolemy.util.test.junit.AutoTests" name="[64] /home/travis/build/icyphy/ptII/ptolemy/domains/de/test/auto/ServerZeroDelay.xml (RunModel)" time="0.012" />
  <testcase classname="ptolemy.util.test.junit.AutoTests" name="[65] /home/travis/build/icyphy/ptII/ptolemy/domains/de/test/auto/SmartSender.xml (RunModel)" time="3.01" />
  <testcase classname="ptolemy.util.test.junit.AutoTests" name="[66] /home/travis/build/icyphy/ptII/ptolemy/domains/de/test/auto/ThreadedComposite.xml (RunModel)" time="0.141" />
  <testcase classname="ptolemy.util.test.junit.AutoTests" name="[67] /home/travis/build/icyphy/ptII/ptolemy/domains/de/test/auto/Time.xml (RunModel)" time="0.407" />
  <testcase classname="ptolemy.util.test.junit.AutoTests" name="[68] /home/travis/build/icyphy/ptII/ptolemy/domains/de/test/auto/TimeDelayZeroDelay.xml (RunModel)" time="0.017" />
  <testcase classname="ptolemy.util.test.junit.AutoTests" name="[69] /home/travis/build/icyphy/ptII/ptolemy/domains/de/test/auto/TimerZeroDelay.xml (RunModel)" time="0.009" />
  <testcase classname="ptolemy.util.test.junit.AutoTests" name="[70] /home/travis/build/icyphy/ptII/ptolemy/domains/de/test/auto/TimingParadox.xml (RunModel)" time="0.344" />
  <testcase classname="ptolemy.util.test.junit.AutoTests" name="[71] /home/travis/build/icyphy/ptII/ptolemy/domains/de/test/auto/TransferInputs.xml (RunModel)" time="0.016" />
  <testcase classname="ptolemy.util.test.junit.AutoTests" name="[72] /home/travis/build/icyphy/ptII/ptolemy/domains/de/test/auto/TransferOutputs2.xml (RunModel)" time="0.014" />
  <testcase classname="ptolemy.util.test.junit.AutoTests" name="[73] /home/travis/build/icyphy/ptII/ptolemy/domains/de/test/auto/Trilateration.xml (RunModel)" time="11.259" />
  <testcase classname="ptolemy.util.test.junit.AutoTests" name="[74] /home/travis/build/icyphy/ptII/ptolemy/domains/de/test/auto/TwoSigmaDelta.xml (RunModel)" time="2.028" />
  <testcase classname="ptolemy.util.test.junit.AutoTests" name="[75] /home/travis/build/icyphy/ptII/ptolemy/domains/de/test/auto/VariableDelay.xml (RunModel)" time="0.01" />
  <testcase classname="ptolemy.util.test.junit.AutoTests" name="[76] /home/travis/build/icyphy/ptII/ptolemy/domains/de/test/auto/VariableDelay2.xml (RunModel)" time="0.008" />
  <testcase classname="ptolemy.util.test.junit.AutoTests" name="[77] /home/travis/build/icyphy/ptII/ptolemy/domains/de/test/auto/VariableDelayZeroDelay.xml (RunModel)" time="0.01" />
  <testcase classname="ptolemy.util.test.junit.AutoTests" name="[78] /home/travis/build/icyphy/ptII/ptolemy/domains/de/test/auto/VariableDelayZeroDelay2.xml (RunModel)" time="0.009" />
  <testcase classname="ptolemy.util.test.junit.AutoTests" name="[79] /home/travis/build/icyphy/ptII/ptolemy/domains/de/test/auto/deInCt.xml (RunModel)" time="0.018" />
  <testcase classname="ptolemy.util.test.junit.AutoTests" name="[80] /home/travis/build/icyphy/ptII/ptolemy/domains/de/test/auto/deInCt2.xml (RunModel)" time="0.016" />
  <testcase classname="ptolemy.util.test.junit.AutoTests" name="[81] /home/travis/build/icyphy/ptII/ptolemy/domains/de/test/auto/dynamicCausalityInterface1.xml (RunModel)" time="0.016" />
  <testcase classname="ptolemy.util.test.junit.AutoTests" name="[82] /home/travis/build/icyphy/ptII/ptolemy/domains/de/test/auto/fsm_de_test.xml (RunModel)" time="0.022" />
  <testcase classname="ptolemy.util.test.junit.AutoTests" name="[83] /home/travis/build/icyphy/ptII/ptolemy/domains/de/test/auto/functionDependencyReconstruction.xml (RunModel)" time="0.033" />
  <testcase classname="ptolemy.util.test.junit.AutoTests" name="[84] /home/travis/build/icyphy/ptII/ptolemy/domains/de/test/auto/multirate.xml (RunModel)" time="0.015" />
  <testcase classname="ptolemy.util.test.junit.AutoTests" name="[85] /home/travis/build/icyphy/ptII/ptolemy/domains/de/test/auto/multirate2.xml (RunModel)" time="0.013" />
  <testcase classname="ptolemy.util.test.junit.AutoTests" name="[86] /home/travis/build/icyphy/ptII/ptolemy/domains/de/test/auto/realtime.xml (RunModel)" time="10.009" />
  <testcase classname="ptolemy.util.test.junit.AutoTests" name="[87] /home/travis/build/icyphy/ptII/ptolemy/domains/de/test/auto/relationGroup.xml (RunModel)" time="0.008" />
  <testcase classname="ptolemy.util.test.junit.AutoTests" name="[88] /home/travis/build/icyphy/ptII/ptolemy/domains/de/test/auto/relationGroup2.xml (RunModel)" time="0.007" />
  <testcase classname="ptolemy.util.test.junit.AutoTests" name="[89] /home/travis/build/icyphy/ptII/ptolemy/domains/de/test/auto/sortWithOpaquePorts.xml (RunModel)" time="0.018" />
  <testcase classname="ptolemy.util.test.junit.AutoTests" name="[90] /home/travis/build/icyphy/ptII/ptolemy/domains/de/test/auto/transferInputsandOutputs.xml (RunModel)" time="0.02" />
  <testcase classname="ptolemy.util.test.junit.AutoTests" name="[91] /home/travis/build/icyphy/ptII/ptolemy/domains/de/test/auto/triggerType.xml (RunModel)" time="0.008" />
  <system-out><![CDATA[/home/travis/build/icyphy/ptII/ptolemy/domains/de/test/DependencyLoop.tcl
testDefs.tcl: setting time out to 9000 seconds at Tue Apr 02 04:14:28 UTC 2019
15 ms. Memory: 116224K Free: 97635K (84%)
23 ms. Memory: 146944K Free: 140752K (96%)
/home/travis/build/icyphy/ptII/ptolemy/domains/de/test/RunDETestsAsQSS.tcl
Run the DE tests using ptolemy.domains.qss.test.QSSDirectorTest, which extends QSSDirector and prints a message in the constructors.
------------------ testing $PTII/ptolemy/domains/de/test/auto/knownFailedTests/dependencyLoop.xml (Known Failure) 
10 ms. Memory: 146944K Free: 136508K (93%)


==== $PTIIhome/travis/build/icyphy/ptII/ptolemy/domains/de/test/../../../../: Auto Automatic test in file $PTII/ptolemy/domains/de/test/auto/knownFailedTests/dependencyLoop.xml
==== Contents of test case:

	    # FIXME: we should use $relativeFilename here, but it
	    # might have backslashes under Windows, which causes no end
	    # of trouble.
	    createAndExecute $file
	    list {}
	
.... Test generated KNOWN error:
    while executing
ptolemy.kernel.util.IllegalActionException: Found a zero delay loop containing .dependencyLoop.original
  in .dependencyLoop and .dependencyLoop.original
	at ptolemy.actor.util.CausalityInterfaceForComposites._computeOutputPortDepth(CausalityInterfaceForComposites.java:759)
	at ptolemy.actor.util.CausalityInterfaceForComposites._computeInputDepth(CausalityInterfaceForComposites.java:696)
	at ptolemy.actor.util.CausalityInterfaceForComposites._computeOutputPortDepth(CausalityInterfaceForComposites.java:765)
	at ptolemy.actor.util.CausalityInterfaceForComposites._computeInputDepth(CausalityInterfaceForComposites.java:696)
	at ptolemy.actor.util.CausalityInterfaceForComposites._computeOutputPortDepth(CausalityInterfaceForComposites.java:765)
	at ptolemy.actor.util.CausalityInterfaceForComposites._computeInputDepth(CausalityInterfaceForComposites.java:696)
	at ptolemy.actor.util.CausalityInterfaceForComposites._computeActorDepth(CausalityInterfaceForComposites.java:532)
	at ptolemy.actor.util.CausalityInterfaceForComposites.checkForCycles(CausalityInterfaceForComposites.java:96)
	at ptolemy.domains.de.kernel.DEDirector.preinitialize(DEDirector.java:1338)
	at ptolemy.actor.CompositeActor.preinitialize(CompositeActor.java:1828)
	at ptolemy.actor.Manager.preinitializeAndResolveTypes(Manager.java:1040)
	at ptolemy.actor.Manager.initialize(Manager.java:710)
	at ptolemy.actor.Manager.execute(Manager.java:356)
	at ptolemy.actor.Manager.run(Manager.java:1263)
	at ptolemy.actor.Manager$PtolemyRunThread.run(Manager.java:1915)

    while executing
ptolemy.kernel.util.IllegalActionException: Found a zero delay loop containing .dependencyLoop.original
  in .dependencyLoop and .dependencyLoop.original
    while executing
"java::new ptolemy.moml.MoMLSimpleApplication $file
"
    (procedure "createAndExecute" line 2)
    invoked from within
"createAndExecute $file"
    ("uplevel" body line 5)
    invoked from within
"uplevel $contents_of_test"
------------------ testing $PTII/ptolemy/domains/de/test/auto/knownFailedTests/DESDFClockTest.xml (Known Failure) 
2051 ms. Memory: 146944K Free: 121348K (83%)


==== $PTIIhome/travis/build/icyphy/ptII/ptolemy/domains/de/test/../../../../: Auto Automatic test in file $PTII/ptolemy/domains/de/test/auto/knownFailedTests/DESDFClockTest.xml
==== Contents of test case:

	    # FIXME: we should use $relativeFilename here, but it
	    # might have backslashes under Windows, which causes no end
	    # of trouble.
	    createAndExecute $file
	    list {}
	
.... Test generated KNOWN error:
    while executing
ptolemy.kernel.util.IllegalActionException: Actor is not ready to fire.  Perhaps UpSample.prefire() returned false? Try debugging the actor by selecting "Listen to Actor".  Also, for SDF check moml for tokenConsumptionRate on input.
  in .DESDFClockTest.Play Bell.Copy1:SDF Director and .DESDFClockTest.Play Bell.UpSample
	at ptolemy.actor.sched.StaticSchedulingDirector.fire(StaticSchedulingDirector.java:227)
	at ptolemy.domains.sdf.kernel.SDFDirector.fire(SDFDirector.java:500)
	at ptolemy.actor.CompositeActor.fire(CompositeActor.java:455)
	at ptolemy.domains.de.kernel.DEDirector._fire(DEDirector.java:1949)
	at ptolemy.domains.de.kernel.DEDirector.fire(DEDirector.java:502)
	at ptolemy.actor.CompositeActor.fire(CompositeActor.java:455)
	at ptolemy.actor.Manager.iterate(Manager.java:851)
	at ptolemy.actor.Manager.execute(Manager.java:369)
	at ptolemy.actor.Manager.run(Manager.java:1263)
	at ptolemy.actor.Manager$PtolemyRunThread.run(Manager.java:1915)

    while executing
ptolemy.kernel.util.IllegalActionException: Actor is not ready to fire.  Perhaps UpSample.prefire() returned false? Try debugging the actor by selecting "Listen to Actor".  Also, for SDF check moml for tokenConsumptionRate on input.
  in .DESDFClockTest.Play Bell.Copy1:SDF Director and .DESDFClockTest.Play Bell.UpSample
    while executing
"java::new ptolemy.moml.MoMLSimpleApplication $file
"
    (procedure "createAndExecute" line 2)
    invoked from within
"createAndExecute $file"
    ("uplevel" body line 5)
    invoked from within
"uplevel $contents_of_test"
------------------ testing $PTII/ptolemy/domains/de/test/auto/knownFailedTests/FSMSource.xml (Known Failure) 
38 ms. Memory: 146944K Free: 112525K (77%)
!!!! Auto was marked as failing, but now passes
------------------ testing $PTII/ptolemy/domains/de/test/auto/knownFailedTests/dependencyLoop2.xml (Known Failure) 
12 ms. Memory: 146944K Free: 110642K (75%)


==== $PTIIhome/travis/build/icyphy/ptII/ptolemy/domains/de/test/../../../../: Auto Automatic test in file $PTII/ptolemy/domains/de/test/auto/knownFailedTests/dependencyLoop2.xml
==== Contents of test case:

	    # FIXME: we should use $relativeFilename here, but it
	    # might have backslashes under Windows, which causes no end
	    # of trouble.
	    createAndExecute $file
	    list {}
	
.... Test generated KNOWN error:
    while executing
ptolemy.kernel.util.IllegalActionException: Found a zero delay loop containing .dependencyLoop2.original
  in .dependencyLoop2 and .dependencyLoop2.original
	at ptolemy.actor.util.CausalityInterfaceForComposites._computeOutputPortDepth(CausalityInterfaceForComposites.java:759)
	at ptolemy.actor.util.CausalityInterfaceForComposites._computeInputDepth(CausalityInterfaceForComposites.java:696)
	at ptolemy.actor.util.CausalityInterfaceForComposites._computeOutputPortDepth(CausalityInterfaceForComposites.java:765)
	at ptolemy.actor.util.CausalityInterfaceForComposites._computeInputDepth(CausalityInterfaceForComposites.java:696)
	at ptolemy.actor.util.CausalityInterfaceForComposites._computeOutputPortDepth(CausalityInterfaceForComposites.java:765)
	at ptolemy.actor.util.CausalityInterfaceForComposites._computeInputDepth(CausalityInterfaceForComposites.java:696)
	at ptolemy.actor.util.CausalityInterfaceForComposites._computeActorDepth(CausalityInterfaceForComposites.java:532)
	at ptolemy.actor.util.CausalityInterfaceForComposites.checkForCycles(CausalityInterfaceForComposites.java:96)
	at ptolemy.domains.de.kernel.DEDirector.preinitialize(DEDirector.java:1338)
	at ptolemy.actor.CompositeActor.preinitialize(CompositeActor.java:1828)
	at ptolemy.actor.Manager.preinitializeAndResolveTypes(Manager.java:1040)
	at ptolemy.actor.Manager.initialize(Manager.java:710)
	at ptolemy.actor.Manager.execute(Manager.java:356)
	at ptolemy.actor.Manager.run(Manager.java:1263)
	at ptolemy.actor.Manager$PtolemyRunThread.run(Manager.java:1915)

    while executing
ptolemy.kernel.util.IllegalActionException: Found a zero delay loop containing .dependencyLoop2.original
  in .dependencyLoop2 and .dependencyLoop2.original
    while executing
"java::new ptolemy.moml.MoMLSimpleApplication $file
"
    (procedure "createAndExecute" line 2)
    invoked from within
"createAndExecute $file"
    ("uplevel" body line 5)
    invoked from within
"uplevel $contents_of_test"
------------------ testing $PTII/ptolemy/domains/de/test/auto/knownFailedTests/HierarchicalModel.xml (Known Failure) 
5 ms. Memory: 146944K Free: 90565K (62%)


==== $PTIIhome/travis/build/icyphy/ptII/ptolemy/domains/de/test/../../../../: Auto Automatic test in file $PTII/ptolemy/domains/de/test/auto/knownFailedTests/HierarchicalModel.xml
==== Contents of test case:

	    # FIXME: we should use $relativeFilename here, but it
	    # might have backslashes under Windows, which causes no end
	    # of trouble.
	    createAndExecute $file
	    list {}
	
.... Test generated KNOWN error:
    while executing
ptolemy.kernel.util.IllegalActionException: Found a zero delay loop containing .HierarchicalModel.A
  in .HierarchicalModel and .HierarchicalModel.A
	at ptolemy.actor.util.CausalityInterfaceForComposites._computeOutputPortDepth(CausalityInterfaceForComposites.java:759)
	at ptolemy.actor.util.CausalityInterfaceForComposites._computeInputDepth(CausalityInterfaceForComposites.java:696)
	at ptolemy.actor.util.CausalityInterfaceForComposites._computeOutputPortDepth(CausalityInterfaceForComposites.java:765)
	at ptolemy.actor.util.CausalityInterfaceForComposites._computeInputDepth(CausalityInterfaceForComposites.java:696)
	at ptolemy.actor.util.CausalityInterfaceForComposites._computeOutputPortDepth(CausalityInterfaceForComposites.java:765)
	at ptolemy.actor.util.CausalityInterfaceForComposites._computeInputDepth(CausalityInterfaceForComposites.java:696)
	at ptolemy.actor.util.CausalityInterfaceForComposites._computeActorDepth(CausalityInterfaceForComposites.java:532)
	at ptolemy.actor.util.CausalityInterfaceForComposites.checkForCycles(CausalityInterfaceForComposites.java:96)
	at ptolemy.domains.de.kernel.DEDirector.preinitialize(DEDirector.java:1338)
	at ptolemy.actor.CompositeActor.preinitialize(CompositeActor.java:1828)
	at ptolemy.actor.Manager.preinitializeAndResolveTypes(Manager.java:1040)
	at ptolemy.actor.Manager.initialize(Manager.java:710)
	at ptolemy.actor.Manager.execute(Manager.java:356)
	at ptolemy.actor.Manager.run(Manager.java:1263)
	at ptolemy.actor.Manager$PtolemyRunThread.run(Manager.java:1915)

    while executing
ptolemy.kernel.util.IllegalActionException: Found a zero delay loop containing .HierarchicalModel.A
  in .HierarchicalModel and .HierarchicalModel.A
    while executing
"java::new ptolemy.moml.MoMLSimpleApplication $file
"
    (procedure "createAndExecute" line 2)
    invoked from within
"createAndExecute $file"
    ("uplevel" body line 5)
    invoked from within
"uplevel $contents_of_test"
------------------ testing $PTII/ptolemy/domains/de/test/auto/knownFailedTests/DirectFeedback.xml (Known Failure) 
4 ms. Memory: 146944K Free: 86456K (59%)


==== $PTIIhome/travis/build/icyphy/ptII/ptolemy/domains/de/test/../../../../: Auto Automatic test in file $PTII/ptolemy/domains/de/test/auto/knownFailedTests/DirectFeedback.xml
==== Contents of test case:

	    # FIXME: we should use $relativeFilename here, but it
	    # might have backslashes under Windows, which causes no end
	    # of trouble.
	    createAndExecute $file
	    list {}
	
.... Test generated KNOWN error:
    while executing
ptolemy.kernel.util.IllegalActionException: Test fails in iteration 1.
Value was: 1.0. Should have been: 2.0
  in .DirectFeedback.Test
	at ptolemy.actor.lib.Test.fire(Test.java:268)
	at ptolemy.domains.de.kernel.DEDirector._fire(DEDirector.java:1949)
	at ptolemy.domains.de.kernel.DEDirector.fire(DEDirector.java:502)
	at ptolemy.actor.CompositeActor.fire(CompositeActor.java:455)
	at ptolemy.actor.Manager.iterate(Manager.java:851)
	at ptolemy.actor.Manager.execute(Manager.java:369)
	at ptolemy.actor.Manager.run(Manager.java:1263)
	at ptolemy.actor.Manager$PtolemyRunThread.run(Manager.java:1915)

    while executing
ptolemy.kernel.util.IllegalActionException: Test fails in iteration 1.
Value was: 1.0. Should have been: 2.0
  in .DirectFeedback.Test
    while executing
"java::new ptolemy.moml.MoMLSimpleApplication $file
"
    (procedure "createAndExecute" line 2)
    invoked from within
"createAndExecute $file"
    ("uplevel" body line 5)
    invoked from within
"uplevel $contents_of_test"
------------------ testing $PTII/ptolemy/domains/de/test/auto/ActorDepthCalculation_actorWithoutPorts.xml
auto.tcl: Setting watchdog for 200 seconds at Tue Apr 02 04:14:31 UTC 2019
11 ms. Memory: 146944K Free: 138648K (94%)
ptolemy.util.test.WatchDog.cancel(): canceling Tue Apr 02 04:14:31 UTC 2019
auto.tcl: Setting watchdog for 200 seconds at Tue Apr 02 04:14:31 UTC 2019
4 ms. Memory: 146944K Free: 137627K (94%)
ptolemy.util.test.WatchDog.cancel(): canceling Tue Apr 02 04:14:31 UTC 2019
------------------ testing $PTII/ptolemy/domains/de/test/auto/AssemblyLine.xml
auto.tcl: Setting watchdog for 200 seconds at Tue Apr 02 04:14:32 UTC 2019
16 ms. Memory: 208384K Free: 183386K (88%)
ptolemy.util.test.WatchDog.cancel(): canceling Tue Apr 02 04:14:32 UTC 2019
auto.tcl: Setting watchdog for 200 seconds at Tue Apr 02 04:14:32 UTC 2019
6 ms. Memory: 208384K Free: 183386K (88%)
ptolemy.util.test.WatchDog.cancel(): canceling Tue Apr 02 04:14:32 UTC 2019
------------------ testing $PTII/ptolemy/domains/de/test/auto/CQBug1.xml
auto.tcl: Setting watchdog for 200 seconds at Tue Apr 02 04:14:32 UTC 2019
7 ms. Memory: 208384K Free: 197892K (95%)
ptolemy.util.test.WatchDog.cancel(): canceling Tue Apr 02 04:14:32 UTC 2019
auto.tcl: Setting watchdog for 200 seconds at Tue Apr 02 04:14:32 UTC 2019
2 ms. Memory: 208384K Free: 197892K (95%)
ptolemy.util.test.WatchDog.cancel(): canceling Tue Apr 02 04:14:32 UTC 2019
------------------ testing $PTII/ptolemy/domains/de/test/auto/CancelFireAt.xml
auto.tcl: Setting watchdog for 200 seconds at Tue Apr 02 04:14:32 UTC 2019
12 ms. Memory: 208384K Free: 201555K (97%)
ptolemy.util.test.WatchDog.cancel(): canceling Tue Apr 02 04:14:32 UTC 2019
auto.tcl: Setting watchdog for 200 seconds at Tue Apr 02 04:14:32 UTC 2019
2 ms. Memory: 208384K Free: 199513K (96%)
ptolemy.util.test.WatchDog.cancel(): canceling Tue Apr 02 04:14:32 UTC 2019
------------------ testing $PTII/ptolemy/domains/de/test/auto/CausalityAndComposabilityAnalysis.xml
auto.tcl: Setting watchdog for 200 seconds at Tue Apr 02 04:14:32 UTC 2019
12 ms. Memory: 208384K Free: 198591K (95%)
ptolemy.util.test.WatchDog.cancel(): canceling Tue Apr 02 04:14:32 UTC 2019
auto.tcl: Setting watchdog for 200 seconds at Tue Apr 02 04:14:32 UTC 2019
10 ms. Memory: 208384K Free: 196549K (94%)
ptolemy.util.test.WatchDog.cancel(): canceling Tue Apr 02 04:14:32 UTC 2019
------------------ testing $PTII/ptolemy/domains/de/test/auto/CausalityInterface1.xml
auto.tcl: Setting watchdog for 200 seconds at Tue Apr 02 04:14:32 UTC 2019
14 ms. Memory: 208384K Free: 196487K (94%)
ptolemy.util.test.WatchDog.cancel(): canceling Tue Apr 02 04:14:32 UTC 2019
auto.tcl: Setting watchdog for 200 seconds at Tue Apr 02 04:14:32 UTC 2019
2 ms. Memory: 208384K Free: 196487K (94%)
ptolemy.util.test.WatchDog.cancel(): canceling Tue Apr 02 04:14:32 UTC 2019
------------------ testing $PTII/ptolemy/domains/de/test/auto/CausalityInterface15.xml
auto.tcl: Setting watchdog for 200 seconds at Tue Apr 02 04:14:32 UTC 2019
10 ms. Memory: 208384K Free: 196445K (94%)
ptolemy.util.test.WatchDog.cancel(): canceling Tue Apr 02 04:14:32 UTC 2019
auto.tcl: Setting watchdog for 200 seconds at Tue Apr 02 04:14:32 UTC 2019
4 ms. Memory: 208384K Free: 196445K (94%)
ptolemy.util.test.WatchDog.cancel(): canceling Tue Apr 02 04:14:32 UTC 2019
------------------ testing $PTII/ptolemy/domains/de/test/auto/CausalityInterface2.xml
auto.tcl: Setting watchdog for 200 seconds at Tue Apr 02 04:14:32 UTC 2019
7 ms. Memory: 208384K Free: 196462K (94%)
ptolemy.util.test.WatchDog.cancel(): canceling Tue Apr 02 04:14:32 UTC 2019
auto.tcl: Setting watchdog for 200 seconds at Tue Apr 02 04:14:32 UTC 2019
3 ms. Memory: 208384K Free: 196462K (94%)
ptolemy.util.test.WatchDog.cancel(): canceling Tue Apr 02 04:14:32 UTC 2019
------------------ testing $PTII/ptolemy/domains/de/test/auto/CausalityInterface3.xml
auto.tcl: Setting watchdog for 200 seconds at Tue Apr 02 04:14:32 UTC 2019
2 ms. Memory: 208384K Free: 196475K (94%)
ptolemy.util.test.WatchDog.cancel(): canceling Tue Apr 02 04:14:32 UTC 2019
auto.tcl: Setting watchdog for 200 seconds at Tue Apr 02 04:14:32 UTC 2019
2 ms. Memory: 208384K Free: 196475K (94%)
ptolemy.util.test.WatchDog.cancel(): canceling Tue Apr 02 04:14:32 UTC 2019
------------------ testing $PTII/ptolemy/domains/de/test/auto/ClockDrift.xml
auto.tcl: Setting watchdog for 200 seconds at Tue Apr 02 04:14:32 UTC 2019
94 ms. Memory: 208384K Free: 187881K (90%)
ptolemy.util.test.WatchDog.cancel(): canceling Tue Apr 02 04:14:33 UTC 2019
auto.tcl: Setting watchdog for 200 seconds at Tue Apr 02 04:14:33 UTC 2019
61 ms. Memory: 208384K Free: 185839K (89%)
ptolemy.util.test.WatchDog.cancel(): canceling Tue Apr 02 04:14:33 UTC 2019
------------------ testing $PTII/ptolemy/domains/de/test/auto/ClockDriftAndValueChange.xml
auto.tcl: Setting watchdog for 200 seconds at Tue Apr 02 04:14:33 UTC 2019
45 ms. Memory: 208384K Free: 189759K (91%)
ptolemy.util.test.WatchDog.cancel(): canceling Tue Apr 02 04:14:33 UTC 2019
auto.tcl: Setting watchdog for 200 seconds at Tue Apr 02 04:14:33 UTC 2019
20 ms. Memory: 208384K Free: 185675K (89%)
ptolemy.util.test.WatchDog.cancel(): canceling Tue Apr 02 04:14:33 UTC 2019
------------------ testing $PTII/ptolemy/domains/de/test/auto/ClockDriftChange.xml
auto.tcl: Setting watchdog for 200 seconds at Tue Apr 02 04:14:33 UTC 2019
34 ms. Memory: 208384K Free: 190986K (92%)
ptolemy.util.test.WatchDog.cancel(): canceling Tue Apr 02 04:14:33 UTC 2019
auto.tcl: Setting watchdog for 200 seconds at Tue Apr 02 04:14:33 UTC 2019
22 ms. Memory: 208384K Free: 188944K (91%)
ptolemy.util.test.WatchDog.cancel(): canceling Tue Apr 02 04:14:33 UTC 2019
------------------ testing $PTII/ptolemy/domains/de/test/auto/ComposableCausalityAnalysis.xml
auto.tcl: Setting watchdog for 200 seconds at Tue Apr 02 04:14:33 UTC 2019
1 ms. Memory: 208384K Free: 196337K (94%)
ptolemy.util.test.WatchDog.cancel(): canceling Tue Apr 02 04:14:33 UTC 2019
auto.tcl: Setting watchdog for 200 seconds at Tue Apr 02 04:14:33 UTC 2019
2 ms. Memory: 208384K Free: 194295K (93%)
ptolemy.util.test.WatchDog.cancel(): canceling Tue Apr 02 04:14:33 UTC 2019
------------------ testing $PTII/ptolemy/domains/de/test/auto/DEFixedPointLimitation.xml
auto.tcl: Setting watchdog for 200 seconds at Tue Apr 02 04:14:33 UTC 2019
2 ms. Memory: 208384K Free: 198459K (95%)
ptolemy.util.test.WatchDog.cancel(): canceling Tue Apr 02 04:14:33 UTC 2019
auto.tcl: Setting watchdog for 200 seconds at Tue Apr 02 04:14:33 UTC 2019
1 ms. Memory: 208384K Free: 196417K (94%)
ptolemy.util.test.WatchDog.cancel(): canceling Tue Apr 02 04:14:33 UTC 2019
------------------ testing $PTII/ptolemy/domains/de/test/auto/DEScheduleTest.xml
auto.tcl: Setting watchdog for 200 seconds at Tue Apr 02 04:14:33 UTC 2019
15 ms. Memory: 208384K Free: 198495K (95%)
ptolemy.util.test.WatchDog.cancel(): canceling Tue Apr 02 04:14:33 UTC 2019
auto.tcl: Setting watchdog for 200 seconds at Tue Apr 02 04:14:33 UTC 2019
6 ms. Memory: 208384K Free: 196453K (94%)
ptolemy.util.test.WatchDog.cancel(): canceling Tue Apr 02 04:14:33 UTC 2019
------------------ testing $PTII/ptolemy/domains/de/test/auto/DEinDEwithStartTimes.xml
auto.tcl: Setting watchdog for 200 seconds at Tue Apr 02 04:14:33 UTC 2019
4 ms. Memory: 208384K Free: 196423K (94%)
ptolemy.util.test.WatchDog.cancel(): canceling Tue Apr 02 04:14:33 UTC 2019
auto.tcl: Setting watchdog for 200 seconds at Tue Apr 02 04:14:33 UTC 2019
3 ms. Memory: 208384K Free: 196423K (94%)
ptolemy.util.test.WatchDog.cancel(): canceling Tue Apr 02 04:14:33 UTC 2019
------------------ testing $PTII/ptolemy/domains/de/test/auto/DEinDEwithStartTimes2.xml
auto.tcl: Setting watchdog for 200 seconds at Tue Apr 02 04:14:33 UTC 2019
6 ms. Memory: 208384K Free: 196403K (94%)
ptolemy.util.test.WatchDog.cancel(): canceling Tue Apr 02 04:14:33 UTC 2019
auto.tcl: Setting watchdog for 200 seconds at Tue Apr 02 04:14:33 UTC 2019
4 ms. Memory: 208384K Free: 194360K (93%)
ptolemy.util.test.WatchDog.cancel(): canceling Tue Apr 02 04:14:33 UTC 2019
------------------ testing $PTII/ptolemy/domains/de/test/auto/DateDemo.xml
auto.tcl: Setting watchdog for 200 seconds at Tue Apr 02 04:14:33 UTC 2019
15 ms. Memory: 208384K Free: 189021K (91%)
ptolemy.util.test.WatchDog.cancel(): canceling Tue Apr 02 04:14:33 UTC 2019
auto.tcl: Setting watchdog for 200 seconds at Tue Apr 02 04:14:33 UTC 2019
9 ms. Memory: 208384K Free: 186979K (90%)
ptolemy.util.test.WatchDog.cancel(): canceling Tue Apr 02 04:14:33 UTC 2019
------------------ testing $PTII/ptolemy/domains/de/test/auto/DateToEvent.xml
auto.tcl: Setting watchdog for 200 seconds at Tue Apr 02 04:14:34 UTC 2019
2010 ms. Memory: 208384K Free: 183917K (88%)
ptolemy.util.test.WatchDog.cancel(): canceling Tue Apr 02 04:14:36 UTC 2019
auto.tcl: Setting watchdog for 200 seconds at Tue Apr 02 04:14:36 UTC 2019
2004 ms. Memory: 208384K Free: 181460K (87%)
ptolemy.util.test.WatchDog.cancel(): canceling Tue Apr 02 04:14:38 UTC 2019
------------------ testing $PTII/ptolemy/domains/de/test/auto/DepthTest1.xml
auto.tcl: Setting watchdog for 200 seconds at Tue Apr 02 04:14:38 UTC 2019
3 ms. Memory: 208384K Free: 197699K (95%)
ptolemy.util.test.WatchDog.cancel(): canceling Tue Apr 02 04:14:38 UTC 2019
auto.tcl: Setting watchdog for 200 seconds at Tue Apr 02 04:14:38 UTC 2019
1 ms. Memory: 208384K Free: 197699K (95%)
ptolemy.util.test.WatchDog.cancel(): canceling Tue Apr 02 04:14:38 UTC 2019
------------------ testing $PTII/ptolemy/domains/de/test/auto/DepthTest2.xml
auto.tcl: Setting watchdog for 200 seconds at Tue Apr 02 04:14:38 UTC 2019
3 ms. Memory: 208384K Free: 194565K (93%)
ptolemy.util.test.WatchDog.cancel(): canceling Tue Apr 02 04:14:38 UTC 2019
auto.tcl: Setting watchdog for 200 seconds at Tue Apr 02 04:14:38 UTC 2019
5 ms. Memory: 208384K Free: 194565K (93%)
ptolemy.util.test.WatchDog.cancel(): canceling Tue Apr 02 04:14:38 UTC 2019
------------------ testing $PTII/ptolemy/domains/de/test/auto/DepthTest3.xml
auto.tcl: Setting watchdog for 200 seconds at Tue Apr 02 04:14:38 UTC 2019
6 ms. Memory: 208384K Free: 198031K (95%)
ptolemy.util.test.WatchDog.cancel(): canceling Tue Apr 02 04:14:38 UTC 2019
auto.tcl: Setting watchdog for 200 seconds at Tue Apr 02 04:14:38 UTC 2019
2 ms. Memory: 208384K Free: 198031K (95%)
ptolemy.util.test.WatchDog.cancel(): canceling Tue Apr 02 04:14:38 UTC 2019
------------------ testing $PTII/ptolemy/domains/de/test/auto/DepthTest4.xml
auto.tcl: Setting watchdog for 200 seconds at Tue Apr 02 04:14:38 UTC 2019
7 ms. Memory: 208384K Free: 196077K (94%)
ptolemy.util.test.WatchDog.cancel(): canceling Tue Apr 02 04:14:38 UTC 2019
auto.tcl: Setting watchdog for 200 seconds at Tue Apr 02 04:14:38 UTC 2019
4 ms. Memory: 208384K Free: 196077K (94%)
ptolemy.util.test.WatchDog.cancel(): canceling Tue Apr 02 04:14:38 UTC 2019
------------------ testing $PTII/ptolemy/domains/de/test/auto/DepthTest5.xml
auto.tcl: Setting watchdog for 200 seconds at Tue Apr 02 04:14:38 UTC 2019
4 ms. Memory: 208384K Free: 196543K (94%)
ptolemy.util.test.WatchDog.cancel(): canceling Tue Apr 02 04:14:38 UTC 2019
auto.tcl: Setting watchdog for 200 seconds at Tue Apr 02 04:14:38 UTC 2019
2 ms. Memory: 208384K Free: 196543K (94%)
ptolemy.util.test.WatchDog.cancel(): canceling Tue Apr 02 04:14:38 UTC 2019
------------------ testing $PTII/ptolemy/domains/de/test/auto/DepthTest6.xml
auto.tcl: Setting watchdog for 200 seconds at Tue Apr 02 04:14:38 UTC 2019
5 ms. Memory: 208384K Free: 196518K (94%)
ptolemy.util.test.WatchDog.cancel(): canceling Tue Apr 02 04:14:38 UTC 2019
auto.tcl: Setting watchdog for 200 seconds at Tue Apr 02 04:14:38 UTC 2019
2 ms. Memory: 208384K Free: 196518K (94%)
ptolemy.util.test.WatchDog.cancel(): canceling Tue Apr 02 04:14:38 UTC 2019
------------------ testing $PTII/ptolemy/domains/de/test/auto/DepthTest7.xml
auto.tcl: Setting watchdog for 200 seconds at Tue Apr 02 04:14:38 UTC 2019
3 ms. Memory: 208384K Free: 194751K (93%)
ptolemy.util.test.WatchDog.cancel(): canceling Tue Apr 02 04:14:38 UTC 2019
auto.tcl: Setting watchdog for 200 seconds at Tue Apr 02 04:14:38 UTC 2019
2 ms. Memory: 208384K Free: 194751K (93%)
ptolemy.util.test.WatchDog.cancel(): canceling Tue Apr 02 04:14:38 UTC 2019
------------------ testing $PTII/ptolemy/domains/de/test/auto/EventToDate.xml
auto.tcl: Setting watchdog for 200 seconds at Tue Apr 02 04:14:38 UTC 2019
3008 ms. Memory: 208384K Free: 183327K (88%)
ptolemy.util.test.WatchDog.cancel(): canceling Tue Apr 02 04:14:41 UTC 2019
auto.tcl: Setting watchdog for 200 seconds at Tue Apr 02 04:14:41 UTC 2019
3005 ms. Memory: 208384K Free: 183327K (88%)
ptolemy.util.test.WatchDog.cancel(): canceling Tue Apr 02 04:14:44 UTC 2019
------------------ testing $PTII/ptolemy/domains/de/test/auto/FSM1.xml
auto.tcl: Setting watchdog for 200 seconds at Tue Apr 02 04:14:44 UTC 2019
26 ms. Memory: 208384K Free: 189148K (91%)
ptolemy.util.test.WatchDog.cancel(): canceling Tue Apr 02 04:14:44 UTC 2019
auto.tcl: Setting watchdog for 200 seconds at Tue Apr 02 04:14:44 UTC 2019
13 ms. Memory: 208384K Free: 185064K (89%)
ptolemy.util.test.WatchDog.cancel(): canceling Tue Apr 02 04:14:44 UTC 2019
------------------ testing $PTII/ptolemy/domains/de/test/auto/FSM7.xml
auto.tcl: Setting watchdog for 200 seconds at Tue Apr 02 04:14:44 UTC 2019
31 ms. Memory: 208384K Free: 189352K (91%)
ptolemy.util.test.WatchDog.cancel(): canceling Tue Apr 02 04:14:45 UTC 2019
auto.tcl: Setting watchdog for 200 seconds at Tue Apr 02 04:14:45 UTC 2019
23 ms. Memory: 208384K Free: 185267K (89%)
ptolemy.util.test.WatchDog.cancel(): canceling Tue Apr 02 04:14:45 UTC 2019
------------------ testing $PTII/ptolemy/domains/de/test/auto/Inspection.xml
auto.tcl: Setting watchdog for 200 seconds at Tue Apr 02 04:14:45 UTC 2019
37 ms. Memory: 208384K Free: 188522K (90%)
ptolemy.util.test.WatchDog.cancel(): canceling Tue Apr 02 04:14:45 UTC 2019
auto.tcl: Setting watchdog for 200 seconds at Tue Apr 02 04:14:45 UTC 2019
19 ms. Memory: 208384K Free: 186480K (89%)
ptolemy.util.test.WatchDog.cancel(): canceling Tue Apr 02 04:14:45 UTC 2019
------------------ testing $PTII/ptolemy/domains/de/test/auto/Iteration.xml
auto.tcl: Setting watchdog for 200 seconds at Tue Apr 02 04:14:45 UTC 2019
7 ms. Memory: 208384K Free: 196305K (94%)
ptolemy.util.test.WatchDog.cancel(): canceling Tue Apr 02 04:14:45 UTC 2019
auto.tcl: Setting watchdog for 200 seconds at Tue Apr 02 04:14:45 UTC 2019
7 ms. Memory: 208384K Free: 194263K (93%)
ptolemy.util.test.WatchDog.cancel(): canceling Tue Apr 02 04:14:45 UTC 2019
------------------ testing $PTII/ptolemy/domains/de/test/auto/LineFault.xml
auto.tcl: Setting watchdog for 200 seconds at Tue Apr 02 04:14:45 UTC 2019
811 ms. Memory: 208384K Free: 199515K (96%)
ptolemy.util.test.WatchDog.cancel(): canceling Tue Apr 02 04:14:46 UTC 2019
auto.tcl: Setting watchdog for 200 seconds at Tue Apr 02 04:14:46 UTC 2019
551 ms. Memory: 208384K Free: 142071K (68%)
ptolemy.util.test.WatchDog.cancel(): canceling Tue Apr 02 04:14:47 UTC 2019
------------------ testing $PTII/ptolemy/domains/de/test/auto/MergeModel1Add.xml
auto.tcl: Setting watchdog for 200 seconds at Tue Apr 02 04:14:47 UTC 2019
30 ms. Memory: 331264K Free: 300458K (91%)
ptolemy.util.test.WatchDog.cancel(): canceling Tue Apr 02 04:14:47 UTC 2019
auto.tcl: Setting watchdog for 200 seconds at Tue Apr 02 04:14:47 UTC 2019
9 ms. Memory: 331264K Free: 300458K (91%)
ptolemy.util.test.WatchDog.cancel(): canceling Tue Apr 02 04:14:47 UTC 2019
------------------ testing $PTII/ptolemy/domains/de/test/auto/MergeModel2Add.xml
auto.tcl: Setting watchdog for 200 seconds at Tue Apr 02 04:14:47 UTC 2019
10 ms. Memory: 331264K Free: 305397K (92%)
ptolemy.util.test.WatchDog.cancel(): canceling Tue Apr 02 04:14:47 UTC 2019
auto.tcl: Setting watchdog for 200 seconds at Tue Apr 02 04:14:47 UTC 2019
10 ms. Memory: 331264K Free: 301828K (91%)
ptolemy.util.test.WatchDog.cancel(): canceling Tue Apr 02 04:14:47 UTC 2019
------------------ testing $PTII/ptolemy/domains/de/test/auto/MergeModel3Add.xml
auto.tcl: Setting watchdog for 200 seconds at Tue Apr 02 04:14:47 UTC 2019
21 ms. Memory: 331264K Free: 305374K (92%)
ptolemy.util.test.WatchDog.cancel(): canceling Tue Apr 02 04:14:47 UTC 2019
auto.tcl: Setting watchdog for 200 seconds at Tue Apr 02 04:14:47 UTC 2019
7 ms. Memory: 331264K Free: 301805K (91%)
ptolemy.util.test.WatchDog.cancel(): canceling Tue Apr 02 04:14:47 UTC 2019
------------------ testing $PTII/ptolemy/domains/de/test/auto/MergeWithoutDiscard.xml
auto.tcl: Setting watchdog for 200 seconds at Tue Apr 02 04:14:47 UTC 2019
3 ms. Memory: 331264K Free: 315710K (95%)
ptolemy.util.test.WatchDog.cancel(): canceling Tue Apr 02 04:14:47 UTC 2019
auto.tcl: Setting watchdog for 200 seconds at Tue Apr 02 04:14:47 UTC 2019
1 ms. Memory: 331264K Free: 315710K (95%)
ptolemy.util.test.WatchDog.cancel(): canceling Tue Apr 02 04:14:47 UTC 2019
------------------ testing $PTII/ptolemy/domains/de/test/auto/Modal1.xml
auto.tcl: Setting watchdog for 200 seconds at Tue Apr 02 04:14:47 UTC 2019
18 ms. Memory: 331264K Free: 309981K (94%)
ptolemy.util.test.WatchDog.cancel(): canceling Tue Apr 02 04:14:47 UTC 2019
auto.tcl: Setting watchdog for 200 seconds at Tue Apr 02 04:14:47 UTC 2019
22 ms. Memory: 331264K Free: 306412K (92%)
ptolemy.util.test.WatchDog.cancel(): canceling Tue Apr 02 04:14:47 UTC 2019
------------------ testing $PTII/ptolemy/domains/de/test/auto/Modal2.xml
auto.tcl: Setting watchdog for 200 seconds at Tue Apr 02 04:14:47 UTC 2019
16 ms. Memory: 331264K Free: 309870K (94%)
ptolemy.util.test.WatchDog.cancel(): canceling Tue Apr 02 04:14:47 UTC 2019
auto.tcl: Setting watchdog for 200 seconds at Tue Apr 02 04:14:47 UTC 2019
20 ms. Memory: 331264K Free: 306300K (92%)
ptolemy.util.test.WatchDog.cancel(): canceling Tue Apr 02 04:14:47 UTC 2019
------------------ testing $PTII/ptolemy/domains/de/test/auto/Modal3.xml
auto.tcl: Setting watchdog for 200 seconds at Tue Apr 02 04:14:47 UTC 2019
12 ms. Memory: 331264K Free: 310527K (94%)
ptolemy.util.test.WatchDog.cancel(): canceling Tue Apr 02 04:14:48 UTC 2019
auto.tcl: Setting watchdog for 200 seconds at Tue Apr 02 04:14:48 UTC 2019
11 ms. Memory: 331264K Free: 306283K (92%)
ptolemy.util.test.WatchDog.cancel(): canceling Tue Apr 02 04:14:48 UTC 2019
------------------ testing $PTII/ptolemy/domains/de/test/auto/Modal4.xml
auto.tcl: Setting watchdog for 200 seconds at Tue Apr 02 04:14:48 UTC 2019
15 ms. Memory: 331264K Free: 309866K (94%)
ptolemy.util.test.WatchDog.cancel(): canceling Tue Apr 02 04:14:48 UTC 2019
auto.tcl: Setting watchdog for 200 seconds at Tue Apr 02 04:14:48 UTC 2019
17 ms. Memory: 331264K Free: 306297K (92%)
ptolemy.util.test.WatchDog.cancel(): canceling Tue Apr 02 04:14:48 UTC 2019
------------------ testing $PTII/ptolemy/domains/de/test/auto/Modal5.xml
auto.tcl: Setting watchdog for 200 seconds at Tue Apr 02 04:14:48 UTC 2019
15 ms. Memory: 331264K Free: 309853K (94%)
ptolemy.util.test.WatchDog.cancel(): canceling Tue Apr 02 04:14:48 UTC 2019
auto.tcl: Setting watchdog for 200 seconds at Tue Apr 02 04:14:48 UTC 2019
12 ms. Memory: 331264K Free: 306284K (92%)
ptolemy.util.test.WatchDog.cancel(): canceling Tue Apr 02 04:14:48 UTC 2019
------------------ testing $PTII/ptolemy/domains/de/test/auto/Modal6.xml
auto.tcl: Setting watchdog for 200 seconds at Tue Apr 02 04:14:48 UTC 2019
12 ms. Memory: 331264K Free: 309850K (94%)
ptolemy.util.test.WatchDog.cancel(): canceling Tue Apr 02 04:14:48 UTC 2019
auto.tcl: Setting watchdog for 200 seconds at Tue Apr 02 04:14:48 UTC 2019
12 ms. Memory: 331264K Free: 306281K (92%)
ptolemy.util.test.WatchDog.cancel(): canceling Tue Apr 02 04:14:48 UTC 2019
------------------ testing $PTII/ptolemy/domains/de/test/auto/Modal7.xml
auto.tcl: Setting watchdog for 200 seconds at Tue Apr 02 04:14:48 UTC 2019
20 ms. Memory: 331264K Free: 306282K (92%)
ptolemy.util.test.WatchDog.cancel(): canceling Tue Apr 02 04:14:48 UTC 2019
auto.tcl: Setting watchdog for 200 seconds at Tue Apr 02 04:14:48 UTC 2019
10 ms. Memory: 331264K Free: 302712K (91%)
ptolemy.util.test.WatchDog.cancel(): canceling Tue Apr 02 04:14:48 UTC 2019
------------------ testing $PTII/ptolemy/domains/de/test/auto/ModalModel.xml
auto.tcl: Setting watchdog for 200 seconds at Tue Apr 02 04:14:48 UTC 2019
187 ms. Memory: 331264K Free: 247501K (75%)
ptolemy.util.test.WatchDog.cancel(): canceling Tue Apr 02 04:14:48 UTC 2019
auto.tcl: Setting watchdog for 200 seconds at Tue Apr 02 04:14:48 UTC 2019
182 ms. Memory: 331264K Free: 190396K (57%)
ptolemy.util.test.WatchDog.cancel(): canceling Tue Apr 02 04:14:48 UTC 2019
------------------ testing $PTII/ptolemy/domains/de/test/auto/ModalSource.xml
auto.tcl: Setting watchdog for 200 seconds at Tue Apr 02 04:14:49 UTC 2019
6 ms. Memory: 331264K Free: 316570K (96%)
ptolemy.util.test.WatchDog.cancel(): canceling Tue Apr 02 04:14:49 UTC 2019
auto.tcl: Setting watchdog for 200 seconds at Tue Apr 02 04:14:49 UTC 2019
6 ms. Memory: 331264K Free: 313302K (95%)
ptolemy.util.test.WatchDog.cancel(): canceling Tue Apr 02 04:14:49 UTC 2019
------------------ testing $PTII/ptolemy/domains/de/test/auto/NonInterruptibleTimerZeroDelay.xml
auto.tcl: Setting watchdog for 200 seconds at Tue Apr 02 04:14:49 UTC 2019
4 ms. Memory: 331264K Free: 320491K (97%)
ptolemy.util.test.WatchDog.cancel(): canceling Tue Apr 02 04:14:49 UTC 2019
auto.tcl: Setting watchdog for 200 seconds at Tue Apr 02 04:14:49 UTC 2019
2 ms. Memory: 331264K Free: 317223K (96%)
ptolemy.util.test.WatchDog.cancel(): canceling Tue Apr 02 04:14:49 UTC 2019
------------------ testing $PTII/ptolemy/domains/de/test/auto/OpenQueueingNetwork.xml
auto.tcl: Setting watchdog for 200 seconds at Tue Apr 02 04:14:49 UTC 2019
2652 ms. Memory: 317952K Free: 169199K (53%)
ptolemy.util.test.WatchDog.cancel(): canceling Tue Apr 02 04:14:51 UTC 2019
auto.tcl: Setting watchdog for 200 seconds at Tue Apr 02 04:14:51 UTC 2019
1989 ms. Memory: 287232K Free: 261319K (91%)
ptolemy.util.test.WatchDog.cancel(): canceling Tue Apr 02 04:14:53 UTC 2019
------------------ testing $PTII/ptolemy/domains/de/test/auto/OpenQueuingNetwork.xml
auto.tcl: Setting watchdog for 200 seconds at Tue Apr 02 04:14:54 UTC 2019
219 ms. Memory: 287232K Free: 189925K (66%)
ptolemy.util.test.WatchDog.cancel(): canceling Tue Apr 02 04:14:54 UTC 2019
auto.tcl: Setting watchdog for 200 seconds at Tue Apr 02 04:14:54 UTC 2019
222 ms. Memory: 287232K Free: 129675K (45%)
ptolemy.util.test.WatchDog.cancel(): canceling Tue Apr 02 04:14:54 UTC 2019
------------------ testing $PTII/ptolemy/domains/de/test/auto/PeriodicSampler.xml
auto.tcl: Setting watchdog for 200 seconds at Tue Apr 02 04:14:54 UTC 2019
2 ms. Memory: 289792K Free: 276976K (96%)
ptolemy.util.test.WatchDog.cancel(): canceling Tue Apr 02 04:14:54 UTC 2019
auto.tcl: Setting watchdog for 200 seconds at Tue Apr 02 04:14:54 UTC 2019
2 ms. Memory: 289792K Free: 274081K (95%)
ptolemy.util.test.WatchDog.cancel(): canceling Tue Apr 02 04:14:54 UTC 2019
------------------ testing $PTII/ptolemy/domains/de/test/auto/PersistentIO.xml
auto.tcl: Setting watchdog for 200 seconds at Tue Apr 02 04:14:54 UTC 2019
13 ms. Memory: 287232K Free: 271447K (95%)
ptolemy.util.test.WatchDog.cancel(): canceling Tue Apr 02 04:14:54 UTC 2019
auto.tcl: Setting watchdog for 200 seconds at Tue Apr 02 04:14:54 UTC 2019
4 ms. Memory: 287232K Free: 268553K (93%)
ptolemy.util.test.WatchDog.cancel(): canceling Tue Apr 02 04:14:54 UTC 2019
------------------ testing $PTII/ptolemy/domains/de/test/auto/PortParameterResetOnInitialize.xml
auto.tcl: Setting watchdog for 200 seconds at Tue Apr 02 04:14:54 UTC 2019
2 ms. Memory: 289280K Free: 274186K (95%)
ptolemy.util.test.WatchDog.cancel(): canceling Tue Apr 02 04:14:54 UTC 2019
auto.tcl: Setting watchdog for 200 seconds at Tue Apr 02 04:14:54 UTC 2019
2 ms. Memory: 289280K Free: 274186K (95%)
ptolemy.util.test.WatchDog.cancel(): canceling Tue Apr 02 04:14:54 UTC 2019
------------------ testing $PTII/ptolemy/domains/de/test/auto/PortParameterUpdates.xml
auto.tcl: Setting watchdog for 200 seconds at Tue Apr 02 04:14:54 UTC 2019
8 ms. Memory: 287232K Free: 272116K (95%)
ptolemy.util.test.WatchDog.cancel(): canceling Tue Apr 02 04:14:54 UTC 2019
auto.tcl: Setting watchdog for 200 seconds at Tue Apr 02 04:14:54 UTC 2019
4 ms. Memory: 287232K Free: 269221K (94%)
ptolemy.util.test.WatchDog.cancel(): canceling Tue Apr 02 04:14:54 UTC 2019
------------------ testing $PTII/ptolemy/domains/de/test/auto/QueueAndServer.xml
auto.tcl: Setting watchdog for 200 seconds at Tue Apr 02 04:14:54 UTC 2019
13 ms. Memory: 289280K Free: 273292K (94%)
ptolemy.util.test.WatchDog.cancel(): canceling Tue Apr 02 04:14:54 UTC 2019
auto.tcl: Setting watchdog for 200 seconds at Tue Apr 02 04:14:54 UTC 2019
6 ms. Memory: 289280K Free: 273292K (94%)
ptolemy.util.test.WatchDog.cancel(): canceling Tue Apr 02 04:14:54 UTC 2019
------------------ testing $PTII/ptolemy/domains/de/test/auto/Records.xml
auto.tcl: Setting watchdog for 200 seconds at Tue Apr 02 04:14:55 UTC 2019
5 ms. Memory: 287232K Free: 274080K (95%)
ptolemy.util.test.WatchDog.cancel(): canceling Tue Apr 02 04:14:55 UTC 2019
auto.tcl: Setting watchdog for 200 seconds at Tue Apr 02 04:14:55 UTC 2019
2 ms. Memory: 287232K Free: 274080K (95%)
ptolemy.util.test.WatchDog.cancel(): canceling Tue Apr 02 04:14:55 UTC 2019
------------------ testing $PTII/ptolemy/domains/de/test/auto/ResetTransitionWithStartTime1.xml
auto.tcl: Setting watchdog for 200 seconds at Tue Apr 02 04:14:55 UTC 2019
17 ms. Memory: 288768K Free: 272778K (94%)
ptolemy.util.test.WatchDog.cancel(): canceling Tue Apr 02 04:14:55 UTC 2019
auto.tcl: Setting watchdog for 200 seconds at Tue Apr 02 04:14:55 UTC 2019
10 ms. Memory: 288768K Free: 272778K (94%)
ptolemy.util.test.WatchDog.cancel(): canceling Tue Apr 02 04:14:55 UTC 2019
------------------ testing $PTII/ptolemy/domains/de/test/auto/ResetTransitionWithStartTime2.xml
auto.tcl: Setting watchdog for 200 seconds at Tue Apr 02 04:14:55 UTC 2019
7 ms. Memory: 287232K Free: 271373K (94%)
ptolemy.util.test.WatchDog.cancel(): canceling Tue Apr 02 04:14:55 UTC 2019
auto.tcl: Setting watchdog for 200 seconds at Tue Apr 02 04:14:55 UTC 2019
7 ms. Memory: 287232K Free: 271373K (94%)
ptolemy.util.test.WatchDog.cancel(): canceling Tue Apr 02 04:14:55 UTC 2019
------------------ testing $PTII/ptolemy/domains/de/test/auto/ResetTransitionWithStartTime3.xml
auto.tcl: Setting watchdog for 200 seconds at Tue Apr 02 04:14:55 UTC 2019
7 ms. Memory: 288768K Free: 272753K (94%)
ptolemy.util.test.WatchDog.cancel(): canceling Tue Apr 02 04:14:55 UTC 2019
auto.tcl: Setting watchdog for 200 seconds at Tue Apr 02 04:14:55 UTC 2019
10 ms. Memory: 288768K Free: 272753K (94%)
ptolemy.util.test.WatchDog.cancel(): canceling Tue Apr 02 04:14:55 UTC 2019
------------------ testing $PTII/ptolemy/domains/de/test/auto/ResetTransitionWithStartTime4.xml
auto.tcl: Setting watchdog for 200 seconds at Tue Apr 02 04:14:55 UTC 2019
4 ms. Memory: 287232K Free: 271200K (94%)
ptolemy.util.test.WatchDog.cancel(): canceling Tue Apr 02 04:14:55 UTC 2019
auto.tcl: Setting watchdog for 200 seconds at Tue Apr 02 04:14:55 UTC 2019
3 ms. Memory: 287232K Free: 271200K (94%)
ptolemy.util.test.WatchDog.cancel(): canceling Tue Apr 02 04:14:55 UTC 2019
------------------ testing $PTII/ptolemy/domains/de/test/auto/ResettableTimer1.xml
auto.tcl: Setting watchdog for 200 seconds at Tue Apr 02 04:14:55 UTC 2019
6 ms. Memory: 288768K Free: 275626K (95%)
ptolemy.util.test.WatchDog.cancel(): canceling Tue Apr 02 04:14:55 UTC 2019
auto.tcl: Setting watchdog for 200 seconds at Tue Apr 02 04:14:55 UTC 2019
2 ms. Memory: 288768K Free: 275626K (95%)
ptolemy.util.test.WatchDog.cancel(): canceling Tue Apr 02 04:14:55 UTC 2019
------------------ testing $PTII/ptolemy/domains/de/test/auto/ResettableTimer2.xml
auto.tcl: Setting watchdog for 200 seconds at Tue Apr 02 04:14:55 UTC 2019
5 ms. Memory: 287232K Free: 274311K (96%)
ptolemy.util.test.WatchDog.cancel(): canceling Tue Apr 02 04:14:55 UTC 2019
auto.tcl: Setting watchdog for 200 seconds at Tue Apr 02 04:14:55 UTC 2019
2 ms. Memory: 287232K Free: 274311K (96%)
ptolemy.util.test.WatchDog.cancel(): canceling Tue Apr 02 04:14:55 UTC 2019
------------------ testing $PTII/ptolemy/domains/de/test/auto/ResettableTimer3.xml
auto.tcl: Setting watchdog for 200 seconds at Tue Apr 02 04:14:55 UTC 2019
1 ms. Memory: 288256K Free: 275187K (95%)
ptolemy.util.test.WatchDog.cancel(): canceling Tue Apr 02 04:14:55 UTC 2019
auto.tcl: Setting watchdog for 200 seconds at Tue Apr 02 04:14:55 UTC 2019
1 ms. Memory: 288256K Free: 275187K (95%)
ptolemy.util.test.WatchDog.cancel(): canceling Tue Apr 02 04:14:55 UTC 2019
------------------ testing $PTII/ptolemy/domains/de/test/auto/ResettableTimer4.xml
auto.tcl: Setting watchdog for 200 seconds at Tue Apr 02 04:14:55 UTC 2019
2 ms. Memory: 287232K Free: 274331K (96%)
ptolemy.util.test.WatchDog.cancel(): canceling Tue Apr 02 04:14:55 UTC 2019
auto.tcl: Setting watchdog for 200 seconds at Tue Apr 02 04:14:55 UTC 2019
1 ms. Memory: 287232K Free: 274331K (96%)
ptolemy.util.test.WatchDog.cancel(): canceling Tue Apr 02 04:14:55 UTC 2019
------------------ testing $PTII/ptolemy/domains/de/test/auto/ResettableTimer5.xml
auto.tcl: Setting watchdog for 200 seconds at Tue Apr 02 04:14:55 UTC 2019
1 ms. Memory: 288256K Free: 273295K (95%)
ptolemy.util.test.WatchDog.cancel(): canceling Tue Apr 02 04:14:55 UTC 2019
auto.tcl: Setting watchdog for 200 seconds at Tue Apr 02 04:14:55 UTC 2019
1 ms. Memory: 288256K Free: 273295K (95%)
ptolemy.util.test.WatchDog.cancel(): canceling Tue Apr 02 04:14:55 UTC 2019
------------------ testing $PTII/ptolemy/domains/de/test/auto/ResettableTimer6.xml
auto.tcl: Setting watchdog for 200 seconds at Tue Apr 02 04:14:55 UTC 2019
2 ms. Memory: 287232K Free: 272049K (95%)
ptolemy.util.test.WatchDog.cancel(): canceling Tue Apr 02 04:14:55 UTC 2019
auto.tcl: Setting watchdog for 200 seconds at Tue Apr 02 04:14:55 UTC 2019
1 ms. Memory: 287232K Free: 272049K (95%)
ptolemy.util.test.WatchDog.cancel(): canceling Tue Apr 02 04:14:55 UTC 2019
------------------ testing $PTII/ptolemy/domains/de/test/auto/ServerZeroDelay.xml
auto.tcl: Setting watchdog for 200 seconds at Tue Apr 02 04:14:55 UTC 2019
8 ms. Memory: 288256K Free: 275278K (95%)
ptolemy.util.test.WatchDog.cancel(): canceling Tue Apr 02 04:14:55 UTC 2019
auto.tcl: Setting watchdog for 200 seconds at Tue Apr 02 04:14:55 UTC 2019
3 ms. Memory: 288256K Free: 275278K (95%)
ptolemy.util.test.WatchDog.cancel(): canceling Tue Apr 02 04:14:55 UTC 2019
------------------ testing $PTII/ptolemy/domains/de/test/auto/SmartSender.xml
auto.tcl: Setting watchdog for 200 seconds at Tue Apr 02 04:14:55 UTC 2019
3002 ms. Memory: 287232K Free: 272191K (95%)
ptolemy.util.test.WatchDog.cancel(): canceling Tue Apr 02 04:14:58 UTC 2019
auto.tcl: Setting watchdog for 200 seconds at Tue Apr 02 04:14:58 UTC 2019
3001 ms. Memory: 287232K Free: 272191K (95%)
ptolemy.util.test.WatchDog.cancel(): canceling Tue Apr 02 04:15:01 UTC 2019
------------------ testing $PTII/ptolemy/domains/de/test/auto/ThreadedComposite.xml
auto.tcl: Setting watchdog for 200 seconds at Tue Apr 02 04:15:01 UTC 2019
220 ms. Memory: 288256K Free: 252071K (87%)
ptolemy.util.test.WatchDog.cancel(): canceling Tue Apr 02 04:15:02 UTC 2019
auto.tcl: Setting watchdog for 200 seconds at Tue Apr 02 04:15:02 UTC 2019
158 ms. Memory: 288256K Free: 236843K (82%)
ptolemy.util.test.WatchDog.cancel(): canceling Tue Apr 02 04:15:02 UTC 2019
------------------ testing $PTII/ptolemy/domains/de/test/auto/Time.xml
auto.tcl: Setting watchdog for 200 seconds at Tue Apr 02 04:15:02 UTC 2019
501 ms. Memory: 287232K Free: 222362K (77%)
ptolemy.util.test.WatchDog.cancel(): canceling Tue Apr 02 04:15:03 UTC 2019
auto.tcl: Setting watchdog for 200 seconds at Tue Apr 02 04:15:03 UTC 2019
438 ms. Memory: 287232K Free: 170547K (59%)
ptolemy.util.test.WatchDog.cancel(): canceling Tue Apr 02 04:15:03 UTC 2019
------------------ testing $PTII/ptolemy/domains/de/test/auto/TimeDelayZeroDelay.xml
auto.tcl: Setting watchdog for 200 seconds at Tue Apr 02 04:15:03 UTC 2019
2 ms. Memory: 287744K Free: 275196K (96%)
ptolemy.util.test.WatchDog.cancel(): canceling Tue Apr 02 04:15:03 UTC 2019
auto.tcl: Setting watchdog for 200 seconds at Tue Apr 02 04:15:03 UTC 2019
2 ms. Memory: 287744K Free: 275196K (96%)
ptolemy.util.test.WatchDog.cancel(): canceling Tue Apr 02 04:15:03 UTC 2019
------------------ testing $PTII/ptolemy/domains/de/test/auto/TimerZeroDelay.xml
auto.tcl: Setting watchdog for 200 seconds at Tue Apr 02 04:15:03 UTC 2019
4 ms. Memory: 287232K Free: 274814K (96%)
ptolemy.util.test.WatchDog.cancel(): canceling Tue Apr 02 04:15:03 UTC 2019
auto.tcl: Setting watchdog for 200 seconds at Tue Apr 02 04:15:03 UTC 2019
2 ms. Memory: 287232K Free: 274814K (96%)
ptolemy.util.test.WatchDog.cancel(): canceling Tue Apr 02 04:15:03 UTC 2019
------------------ testing $PTII/ptolemy/domains/de/test/auto/TimingParadox.xml
auto.tcl: Setting watchdog for 200 seconds at Tue Apr 02 04:15:03 UTC 2019
354 ms. Memory: 287744K Free: 211231K (73%)
ptolemy.util.test.WatchDog.cancel(): canceling Tue Apr 02 04:15:04 UTC 2019
auto.tcl: Setting watchdog for 200 seconds at Tue Apr 02 04:15:04 UTC 2019
347 ms. Memory: 287744K Free: 177699K (62%)
ptolemy.util.test.WatchDog.cancel(): canceling Tue Apr 02 04:15:04 UTC 2019
------------------ testing $PTII/ptolemy/domains/de/test/auto/TransferInputs.xml
auto.tcl: Setting watchdog for 200 seconds at Tue Apr 02 04:15:04 UTC 2019
2 ms. Memory: 287744K Free: 274248K (95%)
ptolemy.util.test.WatchDog.cancel(): canceling Tue Apr 02 04:15:04 UTC 2019
auto.tcl: Setting watchdog for 200 seconds at Tue Apr 02 04:15:04 UTC 2019
2 ms. Memory: 287744K Free: 274248K (95%)
ptolemy.util.test.WatchDog.cancel(): canceling Tue Apr 02 04:15:04 UTC 2019
------------------ testing $PTII/ptolemy/domains/de/test/auto/TransferOutputs2.xml
auto.tcl: Setting watchdog for 200 seconds at Tue Apr 02 04:15:04 UTC 2019
3 ms. Memory: 287232K Free: 270195K (94%)
ptolemy.util.test.WatchDog.cancel(): canceling Tue Apr 02 04:15:04 UTC 2019
auto.tcl: Setting watchdog for 200 seconds at Tue Apr 02 04:15:04 UTC 2019
3 ms. Memory: 287232K Free: 267580K (93%)
ptolemy.util.test.WatchDog.cancel(): canceling Tue Apr 02 04:15:04 UTC 2019
------------------ testing $PTII/ptolemy/domains/de/test/auto/Trilateration.xml
auto.tcl: Setting watchdog for 200 seconds at Tue Apr 02 04:15:04 UTC 2019
12641 ms. Memory: 793088K Free: 86626K (11%)
ptolemy.util.test.WatchDog.cancel(): canceling Tue Apr 02 04:15:18 UTC 2019
auto.tcl: Setting watchdog for 200 seconds at Tue Apr 02 04:15:18 UTC 2019
10309 ms. Memory: 639488K Free: 580989K (91%)
ptolemy.util.test.WatchDog.cancel(): canceling Tue Apr 02 04:15:28 UTC 2019
------------------ testing $PTII/ptolemy/domains/de/test/auto/TwoSigmaDelta.xml
auto.tcl: Setting watchdog for 200 seconds at Tue Apr 02 04:15:28 UTC 2019
2658 ms. Memory: 643072K Free: 327816K (51%)
ptolemy.util.test.WatchDog.cancel(): canceling Tue Apr 02 04:15:31 UTC 2019
auto.tcl: Setting watchdog for 200 seconds at Tue Apr 02 04:15:31 UTC 2019
2081 ms. Memory: 643072K Free: 96663K (15%)
ptolemy.util.test.WatchDog.cancel(): canceling Tue Apr 02 04:15:33 UTC 2019
------------------ testing $PTII/ptolemy/domains/de/test/auto/VariableDelay.xml
auto.tcl: Setting watchdog for 200 seconds at Tue Apr 02 04:15:33 UTC 2019
2 ms. Memory: 640000K Free: 614768K (96%)
ptolemy.util.test.WatchDog.cancel(): canceling Tue Apr 02 04:15:33 UTC 2019
auto.tcl: Setting watchdog for 200 seconds at Tue Apr 02 04:15:33 UTC 2019
2 ms. Memory: 640000K Free: 614768K (96%)
ptolemy.util.test.WatchDog.cancel(): canceling Tue Apr 02 04:15:33 UTC 2019
------------------ testing $PTII/ptolemy/domains/de/test/auto/VariableDelay2.xml
auto.tcl: Setting watchdog for 200 seconds at Tue Apr 02 04:15:33 UTC 2019
5 ms. Memory: 639488K Free: 619787K (97%)
ptolemy.util.test.WatchDog.cancel(): canceling Tue Apr 02 04:15:33 UTC 2019
auto.tcl: Setting watchdog for 200 seconds at Tue Apr 02 04:15:33 UTC 2019
2 ms. Memory: 639488K Free: 619787K (97%)
ptolemy.util.test.WatchDog.cancel(): canceling Tue Apr 02 04:15:33 UTC 2019
------------------ testing $PTII/ptolemy/domains/de/test/auto/VariableDelayZeroDelay.xml
auto.tcl: Setting watchdog for 200 seconds at Tue Apr 02 04:15:33 UTC 2019
2 ms. Memory: 639488K Free: 614204K (96%)
ptolemy.util.test.WatchDog.cancel(): canceling Tue Apr 02 04:15:33 UTC 2019
auto.tcl: Setting watchdog for 200 seconds at Tue Apr 02 04:15:33 UTC 2019
2 ms. Memory: 639488K Free: 614204K (96%)
ptolemy.util.test.WatchDog.cancel(): canceling Tue Apr 02 04:15:33 UTC 2019
------------------ testing $PTII/ptolemy/domains/de/test/auto/VariableDelayZeroDelay2.xml
auto.tcl: Setting watchdog for 200 seconds at Tue Apr 02 04:15:33 UTC 2019
3 ms. Memory: 642048K Free: 616762K (96%)
ptolemy.util.test.WatchDog.cancel(): canceling Tue Apr 02 04:15:33 UTC 2019
auto.tcl: Setting watchdog for 200 seconds at Tue Apr 02 04:15:33 UTC 2019
2 ms. Memory: 642048K Free: 616762K (96%)
ptolemy.util.test.WatchDog.cancel(): canceling Tue Apr 02 04:15:33 UTC 2019
------------------ testing $PTII/ptolemy/domains/de/test/auto/deInCt.xml
auto.tcl: Setting watchdog for 200 seconds at Tue Apr 02 04:15:33 UTC 2019
0
1
1
0
0
0
0
1
1
1
1
1
0
0
0
0
1
1
1
0
0
0
1
1
1
0
0
0
0
1
1
1
0
0
0
1
1
1
0
0
0
1
1
1
0
0
1
1
1
1
18 ms. Memory: 639488K Free: 614178K (96%)
ptolemy.util.test.WatchDog.cancel(): canceling Tue Apr 02 04:15:33 UTC 2019
auto.tcl: Setting watchdog for 200 seconds at Tue Apr 02 04:15:33 UTC 2019
0
1
1
1
1
1
1
1
0
0
0
0
0
0
1
1
1
1
1
4 ms. Memory: 639488K Free: 614178K (96%)
ptolemy.util.test.WatchDog.cancel(): canceling Tue Apr 02 04:15:33 UTC 2019
------------------ testing $PTII/ptolemy/domains/de/test/auto/deInCt2.xml
auto.tcl: Setting watchdog for 200 seconds at Tue Apr 02 04:15:33 UTC 2019
0
1
1
1
0
0
1
1
1
0
0
1
1
1
0
0
1
1
1
0
0
1
1
1
0
0
1
1
1
0
0
1
1
1
0
0
1
1
1
0
0
0
4 ms. Memory: 642048K Free: 616738K (96%)
ptolemy.util.test.WatchDog.cancel(): canceling Tue Apr 02 04:15:33 UTC 2019
auto.tcl: Setting watchdog for 200 seconds at Tue Apr 02 04:15:33 UTC 2019
0
1
1
1
0
0
1
1
1
0
0
1
1
1
0
0
1
1
1
0
0
1
1
1
0
0
1
1
1
0
0
1
1
1
0
0
1
1
1
0
0
0
5 ms. Memory: 642048K Free: 616738K (96%)
ptolemy.util.test.WatchDog.cancel(): canceling Tue Apr 02 04:15:33 UTC 2019
------------------ testing $PTII/ptolemy/domains/de/test/auto/dynamicCausalityInterface1.xml
auto.tcl: Setting watchdog for 200 seconds at Tue Apr 02 04:15:33 UTC 2019
3 ms. Memory: 639488K Free: 611387K (96%)
ptolemy.util.test.WatchDog.cancel(): canceling Tue Apr 02 04:15:34 UTC 2019
auto.tcl: Setting watchdog for 200 seconds at Tue Apr 02 04:15:34 UTC 2019
1 ms. Memory: 639488K Free: 611387K (96%)
ptolemy.util.test.WatchDog.cancel(): canceling Tue Apr 02 04:15:34 UTC 2019
------------------ testing $PTII/ptolemy/domains/de/test/auto/fsm_de_test.xml
auto.tcl: Setting watchdog for 200 seconds at Tue Apr 02 04:15:34 UTC 2019
6 ms. Memory: 641536K Free: 616137K (96%)
ptolemy.util.test.WatchDog.cancel(): canceling Tue Apr 02 04:15:34 UTC 2019
auto.tcl: Setting watchdog for 200 seconds at Tue Apr 02 04:15:34 UTC 2019
5 ms. Memory: 641536K Free: 607733K (95%)
ptolemy.util.test.WatchDog.cancel(): canceling Tue Apr 02 04:15:34 UTC 2019
------------------ testing $PTII/ptolemy/domains/de/test/auto/functionDependencyReconstruction.xml
auto.tcl: Setting watchdog for 200 seconds at Tue Apr 02 04:15:34 UTC 2019
2 ms. Memory: 639488K Free: 605676K (95%)
ptolemy.util.test.WatchDog.cancel(): canceling Tue Apr 02 04:15:34 UTC 2019
auto.tcl: Setting watchdog for 200 seconds at Tue Apr 02 04:15:34 UTC 2019
1 ms. Memory: 639488K Free: 605676K (95%)
ptolemy.util.test.WatchDog.cancel(): canceling Tue Apr 02 04:15:34 UTC 2019
------------------ testing $PTII/ptolemy/domains/de/test/auto/multirate.xml
auto.tcl: Setting watchdog for 200 seconds at Tue Apr 02 04:15:34 UTC 2019
5 ms. Memory: 641024K Free: 621051K (97%)
ptolemy.util.test.WatchDog.cancel(): canceling Tue Apr 02 04:15:34 UTC 2019
auto.tcl: Setting watchdog for 200 seconds at Tue Apr 02 04:15:34 UTC 2019
3 ms. Memory: 641024K Free: 621051K (97%)
ptolemy.util.test.WatchDog.cancel(): canceling Tue Apr 02 04:15:34 UTC 2019
------------------ testing $PTII/ptolemy/domains/de/test/auto/multirate2.xml
auto.tcl: Setting watchdog for 200 seconds at Tue Apr 02 04:15:34 UTC 2019
6 ms. Memory: 639488K Free: 619723K (97%)
ptolemy.util.test.WatchDog.cancel(): canceling Tue Apr 02 04:15:34 UTC 2019
auto.tcl: Setting watchdog for 200 seconds at Tue Apr 02 04:15:34 UTC 2019
3 ms. Memory: 639488K Free: 619723K (97%)
ptolemy.util.test.WatchDog.cancel(): canceling Tue Apr 02 04:15:34 UTC 2019
------------------ testing $PTII/ptolemy/domains/de/test/auto/realtime.xml
auto.tcl: Setting watchdog for 200 seconds at Tue Apr 02 04:15:34 UTC 2019
10005 ms. Memory: 641024K Free: 615656K (96%)
ptolemy.util.test.WatchDog.cancel(): canceling Tue Apr 02 04:15:44 UTC 2019
auto.tcl: Setting watchdog for 200 seconds at Tue Apr 02 04:15:44 UTC 2019
10002 ms. Memory: 641024K Free: 615656K (96%)
ptolemy.util.test.WatchDog.cancel(): canceling Tue Apr 02 04:15:54 UTC 2019
------------------ testing $PTII/ptolemy/domains/de/test/auto/relationGroup.xml
auto.tcl: Setting watchdog for 200 seconds at Tue Apr 02 04:15:54 UTC 2019
8 ms. Memory: 639488K Free: 619746K (97%)
ptolemy.util.test.WatchDog.cancel(): canceling Tue Apr 02 04:15:54 UTC 2019
auto.tcl: Setting watchdog for 200 seconds at Tue Apr 02 04:15:54 UTC 2019
1 ms. Memory: 639488K Free: 619746K (97%)
ptolemy.util.test.WatchDog.cancel(): canceling Tue Apr 02 04:15:54 UTC 2019
------------------ testing $PTII/ptolemy/domains/de/test/auto/relationGroup2.xml
auto.tcl: Setting watchdog for 200 seconds at Tue Apr 02 04:15:54 UTC 2019
1 ms. Memory: 641024K Free: 615728K (96%)
ptolemy.util.test.WatchDog.cancel(): canceling Tue Apr 02 04:15:54 UTC 2019
auto.tcl: Setting watchdog for 200 seconds at Tue Apr 02 04:15:54 UTC 2019
1 ms. Memory: 641024K Free: 615728K (96%)
ptolemy.util.test.WatchDog.cancel(): canceling Tue Apr 02 04:15:54 UTC 2019
------------------ testing $PTII/ptolemy/domains/de/test/auto/sortWithOpaquePorts.xml
auto.tcl: Setting watchdog for 200 seconds at Tue Apr 02 04:15:54 UTC 2019
1 ms. Memory: 639488K Free: 614193K (96%)
ptolemy.util.test.WatchDog.cancel(): canceling Tue Apr 02 04:15:54 UTC 2019
auto.tcl: Setting watchdog for 200 seconds at Tue Apr 02 04:15:54 UTC 2019
2 ms. Memory: 639488K Free: 614193K (96%)
ptolemy.util.test.WatchDog.cancel(): canceling Tue Apr 02 04:15:54 UTC 2019
------------------ testing $PTII/ptolemy/domains/de/test/auto/transferInputsandOutputs.xml
auto.tcl: Setting watchdog for 200 seconds at Tue Apr 02 04:15:54 UTC 2019
2 ms. Memory: 640512K Free: 615205K (96%)
ptolemy.util.test.WatchDog.cancel(): canceling Tue Apr 02 04:15:54 UTC 2019
auto.tcl: Setting watchdog for 200 seconds at Tue Apr 02 04:15:54 UTC 2019
3 ms. Memory: 640512K Free: 615205K (96%)
ptolemy.util.test.WatchDog.cancel(): canceling Tue Apr 02 04:15:54 UTC 2019
------------------ testing $PTII/ptolemy/domains/de/test/auto/triggerType.xml
auto.tcl: Setting watchdog for 200 seconds at Tue Apr 02 04:15:54 UTC 2019
1 ms. Memory: 639488K Free: 614130K (96%)
ptolemy.util.test.WatchDog.cancel(): canceling Tue Apr 02 04:15:54 UTC 2019
auto.tcl: Setting watchdog for 200 seconds at Tue Apr 02 04:15:54 UTC 2019
2 ms. Memory: 639488K Free: 614130K (96%)
ptolemy.util.test.WatchDog.cancel(): canceling Tue Apr 02 04:15:54 UTC 2019
04/02/19 04:15:54
Failed: 0  Total Tests: 192  ((Passed: 187, Newly Passed: 1)  Known Failed: 5) /home/travis/build/icyphy/ptII/ptolemy/domains/de/test
04/02/19 04:15:54
Failed: 0  Total Tests: 192  ((Passed: 187, Newly Passed: 1)  Known Failed: 5) /home/travis/build/icyphy/ptII/ptolemy/domains/de/test
----------------- testing (KnownFailure) /home/travis/build/icyphy/ptII/ptolemy/domains/de/test/auto/knownFailedTests/DESDFClockTest.xml
2012 ms. Memory: 640512K Free: 604025K (94%)
Known Failure: java.lang.reflect.InvocationTargetException
----------------- testing (KnownFailure) /home/travis/build/icyphy/ptII/ptolemy/domains/de/test/auto/knownFailedTests/DirectFeedback.xml
2 ms. Memory: 640512K Free: 559378K (87%)
Known Failure: java.lang.reflect.InvocationTargetException
----------------- testing (KnownFailure) /home/travis/build/icyphy/ptII/ptolemy/domains/de/test/auto/knownFailedTests/FSMSource.xml
7 ms. Memory: 640512K Free: 514732K (80%)
----------------- testing (KnownFailure) /home/travis/build/icyphy/ptII/ptolemy/domains/de/test/auto/knownFailedTests/HierarchicalModel.xml
3 ms. Memory: 640512K Free: 481239K (75%)
Known Failure: java.lang.reflect.InvocationTargetException
----------------- testing (KnownFailure) /home/travis/build/icyphy/ptII/ptolemy/domains/de/test/auto/knownFailedTests/dependencyLoop.xml
2 ms. Memory: 640512K Free: 425415K (66%)
Known Failure: java.lang.reflect.InvocationTargetException
----------------- testing (KnownFailure) /home/travis/build/icyphy/ptII/ptolemy/domains/de/test/auto/knownFailedTests/dependencyLoop2.xml
2 ms. Memory: 640512K Free: 369590K (58%)
Known Failure: java.lang.reflect.InvocationTargetException
No auto/linux-amd64/*.xml tests in /home/travis/build/icyphy/ptII/ptolemy/domains/de/test
AutoTests.java: About to close Vertx.
AutoTests.java: Vertx closed.

===========================================================================================
----------------- testing Tue Apr 02 04:15:57 UTC 2019 /home/travis/build/icyphy/ptII/ptolemy/domains/de/test/auto/ActorDepthCalculation_actorWithoutPorts.xml
----------------- Instantiating /home/travis/build/icyphy/ptII/ptolemy/domains/de/test/auto/ActorDepthCalculation_actorWithoutPorts.xml
2 ms. Memory: 640512K Free: 313782K (49%)
----------------- Invoking toplevel() on ptolemy.moml.MoMLSimpleApplication@7e4848cb
----------------- Done invoking toplevel() on ptolemy.moml.MoMLSimpleApplication@7e4848cb
reloadAllAccessors: .ActorDepthCalculation_actorWithoutPorts

===========================================================================================
----------------- testing Tue Apr 02 04:15:57 UTC 2019 /home/travis/build/icyphy/ptII/ptolemy/domains/de/test/auto/AssemblyLine.xml
----------------- Instantiating /home/travis/build/icyphy/ptII/ptolemy/domains/de/test/auto/AssemblyLine.xml
2 ms. Memory: 640512K Free: 291459K (46%)
----------------- Invoking toplevel() on ptolemy.moml.MoMLSimpleApplication@7e5b007
----------------- Done invoking toplevel() on ptolemy.moml.MoMLSimpleApplication@7e5b007
reloadAllAccessors: .AssemblyLine

===========================================================================================
----------------- testing Tue Apr 02 04:15:57 UTC 2019 /home/travis/build/icyphy/ptII/ptolemy/domains/de/test/auto/CQBug1.xml
----------------- Instantiating /home/travis/build/icyphy/ptII/ptolemy/domains/de/test/auto/CQBug1.xml
0 ms. Memory: 640512K Free: 269136K (42%)
----------------- Invoking toplevel() on ptolemy.moml.MoMLSimpleApplication@4db05b7e
----------------- Done invoking toplevel() on ptolemy.moml.MoMLSimpleApplication@4db05b7e
reloadAllAccessors: .CQBug1

===========================================================================================
----------------- testing Tue Apr 02 04:15:57 UTC 2019 /home/travis/build/icyphy/ptII/ptolemy/domains/de/test/auto/CancelFireAt.xml
----------------- Instantiating /home/travis/build/icyphy/ptII/ptolemy/domains/de/test/auto/CancelFireAt.xml
1 ms. Memory: 640512K Free: 246812K (39%)
----------------- Invoking toplevel() on ptolemy.moml.MoMLSimpleApplication@45d2bbb
----------------- Done invoking toplevel() on ptolemy.moml.MoMLSimpleApplication@45d2bbb
reloadAllAccessors: .CancelFireAt

===========================================================================================
----------------- testing Tue Apr 02 04:15:57 UTC 2019 /home/travis/build/icyphy/ptII/ptolemy/domains/de/test/auto/CausalityAndComposabilityAnalysis.xml
----------------- Instantiating /home/travis/build/icyphy/ptII/ptolemy/domains/de/test/auto/CausalityAndComposabilityAnalysis.xml
3 ms. Memory: 640512K Free: 224489K (35%)
----------------- Invoking toplevel() on ptolemy.moml.MoMLSimpleApplication@1f0d57e6
----------------- Done invoking toplevel() on ptolemy.moml.MoMLSimpleApplication@1f0d57e6
reloadAllAccessors: .CausalityAndComposabilityAnalysis

===========================================================================================
----------------- testing Tue Apr 02 04:15:57 UTC 2019 /home/travis/build/icyphy/ptII/ptolemy/domains/de/test/auto/CausalityInterface1.xml
----------------- Instantiating /home/travis/build/icyphy/ptII/ptolemy/domains/de/test/auto/CausalityInterface1.xml
5 ms. Memory: 640512K Free: 202166K (32%)
----------------- Invoking toplevel() on ptolemy.moml.MoMLSimpleApplication@70030984
----------------- Done invoking toplevel() on ptolemy.moml.MoMLSimpleApplication@70030984
reloadAllAccessors: .CausalityInterface1

===========================================================================================
----------------- testing Tue Apr 02 04:15:57 UTC 2019 /home/travis/build/icyphy/ptII/ptolemy/domains/de/test/auto/CausalityInterface15.xml
----------------- Instantiating /home/travis/build/icyphy/ptII/ptolemy/domains/de/test/auto/CausalityInterface15.xml
2 ms. Memory: 640512K Free: 179843K (28%)
----------------- Invoking toplevel() on ptolemy.moml.MoMLSimpleApplication@28090060
----------------- Done invoking toplevel() on ptolemy.moml.MoMLSimpleApplication@28090060
reloadAllAccessors: .CausalityInterface15

[...]
java.lang.RuntimeException: Execution failed
	at ptolemy.moml.MoMLSimpleApplication$UnloadThread.run(MoMLSimpleApplication.java:402)
Caused by: ptolemy.kernel.util.IllegalActionException: Test fails in iteration 1.
Value was: 1.0. Should have been: 2.0
  in .DirectFeedback.Test
	at ptolemy.actor.lib.Test.fire(Test.java:268)
	at ptolemy.domains.de.kernel.DEDirector._fire(DEDirector.java:1949)
	at ptolemy.domains.de.kernel.DEDirector.fire(DEDirector.java:502)
	at ptolemy.actor.CompositeActor.fire(CompositeActor.java:455)
	at ptolemy.actor.Manager.iterate(Manager.java:851)
	at ptolemy.actor.Manager.execute(Manager.java:369)
	at ptolemy.actor.Manager.run(Manager.java:1263)
	at ptolemy.actor.Manager$PtolemyRunThread.run(Manager.java:1915)
java.lang.RuntimeException: Execution failed
	at ptolemy.moml.MoMLSimpleApplication$UnloadThread.run(MoMLSimpleApplication.java:402)
Caused by: ptolemy.kernel.util.IllegalActionException: Actor is not ready to fire.  Perhaps UpSample.prefire() returned false? Try debugging the actor by selecting "Listen to Actor".  Also, for SDF check moml for tokenConsumptionRate on input.
  in .DESDFClockTest.Play Bell.Copy1:SDF Director and .DESDFClockTest.Play Bell.UpSample
	at ptolemy.actor.sched.StaticSchedulingDirector.fire(StaticSchedulingDirector.java:227)
	at ptolemy.domains.sdf.kernel.SDFDirector.fire(SDFDirector.java:500)
	at ptolemy.actor.CompositeActor.fire(CompositeActor.java:455)
	at ptolemy.domains.de.kernel.DEDirector._fire(DEDirector.java:1949)
	at ptolemy.domains.de.kernel.DEDirector.fire(DEDirector.java:502)
	at ptolemy.actor.CompositeActor.fire(CompositeActor.java:455)
	at ptolemy.actor.Manager.iterate(Manager.java:851)
	at ptolemy.actor.Manager.execute(Manager.java:369)
	at ptolemy.actor.Manager.run(Manager.java:1263)
	at ptolemy.actor.Manager$PtolemyRunThread.run(Manager.java:1915)
java.lang.reflect.InvocationTargetException
	at sun.reflect.NativeConstructorAccessorImpl.newInstance0(Native Method)
	at sun.reflect.NativeConstructorAccessorImpl.newInstance(NativeConstructorAccessorImpl.java:62)
	at sun.reflect.DelegatingConstructorAccessorImpl.newInstance(DelegatingConstructorAccessorImpl.java:45)
	at java.lang.reflect.Constructor.newInstance(Constructor.java:423)
	at ptolemy.util.test.junit.AutoKnownFailedTests.RunModel(AutoKnownFailedTests.java:105)
	at sun.reflect.NativeMethodAccessorImpl.invoke0(Native Method)
	at sun.reflect.NativeMethodAccessorImpl.invoke(NativeMethodAccessorImpl.java:62)
	at sun.reflect.DelegatingMethodAccessorImpl.invoke(DelegatingMethodAccessorImpl.java:43)
	at java.lang.reflect.Method.invoke(Method.java:498)
	at org.junit.runners.model.FrameworkMethod$1.runReflectiveCall(FrameworkMethod.java:44)
	at org.junit.internal.runners.model.ReflectiveCallable.run(ReflectiveCallable.java:15)
	at org.junit.runners.model.FrameworkMethod.invokeExplosively(FrameworkMethod.java:41)
	at junitparams.internal.InvokeParameterisedMethod.evaluate(InvokeParameterisedMethod.java:102)
	at org.junit.internal.runners.statements.FailOnTimeout$1.run(FailOnTimeout.java:28)
Caused by: ptolemy.kernel.util.IllegalActionException: Actor is not ready to fire.  Perhaps UpSample.prefire() returned false? Try debugging the actor by selecting "Listen to Actor".  Also, for SDF check moml for tokenConsumptionRate on input.
  in .DESDFClockTest.Play Bell.Copy1:SDF Director and .DESDFClockTest.Play Bell.UpSample
	at ptolemy.actor.sched.StaticSchedulingDirector.fire(StaticSchedulingDirector.java:227)
	at ptolemy.domains.sdf.kernel.SDFDirector.fire(SDFDirector.java:500)
	at ptolemy.actor.CompositeActor.fire(CompositeActor.java:455)
	at ptolemy.domains.de.kernel.DEDirector._fire(DEDirector.java:1949)
	at ptolemy.domains.de.kernel.DEDirector.fire(DEDirector.java:502)
	at ptolemy.actor.CompositeActor.fire(CompositeActor.java:455)
	at ptolemy.actor.Manager.iterate(Manager.java:851)
	at ptolemy.actor.Manager.execute(Manager.java:369)
	at ptolemy.actor.Manager.run(Manager.java:1263)
	at ptolemy.actor.Manager$PtolemyRunThread.run(Manager.java:1915)
java.lang.RuntimeException: Execution failed
	at ptolemy.moml.MoMLSimpleApplication$UnloadThread.run(MoMLSimpleApplication.java:402)
Caused by: ptolemy.kernel.util.IllegalActionException: Test fails in iteration 1.
Value was: 1.0. Should have been: 2.0
  in .DirectFeedback.Test
	at ptolemy.actor.lib.Test.fire(Test.java:268)
	at ptolemy.domains.de.kernel.DEDirector._fire(DEDirector.java:1949)
	at ptolemy.domains.de.kernel.DEDirector.fire(DEDirector.java:502)
	at ptolemy.actor.CompositeActor.fire(CompositeActor.java:455)
	at ptolemy.actor.Manager.iterate(Manager.java:851)
	at ptolemy.actor.Manager.execute(Manager.java:369)
	at ptolemy.actor.Manager.run(Manager.java:1263)
	at ptolemy.actor.Manager$PtolemyRunThread.run(Manager.java:1915)
java.lang.reflect.InvocationTargetException
	at sun.reflect.NativeConstructorAccessorImpl.newInstance0(Native Method)
	at sun.reflect.NativeConstructorAccessorImpl.newInstance(NativeConstructorAccessorImpl.java:62)
	at sun.reflect.DelegatingConstructorAccessorImpl.newInstance(DelegatingConstructorAccessorImpl.java:45)
	at java.lang.reflect.Constructor.newInstance(Constructor.java:423)
	at ptolemy.util.test.junit.AutoKnownFailedTests.RunModel(AutoKnownFailedTests.java:105)
	at sun.reflect.NativeMethodAccessorImpl.invoke0(Native Method)
	at sun.reflect.NativeMethodAccessorImpl.invoke(NativeMethodAccessorImpl.java:62)
	at sun.reflect.DelegatingMethodAccessorImpl.invoke(DelegatingMethodAccessorImpl.java:43)
	at java.lang.reflect.Method.invoke(Method.java:498)
	at org.junit.runners.model.FrameworkMethod$1.runReflectiveCall(FrameworkMethod.java:44)
	at org.junit.internal.runners.model.ReflectiveCallable.run(ReflectiveCallable.java:15)
	at org.junit.runners.model.FrameworkMethod.invokeExplosively(FrameworkMethod.java:41)
	at junitparams.internal.InvokeParameterisedMethod.evaluate(InvokeParameterisedMethod.java:102)
	at org.junit.internal.runners.statements.FailOnTimeout$1.run(FailOnTimeout.java:28)
Caused by: ptolemy.kernel.util.IllegalActionException: Test fails in iteration 1.
Value was: 1.0. Should have been: 2.0
  in .DirectFeedback.Test
	at ptolemy.actor.lib.Test.fire(Test.java:268)
	at ptolemy.domains.de.kernel.DEDirector._fire(DEDirector.java:1949)
	at ptolemy.domains.de.kernel.DEDirector.fire(DEDirector.java:502)
	at ptolemy.actor.CompositeActor.fire(CompositeActor.java:455)
	at ptolemy.actor.Manager.iterate(Manager.java:851)
	at ptolemy.actor.Manager.execute(Manager.java:369)
	at ptolemy.actor.Manager.run(Manager.java:1263)
	at ptolemy.actor.Manager$PtolemyRunThread.run(Manager.java:1915)
java.lang.RuntimeException: Execution failed
	at ptolemy.moml.MoMLSimpleApplication$UnloadThread.run(MoMLSimpleApplication.java:402)
Caused by: ptolemy.kernel.util.IllegalActionException: Found a zero delay loop containing .HierarchicalModel.A
  in .HierarchicalModel and .HierarchicalModel.A
	at ptolemy.actor.util.CausalityInterfaceForComposites._computeOutputPortDepth(CausalityInterfaceForComposites.java:759)
	at ptolemy.actor.util.CausalityInterfaceForComposites._computeInputDepth(CausalityInterfaceForComposites.java:696)
	at ptolemy.actor.util.CausalityInterfaceForComposites._computeOutputPortDepth(CausalityInterfaceForComposites.java:765)
	at ptolemy.actor.util.CausalityInterfaceForComposites._computeInputDepth(CausalityInterfaceForComposites.java:696)
	at ptolemy.actor.util.CausalityInterfaceForComposites._computeOutputPortDepth(CausalityInterfaceForComposites.java:765)
	at ptolemy.actor.util.CausalityInterfaceForComposites._computeInputDepth(CausalityInterfaceForComposites.java:696)
	at ptolemy.actor.util.CausalityInterfaceForComposites._computeActorDepth(CausalityInterfaceForComposites.java:532)
	at ptolemy.actor.util.CausalityInterfaceForComposites.checkForCycles(CausalityInterfaceForComposites.java:96)
	at ptolemy.domains.de.kernel.DEDirector.preinitialize(DEDirector.java:1338)
	at ptolemy.actor.CompositeActor.preinitialize(CompositeActor.java:1828)
	at ptolemy.actor.Manager.preinitializeAndResolveTypes(Manager.java:1040)
	at ptolemy.actor.Manager.initialize(Manager.java:710)
	at ptolemy.actor.Manager.execute(Manager.java:356)
	at ptolemy.actor.Manager.run(Manager.java:1263)
	at ptolemy.actor.Manager$PtolemyRunThread.run(Manager.java:1915)
java.lang.reflect.InvocationTargetException
	at sun.reflect.NativeConstructorAccessorImpl.newInstance0(Native Method)
	at sun.reflect.NativeConstructorAccessorImpl.newInstance(NativeConstructorAccessorImpl.java:62)
	at sun.reflect.DelegatingConstructorAccessorImpl.newInstance(DelegatingConstructorAccessorImpl.java:45)
	at java.lang.reflect.Constructor.newInstance(Constructor.java:423)
	at ptolemy.util.test.junit.AutoKnownFailedTests.RunModel(AutoKnownFailedTests.java:105)
	at sun.reflect.NativeMethodAccessorImpl.invoke0(Native Method)
	at sun.reflect.NativeMethodAccessorImpl.invoke(NativeMethodAccessorImpl.java:62)
	at sun.reflect.DelegatingMethodAccessorImpl.invoke(DelegatingMethodAccessorImpl.java:43)
	at java.lang.reflect.Method.invoke(Method.java:498)
	at org.junit.runners.model.FrameworkMethod$1.runReflectiveCall(FrameworkMethod.java:44)
	at org.junit.internal.runners.model.ReflectiveCallable.run(ReflectiveCallable.java:15)
	at org.junit.runners.model.FrameworkMethod.invokeExplosively(FrameworkMethod.java:41)
	at junitparams.internal.InvokeParameterisedMethod.evaluate(InvokeParameterisedMethod.java:102)
	at org.junit.internal.runners.statements.FailOnTimeout$1.run(FailOnTimeout.java:28)
Caused by: ptolemy.kernel.util.IllegalActionException: Found a zero delay loop containing .HierarchicalModel.A
  in .HierarchicalModel and .HierarchicalModel.A
	at ptolemy.actor.util.CausalityInterfaceForComposites._computeOutputPortDepth(CausalityInterfaceForComposites.java:759)
	at ptolemy.actor.util.CausalityInterfaceForComposites._computeInputDepth(CausalityInterfaceForComposites.java:696)
	at ptolemy.actor.util.CausalityInterfaceForComposites._computeOutputPortDepth(CausalityInterfaceForComposites.java:765)
	at ptolemy.actor.util.CausalityInterfaceForComposites._computeInputDepth(CausalityInterfaceForComposites.java:696)
	at ptolemy.actor.util.CausalityInterfaceForComposites._computeOutputPortDepth(CausalityInterfaceForComposites.java:765)
	at ptolemy.actor.util.CausalityInterfaceForComposites._computeInputDepth(CausalityInterfaceForComposites.java:696)
	at ptolemy.actor.util.CausalityInterfaceForComposites._computeActorDepth(CausalityInterfaceForComposites.java:532)
	at ptolemy.actor.util.CausalityInterfaceForComposites.checkForCycles(CausalityInterfaceForComposites.java:96)
	at ptolemy.domains.de.kernel.DEDirector.preinitialize(DEDirector.java:1338)
	at ptolemy.actor.CompositeActor.preinitialize(CompositeActor.java:1828)
	at ptolemy.actor.Manager.preinitializeAndResolveTypes(Manager.java:1040)
	at ptolemy.actor.Manager.initialize(Manager.java:710)
	at ptolemy.actor.Manager.execute(Manager.java:356)
	at ptolemy.actor.Manager.run(Manager.java:1263)
	at ptolemy.actor.Manager$PtolemyRunThread.run(Manager.java:1915)
java.lang.RuntimeException: Execution failed
	at ptolemy.moml.MoMLSimpleApplication$UnloadThread.run(MoMLSimpleApplication.java:402)
Caused by: ptolemy.kernel.util.IllegalActionException: Found a zero delay loop containing .dependencyLoop.original
  in .dependencyLoop and .dependencyLoop.original
	at ptolemy.actor.util.CausalityInterfaceForComposites._computeOutputPortDepth(CausalityInterfaceForComposites.java:759)
	at ptolemy.actor.util.CausalityInterfaceForComposites._computeInputDepth(CausalityInterfaceForComposites.java:696)
	at ptolemy.actor.util.CausalityInterfaceForComposites._computeOutputPortDepth(CausalityInterfaceForComposites.java:765)
	at ptolemy.actor.util.CausalityInterfaceForComposites._computeInputDepth(CausalityInterfaceForComposites.java:696)
	at ptolemy.actor.util.CausalityInterfaceForComposites._computeOutputPortDepth(CausalityInterfaceForComposites.java:765)
	at ptolemy.actor.util.CausalityInterfaceForComposites._computeInputDepth(CausalityInterfaceForComposites.java:696)
	at ptolemy.actor.util.CausalityInterfaceForComposites._computeActorDepth(CausalityInterfaceForComposites.java:532)
	at ptolemy.actor.util.CausalityInterfaceForComposites.checkForCycles(CausalityInterfaceForComposites.java:96)
	at ptolemy.domains.de.kernel.DEDirector.preinitialize(DEDirector.java:1338)
	at ptolemy.actor.CompositeActor.preinitialize(CompositeActor.java:1828)
	at ptolemy.actor.Manager.preinitializeAndResolveTypes(Manager.java:1040)
	at ptolemy.actor.Manager.initialize(Manager.java:710)
	at ptolemy.actor.Manager.execute(Manager.java:356)
	at ptolemy.actor.Manager.run(Manager.java:1263)
	at ptolemy.actor.Manager$PtolemyRunThread.run(Manager.java:1915)
java.lang.reflect.InvocationTargetException
	at sun.reflect.NativeConstructorAccessorImpl.newInstance0(Native Method)
	at sun.reflect.NativeConstructorAccessorImpl.newInstance(NativeConstructorAccessorImpl.java:62)
	at sun.reflect.DelegatingConstructorAccessorImpl.newInstance(DelegatingConstructorAccessorImpl.java:45)
	at java.lang.reflect.Constructor.newInstance(Constructor.java:423)
	at ptolemy.util.test.junit.AutoKnownFailedTests.RunModel(AutoKnownFailedTests.java:105)
	at sun.reflect.NativeMethodAccessorImpl.invoke0(Native Method)
	at sun.reflect.NativeMethodAccessorImpl.invoke(NativeMethodAccessorImpl.java:62)
	at sun.reflect.DelegatingMethodAccessorImpl.invoke(DelegatingMethodAccessorImpl.java:43)
	at java.lang.reflect.Method.invoke(Method.java:498)
	at org.junit.runners.model.FrameworkMethod$1.runReflectiveCall(FrameworkMethod.java:44)
	at org.junit.internal.runners.model.ReflectiveCallable.run(ReflectiveCallable.java:15)
	at org.junit.runners.model.FrameworkMethod.invokeExplosively(FrameworkMethod.java:41)
	at junitparams.internal.InvokeParameterisedMethod.evaluate(InvokeParameterisedMethod.java:102)
	at org.junit.internal.runners.statements.FailOnTimeout$1.run(FailOnTimeout.java:28)
Caused by: ptolemy.kernel.util.IllegalActionException: Found a zero delay loop containing .dependencyLoop.original
  in .dependencyLoop and .dependencyLoop.original
	at ptolemy.actor.util.CausalityInterfaceForComposites._computeOutputPortDepth(CausalityInterfaceForComposites.java:759)
	at ptolemy.actor.util.CausalityInterfaceForComposites._computeInputDepth(CausalityInterfaceForComposites.java:696)
	at ptolemy.actor.util.CausalityInterfaceForComposites._computeOutputPortDepth(CausalityInterfaceForComposites.java:765)
	at ptolemy.actor.util.CausalityInterfaceForComposites._computeInputDepth(CausalityInterfaceForComposites.java:696)
	at ptolemy.actor.util.CausalityInterfaceForComposites._computeOutputPortDepth(CausalityInterfaceForComposites.java:765)
	at ptolemy.actor.util.CausalityInterfaceForComposites._computeInputDepth(CausalityInterfaceForComposites.java:696)
	at ptolemy.actor.util.CausalityInterfaceForComposites._computeActorDepth(CausalityInterfaceForComposites.java:532)
	at ptolemy.actor.util.CausalityInterfaceForComposites.checkForCycles(CausalityInterfaceForComposites.java:96)
	at ptolemy.domains.de.kernel.DEDirector.preinitialize(DEDirector.java:1338)
	at ptolemy.actor.CompositeActor.preinitialize(CompositeActor.java:1828)
	at ptolemy.actor.Manager.preinitializeAndResolveTypes(Manager.java:1040)
	at ptolemy.actor.Manager.initialize(Manager.java:710)
	at ptolemy.actor.Manager.execute(Manager.java:356)
	at ptolemy.actor.Manager.run(Manager.java:1263)
	at ptolemy.actor.Manager$PtolemyRunThread.run(Manager.java:1915)
java.lang.RuntimeException: Execution failed
	at ptolemy.moml.MoMLSimpleApplication$UnloadThread.run(MoMLSimpleApplication.java:402)
Caused by: ptolemy.kernel.util.IllegalActionException: Found a zero delay loop containing .dependencyLoop2.original
  in .dependencyLoop2 and .dependencyLoop2.original
	at ptolemy.actor.util.CausalityInterfaceForComposites._computeOutputPortDepth(CausalityInterfaceForComposites.java:759)
	at ptolemy.actor.util.CausalityInterfaceForComposites._computeInputDepth(CausalityInterfaceForComposites.java:696)
	at ptolemy.actor.util.CausalityInterfaceForComposites._computeOutputPortDepth(CausalityInterfaceForComposites.java:765)
	at ptolemy.actor.util.CausalityInterfaceForComposites._computeInputDepth(CausalityInterfaceForComposites.java:696)
	at ptolemy.actor.util.CausalityInterfaceForComposites._computeOutputPortDepth(CausalityInterfaceForComposites.java:765)
	at ptolemy.actor.util.CausalityInterfaceForComposites._computeInputDepth(CausalityInterfaceForComposites.java:696)
	at ptolemy.actor.util.CausalityInterfaceForComposites._computeActorDepth(CausalityInterfaceForComposites.java:532)
	at ptolemy.actor.util.CausalityInterfaceForComposites.checkForCycles(CausalityInterfaceForComposites.java:96)
	at ptolemy.domains.de.kernel.DEDirector.preinitialize(DEDirector.java:1338)
	at ptolemy.actor.CompositeActor.preinitialize(CompositeActor.java:1828)
	at ptolemy.actor.Manager.preinitializeAndResolveTypes(Manager.java:1040)
	at ptolemy.actor.Manager.initialize(Manager.java:710)
	at ptolemy.actor.Manager.execute(Manager.java:356)
	at ptolemy.actor.Manager.run(Manager.java:1263)
	at ptolemy.actor.Manager$PtolemyRunThread.run(Manager.java:1915)
java.lang.reflect.InvocationTargetException
	at sun.reflect.NativeConstructorAccessorImpl.newInstance0(Native Method)
	at sun.reflect.NativeConstructorAccessorImpl.newInstance(NativeConstructorAccessorImpl.java:62)
	at sun.reflect.DelegatingConstructorAccessorImpl.newInstance(DelegatingConstructorAccessorImpl.java:45)
	at java.lang.reflect.Constructor.newInstance(Constructor.java:423)
	at ptolemy.util.test.junit.AutoKnownFailedTests.RunModel(AutoKnownFailedTests.java:105)
	at sun.reflect.NativeMethodAccessorImpl.invoke0(Native Method)
	at sun.reflect.NativeMethodAccessorImpl.invoke(NativeMethodAccessorImpl.java:62)
	at sun.reflect.DelegatingMethodAccessorImpl.invoke(DelegatingMethodAccessorImpl.java:43)
	at java.lang.reflect.Method.invoke(Method.java:498)
	at org.junit.runners.model.FrameworkMethod$1.runReflectiveCall(FrameworkMethod.java:44)
	at org.junit.internal.runners.model.ReflectiveCallable.run(ReflectiveCallable.java:15)
	at org.junit.runners.model.FrameworkMethod.invokeExplosively(FrameworkMethod.java:41)
	at junitparams.internal.InvokeParameterisedMethod.evaluate(InvokeParameterisedMethod.java:102)
	at org.junit.internal.runners.statements.FailOnTimeout$1.run(FailOnTimeout.java:28)
Caused by: ptolemy.kernel.util.IllegalActionException: Found a zero delay loop containing .dependencyLoop2.original
  in .dependencyLoop2 and .dependencyLoop2.original
	at ptolemy.actor.util.CausalityInterfaceForComposites._computeOutputPortDepth(CausalityInterfaceForComposites.java:759)
	at ptolemy.actor.util.CausalityInterfaceForComposites._computeInputDepth(CausalityInterfaceForComposites.java:696)
	at ptolemy.actor.util.CausalityInterfaceForComposites._computeOutputPortDepth(CausalityInterfaceForComposites.java:765)
	at ptolemy.actor.util.CausalityInterfaceForComposites._computeInputDepth(CausalityInterfaceForComposites.java:696)
	at ptolemy.actor.util.CausalityInterfaceForComposites._computeOutputPortDepth(CausalityInterfaceForComposites.java:765)
	at ptolemy.actor.util.CausalityInterfaceForComposites._computeInputDepth(CausalityInterfaceForComposites.java:696)
	at ptolemy.actor.util.CausalityInterfaceForComposites._computeActorDepth(CausalityInterfaceForComposites.java:532)
	at ptolemy.actor.util.CausalityInterfaceForComposites.checkForCycles(CausalityInterfaceForComposites.java:96)
	at ptolemy.domains.de.kernel.DEDirector.preinitialize(DEDirector.java:1338)
	at ptolemy.actor.CompositeActor.preinitialize(CompositeActor.java:1828)
	at ptolemy.actor.Manager.preinitializeAndResolveTypes(Manager.java:1040)
	at ptolemy.actor.Manager.initialize(Manager.java:710)
	at ptolemy.actor.Manager.execute(Manager.java:356)
	at ptolemy.actor.Manager.run(Manager.java:1263)
	at ptolemy.actor.Manager$PtolemyRunThread.run(Manager.java:1915)
]]></system-err>
</testsuite>
