<?xml version="1.0" encoding="UTF-8" ?>
<testsuite errors="0" failures="0" hostname="travis-job-5dfccd0d-c25e-443f-9066-29d22dfae91b" name="ptolemy.domains.de.test.junit.JUnitTclTest" skipped="0" tests="101" time="124.366" timestamp="2018-08-06T01:49:21">
  <properties>
[...]
</properties>
  <testcase classname="ptolemy.util.test.junit.TclTests" name="[0] /home/travis/build/icyphy/ptII/ptolemy/domains/de/test/DependencyLoop.tcl (RunTclFile)" time="0.758" />
  <testcase classname="ptolemy.util.test.junit.TclTests" name="[1] /home/travis/build/icyphy/ptII/ptolemy/domains/de/test/RunDETestsAsQSS.tcl (RunTclFile)" time="84.402" />
  <testcase classname="ptolemy.util.test.junit.AutoKnownFailedTests" name="[0] /home/travis/build/icyphy/ptII/ptolemy/domains/de/test/auto/knownFailedTests/DESDFClockTest.xml (RunModel)" time="2.039" />
  <testcase classname="ptolemy.util.test.junit.AutoKnownFailedTests" name="[1] /home/travis/build/icyphy/ptII/ptolemy/domains/de/test/auto/knownFailedTests/DirectFeedback.xml (RunModel)" time="0.018" />
  <testcase classname="ptolemy.util.test.junit.AutoKnownFailedTests" name="[2] /home/travis/build/icyphy/ptII/ptolemy/domains/de/test/auto/knownFailedTests/FSMSource.xml (RunModel)" time="0.016" />
  <testcase classname="ptolemy.util.test.junit.AutoKnownFailedTests" name="[3] /home/travis/build/icyphy/ptII/ptolemy/domains/de/test/auto/knownFailedTests/HierarchicalModel.xml (RunModel)" time="0.037" />
  <testcase classname="ptolemy.util.test.junit.AutoKnownFailedTests" name="[4] /home/travis/build/icyphy/ptII/ptolemy/domains/de/test/auto/knownFailedTests/dependencyLoop.xml (RunModel)" time="0.03" />
  <testcase classname="ptolemy.util.test.junit.AutoKnownFailedTests" name="[5] /home/travis/build/icyphy/ptII/ptolemy/domains/de/test/auto/knownFailedTests/dependencyLoop2.xml (RunModel)" time="0.032" />
  <testcase classname="ptolemy.util.test.junit.AutoNameArchTests" name="[0] ThereAreNoAutoArchTests (RunModel)" time="0.0" />
  <testcase classname="ptolemy.util.test.junit.AutoTests" name="[0] /home/travis/build/icyphy/ptII/ptolemy/domains/de/test/auto/ActorDepthCalculation_actorWithoutPorts.xml (RunModel)" time="0.013" />
  <testcase classname="ptolemy.util.test.junit.AutoTests" name="[1] /home/travis/build/icyphy/ptII/ptolemy/domains/de/test/auto/AssemblyLine.xml (RunModel)" time="0.016" />
  <testcase classname="ptolemy.util.test.junit.AutoTests" name="[2] /home/travis/build/icyphy/ptII/ptolemy/domains/de/test/auto/CQBug1.xml (RunModel)" time="0.007" />
  <testcase classname="ptolemy.util.test.junit.AutoTests" name="[3] /home/travis/build/icyphy/ptII/ptolemy/domains/de/test/auto/CancelFireAt.xml (RunModel)" time="0.006" />
  <testcase classname="ptolemy.util.test.junit.AutoTests" name="[4] /home/travis/build/icyphy/ptII/ptolemy/domains/de/test/auto/CausalityAndComposabilityAnalysis.xml (RunModel)" time="0.012" />
  <testcase classname="ptolemy.util.test.junit.AutoTests" name="[5] /home/travis/build/icyphy/ptII/ptolemy/domains/de/test/auto/CausalityInterface1.xml (RunModel)" time="0.012" />
  <testcase classname="ptolemy.util.test.junit.AutoTests" name="[6] /home/travis/build/icyphy/ptII/ptolemy/domains/de/test/auto/CausalityInterface15.xml (RunModel)" time="0.016" />
  <testcase classname="ptolemy.util.test.junit.AutoTests" name="[7] /home/travis/build/icyphy/ptII/ptolemy/domains/de/test/auto/CausalityInterface2.xml (RunModel)" time="0.011" />
  <testcase classname="ptolemy.util.test.junit.AutoTests" name="[8] /home/travis/build/icyphy/ptII/ptolemy/domains/de/test/auto/CausalityInterface3.xml (RunModel)" time="0.013" />
  <testcase classname="ptolemy.util.test.junit.AutoTests" name="[9] /home/travis/build/icyphy/ptII/ptolemy/domains/de/test/auto/ClockDrift.xml (RunModel)" time="0.032" />
  <testcase classname="ptolemy.util.test.junit.AutoTests" name="[10] /home/travis/build/icyphy/ptII/ptolemy/domains/de/test/auto/ClockDriftAndValueChange.xml (RunModel)" time="0.03" />
  <testcase classname="ptolemy.util.test.junit.AutoTests" name="[11] /home/travis/build/icyphy/ptII/ptolemy/domains/de/test/auto/ClockDriftChange.xml (RunModel)" time="0.032" />
  <testcase classname="ptolemy.util.test.junit.AutoTests" name="[12] /home/travis/build/icyphy/ptII/ptolemy/domains/de/test/auto/ComposableCausalityAnalysis.xml (RunModel)" time="0.016" />
  <testcase classname="ptolemy.util.test.junit.AutoTests" name="[13] /home/travis/build/icyphy/ptII/ptolemy/domains/de/test/auto/DEFixedPointLimitation.xml (RunModel)" time="0.009" />
  <testcase classname="ptolemy.util.test.junit.AutoTests" name="[14] /home/travis/build/icyphy/ptII/ptolemy/domains/de/test/auto/DEScheduleTest.xml (RunModel)" time="0.011" />
  <testcase classname="ptolemy.util.test.junit.AutoTests" name="[15] /home/travis/build/icyphy/ptII/ptolemy/domains/de/test/auto/DEinDEwithStartTimes.xml (RunModel)" time="0.016" />
  <testcase classname="ptolemy.util.test.junit.AutoTests" name="[16] /home/travis/build/icyphy/ptII/ptolemy/domains/de/test/auto/DEinDEwithStartTimes2.xml (RunModel)" time="0.015" />
  <testcase classname="ptolemy.util.test.junit.AutoTests" name="[17] /home/travis/build/icyphy/ptII/ptolemy/domains/de/test/auto/DateDemo.xml (RunModel)" time="0.033" />
  <testcase classname="ptolemy.util.test.junit.AutoTests" name="[18] /home/travis/build/icyphy/ptII/ptolemy/domains/de/test/auto/DateToEvent.xml (RunModel)" time="2.038" />
  <testcase classname="ptolemy.util.test.junit.AutoTests" name="[19] /home/travis/build/icyphy/ptII/ptolemy/domains/de/test/auto/DepthTest1.xml (RunModel)" time="0.02" />
  <testcase classname="ptolemy.util.test.junit.AutoTests" name="[20] /home/travis/build/icyphy/ptII/ptolemy/domains/de/test/auto/DepthTest2.xml (RunModel)" time="0.022" />
  <testcase classname="ptolemy.util.test.junit.AutoTests" name="[21] /home/travis/build/icyphy/ptII/ptolemy/domains/de/test/auto/DepthTest3.xml (RunModel)" time="0.009" />
  <testcase classname="ptolemy.util.test.junit.AutoTests" name="[22] /home/travis/build/icyphy/ptII/ptolemy/domains/de/test/auto/DepthTest4.xml (RunModel)" time="0.011" />
  <testcase classname="ptolemy.util.test.junit.AutoTests" name="[23] /home/travis/build/icyphy/ptII/ptolemy/domains/de/test/auto/DepthTest5.xml (RunModel)" time="0.014" />
  <testcase classname="ptolemy.util.test.junit.AutoTests" name="[24] /home/travis/build/icyphy/ptII/ptolemy/domains/de/test/auto/DepthTest6.xml (RunModel)" time="0.014" />
  <testcase classname="ptolemy.util.test.junit.AutoTests" name="[25] /home/travis/build/icyphy/ptII/ptolemy/domains/de/test/auto/DepthTest7.xml (RunModel)" time="0.013" />
  <testcase classname="ptolemy.util.test.junit.AutoTests" name="[26] /home/travis/build/icyphy/ptII/ptolemy/domains/de/test/auto/EventToDate.xml (RunModel)" time="3.035" />
  <testcase classname="ptolemy.util.test.junit.AutoTests" name="[27] /home/travis/build/icyphy/ptII/ptolemy/domains/de/test/auto/FSM1.xml (RunModel)" time="0.028" />
  <testcase classname="ptolemy.util.test.junit.AutoTests" name="[28] /home/travis/build/icyphy/ptII/ptolemy/domains/de/test/auto/FSM7.xml (RunModel)" time="0.042" />
  <testcase classname="ptolemy.util.test.junit.AutoTests" name="[29] /home/travis/build/icyphy/ptII/ptolemy/domains/de/test/auto/Inspection.xml (RunModel)" time="0.049" />
  <testcase classname="ptolemy.util.test.junit.AutoTests" name="[30] /home/travis/build/icyphy/ptII/ptolemy/domains/de/test/auto/Iteration.xml (RunModel)" time="0.026" />
  <testcase classname="ptolemy.util.test.junit.AutoTests" name="[31] /home/travis/build/icyphy/ptII/ptolemy/domains/de/test/auto/LineFault.xml (RunModel)" time="0.558" />
  <testcase classname="ptolemy.util.test.junit.AutoTests" name="[32] /home/travis/build/icyphy/ptII/ptolemy/domains/de/test/auto/MergeModel1Add.xml (RunModel)" time="0.042" />
  <testcase classname="ptolemy.util.test.junit.AutoTests" name="[33] /home/travis/build/icyphy/ptII/ptolemy/domains/de/test/auto/MergeModel2Add.xml (RunModel)" time="0.037" />
  <testcase classname="ptolemy.util.test.junit.AutoTests" name="[34] /home/travis/build/icyphy/ptII/ptolemy/domains/de/test/auto/MergeModel3Add.xml (RunModel)" time="0.041" />
  <testcase classname="ptolemy.util.test.junit.AutoTests" name="[35] /home/travis/build/icyphy/ptII/ptolemy/domains/de/test/auto/MergeWithoutDiscard.xml (RunModel)" time="0.01" />
  <testcase classname="ptolemy.util.test.junit.AutoTests" name="[36] /home/travis/build/icyphy/ptII/ptolemy/domains/de/test/auto/Modal1.xml (RunModel)" time="0.027" />
  <testcase classname="ptolemy.util.test.junit.AutoTests" name="[37] /home/travis/build/icyphy/ptII/ptolemy/domains/de/test/auto/Modal2.xml (RunModel)" time="0.03" />
  <testcase classname="ptolemy.util.test.junit.AutoTests" name="[38] /home/travis/build/icyphy/ptII/ptolemy/domains/de/test/auto/Modal3.xml (RunModel)" time="0.024" />
  <testcase classname="ptolemy.util.test.junit.AutoTests" name="[39] /home/travis/build/icyphy/ptII/ptolemy/domains/de/test/auto/Modal4.xml (RunModel)" time="0.025" />
  <testcase classname="ptolemy.util.test.junit.AutoTests" name="[40] /home/travis/build/icyphy/ptII/ptolemy/domains/de/test/auto/Modal5.xml (RunModel)" time="0.031" />
  <testcase classname="ptolemy.util.test.junit.AutoTests" name="[41] /home/travis/build/icyphy/ptII/ptolemy/domains/de/test/auto/Modal6.xml (RunModel)" time="0.026" />
  <testcase classname="ptolemy.util.test.junit.AutoTests" name="[42] /home/travis/build/icyphy/ptII/ptolemy/domains/de/test/auto/Modal7.xml (RunModel)" time="0.026" />
  <testcase classname="ptolemy.util.test.junit.AutoTests" name="[43] /home/travis/build/icyphy/ptII/ptolemy/domains/de/test/auto/ModalModel.xml (RunModel)" time="0.135" />
  <testcase classname="ptolemy.util.test.junit.AutoTests" name="[44] /home/travis/build/icyphy/ptII/ptolemy/domains/de/test/auto/ModalSource.xml (RunModel)" time="0.016" />
  <testcase classname="ptolemy.util.test.junit.AutoTests" name="[45] /home/travis/build/icyphy/ptII/ptolemy/domains/de/test/auto/NonInterruptibleTimerZeroDelay.xml (RunModel)" time="0.011" />
  <testcase classname="ptolemy.util.test.junit.AutoTests" name="[46] /home/travis/build/icyphy/ptII/ptolemy/domains/de/test/auto/OpenQueueingNetwork.xml (RunModel)" time="2.142" />
  <testcase classname="ptolemy.util.test.junit.AutoTests" name="[47] /home/travis/build/icyphy/ptII/ptolemy/domains/de/test/auto/OpenQueuingNetwork.xml (RunModel)" time="0.259" />
  <testcase classname="ptolemy.util.test.junit.AutoTests" name="[48] /home/travis/build/icyphy/ptII/ptolemy/domains/de/test/auto/PeriodicSampler.xml (RunModel)" time="0.008" />
  <testcase classname="ptolemy.util.test.junit.AutoTests" name="[49] /home/travis/build/icyphy/ptII/ptolemy/domains/de/test/auto/PersistentIO.xml (RunModel)" time="0.022" />
  <testcase classname="ptolemy.util.test.junit.AutoTests" name="[50] /home/travis/build/icyphy/ptII/ptolemy/domains/de/test/auto/PortParameterResetOnInitialize.xml (RunModel)" time="0.009" />
  <testcase classname="ptolemy.util.test.junit.AutoTests" name="[51] /home/travis/build/icyphy/ptII/ptolemy/domains/de/test/auto/PortParameterUpdates.xml (RunModel)" time="0.017" />
  <testcase classname="ptolemy.util.test.junit.AutoTests" name="[52] /home/travis/build/icyphy/ptII/ptolemy/domains/de/test/auto/QueueAndServer.xml (RunModel)" time="0.022" />
  <testcase classname="ptolemy.util.test.junit.AutoTests" name="[53] /home/travis/build/icyphy/ptII/ptolemy/domains/de/test/auto/Records.xml (RunModel)" time="0.021" />
  <testcase classname="ptolemy.util.test.junit.AutoTests" name="[54] /home/travis/build/icyphy/ptII/ptolemy/domains/de/test/auto/ResetTransitionWithStartTime1.xml (RunModel)" time="0.019" />
  <testcase classname="ptolemy.util.test.junit.AutoTests" name="[55] /home/travis/build/icyphy/ptII/ptolemy/domains/de/test/auto/ResetTransitionWithStartTime2.xml (RunModel)" time="0.016" />
  <testcase classname="ptolemy.util.test.junit.AutoTests" name="[56] /home/travis/build/icyphy/ptII/ptolemy/domains/de/test/auto/ResetTransitionWithStartTime3.xml (RunModel)" time="0.02" />
  <testcase classname="ptolemy.util.test.junit.AutoTests" name="[57] /home/travis/build/icyphy/ptII/ptolemy/domains/de/test/auto/ResetTransitionWithStartTime4.xml (RunModel)" time="0.016" />
  <testcase classname="ptolemy.util.test.junit.AutoTests" name="[58] /home/travis/build/icyphy/ptII/ptolemy/domains/de/test/auto/ResettableTimer1.xml (RunModel)" time="0.009" />
  <testcase classname="ptolemy.util.test.junit.AutoTests" name="[59] /home/travis/build/icyphy/ptII/ptolemy/domains/de/test/auto/ResettableTimer2.xml (RunModel)" time="0.009" />
  <testcase classname="ptolemy.util.test.junit.AutoTests" name="[60] /home/travis/build/icyphy/ptII/ptolemy/domains/de/test/auto/ResettableTimer3.xml (RunModel)" time="0.009" />
  <testcase classname="ptolemy.util.test.junit.AutoTests" name="[61] /home/travis/build/icyphy/ptII/ptolemy/domains/de/test/auto/ResettableTimer4.xml (RunModel)" time="0.01" />
  <testcase classname="ptolemy.util.test.junit.AutoTests" name="[62] /home/travis/build/icyphy/ptII/ptolemy/domains/de/test/auto/ResettableTimer5.xml (RunModel)" time="0.01" />
  <testcase classname="ptolemy.util.test.junit.AutoTests" name="[63] /home/travis/build/icyphy/ptII/ptolemy/domains/de/test/auto/ResettableTimer6.xml (RunModel)" time="0.017" />
  <testcase classname="ptolemy.util.test.junit.AutoTests" name="[64] /home/travis/build/icyphy/ptII/ptolemy/domains/de/test/auto/ServerZeroDelay.xml (RunModel)" time="0.014" />
  <testcase classname="ptolemy.util.test.junit.AutoTests" name="[65] /home/travis/build/icyphy/ptII/ptolemy/domains/de/test/auto/SmartSender.xml (RunModel)" time="3.009" />
  <testcase classname="ptolemy.util.test.junit.AutoTests" name="[66] /home/travis/build/icyphy/ptII/ptolemy/domains/de/test/auto/ThreadedComposite.xml (RunModel)" time="0.191" />
  <testcase classname="ptolemy.util.test.junit.AutoTests" name="[67] /home/travis/build/icyphy/ptII/ptolemy/domains/de/test/auto/Time.xml (RunModel)" time="0.399" />
  <testcase classname="ptolemy.util.test.junit.AutoTests" name="[68] /home/travis/build/icyphy/ptII/ptolemy/domains/de/test/auto/TimeDelayZeroDelay.xml (RunModel)" time="0.013" />
  <testcase classname="ptolemy.util.test.junit.AutoTests" name="[69] /home/travis/build/icyphy/ptII/ptolemy/domains/de/test/auto/TimerZeroDelay.xml (RunModel)" time="0.008" />
  <testcase classname="ptolemy.util.test.junit.AutoTests" name="[70] /home/travis/build/icyphy/ptII/ptolemy/domains/de/test/auto/TimingParadox.xml (RunModel)" time="0.34" />
  <testcase classname="ptolemy.util.test.junit.AutoTests" name="[71] /home/travis/build/icyphy/ptII/ptolemy/domains/de/test/auto/TransferInputs.xml (RunModel)" time="0.016" />
  <testcase classname="ptolemy.util.test.junit.AutoTests" name="[72] /home/travis/build/icyphy/ptII/ptolemy/domains/de/test/auto/TransferOutputs2.xml (RunModel)" time="0.015" />
  <testcase classname="ptolemy.util.test.junit.AutoTests" name="[73] /home/travis/build/icyphy/ptII/ptolemy/domains/de/test/auto/Trilateration.xml (RunModel)" time="11.286" />
  <testcase classname="ptolemy.util.test.junit.AutoTests" name="[74] /home/travis/build/icyphy/ptII/ptolemy/domains/de/test/auto/TwoSigmaDelta.xml (RunModel)" time="1.974" />
  <testcase classname="ptolemy.util.test.junit.AutoTests" name="[75] /home/travis/build/icyphy/ptII/ptolemy/domains/de/test/auto/VariableDelay.xml (RunModel)" time="0.01" />
  <testcase classname="ptolemy.util.test.junit.AutoTests" name="[76] /home/travis/build/icyphy/ptII/ptolemy/domains/de/test/auto/VariableDelay2.xml (RunModel)" time="0.008" />
  <testcase classname="ptolemy.util.test.junit.AutoTests" name="[77] /home/travis/build/icyphy/ptII/ptolemy/domains/de/test/auto/VariableDelayZeroDelay.xml (RunModel)" time="0.009" />
  <testcase classname="ptolemy.util.test.junit.AutoTests" name="[78] /home/travis/build/icyphy/ptII/ptolemy/domains/de/test/auto/VariableDelayZeroDelay2.xml (RunModel)" time="0.009" />
  <testcase classname="ptolemy.util.test.junit.AutoTests" name="[79] /home/travis/build/icyphy/ptII/ptolemy/domains/de/test/auto/deInCt.xml (RunModel)" time="0.017" />
  <testcase classname="ptolemy.util.test.junit.AutoTests" name="[80] /home/travis/build/icyphy/ptII/ptolemy/domains/de/test/auto/deInCt2.xml (RunModel)" time="0.016" />
  <testcase classname="ptolemy.util.test.junit.AutoTests" name="[81] /home/travis/build/icyphy/ptII/ptolemy/domains/de/test/auto/dynamicCausalityInterface1.xml (RunModel)" time="0.016" />
  <testcase classname="ptolemy.util.test.junit.AutoTests" name="[82] /home/travis/build/icyphy/ptII/ptolemy/domains/de/test/auto/fsm_de_test.xml (RunModel)" time="0.023" />
  <testcase classname="ptolemy.util.test.junit.AutoTests" name="[83] /home/travis/build/icyphy/ptII/ptolemy/domains/de/test/auto/functionDependencyReconstruction.xml (RunModel)" time="0.03" />
  <testcase classname="ptolemy.util.test.junit.AutoTests" name="[84] /home/travis/build/icyphy/ptII/ptolemy/domains/de/test/auto/multirate.xml (RunModel)" time="0.015" />
  <testcase classname="ptolemy.util.test.junit.AutoTests" name="[85] /home/travis/build/icyphy/ptII/ptolemy/domains/de/test/auto/multirate2.xml (RunModel)" time="0.013" />
  <testcase classname="ptolemy.util.test.junit.AutoTests" name="[86] /home/travis/build/icyphy/ptII/ptolemy/domains/de/test/auto/realtime.xml (RunModel)" time="10.011" />
  <testcase classname="ptolemy.util.test.junit.AutoTests" name="[87] /home/travis/build/icyphy/ptII/ptolemy/domains/de/test/auto/relationGroup.xml (RunModel)" time="0.007" />
  <testcase classname="ptolemy.util.test.junit.AutoTests" name="[88] /home/travis/build/icyphy/ptII/ptolemy/domains/de/test/auto/relationGroup2.xml (RunModel)" time="0.007" />
  <testcase classname="ptolemy.util.test.junit.AutoTests" name="[89] /home/travis/build/icyphy/ptII/ptolemy/domains/de/test/auto/sortWithOpaquePorts.xml (RunModel)" time="0.008" />
  <testcase classname="ptolemy.util.test.junit.AutoTests" name="[90] /home/travis/build/icyphy/ptII/ptolemy/domains/de/test/auto/transferInputsandOutputs.xml (RunModel)" time="0.014" />
  <testcase classname="ptolemy.util.test.junit.AutoTests" name="[91] /home/travis/build/icyphy/ptII/ptolemy/domains/de/test/auto/triggerType.xml (RunModel)" time="0.008" />
  <system-out><![CDATA[/home/travis/build/icyphy/ptII/ptolemy/domains/de/test/DependencyLoop.tcl
testDefs.tcl: setting time out to 9000 seconds at Mon Aug 06 01:49:21 UTC 2018
15 ms. Memory: 116224K Free: 93443K (80%)
6 ms. Memory: 146944K Free: 135464K (92%)
/home/travis/build/icyphy/ptII/ptolemy/domains/de/test/RunDETestsAsQSS.tcl
Run the DE tests using ptolemy.domains.qss.test.QSSDirectorTest, which extends QSSDirector and prints a message in the constructors.
------------------ testing $PTII/ptolemy/domains/de/test/auto/knownFailedTests/dependencyLoop.xml (Known Failure) 
6 ms. Memory: 146944K Free: 132351K (90%)


==== $PTIIhome/travis/build/icyphy/ptII/ptolemy/domains/de/test/../../../../: Auto Automatic test in file $PTII/ptolemy/domains/de/test/auto/knownFailedTests/dependencyLoop.xml
==== Contents of test case:

	    # FIXME: we should use $relativeFilename here, but it
	    # might have backslashes under Windows, which causes no end
	    # of trouble.
	    createAndExecute $file
	    list {}
	
.... Test generated KNOWN error:
    while executing
ptolemy.kernel.util.IllegalActionException: Found a zero delay loop containing .dependencyLoop.original
  in .dependencyLoop and .dependencyLoop.original
	at ptolemy.actor.util.CausalityInterfaceForComposites._computeOutputPortDepth(CausalityInterfaceForComposites.java:759)
	at ptolemy.actor.util.CausalityInterfaceForComposites._computeInputDepth(CausalityInterfaceForComposites.java:696)
	at ptolemy.actor.util.CausalityInterfaceForComposites._computeOutputPortDepth(CausalityInterfaceForComposites.java:765)
	at ptolemy.actor.util.CausalityInterfaceForComposites._computeInputDepth(CausalityInterfaceForComposites.java:696)
	at ptolemy.actor.util.CausalityInterfaceForComposites._computeOutputPortDepth(CausalityInterfaceForComposites.java:765)
	at ptolemy.actor.util.CausalityInterfaceForComposites._computeInputDepth(CausalityInterfaceForComposites.java:696)
	at ptolemy.actor.util.CausalityInterfaceForComposites._computeActorDepth(CausalityInterfaceForComposites.java:532)
	at ptolemy.actor.util.CausalityInterfaceForComposites.checkForCycles(CausalityInterfaceForComposites.java:96)
	at ptolemy.domains.de.kernel.DEDirector.preinitialize(DEDirector.java:1338)
	at ptolemy.actor.CompositeActor.preinitialize(CompositeActor.java:1828)
	at ptolemy.actor.Manager.preinitializeAndResolveTypes(Manager.java:1040)
	at ptolemy.actor.Manager.initialize(Manager.java:710)
	at ptolemy.actor.Manager.execute(Manager.java:356)
	at ptolemy.actor.Manager.run(Manager.java:1263)
	at ptolemy.actor.Manager$PtolemyRunThread.run(Manager.java:1915)

    while executing
ptolemy.kernel.util.IllegalActionException: Found a zero delay loop containing .dependencyLoop.original
  in .dependencyLoop and .dependencyLoop.original
    while executing
"java::new ptolemy.moml.MoMLSimpleApplication $file
"
    (procedure "createAndExecute" line 2)
    invoked from within
"createAndExecute $file"
    ("uplevel" body line 5)
    invoked from within
"uplevel $contents_of_test"
------------------ testing $PTII/ptolemy/domains/de/test/auto/knownFailedTests/DESDFClockTest.xml (Known Failure) 
2083 ms. Memory: 146944K Free: 116507K (79%)


==== $PTIIhome/travis/build/icyphy/ptII/ptolemy/domains/de/test/../../../../: Auto Automatic test in file $PTII/ptolemy/domains/de/test/auto/knownFailedTests/DESDFClockTest.xml
==== Contents of test case:

	    # FIXME: we should use $relativeFilename here, but it
	    # might have backslashes under Windows, which causes no end
	    # of trouble.
	    createAndExecute $file
	    list {}
	
.... Test generated KNOWN error:
    while executing
ptolemy.kernel.util.IllegalActionException: Actor is not ready to fire.  Perhaps UpSample.prefire() returned false? Try debugging the actor by selecting "Listen to Actor".  Also, for SDF check moml for tokenConsumptionRate on input.
  in .DESDFClockTest.Play Bell.Copy1:SDF Director and .DESDFClockTest.Play Bell.UpSample
	at ptolemy.actor.sched.StaticSchedulingDirector.fire(StaticSchedulingDirector.java:227)
	at ptolemy.domains.sdf.kernel.SDFDirector.fire(SDFDirector.java:500)
	at ptolemy.actor.CompositeActor.fire(CompositeActor.java:455)
	at ptolemy.domains.de.kernel.DEDirector._fire(DEDirector.java:1949)
	at ptolemy.domains.de.kernel.DEDirector.fire(DEDirector.java:502)
	at ptolemy.actor.CompositeActor.fire(CompositeActor.java:455)
	at ptolemy.actor.Manager.iterate(Manager.java:851)
	at ptolemy.actor.Manager.execute(Manager.java:369)
	at ptolemy.actor.Manager.run(Manager.java:1263)
	at ptolemy.actor.Manager$PtolemyRunThread.run(Manager.java:1915)

    while executing
ptolemy.kernel.util.IllegalActionException: Actor is not ready to fire.  Perhaps UpSample.prefire() returned false? Try debugging the actor by selecting "Listen to Actor".  Also, for SDF check moml for tokenConsumptionRate on input.
  in .DESDFClockTest.Play Bell.Copy1:SDF Director and .DESDFClockTest.Play Bell.UpSample
    while executing
"java::new ptolemy.moml.MoMLSimpleApplication $file
"
    (procedure "createAndExecute" line 2)
    invoked from within
"createAndExecute $file"
    ("uplevel" body line 5)
    invoked from within
"uplevel $contents_of_test"
------------------ testing $PTII/ptolemy/domains/de/test/auto/knownFailedTests/FSMSource.xml (Known Failure) 
44 ms. Memory: 146944K Free: 106951K (73%)
!!!! Auto was marked as failing, but now passes
------------------ testing $PTII/ptolemy/domains/de/test/auto/knownFailedTests/dependencyLoop2.xml (Known Failure) 
15 ms. Memory: 146944K Free: 105091K (72%)


==== $PTIIhome/travis/build/icyphy/ptII/ptolemy/domains/de/test/../../../../: Auto Automatic test in file $PTII/ptolemy/domains/de/test/auto/knownFailedTests/dependencyLoop2.xml
==== Contents of test case:

	    # FIXME: we should use $relativeFilename here, but it
	    # might have backslashes under Windows, which causes no end
	    # of trouble.
	    createAndExecute $file
	    list {}
	
.... Test generated KNOWN error:
    while executing
ptolemy.kernel.util.IllegalActionException: Found a zero delay loop containing .dependencyLoop2.original
  in .dependencyLoop2 and .dependencyLoop2.original
	at ptolemy.actor.util.CausalityInterfaceForComposites._computeOutputPortDepth(CausalityInterfaceForComposites.java:759)
	at ptolemy.actor.util.CausalityInterfaceForComposites._computeInputDepth(CausalityInterfaceForComposites.java:696)
	at ptolemy.actor.util.CausalityInterfaceForComposites._computeOutputPortDepth(CausalityInterfaceForComposites.java:765)
	at ptolemy.actor.util.CausalityInterfaceForComposites._computeInputDepth(CausalityInterfaceForComposites.java:696)
	at ptolemy.actor.util.CausalityInterfaceForComposites._computeOutputPortDepth(CausalityInterfaceForComposites.java:765)
	at ptolemy.actor.util.CausalityInterfaceForComposites._computeInputDepth(CausalityInterfaceForComposites.java:696)
	at ptolemy.actor.util.CausalityInterfaceForComposites._computeActorDepth(CausalityInterfaceForComposites.java:532)
	at ptolemy.actor.util.CausalityInterfaceForComposites.checkForCycles(CausalityInterfaceForComposites.java:96)
	at ptolemy.domains.de.kernel.DEDirector.preinitialize(DEDirector.java:1338)
	at ptolemy.actor.CompositeActor.preinitialize(CompositeActor.java:1828)
	at ptolemy.actor.Manager.preinitializeAndResolveTypes(Manager.java:1040)
	at ptolemy.actor.Manager.initialize(Manager.java:710)
	at ptolemy.actor.Manager.execute(Manager.java:356)
	at ptolemy.actor.Manager.run(Manager.java:1263)
	at ptolemy.actor.Manager$PtolemyRunThread.run(Manager.java:1915)

    while executing
ptolemy.kernel.util.IllegalActionException: Found a zero delay loop containing .dependencyLoop2.original
  in .dependencyLoop2 and .dependencyLoop2.original
    while executing
"java::new ptolemy.moml.MoMLSimpleApplication $file
"
    (procedure "createAndExecute" line 2)
    invoked from within
"createAndExecute $file"
    ("uplevel" body line 5)
    invoked from within
"uplevel $contents_of_test"
------------------ testing $PTII/ptolemy/domains/de/test/auto/knownFailedTests/HierarchicalModel.xml (Known Failure) 
5 ms. Memory: 146944K Free: 84526K (58%)


==== $PTIIhome/travis/build/icyphy/ptII/ptolemy/domains/de/test/../../../../: Auto Automatic test in file $PTII/ptolemy/domains/de/test/auto/knownFailedTests/HierarchicalModel.xml
==== Contents of test case:

	    # FIXME: we should use $relativeFilename here, but it
	    # might have backslashes under Windows, which causes no end
	    # of trouble.
	    createAndExecute $file
	    list {}
	
.... Test generated KNOWN error:
    while executing
ptolemy.kernel.util.IllegalActionException: Found a zero delay loop containing .HierarchicalModel.A
  in .HierarchicalModel and .HierarchicalModel.A
	at ptolemy.actor.util.CausalityInterfaceForComposites._computeOutputPortDepth(CausalityInterfaceForComposites.java:759)
	at ptolemy.actor.util.CausalityInterfaceForComposites._computeInputDepth(CausalityInterfaceForComposites.java:696)
	at ptolemy.actor.util.CausalityInterfaceForComposites._computeOutputPortDepth(CausalityInterfaceForComposites.java:765)
	at ptolemy.actor.util.CausalityInterfaceForComposites._computeInputDepth(CausalityInterfaceForComposites.java:696)
	at ptolemy.actor.util.CausalityInterfaceForComposites._computeOutputPortDepth(CausalityInterfaceForComposites.java:765)
	at ptolemy.actor.util.CausalityInterfaceForComposites._computeInputDepth(CausalityInterfaceForComposites.java:696)
	at ptolemy.actor.util.CausalityInterfaceForComposites._computeActorDepth(CausalityInterfaceForComposites.java:532)
	at ptolemy.actor.util.CausalityInterfaceForComposites.checkForCycles(CausalityInterfaceForComposites.java:96)
	at ptolemy.domains.de.kernel.DEDirector.preinitialize(DEDirector.java:1338)
	at ptolemy.actor.CompositeActor.preinitialize(CompositeActor.java:1828)
	at ptolemy.actor.Manager.preinitializeAndResolveTypes(Manager.java:1040)
	at ptolemy.actor.Manager.initialize(Manager.java:710)
	at ptolemy.actor.Manager.execute(Manager.java:356)
	at ptolemy.actor.Manager.run(Manager.java:1263)
	at ptolemy.actor.Manager$PtolemyRunThread.run(Manager.java:1915)

    while executing
ptolemy.kernel.util.IllegalActionException: Found a zero delay loop containing .HierarchicalModel.A
  in .HierarchicalModel and .HierarchicalModel.A
    while executing
"java::new ptolemy.moml.MoMLSimpleApplication $file
"
    (procedure "createAndExecute" line 2)
    invoked from within
"createAndExecute $file"
    ("uplevel" body line 5)
    invoked from within
"uplevel $contents_of_test"
------------------ testing $PTII/ptolemy/domains/de/test/auto/knownFailedTests/DirectFeedback.xml (Known Failure) 
3 ms. Memory: 146944K Free: 140347K (96%)


==== $PTIIhome/travis/build/icyphy/ptII/ptolemy/domains/de/test/../../../../: Auto Automatic test in file $PTII/ptolemy/domains/de/test/auto/knownFailedTests/DirectFeedback.xml
==== Contents of test case:

	    # FIXME: we should use $relativeFilename here, but it
	    # might have backslashes under Windows, which causes no end
	    # of trouble.
	    createAndExecute $file
	    list {}
	
.... Test generated KNOWN error:
    while executing
ptolemy.kernel.util.IllegalActionException: Test fails in iteration 1.
Value was: 1.0. Should have been: 2.0
  in .DirectFeedback.Test
	at ptolemy.actor.lib.Test.fire(Test.java:268)
	at ptolemy.domains.de.kernel.DEDirector._fire(DEDirector.java:1949)
	at ptolemy.domains.de.kernel.DEDirector.fire(DEDirector.java:502)
	at ptolemy.actor.CompositeActor.fire(CompositeActor.java:455)
	at ptolemy.actor.Manager.iterate(Manager.java:851)
	at ptolemy.actor.Manager.execute(Manager.java:369)
	at ptolemy.actor.Manager.run(Manager.java:1263)
	at ptolemy.actor.Manager$PtolemyRunThread.run(Manager.java:1915)

    while executing
ptolemy.kernel.util.IllegalActionException: Test fails in iteration 1.
Value was: 1.0. Should have been: 2.0
  in .DirectFeedback.Test
    while executing
"java::new ptolemy.moml.MoMLSimpleApplication $file
"
    (procedure "createAndExecute" line 2)
    invoked from within
"createAndExecute $file"
    ("uplevel" body line 5)
    invoked from within
"uplevel $contents_of_test"
------------------ testing $PTII/ptolemy/domains/de/test/auto/ActorDepthCalculation_actorWithoutPorts.xml
auto.tcl: Setting watchdog for 200 seconds at Mon Aug 06 01:49:24 UTC 2018
4 ms. Memory: 146944K Free: 132449K (90%)
ptolemy.util.test.WatchDog.cancel(): canceling Mon Aug 06 01:49:24 UTC 2018
auto.tcl: Setting watchdog for 200 seconds at Mon Aug 06 01:49:24 UTC 2018
4 ms. Memory: 146944K Free: 130377K (89%)
ptolemy.util.test.WatchDog.cancel(): canceling Mon Aug 06 01:49:24 UTC 2018
------------------ testing $PTII/ptolemy/domains/de/test/auto/AssemblyLine.xml
auto.tcl: Setting watchdog for 200 seconds at Mon Aug 06 01:49:24 UTC 2018
22 ms. Memory: 208384K Free: 182843K (88%)
ptolemy.util.test.WatchDog.cancel(): canceling Mon Aug 06 01:49:24 UTC 2018
auto.tcl: Setting watchdog for 200 seconds at Mon Aug 06 01:49:24 UTC 2018
7 ms. Memory: 208384K Free: 182843K (88%)
ptolemy.util.test.WatchDog.cancel(): canceling Mon Aug 06 01:49:24 UTC 2018
------------------ testing $PTII/ptolemy/domains/de/test/auto/CQBug1.xml
auto.tcl: Setting watchdog for 200 seconds at Mon Aug 06 01:49:25 UTC 2018
7 ms. Memory: 208384K Free: 197716K (95%)
ptolemy.util.test.WatchDog.cancel(): canceling Mon Aug 06 01:49:25 UTC 2018
auto.tcl: Setting watchdog for 200 seconds at Mon Aug 06 01:49:25 UTC 2018
2 ms. Memory: 208384K Free: 197716K (95%)
ptolemy.util.test.WatchDog.cancel(): canceling Mon Aug 06 01:49:25 UTC 2018
------------------ testing $PTII/ptolemy/domains/de/test/auto/CancelFireAt.xml
auto.tcl: Setting watchdog for 200 seconds at Mon Aug 06 01:49:25 UTC 2018
4 ms. Memory: 208384K Free: 201437K (97%)
ptolemy.util.test.WatchDog.cancel(): canceling Mon Aug 06 01:49:25 UTC 2018
auto.tcl: Setting watchdog for 200 seconds at Mon Aug 06 01:49:25 UTC 2018
2 ms. Memory: 208384K Free: 199335K (96%)
ptolemy.util.test.WatchDog.cancel(): canceling Mon Aug 06 01:49:25 UTC 2018
------------------ testing $PTII/ptolemy/domains/de/test/auto/CausalityAndComposabilityAnalysis.xml
auto.tcl: Setting watchdog for 200 seconds at Mon Aug 06 01:49:25 UTC 2018
20 ms. Memory: 208384K Free: 196496K (94%)
ptolemy.util.test.WatchDog.cancel(): canceling Mon Aug 06 01:49:25 UTC 2018
auto.tcl: Setting watchdog for 200 seconds at Mon Aug 06 01:49:25 UTC 2018
6 ms. Memory: 208384K Free: 196496K (94%)
ptolemy.util.test.WatchDog.cancel(): canceling Mon Aug 06 01:49:25 UTC 2018
------------------ testing $PTII/ptolemy/domains/de/test/auto/CausalityInterface1.xml
auto.tcl: Setting watchdog for 200 seconds at Mon Aug 06 01:49:25 UTC 2018
19 ms. Memory: 208384K Free: 196432K (94%)
ptolemy.util.test.WatchDog.cancel(): canceling Mon Aug 06 01:49:25 UTC 2018
auto.tcl: Setting watchdog for 200 seconds at Mon Aug 06 01:49:25 UTC 2018
8 ms. Memory: 208384K Free: 196432K (94%)
ptolemy.util.test.WatchDog.cancel(): canceling Mon Aug 06 01:49:25 UTC 2018
------------------ testing $PTII/ptolemy/domains/de/test/auto/CausalityInterface15.xml
auto.tcl: Setting watchdog for 200 seconds at Mon Aug 06 01:49:25 UTC 2018
24 ms. Memory: 208384K Free: 196423K (94%)
ptolemy.util.test.WatchDog.cancel(): canceling Mon Aug 06 01:49:25 UTC 2018
auto.tcl: Setting watchdog for 200 seconds at Mon Aug 06 01:49:25 UTC 2018
7 ms. Memory: 208384K Free: 196423K (94%)
ptolemy.util.test.WatchDog.cancel(): canceling Mon Aug 06 01:49:25 UTC 2018
------------------ testing $PTII/ptolemy/domains/de/test/auto/CausalityInterface2.xml
auto.tcl: Setting watchdog for 200 seconds at Mon Aug 06 01:49:25 UTC 2018
3 ms. Memory: 208384K Free: 196407K (94%)
ptolemy.util.test.WatchDog.cancel(): canceling Mon Aug 06 01:49:25 UTC 2018
auto.tcl: Setting watchdog for 200 seconds at Mon Aug 06 01:49:25 UTC 2018
2 ms. Memory: 208384K Free: 196407K (94%)
ptolemy.util.test.WatchDog.cancel(): canceling Mon Aug 06 01:49:25 UTC 2018
------------------ testing $PTII/ptolemy/domains/de/test/auto/CausalityInterface3.xml
auto.tcl: Setting watchdog for 200 seconds at Mon Aug 06 01:49:25 UTC 2018
14 ms. Memory: 208384K Free: 196420K (94%)
ptolemy.util.test.WatchDog.cancel(): canceling Mon Aug 06 01:49:25 UTC 2018
auto.tcl: Setting watchdog for 200 seconds at Mon Aug 06 01:49:25 UTC 2018
6 ms. Memory: 208384K Free: 196420K (94%)
ptolemy.util.test.WatchDog.cancel(): canceling Mon Aug 06 01:49:25 UTC 2018
------------------ testing $PTII/ptolemy/domains/de/test/auto/ClockDrift.xml
auto.tcl: Setting watchdog for 200 seconds at Mon Aug 06 01:49:25 UTC 2018
88 ms. Memory: 208384K Free: 187651K (90%)
ptolemy.util.test.WatchDog.cancel(): canceling Mon Aug 06 01:49:25 UTC 2018
auto.tcl: Setting watchdog for 200 seconds at Mon Aug 06 01:49:25 UTC 2018
48 ms. Memory: 208384K Free: 185550K (89%)
ptolemy.util.test.WatchDog.cancel(): canceling Mon Aug 06 01:49:25 UTC 2018
------------------ testing $PTII/ptolemy/domains/de/test/auto/ClockDriftAndValueChange.xml
auto.tcl: Setting watchdog for 200 seconds at Mon Aug 06 01:49:26 UTC 2018
49 ms. Memory: 208384K Free: 187483K (90%)
ptolemy.util.test.WatchDog.cancel(): canceling Mon Aug 06 01:49:26 UTC 2018
auto.tcl: Setting watchdog for 200 seconds at Mon Aug 06 01:49:26 UTC 2018
32 ms. Memory: 208384K Free: 185383K (89%)
ptolemy.util.test.WatchDog.cancel(): canceling Mon Aug 06 01:49:26 UTC 2018
------------------ testing $PTII/ptolemy/domains/de/test/auto/ClockDriftChange.xml
auto.tcl: Setting watchdog for 200 seconds at Mon Aug 06 01:49:26 UTC 2018
39 ms. Memory: 208384K Free: 190558K (91%)
ptolemy.util.test.WatchDog.cancel(): canceling Mon Aug 06 01:49:26 UTC 2018
auto.tcl: Setting watchdog for 200 seconds at Mon Aug 06 01:49:26 UTC 2018
17 ms. Memory: 208384K Free: 188457K (90%)
ptolemy.util.test.WatchDog.cancel(): canceling Mon Aug 06 01:49:26 UTC 2018
------------------ testing $PTII/ptolemy/domains/de/test/auto/ComposableCausalityAnalysis.xml
auto.tcl: Setting watchdog for 200 seconds at Mon Aug 06 01:49:26 UTC 2018
2 ms. Memory: 208384K Free: 196023K (94%)
ptolemy.util.test.WatchDog.cancel(): canceling Mon Aug 06 01:49:26 UTC 2018
auto.tcl: Setting watchdog for 200 seconds at Mon Aug 06 01:49:26 UTC 2018
1 ms. Memory: 208384K Free: 193923K (93%)
ptolemy.util.test.WatchDog.cancel(): canceling Mon Aug 06 01:49:26 UTC 2018
------------------ testing $PTII/ptolemy/domains/de/test/auto/DEFixedPointLimitation.xml
auto.tcl: Setting watchdog for 200 seconds at Mon Aug 06 01:49:26 UTC 2018
2 ms. Memory: 208384K Free: 196104K (94%)
ptolemy.util.test.WatchDog.cancel(): canceling Mon Aug 06 01:49:26 UTC 2018
auto.tcl: Setting watchdog for 200 seconds at Mon Aug 06 01:49:26 UTC 2018
1 ms. Memory: 208384K Free: 196104K (94%)
ptolemy.util.test.WatchDog.cancel(): canceling Mon Aug 06 01:49:26 UTC 2018
------------------ testing $PTII/ptolemy/domains/de/test/auto/DEScheduleTest.xml
auto.tcl: Setting watchdog for 200 seconds at Mon Aug 06 01:49:26 UTC 2018
5 ms. Memory: 208384K Free: 198240K (95%)
ptolemy.util.test.WatchDog.cancel(): canceling Mon Aug 06 01:49:26 UTC 2018
auto.tcl: Setting watchdog for 200 seconds at Mon Aug 06 01:49:26 UTC 2018
2 ms. Memory: 208384K Free: 196140K (94%)
ptolemy.util.test.WatchDog.cancel(): canceling Mon Aug 06 01:49:26 UTC 2018
------------------ testing $PTII/ptolemy/domains/de/test/auto/DEinDEwithStartTimes.xml
auto.tcl: Setting watchdog for 200 seconds at Mon Aug 06 01:49:26 UTC 2018
4 ms. Memory: 208384K Free: 196109K (94%)
ptolemy.util.test.WatchDog.cancel(): canceling Mon Aug 06 01:49:26 UTC 2018
auto.tcl: Setting watchdog for 200 seconds at Mon Aug 06 01:49:26 UTC 2018
4 ms. Memory: 208384K Free: 194009K (93%)
ptolemy.util.test.WatchDog.cancel(): canceling Mon Aug 06 01:49:26 UTC 2018
------------------ testing $PTII/ptolemy/domains/de/test/auto/DEinDEwithStartTimes2.xml
auto.tcl: Setting watchdog for 200 seconds at Mon Aug 06 01:49:26 UTC 2018
12 ms. Memory: 208384K Free: 196089K (94%)
ptolemy.util.test.WatchDog.cancel(): canceling Mon Aug 06 01:49:26 UTC 2018
auto.tcl: Setting watchdog for 200 seconds at Mon Aug 06 01:49:26 UTC 2018
8 ms. Memory: 208384K Free: 193989K (93%)
ptolemy.util.test.WatchDog.cancel(): canceling Mon Aug 06 01:49:26 UTC 2018
------------------ testing $PTII/ptolemy/domains/de/test/auto/DateDemo.xml
auto.tcl: Setting watchdog for 200 seconds at Mon Aug 06 01:49:26 UTC 2018
12 ms. Memory: 208384K Free: 188525K (90%)
ptolemy.util.test.WatchDog.cancel(): canceling Mon Aug 06 01:49:26 UTC 2018
auto.tcl: Setting watchdog for 200 seconds at Mon Aug 06 01:49:26 UTC 2018
6 ms. Memory: 208384K Free: 186424K (89%)
ptolemy.util.test.WatchDog.cancel(): canceling Mon Aug 06 01:49:26 UTC 2018
------------------ testing $PTII/ptolemy/domains/de/test/auto/DateToEvent.xml
auto.tcl: Setting watchdog for 200 seconds at Mon Aug 06 01:49:26 UTC 2018
2009 ms. Memory: 208384K Free: 183253K (88%)
ptolemy.util.test.WatchDog.cancel(): canceling Mon Aug 06 01:49:29 UTC 2018
auto.tcl: Setting watchdog for 200 seconds at Mon Aug 06 01:49:29 UTC 2018
2006 ms. Memory: 208384K Free: 180795K (87%)
ptolemy.util.test.WatchDog.cancel(): canceling Mon Aug 06 01:49:31 UTC 2018
------------------ testing $PTII/ptolemy/domains/de/test/auto/DepthTest1.xml
auto.tcl: Setting watchdog for 200 seconds at Mon Aug 06 01:49:31 UTC 2018
3 ms. Memory: 208384K Free: 197779K (95%)
ptolemy.util.test.WatchDog.cancel(): canceling Mon Aug 06 01:49:31 UTC 2018
auto.tcl: Setting watchdog for 200 seconds at Mon Aug 06 01:49:31 UTC 2018
2 ms. Memory: 208384K Free: 197779K (95%)
ptolemy.util.test.WatchDog.cancel(): canceling Mon Aug 06 01:49:31 UTC 2018
------------------ testing $PTII/ptolemy/domains/de/test/auto/DepthTest2.xml
auto.tcl: Setting watchdog for 200 seconds at Mon Aug 06 01:49:31 UTC 2018
3 ms. Memory: 208384K Free: 193641K (93%)
ptolemy.util.test.WatchDog.cancel(): canceling Mon Aug 06 01:49:31 UTC 2018
auto.tcl: Setting watchdog for 200 seconds at Mon Aug 06 01:49:31 UTC 2018
7 ms. Memory: 208384K Free: 193641K (93%)
ptolemy.util.test.WatchDog.cancel(): canceling Mon Aug 06 01:49:31 UTC 2018
------------------ testing $PTII/ptolemy/domains/de/test/auto/DepthTest3.xml
auto.tcl: Setting watchdog for 200 seconds at Mon Aug 06 01:49:31 UTC 2018
8 ms. Memory: 208384K Free: 198112K (95%)
ptolemy.util.test.WatchDog.cancel(): canceling Mon Aug 06 01:49:31 UTC 2018
auto.tcl: Setting watchdog for 200 seconds at Mon Aug 06 01:49:31 UTC 2018
2 ms. Memory: 208384K Free: 198112K (95%)
ptolemy.util.test.WatchDog.cancel(): canceling Mon Aug 06 01:49:31 UTC 2018
------------------ testing $PTII/ptolemy/domains/de/test/auto/DepthTest4.xml
auto.tcl: Setting watchdog for 200 seconds at Mon Aug 06 01:49:31 UTC 2018
5 ms. Memory: 208384K Free: 195760K (94%)
ptolemy.util.test.WatchDog.cancel(): canceling Mon Aug 06 01:49:31 UTC 2018
auto.tcl: Setting watchdog for 200 seconds at Mon Aug 06 01:49:31 UTC 2018
2 ms. Memory: 208384K Free: 195760K (94%)
ptolemy.util.test.WatchDog.cancel(): canceling Mon Aug 06 01:49:31 UTC 2018
------------------ testing $PTII/ptolemy/domains/de/test/auto/DepthTest5.xml
auto.tcl: Setting watchdog for 200 seconds at Mon Aug 06 01:49:31 UTC 2018
6 ms. Memory: 208384K Free: 196046K (94%)
ptolemy.util.test.WatchDog.cancel(): canceling Mon Aug 06 01:49:31 UTC 2018
auto.tcl: Setting watchdog for 200 seconds at Mon Aug 06 01:49:31 UTC 2018
2 ms. Memory: 208384K Free: 196046K (94%)
ptolemy.util.test.WatchDog.cancel(): canceling Mon Aug 06 01:49:31 UTC 2018
------------------ testing $PTII/ptolemy/domains/de/test/auto/DepthTest6.xml
auto.tcl: Setting watchdog for 200 seconds at Mon Aug 06 01:49:31 UTC 2018
6 ms. Memory: 208384K Free: 195676K (94%)
ptolemy.util.test.WatchDog.cancel(): canceling Mon Aug 06 01:49:31 UTC 2018
auto.tcl: Setting watchdog for 200 seconds at Mon Aug 06 01:49:31 UTC 2018
1 ms. Memory: 208384K Free: 195676K (94%)
ptolemy.util.test.WatchDog.cancel(): canceling Mon Aug 06 01:49:31 UTC 2018
------------------ testing $PTII/ptolemy/domains/de/test/auto/DepthTest7.xml
auto.tcl: Setting watchdog for 200 seconds at Mon Aug 06 01:49:31 UTC 2018
4 ms. Memory: 208384K Free: 195666K (94%)
ptolemy.util.test.WatchDog.cancel(): canceling Mon Aug 06 01:49:31 UTC 2018
auto.tcl: Setting watchdog for 200 seconds at Mon Aug 06 01:49:31 UTC 2018
2 ms. Memory: 208384K Free: 195666K (94%)
ptolemy.util.test.WatchDog.cancel(): canceling Mon Aug 06 01:49:31 UTC 2018
------------------ testing $PTII/ptolemy/domains/de/test/auto/EventToDate.xml
auto.tcl: Setting watchdog for 200 seconds at Mon Aug 06 01:49:31 UTC 2018
3008 ms. Memory: 208384K Free: 185185K (89%)
ptolemy.util.test.WatchDog.cancel(): canceling Mon Aug 06 01:49:34 UTC 2018
auto.tcl: Setting watchdog for 200 seconds at Mon Aug 06 01:49:34 UTC 2018
3004 ms. Memory: 208384K Free: 185185K (89%)
ptolemy.util.test.WatchDog.cancel(): canceling Mon Aug 06 01:49:37 UTC 2018
------------------ testing $PTII/ptolemy/domains/de/test/auto/FSM1.xml
auto.tcl: Setting watchdog for 200 seconds at Mon Aug 06 01:49:37 UTC 2018
16 ms. Memory: 208384K Free: 188717K (91%)
ptolemy.util.test.WatchDog.cancel(): canceling Mon Aug 06 01:49:37 UTC 2018
auto.tcl: Setting watchdog for 200 seconds at Mon Aug 06 01:49:37 UTC 2018
22 ms. Memory: 208384K Free: 184516K (89%)
ptolemy.util.test.WatchDog.cancel(): canceling Mon Aug 06 01:49:37 UTC 2018
------------------ testing $PTII/ptolemy/domains/de/test/auto/FSM7.xml
auto.tcl: Setting watchdog for 200 seconds at Mon Aug 06 01:49:37 UTC 2018
24 ms. Memory: 208384K Free: 186819K (90%)
ptolemy.util.test.WatchDog.cancel(): canceling Mon Aug 06 01:49:37 UTC 2018
auto.tcl: Setting watchdog for 200 seconds at Mon Aug 06 01:49:37 UTC 2018
18 ms. Memory: 208384K Free: 184719K (89%)
ptolemy.util.test.WatchDog.cancel(): canceling Mon Aug 06 01:49:37 UTC 2018
------------------ testing $PTII/ptolemy/domains/de/test/auto/Inspection.xml
auto.tcl: Setting watchdog for 200 seconds at Mon Aug 06 01:49:37 UTC 2018
40 ms. Memory: 208384K Free: 188032K (90%)
ptolemy.util.test.WatchDog.cancel(): canceling Mon Aug 06 01:49:38 UTC 2018
auto.tcl: Setting watchdog for 200 seconds at Mon Aug 06 01:49:38 UTC 2018
22 ms. Memory: 208384K Free: 185932K (89%)
ptolemy.util.test.WatchDog.cancel(): canceling Mon Aug 06 01:49:38 UTC 2018
------------------ testing $PTII/ptolemy/domains/de/test/auto/Iteration.xml
auto.tcl: Setting watchdog for 200 seconds at Mon Aug 06 01:49:38 UTC 2018
11 ms. Memory: 208384K Free: 195809K (94%)
ptolemy.util.test.WatchDog.cancel(): canceling Mon Aug 06 01:49:38 UTC 2018
auto.tcl: Setting watchdog for 200 seconds at Mon Aug 06 01:49:38 UTC 2018
7 ms. Memory: 208384K Free: 193709K (93%)
ptolemy.util.test.WatchDog.cancel(): canceling Mon Aug 06 01:49:38 UTC 2018
------------------ testing $PTII/ptolemy/domains/de/test/auto/LineFault.xml
auto.tcl: Setting watchdog for 200 seconds at Mon Aug 06 01:49:38 UTC 2018
704 ms. Memory: 208384K Free: 195693K (94%)
ptolemy.util.test.WatchDog.cancel(): canceling Mon Aug 06 01:49:39 UTC 2018
auto.tcl: Setting watchdog for 200 seconds at Mon Aug 06 01:49:39 UTC 2018
551 ms. Memory: 208384K Free: 138322K (66%)
ptolemy.util.test.WatchDog.cancel(): canceling Mon Aug 06 01:49:39 UTC 2018
------------------ testing $PTII/ptolemy/domains/de/test/auto/MergeModel1Add.xml
auto.tcl: Setting watchdog for 200 seconds at Mon Aug 06 01:49:39 UTC 2018
30 ms. Memory: 331264K Free: 298258K (90%)
ptolemy.util.test.WatchDog.cancel(): canceling Mon Aug 06 01:49:39 UTC 2018
auto.tcl: Setting watchdog for 200 seconds at Mon Aug 06 01:49:39 UTC 2018
9 ms. Memory: 331264K Free: 298258K (90%)
ptolemy.util.test.WatchDog.cancel(): canceling Mon Aug 06 01:49:39 UTC 2018
------------------ testing $PTII/ptolemy/domains/de/test/auto/MergeModel2Add.xml
auto.tcl: Setting watchdog for 200 seconds at Mon Aug 06 01:49:39 UTC 2018
11 ms. Memory: 331264K Free: 303558K (92%)
ptolemy.util.test.WatchDog.cancel(): canceling Mon Aug 06 01:49:40 UTC 2018
auto.tcl: Setting watchdog for 200 seconds at Mon Aug 06 01:49:40 UTC 2018
7 ms. Memory: 331264K Free: 299613K (90%)
ptolemy.util.test.WatchDog.cancel(): canceling Mon Aug 06 01:49:40 UTC 2018
------------------ testing $PTII/ptolemy/domains/de/test/auto/MergeModel3Add.xml
auto.tcl: Setting watchdog for 200 seconds at Mon Aug 06 01:49:40 UTC 2018
10 ms. Memory: 331264K Free: 303560K (92%)
ptolemy.util.test.WatchDog.cancel(): canceling Mon Aug 06 01:49:40 UTC 2018
auto.tcl: Setting watchdog for 200 seconds at Mon Aug 06 01:49:40 UTC 2018
7 ms. Memory: 331264K Free: 299615K (90%)
ptolemy.util.test.WatchDog.cancel(): canceling Mon Aug 06 01:49:40 UTC 2018
------------------ testing $PTII/ptolemy/domains/de/test/auto/MergeWithoutDiscard.xml
auto.tcl: Setting watchdog for 200 seconds at Mon Aug 06 01:49:40 UTC 2018
4 ms. Memory: 331264K Free: 319373K (96%)
ptolemy.util.test.WatchDog.cancel(): canceling Mon Aug 06 01:49:40 UTC 2018
auto.tcl: Setting watchdog for 200 seconds at Mon Aug 06 01:49:40 UTC 2018
1 ms. Memory: 331264K Free: 315427K (95%)
ptolemy.util.test.WatchDog.cancel(): canceling Mon Aug 06 01:49:40 UTC 2018
------------------ testing $PTII/ptolemy/domains/de/test/auto/Modal1.xml
auto.tcl: Setting watchdog for 200 seconds at Mon Aug 06 01:49:40 UTC 2018
20 ms. Memory: 331264K Free: 309321K (93%)
ptolemy.util.test.WatchDog.cancel(): canceling Mon Aug 06 01:49:40 UTC 2018
auto.tcl: Setting watchdog for 200 seconds at Mon Aug 06 01:49:40 UTC 2018
17 ms. Memory: 331264K Free: 305375K (92%)
ptolemy.util.test.WatchDog.cancel(): canceling Mon Aug 06 01:49:40 UTC 2018
------------------ testing $PTII/ptolemy/domains/de/test/auto/Modal2.xml
auto.tcl: Setting watchdog for 200 seconds at Mon Aug 06 01:49:40 UTC 2018
10 ms. Memory: 331264K Free: 309193K (93%)
ptolemy.util.test.WatchDog.cancel(): canceling Mon Aug 06 01:49:40 UTC 2018
auto.tcl: Setting watchdog for 200 seconds at Mon Aug 06 01:49:40 UTC 2018
10 ms. Memory: 331264K Free: 305248K (92%)
ptolemy.util.test.WatchDog.cancel(): canceling Mon Aug 06 01:49:40 UTC 2018
------------------ testing $PTII/ptolemy/domains/de/test/auto/Modal3.xml
auto.tcl: Setting watchdog for 200 seconds at Mon Aug 06 01:49:40 UTC 2018
10 ms. Memory: 331264K Free: 304069K (92%)
ptolemy.util.test.WatchDog.cancel(): canceling Mon Aug 06 01:49:40 UTC 2018
auto.tcl: Setting watchdog for 200 seconds at Mon Aug 06 01:49:40 UTC 2018
9 ms. Memory: 331264K Free: 300107K (91%)
ptolemy.util.test.WatchDog.cancel(): canceling Mon Aug 06 01:49:40 UTC 2018
------------------ testing $PTII/ptolemy/domains/de/test/auto/Modal4.xml
auto.tcl: Setting watchdog for 200 seconds at Mon Aug 06 01:49:40 UTC 2018
23 ms. Memory: 331264K Free: 308981K (93%)
ptolemy.util.test.WatchDog.cancel(): canceling Mon Aug 06 01:49:40 UTC 2018
auto.tcl: Setting watchdog for 200 seconds at Mon Aug 06 01:49:40 UTC 2018
18 ms. Memory: 331264K Free: 305019K (92%)
ptolemy.util.test.WatchDog.cancel(): canceling Mon Aug 06 01:49:40 UTC 2018
------------------ testing $PTII/ptolemy/domains/de/test/auto/Modal5.xml
auto.tcl: Setting watchdog for 200 seconds at Mon Aug 06 01:49:40 UTC 2018
13 ms. Memory: 331264K Free: 308968K (93%)
ptolemy.util.test.WatchDog.cancel(): canceling Mon Aug 06 01:49:40 UTC 2018
auto.tcl: Setting watchdog for 200 seconds at Mon Aug 06 01:49:40 UTC 2018
12 ms. Memory: 331264K Free: 305007K (92%)
ptolemy.util.test.WatchDog.cancel(): canceling Mon Aug 06 01:49:40 UTC 2018
------------------ testing $PTII/ptolemy/domains/de/test/auto/Modal6.xml
auto.tcl: Setting watchdog for 200 seconds at Mon Aug 06 01:49:40 UTC 2018
18 ms. Memory: 331264K Free: 308973K (93%)
ptolemy.util.test.WatchDog.cancel(): canceling Mon Aug 06 01:49:40 UTC 2018
auto.tcl: Setting watchdog for 200 seconds at Mon Aug 06 01:49:40 UTC 2018
14 ms. Memory: 331264K Free: 305012K (92%)
ptolemy.util.test.WatchDog.cancel(): canceling Mon Aug 06 01:49:40 UTC 2018
------------------ testing $PTII/ptolemy/domains/de/test/auto/Modal7.xml
auto.tcl: Setting watchdog for 200 seconds at Mon Aug 06 01:49:40 UTC 2018
8 ms. Memory: 331264K Free: 308964K (93%)
ptolemy.util.test.WatchDog.cancel(): canceling Mon Aug 06 01:49:40 UTC 2018
auto.tcl: Setting watchdog for 200 seconds at Mon Aug 06 01:49:40 UTC 2018
10 ms. Memory: 331264K Free: 305019K (92%)
ptolemy.util.test.WatchDog.cancel(): canceling Mon Aug 06 01:49:40 UTC 2018
------------------ testing $PTII/ptolemy/domains/de/test/auto/ModalModel.xml
auto.tcl: Setting watchdog for 200 seconds at Mon Aug 06 01:49:40 UTC 2018
154 ms. Memory: 331264K Free: 247750K (75%)
ptolemy.util.test.WatchDog.cancel(): canceling Mon Aug 06 01:49:41 UTC 2018
auto.tcl: Setting watchdog for 200 seconds at Mon Aug 06 01:49:41 UTC 2018
149 ms. Memory: 331264K Free: 192335K (58%)
ptolemy.util.test.WatchDog.cancel(): canceling Mon Aug 06 01:49:41 UTC 2018
------------------ testing $PTII/ptolemy/domains/de/test/auto/ModalSource.xml
auto.tcl: Setting watchdog for 200 seconds at Mon Aug 06 01:49:41 UTC 2018
9 ms. Memory: 331264K Free: 315908K (95%)
ptolemy.util.test.WatchDog.cancel(): canceling Mon Aug 06 01:49:41 UTC 2018
auto.tcl: Setting watchdog for 200 seconds at Mon Aug 06 01:49:41 UTC 2018
5 ms. Memory: 331264K Free: 312377K (94%)
ptolemy.util.test.WatchDog.cancel(): canceling Mon Aug 06 01:49:41 UTC 2018
------------------ testing $PTII/ptolemy/domains/de/test/auto/NonInterruptibleTimerZeroDelay.xml
auto.tcl: Setting watchdog for 200 seconds at Mon Aug 06 01:49:41 UTC 2018
4 ms. Memory: 331264K Free: 320098K (97%)
ptolemy.util.test.WatchDog.cancel(): canceling Mon Aug 06 01:49:41 UTC 2018
auto.tcl: Setting watchdog for 200 seconds at Mon Aug 06 01:49:41 UTC 2018
2 ms. Memory: 331264K Free: 316568K (96%)
ptolemy.util.test.WatchDog.cancel(): canceling Mon Aug 06 01:49:41 UTC 2018
------------------ testing $PTII/ptolemy/domains/de/test/auto/OpenQueueingNetwork.xml
auto.tcl: Setting watchdog for 200 seconds at Mon Aug 06 01:49:41 UTC 2018
2469 ms. Memory: 573952K Free: 418357K (73%)
ptolemy.util.test.WatchDog.cancel(): canceling Mon Aug 06 01:49:44 UTC 2018
auto.tcl: Setting watchdog for 200 seconds at Mon Aug 06 01:49:44 UTC 2018
1960 ms. Memory: 550912K Free: 336255K (61%)
ptolemy.util.test.WatchDog.cancel(): canceling Mon Aug 06 01:49:46 UTC 2018
------------------ testing $PTII/ptolemy/domains/de/test/auto/OpenQueuingNetwork.xml
auto.tcl: Setting watchdog for 200 seconds at Mon Aug 06 01:49:46 UTC 2018
213 ms. Memory: 549888K Free: 444704K (81%)
ptolemy.util.test.WatchDog.cancel(): canceling Mon Aug 06 01:49:46 UTC 2018
auto.tcl: Setting watchdog for 200 seconds at Mon Aug 06 01:49:46 UTC 2018
244 ms. Memory: 549888K Free: 384607K (70%)
ptolemy.util.test.WatchDog.cancel(): canceling Mon Aug 06 01:49:46 UTC 2018
------------------ testing $PTII/ptolemy/domains/de/test/auto/PeriodicSampler.xml
auto.tcl: Setting watchdog for 200 seconds at Mon Aug 06 01:49:46 UTC 2018
3 ms. Memory: 551936K Free: 531086K (96%)
ptolemy.util.test.WatchDog.cancel(): canceling Mon Aug 06 01:49:46 UTC 2018
auto.tcl: Setting watchdog for 200 seconds at Mon Aug 06 01:49:46 UTC 2018
2 ms. Memory: 551936K Free: 531086K (96%)
ptolemy.util.test.WatchDog.cancel(): canceling Mon Aug 06 01:49:46 UTC 2018
------------------ testing $PTII/ptolemy/domains/de/test/auto/PersistentIO.xml
auto.tcl: Setting watchdog for 200 seconds at Mon Aug 06 01:49:46 UTC 2018
11 ms. Memory: 549376K Free: 523875K (95%)
ptolemy.util.test.WatchDog.cancel(): canceling Mon Aug 06 01:49:46 UTC 2018
auto.tcl: Setting watchdog for 200 seconds at Mon Aug 06 01:49:46 UTC 2018
4 ms. Memory: 549376K Free: 523875K (95%)
ptolemy.util.test.WatchDog.cancel(): canceling Mon Aug 06 01:49:46 UTC 2018
------------------ testing $PTII/ptolemy/domains/de/test/auto/PortParameterResetOnInitialize.xml
auto.tcl: Setting watchdog for 200 seconds at Mon Aug 06 01:49:46 UTC 2018
2 ms. Memory: 551424K Free: 531035K (96%)
ptolemy.util.test.WatchDog.cancel(): canceling Mon Aug 06 01:49:46 UTC 2018
auto.tcl: Setting watchdog for 200 seconds at Mon Aug 06 01:49:46 UTC 2018
2 ms. Memory: 551424K Free: 531035K (96%)
ptolemy.util.test.WatchDog.cancel(): canceling Mon Aug 06 01:49:46 UTC 2018
------------------ testing $PTII/ptolemy/domains/de/test/auto/PortParameterUpdates.xml
auto.tcl: Setting watchdog for 200 seconds at Mon Aug 06 01:49:46 UTC 2018
4 ms. Memory: 549376K Free: 534029K (97%)
ptolemy.util.test.WatchDog.cancel(): canceling Mon Aug 06 01:49:46 UTC 2018
auto.tcl: Setting watchdog for 200 seconds at Mon Aug 06 01:49:46 UTC 2018
3 ms. Memory: 549376K Free: 528566K (96%)
ptolemy.util.test.WatchDog.cancel(): canceling Mon Aug 06 01:49:47 UTC 2018
------------------ testing $PTII/ptolemy/domains/de/test/auto/QueueAndServer.xml
auto.tcl: Setting watchdog for 200 seconds at Mon Aug 06 01:49:47 UTC 2018
8 ms. Memory: 551424K Free: 525653K (95%)
ptolemy.util.test.WatchDog.cancel(): canceling Mon Aug 06 01:49:47 UTC 2018
auto.tcl: Setting watchdog for 200 seconds at Mon Aug 06 01:49:47 UTC 2018
7 ms. Memory: 551424K Free: 525653K (95%)
ptolemy.util.test.WatchDog.cancel(): canceling Mon Aug 06 01:49:47 UTC 2018
------------------ testing $PTII/ptolemy/domains/de/test/auto/Records.xml
auto.tcl: Setting watchdog for 200 seconds at Mon Aug 06 01:49:47 UTC 2018
4 ms. Memory: 549376K Free: 533705K (97%)
ptolemy.util.test.WatchDog.cancel(): canceling Mon Aug 06 01:49:47 UTC 2018
auto.tcl: Setting watchdog for 200 seconds at Mon Aug 06 01:49:47 UTC 2018
2 ms. Memory: 549376K Free: 528242K (96%)
ptolemy.util.test.WatchDog.cancel(): canceling Mon Aug 06 01:49:47 UTC 2018
------------------ testing $PTII/ptolemy/domains/de/test/auto/ResetTransitionWithStartTime1.xml
auto.tcl: Setting watchdog for 200 seconds at Mon Aug 06 01:49:47 UTC 2018
6 ms. Memory: 551424K Free: 530300K (96%)
ptolemy.util.test.WatchDog.cancel(): canceling Mon Aug 06 01:49:47 UTC 2018
auto.tcl: Setting watchdog for 200 seconds at Mon Aug 06 01:49:47 UTC 2018
6 ms. Memory: 551424K Free: 530300K (96%)
ptolemy.util.test.WatchDog.cancel(): canceling Mon Aug 06 01:49:47 UTC 2018
------------------ testing $PTII/ptolemy/domains/de/test/auto/ResetTransitionWithStartTime2.xml
auto.tcl: Setting watchdog for 200 seconds at Mon Aug 06 01:49:47 UTC 2018
5 ms. Memory: 549376K Free: 528472K (96%)
ptolemy.util.test.WatchDog.cancel(): canceling Mon Aug 06 01:49:47 UTC 2018
auto.tcl: Setting watchdog for 200 seconds at Mon Aug 06 01:49:47 UTC 2018
6 ms. Memory: 549376K Free: 528472K (96%)
ptolemy.util.test.WatchDog.cancel(): canceling Mon Aug 06 01:49:47 UTC 2018
------------------ testing $PTII/ptolemy/domains/de/test/auto/ResetTransitionWithStartTime3.xml
auto.tcl: Setting watchdog for 200 seconds at Mon Aug 06 01:49:47 UTC 2018
5 ms. Memory: 550912K Free: 529777K (96%)
ptolemy.util.test.WatchDog.cancel(): canceling Mon Aug 06 01:49:47 UTC 2018
auto.tcl: Setting watchdog for 200 seconds at Mon Aug 06 01:49:47 UTC 2018
5 ms. Memory: 550912K Free: 529777K (96%)
ptolemy.util.test.WatchDog.cancel(): canceling Mon Aug 06 01:49:47 UTC 2018
------------------ testing $PTII/ptolemy/domains/de/test/auto/ResetTransitionWithStartTime4.xml
auto.tcl: Setting watchdog for 200 seconds at Mon Aug 06 01:49:47 UTC 2018
4 ms. Memory: 549376K Free: 528239K (96%)
ptolemy.util.test.WatchDog.cancel(): canceling Mon Aug 06 01:49:47 UTC 2018
auto.tcl: Setting watchdog for 200 seconds at Mon Aug 06 01:49:47 UTC 2018
3 ms. Memory: 549376K Free: 528239K (96%)
ptolemy.util.test.WatchDog.cancel(): canceling Mon Aug 06 01:49:47 UTC 2018
------------------ testing $PTII/ptolemy/domains/de/test/auto/ResettableTimer1.xml
auto.tcl: Setting watchdog for 200 seconds at Mon Aug 06 01:49:47 UTC 2018
2 ms. Memory: 550912K Free: 535250K (97%)
ptolemy.util.test.WatchDog.cancel(): canceling Mon Aug 06 01:49:47 UTC 2018
auto.tcl: Setting watchdog for 200 seconds at Mon Aug 06 01:49:47 UTC 2018
2 ms. Memory: 550912K Free: 535250K (97%)
ptolemy.util.test.WatchDog.cancel(): canceling Mon Aug 06 01:49:47 UTC 2018
------------------ testing $PTII/ptolemy/domains/de/test/auto/ResettableTimer2.xml
auto.tcl: Setting watchdog for 200 seconds at Mon Aug 06 01:49:47 UTC 2018
2 ms. Memory: 549376K Free: 534002K (97%)
ptolemy.util.test.WatchDog.cancel(): canceling Mon Aug 06 01:49:47 UTC 2018
auto.tcl: Setting watchdog for 200 seconds at Mon Aug 06 01:49:47 UTC 2018
2 ms. Memory: 549376K Free: 534002K (97%)
ptolemy.util.test.WatchDog.cancel(): canceling Mon Aug 06 01:49:47 UTC 2018
------------------ testing $PTII/ptolemy/domains/de/test/auto/ResettableTimer3.xml
auto.tcl: Setting watchdog for 200 seconds at Mon Aug 06 01:49:47 UTC 2018
1 ms. Memory: 550912K Free: 535307K (97%)
ptolemy.util.test.WatchDog.cancel(): canceling Mon Aug 06 01:49:47 UTC 2018
auto.tcl: Setting watchdog for 200 seconds at Mon Aug 06 01:49:47 UTC 2018
1 ms. Memory: 550912K Free: 535307K (97%)
ptolemy.util.test.WatchDog.cancel(): canceling Mon Aug 06 01:49:47 UTC 2018
------------------ testing $PTII/ptolemy/domains/de/test/auto/ResettableTimer4.xml
auto.tcl: Setting watchdog for 200 seconds at Mon Aug 06 01:49:47 UTC 2018
1 ms. Memory: 549376K Free: 533785K (97%)
ptolemy.util.test.WatchDog.cancel(): canceling Mon Aug 06 01:49:47 UTC 2018
auto.tcl: Setting watchdog for 200 seconds at Mon Aug 06 01:49:47 UTC 2018
1 ms. Memory: 549376K Free: 533785K (97%)
ptolemy.util.test.WatchDog.cancel(): canceling Mon Aug 06 01:49:47 UTC 2018
------------------ testing $PTII/ptolemy/domains/de/test/auto/ResettableTimer5.xml
auto.tcl: Setting watchdog for 200 seconds at Mon Aug 06 01:49:47 UTC 2018
2 ms. Memory: 550400K Free: 535036K (97%)
ptolemy.util.test.WatchDog.cancel(): canceling Mon Aug 06 01:49:47 UTC 2018
auto.tcl: Setting watchdog for 200 seconds at Mon Aug 06 01:49:47 UTC 2018
2 ms. Memory: 550400K Free: 535036K (97%)
ptolemy.util.test.WatchDog.cancel(): canceling Mon Aug 06 01:49:47 UTC 2018
------------------ testing $PTII/ptolemy/domains/de/test/auto/ResettableTimer6.xml
auto.tcl: Setting watchdog for 200 seconds at Mon Aug 06 01:49:47 UTC 2018
1 ms. Memory: 549376K Free: 533730K (97%)
ptolemy.util.test.WatchDog.cancel(): canceling Mon Aug 06 01:49:47 UTC 2018
auto.tcl: Setting watchdog for 200 seconds at Mon Aug 06 01:49:47 UTC 2018
1 ms. Memory: 549376K Free: 533730K (97%)
ptolemy.util.test.WatchDog.cancel(): canceling Mon Aug 06 01:49:47 UTC 2018
------------------ testing $PTII/ptolemy/domains/de/test/auto/ServerZeroDelay.xml
auto.tcl: Setting watchdog for 200 seconds at Mon Aug 06 01:49:47 UTC 2018
7 ms. Memory: 550400K Free: 534975K (97%)
ptolemy.util.test.WatchDog.cancel(): canceling Mon Aug 06 01:49:47 UTC 2018
auto.tcl: Setting watchdog for 200 seconds at Mon Aug 06 01:49:47 UTC 2018
6 ms. Memory: 550400K Free: 534975K (97%)
ptolemy.util.test.WatchDog.cancel(): canceling Mon Aug 06 01:49:47 UTC 2018
------------------ testing $PTII/ptolemy/domains/de/test/auto/SmartSender.xml
auto.tcl: Setting watchdog for 200 seconds at Mon Aug 06 01:49:47 UTC 2018
3002 ms. Memory: 549376K Free: 529267K (96%)
ptolemy.util.test.WatchDog.cancel(): canceling Mon Aug 06 01:49:50 UTC 2018
auto.tcl: Setting watchdog for 200 seconds at Mon Aug 06 01:49:50 UTC 2018
3002 ms. Memory: 549376K Free: 529267K (96%)
ptolemy.util.test.WatchDog.cancel(): canceling Mon Aug 06 01:49:53 UTC 2018
------------------ testing $PTII/ptolemy/domains/de/test/auto/ThreadedComposite.xml
auto.tcl: Setting watchdog for 200 seconds at Mon Aug 06 01:49:53 UTC 2018
232 ms. Memory: 550400K Free: 500421K (91%)
ptolemy.util.test.WatchDog.cancel(): canceling Mon Aug 06 01:49:54 UTC 2018
auto.tcl: Setting watchdog for 200 seconds at Mon Aug 06 01:49:54 UTC 2018
183 ms. Memory: 550400K Free: 476239K (87%)
ptolemy.util.test.WatchDog.cancel(): canceling Mon Aug 06 01:49:54 UTC 2018
------------------ testing $PTII/ptolemy/domains/de/test/auto/Time.xml
auto.tcl: Setting watchdog for 200 seconds at Mon Aug 06 01:49:54 UTC 2018
510 ms. Memory: 549376K Free: 481965K (88%)
ptolemy.util.test.WatchDog.cancel(): canceling Mon Aug 06 01:49:55 UTC 2018
auto.tcl: Setting watchdog for 200 seconds at Mon Aug 06 01:49:55 UTC 2018
421 ms. Memory: 549376K Free: 427331K (78%)
ptolemy.util.test.WatchDog.cancel(): canceling Mon Aug 06 01:49:55 UTC 2018
------------------ testing $PTII/ptolemy/domains/de/test/auto/TimeDelayZeroDelay.xml
auto.tcl: Setting watchdog for 200 seconds at Mon Aug 06 01:49:55 UTC 2018
2 ms. Memory: 550400K Free: 534664K (97%)
ptolemy.util.test.WatchDog.cancel(): canceling Mon Aug 06 01:49:55 UTC 2018
auto.tcl: Setting watchdog for 200 seconds at Mon Aug 06 01:49:55 UTC 2018
1 ms. Memory: 550400K Free: 534664K (97%)
ptolemy.util.test.WatchDog.cancel(): canceling Mon Aug 06 01:49:55 UTC 2018
------------------ testing $PTII/ptolemy/domains/de/test/auto/TimerZeroDelay.xml
auto.tcl: Setting watchdog for 200 seconds at Mon Aug 06 01:49:55 UTC 2018
2 ms. Memory: 549376K Free: 533913K (97%)
ptolemy.util.test.WatchDog.cancel(): canceling Mon Aug 06 01:49:55 UTC 2018
auto.tcl: Setting watchdog for 200 seconds at Mon Aug 06 01:49:55 UTC 2018
2 ms. Memory: 549376K Free: 533913K (97%)
ptolemy.util.test.WatchDog.cancel(): canceling Mon Aug 06 01:49:55 UTC 2018
------------------ testing $PTII/ptolemy/domains/de/test/auto/TimingParadox.xml
auto.tcl: Setting watchdog for 200 seconds at Mon Aug 06 01:49:55 UTC 2018
334 ms. Memory: 549888K Free: 468608K (85%)
ptolemy.util.test.WatchDog.cancel(): canceling Mon Aug 06 01:49:56 UTC 2018
auto.tcl: Setting watchdog for 200 seconds at Mon Aug 06 01:49:56 UTC 2018
340 ms. Memory: 549888K Free: 435828K (79%)
ptolemy.util.test.WatchDog.cancel(): canceling Mon Aug 06 01:49:56 UTC 2018
------------------ testing $PTII/ptolemy/domains/de/test/auto/TransferInputs.xml
auto.tcl: Setting watchdog for 200 seconds at Mon Aug 06 01:49:56 UTC 2018
1 ms. Memory: 549888K Free: 533329K (97%)
ptolemy.util.test.WatchDog.cancel(): canceling Mon Aug 06 01:49:56 UTC 2018
auto.tcl: Setting watchdog for 200 seconds at Mon Aug 06 01:49:56 UTC 2018
1 ms. Memory: 549888K Free: 533329K (97%)
ptolemy.util.test.WatchDog.cancel(): canceling Mon Aug 06 01:49:56 UTC 2018
------------------ testing $PTII/ptolemy/domains/de/test/auto/TransferOutputs2.xml
auto.tcl: Setting watchdog for 200 seconds at Mon Aug 06 01:49:56 UTC 2018
3 ms. Memory: 549376K Free: 523760K (95%)
ptolemy.util.test.WatchDog.cancel(): canceling Mon Aug 06 01:49:56 UTC 2018
auto.tcl: Setting watchdog for 200 seconds at Mon Aug 06 01:49:56 UTC 2018
3 ms. Memory: 549376K Free: 523760K (95%)
ptolemy.util.test.WatchDog.cancel(): canceling Mon Aug 06 01:49:56 UTC 2018
------------------ testing $PTII/ptolemy/domains/de/test/auto/Trilateration.xml
auto.tcl: Setting watchdog for 200 seconds at Mon Aug 06 01:49:56 UTC 2018
12231 ms. Memory: 453632K Free: 145169K (32%)
ptolemy.util.test.WatchDog.cancel(): canceling Mon Aug 06 01:50:09 UTC 2018
auto.tcl: Setting watchdog for 200 seconds at Mon Aug 06 01:50:09 UTC 2018
10209 ms. Memory: 331264K Free: 259598K (78%)
ptolemy.util.test.WatchDog.cancel(): canceling Mon Aug 06 01:50:19 UTC 2018
------------------ testing $PTII/ptolemy/domains/de/test/auto/TwoSigmaDelta.xml
auto.tcl: Setting watchdog for 200 seconds at Mon Aug 06 01:50:20 UTC 2018
2666 ms. Memory: 320000K Free: 261536K (82%)
ptolemy.util.test.WatchDog.cancel(): canceling Mon Aug 06 01:50:22 UTC 2018
auto.tcl: Setting watchdog for 200 seconds at Mon Aug 06 01:50:22 UTC 2018
2067 ms. Memory: 307712K Free: 250315K (81%)
ptolemy.util.test.WatchDog.cancel(): canceling Mon Aug 06 01:50:24 UTC 2018
------------------ testing $PTII/ptolemy/domains/de/test/auto/VariableDelay.xml
auto.tcl: Setting watchdog for 200 seconds at Mon Aug 06 01:50:25 UTC 2018
2 ms. Memory: 309760K Free: 292782K (95%)
ptolemy.util.test.WatchDog.cancel(): canceling Mon Aug 06 01:50:25 UTC 2018
auto.tcl: Setting watchdog for 200 seconds at Mon Aug 06 01:50:25 UTC 2018
2 ms. Memory: 309760K Free: 292782K (95%)
ptolemy.util.test.WatchDog.cancel(): canceling Mon Aug 06 01:50:25 UTC 2018
------------------ testing $PTII/ptolemy/domains/de/test/auto/VariableDelay2.xml
auto.tcl: Setting watchdog for 200 seconds at Mon Aug 06 01:50:25 UTC 2018
6 ms. Memory: 307712K Free: 293428K (95%)
ptolemy.util.test.WatchDog.cancel(): canceling Mon Aug 06 01:50:25 UTC 2018
auto.tcl: Setting watchdog for 200 seconds at Mon Aug 06 01:50:25 UTC 2018
2 ms. Memory: 307712K Free: 293428K (95%)
ptolemy.util.test.WatchDog.cancel(): canceling Mon Aug 06 01:50:25 UTC 2018
------------------ testing $PTII/ptolemy/domains/de/test/auto/VariableDelayZeroDelay.xml
auto.tcl: Setting watchdog for 200 seconds at Mon Aug 06 01:50:25 UTC 2018
2 ms. Memory: 309248K Free: 295988K (96%)
ptolemy.util.test.WatchDog.cancel(): canceling Mon Aug 06 01:50:25 UTC 2018
auto.tcl: Setting watchdog for 200 seconds at Mon Aug 06 01:50:25 UTC 2018
2 ms. Memory: 309248K Free: 292684K (95%)
ptolemy.util.test.WatchDog.cancel(): canceling Mon Aug 06 01:50:25 UTC 2018
------------------ testing $PTII/ptolemy/domains/de/test/auto/VariableDelayZeroDelay2.xml
auto.tcl: Setting watchdog for 200 seconds at Mon Aug 06 01:50:25 UTC 2018
2 ms. Memory: 307712K Free: 291146K (95%)
ptolemy.util.test.WatchDog.cancel(): canceling Mon Aug 06 01:50:25 UTC 2018
auto.tcl: Setting watchdog for 200 seconds at Mon Aug 06 01:50:25 UTC 2018
6 ms. Memory: 307712K Free: 291146K (95%)
ptolemy.util.test.WatchDog.cancel(): canceling Mon Aug 06 01:50:25 UTC 2018
------------------ testing $PTII/ptolemy/domains/de/test/auto/deInCt.xml
auto.tcl: Setting watchdog for 200 seconds at Mon Aug 06 01:50:25 UTC 2018
0
1
1
0
0
0
1
1
1
0
0
0
1
1
1
1
1
0
0
0
1
1
1
1
1
0
0
0
1
1
1
1
1
14 ms. Memory: 309248K Free: 292672K (95%)
ptolemy.util.test.WatchDog.cancel(): canceling Mon Aug 06 01:50:25 UTC 2018
auto.tcl: Setting watchdog for 200 seconds at Mon Aug 06 01:50:25 UTC 2018
0
1
1
0
0
0
1
1
1
0
0
0
0
0
0
1
1
1
1
0
0
0
1
1
1
1
0
0
0
1
1
1
0
0
1
1
1
1
7 ms. Memory: 309248K Free: 292672K (95%)
ptolemy.util.test.WatchDog.cancel(): canceling Mon Aug 06 01:50:25 UTC 2018
------------------ testing $PTII/ptolemy/domains/de/test/auto/deInCt2.xml
auto.tcl: Setting watchdog for 200 seconds at Mon Aug 06 01:50:25 UTC 2018
0
1
1
1
0
0
1
1
1
0
0
1
1
1
0
0
1
1
1
0
0
1
1
1
0
0
1
1
1
0
0
1
1
1
0
0
1
1
1
0
0
0
5 ms. Memory: 307712K Free: 291144K (95%)
ptolemy.util.test.WatchDog.cancel(): canceling Mon Aug 06 01:50:25 UTC 2018
auto.tcl: Setting watchdog for 200 seconds at Mon Aug 06 01:50:25 UTC 2018
0
1
1
1
0
0
1
1
1
0
0
1
1
1
0
0
1
1
1
0
0
1
1
1
0
0
1
1
1
0
0
1
1
1
0
0
1
1
1
0
0
0
5 ms. Memory: 307712K Free: 291144K (95%)
ptolemy.util.test.WatchDog.cancel(): canceling Mon Aug 06 01:50:25 UTC 2018
------------------ testing $PTII/ptolemy/domains/de/test/auto/dynamicCausalityInterface1.xml
auto.tcl: Setting watchdog for 200 seconds at Mon Aug 06 01:50:25 UTC 2018
1 ms. Memory: 308736K Free: 288876K (94%)
ptolemy.util.test.WatchDog.cancel(): canceling Mon Aug 06 01:50:25 UTC 2018
auto.tcl: Setting watchdog for 200 seconds at Mon Aug 06 01:50:25 UTC 2018
1 ms. Memory: 308736K Free: 285573K (92%)
ptolemy.util.test.WatchDog.cancel(): canceling Mon Aug 06 01:50:25 UTC 2018
------------------ testing $PTII/ptolemy/domains/de/test/auto/fsm_de_test.xml
auto.tcl: Setting watchdog for 200 seconds at Mon Aug 06 01:50:25 UTC 2018
12 ms. Memory: 307712K Free: 287763K (94%)
ptolemy.util.test.WatchDog.cancel(): canceling Mon Aug 06 01:50:25 UTC 2018
auto.tcl: Setting watchdog for 200 seconds at Mon Aug 06 01:50:25 UTC 2018
5 ms. Memory: 307712K Free: 284475K (92%)
ptolemy.util.test.WatchDog.cancel(): canceling Mon Aug 06 01:50:25 UTC 2018
------------------ testing $PTII/ptolemy/domains/de/test/auto/functionDependencyReconstruction.xml
auto.tcl: Setting watchdog for 200 seconds at Mon Aug 06 01:50:25 UTC 2018
2 ms. Memory: 308736K Free: 282179K (91%)
ptolemy.util.test.WatchDog.cancel(): canceling Mon Aug 06 01:50:25 UTC 2018
auto.tcl: Setting watchdog for 200 seconds at Mon Aug 06 01:50:25 UTC 2018
3 ms. Memory: 308736K Free: 278876K (90%)
ptolemy.util.test.WatchDog.cancel(): canceling Mon Aug 06 01:50:25 UTC 2018
------------------ testing $PTII/ptolemy/domains/de/test/auto/multirate.xml
auto.tcl: Setting watchdog for 200 seconds at Mon Aug 06 01:50:25 UTC 2018
4 ms. Memory: 307712K Free: 290918K (95%)
ptolemy.util.test.WatchDog.cancel(): canceling Mon Aug 06 01:50:25 UTC 2018
auto.tcl: Setting watchdog for 200 seconds at Mon Aug 06 01:50:25 UTC 2018
3 ms. Memory: 307712K Free: 287614K (93%)
ptolemy.util.test.WatchDog.cancel(): canceling Mon Aug 06 01:50:25 UTC 2018
------------------ testing $PTII/ptolemy/domains/de/test/auto/multirate2.xml
auto.tcl: Setting watchdog for 200 seconds at Mon Aug 06 01:50:25 UTC 2018
7 ms. Memory: 308736K Free: 292113K (95%)
ptolemy.util.test.WatchDog.cancel(): canceling Mon Aug 06 01:50:25 UTC 2018
auto.tcl: Setting watchdog for 200 seconds at Mon Aug 06 01:50:25 UTC 2018
3 ms. Memory: 308736K Free: 288826K (94%)
ptolemy.util.test.WatchDog.cancel(): canceling Mon Aug 06 01:50:25 UTC 2018
------------------ testing $PTII/ptolemy/domains/de/test/auto/realtime.xml
auto.tcl: Setting watchdog for 200 seconds at Mon Aug 06 01:50:25 UTC 2018
10002 ms. Memory: 307712K Free: 291079K (95%)
ptolemy.util.test.WatchDog.cancel(): canceling Mon Aug 06 01:50:35 UTC 2018
auto.tcl: Setting watchdog for 200 seconds at Mon Aug 06 01:50:35 UTC 2018
10001 ms. Memory: 307712K Free: 291079K (95%)
ptolemy.util.test.WatchDog.cancel(): canceling Mon Aug 06 01:50:45 UTC 2018
------------------ testing $PTII/ptolemy/domains/de/test/auto/relationGroup.xml
auto.tcl: Setting watchdog for 200 seconds at Mon Aug 06 01:50:45 UTC 2018
1 ms. Memory: 308224K Free: 294929K (96%)
ptolemy.util.test.WatchDog.cancel(): canceling Mon Aug 06 01:50:45 UTC 2018
auto.tcl: Setting watchdog for 200 seconds at Mon Aug 06 01:50:45 UTC 2018
1 ms. Memory: 308224K Free: 294929K (96%)
ptolemy.util.test.WatchDog.cancel(): canceling Mon Aug 06 01:50:45 UTC 2018
------------------ testing $PTII/ptolemy/domains/de/test/auto/relationGroup2.xml
auto.tcl: Setting watchdog for 200 seconds at Mon Aug 06 01:50:46 UTC 2018
1 ms. Memory: 307712K Free: 294444K (96%)
ptolemy.util.test.WatchDog.cancel(): canceling Mon Aug 06 01:50:46 UTC 2018
auto.tcl: Setting watchdog for 200 seconds at Mon Aug 06 01:50:46 UTC 2018
1 ms. Memory: 307712K Free: 294444K (96%)
ptolemy.util.test.WatchDog.cancel(): canceling Mon Aug 06 01:50:46 UTC 2018
------------------ testing $PTII/ptolemy/domains/de/test/auto/sortWithOpaquePorts.xml
auto.tcl: Setting watchdog for 200 seconds at Mon Aug 06 01:50:46 UTC 2018
1 ms. Memory: 308224K Free: 291654K (95%)
ptolemy.util.test.WatchDog.cancel(): canceling Mon Aug 06 01:50:46 UTC 2018
auto.tcl: Setting watchdog for 200 seconds at Mon Aug 06 01:50:46 UTC 2018
1 ms. Memory: 308224K Free: 291654K (95%)
ptolemy.util.test.WatchDog.cancel(): canceling Mon Aug 06 01:50:46 UTC 2018
------------------ testing $PTII/ptolemy/domains/de/test/auto/transferInputsandOutputs.xml
auto.tcl: Setting watchdog for 200 seconds at Mon Aug 06 01:50:46 UTC 2018
1 ms. Memory: 307712K Free: 291129K (95%)
ptolemy.util.test.WatchDog.cancel(): canceling Mon Aug 06 01:50:46 UTC 2018
auto.tcl: Setting watchdog for 200 seconds at Mon Aug 06 01:50:46 UTC 2018
2 ms. Memory: 307712K Free: 287826K (94%)
ptolemy.util.test.WatchDog.cancel(): canceling Mon Aug 06 01:50:46 UTC 2018
------------------ testing $PTII/ptolemy/domains/de/test/auto/triggerType.xml
auto.tcl: Setting watchdog for 200 seconds at Mon Aug 06 01:50:46 UTC 2018
1 ms. Memory: 308224K Free: 291591K (95%)
ptolemy.util.test.WatchDog.cancel(): canceling Mon Aug 06 01:50:46 UTC 2018
auto.tcl: Setting watchdog for 200 seconds at Mon Aug 06 01:50:46 UTC 2018
1 ms. Memory: 308224K Free: 291591K (95%)
ptolemy.util.test.WatchDog.cancel(): canceling Mon Aug 06 01:50:46 UTC 2018
08/06/18 01:50:46
Failed: 0  Total Tests: 192  ((Passed: 187, Newly Passed: 1)  Known Failed: 5) /home/travis/build/icyphy/ptII/ptolemy/domains/de/test
08/06/18 01:50:46
Failed: 0  Total Tests: 192  ((Passed: 187, Newly Passed: 1)  Known Failed: 5) /home/travis/build/icyphy/ptII/ptolemy/domains/de/test
----------------- testing (KnownFailure) /home/travis/build/icyphy/ptII/ptolemy/domains/de/test/auto/knownFailedTests/DESDFClockTest.xml
2011 ms. Memory: 307712K Free: 285368K (93%)
Known Failure: java.lang.reflect.InvocationTargetException
----------------- testing (KnownFailure) /home/travis/build/icyphy/ptII/ptolemy/domains/de/test/auto/knownFailedTests/DirectFeedback.xml
2 ms. Memory: 307712K Free: 267263K (87%)
Known Failure: java.lang.reflect.InvocationTargetException
----------------- testing (KnownFailure) /home/travis/build/icyphy/ptII/ptolemy/domains/de/test/auto/knownFailedTests/FSMSource.xml
5 ms. Memory: 307712K Free: 244616K (79%)
----------------- testing (KnownFailure) /home/travis/build/icyphy/ptII/ptolemy/domains/de/test/auto/knownFailedTests/HierarchicalModel.xml
2 ms. Memory: 307712K Free: 221945K (72%)
Known Failure: java.lang.reflect.InvocationTargetException
----------------- testing (KnownFailure) /home/travis/build/icyphy/ptII/ptolemy/domains/de/test/auto/knownFailedTests/dependencyLoop.xml
1 ms. Memory: 307712K Free: 190230K (62%)
Known Failure: java.lang.reflect.InvocationTargetException
----------------- testing (KnownFailure) /home/travis/build/icyphy/ptII/ptolemy/domains/de/test/auto/knownFailedTests/dependencyLoop2.xml
2 ms. Memory: 307712K Free: 158516K (52%)
Known Failure: java.lang.reflect.InvocationTargetException
No auto/linux-amd64/*.xml tests in /home/travis/build/icyphy/ptII/ptolemy/domains/de/test
AutoTests.java: About to close Vertx.
AutoTests.java: Vertx closed.

===========================================================================================
----------------- testing Mon Aug 06 01:50:48 UTC 2018 /home/travis/build/icyphy/ptII/ptolemy/domains/de/test/auto/ActorDepthCalculation_actorWithoutPorts.xml
----------------- Instantiating /home/travis/build/icyphy/ptII/ptolemy/domains/de/test/auto/ActorDepthCalculation_actorWithoutPorts.xml
1 ms. Memory: 307712K Free: 131343K (43%)
----------------- Invoking toplevel() on ptolemy.moml.MoMLSimpleApplication@14474260
----------------- Done invoking toplevel() on ptolemy.moml.MoMLSimpleApplication@14474260
reloadAllAccessors: .ActorDepthCalculation_actorWithoutPorts

===========================================================================================
----------------- testing Mon Aug 06 01:50:48 UTC 2018 /home/travis/build/icyphy/ptII/ptolemy/domains/de/test/auto/AssemblyLine.xml
----------------- Instantiating /home/travis/build/icyphy/ptII/ptolemy/domains/de/test/auto/AssemblyLine.xml
1 ms. Memory: 307712K Free: 117748K (38%)
----------------- Invoking toplevel() on ptolemy.moml.MoMLSimpleApplication@179bf713
----------------- Done invoking toplevel() on ptolemy.moml.MoMLSimpleApplication@179bf713
reloadAllAccessors: .AssemblyLine

===========================================================================================
----------------- testing Mon Aug 06 01:50:48 UTC 2018 /home/travis/build/icyphy/ptII/ptolemy/domains/de/test/auto/CQBug1.xml
----------------- Instantiating /home/travis/build/icyphy/ptII/ptolemy/domains/de/test/auto/CQBug1.xml
1 ms. Memory: 307712K Free: 108696K (35%)
----------------- Invoking toplevel() on ptolemy.moml.MoMLSimpleApplication@3888698b
----------------- Done invoking toplevel() on ptolemy.moml.MoMLSimpleApplication@3888698b
reloadAllAccessors: .CQBug1

===========================================================================================
----------------- testing Mon Aug 06 01:50:48 UTC 2018 /home/travis/build/icyphy/ptII/ptolemy/domains/de/test/auto/CancelFireAt.xml
----------------- Instantiating /home/travis/build/icyphy/ptII/ptolemy/domains/de/test/auto/CancelFireAt.xml
1 ms. Memory: 307712K Free: 99644K (32%)
----------------- Invoking toplevel() on ptolemy.moml.MoMLSimpleApplication@7ea9a93
----------------- Done invoking toplevel() on ptolemy.moml.MoMLSimpleApplication@7ea9a93
reloadAllAccessors: .CancelFireAt

===========================================================================================
----------------- testing Mon Aug 06 01:50:48 UTC 2018 /home/travis/build/icyphy/ptII/ptolemy/domains/de/test/auto/CausalityAndComposabilityAnalysis.xml
----------------- Instantiating /home/travis/build/icyphy/ptII/ptolemy/domains/de/test/auto/CausalityAndComposabilityAnalysis.xml
2 ms. Memory: 307712K Free: 90592K (29%)
----------------- Invoking toplevel() on ptolemy.moml.MoMLSimpleApplication@108b699a
----------------- Done invoking toplevel() on ptolemy.moml.MoMLSimpleApplication@108b699a
reloadAllAccessors: .CausalityAndComposabilityAnalysis

===========================================================================================
----------------- testing Mon Aug 06 01:50:48 UTC 2018 /home/travis/build/icyphy/ptII/ptolemy/domains/de/test/auto/CausalityInterface1.xml
----------------- Instantiating /home/travis/build/icyphy/ptII/ptolemy/domains/de/test/auto/CausalityInterface1.xml
3 ms. Memory: 307712K Free: 78252K (25%)
----------------- Invoking toplevel() on ptolemy.moml.MoMLSimpleApplication@66339e6a
----------------- Done invoking toplevel() on ptolemy.moml.MoMLSimpleApplication@66339e6a
reloadAllAccessors: .CausalityInterface1

===========================================================================================
----------------- testing Mon Aug 06 01:50:48 UTC 2018 /home/travis/build/icyphy/ptII/ptolemy/domains/de/test/auto/CausalityInterface15.xml
----------------- Instantiating /home/travis/build/icyphy/ptII/ptolemy/domains/de/test/auto/CausalityInterface15.xml
1 ms. Memory: 298496K Free: 286002K (96%)
----------------- Invoking toplevel() on ptolemy.moml.MoMLSimpleApplication@17f1f9ac
----------------- Done invoking toplevel() on ptolemy.moml.MoMLSimpleApplication@17f1f9ac
reloadAllAccessors: .CausalityInterface15

[...]
java.lang.RuntimeException: Execution failed
	at ptolemy.moml.MoMLSimpleApplication$UnloadThread.run(MoMLSimpleApplication.java:402)
Caused by: ptolemy.kernel.util.IllegalActionException: Test fails in iteration 1.
Value was: 1.0. Should have been: 2.0
  in .DirectFeedback.Test
	at ptolemy.actor.lib.Test.fire(Test.java:268)
	at ptolemy.domains.de.kernel.DEDirector._fire(DEDirector.java:1949)
	at ptolemy.domains.de.kernel.DEDirector.fire(DEDirector.java:502)
	at ptolemy.actor.CompositeActor.fire(CompositeActor.java:455)
	at ptolemy.actor.Manager.iterate(Manager.java:851)
	at ptolemy.actor.Manager.execute(Manager.java:369)
	at ptolemy.actor.Manager.run(Manager.java:1263)
	at ptolemy.actor.Manager$PtolemyRunThread.run(Manager.java:1915)
java.lang.RuntimeException: Execution failed
	at ptolemy.moml.MoMLSimpleApplication$UnloadThread.run(MoMLSimpleApplication.java:402)
Caused by: ptolemy.kernel.util.IllegalActionException: Actor is not ready to fire.  Perhaps UpSample.prefire() returned false? Try debugging the actor by selecting "Listen to Actor".  Also, for SDF check moml for tokenConsumptionRate on input.
  in .DESDFClockTest.Play Bell.Copy1:SDF Director and .DESDFClockTest.Play Bell.UpSample
	at ptolemy.actor.sched.StaticSchedulingDirector.fire(StaticSchedulingDirector.java:227)
	at ptolemy.domains.sdf.kernel.SDFDirector.fire(SDFDirector.java:500)
	at ptolemy.actor.CompositeActor.fire(CompositeActor.java:455)
	at ptolemy.domains.de.kernel.DEDirector._fire(DEDirector.java:1949)
	at ptolemy.domains.de.kernel.DEDirector.fire(DEDirector.java:502)
	at ptolemy.actor.CompositeActor.fire(CompositeActor.java:455)
	at ptolemy.actor.Manager.iterate(Manager.java:851)
	at ptolemy.actor.Manager.execute(Manager.java:369)
	at ptolemy.actor.Manager.run(Manager.java:1263)
	at ptolemy.actor.Manager$PtolemyRunThread.run(Manager.java:1915)
java.lang.reflect.InvocationTargetException
	at sun.reflect.NativeConstructorAccessorImpl.newInstance0(Native Method)
	at sun.reflect.NativeConstructorAccessorImpl.newInstance(NativeConstructorAccessorImpl.java:62)
	at sun.reflect.DelegatingConstructorAccessorImpl.newInstance(DelegatingConstructorAccessorImpl.java:45)
	at java.lang.reflect.Constructor.newInstance(Constructor.java:423)
	at ptolemy.util.test.junit.AutoKnownFailedTests.RunModel(AutoKnownFailedTests.java:107)
	at sun.reflect.NativeMethodAccessorImpl.invoke0(Native Method)
	at sun.reflect.NativeMethodAccessorImpl.invoke(NativeMethodAccessorImpl.java:62)
	at sun.reflect.DelegatingMethodAccessorImpl.invoke(DelegatingMethodAccessorImpl.java:43)
	at java.lang.reflect.Method.invoke(Method.java:498)
	at org.junit.runners.model.FrameworkMethod$1.runReflectiveCall(FrameworkMethod.java:44)
	at org.junit.internal.runners.model.ReflectiveCallable.run(ReflectiveCallable.java:15)
	at org.junit.runners.model.FrameworkMethod.invokeExplosively(FrameworkMethod.java:41)
	at junitparams.internal.InvokeParameterisedMethod.evaluate(InvokeParameterisedMethod.java:102)
	at org.junit.internal.runners.statements.FailOnTimeout$1.run(FailOnTimeout.java:28)
Caused by: ptolemy.kernel.util.IllegalActionException: Actor is not ready to fire.  Perhaps UpSample.prefire() returned false? Try debugging the actor by selecting "Listen to Actor".  Also, for SDF check moml for tokenConsumptionRate on input.
  in .DESDFClockTest.Play Bell.Copy1:SDF Director and .DESDFClockTest.Play Bell.UpSample
	at ptolemy.actor.sched.StaticSchedulingDirector.fire(StaticSchedulingDirector.java:227)
	at ptolemy.domains.sdf.kernel.SDFDirector.fire(SDFDirector.java:500)
	at ptolemy.actor.CompositeActor.fire(CompositeActor.java:455)
	at ptolemy.domains.de.kernel.DEDirector._fire(DEDirector.java:1949)
	at ptolemy.domains.de.kernel.DEDirector.fire(DEDirector.java:502)
	at ptolemy.actor.CompositeActor.fire(CompositeActor.java:455)
	at ptolemy.actor.Manager.iterate(Manager.java:851)
	at ptolemy.actor.Manager.execute(Manager.java:369)
	at ptolemy.actor.Manager.run(Manager.java:1263)
	at ptolemy.actor.Manager$PtolemyRunThread.run(Manager.java:1915)
java.lang.RuntimeException: Execution failed
	at ptolemy.moml.MoMLSimpleApplication$UnloadThread.run(MoMLSimpleApplication.java:402)
Caused by: ptolemy.kernel.util.IllegalActionException: Test fails in iteration 1.
Value was: 1.0. Should have been: 2.0
  in .DirectFeedback.Test
	at ptolemy.actor.lib.Test.fire(Test.java:268)
	at ptolemy.domains.de.kernel.DEDirector._fire(DEDirector.java:1949)
	at ptolemy.domains.de.kernel.DEDirector.fire(DEDirector.java:502)
	at ptolemy.actor.CompositeActor.fire(CompositeActor.java:455)
	at ptolemy.actor.Manager.iterate(Manager.java:851)
	at ptolemy.actor.Manager.execute(Manager.java:369)
	at ptolemy.actor.Manager.run(Manager.java:1263)
	at ptolemy.actor.Manager$PtolemyRunThread.run(Manager.java:1915)
java.lang.reflect.InvocationTargetException
	at sun.reflect.NativeConstructorAccessorImpl.newInstance0(Native Method)
	at sun.reflect.NativeConstructorAccessorImpl.newInstance(NativeConstructorAccessorImpl.java:62)
	at sun.reflect.DelegatingConstructorAccessorImpl.newInstance(DelegatingConstructorAccessorImpl.java:45)
	at java.lang.reflect.Constructor.newInstance(Constructor.java:423)
	at ptolemy.util.test.junit.AutoKnownFailedTests.RunModel(AutoKnownFailedTests.java:107)
	at sun.reflect.NativeMethodAccessorImpl.invoke0(Native Method)
	at sun.reflect.NativeMethodAccessorImpl.invoke(NativeMethodAccessorImpl.java:62)
	at sun.reflect.DelegatingMethodAccessorImpl.invoke(DelegatingMethodAccessorImpl.java:43)
	at java.lang.reflect.Method.invoke(Method.java:498)
	at org.junit.runners.model.FrameworkMethod$1.runReflectiveCall(FrameworkMethod.java:44)
	at org.junit.internal.runners.model.ReflectiveCallable.run(ReflectiveCallable.java:15)
	at org.junit.runners.model.FrameworkMethod.invokeExplosively(FrameworkMethod.java:41)
	at junitparams.internal.InvokeParameterisedMethod.evaluate(InvokeParameterisedMethod.java:102)
	at org.junit.internal.runners.statements.FailOnTimeout$1.run(FailOnTimeout.java:28)
Caused by: ptolemy.kernel.util.IllegalActionException: Test fails in iteration 1.
Value was: 1.0. Should have been: 2.0
  in .DirectFeedback.Test
	at ptolemy.actor.lib.Test.fire(Test.java:268)
	at ptolemy.domains.de.kernel.DEDirector._fire(DEDirector.java:1949)
	at ptolemy.domains.de.kernel.DEDirector.fire(DEDirector.java:502)
	at ptolemy.actor.CompositeActor.fire(CompositeActor.java:455)
	at ptolemy.actor.Manager.iterate(Manager.java:851)
	at ptolemy.actor.Manager.execute(Manager.java:369)
	at ptolemy.actor.Manager.run(Manager.java:1263)
	at ptolemy.actor.Manager$PtolemyRunThread.run(Manager.java:1915)
java.lang.RuntimeException: Execution failed
	at ptolemy.moml.MoMLSimpleApplication$UnloadThread.run(MoMLSimpleApplication.java:402)
Caused by: ptolemy.kernel.util.IllegalActionException: Found a zero delay loop containing .HierarchicalModel.A
  in .HierarchicalModel and .HierarchicalModel.A
	at ptolemy.actor.util.CausalityInterfaceForComposites._computeOutputPortDepth(CausalityInterfaceForComposites.java:759)
	at ptolemy.actor.util.CausalityInterfaceForComposites._computeInputDepth(CausalityInterfaceForComposites.java:696)
	at ptolemy.actor.util.CausalityInterfaceForComposites._computeOutputPortDepth(CausalityInterfaceForComposites.java:765)
	at ptolemy.actor.util.CausalityInterfaceForComposites._computeInputDepth(CausalityInterfaceForComposites.java:696)
	at ptolemy.actor.util.CausalityInterfaceForComposites._computeOutputPortDepth(CausalityInterfaceForComposites.java:765)
	at ptolemy.actor.util.CausalityInterfaceForComposites._computeInputDepth(CausalityInterfaceForComposites.java:696)
	at ptolemy.actor.util.CausalityInterfaceForComposites._computeActorDepth(CausalityInterfaceForComposites.java:532)
	at ptolemy.actor.util.CausalityInterfaceForComposites.checkForCycles(CausalityInterfaceForComposites.java:96)
	at ptolemy.domains.de.kernel.DEDirector.preinitialize(DEDirector.java:1338)
	at ptolemy.actor.CompositeActor.preinitialize(CompositeActor.java:1828)
	at ptolemy.actor.Manager.preinitializeAndResolveTypes(Manager.java:1040)
	at ptolemy.actor.Manager.initialize(Manager.java:710)
	at ptolemy.actor.Manager.execute(Manager.java:356)
	at ptolemy.actor.Manager.run(Manager.java:1263)
	at ptolemy.actor.Manager$PtolemyRunThread.run(Manager.java:1915)
java.lang.reflect.InvocationTargetException
	at sun.reflect.NativeConstructorAccessorImpl.newInstance0(Native Method)
	at sun.reflect.NativeConstructorAccessorImpl.newInstance(NativeConstructorAccessorImpl.java:62)
	at sun.reflect.DelegatingConstructorAccessorImpl.newInstance(DelegatingConstructorAccessorImpl.java:45)
	at java.lang.reflect.Constructor.newInstance(Constructor.java:423)
	at ptolemy.util.test.junit.AutoKnownFailedTests.RunModel(AutoKnownFailedTests.java:107)
	at sun.reflect.NativeMethodAccessorImpl.invoke0(Native Method)
	at sun.reflect.NativeMethodAccessorImpl.invoke(NativeMethodAccessorImpl.java:62)
	at sun.reflect.DelegatingMethodAccessorImpl.invoke(DelegatingMethodAccessorImpl.java:43)
	at java.lang.reflect.Method.invoke(Method.java:498)
	at org.junit.runners.model.FrameworkMethod$1.runReflectiveCall(FrameworkMethod.java:44)
	at org.junit.internal.runners.model.ReflectiveCallable.run(ReflectiveCallable.java:15)
	at org.junit.runners.model.FrameworkMethod.invokeExplosively(FrameworkMethod.java:41)
	at junitparams.internal.InvokeParameterisedMethod.evaluate(InvokeParameterisedMethod.java:102)
	at org.junit.internal.runners.statements.FailOnTimeout$1.run(FailOnTimeout.java:28)
Caused by: ptolemy.kernel.util.IllegalActionException: Found a zero delay loop containing .HierarchicalModel.A
  in .HierarchicalModel and .HierarchicalModel.A
	at ptolemy.actor.util.CausalityInterfaceForComposites._computeOutputPortDepth(CausalityInterfaceForComposites.java:759)
	at ptolemy.actor.util.CausalityInterfaceForComposites._computeInputDepth(CausalityInterfaceForComposites.java:696)
	at ptolemy.actor.util.CausalityInterfaceForComposites._computeOutputPortDepth(CausalityInterfaceForComposites.java:765)
	at ptolemy.actor.util.CausalityInterfaceForComposites._computeInputDepth(CausalityInterfaceForComposites.java:696)
	at ptolemy.actor.util.CausalityInterfaceForComposites._computeOutputPortDepth(CausalityInterfaceForComposites.java:765)
	at ptolemy.actor.util.CausalityInterfaceForComposites._computeInputDepth(CausalityInterfaceForComposites.java:696)
	at ptolemy.actor.util.CausalityInterfaceForComposites._computeActorDepth(CausalityInterfaceForComposites.java:532)
	at ptolemy.actor.util.CausalityInterfaceForComposites.checkForCycles(CausalityInterfaceForComposites.java:96)
	at ptolemy.domains.de.kernel.DEDirector.preinitialize(DEDirector.java:1338)
	at ptolemy.actor.CompositeActor.preinitialize(CompositeActor.java:1828)
	at ptolemy.actor.Manager.preinitializeAndResolveTypes(Manager.java:1040)
	at ptolemy.actor.Manager.initialize(Manager.java:710)
	at ptolemy.actor.Manager.execute(Manager.java:356)
	at ptolemy.actor.Manager.run(Manager.java:1263)
	at ptolemy.actor.Manager$PtolemyRunThread.run(Manager.java:1915)
java.lang.RuntimeException: Execution failed
	at ptolemy.moml.MoMLSimpleApplication$UnloadThread.run(MoMLSimpleApplication.java:402)
Caused by: ptolemy.kernel.util.IllegalActionException: Found a zero delay loop containing .dependencyLoop.original
  in .dependencyLoop and .dependencyLoop.original
	at ptolemy.actor.util.CausalityInterfaceForComposites._computeOutputPortDepth(CausalityInterfaceForComposites.java:759)
	at ptolemy.actor.util.CausalityInterfaceForComposites._computeInputDepth(CausalityInterfaceForComposites.java:696)
	at ptolemy.actor.util.CausalityInterfaceForComposites._computeOutputPortDepth(CausalityInterfaceForComposites.java:765)
	at ptolemy.actor.util.CausalityInterfaceForComposites._computeInputDepth(CausalityInterfaceForComposites.java:696)
	at ptolemy.actor.util.CausalityInterfaceForComposites._computeOutputPortDepth(CausalityInterfaceForComposites.java:765)
	at ptolemy.actor.util.CausalityInterfaceForComposites._computeInputDepth(CausalityInterfaceForComposites.java:696)
	at ptolemy.actor.util.CausalityInterfaceForComposites._computeActorDepth(CausalityInterfaceForComposites.java:532)
	at ptolemy.actor.util.CausalityInterfaceForComposites.checkForCycles(CausalityInterfaceForComposites.java:96)
	at ptolemy.domains.de.kernel.DEDirector.preinitialize(DEDirector.java:1338)
	at ptolemy.actor.CompositeActor.preinitialize(CompositeActor.java:1828)
	at ptolemy.actor.Manager.preinitializeAndResolveTypes(Manager.java:1040)
	at ptolemy.actor.Manager.initialize(Manager.java:710)
	at ptolemy.actor.Manager.execute(Manager.java:356)
	at ptolemy.actor.Manager.run(Manager.java:1263)
	at ptolemy.actor.Manager$PtolemyRunThread.run(Manager.java:1915)
java.lang.reflect.InvocationTargetException
	at sun.reflect.NativeConstructorAccessorImpl.newInstance0(Native Method)
	at sun.reflect.NativeConstructorAccessorImpl.newInstance(NativeConstructorAccessorImpl.java:62)
	at sun.reflect.DelegatingConstructorAccessorImpl.newInstance(DelegatingConstructorAccessorImpl.java:45)
	at java.lang.reflect.Constructor.newInstance(Constructor.java:423)
	at ptolemy.util.test.junit.AutoKnownFailedTests.RunModel(AutoKnownFailedTests.java:107)
	at sun.reflect.NativeMethodAccessorImpl.invoke0(Native Method)
	at sun.reflect.NativeMethodAccessorImpl.invoke(NativeMethodAccessorImpl.java:62)
	at sun.reflect.DelegatingMethodAccessorImpl.invoke(DelegatingMethodAccessorImpl.java:43)
	at java.lang.reflect.Method.invoke(Method.java:498)
	at org.junit.runners.model.FrameworkMethod$1.runReflectiveCall(FrameworkMethod.java:44)
	at org.junit.internal.runners.model.ReflectiveCallable.run(ReflectiveCallable.java:15)
	at org.junit.runners.model.FrameworkMethod.invokeExplosively(FrameworkMethod.java:41)
	at junitparams.internal.InvokeParameterisedMethod.evaluate(InvokeParameterisedMethod.java:102)
	at org.junit.internal.runners.statements.FailOnTimeout$1.run(FailOnTimeout.java:28)
Caused by: ptolemy.kernel.util.IllegalActionException: Found a zero delay loop containing .dependencyLoop.original
  in .dependencyLoop and .dependencyLoop.original
	at ptolemy.actor.util.CausalityInterfaceForComposites._computeOutputPortDepth(CausalityInterfaceForComposites.java:759)
	at ptolemy.actor.util.CausalityInterfaceForComposites._computeInputDepth(CausalityInterfaceForComposites.java:696)
	at ptolemy.actor.util.CausalityInterfaceForComposites._computeOutputPortDepth(CausalityInterfaceForComposites.java:765)
	at ptolemy.actor.util.CausalityInterfaceForComposites._computeInputDepth(CausalityInterfaceForComposites.java:696)
	at ptolemy.actor.util.CausalityInterfaceForComposites._computeOutputPortDepth(CausalityInterfaceForComposites.java:765)
	at ptolemy.actor.util.CausalityInterfaceForComposites._computeInputDepth(CausalityInterfaceForComposites.java:696)
	at ptolemy.actor.util.CausalityInterfaceForComposites._computeActorDepth(CausalityInterfaceForComposites.java:532)
	at ptolemy.actor.util.CausalityInterfaceForComposites.checkForCycles(CausalityInterfaceForComposites.java:96)
	at ptolemy.domains.de.kernel.DEDirector.preinitialize(DEDirector.java:1338)
	at ptolemy.actor.CompositeActor.preinitialize(CompositeActor.java:1828)
	at ptolemy.actor.Manager.preinitializeAndResolveTypes(Manager.java:1040)
	at ptolemy.actor.Manager.initialize(Manager.java:710)
	at ptolemy.actor.Manager.execute(Manager.java:356)
	at ptolemy.actor.Manager.run(Manager.java:1263)
	at ptolemy.actor.Manager$PtolemyRunThread.run(Manager.java:1915)
java.lang.RuntimeException: Execution failed
	at ptolemy.moml.MoMLSimpleApplication$UnloadThread.run(MoMLSimpleApplication.java:402)
Caused by: ptolemy.kernel.util.IllegalActionException: Found a zero delay loop containing .dependencyLoop2.original
  in .dependencyLoop2 and .dependencyLoop2.original
	at ptolemy.actor.util.CausalityInterfaceForComposites._computeOutputPortDepth(CausalityInterfaceForComposites.java:759)
	at ptolemy.actor.util.CausalityInterfaceForComposites._computeInputDepth(CausalityInterfaceForComposites.java:696)
	at ptolemy.actor.util.CausalityInterfaceForComposites._computeOutputPortDepth(CausalityInterfaceForComposites.java:765)
	at ptolemy.actor.util.CausalityInterfaceForComposites._computeInputDepth(CausalityInterfaceForComposites.java:696)
	at ptolemy.actor.util.CausalityInterfaceForComposites._computeOutputPortDepth(CausalityInterfaceForComposites.java:765)
	at ptolemy.actor.util.CausalityInterfaceForComposites._computeInputDepth(CausalityInterfaceForComposites.java:696)
	at ptolemy.actor.util.CausalityInterfaceForComposites._computeActorDepth(CausalityInterfaceForComposites.java:532)
	at ptolemy.actor.util.CausalityInterfaceForComposites.checkForCycles(CausalityInterfaceForComposites.java:96)
	at ptolemy.domains.de.kernel.DEDirector.preinitialize(DEDirector.java:1338)
	at ptolemy.actor.CompositeActor.preinitialize(CompositeActor.java:1828)
	at ptolemy.actor.Manager.preinitializeAndResolveTypes(Manager.java:1040)
	at ptolemy.actor.Manager.initialize(Manager.java:710)
	at ptolemy.actor.Manager.execute(Manager.java:356)
	at ptolemy.actor.Manager.run(Manager.java:1263)
	at ptolemy.actor.Manager$PtolemyRunThread.run(Manager.java:1915)
java.lang.reflect.InvocationTargetException
	at sun.reflect.NativeConstructorAccessorImpl.newInstance0(Native Method)
	at sun.reflect.NativeConstructorAccessorImpl.newInstance(NativeConstructorAccessorImpl.java:62)
	at sun.reflect.DelegatingConstructorAccessorImpl.newInstance(DelegatingConstructorAccessorImpl.java:45)
	at java.lang.reflect.Constructor.newInstance(Constructor.java:423)
	at ptolemy.util.test.junit.AutoKnownFailedTests.RunModel(AutoKnownFailedTests.java:107)
	at sun.reflect.NativeMethodAccessorImpl.invoke0(Native Method)
	at sun.reflect.NativeMethodAccessorImpl.invoke(NativeMethodAccessorImpl.java:62)
	at sun.reflect.DelegatingMethodAccessorImpl.invoke(DelegatingMethodAccessorImpl.java:43)
	at java.lang.reflect.Method.invoke(Method.java:498)
	at org.junit.runners.model.FrameworkMethod$1.runReflectiveCall(FrameworkMethod.java:44)
	at org.junit.internal.runners.model.ReflectiveCallable.run(ReflectiveCallable.java:15)
	at org.junit.runners.model.FrameworkMethod.invokeExplosively(FrameworkMethod.java:41)
	at junitparams.internal.InvokeParameterisedMethod.evaluate(InvokeParameterisedMethod.java:102)
	at org.junit.internal.runners.statements.FailOnTimeout$1.run(FailOnTimeout.java:28)
Caused by: ptolemy.kernel.util.IllegalActionException: Found a zero delay loop containing .dependencyLoop2.original
  in .dependencyLoop2 and .dependencyLoop2.original
	at ptolemy.actor.util.CausalityInterfaceForComposites._computeOutputPortDepth(CausalityInterfaceForComposites.java:759)
	at ptolemy.actor.util.CausalityInterfaceForComposites._computeInputDepth(CausalityInterfaceForComposites.java:696)
	at ptolemy.actor.util.CausalityInterfaceForComposites._computeOutputPortDepth(CausalityInterfaceForComposites.java:765)
	at ptolemy.actor.util.CausalityInterfaceForComposites._computeInputDepth(CausalityInterfaceForComposites.java:696)
	at ptolemy.actor.util.CausalityInterfaceForComposites._computeOutputPortDepth(CausalityInterfaceForComposites.java:765)
	at ptolemy.actor.util.CausalityInterfaceForComposites._computeInputDepth(CausalityInterfaceForComposites.java:696)
	at ptolemy.actor.util.CausalityInterfaceForComposites._computeActorDepth(CausalityInterfaceForComposites.java:532)
	at ptolemy.actor.util.CausalityInterfaceForComposites.checkForCycles(CausalityInterfaceForComposites.java:96)
	at ptolemy.domains.de.kernel.DEDirector.preinitialize(DEDirector.java:1338)
	at ptolemy.actor.CompositeActor.preinitialize(CompositeActor.java:1828)
	at ptolemy.actor.Manager.preinitializeAndResolveTypes(Manager.java:1040)
	at ptolemy.actor.Manager.initialize(Manager.java:710)
	at ptolemy.actor.Manager.execute(Manager.java:356)
	at ptolemy.actor.Manager.run(Manager.java:1263)
	at ptolemy.actor.Manager$PtolemyRunThread.run(Manager.java:1915)
]]></system-err>
</testsuite>
