<?xml version="1.0" encoding="UTF-8" ?>
<testsuite errors="0" failures="0" hostname="travis-job-203259b7-2935-471f-9850-f3f42140903b" name="ptolemy.domains.de.test.junit.JUnitTclTest" skipped="0" tests="101" time="135.69" timestamp="2019-06-30T04:43:07">
  <properties>
[...]
</properties>
  <testcase classname="ptolemy.util.test.junit.TclTests" name="[0] /home/travis/build/icyphy/ptII/ptolemy/domains/de/test/DependencyLoop.tcl (RunTclFile)" time="1.093" />
  <testcase classname="ptolemy.util.test.junit.TclTests" name="[1] /home/travis/build/icyphy/ptII/ptolemy/domains/de/test/RunDETestsAsQSS.tcl (RunTclFile)" time="92.043" />
  <testcase classname="ptolemy.util.test.junit.AutoKnownFailedTests" name="[0] /home/travis/build/icyphy/ptII/ptolemy/domains/de/test/auto/knownFailedTests/DESDFClockTest.xml (RunModel)" time="2.037" />
  <testcase classname="ptolemy.util.test.junit.AutoKnownFailedTests" name="[1] /home/travis/build/icyphy/ptII/ptolemy/domains/de/test/auto/knownFailedTests/DirectFeedback.xml (RunModel)" time="0.024" />
  <testcase classname="ptolemy.util.test.junit.AutoKnownFailedTests" name="[2] /home/travis/build/icyphy/ptII/ptolemy/domains/de/test/auto/knownFailedTests/FSMSource.xml (RunModel)" time="0.021" />
  <testcase classname="ptolemy.util.test.junit.AutoKnownFailedTests" name="[3] /home/travis/build/icyphy/ptII/ptolemy/domains/de/test/auto/knownFailedTests/HierarchicalModel.xml (RunModel)" time="0.055" />
  <testcase classname="ptolemy.util.test.junit.AutoKnownFailedTests" name="[4] /home/travis/build/icyphy/ptII/ptolemy/domains/de/test/auto/knownFailedTests/dependencyLoop.xml (RunModel)" time="0.048" />
  <testcase classname="ptolemy.util.test.junit.AutoKnownFailedTests" name="[5] /home/travis/build/icyphy/ptII/ptolemy/domains/de/test/auto/knownFailedTests/dependencyLoop2.xml (RunModel)" time="0.052" />
  <testcase classname="ptolemy.util.test.junit.AutoNameArchTests" name="[0] ThereAreNoAutoArchTests (RunModel)" time="0.004" />
  <testcase classname="ptolemy.util.test.junit.AutoTests" name="[0] /home/travis/build/icyphy/ptII/ptolemy/domains/de/test/auto/ActorDepthCalculation_actorWithoutPorts.xml (RunModel)" time="0.029" />
  <testcase classname="ptolemy.util.test.junit.AutoTests" name="[1] /home/travis/build/icyphy/ptII/ptolemy/domains/de/test/auto/AssemblyLine.xml (RunModel)" time="0.023" />
  <testcase classname="ptolemy.util.test.junit.AutoTests" name="[2] /home/travis/build/icyphy/ptII/ptolemy/domains/de/test/auto/CQBug1.xml (RunModel)" time="0.009" />
  <testcase classname="ptolemy.util.test.junit.AutoTests" name="[3] /home/travis/build/icyphy/ptII/ptolemy/domains/de/test/auto/CancelFireAt.xml (RunModel)" time="0.007" />
  <testcase classname="ptolemy.util.test.junit.AutoTests" name="[4] /home/travis/build/icyphy/ptII/ptolemy/domains/de/test/auto/CausalityAndComposabilityAnalysis.xml (RunModel)" time="0.013" />
  <testcase classname="ptolemy.util.test.junit.AutoTests" name="[5] /home/travis/build/icyphy/ptII/ptolemy/domains/de/test/auto/CausalityInterface1.xml (RunModel)" time="0.014" />
  <testcase classname="ptolemy.util.test.junit.AutoTests" name="[6] /home/travis/build/icyphy/ptII/ptolemy/domains/de/test/auto/CausalityInterface15.xml (RunModel)" time="0.026" />
  <testcase classname="ptolemy.util.test.junit.AutoTests" name="[7] /home/travis/build/icyphy/ptII/ptolemy/domains/de/test/auto/CausalityInterface2.xml (RunModel)" time="0.012" />
  <testcase classname="ptolemy.util.test.junit.AutoTests" name="[8] /home/travis/build/icyphy/ptII/ptolemy/domains/de/test/auto/CausalityInterface3.xml (RunModel)" time="0.015" />
  <testcase classname="ptolemy.util.test.junit.AutoTests" name="[9] /home/travis/build/icyphy/ptII/ptolemy/domains/de/test/auto/ClockDrift.xml (RunModel)" time="0.04" />
  <testcase classname="ptolemy.util.test.junit.AutoTests" name="[10] /home/travis/build/icyphy/ptII/ptolemy/domains/de/test/auto/ClockDriftAndValueChange.xml (RunModel)" time="0.042" />
  <testcase classname="ptolemy.util.test.junit.AutoTests" name="[11] /home/travis/build/icyphy/ptII/ptolemy/domains/de/test/auto/ClockDriftChange.xml (RunModel)" time="0.032" />
  <testcase classname="ptolemy.util.test.junit.AutoTests" name="[12] /home/travis/build/icyphy/ptII/ptolemy/domains/de/test/auto/ComposableCausalityAnalysis.xml (RunModel)" time="0.019" />
  <testcase classname="ptolemy.util.test.junit.AutoTests" name="[13] /home/travis/build/icyphy/ptII/ptolemy/domains/de/test/auto/DEFixedPointLimitation.xml (RunModel)" time="0.011" />
  <testcase classname="ptolemy.util.test.junit.AutoTests" name="[14] /home/travis/build/icyphy/ptII/ptolemy/domains/de/test/auto/DEScheduleTest.xml (RunModel)" time="0.015" />
  <testcase classname="ptolemy.util.test.junit.AutoTests" name="[15] /home/travis/build/icyphy/ptII/ptolemy/domains/de/test/auto/DEinDEwithStartTimes.xml (RunModel)" time="0.024" />
  <testcase classname="ptolemy.util.test.junit.AutoTests" name="[16] /home/travis/build/icyphy/ptII/ptolemy/domains/de/test/auto/DEinDEwithStartTimes2.xml (RunModel)" time="0.016" />
  <testcase classname="ptolemy.util.test.junit.AutoTests" name="[17] /home/travis/build/icyphy/ptII/ptolemy/domains/de/test/auto/DateDemo.xml (RunModel)" time="0.039" />
  <testcase classname="ptolemy.util.test.junit.AutoTests" name="[18] /home/travis/build/icyphy/ptII/ptolemy/domains/de/test/auto/DateToEvent.xml (RunModel)" time="2.051" />
  <testcase classname="ptolemy.util.test.junit.AutoTests" name="[19] /home/travis/build/icyphy/ptII/ptolemy/domains/de/test/auto/DepthTest1.xml (RunModel)" time="0.011" />
  <testcase classname="ptolemy.util.test.junit.AutoTests" name="[20] /home/travis/build/icyphy/ptII/ptolemy/domains/de/test/auto/DepthTest2.xml (RunModel)" time="0.025" />
  <testcase classname="ptolemy.util.test.junit.AutoTests" name="[21] /home/travis/build/icyphy/ptII/ptolemy/domains/de/test/auto/DepthTest3.xml (RunModel)" time="0.008" />
  <testcase classname="ptolemy.util.test.junit.AutoTests" name="[22] /home/travis/build/icyphy/ptII/ptolemy/domains/de/test/auto/DepthTest4.xml (RunModel)" time="0.022" />
  <testcase classname="ptolemy.util.test.junit.AutoTests" name="[23] /home/travis/build/icyphy/ptII/ptolemy/domains/de/test/auto/DepthTest5.xml (RunModel)" time="0.019" />
  <testcase classname="ptolemy.util.test.junit.AutoTests" name="[24] /home/travis/build/icyphy/ptII/ptolemy/domains/de/test/auto/DepthTest6.xml (RunModel)" time="0.016" />
  <testcase classname="ptolemy.util.test.junit.AutoTests" name="[25] /home/travis/build/icyphy/ptII/ptolemy/domains/de/test/auto/DepthTest7.xml (RunModel)" time="0.014" />
  <testcase classname="ptolemy.util.test.junit.AutoTests" name="[26] /home/travis/build/icyphy/ptII/ptolemy/domains/de/test/auto/EventToDate.xml (RunModel)" time="3.037" />
  <testcase classname="ptolemy.util.test.junit.AutoTests" name="[27] /home/travis/build/icyphy/ptII/ptolemy/domains/de/test/auto/FSM1.xml (RunModel)" time="0.048" />
  <testcase classname="ptolemy.util.test.junit.AutoTests" name="[28] /home/travis/build/icyphy/ptII/ptolemy/domains/de/test/auto/FSM7.xml (RunModel)" time="0.05" />
  <testcase classname="ptolemy.util.test.junit.AutoTests" name="[29] /home/travis/build/icyphy/ptII/ptolemy/domains/de/test/auto/Inspection.xml (RunModel)" time="0.039" />
  <testcase classname="ptolemy.util.test.junit.AutoTests" name="[30] /home/travis/build/icyphy/ptII/ptolemy/domains/de/test/auto/Iteration.xml (RunModel)" time="0.029" />
  <testcase classname="ptolemy.util.test.junit.AutoTests" name="[31] /home/travis/build/icyphy/ptII/ptolemy/domains/de/test/auto/LineFault.xml (RunModel)" time="0.64" />
  <testcase classname="ptolemy.util.test.junit.AutoTests" name="[32] /home/travis/build/icyphy/ptII/ptolemy/domains/de/test/auto/MergeModel1Add.xml (RunModel)" time="0.055" />
  <testcase classname="ptolemy.util.test.junit.AutoTests" name="[33] /home/travis/build/icyphy/ptII/ptolemy/domains/de/test/auto/MergeModel2Add.xml (RunModel)" time="0.039" />
  <testcase classname="ptolemy.util.test.junit.AutoTests" name="[34] /home/travis/build/icyphy/ptII/ptolemy/domains/de/test/auto/MergeModel3Add.xml (RunModel)" time="0.055" />
  <testcase classname="ptolemy.util.test.junit.AutoTests" name="[35] /home/travis/build/icyphy/ptII/ptolemy/domains/de/test/auto/MergeWithoutDiscard.xml (RunModel)" time="0.012" />
  <testcase classname="ptolemy.util.test.junit.AutoTests" name="[36] /home/travis/build/icyphy/ptII/ptolemy/domains/de/test/auto/Modal1.xml (RunModel)" time="0.037" />
  <testcase classname="ptolemy.util.test.junit.AutoTests" name="[37] /home/travis/build/icyphy/ptII/ptolemy/domains/de/test/auto/Modal2.xml (RunModel)" time="0.03" />
  <testcase classname="ptolemy.util.test.junit.AutoTests" name="[38] /home/travis/build/icyphy/ptII/ptolemy/domains/de/test/auto/Modal3.xml (RunModel)" time="0.038" />
  <testcase classname="ptolemy.util.test.junit.AutoTests" name="[39] /home/travis/build/icyphy/ptII/ptolemy/domains/de/test/auto/Modal4.xml (RunModel)" time="0.034" />
  <testcase classname="ptolemy.util.test.junit.AutoTests" name="[40] /home/travis/build/icyphy/ptII/ptolemy/domains/de/test/auto/Modal5.xml (RunModel)" time="0.035" />
  <testcase classname="ptolemy.util.test.junit.AutoTests" name="[41] /home/travis/build/icyphy/ptII/ptolemy/domains/de/test/auto/Modal6.xml (RunModel)" time="0.031" />
  <testcase classname="ptolemy.util.test.junit.AutoTests" name="[42] /home/travis/build/icyphy/ptII/ptolemy/domains/de/test/auto/Modal7.xml (RunModel)" time="0.034" />
  <testcase classname="ptolemy.util.test.junit.AutoTests" name="[43] /home/travis/build/icyphy/ptII/ptolemy/domains/de/test/auto/ModalModel.xml (RunModel)" time="0.196" />
  <testcase classname="ptolemy.util.test.junit.AutoTests" name="[44] /home/travis/build/icyphy/ptII/ptolemy/domains/de/test/auto/ModalSource.xml (RunModel)" time="0.022" />
  <testcase classname="ptolemy.util.test.junit.AutoTests" name="[45] /home/travis/build/icyphy/ptII/ptolemy/domains/de/test/auto/NonInterruptibleTimerZeroDelay.xml (RunModel)" time="0.012" />
  <testcase classname="ptolemy.util.test.junit.AutoTests" name="[46] /home/travis/build/icyphy/ptII/ptolemy/domains/de/test/auto/OpenQueueingNetwork.xml (RunModel)" time="2.458" />
  <testcase classname="ptolemy.util.test.junit.AutoTests" name="[47] /home/travis/build/icyphy/ptII/ptolemy/domains/de/test/auto/OpenQueuingNetwork.xml (RunModel)" time="0.334" />
  <testcase classname="ptolemy.util.test.junit.AutoTests" name="[48] /home/travis/build/icyphy/ptII/ptolemy/domains/de/test/auto/PeriodicSampler.xml (RunModel)" time="0.009" />
  <testcase classname="ptolemy.util.test.junit.AutoTests" name="[49] /home/travis/build/icyphy/ptII/ptolemy/domains/de/test/auto/PersistentIO.xml (RunModel)" time="0.024" />
  <testcase classname="ptolemy.util.test.junit.AutoTests" name="[50] /home/travis/build/icyphy/ptII/ptolemy/domains/de/test/auto/PortParameterResetOnInitialize.xml (RunModel)" time="0.017" />
  <testcase classname="ptolemy.util.test.junit.AutoTests" name="[51] /home/travis/build/icyphy/ptII/ptolemy/domains/de/test/auto/PortParameterUpdates.xml (RunModel)" time="0.016" />
  <testcase classname="ptolemy.util.test.junit.AutoTests" name="[52] /home/travis/build/icyphy/ptII/ptolemy/domains/de/test/auto/QueueAndServer.xml (RunModel)" time="0.027" />
  <testcase classname="ptolemy.util.test.junit.AutoTests" name="[53] /home/travis/build/icyphy/ptII/ptolemy/domains/de/test/auto/Records.xml (RunModel)" time="0.022" />
  <testcase classname="ptolemy.util.test.junit.AutoTests" name="[54] /home/travis/build/icyphy/ptII/ptolemy/domains/de/test/auto/ResetTransitionWithStartTime1.xml (RunModel)" time="0.022" />
  <testcase classname="ptolemy.util.test.junit.AutoTests" name="[55] /home/travis/build/icyphy/ptII/ptolemy/domains/de/test/auto/ResetTransitionWithStartTime2.xml (RunModel)" time="0.024" />
  <testcase classname="ptolemy.util.test.junit.AutoTests" name="[56] /home/travis/build/icyphy/ptII/ptolemy/domains/de/test/auto/ResetTransitionWithStartTime3.xml (RunModel)" time="0.023" />
  <testcase classname="ptolemy.util.test.junit.AutoTests" name="[57] /home/travis/build/icyphy/ptII/ptolemy/domains/de/test/auto/ResetTransitionWithStartTime4.xml (RunModel)" time="0.02" />
  <testcase classname="ptolemy.util.test.junit.AutoTests" name="[58] /home/travis/build/icyphy/ptII/ptolemy/domains/de/test/auto/ResettableTimer1.xml (RunModel)" time="0.012" />
  <testcase classname="ptolemy.util.test.junit.AutoTests" name="[59] /home/travis/build/icyphy/ptII/ptolemy/domains/de/test/auto/ResettableTimer2.xml (RunModel)" time="0.011" />
  <testcase classname="ptolemy.util.test.junit.AutoTests" name="[60] /home/travis/build/icyphy/ptII/ptolemy/domains/de/test/auto/ResettableTimer3.xml (RunModel)" time="0.009" />
  <testcase classname="ptolemy.util.test.junit.AutoTests" name="[61] /home/travis/build/icyphy/ptII/ptolemy/domains/de/test/auto/ResettableTimer4.xml (RunModel)" time="0.012" />
  <testcase classname="ptolemy.util.test.junit.AutoTests" name="[62] /home/travis/build/icyphy/ptII/ptolemy/domains/de/test/auto/ResettableTimer5.xml (RunModel)" time="0.011" />
  <testcase classname="ptolemy.util.test.junit.AutoTests" name="[63] /home/travis/build/icyphy/ptII/ptolemy/domains/de/test/auto/ResettableTimer6.xml (RunModel)" time="0.019" />
  <testcase classname="ptolemy.util.test.junit.AutoTests" name="[64] /home/travis/build/icyphy/ptII/ptolemy/domains/de/test/auto/ServerZeroDelay.xml (RunModel)" time="0.012" />
  <testcase classname="ptolemy.util.test.junit.AutoTests" name="[65] /home/travis/build/icyphy/ptII/ptolemy/domains/de/test/auto/SmartSender.xml (RunModel)" time="3.009" />
  <testcase classname="ptolemy.util.test.junit.AutoTests" name="[66] /home/travis/build/icyphy/ptII/ptolemy/domains/de/test/auto/ThreadedComposite.xml (RunModel)" time="0.23" />
  <testcase classname="ptolemy.util.test.junit.AutoTests" name="[67] /home/travis/build/icyphy/ptII/ptolemy/domains/de/test/auto/Time.xml (RunModel)" time="0.443" />
  <testcase classname="ptolemy.util.test.junit.AutoTests" name="[68] /home/travis/build/icyphy/ptII/ptolemy/domains/de/test/auto/TimeDelayZeroDelay.xml (RunModel)" time="0.013" />
  <testcase classname="ptolemy.util.test.junit.AutoTests" name="[69] /home/travis/build/icyphy/ptII/ptolemy/domains/de/test/auto/TimerZeroDelay.xml (RunModel)" time="0.012" />
  <testcase classname="ptolemy.util.test.junit.AutoTests" name="[70] /home/travis/build/icyphy/ptII/ptolemy/domains/de/test/auto/TimingParadox.xml (RunModel)" time="0.359" />
  <testcase classname="ptolemy.util.test.junit.AutoTests" name="[71] /home/travis/build/icyphy/ptII/ptolemy/domains/de/test/auto/TransferInputs.xml (RunModel)" time="0.02" />
  <testcase classname="ptolemy.util.test.junit.AutoTests" name="[72] /home/travis/build/icyphy/ptII/ptolemy/domains/de/test/auto/TransferOutputs2.xml (RunModel)" time="0.016" />
  <testcase classname="ptolemy.util.test.junit.AutoTests" name="[73] /home/travis/build/icyphy/ptII/ptolemy/domains/de/test/auto/Trilateration.xml (RunModel)" time="13.182" />
  <testcase classname="ptolemy.util.test.junit.AutoTests" name="[74] /home/travis/build/icyphy/ptII/ptolemy/domains/de/test/auto/TwoSigmaDelta.xml (RunModel)" time="2.241" />
  <testcase classname="ptolemy.util.test.junit.AutoTests" name="[75] /home/travis/build/icyphy/ptII/ptolemy/domains/de/test/auto/VariableDelay.xml (RunModel)" time="0.018" />
  <testcase classname="ptolemy.util.test.junit.AutoTests" name="[76] /home/travis/build/icyphy/ptII/ptolemy/domains/de/test/auto/VariableDelay2.xml (RunModel)" time="0.019" />
  <testcase classname="ptolemy.util.test.junit.AutoTests" name="[77] /home/travis/build/icyphy/ptII/ptolemy/domains/de/test/auto/VariableDelayZeroDelay.xml (RunModel)" time="0.019" />
  <testcase classname="ptolemy.util.test.junit.AutoTests" name="[78] /home/travis/build/icyphy/ptII/ptolemy/domains/de/test/auto/VariableDelayZeroDelay2.xml (RunModel)" time="0.011" />
  <testcase classname="ptolemy.util.test.junit.AutoTests" name="[79] /home/travis/build/icyphy/ptII/ptolemy/domains/de/test/auto/deInCt.xml (RunModel)" time="0.022" />
  <testcase classname="ptolemy.util.test.junit.AutoTests" name="[80] /home/travis/build/icyphy/ptII/ptolemy/domains/de/test/auto/deInCt2.xml (RunModel)" time="0.02" />
  <testcase classname="ptolemy.util.test.junit.AutoTests" name="[81] /home/travis/build/icyphy/ptII/ptolemy/domains/de/test/auto/dynamicCausalityInterface1.xml (RunModel)" time="0.023" />
  <testcase classname="ptolemy.util.test.junit.AutoTests" name="[82] /home/travis/build/icyphy/ptII/ptolemy/domains/de/test/auto/fsm_de_test.xml (RunModel)" time="0.029" />
  <testcase classname="ptolemy.util.test.junit.AutoTests" name="[83] /home/travis/build/icyphy/ptII/ptolemy/domains/de/test/auto/functionDependencyReconstruction.xml (RunModel)" time="0.033" />
  <testcase classname="ptolemy.util.test.junit.AutoTests" name="[84] /home/travis/build/icyphy/ptII/ptolemy/domains/de/test/auto/multirate.xml (RunModel)" time="0.018" />
  <testcase classname="ptolemy.util.test.junit.AutoTests" name="[85] /home/travis/build/icyphy/ptII/ptolemy/domains/de/test/auto/multirate2.xml (RunModel)" time="0.018" />
  <testcase classname="ptolemy.util.test.junit.AutoTests" name="[86] /home/travis/build/icyphy/ptII/ptolemy/domains/de/test/auto/realtime.xml (RunModel)" time="10.014" />
  <testcase classname="ptolemy.util.test.junit.AutoTests" name="[87] /home/travis/build/icyphy/ptII/ptolemy/domains/de/test/auto/relationGroup.xml (RunModel)" time="0.015" />
  <testcase classname="ptolemy.util.test.junit.AutoTests" name="[88] /home/travis/build/icyphy/ptII/ptolemy/domains/de/test/auto/relationGroup2.xml (RunModel)" time="0.008" />
  <testcase classname="ptolemy.util.test.junit.AutoTests" name="[89] /home/travis/build/icyphy/ptII/ptolemy/domains/de/test/auto/sortWithOpaquePorts.xml (RunModel)" time="0.011" />
  <testcase classname="ptolemy.util.test.junit.AutoTests" name="[90] /home/travis/build/icyphy/ptII/ptolemy/domains/de/test/auto/transferInputsandOutputs.xml (RunModel)" time="0.016" />
  <testcase classname="ptolemy.util.test.junit.AutoTests" name="[91] /home/travis/build/icyphy/ptII/ptolemy/domains/de/test/auto/triggerType.xml (RunModel)" time="0.013" />
  <system-out><![CDATA[/home/travis/build/icyphy/ptII/ptolemy/domains/de/test/DependencyLoop.tcl
testDefs.tcl: setting time out to 9000 seconds at Sun Jun 30 04:43:07 UTC 2019
116 ms. Memory: 120832K Free: 99491K (82%)
32 ms. Memory: 163840K Free: 146393K (89%)
/home/travis/build/icyphy/ptII/ptolemy/domains/de/test/RunDETestsAsQSS.tcl
Run the DE tests using ptolemy.domains.qss.test.QSSDirectorTest, which extends QSSDirector and prints a message in the constructors.
------------------ testing $PTII/ptolemy/domains/de/test/auto/knownFailedTests/DirectFeedback.xml (Known Failure) 
66 ms. Memory: 163840K Free: 141343K (86%)


==== $PTIIhome/travis/build/icyphy/ptII/ptolemy/domains/de/test/../../../../: Auto Automatic test in file $PTII/ptolemy/domains/de/test/auto/knownFailedTests/DirectFeedback.xml
==== Contents of test case:

	    # FIXME: we should use $relativeFilename here, but it
	    # might have backslashes under Windows, which causes no end
	    # of trouble.
	    createAndExecute $file
	    list {}
	
.... Test generated KNOWN error:
    while executing
ptolemy.kernel.util.IllegalActionException: Test fails in iteration 1.
Value was: 1.0. Should have been: 2.0
  in .DirectFeedback.Test
	at ptolemy.actor.lib.Test.fire(Test.java:268)
	at ptolemy.domains.de.kernel.DEDirector._fire(DEDirector.java:1949)
	at ptolemy.domains.de.kernel.DEDirector.fire(DEDirector.java:502)
	at ptolemy.actor.CompositeActor.fire(CompositeActor.java:455)
	at ptolemy.actor.Manager.iterate(Manager.java:851)
	at ptolemy.actor.Manager.execute(Manager.java:369)
	at ptolemy.actor.Manager.run(Manager.java:1263)
	at ptolemy.actor.Manager$PtolemyRunThread.run(Manager.java:1915)

    while executing
ptolemy.kernel.util.IllegalActionException: Test fails in iteration 1.
Value was: 1.0. Should have been: 2.0
  in .DirectFeedback.Test
    while executing
"java::new ptolemy.moml.MoMLSimpleApplication $file
"
    (procedure "createAndExecute" line 2)
    invoked from within
"createAndExecute $file"
    ("uplevel" body line 5)
    invoked from within
"uplevel $contents_of_test"
------------------ testing $PTII/ptolemy/domains/de/test/auto/knownFailedTests/dependencyLoop.xml (Known Failure) 
20 ms. Memory: 163840K Free: 138644K (85%)


==== $PTIIhome/travis/build/icyphy/ptII/ptolemy/domains/de/test/../../../../: Auto Automatic test in file $PTII/ptolemy/domains/de/test/auto/knownFailedTests/dependencyLoop.xml
==== Contents of test case:

	    # FIXME: we should use $relativeFilename here, but it
	    # might have backslashes under Windows, which causes no end
	    # of trouble.
	    createAndExecute $file
	    list {}
	
.... Test generated KNOWN error:
    while executing
ptolemy.kernel.util.IllegalActionException: Found a zero delay loop containing .dependencyLoop.original
  in .dependencyLoop and .dependencyLoop.original
	at ptolemy.actor.util.CausalityInterfaceForComposites._computeOutputPortDepth(CausalityInterfaceForComposites.java:759)
	at ptolemy.actor.util.CausalityInterfaceForComposites._computeInputDepth(CausalityInterfaceForComposites.java:696)
	at ptolemy.actor.util.CausalityInterfaceForComposites._computeOutputPortDepth(CausalityInterfaceForComposites.java:765)
	at ptolemy.actor.util.CausalityInterfaceForComposites._computeInputDepth(CausalityInterfaceForComposites.java:696)
	at ptolemy.actor.util.CausalityInterfaceForComposites._computeOutputPortDepth(CausalityInterfaceForComposites.java:765)
	at ptolemy.actor.util.CausalityInterfaceForComposites._computeInputDepth(CausalityInterfaceForComposites.java:696)
	at ptolemy.actor.util.CausalityInterfaceForComposites._computeActorDepth(CausalityInterfaceForComposites.java:532)
	at ptolemy.actor.util.CausalityInterfaceForComposites.checkForCycles(CausalityInterfaceForComposites.java:96)
	at ptolemy.domains.de.kernel.DEDirector.preinitialize(DEDirector.java:1338)
	at ptolemy.actor.CompositeActor.preinitialize(CompositeActor.java:1828)
	at ptolemy.actor.Manager.preinitializeAndResolveTypes(Manager.java:1040)
	at ptolemy.actor.Manager.initialize(Manager.java:710)
	at ptolemy.actor.Manager.execute(Manager.java:356)
	at ptolemy.actor.Manager.run(Manager.java:1263)
	at ptolemy.actor.Manager$PtolemyRunThread.run(Manager.java:1915)

    while executing
ptolemy.kernel.util.IllegalActionException: Found a zero delay loop containing .dependencyLoop.original
  in .dependencyLoop and .dependencyLoop.original
    while executing
"java::new ptolemy.moml.MoMLSimpleApplication $file
"
    (procedure "createAndExecute" line 2)
    invoked from within
"createAndExecute $file"
    ("uplevel" body line 5)
    invoked from within
"uplevel $contents_of_test"
------------------ testing $PTII/ptolemy/domains/de/test/auto/knownFailedTests/FSMSource.xml (Known Failure) 
77 ms. Memory: 163840K Free: 130065K (79%)
!!!! Auto was marked as failing, but now passes
------------------ testing $PTII/ptolemy/domains/de/test/auto/knownFailedTests/HierarchicalModel.xml (Known Failure) 
13 ms. Memory: 163840K Free: 143733K (88%)


==== $PTIIhome/travis/build/icyphy/ptII/ptolemy/domains/de/test/../../../../: Auto Automatic test in file $PTII/ptolemy/domains/de/test/auto/knownFailedTests/HierarchicalModel.xml
==== Contents of test case:

	    # FIXME: we should use $relativeFilename here, but it
	    # might have backslashes under Windows, which causes no end
	    # of trouble.
	    createAndExecute $file
	    list {}
	
.... Test generated KNOWN error:
    while executing
ptolemy.kernel.util.IllegalActionException: Found a zero delay loop containing .HierarchicalModel.A
  in .HierarchicalModel and .HierarchicalModel.A
	at ptolemy.actor.util.CausalityInterfaceForComposites._computeOutputPortDepth(CausalityInterfaceForComposites.java:759)
	at ptolemy.actor.util.CausalityInterfaceForComposites._computeInputDepth(CausalityInterfaceForComposites.java:696)
	at ptolemy.actor.util.CausalityInterfaceForComposites._computeOutputPortDepth(CausalityInterfaceForComposites.java:765)
	at ptolemy.actor.util.CausalityInterfaceForComposites._computeInputDepth(CausalityInterfaceForComposites.java:696)
	at ptolemy.actor.util.CausalityInterfaceForComposites._computeOutputPortDepth(CausalityInterfaceForComposites.java:765)
	at ptolemy.actor.util.CausalityInterfaceForComposites._computeInputDepth(CausalityInterfaceForComposites.java:696)
	at ptolemy.actor.util.CausalityInterfaceForComposites._computeActorDepth(CausalityInterfaceForComposites.java:532)
	at ptolemy.actor.util.CausalityInterfaceForComposites.checkForCycles(CausalityInterfaceForComposites.java:96)
	at ptolemy.domains.de.kernel.DEDirector.preinitialize(DEDirector.java:1338)
	at ptolemy.actor.CompositeActor.preinitialize(CompositeActor.java:1828)
	at ptolemy.actor.Manager.preinitializeAndResolveTypes(Manager.java:1040)
	at ptolemy.actor.Manager.initialize(Manager.java:710)
	at ptolemy.actor.Manager.execute(Manager.java:356)
	at ptolemy.actor.Manager.run(Manager.java:1263)
	at ptolemy.actor.Manager$PtolemyRunThread.run(Manager.java:1915)

    while executing
ptolemy.kernel.util.IllegalActionException: Found a zero delay loop containing .HierarchicalModel.A
  in .HierarchicalModel and .HierarchicalModel.A
    while executing
"java::new ptolemy.moml.MoMLSimpleApplication $file
"
    (procedure "createAndExecute" line 2)
    invoked from within
"createAndExecute $file"
    ("uplevel" body line 5)
    invoked from within
"uplevel $contents_of_test"
------------------ testing $PTII/ptolemy/domains/de/test/auto/knownFailedTests/dependencyLoop2.xml (Known Failure) 
13 ms. Memory: 163840K Free: 127322K (78%)


==== $PTIIhome/travis/build/icyphy/ptII/ptolemy/domains/de/test/../../../../: Auto Automatic test in file $PTII/ptolemy/domains/de/test/auto/knownFailedTests/dependencyLoop2.xml
==== Contents of test case:

	    # FIXME: we should use $relativeFilename here, but it
	    # might have backslashes under Windows, which causes no end
	    # of trouble.
	    createAndExecute $file
	    list {}
	
.... Test generated KNOWN error:
    while executing
ptolemy.kernel.util.IllegalActionException: Found a zero delay loop containing .dependencyLoop2.original
  in .dependencyLoop2 and .dependencyLoop2.original
	at ptolemy.actor.util.CausalityInterfaceForComposites._computeOutputPortDepth(CausalityInterfaceForComposites.java:759)
	at ptolemy.actor.util.CausalityInterfaceForComposites._computeInputDepth(CausalityInterfaceForComposites.java:696)
	at ptolemy.actor.util.CausalityInterfaceForComposites._computeOutputPortDepth(CausalityInterfaceForComposites.java:765)
	at ptolemy.actor.util.CausalityInterfaceForComposites._computeInputDepth(CausalityInterfaceForComposites.java:696)
	at ptolemy.actor.util.CausalityInterfaceForComposites._computeOutputPortDepth(CausalityInterfaceForComposites.java:765)
	at ptolemy.actor.util.CausalityInterfaceForComposites._computeInputDepth(CausalityInterfaceForComposites.java:696)
	at ptolemy.actor.util.CausalityInterfaceForComposites._computeActorDepth(CausalityInterfaceForComposites.java:532)
	at ptolemy.actor.util.CausalityInterfaceForComposites.checkForCycles(CausalityInterfaceForComposites.java:96)
	at ptolemy.domains.de.kernel.DEDirector.preinitialize(DEDirector.java:1338)
	at ptolemy.actor.CompositeActor.preinitialize(CompositeActor.java:1828)
	at ptolemy.actor.Manager.preinitializeAndResolveTypes(Manager.java:1040)
	at ptolemy.actor.Manager.initialize(Manager.java:710)
	at ptolemy.actor.Manager.execute(Manager.java:356)
	at ptolemy.actor.Manager.run(Manager.java:1263)
	at ptolemy.actor.Manager$PtolemyRunThread.run(Manager.java:1915)

    while executing
ptolemy.kernel.util.IllegalActionException: Found a zero delay loop containing .dependencyLoop2.original
  in .dependencyLoop2 and .dependencyLoop2.original
    while executing
"java::new ptolemy.moml.MoMLSimpleApplication $file
"
    (procedure "createAndExecute" line 2)
    invoked from within
"createAndExecute $file"
    ("uplevel" body line 5)
    invoked from within
"uplevel $contents_of_test"
------------------ testing $PTII/ptolemy/domains/de/test/auto/knownFailedTests/DESDFClockTest.xml (Known Failure) 
2054 ms. Memory: 163840K Free: 114600K (70%)


==== $PTIIhome/travis/build/icyphy/ptII/ptolemy/domains/de/test/../../../../: Auto Automatic test in file $PTII/ptolemy/domains/de/test/auto/knownFailedTests/DESDFClockTest.xml
==== Contents of test case:

	    # FIXME: we should use $relativeFilename here, but it
	    # might have backslashes under Windows, which causes no end
	    # of trouble.
	    createAndExecute $file
	    list {}
	
.... Test generated KNOWN error:
    while executing
ptolemy.kernel.util.IllegalActionException: Actor is not ready to fire.  Perhaps UpSample.prefire() returned false? Try debugging the actor by selecting "Listen to Actor".  Also, for SDF check moml for tokenConsumptionRate on input.
  in .DESDFClockTest.Play Bell.Copy1:SDF Director and .DESDFClockTest.Play Bell.UpSample
	at ptolemy.actor.sched.StaticSchedulingDirector.fire(StaticSchedulingDirector.java:227)
	at ptolemy.domains.sdf.kernel.SDFDirector.fire(SDFDirector.java:500)
	at ptolemy.actor.CompositeActor.fire(CompositeActor.java:455)
	at ptolemy.domains.de.kernel.DEDirector._fire(DEDirector.java:1949)
	at ptolemy.domains.de.kernel.DEDirector.fire(DEDirector.java:502)
	at ptolemy.actor.CompositeActor.fire(CompositeActor.java:455)
	at ptolemy.actor.Manager.iterate(Manager.java:851)
	at ptolemy.actor.Manager.execute(Manager.java:369)
	at ptolemy.actor.Manager.run(Manager.java:1263)
	at ptolemy.actor.Manager$PtolemyRunThread.run(Manager.java:1915)

    while executing
ptolemy.kernel.util.IllegalActionException: Actor is not ready to fire.  Perhaps UpSample.prefire() returned false? Try debugging the actor by selecting "Listen to Actor".  Also, for SDF check moml for tokenConsumptionRate on input.
  in .DESDFClockTest.Play Bell.Copy1:SDF Director and .DESDFClockTest.Play Bell.UpSample
    while executing
"java::new ptolemy.moml.MoMLSimpleApplication $file
"
    (procedure "createAndExecute" line 2)
    invoked from within
"createAndExecute $file"
    ("uplevel" body line 5)
    invoked from within
"uplevel $contents_of_test"
------------------ testing $PTII/ptolemy/domains/de/test/auto/ActorDepthCalculation_actorWithoutPorts.xml
auto.tcl: Setting watchdog for 200 seconds at Sun Jun 30 04:43:11 UTC 2019
5 ms. Memory: 163840K Free: 107863K (66%)
ptolemy.util.test.WatchDog.cancel(): canceling Sun Jun 30 04:43:11 UTC 2019
auto.tcl: Setting watchdog for 200 seconds at Sun Jun 30 04:43:11 UTC 2019
9 ms. Memory: 163840K Free: 106308K (65%)
ptolemy.util.test.WatchDog.cancel(): canceling Sun Jun 30 04:43:11 UTC 2019
------------------ testing $PTII/ptolemy/domains/de/test/auto/AssemblyLine.xml
auto.tcl: Setting watchdog for 200 seconds at Sun Jun 30 04:43:12 UTC 2019
9 ms. Memory: 48128K Free: 26519K (55%)
ptolemy.util.test.WatchDog.cancel(): canceling Sun Jun 30 04:43:12 UTC 2019
auto.tcl: Setting watchdog for 200 seconds at Sun Jun 30 04:43:12 UTC 2019
11 ms. Memory: 48128K Free: 25976K (54%)
ptolemy.util.test.WatchDog.cancel(): canceling Sun Jun 30 04:43:12 UTC 2019
------------------ testing $PTII/ptolemy/domains/de/test/auto/CQBug1.xml
auto.tcl: Setting watchdog for 200 seconds at Sun Jun 30 04:43:12 UTC 2019
2 ms. Memory: 48128K Free: 32323K (67%)
ptolemy.util.test.WatchDog.cancel(): canceling Sun Jun 30 04:43:12 UTC 2019
auto.tcl: Setting watchdog for 200 seconds at Sun Jun 30 04:43:12 UTC 2019
2 ms. Memory: 48128K Free: 31781K (66%)
ptolemy.util.test.WatchDog.cancel(): canceling Sun Jun 30 04:43:12 UTC 2019
------------------ testing $PTII/ptolemy/domains/de/test/auto/CancelFireAt.xml
auto.tcl: Setting watchdog for 200 seconds at Sun Jun 30 04:43:12 UTC 2019
3 ms. Memory: 45056K Free: 30216K (67%)
ptolemy.util.test.WatchDog.cancel(): canceling Sun Jun 30 04:43:12 UTC 2019
auto.tcl: Setting watchdog for 200 seconds at Sun Jun 30 04:43:12 UTC 2019
2 ms. Memory: 45056K Free: 29676K (66%)
ptolemy.util.test.WatchDog.cancel(): canceling Sun Jun 30 04:43:12 UTC 2019
------------------ testing $PTII/ptolemy/domains/de/test/auto/CausalityAndComposabilityAnalysis.xml
auto.tcl: Setting watchdog for 200 seconds at Sun Jun 30 04:43:12 UTC 2019
18 ms. Memory: 45056K Free: 28237K (63%)
ptolemy.util.test.WatchDog.cancel(): canceling Sun Jun 30 04:43:12 UTC 2019
auto.tcl: Setting watchdog for 200 seconds at Sun Jun 30 04:43:12 UTC 2019
14 ms. Memory: 45056K Free: 27697K (61%)
ptolemy.util.test.WatchDog.cancel(): canceling Sun Jun 30 04:43:12 UTC 2019
------------------ testing $PTII/ptolemy/domains/de/test/auto/CausalityInterface1.xml
auto.tcl: Setting watchdog for 200 seconds at Sun Jun 30 04:43:12 UTC 2019
30 ms. Memory: 45056K Free: 26997K (60%)
ptolemy.util.test.WatchDog.cancel(): canceling Sun Jun 30 04:43:12 UTC 2019
auto.tcl: Setting watchdog for 200 seconds at Sun Jun 30 04:43:12 UTC 2019
5 ms. Memory: 45056K Free: 26016K (58%)
ptolemy.util.test.WatchDog.cancel(): canceling Sun Jun 30 04:43:12 UTC 2019
------------------ testing $PTII/ptolemy/domains/de/test/auto/CausalityInterface15.xml
auto.tcl: Setting watchdog for 200 seconds at Sun Jun 30 04:43:12 UTC 2019
7 ms. Memory: 45056K Free: 26892K (60%)
ptolemy.util.test.WatchDog.cancel(): canceling Sun Jun 30 04:43:12 UTC 2019
auto.tcl: Setting watchdog for 200 seconds at Sun Jun 30 04:43:12 UTC 2019
4 ms. Memory: 45056K Free: 25982K (58%)
ptolemy.util.test.WatchDog.cancel(): canceling Sun Jun 30 04:43:12 UTC 2019
------------------ testing $PTII/ptolemy/domains/de/test/auto/CausalityInterface2.xml
auto.tcl: Setting watchdog for 200 seconds at Sun Jun 30 04:43:12 UTC 2019
9 ms. Memory: 45056K Free: 27558K (61%)
ptolemy.util.test.WatchDog.cancel(): canceling Sun Jun 30 04:43:12 UTC 2019
auto.tcl: Setting watchdog for 200 seconds at Sun Jun 30 04:43:12 UTC 2019
4 ms. Memory: 45056K Free: 26968K (60%)
ptolemy.util.test.WatchDog.cancel(): canceling Sun Jun 30 04:43:13 UTC 2019
------------------ testing $PTII/ptolemy/domains/de/test/auto/CausalityInterface3.xml
auto.tcl: Setting watchdog for 200 seconds at Sun Jun 30 04:43:13 UTC 2019
7 ms. Memory: 45056K Free: 27547K (61%)
ptolemy.util.test.WatchDog.cancel(): canceling Sun Jun 30 04:43:13 UTC 2019
auto.tcl: Setting watchdog for 200 seconds at Sun Jun 30 04:43:13 UTC 2019
7 ms. Memory: 45056K Free: 26773K (59%)
ptolemy.util.test.WatchDog.cancel(): canceling Sun Jun 30 04:43:13 UTC 2019
------------------ testing $PTII/ptolemy/domains/de/test/auto/ClockDrift.xml
auto.tcl: Setting watchdog for 200 seconds at Sun Jun 30 04:43:13 UTC 2019
115 ms. Memory: 45056K Free: 19783K (44%)
ptolemy.util.test.WatchDog.cancel(): canceling Sun Jun 30 04:43:13 UTC 2019
auto.tcl: Setting watchdog for 200 seconds at Sun Jun 30 04:43:13 UTC 2019
74 ms. Memory: 54272K Free: 40759K (75%)
ptolemy.util.test.WatchDog.cancel(): canceling Sun Jun 30 04:43:13 UTC 2019
------------------ testing $PTII/ptolemy/domains/de/test/auto/ClockDriftAndValueChange.xml
auto.tcl: Setting watchdog for 200 seconds at Sun Jun 30 04:43:13 UTC 2019
46 ms. Memory: 48128K Free: 23054K (48%)
ptolemy.util.test.WatchDog.cancel(): canceling Sun Jun 30 04:43:13 UTC 2019
auto.tcl: Setting watchdog for 200 seconds at Sun Jun 30 04:43:13 UTC 2019
28 ms. Memory: 48128K Free: 20040K (42%)
ptolemy.util.test.WatchDog.cancel(): canceling Sun Jun 30 04:43:13 UTC 2019
------------------ testing $PTII/ptolemy/domains/de/test/auto/ClockDriftChange.xml
auto.tcl: Setting watchdog for 200 seconds at Sun Jun 30 04:43:13 UTC 2019
25 ms. Memory: 48128K Free: 24856K (52%)
ptolemy.util.test.WatchDog.cancel(): canceling Sun Jun 30 04:43:13 UTC 2019
auto.tcl: Setting watchdog for 200 seconds at Sun Jun 30 04:43:13 UTC 2019
23 ms. Memory: 48128K Free: 22078K (46%)
ptolemy.util.test.WatchDog.cancel(): canceling Sun Jun 30 04:43:13 UTC 2019
------------------ testing $PTII/ptolemy/domains/de/test/auto/ComposableCausalityAnalysis.xml
auto.tcl: Setting watchdog for 200 seconds at Sun Jun 30 04:43:13 UTC 2019
6 ms. Memory: 48128K Free: 29360K (61%)
ptolemy.util.test.WatchDog.cancel(): canceling Sun Jun 30 04:43:13 UTC 2019
auto.tcl: Setting watchdog for 200 seconds at Sun Jun 30 04:43:13 UTC 2019
5 ms. Memory: 48128K Free: 28544K (59%)
ptolemy.util.test.WatchDog.cancel(): canceling Sun Jun 30 04:43:13 UTC 2019
------------------ testing $PTII/ptolemy/domains/de/test/auto/DEFixedPointLimitation.xml
auto.tcl: Setting watchdog for 200 seconds at Sun Jun 30 04:43:13 UTC 2019
2 ms. Memory: 45056K Free: 27663K (61%)
ptolemy.util.test.WatchDog.cancel(): canceling Sun Jun 30 04:43:13 UTC 2019
auto.tcl: Setting watchdog for 200 seconds at Sun Jun 30 04:43:13 UTC 2019
2 ms. Memory: 45056K Free: 26913K (60%)
ptolemy.util.test.WatchDog.cancel(): canceling Sun Jun 30 04:43:13 UTC 2019
------------------ testing $PTII/ptolemy/domains/de/test/auto/DEScheduleTest.xml
auto.tcl: Setting watchdog for 200 seconds at Sun Jun 30 04:43:13 UTC 2019
4 ms. Memory: 45056K Free: 28092K (62%)
ptolemy.util.test.WatchDog.cancel(): canceling Sun Jun 30 04:43:13 UTC 2019
auto.tcl: Setting watchdog for 200 seconds at Sun Jun 30 04:43:13 UTC 2019
4 ms. Memory: 45056K Free: 27253K (60%)
ptolemy.util.test.WatchDog.cancel(): canceling Sun Jun 30 04:43:13 UTC 2019
------------------ testing $PTII/ptolemy/domains/de/test/auto/DEinDEwithStartTimes.xml
auto.tcl: Setting watchdog for 200 seconds at Sun Jun 30 04:43:14 UTC 2019
7 ms. Memory: 45056K Free: 26435K (59%)
ptolemy.util.test.WatchDog.cancel(): canceling Sun Jun 30 04:43:14 UTC 2019
auto.tcl: Setting watchdog for 200 seconds at Sun Jun 30 04:43:14 UTC 2019
3 ms. Memory: 45056K Free: 25156K (56%)
ptolemy.util.test.WatchDog.cancel(): canceling Sun Jun 30 04:43:14 UTC 2019
------------------ testing $PTII/ptolemy/domains/de/test/auto/DEinDEwithStartTimes2.xml
auto.tcl: Setting watchdog for 200 seconds at Sun Jun 30 04:43:14 UTC 2019
13 ms. Memory: 45056K Free: 25548K (57%)
ptolemy.util.test.WatchDog.cancel(): canceling Sun Jun 30 04:43:14 UTC 2019
auto.tcl: Setting watchdog for 200 seconds at Sun Jun 30 04:43:14 UTC 2019
4 ms. Memory: 45056K Free: 24283K (54%)
ptolemy.util.test.WatchDog.cancel(): canceling Sun Jun 30 04:43:14 UTC 2019
------------------ testing $PTII/ptolemy/domains/de/test/auto/DateDemo.xml
auto.tcl: Setting watchdog for 200 seconds at Sun Jun 30 04:43:14 UTC 2019
15 ms. Memory: 45056K Free: 20285K (45%)
ptolemy.util.test.WatchDog.cancel(): canceling Sun Jun 30 04:43:14 UTC 2019
auto.tcl: Setting watchdog for 200 seconds at Sun Jun 30 04:43:14 UTC 2019
13 ms. Memory: 45056K Free: 18669K (41%)
ptolemy.util.test.WatchDog.cancel(): canceling Sun Jun 30 04:43:14 UTC 2019
------------------ testing $PTII/ptolemy/domains/de/test/auto/DateToEvent.xml
auto.tcl: Setting watchdog for 200 seconds at Sun Jun 30 04:43:14 UTC 2019
2012 ms. Memory: 45056K Free: 15675K (35%)
ptolemy.util.test.WatchDog.cancel(): canceling Sun Jun 30 04:43:16 UTC 2019
auto.tcl: Setting watchdog for 200 seconds at Sun Jun 30 04:43:16 UTC 2019
2010 ms. Memory: 45056K Free: 14821K (33%)
ptolemy.util.test.WatchDog.cancel(): canceling Sun Jun 30 04:43:18 UTC 2019
------------------ testing $PTII/ptolemy/domains/de/test/auto/DepthTest1.xml
auto.tcl: Setting watchdog for 200 seconds at Sun Jun 30 04:43:18 UTC 2019
6 ms. Memory: 45056K Free: 28899K (64%)
ptolemy.util.test.WatchDog.cancel(): canceling Sun Jun 30 04:43:18 UTC 2019
auto.tcl: Setting watchdog for 200 seconds at Sun Jun 30 04:43:18 UTC 2019
2 ms. Memory: 45056K Free: 28509K (63%)
ptolemy.util.test.WatchDog.cancel(): canceling Sun Jun 30 04:43:18 UTC 2019
------------------ testing $PTII/ptolemy/domains/de/test/auto/DepthTest2.xml
auto.tcl: Setting watchdog for 200 seconds at Sun Jun 30 04:43:18 UTC 2019
3 ms. Memory: 45056K Free: 25757K (57%)
ptolemy.util.test.WatchDog.cancel(): canceling Sun Jun 30 04:43:18 UTC 2019
auto.tcl: Setting watchdog for 200 seconds at Sun Jun 30 04:43:18 UTC 2019
3 ms. Memory: 45056K Free: 25150K (56%)
ptolemy.util.test.WatchDog.cancel(): canceling Sun Jun 30 04:43:18 UTC 2019
------------------ testing $PTII/ptolemy/domains/de/test/auto/DepthTest3.xml
auto.tcl: Setting watchdog for 200 seconds at Sun Jun 30 04:43:18 UTC 2019
3 ms. Memory: 45056K Free: 29252K (65%)
ptolemy.util.test.WatchDog.cancel(): canceling Sun Jun 30 04:43:18 UTC 2019
auto.tcl: Setting watchdog for 200 seconds at Sun Jun 30 04:43:18 UTC 2019
1 ms. Memory: 45056K Free: 28820K (64%)
ptolemy.util.test.WatchDog.cancel(): canceling Sun Jun 30 04:43:18 UTC 2019
------------------ testing $PTII/ptolemy/domains/de/test/auto/DepthTest4.xml
auto.tcl: Setting watchdog for 200 seconds at Sun Jun 30 04:43:18 UTC 2019
7 ms. Memory: 45056K Free: 27407K (61%)
ptolemy.util.test.WatchDog.cancel(): canceling Sun Jun 30 04:43:18 UTC 2019
auto.tcl: Setting watchdog for 200 seconds at Sun Jun 30 04:43:18 UTC 2019
3 ms. Memory: 45056K Free: 26524K (59%)
ptolemy.util.test.WatchDog.cancel(): canceling Sun Jun 30 04:43:18 UTC 2019
------------------ testing $PTII/ptolemy/domains/de/test/auto/DepthTest5.xml
auto.tcl: Setting watchdog for 200 seconds at Sun Jun 30 04:43:18 UTC 2019
3 ms. Memory: 45056K Free: 26735K (59%)
ptolemy.util.test.WatchDog.cancel(): canceling Sun Jun 30 04:43:18 UTC 2019
auto.tcl: Setting watchdog for 200 seconds at Sun Jun 30 04:43:18 UTC 2019
3 ms. Memory: 45056K Free: 26114K (58%)
ptolemy.util.test.WatchDog.cancel(): canceling Sun Jun 30 04:43:18 UTC 2019
------------------ testing $PTII/ptolemy/domains/de/test/auto/DepthTest6.xml
auto.tcl: Setting watchdog for 200 seconds at Sun Jun 30 04:43:18 UTC 2019
4 ms. Memory: 45056K Free: 26699K (59%)
ptolemy.util.test.WatchDog.cancel(): canceling Sun Jun 30 04:43:18 UTC 2019
auto.tcl: Setting watchdog for 200 seconds at Sun Jun 30 04:43:18 UTC 2019
3 ms. Memory: 45056K Free: 26092K (58%)
ptolemy.util.test.WatchDog.cancel(): canceling Sun Jun 30 04:43:18 UTC 2019
------------------ testing $PTII/ptolemy/domains/de/test/auto/DepthTest7.xml
auto.tcl: Setting watchdog for 200 seconds at Sun Jun 30 04:43:18 UTC 2019
3 ms. Memory: 45056K Free: 27517K (61%)
ptolemy.util.test.WatchDog.cancel(): canceling Sun Jun 30 04:43:18 UTC 2019
auto.tcl: Setting watchdog for 200 seconds at Sun Jun 30 04:43:18 UTC 2019
2 ms. Memory: 45056K Free: 26759K (59%)
ptolemy.util.test.WatchDog.cancel(): canceling Sun Jun 30 04:43:18 UTC 2019
------------------ testing $PTII/ptolemy/domains/de/test/auto/EventToDate.xml
auto.tcl: Setting watchdog for 200 seconds at Sun Jun 30 04:43:19 UTC 2019
3007 ms. Memory: 45056K Free: 18202K (40%)
ptolemy.util.test.WatchDog.cancel(): canceling Sun Jun 30 04:43:22 UTC 2019
auto.tcl: Setting watchdog for 200 seconds at Sun Jun 30 04:43:22 UTC 2019
3004 ms. Memory: 45056K Free: 17588K (39%)
ptolemy.util.test.WatchDog.cancel(): canceling Sun Jun 30 04:43:25 UTC 2019
------------------ testing $PTII/ptolemy/domains/de/test/auto/FSM1.xml
auto.tcl: Setting watchdog for 200 seconds at Sun Jun 30 04:43:25 UTC 2019
42 ms. Memory: 45056K Free: 19470K (43%)
ptolemy.util.test.WatchDog.cancel(): canceling Sun Jun 30 04:43:25 UTC 2019
auto.tcl: Setting watchdog for 200 seconds at Sun Jun 30 04:43:25 UTC 2019
18 ms. Memory: 45056K Free: 16233K (36%)
ptolemy.util.test.WatchDog.cancel(): canceling Sun Jun 30 04:43:25 UTC 2019
------------------ testing $PTII/ptolemy/domains/de/test/auto/FSM7.xml
auto.tcl: Setting watchdog for 200 seconds at Sun Jun 30 04:43:25 UTC 2019
15 ms. Memory: 45056K Free: 19290K (43%)
ptolemy.util.test.WatchDog.cancel(): canceling Sun Jun 30 04:43:25 UTC 2019
auto.tcl: Setting watchdog for 200 seconds at Sun Jun 30 04:43:25 UTC 2019
16 ms. Memory: 45056K Free: 16117K (36%)
ptolemy.util.test.WatchDog.cancel(): canceling Sun Jun 30 04:43:25 UTC 2019
------------------ testing $PTII/ptolemy/domains/de/test/auto/Inspection.xml
auto.tcl: Setting watchdog for 200 seconds at Sun Jun 30 04:43:25 UTC 2019
26 ms. Memory: 45056K Free: 19260K (43%)
ptolemy.util.test.WatchDog.cancel(): canceling Sun Jun 30 04:43:25 UTC 2019
auto.tcl: Setting watchdog for 200 seconds at Sun Jun 30 04:43:25 UTC 2019
19 ms. Memory: 45056K Free: 17482K (39%)
ptolemy.util.test.WatchDog.cancel(): canceling Sun Jun 30 04:43:25 UTC 2019
------------------ testing $PTII/ptolemy/domains/de/test/auto/Iteration.xml
auto.tcl: Setting watchdog for 200 seconds at Sun Jun 30 04:43:25 UTC 2019
7 ms. Memory: 45056K Free: 25054K (56%)
ptolemy.util.test.WatchDog.cancel(): canceling Sun Jun 30 04:43:25 UTC 2019
auto.tcl: Setting watchdog for 200 seconds at Sun Jun 30 04:43:25 UTC 2019
6 ms. Memory: 45056K Free: 23925K (53%)
ptolemy.util.test.WatchDog.cancel(): canceling Sun Jun 30 04:43:25 UTC 2019
------------------ testing $PTII/ptolemy/domains/de/test/auto/LineFault.xml
auto.tcl: Setting watchdog for 200 seconds at Sun Jun 30 04:43:25 UTC 2019
756 ms. Memory: 45056K Free: 25581K (57%)
ptolemy.util.test.WatchDog.cancel(): canceling Sun Jun 30 04:43:26 UTC 2019
auto.tcl: Setting watchdog for 200 seconds at Sun Jun 30 04:43:26 UTC 2019
662 ms. Memory: 54272K Free: 18645K (34%)
ptolemy.util.test.WatchDog.cancel(): canceling Sun Jun 30 04:43:27 UTC 2019
------------------ testing $PTII/ptolemy/domains/de/test/auto/MergeModel1Add.xml
auto.tcl: Setting watchdog for 200 seconds at Sun Jun 30 04:43:27 UTC 2019
22 ms. Memory: 51200K Free: 17599K (34%)
ptolemy.util.test.WatchDog.cancel(): canceling Sun Jun 30 04:43:27 UTC 2019
auto.tcl: Setting watchdog for 200 seconds at Sun Jun 30 04:43:27 UTC 2019
17 ms. Memory: 51200K Free: 15858K (31%)
ptolemy.util.test.WatchDog.cancel(): canceling Sun Jun 30 04:43:27 UTC 2019
------------------ testing $PTII/ptolemy/domains/de/test/auto/MergeModel2Add.xml
auto.tcl: Setting watchdog for 200 seconds at Sun Jun 30 04:43:27 UTC 2019
10 ms. Memory: 48128K Free: 16516K (34%)
ptolemy.util.test.WatchDog.cancel(): canceling Sun Jun 30 04:43:27 UTC 2019
auto.tcl: Setting watchdog for 200 seconds at Sun Jun 30 04:43:27 UTC 2019
11 ms. Memory: 48128K Free: 15117K (31%)
ptolemy.util.test.WatchDog.cancel(): canceling Sun Jun 30 04:43:27 UTC 2019
------------------ testing $PTII/ptolemy/domains/de/test/auto/MergeModel3Add.xml
auto.tcl: Setting watchdog for 200 seconds at Sun Jun 30 04:43:27 UTC 2019
11 ms. Memory: 48128K Free: 16078K (33%)
ptolemy.util.test.WatchDog.cancel(): canceling Sun Jun 30 04:43:27 UTC 2019
auto.tcl: Setting watchdog for 200 seconds at Sun Jun 30 04:43:27 UTC 2019
12 ms. Memory: 48128K Free: 14747K (31%)
ptolemy.util.test.WatchDog.cancel(): canceling Sun Jun 30 04:43:27 UTC 2019
------------------ testing $PTII/ptolemy/domains/de/test/auto/MergeWithoutDiscard.xml
auto.tcl: Setting watchdog for 200 seconds at Sun Jun 30 04:43:27 UTC 2019
4 ms. Memory: 48128K Free: 30604K (64%)
ptolemy.util.test.WatchDog.cancel(): canceling Sun Jun 30 04:43:27 UTC 2019
auto.tcl: Setting watchdog for 200 seconds at Sun Jun 30 04:43:27 UTC 2019
2 ms. Memory: 48128K Free: 30214K (63%)
ptolemy.util.test.WatchDog.cancel(): canceling Sun Jun 30 04:43:27 UTC 2019
------------------ testing $PTII/ptolemy/domains/de/test/auto/Modal1.xml
auto.tcl: Setting watchdog for 200 seconds at Sun Jun 30 04:43:27 UTC 2019
18 ms. Memory: 48128K Free: 22705K (47%)
ptolemy.util.test.WatchDog.cancel(): canceling Sun Jun 30 04:43:27 UTC 2019
auto.tcl: Setting watchdog for 200 seconds at Sun Jun 30 04:43:27 UTC 2019
28 ms. Memory: 48128K Free: 19499K (41%)
ptolemy.util.test.WatchDog.cancel(): canceling Sun Jun 30 04:43:27 UTC 2019
------------------ testing $PTII/ptolemy/domains/de/test/auto/Modal2.xml
auto.tcl: Setting watchdog for 200 seconds at Sun Jun 30 04:43:28 UTC 2019
11 ms. Memory: 45056K Free: 19575K (43%)
ptolemy.util.test.WatchDog.cancel(): canceling Sun Jun 30 04:43:28 UTC 2019
auto.tcl: Setting watchdog for 200 seconds at Sun Jun 30 04:43:28 UTC 2019
13 ms. Memory: 45056K Free: 16342K (36%)
ptolemy.util.test.WatchDog.cancel(): canceling Sun Jun 30 04:43:28 UTC 2019
------------------ testing $PTII/ptolemy/domains/de/test/auto/Modal3.xml
auto.tcl: Setting watchdog for 200 seconds at Sun Jun 30 04:43:28 UTC 2019
21 ms. Memory: 45056K Free: 19331K (43%)
ptolemy.util.test.WatchDog.cancel(): canceling Sun Jun 30 04:43:28 UTC 2019
auto.tcl: Setting watchdog for 200 seconds at Sun Jun 30 04:43:28 UTC 2019
14 ms. Memory: 45056K Free: 16371K (36%)
ptolemy.util.test.WatchDog.cancel(): canceling Sun Jun 30 04:43:28 UTC 2019
------------------ testing $PTII/ptolemy/domains/de/test/auto/Modal4.xml
auto.tcl: Setting watchdog for 200 seconds at Sun Jun 30 04:43:28 UTC 2019
33 ms. Memory: 45056K Free: 18516K (41%)
ptolemy.util.test.WatchDog.cancel(): canceling Sun Jun 30 04:43:28 UTC 2019
auto.tcl: Setting watchdog for 200 seconds at Sun Jun 30 04:43:28 UTC 2019
20 ms. Memory: 45056K Free: 14657K (33%)
ptolemy.util.test.WatchDog.cancel(): canceling Sun Jun 30 04:43:28 UTC 2019
------------------ testing $PTII/ptolemy/domains/de/test/auto/Modal5.xml
auto.tcl: Setting watchdog for 200 seconds at Sun Jun 30 04:43:28 UTC 2019
17 ms. Memory: 45056K Free: 18519K (41%)
ptolemy.util.test.WatchDog.cancel(): canceling Sun Jun 30 04:43:28 UTC 2019
auto.tcl: Setting watchdog for 200 seconds at Sun Jun 30 04:43:28 UTC 2019
18 ms. Memory: 45056K Free: 14644K (33%)
ptolemy.util.test.WatchDog.cancel(): canceling Sun Jun 30 04:43:28 UTC 2019
------------------ testing $PTII/ptolemy/domains/de/test/auto/Modal6.xml
auto.tcl: Setting watchdog for 200 seconds at Sun Jun 30 04:43:28 UTC 2019
13 ms. Memory: 45056K Free: 19318K (43%)
ptolemy.util.test.WatchDog.cancel(): canceling Sun Jun 30 04:43:28 UTC 2019
auto.tcl: Setting watchdog for 200 seconds at Sun Jun 30 04:43:28 UTC 2019
16 ms. Memory: 45056K Free: 15666K (35%)
ptolemy.util.test.WatchDog.cancel(): canceling Sun Jun 30 04:43:28 UTC 2019
------------------ testing $PTII/ptolemy/domains/de/test/auto/Modal7.xml
auto.tcl: Setting watchdog for 200 seconds at Sun Jun 30 04:43:28 UTC 2019
10 ms. Memory: 45056K Free: 18313K (41%)
ptolemy.util.test.WatchDog.cancel(): canceling Sun Jun 30 04:43:28 UTC 2019
auto.tcl: Setting watchdog for 200 seconds at Sun Jun 30 04:43:28 UTC 2019
11 ms. Memory: 45056K Free: 14987K (33%)
ptolemy.util.test.WatchDog.cancel(): canceling Sun Jun 30 04:43:28 UTC 2019
------------------ testing $PTII/ptolemy/domains/de/test/auto/ModalModel.xml
auto.tcl: Setting watchdog for 200 seconds at Sun Jun 30 04:43:28 UTC 2019
251 ms. Memory: 57344K Free: 34888K (61%)
ptolemy.util.test.WatchDog.cancel(): canceling Sun Jun 30 04:43:29 UTC 2019
auto.tcl: Setting watchdog for 200 seconds at Sun Jun 30 04:43:29 UTC 2019
229 ms. Memory: 57344K Free: 29733K (52%)
ptolemy.util.test.WatchDog.cancel(): canceling Sun Jun 30 04:43:29 UTC 2019
------------------ testing $PTII/ptolemy/domains/de/test/auto/ModalSource.xml
auto.tcl: Setting watchdog for 200 seconds at Sun Jun 30 04:43:29 UTC 2019
8 ms. Memory: 48128K Free: 26389K (55%)
ptolemy.util.test.WatchDog.cancel(): canceling Sun Jun 30 04:43:29 UTC 2019
auto.tcl: Setting watchdog for 200 seconds at Sun Jun 30 04:43:29 UTC 2019
9 ms. Memory: 48128K Free: 24341K (51%)
ptolemy.util.test.WatchDog.cancel(): canceling Sun Jun 30 04:43:29 UTC 2019
------------------ testing $PTII/ptolemy/domains/de/test/auto/NonInterruptibleTimerZeroDelay.xml
auto.tcl: Setting watchdog for 200 seconds at Sun Jun 30 04:43:29 UTC 2019
4 ms. Memory: 45056K Free: 28338K (63%)
ptolemy.util.test.WatchDog.cancel(): canceling Sun Jun 30 04:43:29 UTC 2019
auto.tcl: Setting watchdog for 200 seconds at Sun Jun 30 04:43:29 UTC 2019
3 ms. Memory: 45056K Free: 27603K (61%)
ptolemy.util.test.WatchDog.cancel(): canceling Sun Jun 30 04:43:29 UTC 2019
------------------ testing $PTII/ptolemy/domains/de/test/auto/OpenQueueingNetwork.xml
auto.tcl: Setting watchdog for 200 seconds at Sun Jun 30 04:43:29 UTC 2019
3098 ms. Memory: 110592K Free: 88742K (80%)
ptolemy.util.test.WatchDog.cancel(): canceling Sun Jun 30 04:43:32 UTC 2019
auto.tcl: Setting watchdog for 200 seconds at Sun Jun 30 04:43:32 UTC 2019
2542 ms. Memory: 133120K Free: 100466K (75%)
ptolemy.util.test.WatchDog.cancel(): canceling Sun Jun 30 04:43:35 UTC 2019
------------------ testing $PTII/ptolemy/domains/de/test/auto/OpenQueuingNetwork.xml
auto.tcl: Setting watchdog for 200 seconds at Sun Jun 30 04:43:35 UTC 2019
251 ms. Memory: 66560K Free: 37188K (56%)
ptolemy.util.test.WatchDog.cancel(): canceling Sun Jun 30 04:43:35 UTC 2019
auto.tcl: Setting watchdog for 200 seconds at Sun Jun 30 04:43:35 UTC 2019
225 ms. Memory: 66560K Free: 22718K (34%)
ptolemy.util.test.WatchDog.cancel(): canceling Sun Jun 30 04:43:36 UTC 2019
------------------ testing $PTII/ptolemy/domains/de/test/auto/PeriodicSampler.xml
auto.tcl: Setting watchdog for 200 seconds at Sun Jun 30 04:43:36 UTC 2019
4 ms. Memory: 48128K Free: 30522K (63%)
ptolemy.util.test.WatchDog.cancel(): canceling Sun Jun 30 04:43:36 UTC 2019
auto.tcl: Setting watchdog for 200 seconds at Sun Jun 30 04:43:36 UTC 2019
2 ms. Memory: 48128K Free: 30015K (62%)
ptolemy.util.test.WatchDog.cancel(): canceling Sun Jun 30 04:43:36 UTC 2019
------------------ testing $PTII/ptolemy/domains/de/test/auto/PersistentIO.xml
auto.tcl: Setting watchdog for 200 seconds at Sun Jun 30 04:43:36 UTC 2019
11 ms. Memory: 48128K Free: 25446K (53%)
ptolemy.util.test.WatchDog.cancel(): canceling Sun Jun 30 04:43:36 UTC 2019
auto.tcl: Setting watchdog for 200 seconds at Sun Jun 30 04:43:36 UTC 2019
7 ms. Memory: 48128K Free: 23967K (50%)
ptolemy.util.test.WatchDog.cancel(): canceling Sun Jun 30 04:43:36 UTC 2019
------------------ testing $PTII/ptolemy/domains/de/test/auto/PortParameterResetOnInitialize.xml
auto.tcl: Setting watchdog for 200 seconds at Sun Jun 30 04:43:36 UTC 2019
2 ms. Memory: 48128K Free: 30414K (63%)
ptolemy.util.test.WatchDog.cancel(): canceling Sun Jun 30 04:43:36 UTC 2019
auto.tcl: Setting watchdog for 200 seconds at Sun Jun 30 04:43:36 UTC 2019
2 ms. Memory: 48128K Free: 29934K (62%)
ptolemy.util.test.WatchDog.cancel(): canceling Sun Jun 30 04:43:36 UTC 2019
------------------ testing $PTII/ptolemy/domains/de/test/auto/PortParameterUpdates.xml
auto.tcl: Setting watchdog for 200 seconds at Sun Jun 30 04:43:36 UTC 2019
4 ms. Memory: 45056K Free: 25457K (57%)
ptolemy.util.test.WatchDog.cancel(): canceling Sun Jun 30 04:43:36 UTC 2019
auto.tcl: Setting watchdog for 200 seconds at Sun Jun 30 04:43:36 UTC 2019
4 ms. Memory: 45056K Free: 24030K (53%)
ptolemy.util.test.WatchDog.cancel(): canceling Sun Jun 30 04:43:36 UTC 2019
------------------ testing $PTII/ptolemy/domains/de/test/auto/QueueAndServer.xml
auto.tcl: Setting watchdog for 200 seconds at Sun Jun 30 04:43:36 UTC 2019
20 ms. Memory: 45056K Free: 24653K (55%)
ptolemy.util.test.WatchDog.cancel(): canceling Sun Jun 30 04:43:36 UTC 2019
auto.tcl: Setting watchdog for 200 seconds at Sun Jun 30 04:43:36 UTC 2019
7 ms. Memory: 45056K Free: 22978K (51%)
ptolemy.util.test.WatchDog.cancel(): canceling Sun Jun 30 04:43:36 UTC 2019
------------------ testing $PTII/ptolemy/domains/de/test/auto/Records.xml
auto.tcl: Setting watchdog for 200 seconds at Sun Jun 30 04:43:36 UTC 2019
5 ms. Memory: 45056K Free: 26900K (60%)
ptolemy.util.test.WatchDog.cancel(): canceling Sun Jun 30 04:43:36 UTC 2019
auto.tcl: Setting watchdog for 200 seconds at Sun Jun 30 04:43:36 UTC 2019
2 ms. Memory: 45056K Free: 26455K (59%)
ptolemy.util.test.WatchDog.cancel(): canceling Sun Jun 30 04:43:36 UTC 2019
------------------ testing $PTII/ptolemy/domains/de/test/auto/ResetTransitionWithStartTime1.xml
auto.tcl: Setting watchdog for 200 seconds at Sun Jun 30 04:43:36 UTC 2019
6 ms. Memory: 45056K Free: 23870K (53%)
ptolemy.util.test.WatchDog.cancel(): canceling Sun Jun 30 04:43:36 UTC 2019
auto.tcl: Setting watchdog for 200 seconds at Sun Jun 30 04:43:36 UTC 2019
6 ms. Memory: 45056K Free: 21202K (47%)
ptolemy.util.test.WatchDog.cancel(): canceling Sun Jun 30 04:43:36 UTC 2019
------------------ testing $PTII/ptolemy/domains/de/test/auto/ResetTransitionWithStartTime2.xml
auto.tcl: Setting watchdog for 200 seconds at Sun Jun 30 04:43:36 UTC 2019
6 ms. Memory: 45056K Free: 23848K (53%)
ptolemy.util.test.WatchDog.cancel(): canceling Sun Jun 30 04:43:36 UTC 2019
auto.tcl: Setting watchdog for 200 seconds at Sun Jun 30 04:43:36 UTC 2019
6 ms. Memory: 45056K Free: 21752K (48%)
ptolemy.util.test.WatchDog.cancel(): canceling Sun Jun 30 04:43:36 UTC 2019
------------------ testing $PTII/ptolemy/domains/de/test/auto/ResetTransitionWithStartTime3.xml
auto.tcl: Setting watchdog for 200 seconds at Sun Jun 30 04:43:36 UTC 2019
10 ms. Memory: 45056K Free: 23649K (52%)
ptolemy.util.test.WatchDog.cancel(): canceling Sun Jun 30 04:43:36 UTC 2019
auto.tcl: Setting watchdog for 200 seconds at Sun Jun 30 04:43:36 UTC 2019
4 ms. Memory: 45056K Free: 21170K (47%)
ptolemy.util.test.WatchDog.cancel(): canceling Sun Jun 30 04:43:36 UTC 2019
------------------ testing $PTII/ptolemy/domains/de/test/auto/ResetTransitionWithStartTime4.xml
auto.tcl: Setting watchdog for 200 seconds at Sun Jun 30 04:43:36 UTC 2019
10 ms. Memory: 45056K Free: 24178K (54%)
ptolemy.util.test.WatchDog.cancel(): canceling Sun Jun 30 04:43:36 UTC 2019
auto.tcl: Setting watchdog for 200 seconds at Sun Jun 30 04:43:36 UTC 2019
3 ms. Memory: 45056K Free: 22788K (51%)
ptolemy.util.test.WatchDog.cancel(): canceling Sun Jun 30 04:43:36 UTC 2019
------------------ testing $PTII/ptolemy/domains/de/test/auto/ResettableTimer1.xml
auto.tcl: Setting watchdog for 200 seconds at Sun Jun 30 04:43:36 UTC 2019
3 ms. Memory: 45056K Free: 27956K (62%)
ptolemy.util.test.WatchDog.cancel(): canceling Sun Jun 30 04:43:37 UTC 2019
auto.tcl: Setting watchdog for 200 seconds at Sun Jun 30 04:43:37 UTC 2019
2 ms. Memory: 45056K Free: 27273K (61%)
ptolemy.util.test.WatchDog.cancel(): canceling Sun Jun 30 04:43:37 UTC 2019
------------------ testing $PTII/ptolemy/domains/de/test/auto/ResettableTimer2.xml
auto.tcl: Setting watchdog for 200 seconds at Sun Jun 30 04:43:37 UTC 2019
3 ms. Memory: 45056K Free: 28019K (62%)
ptolemy.util.test.WatchDog.cancel(): canceling Sun Jun 30 04:43:37 UTC 2019
auto.tcl: Setting watchdog for 200 seconds at Sun Jun 30 04:43:37 UTC 2019
2 ms. Memory: 45056K Free: 27321K (61%)
ptolemy.util.test.WatchDog.cancel(): canceling Sun Jun 30 04:43:37 UTC 2019
------------------ testing $PTII/ptolemy/domains/de/test/auto/ResettableTimer3.xml
auto.tcl: Setting watchdog for 200 seconds at Sun Jun 30 04:43:37 UTC 2019
2 ms. Memory: 45056K Free: 28311K (63%)
ptolemy.util.test.WatchDog.cancel(): canceling Sun Jun 30 04:43:37 UTC 2019
auto.tcl: Setting watchdog for 200 seconds at Sun Jun 30 04:43:37 UTC 2019
2 ms. Memory: 45056K Free: 27883K (62%)
ptolemy.util.test.WatchDog.cancel(): canceling Sun Jun 30 04:43:37 UTC 2019
------------------ testing $PTII/ptolemy/domains/de/test/auto/ResettableTimer4.xml
auto.tcl: Setting watchdog for 200 seconds at Sun Jun 30 04:43:37 UTC 2019
2 ms. Memory: 45056K Free: 28277K (63%)
ptolemy.util.test.WatchDog.cancel(): canceling Sun Jun 30 04:43:37 UTC 2019
auto.tcl: Setting watchdog for 200 seconds at Sun Jun 30 04:43:37 UTC 2019
2 ms. Memory: 45056K Free: 27849K (62%)
ptolemy.util.test.WatchDog.cancel(): canceling Sun Jun 30 04:43:37 UTC 2019
------------------ testing $PTII/ptolemy/domains/de/test/auto/ResettableTimer5.xml
auto.tcl: Setting watchdog for 200 seconds at Sun Jun 30 04:43:37 UTC 2019
2 ms. Memory: 45056K Free: 27864K (62%)
ptolemy.util.test.WatchDog.cancel(): canceling Sun Jun 30 04:43:37 UTC 2019
auto.tcl: Setting watchdog for 200 seconds at Sun Jun 30 04:43:37 UTC 2019
1 ms. Memory: 45056K Free: 27332K (61%)
ptolemy.util.test.WatchDog.cancel(): canceling Sun Jun 30 04:43:37 UTC 2019
------------------ testing $PTII/ptolemy/domains/de/test/auto/ResettableTimer6.xml
auto.tcl: Setting watchdog for 200 seconds at Sun Jun 30 04:43:37 UTC 2019
2 ms. Memory: 45056K Free: 27290K (61%)
ptolemy.util.test.WatchDog.cancel(): canceling Sun Jun 30 04:43:37 UTC 2019
auto.tcl: Setting watchdog for 200 seconds at Sun Jun 30 04:43:37 UTC 2019
2 ms. Memory: 45056K Free: 26861K (60%)
ptolemy.util.test.WatchDog.cancel(): canceling Sun Jun 30 04:43:37 UTC 2019
------------------ testing $PTII/ptolemy/domains/de/test/auto/ServerZeroDelay.xml
auto.tcl: Setting watchdog for 200 seconds at Sun Jun 30 04:43:37 UTC 2019
4 ms. Memory: 45056K Free: 27916K (62%)
ptolemy.util.test.WatchDog.cancel(): canceling Sun Jun 30 04:43:37 UTC 2019
auto.tcl: Setting watchdog for 200 seconds at Sun Jun 30 04:43:37 UTC 2019
2 ms. Memory: 45056K Free: 26877K (60%)
ptolemy.util.test.WatchDog.cancel(): canceling Sun Jun 30 04:43:37 UTC 2019
------------------ testing $PTII/ptolemy/domains/de/test/auto/SmartSender.xml
auto.tcl: Setting watchdog for 200 seconds at Sun Jun 30 04:43:37 UTC 2019
3002 ms. Memory: 45056K Free: 27769K (62%)
ptolemy.util.test.WatchDog.cancel(): canceling Sun Jun 30 04:43:40 UTC 2019
auto.tcl: Setting watchdog for 200 seconds at Sun Jun 30 04:43:40 UTC 2019
3002 ms. Memory: 45056K Free: 27338K (61%)
ptolemy.util.test.WatchDog.cancel(): canceling Sun Jun 30 04:43:43 UTC 2019
------------------ testing $PTII/ptolemy/domains/de/test/auto/ThreadedComposite.xml
auto.tcl: Setting watchdog for 200 seconds at Sun Jun 30 04:43:43 UTC 2019
218 ms. Memory: 45056K Free: 8366K (19%)
ptolemy.util.test.WatchDog.cancel(): canceling Sun Jun 30 04:43:43 UTC 2019
auto.tcl: Setting watchdog for 200 seconds at Sun Jun 30 04:43:43 UTC 2019
198 ms. Memory: 45056K Free: 15579K (35%)
ptolemy.util.test.WatchDog.cancel(): canceling Sun Jun 30 04:43:44 UTC 2019
------------------ testing $PTII/ptolemy/domains/de/test/auto/Time.xml
auto.tcl: Setting watchdog for 200 seconds at Sun Jun 30 04:43:44 UTC 2019
547 ms. Memory: 45056K Free: 20845K (46%)
ptolemy.util.test.WatchDog.cancel(): canceling Sun Jun 30 04:43:44 UTC 2019
auto.tcl: Setting watchdog for 200 seconds at Sun Jun 30 04:43:44 UTC 2019
494 ms. Memory: 45056K Free: 13404K (30%)
ptolemy.util.test.WatchDog.cancel(): canceling Sun Jun 30 04:43:45 UTC 2019
------------------ testing $PTII/ptolemy/domains/de/test/auto/TimeDelayZeroDelay.xml
auto.tcl: Setting watchdog for 200 seconds at Sun Jun 30 04:43:45 UTC 2019
3 ms. Memory: 45056K Free: 28191K (63%)
ptolemy.util.test.WatchDog.cancel(): canceling Sun Jun 30 04:43:45 UTC 2019
auto.tcl: Setting watchdog for 200 seconds at Sun Jun 30 04:43:45 UTC 2019
2 ms. Memory: 45056K Free: 27320K (61%)
ptolemy.util.test.WatchDog.cancel(): canceling Sun Jun 30 04:43:45 UTC 2019
------------------ testing $PTII/ptolemy/domains/de/test/auto/TimerZeroDelay.xml
auto.tcl: Setting watchdog for 200 seconds at Sun Jun 30 04:43:45 UTC 2019
4 ms. Memory: 45056K Free: 28194K (63%)
ptolemy.util.test.WatchDog.cancel(): canceling Sun Jun 30 04:43:45 UTC 2019
auto.tcl: Setting watchdog for 200 seconds at Sun Jun 30 04:43:45 UTC 2019
3 ms. Memory: 45056K Free: 27349K (61%)
ptolemy.util.test.WatchDog.cancel(): canceling Sun Jun 30 04:43:45 UTC 2019
------------------ testing $PTII/ptolemy/domains/de/test/auto/TimingParadox.xml
auto.tcl: Setting watchdog for 200 seconds at Sun Jun 30 04:43:45 UTC 2019
398 ms. Memory: 54272K Free: 32204K (59%)
ptolemy.util.test.WatchDog.cancel(): canceling Sun Jun 30 04:43:45 UTC 2019
auto.tcl: Setting watchdog for 200 seconds at Sun Jun 30 04:43:45 UTC 2019
349 ms. Memory: 54272K Free: 22589K (42%)
ptolemy.util.test.WatchDog.cancel(): canceling Sun Jun 30 04:43:46 UTC 2019
------------------ testing $PTII/ptolemy/domains/de/test/auto/TransferInputs.xml
auto.tcl: Setting watchdog for 200 seconds at Sun Jun 30 04:43:46 UTC 2019
2 ms. Memory: 51200K Free: 32335K (63%)
ptolemy.util.test.WatchDog.cancel(): canceling Sun Jun 30 04:43:46 UTC 2019
auto.tcl: Setting watchdog for 200 seconds at Sun Jun 30 04:43:46 UTC 2019
2 ms. Memory: 51200K Free: 31361K (61%)
ptolemy.util.test.WatchDog.cancel(): canceling Sun Jun 30 04:43:46 UTC 2019
------------------ testing $PTII/ptolemy/domains/de/test/auto/TransferOutputs2.xml
auto.tcl: Setting watchdog for 200 seconds at Sun Jun 30 04:43:46 UTC 2019
3 ms. Memory: 48128K Free: 26722K (56%)
ptolemy.util.test.WatchDog.cancel(): canceling Sun Jun 30 04:43:46 UTC 2019
auto.tcl: Setting watchdog for 200 seconds at Sun Jun 30 04:43:46 UTC 2019
3 ms. Memory: 48128K Free: 25253K (52%)
ptolemy.util.test.WatchDog.cancel(): canceling Sun Jun 30 04:43:46 UTC 2019
------------------ testing $PTII/ptolemy/domains/de/test/auto/Trilateration.xml
auto.tcl: Setting watchdog for 200 seconds at Sun Jun 30 04:43:46 UTC 2019
14138 ms. Memory: 575488K Free: 509493K (89%)
ptolemy.util.test.WatchDog.cancel(): canceling Sun Jun 30 04:44:01 UTC 2019
auto.tcl: Setting watchdog for 200 seconds at Sun Jun 30 04:44:01 UTC 2019
11301 ms. Memory: 575488K Free: 257287K (45%)
ptolemy.util.test.WatchDog.cancel(): canceling Sun Jun 30 04:44:13 UTC 2019
------------------ testing $PTII/ptolemy/domains/de/test/auto/TwoSigmaDelta.xml
auto.tcl: Setting watchdog for 200 seconds at Sun Jun 30 04:44:13 UTC 2019
3446 ms. Memory: 86016K Free: 36666K (43%)
ptolemy.util.test.WatchDog.cancel(): canceling Sun Jun 30 04:44:16 UTC 2019
auto.tcl: Setting watchdog for 200 seconds at Sun Jun 30 04:44:16 UTC 2019
2502 ms. Memory: 86016K Free: 13619K (16%)
ptolemy.util.test.WatchDog.cancel(): canceling Sun Jun 30 04:44:19 UTC 2019
------------------ testing $PTII/ptolemy/domains/de/test/auto/VariableDelay.xml
auto.tcl: Setting watchdog for 200 seconds at Sun Jun 30 04:44:19 UTC 2019
4 ms. Memory: 48128K Free: 29781K (62%)
ptolemy.util.test.WatchDog.cancel(): canceling Sun Jun 30 04:44:19 UTC 2019
auto.tcl: Setting watchdog for 200 seconds at Sun Jun 30 04:44:19 UTC 2019
2 ms. Memory: 48128K Free: 28783K (60%)
ptolemy.util.test.WatchDog.cancel(): canceling Sun Jun 30 04:44:19 UTC 2019
------------------ testing $PTII/ptolemy/domains/de/test/auto/VariableDelay2.xml
auto.tcl: Setting watchdog for 200 seconds at Sun Jun 30 04:44:19 UTC 2019
8 ms. Memory: 48128K Free: 30179K (63%)
ptolemy.util.test.WatchDog.cancel(): canceling Sun Jun 30 04:44:19 UTC 2019
auto.tcl: Setting watchdog for 200 seconds at Sun Jun 30 04:44:19 UTC 2019
3 ms. Memory: 48128K Free: 29167K (61%)
ptolemy.util.test.WatchDog.cancel(): canceling Sun Jun 30 04:44:19 UTC 2019
------------------ testing $PTII/ptolemy/domains/de/test/auto/VariableDelayZeroDelay.xml
auto.tcl: Setting watchdog for 200 seconds at Sun Jun 30 04:44:19 UTC 2019
2 ms. Memory: 48128K Free: 30827K (64%)
ptolemy.util.test.WatchDog.cancel(): canceling Sun Jun 30 04:44:19 UTC 2019
auto.tcl: Setting watchdog for 200 seconds at Sun Jun 30 04:44:19 UTC 2019
3 ms. Memory: 48128K Free: 30178K (63%)
ptolemy.util.test.WatchDog.cancel(): canceling Sun Jun 30 04:44:19 UTC 2019
------------------ testing $PTII/ptolemy/domains/de/test/auto/VariableDelayZeroDelay2.xml
auto.tcl: Setting watchdog for 200 seconds at Sun Jun 30 04:44:19 UTC 2019
3 ms. Memory: 48128K Free: 30706K (64%)
ptolemy.util.test.WatchDog.cancel(): canceling Sun Jun 30 04:44:19 UTC 2019
auto.tcl: Setting watchdog for 200 seconds at Sun Jun 30 04:44:19 UTC 2019
2 ms. Memory: 48128K Free: 29696K (62%)
ptolemy.util.test.WatchDog.cancel(): canceling Sun Jun 30 04:44:19 UTC 2019
------------------ testing $PTII/ptolemy/domains/de/test/auto/deInCt.xml
auto.tcl: Setting watchdog for 200 seconds at Sun Jun 30 04:44:19 UTC 2019
0
1
1
1
0
0
0
1
1
1
1
0
0
1
1
1
0
0
0
1
1
0
0
0
1
1
1
0
0
0
0
0
0
1
1
1
0
0
0
0
15 ms. Memory: 48128K Free: 29679K (62%)
ptolemy.util.test.WatchDog.cancel(): canceling Sun Jun 30 04:44:19 UTC 2019
auto.tcl: Setting watchdog for 200 seconds at Sun Jun 30 04:44:19 UTC 2019
0
1
1
1
1
0
0
0
1
1
1
0
0
0
0
0
1
1
1
0
0
0
0
0
1
1
1
0
0
0
0
1
1
0
0
0
1
1
1
1
10 ms. Memory: 48128K Free: 28153K (58%)
ptolemy.util.test.WatchDog.cancel(): canceling Sun Jun 30 04:44:19 UTC 2019
------------------ testing $PTII/ptolemy/domains/de/test/auto/deInCt2.xml
auto.tcl: Setting watchdog for 200 seconds at Sun Jun 30 04:44:19 UTC 2019
0
1
1
1
0
0
1
1
1
0
0
1
1
1
0
0
1
1
1
0
0
1
1
1
0
0
1
1
1
0
0
1
1
1
0
0
1
1
1
0
0
0
8 ms. Memory: 48128K Free: 29681K (62%)
ptolemy.util.test.WatchDog.cancel(): canceling Sun Jun 30 04:44:19 UTC 2019
auto.tcl: Setting watchdog for 200 seconds at Sun Jun 30 04:44:19 UTC 2019
0
1
1
1
0
0
1
1
1
0
0
1
1
1
0
0
1
1
1
0
0
1
1
1
0
0
1
1
1
0
0
1
1
1
0
0
1
1
1
0
0
0
5 ms. Memory: 48128K Free: 28142K (58%)
ptolemy.util.test.WatchDog.cancel(): canceling Sun Jun 30 04:44:19 UTC 2019
------------------ testing $PTII/ptolemy/domains/de/test/auto/dynamicCausalityInterface1.xml
auto.tcl: Setting watchdog for 200 seconds at Sun Jun 30 04:44:19 UTC 2019
1 ms. Memory: 48128K Free: 25580K (53%)
ptolemy.util.test.WatchDog.cancel(): canceling Sun Jun 30 04:44:19 UTC 2019
auto.tcl: Setting watchdog for 200 seconds at Sun Jun 30 04:44:19 UTC 2019
1 ms. Memory: 48128K Free: 25048K (52%)
ptolemy.util.test.WatchDog.cancel(): canceling Sun Jun 30 04:44:19 UTC 2019
------------------ testing $PTII/ptolemy/domains/de/test/auto/fsm_de_test.xml
auto.tcl: Setting watchdog for 200 seconds at Sun Jun 30 04:44:19 UTC 2019
8 ms. Memory: 48128K Free: 25479K (53%)
ptolemy.util.test.WatchDog.cancel(): canceling Sun Jun 30 04:44:19 UTC 2019
auto.tcl: Setting watchdog for 200 seconds at Sun Jun 30 04:44:19 UTC 2019
6 ms. Memory: 48128K Free: 23431K (49%)
ptolemy.util.test.WatchDog.cancel(): canceling Sun Jun 30 04:44:19 UTC 2019
------------------ testing $PTII/ptolemy/domains/de/test/auto/functionDependencyReconstruction.xml
auto.tcl: Setting watchdog for 200 seconds at Sun Jun 30 04:44:20 UTC 2019
3 ms. Memory: 48128K Free: 19324K (40%)
ptolemy.util.test.WatchDog.cancel(): canceling Sun Jun 30 04:44:20 UTC 2019
auto.tcl: Setting watchdog for 200 seconds at Sun Jun 30 04:44:20 UTC 2019
4 ms. Memory: 48128K Free: 17276K (36%)
ptolemy.util.test.WatchDog.cancel(): canceling Sun Jun 30 04:44:20 UTC 2019
------------------ testing $PTII/ptolemy/domains/de/test/auto/multirate.xml
auto.tcl: Setting watchdog for 200 seconds at Sun Jun 30 04:44:20 UTC 2019
3 ms. Memory: 48128K Free: 27894K (58%)
ptolemy.util.test.WatchDog.cancel(): canceling Sun Jun 30 04:44:20 UTC 2019
auto.tcl: Setting watchdog for 200 seconds at Sun Jun 30 04:44:20 UTC 2019
3 ms. Memory: 48128K Free: 26422K (55%)
ptolemy.util.test.WatchDog.cancel(): canceling Sun Jun 30 04:44:20 UTC 2019
------------------ testing $PTII/ptolemy/domains/de/test/auto/multirate2.xml
auto.tcl: Setting watchdog for 200 seconds at Sun Jun 30 04:44:20 UTC 2019
3 ms. Memory: 48128K Free: 28314K (59%)
ptolemy.util.test.WatchDog.cancel(): canceling Sun Jun 30 04:44:20 UTC 2019
auto.tcl: Setting watchdog for 200 seconds at Sun Jun 30 04:44:20 UTC 2019
4 ms. Memory: 48128K Free: 27080K (56%)
ptolemy.util.test.WatchDog.cancel(): canceling Sun Jun 30 04:44:20 UTC 2019
------------------ testing $PTII/ptolemy/domains/de/test/auto/realtime.xml
auto.tcl: Setting watchdog for 200 seconds at Sun Jun 30 04:44:20 UTC 2019
10001 ms. Memory: 48128K Free: 30372K (63%)
ptolemy.util.test.WatchDog.cancel(): canceling Sun Jun 30 04:44:30 UTC 2019
auto.tcl: Setting watchdog for 200 seconds at Sun Jun 30 04:44:30 UTC 2019
10001 ms. Memory: 48128K Free: 29626K (62%)
ptolemy.util.test.WatchDog.cancel(): canceling Sun Jun 30 04:44:40 UTC 2019
------------------ testing $PTII/ptolemy/domains/de/test/auto/relationGroup.xml
auto.tcl: Setting watchdog for 200 seconds at Sun Jun 30 04:44:40 UTC 2019
3 ms. Memory: 48128K Free: 31421K (65%)
ptolemy.util.test.WatchDog.cancel(): canceling Sun Jun 30 04:44:40 UTC 2019
auto.tcl: Setting watchdog for 200 seconds at Sun Jun 30 04:44:40 UTC 2019
1 ms. Memory: 48128K Free: 30675K (64%)
ptolemy.util.test.WatchDog.cancel(): canceling Sun Jun 30 04:44:40 UTC 2019
------------------ testing $PTII/ptolemy/domains/de/test/auto/relationGroup2.xml
auto.tcl: Setting watchdog for 200 seconds at Sun Jun 30 04:44:40 UTC 2019
2 ms. Memory: 48128K Free: 31478K (65%)
ptolemy.util.test.WatchDog.cancel(): canceling Sun Jun 30 04:44:40 UTC 2019
auto.tcl: Setting watchdog for 200 seconds at Sun Jun 30 04:44:40 UTC 2019
2 ms. Memory: 48128K Free: 30732K (64%)
ptolemy.util.test.WatchDog.cancel(): canceling Sun Jun 30 04:44:40 UTC 2019
------------------ testing $PTII/ptolemy/domains/de/test/auto/sortWithOpaquePorts.xml
auto.tcl: Setting watchdog for 200 seconds at Sun Jun 30 04:44:40 UTC 2019
2 ms. Memory: 48128K Free: 30189K (63%)
ptolemy.util.test.WatchDog.cancel(): canceling Sun Jun 30 04:44:40 UTC 2019
auto.tcl: Setting watchdog for 200 seconds at Sun Jun 30 04:44:40 UTC 2019
2 ms. Memory: 48128K Free: 29205K (61%)
ptolemy.util.test.WatchDog.cancel(): canceling Sun Jun 30 04:44:40 UTC 2019
------------------ testing $PTII/ptolemy/domains/de/test/auto/transferInputsandOutputs.xml
auto.tcl: Setting watchdog for 200 seconds at Sun Jun 30 04:44:40 UTC 2019
3 ms. Memory: 48128K Free: 27648K (57%)
ptolemy.util.test.WatchDog.cancel(): canceling Sun Jun 30 04:44:40 UTC 2019
auto.tcl: Setting watchdog for 200 seconds at Sun Jun 30 04:44:40 UTC 2019
3 ms. Memory: 48128K Free: 26624K (55%)
ptolemy.util.test.WatchDog.cancel(): canceling Sun Jun 30 04:44:40 UTC 2019
------------------ testing $PTII/ptolemy/domains/de/test/auto/triggerType.xml
auto.tcl: Setting watchdog for 200 seconds at Sun Jun 30 04:44:40 UTC 2019
2 ms. Memory: 48128K Free: 30673K (64%)
ptolemy.util.test.WatchDog.cancel(): canceling Sun Jun 30 04:44:40 UTC 2019
auto.tcl: Setting watchdog for 200 seconds at Sun Jun 30 04:44:40 UTC 2019
2 ms. Memory: 48128K Free: 29649K (62%)
ptolemy.util.test.WatchDog.cancel(): canceling Sun Jun 30 04:44:40 UTC 2019
06/30/19 04:44:40
Failed: 0  Total Tests: 192  ((Passed: 187, Newly Passed: 1)  Known Failed: 5) /home/travis/build/icyphy/ptII/ptolemy/domains/de/test
06/30/19 04:44:40
Failed: 0  Total Tests: 192  ((Passed: 187, Newly Passed: 1)  Known Failed: 5) /home/travis/build/icyphy/ptII/ptolemy/domains/de/test
----------------- testing (KnownFailure) /home/travis/build/icyphy/ptII/ptolemy/domains/de/test/auto/knownFailedTests/DESDFClockTest.xml
2012 ms. Memory: 48128K Free: 24068K (50%)
Known Failure: java.lang.reflect.InvocationTargetException
----------------- testing (KnownFailure) /home/travis/build/icyphy/ptII/ptolemy/domains/de/test/auto/knownFailedTests/DirectFeedback.xml
2 ms. Memory: 48128K Free: 19972K (41%)
Known Failure: java.lang.reflect.InvocationTargetException
----------------- testing (KnownFailure) /home/travis/build/icyphy/ptII/ptolemy/domains/de/test/auto/knownFailedTests/FSMSource.xml
7 ms. Memory: 48128K Free: 12294K (26%)
----------------- testing (KnownFailure) /home/travis/build/icyphy/ptII/ptolemy/domains/de/test/auto/knownFailedTests/HierarchicalModel.xml
10 ms. Memory: 48128K Free: 23419K (49%)
Known Failure: java.lang.reflect.InvocationTargetException
----------------- testing (KnownFailure) /home/travis/build/icyphy/ptII/ptolemy/domains/de/test/auto/knownFailedTests/dependencyLoop.xml
2 ms. Memory: 48128K Free: 8349K (17%)
Known Failure: java.lang.reflect.InvocationTargetException
----------------- testing (KnownFailure) /home/travis/build/icyphy/ptII/ptolemy/domains/de/test/auto/knownFailedTests/dependencyLoop2.xml
4 ms. Memory: 48128K Free: 20742K (43%)
Known Failure: java.lang.reflect.InvocationTargetException
No auto/linux-amd64/*.xml tests in /home/travis/build/icyphy/ptII/ptolemy/domains/de/test
AutoTests.java: About to close Vertx.
AutoTests.java: Vertx closed.

===========================================================================================
----------------- testing Sun Jun 30 04:44:42 UTC 2019 /home/travis/build/icyphy/ptII/ptolemy/domains/de/test/auto/ActorDepthCalculation_actorWithoutPorts.xml
----------------- Instantiating /home/travis/build/icyphy/ptII/ptolemy/domains/de/test/auto/ActorDepthCalculation_actorWithoutPorts.xml
3 ms. Memory: 48128K Free: 13841K (29%)
----------------- Invoking toplevel() on ptolemy.moml.MoMLSimpleApplication@3cd981ec
----------------- Done invoking toplevel() on ptolemy.moml.MoMLSimpleApplication@3cd981ec
reloadAllAccessors: .ActorDepthCalculation_actorWithoutPorts

===========================================================================================
----------------- testing Sun Jun 30 04:44:42 UTC 2019 /home/travis/build/icyphy/ptII/ptolemy/domains/de/test/auto/AssemblyLine.xml
----------------- Instantiating /home/travis/build/icyphy/ptII/ptolemy/domains/de/test/auto/AssemblyLine.xml
3 ms. Memory: 48128K Free: 33131K (69%)
----------------- Invoking toplevel() on ptolemy.moml.MoMLSimpleApplication@73eb18ab
----------------- Done invoking toplevel() on ptolemy.moml.MoMLSimpleApplication@73eb18ab
reloadAllAccessors: .AssemblyLine

===========================================================================================
----------------- testing Sun Jun 30 04:44:42 UTC 2019 /home/travis/build/icyphy/ptII/ptolemy/domains/de/test/auto/CQBug1.xml
----------------- Instantiating /home/travis/build/icyphy/ptII/ptolemy/domains/de/test/auto/CQBug1.xml
1 ms. Memory: 48128K Free: 30073K (62%)
----------------- Invoking toplevel() on ptolemy.moml.MoMLSimpleApplication@4e0e0db7
----------------- Done invoking toplevel() on ptolemy.moml.MoMLSimpleApplication@4e0e0db7
reloadAllAccessors: .CQBug1

===========================================================================================
----------------- testing Sun Jun 30 04:44:42 UTC 2019 /home/travis/build/icyphy/ptII/ptolemy/domains/de/test/auto/CancelFireAt.xml
----------------- Instantiating /home/travis/build/icyphy/ptII/ptolemy/domains/de/test/auto/CancelFireAt.xml
1 ms. Memory: 48128K Free: 27438K (57%)
----------------- Invoking toplevel() on ptolemy.moml.MoMLSimpleApplication@2fcf0281
----------------- Done invoking toplevel() on ptolemy.moml.MoMLSimpleApplication@2fcf0281
reloadAllAccessors: .CancelFireAt

===========================================================================================
----------------- testing Sun Jun 30 04:44:43 UTC 2019 /home/travis/build/icyphy/ptII/ptolemy/domains/de/test/auto/CausalityAndComposabilityAnalysis.xml
----------------- Instantiating /home/travis/build/icyphy/ptII/ptolemy/domains/de/test/auto/CausalityAndComposabilityAnalysis.xml
2 ms. Memory: 48128K Free: 23173K (48%)
----------------- Invoking toplevel() on ptolemy.moml.MoMLSimpleApplication@4756b5e9
----------------- Done invoking toplevel() on ptolemy.moml.MoMLSimpleApplication@4756b5e9
reloadAllAccessors: .CausalityAndComposabilityAnalysis

===========================================================================================
----------------- testing Sun Jun 30 04:44:43 UTC 2019 /home/travis/build/icyphy/ptII/ptolemy/domains/de/test/auto/CausalityInterface1.xml
----------------- Instantiating /home/travis/build/icyphy/ptII/ptolemy/domains/de/test/auto/CausalityInterface1.xml
4 ms. Memory: 48128K Free: 18246K (38%)
----------------- Invoking toplevel() on ptolemy.moml.MoMLSimpleApplication@4dcdc6fd
----------------- Done invoking toplevel() on ptolemy.moml.MoMLSimpleApplication@4dcdc6fd
reloadAllAccessors: .CausalityInterface1

===========================================================================================
----------------- testing Sun Jun 30 04:44:43 UTC 2019 /home/travis/build/icyphy/ptII/ptolemy/domains/de/test/auto/CausalityInterface15.xml
----------------- Instantiating /home/travis/build/icyphy/ptII/ptolemy/domains/de/test/auto/CausalityInterface15.xml
2 ms. Memory: 48128K Free: 13100K (27%)
----------------- Invoking toplevel() on ptolemy.moml.MoMLSimpleApplication@33c0dbcb
----------------- Done invoking toplevel() on ptolemy.moml.MoMLSimpleApplication@33c0dbcb
reloadAllAccessors: .CausalityInterface15

===========================================================================================
----------------- testing Sun Jun 30 04:44:43 UTC 2019 /home/travis/build/icyphy/ptII/ptolemy/domains/de/test/auto/CausalityInterface2.xml
----------------- Instantiating /home/travis/build/icyphy/ptII/ptolemy/domains/de/test/auto/CausalityInterface2.xml
1 ms. Memory: 48128K Free: 8569K (18%)
[...]
	at ptolemy.actor.Manager.run(Manager.java:1263)
	at ptolemy.actor.Manager$PtolemyRunThread.run(Manager.java:1915)
java.lang.RuntimeException: Execution failed
	at ptolemy.moml.MoMLSimpleApplication$UnloadThread.run(MoMLSimpleApplication.java:402)
Caused by: ptolemy.kernel.util.IllegalActionException: Actor is not ready to fire.  Perhaps UpSample.prefire() returned false? Try debugging the actor by selecting "Listen to Actor".  Also, for SDF check moml for tokenConsumptionRate on input.
  in .DESDFClockTest.Play Bell.Copy1:SDF Director and .DESDFClockTest.Play Bell.UpSample
	at ptolemy.actor.sched.StaticSchedulingDirector.fire(StaticSchedulingDirector.java:227)
	at ptolemy.domains.sdf.kernel.SDFDirector.fire(SDFDirector.java:500)
	at ptolemy.actor.CompositeActor.fire(CompositeActor.java:455)
	at ptolemy.domains.de.kernel.DEDirector._fire(DEDirector.java:1949)
	at ptolemy.domains.de.kernel.DEDirector.fire(DEDirector.java:502)
	at ptolemy.actor.CompositeActor.fire(CompositeActor.java:455)
	at ptolemy.actor.Manager.iterate(Manager.java:851)
	at ptolemy.actor.Manager.execute(Manager.java:369)
	at ptolemy.actor.Manager.run(Manager.java:1263)
	at ptolemy.actor.Manager$PtolemyRunThread.run(Manager.java:1915)
java.lang.reflect.InvocationTargetException
	at java.base/jdk.internal.reflect.NativeConstructorAccessorImpl.newInstance0(Native Method)
	at java.base/jdk.internal.reflect.NativeConstructorAccessorImpl.newInstance(NativeConstructorAccessorImpl.java:62)
	at java.base/jdk.internal.reflect.DelegatingConstructorAccessorImpl.newInstance(DelegatingConstructorAccessorImpl.java:45)
	at java.base/java.lang.reflect.Constructor.newInstance(Constructor.java:490)
	at ptolemy.util.test.junit.AutoKnownFailedTests.RunModel(AutoKnownFailedTests.java:105)
	at java.base/jdk.internal.reflect.NativeMethodAccessorImpl.invoke0(Native Method)
	at java.base/jdk.internal.reflect.NativeMethodAccessorImpl.invoke(NativeMethodAccessorImpl.java:62)
	at java.base/jdk.internal.reflect.DelegatingMethodAccessorImpl.invoke(DelegatingMethodAccessorImpl.java:43)
	at java.base/java.lang.reflect.Method.invoke(Method.java:566)
	at org.junit.runners.model.FrameworkMethod$1.runReflectiveCall(FrameworkMethod.java:44)
	at org.junit.internal.runners.model.ReflectiveCallable.run(ReflectiveCallable.java:15)
	at org.junit.runners.model.FrameworkMethod.invokeExplosively(FrameworkMethod.java:41)
	at junitparams.internal.InvokeParameterisedMethod.evaluate(InvokeParameterisedMethod.java:102)
	at org.junit.internal.runners.statements.FailOnTimeout$1.run(FailOnTimeout.java:28)
Caused by: ptolemy.kernel.util.IllegalActionException: Actor is not ready to fire.  Perhaps UpSample.prefire() returned false? Try debugging the actor by selecting "Listen to Actor".  Also, for SDF check moml for tokenConsumptionRate on input.
  in .DESDFClockTest.Play Bell.Copy1:SDF Director and .DESDFClockTest.Play Bell.UpSample
	at ptolemy.actor.sched.StaticSchedulingDirector.fire(StaticSchedulingDirector.java:227)
	at ptolemy.domains.sdf.kernel.SDFDirector.fire(SDFDirector.java:500)
	at ptolemy.actor.CompositeActor.fire(CompositeActor.java:455)
	at ptolemy.domains.de.kernel.DEDirector._fire(DEDirector.java:1949)
	at ptolemy.domains.de.kernel.DEDirector.fire(DEDirector.java:502)
	at ptolemy.actor.CompositeActor.fire(CompositeActor.java:455)
	at ptolemy.actor.Manager.iterate(Manager.java:851)
	at ptolemy.actor.Manager.execute(Manager.java:369)
	at ptolemy.actor.Manager.run(Manager.java:1263)
	at ptolemy.actor.Manager$PtolemyRunThread.run(Manager.java:1915)
java.lang.RuntimeException: Execution failed
	at ptolemy.moml.MoMLSimpleApplication$UnloadThread.run(MoMLSimpleApplication.java:402)
Caused by: ptolemy.kernel.util.IllegalActionException: Test fails in iteration 1.
Value was: 1.0. Should have been: 2.0
  in .DirectFeedback.Test
	at ptolemy.actor.lib.Test.fire(Test.java:268)
	at ptolemy.domains.de.kernel.DEDirector._fire(DEDirector.java:1949)
	at ptolemy.domains.de.kernel.DEDirector.fire(DEDirector.java:502)
	at ptolemy.actor.CompositeActor.fire(CompositeActor.java:455)
	at ptolemy.actor.Manager.iterate(Manager.java:851)
	at ptolemy.actor.Manager.execute(Manager.java:369)
	at ptolemy.actor.Manager.run(Manager.java:1263)
	at ptolemy.actor.Manager$PtolemyRunThread.run(Manager.java:1915)
java.lang.reflect.InvocationTargetException
	at java.base/jdk.internal.reflect.NativeConstructorAccessorImpl.newInstance0(Native Method)
	at java.base/jdk.internal.reflect.NativeConstructorAccessorImpl.newInstance(NativeConstructorAccessorImpl.java:62)
	at java.base/jdk.internal.reflect.DelegatingConstructorAccessorImpl.newInstance(DelegatingConstructorAccessorImpl.java:45)
	at java.base/java.lang.reflect.Constructor.newInstance(Constructor.java:490)
	at ptolemy.util.test.junit.AutoKnownFailedTests.RunModel(AutoKnownFailedTests.java:105)
	at java.base/jdk.internal.reflect.NativeMethodAccessorImpl.invoke0(Native Method)
	at java.base/jdk.internal.reflect.NativeMethodAccessorImpl.invoke(NativeMethodAccessorImpl.java:62)
	at java.base/jdk.internal.reflect.DelegatingMethodAccessorImpl.invoke(DelegatingMethodAccessorImpl.java:43)
	at java.base/java.lang.reflect.Method.invoke(Method.java:566)
	at org.junit.runners.model.FrameworkMethod$1.runReflectiveCall(FrameworkMethod.java:44)
	at org.junit.internal.runners.model.ReflectiveCallable.run(ReflectiveCallable.java:15)
	at org.junit.runners.model.FrameworkMethod.invokeExplosively(FrameworkMethod.java:41)
	at junitparams.internal.InvokeParameterisedMethod.evaluate(InvokeParameterisedMethod.java:102)
	at org.junit.internal.runners.statements.FailOnTimeout$1.run(FailOnTimeout.java:28)
Caused by: ptolemy.kernel.util.IllegalActionException: Test fails in iteration 1.
Value was: 1.0. Should have been: 2.0
  in .DirectFeedback.Test
	at ptolemy.actor.lib.Test.fire(Test.java:268)
	at ptolemy.domains.de.kernel.DEDirector._fire(DEDirector.java:1949)
	at ptolemy.domains.de.kernel.DEDirector.fire(DEDirector.java:502)
	at ptolemy.actor.CompositeActor.fire(CompositeActor.java:455)
	at ptolemy.actor.Manager.iterate(Manager.java:851)
	at ptolemy.actor.Manager.execute(Manager.java:369)
	at ptolemy.actor.Manager.run(Manager.java:1263)
	at ptolemy.actor.Manager$PtolemyRunThread.run(Manager.java:1915)
java.lang.RuntimeException: Execution failed
	at ptolemy.moml.MoMLSimpleApplication$UnloadThread.run(MoMLSimpleApplication.java:402)
Caused by: ptolemy.kernel.util.IllegalActionException: Found a zero delay loop containing .HierarchicalModel.A
  in .HierarchicalModel and .HierarchicalModel.A
	at ptolemy.actor.util.CausalityInterfaceForComposites._computeOutputPortDepth(CausalityInterfaceForComposites.java:759)
	at ptolemy.actor.util.CausalityInterfaceForComposites._computeInputDepth(CausalityInterfaceForComposites.java:696)
	at ptolemy.actor.util.CausalityInterfaceForComposites._computeOutputPortDepth(CausalityInterfaceForComposites.java:765)
	at ptolemy.actor.util.CausalityInterfaceForComposites._computeInputDepth(CausalityInterfaceForComposites.java:696)
	at ptolemy.actor.util.CausalityInterfaceForComposites._computeOutputPortDepth(CausalityInterfaceForComposites.java:765)
	at ptolemy.actor.util.CausalityInterfaceForComposites._computeInputDepth(CausalityInterfaceForComposites.java:696)
	at ptolemy.actor.util.CausalityInterfaceForComposites._computeActorDepth(CausalityInterfaceForComposites.java:532)
	at ptolemy.actor.util.CausalityInterfaceForComposites.checkForCycles(CausalityInterfaceForComposites.java:96)
	at ptolemy.domains.de.kernel.DEDirector.preinitialize(DEDirector.java:1338)
	at ptolemy.actor.CompositeActor.preinitialize(CompositeActor.java:1828)
	at ptolemy.actor.Manager.preinitializeAndResolveTypes(Manager.java:1040)
	at ptolemy.actor.Manager.initialize(Manager.java:710)
	at ptolemy.actor.Manager.execute(Manager.java:356)
	at ptolemy.actor.Manager.run(Manager.java:1263)
	at ptolemy.actor.Manager$PtolemyRunThread.run(Manager.java:1915)
java.lang.reflect.InvocationTargetException
	at java.base/jdk.internal.reflect.NativeConstructorAccessorImpl.newInstance0(Native Method)
	at java.base/jdk.internal.reflect.NativeConstructorAccessorImpl.newInstance(NativeConstructorAccessorImpl.java:62)
	at java.base/jdk.internal.reflect.DelegatingConstructorAccessorImpl.newInstance(DelegatingConstructorAccessorImpl.java:45)
	at java.base/java.lang.reflect.Constructor.newInstance(Constructor.java:490)
	at ptolemy.util.test.junit.AutoKnownFailedTests.RunModel(AutoKnownFailedTests.java:105)
	at java.base/jdk.internal.reflect.NativeMethodAccessorImpl.invoke0(Native Method)
	at java.base/jdk.internal.reflect.NativeMethodAccessorImpl.invoke(NativeMethodAccessorImpl.java:62)
	at java.base/jdk.internal.reflect.DelegatingMethodAccessorImpl.invoke(DelegatingMethodAccessorImpl.java:43)
	at java.base/java.lang.reflect.Method.invoke(Method.java:566)
	at org.junit.runners.model.FrameworkMethod$1.runReflectiveCall(FrameworkMethod.java:44)
	at org.junit.internal.runners.model.ReflectiveCallable.run(ReflectiveCallable.java:15)
	at org.junit.runners.model.FrameworkMethod.invokeExplosively(FrameworkMethod.java:41)
	at junitparams.internal.InvokeParameterisedMethod.evaluate(InvokeParameterisedMethod.java:102)
	at org.junit.internal.runners.statements.FailOnTimeout$1.run(FailOnTimeout.java:28)
Caused by: ptolemy.kernel.util.IllegalActionException: Found a zero delay loop containing .HierarchicalModel.A
  in .HierarchicalModel and .HierarchicalModel.A
	at ptolemy.actor.util.CausalityInterfaceForComposites._computeOutputPortDepth(CausalityInterfaceForComposites.java:759)
	at ptolemy.actor.util.CausalityInterfaceForComposites._computeInputDepth(CausalityInterfaceForComposites.java:696)
	at ptolemy.actor.util.CausalityInterfaceForComposites._computeOutputPortDepth(CausalityInterfaceForComposites.java:765)
	at ptolemy.actor.util.CausalityInterfaceForComposites._computeInputDepth(CausalityInterfaceForComposites.java:696)
	at ptolemy.actor.util.CausalityInterfaceForComposites._computeOutputPortDepth(CausalityInterfaceForComposites.java:765)
	at ptolemy.actor.util.CausalityInterfaceForComposites._computeInputDepth(CausalityInterfaceForComposites.java:696)
	at ptolemy.actor.util.CausalityInterfaceForComposites._computeActorDepth(CausalityInterfaceForComposites.java:532)
	at ptolemy.actor.util.CausalityInterfaceForComposites.checkForCycles(CausalityInterfaceForComposites.java:96)
	at ptolemy.domains.de.kernel.DEDirector.preinitialize(DEDirector.java:1338)
	at ptolemy.actor.CompositeActor.preinitialize(CompositeActor.java:1828)
	at ptolemy.actor.Manager.preinitializeAndResolveTypes(Manager.java:1040)
	at ptolemy.actor.Manager.initialize(Manager.java:710)
	at ptolemy.actor.Manager.execute(Manager.java:356)
	at ptolemy.actor.Manager.run(Manager.java:1263)
	at ptolemy.actor.Manager$PtolemyRunThread.run(Manager.java:1915)
java.lang.RuntimeException: Execution failed
	at ptolemy.moml.MoMLSimpleApplication$UnloadThread.run(MoMLSimpleApplication.java:402)
Caused by: ptolemy.kernel.util.IllegalActionException: Found a zero delay loop containing .dependencyLoop.original
  in .dependencyLoop and .dependencyLoop.original
	at ptolemy.actor.util.CausalityInterfaceForComposites._computeOutputPortDepth(CausalityInterfaceForComposites.java:759)
	at ptolemy.actor.util.CausalityInterfaceForComposites._computeInputDepth(CausalityInterfaceForComposites.java:696)
	at ptolemy.actor.util.CausalityInterfaceForComposites._computeOutputPortDepth(CausalityInterfaceForComposites.java:765)
	at ptolemy.actor.util.CausalityInterfaceForComposites._computeInputDepth(CausalityInterfaceForComposites.java:696)
	at ptolemy.actor.util.CausalityInterfaceForComposites._computeOutputPortDepth(CausalityInterfaceForComposites.java:765)
	at ptolemy.actor.util.CausalityInterfaceForComposites._computeInputDepth(CausalityInterfaceForComposites.java:696)
	at ptolemy.actor.util.CausalityInterfaceForComposites._computeActorDepth(CausalityInterfaceForComposites.java:532)
	at ptolemy.actor.util.CausalityInterfaceForComposites.checkForCycles(CausalityInterfaceForComposites.java:96)
	at ptolemy.domains.de.kernel.DEDirector.preinitialize(DEDirector.java:1338)
	at ptolemy.actor.CompositeActor.preinitialize(CompositeActor.java:1828)
	at ptolemy.actor.Manager.preinitializeAndResolveTypes(Manager.java:1040)
	at ptolemy.actor.Manager.initialize(Manager.java:710)
	at ptolemy.actor.Manager.execute(Manager.java:356)
	at ptolemy.actor.Manager.run(Manager.java:1263)
	at ptolemy.actor.Manager$PtolemyRunThread.run(Manager.java:1915)
java.lang.reflect.InvocationTargetException
	at java.base/jdk.internal.reflect.NativeConstructorAccessorImpl.newInstance0(Native Method)
	at java.base/jdk.internal.reflect.NativeConstructorAccessorImpl.newInstance(NativeConstructorAccessorImpl.java:62)
	at java.base/jdk.internal.reflect.DelegatingConstructorAccessorImpl.newInstance(DelegatingConstructorAccessorImpl.java:45)
	at java.base/java.lang.reflect.Constructor.newInstance(Constructor.java:490)
	at ptolemy.util.test.junit.AutoKnownFailedTests.RunModel(AutoKnownFailedTests.java:105)
	at java.base/jdk.internal.reflect.NativeMethodAccessorImpl.invoke0(Native Method)
	at java.base/jdk.internal.reflect.NativeMethodAccessorImpl.invoke(NativeMethodAccessorImpl.java:62)
	at java.base/jdk.internal.reflect.DelegatingMethodAccessorImpl.invoke(DelegatingMethodAccessorImpl.java:43)
	at java.base/java.lang.reflect.Method.invoke(Method.java:566)
	at org.junit.runners.model.FrameworkMethod$1.runReflectiveCall(FrameworkMethod.java:44)
	at org.junit.internal.runners.model.ReflectiveCallable.run(ReflectiveCallable.java:15)
	at org.junit.runners.model.FrameworkMethod.invokeExplosively(FrameworkMethod.java:41)
	at junitparams.internal.InvokeParameterisedMethod.evaluate(InvokeParameterisedMethod.java:102)
	at org.junit.internal.runners.statements.FailOnTimeout$1.run(FailOnTimeout.java:28)
Caused by: ptolemy.kernel.util.IllegalActionException: Found a zero delay loop containing .dependencyLoop.original
  in .dependencyLoop and .dependencyLoop.original
	at ptolemy.actor.util.CausalityInterfaceForComposites._computeOutputPortDepth(CausalityInterfaceForComposites.java:759)
	at ptolemy.actor.util.CausalityInterfaceForComposites._computeInputDepth(CausalityInterfaceForComposites.java:696)
	at ptolemy.actor.util.CausalityInterfaceForComposites._computeOutputPortDepth(CausalityInterfaceForComposites.java:765)
	at ptolemy.actor.util.CausalityInterfaceForComposites._computeInputDepth(CausalityInterfaceForComposites.java:696)
	at ptolemy.actor.util.CausalityInterfaceForComposites._computeOutputPortDepth(CausalityInterfaceForComposites.java:765)
	at ptolemy.actor.util.CausalityInterfaceForComposites._computeInputDepth(CausalityInterfaceForComposites.java:696)
	at ptolemy.actor.util.CausalityInterfaceForComposites._computeActorDepth(CausalityInterfaceForComposites.java:532)
	at ptolemy.actor.util.CausalityInterfaceForComposites.checkForCycles(CausalityInterfaceForComposites.java:96)
	at ptolemy.domains.de.kernel.DEDirector.preinitialize(DEDirector.java:1338)
	at ptolemy.actor.CompositeActor.preinitialize(CompositeActor.java:1828)
	at ptolemy.actor.Manager.preinitializeAndResolveTypes(Manager.java:1040)
	at ptolemy.actor.Manager.initialize(Manager.java:710)
	at ptolemy.actor.Manager.execute(Manager.java:356)
	at ptolemy.actor.Manager.run(Manager.java:1263)
	at ptolemy.actor.Manager$PtolemyRunThread.run(Manager.java:1915)
java.lang.RuntimeException: Execution failed
	at ptolemy.moml.MoMLSimpleApplication$UnloadThread.run(MoMLSimpleApplication.java:402)
Caused by: ptolemy.kernel.util.IllegalActionException: Found a zero delay loop containing .dependencyLoop2.original
  in .dependencyLoop2 and .dependencyLoop2.original
	at ptolemy.actor.util.CausalityInterfaceForComposites._computeOutputPortDepth(CausalityInterfaceForComposites.java:759)
	at ptolemy.actor.util.CausalityInterfaceForComposites._computeInputDepth(CausalityInterfaceForComposites.java:696)
	at ptolemy.actor.util.CausalityInterfaceForComposites._computeOutputPortDepth(CausalityInterfaceForComposites.java:765)
	at ptolemy.actor.util.CausalityInterfaceForComposites._computeInputDepth(CausalityInterfaceForComposites.java:696)
	at ptolemy.actor.util.CausalityInterfaceForComposites._computeOutputPortDepth(CausalityInterfaceForComposites.java:765)
	at ptolemy.actor.util.CausalityInterfaceForComposites._computeInputDepth(CausalityInterfaceForComposites.java:696)
	at ptolemy.actor.util.CausalityInterfaceForComposites._computeActorDepth(CausalityInterfaceForComposites.java:532)
	at ptolemy.actor.util.CausalityInterfaceForComposites.checkForCycles(CausalityInterfaceForComposites.java:96)
	at ptolemy.domains.de.kernel.DEDirector.preinitialize(DEDirector.java:1338)
	at ptolemy.actor.CompositeActor.preinitialize(CompositeActor.java:1828)
	at ptolemy.actor.Manager.preinitializeAndResolveTypes(Manager.java:1040)
	at ptolemy.actor.Manager.initialize(Manager.java:710)
	at ptolemy.actor.Manager.execute(Manager.java:356)
	at ptolemy.actor.Manager.run(Manager.java:1263)
	at ptolemy.actor.Manager$PtolemyRunThread.run(Manager.java:1915)
java.lang.reflect.InvocationTargetException
	at java.base/jdk.internal.reflect.NativeConstructorAccessorImpl.newInstance0(Native Method)
	at java.base/jdk.internal.reflect.NativeConstructorAccessorImpl.newInstance(NativeConstructorAccessorImpl.java:62)
	at java.base/jdk.internal.reflect.DelegatingConstructorAccessorImpl.newInstance(DelegatingConstructorAccessorImpl.java:45)
	at java.base/java.lang.reflect.Constructor.newInstance(Constructor.java:490)
	at ptolemy.util.test.junit.AutoKnownFailedTests.RunModel(AutoKnownFailedTests.java:105)
	at java.base/jdk.internal.reflect.NativeMethodAccessorImpl.invoke0(Native Method)
	at java.base/jdk.internal.reflect.NativeMethodAccessorImpl.invoke(NativeMethodAccessorImpl.java:62)
	at java.base/jdk.internal.reflect.DelegatingMethodAccessorImpl.invoke(DelegatingMethodAccessorImpl.java:43)
	at java.base/java.lang.reflect.Method.invoke(Method.java:566)
	at org.junit.runners.model.FrameworkMethod$1.runReflectiveCall(FrameworkMethod.java:44)
	at org.junit.internal.runners.model.ReflectiveCallable.run(ReflectiveCallable.java:15)
	at org.junit.runners.model.FrameworkMethod.invokeExplosively(FrameworkMethod.java:41)
	at junitparams.internal.InvokeParameterisedMethod.evaluate(InvokeParameterisedMethod.java:102)
	at org.junit.internal.runners.statements.FailOnTimeout$1.run(FailOnTimeout.java:28)
Caused by: ptolemy.kernel.util.IllegalActionException: Found a zero delay loop containing .dependencyLoop2.original
  in .dependencyLoop2 and .dependencyLoop2.original
	at ptolemy.actor.util.CausalityInterfaceForComposites._computeOutputPortDepth(CausalityInterfaceForComposites.java:759)
	at ptolemy.actor.util.CausalityInterfaceForComposites._computeInputDepth(CausalityInterfaceForComposites.java:696)
	at ptolemy.actor.util.CausalityInterfaceForComposites._computeOutputPortDepth(CausalityInterfaceForComposites.java:765)
	at ptolemy.actor.util.CausalityInterfaceForComposites._computeInputDepth(CausalityInterfaceForComposites.java:696)
	at ptolemy.actor.util.CausalityInterfaceForComposites._computeOutputPortDepth(CausalityInterfaceForComposites.java:765)
	at ptolemy.actor.util.CausalityInterfaceForComposites._computeInputDepth(CausalityInterfaceForComposites.java:696)
	at ptolemy.actor.util.CausalityInterfaceForComposites._computeActorDepth(CausalityInterfaceForComposites.java:532)
	at ptolemy.actor.util.CausalityInterfaceForComposites.checkForCycles(CausalityInterfaceForComposites.java:96)
	at ptolemy.domains.de.kernel.DEDirector.preinitialize(DEDirector.java:1338)
	at ptolemy.actor.CompositeActor.preinitialize(CompositeActor.java:1828)
	at ptolemy.actor.Manager.preinitializeAndResolveTypes(Manager.java:1040)
	at ptolemy.actor.Manager.initialize(Manager.java:710)
	at ptolemy.actor.Manager.execute(Manager.java:356)
	at ptolemy.actor.Manager.run(Manager.java:1263)
	at ptolemy.actor.Manager$PtolemyRunThread.run(Manager.java:1915)
]]></system-err>
</testsuite>
