<?xml version="1.0" encoding="UTF-8" ?>
<testsuite errors="0" failures="0" hostname="travis-job-e761f9ee-3011-4193-b5d5-981d1ccf2da1" name="ptolemy.domains.de.test.junit.JUnitTclTest" skipped="0" tests="101" time="130.912" timestamp="2019-02-22T03:06:19">
  <properties>
[...]
</properties>
  <testcase classname="ptolemy.util.test.junit.TclTests" name="[0] /home/travis/build/icyphy/ptII/ptolemy/domains/de/test/DependencyLoop.tcl (RunTclFile)" time="0.736" />
  <testcase classname="ptolemy.util.test.junit.TclTests" name="[1] /home/travis/build/icyphy/ptII/ptolemy/domains/de/test/RunDETestsAsQSS.tcl (RunTclFile)" time="89.011" />
  <testcase classname="ptolemy.util.test.junit.AutoKnownFailedTests" name="[0] /home/travis/build/icyphy/ptII/ptolemy/domains/de/test/auto/knownFailedTests/DESDFClockTest.xml (RunModel)" time="2.032" />
  <testcase classname="ptolemy.util.test.junit.AutoKnownFailedTests" name="[1] /home/travis/build/icyphy/ptII/ptolemy/domains/de/test/auto/knownFailedTests/DirectFeedback.xml (RunModel)" time="0.008" />
  <testcase classname="ptolemy.util.test.junit.AutoKnownFailedTests" name="[2] /home/travis/build/icyphy/ptII/ptolemy/domains/de/test/auto/knownFailedTests/FSMSource.xml (RunModel)" time="0.016" />
  <testcase classname="ptolemy.util.test.junit.AutoKnownFailedTests" name="[3] /home/travis/build/icyphy/ptII/ptolemy/domains/de/test/auto/knownFailedTests/HierarchicalModel.xml (RunModel)" time="0.035" />
  <testcase classname="ptolemy.util.test.junit.AutoKnownFailedTests" name="[4] /home/travis/build/icyphy/ptII/ptolemy/domains/de/test/auto/knownFailedTests/dependencyLoop.xml (RunModel)" time="0.031" />
  <testcase classname="ptolemy.util.test.junit.AutoKnownFailedTests" name="[5] /home/travis/build/icyphy/ptII/ptolemy/domains/de/test/auto/knownFailedTests/dependencyLoop2.xml (RunModel)" time="0.039" />
  <testcase classname="ptolemy.util.test.junit.AutoNameArchTests" name="[0] ThereAreNoAutoArchTests (RunModel)" time="0.0" />
  <testcase classname="ptolemy.util.test.junit.AutoTests" name="[0] /home/travis/build/icyphy/ptII/ptolemy/domains/de/test/auto/ActorDepthCalculation_actorWithoutPorts.xml (RunModel)" time="0.019" />
  <testcase classname="ptolemy.util.test.junit.AutoTests" name="[1] /home/travis/build/icyphy/ptII/ptolemy/domains/de/test/auto/AssemblyLine.xml (RunModel)" time="0.023" />
  <testcase classname="ptolemy.util.test.junit.AutoTests" name="[2] /home/travis/build/icyphy/ptII/ptolemy/domains/de/test/auto/CQBug1.xml (RunModel)" time="0.007" />
  <testcase classname="ptolemy.util.test.junit.AutoTests" name="[3] /home/travis/build/icyphy/ptII/ptolemy/domains/de/test/auto/CancelFireAt.xml (RunModel)" time="0.005" />
  <testcase classname="ptolemy.util.test.junit.AutoTests" name="[4] /home/travis/build/icyphy/ptII/ptolemy/domains/de/test/auto/CausalityAndComposabilityAnalysis.xml (RunModel)" time="0.01" />
  <testcase classname="ptolemy.util.test.junit.AutoTests" name="[5] /home/travis/build/icyphy/ptII/ptolemy/domains/de/test/auto/CausalityInterface1.xml (RunModel)" time="0.011" />
  <testcase classname="ptolemy.util.test.junit.AutoTests" name="[6] /home/travis/build/icyphy/ptII/ptolemy/domains/de/test/auto/CausalityInterface15.xml (RunModel)" time="0.012" />
  <testcase classname="ptolemy.util.test.junit.AutoTests" name="[7] /home/travis/build/icyphy/ptII/ptolemy/domains/de/test/auto/CausalityInterface2.xml (RunModel)" time="0.01" />
  <testcase classname="ptolemy.util.test.junit.AutoTests" name="[8] /home/travis/build/icyphy/ptII/ptolemy/domains/de/test/auto/CausalityInterface3.xml (RunModel)" time="0.011" />
  <testcase classname="ptolemy.util.test.junit.AutoTests" name="[9] /home/travis/build/icyphy/ptII/ptolemy/domains/de/test/auto/ClockDrift.xml (RunModel)" time="0.033" />
  <testcase classname="ptolemy.util.test.junit.AutoTests" name="[10] /home/travis/build/icyphy/ptII/ptolemy/domains/de/test/auto/ClockDriftAndValueChange.xml (RunModel)" time="0.029" />
  <testcase classname="ptolemy.util.test.junit.AutoTests" name="[11] /home/travis/build/icyphy/ptII/ptolemy/domains/de/test/auto/ClockDriftChange.xml (RunModel)" time="0.026" />
  <testcase classname="ptolemy.util.test.junit.AutoTests" name="[12] /home/travis/build/icyphy/ptII/ptolemy/domains/de/test/auto/ComposableCausalityAnalysis.xml (RunModel)" time="0.018" />
  <testcase classname="ptolemy.util.test.junit.AutoTests" name="[13] /home/travis/build/icyphy/ptII/ptolemy/domains/de/test/auto/DEFixedPointLimitation.xml (RunModel)" time="0.013" />
  <testcase classname="ptolemy.util.test.junit.AutoTests" name="[14] /home/travis/build/icyphy/ptII/ptolemy/domains/de/test/auto/DEScheduleTest.xml (RunModel)" time="0.011" />
  <testcase classname="ptolemy.util.test.junit.AutoTests" name="[15] /home/travis/build/icyphy/ptII/ptolemy/domains/de/test/auto/DEinDEwithStartTimes.xml (RunModel)" time="0.012" />
  <testcase classname="ptolemy.util.test.junit.AutoTests" name="[16] /home/travis/build/icyphy/ptII/ptolemy/domains/de/test/auto/DEinDEwithStartTimes2.xml (RunModel)" time="0.013" />
  <testcase classname="ptolemy.util.test.junit.AutoTests" name="[17] /home/travis/build/icyphy/ptII/ptolemy/domains/de/test/auto/DateDemo.xml (RunModel)" time="0.027" />
  <testcase classname="ptolemy.util.test.junit.AutoTests" name="[18] /home/travis/build/icyphy/ptII/ptolemy/domains/de/test/auto/DateToEvent.xml (RunModel)" time="2.038" />
  <testcase classname="ptolemy.util.test.junit.AutoTests" name="[19] /home/travis/build/icyphy/ptII/ptolemy/domains/de/test/auto/DepthTest1.xml (RunModel)" time="0.018" />
  <testcase classname="ptolemy.util.test.junit.AutoTests" name="[20] /home/travis/build/icyphy/ptII/ptolemy/domains/de/test/auto/DepthTest2.xml (RunModel)" time="0.026" />
  <testcase classname="ptolemy.util.test.junit.AutoTests" name="[21] /home/travis/build/icyphy/ptII/ptolemy/domains/de/test/auto/DepthTest3.xml (RunModel)" time="0.012" />
  <testcase classname="ptolemy.util.test.junit.AutoTests" name="[22] /home/travis/build/icyphy/ptII/ptolemy/domains/de/test/auto/DepthTest4.xml (RunModel)" time="0.011" />
  <testcase classname="ptolemy.util.test.junit.AutoTests" name="[23] /home/travis/build/icyphy/ptII/ptolemy/domains/de/test/auto/DepthTest5.xml (RunModel)" time="0.014" />
  <testcase classname="ptolemy.util.test.junit.AutoTests" name="[24] /home/travis/build/icyphy/ptII/ptolemy/domains/de/test/auto/DepthTest6.xml (RunModel)" time="0.012" />
  <testcase classname="ptolemy.util.test.junit.AutoTests" name="[25] /home/travis/build/icyphy/ptII/ptolemy/domains/de/test/auto/DepthTest7.xml (RunModel)" time="0.017" />
  <testcase classname="ptolemy.util.test.junit.AutoTests" name="[26] /home/travis/build/icyphy/ptII/ptolemy/domains/de/test/auto/EventToDate.xml (RunModel)" time="3.03" />
  <testcase classname="ptolemy.util.test.junit.AutoTests" name="[27] /home/travis/build/icyphy/ptII/ptolemy/domains/de/test/auto/FSM1.xml (RunModel)" time="0.038" />
  <testcase classname="ptolemy.util.test.junit.AutoTests" name="[28] /home/travis/build/icyphy/ptII/ptolemy/domains/de/test/auto/FSM7.xml (RunModel)" time="0.037" />
  <testcase classname="ptolemy.util.test.junit.AutoTests" name="[29] /home/travis/build/icyphy/ptII/ptolemy/domains/de/test/auto/Inspection.xml (RunModel)" time="0.055" />
  <testcase classname="ptolemy.util.test.junit.AutoTests" name="[30] /home/travis/build/icyphy/ptII/ptolemy/domains/de/test/auto/Iteration.xml (RunModel)" time="0.023" />
  <testcase classname="ptolemy.util.test.junit.AutoTests" name="[31] /home/travis/build/icyphy/ptII/ptolemy/domains/de/test/auto/LineFault.xml (RunModel)" time="0.57" />
  <testcase classname="ptolemy.util.test.junit.AutoTests" name="[32] /home/travis/build/icyphy/ptII/ptolemy/domains/de/test/auto/MergeModel1Add.xml (RunModel)" time="0.043" />
  <testcase classname="ptolemy.util.test.junit.AutoTests" name="[33] /home/travis/build/icyphy/ptII/ptolemy/domains/de/test/auto/MergeModel2Add.xml (RunModel)" time="0.036" />
  <testcase classname="ptolemy.util.test.junit.AutoTests" name="[34] /home/travis/build/icyphy/ptII/ptolemy/domains/de/test/auto/MergeModel3Add.xml (RunModel)" time="0.049" />
  <testcase classname="ptolemy.util.test.junit.AutoTests" name="[35] /home/travis/build/icyphy/ptII/ptolemy/domains/de/test/auto/MergeWithoutDiscard.xml (RunModel)" time="0.009" />
  <testcase classname="ptolemy.util.test.junit.AutoTests" name="[36] /home/travis/build/icyphy/ptII/ptolemy/domains/de/test/auto/Modal1.xml (RunModel)" time="0.031" />
  <testcase classname="ptolemy.util.test.junit.AutoTests" name="[37] /home/travis/build/icyphy/ptII/ptolemy/domains/de/test/auto/Modal2.xml (RunModel)" time="0.026" />
  <testcase classname="ptolemy.util.test.junit.AutoTests" name="[38] /home/travis/build/icyphy/ptII/ptolemy/domains/de/test/auto/Modal3.xml (RunModel)" time="0.033" />
  <testcase classname="ptolemy.util.test.junit.AutoTests" name="[39] /home/travis/build/icyphy/ptII/ptolemy/domains/de/test/auto/Modal4.xml (RunModel)" time="0.026" />
  <testcase classname="ptolemy.util.test.junit.AutoTests" name="[40] /home/travis/build/icyphy/ptII/ptolemy/domains/de/test/auto/Modal5.xml (RunModel)" time="0.024" />
  <testcase classname="ptolemy.util.test.junit.AutoTests" name="[41] /home/travis/build/icyphy/ptII/ptolemy/domains/de/test/auto/Modal6.xml (RunModel)" time="0.026" />
  <testcase classname="ptolemy.util.test.junit.AutoTests" name="[42] /home/travis/build/icyphy/ptII/ptolemy/domains/de/test/auto/Modal7.xml (RunModel)" time="0.027" />
  <testcase classname="ptolemy.util.test.junit.AutoTests" name="[43] /home/travis/build/icyphy/ptII/ptolemy/domains/de/test/auto/ModalModel.xml (RunModel)" time="0.151" />
  <testcase classname="ptolemy.util.test.junit.AutoTests" name="[44] /home/travis/build/icyphy/ptII/ptolemy/domains/de/test/auto/ModalSource.xml (RunModel)" time="0.018" />
  <testcase classname="ptolemy.util.test.junit.AutoTests" name="[45] /home/travis/build/icyphy/ptII/ptolemy/domains/de/test/auto/NonInterruptibleTimerZeroDelay.xml (RunModel)" time="0.009" />
  <testcase classname="ptolemy.util.test.junit.AutoTests" name="[46] /home/travis/build/icyphy/ptII/ptolemy/domains/de/test/auto/OpenQueueingNetwork.xml (RunModel)" time="2.363" />
  <testcase classname="ptolemy.util.test.junit.AutoTests" name="[47] /home/travis/build/icyphy/ptII/ptolemy/domains/de/test/auto/OpenQueuingNetwork.xml (RunModel)" time="0.285" />
  <testcase classname="ptolemy.util.test.junit.AutoTests" name="[48] /home/travis/build/icyphy/ptII/ptolemy/domains/de/test/auto/PeriodicSampler.xml (RunModel)" time="0.01" />
  <testcase classname="ptolemy.util.test.junit.AutoTests" name="[49] /home/travis/build/icyphy/ptII/ptolemy/domains/de/test/auto/PersistentIO.xml (RunModel)" time="0.016" />
  <testcase classname="ptolemy.util.test.junit.AutoTests" name="[50] /home/travis/build/icyphy/ptII/ptolemy/domains/de/test/auto/PortParameterResetOnInitialize.xml (RunModel)" time="0.011" />
  <testcase classname="ptolemy.util.test.junit.AutoTests" name="[51] /home/travis/build/icyphy/ptII/ptolemy/domains/de/test/auto/PortParameterUpdates.xml (RunModel)" time="0.015" />
  <testcase classname="ptolemy.util.test.junit.AutoTests" name="[52] /home/travis/build/icyphy/ptII/ptolemy/domains/de/test/auto/QueueAndServer.xml (RunModel)" time="0.021" />
  <testcase classname="ptolemy.util.test.junit.AutoTests" name="[53] /home/travis/build/icyphy/ptII/ptolemy/domains/de/test/auto/Records.xml (RunModel)" time="0.013" />
  <testcase classname="ptolemy.util.test.junit.AutoTests" name="[54] /home/travis/build/icyphy/ptII/ptolemy/domains/de/test/auto/ResetTransitionWithStartTime1.xml (RunModel)" time="0.019" />
  <testcase classname="ptolemy.util.test.junit.AutoTests" name="[55] /home/travis/build/icyphy/ptII/ptolemy/domains/de/test/auto/ResetTransitionWithStartTime2.xml (RunModel)" time="0.015" />
  <testcase classname="ptolemy.util.test.junit.AutoTests" name="[56] /home/travis/build/icyphy/ptII/ptolemy/domains/de/test/auto/ResetTransitionWithStartTime3.xml (RunModel)" time="0.016" />
  <testcase classname="ptolemy.util.test.junit.AutoTests" name="[57] /home/travis/build/icyphy/ptII/ptolemy/domains/de/test/auto/ResetTransitionWithStartTime4.xml (RunModel)" time="0.017" />
  <testcase classname="ptolemy.util.test.junit.AutoTests" name="[58] /home/travis/build/icyphy/ptII/ptolemy/domains/de/test/auto/ResettableTimer1.xml (RunModel)" time="0.008" />
  <testcase classname="ptolemy.util.test.junit.AutoTests" name="[59] /home/travis/build/icyphy/ptII/ptolemy/domains/de/test/auto/ResettableTimer2.xml (RunModel)" time="0.009" />
  <testcase classname="ptolemy.util.test.junit.AutoTests" name="[60] /home/travis/build/icyphy/ptII/ptolemy/domains/de/test/auto/ResettableTimer3.xml (RunModel)" time="0.007" />
  <testcase classname="ptolemy.util.test.junit.AutoTests" name="[61] /home/travis/build/icyphy/ptII/ptolemy/domains/de/test/auto/ResettableTimer4.xml (RunModel)" time="0.009" />
  <testcase classname="ptolemy.util.test.junit.AutoTests" name="[62] /home/travis/build/icyphy/ptII/ptolemy/domains/de/test/auto/ResettableTimer5.xml (RunModel)" time="0.008" />
  <testcase classname="ptolemy.util.test.junit.AutoTests" name="[63] /home/travis/build/icyphy/ptII/ptolemy/domains/de/test/auto/ResettableTimer6.xml (RunModel)" time="0.017" />
  <testcase classname="ptolemy.util.test.junit.AutoTests" name="[64] /home/travis/build/icyphy/ptII/ptolemy/domains/de/test/auto/ServerZeroDelay.xml (RunModel)" time="0.011" />
  <testcase classname="ptolemy.util.test.junit.AutoTests" name="[65] /home/travis/build/icyphy/ptII/ptolemy/domains/de/test/auto/SmartSender.xml (RunModel)" time="3.01" />
  <testcase classname="ptolemy.util.test.junit.AutoTests" name="[66] /home/travis/build/icyphy/ptII/ptolemy/domains/de/test/auto/ThreadedComposite.xml (RunModel)" time="1.524" />
  <testcase classname="ptolemy.util.test.junit.AutoTests" name="[67] /home/travis/build/icyphy/ptII/ptolemy/domains/de/test/auto/Time.xml (RunModel)" time="0.439" />
  <testcase classname="ptolemy.util.test.junit.AutoTests" name="[68] /home/travis/build/icyphy/ptII/ptolemy/domains/de/test/auto/TimeDelayZeroDelay.xml (RunModel)" time="0.011" />
  <testcase classname="ptolemy.util.test.junit.AutoTests" name="[69] /home/travis/build/icyphy/ptII/ptolemy/domains/de/test/auto/TimerZeroDelay.xml (RunModel)" time="0.01" />
  <testcase classname="ptolemy.util.test.junit.AutoTests" name="[70] /home/travis/build/icyphy/ptII/ptolemy/domains/de/test/auto/TimingParadox.xml (RunModel)" time="0.365" />
  <testcase classname="ptolemy.util.test.junit.AutoTests" name="[71] /home/travis/build/icyphy/ptII/ptolemy/domains/de/test/auto/TransferInputs.xml (RunModel)" time="0.017" />
  <testcase classname="ptolemy.util.test.junit.AutoTests" name="[72] /home/travis/build/icyphy/ptII/ptolemy/domains/de/test/auto/TransferOutputs2.xml (RunModel)" time="0.017" />
  <testcase classname="ptolemy.util.test.junit.AutoTests" name="[73] /home/travis/build/icyphy/ptII/ptolemy/domains/de/test/auto/Trilateration.xml (RunModel)" time="11.603" />
  <testcase classname="ptolemy.util.test.junit.AutoTests" name="[74] /home/travis/build/icyphy/ptII/ptolemy/domains/de/test/auto/TwoSigmaDelta.xml (RunModel)" time="1.949" />
  <testcase classname="ptolemy.util.test.junit.AutoTests" name="[75] /home/travis/build/icyphy/ptII/ptolemy/domains/de/test/auto/VariableDelay.xml (RunModel)" time="0.013" />
  <testcase classname="ptolemy.util.test.junit.AutoTests" name="[76] /home/travis/build/icyphy/ptII/ptolemy/domains/de/test/auto/VariableDelay2.xml (RunModel)" time="0.008" />
  <testcase classname="ptolemy.util.test.junit.AutoTests" name="[77] /home/travis/build/icyphy/ptII/ptolemy/domains/de/test/auto/VariableDelayZeroDelay.xml (RunModel)" time="0.009" />
  <testcase classname="ptolemy.util.test.junit.AutoTests" name="[78] /home/travis/build/icyphy/ptII/ptolemy/domains/de/test/auto/VariableDelayZeroDelay2.xml (RunModel)" time="0.009" />
  <testcase classname="ptolemy.util.test.junit.AutoTests" name="[79] /home/travis/build/icyphy/ptII/ptolemy/domains/de/test/auto/deInCt.xml (RunModel)" time="0.011" />
  <testcase classname="ptolemy.util.test.junit.AutoTests" name="[80] /home/travis/build/icyphy/ptII/ptolemy/domains/de/test/auto/deInCt2.xml (RunModel)" time="0.014" />
  <testcase classname="ptolemy.util.test.junit.AutoTests" name="[81] /home/travis/build/icyphy/ptII/ptolemy/domains/de/test/auto/dynamicCausalityInterface1.xml (RunModel)" time="0.021" />
  <testcase classname="ptolemy.util.test.junit.AutoTests" name="[82] /home/travis/build/icyphy/ptII/ptolemy/domains/de/test/auto/fsm_de_test.xml (RunModel)" time="0.019" />
  <testcase classname="ptolemy.util.test.junit.AutoTests" name="[83] /home/travis/build/icyphy/ptII/ptolemy/domains/de/test/auto/functionDependencyReconstruction.xml (RunModel)" time="0.029" />
  <testcase classname="ptolemy.util.test.junit.AutoTests" name="[84] /home/travis/build/icyphy/ptII/ptolemy/domains/de/test/auto/multirate.xml (RunModel)" time="0.014" />
  <testcase classname="ptolemy.util.test.junit.AutoTests" name="[85] /home/travis/build/icyphy/ptII/ptolemy/domains/de/test/auto/multirate2.xml (RunModel)" time="0.014" />
  <testcase classname="ptolemy.util.test.junit.AutoTests" name="[86] /home/travis/build/icyphy/ptII/ptolemy/domains/de/test/auto/realtime.xml (RunModel)" time="10.01" />
  <testcase classname="ptolemy.util.test.junit.AutoTests" name="[87] /home/travis/build/icyphy/ptII/ptolemy/domains/de/test/auto/relationGroup.xml (RunModel)" time="0.009" />
  <testcase classname="ptolemy.util.test.junit.AutoTests" name="[88] /home/travis/build/icyphy/ptII/ptolemy/domains/de/test/auto/relationGroup2.xml (RunModel)" time="0.01" />
  <testcase classname="ptolemy.util.test.junit.AutoTests" name="[89] /home/travis/build/icyphy/ptII/ptolemy/domains/de/test/auto/sortWithOpaquePorts.xml (RunModel)" time="0.012" />
  <testcase classname="ptolemy.util.test.junit.AutoTests" name="[90] /home/travis/build/icyphy/ptII/ptolemy/domains/de/test/auto/transferInputsandOutputs.xml (RunModel)" time="0.013" />
  <testcase classname="ptolemy.util.test.junit.AutoTests" name="[91] /home/travis/build/icyphy/ptII/ptolemy/domains/de/test/auto/triggerType.xml (RunModel)" time="0.01" />
  <system-out><![CDATA[/home/travis/build/icyphy/ptII/ptolemy/domains/de/test/DependencyLoop.tcl
testDefs.tcl: setting time out to 9000 seconds at Fri Feb 22 03:06:19 UTC 2019
16 ms. Memory: 116224K Free: 97595K (84%)
20 ms. Memory: 146944K Free: 141086K (96%)
/home/travis/build/icyphy/ptII/ptolemy/domains/de/test/RunDETestsAsQSS.tcl
Run the DE tests using ptolemy.domains.qss.test.QSSDirectorTest, which extends QSSDirector and prints a message in the constructors.
------------------ testing $PTII/ptolemy/domains/de/test/auto/knownFailedTests/dependencyLoop.xml (Known Failure) 
10 ms. Memory: 146944K Free: 136840K (93%)


==== $PTIIhome/travis/build/icyphy/ptII/ptolemy/domains/de/test/../../../../: Auto Automatic test in file $PTII/ptolemy/domains/de/test/auto/knownFailedTests/dependencyLoop.xml
==== Contents of test case:

	    # FIXME: we should use $relativeFilename here, but it
	    # might have backslashes under Windows, which causes no end
	    # of trouble.
	    createAndExecute $file
	    list {}
	
.... Test generated KNOWN error:
    while executing
ptolemy.kernel.util.IllegalActionException: Found a zero delay loop containing .dependencyLoop.original
  in .dependencyLoop and .dependencyLoop.original
	at ptolemy.actor.util.CausalityInterfaceForComposites._computeOutputPortDepth(CausalityInterfaceForComposites.java:759)
	at ptolemy.actor.util.CausalityInterfaceForComposites._computeInputDepth(CausalityInterfaceForComposites.java:696)
	at ptolemy.actor.util.CausalityInterfaceForComposites._computeOutputPortDepth(CausalityInterfaceForComposites.java:765)
	at ptolemy.actor.util.CausalityInterfaceForComposites._computeInputDepth(CausalityInterfaceForComposites.java:696)
	at ptolemy.actor.util.CausalityInterfaceForComposites._computeOutputPortDepth(CausalityInterfaceForComposites.java:765)
	at ptolemy.actor.util.CausalityInterfaceForComposites._computeInputDepth(CausalityInterfaceForComposites.java:696)
	at ptolemy.actor.util.CausalityInterfaceForComposites._computeActorDepth(CausalityInterfaceForComposites.java:532)
	at ptolemy.actor.util.CausalityInterfaceForComposites.checkForCycles(CausalityInterfaceForComposites.java:96)
	at ptolemy.domains.de.kernel.DEDirector.preinitialize(DEDirector.java:1338)
	at ptolemy.actor.CompositeActor.preinitialize(CompositeActor.java:1828)
	at ptolemy.actor.Manager.preinitializeAndResolveTypes(Manager.java:1040)
	at ptolemy.actor.Manager.initialize(Manager.java:710)
	at ptolemy.actor.Manager.execute(Manager.java:356)
	at ptolemy.actor.Manager.run(Manager.java:1263)
	at ptolemy.actor.Manager$PtolemyRunThread.run(Manager.java:1915)

    while executing
ptolemy.kernel.util.IllegalActionException: Found a zero delay loop containing .dependencyLoop.original
  in .dependencyLoop and .dependencyLoop.original
    while executing
"java::new ptolemy.moml.MoMLSimpleApplication $file
"
    (procedure "createAndExecute" line 2)
    invoked from within
"createAndExecute $file"
    ("uplevel" body line 5)
    invoked from within
"uplevel $contents_of_test"
------------------ testing $PTII/ptolemy/domains/de/test/auto/knownFailedTests/DESDFClockTest.xml (Known Failure) 
2093 ms. Memory: 146944K Free: 121277K (83%)


==== $PTIIhome/travis/build/icyphy/ptII/ptolemy/domains/de/test/../../../../: Auto Automatic test in file $PTII/ptolemy/domains/de/test/auto/knownFailedTests/DESDFClockTest.xml
==== Contents of test case:

	    # FIXME: we should use $relativeFilename here, but it
	    # might have backslashes under Windows, which causes no end
	    # of trouble.
	    createAndExecute $file
	    list {}
	
.... Test generated KNOWN error:
    while executing
ptolemy.kernel.util.IllegalActionException: Actor is not ready to fire.  Perhaps UpSample.prefire() returned false? Try debugging the actor by selecting "Listen to Actor".  Also, for SDF check moml for tokenConsumptionRate on input.
  in .DESDFClockTest.Play Bell.Copy1:SDF Director and .DESDFClockTest.Play Bell.UpSample
	at ptolemy.actor.sched.StaticSchedulingDirector.fire(StaticSchedulingDirector.java:227)
	at ptolemy.domains.sdf.kernel.SDFDirector.fire(SDFDirector.java:500)
	at ptolemy.actor.CompositeActor.fire(CompositeActor.java:455)
	at ptolemy.domains.de.kernel.DEDirector._fire(DEDirector.java:1949)
	at ptolemy.domains.de.kernel.DEDirector.fire(DEDirector.java:502)
	at ptolemy.actor.CompositeActor.fire(CompositeActor.java:455)
	at ptolemy.actor.Manager.iterate(Manager.java:851)
	at ptolemy.actor.Manager.execute(Manager.java:369)
	at ptolemy.actor.Manager.run(Manager.java:1263)
	at ptolemy.actor.Manager$PtolemyRunThread.run(Manager.java:1915)

    while executing
ptolemy.kernel.util.IllegalActionException: Actor is not ready to fire.  Perhaps UpSample.prefire() returned false? Try debugging the actor by selecting "Listen to Actor".  Also, for SDF check moml for tokenConsumptionRate on input.
  in .DESDFClockTest.Play Bell.Copy1:SDF Director and .DESDFClockTest.Play Bell.UpSample
    while executing
"java::new ptolemy.moml.MoMLSimpleApplication $file
"
    (procedure "createAndExecute" line 2)
    invoked from within
"createAndExecute $file"
    ("uplevel" body line 5)
    invoked from within
"uplevel $contents_of_test"
------------------ testing $PTII/ptolemy/domains/de/test/auto/knownFailedTests/FSMSource.xml (Known Failure) 
30 ms. Memory: 146944K Free: 112419K (77%)
!!!! Auto was marked as failing, but now passes
------------------ testing $PTII/ptolemy/domains/de/test/auto/knownFailedTests/dependencyLoop2.xml (Known Failure) 
8 ms. Memory: 146944K Free: 110535K (75%)


==== $PTIIhome/travis/build/icyphy/ptII/ptolemy/domains/de/test/../../../../: Auto Automatic test in file $PTII/ptolemy/domains/de/test/auto/knownFailedTests/dependencyLoop2.xml
==== Contents of test case:

	    # FIXME: we should use $relativeFilename here, but it
	    # might have backslashes under Windows, which causes no end
	    # of trouble.
	    createAndExecute $file
	    list {}
	
.... Test generated KNOWN error:
    while executing
ptolemy.kernel.util.IllegalActionException: Found a zero delay loop containing .dependencyLoop2.original
  in .dependencyLoop2 and .dependencyLoop2.original
	at ptolemy.actor.util.CausalityInterfaceForComposites._computeOutputPortDepth(CausalityInterfaceForComposites.java:759)
	at ptolemy.actor.util.CausalityInterfaceForComposites._computeInputDepth(CausalityInterfaceForComposites.java:696)
	at ptolemy.actor.util.CausalityInterfaceForComposites._computeOutputPortDepth(CausalityInterfaceForComposites.java:765)
	at ptolemy.actor.util.CausalityInterfaceForComposites._computeInputDepth(CausalityInterfaceForComposites.java:696)
	at ptolemy.actor.util.CausalityInterfaceForComposites._computeOutputPortDepth(CausalityInterfaceForComposites.java:765)
	at ptolemy.actor.util.CausalityInterfaceForComposites._computeInputDepth(CausalityInterfaceForComposites.java:696)
	at ptolemy.actor.util.CausalityInterfaceForComposites._computeActorDepth(CausalityInterfaceForComposites.java:532)
	at ptolemy.actor.util.CausalityInterfaceForComposites.checkForCycles(CausalityInterfaceForComposites.java:96)
	at ptolemy.domains.de.kernel.DEDirector.preinitialize(DEDirector.java:1338)
	at ptolemy.actor.CompositeActor.preinitialize(CompositeActor.java:1828)
	at ptolemy.actor.Manager.preinitializeAndResolveTypes(Manager.java:1040)
	at ptolemy.actor.Manager.initialize(Manager.java:710)
	at ptolemy.actor.Manager.execute(Manager.java:356)
	at ptolemy.actor.Manager.run(Manager.java:1263)
	at ptolemy.actor.Manager$PtolemyRunThread.run(Manager.java:1915)

    while executing
ptolemy.kernel.util.IllegalActionException: Found a zero delay loop containing .dependencyLoop2.original
  in .dependencyLoop2 and .dependencyLoop2.original
    while executing
"java::new ptolemy.moml.MoMLSimpleApplication $file
"
    (procedure "createAndExecute" line 2)
    invoked from within
"createAndExecute $file"
    ("uplevel" body line 5)
    invoked from within
"uplevel $contents_of_test"
------------------ testing $PTII/ptolemy/domains/de/test/auto/knownFailedTests/HierarchicalModel.xml (Known Failure) 
13 ms. Memory: 146944K Free: 90358K (61%)


==== $PTIIhome/travis/build/icyphy/ptII/ptolemy/domains/de/test/../../../../: Auto Automatic test in file $PTII/ptolemy/domains/de/test/auto/knownFailedTests/HierarchicalModel.xml
==== Contents of test case:

	    # FIXME: we should use $relativeFilename here, but it
	    # might have backslashes under Windows, which causes no end
	    # of trouble.
	    createAndExecute $file
	    list {}
	
.... Test generated KNOWN error:
    while executing
ptolemy.kernel.util.IllegalActionException: Found a zero delay loop containing .HierarchicalModel.A
  in .HierarchicalModel and .HierarchicalModel.A
	at ptolemy.actor.util.CausalityInterfaceForComposites._computeOutputPortDepth(CausalityInterfaceForComposites.java:759)
	at ptolemy.actor.util.CausalityInterfaceForComposites._computeInputDepth(CausalityInterfaceForComposites.java:696)
	at ptolemy.actor.util.CausalityInterfaceForComposites._computeOutputPortDepth(CausalityInterfaceForComposites.java:765)
	at ptolemy.actor.util.CausalityInterfaceForComposites._computeInputDepth(CausalityInterfaceForComposites.java:696)
	at ptolemy.actor.util.CausalityInterfaceForComposites._computeOutputPortDepth(CausalityInterfaceForComposites.java:765)
	at ptolemy.actor.util.CausalityInterfaceForComposites._computeInputDepth(CausalityInterfaceForComposites.java:696)
	at ptolemy.actor.util.CausalityInterfaceForComposites._computeActorDepth(CausalityInterfaceForComposites.java:532)
	at ptolemy.actor.util.CausalityInterfaceForComposites.checkForCycles(CausalityInterfaceForComposites.java:96)
	at ptolemy.domains.de.kernel.DEDirector.preinitialize(DEDirector.java:1338)
	at ptolemy.actor.CompositeActor.preinitialize(CompositeActor.java:1828)
	at ptolemy.actor.Manager.preinitializeAndResolveTypes(Manager.java:1040)
	at ptolemy.actor.Manager.initialize(Manager.java:710)
	at ptolemy.actor.Manager.execute(Manager.java:356)
	at ptolemy.actor.Manager.run(Manager.java:1263)
	at ptolemy.actor.Manager$PtolemyRunThread.run(Manager.java:1915)

    while executing
ptolemy.kernel.util.IllegalActionException: Found a zero delay loop containing .HierarchicalModel.A
  in .HierarchicalModel and .HierarchicalModel.A
    while executing
"java::new ptolemy.moml.MoMLSimpleApplication $file
"
    (procedure "createAndExecute" line 2)
    invoked from within
"createAndExecute $file"
    ("uplevel" body line 5)
    invoked from within
"uplevel $contents_of_test"
------------------ testing $PTII/ptolemy/domains/de/test/auto/knownFailedTests/DirectFeedback.xml (Known Failure) 
4 ms. Memory: 146944K Free: 86232K (59%)


==== $PTIIhome/travis/build/icyphy/ptII/ptolemy/domains/de/test/../../../../: Auto Automatic test in file $PTII/ptolemy/domains/de/test/auto/knownFailedTests/DirectFeedback.xml
==== Contents of test case:

	    # FIXME: we should use $relativeFilename here, but it
	    # might have backslashes under Windows, which causes no end
	    # of trouble.
	    createAndExecute $file
	    list {}
	
.... Test generated KNOWN error:
    while executing
ptolemy.kernel.util.IllegalActionException: Test fails in iteration 1.
Value was: 1.0. Should have been: 2.0
  in .DirectFeedback.Test
	at ptolemy.actor.lib.Test.fire(Test.java:268)
	at ptolemy.domains.de.kernel.DEDirector._fire(DEDirector.java:1949)
	at ptolemy.domains.de.kernel.DEDirector.fire(DEDirector.java:502)
	at ptolemy.actor.CompositeActor.fire(CompositeActor.java:455)
	at ptolemy.actor.Manager.iterate(Manager.java:851)
	at ptolemy.actor.Manager.execute(Manager.java:369)
	at ptolemy.actor.Manager.run(Manager.java:1263)
	at ptolemy.actor.Manager$PtolemyRunThread.run(Manager.java:1915)

    while executing
ptolemy.kernel.util.IllegalActionException: Test fails in iteration 1.
Value was: 1.0. Should have been: 2.0
  in .DirectFeedback.Test
    while executing
"java::new ptolemy.moml.MoMLSimpleApplication $file
"
    (procedure "createAndExecute" line 2)
    invoked from within
"createAndExecute $file"
    ("uplevel" body line 5)
    invoked from within
"uplevel $contents_of_test"
------------------ testing $PTII/ptolemy/domains/de/test/auto/ActorDepthCalculation_actorWithoutPorts.xml
auto.tcl: Setting watchdog for 200 seconds at Fri Feb 22 03:06:22 UTC 2019
3 ms. Memory: 146944K Free: 138612K (94%)
ptolemy.util.test.WatchDog.cancel(): canceling Fri Feb 22 03:06:22 UTC 2019
auto.tcl: Setting watchdog for 200 seconds at Fri Feb 22 03:06:22 UTC 2019
6 ms. Memory: 146944K Free: 137592K (94%)
ptolemy.util.test.WatchDog.cancel(): canceling Fri Feb 22 03:06:22 UTC 2019
------------------ testing $PTII/ptolemy/domains/de/test/auto/AssemblyLine.xml
auto.tcl: Setting watchdog for 200 seconds at Fri Feb 22 03:06:23 UTC 2019
12 ms. Memory: 208384K Free: 183404K (88%)
ptolemy.util.test.WatchDog.cancel(): canceling Fri Feb 22 03:06:23 UTC 2019
auto.tcl: Setting watchdog for 200 seconds at Fri Feb 22 03:06:23 UTC 2019
7 ms. Memory: 208384K Free: 183404K (88%)
ptolemy.util.test.WatchDog.cancel(): canceling Fri Feb 22 03:06:23 UTC 2019
------------------ testing $PTII/ptolemy/domains/de/test/auto/CQBug1.xml
auto.tcl: Setting watchdog for 200 seconds at Fri Feb 22 03:06:23 UTC 2019
9 ms. Memory: 208384K Free: 197907K (95%)
ptolemy.util.test.WatchDog.cancel(): canceling Fri Feb 22 03:06:23 UTC 2019
auto.tcl: Setting watchdog for 200 seconds at Fri Feb 22 03:06:23 UTC 2019
2 ms. Memory: 208384K Free: 197907K (95%)
ptolemy.util.test.WatchDog.cancel(): canceling Fri Feb 22 03:06:23 UTC 2019
------------------ testing $PTII/ptolemy/domains/de/test/auto/CancelFireAt.xml
auto.tcl: Setting watchdog for 200 seconds at Fri Feb 22 03:06:23 UTC 2019
5 ms. Memory: 208384K Free: 201566K (97%)
ptolemy.util.test.WatchDog.cancel(): canceling Fri Feb 22 03:06:23 UTC 2019
auto.tcl: Setting watchdog for 200 seconds at Fri Feb 22 03:06:23 UTC 2019
4 ms. Memory: 208384K Free: 199526K (96%)
ptolemy.util.test.WatchDog.cancel(): canceling Fri Feb 22 03:06:23 UTC 2019
------------------ testing $PTII/ptolemy/domains/de/test/auto/CausalityAndComposabilityAnalysis.xml
auto.tcl: Setting watchdog for 200 seconds at Fri Feb 22 03:06:23 UTC 2019
13 ms. Memory: 208384K Free: 199124K (96%)
ptolemy.util.test.WatchDog.cancel(): canceling Fri Feb 22 03:06:23 UTC 2019
auto.tcl: Setting watchdog for 200 seconds at Fri Feb 22 03:06:23 UTC 2019
6 ms. Memory: 208384K Free: 196565K (94%)
ptolemy.util.test.WatchDog.cancel(): canceling Fri Feb 22 03:06:23 UTC 2019
------------------ testing $PTII/ptolemy/domains/de/test/auto/CausalityInterface1.xml
auto.tcl: Setting watchdog for 200 seconds at Fri Feb 22 03:06:23 UTC 2019
20 ms. Memory: 208384K Free: 196503K (94%)
ptolemy.util.test.WatchDog.cancel(): canceling Fri Feb 22 03:06:23 UTC 2019
auto.tcl: Setting watchdog for 200 seconds at Fri Feb 22 03:06:23 UTC 2019
3 ms. Memory: 208384K Free: 196503K (94%)
ptolemy.util.test.WatchDog.cancel(): canceling Fri Feb 22 03:06:23 UTC 2019
------------------ testing $PTII/ptolemy/domains/de/test/auto/CausalityInterface15.xml
auto.tcl: Setting watchdog for 200 seconds at Fri Feb 22 03:06:23 UTC 2019
5 ms. Memory: 208384K Free: 196462K (94%)
ptolemy.util.test.WatchDog.cancel(): canceling Fri Feb 22 03:06:23 UTC 2019
auto.tcl: Setting watchdog for 200 seconds at Fri Feb 22 03:06:23 UTC 2019
8 ms. Memory: 208384K Free: 196462K (94%)
ptolemy.util.test.WatchDog.cancel(): canceling Fri Feb 22 03:06:23 UTC 2019
------------------ testing $PTII/ptolemy/domains/de/test/auto/CausalityInterface2.xml
auto.tcl: Setting watchdog for 200 seconds at Fri Feb 22 03:06:23 UTC 2019
7 ms. Memory: 208384K Free: 196479K (94%)
ptolemy.util.test.WatchDog.cancel(): canceling Fri Feb 22 03:06:23 UTC 2019
auto.tcl: Setting watchdog for 200 seconds at Fri Feb 22 03:06:23 UTC 2019
3 ms. Memory: 208384K Free: 196479K (94%)
ptolemy.util.test.WatchDog.cancel(): canceling Fri Feb 22 03:06:23 UTC 2019
------------------ testing $PTII/ptolemy/domains/de/test/auto/CausalityInterface3.xml
auto.tcl: Setting watchdog for 200 seconds at Fri Feb 22 03:06:23 UTC 2019
4 ms. Memory: 208384K Free: 196491K (94%)
ptolemy.util.test.WatchDog.cancel(): canceling Fri Feb 22 03:06:23 UTC 2019
auto.tcl: Setting watchdog for 200 seconds at Fri Feb 22 03:06:23 UTC 2019
5 ms. Memory: 208384K Free: 196491K (94%)
ptolemy.util.test.WatchDog.cancel(): canceling Fri Feb 22 03:06:23 UTC 2019
------------------ testing $PTII/ptolemy/domains/de/test/auto/ClockDrift.xml
auto.tcl: Setting watchdog for 200 seconds at Fri Feb 22 03:06:24 UTC 2019
97 ms. Memory: 208384K Free: 187903K (90%)
ptolemy.util.test.WatchDog.cancel(): canceling Fri Feb 22 03:06:24 UTC 2019
auto.tcl: Setting watchdog for 200 seconds at Fri Feb 22 03:06:24 UTC 2019
37 ms. Memory: 208384K Free: 185863K (89%)
ptolemy.util.test.WatchDog.cancel(): canceling Fri Feb 22 03:06:24 UTC 2019
------------------ testing $PTII/ptolemy/domains/de/test/auto/ClockDriftAndValueChange.xml
auto.tcl: Setting watchdog for 200 seconds at Fri Feb 22 03:06:24 UTC 2019
50 ms. Memory: 208384K Free: 187738K (90%)
ptolemy.util.test.WatchDog.cancel(): canceling Fri Feb 22 03:06:24 UTC 2019
auto.tcl: Setting watchdog for 200 seconds at Fri Feb 22 03:06:24 UTC 2019
47 ms. Memory: 208384K Free: 185699K (89%)
ptolemy.util.test.WatchDog.cancel(): canceling Fri Feb 22 03:06:24 UTC 2019
------------------ testing $PTII/ptolemy/domains/de/test/auto/ClockDriftChange.xml
auto.tcl: Setting watchdog for 200 seconds at Fri Feb 22 03:06:24 UTC 2019
25 ms. Memory: 208384K Free: 190966K (92%)
ptolemy.util.test.WatchDog.cancel(): canceling Fri Feb 22 03:06:24 UTC 2019
auto.tcl: Setting watchdog for 200 seconds at Fri Feb 22 03:06:24 UTC 2019
27 ms. Memory: 208384K Free: 188926K (91%)
ptolemy.util.test.WatchDog.cancel(): canceling Fri Feb 22 03:06:24 UTC 2019
------------------ testing $PTII/ptolemy/domains/de/test/auto/ComposableCausalityAnalysis.xml
auto.tcl: Setting watchdog for 200 seconds at Fri Feb 22 03:06:24 UTC 2019
6 ms. Memory: 208384K Free: 196337K (94%)
ptolemy.util.test.WatchDog.cancel(): canceling Fri Feb 22 03:06:24 UTC 2019
auto.tcl: Setting watchdog for 200 seconds at Fri Feb 22 03:06:24 UTC 2019
1 ms. Memory: 208384K Free: 194282K (93%)
ptolemy.util.test.WatchDog.cancel(): canceling Fri Feb 22 03:06:24 UTC 2019
------------------ testing $PTII/ptolemy/domains/de/test/auto/DEFixedPointLimitation.xml
auto.tcl: Setting watchdog for 200 seconds at Fri Feb 22 03:06:24 UTC 2019
3 ms. Memory: 208384K Free: 198450K (95%)
ptolemy.util.test.WatchDog.cancel(): canceling Fri Feb 22 03:06:24 UTC 2019
auto.tcl: Setting watchdog for 200 seconds at Fri Feb 22 03:06:24 UTC 2019
1 ms. Memory: 208384K Free: 196410K (94%)
ptolemy.util.test.WatchDog.cancel(): canceling Fri Feb 22 03:06:24 UTC 2019
------------------ testing $PTII/ptolemy/domains/de/test/auto/DEScheduleTest.xml
auto.tcl: Setting watchdog for 200 seconds at Fri Feb 22 03:06:24 UTC 2019
4 ms. Memory: 208384K Free: 198486K (95%)
ptolemy.util.test.WatchDog.cancel(): canceling Fri Feb 22 03:06:24 UTC 2019
auto.tcl: Setting watchdog for 200 seconds at Fri Feb 22 03:06:24 UTC 2019
6 ms. Memory: 208384K Free: 196430K (94%)
ptolemy.util.test.WatchDog.cancel(): canceling Fri Feb 22 03:06:24 UTC 2019
------------------ testing $PTII/ptolemy/domains/de/test/auto/DEinDEwithStartTimes.xml
auto.tcl: Setting watchdog for 200 seconds at Fri Feb 22 03:06:24 UTC 2019
6 ms. Memory: 208384K Free: 196431K (94%)
ptolemy.util.test.WatchDog.cancel(): canceling Fri Feb 22 03:06:24 UTC 2019
auto.tcl: Setting watchdog for 200 seconds at Fri Feb 22 03:06:24 UTC 2019
3 ms. Memory: 208384K Free: 196431K (94%)
ptolemy.util.test.WatchDog.cancel(): canceling Fri Feb 22 03:06:24 UTC 2019
------------------ testing $PTII/ptolemy/domains/de/test/auto/DEinDEwithStartTimes2.xml
auto.tcl: Setting watchdog for 200 seconds at Fri Feb 22 03:06:24 UTC 2019
6 ms. Memory: 208384K Free: 196394K (94%)
ptolemy.util.test.WatchDog.cancel(): canceling Fri Feb 22 03:06:24 UTC 2019
auto.tcl: Setting watchdog for 200 seconds at Fri Feb 22 03:06:24 UTC 2019
6 ms. Memory: 208384K Free: 194354K (93%)
ptolemy.util.test.WatchDog.cancel(): canceling Fri Feb 22 03:06:24 UTC 2019
------------------ testing $PTII/ptolemy/domains/de/test/auto/DateDemo.xml
auto.tcl: Setting watchdog for 200 seconds at Fri Feb 22 03:06:25 UTC 2019
18 ms. Memory: 208384K Free: 188989K (91%)
ptolemy.util.test.WatchDog.cancel(): canceling Fri Feb 22 03:06:25 UTC 2019
auto.tcl: Setting watchdog for 200 seconds at Fri Feb 22 03:06:25 UTC 2019
10 ms. Memory: 208384K Free: 186933K (90%)
ptolemy.util.test.WatchDog.cancel(): canceling Fri Feb 22 03:06:25 UTC 2019
------------------ testing $PTII/ptolemy/domains/de/test/auto/DateToEvent.xml
auto.tcl: Setting watchdog for 200 seconds at Fri Feb 22 03:06:25 UTC 2019
2020 ms. Memory: 208384K Free: 183828K (88%)
ptolemy.util.test.WatchDog.cancel(): canceling Fri Feb 22 03:06:27 UTC 2019
auto.tcl: Setting watchdog for 200 seconds at Fri Feb 22 03:06:27 UTC 2019
2005 ms. Memory: 208384K Free: 181370K (87%)
ptolemy.util.test.WatchDog.cancel(): canceling Fri Feb 22 03:06:29 UTC 2019
------------------ testing $PTII/ptolemy/domains/de/test/auto/DepthTest1.xml
auto.tcl: Setting watchdog for 200 seconds at Fri Feb 22 03:06:29 UTC 2019
3 ms. Memory: 208384K Free: 197689K (95%)
ptolemy.util.test.WatchDog.cancel(): canceling Fri Feb 22 03:06:29 UTC 2019
auto.tcl: Setting watchdog for 200 seconds at Fri Feb 22 03:06:29 UTC 2019
2 ms. Memory: 208384K Free: 197689K (95%)
ptolemy.util.test.WatchDog.cancel(): canceling Fri Feb 22 03:06:29 UTC 2019
------------------ testing $PTII/ptolemy/domains/de/test/auto/DepthTest2.xml
auto.tcl: Setting watchdog for 200 seconds at Fri Feb 22 03:06:29 UTC 2019
7 ms. Memory: 208384K Free: 194026K (93%)
ptolemy.util.test.WatchDog.cancel(): canceling Fri Feb 22 03:06:29 UTC 2019
auto.tcl: Setting watchdog for 200 seconds at Fri Feb 22 03:06:29 UTC 2019
3 ms. Memory: 208384K Free: 194026K (93%)
ptolemy.util.test.WatchDog.cancel(): canceling Fri Feb 22 03:06:29 UTC 2019
------------------ testing $PTII/ptolemy/domains/de/test/auto/DepthTest3.xml
auto.tcl: Setting watchdog for 200 seconds at Fri Feb 22 03:06:29 UTC 2019
2 ms. Memory: 208384K Free: 198039K (95%)
ptolemy.util.test.WatchDog.cancel(): canceling Fri Feb 22 03:06:29 UTC 2019
auto.tcl: Setting watchdog for 200 seconds at Fri Feb 22 03:06:29 UTC 2019
1 ms. Memory: 208384K Free: 198039K (95%)
ptolemy.util.test.WatchDog.cancel(): canceling Fri Feb 22 03:06:29 UTC 2019
------------------ testing $PTII/ptolemy/domains/de/test/auto/DepthTest4.xml
auto.tcl: Setting watchdog for 200 seconds at Fri Feb 22 03:06:29 UTC 2019
9 ms. Memory: 208384K Free: 196588K (94%)
ptolemy.util.test.WatchDog.cancel(): canceling Fri Feb 22 03:06:29 UTC 2019
auto.tcl: Setting watchdog for 200 seconds at Fri Feb 22 03:06:29 UTC 2019
1 ms. Memory: 208384K Free: 196588K (94%)
ptolemy.util.test.WatchDog.cancel(): canceling Fri Feb 22 03:06:29 UTC 2019
------------------ testing $PTII/ptolemy/domains/de/test/auto/DepthTest5.xml
auto.tcl: Setting watchdog for 200 seconds at Fri Feb 22 03:06:29 UTC 2019
3 ms. Memory: 208384K Free: 196017K (94%)
ptolemy.util.test.WatchDog.cancel(): canceling Fri Feb 22 03:06:29 UTC 2019
auto.tcl: Setting watchdog for 200 seconds at Fri Feb 22 03:06:29 UTC 2019
3 ms. Memory: 208384K Free: 196017K (94%)
ptolemy.util.test.WatchDog.cancel(): canceling Fri Feb 22 03:06:29 UTC 2019
------------------ testing $PTII/ptolemy/domains/de/test/auto/DepthTest6.xml
auto.tcl: Setting watchdog for 200 seconds at Fri Feb 22 03:06:29 UTC 2019
8 ms. Memory: 208384K Free: 196008K (94%)
ptolemy.util.test.WatchDog.cancel(): canceling Fri Feb 22 03:06:29 UTC 2019
auto.tcl: Setting watchdog for 200 seconds at Fri Feb 22 03:06:29 UTC 2019
3 ms. Memory: 208384K Free: 196008K (94%)
ptolemy.util.test.WatchDog.cancel(): canceling Fri Feb 22 03:06:29 UTC 2019
------------------ testing $PTII/ptolemy/domains/de/test/auto/DepthTest7.xml
auto.tcl: Setting watchdog for 200 seconds at Fri Feb 22 03:06:29 UTC 2019
2 ms. Memory: 208384K Free: 195958K (94%)
ptolemy.util.test.WatchDog.cancel(): canceling Fri Feb 22 03:06:29 UTC 2019
auto.tcl: Setting watchdog for 200 seconds at Fri Feb 22 03:06:29 UTC 2019
2 ms. Memory: 208384K Free: 195958K (94%)
ptolemy.util.test.WatchDog.cancel(): canceling Fri Feb 22 03:06:29 UTC 2019
------------------ testing $PTII/ptolemy/domains/de/test/auto/EventToDate.xml
auto.tcl: Setting watchdog for 200 seconds at Fri Feb 22 03:06:29 UTC 2019
3011 ms. Memory: 208384K Free: 187811K (90%)
ptolemy.util.test.WatchDog.cancel(): canceling Fri Feb 22 03:06:32 UTC 2019
auto.tcl: Setting watchdog for 200 seconds at Fri Feb 22 03:06:32 UTC 2019
3003 ms. Memory: 208384K Free: 185763K (89%)
ptolemy.util.test.WatchDog.cancel(): canceling Fri Feb 22 03:06:35 UTC 2019
------------------ testing $PTII/ptolemy/domains/de/test/auto/FSM1.xml
auto.tcl: Setting watchdog for 200 seconds at Fri Feb 22 03:06:35 UTC 2019
32 ms. Memory: 208384K Free: 189130K (91%)
ptolemy.util.test.WatchDog.cancel(): canceling Fri Feb 22 03:06:36 UTC 2019
auto.tcl: Setting watchdog for 200 seconds at Fri Feb 22 03:06:36 UTC 2019
23 ms. Memory: 208384K Free: 185050K (89%)
ptolemy.util.test.WatchDog.cancel(): canceling Fri Feb 22 03:06:36 UTC 2019
------------------ testing $PTII/ptolemy/domains/de/test/auto/FSM7.xml
auto.tcl: Setting watchdog for 200 seconds at Fri Feb 22 03:06:36 UTC 2019
12 ms. Memory: 208384K Free: 189333K (91%)
ptolemy.util.test.WatchDog.cancel(): canceling Fri Feb 22 03:06:36 UTC 2019
auto.tcl: Setting watchdog for 200 seconds at Fri Feb 22 03:06:36 UTC 2019
22 ms. Memory: 208384K Free: 185221K (89%)
ptolemy.util.test.WatchDog.cancel(): canceling Fri Feb 22 03:06:36 UTC 2019
------------------ testing $PTII/ptolemy/domains/de/test/auto/Inspection.xml
auto.tcl: Setting watchdog for 200 seconds at Fri Feb 22 03:06:36 UTC 2019
38 ms. Memory: 208384K Free: 189019K (91%)
ptolemy.util.test.WatchDog.cancel(): canceling Fri Feb 22 03:06:36 UTC 2019
auto.tcl: Setting watchdog for 200 seconds at Fri Feb 22 03:06:36 UTC 2019
21 ms. Memory: 208384K Free: 186971K (90%)
ptolemy.util.test.WatchDog.cancel(): canceling Fri Feb 22 03:06:36 UTC 2019
------------------ testing $PTII/ptolemy/domains/de/test/auto/Iteration.xml
auto.tcl: Setting watchdog for 200 seconds at Fri Feb 22 03:06:36 UTC 2019
9 ms. Memory: 208384K Free: 196300K (94%)
ptolemy.util.test.WatchDog.cancel(): canceling Fri Feb 22 03:06:36 UTC 2019
auto.tcl: Setting watchdog for 200 seconds at Fri Feb 22 03:06:36 UTC 2019
7 ms. Memory: 208384K Free: 193725K (93%)
ptolemy.util.test.WatchDog.cancel(): canceling Fri Feb 22 03:06:36 UTC 2019
------------------ testing $PTII/ptolemy/domains/de/test/auto/LineFault.xml
auto.tcl: Setting watchdog for 200 seconds at Fri Feb 22 03:06:36 UTC 2019
797 ms. Memory: 208384K Free: 199503K (96%)
ptolemy.util.test.WatchDog.cancel(): canceling Fri Feb 22 03:06:37 UTC 2019
auto.tcl: Setting watchdog for 200 seconds at Fri Feb 22 03:06:37 UTC 2019
610 ms. Memory: 208384K Free: 142048K (68%)
ptolemy.util.test.WatchDog.cancel(): canceling Fri Feb 22 03:06:38 UTC 2019
------------------ testing $PTII/ptolemy/domains/de/test/auto/MergeModel1Add.xml
auto.tcl: Setting watchdog for 200 seconds at Fri Feb 22 03:06:38 UTC 2019
26 ms. Memory: 331264K Free: 300457K (91%)
ptolemy.util.test.WatchDog.cancel(): canceling Fri Feb 22 03:06:38 UTC 2019
auto.tcl: Setting watchdog for 200 seconds at Fri Feb 22 03:06:38 UTC 2019
12 ms. Memory: 331264K Free: 300457K (91%)
ptolemy.util.test.WatchDog.cancel(): canceling Fri Feb 22 03:06:38 UTC 2019
------------------ testing $PTII/ptolemy/domains/de/test/auto/MergeModel2Add.xml
auto.tcl: Setting watchdog for 200 seconds at Fri Feb 22 03:06:38 UTC 2019
13 ms. Memory: 331264K Free: 305362K (92%)
ptolemy.util.test.WatchDog.cancel(): canceling Fri Feb 22 03:06:38 UTC 2019
auto.tcl: Setting watchdog for 200 seconds at Fri Feb 22 03:06:38 UTC 2019
7 ms. Memory: 331264K Free: 301795K (91%)
ptolemy.util.test.WatchDog.cancel(): canceling Fri Feb 22 03:06:38 UTC 2019
------------------ testing $PTII/ptolemy/domains/de/test/auto/MergeModel3Add.xml
auto.tcl: Setting watchdog for 200 seconds at Fri Feb 22 03:06:38 UTC 2019
11 ms. Memory: 331264K Free: 305373K (92%)
ptolemy.util.test.WatchDog.cancel(): canceling Fri Feb 22 03:06:38 UTC 2019
auto.tcl: Setting watchdog for 200 seconds at Fri Feb 22 03:06:38 UTC 2019
10 ms. Memory: 331264K Free: 301790K (91%)
ptolemy.util.test.WatchDog.cancel(): canceling Fri Feb 22 03:06:38 UTC 2019
------------------ testing $PTII/ptolemy/domains/de/test/auto/MergeWithoutDiscard.xml
auto.tcl: Setting watchdog for 200 seconds at Fri Feb 22 03:06:38 UTC 2019
2 ms. Memory: 331264K Free: 316118K (95%)
ptolemy.util.test.WatchDog.cancel(): canceling Fri Feb 22 03:06:38 UTC 2019
auto.tcl: Setting watchdog for 200 seconds at Fri Feb 22 03:06:38 UTC 2019
1 ms. Memory: 331264K Free: 316118K (95%)
ptolemy.util.test.WatchDog.cancel(): canceling Fri Feb 22 03:06:38 UTC 2019
------------------ testing $PTII/ptolemy/domains/de/test/auto/Modal1.xml
auto.tcl: Setting watchdog for 200 seconds at Fri Feb 22 03:06:38 UTC 2019
12 ms. Memory: 331264K Free: 310360K (94%)
ptolemy.util.test.WatchDog.cancel(): canceling Fri Feb 22 03:06:38 UTC 2019
auto.tcl: Setting watchdog for 200 seconds at Fri Feb 22 03:06:38 UTC 2019
11 ms. Memory: 331264K Free: 306785K (93%)
ptolemy.util.test.WatchDog.cancel(): canceling Fri Feb 22 03:06:38 UTC 2019
------------------ testing $PTII/ptolemy/domains/de/test/auto/Modal2.xml
auto.tcl: Setting watchdog for 200 seconds at Fri Feb 22 03:06:38 UTC 2019
18 ms. Memory: 331264K Free: 310233K (94%)
ptolemy.util.test.WatchDog.cancel(): canceling Fri Feb 22 03:06:38 UTC 2019
auto.tcl: Setting watchdog for 200 seconds at Fri Feb 22 03:06:38 UTC 2019
16 ms. Memory: 331264K Free: 306650K (93%)
ptolemy.util.test.WatchDog.cancel(): canceling Fri Feb 22 03:06:38 UTC 2019
------------------ testing $PTII/ptolemy/domains/de/test/auto/Modal3.xml
auto.tcl: Setting watchdog for 200 seconds at Fri Feb 22 03:06:38 UTC 2019
15 ms. Memory: 331264K Free: 310216K (94%)
ptolemy.util.test.WatchDog.cancel(): canceling Fri Feb 22 03:06:38 UTC 2019
auto.tcl: Setting watchdog for 200 seconds at Fri Feb 22 03:06:38 UTC 2019
15 ms. Memory: 331264K Free: 306649K (93%)
ptolemy.util.test.WatchDog.cancel(): canceling Fri Feb 22 03:06:38 UTC 2019
------------------ testing $PTII/ptolemy/domains/de/test/auto/Modal4.xml
auto.tcl: Setting watchdog for 200 seconds at Fri Feb 22 03:06:38 UTC 2019
28 ms. Memory: 331264K Free: 310245K (94%)
ptolemy.util.test.WatchDog.cancel(): canceling Fri Feb 22 03:06:38 UTC 2019
auto.tcl: Setting watchdog for 200 seconds at Fri Feb 22 03:06:38 UTC 2019
17 ms. Memory: 331264K Free: 306662K (93%)
ptolemy.util.test.WatchDog.cancel(): canceling Fri Feb 22 03:06:39 UTC 2019
------------------ testing $PTII/ptolemy/domains/de/test/auto/Modal5.xml
auto.tcl: Setting watchdog for 200 seconds at Fri Feb 22 03:06:39 UTC 2019
17 ms. Memory: 331264K Free: 310264K (94%)
ptolemy.util.test.WatchDog.cancel(): canceling Fri Feb 22 03:06:39 UTC 2019
auto.tcl: Setting watchdog for 200 seconds at Fri Feb 22 03:06:39 UTC 2019
14 ms. Memory: 331264K Free: 306697K (93%)
ptolemy.util.test.WatchDog.cancel(): canceling Fri Feb 22 03:06:39 UTC 2019
------------------ testing $PTII/ptolemy/domains/de/test/auto/Modal6.xml
auto.tcl: Setting watchdog for 200 seconds at Fri Feb 22 03:06:39 UTC 2019
11 ms. Memory: 331264K Free: 310229K (94%)
ptolemy.util.test.WatchDog.cancel(): canceling Fri Feb 22 03:06:39 UTC 2019
auto.tcl: Setting watchdog for 200 seconds at Fri Feb 22 03:06:39 UTC 2019
13 ms. Memory: 331264K Free: 306646K (93%)
ptolemy.util.test.WatchDog.cancel(): canceling Fri Feb 22 03:06:39 UTC 2019
------------------ testing $PTII/ptolemy/domains/de/test/auto/Modal7.xml
auto.tcl: Setting watchdog for 200 seconds at Fri Feb 22 03:06:39 UTC 2019
17 ms. Memory: 331264K Free: 306679K (93%)
ptolemy.util.test.WatchDog.cancel(): canceling Fri Feb 22 03:06:39 UTC 2019
auto.tcl: Setting watchdog for 200 seconds at Fri Feb 22 03:06:39 UTC 2019
11 ms. Memory: 331264K Free: 303096K (91%)
ptolemy.util.test.WatchDog.cancel(): canceling Fri Feb 22 03:06:39 UTC 2019
------------------ testing $PTII/ptolemy/domains/de/test/auto/ModalModel.xml
auto.tcl: Setting watchdog for 200 seconds at Fri Feb 22 03:06:39 UTC 2019
205 ms. Memory: 331264K Free: 247590K (75%)
ptolemy.util.test.WatchDog.cancel(): canceling Fri Feb 22 03:06:39 UTC 2019
auto.tcl: Setting watchdog for 200 seconds at Fri Feb 22 03:06:39 UTC 2019
180 ms. Memory: 331264K Free: 185445K (56%)
ptolemy.util.test.WatchDog.cancel(): canceling Fri Feb 22 03:06:39 UTC 2019
------------------ testing $PTII/ptolemy/domains/de/test/auto/ModalSource.xml
auto.tcl: Setting watchdog for 200 seconds at Fri Feb 22 03:06:39 UTC 2019
5 ms. Memory: 331264K Free: 316606K (96%)
ptolemy.util.test.WatchDog.cancel(): canceling Fri Feb 22 03:06:39 UTC 2019
auto.tcl: Setting watchdog for 200 seconds at Fri Feb 22 03:06:39 UTC 2019
6 ms. Memory: 331264K Free: 313373K (95%)
ptolemy.util.test.WatchDog.cancel(): canceling Fri Feb 22 03:06:39 UTC 2019
------------------ testing $PTII/ptolemy/domains/de/test/auto/NonInterruptibleTimerZeroDelay.xml
auto.tcl: Setting watchdog for 200 seconds at Fri Feb 22 03:06:39 UTC 2019
3 ms. Memory: 331264K Free: 320931K (97%)
ptolemy.util.test.WatchDog.cancel(): canceling Fri Feb 22 03:06:39 UTC 2019
auto.tcl: Setting watchdog for 200 seconds at Fri Feb 22 03:06:39 UTC 2019
3 ms. Memory: 331264K Free: 317698K (96%)
ptolemy.util.test.WatchDog.cancel(): canceling Fri Feb 22 03:06:39 UTC 2019
------------------ testing $PTII/ptolemy/domains/de/test/auto/OpenQueueingNetwork.xml
auto.tcl: Setting watchdog for 200 seconds at Fri Feb 22 03:06:40 UTC 2019
2752 ms. Memory: 573952K Free: 421695K (73%)
ptolemy.util.test.WatchDog.cancel(): canceling Fri Feb 22 03:06:42 UTC 2019
auto.tcl: Setting watchdog for 200 seconds at Fri Feb 22 03:06:42 UTC 2019
2255 ms. Memory: 550912K Free: 329536K (60%)
ptolemy.util.test.WatchDog.cancel(): canceling Fri Feb 22 03:06:45 UTC 2019
------------------ testing $PTII/ptolemy/domains/de/test/auto/OpenQueuingNetwork.xml
auto.tcl: Setting watchdog for 200 seconds at Fri Feb 22 03:06:45 UTC 2019
231 ms. Memory: 549888K Free: 446566K (81%)
ptolemy.util.test.WatchDog.cancel(): canceling Fri Feb 22 03:06:45 UTC 2019
auto.tcl: Setting watchdog for 200 seconds at Fri Feb 22 03:06:45 UTC 2019
214 ms. Memory: 549888K Free: 388917K (71%)
ptolemy.util.test.WatchDog.cancel(): canceling Fri Feb 22 03:06:45 UTC 2019
------------------ testing $PTII/ptolemy/domains/de/test/auto/PeriodicSampler.xml
auto.tcl: Setting watchdog for 200 seconds at Fri Feb 22 03:06:45 UTC 2019
3 ms. Memory: 551936K Free: 531534K (96%)
ptolemy.util.test.WatchDog.cancel(): canceling Fri Feb 22 03:06:45 UTC 2019
auto.tcl: Setting watchdog for 200 seconds at Fri Feb 22 03:06:45 UTC 2019
2 ms. Memory: 551936K Free: 531534K (96%)
ptolemy.util.test.WatchDog.cancel(): canceling Fri Feb 22 03:06:45 UTC 2019
------------------ testing $PTII/ptolemy/domains/de/test/auto/PersistentIO.xml
auto.tcl: Setting watchdog for 200 seconds at Fri Feb 22 03:06:45 UTC 2019
8 ms. Memory: 549376K Free: 524859K (96%)
ptolemy.util.test.WatchDog.cancel(): canceling Fri Feb 22 03:06:45 UTC 2019
auto.tcl: Setting watchdog for 200 seconds at Fri Feb 22 03:06:45 UTC 2019
4 ms. Memory: 549376K Free: 524859K (96%)
ptolemy.util.test.WatchDog.cancel(): canceling Fri Feb 22 03:06:45 UTC 2019
------------------ testing $PTII/ptolemy/domains/de/test/auto/PortParameterResetOnInitialize.xml
auto.tcl: Setting watchdog for 200 seconds at Fri Feb 22 03:06:45 UTC 2019
2 ms. Memory: 551424K Free: 532025K (96%)
ptolemy.util.test.WatchDog.cancel(): canceling Fri Feb 22 03:06:45 UTC 2019
auto.tcl: Setting watchdog for 200 seconds at Fri Feb 22 03:06:45 UTC 2019
1 ms. Memory: 551424K Free: 531482K (96%)
ptolemy.util.test.WatchDog.cancel(): canceling Fri Feb 22 03:06:45 UTC 2019
------------------ testing $PTII/ptolemy/domains/de/test/auto/PortParameterUpdates.xml
auto.tcl: Setting watchdog for 200 seconds at Fri Feb 22 03:06:46 UTC 2019
3 ms. Memory: 549376K Free: 534248K (97%)
ptolemy.util.test.WatchDog.cancel(): canceling Fri Feb 22 03:06:46 UTC 2019
auto.tcl: Setting watchdog for 200 seconds at Fri Feb 22 03:06:46 UTC 2019
4 ms. Memory: 549376K Free: 528991K (96%)
ptolemy.util.test.WatchDog.cancel(): canceling Fri Feb 22 03:06:46 UTC 2019
------------------ testing $PTII/ptolemy/domains/de/test/auto/QueueAndServer.xml
auto.tcl: Setting watchdog for 200 seconds at Fri Feb 22 03:06:46 UTC 2019
16 ms. Memory: 551424K Free: 531019K (96%)
ptolemy.util.test.WatchDog.cancel(): canceling Fri Feb 22 03:06:46 UTC 2019
auto.tcl: Setting watchdog for 200 seconds at Fri Feb 22 03:06:46 UTC 2019
6 ms. Memory: 551424K Free: 531019K (96%)
ptolemy.util.test.WatchDog.cancel(): canceling Fri Feb 22 03:06:46 UTC 2019
------------------ testing $PTII/ptolemy/domains/de/test/auto/Records.xml
auto.tcl: Setting watchdog for 200 seconds at Fri Feb 22 03:06:46 UTC 2019
4 ms. Memory: 549376K Free: 534154K (97%)
ptolemy.util.test.WatchDog.cancel(): canceling Fri Feb 22 03:06:46 UTC 2019
auto.tcl: Setting watchdog for 200 seconds at Fri Feb 22 03:06:46 UTC 2019
2 ms. Memory: 549376K Free: 528913K (96%)
ptolemy.util.test.WatchDog.cancel(): canceling Fri Feb 22 03:06:46 UTC 2019
------------------ testing $PTII/ptolemy/domains/de/test/auto/ResetTransitionWithStartTime1.xml
auto.tcl: Setting watchdog for 200 seconds at Fri Feb 22 03:06:46 UTC 2019
12 ms. Memory: 551424K Free: 531521K (96%)
ptolemy.util.test.WatchDog.cancel(): canceling Fri Feb 22 03:06:46 UTC 2019
auto.tcl: Setting watchdog for 200 seconds at Fri Feb 22 03:06:46 UTC 2019
7 ms. Memory: 551424K Free: 530978K (96%)
ptolemy.util.test.WatchDog.cancel(): canceling Fri Feb 22 03:06:46 UTC 2019
------------------ testing $PTII/ptolemy/domains/de/test/auto/ResetTransitionWithStartTime2.xml
auto.tcl: Setting watchdog for 200 seconds at Fri Feb 22 03:06:46 UTC 2019
9 ms. Memory: 549376K Free: 528921K (96%)
ptolemy.util.test.WatchDog.cancel(): canceling Fri Feb 22 03:06:46 UTC 2019
auto.tcl: Setting watchdog for 200 seconds at Fri Feb 22 03:06:46 UTC 2019
8 ms. Memory: 549376K Free: 528921K (96%)
ptolemy.util.test.WatchDog.cancel(): canceling Fri Feb 22 03:06:46 UTC 2019
------------------ testing $PTII/ptolemy/domains/de/test/auto/ResetTransitionWithStartTime3.xml
auto.tcl: Setting watchdog for 200 seconds at Fri Feb 22 03:06:46 UTC 2019
9 ms. Memory: 550912K Free: 530463K (96%)
ptolemy.util.test.WatchDog.cancel(): canceling Fri Feb 22 03:06:46 UTC 2019
auto.tcl: Setting watchdog for 200 seconds at Fri Feb 22 03:06:46 UTC 2019
5 ms. Memory: 550912K Free: 530463K (96%)
ptolemy.util.test.WatchDog.cancel(): canceling Fri Feb 22 03:06:46 UTC 2019
------------------ testing $PTII/ptolemy/domains/de/test/auto/ResetTransitionWithStartTime4.xml
auto.tcl: Setting watchdog for 200 seconds at Fri Feb 22 03:06:46 UTC 2019
6 ms. Memory: 549376K Free: 528910K (96%)
ptolemy.util.test.WatchDog.cancel(): canceling Fri Feb 22 03:06:46 UTC 2019
auto.tcl: Setting watchdog for 200 seconds at Fri Feb 22 03:06:46 UTC 2019
4 ms. Memory: 549376K Free: 528910K (96%)
ptolemy.util.test.WatchDog.cancel(): canceling Fri Feb 22 03:06:46 UTC 2019
------------------ testing $PTII/ptolemy/domains/de/test/auto/ResettableTimer1.xml
auto.tcl: Setting watchdog for 200 seconds at Fri Feb 22 03:06:46 UTC 2019
4 ms. Memory: 550912K Free: 535698K (97%)
ptolemy.util.test.WatchDog.cancel(): canceling Fri Feb 22 03:06:46 UTC 2019
auto.tcl: Setting watchdog for 200 seconds at Fri Feb 22 03:06:46 UTC 2019
2 ms. Memory: 550912K Free: 535698K (97%)
ptolemy.util.test.WatchDog.cancel(): canceling Fri Feb 22 03:06:46 UTC 2019
------------------ testing $PTII/ptolemy/domains/de/test/auto/ResettableTimer2.xml
auto.tcl: Setting watchdog for 200 seconds at Fri Feb 22 03:06:46 UTC 2019
5 ms. Memory: 549376K Free: 534764K (97%)
ptolemy.util.test.WatchDog.cancel(): canceling Fri Feb 22 03:06:46 UTC 2019
auto.tcl: Setting watchdog for 200 seconds at Fri Feb 22 03:06:46 UTC 2019
2 ms. Memory: 549376K Free: 534764K (97%)
ptolemy.util.test.WatchDog.cancel(): canceling Fri Feb 22 03:06:46 UTC 2019
------------------ testing $PTII/ptolemy/domains/de/test/auto/ResettableTimer3.xml
auto.tcl: Setting watchdog for 200 seconds at Fri Feb 22 03:06:46 UTC 2019
3 ms. Memory: 550912K Free: 535756K (97%)
ptolemy.util.test.WatchDog.cancel(): canceling Fri Feb 22 03:06:46 UTC 2019
auto.tcl: Setting watchdog for 200 seconds at Fri Feb 22 03:06:46 UTC 2019
1 ms. Memory: 550912K Free: 535756K (97%)
ptolemy.util.test.WatchDog.cancel(): canceling Fri Feb 22 03:06:46 UTC 2019
------------------ testing $PTII/ptolemy/domains/de/test/auto/ResettableTimer4.xml
auto.tcl: Setting watchdog for 200 seconds at Fri Feb 22 03:06:46 UTC 2019
1 ms. Memory: 549376K Free: 534776K (97%)
ptolemy.util.test.WatchDog.cancel(): canceling Fri Feb 22 03:06:46 UTC 2019
auto.tcl: Setting watchdog for 200 seconds at Fri Feb 22 03:06:46 UTC 2019
1 ms. Memory: 549376K Free: 534776K (97%)
ptolemy.util.test.WatchDog.cancel(): canceling Fri Feb 22 03:06:46 UTC 2019
------------------ testing $PTII/ptolemy/domains/de/test/auto/ResettableTimer5.xml
auto.tcl: Setting watchdog for 200 seconds at Fri Feb 22 03:06:46 UTC 2019
5 ms. Memory: 550400K Free: 531118K (96%)
ptolemy.util.test.WatchDog.cancel(): canceling Fri Feb 22 03:06:46 UTC 2019
auto.tcl: Setting watchdog for 200 seconds at Fri Feb 22 03:06:46 UTC 2019
2 ms. Memory: 550400K Free: 531118K (96%)
ptolemy.util.test.WatchDog.cancel(): canceling Fri Feb 22 03:06:46 UTC 2019
------------------ testing $PTII/ptolemy/domains/de/test/auto/ResettableTimer6.xml
auto.tcl: Setting watchdog for 200 seconds at Fri Feb 22 03:06:46 UTC 2019
1 ms. Memory: 549376K Free: 529501K (96%)
ptolemy.util.test.WatchDog.cancel(): canceling Fri Feb 22 03:06:46 UTC 2019
auto.tcl: Setting watchdog for 200 seconds at Fri Feb 22 03:06:46 UTC 2019
1 ms. Memory: 549376K Free: 529501K (96%)
ptolemy.util.test.WatchDog.cancel(): canceling Fri Feb 22 03:06:46 UTC 2019
------------------ testing $PTII/ptolemy/domains/de/test/auto/ServerZeroDelay.xml
auto.tcl: Setting watchdog for 200 seconds at Fri Feb 22 03:06:46 UTC 2019
2 ms. Memory: 550400K Free: 535738K (97%)
ptolemy.util.test.WatchDog.cancel(): canceling Fri Feb 22 03:06:46 UTC 2019
auto.tcl: Setting watchdog for 200 seconds at Fri Feb 22 03:06:46 UTC 2019
3 ms. Memory: 550400K Free: 535738K (97%)
ptolemy.util.test.WatchDog.cancel(): canceling Fri Feb 22 03:06:46 UTC 2019
------------------ testing $PTII/ptolemy/domains/de/test/auto/SmartSender.xml
auto.tcl: Setting watchdog for 200 seconds at Fri Feb 22 03:06:47 UTC 2019
3001 ms. Memory: 549376K Free: 530030K (96%)
ptolemy.util.test.WatchDog.cancel(): canceling Fri Feb 22 03:06:50 UTC 2019
auto.tcl: Setting watchdog for 200 seconds at Fri Feb 22 03:06:50 UTC 2019
3001 ms. Memory: 549376K Free: 530030K (96%)
ptolemy.util.test.WatchDog.cancel(): canceling Fri Feb 22 03:06:53 UTC 2019
------------------ testing $PTII/ptolemy/domains/de/test/auto/ThreadedComposite.xml
auto.tcl: Setting watchdog for 200 seconds at Fri Feb 22 03:06:53 UTC 2019
221 ms. Memory: 550400K Free: 510667K (93%)
ptolemy.util.test.WatchDog.cancel(): canceling Fri Feb 22 03:06:53 UTC 2019
auto.tcl: Setting watchdog for 200 seconds at Fri Feb 22 03:06:53 UTC 2019
133 ms. Memory: 550400K Free: 496067K (90%)
ptolemy.util.test.WatchDog.cancel(): canceling Fri Feb 22 03:06:53 UTC 2019
------------------ testing $PTII/ptolemy/domains/de/test/auto/Time.xml
auto.tcl: Setting watchdog for 200 seconds at Fri Feb 22 03:06:53 UTC 2019
506 ms. Memory: 549376K Free: 487093K (89%)
ptolemy.util.test.WatchDog.cancel(): canceling Fri Feb 22 03:06:54 UTC 2019
auto.tcl: Setting watchdog for 200 seconds at Fri Feb 22 03:06:54 UTC 2019
472 ms. Memory: 549376K Free: 434686K (79%)
ptolemy.util.test.WatchDog.cancel(): canceling Fri Feb 22 03:06:54 UTC 2019
------------------ testing $PTII/ptolemy/domains/de/test/auto/TimeDelayZeroDelay.xml
auto.tcl: Setting watchdog for 200 seconds at Fri Feb 22 03:06:54 UTC 2019
2 ms. Memory: 550400K Free: 535112K (97%)
ptolemy.util.test.WatchDog.cancel(): canceling Fri Feb 22 03:06:54 UTC 2019
auto.tcl: Setting watchdog for 200 seconds at Fri Feb 22 03:06:54 UTC 2019
2 ms. Memory: 550400K Free: 535112K (97%)
ptolemy.util.test.WatchDog.cancel(): canceling Fri Feb 22 03:06:54 UTC 2019
------------------ testing $PTII/ptolemy/domains/de/test/auto/TimerZeroDelay.xml
auto.tcl: Setting watchdog for 200 seconds at Fri Feb 22 03:06:54 UTC 2019
4 ms. Memory: 549376K Free: 534675K (97%)
ptolemy.util.test.WatchDog.cancel(): canceling Fri Feb 22 03:06:54 UTC 2019
auto.tcl: Setting watchdog for 200 seconds at Fri Feb 22 03:06:54 UTC 2019
2 ms. Memory: 549376K Free: 534675K (97%)
ptolemy.util.test.WatchDog.cancel(): canceling Fri Feb 22 03:06:54 UTC 2019
------------------ testing $PTII/ptolemy/domains/de/test/auto/TimingParadox.xml
auto.tcl: Setting watchdog for 200 seconds at Fri Feb 22 03:06:54 UTC 2019
336 ms. Memory: 549888K Free: 470384K (86%)
ptolemy.util.test.WatchDog.cancel(): canceling Fri Feb 22 03:06:55 UTC 2019
auto.tcl: Setting watchdog for 200 seconds at Fri Feb 22 03:06:55 UTC 2019
321 ms. Memory: 549888K Free: 438940K (80%)
ptolemy.util.test.WatchDog.cancel(): canceling Fri Feb 22 03:06:55 UTC 2019
------------------ testing $PTII/ptolemy/domains/de/test/auto/TransferInputs.xml
auto.tcl: Setting watchdog for 200 seconds at Fri Feb 22 03:06:55 UTC 2019
2 ms. Memory: 549888K Free: 534148K (97%)
ptolemy.util.test.WatchDog.cancel(): canceling Fri Feb 22 03:06:55 UTC 2019
auto.tcl: Setting watchdog for 200 seconds at Fri Feb 22 03:06:55 UTC 2019
1 ms. Memory: 549888K Free: 534148K (97%)
ptolemy.util.test.WatchDog.cancel(): canceling Fri Feb 22 03:06:55 UTC 2019
------------------ testing $PTII/ptolemy/domains/de/test/auto/TransferOutputs2.xml
auto.tcl: Setting watchdog for 200 seconds at Fri Feb 22 03:06:55 UTC 2019
4 ms. Memory: 549376K Free: 524801K (96%)
ptolemy.util.test.WatchDog.cancel(): canceling Fri Feb 22 03:06:55 UTC 2019
auto.tcl: Setting watchdog for 200 seconds at Fri Feb 22 03:06:55 UTC 2019
2 ms. Memory: 549376K Free: 524801K (96%)
ptolemy.util.test.WatchDog.cancel(): canceling Fri Feb 22 03:06:55 UTC 2019
------------------ testing $PTII/ptolemy/domains/de/test/auto/Trilateration.xml
auto.tcl: Setting watchdog for 200 seconds at Fri Feb 22 03:06:55 UTC 2019
15003 ms. Memory: 766976K Free: 260873K (34%)
ptolemy.util.test.WatchDog.cancel(): canceling Fri Feb 22 03:07:11 UTC 2019
auto.tcl: Setting watchdog for 200 seconds at Fri Feb 22 03:07:11 UTC 2019
11170 ms. Memory: 646144K Free: 109790K (17%)
ptolemy.util.test.WatchDog.cancel(): canceling Fri Feb 22 03:07:22 UTC 2019
------------------ testing $PTII/ptolemy/domains/de/test/auto/TwoSigmaDelta.xml
auto.tcl: Setting watchdog for 200 seconds at Fri Feb 22 03:07:22 UTC 2019
2736 ms. Memory: 649728K Free: 341238K (53%)
ptolemy.util.test.WatchDog.cancel(): canceling Fri Feb 22 03:07:25 UTC 2019
auto.tcl: Setting watchdog for 200 seconds at Fri Feb 22 03:07:25 UTC 2019
2232 ms. Memory: 649728K Free: 105707K (16%)
ptolemy.util.test.WatchDog.cancel(): canceling Fri Feb 22 03:07:28 UTC 2019
------------------ testing $PTII/ptolemy/domains/de/test/auto/VariableDelay.xml
auto.tcl: Setting watchdog for 200 seconds at Fri Feb 22 03:07:28 UTC 2019
2 ms. Memory: 646656K Free: 627167K (97%)
ptolemy.util.test.WatchDog.cancel(): canceling Fri Feb 22 03:07:28 UTC 2019
auto.tcl: Setting watchdog for 200 seconds at Fri Feb 22 03:07:28 UTC 2019
1 ms. Memory: 646656K Free: 627167K (97%)
ptolemy.util.test.WatchDog.cancel(): canceling Fri Feb 22 03:07:28 UTC 2019
------------------ testing $PTII/ptolemy/domains/de/test/auto/VariableDelay2.xml
auto.tcl: Setting watchdog for 200 seconds at Fri Feb 22 03:07:28 UTC 2019
7 ms. Memory: 646144K Free: 627144K (97%)
ptolemy.util.test.WatchDog.cancel(): canceling Fri Feb 22 03:07:28 UTC 2019
auto.tcl: Setting watchdog for 200 seconds at Fri Feb 22 03:07:28 UTC 2019
1 ms. Memory: 646144K Free: 627144K (97%)
ptolemy.util.test.WatchDog.cancel(): canceling Fri Feb 22 03:07:28 UTC 2019
------------------ testing $PTII/ptolemy/domains/de/test/auto/VariableDelayZeroDelay.xml
auto.tcl: Setting watchdog for 200 seconds at Fri Feb 22 03:07:28 UTC 2019
2 ms. Memory: 646144K Free: 621496K (96%)
ptolemy.util.test.WatchDog.cancel(): canceling Fri Feb 22 03:07:28 UTC 2019
auto.tcl: Setting watchdog for 200 seconds at Fri Feb 22 03:07:28 UTC 2019
2 ms. Memory: 646144K Free: 621496K (96%)
ptolemy.util.test.WatchDog.cancel(): canceling Fri Feb 22 03:07:28 UTC 2019
------------------ testing $PTII/ptolemy/domains/de/test/auto/VariableDelayZeroDelay2.xml
auto.tcl: Setting watchdog for 200 seconds at Fri Feb 22 03:07:28 UTC 2019
5 ms. Memory: 649216K Free: 624565K (96%)
ptolemy.util.test.WatchDog.cancel(): canceling Fri Feb 22 03:07:28 UTC 2019
auto.tcl: Setting watchdog for 200 seconds at Fri Feb 22 03:07:28 UTC 2019
2 ms. Memory: 649216K Free: 624565K (96%)
ptolemy.util.test.WatchDog.cancel(): canceling Fri Feb 22 03:07:28 UTC 2019
------------------ testing $PTII/ptolemy/domains/de/test/auto/deInCt.xml
auto.tcl: Setting watchdog for 200 seconds at Fri Feb 22 03:07:28 UTC 2019
0
1
1
1
0
0
0
1
1
1
0
0
1
1
1
0
0
1
1
1
0
0
0
0
1
1
0
0
0
1
1
1
0
0
1
1
1
0
0
0
0
1
1
1
0
0
0
0
7 ms. Memory: 646144K Free: 621490K (96%)
ptolemy.util.test.WatchDog.cancel(): canceling Fri Feb 22 03:07:28 UTC 2019
auto.tcl: Setting watchdog for 200 seconds at Fri Feb 22 03:07:28 UTC 2019
0
1
1
1
0
0
1
1
1
1
1
0
0
0
0
1
1
1
1
1
0
0
0
0
1
1
1
0
0
0
1
1
1
0
0
0
6 ms. Memory: 646144K Free: 621490K (96%)
ptolemy.util.test.WatchDog.cancel(): canceling Fri Feb 22 03:07:28 UTC 2019
------------------ testing $PTII/ptolemy/domains/de/test/auto/deInCt2.xml
auto.tcl: Setting watchdog for 200 seconds at Fri Feb 22 03:07:28 UTC 2019
0
1
1
1
0
0
1
1
1
0
0
1
1
1
0
0
1
1
1
0
0
1
1
1
0
0
1
1
1
0
0
1
1
1
0
0
1
1
1
0
0
0
12 ms. Memory: 648704K Free: 624050K (96%)
ptolemy.util.test.WatchDog.cancel(): canceling Fri Feb 22 03:07:28 UTC 2019
auto.tcl: Setting watchdog for 200 seconds at Fri Feb 22 03:07:28 UTC 2019
0
1
1
1
0
0
1
1
1
0
0
1
1
1
0
0
1
1
1
0
0
1
1
1
0
0
1
1
1
0
0
1
1
1
0
0
1
1
1
0
0
0
10 ms. Memory: 648704K Free: 624050K (96%)
ptolemy.util.test.WatchDog.cancel(): canceling Fri Feb 22 03:07:28 UTC 2019
------------------ testing $PTII/ptolemy/domains/de/test/auto/dynamicCausalityInterface1.xml
auto.tcl: Setting watchdog for 200 seconds at Fri Feb 22 03:07:28 UTC 2019
2 ms. Memory: 646144K Free: 612987K (95%)
ptolemy.util.test.WatchDog.cancel(): canceling Fri Feb 22 03:07:28 UTC 2019
auto.tcl: Setting watchdog for 200 seconds at Fri Feb 22 03:07:28 UTC 2019
1 ms. Memory: 646144K Free: 612987K (95%)
ptolemy.util.test.WatchDog.cancel(): canceling Fri Feb 22 03:07:28 UTC 2019
------------------ testing $PTII/ptolemy/domains/de/test/auto/fsm_de_test.xml
auto.tcl: Setting watchdog for 200 seconds at Fri Feb 22 03:07:28 UTC 2019
9 ms. Memory: 648192K Free: 623428K (96%)
ptolemy.util.test.WatchDog.cancel(): canceling Fri Feb 22 03:07:28 UTC 2019
auto.tcl: Setting watchdog for 200 seconds at Fri Feb 22 03:07:28 UTC 2019
6 ms. Memory: 648192K Free: 614913K (95%)
ptolemy.util.test.WatchDog.cancel(): canceling Fri Feb 22 03:07:28 UTC 2019
------------------ testing $PTII/ptolemy/domains/de/test/auto/functionDependencyReconstruction.xml
auto.tcl: Setting watchdog for 200 seconds at Fri Feb 22 03:07:28 UTC 2019
2 ms. Memory: 646144K Free: 612856K (95%)
ptolemy.util.test.WatchDog.cancel(): canceling Fri Feb 22 03:07:28 UTC 2019
auto.tcl: Setting watchdog for 200 seconds at Fri Feb 22 03:07:28 UTC 2019
2 ms. Memory: 646144K Free: 612856K (95%)
ptolemy.util.test.WatchDog.cancel(): canceling Fri Feb 22 03:07:28 UTC 2019
------------------ testing $PTII/ptolemy/domains/de/test/auto/multirate.xml
auto.tcl: Setting watchdog for 200 seconds at Fri Feb 22 03:07:28 UTC 2019
6 ms. Memory: 648192K Free: 623293K (96%)
ptolemy.util.test.WatchDog.cancel(): canceling Fri Feb 22 03:07:28 UTC 2019
auto.tcl: Setting watchdog for 200 seconds at Fri Feb 22 03:07:28 UTC 2019
3 ms. Memory: 648192K Free: 623293K (96%)
ptolemy.util.test.WatchDog.cancel(): canceling Fri Feb 22 03:07:28 UTC 2019
------------------ testing $PTII/ptolemy/domains/de/test/auto/multirate2.xml
auto.tcl: Setting watchdog for 200 seconds at Fri Feb 22 03:07:28 UTC 2019
3 ms. Memory: 646144K Free: 621433K (96%)
ptolemy.util.test.WatchDog.cancel(): canceling Fri Feb 22 03:07:28 UTC 2019
auto.tcl: Setting watchdog for 200 seconds at Fri Feb 22 03:07:28 UTC 2019
3 ms. Memory: 646144K Free: 621433K (96%)
ptolemy.util.test.WatchDog.cancel(): canceling Fri Feb 22 03:07:28 UTC 2019
------------------ testing $PTII/ptolemy/domains/de/test/auto/realtime.xml
auto.tcl: Setting watchdog for 200 seconds at Fri Feb 22 03:07:28 UTC 2019
10002 ms. Memory: 647680K Free: 622892K (96%)
ptolemy.util.test.WatchDog.cancel(): canceling Fri Feb 22 03:07:38 UTC 2019
auto.tcl: Setting watchdog for 200 seconds at Fri Feb 22 03:07:38 UTC 2019
10001 ms. Memory: 647680K Free: 622892K (96%)
ptolemy.util.test.WatchDog.cancel(): canceling Fri Feb 22 03:07:48 UTC 2019
------------------ testing $PTII/ptolemy/domains/de/test/auto/relationGroup.xml
auto.tcl: Setting watchdog for 200 seconds at Fri Feb 22 03:07:48 UTC 2019
1 ms. Memory: 646144K Free: 621458K (96%)
ptolemy.util.test.WatchDog.cancel(): canceling Fri Feb 22 03:07:48 UTC 2019
auto.tcl: Setting watchdog for 200 seconds at Fri Feb 22 03:07:48 UTC 2019
2 ms. Memory: 646144K Free: 621458K (96%)
ptolemy.util.test.WatchDog.cancel(): canceling Fri Feb 22 03:07:48 UTC 2019
------------------ testing $PTII/ptolemy/domains/de/test/auto/relationGroup2.xml
auto.tcl: Setting watchdog for 200 seconds at Fri Feb 22 03:07:48 UTC 2019
2 ms. Memory: 647680K Free: 623021K (96%)
ptolemy.util.test.WatchDog.cancel(): canceling Fri Feb 22 03:07:48 UTC 2019
auto.tcl: Setting watchdog for 200 seconds at Fri Feb 22 03:07:48 UTC 2019
2 ms. Memory: 647680K Free: 623021K (96%)
ptolemy.util.test.WatchDog.cancel(): canceling Fri Feb 22 03:07:48 UTC 2019
------------------ testing $PTII/ptolemy/domains/de/test/auto/sortWithOpaquePorts.xml
auto.tcl: Setting watchdog for 200 seconds at Fri Feb 22 03:07:48 UTC 2019
2 ms. Memory: 646144K Free: 621486K (96%)
ptolemy.util.test.WatchDog.cancel(): canceling Fri Feb 22 03:07:48 UTC 2019
auto.tcl: Setting watchdog for 200 seconds at Fri Feb 22 03:07:48 UTC 2019
2 ms. Memory: 646144K Free: 621486K (96%)
ptolemy.util.test.WatchDog.cancel(): canceling Fri Feb 22 03:07:48 UTC 2019
------------------ testing $PTII/ptolemy/domains/de/test/auto/transferInputsandOutputs.xml
auto.tcl: Setting watchdog for 200 seconds at Fri Feb 22 03:07:49 UTC 2019
2 ms. Memory: 647168K Free: 622496K (96%)
ptolemy.util.test.WatchDog.cancel(): canceling Fri Feb 22 03:07:49 UTC 2019
auto.tcl: Setting watchdog for 200 seconds at Fri Feb 22 03:07:49 UTC 2019
2 ms. Memory: 647168K Free: 622496K (96%)
ptolemy.util.test.WatchDog.cancel(): canceling Fri Feb 22 03:07:49 UTC 2019
------------------ testing $PTII/ptolemy/domains/de/test/auto/triggerType.xml
auto.tcl: Setting watchdog for 200 seconds at Fri Feb 22 03:07:49 UTC 2019
1 ms. Memory: 646144K Free: 621423K (96%)
ptolemy.util.test.WatchDog.cancel(): canceling Fri Feb 22 03:07:49 UTC 2019
auto.tcl: Setting watchdog for 200 seconds at Fri Feb 22 03:07:49 UTC 2019
2 ms. Memory: 646144K Free: 621423K (96%)
ptolemy.util.test.WatchDog.cancel(): canceling Fri Feb 22 03:07:49 UTC 2019
02/22/19 03:07:49
Failed: 0  Total Tests: 192  ((Passed: 187, Newly Passed: 1)  Known Failed: 5) /home/travis/build/icyphy/ptII/ptolemy/domains/de/test
02/22/19 03:07:49
Failed: 0  Total Tests: 192  ((Passed: 187, Newly Passed: 1)  Known Failed: 5) /home/travis/build/icyphy/ptII/ptolemy/domains/de/test
----------------- testing (KnownFailure) /home/travis/build/icyphy/ptII/ptolemy/domains/de/test/auto/knownFailedTests/DESDFClockTest.xml
2009 ms. Memory: 647168K Free: 611129K (94%)
Known Failure: java.lang.reflect.InvocationTargetException
----------------- testing (KnownFailure) /home/travis/build/icyphy/ptII/ptolemy/domains/de/test/auto/knownFailedTests/DirectFeedback.xml
1 ms. Memory: 647168K Free: 565950K (87%)
Known Failure: java.lang.reflect.InvocationTargetException
----------------- testing (KnownFailure) /home/travis/build/icyphy/ptII/ptolemy/domains/de/test/auto/knownFailedTests/FSMSource.xml
5 ms. Memory: 647168K Free: 520771K (80%)
----------------- testing (KnownFailure) /home/travis/build/icyphy/ptII/ptolemy/domains/de/test/auto/knownFailedTests/HierarchicalModel.xml
2 ms. Memory: 647168K Free: 486871K (75%)
Known Failure: java.lang.reflect.InvocationTargetException
----------------- testing (KnownFailure) /home/travis/build/icyphy/ptII/ptolemy/domains/de/test/auto/knownFailedTests/dependencyLoop.xml
2 ms. Memory: 647168K Free: 430381K (67%)
Known Failure: java.lang.reflect.InvocationTargetException
----------------- testing (KnownFailure) /home/travis/build/icyphy/ptII/ptolemy/domains/de/test/auto/knownFailedTests/dependencyLoop2.xml
2 ms. Memory: 647168K Free: 373891K (58%)
Known Failure: java.lang.reflect.InvocationTargetException
No auto/linux-amd64/*.xml tests in /home/travis/build/icyphy/ptII/ptolemy/domains/de/test
AutoTests.java: About to close Vertx.
AutoTests.java: Vertx closed.

===========================================================================================
----------------- testing Fri Feb 22 03:07:51 UTC 2019 /home/travis/build/icyphy/ptII/ptolemy/domains/de/test/auto/ActorDepthCalculation_actorWithoutPorts.xml
----------------- Instantiating /home/travis/build/icyphy/ptII/ptolemy/domains/de/test/auto/ActorDepthCalculation_actorWithoutPorts.xml
4 ms. Memory: 647168K Free: 317417K (49%)
----------------- Invoking toplevel() on ptolemy.moml.MoMLSimpleApplication@4053ceae
----------------- Done invoking toplevel() on ptolemy.moml.MoMLSimpleApplication@4053ceae
reloadAllAccessors: .ActorDepthCalculation_actorWithoutPorts

===========================================================================================
----------------- testing Fri Feb 22 03:07:51 UTC 2019 /home/travis/build/icyphy/ptII/ptolemy/domains/de/test/auto/AssemblyLine.xml
----------------- Instantiating /home/travis/build/icyphy/ptII/ptolemy/domains/de/test/auto/AssemblyLine.xml
4 ms. Memory: 647168K Free: 294827K (46%)
----------------- Invoking toplevel() on ptolemy.moml.MoMLSimpleApplication@74881388
----------------- Done invoking toplevel() on ptolemy.moml.MoMLSimpleApplication@74881388
reloadAllAccessors: .AssemblyLine

===========================================================================================
----------------- testing Fri Feb 22 03:07:51 UTC 2019 /home/travis/build/icyphy/ptII/ptolemy/domains/de/test/auto/CQBug1.xml
----------------- Instantiating /home/travis/build/icyphy/ptII/ptolemy/domains/de/test/auto/CQBug1.xml
0 ms. Memory: 647168K Free: 272238K (42%)
----------------- Invoking toplevel() on ptolemy.moml.MoMLSimpleApplication@6f53d277
----------------- Done invoking toplevel() on ptolemy.moml.MoMLSimpleApplication@6f53d277
reloadAllAccessors: .CQBug1

===========================================================================================
----------------- testing Fri Feb 22 03:07:51 UTC 2019 /home/travis/build/icyphy/ptII/ptolemy/domains/de/test/auto/CancelFireAt.xml
----------------- Instantiating /home/travis/build/icyphy/ptII/ptolemy/domains/de/test/auto/CancelFireAt.xml
0 ms. Memory: 647168K Free: 249648K (39%)
----------------- Invoking toplevel() on ptolemy.moml.MoMLSimpleApplication@6f50a452
----------------- Done invoking toplevel() on ptolemy.moml.MoMLSimpleApplication@6f50a452
reloadAllAccessors: .CancelFireAt

===========================================================================================
----------------- testing Fri Feb 22 03:07:51 UTC 2019 /home/travis/build/icyphy/ptII/ptolemy/domains/de/test/auto/CausalityAndComposabilityAnalysis.xml
----------------- Instantiating /home/travis/build/icyphy/ptII/ptolemy/domains/de/test/auto/CausalityAndComposabilityAnalysis.xml
2 ms. Memory: 647168K Free: 227059K (35%)
----------------- Invoking toplevel() on ptolemy.moml.MoMLSimpleApplication@3f3583e3
----------------- Done invoking toplevel() on ptolemy.moml.MoMLSimpleApplication@3f3583e3
reloadAllAccessors: .CausalityAndComposabilityAnalysis

===========================================================================================
----------------- testing Fri Feb 22 03:07:51 UTC 2019 /home/travis/build/icyphy/ptII/ptolemy/domains/de/test/auto/CausalityInterface1.xml
----------------- Instantiating /home/travis/build/icyphy/ptII/ptolemy/domains/de/test/auto/CausalityInterface1.xml
4 ms. Memory: 647168K Free: 204469K (32%)
----------------- Invoking toplevel() on ptolemy.moml.MoMLSimpleApplication@3398e7ce
----------------- Done invoking toplevel() on ptolemy.moml.MoMLSimpleApplication@3398e7ce
reloadAllAccessors: .CausalityInterface1

===========================================================================================
----------------- testing Fri Feb 22 03:07:51 UTC 2019 /home/travis/build/icyphy/ptII/ptolemy/domains/de/test/auto/CausalityInterface15.xml
----------------- Instantiating /home/travis/build/icyphy/ptII/ptolemy/domains/de/test/auto/CausalityInterface15.xml
1 ms. Memory: 647168K Free: 181880K (28%)
----------------- Invoking toplevel() on ptolemy.moml.MoMLSimpleApplication@3d90af99
----------------- Done invoking toplevel() on ptolemy.moml.MoMLSimpleApplication@3d90af99
reloadAllAccessors: .CausalityInterface15

[...]
java.lang.RuntimeException: Execution failed
	at ptolemy.moml.MoMLSimpleApplication$UnloadThread.run(MoMLSimpleApplication.java:402)
Caused by: ptolemy.kernel.util.IllegalActionException: Test fails in iteration 1.
Value was: 1.0. Should have been: 2.0
  in .DirectFeedback.Test
	at ptolemy.actor.lib.Test.fire(Test.java:268)
	at ptolemy.domains.de.kernel.DEDirector._fire(DEDirector.java:1949)
	at ptolemy.domains.de.kernel.DEDirector.fire(DEDirector.java:502)
	at ptolemy.actor.CompositeActor.fire(CompositeActor.java:455)
	at ptolemy.actor.Manager.iterate(Manager.java:851)
	at ptolemy.actor.Manager.execute(Manager.java:369)
	at ptolemy.actor.Manager.run(Manager.java:1263)
	at ptolemy.actor.Manager$PtolemyRunThread.run(Manager.java:1915)
java.lang.RuntimeException: Execution failed
	at ptolemy.moml.MoMLSimpleApplication$UnloadThread.run(MoMLSimpleApplication.java:402)
Caused by: ptolemy.kernel.util.IllegalActionException: Actor is not ready to fire.  Perhaps UpSample.prefire() returned false? Try debugging the actor by selecting "Listen to Actor".  Also, for SDF check moml for tokenConsumptionRate on input.
  in .DESDFClockTest.Play Bell.Copy1:SDF Director and .DESDFClockTest.Play Bell.UpSample
	at ptolemy.actor.sched.StaticSchedulingDirector.fire(StaticSchedulingDirector.java:227)
	at ptolemy.domains.sdf.kernel.SDFDirector.fire(SDFDirector.java:500)
	at ptolemy.actor.CompositeActor.fire(CompositeActor.java:455)
	at ptolemy.domains.de.kernel.DEDirector._fire(DEDirector.java:1949)
	at ptolemy.domains.de.kernel.DEDirector.fire(DEDirector.java:502)
	at ptolemy.actor.CompositeActor.fire(CompositeActor.java:455)
	at ptolemy.actor.Manager.iterate(Manager.java:851)
	at ptolemy.actor.Manager.execute(Manager.java:369)
	at ptolemy.actor.Manager.run(Manager.java:1263)
	at ptolemy.actor.Manager$PtolemyRunThread.run(Manager.java:1915)
java.lang.reflect.InvocationTargetException
	at sun.reflect.NativeConstructorAccessorImpl.newInstance0(Native Method)
	at sun.reflect.NativeConstructorAccessorImpl.newInstance(NativeConstructorAccessorImpl.java:62)
	at sun.reflect.DelegatingConstructorAccessorImpl.newInstance(DelegatingConstructorAccessorImpl.java:45)
	at java.lang.reflect.Constructor.newInstance(Constructor.java:423)
	at ptolemy.util.test.junit.AutoKnownFailedTests.RunModel(AutoKnownFailedTests.java:105)
	at sun.reflect.NativeMethodAccessorImpl.invoke0(Native Method)
	at sun.reflect.NativeMethodAccessorImpl.invoke(NativeMethodAccessorImpl.java:62)
	at sun.reflect.DelegatingMethodAccessorImpl.invoke(DelegatingMethodAccessorImpl.java:43)
	at java.lang.reflect.Method.invoke(Method.java:498)
	at org.junit.runners.model.FrameworkMethod$1.runReflectiveCall(FrameworkMethod.java:44)
	at org.junit.internal.runners.model.ReflectiveCallable.run(ReflectiveCallable.java:15)
	at org.junit.runners.model.FrameworkMethod.invokeExplosively(FrameworkMethod.java:41)
	at junitparams.internal.InvokeParameterisedMethod.evaluate(InvokeParameterisedMethod.java:102)
	at org.junit.internal.runners.statements.FailOnTimeout$1.run(FailOnTimeout.java:28)
Caused by: ptolemy.kernel.util.IllegalActionException: Actor is not ready to fire.  Perhaps UpSample.prefire() returned false? Try debugging the actor by selecting "Listen to Actor".  Also, for SDF check moml for tokenConsumptionRate on input.
  in .DESDFClockTest.Play Bell.Copy1:SDF Director and .DESDFClockTest.Play Bell.UpSample
	at ptolemy.actor.sched.StaticSchedulingDirector.fire(StaticSchedulingDirector.java:227)
	at ptolemy.domains.sdf.kernel.SDFDirector.fire(SDFDirector.java:500)
	at ptolemy.actor.CompositeActor.fire(CompositeActor.java:455)
	at ptolemy.domains.de.kernel.DEDirector._fire(DEDirector.java:1949)
	at ptolemy.domains.de.kernel.DEDirector.fire(DEDirector.java:502)
	at ptolemy.actor.CompositeActor.fire(CompositeActor.java:455)
	at ptolemy.actor.Manager.iterate(Manager.java:851)
	at ptolemy.actor.Manager.execute(Manager.java:369)
	at ptolemy.actor.Manager.run(Manager.java:1263)
	at ptolemy.actor.Manager$PtolemyRunThread.run(Manager.java:1915)
java.lang.RuntimeException: Execution failed
	at ptolemy.moml.MoMLSimpleApplication$UnloadThread.run(MoMLSimpleApplication.java:402)
Caused by: ptolemy.kernel.util.IllegalActionException: Test fails in iteration 1.
Value was: 1.0. Should have been: 2.0
  in .DirectFeedback.Test
	at ptolemy.actor.lib.Test.fire(Test.java:268)
	at ptolemy.domains.de.kernel.DEDirector._fire(DEDirector.java:1949)
	at ptolemy.domains.de.kernel.DEDirector.fire(DEDirector.java:502)
	at ptolemy.actor.CompositeActor.fire(CompositeActor.java:455)
	at ptolemy.actor.Manager.iterate(Manager.java:851)
	at ptolemy.actor.Manager.execute(Manager.java:369)
	at ptolemy.actor.Manager.run(Manager.java:1263)
	at ptolemy.actor.Manager$PtolemyRunThread.run(Manager.java:1915)
java.lang.reflect.InvocationTargetException
	at sun.reflect.NativeConstructorAccessorImpl.newInstance0(Native Method)
	at sun.reflect.NativeConstructorAccessorImpl.newInstance(NativeConstructorAccessorImpl.java:62)
	at sun.reflect.DelegatingConstructorAccessorImpl.newInstance(DelegatingConstructorAccessorImpl.java:45)
	at java.lang.reflect.Constructor.newInstance(Constructor.java:423)
	at ptolemy.util.test.junit.AutoKnownFailedTests.RunModel(AutoKnownFailedTests.java:105)
	at sun.reflect.NativeMethodAccessorImpl.invoke0(Native Method)
	at sun.reflect.NativeMethodAccessorImpl.invoke(NativeMethodAccessorImpl.java:62)
	at sun.reflect.DelegatingMethodAccessorImpl.invoke(DelegatingMethodAccessorImpl.java:43)
	at java.lang.reflect.Method.invoke(Method.java:498)
	at org.junit.runners.model.FrameworkMethod$1.runReflectiveCall(FrameworkMethod.java:44)
	at org.junit.internal.runners.model.ReflectiveCallable.run(ReflectiveCallable.java:15)
	at org.junit.runners.model.FrameworkMethod.invokeExplosively(FrameworkMethod.java:41)
	at junitparams.internal.InvokeParameterisedMethod.evaluate(InvokeParameterisedMethod.java:102)
	at org.junit.internal.runners.statements.FailOnTimeout$1.run(FailOnTimeout.java:28)
Caused by: ptolemy.kernel.util.IllegalActionException: Test fails in iteration 1.
Value was: 1.0. Should have been: 2.0
  in .DirectFeedback.Test
	at ptolemy.actor.lib.Test.fire(Test.java:268)
	at ptolemy.domains.de.kernel.DEDirector._fire(DEDirector.java:1949)
	at ptolemy.domains.de.kernel.DEDirector.fire(DEDirector.java:502)
	at ptolemy.actor.CompositeActor.fire(CompositeActor.java:455)
	at ptolemy.actor.Manager.iterate(Manager.java:851)
	at ptolemy.actor.Manager.execute(Manager.java:369)
	at ptolemy.actor.Manager.run(Manager.java:1263)
	at ptolemy.actor.Manager$PtolemyRunThread.run(Manager.java:1915)
java.lang.RuntimeException: Execution failed
	at ptolemy.moml.MoMLSimpleApplication$UnloadThread.run(MoMLSimpleApplication.java:402)
Caused by: ptolemy.kernel.util.IllegalActionException: Found a zero delay loop containing .HierarchicalModel.A
  in .HierarchicalModel and .HierarchicalModel.A
	at ptolemy.actor.util.CausalityInterfaceForComposites._computeOutputPortDepth(CausalityInterfaceForComposites.java:759)
	at ptolemy.actor.util.CausalityInterfaceForComposites._computeInputDepth(CausalityInterfaceForComposites.java:696)
	at ptolemy.actor.util.CausalityInterfaceForComposites._computeOutputPortDepth(CausalityInterfaceForComposites.java:765)
	at ptolemy.actor.util.CausalityInterfaceForComposites._computeInputDepth(CausalityInterfaceForComposites.java:696)
	at ptolemy.actor.util.CausalityInterfaceForComposites._computeOutputPortDepth(CausalityInterfaceForComposites.java:765)
	at ptolemy.actor.util.CausalityInterfaceForComposites._computeInputDepth(CausalityInterfaceForComposites.java:696)
	at ptolemy.actor.util.CausalityInterfaceForComposites._computeActorDepth(CausalityInterfaceForComposites.java:532)
	at ptolemy.actor.util.CausalityInterfaceForComposites.checkForCycles(CausalityInterfaceForComposites.java:96)
	at ptolemy.domains.de.kernel.DEDirector.preinitialize(DEDirector.java:1338)
	at ptolemy.actor.CompositeActor.preinitialize(CompositeActor.java:1828)
	at ptolemy.actor.Manager.preinitializeAndResolveTypes(Manager.java:1040)
	at ptolemy.actor.Manager.initialize(Manager.java:710)
	at ptolemy.actor.Manager.execute(Manager.java:356)
	at ptolemy.actor.Manager.run(Manager.java:1263)
	at ptolemy.actor.Manager$PtolemyRunThread.run(Manager.java:1915)
java.lang.reflect.InvocationTargetException
	at sun.reflect.NativeConstructorAccessorImpl.newInstance0(Native Method)
	at sun.reflect.NativeConstructorAccessorImpl.newInstance(NativeConstructorAccessorImpl.java:62)
	at sun.reflect.DelegatingConstructorAccessorImpl.newInstance(DelegatingConstructorAccessorImpl.java:45)
	at java.lang.reflect.Constructor.newInstance(Constructor.java:423)
	at ptolemy.util.test.junit.AutoKnownFailedTests.RunModel(AutoKnownFailedTests.java:105)
	at sun.reflect.NativeMethodAccessorImpl.invoke0(Native Method)
	at sun.reflect.NativeMethodAccessorImpl.invoke(NativeMethodAccessorImpl.java:62)
	at sun.reflect.DelegatingMethodAccessorImpl.invoke(DelegatingMethodAccessorImpl.java:43)
	at java.lang.reflect.Method.invoke(Method.java:498)
	at org.junit.runners.model.FrameworkMethod$1.runReflectiveCall(FrameworkMethod.java:44)
	at org.junit.internal.runners.model.ReflectiveCallable.run(ReflectiveCallable.java:15)
	at org.junit.runners.model.FrameworkMethod.invokeExplosively(FrameworkMethod.java:41)
	at junitparams.internal.InvokeParameterisedMethod.evaluate(InvokeParameterisedMethod.java:102)
	at org.junit.internal.runners.statements.FailOnTimeout$1.run(FailOnTimeout.java:28)
Caused by: ptolemy.kernel.util.IllegalActionException: Found a zero delay loop containing .HierarchicalModel.A
  in .HierarchicalModel and .HierarchicalModel.A
	at ptolemy.actor.util.CausalityInterfaceForComposites._computeOutputPortDepth(CausalityInterfaceForComposites.java:759)
	at ptolemy.actor.util.CausalityInterfaceForComposites._computeInputDepth(CausalityInterfaceForComposites.java:696)
	at ptolemy.actor.util.CausalityInterfaceForComposites._computeOutputPortDepth(CausalityInterfaceForComposites.java:765)
	at ptolemy.actor.util.CausalityInterfaceForComposites._computeInputDepth(CausalityInterfaceForComposites.java:696)
	at ptolemy.actor.util.CausalityInterfaceForComposites._computeOutputPortDepth(CausalityInterfaceForComposites.java:765)
	at ptolemy.actor.util.CausalityInterfaceForComposites._computeInputDepth(CausalityInterfaceForComposites.java:696)
	at ptolemy.actor.util.CausalityInterfaceForComposites._computeActorDepth(CausalityInterfaceForComposites.java:532)
	at ptolemy.actor.util.CausalityInterfaceForComposites.checkForCycles(CausalityInterfaceForComposites.java:96)
	at ptolemy.domains.de.kernel.DEDirector.preinitialize(DEDirector.java:1338)
	at ptolemy.actor.CompositeActor.preinitialize(CompositeActor.java:1828)
	at ptolemy.actor.Manager.preinitializeAndResolveTypes(Manager.java:1040)
	at ptolemy.actor.Manager.initialize(Manager.java:710)
	at ptolemy.actor.Manager.execute(Manager.java:356)
	at ptolemy.actor.Manager.run(Manager.java:1263)
	at ptolemy.actor.Manager$PtolemyRunThread.run(Manager.java:1915)
java.lang.RuntimeException: Execution failed
	at ptolemy.moml.MoMLSimpleApplication$UnloadThread.run(MoMLSimpleApplication.java:402)
Caused by: ptolemy.kernel.util.IllegalActionException: Found a zero delay loop containing .dependencyLoop.original
  in .dependencyLoop and .dependencyLoop.original
	at ptolemy.actor.util.CausalityInterfaceForComposites._computeOutputPortDepth(CausalityInterfaceForComposites.java:759)
	at ptolemy.actor.util.CausalityInterfaceForComposites._computeInputDepth(CausalityInterfaceForComposites.java:696)
	at ptolemy.actor.util.CausalityInterfaceForComposites._computeOutputPortDepth(CausalityInterfaceForComposites.java:765)
	at ptolemy.actor.util.CausalityInterfaceForComposites._computeInputDepth(CausalityInterfaceForComposites.java:696)
	at ptolemy.actor.util.CausalityInterfaceForComposites._computeOutputPortDepth(CausalityInterfaceForComposites.java:765)
	at ptolemy.actor.util.CausalityInterfaceForComposites._computeInputDepth(CausalityInterfaceForComposites.java:696)
	at ptolemy.actor.util.CausalityInterfaceForComposites._computeActorDepth(CausalityInterfaceForComposites.java:532)
	at ptolemy.actor.util.CausalityInterfaceForComposites.checkForCycles(CausalityInterfaceForComposites.java:96)
	at ptolemy.domains.de.kernel.DEDirector.preinitialize(DEDirector.java:1338)
	at ptolemy.actor.CompositeActor.preinitialize(CompositeActor.java:1828)
	at ptolemy.actor.Manager.preinitializeAndResolveTypes(Manager.java:1040)
	at ptolemy.actor.Manager.initialize(Manager.java:710)
	at ptolemy.actor.Manager.execute(Manager.java:356)
	at ptolemy.actor.Manager.run(Manager.java:1263)
	at ptolemy.actor.Manager$PtolemyRunThread.run(Manager.java:1915)
java.lang.reflect.InvocationTargetException
	at sun.reflect.NativeConstructorAccessorImpl.newInstance0(Native Method)
	at sun.reflect.NativeConstructorAccessorImpl.newInstance(NativeConstructorAccessorImpl.java:62)
	at sun.reflect.DelegatingConstructorAccessorImpl.newInstance(DelegatingConstructorAccessorImpl.java:45)
	at java.lang.reflect.Constructor.newInstance(Constructor.java:423)
	at ptolemy.util.test.junit.AutoKnownFailedTests.RunModel(AutoKnownFailedTests.java:105)
	at sun.reflect.NativeMethodAccessorImpl.invoke0(Native Method)
	at sun.reflect.NativeMethodAccessorImpl.invoke(NativeMethodAccessorImpl.java:62)
	at sun.reflect.DelegatingMethodAccessorImpl.invoke(DelegatingMethodAccessorImpl.java:43)
	at java.lang.reflect.Method.invoke(Method.java:498)
	at org.junit.runners.model.FrameworkMethod$1.runReflectiveCall(FrameworkMethod.java:44)
	at org.junit.internal.runners.model.ReflectiveCallable.run(ReflectiveCallable.java:15)
	at org.junit.runners.model.FrameworkMethod.invokeExplosively(FrameworkMethod.java:41)
	at junitparams.internal.InvokeParameterisedMethod.evaluate(InvokeParameterisedMethod.java:102)
	at org.junit.internal.runners.statements.FailOnTimeout$1.run(FailOnTimeout.java:28)
Caused by: ptolemy.kernel.util.IllegalActionException: Found a zero delay loop containing .dependencyLoop.original
  in .dependencyLoop and .dependencyLoop.original
	at ptolemy.actor.util.CausalityInterfaceForComposites._computeOutputPortDepth(CausalityInterfaceForComposites.java:759)
	at ptolemy.actor.util.CausalityInterfaceForComposites._computeInputDepth(CausalityInterfaceForComposites.java:696)
	at ptolemy.actor.util.CausalityInterfaceForComposites._computeOutputPortDepth(CausalityInterfaceForComposites.java:765)
	at ptolemy.actor.util.CausalityInterfaceForComposites._computeInputDepth(CausalityInterfaceForComposites.java:696)
	at ptolemy.actor.util.CausalityInterfaceForComposites._computeOutputPortDepth(CausalityInterfaceForComposites.java:765)
	at ptolemy.actor.util.CausalityInterfaceForComposites._computeInputDepth(CausalityInterfaceForComposites.java:696)
	at ptolemy.actor.util.CausalityInterfaceForComposites._computeActorDepth(CausalityInterfaceForComposites.java:532)
	at ptolemy.actor.util.CausalityInterfaceForComposites.checkForCycles(CausalityInterfaceForComposites.java:96)
	at ptolemy.domains.de.kernel.DEDirector.preinitialize(DEDirector.java:1338)
	at ptolemy.actor.CompositeActor.preinitialize(CompositeActor.java:1828)
	at ptolemy.actor.Manager.preinitializeAndResolveTypes(Manager.java:1040)
	at ptolemy.actor.Manager.initialize(Manager.java:710)
	at ptolemy.actor.Manager.execute(Manager.java:356)
	at ptolemy.actor.Manager.run(Manager.java:1263)
	at ptolemy.actor.Manager$PtolemyRunThread.run(Manager.java:1915)
java.lang.RuntimeException: Execution failed
	at ptolemy.moml.MoMLSimpleApplication$UnloadThread.run(MoMLSimpleApplication.java:402)
Caused by: ptolemy.kernel.util.IllegalActionException: Found a zero delay loop containing .dependencyLoop2.original
  in .dependencyLoop2 and .dependencyLoop2.original
	at ptolemy.actor.util.CausalityInterfaceForComposites._computeOutputPortDepth(CausalityInterfaceForComposites.java:759)
	at ptolemy.actor.util.CausalityInterfaceForComposites._computeInputDepth(CausalityInterfaceForComposites.java:696)
	at ptolemy.actor.util.CausalityInterfaceForComposites._computeOutputPortDepth(CausalityInterfaceForComposites.java:765)
	at ptolemy.actor.util.CausalityInterfaceForComposites._computeInputDepth(CausalityInterfaceForComposites.java:696)
	at ptolemy.actor.util.CausalityInterfaceForComposites._computeOutputPortDepth(CausalityInterfaceForComposites.java:765)
	at ptolemy.actor.util.CausalityInterfaceForComposites._computeInputDepth(CausalityInterfaceForComposites.java:696)
	at ptolemy.actor.util.CausalityInterfaceForComposites._computeActorDepth(CausalityInterfaceForComposites.java:532)
	at ptolemy.actor.util.CausalityInterfaceForComposites.checkForCycles(CausalityInterfaceForComposites.java:96)
	at ptolemy.domains.de.kernel.DEDirector.preinitialize(DEDirector.java:1338)
	at ptolemy.actor.CompositeActor.preinitialize(CompositeActor.java:1828)
	at ptolemy.actor.Manager.preinitializeAndResolveTypes(Manager.java:1040)
	at ptolemy.actor.Manager.initialize(Manager.java:710)
	at ptolemy.actor.Manager.execute(Manager.java:356)
	at ptolemy.actor.Manager.run(Manager.java:1263)
	at ptolemy.actor.Manager$PtolemyRunThread.run(Manager.java:1915)
java.lang.reflect.InvocationTargetException
	at sun.reflect.NativeConstructorAccessorImpl.newInstance0(Native Method)
	at sun.reflect.NativeConstructorAccessorImpl.newInstance(NativeConstructorAccessorImpl.java:62)
	at sun.reflect.DelegatingConstructorAccessorImpl.newInstance(DelegatingConstructorAccessorImpl.java:45)
	at java.lang.reflect.Constructor.newInstance(Constructor.java:423)
	at ptolemy.util.test.junit.AutoKnownFailedTests.RunModel(AutoKnownFailedTests.java:105)
	at sun.reflect.NativeMethodAccessorImpl.invoke0(Native Method)
	at sun.reflect.NativeMethodAccessorImpl.invoke(NativeMethodAccessorImpl.java:62)
	at sun.reflect.DelegatingMethodAccessorImpl.invoke(DelegatingMethodAccessorImpl.java:43)
	at java.lang.reflect.Method.invoke(Method.java:498)
	at org.junit.runners.model.FrameworkMethod$1.runReflectiveCall(FrameworkMethod.java:44)
	at org.junit.internal.runners.model.ReflectiveCallable.run(ReflectiveCallable.java:15)
	at org.junit.runners.model.FrameworkMethod.invokeExplosively(FrameworkMethod.java:41)
	at junitparams.internal.InvokeParameterisedMethod.evaluate(InvokeParameterisedMethod.java:102)
	at org.junit.internal.runners.statements.FailOnTimeout$1.run(FailOnTimeout.java:28)
Caused by: ptolemy.kernel.util.IllegalActionException: Found a zero delay loop containing .dependencyLoop2.original
  in .dependencyLoop2 and .dependencyLoop2.original
	at ptolemy.actor.util.CausalityInterfaceForComposites._computeOutputPortDepth(CausalityInterfaceForComposites.java:759)
	at ptolemy.actor.util.CausalityInterfaceForComposites._computeInputDepth(CausalityInterfaceForComposites.java:696)
	at ptolemy.actor.util.CausalityInterfaceForComposites._computeOutputPortDepth(CausalityInterfaceForComposites.java:765)
	at ptolemy.actor.util.CausalityInterfaceForComposites._computeInputDepth(CausalityInterfaceForComposites.java:696)
	at ptolemy.actor.util.CausalityInterfaceForComposites._computeOutputPortDepth(CausalityInterfaceForComposites.java:765)
	at ptolemy.actor.util.CausalityInterfaceForComposites._computeInputDepth(CausalityInterfaceForComposites.java:696)
	at ptolemy.actor.util.CausalityInterfaceForComposites._computeActorDepth(CausalityInterfaceForComposites.java:532)
	at ptolemy.actor.util.CausalityInterfaceForComposites.checkForCycles(CausalityInterfaceForComposites.java:96)
	at ptolemy.domains.de.kernel.DEDirector.preinitialize(DEDirector.java:1338)
	at ptolemy.actor.CompositeActor.preinitialize(CompositeActor.java:1828)
	at ptolemy.actor.Manager.preinitializeAndResolveTypes(Manager.java:1040)
	at ptolemy.actor.Manager.initialize(Manager.java:710)
	at ptolemy.actor.Manager.execute(Manager.java:356)
	at ptolemy.actor.Manager.run(Manager.java:1263)
	at ptolemy.actor.Manager$PtolemyRunThread.run(Manager.java:1915)
]]></system-err>
</testsuite>
