<?xml version="1.0" encoding="UTF-8" ?>
<testsuite errors="0" failures="0" hostname="travis-job-162ee7e2-00ec-4584-9569-22a257178966" name="ptolemy.domains.modal.test.junit.JUnitTclTest" skipped="0" tests="148" time="10.947" timestamp="2019-12-09T06:24:40">
  <properties>
[...]
</properties>
  <testcase classname="ptolemy.util.test.junit.TclTests" name="[0] /home/travis/build/icyphy/ptII/ptolemy/domains/modal/test/SystemLevelType.tcl (RunTclFile)" time="2.093" />
  <testcase classname="ptolemy.util.test.junit.AutoKnownFailedTests" name="[0] /home/travis/build/icyphy/ptII/ptolemy/domains/modal/test/auto/knownFailedTests/CannotAnalysisWithPreemption.xml (RunModel)" time="0.291" />
  <testcase classname="ptolemy.util.test.junit.AutoNameArchTests" name="[0] ThereAreNoAutoArchTests (RunModel)" time="0.008" />
  <testcase classname="ptolemy.util.test.junit.AutoTests" name="[0] /home/travis/build/icyphy/ptII/ptolemy/domains/modal/test/auto/ABPTest.xml (RunModel)" time="0.9" />
  <testcase classname="ptolemy.util.test.junit.AutoTests" name="[1] /home/travis/build/icyphy/ptII/ptolemy/domains/modal/test/auto/ABROFlat.xml (RunModel)" time="0.083" />
  <testcase classname="ptolemy.util.test.junit.AutoTests" name="[2] /home/travis/build/icyphy/ptII/ptolemy/domains/modal/test/auto/ABROFlat2.xml (RunModel)" time="0.078" />
  <testcase classname="ptolemy.util.test.junit.AutoTests" name="[3] /home/travis/build/icyphy/ptII/ptolemy/domains/modal/test/auto/ABRO_present_hmm.xml (RunModel)" time="0.168" />
  <testcase classname="ptolemy.util.test.junit.AutoTests" name="[4] /home/travis/build/icyphy/ptII/ptolemy/domains/modal/test/auto/AMICoderExample.xml (RunModel)" time="0.069" />
  <testcase classname="ptolemy.util.test.junit.AutoTests" name="[5] /home/travis/build/icyphy/ptII/ptolemy/domains/modal/test/auto/AbsentToPresent.xml (RunModel)" time="0.025" />
  <testcase classname="ptolemy.util.test.junit.AutoTests" name="[6] /home/travis/build/icyphy/ptII/ptolemy/domains/modal/test/auto/Blending.xml (RunModel)" time="0.321" />
  <testcase classname="ptolemy.util.test.junit.AutoTests" name="[7] /home/travis/build/icyphy/ptII/ptolemy/domains/modal/test/auto/Broadcast.xml (RunModel)" time="0.07" />
  <testcase classname="ptolemy.util.test.junit.AutoTests" name="[8] /home/travis/build/icyphy/ptII/ptolemy/domains/modal/test/auto/BroadcastHierarchy.xml (RunModel)" time="0.075" />
  <testcase classname="ptolemy.util.test.junit.AutoTests" name="[9] /home/travis/build/icyphy/ptII/ptolemy/domains/modal/test/auto/BroadcastHierarchy2.xml (RunModel)" time="0.131" />
  <testcase classname="ptolemy.util.test.junit.AutoTests" name="[10] /home/travis/build/icyphy/ptII/ptolemy/domains/modal/test/auto/BroadcastHierarchy3.xml (RunModel)" time="0.082" />
  <testcase classname="ptolemy.util.test.junit.AutoTests" name="[11] /home/travis/build/icyphy/ptII/ptolemy/domains/modal/test/auto/BroadcastHierarchy4.xml (RunModel)" time="0.085" />
  <testcase classname="ptolemy.util.test.junit.AutoTests" name="[12] /home/travis/build/icyphy/ptII/ptolemy/domains/modal/test/auto/CannotAnalysisWithPreemption2.xml (RunModel)" time="0.036" />
  <testcase classname="ptolemy.util.test.junit.AutoTests" name="[13] /home/travis/build/icyphy/ptII/ptolemy/domains/modal/test/auto/CannotAnalysisWithPreemption3.xml (RunModel)" time="0.041" />
  <testcase classname="ptolemy.util.test.junit.AutoTests" name="[14] /home/travis/build/icyphy/ptII/ptolemy/domains/modal/test/auto/CannotProduce.xml (RunModel)" time="0.046" />
  <testcase classname="ptolemy.util.test.junit.AutoTests" name="[15] /home/travis/build/icyphy/ptII/ptolemy/domains/modal/test/auto/CannotProduceModal.xml (RunModel)" time="0.031" />
  <testcase classname="ptolemy.util.test.junit.AutoTests" name="[16] /home/travis/build/icyphy/ptII/ptolemy/domains/modal/test/auto/Case.xml (RunModel)" time="0.053" />
  <testcase classname="ptolemy.util.test.junit.AutoTests" name="[17] /home/travis/build/icyphy/ptII/ptolemy/domains/modal/test/auto/Case1.xml (RunModel)" time="0.026" />
  <testcase classname="ptolemy.util.test.junit.AutoTests" name="[18] /home/travis/build/icyphy/ptII/ptolemy/domains/modal/test/auto/Case2.xml (RunModel)" time="0.041" />
  <testcase classname="ptolemy.util.test.junit.AutoTests" name="[19] /home/travis/build/icyphy/ptII/ptolemy/domains/modal/test/auto/CausalityInterface1.xml (RunModel)" time="0.032" />
  <testcase classname="ptolemy.util.test.junit.AutoTests" name="[20] /home/travis/build/icyphy/ptII/ptolemy/domains/modal/test/auto/CausalityInterface10.xml (RunModel)" time="0.047" />
  <testcase classname="ptolemy.util.test.junit.AutoTests" name="[21] /home/travis/build/icyphy/ptII/ptolemy/domains/modal/test/auto/CausalityInterface11.xml (RunModel)" time="0.046" />
  <testcase classname="ptolemy.util.test.junit.AutoTests" name="[22] /home/travis/build/icyphy/ptII/ptolemy/domains/modal/test/auto/CausalityInterface12.xml (RunModel)" time="0.046" />
  <testcase classname="ptolemy.util.test.junit.AutoTests" name="[23] /home/travis/build/icyphy/ptII/ptolemy/domains/modal/test/auto/CausalityInterface13.xml (RunModel)" time="0.06" />
  <testcase classname="ptolemy.util.test.junit.AutoTests" name="[24] /home/travis/build/icyphy/ptII/ptolemy/domains/modal/test/auto/CausalityInterface14.xml (RunModel)" time="0.065" />
  <testcase classname="ptolemy.util.test.junit.AutoTests" name="[25] /home/travis/build/icyphy/ptII/ptolemy/domains/modal/test/auto/CausalityInterface2.xml (RunModel)" time="0.026" />
  <testcase classname="ptolemy.util.test.junit.AutoTests" name="[26] /home/travis/build/icyphy/ptII/ptolemy/domains/modal/test/auto/CausalityInterface3.xml (RunModel)" time="0.021" />
  <testcase classname="ptolemy.util.test.junit.AutoTests" name="[27] /home/travis/build/icyphy/ptII/ptolemy/domains/modal/test/auto/CausalityInterface4.xml (RunModel)" time="0.021" />
  <testcase classname="ptolemy.util.test.junit.AutoTests" name="[28] /home/travis/build/icyphy/ptII/ptolemy/domains/modal/test/auto/CausalityInterface5.xml (RunModel)" time="0.028" />
  <testcase classname="ptolemy.util.test.junit.AutoTests" name="[29] /home/travis/build/icyphy/ptII/ptolemy/domains/modal/test/auto/CausalityInterface6.xml (RunModel)" time="0.034" />
  <testcase classname="ptolemy.util.test.junit.AutoTests" name="[30] /home/travis/build/icyphy/ptII/ptolemy/domains/modal/test/auto/CausalityInterface7.xml (RunModel)" time="0.033" />
  <testcase classname="ptolemy.util.test.junit.AutoTests" name="[31] /home/travis/build/icyphy/ptII/ptolemy/domains/modal/test/auto/CausalityInterface8.xml (RunModel)" time="0.028" />
  <testcase classname="ptolemy.util.test.junit.AutoTests" name="[32] /home/travis/build/icyphy/ptII/ptolemy/domains/modal/test/auto/CausalityInterface9.xml (RunModel)" time="0.032" />
  <testcase classname="ptolemy.util.test.junit.AutoTests" name="[33] /home/travis/build/icyphy/ptII/ptolemy/domains/modal/test/auto/ChainedTransitions.xml (RunModel)" time="0.106" />
  <testcase classname="ptolemy.util.test.junit.AutoTests" name="[34] /home/travis/build/icyphy/ptII/ptolemy/domains/modal/test/auto/CycleOfImmediateTransitionsFSM.xml (RunModel)" time="0.018" />
  <testcase classname="ptolemy.util.test.junit.AutoTests" name="[35] /home/travis/build/icyphy/ptII/ptolemy/domains/modal/test/auto/CycleOfImmediateTransitionsModal.xml (RunModel)" time="0.018" />
  <testcase classname="ptolemy.util.test.junit.AutoTests" name="[36] /home/travis/build/icyphy/ptII/ptolemy/domains/modal/test/auto/CycleOfImmediateTransitionsModal2.xml (RunModel)" time="0.019" />
  <testcase classname="ptolemy.util.test.junit.AutoTests" name="[37] /home/travis/build/icyphy/ptII/ptolemy/domains/modal/test/auto/CycleOfImmediateTransitionsModal3.xml (RunModel)" time="0.074" />
  <testcase classname="ptolemy.util.test.junit.AutoTests" name="[38] /home/travis/build/icyphy/ptII/ptolemy/domains/modal/test/auto/DeepModal1.xml (RunModel)" time="0.061" />
  <testcase classname="ptolemy.util.test.junit.AutoTests" name="[39] /home/travis/build/icyphy/ptII/ptolemy/domains/modal/test/auto/DeepModal2.xml (RunModel)" time="0.058" />
  <testcase classname="ptolemy.util.test.junit.AutoTests" name="[40] /home/travis/build/icyphy/ptII/ptolemy/domains/modal/test/auto/DeepModal3.xml (RunModel)" time="0.063" />
  <testcase classname="ptolemy.util.test.junit.AutoTests" name="[41] /home/travis/build/icyphy/ptII/ptolemy/domains/modal/test/auto/DeepModal4.xml (RunModel)" time="0.071" />
  <testcase classname="ptolemy.util.test.junit.AutoTests" name="[42] /home/travis/build/icyphy/ptII/ptolemy/domains/modal/test/auto/Default1.xml (RunModel)" time="0.022" />
  <testcase classname="ptolemy.util.test.junit.AutoTests" name="[43] /home/travis/build/icyphy/ptII/ptolemy/domains/modal/test/auto/Default2.xml (RunModel)" time="0.022" />
  <testcase classname="ptolemy.util.test.junit.AutoTests" name="[44] /home/travis/build/icyphy/ptII/ptolemy/domains/modal/test/auto/Default3.xml (RunModel)" time="0.034" />
  <testcase classname="ptolemy.util.test.junit.AutoTests" name="[45] /home/travis/build/icyphy/ptII/ptolemy/domains/modal/test/auto/Default4.xml (RunModel)" time="0.028" />
  <testcase classname="ptolemy.util.test.junit.AutoTests" name="[46] /home/travis/build/icyphy/ptII/ptolemy/domains/modal/test/auto/Default5.xml (RunModel)" time="0.027" />
  <testcase classname="ptolemy.util.test.junit.AutoTests" name="[47] /home/travis/build/icyphy/ptII/ptolemy/domains/modal/test/auto/EmptyGuard.xml (RunModel)" time="0.035" />
  <testcase classname="ptolemy.util.test.junit.AutoTests" name="[48] /home/travis/build/icyphy/ptII/ptolemy/domains/modal/test/auto/ErrorTransition1.xml (RunModel)" time="0.027" />
  <testcase classname="ptolemy.util.test.junit.AutoTests" name="[49] /home/travis/build/icyphy/ptII/ptolemy/domains/modal/test/auto/ErrorTransition10.xml (RunModel)" time="0.045" />
  <testcase classname="ptolemy.util.test.junit.AutoTests" name="[50] /home/travis/build/icyphy/ptII/ptolemy/domains/modal/test/auto/ErrorTransition11.xml (RunModel)" time="0.03" />
  <testcase classname="ptolemy.util.test.junit.AutoTests" name="[51] /home/travis/build/icyphy/ptII/ptolemy/domains/modal/test/auto/ErrorTransition2.xml (RunModel)" time="0.024" />
  <testcase classname="ptolemy.util.test.junit.AutoTests" name="[52] /home/travis/build/icyphy/ptII/ptolemy/domains/modal/test/auto/ErrorTransition3.xml (RunModel)" time="0.035" />
  <testcase classname="ptolemy.util.test.junit.AutoTests" name="[53] /home/travis/build/icyphy/ptII/ptolemy/domains/modal/test/auto/ErrorTransition4.xml (RunModel)" time="0.029" />
  <testcase classname="ptolemy.util.test.junit.AutoTests" name="[54] /home/travis/build/icyphy/ptII/ptolemy/domains/modal/test/auto/ErrorTransition5.xml (RunModel)" time="0.028" />
  <testcase classname="ptolemy.util.test.junit.AutoTests" name="[55] /home/travis/build/icyphy/ptII/ptolemy/domains/modal/test/auto/ErrorTransition6.xml (RunModel)" time="0.025" />
  <testcase classname="ptolemy.util.test.junit.AutoTests" name="[56] /home/travis/build/icyphy/ptII/ptolemy/domains/modal/test/auto/ErrorTransition7.xml (RunModel)" time="0.038" />
  <testcase classname="ptolemy.util.test.junit.AutoTests" name="[57] /home/travis/build/icyphy/ptII/ptolemy/domains/modal/test/auto/ErrorTransition8.xml (RunModel)" time="0.053" />
  <testcase classname="ptolemy.util.test.junit.AutoTests" name="[58] /home/travis/build/icyphy/ptII/ptolemy/domains/modal/test/auto/ErrorTransition9.xml (RunModel)" time="0.033" />
  <testcase classname="ptolemy.util.test.junit.AutoTests" name="[59] /home/travis/build/icyphy/ptII/ptolemy/domains/modal/test/auto/ExtendedFSM.xml (RunModel)" time="0.027" />
  <testcase classname="ptolemy.util.test.junit.AutoTests" name="[60] /home/travis/build/icyphy/ptII/ptolemy/domains/modal/test/auto/FinalStates.xml (RunModel)" time="0.024" />
  <testcase classname="ptolemy.util.test.junit.AutoTests" name="[61] /home/travis/build/icyphy/ptII/ptolemy/domains/modal/test/auto/FixedPointFSM.xml (RunModel)" time="0.044" />
  <testcase classname="ptolemy.util.test.junit.AutoTests" name="[62] /home/travis/build/icyphy/ptII/ptolemy/domains/modal/test/auto/FixedPointIterationFSMActor.xml (RunModel)" time="0.03" />
  <testcase classname="ptolemy.util.test.junit.AutoTests" name="[63] /home/travis/build/icyphy/ptII/ptolemy/domains/modal/test/auto/FixedPointIterationFSMActor2.xml (RunModel)" time="0.031" />
  <testcase classname="ptolemy.util.test.junit.AutoTests" name="[64] /home/travis/build/icyphy/ptII/ptolemy/domains/modal/test/auto/ForbiddenInstantanousLoop.xml (RunModel)" time="0.037" />
  <testcase classname="ptolemy.util.test.junit.AutoTests" name="[65] /home/travis/build/icyphy/ptII/ptolemy/domains/modal/test/auto/FunctionDependencyOfFSMActorTest.xml (RunModel)" time="0.032" />
  <testcase classname="ptolemy.util.test.junit.AutoTests" name="[66] /home/travis/build/icyphy/ptII/ptolemy/domains/modal/test/auto/GuardExpression.xml (RunModel)" time="0.014" />
  <testcase classname="ptolemy.util.test.junit.AutoTests" name="[67] /home/travis/build/icyphy/ptII/ptolemy/domains/modal/test/auto/GuardNotEvaluated.xml (RunModel)" time="0.027" />
  <testcase classname="ptolemy.util.test.junit.AutoTests" name="[68] /home/travis/build/icyphy/ptII/ptolemy/domains/modal/test/auto/GuardNotEvaluated2.xml (RunModel)" time="0.029" />
  <testcase classname="ptolemy.util.test.junit.AutoTests" name="[69] /home/travis/build/icyphy/ptII/ptolemy/domains/modal/test/auto/GuardOnAbsent.xml (RunModel)" time="0.033" />
  <testcase classname="ptolemy.util.test.junit.AutoTests" name="[70] /home/travis/build/icyphy/ptII/ptolemy/domains/modal/test/auto/HierarchicalFSMTypeInference.xml (RunModel)" time="0.048" />
  <testcase classname="ptolemy.util.test.junit.AutoTests" name="[71] /home/travis/build/icyphy/ptII/ptolemy/domains/modal/test/auto/Hysteresis.xml (RunModel)" time="0.043" />
  <testcase classname="ptolemy.util.test.junit.AutoTests" name="[72] /home/travis/build/icyphy/ptII/ptolemy/domains/modal/test/auto/HysteresisWithDefault.xml (RunModel)" time="0.07" />
  <testcase classname="ptolemy.util.test.junit.AutoTests" name="[73] /home/travis/build/icyphy/ptII/ptolemy/domains/modal/test/auto/HysteresisWithDefault2.xml (RunModel)" time="0.083" />
  <testcase classname="ptolemy.util.test.junit.AutoTests" name="[74] /home/travis/build/icyphy/ptII/ptolemy/domains/modal/test/auto/ImmediateNonConstructiveness.xml (RunModel)" time="0.018" />
  <testcase classname="ptolemy.util.test.junit.AutoTests" name="[75] /home/travis/build/icyphy/ptII/ptolemy/domains/modal/test/auto/ImmediateNonConstructiveness2.xml (RunModel)" time="0.018" />
  <testcase classname="ptolemy.util.test.junit.AutoTests" name="[76] /home/travis/build/icyphy/ptII/ptolemy/domains/modal/test/auto/ImmediateTransitionReset.xml (RunModel)" time="0.037" />
  <testcase classname="ptolemy.util.test.junit.AutoTests" name="[77] /home/travis/build/icyphy/ptII/ptolemy/domains/modal/test/auto/ImmediateTransitions1.xml (RunModel)" time="0.017" />
  <testcase classname="ptolemy.util.test.junit.AutoTests" name="[78] /home/travis/build/icyphy/ptII/ptolemy/domains/modal/test/auto/ImmediateTransitionsInstantaneousCommunication.xml (RunModel)" time="0.033" />
  <testcase classname="ptolemy.util.test.junit.AutoTests" name="[79] /home/travis/build/icyphy/ptII/ptolemy/domains/modal/test/auto/InitialImmediateTransition.xml (RunModel)" time="0.017" />
  <testcase classname="ptolemy.util.test.junit.AutoTests" name="[80] /home/travis/build/icyphy/ptII/ptolemy/domains/modal/test/auto/InitialOutputs.xml (RunModel)" time="0.014" />
  <testcase classname="ptolemy.util.test.junit.AutoTests" name="[81] /home/travis/build/icyphy/ptII/ptolemy/domains/modal/test/auto/InitialStateTransition1.xml (RunModel)" time="0.03" />
  <testcase classname="ptolemy.util.test.junit.AutoTests" name="[82] /home/travis/build/icyphy/ptII/ptolemy/domains/modal/test/auto/InitialStateTransition2.xml (RunModel)" time="0.021" />
  <testcase classname="ptolemy.util.test.junit.AutoTests" name="[83] /home/travis/build/icyphy/ptII/ptolemy/domains/modal/test/auto/InitialStateTransition3.xml (RunModel)" time="0.027" />
  <testcase classname="ptolemy.util.test.junit.AutoTests" name="[84] /home/travis/build/icyphy/ptII/ptolemy/domains/modal/test/auto/InitialStateTransition4.xml (RunModel)" time="0.026" />
  <testcase classname="ptolemy.util.test.junit.AutoTests" name="[85] /home/travis/build/icyphy/ptII/ptolemy/domains/modal/test/auto/MalformedGuardExpressionNotCaught.xml (RunModel)" time="0.026" />
  <testcase classname="ptolemy.util.test.junit.AutoTests" name="[86] /home/travis/build/icyphy/ptII/ptolemy/domains/modal/test/auto/ModalBSC.xml (RunModel)" time="0.101" />
  <testcase classname="ptolemy.util.test.junit.AutoTests" name="[87] /home/travis/build/icyphy/ptII/ptolemy/domains/modal/test/auto/ModalClocks.xml (RunModel)" time="0.076" />
  <testcase classname="ptolemy.util.test.junit.AutoTests" name="[88] /home/travis/build/icyphy/ptII/ptolemy/domains/modal/test/auto/ModalDelay.xml (RunModel)" time="0.041" />
  <testcase classname="ptolemy.util.test.junit.AutoTests" name="[89] /home/travis/build/icyphy/ptII/ptolemy/domains/modal/test/auto/ModalDelay2.xml (RunModel)" time="0.052" />
  <testcase classname="ptolemy.util.test.junit.AutoTests" name="[90] /home/travis/build/icyphy/ptII/ptolemy/domains/modal/test/auto/ModalModelFromMemo.xml (RunModel)" time="0.051" />
  <testcase classname="ptolemy.util.test.junit.AutoTests" name="[91] /home/travis/build/icyphy/ptII/ptolemy/domains/modal/test/auto/ModalModelWithMultirateTransient.xml (RunModel)" time="0.08" />
  <testcase classname="ptolemy.util.test.junit.AutoTests" name="[92] /home/travis/build/icyphy/ptII/ptolemy/domains/modal/test/auto/ModalModelWithReset.xml (RunModel)" time="0.074" />
  <testcase classname="ptolemy.util.test.junit.AutoTests" name="[93] /home/travis/build/icyphy/ptII/ptolemy/domains/modal/test/auto/MouseClickFSM.xml (RunModel)" time="0.068" />
  <testcase classname="ptolemy.util.test.junit.AutoTests" name="[94] /home/travis/build/icyphy/ptII/ptolemy/domains/modal/test/auto/MouseClickFSMModal.xml (RunModel)" time="0.047" />
  <testcase classname="ptolemy.util.test.junit.AutoTests" name="[95] /home/travis/build/icyphy/ptII/ptolemy/domains/modal/test/auto/NonStrictFSM_FeedbackLoop.xml (RunModel)" time="0.058" />
  <testcase classname="ptolemy.util.test.junit.AutoTests" name="[96] /home/travis/build/icyphy/ptII/ptolemy/domains/modal/test/auto/NonStrictFSM_FeedbackLoop_Refinement.xml (RunModel)" time="0.095" />
  <testcase classname="ptolemy.util.test.junit.AutoTests" name="[97] /home/travis/build/icyphy/ptII/ptolemy/domains/modal/test/auto/NonStrictFSM_FeedbackLoop_preemptive.xml (RunModel)" time="0.054" />
  <testcase classname="ptolemy.util.test.junit.AutoTests" name="[98] /home/travis/build/icyphy/ptII/ptolemy/domains/modal/test/auto/NormalTermination.xml (RunModel)" time="0.045" />
  <testcase classname="ptolemy.util.test.junit.AutoTests" name="[99] /home/travis/build/icyphy/ptII/ptolemy/domains/modal/test/auto/Pong.xml (RunModel)" time="0.055" />
  <testcase classname="ptolemy.util.test.junit.AutoTests" name="[100] /home/travis/build/icyphy/ptII/ptolemy/domains/modal/test/auto/Pong_test.xml (RunModel)" time="0.098" />
  <testcase classname="ptolemy.util.test.junit.AutoTests" name="[101] /home/travis/build/icyphy/ptII/ptolemy/domains/modal/test/auto/PreemptionHierarchy.xml (RunModel)" time="0.029" />
  <testcase classname="ptolemy.util.test.junit.AutoTests" name="[102] /home/travis/build/icyphy/ptII/ptolemy/domains/modal/test/auto/PreemptionHierarchy2.xml (RunModel)" time="0.036" />
  <testcase classname="ptolemy.util.test.junit.AutoTests" name="[103] /home/travis/build/icyphy/ptII/ptolemy/domains/modal/test/auto/PreemptiveTransition.xml (RunModel)" time="0.028" />
  <testcase classname="ptolemy.util.test.junit.AutoTests" name="[104] /home/travis/build/icyphy/ptII/ptolemy/domains/modal/test/auto/Priorities.xml (RunModel)" time="0.091" />
  <testcase classname="ptolemy.util.test.junit.AutoTests" name="[105] /home/travis/build/icyphy/ptII/ptolemy/domains/modal/test/auto/ResetFinal.xml (RunModel)" time="0.048" />
  <testcase classname="ptolemy.util.test.junit.AutoTests" name="[106] /home/travis/build/icyphy/ptII/ptolemy/domains/modal/test/auto/ResetFinal2.xml (RunModel)" time="0.043" />
  <testcase classname="ptolemy.util.test.junit.AutoTests" name="[107] /home/travis/build/icyphy/ptII/ptolemy/domains/modal/test/auto/ResetTransitionWithStartTime.xml (RunModel)" time="0.03" />
  <testcase classname="ptolemy.util.test.junit.AutoTests" name="[108] /home/travis/build/icyphy/ptII/ptolemy/domains/modal/test/auto/SDF-FSMComposite.xml (RunModel)" time="0.025" />
  <testcase classname="ptolemy.util.test.junit.AutoTests" name="[109] /home/travis/build/icyphy/ptII/ptolemy/domains/modal/test/auto/SeeminglyNondeterminate.xml (RunModel)" time="0.068" />
  <testcase classname="ptolemy.util.test.junit.AutoTests" name="[110] /home/travis/build/icyphy/ptII/ptolemy/domains/modal/test/auto/SeeminglyNondeterminate2.xml (RunModel)" time="0.092" />
  <testcase classname="ptolemy.util.test.junit.AutoTests" name="[111] /home/travis/build/icyphy/ptII/ptolemy/domains/modal/test/auto/SpontaneousFSM.xml (RunModel)" time="0.048" />
  <testcase classname="ptolemy.util.test.junit.AutoTests" name="[112] /home/travis/build/icyphy/ptII/ptolemy/domains/modal/test/auto/SpontaneousFSM2.xml (RunModel)" time="0.027" />
  <testcase classname="ptolemy.util.test.junit.AutoTests" name="[113] /home/travis/build/icyphy/ptII/ptolemy/domains/modal/test/auto/SpontaneousFSM3.xml (RunModel)" time="0.041" />
  <testcase classname="ptolemy.util.test.junit.AutoTests" name="[114] /home/travis/build/icyphy/ptII/ptolemy/domains/modal/test/auto/SpontaneousFSM4.xml (RunModel)" time="0.044" />
  <testcase classname="ptolemy.util.test.junit.AutoTests" name="[115] /home/travis/build/icyphy/ptII/ptolemy/domains/modal/test/auto/StateTrackerTest.xml (RunModel)" time="0.057" />
  <testcase classname="ptolemy.util.test.junit.AutoTests" name="[116] /home/travis/build/icyphy/ptII/ptolemy/domains/modal/test/auto/StrongImmediateTransition.xml (RunModel)" time="0.02" />
  <testcase classname="ptolemy.util.test.junit.AutoTests" name="[117] /home/travis/build/icyphy/ptII/ptolemy/domains/modal/test/auto/SustainHierarchy.xml (RunModel)" time="0.029" />
  <testcase classname="ptolemy.util.test.junit.AutoTests" name="[118] /home/travis/build/icyphy/ptII/ptolemy/domains/modal/test/auto/TerminationTransition1.xml (RunModel)" time="0.019" />
  <testcase classname="ptolemy.util.test.junit.AutoTests" name="[119] /home/travis/build/icyphy/ptII/ptolemy/domains/modal/test/auto/TerminationTransition2.xml (RunModel)" time="0.027" />
  <testcase classname="ptolemy.util.test.junit.AutoTests" name="[120] /home/travis/build/icyphy/ptII/ptolemy/domains/modal/test/auto/TerminationTransition3.xml (RunModel)" time="0.022" />
  <testcase classname="ptolemy.util.test.junit.AutoTests" name="[121] /home/travis/build/icyphy/ptII/ptolemy/domains/modal/test/auto/TerminationTransition4.xml (RunModel)" time="0.035" />
  <testcase classname="ptolemy.util.test.junit.AutoTests" name="[122] /home/travis/build/icyphy/ptII/ptolemy/domains/modal/test/auto/TerminationTransition5.xml (RunModel)" time="0.044" />
  <testcase classname="ptolemy.util.test.junit.AutoTests" name="[123] /home/travis/build/icyphy/ptII/ptolemy/domains/modal/test/auto/TerminationTransition6.xml (RunModel)" time="0.022" />
  <testcase classname="ptolemy.util.test.junit.AutoTests" name="[124] /home/travis/build/icyphy/ptII/ptolemy/domains/modal/test/auto/TerminationTransition7.xml (RunModel)" time="0.022" />
  <testcase classname="ptolemy.util.test.junit.AutoTests" name="[125] /home/travis/build/icyphy/ptII/ptolemy/domains/modal/test/auto/TerminationTransition8.xml (RunModel)" time="0.025" />
  <testcase classname="ptolemy.util.test.junit.AutoTests" name="[126] /home/travis/build/icyphy/ptII/ptolemy/domains/modal/test/auto/Thermostat_NoHysteresis.xml (RunModel)" time="0.055" />
  <testcase classname="ptolemy.util.test.junit.AutoTests" name="[127] /home/travis/build/icyphy/ptII/ptolemy/domains/modal/test/auto/TimedFSM.xml (RunModel)" time="0.031" />
  <testcase classname="ptolemy.util.test.junit.AutoTests" name="[128] /home/travis/build/icyphy/ptII/ptolemy/domains/modal/test/auto/Timeout1.xml (RunModel)" time="0.015" />
  <testcase classname="ptolemy.util.test.junit.AutoTests" name="[129] /home/travis/build/icyphy/ptII/ptolemy/domains/modal/test/auto/Timeout2.xml (RunModel)" time="0.018" />
  <testcase classname="ptolemy.util.test.junit.AutoTests" name="[130] /home/travis/build/icyphy/ptII/ptolemy/domains/modal/test/auto/Timeout3.xml (RunModel)" time="0.011" />
  <testcase classname="ptolemy.util.test.junit.AutoTests" name="[131] /home/travis/build/icyphy/ptII/ptolemy/domains/modal/test/auto/Timeout4.xml (RunModel)" time="0.012" />
  <testcase classname="ptolemy.util.test.junit.AutoTests" name="[132] /home/travis/build/icyphy/ptII/ptolemy/domains/modal/test/auto/TransientstateModelAdvanced.xml (RunModel)" time="0.025" />
  <testcase classname="ptolemy.util.test.junit.AutoTests" name="[133] /home/travis/build/icyphy/ptII/ptolemy/domains/modal/test/auto/TransientstateModelAdvanced2.xml (RunModel)" time="0.03" />
  <testcase classname="ptolemy.util.test.junit.AutoTests" name="[134] /home/travis/build/icyphy/ptII/ptolemy/domains/modal/test/auto/TransitionRefinements.xml (RunModel)" time="0.023" />
  <testcase classname="ptolemy.util.test.junit.AutoTests" name="[135] /home/travis/build/icyphy/ptII/ptolemy/domains/modal/test/auto/TwoRefinements1.xml (RunModel)" time="0.025" />
  <testcase classname="ptolemy.util.test.junit.AutoTests" name="[136] /home/travis/build/icyphy/ptII/ptolemy/domains/modal/test/auto/TwoRefinements2.xml (RunModel)" time="0.022" />
  <testcase classname="ptolemy.util.test.junit.AutoTests" name="[137] /home/travis/build/icyphy/ptII/ptolemy/domains/modal/test/auto/WeakImmediateTransition.xml (RunModel)" time="0.028" />
  <testcase classname="ptolemy.util.test.junit.AutoTests" name="[138] /home/travis/build/icyphy/ptII/ptolemy/domains/modal/test/auto/booleanSelect.xml (RunModel)" time="0.092" />
  <testcase classname="ptolemy.util.test.junit.AutoTests" name="[139] /home/travis/build/icyphy/ptII/ptolemy/domains/modal/test/auto/modalChangingParams.xml (RunModel)" time="0.352" />
  <testcase classname="ptolemy.util.test.junit.AutoTests" name="[140] /home/travis/build/icyphy/ptII/ptolemy/domains/modal/test/auto/modalModel.xml (RunModel)" time="0.032" />
  <testcase classname="ptolemy.util.test.junit.AutoTests" name="[141] /home/travis/build/icyphy/ptII/ptolemy/domains/modal/test/auto/modalModel2.xml (RunModel)" time="0.043" />
  <testcase classname="ptolemy.util.test.junit.AutoTests" name="[142] /home/travis/build/icyphy/ptII/ptolemy/domains/modal/test/auto/modalModel3.xml (RunModel)" time="0.046" />
  <testcase classname="ptolemy.util.test.junit.AutoTests" name="[143] /home/travis/build/icyphy/ptII/ptolemy/domains/modal/test/auto/model1.xml (RunModel)" time="0.023" />
  <testcase classname="ptolemy.util.test.junit.AutoTests" name="[144] /home/travis/build/icyphy/ptII/ptolemy/domains/modal/test/auto/test-direct-in-out.xml (RunModel)" time="0.025" />
  <system-out><![CDATA[/home/travis/build/icyphy/ptII/ptolemy/domains/modal/test/SystemLevelType.tcl
testDefs.tcl: setting time out to 9000 seconds at Mon Dec 09 06:24:40 UTC 2019
12/09/19 06:24:42
Failed: 0  Total Tests: 1  ((Passed: 1, Newly Passed: 0)  Known Failed: 0) /home/travis/build/icyphy/ptII/ptolemy/domains/modal/test
----------------- testing (KnownFailure) /home/travis/build/icyphy/ptII/ptolemy/domains/modal/test/auto/knownFailedTests/CannotAnalysisWithPreemption.xml
169 ms. Memory: 120832K Free: 45811K (38%)
Known Failure: java.lang.reflect.InvocationTargetException
No auto/linux-amd64/*.xml tests in /home/travis/build/icyphy/ptII/ptolemy/domains/modal/test
AutoTests.java: About to close Vertx.
AutoTests.java: Vertx closed.

===========================================================================================
----------------- testing Mon Dec 09 06:24:43 UTC 2019 /home/travis/build/icyphy/ptII/ptolemy/domains/modal/test/auto/ABPTest.xml
----------------- Instantiating /home/travis/build/icyphy/ptII/ptolemy/domains/modal/test/auto/ABPTest.xml
426 ms. Memory: 148480K Free: 98811K (67%)
----------------- Invoking toplevel() on ptolemy.moml.MoMLSimpleApplication@5e253059
----------------- Done invoking toplevel() on ptolemy.moml.MoMLSimpleApplication@5e253059
reloadAllAccessors: .ABPTest

===========================================================================================
----------------- testing Mon Dec 09 06:24:44 UTC 2019 /home/travis/build/icyphy/ptII/ptolemy/domains/modal/test/auto/ABROFlat.xml
----------------- Instantiating /home/travis/build/icyphy/ptII/ptolemy/domains/modal/test/auto/ABROFlat.xml
24 ms. Memory: 148480K Free: 82436K (56%)
----------------- Invoking toplevel() on ptolemy.moml.MoMLSimpleApplication@5aff6c05
----------------- Done invoking toplevel() on ptolemy.moml.MoMLSimpleApplication@5aff6c05
reloadAllAccessors: .ABROFlat

===========================================================================================
----------------- testing Mon Dec 09 06:24:44 UTC 2019 /home/travis/build/icyphy/ptII/ptolemy/domains/modal/test/auto/ABROFlat2.xml
----------------- Instantiating /home/travis/build/icyphy/ptII/ptolemy/domains/modal/test/auto/ABROFlat2.xml
22 ms. Memory: 148480K Free: 66051K (44%)
----------------- Invoking toplevel() on ptolemy.moml.MoMLSimpleApplication@6f05b1af
----------------- Done invoking toplevel() on ptolemy.moml.MoMLSimpleApplication@6f05b1af
reloadAllAccessors: .ABROFlat2

===========================================================================================
----------------- testing Mon Dec 09 06:24:44 UTC 2019 /home/travis/build/icyphy/ptII/ptolemy/domains/modal/test/auto/ABRO_present_hmm.xml
----------------- Instantiating /home/travis/build/icyphy/ptII/ptolemy/domains/modal/test/auto/ABRO_present_hmm.xml
25 ms. Memory: 148480K Free: 113309K (76%)
----------------- Invoking toplevel() on ptolemy.moml.MoMLSimpleApplication@5619f81d
----------------- Done invoking toplevel() on ptolemy.moml.MoMLSimpleApplication@5619f81d
reloadAllAccessors: .ABRO_present_hmm

===========================================================================================
----------------- testing Mon Dec 09 06:24:44 UTC 2019 /home/travis/build/icyphy/ptII/ptolemy/domains/modal/test/auto/AMICoderExample.xml
----------------- Instantiating /home/travis/build/icyphy/ptII/ptolemy/domains/modal/test/auto/AMICoderExample.xml
42 ms. Memory: 148480K Free: 103069K (69%)
----------------- Invoking toplevel() on ptolemy.moml.MoMLSimpleApplication@19a961d2
----------------- Done invoking toplevel() on ptolemy.moml.MoMLSimpleApplication@19a961d2
reloadAllAccessors: .AMICoderExample

===========================================================================================
----------------- testing Mon Dec 09 06:24:44 UTC 2019 /home/travis/build/icyphy/ptII/ptolemy/domains/modal/test/auto/AbsentToPresent.xml
----------------- Instantiating /home/travis/build/icyphy/ptII/ptolemy/domains/modal/test/auto/AbsentToPresent.xml
8 ms. Memory: 148480K Free: 98444K (66%)
----------------- Invoking toplevel() on ptolemy.moml.MoMLSimpleApplication@3367f76b
----------------- Done invoking toplevel() on ptolemy.moml.MoMLSimpleApplication@3367f76b
reloadAllAccessors: .AbsentToPresent

===========================================================================================
----------------- testing Mon Dec 09 06:24:44 UTC 2019 /home/travis/build/icyphy/ptII/ptolemy/domains/modal/test/auto/Blending.xml
----------------- Instantiating /home/travis/build/icyphy/ptII/ptolemy/domains/modal/test/auto/Blending.xml
176 ms. Memory: 148480K Free: 53917K (36%)
----------------- Invoking toplevel() on ptolemy.moml.MoMLSimpleApplication@1fa4da30
----------------- Done invoking toplevel() on ptolemy.moml.MoMLSimpleApplication@1fa4da30
reloadAllAccessors: .Blending

===========================================================================================
----------------- testing Mon Dec 09 06:24:45 UTC 2019 /home/travis/build/icyphy/ptII/ptolemy/domains/modal/test/auto/Broadcast.xml
----------------- Instantiating /home/travis/build/icyphy/ptII/ptolemy/domains/modal/test/auto/Broadcast.xml
9 ms. Memory: 188416K Free: 168093K (89%)
----------------- Invoking toplevel() on ptolemy.moml.MoMLSimpleApplication@3a8b9d50
----------------- Done invoking toplevel() on ptolemy.moml.MoMLSimpleApplication@3a8b9d50
reloadAllAccessors: .Broadcast

===========================================================================================
----------------- testing Mon Dec 09 06:24:45 UTC 2019 /home/travis/build/icyphy/ptII/ptolemy/domains/modal/test/auto/BroadcastHierarchy.xml
----------------- Instantiating /home/travis/build/icyphy/ptII/ptolemy/domains/modal/test/auto/BroadcastHierarchy.xml
18 ms. Memory: 188416K Free: 154252K (82%)
----------------- Invoking toplevel() on ptolemy.moml.MoMLSimpleApplication@52ff54ec
----------------- Done invoking toplevel() on ptolemy.moml.MoMLSimpleApplication@52ff54ec
reloadAllAccessors: .BroadcastHierarchy

===========================================================================================
----------------- testing Mon Dec 09 06:24:45 UTC 2019 /home/travis/build/icyphy/ptII/ptolemy/domains/modal/test/auto/BroadcastHierarchy2.xml
----------------- Instantiating /home/travis/build/icyphy/ptII/ptolemy/domains/modal/test/auto/BroadcastHierarchy2.xml
33 ms. Memory: 188416K Free: 127636K (68%)
----------------- Invoking toplevel() on ptolemy.moml.MoMLSimpleApplication@29068c79
----------------- Done invoking toplevel() on ptolemy.moml.MoMLSimpleApplication@29068c79
reloadAllAccessors: .BroadcastHierarchy2

===========================================================================================
----------------- testing Mon Dec 09 06:24:45 UTC 2019 /home/travis/build/icyphy/ptII/ptolemy/domains/modal/test/auto/BroadcastHierarchy3.xml
----------------- Instantiating /home/travis/build/icyphy/ptII/ptolemy/domains/modal/test/auto/BroadcastHierarchy3.xml
20 ms. Memory: 188416K Free: 107677K (57%)
----------------- Invoking toplevel() on ptolemy.moml.MoMLSimpleApplication@5422febf
----------------- Done invoking toplevel() on ptolemy.moml.MoMLSimpleApplication@5422febf
reloadAllAccessors: .BroadcastHierarchy3

===========================================================================================
----------------- testing Mon Dec 09 06:24:45 UTC 2019 /home/travis/build/icyphy/ptII/ptolemy/domains/modal/test/auto/BroadcastHierarchy4.xml
----------------- Instantiating /home/travis/build/icyphy/ptII/ptolemy/domains/modal/test/auto/BroadcastHierarchy4.xml
17 ms. Memory: 188416K Free: 83611K (44%)
----------------- Invoking toplevel() on ptolemy.moml.MoMLSimpleApplication@6d51f469
----------------- Done invoking toplevel() on ptolemy.moml.MoMLSimpleApplication@6d51f469
reloadAllAccessors: .BroadcastHierarchy4

===========================================================================================
----------------- testing Mon Dec 09 06:24:45 UTC 2019 /home/travis/build/icyphy/ptII/ptolemy/domains/modal/test/auto/CannotAnalysisWithPreemption2.xml
----------------- Instantiating /home/travis/build/icyphy/ptII/ptolemy/domains/modal/test/auto/CannotAnalysisWithPreemption2.xml
4 ms. Memory: 188416K Free: 76443K (41%)
----------------- Invoking toplevel() on ptolemy.moml.MoMLSimpleApplication@4a06981b
----------------- Done invoking toplevel() on ptolemy.moml.MoMLSimpleApplication@4a06981b
reloadAllAccessors: .CannotAnalysisWithPreemption2

===========================================================================================
----------------- testing Mon Dec 09 06:24:45 UTC 2019 /home/travis/build/icyphy/ptII/ptolemy/domains/modal/test/auto/CannotAnalysisWithPreemption3.xml
----------------- Instantiating /home/travis/build/icyphy/ptII/ptolemy/domains/modal/test/auto/CannotAnalysisWithPreemption3.xml
6 ms. Memory: 188416K Free: 67220K (36%)
----------------- Invoking toplevel() on ptolemy.moml.MoMLSimpleApplication@8e52e77
----------------- Done invoking toplevel() on ptolemy.moml.MoMLSimpleApplication@8e52e77
reloadAllAccessors: .CannotAnalysisWithPreemption3

===========================================================================================
----------------- testing Mon Dec 09 06:24:45 UTC 2019 /home/travis/build/icyphy/ptII/ptolemy/domains/modal/test/auto/CannotProduce.xml
----------------- Instantiating /home/travis/build/icyphy/ptII/ptolemy/domains/modal/test/auto/CannotProduce.xml
27 ms. Memory: 188416K Free: 169087K (90%)
----------------- Invoking toplevel() on ptolemy.moml.MoMLSimpleApplication@744e6b29
----------------- Done invoking toplevel() on ptolemy.moml.MoMLSimpleApplication@744e6b29
reloadAllAccessors: .CannotProduce

===========================================================================================
----------------- testing Mon Dec 09 06:24:45 UTC 2019 /home/travis/build/icyphy/ptII/ptolemy/domains/modal/test/auto/CannotProduceModal.xml
----------------- Instantiating /home/travis/build/icyphy/ptII/ptolemy/domains/modal/test/auto/CannotProduceModal.xml
9 ms. Memory: 188416K Free: 161682K (86%)
----------------- Invoking toplevel() on ptolemy.moml.MoMLSimpleApplication@34ea6c6c
----------------- Done invoking toplevel() on ptolemy.moml.MoMLSimpleApplication@34ea6c6c
reloadAllAccessors: .CannotProduceModal

===========================================================================================
----------------- testing Mon Dec 09 06:24:45 UTC 2019 /home/travis/build/icyphy/ptII/ptolemy/domains/modal/test/auto/Case.xml
----------------- Instantiating /home/travis/build/icyphy/ptII/ptolemy/domains/modal/test/auto/Case.xml
18 ms. Memory: 188416K Free: 150418K (80%)
----------------- Invoking toplevel() on ptolemy.moml.MoMLSimpleApplication@52bb7249
----------------- Done invoking toplevel() on ptolemy.moml.MoMLSimpleApplication@52bb7249
reloadAllAccessors: .Case

===========================================================================================
----------------- testing Mon Dec 09 06:24:45 UTC 2019 /home/travis/build/icyphy/ptII/ptolemy/domains/modal/test/auto/Case1.xml
----------------- Instantiating /home/travis/build/icyphy/ptII/ptolemy/domains/modal/test/auto/Case1.xml
5 ms. Memory: 188416K Free: 143250K (76%)
----------------- Invoking toplevel() on ptolemy.moml.MoMLSimpleApplication@4a5252b0
----------------- Done invoking toplevel() on ptolemy.moml.MoMLSimpleApplication@4a5252b0
reloadAllAccessors: .Case1

===========================================================================================
----------------- testing Mon Dec 09 06:24:45 UTC 2019 /home/travis/build/icyphy/ptII/ptolemy/domains/modal/test/auto/Case2.xml
----------------- Instantiating /home/travis/build/icyphy/ptII/ptolemy/domains/modal/test/auto/Case2.xml
16 ms. Memory: 188416K Free: 132500K (70%)
----------------- Invoking toplevel() on ptolemy.moml.MoMLSimpleApplication@26ec6e30
----------------- Done invoking toplevel() on ptolemy.moml.MoMLSimpleApplication@26ec6e30
reloadAllAccessors: .Case2

===========================================================================================
----------------- testing Mon Dec 09 06:24:45 UTC 2019 /home/travis/build/icyphy/ptII/ptolemy/domains/modal/test/auto/CausalityInterface1.xml
----------------- Instantiating /home/travis/build/icyphy/ptII/ptolemy/domains/modal/test/auto/CausalityInterface1.xml
4 ms. Memory: 188416K Free: 127380K (68%)
----------------- Invoking toplevel() on ptolemy.moml.MoMLSimpleApplication@e5bd8b4
----------------- Done invoking toplevel() on ptolemy.moml.MoMLSimpleApplication@e5bd8b4
reloadAllAccessors: .CausalityInterface1

===========================================================================================
----------------- testing Mon Dec 09 06:24:45 UTC 2019 /home/travis/build/icyphy/ptII/ptolemy/domains/modal/test/auto/CausalityInterface10.xml
----------------- Instantiating /home/travis/build/icyphy/ptII/ptolemy/domains/modal/test/auto/CausalityInterface10.xml
6 ms. Memory: 188416K Free: 114068K (61%)
----------------- Invoking toplevel() on ptolemy.moml.MoMLSimpleApplication@2e74c9ce
----------------- Done invoking toplevel() on ptolemy.moml.MoMLSimpleApplication@2e74c9ce
reloadAllAccessors: .CausalityInterface10

===========================================================================================
----------------- testing Mon Dec 09 06:24:46 UTC 2019 /home/travis/build/icyphy/ptII/ptolemy/domains/modal/test/auto/CausalityInterface11.xml
----------------- Instantiating /home/travis/build/icyphy/ptII/ptolemy/domains/modal/test/auto/CausalityInterface11.xml
12 ms. Memory: 188416K Free: 100756K (53%)
----------------- Invoking toplevel() on ptolemy.moml.MoMLSimpleApplication@6dadba08
----------------- Done invoking toplevel() on ptolemy.moml.MoMLSimpleApplication@6dadba08
reloadAllAccessors: .CausalityInterface11

===========================================================================================
----------------- testing Mon Dec 09 06:24:46 UTC 2019 /home/travis/build/icyphy/ptII/ptolemy/domains/modal/test/auto/CausalityInterface12.xml
----------------- Instantiating /home/travis/build/icyphy/ptII/ptolemy/domains/modal/test/auto/CausalityInterface12.xml
7 ms. Memory: 188416K Free: 87444K (46%)
----------------- Invoking toplevel() on ptolemy.moml.MoMLSimpleApplication@6c754c3c
----------------- Done invoking toplevel() on ptolemy.moml.MoMLSimpleApplication@6c754c3c
reloadAllAccessors: .CausalityInterface12

===========================================================================================
----------------- testing Mon Dec 09 06:24:46 UTC 2019 /home/travis/build/icyphy/ptII/ptolemy/domains/modal/test/auto/CausalityInterface13.xml
----------------- Instantiating /home/travis/build/icyphy/ptII/ptolemy/domains/modal/test/auto/CausalityInterface13.xml
12 ms. Memory: 188416K Free: 73604K (39%)
----------------- Invoking toplevel() on ptolemy.moml.MoMLSimpleApplication@4a0b85fd
----------------- Done invoking toplevel() on ptolemy.moml.MoMLSimpleApplication@4a0b85fd
reloadAllAccessors: .CausalityInterface13

===========================================================================================
----------------- testing Mon Dec 09 06:24:46 UTC 2019 /home/travis/build/icyphy/ptII/ptolemy/domains/modal/test/auto/CausalityInterface14.xml
----------------- Instantiating /home/travis/build/icyphy/ptII/ptolemy/domains/modal/test/auto/CausalityInterface14.xml
7 ms. Memory: 188416K Free: 167729K (89%)
----------------- Invoking toplevel() on ptolemy.moml.MoMLSimpleApplication@39b47535
----------------- Done invoking toplevel() on ptolemy.moml.MoMLSimpleApplication@39b47535
reloadAllAccessors: .CausalityInterface14

===========================================================================================
----------------- testing Mon Dec 09 06:24:46 UTC 2019 /home/travis/build/icyphy/ptII/ptolemy/domains/modal/test/auto/CausalityInterface2.xml
----------------- Instantiating /home/travis/build/icyphy/ptII/ptolemy/domains/modal/test/auto/CausalityInterface2.xml
3 ms. Memory: 188416K Free: 161065K (85%)
----------------- Invoking toplevel() on ptolemy.moml.MoMLSimpleApplication@61ded79f
----------------- Done invoking toplevel() on ptolemy.moml.MoMLSimpleApplication@61ded79f
reloadAllAccessors: .CausalityInterface2

===========================================================================================
----------------- testing Mon Dec 09 06:24:46 UTC 2019 /home/travis/build/icyphy/ptII/ptolemy/domains/modal/test/auto/CausalityInterface3.xml
----------------- Instantiating /home/travis/build/icyphy/ptII/ptolemy/domains/modal/test/auto/CausalityInterface3.xml
3 ms. Memory: 188416K Free: 154927K (82%)
----------------- Invoking toplevel() on ptolemy.moml.MoMLSimpleApplication@25fb5a3c
----------------- Done invoking toplevel() on ptolemy.moml.MoMLSimpleApplication@25fb5a3c
reloadAllAccessors: .CausalityInterface3

===========================================================================================
----------------- testing Mon Dec 09 06:24:46 UTC 2019 /home/travis/build/icyphy/ptII/ptolemy/domains/modal/test/auto/CausalityInterface4.xml
----------------- Instantiating /home/travis/build/icyphy/ptII/ptolemy/domains/modal/test/auto/CausalityInterface4.xml
3 ms. Memory: 188416K Free: 148273K (79%)
----------------- Invoking toplevel() on ptolemy.moml.MoMLSimpleApplication@5983ebc6
----------------- Done invoking toplevel() on ptolemy.moml.MoMLSimpleApplication@5983ebc6
reloadAllAccessors: .CausalityInterface4

===========================================================================================
----------------- testing Mon Dec 09 06:24:46 UTC 2019 /home/travis/build/icyphy/ptII/ptolemy/domains/modal/test/auto/CausalityInterface5.xml
----------------- Instantiating /home/travis/build/icyphy/ptII/ptolemy/domains/modal/test/auto/CausalityInterface5.xml
3 ms. Memory: 188416K Free: 140081K (74%)
----------------- Invoking toplevel() on ptolemy.moml.MoMLSimpleApplication@6e638ef7
----------------- Done invoking toplevel() on ptolemy.moml.MoMLSimpleApplication@6e638ef7
reloadAllAccessors: .CausalityInterface5

===========================================================================================
----------------- testing Mon Dec 09 06:24:46 UTC 2019 /home/travis/build/icyphy/ptII/ptolemy/domains/modal/test/auto/CausalityInterface6.xml
----------------- Instantiating /home/travis/build/icyphy/ptII/ptolemy/domains/modal/test/auto/CausalityInterface6.xml
7 ms. Memory: 188416K Free: 131889K (70%)
----------------- Invoking toplevel() on ptolemy.moml.MoMLSimpleApplication@19e5481
----------------- Done invoking toplevel() on ptolemy.moml.MoMLSimpleApplication@19e5481
reloadAllAccessors: .CausalityInterface6

===========================================================================================
----------------- testing Mon Dec 09 06:24:46 UTC 2019 /home/travis/build/icyphy/ptII/ptolemy/domains/modal/test/auto/CausalityInterface7.xml
----------------- Instantiating /home/travis/build/icyphy/ptII/ptolemy/domains/modal/test/auto/CausalityInterface7.xml
5 ms. Memory: 188416K Free: 123697K (66%)
----------------- Invoking toplevel() on ptolemy.moml.MoMLSimpleApplication@33a23ce4
----------------- Done invoking toplevel() on ptolemy.moml.MoMLSimpleApplication@33a23ce4
reloadAllAccessors: .CausalityInterface7

===========================================================================================
----------------- testing Mon Dec 09 06:24:46 UTC 2019 /home/travis/build/icyphy/ptII/ptolemy/domains/modal/test/auto/CausalityInterface8.xml
----------------- Instantiating /home/travis/build/icyphy/ptII/ptolemy/domains/modal/test/auto/CausalityInterface8.xml
4 ms. Memory: 188416K Free: 115505K (61%)
----------------- Invoking toplevel() on ptolemy.moml.MoMLSimpleApplication@39672f9
----------------- Done invoking toplevel() on ptolemy.moml.MoMLSimpleApplication@39672f9
reloadAllAccessors: .CausalityInterface8

===========================================================================================
----------------- testing Mon Dec 09 06:24:46 UTC 2019 /home/travis/build/icyphy/ptII/ptolemy/domains/modal/test/auto/CausalityInterface9.xml
----------------- Instantiating /home/travis/build/icyphy/ptII/ptolemy/domains/modal/test/auto/CausalityInterface9.xml
6 ms. Memory: 188416K Free: 106289K (56%)
----------------- Invoking toplevel() on ptolemy.moml.MoMLSimpleApplication@31e9aa2f
----------------- Done invoking toplevel() on ptolemy.moml.MoMLSimpleApplication@31e9aa2f
reloadAllAccessors: .CausalityInterface9

===========================================================================================
----------------- testing Mon Dec 09 06:24:46 UTC 2019 /home/travis/build/icyphy/ptII/ptolemy/domains/modal/test/auto/ChainedTransitions.xml
----------------- Instantiating /home/travis/build/icyphy/ptII/ptolemy/domains/modal/test/auto/ChainedTransitions.xml
58 ms. Memory: 188416K Free: 81713K (43%)
----------------- Invoking toplevel() on ptolemy.moml.MoMLSimpleApplication@2d760198
----------------- Done invoking toplevel() on ptolemy.moml.MoMLSimpleApplication@2d760198
reloadAllAccessors: .ChainedTransitions

===========================================================================================
----------------- testing Mon Dec 09 06:24:46 UTC 2019 /home/travis/build/icyphy/ptII/ptolemy/domains/modal/test/auto/CycleOfImmediateTransitionsFSM.xml
----------------- Instantiating /home/travis/build/icyphy/ptII/ptolemy/domains/modal/test/auto/CycleOfImmediateTransitionsFSM.xml
2 ms. Memory: 188416K Free: 76049K (40%)
----------------- Invoking toplevel() on ptolemy.moml.MoMLSimpleApplication@d4848a3
----------------- Done invoking toplevel() on ptolemy.moml.MoMLSimpleApplication@d4848a3
reloadAllAccessors: .CycleOfImmediateTransitionsFSM

===========================================================================================
----------------- testing Mon Dec 09 06:24:46 UTC 2019 /home/travis/build/icyphy/ptII/ptolemy/domains/modal/test/auto/CycleOfImmediateTransitionsModal.xml
----------------- Instantiating /home/travis/build/icyphy/ptII/ptolemy/domains/modal/test/auto/CycleOfImmediateTransitionsModal.xml
2 ms. Memory: 188416K Free: 69935K (37%)
----------------- Invoking toplevel() on ptolemy.moml.MoMLSimpleApplication@6a60c3f9
----------------- Done invoking toplevel() on ptolemy.moml.MoMLSimpleApplication@6a60c3f9
reloadAllAccessors: .CycleOfImmediateTransitionsModal

===========================================================================================
----------------- testing Mon Dec 09 06:24:46 UTC 2019 /home/travis/build/icyphy/ptII/ptolemy/domains/modal/test/auto/CycleOfImmediateTransitionsModal2.xml
----------------- Instantiating /home/travis/build/icyphy/ptII/ptolemy/domains/modal/test/auto/CycleOfImmediateTransitionsModal2.xml
2 ms. Memory: 188416K Free: 63281K (34%)
----------------- Invoking toplevel() on ptolemy.moml.MoMLSimpleApplication@d6ea851
----------------- Done invoking toplevel() on ptolemy.moml.MoMLSimpleApplication@d6ea851
reloadAllAccessors: .CycleOfImmediateTransitionsModal2

===========================================================================================
----------------- testing Mon Dec 09 06:24:46 UTC 2019 /home/travis/build/icyphy/ptII/ptolemy/domains/modal/test/auto/CycleOfImmediateTransitionsModal3.xml
----------------- Instantiating /home/travis/build/icyphy/ptII/ptolemy/domains/modal/test/auto/CycleOfImmediateTransitionsModal3.xml
5 ms. Memory: 188416K Free: 149386K (79%)
----------------- Invoking toplevel() on ptolemy.moml.MoMLSimpleApplication@3feb8009
----------------- Done invoking toplevel() on ptolemy.moml.MoMLSimpleApplication@3feb8009
reloadAllAccessors: .CycleOfImmediateTransitionsModal3

===========================================================================================
----------------- testing Mon Dec 09 06:24:46 UTC 2019 /home/travis/build/icyphy/ptII/ptolemy/domains/modal/test/auto/DeepModal1.xml
----------------- Instantiating /home/travis/build/icyphy/ptII/ptolemy/domains/modal/test/auto/DeepModal1.xml
33 ms. Memory: 188416K Free: 135578K (72%)
----------------- Invoking toplevel() on ptolemy.moml.MoMLSimpleApplication@48ee64e0
----------------- Done invoking toplevel() on ptolemy.moml.MoMLSimpleApplication@48ee64e0
reloadAllAccessors: .DeepModal1

===========================================================================================
----------------- testing Mon Dec 09 06:24:46 UTC 2019 /home/travis/build/icyphy/ptII/ptolemy/domains/modal/test/auto/DeepModal2.xml
----------------- Instantiating /home/travis/build/icyphy/ptII/ptolemy/domains/modal/test/auto/DeepModal2.xml
22 ms. Memory: 188416K Free: 117146K (62%)
----------------- Invoking toplevel() on ptolemy.moml.MoMLSimpleApplication@4e7e9dee
----------------- Done invoking toplevel() on ptolemy.moml.MoMLSimpleApplication@4e7e9dee
reloadAllAccessors: .DeepModal2

===========================================================================================
----------------- testing Mon Dec 09 06:24:46 UTC 2019 /home/travis/build/icyphy/ptII/ptolemy/domains/modal/test/auto/DeepModal3.xml
----------------- Instantiating /home/travis/build/icyphy/ptII/ptolemy/domains/modal/test/auto/DeepModal3.xml
28 ms. Memory: 188416K Free: 97690K (52%)
----------------- Invoking toplevel() on ptolemy.moml.MoMLSimpleApplication@4da0f566
----------------- Done invoking toplevel() on ptolemy.moml.MoMLSimpleApplication@4da0f566
reloadAllAccessors: .DeepModal3

===========================================================================================
----------------- testing Mon Dec 09 06:24:46 UTC 2019 /home/travis/build/icyphy/ptII/ptolemy/domains/modal/test/auto/DeepModal4.xml
----------------- Instantiating /home/travis/build/icyphy/ptII/ptolemy/domains/modal/test/auto/DeepModal4.xml
30 ms. Memory: 188416K Free: 78234K (42%)
----------------- Invoking toplevel() on ptolemy.moml.MoMLSimpleApplication@c680936
----------------- Done invoking toplevel() on ptolemy.moml.MoMLSimpleApplication@c680936
reloadAllAccessors: .DeepModal4

===========================================================================================
----------------- testing Mon Dec 09 06:24:47 UTC 2019 /home/travis/build/icyphy/ptII/ptolemy/domains/modal/test/auto/Default1.xml
----------------- Instantiating /home/travis/build/icyphy/ptII/ptolemy/domains/modal/test/auto/Default1.xml
2 ms. Memory: 188416K Free: 72090K (38%)
----------------- Invoking toplevel() on ptolemy.moml.MoMLSimpleApplication@17176f4d
----------------- Done invoking toplevel() on ptolemy.moml.MoMLSimpleApplication@17176f4d
reloadAllAccessors: .Default1

===========================================================================================
----------------- testing Mon Dec 09 06:24:47 UTC 2019 /home/travis/build/icyphy/ptII/ptolemy/domains/modal/test/auto/Default2.xml
----------------- Instantiating /home/travis/build/icyphy/ptII/ptolemy/domains/modal/test/auto/Default2.xml
8 ms. Memory: 188416K Free: 66456K (35%)
----------------- Invoking toplevel() on ptolemy.moml.MoMLSimpleApplication@7c49106e
----------------- Done invoking toplevel() on ptolemy.moml.MoMLSimpleApplication@7c49106e
reloadAllAccessors: .Default2

===========================================================================================
----------------- testing Mon Dec 09 06:24:47 UTC 2019 /home/travis/build/icyphy/ptII/ptolemy/domains/modal/test/auto/Default3.xml
----------------- Instantiating /home/travis/build/icyphy/ptII/ptolemy/domains/modal/test/auto/Default3.xml
6 ms. Memory: 226304K Free: 206469K (91%)
----------------- Invoking toplevel() on ptolemy.moml.MoMLSimpleApplication@683fd916
----------------- Done invoking toplevel() on ptolemy.moml.MoMLSimpleApplication@683fd916
reloadAllAccessors: .Default3

===========================================================================================
----------------- testing Mon Dec 09 06:24:47 UTC 2019 /home/travis/build/icyphy/ptII/ptolemy/domains/modal/test/auto/Default4.xml
----------------- Instantiating /home/travis/build/icyphy/ptII/ptolemy/domains/modal/test/auto/Default4.xml
3 ms. Memory: 226304K Free: 200347K (89%)
----------------- Invoking toplevel() on ptolemy.moml.MoMLSimpleApplication@e5e7270
----------------- Done invoking toplevel() on ptolemy.moml.MoMLSimpleApplication@e5e7270
reloadAllAccessors: .Default4

===========================================================================================
----------------- testing Mon Dec 09 06:24:47 UTC 2019 /home/travis/build/icyphy/ptII/ptolemy/domains/modal/test/auto/Default5.xml
----------------- Instantiating /home/travis/build/icyphy/ptII/ptolemy/domains/modal/test/auto/Default5.xml
8 ms. Memory: 226304K Free: 192140K (85%)
----------------- Invoking toplevel() on ptolemy.moml.MoMLSimpleApplication@331bc5be
----------------- Done invoking toplevel() on ptolemy.moml.MoMLSimpleApplication@331bc5be
reloadAllAccessors: .Default5

===========================================================================================
----------------- testing Mon Dec 09 06:24:47 UTC 2019 /home/travis/build/icyphy/ptII/ptolemy/domains/modal/test/auto/EmptyGuard.xml
----------------- Instantiating /home/travis/build/icyphy/ptII/ptolemy/domains/modal/test/auto/EmptyGuard.xml
6 ms. Memory: 226304K Free: 184477K (82%)
----------------- Invoking toplevel() on ptolemy.moml.MoMLSimpleApplication@64bc0823
----------------- Done invoking toplevel() on ptolemy.moml.MoMLSimpleApplication@64bc0823
reloadAllAccessors: .EmptyGuard

===========================================================================================
----------------- testing Mon Dec 09 06:24:47 UTC 2019 /home/travis/build/icyphy/ptII/ptolemy/domains/modal/test/auto/ErrorTransition1.xml
----------------- Instantiating /home/travis/build/icyphy/ptII/ptolemy/domains/modal/test/auto/ErrorTransition1.xml
7 ms. Memory: 226304K Free: 175771K (78%)
----------------- Invoking toplevel() on ptolemy.moml.MoMLSimpleApplication@7318b425
----------------- Done invoking toplevel() on ptolemy.moml.MoMLSimpleApplication@7318b425
reloadAllAccessors: .ErrorTransition1

===========================================================================================
----------------- testing Mon Dec 09 06:24:47 UTC 2019 /home/travis/build/icyphy/ptII/ptolemy/domains/modal/test/auto/ErrorTransition10.xml
----------------- Instantiating /home/travis/build/icyphy/ptII/ptolemy/domains/modal/test/auto/ErrorTransition10.xml
8 ms. Memory: 226304K Free: 162428K (72%)
----------------- Invoking toplevel() on ptolemy.moml.MoMLSimpleApplication@15616df3
----------------- Done invoking toplevel() on ptolemy.moml.MoMLSimpleApplication@15616df3
reloadAllAccessors: .ErrorTransition10

===========================================================================================
----------------- testing Mon Dec 09 06:24:47 UTC 2019 /home/travis/build/icyphy/ptII/ptolemy/domains/modal/test/auto/ErrorTransition11.xml
----------------- Instantiating /home/travis/build/icyphy/ptII/ptolemy/domains/modal/test/auto/ErrorTransition11.xml
4 ms. Memory: 226304K Free: 151195K (67%)
----------------- Invoking toplevel() on ptolemy.moml.MoMLSimpleApplication@13cd6304
----------------- Done invoking toplevel() on ptolemy.moml.MoMLSimpleApplication@13cd6304
reloadAllAccessors: .ErrorTransition11

===========================================================================================
----------------- testing Mon Dec 09 06:24:47 UTC 2019 /home/travis/build/icyphy/ptII/ptolemy/domains/modal/test/auto/ErrorTransition2.xml
----------------- Instantiating /home/travis/build/icyphy/ptII/ptolemy/domains/modal/test/auto/ErrorTransition2.xml
7 ms. Memory: 226304K Free: 142493K (63%)
----------------- Invoking toplevel() on ptolemy.moml.MoMLSimpleApplication@7b3a919e
----------------- Done invoking toplevel() on ptolemy.moml.MoMLSimpleApplication@7b3a919e
reloadAllAccessors: .ErrorTransition2

===========================================================================================
----------------- testing Mon Dec 09 06:24:47 UTC 2019 /home/travis/build/icyphy/ptII/ptolemy/domains/modal/test/auto/ErrorTransition3.xml
----------------- Instantiating /home/travis/build/icyphy/ptII/ptolemy/domains/modal/test/auto/ErrorTransition3.xml
16 ms. Memory: 226304K Free: 132253K (58%)
----------------- Invoking toplevel() on ptolemy.moml.MoMLSimpleApplication@6daee796
----------------- Done invoking toplevel() on ptolemy.moml.MoMLSimpleApplication@6daee796
reloadAllAccessors: .ErrorTransition3

===========================================================================================
----------------- testing Mon Dec 09 06:24:47 UTC 2019 /home/travis/build/icyphy/ptII/ptolemy/domains/modal/test/auto/ErrorTransition4.xml
----------------- Instantiating /home/travis/build/icyphy/ptII/ptolemy/domains/modal/test/auto/ErrorTransition4.xml
7 ms. Memory: 226304K Free: 120989K (53%)
----------------- Invoking toplevel() on ptolemy.moml.MoMLSimpleApplication@40385efd
----------------- Done invoking toplevel() on ptolemy.moml.MoMLSimpleApplication@40385efd
reloadAllAccessors: .ErrorTransition4

===========================================================================================
----------------- testing Mon Dec 09 06:24:47 UTC 2019 /home/travis/build/icyphy/ptII/ptolemy/domains/modal/test/auto/ErrorTransition5.xml
----------------- Instantiating /home/travis/build/icyphy/ptII/ptolemy/domains/modal/test/auto/ErrorTransition5.xml
8 ms. Memory: 226304K Free: 110749K (49%)
----------------- Invoking toplevel() on ptolemy.moml.MoMLSimpleApplication@684e30f
----------------- Done invoking toplevel() on ptolemy.moml.MoMLSimpleApplication@684e30f
reloadAllAccessors: .ErrorTransition5

===========================================================================================
----------------- testing Mon Dec 09 06:24:47 UTC 2019 /home/travis/build/icyphy/ptII/ptolemy/domains/modal/test/auto/ErrorTransition6.xml
----------------- Instantiating /home/travis/build/icyphy/ptII/ptolemy/domains/modal/test/auto/ErrorTransition6.xml
8 ms. Memory: 226304K Free: 99995K (44%)
----------------- Invoking toplevel() on ptolemy.moml.MoMLSimpleApplication@16a135c5
----------------- Done invoking toplevel() on ptolemy.moml.MoMLSimpleApplication@16a135c5
reloadAllAccessors: .ErrorTransition6

===========================================================================================
----------------- testing Mon Dec 09 06:24:47 UTC 2019 /home/travis/build/icyphy/ptII/ptolemy/domains/modal/test/auto/ErrorTransition7.xml
----------------- Instantiating /home/travis/build/icyphy/ptII/ptolemy/domains/modal/test/auto/ErrorTransition7.xml
11 ms. Memory: 226304K Free: 87197K (39%)
----------------- Invoking toplevel() on ptolemy.moml.MoMLSimpleApplication@59bc1569
----------------- Done invoking toplevel() on ptolemy.moml.MoMLSimpleApplication@59bc1569
reloadAllAccessors: .ErrorTransition7

===========================================================================================
----------------- testing Mon Dec 09 06:24:47 UTC 2019 /home/travis/build/icyphy/ptII/ptolemy/domains/modal/test/auto/ErrorTransition8.xml
----------------- Instantiating /home/travis/build/icyphy/ptII/ptolemy/domains/modal/test/auto/ErrorTransition8.xml
31 ms. Memory: 226304K Free: 204533K (90%)
----------------- Invoking toplevel() on ptolemy.moml.MoMLSimpleApplication@71326129
----------------- Done invoking toplevel() on ptolemy.moml.MoMLSimpleApplication@71326129
reloadAllAccessors: .ErrorTransition8

===========================================================================================
----------------- testing Mon Dec 09 06:24:47 UTC 2019 /home/travis/build/icyphy/ptII/ptolemy/domains/modal/test/auto/ErrorTransition9.xml
----------------- Instantiating /home/travis/build/icyphy/ptII/ptolemy/domains/modal/test/auto/ErrorTransition9.xml
12 ms. Memory: 226304K Free: 190677K (84%)
----------------- Invoking toplevel() on ptolemy.moml.MoMLSimpleApplication@39d534f2
----------------- Done invoking toplevel() on ptolemy.moml.MoMLSimpleApplication@39d534f2
reloadAllAccessors: .ErrorTransition9

===========================================================================================
----------------- testing Mon Dec 09 06:24:47 UTC 2019 /home/travis/build/icyphy/ptII/ptolemy/domains/modal/test/auto/ExtendedFSM.xml
----------------- Instantiating /home/travis/build/icyphy/ptII/ptolemy/domains/modal/test/auto/ExtendedFSM.xml
7 ms. Memory: 226304K Free: 182005K (80%)
----------------- Invoking toplevel() on ptolemy.moml.MoMLSimpleApplication@302cbfb2
----------------- Done invoking toplevel() on ptolemy.moml.MoMLSimpleApplication@302cbfb2
reloadAllAccessors: .ExtendedFSM

===========================================================================================
----------------- testing Mon Dec 09 06:24:47 UTC 2019 /home/travis/build/icyphy/ptII/ptolemy/domains/modal/test/auto/FinalStates.xml
----------------- Instantiating /home/travis/build/icyphy/ptII/ptolemy/domains/modal/test/auto/FinalStates.xml
8 ms. Memory: 226304K Free: 173813K (77%)
----------------- Invoking toplevel() on ptolemy.moml.MoMLSimpleApplication@3e76752d
----------------- Done invoking toplevel() on ptolemy.moml.MoMLSimpleApplication@3e76752d
reloadAllAccessors: .FinalStates

===========================================================================================
----------------- testing Mon Dec 09 06:24:47 UTC 2019 /home/travis/build/icyphy/ptII/ptolemy/domains/modal/test/auto/FixedPointFSM.xml
----------------- Instantiating /home/travis/build/icyphy/ptII/ptolemy/domains/modal/test/auto/FixedPointFSM.xml
21 ms. Memory: 226304K Free: 158957K (70%)
----------------- Invoking toplevel() on ptolemy.moml.MoMLSimpleApplication@1d8a55ae
----------------- Done invoking toplevel() on ptolemy.moml.MoMLSimpleApplication@1d8a55ae
reloadAllAccessors: .FixedPointFSM

===========================================================================================
----------------- testing Mon Dec 09 06:24:47 UTC 2019 /home/travis/build/icyphy/ptII/ptolemy/domains/modal/test/auto/FixedPointIterationFSMActor.xml
----------------- Instantiating /home/travis/build/icyphy/ptII/ptolemy/domains/modal/test/auto/FixedPointIterationFSMActor.xml
7 ms. Memory: 226304K Free: 148717K (66%)
----------------- Invoking toplevel() on ptolemy.moml.MoMLSimpleApplication@7f1b8c43
----------------- Done invoking toplevel() on ptolemy.moml.MoMLSimpleApplication@7f1b8c43
reloadAllAccessors: .FixedPointIterationFSMActor

===========================================================================================
----------------- testing Mon Dec 09 06:24:47 UTC 2019 /home/travis/build/icyphy/ptII/ptolemy/domains/modal/test/auto/FixedPointIterationFSMActor2.xml
----------------- Instantiating /home/travis/build/icyphy/ptII/ptolemy/domains/modal/test/auto/FixedPointIterationFSMActor2.xml
13 ms. Memory: 226304K Free: 136429K (60%)
----------------- Invoking toplevel() on ptolemy.moml.MoMLSimpleApplication@1522b562
----------------- Done invoking toplevel() on ptolemy.moml.MoMLSimpleApplication@1522b562
reloadAllAccessors: .FixedPointIterationFSMActor2

===========================================================================================
----------------- testing Mon Dec 09 06:24:47 UTC 2019 /home/travis/build/icyphy/ptII/ptolemy/domains/modal/test/auto/ForbiddenInstantanousLoop.xml
----------------- Instantiating /home/travis/build/icyphy/ptII/ptolemy/domains/modal/test/auto/ForbiddenInstantanousLoop.xml
8 ms. Memory: 226304K Free: 124629K (55%)
----------------- Invoking toplevel() on ptolemy.moml.MoMLSimpleApplication@2c5703c2
----------------- Done invoking toplevel() on ptolemy.moml.MoMLSimpleApplication@2c5703c2
reloadAllAccessors: .ForbiddenInstantanousLoop

===========================================================================================
----------------- testing Mon Dec 09 06:24:47 UTC 2019 /home/travis/build/icyphy/ptII/ptolemy/domains/modal/test/auto/FunctionDependencyOfFSMActorTest.xml
----------------- Instantiating /home/travis/build/icyphy/ptII/ptolemy/domains/modal/test/auto/FunctionDependencyOfFSMActorTest.xml
8 ms. Memory: 226304K Free: 117493K (52%)
----------------- Invoking toplevel() on ptolemy.moml.MoMLSimpleApplication@6fefa0d1
----------------- Done invoking toplevel() on ptolemy.moml.MoMLSimpleApplication@6fefa0d1
reloadAllAccessors: .FunctionDependencyOfFSMActorTest

===========================================================================================
----------------- testing Mon Dec 09 06:24:47 UTC 2019 /home/travis/build/icyphy/ptII/ptolemy/domains/modal/test/auto/GuardExpression.xml
----------------- Instantiating /home/travis/build/icyphy/ptII/ptolemy/domains/modal/test/auto/GuardExpression.xml
2 ms. Memory: 226304K Free: 112373K (50%)
----------------- Invoking toplevel() on ptolemy.moml.MoMLSimpleApplication@2bc9e597
----------------- Done invoking toplevel() on ptolemy.moml.MoMLSimpleApplication@2bc9e597
reloadAllAccessors: .GuardExpression

===========================================================================================
----------------- testing Mon Dec 09 06:24:47 UTC 2019 /home/travis/build/icyphy/ptII/ptolemy/domains/modal/test/auto/GuardNotEvaluated.xml
----------------- Instantiating /home/travis/build/icyphy/ptII/ptolemy/domains/modal/test/auto/GuardNotEvaluated.xml
7 ms. Memory: 226304K Free: 103653K (46%)
----------------- Invoking toplevel() on ptolemy.moml.MoMLSimpleApplication@70518106
----------------- Done invoking toplevel() on ptolemy.moml.MoMLSimpleApplication@70518106
reloadAllAccessors: .GuardNotEvaluated

===========================================================================================
----------------- testing Mon Dec 09 06:24:47 UTC 2019 /home/travis/build/icyphy/ptII/ptolemy/domains/modal/test/auto/GuardNotEvaluated2.xml
----------------- Instantiating /home/travis/build/icyphy/ptII/ptolemy/domains/modal/test/auto/GuardNotEvaluated2.xml
9 ms. Memory: 226304K Free: 93941K (42%)
----------------- Invoking toplevel() on ptolemy.moml.MoMLSimpleApplication@258abba8
----------------- Done invoking toplevel() on ptolemy.moml.MoMLSimpleApplication@258abba8
reloadAllAccessors: .GuardNotEvaluated2

===========================================================================================
----------------- testing Mon Dec 09 06:24:47 UTC 2019 /home/travis/build/icyphy/ptII/ptolemy/domains/modal/test/auto/GuardOnAbsent.xml
----------------- Instantiating /home/travis/build/icyphy/ptII/ptolemy/domains/modal/test/auto/GuardOnAbsent.xml
9 ms. Memory: 226304K Free: 86229K (38%)
----------------- Invoking toplevel() on ptolemy.moml.MoMLSimpleApplication@244ae28b
----------------- Done invoking toplevel() on ptolemy.moml.MoMLSimpleApplication@244ae28b
reloadAllAccessors: .GuardOnAbsent

===========================================================================================
----------------- testing Mon Dec 09 06:24:47 UTC 2019 /home/travis/build/icyphy/ptII/ptolemy/domains/modal/test/auto/HierarchicalFSMTypeInference.xml
----------------- Instantiating /home/travis/build/icyphy/ptII/ptolemy/domains/modal/test/auto/HierarchicalFSMTypeInference.xml
6 ms. Memory: 226304K Free: 205709K (91%)
----------------- Invoking toplevel() on ptolemy.moml.MoMLSimpleApplication@40688f77
----------------- Done invoking toplevel() on ptolemy.moml.MoMLSimpleApplication@40688f77
reloadAllAccessors: .HierarchicalFSMTypeInference

===========================================================================================
----------------- testing Mon Dec 09 06:24:47 UTC 2019 /home/travis/build/icyphy/ptII/ptolemy/domains/modal/test/auto/Hysteresis.xml
----------------- Instantiating /home/travis/build/icyphy/ptII/ptolemy/domains/modal/test/auto/Hysteresis.xml
15 ms. Memory: 226304K Free: 192387K (85%)
----------------- Invoking toplevel() on ptolemy.moml.MoMLSimpleApplication@2bfa3586
----------------- Done invoking toplevel() on ptolemy.moml.MoMLSimpleApplication@2bfa3586
reloadAllAccessors: .Hysteresis

===========================================================================================
----------------- testing Mon Dec 09 06:24:48 UTC 2019 /home/travis/build/icyphy/ptII/ptolemy/domains/modal/test/auto/HysteresisWithDefault.xml
----------------- Instantiating /home/travis/build/icyphy/ptII/ptolemy/domains/modal/test/auto/HysteresisWithDefault.xml
41 ms. Memory: 226304K Free: 169363K (75%)
----------------- Invoking toplevel() on ptolemy.moml.MoMLSimpleApplication@2d462c6e
----------------- Done invoking toplevel() on ptolemy.moml.MoMLSimpleApplication@2d462c6e
reloadAllAccessors: .HysteresisWithDefault

===========================================================================================
----------------- testing Mon Dec 09 06:24:48 UTC 2019 /home/travis/build/icyphy/ptII/ptolemy/domains/modal/test/auto/HysteresisWithDefault2.xml
----------------- Instantiating /home/travis/build/icyphy/ptII/ptolemy/domains/modal/test/auto/HysteresisWithDefault2.xml
53 ms. Memory: 226304K Free: 139667K (62%)
----------------- Invoking toplevel() on ptolemy.moml.MoMLSimpleApplication@20df1778
----------------- Done invoking toplevel() on ptolemy.moml.MoMLSimpleApplication@20df1778
reloadAllAccessors: .HysteresisWithDefault2

===========================================================================================
----------------- testing Mon Dec 09 06:24:48 UTC 2019 /home/travis/build/icyphy/ptII/ptolemy/domains/modal/test/auto/ImmediateNonConstructiveness.xml
----------------- Instantiating /home/travis/build/icyphy/ptII/ptolemy/domains/modal/test/auto/ImmediateNonConstructiveness.xml
3 ms. Memory: 226304K Free: 132499K (59%)
----------------- Invoking toplevel() on ptolemy.moml.MoMLSimpleApplication@29bca6cc
----------------- Done invoking toplevel() on ptolemy.moml.MoMLSimpleApplication@29bca6cc
reloadAllAccessors: .ImmediateNonConstructiveness

===========================================================================================
----------------- testing Mon Dec 09 06:24:48 UTC 2019 /home/travis/build/icyphy/ptII/ptolemy/domains/modal/test/auto/ImmediateNonConstructiveness2.xml
----------------- Instantiating /home/travis/build/icyphy/ptII/ptolemy/domains/modal/test/auto/ImmediateNonConstructiveness2.xml
3 ms. Memory: 226304K Free: 125841K (56%)
----------------- Invoking toplevel() on ptolemy.moml.MoMLSimpleApplication@ce411fd
----------------- Done invoking toplevel() on ptolemy.moml.MoMLSimpleApplication@ce411fd
reloadAllAccessors: .ImmediateNonConstructiveness2

===========================================================================================
----------------- testing Mon Dec 09 06:24:48 UTC 2019 /home/travis/build/icyphy/ptII/ptolemy/domains/modal/test/auto/ImmediateTransitionReset.xml
----------------- Instantiating /home/travis/build/icyphy/ptII/ptolemy/domains/modal/test/auto/ImmediateTransitionReset.xml
10 ms. Memory: 226304K Free: 114067K (50%)
----------------- Invoking toplevel() on ptolemy.moml.MoMLSimpleApplication@5653a1d
----------------- Done invoking toplevel() on ptolemy.moml.MoMLSimpleApplication@5653a1d
reloadAllAccessors: .ImmediateTransitionReset

===========================================================================================
----------------- testing Mon Dec 09 06:24:48 UTC 2019 /home/travis/build/icyphy/ptII/ptolemy/domains/modal/test/auto/ImmediateTransitions1.xml
----------------- Instantiating /home/travis/build/icyphy/ptII/ptolemy/domains/modal/test/auto/ImmediateTransitions1.xml
2 ms. Memory: 226304K Free: 108947K (48%)
----------------- Invoking toplevel() on ptolemy.moml.MoMLSimpleApplication@68a5bed7
----------------- Done invoking toplevel() on ptolemy.moml.MoMLSimpleApplication@68a5bed7
reloadAllAccessors: .ImmediateTransitions1

===========================================================================================
----------------- testing Mon Dec 09 06:24:48 UTC 2019 /home/travis/build/icyphy/ptII/ptolemy/domains/modal/test/auto/ImmediateTransitionsInstantaneousCommunication.xml
----------------- Instantiating /home/travis/build/icyphy/ptII/ptolemy/domains/modal/test/auto/ImmediateTransitionsInstantaneousCommunication.xml
4 ms. Memory: 226304K Free: 96659K (43%)
----------------- Invoking toplevel() on ptolemy.moml.MoMLSimpleApplication@5f94c63f
----------------- Done invoking toplevel() on ptolemy.moml.MoMLSimpleApplication@5f94c63f
reloadAllAccessors: .ImmediateTransitionsInstantaneousCommunication

===========================================================================================
----------------- testing Mon Dec 09 06:24:48 UTC 2019 /home/travis/build/icyphy/ptII/ptolemy/domains/modal/test/auto/InitialImmediateTransition.xml
----------------- Instantiating /home/travis/build/icyphy/ptII/ptolemy/domains/modal/test/auto/InitialImmediateTransition.xml
4 ms. Memory: 226304K Free: 89491K (40%)
----------------- Invoking toplevel() on ptolemy.moml.MoMLSimpleApplication@7de7fdea
----------------- Done invoking toplevel() on ptolemy.moml.MoMLSimpleApplication@7de7fdea
reloadAllAccessors: .InitialImmediateTransition

===========================================================================================
----------------- testing Mon Dec 09 06:24:48 UTC 2019 /home/travis/build/icyphy/ptII/ptolemy/domains/modal/test/auto/InitialOutputs.xml
----------------- Instantiating /home/travis/build/icyphy/ptII/ptolemy/domains/modal/test/auto/InitialOutputs.xml
3 ms. Memory: 226304K Free: 83347K (37%)
----------------- Invoking toplevel() on ptolemy.moml.MoMLSimpleApplication@364636ce
----------------- Done invoking toplevel() on ptolemy.moml.MoMLSimpleApplication@364636ce
reloadAllAccessors: .InitialOutputs

===========================================================================================
----------------- testing Mon Dec 09 06:24:48 UTC 2019 /home/travis/build/icyphy/ptII/ptolemy/domains/modal/test/auto/InitialStateTransition1.xml
----------------- Instantiating /home/travis/build/icyphy/ptII/ptolemy/domains/modal/test/auto/InitialStateTransition1.xml
2 ms. Memory: 226304K Free: 206311K (91%)
----------------- Invoking toplevel() on ptolemy.moml.MoMLSimpleApplication@292539a9
----------------- Done invoking toplevel() on ptolemy.moml.MoMLSimpleApplication@292539a9
reloadAllAccessors: .InitialStateTransition1

===========================================================================================
----------------- testing Mon Dec 09 06:24:48 UTC 2019 /home/travis/build/icyphy/ptII/ptolemy/domains/modal/test/auto/InitialStateTransition2.xml
----------------- Instantiating /home/travis/build/icyphy/ptII/ptolemy/domains/modal/test/auto/InitialStateTransition2.xml
.InitialStateTransition2.TestExceptionAttributeNonConstructive: initialize() was not invoked, but wrapup() was.  This is unusual, but not always a problem.  For example, exporting JNLP will do this.
1 ms. Memory: 226304K Free: 198975K (88%)
----------------- Invoking toplevel() on ptolemy.moml.MoMLSimpleApplication@eeb5526
----------------- Done invoking toplevel() on ptolemy.moml.MoMLSimpleApplication@eeb5526
reloadAllAccessors: .InitialStateTransition2

===========================================================================================
----------------- testing Mon Dec 09 06:24:48 UTC 2019 /home/travis/build/icyphy/ptII/ptolemy/domains/modal/test/auto/InitialStateTransition3.xml
----------------- Instantiating /home/travis/build/icyphy/ptII/ptolemy/domains/modal/test/auto/InitialStateTransition3.xml
4 ms. Memory: 226304K Free: 190269K (84%)
----------------- Invoking toplevel() on ptolemy.moml.MoMLSimpleApplication@6676eee0
----------------- Done invoking toplevel() on ptolemy.moml.MoMLSimpleApplication@6676eee0
reloadAllAccessors: .InitialStateTransition3

===========================================================================================
----------------- testing Mon Dec 09 06:24:48 UTC 2019 /home/travis/build/icyphy/ptII/ptolemy/domains/modal/test/auto/InitialStateTransition4.xml
----------------- Instantiating /home/travis/build/icyphy/ptII/ptolemy/domains/modal/test/auto/InitialStateTransition4.xml
3 ms. Memory: 226304K Free: 181053K (80%)
----------------- Invoking toplevel() on ptolemy.moml.MoMLSimpleApplication@15a2e29b
----------------- Done invoking toplevel() on ptolemy.moml.MoMLSimpleApplication@15a2e29b
[...]
reloadAllAccessors: .TerminationTransition3

===========================================================================================
----------------- testing Mon Dec 09 06:24:50 UTC 2019 /home/travis/build/icyphy/ptII/ptolemy/domains/modal/test/auto/TerminationTransition4.xml
----------------- Instantiating /home/travis/build/icyphy/ptII/ptolemy/domains/modal/test/auto/TerminationTransition4.xml
6 ms. Memory: 282624K Free: 112237K (40%)
----------------- Invoking toplevel() on ptolemy.moml.MoMLSimpleApplication@83b9c91
----------------- Done invoking toplevel() on ptolemy.moml.MoMLSimpleApplication@83b9c91
reloadAllAccessors: .TerminationTransition4

===========================================================================================
----------------- testing Mon Dec 09 06:24:50 UTC 2019 /home/travis/build/icyphy/ptII/ptolemy/domains/modal/test/auto/TerminationTransition5.xml
----------------- Instantiating /home/travis/build/icyphy/ptII/ptolemy/domains/modal/test/auto/TerminationTransition5.xml
13 ms. Memory: 282624K Free: 262861K (93%)
----------------- Invoking toplevel() on ptolemy.moml.MoMLSimpleApplication@25cf35de
----------------- Done invoking toplevel() on ptolemy.moml.MoMLSimpleApplication@25cf35de
reloadAllAccessors: .TerminationTransition5

===========================================================================================
----------------- testing Mon Dec 09 06:24:50 UTC 2019 /home/travis/build/icyphy/ptII/ptolemy/domains/modal/test/auto/TerminationTransition6.xml
----------------- Instantiating /home/travis/build/icyphy/ptII/ptolemy/domains/modal/test/auto/TerminationTransition6.xml
1 ms. Memory: 282624K Free: 254159K (90%)
----------------- Invoking toplevel() on ptolemy.moml.MoMLSimpleApplication@49b363e2
----------------- Done invoking toplevel() on ptolemy.moml.MoMLSimpleApplication@49b363e2
reloadAllAccessors: .TerminationTransition6

===========================================================================================
----------------- testing Mon Dec 09 06:24:50 UTC 2019 /home/travis/build/icyphy/ptII/ptolemy/domains/modal/test/auto/TerminationTransition7.xml
----------------- Instantiating /home/travis/build/icyphy/ptII/ptolemy/domains/modal/test/auto/TerminationTransition7.xml
2 ms. Memory: 282624K Free: 244943K (87%)
----------------- Invoking toplevel() on ptolemy.moml.MoMLSimpleApplication@1b40b050
----------------- Done invoking toplevel() on ptolemy.moml.MoMLSimpleApplication@1b40b050
reloadAllAccessors: .TerminationTransition7

===========================================================================================
----------------- testing Mon Dec 09 06:24:50 UTC 2019 /home/travis/build/icyphy/ptII/ptolemy/domains/modal/test/auto/TerminationTransition8.xml
----------------- Instantiating /home/travis/build/icyphy/ptII/ptolemy/domains/modal/test/auto/TerminationTransition8.xml
2 ms. Memory: 282624K Free: 235213K (83%)
----------------- Invoking toplevel() on ptolemy.moml.MoMLSimpleApplication@1bf4ba45
----------------- Done invoking toplevel() on ptolemy.moml.MoMLSimpleApplication@1bf4ba45
reloadAllAccessors: .TerminationTransition8

===========================================================================================
----------------- testing Mon Dec 09 06:24:50 UTC 2019 /home/travis/build/icyphy/ptII/ptolemy/domains/modal/test/auto/Thermostat_NoHysteresis.xml
----------------- Instantiating /home/travis/build/icyphy/ptII/ptolemy/domains/modal/test/auto/Thermostat_NoHysteresis.xml
26 ms. Memory: 282624K Free: 210637K (75%)
----------------- Invoking toplevel() on ptolemy.moml.MoMLSimpleApplication@71f59307
----------------- Done invoking toplevel() on ptolemy.moml.MoMLSimpleApplication@71f59307
reloadAllAccessors: .Thermostat_NoHysteresis

===========================================================================================
----------------- testing Mon Dec 09 06:24:50 UTC 2019 /home/travis/build/icyphy/ptII/ptolemy/domains/modal/test/auto/TimedFSM.xml
----------------- Instantiating /home/travis/build/icyphy/ptII/ptolemy/domains/modal/test/auto/TimedFSM.xml
8 ms. Memory: 282624K Free: 198863K (70%)
----------------- Invoking toplevel() on ptolemy.moml.MoMLSimpleApplication@5ae4474e
----------------- Done invoking toplevel() on ptolemy.moml.MoMLSimpleApplication@5ae4474e
reloadAllAccessors: .TimedFSM

===========================================================================================
----------------- testing Mon Dec 09 06:24:50 UTC 2019 /home/travis/build/icyphy/ptII/ptolemy/domains/modal/test/auto/Timeout1.xml
----------------- Instantiating /home/travis/build/icyphy/ptII/ptolemy/domains/modal/test/auto/Timeout1.xml
3 ms. Memory: 282624K Free: 193215K (68%)
----------------- Invoking toplevel() on ptolemy.moml.MoMLSimpleApplication@7a8109e1
----------------- Done invoking toplevel() on ptolemy.moml.MoMLSimpleApplication@7a8109e1
reloadAllAccessors: .Timeout1

===========================================================================================
----------------- testing Mon Dec 09 06:24:50 UTC 2019 /home/travis/build/icyphy/ptII/ptolemy/domains/modal/test/auto/Timeout2.xml
----------------- Instantiating /home/travis/build/icyphy/ptII/ptolemy/domains/modal/test/auto/Timeout2.xml
5 ms. Memory: 282624K Free: 184527K (65%)
----------------- Invoking toplevel() on ptolemy.moml.MoMLSimpleApplication@7073d008
----------------- Done invoking toplevel() on ptolemy.moml.MoMLSimpleApplication@7073d008
reloadAllAccessors: .Timeout2

===========================================================================================
----------------- testing Mon Dec 09 06:24:50 UTC 2019 /home/travis/build/icyphy/ptII/ptolemy/domains/modal/test/auto/Timeout3.xml
----------------- Instantiating /home/travis/build/icyphy/ptII/ptolemy/domains/modal/test/auto/Timeout3.xml
2 ms. Memory: 282624K Free: 179407K (63%)
----------------- Invoking toplevel() on ptolemy.moml.MoMLSimpleApplication@4c130987
----------------- Done invoking toplevel() on ptolemy.moml.MoMLSimpleApplication@4c130987
reloadAllAccessors: .Timeout3

===========================================================================================
----------------- testing Mon Dec 09 06:24:50 UTC 2019 /home/travis/build/icyphy/ptII/ptolemy/domains/modal/test/auto/Timeout4.xml
----------------- Instantiating /home/travis/build/icyphy/ptII/ptolemy/domains/modal/test/auto/Timeout4.xml
2 ms. Memory: 282624K Free: 174287K (62%)
----------------- Invoking toplevel() on ptolemy.moml.MoMLSimpleApplication@5e0d7f7a
----------------- Done invoking toplevel() on ptolemy.moml.MoMLSimpleApplication@5e0d7f7a
reloadAllAccessors: .Timeout4

===========================================================================================
----------------- testing Mon Dec 09 06:24:50 UTC 2019 /home/travis/build/icyphy/ptII/ptolemy/domains/modal/test/auto/TransientstateModelAdvanced.xml
----------------- Instantiating /home/travis/build/icyphy/ptII/ptolemy/domains/modal/test/auto/TransientstateModelAdvanced.xml
3 ms. Memory: 282624K Free: 161999K (57%)
----------------- Invoking toplevel() on ptolemy.moml.MoMLSimpleApplication@670d9ff7
----------------- Done invoking toplevel() on ptolemy.moml.MoMLSimpleApplication@670d9ff7
reloadAllAccessors: .TransientstateModelAdvanced

===========================================================================================
----------------- testing Mon Dec 09 06:24:50 UTC 2019 /home/travis/build/icyphy/ptII/ptolemy/domains/modal/test/auto/TransientstateModelAdvanced2.xml
----------------- Instantiating /home/travis/build/icyphy/ptII/ptolemy/domains/modal/test/auto/TransientstateModelAdvanced2.xml
3 ms. Memory: 282624K Free: 148159K (52%)
----------------- Invoking toplevel() on ptolemy.moml.MoMLSimpleApplication@3ac65782
----------------- Done invoking toplevel() on ptolemy.moml.MoMLSimpleApplication@3ac65782
reloadAllAccessors: .transientstatemodelAdvanced

===========================================================================================
----------------- testing Mon Dec 09 06:24:50 UTC 2019 /home/travis/build/icyphy/ptII/ptolemy/domains/modal/test/auto/TransitionRefinements.xml
----------------- Instantiating /home/travis/build/icyphy/ptII/ptolemy/domains/modal/test/auto/TransitionRefinements.xml
7 ms. Memory: 282624K Free: 138447K (49%)
----------------- Invoking toplevel() on ptolemy.moml.MoMLSimpleApplication@5488ce5e
----------------- Done invoking toplevel() on ptolemy.moml.MoMLSimpleApplication@5488ce5e
reloadAllAccessors: .TransitionRefinements

===========================================================================================
----------------- testing Mon Dec 09 06:24:50 UTC 2019 /home/travis/build/icyphy/ptII/ptolemy/domains/modal/test/auto/TwoRefinements1.xml
----------------- Instantiating /home/travis/build/icyphy/ptII/ptolemy/domains/modal/test/auto/TwoRefinements1.xml
4 ms. Memory: 282624K Free: 128717K (46%)
----------------- Invoking toplevel() on ptolemy.moml.MoMLSimpleApplication@6a30fde1
----------------- Done invoking toplevel() on ptolemy.moml.MoMLSimpleApplication@6a30fde1
reloadAllAccessors: .TwoRefinements1

===========================================================================================
----------------- testing Mon Dec 09 06:24:50 UTC 2019 /home/travis/build/icyphy/ptII/ptolemy/domains/modal/test/auto/TwoRefinements2.xml
----------------- Instantiating /home/travis/build/icyphy/ptII/ptolemy/domains/modal/test/auto/TwoRefinements2.xml
3 ms. Memory: 282624K Free: 118991K (42%)
----------------- Invoking toplevel() on ptolemy.moml.MoMLSimpleApplication@4b157328
----------------- Done invoking toplevel() on ptolemy.moml.MoMLSimpleApplication@4b157328
reloadAllAccessors: .TwoRefinements2

===========================================================================================
----------------- testing Mon Dec 09 06:24:50 UTC 2019 /home/travis/build/icyphy/ptII/ptolemy/domains/modal/test/auto/WeakImmediateTransition.xml
----------------- Instantiating /home/travis/build/icyphy/ptII/ptolemy/domains/modal/test/auto/WeakImmediateTransition.xml
3 ms. Memory: 282624K Free: 110285K (39%)
----------------- Invoking toplevel() on ptolemy.moml.MoMLSimpleApplication@7fef1b60
----------------- Done invoking toplevel() on ptolemy.moml.MoMLSimpleApplication@7fef1b60
reloadAllAccessors: .WeakImmediateTransition

===========================================================================================
----------------- testing Mon Dec 09 06:24:50 UTC 2019 /home/travis/build/icyphy/ptII/ptolemy/domains/modal/test/auto/booleanSelect.xml
----------------- Instantiating /home/travis/build/icyphy/ptII/ptolemy/domains/modal/test/auto/booleanSelect.xml
55 ms. Memory: 339968K Free: 315597K (93%)
----------------- Invoking toplevel() on ptolemy.moml.MoMLSimpleApplication@50e3ebbc
----------------- Done invoking toplevel() on ptolemy.moml.MoMLSimpleApplication@50e3ebbc
reloadAllAccessors: .booleanSelect

===========================================================================================
----------------- testing Mon Dec 09 06:24:51 UTC 2019 /home/travis/build/icyphy/ptII/ptolemy/domains/modal/test/auto/modalChangingParams.xml
----------------- Instantiating /home/travis/build/icyphy/ptII/ptolemy/domains/modal/test/auto/modalChangingParams.xml
0
1
0
2
4
6
8
7
0
2
4
6
8
13
0
2
4
6
8
19
0
2
4
6
8
25
0
2
4
6
8
31
0
2
4
6
8
37
0
2
4
6
8
43
0
2
4
6
8
49
0
2
4
6
8
55
0
2
4
6
8
61
0
2
4
6
8
67
0
2
4
6
8
73
0
2
4
6
8
79
0
2
4
6
8
85
0
2
4
6
8
91
0
2
4
6
8
97
0
2
4
6
8
103
0
2
4
6
8
109
0
2
4
6
8
115
0
2
4
6
8
121
0
2
4
6
8
127
0
2
4
6
8
133
0
2
4
6
8
139
0
2
4
6
8
145
0
2
4
6
8
151
0
2
4
6
8
157
0
2
4
6
8
163
0
2
4
6
8
169
0
2
4
6
8
175
0
2
4
6
8
181
0
2
4
6
8
187
0
2
4
6
8
193
0
2
4
6
8
199
0
2
4
6
8
205
0
2
4
6
8
211
0
2
4
6
8
217
0
2
4
6
8
223
0
2
4
6
8
229
0
2
4
6
8
235
0
2
4
6
8
241
0
2
4
6
8
247
0
2
4
6
8
253
0
2
4
6
8
259
0
2
4
6
8
265
0
2
4
6
8
271
0
2
4
6
8
277
0
2
4
6
8
283
0
2
4
6
8
289
0
2
4
6
8
295
0
2
4
6
8
301
0
2
4
6
8
307
0
2
4
6
8
313
0
2
4
6
8
319
0
2
4
6
8
325
0
2
4
6
8
331
0
2
4
6
8
337
0
2
4
6
8
343
0
2
4
6
8
349
0
2
4
6
8
355
0
2
4
6
8
361
0
2
4
6
8
367
0
2
4
6
8
373
0
2
4
6
8
379
0
2
4
6
8
385
0
2
4
6
8
391
0
2
4
6
8
397
0
2
4
6
8
403
0
2
4
6
8
409
0
2
4
6
8
415
0
2
4
6
8
421
0
2
4
6
8
427
0
2
4
6
8
433
0
2
4
6
8
439
0
2
4
6
8
445
0
2
4
6
8
451
0
2
4
6
8
457
0
2
4
6
8
463
0
2
4
6
8
469
0
2
4
6
8
475
0
2
4
6
8
481
0
2
4
6
8
487
0
2
4
6
8
493
0
2
4
6
8
499
0
2
4
6
8
505
0
2
4
6
8
511
0
2
4
6
8
517
0
2
4
6
8
523
0
2
4
6
8
529
0
2
4
6
8
535
0
2
4
6
8
541
0
2
4
6
8
547
0
2
4
6
8
553
0
2
4
6
8
559
0
2
4
6
8
565
0
2
4
6
8
571
0
2
4
6
8
577
0
2
4
6
8
583
0
2
4
6
8
589
0
2
4
6
8
595
0
2
4
6
8
601
0
2
4
6
8
607
0
2
4
6
8
613
0
2
4
6
8
619
0
2
4
6
8
625
0
2
4
6
8
631
0
2
4
6
8
637
0
2
4
6
8
643
0
2
4
6
8
649
0
2
4
6
8
655
0
2
4
6
8
661
0
2
4
6
8
667
0
2
4
6
8
673
0
2
4
6
8
679
0
2
4
6
8
685
0
2
4
6
8
691
0
2
4
6
8
697
0
2
4
6
8
703
0
2
4
6
8
709
0
2
4
6
8
715
0
2
4
6
8
721
0
2
4
6
8
727
0
2
4
6
8
733
0
2
4
6
8
739
0
2
4
6
8
745
0
2
4
6
8
751
0
2
4
6
8
757
0
2
4
6
8
763
0
2
4
6
8
769
0
2
4
6
8
775
0
2
4
6
8
781
0
2
4
6
8
787
0
2
4
6
8
793
0
2
4
6
8
799
0
2
4
6
8
805
0
2
4
6
8
811
0
2
4
6
8
817
0
2
4
6
8
823
0
2
4
6
8
829
0
2
4
6
8
835
0
2
4
6
8
841
0
2
4
6
8
847
0
2
4
6
8
853
0
2
4
6
8
859
0
2
4
6
8
865
0
2
4
6
8
871
0
2
4
6
8
877
0
2
4
6
8
883
0
2
4
6
8
889
0
2
4
6
8
895
0
2
4
6
8
901
0
2
4
6
8
907
0
2
4
6
8
913
0
2
4
6
8
919
0
2
4
6
8
925
0
2
4
6
8
931
0
2
4
6
8
937
0
2
4
6
8
943
0
2
4
6
8
949
0
2
4
6
8
955
0
2
4
6
8
961
0
2
4
6
8
967
0
2
4
6
8
973
0
2
4
6
8
979
0
2
4
6
8
985
0
2
4
6
8
991
0
2
4
6
8
997
0
2
317 ms. Memory: 339968K Free: 200661K (59%)
----------------- Invoking toplevel() on ptolemy.moml.MoMLSimpleApplication@5840a0ba
----------------- Done invoking toplevel() on ptolemy.moml.MoMLSimpleApplication@5840a0ba
reloadAllAccessors: .modalChangingParams

===========================================================================================
----------------- testing Mon Dec 09 06:24:51 UTC 2019 /home/travis/build/icyphy/ptII/ptolemy/domains/modal/test/auto/modalModel.xml
----------------- Instantiating /home/travis/build/icyphy/ptII/ptolemy/domains/modal/test/auto/modalModel.xml
13 ms. Memory: 339968K Free: 191941K (56%)
----------------- Invoking toplevel() on ptolemy.moml.MoMLSimpleApplication@3a449aa2
----------------- Done invoking toplevel() on ptolemy.moml.MoMLSimpleApplication@3a449aa2
reloadAllAccessors: .modalModel

===========================================================================================
----------------- testing Mon Dec 09 06:24:51 UTC 2019 /home/travis/build/icyphy/ptII/ptolemy/domains/modal/test/auto/modalModel2.xml
----------------- Instantiating /home/travis/build/icyphy/ptII/ptolemy/domains/modal/test/auto/modalModel2.xml
12 ms. Memory: 339968K Free: 181205K (53%)
----------------- Invoking toplevel() on ptolemy.moml.MoMLSimpleApplication@6f12dcd0
----------------- Done invoking toplevel() on ptolemy.moml.MoMLSimpleApplication@6f12dcd0
reloadAllAccessors: .modalModel2

===========================================================================================
----------------- testing Mon Dec 09 06:24:51 UTC 2019 /home/travis/build/icyphy/ptII/ptolemy/domains/modal/test/auto/modalModel3.xml
----------------- Instantiating /home/travis/build/icyphy/ptII/ptolemy/domains/modal/test/auto/modalModel3.xml
0	0	0
1	0	1
4	2	2
7	4	3
10	6	4
5	0	5
8	2	6
11	4	7
14	6	8
9	0	9
12	2	10
15	4	11
18	6	12
13	0	13
16	2	14
19 ms. Memory: 339968K Free: 166869K (49%)
----------------- Invoking toplevel() on ptolemy.moml.MoMLSimpleApplication@74a45a9d
----------------- Done invoking toplevel() on ptolemy.moml.MoMLSimpleApplication@74a45a9d
reloadAllAccessors: .modalModel3

===========================================================================================
----------------- testing Mon Dec 09 06:24:51 UTC 2019 /home/travis/build/icyphy/ptII/ptolemy/domains/modal/test/auto/model1.xml
----------------- Instantiating /home/travis/build/icyphy/ptII/ptolemy/domains/modal/test/auto/model1.xml
11 ms. Memory: 339968K Free: 161235K (47%)
----------------- Invoking toplevel() on ptolemy.moml.MoMLSimpleApplication@19d681e6
----------------- Done invoking toplevel() on ptolemy.moml.MoMLSimpleApplication@19d681e6
reloadAllAccessors: .model1

===========================================================================================
----------------- testing Mon Dec 09 06:24:51 UTC 2019 /home/travis/build/icyphy/ptII/ptolemy/domains/modal/test/auto/test-direct-in-out.xml
----------------- Instantiating /home/travis/build/icyphy/ptII/ptolemy/domains/modal/test/auto/test-direct-in-out.xml
4 ms. Memory: 339968K Free: 153557K (45%)
----------------- Invoking toplevel() on ptolemy.moml.MoMLSimpleApplication@52b7a194
----------------- Done invoking toplevel() on ptolemy.moml.MoMLSimpleApplication@52b7a194
reloadAllAccessors: .test-direct-in-out
AutoTests.java: About to close Vertx.
AutoTests.java: Vertx closed.
]]></system-out>
  <system-err><![CDATA[java.lang.RuntimeException: Execution failed
	at ptolemy.moml.MoMLSimpleApplication$UnloadThread.run(MoMLSimpleApplication.java:402)
Caused by: ptolemy.kernel.util.IllegalActionException: Unknown inputs remain. Possible causality loop:
L_model_1893289564i

  in .CannotAnalysisWithPreemption.model_1893289564_region_1 and .CannotAnalysisWithPreemption.model_1893289564_region_1.L_model_1893289564i
	at ptolemy.actor.sched.FixedPointDirector.postfire(FixedPointDirector.java:515)
	at ptolemy.domains.sr.kernel.SRDirector.postfire(SRDirector.java:417)
	at ptolemy.actor.CompositeActor.postfire(CompositeActor.java:1668)
	at ptolemy.actor.Manager.iterate(Manager.java:852)
	at ptolemy.actor.Manager.execute(Manager.java:369)
	at ptolemy.actor.Manager.run(Manager.java:1263)
	at ptolemy.actor.Manager$PtolemyRunThread.run(Manager.java:1933)
java.lang.reflect.InvocationTargetException
	at java.base/jdk.internal.reflect.NativeConstructorAccessorImpl.newInstance0(Native Method)
	at java.base/jdk.internal.reflect.NativeConstructorAccessorImpl.newInstance(NativeConstructorAccessorImpl.java:62)
	at java.base/jdk.internal.reflect.DelegatingConstructorAccessorImpl.newInstance(DelegatingConstructorAccessorImpl.java:45)
	at java.base/java.lang.reflect.Constructor.newInstance(Constructor.java:490)
	at ptolemy.util.test.junit.AutoKnownFailedTests.RunModel(AutoKnownFailedTests.java:105)
	at java.base/jdk.internal.reflect.NativeMethodAccessorImpl.invoke0(Native Method)
	at java.base/jdk.internal.reflect.NativeMethodAccessorImpl.invoke(NativeMethodAccessorImpl.java:62)
	at java.base/jdk.internal.reflect.DelegatingMethodAccessorImpl.invoke(DelegatingMethodAccessorImpl.java:43)
	at java.base/java.lang.reflect.Method.invoke(Method.java:566)
	at org.junit.runners.model.FrameworkMethod$1.runReflectiveCall(FrameworkMethod.java:44)
	at org.junit.internal.runners.model.ReflectiveCallable.run(ReflectiveCallable.java:15)
	at org.junit.runners.model.FrameworkMethod.invokeExplosively(FrameworkMethod.java:41)
	at junitparams.internal.InvokeParameterisedMethod.evaluate(InvokeParameterisedMethod.java:102)
	at org.junit.internal.runners.statements.FailOnTimeout$1.run(FailOnTimeout.java:28)
Caused by: ptolemy.kernel.util.IllegalActionException: Unknown inputs remain. Possible causality loop:
L_model_1893289564i

  in .CannotAnalysisWithPreemption.model_1893289564_region_1 and .CannotAnalysisWithPreemption.model_1893289564_region_1.L_model_1893289564i
	at ptolemy.actor.sched.FixedPointDirector.postfire(FixedPointDirector.java:515)
	at ptolemy.domains.sr.kernel.SRDirector.postfire(SRDirector.java:417)
	at ptolemy.actor.CompositeActor.postfire(CompositeActor.java:1668)
	at ptolemy.actor.Manager.iterate(Manager.java:852)
	at ptolemy.actor.Manager.execute(Manager.java:369)
	at ptolemy.actor.Manager.run(Manager.java:1263)
	at ptolemy.actor.Manager$PtolemyRunThread.run(Manager.java:1933)
]]></system-err>
</testsuite>
