<?xml version="1.0" encoding="UTF-8" ?>
<testsuite errors="0" failures="0" hostname="travis-job-96401c83-42a5-4166-ba9a-8b3ca30c49b3" name="ptolemy.domains.modal.test.junit.JUnitTclTest" skipped="0" tests="148" time="9.91" timestamp="2020-04-04T13:46:11">
  <properties>
[...]
</properties>
  <testcase classname="ptolemy.util.test.junit.TclTests" name="[0] /home/travis/build/icyphy/ptII/ptolemy/domains/modal/test/SystemLevelType.tcl (RunTclFile)" time="1.779" />
  <testcase classname="ptolemy.util.test.junit.AutoKnownFailedTests" name="[0] /home/travis/build/icyphy/ptII/ptolemy/domains/modal/test/auto/knownFailedTests/CannotAnalysisWithPreemption.xml (RunModel)" time="0.219" />
  <testcase classname="ptolemy.util.test.junit.AutoNameArchTests" name="[0] ThereAreNoAutoArchTests (RunModel)" time="0.003" />
  <testcase classname="ptolemy.util.test.junit.AutoTests" name="[0] /home/travis/build/icyphy/ptII/ptolemy/domains/modal/test/auto/ABPTest.xml (RunModel)" time="0.801" />
  <testcase classname="ptolemy.util.test.junit.AutoTests" name="[1] /home/travis/build/icyphy/ptII/ptolemy/domains/modal/test/auto/ABROFlat.xml (RunModel)" time="0.114" />
  <testcase classname="ptolemy.util.test.junit.AutoTests" name="[2] /home/travis/build/icyphy/ptII/ptolemy/domains/modal/test/auto/ABROFlat2.xml (RunModel)" time="0.07" />
  <testcase classname="ptolemy.util.test.junit.AutoTests" name="[3] /home/travis/build/icyphy/ptII/ptolemy/domains/modal/test/auto/ABRO_present_hmm.xml (RunModel)" time="0.127" />
  <testcase classname="ptolemy.util.test.junit.AutoTests" name="[4] /home/travis/build/icyphy/ptII/ptolemy/domains/modal/test/auto/AMICoderExample.xml (RunModel)" time="0.081" />
  <testcase classname="ptolemy.util.test.junit.AutoTests" name="[5] /home/travis/build/icyphy/ptII/ptolemy/domains/modal/test/auto/AbsentToPresent.xml (RunModel)" time="0.023" />
  <testcase classname="ptolemy.util.test.junit.AutoTests" name="[6] /home/travis/build/icyphy/ptII/ptolemy/domains/modal/test/auto/Blending.xml (RunModel)" time="0.288" />
  <testcase classname="ptolemy.util.test.junit.AutoTests" name="[7] /home/travis/build/icyphy/ptII/ptolemy/domains/modal/test/auto/Broadcast.xml (RunModel)" time="0.044" />
  <testcase classname="ptolemy.util.test.junit.AutoTests" name="[8] /home/travis/build/icyphy/ptII/ptolemy/domains/modal/test/auto/BroadcastHierarchy.xml (RunModel)" time="0.05" />
  <testcase classname="ptolemy.util.test.junit.AutoTests" name="[9] /home/travis/build/icyphy/ptII/ptolemy/domains/modal/test/auto/BroadcastHierarchy2.xml (RunModel)" time="0.124" />
  <testcase classname="ptolemy.util.test.junit.AutoTests" name="[10] /home/travis/build/icyphy/ptII/ptolemy/domains/modal/test/auto/BroadcastHierarchy3.xml (RunModel)" time="0.082" />
  <testcase classname="ptolemy.util.test.junit.AutoTests" name="[11] /home/travis/build/icyphy/ptII/ptolemy/domains/modal/test/auto/BroadcastHierarchy4.xml (RunModel)" time="0.098" />
  <testcase classname="ptolemy.util.test.junit.AutoTests" name="[12] /home/travis/build/icyphy/ptII/ptolemy/domains/modal/test/auto/CannotAnalysisWithPreemption2.xml (RunModel)" time="0.032" />
  <testcase classname="ptolemy.util.test.junit.AutoTests" name="[13] /home/travis/build/icyphy/ptII/ptolemy/domains/modal/test/auto/CannotAnalysisWithPreemption3.xml (RunModel)" time="0.034" />
  <testcase classname="ptolemy.util.test.junit.AutoTests" name="[14] /home/travis/build/icyphy/ptII/ptolemy/domains/modal/test/auto/CannotProduce.xml (RunModel)" time="0.021" />
  <testcase classname="ptolemy.util.test.junit.AutoTests" name="[15] /home/travis/build/icyphy/ptII/ptolemy/domains/modal/test/auto/CannotProduceModal.xml (RunModel)" time="0.024" />
  <testcase classname="ptolemy.util.test.junit.AutoTests" name="[16] /home/travis/build/icyphy/ptII/ptolemy/domains/modal/test/auto/Case.xml (RunModel)" time="0.054" />
  <testcase classname="ptolemy.util.test.junit.AutoTests" name="[17] /home/travis/build/icyphy/ptII/ptolemy/domains/modal/test/auto/Case1.xml (RunModel)" time="0.031" />
  <testcase classname="ptolemy.util.test.junit.AutoTests" name="[18] /home/travis/build/icyphy/ptII/ptolemy/domains/modal/test/auto/Case2.xml (RunModel)" time="0.056" />
  <testcase classname="ptolemy.util.test.junit.AutoTests" name="[19] /home/travis/build/icyphy/ptII/ptolemy/domains/modal/test/auto/CausalityInterface1.xml (RunModel)" time="0.023" />
  <testcase classname="ptolemy.util.test.junit.AutoTests" name="[20] /home/travis/build/icyphy/ptII/ptolemy/domains/modal/test/auto/CausalityInterface10.xml (RunModel)" time="0.042" />
  <testcase classname="ptolemy.util.test.junit.AutoTests" name="[21] /home/travis/build/icyphy/ptII/ptolemy/domains/modal/test/auto/CausalityInterface11.xml (RunModel)" time="0.046" />
  <testcase classname="ptolemy.util.test.junit.AutoTests" name="[22] /home/travis/build/icyphy/ptII/ptolemy/domains/modal/test/auto/CausalityInterface12.xml (RunModel)" time="0.038" />
  <testcase classname="ptolemy.util.test.junit.AutoTests" name="[23] /home/travis/build/icyphy/ptII/ptolemy/domains/modal/test/auto/CausalityInterface13.xml (RunModel)" time="0.055" />
  <testcase classname="ptolemy.util.test.junit.AutoTests" name="[24] /home/travis/build/icyphy/ptII/ptolemy/domains/modal/test/auto/CausalityInterface14.xml (RunModel)" time="0.07" />
  <testcase classname="ptolemy.util.test.junit.AutoTests" name="[25] /home/travis/build/icyphy/ptII/ptolemy/domains/modal/test/auto/CausalityInterface2.xml (RunModel)" time="0.026" />
  <testcase classname="ptolemy.util.test.junit.AutoTests" name="[26] /home/travis/build/icyphy/ptII/ptolemy/domains/modal/test/auto/CausalityInterface3.xml (RunModel)" time="0.02" />
  <testcase classname="ptolemy.util.test.junit.AutoTests" name="[27] /home/travis/build/icyphy/ptII/ptolemy/domains/modal/test/auto/CausalityInterface4.xml (RunModel)" time="0.027" />
  <testcase classname="ptolemy.util.test.junit.AutoTests" name="[28] /home/travis/build/icyphy/ptII/ptolemy/domains/modal/test/auto/CausalityInterface5.xml (RunModel)" time="0.028" />
  <testcase classname="ptolemy.util.test.junit.AutoTests" name="[29] /home/travis/build/icyphy/ptII/ptolemy/domains/modal/test/auto/CausalityInterface6.xml (RunModel)" time="0.03" />
  <testcase classname="ptolemy.util.test.junit.AutoTests" name="[30] /home/travis/build/icyphy/ptII/ptolemy/domains/modal/test/auto/CausalityInterface7.xml (RunModel)" time="0.025" />
  <testcase classname="ptolemy.util.test.junit.AutoTests" name="[31] /home/travis/build/icyphy/ptII/ptolemy/domains/modal/test/auto/CausalityInterface8.xml (RunModel)" time="0.027" />
  <testcase classname="ptolemy.util.test.junit.AutoTests" name="[32] /home/travis/build/icyphy/ptII/ptolemy/domains/modal/test/auto/CausalityInterface9.xml (RunModel)" time="0.038" />
  <testcase classname="ptolemy.util.test.junit.AutoTests" name="[33] /home/travis/build/icyphy/ptII/ptolemy/domains/modal/test/auto/ChainedTransitions.xml (RunModel)" time="0.147" />
  <testcase classname="ptolemy.util.test.junit.AutoTests" name="[34] /home/travis/build/icyphy/ptII/ptolemy/domains/modal/test/auto/CycleOfImmediateTransitionsFSM.xml (RunModel)" time="0.017" />
  <testcase classname="ptolemy.util.test.junit.AutoTests" name="[35] /home/travis/build/icyphy/ptII/ptolemy/domains/modal/test/auto/CycleOfImmediateTransitionsModal.xml (RunModel)" time="0.026" />
  <testcase classname="ptolemy.util.test.junit.AutoTests" name="[36] /home/travis/build/icyphy/ptII/ptolemy/domains/modal/test/auto/CycleOfImmediateTransitionsModal2.xml (RunModel)" time="0.042" />
  <testcase classname="ptolemy.util.test.junit.AutoTests" name="[37] /home/travis/build/icyphy/ptII/ptolemy/domains/modal/test/auto/CycleOfImmediateTransitionsModal3.xml (RunModel)" time="0.069" />
  <testcase classname="ptolemy.util.test.junit.AutoTests" name="[38] /home/travis/build/icyphy/ptII/ptolemy/domains/modal/test/auto/DeepModal1.xml (RunModel)" time="0.059" />
  <testcase classname="ptolemy.util.test.junit.AutoTests" name="[39] /home/travis/build/icyphy/ptII/ptolemy/domains/modal/test/auto/DeepModal2.xml (RunModel)" time="0.056" />
  <testcase classname="ptolemy.util.test.junit.AutoTests" name="[40] /home/travis/build/icyphy/ptII/ptolemy/domains/modal/test/auto/DeepModal3.xml (RunModel)" time="0.069" />
  <testcase classname="ptolemy.util.test.junit.AutoTests" name="[41] /home/travis/build/icyphy/ptII/ptolemy/domains/modal/test/auto/DeepModal4.xml (RunModel)" time="0.07" />
  <testcase classname="ptolemy.util.test.junit.AutoTests" name="[42] /home/travis/build/icyphy/ptII/ptolemy/domains/modal/test/auto/Default1.xml (RunModel)" time="0.017" />
  <testcase classname="ptolemy.util.test.junit.AutoTests" name="[43] /home/travis/build/icyphy/ptII/ptolemy/domains/modal/test/auto/Default2.xml (RunModel)" time="0.021" />
  <testcase classname="ptolemy.util.test.junit.AutoTests" name="[44] /home/travis/build/icyphy/ptII/ptolemy/domains/modal/test/auto/Default3.xml (RunModel)" time="0.017" />
  <testcase classname="ptolemy.util.test.junit.AutoTests" name="[45] /home/travis/build/icyphy/ptII/ptolemy/domains/modal/test/auto/Default4.xml (RunModel)" time="0.02" />
  <testcase classname="ptolemy.util.test.junit.AutoTests" name="[46] /home/travis/build/icyphy/ptII/ptolemy/domains/modal/test/auto/Default5.xml (RunModel)" time="0.032" />
  <testcase classname="ptolemy.util.test.junit.AutoTests" name="[47] /home/travis/build/icyphy/ptII/ptolemy/domains/modal/test/auto/EmptyGuard.xml (RunModel)" time="0.03" />
  <testcase classname="ptolemy.util.test.junit.AutoTests" name="[48] /home/travis/build/icyphy/ptII/ptolemy/domains/modal/test/auto/ErrorTransition1.xml (RunModel)" time="0.029" />
  <testcase classname="ptolemy.util.test.junit.AutoTests" name="[49] /home/travis/build/icyphy/ptII/ptolemy/domains/modal/test/auto/ErrorTransition10.xml (RunModel)" time="0.061" />
  <testcase classname="ptolemy.util.test.junit.AutoTests" name="[50] /home/travis/build/icyphy/ptII/ptolemy/domains/modal/test/auto/ErrorTransition11.xml (RunModel)" time="0.043" />
  <testcase classname="ptolemy.util.test.junit.AutoTests" name="[51] /home/travis/build/icyphy/ptII/ptolemy/domains/modal/test/auto/ErrorTransition2.xml (RunModel)" time="0.029" />
  <testcase classname="ptolemy.util.test.junit.AutoTests" name="[52] /home/travis/build/icyphy/ptII/ptolemy/domains/modal/test/auto/ErrorTransition3.xml (RunModel)" time="0.044" />
  <testcase classname="ptolemy.util.test.junit.AutoTests" name="[53] /home/travis/build/icyphy/ptII/ptolemy/domains/modal/test/auto/ErrorTransition4.xml (RunModel)" time="0.038" />
  <testcase classname="ptolemy.util.test.junit.AutoTests" name="[54] /home/travis/build/icyphy/ptII/ptolemy/domains/modal/test/auto/ErrorTransition5.xml (RunModel)" time="0.026" />
  <testcase classname="ptolemy.util.test.junit.AutoTests" name="[55] /home/travis/build/icyphy/ptII/ptolemy/domains/modal/test/auto/ErrorTransition6.xml (RunModel)" time="0.03" />
  <testcase classname="ptolemy.util.test.junit.AutoTests" name="[56] /home/travis/build/icyphy/ptII/ptolemy/domains/modal/test/auto/ErrorTransition7.xml (RunModel)" time="0.044" />
  <testcase classname="ptolemy.util.test.junit.AutoTests" name="[57] /home/travis/build/icyphy/ptII/ptolemy/domains/modal/test/auto/ErrorTransition8.xml (RunModel)" time="0.05" />
  <testcase classname="ptolemy.util.test.junit.AutoTests" name="[58] /home/travis/build/icyphy/ptII/ptolemy/domains/modal/test/auto/ErrorTransition9.xml (RunModel)" time="0.043" />
  <testcase classname="ptolemy.util.test.junit.AutoTests" name="[59] /home/travis/build/icyphy/ptII/ptolemy/domains/modal/test/auto/ExtendedFSM.xml (RunModel)" time="0.024" />
  <testcase classname="ptolemy.util.test.junit.AutoTests" name="[60] /home/travis/build/icyphy/ptII/ptolemy/domains/modal/test/auto/FinalStates.xml (RunModel)" time="0.021" />
  <testcase classname="ptolemy.util.test.junit.AutoTests" name="[61] /home/travis/build/icyphy/ptII/ptolemy/domains/modal/test/auto/FixedPointFSM.xml (RunModel)" time="0.065" />
  <testcase classname="ptolemy.util.test.junit.AutoTests" name="[62] /home/travis/build/icyphy/ptII/ptolemy/domains/modal/test/auto/FixedPointIterationFSMActor.xml (RunModel)" time="0.03" />
  <testcase classname="ptolemy.util.test.junit.AutoTests" name="[63] /home/travis/build/icyphy/ptII/ptolemy/domains/modal/test/auto/FixedPointIterationFSMActor2.xml (RunModel)" time="0.029" />
  <testcase classname="ptolemy.util.test.junit.AutoTests" name="[64] /home/travis/build/icyphy/ptII/ptolemy/domains/modal/test/auto/ForbiddenInstantanousLoop.xml (RunModel)" time="0.03" />
  <testcase classname="ptolemy.util.test.junit.AutoTests" name="[65] /home/travis/build/icyphy/ptII/ptolemy/domains/modal/test/auto/FunctionDependencyOfFSMActorTest.xml (RunModel)" time="0.023" />
  <testcase classname="ptolemy.util.test.junit.AutoTests" name="[66] /home/travis/build/icyphy/ptII/ptolemy/domains/modal/test/auto/GuardExpression.xml (RunModel)" time="0.011" />
  <testcase classname="ptolemy.util.test.junit.AutoTests" name="[67] /home/travis/build/icyphy/ptII/ptolemy/domains/modal/test/auto/GuardNotEvaluated.xml (RunModel)" time="0.024" />
  <testcase classname="ptolemy.util.test.junit.AutoTests" name="[68] /home/travis/build/icyphy/ptII/ptolemy/domains/modal/test/auto/GuardNotEvaluated2.xml (RunModel)" time="0.02" />
  <testcase classname="ptolemy.util.test.junit.AutoTests" name="[69] /home/travis/build/icyphy/ptII/ptolemy/domains/modal/test/auto/GuardOnAbsent.xml (RunModel)" time="0.018" />
  <testcase classname="ptolemy.util.test.junit.AutoTests" name="[70] /home/travis/build/icyphy/ptII/ptolemy/domains/modal/test/auto/HierarchicalFSMTypeInference.xml (RunModel)" time="0.025" />
  <testcase classname="ptolemy.util.test.junit.AutoTests" name="[71] /home/travis/build/icyphy/ptII/ptolemy/domains/modal/test/auto/Hysteresis.xml (RunModel)" time="0.035" />
  <testcase classname="ptolemy.util.test.junit.AutoTests" name="[72] /home/travis/build/icyphy/ptII/ptolemy/domains/modal/test/auto/HysteresisWithDefault.xml (RunModel)" time="0.07" />
  <testcase classname="ptolemy.util.test.junit.AutoTests" name="[73] /home/travis/build/icyphy/ptII/ptolemy/domains/modal/test/auto/HysteresisWithDefault2.xml (RunModel)" time="0.087" />
  <testcase classname="ptolemy.util.test.junit.AutoTests" name="[74] /home/travis/build/icyphy/ptII/ptolemy/domains/modal/test/auto/ImmediateNonConstructiveness.xml (RunModel)" time="0.021" />
  <testcase classname="ptolemy.util.test.junit.AutoTests" name="[75] /home/travis/build/icyphy/ptII/ptolemy/domains/modal/test/auto/ImmediateNonConstructiveness2.xml (RunModel)" time="0.015" />
  <testcase classname="ptolemy.util.test.junit.AutoTests" name="[76] /home/travis/build/icyphy/ptII/ptolemy/domains/modal/test/auto/ImmediateTransitionReset.xml (RunModel)" time="0.029" />
  <testcase classname="ptolemy.util.test.junit.AutoTests" name="[77] /home/travis/build/icyphy/ptII/ptolemy/domains/modal/test/auto/ImmediateTransitions1.xml (RunModel)" time="0.011" />
  <testcase classname="ptolemy.util.test.junit.AutoTests" name="[78] /home/travis/build/icyphy/ptII/ptolemy/domains/modal/test/auto/ImmediateTransitionsInstantaneousCommunication.xml (RunModel)" time="0.033" />
  <testcase classname="ptolemy.util.test.junit.AutoTests" name="[79] /home/travis/build/icyphy/ptII/ptolemy/domains/modal/test/auto/InitialImmediateTransition.xml (RunModel)" time="0.013" />
  <testcase classname="ptolemy.util.test.junit.AutoTests" name="[80] /home/travis/build/icyphy/ptII/ptolemy/domains/modal/test/auto/InitialOutputs.xml (RunModel)" time="0.013" />
  <testcase classname="ptolemy.util.test.junit.AutoTests" name="[81] /home/travis/build/icyphy/ptII/ptolemy/domains/modal/test/auto/InitialStateTransition1.xml (RunModel)" time="0.016" />
  <testcase classname="ptolemy.util.test.junit.AutoTests" name="[82] /home/travis/build/icyphy/ptII/ptolemy/domains/modal/test/auto/InitialStateTransition2.xml (RunModel)" time="0.018" />
  <testcase classname="ptolemy.util.test.junit.AutoTests" name="[83] /home/travis/build/icyphy/ptII/ptolemy/domains/modal/test/auto/InitialStateTransition3.xml (RunModel)" time="0.017" />
  <testcase classname="ptolemy.util.test.junit.AutoTests" name="[84] /home/travis/build/icyphy/ptII/ptolemy/domains/modal/test/auto/InitialStateTransition4.xml (RunModel)" time="0.02" />
  <testcase classname="ptolemy.util.test.junit.AutoTests" name="[85] /home/travis/build/icyphy/ptII/ptolemy/domains/modal/test/auto/MalformedGuardExpressionNotCaught.xml (RunModel)" time="0.021" />
  <testcase classname="ptolemy.util.test.junit.AutoTests" name="[86] /home/travis/build/icyphy/ptII/ptolemy/domains/modal/test/auto/ModalBSC.xml (RunModel)" time="0.091" />
  <testcase classname="ptolemy.util.test.junit.AutoTests" name="[87] /home/travis/build/icyphy/ptII/ptolemy/domains/modal/test/auto/ModalClocks.xml (RunModel)" time="0.057" />
  <testcase classname="ptolemy.util.test.junit.AutoTests" name="[88] /home/travis/build/icyphy/ptII/ptolemy/domains/modal/test/auto/ModalDelay.xml (RunModel)" time="0.043" />
  <testcase classname="ptolemy.util.test.junit.AutoTests" name="[89] /home/travis/build/icyphy/ptII/ptolemy/domains/modal/test/auto/ModalDelay2.xml (RunModel)" time="0.038" />
  <testcase classname="ptolemy.util.test.junit.AutoTests" name="[90] /home/travis/build/icyphy/ptII/ptolemy/domains/modal/test/auto/ModalModelFromMemo.xml (RunModel)" time="0.052" />
  <testcase classname="ptolemy.util.test.junit.AutoTests" name="[91] /home/travis/build/icyphy/ptII/ptolemy/domains/modal/test/auto/ModalModelWithMultirateTransient.xml (RunModel)" time="0.049" />
  <testcase classname="ptolemy.util.test.junit.AutoTests" name="[92] /home/travis/build/icyphy/ptII/ptolemy/domains/modal/test/auto/ModalModelWithReset.xml (RunModel)" time="0.047" />
  <testcase classname="ptolemy.util.test.junit.AutoTests" name="[93] /home/travis/build/icyphy/ptII/ptolemy/domains/modal/test/auto/MouseClickFSM.xml (RunModel)" time="0.046" />
  <testcase classname="ptolemy.util.test.junit.AutoTests" name="[94] /home/travis/build/icyphy/ptII/ptolemy/domains/modal/test/auto/MouseClickFSMModal.xml (RunModel)" time="0.031" />
  <testcase classname="ptolemy.util.test.junit.AutoTests" name="[95] /home/travis/build/icyphy/ptII/ptolemy/domains/modal/test/auto/NonStrictFSM_FeedbackLoop.xml (RunModel)" time="0.066" />
  <testcase classname="ptolemy.util.test.junit.AutoTests" name="[96] /home/travis/build/icyphy/ptII/ptolemy/domains/modal/test/auto/NonStrictFSM_FeedbackLoop_Refinement.xml (RunModel)" time="0.081" />
  <testcase classname="ptolemy.util.test.junit.AutoTests" name="[97] /home/travis/build/icyphy/ptII/ptolemy/domains/modal/test/auto/NonStrictFSM_FeedbackLoop_preemptive.xml (RunModel)" time="0.053" />
  <testcase classname="ptolemy.util.test.junit.AutoTests" name="[98] /home/travis/build/icyphy/ptII/ptolemy/domains/modal/test/auto/NormalTermination.xml (RunModel)" time="0.045" />
  <testcase classname="ptolemy.util.test.junit.AutoTests" name="[99] /home/travis/build/icyphy/ptII/ptolemy/domains/modal/test/auto/Pong.xml (RunModel)" time="0.054" />
  <testcase classname="ptolemy.util.test.junit.AutoTests" name="[100] /home/travis/build/icyphy/ptII/ptolemy/domains/modal/test/auto/Pong_test.xml (RunModel)" time="0.084" />
  <testcase classname="ptolemy.util.test.junit.AutoTests" name="[101] /home/travis/build/icyphy/ptII/ptolemy/domains/modal/test/auto/PreemptionHierarchy.xml (RunModel)" time="0.032" />
  <testcase classname="ptolemy.util.test.junit.AutoTests" name="[102] /home/travis/build/icyphy/ptII/ptolemy/domains/modal/test/auto/PreemptionHierarchy2.xml (RunModel)" time="0.026" />
  <testcase classname="ptolemy.util.test.junit.AutoTests" name="[103] /home/travis/build/icyphy/ptII/ptolemy/domains/modal/test/auto/PreemptiveTransition.xml (RunModel)" time="0.015" />
  <testcase classname="ptolemy.util.test.junit.AutoTests" name="[104] /home/travis/build/icyphy/ptII/ptolemy/domains/modal/test/auto/Priorities.xml (RunModel)" time="0.071" />
  <testcase classname="ptolemy.util.test.junit.AutoTests" name="[105] /home/travis/build/icyphy/ptII/ptolemy/domains/modal/test/auto/ResetFinal.xml (RunModel)" time="0.053" />
  <testcase classname="ptolemy.util.test.junit.AutoTests" name="[106] /home/travis/build/icyphy/ptII/ptolemy/domains/modal/test/auto/ResetFinal2.xml (RunModel)" time="0.037" />
  <testcase classname="ptolemy.util.test.junit.AutoTests" name="[107] /home/travis/build/icyphy/ptII/ptolemy/domains/modal/test/auto/ResetTransitionWithStartTime.xml (RunModel)" time="0.029" />
  <testcase classname="ptolemy.util.test.junit.AutoTests" name="[108] /home/travis/build/icyphy/ptII/ptolemy/domains/modal/test/auto/SDF-FSMComposite.xml (RunModel)" time="0.02" />
  <testcase classname="ptolemy.util.test.junit.AutoTests" name="[109] /home/travis/build/icyphy/ptII/ptolemy/domains/modal/test/auto/SeeminglyNondeterminate.xml (RunModel)" time="0.065" />
  <testcase classname="ptolemy.util.test.junit.AutoTests" name="[110] /home/travis/build/icyphy/ptII/ptolemy/domains/modal/test/auto/SeeminglyNondeterminate2.xml (RunModel)" time="0.06" />
  <testcase classname="ptolemy.util.test.junit.AutoTests" name="[111] /home/travis/build/icyphy/ptII/ptolemy/domains/modal/test/auto/SpontaneousFSM.xml (RunModel)" time="0.045" />
  <testcase classname="ptolemy.util.test.junit.AutoTests" name="[112] /home/travis/build/icyphy/ptII/ptolemy/domains/modal/test/auto/SpontaneousFSM2.xml (RunModel)" time="0.025" />
  <testcase classname="ptolemy.util.test.junit.AutoTests" name="[113] /home/travis/build/icyphy/ptII/ptolemy/domains/modal/test/auto/SpontaneousFSM3.xml (RunModel)" time="0.034" />
  <testcase classname="ptolemy.util.test.junit.AutoTests" name="[114] /home/travis/build/icyphy/ptII/ptolemy/domains/modal/test/auto/SpontaneousFSM4.xml (RunModel)" time="0.034" />
  <testcase classname="ptolemy.util.test.junit.AutoTests" name="[115] /home/travis/build/icyphy/ptII/ptolemy/domains/modal/test/auto/StateTrackerTest.xml (RunModel)" time="0.066" />
  <testcase classname="ptolemy.util.test.junit.AutoTests" name="[116] /home/travis/build/icyphy/ptII/ptolemy/domains/modal/test/auto/StrongImmediateTransition.xml (RunModel)" time="0.023" />
  <testcase classname="ptolemy.util.test.junit.AutoTests" name="[117] /home/travis/build/icyphy/ptII/ptolemy/domains/modal/test/auto/SustainHierarchy.xml (RunModel)" time="0.024" />
  <testcase classname="ptolemy.util.test.junit.AutoTests" name="[118] /home/travis/build/icyphy/ptII/ptolemy/domains/modal/test/auto/TerminationTransition1.xml (RunModel)" time="0.016" />
  <testcase classname="ptolemy.util.test.junit.AutoTests" name="[119] /home/travis/build/icyphy/ptII/ptolemy/domains/modal/test/auto/TerminationTransition2.xml (RunModel)" time="0.021" />
  <testcase classname="ptolemy.util.test.junit.AutoTests" name="[120] /home/travis/build/icyphy/ptII/ptolemy/domains/modal/test/auto/TerminationTransition3.xml (RunModel)" time="0.019" />
  <testcase classname="ptolemy.util.test.junit.AutoTests" name="[121] /home/travis/build/icyphy/ptII/ptolemy/domains/modal/test/auto/TerminationTransition4.xml (RunModel)" time="0.026" />
  <testcase classname="ptolemy.util.test.junit.AutoTests" name="[122] /home/travis/build/icyphy/ptII/ptolemy/domains/modal/test/auto/TerminationTransition5.xml (RunModel)" time="0.026" />
  <testcase classname="ptolemy.util.test.junit.AutoTests" name="[123] /home/travis/build/icyphy/ptII/ptolemy/domains/modal/test/auto/TerminationTransition6.xml (RunModel)" time="0.018" />
  <testcase classname="ptolemy.util.test.junit.AutoTests" name="[124] /home/travis/build/icyphy/ptII/ptolemy/domains/modal/test/auto/TerminationTransition7.xml (RunModel)" time="0.019" />
  <testcase classname="ptolemy.util.test.junit.AutoTests" name="[125] /home/travis/build/icyphy/ptII/ptolemy/domains/modal/test/auto/TerminationTransition8.xml (RunModel)" time="0.019" />
  <testcase classname="ptolemy.util.test.junit.AutoTests" name="[126] /home/travis/build/icyphy/ptII/ptolemy/domains/modal/test/auto/Thermostat_NoHysteresis.xml (RunModel)" time="0.053" />
  <testcase classname="ptolemy.util.test.junit.AutoTests" name="[127] /home/travis/build/icyphy/ptII/ptolemy/domains/modal/test/auto/TimedFSM.xml (RunModel)" time="0.027" />
  <testcase classname="ptolemy.util.test.junit.AutoTests" name="[128] /home/travis/build/icyphy/ptII/ptolemy/domains/modal/test/auto/Timeout1.xml (RunModel)" time="0.011" />
  <testcase classname="ptolemy.util.test.junit.AutoTests" name="[129] /home/travis/build/icyphy/ptII/ptolemy/domains/modal/test/auto/Timeout2.xml (RunModel)" time="0.017" />
  <testcase classname="ptolemy.util.test.junit.AutoTests" name="[130] /home/travis/build/icyphy/ptII/ptolemy/domains/modal/test/auto/Timeout3.xml (RunModel)" time="0.027" />
  <testcase classname="ptolemy.util.test.junit.AutoTests" name="[131] /home/travis/build/icyphy/ptII/ptolemy/domains/modal/test/auto/Timeout4.xml (RunModel)" time="0.01" />
  <testcase classname="ptolemy.util.test.junit.AutoTests" name="[132] /home/travis/build/icyphy/ptII/ptolemy/domains/modal/test/auto/TransientstateModelAdvanced.xml (RunModel)" time="0.025" />
  <testcase classname="ptolemy.util.test.junit.AutoTests" name="[133] /home/travis/build/icyphy/ptII/ptolemy/domains/modal/test/auto/TransientstateModelAdvanced2.xml (RunModel)" time="0.028" />
  <testcase classname="ptolemy.util.test.junit.AutoTests" name="[134] /home/travis/build/icyphy/ptII/ptolemy/domains/modal/test/auto/TransitionRefinements.xml (RunModel)" time="0.021" />
  <testcase classname="ptolemy.util.test.junit.AutoTests" name="[135] /home/travis/build/icyphy/ptII/ptolemy/domains/modal/test/auto/TwoRefinements1.xml (RunModel)" time="0.02" />
  <testcase classname="ptolemy.util.test.junit.AutoTests" name="[136] /home/travis/build/icyphy/ptII/ptolemy/domains/modal/test/auto/TwoRefinements2.xml (RunModel)" time="0.018" />
  <testcase classname="ptolemy.util.test.junit.AutoTests" name="[137] /home/travis/build/icyphy/ptII/ptolemy/domains/modal/test/auto/WeakImmediateTransition.xml (RunModel)" time="0.02" />
  <testcase classname="ptolemy.util.test.junit.AutoTests" name="[138] /home/travis/build/icyphy/ptII/ptolemy/domains/modal/test/auto/booleanSelect.xml (RunModel)" time="0.062" />
  <testcase classname="ptolemy.util.test.junit.AutoTests" name="[139] /home/travis/build/icyphy/ptII/ptolemy/domains/modal/test/auto/modalChangingParams.xml (RunModel)" time="0.287" />
  <testcase classname="ptolemy.util.test.junit.AutoTests" name="[140] /home/travis/build/icyphy/ptII/ptolemy/domains/modal/test/auto/modalModel.xml (RunModel)" time="0.028" />
  <testcase classname="ptolemy.util.test.junit.AutoTests" name="[141] /home/travis/build/icyphy/ptII/ptolemy/domains/modal/test/auto/modalModel2.xml (RunModel)" time="0.039" />
  <testcase classname="ptolemy.util.test.junit.AutoTests" name="[142] /home/travis/build/icyphy/ptII/ptolemy/domains/modal/test/auto/modalModel3.xml (RunModel)" time="0.05" />
  <testcase classname="ptolemy.util.test.junit.AutoTests" name="[143] /home/travis/build/icyphy/ptII/ptolemy/domains/modal/test/auto/model1.xml (RunModel)" time="0.019" />
  <testcase classname="ptolemy.util.test.junit.AutoTests" name="[144] /home/travis/build/icyphy/ptII/ptolemy/domains/modal/test/auto/test-direct-in-out.xml (RunModel)" time="0.021" />
  <system-out><![CDATA[/home/travis/build/icyphy/ptII/ptolemy/domains/modal/test/SystemLevelType.tcl
testDefs.tcl: setting time out to 9000 seconds at Sat Apr 04 13:46:11 UTC 2020
04/04/20 01:46:13
Failed: 0  Total Tests: 1  ((Passed: 1, Newly Passed: 0)  Known Failed: 0) /home/travis/build/icyphy/ptII/ptolemy/domains/modal/test
----------------- testing (KnownFailure) /home/travis/build/icyphy/ptII/ptolemy/domains/modal/test/auto/knownFailedTests/CannotAnalysisWithPreemption.xml
82 ms. Memory: 158720K Free: 118533K (75%)
Known Failure: java.lang.reflect.InvocationTargetException
No auto/linux-amd64/*.xml tests in /home/travis/build/icyphy/ptII/ptolemy/domains/modal/test
AutoTests.java: About to close Vertx.
AutoTests.java: Vertx closed.

===========================================================================================
----------------- testing Sat Apr 04 13:46:14 UTC 2020 /home/travis/build/icyphy/ptII/ptolemy/domains/modal/test/auto/ABPTest.xml
----------------- Instantiating /home/travis/build/icyphy/ptII/ptolemy/domains/modal/test/auto/ABPTest.xml
370 ms. Memory: 158720K Free: 114373K (72%)
----------------- Invoking toplevel() on ptolemy.moml.MoMLSimpleApplication@5879df42
----------------- Done invoking toplevel() on ptolemy.moml.MoMLSimpleApplication@5879df42
reloadAllAccessors: .ABPTest

===========================================================================================
----------------- testing Sat Apr 04 13:46:14 UTC 2020 /home/travis/build/icyphy/ptII/ptolemy/domains/modal/test/auto/ABROFlat.xml
----------------- Instantiating /home/travis/build/icyphy/ptII/ptolemy/domains/modal/test/auto/ABROFlat.xml
32 ms. Memory: 158720K Free: 97989K (62%)
----------------- Invoking toplevel() on ptolemy.moml.MoMLSimpleApplication@3c2b6443
----------------- Done invoking toplevel() on ptolemy.moml.MoMLSimpleApplication@3c2b6443
reloadAllAccessors: .ABROFlat

===========================================================================================
----------------- testing Sat Apr 04 13:46:15 UTC 2020 /home/travis/build/icyphy/ptII/ptolemy/domains/modal/test/auto/ABROFlat2.xml
----------------- Instantiating /home/travis/build/icyphy/ptII/ptolemy/domains/modal/test/auto/ABROFlat2.xml
18 ms. Memory: 158720K Free: 81605K (51%)
----------------- Invoking toplevel() on ptolemy.moml.MoMLSimpleApplication@1a10316
----------------- Done invoking toplevel() on ptolemy.moml.MoMLSimpleApplication@1a10316
reloadAllAccessors: .ABROFlat2

===========================================================================================
----------------- testing Sat Apr 04 13:46:15 UTC 2020 /home/travis/build/icyphy/ptII/ptolemy/domains/modal/test/auto/ABRO_present_hmm.xml
----------------- Instantiating /home/travis/build/icyphy/ptII/ptolemy/domains/modal/test/auto/ABRO_present_hmm.xml
34 ms. Memory: 158720K Free: 137511K (87%)
----------------- Invoking toplevel() on ptolemy.moml.MoMLSimpleApplication@5e0ab3a5
----------------- Done invoking toplevel() on ptolemy.moml.MoMLSimpleApplication@5e0ab3a5
reloadAllAccessors: .ABRO_present_hmm

===========================================================================================
----------------- testing Sat Apr 04 13:46:15 UTC 2020 /home/travis/build/icyphy/ptII/ptolemy/domains/modal/test/auto/AMICoderExample.xml
----------------- Instantiating /home/travis/build/icyphy/ptII/ptolemy/domains/modal/test/auto/AMICoderExample.xml
44 ms. Memory: 158720K Free: 126796K (80%)
----------------- Invoking toplevel() on ptolemy.moml.MoMLSimpleApplication@38ab5f15
----------------- Done invoking toplevel() on ptolemy.moml.MoMLSimpleApplication@38ab5f15
reloadAllAccessors: .AMICoderExample

===========================================================================================
----------------- testing Sat Apr 04 13:46:15 UTC 2020 /home/travis/build/icyphy/ptII/ptolemy/domains/modal/test/auto/AbsentToPresent.xml
----------------- Instantiating /home/travis/build/icyphy/ptII/ptolemy/domains/modal/test/auto/AbsentToPresent.xml
6 ms. Memory: 158720K Free: 122241K (77%)
----------------- Invoking toplevel() on ptolemy.moml.MoMLSimpleApplication@2f74e480
----------------- Done invoking toplevel() on ptolemy.moml.MoMLSimpleApplication@2f74e480
reloadAllAccessors: .AbsentToPresent

===========================================================================================
----------------- testing Sat Apr 04 13:46:15 UTC 2020 /home/travis/build/icyphy/ptII/ptolemy/domains/modal/test/auto/Blending.xml
----------------- Instantiating /home/travis/build/icyphy/ptII/ptolemy/domains/modal/test/auto/Blending.xml
167 ms. Memory: 158720K Free: 77169K (49%)
----------------- Invoking toplevel() on ptolemy.moml.MoMLSimpleApplication@3e11dd68
----------------- Done invoking toplevel() on ptolemy.moml.MoMLSimpleApplication@3e11dd68
reloadAllAccessors: .Blending

===========================================================================================
----------------- testing Sat Apr 04 13:46:15 UTC 2020 /home/travis/build/icyphy/ptII/ptolemy/domains/modal/test/auto/Broadcast.xml
----------------- Instantiating /home/travis/build/icyphy/ptII/ptolemy/domains/modal/test/auto/Broadcast.xml
9 ms. Memory: 158720K Free: 67879K (43%)
----------------- Invoking toplevel() on ptolemy.moml.MoMLSimpleApplication@7785f44f
----------------- Done invoking toplevel() on ptolemy.moml.MoMLSimpleApplication@7785f44f
reloadAllAccessors: .Broadcast

===========================================================================================
----------------- testing Sat Apr 04 13:46:15 UTC 2020 /home/travis/build/icyphy/ptII/ptolemy/domains/modal/test/auto/BroadcastHierarchy.xml
----------------- Instantiating /home/travis/build/icyphy/ptII/ptolemy/domains/modal/test/auto/BroadcastHierarchy.xml
8 ms. Memory: 158720K Free: 53639K (34%)
----------------- Invoking toplevel() on ptolemy.moml.MoMLSimpleApplication@60757954
----------------- Done invoking toplevel() on ptolemy.moml.MoMLSimpleApplication@60757954
reloadAllAccessors: .BroadcastHierarchy

===========================================================================================
----------------- testing Sat Apr 04 13:46:15 UTC 2020 /home/travis/build/icyphy/ptII/ptolemy/domains/modal/test/auto/BroadcastHierarchy2.xml
----------------- Instantiating /home/travis/build/icyphy/ptII/ptolemy/domains/modal/test/auto/BroadcastHierarchy2.xml
28 ms. Memory: 200704K Free: 158532K (79%)
----------------- Invoking toplevel() on ptolemy.moml.MoMLSimpleApplication@3def490c
----------------- Done invoking toplevel() on ptolemy.moml.MoMLSimpleApplication@3def490c
reloadAllAccessors: .BroadcastHierarchy2

===========================================================================================
----------------- testing Sat Apr 04 13:46:15 UTC 2020 /home/travis/build/icyphy/ptII/ptolemy/domains/modal/test/auto/BroadcastHierarchy3.xml
----------------- Instantiating /home/travis/build/icyphy/ptII/ptolemy/domains/modal/test/auto/BroadcastHierarchy3.xml
16 ms. Memory: 200704K Free: 138566K (69%)
----------------- Invoking toplevel() on ptolemy.moml.MoMLSimpleApplication@3829d5a6
----------------- Done invoking toplevel() on ptolemy.moml.MoMLSimpleApplication@3829d5a6
reloadAllAccessors: .BroadcastHierarchy3

===========================================================================================
----------------- testing Sat Apr 04 13:46:15 UTC 2020 /home/travis/build/icyphy/ptII/ptolemy/domains/modal/test/auto/BroadcastHierarchy4.xml
----------------- Instantiating /home/travis/build/icyphy/ptII/ptolemy/domains/modal/test/auto/BroadcastHierarchy4.xml
16 ms. Memory: 200704K Free: 113990K (57%)
----------------- Invoking toplevel() on ptolemy.moml.MoMLSimpleApplication@60e5b424
----------------- Done invoking toplevel() on ptolemy.moml.MoMLSimpleApplication@60e5b424
reloadAllAccessors: .BroadcastHierarchy4

===========================================================================================
----------------- testing Sat Apr 04 13:46:16 UTC 2020 /home/travis/build/icyphy/ptII/ptolemy/domains/modal/test/auto/CannotAnalysisWithPreemption2.xml
----------------- Instantiating /home/travis/build/icyphy/ptII/ptolemy/domains/modal/test/auto/CannotAnalysisWithPreemption2.xml
3 ms. Memory: 200704K Free: 106822K (53%)
----------------- Invoking toplevel() on ptolemy.moml.MoMLSimpleApplication@2e0e809b
----------------- Done invoking toplevel() on ptolemy.moml.MoMLSimpleApplication@2e0e809b
reloadAllAccessors: .CannotAnalysisWithPreemption2

===========================================================================================
----------------- testing Sat Apr 04 13:46:16 UTC 2020 /home/travis/build/icyphy/ptII/ptolemy/domains/modal/test/auto/CannotAnalysisWithPreemption3.xml
----------------- Instantiating /home/travis/build/icyphy/ptII/ptolemy/domains/modal/test/auto/CannotAnalysisWithPreemption3.xml
4 ms. Memory: 200704K Free: 96582K (48%)
----------------- Invoking toplevel() on ptolemy.moml.MoMLSimpleApplication@c45e08e
----------------- Done invoking toplevel() on ptolemy.moml.MoMLSimpleApplication@c45e08e
reloadAllAccessors: .CannotAnalysisWithPreemption3

===========================================================================================
----------------- testing Sat Apr 04 13:46:16 UTC 2020 /home/travis/build/icyphy/ptII/ptolemy/domains/modal/test/auto/CannotProduce.xml
----------------- Instantiating /home/travis/build/icyphy/ptII/ptolemy/domains/modal/test/auto/CannotProduce.xml
7 ms. Memory: 200704K Free: 89924K (45%)
----------------- Invoking toplevel() on ptolemy.moml.MoMLSimpleApplication@73a39598
----------------- Done invoking toplevel() on ptolemy.moml.MoMLSimpleApplication@73a39598
reloadAllAccessors: .CannotProduce

===========================================================================================
----------------- testing Sat Apr 04 13:46:16 UTC 2020 /home/travis/build/icyphy/ptII/ptolemy/domains/modal/test/auto/CannotProduceModal.xml
----------------- Instantiating /home/travis/build/icyphy/ptII/ptolemy/domains/modal/test/auto/CannotProduceModal.xml
5 ms. Memory: 200704K Free: 83270K (41%)
----------------- Invoking toplevel() on ptolemy.moml.MoMLSimpleApplication@47768c2a
----------------- Done invoking toplevel() on ptolemy.moml.MoMLSimpleApplication@47768c2a
reloadAllAccessors: .CannotProduceModal

===========================================================================================
----------------- testing Sat Apr 04 13:46:16 UTC 2020 /home/travis/build/icyphy/ptII/ptolemy/domains/modal/test/auto/Case.xml
----------------- Instantiating /home/travis/build/icyphy/ptII/ptolemy/domains/modal/test/auto/Case.xml
17 ms. Memory: 200704K Free: 177513K (88%)
----------------- Invoking toplevel() on ptolemy.moml.MoMLSimpleApplication@7f4b372
----------------- Done invoking toplevel() on ptolemy.moml.MoMLSimpleApplication@7f4b372
reloadAllAccessors: .Case

===========================================================================================
----------------- testing Sat Apr 04 13:46:16 UTC 2020 /home/travis/build/icyphy/ptII/ptolemy/domains/modal/test/auto/Case1.xml
----------------- Instantiating /home/travis/build/icyphy/ptII/ptolemy/domains/modal/test/auto/Case1.xml
8 ms. Memory: 200704K Free: 170347K (85%)
----------------- Invoking toplevel() on ptolemy.moml.MoMLSimpleApplication@7fb3f40f
----------------- Done invoking toplevel() on ptolemy.moml.MoMLSimpleApplication@7fb3f40f
reloadAllAccessors: .Case1

===========================================================================================
----------------- testing Sat Apr 04 13:46:16 UTC 2020 /home/travis/build/icyphy/ptII/ptolemy/domains/modal/test/auto/Case2.xml
----------------- Instantiating /home/travis/build/icyphy/ptII/ptolemy/domains/modal/test/auto/Case2.xml
26 ms. Memory: 200704K Free: 159593K (80%)
----------------- Invoking toplevel() on ptolemy.moml.MoMLSimpleApplication@535928b4
----------------- Done invoking toplevel() on ptolemy.moml.MoMLSimpleApplication@535928b4
reloadAllAccessors: .Case2

===========================================================================================
----------------- testing Sat Apr 04 13:46:16 UTC 2020 /home/travis/build/icyphy/ptII/ptolemy/domains/modal/test/auto/CausalityInterface1.xml
----------------- Instantiating /home/travis/build/icyphy/ptII/ptolemy/domains/modal/test/auto/CausalityInterface1.xml
3 ms. Memory: 200704K Free: 154473K (77%)
----------------- Invoking toplevel() on ptolemy.moml.MoMLSimpleApplication@1a0a47b9
----------------- Done invoking toplevel() on ptolemy.moml.MoMLSimpleApplication@1a0a47b9
reloadAllAccessors: .CausalityInterface1

===========================================================================================
----------------- testing Sat Apr 04 13:46:16 UTC 2020 /home/travis/build/icyphy/ptII/ptolemy/domains/modal/test/auto/CausalityInterface10.xml
----------------- Instantiating /home/travis/build/icyphy/ptII/ptolemy/domains/modal/test/auto/CausalityInterface10.xml
6 ms. Memory: 200704K Free: 141147K (70%)
----------------- Invoking toplevel() on ptolemy.moml.MoMLSimpleApplication@72401c3
----------------- Done invoking toplevel() on ptolemy.moml.MoMLSimpleApplication@72401c3
reloadAllAccessors: .CausalityInterface10

===========================================================================================
----------------- testing Sat Apr 04 13:46:16 UTC 2020 /home/travis/build/icyphy/ptII/ptolemy/domains/modal/test/auto/CausalityInterface11.xml
----------------- Instantiating /home/travis/build/icyphy/ptII/ptolemy/domains/modal/test/auto/CausalityInterface11.xml
6 ms. Memory: 200704K Free: 127819K (64%)
----------------- Invoking toplevel() on ptolemy.moml.MoMLSimpleApplication@290e6cf0
----------------- Done invoking toplevel() on ptolemy.moml.MoMLSimpleApplication@290e6cf0
reloadAllAccessors: .CausalityInterface11

===========================================================================================
----------------- testing Sat Apr 04 13:46:16 UTC 2020 /home/travis/build/icyphy/ptII/ptolemy/domains/modal/test/auto/CausalityInterface12.xml
----------------- Instantiating /home/travis/build/icyphy/ptII/ptolemy/domains/modal/test/auto/CausalityInterface12.xml
6 ms. Memory: 200704K Free: 114507K (57%)
----------------- Invoking toplevel() on ptolemy.moml.MoMLSimpleApplication@4fbc2683
----------------- Done invoking toplevel() on ptolemy.moml.MoMLSimpleApplication@4fbc2683
reloadAllAccessors: .CausalityInterface12

===========================================================================================
----------------- testing Sat Apr 04 13:46:16 UTC 2020 /home/travis/build/icyphy/ptII/ptolemy/domains/modal/test/auto/CausalityInterface13.xml
----------------- Instantiating /home/travis/build/icyphy/ptII/ptolemy/domains/modal/test/auto/CausalityInterface13.xml
15 ms. Memory: 200704K Free: 100715K (50%)
----------------- Invoking toplevel() on ptolemy.moml.MoMLSimpleApplication@1134884e
----------------- Done invoking toplevel() on ptolemy.moml.MoMLSimpleApplication@1134884e
reloadAllAccessors: .CausalityInterface13

===========================================================================================
----------------- testing Sat Apr 04 13:46:16 UTC 2020 /home/travis/build/icyphy/ptII/ptolemy/domains/modal/test/auto/CausalityInterface14.xml
----------------- Instantiating /home/travis/build/icyphy/ptII/ptolemy/domains/modal/test/auto/CausalityInterface14.xml
13 ms. Memory: 200704K Free: 86859K (43%)
----------------- Invoking toplevel() on ptolemy.moml.MoMLSimpleApplication@43ecb8c
----------------- Done invoking toplevel() on ptolemy.moml.MoMLSimpleApplication@43ecb8c
reloadAllAccessors: .CausalityInterface14

===========================================================================================
----------------- testing Sat Apr 04 13:46:16 UTC 2020 /home/travis/build/icyphy/ptII/ptolemy/domains/modal/test/auto/CausalityInterface2.xml
----------------- Instantiating /home/travis/build/icyphy/ptII/ptolemy/domains/modal/test/auto/CausalityInterface2.xml
2 ms. Memory: 200704K Free: 80235K (40%)
----------------- Invoking toplevel() on ptolemy.moml.MoMLSimpleApplication@79e26f77
----------------- Done invoking toplevel() on ptolemy.moml.MoMLSimpleApplication@79e26f77
reloadAllAccessors: .CausalityInterface2

===========================================================================================
----------------- testing Sat Apr 04 13:46:16 UTC 2020 /home/travis/build/icyphy/ptII/ptolemy/domains/modal/test/auto/CausalityInterface3.xml
----------------- Instantiating /home/travis/build/icyphy/ptII/ptolemy/domains/modal/test/auto/CausalityInterface3.xml
3 ms. Memory: 200704K Free: 73571K (37%)
----------------- Invoking toplevel() on ptolemy.moml.MoMLSimpleApplication@3b3a62b8
----------------- Done invoking toplevel() on ptolemy.moml.MoMLSimpleApplication@3b3a62b8
reloadAllAccessors: .CausalityInterface3

===========================================================================================
----------------- testing Sat Apr 04 13:46:16 UTC 2020 /home/travis/build/icyphy/ptII/ptolemy/domains/modal/test/auto/CausalityInterface4.xml
----------------- Instantiating /home/travis/build/icyphy/ptII/ptolemy/domains/modal/test/auto/CausalityInterface4.xml
3 ms. Memory: 200704K Free: 67433K (34%)
----------------- Invoking toplevel() on ptolemy.moml.MoMLSimpleApplication@5ebb4e27
----------------- Done invoking toplevel() on ptolemy.moml.MoMLSimpleApplication@5ebb4e27
reloadAllAccessors: .CausalityInterface4

===========================================================================================
----------------- testing Sat Apr 04 13:46:16 UTC 2020 /home/travis/build/icyphy/ptII/ptolemy/domains/modal/test/auto/CausalityInterface5.xml
----------------- Instantiating /home/travis/build/icyphy/ptII/ptolemy/domains/modal/test/auto/CausalityInterface5.xml
5 ms. Memory: 200704K Free: 173438K (86%)
----------------- Invoking toplevel() on ptolemy.moml.MoMLSimpleApplication@6038dfeb
----------------- Done invoking toplevel() on ptolemy.moml.MoMLSimpleApplication@6038dfeb
reloadAllAccessors: .CausalityInterface5

===========================================================================================
----------------- testing Sat Apr 04 13:46:16 UTC 2020 /home/travis/build/icyphy/ptII/ptolemy/domains/modal/test/auto/CausalityInterface6.xml
----------------- Instantiating /home/travis/build/icyphy/ptII/ptolemy/domains/modal/test/auto/CausalityInterface6.xml
4 ms. Memory: 200704K Free: 165246K (82%)
----------------- Invoking toplevel() on ptolemy.moml.MoMLSimpleApplication@2cb76a81
----------------- Done invoking toplevel() on ptolemy.moml.MoMLSimpleApplication@2cb76a81
reloadAllAccessors: .CausalityInterface6

===========================================================================================
----------------- testing Sat Apr 04 13:46:16 UTC 2020 /home/travis/build/icyphy/ptII/ptolemy/domains/modal/test/auto/CausalityInterface7.xml
----------------- Instantiating /home/travis/build/icyphy/ptII/ptolemy/domains/modal/test/auto/CausalityInterface7.xml
3 ms. Memory: 200704K Free: 157054K (78%)
----------------- Invoking toplevel() on ptolemy.moml.MoMLSimpleApplication@77f9d953
----------------- Done invoking toplevel() on ptolemy.moml.MoMLSimpleApplication@77f9d953
reloadAllAccessors: .CausalityInterface7

===========================================================================================
----------------- testing Sat Apr 04 13:46:16 UTC 2020 /home/travis/build/icyphy/ptII/ptolemy/domains/modal/test/auto/CausalityInterface8.xml
----------------- Instantiating /home/travis/build/icyphy/ptII/ptolemy/domains/modal/test/auto/CausalityInterface8.xml
4 ms. Memory: 200704K Free: 148342K (74%)
----------------- Invoking toplevel() on ptolemy.moml.MoMLSimpleApplication@3717be03
----------------- Done invoking toplevel() on ptolemy.moml.MoMLSimpleApplication@3717be03
reloadAllAccessors: .CausalityInterface8

===========================================================================================
----------------- testing Sat Apr 04 13:46:16 UTC 2020 /home/travis/build/icyphy/ptII/ptolemy/domains/modal/test/auto/CausalityInterface9.xml
----------------- Instantiating /home/travis/build/icyphy/ptII/ptolemy/domains/modal/test/auto/CausalityInterface9.xml
4 ms. Memory: 200704K Free: 139132K (69%)
----------------- Invoking toplevel() on ptolemy.moml.MoMLSimpleApplication@29616d3b
----------------- Done invoking toplevel() on ptolemy.moml.MoMLSimpleApplication@29616d3b
reloadAllAccessors: .CausalityInterface9

===========================================================================================
----------------- testing Sat Apr 04 13:46:16 UTC 2020 /home/travis/build/icyphy/ptII/ptolemy/domains/modal/test/auto/ChainedTransitions.xml
----------------- Instantiating /home/travis/build/icyphy/ptII/ptolemy/domains/modal/test/auto/ChainedTransitions.xml
93 ms. Memory: 200704K Free: 114542K (57%)
----------------- Invoking toplevel() on ptolemy.moml.MoMLSimpleApplication@3e44e581
----------------- Done invoking toplevel() on ptolemy.moml.MoMLSimpleApplication@3e44e581
reloadAllAccessors: .ChainedTransitions

===========================================================================================
----------------- testing Sat Apr 04 13:46:17 UTC 2020 /home/travis/build/icyphy/ptII/ptolemy/domains/modal/test/auto/CycleOfImmediateTransitionsFSM.xml
----------------- Instantiating /home/travis/build/icyphy/ptII/ptolemy/domains/modal/test/auto/CycleOfImmediateTransitionsFSM.xml
2 ms. Memory: 200704K Free: 108926K (54%)
----------------- Invoking toplevel() on ptolemy.moml.MoMLSimpleApplication@70dda4df
----------------- Done invoking toplevel() on ptolemy.moml.MoMLSimpleApplication@70dda4df
reloadAllAccessors: .CycleOfImmediateTransitionsFSM

===========================================================================================
----------------- testing Sat Apr 04 13:46:17 UTC 2020 /home/travis/build/icyphy/ptII/ptolemy/domains/modal/test/auto/CycleOfImmediateTransitionsModal.xml
----------------- Instantiating /home/travis/build/icyphy/ptII/ptolemy/domains/modal/test/auto/CycleOfImmediateTransitionsModal.xml
3 ms. Memory: 200704K Free: 102782K (51%)
----------------- Invoking toplevel() on ptolemy.moml.MoMLSimpleApplication@7238241b
----------------- Done invoking toplevel() on ptolemy.moml.MoMLSimpleApplication@7238241b
reloadAllAccessors: .CycleOfImmediateTransitionsModal

===========================================================================================
----------------- testing Sat Apr 04 13:46:17 UTC 2020 /home/travis/build/icyphy/ptII/ptolemy/domains/modal/test/auto/CycleOfImmediateTransitionsModal2.xml
----------------- Instantiating /home/travis/build/icyphy/ptII/ptolemy/domains/modal/test/auto/CycleOfImmediateTransitionsModal2.xml
17 ms. Memory: 200704K Free: 96638K (48%)
----------------- Invoking toplevel() on ptolemy.moml.MoMLSimpleApplication@7c0b64ed
----------------- Done invoking toplevel() on ptolemy.moml.MoMLSimpleApplication@7c0b64ed
reloadAllAccessors: .CycleOfImmediateTransitionsModal2

===========================================================================================
----------------- testing Sat Apr 04 13:46:17 UTC 2020 /home/travis/build/icyphy/ptII/ptolemy/domains/modal/test/auto/CycleOfImmediateTransitionsModal3.xml
----------------- Instantiating /home/travis/build/icyphy/ptII/ptolemy/domains/modal/test/auto/CycleOfImmediateTransitionsModal3.xml
12 ms. Memory: 200704K Free: 74110K (37%)
----------------- Invoking toplevel() on ptolemy.moml.MoMLSimpleApplication@6f0ab044
----------------- Done invoking toplevel() on ptolemy.moml.MoMLSimpleApplication@6f0ab044
reloadAllAccessors: .CycleOfImmediateTransitionsModal3

===========================================================================================
----------------- testing Sat Apr 04 13:46:17 UTC 2020 /home/travis/build/icyphy/ptII/ptolemy/domains/modal/test/auto/DeepModal1.xml
----------------- Instantiating /home/travis/build/icyphy/ptII/ptolemy/domains/modal/test/auto/DeepModal1.xml
25 ms. Memory: 200704K Free: 174985K (87%)
----------------- Invoking toplevel() on ptolemy.moml.MoMLSimpleApplication@63a8e07f
----------------- Done invoking toplevel() on ptolemy.moml.MoMLSimpleApplication@63a8e07f
reloadAllAccessors: .DeepModal1

===========================================================================================
----------------- testing Sat Apr 04 13:46:17 UTC 2020 /home/travis/build/icyphy/ptII/ptolemy/domains/modal/test/auto/DeepModal2.xml
----------------- Instantiating /home/travis/build/icyphy/ptII/ptolemy/domains/modal/test/auto/DeepModal2.xml
24 ms. Memory: 200704K Free: 156537K (78%)
----------------- Invoking toplevel() on ptolemy.moml.MoMLSimpleApplication@647efdea
----------------- Done invoking toplevel() on ptolemy.moml.MoMLSimpleApplication@647efdea
reloadAllAccessors: .DeepModal2

===========================================================================================
----------------- testing Sat Apr 04 13:46:17 UTC 2020 /home/travis/build/icyphy/ptII/ptolemy/domains/modal/test/auto/DeepModal3.xml
----------------- Instantiating /home/travis/build/icyphy/ptII/ptolemy/domains/modal/test/auto/DeepModal3.xml
29 ms. Memory: 200704K Free: 136601K (68%)
----------------- Invoking toplevel() on ptolemy.moml.MoMLSimpleApplication@192b41bd
----------------- Done invoking toplevel() on ptolemy.moml.MoMLSimpleApplication@192b41bd
reloadAllAccessors: .DeepModal3

===========================================================================================
----------------- testing Sat Apr 04 13:46:17 UTC 2020 /home/travis/build/icyphy/ptII/ptolemy/domains/modal/test/auto/DeepModal4.xml
----------------- Instantiating /home/travis/build/icyphy/ptII/ptolemy/domains/modal/test/auto/DeepModal4.xml
28 ms. Memory: 200704K Free: 117145K (58%)
----------------- Invoking toplevel() on ptolemy.moml.MoMLSimpleApplication@31448269
----------------- Done invoking toplevel() on ptolemy.moml.MoMLSimpleApplication@31448269
reloadAllAccessors: .DeepModal4

===========================================================================================
----------------- testing Sat Apr 04 13:46:17 UTC 2020 /home/travis/build/icyphy/ptII/ptolemy/domains/modal/test/auto/Default1.xml
----------------- Instantiating /home/travis/build/icyphy/ptII/ptolemy/domains/modal/test/auto/Default1.xml
2 ms. Memory: 200704K Free: 111001K (55%)
----------------- Invoking toplevel() on ptolemy.moml.MoMLSimpleApplication@628d8ffc
----------------- Done invoking toplevel() on ptolemy.moml.MoMLSimpleApplication@628d8ffc
reloadAllAccessors: .Default1

===========================================================================================
----------------- testing Sat Apr 04 13:46:17 UTC 2020 /home/travis/build/icyphy/ptII/ptolemy/domains/modal/test/auto/Default2.xml
----------------- Instantiating /home/travis/build/icyphy/ptII/ptolemy/domains/modal/test/auto/Default2.xml
8 ms. Memory: 200704K Free: 105367K (52%)
----------------- Invoking toplevel() on ptolemy.moml.MoMLSimpleApplication@69277e9e
----------------- Done invoking toplevel() on ptolemy.moml.MoMLSimpleApplication@69277e9e
reloadAllAccessors: .Default2

===========================================================================================
----------------- testing Sat Apr 04 13:46:17 UTC 2020 /home/travis/build/icyphy/ptII/ptolemy/domains/modal/test/auto/Default3.xml
----------------- Instantiating /home/travis/build/icyphy/ptII/ptolemy/domains/modal/test/auto/Default3.xml
5 ms. Memory: 200704K Free: 99223K (49%)
----------------- Invoking toplevel() on ptolemy.moml.MoMLSimpleApplication@7f11591c
----------------- Done invoking toplevel() on ptolemy.moml.MoMLSimpleApplication@7f11591c
reloadAllAccessors: .Default3

===========================================================================================
----------------- testing Sat Apr 04 13:46:17 UTC 2020 /home/travis/build/icyphy/ptII/ptolemy/domains/modal/test/auto/Default4.xml
----------------- Instantiating /home/travis/build/icyphy/ptII/ptolemy/domains/modal/test/auto/Default4.xml
7 ms. Memory: 200704K Free: 93079K (46%)
----------------- Invoking toplevel() on ptolemy.moml.MoMLSimpleApplication@2e031be9
----------------- Done invoking toplevel() on ptolemy.moml.MoMLSimpleApplication@2e031be9
reloadAllAccessors: .Default4

===========================================================================================
----------------- testing Sat Apr 04 13:46:17 UTC 2020 /home/travis/build/icyphy/ptII/ptolemy/domains/modal/test/auto/Default5.xml
----------------- Instantiating /home/travis/build/icyphy/ptII/ptolemy/domains/modal/test/auto/Default5.xml
6 ms. Memory: 200704K Free: 84887K (42%)
----------------- Invoking toplevel() on ptolemy.moml.MoMLSimpleApplication@1311b505
----------------- Done invoking toplevel() on ptolemy.moml.MoMLSimpleApplication@1311b505
reloadAllAccessors: .Default5

===========================================================================================
----------------- testing Sat Apr 04 13:46:17 UTC 2020 /home/travis/build/icyphy/ptII/ptolemy/domains/modal/test/auto/EmptyGuard.xml
----------------- Instantiating /home/travis/build/icyphy/ptII/ptolemy/domains/modal/test/auto/EmptyGuard.xml
9 ms. Memory: 200704K Free: 77209K (38%)
----------------- Invoking toplevel() on ptolemy.moml.MoMLSimpleApplication@179bda2c
----------------- Done invoking toplevel() on ptolemy.moml.MoMLSimpleApplication@179bda2c
reloadAllAccessors: .EmptyGuard

===========================================================================================
----------------- testing Sat Apr 04 13:46:17 UTC 2020 /home/travis/build/icyphy/ptII/ptolemy/domains/modal/test/auto/ErrorTransition1.xml
----------------- Instantiating /home/travis/build/icyphy/ptII/ptolemy/domains/modal/test/auto/ErrorTransition1.xml
7 ms. Memory: 200704K Free: 68503K (34%)
----------------- Invoking toplevel() on ptolemy.moml.MoMLSimpleApplication@246aed5c
----------------- Done invoking toplevel() on ptolemy.moml.MoMLSimpleApplication@246aed5c
reloadAllAccessors: .ErrorTransition1

===========================================================================================
----------------- testing Sat Apr 04 13:46:17 UTC 2020 /home/travis/build/icyphy/ptII/ptolemy/domains/modal/test/auto/ErrorTransition10.xml
----------------- Instantiating /home/travis/build/icyphy/ptII/ptolemy/domains/modal/test/auto/ErrorTransition10.xml
13 ms. Memory: 241664K Free: 210710K (87%)
----------------- Invoking toplevel() on ptolemy.moml.MoMLSimpleApplication@56c8dcfa
----------------- Done invoking toplevel() on ptolemy.moml.MoMLSimpleApplication@56c8dcfa
reloadAllAccessors: .ErrorTransition10

===========================================================================================
----------------- testing Sat Apr 04 13:46:17 UTC 2020 /home/travis/build/icyphy/ptII/ptolemy/domains/modal/test/auto/ErrorTransition11.xml
----------------- Instantiating /home/travis/build/icyphy/ptII/ptolemy/domains/modal/test/auto/ErrorTransition11.xml
5 ms. Memory: 241664K Free: 199461K (83%)
----------------- Invoking toplevel() on ptolemy.moml.MoMLSimpleApplication@3fc42667
----------------- Done invoking toplevel() on ptolemy.moml.MoMLSimpleApplication@3fc42667
reloadAllAccessors: .ErrorTransition11

===========================================================================================
----------------- testing Sat Apr 04 13:46:17 UTC 2020 /home/travis/build/icyphy/ptII/ptolemy/domains/modal/test/auto/ErrorTransition2.xml
----------------- Instantiating /home/travis/build/icyphy/ptII/ptolemy/domains/modal/test/auto/ErrorTransition2.xml
7 ms. Memory: 241664K Free: 190245K (79%)
----------------- Invoking toplevel() on ptolemy.moml.MoMLSimpleApplication@4c5e49eb
----------------- Done invoking toplevel() on ptolemy.moml.MoMLSimpleApplication@4c5e49eb
reloadAllAccessors: .ErrorTransition2

===========================================================================================
----------------- testing Sat Apr 04 13:46:17 UTC 2020 /home/travis/build/icyphy/ptII/ptolemy/domains/modal/test/auto/ErrorTransition3.xml
----------------- Instantiating /home/travis/build/icyphy/ptII/ptolemy/domains/modal/test/auto/ErrorTransition3.xml
20 ms. Memory: 241664K Free: 180519K (75%)
----------------- Invoking toplevel() on ptolemy.moml.MoMLSimpleApplication@6c06fc40
----------------- Done invoking toplevel() on ptolemy.moml.MoMLSimpleApplication@6c06fc40
reloadAllAccessors: .ErrorTransition3

===========================================================================================
----------------- testing Sat Apr 04 13:46:17 UTC 2020 /home/travis/build/icyphy/ptII/ptolemy/domains/modal/test/auto/ErrorTransition4.xml
----------------- Instantiating /home/travis/build/icyphy/ptII/ptolemy/domains/modal/test/auto/ErrorTransition4.xml
11 ms. Memory: 241664K Free: 169255K (70%)
----------------- Invoking toplevel() on ptolemy.moml.MoMLSimpleApplication@1634cc39
----------------- Done invoking toplevel() on ptolemy.moml.MoMLSimpleApplication@1634cc39
reloadAllAccessors: .ErrorTransition4

===========================================================================================
----------------- testing Sat Apr 04 13:46:17 UTC 2020 /home/travis/build/icyphy/ptII/ptolemy/domains/modal/test/auto/ErrorTransition5.xml
----------------- Instantiating /home/travis/build/icyphy/ptII/ptolemy/domains/modal/test/auto/ErrorTransition5.xml
7 ms. Memory: 241664K Free: 159015K (66%)
----------------- Invoking toplevel() on ptolemy.moml.MoMLSimpleApplication@1c04fa52
----------------- Done invoking toplevel() on ptolemy.moml.MoMLSimpleApplication@1c04fa52
reloadAllAccessors: .ErrorTransition5

===========================================================================================
----------------- testing Sat Apr 04 13:46:17 UTC 2020 /home/travis/build/icyphy/ptII/ptolemy/domains/modal/test/auto/ErrorTransition6.xml
----------------- Instantiating /home/travis/build/icyphy/ptII/ptolemy/domains/modal/test/auto/ErrorTransition6.xml
9 ms. Memory: 241664K Free: 148261K (61%)
----------------- Invoking toplevel() on ptolemy.moml.MoMLSimpleApplication@38efa279
----------------- Done invoking toplevel() on ptolemy.moml.MoMLSimpleApplication@38efa279
reloadAllAccessors: .ErrorTransition6

===========================================================================================
----------------- testing Sat Apr 04 13:46:17 UTC 2020 /home/travis/build/icyphy/ptII/ptolemy/domains/modal/test/auto/ErrorTransition7.xml
----------------- Instantiating /home/travis/build/icyphy/ptII/ptolemy/domains/modal/test/auto/ErrorTransition7.xml
15 ms. Memory: 241664K Free: 135463K (56%)
----------------- Invoking toplevel() on ptolemy.moml.MoMLSimpleApplication@5bb2901e
----------------- Done invoking toplevel() on ptolemy.moml.MoMLSimpleApplication@5bb2901e
reloadAllAccessors: .ErrorTransition7

===========================================================================================
----------------- testing Sat Apr 04 13:46:18 UTC 2020 /home/travis/build/icyphy/ptII/ptolemy/domains/modal/test/auto/ErrorTransition8.xml
----------------- Instantiating /home/travis/build/icyphy/ptII/ptolemy/domains/modal/test/auto/ErrorTransition8.xml
23 ms. Memory: 241664K Free: 122151K (51%)
----------------- Invoking toplevel() on ptolemy.moml.MoMLSimpleApplication@1744796e
----------------- Done invoking toplevel() on ptolemy.moml.MoMLSimpleApplication@1744796e
reloadAllAccessors: .ErrorTransition8

===========================================================================================
----------------- testing Sat Apr 04 13:46:18 UTC 2020 /home/travis/build/icyphy/ptII/ptolemy/domains/modal/test/auto/ErrorTransition9.xml
----------------- Instantiating /home/travis/build/icyphy/ptII/ptolemy/domains/modal/test/auto/ErrorTransition9.xml
13 ms. Memory: 241664K Free: 108839K (45%)
----------------- Invoking toplevel() on ptolemy.moml.MoMLSimpleApplication@359394a
----------------- Done invoking toplevel() on ptolemy.moml.MoMLSimpleApplication@359394a
reloadAllAccessors: .ErrorTransition9

===========================================================================================
----------------- testing Sat Apr 04 13:46:18 UTC 2020 /home/travis/build/icyphy/ptII/ptolemy/domains/modal/test/auto/ExtendedFSM.xml
----------------- Instantiating /home/travis/build/icyphy/ptII/ptolemy/domains/modal/test/auto/ExtendedFSM.xml
8 ms. Memory: 241664K Free: 100118K (41%)
----------------- Invoking toplevel() on ptolemy.moml.MoMLSimpleApplication@7b001332
----------------- Done invoking toplevel() on ptolemy.moml.MoMLSimpleApplication@7b001332
reloadAllAccessors: .ExtendedFSM

===========================================================================================
----------------- testing Sat Apr 04 13:46:18 UTC 2020 /home/travis/build/icyphy/ptII/ptolemy/domains/modal/test/auto/FinalStates.xml
----------------- Instantiating /home/travis/build/icyphy/ptII/ptolemy/domains/modal/test/auto/FinalStates.xml
6 ms. Memory: 241664K Free: 91926K (38%)
----------------- Invoking toplevel() on ptolemy.moml.MoMLSimpleApplication@2e510083
----------------- Done invoking toplevel() on ptolemy.moml.MoMLSimpleApplication@2e510083
reloadAllAccessors: .FinalStates

===========================================================================================
----------------- testing Sat Apr 04 13:46:18 UTC 2020 /home/travis/build/icyphy/ptII/ptolemy/domains/modal/test/auto/FixedPointFSM.xml
----------------- Instantiating /home/travis/build/icyphy/ptII/ptolemy/domains/modal/test/auto/FixedPointFSM.xml
20 ms. Memory: 241664K Free: 215883K (89%)
----------------- Invoking toplevel() on ptolemy.moml.MoMLSimpleApplication@5bc8feff
----------------- Done invoking toplevel() on ptolemy.moml.MoMLSimpleApplication@5bc8feff
reloadAllAccessors: .FixedPointFSM

===========================================================================================
----------------- testing Sat Apr 04 13:46:18 UTC 2020 /home/travis/build/icyphy/ptII/ptolemy/domains/modal/test/auto/FixedPointIterationFSMActor.xml
----------------- Instantiating /home/travis/build/icyphy/ptII/ptolemy/domains/modal/test/auto/FixedPointIterationFSMActor.xml
7 ms. Memory: 241664K Free: 205123K (85%)
----------------- Invoking toplevel() on ptolemy.moml.MoMLSimpleApplication@379cecd
----------------- Done invoking toplevel() on ptolemy.moml.MoMLSimpleApplication@379cecd
reloadAllAccessors: .FixedPointIterationFSMActor

===========================================================================================
----------------- testing Sat Apr 04 13:46:18 UTC 2020 /home/travis/build/icyphy/ptII/ptolemy/domains/modal/test/auto/FixedPointIterationFSMActor2.xml
----------------- Instantiating /home/travis/build/icyphy/ptII/ptolemy/domains/modal/test/auto/FixedPointIterationFSMActor2.xml
9 ms. Memory: 241664K Free: 193355K (80%)
----------------- Invoking toplevel() on ptolemy.moml.MoMLSimpleApplication@6efb8ce0
----------------- Done invoking toplevel() on ptolemy.moml.MoMLSimpleApplication@6efb8ce0
reloadAllAccessors: .FixedPointIterationFSMActor2

===========================================================================================
----------------- testing Sat Apr 04 13:46:18 UTC 2020 /home/travis/build/icyphy/ptII/ptolemy/domains/modal/test/auto/ForbiddenInstantanousLoop.xml
----------------- Instantiating /home/travis/build/icyphy/ptII/ptolemy/domains/modal/test/auto/ForbiddenInstantanousLoop.xml
5 ms. Memory: 241664K Free: 181067K (75%)
----------------- Invoking toplevel() on ptolemy.moml.MoMLSimpleApplication@5be190ae
----------------- Done invoking toplevel() on ptolemy.moml.MoMLSimpleApplication@5be190ae
reloadAllAccessors: .ForbiddenInstantanousLoop

===========================================================================================
----------------- testing Sat Apr 04 13:46:18 UTC 2020 /home/travis/build/icyphy/ptII/ptolemy/domains/modal/test/auto/FunctionDependencyOfFSMActorTest.xml
----------------- Instantiating /home/travis/build/icyphy/ptII/ptolemy/domains/modal/test/auto/FunctionDependencyOfFSMActorTest.xml
5 ms. Memory: 241664K Free: 174409K (72%)
----------------- Invoking toplevel() on ptolemy.moml.MoMLSimpleApplication@4deb2150
----------------- Done invoking toplevel() on ptolemy.moml.MoMLSimpleApplication@4deb2150
reloadAllAccessors: .FunctionDependencyOfFSMActorTest

===========================================================================================
----------------- testing Sat Apr 04 13:46:18 UTC 2020 /home/travis/build/icyphy/ptII/ptolemy/domains/modal/test/auto/GuardExpression.xml
----------------- Instantiating /home/travis/build/icyphy/ptII/ptolemy/domains/modal/test/auto/GuardExpression.xml
1 ms. Memory: 241664K Free: 169289K (70%)
----------------- Invoking toplevel() on ptolemy.moml.MoMLSimpleApplication@48cf52de
----------------- Done invoking toplevel() on ptolemy.moml.MoMLSimpleApplication@48cf52de
reloadAllAccessors: .GuardExpression

===========================================================================================
----------------- testing Sat Apr 04 13:46:18 UTC 2020 /home/travis/build/icyphy/ptII/ptolemy/domains/modal/test/auto/GuardNotEvaluated.xml
----------------- Instantiating /home/travis/build/icyphy/ptII/ptolemy/domains/modal/test/auto/GuardNotEvaluated.xml
5 ms. Memory: 241664K Free: 160587K (66%)
----------------- Invoking toplevel() on ptolemy.moml.MoMLSimpleApplication@54af3008
----------------- Done invoking toplevel() on ptolemy.moml.MoMLSimpleApplication@54af3008
reloadAllAccessors: .GuardNotEvaluated

===========================================================================================
----------------- testing Sat Apr 04 13:46:18 UTC 2020 /home/travis/build/icyphy/ptII/ptolemy/domains/modal/test/auto/GuardNotEvaluated2.xml
----------------- Instantiating /home/travis/build/icyphy/ptII/ptolemy/domains/modal/test/auto/GuardNotEvaluated2.xml
7 ms. Memory: 241664K Free: 150857K (62%)
----------------- Invoking toplevel() on ptolemy.moml.MoMLSimpleApplication@19927662
----------------- Done invoking toplevel() on ptolemy.moml.MoMLSimpleApplication@19927662
reloadAllAccessors: .GuardNotEvaluated2

===========================================================================================
----------------- testing Sat Apr 04 13:46:18 UTC 2020 /home/travis/build/icyphy/ptII/ptolemy/domains/modal/test/auto/GuardOnAbsent.xml
----------------- Instantiating /home/travis/build/icyphy/ptII/ptolemy/domains/modal/test/auto/GuardOnAbsent.xml
7 ms. Memory: 241664K Free: 143659K (59%)
----------------- Invoking toplevel() on ptolemy.moml.MoMLSimpleApplication@552902af
----------------- Done invoking toplevel() on ptolemy.moml.MoMLSimpleApplication@552902af
reloadAllAccessors: .GuardOnAbsent

===========================================================================================
----------------- testing Sat Apr 04 13:46:18 UTC 2020 /home/travis/build/icyphy/ptII/ptolemy/domains/modal/test/auto/HierarchicalFSMTypeInference.xml
----------------- Instantiating /home/travis/build/icyphy/ptII/ptolemy/domains/modal/test/auto/HierarchicalFSMTypeInference.xml
4 ms. Memory: 241664K Free: 132939K (55%)
----------------- Invoking toplevel() on ptolemy.moml.MoMLSimpleApplication@2b46aee2
----------------- Done invoking toplevel() on ptolemy.moml.MoMLSimpleApplication@2b46aee2
reloadAllAccessors: .HierarchicalFSMTypeInference

===========================================================================================
----------------- testing Sat Apr 04 13:46:18 UTC 2020 /home/travis/build/icyphy/ptII/ptolemy/domains/modal/test/auto/Hysteresis.xml
----------------- Instantiating /home/travis/build/icyphy/ptII/ptolemy/domains/modal/test/auto/Hysteresis.xml
11 ms. Memory: 241664K Free: 119627K (50%)
----------------- Invoking toplevel() on ptolemy.moml.MoMLSimpleApplication@115af5fb
----------------- Done invoking toplevel() on ptolemy.moml.MoMLSimpleApplication@115af5fb
reloadAllAccessors: .Hysteresis

===========================================================================================
----------------- testing Sat Apr 04 13:46:18 UTC 2020 /home/travis/build/icyphy/ptII/ptolemy/domains/modal/test/auto/HysteresisWithDefault.xml
----------------- Instantiating /home/travis/build/icyphy/ptII/ptolemy/domains/modal/test/auto/HysteresisWithDefault.xml
43 ms. Memory: 241664K Free: 96571K (40%)
----------------- Invoking toplevel() on ptolemy.moml.MoMLSimpleApplication@4878212f
----------------- Done invoking toplevel() on ptolemy.moml.MoMLSimpleApplication@4878212f
reloadAllAccessors: .HysteresisWithDefault

===========================================================================================
----------------- testing Sat Apr 04 13:46:18 UTC 2020 /home/travis/build/icyphy/ptII/ptolemy/domains/modal/test/auto/HysteresisWithDefault2.xml
----------------- Instantiating /home/travis/build/icyphy/ptII/ptolemy/domains/modal/test/auto/HysteresisWithDefault2.xml
60 ms. Memory: 241664K Free: 205607K (85%)
----------------- Invoking toplevel() on ptolemy.moml.MoMLSimpleApplication@62aeb399
----------------- Done invoking toplevel() on ptolemy.moml.MoMLSimpleApplication@62aeb399
reloadAllAccessors: .HysteresisWithDefault2

===========================================================================================
----------------- testing Sat Apr 04 13:46:18 UTC 2020 /home/travis/build/icyphy/ptII/ptolemy/domains/modal/test/auto/ImmediateNonConstructiveness.xml
----------------- Instantiating /home/travis/build/icyphy/ptII/ptolemy/domains/modal/test/auto/ImmediateNonConstructiveness.xml
3 ms. Memory: 241664K Free: 198439K (82%)
----------------- Invoking toplevel() on ptolemy.moml.MoMLSimpleApplication@5ac1497a
----------------- Done invoking toplevel() on ptolemy.moml.MoMLSimpleApplication@5ac1497a
reloadAllAccessors: .ImmediateNonConstructiveness

===========================================================================================
----------------- testing Sat Apr 04 13:46:18 UTC 2020 /home/travis/build/icyphy/ptII/ptolemy/domains/modal/test/auto/ImmediateNonConstructiveness2.xml
----------------- Instantiating /home/travis/build/icyphy/ptII/ptolemy/domains/modal/test/auto/ImmediateNonConstructiveness2.xml
2 ms. Memory: 241664K Free: 191781K (79%)
----------------- Invoking toplevel() on ptolemy.moml.MoMLSimpleApplication@1415e2eb
----------------- Done invoking toplevel() on ptolemy.moml.MoMLSimpleApplication@1415e2eb
reloadAllAccessors: .ImmediateNonConstructiveness2

===========================================================================================
----------------- testing Sat Apr 04 13:46:18 UTC 2020 /home/travis/build/icyphy/ptII/ptolemy/domains/modal/test/auto/ImmediateTransitionReset.xml
----------------- Instantiating /home/travis/build/icyphy/ptII/ptolemy/domains/modal/test/auto/ImmediateTransitionReset.xml
5 ms. Memory: 241664K Free: 180007K (74%)
----------------- Invoking toplevel() on ptolemy.moml.MoMLSimpleApplication@6bdec9f7
----------------- Done invoking toplevel() on ptolemy.moml.MoMLSimpleApplication@6bdec9f7
reloadAllAccessors: .ImmediateTransitionReset

===========================================================================================
----------------- testing Sat Apr 04 13:46:18 UTC 2020 /home/travis/build/icyphy/ptII/ptolemy/domains/modal/test/auto/ImmediateTransitions1.xml
----------------- Instantiating /home/travis/build/icyphy/ptII/ptolemy/domains/modal/test/auto/ImmediateTransitions1.xml
1 ms. Memory: 241664K Free: 174887K (72%)
----------------- Invoking toplevel() on ptolemy.moml.MoMLSimpleApplication@6fe37fa4
----------------- Done invoking toplevel() on ptolemy.moml.MoMLSimpleApplication@6fe37fa4
reloadAllAccessors: .ImmediateTransitions1

===========================================================================================
----------------- testing Sat Apr 04 13:46:18 UTC 2020 /home/travis/build/icyphy/ptII/ptolemy/domains/modal/test/auto/ImmediateTransitionsInstantaneousCommunication.xml
----------------- Instantiating /home/travis/build/icyphy/ptII/ptolemy/domains/modal/test/auto/ImmediateTransitionsInstantaneousCommunication.xml
4 ms. Memory: 241664K Free: 162599K (67%)
----------------- Invoking toplevel() on ptolemy.moml.MoMLSimpleApplication@2c53b5d9
----------------- Done invoking toplevel() on ptolemy.moml.MoMLSimpleApplication@2c53b5d9
reloadAllAccessors: .ImmediateTransitionsInstantaneousCommunication

===========================================================================================
----------------- testing Sat Apr 04 13:46:18 UTC 2020 /home/travis/build/icyphy/ptII/ptolemy/domains/modal/test/auto/InitialImmediateTransition.xml
----------------- Instantiating /home/travis/build/icyphy/ptII/ptolemy/domains/modal/test/auto/InitialImmediateTransition.xml
4 ms. Memory: 241664K Free: 155431K (64%)
----------------- Invoking toplevel() on ptolemy.moml.MoMLSimpleApplication@664be542
----------------- Done invoking toplevel() on ptolemy.moml.MoMLSimpleApplication@664be542
reloadAllAccessors: .InitialImmediateTransition

===========================================================================================
----------------- testing Sat Apr 04 13:46:18 UTC 2020 /home/travis/build/icyphy/ptII/ptolemy/domains/modal/test/auto/InitialOutputs.xml
----------------- Instantiating /home/travis/build/icyphy/ptII/ptolemy/domains/modal/test/auto/InitialOutputs.xml
3 ms. Memory: 241664K Free: 149287K (62%)
----------------- Invoking toplevel() on ptolemy.moml.MoMLSimpleApplication@5782fbf9
----------------- Done invoking toplevel() on ptolemy.moml.MoMLSimpleApplication@5782fbf9
reloadAllAccessors: .InitialOutputs

===========================================================================================
----------------- testing Sat Apr 04 13:46:18 UTC 2020 /home/travis/build/icyphy/ptII/ptolemy/domains/modal/test/auto/InitialStateTransition1.xml
----------------- Instantiating /home/travis/build/icyphy/ptII/ptolemy/domains/modal/test/auto/InitialStateTransition1.xml
2 ms. Memory: 241664K Free: 142119K (59%)
----------------- Invoking toplevel() on ptolemy.moml.MoMLSimpleApplication@5e6c6a5f
----------------- Done invoking toplevel() on ptolemy.moml.MoMLSimpleApplication@5e6c6a5f
reloadAllAccessors: .InitialStateTransition1

===========================================================================================
----------------- testing Sat Apr 04 13:46:18 UTC 2020 /home/travis/build/icyphy/ptII/ptolemy/domains/modal/test/auto/InitialStateTransition2.xml
----------------- Instantiating /home/travis/build/icyphy/ptII/ptolemy/domains/modal/test/auto/InitialStateTransition2.xml
.InitialStateTransition2.TestExceptionAttributeNonConstructive: initialize() was not invoked, but wrapup() was.  This is unusual, but not always a problem.  For example, exporting JNLP will do this.
3 ms. Memory: 241664K Free: 134951K (56%)
----------------- Invoking toplevel() on ptolemy.moml.MoMLSimpleApplication@34fc89f9
----------------- Done invoking toplevel() on ptolemy.moml.MoMLSimpleApplication@34fc89f9
reloadAllAccessors: .InitialStateTransition2

===========================================================================================
----------------- testing Sat Apr 04 13:46:18 UTC 2020 /home/travis/build/icyphy/ptII/ptolemy/domains/modal/test/auto/InitialStateTransition3.xml
----------------- Instantiating /home/travis/build/icyphy/ptII/ptolemy/domains/modal/test/auto/InitialStateTransition3.xml
3 ms. Memory: 241664K Free: 126245K (52%)
----------------- Invoking toplevel() on ptolemy.moml.MoMLSimpleApplication@3e08536b
----------------- Done invoking toplevel() on ptolemy.moml.MoMLSimpleApplication@3e08536b
reloadAllAccessors: .InitialStateTransition3

===========================================================================================
----------------- testing Sat Apr 04 13:46:18 UTC 2020 /home/travis/build/icyphy/ptII/ptolemy/domains/modal/test/auto/InitialStateTransition4.xml
----------------- Instantiating /home/travis/build/icyphy/ptII/ptolemy/domains/modal/test/auto/InitialStateTransition4.xml
3 ms. Memory: 241664K Free: 116519K (48%)
----------------- Invoking toplevel() on ptolemy.moml.MoMLSimpleApplication@57e8222c
----------------- Done invoking toplevel() on ptolemy.moml.MoMLSimpleApplication@57e8222c
[...]
reloadAllAccessors: .TerminationTransition3

===========================================================================================
----------------- testing Sat Apr 04 13:46:20 UTC 2020 /home/travis/build/icyphy/ptII/ptolemy/domains/modal/test/auto/TerminationTransition4.xml
----------------- Instantiating /home/travis/build/icyphy/ptII/ptolemy/domains/modal/test/auto/TerminationTransition4.xml
4 ms. Memory: 290816K Free: 196071K (67%)
----------------- Invoking toplevel() on ptolemy.moml.MoMLSimpleApplication@1fe21633
----------------- Done invoking toplevel() on ptolemy.moml.MoMLSimpleApplication@1fe21633
reloadAllAccessors: .TerminationTransition4

===========================================================================================
----------------- testing Sat Apr 04 13:46:20 UTC 2020 /home/travis/build/icyphy/ptII/ptolemy/domains/modal/test/auto/TerminationTransition5.xml
----------------- Instantiating /home/travis/build/icyphy/ptII/ptolemy/domains/modal/test/auto/TerminationTransition5.xml
2 ms. Memory: 290816K Free: 182245K (63%)
----------------- Invoking toplevel() on ptolemy.moml.MoMLSimpleApplication@1af4f469
----------------- Done invoking toplevel() on ptolemy.moml.MoMLSimpleApplication@1af4f469
reloadAllAccessors: .TerminationTransition5

===========================================================================================
----------------- testing Sat Apr 04 13:46:20 UTC 2020 /home/travis/build/icyphy/ptII/ptolemy/domains/modal/test/auto/TerminationTransition6.xml
----------------- Instantiating /home/travis/build/icyphy/ptII/ptolemy/domains/modal/test/auto/TerminationTransition6.xml
2 ms. Memory: 290816K Free: 174053K (60%)
----------------- Invoking toplevel() on ptolemy.moml.MoMLSimpleApplication@749a9451
----------------- Done invoking toplevel() on ptolemy.moml.MoMLSimpleApplication@749a9451
reloadAllAccessors: .TerminationTransition6

===========================================================================================
----------------- testing Sat Apr 04 13:46:20 UTC 2020 /home/travis/build/icyphy/ptII/ptolemy/domains/modal/test/auto/TerminationTransition7.xml
----------------- Instantiating /home/travis/build/icyphy/ptII/ptolemy/domains/modal/test/auto/TerminationTransition7.xml
2 ms. Memory: 290816K Free: 164327K (57%)
----------------- Invoking toplevel() on ptolemy.moml.MoMLSimpleApplication@3bcfd91e
----------------- Done invoking toplevel() on ptolemy.moml.MoMLSimpleApplication@3bcfd91e
reloadAllAccessors: .TerminationTransition7

===========================================================================================
----------------- testing Sat Apr 04 13:46:20 UTC 2020 /home/travis/build/icyphy/ptII/ptolemy/domains/modal/test/auto/TerminationTransition8.xml
----------------- Instantiating /home/travis/build/icyphy/ptII/ptolemy/domains/modal/test/auto/TerminationTransition8.xml
1 ms. Memory: 290816K Free: 154582K (53%)
----------------- Invoking toplevel() on ptolemy.moml.MoMLSimpleApplication@53274f12
----------------- Done invoking toplevel() on ptolemy.moml.MoMLSimpleApplication@53274f12
reloadAllAccessors: .TerminationTransition8

===========================================================================================
----------------- testing Sat Apr 04 13:46:20 UTC 2020 /home/travis/build/icyphy/ptII/ptolemy/domains/modal/test/auto/Thermostat_NoHysteresis.xml
----------------- Instantiating /home/travis/build/icyphy/ptII/ptolemy/domains/modal/test/auto/Thermostat_NoHysteresis.xml
25 ms. Memory: 290816K Free: 130014K (45%)
----------------- Invoking toplevel() on ptolemy.moml.MoMLSimpleApplication@aa8872a
----------------- Done invoking toplevel() on ptolemy.moml.MoMLSimpleApplication@aa8872a
reloadAllAccessors: .Thermostat_NoHysteresis

===========================================================================================
----------------- testing Sat Apr 04 13:46:20 UTC 2020 /home/travis/build/icyphy/ptII/ptolemy/domains/modal/test/auto/TimedFSM.xml
----------------- Instantiating /home/travis/build/icyphy/ptII/ptolemy/domains/modal/test/auto/TimedFSM.xml
7 ms. Memory: 290816K Free: 118247K (41%)
----------------- Invoking toplevel() on ptolemy.moml.MoMLSimpleApplication@493fbab5
----------------- Done invoking toplevel() on ptolemy.moml.MoMLSimpleApplication@493fbab5
reloadAllAccessors: .TimedFSM

===========================================================================================
----------------- testing Sat Apr 04 13:46:20 UTC 2020 /home/travis/build/icyphy/ptII/ptolemy/domains/modal/test/auto/Timeout1.xml
----------------- Instantiating /home/travis/build/icyphy/ptII/ptolemy/domains/modal/test/auto/Timeout1.xml
3 ms. Memory: 290816K Free: 112598K (39%)
----------------- Invoking toplevel() on ptolemy.moml.MoMLSimpleApplication@2908b453
----------------- Done invoking toplevel() on ptolemy.moml.MoMLSimpleApplication@2908b453
reloadAllAccessors: .Timeout1

===========================================================================================
----------------- testing Sat Apr 04 13:46:20 UTC 2020 /home/travis/build/icyphy/ptII/ptolemy/domains/modal/test/auto/Timeout2.xml
----------------- Instantiating /home/travis/build/icyphy/ptII/ptolemy/domains/modal/test/auto/Timeout2.xml
7 ms. Memory: 290816K Free: 103911K (36%)
----------------- Invoking toplevel() on ptolemy.moml.MoMLSimpleApplication@385d50eb
----------------- Done invoking toplevel() on ptolemy.moml.MoMLSimpleApplication@385d50eb
reloadAllAccessors: .Timeout2

===========================================================================================
----------------- testing Sat Apr 04 13:46:20 UTC 2020 /home/travis/build/icyphy/ptII/ptolemy/domains/modal/test/auto/Timeout3.xml
----------------- Instantiating /home/travis/build/icyphy/ptII/ptolemy/domains/modal/test/auto/Timeout3.xml
2 ms. Memory: 290816K Free: 268289K (92%)
----------------- Invoking toplevel() on ptolemy.moml.MoMLSimpleApplication@15a905aa
----------------- Done invoking toplevel() on ptolemy.moml.MoMLSimpleApplication@15a905aa
reloadAllAccessors: .Timeout3

===========================================================================================
----------------- testing Sat Apr 04 13:46:20 UTC 2020 /home/travis/build/icyphy/ptII/ptolemy/domains/modal/test/auto/Timeout4.xml
----------------- Instantiating /home/travis/build/icyphy/ptII/ptolemy/domains/modal/test/auto/Timeout4.xml
2 ms. Memory: 290816K Free: 263185K (90%)
----------------- Invoking toplevel() on ptolemy.moml.MoMLSimpleApplication@1ed0b829
----------------- Done invoking toplevel() on ptolemy.moml.MoMLSimpleApplication@1ed0b829
reloadAllAccessors: .Timeout4

===========================================================================================
----------------- testing Sat Apr 04 13:46:20 UTC 2020 /home/travis/build/icyphy/ptII/ptolemy/domains/modal/test/auto/TransientstateModelAdvanced.xml
----------------- Instantiating /home/travis/build/icyphy/ptII/ptolemy/domains/modal/test/auto/TransientstateModelAdvanced.xml
3 ms. Memory: 290816K Free: 250881K (86%)
----------------- Invoking toplevel() on ptolemy.moml.MoMLSimpleApplication@4719a9ac
----------------- Done invoking toplevel() on ptolemy.moml.MoMLSimpleApplication@4719a9ac
reloadAllAccessors: .TransientstateModelAdvanced

===========================================================================================
----------------- testing Sat Apr 04 13:46:20 UTC 2020 /home/travis/build/icyphy/ptII/ptolemy/domains/modal/test/auto/TransientstateModelAdvanced2.xml
----------------- Instantiating /home/travis/build/icyphy/ptII/ptolemy/domains/modal/test/auto/TransientstateModelAdvanced2.xml
3 ms. Memory: 290816K Free: 236545K (81%)
----------------- Invoking toplevel() on ptolemy.moml.MoMLSimpleApplication@2ea76984
----------------- Done invoking toplevel() on ptolemy.moml.MoMLSimpleApplication@2ea76984
reloadAllAccessors: .transientstatemodelAdvanced

===========================================================================================
----------------- testing Sat Apr 04 13:46:20 UTC 2020 /home/travis/build/icyphy/ptII/ptolemy/domains/modal/test/auto/TransitionRefinements.xml
----------------- Instantiating /home/travis/build/icyphy/ptII/ptolemy/domains/modal/test/auto/TransitionRefinements.xml
6 ms. Memory: 290816K Free: 226850K (78%)
----------------- Invoking toplevel() on ptolemy.moml.MoMLSimpleApplication@22159fdd
----------------- Done invoking toplevel() on ptolemy.moml.MoMLSimpleApplication@22159fdd
reloadAllAccessors: .TransitionRefinements

===========================================================================================
----------------- testing Sat Apr 04 13:46:20 UTC 2020 /home/travis/build/icyphy/ptII/ptolemy/domains/modal/test/auto/TwoRefinements1.xml
----------------- Instantiating /home/travis/build/icyphy/ptII/ptolemy/domains/modal/test/auto/TwoRefinements1.xml
2 ms. Memory: 290816K Free: 217120K (75%)
----------------- Invoking toplevel() on ptolemy.moml.MoMLSimpleApplication@60996f7b
----------------- Done invoking toplevel() on ptolemy.moml.MoMLSimpleApplication@60996f7b
reloadAllAccessors: .TwoRefinements1

===========================================================================================
----------------- testing Sat Apr 04 13:46:20 UTC 2020 /home/travis/build/icyphy/ptII/ptolemy/domains/modal/test/auto/TwoRefinements2.xml
----------------- Instantiating /home/travis/build/icyphy/ptII/ptolemy/domains/modal/test/auto/TwoRefinements2.xml
2 ms. Memory: 290816K Free: 206880K (71%)
----------------- Invoking toplevel() on ptolemy.moml.MoMLSimpleApplication@590747cd
----------------- Done invoking toplevel() on ptolemy.moml.MoMLSimpleApplication@590747cd
reloadAllAccessors: .TwoRefinements2

===========================================================================================
----------------- testing Sat Apr 04 13:46:20 UTC 2020 /home/travis/build/icyphy/ptII/ptolemy/domains/modal/test/auto/WeakImmediateTransition.xml
----------------- Instantiating /home/travis/build/icyphy/ptII/ptolemy/domains/modal/test/auto/WeakImmediateTransition.xml
2 ms. Memory: 290816K Free: 198178K (68%)
----------------- Invoking toplevel() on ptolemy.moml.MoMLSimpleApplication@4e9e7025
----------------- Done invoking toplevel() on ptolemy.moml.MoMLSimpleApplication@4e9e7025
reloadAllAccessors: .WeakImmediateTransition

===========================================================================================
----------------- testing Sat Apr 04 13:46:20 UTC 2020 /home/travis/build/icyphy/ptII/ptolemy/domains/modal/test/auto/booleanSelect.xml
----------------- Instantiating /home/travis/build/icyphy/ptII/ptolemy/domains/modal/test/auto/booleanSelect.xml
30 ms. Memory: 290816K Free: 180256K (62%)
----------------- Invoking toplevel() on ptolemy.moml.MoMLSimpleApplication@55f6c220
----------------- Done invoking toplevel() on ptolemy.moml.MoMLSimpleApplication@55f6c220
reloadAllAccessors: .booleanSelect

===========================================================================================
----------------- testing Sat Apr 04 13:46:21 UTC 2020 /home/travis/build/icyphy/ptII/ptolemy/domains/modal/test/auto/modalChangingParams.xml
----------------- Instantiating /home/travis/build/icyphy/ptII/ptolemy/domains/modal/test/auto/modalChangingParams.xml
0
1
0
2
4
6
8
7
0
2
4
6
8
13
0
2
4
6
8
19
0
2
4
6
8
25
0
2
4
6
8
31
0
2
4
6
8
37
0
2
4
6
8
43
0
2
4
6
8
49
0
2
4
6
8
55
0
2
4
6
8
61
0
2
4
6
8
67
0
2
4
6
8
73
0
2
4
6
8
79
0
2
4
6
8
85
0
2
4
6
8
91
0
2
4
6
8
97
0
2
4
6
8
103
0
2
4
6
8
109
0
2
4
6
8
115
0
2
4
6
8
121
0
2
4
6
8
127
0
2
4
6
8
133
0
2
4
6
8
139
0
2
4
6
8
145
0
2
4
6
8
151
0
2
4
6
8
157
0
2
4
6
8
163
0
2
4
6
8
169
0
2
4
6
8
175
0
2
4
6
8
181
0
2
4
6
8
187
0
2
4
6
8
193
0
2
4
6
8
199
0
2
4
6
8
205
0
2
4
6
8
211
0
2
4
6
8
217
0
2
4
6
8
223
0
2
4
6
8
229
0
2
4
6
8
235
0
2
4
6
8
241
0
2
4
6
8
247
0
2
4
6
8
253
0
2
4
6
8
259
0
2
4
6
8
265
0
2
4
6
8
271
0
2
4
6
8
277
0
2
4
6
8
283
0
2
4
6
8
289
0
2
4
6
8
295
0
2
4
6
8
301
0
2
4
6
8
307
0
2
4
6
8
313
0
2
4
6
8
319
0
2
4
6
8
325
0
2
4
6
8
331
0
2
4
6
8
337
0
2
4
6
8
343
0
2
4
6
8
349
0
2
4
6
8
355
0
2
4
6
8
361
0
2
4
6
8
367
0
2
4
6
8
373
0
2
4
6
8
379
0
2
4
6
8
385
0
2
4
6
8
391
0
2
4
6
8
397
0
2
4
6
8
403
0
2
4
6
8
409
0
2
4
6
8
415
0
2
4
6
8
421
0
2
4
6
8
427
0
2
4
6
8
433
0
2
4
6
8
439
0
2
4
6
8
445
0
2
4
6
8
451
0
2
4
6
8
457
0
2
4
6
8
463
0
2
4
6
8
469
0
2
4
6
8
475
0
2
4
6
8
481
0
2
4
6
8
487
0
2
4
6
8
493
0
2
4
6
8
499
0
2
4
6
8
505
0
2
4
6
8
511
0
2
4
6
8
517
0
2
4
6
8
523
0
2
4
6
8
529
0
2
4
6
8
535
0
2
4
6
8
541
0
2
4
6
8
547
0
2
4
6
8
553
0
2
4
6
8
559
0
2
4
6
8
565
0
2
4
6
8
571
0
2
4
6
8
577
0
2
4
6
8
583
0
2
4
6
8
589
0
2
4
6
8
595
0
2
4
6
8
601
0
2
4
6
8
607
0
2
4
6
8
613
0
2
4
6
8
619
0
2
4
6
8
625
0
2
4
6
8
631
0
2
4
6
8
637
0
2
4
6
8
643
0
2
4
6
8
649
0
2
4
6
8
655
0
2
4
6
8
661
0
2
4
6
8
667
0
2
4
6
8
673
0
2
4
6
8
679
0
2
4
6
8
685
0
2
4
6
8
691
0
2
4
6
8
697
0
2
4
6
8
703
0
2
4
6
8
709
0
2
4
6
8
715
0
2
4
6
8
721
0
2
4
6
8
727
0
2
4
6
8
733
0
2
4
6
8
739
0
2
4
6
8
745
0
2
4
6
8
751
0
2
4
6
8
757
0
2
4
6
8
763
0
2
4
6
8
769
0
2
4
6
8
775
0
2
4
6
8
781
0
2
4
6
8
787
0
2
4
6
8
793
0
2
4
6
8
799
0
2
4
6
8
805
0
2
4
6
8
811
0
2
4
6
8
817
0
2
4
6
8
823
0
2
4
6
8
829
0
2
4
6
8
835
0
2
4
6
8
841
0
2
4
6
8
847
0
2
4
6
8
853
0
2
4
6
8
859
0
2
4
6
8
865
0
2
4
6
8
871
0
2
4
6
8
877
0
2
4
6
8
883
0
2
4
6
8
889
0
2
4
6
8
895
0
2
4
6
8
901
0
2
4
6
8
907
0
2
4
6
8
913
0
2
4
6
8
919
0
2
4
6
8
925
0
2
4
6
8
931
0
2
4
6
8
937
0
2
4
6
8
943
0
2
4
6
8
949
0
2
4
6
8
955
0
2
4
6
8
961
0
2
4
6
8
967
0
2
4
6
8
973
0
2
4
6
8
979
0
2
4
6
8
985
0
2
4
6
8
991
0
2
4
6
8
997
0
2
264 ms. Memory: 350208K Free: 295913K (84%)
----------------- Invoking toplevel() on ptolemy.moml.MoMLSimpleApplication@782f8a1e
----------------- Done invoking toplevel() on ptolemy.moml.MoMLSimpleApplication@782f8a1e
reloadAllAccessors: .modalChangingParams

===========================================================================================
----------------- testing Sat Apr 04 13:46:21 UTC 2020 /home/travis/build/icyphy/ptII/ptolemy/domains/modal/test/auto/modalModel.xml
----------------- Instantiating /home/travis/build/icyphy/ptII/ptolemy/domains/modal/test/auto/modalModel.xml
7 ms. Memory: 350208K Free: 286697K (82%)
----------------- Invoking toplevel() on ptolemy.moml.MoMLSimpleApplication@5b83e2e9
----------------- Done invoking toplevel() on ptolemy.moml.MoMLSimpleApplication@5b83e2e9
reloadAllAccessors: .modalModel

===========================================================================================
----------------- testing Sat Apr 04 13:46:21 UTC 2020 /home/travis/build/icyphy/ptII/ptolemy/domains/modal/test/auto/modalModel2.xml
----------------- Instantiating /home/travis/build/icyphy/ptII/ptolemy/domains/modal/test/auto/modalModel2.xml
11 ms. Memory: 350208K Free: 275913K (79%)
----------------- Invoking toplevel() on ptolemy.moml.MoMLSimpleApplication@651e2a23
----------------- Done invoking toplevel() on ptolemy.moml.MoMLSimpleApplication@651e2a23
reloadAllAccessors: .modalModel2

===========================================================================================
----------------- testing Sat Apr 04 13:46:21 UTC 2020 /home/travis/build/icyphy/ptII/ptolemy/domains/modal/test/auto/modalModel3.xml
----------------- Instantiating /home/travis/build/icyphy/ptII/ptolemy/domains/modal/test/auto/modalModel3.xml
0	0	0
3	2	1
6	4	2
9	6	3
4	0	4
7	2	5
10	4	6
13	6	7
8	0	8
11	2	9
14	4	10
17	6	11
12	0	12
15	2	13
18	4	14
27 ms. Memory: 350208K Free: 261097K (75%)
----------------- Invoking toplevel() on ptolemy.moml.MoMLSimpleApplication@70ecbb43
----------------- Done invoking toplevel() on ptolemy.moml.MoMLSimpleApplication@70ecbb43
reloadAllAccessors: .modalModel3

===========================================================================================
----------------- testing Sat Apr 04 13:46:21 UTC 2020 /home/travis/build/icyphy/ptII/ptolemy/domains/modal/test/auto/model1.xml
----------------- Instantiating /home/travis/build/icyphy/ptII/ptolemy/domains/modal/test/auto/model1.xml
11 ms. Memory: 350208K Free: 255433K (73%)
----------------- Invoking toplevel() on ptolemy.moml.MoMLSimpleApplication@52de245a
----------------- Done invoking toplevel() on ptolemy.moml.MoMLSimpleApplication@52de245a
reloadAllAccessors: .model1

===========================================================================================
----------------- testing Sat Apr 04 13:46:21 UTC 2020 /home/travis/build/icyphy/ptII/ptolemy/domains/modal/test/auto/test-direct-in-out.xml
----------------- Instantiating /home/travis/build/icyphy/ptII/ptolemy/domains/modal/test/auto/test-direct-in-out.xml
4 ms. Memory: 350208K Free: 247785K (71%)
----------------- Invoking toplevel() on ptolemy.moml.MoMLSimpleApplication@7e64fb23
----------------- Done invoking toplevel() on ptolemy.moml.MoMLSimpleApplication@7e64fb23
reloadAllAccessors: .test-direct-in-out
AutoTests.java: About to close Vertx.
AutoTests.java: Vertx closed.
]]></system-out>
  <system-err><![CDATA[java.lang.RuntimeException: Execution failed
	at ptolemy.moml.MoMLSimpleApplication$UnloadThread.run(MoMLSimpleApplication.java:402)
Caused by: ptolemy.kernel.util.IllegalActionException: Unknown inputs remain. Possible causality loop:
L_model_1893289564i

  in .CannotAnalysisWithPreemption.model_1893289564_region_1 and .CannotAnalysisWithPreemption.model_1893289564_region_1.L_model_1893289564i
	at ptolemy.actor.sched.FixedPointDirector.postfire(FixedPointDirector.java:515)
	at ptolemy.domains.sr.kernel.SRDirector.postfire(SRDirector.java:417)
	at ptolemy.actor.CompositeActor.postfire(CompositeActor.java:1668)
	at ptolemy.actor.Manager.iterate(Manager.java:852)
	at ptolemy.actor.Manager.execute(Manager.java:369)
	at ptolemy.actor.Manager.run(Manager.java:1263)
	at ptolemy.actor.Manager$PtolemyRunThread.run(Manager.java:1933)
java.lang.reflect.InvocationTargetException
	at java.base/jdk.internal.reflect.NativeConstructorAccessorImpl.newInstance0(Native Method)
	at java.base/jdk.internal.reflect.NativeConstructorAccessorImpl.newInstance(NativeConstructorAccessorImpl.java:62)
	at java.base/jdk.internal.reflect.DelegatingConstructorAccessorImpl.newInstance(DelegatingConstructorAccessorImpl.java:45)
	at java.base/java.lang.reflect.Constructor.newInstance(Constructor.java:490)
	at ptolemy.util.test.junit.AutoKnownFailedTests.RunModel(AutoKnownFailedTests.java:105)
	at java.base/jdk.internal.reflect.NativeMethodAccessorImpl.invoke0(Native Method)
	at java.base/jdk.internal.reflect.NativeMethodAccessorImpl.invoke(NativeMethodAccessorImpl.java:62)
	at java.base/jdk.internal.reflect.DelegatingMethodAccessorImpl.invoke(DelegatingMethodAccessorImpl.java:43)
	at java.base/java.lang.reflect.Method.invoke(Method.java:566)
	at org.junit.runners.model.FrameworkMethod$1.runReflectiveCall(FrameworkMethod.java:44)
	at org.junit.internal.runners.model.ReflectiveCallable.run(ReflectiveCallable.java:15)
	at org.junit.runners.model.FrameworkMethod.invokeExplosively(FrameworkMethod.java:41)
	at junitparams.internal.InvokeParameterisedMethod.evaluate(InvokeParameterisedMethod.java:102)
	at org.junit.internal.runners.statements.FailOnTimeout$1.run(FailOnTimeout.java:28)
Caused by: ptolemy.kernel.util.IllegalActionException: Unknown inputs remain. Possible causality loop:
L_model_1893289564i

  in .CannotAnalysisWithPreemption.model_1893289564_region_1 and .CannotAnalysisWithPreemption.model_1893289564_region_1.L_model_1893289564i
	at ptolemy.actor.sched.FixedPointDirector.postfire(FixedPointDirector.java:515)
	at ptolemy.domains.sr.kernel.SRDirector.postfire(SRDirector.java:417)
	at ptolemy.actor.CompositeActor.postfire(CompositeActor.java:1668)
	at ptolemy.actor.Manager.iterate(Manager.java:852)
	at ptolemy.actor.Manager.execute(Manager.java:369)
	at ptolemy.actor.Manager.run(Manager.java:1263)
	at ptolemy.actor.Manager$PtolemyRunThread.run(Manager.java:1933)
]]></system-err>
</testsuite>
