<?xml version="1.0" encoding="UTF-8" ?>
<testsuite errors="0" failures="0" hostname="travis-job-d938ae26-f30b-4520-8bf2-c24601c86579" name="ptolemy.domains.hdf.kernel.test.junit.JUnitTclTest" skipped="0" tests="39" time="6.415" timestamp="2019-08-23T05:27:51">
  <properties>
[...]
</properties>
  <testcase classname="ptolemy.util.test.junit.TclTests" name="[0] /home/travis/build/icyphy/ptII/ptolemy/domains/hdf/kernel/test/RateErrorChecking.tcl (RunTclFile)" time="0.189" />
  <testcase classname="ptolemy.util.test.junit.AutoKnownFailedTests" name="[0] /home/travis/build/icyphy/ptII/ptolemy/domains/hdf/kernel/test/auto/knownFailedTests/badFSMRateChanges.xml (RunModel)" time="0.615" />
  <testcase classname="ptolemy.util.test.junit.AutoNameArchTests" name="[0] ThereAreNoAutoArchTests (RunModel)" time="0.001" />
  <testcase classname="ptolemy.util.test.junit.AutoTests" name="[0] /home/travis/build/icyphy/ptII/ptolemy/domains/hdf/kernel/test/auto/ConstVariableRateTest.xml (RunModel)" time="0.286" />
  <testcase classname="ptolemy.util.test.junit.AutoTests" name="[1] /home/travis/build/icyphy/ptII/ptolemy/domains/hdf/kernel/test/auto/DifferentRefinedRates.xml (RunModel)" time="0.229" />
  <testcase classname="ptolemy.util.test.junit.AutoTests" name="[2] /home/travis/build/icyphy/ptII/ptolemy/domains/hdf/kernel/test/auto/DifferentRefinedRates2.xml (RunModel)" time="0.192" />
  <testcase classname="ptolemy.util.test.junit.AutoTests" name="[3] /home/travis/build/icyphy/ptII/ptolemy/domains/hdf/kernel/test/auto/DifferentRefinedRates3.xml (RunModel)" time="0.158" />
  <testcase classname="ptolemy.util.test.junit.AutoTests" name="[4] /home/travis/build/icyphy/ptII/ptolemy/domains/hdf/kernel/test/auto/DifferentRefinedRates4.xml (RunModel)" time="0.171" />
  <testcase classname="ptolemy.util.test.junit.AutoTests" name="[5] /home/travis/build/icyphy/ptII/ptolemy/domains/hdf/kernel/test/auto/DifferentRefinedRates5.xml (RunModel)" time="0.165" />
  <testcase classname="ptolemy.util.test.junit.AutoTests" name="[6] /home/travis/build/icyphy/ptII/ptolemy/domains/hdf/kernel/test/auto/DifferentRefinedRates6.xml (RunModel)" time="0.114" />
  <testcase classname="ptolemy.util.test.junit.AutoTests" name="[7] /home/travis/build/icyphy/ptII/ptolemy/domains/hdf/kernel/test/auto/DownSample_PowerOfTwo.xml (RunModel)" time="0.241" />
  <testcase classname="ptolemy.util.test.junit.AutoTests" name="[8] /home/travis/build/icyphy/ptII/ptolemy/domains/hdf/kernel/test/auto/FibonacciWithNullInitial.xml (RunModel)" time="0.192" />
  <testcase classname="ptolemy.util.test.junit.AutoTests" name="[9] /home/travis/build/icyphy/ptII/ptolemy/domains/hdf/kernel/test/auto/FibonacciWithNullInitial1.xml (RunModel)" time="0.216" />
  <testcase classname="ptolemy.util.test.junit.AutoTests" name="[10] /home/travis/build/icyphy/ptII/ptolemy/domains/hdf/kernel/test/auto/FibonacciWithTransientStates.xml (RunModel)" time="0.184" />
  <testcase classname="ptolemy.util.test.junit.AutoTests" name="[11] /home/travis/build/icyphy/ptII/ptolemy/domains/hdf/kernel/test/auto/FibonacciWithTransientStates2.xml (RunModel)" time="0.093" />
  <testcase classname="ptolemy.util.test.junit.AutoTests" name="[12] /home/travis/build/icyphy/ptII/ptolemy/domains/hdf/kernel/test/auto/FibonacciWithoutHistoryInitial.xml (RunModel)" time="0.146" />
  <testcase classname="ptolemy.util.test.junit.AutoTests" name="[13] /home/travis/build/icyphy/ptII/ptolemy/domains/hdf/kernel/test/auto/GuardUsingPastTokens.xml (RunModel)" time="0.062" />
  <testcase classname="ptolemy.util.test.junit.AutoTests" name="[14] /home/travis/build/icyphy/ptII/ptolemy/domains/hdf/kernel/test/auto/GuardWithResets.xml (RunModel)" time="0.107" />
  <testcase classname="ptolemy.util.test.junit.AutoTests" name="[15] /home/travis/build/icyphy/ptII/ptolemy/domains/hdf/kernel/test/auto/Hierarchy_2Level_Test1.xml (RunModel)" time="0.079" />
  <testcase classname="ptolemy.util.test.junit.AutoTests" name="[16] /home/travis/build/icyphy/ptII/ptolemy/domains/hdf/kernel/test/auto/Hierarchy_2Level_Test2.xml (RunModel)" time="0.072" />
  <testcase classname="ptolemy.util.test.junit.AutoTests" name="[17] /home/travis/build/icyphy/ptII/ptolemy/domains/hdf/kernel/test/auto/Hysteresis.xml (RunModel)" time="0.059" />
  <testcase classname="ptolemy.util.test.junit.AutoTests" name="[18] /home/travis/build/icyphy/ptII/ptolemy/domains/hdf/kernel/test/auto/InitTransient.xml (RunModel)" time="0.075" />
  <testcase classname="ptolemy.util.test.junit.AutoTests" name="[19] /home/travis/build/icyphy/ptII/ptolemy/domains/hdf/kernel/test/auto/Merge.xml (RunModel)" time="0.1" />
  <testcase classname="ptolemy.util.test.junit.AutoTests" name="[20] /home/travis/build/icyphy/ptII/ptolemy/domains/hdf/kernel/test/auto/ModalModelBooleanSwitch.xml (RunModel)" time="0.119" />
  <testcase classname="ptolemy.util.test.junit.AutoTests" name="[21] /home/travis/build/icyphy/ptII/ptolemy/domains/hdf/kernel/test/auto/SameRates.xml (RunModel)" time="0.062" />
  <testcase classname="ptolemy.util.test.junit.AutoTests" name="[22] /home/travis/build/icyphy/ptII/ptolemy/domains/hdf/kernel/test/auto/SameRefinedRates.xml (RunModel)" time="0.059" />
  <testcase classname="ptolemy.util.test.junit.AutoTests" name="[23] /home/travis/build/icyphy/ptII/ptolemy/domains/hdf/kernel/test/auto/SameRefinedRates2.xml (RunModel)" time="0.064" />
  <testcase classname="ptolemy.util.test.junit.AutoTests" name="[24] /home/travis/build/icyphy/ptII/ptolemy/domains/hdf/kernel/test/auto/TransientStates.xml (RunModel)" time="0.092" />
  <testcase classname="ptolemy.util.test.junit.AutoTests" name="[25] /home/travis/build/icyphy/ptII/ptolemy/domains/hdf/kernel/test/auto/TwoHammingCodec.xml (RunModel)" time="0.078" />
  <testcase classname="ptolemy.util.test.junit.AutoTests" name="[26] /home/travis/build/icyphy/ptII/ptolemy/domains/hdf/kernel/test/auto/TwoHammingCodec1.xml (RunModel)" time="0.09" />
  <testcase classname="ptolemy.util.test.junit.AutoTests" name="[27] /home/travis/build/icyphy/ptII/ptolemy/domains/hdf/kernel/test/auto/TwoLevelHierarchy.xml (RunModel)" time="0.214" />
  <testcase classname="ptolemy.util.test.junit.AutoTests" name="[28] /home/travis/build/icyphy/ptII/ptolemy/domains/hdf/kernel/test/auto/TwoLevelHierarchy1.xml (RunModel)" time="0.194" />
  <testcase classname="ptolemy.util.test.junit.AutoTests" name="[29] /home/travis/build/icyphy/ptII/ptolemy/domains/hdf/kernel/test/auto/TwoLevelHierarchy2.xml (RunModel)" time="0.14" />
  <testcase classname="ptolemy.util.test.junit.AutoTests" name="[30] /home/travis/build/icyphy/ptII/ptolemy/domains/hdf/kernel/test/auto/TwoLevelHierarchyNullStates.xml (RunModel)" time="0.203" />
  <testcase classname="ptolemy.util.test.junit.AutoTests" name="[31] /home/travis/build/icyphy/ptII/ptolemy/domains/hdf/kernel/test/auto/TwoLevelHierarchyWithResets.xml (RunModel)" time="0.183" />
  <testcase classname="ptolemy.util.test.junit.AutoTests" name="[32] /home/travis/build/icyphy/ptII/ptolemy/domains/hdf/kernel/test/auto/TwoLevelHierarchyWithResetsNullStates.xml (RunModel)" time="0.215" />
  <testcase classname="ptolemy.util.test.junit.AutoTests" name="[33] /home/travis/build/icyphy/ptII/ptolemy/domains/hdf/kernel/test/auto/WaterTank_HDF.xml (RunModel)" time="0.111" />
  <testcase classname="ptolemy.util.test.junit.AutoTests" name="[34] /home/travis/build/icyphy/ptII/ptolemy/domains/hdf/kernel/test/auto/WaterTank_HDF2.xml (RunModel)" time="0.134" />
  <testcase classname="ptolemy.util.test.junit.AutoTests" name="[35] /home/travis/build/icyphy/ptII/ptolemy/domains/hdf/kernel/test/auto/badFSMRateChanges.xml (RunModel)" time="0.054" />
  <system-out><![CDATA[/home/travis/build/icyphy/ptII/ptolemy/domains/hdf/kernel/test/RateErrorChecking.tcl
testDefs.tcl: setting time out to 9000 seconds at Fri Aug 23 05:27:51 UTC 2019


==== $PTII/ptolemy/domains/hdf/kernel/test/RateErrorChecking.tcl: RateErrorChecking-1.0 
==== Contents of test case:

    catch {createAndExecute "badFSMRateChanges.xml"} foo
    list $foo

==== Result was:
{java.io.FileNotFoundException: /home/travis/build/icyphy/ptII/ptolemy/domains/hdf/kernel/test/badFSMRateChanges.xml (No such file or directory)}
---- KNOWN Failure, Result should have been:
{ptolemy.kernel.util.IllegalActionException: Failed to compute schedule:
  in .badFSMRateChanges.SDF Director
Because:
The SDF rate parameter may change. This is not allowed in SDF models that will be run through the code generator.  If you don't care about code generation, then you might consider setting the allowRateChanges parameter of the SDF director to false.
    in .badFSMRateChanges.typed composite actor.output.tokenProductionRate}
---- RateErrorChecking-1.0 Failed, but this is a KNOWN failure
08/23/19 05:27:52
Failed: 0  Total Tests: 1  ((Passed: 0, Newly Passed: 0)  Known Failed: 1) /home/travis/build/icyphy/ptII/ptolemy/domains/hdf/kernel/test
----------------- testing (KnownFailure) /home/travis/build/icyphy/ptII/ptolemy/domains/hdf/kernel/test/auto/knownFailedTests/badFSMRateChanges.xml
180 ms. Memory: 120832K Free: 70085K (58%)
No auto/linux-amd64/*.xml tests in /home/travis/build/icyphy/ptII/ptolemy/domains/hdf/kernel/test
AutoTests.java: About to close Vertx.
AutoTests.java: Vertx closed.

===========================================================================================
----------------- testing Fri Aug 23 05:27:53 UTC 2019 /home/travis/build/icyphy/ptII/ptolemy/domains/hdf/kernel/test/auto/ConstVariableRateTest.xml
----------------- Instantiating /home/travis/build/icyphy/ptII/ptolemy/domains/hdf/kernel/test/auto/ConstVariableRateTest.xml
78 ms. Memory: 120832K Free: 85806K (71%)
----------------- Invoking toplevel() on ptolemy.moml.MoMLSimpleApplication@5b2746b3
----------------- Done invoking toplevel() on ptolemy.moml.MoMLSimpleApplication@5b2746b3
reloadAllAccessors: .ConstVariableRateTest

===========================================================================================
----------------- testing Fri Aug 23 05:27:53 UTC 2019 /home/travis/build/icyphy/ptII/ptolemy/domains/hdf/kernel/test/auto/DifferentRefinedRates.xml
----------------- Instantiating /home/travis/build/icyphy/ptII/ptolemy/domains/hdf/kernel/test/auto/DifferentRefinedRates.xml
82 ms. Memory: 120832K Free: 99221K (82%)
----------------- Invoking toplevel() on ptolemy.moml.MoMLSimpleApplication@537f0a24
----------------- Done invoking toplevel() on ptolemy.moml.MoMLSimpleApplication@537f0a24
reloadAllAccessors: .DifferentRefinedRates

===========================================================================================
----------------- testing Fri Aug 23 05:27:53 UTC 2019 /home/travis/build/icyphy/ptII/ptolemy/domains/hdf/kernel/test/auto/DifferentRefinedRates2.xml
----------------- Instantiating /home/travis/build/icyphy/ptII/ptolemy/domains/hdf/kernel/test/auto/DifferentRefinedRates2.xml
42 ms. Memory: 120832K Free: 85186K (70%)
----------------- Invoking toplevel() on ptolemy.moml.MoMLSimpleApplication@23bb081
----------------- Done invoking toplevel() on ptolemy.moml.MoMLSimpleApplication@23bb081
reloadAllAccessors: .DifferentRefinedRates2

===========================================================================================
----------------- testing Fri Aug 23 05:27:53 UTC 2019 /home/travis/build/icyphy/ptII/ptolemy/domains/hdf/kernel/test/auto/DifferentRefinedRates3.xml
----------------- Instantiating /home/travis/build/icyphy/ptII/ptolemy/domains/hdf/kernel/test/auto/DifferentRefinedRates3.xml
48 ms. Memory: 120832K Free: 74211K (61%)
----------------- Invoking toplevel() on ptolemy.moml.MoMLSimpleApplication@35c1a796
----------------- Done invoking toplevel() on ptolemy.moml.MoMLSimpleApplication@35c1a796
reloadAllAccessors: .DifferentRefinedRates3

===========================================================================================
----------------- testing Fri Aug 23 05:27:53 UTC 2019 /home/travis/build/icyphy/ptII/ptolemy/domains/hdf/kernel/test/auto/DifferentRefinedRates4.xml
----------------- Instantiating /home/travis/build/icyphy/ptII/ptolemy/domains/hdf/kernel/test/auto/DifferentRefinedRates4.xml
71 ms. Memory: 120832K Free: 101609K (84%)
----------------- Invoking toplevel() on ptolemy.moml.MoMLSimpleApplication@41eb5e36
----------------- Done invoking toplevel() on ptolemy.moml.MoMLSimpleApplication@41eb5e36
reloadAllAccessors: .NewHDFtest1

===========================================================================================
----------------- testing Fri Aug 23 05:27:54 UTC 2019 /home/travis/build/icyphy/ptII/ptolemy/domains/hdf/kernel/test/auto/DifferentRefinedRates5.xml
----------------- Instantiating /home/travis/build/icyphy/ptII/ptolemy/domains/hdf/kernel/test/auto/DifferentRefinedRates5.xml
59 ms. Memory: 120832K Free: 86249K (71%)
----------------- Invoking toplevel() on ptolemy.moml.MoMLSimpleApplication@65eb6f0b
----------------- Done invoking toplevel() on ptolemy.moml.MoMLSimpleApplication@65eb6f0b
reloadAllAccessors: .NewHDFtest2

===========================================================================================
----------------- testing Fri Aug 23 05:27:54 UTC 2019 /home/travis/build/icyphy/ptII/ptolemy/domains/hdf/kernel/test/auto/DifferentRefinedRates6.xml
----------------- Instantiating /home/travis/build/icyphy/ptII/ptolemy/domains/hdf/kernel/test/auto/DifferentRefinedRates6.xml
40 ms. Memory: 120832K Free: 73294K (61%)
----------------- Invoking toplevel() on ptolemy.moml.MoMLSimpleApplication@2cf17ebf
----------------- Done invoking toplevel() on ptolemy.moml.MoMLSimpleApplication@2cf17ebf
reloadAllAccessors: .DifferentRefinedRates6

===========================================================================================
----------------- testing Fri Aug 23 05:27:54 UTC 2019 /home/travis/build/icyphy/ptII/ptolemy/domains/hdf/kernel/test/auto/DownSample_PowerOfTwo.xml
----------------- Instantiating /home/travis/build/icyphy/ptII/ptolemy/domains/hdf/kernel/test/auto/DownSample_PowerOfTwo.xml
205 ms. Memory: 120832K Free: 100762K (83%)
----------------- Invoking toplevel() on ptolemy.moml.MoMLSimpleApplication@33e7b337
----------------- Done invoking toplevel() on ptolemy.moml.MoMLSimpleApplication@33e7b337
reloadAllAccessors: .SDFDownSample

===========================================================================================
----------------- testing Fri Aug 23 05:27:54 UTC 2019 /home/travis/build/icyphy/ptII/ptolemy/domains/hdf/kernel/test/auto/FibonacciWithNullInitial.xml
----------------- Instantiating /home/travis/build/icyphy/ptII/ptolemy/domains/hdf/kernel/test/auto/FibonacciWithNullInitial.xml
145 ms. Memory: 120832K Free: 76540K (63%)
----------------- Invoking toplevel() on ptolemy.moml.MoMLSimpleApplication@4d9f4088
----------------- Done invoking toplevel() on ptolemy.moml.MoMLSimpleApplication@4d9f4088
reloadAllAccessors: .FibonacciWithNullInitial

===========================================================================================
----------------- testing Fri Aug 23 05:27:54 UTC 2019 /home/travis/build/icyphy/ptII/ptolemy/domains/hdf/kernel/test/auto/FibonacciWithNullInitial1.xml
----------------- Instantiating /home/travis/build/icyphy/ptII/ptolemy/domains/hdf/kernel/test/auto/FibonacciWithNullInitial1.xml
155 ms. Memory: 120832K Free: 52988K (44%)
----------------- Invoking toplevel() on ptolemy.moml.MoMLSimpleApplication@5b04017a
----------------- Done invoking toplevel() on ptolemy.moml.MoMLSimpleApplication@5b04017a
reloadAllAccessors: .FibonacciWithNullInitial1

===========================================================================================
----------------- testing Fri Aug 23 05:27:55 UTC 2019 /home/travis/build/icyphy/ptII/ptolemy/domains/hdf/kernel/test/auto/FibonacciWithTransientStates.xml
----------------- Instantiating /home/travis/build/icyphy/ptII/ptolemy/domains/hdf/kernel/test/auto/FibonacciWithTransientStates.xml
133 ms. Memory: 152576K Free: 117243K (77%)
----------------- Invoking toplevel() on ptolemy.moml.MoMLSimpleApplication@3076236b
----------------- Done invoking toplevel() on ptolemy.moml.MoMLSimpleApplication@3076236b
reloadAllAccessors: .FibonacciWithTransientStates

===========================================================================================
----------------- testing Fri Aug 23 05:27:55 UTC 2019 /home/travis/build/icyphy/ptII/ptolemy/domains/hdf/kernel/test/auto/FibonacciWithTransientStates2.xml
----------------- Instantiating /home/travis/build/icyphy/ptII/ptolemy/domains/hdf/kernel/test/auto/FibonacciWithTransientStates2.xml
33 ms. Memory: 152576K Free: 95739K (63%)
----------------- Invoking toplevel() on ptolemy.moml.MoMLSimpleApplication@3d06c519
----------------- Done invoking toplevel() on ptolemy.moml.MoMLSimpleApplication@3d06c519
reloadAllAccessors: .FibonacciWithTransientStates2

===========================================================================================
----------------- testing Fri Aug 23 05:27:55 UTC 2019 /home/travis/build/icyphy/ptII/ptolemy/domains/hdf/kernel/test/auto/FibonacciWithoutHistoryInitial.xml
----------------- Instantiating /home/travis/build/icyphy/ptII/ptolemy/domains/hdf/kernel/test/auto/FibonacciWithoutHistoryInitial.xml
108 ms. Memory: 152576K Free: 73721K (48%)
----------------- Invoking toplevel() on ptolemy.moml.MoMLSimpleApplication@31fdef85
----------------- Done invoking toplevel() on ptolemy.moml.MoMLSimpleApplication@31fdef85
reloadAllAccessors: .FibonacciWithoutHistoryInitial

===========================================================================================
----------------- testing Fri Aug 23 05:27:55 UTC 2019 /home/travis/build/icyphy/ptII/ptolemy/domains/hdf/kernel/test/auto/GuardUsingPastTokens.xml
----------------- Instantiating /home/travis/build/icyphy/ptII/ptolemy/domains/hdf/kernel/test/auto/GuardUsingPastTokens.xml
20 ms. Memory: 152576K Free: 58875K (39%)
----------------- Invoking toplevel() on ptolemy.moml.MoMLSimpleApplication@19aebd05
----------------- Done invoking toplevel() on ptolemy.moml.MoMLSimpleApplication@19aebd05
reloadAllAccessors: .GuardUsingPastTokens

===========================================================================================
----------------- testing Fri Aug 23 05:27:55 UTC 2019 /home/travis/build/icyphy/ptII/ptolemy/domains/hdf/kernel/test/auto/GuardWithResets.xml
----------------- Instantiating /home/travis/build/icyphy/ptII/ptolemy/domains/hdf/kernel/test/auto/GuardWithResets.xml
40 ms. Memory: 152576K Free: 124573K (82%)
----------------- Invoking toplevel() on ptolemy.moml.MoMLSimpleApplication@6eeca9d4
----------------- Done invoking toplevel() on ptolemy.moml.MoMLSimpleApplication@6eeca9d4
reloadAllAccessors: .GuardWithResets

===========================================================================================
----------------- testing Fri Aug 23 05:27:55 UTC 2019 /home/travis/build/icyphy/ptII/ptolemy/domains/hdf/kernel/test/auto/Hierarchy_2Level_Test1.xml
----------------- Instantiating /home/travis/build/icyphy/ptII/ptolemy/domains/hdf/kernel/test/auto/Hierarchy_2Level_Test1.xml
29 ms. Memory: 152576K Free: 106669K (70%)
----------------- Invoking toplevel() on ptolemy.moml.MoMLSimpleApplication@5544d651
----------------- Done invoking toplevel() on ptolemy.moml.MoMLSimpleApplication@5544d651
reloadAllAccessors: .Hierarchy_2Level_Test1

===========================================================================================
----------------- testing Fri Aug 23 05:27:55 UTC 2019 /home/travis/build/icyphy/ptII/ptolemy/domains/hdf/kernel/test/auto/Hierarchy_2Level_Test2.xml
----------------- Instantiating /home/travis/build/icyphy/ptII/ptolemy/domains/hdf/kernel/test/auto/Hierarchy_2Level_Test2.xml
28 ms. Memory: 152576K Free: 88237K (58%)
----------------- Invoking toplevel() on ptolemy.moml.MoMLSimpleApplication@8993c7d
----------------- Done invoking toplevel() on ptolemy.moml.MoMLSimpleApplication@8993c7d
reloadAllAccessors: .Hierarchy_4Level_Test2

===========================================================================================
----------------- testing Fri Aug 23 05:27:55 UTC 2019 /home/travis/build/icyphy/ptII/ptolemy/domains/hdf/kernel/test/auto/Hysteresis.xml
----------------- Instantiating /home/travis/build/icyphy/ptII/ptolemy/domains/hdf/kernel/test/auto/Hysteresis.xml
25 ms. Memory: 152576K Free: 76973K (50%)
----------------- Invoking toplevel() on ptolemy.moml.MoMLSimpleApplication@6f4d8def
----------------- Done invoking toplevel() on ptolemy.moml.MoMLSimpleApplication@6f4d8def
reloadAllAccessors: .Hysteresis

===========================================================================================
----------------- testing Fri Aug 23 05:27:55 UTC 2019 /home/travis/build/icyphy/ptII/ptolemy/domains/hdf/kernel/test/auto/InitTransient.xml
----------------- Instantiating /home/travis/build/icyphy/ptII/ptolemy/domains/hdf/kernel/test/auto/InitTransient.xml
28 ms. Memory: 152576K Free: 58027K (38%)
----------------- Invoking toplevel() on ptolemy.moml.MoMLSimpleApplication@ec8ceee
----------------- Done invoking toplevel() on ptolemy.moml.MoMLSimpleApplication@ec8ceee
reloadAllAccessors: .InitTransient

===========================================================================================
----------------- testing Fri Aug 23 05:27:55 UTC 2019 /home/travis/build/icyphy/ptII/ptolemy/domains/hdf/kernel/test/auto/Merge.xml
----------------- Instantiating /home/travis/build/icyphy/ptII/ptolemy/domains/hdf/kernel/test/auto/Merge.xml
34 ms. Memory: 152576K Free: 129747K (85%)
----------------- Invoking toplevel() on ptolemy.moml.MoMLSimpleApplication@24c5f40c
----------------- Done invoking toplevel() on ptolemy.moml.MoMLSimpleApplication@24c5f40c
reloadAllAccessors: .Merge

===========================================================================================
----------------- testing Fri Aug 23 05:27:56 UTC 2019 /home/travis/build/icyphy/ptII/ptolemy/domains/hdf/kernel/test/auto/ModalModelBooleanSwitch.xml
----------------- Instantiating /home/travis/build/icyphy/ptII/ptolemy/domains/hdf/kernel/test/auto/ModalModelBooleanSwitch.xml
42 ms. Memory: 152576K Free: 110335K (72%)
----------------- Invoking toplevel() on ptolemy.moml.MoMLSimpleApplication@6db15e08
----------------- Done invoking toplevel() on ptolemy.moml.MoMLSimpleApplication@6db15e08
reloadAllAccessors: .BooleanSwitchWithModel

===========================================================================================
----------------- testing Fri Aug 23 05:27:56 UTC 2019 /home/travis/build/icyphy/ptII/ptolemy/domains/hdf/kernel/test/auto/SameRates.xml
----------------- Instantiating /home/travis/build/icyphy/ptII/ptolemy/domains/hdf/kernel/test/auto/SameRates.xml
18 ms. Memory: 152576K Free: 97537K (64%)
----------------- Invoking toplevel() on ptolemy.moml.MoMLSimpleApplication@1eb0b84c
----------------- Done invoking toplevel() on ptolemy.moml.MoMLSimpleApplication@1eb0b84c
reloadAllAccessors: .SameRates

===========================================================================================
----------------- testing Fri Aug 23 05:27:56 UTC 2019 /home/travis/build/icyphy/ptII/ptolemy/domains/hdf/kernel/test/auto/SameRefinedRates.xml
----------------- Instantiating /home/travis/build/icyphy/ptII/ptolemy/domains/hdf/kernel/test/auto/SameRefinedRates.xml
18 ms. Memory: 152576K Free: 84225K (55%)
----------------- Invoking toplevel() on ptolemy.moml.MoMLSimpleApplication@13fad675
----------------- Done invoking toplevel() on ptolemy.moml.MoMLSimpleApplication@13fad675
reloadAllAccessors: .SameRefinedRates

===========================================================================================
----------------- testing Fri Aug 23 05:27:56 UTC 2019 /home/travis/build/icyphy/ptII/ptolemy/domains/hdf/kernel/test/auto/SameRefinedRates2.xml
----------------- Instantiating /home/travis/build/icyphy/ptII/ptolemy/domains/hdf/kernel/test/auto/SameRefinedRates2.xml
25 ms. Memory: 152576K Free: 69889K (46%)
----------------- Invoking toplevel() on ptolemy.moml.MoMLSimpleApplication@7405028f
----------------- Done invoking toplevel() on ptolemy.moml.MoMLSimpleApplication@7405028f
reloadAllAccessors: .SameRefinedRates2

===========================================================================================
----------------- testing Fri Aug 23 05:27:56 UTC 2019 /home/travis/build/icyphy/ptII/ptolemy/domains/hdf/kernel/test/auto/TransientStates.xml
----------------- Instantiating /home/travis/build/icyphy/ptII/ptolemy/domains/hdf/kernel/test/auto/TransientStates.xml
36 ms. Memory: 152576K Free: 50943K (33%)
----------------- Invoking toplevel() on ptolemy.moml.MoMLSimpleApplication@7aaa2931
----------------- Done invoking toplevel() on ptolemy.moml.MoMLSimpleApplication@7aaa2931
reloadAllAccessors: .TransientStates

===========================================================================================
----------------- testing Fri Aug 23 05:27:56 UTC 2019 /home/travis/build/icyphy/ptII/ptolemy/domains/hdf/kernel/test/auto/TwoHammingCodec.xml
----------------- Instantiating /home/travis/build/icyphy/ptII/ptolemy/domains/hdf/kernel/test/auto/TwoHammingCodec.xml
27 ms. Memory: 152576K Free: 120172K (79%)
----------------- Invoking toplevel() on ptolemy.moml.MoMLSimpleApplication@60b90de
----------------- Done invoking toplevel() on ptolemy.moml.MoMLSimpleApplication@60b90de
reloadAllAccessors: .TwoHammingCodec

===========================================================================================
----------------- testing Fri Aug 23 05:27:56 UTC 2019 /home/travis/build/icyphy/ptII/ptolemy/domains/hdf/kernel/test/auto/TwoHammingCodec1.xml
----------------- Instantiating /home/travis/build/icyphy/ptII/ptolemy/domains/hdf/kernel/test/auto/TwoHammingCodec1.xml
43 ms. Memory: 152576K Free: 96620K (63%)
----------------- Invoking toplevel() on ptolemy.moml.MoMLSimpleApplication@7042f8a
----------------- Done invoking toplevel() on ptolemy.moml.MoMLSimpleApplication@7042f8a
reloadAllAccessors: .twoHammingCodec1

===========================================================================================
----------------- testing Fri Aug 23 05:27:56 UTC 2019 /home/travis/build/icyphy/ptII/ptolemy/domains/hdf/kernel/test/auto/TwoLevelHierarchy.xml
----------------- Instantiating /home/travis/build/icyphy/ptII/ptolemy/domains/hdf/kernel/test/auto/TwoLevelHierarchy.xml
79 ms. Memory: 152576K Free: 54108K (35%)
----------------- Invoking toplevel() on ptolemy.moml.MoMLSimpleApplication@375171ac
----------------- Done invoking toplevel() on ptolemy.moml.MoMLSimpleApplication@375171ac
reloadAllAccessors: .TwoLevelHierarchy

===========================================================================================
----------------- testing Fri Aug 23 05:27:56 UTC 2019 /home/travis/build/icyphy/ptII/ptolemy/domains/hdf/kernel/test/auto/TwoLevelHierarchy1.xml
----------------- Instantiating /home/travis/build/icyphy/ptII/ptolemy/domains/hdf/kernel/test/auto/TwoLevelHierarchy1.xml
71 ms. Memory: 152576K Free: 100302K (66%)
----------------- Invoking toplevel() on ptolemy.moml.MoMLSimpleApplication@6a8c8b00
----------------- Done invoking toplevel() on ptolemy.moml.MoMLSimpleApplication@6a8c8b00
reloadAllAccessors: .TwoLevelHierarchy1

===========================================================================================
----------------- testing Fri Aug 23 05:27:57 UTC 2019 /home/travis/build/icyphy/ptII/ptolemy/domains/hdf/kernel/test/auto/TwoLevelHierarchy2.xml
----------------- Instantiating /home/travis/build/icyphy/ptII/ptolemy/domains/hdf/kernel/test/auto/TwoLevelHierarchy2.xml
53 ms. Memory: 152576K Free: 65486K (43%)
----------------- Invoking toplevel() on ptolemy.moml.MoMLSimpleApplication@3a000ad9
----------------- Done invoking toplevel() on ptolemy.moml.MoMLSimpleApplication@3a000ad9
reloadAllAccessors: .TwoLevelHierarchy2

===========================================================================================
----------------- testing Fri Aug 23 05:27:57 UTC 2019 /home/travis/build/icyphy/ptII/ptolemy/domains/hdf/kernel/test/auto/TwoLevelHierarchyNullStates.xml
----------------- Instantiating /home/travis/build/icyphy/ptII/ptolemy/domains/hdf/kernel/test/auto/TwoLevelHierarchyNullStates.xml
66 ms. Memory: 152576K Free: 104617K (69%)
----------------- Invoking toplevel() on ptolemy.moml.MoMLSimpleApplication@3dcee3f6
----------------- Done invoking toplevel() on ptolemy.moml.MoMLSimpleApplication@3dcee3f6
reloadAllAccessors: .TwoLevelHierarchyNullStates

===========================================================================================
----------------- testing Fri Aug 23 05:27:57 UTC 2019 /home/travis/build/icyphy/ptII/ptolemy/domains/hdf/kernel/test/auto/TwoLevelHierarchyWithResets.xml
----------------- Instantiating /home/travis/build/icyphy/ptII/ptolemy/domains/hdf/kernel/test/auto/TwoLevelHierarchyWithResets.xml
70 ms. Memory: 152576K Free: 59575K (39%)
----------------- Invoking toplevel() on ptolemy.moml.MoMLSimpleApplication@48074475
----------------- Done invoking toplevel() on ptolemy.moml.MoMLSimpleApplication@48074475
reloadAllAccessors: .TwoLevelHierarchy1

===========================================================================================
----------------- testing Fri Aug 23 05:27:57 UTC 2019 /home/travis/build/icyphy/ptII/ptolemy/domains/hdf/kernel/test/auto/TwoLevelHierarchyWithResetsNullStates.xml
----------------- Instantiating /home/travis/build/icyphy/ptII/ptolemy/domains/hdf/kernel/test/auto/TwoLevelHierarchyWithResetsNullStates.xml
83 ms. Memory: 152576K Free: 89638K (59%)
----------------- Invoking toplevel() on ptolemy.moml.MoMLSimpleApplication@9eb7ee3
----------------- Done invoking toplevel() on ptolemy.moml.MoMLSimpleApplication@9eb7ee3
reloadAllAccessors: .TwoLevelHierarchyWithResetsNullStates

===========================================================================================
----------------- testing Fri Aug 23 05:27:57 UTC 2019 /home/travis/build/icyphy/ptII/ptolemy/domains/hdf/kernel/test/auto/WaterTank_HDF.xml
----------------- Instantiating /home/travis/build/icyphy/ptII/ptolemy/domains/hdf/kernel/test/auto/WaterTank_HDF.xml
50 ms. Memory: 152576K Free: 61476K (40%)
----------------- Invoking toplevel() on ptolemy.moml.MoMLSimpleApplication@4f05bf89
----------------- Done invoking toplevel() on ptolemy.moml.MoMLSimpleApplication@4f05bf89
reloadAllAccessors: .WaterTank_HDF

===========================================================================================
----------------- testing Fri Aug 23 05:27:57 UTC 2019 /home/travis/build/icyphy/ptII/ptolemy/domains/hdf/kernel/test/auto/WaterTank_HDF2.xml
----------------- Instantiating /home/travis/build/icyphy/ptII/ptolemy/domains/hdf/kernel/test/auto/WaterTank_HDF2.xml
44 ms. Memory: 152576K Free: 118723K (78%)
----------------- Invoking toplevel() on ptolemy.moml.MoMLSimpleApplication@34f41e07
----------------- Done invoking toplevel() on ptolemy.moml.MoMLSimpleApplication@34f41e07
reloadAllAccessors: .WaterTank_HDF2

===========================================================================================
----------------- testing Fri Aug 23 05:27:58 UTC 2019 /home/travis/build/icyphy/ptII/ptolemy/domains/hdf/kernel/test/auto/badFSMRateChanges.xml
----------------- Instantiating /home/travis/build/icyphy/ptII/ptolemy/domains/hdf/kernel/test/auto/badFSMRateChanges.xml
14 ms. Memory: 152576K Free: 104387K (68%)
----------------- Invoking toplevel() on ptolemy.moml.MoMLSimpleApplication@20c9c68c
----------------- Done invoking toplevel() on ptolemy.moml.MoMLSimpleApplication@20c9c68c
reloadAllAccessors: .badFSMRateChanges
AutoTests.java: About to close Vertx.
AutoTests.java: Vertx closed.
]]></system-out>
  <system-err><![CDATA[]]></system-err>
</testsuite>
