<?xml version="1.0" encoding="UTF-8" ?>
<testsuite errors="0" failures="0" hostname="travis-job-070e7f5d-6341-4872-89ab-85029124a702" name="ptolemy.domains.de.test.junit.JUnitTclTest" skipped="0" tests="101" time="130.075" timestamp="2018-12-02T02:57:28">
  <properties>
[...]
</properties>
  <testcase classname="ptolemy.util.test.junit.TclTests" name="[0] /home/travis/build/icyphy/ptII/ptolemy/domains/de/test/DependencyLoop.tcl (RunTclFile)" time="0.785" />
  <testcase classname="ptolemy.util.test.junit.TclTests" name="[1] /home/travis/build/icyphy/ptII/ptolemy/domains/de/test/RunDETestsAsQSS.tcl (RunTclFile)" time="89.064" />
  <testcase classname="ptolemy.util.test.junit.AutoKnownFailedTests" name="[0] /home/travis/build/icyphy/ptII/ptolemy/domains/de/test/auto/knownFailedTests/DESDFClockTest.xml (RunModel)" time="2.028" />
  <testcase classname="ptolemy.util.test.junit.AutoKnownFailedTests" name="[1] /home/travis/build/icyphy/ptII/ptolemy/domains/de/test/auto/knownFailedTests/DirectFeedback.xml (RunModel)" time="0.008" />
  <testcase classname="ptolemy.util.test.junit.AutoKnownFailedTests" name="[2] /home/travis/build/icyphy/ptII/ptolemy/domains/de/test/auto/knownFailedTests/FSMSource.xml (RunModel)" time="0.016" />
  <testcase classname="ptolemy.util.test.junit.AutoKnownFailedTests" name="[3] /home/travis/build/icyphy/ptII/ptolemy/domains/de/test/auto/knownFailedTests/HierarchicalModel.xml (RunModel)" time="0.043" />
  <testcase classname="ptolemy.util.test.junit.AutoKnownFailedTests" name="[4] /home/travis/build/icyphy/ptII/ptolemy/domains/de/test/auto/knownFailedTests/dependencyLoop.xml (RunModel)" time="0.023" />
  <testcase classname="ptolemy.util.test.junit.AutoKnownFailedTests" name="[5] /home/travis/build/icyphy/ptII/ptolemy/domains/de/test/auto/knownFailedTests/dependencyLoop2.xml (RunModel)" time="0.023" />
  <testcase classname="ptolemy.util.test.junit.AutoNameArchTests" name="[0] ThereAreNoAutoArchTests (RunModel)" time="0.001" />
  <testcase classname="ptolemy.util.test.junit.AutoTests" name="[0] /home/travis/build/icyphy/ptII/ptolemy/domains/de/test/auto/ActorDepthCalculation_actorWithoutPorts.xml (RunModel)" time="0.009" />
  <testcase classname="ptolemy.util.test.junit.AutoTests" name="[1] /home/travis/build/icyphy/ptII/ptolemy/domains/de/test/auto/AssemblyLine.xml (RunModel)" time="0.01" />
  <testcase classname="ptolemy.util.test.junit.AutoTests" name="[2] /home/travis/build/icyphy/ptII/ptolemy/domains/de/test/auto/CQBug1.xml (RunModel)" time="0.005" />
  <testcase classname="ptolemy.util.test.junit.AutoTests" name="[3] /home/travis/build/icyphy/ptII/ptolemy/domains/de/test/auto/CancelFireAt.xml (RunModel)" time="0.004" />
  <testcase classname="ptolemy.util.test.junit.AutoTests" name="[4] /home/travis/build/icyphy/ptII/ptolemy/domains/de/test/auto/CausalityAndComposabilityAnalysis.xml (RunModel)" time="0.007" />
  <testcase classname="ptolemy.util.test.junit.AutoTests" name="[5] /home/travis/build/icyphy/ptII/ptolemy/domains/de/test/auto/CausalityInterface1.xml (RunModel)" time="0.013" />
  <testcase classname="ptolemy.util.test.junit.AutoTests" name="[6] /home/travis/build/icyphy/ptII/ptolemy/domains/de/test/auto/CausalityInterface15.xml (RunModel)" time="0.009" />
  <testcase classname="ptolemy.util.test.junit.AutoTests" name="[7] /home/travis/build/icyphy/ptII/ptolemy/domains/de/test/auto/CausalityInterface2.xml (RunModel)" time="0.007" />
  <testcase classname="ptolemy.util.test.junit.AutoTests" name="[8] /home/travis/build/icyphy/ptII/ptolemy/domains/de/test/auto/CausalityInterface3.xml (RunModel)" time="0.007" />
  <testcase classname="ptolemy.util.test.junit.AutoTests" name="[9] /home/travis/build/icyphy/ptII/ptolemy/domains/de/test/auto/ClockDrift.xml (RunModel)" time="0.024" />
  <testcase classname="ptolemy.util.test.junit.AutoTests" name="[10] /home/travis/build/icyphy/ptII/ptolemy/domains/de/test/auto/ClockDriftAndValueChange.xml (RunModel)" time="0.021" />
  <testcase classname="ptolemy.util.test.junit.AutoTests" name="[11] /home/travis/build/icyphy/ptII/ptolemy/domains/de/test/auto/ClockDriftChange.xml (RunModel)" time="0.018" />
  <testcase classname="ptolemy.util.test.junit.AutoTests" name="[12] /home/travis/build/icyphy/ptII/ptolemy/domains/de/test/auto/ComposableCausalityAnalysis.xml (RunModel)" time="0.015" />
  <testcase classname="ptolemy.util.test.junit.AutoTests" name="[13] /home/travis/build/icyphy/ptII/ptolemy/domains/de/test/auto/DEFixedPointLimitation.xml (RunModel)" time="0.007" />
  <testcase classname="ptolemy.util.test.junit.AutoTests" name="[14] /home/travis/build/icyphy/ptII/ptolemy/domains/de/test/auto/DEScheduleTest.xml (RunModel)" time="0.008" />
  <testcase classname="ptolemy.util.test.junit.AutoTests" name="[15] /home/travis/build/icyphy/ptII/ptolemy/domains/de/test/auto/DEinDEwithStartTimes.xml (RunModel)" time="0.009" />
  <testcase classname="ptolemy.util.test.junit.AutoTests" name="[16] /home/travis/build/icyphy/ptII/ptolemy/domains/de/test/auto/DEinDEwithStartTimes2.xml (RunModel)" time="0.01" />
  <testcase classname="ptolemy.util.test.junit.AutoTests" name="[17] /home/travis/build/icyphy/ptII/ptolemy/domains/de/test/auto/DateDemo.xml (RunModel)" time="0.023" />
  <testcase classname="ptolemy.util.test.junit.AutoTests" name="[18] /home/travis/build/icyphy/ptII/ptolemy/domains/de/test/auto/DateToEvent.xml (RunModel)" time="2.032" />
  <testcase classname="ptolemy.util.test.junit.AutoTests" name="[19] /home/travis/build/icyphy/ptII/ptolemy/domains/de/test/auto/DepthTest1.xml (RunModel)" time="0.01" />
  <testcase classname="ptolemy.util.test.junit.AutoTests" name="[20] /home/travis/build/icyphy/ptII/ptolemy/domains/de/test/auto/DepthTest2.xml (RunModel)" time="0.019" />
  <testcase classname="ptolemy.util.test.junit.AutoTests" name="[21] /home/travis/build/icyphy/ptII/ptolemy/domains/de/test/auto/DepthTest3.xml (RunModel)" time="0.009" />
  <testcase classname="ptolemy.util.test.junit.AutoTests" name="[22] /home/travis/build/icyphy/ptII/ptolemy/domains/de/test/auto/DepthTest4.xml (RunModel)" time="0.015" />
  <testcase classname="ptolemy.util.test.junit.AutoTests" name="[23] /home/travis/build/icyphy/ptII/ptolemy/domains/de/test/auto/DepthTest5.xml (RunModel)" time="0.016" />
  <testcase classname="ptolemy.util.test.junit.AutoTests" name="[24] /home/travis/build/icyphy/ptII/ptolemy/domains/de/test/auto/DepthTest6.xml (RunModel)" time="0.016" />
  <testcase classname="ptolemy.util.test.junit.AutoTests" name="[25] /home/travis/build/icyphy/ptII/ptolemy/domains/de/test/auto/DepthTest7.xml (RunModel)" time="0.026" />
  <testcase classname="ptolemy.util.test.junit.AutoTests" name="[26] /home/travis/build/icyphy/ptII/ptolemy/domains/de/test/auto/EventToDate.xml (RunModel)" time="3.048" />
  <testcase classname="ptolemy.util.test.junit.AutoTests" name="[27] /home/travis/build/icyphy/ptII/ptolemy/domains/de/test/auto/FSM1.xml (RunModel)" time="0.048" />
  <testcase classname="ptolemy.util.test.junit.AutoTests" name="[28] /home/travis/build/icyphy/ptII/ptolemy/domains/de/test/auto/FSM7.xml (RunModel)" time="0.043" />
  <testcase classname="ptolemy.util.test.junit.AutoTests" name="[29] /home/travis/build/icyphy/ptII/ptolemy/domains/de/test/auto/Inspection.xml (RunModel)" time="0.038" />
  <testcase classname="ptolemy.util.test.junit.AutoTests" name="[30] /home/travis/build/icyphy/ptII/ptolemy/domains/de/test/auto/Iteration.xml (RunModel)" time="0.02" />
  <testcase classname="ptolemy.util.test.junit.AutoTests" name="[31] /home/travis/build/icyphy/ptII/ptolemy/domains/de/test/auto/LineFault.xml (RunModel)" time="0.556" />
  <testcase classname="ptolemy.util.test.junit.AutoTests" name="[32] /home/travis/build/icyphy/ptII/ptolemy/domains/de/test/auto/MergeModel1Add.xml (RunModel)" time="0.047" />
  <testcase classname="ptolemy.util.test.junit.AutoTests" name="[33] /home/travis/build/icyphy/ptII/ptolemy/domains/de/test/auto/MergeModel2Add.xml (RunModel)" time="0.042" />
  <testcase classname="ptolemy.util.test.junit.AutoTests" name="[34] /home/travis/build/icyphy/ptII/ptolemy/domains/de/test/auto/MergeModel3Add.xml (RunModel)" time="0.051" />
  <testcase classname="ptolemy.util.test.junit.AutoTests" name="[35] /home/travis/build/icyphy/ptII/ptolemy/domains/de/test/auto/MergeWithoutDiscard.xml (RunModel)" time="0.013" />
  <testcase classname="ptolemy.util.test.junit.AutoTests" name="[36] /home/travis/build/icyphy/ptII/ptolemy/domains/de/test/auto/Modal1.xml (RunModel)" time="0.04" />
  <testcase classname="ptolemy.util.test.junit.AutoTests" name="[37] /home/travis/build/icyphy/ptII/ptolemy/domains/de/test/auto/Modal2.xml (RunModel)" time="0.033" />
  <testcase classname="ptolemy.util.test.junit.AutoTests" name="[38] /home/travis/build/icyphy/ptII/ptolemy/domains/de/test/auto/Modal3.xml (RunModel)" time="0.04" />
  <testcase classname="ptolemy.util.test.junit.AutoTests" name="[39] /home/travis/build/icyphy/ptII/ptolemy/domains/de/test/auto/Modal4.xml (RunModel)" time="0.042" />
  <testcase classname="ptolemy.util.test.junit.AutoTests" name="[40] /home/travis/build/icyphy/ptII/ptolemy/domains/de/test/auto/Modal5.xml (RunModel)" time="0.036" />
  <testcase classname="ptolemy.util.test.junit.AutoTests" name="[41] /home/travis/build/icyphy/ptII/ptolemy/domains/de/test/auto/Modal6.xml (RunModel)" time="0.031" />
  <testcase classname="ptolemy.util.test.junit.AutoTests" name="[42] /home/travis/build/icyphy/ptII/ptolemy/domains/de/test/auto/Modal7.xml (RunModel)" time="0.034" />
  <testcase classname="ptolemy.util.test.junit.AutoTests" name="[43] /home/travis/build/icyphy/ptII/ptolemy/domains/de/test/auto/ModalModel.xml (RunModel)" time="0.193" />
  <testcase classname="ptolemy.util.test.junit.AutoTests" name="[44] /home/travis/build/icyphy/ptII/ptolemy/domains/de/test/auto/ModalSource.xml (RunModel)" time="0.019" />
  <testcase classname="ptolemy.util.test.junit.AutoTests" name="[45] /home/travis/build/icyphy/ptII/ptolemy/domains/de/test/auto/NonInterruptibleTimerZeroDelay.xml (RunModel)" time="0.01" />
  <testcase classname="ptolemy.util.test.junit.AutoTests" name="[46] /home/travis/build/icyphy/ptII/ptolemy/domains/de/test/auto/OpenQueueingNetwork.xml (RunModel)" time="2.168" />
  <testcase classname="ptolemy.util.test.junit.AutoTests" name="[47] /home/travis/build/icyphy/ptII/ptolemy/domains/de/test/auto/OpenQueuingNetwork.xml (RunModel)" time="0.281" />
  <testcase classname="ptolemy.util.test.junit.AutoTests" name="[48] /home/travis/build/icyphy/ptII/ptolemy/domains/de/test/auto/PeriodicSampler.xml (RunModel)" time="0.008" />
  <testcase classname="ptolemy.util.test.junit.AutoTests" name="[49] /home/travis/build/icyphy/ptII/ptolemy/domains/de/test/auto/PersistentIO.xml (RunModel)" time="0.018" />
  <testcase classname="ptolemy.util.test.junit.AutoTests" name="[50] /home/travis/build/icyphy/ptII/ptolemy/domains/de/test/auto/PortParameterResetOnInitialize.xml (RunModel)" time="0.013" />
  <testcase classname="ptolemy.util.test.junit.AutoTests" name="[51] /home/travis/build/icyphy/ptII/ptolemy/domains/de/test/auto/PortParameterUpdates.xml (RunModel)" time="0.014" />
  <testcase classname="ptolemy.util.test.junit.AutoTests" name="[52] /home/travis/build/icyphy/ptII/ptolemy/domains/de/test/auto/QueueAndServer.xml (RunModel)" time="0.021" />
  <testcase classname="ptolemy.util.test.junit.AutoTests" name="[53] /home/travis/build/icyphy/ptII/ptolemy/domains/de/test/auto/Records.xml (RunModel)" time="0.019" />
  <testcase classname="ptolemy.util.test.junit.AutoTests" name="[54] /home/travis/build/icyphy/ptII/ptolemy/domains/de/test/auto/ResetTransitionWithStartTime1.xml (RunModel)" time="0.017" />
  <testcase classname="ptolemy.util.test.junit.AutoTests" name="[55] /home/travis/build/icyphy/ptII/ptolemy/domains/de/test/auto/ResetTransitionWithStartTime2.xml (RunModel)" time="0.02" />
  <testcase classname="ptolemy.util.test.junit.AutoTests" name="[56] /home/travis/build/icyphy/ptII/ptolemy/domains/de/test/auto/ResetTransitionWithStartTime3.xml (RunModel)" time="0.017" />
  <testcase classname="ptolemy.util.test.junit.AutoTests" name="[57] /home/travis/build/icyphy/ptII/ptolemy/domains/de/test/auto/ResetTransitionWithStartTime4.xml (RunModel)" time="0.021" />
  <testcase classname="ptolemy.util.test.junit.AutoTests" name="[58] /home/travis/build/icyphy/ptII/ptolemy/domains/de/test/auto/ResettableTimer1.xml (RunModel)" time="0.01" />
  <testcase classname="ptolemy.util.test.junit.AutoTests" name="[59] /home/travis/build/icyphy/ptII/ptolemy/domains/de/test/auto/ResettableTimer2.xml (RunModel)" time="0.008" />
  <testcase classname="ptolemy.util.test.junit.AutoTests" name="[60] /home/travis/build/icyphy/ptII/ptolemy/domains/de/test/auto/ResettableTimer3.xml (RunModel)" time="0.007" />
  <testcase classname="ptolemy.util.test.junit.AutoTests" name="[61] /home/travis/build/icyphy/ptII/ptolemy/domains/de/test/auto/ResettableTimer4.xml (RunModel)" time="0.009" />
  <testcase classname="ptolemy.util.test.junit.AutoTests" name="[62] /home/travis/build/icyphy/ptII/ptolemy/domains/de/test/auto/ResettableTimer5.xml (RunModel)" time="0.01" />
  <testcase classname="ptolemy.util.test.junit.AutoTests" name="[63] /home/travis/build/icyphy/ptII/ptolemy/domains/de/test/auto/ResettableTimer6.xml (RunModel)" time="0.017" />
  <testcase classname="ptolemy.util.test.junit.AutoTests" name="[64] /home/travis/build/icyphy/ptII/ptolemy/domains/de/test/auto/ServerZeroDelay.xml (RunModel)" time="0.013" />
  <testcase classname="ptolemy.util.test.junit.AutoTests" name="[65] /home/travis/build/icyphy/ptII/ptolemy/domains/de/test/auto/SmartSender.xml (RunModel)" time="3.008" />
  <testcase classname="ptolemy.util.test.junit.AutoTests" name="[66] /home/travis/build/icyphy/ptII/ptolemy/domains/de/test/auto/ThreadedComposite.xml (RunModel)" time="0.114" />
  <testcase classname="ptolemy.util.test.junit.AutoTests" name="[67] /home/travis/build/icyphy/ptII/ptolemy/domains/de/test/auto/Time.xml (RunModel)" time="0.424" />
  <testcase classname="ptolemy.util.test.junit.AutoTests" name="[68] /home/travis/build/icyphy/ptII/ptolemy/domains/de/test/auto/TimeDelayZeroDelay.xml (RunModel)" time="0.01" />
  <testcase classname="ptolemy.util.test.junit.AutoTests" name="[69] /home/travis/build/icyphy/ptII/ptolemy/domains/de/test/auto/TimerZeroDelay.xml (RunModel)" time="0.008" />
  <testcase classname="ptolemy.util.test.junit.AutoTests" name="[70] /home/travis/build/icyphy/ptII/ptolemy/domains/de/test/auto/TimingParadox.xml (RunModel)" time="0.344" />
  <testcase classname="ptolemy.util.test.junit.AutoTests" name="[71] /home/travis/build/icyphy/ptII/ptolemy/domains/de/test/auto/TransferInputs.xml (RunModel)" time="0.019" />
  <testcase classname="ptolemy.util.test.junit.AutoTests" name="[72] /home/travis/build/icyphy/ptII/ptolemy/domains/de/test/auto/TransferOutputs2.xml (RunModel)" time="0.016" />
  <testcase classname="ptolemy.util.test.junit.AutoTests" name="[73] /home/travis/build/icyphy/ptII/ptolemy/domains/de/test/auto/Trilateration.xml (RunModel)" time="11.927" />
  <testcase classname="ptolemy.util.test.junit.AutoTests" name="[74] /home/travis/build/icyphy/ptII/ptolemy/domains/de/test/auto/TwoSigmaDelta.xml (RunModel)" time="2.269" />
  <testcase classname="ptolemy.util.test.junit.AutoTests" name="[75] /home/travis/build/icyphy/ptII/ptolemy/domains/de/test/auto/VariableDelay.xml (RunModel)" time="0.011" />
  <testcase classname="ptolemy.util.test.junit.AutoTests" name="[76] /home/travis/build/icyphy/ptII/ptolemy/domains/de/test/auto/VariableDelay2.xml (RunModel)" time="0.009" />
  <testcase classname="ptolemy.util.test.junit.AutoTests" name="[77] /home/travis/build/icyphy/ptII/ptolemy/domains/de/test/auto/VariableDelayZeroDelay.xml (RunModel)" time="0.015" />
  <testcase classname="ptolemy.util.test.junit.AutoTests" name="[78] /home/travis/build/icyphy/ptII/ptolemy/domains/de/test/auto/VariableDelayZeroDelay2.xml (RunModel)" time="0.011" />
  <testcase classname="ptolemy.util.test.junit.AutoTests" name="[79] /home/travis/build/icyphy/ptII/ptolemy/domains/de/test/auto/deInCt.xml (RunModel)" time="0.014" />
  <testcase classname="ptolemy.util.test.junit.AutoTests" name="[80] /home/travis/build/icyphy/ptII/ptolemy/domains/de/test/auto/deInCt2.xml (RunModel)" time="0.014" />
  <testcase classname="ptolemy.util.test.junit.AutoTests" name="[81] /home/travis/build/icyphy/ptII/ptolemy/domains/de/test/auto/dynamicCausalityInterface1.xml (RunModel)" time="0.025" />
  <testcase classname="ptolemy.util.test.junit.AutoTests" name="[82] /home/travis/build/icyphy/ptII/ptolemy/domains/de/test/auto/fsm_de_test.xml (RunModel)" time="0.024" />
  <testcase classname="ptolemy.util.test.junit.AutoTests" name="[83] /home/travis/build/icyphy/ptII/ptolemy/domains/de/test/auto/functionDependencyReconstruction.xml (RunModel)" time="0.031" />
  <testcase classname="ptolemy.util.test.junit.AutoTests" name="[84] /home/travis/build/icyphy/ptII/ptolemy/domains/de/test/auto/multirate.xml (RunModel)" time="0.016" />
  <testcase classname="ptolemy.util.test.junit.AutoTests" name="[85] /home/travis/build/icyphy/ptII/ptolemy/domains/de/test/auto/multirate2.xml (RunModel)" time="0.014" />
  <testcase classname="ptolemy.util.test.junit.AutoTests" name="[86] /home/travis/build/icyphy/ptII/ptolemy/domains/de/test/auto/realtime.xml (RunModel)" time="10.01" />
  <testcase classname="ptolemy.util.test.junit.AutoTests" name="[87] /home/travis/build/icyphy/ptII/ptolemy/domains/de/test/auto/relationGroup.xml (RunModel)" time="0.009" />
  <testcase classname="ptolemy.util.test.junit.AutoTests" name="[88] /home/travis/build/icyphy/ptII/ptolemy/domains/de/test/auto/relationGroup2.xml (RunModel)" time="0.006" />
  <testcase classname="ptolemy.util.test.junit.AutoTests" name="[89] /home/travis/build/icyphy/ptII/ptolemy/domains/de/test/auto/sortWithOpaquePorts.xml (RunModel)" time="0.01" />
  <testcase classname="ptolemy.util.test.junit.AutoTests" name="[90] /home/travis/build/icyphy/ptII/ptolemy/domains/de/test/auto/transferInputsandOutputs.xml (RunModel)" time="0.022" />
  <testcase classname="ptolemy.util.test.junit.AutoTests" name="[91] /home/travis/build/icyphy/ptII/ptolemy/domains/de/test/auto/triggerType.xml (RunModel)" time="0.01" />
  <system-out><![CDATA[/home/travis/build/icyphy/ptII/ptolemy/domains/de/test/DependencyLoop.tcl
testDefs.tcl: setting time out to 9000 seconds at Sun Dec 02 02:57:29 UTC 2018
13 ms. Memory: 116224K Free: 93359K (80%)
10 ms. Memory: 146944K Free: 135491K (92%)
/home/travis/build/icyphy/ptII/ptolemy/domains/de/test/RunDETestsAsQSS.tcl
Run the DE tests using ptolemy.domains.qss.test.QSSDirectorTest, which extends QSSDirector and prints a message in the constructors.
------------------ testing $PTII/ptolemy/domains/de/test/auto/knownFailedTests/dependencyLoop.xml (Known Failure) 
5 ms. Memory: 146944K Free: 132379K (90%)


==== $PTIIhome/travis/build/icyphy/ptII/ptolemy/domains/de/test/../../../../: Auto Automatic test in file $PTII/ptolemy/domains/de/test/auto/knownFailedTests/dependencyLoop.xml
==== Contents of test case:

	    # FIXME: we should use $relativeFilename here, but it
	    # might have backslashes under Windows, which causes no end
	    # of trouble.
	    createAndExecute $file
	    list {}
	
.... Test generated KNOWN error:
    while executing
ptolemy.kernel.util.IllegalActionException: Found a zero delay loop containing .dependencyLoop.original
  in .dependencyLoop and .dependencyLoop.original
	at ptolemy.actor.util.CausalityInterfaceForComposites._computeOutputPortDepth(CausalityInterfaceForComposites.java:759)
	at ptolemy.actor.util.CausalityInterfaceForComposites._computeInputDepth(CausalityInterfaceForComposites.java:696)
	at ptolemy.actor.util.CausalityInterfaceForComposites._computeOutputPortDepth(CausalityInterfaceForComposites.java:765)
	at ptolemy.actor.util.CausalityInterfaceForComposites._computeInputDepth(CausalityInterfaceForComposites.java:696)
	at ptolemy.actor.util.CausalityInterfaceForComposites._computeOutputPortDepth(CausalityInterfaceForComposites.java:765)
	at ptolemy.actor.util.CausalityInterfaceForComposites._computeInputDepth(CausalityInterfaceForComposites.java:696)
	at ptolemy.actor.util.CausalityInterfaceForComposites._computeActorDepth(CausalityInterfaceForComposites.java:532)
	at ptolemy.actor.util.CausalityInterfaceForComposites.checkForCycles(CausalityInterfaceForComposites.java:96)
	at ptolemy.domains.de.kernel.DEDirector.preinitialize(DEDirector.java:1338)
	at ptolemy.actor.CompositeActor.preinitialize(CompositeActor.java:1828)
	at ptolemy.actor.Manager.preinitializeAndResolveTypes(Manager.java:1040)
	at ptolemy.actor.Manager.initialize(Manager.java:710)
	at ptolemy.actor.Manager.execute(Manager.java:356)
	at ptolemy.actor.Manager.run(Manager.java:1263)
	at ptolemy.actor.Manager$PtolemyRunThread.run(Manager.java:1915)

    while executing
ptolemy.kernel.util.IllegalActionException: Found a zero delay loop containing .dependencyLoop.original
  in .dependencyLoop and .dependencyLoop.original
    while executing
"java::new ptolemy.moml.MoMLSimpleApplication $file
"
    (procedure "createAndExecute" line 2)
    invoked from within
"createAndExecute $file"
    ("uplevel" body line 5)
    invoked from within
"uplevel $contents_of_test"
------------------ testing $PTII/ptolemy/domains/de/test/auto/knownFailedTests/DESDFClockTest.xml (Known Failure) 
2064 ms. Memory: 146944K Free: 116567K (79%)


==== $PTIIhome/travis/build/icyphy/ptII/ptolemy/domains/de/test/../../../../: Auto Automatic test in file $PTII/ptolemy/domains/de/test/auto/knownFailedTests/DESDFClockTest.xml
==== Contents of test case:

	    # FIXME: we should use $relativeFilename here, but it
	    # might have backslashes under Windows, which causes no end
	    # of trouble.
	    createAndExecute $file
	    list {}
	
.... Test generated KNOWN error:
    while executing
ptolemy.kernel.util.IllegalActionException: Actor is not ready to fire.  Perhaps UpSample.prefire() returned false? Try debugging the actor by selecting "Listen to Actor".  Also, for SDF check moml for tokenConsumptionRate on input.
  in .DESDFClockTest.Play Bell.Copy1:SDF Director and .DESDFClockTest.Play Bell.UpSample
	at ptolemy.actor.sched.StaticSchedulingDirector.fire(StaticSchedulingDirector.java:227)
	at ptolemy.domains.sdf.kernel.SDFDirector.fire(SDFDirector.java:500)
	at ptolemy.actor.CompositeActor.fire(CompositeActor.java:455)
	at ptolemy.domains.de.kernel.DEDirector._fire(DEDirector.java:1949)
	at ptolemy.domains.de.kernel.DEDirector.fire(DEDirector.java:502)
	at ptolemy.actor.CompositeActor.fire(CompositeActor.java:455)
	at ptolemy.actor.Manager.iterate(Manager.java:851)
	at ptolemy.actor.Manager.execute(Manager.java:369)
	at ptolemy.actor.Manager.run(Manager.java:1263)
	at ptolemy.actor.Manager$PtolemyRunThread.run(Manager.java:1915)

    while executing
ptolemy.kernel.util.IllegalActionException: Actor is not ready to fire.  Perhaps UpSample.prefire() returned false? Try debugging the actor by selecting "Listen to Actor".  Also, for SDF check moml for tokenConsumptionRate on input.
  in .DESDFClockTest.Play Bell.Copy1:SDF Director and .DESDFClockTest.Play Bell.UpSample
    while executing
"java::new ptolemy.moml.MoMLSimpleApplication $file
"
    (procedure "createAndExecute" line 2)
    invoked from within
"createAndExecute $file"
    ("uplevel" body line 5)
    invoked from within
"uplevel $contents_of_test"
------------------ testing $PTII/ptolemy/domains/de/test/auto/knownFailedTests/FSMSource.xml (Known Failure) 
21 ms. Memory: 146944K Free: 107069K (73%)
!!!! Auto was marked as failing, but now passes
------------------ testing $PTII/ptolemy/domains/de/test/auto/knownFailedTests/dependencyLoop2.xml (Known Failure) 
6 ms. Memory: 146944K Free: 105209K (72%)


==== $PTIIhome/travis/build/icyphy/ptII/ptolemy/domains/de/test/../../../../: Auto Automatic test in file $PTII/ptolemy/domains/de/test/auto/knownFailedTests/dependencyLoop2.xml
==== Contents of test case:

	    # FIXME: we should use $relativeFilename here, but it
	    # might have backslashes under Windows, which causes no end
	    # of trouble.
	    createAndExecute $file
	    list {}
	
.... Test generated KNOWN error:
    while executing
ptolemy.kernel.util.IllegalActionException: Found a zero delay loop containing .dependencyLoop2.original
  in .dependencyLoop2 and .dependencyLoop2.original
	at ptolemy.actor.util.CausalityInterfaceForComposites._computeOutputPortDepth(CausalityInterfaceForComposites.java:759)
	at ptolemy.actor.util.CausalityInterfaceForComposites._computeInputDepth(CausalityInterfaceForComposites.java:696)
	at ptolemy.actor.util.CausalityInterfaceForComposites._computeOutputPortDepth(CausalityInterfaceForComposites.java:765)
	at ptolemy.actor.util.CausalityInterfaceForComposites._computeInputDepth(CausalityInterfaceForComposites.java:696)
	at ptolemy.actor.util.CausalityInterfaceForComposites._computeOutputPortDepth(CausalityInterfaceForComposites.java:765)
	at ptolemy.actor.util.CausalityInterfaceForComposites._computeInputDepth(CausalityInterfaceForComposites.java:696)
	at ptolemy.actor.util.CausalityInterfaceForComposites._computeActorDepth(CausalityInterfaceForComposites.java:532)
	at ptolemy.actor.util.CausalityInterfaceForComposites.checkForCycles(CausalityInterfaceForComposites.java:96)
	at ptolemy.domains.de.kernel.DEDirector.preinitialize(DEDirector.java:1338)
	at ptolemy.actor.CompositeActor.preinitialize(CompositeActor.java:1828)
	at ptolemy.actor.Manager.preinitializeAndResolveTypes(Manager.java:1040)
	at ptolemy.actor.Manager.initialize(Manager.java:710)
	at ptolemy.actor.Manager.execute(Manager.java:356)
	at ptolemy.actor.Manager.run(Manager.java:1263)
	at ptolemy.actor.Manager$PtolemyRunThread.run(Manager.java:1915)

    while executing
ptolemy.kernel.util.IllegalActionException: Found a zero delay loop containing .dependencyLoop2.original
  in .dependencyLoop2 and .dependencyLoop2.original
    while executing
"java::new ptolemy.moml.MoMLSimpleApplication $file
"
    (procedure "createAndExecute" line 2)
    invoked from within
"createAndExecute $file"
    ("uplevel" body line 5)
    invoked from within
"uplevel $contents_of_test"
------------------ testing $PTII/ptolemy/domains/de/test/auto/knownFailedTests/HierarchicalModel.xml (Known Failure) 
6 ms. Memory: 146944K Free: 84693K (58%)


==== $PTIIhome/travis/build/icyphy/ptII/ptolemy/domains/de/test/../../../../: Auto Automatic test in file $PTII/ptolemy/domains/de/test/auto/knownFailedTests/HierarchicalModel.xml
==== Contents of test case:

	    # FIXME: we should use $relativeFilename here, but it
	    # might have backslashes under Windows, which causes no end
	    # of trouble.
	    createAndExecute $file
	    list {}
	
.... Test generated KNOWN error:
    while executing
ptolemy.kernel.util.IllegalActionException: Found a zero delay loop containing .HierarchicalModel.A
  in .HierarchicalModel and .HierarchicalModel.A
	at ptolemy.actor.util.CausalityInterfaceForComposites._computeOutputPortDepth(CausalityInterfaceForComposites.java:759)
	at ptolemy.actor.util.CausalityInterfaceForComposites._computeInputDepth(CausalityInterfaceForComposites.java:696)
	at ptolemy.actor.util.CausalityInterfaceForComposites._computeOutputPortDepth(CausalityInterfaceForComposites.java:765)
	at ptolemy.actor.util.CausalityInterfaceForComposites._computeInputDepth(CausalityInterfaceForComposites.java:696)
	at ptolemy.actor.util.CausalityInterfaceForComposites._computeOutputPortDepth(CausalityInterfaceForComposites.java:765)
	at ptolemy.actor.util.CausalityInterfaceForComposites._computeInputDepth(CausalityInterfaceForComposites.java:696)
	at ptolemy.actor.util.CausalityInterfaceForComposites._computeActorDepth(CausalityInterfaceForComposites.java:532)
	at ptolemy.actor.util.CausalityInterfaceForComposites.checkForCycles(CausalityInterfaceForComposites.java:96)
	at ptolemy.domains.de.kernel.DEDirector.preinitialize(DEDirector.java:1338)
	at ptolemy.actor.CompositeActor.preinitialize(CompositeActor.java:1828)
	at ptolemy.actor.Manager.preinitializeAndResolveTypes(Manager.java:1040)
	at ptolemy.actor.Manager.initialize(Manager.java:710)
	at ptolemy.actor.Manager.execute(Manager.java:356)
	at ptolemy.actor.Manager.run(Manager.java:1263)
	at ptolemy.actor.Manager$PtolemyRunThread.run(Manager.java:1915)

    while executing
ptolemy.kernel.util.IllegalActionException: Found a zero delay loop containing .HierarchicalModel.A
  in .HierarchicalModel and .HierarchicalModel.A
    while executing
"java::new ptolemy.moml.MoMLSimpleApplication $file
"
    (procedure "createAndExecute" line 2)
    invoked from within
"createAndExecute $file"
    ("uplevel" body line 5)
    invoked from within
"uplevel $contents_of_test"
------------------ testing $PTII/ptolemy/domains/de/test/auto/knownFailedTests/DirectFeedback.xml (Known Failure) 
10 ms. Memory: 146944K Free: 141088K (96%)


==== $PTIIhome/travis/build/icyphy/ptII/ptolemy/domains/de/test/../../../../: Auto Automatic test in file $PTII/ptolemy/domains/de/test/auto/knownFailedTests/DirectFeedback.xml
==== Contents of test case:

	    # FIXME: we should use $relativeFilename here, but it
	    # might have backslashes under Windows, which causes no end
	    # of trouble.
	    createAndExecute $file
	    list {}
	
.... Test generated KNOWN error:
    while executing
ptolemy.kernel.util.IllegalActionException: Test fails in iteration 1.
Value was: 1.0. Should have been: 2.0
  in .DirectFeedback.Test
	at ptolemy.actor.lib.Test.fire(Test.java:268)
	at ptolemy.domains.de.kernel.DEDirector._fire(DEDirector.java:1949)
	at ptolemy.domains.de.kernel.DEDirector.fire(DEDirector.java:502)
	at ptolemy.actor.CompositeActor.fire(CompositeActor.java:455)
	at ptolemy.actor.Manager.iterate(Manager.java:851)
	at ptolemy.actor.Manager.execute(Manager.java:369)
	at ptolemy.actor.Manager.run(Manager.java:1263)
	at ptolemy.actor.Manager$PtolemyRunThread.run(Manager.java:1915)

    while executing
ptolemy.kernel.util.IllegalActionException: Test fails in iteration 1.
Value was: 1.0. Should have been: 2.0
  in .DirectFeedback.Test
    while executing
"java::new ptolemy.moml.MoMLSimpleApplication $file
"
    (procedure "createAndExecute" line 2)
    invoked from within
"createAndExecute $file"
    ("uplevel" body line 5)
    invoked from within
"uplevel $contents_of_test"
------------------ testing $PTII/ptolemy/domains/de/test/auto/ActorDepthCalculation_actorWithoutPorts.xml
auto.tcl: Setting watchdog for 200 seconds at Sun Dec 02 02:57:32 UTC 2018
4 ms. Memory: 146944K Free: 132374K (90%)
ptolemy.util.test.WatchDog.cancel(): canceling Sun Dec 02 02:57:32 UTC 2018
auto.tcl: Setting watchdog for 200 seconds at Sun Dec 02 02:57:32 UTC 2018
4 ms. Memory: 146944K Free: 131336K (89%)
ptolemy.util.test.WatchDog.cancel(): canceling Sun Dec 02 02:57:32 UTC 2018
------------------ testing $PTII/ptolemy/domains/de/test/auto/AssemblyLine.xml
auto.tcl: Setting watchdog for 200 seconds at Sun Dec 02 02:57:32 UTC 2018
12 ms. Memory: 208384K Free: 182828K (88%)
ptolemy.util.test.WatchDog.cancel(): canceling Sun Dec 02 02:57:32 UTC 2018
auto.tcl: Setting watchdog for 200 seconds at Sun Dec 02 02:57:32 UTC 2018
7 ms. Memory: 208384K Free: 182828K (88%)
ptolemy.util.test.WatchDog.cancel(): canceling Sun Dec 02 02:57:32 UTC 2018
------------------ testing $PTII/ptolemy/domains/de/test/auto/CQBug1.xml
auto.tcl: Setting watchdog for 200 seconds at Sun Dec 02 02:57:32 UTC 2018
7 ms. Memory: 208384K Free: 197700K (95%)
ptolemy.util.test.WatchDog.cancel(): canceling Sun Dec 02 02:57:33 UTC 2018
auto.tcl: Setting watchdog for 200 seconds at Sun Dec 02 02:57:33 UTC 2018
2 ms. Memory: 208384K Free: 197700K (95%)
ptolemy.util.test.WatchDog.cancel(): canceling Sun Dec 02 02:57:33 UTC 2018
------------------ testing $PTII/ptolemy/domains/de/test/auto/CancelFireAt.xml
auto.tcl: Setting watchdog for 200 seconds at Sun Dec 02 02:57:33 UTC 2018
3 ms. Memory: 208384K Free: 201420K (97%)
ptolemy.util.test.WatchDog.cancel(): canceling Sun Dec 02 02:57:33 UTC 2018
auto.tcl: Setting watchdog for 200 seconds at Sun Dec 02 02:57:33 UTC 2018
6 ms. Memory: 208384K Free: 198983K (95%)
ptolemy.util.test.WatchDog.cancel(): canceling Sun Dec 02 02:57:33 UTC 2018
------------------ testing $PTII/ptolemy/domains/de/test/auto/CausalityAndComposabilityAnalysis.xml
auto.tcl: Setting watchdog for 200 seconds at Sun Dec 02 02:57:33 UTC 2018
18 ms. Memory: 208384K Free: 196482K (94%)
ptolemy.util.test.WatchDog.cancel(): canceling Sun Dec 02 02:57:33 UTC 2018
auto.tcl: Setting watchdog for 200 seconds at Sun Dec 02 02:57:33 UTC 2018
5 ms. Memory: 208384K Free: 196482K (94%)
ptolemy.util.test.WatchDog.cancel(): canceling Sun Dec 02 02:57:33 UTC 2018
------------------ testing $PTII/ptolemy/domains/de/test/auto/CausalityInterface1.xml
auto.tcl: Setting watchdog for 200 seconds at Sun Dec 02 02:57:33 UTC 2018
12 ms. Memory: 208384K Free: 196419K (94%)
ptolemy.util.test.WatchDog.cancel(): canceling Sun Dec 02 02:57:33 UTC 2018
auto.tcl: Setting watchdog for 200 seconds at Sun Dec 02 02:57:33 UTC 2018
4 ms. Memory: 208384K Free: 196419K (94%)
ptolemy.util.test.WatchDog.cancel(): canceling Sun Dec 02 02:57:33 UTC 2018
------------------ testing $PTII/ptolemy/domains/de/test/auto/CausalityInterface15.xml
auto.tcl: Setting watchdog for 200 seconds at Sun Dec 02 02:57:33 UTC 2018
19 ms. Memory: 208384K Free: 196410K (94%)
ptolemy.util.test.WatchDog.cancel(): canceling Sun Dec 02 02:57:33 UTC 2018
auto.tcl: Setting watchdog for 200 seconds at Sun Dec 02 02:57:33 UTC 2018
4 ms. Memory: 208384K Free: 196410K (94%)
ptolemy.util.test.WatchDog.cancel(): canceling Sun Dec 02 02:57:33 UTC 2018
------------------ testing $PTII/ptolemy/domains/de/test/auto/CausalityInterface2.xml
auto.tcl: Setting watchdog for 200 seconds at Sun Dec 02 02:57:33 UTC 2018
7 ms. Memory: 208384K Free: 196732K (94%)
ptolemy.util.test.WatchDog.cancel(): canceling Sun Dec 02 02:57:33 UTC 2018
auto.tcl: Setting watchdog for 200 seconds at Sun Dec 02 02:57:33 UTC 2018
2 ms. Memory: 208384K Free: 196395K (94%)
ptolemy.util.test.WatchDog.cancel(): canceling Sun Dec 02 02:57:33 UTC 2018
------------------ testing $PTII/ptolemy/domains/de/test/auto/CausalityInterface3.xml
auto.tcl: Setting watchdog for 200 seconds at Sun Dec 02 02:57:33 UTC 2018
11 ms. Memory: 208384K Free: 196408K (94%)
ptolemy.util.test.WatchDog.cancel(): canceling Sun Dec 02 02:57:33 UTC 2018
auto.tcl: Setting watchdog for 200 seconds at Sun Dec 02 02:57:33 UTC 2018
7 ms. Memory: 208384K Free: 196408K (94%)
ptolemy.util.test.WatchDog.cancel(): canceling Sun Dec 02 02:57:33 UTC 2018
------------------ testing $PTII/ptolemy/domains/de/test/auto/ClockDrift.xml
auto.tcl: Setting watchdog for 200 seconds at Sun Dec 02 02:57:33 UTC 2018
95 ms. Memory: 208384K Free: 187642K (90%)
ptolemy.util.test.WatchDog.cancel(): canceling Sun Dec 02 02:57:33 UTC 2018
auto.tcl: Setting watchdog for 200 seconds at Sun Dec 02 02:57:33 UTC 2018
58 ms. Memory: 208384K Free: 185543K (89%)
ptolemy.util.test.WatchDog.cancel(): canceling Sun Dec 02 02:57:33 UTC 2018
------------------ testing $PTII/ptolemy/domains/de/test/auto/ClockDriftAndValueChange.xml
auto.tcl: Setting watchdog for 200 seconds at Sun Dec 02 02:57:33 UTC 2018
36 ms. Memory: 208384K Free: 187475K (90%)
ptolemy.util.test.WatchDog.cancel(): canceling Sun Dec 02 02:57:34 UTC 2018
auto.tcl: Setting watchdog for 200 seconds at Sun Dec 02 02:57:34 UTC 2018
42 ms. Memory: 208384K Free: 185376K (89%)
ptolemy.util.test.WatchDog.cancel(): canceling Sun Dec 02 02:57:34 UTC 2018
------------------ testing $PTII/ptolemy/domains/de/test/auto/ClockDriftChange.xml
auto.tcl: Setting watchdog for 200 seconds at Sun Dec 02 02:57:34 UTC 2018
33 ms. Memory: 208384K Free: 190798K (92%)
ptolemy.util.test.WatchDog.cancel(): canceling Sun Dec 02 02:57:34 UTC 2018
auto.tcl: Setting watchdog for 200 seconds at Sun Dec 02 02:57:34 UTC 2018
22 ms. Memory: 208384K Free: 188698K (91%)
ptolemy.util.test.WatchDog.cancel(): canceling Sun Dec 02 02:57:34 UTC 2018
------------------ testing $PTII/ptolemy/domains/de/test/auto/ComposableCausalityAnalysis.xml
auto.tcl: Setting watchdog for 200 seconds at Sun Dec 02 02:57:34 UTC 2018
3 ms. Memory: 208384K Free: 196263K (94%)
ptolemy.util.test.WatchDog.cancel(): canceling Sun Dec 02 02:57:34 UTC 2018
auto.tcl: Setting watchdog for 200 seconds at Sun Dec 02 02:57:34 UTC 2018
2 ms. Memory: 208384K Free: 194164K (93%)
ptolemy.util.test.WatchDog.cancel(): canceling Sun Dec 02 02:57:34 UTC 2018
------------------ testing $PTII/ptolemy/domains/de/test/auto/DEFixedPointLimitation.xml
auto.tcl: Setting watchdog for 200 seconds at Sun Dec 02 02:57:34 UTC 2018
2 ms. Memory: 208384K Free: 196344K (94%)
ptolemy.util.test.WatchDog.cancel(): canceling Sun Dec 02 02:57:34 UTC 2018
auto.tcl: Setting watchdog for 200 seconds at Sun Dec 02 02:57:34 UTC 2018
2 ms. Memory: 208384K Free: 196344K (94%)
ptolemy.util.test.WatchDog.cancel(): canceling Sun Dec 02 02:57:34 UTC 2018
------------------ testing $PTII/ptolemy/domains/de/test/auto/DEScheduleTest.xml
auto.tcl: Setting watchdog for 200 seconds at Sun Dec 02 02:57:34 UTC 2018
3 ms. Memory: 208384K Free: 198479K (95%)
ptolemy.util.test.WatchDog.cancel(): canceling Sun Dec 02 02:57:34 UTC 2018
auto.tcl: Setting watchdog for 200 seconds at Sun Dec 02 02:57:34 UTC 2018
5 ms. Memory: 208384K Free: 196380K (94%)
ptolemy.util.test.WatchDog.cancel(): canceling Sun Dec 02 02:57:34 UTC 2018
------------------ testing $PTII/ptolemy/domains/de/test/auto/DEinDEwithStartTimes.xml
auto.tcl: Setting watchdog for 200 seconds at Sun Dec 02 02:57:34 UTC 2018
7 ms. Memory: 208384K Free: 196350K (94%)
ptolemy.util.test.WatchDog.cancel(): canceling Sun Dec 02 02:57:34 UTC 2018
auto.tcl: Setting watchdog for 200 seconds at Sun Dec 02 02:57:34 UTC 2018
3 ms. Memory: 208384K Free: 194250K (93%)
ptolemy.util.test.WatchDog.cancel(): canceling Sun Dec 02 02:57:34 UTC 2018
------------------ testing $PTII/ptolemy/domains/de/test/auto/DEinDEwithStartTimes2.xml
auto.tcl: Setting watchdog for 200 seconds at Sun Dec 02 02:57:34 UTC 2018
7 ms. Memory: 208384K Free: 196327K (94%)
ptolemy.util.test.WatchDog.cancel(): canceling Sun Dec 02 02:57:34 UTC 2018
auto.tcl: Setting watchdog for 200 seconds at Sun Dec 02 02:57:34 UTC 2018
4 ms. Memory: 208384K Free: 194228K (93%)
ptolemy.util.test.WatchDog.cancel(): canceling Sun Dec 02 02:57:34 UTC 2018
------------------ testing $PTII/ptolemy/domains/de/test/auto/DateDemo.xml
auto.tcl: Setting watchdog for 200 seconds at Sun Dec 02 02:57:34 UTC 2018
13 ms. Memory: 208384K Free: 188767K (91%)
ptolemy.util.test.WatchDog.cancel(): canceling Sun Dec 02 02:57:34 UTC 2018
auto.tcl: Setting watchdog for 200 seconds at Sun Dec 02 02:57:34 UTC 2018
12 ms. Memory: 208384K Free: 186668K (90%)
ptolemy.util.test.WatchDog.cancel(): canceling Sun Dec 02 02:57:34 UTC 2018
------------------ testing $PTII/ptolemy/domains/de/test/auto/DateToEvent.xml
auto.tcl: Setting watchdog for 200 seconds at Sun Dec 02 02:57:34 UTC 2018
2008 ms. Memory: 208384K Free: 183498K (88%)
ptolemy.util.test.WatchDog.cancel(): canceling Sun Dec 02 02:57:36 UTC 2018
auto.tcl: Setting watchdog for 200 seconds at Sun Dec 02 02:57:36 UTC 2018
2005 ms. Memory: 208384K Free: 183498K (88%)
ptolemy.util.test.WatchDog.cancel(): canceling Sun Dec 02 02:57:38 UTC 2018
------------------ testing $PTII/ptolemy/domains/de/test/auto/DepthTest1.xml
auto.tcl: Setting watchdog for 200 seconds at Sun Dec 02 02:57:39 UTC 2018
2 ms. Memory: 208384K Free: 195886K (94%)
ptolemy.util.test.WatchDog.cancel(): canceling Sun Dec 02 02:57:39 UTC 2018
auto.tcl: Setting watchdog for 200 seconds at Sun Dec 02 02:57:39 UTC 2018
3 ms. Memory: 208384K Free: 195886K (94%)
ptolemy.util.test.WatchDog.cancel(): canceling Sun Dec 02 02:57:39 UTC 2018
------------------ testing $PTII/ptolemy/domains/de/test/auto/DepthTest2.xml
auto.tcl: Setting watchdog for 200 seconds at Sun Dec 02 02:57:39 UTC 2018
6 ms. Memory: 208384K Free: 194209K (93%)
ptolemy.util.test.WatchDog.cancel(): canceling Sun Dec 02 02:57:39 UTC 2018
auto.tcl: Setting watchdog for 200 seconds at Sun Dec 02 02:57:39 UTC 2018
3 ms. Memory: 208384K Free: 194209K (93%)
ptolemy.util.test.WatchDog.cancel(): canceling Sun Dec 02 02:57:39 UTC 2018
------------------ testing $PTII/ptolemy/domains/de/test/auto/DepthTest3.xml
auto.tcl: Setting watchdog for 200 seconds at Sun Dec 02 02:57:39 UTC 2018
2 ms. Memory: 208384K Free: 198341K (95%)
ptolemy.util.test.WatchDog.cancel(): canceling Sun Dec 02 02:57:39 UTC 2018
auto.tcl: Setting watchdog for 200 seconds at Sun Dec 02 02:57:39 UTC 2018
1 ms. Memory: 208384K Free: 198341K (95%)
ptolemy.util.test.WatchDog.cancel(): canceling Sun Dec 02 02:57:39 UTC 2018
------------------ testing $PTII/ptolemy/domains/de/test/auto/DepthTest4.xml
auto.tcl: Setting watchdog for 200 seconds at Sun Dec 02 02:57:39 UTC 2018
10 ms. Memory: 208384K Free: 196329K (94%)
ptolemy.util.test.WatchDog.cancel(): canceling Sun Dec 02 02:57:39 UTC 2018
auto.tcl: Setting watchdog for 200 seconds at Sun Dec 02 02:57:39 UTC 2018
3 ms. Memory: 208384K Free: 196329K (94%)
ptolemy.util.test.WatchDog.cancel(): canceling Sun Dec 02 02:57:39 UTC 2018
------------------ testing $PTII/ptolemy/domains/de/test/auto/DepthTest5.xml
auto.tcl: Setting watchdog for 200 seconds at Sun Dec 02 02:57:39 UTC 2018
3 ms. Memory: 208384K Free: 196277K (94%)
ptolemy.util.test.WatchDog.cancel(): canceling Sun Dec 02 02:57:39 UTC 2018
auto.tcl: Setting watchdog for 200 seconds at Sun Dec 02 02:57:39 UTC 2018
3 ms. Memory: 208384K Free: 196277K (94%)
ptolemy.util.test.WatchDog.cancel(): canceling Sun Dec 02 02:57:39 UTC 2018
------------------ testing $PTII/ptolemy/domains/de/test/auto/DepthTest6.xml
auto.tcl: Setting watchdog for 200 seconds at Sun Dec 02 02:57:39 UTC 2018
7 ms. Memory: 208384K Free: 196244K (94%)
ptolemy.util.test.WatchDog.cancel(): canceling Sun Dec 02 02:57:39 UTC 2018
auto.tcl: Setting watchdog for 200 seconds at Sun Dec 02 02:57:39 UTC 2018
2 ms. Memory: 208384K Free: 196244K (94%)
ptolemy.util.test.WatchDog.cancel(): canceling Sun Dec 02 02:57:39 UTC 2018
------------------ testing $PTII/ptolemy/domains/de/test/auto/DepthTest7.xml
auto.tcl: Setting watchdog for 200 seconds at Sun Dec 02 02:57:39 UTC 2018
2 ms. Memory: 208384K Free: 196233K (94%)
ptolemy.util.test.WatchDog.cancel(): canceling Sun Dec 02 02:57:39 UTC 2018
auto.tcl: Setting watchdog for 200 seconds at Sun Dec 02 02:57:39 UTC 2018
2 ms. Memory: 208384K Free: 196233K (94%)
ptolemy.util.test.WatchDog.cancel(): canceling Sun Dec 02 02:57:39 UTC 2018
------------------ testing $PTII/ptolemy/domains/de/test/auto/EventToDate.xml
auto.tcl: Setting watchdog for 200 seconds at Sun Dec 02 02:57:39 UTC 2018
3007 ms. Memory: 208384K Free: 185759K (89%)
ptolemy.util.test.WatchDog.cancel(): canceling Sun Dec 02 02:57:42 UTC 2018
auto.tcl: Setting watchdog for 200 seconds at Sun Dec 02 02:57:42 UTC 2018
3005 ms. Memory: 208384K Free: 185759K (89%)
ptolemy.util.test.WatchDog.cancel(): canceling Sun Dec 02 02:57:45 UTC 2018
------------------ testing $PTII/ptolemy/domains/de/test/auto/FSM1.xml
auto.tcl: Setting watchdog for 200 seconds at Sun Dec 02 02:57:45 UTC 2018
18 ms. Memory: 208384K Free: 189288K (91%)
ptolemy.util.test.WatchDog.cancel(): canceling Sun Dec 02 02:57:45 UTC 2018
auto.tcl: Setting watchdog for 200 seconds at Sun Dec 02 02:57:45 UTC 2018
21 ms. Memory: 208384K Free: 185089K (89%)
ptolemy.util.test.WatchDog.cancel(): canceling Sun Dec 02 02:57:45 UTC 2018
------------------ testing $PTII/ptolemy/domains/de/test/auto/FSM7.xml
auto.tcl: Setting watchdog for 200 seconds at Sun Dec 02 02:57:45 UTC 2018
12 ms. Memory: 208384K Free: 187392K (90%)
ptolemy.util.test.WatchDog.cancel(): canceling Sun Dec 02 02:57:45 UTC 2018
auto.tcl: Setting watchdog for 200 seconds at Sun Dec 02 02:57:45 UTC 2018
14 ms. Memory: 208384K Free: 185293K (89%)
ptolemy.util.test.WatchDog.cancel(): canceling Sun Dec 02 02:57:45 UTC 2018
------------------ testing $PTII/ptolemy/domains/de/test/auto/Inspection.xml
auto.tcl: Setting watchdog for 200 seconds at Sun Dec 02 02:57:45 UTC 2018
22 ms. Memory: 208384K Free: 188606K (91%)
ptolemy.util.test.WatchDog.cancel(): canceling Sun Dec 02 02:57:45 UTC 2018
auto.tcl: Setting watchdog for 200 seconds at Sun Dec 02 02:57:45 UTC 2018
28 ms. Memory: 208384K Free: 186506K (90%)
ptolemy.util.test.WatchDog.cancel(): canceling Sun Dec 02 02:57:45 UTC 2018
------------------ testing $PTII/ptolemy/domains/de/test/auto/Iteration.xml
auto.tcl: Setting watchdog for 200 seconds at Sun Dec 02 02:57:46 UTC 2018
8 ms. Memory: 208384K Free: 196040K (94%)
ptolemy.util.test.WatchDog.cancel(): canceling Sun Dec 02 02:57:46 UTC 2018
auto.tcl: Setting watchdog for 200 seconds at Sun Dec 02 02:57:46 UTC 2018
6 ms. Memory: 208384K Free: 193941K (93%)
ptolemy.util.test.WatchDog.cancel(): canceling Sun Dec 02 02:57:46 UTC 2018
------------------ testing $PTII/ptolemy/domains/de/test/auto/LineFault.xml
auto.tcl: Setting watchdog for 200 seconds at Sun Dec 02 02:57:46 UTC 2018
711 ms. Memory: 208384K Free: 196163K (94%)
ptolemy.util.test.WatchDog.cancel(): canceling Sun Dec 02 02:57:47 UTC 2018
auto.tcl: Setting watchdog for 200 seconds at Sun Dec 02 02:57:47 UTC 2018
616 ms. Memory: 208384K Free: 138853K (67%)
ptolemy.util.test.WatchDog.cancel(): canceling Sun Dec 02 02:57:47 UTC 2018
------------------ testing $PTII/ptolemy/domains/de/test/auto/MergeModel1Add.xml
auto.tcl: Setting watchdog for 200 seconds at Sun Dec 02 02:57:47 UTC 2018
28 ms. Memory: 331264K Free: 298861K (90%)
ptolemy.util.test.WatchDog.cancel(): canceling Sun Dec 02 02:57:47 UTC 2018
auto.tcl: Setting watchdog for 200 seconds at Sun Dec 02 02:57:47 UTC 2018
12 ms. Memory: 331264K Free: 298861K (90%)
ptolemy.util.test.WatchDog.cancel(): canceling Sun Dec 02 02:57:47 UTC 2018
------------------ testing $PTII/ptolemy/domains/de/test/auto/MergeModel2Add.xml
auto.tcl: Setting watchdog for 200 seconds at Sun Dec 02 02:57:47 UTC 2018
11 ms. Memory: 331264K Free: 304145K (92%)
ptolemy.util.test.WatchDog.cancel(): canceling Sun Dec 02 02:57:47 UTC 2018
auto.tcl: Setting watchdog for 200 seconds at Sun Dec 02 02:57:47 UTC 2018
7 ms. Memory: 331264K Free: 300199K (91%)
ptolemy.util.test.WatchDog.cancel(): canceling Sun Dec 02 02:57:47 UTC 2018
------------------ testing $PTII/ptolemy/domains/de/test/auto/MergeModel3Add.xml
auto.tcl: Setting watchdog for 200 seconds at Sun Dec 02 02:57:48 UTC 2018
7 ms. Memory: 331264K Free: 304155K (92%)
ptolemy.util.test.WatchDog.cancel(): canceling Sun Dec 02 02:57:48 UTC 2018
auto.tcl: Setting watchdog for 200 seconds at Sun Dec 02 02:57:48 UTC 2018
6 ms. Memory: 331264K Free: 300209K (91%)
ptolemy.util.test.WatchDog.cancel(): canceling Sun Dec 02 02:57:48 UTC 2018
------------------ testing $PTII/ptolemy/domains/de/test/auto/MergeWithoutDiscard.xml
auto.tcl: Setting watchdog for 200 seconds at Sun Dec 02 02:57:48 UTC 2018
2 ms. Memory: 331264K Free: 320222K (97%)
ptolemy.util.test.WatchDog.cancel(): canceling Sun Dec 02 02:57:48 UTC 2018
auto.tcl: Setting watchdog for 200 seconds at Sun Dec 02 02:57:48 UTC 2018
1 ms. Memory: 331264K Free: 316276K (95%)
ptolemy.util.test.WatchDog.cancel(): canceling Sun Dec 02 02:57:48 UTC 2018
------------------ testing $PTII/ptolemy/domains/de/test/auto/Modal1.xml
auto.tcl: Setting watchdog for 200 seconds at Sun Dec 02 02:57:48 UTC 2018
17 ms. Memory: 331264K Free: 309885K (94%)
ptolemy.util.test.WatchDog.cancel(): canceling Sun Dec 02 02:57:48 UTC 2018
auto.tcl: Setting watchdog for 200 seconds at Sun Dec 02 02:57:48 UTC 2018
20 ms. Memory: 331264K Free: 305939K (92%)
ptolemy.util.test.WatchDog.cancel(): canceling Sun Dec 02 02:57:48 UTC 2018
------------------ testing $PTII/ptolemy/domains/de/test/auto/Modal2.xml
auto.tcl: Setting watchdog for 200 seconds at Sun Dec 02 02:57:48 UTC 2018
15 ms. Memory: 331264K Free: 309766K (94%)
ptolemy.util.test.WatchDog.cancel(): canceling Sun Dec 02 02:57:48 UTC 2018
auto.tcl: Setting watchdog for 200 seconds at Sun Dec 02 02:57:48 UTC 2018
16 ms. Memory: 331264K Free: 305820K (92%)
ptolemy.util.test.WatchDog.cancel(): canceling Sun Dec 02 02:57:48 UTC 2018
------------------ testing $PTII/ptolemy/domains/de/test/auto/Modal3.xml
auto.tcl: Setting watchdog for 200 seconds at Sun Dec 02 02:57:48 UTC 2018
10 ms. Memory: 331264K Free: 310042K (94%)
ptolemy.util.test.WatchDog.cancel(): canceling Sun Dec 02 02:57:48 UTC 2018
auto.tcl: Setting watchdog for 200 seconds at Sun Dec 02 02:57:48 UTC 2018
11 ms. Memory: 331264K Free: 300895K (91%)
ptolemy.util.test.WatchDog.cancel(): canceling Sun Dec 02 02:57:48 UTC 2018
------------------ testing $PTII/ptolemy/domains/de/test/auto/Modal4.xml
auto.tcl: Setting watchdog for 200 seconds at Sun Dec 02 02:57:48 UTC 2018
24 ms. Memory: 331264K Free: 309770K (94%)
ptolemy.util.test.WatchDog.cancel(): canceling Sun Dec 02 02:57:48 UTC 2018
auto.tcl: Setting watchdog for 200 seconds at Sun Dec 02 02:57:48 UTC 2018
15 ms. Memory: 331264K Free: 305824K (92%)
ptolemy.util.test.WatchDog.cancel(): canceling Sun Dec 02 02:57:48 UTC 2018
------------------ testing $PTII/ptolemy/domains/de/test/auto/Modal5.xml
auto.tcl: Setting watchdog for 200 seconds at Sun Dec 02 02:57:48 UTC 2018
18 ms. Memory: 331264K Free: 309757K (94%)
ptolemy.util.test.WatchDog.cancel(): canceling Sun Dec 02 02:57:48 UTC 2018
auto.tcl: Setting watchdog for 200 seconds at Sun Dec 02 02:57:48 UTC 2018
14 ms. Memory: 331264K Free: 305811K (92%)
ptolemy.util.test.WatchDog.cancel(): canceling Sun Dec 02 02:57:48 UTC 2018
------------------ testing $PTII/ptolemy/domains/de/test/auto/Modal6.xml
auto.tcl: Setting watchdog for 200 seconds at Sun Dec 02 02:57:48 UTC 2018
14 ms. Memory: 331264K Free: 309755K (94%)
ptolemy.util.test.WatchDog.cancel(): canceling Sun Dec 02 02:57:48 UTC 2018
auto.tcl: Setting watchdog for 200 seconds at Sun Dec 02 02:57:48 UTC 2018
14 ms. Memory: 331264K Free: 305809K (92%)
ptolemy.util.test.WatchDog.cancel(): canceling Sun Dec 02 02:57:48 UTC 2018
------------------ testing $PTII/ptolemy/domains/de/test/auto/Modal7.xml
auto.tcl: Setting watchdog for 200 seconds at Sun Dec 02 02:57:48 UTC 2018
9 ms. Memory: 331264K Free: 309754K (94%)
ptolemy.util.test.WatchDog.cancel(): canceling Sun Dec 02 02:57:48 UTC 2018
auto.tcl: Setting watchdog for 200 seconds at Sun Dec 02 02:57:48 UTC 2018
10 ms. Memory: 331264K Free: 305809K (92%)
ptolemy.util.test.WatchDog.cancel(): canceling Sun Dec 02 02:57:48 UTC 2018
------------------ testing $PTII/ptolemy/domains/de/test/auto/ModalModel.xml
auto.tcl: Setting watchdog for 200 seconds at Sun Dec 02 02:57:48 UTC 2018
178 ms. Memory: 331264K Free: 246056K (74%)
ptolemy.util.test.WatchDog.cancel(): canceling Sun Dec 02 02:57:49 UTC 2018
auto.tcl: Setting watchdog for 200 seconds at Sun Dec 02 02:57:49 UTC 2018
192 ms. Memory: 331264K Free: 190741K (58%)
ptolemy.util.test.WatchDog.cancel(): canceling Sun Dec 02 02:57:49 UTC 2018
------------------ testing $PTII/ptolemy/domains/de/test/auto/ModalSource.xml
auto.tcl: Setting watchdog for 200 seconds at Sun Dec 02 02:57:49 UTC 2018
9 ms. Memory: 331264K Free: 316487K (96%)
ptolemy.util.test.WatchDog.cancel(): canceling Sun Dec 02 02:57:49 UTC 2018
auto.tcl: Setting watchdog for 200 seconds at Sun Dec 02 02:57:49 UTC 2018
7 ms. Memory: 331264K Free: 312957K (94%)
ptolemy.util.test.WatchDog.cancel(): canceling Sun Dec 02 02:57:49 UTC 2018
------------------ testing $PTII/ptolemy/domains/de/test/auto/NonInterruptibleTimerZeroDelay.xml
auto.tcl: Setting watchdog for 200 seconds at Sun Dec 02 02:57:49 UTC 2018
4 ms. Memory: 331264K Free: 320670K (97%)
ptolemy.util.test.WatchDog.cancel(): canceling Sun Dec 02 02:57:49 UTC 2018
auto.tcl: Setting watchdog for 200 seconds at Sun Dec 02 02:57:49 UTC 2018
2 ms. Memory: 331264K Free: 317140K (96%)
ptolemy.util.test.WatchDog.cancel(): canceling Sun Dec 02 02:57:49 UTC 2018
------------------ testing $PTII/ptolemy/domains/de/test/auto/OpenQueueingNetwork.xml
auto.tcl: Setting watchdog for 200 seconds at Sun Dec 02 02:57:49 UTC 2018
2922 ms. Memory: 573952K Free: 390170K (68%)
ptolemy.util.test.WatchDog.cancel(): canceling Sun Dec 02 02:57:52 UTC 2018
auto.tcl: Setting watchdog for 200 seconds at Sun Dec 02 02:57:52 UTC 2018
2497 ms. Memory: 550912K Free: 286823K (52%)
ptolemy.util.test.WatchDog.cancel(): canceling Sun Dec 02 02:57:55 UTC 2018
------------------ testing $PTII/ptolemy/domains/de/test/auto/OpenQueuingNetwork.xml
auto.tcl: Setting watchdog for 200 seconds at Sun Dec 02 02:57:55 UTC 2018
237 ms. Memory: 549888K Free: 444917K (81%)
ptolemy.util.test.WatchDog.cancel(): canceling Sun Dec 02 02:57:55 UTC 2018
auto.tcl: Setting watchdog for 200 seconds at Sun Dec 02 02:57:55 UTC 2018
227 ms. Memory: 549888K Free: 385284K (70%)
ptolemy.util.test.WatchDog.cancel(): canceling Sun Dec 02 02:57:55 UTC 2018
------------------ testing $PTII/ptolemy/domains/de/test/auto/PeriodicSampler.xml
auto.tcl: Setting watchdog for 200 seconds at Sun Dec 02 02:57:55 UTC 2018
2 ms. Memory: 551936K Free: 530716K (96%)
ptolemy.util.test.WatchDog.cancel(): canceling Sun Dec 02 02:57:55 UTC 2018
auto.tcl: Setting watchdog for 200 seconds at Sun Dec 02 02:57:55 UTC 2018
2 ms. Memory: 551936K Free: 530716K (96%)
ptolemy.util.test.WatchDog.cancel(): canceling Sun Dec 02 02:57:55 UTC 2018
------------------ testing $PTII/ptolemy/domains/de/test/auto/PersistentIO.xml
auto.tcl: Setting watchdog for 200 seconds at Sun Dec 02 02:57:55 UTC 2018
4 ms. Memory: 549376K Free: 522113K (95%)
ptolemy.util.test.WatchDog.cancel(): canceling Sun Dec 02 02:57:55 UTC 2018
auto.tcl: Setting watchdog for 200 seconds at Sun Dec 02 02:57:55 UTC 2018
4 ms. Memory: 549376K Free: 522113K (95%)
ptolemy.util.test.WatchDog.cancel(): canceling Sun Dec 02 02:57:55 UTC 2018
------------------ testing $PTII/ptolemy/domains/de/test/auto/PortParameterResetOnInitialize.xml
auto.tcl: Setting watchdog for 200 seconds at Sun Dec 02 02:57:55 UTC 2018
2 ms. Memory: 551424K Free: 530435K (96%)
ptolemy.util.test.WatchDog.cancel(): canceling Sun Dec 02 02:57:55 UTC 2018
auto.tcl: Setting watchdog for 200 seconds at Sun Dec 02 02:57:55 UTC 2018
1 ms. Memory: 551424K Free: 530435K (96%)
ptolemy.util.test.WatchDog.cancel(): canceling Sun Dec 02 02:57:56 UTC 2018
------------------ testing $PTII/ptolemy/domains/de/test/auto/PortParameterUpdates.xml
auto.tcl: Setting watchdog for 200 seconds at Sun Dec 02 02:57:56 UTC 2018
3 ms. Memory: 549376K Free: 528520K (96%)
ptolemy.util.test.WatchDog.cancel(): canceling Sun Dec 02 02:57:56 UTC 2018
auto.tcl: Setting watchdog for 200 seconds at Sun Dec 02 02:57:56 UTC 2018
4 ms. Memory: 549376K Free: 521894K (95%)
ptolemy.util.test.WatchDog.cancel(): canceling Sun Dec 02 02:57:56 UTC 2018
------------------ testing $PTII/ptolemy/domains/de/test/auto/QueueAndServer.xml
auto.tcl: Setting watchdog for 200 seconds at Sun Dec 02 02:57:56 UTC 2018
23 ms. Memory: 551424K Free: 535211K (97%)
ptolemy.util.test.WatchDog.cancel(): canceling Sun Dec 02 02:57:56 UTC 2018
auto.tcl: Setting watchdog for 200 seconds at Sun Dec 02 02:57:56 UTC 2018
6 ms. Memory: 551424K Free: 528569K (96%)
ptolemy.util.test.WatchDog.cancel(): canceling Sun Dec 02 02:57:56 UTC 2018
------------------ testing $PTII/ptolemy/domains/de/test/auto/Records.xml
auto.tcl: Setting watchdog for 200 seconds at Sun Dec 02 02:57:56 UTC 2018
5 ms. Memory: 549376K Free: 533103K (97%)
ptolemy.util.test.WatchDog.cancel(): canceling Sun Dec 02 02:57:56 UTC 2018
auto.tcl: Setting watchdog for 200 seconds at Sun Dec 02 02:57:56 UTC 2018
2 ms. Memory: 549376K Free: 533103K (97%)
ptolemy.util.test.WatchDog.cancel(): canceling Sun Dec 02 02:57:56 UTC 2018
------------------ testing $PTII/ptolemy/domains/de/test/auto/ResetTransitionWithStartTime1.xml
auto.tcl: Setting watchdog for 200 seconds at Sun Dec 02 02:57:56 UTC 2018
12 ms. Memory: 551424K Free: 528765K (96%)
ptolemy.util.test.WatchDog.cancel(): canceling Sun Dec 02 02:57:56 UTC 2018
auto.tcl: Setting watchdog for 200 seconds at Sun Dec 02 02:57:56 UTC 2018
4 ms. Memory: 551424K Free: 528535K (96%)
ptolemy.util.test.WatchDog.cancel(): canceling Sun Dec 02 02:57:56 UTC 2018
------------------ testing $PTII/ptolemy/domains/de/test/auto/ResetTransitionWithStartTime2.xml
auto.tcl: Setting watchdog for 200 seconds at Sun Dec 02 02:57:56 UTC 2018
5 ms. Memory: 549376K Free: 526708K (96%)
ptolemy.util.test.WatchDog.cancel(): canceling Sun Dec 02 02:57:56 UTC 2018
auto.tcl: Setting watchdog for 200 seconds at Sun Dec 02 02:57:56 UTC 2018
5 ms. Memory: 549376K Free: 526708K (96%)
ptolemy.util.test.WatchDog.cancel(): canceling Sun Dec 02 02:57:56 UTC 2018
------------------ testing $PTII/ptolemy/domains/de/test/auto/ResetTransitionWithStartTime3.xml
auto.tcl: Setting watchdog for 200 seconds at Sun Dec 02 02:57:56 UTC 2018
9 ms. Memory: 550912K Free: 528013K (96%)
ptolemy.util.test.WatchDog.cancel(): canceling Sun Dec 02 02:57:56 UTC 2018
auto.tcl: Setting watchdog for 200 seconds at Sun Dec 02 02:57:56 UTC 2018
3 ms. Memory: 550912K Free: 528013K (96%)
ptolemy.util.test.WatchDog.cancel(): canceling Sun Dec 02 02:57:56 UTC 2018
------------------ testing $PTII/ptolemy/domains/de/test/auto/ResetTransitionWithStartTime4.xml
auto.tcl: Setting watchdog for 200 seconds at Sun Dec 02 02:57:56 UTC 2018
5 ms. Memory: 549376K Free: 526706K (96%)
ptolemy.util.test.WatchDog.cancel(): canceling Sun Dec 02 02:57:56 UTC 2018
auto.tcl: Setting watchdog for 200 seconds at Sun Dec 02 02:57:56 UTC 2018
3 ms. Memory: 549376K Free: 526706K (96%)
ptolemy.util.test.WatchDog.cancel(): canceling Sun Dec 02 02:57:56 UTC 2018
------------------ testing $PTII/ptolemy/domains/de/test/auto/ResettableTimer1.xml
auto.tcl: Setting watchdog for 200 seconds at Sun Dec 02 02:57:56 UTC 2018
2 ms. Memory: 550912K Free: 529969K (96%)
ptolemy.util.test.WatchDog.cancel(): canceling Sun Dec 02 02:57:56 UTC 2018
auto.tcl: Setting watchdog for 200 seconds at Sun Dec 02 02:57:56 UTC 2018
2 ms. Memory: 550912K Free: 529969K (96%)
ptolemy.util.test.WatchDog.cancel(): canceling Sun Dec 02 02:57:56 UTC 2018
------------------ testing $PTII/ptolemy/domains/de/test/auto/ResettableTimer2.xml
auto.tcl: Setting watchdog for 200 seconds at Sun Dec 02 02:57:56 UTC 2018
2 ms. Memory: 549376K Free: 533401K (97%)
ptolemy.util.test.WatchDog.cancel(): canceling Sun Dec 02 02:57:56 UTC 2018
auto.tcl: Setting watchdog for 200 seconds at Sun Dec 02 02:57:56 UTC 2018
2 ms. Memory: 549376K Free: 533401K (97%)
ptolemy.util.test.WatchDog.cancel(): canceling Sun Dec 02 02:57:56 UTC 2018
------------------ testing $PTII/ptolemy/domains/de/test/auto/ResettableTimer3.xml
auto.tcl: Setting watchdog for 200 seconds at Sun Dec 02 02:57:56 UTC 2018
1 ms. Memory: 550912K Free: 530257K (96%)
ptolemy.util.test.WatchDog.cancel(): canceling Sun Dec 02 02:57:56 UTC 2018
auto.tcl: Setting watchdog for 200 seconds at Sun Dec 02 02:57:56 UTC 2018
1 ms. Memory: 550912K Free: 530257K (96%)
ptolemy.util.test.WatchDog.cancel(): canceling Sun Dec 02 02:57:56 UTC 2018
------------------ testing $PTII/ptolemy/domains/de/test/auto/ResettableTimer4.xml
auto.tcl: Setting watchdog for 200 seconds at Sun Dec 02 02:57:56 UTC 2018
2 ms. Memory: 549376K Free: 528735K (96%)
ptolemy.util.test.WatchDog.cancel(): canceling Sun Dec 02 02:57:56 UTC 2018
auto.tcl: Setting watchdog for 200 seconds at Sun Dec 02 02:57:56 UTC 2018
1 ms. Memory: 549376K Free: 528735K (96%)
ptolemy.util.test.WatchDog.cancel(): canceling Sun Dec 02 02:57:56 UTC 2018
------------------ testing $PTII/ptolemy/domains/de/test/auto/ResettableTimer5.xml
auto.tcl: Setting watchdog for 200 seconds at Sun Dec 02 02:57:56 UTC 2018
1 ms. Memory: 550400K Free: 529756K (96%)
ptolemy.util.test.WatchDog.cancel(): canceling Sun Dec 02 02:57:56 UTC 2018
auto.tcl: Setting watchdog for 200 seconds at Sun Dec 02 02:57:56 UTC 2018
1 ms. Memory: 550400K Free: 529756K (96%)
ptolemy.util.test.WatchDog.cancel(): canceling Sun Dec 02 02:57:56 UTC 2018
------------------ testing $PTII/ptolemy/domains/de/test/auto/ResettableTimer6.xml
auto.tcl: Setting watchdog for 200 seconds at Sun Dec 02 02:57:56 UTC 2018
2 ms. Memory: 549376K Free: 528453K (96%)
ptolemy.util.test.WatchDog.cancel(): canceling Sun Dec 02 02:57:56 UTC 2018
auto.tcl: Setting watchdog for 200 seconds at Sun Dec 02 02:57:56 UTC 2018
2 ms. Memory: 549376K Free: 528453K (96%)
ptolemy.util.test.WatchDog.cancel(): canceling Sun Dec 02 02:57:56 UTC 2018
------------------ testing $PTII/ptolemy/domains/de/test/auto/ServerZeroDelay.xml
auto.tcl: Setting watchdog for 200 seconds at Sun Dec 02 02:57:56 UTC 2018
2 ms. Memory: 550400K Free: 529697K (96%)
ptolemy.util.test.WatchDog.cancel(): canceling Sun Dec 02 02:57:56 UTC 2018
auto.tcl: Setting watchdog for 200 seconds at Sun Dec 02 02:57:56 UTC 2018
2 ms. Memory: 550400K Free: 529697K (96%)
ptolemy.util.test.WatchDog.cancel(): canceling Sun Dec 02 02:57:56 UTC 2018
------------------ testing $PTII/ptolemy/domains/de/test/auto/SmartSender.xml
auto.tcl: Setting watchdog for 200 seconds at Sun Dec 02 02:57:56 UTC 2018
3002 ms. Memory: 549376K Free: 528668K (96%)
ptolemy.util.test.WatchDog.cancel(): canceling Sun Dec 02 02:58:00 UTC 2018
auto.tcl: Setting watchdog for 200 seconds at Sun Dec 02 02:58:00 UTC 2018
3001 ms. Memory: 549376K Free: 528668K (96%)
ptolemy.util.test.WatchDog.cancel(): canceling Sun Dec 02 02:58:03 UTC 2018
------------------ testing $PTII/ptolemy/domains/de/test/auto/ThreadedComposite.xml
auto.tcl: Setting watchdog for 200 seconds at Sun Dec 02 02:58:03 UTC 2018
283 ms. Memory: 550400K Free: 504115K (92%)
ptolemy.util.test.WatchDog.cancel(): canceling Sun Dec 02 02:58:03 UTC 2018
auto.tcl: Setting watchdog for 200 seconds at Sun Dec 02 02:58:03 UTC 2018
144 ms. Memory: 550400K Free: 488122K (89%)
ptolemy.util.test.WatchDog.cancel(): canceling Sun Dec 02 02:58:03 UTC 2018
------------------ testing $PTII/ptolemy/domains/de/test/auto/Time.xml
auto.tcl: Setting watchdog for 200 seconds at Sun Dec 02 02:58:03 UTC 2018
530 ms. Memory: 549376K Free: 476686K (87%)
ptolemy.util.test.WatchDog.cancel(): canceling Sun Dec 02 02:58:04 UTC 2018
auto.tcl: Setting watchdog for 200 seconds at Sun Dec 02 02:58:04 UTC 2018
522 ms. Memory: 549376K Free: 417053K (76%)
ptolemy.util.test.WatchDog.cancel(): canceling Sun Dec 02 02:58:04 UTC 2018
------------------ testing $PTII/ptolemy/domains/de/test/auto/TimeDelayZeroDelay.xml
auto.tcl: Setting watchdog for 200 seconds at Sun Dec 02 02:58:04 UTC 2018
2 ms. Memory: 550400K Free: 534064K (97%)
ptolemy.util.test.WatchDog.cancel(): canceling Sun Dec 02 02:58:04 UTC 2018
auto.tcl: Setting watchdog for 200 seconds at Sun Dec 02 02:58:04 UTC 2018
2 ms. Memory: 550400K Free: 534064K (97%)
ptolemy.util.test.WatchDog.cancel(): canceling Sun Dec 02 02:58:04 UTC 2018
------------------ testing $PTII/ptolemy/domains/de/test/auto/TimerZeroDelay.xml
auto.tcl: Setting watchdog for 200 seconds at Sun Dec 02 02:58:04 UTC 2018
2 ms. Memory: 549376K Free: 533314K (97%)
ptolemy.util.test.WatchDog.cancel(): canceling Sun Dec 02 02:58:04 UTC 2018
auto.tcl: Setting watchdog for 200 seconds at Sun Dec 02 02:58:04 UTC 2018
2 ms. Memory: 549376K Free: 533314K (97%)
ptolemy.util.test.WatchDog.cancel(): canceling Sun Dec 02 02:58:04 UTC 2018
------------------ testing $PTII/ptolemy/domains/de/test/auto/TimingParadox.xml
auto.tcl: Setting watchdog for 200 seconds at Sun Dec 02 02:58:04 UTC 2018
331 ms. Memory: 549888K Free: 467660K (85%)
ptolemy.util.test.WatchDog.cancel(): canceling Sun Dec 02 02:58:05 UTC 2018
auto.tcl: Setting watchdog for 200 seconds at Sun Dec 02 02:58:05 UTC 2018
323 ms. Memory: 549888K Free: 434530K (79%)
ptolemy.util.test.WatchDog.cancel(): canceling Sun Dec 02 02:58:05 UTC 2018
------------------ testing $PTII/ptolemy/domains/de/test/auto/TransferInputs.xml
auto.tcl: Setting watchdog for 200 seconds at Sun Dec 02 02:58:05 UTC 2018
1 ms. Memory: 549888K Free: 532729K (97%)
ptolemy.util.test.WatchDog.cancel(): canceling Sun Dec 02 02:58:05 UTC 2018
auto.tcl: Setting watchdog for 200 seconds at Sun Dec 02 02:58:05 UTC 2018
2 ms. Memory: 549888K Free: 532729K (97%)
ptolemy.util.test.WatchDog.cancel(): canceling Sun Dec 02 02:58:05 UTC 2018
------------------ testing $PTII/ptolemy/domains/de/test/auto/TransferOutputs2.xml
auto.tcl: Setting watchdog for 200 seconds at Sun Dec 02 02:58:05 UTC 2018
13 ms. Memory: 549376K Free: 522006K (95%)
ptolemy.util.test.WatchDog.cancel(): canceling Sun Dec 02 02:58:05 UTC 2018
auto.tcl: Setting watchdog for 200 seconds at Sun Dec 02 02:58:05 UTC 2018
3 ms. Memory: 549376K Free: 522006K (95%)
ptolemy.util.test.WatchDog.cancel(): canceling Sun Dec 02 02:58:05 UTC 2018
------------------ testing $PTII/ptolemy/domains/de/test/auto/Trilateration.xml
auto.tcl: Setting watchdog for 200 seconds at Sun Dec 02 02:58:05 UTC 2018
14328 ms. Memory: 766976K Free: 216781K (28%)
ptolemy.util.test.WatchDog.cancel(): canceling Sun Dec 02 02:58:21 UTC 2018
auto.tcl: Setting watchdog for 200 seconds at Sun Dec 02 02:58:21 UTC 2018
11163 ms. Memory: 646144K Free: 71301K (11%)
ptolemy.util.test.WatchDog.cancel(): canceling Sun Dec 02 02:58:32 UTC 2018
------------------ testing $PTII/ptolemy/domains/de/test/auto/TwoSigmaDelta.xml
auto.tcl: Setting watchdog for 200 seconds at Sun Dec 02 02:58:32 UTC 2018
2888 ms. Memory: 649728K Free: 330492K (51%)
ptolemy.util.test.WatchDog.cancel(): canceling Sun Dec 02 02:58:35 UTC 2018
auto.tcl: Setting watchdog for 200 seconds at Sun Dec 02 02:58:35 UTC 2018
2081 ms. Memory: 649728K Free: 101249K (16%)
ptolemy.util.test.WatchDog.cancel(): canceling Sun Dec 02 02:58:37 UTC 2018
------------------ testing $PTII/ptolemy/domains/de/test/auto/VariableDelay.xml
auto.tcl: Setting watchdog for 200 seconds at Sun Dec 02 02:58:37 UTC 2018
2 ms. Memory: 646656K Free: 627033K (97%)
ptolemy.util.test.WatchDog.cancel(): canceling Sun Dec 02 02:58:37 UTC 2018
auto.tcl: Setting watchdog for 200 seconds at Sun Dec 02 02:58:37 UTC 2018
2 ms. Memory: 646656K Free: 627033K (97%)
ptolemy.util.test.WatchDog.cancel(): canceling Sun Dec 02 02:58:37 UTC 2018
------------------ testing $PTII/ptolemy/domains/de/test/auto/VariableDelay2.xml
auto.tcl: Setting watchdog for 200 seconds at Sun Dec 02 02:58:37 UTC 2018
2 ms. Memory: 646144K Free: 626967K (97%)
ptolemy.util.test.WatchDog.cancel(): canceling Sun Dec 02 02:58:37 UTC 2018
auto.tcl: Setting watchdog for 200 seconds at Sun Dec 02 02:58:37 UTC 2018
2 ms. Memory: 646144K Free: 626967K (97%)
ptolemy.util.test.WatchDog.cancel(): canceling Sun Dec 02 02:58:37 UTC 2018
------------------ testing $PTII/ptolemy/domains/de/test/auto/VariableDelayZeroDelay.xml
auto.tcl: Setting watchdog for 200 seconds at Sun Dec 02 02:58:37 UTC 2018
2 ms. Memory: 646144K Free: 621318K (96%)
ptolemy.util.test.WatchDog.cancel(): canceling Sun Dec 02 02:58:37 UTC 2018
auto.tcl: Setting watchdog for 200 seconds at Sun Dec 02 02:58:37 UTC 2018
3 ms. Memory: 646144K Free: 621318K (96%)
ptolemy.util.test.WatchDog.cancel(): canceling Sun Dec 02 02:58:37 UTC 2018
------------------ testing $PTII/ptolemy/domains/de/test/auto/VariableDelayZeroDelay2.xml
auto.tcl: Setting watchdog for 200 seconds at Sun Dec 02 02:58:37 UTC 2018
2 ms. Memory: 649216K Free: 624388K (96%)
ptolemy.util.test.WatchDog.cancel(): canceling Sun Dec 02 02:58:37 UTC 2018
auto.tcl: Setting watchdog for 200 seconds at Sun Dec 02 02:58:37 UTC 2018
1 ms. Memory: 649216K Free: 624388K (96%)
ptolemy.util.test.WatchDog.cancel(): canceling Sun Dec 02 02:58:37 UTC 2018
------------------ testing $PTII/ptolemy/domains/de/test/auto/deInCt.xml
auto.tcl: Setting watchdog for 200 seconds at Sun Dec 02 02:58:37 UTC 2018
0
1
1
1
0
0
0
1
1
1
0
0
0
0
1
1
1
0
0
0
0
1
1
1
0
0
0
0
1
1
0
0
0
1
1
1
0
0
0
1
1
0
0
0
1
1
1
1
19 ms. Memory: 646144K Free: 621282K (96%)
ptolemy.util.test.WatchDog.cancel(): canceling Sun Dec 02 02:58:37 UTC 2018
auto.tcl: Setting watchdog for 200 seconds at Sun Dec 02 02:58:37 UTC 2018
0
1
1
1
1
0
0
0
1
1
1
0
0
0
1
1
0
0
1
1
1
1
0
0
0
0
1
1
1
0
0
0
1
1
1
0
0
0
1
1
1
1
0
0
0
0
4 ms. Memory: 646144K Free: 621282K (96%)
ptolemy.util.test.WatchDog.cancel(): canceling Sun Dec 02 02:58:37 UTC 2018
------------------ testing $PTII/ptolemy/domains/de/test/auto/deInCt2.xml
auto.tcl: Setting watchdog for 200 seconds at Sun Dec 02 02:58:37 UTC 2018
0
1
1
1
0
0
1
1
1
0
0
1
1
1
0
0
1
1
1
0
0
1
1
1
0
0
1
1
1
0
0
1
1
1
0
0
1
1
1
0
0
0
7 ms. Memory: 648704K Free: 623842K (96%)
ptolemy.util.test.WatchDog.cancel(): canceling Sun Dec 02 02:58:37 UTC 2018
auto.tcl: Setting watchdog for 200 seconds at Sun Dec 02 02:58:37 UTC 2018
0
1
1
1
0
0
1
1
1
0
0
1
1
1
0
0
1
1
1
0
0
1
1
1
0
0
1
1
1
0
0
1
1
1
0
0
1
1
1
0
0
0
9 ms. Memory: 648704K Free: 623842K (96%)
ptolemy.util.test.WatchDog.cancel(): canceling Sun Dec 02 02:58:37 UTC 2018
------------------ testing $PTII/ptolemy/domains/de/test/auto/dynamicCausalityInterface1.xml
auto.tcl: Setting watchdog for 200 seconds at Sun Dec 02 02:58:38 UTC 2018
1 ms. Memory: 646144K Free: 618308K (96%)
ptolemy.util.test.WatchDog.cancel(): canceling Sun Dec 02 02:58:38 UTC 2018
auto.tcl: Setting watchdog for 200 seconds at Sun Dec 02 02:58:38 UTC 2018
1 ms. Memory: 646144K Free: 618308K (96%)
ptolemy.util.test.WatchDog.cancel(): canceling Sun Dec 02 02:58:38 UTC 2018
------------------ testing $PTII/ptolemy/domains/de/test/auto/fsm_de_test.xml
auto.tcl: Setting watchdog for 200 seconds at Sun Dec 02 02:58:38 UTC 2018
7 ms. Memory: 648192K Free: 623252K (96%)
ptolemy.util.test.WatchDog.cancel(): canceling Sun Dec 02 02:58:38 UTC 2018
auto.tcl: Setting watchdog for 200 seconds at Sun Dec 02 02:58:38 UTC 2018
10 ms. Memory: 648192K Free: 614619K (95%)
ptolemy.util.test.WatchDog.cancel(): canceling Sun Dec 02 02:58:38 UTC 2018
------------------ testing $PTII/ptolemy/domains/de/test/auto/functionDependencyReconstruction.xml
auto.tcl: Setting watchdog for 200 seconds at Sun Dec 02 02:58:38 UTC 2018
3 ms. Memory: 646144K Free: 612546K (95%)
ptolemy.util.test.WatchDog.cancel(): canceling Sun Dec 02 02:58:38 UTC 2018
auto.tcl: Setting watchdog for 200 seconds at Sun Dec 02 02:58:38 UTC 2018
2 ms. Memory: 646144K Free: 612546K (95%)
ptolemy.util.test.WatchDog.cancel(): canceling Sun Dec 02 02:58:38 UTC 2018
------------------ testing $PTII/ptolemy/domains/de/test/auto/multirate.xml
auto.tcl: Setting watchdog for 200 seconds at Sun Dec 02 02:58:38 UTC 2018
5 ms. Memory: 648192K Free: 623119K (96%)
ptolemy.util.test.WatchDog.cancel(): canceling Sun Dec 02 02:58:38 UTC 2018
auto.tcl: Setting watchdog for 200 seconds at Sun Dec 02 02:58:38 UTC 2018
2 ms. Memory: 648192K Free: 623119K (96%)
ptolemy.util.test.WatchDog.cancel(): canceling Sun Dec 02 02:58:38 UTC 2018
------------------ testing $PTII/ptolemy/domains/de/test/auto/multirate2.xml
auto.tcl: Setting watchdog for 200 seconds at Sun Dec 02 02:58:38 UTC 2018
7 ms. Memory: 646144K Free: 621227K (96%)
ptolemy.util.test.WatchDog.cancel(): canceling Sun Dec 02 02:58:38 UTC 2018
auto.tcl: Setting watchdog for 200 seconds at Sun Dec 02 02:58:38 UTC 2018
2 ms. Memory: 646144K Free: 621227K (96%)
ptolemy.util.test.WatchDog.cancel(): canceling Sun Dec 02 02:58:38 UTC 2018
------------------ testing $PTII/ptolemy/domains/de/test/auto/realtime.xml
auto.tcl: Setting watchdog for 200 seconds at Sun Dec 02 02:58:38 UTC 2018
10002 ms. Memory: 647680K Free: 622762K (96%)
ptolemy.util.test.WatchDog.cancel(): canceling Sun Dec 02 02:58:48 UTC 2018
auto.tcl: Setting watchdog for 200 seconds at Sun Dec 02 02:58:48 UTC 2018
10002 ms. Memory: 647680K Free: 622762K (96%)
ptolemy.util.test.WatchDog.cancel(): canceling Sun Dec 02 02:58:58 UTC 2018
------------------ testing $PTII/ptolemy/domains/de/test/auto/relationGroup.xml
auto.tcl: Setting watchdog for 200 seconds at Sun Dec 02 02:58:58 UTC 2018
3 ms. Memory: 646144K Free: 626930K (97%)
ptolemy.util.test.WatchDog.cancel(): canceling Sun Dec 02 02:58:58 UTC 2018
auto.tcl: Setting watchdog for 200 seconds at Sun Dec 02 02:58:58 UTC 2018
1 ms. Memory: 646144K Free: 626930K (97%)
ptolemy.util.test.WatchDog.cancel(): canceling Sun Dec 02 02:58:58 UTC 2018
------------------ testing $PTII/ptolemy/domains/de/test/auto/relationGroup2.xml
auto.tcl: Setting watchdog for 200 seconds at Sun Dec 02 02:58:58 UTC 2018
2 ms. Memory: 647680K Free: 622845K (96%)
ptolemy.util.test.WatchDog.cancel(): canceling Sun Dec 02 02:58:58 UTC 2018
auto.tcl: Setting watchdog for 200 seconds at Sun Dec 02 02:58:58 UTC 2018
1 ms. Memory: 647680K Free: 622845K (96%)
ptolemy.util.test.WatchDog.cancel(): canceling Sun Dec 02 02:58:58 UTC 2018
------------------ testing $PTII/ptolemy/domains/de/test/auto/sortWithOpaquePorts.xml
auto.tcl: Setting watchdog for 200 seconds at Sun Dec 02 02:58:58 UTC 2018
1 ms. Memory: 646144K Free: 621310K (96%)
ptolemy.util.test.WatchDog.cancel(): canceling Sun Dec 02 02:58:58 UTC 2018
auto.tcl: Setting watchdog for 200 seconds at Sun Dec 02 02:58:58 UTC 2018
2 ms. Memory: 646144K Free: 621310K (96%)
ptolemy.util.test.WatchDog.cancel(): canceling Sun Dec 02 02:58:58 UTC 2018
------------------ testing $PTII/ptolemy/domains/de/test/auto/transferInputsandOutputs.xml
auto.tcl: Setting watchdog for 200 seconds at Sun Dec 02 02:58:58 UTC 2018
3 ms. Memory: 647168K Free: 622321K (96%)
ptolemy.util.test.WatchDog.cancel(): canceling Sun Dec 02 02:58:58 UTC 2018
auto.tcl: Setting watchdog for 200 seconds at Sun Dec 02 02:58:58 UTC 2018
2 ms. Memory: 647168K Free: 622321K (96%)
ptolemy.util.test.WatchDog.cancel(): canceling Sun Dec 02 02:58:58 UTC 2018
------------------ testing $PTII/ptolemy/domains/de/test/auto/triggerType.xml
auto.tcl: Setting watchdog for 200 seconds at Sun Dec 02 02:58:58 UTC 2018
1 ms. Memory: 646144K Free: 621248K (96%)
ptolemy.util.test.WatchDog.cancel(): canceling Sun Dec 02 02:58:58 UTC 2018
auto.tcl: Setting watchdog for 200 seconds at Sun Dec 02 02:58:58 UTC 2018
1 ms. Memory: 646144K Free: 621248K (96%)
ptolemy.util.test.WatchDog.cancel(): canceling Sun Dec 02 02:58:58 UTC 2018
12/02/18 02:58:58
Failed: 0  Total Tests: 192  ((Passed: 187, Newly Passed: 1)  Known Failed: 5) /home/travis/build/icyphy/ptII/ptolemy/domains/de/test
12/02/18 02:58:58
Failed: 0  Total Tests: 192  ((Passed: 187, Newly Passed: 1)  Known Failed: 5) /home/travis/build/icyphy/ptII/ptolemy/domains/de/test
----------------- testing (KnownFailure) /home/travis/build/icyphy/ptII/ptolemy/domains/de/test/auto/knownFailedTests/DESDFClockTest.xml
2008 ms. Memory: 647168K Free: 610998K (94%)
Known Failure: java.lang.reflect.InvocationTargetException
----------------- testing (KnownFailure) /home/travis/build/icyphy/ptII/ptolemy/domains/de/test/auto/knownFailedTests/DirectFeedback.xml
2 ms. Memory: 647168K Free: 565819K (87%)
Known Failure: java.lang.reflect.InvocationTargetException
----------------- testing (KnownFailure) /home/travis/build/icyphy/ptII/ptolemy/domains/de/test/auto/knownFailedTests/FSMSource.xml
3 ms. Memory: 647168K Free: 520640K (80%)
----------------- testing (KnownFailure) /home/travis/build/icyphy/ptII/ptolemy/domains/de/test/auto/knownFailedTests/HierarchicalModel.xml
1 ms. Memory: 647168K Free: 486740K (75%)
Known Failure: java.lang.reflect.InvocationTargetException
----------------- testing (KnownFailure) /home/travis/build/icyphy/ptII/ptolemy/domains/de/test/auto/knownFailedTests/dependencyLoop.xml
2 ms. Memory: 647168K Free: 430266K (66%)
Known Failure: java.lang.reflect.InvocationTargetException
----------------- testing (KnownFailure) /home/travis/build/icyphy/ptII/ptolemy/domains/de/test/auto/knownFailedTests/dependencyLoop2.xml
2 ms. Memory: 647168K Free: 373776K (58%)
Known Failure: java.lang.reflect.InvocationTargetException
No auto/linux-amd64/*.xml tests in /home/travis/build/icyphy/ptII/ptolemy/domains/de/test
AutoTests.java: About to close Vertx.
AutoTests.java: Vertx closed.

===========================================================================================
----------------- testing Sun Dec 02 02:59:00 UTC 2018 /home/travis/build/icyphy/ptII/ptolemy/domains/de/test/auto/ActorDepthCalculation_actorWithoutPorts.xml
----------------- Instantiating /home/travis/build/icyphy/ptII/ptolemy/domains/de/test/auto/ActorDepthCalculation_actorWithoutPorts.xml
1 ms. Memory: 647168K Free: 317302K (49%)
----------------- Invoking toplevel() on ptolemy.moml.MoMLSimpleApplication@7961567a
----------------- Done invoking toplevel() on ptolemy.moml.MoMLSimpleApplication@7961567a
reloadAllAccessors: .ActorDepthCalculation_actorWithoutPorts

===========================================================================================
----------------- testing Sun Dec 02 02:59:00 UTC 2018 /home/travis/build/icyphy/ptII/ptolemy/domains/de/test/auto/AssemblyLine.xml
----------------- Instantiating /home/travis/build/icyphy/ptII/ptolemy/domains/de/test/auto/AssemblyLine.xml
1 ms. Memory: 647168K Free: 294713K (46%)
----------------- Invoking toplevel() on ptolemy.moml.MoMLSimpleApplication@6d9754fd
----------------- Done invoking toplevel() on ptolemy.moml.MoMLSimpleApplication@6d9754fd
reloadAllAccessors: .AssemblyLine

===========================================================================================
----------------- testing Sun Dec 02 02:59:01 UTC 2018 /home/travis/build/icyphy/ptII/ptolemy/domains/de/test/auto/CQBug1.xml
----------------- Instantiating /home/travis/build/icyphy/ptII/ptolemy/domains/de/test/auto/CQBug1.xml
1 ms. Memory: 647168K Free: 272123K (42%)
----------------- Invoking toplevel() on ptolemy.moml.MoMLSimpleApplication@4c3eedaf
----------------- Done invoking toplevel() on ptolemy.moml.MoMLSimpleApplication@4c3eedaf
reloadAllAccessors: .CQBug1

===========================================================================================
----------------- testing Sun Dec 02 02:59:01 UTC 2018 /home/travis/build/icyphy/ptII/ptolemy/domains/de/test/auto/CancelFireAt.xml
----------------- Instantiating /home/travis/build/icyphy/ptII/ptolemy/domains/de/test/auto/CancelFireAt.xml
0 ms. Memory: 647168K Free: 249534K (39%)
----------------- Invoking toplevel() on ptolemy.moml.MoMLSimpleApplication@7ea9a93
----------------- Done invoking toplevel() on ptolemy.moml.MoMLSimpleApplication@7ea9a93
reloadAllAccessors: .CancelFireAt

===========================================================================================
----------------- testing Sun Dec 02 02:59:01 UTC 2018 /home/travis/build/icyphy/ptII/ptolemy/domains/de/test/auto/CausalityAndComposabilityAnalysis.xml
----------------- Instantiating /home/travis/build/icyphy/ptII/ptolemy/domains/de/test/auto/CausalityAndComposabilityAnalysis.xml
1 ms. Memory: 647168K Free: 226944K (35%)
----------------- Invoking toplevel() on ptolemy.moml.MoMLSimpleApplication@2b659a99
----------------- Done invoking toplevel() on ptolemy.moml.MoMLSimpleApplication@2b659a99
reloadAllAccessors: .CausalityAndComposabilityAnalysis

===========================================================================================
----------------- testing Sun Dec 02 02:59:01 UTC 2018 /home/travis/build/icyphy/ptII/ptolemy/domains/de/test/auto/CausalityInterface1.xml
----------------- Instantiating /home/travis/build/icyphy/ptII/ptolemy/domains/de/test/auto/CausalityInterface1.xml
2 ms. Memory: 647168K Free: 204355K (32%)
----------------- Invoking toplevel() on ptolemy.moml.MoMLSimpleApplication@7c237a25
----------------- Done invoking toplevel() on ptolemy.moml.MoMLSimpleApplication@7c237a25
reloadAllAccessors: .CausalityInterface1

===========================================================================================
----------------- testing Sun Dec 02 02:59:01 UTC 2018 /home/travis/build/icyphy/ptII/ptolemy/domains/de/test/auto/CausalityInterface15.xml
----------------- Instantiating /home/travis/build/icyphy/ptII/ptolemy/domains/de/test/auto/CausalityInterface15.xml
1 ms. Memory: 647168K Free: 181765K (28%)
----------------- Invoking toplevel() on ptolemy.moml.MoMLSimpleApplication@74094b01
----------------- Done invoking toplevel() on ptolemy.moml.MoMLSimpleApplication@74094b01
reloadAllAccessors: .CausalityInterface15

[...]
java.lang.RuntimeException: Execution failed
	at ptolemy.moml.MoMLSimpleApplication$UnloadThread.run(MoMLSimpleApplication.java:402)
Caused by: ptolemy.kernel.util.IllegalActionException: Test fails in iteration 1.
Value was: 1.0. Should have been: 2.0
  in .DirectFeedback.Test
	at ptolemy.actor.lib.Test.fire(Test.java:268)
	at ptolemy.domains.de.kernel.DEDirector._fire(DEDirector.java:1949)
	at ptolemy.domains.de.kernel.DEDirector.fire(DEDirector.java:502)
	at ptolemy.actor.CompositeActor.fire(CompositeActor.java:455)
	at ptolemy.actor.Manager.iterate(Manager.java:851)
	at ptolemy.actor.Manager.execute(Manager.java:369)
	at ptolemy.actor.Manager.run(Manager.java:1263)
	at ptolemy.actor.Manager$PtolemyRunThread.run(Manager.java:1915)
java.lang.RuntimeException: Execution failed
	at ptolemy.moml.MoMLSimpleApplication$UnloadThread.run(MoMLSimpleApplication.java:402)
Caused by: ptolemy.kernel.util.IllegalActionException: Actor is not ready to fire.  Perhaps UpSample.prefire() returned false? Try debugging the actor by selecting "Listen to Actor".  Also, for SDF check moml for tokenConsumptionRate on input.
  in .DESDFClockTest.Play Bell.Copy1:SDF Director and .DESDFClockTest.Play Bell.UpSample
	at ptolemy.actor.sched.StaticSchedulingDirector.fire(StaticSchedulingDirector.java:227)
	at ptolemy.domains.sdf.kernel.SDFDirector.fire(SDFDirector.java:500)
	at ptolemy.actor.CompositeActor.fire(CompositeActor.java:455)
	at ptolemy.domains.de.kernel.DEDirector._fire(DEDirector.java:1949)
	at ptolemy.domains.de.kernel.DEDirector.fire(DEDirector.java:502)
	at ptolemy.actor.CompositeActor.fire(CompositeActor.java:455)
	at ptolemy.actor.Manager.iterate(Manager.java:851)
	at ptolemy.actor.Manager.execute(Manager.java:369)
	at ptolemy.actor.Manager.run(Manager.java:1263)
	at ptolemy.actor.Manager$PtolemyRunThread.run(Manager.java:1915)
java.lang.reflect.InvocationTargetException
	at sun.reflect.NativeConstructorAccessorImpl.newInstance0(Native Method)
	at sun.reflect.NativeConstructorAccessorImpl.newInstance(NativeConstructorAccessorImpl.java:62)
	at sun.reflect.DelegatingConstructorAccessorImpl.newInstance(DelegatingConstructorAccessorImpl.java:45)
	at java.lang.reflect.Constructor.newInstance(Constructor.java:423)
	at ptolemy.util.test.junit.AutoKnownFailedTests.RunModel(AutoKnownFailedTests.java:105)
	at sun.reflect.NativeMethodAccessorImpl.invoke0(Native Method)
	at sun.reflect.NativeMethodAccessorImpl.invoke(NativeMethodAccessorImpl.java:62)
	at sun.reflect.DelegatingMethodAccessorImpl.invoke(DelegatingMethodAccessorImpl.java:43)
	at java.lang.reflect.Method.invoke(Method.java:498)
	at org.junit.runners.model.FrameworkMethod$1.runReflectiveCall(FrameworkMethod.java:44)
	at org.junit.internal.runners.model.ReflectiveCallable.run(ReflectiveCallable.java:15)
	at org.junit.runners.model.FrameworkMethod.invokeExplosively(FrameworkMethod.java:41)
	at junitparams.internal.InvokeParameterisedMethod.evaluate(InvokeParameterisedMethod.java:102)
	at org.junit.internal.runners.statements.FailOnTimeout$1.run(FailOnTimeout.java:28)
Caused by: ptolemy.kernel.util.IllegalActionException: Actor is not ready to fire.  Perhaps UpSample.prefire() returned false? Try debugging the actor by selecting "Listen to Actor".  Also, for SDF check moml for tokenConsumptionRate on input.
  in .DESDFClockTest.Play Bell.Copy1:SDF Director and .DESDFClockTest.Play Bell.UpSample
	at ptolemy.actor.sched.StaticSchedulingDirector.fire(StaticSchedulingDirector.java:227)
	at ptolemy.domains.sdf.kernel.SDFDirector.fire(SDFDirector.java:500)
	at ptolemy.actor.CompositeActor.fire(CompositeActor.java:455)
	at ptolemy.domains.de.kernel.DEDirector._fire(DEDirector.java:1949)
	at ptolemy.domains.de.kernel.DEDirector.fire(DEDirector.java:502)
	at ptolemy.actor.CompositeActor.fire(CompositeActor.java:455)
	at ptolemy.actor.Manager.iterate(Manager.java:851)
	at ptolemy.actor.Manager.execute(Manager.java:369)
	at ptolemy.actor.Manager.run(Manager.java:1263)
	at ptolemy.actor.Manager$PtolemyRunThread.run(Manager.java:1915)
java.lang.RuntimeException: Execution failed
	at ptolemy.moml.MoMLSimpleApplication$UnloadThread.run(MoMLSimpleApplication.java:402)
Caused by: ptolemy.kernel.util.IllegalActionException: Test fails in iteration 1.
Value was: 1.0. Should have been: 2.0
  in .DirectFeedback.Test
	at ptolemy.actor.lib.Test.fire(Test.java:268)
	at ptolemy.domains.de.kernel.DEDirector._fire(DEDirector.java:1949)
	at ptolemy.domains.de.kernel.DEDirector.fire(DEDirector.java:502)
	at ptolemy.actor.CompositeActor.fire(CompositeActor.java:455)
	at ptolemy.actor.Manager.iterate(Manager.java:851)
	at ptolemy.actor.Manager.execute(Manager.java:369)
	at ptolemy.actor.Manager.run(Manager.java:1263)
	at ptolemy.actor.Manager$PtolemyRunThread.run(Manager.java:1915)
java.lang.reflect.InvocationTargetException
	at sun.reflect.NativeConstructorAccessorImpl.newInstance0(Native Method)
	at sun.reflect.NativeConstructorAccessorImpl.newInstance(NativeConstructorAccessorImpl.java:62)
	at sun.reflect.DelegatingConstructorAccessorImpl.newInstance(DelegatingConstructorAccessorImpl.java:45)
	at java.lang.reflect.Constructor.newInstance(Constructor.java:423)
	at ptolemy.util.test.junit.AutoKnownFailedTests.RunModel(AutoKnownFailedTests.java:105)
	at sun.reflect.NativeMethodAccessorImpl.invoke0(Native Method)
	at sun.reflect.NativeMethodAccessorImpl.invoke(NativeMethodAccessorImpl.java:62)
	at sun.reflect.DelegatingMethodAccessorImpl.invoke(DelegatingMethodAccessorImpl.java:43)
	at java.lang.reflect.Method.invoke(Method.java:498)
	at org.junit.runners.model.FrameworkMethod$1.runReflectiveCall(FrameworkMethod.java:44)
	at org.junit.internal.runners.model.ReflectiveCallable.run(ReflectiveCallable.java:15)
	at org.junit.runners.model.FrameworkMethod.invokeExplosively(FrameworkMethod.java:41)
	at junitparams.internal.InvokeParameterisedMethod.evaluate(InvokeParameterisedMethod.java:102)
	at org.junit.internal.runners.statements.FailOnTimeout$1.run(FailOnTimeout.java:28)
Caused by: ptolemy.kernel.util.IllegalActionException: Test fails in iteration 1.
Value was: 1.0. Should have been: 2.0
  in .DirectFeedback.Test
	at ptolemy.actor.lib.Test.fire(Test.java:268)
	at ptolemy.domains.de.kernel.DEDirector._fire(DEDirector.java:1949)
	at ptolemy.domains.de.kernel.DEDirector.fire(DEDirector.java:502)
	at ptolemy.actor.CompositeActor.fire(CompositeActor.java:455)
	at ptolemy.actor.Manager.iterate(Manager.java:851)
	at ptolemy.actor.Manager.execute(Manager.java:369)
	at ptolemy.actor.Manager.run(Manager.java:1263)
	at ptolemy.actor.Manager$PtolemyRunThread.run(Manager.java:1915)
java.lang.RuntimeException: Execution failed
	at ptolemy.moml.MoMLSimpleApplication$UnloadThread.run(MoMLSimpleApplication.java:402)
Caused by: ptolemy.kernel.util.IllegalActionException: Found a zero delay loop containing .HierarchicalModel.A
  in .HierarchicalModel and .HierarchicalModel.A
	at ptolemy.actor.util.CausalityInterfaceForComposites._computeOutputPortDepth(CausalityInterfaceForComposites.java:759)
	at ptolemy.actor.util.CausalityInterfaceForComposites._computeInputDepth(CausalityInterfaceForComposites.java:696)
	at ptolemy.actor.util.CausalityInterfaceForComposites._computeOutputPortDepth(CausalityInterfaceForComposites.java:765)
	at ptolemy.actor.util.CausalityInterfaceForComposites._computeInputDepth(CausalityInterfaceForComposites.java:696)
	at ptolemy.actor.util.CausalityInterfaceForComposites._computeOutputPortDepth(CausalityInterfaceForComposites.java:765)
	at ptolemy.actor.util.CausalityInterfaceForComposites._computeInputDepth(CausalityInterfaceForComposites.java:696)
	at ptolemy.actor.util.CausalityInterfaceForComposites._computeActorDepth(CausalityInterfaceForComposites.java:532)
	at ptolemy.actor.util.CausalityInterfaceForComposites.checkForCycles(CausalityInterfaceForComposites.java:96)
	at ptolemy.domains.de.kernel.DEDirector.preinitialize(DEDirector.java:1338)
	at ptolemy.actor.CompositeActor.preinitialize(CompositeActor.java:1828)
	at ptolemy.actor.Manager.preinitializeAndResolveTypes(Manager.java:1040)
	at ptolemy.actor.Manager.initialize(Manager.java:710)
	at ptolemy.actor.Manager.execute(Manager.java:356)
	at ptolemy.actor.Manager.run(Manager.java:1263)
	at ptolemy.actor.Manager$PtolemyRunThread.run(Manager.java:1915)
java.lang.reflect.InvocationTargetException
	at sun.reflect.NativeConstructorAccessorImpl.newInstance0(Native Method)
	at sun.reflect.NativeConstructorAccessorImpl.newInstance(NativeConstructorAccessorImpl.java:62)
	at sun.reflect.DelegatingConstructorAccessorImpl.newInstance(DelegatingConstructorAccessorImpl.java:45)
	at java.lang.reflect.Constructor.newInstance(Constructor.java:423)
	at ptolemy.util.test.junit.AutoKnownFailedTests.RunModel(AutoKnownFailedTests.java:105)
	at sun.reflect.NativeMethodAccessorImpl.invoke0(Native Method)
	at sun.reflect.NativeMethodAccessorImpl.invoke(NativeMethodAccessorImpl.java:62)
	at sun.reflect.DelegatingMethodAccessorImpl.invoke(DelegatingMethodAccessorImpl.java:43)
	at java.lang.reflect.Method.invoke(Method.java:498)
	at org.junit.runners.model.FrameworkMethod$1.runReflectiveCall(FrameworkMethod.java:44)
	at org.junit.internal.runners.model.ReflectiveCallable.run(ReflectiveCallable.java:15)
	at org.junit.runners.model.FrameworkMethod.invokeExplosively(FrameworkMethod.java:41)
	at junitparams.internal.InvokeParameterisedMethod.evaluate(InvokeParameterisedMethod.java:102)
	at org.junit.internal.runners.statements.FailOnTimeout$1.run(FailOnTimeout.java:28)
Caused by: ptolemy.kernel.util.IllegalActionException: Found a zero delay loop containing .HierarchicalModel.A
  in .HierarchicalModel and .HierarchicalModel.A
	at ptolemy.actor.util.CausalityInterfaceForComposites._computeOutputPortDepth(CausalityInterfaceForComposites.java:759)
	at ptolemy.actor.util.CausalityInterfaceForComposites._computeInputDepth(CausalityInterfaceForComposites.java:696)
	at ptolemy.actor.util.CausalityInterfaceForComposites._computeOutputPortDepth(CausalityInterfaceForComposites.java:765)
	at ptolemy.actor.util.CausalityInterfaceForComposites._computeInputDepth(CausalityInterfaceForComposites.java:696)
	at ptolemy.actor.util.CausalityInterfaceForComposites._computeOutputPortDepth(CausalityInterfaceForComposites.java:765)
	at ptolemy.actor.util.CausalityInterfaceForComposites._computeInputDepth(CausalityInterfaceForComposites.java:696)
	at ptolemy.actor.util.CausalityInterfaceForComposites._computeActorDepth(CausalityInterfaceForComposites.java:532)
	at ptolemy.actor.util.CausalityInterfaceForComposites.checkForCycles(CausalityInterfaceForComposites.java:96)
	at ptolemy.domains.de.kernel.DEDirector.preinitialize(DEDirector.java:1338)
	at ptolemy.actor.CompositeActor.preinitialize(CompositeActor.java:1828)
	at ptolemy.actor.Manager.preinitializeAndResolveTypes(Manager.java:1040)
	at ptolemy.actor.Manager.initialize(Manager.java:710)
	at ptolemy.actor.Manager.execute(Manager.java:356)
	at ptolemy.actor.Manager.run(Manager.java:1263)
	at ptolemy.actor.Manager$PtolemyRunThread.run(Manager.java:1915)
java.lang.RuntimeException: Execution failed
	at ptolemy.moml.MoMLSimpleApplication$UnloadThread.run(MoMLSimpleApplication.java:402)
Caused by: ptolemy.kernel.util.IllegalActionException: Found a zero delay loop containing .dependencyLoop.original
  in .dependencyLoop and .dependencyLoop.original
	at ptolemy.actor.util.CausalityInterfaceForComposites._computeOutputPortDepth(CausalityInterfaceForComposites.java:759)
	at ptolemy.actor.util.CausalityInterfaceForComposites._computeInputDepth(CausalityInterfaceForComposites.java:696)
	at ptolemy.actor.util.CausalityInterfaceForComposites._computeOutputPortDepth(CausalityInterfaceForComposites.java:765)
	at ptolemy.actor.util.CausalityInterfaceForComposites._computeInputDepth(CausalityInterfaceForComposites.java:696)
	at ptolemy.actor.util.CausalityInterfaceForComposites._computeOutputPortDepth(CausalityInterfaceForComposites.java:765)
	at ptolemy.actor.util.CausalityInterfaceForComposites._computeInputDepth(CausalityInterfaceForComposites.java:696)
	at ptolemy.actor.util.CausalityInterfaceForComposites._computeActorDepth(CausalityInterfaceForComposites.java:532)
	at ptolemy.actor.util.CausalityInterfaceForComposites.checkForCycles(CausalityInterfaceForComposites.java:96)
	at ptolemy.domains.de.kernel.DEDirector.preinitialize(DEDirector.java:1338)
	at ptolemy.actor.CompositeActor.preinitialize(CompositeActor.java:1828)
	at ptolemy.actor.Manager.preinitializeAndResolveTypes(Manager.java:1040)
	at ptolemy.actor.Manager.initialize(Manager.java:710)
	at ptolemy.actor.Manager.execute(Manager.java:356)
	at ptolemy.actor.Manager.run(Manager.java:1263)
	at ptolemy.actor.Manager$PtolemyRunThread.run(Manager.java:1915)
java.lang.reflect.InvocationTargetException
	at sun.reflect.NativeConstructorAccessorImpl.newInstance0(Native Method)
	at sun.reflect.NativeConstructorAccessorImpl.newInstance(NativeConstructorAccessorImpl.java:62)
	at sun.reflect.DelegatingConstructorAccessorImpl.newInstance(DelegatingConstructorAccessorImpl.java:45)
	at java.lang.reflect.Constructor.newInstance(Constructor.java:423)
	at ptolemy.util.test.junit.AutoKnownFailedTests.RunModel(AutoKnownFailedTests.java:105)
	at sun.reflect.NativeMethodAccessorImpl.invoke0(Native Method)
	at sun.reflect.NativeMethodAccessorImpl.invoke(NativeMethodAccessorImpl.java:62)
	at sun.reflect.DelegatingMethodAccessorImpl.invoke(DelegatingMethodAccessorImpl.java:43)
	at java.lang.reflect.Method.invoke(Method.java:498)
	at org.junit.runners.model.FrameworkMethod$1.runReflectiveCall(FrameworkMethod.java:44)
	at org.junit.internal.runners.model.ReflectiveCallable.run(ReflectiveCallable.java:15)
	at org.junit.runners.model.FrameworkMethod.invokeExplosively(FrameworkMethod.java:41)
	at junitparams.internal.InvokeParameterisedMethod.evaluate(InvokeParameterisedMethod.java:102)
	at org.junit.internal.runners.statements.FailOnTimeout$1.run(FailOnTimeout.java:28)
Caused by: ptolemy.kernel.util.IllegalActionException: Found a zero delay loop containing .dependencyLoop.original
  in .dependencyLoop and .dependencyLoop.original
	at ptolemy.actor.util.CausalityInterfaceForComposites._computeOutputPortDepth(CausalityInterfaceForComposites.java:759)
	at ptolemy.actor.util.CausalityInterfaceForComposites._computeInputDepth(CausalityInterfaceForComposites.java:696)
	at ptolemy.actor.util.CausalityInterfaceForComposites._computeOutputPortDepth(CausalityInterfaceForComposites.java:765)
	at ptolemy.actor.util.CausalityInterfaceForComposites._computeInputDepth(CausalityInterfaceForComposites.java:696)
	at ptolemy.actor.util.CausalityInterfaceForComposites._computeOutputPortDepth(CausalityInterfaceForComposites.java:765)
	at ptolemy.actor.util.CausalityInterfaceForComposites._computeInputDepth(CausalityInterfaceForComposites.java:696)
	at ptolemy.actor.util.CausalityInterfaceForComposites._computeActorDepth(CausalityInterfaceForComposites.java:532)
	at ptolemy.actor.util.CausalityInterfaceForComposites.checkForCycles(CausalityInterfaceForComposites.java:96)
	at ptolemy.domains.de.kernel.DEDirector.preinitialize(DEDirector.java:1338)
	at ptolemy.actor.CompositeActor.preinitialize(CompositeActor.java:1828)
	at ptolemy.actor.Manager.preinitializeAndResolveTypes(Manager.java:1040)
	at ptolemy.actor.Manager.initialize(Manager.java:710)
	at ptolemy.actor.Manager.execute(Manager.java:356)
	at ptolemy.actor.Manager.run(Manager.java:1263)
	at ptolemy.actor.Manager$PtolemyRunThread.run(Manager.java:1915)
java.lang.RuntimeException: Execution failed
	at ptolemy.moml.MoMLSimpleApplication$UnloadThread.run(MoMLSimpleApplication.java:402)
Caused by: ptolemy.kernel.util.IllegalActionException: Found a zero delay loop containing .dependencyLoop2.original
  in .dependencyLoop2 and .dependencyLoop2.original
	at ptolemy.actor.util.CausalityInterfaceForComposites._computeOutputPortDepth(CausalityInterfaceForComposites.java:759)
	at ptolemy.actor.util.CausalityInterfaceForComposites._computeInputDepth(CausalityInterfaceForComposites.java:696)
	at ptolemy.actor.util.CausalityInterfaceForComposites._computeOutputPortDepth(CausalityInterfaceForComposites.java:765)
	at ptolemy.actor.util.CausalityInterfaceForComposites._computeInputDepth(CausalityInterfaceForComposites.java:696)
	at ptolemy.actor.util.CausalityInterfaceForComposites._computeOutputPortDepth(CausalityInterfaceForComposites.java:765)
	at ptolemy.actor.util.CausalityInterfaceForComposites._computeInputDepth(CausalityInterfaceForComposites.java:696)
	at ptolemy.actor.util.CausalityInterfaceForComposites._computeActorDepth(CausalityInterfaceForComposites.java:532)
	at ptolemy.actor.util.CausalityInterfaceForComposites.checkForCycles(CausalityInterfaceForComposites.java:96)
	at ptolemy.domains.de.kernel.DEDirector.preinitialize(DEDirector.java:1338)
	at ptolemy.actor.CompositeActor.preinitialize(CompositeActor.java:1828)
	at ptolemy.actor.Manager.preinitializeAndResolveTypes(Manager.java:1040)
	at ptolemy.actor.Manager.initialize(Manager.java:710)
	at ptolemy.actor.Manager.execute(Manager.java:356)
	at ptolemy.actor.Manager.run(Manager.java:1263)
	at ptolemy.actor.Manager$PtolemyRunThread.run(Manager.java:1915)
java.lang.reflect.InvocationTargetException
	at sun.reflect.NativeConstructorAccessorImpl.newInstance0(Native Method)
	at sun.reflect.NativeConstructorAccessorImpl.newInstance(NativeConstructorAccessorImpl.java:62)
	at sun.reflect.DelegatingConstructorAccessorImpl.newInstance(DelegatingConstructorAccessorImpl.java:45)
	at java.lang.reflect.Constructor.newInstance(Constructor.java:423)
	at ptolemy.util.test.junit.AutoKnownFailedTests.RunModel(AutoKnownFailedTests.java:105)
	at sun.reflect.NativeMethodAccessorImpl.invoke0(Native Method)
	at sun.reflect.NativeMethodAccessorImpl.invoke(NativeMethodAccessorImpl.java:62)
	at sun.reflect.DelegatingMethodAccessorImpl.invoke(DelegatingMethodAccessorImpl.java:43)
	at java.lang.reflect.Method.invoke(Method.java:498)
	at org.junit.runners.model.FrameworkMethod$1.runReflectiveCall(FrameworkMethod.java:44)
	at org.junit.internal.runners.model.ReflectiveCallable.run(ReflectiveCallable.java:15)
	at org.junit.runners.model.FrameworkMethod.invokeExplosively(FrameworkMethod.java:41)
	at junitparams.internal.InvokeParameterisedMethod.evaluate(InvokeParameterisedMethod.java:102)
	at org.junit.internal.runners.statements.FailOnTimeout$1.run(FailOnTimeout.java:28)
Caused by: ptolemy.kernel.util.IllegalActionException: Found a zero delay loop containing .dependencyLoop2.original
  in .dependencyLoop2 and .dependencyLoop2.original
	at ptolemy.actor.util.CausalityInterfaceForComposites._computeOutputPortDepth(CausalityInterfaceForComposites.java:759)
	at ptolemy.actor.util.CausalityInterfaceForComposites._computeInputDepth(CausalityInterfaceForComposites.java:696)
	at ptolemy.actor.util.CausalityInterfaceForComposites._computeOutputPortDepth(CausalityInterfaceForComposites.java:765)
	at ptolemy.actor.util.CausalityInterfaceForComposites._computeInputDepth(CausalityInterfaceForComposites.java:696)
	at ptolemy.actor.util.CausalityInterfaceForComposites._computeOutputPortDepth(CausalityInterfaceForComposites.java:765)
	at ptolemy.actor.util.CausalityInterfaceForComposites._computeInputDepth(CausalityInterfaceForComposites.java:696)
	at ptolemy.actor.util.CausalityInterfaceForComposites._computeActorDepth(CausalityInterfaceForComposites.java:532)
	at ptolemy.actor.util.CausalityInterfaceForComposites.checkForCycles(CausalityInterfaceForComposites.java:96)
	at ptolemy.domains.de.kernel.DEDirector.preinitialize(DEDirector.java:1338)
	at ptolemy.actor.CompositeActor.preinitialize(CompositeActor.java:1828)
	at ptolemy.actor.Manager.preinitializeAndResolveTypes(Manager.java:1040)
	at ptolemy.actor.Manager.initialize(Manager.java:710)
	at ptolemy.actor.Manager.execute(Manager.java:356)
	at ptolemy.actor.Manager.run(Manager.java:1263)
	at ptolemy.actor.Manager$PtolemyRunThread.run(Manager.java:1915)
]]></system-err>
</testsuite>
