<?xml version="1.0" encoding="UTF-8" ?>
<testsuite errors="0" failures="0" hostname="travis-job-bac2cf6d-f8b5-495d-90e8-3fcb6b40da4c" name="ptolemy.domains.continuous.test.junit.JUnitTclTest" skipped="0" tests="155" time="74.048" timestamp="2018-06-14T22:50:03">
  <properties>
[...]
</properties>
  <testcase classname="ptolemy.util.test.junit.TclTests" name="[0] ThereAreNoTclTests (RunTclFile)" time="0.001" />
  <testcase classname="ptolemy.util.test.junit.AutoKnownFailedTests" name="[0] ThereAreNoKnowFailedTests (RunModel)" time="0.001" />
  <testcase classname="ptolemy.util.test.junit.AutoNameArchTests" name="[0] ThereAreNoAutoArchTests (RunModel)" time="0.001" />
  <testcase classname="ptolemy.util.test.junit.AutoTests" name="[0] /home/travis/build/icyphy/ptII/ptolemy/domains/continuous/test/auto/BouncingBall.xml (RunModel)" time="2.967" />
  <testcase classname="ptolemy.util.test.junit.AutoTests" name="[1] /home/travis/build/icyphy/ptII/ptolemy/domains/continuous/test/auto/BouncingBallWithoutGR.xml (RunModel)" time="0.982" />
  <testcase classname="ptolemy.util.test.junit.AutoTests" name="[2] /home/travis/build/icyphy/ptII/ptolemy/domains/continuous/test/auto/Brownian.xml (RunModel)" time="0.097" />
  <testcase classname="ptolemy.util.test.junit.AutoTests" name="[3] /home/travis/build/icyphy/ptII/ptolemy/domains/continuous/test/auto/CarTracking.xml (RunModel)" time="3.907" />
  <testcase classname="ptolemy.util.test.junit.AutoTests" name="[4] /home/travis/build/icyphy/ptII/ptolemy/domains/continuous/test/auto/CartPendulum.xml (RunModel)" time="0.522" />
  <testcase classname="ptolemy.util.test.junit.AutoTests" name="[5] /home/travis/build/icyphy/ptII/ptolemy/domains/continuous/test/auto/CausalityInterface10.xml (RunModel)" time="0.041" />
  <testcase classname="ptolemy.util.test.junit.AutoTests" name="[6] /home/travis/build/icyphy/ptII/ptolemy/domains/continuous/test/auto/CausalityInterface11.xml (RunModel)" time="0.029" />
  <testcase classname="ptolemy.util.test.junit.AutoTests" name="[7] /home/travis/build/icyphy/ptII/ptolemy/domains/continuous/test/auto/CausalityInterface12.xml (RunModel)" time="0.034" />
  <testcase classname="ptolemy.util.test.junit.AutoTests" name="[8] /home/travis/build/icyphy/ptII/ptolemy/domains/continuous/test/auto/CausalityInterface13.xml (RunModel)" time="0.045" />
  <testcase classname="ptolemy.util.test.junit.AutoTests" name="[9] /home/travis/build/icyphy/ptII/ptolemy/domains/continuous/test/auto/CausalityInterface14.xml (RunModel)" time="0.029" />
  <testcase classname="ptolemy.util.test.junit.AutoTests" name="[10] /home/travis/build/icyphy/ptII/ptolemy/domains/continuous/test/auto/CausalityInterface4.xml (RunModel)" time="0.027" />
  <testcase classname="ptolemy.util.test.junit.AutoTests" name="[11] /home/travis/build/icyphy/ptII/ptolemy/domains/continuous/test/auto/CausalityInterface5.xml (RunModel)" time="0.036" />
  <testcase classname="ptolemy.util.test.junit.AutoTests" name="[12] /home/travis/build/icyphy/ptII/ptolemy/domains/continuous/test/auto/CausalityInterface6.xml (RunModel)" time="0.033" />
  <testcase classname="ptolemy.util.test.junit.AutoTests" name="[13] /home/travis/build/icyphy/ptII/ptolemy/domains/continuous/test/auto/CausalityInterface7.xml (RunModel)" time="0.059" />
  <testcase classname="ptolemy.util.test.junit.AutoTests" name="[14] /home/travis/build/icyphy/ptII/ptolemy/domains/continuous/test/auto/CausalityInterface8.xml (RunModel)" time="0.044" />
  <testcase classname="ptolemy.util.test.junit.AutoTests" name="[15] /home/travis/build/icyphy/ptII/ptolemy/domains/continuous/test/auto/CausalityInterface9.xml (RunModel)" time="0.052" />
  <testcase classname="ptolemy.util.test.junit.AutoTests" name="[16] /home/travis/build/icyphy/ptII/ptolemy/domains/continuous/test/auto/CausalityInterfaceFeedback1.xml (RunModel)" time="0.038" />
  <testcase classname="ptolemy.util.test.junit.AutoTests" name="[17] /home/travis/build/icyphy/ptII/ptolemy/domains/continuous/test/auto/CausalityInterfaceFeedback2.xml (RunModel)" time="0.032" />
  <testcase classname="ptolemy.util.test.junit.AutoTests" name="[18] /home/travis/build/icyphy/ptII/ptolemy/domains/continuous/test/auto/CompareWithCurrentTime.xml (RunModel)" time="0.028" />
  <testcase classname="ptolemy.util.test.junit.AutoTests" name="[19] /home/travis/build/icyphy/ptII/ptolemy/domains/continuous/test/auto/ComparedClocks.xml (RunModel)" time="0.085" />
  <testcase classname="ptolemy.util.test.junit.AutoTests" name="[20] /home/travis/build/icyphy/ptII/ptolemy/domains/continuous/test/auto/ContinuousAOCClone.xml (RunModel)" time="2.57" />
  <testcase classname="ptolemy.util.test.junit.AutoTests" name="[21] /home/travis/build/icyphy/ptII/ptolemy/domains/continuous/test/auto/ContinuousClock.xml (RunModel)" time="0.101" />
  <testcase classname="ptolemy.util.test.junit.AutoTests" name="[22] /home/travis/build/icyphy/ptII/ptolemy/domains/continuous/test/auto/ContinuousInContinuous.xml (RunModel)" time="0.106" />
  <testcase classname="ptolemy.util.test.junit.AutoTests" name="[23] /home/travis/build/icyphy/ptII/ptolemy/domains/continuous/test/auto/ContinuousInContinuousInContinuous.xml (RunModel)" time="0.035" />
  <testcase classname="ptolemy.util.test.junit.AutoTests" name="[24] /home/travis/build/icyphy/ptII/ptolemy/domains/continuous/test/auto/ContinuousInDE.xml (RunModel)" time="0.178" />
  <testcase classname="ptolemy.util.test.junit.AutoTests" name="[25] /home/travis/build/icyphy/ptII/ptolemy/domains/continuous/test/auto/ContinuousInDE2.xml (RunModel)" time="0.067" />
  <testcase classname="ptolemy.util.test.junit.AutoTests" name="[26] /home/travis/build/icyphy/ptII/ptolemy/domains/continuous/test/auto/ContinuousInDE3.xml (RunModel)" time="0.071" />
  <testcase classname="ptolemy.util.test.junit.AutoTests" name="[27] /home/travis/build/icyphy/ptII/ptolemy/domains/continuous/test/auto/ContinuousInDE4.xml (RunModel)" time="0.052" />
  <testcase classname="ptolemy.util.test.junit.AutoTests" name="[28] /home/travis/build/icyphy/ptII/ptolemy/domains/continuous/test/auto/ContinuousInDEDifferentRefinements.xml (RunModel)" time="0.123" />
  <testcase classname="ptolemy.util.test.junit.AutoTests" name="[29] /home/travis/build/icyphy/ptII/ptolemy/domains/continuous/test/auto/ContinuousInDEDifferentRefinementsPreemptive.xml (RunModel)" time="0.107" />
  <testcase classname="ptolemy.util.test.junit.AutoTests" name="[30] /home/travis/build/icyphy/ptII/ptolemy/domains/continuous/test/auto/ContinuousInDEInContinuous2.xml (RunModel)" time="0.074" />
  <testcase classname="ptolemy.util.test.junit.AutoTests" name="[31] /home/travis/build/icyphy/ptII/ptolemy/domains/continuous/test/auto/ContinuousInDEInContinuous3.xml (RunModel)" time="0.093" />
  <testcase classname="ptolemy.util.test.junit.AutoTests" name="[32] /home/travis/build/icyphy/ptII/ptolemy/domains/continuous/test/auto/ContinuousInDEInput.xml (RunModel)" time="0.041" />
  <testcase classname="ptolemy.util.test.junit.AutoTests" name="[33] /home/travis/build/icyphy/ptII/ptolemy/domains/continuous/test/auto/ContinuousInDEInput2.xml (RunModel)" time="0.04" />
  <testcase classname="ptolemy.util.test.junit.AutoTests" name="[34] /home/travis/build/icyphy/ptII/ptolemy/domains/continuous/test/auto/ContinuousInDEInput3.xml (RunModel)" time="0.04" />
  <testcase classname="ptolemy.util.test.junit.AutoTests" name="[35] /home/travis/build/icyphy/ptII/ptolemy/domains/continuous/test/auto/ContinuousInDESharingRefinement.xml (RunModel)" time="0.228" />
  <testcase classname="ptolemy.util.test.junit.AutoTests" name="[36] /home/travis/build/icyphy/ptII/ptolemy/domains/continuous/test/auto/ContinuousInDEwithNoPorts.xml (RunModel)" time="0.018" />
  <testcase classname="ptolemy.util.test.junit.AutoTests" name="[37] /home/travis/build/icyphy/ptII/ptolemy/domains/continuous/test/auto/ContinuousInsideDE.xml (RunModel)" time="0.103" />
  <testcase classname="ptolemy.util.test.junit.AutoTests" name="[38] /home/travis/build/icyphy/ptII/ptolemy/domains/continuous/test/auto/ContinuousMerge1.xml (RunModel)" time="0.022" />
  <testcase classname="ptolemy.util.test.junit.AutoTests" name="[39] /home/travis/build/icyphy/ptII/ptolemy/domains/continuous/test/auto/ContinuousMerge2.xml (RunModel)" time="0.057" />
  <testcase classname="ptolemy.util.test.junit.AutoTests" name="[40] /home/travis/build/icyphy/ptII/ptolemy/domains/continuous/test/auto/ContinuousMerge3.xml (RunModel)" time="0.087" />
  <testcase classname="ptolemy.util.test.junit.AutoTests" name="[41] /home/travis/build/icyphy/ptII/ptolemy/domains/continuous/test/auto/ContinuousWithinContinuous.xml (RunModel)" time="0.069" />
  <testcase classname="ptolemy.util.test.junit.AutoTests" name="[42] /home/travis/build/icyphy/ptII/ptolemy/domains/continuous/test/auto/ContinuousWithinContinuous2.xml (RunModel)" time="0.095" />
  <testcase classname="ptolemy.util.test.junit.AutoTests" name="[43] /home/travis/build/icyphy/ptII/ptolemy/domains/continuous/test/auto/ContinuousWithinContinuous3.xml (RunModel)" time="0.04" />
  <testcase classname="ptolemy.util.test.junit.AutoTests" name="[44] /home/travis/build/icyphy/ptII/ptolemy/domains/continuous/test/auto/ContinuousWithinContinuous4.xml (RunModel)" time="0.092" />
  <testcase classname="ptolemy.util.test.junit.AutoTests" name="[45] /home/travis/build/icyphy/ptII/ptolemy/domains/continuous/test/auto/ContinuousWithinContinuous5.xml (RunModel)" time="0.031" />
  <testcase classname="ptolemy.util.test.junit.AutoTests" name="[46] /home/travis/build/icyphy/ptII/ptolemy/domains/continuous/test/auto/ContinuousWithinContinuous6.xml (RunModel)" time="0.03" />
  <testcase classname="ptolemy.util.test.junit.AutoTests" name="[47] /home/travis/build/icyphy/ptII/ptolemy/domains/continuous/test/auto/ContinuousWithinContinuous7.xml (RunModel)" time="0.087" />
  <testcase classname="ptolemy.util.test.junit.AutoTests" name="[48] /home/travis/build/icyphy/ptII/ptolemy/domains/continuous/test/auto/DCMotor.xml (RunModel)" time="13.024" />
  <testcase classname="ptolemy.util.test.junit.AutoTests" name="[49] /home/travis/build/icyphy/ptII/ptolemy/domains/continuous/test/auto/DEInContinuous.xml (RunModel)" time="0.036" />
  <testcase classname="ptolemy.util.test.junit.AutoTests" name="[50] /home/travis/build/icyphy/ptII/ptolemy/domains/continuous/test/auto/DEinContinuous2.xml (RunModel)" time="0.039" />
  <testcase classname="ptolemy.util.test.junit.AutoTests" name="[51] /home/travis/build/icyphy/ptII/ptolemy/domains/continuous/test/auto/Derivative.xml (RunModel)" time="0.214" />
  <testcase classname="ptolemy.util.test.junit.AutoTests" name="[52] /home/travis/build/icyphy/ptII/ptolemy/domains/continuous/test/auto/Derivative1.xml (RunModel)" time="0.059" />
  <testcase classname="ptolemy.util.test.junit.AutoTests" name="[53] /home/travis/build/icyphy/ptII/ptolemy/domains/continuous/test/auto/DiscreteClock.xml (RunModel)" time="0.021" />
  <testcase classname="ptolemy.util.test.junit.AutoTests" name="[54] /home/travis/build/icyphy/ptII/ptolemy/domains/continuous/test/auto/EfficiencyCurve.xml (RunModel)" time="0.14" />
  <testcase classname="ptolemy.util.test.junit.AutoTests" name="[55] /home/travis/build/icyphy/ptII/ptolemy/domains/continuous/test/auto/ExponentialResponse.xml (RunModel)" time="0.119" />
  <testcase classname="ptolemy.util.test.junit.AutoTests" name="[56] /home/travis/build/icyphy/ptII/ptolemy/domains/continuous/test/auto/ExponentialResponseRK45.xml (RunModel)" time="0.035" />
  <testcase classname="ptolemy.util.test.junit.AutoTests" name="[57] /home/travis/build/icyphy/ptII/ptolemy/domains/continuous/test/auto/Friction.xml (RunModel)" time="1.592" />
  <testcase classname="ptolemy.util.test.junit.AutoTests" name="[58] /home/travis/build/icyphy/ptII/ptolemy/domains/continuous/test/auto/FurutaPendulum.xml (RunModel)" time="3.013" />
  <testcase classname="ptolemy.util.test.junit.AutoTests" name="[59] /home/travis/build/icyphy/ptII/ptolemy/domains/continuous/test/auto/HierarchicalExecution.xml (RunModel)" time="2.35" />
  <testcase classname="ptolemy.util.test.junit.AutoTests" name="[60] /home/travis/build/icyphy/ptII/ptolemy/domains/continuous/test/auto/HybridPlant.xml (RunModel)" time="0.698" />
  <testcase classname="ptolemy.util.test.junit.AutoTests" name="[61] /home/travis/build/icyphy/ptII/ptolemy/domains/continuous/test/auto/Hysteresis.xml (RunModel)" time="0.189" />
  <testcase classname="ptolemy.util.test.junit.AutoTests" name="[62] /home/travis/build/icyphy/ptII/ptolemy/domains/continuous/test/auto/HysteresisWithRandomDelay.xml (RunModel)" time="0.247" />
  <testcase classname="ptolemy.util.test.junit.AutoTests" name="[63] /home/travis/build/icyphy/ptII/ptolemy/domains/continuous/test/auto/HysteresisWithRandomLosses.xml (RunModel)" time="2.717" />
  <testcase classname="ptolemy.util.test.junit.AutoTests" name="[64] /home/travis/build/icyphy/ptII/ptolemy/domains/continuous/test/auto/ImmediateTransitions.xml (RunModel)" time="0.033" />
  <testcase classname="ptolemy.util.test.junit.AutoTests" name="[65] /home/travis/build/icyphy/ptII/ptolemy/domains/continuous/test/auto/ImpulseFeedback.xml (RunModel)" time="0.031" />
  <testcase classname="ptolemy.util.test.junit.AutoTests" name="[66] /home/travis/build/icyphy/ptII/ptolemy/domains/continuous/test/auto/ImpulseFeedback2.xml (RunModel)" time="0.022" />
  <testcase classname="ptolemy.util.test.junit.AutoTests" name="[67] /home/travis/build/icyphy/ptII/ptolemy/domains/continuous/test/auto/IncreasingRatePoisson.xml (RunModel)" time="0.857" />
  <testcase classname="ptolemy.util.test.junit.AutoTests" name="[68] /home/travis/build/icyphy/ptII/ptolemy/domains/continuous/test/auto/InitialStateFeedback.xml (RunModel)" time="0.02" />
  <testcase classname="ptolemy.util.test.junit.AutoTests" name="[69] /home/travis/build/icyphy/ptII/ptolemy/domains/continuous/test/auto/Integration.xml (RunModel)" time="0.018" />
  <testcase classname="ptolemy.util.test.junit.AutoTests" name="[70] /home/travis/build/icyphy/ptII/ptolemy/domains/continuous/test/auto/Integration2.xml (RunModel)" time="0.118" />
  <testcase classname="ptolemy.util.test.junit.AutoTests" name="[71] /home/travis/build/icyphy/ptII/ptolemy/domains/continuous/test/auto/Integration3.xml (RunModel)" time="0.013" />
  <testcase classname="ptolemy.util.test.junit.AutoTests" name="[72] /home/travis/build/icyphy/ptII/ptolemy/domains/continuous/test/auto/Integration5.xml (RunModel)" time="0.022" />
  <testcase classname="ptolemy.util.test.junit.AutoTests" name="[73] /home/travis/build/icyphy/ptII/ptolemy/domains/continuous/test/auto/IntegratorImpulse.xml (RunModel)" time="0.012" />
  <testcase classname="ptolemy.util.test.junit.AutoTests" name="[74] /home/travis/build/icyphy/ptII/ptolemy/domains/continuous/test/auto/IntegratorImpulse2.xml (RunModel)" time="0.013" />
  <testcase classname="ptolemy.util.test.junit.AutoTests" name="[75] /home/travis/build/icyphy/ptII/ptolemy/domains/continuous/test/auto/LevelCrossing1.xml (RunModel)" time="0.022" />
  <testcase classname="ptolemy.util.test.junit.AutoTests" name="[76] /home/travis/build/icyphy/ptII/ptolemy/domains/continuous/test/auto/LevelCrossing2.xml (RunModel)" time="0.015" />
  <testcase classname="ptolemy.util.test.junit.AutoTests" name="[77] /home/travis/build/icyphy/ptII/ptolemy/domains/continuous/test/auto/LevelCrossing3.xml (RunModel)" time="0.028" />
  <testcase classname="ptolemy.util.test.junit.AutoTests" name="[78] /home/travis/build/icyphy/ptII/ptolemy/domains/continuous/test/auto/LevelCrossing4.xml (RunModel)" time="0.014" />
  <testcase classname="ptolemy.util.test.junit.AutoTests" name="[79] /home/travis/build/icyphy/ptII/ptolemy/domains/continuous/test/auto/LevelCrossing5.xml (RunModel)" time="0.013" />
  <testcase classname="ptolemy.util.test.junit.AutoTests" name="[80] /home/travis/build/icyphy/ptII/ptolemy/domains/continuous/test/auto/LevelCrossing6.xml (RunModel)" time="0.014" />
  <testcase classname="ptolemy.util.test.junit.AutoTests" name="[81] /home/travis/build/icyphy/ptII/ptolemy/domains/continuous/test/auto/LevelCrossingDetector.xml (RunModel)" time="0.044" />
  <testcase classname="ptolemy.util.test.junit.AutoTests" name="[82] /home/travis/build/icyphy/ptII/ptolemy/domains/continuous/test/auto/LevelCrossingDetectorDetectingDirections.xml (RunModel)" time="0.107" />
  <testcase classname="ptolemy.util.test.junit.AutoTests" name="[83] /home/travis/build/icyphy/ptII/ptolemy/domains/continuous/test/auto/LevelCrossingDetectorDetectsGlitches.xml (RunModel)" time="0.073" />
  <testcase classname="ptolemy.util.test.junit.AutoTests" name="[84] /home/travis/build/icyphy/ptII/ptolemy/domains/continuous/test/auto/LevelCrossingNoInitialOuput.xml (RunModel)" time="0.013" />
  <testcase classname="ptolemy.util.test.junit.AutoTests" name="[85] /home/travis/build/icyphy/ptII/ptolemy/domains/continuous/test/auto/LinearStateSpaceExample.xml (RunModel)" time="0.052" />
  <testcase classname="ptolemy.util.test.junit.AutoTests" name="[86] /home/travis/build/icyphy/ptII/ptolemy/domains/continuous/test/auto/Lorenz.xml (RunModel)" time="3.841" />
  <testcase classname="ptolemy.util.test.junit.AutoTests" name="[87] /home/travis/build/icyphy/ptII/ptolemy/domains/continuous/test/auto/LorenzDifferentialSystem.xml (RunModel)" time="1.016" />
  <testcase classname="ptolemy.util.test.junit.AutoTests" name="[88] /home/travis/build/icyphy/ptII/ptolemy/domains/continuous/test/auto/LorenzDifferentialSystemWithInput.xml (RunModel)" time="1.419" />
  <testcase classname="ptolemy.util.test.junit.AutoTests" name="[89] /home/travis/build/icyphy/ptII/ptolemy/domains/continuous/test/auto/LorenzDifferentialSystemWithTime.xml (RunModel)" time="0.756" />
  <testcase classname="ptolemy.util.test.junit.AutoTests" name="[90] /home/travis/build/icyphy/ptII/ptolemy/domains/continuous/test/auto/Microsteps.xml (RunModel)" time="0.021" />
  <testcase classname="ptolemy.util.test.junit.AutoTests" name="[91] /home/travis/build/icyphy/ptII/ptolemy/domains/continuous/test/auto/Modal1.xml (RunModel)" time="0.046" />
  <testcase classname="ptolemy.util.test.junit.AutoTests" name="[92] /home/travis/build/icyphy/ptII/ptolemy/domains/continuous/test/auto/Modal2.xml (RunModel)" time="0.06" />
  <testcase classname="ptolemy.util.test.junit.AutoTests" name="[93] /home/travis/build/icyphy/ptII/ptolemy/domains/continuous/test/auto/ModalTransitionGuardWithReset.xml (RunModel)" time="0.03" />
  <testcase classname="ptolemy.util.test.junit.AutoTests" name="[94] /home/travis/build/icyphy/ptII/ptolemy/domains/continuous/test/auto/ModalTransitionGuardWithResetUsingPreemptiveTransition.xml (RunModel)" time="0.026" />
  <testcase classname="ptolemy.util.test.junit.AutoTests" name="[95] /home/travis/build/icyphy/ptII/ptolemy/domains/continuous/test/auto/ModalTransitionGuardWithResetUsingPreemptiveTransition2.xml (RunModel)" time="0.036" />
  <testcase classname="ptolemy.util.test.junit.AutoTests" name="[96] /home/travis/build/icyphy/ptII/ptolemy/domains/continuous/test/auto/ModalTransitionGuardWithResetUsingPreemptiveTransition3.xml (RunModel)" time="0.034" />
  <testcase classname="ptolemy.util.test.junit.AutoTests" name="[97] /home/travis/build/icyphy/ptII/ptolemy/domains/continuous/test/auto/NewtonsCradle.xml (RunModel)" time="0.879" />
  <testcase classname="ptolemy.util.test.junit.AutoTests" name="[98] /home/travis/build/icyphy/ptII/ptolemy/domains/continuous/test/auto/NewtonsCradleAnimated.xml (RunModel)" time="1.228" />
  <testcase classname="ptolemy.util.test.junit.AutoTests" name="[99] /home/travis/build/icyphy/ptII/ptolemy/domains/continuous/test/auto/NewtonsCradleComplicated.xml (RunModel)" time="0.827" />
  <testcase classname="ptolemy.util.test.junit.AutoTests" name="[100] /home/travis/build/icyphy/ptII/ptolemy/domains/continuous/test/auto/NewtonsCradleNondeterministic.xml (RunModel)" time="0.65" />
  <testcase classname="ptolemy.util.test.junit.AutoTests" name="[101] /home/travis/build/icyphy/ptII/ptolemy/domains/continuous/test/auto/NewtonsCradlePerfectlyInelastic1.xml (RunModel)" time="1.147" />
  <testcase classname="ptolemy.util.test.junit.AutoTests" name="[102] /home/travis/build/icyphy/ptII/ptolemy/domains/continuous/test/auto/Noise.xml (RunModel)" time="0.207" />
  <testcase classname="ptolemy.util.test.junit.AutoTests" name="[103] /home/travis/build/icyphy/ptII/ptolemy/domains/continuous/test/auto/NoiseSpectrum.xml (RunModel)" time="0.793" />
  <testcase classname="ptolemy.util.test.junit.AutoTests" name="[104] /home/travis/build/icyphy/ptII/ptolemy/domains/continuous/test/auto/ParameterizedNewtonsCradleAnimated.xml (RunModel)" time="0.367" />
  <testcase classname="ptolemy.util.test.junit.AutoTests" name="[105] /home/travis/build/icyphy/ptII/ptolemy/domains/continuous/test/auto/ParameterizedNewtonsCradleAnimatedNondeterministic.xml (RunModel)" time="1.19" />
  <testcase classname="ptolemy.util.test.junit.AutoTests" name="[106] /home/travis/build/icyphy/ptII/ptolemy/domains/continuous/test/auto/Pendulum3D.xml (RunModel)" time="0.182" />
  <testcase classname="ptolemy.util.test.junit.AutoTests" name="[107] /home/travis/build/icyphy/ptII/ptolemy/domains/continuous/test/auto/PeriodicSampler.xml (RunModel)" time="0.01" />
  <testcase classname="ptolemy.util.test.junit.AutoTests" name="[108] /home/travis/build/icyphy/ptII/ptolemy/domains/continuous/test/auto/PeriodicSampler1.xml (RunModel)" time="0.044" />
  <testcase classname="ptolemy.util.test.junit.AutoTests" name="[109] /home/travis/build/icyphy/ptII/ptolemy/domains/continuous/test/auto/PeriodicSampler2.xml (RunModel)" time="0.07" />
  <testcase classname="ptolemy.util.test.junit.AutoTests" name="[110] /home/travis/build/icyphy/ptII/ptolemy/domains/continuous/test/auto/Poisson.xml (RunModel)" time="0.525" />
  <testcase classname="ptolemy.util.test.junit.AutoTests" name="[111] /home/travis/build/icyphy/ptII/ptolemy/domains/continuous/test/auto/PoissonClock.xml (RunModel)" time="0.011" />
  <testcase classname="ptolemy.util.test.junit.AutoTests" name="[112] /home/travis/build/icyphy/ptII/ptolemy/domains/continuous/test/auto/PoissonClock2.xml (RunModel)" time="0.013" />
  <testcase classname="ptolemy.util.test.junit.AutoTests" name="[113] /home/travis/build/icyphy/ptII/ptolemy/domains/continuous/test/auto/PortParameterHierarchy.xml (RunModel)" time="0.02" />
  <testcase classname="ptolemy.util.test.junit.AutoTests" name="[114] /home/travis/build/icyphy/ptII/ptolemy/domains/continuous/test/auto/RandomHybridPlant.xml (RunModel)" time="0.691" />
  <testcase classname="ptolemy.util.test.junit.AutoTests" name="[115] /home/travis/build/icyphy/ptII/ptolemy/domains/continuous/test/auto/ResetTransitionWithStartTime1.xml (RunModel)" time="0.028" />
  <testcase classname="ptolemy.util.test.junit.AutoTests" name="[116] /home/travis/build/icyphy/ptII/ptolemy/domains/continuous/test/auto/ResetTransitionWithStartTime2.xml (RunModel)" time="0.036" />
  <testcase classname="ptolemy.util.test.junit.AutoTests" name="[117] /home/travis/build/icyphy/ptII/ptolemy/domains/continuous/test/auto/ResetTransitionWithStartTime3.xml (RunModel)" time="0.045" />
  <testcase classname="ptolemy.util.test.junit.AutoTests" name="[118] /home/travis/build/icyphy/ptII/ptolemy/domains/continuous/test/auto/ResetTransitionWithStartTime4.xml (RunModel)" time="0.024" />
  <testcase classname="ptolemy.util.test.junit.AutoTests" name="[119] /home/travis/build/icyphy/ptII/ptolemy/domains/continuous/test/auto/ResetTransitionWithStartTime5.xml (RunModel)" time="0.036" />
  <testcase classname="ptolemy.util.test.junit.AutoTests" name="[120] /home/travis/build/icyphy/ptII/ptolemy/domains/continuous/test/auto/ResetTransitionWithStartTime6.xml (RunModel)" time="0.034" />
  <testcase classname="ptolemy.util.test.junit.AutoTests" name="[121] /home/travis/build/icyphy/ptII/ptolemy/domains/continuous/test/auto/SRinContinuous.xml (RunModel)" time="0.026" />
  <testcase classname="ptolemy.util.test.junit.AutoTests" name="[122] /home/travis/build/icyphy/ptII/ptolemy/domains/continuous/test/auto/SampledClocks.xml (RunModel)" time="0.021" />
  <testcase classname="ptolemy.util.test.junit.AutoTests" name="[123] /home/travis/build/icyphy/ptII/ptolemy/domains/continuous/test/auto/Satellite.xml (RunModel)" time="0.749" />
  <testcase classname="ptolemy.util.test.junit.AutoTests" name="[124] /home/travis/build/icyphy/ptII/ptolemy/domains/continuous/test/auto/SigmaDelta.xml (RunModel)" time="2.408" />
  <testcase classname="ptolemy.util.test.junit.AutoTests" name="[125] /home/travis/build/icyphy/ptII/ptolemy/domains/continuous/test/auto/SinuBouncingBall.xml (RunModel)" time="0.869" />
  <testcase classname="ptolemy.util.test.junit.AutoTests" name="[126] /home/travis/build/icyphy/ptII/ptolemy/domains/continuous/test/auto/Sinusoid.xml (RunModel)" time="0.013" />
  <testcase classname="ptolemy.util.test.junit.AutoTests" name="[127] /home/travis/build/icyphy/ptII/ptolemy/domains/continuous/test/auto/SinusoidInNoise.xml (RunModel)" time="1.029" />
  <testcase classname="ptolemy.util.test.junit.AutoTests" name="[128] /home/travis/build/icyphy/ptII/ptolemy/domains/continuous/test/auto/SinusoidRK45.xml (RunModel)" time="0.011" />
  <testcase classname="ptolemy.util.test.junit.AutoTests" name="[129] /home/travis/build/icyphy/ptII/ptolemy/domains/continuous/test/auto/SinusoidWithMultipleImpulses.xml (RunModel)" time="0.011" />
  <testcase classname="ptolemy.util.test.junit.AutoTests" name="[130] /home/travis/build/icyphy/ptII/ptolemy/domains/continuous/test/auto/SquareWave.xml (RunModel)" time="0.191" />
  <testcase classname="ptolemy.util.test.junit.AutoTests" name="[131] /home/travis/build/icyphy/ptII/ptolemy/domains/continuous/test/auto/Starmac.xml (RunModel)" time="3.536" />
  <testcase classname="ptolemy.util.test.junit.AutoTests" name="[132] /home/travis/build/icyphy/ptII/ptolemy/domains/continuous/test/auto/StaticUnits.xml (RunModel)" time="2.837" />
  <testcase classname="ptolemy.util.test.junit.AutoTests" name="[133] /home/travis/build/icyphy/ptII/ptolemy/domains/continuous/test/auto/StickyMasses.xml (RunModel)" time="0.214" />
  <testcase classname="ptolemy.util.test.junit.AutoTests" name="[134] /home/travis/build/icyphy/ptII/ptolemy/domains/continuous/test/auto/StopTime.xml (RunModel)" time="0.069" />
  <testcase classname="ptolemy.util.test.junit.AutoTests" name="[135] /home/travis/build/icyphy/ptII/ptolemy/domains/continuous/test/auto/StopTime2.xml (RunModel)" time="0.078" />
  <testcase classname="ptolemy.util.test.junit.AutoTests" name="[136] /home/travis/build/icyphy/ptII/ptolemy/domains/continuous/test/auto/Switch.xml (RunModel)" time="0.078" />
  <testcase classname="ptolemy.util.test.junit.AutoTests" name="[137] /home/travis/build/icyphy/ptII/ptolemy/domains/continuous/test/auto/Thermostat.xml (RunModel)" time="0.247" />
  <testcase classname="ptolemy.util.test.junit.AutoTests" name="[138] /home/travis/build/icyphy/ptII/ptolemy/domains/continuous/test/auto/TimeDelay.xml (RunModel)" time="0.021" />
  <testcase classname="ptolemy.util.test.junit.AutoTests" name="[139] /home/travis/build/icyphy/ptII/ptolemy/domains/continuous/test/auto/TimeDelay2.xml (RunModel)" time="0.017" />
  <testcase classname="ptolemy.util.test.junit.AutoTests" name="[140] /home/travis/build/icyphy/ptII/ptolemy/domains/continuous/test/auto/TimeDelay3.xml (RunModel)" time="0.015" />
  <testcase classname="ptolemy.util.test.junit.AutoTests" name="[141] /home/travis/build/icyphy/ptII/ptolemy/domains/continuous/test/auto/TransferAbsentToInside.xml (RunModel)" time="0.129" />
  <testcase classname="ptolemy.util.test.junit.AutoTests" name="[142] /home/travis/build/icyphy/ptII/ptolemy/domains/continuous/test/auto/Transmission.xml (RunModel)" time="0.849" />
  <testcase classname="ptolemy.util.test.junit.AutoTests" name="[143] /home/travis/build/icyphy/ptII/ptolemy/domains/continuous/test/auto/TriggeredContinuousClock.xml (RunModel)" time="0.082" />
  <testcase classname="ptolemy.util.test.junit.AutoTests" name="[144] /home/travis/build/icyphy/ptII/ptolemy/domains/continuous/test/auto/TwoMachineInfiniteBusControl.xml (RunModel)" time="2.474" />
  <testcase classname="ptolemy.util.test.junit.AutoTests" name="[145] /home/travis/build/icyphy/ptII/ptolemy/domains/continuous/test/auto/V2V.xml (RunModel)" time="0.743" />
  <testcase classname="ptolemy.util.test.junit.AutoTests" name="[146] /home/travis/build/icyphy/ptII/ptolemy/domains/continuous/test/auto/hierarchicalModalModel.xml (RunModel)" time="0.034" />
  <testcase classname="ptolemy.util.test.junit.AutoTests" name="[147] /home/travis/build/icyphy/ptII/ptolemy/domains/continuous/test/auto/hierarchicalModalModel1.xml (RunModel)" time="0.033" />
  <testcase classname="ptolemy.util.test.junit.AutoTests" name="[148] /home/travis/build/icyphy/ptII/ptolemy/domains/continuous/test/auto/hierarchicalModalModel2.xml (RunModel)" time="0.031" />
  <testcase classname="ptolemy.util.test.junit.AutoTests" name="[149] /home/travis/build/icyphy/ptII/ptolemy/domains/continuous/test/auto/hierarchicalModalModel3.xml (RunModel)" time="0.032" />
  <testcase classname="ptolemy.util.test.junit.AutoTests" name="[150] /home/travis/build/icyphy/ptII/ptolemy/domains/continuous/test/auto/hierarchicalModalModel4.xml (RunModel)" time="0.034" />
  <testcase classname="ptolemy.util.test.junit.AutoTests" name="[151] /home/travis/build/icyphy/ptII/ptolemy/domains/continuous/test/auto/junk.xml (RunModel)" time="0.168" />
  <system-out><![CDATA[No tcl tests in /home/travis/build/icyphy/ptII/ptolemy/domains/continuous/test
No auto/knownFailedTests/*.xml tests in /home/travis/build/icyphy/ptII/ptolemy/domains/continuous/test
No auto/linux-amd64/*.xml tests in /home/travis/build/icyphy/ptII/ptolemy/domains/continuous/test
AutoTests.java: About to close Vertx.
AutoTests.java: Vertx closed.

===========================================================================================
----------------- testing Thu Jun 14 22:50:04 UTC 2018 /home/travis/build/icyphy/ptII/ptolemy/domains/continuous/test/auto/BouncingBall.xml
----------------- Instantiating /home/travis/build/icyphy/ptII/ptolemy/domains/continuous/test/auto/BouncingBall.xml
2471 ms. Memory: 331776K Free: 254968K (77%)
----------------- Invoking toplevel() on ptolemy.moml.MoMLSimpleApplication@53a35458
----------------- Done invoking toplevel() on ptolemy.moml.MoMLSimpleApplication@53a35458
reloadAllAccessors: .BouncingBall

===========================================================================================
----------------- testing Thu Jun 14 22:50:07 UTC 2018 /home/travis/build/icyphy/ptII/ptolemy/domains/continuous/test/auto/BouncingBallWithoutGR.xml
----------------- Instantiating /home/travis/build/icyphy/ptII/ptolemy/domains/continuous/test/auto/BouncingBallWithoutGR.xml
820 ms. Memory: 331776K Free: 312830K (94%)
----------------- Invoking toplevel() on ptolemy.moml.MoMLSimpleApplication@78709049
----------------- Done invoking toplevel() on ptolemy.moml.MoMLSimpleApplication@78709049
reloadAllAccessors: .BouncingBallWithoutGR

===========================================================================================
----------------- testing Thu Jun 14 22:50:08 UTC 2018 /home/travis/build/icyphy/ptII/ptolemy/domains/continuous/test/auto/Brownian.xml
----------------- Instantiating /home/travis/build/icyphy/ptII/ptolemy/domains/continuous/test/auto/Brownian.xml
38 ms. Memory: 331776K Free: 298924K (90%)
----------------- Invoking toplevel() on ptolemy.moml.MoMLSimpleApplication@2d429f5a
----------------- Done invoking toplevel() on ptolemy.moml.MoMLSimpleApplication@2d429f5a
reloadAllAccessors: .Brownian

===========================================================================================
----------------- testing Thu Jun 14 22:50:08 UTC 2018 /home/travis/build/icyphy/ptII/ptolemy/domains/continuous/test/auto/CarTracking.xml
----------------- Instantiating /home/travis/build/icyphy/ptII/ptolemy/domains/continuous/test/auto/CarTracking.xml
3532 ms. Memory: 578048K Free: 448155K (78%)
----------------- Invoking toplevel() on ptolemy.moml.MoMLSimpleApplication@6255d086
----------------- Done invoking toplevel() on ptolemy.moml.MoMLSimpleApplication@6255d086
reloadAllAccessors: .CarTracking

===========================================================================================
----------------- testing Thu Jun 14 22:50:12 UTC 2018 /home/travis/build/icyphy/ptII/ptolemy/domains/continuous/test/auto/CartPendulum.xml
----------------- Instantiating /home/travis/build/icyphy/ptII/ptolemy/domains/continuous/test/auto/CartPendulum.xml
357 ms. Memory: 578048K Free: 340329K (59%)
----------------- Invoking toplevel() on ptolemy.moml.MoMLSimpleApplication@67486c58
----------------- Done invoking toplevel() on ptolemy.moml.MoMLSimpleApplication@67486c58
reloadAllAccessors: .CartPendulum

===========================================================================================
----------------- testing Thu Jun 14 22:50:12 UTC 2018 /home/travis/build/icyphy/ptII/ptolemy/domains/continuous/test/auto/CausalityInterface10.xml
----------------- Instantiating /home/travis/build/icyphy/ptII/ptolemy/domains/continuous/test/auto/CausalityInterface10.xml
7 ms. Memory: 578048K Free: 327220K (57%)
----------------- Invoking toplevel() on ptolemy.moml.MoMLSimpleApplication@70940ee4
----------------- Done invoking toplevel() on ptolemy.moml.MoMLSimpleApplication@70940ee4
reloadAllAccessors: .CausalityInterface10

===========================================================================================
----------------- testing Thu Jun 14 22:50:12 UTC 2018 /home/travis/build/icyphy/ptII/ptolemy/domains/continuous/test/auto/CausalityInterface11.xml
----------------- Instantiating /home/travis/build/icyphy/ptII/ptolemy/domains/continuous/test/auto/CausalityInterface11.xml
4 ms. Memory: 578048K Free: 317391K (55%)
----------------- Invoking toplevel() on ptolemy.moml.MoMLSimpleApplication@740e527
----------------- Done invoking toplevel() on ptolemy.moml.MoMLSimpleApplication@740e527
reloadAllAccessors: .CausalityInterface11

===========================================================================================
----------------- testing Thu Jun 14 22:50:12 UTC 2018 /home/travis/build/icyphy/ptII/ptolemy/domains/continuous/test/auto/CausalityInterface12.xml
----------------- Instantiating /home/travis/build/icyphy/ptII/ptolemy/domains/continuous/test/auto/CausalityInterface12.xml
4 ms. Memory: 578048K Free: 307571K (53%)
----------------- Invoking toplevel() on ptolemy.moml.MoMLSimpleApplication@415db88b
----------------- Done invoking toplevel() on ptolemy.moml.MoMLSimpleApplication@415db88b
reloadAllAccessors: .CausalityInterface12

===========================================================================================
----------------- testing Thu Jun 14 22:50:12 UTC 2018 /home/travis/build/icyphy/ptII/ptolemy/domains/continuous/test/auto/CausalityInterface13.xml
----------------- Instantiating /home/travis/build/icyphy/ptII/ptolemy/domains/continuous/test/auto/CausalityInterface13.xml
8 ms. Memory: 578048K Free: 294583K (51%)
----------------- Invoking toplevel() on ptolemy.moml.MoMLSimpleApplication@6c7d7096
----------------- Done invoking toplevel() on ptolemy.moml.MoMLSimpleApplication@6c7d7096
reloadAllAccessors: .CausalityInterface13

===========================================================================================
----------------- testing Thu Jun 14 22:50:12 UTC 2018 /home/travis/build/icyphy/ptII/ptolemy/domains/continuous/test/auto/CausalityInterface14.xml
----------------- Instantiating /home/travis/build/icyphy/ptII/ptolemy/domains/continuous/test/auto/CausalityInterface14.xml
3 ms. Memory: 578048K Free: 284755K (49%)
----------------- Invoking toplevel() on ptolemy.moml.MoMLSimpleApplication@2a2782bc
----------------- Done invoking toplevel() on ptolemy.moml.MoMLSimpleApplication@2a2782bc
reloadAllAccessors: .CausalityInterface14

===========================================================================================
----------------- testing Thu Jun 14 22:50:12 UTC 2018 /home/travis/build/icyphy/ptII/ptolemy/domains/continuous/test/auto/CausalityInterface4.xml
----------------- Instantiating /home/travis/build/icyphy/ptII/ptolemy/domains/continuous/test/auto/CausalityInterface4.xml
4 ms. Memory: 578048K Free: 274919K (48%)
----------------- Invoking toplevel() on ptolemy.moml.MoMLSimpleApplication@18ed0e70
----------------- Done invoking toplevel() on ptolemy.moml.MoMLSimpleApplication@18ed0e70
reloadAllAccessors: .CausalityInterface4

===========================================================================================
----------------- testing Thu Jun 14 22:50:12 UTC 2018 /home/travis/build/icyphy/ptII/ptolemy/domains/continuous/test/auto/CausalityInterface5.xml
----------------- Instantiating /home/travis/build/icyphy/ptII/ptolemy/domains/continuous/test/auto/CausalityInterface5.xml
4 ms. Memory: 578048K Free: 261809K (45%)
----------------- Invoking toplevel() on ptolemy.moml.MoMLSimpleApplication@315ea862
----------------- Done invoking toplevel() on ptolemy.moml.MoMLSimpleApplication@315ea862
reloadAllAccessors: .CausalityInterface5

===========================================================================================
----------------- testing Thu Jun 14 22:50:12 UTC 2018 /home/travis/build/icyphy/ptII/ptolemy/domains/continuous/test/auto/CausalityInterface6.xml
----------------- Instantiating /home/travis/build/icyphy/ptII/ptolemy/domains/continuous/test/auto/CausalityInterface6.xml
7 ms. Memory: 578048K Free: 248813K (43%)
----------------- Invoking toplevel() on ptolemy.moml.MoMLSimpleApplication@1745fb0
----------------- Done invoking toplevel() on ptolemy.moml.MoMLSimpleApplication@1745fb0
reloadAllAccessors: .CausalityInterface6

===========================================================================================
----------------- testing Thu Jun 14 22:50:12 UTC 2018 /home/travis/build/icyphy/ptII/ptolemy/domains/continuous/test/auto/CausalityInterface7.xml
----------------- Instantiating /home/travis/build/icyphy/ptII/ptolemy/domains/continuous/test/auto/CausalityInterface7.xml
13 ms. Memory: 578048K Free: 235703K (41%)
----------------- Invoking toplevel() on ptolemy.moml.MoMLSimpleApplication@2c3d04c8
----------------- Done invoking toplevel() on ptolemy.moml.MoMLSimpleApplication@2c3d04c8
reloadAllAccessors: .CausalityInterface7

===========================================================================================
----------------- testing Thu Jun 14 22:50:12 UTC 2018 /home/travis/build/icyphy/ptII/ptolemy/domains/continuous/test/auto/CausalityInterface8.xml
----------------- Instantiating /home/travis/build/icyphy/ptII/ptolemy/domains/continuous/test/auto/CausalityInterface8.xml
7 ms. Memory: 578048K Free: 222594K (39%)
----------------- Invoking toplevel() on ptolemy.moml.MoMLSimpleApplication@edb8f9d
----------------- Done invoking toplevel() on ptolemy.moml.MoMLSimpleApplication@edb8f9d
reloadAllAccessors: .CausalityInterface8

===========================================================================================
----------------- testing Thu Jun 14 22:50:12 UTC 2018 /home/travis/build/icyphy/ptII/ptolemy/domains/continuous/test/auto/CausalityInterface9.xml
----------------- Instantiating /home/travis/build/icyphy/ptII/ptolemy/domains/continuous/test/auto/CausalityInterface9.xml
8 ms. Memory: 578048K Free: 206194K (36%)
----------------- Invoking toplevel() on ptolemy.moml.MoMLSimpleApplication@3bab9fee
----------------- Done invoking toplevel() on ptolemy.moml.MoMLSimpleApplication@3bab9fee
reloadAllAccessors: .CausalityInterface9

===========================================================================================
----------------- testing Thu Jun 14 22:50:12 UTC 2018 /home/travis/build/icyphy/ptII/ptolemy/domains/continuous/test/auto/CausalityInterfaceFeedback1.xml
----------------- Instantiating /home/travis/build/icyphy/ptII/ptolemy/domains/continuous/test/auto/CausalityInterfaceFeedback1.xml
7 ms. Memory: 578048K Free: 193206K (33%)
----------------- Invoking toplevel() on ptolemy.moml.MoMLSimpleApplication@22e7c7a0
----------------- Done invoking toplevel() on ptolemy.moml.MoMLSimpleApplication@22e7c7a0
reloadAllAccessors: .CausalityInterfaceFeedback1

===========================================================================================
----------------- testing Thu Jun 14 22:50:13 UTC 2018 /home/travis/build/icyphy/ptII/ptolemy/domains/continuous/test/auto/CausalityInterfaceFeedback2.xml
----------------- Instantiating /home/travis/build/icyphy/ptII/ptolemy/domains/continuous/test/auto/CausalityInterfaceFeedback2.xml
3 ms. Memory: 578048K Free: 183378K (32%)
----------------- Invoking toplevel() on ptolemy.moml.MoMLSimpleApplication@4b7fdf78
----------------- Done invoking toplevel() on ptolemy.moml.MoMLSimpleApplication@4b7fdf78
reloadAllAccessors: .CausalityInterfaceFeedback2

===========================================================================================
----------------- testing Thu Jun 14 22:50:13 UTC 2018 /home/travis/build/icyphy/ptII/ptolemy/domains/continuous/test/auto/CompareWithCurrentTime.xml
----------------- Instantiating /home/travis/build/icyphy/ptII/ptolemy/domains/continuous/test/auto/CompareWithCurrentTime.xml
3 ms. Memory: 578048K Free: 176831K (31%)
----------------- Invoking toplevel() on ptolemy.moml.MoMLSimpleApplication@2b41cff2
----------------- Done invoking toplevel() on ptolemy.moml.MoMLSimpleApplication@2b41cff2
reloadAllAccessors: .CompareWithCurrentTime

===========================================================================================
----------------- testing Thu Jun 14 22:50:13 UTC 2018 /home/travis/build/icyphy/ptII/ptolemy/domains/continuous/test/auto/ComparedClocks.xml
----------------- Instantiating /home/travis/build/icyphy/ptII/ptolemy/domains/continuous/test/auto/ComparedClocks.xml
13 ms. Memory: 578048K Free: 157175K (27%)
----------------- Invoking toplevel() on ptolemy.moml.MoMLSimpleApplication@50d90adb
----------------- Done invoking toplevel() on ptolemy.moml.MoMLSimpleApplication@50d90adb
reloadAllAccessors: .ComparedClocks

===========================================================================================
----------------- testing Thu Jun 14 22:50:13 UTC 2018 /home/travis/build/icyphy/ptII/ptolemy/domains/continuous/test/auto/ContinuousAOCClone.xml
----------------- Instantiating /home/travis/build/icyphy/ptII/ptolemy/domains/continuous/test/auto/ContinuousAOCClone.xml
2351 ms. Memory: 872448K Free: 404871K (46%)
----------------- Invoking toplevel() on ptolemy.moml.MoMLSimpleApplication@3861d128
----------------- Done invoking toplevel() on ptolemy.moml.MoMLSimpleApplication@3861d128
reloadAllAccessors: .ContinuousAOCClone

===========================================================================================
----------------- testing Thu Jun 14 22:50:15 UTC 2018 /home/travis/build/icyphy/ptII/ptolemy/domains/continuous/test/auto/ContinuousClock.xml
----------------- Instantiating /home/travis/build/icyphy/ptII/ptolemy/domains/continuous/test/auto/ContinuousClock.xml
30 ms. Memory: 872448K Free: 371670K (43%)
----------------- Invoking toplevel() on ptolemy.moml.MoMLSimpleApplication@23e6740e
----------------- Done invoking toplevel() on ptolemy.moml.MoMLSimpleApplication@23e6740e
reloadAllAccessors: .ContinuousClock

===========================================================================================
----------------- testing Thu Jun 14 22:50:15 UTC 2018 /home/travis/build/icyphy/ptII/ptolemy/domains/continuous/test/auto/ContinuousInContinuous.xml
----------------- Instantiating /home/travis/build/icyphy/ptII/ptolemy/domains/continuous/test/auto/ContinuousInContinuous.xml
56 ms. Memory: 872448K Free: 340206K (39%)
----------------- Invoking toplevel() on ptolemy.moml.MoMLSimpleApplication@50a964ea
----------------- Done invoking toplevel() on ptolemy.moml.MoMLSimpleApplication@50a964ea
reloadAllAccessors: .ContinuousInContinuous

===========================================================================================
----------------- testing Thu Jun 14 22:50:15 UTC 2018 /home/travis/build/icyphy/ptII/ptolemy/domains/continuous/test/auto/ContinuousInContinuousInContinuous.xml
----------------- Instantiating /home/travis/build/icyphy/ptII/ptolemy/domains/continuous/test/auto/ContinuousInContinuousInContinuous.xml
10 ms. Memory: 872448K Free: 324481K (37%)
----------------- Invoking toplevel() on ptolemy.moml.MoMLSimpleApplication@43aae70b
----------------- Done invoking toplevel() on ptolemy.moml.MoMLSimpleApplication@43aae70b
reloadAllAccessors: .ContinuousInContinuousInContinuous

===========================================================================================
----------------- testing Thu Jun 14 22:50:16 UTC 2018 /home/travis/build/icyphy/ptII/ptolemy/domains/continuous/test/auto/ContinuousInDE.xml
----------------- Instantiating /home/travis/build/icyphy/ptII/ptolemy/domains/continuous/test/auto/ContinuousInDE.xml
147 ms. Memory: 872448K Free: 308773K (35%)
----------------- Invoking toplevel() on ptolemy.moml.MoMLSimpleApplication@1695bab9
----------------- Done invoking toplevel() on ptolemy.moml.MoMLSimpleApplication@1695bab9
reloadAllAccessors: .ContinuousInDE

===========================================================================================
----------------- testing Thu Jun 14 22:50:16 UTC 2018 /home/travis/build/icyphy/ptII/ptolemy/domains/continuous/test/auto/ContinuousInDE2.xml
----------------- Instantiating /home/travis/build/icyphy/ptII/ptolemy/domains/continuous/test/auto/ContinuousInDE2.xml
48 ms. Memory: 872448K Free: 289638K (33%)
----------------- Invoking toplevel() on ptolemy.moml.MoMLSimpleApplication@63fbc021
----------------- Done invoking toplevel() on ptolemy.moml.MoMLSimpleApplication@63fbc021
reloadAllAccessors: .ContinuousInDE2

===========================================================================================
----------------- testing Thu Jun 14 22:50:16 UTC 2018 /home/travis/build/icyphy/ptII/ptolemy/domains/continuous/test/auto/ContinuousInDE3.xml
----------------- Instantiating /home/travis/build/icyphy/ptII/ptolemy/domains/continuous/test/auto/ContinuousInDE3.xml
49 ms. Memory: 872448K Free: 273930K (31%)
----------------- Invoking toplevel() on ptolemy.moml.MoMLSimpleApplication@785584c5
----------------- Done invoking toplevel() on ptolemy.moml.MoMLSimpleApplication@785584c5
reloadAllAccessors: .ContinuousInDE3

===========================================================================================
----------------- testing Thu Jun 14 22:50:16 UTC 2018 /home/travis/build/icyphy/ptII/ptolemy/domains/continuous/test/auto/ContinuousInDE4.xml
----------------- Instantiating /home/travis/build/icyphy/ptII/ptolemy/domains/continuous/test/auto/ContinuousInDE4.xml
20 ms. Memory: 872448K Free: 263457K (30%)
----------------- Invoking toplevel() on ptolemy.moml.MoMLSimpleApplication@16139fbc
----------------- Done invoking toplevel() on ptolemy.moml.MoMLSimpleApplication@16139fbc
reloadAllAccessors: .ContinuousInDE4

===========================================================================================
----------------- testing Thu Jun 14 22:50:16 UTC 2018 /home/travis/build/icyphy/ptII/ptolemy/domains/continuous/test/auto/ContinuousInDEDifferentRefinements.xml
----------------- Instantiating /home/travis/build/icyphy/ptII/ptolemy/domains/continuous/test/auto/ContinuousInDEDifferentRefinements.xml
65 ms. Memory: 872448K Free: 226749K (26%)
----------------- Invoking toplevel() on ptolemy.moml.MoMLSimpleApplication@214b02c5
----------------- Done invoking toplevel() on ptolemy.moml.MoMLSimpleApplication@214b02c5
reloadAllAccessors: .ContinuousInDEDifferentRefinements

===========================================================================================
----------------- testing Thu Jun 14 22:50:16 UTC 2018 /home/travis/build/icyphy/ptII/ptolemy/domains/continuous/test/auto/ContinuousInDEDifferentRefinementsPreemptive.xml
----------------- Instantiating /home/travis/build/icyphy/ptII/ptolemy/domains/continuous/test/auto/ContinuousInDEDifferentRefinementsPreemptive.xml
62 ms. Memory: 872448K Free: 186630K (21%)
----------------- Invoking toplevel() on ptolemy.moml.MoMLSimpleApplication@77fc25ac
----------------- Done invoking toplevel() on ptolemy.moml.MoMLSimpleApplication@77fc25ac
reloadAllAccessors: .ContinuousInDEDifferentRefinementsPreemptive

===========================================================================================
----------------- testing Thu Jun 14 22:50:16 UTC 2018 /home/travis/build/icyphy/ptII/ptolemy/domains/continuous/test/auto/ContinuousInDEInContinuous2.xml
----------------- Instantiating /home/travis/build/icyphy/ptII/ptolemy/domains/continuous/test/auto/ContinuousInDEInContinuous2.xml
46 ms. Memory: 872448K Free: 170905K (20%)
----------------- Invoking toplevel() on ptolemy.moml.MoMLSimpleApplication@330e4594
----------------- Done invoking toplevel() on ptolemy.moml.MoMLSimpleApplication@330e4594
reloadAllAccessors: .ContinuousInDEInContinuous2

===========================================================================================
----------------- testing Thu Jun 14 22:50:16 UTC 2018 /home/travis/build/icyphy/ptII/ptolemy/domains/continuous/test/auto/ContinuousInDEInContinuous3.xml
----------------- Instantiating /home/travis/build/icyphy/ptII/ptolemy/domains/continuous/test/auto/ContinuousInDEInContinuous3.xml
64 ms. Memory: 872448K Free: 149961K (17%)
----------------- Invoking toplevel() on ptolemy.moml.MoMLSimpleApplication@1fdf9582
----------------- Done invoking toplevel() on ptolemy.moml.MoMLSimpleApplication@1fdf9582
reloadAllAccessors: .ContinuousInDEInContinuous3

===========================================================================================
----------------- testing Thu Jun 14 22:50:16 UTC 2018 /home/travis/build/icyphy/ptII/ptolemy/domains/continuous/test/auto/ContinuousInDEInput.xml
----------------- Instantiating /home/travis/build/icyphy/ptII/ptolemy/domains/continuous/test/auto/ContinuousInDEInput.xml
19 ms. Memory: 872448K Free: 139489K (16%)
----------------- Invoking toplevel() on ptolemy.moml.MoMLSimpleApplication@6a158712
----------------- Done invoking toplevel() on ptolemy.moml.MoMLSimpleApplication@6a158712
reloadAllAccessors: .ContinuousInDEInput

===========================================================================================
----------------- testing Thu Jun 14 22:50:16 UTC 2018 /home/travis/build/icyphy/ptII/ptolemy/domains/continuous/test/auto/ContinuousInDEInput2.xml
----------------- Instantiating /home/travis/build/icyphy/ptII/ptolemy/domains/continuous/test/auto/ContinuousInDEInput2.xml
19 ms. Memory: 872448K Free: 125589K (14%)
----------------- Invoking toplevel() on ptolemy.moml.MoMLSimpleApplication@6fc8d47a
----------------- Done invoking toplevel() on ptolemy.moml.MoMLSimpleApplication@6fc8d47a
reloadAllAccessors: .ContinuousInDEInput2

===========================================================================================
----------------- testing Thu Jun 14 22:50:16 UTC 2018 /home/travis/build/icyphy/ptII/ptolemy/domains/continuous/test/auto/ContinuousInDEInput3.xml
----------------- Instantiating /home/travis/build/icyphy/ptII/ptolemy/domains/continuous/test/auto/ContinuousInDEInput3.xml
18 ms. Memory: 872448K Free: 115117K (13%)
----------------- Invoking toplevel() on ptolemy.moml.MoMLSimpleApplication@2e141ee
----------------- Done invoking toplevel() on ptolemy.moml.MoMLSimpleApplication@2e141ee
reloadAllAccessors: .ContinuousInDEInput3

===========================================================================================
----------------- testing Thu Jun 14 22:50:16 UTC 2018 /home/travis/build/icyphy/ptII/ptolemy/domains/continuous/test/auto/ContinuousInDESharingRefinement.xml
----------------- Instantiating /home/travis/build/icyphy/ptII/ptolemy/domains/continuous/test/auto/ContinuousInDESharingRefinement.xml
191 ms. Memory: 829440K Free: 758104K (91%)
----------------- Invoking toplevel() on ptolemy.moml.MoMLSimpleApplication@6342171a
----------------- Done invoking toplevel() on ptolemy.moml.MoMLSimpleApplication@6342171a
reloadAllAccessors: .ContinuousInDESharingRefinement

===========================================================================================
----------------- testing Thu Jun 14 22:50:17 UTC 2018 /home/travis/build/icyphy/ptII/ptolemy/domains/continuous/test/auto/ContinuousInDEwithNoPorts.xml
----------------- Instantiating /home/travis/build/icyphy/ptII/ptolemy/domains/continuous/test/auto/ContinuousInDEwithNoPorts.xml
6 ms. Memory: 829440K Free: 745887K (90%)
----------------- Invoking toplevel() on ptolemy.moml.MoMLSimpleApplication@2bf72a45
----------------- Done invoking toplevel() on ptolemy.moml.MoMLSimpleApplication@2bf72a45
reloadAllAccessors: .ContinuousInDEwithNoPorts

===========================================================================================
----------------- testing Thu Jun 14 22:50:17 UTC 2018 /home/travis/build/icyphy/ptII/ptolemy/domains/continuous/test/auto/ContinuousInsideDE.xml
----------------- Instantiating /home/travis/build/icyphy/ptII/ptolemy/domains/continuous/test/auto/ContinuousInsideDE.xml
57 ms. Memory: 829440K Free: 727186K (88%)
----------------- Invoking toplevel() on ptolemy.moml.MoMLSimpleApplication@4e03b79e
----------------- Done invoking toplevel() on ptolemy.moml.MoMLSimpleApplication@4e03b79e
reloadAllAccessors: .ContinuousInsideDE

===========================================================================================
----------------- testing Thu Jun 14 22:50:17 UTC 2018 /home/travis/build/icyphy/ptII/ptolemy/domains/continuous/test/auto/ContinuousMerge1.xml
----------------- Instantiating /home/travis/build/icyphy/ptII/ptolemy/domains/continuous/test/auto/ContinuousMerge1.xml
3 ms. Memory: 829440K Free: 717512K (87%)
----------------- Invoking toplevel() on ptolemy.moml.MoMLSimpleApplication@7a56c1f
----------------- Done invoking toplevel() on ptolemy.moml.MoMLSimpleApplication@7a56c1f
reloadAllAccessors: .ContinuousMerge1

===========================================================================================
----------------- testing Thu Jun 14 22:50:17 UTC 2018 /home/travis/build/icyphy/ptII/ptolemy/domains/continuous/test/auto/ContinuousMerge2.xml
----------------- Instantiating /home/travis/build/icyphy/ptII/ptolemy/domains/continuous/test/auto/ContinuousMerge2.xml
16 ms. Memory: 829440K Free: 702364K (85%)
----------------- Invoking toplevel() on ptolemy.moml.MoMLSimpleApplication@206fab70
----------------- Done invoking toplevel() on ptolemy.moml.MoMLSimpleApplication@206fab70
reloadAllAccessors: .ContinuousMerge2

===========================================================================================
----------------- testing Thu Jun 14 22:50:17 UTC 2018 /home/travis/build/icyphy/ptII/ptolemy/domains/continuous/test/auto/ContinuousMerge3.xml
----------------- Instantiating /home/travis/build/icyphy/ptII/ptolemy/domains/continuous/test/auto/ContinuousMerge3.xml
56 ms. Memory: 829440K Free: 687387K (83%)
----------------- Invoking toplevel() on ptolemy.moml.MoMLSimpleApplication@691efcac
----------------- Done invoking toplevel() on ptolemy.moml.MoMLSimpleApplication@691efcac
reloadAllAccessors: .ContinuousMerge3

===========================================================================================
----------------- testing Thu Jun 14 22:50:17 UTC 2018 /home/travis/build/icyphy/ptII/ptolemy/domains/continuous/test/auto/ContinuousWithinContinuous.xml
----------------- Instantiating /home/travis/build/icyphy/ptII/ptolemy/domains/continuous/test/auto/ContinuousWithinContinuous.xml
46 ms. Memory: 829440K Free: 670225K (81%)
----------------- Invoking toplevel() on ptolemy.moml.MoMLSimpleApplication@61ce66d5
----------------- Done invoking toplevel() on ptolemy.moml.MoMLSimpleApplication@61ce66d5
reloadAllAccessors: .ContinuousWithinContinuous

===========================================================================================
----------------- testing Thu Jun 14 22:50:17 UTC 2018 /home/travis/build/icyphy/ptII/ptolemy/domains/continuous/test/auto/ContinuousWithinContinuous2.xml
----------------- Instantiating /home/travis/build/icyphy/ptII/ptolemy/domains/continuous/test/auto/ContinuousWithinContinuous2.xml
81 ms. Memory: 829440K Free: 655265K (79%)
----------------- Invoking toplevel() on ptolemy.moml.MoMLSimpleApplication@427eb42
----------------- Done invoking toplevel() on ptolemy.moml.MoMLSimpleApplication@427eb42
reloadAllAccessors: .ContinuousWithinContinuous2

===========================================================================================
----------------- testing Thu Jun 14 22:50:17 UTC 2018 /home/travis/build/icyphy/ptII/ptolemy/domains/continuous/test/auto/ContinuousWithinContinuous3.xml
----------------- Instantiating /home/travis/build/icyphy/ptII/ptolemy/domains/continuous/test/auto/ContinuousWithinContinuous3.xml
19 ms. Memory: 829440K Free: 644043K (78%)
----------------- Invoking toplevel() on ptolemy.moml.MoMLSimpleApplication@502349d1
----------------- Done invoking toplevel() on ptolemy.moml.MoMLSimpleApplication@502349d1
reloadAllAccessors: .ContinuousWithinContinuous3

===========================================================================================
----------------- testing Thu Jun 14 22:50:17 UTC 2018 /home/travis/build/icyphy/ptII/ptolemy/domains/continuous/test/auto/ContinuousWithinContinuous4.xml
----------------- Instantiating /home/travis/build/icyphy/ptII/ptolemy/domains/continuous/test/auto/ContinuousWithinContinuous4.xml
80 ms. Memory: 829440K Free: 623133K (75%)
----------------- Invoking toplevel() on ptolemy.moml.MoMLSimpleApplication@7c7a4394
----------------- Done invoking toplevel() on ptolemy.moml.MoMLSimpleApplication@7c7a4394
reloadAllAccessors: .ContinuousWithinContinuous4

===========================================================================================
----------------- testing Thu Jun 14 22:50:17 UTC 2018 /home/travis/build/icyphy/ptII/ptolemy/domains/continuous/test/auto/ContinuousWithinContinuous5.xml
----------------- Instantiating /home/travis/build/icyphy/ptII/ptolemy/domains/continuous/test/auto/ContinuousWithinContinuous5.xml
14 ms. Memory: 829440K Free: 611896K (74%)
----------------- Invoking toplevel() on ptolemy.moml.MoMLSimpleApplication@6afa03b4
----------------- Done invoking toplevel() on ptolemy.moml.MoMLSimpleApplication@6afa03b4
reloadAllAccessors: .ContinuousWithinContinuous5

===========================================================================================
----------------- testing Thu Jun 14 22:50:17 UTC 2018 /home/travis/build/icyphy/ptII/ptolemy/domains/continuous/test/auto/ContinuousWithinContinuous6.xml
----------------- Instantiating /home/travis/build/icyphy/ptII/ptolemy/domains/continuous/test/auto/ContinuousWithinContinuous6.xml
14 ms. Memory: 829440K Free: 598466K (72%)
----------------- Invoking toplevel() on ptolemy.moml.MoMLSimpleApplication@71bf1828
----------------- Done invoking toplevel() on ptolemy.moml.MoMLSimpleApplication@71bf1828
reloadAllAccessors: .ContinuousWithinContinuous6

===========================================================================================
----------------- testing Thu Jun 14 22:50:17 UTC 2018 /home/travis/build/icyphy/ptII/ptolemy/domains/continuous/test/auto/ContinuousWithinContinuous7.xml
----------------- Instantiating /home/travis/build/icyphy/ptII/ptolemy/domains/continuous/test/auto/ContinuousWithinContinuous7.xml
74 ms. Memory: 829440K Free: 583506K (70%)
----------------- Invoking toplevel() on ptolemy.moml.MoMLSimpleApplication@15fb278b
----------------- Done invoking toplevel() on ptolemy.moml.MoMLSimpleApplication@15fb278b
reloadAllAccessors: .ContinuousWithinContinuous7

===========================================================================================
----------------- testing Thu Jun 14 22:50:17 UTC 2018 /home/travis/build/icyphy/ptII/ptolemy/domains/continuous/test/auto/DCMotor.xml
----------------- Instantiating /home/travis/build/icyphy/ptII/ptolemy/domains/continuous/test/auto/DCMotor.xml
12927 ms. Memory: 667648K Free: 548457K (82%)
----------------- Invoking toplevel() on ptolemy.moml.MoMLSimpleApplication@42ab8021
----------------- Done invoking toplevel() on ptolemy.moml.MoMLSimpleApplication@42ab8021
reloadAllAccessors: .DCMotor

===========================================================================================
----------------- testing Thu Jun 14 22:50:30 UTC 2018 /home/travis/build/icyphy/ptII/ptolemy/domains/continuous/test/auto/DEInContinuous.xml
----------------- Instantiating /home/travis/build/icyphy/ptII/ptolemy/domains/continuous/test/auto/DEInContinuous.xml
13 ms. Memory: 667648K Free: 533858K (80%)
----------------- Invoking toplevel() on ptolemy.moml.MoMLSimpleApplication@305777de
----------------- Done invoking toplevel() on ptolemy.moml.MoMLSimpleApplication@305777de
reloadAllAccessors: .DEInContinuous

===========================================================================================
----------------- testing Thu Jun 14 22:50:30 UTC 2018 /home/travis/build/icyphy/ptII/ptolemy/domains/continuous/test/auto/DEinContinuous2.xml
----------------- Instantiating /home/travis/build/icyphy/ptII/ptolemy/domains/continuous/test/auto/DEinContinuous2.xml
8 ms. Memory: 667648K Free: 515080K (77%)
----------------- Invoking toplevel() on ptolemy.moml.MoMLSimpleApplication@7848ac74
----------------- Done invoking toplevel() on ptolemy.moml.MoMLSimpleApplication@7848ac74
reloadAllAccessors: .DEinContinuous2

===========================================================================================
----------------- testing Thu Jun 14 22:50:31 UTC 2018 /home/travis/build/icyphy/ptII/ptolemy/domains/continuous/test/auto/Derivative.xml
----------------- Instantiating /home/travis/build/icyphy/ptII/ptolemy/domains/continuous/test/auto/Derivative.xml
162 ms. Memory: 667648K Free: 472809K (71%)
----------------- Invoking toplevel() on ptolemy.moml.MoMLSimpleApplication@5cd4fe8
----------------- Done invoking toplevel() on ptolemy.moml.MoMLSimpleApplication@5cd4fe8
reloadAllAccessors: .Derivative2

===========================================================================================
----------------- testing Thu Jun 14 22:50:31 UTC 2018 /home/travis/build/icyphy/ptII/ptolemy/domains/continuous/test/auto/Derivative1.xml
----------------- Instantiating /home/travis/build/icyphy/ptII/ptolemy/domains/continuous/test/auto/Derivative1.xml
28 ms. Memory: 667648K Free: 455222K (68%)
----------------- Invoking toplevel() on ptolemy.moml.MoMLSimpleApplication@b8c7ffd
----------------- Done invoking toplevel() on ptolemy.moml.MoMLSimpleApplication@b8c7ffd
reloadAllAccessors: .Derivative1

===========================================================================================
----------------- testing Thu Jun 14 22:50:31 UTC 2018 /home/travis/build/icyphy/ptII/ptolemy/domains/continuous/test/auto/DiscreteClock.xml
----------------- Instantiating /home/travis/build/icyphy/ptII/ptolemy/domains/continuous/test/auto/DiscreteClock.xml
6 ms. Memory: 667648K Free: 442322K (66%)
----------------- Invoking toplevel() on ptolemy.moml.MoMLSimpleApplication@4a60d32f
----------------- Done invoking toplevel() on ptolemy.moml.MoMLSimpleApplication@4a60d32f
reloadAllAccessors: .DiscreteClock

===========================================================================================
----------------- testing Thu Jun 14 22:50:31 UTC 2018 /home/travis/build/icyphy/ptII/ptolemy/domains/continuous/test/auto/EfficiencyCurve.xml
----------------- Instantiating /home/travis/build/icyphy/ptII/ptolemy/domains/continuous/test/auto/EfficiencyCurve.xml
86 ms. Memory: 667648K Free: 429423K (64%)
----------------- Invoking toplevel() on ptolemy.moml.MoMLSimpleApplication@2b0375e4
----------------- Done invoking toplevel() on ptolemy.moml.MoMLSimpleApplication@2b0375e4
reloadAllAccessors: .EfficiencyCurve

===========================================================================================
----------------- testing Thu Jun 14 22:50:31 UTC 2018 /home/travis/build/icyphy/ptII/ptolemy/domains/continuous/test/auto/ExponentialResponse.xml
----------------- Instantiating /home/travis/build/icyphy/ptII/ptolemy/domains/continuous/test/auto/ExponentialResponse.xml
109 ms. Memory: 667648K Free: 405973K (61%)
----------------- Invoking toplevel() on ptolemy.moml.MoMLSimpleApplication@3a4c8d97
----------------- Done invoking toplevel() on ptolemy.moml.MoMLSimpleApplication@3a4c8d97
reloadAllAccessors: .ExponentialResponse

===========================================================================================
----------------- testing Thu Jun 14 22:50:31 UTC 2018 /home/travis/build/icyphy/ptII/ptolemy/domains/continuous/test/auto/ExponentialResponseRK45.xml
----------------- Instantiating /home/travis/build/icyphy/ptII/ptolemy/domains/continuous/test/auto/ExponentialResponseRK45.xml
24 ms. Memory: 667648K Free: 393074K (59%)
----------------- Invoking toplevel() on ptolemy.moml.MoMLSimpleApplication@769940ed
----------------- Done invoking toplevel() on ptolemy.moml.MoMLSimpleApplication@769940ed
reloadAllAccessors: .ExponentialResponseRK45

===========================================================================================
----------------- testing Thu Jun 14 22:50:31 UTC 2018 /home/travis/build/icyphy/ptII/ptolemy/domains/continuous/test/auto/Friction.xml
----------------- Instantiating /home/travis/build/icyphy/ptII/ptolemy/domains/continuous/test/auto/Friction.xml
1486 ms. Memory: 646656K Free: 514955K (80%)
----------------- Invoking toplevel() on ptolemy.moml.MoMLSimpleApplication@1af5089
----------------- Done invoking toplevel() on ptolemy.moml.MoMLSimpleApplication@1af5089
reloadAllAccessors: .Friction

===========================================================================================
----------------- testing Thu Jun 14 22:50:33 UTC 2018 /home/travis/build/icyphy/ptII/ptolemy/domains/continuous/test/auto/FurutaPendulum.xml
----------------- Instantiating /home/travis/build/icyphy/ptII/ptolemy/domains/continuous/test/auto/FurutaPendulum.xml
2838 ms. Memory: 616960K Free: 536646K (87%)
----------------- Invoking toplevel() on ptolemy.moml.MoMLSimpleApplication@7324979c
----------------- Done invoking toplevel() on ptolemy.moml.MoMLSimpleApplication@7324979c
reloadAllAccessors: .FurutaPendulum

===========================================================================================
----------------- testing Thu Jun 14 22:50:36 UTC 2018 /home/travis/build/icyphy/ptII/ptolemy/domains/continuous/test/auto/HierarchicalExecution.xml
----------------- Instantiating /home/travis/build/icyphy/ptII/ptolemy/domains/continuous/test/auto/HierarchicalExecution.xml
2082 ms. Memory: 616960K Free: 225207K (37%)
----------------- Invoking toplevel() on ptolemy.moml.MoMLSimpleApplication@9faf9ce
----------------- Done invoking toplevel() on ptolemy.moml.MoMLSimpleApplication@9faf9ce
reloadAllAccessors: .HierarchicalExecution

===========================================================================================
----------------- testing Thu Jun 14 22:50:38 UTC 2018 /home/travis/build/icyphy/ptII/ptolemy/domains/continuous/test/auto/HybridPlant.xml
----------------- Instantiating /home/travis/build/icyphy/ptII/ptolemy/domains/continuous/test/auto/HybridPlant.xml
630 ms. Memory: 589312K Free: 453810K (77%)
----------------- Invoking toplevel() on ptolemy.moml.MoMLSimpleApplication@58aa4259
----------------- Done invoking toplevel() on ptolemy.moml.MoMLSimpleApplication@58aa4259
reloadAllAccessors: .HybridPlant

===========================================================================================
----------------- testing Thu Jun 14 22:50:39 UTC 2018 /home/travis/build/icyphy/ptII/ptolemy/domains/continuous/test/auto/Hysteresis.xml
----------------- Instantiating /home/travis/build/icyphy/ptII/ptolemy/domains/continuous/test/auto/Hysteresis.xml
153 ms. Memory: 589312K Free: 387711K (66%)
----------------- Invoking toplevel() on ptolemy.moml.MoMLSimpleApplication@e00ad4a
----------------- Done invoking toplevel() on ptolemy.moml.MoMLSimpleApplication@e00ad4a
reloadAllAccessors: .Hysteresis

===========================================================================================
----------------- testing Thu Jun 14 22:50:39 UTC 2018 /home/travis/build/icyphy/ptII/ptolemy/domains/continuous/test/auto/HysteresisWithRandomDelay.xml
----------------- Instantiating /home/travis/build/icyphy/ptII/ptolemy/domains/continuous/test/auto/HysteresisWithRandomDelay.xml
185 ms. Memory: 589312K Free: 307875K (52%)
----------------- Invoking toplevel() on ptolemy.moml.MoMLSimpleApplication@18029241
----------------- Done invoking toplevel() on ptolemy.moml.MoMLSimpleApplication@18029241
reloadAllAccessors: .HysteresisWithRandomDelay

===========================================================================================
----------------- testing Thu Jun 14 22:50:39 UTC 2018 /home/travis/build/icyphy/ptII/ptolemy/domains/continuous/test/auto/HysteresisWithRandomLosses.xml
----------------- Instantiating /home/travis/build/icyphy/ptII/ptolemy/domains/continuous/test/auto/HysteresisWithRandomLosses.xml
2626 ms. Memory: 542720K Free: 478919K (88%)
----------------- Invoking toplevel() on ptolemy.moml.MoMLSimpleApplication@1ff4543f
----------------- Done invoking toplevel() on ptolemy.moml.MoMLSimpleApplication@1ff4543f
reloadAllAccessors: .HysteresisWithRandomLosses

===========================================================================================
----------------- testing Thu Jun 14 22:50:42 UTC 2018 /home/travis/build/icyphy/ptII/ptolemy/domains/continuous/test/auto/ImmediateTransitions.xml
----------------- Instantiating /home/travis/build/icyphy/ptII/ptolemy/domains/continuous/test/auto/ImmediateTransitions.xml
10 ms. Memory: 542720K Free: 461117K (85%)
----------------- Invoking toplevel() on ptolemy.moml.MoMLSimpleApplication@6f1686be
----------------- Done invoking toplevel() on ptolemy.moml.MoMLSimpleApplication@6f1686be
reloadAllAccessors: .ImmediateTransitions

===========================================================================================
----------------- testing Thu Jun 14 22:50:42 UTC 2018 /home/travis/build/icyphy/ptII/ptolemy/domains/continuous/test/auto/ImpulseFeedback.xml
----------------- Instantiating /home/travis/build/icyphy/ptII/ptolemy/domains/continuous/test/auto/ImpulseFeedback.xml
8 ms. Memory: 542720K Free: 451060K (83%)
----------------- Invoking toplevel() on ptolemy.moml.MoMLSimpleApplication@4f98121
----------------- Done invoking toplevel() on ptolemy.moml.MoMLSimpleApplication@4f98121
reloadAllAccessors: .ImpulseFeedback

===========================================================================================
----------------- testing Thu Jun 14 22:50:42 UTC 2018 /home/travis/build/icyphy/ptII/ptolemy/domains/continuous/test/auto/ImpulseFeedback2.xml
----------------- Instantiating /home/travis/build/icyphy/ptII/ptolemy/domains/continuous/test/auto/ImpulseFeedback2.xml
9 ms. Memory: 542720K Free: 441026K (81%)
----------------- Invoking toplevel() on ptolemy.moml.MoMLSimpleApplication@4df384b3
----------------- Done invoking toplevel() on ptolemy.moml.MoMLSimpleApplication@4df384b3
reloadAllAccessors: .ImpulseFeedback2

===========================================================================================
----------------- testing Thu Jun 14 22:50:42 UTC 2018 /home/travis/build/icyphy/ptII/ptolemy/domains/continuous/test/auto/IncreasingRatePoisson.xml
----------------- Instantiating /home/travis/build/icyphy/ptII/ptolemy/domains/continuous/test/auto/IncreasingRatePoisson.xml
824 ms. Memory: 542720K Free: 125634K (23%)
----------------- Invoking toplevel() on ptolemy.moml.MoMLSimpleApplication@4cefe9b4
----------------- Done invoking toplevel() on ptolemy.moml.MoMLSimpleApplication@4cefe9b4
reloadAllAccessors: .IncreasingRatePoisson

===========================================================================================
----------------- testing Thu Jun 14 22:50:43 UTC 2018 /home/travis/build/icyphy/ptII/ptolemy/domains/continuous/test/auto/InitialStateFeedback.xml
----------------- Instantiating /home/travis/build/icyphy/ptII/ptolemy/domains/continuous/test/auto/InitialStateFeedback.xml
9 ms. Memory: 542720K Free: 118675K (22%)
----------------- Invoking toplevel() on ptolemy.moml.MoMLSimpleApplication@42a5dba7
----------------- Done invoking toplevel() on ptolemy.moml.MoMLSimpleApplication@42a5dba7
reloadAllAccessors: .InitialStateFeedback

===========================================================================================
----------------- testing Thu Jun 14 22:50:43 UTC 2018 /home/travis/build/icyphy/ptII/ptolemy/domains/continuous/test/auto/Integration.xml
----------------- Instantiating /home/travis/build/icyphy/ptII/ptolemy/domains/continuous/test/auto/Integration.xml
2 ms. Memory: 542720K Free: 111515K (21%)
----------------- Invoking toplevel() on ptolemy.moml.MoMLSimpleApplication@491d9edc
----------------- Done invoking toplevel() on ptolemy.moml.MoMLSimpleApplication@491d9edc
reloadAllAccessors: .Integration

===========================================================================================
----------------- testing Thu Jun 14 22:50:43 UTC 2018 /home/travis/build/icyphy/ptII/ptolemy/domains/continuous/test/auto/Integration2.xml
----------------- Instantiating /home/travis/build/icyphy/ptII/ptolemy/domains/continuous/test/auto/Integration2.xml
107 ms. Memory: 542720K Free: 92240K (17%)
----------------- Invoking toplevel() on ptolemy.moml.MoMLSimpleApplication@3f20b23e
----------------- Done invoking toplevel() on ptolemy.moml.MoMLSimpleApplication@3f20b23e
reloadAllAccessors: .Integration2

===========================================================================================
----------------- testing Thu Jun 14 22:50:43 UTC 2018 /home/travis/build/icyphy/ptII/ptolemy/domains/continuous/test/auto/Integration3.xml
----------------- Instantiating /home/travis/build/icyphy/ptII/ptolemy/domains/continuous/test/auto/Integration3.xml
2 ms. Memory: 542720K Free: 85281K (16%)
----------------- Invoking toplevel() on ptolemy.moml.MoMLSimpleApplication@96aa7a6
----------------- Done invoking toplevel() on ptolemy.moml.MoMLSimpleApplication@96aa7a6
reloadAllAccessors: .Integration3

===========================================================================================
----------------- testing Thu Jun 14 22:50:43 UTC 2018 /home/travis/build/icyphy/ptII/ptolemy/domains/continuous/test/auto/Integration5.xml
----------------- Instantiating /home/travis/build/icyphy/ptII/ptolemy/domains/continuous/test/auto/Integration5.xml
2 ms. Memory: 542720K Free: 78323K (14%)
----------------- Invoking toplevel() on ptolemy.moml.MoMLSimpleApplication@49ae2174
----------------- Done invoking toplevel() on ptolemy.moml.MoMLSimpleApplication@49ae2174
reloadAllAccessors: .Integration5

===========================================================================================
----------------- testing Thu Jun 14 22:50:43 UTC 2018 /home/travis/build/icyphy/ptII/ptolemy/domains/continuous/test/auto/IntegratorImpulse.xml
----------------- Instantiating /home/travis/build/icyphy/ptII/ptolemy/domains/continuous/test/auto/IntegratorImpulse.xml
2 ms. Memory: 542720K Free: 71357K (13%)
----------------- Invoking toplevel() on ptolemy.moml.MoMLSimpleApplication@24f0403d
----------------- Done invoking toplevel() on ptolemy.moml.MoMLSimpleApplication@24f0403d
reloadAllAccessors: .IntegratorImpulse

===========================================================================================
----------------- testing Thu Jun 14 22:50:43 UTC 2018 /home/travis/build/icyphy/ptII/ptolemy/domains/continuous/test/auto/IntegratorImpulse2.xml
----------------- Instantiating /home/travis/build/icyphy/ptII/ptolemy/domains/continuous/test/auto/IntegratorImpulse2.xml
4 ms. Memory: 542720K Free: 64197K (12%)
----------------- Invoking toplevel() on ptolemy.moml.MoMLSimpleApplication@3af29437
----------------- Done invoking toplevel() on ptolemy.moml.MoMLSimpleApplication@3af29437
reloadAllAccessors: .IntegratorImpulse2

===========================================================================================
----------------- testing Thu Jun 14 22:50:43 UTC 2018 /home/travis/build/icyphy/ptII/ptolemy/domains/continuous/test/auto/LevelCrossing1.xml
----------------- Instantiating /home/travis/build/icyphy/ptII/ptolemy/domains/continuous/test/auto/LevelCrossing1.xml
10 ms. Memory: 521216K Free: 496357K (95%)
----------------- Invoking toplevel() on ptolemy.moml.MoMLSimpleApplication@d08df74
----------------- Done invoking toplevel() on ptolemy.moml.MoMLSimpleApplication@d08df74
reloadAllAccessors: .LevelCrossing1

===========================================================================================
----------------- testing Thu Jun 14 22:50:43 UTC 2018 /home/travis/build/icyphy/ptII/ptolemy/domains/continuous/test/auto/LevelCrossing2.xml
----------------- Instantiating /home/travis/build/icyphy/ptII/ptolemy/domains/continuous/test/auto/LevelCrossing2.xml
3 ms. Memory: 521216K Free: 485095K (93%)
----------------- Invoking toplevel() on ptolemy.moml.MoMLSimpleApplication@5723d8d8
----------------- Done invoking toplevel() on ptolemy.moml.MoMLSimpleApplication@5723d8d8
reloadAllAccessors: .LevelCrossing2

===========================================================================================
----------------- testing Thu Jun 14 22:50:43 UTC 2018 /home/travis/build/icyphy/ptII/ptolemy/domains/continuous/test/auto/LevelCrossing3.xml
----------------- Instantiating /home/travis/build/icyphy/ptII/ptolemy/domains/continuous/test/auto/LevelCrossing3.xml
2 ms. Memory: 521216K Free: 475512K (91%)
----------------- Invoking toplevel() on ptolemy.moml.MoMLSimpleApplication@449a5fb7
----------------- Done invoking toplevel() on ptolemy.moml.MoMLSimpleApplication@449a5fb7
reloadAllAccessors: .LevelCrossing3

===========================================================================================
----------------- testing Thu Jun 14 22:50:43 UTC 2018 /home/travis/build/icyphy/ptII/ptolemy/domains/continuous/test/auto/LevelCrossing4.xml
----------------- Instantiating /home/travis/build/icyphy/ptII/ptolemy/domains/continuous/test/auto/LevelCrossing4.xml
3 ms. Memory: 521216K Free: 465753K (89%)
----------------- Invoking toplevel() on ptolemy.moml.MoMLSimpleApplication@310daecf
----------------- Done invoking toplevel() on ptolemy.moml.MoMLSimpleApplication@310daecf
reloadAllAccessors: .LevelCrossing4

===========================================================================================
----------------- testing Thu Jun 14 22:50:43 UTC 2018 /home/travis/build/icyphy/ptII/ptolemy/domains/continuous/test/auto/LevelCrossing5.xml
----------------- Instantiating /home/travis/build/icyphy/ptII/ptolemy/domains/continuous/test/auto/LevelCrossing5.xml
3 ms. Memory: 521216K Free: 456171K (88%)
----------------- Invoking toplevel() on ptolemy.moml.MoMLSimpleApplication@2c6e85d0
----------------- Done invoking toplevel() on ptolemy.moml.MoMLSimpleApplication@2c6e85d0
reloadAllAccessors: .LevelCrossing5

===========================================================================================
----------------- testing Thu Jun 14 22:50:43 UTC 2018 /home/travis/build/icyphy/ptII/ptolemy/domains/continuous/test/auto/LevelCrossing6.xml
----------------- Instantiating /home/travis/build/icyphy/ptII/ptolemy/domains/continuous/test/auto/LevelCrossing6.xml
2 ms. Memory: 521216K Free: 446412K (86%)
[...]
----------------- testing Thu Jun 14 22:51:00 UTC 2018 /home/travis/build/icyphy/ptII/ptolemy/domains/continuous/test/auto/ResetTransitionWithStartTime6.xml
----------------- Instantiating /home/travis/build/icyphy/ptII/ptolemy/domains/continuous/test/auto/ResetTransitionWithStartTime6.xml
13 ms. Memory: 456704K Free: 166929K (37%)
----------------- Invoking toplevel() on ptolemy.moml.MoMLSimpleApplication@2d8ef340
----------------- Done invoking toplevel() on ptolemy.moml.MoMLSimpleApplication@2d8ef340
reloadAllAccessors: .ResetTransitionWithStartTime6

===========================================================================================
----------------- testing Thu Jun 14 22:51:00 UTC 2018 /home/travis/build/icyphy/ptII/ptolemy/domains/continuous/test/auto/SRinContinuous.xml
----------------- Instantiating /home/travis/build/icyphy/ptII/ptolemy/domains/continuous/test/auto/SRinContinuous.xml
5 ms. Memory: 456704K Free: 156659K (34%)
----------------- Invoking toplevel() on ptolemy.moml.MoMLSimpleApplication@54adb40e
----------------- Done invoking toplevel() on ptolemy.moml.MoMLSimpleApplication@54adb40e
reloadAllAccessors: .SRinContinuous

===========================================================================================
----------------- testing Thu Jun 14 22:51:00 UTC 2018 /home/travis/build/icyphy/ptII/ptolemy/domains/continuous/test/auto/SampledClocks.xml
----------------- Instantiating /home/travis/build/icyphy/ptII/ptolemy/domains/continuous/test/auto/SampledClocks.xml
4 ms. Memory: 456704K Free: 146342K (32%)
----------------- Invoking toplevel() on ptolemy.moml.MoMLSimpleApplication@1a92b1a9
----------------- Done invoking toplevel() on ptolemy.moml.MoMLSimpleApplication@1a92b1a9
reloadAllAccessors: .SampledClocks

===========================================================================================
----------------- testing Thu Jun 14 22:51:00 UTC 2018 /home/travis/build/icyphy/ptII/ptolemy/domains/continuous/test/auto/Satellite.xml
----------------- Instantiating /home/travis/build/icyphy/ptII/ptolemy/domains/continuous/test/auto/Satellite.xml
715 ms. Memory: 439808K Free: 315802K (72%)
----------------- Invoking toplevel() on ptolemy.moml.MoMLSimpleApplication@54dc7415
----------------- Done invoking toplevel() on ptolemy.moml.MoMLSimpleApplication@54dc7415
reloadAllAccessors: .Satellite

===========================================================================================
----------------- testing Thu Jun 14 22:51:01 UTC 2018 /home/travis/build/icyphy/ptII/ptolemy/domains/continuous/test/auto/SigmaDelta.xml
----------------- Instantiating /home/travis/build/icyphy/ptII/ptolemy/domains/continuous/test/auto/SigmaDelta.xml
2295 ms. Memory: 428032K Free: 284606K (66%)
----------------- Invoking toplevel() on ptolemy.moml.MoMLSimpleApplication@11f44ced
----------------- Done invoking toplevel() on ptolemy.moml.MoMLSimpleApplication@11f44ced
reloadAllAccessors: .SigmaDelta

===========================================================================================
----------------- testing Thu Jun 14 22:51:03 UTC 2018 /home/travis/build/icyphy/ptII/ptolemy/domains/continuous/test/auto/SinuBouncingBall.xml
----------------- Instantiating /home/travis/build/icyphy/ptII/ptolemy/domains/continuous/test/auto/SinuBouncingBall.xml
765 ms. Memory: 428032K Free: 59665K (14%)
----------------- Invoking toplevel() on ptolemy.moml.MoMLSimpleApplication@254e42aa
----------------- Done invoking toplevel() on ptolemy.moml.MoMLSimpleApplication@254e42aa
reloadAllAccessors: .SinuBouncingBall

===========================================================================================
----------------- testing Thu Jun 14 22:51:04 UTC 2018 /home/travis/build/icyphy/ptII/ptolemy/domains/continuous/test/auto/Sinusoid.xml
----------------- Instantiating /home/travis/build/icyphy/ptII/ptolemy/domains/continuous/test/auto/Sinusoid.xml
5 ms. Memory: 428032K Free: 53632K (13%)
----------------- Invoking toplevel() on ptolemy.moml.MoMLSimpleApplication@32b5b482
----------------- Done invoking toplevel() on ptolemy.moml.MoMLSimpleApplication@32b5b482
reloadAllAccessors: .Sinusoid

===========================================================================================
----------------- testing Thu Jun 14 22:51:04 UTC 2018 /home/travis/build/icyphy/ptII/ptolemy/domains/continuous/test/auto/SinusoidInNoise.xml
----------------- Instantiating /home/travis/build/icyphy/ptII/ptolemy/domains/continuous/test/auto/SinusoidInNoise.xml
991 ms. Memory: 409088K Free: 171465K (42%)
----------------- Invoking toplevel() on ptolemy.moml.MoMLSimpleApplication@63537a9c
----------------- Done invoking toplevel() on ptolemy.moml.MoMLSimpleApplication@63537a9c
reloadAllAccessors: .SinusoidInNoise

===========================================================================================
----------------- testing Thu Jun 14 22:51:05 UTC 2018 /home/travis/build/icyphy/ptII/ptolemy/domains/continuous/test/auto/SinusoidRK45.xml
----------------- Instantiating /home/travis/build/icyphy/ptII/ptolemy/domains/continuous/test/auto/SinusoidRK45.xml
1 ms. Memory: 409088K Free: 164703K (40%)
----------------- Invoking toplevel() on ptolemy.moml.MoMLSimpleApplication@3c9cc10c
----------------- Done invoking toplevel() on ptolemy.moml.MoMLSimpleApplication@3c9cc10c
reloadAllAccessors: .SinusoidRK45

===========================================================================================
----------------- testing Thu Jun 14 22:51:05 UTC 2018 /home/travis/build/icyphy/ptII/ptolemy/domains/continuous/test/auto/SinusoidWithMultipleImpulses.xml
----------------- Instantiating /home/travis/build/icyphy/ptII/ptolemy/domains/continuous/test/auto/SinusoidWithMultipleImpulses.xml
3 ms. Memory: 409088K Free: 158864K (39%)
----------------- Invoking toplevel() on ptolemy.moml.MoMLSimpleApplication@c62e25b
----------------- Done invoking toplevel() on ptolemy.moml.MoMLSimpleApplication@c62e25b
reloadAllAccessors: .SinusoidWithMultipleImpulses

===========================================================================================
----------------- testing Thu Jun 14 22:51:05 UTC 2018 /home/travis/build/icyphy/ptII/ptolemy/domains/continuous/test/auto/SquareWave.xml
----------------- Instantiating /home/travis/build/icyphy/ptII/ptolemy/domains/continuous/test/auto/SquareWave.xml
169 ms. Memory: 409088K Free: 130132K (32%)
----------------- Invoking toplevel() on ptolemy.moml.MoMLSimpleApplication@2f04d0af
----------------- Done invoking toplevel() on ptolemy.moml.MoMLSimpleApplication@2f04d0af
reloadAllAccessors: .SquareWave

===========================================================================================
----------------- testing Thu Jun 14 22:51:05 UTC 2018 /home/travis/build/icyphy/ptII/ptolemy/domains/continuous/test/auto/Starmac.xml
----------------- Instantiating /home/travis/build/icyphy/ptII/ptolemy/domains/continuous/test/auto/Starmac.xml
3047 ms. Memory: 395776K Free: 70555K (18%)
----------------- Invoking toplevel() on ptolemy.moml.MoMLSimpleApplication@38b3e191
----------------- Done invoking toplevel() on ptolemy.moml.MoMLSimpleApplication@38b3e191
reloadAllAccessors: .Starmac

===========================================================================================
----------------- testing Thu Jun 14 22:51:09 UTC 2018 /home/travis/build/icyphy/ptII/ptolemy/domains/continuous/test/auto/StaticUnits.xml
----------------- Instantiating /home/travis/build/icyphy/ptII/ptolemy/domains/continuous/test/auto/StaticUnits.xml
2369 ms. Memory: 367616K Free: 167477K (46%)
----------------- Invoking toplevel() on ptolemy.moml.MoMLSimpleApplication@20ec3959
----------------- Done invoking toplevel() on ptolemy.moml.MoMLSimpleApplication@20ec3959
reloadAllAccessors: .StaticUnits

===========================================================================================
----------------- testing Thu Jun 14 22:51:12 UTC 2018 /home/travis/build/icyphy/ptII/ptolemy/domains/continuous/test/auto/StickyMasses.xml
----------------- Instantiating /home/travis/build/icyphy/ptII/ptolemy/domains/continuous/test/auto/StickyMasses.xml
145 ms. Memory: 367616K Free: 110342K (30%)
----------------- Invoking toplevel() on ptolemy.moml.MoMLSimpleApplication@249733b6
----------------- Done invoking toplevel() on ptolemy.moml.MoMLSimpleApplication@249733b6
reloadAllAccessors: .StickyMasses

===========================================================================================
----------------- testing Thu Jun 14 22:51:12 UTC 2018 /home/travis/build/icyphy/ptII/ptolemy/domains/continuous/test/auto/StopTime.xml
----------------- Instantiating /home/travis/build/icyphy/ptII/ptolemy/domains/continuous/test/auto/StopTime.xml
44 ms. Memory: 367616K Free: 80874K (22%)
----------------- Invoking toplevel() on ptolemy.moml.MoMLSimpleApplication@4b32e11d
----------------- Done invoking toplevel() on ptolemy.moml.MoMLSimpleApplication@4b32e11d
reloadAllAccessors: .StopTime

===========================================================================================
----------------- testing Thu Jun 14 22:51:12 UTC 2018 /home/travis/build/icyphy/ptII/ptolemy/domains/continuous/test/auto/StopTime2.xml
----------------- Instantiating /home/travis/build/icyphy/ptII/ptolemy/domains/continuous/test/auto/StopTime2.xml
53 ms. Memory: 367616K Free: 55259K (15%)
----------------- Invoking toplevel() on ptolemy.moml.MoMLSimpleApplication@3a171fe4
----------------- Done invoking toplevel() on ptolemy.moml.MoMLSimpleApplication@3a171fe4
reloadAllAccessors: .StopTime2

===========================================================================================
----------------- testing Thu Jun 14 22:51:12 UTC 2018 /home/travis/build/icyphy/ptII/ptolemy/domains/continuous/test/auto/Switch.xml
----------------- Instantiating /home/travis/build/icyphy/ptII/ptolemy/domains/continuous/test/auto/Switch.xml
49 ms. Memory: 367616K Free: 25812K (7%)
----------------- Invoking toplevel() on ptolemy.moml.MoMLSimpleApplication@621d8e90
----------------- Done invoking toplevel() on ptolemy.moml.MoMLSimpleApplication@621d8e90
reloadAllAccessors: .Switch

===========================================================================================
----------------- testing Thu Jun 14 22:51:12 UTC 2018 /home/travis/build/icyphy/ptII/ptolemy/domains/continuous/test/auto/Thermostat.xml
----------------- Instantiating /home/travis/build/icyphy/ptII/ptolemy/domains/continuous/test/auto/Thermostat.xml
206 ms. Memory: 353280K Free: 219524K (62%)
----------------- Invoking toplevel() on ptolemy.moml.MoMLSimpleApplication@5f24b09
----------------- Done invoking toplevel() on ptolemy.moml.MoMLSimpleApplication@5f24b09
reloadAllAccessors: .Thermostat

===========================================================================================
----------------- testing Thu Jun 14 22:51:12 UTC 2018 /home/travis/build/icyphy/ptII/ptolemy/domains/continuous/test/auto/TimeDelay.xml
----------------- Instantiating /home/travis/build/icyphy/ptII/ptolemy/domains/continuous/test/auto/TimeDelay.xml
6 ms. Memory: 353280K Free: 213105K (60%)
----------------- Invoking toplevel() on ptolemy.moml.MoMLSimpleApplication@567d263e
----------------- Done invoking toplevel() on ptolemy.moml.MoMLSimpleApplication@567d263e
reloadAllAccessors: .TimeDelay

===========================================================================================
----------------- testing Thu Jun 14 22:51:12 UTC 2018 /home/travis/build/icyphy/ptII/ptolemy/domains/continuous/test/auto/TimeDelay2.xml
----------------- Instantiating /home/travis/build/icyphy/ptII/ptolemy/domains/continuous/test/auto/TimeDelay2.xml
7 ms. Memory: 353280K Free: 203110K (57%)
----------------- Invoking toplevel() on ptolemy.moml.MoMLSimpleApplication@7db17071
----------------- Done invoking toplevel() on ptolemy.moml.MoMLSimpleApplication@7db17071
reloadAllAccessors: .TimeDelay2

===========================================================================================
----------------- testing Thu Jun 14 22:51:12 UTC 2018 /home/travis/build/icyphy/ptII/ptolemy/domains/continuous/test/auto/TimeDelay3.xml
----------------- Instantiating /home/travis/build/icyphy/ptII/ptolemy/domains/continuous/test/auto/TimeDelay3.xml
8 ms. Memory: 353280K Free: 196746K (56%)
----------------- Invoking toplevel() on ptolemy.moml.MoMLSimpleApplication@47463672
----------------- Done invoking toplevel() on ptolemy.moml.MoMLSimpleApplication@47463672
reloadAllAccessors: .TimeDelay3

===========================================================================================
----------------- testing Thu Jun 14 22:51:12 UTC 2018 /home/travis/build/icyphy/ptII/ptolemy/domains/continuous/test/auto/TransferAbsentToInside.xml
----------------- Instantiating /home/travis/build/icyphy/ptII/ptolemy/domains/continuous/test/auto/TransferAbsentToInside.xml
26 ms. Memory: 353280K Free: 139440K (39%)
----------------- Invoking toplevel() on ptolemy.moml.MoMLSimpleApplication@6e61ac46
----------------- Done invoking toplevel() on ptolemy.moml.MoMLSimpleApplication@6e61ac46
reloadAllAccessors: .TransferAbsentToInside

===========================================================================================
----------------- testing Thu Jun 14 22:51:13 UTC 2018 /home/travis/build/icyphy/ptII/ptolemy/domains/continuous/test/auto/Transmission.xml
----------------- Instantiating /home/travis/build/icyphy/ptII/ptolemy/domains/continuous/test/auto/Transmission.xml
808 ms. Memory: 341504K Free: 159753K (47%)
----------------- Invoking toplevel() on ptolemy.moml.MoMLSimpleApplication@237ee127
----------------- Done invoking toplevel() on ptolemy.moml.MoMLSimpleApplication@237ee127
reloadAllAccessors: .Transmission

===========================================================================================
----------------- testing Thu Jun 14 22:51:13 UTC 2018 /home/travis/build/icyphy/ptII/ptolemy/domains/continuous/test/auto/TriggeredContinuousClock.xml
----------------- Instantiating /home/travis/build/icyphy/ptII/ptolemy/domains/continuous/test/auto/TriggeredContinuousClock.xml
44 ms. Memory: 341504K Free: 124797K (37%)
----------------- Invoking toplevel() on ptolemy.moml.MoMLSimpleApplication@3f0e7d36
----------------- Done invoking toplevel() on ptolemy.moml.MoMLSimpleApplication@3f0e7d36
reloadAllAccessors: .TriggeredContinuousClock

===========================================================================================
----------------- testing Thu Jun 14 22:51:14 UTC 2018 /home/travis/build/icyphy/ptII/ptolemy/domains/continuous/test/auto/TwoMachineInfiniteBusControl.xml
----------------- Instantiating /home/travis/build/icyphy/ptII/ptolemy/domains/continuous/test/auto/TwoMachineInfiniteBusControl.xml
2312 ms. Memory: 318976K Free: 37662K (12%)
----------------- Invoking toplevel() on ptolemy.moml.MoMLSimpleApplication@52aa261
----------------- Done invoking toplevel() on ptolemy.moml.MoMLSimpleApplication@52aa261
reloadAllAccessors: .TwoMachineInfiniteBusControl

===========================================================================================
----------------- testing Thu Jun 14 22:51:16 UTC 2018 /home/travis/build/icyphy/ptII/ptolemy/domains/continuous/test/auto/V2V.xml
----------------- Instantiating /home/travis/build/icyphy/ptII/ptolemy/domains/continuous/test/auto/V2V.xml
648 ms. Memory: 316928K Free: 77118K (24%)
----------------- Invoking toplevel() on ptolemy.moml.MoMLSimpleApplication@308ccf19
----------------- Done invoking toplevel() on ptolemy.moml.MoMLSimpleApplication@308ccf19
reloadAllAccessors: .V2V

===========================================================================================
----------------- testing Thu Jun 14 22:51:17 UTC 2018 /home/travis/build/icyphy/ptII/ptolemy/domains/continuous/test/auto/hierarchicalModalModel.xml
----------------- Instantiating /home/travis/build/icyphy/ptII/ptolemy/domains/continuous/test/auto/hierarchicalModalModel.xml
8 ms. Memory: 316928K Free: 60936K (19%)
----------------- Invoking toplevel() on ptolemy.moml.MoMLSimpleApplication@6f2821ba
----------------- Done invoking toplevel() on ptolemy.moml.MoMLSimpleApplication@6f2821ba
reloadAllAccessors: .hierarchicalModalModel

===========================================================================================
----------------- testing Thu Jun 14 22:51:17 UTC 2018 /home/travis/build/icyphy/ptII/ptolemy/domains/continuous/test/auto/hierarchicalModalModel1.xml
----------------- Instantiating /home/travis/build/icyphy/ptII/ptolemy/domains/continuous/test/auto/hierarchicalModalModel1.xml
8 ms. Memory: 316928K Free: 43237K (14%)
----------------- Invoking toplevel() on ptolemy.moml.MoMLSimpleApplication@47eacbd9
----------------- Done invoking toplevel() on ptolemy.moml.MoMLSimpleApplication@47eacbd9
reloadAllAccessors: .hierarchicalModalModel1

===========================================================================================
----------------- testing Thu Jun 14 22:51:17 UTC 2018 /home/travis/build/icyphy/ptII/ptolemy/domains/continuous/test/auto/hierarchicalModalModel2.xml
----------------- Instantiating /home/travis/build/icyphy/ptII/ptolemy/domains/continuous/test/auto/hierarchicalModalModel2.xml
6 ms. Memory: 316928K Free: 28632K (9%)
----------------- Invoking toplevel() on ptolemy.moml.MoMLSimpleApplication@429cdd86
----------------- Done invoking toplevel() on ptolemy.moml.MoMLSimpleApplication@429cdd86
reloadAllAccessors: .hierarchicalModalModel2

===========================================================================================
----------------- testing Thu Jun 14 22:51:17 UTC 2018 /home/travis/build/icyphy/ptII/ptolemy/domains/continuous/test/auto/hierarchicalModalModel3.xml
----------------- Instantiating /home/travis/build/icyphy/ptII/ptolemy/domains/continuous/test/auto/hierarchicalModalModel3.xml
5 ms. Memory: 299520K Free: 225285K (75%)
----------------- Invoking toplevel() on ptolemy.moml.MoMLSimpleApplication@5fbfdcca
----------------- Done invoking toplevel() on ptolemy.moml.MoMLSimpleApplication@5fbfdcca
reloadAllAccessors: .hierarchicalModalModel3

===========================================================================================
----------------- testing Thu Jun 14 22:51:17 UTC 2018 /home/travis/build/icyphy/ptII/ptolemy/domains/continuous/test/auto/hierarchicalModalModel4.xml
----------------- Instantiating /home/travis/build/icyphy/ptII/ptolemy/domains/continuous/test/auto/hierarchicalModalModel4.xml
6 ms. Memory: 299520K Free: 209720K (70%)
----------------- Invoking toplevel() on ptolemy.moml.MoMLSimpleApplication@988a0ec
----------------- Done invoking toplevel() on ptolemy.moml.MoMLSimpleApplication@988a0ec
reloadAllAccessors: .hierarchicalModalModel4

===========================================================================================
----------------- testing Thu Jun 14 22:51:17 UTC 2018 /home/travis/build/icyphy/ptII/ptolemy/domains/continuous/test/auto/junk.xml
----------------- Instantiating /home/travis/build/icyphy/ptII/ptolemy/domains/continuous/test/auto/junk.xml
151 ms. Memory: 299520K Free: 178296K (60%)
----------------- Invoking toplevel() on ptolemy.moml.MoMLSimpleApplication@30358503
----------------- Done invoking toplevel() on ptolemy.moml.MoMLSimpleApplication@30358503
reloadAllAccessors: .junk
AutoTests.java: About to close Vertx.
AutoTests.java: Vertx closed.
]]></system-out>
  <system-err><![CDATA[Warning: '.HysteresisWithRandomDelay.NonStrictTest3' The test produced only 28 tokens, yet the correctValues parameter was expecting 30 tokens.
Warning: '.IncreasingRatePoisson.NonStrictTest' The test produced only 385 tokens, yet the correctValues parameter was expecting 402 tokens.
Warning: '.Poisson.NonStrictTest' The test produced only 417 tokens, yet the correctValues parameter was expecting 430 tokens.
]]></system-err>
</testsuite>
