<?xml version="1.0" encoding="UTF-8" ?>
<testsuite errors="0" failures="0" hostname="travis-job-bd546c70-ddcc-43fe-997a-39ad03c394b3" name="ptolemy.domains.sdf.lib.test.junit.JUnitTclTest" skipped="0" tests="82" time="9.266" timestamp="2018-09-04T02:08:16">
  <properties>
[...]
</properties>
  <testcase classname="ptolemy.util.test.junit.TclTests" name="[0] /home/travis/build/icyphy/ptII/ptolemy/domains/sdf/lib/test/ArrayToSequence.tcl (RunTclFile)" time="0.549" />
  <testcase classname="ptolemy.util.test.junit.TclTests" name="[1] /home/travis/build/icyphy/ptII/ptolemy/domains/sdf/lib/test/BitsToInt.tcl (RunTclFile)" time="0.049" />
  <testcase classname="ptolemy.util.test.junit.TclTests" name="[2] /home/travis/build/icyphy/ptII/ptolemy/domains/sdf/lib/test/DelayLine.tcl (RunTclFile)" time="0.036" />
  <testcase classname="ptolemy.util.test.junit.TclTests" name="[3] /home/travis/build/icyphy/ptII/ptolemy/domains/sdf/lib/test/FFT.tcl (RunTclFile)" time="0.036" />
  <testcase classname="ptolemy.util.test.junit.TclTests" name="[4] /home/travis/build/icyphy/ptII/ptolemy/domains/sdf/lib/test/FIR.tcl (RunTclFile)" time="0.066" />
  <testcase classname="ptolemy.util.test.junit.TclTests" name="[5] /home/travis/build/icyphy/ptII/ptolemy/domains/sdf/lib/test/IntToBits.tcl (RunTclFile)" time="0.034" />
  <testcase classname="ptolemy.util.test.junit.TclTests" name="[6] /home/travis/build/icyphy/ptII/ptolemy/domains/sdf/lib/test/MaximumEntropySpectrum.tcl (RunTclFile)" time="0.308" />
  <testcase classname="ptolemy.util.test.junit.TclTests" name="[7] /home/travis/build/icyphy/ptII/ptolemy/domains/sdf/lib/test/Repeat.tcl (RunTclFile)" time="0.04" />
  <testcase classname="ptolemy.util.test.junit.TclTests" name="[8] /home/travis/build/icyphy/ptII/ptolemy/domains/sdf/lib/test/SampleDelay.tcl (RunTclFile)" time="0.06" />
  <testcase classname="ptolemy.util.test.junit.TclTests" name="[9] /home/travis/build/icyphy/ptII/ptolemy/domains/sdf/lib/test/SequenceToArray.tcl (RunTclFile)" time="0.056" />
  <testcase classname="ptolemy.util.test.junit.AutoKnownFailedTests" name="[0] ThereAreNoKnowFailedTests (RunModel)" time="0.0" />
  <testcase classname="ptolemy.util.test.junit.AutoNameArchTests" name="[0] ThereAreNoAutoArchTests (RunModel)" time="0.001" />
  <testcase classname="ptolemy.util.test.junit.AutoTests" name="[0] /home/travis/build/icyphy/ptII/ptolemy/domains/sdf/lib/test/auto/ArrayToSequence.xml (RunModel)" time="0.194" />
  <testcase classname="ptolemy.util.test.junit.AutoTests" name="[1] /home/travis/build/icyphy/ptII/ptolemy/domains/sdf/lib/test/auto/ArrayToSequenceTest.xml (RunModel)" time="0.042" />
  <testcase classname="ptolemy.util.test.junit.AutoTests" name="[2] /home/travis/build/icyphy/ptII/ptolemy/domains/sdf/lib/test/auto/Autocorrelation.xml (RunModel)" time="0.027" />
  <testcase classname="ptolemy.util.test.junit.AutoTests" name="[3] /home/travis/build/icyphy/ptII/ptolemy/domains/sdf/lib/test/auto/Autocorrelation2.xml (RunModel)" time="0.021" />
  <testcase classname="ptolemy.util.test.junit.AutoTests" name="[4] /home/travis/build/icyphy/ptII/ptolemy/domains/sdf/lib/test/auto/Autocorrelation3.xml (RunModel)" time="0.046" />
  <testcase classname="ptolemy.util.test.junit.AutoTests" name="[5] /home/travis/build/icyphy/ptII/ptolemy/domains/sdf/lib/test/auto/Autocorrelation4.xml (RunModel)" time="0.041" />
  <testcase classname="ptolemy.util.test.junit.AutoTests" name="[6] /home/travis/build/icyphy/ptII/ptolemy/domains/sdf/lib/test/auto/Autocorrelation5.xml (RunModel)" time="0.118" />
  <testcase classname="ptolemy.util.test.junit.AutoTests" name="[7] /home/travis/build/icyphy/ptII/ptolemy/domains/sdf/lib/test/auto/BitsToInt.xml (RunModel)" time="0.042" />
  <testcase classname="ptolemy.util.test.junit.AutoTests" name="[8] /home/travis/build/icyphy/ptII/ptolemy/domains/sdf/lib/test/auto/BooleanJoin.xml (RunModel)" time="0.054" />
  <testcase classname="ptolemy.util.test.junit.AutoTests" name="[9] /home/travis/build/icyphy/ptII/ptolemy/domains/sdf/lib/test/auto/BootstrapSampleDelay.xml (RunModel)" time="0.027" />
  <testcase classname="ptolemy.util.test.junit.AutoTests" name="[10] /home/travis/build/icyphy/ptII/ptolemy/domains/sdf/lib/test/auto/Chop.xml (RunModel)" time="0.087" />
  <testcase classname="ptolemy.util.test.junit.AutoTests" name="[11] /home/travis/build/icyphy/ptII/ptolemy/domains/sdf/lib/test/auto/Chop2.xml (RunModel)" time="0.032" />
  <testcase classname="ptolemy.util.test.junit.AutoTests" name="[12] /home/travis/build/icyphy/ptII/ptolemy/domains/sdf/lib/test/auto/ComplexJoin.xml (RunModel)" time="0.024" />
  <testcase classname="ptolemy.util.test.junit.AutoTests" name="[13] /home/travis/build/icyphy/ptII/ptolemy/domains/sdf/lib/test/auto/CountTrues.xml (RunModel)" time="0.013" />
  <testcase classname="ptolemy.util.test.junit.AutoTests" name="[14] /home/travis/build/icyphy/ptII/ptolemy/domains/sdf/lib/test/auto/DelayLine.xml (RunModel)" time="0.022" />
  <testcase classname="ptolemy.util.test.junit.AutoTests" name="[15] /home/travis/build/icyphy/ptII/ptolemy/domains/sdf/lib/test/auto/DotProduct.xml (RunModel)" time="0.016" />
  <testcase classname="ptolemy.util.test.junit.AutoTests" name="[16] /home/travis/build/icyphy/ptII/ptolemy/domains/sdf/lib/test/auto/DotProductMatrix.xml (RunModel)" time="0.014" />
  <testcase classname="ptolemy.util.test.junit.AutoTests" name="[17] /home/travis/build/icyphy/ptII/ptolemy/domains/sdf/lib/test/auto/DownSample1.xml (RunModel)" time="0.019" />
  <testcase classname="ptolemy.util.test.junit.AutoTests" name="[18] /home/travis/build/icyphy/ptII/ptolemy/domains/sdf/lib/test/auto/DynamicRateChange.xml (RunModel)" time="0.039" />
  <testcase classname="ptolemy.util.test.junit.AutoTests" name="[19] /home/travis/build/icyphy/ptII/ptolemy/domains/sdf/lib/test/auto/DynamicRates.xml (RunModel)" time="0.044" />
  <testcase classname="ptolemy.util.test.junit.AutoTests" name="[20] /home/travis/build/icyphy/ptII/ptolemy/domains/sdf/lib/test/auto/FFT1.xml (RunModel)" time="0.028" />
  <testcase classname="ptolemy.util.test.junit.AutoTests" name="[21] /home/travis/build/icyphy/ptII/ptolemy/domains/sdf/lib/test/auto/FIR1.xml (RunModel)" time="0.053" />
  <testcase classname="ptolemy.util.test.junit.AutoTests" name="[22] /home/travis/build/icyphy/ptII/ptolemy/domains/sdf/lib/test/auto/FIR2.xml (RunModel)" time="0.017" />
  <testcase classname="ptolemy.util.test.junit.AutoTests" name="[23] /home/travis/build/icyphy/ptII/ptolemy/domains/sdf/lib/test/auto/FIR4.xml (RunModel)" time="0.046" />
  <testcase classname="ptolemy.util.test.junit.AutoTests" name="[24] /home/travis/build/icyphy/ptII/ptolemy/domains/sdf/lib/test/auto/FixJoin.xml (RunModel)" time="0.043" />
  <testcase classname="ptolemy.util.test.junit.AutoTests" name="[25] /home/travis/build/icyphy/ptII/ptolemy/domains/sdf/lib/test/auto/IntJoin1.xml (RunModel)" time="0.024" />
  <testcase classname="ptolemy.util.test.junit.AutoTests" name="[26] /home/travis/build/icyphy/ptII/ptolemy/domains/sdf/lib/test/auto/IntJoin2.xml (RunModel)" time="0.024" />
  <testcase classname="ptolemy.util.test.junit.AutoTests" name="[27] /home/travis/build/icyphy/ptII/ptolemy/domains/sdf/lib/test/auto/IntJoin3.xml (RunModel)" time="0.028" />
  <testcase classname="ptolemy.util.test.junit.AutoTests" name="[28] /home/travis/build/icyphy/ptII/ptolemy/domains/sdf/lib/test/auto/IntJoin4.xml (RunModel)" time="0.025" />
  <testcase classname="ptolemy.util.test.junit.AutoTests" name="[29] /home/travis/build/icyphy/ptII/ptolemy/domains/sdf/lib/test/auto/IntJoin5.xml (RunModel)" time="0.031" />
  <testcase classname="ptolemy.util.test.junit.AutoTests" name="[30] /home/travis/build/icyphy/ptII/ptolemy/domains/sdf/lib/test/auto/IntToBits.xml (RunModel)" time="0.033" />
  <testcase classname="ptolemy.util.test.junit.AutoTests" name="[31] /home/travis/build/icyphy/ptII/ptolemy/domains/sdf/lib/test/auto/LMSAdaptive.xml (RunModel)" time="0.094" />
  <testcase classname="ptolemy.util.test.junit.AutoTests" name="[32] /home/travis/build/icyphy/ptII/ptolemy/domains/sdf/lib/test/auto/LMSAdaptiveFIR.xml (RunModel)" time="0.404" />
  <testcase classname="ptolemy.util.test.junit.AutoTests" name="[33] /home/travis/build/icyphy/ptII/ptolemy/domains/sdf/lib/test/auto/LMSAdaptiveFIR2.xml (RunModel)" time="0.46" />
  <testcase classname="ptolemy.util.test.junit.AutoTests" name="[34] /home/travis/build/icyphy/ptII/ptolemy/domains/sdf/lib/test/auto/LongJoin.xml (RunModel)" time="0.031" />
  <testcase classname="ptolemy.util.test.junit.AutoTests" name="[35] /home/travis/build/icyphy/ptII/ptolemy/domains/sdf/lib/test/auto/Matrix1.xml (RunModel)" time="0.032" />
  <testcase classname="ptolemy.util.test.junit.AutoTests" name="[36] /home/travis/build/icyphy/ptII/ptolemy/domains/sdf/lib/test/auto/Matrix2.xml (RunModel)" time="0.024" />
  <testcase classname="ptolemy.util.test.junit.AutoTests" name="[37] /home/travis/build/icyphy/ptII/ptolemy/domains/sdf/lib/test/auto/MatrixJoin1.xml (RunModel)" time="0.056" />
  <testcase classname="ptolemy.util.test.junit.AutoTests" name="[38] /home/travis/build/icyphy/ptII/ptolemy/domains/sdf/lib/test/auto/MatrixJoin2.xml (RunModel)" time="0.032" />
  <testcase classname="ptolemy.util.test.junit.AutoTests" name="[39] /home/travis/build/icyphy/ptII/ptolemy/domains/sdf/lib/test/auto/MatrixJoin3.xml (RunModel)" time="0.026" />
  <testcase classname="ptolemy.util.test.junit.AutoTests" name="[40] /home/travis/build/icyphy/ptII/ptolemy/domains/sdf/lib/test/auto/MatrixJoin4.xml (RunModel)" time="0.02" />
  <testcase classname="ptolemy.util.test.junit.AutoTests" name="[41] /home/travis/build/icyphy/ptII/ptolemy/domains/sdf/lib/test/auto/MatrixJoin5.xml (RunModel)" time="0.023" />
  <testcase classname="ptolemy.util.test.junit.AutoTests" name="[42] /home/travis/build/icyphy/ptII/ptolemy/domains/sdf/lib/test/auto/MatrixSplit1.xml (RunModel)" time="0.024" />
  <testcase classname="ptolemy.util.test.junit.AutoTests" name="[43] /home/travis/build/icyphy/ptII/ptolemy/domains/sdf/lib/test/auto/MatrixSplit10.xml (RunModel)" time="0.017" />
  <testcase classname="ptolemy.util.test.junit.AutoTests" name="[44] /home/travis/build/icyphy/ptII/ptolemy/domains/sdf/lib/test/auto/MatrixSplit11.xml (RunModel)" time="0.033" />
  <testcase classname="ptolemy.util.test.junit.AutoTests" name="[45] /home/travis/build/icyphy/ptII/ptolemy/domains/sdf/lib/test/auto/MatrixSplit12.xml (RunModel)" time="0.032" />
  <testcase classname="ptolemy.util.test.junit.AutoTests" name="[46] /home/travis/build/icyphy/ptII/ptolemy/domains/sdf/lib/test/auto/MatrixSplit13.xml (RunModel)" time="0.031" />
  <testcase classname="ptolemy.util.test.junit.AutoTests" name="[47] /home/travis/build/icyphy/ptII/ptolemy/domains/sdf/lib/test/auto/MatrixSplit14.xml (RunModel)" time="0.018" />
  <testcase classname="ptolemy.util.test.junit.AutoTests" name="[48] /home/travis/build/icyphy/ptII/ptolemy/domains/sdf/lib/test/auto/MatrixSplit2.xml (RunModel)" time="0.019" />
  <testcase classname="ptolemy.util.test.junit.AutoTests" name="[49] /home/travis/build/icyphy/ptII/ptolemy/domains/sdf/lib/test/auto/MatrixSplit3.xml (RunModel)" time="0.019" />
  <testcase classname="ptolemy.util.test.junit.AutoTests" name="[50] /home/travis/build/icyphy/ptII/ptolemy/domains/sdf/lib/test/auto/MatrixSplit4.xml (RunModel)" time="0.022" />
  <testcase classname="ptolemy.util.test.junit.AutoTests" name="[51] /home/travis/build/icyphy/ptII/ptolemy/domains/sdf/lib/test/auto/MatrixSplit5.xml (RunModel)" time="0.019" />
  <testcase classname="ptolemy.util.test.junit.AutoTests" name="[52] /home/travis/build/icyphy/ptII/ptolemy/domains/sdf/lib/test/auto/MatrixSplit6.xml (RunModel)" time="0.017" />
  <testcase classname="ptolemy.util.test.junit.AutoTests" name="[53] /home/travis/build/icyphy/ptII/ptolemy/domains/sdf/lib/test/auto/MatrixSplit7.xml (RunModel)" time="0.024" />
  <testcase classname="ptolemy.util.test.junit.AutoTests" name="[54] /home/travis/build/icyphy/ptII/ptolemy/domains/sdf/lib/test/auto/MatrixSplit8.xml (RunModel)" time="0.023" />
  <testcase classname="ptolemy.util.test.junit.AutoTests" name="[55] /home/travis/build/icyphy/ptII/ptolemy/domains/sdf/lib/test/auto/MatrixSplit9.xml (RunModel)" time="0.04" />
  <testcase classname="ptolemy.util.test.junit.AutoTests" name="[56] /home/travis/build/icyphy/ptII/ptolemy/domains/sdf/lib/test/auto/MatrixToSequence.xml (RunModel)" time="0.06" />
  <testcase classname="ptolemy.util.test.junit.AutoTests" name="[57] /home/travis/build/icyphy/ptII/ptolemy/domains/sdf/lib/test/auto/MaximumEntropySpectrum.xml (RunModel)" time="0.069" />
  <testcase classname="ptolemy.util.test.junit.AutoTests" name="[58] /home/travis/build/icyphy/ptII/ptolemy/domains/sdf/lib/test/auto/SampleDelayConversion.xml (RunModel)" time="0.018" />
  <testcase classname="ptolemy.util.test.junit.AutoTests" name="[59] /home/travis/build/icyphy/ptII/ptolemy/domains/sdf/lib/test/auto/SequenceToArray.xml (RunModel)" time="0.042" />
  <testcase classname="ptolemy.util.test.junit.AutoTests" name="[60] /home/travis/build/icyphy/ptII/ptolemy/domains/sdf/lib/test/auto/SequenceToMatrix.xml (RunModel)" time="4.165" />
  <testcase classname="ptolemy.util.test.junit.AutoTests" name="[61] /home/travis/build/icyphy/ptII/ptolemy/domains/sdf/lib/test/auto/SmoothedPeriodogram.xml (RunModel)" time="0.047" />
  <testcase classname="ptolemy.util.test.junit.AutoTests" name="[62] /home/travis/build/icyphy/ptII/ptolemy/domains/sdf/lib/test/auto/UpDownSample1.xml (RunModel)" time="0.018" />
  <testcase classname="ptolemy.util.test.junit.AutoTests" name="[63] /home/travis/build/icyphy/ptII/ptolemy/domains/sdf/lib/test/auto/UpSample1.xml (RunModel)" time="0.013" />
  <testcase classname="ptolemy.util.test.junit.AutoTests" name="[64] /home/travis/build/icyphy/ptII/ptolemy/domains/sdf/lib/test/auto/VariableFIR.xml (RunModel)" time="0.022" />
  <testcase classname="ptolemy.util.test.junit.AutoTests" name="[65] /home/travis/build/icyphy/ptII/ptolemy/domains/sdf/lib/test/auto/VariableFIR2.xml (RunModel)" time="0.022" />
  <testcase classname="ptolemy.util.test.junit.AutoTests" name="[66] /home/travis/build/icyphy/ptII/ptolemy/domains/sdf/lib/test/auto/VariableLattice.xml (RunModel)" time="0.029" />
  <testcase classname="ptolemy.util.test.junit.AutoTests" name="[67] /home/travis/build/icyphy/ptII/ptolemy/domains/sdf/lib/test/auto/VariableLattice2.xml (RunModel)" time="0.022" />
  <testcase classname="ptolemy.util.test.junit.AutoTests" name="[68] /home/travis/build/icyphy/ptII/ptolemy/domains/sdf/lib/test/auto/VariableRecursiveLattice.xml (RunModel)" time="0.03" />
  <testcase classname="ptolemy.util.test.junit.AutoTests" name="[69] /home/travis/build/icyphy/ptII/ptolemy/domains/sdf/lib/test/auto/VariableRecursiveLattice2.xml (RunModel)" time="0.034" />
  <system-out><![CDATA[/home/travis/build/icyphy/ptII/ptolemy/domains/sdf/lib/test/ArrayToSequence.tcl
testDefs.tcl: setting time out to 9000 seconds at Tue Sep 04 02:08:16 UTC 2018
66 ms. Memory: 116224K Free: 110167K (95%)
11 ms. Memory: 116224K Free: 108384K (93%)
11 ms. Memory: 116224K Free: 106553K (92%)
10 ms. Memory: 116224K Free: 105324K (91%)
/home/travis/build/icyphy/ptII/ptolemy/domains/sdf/lib/test/BitsToInt.tcl
17 ms. Memory: 116224K Free: 103533K (89%)
13 ms. Memory: 116224K Free: 101710K (88%)
/home/travis/build/icyphy/ptII/ptolemy/domains/sdf/lib/test/DelayLine.tcl
7 ms. Memory: 116224K Free: 99919K (86%)
/home/travis/build/icyphy/ptII/ptolemy/domains/sdf/lib/test/FFT.tcl
5 ms. Memory: 116224K Free: 98088K (84%)
/home/travis/build/icyphy/ptII/ptolemy/domains/sdf/lib/test/FIR.tcl
9 ms. Memory: 116224K Free: 96251K (83%)
4 ms. Memory: 116224K Free: 95022K (82%)
ptolemy.kernel.util.IllegalActionException: multiplyReverse method not supported between ptolemy.data.FixToken 'fix(-0.0625,6,2)' and ptolemy.data.IntToken '1' because the types are incomparable.
  in .top.FIRclone
Because:
multiplyReverse method not supported between ptolemy.data.FixToken 'fix(-0.0625,6,2)' and ptolemy.data.IntToken '1' because the types are incomparable.
18 ms. Memory: 116224K Free: 92589K (80%)
/home/travis/build/icyphy/ptII/ptolemy/domains/sdf/lib/test/IntToBits.tcl
6 ms. Memory: 116224K Free: 90754K (78%)
5 ms. Memory: 116224K Free: 88971K (77%)
/home/travis/build/icyphy/ptII/ptolemy/domains/sdf/lib/test/MaximumEntropySpectrum.tcl
/home/travis/build/icyphy/ptII/ptolemy/domains/sdf/lib/test/Repeat.tcl
17 ms. Memory: 146944K Free: 119234K (81%)
/home/travis/build/icyphy/ptII/ptolemy/domains/sdf/lib/test/SampleDelay.tcl
4 ms. Memory: 146944K Free: 116857K (80%)
14 ms. Memory: 146944K Free: 115669K (79%)
3 ms. Memory: 146944K Free: 115669K (79%)
4 ms. Memory: 146944K Free: 114480K (78%)
5 ms. Memory: 146944K Free: 113292K (77%)
1 ms. Memory: 146944K Free: 113292K (77%)
/home/travis/build/icyphy/ptII/ptolemy/domains/sdf/lib/test/SequenceToArray.tcl
9 ms. Memory: 146944K Free: 112103K (76%)
5 ms. Memory: 146944K Free: 110914K (75%)
5 ms. Memory: 146944K Free: 109726K (75%)
5 ms. Memory: 146944K Free: 108537K (74%)
09/04/18 02:08:17
Failed: 0  Total Tests: 41  ((Passed: 41, Newly Passed: 0)  Known Failed: 0) /home/travis/build/icyphy/ptII/ptolemy/domains/sdf/lib/test
No auto/knownFailedTests/*.xml tests in /home/travis/build/icyphy/ptII/ptolemy/domains/sdf/lib/test
No auto/linux-amd64/*.xml tests in /home/travis/build/icyphy/ptII/ptolemy/domains/sdf/lib/test
AutoTests.java: About to close Vertx.
AutoTests.java: Vertx closed.

===========================================================================================
----------------- testing Tue Sep 04 02:08:18 UTC 2018 /home/travis/build/icyphy/ptII/ptolemy/domains/sdf/lib/test/auto/ArrayToSequence.xml
----------------- Instantiating /home/travis/build/icyphy/ptII/ptolemy/domains/sdf/lib/test/auto/ArrayToSequence.xml
31 ms. Memory: 146944K Free: 125942K (86%)
----------------- Invoking toplevel() on ptolemy.moml.MoMLSimpleApplication@5f269382
----------------- Done invoking toplevel() on ptolemy.moml.MoMLSimpleApplication@5f269382
reloadAllAccessors: .ArrayToSequence

===========================================================================================
----------------- testing Tue Sep 04 02:08:18 UTC 2018 /home/travis/build/icyphy/ptII/ptolemy/domains/sdf/lib/test/auto/ArrayToSequenceTest.xml
----------------- Instantiating /home/travis/build/icyphy/ptII/ptolemy/domains/sdf/lib/test/auto/ArrayToSequenceTest.xml
9 ms. Memory: 146944K Free: 118668K (81%)
----------------- Invoking toplevel() on ptolemy.moml.MoMLSimpleApplication@31e763d1
----------------- Done invoking toplevel() on ptolemy.moml.MoMLSimpleApplication@31e763d1
reloadAllAccessors: .ArrayToSequenceTest

===========================================================================================
----------------- testing Tue Sep 04 02:08:18 UTC 2018 /home/travis/build/icyphy/ptII/ptolemy/domains/sdf/lib/test/auto/Autocorrelation.xml
----------------- Instantiating /home/travis/build/icyphy/ptII/ptolemy/domains/sdf/lib/test/auto/Autocorrelation.xml
4 ms. Memory: 146944K Free: 114198K (78%)
----------------- Invoking toplevel() on ptolemy.moml.MoMLSimpleApplication@68fbd66
----------------- Done invoking toplevel() on ptolemy.moml.MoMLSimpleApplication@68fbd66
reloadAllAccessors: .Autocorrelation

===========================================================================================
----------------- testing Tue Sep 04 02:08:18 UTC 2018 /home/travis/build/icyphy/ptII/ptolemy/domains/sdf/lib/test/auto/Autocorrelation2.xml
----------------- Instantiating /home/travis/build/icyphy/ptII/ptolemy/domains/sdf/lib/test/auto/Autocorrelation2.xml
4 ms. Memory: 146944K Free: 109688K (75%)
----------------- Invoking toplevel() on ptolemy.moml.MoMLSimpleApplication@3e3d0ea1
----------------- Done invoking toplevel() on ptolemy.moml.MoMLSimpleApplication@3e3d0ea1
reloadAllAccessors: .Autocorrelation2

===========================================================================================
----------------- testing Tue Sep 04 02:08:18 UTC 2018 /home/travis/build/icyphy/ptII/ptolemy/domains/sdf/lib/test/auto/Autocorrelation3.xml
----------------- Instantiating /home/travis/build/icyphy/ptII/ptolemy/domains/sdf/lib/test/auto/Autocorrelation3.xml
4 ms. Memory: 146944K Free: 104619K (71%)
----------------- Invoking toplevel() on ptolemy.moml.MoMLSimpleApplication@58a82439
----------------- Done invoking toplevel() on ptolemy.moml.MoMLSimpleApplication@58a82439
reloadAllAccessors: .Autocorrelation3

===========================================================================================
----------------- testing Tue Sep 04 02:08:18 UTC 2018 /home/travis/build/icyphy/ptII/ptolemy/domains/sdf/lib/test/auto/Autocorrelation4.xml
----------------- Instantiating /home/travis/build/icyphy/ptII/ptolemy/domains/sdf/lib/test/auto/Autocorrelation4.xml
4 ms. Memory: 146944K Free: 100054K (68%)
----------------- Invoking toplevel() on ptolemy.moml.MoMLSimpleApplication@173c71a8
----------------- Done invoking toplevel() on ptolemy.moml.MoMLSimpleApplication@173c71a8
reloadAllAccessors: .Autocorrelation4

===========================================================================================
----------------- testing Tue Sep 04 02:08:18 UTC 2018 /home/travis/build/icyphy/ptII/ptolemy/domains/sdf/lib/test/auto/Autocorrelation5.xml
----------------- Instantiating /home/travis/build/icyphy/ptII/ptolemy/domains/sdf/lib/test/auto/Autocorrelation5.xml
68 ms. Memory: 146944K Free: 92809K (63%)
----------------- Invoking toplevel() on ptolemy.moml.MoMLSimpleApplication@4bb92555
----------------- Done invoking toplevel() on ptolemy.moml.MoMLSimpleApplication@4bb92555
reloadAllAccessors: .Autocorrelation5

===========================================================================================
----------------- testing Tue Sep 04 02:08:18 UTC 2018 /home/travis/build/icyphy/ptII/ptolemy/domains/sdf/lib/test/auto/BitsToInt.xml
----------------- Instantiating /home/travis/build/icyphy/ptII/ptolemy/domains/sdf/lib/test/auto/BitsToInt.xml
3 ms. Memory: 146944K Free: 88467K (60%)
----------------- Invoking toplevel() on ptolemy.moml.MoMLSimpleApplication@25b41b84
----------------- Done invoking toplevel() on ptolemy.moml.MoMLSimpleApplication@25b41b84
reloadAllAccessors: .BitsToInt

===========================================================================================
----------------- testing Tue Sep 04 02:08:18 UTC 2018 /home/travis/build/icyphy/ptII/ptolemy/domains/sdf/lib/test/auto/BooleanJoin.xml
----------------- Instantiating /home/travis/build/icyphy/ptII/ptolemy/domains/sdf/lib/test/auto/BooleanJoin.xml
6 ms. Memory: 146944K Free: 84029K (57%)
----------------- Invoking toplevel() on ptolemy.moml.MoMLSimpleApplication@3217f6dc
----------------- Done invoking toplevel() on ptolemy.moml.MoMLSimpleApplication@3217f6dc
reloadAllAccessors: .BooleanJoin

===========================================================================================
----------------- testing Tue Sep 04 02:08:18 UTC 2018 /home/travis/build/icyphy/ptII/ptolemy/domains/sdf/lib/test/auto/BootstrapSampleDelay.xml
----------------- Instantiating /home/travis/build/icyphy/ptII/ptolemy/domains/sdf/lib/test/auto/BootstrapSampleDelay.xml
13 ms. Memory: 146944K Free: 79795K (54%)
----------------- Invoking toplevel() on ptolemy.moml.MoMLSimpleApplication@203859d8
----------------- Done invoking toplevel() on ptolemy.moml.MoMLSimpleApplication@203859d8
reloadAllAccessors: .BootstrapSampleDelay

===========================================================================================
----------------- testing Tue Sep 04 02:08:18 UTC 2018 /home/travis/build/icyphy/ptII/ptolemy/domains/sdf/lib/test/auto/Chop.xml
----------------- Instantiating /home/travis/build/icyphy/ptII/ptolemy/domains/sdf/lib/test/auto/Chop.xml
9 ms. Memory: 208384K Free: 193319K (93%)
----------------- Invoking toplevel() on ptolemy.moml.MoMLSimpleApplication@3b9534f7
----------------- Done invoking toplevel() on ptolemy.moml.MoMLSimpleApplication@3b9534f7
reloadAllAccessors: .Chop

===========================================================================================
----------------- testing Tue Sep 04 02:08:18 UTC 2018 /home/travis/build/icyphy/ptII/ptolemy/domains/sdf/lib/test/auto/Chop2.xml
----------------- Instantiating /home/travis/build/icyphy/ptII/ptolemy/domains/sdf/lib/test/auto/Chop2.xml
4 ms. Memory: 208384K Free: 184650K (89%)
----------------- Invoking toplevel() on ptolemy.moml.MoMLSimpleApplication@27b25467
----------------- Done invoking toplevel() on ptolemy.moml.MoMLSimpleApplication@27b25467
reloadAllAccessors: .Chop2

===========================================================================================
----------------- testing Tue Sep 04 02:08:18 UTC 2018 /home/travis/build/icyphy/ptII/ptolemy/domains/sdf/lib/test/auto/ComplexJoin.xml
----------------- Instantiating /home/travis/build/icyphy/ptII/ptolemy/domains/sdf/lib/test/auto/ComplexJoin.xml
4 ms. Memory: 208384K Free: 180245K (86%)
----------------- Invoking toplevel() on ptolemy.moml.MoMLSimpleApplication@64bfb178
----------------- Done invoking toplevel() on ptolemy.moml.MoMLSimpleApplication@64bfb178
reloadAllAccessors: .ComplexJoin

===========================================================================================
----------------- testing Tue Sep 04 02:08:18 UTC 2018 /home/travis/build/icyphy/ptII/ptolemy/domains/sdf/lib/test/auto/CountTrues.xml
----------------- Instantiating /home/travis/build/icyphy/ptII/ptolemy/domains/sdf/lib/test/auto/CountTrues.xml
2 ms. Memory: 208384K Free: 177125K (85%)
----------------- Invoking toplevel() on ptolemy.moml.MoMLSimpleApplication@1602b61a
----------------- Done invoking toplevel() on ptolemy.moml.MoMLSimpleApplication@1602b61a
reloadAllAccessors: .CountTrues

===========================================================================================
----------------- testing Tue Sep 04 02:08:18 UTC 2018 /home/travis/build/icyphy/ptII/ptolemy/domains/sdf/lib/test/auto/DelayLine.xml
----------------- Instantiating /home/travis/build/icyphy/ptII/ptolemy/domains/sdf/lib/test/auto/DelayLine.xml
4 ms. Memory: 208384K Free: 170964K (82%)
----------------- Invoking toplevel() on ptolemy.moml.MoMLSimpleApplication@7710f240
----------------- Done invoking toplevel() on ptolemy.moml.MoMLSimpleApplication@7710f240
reloadAllAccessors: .DelayLine

===========================================================================================
----------------- testing Tue Sep 04 02:08:18 UTC 2018 /home/travis/build/icyphy/ptII/ptolemy/domains/sdf/lib/test/auto/DotProduct.xml
----------------- Instantiating /home/travis/build/icyphy/ptII/ptolemy/domains/sdf/lib/test/auto/DotProduct.xml
2 ms. Memory: 208384K Free: 166317K (80%)
----------------- Invoking toplevel() on ptolemy.moml.MoMLSimpleApplication@78ab7ae7
----------------- Done invoking toplevel() on ptolemy.moml.MoMLSimpleApplication@78ab7ae7
reloadAllAccessors: .DotProduct

===========================================================================================
----------------- testing Tue Sep 04 02:08:18 UTC 2018 /home/travis/build/icyphy/ptII/ptolemy/domains/sdf/lib/test/auto/DotProductMatrix.xml
----------------- Instantiating /home/travis/build/icyphy/ptII/ptolemy/domains/sdf/lib/test/auto/DotProductMatrix.xml
5 ms. Memory: 208384K Free: 163197K (78%)
----------------- Invoking toplevel() on ptolemy.moml.MoMLSimpleApplication@555006fa
----------------- Done invoking toplevel() on ptolemy.moml.MoMLSimpleApplication@555006fa
reloadAllAccessors: .DotProductMatrix

===========================================================================================
----------------- testing Tue Sep 04 02:08:18 UTC 2018 /home/travis/build/icyphy/ptII/ptolemy/domains/sdf/lib/test/auto/DownSample1.xml
----------------- Instantiating /home/travis/build/icyphy/ptII/ptolemy/domains/sdf/lib/test/auto/DownSample1.xml
2 ms. Memory: 208384K Free: 159479K (77%)
----------------- Invoking toplevel() on ptolemy.moml.MoMLSimpleApplication@446c44b1
----------------- Done invoking toplevel() on ptolemy.moml.MoMLSimpleApplication@446c44b1
reloadAllAccessors: .DownSample1

===========================================================================================
----------------- testing Tue Sep 04 02:08:18 UTC 2018 /home/travis/build/icyphy/ptII/ptolemy/domains/sdf/lib/test/auto/DynamicRateChange.xml
----------------- Instantiating /home/travis/build/icyphy/ptII/ptolemy/domains/sdf/lib/test/auto/DynamicRateChange.xml
16 ms. Memory: 208384K Free: 153303K (74%)
----------------- Invoking toplevel() on ptolemy.moml.MoMLSimpleApplication@19eebc58
----------------- Done invoking toplevel() on ptolemy.moml.MoMLSimpleApplication@19eebc58
reloadAllAccessors: .DynamicRateChange

===========================================================================================
----------------- testing Tue Sep 04 02:08:18 UTC 2018 /home/travis/build/icyphy/ptII/ptolemy/domains/sdf/lib/test/auto/DynamicRates.xml
----------------- Instantiating /home/travis/build/icyphy/ptII/ptolemy/domains/sdf/lib/test/auto/DynamicRates.xml
12 ms. Memory: 208384K Free: 146184K (70%)
----------------- Invoking toplevel() on ptolemy.moml.MoMLSimpleApplication@586b4d2c
----------------- Done invoking toplevel() on ptolemy.moml.MoMLSimpleApplication@586b4d2c
reloadAllAccessors: .DynamicRates

===========================================================================================
----------------- testing Tue Sep 04 02:08:19 UTC 2018 /home/travis/build/icyphy/ptII/ptolemy/domains/sdf/lib/test/auto/FFT1.xml
----------------- Instantiating /home/travis/build/icyphy/ptII/ptolemy/domains/sdf/lib/test/auto/FFT1.xml
11 ms. Memory: 208384K Free: 141269K (68%)
----------------- Invoking toplevel() on ptolemy.moml.MoMLSimpleApplication@32c59555
----------------- Done invoking toplevel() on ptolemy.moml.MoMLSimpleApplication@32c59555
reloadAllAccessors: .FFT1

===========================================================================================
----------------- testing Tue Sep 04 02:08:19 UTC 2018 /home/travis/build/icyphy/ptII/ptolemy/domains/sdf/lib/test/auto/FIR1.xml
----------------- Instantiating /home/travis/build/icyphy/ptII/ptolemy/domains/sdf/lib/test/auto/FIR1.xml
19 ms. Memory: 208384K Free: 133831K (64%)
----------------- Invoking toplevel() on ptolemy.moml.MoMLSimpleApplication@142a17ab
----------------- Done invoking toplevel() on ptolemy.moml.MoMLSimpleApplication@142a17ab
reloadAllAccessors: .FIR1

===========================================================================================
----------------- testing Tue Sep 04 02:08:19 UTC 2018 /home/travis/build/icyphy/ptII/ptolemy/domains/sdf/lib/test/auto/FIR2.xml
----------------- Instantiating /home/travis/build/icyphy/ptII/ptolemy/domains/sdf/lib/test/auto/FIR2.xml
3 ms. Memory: 208384K Free: 130129K (62%)
----------------- Invoking toplevel() on ptolemy.moml.MoMLSimpleApplication@59588ba
----------------- Done invoking toplevel() on ptolemy.moml.MoMLSimpleApplication@59588ba
reloadAllAccessors: .FIR2

===========================================================================================
----------------- testing Tue Sep 04 02:08:19 UTC 2018 /home/travis/build/icyphy/ptII/ptolemy/domains/sdf/lib/test/auto/FIR4.xml
----------------- Instantiating /home/travis/build/icyphy/ptII/ptolemy/domains/sdf/lib/test/auto/FIR4.xml
7 ms. Memory: 208384K Free: 119922K (58%)
----------------- Invoking toplevel() on ptolemy.moml.MoMLSimpleApplication@ad6f15d
----------------- Done invoking toplevel() on ptolemy.moml.MoMLSimpleApplication@ad6f15d
reloadAllAccessors: .FIR4

===========================================================================================
----------------- testing Tue Sep 04 02:08:19 UTC 2018 /home/travis/build/icyphy/ptII/ptolemy/domains/sdf/lib/test/auto/FixJoin.xml
----------------- Instantiating /home/travis/build/icyphy/ptII/ptolemy/domains/sdf/lib/test/auto/FixJoin.xml
3 ms. Memory: 208384K Free: 114959K (55%)
----------------- Invoking toplevel() on ptolemy.moml.MoMLSimpleApplication@29143e21
----------------- Done invoking toplevel() on ptolemy.moml.MoMLSimpleApplication@29143e21
reloadAllAccessors: .FixJoin

===========================================================================================
----------------- testing Tue Sep 04 02:08:19 UTC 2018 /home/travis/build/icyphy/ptII/ptolemy/domains/sdf/lib/test/auto/IntJoin1.xml
----------------- Instantiating /home/travis/build/icyphy/ptII/ptolemy/domains/sdf/lib/test/auto/IntJoin1.xml
4 ms. Memory: 208384K Free: 110642K (53%)
----------------- Invoking toplevel() on ptolemy.moml.MoMLSimpleApplication@6441fd46
----------------- Done invoking toplevel() on ptolemy.moml.MoMLSimpleApplication@6441fd46
reloadAllAccessors: .IntJoin1

===========================================================================================
----------------- testing Tue Sep 04 02:08:19 UTC 2018 /home/travis/build/icyphy/ptII/ptolemy/domains/sdf/lib/test/auto/IntJoin2.xml
----------------- Instantiating /home/travis/build/icyphy/ptII/ptolemy/domains/sdf/lib/test/auto/IntJoin2.xml
3 ms. Memory: 208384K Free: 105678K (51%)
----------------- Invoking toplevel() on ptolemy.moml.MoMLSimpleApplication@6c46ec5f
----------------- Done invoking toplevel() on ptolemy.moml.MoMLSimpleApplication@6c46ec5f
reloadAllAccessors: .IntJoin2

===========================================================================================
----------------- testing Tue Sep 04 02:08:19 UTC 2018 /home/travis/build/icyphy/ptII/ptolemy/domains/sdf/lib/test/auto/IntJoin3.xml
----------------- Instantiating /home/travis/build/icyphy/ptII/ptolemy/domains/sdf/lib/test/auto/IntJoin3.xml
6 ms. Memory: 208384K Free: 99781K (48%)
----------------- Invoking toplevel() on ptolemy.moml.MoMLSimpleApplication@510556e2
----------------- Done invoking toplevel() on ptolemy.moml.MoMLSimpleApplication@510556e2
reloadAllAccessors: .IntJoin3

===========================================================================================
----------------- testing Tue Sep 04 02:08:19 UTC 2018 /home/travis/build/icyphy/ptII/ptolemy/domains/sdf/lib/test/auto/IntJoin4.xml
----------------- Instantiating /home/travis/build/icyphy/ptII/ptolemy/domains/sdf/lib/test/auto/IntJoin4.xml
5 ms. Memory: 208384K Free: 94817K (46%)
----------------- Invoking toplevel() on ptolemy.moml.MoMLSimpleApplication@15235f94
----------------- Done invoking toplevel() on ptolemy.moml.MoMLSimpleApplication@15235f94
reloadAllAccessors: .IntJoin4

===========================================================================================
----------------- testing Tue Sep 04 02:08:19 UTC 2018 /home/travis/build/icyphy/ptII/ptolemy/domains/sdf/lib/test/auto/IntJoin5.xml
----------------- Instantiating /home/travis/build/icyphy/ptII/ptolemy/domains/sdf/lib/test/auto/IntJoin5.xml
2 ms. Memory: 208384K Free: 89846K (43%)
----------------- Invoking toplevel() on ptolemy.moml.MoMLSimpleApplication@4e1b05b2
----------------- Done invoking toplevel() on ptolemy.moml.MoMLSimpleApplication@4e1b05b2
reloadAllAccessors: .IntJoin5

===========================================================================================
----------------- testing Tue Sep 04 02:08:19 UTC 2018 /home/travis/build/icyphy/ptII/ptolemy/domains/sdf/lib/test/auto/IntToBits.xml
----------------- Instantiating /home/travis/build/icyphy/ptII/ptolemy/domains/sdf/lib/test/auto/IntToBits.xml
5 ms. Memory: 208384K Free: 86774K (42%)
----------------- Invoking toplevel() on ptolemy.moml.MoMLSimpleApplication@30f72eb8
----------------- Done invoking toplevel() on ptolemy.moml.MoMLSimpleApplication@30f72eb8
reloadAllAccessors: .IntToBits

===========================================================================================
----------------- testing Tue Sep 04 02:08:19 UTC 2018 /home/travis/build/icyphy/ptII/ptolemy/domains/sdf/lib/test/auto/LMSAdaptive.xml
----------------- Instantiating /home/travis/build/icyphy/ptII/ptolemy/domains/sdf/lib/test/auto/LMSAdaptive.xml
13 ms. Memory: 208384K Free: 198698K (95%)
----------------- Invoking toplevel() on ptolemy.moml.MoMLSimpleApplication@1f02a9af
----------------- Done invoking toplevel() on ptolemy.moml.MoMLSimpleApplication@1f02a9af
reloadAllAccessors: .LMSAdaptive

===========================================================================================
----------------- testing Tue Sep 04 02:08:19 UTC 2018 /home/travis/build/icyphy/ptII/ptolemy/domains/sdf/lib/test/auto/LMSAdaptiveFIR.xml
----------------- Instantiating /home/travis/build/icyphy/ptII/ptolemy/domains/sdf/lib/test/auto/LMSAdaptiveFIR.xml
312 ms. Memory: 208384K Free: 158164K (76%)
----------------- Invoking toplevel() on ptolemy.moml.MoMLSimpleApplication@3a937cdf
----------------- Done invoking toplevel() on ptolemy.moml.MoMLSimpleApplication@3a937cdf
reloadAllAccessors: .LMSAdaptiveFIR

===========================================================================================
----------------- testing Tue Sep 04 02:08:19 UTC 2018 /home/travis/build/icyphy/ptII/ptolemy/domains/sdf/lib/test/auto/LMSAdaptiveFIR2.xml
----------------- Instantiating /home/travis/build/icyphy/ptII/ptolemy/domains/sdf/lib/test/auto/LMSAdaptiveFIR2.xml
376 ms. Memory: 208384K Free: 97778K (47%)
----------------- Invoking toplevel() on ptolemy.moml.MoMLSimpleApplication@630f29b6
----------------- Done invoking toplevel() on ptolemy.moml.MoMLSimpleApplication@630f29b6
reloadAllAccessors: .LMSAdaptiveFIR2

===========================================================================================
----------------- testing Tue Sep 04 02:08:20 UTC 2018 /home/travis/build/icyphy/ptII/ptolemy/domains/sdf/lib/test/auto/LongJoin.xml
----------------- Instantiating /home/travis/build/icyphy/ptII/ptolemy/domains/sdf/lib/test/auto/LongJoin.xml
6 ms. Memory: 208384K Free: 91764K (44%)
----------------- Invoking toplevel() on ptolemy.moml.MoMLSimpleApplication@2def75
----------------- Done invoking toplevel() on ptolemy.moml.MoMLSimpleApplication@2def75
reloadAllAccessors: .LongJoin

===========================================================================================
----------------- testing Tue Sep 04 02:08:20 UTC 2018 /home/travis/build/icyphy/ptII/ptolemy/domains/sdf/lib/test/auto/Matrix1.xml
----------------- Instantiating /home/travis/build/icyphy/ptII/ptolemy/domains/sdf/lib/test/auto/Matrix1.xml
6 ms. Memory: 208384K Free: 87366K (42%)
----------------- Invoking toplevel() on ptolemy.moml.MoMLSimpleApplication@4d6e48e1
----------------- Done invoking toplevel() on ptolemy.moml.MoMLSimpleApplication@4d6e48e1
reloadAllAccessors: .Matrix1

===========================================================================================
----------------- testing Tue Sep 04 02:08:20 UTC 2018 /home/travis/build/icyphy/ptII/ptolemy/domains/sdf/lib/test/auto/Matrix2.xml
----------------- Instantiating /home/travis/build/icyphy/ptII/ptolemy/domains/sdf/lib/test/auto/Matrix2.xml
5 ms. Memory: 208384K Free: 83034K (40%)
----------------- Invoking toplevel() on ptolemy.moml.MoMLSimpleApplication@5d3fc104
----------------- Done invoking toplevel() on ptolemy.moml.MoMLSimpleApplication@5d3fc104
reloadAllAccessors: .Matrix2

===========================================================================================
----------------- testing Tue Sep 04 02:08:20 UTC 2018 /home/travis/build/icyphy/ptII/ptolemy/domains/sdf/lib/test/auto/MatrixJoin1.xml
----------------- Instantiating /home/travis/build/icyphy/ptII/ptolemy/domains/sdf/lib/test/auto/MatrixJoin1.xml
4 ms. Memory: 208384K Free: 77671K (37%)
----------------- Invoking toplevel() on ptolemy.moml.MoMLSimpleApplication@7355a445
----------------- Done invoking toplevel() on ptolemy.moml.MoMLSimpleApplication@7355a445
reloadAllAccessors: .MatrixJoin1

===========================================================================================
----------------- testing Tue Sep 04 02:08:20 UTC 2018 /home/travis/build/icyphy/ptII/ptolemy/domains/sdf/lib/test/auto/MatrixJoin2.xml
----------------- Instantiating /home/travis/build/icyphy/ptII/ptolemy/domains/sdf/lib/test/auto/MatrixJoin2.xml
3 ms. Memory: 332800K Free: 316510K (95%)
----------------- Invoking toplevel() on ptolemy.moml.MoMLSimpleApplication@5bdf4454
----------------- Done invoking toplevel() on ptolemy.moml.MoMLSimpleApplication@5bdf4454
reloadAllAccessors: .MatrixJoin2

===========================================================================================
----------------- testing Tue Sep 04 02:08:20 UTC 2018 /home/travis/build/icyphy/ptII/ptolemy/domains/sdf/lib/test/auto/MatrixJoin3.xml
----------------- Instantiating /home/travis/build/icyphy/ptII/ptolemy/domains/sdf/lib/test/auto/MatrixJoin3.xml
3 ms. Memory: 332800K Free: 311579K (94%)
----------------- Invoking toplevel() on ptolemy.moml.MoMLSimpleApplication@6104871c
----------------- Done invoking toplevel() on ptolemy.moml.MoMLSimpleApplication@6104871c
reloadAllAccessors: .MatrixJoin3

===========================================================================================
----------------- testing Tue Sep 04 02:08:20 UTC 2018 /home/travis/build/icyphy/ptII/ptolemy/domains/sdf/lib/test/auto/MatrixJoin4.xml
----------------- Instantiating /home/travis/build/icyphy/ptII/ptolemy/domains/sdf/lib/test/auto/MatrixJoin4.xml
3 ms. Memory: 332800K Free: 305419K (92%)
----------------- Invoking toplevel() on ptolemy.moml.MoMLSimpleApplication@2ee0a9e0
----------------- Done invoking toplevel() on ptolemy.moml.MoMLSimpleApplication@2ee0a9e0
reloadAllAccessors: .MatrixJoin4

===========================================================================================
----------------- testing Tue Sep 04 02:08:20 UTC 2018 /home/travis/build/icyphy/ptII/ptolemy/domains/sdf/lib/test/auto/MatrixJoin5.xml
----------------- Instantiating /home/travis/build/icyphy/ptII/ptolemy/domains/sdf/lib/test/auto/MatrixJoin5.xml
2 ms. Memory: 332800K Free: 299071K (90%)
----------------- Invoking toplevel() on ptolemy.moml.MoMLSimpleApplication@487e361d
----------------- Done invoking toplevel() on ptolemy.moml.MoMLSimpleApplication@487e361d
reloadAllAccessors: .MatrixJoin5

===========================================================================================
----------------- testing Tue Sep 04 02:08:20 UTC 2018 /home/travis/build/icyphy/ptII/ptolemy/domains/sdf/lib/test/auto/MatrixSplit1.xml
----------------- Instantiating /home/travis/build/icyphy/ptII/ptolemy/domains/sdf/lib/test/auto/MatrixSplit1.xml
3 ms. Memory: 332800K Free: 292927K (88%)
----------------- Invoking toplevel() on ptolemy.moml.MoMLSimpleApplication@4b8aed01
----------------- Done invoking toplevel() on ptolemy.moml.MoMLSimpleApplication@4b8aed01
reloadAllAccessors: .MatrixSplit1

===========================================================================================
----------------- testing Tue Sep 04 02:08:20 UTC 2018 /home/travis/build/icyphy/ptII/ptolemy/domains/sdf/lib/test/auto/MatrixSplit10.xml
----------------- Instantiating /home/travis/build/icyphy/ptII/ptolemy/domains/sdf/lib/test/auto/MatrixSplit10.xml
2 ms. Memory: 332800K Free: 288012K (87%)
----------------- Invoking toplevel() on ptolemy.moml.MoMLSimpleApplication@9a50f50
----------------- Done invoking toplevel() on ptolemy.moml.MoMLSimpleApplication@9a50f50
reloadAllAccessors: .MatrixSplit10

===========================================================================================
----------------- testing Tue Sep 04 02:08:20 UTC 2018 /home/travis/build/icyphy/ptII/ptolemy/domains/sdf/lib/test/auto/MatrixSplit11.xml
----------------- Instantiating /home/travis/build/icyphy/ptII/ptolemy/domains/sdf/lib/test/auto/MatrixSplit11.xml
4 ms. Memory: 332800K Free: 283096K (85%)
----------------- Invoking toplevel() on ptolemy.moml.MoMLSimpleApplication@7c4a10f3
----------------- Done invoking toplevel() on ptolemy.moml.MoMLSimpleApplication@7c4a10f3
reloadAllAccessors: .MatrixSplit11

===========================================================================================
----------------- testing Tue Sep 04 02:08:20 UTC 2018 /home/travis/build/icyphy/ptII/ptolemy/domains/sdf/lib/test/auto/MatrixSplit12.xml
----------------- Instantiating /home/travis/build/icyphy/ptII/ptolemy/domains/sdf/lib/test/auto/MatrixSplit12.xml
2 ms. Memory: 332800K Free: 276764K (83%)
----------------- Invoking toplevel() on ptolemy.moml.MoMLSimpleApplication@7d7ca434
----------------- Done invoking toplevel() on ptolemy.moml.MoMLSimpleApplication@7d7ca434
reloadAllAccessors: .MatrixSplit12

===========================================================================================
----------------- testing Tue Sep 04 02:08:20 UTC 2018 /home/travis/build/icyphy/ptII/ptolemy/domains/sdf/lib/test/auto/MatrixSplit13.xml
----------------- Instantiating /home/travis/build/icyphy/ptII/ptolemy/domains/sdf/lib/test/auto/MatrixSplit13.xml
5 ms. Memory: 332800K Free: 271849K (82%)
----------------- Invoking toplevel() on ptolemy.moml.MoMLSimpleApplication@1d92f2b8
----------------- Done invoking toplevel() on ptolemy.moml.MoMLSimpleApplication@1d92f2b8
reloadAllAccessors: .MatrixSplit13

===========================================================================================
----------------- testing Tue Sep 04 02:08:20 UTC 2018 /home/travis/build/icyphy/ptII/ptolemy/domains/sdf/lib/test/auto/MatrixSplit14.xml
----------------- Instantiating /home/travis/build/icyphy/ptII/ptolemy/domains/sdf/lib/test/auto/MatrixSplit14.xml
3 ms. Memory: 332800K Free: 266934K (80%)
----------------- Invoking toplevel() on ptolemy.moml.MoMLSimpleApplication@6e4a80a6
----------------- Done invoking toplevel() on ptolemy.moml.MoMLSimpleApplication@6e4a80a6
reloadAllAccessors: .MatrixSplit14

===========================================================================================
----------------- testing Tue Sep 04 02:08:20 UTC 2018 /home/travis/build/icyphy/ptII/ptolemy/domains/sdf/lib/test/auto/MatrixSplit2.xml
----------------- Instantiating /home/travis/build/icyphy/ptII/ptolemy/domains/sdf/lib/test/auto/MatrixSplit2.xml
4 ms. Memory: 332800K Free: 260602K (78%)
----------------- Invoking toplevel() on ptolemy.moml.MoMLSimpleApplication@1a14285
----------------- Done invoking toplevel() on ptolemy.moml.MoMLSimpleApplication@1a14285
reloadAllAccessors: .MatrixSplit2

===========================================================================================
----------------- testing Tue Sep 04 02:08:20 UTC 2018 /home/travis/build/icyphy/ptII/ptolemy/domains/sdf/lib/test/auto/MatrixSplit3.xml
----------------- Instantiating /home/travis/build/icyphy/ptII/ptolemy/domains/sdf/lib/test/auto/MatrixSplit3.xml
2 ms. Memory: 332800K Free: 255687K (77%)
----------------- Invoking toplevel() on ptolemy.moml.MoMLSimpleApplication@56c865af
----------------- Done invoking toplevel() on ptolemy.moml.MoMLSimpleApplication@56c865af
reloadAllAccessors: .MatrixSplit3

===========================================================================================
----------------- testing Tue Sep 04 02:08:20 UTC 2018 /home/travis/build/icyphy/ptII/ptolemy/domains/sdf/lib/test/auto/MatrixSplit4.xml
----------------- Instantiating /home/travis/build/icyphy/ptII/ptolemy/domains/sdf/lib/test/auto/MatrixSplit4.xml
5 ms. Memory: 332800K Free: 250772K (75%)
----------------- Invoking toplevel() on ptolemy.moml.MoMLSimpleApplication@5d55d67e
----------------- Done invoking toplevel() on ptolemy.moml.MoMLSimpleApplication@5d55d67e
reloadAllAccessors: .MatrixSplit4

===========================================================================================
----------------- testing Tue Sep 04 02:08:20 UTC 2018 /home/travis/build/icyphy/ptII/ptolemy/domains/sdf/lib/test/auto/MatrixSplit5.xml
----------------- Instantiating /home/travis/build/icyphy/ptII/ptolemy/domains/sdf/lib/test/auto/MatrixSplit5.xml
2 ms. Memory: 332800K Free: 245856K (74%)
----------------- Invoking toplevel() on ptolemy.moml.MoMLSimpleApplication@71541ee8
----------------- Done invoking toplevel() on ptolemy.moml.MoMLSimpleApplication@71541ee8
reloadAllAccessors: .MatrixSplit5

===========================================================================================
----------------- testing Tue Sep 04 02:08:20 UTC 2018 /home/travis/build/icyphy/ptII/ptolemy/domains/sdf/lib/test/auto/MatrixSplit6.xml
----------------- Instantiating /home/travis/build/icyphy/ptII/ptolemy/domains/sdf/lib/test/auto/MatrixSplit6.xml
2 ms. Memory: 332800K Free: 239524K (72%)
----------------- Invoking toplevel() on ptolemy.moml.MoMLSimpleApplication@5ffe4b1c
----------------- Done invoking toplevel() on ptolemy.moml.MoMLSimpleApplication@5ffe4b1c
reloadAllAccessors: .MatrixSplit6

===========================================================================================
----------------- testing Tue Sep 04 02:08:20 UTC 2018 /home/travis/build/icyphy/ptII/ptolemy/domains/sdf/lib/test/auto/MatrixSplit7.xml
----------------- Instantiating /home/travis/build/icyphy/ptII/ptolemy/domains/sdf/lib/test/auto/MatrixSplit7.xml
2 ms. Memory: 332800K Free: 234609K (70%)
----------------- Invoking toplevel() on ptolemy.moml.MoMLSimpleApplication@63114a66
----------------- Done invoking toplevel() on ptolemy.moml.MoMLSimpleApplication@63114a66
reloadAllAccessors: .MatrixSplit7

===========================================================================================
----------------- testing Tue Sep 04 02:08:20 UTC 2018 /home/travis/build/icyphy/ptII/ptolemy/domains/sdf/lib/test/auto/MatrixSplit8.xml
----------------- Instantiating /home/travis/build/icyphy/ptII/ptolemy/domains/sdf/lib/test/auto/MatrixSplit8.xml
2 ms. Memory: 332800K Free: 229694K (69%)
----------------- Invoking toplevel() on ptolemy.moml.MoMLSimpleApplication@7dabf5d4
----------------- Done invoking toplevel() on ptolemy.moml.MoMLSimpleApplication@7dabf5d4
reloadAllAccessors: .MatrixSplit8

===========================================================================================
----------------- testing Tue Sep 04 02:08:20 UTC 2018 /home/travis/build/icyphy/ptII/ptolemy/domains/sdf/lib/test/auto/MatrixSplit9.xml
----------------- Instantiating /home/travis/build/icyphy/ptII/ptolemy/domains/sdf/lib/test/auto/MatrixSplit9.xml
6 ms. Memory: 332800K Free: 223362K (67%)
----------------- Invoking toplevel() on ptolemy.moml.MoMLSimpleApplication@7a23d339
----------------- Done invoking toplevel() on ptolemy.moml.MoMLSimpleApplication@7a23d339
reloadAllAccessors: .MatrixSplit9

===========================================================================================
----------------- testing Tue Sep 04 02:08:20 UTC 2018 /home/travis/build/icyphy/ptII/ptolemy/domains/sdf/lib/test/auto/MatrixToSequence.xml
----------------- Instantiating /home/travis/build/icyphy/ptII/ptolemy/domains/sdf/lib/test/auto/MatrixToSequence.xml
13 ms. Memory: 332800K Free: 212302K (64%)
----------------- Invoking toplevel() on ptolemy.moml.MoMLSimpleApplication@348602e0
----------------- Done invoking toplevel() on ptolemy.moml.MoMLSimpleApplication@348602e0
reloadAllAccessors: .MatrixToSequence

===========================================================================================
----------------- testing Tue Sep 04 02:08:21 UTC 2018 /home/travis/build/icyphy/ptII/ptolemy/domains/sdf/lib/test/auto/MaximumEntropySpectrum.xml
----------------- Instantiating /home/travis/build/icyphy/ptII/ptolemy/domains/sdf/lib/test/auto/MaximumEntropySpectrum.xml
11 ms. Memory: 332800K Free: 188935K (57%)
----------------- Invoking toplevel() on ptolemy.moml.MoMLSimpleApplication@35e0fa35
----------------- Done invoking toplevel() on ptolemy.moml.MoMLSimpleApplication@35e0fa35
reloadAllAccessors: .MaximumEntropySpectrum

===========================================================================================
----------------- testing Tue Sep 04 02:08:21 UTC 2018 /home/travis/build/icyphy/ptII/ptolemy/domains/sdf/lib/test/auto/SampleDelayConversion.xml
----------------- Instantiating /home/travis/build/icyphy/ptII/ptolemy/domains/sdf/lib/test/auto/SampleDelayConversion.xml
3 ms. Memory: 332800K Free: 182603K (55%)
----------------- Invoking toplevel() on ptolemy.moml.MoMLSimpleApplication@586c025e
----------------- Done invoking toplevel() on ptolemy.moml.MoMLSimpleApplication@586c025e
reloadAllAccessors: .SampleDelayConversion

===========================================================================================
----------------- testing Tue Sep 04 02:08:21 UTC 2018 /home/travis/build/icyphy/ptII/ptolemy/domains/sdf/lib/test/auto/SequenceToArray.xml
----------------- Instantiating /home/travis/build/icyphy/ptII/ptolemy/domains/sdf/lib/test/auto/SequenceToArray.xml
9 ms. Memory: 332800K Free: 169086K (51%)
----------------- Invoking toplevel() on ptolemy.moml.MoMLSimpleApplication@43b9bbe0
----------------- Done invoking toplevel() on ptolemy.moml.MoMLSimpleApplication@43b9bbe0
reloadAllAccessors: .SequenceToArray

===========================================================================================
----------------- testing Tue Sep 04 02:08:21 UTC 2018 /home/travis/build/icyphy/ptII/ptolemy/domains/sdf/lib/test/auto/SequenceToMatrix.xml
----------------- Instantiating /home/travis/build/icyphy/ptII/ptolemy/domains/sdf/lib/test/auto/SequenceToMatrix.xml
4138 ms. Memory: 579072K Free: 491814K (85%)
----------------- Invoking toplevel() on ptolemy.moml.MoMLSimpleApplication@7e82cd8e
----------------- Done invoking toplevel() on ptolemy.moml.MoMLSimpleApplication@7e82cd8e
reloadAllAccessors: .SequenceToMatrix

===========================================================================================
----------------- testing Tue Sep 04 02:08:25 UTC 2018 /home/travis/build/icyphy/ptII/ptolemy/domains/sdf/lib/test/auto/SmoothedPeriodogram.xml
----------------- Instantiating /home/travis/build/icyphy/ptII/ptolemy/domains/sdf/lib/test/auto/SmoothedPeriodogram.xml
7 ms. Memory: 579072K Free: 468838K (81%)
----------------- Invoking toplevel() on ptolemy.moml.MoMLSimpleApplication@1a3aa2db
----------------- Done invoking toplevel() on ptolemy.moml.MoMLSimpleApplication@1a3aa2db
reloadAllAccessors: .SmoothedPeriodogram

===========================================================================================
----------------- testing Tue Sep 04 02:08:25 UTC 2018 /home/travis/build/icyphy/ptII/ptolemy/domains/sdf/lib/test/auto/UpDownSample1.xml
----------------- Instantiating /home/travis/build/icyphy/ptII/ptolemy/domains/sdf/lib/test/auto/UpDownSample1.xml
2 ms. Memory: 579072K Free: 462050K (80%)
----------------- Invoking toplevel() on ptolemy.moml.MoMLSimpleApplication@69e37452
----------------- Done invoking toplevel() on ptolemy.moml.MoMLSimpleApplication@69e37452
reloadAllAccessors: .UpDownSample1

===========================================================================================
----------------- testing Tue Sep 04 02:08:25 UTC 2018 /home/travis/build/icyphy/ptII/ptolemy/domains/sdf/lib/test/auto/UpSample1.xml
----------------- Instantiating /home/travis/build/icyphy/ptII/ptolemy/domains/sdf/lib/test/auto/UpSample1.xml
2 ms. Memory: 579072K Free: 455503K (79%)
----------------- Invoking toplevel() on ptolemy.moml.MoMLSimpleApplication@15fb3aea
----------------- Done invoking toplevel() on ptolemy.moml.MoMLSimpleApplication@15fb3aea
reloadAllAccessors: .UpSample1

===========================================================================================
----------------- testing Tue Sep 04 02:08:25 UTC 2018 /home/travis/build/icyphy/ptII/ptolemy/domains/sdf/lib/test/auto/VariableFIR.xml
----------------- Instantiating /home/travis/build/icyphy/ptII/ptolemy/domains/sdf/lib/test/auto/VariableFIR.xml
3 ms. Memory: 579072K Free: 445683K (77%)
----------------- Invoking toplevel() on ptolemy.moml.MoMLSimpleApplication@2626c038
----------------- Done invoking toplevel() on ptolemy.moml.MoMLSimpleApplication@2626c038
reloadAllAccessors: .VariableFIR

===========================================================================================
----------------- testing Tue Sep 04 02:08:25 UTC 2018 /home/travis/build/icyphy/ptII/ptolemy/domains/sdf/lib/test/auto/VariableFIR2.xml
----------------- Instantiating /home/travis/build/icyphy/ptII/ptolemy/domains/sdf/lib/test/auto/VariableFIR2.xml
3 ms. Memory: 579072K Free: 433901K (75%)
----------------- Invoking toplevel() on ptolemy.moml.MoMLSimpleApplication@655c5843
----------------- Done invoking toplevel() on ptolemy.moml.MoMLSimpleApplication@655c5843
reloadAllAccessors: .VariableFIR2

===========================================================================================
----------------- testing Tue Sep 04 02:08:25 UTC 2018 /home/travis/build/icyphy/ptII/ptolemy/domains/sdf/lib/test/auto/VariableLattice.xml
----------------- Instantiating /home/travis/build/icyphy/ptII/ptolemy/domains/sdf/lib/test/auto/VariableLattice.xml
4 ms. Memory: 579072K Free: 424081K (73%)
----------------- Invoking toplevel() on ptolemy.moml.MoMLSimpleApplication@208cf9d7
----------------- Done invoking toplevel() on ptolemy.moml.MoMLSimpleApplication@208cf9d7
reloadAllAccessors: .VariableLattice

===========================================================================================
----------------- testing Tue Sep 04 02:08:25 UTC 2018 /home/travis/build/icyphy/ptII/ptolemy/domains/sdf/lib/test/auto/VariableLattice2.xml
----------------- Instantiating /home/travis/build/icyphy/ptII/ptolemy/domains/sdf/lib/test/auto/VariableLattice2.xml
1.0
-1.999999602036
1.9099998677481
-0.9099996420674
0.205
0.0
0.0
1.0
-0.25
-0.5
0.0
0.0
0.0
0.0
4 ms. Memory: 579072K Free: 414261K (72%)
----------------- Invoking toplevel() on ptolemy.moml.MoMLSimpleApplication@14926c4a
----------------- Done invoking toplevel() on ptolemy.moml.MoMLSimpleApplication@14926c4a
reloadAllAccessors: .VariableLattice2

===========================================================================================
----------------- testing Tue Sep 04 02:08:25 UTC 2018 /home/travis/build/icyphy/ptII/ptolemy/domains/sdf/lib/test/auto/VariableRecursiveLattice.xml
----------------- Instantiating /home/travis/build/icyphy/ptII/ptolemy/domains/sdf/lib/test/auto/VariableRecursiveLattice.xml
12 ms. Memory: 579072K Free: 404441K (70%)
----------------- Invoking toplevel() on ptolemy.moml.MoMLSimpleApplication@f961d23
----------------- Done invoking toplevel() on ptolemy.moml.MoMLSimpleApplication@f961d23
reloadAllAccessors: .VariableRecursiveLattice

===========================================================================================
----------------- testing Tue Sep 04 02:08:25 UTC 2018 /home/travis/build/icyphy/ptII/ptolemy/domains/sdf/lib/test/auto/VariableRecursiveLattice2.xml
----------------- Instantiating /home/travis/build/icyphy/ptII/ptolemy/domains/sdf/lib/test/auto/VariableRecursiveLattice2.xml
4 ms. Memory: 579072K Free: 397894K (69%)
----------------- Invoking toplevel() on ptolemy.moml.MoMLSimpleApplication@3869d0a8
----------------- Done invoking toplevel() on ptolemy.moml.MoMLSimpleApplication@3869d0a8
reloadAllAccessors: .VariableRecursiveLattice2
AutoTests.java: About to close Vertx.
AutoTests.java: Vertx closed.
]]></system-out>
  <system-err><![CDATA[]]></system-err>
</testsuite>
