<?xml version="1.0" encoding="UTF-8" ?>
<testsuite errors="0" failures="0" hostname="travis-job-f71fe8dc-c870-458c-bb43-f23a76255ef3" name="ptolemy.domains.de.test.junit.JUnitTclTest" skipped="0" tests="101" time="121.305" timestamp="2020-06-04T14:32:39">
  <properties>
[...]
</properties>
  <testcase classname="ptolemy.util.test.junit.TclTests" name="[0] /home/travis/build/icyphy/ptII/ptolemy/domains/de/test/DependencyLoop.tcl (RunTclFile)" time="0.904" />
  <testcase classname="ptolemy.util.test.junit.TclTests" name="[1] /home/travis/build/icyphy/ptII/ptolemy/domains/de/test/RunDETestsAsQSS.tcl (RunTclFile)" time="82.675" />
  <testcase classname="ptolemy.util.test.junit.AutoKnownFailedTests" name="[0] /home/travis/build/icyphy/ptII/ptolemy/domains/de/test/auto/knownFailedTests/DESDFClockTest.xml (RunModel)" time="2.043" />
  <testcase classname="ptolemy.util.test.junit.AutoKnownFailedTests" name="[1] /home/travis/build/icyphy/ptII/ptolemy/domains/de/test/auto/knownFailedTests/DirectFeedback.xml (RunModel)" time="0.013" />
  <testcase classname="ptolemy.util.test.junit.AutoKnownFailedTests" name="[2] /home/travis/build/icyphy/ptII/ptolemy/domains/de/test/auto/knownFailedTests/FSMSource.xml (RunModel)" time="0.037" />
  <testcase classname="ptolemy.util.test.junit.AutoKnownFailedTests" name="[3] /home/travis/build/icyphy/ptII/ptolemy/domains/de/test/auto/knownFailedTests/HierarchicalModel.xml (RunModel)" time="0.047" />
  <testcase classname="ptolemy.util.test.junit.AutoKnownFailedTests" name="[4] /home/travis/build/icyphy/ptII/ptolemy/domains/de/test/auto/knownFailedTests/dependencyLoop.xml (RunModel)" time="0.044" />
  <testcase classname="ptolemy.util.test.junit.AutoKnownFailedTests" name="[5] /home/travis/build/icyphy/ptII/ptolemy/domains/de/test/auto/knownFailedTests/dependencyLoop2.xml (RunModel)" time="0.059" />
  <testcase classname="ptolemy.util.test.junit.AutoNameArchTests" name="[0] ThereAreNoAutoArchTests (RunModel)" time="0.003" />
  <testcase classname="ptolemy.util.test.junit.AutoTests" name="[0] /home/travis/build/icyphy/ptII/ptolemy/domains/de/test/auto/ActorDepthCalculation_actorWithoutPorts.xml (RunModel)" time="0.023" />
  <testcase classname="ptolemy.util.test.junit.AutoTests" name="[1] /home/travis/build/icyphy/ptII/ptolemy/domains/de/test/auto/AssemblyLine.xml (RunModel)" time="0.02" />
  <testcase classname="ptolemy.util.test.junit.AutoTests" name="[2] /home/travis/build/icyphy/ptII/ptolemy/domains/de/test/auto/CQBug1.xml (RunModel)" time="0.012" />
  <testcase classname="ptolemy.util.test.junit.AutoTests" name="[3] /home/travis/build/icyphy/ptII/ptolemy/domains/de/test/auto/CancelFireAt.xml (RunModel)" time="0.017" />
  <testcase classname="ptolemy.util.test.junit.AutoTests" name="[4] /home/travis/build/icyphy/ptII/ptolemy/domains/de/test/auto/CausalityAndComposabilityAnalysis.xml (RunModel)" time="0.012" />
  <testcase classname="ptolemy.util.test.junit.AutoTests" name="[5] /home/travis/build/icyphy/ptII/ptolemy/domains/de/test/auto/CausalityInterface1.xml (RunModel)" time="0.016" />
  <testcase classname="ptolemy.util.test.junit.AutoTests" name="[6] /home/travis/build/icyphy/ptII/ptolemy/domains/de/test/auto/CausalityInterface15.xml (RunModel)" time="0.017" />
  <testcase classname="ptolemy.util.test.junit.AutoTests" name="[7] /home/travis/build/icyphy/ptII/ptolemy/domains/de/test/auto/CausalityInterface2.xml (RunModel)" time="0.012" />
  <testcase classname="ptolemy.util.test.junit.AutoTests" name="[8] /home/travis/build/icyphy/ptII/ptolemy/domains/de/test/auto/CausalityInterface3.xml (RunModel)" time="0.017" />
  <testcase classname="ptolemy.util.test.junit.AutoTests" name="[9] /home/travis/build/icyphy/ptII/ptolemy/domains/de/test/auto/ClockDrift.xml (RunModel)" time="0.036" />
  <testcase classname="ptolemy.util.test.junit.AutoTests" name="[10] /home/travis/build/icyphy/ptII/ptolemy/domains/de/test/auto/ClockDriftAndValueChange.xml (RunModel)" time="0.035" />
  <testcase classname="ptolemy.util.test.junit.AutoTests" name="[11] /home/travis/build/icyphy/ptII/ptolemy/domains/de/test/auto/ClockDriftChange.xml (RunModel)" time="0.035" />
  <testcase classname="ptolemy.util.test.junit.AutoTests" name="[12] /home/travis/build/icyphy/ptII/ptolemy/domains/de/test/auto/ComposableCausalityAnalysis.xml (RunModel)" time="0.013" />
  <testcase classname="ptolemy.util.test.junit.AutoTests" name="[13] /home/travis/build/icyphy/ptII/ptolemy/domains/de/test/auto/DEFixedPointLimitation.xml (RunModel)" time="0.008" />
  <testcase classname="ptolemy.util.test.junit.AutoTests" name="[14] /home/travis/build/icyphy/ptII/ptolemy/domains/de/test/auto/DEScheduleTest.xml (RunModel)" time="0.013" />
  <testcase classname="ptolemy.util.test.junit.AutoTests" name="[15] /home/travis/build/icyphy/ptII/ptolemy/domains/de/test/auto/DEinDEwithStartTimes.xml (RunModel)" time="0.014" />
  <testcase classname="ptolemy.util.test.junit.AutoTests" name="[16] /home/travis/build/icyphy/ptII/ptolemy/domains/de/test/auto/DEinDEwithStartTimes2.xml (RunModel)" time="0.022" />
  <testcase classname="ptolemy.util.test.junit.AutoTests" name="[17] /home/travis/build/icyphy/ptII/ptolemy/domains/de/test/auto/DateDemo.xml (RunModel)" time="0.036" />
  <testcase classname="ptolemy.util.test.junit.AutoTests" name="[18] /home/travis/build/icyphy/ptII/ptolemy/domains/de/test/auto/DateToEvent.xml (RunModel)" time="2.048" />
  <testcase classname="ptolemy.util.test.junit.AutoTests" name="[19] /home/travis/build/icyphy/ptII/ptolemy/domains/de/test/auto/DepthTest1.xml (RunModel)" time="0.007" />
  <testcase classname="ptolemy.util.test.junit.AutoTests" name="[20] /home/travis/build/icyphy/ptII/ptolemy/domains/de/test/auto/DepthTest2.xml (RunModel)" time="0.02" />
  <testcase classname="ptolemy.util.test.junit.AutoTests" name="[21] /home/travis/build/icyphy/ptII/ptolemy/domains/de/test/auto/DepthTest3.xml (RunModel)" time="0.011" />
  <testcase classname="ptolemy.util.test.junit.AutoTests" name="[22] /home/travis/build/icyphy/ptII/ptolemy/domains/de/test/auto/DepthTest4.xml (RunModel)" time="0.019" />
  <testcase classname="ptolemy.util.test.junit.AutoTests" name="[23] /home/travis/build/icyphy/ptII/ptolemy/domains/de/test/auto/DepthTest5.xml (RunModel)" time="0.016" />
  <testcase classname="ptolemy.util.test.junit.AutoTests" name="[24] /home/travis/build/icyphy/ptII/ptolemy/domains/de/test/auto/DepthTest6.xml (RunModel)" time="0.016" />
  <testcase classname="ptolemy.util.test.junit.AutoTests" name="[25] /home/travis/build/icyphy/ptII/ptolemy/domains/de/test/auto/DepthTest7.xml (RunModel)" time="0.02" />
  <testcase classname="ptolemy.util.test.junit.AutoTests" name="[26] /home/travis/build/icyphy/ptII/ptolemy/domains/de/test/auto/EventToDate.xml (RunModel)" time="3.045" />
  <testcase classname="ptolemy.util.test.junit.AutoTests" name="[27] /home/travis/build/icyphy/ptII/ptolemy/domains/de/test/auto/FSM1.xml (RunModel)" time="0.046" />
  <testcase classname="ptolemy.util.test.junit.AutoTests" name="[28] /home/travis/build/icyphy/ptII/ptolemy/domains/de/test/auto/FSM7.xml (RunModel)" time="0.042" />
  <testcase classname="ptolemy.util.test.junit.AutoTests" name="[29] /home/travis/build/icyphy/ptII/ptolemy/domains/de/test/auto/Inspection.xml (RunModel)" time="0.04" />
  <testcase classname="ptolemy.util.test.junit.AutoTests" name="[30] /home/travis/build/icyphy/ptII/ptolemy/domains/de/test/auto/Iteration.xml (RunModel)" time="0.021" />
  <testcase classname="ptolemy.util.test.junit.AutoTests" name="[31] /home/travis/build/icyphy/ptII/ptolemy/domains/de/test/auto/LineFault.xml (RunModel)" time="0.53" />
  <testcase classname="ptolemy.util.test.junit.AutoTests" name="[32] /home/travis/build/icyphy/ptII/ptolemy/domains/de/test/auto/MergeModel1Add.xml (RunModel)" time="0.048" />
  <testcase classname="ptolemy.util.test.junit.AutoTests" name="[33] /home/travis/build/icyphy/ptII/ptolemy/domains/de/test/auto/MergeModel2Add.xml (RunModel)" time="0.037" />
  <testcase classname="ptolemy.util.test.junit.AutoTests" name="[34] /home/travis/build/icyphy/ptII/ptolemy/domains/de/test/auto/MergeModel3Add.xml (RunModel)" time="0.039" />
  <testcase classname="ptolemy.util.test.junit.AutoTests" name="[35] /home/travis/build/icyphy/ptII/ptolemy/domains/de/test/auto/MergeWithoutDiscard.xml (RunModel)" time="0.019" />
  <testcase classname="ptolemy.util.test.junit.AutoTests" name="[36] /home/travis/build/icyphy/ptII/ptolemy/domains/de/test/auto/Modal1.xml (RunModel)" time="0.038" />
  <testcase classname="ptolemy.util.test.junit.AutoTests" name="[37] /home/travis/build/icyphy/ptII/ptolemy/domains/de/test/auto/Modal2.xml (RunModel)" time="0.025" />
  <testcase classname="ptolemy.util.test.junit.AutoTests" name="[38] /home/travis/build/icyphy/ptII/ptolemy/domains/de/test/auto/Modal3.xml (RunModel)" time="0.032" />
  <testcase classname="ptolemy.util.test.junit.AutoTests" name="[39] /home/travis/build/icyphy/ptII/ptolemy/domains/de/test/auto/Modal4.xml (RunModel)" time="0.025" />
  <testcase classname="ptolemy.util.test.junit.AutoTests" name="[40] /home/travis/build/icyphy/ptII/ptolemy/domains/de/test/auto/Modal5.xml (RunModel)" time="0.028" />
  <testcase classname="ptolemy.util.test.junit.AutoTests" name="[41] /home/travis/build/icyphy/ptII/ptolemy/domains/de/test/auto/Modal6.xml (RunModel)" time="0.025" />
  <testcase classname="ptolemy.util.test.junit.AutoTests" name="[42] /home/travis/build/icyphy/ptII/ptolemy/domains/de/test/auto/Modal7.xml (RunModel)" time="0.026" />
  <testcase classname="ptolemy.util.test.junit.AutoTests" name="[43] /home/travis/build/icyphy/ptII/ptolemy/domains/de/test/auto/ModalModel.xml (RunModel)" time="0.152" />
  <testcase classname="ptolemy.util.test.junit.AutoTests" name="[44] /home/travis/build/icyphy/ptII/ptolemy/domains/de/test/auto/ModalSource.xml (RunModel)" time="0.024" />
  <testcase classname="ptolemy.util.test.junit.AutoTests" name="[45] /home/travis/build/icyphy/ptII/ptolemy/domains/de/test/auto/NonInterruptibleTimerZeroDelay.xml (RunModel)" time="0.014" />
  <testcase classname="ptolemy.util.test.junit.AutoTests" name="[46] /home/travis/build/icyphy/ptII/ptolemy/domains/de/test/auto/OpenQueueingNetwork.xml (RunModel)" time="2.303" />
  <testcase classname="ptolemy.util.test.junit.AutoTests" name="[47] /home/travis/build/icyphy/ptII/ptolemy/domains/de/test/auto/OpenQueuingNetwork.xml (RunModel)" time="0.327" />
  <testcase classname="ptolemy.util.test.junit.AutoTests" name="[48] /home/travis/build/icyphy/ptII/ptolemy/domains/de/test/auto/PeriodicSampler.xml (RunModel)" time="0.009" />
  <testcase classname="ptolemy.util.test.junit.AutoTests" name="[49] /home/travis/build/icyphy/ptII/ptolemy/domains/de/test/auto/PersistentIO.xml (RunModel)" time="0.025" />
  <testcase classname="ptolemy.util.test.junit.AutoTests" name="[50] /home/travis/build/icyphy/ptII/ptolemy/domains/de/test/auto/PortParameterResetOnInitialize.xml (RunModel)" time="0.01" />
  <testcase classname="ptolemy.util.test.junit.AutoTests" name="[51] /home/travis/build/icyphy/ptII/ptolemy/domains/de/test/auto/PortParameterUpdates.xml (RunModel)" time="0.013" />
  <testcase classname="ptolemy.util.test.junit.AutoTests" name="[52] /home/travis/build/icyphy/ptII/ptolemy/domains/de/test/auto/QueueAndServer.xml (RunModel)" time="0.023" />
  <testcase classname="ptolemy.util.test.junit.AutoTests" name="[53] /home/travis/build/icyphy/ptII/ptolemy/domains/de/test/auto/Records.xml (RunModel)" time="0.015" />
  <testcase classname="ptolemy.util.test.junit.AutoTests" name="[54] /home/travis/build/icyphy/ptII/ptolemy/domains/de/test/auto/ResetTransitionWithStartTime1.xml (RunModel)" time="0.024" />
  <testcase classname="ptolemy.util.test.junit.AutoTests" name="[55] /home/travis/build/icyphy/ptII/ptolemy/domains/de/test/auto/ResetTransitionWithStartTime2.xml (RunModel)" time="0.018" />
  <testcase classname="ptolemy.util.test.junit.AutoTests" name="[56] /home/travis/build/icyphy/ptII/ptolemy/domains/de/test/auto/ResetTransitionWithStartTime3.xml (RunModel)" time="0.02" />
  <testcase classname="ptolemy.util.test.junit.AutoTests" name="[57] /home/travis/build/icyphy/ptII/ptolemy/domains/de/test/auto/ResetTransitionWithStartTime4.xml (RunModel)" time="0.018" />
  <testcase classname="ptolemy.util.test.junit.AutoTests" name="[58] /home/travis/build/icyphy/ptII/ptolemy/domains/de/test/auto/ResettableTimer1.xml (RunModel)" time="0.01" />
  <testcase classname="ptolemy.util.test.junit.AutoTests" name="[59] /home/travis/build/icyphy/ptII/ptolemy/domains/de/test/auto/ResettableTimer2.xml (RunModel)" time="0.008" />
  <testcase classname="ptolemy.util.test.junit.AutoTests" name="[60] /home/travis/build/icyphy/ptII/ptolemy/domains/de/test/auto/ResettableTimer3.xml (RunModel)" time="0.013" />
  <testcase classname="ptolemy.util.test.junit.AutoTests" name="[61] /home/travis/build/icyphy/ptII/ptolemy/domains/de/test/auto/ResettableTimer4.xml (RunModel)" time="0.012" />
  <testcase classname="ptolemy.util.test.junit.AutoTests" name="[62] /home/travis/build/icyphy/ptII/ptolemy/domains/de/test/auto/ResettableTimer5.xml (RunModel)" time="0.012" />
  <testcase classname="ptolemy.util.test.junit.AutoTests" name="[63] /home/travis/build/icyphy/ptII/ptolemy/domains/de/test/auto/ResettableTimer6.xml (RunModel)" time="0.019" />
  <testcase classname="ptolemy.util.test.junit.AutoTests" name="[64] /home/travis/build/icyphy/ptII/ptolemy/domains/de/test/auto/ServerZeroDelay.xml (RunModel)" time="0.013" />
  <testcase classname="ptolemy.util.test.junit.AutoTests" name="[65] /home/travis/build/icyphy/ptII/ptolemy/domains/de/test/auto/SmartSender.xml (RunModel)" time="3.011" />
  <testcase classname="ptolemy.util.test.junit.AutoTests" name="[66] /home/travis/build/icyphy/ptII/ptolemy/domains/de/test/auto/ThreadedComposite.xml (RunModel)" time="0.126" />
  <testcase classname="ptolemy.util.test.junit.AutoTests" name="[67] /home/travis/build/icyphy/ptII/ptolemy/domains/de/test/auto/Time.xml (RunModel)" time="0.375" />
  <testcase classname="ptolemy.util.test.junit.AutoTests" name="[68] /home/travis/build/icyphy/ptII/ptolemy/domains/de/test/auto/TimeDelayZeroDelay.xml (RunModel)" time="0.012" />
  <testcase classname="ptolemy.util.test.junit.AutoTests" name="[69] /home/travis/build/icyphy/ptII/ptolemy/domains/de/test/auto/TimerZeroDelay.xml (RunModel)" time="0.011" />
  <testcase classname="ptolemy.util.test.junit.AutoTests" name="[70] /home/travis/build/icyphy/ptII/ptolemy/domains/de/test/auto/TimingParadox.xml (RunModel)" time="0.293" />
  <testcase classname="ptolemy.util.test.junit.AutoTests" name="[71] /home/travis/build/icyphy/ptII/ptolemy/domains/de/test/auto/TransferInputs.xml (RunModel)" time="0.017" />
  <testcase classname="ptolemy.util.test.junit.AutoTests" name="[72] /home/travis/build/icyphy/ptII/ptolemy/domains/de/test/auto/TransferOutputs2.xml (RunModel)" time="0.014" />
  <testcase classname="ptolemy.util.test.junit.AutoTests" name="[73] /home/travis/build/icyphy/ptII/ptolemy/domains/de/test/auto/Trilateration.xml (RunModel)" time="9.658" />
  <testcase classname="ptolemy.util.test.junit.AutoTests" name="[74] /home/travis/build/icyphy/ptII/ptolemy/domains/de/test/auto/TwoSigmaDelta.xml (RunModel)" time="1.716" />
  <testcase classname="ptolemy.util.test.junit.AutoTests" name="[75] /home/travis/build/icyphy/ptII/ptolemy/domains/de/test/auto/VariableDelay.xml (RunModel)" time="0.011" />
  <testcase classname="ptolemy.util.test.junit.AutoTests" name="[76] /home/travis/build/icyphy/ptII/ptolemy/domains/de/test/auto/VariableDelay2.xml (RunModel)" time="0.007" />
  <testcase classname="ptolemy.util.test.junit.AutoTests" name="[77] /home/travis/build/icyphy/ptII/ptolemy/domains/de/test/auto/VariableDelayZeroDelay.xml (RunModel)" time="0.009" />
  <testcase classname="ptolemy.util.test.junit.AutoTests" name="[78] /home/travis/build/icyphy/ptII/ptolemy/domains/de/test/auto/VariableDelayZeroDelay2.xml (RunModel)" time="0.008" />
  <testcase classname="ptolemy.util.test.junit.AutoTests" name="[79] /home/travis/build/icyphy/ptII/ptolemy/domains/de/test/auto/deInCt.xml (RunModel)" time="0.013" />
  <testcase classname="ptolemy.util.test.junit.AutoTests" name="[80] /home/travis/build/icyphy/ptII/ptolemy/domains/de/test/auto/deInCt2.xml (RunModel)" time="0.014" />
  <testcase classname="ptolemy.util.test.junit.AutoTests" name="[81] /home/travis/build/icyphy/ptII/ptolemy/domains/de/test/auto/dynamicCausalityInterface1.xml (RunModel)" time="0.02" />
  <testcase classname="ptolemy.util.test.junit.AutoTests" name="[82] /home/travis/build/icyphy/ptII/ptolemy/domains/de/test/auto/fsm_de_test.xml (RunModel)" time="0.021" />
  <testcase classname="ptolemy.util.test.junit.AutoTests" name="[83] /home/travis/build/icyphy/ptII/ptolemy/domains/de/test/auto/functionDependencyReconstruction.xml (RunModel)" time="0.036" />
  <testcase classname="ptolemy.util.test.junit.AutoTests" name="[84] /home/travis/build/icyphy/ptII/ptolemy/domains/de/test/auto/multirate.xml (RunModel)" time="0.015" />
  <testcase classname="ptolemy.util.test.junit.AutoTests" name="[85] /home/travis/build/icyphy/ptII/ptolemy/domains/de/test/auto/multirate2.xml (RunModel)" time="0.014" />
  <testcase classname="ptolemy.util.test.junit.AutoTests" name="[86] /home/travis/build/icyphy/ptII/ptolemy/domains/de/test/auto/realtime.xml (RunModel)" time="10.009" />
  <testcase classname="ptolemy.util.test.junit.AutoTests" name="[87] /home/travis/build/icyphy/ptII/ptolemy/domains/de/test/auto/relationGroup.xml (RunModel)" time="0.011" />
  <testcase classname="ptolemy.util.test.junit.AutoTests" name="[88] /home/travis/build/icyphy/ptII/ptolemy/domains/de/test/auto/relationGroup2.xml (RunModel)" time="0.005" />
  <testcase classname="ptolemy.util.test.junit.AutoTests" name="[89] /home/travis/build/icyphy/ptII/ptolemy/domains/de/test/auto/sortWithOpaquePorts.xml (RunModel)" time="0.006" />
  <testcase classname="ptolemy.util.test.junit.AutoTests" name="[90] /home/travis/build/icyphy/ptII/ptolemy/domains/de/test/auto/transferInputsandOutputs.xml (RunModel)" time="0.018" />
  <testcase classname="ptolemy.util.test.junit.AutoTests" name="[91] /home/travis/build/icyphy/ptII/ptolemy/domains/de/test/auto/triggerType.xml (RunModel)" time="0.011" />
  <system-out><![CDATA[/home/travis/build/icyphy/ptII/ptolemy/domains/de/test/DependencyLoop.tcl
testDefs.tcl: setting time out to 9000 seconds at Thu Jun 04 14:32:39 UTC 2020
78 ms. Memory: 129024K Free: 78669K (61%)
30 ms. Memory: 129024K Free: 61757K (48%)
/home/travis/build/icyphy/ptII/ptolemy/domains/de/test/RunDETestsAsQSS.tcl
Run the DE tests using ptolemy.domains.qss.test.QSSDirectorTest, which extends QSSDirector and prints a message in the constructors.
------------------ testing $PTII/ptolemy/domains/de/test/auto/knownFailedTests/DirectFeedback.xml (Known Failure) 
56 ms. Memory: 129024K Free: 55627K (43%)


==== $PTIIhome/travis/build/icyphy/ptII/ptolemy/domains/de/test/../../../../: Auto Automatic test in file $PTII/ptolemy/domains/de/test/auto/knownFailedTests/DirectFeedback.xml
==== Contents of test case:

	    # FIXME: we should use $relativeFilename here, but it
	    # might have backslashes under Windows, which causes no end
	    # of trouble.
	    createAndExecute $file
	    list {}
	
.... Test generated KNOWN error:
    while executing
ptolemy.kernel.util.IllegalActionException: Test fails in iteration 1.
Value was: 1.0. Should have been: 2.0
  in .DirectFeedback.Test
	at ptolemy.actor.lib.Test.fire(Test.java:268)
	at ptolemy.domains.de.kernel.DEDirector._fire(DEDirector.java:1949)
	at ptolemy.domains.de.kernel.DEDirector.fire(DEDirector.java:502)
	at ptolemy.actor.CompositeActor.fire(CompositeActor.java:455)
	at ptolemy.actor.Manager.iterate(Manager.java:851)
	at ptolemy.actor.Manager.execute(Manager.java:369)
	at ptolemy.actor.Manager.run(Manager.java:1263)
	at ptolemy.actor.Manager$PtolemyRunThread.run(Manager.java:1933)

    while executing
ptolemy.kernel.util.IllegalActionException: Test fails in iteration 1.
Value was: 1.0. Should have been: 2.0
  in .DirectFeedback.Test
    while executing
"java::new ptolemy.moml.MoMLSimpleApplication $file
"
    (procedure "createAndExecute" line 2)
    invoked from within
"createAndExecute $file"
    ("uplevel" body line 5)
    invoked from within
"uplevel $contents_of_test"
------------------ testing $PTII/ptolemy/domains/de/test/auto/knownFailedTests/dependencyLoop.xml (Known Failure) 
18 ms. Memory: 129024K Free: 52555K (41%)


==== $PTIIhome/travis/build/icyphy/ptII/ptolemy/domains/de/test/../../../../: Auto Automatic test in file $PTII/ptolemy/domains/de/test/auto/knownFailedTests/dependencyLoop.xml
==== Contents of test case:

	    # FIXME: we should use $relativeFilename here, but it
	    # might have backslashes under Windows, which causes no end
	    # of trouble.
	    createAndExecute $file
	    list {}
	
.... Test generated KNOWN error:
    while executing
ptolemy.kernel.util.IllegalActionException: Found a zero delay loop containing .dependencyLoop.original
  in .dependencyLoop and .dependencyLoop.original
	at ptolemy.actor.util.CausalityInterfaceForComposites._computeOutputPortDepth(CausalityInterfaceForComposites.java:759)
	at ptolemy.actor.util.CausalityInterfaceForComposites._computeInputDepth(CausalityInterfaceForComposites.java:696)
	at ptolemy.actor.util.CausalityInterfaceForComposites._computeOutputPortDepth(CausalityInterfaceForComposites.java:765)
	at ptolemy.actor.util.CausalityInterfaceForComposites._computeInputDepth(CausalityInterfaceForComposites.java:696)
	at ptolemy.actor.util.CausalityInterfaceForComposites._computeOutputPortDepth(CausalityInterfaceForComposites.java:765)
	at ptolemy.actor.util.CausalityInterfaceForComposites._computeInputDepth(CausalityInterfaceForComposites.java:696)
	at ptolemy.actor.util.CausalityInterfaceForComposites._computeActorDepth(CausalityInterfaceForComposites.java:532)
	at ptolemy.actor.util.CausalityInterfaceForComposites.checkForCycles(CausalityInterfaceForComposites.java:96)
	at ptolemy.domains.de.kernel.DEDirector.preinitialize(DEDirector.java:1338)
	at ptolemy.actor.CompositeActor.preinitialize(CompositeActor.java:1828)
	at ptolemy.actor.Manager.preinitializeAndResolveTypes(Manager.java:1040)
	at ptolemy.actor.Manager.initialize(Manager.java:710)
	at ptolemy.actor.Manager.execute(Manager.java:356)
	at ptolemy.actor.Manager.run(Manager.java:1263)
	at ptolemy.actor.Manager$PtolemyRunThread.run(Manager.java:1933)

    while executing
ptolemy.kernel.util.IllegalActionException: Found a zero delay loop containing .dependencyLoop.original
  in .dependencyLoop and .dependencyLoop.original
    while executing
"java::new ptolemy.moml.MoMLSimpleApplication $file
"
    (procedure "createAndExecute" line 2)
    invoked from within
"createAndExecute $file"
    ("uplevel" body line 5)
    invoked from within
"uplevel $contents_of_test"
------------------ testing $PTII/ptolemy/domains/de/test/auto/knownFailedTests/FSMSource.xml (Known Failure) 
38 ms. Memory: 129024K Free: 110283K (85%)
!!!! Auto was marked as failing, but now passes
------------------ testing $PTII/ptolemy/domains/de/test/auto/knownFailedTests/HierarchicalModel.xml (Known Failure) 
7 ms. Memory: 129024K Free: 92880K (72%)


==== $PTIIhome/travis/build/icyphy/ptII/ptolemy/domains/de/test/../../../../: Auto Automatic test in file $PTII/ptolemy/domains/de/test/auto/knownFailedTests/HierarchicalModel.xml
==== Contents of test case:

	    # FIXME: we should use $relativeFilename here, but it
	    # might have backslashes under Windows, which causes no end
	    # of trouble.
	    createAndExecute $file
	    list {}
	
.... Test generated KNOWN error:
    while executing
ptolemy.kernel.util.IllegalActionException: Found a zero delay loop containing .HierarchicalModel.A
  in .HierarchicalModel and .HierarchicalModel.A
	at ptolemy.actor.util.CausalityInterfaceForComposites._computeOutputPortDepth(CausalityInterfaceForComposites.java:759)
	at ptolemy.actor.util.CausalityInterfaceForComposites._computeInputDepth(CausalityInterfaceForComposites.java:696)
	at ptolemy.actor.util.CausalityInterfaceForComposites._computeOutputPortDepth(CausalityInterfaceForComposites.java:765)
	at ptolemy.actor.util.CausalityInterfaceForComposites._computeInputDepth(CausalityInterfaceForComposites.java:696)
	at ptolemy.actor.util.CausalityInterfaceForComposites._computeOutputPortDepth(CausalityInterfaceForComposites.java:765)
	at ptolemy.actor.util.CausalityInterfaceForComposites._computeInputDepth(CausalityInterfaceForComposites.java:696)
	at ptolemy.actor.util.CausalityInterfaceForComposites._computeActorDepth(CausalityInterfaceForComposites.java:532)
	at ptolemy.actor.util.CausalityInterfaceForComposites.checkForCycles(CausalityInterfaceForComposites.java:96)
	at ptolemy.domains.de.kernel.DEDirector.preinitialize(DEDirector.java:1338)
	at ptolemy.actor.CompositeActor.preinitialize(CompositeActor.java:1828)
	at ptolemy.actor.Manager.preinitializeAndResolveTypes(Manager.java:1040)
	at ptolemy.actor.Manager.initialize(Manager.java:710)
	at ptolemy.actor.Manager.execute(Manager.java:356)
	at ptolemy.actor.Manager.run(Manager.java:1263)
	at ptolemy.actor.Manager$PtolemyRunThread.run(Manager.java:1933)

    while executing
ptolemy.kernel.util.IllegalActionException: Found a zero delay loop containing .HierarchicalModel.A
  in .HierarchicalModel and .HierarchicalModel.A
    while executing
"java::new ptolemy.moml.MoMLSimpleApplication $file
"
    (procedure "createAndExecute" line 2)
    invoked from within
"createAndExecute $file"
    ("uplevel" body line 5)
    invoked from within
"uplevel $contents_of_test"
------------------ testing $PTII/ptolemy/domains/de/test/auto/knownFailedTests/dependencyLoop2.xml (Known Failure) 
5 ms. Memory: 129024K Free: 76966K (60%)


==== $PTIIhome/travis/build/icyphy/ptII/ptolemy/domains/de/test/../../../../: Auto Automatic test in file $PTII/ptolemy/domains/de/test/auto/knownFailedTests/dependencyLoop2.xml
==== Contents of test case:

	    # FIXME: we should use $relativeFilename here, but it
	    # might have backslashes under Windows, which causes no end
	    # of trouble.
	    createAndExecute $file
	    list {}
	
.... Test generated KNOWN error:
    while executing
ptolemy.kernel.util.IllegalActionException: Found a zero delay loop containing .dependencyLoop2.original
  in .dependencyLoop2 and .dependencyLoop2.original
	at ptolemy.actor.util.CausalityInterfaceForComposites._computeOutputPortDepth(CausalityInterfaceForComposites.java:759)
	at ptolemy.actor.util.CausalityInterfaceForComposites._computeInputDepth(CausalityInterfaceForComposites.java:696)
	at ptolemy.actor.util.CausalityInterfaceForComposites._computeOutputPortDepth(CausalityInterfaceForComposites.java:765)
	at ptolemy.actor.util.CausalityInterfaceForComposites._computeInputDepth(CausalityInterfaceForComposites.java:696)
	at ptolemy.actor.util.CausalityInterfaceForComposites._computeOutputPortDepth(CausalityInterfaceForComposites.java:765)
	at ptolemy.actor.util.CausalityInterfaceForComposites._computeInputDepth(CausalityInterfaceForComposites.java:696)
	at ptolemy.actor.util.CausalityInterfaceForComposites._computeActorDepth(CausalityInterfaceForComposites.java:532)
	at ptolemy.actor.util.CausalityInterfaceForComposites.checkForCycles(CausalityInterfaceForComposites.java:96)
	at ptolemy.domains.de.kernel.DEDirector.preinitialize(DEDirector.java:1338)
	at ptolemy.actor.CompositeActor.preinitialize(CompositeActor.java:1828)
	at ptolemy.actor.Manager.preinitializeAndResolveTypes(Manager.java:1040)
	at ptolemy.actor.Manager.initialize(Manager.java:710)
	at ptolemy.actor.Manager.execute(Manager.java:356)
	at ptolemy.actor.Manager.run(Manager.java:1263)
	at ptolemy.actor.Manager$PtolemyRunThread.run(Manager.java:1933)

    while executing
ptolemy.kernel.util.IllegalActionException: Found a zero delay loop containing .dependencyLoop2.original
  in .dependencyLoop2 and .dependencyLoop2.original
    while executing
"java::new ptolemy.moml.MoMLSimpleApplication $file
"
    (procedure "createAndExecute" line 2)
    invoked from within
"createAndExecute $file"
    ("uplevel" body line 5)
    invoked from within
"uplevel $contents_of_test"
------------------ testing $PTII/ptolemy/domains/de/test/auto/knownFailedTests/DESDFClockTest.xml (Known Failure) 
2067 ms. Memory: 129024K Free: 106137K (82%)


==== $PTIIhome/travis/build/icyphy/ptII/ptolemy/domains/de/test/../../../../: Auto Automatic test in file $PTII/ptolemy/domains/de/test/auto/knownFailedTests/DESDFClockTest.xml
==== Contents of test case:

	    # FIXME: we should use $relativeFilename here, but it
	    # might have backslashes under Windows, which causes no end
	    # of trouble.
	    createAndExecute $file
	    list {}
	
.... Test generated KNOWN error:
    while executing
ptolemy.kernel.util.IllegalActionException: Actor is not ready to fire.  Perhaps UpSample.prefire() returned false? Try debugging the actor by selecting "Listen to Actor".  Also, for SDF check moml for tokenConsumptionRate on input.
  in .DESDFClockTest.Play Bell.Copy1:SDF Director and .DESDFClockTest.Play Bell.UpSample
	at ptolemy.actor.sched.StaticSchedulingDirector.fire(StaticSchedulingDirector.java:227)
	at ptolemy.domains.sdf.kernel.SDFDirector.fire(SDFDirector.java:500)
	at ptolemy.actor.CompositeActor.fire(CompositeActor.java:455)
	at ptolemy.domains.de.kernel.DEDirector._fire(DEDirector.java:1949)
	at ptolemy.domains.de.kernel.DEDirector.fire(DEDirector.java:502)
	at ptolemy.actor.CompositeActor.fire(CompositeActor.java:455)
	at ptolemy.actor.Manager.iterate(Manager.java:851)
	at ptolemy.actor.Manager.execute(Manager.java:369)
	at ptolemy.actor.Manager.run(Manager.java:1263)
	at ptolemy.actor.Manager$PtolemyRunThread.run(Manager.java:1933)

    while executing
ptolemy.kernel.util.IllegalActionException: Actor is not ready to fire.  Perhaps UpSample.prefire() returned false? Try debugging the actor by selecting "Listen to Actor".  Also, for SDF check moml for tokenConsumptionRate on input.
  in .DESDFClockTest.Play Bell.Copy1:SDF Director and .DESDFClockTest.Play Bell.UpSample
    while executing
"java::new ptolemy.moml.MoMLSimpleApplication $file
"
    (procedure "createAndExecute" line 2)
    invoked from within
"createAndExecute $file"
    ("uplevel" body line 5)
    invoked from within
"uplevel $contents_of_test"
------------------ testing $PTII/ptolemy/domains/de/test/auto/ActorDepthCalculation_actorWithoutPorts.xml
auto.tcl: Setting watchdog for 200 seconds at Thu Jun 04 14:32:43 UTC 2020
12 ms. Memory: 129024K Free: 98441K (76%)
ptolemy.util.test.WatchDog.cancel(): canceling Thu Jun 04 14:32:43 UTC 2020
auto.tcl: Setting watchdog for 200 seconds at Thu Jun 04 14:32:43 UTC 2020
9 ms. Memory: 129024K Free: 96921K (75%)
ptolemy.util.test.WatchDog.cancel(): canceling Thu Jun 04 14:32:43 UTC 2020
------------------ testing $PTII/ptolemy/domains/de/test/auto/AssemblyLine.xml
auto.tcl: Setting watchdog for 200 seconds at Thu Jun 04 14:32:43 UTC 2020
8 ms. Memory: 51200K Free: 27167K (53%)
ptolemy.util.test.WatchDog.cancel(): canceling Thu Jun 04 14:32:43 UTC 2020
auto.tcl: Setting watchdog for 200 seconds at Thu Jun 04 14:32:43 UTC 2020
6 ms. Memory: 51200K Free: 26247K (51%)
ptolemy.util.test.WatchDog.cancel(): canceling Thu Jun 04 14:32:43 UTC 2020
------------------ testing $PTII/ptolemy/domains/de/test/auto/CQBug1.xml
auto.tcl: Setting watchdog for 200 seconds at Thu Jun 04 14:32:43 UTC 2020
3 ms. Memory: 51200K Free: 33274K (65%)
ptolemy.util.test.WatchDog.cancel(): canceling Thu Jun 04 14:32:43 UTC 2020
auto.tcl: Setting watchdog for 200 seconds at Thu Jun 04 14:32:43 UTC 2020
3 ms. Memory: 51200K Free: 32806K (64%)
ptolemy.util.test.WatchDog.cancel(): canceling Thu Jun 04 14:32:43 UTC 2020
------------------ testing $PTII/ptolemy/domains/de/test/auto/CancelFireAt.xml
auto.tcl: Setting watchdog for 200 seconds at Thu Jun 04 14:32:43 UTC 2020
3 ms. Memory: 48128K Free: 31636K (66%)
ptolemy.util.test.WatchDog.cancel(): canceling Thu Jun 04 14:32:43 UTC 2020
auto.tcl: Setting watchdog for 200 seconds at Thu Jun 04 14:32:43 UTC 2020
2 ms. Memory: 48128K Free: 31187K (65%)
ptolemy.util.test.WatchDog.cancel(): canceling Thu Jun 04 14:32:43 UTC 2020
------------------ testing $PTII/ptolemy/domains/de/test/auto/CausalityAndComposabilityAnalysis.xml
auto.tcl: Setting watchdog for 200 seconds at Thu Jun 04 14:32:44 UTC 2020
6 ms. Memory: 48128K Free: 29402K (61%)
ptolemy.util.test.WatchDog.cancel(): canceling Thu Jun 04 14:32:44 UTC 2020
auto.tcl: Setting watchdog for 200 seconds at Thu Jun 04 14:32:44 UTC 2020
8 ms. Memory: 48128K Free: 28956K (60%)
ptolemy.util.test.WatchDog.cancel(): canceling Thu Jun 04 14:32:44 UTC 2020
------------------ testing $PTII/ptolemy/domains/de/test/auto/CausalityInterface1.xml
auto.tcl: Setting watchdog for 200 seconds at Thu Jun 04 14:32:44 UTC 2020
30 ms. Memory: 48128K Free: 28354K (59%)
ptolemy.util.test.WatchDog.cancel(): canceling Thu Jun 04 14:32:44 UTC 2020
auto.tcl: Setting watchdog for 200 seconds at Thu Jun 04 14:32:44 UTC 2020
4 ms. Memory: 48128K Free: 27374K (57%)
ptolemy.util.test.WatchDog.cancel(): canceling Thu Jun 04 14:32:44 UTC 2020
------------------ testing $PTII/ptolemy/domains/de/test/auto/CausalityInterface15.xml
auto.tcl: Setting watchdog for 200 seconds at Thu Jun 04 14:32:44 UTC 2020
15 ms. Memory: 48128K Free: 28297K (59%)
ptolemy.util.test.WatchDog.cancel(): canceling Thu Jun 04 14:32:44 UTC 2020
auto.tcl: Setting watchdog for 200 seconds at Thu Jun 04 14:32:44 UTC 2020
3 ms. Memory: 48128K Free: 27316K (57%)
ptolemy.util.test.WatchDog.cancel(): canceling Thu Jun 04 14:32:44 UTC 2020
------------------ testing $PTII/ptolemy/domains/de/test/auto/CausalityInterface2.xml
auto.tcl: Setting watchdog for 200 seconds at Thu Jun 04 14:32:44 UTC 2020
5 ms. Memory: 48128K Free: 29220K (61%)
ptolemy.util.test.WatchDog.cancel(): canceling Thu Jun 04 14:32:44 UTC 2020
auto.tcl: Setting watchdog for 200 seconds at Thu Jun 04 14:32:44 UTC 2020
3 ms. Memory: 48128K Free: 28309K (59%)
ptolemy.util.test.WatchDog.cancel(): canceling Thu Jun 04 14:32:44 UTC 2020
------------------ testing $PTII/ptolemy/domains/de/test/auto/CausalityInterface3.xml
auto.tcl: Setting watchdog for 200 seconds at Thu Jun 04 14:32:44 UTC 2020
10 ms. Memory: 48128K Free: 28436K (59%)
ptolemy.util.test.WatchDog.cancel(): canceling Thu Jun 04 14:32:44 UTC 2020
auto.tcl: Setting watchdog for 200 seconds at Thu Jun 04 14:32:44 UTC 2020
3 ms. Memory: 48128K Free: 28006K (58%)
ptolemy.util.test.WatchDog.cancel(): canceling Thu Jun 04 14:32:44 UTC 2020
------------------ testing $PTII/ptolemy/domains/de/test/auto/ClockDrift.xml
auto.tcl: Setting watchdog for 200 seconds at Thu Jun 04 14:32:44 UTC 2020
58 ms. Memory: 48128K Free: 21121K (44%)
ptolemy.util.test.WatchDog.cancel(): canceling Thu Jun 04 14:32:44 UTC 2020
auto.tcl: Setting watchdog for 200 seconds at Thu Jun 04 14:32:44 UTC 2020
58 ms. Memory: 48128K Free: 17691K (37%)
ptolemy.util.test.WatchDog.cancel(): canceling Thu Jun 04 14:32:44 UTC 2020
------------------ testing $PTII/ptolemy/domains/de/test/auto/ClockDriftAndValueChange.xml
auto.tcl: Setting watchdog for 200 seconds at Thu Jun 04 14:32:44 UTC 2020
40 ms. Memory: 48128K Free: 21519K (45%)
ptolemy.util.test.WatchDog.cancel(): canceling Thu Jun 04 14:32:44 UTC 2020
auto.tcl: Setting watchdog for 200 seconds at Thu Jun 04 14:32:44 UTC 2020
23 ms. Memory: 48128K Free: 18367K (38%)
ptolemy.util.test.WatchDog.cancel(): canceling Thu Jun 04 14:32:44 UTC 2020
------------------ testing $PTII/ptolemy/domains/de/test/auto/ClockDriftChange.xml
auto.tcl: Setting watchdog for 200 seconds at Thu Jun 04 14:32:44 UTC 2020
18 ms. Memory: 48128K Free: 23256K (48%)
ptolemy.util.test.WatchDog.cancel(): canceling Thu Jun 04 14:32:44 UTC 2020
auto.tcl: Setting watchdog for 200 seconds at Thu Jun 04 14:32:44 UTC 2020
16 ms. Memory: 48128K Free: 20690K (43%)
ptolemy.util.test.WatchDog.cancel(): canceling Thu Jun 04 14:32:44 UTC 2020
------------------ testing $PTII/ptolemy/domains/de/test/auto/ComposableCausalityAnalysis.xml
auto.tcl: Setting watchdog for 200 seconds at Thu Jun 04 14:32:44 UTC 2020
2 ms. Memory: 48128K Free: 27889K (58%)
ptolemy.util.test.WatchDog.cancel(): canceling Thu Jun 04 14:32:44 UTC 2020
auto.tcl: Setting watchdog for 200 seconds at Thu Jun 04 14:32:44 UTC 2020
1 ms. Memory: 48128K Free: 26862K (56%)
ptolemy.util.test.WatchDog.cancel(): canceling Thu Jun 04 14:32:44 UTC 2020
------------------ testing $PTII/ptolemy/domains/de/test/auto/DEFixedPointLimitation.xml
auto.tcl: Setting watchdog for 200 seconds at Thu Jun 04 14:32:44 UTC 2020
2 ms. Memory: 48128K Free: 29230K (61%)
ptolemy.util.test.WatchDog.cancel(): canceling Thu Jun 04 14:32:44 UTC 2020
auto.tcl: Setting watchdog for 200 seconds at Thu Jun 04 14:32:44 UTC 2020
1 ms. Memory: 48128K Free: 28317K (59%)
ptolemy.util.test.WatchDog.cancel(): canceling Thu Jun 04 14:32:44 UTC 2020
------------------ testing $PTII/ptolemy/domains/de/test/auto/DEScheduleTest.xml
auto.tcl: Setting watchdog for 200 seconds at Thu Jun 04 14:32:45 UTC 2020
6 ms. Memory: 48128K Free: 29538K (61%)
ptolemy.util.test.WatchDog.cancel(): canceling Thu Jun 04 14:32:45 UTC 2020
auto.tcl: Setting watchdog for 200 seconds at Thu Jun 04 14:32:45 UTC 2020
3 ms. Memory: 48128K Free: 28752K (60%)
ptolemy.util.test.WatchDog.cancel(): canceling Thu Jun 04 14:32:45 UTC 2020
------------------ testing $PTII/ptolemy/domains/de/test/auto/DEinDEwithStartTimes.xml
auto.tcl: Setting watchdog for 200 seconds at Thu Jun 04 14:32:45 UTC 2020
4 ms. Memory: 48128K Free: 27679K (58%)
ptolemy.util.test.WatchDog.cancel(): canceling Thu Jun 04 14:32:45 UTC 2020
auto.tcl: Setting watchdog for 200 seconds at Thu Jun 04 14:32:45 UTC 2020
3 ms. Memory: 48128K Free: 26655K (55%)
ptolemy.util.test.WatchDog.cancel(): canceling Thu Jun 04 14:32:45 UTC 2020
------------------ testing $PTII/ptolemy/domains/de/test/auto/DEinDEwithStartTimes2.xml
auto.tcl: Setting watchdog for 200 seconds at Thu Jun 04 14:32:45 UTC 2020
4 ms. Memory: 48128K Free: 26904K (56%)
ptolemy.util.test.WatchDog.cancel(): canceling Thu Jun 04 14:32:45 UTC 2020
auto.tcl: Setting watchdog for 200 seconds at Thu Jun 04 14:32:45 UTC 2020
4 ms. Memory: 48128K Free: 25610K (53%)
ptolemy.util.test.WatchDog.cancel(): canceling Thu Jun 04 14:32:45 UTC 2020
------------------ testing $PTII/ptolemy/domains/de/test/auto/DateDemo.xml
auto.tcl: Setting watchdog for 200 seconds at Thu Jun 04 14:32:45 UTC 2020
11 ms. Memory: 48128K Free: 21768K (45%)
ptolemy.util.test.WatchDog.cancel(): canceling Thu Jun 04 14:32:45 UTC 2020
auto.tcl: Setting watchdog for 200 seconds at Thu Jun 04 14:32:45 UTC 2020
6 ms. Memory: 48128K Free: 20080K (42%)
ptolemy.util.test.WatchDog.cancel(): canceling Thu Jun 04 14:32:45 UTC 2020
------------------ testing $PTII/ptolemy/domains/de/test/auto/DateToEvent.xml
auto.tcl: Setting watchdog for 200 seconds at Thu Jun 04 14:32:45 UTC 2020
2024 ms. Memory: 48128K Free: 16722K (35%)
ptolemy.util.test.WatchDog.cancel(): canceling Thu Jun 04 14:32:47 UTC 2020
auto.tcl: Setting watchdog for 200 seconds at Thu Jun 04 14:32:47 UTC 2020
2005 ms. Memory: 48128K Free: 16337K (34%)
ptolemy.util.test.WatchDog.cancel(): canceling Thu Jun 04 14:32:49 UTC 2020
------------------ testing $PTII/ptolemy/domains/de/test/auto/DepthTest1.xml
auto.tcl: Setting watchdog for 200 seconds at Thu Jun 04 14:32:49 UTC 2020
2 ms. Memory: 48128K Free: 30319K (63%)
ptolemy.util.test.WatchDog.cancel(): canceling Thu Jun 04 14:32:49 UTC 2020
auto.tcl: Setting watchdog for 200 seconds at Thu Jun 04 14:32:49 UTC 2020
2 ms. Memory: 48128K Free: 29939K (62%)
ptolemy.util.test.WatchDog.cancel(): canceling Thu Jun 04 14:32:49 UTC 2020
------------------ testing $PTII/ptolemy/domains/de/test/auto/DepthTest2.xml
auto.tcl: Setting watchdog for 200 seconds at Thu Jun 04 14:32:49 UTC 2020
5 ms. Memory: 48128K Free: 27162K (56%)
ptolemy.util.test.WatchDog.cancel(): canceling Thu Jun 04 14:32:49 UTC 2020
auto.tcl: Setting watchdog for 200 seconds at Thu Jun 04 14:32:49 UTC 2020
3 ms. Memory: 48128K Free: 26649K (55%)
ptolemy.util.test.WatchDog.cancel(): canceling Thu Jun 04 14:32:49 UTC 2020
------------------ testing $PTII/ptolemy/domains/de/test/auto/DepthTest3.xml
auto.tcl: Setting watchdog for 200 seconds at Thu Jun 04 14:32:49 UTC 2020
2 ms. Memory: 48128K Free: 30650K (64%)
ptolemy.util.test.WatchDog.cancel(): canceling Thu Jun 04 14:32:49 UTC 2020
auto.tcl: Setting watchdog for 200 seconds at Thu Jun 04 14:32:49 UTC 2020
1 ms. Memory: 48128K Free: 30220K (63%)
ptolemy.util.test.WatchDog.cancel(): canceling Thu Jun 04 14:32:49 UTC 2020
------------------ testing $PTII/ptolemy/domains/de/test/auto/DepthTest4.xml
auto.tcl: Setting watchdog for 200 seconds at Thu Jun 04 14:32:49 UTC 2020
4 ms. Memory: 48128K Free: 29001K (60%)
ptolemy.util.test.WatchDog.cancel(): canceling Thu Jun 04 14:32:49 UTC 2020
auto.tcl: Setting watchdog for 200 seconds at Thu Jun 04 14:32:49 UTC 2020
2 ms. Memory: 48128K Free: 28255K (59%)
ptolemy.util.test.WatchDog.cancel(): canceling Thu Jun 04 14:32:49 UTC 2020
------------------ testing $PTII/ptolemy/domains/de/test/auto/DepthTest5.xml
auto.tcl: Setting watchdog for 200 seconds at Thu Jun 04 14:32:49 UTC 2020
5 ms. Memory: 48128K Free: 28384K (59%)
ptolemy.util.test.WatchDog.cancel(): canceling Thu Jun 04 14:32:49 UTC 2020
auto.tcl: Setting watchdog for 200 seconds at Thu Jun 04 14:32:49 UTC 2020
2 ms. Memory: 48128K Free: 27611K (57%)
ptolemy.util.test.WatchDog.cancel(): canceling Thu Jun 04 14:32:49 UTC 2020
------------------ testing $PTII/ptolemy/domains/de/test/auto/DepthTest6.xml
auto.tcl: Setting watchdog for 200 seconds at Thu Jun 04 14:32:49 UTC 2020
3 ms. Memory: 48128K Free: 28102K (58%)
ptolemy.util.test.WatchDog.cancel(): canceling Thu Jun 04 14:32:49 UTC 2020
auto.tcl: Setting watchdog for 200 seconds at Thu Jun 04 14:32:49 UTC 2020
2 ms. Memory: 48128K Free: 27704K (58%)
ptolemy.util.test.WatchDog.cancel(): canceling Thu Jun 04 14:32:49 UTC 2020
------------------ testing $PTII/ptolemy/domains/de/test/auto/DepthTest7.xml
auto.tcl: Setting watchdog for 200 seconds at Thu Jun 04 14:32:49 UTC 2020
2 ms. Memory: 48128K Free: 28610K (59%)
ptolemy.util.test.WatchDog.cancel(): canceling Thu Jun 04 14:32:49 UTC 2020
auto.tcl: Setting watchdog for 200 seconds at Thu Jun 04 14:32:49 UTC 2020
2 ms. Memory: 48128K Free: 28180K (59%)
ptolemy.util.test.WatchDog.cancel(): canceling Thu Jun 04 14:32:49 UTC 2020
------------------ testing $PTII/ptolemy/domains/de/test/auto/EventToDate.xml
auto.tcl: Setting watchdog for 200 seconds at Thu Jun 04 14:32:49 UTC 2020
3007 ms. Memory: 48128K Free: 19494K (41%)
ptolemy.util.test.WatchDog.cancel(): canceling Thu Jun 04 14:32:53 UTC 2020
auto.tcl: Setting watchdog for 200 seconds at Thu Jun 04 14:32:53 UTC 2020
3004 ms. Memory: 48128K Free: 18602K (39%)
ptolemy.util.test.WatchDog.cancel(): canceling Thu Jun 04 14:32:56 UTC 2020
------------------ testing $PTII/ptolemy/domains/de/test/auto/FSM1.xml
auto.tcl: Setting watchdog for 200 seconds at Thu Jun 04 14:32:56 UTC 2020
38 ms. Memory: 48128K Free: 20927K (43%)
ptolemy.util.test.WatchDog.cancel(): canceling Thu Jun 04 14:32:56 UTC 2020
auto.tcl: Setting watchdog for 200 seconds at Thu Jun 04 14:32:56 UTC 2020
25 ms. Memory: 48128K Free: 17690K (37%)
ptolemy.util.test.WatchDog.cancel(): canceling Thu Jun 04 14:32:56 UTC 2020
------------------ testing $PTII/ptolemy/domains/de/test/auto/FSM7.xml
auto.tcl: Setting watchdog for 200 seconds at Thu Jun 04 14:32:56 UTC 2020
26 ms. Memory: 48128K Free: 20646K (43%)
ptolemy.util.test.WatchDog.cancel(): canceling Thu Jun 04 14:32:56 UTC 2020
auto.tcl: Setting watchdog for 200 seconds at Thu Jun 04 14:32:56 UTC 2020
20 ms. Memory: 48128K Free: 17487K (36%)
ptolemy.util.test.WatchDog.cancel(): canceling Thu Jun 04 14:32:56 UTC 2020
------------------ testing $PTII/ptolemy/domains/de/test/auto/Inspection.xml
auto.tcl: Setting watchdog for 200 seconds at Thu Jun 04 14:32:56 UTC 2020
32 ms. Memory: 48128K Free: 20439K (42%)
ptolemy.util.test.WatchDog.cancel(): canceling Thu Jun 04 14:32:56 UTC 2020
auto.tcl: Setting watchdog for 200 seconds at Thu Jun 04 14:32:56 UTC 2020
27 ms. Memory: 48128K Free: 18566K (39%)
ptolemy.util.test.WatchDog.cancel(): canceling Thu Jun 04 14:32:56 UTC 2020
------------------ testing $PTII/ptolemy/domains/de/test/auto/Iteration.xml
auto.tcl: Setting watchdog for 200 seconds at Thu Jun 04 14:32:56 UTC 2020
6 ms. Memory: 48128K Free: 26395K (55%)
ptolemy.util.test.WatchDog.cancel(): canceling Thu Jun 04 14:32:56 UTC 2020
auto.tcl: Setting watchdog for 200 seconds at Thu Jun 04 14:32:56 UTC 2020
5 ms. Memory: 48128K Free: 25353K (53%)
ptolemy.util.test.WatchDog.cancel(): canceling Thu Jun 04 14:32:56 UTC 2020
------------------ testing $PTII/ptolemy/domains/de/test/auto/LineFault.xml
auto.tcl: Setting watchdog for 200 seconds at Thu Jun 04 14:32:56 UTC 2020
626 ms. Memory: 48128K Free: 22922K (48%)
ptolemy.util.test.WatchDog.cancel(): canceling Thu Jun 04 14:32:57 UTC 2020
auto.tcl: Setting watchdog for 200 seconds at Thu Jun 04 14:32:57 UTC 2020
531 ms. Memory: 58368K Free: 19111K (33%)
ptolemy.util.test.WatchDog.cancel(): canceling Thu Jun 04 14:32:57 UTC 2020
------------------ testing $PTII/ptolemy/domains/de/test/auto/MergeModel1Add.xml
auto.tcl: Setting watchdog for 200 seconds at Thu Jun 04 14:32:57 UTC 2020
29 ms. Memory: 58368K Free: 22059K (38%)
ptolemy.util.test.WatchDog.cancel(): canceling Thu Jun 04 14:32:58 UTC 2020
auto.tcl: Setting watchdog for 200 seconds at Thu Jun 04 14:32:58 UTC 2020
11 ms. Memory: 58368K Free: 20358K (35%)
ptolemy.util.test.WatchDog.cancel(): canceling Thu Jun 04 14:32:58 UTC 2020
------------------ testing $PTII/ptolemy/domains/de/test/auto/MergeModel2Add.xml
auto.tcl: Setting watchdog for 200 seconds at Thu Jun 04 14:32:58 UTC 2020
10 ms. Memory: 51200K Free: 17763K (35%)
ptolemy.util.test.WatchDog.cancel(): canceling Thu Jun 04 14:32:58 UTC 2020
auto.tcl: Setting watchdog for 200 seconds at Thu Jun 04 14:32:58 UTC 2020
10 ms. Memory: 51200K Free: 16085K (31%)
ptolemy.util.test.WatchDog.cancel(): canceling Thu Jun 04 14:32:58 UTC 2020
------------------ testing $PTII/ptolemy/domains/de/test/auto/MergeModel3Add.xml
auto.tcl: Setting watchdog for 200 seconds at Thu Jun 04 14:32:58 UTC 2020
11 ms. Memory: 51200K Free: 17508K (34%)
ptolemy.util.test.WatchDog.cancel(): canceling Thu Jun 04 14:32:58 UTC 2020
auto.tcl: Setting watchdog for 200 seconds at Thu Jun 04 14:32:58 UTC 2020
10 ms. Memory: 51200K Free: 16160K (32%)
ptolemy.util.test.WatchDog.cancel(): canceling Thu Jun 04 14:32:58 UTC 2020
------------------ testing $PTII/ptolemy/domains/de/test/auto/MergeWithoutDiscard.xml
auto.tcl: Setting watchdog for 200 seconds at Thu Jun 04 14:32:58 UTC 2020
2 ms. Memory: 51200K Free: 32373K (63%)
ptolemy.util.test.WatchDog.cancel(): canceling Thu Jun 04 14:32:58 UTC 2020
auto.tcl: Setting watchdog for 200 seconds at Thu Jun 04 14:32:58 UTC 2020
2 ms. Memory: 51200K Free: 31469K (61%)
ptolemy.util.test.WatchDog.cancel(): canceling Thu Jun 04 14:32:58 UTC 2020
------------------ testing $PTII/ptolemy/domains/de/test/auto/Modal1.xml
auto.tcl: Setting watchdog for 200 seconds at Thu Jun 04 14:32:58 UTC 2020
16 ms. Memory: 51200K Free: 23956K (47%)
ptolemy.util.test.WatchDog.cancel(): canceling Thu Jun 04 14:32:58 UTC 2020
auto.tcl: Setting watchdog for 200 seconds at Thu Jun 04 14:32:58 UTC 2020
25 ms. Memory: 51200K Free: 20498K (40%)
ptolemy.util.test.WatchDog.cancel(): canceling Thu Jun 04 14:32:58 UTC 2020
------------------ testing $PTII/ptolemy/domains/de/test/auto/Modal2.xml
auto.tcl: Setting watchdog for 200 seconds at Thu Jun 04 14:32:58 UTC 2020
11 ms. Memory: 51200K Free: 24087K (47%)
ptolemy.util.test.WatchDog.cancel(): canceling Thu Jun 04 14:32:58 UTC 2020
auto.tcl: Setting watchdog for 200 seconds at Thu Jun 04 14:32:58 UTC 2020
12 ms. Memory: 51200K Free: 20858K (41%)
ptolemy.util.test.WatchDog.cancel(): canceling Thu Jun 04 14:32:58 UTC 2020
------------------ testing $PTII/ptolemy/domains/de/test/auto/Modal3.xml
auto.tcl: Setting watchdog for 200 seconds at Thu Jun 04 14:32:58 UTC 2020
14 ms. Memory: 51200K Free: 23854K (47%)
ptolemy.util.test.WatchDog.cancel(): canceling Thu Jun 04 14:32:58 UTC 2020
auto.tcl: Setting watchdog for 200 seconds at Thu Jun 04 14:32:58 UTC 2020
16 ms. Memory: 51200K Free: 20856K (41%)
ptolemy.util.test.WatchDog.cancel(): canceling Thu Jun 04 14:32:58 UTC 2020
------------------ testing $PTII/ptolemy/domains/de/test/auto/Modal4.xml
auto.tcl: Setting watchdog for 200 seconds at Thu Jun 04 14:32:58 UTC 2020
13 ms. Memory: 51200K Free: 23058K (45%)
ptolemy.util.test.WatchDog.cancel(): canceling Thu Jun 04 14:32:58 UTC 2020
auto.tcl: Setting watchdog for 200 seconds at Thu Jun 04 14:32:58 UTC 2020
12 ms. Memory: 51200K Free: 19224K (38%)
ptolemy.util.test.WatchDog.cancel(): canceling Thu Jun 04 14:32:58 UTC 2020
------------------ testing $PTII/ptolemy/domains/de/test/auto/Modal5.xml
auto.tcl: Setting watchdog for 200 seconds at Thu Jun 04 14:32:58 UTC 2020
12 ms. Memory: 51200K Free: 23031K (45%)
ptolemy.util.test.WatchDog.cancel(): canceling Thu Jun 04 14:32:58 UTC 2020
auto.tcl: Setting watchdog for 200 seconds at Thu Jun 04 14:32:58 UTC 2020
13 ms. Memory: 51200K Free: 19211K (38%)
ptolemy.util.test.WatchDog.cancel(): canceling Thu Jun 04 14:32:58 UTC 2020
------------------ testing $PTII/ptolemy/domains/de/test/auto/Modal6.xml
auto.tcl: Setting watchdog for 200 seconds at Thu Jun 04 14:32:58 UTC 2020
12 ms. Memory: 51200K Free: 23856K (47%)
ptolemy.util.test.WatchDog.cancel(): canceling Thu Jun 04 14:32:58 UTC 2020
auto.tcl: Setting watchdog for 200 seconds at Thu Jun 04 14:32:58 UTC 2020
14 ms. Memory: 51200K Free: 19842K (39%)
ptolemy.util.test.WatchDog.cancel(): canceling Thu Jun 04 14:32:58 UTC 2020
------------------ testing $PTII/ptolemy/domains/de/test/auto/Modal7.xml
auto.tcl: Setting watchdog for 200 seconds at Thu Jun 04 14:32:59 UTC 2020
10 ms. Memory: 51200K Free: 22790K (45%)
ptolemy.util.test.WatchDog.cancel(): canceling Thu Jun 04 14:32:59 UTC 2020
auto.tcl: Setting watchdog for 200 seconds at Thu Jun 04 14:32:59 UTC 2020
10 ms. Memory: 51200K Free: 19210K (38%)
ptolemy.util.test.WatchDog.cancel(): canceling Thu Jun 04 14:32:59 UTC 2020
------------------ testing $PTII/ptolemy/domains/de/test/auto/ModalModel.xml
auto.tcl: Setting watchdog for 200 seconds at Thu Jun 04 14:32:59 UTC 2020
208 ms. Memory: 51200K Free: 13327K (26%)
ptolemy.util.test.WatchDog.cancel(): canceling Thu Jun 04 14:32:59 UTC 2020
auto.tcl: Setting watchdog for 200 seconds at Thu Jun 04 14:32:59 UTC 2020
228 ms. Memory: 71680K Free: 55678K (78%)
ptolemy.util.test.WatchDog.cancel(): canceling Thu Jun 04 14:32:59 UTC 2020
------------------ testing $PTII/ptolemy/domains/de/test/auto/ModalSource.xml
auto.tcl: Setting watchdog for 200 seconds at Thu Jun 04 14:32:59 UTC 2020
6 ms. Memory: 51200K Free: 27885K (54%)
ptolemy.util.test.WatchDog.cancel(): canceling Thu Jun 04 14:32:59 UTC 2020
auto.tcl: Setting watchdog for 200 seconds at Thu Jun 04 14:32:59 UTC 2020
6 ms. Memory: 51200K Free: 25837K (50%)
ptolemy.util.test.WatchDog.cancel(): canceling Thu Jun 04 14:32:59 UTC 2020
------------------ testing $PTII/ptolemy/domains/de/test/auto/NonInterruptibleTimerZeroDelay.xml
auto.tcl: Setting watchdog for 200 seconds at Thu Jun 04 14:32:59 UTC 2020
3 ms. Memory: 51200K Free: 33085K (65%)
ptolemy.util.test.WatchDog.cancel(): canceling Thu Jun 04 14:32:59 UTC 2020
auto.tcl: Setting watchdog for 200 seconds at Thu Jun 04 14:32:59 UTC 2020
3 ms. Memory: 51200K Free: 32179K (63%)
ptolemy.util.test.WatchDog.cancel(): canceling Thu Jun 04 14:32:59 UTC 2020
------------------ testing $PTII/ptolemy/domains/de/test/auto/OpenQueueingNetwork.xml
auto.tcl: Setting watchdog for 200 seconds at Thu Jun 04 14:32:59 UTC 2020
3064 ms. Memory: 106496K Free: 65820K (62%)
ptolemy.util.test.WatchDog.cancel(): canceling Thu Jun 04 14:33:03 UTC 2020
auto.tcl: Setting watchdog for 200 seconds at Thu Jun 04 14:33:03 UTC 2020
2489 ms. Memory: 128000K Free: 103537K (81%)
ptolemy.util.test.WatchDog.cancel(): canceling Thu Jun 04 14:33:05 UTC 2020
------------------ testing $PTII/ptolemy/domains/de/test/auto/OpenQueuingNetwork.xml
auto.tcl: Setting watchdog for 200 seconds at Thu Jun 04 14:33:05 UTC 2020
228 ms. Memory: 58368K Free: 30419K (52%)
ptolemy.util.test.WatchDog.cancel(): canceling Thu Jun 04 14:33:05 UTC 2020
auto.tcl: Setting watchdog for 200 seconds at Thu Jun 04 14:33:05 UTC 2020
220 ms. Memory: 58368K Free: 11477K (20%)
ptolemy.util.test.WatchDog.cancel(): canceling Thu Jun 04 14:33:06 UTC 2020
------------------ testing $PTII/ptolemy/domains/de/test/auto/PeriodicSampler.xml
auto.tcl: Setting watchdog for 200 seconds at Thu Jun 04 14:33:06 UTC 2020
2 ms. Memory: 51200K Free: 32021K (63%)
ptolemy.util.test.WatchDog.cancel(): canceling Thu Jun 04 14:33:06 UTC 2020
auto.tcl: Setting watchdog for 200 seconds at Thu Jun 04 14:33:06 UTC 2020
2 ms. Memory: 51200K Free: 31507K (62%)
ptolemy.util.test.WatchDog.cancel(): canceling Thu Jun 04 14:33:06 UTC 2020
------------------ testing $PTII/ptolemy/domains/de/test/auto/PersistentIO.xml
auto.tcl: Setting watchdog for 200 seconds at Thu Jun 04 14:33:06 UTC 2020
9 ms. Memory: 51200K Free: 26946K (53%)
ptolemy.util.test.WatchDog.cancel(): canceling Thu Jun 04 14:33:06 UTC 2020
auto.tcl: Setting watchdog for 200 seconds at Thu Jun 04 14:33:06 UTC 2020
3 ms. Memory: 51200K Free: 25426K (50%)
ptolemy.util.test.WatchDog.cancel(): canceling Thu Jun 04 14:33:06 UTC 2020
------------------ testing $PTII/ptolemy/domains/de/test/auto/PortParameterResetOnInitialize.xml
auto.tcl: Setting watchdog for 200 seconds at Thu Jun 04 14:33:06 UTC 2020
7 ms. Memory: 51200K Free: 31944K (62%)
ptolemy.util.test.WatchDog.cancel(): canceling Thu Jun 04 14:33:06 UTC 2020
auto.tcl: Setting watchdog for 200 seconds at Thu Jun 04 14:33:06 UTC 2020
2 ms. Memory: 51200K Free: 31434K (61%)
ptolemy.util.test.WatchDog.cancel(): canceling Thu Jun 04 14:33:06 UTC 2020
------------------ testing $PTII/ptolemy/domains/de/test/auto/PortParameterUpdates.xml
auto.tcl: Setting watchdog for 200 seconds at Thu Jun 04 14:33:06 UTC 2020
4 ms. Memory: 51200K Free: 30229K (59%)
ptolemy.util.test.WatchDog.cancel(): canceling Thu Jun 04 14:33:06 UTC 2020
auto.tcl: Setting watchdog for 200 seconds at Thu Jun 04 14:33:06 UTC 2020
4 ms. Memory: 51200K Free: 29004K (57%)
ptolemy.util.test.WatchDog.cancel(): canceling Thu Jun 04 14:33:06 UTC 2020
------------------ testing $PTII/ptolemy/domains/de/test/auto/QueueAndServer.xml
auto.tcl: Setting watchdog for 200 seconds at Thu Jun 04 14:33:06 UTC 2020
13 ms. Memory: 51200K Free: 28885K (56%)
ptolemy.util.test.WatchDog.cancel(): canceling Thu Jun 04 14:33:06 UTC 2020
auto.tcl: Setting watchdog for 200 seconds at Thu Jun 04 14:33:06 UTC 2020
7 ms. Memory: 51200K Free: 27433K (54%)
ptolemy.util.test.WatchDog.cancel(): canceling Thu Jun 04 14:33:06 UTC 2020
------------------ testing $PTII/ptolemy/domains/de/test/auto/Records.xml
auto.tcl: Setting watchdog for 200 seconds at Thu Jun 04 14:33:06 UTC 2020
5 ms. Memory: 51200K Free: 31173K (61%)
ptolemy.util.test.WatchDog.cancel(): canceling Thu Jun 04 14:33:06 UTC 2020
auto.tcl: Setting watchdog for 200 seconds at Thu Jun 04 14:33:06 UTC 2020
1 ms. Memory: 51200K Free: 30661K (60%)
ptolemy.util.test.WatchDog.cancel(): canceling Thu Jun 04 14:33:06 UTC 2020
------------------ testing $PTII/ptolemy/domains/de/test/auto/ResetTransitionWithStartTime1.xml
auto.tcl: Setting watchdog for 200 seconds at Thu Jun 04 14:33:06 UTC 2020
9 ms. Memory: 51200K Free: 28466K (56%)
ptolemy.util.test.WatchDog.cancel(): canceling Thu Jun 04 14:33:06 UTC 2020
auto.tcl: Setting watchdog for 200 seconds at Thu Jun 04 14:33:06 UTC 2020
5 ms. Memory: 51200K Free: 25867K (51%)
ptolemy.util.test.WatchDog.cancel(): canceling Thu Jun 04 14:33:06 UTC 2020
------------------ testing $PTII/ptolemy/domains/de/test/auto/ResetTransitionWithStartTime2.xml
auto.tcl: Setting watchdog for 200 seconds at Thu Jun 04 14:33:06 UTC 2020
8 ms. Memory: 51200K Free: 28385K (55%)
ptolemy.util.test.WatchDog.cancel(): canceling Thu Jun 04 14:33:06 UTC 2020
auto.tcl: Setting watchdog for 200 seconds at Thu Jun 04 14:33:06 UTC 2020
8 ms. Memory: 51200K Free: 26337K (51%)
ptolemy.util.test.WatchDog.cancel(): canceling Thu Jun 04 14:33:06 UTC 2020
------------------ testing $PTII/ptolemy/domains/de/test/auto/ResetTransitionWithStartTime3.xml
auto.tcl: Setting watchdog for 200 seconds at Thu Jun 04 14:33:06 UTC 2020
10 ms. Memory: 51200K Free: 28384K (55%)
ptolemy.util.test.WatchDog.cancel(): canceling Thu Jun 04 14:33:06 UTC 2020
auto.tcl: Setting watchdog for 200 seconds at Thu Jun 04 14:33:06 UTC 2020
7 ms. Memory: 51200K Free: 25822K (50%)
ptolemy.util.test.WatchDog.cancel(): canceling Thu Jun 04 14:33:06 UTC 2020
------------------ testing $PTII/ptolemy/domains/de/test/auto/ResetTransitionWithStartTime4.xml
auto.tcl: Setting watchdog for 200 seconds at Thu Jun 04 14:33:06 UTC 2020
8 ms. Memory: 51200K Free: 28890K (56%)
ptolemy.util.test.WatchDog.cancel(): canceling Thu Jun 04 14:33:06 UTC 2020
auto.tcl: Setting watchdog for 200 seconds at Thu Jun 04 14:33:06 UTC 2020
5 ms. Memory: 51200K Free: 27359K (53%)
ptolemy.util.test.WatchDog.cancel(): canceling Thu Jun 04 14:33:06 UTC 2020
------------------ testing $PTII/ptolemy/domains/de/test/auto/ResettableTimer1.xml
auto.tcl: Setting watchdog for 200 seconds at Thu Jun 04 14:33:06 UTC 2020
4 ms. Memory: 51200K Free: 32560K (64%)
ptolemy.util.test.WatchDog.cancel(): canceling Thu Jun 04 14:33:06 UTC 2020
auto.tcl: Setting watchdog for 200 seconds at Thu Jun 04 14:33:06 UTC 2020
2 ms. Memory: 51200K Free: 31933K (62%)
ptolemy.util.test.WatchDog.cancel(): canceling Thu Jun 04 14:33:06 UTC 2020
------------------ testing $PTII/ptolemy/domains/de/test/auto/ResettableTimer2.xml
auto.tcl: Setting watchdog for 200 seconds at Thu Jun 04 14:33:07 UTC 2020
3 ms. Memory: 51200K Free: 32517K (64%)
ptolemy.util.test.WatchDog.cancel(): canceling Thu Jun 04 14:33:07 UTC 2020
auto.tcl: Setting watchdog for 200 seconds at Thu Jun 04 14:33:07 UTC 2020
2 ms. Memory: 51200K Free: 31493K (62%)
ptolemy.util.test.WatchDog.cancel(): canceling Thu Jun 04 14:33:07 UTC 2020
------------------ testing $PTII/ptolemy/domains/de/test/auto/ResettableTimer3.xml
auto.tcl: Setting watchdog for 200 seconds at Thu Jun 04 14:33:07 UTC 2020
1 ms. Memory: 51200K Free: 33027K (65%)
ptolemy.util.test.WatchDog.cancel(): canceling Thu Jun 04 14:33:07 UTC 2020
auto.tcl: Setting watchdog for 200 seconds at Thu Jun 04 14:33:07 UTC 2020
1 ms. Memory: 51200K Free: 32517K (64%)
ptolemy.util.test.WatchDog.cancel(): canceling Thu Jun 04 14:33:07 UTC 2020
------------------ testing $PTII/ptolemy/domains/de/test/auto/ResettableTimer4.xml
auto.tcl: Setting watchdog for 200 seconds at Thu Jun 04 14:33:07 UTC 2020
1 ms. Memory: 51200K Free: 32530K (64%)
ptolemy.util.test.WatchDog.cancel(): canceling Thu Jun 04 14:33:07 UTC 2020
auto.tcl: Setting watchdog for 200 seconds at Thu Jun 04 14:33:07 UTC 2020
1 ms. Memory: 51200K Free: 32530K (64%)
ptolemy.util.test.WatchDog.cancel(): canceling Thu Jun 04 14:33:07 UTC 2020
------------------ testing $PTII/ptolemy/domains/de/test/auto/ResettableTimer5.xml
auto.tcl: Setting watchdog for 200 seconds at Thu Jun 04 14:33:07 UTC 2020
1 ms. Memory: 51200K Free: 32528K (64%)
ptolemy.util.test.WatchDog.cancel(): canceling Thu Jun 04 14:33:07 UTC 2020
auto.tcl: Setting watchdog for 200 seconds at Thu Jun 04 14:33:07 UTC 2020
1 ms. Memory: 51200K Free: 32014K (63%)
ptolemy.util.test.WatchDog.cancel(): canceling Thu Jun 04 14:33:07 UTC 2020
------------------ testing $PTII/ptolemy/domains/de/test/auto/ResettableTimer6.xml
auto.tcl: Setting watchdog for 200 seconds at Thu Jun 04 14:33:07 UTC 2020
1 ms. Memory: 51200K Free: 32004K (63%)
ptolemy.util.test.WatchDog.cancel(): canceling Thu Jun 04 14:33:07 UTC 2020
auto.tcl: Setting watchdog for 200 seconds at Thu Jun 04 14:33:07 UTC 2020
1 ms. Memory: 51200K Free: 31494K (62%)
ptolemy.util.test.WatchDog.cancel(): canceling Thu Jun 04 14:33:07 UTC 2020
------------------ testing $PTII/ptolemy/domains/de/test/auto/ServerZeroDelay.xml
auto.tcl: Setting watchdog for 200 seconds at Thu Jun 04 14:33:07 UTC 2020
2 ms. Memory: 51200K Free: 32510K (63%)
ptolemy.util.test.WatchDog.cancel(): canceling Thu Jun 04 14:33:07 UTC 2020
auto.tcl: Setting watchdog for 200 seconds at Thu Jun 04 14:33:07 UTC 2020
3 ms. Memory: 51200K Free: 31486K (61%)
ptolemy.util.test.WatchDog.cancel(): canceling Thu Jun 04 14:33:07 UTC 2020
------------------ testing $PTII/ptolemy/domains/de/test/auto/SmartSender.xml
auto.tcl: Setting watchdog for 200 seconds at Thu Jun 04 14:33:07 UTC 2020
3001 ms. Memory: 51200K Free: 31991K (62%)
ptolemy.util.test.WatchDog.cancel(): canceling Thu Jun 04 14:33:10 UTC 2020
auto.tcl: Setting watchdog for 200 seconds at Thu Jun 04 14:33:10 UTC 2020
3002 ms. Memory: 51200K Free: 31481K (61%)
ptolemy.util.test.WatchDog.cancel(): canceling Thu Jun 04 14:33:13 UTC 2020
------------------ testing $PTII/ptolemy/domains/de/test/auto/ThreadedComposite.xml
auto.tcl: Setting watchdog for 200 seconds at Thu Jun 04 14:33:13 UTC 2020
144 ms. Memory: 51200K Free: 13572K (27%)
ptolemy.util.test.WatchDog.cancel(): canceling Thu Jun 04 14:33:13 UTC 2020
auto.tcl: Setting watchdog for 200 seconds at Thu Jun 04 14:33:13 UTC 2020
113 ms. Memory: 51200K Free: 29445K (58%)
ptolemy.util.test.WatchDog.cancel(): canceling Thu Jun 04 14:33:13 UTC 2020
------------------ testing $PTII/ptolemy/domains/de/test/auto/Time.xml
auto.tcl: Setting watchdog for 200 seconds at Thu Jun 04 14:33:13 UTC 2020
424 ms. Memory: 72704K Free: 55111K (76%)
ptolemy.util.test.WatchDog.cancel(): canceling Thu Jun 04 14:33:14 UTC 2020
auto.tcl: Setting watchdog for 200 seconds at Thu Jun 04 14:33:14 UTC 2020
394 ms. Memory: 72704K Free: 40783K (56%)
ptolemy.util.test.WatchDog.cancel(): canceling Thu Jun 04 14:33:14 UTC 2020
------------------ testing $PTII/ptolemy/domains/de/test/auto/TimeDelayZeroDelay.xml
auto.tcl: Setting watchdog for 200 seconds at Thu Jun 04 14:33:14 UTC 2020
2 ms. Memory: 51200K Free: 32945K (64%)
ptolemy.util.test.WatchDog.cancel(): canceling Thu Jun 04 14:33:14 UTC 2020
auto.tcl: Setting watchdog for 200 seconds at Thu Jun 04 14:33:14 UTC 2020
2 ms. Memory: 51200K Free: 32038K (63%)
ptolemy.util.test.WatchDog.cancel(): canceling Thu Jun 04 14:33:14 UTC 2020
------------------ testing $PTII/ptolemy/domains/de/test/auto/TimerZeroDelay.xml
auto.tcl: Setting watchdog for 200 seconds at Thu Jun 04 14:33:14 UTC 2020
3 ms. Memory: 51200K Free: 32875K (64%)
ptolemy.util.test.WatchDog.cancel(): canceling Thu Jun 04 14:33:14 UTC 2020
auto.tcl: Setting watchdog for 200 seconds at Thu Jun 04 14:33:14 UTC 2020
2 ms. Memory: 51200K Free: 32073K (63%)
ptolemy.util.test.WatchDog.cancel(): canceling Thu Jun 04 14:33:14 UTC 2020
------------------ testing $PTII/ptolemy/domains/de/test/auto/TimingParadox.xml
auto.tcl: Setting watchdog for 200 seconds at Thu Jun 04 14:33:14 UTC 2020
285 ms. Memory: 51200K Free: 18564K (36%)
ptolemy.util.test.WatchDog.cancel(): canceling Thu Jun 04 14:33:15 UTC 2020
auto.tcl: Setting watchdog for 200 seconds at Thu Jun 04 14:33:15 UTC 2020
291 ms. Memory: 51200K Free: 34308K (67%)
ptolemy.util.test.WatchDog.cancel(): canceling Thu Jun 04 14:33:15 UTC 2020
------------------ testing $PTII/ptolemy/domains/de/test/auto/TransferInputs.xml
auto.tcl: Setting watchdog for 200 seconds at Thu Jun 04 14:33:15 UTC 2020
2 ms. Memory: 51200K Free: 30957K (60%)
ptolemy.util.test.WatchDog.cancel(): canceling Thu Jun 04 14:33:15 UTC 2020
auto.tcl: Setting watchdog for 200 seconds at Thu Jun 04 14:33:15 UTC 2020
2 ms. Memory: 51200K Free: 30041K (59%)
ptolemy.util.test.WatchDog.cancel(): canceling Thu Jun 04 14:33:15 UTC 2020
------------------ testing $PTII/ptolemy/domains/de/test/auto/TransferOutputs2.xml
auto.tcl: Setting watchdog for 200 seconds at Thu Jun 04 14:33:15 UTC 2020
2 ms. Memory: 51200K Free: 28385K (55%)
ptolemy.util.test.WatchDog.cancel(): canceling Thu Jun 04 14:33:15 UTC 2020
auto.tcl: Setting watchdog for 200 seconds at Thu Jun 04 14:33:15 UTC 2020
3 ms. Memory: 51200K Free: 26985K (53%)
ptolemy.util.test.WatchDog.cancel(): canceling Thu Jun 04 14:33:15 UTC 2020
------------------ testing $PTII/ptolemy/domains/de/test/auto/Trilateration.xml
auto.tcl: Setting watchdog for 200 seconds at Thu Jun 04 14:33:15 UTC 2020
11952 ms. Memory: 570368K Free: 260881K (46%)
ptolemy.util.test.WatchDog.cancel(): canceling Thu Jun 04 14:33:28 UTC 2020
auto.tcl: Setting watchdog for 200 seconds at Thu Jun 04 14:33:28 UTC 2020
8815 ms. Memory: 570368K Free: 257858K (45%)
ptolemy.util.test.WatchDog.cancel(): canceling Thu Jun 04 14:33:37 UTC 2020
------------------ testing $PTII/ptolemy/domains/de/test/auto/TwoSigmaDelta.xml
auto.tcl: Setting watchdog for 200 seconds at Thu Jun 04 14:33:37 UTC 2020
2293 ms. Memory: 89088K Free: 57262K (64%)
ptolemy.util.test.WatchDog.cancel(): canceling Thu Jun 04 14:33:39 UTC 2020
auto.tcl: Setting watchdog for 200 seconds at Thu Jun 04 14:33:39 UTC 2020
1870 ms. Memory: 89088K Free: 47527K (53%)
ptolemy.util.test.WatchDog.cancel(): canceling Thu Jun 04 14:33:41 UTC 2020
------------------ testing $PTII/ptolemy/domains/de/test/auto/VariableDelay.xml
auto.tcl: Setting watchdog for 200 seconds at Thu Jun 04 14:33:41 UTC 2020
3 ms. Memory: 55296K Free: 35515K (64%)
ptolemy.util.test.WatchDog.cancel(): canceling Thu Jun 04 14:33:41 UTC 2020
auto.tcl: Setting watchdog for 200 seconds at Thu Jun 04 14:33:41 UTC 2020
2 ms. Memory: 55296K Free: 34521K (62%)
ptolemy.util.test.WatchDog.cancel(): canceling Thu Jun 04 14:33:41 UTC 2020
------------------ testing $PTII/ptolemy/domains/de/test/auto/VariableDelay2.xml
auto.tcl: Setting watchdog for 200 seconds at Thu Jun 04 14:33:41 UTC 2020
2 ms. Memory: 55296K Free: 36458K (66%)
ptolemy.util.test.WatchDog.cancel(): canceling Thu Jun 04 14:33:42 UTC 2020
auto.tcl: Setting watchdog for 200 seconds at Thu Jun 04 14:33:42 UTC 2020
2 ms. Memory: 55296K Free: 35434K (64%)
ptolemy.util.test.WatchDog.cancel(): canceling Thu Jun 04 14:33:42 UTC 2020
------------------ testing $PTII/ptolemy/domains/de/test/auto/VariableDelayZeroDelay.xml
auto.tcl: Setting watchdog for 200 seconds at Thu Jun 04 14:33:42 UTC 2020
2 ms. Memory: 51200K Free: 32360K (63%)
ptolemy.util.test.WatchDog.cancel(): canceling Thu Jun 04 14:33:42 UTC 2020
auto.tcl: Setting watchdog for 200 seconds at Thu Jun 04 14:33:42 UTC 2020
1 ms. Memory: 51200K Free: 31846K (62%)
ptolemy.util.test.WatchDog.cancel(): canceling Thu Jun 04 14:33:42 UTC 2020
------------------ testing $PTII/ptolemy/domains/de/test/auto/VariableDelayZeroDelay2.xml
auto.tcl: Setting watchdog for 200 seconds at Thu Jun 04 14:33:42 UTC 2020
2 ms. Memory: 51200K Free: 32426K (63%)
ptolemy.util.test.WatchDog.cancel(): canceling Thu Jun 04 14:33:42 UTC 2020
auto.tcl: Setting watchdog for 200 seconds at Thu Jun 04 14:33:42 UTC 2020
2 ms. Memory: 51200K Free: 31335K (61%)
ptolemy.util.test.WatchDog.cancel(): canceling Thu Jun 04 14:33:42 UTC 2020
------------------ testing $PTII/ptolemy/domains/de/test/auto/deInCt.xml
auto.tcl: Setting watchdog for 200 seconds at Thu Jun 04 14:33:42 UTC 2020
0
1
1
1
0
0
1
1
1
1
0
0
0
1
1
1
0
0
0
0
0
0
1
1
1
1
0
0
0
0
1
1
1
0
0
0
1
1
1
1
11 ms. Memory: 51200K Free: 31332K (61%)
ptolemy.util.test.WatchDog.cancel(): canceling Thu Jun 04 14:33:42 UTC 2020
auto.tcl: Setting watchdog for 200 seconds at Thu Jun 04 14:33:42 UTC 2020
0
1
1
0
0
0
1
1
0
0
0
1
1
1
0
0
0
0
1
1
1
0
0
0
1
1
1
0
0
0
0
0
1
1
1
0
0
0
1
1
1
1
5 ms. Memory: 51200K Free: 29794K (58%)
ptolemy.util.test.WatchDog.cancel(): canceling Thu Jun 04 14:33:42 UTC 2020
------------------ testing $PTII/ptolemy/domains/de/test/auto/deInCt2.xml
auto.tcl: Setting watchdog for 200 seconds at Thu Jun 04 14:33:42 UTC 2020
0
1
1
1
0
0
1
1
1
0
0
1
1
1
0
0
1
1
1
0
0
1
1
1
0
0
1
1
1
0
0
1
1
1
0
0
1
1
1
0
0
0
6 ms. Memory: 51200K Free: 31333K (61%)
ptolemy.util.test.WatchDog.cancel(): canceling Thu Jun 04 14:33:42 UTC 2020
auto.tcl: Setting watchdog for 200 seconds at Thu Jun 04 14:33:42 UTC 2020
0
1
1
1
0
0
1
1
1
0
0
1
1
1
0
0
1
1
1
0
0
1
1
1
0
0
1
1
1
0
0
1
1
1
0
0
1
1
1
0
0
0
7 ms. Memory: 51200K Free: 29781K (58%)
ptolemy.util.test.WatchDog.cancel(): canceling Thu Jun 04 14:33:42 UTC 2020
------------------ testing $PTII/ptolemy/domains/de/test/auto/dynamicCausalityInterface1.xml
auto.tcl: Setting watchdog for 200 seconds at Thu Jun 04 14:33:42 UTC 2020
1 ms. Memory: 51200K Free: 27231K (53%)
ptolemy.util.test.WatchDog.cancel(): canceling Thu Jun 04 14:33:42 UTC 2020
auto.tcl: Setting watchdog for 200 seconds at Thu Jun 04 14:33:42 UTC 2020
1 ms. Memory: 51200K Free: 26717K (52%)
ptolemy.util.test.WatchDog.cancel(): canceling Thu Jun 04 14:33:42 UTC 2020
------------------ testing $PTII/ptolemy/domains/de/test/auto/fsm_de_test.xml
auto.tcl: Setting watchdog for 200 seconds at Thu Jun 04 14:33:42 UTC 2020
14 ms. Memory: 51200K Free: 27130K (53%)
ptolemy.util.test.WatchDog.cancel(): canceling Thu Jun 04 14:33:42 UTC 2020
auto.tcl: Setting watchdog for 200 seconds at Thu Jun 04 14:33:42 UTC 2020
5 ms. Memory: 51200K Free: 25082K (49%)
ptolemy.util.test.WatchDog.cancel(): canceling Thu Jun 04 14:33:42 UTC 2020
------------------ testing $PTII/ptolemy/domains/de/test/auto/functionDependencyReconstruction.xml
auto.tcl: Setting watchdog for 200 seconds at Thu Jun 04 14:33:42 UTC 2020
3 ms. Memory: 51200K Free: 21065K (41%)
ptolemy.util.test.WatchDog.cancel(): canceling Thu Jun 04 14:33:42 UTC 2020
auto.tcl: Setting watchdog for 200 seconds at Thu Jun 04 14:33:42 UTC 2020
3 ms. Memory: 51200K Free: 18928K (37%)
ptolemy.util.test.WatchDog.cancel(): canceling Thu Jun 04 14:33:42 UTC 2020
------------------ testing $PTII/ptolemy/domains/de/test/auto/multirate.xml
auto.tcl: Setting watchdog for 200 seconds at Thu Jun 04 14:33:42 UTC 2020
3 ms. Memory: 51200K Free: 29770K (58%)
ptolemy.util.test.WatchDog.cancel(): canceling Thu Jun 04 14:33:42 UTC 2020
auto.tcl: Setting watchdog for 200 seconds at Thu Jun 04 14:33:42 UTC 2020
2 ms. Memory: 51200K Free: 28025K (55%)
ptolemy.util.test.WatchDog.cancel(): canceling Thu Jun 04 14:33:42 UTC 2020
------------------ testing $PTII/ptolemy/domains/de/test/auto/multirate2.xml
auto.tcl: Setting watchdog for 200 seconds at Thu Jun 04 14:33:42 UTC 2020
2 ms. Memory: 51200K Free: 29926K (58%)
ptolemy.util.test.WatchDog.cancel(): canceling Thu Jun 04 14:33:42 UTC 2020
auto.tcl: Setting watchdog for 200 seconds at Thu Jun 04 14:33:42 UTC 2020
3 ms. Memory: 51200K Free: 28687K (56%)
ptolemy.util.test.WatchDog.cancel(): canceling Thu Jun 04 14:33:42 UTC 2020
------------------ testing $PTII/ptolemy/domains/de/test/auto/realtime.xml
auto.tcl: Setting watchdog for 200 seconds at Thu Jun 04 14:33:42 UTC 2020
10001 ms. Memory: 51200K Free: 32002K (63%)
ptolemy.util.test.WatchDog.cancel(): canceling Thu Jun 04 14:33:52 UTC 2020
auto.tcl: Setting watchdog for 200 seconds at Thu Jun 04 14:33:52 UTC 2020
10001 ms. Memory: 51200K Free: 31277K (61%)
ptolemy.util.test.WatchDog.cancel(): canceling Thu Jun 04 14:34:02 UTC 2020
------------------ testing $PTII/ptolemy/domains/de/test/auto/relationGroup.xml
auto.tcl: Setting watchdog for 200 seconds at Thu Jun 04 14:34:02 UTC 2020
1 ms. Memory: 51200K Free: 33051K (65%)
ptolemy.util.test.WatchDog.cancel(): canceling Thu Jun 04 14:34:02 UTC 2020
auto.tcl: Setting watchdog for 200 seconds at Thu Jun 04 14:34:02 UTC 2020
2 ms. Memory: 51200K Free: 32326K (63%)
ptolemy.util.test.WatchDog.cancel(): canceling Thu Jun 04 14:34:02 UTC 2020
------------------ testing $PTII/ptolemy/domains/de/test/auto/relationGroup2.xml
auto.tcl: Setting watchdog for 200 seconds at Thu Jun 04 14:34:02 UTC 2020
1 ms. Memory: 51200K Free: 33109K (65%)
ptolemy.util.test.WatchDog.cancel(): canceling Thu Jun 04 14:34:02 UTC 2020
auto.tcl: Setting watchdog for 200 seconds at Thu Jun 04 14:34:02 UTC 2020
2 ms. Memory: 51200K Free: 32384K (63%)
ptolemy.util.test.WatchDog.cancel(): canceling Thu Jun 04 14:34:02 UTC 2020
------------------ testing $PTII/ptolemy/domains/de/test/auto/sortWithOpaquePorts.xml
auto.tcl: Setting watchdog for 200 seconds at Thu Jun 04 14:34:02 UTC 2020
1 ms. Memory: 51200K Free: 31857K (62%)
ptolemy.util.test.WatchDog.cancel(): canceling Thu Jun 04 14:34:02 UTC 2020
auto.tcl: Setting watchdog for 200 seconds at Thu Jun 04 14:34:02 UTC 2020
2 ms. Memory: 51200K Free: 30833K (60%)
ptolemy.util.test.WatchDog.cancel(): canceling Thu Jun 04 14:34:02 UTC 2020
------------------ testing $PTII/ptolemy/domains/de/test/auto/transferInputsandOutputs.xml
auto.tcl: Setting watchdog for 200 seconds at Thu Jun 04 14:34:02 UTC 2020
2 ms. Memory: 51200K Free: 29300K (57%)
ptolemy.util.test.WatchDog.cancel(): canceling Thu Jun 04 14:34:03 UTC 2020
auto.tcl: Setting watchdog for 200 seconds at Thu Jun 04 14:34:03 UTC 2020
2 ms. Memory: 51200K Free: 28276K (55%)
ptolemy.util.test.WatchDog.cancel(): canceling Thu Jun 04 14:34:03 UTC 2020
------------------ testing $PTII/ptolemy/domains/de/test/auto/triggerType.xml
auto.tcl: Setting watchdog for 200 seconds at Thu Jun 04 14:34:03 UTC 2020
1 ms. Memory: 51200K Free: 32324K (63%)
ptolemy.util.test.WatchDog.cancel(): canceling Thu Jun 04 14:34:03 UTC 2020
auto.tcl: Setting watchdog for 200 seconds at Thu Jun 04 14:34:03 UTC 2020
1 ms. Memory: 51200K Free: 31300K (61%)
ptolemy.util.test.WatchDog.cancel(): canceling Thu Jun 04 14:34:03 UTC 2020
06/04/20 02:34:03
Failed: 0  Total Tests: 192  ((Passed: 187, Newly Passed: 1)  Known Failed: 5) /home/travis/build/icyphy/ptII/ptolemy/domains/de/test
06/04/20 02:34:03
Failed: 0  Total Tests: 192  ((Passed: 187, Newly Passed: 1)  Known Failed: 5) /home/travis/build/icyphy/ptII/ptolemy/domains/de/test
----------------- testing (KnownFailure) /home/travis/build/icyphy/ptII/ptolemy/domains/de/test/auto/knownFailedTests/DESDFClockTest.xml
2011 ms. Memory: 51200K Free: 25210K (49%)
Known Failure: java.lang.reflect.InvocationTargetException
----------------- testing (KnownFailure) /home/travis/build/icyphy/ptII/ptolemy/domains/de/test/auto/knownFailedTests/DirectFeedback.xml
1 ms. Memory: 51200K Free: 21114K (41%)
Known Failure: java.lang.reflect.InvocationTargetException
----------------- testing (KnownFailure) /home/travis/build/icyphy/ptII/ptolemy/domains/de/test/auto/knownFailedTests/FSMSource.xml
16 ms. Memory: 51200K Free: 13946K (27%)
----------------- testing (KnownFailure) /home/travis/build/icyphy/ptII/ptolemy/domains/de/test/auto/knownFailedTests/HierarchicalModel.xml
2 ms. Memory: 51200K Free: 27165K (53%)
Known Failure: java.lang.reflect.InvocationTargetException
----------------- testing (KnownFailure) /home/travis/build/icyphy/ptII/ptolemy/domains/de/test/auto/knownFailedTests/dependencyLoop.xml
7 ms. Memory: 51200K Free: 11797K (23%)
Known Failure: java.lang.reflect.InvocationTargetException
----------------- testing (KnownFailure) /home/travis/build/icyphy/ptII/ptolemy/domains/de/test/auto/knownFailedTests/dependencyLoop2.xml
3 ms. Memory: 51200K Free: 25591K (50%)
Known Failure: java.lang.reflect.InvocationTargetException
No auto/linux-amd64/*.xml tests in /home/travis/build/icyphy/ptII/ptolemy/domains/de/test
AutoTests.java: About to close Vertx.
AutoTests.java: Vertx closed.

===========================================================================================
----------------- testing Thu Jun 04 14:34:05 UTC 2020 /home/travis/build/icyphy/ptII/ptolemy/domains/de/test/auto/ActorDepthCalculation_actorWithoutPorts.xml
----------------- Instantiating /home/travis/build/icyphy/ptII/ptolemy/domains/de/test/auto/ActorDepthCalculation_actorWithoutPorts.xml
2 ms. Memory: 51200K Free: 18793K (37%)
----------------- Invoking toplevel() on ptolemy.moml.MoMLSimpleApplication@3eb3abac
----------------- Done invoking toplevel() on ptolemy.moml.MoMLSimpleApplication@3eb3abac
reloadAllAccessors: .ActorDepthCalculation_actorWithoutPorts

===========================================================================================
----------------- testing Thu Jun 04 14:34:05 UTC 2020 /home/travis/build/icyphy/ptII/ptolemy/domains/de/test/auto/AssemblyLine.xml
----------------- Instantiating /home/travis/build/icyphy/ptII/ptolemy/domains/de/test/auto/AssemblyLine.xml
4 ms. Memory: 51200K Free: 11657K (23%)
----------------- Invoking toplevel() on ptolemy.moml.MoMLSimpleApplication@37d5dbe0
----------------- Done invoking toplevel() on ptolemy.moml.MoMLSimpleApplication@37d5dbe0
reloadAllAccessors: .AssemblyLine

===========================================================================================
----------------- testing Thu Jun 04 14:34:05 UTC 2020 /home/travis/build/icyphy/ptII/ptolemy/domains/de/test/auto/CQBug1.xml
----------------- Instantiating /home/travis/build/icyphy/ptII/ptolemy/domains/de/test/auto/CQBug1.xml
1 ms. Memory: 51200K Free: 8631K (17%)
----------------- Invoking toplevel() on ptolemy.moml.MoMLSimpleApplication@cfe7085
----------------- Done invoking toplevel() on ptolemy.moml.MoMLSimpleApplication@cfe7085
reloadAllAccessors: .CQBug1

===========================================================================================
----------------- testing Thu Jun 04 14:34:05 UTC 2020 /home/travis/build/icyphy/ptII/ptolemy/domains/de/test/auto/CancelFireAt.xml
----------------- Instantiating /home/travis/build/icyphy/ptII/ptolemy/domains/de/test/auto/CancelFireAt.xml
2 ms. Memory: 51200K Free: 35130K (69%)
----------------- Invoking toplevel() on ptolemy.moml.MoMLSimpleApplication@3ab434c8
----------------- Done invoking toplevel() on ptolemy.moml.MoMLSimpleApplication@3ab434c8
reloadAllAccessors: .CancelFireAt

===========================================================================================
----------------- testing Thu Jun 04 14:34:05 UTC 2020 /home/travis/build/icyphy/ptII/ptolemy/domains/de/test/auto/CausalityAndComposabilityAnalysis.xml
----------------- Instantiating /home/travis/build/icyphy/ptII/ptolemy/domains/de/test/auto/CausalityAndComposabilityAnalysis.xml
2 ms. Memory: 51200K Free: 30745K (60%)
----------------- Invoking toplevel() on ptolemy.moml.MoMLSimpleApplication@73c179e8
----------------- Done invoking toplevel() on ptolemy.moml.MoMLSimpleApplication@73c179e8
reloadAllAccessors: .CausalityAndComposabilityAnalysis

===========================================================================================
----------------- testing Thu Jun 04 14:34:05 UTC 2020 /home/travis/build/icyphy/ptII/ptolemy/domains/de/test/auto/CausalityInterface1.xml
----------------- Instantiating /home/travis/build/icyphy/ptII/ptolemy/domains/de/test/auto/CausalityInterface1.xml
5 ms. Memory: 51200K Free: 25914K (51%)
----------------- Invoking toplevel() on ptolemy.moml.MoMLSimpleApplication@49c26af0
----------------- Done invoking toplevel() on ptolemy.moml.MoMLSimpleApplication@49c26af0
reloadAllAccessors: .CausalityInterface1

===========================================================================================
----------------- testing Thu Jun 04 14:34:05 UTC 2020 /home/travis/build/icyphy/ptII/ptolemy/domains/de/test/auto/CausalityInterface15.xml
----------------- Instantiating /home/travis/build/icyphy/ptII/ptolemy/domains/de/test/auto/CausalityInterface15.xml
2 ms. Memory: 51200K Free: 20172K (39%)
----------------- Invoking toplevel() on ptolemy.moml.MoMLSimpleApplication@2ca1ecd8
----------------- Done invoking toplevel() on ptolemy.moml.MoMLSimpleApplication@2ca1ecd8
reloadAllAccessors: .CausalityInterface15

===========================================================================================
----------------- testing Thu Jun 04 14:34:05 UTC 2020 /home/travis/build/icyphy/ptII/ptolemy/domains/de/test/auto/CausalityInterface2.xml
----------------- Instantiating /home/travis/build/icyphy/ptII/ptolemy/domains/de/test/auto/CausalityInterface2.xml
2 ms. Memory: 51200K Free: 15674K (31%)
[...]
	at ptolemy.actor.Manager.run(Manager.java:1263)
	at ptolemy.actor.Manager$PtolemyRunThread.run(Manager.java:1933)
java.lang.RuntimeException: Execution failed
	at ptolemy.moml.MoMLSimpleApplication$UnloadThread.run(MoMLSimpleApplication.java:402)
Caused by: ptolemy.kernel.util.IllegalActionException: Actor is not ready to fire.  Perhaps UpSample.prefire() returned false? Try debugging the actor by selecting "Listen to Actor".  Also, for SDF check moml for tokenConsumptionRate on input.
  in .DESDFClockTest.Play Bell.Copy1:SDF Director and .DESDFClockTest.Play Bell.UpSample
	at ptolemy.actor.sched.StaticSchedulingDirector.fire(StaticSchedulingDirector.java:227)
	at ptolemy.domains.sdf.kernel.SDFDirector.fire(SDFDirector.java:500)
	at ptolemy.actor.CompositeActor.fire(CompositeActor.java:455)
	at ptolemy.domains.de.kernel.DEDirector._fire(DEDirector.java:1949)
	at ptolemy.domains.de.kernel.DEDirector.fire(DEDirector.java:502)
	at ptolemy.actor.CompositeActor.fire(CompositeActor.java:455)
	at ptolemy.actor.Manager.iterate(Manager.java:851)
	at ptolemy.actor.Manager.execute(Manager.java:369)
	at ptolemy.actor.Manager.run(Manager.java:1263)
	at ptolemy.actor.Manager$PtolemyRunThread.run(Manager.java:1933)
java.lang.reflect.InvocationTargetException
	at java.base/jdk.internal.reflect.NativeConstructorAccessorImpl.newInstance0(Native Method)
	at java.base/jdk.internal.reflect.NativeConstructorAccessorImpl.newInstance(NativeConstructorAccessorImpl.java:62)
	at java.base/jdk.internal.reflect.DelegatingConstructorAccessorImpl.newInstance(DelegatingConstructorAccessorImpl.java:45)
	at java.base/java.lang.reflect.Constructor.newInstance(Constructor.java:490)
	at ptolemy.util.test.junit.AutoKnownFailedTests.RunModel(AutoKnownFailedTests.java:105)
	at java.base/jdk.internal.reflect.NativeMethodAccessorImpl.invoke0(Native Method)
	at java.base/jdk.internal.reflect.NativeMethodAccessorImpl.invoke(NativeMethodAccessorImpl.java:62)
	at java.base/jdk.internal.reflect.DelegatingMethodAccessorImpl.invoke(DelegatingMethodAccessorImpl.java:43)
	at java.base/java.lang.reflect.Method.invoke(Method.java:566)
	at org.junit.runners.model.FrameworkMethod$1.runReflectiveCall(FrameworkMethod.java:44)
	at org.junit.internal.runners.model.ReflectiveCallable.run(ReflectiveCallable.java:15)
	at org.junit.runners.model.FrameworkMethod.invokeExplosively(FrameworkMethod.java:41)
	at junitparams.internal.InvokeParameterisedMethod.evaluate(InvokeParameterisedMethod.java:102)
	at org.junit.internal.runners.statements.FailOnTimeout$1.run(FailOnTimeout.java:28)
Caused by: ptolemy.kernel.util.IllegalActionException: Actor is not ready to fire.  Perhaps UpSample.prefire() returned false? Try debugging the actor by selecting "Listen to Actor".  Also, for SDF check moml for tokenConsumptionRate on input.
  in .DESDFClockTest.Play Bell.Copy1:SDF Director and .DESDFClockTest.Play Bell.UpSample
	at ptolemy.actor.sched.StaticSchedulingDirector.fire(StaticSchedulingDirector.java:227)
	at ptolemy.domains.sdf.kernel.SDFDirector.fire(SDFDirector.java:500)
	at ptolemy.actor.CompositeActor.fire(CompositeActor.java:455)
	at ptolemy.domains.de.kernel.DEDirector._fire(DEDirector.java:1949)
	at ptolemy.domains.de.kernel.DEDirector.fire(DEDirector.java:502)
	at ptolemy.actor.CompositeActor.fire(CompositeActor.java:455)
	at ptolemy.actor.Manager.iterate(Manager.java:851)
	at ptolemy.actor.Manager.execute(Manager.java:369)
	at ptolemy.actor.Manager.run(Manager.java:1263)
	at ptolemy.actor.Manager$PtolemyRunThread.run(Manager.java:1933)
java.lang.RuntimeException: Execution failed
	at ptolemy.moml.MoMLSimpleApplication$UnloadThread.run(MoMLSimpleApplication.java:402)
Caused by: ptolemy.kernel.util.IllegalActionException: Test fails in iteration 1.
Value was: 1.0. Should have been: 2.0
  in .DirectFeedback.Test
	at ptolemy.actor.lib.Test.fire(Test.java:268)
	at ptolemy.domains.de.kernel.DEDirector._fire(DEDirector.java:1949)
	at ptolemy.domains.de.kernel.DEDirector.fire(DEDirector.java:502)
	at ptolemy.actor.CompositeActor.fire(CompositeActor.java:455)
	at ptolemy.actor.Manager.iterate(Manager.java:851)
	at ptolemy.actor.Manager.execute(Manager.java:369)
	at ptolemy.actor.Manager.run(Manager.java:1263)
	at ptolemy.actor.Manager$PtolemyRunThread.run(Manager.java:1933)
java.lang.reflect.InvocationTargetException
	at java.base/jdk.internal.reflect.NativeConstructorAccessorImpl.newInstance0(Native Method)
	at java.base/jdk.internal.reflect.NativeConstructorAccessorImpl.newInstance(NativeConstructorAccessorImpl.java:62)
	at java.base/jdk.internal.reflect.DelegatingConstructorAccessorImpl.newInstance(DelegatingConstructorAccessorImpl.java:45)
	at java.base/java.lang.reflect.Constructor.newInstance(Constructor.java:490)
	at ptolemy.util.test.junit.AutoKnownFailedTests.RunModel(AutoKnownFailedTests.java:105)
	at java.base/jdk.internal.reflect.NativeMethodAccessorImpl.invoke0(Native Method)
	at java.base/jdk.internal.reflect.NativeMethodAccessorImpl.invoke(NativeMethodAccessorImpl.java:62)
	at java.base/jdk.internal.reflect.DelegatingMethodAccessorImpl.invoke(DelegatingMethodAccessorImpl.java:43)
	at java.base/java.lang.reflect.Method.invoke(Method.java:566)
	at org.junit.runners.model.FrameworkMethod$1.runReflectiveCall(FrameworkMethod.java:44)
	at org.junit.internal.runners.model.ReflectiveCallable.run(ReflectiveCallable.java:15)
	at org.junit.runners.model.FrameworkMethod.invokeExplosively(FrameworkMethod.java:41)
	at junitparams.internal.InvokeParameterisedMethod.evaluate(InvokeParameterisedMethod.java:102)
	at org.junit.internal.runners.statements.FailOnTimeout$1.run(FailOnTimeout.java:28)
Caused by: ptolemy.kernel.util.IllegalActionException: Test fails in iteration 1.
Value was: 1.0. Should have been: 2.0
  in .DirectFeedback.Test
	at ptolemy.actor.lib.Test.fire(Test.java:268)
	at ptolemy.domains.de.kernel.DEDirector._fire(DEDirector.java:1949)
	at ptolemy.domains.de.kernel.DEDirector.fire(DEDirector.java:502)
	at ptolemy.actor.CompositeActor.fire(CompositeActor.java:455)
	at ptolemy.actor.Manager.iterate(Manager.java:851)
	at ptolemy.actor.Manager.execute(Manager.java:369)
	at ptolemy.actor.Manager.run(Manager.java:1263)
	at ptolemy.actor.Manager$PtolemyRunThread.run(Manager.java:1933)
java.lang.RuntimeException: Execution failed
	at ptolemy.moml.MoMLSimpleApplication$UnloadThread.run(MoMLSimpleApplication.java:402)
Caused by: ptolemy.kernel.util.IllegalActionException: Found a zero delay loop containing .HierarchicalModel.A
  in .HierarchicalModel and .HierarchicalModel.A
	at ptolemy.actor.util.CausalityInterfaceForComposites._computeOutputPortDepth(CausalityInterfaceForComposites.java:759)
	at ptolemy.actor.util.CausalityInterfaceForComposites._computeInputDepth(CausalityInterfaceForComposites.java:696)
	at ptolemy.actor.util.CausalityInterfaceForComposites._computeOutputPortDepth(CausalityInterfaceForComposites.java:765)
	at ptolemy.actor.util.CausalityInterfaceForComposites._computeInputDepth(CausalityInterfaceForComposites.java:696)
	at ptolemy.actor.util.CausalityInterfaceForComposites._computeOutputPortDepth(CausalityInterfaceForComposites.java:765)
	at ptolemy.actor.util.CausalityInterfaceForComposites._computeInputDepth(CausalityInterfaceForComposites.java:696)
	at ptolemy.actor.util.CausalityInterfaceForComposites._computeActorDepth(CausalityInterfaceForComposites.java:532)
	at ptolemy.actor.util.CausalityInterfaceForComposites.checkForCycles(CausalityInterfaceForComposites.java:96)
	at ptolemy.domains.de.kernel.DEDirector.preinitialize(DEDirector.java:1338)
	at ptolemy.actor.CompositeActor.preinitialize(CompositeActor.java:1828)
	at ptolemy.actor.Manager.preinitializeAndResolveTypes(Manager.java:1040)
	at ptolemy.actor.Manager.initialize(Manager.java:710)
	at ptolemy.actor.Manager.execute(Manager.java:356)
	at ptolemy.actor.Manager.run(Manager.java:1263)
	at ptolemy.actor.Manager$PtolemyRunThread.run(Manager.java:1933)
java.lang.reflect.InvocationTargetException
	at java.base/jdk.internal.reflect.NativeConstructorAccessorImpl.newInstance0(Native Method)
	at java.base/jdk.internal.reflect.NativeConstructorAccessorImpl.newInstance(NativeConstructorAccessorImpl.java:62)
	at java.base/jdk.internal.reflect.DelegatingConstructorAccessorImpl.newInstance(DelegatingConstructorAccessorImpl.java:45)
	at java.base/java.lang.reflect.Constructor.newInstance(Constructor.java:490)
	at ptolemy.util.test.junit.AutoKnownFailedTests.RunModel(AutoKnownFailedTests.java:105)
	at java.base/jdk.internal.reflect.NativeMethodAccessorImpl.invoke0(Native Method)
	at java.base/jdk.internal.reflect.NativeMethodAccessorImpl.invoke(NativeMethodAccessorImpl.java:62)
	at java.base/jdk.internal.reflect.DelegatingMethodAccessorImpl.invoke(DelegatingMethodAccessorImpl.java:43)
	at java.base/java.lang.reflect.Method.invoke(Method.java:566)
	at org.junit.runners.model.FrameworkMethod$1.runReflectiveCall(FrameworkMethod.java:44)
	at org.junit.internal.runners.model.ReflectiveCallable.run(ReflectiveCallable.java:15)
	at org.junit.runners.model.FrameworkMethod.invokeExplosively(FrameworkMethod.java:41)
	at junitparams.internal.InvokeParameterisedMethod.evaluate(InvokeParameterisedMethod.java:102)
	at org.junit.internal.runners.statements.FailOnTimeout$1.run(FailOnTimeout.java:28)
Caused by: ptolemy.kernel.util.IllegalActionException: Found a zero delay loop containing .HierarchicalModel.A
  in .HierarchicalModel and .HierarchicalModel.A
	at ptolemy.actor.util.CausalityInterfaceForComposites._computeOutputPortDepth(CausalityInterfaceForComposites.java:759)
	at ptolemy.actor.util.CausalityInterfaceForComposites._computeInputDepth(CausalityInterfaceForComposites.java:696)
	at ptolemy.actor.util.CausalityInterfaceForComposites._computeOutputPortDepth(CausalityInterfaceForComposites.java:765)
	at ptolemy.actor.util.CausalityInterfaceForComposites._computeInputDepth(CausalityInterfaceForComposites.java:696)
	at ptolemy.actor.util.CausalityInterfaceForComposites._computeOutputPortDepth(CausalityInterfaceForComposites.java:765)
	at ptolemy.actor.util.CausalityInterfaceForComposites._computeInputDepth(CausalityInterfaceForComposites.java:696)
	at ptolemy.actor.util.CausalityInterfaceForComposites._computeActorDepth(CausalityInterfaceForComposites.java:532)
	at ptolemy.actor.util.CausalityInterfaceForComposites.checkForCycles(CausalityInterfaceForComposites.java:96)
	at ptolemy.domains.de.kernel.DEDirector.preinitialize(DEDirector.java:1338)
	at ptolemy.actor.CompositeActor.preinitialize(CompositeActor.java:1828)
	at ptolemy.actor.Manager.preinitializeAndResolveTypes(Manager.java:1040)
	at ptolemy.actor.Manager.initialize(Manager.java:710)
	at ptolemy.actor.Manager.execute(Manager.java:356)
	at ptolemy.actor.Manager.run(Manager.java:1263)
	at ptolemy.actor.Manager$PtolemyRunThread.run(Manager.java:1933)
java.lang.RuntimeException: Execution failed
	at ptolemy.moml.MoMLSimpleApplication$UnloadThread.run(MoMLSimpleApplication.java:402)
Caused by: ptolemy.kernel.util.IllegalActionException: Found a zero delay loop containing .dependencyLoop.original
  in .dependencyLoop and .dependencyLoop.original
	at ptolemy.actor.util.CausalityInterfaceForComposites._computeOutputPortDepth(CausalityInterfaceForComposites.java:759)
	at ptolemy.actor.util.CausalityInterfaceForComposites._computeInputDepth(CausalityInterfaceForComposites.java:696)
	at ptolemy.actor.util.CausalityInterfaceForComposites._computeOutputPortDepth(CausalityInterfaceForComposites.java:765)
	at ptolemy.actor.util.CausalityInterfaceForComposites._computeInputDepth(CausalityInterfaceForComposites.java:696)
	at ptolemy.actor.util.CausalityInterfaceForComposites._computeOutputPortDepth(CausalityInterfaceForComposites.java:765)
	at ptolemy.actor.util.CausalityInterfaceForComposites._computeInputDepth(CausalityInterfaceForComposites.java:696)
	at ptolemy.actor.util.CausalityInterfaceForComposites._computeActorDepth(CausalityInterfaceForComposites.java:532)
	at ptolemy.actor.util.CausalityInterfaceForComposites.checkForCycles(CausalityInterfaceForComposites.java:96)
	at ptolemy.domains.de.kernel.DEDirector.preinitialize(DEDirector.java:1338)
	at ptolemy.actor.CompositeActor.preinitialize(CompositeActor.java:1828)
	at ptolemy.actor.Manager.preinitializeAndResolveTypes(Manager.java:1040)
	at ptolemy.actor.Manager.initialize(Manager.java:710)
	at ptolemy.actor.Manager.execute(Manager.java:356)
	at ptolemy.actor.Manager.run(Manager.java:1263)
	at ptolemy.actor.Manager$PtolemyRunThread.run(Manager.java:1933)
java.lang.reflect.InvocationTargetException
	at java.base/jdk.internal.reflect.NativeConstructorAccessorImpl.newInstance0(Native Method)
	at java.base/jdk.internal.reflect.NativeConstructorAccessorImpl.newInstance(NativeConstructorAccessorImpl.java:62)
	at java.base/jdk.internal.reflect.DelegatingConstructorAccessorImpl.newInstance(DelegatingConstructorAccessorImpl.java:45)
	at java.base/java.lang.reflect.Constructor.newInstance(Constructor.java:490)
	at ptolemy.util.test.junit.AutoKnownFailedTests.RunModel(AutoKnownFailedTests.java:105)
	at java.base/jdk.internal.reflect.NativeMethodAccessorImpl.invoke0(Native Method)
	at java.base/jdk.internal.reflect.NativeMethodAccessorImpl.invoke(NativeMethodAccessorImpl.java:62)
	at java.base/jdk.internal.reflect.DelegatingMethodAccessorImpl.invoke(DelegatingMethodAccessorImpl.java:43)
	at java.base/java.lang.reflect.Method.invoke(Method.java:566)
	at org.junit.runners.model.FrameworkMethod$1.runReflectiveCall(FrameworkMethod.java:44)
	at org.junit.internal.runners.model.ReflectiveCallable.run(ReflectiveCallable.java:15)
	at org.junit.runners.model.FrameworkMethod.invokeExplosively(FrameworkMethod.java:41)
	at junitparams.internal.InvokeParameterisedMethod.evaluate(InvokeParameterisedMethod.java:102)
	at org.junit.internal.runners.statements.FailOnTimeout$1.run(FailOnTimeout.java:28)
Caused by: ptolemy.kernel.util.IllegalActionException: Found a zero delay loop containing .dependencyLoop.original
  in .dependencyLoop and .dependencyLoop.original
	at ptolemy.actor.util.CausalityInterfaceForComposites._computeOutputPortDepth(CausalityInterfaceForComposites.java:759)
	at ptolemy.actor.util.CausalityInterfaceForComposites._computeInputDepth(CausalityInterfaceForComposites.java:696)
	at ptolemy.actor.util.CausalityInterfaceForComposites._computeOutputPortDepth(CausalityInterfaceForComposites.java:765)
	at ptolemy.actor.util.CausalityInterfaceForComposites._computeInputDepth(CausalityInterfaceForComposites.java:696)
	at ptolemy.actor.util.CausalityInterfaceForComposites._computeOutputPortDepth(CausalityInterfaceForComposites.java:765)
	at ptolemy.actor.util.CausalityInterfaceForComposites._computeInputDepth(CausalityInterfaceForComposites.java:696)
	at ptolemy.actor.util.CausalityInterfaceForComposites._computeActorDepth(CausalityInterfaceForComposites.java:532)
	at ptolemy.actor.util.CausalityInterfaceForComposites.checkForCycles(CausalityInterfaceForComposites.java:96)
	at ptolemy.domains.de.kernel.DEDirector.preinitialize(DEDirector.java:1338)
	at ptolemy.actor.CompositeActor.preinitialize(CompositeActor.java:1828)
	at ptolemy.actor.Manager.preinitializeAndResolveTypes(Manager.java:1040)
	at ptolemy.actor.Manager.initialize(Manager.java:710)
	at ptolemy.actor.Manager.execute(Manager.java:356)
	at ptolemy.actor.Manager.run(Manager.java:1263)
	at ptolemy.actor.Manager$PtolemyRunThread.run(Manager.java:1933)
java.lang.RuntimeException: Execution failed
	at ptolemy.moml.MoMLSimpleApplication$UnloadThread.run(MoMLSimpleApplication.java:402)
Caused by: ptolemy.kernel.util.IllegalActionException: Found a zero delay loop containing .dependencyLoop2.original
  in .dependencyLoop2 and .dependencyLoop2.original
	at ptolemy.actor.util.CausalityInterfaceForComposites._computeOutputPortDepth(CausalityInterfaceForComposites.java:759)
	at ptolemy.actor.util.CausalityInterfaceForComposites._computeInputDepth(CausalityInterfaceForComposites.java:696)
	at ptolemy.actor.util.CausalityInterfaceForComposites._computeOutputPortDepth(CausalityInterfaceForComposites.java:765)
	at ptolemy.actor.util.CausalityInterfaceForComposites._computeInputDepth(CausalityInterfaceForComposites.java:696)
	at ptolemy.actor.util.CausalityInterfaceForComposites._computeOutputPortDepth(CausalityInterfaceForComposites.java:765)
	at ptolemy.actor.util.CausalityInterfaceForComposites._computeInputDepth(CausalityInterfaceForComposites.java:696)
	at ptolemy.actor.util.CausalityInterfaceForComposites._computeActorDepth(CausalityInterfaceForComposites.java:532)
	at ptolemy.actor.util.CausalityInterfaceForComposites.checkForCycles(CausalityInterfaceForComposites.java:96)
	at ptolemy.domains.de.kernel.DEDirector.preinitialize(DEDirector.java:1338)
	at ptolemy.actor.CompositeActor.preinitialize(CompositeActor.java:1828)
	at ptolemy.actor.Manager.preinitializeAndResolveTypes(Manager.java:1040)
	at ptolemy.actor.Manager.initialize(Manager.java:710)
	at ptolemy.actor.Manager.execute(Manager.java:356)
	at ptolemy.actor.Manager.run(Manager.java:1263)
	at ptolemy.actor.Manager$PtolemyRunThread.run(Manager.java:1933)
java.lang.reflect.InvocationTargetException
	at java.base/jdk.internal.reflect.NativeConstructorAccessorImpl.newInstance0(Native Method)
	at java.base/jdk.internal.reflect.NativeConstructorAccessorImpl.newInstance(NativeConstructorAccessorImpl.java:62)
	at java.base/jdk.internal.reflect.DelegatingConstructorAccessorImpl.newInstance(DelegatingConstructorAccessorImpl.java:45)
	at java.base/java.lang.reflect.Constructor.newInstance(Constructor.java:490)
	at ptolemy.util.test.junit.AutoKnownFailedTests.RunModel(AutoKnownFailedTests.java:105)
	at java.base/jdk.internal.reflect.NativeMethodAccessorImpl.invoke0(Native Method)
	at java.base/jdk.internal.reflect.NativeMethodAccessorImpl.invoke(NativeMethodAccessorImpl.java:62)
	at java.base/jdk.internal.reflect.DelegatingMethodAccessorImpl.invoke(DelegatingMethodAccessorImpl.java:43)
	at java.base/java.lang.reflect.Method.invoke(Method.java:566)
	at org.junit.runners.model.FrameworkMethod$1.runReflectiveCall(FrameworkMethod.java:44)
	at org.junit.internal.runners.model.ReflectiveCallable.run(ReflectiveCallable.java:15)
	at org.junit.runners.model.FrameworkMethod.invokeExplosively(FrameworkMethod.java:41)
	at junitparams.internal.InvokeParameterisedMethod.evaluate(InvokeParameterisedMethod.java:102)
	at org.junit.internal.runners.statements.FailOnTimeout$1.run(FailOnTimeout.java:28)
Caused by: ptolemy.kernel.util.IllegalActionException: Found a zero delay loop containing .dependencyLoop2.original
  in .dependencyLoop2 and .dependencyLoop2.original
	at ptolemy.actor.util.CausalityInterfaceForComposites._computeOutputPortDepth(CausalityInterfaceForComposites.java:759)
	at ptolemy.actor.util.CausalityInterfaceForComposites._computeInputDepth(CausalityInterfaceForComposites.java:696)
	at ptolemy.actor.util.CausalityInterfaceForComposites._computeOutputPortDepth(CausalityInterfaceForComposites.java:765)
	at ptolemy.actor.util.CausalityInterfaceForComposites._computeInputDepth(CausalityInterfaceForComposites.java:696)
	at ptolemy.actor.util.CausalityInterfaceForComposites._computeOutputPortDepth(CausalityInterfaceForComposites.java:765)
	at ptolemy.actor.util.CausalityInterfaceForComposites._computeInputDepth(CausalityInterfaceForComposites.java:696)
	at ptolemy.actor.util.CausalityInterfaceForComposites._computeActorDepth(CausalityInterfaceForComposites.java:532)
	at ptolemy.actor.util.CausalityInterfaceForComposites.checkForCycles(CausalityInterfaceForComposites.java:96)
	at ptolemy.domains.de.kernel.DEDirector.preinitialize(DEDirector.java:1338)
	at ptolemy.actor.CompositeActor.preinitialize(CompositeActor.java:1828)
	at ptolemy.actor.Manager.preinitializeAndResolveTypes(Manager.java:1040)
	at ptolemy.actor.Manager.initialize(Manager.java:710)
	at ptolemy.actor.Manager.execute(Manager.java:356)
	at ptolemy.actor.Manager.run(Manager.java:1263)
	at ptolemy.actor.Manager$PtolemyRunThread.run(Manager.java:1933)
]]></system-err>
</testsuite>
