<?xml version="1.0" encoding="UTF-8" ?>
<testsuite errors="0" failures="0" hostname="travis-job-236143b5-d738-406a-a8c1-3aa4725c522a" name="ptolemy.domains.hdf.kernel.test.junit.JUnitTclTest" skipped="0" tests="39" time="6.307" timestamp="2019-12-09T18:25:16">
  <properties>
[...]
</properties>
  <testcase classname="ptolemy.util.test.junit.TclTests" name="[0] /home/travis/build/icyphy/ptII/ptolemy/domains/hdf/kernel/test/RateErrorChecking.tcl (RunTclFile)" time="0.195" />
  <testcase classname="ptolemy.util.test.junit.AutoKnownFailedTests" name="[0] /home/travis/build/icyphy/ptII/ptolemy/domains/hdf/kernel/test/auto/knownFailedTests/badFSMRateChanges.xml (RunModel)" time="0.771" />
  <testcase classname="ptolemy.util.test.junit.AutoNameArchTests" name="[0] ThereAreNoAutoArchTests (RunModel)" time="0.001" />
  <testcase classname="ptolemy.util.test.junit.AutoTests" name="[0] /home/travis/build/icyphy/ptII/ptolemy/domains/hdf/kernel/test/auto/ConstVariableRateTest.xml (RunModel)" time="0.335" />
  <testcase classname="ptolemy.util.test.junit.AutoTests" name="[1] /home/travis/build/icyphy/ptII/ptolemy/domains/hdf/kernel/test/auto/DifferentRefinedRates.xml (RunModel)" time="0.128" />
  <testcase classname="ptolemy.util.test.junit.AutoTests" name="[2] /home/travis/build/icyphy/ptII/ptolemy/domains/hdf/kernel/test/auto/DifferentRefinedRates2.xml (RunModel)" time="0.126" />
  <testcase classname="ptolemy.util.test.junit.AutoTests" name="[3] /home/travis/build/icyphy/ptII/ptolemy/domains/hdf/kernel/test/auto/DifferentRefinedRates3.xml (RunModel)" time="0.158" />
  <testcase classname="ptolemy.util.test.junit.AutoTests" name="[4] /home/travis/build/icyphy/ptII/ptolemy/domains/hdf/kernel/test/auto/DifferentRefinedRates4.xml (RunModel)" time="0.195" />
  <testcase classname="ptolemy.util.test.junit.AutoTests" name="[5] /home/travis/build/icyphy/ptII/ptolemy/domains/hdf/kernel/test/auto/DifferentRefinedRates5.xml (RunModel)" time="0.127" />
  <testcase classname="ptolemy.util.test.junit.AutoTests" name="[6] /home/travis/build/icyphy/ptII/ptolemy/domains/hdf/kernel/test/auto/DifferentRefinedRates6.xml (RunModel)" time="0.132" />
  <testcase classname="ptolemy.util.test.junit.AutoTests" name="[7] /home/travis/build/icyphy/ptII/ptolemy/domains/hdf/kernel/test/auto/DownSample_PowerOfTwo.xml (RunModel)" time="0.249" />
  <testcase classname="ptolemy.util.test.junit.AutoTests" name="[8] /home/travis/build/icyphy/ptII/ptolemy/domains/hdf/kernel/test/auto/FibonacciWithNullInitial.xml (RunModel)" time="0.211" />
  <testcase classname="ptolemy.util.test.junit.AutoTests" name="[9] /home/travis/build/icyphy/ptII/ptolemy/domains/hdf/kernel/test/auto/FibonacciWithNullInitial1.xml (RunModel)" time="0.181" />
  <testcase classname="ptolemy.util.test.junit.AutoTests" name="[10] /home/travis/build/icyphy/ptII/ptolemy/domains/hdf/kernel/test/auto/FibonacciWithTransientStates.xml (RunModel)" time="0.172" />
  <testcase classname="ptolemy.util.test.junit.AutoTests" name="[11] /home/travis/build/icyphy/ptII/ptolemy/domains/hdf/kernel/test/auto/FibonacciWithTransientStates2.xml (RunModel)" time="0.066" />
  <testcase classname="ptolemy.util.test.junit.AutoTests" name="[12] /home/travis/build/icyphy/ptII/ptolemy/domains/hdf/kernel/test/auto/FibonacciWithoutHistoryInitial.xml (RunModel)" time="0.187" />
  <testcase classname="ptolemy.util.test.junit.AutoTests" name="[13] /home/travis/build/icyphy/ptII/ptolemy/domains/hdf/kernel/test/auto/GuardUsingPastTokens.xml (RunModel)" time="0.084" />
  <testcase classname="ptolemy.util.test.junit.AutoTests" name="[14] /home/travis/build/icyphy/ptII/ptolemy/domains/hdf/kernel/test/auto/GuardWithResets.xml (RunModel)" time="0.105" />
  <testcase classname="ptolemy.util.test.junit.AutoTests" name="[15] /home/travis/build/icyphy/ptII/ptolemy/domains/hdf/kernel/test/auto/Hierarchy_2Level_Test1.xml (RunModel)" time="0.079" />
  <testcase classname="ptolemy.util.test.junit.AutoTests" name="[16] /home/travis/build/icyphy/ptII/ptolemy/domains/hdf/kernel/test/auto/Hierarchy_2Level_Test2.xml (RunModel)" time="0.09" />
  <testcase classname="ptolemy.util.test.junit.AutoTests" name="[17] /home/travis/build/icyphy/ptII/ptolemy/domains/hdf/kernel/test/auto/Hysteresis.xml (RunModel)" time="0.049" />
  <testcase classname="ptolemy.util.test.junit.AutoTests" name="[18] /home/travis/build/icyphy/ptII/ptolemy/domains/hdf/kernel/test/auto/InitTransient.xml (RunModel)" time="0.063" />
  <testcase classname="ptolemy.util.test.junit.AutoTests" name="[19] /home/travis/build/icyphy/ptII/ptolemy/domains/hdf/kernel/test/auto/Merge.xml (RunModel)" time="0.065" />
  <testcase classname="ptolemy.util.test.junit.AutoTests" name="[20] /home/travis/build/icyphy/ptII/ptolemy/domains/hdf/kernel/test/auto/ModalModelBooleanSwitch.xml (RunModel)" time="0.074" />
  <testcase classname="ptolemy.util.test.junit.AutoTests" name="[21] /home/travis/build/icyphy/ptII/ptolemy/domains/hdf/kernel/test/auto/SameRates.xml (RunModel)" time="0.074" />
  <testcase classname="ptolemy.util.test.junit.AutoTests" name="[22] /home/travis/build/icyphy/ptII/ptolemy/domains/hdf/kernel/test/auto/SameRefinedRates.xml (RunModel)" time="0.063" />
  <testcase classname="ptolemy.util.test.junit.AutoTests" name="[23] /home/travis/build/icyphy/ptII/ptolemy/domains/hdf/kernel/test/auto/SameRefinedRates2.xml (RunModel)" time="0.069" />
  <testcase classname="ptolemy.util.test.junit.AutoTests" name="[24] /home/travis/build/icyphy/ptII/ptolemy/domains/hdf/kernel/test/auto/TransientStates.xml (RunModel)" time="0.081" />
  <testcase classname="ptolemy.util.test.junit.AutoTests" name="[25] /home/travis/build/icyphy/ptII/ptolemy/domains/hdf/kernel/test/auto/TwoHammingCodec.xml (RunModel)" time="0.067" />
  <testcase classname="ptolemy.util.test.junit.AutoTests" name="[26] /home/travis/build/icyphy/ptII/ptolemy/domains/hdf/kernel/test/auto/TwoHammingCodec1.xml (RunModel)" time="0.103" />
  <testcase classname="ptolemy.util.test.junit.AutoTests" name="[27] /home/travis/build/icyphy/ptII/ptolemy/domains/hdf/kernel/test/auto/TwoLevelHierarchy.xml (RunModel)" time="0.177" />
  <testcase classname="ptolemy.util.test.junit.AutoTests" name="[28] /home/travis/build/icyphy/ptII/ptolemy/domains/hdf/kernel/test/auto/TwoLevelHierarchy1.xml (RunModel)" time="0.148" />
  <testcase classname="ptolemy.util.test.junit.AutoTests" name="[29] /home/travis/build/icyphy/ptII/ptolemy/domains/hdf/kernel/test/auto/TwoLevelHierarchy2.xml (RunModel)" time="0.114" />
  <testcase classname="ptolemy.util.test.junit.AutoTests" name="[30] /home/travis/build/icyphy/ptII/ptolemy/domains/hdf/kernel/test/auto/TwoLevelHierarchyNullStates.xml (RunModel)" time="0.185" />
  <testcase classname="ptolemy.util.test.junit.AutoTests" name="[31] /home/travis/build/icyphy/ptII/ptolemy/domains/hdf/kernel/test/auto/TwoLevelHierarchyWithResets.xml (RunModel)" time="0.181" />
  <testcase classname="ptolemy.util.test.junit.AutoTests" name="[32] /home/travis/build/icyphy/ptII/ptolemy/domains/hdf/kernel/test/auto/TwoLevelHierarchyWithResetsNullStates.xml (RunModel)" time="0.197" />
  <testcase classname="ptolemy.util.test.junit.AutoTests" name="[33] /home/travis/build/icyphy/ptII/ptolemy/domains/hdf/kernel/test/auto/WaterTank_HDF.xml (RunModel)" time="0.093" />
  <testcase classname="ptolemy.util.test.junit.AutoTests" name="[34] /home/travis/build/icyphy/ptII/ptolemy/domains/hdf/kernel/test/auto/WaterTank_HDF2.xml (RunModel)" time="0.136" />
  <testcase classname="ptolemy.util.test.junit.AutoTests" name="[35] /home/travis/build/icyphy/ptII/ptolemy/domains/hdf/kernel/test/auto/badFSMRateChanges.xml (RunModel)" time="0.057" />
  <system-out><![CDATA[/home/travis/build/icyphy/ptII/ptolemy/domains/hdf/kernel/test/RateErrorChecking.tcl
testDefs.tcl: setting time out to 9000 seconds at Mon Dec 09 18:25:16 UTC 2019


==== $PTII/ptolemy/domains/hdf/kernel/test/RateErrorChecking.tcl: RateErrorChecking-1.0 
==== Contents of test case:

    catch {createAndExecute "badFSMRateChanges.xml"} foo
    list $foo

==== Result was:
{java.io.FileNotFoundException: /home/travis/build/icyphy/ptII/ptolemy/domains/hdf/kernel/test/badFSMRateChanges.xml (No such file or directory)}
---- KNOWN Failure, Result should have been:
{ptolemy.kernel.util.IllegalActionException: Failed to compute schedule:
  in .badFSMRateChanges.SDF Director
Because:
The SDF rate parameter may change. This is not allowed in SDF models that will be run through the code generator.  If you don't care about code generation, then you might consider setting the allowRateChanges parameter of the SDF director to false.
    in .badFSMRateChanges.typed composite actor.output.tokenProductionRate}
---- RateErrorChecking-1.0 Failed, but this is a KNOWN failure
12/09/19 06:25:16
Failed: 0  Total Tests: 1  ((Passed: 0, Newly Passed: 0)  Known Failed: 1) /home/travis/build/icyphy/ptII/ptolemy/domains/hdf/kernel/test
----------------- testing (KnownFailure) /home/travis/build/icyphy/ptII/ptolemy/domains/hdf/kernel/test/auto/knownFailedTests/badFSMRateChanges.xml
278 ms. Memory: 120832K Free: 70600K (58%)
No auto/linux-amd64/*.xml tests in /home/travis/build/icyphy/ptII/ptolemy/domains/hdf/kernel/test
AutoTests.java: About to close Vertx.
AutoTests.java: Vertx closed.

===========================================================================================
----------------- testing Mon Dec 09 18:25:17 UTC 2019 /home/travis/build/icyphy/ptII/ptolemy/domains/hdf/kernel/test/auto/ConstVariableRateTest.xml
----------------- Instantiating /home/travis/build/icyphy/ptII/ptolemy/domains/hdf/kernel/test/auto/ConstVariableRateTest.xml
98 ms. Memory: 120832K Free: 86051K (71%)
----------------- Invoking toplevel() on ptolemy.moml.MoMLSimpleApplication@16c912ca
----------------- Done invoking toplevel() on ptolemy.moml.MoMLSimpleApplication@16c912ca
reloadAllAccessors: .ConstVariableRateTest

===========================================================================================
----------------- testing Mon Dec 09 18:25:18 UTC 2019 /home/travis/build/icyphy/ptII/ptolemy/domains/hdf/kernel/test/auto/DifferentRefinedRates.xml
----------------- Instantiating /home/travis/build/icyphy/ptII/ptolemy/domains/hdf/kernel/test/auto/DifferentRefinedRates.xml
52 ms. Memory: 120832K Free: 96868K (80%)
----------------- Invoking toplevel() on ptolemy.moml.MoMLSimpleApplication@a6891ce
----------------- Done invoking toplevel() on ptolemy.moml.MoMLSimpleApplication@a6891ce
reloadAllAccessors: .DifferentRefinedRates

===========================================================================================
----------------- testing Mon Dec 09 18:25:18 UTC 2019 /home/travis/build/icyphy/ptII/ptolemy/domains/hdf/kernel/test/auto/DifferentRefinedRates2.xml
----------------- Instantiating /home/travis/build/icyphy/ptII/ptolemy/domains/hdf/kernel/test/auto/DifferentRefinedRates2.xml
50 ms. Memory: 120832K Free: 83083K (69%)
----------------- Invoking toplevel() on ptolemy.moml.MoMLSimpleApplication@157b9659
----------------- Done invoking toplevel() on ptolemy.moml.MoMLSimpleApplication@157b9659
reloadAllAccessors: .DifferentRefinedRates2

===========================================================================================
----------------- testing Mon Dec 09 18:25:18 UTC 2019 /home/travis/build/icyphy/ptII/ptolemy/domains/hdf/kernel/test/auto/DifferentRefinedRates3.xml
----------------- Instantiating /home/travis/build/icyphy/ptII/ptolemy/domains/hdf/kernel/test/auto/DifferentRefinedRates3.xml
53 ms. Memory: 120832K Free: 72138K (60%)
----------------- Invoking toplevel() on ptolemy.moml.MoMLSimpleApplication@6a956e6a
----------------- Done invoking toplevel() on ptolemy.moml.MoMLSimpleApplication@6a956e6a
reloadAllAccessors: .DifferentRefinedRates3

===========================================================================================
----------------- testing Mon Dec 09 18:25:18 UTC 2019 /home/travis/build/icyphy/ptII/ptolemy/domains/hdf/kernel/test/auto/DifferentRefinedRates4.xml
----------------- Instantiating /home/travis/build/icyphy/ptII/ptolemy/domains/hdf/kernel/test/auto/DifferentRefinedRates4.xml
75 ms. Memory: 120832K Free: 98190K (81%)
----------------- Invoking toplevel() on ptolemy.moml.MoMLSimpleApplication@65809ec5
----------------- Done invoking toplevel() on ptolemy.moml.MoMLSimpleApplication@65809ec5
reloadAllAccessors: .NewHDFtest1

===========================================================================================
----------------- testing Mon Dec 09 18:25:18 UTC 2019 /home/travis/build/icyphy/ptII/ptolemy/domains/hdf/kernel/test/auto/DifferentRefinedRates5.xml
----------------- Instantiating /home/travis/build/icyphy/ptII/ptolemy/domains/hdf/kernel/test/auto/DifferentRefinedRates5.xml
63 ms. Memory: 120832K Free: 82505K (68%)
----------------- Invoking toplevel() on ptolemy.moml.MoMLSimpleApplication@595e710d
----------------- Done invoking toplevel() on ptolemy.moml.MoMLSimpleApplication@595e710d
reloadAllAccessors: .NewHDFtest2

===========================================================================================
----------------- testing Mon Dec 09 18:25:19 UTC 2019 /home/travis/build/icyphy/ptII/ptolemy/domains/hdf/kernel/test/auto/DifferentRefinedRates6.xml
----------------- Instantiating /home/travis/build/icyphy/ptII/ptolemy/domains/hdf/kernel/test/auto/DifferentRefinedRates6.xml
58 ms. Memory: 120832K Free: 69486K (58%)
----------------- Invoking toplevel() on ptolemy.moml.MoMLSimpleApplication@7e218a8b
----------------- Done invoking toplevel() on ptolemy.moml.MoMLSimpleApplication@7e218a8b
reloadAllAccessors: .DifferentRefinedRates6

===========================================================================================
----------------- testing Mon Dec 09 18:25:19 UTC 2019 /home/travis/build/icyphy/ptII/ptolemy/domains/hdf/kernel/test/auto/DownSample_PowerOfTwo.xml
----------------- Instantiating /home/travis/build/icyphy/ptII/ptolemy/domains/hdf/kernel/test/auto/DownSample_PowerOfTwo.xml
197 ms. Memory: 120832K Free: 96382K (80%)
----------------- Invoking toplevel() on ptolemy.moml.MoMLSimpleApplication@5958ca49
----------------- Done invoking toplevel() on ptolemy.moml.MoMLSimpleApplication@5958ca49
reloadAllAccessors: .SDFDownSample

===========================================================================================
----------------- testing Mon Dec 09 18:25:19 UTC 2019 /home/travis/build/icyphy/ptII/ptolemy/domains/hdf/kernel/test/auto/FibonacciWithNullInitial.xml
----------------- Instantiating /home/travis/build/icyphy/ptII/ptolemy/domains/hdf/kernel/test/auto/FibonacciWithNullInitial.xml
155 ms. Memory: 120832K Free: 73277K (61%)
----------------- Invoking toplevel() on ptolemy.moml.MoMLSimpleApplication@13874a63
----------------- Done invoking toplevel() on ptolemy.moml.MoMLSimpleApplication@13874a63
reloadAllAccessors: .FibonacciWithNullInitial

===========================================================================================
----------------- testing Mon Dec 09 18:25:19 UTC 2019 /home/travis/build/icyphy/ptII/ptolemy/domains/hdf/kernel/test/auto/FibonacciWithNullInitial1.xml
----------------- Instantiating /home/travis/build/icyphy/ptII/ptolemy/domains/hdf/kernel/test/auto/FibonacciWithNullInitial1.xml
142 ms. Memory: 120832K Free: 51046K (42%)
----------------- Invoking toplevel() on ptolemy.moml.MoMLSimpleApplication@614ad798
----------------- Done invoking toplevel() on ptolemy.moml.MoMLSimpleApplication@614ad798
reloadAllAccessors: .FibonacciWithNullInitial1

===========================================================================================
----------------- testing Mon Dec 09 18:25:19 UTC 2019 /home/travis/build/icyphy/ptII/ptolemy/domains/hdf/kernel/test/auto/FibonacciWithTransientStates.xml
----------------- Instantiating /home/travis/build/icyphy/ptII/ptolemy/domains/hdf/kernel/test/auto/FibonacciWithTransientStates.xml
124 ms. Memory: 120832K Free: 83302K (69%)
----------------- Invoking toplevel() on ptolemy.moml.MoMLSimpleApplication@7be1ee02
----------------- Done invoking toplevel() on ptolemy.moml.MoMLSimpleApplication@7be1ee02
reloadAllAccessors: .FibonacciWithTransientStates

===========================================================================================
----------------- testing Mon Dec 09 18:25:19 UTC 2019 /home/travis/build/icyphy/ptII/ptolemy/domains/hdf/kernel/test/auto/FibonacciWithTransientStates2.xml
----------------- Instantiating /home/travis/build/icyphy/ptII/ptolemy/domains/hdf/kernel/test/auto/FibonacciWithTransientStates2.xml
28 ms. Memory: 120832K Free: 61942K (51%)
----------------- Invoking toplevel() on ptolemy.moml.MoMLSimpleApplication@54426013
----------------- Done invoking toplevel() on ptolemy.moml.MoMLSimpleApplication@54426013
reloadAllAccessors: .FibonacciWithTransientStates2

===========================================================================================
----------------- testing Mon Dec 09 18:25:20 UTC 2019 /home/travis/build/icyphy/ptII/ptolemy/domains/hdf/kernel/test/auto/FibonacciWithoutHistoryInitial.xml
----------------- Instantiating /home/travis/build/icyphy/ptII/ptolemy/domains/hdf/kernel/test/auto/FibonacciWithoutHistoryInitial.xml
124 ms. Memory: 120832K Free: 104597K (87%)
----------------- Invoking toplevel() on ptolemy.moml.MoMLSimpleApplication@7ea6a323
----------------- Done invoking toplevel() on ptolemy.moml.MoMLSimpleApplication@7ea6a323
reloadAllAccessors: .FibonacciWithoutHistoryInitial

===========================================================================================
----------------- testing Mon Dec 09 18:25:20 UTC 2019 /home/travis/build/icyphy/ptII/ptolemy/domains/hdf/kernel/test/auto/GuardUsingPastTokens.xml
----------------- Instantiating /home/travis/build/icyphy/ptII/ptolemy/domains/hdf/kernel/test/auto/GuardUsingPastTokens.xml
31 ms. Memory: 120832K Free: 89533K (74%)
----------------- Invoking toplevel() on ptolemy.moml.MoMLSimpleApplication@19aebd05
----------------- Done invoking toplevel() on ptolemy.moml.MoMLSimpleApplication@19aebd05
reloadAllAccessors: .GuardUsingPastTokens

===========================================================================================
----------------- testing Mon Dec 09 18:25:20 UTC 2019 /home/travis/build/icyphy/ptII/ptolemy/domains/hdf/kernel/test/auto/GuardWithResets.xml
----------------- Instantiating /home/travis/build/icyphy/ptII/ptolemy/domains/hdf/kernel/test/auto/GuardWithResets.xml
40 ms. Memory: 120832K Free: 72495K (60%)
----------------- Invoking toplevel() on ptolemy.moml.MoMLSimpleApplication@59cf640d
----------------- Done invoking toplevel() on ptolemy.moml.MoMLSimpleApplication@59cf640d
reloadAllAccessors: .GuardWithResets

===========================================================================================
----------------- testing Mon Dec 09 18:25:20 UTC 2019 /home/travis/build/icyphy/ptII/ptolemy/domains/hdf/kernel/test/auto/Hierarchy_2Level_Test1.xml
----------------- Instantiating /home/travis/build/icyphy/ptII/ptolemy/domains/hdf/kernel/test/auto/Hierarchy_2Level_Test1.xml
24 ms. Memory: 120832K Free: 55081K (46%)
----------------- Invoking toplevel() on ptolemy.moml.MoMLSimpleApplication@69a815de
----------------- Done invoking toplevel() on ptolemy.moml.MoMLSimpleApplication@69a815de
reloadAllAccessors: .Hierarchy_2Level_Test1

===========================================================================================
----------------- testing Mon Dec 09 18:25:20 UTC 2019 /home/travis/build/icyphy/ptII/ptolemy/domains/hdf/kernel/test/auto/Hierarchy_2Level_Test2.xml
----------------- Instantiating /home/travis/build/icyphy/ptII/ptolemy/domains/hdf/kernel/test/auto/Hierarchy_2Level_Test2.xml
40 ms. Memory: 120832K Free: 107157K (89%)
----------------- Invoking toplevel() on ptolemy.moml.MoMLSimpleApplication@197564e4
----------------- Done invoking toplevel() on ptolemy.moml.MoMLSimpleApplication@197564e4
reloadAllAccessors: .Hierarchy_4Level_Test2

===========================================================================================
----------------- testing Mon Dec 09 18:25:20 UTC 2019 /home/travis/build/icyphy/ptII/ptolemy/domains/hdf/kernel/test/auto/Hysteresis.xml
----------------- Instantiating /home/travis/build/icyphy/ptII/ptolemy/domains/hdf/kernel/test/auto/Hysteresis.xml
12 ms. Memory: 120832K Free: 95999K (79%)
----------------- Invoking toplevel() on ptolemy.moml.MoMLSimpleApplication@37afd585
----------------- Done invoking toplevel() on ptolemy.moml.MoMLSimpleApplication@37afd585
reloadAllAccessors: .Hysteresis

===========================================================================================
----------------- testing Mon Dec 09 18:25:20 UTC 2019 /home/travis/build/icyphy/ptII/ptolemy/domains/hdf/kernel/test/auto/InitTransient.xml
----------------- Instantiating /home/travis/build/icyphy/ptII/ptolemy/domains/hdf/kernel/test/auto/InitTransient.xml
18 ms. Memory: 120832K Free: 76915K (64%)
----------------- Invoking toplevel() on ptolemy.moml.MoMLSimpleApplication@40554188
----------------- Done invoking toplevel() on ptolemy.moml.MoMLSimpleApplication@40554188
reloadAllAccessors: .InitTransient

===========================================================================================
----------------- testing Mon Dec 09 18:25:20 UTC 2019 /home/travis/build/icyphy/ptII/ptolemy/domains/hdf/kernel/test/auto/Merge.xml
----------------- Instantiating /home/travis/build/icyphy/ptII/ptolemy/domains/hdf/kernel/test/auto/Merge.xml
23 ms. Memory: 120832K Free: 59833K (50%)
----------------- Invoking toplevel() on ptolemy.moml.MoMLSimpleApplication@37fb8d16
----------------- Done invoking toplevel() on ptolemy.moml.MoMLSimpleApplication@37fb8d16
reloadAllAccessors: .Merge

===========================================================================================
----------------- testing Mon Dec 09 18:25:20 UTC 2019 /home/travis/build/icyphy/ptII/ptolemy/domains/hdf/kernel/test/auto/ModalModelBooleanSwitch.xml
----------------- Instantiating /home/travis/build/icyphy/ptII/ptolemy/domains/hdf/kernel/test/auto/ModalModelBooleanSwitch.xml
26 ms. Memory: 120832K Free: 40363K (33%)
----------------- Invoking toplevel() on ptolemy.moml.MoMLSimpleApplication@56420323
----------------- Done invoking toplevel() on ptolemy.moml.MoMLSimpleApplication@56420323
reloadAllAccessors: .BooleanSwitchWithModel

===========================================================================================
----------------- testing Mon Dec 09 18:25:20 UTC 2019 /home/travis/build/icyphy/ptII/ptolemy/domains/hdf/kernel/test/auto/SameRates.xml
----------------- Instantiating /home/travis/build/icyphy/ptII/ptolemy/domains/hdf/kernel/test/auto/SameRates.xml
22 ms. Memory: 145408K Free: 122067K (84%)
----------------- Invoking toplevel() on ptolemy.moml.MoMLSimpleApplication@3f2fad86
----------------- Done invoking toplevel() on ptolemy.moml.MoMLSimpleApplication@3f2fad86
reloadAllAccessors: .SameRates

===========================================================================================
----------------- testing Mon Dec 09 18:25:20 UTC 2019 /home/travis/build/icyphy/ptII/ptolemy/domains/hdf/kernel/test/auto/SameRefinedRates.xml
----------------- Instantiating /home/travis/build/icyphy/ptII/ptolemy/domains/hdf/kernel/test/auto/SameRefinedRates.xml
23 ms. Memory: 145408K Free: 108755K (75%)
----------------- Invoking toplevel() on ptolemy.moml.MoMLSimpleApplication@34779ed5
----------------- Done invoking toplevel() on ptolemy.moml.MoMLSimpleApplication@34779ed5
reloadAllAccessors: .SameRefinedRates

===========================================================================================
----------------- testing Mon Dec 09 18:25:20 UTC 2019 /home/travis/build/icyphy/ptII/ptolemy/domains/hdf/kernel/test/auto/SameRefinedRates2.xml
----------------- Instantiating /home/travis/build/icyphy/ptII/ptolemy/domains/hdf/kernel/test/auto/SameRefinedRates2.xml
25 ms. Memory: 145408K Free: 94419K (65%)
----------------- Invoking toplevel() on ptolemy.moml.MoMLSimpleApplication@7405028f
----------------- Done invoking toplevel() on ptolemy.moml.MoMLSimpleApplication@7405028f
reloadAllAccessors: .SameRefinedRates2

===========================================================================================
----------------- testing Mon Dec 09 18:25:21 UTC 2019 /home/travis/build/icyphy/ptII/ptolemy/domains/hdf/kernel/test/auto/TransientStates.xml
----------------- Instantiating /home/travis/build/icyphy/ptII/ptolemy/domains/hdf/kernel/test/auto/TransientStates.xml
30 ms. Memory: 145408K Free: 75473K (52%)
----------------- Invoking toplevel() on ptolemy.moml.MoMLSimpleApplication@65e080a9
----------------- Done invoking toplevel() on ptolemy.moml.MoMLSimpleApplication@65e080a9
reloadAllAccessors: .TransientStates

===========================================================================================
----------------- testing Mon Dec 09 18:25:21 UTC 2019 /home/travis/build/icyphy/ptII/ptolemy/domains/hdf/kernel/test/auto/TwoHammingCodec.xml
----------------- Instantiating /home/travis/build/icyphy/ptII/ptolemy/domains/hdf/kernel/test/auto/TwoHammingCodec.xml
23 ms. Memory: 145408K Free: 54993K (38%)
----------------- Invoking toplevel() on ptolemy.moml.MoMLSimpleApplication@7ccea91d
----------------- Done invoking toplevel() on ptolemy.moml.MoMLSimpleApplication@7ccea91d
reloadAllAccessors: .TwoHammingCodec

===========================================================================================
----------------- testing Mon Dec 09 18:25:21 UTC 2019 /home/travis/build/icyphy/ptII/ptolemy/domains/hdf/kernel/test/auto/TwoHammingCodec1.xml
----------------- Instantiating /home/travis/build/icyphy/ptII/ptolemy/domains/hdf/kernel/test/auto/TwoHammingCodec1.xml
42 ms. Memory: 145408K Free: 116224K (80%)
----------------- Invoking toplevel() on ptolemy.moml.MoMLSimpleApplication@7f382083
----------------- Done invoking toplevel() on ptolemy.moml.MoMLSimpleApplication@7f382083
reloadAllAccessors: .twoHammingCodec1

===========================================================================================
----------------- testing Mon Dec 09 18:25:21 UTC 2019 /home/travis/build/icyphy/ptII/ptolemy/domains/hdf/kernel/test/auto/TwoLevelHierarchy.xml
----------------- Instantiating /home/travis/build/icyphy/ptII/ptolemy/domains/hdf/kernel/test/auto/TwoLevelHierarchy.xml
60 ms. Memory: 145408K Free: 73730K (51%)
----------------- Invoking toplevel() on ptolemy.moml.MoMLSimpleApplication@47a12c17
----------------- Done invoking toplevel() on ptolemy.moml.MoMLSimpleApplication@47a12c17
reloadAllAccessors: .TwoLevelHierarchy

===========================================================================================
----------------- testing Mon Dec 09 18:25:21 UTC 2019 /home/travis/build/icyphy/ptII/ptolemy/domains/hdf/kernel/test/auto/TwoLevelHierarchy1.xml
----------------- Instantiating /home/travis/build/icyphy/ptII/ptolemy/domains/hdf/kernel/test/auto/TwoLevelHierarchy1.xml
43 ms. Memory: 145408K Free: 116025K (80%)
----------------- Invoking toplevel() on ptolemy.moml.MoMLSimpleApplication@644555f3
----------------- Done invoking toplevel() on ptolemy.moml.MoMLSimpleApplication@644555f3
reloadAllAccessors: .TwoLevelHierarchy1

===========================================================================================
----------------- testing Mon Dec 09 18:25:21 UTC 2019 /home/travis/build/icyphy/ptII/ptolemy/domains/hdf/kernel/test/auto/TwoLevelHierarchy2.xml
----------------- Instantiating /home/travis/build/icyphy/ptII/ptolemy/domains/hdf/kernel/test/auto/TwoLevelHierarchy2.xml
46 ms. Memory: 145408K Free: 81723K (56%)
----------------- Invoking toplevel() on ptolemy.moml.MoMLSimpleApplication@5edbad50
----------------- Done invoking toplevel() on ptolemy.moml.MoMLSimpleApplication@5edbad50
reloadAllAccessors: .TwoLevelHierarchy2

===========================================================================================
----------------- testing Mon Dec 09 18:25:21 UTC 2019 /home/travis/build/icyphy/ptII/ptolemy/domains/hdf/kernel/test/auto/TwoLevelHierarchyNullStates.xml
----------------- Instantiating /home/travis/build/icyphy/ptII/ptolemy/domains/hdf/kernel/test/auto/TwoLevelHierarchyNullStates.xml
53 ms. Memory: 145408K Free: 116917K (80%)
----------------- Invoking toplevel() on ptolemy.moml.MoMLSimpleApplication@6c06236d
----------------- Done invoking toplevel() on ptolemy.moml.MoMLSimpleApplication@6c06236d
reloadAllAccessors: .TwoLevelHierarchyNullStates

===========================================================================================
----------------- testing Mon Dec 09 18:25:21 UTC 2019 /home/travis/build/icyphy/ptII/ptolemy/domains/hdf/kernel/test/auto/TwoLevelHierarchyWithResets.xml
----------------- Instantiating /home/travis/build/icyphy/ptII/ptolemy/domains/hdf/kernel/test/auto/TwoLevelHierarchyWithResets.xml
79 ms. Memory: 145408K Free: 72375K (50%)
----------------- Invoking toplevel() on ptolemy.moml.MoMLSimpleApplication@57c2a498
----------------- Done invoking toplevel() on ptolemy.moml.MoMLSimpleApplication@57c2a498
reloadAllAccessors: .TwoLevelHierarchy1

===========================================================================================
----------------- testing Mon Dec 09 18:25:22 UTC 2019 /home/travis/build/icyphy/ptII/ptolemy/domains/hdf/kernel/test/auto/TwoLevelHierarchyWithResetsNullStates.xml
----------------- Instantiating /home/travis/build/icyphy/ptII/ptolemy/domains/hdf/kernel/test/auto/TwoLevelHierarchyWithResetsNullStates.xml
79 ms. Memory: 145408K Free: 97918K (67%)
----------------- Invoking toplevel() on ptolemy.moml.MoMLSimpleApplication@4bb6388f
----------------- Done invoking toplevel() on ptolemy.moml.MoMLSimpleApplication@4bb6388f
reloadAllAccessors: .TwoLevelHierarchyWithResetsNullStates

===========================================================================================
----------------- testing Mon Dec 09 18:25:22 UTC 2019 /home/travis/build/icyphy/ptII/ptolemy/domains/hdf/kernel/test/auto/WaterTank_HDF.xml
----------------- Instantiating /home/travis/build/icyphy/ptII/ptolemy/domains/hdf/kernel/test/auto/WaterTank_HDF.xml
36 ms. Memory: 145408K Free: 69742K (48%)
----------------- Invoking toplevel() on ptolemy.moml.MoMLSimpleApplication@4db3c9ff
----------------- Done invoking toplevel() on ptolemy.moml.MoMLSimpleApplication@4db3c9ff
reloadAllAccessors: .WaterTank_HDF

===========================================================================================
----------------- testing Mon Dec 09 18:25:22 UTC 2019 /home/travis/build/icyphy/ptII/ptolemy/domains/hdf/kernel/test/auto/WaterTank_HDF2.xml
----------------- Instantiating /home/travis/build/icyphy/ptII/ptolemy/domains/hdf/kernel/test/auto/WaterTank_HDF2.xml
60 ms. Memory: 145408K Free: 122814K (84%)
----------------- Invoking toplevel() on ptolemy.moml.MoMLSimpleApplication@7b550b83
----------------- Done invoking toplevel() on ptolemy.moml.MoMLSimpleApplication@7b550b83
reloadAllAccessors: .WaterTank_HDF2

===========================================================================================
----------------- testing Mon Dec 09 18:25:22 UTC 2019 /home/travis/build/icyphy/ptII/ptolemy/domains/hdf/kernel/test/auto/badFSMRateChanges.xml
----------------- Instantiating /home/travis/build/icyphy/ptII/ptolemy/domains/hdf/kernel/test/auto/badFSMRateChanges.xml
12 ms. Memory: 145408K Free: 107958K (74%)
----------------- Invoking toplevel() on ptolemy.moml.MoMLSimpleApplication@33c0b29f
----------------- Done invoking toplevel() on ptolemy.moml.MoMLSimpleApplication@33c0b29f
reloadAllAccessors: .badFSMRateChanges
AutoTests.java: About to close Vertx.
AutoTests.java: Vertx closed.
]]></system-out>
  <system-err><![CDATA[]]></system-err>
</testsuite>
