<?xml version="1.0" encoding="UTF-8" ?>
<testsuite errors="0" failures="0" hostname="travis-job-923d53b7-2434-484e-bb3f-1f9c0b4cdca5" name="ptolemy.domains.de.test.junit.JUnitTclTest" skipped="0" tests="101" time="132.864" timestamp="2018-10-05T02:47:59">
  <properties>
[...]
</properties>
  <testcase classname="ptolemy.util.test.junit.TclTests" name="[0] /home/travis/build/icyphy/ptII/ptolemy/domains/de/test/DependencyLoop.tcl (RunTclFile)" time="0.799" />
  <testcase classname="ptolemy.util.test.junit.TclTests" name="[1] /home/travis/build/icyphy/ptII/ptolemy/domains/de/test/RunDETestsAsQSS.tcl (RunTclFile)" time="91.485" />
  <testcase classname="ptolemy.util.test.junit.AutoKnownFailedTests" name="[0] /home/travis/build/icyphy/ptII/ptolemy/domains/de/test/auto/knownFailedTests/DESDFClockTest.xml (RunModel)" time="2.037" />
  <testcase classname="ptolemy.util.test.junit.AutoKnownFailedTests" name="[1] /home/travis/build/icyphy/ptII/ptolemy/domains/de/test/auto/knownFailedTests/DirectFeedback.xml (RunModel)" time="0.016" />
  <testcase classname="ptolemy.util.test.junit.AutoKnownFailedTests" name="[2] /home/travis/build/icyphy/ptII/ptolemy/domains/de/test/auto/knownFailedTests/FSMSource.xml (RunModel)" time="0.032" />
  <testcase classname="ptolemy.util.test.junit.AutoKnownFailedTests" name="[3] /home/travis/build/icyphy/ptII/ptolemy/domains/de/test/auto/knownFailedTests/HierarchicalModel.xml (RunModel)" time="0.037" />
  <testcase classname="ptolemy.util.test.junit.AutoKnownFailedTests" name="[4] /home/travis/build/icyphy/ptII/ptolemy/domains/de/test/auto/knownFailedTests/dependencyLoop.xml (RunModel)" time="0.038" />
  <testcase classname="ptolemy.util.test.junit.AutoKnownFailedTests" name="[5] /home/travis/build/icyphy/ptII/ptolemy/domains/de/test/auto/knownFailedTests/dependencyLoop2.xml (RunModel)" time="0.038" />
  <testcase classname="ptolemy.util.test.junit.AutoNameArchTests" name="[0] ThereAreNoAutoArchTests (RunModel)" time="0.001" />
  <testcase classname="ptolemy.util.test.junit.AutoTests" name="[0] /home/travis/build/icyphy/ptII/ptolemy/domains/de/test/auto/ActorDepthCalculation_actorWithoutPorts.xml (RunModel)" time="0.012" />
  <testcase classname="ptolemy.util.test.junit.AutoTests" name="[1] /home/travis/build/icyphy/ptII/ptolemy/domains/de/test/auto/AssemblyLine.xml (RunModel)" time="0.017" />
  <testcase classname="ptolemy.util.test.junit.AutoTests" name="[2] /home/travis/build/icyphy/ptII/ptolemy/domains/de/test/auto/CQBug1.xml (RunModel)" time="0.008" />
  <testcase classname="ptolemy.util.test.junit.AutoTests" name="[3] /home/travis/build/icyphy/ptII/ptolemy/domains/de/test/auto/CancelFireAt.xml (RunModel)" time="0.006" />
  <testcase classname="ptolemy.util.test.junit.AutoTests" name="[4] /home/travis/build/icyphy/ptII/ptolemy/domains/de/test/auto/CausalityAndComposabilityAnalysis.xml (RunModel)" time="0.011" />
  <testcase classname="ptolemy.util.test.junit.AutoTests" name="[5] /home/travis/build/icyphy/ptII/ptolemy/domains/de/test/auto/CausalityInterface1.xml (RunModel)" time="0.013" />
  <testcase classname="ptolemy.util.test.junit.AutoTests" name="[6] /home/travis/build/icyphy/ptII/ptolemy/domains/de/test/auto/CausalityInterface15.xml (RunModel)" time="0.013" />
  <testcase classname="ptolemy.util.test.junit.AutoTests" name="[7] /home/travis/build/icyphy/ptII/ptolemy/domains/de/test/auto/CausalityInterface2.xml (RunModel)" time="0.011" />
  <testcase classname="ptolemy.util.test.junit.AutoTests" name="[8] /home/travis/build/icyphy/ptII/ptolemy/domains/de/test/auto/CausalityInterface3.xml (RunModel)" time="0.015" />
  <testcase classname="ptolemy.util.test.junit.AutoTests" name="[9] /home/travis/build/icyphy/ptII/ptolemy/domains/de/test/auto/ClockDrift.xml (RunModel)" time="0.035" />
  <testcase classname="ptolemy.util.test.junit.AutoTests" name="[10] /home/travis/build/icyphy/ptII/ptolemy/domains/de/test/auto/ClockDriftAndValueChange.xml (RunModel)" time="0.037" />
  <testcase classname="ptolemy.util.test.junit.AutoTests" name="[11] /home/travis/build/icyphy/ptII/ptolemy/domains/de/test/auto/ClockDriftChange.xml (RunModel)" time="0.035" />
  <testcase classname="ptolemy.util.test.junit.AutoTests" name="[12] /home/travis/build/icyphy/ptII/ptolemy/domains/de/test/auto/ComposableCausalityAnalysis.xml (RunModel)" time="0.016" />
  <testcase classname="ptolemy.util.test.junit.AutoTests" name="[13] /home/travis/build/icyphy/ptII/ptolemy/domains/de/test/auto/DEFixedPointLimitation.xml (RunModel)" time="0.01" />
  <testcase classname="ptolemy.util.test.junit.AutoTests" name="[14] /home/travis/build/icyphy/ptII/ptolemy/domains/de/test/auto/DEScheduleTest.xml (RunModel)" time="0.012" />
  <testcase classname="ptolemy.util.test.junit.AutoTests" name="[15] /home/travis/build/icyphy/ptII/ptolemy/domains/de/test/auto/DEinDEwithStartTimes.xml (RunModel)" time="0.016" />
  <testcase classname="ptolemy.util.test.junit.AutoTests" name="[16] /home/travis/build/icyphy/ptII/ptolemy/domains/de/test/auto/DEinDEwithStartTimes2.xml (RunModel)" time="0.019" />
  <testcase classname="ptolemy.util.test.junit.AutoTests" name="[17] /home/travis/build/icyphy/ptII/ptolemy/domains/de/test/auto/DateDemo.xml (RunModel)" time="0.032" />
  <testcase classname="ptolemy.util.test.junit.AutoTests" name="[18] /home/travis/build/icyphy/ptII/ptolemy/domains/de/test/auto/DateToEvent.xml (RunModel)" time="2.04" />
  <testcase classname="ptolemy.util.test.junit.AutoTests" name="[19] /home/travis/build/icyphy/ptII/ptolemy/domains/de/test/auto/DepthTest1.xml (RunModel)" time="0.008" />
  <testcase classname="ptolemy.util.test.junit.AutoTests" name="[20] /home/travis/build/icyphy/ptII/ptolemy/domains/de/test/auto/DepthTest2.xml (RunModel)" time="0.018" />
  <testcase classname="ptolemy.util.test.junit.AutoTests" name="[21] /home/travis/build/icyphy/ptII/ptolemy/domains/de/test/auto/DepthTest3.xml (RunModel)" time="0.008" />
  <testcase classname="ptolemy.util.test.junit.AutoTests" name="[22] /home/travis/build/icyphy/ptII/ptolemy/domains/de/test/auto/DepthTest4.xml (RunModel)" time="0.013" />
  <testcase classname="ptolemy.util.test.junit.AutoTests" name="[23] /home/travis/build/icyphy/ptII/ptolemy/domains/de/test/auto/DepthTest5.xml (RunModel)" time="0.013" />
  <testcase classname="ptolemy.util.test.junit.AutoTests" name="[24] /home/travis/build/icyphy/ptII/ptolemy/domains/de/test/auto/DepthTest6.xml (RunModel)" time="0.013" />
  <testcase classname="ptolemy.util.test.junit.AutoTests" name="[25] /home/travis/build/icyphy/ptII/ptolemy/domains/de/test/auto/DepthTest7.xml (RunModel)" time="0.012" />
  <testcase classname="ptolemy.util.test.junit.AutoTests" name="[26] /home/travis/build/icyphy/ptII/ptolemy/domains/de/test/auto/EventToDate.xml (RunModel)" time="3.035" />
  <testcase classname="ptolemy.util.test.junit.AutoTests" name="[27] /home/travis/build/icyphy/ptII/ptolemy/domains/de/test/auto/FSM1.xml (RunModel)" time="0.031" />
  <testcase classname="ptolemy.util.test.junit.AutoTests" name="[28] /home/travis/build/icyphy/ptII/ptolemy/domains/de/test/auto/FSM7.xml (RunModel)" time="0.029" />
  <testcase classname="ptolemy.util.test.junit.AutoTests" name="[29] /home/travis/build/icyphy/ptII/ptolemy/domains/de/test/auto/Inspection.xml (RunModel)" time="0.037" />
  <testcase classname="ptolemy.util.test.junit.AutoTests" name="[30] /home/travis/build/icyphy/ptII/ptolemy/domains/de/test/auto/Iteration.xml (RunModel)" time="0.017" />
  <testcase classname="ptolemy.util.test.junit.AutoTests" name="[31] /home/travis/build/icyphy/ptII/ptolemy/domains/de/test/auto/LineFault.xml (RunModel)" time="0.536" />
  <testcase classname="ptolemy.util.test.junit.AutoTests" name="[32] /home/travis/build/icyphy/ptII/ptolemy/domains/de/test/auto/MergeModel1Add.xml (RunModel)" time="0.041" />
  <testcase classname="ptolemy.util.test.junit.AutoTests" name="[33] /home/travis/build/icyphy/ptII/ptolemy/domains/de/test/auto/MergeModel2Add.xml (RunModel)" time="0.037" />
  <testcase classname="ptolemy.util.test.junit.AutoTests" name="[34] /home/travis/build/icyphy/ptII/ptolemy/domains/de/test/auto/MergeModel3Add.xml (RunModel)" time="0.038" />
  <testcase classname="ptolemy.util.test.junit.AutoTests" name="[35] /home/travis/build/icyphy/ptII/ptolemy/domains/de/test/auto/MergeWithoutDiscard.xml (RunModel)" time="0.009" />
  <testcase classname="ptolemy.util.test.junit.AutoTests" name="[36] /home/travis/build/icyphy/ptII/ptolemy/domains/de/test/auto/Modal1.xml (RunModel)" time="0.026" />
  <testcase classname="ptolemy.util.test.junit.AutoTests" name="[37] /home/travis/build/icyphy/ptII/ptolemy/domains/de/test/auto/Modal2.xml (RunModel)" time="0.037" />
  <testcase classname="ptolemy.util.test.junit.AutoTests" name="[38] /home/travis/build/icyphy/ptII/ptolemy/domains/de/test/auto/Modal3.xml (RunModel)" time="0.032" />
  <testcase classname="ptolemy.util.test.junit.AutoTests" name="[39] /home/travis/build/icyphy/ptII/ptolemy/domains/de/test/auto/Modal4.xml (RunModel)" time="0.028" />
  <testcase classname="ptolemy.util.test.junit.AutoTests" name="[40] /home/travis/build/icyphy/ptII/ptolemy/domains/de/test/auto/Modal5.xml (RunModel)" time="0.037" />
  <testcase classname="ptolemy.util.test.junit.AutoTests" name="[41] /home/travis/build/icyphy/ptII/ptolemy/domains/de/test/auto/Modal6.xml (RunModel)" time="0.031" />
  <testcase classname="ptolemy.util.test.junit.AutoTests" name="[42] /home/travis/build/icyphy/ptII/ptolemy/domains/de/test/auto/Modal7.xml (RunModel)" time="0.029" />
  <testcase classname="ptolemy.util.test.junit.AutoTests" name="[43] /home/travis/build/icyphy/ptII/ptolemy/domains/de/test/auto/ModalModel.xml (RunModel)" time="0.155" />
  <testcase classname="ptolemy.util.test.junit.AutoTests" name="[44] /home/travis/build/icyphy/ptII/ptolemy/domains/de/test/auto/ModalSource.xml (RunModel)" time="0.018" />
  <testcase classname="ptolemy.util.test.junit.AutoTests" name="[45] /home/travis/build/icyphy/ptII/ptolemy/domains/de/test/auto/NonInterruptibleTimerZeroDelay.xml (RunModel)" time="0.012" />
  <testcase classname="ptolemy.util.test.junit.AutoTests" name="[46] /home/travis/build/icyphy/ptII/ptolemy/domains/de/test/auto/OpenQueueingNetwork.xml (RunModel)" time="2.184" />
  <testcase classname="ptolemy.util.test.junit.AutoTests" name="[47] /home/travis/build/icyphy/ptII/ptolemy/domains/de/test/auto/OpenQueuingNetwork.xml (RunModel)" time="0.269" />
  <testcase classname="ptolemy.util.test.junit.AutoTests" name="[48] /home/travis/build/icyphy/ptII/ptolemy/domains/de/test/auto/PeriodicSampler.xml (RunModel)" time="0.008" />
  <testcase classname="ptolemy.util.test.junit.AutoTests" name="[49] /home/travis/build/icyphy/ptII/ptolemy/domains/de/test/auto/PersistentIO.xml (RunModel)" time="0.024" />
  <testcase classname="ptolemy.util.test.junit.AutoTests" name="[50] /home/travis/build/icyphy/ptII/ptolemy/domains/de/test/auto/PortParameterResetOnInitialize.xml (RunModel)" time="0.008" />
  <testcase classname="ptolemy.util.test.junit.AutoTests" name="[51] /home/travis/build/icyphy/ptII/ptolemy/domains/de/test/auto/PortParameterUpdates.xml (RunModel)" time="0.014" />
  <testcase classname="ptolemy.util.test.junit.AutoTests" name="[52] /home/travis/build/icyphy/ptII/ptolemy/domains/de/test/auto/QueueAndServer.xml (RunModel)" time="0.022" />
  <testcase classname="ptolemy.util.test.junit.AutoTests" name="[53] /home/travis/build/icyphy/ptII/ptolemy/domains/de/test/auto/Records.xml (RunModel)" time="0.018" />
  <testcase classname="ptolemy.util.test.junit.AutoTests" name="[54] /home/travis/build/icyphy/ptII/ptolemy/domains/de/test/auto/ResetTransitionWithStartTime1.xml (RunModel)" time="0.019" />
  <testcase classname="ptolemy.util.test.junit.AutoTests" name="[55] /home/travis/build/icyphy/ptII/ptolemy/domains/de/test/auto/ResetTransitionWithStartTime2.xml (RunModel)" time="0.018" />
  <testcase classname="ptolemy.util.test.junit.AutoTests" name="[56] /home/travis/build/icyphy/ptII/ptolemy/domains/de/test/auto/ResetTransitionWithStartTime3.xml (RunModel)" time="0.023" />
  <testcase classname="ptolemy.util.test.junit.AutoTests" name="[57] /home/travis/build/icyphy/ptII/ptolemy/domains/de/test/auto/ResetTransitionWithStartTime4.xml (RunModel)" time="0.019" />
  <testcase classname="ptolemy.util.test.junit.AutoTests" name="[58] /home/travis/build/icyphy/ptII/ptolemy/domains/de/test/auto/ResettableTimer1.xml (RunModel)" time="0.01" />
  <testcase classname="ptolemy.util.test.junit.AutoTests" name="[59] /home/travis/build/icyphy/ptII/ptolemy/domains/de/test/auto/ResettableTimer2.xml (RunModel)" time="0.011" />
  <testcase classname="ptolemy.util.test.junit.AutoTests" name="[60] /home/travis/build/icyphy/ptII/ptolemy/domains/de/test/auto/ResettableTimer3.xml (RunModel)" time="0.009" />
  <testcase classname="ptolemy.util.test.junit.AutoTests" name="[61] /home/travis/build/icyphy/ptII/ptolemy/domains/de/test/auto/ResettableTimer4.xml (RunModel)" time="0.009" />
  <testcase classname="ptolemy.util.test.junit.AutoTests" name="[62] /home/travis/build/icyphy/ptII/ptolemy/domains/de/test/auto/ResettableTimer5.xml (RunModel)" time="0.009" />
  <testcase classname="ptolemy.util.test.junit.AutoTests" name="[63] /home/travis/build/icyphy/ptII/ptolemy/domains/de/test/auto/ResettableTimer6.xml (RunModel)" time="0.02" />
  <testcase classname="ptolemy.util.test.junit.AutoTests" name="[64] /home/travis/build/icyphy/ptII/ptolemy/domains/de/test/auto/ServerZeroDelay.xml (RunModel)" time="0.01" />
  <testcase classname="ptolemy.util.test.junit.AutoTests" name="[65] /home/travis/build/icyphy/ptII/ptolemy/domains/de/test/auto/SmartSender.xml (RunModel)" time="3.008" />
  <testcase classname="ptolemy.util.test.junit.AutoTests" name="[66] /home/travis/build/icyphy/ptII/ptolemy/domains/de/test/auto/ThreadedComposite.xml (RunModel)" time="0.119" />
  <testcase classname="ptolemy.util.test.junit.AutoTests" name="[67] /home/travis/build/icyphy/ptII/ptolemy/domains/de/test/auto/Time.xml (RunModel)" time="0.41" />
  <testcase classname="ptolemy.util.test.junit.AutoTests" name="[68] /home/travis/build/icyphy/ptII/ptolemy/domains/de/test/auto/TimeDelayZeroDelay.xml (RunModel)" time="0.011" />
  <testcase classname="ptolemy.util.test.junit.AutoTests" name="[69] /home/travis/build/icyphy/ptII/ptolemy/domains/de/test/auto/TimerZeroDelay.xml (RunModel)" time="0.009" />
  <testcase classname="ptolemy.util.test.junit.AutoTests" name="[70] /home/travis/build/icyphy/ptII/ptolemy/domains/de/test/auto/TimingParadox.xml (RunModel)" time="0.348" />
  <testcase classname="ptolemy.util.test.junit.AutoTests" name="[71] /home/travis/build/icyphy/ptII/ptolemy/domains/de/test/auto/TransferInputs.xml (RunModel)" time="0.013" />
  <testcase classname="ptolemy.util.test.junit.AutoTests" name="[72] /home/travis/build/icyphy/ptII/ptolemy/domains/de/test/auto/TransferOutputs2.xml (RunModel)" time="0.017" />
  <testcase classname="ptolemy.util.test.junit.AutoTests" name="[73] /home/travis/build/icyphy/ptII/ptolemy/domains/de/test/auto/Trilateration.xml (RunModel)" time="12.501" />
  <testcase classname="ptolemy.util.test.junit.AutoTests" name="[74] /home/travis/build/icyphy/ptII/ptolemy/domains/de/test/auto/TwoSigmaDelta.xml (RunModel)" time="2.034" />
  <testcase classname="ptolemy.util.test.junit.AutoTests" name="[75] /home/travis/build/icyphy/ptII/ptolemy/domains/de/test/auto/VariableDelay.xml (RunModel)" time="0.016" />
  <testcase classname="ptolemy.util.test.junit.AutoTests" name="[76] /home/travis/build/icyphy/ptII/ptolemy/domains/de/test/auto/VariableDelay2.xml (RunModel)" time="0.014" />
  <testcase classname="ptolemy.util.test.junit.AutoTests" name="[77] /home/travis/build/icyphy/ptII/ptolemy/domains/de/test/auto/VariableDelayZeroDelay.xml (RunModel)" time="0.012" />
  <testcase classname="ptolemy.util.test.junit.AutoTests" name="[78] /home/travis/build/icyphy/ptII/ptolemy/domains/de/test/auto/VariableDelayZeroDelay2.xml (RunModel)" time="0.009" />
  <testcase classname="ptolemy.util.test.junit.AutoTests" name="[79] /home/travis/build/icyphy/ptII/ptolemy/domains/de/test/auto/deInCt.xml (RunModel)" time="0.016" />
  <testcase classname="ptolemy.util.test.junit.AutoTests" name="[80] /home/travis/build/icyphy/ptII/ptolemy/domains/de/test/auto/deInCt2.xml (RunModel)" time="0.017" />
  <testcase classname="ptolemy.util.test.junit.AutoTests" name="[81] /home/travis/build/icyphy/ptII/ptolemy/domains/de/test/auto/dynamicCausalityInterface1.xml (RunModel)" time="0.018" />
  <testcase classname="ptolemy.util.test.junit.AutoTests" name="[82] /home/travis/build/icyphy/ptII/ptolemy/domains/de/test/auto/fsm_de_test.xml (RunModel)" time="0.025" />
  <testcase classname="ptolemy.util.test.junit.AutoTests" name="[83] /home/travis/build/icyphy/ptII/ptolemy/domains/de/test/auto/functionDependencyReconstruction.xml (RunModel)" time="0.033" />
  <testcase classname="ptolemy.util.test.junit.AutoTests" name="[84] /home/travis/build/icyphy/ptII/ptolemy/domains/de/test/auto/multirate.xml (RunModel)" time="0.016" />
  <testcase classname="ptolemy.util.test.junit.AutoTests" name="[85] /home/travis/build/icyphy/ptII/ptolemy/domains/de/test/auto/multirate2.xml (RunModel)" time="0.014" />
  <testcase classname="ptolemy.util.test.junit.AutoTests" name="[86] /home/travis/build/icyphy/ptII/ptolemy/domains/de/test/auto/realtime.xml (RunModel)" time="10.01" />
  <testcase classname="ptolemy.util.test.junit.AutoTests" name="[87] /home/travis/build/icyphy/ptII/ptolemy/domains/de/test/auto/relationGroup.xml (RunModel)" time="0.01" />
  <testcase classname="ptolemy.util.test.junit.AutoTests" name="[88] /home/travis/build/icyphy/ptII/ptolemy/domains/de/test/auto/relationGroup2.xml (RunModel)" time="0.013" />
  <testcase classname="ptolemy.util.test.junit.AutoTests" name="[89] /home/travis/build/icyphy/ptII/ptolemy/domains/de/test/auto/sortWithOpaquePorts.xml (RunModel)" time="0.008" />
  <testcase classname="ptolemy.util.test.junit.AutoTests" name="[90] /home/travis/build/icyphy/ptII/ptolemy/domains/de/test/auto/transferInputsandOutputs.xml (RunModel)" time="0.021" />
  <testcase classname="ptolemy.util.test.junit.AutoTests" name="[91] /home/travis/build/icyphy/ptII/ptolemy/domains/de/test/auto/triggerType.xml (RunModel)" time="0.009" />
  <system-out><![CDATA[/home/travis/build/icyphy/ptII/ptolemy/domains/de/test/DependencyLoop.tcl
testDefs.tcl: setting time out to 9000 seconds at Fri Oct 05 02:47:59 UTC 2018
22 ms. Memory: 116224K Free: 93511K (80%)
6 ms. Memory: 146944K Free: 135146K (92%)
/home/travis/build/icyphy/ptII/ptolemy/domains/de/test/RunDETestsAsQSS.tcl
Run the DE tests using ptolemy.domains.qss.test.QSSDirectorTest, which extends QSSDirector and prints a message in the constructors.
------------------ testing $PTII/ptolemy/domains/de/test/auto/knownFailedTests/dependencyLoop.xml (Known Failure) 
8 ms. Memory: 146944K Free: 132034K (90%)


==== $PTIIhome/travis/build/icyphy/ptII/ptolemy/domains/de/test/../../../../: Auto Automatic test in file $PTII/ptolemy/domains/de/test/auto/knownFailedTests/dependencyLoop.xml
==== Contents of test case:

	    # FIXME: we should use $relativeFilename here, but it
	    # might have backslashes under Windows, which causes no end
	    # of trouble.
	    createAndExecute $file
	    list {}
	
.... Test generated KNOWN error:
    while executing
ptolemy.kernel.util.IllegalActionException: Found a zero delay loop containing .dependencyLoop.original
  in .dependencyLoop and .dependencyLoop.original
	at ptolemy.actor.util.CausalityInterfaceForComposites._computeOutputPortDepth(CausalityInterfaceForComposites.java:759)
	at ptolemy.actor.util.CausalityInterfaceForComposites._computeInputDepth(CausalityInterfaceForComposites.java:696)
	at ptolemy.actor.util.CausalityInterfaceForComposites._computeOutputPortDepth(CausalityInterfaceForComposites.java:765)
	at ptolemy.actor.util.CausalityInterfaceForComposites._computeInputDepth(CausalityInterfaceForComposites.java:696)
	at ptolemy.actor.util.CausalityInterfaceForComposites._computeOutputPortDepth(CausalityInterfaceForComposites.java:765)
	at ptolemy.actor.util.CausalityInterfaceForComposites._computeInputDepth(CausalityInterfaceForComposites.java:696)
	at ptolemy.actor.util.CausalityInterfaceForComposites._computeActorDepth(CausalityInterfaceForComposites.java:532)
	at ptolemy.actor.util.CausalityInterfaceForComposites.checkForCycles(CausalityInterfaceForComposites.java:96)
	at ptolemy.domains.de.kernel.DEDirector.preinitialize(DEDirector.java:1338)
	at ptolemy.actor.CompositeActor.preinitialize(CompositeActor.java:1828)
	at ptolemy.actor.Manager.preinitializeAndResolveTypes(Manager.java:1040)
	at ptolemy.actor.Manager.initialize(Manager.java:710)
	at ptolemy.actor.Manager.execute(Manager.java:356)
	at ptolemy.actor.Manager.run(Manager.java:1263)
	at ptolemy.actor.Manager$PtolemyRunThread.run(Manager.java:1915)

    while executing
ptolemy.kernel.util.IllegalActionException: Found a zero delay loop containing .dependencyLoop.original
  in .dependencyLoop and .dependencyLoop.original
    while executing
"java::new ptolemy.moml.MoMLSimpleApplication $file
"
    (procedure "createAndExecute" line 2)
    invoked from within
"createAndExecute $file"
    ("uplevel" body line 5)
    invoked from within
"uplevel $contents_of_test"
------------------ testing $PTII/ptolemy/domains/de/test/auto/knownFailedTests/DESDFClockTest.xml (Known Failure) 
2095 ms. Memory: 146944K Free: 116645K (79%)


==== $PTIIhome/travis/build/icyphy/ptII/ptolemy/domains/de/test/../../../../: Auto Automatic test in file $PTII/ptolemy/domains/de/test/auto/knownFailedTests/DESDFClockTest.xml
==== Contents of test case:

	    # FIXME: we should use $relativeFilename here, but it
	    # might have backslashes under Windows, which causes no end
	    # of trouble.
	    createAndExecute $file
	    list {}
	
.... Test generated KNOWN error:
    while executing
ptolemy.kernel.util.IllegalActionException: Actor is not ready to fire.  Perhaps UpSample.prefire() returned false? Try debugging the actor by selecting "Listen to Actor".  Also, for SDF check moml for tokenConsumptionRate on input.
  in .DESDFClockTest.Play Bell.Copy1:SDF Director and .DESDFClockTest.Play Bell.UpSample
	at ptolemy.actor.sched.StaticSchedulingDirector.fire(StaticSchedulingDirector.java:227)
	at ptolemy.domains.sdf.kernel.SDFDirector.fire(SDFDirector.java:500)
	at ptolemy.actor.CompositeActor.fire(CompositeActor.java:455)
	at ptolemy.domains.de.kernel.DEDirector._fire(DEDirector.java:1949)
	at ptolemy.domains.de.kernel.DEDirector.fire(DEDirector.java:502)
	at ptolemy.actor.CompositeActor.fire(CompositeActor.java:455)
	at ptolemy.actor.Manager.iterate(Manager.java:851)
	at ptolemy.actor.Manager.execute(Manager.java:369)
	at ptolemy.actor.Manager.run(Manager.java:1263)
	at ptolemy.actor.Manager$PtolemyRunThread.run(Manager.java:1915)

    while executing
ptolemy.kernel.util.IllegalActionException: Actor is not ready to fire.  Perhaps UpSample.prefire() returned false? Try debugging the actor by selecting "Listen to Actor".  Also, for SDF check moml for tokenConsumptionRate on input.
  in .DESDFClockTest.Play Bell.Copy1:SDF Director and .DESDFClockTest.Play Bell.UpSample
    while executing
"java::new ptolemy.moml.MoMLSimpleApplication $file
"
    (procedure "createAndExecute" line 2)
    invoked from within
"createAndExecute $file"
    ("uplevel" body line 5)
    invoked from within
"uplevel $contents_of_test"
------------------ testing $PTII/ptolemy/domains/de/test/auto/knownFailedTests/FSMSource.xml (Known Failure) 
42 ms. Memory: 146944K Free: 107702K (73%)
!!!! Auto was marked as failing, but now passes
------------------ testing $PTII/ptolemy/domains/de/test/auto/knownFailedTests/dependencyLoop2.xml (Known Failure) 
7 ms. Memory: 146944K Free: 105819K (72%)


==== $PTIIhome/travis/build/icyphy/ptII/ptolemy/domains/de/test/../../../../: Auto Automatic test in file $PTII/ptolemy/domains/de/test/auto/knownFailedTests/dependencyLoop2.xml
==== Contents of test case:

	    # FIXME: we should use $relativeFilename here, but it
	    # might have backslashes under Windows, which causes no end
	    # of trouble.
	    createAndExecute $file
	    list {}
	
.... Test generated KNOWN error:
    while executing
ptolemy.kernel.util.IllegalActionException: Found a zero delay loop containing .dependencyLoop2.original
  in .dependencyLoop2 and .dependencyLoop2.original
	at ptolemy.actor.util.CausalityInterfaceForComposites._computeOutputPortDepth(CausalityInterfaceForComposites.java:759)
	at ptolemy.actor.util.CausalityInterfaceForComposites._computeInputDepth(CausalityInterfaceForComposites.java:696)
	at ptolemy.actor.util.CausalityInterfaceForComposites._computeOutputPortDepth(CausalityInterfaceForComposites.java:765)
	at ptolemy.actor.util.CausalityInterfaceForComposites._computeInputDepth(CausalityInterfaceForComposites.java:696)
	at ptolemy.actor.util.CausalityInterfaceForComposites._computeOutputPortDepth(CausalityInterfaceForComposites.java:765)
	at ptolemy.actor.util.CausalityInterfaceForComposites._computeInputDepth(CausalityInterfaceForComposites.java:696)
	at ptolemy.actor.util.CausalityInterfaceForComposites._computeActorDepth(CausalityInterfaceForComposites.java:532)
	at ptolemy.actor.util.CausalityInterfaceForComposites.checkForCycles(CausalityInterfaceForComposites.java:96)
	at ptolemy.domains.de.kernel.DEDirector.preinitialize(DEDirector.java:1338)
	at ptolemy.actor.CompositeActor.preinitialize(CompositeActor.java:1828)
	at ptolemy.actor.Manager.preinitializeAndResolveTypes(Manager.java:1040)
	at ptolemy.actor.Manager.initialize(Manager.java:710)
	at ptolemy.actor.Manager.execute(Manager.java:356)
	at ptolemy.actor.Manager.run(Manager.java:1263)
	at ptolemy.actor.Manager$PtolemyRunThread.run(Manager.java:1915)

    while executing
ptolemy.kernel.util.IllegalActionException: Found a zero delay loop containing .dependencyLoop2.original
  in .dependencyLoop2 and .dependencyLoop2.original
    while executing
"java::new ptolemy.moml.MoMLSimpleApplication $file
"
    (procedure "createAndExecute" line 2)
    invoked from within
"createAndExecute $file"
    ("uplevel" body line 5)
    invoked from within
"uplevel $contents_of_test"
------------------ testing $PTII/ptolemy/domains/de/test/auto/knownFailedTests/HierarchicalModel.xml (Known Failure) 
10 ms. Memory: 146944K Free: 85366K (58%)


==== $PTIIhome/travis/build/icyphy/ptII/ptolemy/domains/de/test/../../../../: Auto Automatic test in file $PTII/ptolemy/domains/de/test/auto/knownFailedTests/HierarchicalModel.xml
==== Contents of test case:

	    # FIXME: we should use $relativeFilename here, but it
	    # might have backslashes under Windows, which causes no end
	    # of trouble.
	    createAndExecute $file
	    list {}
	
.... Test generated KNOWN error:
    while executing
ptolemy.kernel.util.IllegalActionException: Found a zero delay loop containing .HierarchicalModel.A
  in .HierarchicalModel and .HierarchicalModel.A
	at ptolemy.actor.util.CausalityInterfaceForComposites._computeOutputPortDepth(CausalityInterfaceForComposites.java:759)
	at ptolemy.actor.util.CausalityInterfaceForComposites._computeInputDepth(CausalityInterfaceForComposites.java:696)
	at ptolemy.actor.util.CausalityInterfaceForComposites._computeOutputPortDepth(CausalityInterfaceForComposites.java:765)
	at ptolemy.actor.util.CausalityInterfaceForComposites._computeInputDepth(CausalityInterfaceForComposites.java:696)
	at ptolemy.actor.util.CausalityInterfaceForComposites._computeOutputPortDepth(CausalityInterfaceForComposites.java:765)
	at ptolemy.actor.util.CausalityInterfaceForComposites._computeInputDepth(CausalityInterfaceForComposites.java:696)
	at ptolemy.actor.util.CausalityInterfaceForComposites._computeActorDepth(CausalityInterfaceForComposites.java:532)
	at ptolemy.actor.util.CausalityInterfaceForComposites.checkForCycles(CausalityInterfaceForComposites.java:96)
	at ptolemy.domains.de.kernel.DEDirector.preinitialize(DEDirector.java:1338)
	at ptolemy.actor.CompositeActor.preinitialize(CompositeActor.java:1828)
	at ptolemy.actor.Manager.preinitializeAndResolveTypes(Manager.java:1040)
	at ptolemy.actor.Manager.initialize(Manager.java:710)
	at ptolemy.actor.Manager.execute(Manager.java:356)
	at ptolemy.actor.Manager.run(Manager.java:1263)
	at ptolemy.actor.Manager$PtolemyRunThread.run(Manager.java:1915)

    while executing
ptolemy.kernel.util.IllegalActionException: Found a zero delay loop containing .HierarchicalModel.A
  in .HierarchicalModel and .HierarchicalModel.A
    while executing
"java::new ptolemy.moml.MoMLSimpleApplication $file
"
    (procedure "createAndExecute" line 2)
    invoked from within
"createAndExecute $file"
    ("uplevel" body line 5)
    invoked from within
"uplevel $contents_of_test"
------------------ testing $PTII/ptolemy/domains/de/test/auto/knownFailedTests/DirectFeedback.xml (Known Failure) 
8 ms. Memory: 146944K Free: 141392K (96%)


==== $PTIIhome/travis/build/icyphy/ptII/ptolemy/domains/de/test/../../../../: Auto Automatic test in file $PTII/ptolemy/domains/de/test/auto/knownFailedTests/DirectFeedback.xml
==== Contents of test case:

	    # FIXME: we should use $relativeFilename here, but it
	    # might have backslashes under Windows, which causes no end
	    # of trouble.
	    createAndExecute $file
	    list {}
	
.... Test generated KNOWN error:
    while executing
ptolemy.kernel.util.IllegalActionException: Test fails in iteration 1.
Value was: 1.0. Should have been: 2.0
  in .DirectFeedback.Test
	at ptolemy.actor.lib.Test.fire(Test.java:268)
	at ptolemy.domains.de.kernel.DEDirector._fire(DEDirector.java:1949)
	at ptolemy.domains.de.kernel.DEDirector.fire(DEDirector.java:502)
	at ptolemy.actor.CompositeActor.fire(CompositeActor.java:455)
	at ptolemy.actor.Manager.iterate(Manager.java:851)
	at ptolemy.actor.Manager.execute(Manager.java:369)
	at ptolemy.actor.Manager.run(Manager.java:1263)
	at ptolemy.actor.Manager$PtolemyRunThread.run(Manager.java:1915)

    while executing
ptolemy.kernel.util.IllegalActionException: Test fails in iteration 1.
Value was: 1.0. Should have been: 2.0
  in .DirectFeedback.Test
    while executing
"java::new ptolemy.moml.MoMLSimpleApplication $file
"
    (procedure "createAndExecute" line 2)
    invoked from within
"createAndExecute $file"
    ("uplevel" body line 5)
    invoked from within
"uplevel $contents_of_test"
------------------ testing $PTII/ptolemy/domains/de/test/auto/ActorDepthCalculation_actorWithoutPorts.xml
auto.tcl: Setting watchdog for 200 seconds at Fri Oct 05 02:48:02 UTC 2018
4 ms. Memory: 146944K Free: 132478K (90%)
ptolemy.util.test.WatchDog.cancel(): canceling Fri Oct 05 02:48:02 UTC 2018
auto.tcl: Setting watchdog for 200 seconds at Fri Oct 05 02:48:02 UTC 2018
5 ms. Memory: 146944K Free: 131445K (89%)
ptolemy.util.test.WatchDog.cancel(): canceling Fri Oct 05 02:48:02 UTC 2018
------------------ testing $PTII/ptolemy/domains/de/test/auto/AssemblyLine.xml
auto.tcl: Setting watchdog for 200 seconds at Fri Oct 05 02:48:03 UTC 2018
11 ms. Memory: 208384K Free: 182862K (88%)
ptolemy.util.test.WatchDog.cancel(): canceling Fri Oct 05 02:48:03 UTC 2018
auto.tcl: Setting watchdog for 200 seconds at Fri Oct 05 02:48:03 UTC 2018
11 ms. Memory: 208384K Free: 182862K (88%)
ptolemy.util.test.WatchDog.cancel(): canceling Fri Oct 05 02:48:03 UTC 2018
------------------ testing $PTII/ptolemy/domains/de/test/auto/CQBug1.xml
auto.tcl: Setting watchdog for 200 seconds at Fri Oct 05 02:48:03 UTC 2018
3 ms. Memory: 208384K Free: 197721K (95%)
ptolemy.util.test.WatchDog.cancel(): canceling Fri Oct 05 02:48:03 UTC 2018
auto.tcl: Setting watchdog for 200 seconds at Fri Oct 05 02:48:03 UTC 2018
2 ms. Memory: 208384K Free: 197721K (95%)
ptolemy.util.test.WatchDog.cancel(): canceling Fri Oct 05 02:48:03 UTC 2018
------------------ testing $PTII/ptolemy/domains/de/test/auto/CancelFireAt.xml
auto.tcl: Setting watchdog for 200 seconds at Fri Oct 05 02:48:03 UTC 2018
5 ms. Memory: 208384K Free: 201428K (97%)
ptolemy.util.test.WatchDog.cancel(): canceling Fri Oct 05 02:48:03 UTC 2018
auto.tcl: Setting watchdog for 200 seconds at Fri Oct 05 02:48:03 UTC 2018
5 ms. Memory: 208384K Free: 199335K (96%)
ptolemy.util.test.WatchDog.cancel(): canceling Fri Oct 05 02:48:03 UTC 2018
------------------ testing $PTII/ptolemy/domains/de/test/auto/CausalityAndComposabilityAnalysis.xml
auto.tcl: Setting watchdog for 200 seconds at Fri Oct 05 02:48:03 UTC 2018
10 ms. Memory: 208384K Free: 196841K (94%)
ptolemy.util.test.WatchDog.cancel(): canceling Fri Oct 05 02:48:03 UTC 2018
auto.tcl: Setting watchdog for 200 seconds at Fri Oct 05 02:48:03 UTC 2018
6 ms. Memory: 208384K Free: 196841K (94%)
ptolemy.util.test.WatchDog.cancel(): canceling Fri Oct 05 02:48:03 UTC 2018
------------------ testing $PTII/ptolemy/domains/de/test/auto/CausalityInterface1.xml
auto.tcl: Setting watchdog for 200 seconds at Fri Oct 05 02:48:03 UTC 2018
18 ms. Memory: 208384K Free: 196441K (94%)
ptolemy.util.test.WatchDog.cancel(): canceling Fri Oct 05 02:48:03 UTC 2018
auto.tcl: Setting watchdog for 200 seconds at Fri Oct 05 02:48:03 UTC 2018
7 ms. Memory: 208384K Free: 196441K (94%)
ptolemy.util.test.WatchDog.cancel(): canceling Fri Oct 05 02:48:03 UTC 2018
------------------ testing $PTII/ptolemy/domains/de/test/auto/CausalityInterface15.xml
auto.tcl: Setting watchdog for 200 seconds at Fri Oct 05 02:48:03 UTC 2018
12 ms. Memory: 208384K Free: 196432K (94%)
ptolemy.util.test.WatchDog.cancel(): canceling Fri Oct 05 02:48:03 UTC 2018
auto.tcl: Setting watchdog for 200 seconds at Fri Oct 05 02:48:03 UTC 2018
5 ms. Memory: 208384K Free: 196432K (94%)
ptolemy.util.test.WatchDog.cancel(): canceling Fri Oct 05 02:48:03 UTC 2018
------------------ testing $PTII/ptolemy/domains/de/test/auto/CausalityInterface2.xml
auto.tcl: Setting watchdog for 200 seconds at Fri Oct 05 02:48:03 UTC 2018
4 ms. Memory: 208384K Free: 196415K (94%)
ptolemy.util.test.WatchDog.cancel(): canceling Fri Oct 05 02:48:03 UTC 2018
auto.tcl: Setting watchdog for 200 seconds at Fri Oct 05 02:48:03 UTC 2018
3 ms. Memory: 208384K Free: 196415K (94%)
ptolemy.util.test.WatchDog.cancel(): canceling Fri Oct 05 02:48:03 UTC 2018
------------------ testing $PTII/ptolemy/domains/de/test/auto/CausalityInterface3.xml
auto.tcl: Setting watchdog for 200 seconds at Fri Oct 05 02:48:04 UTC 2018
8 ms. Memory: 208384K Free: 196428K (94%)
ptolemy.util.test.WatchDog.cancel(): canceling Fri Oct 05 02:48:04 UTC 2018
auto.tcl: Setting watchdog for 200 seconds at Fri Oct 05 02:48:04 UTC 2018
8 ms. Memory: 208384K Free: 196428K (94%)
ptolemy.util.test.WatchDog.cancel(): canceling Fri Oct 05 02:48:04 UTC 2018
------------------ testing $PTII/ptolemy/domains/de/test/auto/ClockDrift.xml
auto.tcl: Setting watchdog for 200 seconds at Fri Oct 05 02:48:04 UTC 2018
97 ms. Memory: 208384K Free: 187682K (90%)
ptolemy.util.test.WatchDog.cancel(): canceling Fri Oct 05 02:48:04 UTC 2018
auto.tcl: Setting watchdog for 200 seconds at Fri Oct 05 02:48:04 UTC 2018
51 ms. Memory: 208384K Free: 185590K (89%)
ptolemy.util.test.WatchDog.cancel(): canceling Fri Oct 05 02:48:04 UTC 2018
------------------ testing $PTII/ptolemy/domains/de/test/auto/ClockDriftAndValueChange.xml
auto.tcl: Setting watchdog for 200 seconds at Fri Oct 05 02:48:04 UTC 2018
48 ms. Memory: 208384K Free: 187515K (90%)
ptolemy.util.test.WatchDog.cancel(): canceling Fri Oct 05 02:48:04 UTC 2018
auto.tcl: Setting watchdog for 200 seconds at Fri Oct 05 02:48:04 UTC 2018
27 ms. Memory: 208384K Free: 185422K (89%)
ptolemy.util.test.WatchDog.cancel(): canceling Fri Oct 05 02:48:04 UTC 2018
------------------ testing $PTII/ptolemy/domains/de/test/auto/ClockDriftChange.xml
auto.tcl: Setting watchdog for 200 seconds at Fri Oct 05 02:48:04 UTC 2018
19 ms. Memory: 208384K Free: 190830K (92%)
ptolemy.util.test.WatchDog.cancel(): canceling Fri Oct 05 02:48:04 UTC 2018
auto.tcl: Setting watchdog for 200 seconds at Fri Oct 05 02:48:04 UTC 2018
19 ms. Memory: 208384K Free: 188738K (91%)
ptolemy.util.test.WatchDog.cancel(): canceling Fri Oct 05 02:48:04 UTC 2018
------------------ testing $PTII/ptolemy/domains/de/test/auto/ComposableCausalityAnalysis.xml
auto.tcl: Setting watchdog for 200 seconds at Fri Oct 05 02:48:04 UTC 2018
3 ms. Memory: 208384K Free: 196375K (94%)
ptolemy.util.test.WatchDog.cancel(): canceling Fri Oct 05 02:48:04 UTC 2018
auto.tcl: Setting watchdog for 200 seconds at Fri Oct 05 02:48:04 UTC 2018
2 ms. Memory: 208384K Free: 194282K (93%)
ptolemy.util.test.WatchDog.cancel(): canceling Fri Oct 05 02:48:04 UTC 2018
------------------ testing $PTII/ptolemy/domains/de/test/auto/DEFixedPointLimitation.xml
auto.tcl: Setting watchdog for 200 seconds at Fri Oct 05 02:48:04 UTC 2018
2 ms. Memory: 208384K Free: 196117K (94%)
ptolemy.util.test.WatchDog.cancel(): canceling Fri Oct 05 02:48:04 UTC 2018
auto.tcl: Setting watchdog for 200 seconds at Fri Oct 05 02:48:04 UTC 2018
2 ms. Memory: 208384K Free: 196117K (94%)
ptolemy.util.test.WatchDog.cancel(): canceling Fri Oct 05 02:48:04 UTC 2018
------------------ testing $PTII/ptolemy/domains/de/test/auto/DEScheduleTest.xml
auto.tcl: Setting watchdog for 200 seconds at Fri Oct 05 02:48:04 UTC 2018
5 ms. Memory: 208384K Free: 198245K (95%)
ptolemy.util.test.WatchDog.cancel(): canceling Fri Oct 05 02:48:04 UTC 2018
auto.tcl: Setting watchdog for 200 seconds at Fri Oct 05 02:48:04 UTC 2018
4 ms. Memory: 208384K Free: 196153K (94%)
ptolemy.util.test.WatchDog.cancel(): canceling Fri Oct 05 02:48:04 UTC 2018
------------------ testing $PTII/ptolemy/domains/de/test/auto/DEinDEwithStartTimes.xml
auto.tcl: Setting watchdog for 200 seconds at Fri Oct 05 02:48:04 UTC 2018
3 ms. Memory: 208384K Free: 196122K (94%)
ptolemy.util.test.WatchDog.cancel(): canceling Fri Oct 05 02:48:05 UTC 2018
auto.tcl: Setting watchdog for 200 seconds at Fri Oct 05 02:48:05 UTC 2018
3 ms. Memory: 208384K Free: 194030K (93%)
ptolemy.util.test.WatchDog.cancel(): canceling Fri Oct 05 02:48:05 UTC 2018
------------------ testing $PTII/ptolemy/domains/de/test/auto/DEinDEwithStartTimes2.xml
auto.tcl: Setting watchdog for 200 seconds at Fri Oct 05 02:48:05 UTC 2018
7 ms. Memory: 208384K Free: 196102K (94%)
ptolemy.util.test.WatchDog.cancel(): canceling Fri Oct 05 02:48:05 UTC 2018
auto.tcl: Setting watchdog for 200 seconds at Fri Oct 05 02:48:05 UTC 2018
9 ms. Memory: 208384K Free: 194010K (93%)
ptolemy.util.test.WatchDog.cancel(): canceling Fri Oct 05 02:48:05 UTC 2018
------------------ testing $PTII/ptolemy/domains/de/test/auto/DateDemo.xml
auto.tcl: Setting watchdog for 200 seconds at Fri Oct 05 02:48:05 UTC 2018
16 ms. Memory: 208384K Free: 188570K (90%)
ptolemy.util.test.WatchDog.cancel(): canceling Fri Oct 05 02:48:05 UTC 2018
auto.tcl: Setting watchdog for 200 seconds at Fri Oct 05 02:48:05 UTC 2018
10 ms. Memory: 208384K Free: 186478K (89%)
ptolemy.util.test.WatchDog.cancel(): canceling Fri Oct 05 02:48:05 UTC 2018
------------------ testing $PTII/ptolemy/domains/de/test/auto/DateToEvent.xml
auto.tcl: Setting watchdog for 200 seconds at Fri Oct 05 02:48:05 UTC 2018
2018 ms. Memory: 208384K Free: 183299K (88%)
ptolemy.util.test.WatchDog.cancel(): canceling Fri Oct 05 02:48:07 UTC 2018
auto.tcl: Setting watchdog for 200 seconds at Fri Oct 05 02:48:07 UTC 2018
2006 ms. Memory: 208384K Free: 180842K (87%)
ptolemy.util.test.WatchDog.cancel(): canceling Fri Oct 05 02:48:09 UTC 2018
------------------ testing $PTII/ptolemy/domains/de/test/auto/DepthTest1.xml
auto.tcl: Setting watchdog for 200 seconds at Fri Oct 05 02:48:09 UTC 2018
8 ms. Memory: 208384K Free: 197448K (95%)
ptolemy.util.test.WatchDog.cancel(): canceling Fri Oct 05 02:48:09 UTC 2018
auto.tcl: Setting watchdog for 200 seconds at Fri Oct 05 02:48:09 UTC 2018
2 ms. Memory: 208384K Free: 197448K (95%)
ptolemy.util.test.WatchDog.cancel(): canceling Fri Oct 05 02:48:09 UTC 2018
------------------ testing $PTII/ptolemy/domains/de/test/auto/DepthTest2.xml
auto.tcl: Setting watchdog for 200 seconds at Fri Oct 05 02:48:09 UTC 2018
4 ms. Memory: 208384K Free: 193662K (93%)
ptolemy.util.test.WatchDog.cancel(): canceling Fri Oct 05 02:48:09 UTC 2018
auto.tcl: Setting watchdog for 200 seconds at Fri Oct 05 02:48:09 UTC 2018
5 ms. Memory: 208384K Free: 193662K (93%)
ptolemy.util.test.WatchDog.cancel(): canceling Fri Oct 05 02:48:09 UTC 2018
------------------ testing $PTII/ptolemy/domains/de/test/auto/DepthTest3.xml
auto.tcl: Setting watchdog for 200 seconds at Fri Oct 05 02:48:09 UTC 2018
4 ms. Memory: 208384K Free: 197778K (95%)
ptolemy.util.test.WatchDog.cancel(): canceling Fri Oct 05 02:48:09 UTC 2018
auto.tcl: Setting watchdog for 200 seconds at Fri Oct 05 02:48:09 UTC 2018
2 ms. Memory: 208384K Free: 197778K (95%)
ptolemy.util.test.WatchDog.cancel(): canceling Fri Oct 05 02:48:09 UTC 2018
------------------ testing $PTII/ptolemy/domains/de/test/auto/DepthTest4.xml
auto.tcl: Setting watchdog for 200 seconds at Fri Oct 05 02:48:09 UTC 2018
3 ms. Memory: 208384K Free: 195773K (94%)
ptolemy.util.test.WatchDog.cancel(): canceling Fri Oct 05 02:48:09 UTC 2018
auto.tcl: Setting watchdog for 200 seconds at Fri Oct 05 02:48:09 UTC 2018
3 ms. Memory: 208384K Free: 195773K (94%)
ptolemy.util.test.WatchDog.cancel(): canceling Fri Oct 05 02:48:09 UTC 2018
------------------ testing $PTII/ptolemy/domains/de/test/auto/DepthTest5.xml
auto.tcl: Setting watchdog for 200 seconds at Fri Oct 05 02:48:09 UTC 2018
6 ms. Memory: 208384K Free: 196058K (94%)
ptolemy.util.test.WatchDog.cancel(): canceling Fri Oct 05 02:48:09 UTC 2018
auto.tcl: Setting watchdog for 200 seconds at Fri Oct 05 02:48:09 UTC 2018
3 ms. Memory: 208384K Free: 196058K (94%)
ptolemy.util.test.WatchDog.cancel(): canceling Fri Oct 05 02:48:09 UTC 2018
------------------ testing $PTII/ptolemy/domains/de/test/auto/DepthTest6.xml
auto.tcl: Setting watchdog for 200 seconds at Fri Oct 05 02:48:09 UTC 2018
8 ms. Memory: 208384K Free: 195697K (94%)
ptolemy.util.test.WatchDog.cancel(): canceling Fri Oct 05 02:48:09 UTC 2018
auto.tcl: Setting watchdog for 200 seconds at Fri Oct 05 02:48:09 UTC 2018
3 ms. Memory: 208384K Free: 195697K (94%)
ptolemy.util.test.WatchDog.cancel(): canceling Fri Oct 05 02:48:09 UTC 2018
------------------ testing $PTII/ptolemy/domains/de/test/auto/DepthTest7.xml
auto.tcl: Setting watchdog for 200 seconds at Fri Oct 05 02:48:10 UTC 2018
7 ms. Memory: 208384K Free: 195677K (94%)
ptolemy.util.test.WatchDog.cancel(): canceling Fri Oct 05 02:48:10 UTC 2018
auto.tcl: Setting watchdog for 200 seconds at Fri Oct 05 02:48:10 UTC 2018
3 ms. Memory: 208384K Free: 195677K (94%)
ptolemy.util.test.WatchDog.cancel(): canceling Fri Oct 05 02:48:10 UTC 2018
------------------ testing $PTII/ptolemy/domains/de/test/auto/EventToDate.xml
auto.tcl: Setting watchdog for 200 seconds at Fri Oct 05 02:48:10 UTC 2018
3007 ms. Memory: 208384K Free: 185236K (89%)
ptolemy.util.test.WatchDog.cancel(): canceling Fri Oct 05 02:48:13 UTC 2018
auto.tcl: Setting watchdog for 200 seconds at Fri Oct 05 02:48:13 UTC 2018
3004 ms. Memory: 208384K Free: 185236K (89%)
ptolemy.util.test.WatchDog.cancel(): canceling Fri Oct 05 02:48:16 UTC 2018
------------------ testing $PTII/ptolemy/domains/de/test/auto/FSM1.xml
auto.tcl: Setting watchdog for 200 seconds at Fri Oct 05 02:48:16 UTC 2018
55 ms. Memory: 208384K Free: 188743K (91%)
ptolemy.util.test.WatchDog.cancel(): canceling Fri Oct 05 02:48:16 UTC 2018
auto.tcl: Setting watchdog for 200 seconds at Fri Oct 05 02:48:16 UTC 2018
32 ms. Memory: 208384K Free: 184558K (89%)
ptolemy.util.test.WatchDog.cancel(): canceling Fri Oct 05 02:48:16 UTC 2018
------------------ testing $PTII/ptolemy/domains/de/test/auto/FSM7.xml
auto.tcl: Setting watchdog for 200 seconds at Fri Oct 05 02:48:16 UTC 2018
31 ms. Memory: 208384K Free: 186854K (90%)
ptolemy.util.test.WatchDog.cancel(): canceling Fri Oct 05 02:48:16 UTC 2018
auto.tcl: Setting watchdog for 200 seconds at Fri Oct 05 02:48:16 UTC 2018
29 ms. Memory: 208384K Free: 184762K (89%)
ptolemy.util.test.WatchDog.cancel(): canceling Fri Oct 05 02:48:16 UTC 2018
------------------ testing $PTII/ptolemy/domains/de/test/auto/Inspection.xml
auto.tcl: Setting watchdog for 200 seconds at Fri Oct 05 02:48:16 UTC 2018
46 ms. Memory: 208384K Free: 188404K (90%)
ptolemy.util.test.WatchDog.cancel(): canceling Fri Oct 05 02:48:16 UTC 2018
auto.tcl: Setting watchdog for 200 seconds at Fri Oct 05 02:48:16 UTC 2018
30 ms. Memory: 208384K Free: 185973K (89%)
ptolemy.util.test.WatchDog.cancel(): canceling Fri Oct 05 02:48:16 UTC 2018
------------------ testing $PTII/ptolemy/domains/de/test/auto/Iteration.xml
auto.tcl: Setting watchdog for 200 seconds at Fri Oct 05 02:48:16 UTC 2018
8 ms. Memory: 208384K Free: 195480K (94%)
ptolemy.util.test.WatchDog.cancel(): canceling Fri Oct 05 02:48:16 UTC 2018
auto.tcl: Setting watchdog for 200 seconds at Fri Oct 05 02:48:16 UTC 2018
9 ms. Memory: 208384K Free: 193388K (93%)
ptolemy.util.test.WatchDog.cancel(): canceling Fri Oct 05 02:48:16 UTC 2018
------------------ testing $PTII/ptolemy/domains/de/test/auto/LineFault.xml
auto.tcl: Setting watchdog for 200 seconds at Fri Oct 05 02:48:16 UTC 2018
770 ms. Memory: 208384K Free: 195657K (94%)
ptolemy.util.test.WatchDog.cancel(): canceling Fri Oct 05 02:48:17 UTC 2018
auto.tcl: Setting watchdog for 200 seconds at Fri Oct 05 02:48:17 UTC 2018
602 ms. Memory: 208384K Free: 138534K (66%)
ptolemy.util.test.WatchDog.cancel(): canceling Fri Oct 05 02:48:18 UTC 2018
------------------ testing $PTII/ptolemy/domains/de/test/auto/MergeModel1Add.xml
auto.tcl: Setting watchdog for 200 seconds at Fri Oct 05 02:48:18 UTC 2018
15 ms. Memory: 331264K Free: 298284K (90%)
ptolemy.util.test.WatchDog.cancel(): canceling Fri Oct 05 02:48:18 UTC 2018
auto.tcl: Setting watchdog for 200 seconds at Fri Oct 05 02:48:18 UTC 2018
15 ms. Memory: 331264K Free: 298284K (90%)
ptolemy.util.test.WatchDog.cancel(): canceling Fri Oct 05 02:48:18 UTC 2018
------------------ testing $PTII/ptolemy/domains/de/test/auto/MergeModel2Add.xml
auto.tcl: Setting watchdog for 200 seconds at Fri Oct 05 02:48:18 UTC 2018
10 ms. Memory: 331264K Free: 303568K (92%)
ptolemy.util.test.WatchDog.cancel(): canceling Fri Oct 05 02:48:18 UTC 2018
auto.tcl: Setting watchdog for 200 seconds at Fri Oct 05 02:48:18 UTC 2018
8 ms. Memory: 331264K Free: 299622K (90%)
ptolemy.util.test.WatchDog.cancel(): canceling Fri Oct 05 02:48:18 UTC 2018
------------------ testing $PTII/ptolemy/domains/de/test/auto/MergeModel3Add.xml
auto.tcl: Setting watchdog for 200 seconds at Fri Oct 05 02:48:18 UTC 2018
11 ms. Memory: 331264K Free: 303578K (92%)
ptolemy.util.test.WatchDog.cancel(): canceling Fri Oct 05 02:48:18 UTC 2018
auto.tcl: Setting watchdog for 200 seconds at Fri Oct 05 02:48:18 UTC 2018
8 ms. Memory: 331264K Free: 299632K (90%)
ptolemy.util.test.WatchDog.cancel(): canceling Fri Oct 05 02:48:19 UTC 2018
------------------ testing $PTII/ptolemy/domains/de/test/auto/MergeWithoutDiscard.xml
auto.tcl: Setting watchdog for 200 seconds at Fri Oct 05 02:48:19 UTC 2018
11 ms. Memory: 331264K Free: 319358K (96%)
ptolemy.util.test.WatchDog.cancel(): canceling Fri Oct 05 02:48:19 UTC 2018
auto.tcl: Setting watchdog for 200 seconds at Fri Oct 05 02:48:19 UTC 2018
2 ms. Memory: 331264K Free: 315412K (95%)
ptolemy.util.test.WatchDog.cancel(): canceling Fri Oct 05 02:48:19 UTC 2018
------------------ testing $PTII/ptolemy/domains/de/test/auto/Modal1.xml
auto.tcl: Setting watchdog for 200 seconds at Fri Oct 05 02:48:19 UTC 2018
26 ms. Memory: 331264K Free: 309322K (93%)
ptolemy.util.test.WatchDog.cancel(): canceling Fri Oct 05 02:48:19 UTC 2018
auto.tcl: Setting watchdog for 200 seconds at Fri Oct 05 02:48:19 UTC 2018
21 ms. Memory: 331264K Free: 305376K (92%)
ptolemy.util.test.WatchDog.cancel(): canceling Fri Oct 05 02:48:19 UTC 2018
------------------ testing $PTII/ptolemy/domains/de/test/auto/Modal2.xml
auto.tcl: Setting watchdog for 200 seconds at Fri Oct 05 02:48:19 UTC 2018
18 ms. Memory: 331264K Free: 309193K (93%)
ptolemy.util.test.WatchDog.cancel(): canceling Fri Oct 05 02:48:19 UTC 2018
auto.tcl: Setting watchdog for 200 seconds at Fri Oct 05 02:48:19 UTC 2018
22 ms. Memory: 331264K Free: 305247K (92%)
ptolemy.util.test.WatchDog.cancel(): canceling Fri Oct 05 02:48:19 UTC 2018
------------------ testing $PTII/ptolemy/domains/de/test/auto/Modal3.xml
auto.tcl: Setting watchdog for 200 seconds at Fri Oct 05 02:48:19 UTC 2018
11 ms. Memory: 331264K Free: 309254K (93%)
ptolemy.util.test.WatchDog.cancel(): canceling Fri Oct 05 02:48:19 UTC 2018
auto.tcl: Setting watchdog for 200 seconds at Fri Oct 05 02:48:19 UTC 2018
11 ms. Memory: 331264K Free: 305308K (92%)
ptolemy.util.test.WatchDog.cancel(): canceling Fri Oct 05 02:48:19 UTC 2018
------------------ testing $PTII/ptolemy/domains/de/test/auto/Modal4.xml
auto.tcl: Setting watchdog for 200 seconds at Fri Oct 05 02:48:19 UTC 2018
17 ms. Memory: 331264K Free: 308981K (93%)
ptolemy.util.test.WatchDog.cancel(): canceling Fri Oct 05 02:48:19 UTC 2018
auto.tcl: Setting watchdog for 200 seconds at Fri Oct 05 02:48:19 UTC 2018
18 ms. Memory: 331264K Free: 305035K (92%)
ptolemy.util.test.WatchDog.cancel(): canceling Fri Oct 05 02:48:19 UTC 2018
------------------ testing $PTII/ptolemy/domains/de/test/auto/Modal5.xml
auto.tcl: Setting watchdog for 200 seconds at Fri Oct 05 02:48:19 UTC 2018
17 ms. Memory: 331264K Free: 308968K (93%)
ptolemy.util.test.WatchDog.cancel(): canceling Fri Oct 05 02:48:19 UTC 2018
auto.tcl: Setting watchdog for 200 seconds at Fri Oct 05 02:48:19 UTC 2018
14 ms. Memory: 331264K Free: 305023K (92%)
ptolemy.util.test.WatchDog.cancel(): canceling Fri Oct 05 02:48:19 UTC 2018
------------------ testing $PTII/ptolemy/domains/de/test/auto/Modal6.xml
auto.tcl: Setting watchdog for 200 seconds at Fri Oct 05 02:48:19 UTC 2018
14 ms. Memory: 331264K Free: 308966K (93%)
ptolemy.util.test.WatchDog.cancel(): canceling Fri Oct 05 02:48:19 UTC 2018
auto.tcl: Setting watchdog for 200 seconds at Fri Oct 05 02:48:19 UTC 2018
15 ms. Memory: 331264K Free: 305020K (92%)
ptolemy.util.test.WatchDog.cancel(): canceling Fri Oct 05 02:48:19 UTC 2018
------------------ testing $PTII/ptolemy/domains/de/test/auto/Modal7.xml
auto.tcl: Setting watchdog for 200 seconds at Fri Oct 05 02:48:19 UTC 2018
11 ms. Memory: 331264K Free: 308966K (93%)
ptolemy.util.test.WatchDog.cancel(): canceling Fri Oct 05 02:48:19 UTC 2018
auto.tcl: Setting watchdog for 200 seconds at Fri Oct 05 02:48:19 UTC 2018
12 ms. Memory: 331264K Free: 305020K (92%)
ptolemy.util.test.WatchDog.cancel(): canceling Fri Oct 05 02:48:19 UTC 2018
------------------ testing $PTII/ptolemy/domains/de/test/auto/ModalModel.xml
auto.tcl: Setting watchdog for 200 seconds at Fri Oct 05 02:48:19 UTC 2018
174 ms. Memory: 331264K Free: 247944K (75%)
ptolemy.util.test.WatchDog.cancel(): canceling Fri Oct 05 02:48:20 UTC 2018
auto.tcl: Setting watchdog for 200 seconds at Fri Oct 05 02:48:20 UTC 2018
195 ms. Memory: 331264K Free: 192702K (58%)
ptolemy.util.test.WatchDog.cancel(): canceling Fri Oct 05 02:48:20 UTC 2018
------------------ testing $PTII/ptolemy/domains/de/test/auto/ModalSource.xml
auto.tcl: Setting watchdog for 200 seconds at Fri Oct 05 02:48:20 UTC 2018
10 ms. Memory: 331264K Free: 315715K (95%)
ptolemy.util.test.WatchDog.cancel(): canceling Fri Oct 05 02:48:20 UTC 2018
auto.tcl: Setting watchdog for 200 seconds at Fri Oct 05 02:48:20 UTC 2018
7 ms. Memory: 331264K Free: 312184K (94%)
ptolemy.util.test.WatchDog.cancel(): canceling Fri Oct 05 02:48:20 UTC 2018
------------------ testing $PTII/ptolemy/domains/de/test/auto/NonInterruptibleTimerZeroDelay.xml
auto.tcl: Setting watchdog for 200 seconds at Fri Oct 05 02:48:20 UTC 2018
4 ms. Memory: 331264K Free: 320085K (97%)
ptolemy.util.test.WatchDog.cancel(): canceling Fri Oct 05 02:48:20 UTC 2018
auto.tcl: Setting watchdog for 200 seconds at Fri Oct 05 02:48:20 UTC 2018
2 ms. Memory: 331264K Free: 316554K (96%)
ptolemy.util.test.WatchDog.cancel(): canceling Fri Oct 05 02:48:20 UTC 2018
------------------ testing $PTII/ptolemy/domains/de/test/auto/OpenQueueingNetwork.xml
auto.tcl: Setting watchdog for 200 seconds at Fri Oct 05 02:48:20 UTC 2018
3388 ms. Memory: 573952K Free: 399607K (70%)
ptolemy.util.test.WatchDog.cancel(): canceling Fri Oct 05 02:48:24 UTC 2018
auto.tcl: Setting watchdog for 200 seconds at Fri Oct 05 02:48:24 UTC 2018
2887 ms. Memory: 550912K Free: 292945K (53%)
ptolemy.util.test.WatchDog.cancel(): canceling Fri Oct 05 02:48:27 UTC 2018
------------------ testing $PTII/ptolemy/domains/de/test/auto/OpenQueuingNetwork.xml
auto.tcl: Setting watchdog for 200 seconds at Fri Oct 05 02:48:27 UTC 2018
254 ms. Memory: 549888K Free: 444138K (81%)
ptolemy.util.test.WatchDog.cancel(): canceling Fri Oct 05 02:48:27 UTC 2018
auto.tcl: Setting watchdog for 200 seconds at Fri Oct 05 02:48:27 UTC 2018
259 ms. Memory: 549888K Free: 384053K (70%)
ptolemy.util.test.WatchDog.cancel(): canceling Fri Oct 05 02:48:27 UTC 2018
------------------ testing $PTII/ptolemy/domains/de/test/auto/PeriodicSampler.xml
auto.tcl: Setting watchdog for 200 seconds at Fri Oct 05 02:48:27 UTC 2018
3 ms. Memory: 551936K Free: 530105K (96%)
ptolemy.util.test.WatchDog.cancel(): canceling Fri Oct 05 02:48:27 UTC 2018
auto.tcl: Setting watchdog for 200 seconds at Fri Oct 05 02:48:27 UTC 2018
2 ms. Memory: 551936K Free: 530105K (96%)
ptolemy.util.test.WatchDog.cancel(): canceling Fri Oct 05 02:48:27 UTC 2018
------------------ testing $PTII/ptolemy/domains/de/test/auto/PersistentIO.xml
auto.tcl: Setting watchdog for 200 seconds at Fri Oct 05 02:48:27 UTC 2018
8 ms. Memory: 549376K Free: 521467K (95%)
ptolemy.util.test.WatchDog.cancel(): canceling Fri Oct 05 02:48:28 UTC 2018
auto.tcl: Setting watchdog for 200 seconds at Fri Oct 05 02:48:28 UTC 2018
3 ms. Memory: 549376K Free: 521467K (95%)
ptolemy.util.test.WatchDog.cancel(): canceling Fri Oct 05 02:48:28 UTC 2018
------------------ testing $PTII/ptolemy/domains/de/test/auto/PortParameterResetOnInitialize.xml
auto.tcl: Setting watchdog for 200 seconds at Fri Oct 05 02:48:28 UTC 2018
2 ms. Memory: 551424K Free: 530053K (96%)
ptolemy.util.test.WatchDog.cancel(): canceling Fri Oct 05 02:48:28 UTC 2018
auto.tcl: Setting watchdog for 200 seconds at Fri Oct 05 02:48:28 UTC 2018
2 ms. Memory: 551424K Free: 530053K (96%)
ptolemy.util.test.WatchDog.cancel(): canceling Fri Oct 05 02:48:28 UTC 2018
------------------ testing $PTII/ptolemy/domains/de/test/auto/PortParameterUpdates.xml
auto.tcl: Setting watchdog for 200 seconds at Fri Oct 05 02:48:28 UTC 2018
5 ms. Memory: 549376K Free: 532818K (97%)
ptolemy.util.test.WatchDog.cancel(): canceling Fri Oct 05 02:48:28 UTC 2018
auto.tcl: Setting watchdog for 200 seconds at Fri Oct 05 02:48:28 UTC 2018
4 ms. Memory: 549376K Free: 526142K (96%)
ptolemy.util.test.WatchDog.cancel(): canceling Fri Oct 05 02:48:28 UTC 2018
------------------ testing $PTII/ptolemy/domains/de/test/auto/QueueAndServer.xml
auto.tcl: Setting watchdog for 200 seconds at Fri Oct 05 02:48:28 UTC 2018
6 ms. Memory: 551424K Free: 534598K (97%)
ptolemy.util.test.WatchDog.cancel(): canceling Fri Oct 05 02:48:28 UTC 2018
auto.tcl: Setting watchdog for 200 seconds at Fri Oct 05 02:48:28 UTC 2018
6 ms. Memory: 551424K Free: 527922K (96%)
ptolemy.util.test.WatchDog.cancel(): canceling Fri Oct 05 02:48:28 UTC 2018
------------------ testing $PTII/ptolemy/domains/de/test/auto/Records.xml
auto.tcl: Setting watchdog for 200 seconds at Fri Oct 05 02:48:28 UTC 2018
3 ms. Memory: 549376K Free: 532493K (97%)
ptolemy.util.test.WatchDog.cancel(): canceling Fri Oct 05 02:48:28 UTC 2018
auto.tcl: Setting watchdog for 200 seconds at Fri Oct 05 02:48:28 UTC 2018
1 ms. Memory: 549376K Free: 532493K (97%)
ptolemy.util.test.WatchDog.cancel(): canceling Fri Oct 05 02:48:28 UTC 2018
------------------ testing $PTII/ptolemy/domains/de/test/auto/ResetTransitionWithStartTime1.xml
auto.tcl: Setting watchdog for 200 seconds at Fri Oct 05 02:48:28 UTC 2018
7 ms. Memory: 551424K Free: 528121K (96%)
ptolemy.util.test.WatchDog.cancel(): canceling Fri Oct 05 02:48:28 UTC 2018
auto.tcl: Setting watchdog for 200 seconds at Fri Oct 05 02:48:28 UTC 2018
6 ms. Memory: 551424K Free: 527891K (96%)
ptolemy.util.test.WatchDog.cancel(): canceling Fri Oct 05 02:48:28 UTC 2018
------------------ testing $PTII/ptolemy/domains/de/test/auto/ResetTransitionWithStartTime2.xml
auto.tcl: Setting watchdog for 200 seconds at Fri Oct 05 02:48:28 UTC 2018
6 ms. Memory: 549376K Free: 526063K (96%)
ptolemy.util.test.WatchDog.cancel(): canceling Fri Oct 05 02:48:28 UTC 2018
auto.tcl: Setting watchdog for 200 seconds at Fri Oct 05 02:48:28 UTC 2018
9 ms. Memory: 549376K Free: 526063K (96%)
ptolemy.util.test.WatchDog.cancel(): canceling Fri Oct 05 02:48:28 UTC 2018
------------------ testing $PTII/ptolemy/domains/de/test/auto/ResetTransitionWithStartTime3.xml
auto.tcl: Setting watchdog for 200 seconds at Fri Oct 05 02:48:28 UTC 2018
9 ms. Memory: 550912K Free: 527368K (96%)
ptolemy.util.test.WatchDog.cancel(): canceling Fri Oct 05 02:48:28 UTC 2018
auto.tcl: Setting watchdog for 200 seconds at Fri Oct 05 02:48:28 UTC 2018
6 ms. Memory: 550912K Free: 527368K (96%)
ptolemy.util.test.WatchDog.cancel(): canceling Fri Oct 05 02:48:28 UTC 2018
------------------ testing $PTII/ptolemy/domains/de/test/auto/ResetTransitionWithStartTime4.xml
auto.tcl: Setting watchdog for 200 seconds at Fri Oct 05 02:48:28 UTC 2018
4 ms. Memory: 549376K Free: 525831K (96%)
ptolemy.util.test.WatchDog.cancel(): canceling Fri Oct 05 02:48:28 UTC 2018
auto.tcl: Setting watchdog for 200 seconds at Fri Oct 05 02:48:28 UTC 2018
4 ms. Memory: 549376K Free: 525831K (96%)
ptolemy.util.test.WatchDog.cancel(): canceling Fri Oct 05 02:48:28 UTC 2018
------------------ testing $PTII/ptolemy/domains/de/test/auto/ResettableTimer1.xml
auto.tcl: Setting watchdog for 200 seconds at Fri Oct 05 02:48:28 UTC 2018
2 ms. Memory: 550912K Free: 534039K (97%)
ptolemy.util.test.WatchDog.cancel(): canceling Fri Oct 05 02:48:28 UTC 2018
auto.tcl: Setting watchdog for 200 seconds at Fri Oct 05 02:48:28 UTC 2018
2 ms. Memory: 550912K Free: 534039K (97%)
ptolemy.util.test.WatchDog.cancel(): canceling Fri Oct 05 02:48:28 UTC 2018
------------------ testing $PTII/ptolemy/domains/de/test/auto/ResettableTimer2.xml
auto.tcl: Setting watchdog for 200 seconds at Fri Oct 05 02:48:28 UTC 2018
2 ms. Memory: 549376K Free: 532791K (97%)
ptolemy.util.test.WatchDog.cancel(): canceling Fri Oct 05 02:48:28 UTC 2018
auto.tcl: Setting watchdog for 200 seconds at Fri Oct 05 02:48:28 UTC 2018
2 ms. Memory: 549376K Free: 532791K (97%)
ptolemy.util.test.WatchDog.cancel(): canceling Fri Oct 05 02:48:28 UTC 2018
------------------ testing $PTII/ptolemy/domains/de/test/auto/ResettableTimer3.xml
auto.tcl: Setting watchdog for 200 seconds at Fri Oct 05 02:48:28 UTC 2018
2 ms. Memory: 550912K Free: 534096K (97%)
ptolemy.util.test.WatchDog.cancel(): canceling Fri Oct 05 02:48:28 UTC 2018
auto.tcl: Setting watchdog for 200 seconds at Fri Oct 05 02:48:28 UTC 2018
1 ms. Memory: 550912K Free: 534096K (97%)
ptolemy.util.test.WatchDog.cancel(): canceling Fri Oct 05 02:48:28 UTC 2018
------------------ testing $PTII/ptolemy/domains/de/test/auto/ResettableTimer4.xml
auto.tcl: Setting watchdog for 200 seconds at Fri Oct 05 02:48:28 UTC 2018
2 ms. Memory: 549376K Free: 532803K (97%)
ptolemy.util.test.WatchDog.cancel(): canceling Fri Oct 05 02:48:28 UTC 2018
auto.tcl: Setting watchdog for 200 seconds at Fri Oct 05 02:48:28 UTC 2018
1 ms. Memory: 549376K Free: 532803K (97%)
ptolemy.util.test.WatchDog.cancel(): canceling Fri Oct 05 02:48:28 UTC 2018
------------------ testing $PTII/ptolemy/domains/de/test/auto/ResettableTimer5.xml
auto.tcl: Setting watchdog for 200 seconds at Fri Oct 05 02:48:28 UTC 2018
1 ms. Memory: 550400K Free: 528916K (96%)
ptolemy.util.test.WatchDog.cancel(): canceling Fri Oct 05 02:48:28 UTC 2018
auto.tcl: Setting watchdog for 200 seconds at Fri Oct 05 02:48:28 UTC 2018
2 ms. Memory: 550400K Free: 528916K (96%)
ptolemy.util.test.WatchDog.cancel(): canceling Fri Oct 05 02:48:28 UTC 2018
------------------ testing $PTII/ptolemy/domains/de/test/auto/ResettableTimer6.xml
auto.tcl: Setting watchdog for 200 seconds at Fri Oct 05 02:48:29 UTC 2018
1 ms. Memory: 549376K Free: 532521K (97%)
ptolemy.util.test.WatchDog.cancel(): canceling Fri Oct 05 02:48:29 UTC 2018
auto.tcl: Setting watchdog for 200 seconds at Fri Oct 05 02:48:29 UTC 2018
1 ms. Memory: 549376K Free: 532521K (97%)
ptolemy.util.test.WatchDog.cancel(): canceling Fri Oct 05 02:48:29 UTC 2018
------------------ testing $PTII/ptolemy/domains/de/test/auto/ServerZeroDelay.xml
auto.tcl: Setting watchdog for 200 seconds at Fri Oct 05 02:48:29 UTC 2018
4 ms. Memory: 550400K Free: 533765K (97%)
ptolemy.util.test.WatchDog.cancel(): canceling Fri Oct 05 02:48:29 UTC 2018
auto.tcl: Setting watchdog for 200 seconds at Fri Oct 05 02:48:29 UTC 2018
2 ms. Memory: 550400K Free: 533765K (97%)
ptolemy.util.test.WatchDog.cancel(): canceling Fri Oct 05 02:48:29 UTC 2018
------------------ testing $PTII/ptolemy/domains/de/test/auto/SmartSender.xml
auto.tcl: Setting watchdog for 200 seconds at Fri Oct 05 02:48:29 UTC 2018
3002 ms. Memory: 549376K Free: 532737K (97%)
ptolemy.util.test.WatchDog.cancel(): canceling Fri Oct 05 02:48:32 UTC 2018
auto.tcl: Setting watchdog for 200 seconds at Fri Oct 05 02:48:32 UTC 2018
3002 ms. Memory: 549376K Free: 532737K (97%)
ptolemy.util.test.WatchDog.cancel(): canceling Fri Oct 05 02:48:35 UTC 2018
------------------ testing $PTII/ptolemy/domains/de/test/auto/ThreadedComposite.xml
auto.tcl: Setting watchdog for 200 seconds at Fri Oct 05 02:48:35 UTC 2018
217 ms. Memory: 550400K Free: 512829K (93%)
ptolemy.util.test.WatchDog.cancel(): canceling Fri Oct 05 02:48:35 UTC 2018
auto.tcl: Setting watchdog for 200 seconds at Fri Oct 05 02:48:35 UTC 2018
119 ms. Memory: 550400K Free: 496794K (90%)
ptolemy.util.test.WatchDog.cancel(): canceling Fri Oct 05 02:48:35 UTC 2018
------------------ testing $PTII/ptolemy/domains/de/test/auto/Time.xml
auto.tcl: Setting watchdog for 200 seconds at Fri Oct 05 02:48:35 UTC 2018
536 ms. Memory: 549376K Free: 480755K (88%)
ptolemy.util.test.WatchDog.cancel(): canceling Fri Oct 05 02:48:36 UTC 2018
auto.tcl: Setting watchdog for 200 seconds at Fri Oct 05 02:48:36 UTC 2018
466 ms. Memory: 549376K Free: 427347K (78%)
ptolemy.util.test.WatchDog.cancel(): canceling Fri Oct 05 02:48:36 UTC 2018
------------------ testing $PTII/ptolemy/domains/de/test/auto/TimeDelayZeroDelay.xml
auto.tcl: Setting watchdog for 200 seconds at Fri Oct 05 02:48:36 UTC 2018
2 ms. Memory: 550400K Free: 533450K (97%)
ptolemy.util.test.WatchDog.cancel(): canceling Fri Oct 05 02:48:36 UTC 2018
auto.tcl: Setting watchdog for 200 seconds at Fri Oct 05 02:48:36 UTC 2018
2 ms. Memory: 550400K Free: 533450K (97%)
ptolemy.util.test.WatchDog.cancel(): canceling Fri Oct 05 02:48:36 UTC 2018
------------------ testing $PTII/ptolemy/domains/de/test/auto/TimerZeroDelay.xml
auto.tcl: Setting watchdog for 200 seconds at Fri Oct 05 02:48:36 UTC 2018
2 ms. Memory: 549376K Free: 532700K (97%)
ptolemy.util.test.WatchDog.cancel(): canceling Fri Oct 05 02:48:36 UTC 2018
auto.tcl: Setting watchdog for 200 seconds at Fri Oct 05 02:48:36 UTC 2018
2 ms. Memory: 549376K Free: 532700K (97%)
ptolemy.util.test.WatchDog.cancel(): canceling Fri Oct 05 02:48:36 UTC 2018
------------------ testing $PTII/ptolemy/domains/de/test/auto/TimingParadox.xml
auto.tcl: Setting watchdog for 200 seconds at Fri Oct 05 02:48:36 UTC 2018
315 ms. Memory: 549888K Free: 466844K (85%)
ptolemy.util.test.WatchDog.cancel(): canceling Fri Oct 05 02:48:37 UTC 2018
auto.tcl: Setting watchdog for 200 seconds at Fri Oct 05 02:48:37 UTC 2018
283 ms. Memory: 549888K Free: 433464K (79%)
ptolemy.util.test.WatchDog.cancel(): canceling Fri Oct 05 02:48:37 UTC 2018
------------------ testing $PTII/ptolemy/domains/de/test/auto/TransferInputs.xml
auto.tcl: Setting watchdog for 200 seconds at Fri Oct 05 02:48:37 UTC 2018
2 ms. Memory: 549888K Free: 532112K (97%)
ptolemy.util.test.WatchDog.cancel(): canceling Fri Oct 05 02:48:37 UTC 2018
auto.tcl: Setting watchdog for 200 seconds at Fri Oct 05 02:48:37 UTC 2018
1 ms. Memory: 549888K Free: 532112K (97%)
ptolemy.util.test.WatchDog.cancel(): canceling Fri Oct 05 02:48:37 UTC 2018
------------------ testing $PTII/ptolemy/domains/de/test/auto/TransferOutputs2.xml
auto.tcl: Setting watchdog for 200 seconds at Fri Oct 05 02:48:37 UTC 2018
3 ms. Memory: 549376K Free: 521347K (95%)
ptolemy.util.test.WatchDog.cancel(): canceling Fri Oct 05 02:48:37 UTC 2018
auto.tcl: Setting watchdog for 200 seconds at Fri Oct 05 02:48:37 UTC 2018
3 ms. Memory: 549376K Free: 521347K (95%)
ptolemy.util.test.WatchDog.cancel(): canceling Fri Oct 05 02:48:37 UTC 2018
------------------ testing $PTII/ptolemy/domains/de/test/auto/Trilateration.xml
auto.tcl: Setting watchdog for 200 seconds at Fri Oct 05 02:48:37 UTC 2018
14367 ms. Memory: 766976K Free: 215602K (28%)
ptolemy.util.test.WatchDog.cancel(): canceling Fri Oct 05 02:48:53 UTC 2018
auto.tcl: Setting watchdog for 200 seconds at Fri Oct 05 02:48:53 UTC 2018
11420 ms. Memory: 623104K Free: 585250K (94%)
ptolemy.util.test.WatchDog.cancel(): canceling Fri Oct 05 02:49:04 UTC 2018
------------------ testing $PTII/ptolemy/domains/de/test/auto/TwoSigmaDelta.xml
auto.tcl: Setting watchdog for 200 seconds at Fri Oct 05 02:49:04 UTC 2018
3044 ms. Memory: 619520K Free: 292441K (47%)
ptolemy.util.test.WatchDog.cancel(): canceling Fri Oct 05 02:49:07 UTC 2018
auto.tcl: Setting watchdog for 200 seconds at Fri Oct 05 02:49:07 UTC 2018
2304 ms. Memory: 598016K Free: 572120K (96%)
ptolemy.util.test.WatchDog.cancel(): canceling Fri Oct 05 02:49:10 UTC 2018
------------------ testing $PTII/ptolemy/domains/de/test/auto/VariableDelay.xml
auto.tcl: Setting watchdog for 200 seconds at Fri Oct 05 02:49:10 UTC 2018
5 ms. Memory: 594432K Free: 570439K (96%)
ptolemy.util.test.WatchDog.cancel(): canceling Fri Oct 05 02:49:10 UTC 2018
auto.tcl: Setting watchdog for 200 seconds at Fri Oct 05 02:49:10 UTC 2018
3 ms. Memory: 594432K Free: 570439K (96%)
ptolemy.util.test.WatchDog.cancel(): canceling Fri Oct 05 02:49:10 UTC 2018
------------------ testing $PTII/ptolemy/domains/de/test/auto/VariableDelay2.xml
auto.tcl: Setting watchdog for 200 seconds at Fri Oct 05 02:49:10 UTC 2018
3 ms. Memory: 597504K Free: 573916K (96%)
ptolemy.util.test.WatchDog.cancel(): canceling Fri Oct 05 02:49:10 UTC 2018
auto.tcl: Setting watchdog for 200 seconds at Fri Oct 05 02:49:10 UTC 2018
2 ms. Memory: 597504K Free: 573916K (96%)
ptolemy.util.test.WatchDog.cancel(): canceling Fri Oct 05 02:49:10 UTC 2018
------------------ testing $PTII/ptolemy/domains/de/test/auto/VariableDelayZeroDelay.xml
auto.tcl: Setting watchdog for 200 seconds at Fri Oct 05 02:49:10 UTC 2018
3 ms. Memory: 594432K Free: 570843K (96%)
ptolemy.util.test.WatchDog.cancel(): canceling Fri Oct 05 02:49:10 UTC 2018
auto.tcl: Setting watchdog for 200 seconds at Fri Oct 05 02:49:10 UTC 2018
1 ms. Memory: 594432K Free: 570843K (96%)
ptolemy.util.test.WatchDog.cancel(): canceling Fri Oct 05 02:49:10 UTC 2018
------------------ testing $PTII/ptolemy/domains/de/test/auto/VariableDelayZeroDelay2.xml
auto.tcl: Setting watchdog for 200 seconds at Fri Oct 05 02:49:10 UTC 2018
2 ms. Memory: 596992K Free: 573402K (96%)
ptolemy.util.test.WatchDog.cancel(): canceling Fri Oct 05 02:49:10 UTC 2018
auto.tcl: Setting watchdog for 200 seconds at Fri Oct 05 02:49:10 UTC 2018
2 ms. Memory: 596992K Free: 573402K (96%)
ptolemy.util.test.WatchDog.cancel(): canceling Fri Oct 05 02:49:10 UTC 2018
------------------ testing $PTII/ptolemy/domains/de/test/auto/deInCt.xml
auto.tcl: Setting watchdog for 200 seconds at Fri Oct 05 02:49:10 UTC 2018
0
1
1
1
1
0
0
0
0
0
1
1
1
0
0
0
0
0
0
1
1
1
1
0
0
0
1
1
1
0
0
0
0
10 ms. Memory: 594432K Free: 570810K (96%)
ptolemy.util.test.WatchDog.cancel(): canceling Fri Oct 05 02:49:10 UTC 2018
auto.tcl: Setting watchdog for 200 seconds at Fri Oct 05 02:49:10 UTC 2018
0
1
1
1
0
0
0
1
1
1
0
0
0
1
1
1
0
0
0
1
1
1
1
1
0
0
0
0
0
1
1
1
1
0
0
0
1
1
1
1
1
6 ms. Memory: 594432K Free: 570810K (96%)
ptolemy.util.test.WatchDog.cancel(): canceling Fri Oct 05 02:49:10 UTC 2018
------------------ testing $PTII/ptolemy/domains/de/test/auto/deInCt2.xml
auto.tcl: Setting watchdog for 200 seconds at Fri Oct 05 02:49:10 UTC 2018
0
1
1
1
0
0
1
1
1
0
0
1
1
1
0
0
1
1
1
0
0
1
1
1
0
0
1
1
1
0
0
1
1
1
0
0
1
1
1
0
0
0
9 ms. Memory: 596480K Free: 572858K (96%)
ptolemy.util.test.WatchDog.cancel(): canceling Fri Oct 05 02:49:10 UTC 2018
auto.tcl: Setting watchdog for 200 seconds at Fri Oct 05 02:49:10 UTC 2018
0
1
1
1
0
0
1
1
1
0
0
1
1
1
0
0
1
1
1
0
0
1
1
1
0
0
1
1
1
0
0
1
1
1
0
0
1
1
1
0
0
0
5 ms. Memory: 596480K Free: 572858K (96%)
ptolemy.util.test.WatchDog.cancel(): canceling Fri Oct 05 02:49:10 UTC 2018
------------------ testing $PTII/ptolemy/domains/de/test/auto/dynamicCausalityInterface1.xml
auto.tcl: Setting watchdog for 200 seconds at Fri Oct 05 02:49:10 UTC 2018
4 ms. Memory: 594432K Free: 568079K (96%)
ptolemy.util.test.WatchDog.cancel(): canceling Fri Oct 05 02:49:10 UTC 2018
auto.tcl: Setting watchdog for 200 seconds at Fri Oct 05 02:49:10 UTC 2018
1 ms. Memory: 594432K Free: 568079K (96%)
ptolemy.util.test.WatchDog.cancel(): canceling Fri Oct 05 02:49:10 UTC 2018
------------------ testing $PTII/ptolemy/domains/de/test/auto/fsm_de_test.xml
auto.tcl: Setting watchdog for 200 seconds at Fri Oct 05 02:49:10 UTC 2018
13 ms. Memory: 596480K Free: 564884K (95%)
ptolemy.util.test.WatchDog.cancel(): canceling Fri Oct 05 02:49:10 UTC 2018
auto.tcl: Setting watchdog for 200 seconds at Fri Oct 05 02:49:10 UTC 2018
5 ms. Memory: 596480K Free: 564884K (95%)
ptolemy.util.test.WatchDog.cancel(): canceling Fri Oct 05 02:49:10 UTC 2018
------------------ testing $PTII/ptolemy/domains/de/test/auto/functionDependencyReconstruction.xml
auto.tcl: Setting watchdog for 200 seconds at Fri Oct 05 02:49:10 UTC 2018
2 ms. Memory: 594432K Free: 567927K (96%)
ptolemy.util.test.WatchDog.cancel(): canceling Fri Oct 05 02:49:10 UTC 2018
auto.tcl: Setting watchdog for 200 seconds at Fri Oct 05 02:49:10 UTC 2018
3 ms. Memory: 594432K Free: 560035K (94%)
ptolemy.util.test.WatchDog.cancel(): canceling Fri Oct 05 02:49:10 UTC 2018
------------------ testing $PTII/ptolemy/domains/de/test/auto/multirate.xml
auto.tcl: Setting watchdog for 200 seconds at Fri Oct 05 02:49:11 UTC 2018
3 ms. Memory: 595968K Free: 577261K (97%)
ptolemy.util.test.WatchDog.cancel(): canceling Fri Oct 05 02:49:11 UTC 2018
auto.tcl: Setting watchdog for 200 seconds at Fri Oct 05 02:49:11 UTC 2018
2 ms. Memory: 595968K Free: 577261K (97%)
ptolemy.util.test.WatchDog.cancel(): canceling Fri Oct 05 02:49:11 UTC 2018
------------------ testing $PTII/ptolemy/domains/de/test/auto/multirate2.xml
auto.tcl: Setting watchdog for 200 seconds at Fri Oct 05 02:49:11 UTC 2018
6 ms. Memory: 594432K Free: 570783K (96%)
ptolemy.util.test.WatchDog.cancel(): canceling Fri Oct 05 02:49:11 UTC 2018
auto.tcl: Setting watchdog for 200 seconds at Fri Oct 05 02:49:11 UTC 2018
2 ms. Memory: 594432K Free: 570783K (96%)
ptolemy.util.test.WatchDog.cancel(): canceling Fri Oct 05 02:49:11 UTC 2018
------------------ testing $PTII/ptolemy/domains/de/test/auto/realtime.xml
auto.tcl: Setting watchdog for 200 seconds at Fri Oct 05 02:49:11 UTC 2018
10002 ms. Memory: 595968K Free: 572289K (96%)
ptolemy.util.test.WatchDog.cancel(): canceling Fri Oct 05 02:49:21 UTC 2018
auto.tcl: Setting watchdog for 200 seconds at Fri Oct 05 02:49:21 UTC 2018
10002 ms. Memory: 595968K Free: 572289K (96%)
ptolemy.util.test.WatchDog.cancel(): canceling Fri Oct 05 02:49:31 UTC 2018
------------------ testing $PTII/ptolemy/domains/de/test/auto/relationGroup.xml
auto.tcl: Setting watchdog for 200 seconds at Fri Oct 05 02:49:31 UTC 2018
2 ms. Memory: 594432K Free: 575938K (97%)
ptolemy.util.test.WatchDog.cancel(): canceling Fri Oct 05 02:49:31 UTC 2018
auto.tcl: Setting watchdog for 200 seconds at Fri Oct 05 02:49:31 UTC 2018
2 ms. Memory: 594432K Free: 575938K (97%)
ptolemy.util.test.WatchDog.cancel(): canceling Fri Oct 05 02:49:31 UTC 2018
------------------ testing $PTII/ptolemy/domains/de/test/auto/relationGroup2.xml
auto.tcl: Setting watchdog for 200 seconds at Fri Oct 05 02:49:31 UTC 2018
1 ms. Memory: 595456K Free: 576988K (97%)
ptolemy.util.test.WatchDog.cancel(): canceling Fri Oct 05 02:49:31 UTC 2018
auto.tcl: Setting watchdog for 200 seconds at Fri Oct 05 02:49:31 UTC 2018
1 ms. Memory: 595456K Free: 576988K (97%)
ptolemy.util.test.WatchDog.cancel(): canceling Fri Oct 05 02:49:31 UTC 2018
------------------ testing $PTII/ptolemy/domains/de/test/auto/sortWithOpaquePorts.xml
auto.tcl: Setting watchdog for 200 seconds at Fri Oct 05 02:49:31 UTC 2018
2 ms. Memory: 594432K Free: 570835K (96%)
ptolemy.util.test.WatchDog.cancel(): canceling Fri Oct 05 02:49:31 UTC 2018
auto.tcl: Setting watchdog for 200 seconds at Fri Oct 05 02:49:31 UTC 2018
2 ms. Memory: 594432K Free: 570835K (96%)
ptolemy.util.test.WatchDog.cancel(): canceling Fri Oct 05 02:49:31 UTC 2018
------------------ testing $PTII/ptolemy/domains/de/test/auto/transferInputsandOutputs.xml
auto.tcl: Setting watchdog for 200 seconds at Fri Oct 05 02:49:31 UTC 2018
2 ms. Memory: 595456K Free: 571847K (96%)
ptolemy.util.test.WatchDog.cancel(): canceling Fri Oct 05 02:49:31 UTC 2018
auto.tcl: Setting watchdog for 200 seconds at Fri Oct 05 02:49:31 UTC 2018
2 ms. Memory: 595456K Free: 571847K (96%)
ptolemy.util.test.WatchDog.cancel(): canceling Fri Oct 05 02:49:31 UTC 2018
------------------ testing $PTII/ptolemy/domains/de/test/auto/triggerType.xml
auto.tcl: Setting watchdog for 200 seconds at Fri Oct 05 02:49:31 UTC 2018
1 ms. Memory: 594432K Free: 570773K (96%)
ptolemy.util.test.WatchDog.cancel(): canceling Fri Oct 05 02:49:31 UTC 2018
auto.tcl: Setting watchdog for 200 seconds at Fri Oct 05 02:49:31 UTC 2018
2 ms. Memory: 594432K Free: 570773K (96%)
ptolemy.util.test.WatchDog.cancel(): canceling Fri Oct 05 02:49:31 UTC 2018
10/05/18 02:49:31
Failed: 0  Total Tests: 192  ((Passed: 187, Newly Passed: 1)  Known Failed: 5) /home/travis/build/icyphy/ptII/ptolemy/domains/de/test
10/05/18 02:49:31
Failed: 0  Total Tests: 192  ((Passed: 187, Newly Passed: 1)  Known Failed: 5) /home/travis/build/icyphy/ptII/ptolemy/domains/de/test
----------------- testing (KnownFailure) /home/travis/build/icyphy/ptII/ptolemy/domains/de/test/auto/knownFailedTests/DESDFClockTest.xml
2010 ms. Memory: 595456K Free: 561561K (94%)
Known Failure: java.lang.reflect.InvocationTargetException
----------------- testing (KnownFailure) /home/travis/build/icyphy/ptII/ptolemy/domains/de/test/auto/knownFailedTests/DirectFeedback.xml
1 ms. Memory: 595456K Free: 520519K (87%)
Known Failure: java.lang.reflect.InvocationTargetException
----------------- testing (KnownFailure) /home/travis/build/icyphy/ptII/ptolemy/domains/de/test/auto/knownFailedTests/FSMSource.xml
6 ms. Memory: 595456K Free: 479476K (81%)
----------------- testing (KnownFailure) /home/travis/build/icyphy/ptII/ptolemy/domains/de/test/auto/knownFailedTests/HierarchicalModel.xml
3 ms. Memory: 595456K Free: 448687K (75%)
Known Failure: java.lang.reflect.InvocationTargetException
----------------- testing (KnownFailure) /home/travis/build/icyphy/ptII/ptolemy/domains/de/test/auto/knownFailedTests/dependencyLoop.xml
2 ms. Memory: 595456K Free: 397376K (67%)
Known Failure: java.lang.reflect.InvocationTargetException
----------------- testing (KnownFailure) /home/travis/build/icyphy/ptII/ptolemy/domains/de/test/auto/knownFailedTests/dependencyLoop2.xml
2 ms. Memory: 595456K Free: 346073K (58%)
Known Failure: java.lang.reflect.InvocationTargetException
No auto/linux-amd64/*.xml tests in /home/travis/build/icyphy/ptII/ptolemy/domains/de/test
AutoTests.java: About to close Vertx.
AutoTests.java: Vertx closed.

===========================================================================================
----------------- testing Fri Oct 05 02:49:33 UTC 2018 /home/travis/build/icyphy/ptII/ptolemy/domains/de/test/auto/ActorDepthCalculation_actorWithoutPorts.xml
----------------- Instantiating /home/travis/build/icyphy/ptII/ptolemy/domains/de/test/auto/ActorDepthCalculation_actorWithoutPorts.xml
2 ms. Memory: 595456K Free: 294771K (50%)
----------------- Invoking toplevel() on ptolemy.moml.MoMLSimpleApplication@49f2806d
----------------- Done invoking toplevel() on ptolemy.moml.MoMLSimpleApplication@49f2806d
reloadAllAccessors: .ActorDepthCalculation_actorWithoutPorts

===========================================================================================
----------------- testing Fri Oct 05 02:49:33 UTC 2018 /home/travis/build/icyphy/ptII/ptolemy/domains/de/test/auto/AssemblyLine.xml
----------------- Instantiating /home/travis/build/icyphy/ptII/ptolemy/domains/de/test/auto/AssemblyLine.xml
2 ms. Memory: 595456K Free: 274250K (46%)
----------------- Invoking toplevel() on ptolemy.moml.MoMLSimpleApplication@465390ce
----------------- Done invoking toplevel() on ptolemy.moml.MoMLSimpleApplication@465390ce
reloadAllAccessors: .AssemblyLine

===========================================================================================
----------------- testing Fri Oct 05 02:49:33 UTC 2018 /home/travis/build/icyphy/ptII/ptolemy/domains/de/test/auto/CQBug1.xml
----------------- Instantiating /home/travis/build/icyphy/ptII/ptolemy/domains/de/test/auto/CQBug1.xml
0 ms. Memory: 595456K Free: 253729K (43%)
----------------- Invoking toplevel() on ptolemy.moml.MoMLSimpleApplication@f09464e
----------------- Done invoking toplevel() on ptolemy.moml.MoMLSimpleApplication@f09464e
reloadAllAccessors: .CQBug1

===========================================================================================
----------------- testing Fri Oct 05 02:49:33 UTC 2018 /home/travis/build/icyphy/ptII/ptolemy/domains/de/test/auto/CancelFireAt.xml
----------------- Instantiating /home/travis/build/icyphy/ptII/ptolemy/domains/de/test/auto/CancelFireAt.xml
0 ms. Memory: 595456K Free: 233208K (39%)
----------------- Invoking toplevel() on ptolemy.moml.MoMLSimpleApplication@18deed7a
----------------- Done invoking toplevel() on ptolemy.moml.MoMLSimpleApplication@18deed7a
reloadAllAccessors: .CancelFireAt

===========================================================================================
----------------- testing Fri Oct 05 02:49:33 UTC 2018 /home/travis/build/icyphy/ptII/ptolemy/domains/de/test/auto/CausalityAndComposabilityAnalysis.xml
----------------- Instantiating /home/travis/build/icyphy/ptII/ptolemy/domains/de/test/auto/CausalityAndComposabilityAnalysis.xml
1 ms. Memory: 595456K Free: 212687K (36%)
----------------- Invoking toplevel() on ptolemy.moml.MoMLSimpleApplication@7bf58bf
----------------- Done invoking toplevel() on ptolemy.moml.MoMLSimpleApplication@7bf58bf
reloadAllAccessors: .CausalityAndComposabilityAnalysis

===========================================================================================
----------------- testing Fri Oct 05 02:49:33 UTC 2018 /home/travis/build/icyphy/ptII/ptolemy/domains/de/test/auto/CausalityInterface1.xml
----------------- Instantiating /home/travis/build/icyphy/ptII/ptolemy/domains/de/test/auto/CausalityInterface1.xml
4 ms. Memory: 595456K Free: 192166K (32%)
----------------- Invoking toplevel() on ptolemy.moml.MoMLSimpleApplication@35974126
----------------- Done invoking toplevel() on ptolemy.moml.MoMLSimpleApplication@35974126
reloadAllAccessors: .CausalityInterface1

===========================================================================================
----------------- testing Fri Oct 05 02:49:33 UTC 2018 /home/travis/build/icyphy/ptII/ptolemy/domains/de/test/auto/CausalityInterface15.xml
----------------- Instantiating /home/travis/build/icyphy/ptII/ptolemy/domains/de/test/auto/CausalityInterface15.xml
1 ms. Memory: 595456K Free: 171645K (29%)
----------------- Invoking toplevel() on ptolemy.moml.MoMLSimpleApplication@3e0e134f
----------------- Done invoking toplevel() on ptolemy.moml.MoMLSimpleApplication@3e0e134f
reloadAllAccessors: .CausalityInterface15

[...]
java.lang.RuntimeException: Execution failed
	at ptolemy.moml.MoMLSimpleApplication$UnloadThread.run(MoMLSimpleApplication.java:402)
Caused by: ptolemy.kernel.util.IllegalActionException: Test fails in iteration 1.
Value was: 1.0. Should have been: 2.0
  in .DirectFeedback.Test
	at ptolemy.actor.lib.Test.fire(Test.java:268)
	at ptolemy.domains.de.kernel.DEDirector._fire(DEDirector.java:1949)
	at ptolemy.domains.de.kernel.DEDirector.fire(DEDirector.java:502)
	at ptolemy.actor.CompositeActor.fire(CompositeActor.java:455)
	at ptolemy.actor.Manager.iterate(Manager.java:851)
	at ptolemy.actor.Manager.execute(Manager.java:369)
	at ptolemy.actor.Manager.run(Manager.java:1263)
	at ptolemy.actor.Manager$PtolemyRunThread.run(Manager.java:1915)
java.lang.RuntimeException: Execution failed
	at ptolemy.moml.MoMLSimpleApplication$UnloadThread.run(MoMLSimpleApplication.java:402)
Caused by: ptolemy.kernel.util.IllegalActionException: Actor is not ready to fire.  Perhaps UpSample.prefire() returned false? Try debugging the actor by selecting "Listen to Actor".  Also, for SDF check moml for tokenConsumptionRate on input.
  in .DESDFClockTest.Play Bell.Copy1:SDF Director and .DESDFClockTest.Play Bell.UpSample
	at ptolemy.actor.sched.StaticSchedulingDirector.fire(StaticSchedulingDirector.java:227)
	at ptolemy.domains.sdf.kernel.SDFDirector.fire(SDFDirector.java:500)
	at ptolemy.actor.CompositeActor.fire(CompositeActor.java:455)
	at ptolemy.domains.de.kernel.DEDirector._fire(DEDirector.java:1949)
	at ptolemy.domains.de.kernel.DEDirector.fire(DEDirector.java:502)
	at ptolemy.actor.CompositeActor.fire(CompositeActor.java:455)
	at ptolemy.actor.Manager.iterate(Manager.java:851)
	at ptolemy.actor.Manager.execute(Manager.java:369)
	at ptolemy.actor.Manager.run(Manager.java:1263)
	at ptolemy.actor.Manager$PtolemyRunThread.run(Manager.java:1915)
java.lang.reflect.InvocationTargetException
	at sun.reflect.NativeConstructorAccessorImpl.newInstance0(Native Method)
	at sun.reflect.NativeConstructorAccessorImpl.newInstance(NativeConstructorAccessorImpl.java:62)
	at sun.reflect.DelegatingConstructorAccessorImpl.newInstance(DelegatingConstructorAccessorImpl.java:45)
	at java.lang.reflect.Constructor.newInstance(Constructor.java:423)
	at ptolemy.util.test.junit.AutoKnownFailedTests.RunModel(AutoKnownFailedTests.java:107)
	at sun.reflect.NativeMethodAccessorImpl.invoke0(Native Method)
	at sun.reflect.NativeMethodAccessorImpl.invoke(NativeMethodAccessorImpl.java:62)
	at sun.reflect.DelegatingMethodAccessorImpl.invoke(DelegatingMethodAccessorImpl.java:43)
	at java.lang.reflect.Method.invoke(Method.java:498)
	at org.junit.runners.model.FrameworkMethod$1.runReflectiveCall(FrameworkMethod.java:44)
	at org.junit.internal.runners.model.ReflectiveCallable.run(ReflectiveCallable.java:15)
	at org.junit.runners.model.FrameworkMethod.invokeExplosively(FrameworkMethod.java:41)
	at junitparams.internal.InvokeParameterisedMethod.evaluate(InvokeParameterisedMethod.java:102)
	at org.junit.internal.runners.statements.FailOnTimeout$1.run(FailOnTimeout.java:28)
Caused by: ptolemy.kernel.util.IllegalActionException: Actor is not ready to fire.  Perhaps UpSample.prefire() returned false? Try debugging the actor by selecting "Listen to Actor".  Also, for SDF check moml for tokenConsumptionRate on input.
  in .DESDFClockTest.Play Bell.Copy1:SDF Director and .DESDFClockTest.Play Bell.UpSample
	at ptolemy.actor.sched.StaticSchedulingDirector.fire(StaticSchedulingDirector.java:227)
	at ptolemy.domains.sdf.kernel.SDFDirector.fire(SDFDirector.java:500)
	at ptolemy.actor.CompositeActor.fire(CompositeActor.java:455)
	at ptolemy.domains.de.kernel.DEDirector._fire(DEDirector.java:1949)
	at ptolemy.domains.de.kernel.DEDirector.fire(DEDirector.java:502)
	at ptolemy.actor.CompositeActor.fire(CompositeActor.java:455)
	at ptolemy.actor.Manager.iterate(Manager.java:851)
	at ptolemy.actor.Manager.execute(Manager.java:369)
	at ptolemy.actor.Manager.run(Manager.java:1263)
	at ptolemy.actor.Manager$PtolemyRunThread.run(Manager.java:1915)
java.lang.RuntimeException: Execution failed
	at ptolemy.moml.MoMLSimpleApplication$UnloadThread.run(MoMLSimpleApplication.java:402)
Caused by: ptolemy.kernel.util.IllegalActionException: Test fails in iteration 1.
Value was: 1.0. Should have been: 2.0
  in .DirectFeedback.Test
	at ptolemy.actor.lib.Test.fire(Test.java:268)
	at ptolemy.domains.de.kernel.DEDirector._fire(DEDirector.java:1949)
	at ptolemy.domains.de.kernel.DEDirector.fire(DEDirector.java:502)
	at ptolemy.actor.CompositeActor.fire(CompositeActor.java:455)
	at ptolemy.actor.Manager.iterate(Manager.java:851)
	at ptolemy.actor.Manager.execute(Manager.java:369)
	at ptolemy.actor.Manager.run(Manager.java:1263)
	at ptolemy.actor.Manager$PtolemyRunThread.run(Manager.java:1915)
java.lang.reflect.InvocationTargetException
	at sun.reflect.NativeConstructorAccessorImpl.newInstance0(Native Method)
	at sun.reflect.NativeConstructorAccessorImpl.newInstance(NativeConstructorAccessorImpl.java:62)
	at sun.reflect.DelegatingConstructorAccessorImpl.newInstance(DelegatingConstructorAccessorImpl.java:45)
	at java.lang.reflect.Constructor.newInstance(Constructor.java:423)
	at ptolemy.util.test.junit.AutoKnownFailedTests.RunModel(AutoKnownFailedTests.java:107)
	at sun.reflect.NativeMethodAccessorImpl.invoke0(Native Method)
	at sun.reflect.NativeMethodAccessorImpl.invoke(NativeMethodAccessorImpl.java:62)
	at sun.reflect.DelegatingMethodAccessorImpl.invoke(DelegatingMethodAccessorImpl.java:43)
	at java.lang.reflect.Method.invoke(Method.java:498)
	at org.junit.runners.model.FrameworkMethod$1.runReflectiveCall(FrameworkMethod.java:44)
	at org.junit.internal.runners.model.ReflectiveCallable.run(ReflectiveCallable.java:15)
	at org.junit.runners.model.FrameworkMethod.invokeExplosively(FrameworkMethod.java:41)
	at junitparams.internal.InvokeParameterisedMethod.evaluate(InvokeParameterisedMethod.java:102)
	at org.junit.internal.runners.statements.FailOnTimeout$1.run(FailOnTimeout.java:28)
Caused by: ptolemy.kernel.util.IllegalActionException: Test fails in iteration 1.
Value was: 1.0. Should have been: 2.0
  in .DirectFeedback.Test
	at ptolemy.actor.lib.Test.fire(Test.java:268)
	at ptolemy.domains.de.kernel.DEDirector._fire(DEDirector.java:1949)
	at ptolemy.domains.de.kernel.DEDirector.fire(DEDirector.java:502)
	at ptolemy.actor.CompositeActor.fire(CompositeActor.java:455)
	at ptolemy.actor.Manager.iterate(Manager.java:851)
	at ptolemy.actor.Manager.execute(Manager.java:369)
	at ptolemy.actor.Manager.run(Manager.java:1263)
	at ptolemy.actor.Manager$PtolemyRunThread.run(Manager.java:1915)
java.lang.RuntimeException: Execution failed
	at ptolemy.moml.MoMLSimpleApplication$UnloadThread.run(MoMLSimpleApplication.java:402)
Caused by: ptolemy.kernel.util.IllegalActionException: Found a zero delay loop containing .HierarchicalModel.A
  in .HierarchicalModel and .HierarchicalModel.A
	at ptolemy.actor.util.CausalityInterfaceForComposites._computeOutputPortDepth(CausalityInterfaceForComposites.java:759)
	at ptolemy.actor.util.CausalityInterfaceForComposites._computeInputDepth(CausalityInterfaceForComposites.java:696)
	at ptolemy.actor.util.CausalityInterfaceForComposites._computeOutputPortDepth(CausalityInterfaceForComposites.java:765)
	at ptolemy.actor.util.CausalityInterfaceForComposites._computeInputDepth(CausalityInterfaceForComposites.java:696)
	at ptolemy.actor.util.CausalityInterfaceForComposites._computeOutputPortDepth(CausalityInterfaceForComposites.java:765)
	at ptolemy.actor.util.CausalityInterfaceForComposites._computeInputDepth(CausalityInterfaceForComposites.java:696)
	at ptolemy.actor.util.CausalityInterfaceForComposites._computeActorDepth(CausalityInterfaceForComposites.java:532)
	at ptolemy.actor.util.CausalityInterfaceForComposites.checkForCycles(CausalityInterfaceForComposites.java:96)
	at ptolemy.domains.de.kernel.DEDirector.preinitialize(DEDirector.java:1338)
	at ptolemy.actor.CompositeActor.preinitialize(CompositeActor.java:1828)
	at ptolemy.actor.Manager.preinitializeAndResolveTypes(Manager.java:1040)
	at ptolemy.actor.Manager.initialize(Manager.java:710)
	at ptolemy.actor.Manager.execute(Manager.java:356)
	at ptolemy.actor.Manager.run(Manager.java:1263)
	at ptolemy.actor.Manager$PtolemyRunThread.run(Manager.java:1915)
java.lang.reflect.InvocationTargetException
	at sun.reflect.NativeConstructorAccessorImpl.newInstance0(Native Method)
	at sun.reflect.NativeConstructorAccessorImpl.newInstance(NativeConstructorAccessorImpl.java:62)
	at sun.reflect.DelegatingConstructorAccessorImpl.newInstance(DelegatingConstructorAccessorImpl.java:45)
	at java.lang.reflect.Constructor.newInstance(Constructor.java:423)
	at ptolemy.util.test.junit.AutoKnownFailedTests.RunModel(AutoKnownFailedTests.java:107)
	at sun.reflect.NativeMethodAccessorImpl.invoke0(Native Method)
	at sun.reflect.NativeMethodAccessorImpl.invoke(NativeMethodAccessorImpl.java:62)
	at sun.reflect.DelegatingMethodAccessorImpl.invoke(DelegatingMethodAccessorImpl.java:43)
	at java.lang.reflect.Method.invoke(Method.java:498)
	at org.junit.runners.model.FrameworkMethod$1.runReflectiveCall(FrameworkMethod.java:44)
	at org.junit.internal.runners.model.ReflectiveCallable.run(ReflectiveCallable.java:15)
	at org.junit.runners.model.FrameworkMethod.invokeExplosively(FrameworkMethod.java:41)
	at junitparams.internal.InvokeParameterisedMethod.evaluate(InvokeParameterisedMethod.java:102)
	at org.junit.internal.runners.statements.FailOnTimeout$1.run(FailOnTimeout.java:28)
Caused by: ptolemy.kernel.util.IllegalActionException: Found a zero delay loop containing .HierarchicalModel.A
  in .HierarchicalModel and .HierarchicalModel.A
	at ptolemy.actor.util.CausalityInterfaceForComposites._computeOutputPortDepth(CausalityInterfaceForComposites.java:759)
	at ptolemy.actor.util.CausalityInterfaceForComposites._computeInputDepth(CausalityInterfaceForComposites.java:696)
	at ptolemy.actor.util.CausalityInterfaceForComposites._computeOutputPortDepth(CausalityInterfaceForComposites.java:765)
	at ptolemy.actor.util.CausalityInterfaceForComposites._computeInputDepth(CausalityInterfaceForComposites.java:696)
	at ptolemy.actor.util.CausalityInterfaceForComposites._computeOutputPortDepth(CausalityInterfaceForComposites.java:765)
	at ptolemy.actor.util.CausalityInterfaceForComposites._computeInputDepth(CausalityInterfaceForComposites.java:696)
	at ptolemy.actor.util.CausalityInterfaceForComposites._computeActorDepth(CausalityInterfaceForComposites.java:532)
	at ptolemy.actor.util.CausalityInterfaceForComposites.checkForCycles(CausalityInterfaceForComposites.java:96)
	at ptolemy.domains.de.kernel.DEDirector.preinitialize(DEDirector.java:1338)
	at ptolemy.actor.CompositeActor.preinitialize(CompositeActor.java:1828)
	at ptolemy.actor.Manager.preinitializeAndResolveTypes(Manager.java:1040)
	at ptolemy.actor.Manager.initialize(Manager.java:710)
	at ptolemy.actor.Manager.execute(Manager.java:356)
	at ptolemy.actor.Manager.run(Manager.java:1263)
	at ptolemy.actor.Manager$PtolemyRunThread.run(Manager.java:1915)
java.lang.RuntimeException: Execution failed
	at ptolemy.moml.MoMLSimpleApplication$UnloadThread.run(MoMLSimpleApplication.java:402)
Caused by: ptolemy.kernel.util.IllegalActionException: Found a zero delay loop containing .dependencyLoop.original
  in .dependencyLoop and .dependencyLoop.original
	at ptolemy.actor.util.CausalityInterfaceForComposites._computeOutputPortDepth(CausalityInterfaceForComposites.java:759)
	at ptolemy.actor.util.CausalityInterfaceForComposites._computeInputDepth(CausalityInterfaceForComposites.java:696)
	at ptolemy.actor.util.CausalityInterfaceForComposites._computeOutputPortDepth(CausalityInterfaceForComposites.java:765)
	at ptolemy.actor.util.CausalityInterfaceForComposites._computeInputDepth(CausalityInterfaceForComposites.java:696)
	at ptolemy.actor.util.CausalityInterfaceForComposites._computeOutputPortDepth(CausalityInterfaceForComposites.java:765)
	at ptolemy.actor.util.CausalityInterfaceForComposites._computeInputDepth(CausalityInterfaceForComposites.java:696)
	at ptolemy.actor.util.CausalityInterfaceForComposites._computeActorDepth(CausalityInterfaceForComposites.java:532)
	at ptolemy.actor.util.CausalityInterfaceForComposites.checkForCycles(CausalityInterfaceForComposites.java:96)
	at ptolemy.domains.de.kernel.DEDirector.preinitialize(DEDirector.java:1338)
	at ptolemy.actor.CompositeActor.preinitialize(CompositeActor.java:1828)
	at ptolemy.actor.Manager.preinitializeAndResolveTypes(Manager.java:1040)
	at ptolemy.actor.Manager.initialize(Manager.java:710)
	at ptolemy.actor.Manager.execute(Manager.java:356)
	at ptolemy.actor.Manager.run(Manager.java:1263)
	at ptolemy.actor.Manager$PtolemyRunThread.run(Manager.java:1915)
java.lang.reflect.InvocationTargetException
	at sun.reflect.NativeConstructorAccessorImpl.newInstance0(Native Method)
	at sun.reflect.NativeConstructorAccessorImpl.newInstance(NativeConstructorAccessorImpl.java:62)
	at sun.reflect.DelegatingConstructorAccessorImpl.newInstance(DelegatingConstructorAccessorImpl.java:45)
	at java.lang.reflect.Constructor.newInstance(Constructor.java:423)
	at ptolemy.util.test.junit.AutoKnownFailedTests.RunModel(AutoKnownFailedTests.java:107)
	at sun.reflect.NativeMethodAccessorImpl.invoke0(Native Method)
	at sun.reflect.NativeMethodAccessorImpl.invoke(NativeMethodAccessorImpl.java:62)
	at sun.reflect.DelegatingMethodAccessorImpl.invoke(DelegatingMethodAccessorImpl.java:43)
	at java.lang.reflect.Method.invoke(Method.java:498)
	at org.junit.runners.model.FrameworkMethod$1.runReflectiveCall(FrameworkMethod.java:44)
	at org.junit.internal.runners.model.ReflectiveCallable.run(ReflectiveCallable.java:15)
	at org.junit.runners.model.FrameworkMethod.invokeExplosively(FrameworkMethod.java:41)
	at junitparams.internal.InvokeParameterisedMethod.evaluate(InvokeParameterisedMethod.java:102)
	at org.junit.internal.runners.statements.FailOnTimeout$1.run(FailOnTimeout.java:28)
Caused by: ptolemy.kernel.util.IllegalActionException: Found a zero delay loop containing .dependencyLoop.original
  in .dependencyLoop and .dependencyLoop.original
	at ptolemy.actor.util.CausalityInterfaceForComposites._computeOutputPortDepth(CausalityInterfaceForComposites.java:759)
	at ptolemy.actor.util.CausalityInterfaceForComposites._computeInputDepth(CausalityInterfaceForComposites.java:696)
	at ptolemy.actor.util.CausalityInterfaceForComposites._computeOutputPortDepth(CausalityInterfaceForComposites.java:765)
	at ptolemy.actor.util.CausalityInterfaceForComposites._computeInputDepth(CausalityInterfaceForComposites.java:696)
	at ptolemy.actor.util.CausalityInterfaceForComposites._computeOutputPortDepth(CausalityInterfaceForComposites.java:765)
	at ptolemy.actor.util.CausalityInterfaceForComposites._computeInputDepth(CausalityInterfaceForComposites.java:696)
	at ptolemy.actor.util.CausalityInterfaceForComposites._computeActorDepth(CausalityInterfaceForComposites.java:532)
	at ptolemy.actor.util.CausalityInterfaceForComposites.checkForCycles(CausalityInterfaceForComposites.java:96)
	at ptolemy.domains.de.kernel.DEDirector.preinitialize(DEDirector.java:1338)
	at ptolemy.actor.CompositeActor.preinitialize(CompositeActor.java:1828)
	at ptolemy.actor.Manager.preinitializeAndResolveTypes(Manager.java:1040)
	at ptolemy.actor.Manager.initialize(Manager.java:710)
	at ptolemy.actor.Manager.execute(Manager.java:356)
	at ptolemy.actor.Manager.run(Manager.java:1263)
	at ptolemy.actor.Manager$PtolemyRunThread.run(Manager.java:1915)
java.lang.RuntimeException: Execution failed
	at ptolemy.moml.MoMLSimpleApplication$UnloadThread.run(MoMLSimpleApplication.java:402)
Caused by: ptolemy.kernel.util.IllegalActionException: Found a zero delay loop containing .dependencyLoop2.original
  in .dependencyLoop2 and .dependencyLoop2.original
	at ptolemy.actor.util.CausalityInterfaceForComposites._computeOutputPortDepth(CausalityInterfaceForComposites.java:759)
	at ptolemy.actor.util.CausalityInterfaceForComposites._computeInputDepth(CausalityInterfaceForComposites.java:696)
	at ptolemy.actor.util.CausalityInterfaceForComposites._computeOutputPortDepth(CausalityInterfaceForComposites.java:765)
	at ptolemy.actor.util.CausalityInterfaceForComposites._computeInputDepth(CausalityInterfaceForComposites.java:696)
	at ptolemy.actor.util.CausalityInterfaceForComposites._computeOutputPortDepth(CausalityInterfaceForComposites.java:765)
	at ptolemy.actor.util.CausalityInterfaceForComposites._computeInputDepth(CausalityInterfaceForComposites.java:696)
	at ptolemy.actor.util.CausalityInterfaceForComposites._computeActorDepth(CausalityInterfaceForComposites.java:532)
	at ptolemy.actor.util.CausalityInterfaceForComposites.checkForCycles(CausalityInterfaceForComposites.java:96)
	at ptolemy.domains.de.kernel.DEDirector.preinitialize(DEDirector.java:1338)
	at ptolemy.actor.CompositeActor.preinitialize(CompositeActor.java:1828)
	at ptolemy.actor.Manager.preinitializeAndResolveTypes(Manager.java:1040)
	at ptolemy.actor.Manager.initialize(Manager.java:710)
	at ptolemy.actor.Manager.execute(Manager.java:356)
	at ptolemy.actor.Manager.run(Manager.java:1263)
	at ptolemy.actor.Manager$PtolemyRunThread.run(Manager.java:1915)
java.lang.reflect.InvocationTargetException
	at sun.reflect.NativeConstructorAccessorImpl.newInstance0(Native Method)
	at sun.reflect.NativeConstructorAccessorImpl.newInstance(NativeConstructorAccessorImpl.java:62)
	at sun.reflect.DelegatingConstructorAccessorImpl.newInstance(DelegatingConstructorAccessorImpl.java:45)
	at java.lang.reflect.Constructor.newInstance(Constructor.java:423)
	at ptolemy.util.test.junit.AutoKnownFailedTests.RunModel(AutoKnownFailedTests.java:107)
	at sun.reflect.NativeMethodAccessorImpl.invoke0(Native Method)
	at sun.reflect.NativeMethodAccessorImpl.invoke(NativeMethodAccessorImpl.java:62)
	at sun.reflect.DelegatingMethodAccessorImpl.invoke(DelegatingMethodAccessorImpl.java:43)
	at java.lang.reflect.Method.invoke(Method.java:498)
	at org.junit.runners.model.FrameworkMethod$1.runReflectiveCall(FrameworkMethod.java:44)
	at org.junit.internal.runners.model.ReflectiveCallable.run(ReflectiveCallable.java:15)
	at org.junit.runners.model.FrameworkMethod.invokeExplosively(FrameworkMethod.java:41)
	at junitparams.internal.InvokeParameterisedMethod.evaluate(InvokeParameterisedMethod.java:102)
	at org.junit.internal.runners.statements.FailOnTimeout$1.run(FailOnTimeout.java:28)
Caused by: ptolemy.kernel.util.IllegalActionException: Found a zero delay loop containing .dependencyLoop2.original
  in .dependencyLoop2 and .dependencyLoop2.original
	at ptolemy.actor.util.CausalityInterfaceForComposites._computeOutputPortDepth(CausalityInterfaceForComposites.java:759)
	at ptolemy.actor.util.CausalityInterfaceForComposites._computeInputDepth(CausalityInterfaceForComposites.java:696)
	at ptolemy.actor.util.CausalityInterfaceForComposites._computeOutputPortDepth(CausalityInterfaceForComposites.java:765)
	at ptolemy.actor.util.CausalityInterfaceForComposites._computeInputDepth(CausalityInterfaceForComposites.java:696)
	at ptolemy.actor.util.CausalityInterfaceForComposites._computeOutputPortDepth(CausalityInterfaceForComposites.java:765)
	at ptolemy.actor.util.CausalityInterfaceForComposites._computeInputDepth(CausalityInterfaceForComposites.java:696)
	at ptolemy.actor.util.CausalityInterfaceForComposites._computeActorDepth(CausalityInterfaceForComposites.java:532)
	at ptolemy.actor.util.CausalityInterfaceForComposites.checkForCycles(CausalityInterfaceForComposites.java:96)
	at ptolemy.domains.de.kernel.DEDirector.preinitialize(DEDirector.java:1338)
	at ptolemy.actor.CompositeActor.preinitialize(CompositeActor.java:1828)
	at ptolemy.actor.Manager.preinitializeAndResolveTypes(Manager.java:1040)
	at ptolemy.actor.Manager.initialize(Manager.java:710)
	at ptolemy.actor.Manager.execute(Manager.java:356)
	at ptolemy.actor.Manager.run(Manager.java:1263)
	at ptolemy.actor.Manager$PtolemyRunThread.run(Manager.java:1915)
]]></system-err>
</testsuite>
