<?xml version="1.0" encoding="UTF-8" ?>
<testsuite errors="0" failures="0" hostname="travis-job-ba5f805e-6203-4b19-81f8-35405b174862" name="ptolemy.domains.sdf.lib.test.junit.JUnitTclTest" skipped="0" tests="82" time="7.873" timestamp="2019-01-27T03:25:24">
  <properties>
[...]
</properties>
  <testcase classname="ptolemy.util.test.junit.TclTests" name="[0] /home/travis/build/icyphy/ptII/ptolemy/domains/sdf/lib/test/ArrayToSequence.tcl (RunTclFile)" time="0.477" />
  <testcase classname="ptolemy.util.test.junit.TclTests" name="[1] /home/travis/build/icyphy/ptII/ptolemy/domains/sdf/lib/test/BitsToInt.tcl (RunTclFile)" time="0.045" />
  <testcase classname="ptolemy.util.test.junit.TclTests" name="[2] /home/travis/build/icyphy/ptII/ptolemy/domains/sdf/lib/test/DelayLine.tcl (RunTclFile)" time="0.042" />
  <testcase classname="ptolemy.util.test.junit.TclTests" name="[3] /home/travis/build/icyphy/ptII/ptolemy/domains/sdf/lib/test/FFT.tcl (RunTclFile)" time="0.039" />
  <testcase classname="ptolemy.util.test.junit.TclTests" name="[4] /home/travis/build/icyphy/ptII/ptolemy/domains/sdf/lib/test/FIR.tcl (RunTclFile)" time="0.105" />
  <testcase classname="ptolemy.util.test.junit.TclTests" name="[5] /home/travis/build/icyphy/ptII/ptolemy/domains/sdf/lib/test/IntToBits.tcl (RunTclFile)" time="0.029" />
  <testcase classname="ptolemy.util.test.junit.TclTests" name="[6] /home/travis/build/icyphy/ptII/ptolemy/domains/sdf/lib/test/MaximumEntropySpectrum.tcl (RunTclFile)" time="0.195" />
  <testcase classname="ptolemy.util.test.junit.TclTests" name="[7] /home/travis/build/icyphy/ptII/ptolemy/domains/sdf/lib/test/Repeat.tcl (RunTclFile)" time="0.021" />
  <testcase classname="ptolemy.util.test.junit.TclTests" name="[8] /home/travis/build/icyphy/ptII/ptolemy/domains/sdf/lib/test/SampleDelay.tcl (RunTclFile)" time="0.047" />
  <testcase classname="ptolemy.util.test.junit.TclTests" name="[9] /home/travis/build/icyphy/ptII/ptolemy/domains/sdf/lib/test/SequenceToArray.tcl (RunTclFile)" time="0.067" />
  <testcase classname="ptolemy.util.test.junit.AutoKnownFailedTests" name="[0] ThereAreNoKnowFailedTests (RunModel)" time="0.01" />
  <testcase classname="ptolemy.util.test.junit.AutoNameArchTests" name="[0] ThereAreNoAutoArchTests (RunModel)" time="0.001" />
  <testcase classname="ptolemy.util.test.junit.AutoTests" name="[0] /home/travis/build/icyphy/ptII/ptolemy/domains/sdf/lib/test/auto/ArrayToSequence.xml (RunModel)" time="0.173" />
  <testcase classname="ptolemy.util.test.junit.AutoTests" name="[1] /home/travis/build/icyphy/ptII/ptolemy/domains/sdf/lib/test/auto/ArrayToSequenceTest.xml (RunModel)" time="0.037" />
  <testcase classname="ptolemy.util.test.junit.AutoTests" name="[2] /home/travis/build/icyphy/ptII/ptolemy/domains/sdf/lib/test/auto/Autocorrelation.xml (RunModel)" time="0.02" />
  <testcase classname="ptolemy.util.test.junit.AutoTests" name="[3] /home/travis/build/icyphy/ptII/ptolemy/domains/sdf/lib/test/auto/Autocorrelation2.xml (RunModel)" time="0.02" />
  <testcase classname="ptolemy.util.test.junit.AutoTests" name="[4] /home/travis/build/icyphy/ptII/ptolemy/domains/sdf/lib/test/auto/Autocorrelation3.xml (RunModel)" time="0.029" />
  <testcase classname="ptolemy.util.test.junit.AutoTests" name="[5] /home/travis/build/icyphy/ptII/ptolemy/domains/sdf/lib/test/auto/Autocorrelation4.xml (RunModel)" time="0.019" />
  <testcase classname="ptolemy.util.test.junit.AutoTests" name="[6] /home/travis/build/icyphy/ptII/ptolemy/domains/sdf/lib/test/auto/Autocorrelation5.xml (RunModel)" time="0.094" />
  <testcase classname="ptolemy.util.test.junit.AutoTests" name="[7] /home/travis/build/icyphy/ptII/ptolemy/domains/sdf/lib/test/auto/BitsToInt.xml (RunModel)" time="0.021" />
  <testcase classname="ptolemy.util.test.junit.AutoTests" name="[8] /home/travis/build/icyphy/ptII/ptolemy/domains/sdf/lib/test/auto/BooleanJoin.xml (RunModel)" time="0.027" />
  <testcase classname="ptolemy.util.test.junit.AutoTests" name="[9] /home/travis/build/icyphy/ptII/ptolemy/domains/sdf/lib/test/auto/BootstrapSampleDelay.xml (RunModel)" time="0.02" />
  <testcase classname="ptolemy.util.test.junit.AutoTests" name="[10] /home/travis/build/icyphy/ptII/ptolemy/domains/sdf/lib/test/auto/Chop.xml (RunModel)" time="0.05" />
  <testcase classname="ptolemy.util.test.junit.AutoTests" name="[11] /home/travis/build/icyphy/ptII/ptolemy/domains/sdf/lib/test/auto/Chop2.xml (RunModel)" time="0.061" />
  <testcase classname="ptolemy.util.test.junit.AutoTests" name="[12] /home/travis/build/icyphy/ptII/ptolemy/domains/sdf/lib/test/auto/ComplexJoin.xml (RunModel)" time="0.05" />
  <testcase classname="ptolemy.util.test.junit.AutoTests" name="[13] /home/travis/build/icyphy/ptII/ptolemy/domains/sdf/lib/test/auto/CountTrues.xml (RunModel)" time="0.044" />
  <testcase classname="ptolemy.util.test.junit.AutoTests" name="[14] /home/travis/build/icyphy/ptII/ptolemy/domains/sdf/lib/test/auto/DelayLine.xml (RunModel)" time="0.051" />
  <testcase classname="ptolemy.util.test.junit.AutoTests" name="[15] /home/travis/build/icyphy/ptII/ptolemy/domains/sdf/lib/test/auto/DotProduct.xml (RunModel)" time="0.02" />
  <testcase classname="ptolemy.util.test.junit.AutoTests" name="[16] /home/travis/build/icyphy/ptII/ptolemy/domains/sdf/lib/test/auto/DotProductMatrix.xml (RunModel)" time="0.011" />
  <testcase classname="ptolemy.util.test.junit.AutoTests" name="[17] /home/travis/build/icyphy/ptII/ptolemy/domains/sdf/lib/test/auto/DownSample1.xml (RunModel)" time="0.013" />
  <testcase classname="ptolemy.util.test.junit.AutoTests" name="[18] /home/travis/build/icyphy/ptII/ptolemy/domains/sdf/lib/test/auto/DynamicRateChange.xml (RunModel)" time="0.031" />
  <testcase classname="ptolemy.util.test.junit.AutoTests" name="[19] /home/travis/build/icyphy/ptII/ptolemy/domains/sdf/lib/test/auto/DynamicRates.xml (RunModel)" time="0.031" />
  <testcase classname="ptolemy.util.test.junit.AutoTests" name="[20] /home/travis/build/icyphy/ptII/ptolemy/domains/sdf/lib/test/auto/FFT1.xml (RunModel)" time="0.025" />
  <testcase classname="ptolemy.util.test.junit.AutoTests" name="[21] /home/travis/build/icyphy/ptII/ptolemy/domains/sdf/lib/test/auto/FIR1.xml (RunModel)" time="0.052" />
  <testcase classname="ptolemy.util.test.junit.AutoTests" name="[22] /home/travis/build/icyphy/ptII/ptolemy/domains/sdf/lib/test/auto/FIR2.xml (RunModel)" time="0.021" />
  <testcase classname="ptolemy.util.test.junit.AutoTests" name="[23] /home/travis/build/icyphy/ptII/ptolemy/domains/sdf/lib/test/auto/FIR4.xml (RunModel)" time="0.046" />
  <testcase classname="ptolemy.util.test.junit.AutoTests" name="[24] /home/travis/build/icyphy/ptII/ptolemy/domains/sdf/lib/test/auto/FixJoin.xml (RunModel)" time="0.048" />
  <testcase classname="ptolemy.util.test.junit.AutoTests" name="[25] /home/travis/build/icyphy/ptII/ptolemy/domains/sdf/lib/test/auto/IntJoin1.xml (RunModel)" time="0.021" />
  <testcase classname="ptolemy.util.test.junit.AutoTests" name="[26] /home/travis/build/icyphy/ptII/ptolemy/domains/sdf/lib/test/auto/IntJoin2.xml (RunModel)" time="0.02" />
  <testcase classname="ptolemy.util.test.junit.AutoTests" name="[27] /home/travis/build/icyphy/ptII/ptolemy/domains/sdf/lib/test/auto/IntJoin3.xml (RunModel)" time="0.025" />
  <testcase classname="ptolemy.util.test.junit.AutoTests" name="[28] /home/travis/build/icyphy/ptII/ptolemy/domains/sdf/lib/test/auto/IntJoin4.xml (RunModel)" time="0.026" />
  <testcase classname="ptolemy.util.test.junit.AutoTests" name="[29] /home/travis/build/icyphy/ptII/ptolemy/domains/sdf/lib/test/auto/IntJoin5.xml (RunModel)" time="0.023" />
  <testcase classname="ptolemy.util.test.junit.AutoTests" name="[30] /home/travis/build/icyphy/ptII/ptolemy/domains/sdf/lib/test/auto/IntToBits.xml (RunModel)" time="0.017" />
  <testcase classname="ptolemy.util.test.junit.AutoTests" name="[31] /home/travis/build/icyphy/ptII/ptolemy/domains/sdf/lib/test/auto/LMSAdaptive.xml (RunModel)" time="0.057" />
  <testcase classname="ptolemy.util.test.junit.AutoTests" name="[32] /home/travis/build/icyphy/ptII/ptolemy/domains/sdf/lib/test/auto/LMSAdaptiveFIR.xml (RunModel)" time="0.37" />
  <testcase classname="ptolemy.util.test.junit.AutoTests" name="[33] /home/travis/build/icyphy/ptII/ptolemy/domains/sdf/lib/test/auto/LMSAdaptiveFIR2.xml (RunModel)" time="0.385" />
  <testcase classname="ptolemy.util.test.junit.AutoTests" name="[34] /home/travis/build/icyphy/ptII/ptolemy/domains/sdf/lib/test/auto/LongJoin.xml (RunModel)" time="0.046" />
  <testcase classname="ptolemy.util.test.junit.AutoTests" name="[35] /home/travis/build/icyphy/ptII/ptolemy/domains/sdf/lib/test/auto/Matrix1.xml (RunModel)" time="0.015" />
  <testcase classname="ptolemy.util.test.junit.AutoTests" name="[36] /home/travis/build/icyphy/ptII/ptolemy/domains/sdf/lib/test/auto/Matrix2.xml (RunModel)" time="0.039" />
  <testcase classname="ptolemy.util.test.junit.AutoTests" name="[37] /home/travis/build/icyphy/ptII/ptolemy/domains/sdf/lib/test/auto/MatrixJoin1.xml (RunModel)" time="0.028" />
  <testcase classname="ptolemy.util.test.junit.AutoTests" name="[38] /home/travis/build/icyphy/ptII/ptolemy/domains/sdf/lib/test/auto/MatrixJoin2.xml (RunModel)" time="0.017" />
  <testcase classname="ptolemy.util.test.junit.AutoTests" name="[39] /home/travis/build/icyphy/ptII/ptolemy/domains/sdf/lib/test/auto/MatrixJoin3.xml (RunModel)" time="0.018" />
  <testcase classname="ptolemy.util.test.junit.AutoTests" name="[40] /home/travis/build/icyphy/ptII/ptolemy/domains/sdf/lib/test/auto/MatrixJoin4.xml (RunModel)" time="0.018" />
  <testcase classname="ptolemy.util.test.junit.AutoTests" name="[41] /home/travis/build/icyphy/ptII/ptolemy/domains/sdf/lib/test/auto/MatrixJoin5.xml (RunModel)" time="0.042" />
  <testcase classname="ptolemy.util.test.junit.AutoTests" name="[42] /home/travis/build/icyphy/ptII/ptolemy/domains/sdf/lib/test/auto/MatrixSplit1.xml (RunModel)" time="0.035" />
  <testcase classname="ptolemy.util.test.junit.AutoTests" name="[43] /home/travis/build/icyphy/ptII/ptolemy/domains/sdf/lib/test/auto/MatrixSplit10.xml (RunModel)" time="0.027" />
  <testcase classname="ptolemy.util.test.junit.AutoTests" name="[44] /home/travis/build/icyphy/ptII/ptolemy/domains/sdf/lib/test/auto/MatrixSplit11.xml (RunModel)" time="0.018" />
  <testcase classname="ptolemy.util.test.junit.AutoTests" name="[45] /home/travis/build/icyphy/ptII/ptolemy/domains/sdf/lib/test/auto/MatrixSplit12.xml (RunModel)" time="0.028" />
  <testcase classname="ptolemy.util.test.junit.AutoTests" name="[46] /home/travis/build/icyphy/ptII/ptolemy/domains/sdf/lib/test/auto/MatrixSplit13.xml (RunModel)" time="0.03" />
  <testcase classname="ptolemy.util.test.junit.AutoTests" name="[47] /home/travis/build/icyphy/ptII/ptolemy/domains/sdf/lib/test/auto/MatrixSplit14.xml (RunModel)" time="0.021" />
  <testcase classname="ptolemy.util.test.junit.AutoTests" name="[48] /home/travis/build/icyphy/ptII/ptolemy/domains/sdf/lib/test/auto/MatrixSplit2.xml (RunModel)" time="0.02" />
  <testcase classname="ptolemy.util.test.junit.AutoTests" name="[49] /home/travis/build/icyphy/ptII/ptolemy/domains/sdf/lib/test/auto/MatrixSplit3.xml (RunModel)" time="0.02" />
  <testcase classname="ptolemy.util.test.junit.AutoTests" name="[50] /home/travis/build/icyphy/ptII/ptolemy/domains/sdf/lib/test/auto/MatrixSplit4.xml (RunModel)" time="0.02" />
  <testcase classname="ptolemy.util.test.junit.AutoTests" name="[51] /home/travis/build/icyphy/ptII/ptolemy/domains/sdf/lib/test/auto/MatrixSplit5.xml (RunModel)" time="0.019" />
  <testcase classname="ptolemy.util.test.junit.AutoTests" name="[52] /home/travis/build/icyphy/ptII/ptolemy/domains/sdf/lib/test/auto/MatrixSplit6.xml (RunModel)" time="0.022" />
  <testcase classname="ptolemy.util.test.junit.AutoTests" name="[53] /home/travis/build/icyphy/ptII/ptolemy/domains/sdf/lib/test/auto/MatrixSplit7.xml (RunModel)" time="0.018" />
  <testcase classname="ptolemy.util.test.junit.AutoTests" name="[54] /home/travis/build/icyphy/ptII/ptolemy/domains/sdf/lib/test/auto/MatrixSplit8.xml (RunModel)" time="0.017" />
  <testcase classname="ptolemy.util.test.junit.AutoTests" name="[55] /home/travis/build/icyphy/ptII/ptolemy/domains/sdf/lib/test/auto/MatrixSplit9.xml (RunModel)" time="0.033" />
  <testcase classname="ptolemy.util.test.junit.AutoTests" name="[56] /home/travis/build/icyphy/ptII/ptolemy/domains/sdf/lib/test/auto/MatrixToSequence.xml (RunModel)" time="0.039" />
  <testcase classname="ptolemy.util.test.junit.AutoTests" name="[57] /home/travis/build/icyphy/ptII/ptolemy/domains/sdf/lib/test/auto/MaximumEntropySpectrum.xml (RunModel)" time="0.074" />
  <testcase classname="ptolemy.util.test.junit.AutoTests" name="[58] /home/travis/build/icyphy/ptII/ptolemy/domains/sdf/lib/test/auto/SampleDelayConversion.xml (RunModel)" time="0.036" />
  <testcase classname="ptolemy.util.test.junit.AutoTests" name="[59] /home/travis/build/icyphy/ptII/ptolemy/domains/sdf/lib/test/auto/SequenceToArray.xml (RunModel)" time="0.045" />
  <testcase classname="ptolemy.util.test.junit.AutoTests" name="[60] /home/travis/build/icyphy/ptII/ptolemy/domains/sdf/lib/test/auto/SequenceToMatrix.xml (RunModel)" time="3.259" />
  <testcase classname="ptolemy.util.test.junit.AutoTests" name="[61] /home/travis/build/icyphy/ptII/ptolemy/domains/sdf/lib/test/auto/SmoothedPeriodogram.xml (RunModel)" time="0.07" />
  <testcase classname="ptolemy.util.test.junit.AutoTests" name="[62] /home/travis/build/icyphy/ptII/ptolemy/domains/sdf/lib/test/auto/UpDownSample1.xml (RunModel)" time="0.015" />
  <testcase classname="ptolemy.util.test.junit.AutoTests" name="[63] /home/travis/build/icyphy/ptII/ptolemy/domains/sdf/lib/test/auto/UpSample1.xml (RunModel)" time="0.019" />
  <testcase classname="ptolemy.util.test.junit.AutoTests" name="[64] /home/travis/build/icyphy/ptII/ptolemy/domains/sdf/lib/test/auto/VariableFIR.xml (RunModel)" time="0.029" />
  <testcase classname="ptolemy.util.test.junit.AutoTests" name="[65] /home/travis/build/icyphy/ptII/ptolemy/domains/sdf/lib/test/auto/VariableFIR2.xml (RunModel)" time="0.039" />
  <testcase classname="ptolemy.util.test.junit.AutoTests" name="[66] /home/travis/build/icyphy/ptII/ptolemy/domains/sdf/lib/test/auto/VariableLattice.xml (RunModel)" time="0.022" />
  <testcase classname="ptolemy.util.test.junit.AutoTests" name="[67] /home/travis/build/icyphy/ptII/ptolemy/domains/sdf/lib/test/auto/VariableLattice2.xml (RunModel)" time="0.028" />
  <testcase classname="ptolemy.util.test.junit.AutoTests" name="[68] /home/travis/build/icyphy/ptII/ptolemy/domains/sdf/lib/test/auto/VariableRecursiveLattice.xml (RunModel)" time="0.025" />
  <testcase classname="ptolemy.util.test.junit.AutoTests" name="[69] /home/travis/build/icyphy/ptII/ptolemy/domains/sdf/lib/test/auto/VariableRecursiveLattice2.xml (RunModel)" time="0.018" />
  <system-out><![CDATA[/home/travis/build/icyphy/ptII/ptolemy/domains/sdf/lib/test/ArrayToSequence.tcl
testDefs.tcl: setting time out to 9000 seconds at Sun Jan 27 03:25:24 UTC 2019
38 ms. Memory: 116224K Free: 86983K (75%)
9 ms. Memory: 116224K Free: 85729K (74%)
10 ms. Memory: 116224K Free: 110029K (95%)
9 ms. Memory: 116224K Free: 108210K (93%)
/home/travis/build/icyphy/ptII/ptolemy/domains/sdf/lib/test/BitsToInt.tcl
8 ms. Memory: 116224K Free: 106392K (92%)
17 ms. Memory: 116224K Free: 104589K (90%)
/home/travis/build/icyphy/ptII/ptolemy/domains/sdf/lib/test/DelayLine.tcl
12 ms. Memory: 116224K Free: 102787K (88%)
/home/travis/build/icyphy/ptII/ptolemy/domains/sdf/lib/test/FFT.tcl
10 ms. Memory: 116224K Free: 100982K (87%)
/home/travis/build/icyphy/ptII/ptolemy/domains/sdf/lib/test/FIR.tcl
9 ms. Memory: 116224K Free: 99188K (85%)
15 ms. Memory: 116224K Free: 97984K (84%)
ptolemy.kernel.util.IllegalActionException: multiplyReverse method not supported between ptolemy.data.FixToken 'fix(-0.0625,6,2)' and ptolemy.data.IntToken '1' because the types are incomparable.
  in .top.FIRclone
Because:
multiplyReverse method not supported between ptolemy.data.FixToken 'fix(-0.0625,6,2)' and ptolemy.data.IntToken '1' because the types are incomparable.
14 ms. Memory: 116224K Free: 95586K (82%)
/home/travis/build/icyphy/ptII/ptolemy/domains/sdf/lib/test/IntToBits.tcl
5 ms. Memory: 116224K Free: 94379K (81%)
4 ms. Memory: 116224K Free: 92561K (80%)
/home/travis/build/icyphy/ptII/ptolemy/domains/sdf/lib/test/MaximumEntropySpectrum.tcl
/home/travis/build/icyphy/ptII/ptolemy/domains/sdf/lib/test/Repeat.tcl
6 ms. Memory: 146944K Free: 123119K (84%)
/home/travis/build/icyphy/ptII/ptolemy/domains/sdf/lib/test/SampleDelay.tcl
4 ms. Memory: 146944K Free: 120710K (82%)
4 ms. Memory: 146944K Free: 120710K (82%)
3 ms. Memory: 146944K Free: 119490K (81%)
4 ms. Memory: 146944K Free: 118270K (80%)
7 ms. Memory: 146944K Free: 118270K (80%)
1 ms. Memory: 146944K Free: 118270K (80%)
/home/travis/build/icyphy/ptII/ptolemy/domains/sdf/lib/test/SequenceToArray.tcl
5 ms. Memory: 146944K Free: 115845K (79%)
7 ms. Memory: 146944K Free: 114625K (78%)
16 ms. Memory: 146944K Free: 112192K (76%)
13 ms. Memory: 146944K Free: 110980K (76%)
01/27/19 03:25:25
Failed: 0  Total Tests: 41  ((Passed: 41, Newly Passed: 0)  Known Failed: 0) /home/travis/build/icyphy/ptII/ptolemy/domains/sdf/lib/test
No auto/knownFailedTests/*.xml tests in /home/travis/build/icyphy/ptII/ptolemy/domains/sdf/lib/test
No auto/linux-amd64/*.xml tests in /home/travis/build/icyphy/ptII/ptolemy/domains/sdf/lib/test
AutoTests.java: About to close Vertx.
AutoTests.java: Vertx closed.

===========================================================================================
----------------- testing Sun Jan 27 03:25:26 UTC 2019 /home/travis/build/icyphy/ptII/ptolemy/domains/sdf/lib/test/auto/ArrayToSequence.xml
----------------- Instantiating /home/travis/build/icyphy/ptII/ptolemy/domains/sdf/lib/test/auto/ArrayToSequence.xml
35 ms. Memory: 146944K Free: 132826K (90%)
----------------- Invoking toplevel() on ptolemy.moml.MoMLSimpleApplication@62a9a232
----------------- Done invoking toplevel() on ptolemy.moml.MoMLSimpleApplication@62a9a232
reloadAllAccessors: .ArrayToSequence

===========================================================================================
----------------- testing Sun Jan 27 03:25:26 UTC 2019 /home/travis/build/icyphy/ptII/ptolemy/domains/sdf/lib/test/auto/ArrayToSequenceTest.xml
----------------- Instantiating /home/travis/build/icyphy/ptII/ptolemy/domains/sdf/lib/test/auto/ArrayToSequenceTest.xml
8 ms. Memory: 146944K Free: 125385K (85%)
----------------- Invoking toplevel() on ptolemy.moml.MoMLSimpleApplication@6fd8f48d
----------------- Done invoking toplevel() on ptolemy.moml.MoMLSimpleApplication@6fd8f48d
reloadAllAccessors: .ArrayToSequenceTest

===========================================================================================
----------------- testing Sun Jan 27 03:25:26 UTC 2019 /home/travis/build/icyphy/ptII/ptolemy/domains/sdf/lib/test/auto/Autocorrelation.xml
----------------- Instantiating /home/travis/build/icyphy/ptII/ptolemy/domains/sdf/lib/test/auto/Autocorrelation.xml
4 ms. Memory: 146944K Free: 120783K (82%)
----------------- Invoking toplevel() on ptolemy.moml.MoMLSimpleApplication@2e187540
----------------- Done invoking toplevel() on ptolemy.moml.MoMLSimpleApplication@2e187540
reloadAllAccessors: .Autocorrelation

===========================================================================================
----------------- testing Sun Jan 27 03:25:26 UTC 2019 /home/travis/build/icyphy/ptII/ptolemy/domains/sdf/lib/test/auto/Autocorrelation2.xml
----------------- Instantiating /home/travis/build/icyphy/ptII/ptolemy/domains/sdf/lib/test/auto/Autocorrelation2.xml
4 ms. Memory: 146944K Free: 116180K (79%)
----------------- Invoking toplevel() on ptolemy.moml.MoMLSimpleApplication@e83cbd0
----------------- Done invoking toplevel() on ptolemy.moml.MoMLSimpleApplication@e83cbd0
reloadAllAccessors: .Autocorrelation2

===========================================================================================
----------------- testing Sun Jan 27 03:25:26 UTC 2019 /home/travis/build/icyphy/ptII/ptolemy/domains/sdf/lib/test/auto/Autocorrelation3.xml
----------------- Instantiating /home/travis/build/icyphy/ptII/ptolemy/domains/sdf/lib/test/auto/Autocorrelation3.xml
3 ms. Memory: 146944K Free: 110907K (75%)
----------------- Invoking toplevel() on ptolemy.moml.MoMLSimpleApplication@120cfe6d
----------------- Done invoking toplevel() on ptolemy.moml.MoMLSimpleApplication@120cfe6d
reloadAllAccessors: .Autocorrelation3

===========================================================================================
----------------- testing Sun Jan 27 03:25:26 UTC 2019 /home/travis/build/icyphy/ptII/ptolemy/domains/sdf/lib/test/auto/Autocorrelation4.xml
----------------- Instantiating /home/travis/build/icyphy/ptII/ptolemy/domains/sdf/lib/test/auto/Autocorrelation4.xml
4 ms. Memory: 146944K Free: 106289K (72%)
----------------- Invoking toplevel() on ptolemy.moml.MoMLSimpleApplication@36cbd71
----------------- Done invoking toplevel() on ptolemy.moml.MoMLSimpleApplication@36cbd71
reloadAllAccessors: .Autocorrelation4

===========================================================================================
----------------- testing Sun Jan 27 03:25:26 UTC 2019 /home/travis/build/icyphy/ptII/ptolemy/domains/sdf/lib/test/auto/Autocorrelation5.xml
----------------- Instantiating /home/travis/build/icyphy/ptII/ptolemy/domains/sdf/lib/test/auto/Autocorrelation5.xml
68 ms. Memory: 146944K Free: 99204K (68%)
----------------- Invoking toplevel() on ptolemy.moml.MoMLSimpleApplication@7fc8a973
----------------- Done invoking toplevel() on ptolemy.moml.MoMLSimpleApplication@7fc8a973
reloadAllAccessors: .Autocorrelation5

===========================================================================================
----------------- testing Sun Jan 27 03:25:26 UTC 2019 /home/travis/build/icyphy/ptII/ptolemy/domains/sdf/lib/test/auto/BitsToInt.xml
----------------- Instantiating /home/travis/build/icyphy/ptII/ptolemy/domains/sdf/lib/test/auto/BitsToInt.xml
3 ms. Memory: 146944K Free: 94735K (64%)
----------------- Invoking toplevel() on ptolemy.moml.MoMLSimpleApplication@237a4fdc
----------------- Done invoking toplevel() on ptolemy.moml.MoMLSimpleApplication@237a4fdc
reloadAllAccessors: .BitsToInt

===========================================================================================
----------------- testing Sun Jan 27 03:25:26 UTC 2019 /home/travis/build/icyphy/ptII/ptolemy/domains/sdf/lib/test/auto/BooleanJoin.xml
----------------- Instantiating /home/travis/build/icyphy/ptII/ptolemy/domains/sdf/lib/test/auto/BooleanJoin.xml
3 ms. Memory: 146944K Free: 90029K (61%)
----------------- Invoking toplevel() on ptolemy.moml.MoMLSimpleApplication@4e97c033
----------------- Done invoking toplevel() on ptolemy.moml.MoMLSimpleApplication@4e97c033
reloadAllAccessors: .BooleanJoin

===========================================================================================
----------------- testing Sun Jan 27 03:25:26 UTC 2019 /home/travis/build/icyphy/ptII/ptolemy/domains/sdf/lib/test/auto/BootstrapSampleDelay.xml
----------------- Instantiating /home/travis/build/icyphy/ptII/ptolemy/domains/sdf/lib/test/auto/BootstrapSampleDelay.xml
5 ms. Memory: 146944K Free: 86230K (59%)
----------------- Invoking toplevel() on ptolemy.moml.MoMLSimpleApplication@203859d8
----------------- Done invoking toplevel() on ptolemy.moml.MoMLSimpleApplication@203859d8
reloadAllAccessors: .BootstrapSampleDelay

===========================================================================================
----------------- testing Sun Jan 27 03:25:26 UTC 2019 /home/travis/build/icyphy/ptII/ptolemy/domains/sdf/lib/test/auto/Chop.xml
----------------- Instantiating /home/travis/build/icyphy/ptII/ptolemy/domains/sdf/lib/test/auto/Chop.xml
23 ms. Memory: 208384K Free: 200500K (96%)
----------------- Invoking toplevel() on ptolemy.moml.MoMLSimpleApplication@72770f24
----------------- Done invoking toplevel() on ptolemy.moml.MoMLSimpleApplication@72770f24
reloadAllAccessors: .Chop

===========================================================================================
----------------- testing Sun Jan 27 03:25:26 UTC 2019 /home/travis/build/icyphy/ptII/ptolemy/domains/sdf/lib/test/auto/Chop2.xml
----------------- Instantiating /home/travis/build/icyphy/ptII/ptolemy/domains/sdf/lib/test/auto/Chop2.xml
9 ms. Memory: 208384K Free: 191282K (92%)
----------------- Invoking toplevel() on ptolemy.moml.MoMLSimpleApplication@35c54a20
----------------- Done invoking toplevel() on ptolemy.moml.MoMLSimpleApplication@35c54a20
reloadAllAccessors: .Chop2

===========================================================================================
----------------- testing Sun Jan 27 03:25:26 UTC 2019 /home/travis/build/icyphy/ptII/ptolemy/domains/sdf/lib/test/auto/ComplexJoin.xml
----------------- Instantiating /home/travis/build/icyphy/ptII/ptolemy/domains/sdf/lib/test/auto/ComplexJoin.xml
6 ms. Memory: 208384K Free: 186900K (90%)
----------------- Invoking toplevel() on ptolemy.moml.MoMLSimpleApplication@1be2665a
----------------- Done invoking toplevel() on ptolemy.moml.MoMLSimpleApplication@1be2665a
reloadAllAccessors: .ComplexJoin

===========================================================================================
----------------- testing Sun Jan 27 03:25:26 UTC 2019 /home/travis/build/icyphy/ptII/ptolemy/domains/sdf/lib/test/auto/CountTrues.xml
----------------- Instantiating /home/travis/build/icyphy/ptII/ptolemy/domains/sdf/lib/test/auto/CountTrues.xml
13 ms. Memory: 208384K Free: 183795K (88%)
----------------- Invoking toplevel() on ptolemy.moml.MoMLSimpleApplication@1602b61a
----------------- Done invoking toplevel() on ptolemy.moml.MoMLSimpleApplication@1602b61a
reloadAllAccessors: .CountTrues

===========================================================================================
----------------- testing Sun Jan 27 03:25:26 UTC 2019 /home/travis/build/icyphy/ptII/ptolemy/domains/sdf/lib/test/auto/DelayLine.xml
----------------- Instantiating /home/travis/build/icyphy/ptII/ptolemy/domains/sdf/lib/test/auto/DelayLine.xml
15 ms. Memory: 208384K Free: 178233K (86%)
----------------- Invoking toplevel() on ptolemy.moml.MoMLSimpleApplication@7710f240
----------------- Done invoking toplevel() on ptolemy.moml.MoMLSimpleApplication@7710f240
reloadAllAccessors: .DelayLine

===========================================================================================
----------------- testing Sun Jan 27 03:25:27 UTC 2019 /home/travis/build/icyphy/ptII/ptolemy/domains/sdf/lib/test/auto/DotProduct.xml
----------------- Instantiating /home/travis/build/icyphy/ptII/ptolemy/domains/sdf/lib/test/auto/DotProduct.xml
2 ms. Memory: 208384K Free: 173637K (83%)
----------------- Invoking toplevel() on ptolemy.moml.MoMLSimpleApplication@1ab28505
----------------- Done invoking toplevel() on ptolemy.moml.MoMLSimpleApplication@1ab28505
reloadAllAccessors: .DotProduct

===========================================================================================
----------------- testing Sun Jan 27 03:25:27 UTC 2019 /home/travis/build/icyphy/ptII/ptolemy/domains/sdf/lib/test/auto/DotProductMatrix.xml
----------------- Instantiating /home/travis/build/icyphy/ptII/ptolemy/domains/sdf/lib/test/auto/DotProductMatrix.xml
2 ms. Memory: 208384K Free: 170517K (82%)
----------------- Invoking toplevel() on ptolemy.moml.MoMLSimpleApplication@4cef30b2
----------------- Done invoking toplevel() on ptolemy.moml.MoMLSimpleApplication@4cef30b2
reloadAllAccessors: .DotProductMatrix

===========================================================================================
----------------- testing Sun Jan 27 03:25:27 UTC 2019 /home/travis/build/icyphy/ptII/ptolemy/domains/sdf/lib/test/auto/DownSample1.xml
----------------- Instantiating /home/travis/build/icyphy/ptII/ptolemy/domains/sdf/lib/test/auto/DownSample1.xml
3 ms. Memory: 208384K Free: 166798K (80%)
----------------- Invoking toplevel() on ptolemy.moml.MoMLSimpleApplication@144412c1
----------------- Done invoking toplevel() on ptolemy.moml.MoMLSimpleApplication@144412c1
reloadAllAccessors: .DownSample1

===========================================================================================
----------------- testing Sun Jan 27 03:25:27 UTC 2019 /home/travis/build/icyphy/ptII/ptolemy/domains/sdf/lib/test/auto/DynamicRateChange.xml
----------------- Instantiating /home/travis/build/icyphy/ptII/ptolemy/domains/sdf/lib/test/auto/DynamicRateChange.xml
13 ms. Memory: 208384K Free: 160614K (77%)
----------------- Invoking toplevel() on ptolemy.moml.MoMLSimpleApplication@19eebc58
----------------- Done invoking toplevel() on ptolemy.moml.MoMLSimpleApplication@19eebc58
reloadAllAccessors: .DynamicRateChange

===========================================================================================
----------------- testing Sun Jan 27 03:25:27 UTC 2019 /home/travis/build/icyphy/ptII/ptolemy/domains/sdf/lib/test/auto/DynamicRates.xml
----------------- Instantiating /home/travis/build/icyphy/ptII/ptolemy/domains/sdf/lib/test/auto/DynamicRates.xml
12 ms. Memory: 208384K Free: 154183K (74%)
----------------- Invoking toplevel() on ptolemy.moml.MoMLSimpleApplication@18d25a0a
----------------- Done invoking toplevel() on ptolemy.moml.MoMLSimpleApplication@18d25a0a
reloadAllAccessors: .DynamicRates

===========================================================================================
----------------- testing Sun Jan 27 03:25:27 UTC 2019 /home/travis/build/icyphy/ptII/ptolemy/domains/sdf/lib/test/auto/FFT1.xml
----------------- Instantiating /home/travis/build/icyphy/ptII/ptolemy/domains/sdf/lib/test/auto/FFT1.xml
6 ms. Memory: 208384K Free: 149866K (72%)
----------------- Invoking toplevel() on ptolemy.moml.MoMLSimpleApplication@32c59555
----------------- Done invoking toplevel() on ptolemy.moml.MoMLSimpleApplication@32c59555
reloadAllAccessors: .FFT1

===========================================================================================
----------------- testing Sun Jan 27 03:25:27 UTC 2019 /home/travis/build/icyphy/ptII/ptolemy/domains/sdf/lib/test/auto/FIR1.xml
----------------- Instantiating /home/travis/build/icyphy/ptII/ptolemy/domains/sdf/lib/test/auto/FIR1.xml
23 ms. Memory: 208384K Free: 142947K (69%)
----------------- Invoking toplevel() on ptolemy.moml.MoMLSimpleApplication@142a17ab
----------------- Done invoking toplevel() on ptolemy.moml.MoMLSimpleApplication@142a17ab
reloadAllAccessors: .FIR1

===========================================================================================
----------------- testing Sun Jan 27 03:25:27 UTC 2019 /home/travis/build/icyphy/ptII/ptolemy/domains/sdf/lib/test/auto/FIR2.xml
----------------- Instantiating /home/travis/build/icyphy/ptII/ptolemy/domains/sdf/lib/test/auto/FIR2.xml
3 ms. Memory: 208384K Free: 139261K (67%)
----------------- Invoking toplevel() on ptolemy.moml.MoMLSimpleApplication@59588ba
----------------- Done invoking toplevel() on ptolemy.moml.MoMLSimpleApplication@59588ba
reloadAllAccessors: .FIR2

===========================================================================================
----------------- testing Sun Jan 27 03:25:27 UTC 2019 /home/travis/build/icyphy/ptII/ptolemy/domains/sdf/lib/test/auto/FIR4.xml
----------------- Instantiating /home/travis/build/icyphy/ptII/ptolemy/domains/sdf/lib/test/auto/FIR4.xml
9 ms. Memory: 208384K Free: 129151K (62%)
----------------- Invoking toplevel() on ptolemy.moml.MoMLSimpleApplication@ad6f15d
----------------- Done invoking toplevel() on ptolemy.moml.MoMLSimpleApplication@ad6f15d
reloadAllAccessors: .FIR4

===========================================================================================
----------------- testing Sun Jan 27 03:25:27 UTC 2019 /home/travis/build/icyphy/ptII/ptolemy/domains/sdf/lib/test/auto/FixJoin.xml
----------------- Instantiating /home/travis/build/icyphy/ptII/ptolemy/domains/sdf/lib/test/auto/FixJoin.xml
5 ms. Memory: 208384K Free: 124155K (60%)
----------------- Invoking toplevel() on ptolemy.moml.MoMLSimpleApplication@3937f60a
----------------- Done invoking toplevel() on ptolemy.moml.MoMLSimpleApplication@3937f60a
reloadAllAccessors: .FixJoin

===========================================================================================
----------------- testing Sun Jan 27 03:25:27 UTC 2019 /home/travis/build/icyphy/ptII/ptolemy/domains/sdf/lib/test/auto/IntJoin1.xml
----------------- Instantiating /home/travis/build/icyphy/ptII/ptolemy/domains/sdf/lib/test/auto/IntJoin1.xml
4 ms. Memory: 208384K Free: 119758K (57%)
----------------- Invoking toplevel() on ptolemy.moml.MoMLSimpleApplication@3e2ca76d
----------------- Done invoking toplevel() on ptolemy.moml.MoMLSimpleApplication@3e2ca76d
reloadAllAccessors: .IntJoin1

===========================================================================================
----------------- testing Sun Jan 27 03:25:27 UTC 2019 /home/travis/build/icyphy/ptII/ptolemy/domains/sdf/lib/test/auto/IntJoin2.xml
----------------- Instantiating /home/travis/build/icyphy/ptII/ptolemy/domains/sdf/lib/test/auto/IntJoin2.xml
2 ms. Memory: 208384K Free: 115377K (55%)
----------------- Invoking toplevel() on ptolemy.moml.MoMLSimpleApplication@1bb3a87
----------------- Done invoking toplevel() on ptolemy.moml.MoMLSimpleApplication@1bb3a87
reloadAllAccessors: .IntJoin2

===========================================================================================
----------------- testing Sun Jan 27 03:25:27 UTC 2019 /home/travis/build/icyphy/ptII/ptolemy/domains/sdf/lib/test/auto/IntJoin3.xml
----------------- Instantiating /home/travis/build/icyphy/ptII/ptolemy/domains/sdf/lib/test/auto/IntJoin3.xml
3 ms. Memory: 208384K Free: 109520K (53%)
----------------- Invoking toplevel() on ptolemy.moml.MoMLSimpleApplication@628a0d64
----------------- Done invoking toplevel() on ptolemy.moml.MoMLSimpleApplication@628a0d64
reloadAllAccessors: .IntJoin3

===========================================================================================
----------------- testing Sun Jan 27 03:25:27 UTC 2019 /home/travis/build/icyphy/ptII/ptolemy/domains/sdf/lib/test/auto/IntJoin4.xml
----------------- Instantiating /home/travis/build/icyphy/ptII/ptolemy/domains/sdf/lib/test/auto/IntJoin4.xml
4 ms. Memory: 208384K Free: 105123K (50%)
----------------- Invoking toplevel() on ptolemy.moml.MoMLSimpleApplication@1150f648
----------------- Done invoking toplevel() on ptolemy.moml.MoMLSimpleApplication@1150f648
reloadAllAccessors: .IntJoin4

===========================================================================================
----------------- testing Sun Jan 27 03:25:27 UTC 2019 /home/travis/build/icyphy/ptII/ptolemy/domains/sdf/lib/test/auto/IntJoin5.xml
----------------- Instantiating /home/travis/build/icyphy/ptII/ptolemy/domains/sdf/lib/test/auto/IntJoin5.xml
3 ms. Memory: 208384K Free: 100758K (48%)
----------------- Invoking toplevel() on ptolemy.moml.MoMLSimpleApplication@4e1b05b2
----------------- Done invoking toplevel() on ptolemy.moml.MoMLSimpleApplication@4e1b05b2
reloadAllAccessors: .IntJoin5

===========================================================================================
----------------- testing Sun Jan 27 03:25:27 UTC 2019 /home/travis/build/icyphy/ptII/ptolemy/domains/sdf/lib/test/auto/IntToBits.xml
----------------- Instantiating /home/travis/build/icyphy/ptII/ptolemy/domains/sdf/lib/test/auto/IntToBits.xml
2 ms. Memory: 208384K Free: 97686K (47%)
----------------- Invoking toplevel() on ptolemy.moml.MoMLSimpleApplication@1e7ce3b2
----------------- Done invoking toplevel() on ptolemy.moml.MoMLSimpleApplication@1e7ce3b2
reloadAllAccessors: .IntToBits

===========================================================================================
----------------- testing Sun Jan 27 03:25:27 UTC 2019 /home/travis/build/icyphy/ptII/ptolemy/domains/sdf/lib/test/auto/LMSAdaptive.xml
----------------- Instantiating /home/travis/build/icyphy/ptII/ptolemy/domains/sdf/lib/test/auto/LMSAdaptive.xml
12 ms. Memory: 208384K Free: 87561K (42%)
----------------- Invoking toplevel() on ptolemy.moml.MoMLSimpleApplication@5e67da67
----------------- Done invoking toplevel() on ptolemy.moml.MoMLSimpleApplication@5e67da67
reloadAllAccessors: .LMSAdaptive

===========================================================================================
----------------- testing Sun Jan 27 03:25:27 UTC 2019 /home/travis/build/icyphy/ptII/ptolemy/domains/sdf/lib/test/auto/LMSAdaptiveFIR.xml
----------------- Instantiating /home/travis/build/icyphy/ptII/ptolemy/domains/sdf/lib/test/auto/LMSAdaptiveFIR.xml
269 ms. Memory: 208384K Free: 170290K (82%)
----------------- Invoking toplevel() on ptolemy.moml.MoMLSimpleApplication@2c180cdd
----------------- Done invoking toplevel() on ptolemy.moml.MoMLSimpleApplication@2c180cdd
reloadAllAccessors: .LMSAdaptiveFIR

===========================================================================================
----------------- testing Sun Jan 27 03:25:27 UTC 2019 /home/travis/build/icyphy/ptII/ptolemy/domains/sdf/lib/test/auto/LMSAdaptiveFIR2.xml
----------------- Instantiating /home/travis/build/icyphy/ptII/ptolemy/domains/sdf/lib/test/auto/LMSAdaptiveFIR2.xml
309 ms. Memory: 208384K Free: 112636K (54%)
----------------- Invoking toplevel() on ptolemy.moml.MoMLSimpleApplication@74884e8d
----------------- Done invoking toplevel() on ptolemy.moml.MoMLSimpleApplication@74884e8d
reloadAllAccessors: .LMSAdaptiveFIR2

===========================================================================================
----------------- testing Sun Jan 27 03:25:28 UTC 2019 /home/travis/build/icyphy/ptII/ptolemy/domains/sdf/lib/test/auto/LongJoin.xml
----------------- Instantiating /home/travis/build/icyphy/ptII/ptolemy/domains/sdf/lib/test/auto/LongJoin.xml
7 ms. Memory: 208384K Free: 108303K (52%)
----------------- Invoking toplevel() on ptolemy.moml.MoMLSimpleApplication@1e9870f9
----------------- Done invoking toplevel() on ptolemy.moml.MoMLSimpleApplication@1e9870f9
reloadAllAccessors: .LongJoin

===========================================================================================
----------------- testing Sun Jan 27 03:25:28 UTC 2019 /home/travis/build/icyphy/ptII/ptolemy/domains/sdf/lib/test/auto/Matrix1.xml
----------------- Instantiating /home/travis/build/icyphy/ptII/ptolemy/domains/sdf/lib/test/auto/Matrix1.xml
2 ms. Memory: 208384K Free: 103561K (50%)
----------------- Invoking toplevel() on ptolemy.moml.MoMLSimpleApplication@f410cde
----------------- Done invoking toplevel() on ptolemy.moml.MoMLSimpleApplication@f410cde
reloadAllAccessors: .Matrix1

===========================================================================================
----------------- testing Sun Jan 27 03:25:28 UTC 2019 /home/travis/build/icyphy/ptII/ptolemy/domains/sdf/lib/test/auto/Matrix2.xml
----------------- Instantiating /home/travis/build/icyphy/ptII/ptolemy/domains/sdf/lib/test/auto/Matrix2.xml
11 ms. Memory: 208384K Free: 98630K (47%)
----------------- Invoking toplevel() on ptolemy.moml.MoMLSimpleApplication@24f2ba4a
----------------- Done invoking toplevel() on ptolemy.moml.MoMLSimpleApplication@24f2ba4a
reloadAllAccessors: .Matrix2

===========================================================================================
----------------- testing Sun Jan 27 03:25:28 UTC 2019 /home/travis/build/icyphy/ptII/ptolemy/domains/sdf/lib/test/auto/MatrixJoin1.xml
----------------- Instantiating /home/travis/build/icyphy/ptII/ptolemy/domains/sdf/lib/test/auto/MatrixJoin1.xml
2 ms. Memory: 208384K Free: 94233K (45%)
----------------- Invoking toplevel() on ptolemy.moml.MoMLSimpleApplication@521ef89e
----------------- Done invoking toplevel() on ptolemy.moml.MoMLSimpleApplication@521ef89e
reloadAllAccessors: .MatrixJoin1

===========================================================================================
----------------- testing Sun Jan 27 03:25:28 UTC 2019 /home/travis/build/icyphy/ptII/ptolemy/domains/sdf/lib/test/auto/MatrixJoin2.xml
----------------- Instantiating /home/travis/build/icyphy/ptII/ptolemy/domains/sdf/lib/test/auto/MatrixJoin2.xml
2 ms. Memory: 208384K Free: 88812K (43%)
----------------- Invoking toplevel() on ptolemy.moml.MoMLSimpleApplication@8be4138
----------------- Done invoking toplevel() on ptolemy.moml.MoMLSimpleApplication@8be4138
reloadAllAccessors: .MatrixJoin2

===========================================================================================
----------------- testing Sun Jan 27 03:25:28 UTC 2019 /home/travis/build/icyphy/ptII/ptolemy/domains/sdf/lib/test/auto/MatrixJoin3.xml
----------------- Instantiating /home/travis/build/icyphy/ptII/ptolemy/domains/sdf/lib/test/auto/MatrixJoin3.xml
3 ms. Memory: 208384K Free: 84399K (41%)
----------------- Invoking toplevel() on ptolemy.moml.MoMLSimpleApplication@7dd089cf
----------------- Done invoking toplevel() on ptolemy.moml.MoMLSimpleApplication@7dd089cf
reloadAllAccessors: .MatrixJoin3

===========================================================================================
----------------- testing Sun Jan 27 03:25:28 UTC 2019 /home/travis/build/icyphy/ptII/ptolemy/domains/sdf/lib/test/auto/MatrixJoin4.xml
----------------- Instantiating /home/travis/build/icyphy/ptII/ptolemy/domains/sdf/lib/test/auto/MatrixJoin4.xml
3 ms. Memory: 208384K Free: 78979K (38%)
----------------- Invoking toplevel() on ptolemy.moml.MoMLSimpleApplication@15fba856
----------------- Done invoking toplevel() on ptolemy.moml.MoMLSimpleApplication@15fba856
reloadAllAccessors: .MatrixJoin4

===========================================================================================
----------------- testing Sun Jan 27 03:25:28 UTC 2019 /home/travis/build/icyphy/ptII/ptolemy/domains/sdf/lib/test/auto/MatrixJoin5.xml
----------------- Instantiating /home/travis/build/icyphy/ptII/ptolemy/domains/sdf/lib/test/auto/MatrixJoin5.xml
4 ms. Memory: 333824K Free: 321843K (96%)
----------------- Invoking toplevel() on ptolemy.moml.MoMLSimpleApplication@302ebcd6
----------------- Done invoking toplevel() on ptolemy.moml.MoMLSimpleApplication@302ebcd6
reloadAllAccessors: .MatrixJoin5

===========================================================================================
----------------- testing Sun Jan 27 03:25:28 UTC 2019 /home/travis/build/icyphy/ptII/ptolemy/domains/sdf/lib/test/auto/MatrixSplit1.xml
----------------- Instantiating /home/travis/build/icyphy/ptII/ptolemy/domains/sdf/lib/test/auto/MatrixSplit1.xml
8 ms. Memory: 333824K Free: 313906K (94%)
----------------- Invoking toplevel() on ptolemy.moml.MoMLSimpleApplication@45b8e3bd
----------------- Done invoking toplevel() on ptolemy.moml.MoMLSimpleApplication@45b8e3bd
reloadAllAccessors: .MatrixSplit1

===========================================================================================
----------------- testing Sun Jan 27 03:25:28 UTC 2019 /home/travis/build/icyphy/ptII/ptolemy/domains/sdf/lib/test/auto/MatrixSplit10.xml
----------------- Instantiating /home/travis/build/icyphy/ptII/ptolemy/domains/sdf/lib/test/auto/MatrixSplit10.xml
4 ms. Memory: 333824K Free: 308991K (93%)
----------------- Invoking toplevel() on ptolemy.moml.MoMLSimpleApplication@4eb8b15c
----------------- Done invoking toplevel() on ptolemy.moml.MoMLSimpleApplication@4eb8b15c
reloadAllAccessors: .MatrixSplit10

===========================================================================================
----------------- testing Sun Jan 27 03:25:28 UTC 2019 /home/travis/build/icyphy/ptII/ptolemy/domains/sdf/lib/test/auto/MatrixSplit11.xml
----------------- Instantiating /home/travis/build/icyphy/ptII/ptolemy/domains/sdf/lib/test/auto/MatrixSplit11.xml
3 ms. Memory: 333824K Free: 304076K (91%)
----------------- Invoking toplevel() on ptolemy.moml.MoMLSimpleApplication@685be65c
----------------- Done invoking toplevel() on ptolemy.moml.MoMLSimpleApplication@685be65c
reloadAllAccessors: .MatrixSplit11

===========================================================================================
----------------- testing Sun Jan 27 03:25:28 UTC 2019 /home/travis/build/icyphy/ptII/ptolemy/domains/sdf/lib/test/auto/MatrixSplit12.xml
----------------- Instantiating /home/travis/build/icyphy/ptII/ptolemy/domains/sdf/lib/test/auto/MatrixSplit12.xml
3 ms. Memory: 333824K Free: 297777K (89%)
----------------- Invoking toplevel() on ptolemy.moml.MoMLSimpleApplication@67a1c48c
----------------- Done invoking toplevel() on ptolemy.moml.MoMLSimpleApplication@67a1c48c
reloadAllAccessors: .MatrixSplit12

===========================================================================================
----------------- testing Sun Jan 27 03:25:28 UTC 2019 /home/travis/build/icyphy/ptII/ptolemy/domains/sdf/lib/test/auto/MatrixSplit13.xml
----------------- Instantiating /home/travis/build/icyphy/ptII/ptolemy/domains/sdf/lib/test/auto/MatrixSplit13.xml
3 ms. Memory: 333824K Free: 292862K (88%)
----------------- Invoking toplevel() on ptolemy.moml.MoMLSimpleApplication@591eb15b
----------------- Done invoking toplevel() on ptolemy.moml.MoMLSimpleApplication@591eb15b
reloadAllAccessors: .MatrixSplit13

===========================================================================================
----------------- testing Sun Jan 27 03:25:28 UTC 2019 /home/travis/build/icyphy/ptII/ptolemy/domains/sdf/lib/test/auto/MatrixSplit14.xml
----------------- Instantiating /home/travis/build/icyphy/ptII/ptolemy/domains/sdf/lib/test/auto/MatrixSplit14.xml
3 ms. Memory: 333824K Free: 287947K (86%)
----------------- Invoking toplevel() on ptolemy.moml.MoMLSimpleApplication@7e5b71eb
----------------- Done invoking toplevel() on ptolemy.moml.MoMLSimpleApplication@7e5b71eb
reloadAllAccessors: .MatrixSplit14

===========================================================================================
----------------- testing Sun Jan 27 03:25:28 UTC 2019 /home/travis/build/icyphy/ptII/ptolemy/domains/sdf/lib/test/auto/MatrixSplit2.xml
----------------- Instantiating /home/travis/build/icyphy/ptII/ptolemy/domains/sdf/lib/test/auto/MatrixSplit2.xml
3 ms. Memory: 333824K Free: 281648K (84%)
----------------- Invoking toplevel() on ptolemy.moml.MoMLSimpleApplication@2bfc9f19
----------------- Done invoking toplevel() on ptolemy.moml.MoMLSimpleApplication@2bfc9f19
reloadAllAccessors: .MatrixSplit2

===========================================================================================
----------------- testing Sun Jan 27 03:25:28 UTC 2019 /home/travis/build/icyphy/ptII/ptolemy/domains/sdf/lib/test/auto/MatrixSplit3.xml
----------------- Instantiating /home/travis/build/icyphy/ptII/ptolemy/domains/sdf/lib/test/auto/MatrixSplit3.xml
2 ms. Memory: 333824K Free: 276733K (83%)
----------------- Invoking toplevel() on ptolemy.moml.MoMLSimpleApplication@2a3d30d8
----------------- Done invoking toplevel() on ptolemy.moml.MoMLSimpleApplication@2a3d30d8
reloadAllAccessors: .MatrixSplit3

===========================================================================================
----------------- testing Sun Jan 27 03:25:28 UTC 2019 /home/travis/build/icyphy/ptII/ptolemy/domains/sdf/lib/test/auto/MatrixSplit4.xml
----------------- Instantiating /home/travis/build/icyphy/ptII/ptolemy/domains/sdf/lib/test/auto/MatrixSplit4.xml
4 ms. Memory: 333824K Free: 271818K (81%)
----------------- Invoking toplevel() on ptolemy.moml.MoMLSimpleApplication@71602bca
----------------- Done invoking toplevel() on ptolemy.moml.MoMLSimpleApplication@71602bca
reloadAllAccessors: .MatrixSplit4

===========================================================================================
----------------- testing Sun Jan 27 03:25:28 UTC 2019 /home/travis/build/icyphy/ptII/ptolemy/domains/sdf/lib/test/auto/MatrixSplit5.xml
----------------- Instantiating /home/travis/build/icyphy/ptII/ptolemy/domains/sdf/lib/test/auto/MatrixSplit5.xml
2 ms. Memory: 333824K Free: 266902K (80%)
----------------- Invoking toplevel() on ptolemy.moml.MoMLSimpleApplication@152c6439
----------------- Done invoking toplevel() on ptolemy.moml.MoMLSimpleApplication@152c6439
reloadAllAccessors: .MatrixSplit5

===========================================================================================
----------------- testing Sun Jan 27 03:25:28 UTC 2019 /home/travis/build/icyphy/ptII/ptolemy/domains/sdf/lib/test/auto/MatrixSplit6.xml
----------------- Instantiating /home/travis/build/icyphy/ptII/ptolemy/domains/sdf/lib/test/auto/MatrixSplit6.xml
6 ms. Memory: 333824K Free: 260604K (78%)
----------------- Invoking toplevel() on ptolemy.moml.MoMLSimpleApplication@48bd3aa5
----------------- Done invoking toplevel() on ptolemy.moml.MoMLSimpleApplication@48bd3aa5
reloadAllAccessors: .MatrixSplit6

===========================================================================================
----------------- testing Sun Jan 27 03:25:28 UTC 2019 /home/travis/build/icyphy/ptII/ptolemy/domains/sdf/lib/test/auto/MatrixSplit7.xml
----------------- Instantiating /home/travis/build/icyphy/ptII/ptolemy/domains/sdf/lib/test/auto/MatrixSplit7.xml
4 ms. Memory: 333824K Free: 255689K (77%)
----------------- Invoking toplevel() on ptolemy.moml.MoMLSimpleApplication@4503df5b
----------------- Done invoking toplevel() on ptolemy.moml.MoMLSimpleApplication@4503df5b
reloadAllAccessors: .MatrixSplit7

===========================================================================================
----------------- testing Sun Jan 27 03:25:28 UTC 2019 /home/travis/build/icyphy/ptII/ptolemy/domains/sdf/lib/test/auto/MatrixSplit8.xml
----------------- Instantiating /home/travis/build/icyphy/ptII/ptolemy/domains/sdf/lib/test/auto/MatrixSplit8.xml
1 ms. Memory: 333824K Free: 250773K (75%)
----------------- Invoking toplevel() on ptolemy.moml.MoMLSimpleApplication@172c2c1a
----------------- Done invoking toplevel() on ptolemy.moml.MoMLSimpleApplication@172c2c1a
reloadAllAccessors: .MatrixSplit8

===========================================================================================
----------------- testing Sun Jan 27 03:25:28 UTC 2019 /home/travis/build/icyphy/ptII/ptolemy/domains/sdf/lib/test/auto/MatrixSplit9.xml
----------------- Instantiating /home/travis/build/icyphy/ptII/ptolemy/domains/sdf/lib/test/auto/MatrixSplit9.xml
2 ms. Memory: 333824K Free: 244475K (73%)
----------------- Invoking toplevel() on ptolemy.moml.MoMLSimpleApplication@752c508d
----------------- Done invoking toplevel() on ptolemy.moml.MoMLSimpleApplication@752c508d
reloadAllAccessors: .MatrixSplit9

===========================================================================================
----------------- testing Sun Jan 27 03:25:28 UTC 2019 /home/travis/build/icyphy/ptII/ptolemy/domains/sdf/lib/test/auto/MatrixToSequence.xml
----------------- Instantiating /home/travis/build/icyphy/ptII/ptolemy/domains/sdf/lib/test/auto/MatrixToSequence.xml
9 ms. Memory: 333824K Free: 234645K (70%)
----------------- Invoking toplevel() on ptolemy.moml.MoMLSimpleApplication@4837518f
----------------- Done invoking toplevel() on ptolemy.moml.MoMLSimpleApplication@4837518f
reloadAllAccessors: .MatrixToSequence

===========================================================================================
----------------- testing Sun Jan 27 03:25:28 UTC 2019 /home/travis/build/icyphy/ptII/ptolemy/domains/sdf/lib/test/auto/MaximumEntropySpectrum.xml
----------------- Instantiating /home/travis/build/icyphy/ptII/ptolemy/domains/sdf/lib/test/auto/MaximumEntropySpectrum.xml
7 ms. Memory: 333824K Free: 211707K (63%)
----------------- Invoking toplevel() on ptolemy.moml.MoMLSimpleApplication@c365d73
----------------- Done invoking toplevel() on ptolemy.moml.MoMLSimpleApplication@c365d73
reloadAllAccessors: .MaximumEntropySpectrum

===========================================================================================
----------------- testing Sun Jan 27 03:25:29 UTC 2019 /home/travis/build/icyphy/ptII/ptolemy/domains/sdf/lib/test/auto/SampleDelayConversion.xml
----------------- Instantiating /home/travis/build/icyphy/ptII/ptolemy/domains/sdf/lib/test/auto/SampleDelayConversion.xml
2 ms. Memory: 333824K Free: 205408K (62%)
----------------- Invoking toplevel() on ptolemy.moml.MoMLSimpleApplication@15a2e2d1
----------------- Done invoking toplevel() on ptolemy.moml.MoMLSimpleApplication@15a2e2d1
reloadAllAccessors: .SampleDelayConversion

===========================================================================================
----------------- testing Sun Jan 27 03:25:29 UTC 2019 /home/travis/build/icyphy/ptII/ptolemy/domains/sdf/lib/test/auto/SequenceToArray.xml
----------------- Instantiating /home/travis/build/icyphy/ptII/ptolemy/domains/sdf/lib/test/auto/SequenceToArray.xml
7 ms. Memory: 333824K Free: 192301K (58%)
----------------- Invoking toplevel() on ptolemy.moml.MoMLSimpleApplication@47021906
----------------- Done invoking toplevel() on ptolemy.moml.MoMLSimpleApplication@47021906
reloadAllAccessors: .SequenceToArray

===========================================================================================
----------------- testing Sun Jan 27 03:25:29 UTC 2019 /home/travis/build/icyphy/ptII/ptolemy/domains/sdf/lib/test/auto/SequenceToMatrix.xml
----------------- Instantiating /home/travis/build/icyphy/ptII/ptolemy/domains/sdf/lib/test/auto/SequenceToMatrix.xml
3235 ms. Memory: 333824K Free: 120873K (36%)
----------------- Invoking toplevel() on ptolemy.moml.MoMLSimpleApplication@7a86e27d
----------------- Done invoking toplevel() on ptolemy.moml.MoMLSimpleApplication@7a86e27d
reloadAllAccessors: .SequenceToMatrix

===========================================================================================
----------------- testing Sun Jan 27 03:25:32 UTC 2019 /home/travis/build/icyphy/ptII/ptolemy/domains/sdf/lib/test/auto/SmoothedPeriodogram.xml
----------------- Instantiating /home/travis/build/icyphy/ptII/ptolemy/domains/sdf/lib/test/auto/SmoothedPeriodogram.xml
10 ms. Memory: 333824K Free: 101770K (30%)
----------------- Invoking toplevel() on ptolemy.moml.MoMLSimpleApplication@7a4c19b6
----------------- Done invoking toplevel() on ptolemy.moml.MoMLSimpleApplication@7a4c19b6
reloadAllAccessors: .SmoothedPeriodogram

===========================================================================================
----------------- testing Sun Jan 27 03:25:32 UTC 2019 /home/travis/build/icyphy/ptII/ptolemy/domains/sdf/lib/test/auto/UpDownSample1.xml
----------------- Instantiating /home/travis/build/icyphy/ptII/ptolemy/domains/sdf/lib/test/auto/UpDownSample1.xml
2 ms. Memory: 333824K Free: 96855K (29%)
----------------- Invoking toplevel() on ptolemy.moml.MoMLSimpleApplication@2074e015
----------------- Done invoking toplevel() on ptolemy.moml.MoMLSimpleApplication@2074e015
reloadAllAccessors: .UpDownSample1

===========================================================================================
----------------- testing Sun Jan 27 03:25:32 UTC 2019 /home/travis/build/icyphy/ptII/ptolemy/domains/sdf/lib/test/auto/UpSample1.xml
----------------- Instantiating /home/travis/build/icyphy/ptII/ptolemy/domains/sdf/lib/test/auto/UpSample1.xml
1 ms. Memory: 333824K Free: 92217K (28%)
----------------- Invoking toplevel() on ptolemy.moml.MoMLSimpleApplication@4d8d90a1
----------------- Done invoking toplevel() on ptolemy.moml.MoMLSimpleApplication@4d8d90a1
reloadAllAccessors: .UpSample1

===========================================================================================
----------------- testing Sun Jan 27 03:25:32 UTC 2019 /home/travis/build/icyphy/ptII/ptolemy/domains/sdf/lib/test/auto/VariableFIR.xml
----------------- Instantiating /home/travis/build/icyphy/ptII/ptolemy/domains/sdf/lib/test/auto/VariableFIR.xml
3 ms. Memory: 333824K Free: 85887K (26%)
----------------- Invoking toplevel() on ptolemy.moml.MoMLSimpleApplication@7bd45e
----------------- Done invoking toplevel() on ptolemy.moml.MoMLSimpleApplication@7bd45e
reloadAllAccessors: .VariableFIR

===========================================================================================
----------------- testing Sun Jan 27 03:25:32 UTC 2019 /home/travis/build/icyphy/ptII/ptolemy/domains/sdf/lib/test/auto/VariableFIR2.xml
----------------- Instantiating /home/travis/build/icyphy/ptII/ptolemy/domains/sdf/lib/test/auto/VariableFIR2.xml
14 ms. Memory: 579072K Free: 569636K (98%)
----------------- Invoking toplevel() on ptolemy.moml.MoMLSimpleApplication@7396d1a7
----------------- Done invoking toplevel() on ptolemy.moml.MoMLSimpleApplication@7396d1a7
reloadAllAccessors: .VariableFIR2

===========================================================================================
----------------- testing Sun Jan 27 03:25:32 UTC 2019 /home/travis/build/icyphy/ptII/ptolemy/domains/sdf/lib/test/auto/VariableLattice.xml
----------------- Instantiating /home/travis/build/icyphy/ptII/ptolemy/domains/sdf/lib/test/auto/VariableLattice.xml
3 ms. Memory: 579072K Free: 556999K (96%)
----------------- Invoking toplevel() on ptolemy.moml.MoMLSimpleApplication@4285c1a8
----------------- Done invoking toplevel() on ptolemy.moml.MoMLSimpleApplication@4285c1a8
reloadAllAccessors: .VariableLattice

===========================================================================================
----------------- testing Sun Jan 27 03:25:32 UTC 2019 /home/travis/build/icyphy/ptII/ptolemy/domains/sdf/lib/test/auto/VariableLattice2.xml
----------------- Instantiating /home/travis/build/icyphy/ptII/ptolemy/domains/sdf/lib/test/auto/VariableLattice2.xml
1.0
-1.999999602036
1.9099998677481
-0.9099996420674
0.205
0.0
0.0
1.0
-0.25
-0.5
0.0
0.0
0.0
0.0
13 ms. Memory: 579072K Free: 549634K (95%)
----------------- Invoking toplevel() on ptolemy.moml.MoMLSimpleApplication@3c6fc2fc
----------------- Done invoking toplevel() on ptolemy.moml.MoMLSimpleApplication@3c6fc2fc
reloadAllAccessors: .VariableLattice2

===========================================================================================
----------------- testing Sun Jan 27 03:25:32 UTC 2019 /home/travis/build/icyphy/ptII/ptolemy/domains/sdf/lib/test/auto/VariableRecursiveLattice.xml
----------------- Instantiating /home/travis/build/icyphy/ptII/ptolemy/domains/sdf/lib/test/auto/VariableRecursiveLattice.xml
3 ms. Memory: 579072K Free: 540995K (93%)
----------------- Invoking toplevel() on ptolemy.moml.MoMLSimpleApplication@2e2b42a4
----------------- Done invoking toplevel() on ptolemy.moml.MoMLSimpleApplication@2e2b42a4
reloadAllAccessors: .VariableRecursiveLattice

===========================================================================================
----------------- testing Sun Jan 27 03:25:32 UTC 2019 /home/travis/build/icyphy/ptII/ptolemy/domains/sdf/lib/test/auto/VariableRecursiveLattice2.xml
----------------- Instantiating /home/travis/build/icyphy/ptII/ptolemy/domains/sdf/lib/test/auto/VariableRecursiveLattice2.xml
1 ms. Memory: 579072K Free: 533614K (92%)
----------------- Invoking toplevel() on ptolemy.moml.MoMLSimpleApplication@18b58a08
----------------- Done invoking toplevel() on ptolemy.moml.MoMLSimpleApplication@18b58a08
reloadAllAccessors: .VariableRecursiveLattice2
AutoTests.java: About to close Vertx.
AutoTests.java: Vertx closed.
]]></system-out>
  <system-err><![CDATA[]]></system-err>
</testsuite>
