<?xml version="1.0" encoding="UTF-8" ?>
<testsuite errors="0" failures="0" hostname="travis-job-70e7a89a-a1a9-4bd0-85b0-8304e70c5633" name="ptolemy.domains.de.test.junit.JUnitTclTest" skipped="0" tests="101" time="127.395" timestamp="2019-04-23T04:06:05">
  <properties>
[...]
</properties>
  <testcase classname="ptolemy.util.test.junit.TclTests" name="[0] /home/travis/build/icyphy/ptII/ptolemy/domains/de/test/DependencyLoop.tcl (RunTclFile)" time="0.731" />
  <testcase classname="ptolemy.util.test.junit.TclTests" name="[1] /home/travis/build/icyphy/ptII/ptolemy/domains/de/test/RunDETestsAsQSS.tcl (RunTclFile)" time="86.618" />
  <testcase classname="ptolemy.util.test.junit.AutoKnownFailedTests" name="[0] /home/travis/build/icyphy/ptII/ptolemy/domains/de/test/auto/knownFailedTests/DESDFClockTest.xml (RunModel)" time="2.044" />
  <testcase classname="ptolemy.util.test.junit.AutoKnownFailedTests" name="[1] /home/travis/build/icyphy/ptII/ptolemy/domains/de/test/auto/knownFailedTests/DirectFeedback.xml (RunModel)" time="0.017" />
  <testcase classname="ptolemy.util.test.junit.AutoKnownFailedTests" name="[2] /home/travis/build/icyphy/ptII/ptolemy/domains/de/test/auto/knownFailedTests/FSMSource.xml (RunModel)" time="0.027" />
  <testcase classname="ptolemy.util.test.junit.AutoKnownFailedTests" name="[3] /home/travis/build/icyphy/ptII/ptolemy/domains/de/test/auto/knownFailedTests/HierarchicalModel.xml (RunModel)" time="0.042" />
  <testcase classname="ptolemy.util.test.junit.AutoKnownFailedTests" name="[4] /home/travis/build/icyphy/ptII/ptolemy/domains/de/test/auto/knownFailedTests/dependencyLoop.xml (RunModel)" time="0.056" />
  <testcase classname="ptolemy.util.test.junit.AutoKnownFailedTests" name="[5] /home/travis/build/icyphy/ptII/ptolemy/domains/de/test/auto/knownFailedTests/dependencyLoop2.xml (RunModel)" time="0.047" />
  <testcase classname="ptolemy.util.test.junit.AutoNameArchTests" name="[0] ThereAreNoAutoArchTests (RunModel)" time="0.001" />
  <testcase classname="ptolemy.util.test.junit.AutoTests" name="[0] /home/travis/build/icyphy/ptII/ptolemy/domains/de/test/auto/ActorDepthCalculation_actorWithoutPorts.xml (RunModel)" time="0.032" />
  <testcase classname="ptolemy.util.test.junit.AutoTests" name="[1] /home/travis/build/icyphy/ptII/ptolemy/domains/de/test/auto/AssemblyLine.xml (RunModel)" time="0.022" />
  <testcase classname="ptolemy.util.test.junit.AutoTests" name="[2] /home/travis/build/icyphy/ptII/ptolemy/domains/de/test/auto/CQBug1.xml (RunModel)" time="0.01" />
  <testcase classname="ptolemy.util.test.junit.AutoTests" name="[3] /home/travis/build/icyphy/ptII/ptolemy/domains/de/test/auto/CancelFireAt.xml (RunModel)" time="0.008" />
  <testcase classname="ptolemy.util.test.junit.AutoTests" name="[4] /home/travis/build/icyphy/ptII/ptolemy/domains/de/test/auto/CausalityAndComposabilityAnalysis.xml (RunModel)" time="0.019" />
  <testcase classname="ptolemy.util.test.junit.AutoTests" name="[5] /home/travis/build/icyphy/ptII/ptolemy/domains/de/test/auto/CausalityInterface1.xml (RunModel)" time="0.019" />
  <testcase classname="ptolemy.util.test.junit.AutoTests" name="[6] /home/travis/build/icyphy/ptII/ptolemy/domains/de/test/auto/CausalityInterface15.xml (RunModel)" time="0.03" />
  <testcase classname="ptolemy.util.test.junit.AutoTests" name="[7] /home/travis/build/icyphy/ptII/ptolemy/domains/de/test/auto/CausalityInterface2.xml (RunModel)" time="0.013" />
  <testcase classname="ptolemy.util.test.junit.AutoTests" name="[8] /home/travis/build/icyphy/ptII/ptolemy/domains/de/test/auto/CausalityInterface3.xml (RunModel)" time="0.013" />
  <testcase classname="ptolemy.util.test.junit.AutoTests" name="[9] /home/travis/build/icyphy/ptII/ptolemy/domains/de/test/auto/ClockDrift.xml (RunModel)" time="0.051" />
  <testcase classname="ptolemy.util.test.junit.AutoTests" name="[10] /home/travis/build/icyphy/ptII/ptolemy/domains/de/test/auto/ClockDriftAndValueChange.xml (RunModel)" time="0.035" />
  <testcase classname="ptolemy.util.test.junit.AutoTests" name="[11] /home/travis/build/icyphy/ptII/ptolemy/domains/de/test/auto/ClockDriftChange.xml (RunModel)" time="0.033" />
  <testcase classname="ptolemy.util.test.junit.AutoTests" name="[12] /home/travis/build/icyphy/ptII/ptolemy/domains/de/test/auto/ComposableCausalityAnalysis.xml (RunModel)" time="0.019" />
  <testcase classname="ptolemy.util.test.junit.AutoTests" name="[13] /home/travis/build/icyphy/ptII/ptolemy/domains/de/test/auto/DEFixedPointLimitation.xml (RunModel)" time="0.012" />
  <testcase classname="ptolemy.util.test.junit.AutoTests" name="[14] /home/travis/build/icyphy/ptII/ptolemy/domains/de/test/auto/DEScheduleTest.xml (RunModel)" time="0.038" />
  <testcase classname="ptolemy.util.test.junit.AutoTests" name="[15] /home/travis/build/icyphy/ptII/ptolemy/domains/de/test/auto/DEinDEwithStartTimes.xml (RunModel)" time="0.022" />
  <testcase classname="ptolemy.util.test.junit.AutoTests" name="[16] /home/travis/build/icyphy/ptII/ptolemy/domains/de/test/auto/DEinDEwithStartTimes2.xml (RunModel)" time="0.019" />
  <testcase classname="ptolemy.util.test.junit.AutoTests" name="[17] /home/travis/build/icyphy/ptII/ptolemy/domains/de/test/auto/DateDemo.xml (RunModel)" time="0.044" />
  <testcase classname="ptolemy.util.test.junit.AutoTests" name="[18] /home/travis/build/icyphy/ptII/ptolemy/domains/de/test/auto/DateToEvent.xml (RunModel)" time="2.052" />
  <testcase classname="ptolemy.util.test.junit.AutoTests" name="[19] /home/travis/build/icyphy/ptII/ptolemy/domains/de/test/auto/DepthTest1.xml (RunModel)" time="0.013" />
  <testcase classname="ptolemy.util.test.junit.AutoTests" name="[20] /home/travis/build/icyphy/ptII/ptolemy/domains/de/test/auto/DepthTest2.xml (RunModel)" time="0.024" />
  <testcase classname="ptolemy.util.test.junit.AutoTests" name="[21] /home/travis/build/icyphy/ptII/ptolemy/domains/de/test/auto/DepthTest3.xml (RunModel)" time="0.016" />
  <testcase classname="ptolemy.util.test.junit.AutoTests" name="[22] /home/travis/build/icyphy/ptII/ptolemy/domains/de/test/auto/DepthTest4.xml (RunModel)" time="0.013" />
  <testcase classname="ptolemy.util.test.junit.AutoTests" name="[23] /home/travis/build/icyphy/ptII/ptolemy/domains/de/test/auto/DepthTest5.xml (RunModel)" time="0.014" />
  <testcase classname="ptolemy.util.test.junit.AutoTests" name="[24] /home/travis/build/icyphy/ptII/ptolemy/domains/de/test/auto/DepthTest6.xml (RunModel)" time="0.012" />
  <testcase classname="ptolemy.util.test.junit.AutoTests" name="[25] /home/travis/build/icyphy/ptII/ptolemy/domains/de/test/auto/DepthTest7.xml (RunModel)" time="0.011" />
  <testcase classname="ptolemy.util.test.junit.AutoTests" name="[26] /home/travis/build/icyphy/ptII/ptolemy/domains/de/test/auto/EventToDate.xml (RunModel)" time="3.031" />
  <testcase classname="ptolemy.util.test.junit.AutoTests" name="[27] /home/travis/build/icyphy/ptII/ptolemy/domains/de/test/auto/FSM1.xml (RunModel)" time="0.032" />
  <testcase classname="ptolemy.util.test.junit.AutoTests" name="[28] /home/travis/build/icyphy/ptII/ptolemy/domains/de/test/auto/FSM7.xml (RunModel)" time="0.035" />
  <testcase classname="ptolemy.util.test.junit.AutoTests" name="[29] /home/travis/build/icyphy/ptII/ptolemy/domains/de/test/auto/Inspection.xml (RunModel)" time="0.046" />
  <testcase classname="ptolemy.util.test.junit.AutoTests" name="[30] /home/travis/build/icyphy/ptII/ptolemy/domains/de/test/auto/Iteration.xml (RunModel)" time="0.017" />
  <testcase classname="ptolemy.util.test.junit.AutoTests" name="[31] /home/travis/build/icyphy/ptII/ptolemy/domains/de/test/auto/LineFault.xml (RunModel)" time="0.512" />
  <testcase classname="ptolemy.util.test.junit.AutoTests" name="[32] /home/travis/build/icyphy/ptII/ptolemy/domains/de/test/auto/MergeModel1Add.xml (RunModel)" time="0.043" />
  <testcase classname="ptolemy.util.test.junit.AutoTests" name="[33] /home/travis/build/icyphy/ptII/ptolemy/domains/de/test/auto/MergeModel2Add.xml (RunModel)" time="0.037" />
  <testcase classname="ptolemy.util.test.junit.AutoTests" name="[34] /home/travis/build/icyphy/ptII/ptolemy/domains/de/test/auto/MergeModel3Add.xml (RunModel)" time="0.048" />
  <testcase classname="ptolemy.util.test.junit.AutoTests" name="[35] /home/travis/build/icyphy/ptII/ptolemy/domains/de/test/auto/MergeWithoutDiscard.xml (RunModel)" time="0.012" />
  <testcase classname="ptolemy.util.test.junit.AutoTests" name="[36] /home/travis/build/icyphy/ptII/ptolemy/domains/de/test/auto/Modal1.xml (RunModel)" time="0.025" />
  <testcase classname="ptolemy.util.test.junit.AutoTests" name="[37] /home/travis/build/icyphy/ptII/ptolemy/domains/de/test/auto/Modal2.xml (RunModel)" time="0.024" />
  <testcase classname="ptolemy.util.test.junit.AutoTests" name="[38] /home/travis/build/icyphy/ptII/ptolemy/domains/de/test/auto/Modal3.xml (RunModel)" time="0.025" />
  <testcase classname="ptolemy.util.test.junit.AutoTests" name="[39] /home/travis/build/icyphy/ptII/ptolemy/domains/de/test/auto/Modal4.xml (RunModel)" time="0.024" />
  <testcase classname="ptolemy.util.test.junit.AutoTests" name="[40] /home/travis/build/icyphy/ptII/ptolemy/domains/de/test/auto/Modal5.xml (RunModel)" time="0.025" />
  <testcase classname="ptolemy.util.test.junit.AutoTests" name="[41] /home/travis/build/icyphy/ptII/ptolemy/domains/de/test/auto/Modal6.xml (RunModel)" time="0.025" />
  <testcase classname="ptolemy.util.test.junit.AutoTests" name="[42] /home/travis/build/icyphy/ptII/ptolemy/domains/de/test/auto/Modal7.xml (RunModel)" time="0.026" />
  <testcase classname="ptolemy.util.test.junit.AutoTests" name="[43] /home/travis/build/icyphy/ptII/ptolemy/domains/de/test/auto/ModalModel.xml (RunModel)" time="0.165" />
  <testcase classname="ptolemy.util.test.junit.AutoTests" name="[44] /home/travis/build/icyphy/ptII/ptolemy/domains/de/test/auto/ModalSource.xml (RunModel)" time="0.019" />
  <testcase classname="ptolemy.util.test.junit.AutoTests" name="[45] /home/travis/build/icyphy/ptII/ptolemy/domains/de/test/auto/NonInterruptibleTimerZeroDelay.xml (RunModel)" time="0.008" />
  <testcase classname="ptolemy.util.test.junit.AutoTests" name="[46] /home/travis/build/icyphy/ptII/ptolemy/domains/de/test/auto/OpenQueueingNetwork.xml (RunModel)" time="2.163" />
  <testcase classname="ptolemy.util.test.junit.AutoTests" name="[47] /home/travis/build/icyphy/ptII/ptolemy/domains/de/test/auto/OpenQueuingNetwork.xml (RunModel)" time="0.267" />
  <testcase classname="ptolemy.util.test.junit.AutoTests" name="[48] /home/travis/build/icyphy/ptII/ptolemy/domains/de/test/auto/PeriodicSampler.xml (RunModel)" time="0.012" />
  <testcase classname="ptolemy.util.test.junit.AutoTests" name="[49] /home/travis/build/icyphy/ptII/ptolemy/domains/de/test/auto/PersistentIO.xml (RunModel)" time="0.022" />
  <testcase classname="ptolemy.util.test.junit.AutoTests" name="[50] /home/travis/build/icyphy/ptII/ptolemy/domains/de/test/auto/PortParameterResetOnInitialize.xml (RunModel)" time="0.011" />
  <testcase classname="ptolemy.util.test.junit.AutoTests" name="[51] /home/travis/build/icyphy/ptII/ptolemy/domains/de/test/auto/PortParameterUpdates.xml (RunModel)" time="0.016" />
  <testcase classname="ptolemy.util.test.junit.AutoTests" name="[52] /home/travis/build/icyphy/ptII/ptolemy/domains/de/test/auto/QueueAndServer.xml (RunModel)" time="0.022" />
  <testcase classname="ptolemy.util.test.junit.AutoTests" name="[53] /home/travis/build/icyphy/ptII/ptolemy/domains/de/test/auto/Records.xml (RunModel)" time="0.02" />
  <testcase classname="ptolemy.util.test.junit.AutoTests" name="[54] /home/travis/build/icyphy/ptII/ptolemy/domains/de/test/auto/ResetTransitionWithStartTime1.xml (RunModel)" time="0.019" />
  <testcase classname="ptolemy.util.test.junit.AutoTests" name="[55] /home/travis/build/icyphy/ptII/ptolemy/domains/de/test/auto/ResetTransitionWithStartTime2.xml (RunModel)" time="0.019" />
  <testcase classname="ptolemy.util.test.junit.AutoTests" name="[56] /home/travis/build/icyphy/ptII/ptolemy/domains/de/test/auto/ResetTransitionWithStartTime3.xml (RunModel)" time="0.017" />
  <testcase classname="ptolemy.util.test.junit.AutoTests" name="[57] /home/travis/build/icyphy/ptII/ptolemy/domains/de/test/auto/ResetTransitionWithStartTime4.xml (RunModel)" time="0.018" />
  <testcase classname="ptolemy.util.test.junit.AutoTests" name="[58] /home/travis/build/icyphy/ptII/ptolemy/domains/de/test/auto/ResettableTimer1.xml (RunModel)" time="0.01" />
  <testcase classname="ptolemy.util.test.junit.AutoTests" name="[59] /home/travis/build/icyphy/ptII/ptolemy/domains/de/test/auto/ResettableTimer2.xml (RunModel)" time="0.009" />
  <testcase classname="ptolemy.util.test.junit.AutoTests" name="[60] /home/travis/build/icyphy/ptII/ptolemy/domains/de/test/auto/ResettableTimer3.xml (RunModel)" time="0.009" />
  <testcase classname="ptolemy.util.test.junit.AutoTests" name="[61] /home/travis/build/icyphy/ptII/ptolemy/domains/de/test/auto/ResettableTimer4.xml (RunModel)" time="0.01" />
  <testcase classname="ptolemy.util.test.junit.AutoTests" name="[62] /home/travis/build/icyphy/ptII/ptolemy/domains/de/test/auto/ResettableTimer5.xml (RunModel)" time="0.009" />
  <testcase classname="ptolemy.util.test.junit.AutoTests" name="[63] /home/travis/build/icyphy/ptII/ptolemy/domains/de/test/auto/ResettableTimer6.xml (RunModel)" time="0.019" />
  <testcase classname="ptolemy.util.test.junit.AutoTests" name="[64] /home/travis/build/icyphy/ptII/ptolemy/domains/de/test/auto/ServerZeroDelay.xml (RunModel)" time="0.01" />
  <testcase classname="ptolemy.util.test.junit.AutoTests" name="[65] /home/travis/build/icyphy/ptII/ptolemy/domains/de/test/auto/SmartSender.xml (RunModel)" time="3.007" />
  <testcase classname="ptolemy.util.test.junit.AutoTests" name="[66] /home/travis/build/icyphy/ptII/ptolemy/domains/de/test/auto/ThreadedComposite.xml (RunModel)" time="0.259" />
  <testcase classname="ptolemy.util.test.junit.AutoTests" name="[67] /home/travis/build/icyphy/ptII/ptolemy/domains/de/test/auto/Time.xml (RunModel)" time="0.42" />
  <testcase classname="ptolemy.util.test.junit.AutoTests" name="[68] /home/travis/build/icyphy/ptII/ptolemy/domains/de/test/auto/TimeDelayZeroDelay.xml (RunModel)" time="0.018" />
  <testcase classname="ptolemy.util.test.junit.AutoTests" name="[69] /home/travis/build/icyphy/ptII/ptolemy/domains/de/test/auto/TimerZeroDelay.xml (RunModel)" time="0.009" />
  <testcase classname="ptolemy.util.test.junit.AutoTests" name="[70] /home/travis/build/icyphy/ptII/ptolemy/domains/de/test/auto/TimingParadox.xml (RunModel)" time="0.339" />
  <testcase classname="ptolemy.util.test.junit.AutoTests" name="[71] /home/travis/build/icyphy/ptII/ptolemy/domains/de/test/auto/TransferInputs.xml (RunModel)" time="0.017" />
  <testcase classname="ptolemy.util.test.junit.AutoTests" name="[72] /home/travis/build/icyphy/ptII/ptolemy/domains/de/test/auto/TransferOutputs2.xml (RunModel)" time="0.014" />
  <testcase classname="ptolemy.util.test.junit.AutoTests" name="[73] /home/travis/build/icyphy/ptII/ptolemy/domains/de/test/auto/Trilateration.xml (RunModel)" time="11.711" />
  <testcase classname="ptolemy.util.test.junit.AutoTests" name="[74] /home/travis/build/icyphy/ptII/ptolemy/domains/de/test/auto/TwoSigmaDelta.xml (RunModel)" time="2.065" />
  <testcase classname="ptolemy.util.test.junit.AutoTests" name="[75] /home/travis/build/icyphy/ptII/ptolemy/domains/de/test/auto/VariableDelay.xml (RunModel)" time="0.017" />
  <testcase classname="ptolemy.util.test.junit.AutoTests" name="[76] /home/travis/build/icyphy/ptII/ptolemy/domains/de/test/auto/VariableDelay2.xml (RunModel)" time="0.008" />
  <testcase classname="ptolemy.util.test.junit.AutoTests" name="[77] /home/travis/build/icyphy/ptII/ptolemy/domains/de/test/auto/VariableDelayZeroDelay.xml (RunModel)" time="0.009" />
  <testcase classname="ptolemy.util.test.junit.AutoTests" name="[78] /home/travis/build/icyphy/ptII/ptolemy/domains/de/test/auto/VariableDelayZeroDelay2.xml (RunModel)" time="0.007" />
  <testcase classname="ptolemy.util.test.junit.AutoTests" name="[79] /home/travis/build/icyphy/ptII/ptolemy/domains/de/test/auto/deInCt.xml (RunModel)" time="0.012" />
  <testcase classname="ptolemy.util.test.junit.AutoTests" name="[80] /home/travis/build/icyphy/ptII/ptolemy/domains/de/test/auto/deInCt2.xml (RunModel)" time="0.011" />
  <testcase classname="ptolemy.util.test.junit.AutoTests" name="[81] /home/travis/build/icyphy/ptII/ptolemy/domains/de/test/auto/dynamicCausalityInterface1.xml (RunModel)" time="0.015" />
  <testcase classname="ptolemy.util.test.junit.AutoTests" name="[82] /home/travis/build/icyphy/ptII/ptolemy/domains/de/test/auto/fsm_de_test.xml (RunModel)" time="0.018" />
  <testcase classname="ptolemy.util.test.junit.AutoTests" name="[83] /home/travis/build/icyphy/ptII/ptolemy/domains/de/test/auto/functionDependencyReconstruction.xml (RunModel)" time="0.029" />
  <testcase classname="ptolemy.util.test.junit.AutoTests" name="[84] /home/travis/build/icyphy/ptII/ptolemy/domains/de/test/auto/multirate.xml (RunModel)" time="0.012" />
  <testcase classname="ptolemy.util.test.junit.AutoTests" name="[85] /home/travis/build/icyphy/ptII/ptolemy/domains/de/test/auto/multirate2.xml (RunModel)" time="0.012" />
  <testcase classname="ptolemy.util.test.junit.AutoTests" name="[86] /home/travis/build/icyphy/ptII/ptolemy/domains/de/test/auto/realtime.xml (RunModel)" time="10.009" />
  <testcase classname="ptolemy.util.test.junit.AutoTests" name="[87] /home/travis/build/icyphy/ptII/ptolemy/domains/de/test/auto/relationGroup.xml (RunModel)" time="0.016" />
  <testcase classname="ptolemy.util.test.junit.AutoTests" name="[88] /home/travis/build/icyphy/ptII/ptolemy/domains/de/test/auto/relationGroup2.xml (RunModel)" time="0.008" />
  <testcase classname="ptolemy.util.test.junit.AutoTests" name="[89] /home/travis/build/icyphy/ptII/ptolemy/domains/de/test/auto/sortWithOpaquePorts.xml (RunModel)" time="0.007" />
  <testcase classname="ptolemy.util.test.junit.AutoTests" name="[90] /home/travis/build/icyphy/ptII/ptolemy/domains/de/test/auto/transferInputsandOutputs.xml (RunModel)" time="0.014" />
  <testcase classname="ptolemy.util.test.junit.AutoTests" name="[91] /home/travis/build/icyphy/ptII/ptolemy/domains/de/test/auto/triggerType.xml (RunModel)" time="0.007" />
  <system-out><![CDATA[/home/travis/build/icyphy/ptII/ptolemy/domains/de/test/DependencyLoop.tcl
testDefs.tcl: setting time out to 9000 seconds at Tue Apr 23 04:06:05 UTC 2019
12 ms. Memory: 116224K Free: 97602K (84%)
15 ms. Memory: 146944K Free: 140817K (96%)
/home/travis/build/icyphy/ptII/ptolemy/domains/de/test/RunDETestsAsQSS.tcl
Run the DE tests using ptolemy.domains.qss.test.QSSDirectorTest, which extends QSSDirector and prints a message in the constructors.
------------------ testing $PTII/ptolemy/domains/de/test/auto/knownFailedTests/dependencyLoop.xml (Known Failure) 
7 ms. Memory: 146944K Free: 136571K (93%)


==== $PTIIhome/travis/build/icyphy/ptII/ptolemy/domains/de/test/../../../../: Auto Automatic test in file $PTII/ptolemy/domains/de/test/auto/knownFailedTests/dependencyLoop.xml
==== Contents of test case:

	    # FIXME: we should use $relativeFilename here, but it
	    # might have backslashes under Windows, which causes no end
	    # of trouble.
	    createAndExecute $file
	    list {}
	
.... Test generated KNOWN error:
    while executing
ptolemy.kernel.util.IllegalActionException: Found a zero delay loop containing .dependencyLoop.original
  in .dependencyLoop and .dependencyLoop.original
	at ptolemy.actor.util.CausalityInterfaceForComposites._computeOutputPortDepth(CausalityInterfaceForComposites.java:759)
	at ptolemy.actor.util.CausalityInterfaceForComposites._computeInputDepth(CausalityInterfaceForComposites.java:696)
	at ptolemy.actor.util.CausalityInterfaceForComposites._computeOutputPortDepth(CausalityInterfaceForComposites.java:765)
	at ptolemy.actor.util.CausalityInterfaceForComposites._computeInputDepth(CausalityInterfaceForComposites.java:696)
	at ptolemy.actor.util.CausalityInterfaceForComposites._computeOutputPortDepth(CausalityInterfaceForComposites.java:765)
	at ptolemy.actor.util.CausalityInterfaceForComposites._computeInputDepth(CausalityInterfaceForComposites.java:696)
	at ptolemy.actor.util.CausalityInterfaceForComposites._computeActorDepth(CausalityInterfaceForComposites.java:532)
	at ptolemy.actor.util.CausalityInterfaceForComposites.checkForCycles(CausalityInterfaceForComposites.java:96)
	at ptolemy.domains.de.kernel.DEDirector.preinitialize(DEDirector.java:1338)
	at ptolemy.actor.CompositeActor.preinitialize(CompositeActor.java:1828)
	at ptolemy.actor.Manager.preinitializeAndResolveTypes(Manager.java:1040)
	at ptolemy.actor.Manager.initialize(Manager.java:710)
	at ptolemy.actor.Manager.execute(Manager.java:356)
	at ptolemy.actor.Manager.run(Manager.java:1263)
	at ptolemy.actor.Manager$PtolemyRunThread.run(Manager.java:1915)

    while executing
ptolemy.kernel.util.IllegalActionException: Found a zero delay loop containing .dependencyLoop.original
  in .dependencyLoop and .dependencyLoop.original
    while executing
"java::new ptolemy.moml.MoMLSimpleApplication $file
"
    (procedure "createAndExecute" line 2)
    invoked from within
"createAndExecute $file"
    ("uplevel" body line 5)
    invoked from within
"uplevel $contents_of_test"
------------------ testing $PTII/ptolemy/domains/de/test/auto/knownFailedTests/DESDFClockTest.xml (Known Failure) 
2060 ms. Memory: 146944K Free: 121390K (83%)


==== $PTIIhome/travis/build/icyphy/ptII/ptolemy/domains/de/test/../../../../: Auto Automatic test in file $PTII/ptolemy/domains/de/test/auto/knownFailedTests/DESDFClockTest.xml
==== Contents of test case:

	    # FIXME: we should use $relativeFilename here, but it
	    # might have backslashes under Windows, which causes no end
	    # of trouble.
	    createAndExecute $file
	    list {}
	
.... Test generated KNOWN error:
    while executing
ptolemy.kernel.util.IllegalActionException: Actor is not ready to fire.  Perhaps UpSample.prefire() returned false? Try debugging the actor by selecting "Listen to Actor".  Also, for SDF check moml for tokenConsumptionRate on input.
  in .DESDFClockTest.Play Bell.Copy1:SDF Director and .DESDFClockTest.Play Bell.UpSample
	at ptolemy.actor.sched.StaticSchedulingDirector.fire(StaticSchedulingDirector.java:227)
	at ptolemy.domains.sdf.kernel.SDFDirector.fire(SDFDirector.java:500)
	at ptolemy.actor.CompositeActor.fire(CompositeActor.java:455)
	at ptolemy.domains.de.kernel.DEDirector._fire(DEDirector.java:1949)
	at ptolemy.domains.de.kernel.DEDirector.fire(DEDirector.java:502)
	at ptolemy.actor.CompositeActor.fire(CompositeActor.java:455)
	at ptolemy.actor.Manager.iterate(Manager.java:851)
	at ptolemy.actor.Manager.execute(Manager.java:369)
	at ptolemy.actor.Manager.run(Manager.java:1263)
	at ptolemy.actor.Manager$PtolemyRunThread.run(Manager.java:1915)

    while executing
ptolemy.kernel.util.IllegalActionException: Actor is not ready to fire.  Perhaps UpSample.prefire() returned false? Try debugging the actor by selecting "Listen to Actor".  Also, for SDF check moml for tokenConsumptionRate on input.
  in .DESDFClockTest.Play Bell.Copy1:SDF Director and .DESDFClockTest.Play Bell.UpSample
    while executing
"java::new ptolemy.moml.MoMLSimpleApplication $file
"
    (procedure "createAndExecute" line 2)
    invoked from within
"createAndExecute $file"
    ("uplevel" body line 5)
    invoked from within
"uplevel $contents_of_test"
------------------ testing $PTII/ptolemy/domains/de/test/auto/knownFailedTests/FSMSource.xml (Known Failure) 
28 ms. Memory: 146944K Free: 112523K (77%)
!!!! Auto was marked as failing, but now passes
------------------ testing $PTII/ptolemy/domains/de/test/auto/knownFailedTests/dependencyLoop2.xml (Known Failure) 
5 ms. Memory: 146944K Free: 110639K (75%)


==== $PTIIhome/travis/build/icyphy/ptII/ptolemy/domains/de/test/../../../../: Auto Automatic test in file $PTII/ptolemy/domains/de/test/auto/knownFailedTests/dependencyLoop2.xml
==== Contents of test case:

	    # FIXME: we should use $relativeFilename here, but it
	    # might have backslashes under Windows, which causes no end
	    # of trouble.
	    createAndExecute $file
	    list {}
	
.... Test generated KNOWN error:
    while executing
ptolemy.kernel.util.IllegalActionException: Found a zero delay loop containing .dependencyLoop2.original
  in .dependencyLoop2 and .dependencyLoop2.original
	at ptolemy.actor.util.CausalityInterfaceForComposites._computeOutputPortDepth(CausalityInterfaceForComposites.java:759)
	at ptolemy.actor.util.CausalityInterfaceForComposites._computeInputDepth(CausalityInterfaceForComposites.java:696)
	at ptolemy.actor.util.CausalityInterfaceForComposites._computeOutputPortDepth(CausalityInterfaceForComposites.java:765)
	at ptolemy.actor.util.CausalityInterfaceForComposites._computeInputDepth(CausalityInterfaceForComposites.java:696)
	at ptolemy.actor.util.CausalityInterfaceForComposites._computeOutputPortDepth(CausalityInterfaceForComposites.java:765)
	at ptolemy.actor.util.CausalityInterfaceForComposites._computeInputDepth(CausalityInterfaceForComposites.java:696)
	at ptolemy.actor.util.CausalityInterfaceForComposites._computeActorDepth(CausalityInterfaceForComposites.java:532)
	at ptolemy.actor.util.CausalityInterfaceForComposites.checkForCycles(CausalityInterfaceForComposites.java:96)
	at ptolemy.domains.de.kernel.DEDirector.preinitialize(DEDirector.java:1338)
	at ptolemy.actor.CompositeActor.preinitialize(CompositeActor.java:1828)
	at ptolemy.actor.Manager.preinitializeAndResolveTypes(Manager.java:1040)
	at ptolemy.actor.Manager.initialize(Manager.java:710)
	at ptolemy.actor.Manager.execute(Manager.java:356)
	at ptolemy.actor.Manager.run(Manager.java:1263)
	at ptolemy.actor.Manager$PtolemyRunThread.run(Manager.java:1915)

    while executing
ptolemy.kernel.util.IllegalActionException: Found a zero delay loop containing .dependencyLoop2.original
  in .dependencyLoop2 and .dependencyLoop2.original
    while executing
"java::new ptolemy.moml.MoMLSimpleApplication $file
"
    (procedure "createAndExecute" line 2)
    invoked from within
"createAndExecute $file"
    ("uplevel" body line 5)
    invoked from within
"uplevel $contents_of_test"
------------------ testing $PTII/ptolemy/domains/de/test/auto/knownFailedTests/HierarchicalModel.xml (Known Failure) 
9 ms. Memory: 146944K Free: 90469K (62%)


==== $PTIIhome/travis/build/icyphy/ptII/ptolemy/domains/de/test/../../../../: Auto Automatic test in file $PTII/ptolemy/domains/de/test/auto/knownFailedTests/HierarchicalModel.xml
==== Contents of test case:

	    # FIXME: we should use $relativeFilename here, but it
	    # might have backslashes under Windows, which causes no end
	    # of trouble.
	    createAndExecute $file
	    list {}
	
.... Test generated KNOWN error:
    while executing
ptolemy.kernel.util.IllegalActionException: Found a zero delay loop containing .HierarchicalModel.A
  in .HierarchicalModel and .HierarchicalModel.A
	at ptolemy.actor.util.CausalityInterfaceForComposites._computeOutputPortDepth(CausalityInterfaceForComposites.java:759)
	at ptolemy.actor.util.CausalityInterfaceForComposites._computeInputDepth(CausalityInterfaceForComposites.java:696)
	at ptolemy.actor.util.CausalityInterfaceForComposites._computeOutputPortDepth(CausalityInterfaceForComposites.java:765)
	at ptolemy.actor.util.CausalityInterfaceForComposites._computeInputDepth(CausalityInterfaceForComposites.java:696)
	at ptolemy.actor.util.CausalityInterfaceForComposites._computeOutputPortDepth(CausalityInterfaceForComposites.java:765)
	at ptolemy.actor.util.CausalityInterfaceForComposites._computeInputDepth(CausalityInterfaceForComposites.java:696)
	at ptolemy.actor.util.CausalityInterfaceForComposites._computeActorDepth(CausalityInterfaceForComposites.java:532)
	at ptolemy.actor.util.CausalityInterfaceForComposites.checkForCycles(CausalityInterfaceForComposites.java:96)
	at ptolemy.domains.de.kernel.DEDirector.preinitialize(DEDirector.java:1338)
	at ptolemy.actor.CompositeActor.preinitialize(CompositeActor.java:1828)
	at ptolemy.actor.Manager.preinitializeAndResolveTypes(Manager.java:1040)
	at ptolemy.actor.Manager.initialize(Manager.java:710)
	at ptolemy.actor.Manager.execute(Manager.java:356)
	at ptolemy.actor.Manager.run(Manager.java:1263)
	at ptolemy.actor.Manager$PtolemyRunThread.run(Manager.java:1915)

    while executing
ptolemy.kernel.util.IllegalActionException: Found a zero delay loop containing .HierarchicalModel.A
  in .HierarchicalModel and .HierarchicalModel.A
    while executing
"java::new ptolemy.moml.MoMLSimpleApplication $file
"
    (procedure "createAndExecute" line 2)
    invoked from within
"createAndExecute $file"
    ("uplevel" body line 5)
    invoked from within
"uplevel $contents_of_test"
------------------ testing $PTII/ptolemy/domains/de/test/auto/knownFailedTests/DirectFeedback.xml (Known Failure) 
4 ms. Memory: 146944K Free: 86351K (59%)


==== $PTIIhome/travis/build/icyphy/ptII/ptolemy/domains/de/test/../../../../: Auto Automatic test in file $PTII/ptolemy/domains/de/test/auto/knownFailedTests/DirectFeedback.xml
==== Contents of test case:

	    # FIXME: we should use $relativeFilename here, but it
	    # might have backslashes under Windows, which causes no end
	    # of trouble.
	    createAndExecute $file
	    list {}
	
.... Test generated KNOWN error:
    while executing
ptolemy.kernel.util.IllegalActionException: Test fails in iteration 1.
Value was: 1.0. Should have been: 2.0
  in .DirectFeedback.Test
	at ptolemy.actor.lib.Test.fire(Test.java:268)
	at ptolemy.domains.de.kernel.DEDirector._fire(DEDirector.java:1949)
	at ptolemy.domains.de.kernel.DEDirector.fire(DEDirector.java:502)
	at ptolemy.actor.CompositeActor.fire(CompositeActor.java:455)
	at ptolemy.actor.Manager.iterate(Manager.java:851)
	at ptolemy.actor.Manager.execute(Manager.java:369)
	at ptolemy.actor.Manager.run(Manager.java:1263)
	at ptolemy.actor.Manager$PtolemyRunThread.run(Manager.java:1915)

    while executing
ptolemy.kernel.util.IllegalActionException: Test fails in iteration 1.
Value was: 1.0. Should have been: 2.0
  in .DirectFeedback.Test
    while executing
"java::new ptolemy.moml.MoMLSimpleApplication $file
"
    (procedure "createAndExecute" line 2)
    invoked from within
"createAndExecute $file"
    ("uplevel" body line 5)
    invoked from within
"uplevel $contents_of_test"
------------------ testing $PTII/ptolemy/domains/de/test/auto/ActorDepthCalculation_actorWithoutPorts.xml
auto.tcl: Setting watchdog for 200 seconds at Tue Apr 23 04:06:08 UTC 2019
7 ms. Memory: 146944K Free: 139722K (95%)
ptolemy.util.test.WatchDog.cancel(): canceling Tue Apr 23 04:06:08 UTC 2019
auto.tcl: Setting watchdog for 200 seconds at Tue Apr 23 04:06:08 UTC 2019
4 ms. Memory: 146944K Free: 137691K (94%)
ptolemy.util.test.WatchDog.cancel(): canceling Tue Apr 23 04:06:08 UTC 2019
------------------ testing $PTII/ptolemy/domains/de/test/auto/AssemblyLine.xml
auto.tcl: Setting watchdog for 200 seconds at Tue Apr 23 04:06:08 UTC 2019
13 ms. Memory: 208384K Free: 186303K (89%)
ptolemy.util.test.WatchDog.cancel(): canceling Tue Apr 23 04:06:09 UTC 2019
auto.tcl: Setting watchdog for 200 seconds at Tue Apr 23 04:06:09 UTC 2019
12 ms. Memory: 208384K Free: 186303K (89%)
ptolemy.util.test.WatchDog.cancel(): canceling Tue Apr 23 04:06:09 UTC 2019
------------------ testing $PTII/ptolemy/domains/de/test/auto/CQBug1.xml
auto.tcl: Setting watchdog for 200 seconds at Tue Apr 23 04:06:09 UTC 2019
4 ms. Memory: 208384K Free: 197919K (95%)
ptolemy.util.test.WatchDog.cancel(): canceling Tue Apr 23 04:06:09 UTC 2019
auto.tcl: Setting watchdog for 200 seconds at Tue Apr 23 04:06:09 UTC 2019
2 ms. Memory: 208384K Free: 197919K (95%)
ptolemy.util.test.WatchDog.cancel(): canceling Tue Apr 23 04:06:09 UTC 2019
------------------ testing $PTII/ptolemy/domains/de/test/auto/CancelFireAt.xml
auto.tcl: Setting watchdog for 200 seconds at Tue Apr 23 04:06:09 UTC 2019
8 ms. Memory: 208384K Free: 201563K (97%)
ptolemy.util.test.WatchDog.cancel(): canceling Tue Apr 23 04:06:09 UTC 2019
auto.tcl: Setting watchdog for 200 seconds at Tue Apr 23 04:06:09 UTC 2019
2 ms. Memory: 208384K Free: 199534K (96%)
ptolemy.util.test.WatchDog.cancel(): canceling Tue Apr 23 04:06:09 UTC 2019
------------------ testing $PTII/ptolemy/domains/de/test/auto/CausalityAndComposabilityAnalysis.xml
auto.tcl: Setting watchdog for 200 seconds at Tue Apr 23 04:06:09 UTC 2019
21 ms. Memory: 208384K Free: 198613K (95%)
ptolemy.util.test.WatchDog.cancel(): canceling Tue Apr 23 04:06:09 UTC 2019
auto.tcl: Setting watchdog for 200 seconds at Tue Apr 23 04:06:09 UTC 2019
5 ms. Memory: 208384K Free: 196583K (94%)
ptolemy.util.test.WatchDog.cancel(): canceling Tue Apr 23 04:06:09 UTC 2019
------------------ testing $PTII/ptolemy/domains/de/test/auto/CausalityInterface1.xml
auto.tcl: Setting watchdog for 200 seconds at Tue Apr 23 04:06:09 UTC 2019
17 ms. Memory: 208384K Free: 196521K (94%)
ptolemy.util.test.WatchDog.cancel(): canceling Tue Apr 23 04:06:09 UTC 2019
auto.tcl: Setting watchdog for 200 seconds at Tue Apr 23 04:06:09 UTC 2019
4 ms. Memory: 208384K Free: 196521K (94%)
ptolemy.util.test.WatchDog.cancel(): canceling Tue Apr 23 04:06:09 UTC 2019
------------------ testing $PTII/ptolemy/domains/de/test/auto/CausalityInterface15.xml
auto.tcl: Setting watchdog for 200 seconds at Tue Apr 23 04:06:09 UTC 2019
4 ms. Memory: 208384K Free: 196480K (94%)
ptolemy.util.test.WatchDog.cancel(): canceling Tue Apr 23 04:06:09 UTC 2019
auto.tcl: Setting watchdog for 200 seconds at Tue Apr 23 04:06:09 UTC 2019
7 ms. Memory: 208384K Free: 196480K (94%)
ptolemy.util.test.WatchDog.cancel(): canceling Tue Apr 23 04:06:09 UTC 2019
------------------ testing $PTII/ptolemy/domains/de/test/auto/CausalityInterface2.xml
auto.tcl: Setting watchdog for 200 seconds at Tue Apr 23 04:06:09 UTC 2019
8 ms. Memory: 208384K Free: 196496K (94%)
ptolemy.util.test.WatchDog.cancel(): canceling Tue Apr 23 04:06:09 UTC 2019
auto.tcl: Setting watchdog for 200 seconds at Tue Apr 23 04:06:09 UTC 2019
3 ms. Memory: 208384K Free: 196496K (94%)
ptolemy.util.test.WatchDog.cancel(): canceling Tue Apr 23 04:06:09 UTC 2019
------------------ testing $PTII/ptolemy/domains/de/test/auto/CausalityInterface3.xml
auto.tcl: Setting watchdog for 200 seconds at Tue Apr 23 04:06:09 UTC 2019
8 ms. Memory: 208384K Free: 196508K (94%)
ptolemy.util.test.WatchDog.cancel(): canceling Tue Apr 23 04:06:09 UTC 2019
auto.tcl: Setting watchdog for 200 seconds at Tue Apr 23 04:06:09 UTC 2019
3 ms. Memory: 208384K Free: 196508K (94%)
ptolemy.util.test.WatchDog.cancel(): canceling Tue Apr 23 04:06:09 UTC 2019
------------------ testing $PTII/ptolemy/domains/de/test/auto/ClockDrift.xml
auto.tcl: Setting watchdog for 200 seconds at Tue Apr 23 04:06:09 UTC 2019
88 ms. Memory: 208384K Free: 187951K (90%)
ptolemy.util.test.WatchDog.cancel(): canceling Tue Apr 23 04:06:09 UTC 2019
auto.tcl: Setting watchdog for 200 seconds at Tue Apr 23 04:06:09 UTC 2019
59 ms. Memory: 208384K Free: 185921K (89%)
ptolemy.util.test.WatchDog.cancel(): canceling Tue Apr 23 04:06:10 UTC 2019
------------------ testing $PTII/ptolemy/domains/de/test/auto/ClockDriftAndValueChange.xml
auto.tcl: Setting watchdog for 200 seconds at Tue Apr 23 04:06:10 UTC 2019
49 ms. Memory: 208384K Free: 187786K (90%)
ptolemy.util.test.WatchDog.cancel(): canceling Tue Apr 23 04:06:10 UTC 2019
auto.tcl: Setting watchdog for 200 seconds at Tue Apr 23 04:06:10 UTC 2019
31 ms. Memory: 208384K Free: 185756K (89%)
ptolemy.util.test.WatchDog.cancel(): canceling Tue Apr 23 04:06:10 UTC 2019
------------------ testing $PTII/ptolemy/domains/de/test/auto/ClockDriftChange.xml
auto.tcl: Setting watchdog for 200 seconds at Tue Apr 23 04:06:10 UTC 2019
35 ms. Memory: 208384K Free: 191045K (92%)
ptolemy.util.test.WatchDog.cancel(): canceling Tue Apr 23 04:06:10 UTC 2019
auto.tcl: Setting watchdog for 200 seconds at Tue Apr 23 04:06:10 UTC 2019
20 ms. Memory: 208384K Free: 189016K (91%)
ptolemy.util.test.WatchDog.cancel(): canceling Tue Apr 23 04:06:10 UTC 2019
------------------ testing $PTII/ptolemy/domains/de/test/auto/ComposableCausalityAnalysis.xml
auto.tcl: Setting watchdog for 200 seconds at Tue Apr 23 04:06:10 UTC 2019
5 ms. Memory: 208384K Free: 196370K (94%)
ptolemy.util.test.WatchDog.cancel(): canceling Tue Apr 23 04:06:10 UTC 2019
auto.tcl: Setting watchdog for 200 seconds at Tue Apr 23 04:06:10 UTC 2019
2 ms. Memory: 208384K Free: 194341K (93%)
ptolemy.util.test.WatchDog.cancel(): canceling Tue Apr 23 04:06:10 UTC 2019
------------------ testing $PTII/ptolemy/domains/de/test/auto/DEFixedPointLimitation.xml
auto.tcl: Setting watchdog for 200 seconds at Tue Apr 23 04:06:10 UTC 2019
2 ms. Memory: 208384K Free: 196451K (94%)
ptolemy.util.test.WatchDog.cancel(): canceling Tue Apr 23 04:06:10 UTC 2019
auto.tcl: Setting watchdog for 200 seconds at Tue Apr 23 04:06:10 UTC 2019
1 ms. Memory: 208384K Free: 196451K (94%)
ptolemy.util.test.WatchDog.cancel(): canceling Tue Apr 23 04:06:10 UTC 2019
------------------ testing $PTII/ptolemy/domains/de/test/auto/DEScheduleTest.xml
auto.tcl: Setting watchdog for 200 seconds at Tue Apr 23 04:06:10 UTC 2019
4 ms. Memory: 208384K Free: 199036K (96%)
ptolemy.util.test.WatchDog.cancel(): canceling Tue Apr 23 04:06:10 UTC 2019
auto.tcl: Setting watchdog for 200 seconds at Tue Apr 23 04:06:10 UTC 2019
3 ms. Memory: 208384K Free: 197006K (95%)
ptolemy.util.test.WatchDog.cancel(): canceling Tue Apr 23 04:06:10 UTC 2019
------------------ testing $PTII/ptolemy/domains/de/test/auto/DEinDEwithStartTimes.xml
auto.tcl: Setting watchdog for 200 seconds at Tue Apr 23 04:06:10 UTC 2019
3 ms. Memory: 208384K Free: 196457K (94%)
ptolemy.util.test.WatchDog.cancel(): canceling Tue Apr 23 04:06:10 UTC 2019
auto.tcl: Setting watchdog for 200 seconds at Tue Apr 23 04:06:10 UTC 2019
3 ms. Memory: 208384K Free: 194427K (93%)
ptolemy.util.test.WatchDog.cancel(): canceling Tue Apr 23 04:06:10 UTC 2019
------------------ testing $PTII/ptolemy/domains/de/test/auto/DEinDEwithStartTimes2.xml
auto.tcl: Setting watchdog for 200 seconds at Tue Apr 23 04:06:10 UTC 2019
7 ms. Memory: 208384K Free: 196436K (94%)
ptolemy.util.test.WatchDog.cancel(): canceling Tue Apr 23 04:06:10 UTC 2019
auto.tcl: Setting watchdog for 200 seconds at Tue Apr 23 04:06:10 UTC 2019
4 ms. Memory: 208384K Free: 194407K (93%)
ptolemy.util.test.WatchDog.cancel(): canceling Tue Apr 23 04:06:10 UTC 2019
------------------ testing $PTII/ptolemy/domains/de/test/auto/DateDemo.xml
auto.tcl: Setting watchdog for 200 seconds at Tue Apr 23 04:06:10 UTC 2019
16 ms. Memory: 208384K Free: 189078K (91%)
ptolemy.util.test.WatchDog.cancel(): canceling Tue Apr 23 04:06:10 UTC 2019
auto.tcl: Setting watchdog for 200 seconds at Tue Apr 23 04:06:10 UTC 2019
8 ms. Memory: 208384K Free: 187049K (90%)
ptolemy.util.test.WatchDog.cancel(): canceling Tue Apr 23 04:06:10 UTC 2019
------------------ testing $PTII/ptolemy/domains/de/test/auto/DateToEvent.xml
auto.tcl: Setting watchdog for 200 seconds at Tue Apr 23 04:06:10 UTC 2019
2023 ms. Memory: 208384K Free: 183995K (88%)
ptolemy.util.test.WatchDog.cancel(): canceling Tue Apr 23 04:06:13 UTC 2019
auto.tcl: Setting watchdog for 200 seconds at Tue Apr 23 04:06:13 UTC 2019
2005 ms. Memory: 208384K Free: 183995K (88%)
ptolemy.util.test.WatchDog.cancel(): canceling Tue Apr 23 04:06:15 UTC 2019
------------------ testing $PTII/ptolemy/domains/de/test/auto/DepthTest1.xml
auto.tcl: Setting watchdog for 200 seconds at Tue Apr 23 04:06:15 UTC 2019
4 ms. Memory: 208384K Free: 198044K (95%)
ptolemy.util.test.WatchDog.cancel(): canceling Tue Apr 23 04:06:15 UTC 2019
auto.tcl: Setting watchdog for 200 seconds at Tue Apr 23 04:06:15 UTC 2019
1 ms. Memory: 208384K Free: 198044K (95%)
ptolemy.util.test.WatchDog.cancel(): canceling Tue Apr 23 04:06:15 UTC 2019
------------------ testing $PTII/ptolemy/domains/de/test/auto/DepthTest2.xml
auto.tcl: Setting watchdog for 200 seconds at Tue Apr 23 04:06:15 UTC 2019
5 ms. Memory: 208384K Free: 194386K (93%)
ptolemy.util.test.WatchDog.cancel(): canceling Tue Apr 23 04:06:15 UTC 2019
auto.tcl: Setting watchdog for 200 seconds at Tue Apr 23 04:06:15 UTC 2019
2 ms. Memory: 208384K Free: 194386K (93%)
ptolemy.util.test.WatchDog.cancel(): canceling Tue Apr 23 04:06:15 UTC 2019
------------------ testing $PTII/ptolemy/domains/de/test/auto/DepthTest3.xml
auto.tcl: Setting watchdog for 200 seconds at Tue Apr 23 04:06:15 UTC 2019
4 ms. Memory: 208384K Free: 198378K (95%)
ptolemy.util.test.WatchDog.cancel(): canceling Tue Apr 23 04:06:15 UTC 2019
auto.tcl: Setting watchdog for 200 seconds at Tue Apr 23 04:06:15 UTC 2019
2 ms. Memory: 208384K Free: 198378K (95%)
ptolemy.util.test.WatchDog.cancel(): canceling Tue Apr 23 04:06:15 UTC 2019
------------------ testing $PTII/ptolemy/domains/de/test/auto/DepthTest4.xml
auto.tcl: Setting watchdog for 200 seconds at Tue Apr 23 04:06:15 UTC 2019
5 ms. Memory: 208384K Free: 196436K (94%)
ptolemy.util.test.WatchDog.cancel(): canceling Tue Apr 23 04:06:15 UTC 2019
auto.tcl: Setting watchdog for 200 seconds at Tue Apr 23 04:06:15 UTC 2019
2 ms. Memory: 208384K Free: 196436K (94%)
ptolemy.util.test.WatchDog.cancel(): canceling Tue Apr 23 04:06:15 UTC 2019
------------------ testing $PTII/ptolemy/domains/de/test/auto/DepthTest5.xml
auto.tcl: Setting watchdog for 200 seconds at Tue Apr 23 04:06:15 UTC 2019
7 ms. Memory: 208384K Free: 196902K (94%)
ptolemy.util.test.WatchDog.cancel(): canceling Tue Apr 23 04:06:15 UTC 2019
auto.tcl: Setting watchdog for 200 seconds at Tue Apr 23 04:06:15 UTC 2019
2 ms. Memory: 208384K Free: 196902K (94%)
ptolemy.util.test.WatchDog.cancel(): canceling Tue Apr 23 04:06:15 UTC 2019
------------------ testing $PTII/ptolemy/domains/de/test/auto/DepthTest6.xml
auto.tcl: Setting watchdog for 200 seconds at Tue Apr 23 04:06:15 UTC 2019
10 ms. Memory: 208384K Free: 196878K (94%)
ptolemy.util.test.WatchDog.cancel(): canceling Tue Apr 23 04:06:15 UTC 2019
auto.tcl: Setting watchdog for 200 seconds at Tue Apr 23 04:06:15 UTC 2019
3 ms. Memory: 208384K Free: 196878K (94%)
ptolemy.util.test.WatchDog.cancel(): canceling Tue Apr 23 04:06:15 UTC 2019
------------------ testing $PTII/ptolemy/domains/de/test/auto/DepthTest7.xml
auto.tcl: Setting watchdog for 200 seconds at Tue Apr 23 04:06:15 UTC 2019
3 ms. Memory: 208384K Free: 196341K (94%)
ptolemy.util.test.WatchDog.cancel(): canceling Tue Apr 23 04:06:15 UTC 2019
auto.tcl: Setting watchdog for 200 seconds at Tue Apr 23 04:06:15 UTC 2019
2 ms. Memory: 208384K Free: 196341K (94%)
ptolemy.util.test.WatchDog.cancel(): canceling Tue Apr 23 04:06:15 UTC 2019
------------------ testing $PTII/ptolemy/domains/de/test/auto/EventToDate.xml
auto.tcl: Setting watchdog for 200 seconds at Tue Apr 23 04:06:15 UTC 2019
3010 ms. Memory: 208384K Free: 186214K (89%)
ptolemy.util.test.WatchDog.cancel(): canceling Tue Apr 23 04:06:18 UTC 2019
auto.tcl: Setting watchdog for 200 seconds at Tue Apr 23 04:06:18 UTC 2019
3005 ms. Memory: 208384K Free: 186214K (89%)
ptolemy.util.test.WatchDog.cancel(): canceling Tue Apr 23 04:06:21 UTC 2019
------------------ testing $PTII/ptolemy/domains/de/test/auto/FSM1.xml
auto.tcl: Setting watchdog for 200 seconds at Tue Apr 23 04:06:21 UTC 2019
17 ms. Memory: 208384K Free: 189534K (91%)
ptolemy.util.test.WatchDog.cancel(): canceling Tue Apr 23 04:06:21 UTC 2019
auto.tcl: Setting watchdog for 200 seconds at Tue Apr 23 04:06:21 UTC 2019
15 ms. Memory: 208384K Free: 185475K (89%)
ptolemy.util.test.WatchDog.cancel(): canceling Tue Apr 23 04:06:21 UTC 2019
------------------ testing $PTII/ptolemy/domains/de/test/auto/FSM7.xml
auto.tcl: Setting watchdog for 200 seconds at Tue Apr 23 04:06:21 UTC 2019
29 ms. Memory: 208384K Free: 187708K (90%)
ptolemy.util.test.WatchDog.cancel(): canceling Tue Apr 23 04:06:21 UTC 2019
auto.tcl: Setting watchdog for 200 seconds at Tue Apr 23 04:06:21 UTC 2019
20 ms. Memory: 208384K Free: 185678K (89%)
ptolemy.util.test.WatchDog.cancel(): canceling Tue Apr 23 04:06:21 UTC 2019
------------------ testing $PTII/ptolemy/domains/de/test/auto/Inspection.xml
auto.tcl: Setting watchdog for 200 seconds at Tue Apr 23 04:06:22 UTC 2019
20 ms. Memory: 208384K Free: 188921K (91%)
ptolemy.util.test.WatchDog.cancel(): canceling Tue Apr 23 04:06:22 UTC 2019
auto.tcl: Setting watchdog for 200 seconds at Tue Apr 23 04:06:22 UTC 2019
22 ms. Memory: 208384K Free: 186891K (90%)
ptolemy.util.test.WatchDog.cancel(): canceling Tue Apr 23 04:06:22 UTC 2019
------------------ testing $PTII/ptolemy/domains/de/test/auto/Iteration.xml
auto.tcl: Setting watchdog for 200 seconds at Tue Apr 23 04:06:22 UTC 2019
6 ms. Memory: 208384K Free: 196667K (94%)
ptolemy.util.test.WatchDog.cancel(): canceling Tue Apr 23 04:06:22 UTC 2019
auto.tcl: Setting watchdog for 200 seconds at Tue Apr 23 04:06:22 UTC 2019
7 ms. Memory: 208384K Free: 194637K (93%)
ptolemy.util.test.WatchDog.cancel(): canceling Tue Apr 23 04:06:22 UTC 2019
------------------ testing $PTII/ptolemy/domains/de/test/auto/LineFault.xml
auto.tcl: Setting watchdog for 200 seconds at Tue Apr 23 04:06:22 UTC 2019
732 ms. Memory: 208384K Free: 201070K (96%)
ptolemy.util.test.WatchDog.cancel(): canceling Tue Apr 23 04:06:23 UTC 2019
auto.tcl: Setting watchdog for 200 seconds at Tue Apr 23 04:06:23 UTC 2019
665 ms. Memory: 208384K Free: 143991K (69%)
ptolemy.util.test.WatchDog.cancel(): canceling Tue Apr 23 04:06:23 UTC 2019
------------------ testing $PTII/ptolemy/domains/de/test/auto/MergeModel1Add.xml
auto.tcl: Setting watchdog for 200 seconds at Tue Apr 23 04:06:23 UTC 2019
23 ms. Memory: 331264K Free: 300933K (91%)
ptolemy.util.test.WatchDog.cancel(): canceling Tue Apr 23 04:06:24 UTC 2019
auto.tcl: Setting watchdog for 200 seconds at Tue Apr 23 04:06:24 UTC 2019
13 ms. Memory: 331264K Free: 300933K (91%)
ptolemy.util.test.WatchDog.cancel(): canceling Tue Apr 23 04:06:24 UTC 2019
------------------ testing $PTII/ptolemy/domains/de/test/auto/MergeModel2Add.xml
auto.tcl: Setting watchdog for 200 seconds at Tue Apr 23 04:06:24 UTC 2019
11 ms. Memory: 331264K Free: 305833K (92%)
ptolemy.util.test.WatchDog.cancel(): canceling Tue Apr 23 04:06:24 UTC 2019
auto.tcl: Setting watchdog for 200 seconds at Tue Apr 23 04:06:24 UTC 2019
7 ms. Memory: 331264K Free: 302287K (91%)
ptolemy.util.test.WatchDog.cancel(): canceling Tue Apr 23 04:06:24 UTC 2019
------------------ testing $PTII/ptolemy/domains/de/test/auto/MergeModel3Add.xml
auto.tcl: Setting watchdog for 200 seconds at Tue Apr 23 04:06:24 UTC 2019
11 ms. Memory: 331264K Free: 305812K (92%)
ptolemy.util.test.WatchDog.cancel(): canceling Tue Apr 23 04:06:24 UTC 2019
auto.tcl: Setting watchdog for 200 seconds at Tue Apr 23 04:06:24 UTC 2019
8 ms. Memory: 331264K Free: 302263K (91%)
ptolemy.util.test.WatchDog.cancel(): canceling Tue Apr 23 04:06:24 UTC 2019
------------------ testing $PTII/ptolemy/domains/de/test/auto/MergeWithoutDiscard.xml
auto.tcl: Setting watchdog for 200 seconds at Tue Apr 23 04:06:24 UTC 2019
3 ms. Memory: 331264K Free: 317155K (96%)
ptolemy.util.test.WatchDog.cancel(): canceling Tue Apr 23 04:06:24 UTC 2019
auto.tcl: Setting watchdog for 200 seconds at Tue Apr 23 04:06:24 UTC 2019
1 ms. Memory: 331264K Free: 317155K (96%)
ptolemy.util.test.WatchDog.cancel(): canceling Tue Apr 23 04:06:24 UTC 2019
------------------ testing $PTII/ptolemy/domains/de/test/auto/Modal1.xml
auto.tcl: Setting watchdog for 200 seconds at Tue Apr 23 04:06:24 UTC 2019
11 ms. Memory: 331264K Free: 310381K (94%)
ptolemy.util.test.WatchDog.cancel(): canceling Tue Apr 23 04:06:24 UTC 2019
auto.tcl: Setting watchdog for 200 seconds at Tue Apr 23 04:06:24 UTC 2019
12 ms. Memory: 331264K Free: 306835K (93%)
ptolemy.util.test.WatchDog.cancel(): canceling Tue Apr 23 04:06:24 UTC 2019
------------------ testing $PTII/ptolemy/domains/de/test/auto/Modal2.xml
auto.tcl: Setting watchdog for 200 seconds at Tue Apr 23 04:06:24 UTC 2019
17 ms. Memory: 331264K Free: 310246K (94%)
ptolemy.util.test.WatchDog.cancel(): canceling Tue Apr 23 04:06:24 UTC 2019
auto.tcl: Setting watchdog for 200 seconds at Tue Apr 23 04:06:24 UTC 2019
19 ms. Memory: 331264K Free: 306700K (93%)
ptolemy.util.test.WatchDog.cancel(): canceling Tue Apr 23 04:06:24 UTC 2019
------------------ testing $PTII/ptolemy/domains/de/test/auto/Modal3.xml
auto.tcl: Setting watchdog for 200 seconds at Tue Apr 23 04:06:24 UTC 2019
12 ms. Memory: 331264K Free: 310252K (94%)
ptolemy.util.test.WatchDog.cancel(): canceling Tue Apr 23 04:06:24 UTC 2019
auto.tcl: Setting watchdog for 200 seconds at Tue Apr 23 04:06:24 UTC 2019
12 ms. Memory: 331264K Free: 306706K (93%)
ptolemy.util.test.WatchDog.cancel(): canceling Tue Apr 23 04:06:24 UTC 2019
------------------ testing $PTII/ptolemy/domains/de/test/auto/Modal4.xml
auto.tcl: Setting watchdog for 200 seconds at Tue Apr 23 04:06:24 UTC 2019
22 ms. Memory: 331264K Free: 310257K (94%)
ptolemy.util.test.WatchDog.cancel(): canceling Tue Apr 23 04:06:24 UTC 2019
auto.tcl: Setting watchdog for 200 seconds at Tue Apr 23 04:06:24 UTC 2019
27 ms. Memory: 331264K Free: 306711K (93%)
ptolemy.util.test.WatchDog.cancel(): canceling Tue Apr 23 04:06:24 UTC 2019
------------------ testing $PTII/ptolemy/domains/de/test/auto/Modal5.xml
auto.tcl: Setting watchdog for 200 seconds at Tue Apr 23 04:06:24 UTC 2019
17 ms. Memory: 331264K Free: 310244K (94%)
ptolemy.util.test.WatchDog.cancel(): canceling Tue Apr 23 04:06:24 UTC 2019
auto.tcl: Setting watchdog for 200 seconds at Tue Apr 23 04:06:24 UTC 2019
13 ms. Memory: 331264K Free: 306698K (93%)
ptolemy.util.test.WatchDog.cancel(): canceling Tue Apr 23 04:06:24 UTC 2019
------------------ testing $PTII/ptolemy/domains/de/test/auto/Modal6.xml
auto.tcl: Setting watchdog for 200 seconds at Tue Apr 23 04:06:24 UTC 2019
12 ms. Memory: 331264K Free: 310242K (94%)
ptolemy.util.test.WatchDog.cancel(): canceling Tue Apr 23 04:06:25 UTC 2019
auto.tcl: Setting watchdog for 200 seconds at Tue Apr 23 04:06:25 UTC 2019
13 ms. Memory: 331264K Free: 306696K (93%)
ptolemy.util.test.WatchDog.cancel(): canceling Tue Apr 23 04:06:25 UTC 2019
------------------ testing $PTII/ptolemy/domains/de/test/auto/Modal7.xml
auto.tcl: Setting watchdog for 200 seconds at Tue Apr 23 04:06:25 UTC 2019
19 ms. Memory: 331264K Free: 306696K (93%)
ptolemy.util.test.WatchDog.cancel(): canceling Tue Apr 23 04:06:25 UTC 2019
auto.tcl: Setting watchdog for 200 seconds at Tue Apr 23 04:06:25 UTC 2019
13 ms. Memory: 331264K Free: 303150K (92%)
ptolemy.util.test.WatchDog.cancel(): canceling Tue Apr 23 04:06:25 UTC 2019
------------------ testing $PTII/ptolemy/domains/de/test/auto/ModalModel.xml
auto.tcl: Setting watchdog for 200 seconds at Tue Apr 23 04:06:25 UTC 2019
214 ms. Memory: 331264K Free: 247961K (75%)
ptolemy.util.test.WatchDog.cancel(): canceling Tue Apr 23 04:06:25 UTC 2019
auto.tcl: Setting watchdog for 200 seconds at Tue Apr 23 04:06:25 UTC 2019
183 ms. Memory: 331264K Free: 191139K (58%)
ptolemy.util.test.WatchDog.cancel(): canceling Tue Apr 23 04:06:25 UTC 2019
------------------ testing $PTII/ptolemy/domains/de/test/auto/ModalSource.xml
auto.tcl: Setting watchdog for 200 seconds at Tue Apr 23 04:06:25 UTC 2019
7 ms. Memory: 331264K Free: 316488K (96%)
ptolemy.util.test.WatchDog.cancel(): canceling Tue Apr 23 04:06:25 UTC 2019
auto.tcl: Setting watchdog for 200 seconds at Tue Apr 23 04:06:25 UTC 2019
6 ms. Memory: 331264K Free: 313220K (95%)
ptolemy.util.test.WatchDog.cancel(): canceling Tue Apr 23 04:06:25 UTC 2019
------------------ testing $PTII/ptolemy/domains/de/test/auto/NonInterruptibleTimerZeroDelay.xml
auto.tcl: Setting watchdog for 200 seconds at Tue Apr 23 04:06:25 UTC 2019
3 ms. Memory: 331264K Free: 320831K (97%)
ptolemy.util.test.WatchDog.cancel(): canceling Tue Apr 23 04:06:25 UTC 2019
auto.tcl: Setting watchdog for 200 seconds at Tue Apr 23 04:06:25 UTC 2019
2 ms. Memory: 331264K Free: 317571K (96%)
ptolemy.util.test.WatchDog.cancel(): canceling Tue Apr 23 04:06:25 UTC 2019
------------------ testing $PTII/ptolemy/domains/de/test/auto/OpenQueueingNetwork.xml
auto.tcl: Setting watchdog for 200 seconds at Tue Apr 23 04:06:25 UTC 2019
2594 ms. Memory: 573952K Free: 421687K (73%)
ptolemy.util.test.WatchDog.cancel(): canceling Tue Apr 23 04:06:28 UTC 2019
auto.tcl: Setting watchdog for 200 seconds at Tue Apr 23 04:06:28 UTC 2019
2242 ms. Memory: 550912K Free: 323485K (59%)
ptolemy.util.test.WatchDog.cancel(): canceling Tue Apr 23 04:06:30 UTC 2019
------------------ testing $PTII/ptolemy/domains/de/test/auto/OpenQueuingNetwork.xml
auto.tcl: Setting watchdog for 200 seconds at Tue Apr 23 04:06:30 UTC 2019
231 ms. Memory: 549888K Free: 445838K (81%)
ptolemy.util.test.WatchDog.cancel(): canceling Tue Apr 23 04:06:31 UTC 2019
auto.tcl: Setting watchdog for 200 seconds at Tue Apr 23 04:06:31 UTC 2019
233 ms. Memory: 549888K Free: 387999K (71%)
ptolemy.util.test.WatchDog.cancel(): canceling Tue Apr 23 04:06:31 UTC 2019
------------------ testing $PTII/ptolemy/domains/de/test/auto/PeriodicSampler.xml
auto.tcl: Setting watchdog for 200 seconds at Tue Apr 23 04:06:31 UTC 2019
6 ms. Memory: 551936K Free: 536119K (97%)
ptolemy.util.test.WatchDog.cancel(): canceling Tue Apr 23 04:06:31 UTC 2019
auto.tcl: Setting watchdog for 200 seconds at Tue Apr 23 04:06:31 UTC 2019
2 ms. Memory: 551936K Free: 536119K (97%)
ptolemy.util.test.WatchDog.cancel(): canceling Tue Apr 23 04:06:31 UTC 2019
------------------ testing $PTII/ptolemy/domains/de/test/auto/PersistentIO.xml
auto.tcl: Setting watchdog for 200 seconds at Tue Apr 23 04:06:31 UTC 2019
10 ms. Memory: 549376K Free: 529427K (96%)
ptolemy.util.test.WatchDog.cancel(): canceling Tue Apr 23 04:06:31 UTC 2019
auto.tcl: Setting watchdog for 200 seconds at Tue Apr 23 04:06:31 UTC 2019
4 ms. Memory: 549376K Free: 529427K (96%)
ptolemy.util.test.WatchDog.cancel(): canceling Tue Apr 23 04:06:31 UTC 2019
------------------ testing $PTII/ptolemy/domains/de/test/auto/PortParameterResetOnInitialize.xml
auto.tcl: Setting watchdog for 200 seconds at Tue Apr 23 04:06:31 UTC 2019
3 ms. Memory: 551424K Free: 531931K (96%)
ptolemy.util.test.WatchDog.cancel(): canceling Tue Apr 23 04:06:31 UTC 2019
auto.tcl: Setting watchdog for 200 seconds at Tue Apr 23 04:06:31 UTC 2019
2 ms. Memory: 551424K Free: 531931K (96%)
ptolemy.util.test.WatchDog.cancel(): canceling Tue Apr 23 04:06:31 UTC 2019
------------------ testing $PTII/ptolemy/domains/de/test/auto/PortParameterUpdates.xml
auto.tcl: Setting watchdog for 200 seconds at Tue Apr 23 04:06:31 UTC 2019
4 ms. Memory: 549376K Free: 530016K (96%)
ptolemy.util.test.WatchDog.cancel(): canceling Tue Apr 23 04:06:31 UTC 2019
auto.tcl: Setting watchdog for 200 seconds at Tue Apr 23 04:06:31 UTC 2019
3 ms. Memory: 549376K Free: 524758K (96%)
ptolemy.util.test.WatchDog.cancel(): canceling Tue Apr 23 04:06:31 UTC 2019
------------------ testing $PTII/ptolemy/domains/de/test/auto/QueueAndServer.xml
auto.tcl: Setting watchdog for 200 seconds at Tue Apr 23 04:06:31 UTC 2019
19 ms. Memory: 551424K Free: 526211K (95%)
ptolemy.util.test.WatchDog.cancel(): canceling Tue Apr 23 04:06:31 UTC 2019
auto.tcl: Setting watchdog for 200 seconds at Tue Apr 23 04:06:31 UTC 2019
7 ms. Memory: 551424K Free: 526211K (95%)
ptolemy.util.test.WatchDog.cancel(): canceling Tue Apr 23 04:06:31 UTC 2019
------------------ testing $PTII/ptolemy/domains/de/test/auto/Records.xml
auto.tcl: Setting watchdog for 200 seconds at Tue Apr 23 04:06:31 UTC 2019
12 ms. Memory: 549376K Free: 529379K (96%)
ptolemy.util.test.WatchDog.cancel(): canceling Tue Apr 23 04:06:31 UTC 2019
auto.tcl: Setting watchdog for 200 seconds at Tue Apr 23 04:06:31 UTC 2019
2 ms. Memory: 549376K Free: 524121K (95%)
ptolemy.util.test.WatchDog.cancel(): canceling Tue Apr 23 04:06:31 UTC 2019
------------------ testing $PTII/ptolemy/domains/de/test/auto/ResetTransitionWithStartTime1.xml
auto.tcl: Setting watchdog for 200 seconds at Tue Apr 23 04:06:32 UTC 2019
11 ms. Memory: 551424K Free: 530858K (96%)
ptolemy.util.test.WatchDog.cancel(): canceling Tue Apr 23 04:06:32 UTC 2019
auto.tcl: Setting watchdog for 200 seconds at Tue Apr 23 04:06:32 UTC 2019
5 ms. Memory: 551424K Free: 530858K (96%)
ptolemy.util.test.WatchDog.cancel(): canceling Tue Apr 23 04:06:32 UTC 2019
------------------ testing $PTII/ptolemy/domains/de/test/auto/ResetTransitionWithStartTime2.xml
auto.tcl: Setting watchdog for 200 seconds at Tue Apr 23 04:06:32 UTC 2019
8 ms. Memory: 549376K Free: 529345K (96%)
ptolemy.util.test.WatchDog.cancel(): canceling Tue Apr 23 04:06:32 UTC 2019
auto.tcl: Setting watchdog for 200 seconds at Tue Apr 23 04:06:32 UTC 2019
8 ms. Memory: 549376K Free: 529345K (96%)
ptolemy.util.test.WatchDog.cancel(): canceling Tue Apr 23 04:06:32 UTC 2019
------------------ testing $PTII/ptolemy/domains/de/test/auto/ResetTransitionWithStartTime3.xml
auto.tcl: Setting watchdog for 200 seconds at Tue Apr 23 04:06:32 UTC 2019
7 ms. Memory: 550912K Free: 530336K (96%)
ptolemy.util.test.WatchDog.cancel(): canceling Tue Apr 23 04:06:32 UTC 2019
auto.tcl: Setting watchdog for 200 seconds at Tue Apr 23 04:06:32 UTC 2019
5 ms. Memory: 550912K Free: 530336K (96%)
ptolemy.util.test.WatchDog.cancel(): canceling Tue Apr 23 04:06:32 UTC 2019
------------------ testing $PTII/ptolemy/domains/de/test/auto/ResetTransitionWithStartTime4.xml
auto.tcl: Setting watchdog for 200 seconds at Tue Apr 23 04:06:32 UTC 2019
4 ms. Memory: 549376K Free: 528815K (96%)
ptolemy.util.test.WatchDog.cancel(): canceling Tue Apr 23 04:06:32 UTC 2019
auto.tcl: Setting watchdog for 200 seconds at Tue Apr 23 04:06:32 UTC 2019
4 ms. Memory: 549376K Free: 528815K (96%)
ptolemy.util.test.WatchDog.cancel(): canceling Tue Apr 23 04:06:32 UTC 2019
------------------ testing $PTII/ptolemy/domains/de/test/auto/ResettableTimer1.xml
auto.tcl: Setting watchdog for 200 seconds at Tue Apr 23 04:06:32 UTC 2019
5 ms. Memory: 550912K Free: 526245K (96%)
ptolemy.util.test.WatchDog.cancel(): canceling Tue Apr 23 04:06:32 UTC 2019
auto.tcl: Setting watchdog for 200 seconds at Tue Apr 23 04:06:32 UTC 2019
2 ms. Memory: 550912K Free: 526245K (96%)
ptolemy.util.test.WatchDog.cancel(): canceling Tue Apr 23 04:06:32 UTC 2019
------------------ testing $PTII/ptolemy/domains/de/test/auto/ResettableTimer2.xml
auto.tcl: Setting watchdog for 200 seconds at Tue Apr 23 04:06:32 UTC 2019
6 ms. Memory: 549376K Free: 534670K (97%)
ptolemy.util.test.WatchDog.cancel(): canceling Tue Apr 23 04:06:32 UTC 2019
auto.tcl: Setting watchdog for 200 seconds at Tue Apr 23 04:06:32 UTC 2019
2 ms. Memory: 549376K Free: 534670K (97%)
ptolemy.util.test.WatchDog.cancel(): canceling Tue Apr 23 04:06:32 UTC 2019
------------------ testing $PTII/ptolemy/domains/de/test/auto/ResettableTimer3.xml
auto.tcl: Setting watchdog for 200 seconds at Tue Apr 23 04:06:32 UTC 2019
1 ms. Memory: 550912K Free: 535662K (97%)
ptolemy.util.test.WatchDog.cancel(): canceling Tue Apr 23 04:06:32 UTC 2019
auto.tcl: Setting watchdog for 200 seconds at Tue Apr 23 04:06:32 UTC 2019
1 ms. Memory: 550912K Free: 535662K (97%)
ptolemy.util.test.WatchDog.cancel(): canceling Tue Apr 23 04:06:32 UTC 2019
------------------ testing $PTII/ptolemy/domains/de/test/auto/ResettableTimer4.xml
auto.tcl: Setting watchdog for 200 seconds at Tue Apr 23 04:06:32 UTC 2019
2 ms. Memory: 549376K Free: 534682K (97%)
ptolemy.util.test.WatchDog.cancel(): canceling Tue Apr 23 04:06:32 UTC 2019
auto.tcl: Setting watchdog for 200 seconds at Tue Apr 23 04:06:32 UTC 2019
1 ms. Memory: 549376K Free: 534682K (97%)
ptolemy.util.test.WatchDog.cancel(): canceling Tue Apr 23 04:06:32 UTC 2019
------------------ testing $PTII/ptolemy/domains/de/test/auto/ResettableTimer5.xml
auto.tcl: Setting watchdog for 200 seconds at Tue Apr 23 04:06:32 UTC 2019
1 ms. Memory: 550400K Free: 535704K (97%)
ptolemy.util.test.WatchDog.cancel(): canceling Tue Apr 23 04:06:32 UTC 2019
auto.tcl: Setting watchdog for 200 seconds at Tue Apr 23 04:06:32 UTC 2019
1 ms. Memory: 550400K Free: 535704K (97%)
ptolemy.util.test.WatchDog.cancel(): canceling Tue Apr 23 04:06:32 UTC 2019
------------------ testing $PTII/ptolemy/domains/de/test/auto/ResettableTimer6.xml
auto.tcl: Setting watchdog for 200 seconds at Tue Apr 23 04:06:32 UTC 2019
2 ms. Memory: 549376K Free: 529406K (96%)
ptolemy.util.test.WatchDog.cancel(): canceling Tue Apr 23 04:06:32 UTC 2019
auto.tcl: Setting watchdog for 200 seconds at Tue Apr 23 04:06:32 UTC 2019
1 ms. Memory: 549376K Free: 529406K (96%)
ptolemy.util.test.WatchDog.cancel(): canceling Tue Apr 23 04:06:32 UTC 2019
------------------ testing $PTII/ptolemy/domains/de/test/auto/ServerZeroDelay.xml
auto.tcl: Setting watchdog for 200 seconds at Tue Apr 23 04:06:32 UTC 2019
5 ms. Memory: 550400K Free: 535644K (97%)
ptolemy.util.test.WatchDog.cancel(): canceling Tue Apr 23 04:06:32 UTC 2019
auto.tcl: Setting watchdog for 200 seconds at Tue Apr 23 04:06:32 UTC 2019
2 ms. Memory: 550400K Free: 535644K (97%)
ptolemy.util.test.WatchDog.cancel(): canceling Tue Apr 23 04:06:32 UTC 2019
------------------ testing $PTII/ptolemy/domains/de/test/auto/SmartSender.xml
auto.tcl: Setting watchdog for 200 seconds at Tue Apr 23 04:06:32 UTC 2019
3001 ms. Memory: 549376K Free: 529935K (96%)
ptolemy.util.test.WatchDog.cancel(): canceling Tue Apr 23 04:06:35 UTC 2019
auto.tcl: Setting watchdog for 200 seconds at Tue Apr 23 04:06:35 UTC 2019
3001 ms. Memory: 549376K Free: 529935K (96%)
ptolemy.util.test.WatchDog.cancel(): canceling Tue Apr 23 04:06:38 UTC 2019
------------------ testing $PTII/ptolemy/domains/de/test/auto/ThreadedComposite.xml
auto.tcl: Setting watchdog for 200 seconds at Tue Apr 23 04:06:38 UTC 2019
232 ms. Memory: 550400K Free: 510539K (93%)
ptolemy.util.test.WatchDog.cancel(): canceling Tue Apr 23 04:06:39 UTC 2019
auto.tcl: Setting watchdog for 200 seconds at Tue Apr 23 04:06:39 UTC 2019
141 ms. Memory: 550400K Free: 495921K (90%)
ptolemy.util.test.WatchDog.cancel(): canceling Tue Apr 23 04:06:39 UTC 2019
------------------ testing $PTII/ptolemy/domains/de/test/auto/Time.xml
auto.tcl: Setting watchdog for 200 seconds at Tue Apr 23 04:06:39 UTC 2019
486 ms. Memory: 549376K Free: 482321K (88%)
ptolemy.util.test.WatchDog.cancel(): canceling Tue Apr 23 04:06:39 UTC 2019
auto.tcl: Setting watchdog for 200 seconds at Tue Apr 23 04:06:39 UTC 2019
417 ms. Memory: 549376K Free: 420380K (77%)
ptolemy.util.test.WatchDog.cancel(): canceling Tue Apr 23 04:06:40 UTC 2019
------------------ testing $PTII/ptolemy/domains/de/test/auto/TimeDelayZeroDelay.xml
auto.tcl: Setting watchdog for 200 seconds at Tue Apr 23 04:06:40 UTC 2019
2 ms. Memory: 550400K Free: 535019K (97%)
ptolemy.util.test.WatchDog.cancel(): canceling Tue Apr 23 04:06:40 UTC 2019
auto.tcl: Setting watchdog for 200 seconds at Tue Apr 23 04:06:40 UTC 2019
1 ms. Memory: 550400K Free: 535019K (97%)
ptolemy.util.test.WatchDog.cancel(): canceling Tue Apr 23 04:06:40 UTC 2019
------------------ testing $PTII/ptolemy/domains/de/test/auto/TimerZeroDelay.xml
auto.tcl: Setting watchdog for 200 seconds at Tue Apr 23 04:06:40 UTC 2019
4 ms. Memory: 549376K Free: 534582K (97%)
ptolemy.util.test.WatchDog.cancel(): canceling Tue Apr 23 04:06:40 UTC 2019
auto.tcl: Setting watchdog for 200 seconds at Tue Apr 23 04:06:40 UTC 2019
2 ms. Memory: 549376K Free: 534582K (97%)
ptolemy.util.test.WatchDog.cancel(): canceling Tue Apr 23 04:06:40 UTC 2019
------------------ testing $PTII/ptolemy/domains/de/test/auto/TimingParadox.xml
auto.tcl: Setting watchdog for 200 seconds at Tue Apr 23 04:06:40 UTC 2019
335 ms. Memory: 549888K Free: 470179K (86%)
ptolemy.util.test.WatchDog.cancel(): canceling Tue Apr 23 04:06:40 UTC 2019
auto.tcl: Setting watchdog for 200 seconds at Tue Apr 23 04:06:40 UTC 2019
316 ms. Memory: 549888K Free: 433372K (79%)
ptolemy.util.test.WatchDog.cancel(): canceling Tue Apr 23 04:06:41 UTC 2019
------------------ testing $PTII/ptolemy/domains/de/test/auto/TransferInputs.xml
auto.tcl: Setting watchdog for 200 seconds at Tue Apr 23 04:06:41 UTC 2019
5 ms. Memory: 549888K Free: 534055K (97%)
ptolemy.util.test.WatchDog.cancel(): canceling Tue Apr 23 04:06:41 UTC 2019
auto.tcl: Setting watchdog for 200 seconds at Tue Apr 23 04:06:41 UTC 2019
1 ms. Memory: 549888K Free: 534055K (97%)
ptolemy.util.test.WatchDog.cancel(): canceling Tue Apr 23 04:06:41 UTC 2019
------------------ testing $PTII/ptolemy/domains/de/test/auto/TransferOutputs2.xml
auto.tcl: Setting watchdog for 200 seconds at Tue Apr 23 04:06:41 UTC 2019
3 ms. Memory: 549376K Free: 529386K (96%)
ptolemy.util.test.WatchDog.cancel(): canceling Tue Apr 23 04:06:41 UTC 2019
auto.tcl: Setting watchdog for 200 seconds at Tue Apr 23 04:06:41 UTC 2019
3 ms. Memory: 549376K Free: 529386K (96%)
ptolemy.util.test.WatchDog.cancel(): canceling Tue Apr 23 04:06:41 UTC 2019
------------------ testing $PTII/ptolemy/domains/de/test/auto/Trilateration.xml
auto.tcl: Setting watchdog for 200 seconds at Tue Apr 23 04:06:41 UTC 2019
13234 ms. Memory: 453632K Free: 138137K (30%)
ptolemy.util.test.WatchDog.cancel(): canceling Tue Apr 23 04:06:55 UTC 2019
auto.tcl: Setting watchdog for 200 seconds at Tue Apr 23 04:06:55 UTC 2019
10584 ms. Memory: 331264K Free: 230981K (70%)
ptolemy.util.test.WatchDog.cancel(): canceling Tue Apr 23 04:07:06 UTC 2019
------------------ testing $PTII/ptolemy/domains/de/test/auto/TwoSigmaDelta.xml
auto.tcl: Setting watchdog for 200 seconds at Tue Apr 23 04:07:06 UTC 2019
2726 ms. Memory: 320000K Free: 271023K (85%)
ptolemy.util.test.WatchDog.cancel(): canceling Tue Apr 23 04:07:09 UTC 2019
auto.tcl: Setting watchdog for 200 seconds at Tue Apr 23 04:07:09 UTC 2019
2136 ms. Memory: 307712K Free: 256858K (83%)
ptolemy.util.test.WatchDog.cancel(): canceling Tue Apr 23 04:07:11 UTC 2019
------------------ testing $PTII/ptolemy/domains/de/test/auto/VariableDelay.xml
auto.tcl: Setting watchdog for 200 seconds at Tue Apr 23 04:07:11 UTC 2019
6 ms. Memory: 309760K Free: 293184K (95%)
ptolemy.util.test.WatchDog.cancel(): canceling Tue Apr 23 04:07:11 UTC 2019
auto.tcl: Setting watchdog for 200 seconds at Tue Apr 23 04:07:11 UTC 2019
1 ms. Memory: 309760K Free: 293184K (95%)
ptolemy.util.test.WatchDog.cancel(): canceling Tue Apr 23 04:07:11 UTC 2019
------------------ testing $PTII/ptolemy/domains/de/test/auto/VariableDelay2.xml
auto.tcl: Setting watchdog for 200 seconds at Tue Apr 23 04:07:11 UTC 2019
9 ms. Memory: 307712K Free: 293825K (95%)
ptolemy.util.test.WatchDog.cancel(): canceling Tue Apr 23 04:07:11 UTC 2019
auto.tcl: Setting watchdog for 200 seconds at Tue Apr 23 04:07:11 UTC 2019
2 ms. Memory: 307712K Free: 293825K (95%)
ptolemy.util.test.WatchDog.cancel(): canceling Tue Apr 23 04:07:11 UTC 2019
------------------ testing $PTII/ptolemy/domains/de/test/auto/VariableDelayZeroDelay.xml
auto.tcl: Setting watchdog for 200 seconds at Tue Apr 23 04:07:11 UTC 2019
2 ms. Memory: 309248K Free: 296453K (96%)
ptolemy.util.test.WatchDog.cancel(): canceling Tue Apr 23 04:07:11 UTC 2019
auto.tcl: Setting watchdog for 200 seconds at Tue Apr 23 04:07:11 UTC 2019
2 ms. Memory: 309248K Free: 293113K (95%)
ptolemy.util.test.WatchDog.cancel(): canceling Tue Apr 23 04:07:11 UTC 2019
------------------ testing $PTII/ptolemy/domains/de/test/auto/VariableDelayZeroDelay2.xml
auto.tcl: Setting watchdog for 200 seconds at Tue Apr 23 04:07:11 UTC 2019
5 ms. Memory: 307712K Free: 294915K (96%)
ptolemy.util.test.WatchDog.cancel(): canceling Tue Apr 23 04:07:11 UTC 2019
auto.tcl: Setting watchdog for 200 seconds at Tue Apr 23 04:07:11 UTC 2019
2 ms. Memory: 307712K Free: 291567K (95%)
ptolemy.util.test.WatchDog.cancel(): canceling Tue Apr 23 04:07:11 UTC 2019
------------------ testing $PTII/ptolemy/domains/de/test/auto/deInCt.xml
auto.tcl: Setting watchdog for 200 seconds at Tue Apr 23 04:07:11 UTC 2019
0
1
1
1
0
0
0
0
1
1
1
0
0
0
0
1
1
1
0
0
0
1
1
1
1
0
0
0
0
1
1
1
11 ms. Memory: 309248K Free: 293072K (95%)
ptolemy.util.test.WatchDog.cancel(): canceling Tue Apr 23 04:07:11 UTC 2019
auto.tcl: Setting watchdog for 200 seconds at Tue Apr 23 04:07:11 UTC 2019
0
1
1
1
0
0
0
1
1
0
0
0
0
0
1
1
1
0
0
0
1
1
1
0
0
0
1
1
1
0
0
0
0
0
0
1
1
1
1
1
7 ms. Memory: 309248K Free: 293072K (95%)
ptolemy.util.test.WatchDog.cancel(): canceling Tue Apr 23 04:07:11 UTC 2019
------------------ testing $PTII/ptolemy/domains/de/test/auto/deInCt2.xml
auto.tcl: Setting watchdog for 200 seconds at Tue Apr 23 04:07:11 UTC 2019
0
1
1
1
0
0
1
1
1
0
0
1
1
1
0
0
1
1
1
0
0
1
1
1
0
0
1
1
1
0
0
1
1
1
0
0
1
1
1
0
0
0
15 ms. Memory: 307712K Free: 291535K (95%)
ptolemy.util.test.WatchDog.cancel(): canceling Tue Apr 23 04:07:11 UTC 2019
auto.tcl: Setting watchdog for 200 seconds at Tue Apr 23 04:07:11 UTC 2019
0
1
1
1
0
0
1
1
1
0
0
1
1
1
0
0
1
1
1
0
0
1
1
1
0
0
1
1
1
0
0
1
1
1
0
0
1
1
1
0
0
0
10 ms. Memory: 307712K Free: 291535K (95%)
ptolemy.util.test.WatchDog.cancel(): canceling Tue Apr 23 04:07:11 UTC 2019
------------------ testing $PTII/ptolemy/domains/de/test/auto/dynamicCausalityInterface1.xml
auto.tcl: Setting watchdog for 200 seconds at Tue Apr 23 04:07:11 UTC 2019
3 ms. Memory: 308736K Free: 291513K (94%)
ptolemy.util.test.WatchDog.cancel(): canceling Tue Apr 23 04:07:11 UTC 2019
auto.tcl: Setting watchdog for 200 seconds at Tue Apr 23 04:07:11 UTC 2019
1 ms. Memory: 308736K Free: 291513K (94%)
ptolemy.util.test.WatchDog.cancel(): canceling Tue Apr 23 04:07:11 UTC 2019
------------------ testing $PTII/ptolemy/domains/de/test/auto/fsm_de_test.xml
auto.tcl: Setting watchdog for 200 seconds at Tue Apr 23 04:07:11 UTC 2019
5 ms. Memory: 307712K Free: 288098K (94%)
ptolemy.util.test.WatchDog.cancel(): canceling Tue Apr 23 04:07:11 UTC 2019
auto.tcl: Setting watchdog for 200 seconds at Tue Apr 23 04:07:11 UTC 2019
5 ms. Memory: 307712K Free: 288098K (94%)
ptolemy.util.test.WatchDog.cancel(): canceling Tue Apr 23 04:07:11 UTC 2019
------------------ testing $PTII/ptolemy/domains/de/test/auto/functionDependencyReconstruction.xml
auto.tcl: Setting watchdog for 200 seconds at Tue Apr 23 04:07:11 UTC 2019
2 ms. Memory: 308736K Free: 282396K (91%)
ptolemy.util.test.WatchDog.cancel(): canceling Tue Apr 23 04:07:11 UTC 2019
auto.tcl: Setting watchdog for 200 seconds at Tue Apr 23 04:07:11 UTC 2019
2 ms. Memory: 308736K Free: 282396K (91%)
ptolemy.util.test.WatchDog.cancel(): canceling Tue Apr 23 04:07:11 UTC 2019
------------------ testing $PTII/ptolemy/domains/de/test/auto/multirate.xml
auto.tcl: Setting watchdog for 200 seconds at Tue Apr 23 04:07:12 UTC 2019
3 ms. Memory: 307712K Free: 293555K (95%)
ptolemy.util.test.WatchDog.cancel(): canceling Tue Apr 23 04:07:12 UTC 2019
auto.tcl: Setting watchdog for 200 seconds at Tue Apr 23 04:07:12 UTC 2019
3 ms. Memory: 307712K Free: 290215K (94%)
ptolemy.util.test.WatchDog.cancel(): canceling Tue Apr 23 04:07:12 UTC 2019
------------------ testing $PTII/ptolemy/domains/de/test/auto/multirate2.xml
auto.tcl: Setting watchdog for 200 seconds at Tue Apr 23 04:07:12 UTC 2019
3 ms. Memory: 308736K Free: 294794K (95%)
ptolemy.util.test.WatchDog.cancel(): canceling Tue Apr 23 04:07:12 UTC 2019
auto.tcl: Setting watchdog for 200 seconds at Tue Apr 23 04:07:12 UTC 2019
3 ms. Memory: 308736K Free: 294794K (95%)
ptolemy.util.test.WatchDog.cancel(): canceling Tue Apr 23 04:07:12 UTC 2019
------------------ testing $PTII/ptolemy/domains/de/test/auto/realtime.xml
auto.tcl: Setting watchdog for 200 seconds at Tue Apr 23 04:07:12 UTC 2019
10001 ms. Memory: 307712K Free: 291477K (95%)
ptolemy.util.test.WatchDog.cancel(): canceling Tue Apr 23 04:07:22 UTC 2019
auto.tcl: Setting watchdog for 200 seconds at Tue Apr 23 04:07:22 UTC 2019
10002 ms. Memory: 307712K Free: 291477K (95%)
ptolemy.util.test.WatchDog.cancel(): canceling Tue Apr 23 04:07:32 UTC 2019
------------------ testing $PTII/ptolemy/domains/de/test/auto/relationGroup.xml
auto.tcl: Setting watchdog for 200 seconds at Tue Apr 23 04:07:32 UTC 2019
8 ms. Memory: 308224K Free: 297654K (97%)
ptolemy.util.test.WatchDog.cancel(): canceling Tue Apr 23 04:07:32 UTC 2019
auto.tcl: Setting watchdog for 200 seconds at Tue Apr 23 04:07:32 UTC 2019
2 ms. Memory: 308224K Free: 297654K (97%)
ptolemy.util.test.WatchDog.cancel(): canceling Tue Apr 23 04:07:32 UTC 2019
------------------ testing $PTII/ptolemy/domains/de/test/auto/relationGroup2.xml
auto.tcl: Setting watchdog for 200 seconds at Tue Apr 23 04:07:32 UTC 2019
1 ms. Memory: 307712K Free: 294905K (96%)
ptolemy.util.test.WatchDog.cancel(): canceling Tue Apr 23 04:07:32 UTC 2019
auto.tcl: Setting watchdog for 200 seconds at Tue Apr 23 04:07:32 UTC 2019
1 ms. Memory: 307712K Free: 294905K (96%)
ptolemy.util.test.WatchDog.cancel(): canceling Tue Apr 23 04:07:32 UTC 2019
------------------ testing $PTII/ptolemy/domains/de/test/auto/sortWithOpaquePorts.xml
auto.tcl: Setting watchdog for 200 seconds at Tue Apr 23 04:07:32 UTC 2019
4 ms. Memory: 308224K Free: 292078K (95%)
ptolemy.util.test.WatchDog.cancel(): canceling Tue Apr 23 04:07:32 UTC 2019
auto.tcl: Setting watchdog for 200 seconds at Tue Apr 23 04:07:32 UTC 2019
2 ms. Memory: 308224K Free: 292078K (95%)
ptolemy.util.test.WatchDog.cancel(): canceling Tue Apr 23 04:07:32 UTC 2019
------------------ testing $PTII/ptolemy/domains/de/test/auto/transferInputsandOutputs.xml
auto.tcl: Setting watchdog for 200 seconds at Tue Apr 23 04:07:32 UTC 2019
3 ms. Memory: 307712K Free: 291537K (95%)
ptolemy.util.test.WatchDog.cancel(): canceling Tue Apr 23 04:07:32 UTC 2019
auto.tcl: Setting watchdog for 200 seconds at Tue Apr 23 04:07:32 UTC 2019
4 ms. Memory: 307712K Free: 288181K (94%)
ptolemy.util.test.WatchDog.cancel(): canceling Tue Apr 23 04:07:32 UTC 2019
------------------ testing $PTII/ptolemy/domains/de/test/auto/triggerType.xml
auto.tcl: Setting watchdog for 200 seconds at Tue Apr 23 04:07:32 UTC 2019
2 ms. Memory: 308224K Free: 295355K (96%)
ptolemy.util.test.WatchDog.cancel(): canceling Tue Apr 23 04:07:32 UTC 2019
auto.tcl: Setting watchdog for 200 seconds at Tue Apr 23 04:07:32 UTC 2019
2 ms. Memory: 308224K Free: 291999K (95%)
ptolemy.util.test.WatchDog.cancel(): canceling Tue Apr 23 04:07:32 UTC 2019
04/23/19 04:07:32
Failed: 0  Total Tests: 192  ((Passed: 187, Newly Passed: 1)  Known Failed: 5) /home/travis/build/icyphy/ptII/ptolemy/domains/de/test
04/23/19 04:07:32
Failed: 0  Total Tests: 192  ((Passed: 187, Newly Passed: 1)  Known Failed: 5) /home/travis/build/icyphy/ptII/ptolemy/domains/de/test
----------------- testing (KnownFailure) /home/travis/build/icyphy/ptII/ptolemy/domains/de/test/auto/knownFailedTests/DESDFClockTest.xml
2018 ms. Memory: 307712K Free: 285808K (93%)
Known Failure: java.lang.reflect.InvocationTargetException
----------------- testing (KnownFailure) /home/travis/build/icyphy/ptII/ptolemy/domains/de/test/auto/knownFailedTests/DirectFeedback.xml
2 ms. Memory: 307712K Free: 267704K (87%)
Known Failure: java.lang.reflect.InvocationTargetException
----------------- testing (KnownFailure) /home/travis/build/icyphy/ptII/ptolemy/domains/de/test/auto/knownFailedTests/FSMSource.xml
10 ms. Memory: 307712K Free: 245057K (80%)
----------------- testing (KnownFailure) /home/travis/build/icyphy/ptII/ptolemy/domains/de/test/auto/knownFailedTests/HierarchicalModel.xml
3 ms. Memory: 307712K Free: 222394K (72%)
Known Failure: java.lang.reflect.InvocationTargetException
----------------- testing (KnownFailure) /home/travis/build/icyphy/ptII/ptolemy/domains/de/test/auto/knownFailedTests/dependencyLoop.xml
3 ms. Memory: 307712K Free: 190703K (62%)
Known Failure: java.lang.reflect.InvocationTargetException
----------------- testing (KnownFailure) /home/travis/build/icyphy/ptII/ptolemy/domains/de/test/auto/knownFailedTests/dependencyLoop2.xml
2 ms. Memory: 307712K Free: 159004K (52%)
Known Failure: java.lang.reflect.InvocationTargetException
No auto/linux-amd64/*.xml tests in /home/travis/build/icyphy/ptII/ptolemy/domains/de/test
AutoTests.java: About to close Vertx.
AutoTests.java: Vertx closed.

===========================================================================================
----------------- testing Tue Apr 23 04:07:34 UTC 2019 /home/travis/build/icyphy/ptII/ptolemy/domains/de/test/auto/ActorDepthCalculation_actorWithoutPorts.xml
----------------- Instantiating /home/travis/build/icyphy/ptII/ptolemy/domains/de/test/auto/ActorDepthCalculation_actorWithoutPorts.xml
8 ms. Memory: 307712K Free: 136373K (44%)
----------------- Invoking toplevel() on ptolemy.moml.MoMLSimpleApplication@5ca884bb
----------------- Done invoking toplevel() on ptolemy.moml.MoMLSimpleApplication@5ca884bb
reloadAllAccessors: .ActorDepthCalculation_actorWithoutPorts

===========================================================================================
----------------- testing Tue Apr 23 04:07:34 UTC 2019 /home/travis/build/icyphy/ptII/ptolemy/domains/de/test/auto/AssemblyLine.xml
----------------- Instantiating /home/travis/build/icyphy/ptII/ptolemy/domains/de/test/auto/AssemblyLine.xml
2 ms. Memory: 307712K Free: 122795K (40%)
----------------- Invoking toplevel() on ptolemy.moml.MoMLSimpleApplication@76a74948
----------------- Done invoking toplevel() on ptolemy.moml.MoMLSimpleApplication@76a74948
reloadAllAccessors: .AssemblyLine

===========================================================================================
----------------- testing Tue Apr 23 04:07:34 UTC 2019 /home/travis/build/icyphy/ptII/ptolemy/domains/de/test/auto/CQBug1.xml
----------------- Instantiating /home/travis/build/icyphy/ptII/ptolemy/domains/de/test/auto/CQBug1.xml
1 ms. Memory: 307712K Free: 113743K (37%)
----------------- Invoking toplevel() on ptolemy.moml.MoMLSimpleApplication@4d61c063
----------------- Done invoking toplevel() on ptolemy.moml.MoMLSimpleApplication@4d61c063
reloadAllAccessors: .CQBug1

===========================================================================================
----------------- testing Tue Apr 23 04:07:34 UTC 2019 /home/travis/build/icyphy/ptII/ptolemy/domains/de/test/auto/CancelFireAt.xml
----------------- Instantiating /home/travis/build/icyphy/ptII/ptolemy/domains/de/test/auto/CancelFireAt.xml
1 ms. Memory: 307712K Free: 104690K (34%)
----------------- Invoking toplevel() on ptolemy.moml.MoMLSimpleApplication@6eada20
----------------- Done invoking toplevel() on ptolemy.moml.MoMLSimpleApplication@6eada20
reloadAllAccessors: .CancelFireAt

===========================================================================================
----------------- testing Tue Apr 23 04:07:34 UTC 2019 /home/travis/build/icyphy/ptII/ptolemy/domains/de/test/auto/CausalityAndComposabilityAnalysis.xml
----------------- Instantiating /home/travis/build/icyphy/ptII/ptolemy/domains/de/test/auto/CausalityAndComposabilityAnalysis.xml
2 ms. Memory: 307712K Free: 95638K (31%)
----------------- Invoking toplevel() on ptolemy.moml.MoMLSimpleApplication@6f0db993
----------------- Done invoking toplevel() on ptolemy.moml.MoMLSimpleApplication@6f0db993
reloadAllAccessors: .CausalityAndComposabilityAnalysis

===========================================================================================
----------------- testing Tue Apr 23 04:07:34 UTC 2019 /home/travis/build/icyphy/ptII/ptolemy/domains/de/test/auto/CausalityInterface1.xml
----------------- Instantiating /home/travis/build/icyphy/ptII/ptolemy/domains/de/test/auto/CausalityInterface1.xml
8 ms. Memory: 307712K Free: 83246K (27%)
----------------- Invoking toplevel() on ptolemy.moml.MoMLSimpleApplication@274ebfe
----------------- Done invoking toplevel() on ptolemy.moml.MoMLSimpleApplication@274ebfe
reloadAllAccessors: .CausalityInterface1

===========================================================================================
----------------- testing Tue Apr 23 04:07:34 UTC 2019 /home/travis/build/icyphy/ptII/ptolemy/domains/de/test/auto/CausalityInterface15.xml
----------------- Instantiating /home/travis/build/icyphy/ptII/ptolemy/domains/de/test/auto/CausalityInterface15.xml
13 ms. Memory: 298496K Free: 288882K (97%)
----------------- Invoking toplevel() on ptolemy.moml.MoMLSimpleApplication@3f3089b9
----------------- Done invoking toplevel() on ptolemy.moml.MoMLSimpleApplication@3f3089b9
reloadAllAccessors: .CausalityInterface15

[...]
java.lang.RuntimeException: Execution failed
	at ptolemy.moml.MoMLSimpleApplication$UnloadThread.run(MoMLSimpleApplication.java:402)
Caused by: ptolemy.kernel.util.IllegalActionException: Test fails in iteration 1.
Value was: 1.0. Should have been: 2.0
  in .DirectFeedback.Test
	at ptolemy.actor.lib.Test.fire(Test.java:268)
	at ptolemy.domains.de.kernel.DEDirector._fire(DEDirector.java:1949)
	at ptolemy.domains.de.kernel.DEDirector.fire(DEDirector.java:502)
	at ptolemy.actor.CompositeActor.fire(CompositeActor.java:455)
	at ptolemy.actor.Manager.iterate(Manager.java:851)
	at ptolemy.actor.Manager.execute(Manager.java:369)
	at ptolemy.actor.Manager.run(Manager.java:1263)
	at ptolemy.actor.Manager$PtolemyRunThread.run(Manager.java:1915)
java.lang.RuntimeException: Execution failed
	at ptolemy.moml.MoMLSimpleApplication$UnloadThread.run(MoMLSimpleApplication.java:402)
Caused by: ptolemy.kernel.util.IllegalActionException: Actor is not ready to fire.  Perhaps UpSample.prefire() returned false? Try debugging the actor by selecting "Listen to Actor".  Also, for SDF check moml for tokenConsumptionRate on input.
  in .DESDFClockTest.Play Bell.Copy1:SDF Director and .DESDFClockTest.Play Bell.UpSample
	at ptolemy.actor.sched.StaticSchedulingDirector.fire(StaticSchedulingDirector.java:227)
	at ptolemy.domains.sdf.kernel.SDFDirector.fire(SDFDirector.java:500)
	at ptolemy.actor.CompositeActor.fire(CompositeActor.java:455)
	at ptolemy.domains.de.kernel.DEDirector._fire(DEDirector.java:1949)
	at ptolemy.domains.de.kernel.DEDirector.fire(DEDirector.java:502)
	at ptolemy.actor.CompositeActor.fire(CompositeActor.java:455)
	at ptolemy.actor.Manager.iterate(Manager.java:851)
	at ptolemy.actor.Manager.execute(Manager.java:369)
	at ptolemy.actor.Manager.run(Manager.java:1263)
	at ptolemy.actor.Manager$PtolemyRunThread.run(Manager.java:1915)
java.lang.reflect.InvocationTargetException
	at sun.reflect.NativeConstructorAccessorImpl.newInstance0(Native Method)
	at sun.reflect.NativeConstructorAccessorImpl.newInstance(NativeConstructorAccessorImpl.java:62)
	at sun.reflect.DelegatingConstructorAccessorImpl.newInstance(DelegatingConstructorAccessorImpl.java:45)
	at java.lang.reflect.Constructor.newInstance(Constructor.java:423)
	at ptolemy.util.test.junit.AutoKnownFailedTests.RunModel(AutoKnownFailedTests.java:105)
	at sun.reflect.NativeMethodAccessorImpl.invoke0(Native Method)
	at sun.reflect.NativeMethodAccessorImpl.invoke(NativeMethodAccessorImpl.java:62)
	at sun.reflect.DelegatingMethodAccessorImpl.invoke(DelegatingMethodAccessorImpl.java:43)
	at java.lang.reflect.Method.invoke(Method.java:498)
	at org.junit.runners.model.FrameworkMethod$1.runReflectiveCall(FrameworkMethod.java:44)
	at org.junit.internal.runners.model.ReflectiveCallable.run(ReflectiveCallable.java:15)
	at org.junit.runners.model.FrameworkMethod.invokeExplosively(FrameworkMethod.java:41)
	at junitparams.internal.InvokeParameterisedMethod.evaluate(InvokeParameterisedMethod.java:102)
	at org.junit.internal.runners.statements.FailOnTimeout$1.run(FailOnTimeout.java:28)
Caused by: ptolemy.kernel.util.IllegalActionException: Actor is not ready to fire.  Perhaps UpSample.prefire() returned false? Try debugging the actor by selecting "Listen to Actor".  Also, for SDF check moml for tokenConsumptionRate on input.
  in .DESDFClockTest.Play Bell.Copy1:SDF Director and .DESDFClockTest.Play Bell.UpSample
	at ptolemy.actor.sched.StaticSchedulingDirector.fire(StaticSchedulingDirector.java:227)
	at ptolemy.domains.sdf.kernel.SDFDirector.fire(SDFDirector.java:500)
	at ptolemy.actor.CompositeActor.fire(CompositeActor.java:455)
	at ptolemy.domains.de.kernel.DEDirector._fire(DEDirector.java:1949)
	at ptolemy.domains.de.kernel.DEDirector.fire(DEDirector.java:502)
	at ptolemy.actor.CompositeActor.fire(CompositeActor.java:455)
	at ptolemy.actor.Manager.iterate(Manager.java:851)
	at ptolemy.actor.Manager.execute(Manager.java:369)
	at ptolemy.actor.Manager.run(Manager.java:1263)
	at ptolemy.actor.Manager$PtolemyRunThread.run(Manager.java:1915)
java.lang.RuntimeException: Execution failed
	at ptolemy.moml.MoMLSimpleApplication$UnloadThread.run(MoMLSimpleApplication.java:402)
Caused by: ptolemy.kernel.util.IllegalActionException: Test fails in iteration 1.
Value was: 1.0. Should have been: 2.0
  in .DirectFeedback.Test
	at ptolemy.actor.lib.Test.fire(Test.java:268)
	at ptolemy.domains.de.kernel.DEDirector._fire(DEDirector.java:1949)
	at ptolemy.domains.de.kernel.DEDirector.fire(DEDirector.java:502)
	at ptolemy.actor.CompositeActor.fire(CompositeActor.java:455)
	at ptolemy.actor.Manager.iterate(Manager.java:851)
	at ptolemy.actor.Manager.execute(Manager.java:369)
	at ptolemy.actor.Manager.run(Manager.java:1263)
	at ptolemy.actor.Manager$PtolemyRunThread.run(Manager.java:1915)
java.lang.reflect.InvocationTargetException
	at sun.reflect.NativeConstructorAccessorImpl.newInstance0(Native Method)
	at sun.reflect.NativeConstructorAccessorImpl.newInstance(NativeConstructorAccessorImpl.java:62)
	at sun.reflect.DelegatingConstructorAccessorImpl.newInstance(DelegatingConstructorAccessorImpl.java:45)
	at java.lang.reflect.Constructor.newInstance(Constructor.java:423)
	at ptolemy.util.test.junit.AutoKnownFailedTests.RunModel(AutoKnownFailedTests.java:105)
	at sun.reflect.NativeMethodAccessorImpl.invoke0(Native Method)
	at sun.reflect.NativeMethodAccessorImpl.invoke(NativeMethodAccessorImpl.java:62)
	at sun.reflect.DelegatingMethodAccessorImpl.invoke(DelegatingMethodAccessorImpl.java:43)
	at java.lang.reflect.Method.invoke(Method.java:498)
	at org.junit.runners.model.FrameworkMethod$1.runReflectiveCall(FrameworkMethod.java:44)
	at org.junit.internal.runners.model.ReflectiveCallable.run(ReflectiveCallable.java:15)
	at org.junit.runners.model.FrameworkMethod.invokeExplosively(FrameworkMethod.java:41)
	at junitparams.internal.InvokeParameterisedMethod.evaluate(InvokeParameterisedMethod.java:102)
	at org.junit.internal.runners.statements.FailOnTimeout$1.run(FailOnTimeout.java:28)
Caused by: ptolemy.kernel.util.IllegalActionException: Test fails in iteration 1.
Value was: 1.0. Should have been: 2.0
  in .DirectFeedback.Test
	at ptolemy.actor.lib.Test.fire(Test.java:268)
	at ptolemy.domains.de.kernel.DEDirector._fire(DEDirector.java:1949)
	at ptolemy.domains.de.kernel.DEDirector.fire(DEDirector.java:502)
	at ptolemy.actor.CompositeActor.fire(CompositeActor.java:455)
	at ptolemy.actor.Manager.iterate(Manager.java:851)
	at ptolemy.actor.Manager.execute(Manager.java:369)
	at ptolemy.actor.Manager.run(Manager.java:1263)
	at ptolemy.actor.Manager$PtolemyRunThread.run(Manager.java:1915)
java.lang.RuntimeException: Execution failed
	at ptolemy.moml.MoMLSimpleApplication$UnloadThread.run(MoMLSimpleApplication.java:402)
Caused by: ptolemy.kernel.util.IllegalActionException: Found a zero delay loop containing .HierarchicalModel.A
  in .HierarchicalModel and .HierarchicalModel.A
	at ptolemy.actor.util.CausalityInterfaceForComposites._computeOutputPortDepth(CausalityInterfaceForComposites.java:759)
	at ptolemy.actor.util.CausalityInterfaceForComposites._computeInputDepth(CausalityInterfaceForComposites.java:696)
	at ptolemy.actor.util.CausalityInterfaceForComposites._computeOutputPortDepth(CausalityInterfaceForComposites.java:765)
	at ptolemy.actor.util.CausalityInterfaceForComposites._computeInputDepth(CausalityInterfaceForComposites.java:696)
	at ptolemy.actor.util.CausalityInterfaceForComposites._computeOutputPortDepth(CausalityInterfaceForComposites.java:765)
	at ptolemy.actor.util.CausalityInterfaceForComposites._computeInputDepth(CausalityInterfaceForComposites.java:696)
	at ptolemy.actor.util.CausalityInterfaceForComposites._computeActorDepth(CausalityInterfaceForComposites.java:532)
	at ptolemy.actor.util.CausalityInterfaceForComposites.checkForCycles(CausalityInterfaceForComposites.java:96)
	at ptolemy.domains.de.kernel.DEDirector.preinitialize(DEDirector.java:1338)
	at ptolemy.actor.CompositeActor.preinitialize(CompositeActor.java:1828)
	at ptolemy.actor.Manager.preinitializeAndResolveTypes(Manager.java:1040)
	at ptolemy.actor.Manager.initialize(Manager.java:710)
	at ptolemy.actor.Manager.execute(Manager.java:356)
	at ptolemy.actor.Manager.run(Manager.java:1263)
	at ptolemy.actor.Manager$PtolemyRunThread.run(Manager.java:1915)
java.lang.reflect.InvocationTargetException
	at sun.reflect.NativeConstructorAccessorImpl.newInstance0(Native Method)
	at sun.reflect.NativeConstructorAccessorImpl.newInstance(NativeConstructorAccessorImpl.java:62)
	at sun.reflect.DelegatingConstructorAccessorImpl.newInstance(DelegatingConstructorAccessorImpl.java:45)
	at java.lang.reflect.Constructor.newInstance(Constructor.java:423)
	at ptolemy.util.test.junit.AutoKnownFailedTests.RunModel(AutoKnownFailedTests.java:105)
	at sun.reflect.NativeMethodAccessorImpl.invoke0(Native Method)
	at sun.reflect.NativeMethodAccessorImpl.invoke(NativeMethodAccessorImpl.java:62)
	at sun.reflect.DelegatingMethodAccessorImpl.invoke(DelegatingMethodAccessorImpl.java:43)
	at java.lang.reflect.Method.invoke(Method.java:498)
	at org.junit.runners.model.FrameworkMethod$1.runReflectiveCall(FrameworkMethod.java:44)
	at org.junit.internal.runners.model.ReflectiveCallable.run(ReflectiveCallable.java:15)
	at org.junit.runners.model.FrameworkMethod.invokeExplosively(FrameworkMethod.java:41)
	at junitparams.internal.InvokeParameterisedMethod.evaluate(InvokeParameterisedMethod.java:102)
	at org.junit.internal.runners.statements.FailOnTimeout$1.run(FailOnTimeout.java:28)
Caused by: ptolemy.kernel.util.IllegalActionException: Found a zero delay loop containing .HierarchicalModel.A
  in .HierarchicalModel and .HierarchicalModel.A
	at ptolemy.actor.util.CausalityInterfaceForComposites._computeOutputPortDepth(CausalityInterfaceForComposites.java:759)
	at ptolemy.actor.util.CausalityInterfaceForComposites._computeInputDepth(CausalityInterfaceForComposites.java:696)
	at ptolemy.actor.util.CausalityInterfaceForComposites._computeOutputPortDepth(CausalityInterfaceForComposites.java:765)
	at ptolemy.actor.util.CausalityInterfaceForComposites._computeInputDepth(CausalityInterfaceForComposites.java:696)
	at ptolemy.actor.util.CausalityInterfaceForComposites._computeOutputPortDepth(CausalityInterfaceForComposites.java:765)
	at ptolemy.actor.util.CausalityInterfaceForComposites._computeInputDepth(CausalityInterfaceForComposites.java:696)
	at ptolemy.actor.util.CausalityInterfaceForComposites._computeActorDepth(CausalityInterfaceForComposites.java:532)
	at ptolemy.actor.util.CausalityInterfaceForComposites.checkForCycles(CausalityInterfaceForComposites.java:96)
	at ptolemy.domains.de.kernel.DEDirector.preinitialize(DEDirector.java:1338)
	at ptolemy.actor.CompositeActor.preinitialize(CompositeActor.java:1828)
	at ptolemy.actor.Manager.preinitializeAndResolveTypes(Manager.java:1040)
	at ptolemy.actor.Manager.initialize(Manager.java:710)
	at ptolemy.actor.Manager.execute(Manager.java:356)
	at ptolemy.actor.Manager.run(Manager.java:1263)
	at ptolemy.actor.Manager$PtolemyRunThread.run(Manager.java:1915)
java.lang.RuntimeException: Execution failed
	at ptolemy.moml.MoMLSimpleApplication$UnloadThread.run(MoMLSimpleApplication.java:402)
Caused by: ptolemy.kernel.util.IllegalActionException: Found a zero delay loop containing .dependencyLoop.original
  in .dependencyLoop and .dependencyLoop.original
	at ptolemy.actor.util.CausalityInterfaceForComposites._computeOutputPortDepth(CausalityInterfaceForComposites.java:759)
	at ptolemy.actor.util.CausalityInterfaceForComposites._computeInputDepth(CausalityInterfaceForComposites.java:696)
	at ptolemy.actor.util.CausalityInterfaceForComposites._computeOutputPortDepth(CausalityInterfaceForComposites.java:765)
	at ptolemy.actor.util.CausalityInterfaceForComposites._computeInputDepth(CausalityInterfaceForComposites.java:696)
	at ptolemy.actor.util.CausalityInterfaceForComposites._computeOutputPortDepth(CausalityInterfaceForComposites.java:765)
	at ptolemy.actor.util.CausalityInterfaceForComposites._computeInputDepth(CausalityInterfaceForComposites.java:696)
	at ptolemy.actor.util.CausalityInterfaceForComposites._computeActorDepth(CausalityInterfaceForComposites.java:532)
	at ptolemy.actor.util.CausalityInterfaceForComposites.checkForCycles(CausalityInterfaceForComposites.java:96)
	at ptolemy.domains.de.kernel.DEDirector.preinitialize(DEDirector.java:1338)
	at ptolemy.actor.CompositeActor.preinitialize(CompositeActor.java:1828)
	at ptolemy.actor.Manager.preinitializeAndResolveTypes(Manager.java:1040)
	at ptolemy.actor.Manager.initialize(Manager.java:710)
	at ptolemy.actor.Manager.execute(Manager.java:356)
	at ptolemy.actor.Manager.run(Manager.java:1263)
	at ptolemy.actor.Manager$PtolemyRunThread.run(Manager.java:1915)
java.lang.reflect.InvocationTargetException
	at sun.reflect.NativeConstructorAccessorImpl.newInstance0(Native Method)
	at sun.reflect.NativeConstructorAccessorImpl.newInstance(NativeConstructorAccessorImpl.java:62)
	at sun.reflect.DelegatingConstructorAccessorImpl.newInstance(DelegatingConstructorAccessorImpl.java:45)
	at java.lang.reflect.Constructor.newInstance(Constructor.java:423)
	at ptolemy.util.test.junit.AutoKnownFailedTests.RunModel(AutoKnownFailedTests.java:105)
	at sun.reflect.NativeMethodAccessorImpl.invoke0(Native Method)
	at sun.reflect.NativeMethodAccessorImpl.invoke(NativeMethodAccessorImpl.java:62)
	at sun.reflect.DelegatingMethodAccessorImpl.invoke(DelegatingMethodAccessorImpl.java:43)
	at java.lang.reflect.Method.invoke(Method.java:498)
	at org.junit.runners.model.FrameworkMethod$1.runReflectiveCall(FrameworkMethod.java:44)
	at org.junit.internal.runners.model.ReflectiveCallable.run(ReflectiveCallable.java:15)
	at org.junit.runners.model.FrameworkMethod.invokeExplosively(FrameworkMethod.java:41)
	at junitparams.internal.InvokeParameterisedMethod.evaluate(InvokeParameterisedMethod.java:102)
	at org.junit.internal.runners.statements.FailOnTimeout$1.run(FailOnTimeout.java:28)
Caused by: ptolemy.kernel.util.IllegalActionException: Found a zero delay loop containing .dependencyLoop.original
  in .dependencyLoop and .dependencyLoop.original
	at ptolemy.actor.util.CausalityInterfaceForComposites._computeOutputPortDepth(CausalityInterfaceForComposites.java:759)
	at ptolemy.actor.util.CausalityInterfaceForComposites._computeInputDepth(CausalityInterfaceForComposites.java:696)
	at ptolemy.actor.util.CausalityInterfaceForComposites._computeOutputPortDepth(CausalityInterfaceForComposites.java:765)
	at ptolemy.actor.util.CausalityInterfaceForComposites._computeInputDepth(CausalityInterfaceForComposites.java:696)
	at ptolemy.actor.util.CausalityInterfaceForComposites._computeOutputPortDepth(CausalityInterfaceForComposites.java:765)
	at ptolemy.actor.util.CausalityInterfaceForComposites._computeInputDepth(CausalityInterfaceForComposites.java:696)
	at ptolemy.actor.util.CausalityInterfaceForComposites._computeActorDepth(CausalityInterfaceForComposites.java:532)
	at ptolemy.actor.util.CausalityInterfaceForComposites.checkForCycles(CausalityInterfaceForComposites.java:96)
	at ptolemy.domains.de.kernel.DEDirector.preinitialize(DEDirector.java:1338)
	at ptolemy.actor.CompositeActor.preinitialize(CompositeActor.java:1828)
	at ptolemy.actor.Manager.preinitializeAndResolveTypes(Manager.java:1040)
	at ptolemy.actor.Manager.initialize(Manager.java:710)
	at ptolemy.actor.Manager.execute(Manager.java:356)
	at ptolemy.actor.Manager.run(Manager.java:1263)
	at ptolemy.actor.Manager$PtolemyRunThread.run(Manager.java:1915)
java.lang.RuntimeException: Execution failed
	at ptolemy.moml.MoMLSimpleApplication$UnloadThread.run(MoMLSimpleApplication.java:402)
Caused by: ptolemy.kernel.util.IllegalActionException: Found a zero delay loop containing .dependencyLoop2.original
  in .dependencyLoop2 and .dependencyLoop2.original
	at ptolemy.actor.util.CausalityInterfaceForComposites._computeOutputPortDepth(CausalityInterfaceForComposites.java:759)
	at ptolemy.actor.util.CausalityInterfaceForComposites._computeInputDepth(CausalityInterfaceForComposites.java:696)
	at ptolemy.actor.util.CausalityInterfaceForComposites._computeOutputPortDepth(CausalityInterfaceForComposites.java:765)
	at ptolemy.actor.util.CausalityInterfaceForComposites._computeInputDepth(CausalityInterfaceForComposites.java:696)
	at ptolemy.actor.util.CausalityInterfaceForComposites._computeOutputPortDepth(CausalityInterfaceForComposites.java:765)
	at ptolemy.actor.util.CausalityInterfaceForComposites._computeInputDepth(CausalityInterfaceForComposites.java:696)
	at ptolemy.actor.util.CausalityInterfaceForComposites._computeActorDepth(CausalityInterfaceForComposites.java:532)
	at ptolemy.actor.util.CausalityInterfaceForComposites.checkForCycles(CausalityInterfaceForComposites.java:96)
	at ptolemy.domains.de.kernel.DEDirector.preinitialize(DEDirector.java:1338)
	at ptolemy.actor.CompositeActor.preinitialize(CompositeActor.java:1828)
	at ptolemy.actor.Manager.preinitializeAndResolveTypes(Manager.java:1040)
	at ptolemy.actor.Manager.initialize(Manager.java:710)
	at ptolemy.actor.Manager.execute(Manager.java:356)
	at ptolemy.actor.Manager.run(Manager.java:1263)
	at ptolemy.actor.Manager$PtolemyRunThread.run(Manager.java:1915)
java.lang.reflect.InvocationTargetException
	at sun.reflect.NativeConstructorAccessorImpl.newInstance0(Native Method)
	at sun.reflect.NativeConstructorAccessorImpl.newInstance(NativeConstructorAccessorImpl.java:62)
	at sun.reflect.DelegatingConstructorAccessorImpl.newInstance(DelegatingConstructorAccessorImpl.java:45)
	at java.lang.reflect.Constructor.newInstance(Constructor.java:423)
	at ptolemy.util.test.junit.AutoKnownFailedTests.RunModel(AutoKnownFailedTests.java:105)
	at sun.reflect.NativeMethodAccessorImpl.invoke0(Native Method)
	at sun.reflect.NativeMethodAccessorImpl.invoke(NativeMethodAccessorImpl.java:62)
	at sun.reflect.DelegatingMethodAccessorImpl.invoke(DelegatingMethodAccessorImpl.java:43)
	at java.lang.reflect.Method.invoke(Method.java:498)
	at org.junit.runners.model.FrameworkMethod$1.runReflectiveCall(FrameworkMethod.java:44)
	at org.junit.internal.runners.model.ReflectiveCallable.run(ReflectiveCallable.java:15)
	at org.junit.runners.model.FrameworkMethod.invokeExplosively(FrameworkMethod.java:41)
	at junitparams.internal.InvokeParameterisedMethod.evaluate(InvokeParameterisedMethod.java:102)
	at org.junit.internal.runners.statements.FailOnTimeout$1.run(FailOnTimeout.java:28)
Caused by: ptolemy.kernel.util.IllegalActionException: Found a zero delay loop containing .dependencyLoop2.original
  in .dependencyLoop2 and .dependencyLoop2.original
	at ptolemy.actor.util.CausalityInterfaceForComposites._computeOutputPortDepth(CausalityInterfaceForComposites.java:759)
	at ptolemy.actor.util.CausalityInterfaceForComposites._computeInputDepth(CausalityInterfaceForComposites.java:696)
	at ptolemy.actor.util.CausalityInterfaceForComposites._computeOutputPortDepth(CausalityInterfaceForComposites.java:765)
	at ptolemy.actor.util.CausalityInterfaceForComposites._computeInputDepth(CausalityInterfaceForComposites.java:696)
	at ptolemy.actor.util.CausalityInterfaceForComposites._computeOutputPortDepth(CausalityInterfaceForComposites.java:765)
	at ptolemy.actor.util.CausalityInterfaceForComposites._computeInputDepth(CausalityInterfaceForComposites.java:696)
	at ptolemy.actor.util.CausalityInterfaceForComposites._computeActorDepth(CausalityInterfaceForComposites.java:532)
	at ptolemy.actor.util.CausalityInterfaceForComposites.checkForCycles(CausalityInterfaceForComposites.java:96)
	at ptolemy.domains.de.kernel.DEDirector.preinitialize(DEDirector.java:1338)
	at ptolemy.actor.CompositeActor.preinitialize(CompositeActor.java:1828)
	at ptolemy.actor.Manager.preinitializeAndResolveTypes(Manager.java:1040)
	at ptolemy.actor.Manager.initialize(Manager.java:710)
	at ptolemy.actor.Manager.execute(Manager.java:356)
	at ptolemy.actor.Manager.run(Manager.java:1263)
	at ptolemy.actor.Manager$PtolemyRunThread.run(Manager.java:1915)
]]></system-err>
</testsuite>
