<?xml version="1.0" encoding="UTF-8" ?>
<testsuite errors="0" failures="0" hostname="travis-job-f3c3a082-e6db-41bd-b222-3879a9c9c520" name="ptolemy.domains.continuous.test.junit.JUnitTclTest" skipped="0" tests="155" time="71.175" timestamp="2018-06-15T15:11:28">
  <properties>
[...]
</properties>
  <testcase classname="ptolemy.util.test.junit.TclTests" name="[0] ThereAreNoTclTests (RunTclFile)" time="0.001" />
  <testcase classname="ptolemy.util.test.junit.AutoKnownFailedTests" name="[0] ThereAreNoKnowFailedTests (RunModel)" time="0.001" />
  <testcase classname="ptolemy.util.test.junit.AutoNameArchTests" name="[0] ThereAreNoAutoArchTests (RunModel)" time="0.001" />
  <testcase classname="ptolemy.util.test.junit.AutoTests" name="[0] /home/travis/build/icyphy/ptII/ptolemy/domains/continuous/test/auto/BouncingBall.xml (RunModel)" time="2.867" />
  <testcase classname="ptolemy.util.test.junit.AutoTests" name="[1] /home/travis/build/icyphy/ptII/ptolemy/domains/continuous/test/auto/BouncingBallWithoutGR.xml (RunModel)" time="0.958" />
  <testcase classname="ptolemy.util.test.junit.AutoTests" name="[2] /home/travis/build/icyphy/ptII/ptolemy/domains/continuous/test/auto/Brownian.xml (RunModel)" time="0.11" />
  <testcase classname="ptolemy.util.test.junit.AutoTests" name="[3] /home/travis/build/icyphy/ptII/ptolemy/domains/continuous/test/auto/CarTracking.xml (RunModel)" time="3.775" />
  <testcase classname="ptolemy.util.test.junit.AutoTests" name="[4] /home/travis/build/icyphy/ptII/ptolemy/domains/continuous/test/auto/CartPendulum.xml (RunModel)" time="0.493" />
  <testcase classname="ptolemy.util.test.junit.AutoTests" name="[5] /home/travis/build/icyphy/ptII/ptolemy/domains/continuous/test/auto/CausalityInterface10.xml (RunModel)" time="0.04" />
  <testcase classname="ptolemy.util.test.junit.AutoTests" name="[6] /home/travis/build/icyphy/ptII/ptolemy/domains/continuous/test/auto/CausalityInterface11.xml (RunModel)" time="0.032" />
  <testcase classname="ptolemy.util.test.junit.AutoTests" name="[7] /home/travis/build/icyphy/ptII/ptolemy/domains/continuous/test/auto/CausalityInterface12.xml (RunModel)" time="0.03" />
  <testcase classname="ptolemy.util.test.junit.AutoTests" name="[8] /home/travis/build/icyphy/ptII/ptolemy/domains/continuous/test/auto/CausalityInterface13.xml (RunModel)" time="0.039" />
  <testcase classname="ptolemy.util.test.junit.AutoTests" name="[9] /home/travis/build/icyphy/ptII/ptolemy/domains/continuous/test/auto/CausalityInterface14.xml (RunModel)" time="0.023" />
  <testcase classname="ptolemy.util.test.junit.AutoTests" name="[10] /home/travis/build/icyphy/ptII/ptolemy/domains/continuous/test/auto/CausalityInterface4.xml (RunModel)" time="0.032" />
  <testcase classname="ptolemy.util.test.junit.AutoTests" name="[11] /home/travis/build/icyphy/ptII/ptolemy/domains/continuous/test/auto/CausalityInterface5.xml (RunModel)" time="0.037" />
  <testcase classname="ptolemy.util.test.junit.AutoTests" name="[12] /home/travis/build/icyphy/ptII/ptolemy/domains/continuous/test/auto/CausalityInterface6.xml (RunModel)" time="0.028" />
  <testcase classname="ptolemy.util.test.junit.AutoTests" name="[13] /home/travis/build/icyphy/ptII/ptolemy/domains/continuous/test/auto/CausalityInterface7.xml (RunModel)" time="0.043" />
  <testcase classname="ptolemy.util.test.junit.AutoTests" name="[14] /home/travis/build/icyphy/ptII/ptolemy/domains/continuous/test/auto/CausalityInterface8.xml (RunModel)" time="0.041" />
  <testcase classname="ptolemy.util.test.junit.AutoTests" name="[15] /home/travis/build/icyphy/ptII/ptolemy/domains/continuous/test/auto/CausalityInterface9.xml (RunModel)" time="0.045" />
  <testcase classname="ptolemy.util.test.junit.AutoTests" name="[16] /home/travis/build/icyphy/ptII/ptolemy/domains/continuous/test/auto/CausalityInterfaceFeedback1.xml (RunModel)" time="0.03" />
  <testcase classname="ptolemy.util.test.junit.AutoTests" name="[17] /home/travis/build/icyphy/ptII/ptolemy/domains/continuous/test/auto/CausalityInterfaceFeedback2.xml (RunModel)" time="0.035" />
  <testcase classname="ptolemy.util.test.junit.AutoTests" name="[18] /home/travis/build/icyphy/ptII/ptolemy/domains/continuous/test/auto/CompareWithCurrentTime.xml (RunModel)" time="0.024" />
  <testcase classname="ptolemy.util.test.junit.AutoTests" name="[19] /home/travis/build/icyphy/ptII/ptolemy/domains/continuous/test/auto/ComparedClocks.xml (RunModel)" time="0.075" />
  <testcase classname="ptolemy.util.test.junit.AutoTests" name="[20] /home/travis/build/icyphy/ptII/ptolemy/domains/continuous/test/auto/ContinuousAOCClone.xml (RunModel)" time="2.716" />
  <testcase classname="ptolemy.util.test.junit.AutoTests" name="[21] /home/travis/build/icyphy/ptII/ptolemy/domains/continuous/test/auto/ContinuousClock.xml (RunModel)" time="0.079" />
  <testcase classname="ptolemy.util.test.junit.AutoTests" name="[22] /home/travis/build/icyphy/ptII/ptolemy/domains/continuous/test/auto/ContinuousInContinuous.xml (RunModel)" time="0.1" />
  <testcase classname="ptolemy.util.test.junit.AutoTests" name="[23] /home/travis/build/icyphy/ptII/ptolemy/domains/continuous/test/auto/ContinuousInContinuousInContinuous.xml (RunModel)" time="0.038" />
  <testcase classname="ptolemy.util.test.junit.AutoTests" name="[24] /home/travis/build/icyphy/ptII/ptolemy/domains/continuous/test/auto/ContinuousInDE.xml (RunModel)" time="0.111" />
  <testcase classname="ptolemy.util.test.junit.AutoTests" name="[25] /home/travis/build/icyphy/ptII/ptolemy/domains/continuous/test/auto/ContinuousInDE2.xml (RunModel)" time="0.059" />
  <testcase classname="ptolemy.util.test.junit.AutoTests" name="[26] /home/travis/build/icyphy/ptII/ptolemy/domains/continuous/test/auto/ContinuousInDE3.xml (RunModel)" time="0.069" />
  <testcase classname="ptolemy.util.test.junit.AutoTests" name="[27] /home/travis/build/icyphy/ptII/ptolemy/domains/continuous/test/auto/ContinuousInDE4.xml (RunModel)" time="0.034" />
  <testcase classname="ptolemy.util.test.junit.AutoTests" name="[28] /home/travis/build/icyphy/ptII/ptolemy/domains/continuous/test/auto/ContinuousInDEDifferentRefinements.xml (RunModel)" time="0.104" />
  <testcase classname="ptolemy.util.test.junit.AutoTests" name="[29] /home/travis/build/icyphy/ptII/ptolemy/domains/continuous/test/auto/ContinuousInDEDifferentRefinementsPreemptive.xml (RunModel)" time="0.088" />
  <testcase classname="ptolemy.util.test.junit.AutoTests" name="[30] /home/travis/build/icyphy/ptII/ptolemy/domains/continuous/test/auto/ContinuousInDEInContinuous2.xml (RunModel)" time="0.066" />
  <testcase classname="ptolemy.util.test.junit.AutoTests" name="[31] /home/travis/build/icyphy/ptII/ptolemy/domains/continuous/test/auto/ContinuousInDEInContinuous3.xml (RunModel)" time="0.065" />
  <testcase classname="ptolemy.util.test.junit.AutoTests" name="[32] /home/travis/build/icyphy/ptII/ptolemy/domains/continuous/test/auto/ContinuousInDEInput.xml (RunModel)" time="0.034" />
  <testcase classname="ptolemy.util.test.junit.AutoTests" name="[33] /home/travis/build/icyphy/ptII/ptolemy/domains/continuous/test/auto/ContinuousInDEInput2.xml (RunModel)" time="0.045" />
  <testcase classname="ptolemy.util.test.junit.AutoTests" name="[34] /home/travis/build/icyphy/ptII/ptolemy/domains/continuous/test/auto/ContinuousInDEInput3.xml (RunModel)" time="0.034" />
  <testcase classname="ptolemy.util.test.junit.AutoTests" name="[35] /home/travis/build/icyphy/ptII/ptolemy/domains/continuous/test/auto/ContinuousInDESharingRefinement.xml (RunModel)" time="0.191" />
  <testcase classname="ptolemy.util.test.junit.AutoTests" name="[36] /home/travis/build/icyphy/ptII/ptolemy/domains/continuous/test/auto/ContinuousInDEwithNoPorts.xml (RunModel)" time="0.022" />
  <testcase classname="ptolemy.util.test.junit.AutoTests" name="[37] /home/travis/build/icyphy/ptII/ptolemy/domains/continuous/test/auto/ContinuousInsideDE.xml (RunModel)" time="0.095" />
  <testcase classname="ptolemy.util.test.junit.AutoTests" name="[38] /home/travis/build/icyphy/ptII/ptolemy/domains/continuous/test/auto/ContinuousMerge1.xml (RunModel)" time="0.016" />
  <testcase classname="ptolemy.util.test.junit.AutoTests" name="[39] /home/travis/build/icyphy/ptII/ptolemy/domains/continuous/test/auto/ContinuousMerge2.xml (RunModel)" time="0.052" />
  <testcase classname="ptolemy.util.test.junit.AutoTests" name="[40] /home/travis/build/icyphy/ptII/ptolemy/domains/continuous/test/auto/ContinuousMerge3.xml (RunModel)" time="0.066" />
  <testcase classname="ptolemy.util.test.junit.AutoTests" name="[41] /home/travis/build/icyphy/ptII/ptolemy/domains/continuous/test/auto/ContinuousWithinContinuous.xml (RunModel)" time="0.064" />
  <testcase classname="ptolemy.util.test.junit.AutoTests" name="[42] /home/travis/build/icyphy/ptII/ptolemy/domains/continuous/test/auto/ContinuousWithinContinuous2.xml (RunModel)" time="0.081" />
  <testcase classname="ptolemy.util.test.junit.AutoTests" name="[43] /home/travis/build/icyphy/ptII/ptolemy/domains/continuous/test/auto/ContinuousWithinContinuous3.xml (RunModel)" time="0.024" />
  <testcase classname="ptolemy.util.test.junit.AutoTests" name="[44] /home/travis/build/icyphy/ptII/ptolemy/domains/continuous/test/auto/ContinuousWithinContinuous4.xml (RunModel)" time="0.094" />
  <testcase classname="ptolemy.util.test.junit.AutoTests" name="[45] /home/travis/build/icyphy/ptII/ptolemy/domains/continuous/test/auto/ContinuousWithinContinuous5.xml (RunModel)" time="0.026" />
  <testcase classname="ptolemy.util.test.junit.AutoTests" name="[46] /home/travis/build/icyphy/ptII/ptolemy/domains/continuous/test/auto/ContinuousWithinContinuous6.xml (RunModel)" time="0.033" />
  <testcase classname="ptolemy.util.test.junit.AutoTests" name="[47] /home/travis/build/icyphy/ptII/ptolemy/domains/continuous/test/auto/ContinuousWithinContinuous7.xml (RunModel)" time="0.065" />
  <testcase classname="ptolemy.util.test.junit.AutoTests" name="[48] /home/travis/build/icyphy/ptII/ptolemy/domains/continuous/test/auto/DCMotor.xml (RunModel)" time="13.34" />
  <testcase classname="ptolemy.util.test.junit.AutoTests" name="[49] /home/travis/build/icyphy/ptII/ptolemy/domains/continuous/test/auto/DEInContinuous.xml (RunModel)" time="0.018" />
  <testcase classname="ptolemy.util.test.junit.AutoTests" name="[50] /home/travis/build/icyphy/ptII/ptolemy/domains/continuous/test/auto/DEinContinuous2.xml (RunModel)" time="0.022" />
  <testcase classname="ptolemy.util.test.junit.AutoTests" name="[51] /home/travis/build/icyphy/ptII/ptolemy/domains/continuous/test/auto/Derivative.xml (RunModel)" time="0.195" />
  <testcase classname="ptolemy.util.test.junit.AutoTests" name="[52] /home/travis/build/icyphy/ptII/ptolemy/domains/continuous/test/auto/Derivative1.xml (RunModel)" time="0.044" />
  <testcase classname="ptolemy.util.test.junit.AutoTests" name="[53] /home/travis/build/icyphy/ptII/ptolemy/domains/continuous/test/auto/DiscreteClock.xml (RunModel)" time="0.014" />
  <testcase classname="ptolemy.util.test.junit.AutoTests" name="[54] /home/travis/build/icyphy/ptII/ptolemy/domains/continuous/test/auto/EfficiencyCurve.xml (RunModel)" time="0.099" />
  <testcase classname="ptolemy.util.test.junit.AutoTests" name="[55] /home/travis/build/icyphy/ptII/ptolemy/domains/continuous/test/auto/ExponentialResponse.xml (RunModel)" time="0.107" />
  <testcase classname="ptolemy.util.test.junit.AutoTests" name="[56] /home/travis/build/icyphy/ptII/ptolemy/domains/continuous/test/auto/ExponentialResponseRK45.xml (RunModel)" time="0.032" />
  <testcase classname="ptolemy.util.test.junit.AutoTests" name="[57] /home/travis/build/icyphy/ptII/ptolemy/domains/continuous/test/auto/Friction.xml (RunModel)" time="1.282" />
  <testcase classname="ptolemy.util.test.junit.AutoTests" name="[58] /home/travis/build/icyphy/ptII/ptolemy/domains/continuous/test/auto/FurutaPendulum.xml (RunModel)" time="3.47" />
  <testcase classname="ptolemy.util.test.junit.AutoTests" name="[59] /home/travis/build/icyphy/ptII/ptolemy/domains/continuous/test/auto/HierarchicalExecution.xml (RunModel)" time="2.19" />
  <testcase classname="ptolemy.util.test.junit.AutoTests" name="[60] /home/travis/build/icyphy/ptII/ptolemy/domains/continuous/test/auto/HybridPlant.xml (RunModel)" time="0.526" />
  <testcase classname="ptolemy.util.test.junit.AutoTests" name="[61] /home/travis/build/icyphy/ptII/ptolemy/domains/continuous/test/auto/Hysteresis.xml (RunModel)" time="0.155" />
  <testcase classname="ptolemy.util.test.junit.AutoTests" name="[62] /home/travis/build/icyphy/ptII/ptolemy/domains/continuous/test/auto/HysteresisWithRandomDelay.xml (RunModel)" time="0.227" />
  <testcase classname="ptolemy.util.test.junit.AutoTests" name="[63] /home/travis/build/icyphy/ptII/ptolemy/domains/continuous/test/auto/HysteresisWithRandomLosses.xml (RunModel)" time="2.055" />
  <testcase classname="ptolemy.util.test.junit.AutoTests" name="[64] /home/travis/build/icyphy/ptII/ptolemy/domains/continuous/test/auto/ImmediateTransitions.xml (RunModel)" time="0.024" />
  <testcase classname="ptolemy.util.test.junit.AutoTests" name="[65] /home/travis/build/icyphy/ptII/ptolemy/domains/continuous/test/auto/ImpulseFeedback.xml (RunModel)" time="0.029" />
  <testcase classname="ptolemy.util.test.junit.AutoTests" name="[66] /home/travis/build/icyphy/ptII/ptolemy/domains/continuous/test/auto/ImpulseFeedback2.xml (RunModel)" time="0.019" />
  <testcase classname="ptolemy.util.test.junit.AutoTests" name="[67] /home/travis/build/icyphy/ptII/ptolemy/domains/continuous/test/auto/IncreasingRatePoisson.xml (RunModel)" time="0.642" />
  <testcase classname="ptolemy.util.test.junit.AutoTests" name="[68] /home/travis/build/icyphy/ptII/ptolemy/domains/continuous/test/auto/InitialStateFeedback.xml (RunModel)" time="0.021" />
  <testcase classname="ptolemy.util.test.junit.AutoTests" name="[69] /home/travis/build/icyphy/ptII/ptolemy/domains/continuous/test/auto/Integration.xml (RunModel)" time="0.009" />
  <testcase classname="ptolemy.util.test.junit.AutoTests" name="[70] /home/travis/build/icyphy/ptII/ptolemy/domains/continuous/test/auto/Integration2.xml (RunModel)" time="0.084" />
  <testcase classname="ptolemy.util.test.junit.AutoTests" name="[71] /home/travis/build/icyphy/ptII/ptolemy/domains/continuous/test/auto/Integration3.xml (RunModel)" time="0.014" />
  <testcase classname="ptolemy.util.test.junit.AutoTests" name="[72] /home/travis/build/icyphy/ptII/ptolemy/domains/continuous/test/auto/Integration5.xml (RunModel)" time="0.028" />
  <testcase classname="ptolemy.util.test.junit.AutoTests" name="[73] /home/travis/build/icyphy/ptII/ptolemy/domains/continuous/test/auto/IntegratorImpulse.xml (RunModel)" time="0.01" />
  <testcase classname="ptolemy.util.test.junit.AutoTests" name="[74] /home/travis/build/icyphy/ptII/ptolemy/domains/continuous/test/auto/IntegratorImpulse2.xml (RunModel)" time="0.011" />
  <testcase classname="ptolemy.util.test.junit.AutoTests" name="[75] /home/travis/build/icyphy/ptII/ptolemy/domains/continuous/test/auto/LevelCrossing1.xml (RunModel)" time="0.01" />
  <testcase classname="ptolemy.util.test.junit.AutoTests" name="[76] /home/travis/build/icyphy/ptII/ptolemy/domains/continuous/test/auto/LevelCrossing2.xml (RunModel)" time="0.012" />
  <testcase classname="ptolemy.util.test.junit.AutoTests" name="[77] /home/travis/build/icyphy/ptII/ptolemy/domains/continuous/test/auto/LevelCrossing3.xml (RunModel)" time="0.015" />
  <testcase classname="ptolemy.util.test.junit.AutoTests" name="[78] /home/travis/build/icyphy/ptII/ptolemy/domains/continuous/test/auto/LevelCrossing4.xml (RunModel)" time="0.012" />
  <testcase classname="ptolemy.util.test.junit.AutoTests" name="[79] /home/travis/build/icyphy/ptII/ptolemy/domains/continuous/test/auto/LevelCrossing5.xml (RunModel)" time="0.012" />
  <testcase classname="ptolemy.util.test.junit.AutoTests" name="[80] /home/travis/build/icyphy/ptII/ptolemy/domains/continuous/test/auto/LevelCrossing6.xml (RunModel)" time="0.012" />
  <testcase classname="ptolemy.util.test.junit.AutoTests" name="[81] /home/travis/build/icyphy/ptII/ptolemy/domains/continuous/test/auto/LevelCrossingDetector.xml (RunModel)" time="0.043" />
  <testcase classname="ptolemy.util.test.junit.AutoTests" name="[82] /home/travis/build/icyphy/ptII/ptolemy/domains/continuous/test/auto/LevelCrossingDetectorDetectingDirections.xml (RunModel)" time="0.074" />
  <testcase classname="ptolemy.util.test.junit.AutoTests" name="[83] /home/travis/build/icyphy/ptII/ptolemy/domains/continuous/test/auto/LevelCrossingDetectorDetectsGlitches.xml (RunModel)" time="0.061" />
  <testcase classname="ptolemy.util.test.junit.AutoTests" name="[84] /home/travis/build/icyphy/ptII/ptolemy/domains/continuous/test/auto/LevelCrossingNoInitialOuput.xml (RunModel)" time="0.012" />
  <testcase classname="ptolemy.util.test.junit.AutoTests" name="[85] /home/travis/build/icyphy/ptII/ptolemy/domains/continuous/test/auto/LinearStateSpaceExample.xml (RunModel)" time="0.035" />
  <testcase classname="ptolemy.util.test.junit.AutoTests" name="[86] /home/travis/build/icyphy/ptII/ptolemy/domains/continuous/test/auto/Lorenz.xml (RunModel)" time="3.994" />
  <testcase classname="ptolemy.util.test.junit.AutoTests" name="[87] /home/travis/build/icyphy/ptII/ptolemy/domains/continuous/test/auto/LorenzDifferentialSystem.xml (RunModel)" time="1.059" />
  <testcase classname="ptolemy.util.test.junit.AutoTests" name="[88] /home/travis/build/icyphy/ptII/ptolemy/domains/continuous/test/auto/LorenzDifferentialSystemWithInput.xml (RunModel)" time="1.332" />
  <testcase classname="ptolemy.util.test.junit.AutoTests" name="[89] /home/travis/build/icyphy/ptII/ptolemy/domains/continuous/test/auto/LorenzDifferentialSystemWithTime.xml (RunModel)" time="0.701" />
  <testcase classname="ptolemy.util.test.junit.AutoTests" name="[90] /home/travis/build/icyphy/ptII/ptolemy/domains/continuous/test/auto/Microsteps.xml (RunModel)" time="0.022" />
  <testcase classname="ptolemy.util.test.junit.AutoTests" name="[91] /home/travis/build/icyphy/ptII/ptolemy/domains/continuous/test/auto/Modal1.xml (RunModel)" time="0.042" />
  <testcase classname="ptolemy.util.test.junit.AutoTests" name="[92] /home/travis/build/icyphy/ptII/ptolemy/domains/continuous/test/auto/Modal2.xml (RunModel)" time="0.053" />
  <testcase classname="ptolemy.util.test.junit.AutoTests" name="[93] /home/travis/build/icyphy/ptII/ptolemy/domains/continuous/test/auto/ModalTransitionGuardWithReset.xml (RunModel)" time="0.03" />
  <testcase classname="ptolemy.util.test.junit.AutoTests" name="[94] /home/travis/build/icyphy/ptII/ptolemy/domains/continuous/test/auto/ModalTransitionGuardWithResetUsingPreemptiveTransition.xml (RunModel)" time="0.029" />
  <testcase classname="ptolemy.util.test.junit.AutoTests" name="[95] /home/travis/build/icyphy/ptII/ptolemy/domains/continuous/test/auto/ModalTransitionGuardWithResetUsingPreemptiveTransition2.xml (RunModel)" time="0.052" />
  <testcase classname="ptolemy.util.test.junit.AutoTests" name="[96] /home/travis/build/icyphy/ptII/ptolemy/domains/continuous/test/auto/ModalTransitionGuardWithResetUsingPreemptiveTransition3.xml (RunModel)" time="0.033" />
  <testcase classname="ptolemy.util.test.junit.AutoTests" name="[97] /home/travis/build/icyphy/ptII/ptolemy/domains/continuous/test/auto/NewtonsCradle.xml (RunModel)" time="0.743" />
  <testcase classname="ptolemy.util.test.junit.AutoTests" name="[98] /home/travis/build/icyphy/ptII/ptolemy/domains/continuous/test/auto/NewtonsCradleAnimated.xml (RunModel)" time="1.216" />
  <testcase classname="ptolemy.util.test.junit.AutoTests" name="[99] /home/travis/build/icyphy/ptII/ptolemy/domains/continuous/test/auto/NewtonsCradleComplicated.xml (RunModel)" time="1.003" />
  <testcase classname="ptolemy.util.test.junit.AutoTests" name="[100] /home/travis/build/icyphy/ptII/ptolemy/domains/continuous/test/auto/NewtonsCradleNondeterministic.xml (RunModel)" time="0.592" />
  <testcase classname="ptolemy.util.test.junit.AutoTests" name="[101] /home/travis/build/icyphy/ptII/ptolemy/domains/continuous/test/auto/NewtonsCradlePerfectlyInelastic1.xml (RunModel)" time="1.193" />
  <testcase classname="ptolemy.util.test.junit.AutoTests" name="[102] /home/travis/build/icyphy/ptII/ptolemy/domains/continuous/test/auto/Noise.xml (RunModel)" time="0.171" />
  <testcase classname="ptolemy.util.test.junit.AutoTests" name="[103] /home/travis/build/icyphy/ptII/ptolemy/domains/continuous/test/auto/NoiseSpectrum.xml (RunModel)" time="0.687" />
  <testcase classname="ptolemy.util.test.junit.AutoTests" name="[104] /home/travis/build/icyphy/ptII/ptolemy/domains/continuous/test/auto/ParameterizedNewtonsCradleAnimated.xml (RunModel)" time="0.361" />
  <testcase classname="ptolemy.util.test.junit.AutoTests" name="[105] /home/travis/build/icyphy/ptII/ptolemy/domains/continuous/test/auto/ParameterizedNewtonsCradleAnimatedNondeterministic.xml (RunModel)" time="1.116" />
  <testcase classname="ptolemy.util.test.junit.AutoTests" name="[106] /home/travis/build/icyphy/ptII/ptolemy/domains/continuous/test/auto/Pendulum3D.xml (RunModel)" time="0.165" />
  <testcase classname="ptolemy.util.test.junit.AutoTests" name="[107] /home/travis/build/icyphy/ptII/ptolemy/domains/continuous/test/auto/PeriodicSampler.xml (RunModel)" time="0.01" />
  <testcase classname="ptolemy.util.test.junit.AutoTests" name="[108] /home/travis/build/icyphy/ptII/ptolemy/domains/continuous/test/auto/PeriodicSampler1.xml (RunModel)" time="0.039" />
  <testcase classname="ptolemy.util.test.junit.AutoTests" name="[109] /home/travis/build/icyphy/ptII/ptolemy/domains/continuous/test/auto/PeriodicSampler2.xml (RunModel)" time="0.081" />
  <testcase classname="ptolemy.util.test.junit.AutoTests" name="[110] /home/travis/build/icyphy/ptII/ptolemy/domains/continuous/test/auto/Poisson.xml (RunModel)" time="0.428" />
  <testcase classname="ptolemy.util.test.junit.AutoTests" name="[111] /home/travis/build/icyphy/ptII/ptolemy/domains/continuous/test/auto/PoissonClock.xml (RunModel)" time="0.01" />
  <testcase classname="ptolemy.util.test.junit.AutoTests" name="[112] /home/travis/build/icyphy/ptII/ptolemy/domains/continuous/test/auto/PoissonClock2.xml (RunModel)" time="0.014" />
  <testcase classname="ptolemy.util.test.junit.AutoTests" name="[113] /home/travis/build/icyphy/ptII/ptolemy/domains/continuous/test/auto/PortParameterHierarchy.xml (RunModel)" time="0.016" />
  <testcase classname="ptolemy.util.test.junit.AutoTests" name="[114] /home/travis/build/icyphy/ptII/ptolemy/domains/continuous/test/auto/RandomHybridPlant.xml (RunModel)" time="0.488" />
  <testcase classname="ptolemy.util.test.junit.AutoTests" name="[115] /home/travis/build/icyphy/ptII/ptolemy/domains/continuous/test/auto/ResetTransitionWithStartTime1.xml (RunModel)" time="0.026" />
  <testcase classname="ptolemy.util.test.junit.AutoTests" name="[116] /home/travis/build/icyphy/ptII/ptolemy/domains/continuous/test/auto/ResetTransitionWithStartTime2.xml (RunModel)" time="0.032" />
  <testcase classname="ptolemy.util.test.junit.AutoTests" name="[117] /home/travis/build/icyphy/ptII/ptolemy/domains/continuous/test/auto/ResetTransitionWithStartTime3.xml (RunModel)" time="0.044" />
  <testcase classname="ptolemy.util.test.junit.AutoTests" name="[118] /home/travis/build/icyphy/ptII/ptolemy/domains/continuous/test/auto/ResetTransitionWithStartTime4.xml (RunModel)" time="0.022" />
  <testcase classname="ptolemy.util.test.junit.AutoTests" name="[119] /home/travis/build/icyphy/ptII/ptolemy/domains/continuous/test/auto/ResetTransitionWithStartTime5.xml (RunModel)" time="0.033" />
  <testcase classname="ptolemy.util.test.junit.AutoTests" name="[120] /home/travis/build/icyphy/ptII/ptolemy/domains/continuous/test/auto/ResetTransitionWithStartTime6.xml (RunModel)" time="0.038" />
  <testcase classname="ptolemy.util.test.junit.AutoTests" name="[121] /home/travis/build/icyphy/ptII/ptolemy/domains/continuous/test/auto/SRinContinuous.xml (RunModel)" time="0.03" />
  <testcase classname="ptolemy.util.test.junit.AutoTests" name="[122] /home/travis/build/icyphy/ptII/ptolemy/domains/continuous/test/auto/SampledClocks.xml (RunModel)" time="0.026" />
  <testcase classname="ptolemy.util.test.junit.AutoTests" name="[123] /home/travis/build/icyphy/ptII/ptolemy/domains/continuous/test/auto/Satellite.xml (RunModel)" time="0.873" />
  <testcase classname="ptolemy.util.test.junit.AutoTests" name="[124] /home/travis/build/icyphy/ptII/ptolemy/domains/continuous/test/auto/SigmaDelta.xml (RunModel)" time="2.338" />
  <testcase classname="ptolemy.util.test.junit.AutoTests" name="[125] /home/travis/build/icyphy/ptII/ptolemy/domains/continuous/test/auto/SinuBouncingBall.xml (RunModel)" time="0.743" />
  <testcase classname="ptolemy.util.test.junit.AutoTests" name="[126] /home/travis/build/icyphy/ptII/ptolemy/domains/continuous/test/auto/Sinusoid.xml (RunModel)" time="0.02" />
  <testcase classname="ptolemy.util.test.junit.AutoTests" name="[127] /home/travis/build/icyphy/ptII/ptolemy/domains/continuous/test/auto/SinusoidInNoise.xml (RunModel)" time="0.975" />
  <testcase classname="ptolemy.util.test.junit.AutoTests" name="[128] /home/travis/build/icyphy/ptII/ptolemy/domains/continuous/test/auto/SinusoidRK45.xml (RunModel)" time="0.009" />
  <testcase classname="ptolemy.util.test.junit.AutoTests" name="[129] /home/travis/build/icyphy/ptII/ptolemy/domains/continuous/test/auto/SinusoidWithMultipleImpulses.xml (RunModel)" time="0.011" />
  <testcase classname="ptolemy.util.test.junit.AutoTests" name="[130] /home/travis/build/icyphy/ptII/ptolemy/domains/continuous/test/auto/SquareWave.xml (RunModel)" time="0.179" />
  <testcase classname="ptolemy.util.test.junit.AutoTests" name="[131] /home/travis/build/icyphy/ptII/ptolemy/domains/continuous/test/auto/Starmac.xml (RunModel)" time="3.332" />
  <testcase classname="ptolemy.util.test.junit.AutoTests" name="[132] /home/travis/build/icyphy/ptII/ptolemy/domains/continuous/test/auto/StaticUnits.xml (RunModel)" time="2.468" />
  <testcase classname="ptolemy.util.test.junit.AutoTests" name="[133] /home/travis/build/icyphy/ptII/ptolemy/domains/continuous/test/auto/StickyMasses.xml (RunModel)" time="0.17" />
  <testcase classname="ptolemy.util.test.junit.AutoTests" name="[134] /home/travis/build/icyphy/ptII/ptolemy/domains/continuous/test/auto/StopTime.xml (RunModel)" time="0.149" />
  <testcase classname="ptolemy.util.test.junit.AutoTests" name="[135] /home/travis/build/icyphy/ptII/ptolemy/domains/continuous/test/auto/StopTime2.xml (RunModel)" time="0.051" />
  <testcase classname="ptolemy.util.test.junit.AutoTests" name="[136] /home/travis/build/icyphy/ptII/ptolemy/domains/continuous/test/auto/Switch.xml (RunModel)" time="0.07" />
  <testcase classname="ptolemy.util.test.junit.AutoTests" name="[137] /home/travis/build/icyphy/ptII/ptolemy/domains/continuous/test/auto/Thermostat.xml (RunModel)" time="0.207" />
  <testcase classname="ptolemy.util.test.junit.AutoTests" name="[138] /home/travis/build/icyphy/ptII/ptolemy/domains/continuous/test/auto/TimeDelay.xml (RunModel)" time="0.014" />
  <testcase classname="ptolemy.util.test.junit.AutoTests" name="[139] /home/travis/build/icyphy/ptII/ptolemy/domains/continuous/test/auto/TimeDelay2.xml (RunModel)" time="0.028" />
  <testcase classname="ptolemy.util.test.junit.AutoTests" name="[140] /home/travis/build/icyphy/ptII/ptolemy/domains/continuous/test/auto/TimeDelay3.xml (RunModel)" time="0.014" />
  <testcase classname="ptolemy.util.test.junit.AutoTests" name="[141] /home/travis/build/icyphy/ptII/ptolemy/domains/continuous/test/auto/TransferAbsentToInside.xml (RunModel)" time="0.109" />
  <testcase classname="ptolemy.util.test.junit.AutoTests" name="[142] /home/travis/build/icyphy/ptII/ptolemy/domains/continuous/test/auto/Transmission.xml (RunModel)" time="0.721" />
  <testcase classname="ptolemy.util.test.junit.AutoTests" name="[143] /home/travis/build/icyphy/ptII/ptolemy/domains/continuous/test/auto/TriggeredContinuousClock.xml (RunModel)" time="0.067" />
  <testcase classname="ptolemy.util.test.junit.AutoTests" name="[144] /home/travis/build/icyphy/ptII/ptolemy/domains/continuous/test/auto/TwoMachineInfiniteBusControl.xml (RunModel)" time="2.666" />
  <testcase classname="ptolemy.util.test.junit.AutoTests" name="[145] /home/travis/build/icyphy/ptII/ptolemy/domains/continuous/test/auto/V2V.xml (RunModel)" time="0.685" />
  <testcase classname="ptolemy.util.test.junit.AutoTests" name="[146] /home/travis/build/icyphy/ptII/ptolemy/domains/continuous/test/auto/hierarchicalModalModel.xml (RunModel)" time="0.03" />
  <testcase classname="ptolemy.util.test.junit.AutoTests" name="[147] /home/travis/build/icyphy/ptII/ptolemy/domains/continuous/test/auto/hierarchicalModalModel1.xml (RunModel)" time="0.03" />
  <testcase classname="ptolemy.util.test.junit.AutoTests" name="[148] /home/travis/build/icyphy/ptII/ptolemy/domains/continuous/test/auto/hierarchicalModalModel2.xml (RunModel)" time="0.032" />
  <testcase classname="ptolemy.util.test.junit.AutoTests" name="[149] /home/travis/build/icyphy/ptII/ptolemy/domains/continuous/test/auto/hierarchicalModalModel3.xml (RunModel)" time="0.025" />
  <testcase classname="ptolemy.util.test.junit.AutoTests" name="[150] /home/travis/build/icyphy/ptII/ptolemy/domains/continuous/test/auto/hierarchicalModalModel4.xml (RunModel)" time="0.03" />
  <testcase classname="ptolemy.util.test.junit.AutoTests" name="[151] /home/travis/build/icyphy/ptII/ptolemy/domains/continuous/test/auto/junk.xml (RunModel)" time="0.157" />
  <system-out><![CDATA[No tcl tests in /home/travis/build/icyphy/ptII/ptolemy/domains/continuous/test
No auto/knownFailedTests/*.xml tests in /home/travis/build/icyphy/ptII/ptolemy/domains/continuous/test
No auto/linux-amd64/*.xml tests in /home/travis/build/icyphy/ptII/ptolemy/domains/continuous/test
AutoTests.java: About to close Vertx.
AutoTests.java: Vertx closed.

===========================================================================================
----------------- testing Fri Jun 15 15:11:29 UTC 2018 /home/travis/build/icyphy/ptII/ptolemy/domains/continuous/test/auto/BouncingBall.xml
----------------- Instantiating /home/travis/build/icyphy/ptII/ptolemy/domains/continuous/test/auto/BouncingBall.xml
2334 ms. Memory: 331776K Free: 259581K (78%)
----------------- Invoking toplevel() on ptolemy.moml.MoMLSimpleApplication@251911da
----------------- Done invoking toplevel() on ptolemy.moml.MoMLSimpleApplication@251911da
reloadAllAccessors: .BouncingBall

===========================================================================================
----------------- testing Fri Jun 15 15:11:32 UTC 2018 /home/travis/build/icyphy/ptII/ptolemy/domains/continuous/test/auto/BouncingBallWithoutGR.xml
----------------- Instantiating /home/travis/build/icyphy/ptII/ptolemy/domains/continuous/test/auto/BouncingBallWithoutGR.xml
839 ms. Memory: 331776K Free: 315303K (95%)
----------------- Invoking toplevel() on ptolemy.moml.MoMLSimpleApplication@ebd92ad
----------------- Done invoking toplevel() on ptolemy.moml.MoMLSimpleApplication@ebd92ad
reloadAllAccessors: .BouncingBallWithoutGR

===========================================================================================
----------------- testing Fri Jun 15 15:11:33 UTC 2018 /home/travis/build/icyphy/ptII/ptolemy/domains/continuous/test/auto/Brownian.xml
----------------- Instantiating /home/travis/build/icyphy/ptII/ptolemy/domains/continuous/test/auto/Brownian.xml
43 ms. Memory: 331776K Free: 301406K (91%)
----------------- Invoking toplevel() on ptolemy.moml.MoMLSimpleApplication@1bf96c87
----------------- Done invoking toplevel() on ptolemy.moml.MoMLSimpleApplication@1bf96c87
reloadAllAccessors: .Brownian

===========================================================================================
----------------- testing Fri Jun 15 15:11:33 UTC 2018 /home/travis/build/icyphy/ptII/ptolemy/domains/continuous/test/auto/CarTracking.xml
----------------- Instantiating /home/travis/build/icyphy/ptII/ptolemy/domains/continuous/test/auto/CarTracking.xml
3403 ms. Memory: 578048K Free: 453944K (79%)
----------------- Invoking toplevel() on ptolemy.moml.MoMLSimpleApplication@36f7fd7b
----------------- Done invoking toplevel() on ptolemy.moml.MoMLSimpleApplication@36f7fd7b
reloadAllAccessors: .CarTracking

===========================================================================================
----------------- testing Fri Jun 15 15:11:37 UTC 2018 /home/travis/build/icyphy/ptII/ptolemy/domains/continuous/test/auto/CartPendulum.xml
----------------- Instantiating /home/travis/build/icyphy/ptII/ptolemy/domains/continuous/test/auto/CartPendulum.xml
403 ms. Memory: 578048K Free: 344265K (60%)
----------------- Invoking toplevel() on ptolemy.moml.MoMLSimpleApplication@3ccd1339
----------------- Done invoking toplevel() on ptolemy.moml.MoMLSimpleApplication@3ccd1339
reloadAllAccessors: .CartPendulum

===========================================================================================
----------------- testing Fri Jun 15 15:11:37 UTC 2018 /home/travis/build/icyphy/ptII/ptolemy/domains/continuous/test/auto/CausalityInterface10.xml
----------------- Instantiating /home/travis/build/icyphy/ptII/ptolemy/domains/continuous/test/auto/CausalityInterface10.xml
5 ms. Memory: 578048K Free: 327865K (57%)
----------------- Invoking toplevel() on ptolemy.moml.MoMLSimpleApplication@20d0e271
----------------- Done invoking toplevel() on ptolemy.moml.MoMLSimpleApplication@20d0e271
reloadAllAccessors: .CausalityInterface10

===========================================================================================
----------------- testing Fri Jun 15 15:11:37 UTC 2018 /home/travis/build/icyphy/ptII/ptolemy/domains/continuous/test/auto/CausalityInterface11.xml
----------------- Instantiating /home/travis/build/icyphy/ptII/ptolemy/domains/continuous/test/auto/CausalityInterface11.xml
4 ms. Memory: 578048K Free: 318018K (55%)
----------------- Invoking toplevel() on ptolemy.moml.MoMLSimpleApplication@3057f4df
----------------- Done invoking toplevel() on ptolemy.moml.MoMLSimpleApplication@3057f4df
reloadAllAccessors: .CausalityInterface11

===========================================================================================
----------------- testing Fri Jun 15 15:11:37 UTC 2018 /home/travis/build/icyphy/ptII/ptolemy/domains/continuous/test/auto/CausalityInterface12.xml
----------------- Instantiating /home/travis/build/icyphy/ptII/ptolemy/domains/continuous/test/auto/CausalityInterface12.xml
4 ms. Memory: 578048K Free: 308187K (53%)
----------------- Invoking toplevel() on ptolemy.moml.MoMLSimpleApplication@44284504
----------------- Done invoking toplevel() on ptolemy.moml.MoMLSimpleApplication@44284504
reloadAllAccessors: .CausalityInterface12

===========================================================================================
----------------- testing Fri Jun 15 15:11:37 UTC 2018 /home/travis/build/icyphy/ptII/ptolemy/domains/continuous/test/auto/CausalityInterface13.xml
----------------- Instantiating /home/travis/build/icyphy/ptII/ptolemy/domains/continuous/test/auto/CausalityInterface13.xml
4 ms. Memory: 578048K Free: 295178K (51%)
----------------- Invoking toplevel() on ptolemy.moml.MoMLSimpleApplication@28c643d1
----------------- Done invoking toplevel() on ptolemy.moml.MoMLSimpleApplication@28c643d1
reloadAllAccessors: .CausalityInterface13

===========================================================================================
----------------- testing Fri Jun 15 15:11:37 UTC 2018 /home/travis/build/icyphy/ptII/ptolemy/domains/continuous/test/auto/CausalityInterface14.xml
----------------- Instantiating /home/travis/build/icyphy/ptII/ptolemy/domains/continuous/test/auto/CausalityInterface14.xml
2 ms. Memory: 578048K Free: 285331K (49%)
----------------- Invoking toplevel() on ptolemy.moml.MoMLSimpleApplication@2c3ac3eb
----------------- Done invoking toplevel() on ptolemy.moml.MoMLSimpleApplication@2c3ac3eb
reloadAllAccessors: .CausalityInterface14

===========================================================================================
----------------- testing Fri Jun 15 15:11:37 UTC 2018 /home/travis/build/icyphy/ptII/ptolemy/domains/continuous/test/auto/CausalityInterface4.xml
----------------- Instantiating /home/travis/build/icyphy/ptII/ptolemy/domains/continuous/test/auto/CausalityInterface4.xml
3 ms. Memory: 578048K Free: 275485K (48%)
----------------- Invoking toplevel() on ptolemy.moml.MoMLSimpleApplication@6166cab1
----------------- Done invoking toplevel() on ptolemy.moml.MoMLSimpleApplication@6166cab1
reloadAllAccessors: .CausalityInterface4

===========================================================================================
----------------- testing Fri Jun 15 15:11:37 UTC 2018 /home/travis/build/icyphy/ptII/ptolemy/domains/continuous/test/auto/CausalityInterface5.xml
----------------- Instantiating /home/travis/build/icyphy/ptII/ptolemy/domains/continuous/test/auto/CausalityInterface5.xml
7 ms. Memory: 578048K Free: 262369K (45%)
----------------- Invoking toplevel() on ptolemy.moml.MoMLSimpleApplication@58a58dbb
----------------- Done invoking toplevel() on ptolemy.moml.MoMLSimpleApplication@58a58dbb
reloadAllAccessors: .CausalityInterface5

===========================================================================================
----------------- testing Fri Jun 15 15:11:37 UTC 2018 /home/travis/build/icyphy/ptII/ptolemy/domains/continuous/test/auto/CausalityInterface6.xml
----------------- Instantiating /home/travis/build/icyphy/ptII/ptolemy/domains/continuous/test/auto/CausalityInterface6.xml
7 ms. Memory: 578048K Free: 249359K (43%)
----------------- Invoking toplevel() on ptolemy.moml.MoMLSimpleApplication@13d14bbe
----------------- Done invoking toplevel() on ptolemy.moml.MoMLSimpleApplication@13d14bbe
reloadAllAccessors: .CausalityInterface6

===========================================================================================
----------------- testing Fri Jun 15 15:11:37 UTC 2018 /home/travis/build/icyphy/ptII/ptolemy/domains/continuous/test/auto/CausalityInterface7.xml
----------------- Instantiating /home/travis/build/icyphy/ptII/ptolemy/domains/continuous/test/auto/CausalityInterface7.xml
6 ms. Memory: 578048K Free: 236252K (41%)
----------------- Invoking toplevel() on ptolemy.moml.MoMLSimpleApplication@341e9e99
----------------- Done invoking toplevel() on ptolemy.moml.MoMLSimpleApplication@341e9e99
reloadAllAccessors: .CausalityInterface7

===========================================================================================
----------------- testing Fri Jun 15 15:11:37 UTC 2018 /home/travis/build/icyphy/ptII/ptolemy/domains/continuous/test/auto/CausalityInterface8.xml
----------------- Instantiating /home/travis/build/icyphy/ptII/ptolemy/domains/continuous/test/auto/CausalityInterface8.xml
6 ms. Memory: 578048K Free: 223129K (39%)
----------------- Invoking toplevel() on ptolemy.moml.MoMLSimpleApplication@408466e7
----------------- Done invoking toplevel() on ptolemy.moml.MoMLSimpleApplication@408466e7
reloadAllAccessors: .CausalityInterface8

===========================================================================================
----------------- testing Fri Jun 15 15:11:37 UTC 2018 /home/travis/build/icyphy/ptII/ptolemy/domains/continuous/test/auto/CausalityInterface9.xml
----------------- Instantiating /home/travis/build/icyphy/ptII/ptolemy/domains/continuous/test/auto/CausalityInterface9.xml
6 ms. Memory: 578048K Free: 206712K (36%)
----------------- Invoking toplevel() on ptolemy.moml.MoMLSimpleApplication@663cdba8
----------------- Done invoking toplevel() on ptolemy.moml.MoMLSimpleApplication@663cdba8
reloadAllAccessors: .CausalityInterface9

===========================================================================================
----------------- testing Fri Jun 15 15:11:37 UTC 2018 /home/travis/build/icyphy/ptII/ptolemy/domains/continuous/test/auto/CausalityInterfaceFeedback1.xml
----------------- Instantiating /home/travis/build/icyphy/ptII/ptolemy/domains/continuous/test/auto/CausalityInterfaceFeedback1.xml
5 ms. Memory: 578048K Free: 193710K (34%)
----------------- Invoking toplevel() on ptolemy.moml.MoMLSimpleApplication@141cd6c
----------------- Done invoking toplevel() on ptolemy.moml.MoMLSimpleApplication@141cd6c
reloadAllAccessors: .CausalityInterfaceFeedback1

===========================================================================================
----------------- testing Fri Jun 15 15:11:37 UTC 2018 /home/travis/build/icyphy/ptII/ptolemy/domains/continuous/test/auto/CausalityInterfaceFeedback2.xml
----------------- Instantiating /home/travis/build/icyphy/ptII/ptolemy/domains/continuous/test/auto/CausalityInterfaceFeedback2.xml
4 ms. Memory: 578048K Free: 183872K (32%)
----------------- Invoking toplevel() on ptolemy.moml.MoMLSimpleApplication@4ee95076
----------------- Done invoking toplevel() on ptolemy.moml.MoMLSimpleApplication@4ee95076
reloadAllAccessors: .CausalityInterfaceFeedback2

===========================================================================================
----------------- testing Fri Jun 15 15:11:38 UTC 2018 /home/travis/build/icyphy/ptII/ptolemy/domains/continuous/test/auto/CompareWithCurrentTime.xml
----------------- Instantiating /home/travis/build/icyphy/ptII/ptolemy/domains/continuous/test/auto/CompareWithCurrentTime.xml
3 ms. Memory: 578048K Free: 177318K (31%)
----------------- Invoking toplevel() on ptolemy.moml.MoMLSimpleApplication@162c811d
----------------- Done invoking toplevel() on ptolemy.moml.MoMLSimpleApplication@162c811d
reloadAllAccessors: .CompareWithCurrentTime

===========================================================================================
----------------- testing Fri Jun 15 15:11:38 UTC 2018 /home/travis/build/icyphy/ptII/ptolemy/domains/continuous/test/auto/ComparedClocks.xml
----------------- Instantiating /home/travis/build/icyphy/ptII/ptolemy/domains/continuous/test/auto/ComparedClocks.xml
12 ms. Memory: 578048K Free: 157641K (27%)
----------------- Invoking toplevel() on ptolemy.moml.MoMLSimpleApplication@7945a9b
----------------- Done invoking toplevel() on ptolemy.moml.MoMLSimpleApplication@7945a9b
reloadAllAccessors: .ComparedClocks

===========================================================================================
----------------- testing Fri Jun 15 15:11:38 UTC 2018 /home/travis/build/icyphy/ptII/ptolemy/domains/continuous/test/auto/ContinuousAOCClone.xml
----------------- Instantiating /home/travis/build/icyphy/ptII/ptolemy/domains/continuous/test/auto/ContinuousAOCClone.xml
2483 ms. Memory: 871936K Free: 422077K (48%)
----------------- Invoking toplevel() on ptolemy.moml.MoMLSimpleApplication@2dd8e53c
----------------- Done invoking toplevel() on ptolemy.moml.MoMLSimpleApplication@2dd8e53c
reloadAllAccessors: .ContinuousAOCClone

===========================================================================================
----------------- testing Fri Jun 15 15:11:40 UTC 2018 /home/travis/build/icyphy/ptII/ptolemy/domains/continuous/test/auto/ContinuousClock.xml
----------------- Instantiating /home/travis/build/icyphy/ptII/ptolemy/domains/continuous/test/auto/ContinuousClock.xml
35 ms. Memory: 871936K Free: 387550K (44%)
----------------- Invoking toplevel() on ptolemy.moml.MoMLSimpleApplication@44d7012f
----------------- Done invoking toplevel() on ptolemy.moml.MoMLSimpleApplication@44d7012f
reloadAllAccessors: .ContinuousClock

===========================================================================================
----------------- testing Fri Jun 15 15:11:40 UTC 2018 /home/travis/build/icyphy/ptII/ptolemy/domains/continuous/test/auto/ContinuousInContinuous.xml
----------------- Instantiating /home/travis/build/icyphy/ptII/ptolemy/domains/continuous/test/auto/ContinuousInContinuous.xml
55 ms. Memory: 871936K Free: 359997K (41%)
----------------- Invoking toplevel() on ptolemy.moml.MoMLSimpleApplication@5a14291e
----------------- Done invoking toplevel() on ptolemy.moml.MoMLSimpleApplication@5a14291e
reloadAllAccessors: .ContinuousInContinuous

===========================================================================================
----------------- testing Fri Jun 15 15:11:41 UTC 2018 /home/travis/build/icyphy/ptII/ptolemy/domains/continuous/test/auto/ContinuousInContinuousInContinuous.xml
----------------- Instantiating /home/travis/build/icyphy/ptII/ptolemy/domains/continuous/test/auto/ContinuousInContinuousInContinuous.xml
14 ms. Memory: 871936K Free: 348200K (40%)
----------------- Invoking toplevel() on ptolemy.moml.MoMLSimpleApplication@7a536e22
----------------- Done invoking toplevel() on ptolemy.moml.MoMLSimpleApplication@7a536e22
reloadAllAccessors: .ContinuousInContinuousInContinuous

===========================================================================================
----------------- testing Fri Jun 15 15:11:41 UTC 2018 /home/travis/build/icyphy/ptII/ptolemy/domains/continuous/test/auto/ContinuousInDE.xml
----------------- Instantiating /home/travis/build/icyphy/ptII/ptolemy/domains/continuous/test/auto/ContinuousInDE.xml
86 ms. Memory: 871936K Free: 332475K (38%)
----------------- Invoking toplevel() on ptolemy.moml.MoMLSimpleApplication@2fd37715
----------------- Done invoking toplevel() on ptolemy.moml.MoMLSimpleApplication@2fd37715
reloadAllAccessors: .ContinuousInDE

===========================================================================================
----------------- testing Fri Jun 15 15:11:41 UTC 2018 /home/travis/build/icyphy/ptII/ptolemy/domains/continuous/test/auto/ContinuousInDE2.xml
----------------- Instantiating /home/travis/build/icyphy/ptII/ptolemy/domains/continuous/test/auto/ContinuousInDE2.xml
43 ms. Memory: 871936K Free: 313332K (36%)
----------------- Invoking toplevel() on ptolemy.moml.MoMLSimpleApplication@7172f4bc
----------------- Done invoking toplevel() on ptolemy.moml.MoMLSimpleApplication@7172f4bc
reloadAllAccessors: .ContinuousInDE2

===========================================================================================
----------------- testing Fri Jun 15 15:11:41 UTC 2018 /home/travis/build/icyphy/ptII/ptolemy/domains/continuous/test/auto/ContinuousInDE3.xml
----------------- Instantiating /home/travis/build/icyphy/ptII/ptolemy/domains/continuous/test/auto/ContinuousInDE3.xml
45 ms. Memory: 871936K Free: 297623K (34%)
----------------- Invoking toplevel() on ptolemy.moml.MoMLSimpleApplication@4d96cdc9
----------------- Done invoking toplevel() on ptolemy.moml.MoMLSimpleApplication@4d96cdc9
reloadAllAccessors: .ContinuousInDE3

===========================================================================================
----------------- testing Fri Jun 15 15:11:41 UTC 2018 /home/travis/build/icyphy/ptII/ptolemy/domains/continuous/test/auto/ContinuousInDE4.xml
----------------- Instantiating /home/travis/build/icyphy/ptII/ptolemy/domains/continuous/test/auto/ContinuousInDE4.xml
15 ms. Memory: 871936K Free: 285826K (33%)
----------------- Invoking toplevel() on ptolemy.moml.MoMLSimpleApplication@1941d02a
----------------- Done invoking toplevel() on ptolemy.moml.MoMLSimpleApplication@1941d02a
reloadAllAccessors: .ContinuousInDE4

===========================================================================================
----------------- testing Fri Jun 15 15:11:41 UTC 2018 /home/travis/build/icyphy/ptII/ptolemy/domains/continuous/test/auto/ContinuousInDEDifferentRefinements.xml
----------------- Instantiating /home/travis/build/icyphy/ptII/ptolemy/domains/continuous/test/auto/ContinuousInDEDifferentRefinements.xml
51 ms. Memory: 871936K Free: 250387K (29%)
----------------- Invoking toplevel() on ptolemy.moml.MoMLSimpleApplication@eb65261
----------------- Done invoking toplevel() on ptolemy.moml.MoMLSimpleApplication@eb65261
reloadAllAccessors: .ContinuousInDEDifferentRefinements

===========================================================================================
----------------- testing Fri Jun 15 15:11:41 UTC 2018 /home/travis/build/icyphy/ptII/ptolemy/domains/continuous/test/auto/ContinuousInDEDifferentRefinementsPreemptive.xml
----------------- Instantiating /home/travis/build/icyphy/ptII/ptolemy/domains/continuous/test/auto/ContinuousInDEDifferentRefinementsPreemptive.xml
43 ms. Memory: 871936K Free: 211536K (24%)
----------------- Invoking toplevel() on ptolemy.moml.MoMLSimpleApplication@56777b28
----------------- Done invoking toplevel() on ptolemy.moml.MoMLSimpleApplication@56777b28
reloadAllAccessors: .ContinuousInDEDifferentRefinementsPreemptive

===========================================================================================
----------------- testing Fri Jun 15 15:11:41 UTC 2018 /home/travis/build/icyphy/ptII/ptolemy/domains/continuous/test/auto/ContinuousInDEInContinuous2.xml
----------------- Instantiating /home/travis/build/icyphy/ptII/ptolemy/domains/continuous/test/auto/ContinuousInDEInContinuous2.xml
40 ms. Memory: 871936K Free: 191884K (22%)
----------------- Invoking toplevel() on ptolemy.moml.MoMLSimpleApplication@1e6ef36d
----------------- Done invoking toplevel() on ptolemy.moml.MoMLSimpleApplication@1e6ef36d
reloadAllAccessors: .ContinuousInDEInContinuous2

===========================================================================================
----------------- testing Fri Jun 15 15:11:41 UTC 2018 /home/travis/build/icyphy/ptII/ptolemy/domains/continuous/test/auto/ContinuousInDEInContinuous3.xml
----------------- Instantiating /home/travis/build/icyphy/ptII/ptolemy/domains/continuous/test/auto/ContinuousInDEInContinuous3.xml
38 ms. Memory: 871936K Free: 172217K (20%)
----------------- Invoking toplevel() on ptolemy.moml.MoMLSimpleApplication@57257c55
----------------- Done invoking toplevel() on ptolemy.moml.MoMLSimpleApplication@57257c55
reloadAllAccessors: .ContinuousInDEInContinuous3

===========================================================================================
----------------- testing Fri Jun 15 15:11:41 UTC 2018 /home/travis/build/icyphy/ptII/ptolemy/domains/continuous/test/auto/ContinuousInDEInput.xml
----------------- Instantiating /home/travis/build/icyphy/ptII/ptolemy/domains/continuous/test/auto/ContinuousInDEInput.xml
16 ms. Memory: 871936K Free: 160420K (18%)
----------------- Invoking toplevel() on ptolemy.moml.MoMLSimpleApplication@2ce547ce
----------------- Done invoking toplevel() on ptolemy.moml.MoMLSimpleApplication@2ce547ce
reloadAllAccessors: .ContinuousInDEInput

===========================================================================================
----------------- testing Fri Jun 15 15:11:41 UTC 2018 /home/travis/build/icyphy/ptII/ptolemy/domains/continuous/test/auto/ContinuousInDEInput2.xml
----------------- Instantiating /home/travis/build/icyphy/ptII/ptolemy/domains/continuous/test/auto/ContinuousInDEInput2.xml
18 ms. Memory: 871936K Free: 145196K (17%)
----------------- Invoking toplevel() on ptolemy.moml.MoMLSimpleApplication@5417ec45
----------------- Done invoking toplevel() on ptolemy.moml.MoMLSimpleApplication@5417ec45
reloadAllAccessors: .ContinuousInDEInput2

===========================================================================================
----------------- testing Fri Jun 15 15:11:41 UTC 2018 /home/travis/build/icyphy/ptII/ptolemy/domains/continuous/test/auto/ContinuousInDEInput3.xml
----------------- Instantiating /home/travis/build/icyphy/ptII/ptolemy/domains/continuous/test/auto/ContinuousInDEInput3.xml
12 ms. Memory: 871936K Free: 133398K (15%)
----------------- Invoking toplevel() on ptolemy.moml.MoMLSimpleApplication@61bc90f9
----------------- Done invoking toplevel() on ptolemy.moml.MoMLSimpleApplication@61bc90f9
reloadAllAccessors: .ContinuousInDEInput3

===========================================================================================
----------------- testing Fri Jun 15 15:11:41 UTC 2018 /home/travis/build/icyphy/ptII/ptolemy/domains/continuous/test/auto/ContinuousInDESharingRefinement.xml
----------------- Instantiating /home/travis/build/icyphy/ptII/ptolemy/domains/continuous/test/auto/ContinuousInDESharingRefinement.xml
162 ms. Memory: 872960K Free: 821110K (94%)
----------------- Invoking toplevel() on ptolemy.moml.MoMLSimpleApplication@5eb0ee91
----------------- Done invoking toplevel() on ptolemy.moml.MoMLSimpleApplication@5eb0ee91
reloadAllAccessors: .ContinuousInDESharingRefinement

===========================================================================================
----------------- testing Fri Jun 15 15:11:42 UTC 2018 /home/travis/build/icyphy/ptII/ptolemy/domains/continuous/test/auto/ContinuousInDEwithNoPorts.xml
----------------- Instantiating /home/travis/build/icyphy/ptII/ptolemy/domains/continuous/test/auto/ContinuousInDEwithNoPorts.xml
9 ms. Memory: 872960K Free: 808911K (93%)
----------------- Invoking toplevel() on ptolemy.moml.MoMLSimpleApplication@32e7f0fb
----------------- Done invoking toplevel() on ptolemy.moml.MoMLSimpleApplication@32e7f0fb
reloadAllAccessors: .ContinuousInDEwithNoPorts

===========================================================================================
----------------- testing Fri Jun 15 15:11:42 UTC 2018 /home/travis/build/icyphy/ptII/ptolemy/domains/continuous/test/auto/ContinuousInsideDE.xml
----------------- Instantiating /home/travis/build/icyphy/ptII/ptolemy/domains/continuous/test/auto/ContinuousInsideDE.xml
47 ms. Memory: 872960K Free: 789259K (90%)
----------------- Invoking toplevel() on ptolemy.moml.MoMLSimpleApplication@2337c46f
----------------- Done invoking toplevel() on ptolemy.moml.MoMLSimpleApplication@2337c46f
reloadAllAccessors: .ContinuousInsideDE

===========================================================================================
----------------- testing Fri Jun 15 15:11:42 UTC 2018 /home/travis/build/icyphy/ptII/ptolemy/domains/continuous/test/auto/ContinuousMerge1.xml
----------------- Instantiating /home/travis/build/icyphy/ptII/ptolemy/domains/continuous/test/auto/ContinuousMerge1.xml
3 ms. Memory: 872960K Free: 779102K (89%)
----------------- Invoking toplevel() on ptolemy.moml.MoMLSimpleApplication@3de996f3
----------------- Done invoking toplevel() on ptolemy.moml.MoMLSimpleApplication@3de996f3
reloadAllAccessors: .ContinuousMerge1

===========================================================================================
----------------- testing Fri Jun 15 15:11:42 UTC 2018 /home/travis/build/icyphy/ptII/ptolemy/domains/continuous/test/auto/ContinuousMerge2.xml
----------------- Instantiating /home/travis/build/icyphy/ptII/ptolemy/domains/continuous/test/auto/ContinuousMerge2.xml
16 ms. Memory: 872960K Free: 763199K (87%)
----------------- Invoking toplevel() on ptolemy.moml.MoMLSimpleApplication@329ad777
----------------- Done invoking toplevel() on ptolemy.moml.MoMLSimpleApplication@329ad777
reloadAllAccessors: .ContinuousMerge2

===========================================================================================
----------------- testing Fri Jun 15 15:11:42 UTC 2018 /home/travis/build/icyphy/ptII/ptolemy/domains/continuous/test/auto/ContinuousMerge3.xml
----------------- Instantiating /home/travis/build/icyphy/ptII/ptolemy/domains/continuous/test/auto/ContinuousMerge3.xml
41 ms. Memory: 872960K Free: 747483K (86%)
----------------- Invoking toplevel() on ptolemy.moml.MoMLSimpleApplication@2897d8d7
----------------- Done invoking toplevel() on ptolemy.moml.MoMLSimpleApplication@2897d8d7
reloadAllAccessors: .ContinuousMerge3

===========================================================================================
----------------- testing Fri Jun 15 15:11:42 UTC 2018 /home/travis/build/icyphy/ptII/ptolemy/domains/continuous/test/auto/ContinuousWithinContinuous.xml
----------------- Instantiating /home/travis/build/icyphy/ptII/ptolemy/domains/continuous/test/auto/ContinuousWithinContinuous.xml
39 ms. Memory: 872960K Free: 729456K (84%)
----------------- Invoking toplevel() on ptolemy.moml.MoMLSimpleApplication@24984519
----------------- Done invoking toplevel() on ptolemy.moml.MoMLSimpleApplication@24984519
reloadAllAccessors: .ContinuousWithinContinuous

===========================================================================================
----------------- testing Fri Jun 15 15:11:42 UTC 2018 /home/travis/build/icyphy/ptII/ptolemy/domains/continuous/test/auto/ContinuousWithinContinuous2.xml
----------------- Instantiating /home/travis/build/icyphy/ptII/ptolemy/domains/continuous/test/auto/ContinuousWithinContinuous2.xml
66 ms. Memory: 872960K Free: 717674K (82%)
----------------- Invoking toplevel() on ptolemy.moml.MoMLSimpleApplication@3c6ad9de
----------------- Done invoking toplevel() on ptolemy.moml.MoMLSimpleApplication@3c6ad9de
reloadAllAccessors: .ContinuousWithinContinuous2

===========================================================================================
----------------- testing Fri Jun 15 15:11:42 UTC 2018 /home/travis/build/icyphy/ptII/ptolemy/domains/continuous/test/auto/ContinuousWithinContinuous3.xml
----------------- Instantiating /home/travis/build/icyphy/ptII/ptolemy/domains/continuous/test/auto/ContinuousWithinContinuous3.xml
10 ms. Memory: 872960K Free: 705877K (81%)
----------------- Invoking toplevel() on ptolemy.moml.MoMLSimpleApplication@2db306a2
----------------- Done invoking toplevel() on ptolemy.moml.MoMLSimpleApplication@2db306a2
reloadAllAccessors: .ContinuousWithinContinuous3

===========================================================================================
----------------- testing Fri Jun 15 15:11:42 UTC 2018 /home/travis/build/icyphy/ptII/ptolemy/domains/continuous/test/auto/ContinuousWithinContinuous4.xml
----------------- Instantiating /home/travis/build/icyphy/ptII/ptolemy/domains/continuous/test/auto/ContinuousWithinContinuous4.xml
83 ms. Memory: 872960K Free: 683931K (78%)
----------------- Invoking toplevel() on ptolemy.moml.MoMLSimpleApplication@4026592
----------------- Done invoking toplevel() on ptolemy.moml.MoMLSimpleApplication@4026592
reloadAllAccessors: .ContinuousWithinContinuous4

===========================================================================================
----------------- testing Fri Jun 15 15:11:42 UTC 2018 /home/travis/build/icyphy/ptII/ptolemy/domains/continuous/test/auto/ContinuousWithinContinuous5.xml
----------------- Instantiating /home/travis/build/icyphy/ptII/ptolemy/domains/continuous/test/auto/ContinuousWithinContinuous5.xml
11 ms. Memory: 872960K Free: 672134K (77%)
----------------- Invoking toplevel() on ptolemy.moml.MoMLSimpleApplication@21fbabc9
----------------- Done invoking toplevel() on ptolemy.moml.MoMLSimpleApplication@21fbabc9
reloadAllAccessors: .ContinuousWithinContinuous5

===========================================================================================
----------------- testing Fri Jun 15 15:11:42 UTC 2018 /home/travis/build/icyphy/ptII/ptolemy/domains/continuous/test/auto/ContinuousWithinContinuous6.xml
----------------- Instantiating /home/travis/build/icyphy/ptII/ptolemy/domains/continuous/test/auto/ContinuousWithinContinuous6.xml
14 ms. Memory: 872960K Free: 660337K (76%)
----------------- Invoking toplevel() on ptolemy.moml.MoMLSimpleApplication@66c0155c
----------------- Done invoking toplevel() on ptolemy.moml.MoMLSimpleApplication@66c0155c
reloadAllAccessors: .ContinuousWithinContinuous6

===========================================================================================
----------------- testing Fri Jun 15 15:11:42 UTC 2018 /home/travis/build/icyphy/ptII/ptolemy/domains/continuous/test/auto/ContinuousWithinContinuous7.xml
----------------- Instantiating /home/travis/build/icyphy/ptII/ptolemy/domains/continuous/test/auto/ContinuousWithinContinuous7.xml
54 ms. Memory: 872960K Free: 646252K (74%)
----------------- Invoking toplevel() on ptolemy.moml.MoMLSimpleApplication@427eb42
----------------- Done invoking toplevel() on ptolemy.moml.MoMLSimpleApplication@427eb42
reloadAllAccessors: .ContinuousWithinContinuous7

===========================================================================================
----------------- testing Fri Jun 15 15:11:42 UTC 2018 /home/travis/build/icyphy/ptII/ptolemy/domains/continuous/test/auto/DCMotor.xml
----------------- Instantiating /home/travis/build/icyphy/ptII/ptolemy/domains/continuous/test/auto/DCMotor.xml
13257 ms. Memory: 734208K Free: 135656K (18%)
----------------- Invoking toplevel() on ptolemy.moml.MoMLSimpleApplication@7df8ba73
----------------- Done invoking toplevel() on ptolemy.moml.MoMLSimpleApplication@7df8ba73
reloadAllAccessors: .DCMotor

===========================================================================================
----------------- testing Fri Jun 15 15:11:56 UTC 2018 /home/travis/build/icyphy/ptII/ptolemy/domains/continuous/test/auto/DEInContinuous.xml
----------------- Instantiating /home/travis/build/icyphy/ptII/ptolemy/domains/continuous/test/auto/DEInContinuous.xml
6 ms. Memory: 734208K Free: 119598K (16%)
----------------- Invoking toplevel() on ptolemy.moml.MoMLSimpleApplication@6355f97e
----------------- Done invoking toplevel() on ptolemy.moml.MoMLSimpleApplication@6355f97e
reloadAllAccessors: .DEInContinuous

===========================================================================================
----------------- testing Fri Jun 15 15:11:56 UTC 2018 /home/travis/build/icyphy/ptII/ptolemy/domains/continuous/test/auto/DEinContinuous2.xml
----------------- Instantiating /home/travis/build/icyphy/ptII/ptolemy/domains/continuous/test/auto/DEinContinuous2.xml
5 ms. Memory: 734208K Free: 98904K (13%)
----------------- Invoking toplevel() on ptolemy.moml.MoMLSimpleApplication@407a4b65
----------------- Done invoking toplevel() on ptolemy.moml.MoMLSimpleApplication@407a4b65
reloadAllAccessors: .DEinContinuous2

===========================================================================================
----------------- testing Fri Jun 15 15:11:56 UTC 2018 /home/travis/build/icyphy/ptII/ptolemy/domains/continuous/test/auto/Derivative.xml
----------------- Instantiating /home/travis/build/icyphy/ptII/ptolemy/domains/continuous/test/auto/Derivative.xml
146 ms. Memory: 697344K Free: 667947K (96%)
----------------- Invoking toplevel() on ptolemy.moml.MoMLSimpleApplication@6e108141
----------------- Done invoking toplevel() on ptolemy.moml.MoMLSimpleApplication@6e108141
reloadAllAccessors: .Derivative2

===========================================================================================
----------------- testing Fri Jun 15 15:11:56 UTC 2018 /home/travis/build/icyphy/ptII/ptolemy/domains/continuous/test/auto/Derivative1.xml
----------------- Instantiating /home/travis/build/icyphy/ptII/ptolemy/domains/continuous/test/auto/Derivative1.xml
17 ms. Memory: 697344K Free: 644649K (92%)
----------------- Invoking toplevel() on ptolemy.moml.MoMLSimpleApplication@4acc57be
----------------- Done invoking toplevel() on ptolemy.moml.MoMLSimpleApplication@4acc57be
reloadAllAccessors: .Derivative1

===========================================================================================
----------------- testing Fri Jun 15 15:11:56 UTC 2018 /home/travis/build/icyphy/ptII/ptolemy/domains/continuous/test/auto/DiscreteClock.xml
----------------- Instantiating /home/travis/build/icyphy/ptII/ptolemy/domains/continuous/test/auto/DiscreteClock.xml
4 ms. Memory: 697344K Free: 631531K (91%)
----------------- Invoking toplevel() on ptolemy.moml.MoMLSimpleApplication@cae4ce9
----------------- Done invoking toplevel() on ptolemy.moml.MoMLSimpleApplication@cae4ce9
reloadAllAccessors: .DiscreteClock

===========================================================================================
----------------- testing Fri Jun 15 15:11:56 UTC 2018 /home/travis/build/icyphy/ptII/ptolemy/domains/continuous/test/auto/EfficiencyCurve.xml
----------------- Instantiating /home/travis/build/icyphy/ptII/ptolemy/domains/continuous/test/auto/EfficiencyCurve.xml
54 ms. Memory: 697344K Free: 618413K (89%)
----------------- Invoking toplevel() on ptolemy.moml.MoMLSimpleApplication@1730caa5
----------------- Done invoking toplevel() on ptolemy.moml.MoMLSimpleApplication@1730caa5
reloadAllAccessors: .EfficiencyCurve

===========================================================================================
----------------- testing Fri Jun 15 15:11:56 UTC 2018 /home/travis/build/icyphy/ptII/ptolemy/domains/continuous/test/auto/ExponentialResponse.xml
----------------- Instantiating /home/travis/build/icyphy/ptII/ptolemy/domains/continuous/test/auto/ExponentialResponse.xml
99 ms. Memory: 697344K Free: 592986K (85%)
----------------- Invoking toplevel() on ptolemy.moml.MoMLSimpleApplication@4571144a
----------------- Done invoking toplevel() on ptolemy.moml.MoMLSimpleApplication@4571144a
reloadAllAccessors: .ExponentialResponse

===========================================================================================
----------------- testing Fri Jun 15 15:11:56 UTC 2018 /home/travis/build/icyphy/ptII/ptolemy/domains/continuous/test/auto/ExponentialResponseRK45.xml
----------------- Instantiating /home/travis/build/icyphy/ptII/ptolemy/domains/continuous/test/auto/ExponentialResponseRK45.xml
25 ms. Memory: 697344K Free: 579868K (83%)
----------------- Invoking toplevel() on ptolemy.moml.MoMLSimpleApplication@6a170225
----------------- Done invoking toplevel() on ptolemy.moml.MoMLSimpleApplication@6a170225
reloadAllAccessors: .ExponentialResponseRK45

===========================================================================================
----------------- testing Fri Jun 15 15:11:56 UTC 2018 /home/travis/build/icyphy/ptII/ptolemy/domains/continuous/test/auto/Friction.xml
----------------- Instantiating /home/travis/build/icyphy/ptII/ptolemy/domains/continuous/test/auto/Friction.xml
1201 ms. Memory: 697344K Free: 143697K (21%)
----------------- Invoking toplevel() on ptolemy.moml.MoMLSimpleApplication@877e9d6
----------------- Done invoking toplevel() on ptolemy.moml.MoMLSimpleApplication@877e9d6
reloadAllAccessors: .Friction

===========================================================================================
----------------- testing Fri Jun 15 15:11:57 UTC 2018 /home/travis/build/icyphy/ptII/ptolemy/domains/continuous/test/auto/FurutaPendulum.xml
----------------- Instantiating /home/travis/build/icyphy/ptII/ptolemy/domains/continuous/test/auto/FurutaPendulum.xml
3309 ms. Memory: 670720K Free: 230841K (34%)
----------------- Invoking toplevel() on ptolemy.moml.MoMLSimpleApplication@474f5a0f
----------------- Done invoking toplevel() on ptolemy.moml.MoMLSimpleApplication@474f5a0f
reloadAllAccessors: .FurutaPendulum

===========================================================================================
----------------- testing Fri Jun 15 15:12:01 UTC 2018 /home/travis/build/icyphy/ptII/ptolemy/domains/continuous/test/auto/HierarchicalExecution.xml
----------------- Instantiating /home/travis/build/icyphy/ptII/ptolemy/domains/continuous/test/auto/HierarchicalExecution.xml
1868 ms. Memory: 646656K Free: 482220K (75%)
----------------- Invoking toplevel() on ptolemy.moml.MoMLSimpleApplication@757a3407
----------------- Done invoking toplevel() on ptolemy.moml.MoMLSimpleApplication@757a3407
reloadAllAccessors: .HierarchicalExecution

===========================================================================================
----------------- testing Fri Jun 15 15:12:03 UTC 2018 /home/travis/build/icyphy/ptII/ptolemy/domains/continuous/test/auto/HybridPlant.xml
----------------- Instantiating /home/travis/build/icyphy/ptII/ptolemy/domains/continuous/test/auto/HybridPlant.xml
469 ms. Memory: 646656K Free: 203967K (32%)
----------------- Invoking toplevel() on ptolemy.moml.MoMLSimpleApplication@1252065f
----------------- Done invoking toplevel() on ptolemy.moml.MoMLSimpleApplication@1252065f
reloadAllAccessors: .HybridPlant

===========================================================================================
----------------- testing Fri Jun 15 15:12:04 UTC 2018 /home/travis/build/icyphy/ptII/ptolemy/domains/continuous/test/auto/Hysteresis.xml
----------------- Instantiating /home/travis/build/icyphy/ptII/ptolemy/domains/continuous/test/auto/Hysteresis.xml
122 ms. Memory: 646656K Free: 138841K (21%)
----------------- Invoking toplevel() on ptolemy.moml.MoMLSimpleApplication@39040823
----------------- Done invoking toplevel() on ptolemy.moml.MoMLSimpleApplication@39040823
reloadAllAccessors: .Hysteresis

===========================================================================================
----------------- testing Fri Jun 15 15:12:04 UTC 2018 /home/travis/build/icyphy/ptII/ptolemy/domains/continuous/test/auto/HysteresisWithRandomDelay.xml
----------------- Instantiating /home/travis/build/icyphy/ptII/ptolemy/domains/continuous/test/auto/HysteresisWithRandomDelay.xml
174 ms. Memory: 614400K Free: 585391K (95%)
----------------- Invoking toplevel() on ptolemy.moml.MoMLSimpleApplication@a82f7ec
----------------- Done invoking toplevel() on ptolemy.moml.MoMLSimpleApplication@a82f7ec
reloadAllAccessors: .HysteresisWithRandomDelay

===========================================================================================
----------------- testing Fri Jun 15 15:12:04 UTC 2018 /home/travis/build/icyphy/ptII/ptolemy/domains/continuous/test/auto/HysteresisWithRandomLosses.xml
----------------- Instantiating /home/travis/build/icyphy/ptII/ptolemy/domains/continuous/test/auto/HysteresisWithRandomLosses.xml
1975 ms. Memory: 591360K Free: 328364K (56%)
----------------- Invoking toplevel() on ptolemy.moml.MoMLSimpleApplication@816b941
----------------- Done invoking toplevel() on ptolemy.moml.MoMLSimpleApplication@816b941
reloadAllAccessors: .HysteresisWithRandomLosses

===========================================================================================
----------------- testing Fri Jun 15 15:12:06 UTC 2018 /home/travis/build/icyphy/ptII/ptolemy/domains/continuous/test/auto/ImmediateTransitions.xml
----------------- Instantiating /home/travis/build/icyphy/ptII/ptolemy/domains/continuous/test/auto/ImmediateTransitions.xml
8 ms. Memory: 591360K Free: 313260K (53%)
----------------- Invoking toplevel() on ptolemy.moml.MoMLSimpleApplication@1c4514d3
----------------- Done invoking toplevel() on ptolemy.moml.MoMLSimpleApplication@1c4514d3
reloadAllAccessors: .ImmediateTransitions

===========================================================================================
----------------- testing Fri Jun 15 15:12:06 UTC 2018 /home/travis/build/icyphy/ptII/ptolemy/domains/continuous/test/auto/ImpulseFeedback.xml
----------------- Instantiating /home/travis/build/icyphy/ptII/ptolemy/domains/continuous/test/auto/ImpulseFeedback.xml
7 ms. Memory: 591360K Free: 304731K (52%)
----------------- Invoking toplevel() on ptolemy.moml.MoMLSimpleApplication@1592dac2
----------------- Done invoking toplevel() on ptolemy.moml.MoMLSimpleApplication@1592dac2
reloadAllAccessors: .ImpulseFeedback

===========================================================================================
----------------- testing Fri Jun 15 15:12:06 UTC 2018 /home/travis/build/icyphy/ptII/ptolemy/domains/continuous/test/auto/ImpulseFeedback2.xml
----------------- Instantiating /home/travis/build/icyphy/ptII/ptolemy/domains/continuous/test/auto/ImpulseFeedback2.xml
5 ms. Memory: 591360K Free: 296222K (50%)
----------------- Invoking toplevel() on ptolemy.moml.MoMLSimpleApplication@1cd48f3a
----------------- Done invoking toplevel() on ptolemy.moml.MoMLSimpleApplication@1cd48f3a
reloadAllAccessors: .ImpulseFeedback2

===========================================================================================
----------------- testing Fri Jun 15 15:12:06 UTC 2018 /home/travis/build/icyphy/ptII/ptolemy/domains/continuous/test/auto/IncreasingRatePoisson.xml
----------------- Instantiating /home/travis/build/icyphy/ptII/ptolemy/domains/continuous/test/auto/IncreasingRatePoisson.xml
620 ms. Memory: 565248K Free: 462402K (82%)
----------------- Invoking toplevel() on ptolemy.moml.MoMLSimpleApplication@9975e9e
----------------- Done invoking toplevel() on ptolemy.moml.MoMLSimpleApplication@9975e9e
reloadAllAccessors: .IncreasingRatePoisson

===========================================================================================
----------------- testing Fri Jun 15 15:12:07 UTC 2018 /home/travis/build/icyphy/ptII/ptolemy/domains/continuous/test/auto/InitialStateFeedback.xml
----------------- Instantiating /home/travis/build/icyphy/ptII/ptolemy/domains/continuous/test/auto/InitialStateFeedback.xml
6 ms. Memory: 565248K Free: 452936K (80%)
----------------- Invoking toplevel() on ptolemy.moml.MoMLSimpleApplication@1150599
----------------- Done invoking toplevel() on ptolemy.moml.MoMLSimpleApplication@1150599
reloadAllAccessors: .InitialStateFeedback

===========================================================================================
----------------- testing Fri Jun 15 15:12:07 UTC 2018 /home/travis/build/icyphy/ptII/ptolemy/domains/continuous/test/auto/Integration.xml
----------------- Instantiating /home/travis/build/icyphy/ptII/ptolemy/domains/continuous/test/auto/Integration.xml
2 ms. Memory: 565248K Free: 444860K (79%)
----------------- Invoking toplevel() on ptolemy.moml.MoMLSimpleApplication@2a329f5e
----------------- Done invoking toplevel() on ptolemy.moml.MoMLSimpleApplication@2a329f5e
reloadAllAccessors: .Integration

===========================================================================================
----------------- testing Fri Jun 15 15:12:07 UTC 2018 /home/travis/build/icyphy/ptII/ptolemy/domains/continuous/test/auto/Integration2.xml
----------------- Instantiating /home/travis/build/icyphy/ptII/ptolemy/domains/continuous/test/auto/Integration2.xml
74 ms. Memory: 565248K Free: 426991K (76%)
----------------- Invoking toplevel() on ptolemy.moml.MoMLSimpleApplication@470f882d
----------------- Done invoking toplevel() on ptolemy.moml.MoMLSimpleApplication@470f882d
reloadAllAccessors: .Integration2

===========================================================================================
----------------- testing Fri Jun 15 15:12:07 UTC 2018 /home/travis/build/icyphy/ptII/ptolemy/domains/continuous/test/auto/Integration3.xml
----------------- Instantiating /home/travis/build/icyphy/ptII/ptolemy/domains/continuous/test/auto/Integration3.xml
2 ms. Memory: 565248K Free: 418930K (74%)
----------------- Invoking toplevel() on ptolemy.moml.MoMLSimpleApplication@6b7bee31
----------------- Done invoking toplevel() on ptolemy.moml.MoMLSimpleApplication@6b7bee31
reloadAllAccessors: .Integration3

===========================================================================================
----------------- testing Fri Jun 15 15:12:07 UTC 2018 /home/travis/build/icyphy/ptII/ptolemy/domains/continuous/test/auto/Integration5.xml
----------------- Instantiating /home/travis/build/icyphy/ptII/ptolemy/domains/continuous/test/auto/Integration5.xml
2 ms. Memory: 565248K Free: 410844K (73%)
----------------- Invoking toplevel() on ptolemy.moml.MoMLSimpleApplication@15eb21ad
----------------- Done invoking toplevel() on ptolemy.moml.MoMLSimpleApplication@15eb21ad
reloadAllAccessors: .Integration5

===========================================================================================
----------------- testing Fri Jun 15 15:12:07 UTC 2018 /home/travis/build/icyphy/ptII/ptolemy/domains/continuous/test/auto/IntegratorImpulse.xml
----------------- Instantiating /home/travis/build/icyphy/ptII/ptolemy/domains/continuous/test/auto/IntegratorImpulse.xml
2 ms. Memory: 565248K Free: 402660K (71%)
----------------- Invoking toplevel() on ptolemy.moml.MoMLSimpleApplication@7dc1b882
----------------- Done invoking toplevel() on ptolemy.moml.MoMLSimpleApplication@7dc1b882
reloadAllAccessors: .IntegratorImpulse

===========================================================================================
----------------- testing Fri Jun 15 15:12:07 UTC 2018 /home/travis/build/icyphy/ptII/ptolemy/domains/continuous/test/auto/IntegratorImpulse2.xml
----------------- Instantiating /home/travis/build/icyphy/ptII/ptolemy/domains/continuous/test/auto/IntegratorImpulse2.xml
3 ms. Memory: 565248K Free: 394583K (70%)
----------------- Invoking toplevel() on ptolemy.moml.MoMLSimpleApplication@c03f033
----------------- Done invoking toplevel() on ptolemy.moml.MoMLSimpleApplication@c03f033
reloadAllAccessors: .IntegratorImpulse2

===========================================================================================
----------------- testing Fri Jun 15 15:12:07 UTC 2018 /home/travis/build/icyphy/ptII/ptolemy/domains/continuous/test/auto/LevelCrossing1.xml
----------------- Instantiating /home/travis/build/icyphy/ptII/ptolemy/domains/continuous/test/auto/LevelCrossing1.xml
2 ms. Memory: 565248K Free: 386390K (68%)
----------------- Invoking toplevel() on ptolemy.moml.MoMLSimpleApplication@1be5612c
----------------- Done invoking toplevel() on ptolemy.moml.MoMLSimpleApplication@1be5612c
reloadAllAccessors: .LevelCrossing1

===========================================================================================
----------------- testing Fri Jun 15 15:12:07 UTC 2018 /home/travis/build/icyphy/ptII/ptolemy/domains/continuous/test/auto/LevelCrossing2.xml
----------------- Instantiating /home/travis/build/icyphy/ptII/ptolemy/domains/continuous/test/auto/LevelCrossing2.xml
3 ms. Memory: 565248K Free: 378313K (67%)
----------------- Invoking toplevel() on ptolemy.moml.MoMLSimpleApplication@cd6ea29
----------------- Done invoking toplevel() on ptolemy.moml.MoMLSimpleApplication@cd6ea29
reloadAllAccessors: .LevelCrossing2

===========================================================================================
----------------- testing Fri Jun 15 15:12:07 UTC 2018 /home/travis/build/icyphy/ptII/ptolemy/domains/continuous/test/auto/LevelCrossing3.xml
----------------- Instantiating /home/travis/build/icyphy/ptII/ptolemy/domains/continuous/test/auto/LevelCrossing3.xml
2 ms. Memory: 565248K Free: 370121K (65%)
----------------- Invoking toplevel() on ptolemy.moml.MoMLSimpleApplication@16757f6c
----------------- Done invoking toplevel() on ptolemy.moml.MoMLSimpleApplication@16757f6c
reloadAllAccessors: .LevelCrossing3

===========================================================================================
----------------- testing Fri Jun 15 15:12:07 UTC 2018 /home/travis/build/icyphy/ptII/ptolemy/domains/continuous/test/auto/LevelCrossing4.xml
----------------- Instantiating /home/travis/build/icyphy/ptII/ptolemy/domains/continuous/test/auto/LevelCrossing4.xml
3 ms. Memory: 565248K Free: 362052K (64%)
----------------- Invoking toplevel() on ptolemy.moml.MoMLSimpleApplication@2b9b58fc
----------------- Done invoking toplevel() on ptolemy.moml.MoMLSimpleApplication@2b9b58fc
reloadAllAccessors: .LevelCrossing4

===========================================================================================
----------------- testing Fri Jun 15 15:12:07 UTC 2018 /home/travis/build/icyphy/ptII/ptolemy/domains/continuous/test/auto/LevelCrossing5.xml
----------------- Instantiating /home/travis/build/icyphy/ptII/ptolemy/domains/continuous/test/auto/LevelCrossing5.xml
2 ms. Memory: 565248K Free: 353860K (63%)
----------------- Invoking toplevel() on ptolemy.moml.MoMLSimpleApplication@2f29b216
----------------- Done invoking toplevel() on ptolemy.moml.MoMLSimpleApplication@2f29b216
reloadAllAccessors: .LevelCrossing5

===========================================================================================
----------------- testing Fri Jun 15 15:12:07 UTC 2018 /home/travis/build/icyphy/ptII/ptolemy/domains/continuous/test/auto/LevelCrossing6.xml
----------------- Instantiating /home/travis/build/icyphy/ptII/ptolemy/domains/continuous/test/auto/LevelCrossing6.xml
2 ms. Memory: 565248K Free: 345782K (61%)
[...]
reloadAllAccessors: .ResetTransitionWithStartTime5

===========================================================================================
----------------- testing Fri Jun 15 15:12:23 UTC 2018 /home/travis/build/icyphy/ptII/ptolemy/domains/continuous/test/auto/ResetTransitionWithStartTime6.xml
----------------- Instantiating /home/travis/build/icyphy/ptII/ptolemy/domains/continuous/test/auto/ResetTransitionWithStartTime6.xml
20 ms. Memory: 502272K Free: 181469K (36%)
----------------- Invoking toplevel() on ptolemy.moml.MoMLSimpleApplication@1e09494b
----------------- Done invoking toplevel() on ptolemy.moml.MoMLSimpleApplication@1e09494b
reloadAllAccessors: .ResetTransitionWithStartTime6

===========================================================================================
----------------- testing Fri Jun 15 15:12:23 UTC 2018 /home/travis/build/icyphy/ptII/ptolemy/domains/continuous/test/auto/SRinContinuous.xml
----------------- Instantiating /home/travis/build/icyphy/ptII/ptolemy/domains/continuous/test/auto/SRinContinuous.xml
7 ms. Memory: 502272K Free: 170282K (34%)
----------------- Invoking toplevel() on ptolemy.moml.MoMLSimpleApplication@5d952f35
----------------- Done invoking toplevel() on ptolemy.moml.MoMLSimpleApplication@5d952f35
reloadAllAccessors: .SRinContinuous

===========================================================================================
----------------- testing Fri Jun 15 15:12:23 UTC 2018 /home/travis/build/icyphy/ptII/ptolemy/domains/continuous/test/auto/SampledClocks.xml
----------------- Instantiating /home/travis/build/icyphy/ptII/ptolemy/domains/continuous/test/auto/SampledClocks.xml
8 ms. Memory: 502272K Free: 159029K (32%)
----------------- Invoking toplevel() on ptolemy.moml.MoMLSimpleApplication@6a966094
----------------- Done invoking toplevel() on ptolemy.moml.MoMLSimpleApplication@6a966094
reloadAllAccessors: .SampledClocks

===========================================================================================
----------------- testing Fri Jun 15 15:12:23 UTC 2018 /home/travis/build/icyphy/ptII/ptolemy/domains/continuous/test/auto/Satellite.xml
----------------- Instantiating /home/travis/build/icyphy/ptII/ptolemy/domains/continuous/test/auto/Satellite.xml
849 ms. Memory: 474624K Free: 360472K (76%)
----------------- Invoking toplevel() on ptolemy.moml.MoMLSimpleApplication@30c6cd57
----------------- Done invoking toplevel() on ptolemy.moml.MoMLSimpleApplication@30c6cd57
reloadAllAccessors: .Satellite

===========================================================================================
----------------- testing Fri Jun 15 15:12:24 UTC 2018 /home/travis/build/icyphy/ptII/ptolemy/domains/continuous/test/auto/SigmaDelta.xml
----------------- Instantiating /home/travis/build/icyphy/ptII/ptolemy/domains/continuous/test/auto/SigmaDelta.xml
2210 ms. Memory: 463360K Free: 363021K (78%)
----------------- Invoking toplevel() on ptolemy.moml.MoMLSimpleApplication@29fd29da
----------------- Done invoking toplevel() on ptolemy.moml.MoMLSimpleApplication@29fd29da
reloadAllAccessors: .SigmaDelta

===========================================================================================
----------------- testing Fri Jun 15 15:12:26 UTC 2018 /home/travis/build/icyphy/ptII/ptolemy/domains/continuous/test/auto/SinuBouncingBall.xml
----------------- Instantiating /home/travis/build/icyphy/ptII/ptolemy/domains/continuous/test/auto/SinuBouncingBall.xml
663 ms. Memory: 463360K Free: 140719K (30%)
----------------- Invoking toplevel() on ptolemy.moml.MoMLSimpleApplication@1983177d
----------------- Done invoking toplevel() on ptolemy.moml.MoMLSimpleApplication@1983177d
reloadAllAccessors: .SinuBouncingBall

===========================================================================================
----------------- testing Fri Jun 15 15:12:27 UTC 2018 /home/travis/build/icyphy/ptII/ptolemy/domains/continuous/test/auto/Sinusoid.xml
----------------- Instantiating /home/travis/build/icyphy/ptII/ptolemy/domains/continuous/test/auto/Sinusoid.xml
10 ms. Memory: 463360K Free: 134138K (29%)
----------------- Invoking toplevel() on ptolemy.moml.MoMLSimpleApplication@5ec88fd4
----------------- Done invoking toplevel() on ptolemy.moml.MoMLSimpleApplication@5ec88fd4
reloadAllAccessors: .Sinusoid

===========================================================================================
----------------- testing Fri Jun 15 15:12:27 UTC 2018 /home/travis/build/icyphy/ptII/ptolemy/domains/continuous/test/auto/SinusoidInNoise.xml
----------------- Instantiating /home/travis/build/icyphy/ptII/ptolemy/domains/continuous/test/auto/SinusoidInNoise.xml
934 ms. Memory: 440832K Free: 286578K (65%)
----------------- Invoking toplevel() on ptolemy.moml.MoMLSimpleApplication@37c7027
----------------- Done invoking toplevel() on ptolemy.moml.MoMLSimpleApplication@37c7027
reloadAllAccessors: .SinusoidInNoise

===========================================================================================
----------------- testing Fri Jun 15 15:12:28 UTC 2018 /home/travis/build/icyphy/ptII/ptolemy/domains/continuous/test/auto/SinusoidRK45.xml
----------------- Instantiating /home/travis/build/icyphy/ptII/ptolemy/domains/continuous/test/auto/SinusoidRK45.xml
2 ms. Memory: 440832K Free: 279237K (63%)
----------------- Invoking toplevel() on ptolemy.moml.MoMLSimpleApplication@514e177f
----------------- Done invoking toplevel() on ptolemy.moml.MoMLSimpleApplication@514e177f
reloadAllAccessors: .SinusoidRK45

===========================================================================================
----------------- testing Fri Jun 15 15:12:28 UTC 2018 /home/travis/build/icyphy/ptII/ptolemy/domains/continuous/test/auto/SinusoidWithMultipleImpulses.xml
----------------- Instantiating /home/travis/build/icyphy/ptII/ptolemy/domains/continuous/test/auto/SinusoidWithMultipleImpulses.xml
2 ms. Memory: 440832K Free: 272944K (62%)
----------------- Invoking toplevel() on ptolemy.moml.MoMLSimpleApplication@24e3e12
----------------- Done invoking toplevel() on ptolemy.moml.MoMLSimpleApplication@24e3e12
reloadAllAccessors: .SinusoidWithMultipleImpulses

===========================================================================================
----------------- testing Fri Jun 15 15:12:28 UTC 2018 /home/travis/build/icyphy/ptII/ptolemy/domains/continuous/test/auto/SquareWave.xml
----------------- Instantiating /home/travis/build/icyphy/ptII/ptolemy/domains/continuous/test/auto/SquareWave.xml
156 ms. Memory: 440832K Free: 245175K (56%)
----------------- Invoking toplevel() on ptolemy.moml.MoMLSimpleApplication@1ccc6e91
----------------- Done invoking toplevel() on ptolemy.moml.MoMLSimpleApplication@1ccc6e91
reloadAllAccessors: .SquareWave

===========================================================================================
----------------- testing Fri Jun 15 15:12:28 UTC 2018 /home/travis/build/icyphy/ptII/ptolemy/domains/continuous/test/auto/Starmac.xml
----------------- Instantiating /home/travis/build/icyphy/ptII/ptolemy/domains/continuous/test/auto/Starmac.xml
3043 ms. Memory: 427520K Free: 216850K (51%)
----------------- Invoking toplevel() on ptolemy.moml.MoMLSimpleApplication@35abbf29
----------------- Done invoking toplevel() on ptolemy.moml.MoMLSimpleApplication@35abbf29
reloadAllAccessors: .Starmac

===========================================================================================
----------------- testing Fri Jun 15 15:12:32 UTC 2018 /home/travis/build/icyphy/ptII/ptolemy/domains/continuous/test/auto/StaticUnits.xml
----------------- Instantiating /home/travis/build/icyphy/ptII/ptolemy/domains/continuous/test/auto/StaticUnits.xml
2091 ms. Memory: 412160K Free: 76620K (19%)
----------------- Invoking toplevel() on ptolemy.moml.MoMLSimpleApplication@1edaa409
----------------- Done invoking toplevel() on ptolemy.moml.MoMLSimpleApplication@1edaa409
reloadAllAccessors: .StaticUnits

===========================================================================================
----------------- testing Fri Jun 15 15:12:34 UTC 2018 /home/travis/build/icyphy/ptII/ptolemy/domains/continuous/test/auto/StickyMasses.xml
----------------- Instantiating /home/travis/build/icyphy/ptII/ptolemy/domains/continuous/test/auto/StickyMasses.xml
118 ms. Memory: 412160K Free: 20117K (5%)
----------------- Invoking toplevel() on ptolemy.moml.MoMLSimpleApplication@588de33
----------------- Done invoking toplevel() on ptolemy.moml.MoMLSimpleApplication@588de33
reloadAllAccessors: .StickyMasses

===========================================================================================
----------------- testing Fri Jun 15 15:12:34 UTC 2018 /home/travis/build/icyphy/ptII/ptolemy/domains/continuous/test/auto/StopTime.xml
----------------- Instantiating /home/travis/build/icyphy/ptII/ptolemy/domains/continuous/test/auto/StopTime.xml
37 ms. Memory: 361984K Free: 332066K (92%)
----------------- Invoking toplevel() on ptolemy.moml.MoMLSimpleApplication@1657ad70
----------------- Done invoking toplevel() on ptolemy.moml.MoMLSimpleApplication@1657ad70
reloadAllAccessors: .StopTime

===========================================================================================
----------------- testing Fri Jun 15 15:12:35 UTC 2018 /home/travis/build/icyphy/ptII/ptolemy/domains/continuous/test/auto/StopTime2.xml
----------------- Instantiating /home/travis/build/icyphy/ptII/ptolemy/domains/continuous/test/auto/StopTime2.xml
30 ms. Memory: 361984K Free: 308167K (85%)
----------------- Invoking toplevel() on ptolemy.moml.MoMLSimpleApplication@7bac0aef
----------------- Done invoking toplevel() on ptolemy.moml.MoMLSimpleApplication@7bac0aef
reloadAllAccessors: .StopTime2

===========================================================================================
----------------- testing Fri Jun 15 15:12:35 UTC 2018 /home/travis/build/icyphy/ptII/ptolemy/domains/continuous/test/auto/Switch.xml
----------------- Instantiating /home/travis/build/icyphy/ptII/ptolemy/domains/continuous/test/auto/Switch.xml
42 ms. Memory: 361984K Free: 278114K (77%)
----------------- Invoking toplevel() on ptolemy.moml.MoMLSimpleApplication@57b160f3
----------------- Done invoking toplevel() on ptolemy.moml.MoMLSimpleApplication@57b160f3
reloadAllAccessors: .Switch

===========================================================================================
----------------- testing Fri Jun 15 15:12:35 UTC 2018 /home/travis/build/icyphy/ptII/ptolemy/domains/continuous/test/auto/Thermostat.xml
----------------- Instantiating /home/travis/build/icyphy/ptII/ptolemy/domains/continuous/test/auto/Thermostat.xml
176 ms. Memory: 361984K Free: 202102K (56%)
----------------- Invoking toplevel() on ptolemy.moml.MoMLSimpleApplication@4bb41610
----------------- Done invoking toplevel() on ptolemy.moml.MoMLSimpleApplication@4bb41610
reloadAllAccessors: .Thermostat

===========================================================================================
----------------- testing Fri Jun 15 15:12:35 UTC 2018 /home/travis/build/icyphy/ptII/ptolemy/domains/continuous/test/auto/TimeDelay.xml
----------------- Instantiating /home/travis/build/icyphy/ptII/ptolemy/domains/continuous/test/auto/TimeDelay.xml
5 ms. Memory: 361984K Free: 194919K (54%)
----------------- Invoking toplevel() on ptolemy.moml.MoMLSimpleApplication@7cac679e
----------------- Done invoking toplevel() on ptolemy.moml.MoMLSimpleApplication@7cac679e
reloadAllAccessors: .TimeDelay

===========================================================================================
----------------- testing Fri Jun 15 15:12:35 UTC 2018 /home/travis/build/icyphy/ptII/ptolemy/domains/continuous/test/auto/TimeDelay2.xml
----------------- Instantiating /home/travis/build/icyphy/ptII/ptolemy/domains/continuous/test/auto/TimeDelay2.xml
8 ms. Memory: 361984K Free: 181510K (50%)
----------------- Invoking toplevel() on ptolemy.moml.MoMLSimpleApplication@36cfb4a3
----------------- Done invoking toplevel() on ptolemy.moml.MoMLSimpleApplication@36cfb4a3
reloadAllAccessors: .TimeDelay2

===========================================================================================
----------------- testing Fri Jun 15 15:12:35 UTC 2018 /home/travis/build/icyphy/ptII/ptolemy/domains/continuous/test/auto/TimeDelay3.xml
----------------- Instantiating /home/travis/build/icyphy/ptII/ptolemy/domains/continuous/test/auto/TimeDelay3.xml
7 ms. Memory: 361984K Free: 174285K (48%)
----------------- Invoking toplevel() on ptolemy.moml.MoMLSimpleApplication@6499b351
----------------- Done invoking toplevel() on ptolemy.moml.MoMLSimpleApplication@6499b351
reloadAllAccessors: .TimeDelay3

===========================================================================================
----------------- testing Fri Jun 15 15:12:35 UTC 2018 /home/travis/build/icyphy/ptII/ptolemy/domains/continuous/test/auto/TransferAbsentToInside.xml
----------------- Instantiating /home/travis/build/icyphy/ptII/ptolemy/domains/continuous/test/auto/TransferAbsentToInside.xml
25 ms. Memory: 361984K Free: 114986K (32%)
----------------- Invoking toplevel() on ptolemy.moml.MoMLSimpleApplication@5659544
----------------- Done invoking toplevel() on ptolemy.moml.MoMLSimpleApplication@5659544
reloadAllAccessors: .TransferAbsentToInside

===========================================================================================
----------------- testing Fri Jun 15 15:12:35 UTC 2018 /home/travis/build/icyphy/ptII/ptolemy/domains/continuous/test/auto/Transmission.xml
----------------- Instantiating /home/travis/build/icyphy/ptII/ptolemy/domains/continuous/test/auto/Transmission.xml
683 ms. Memory: 348672K Free: 174195K (50%)
----------------- Invoking toplevel() on ptolemy.moml.MoMLSimpleApplication@7bdb3cca
----------------- Done invoking toplevel() on ptolemy.moml.MoMLSimpleApplication@7bdb3cca
reloadAllAccessors: .Transmission

===========================================================================================
----------------- testing Fri Jun 15 15:12:36 UTC 2018 /home/travis/build/icyphy/ptII/ptolemy/domains/continuous/test/auto/TriggeredContinuousClock.xml
----------------- Instantiating /home/travis/build/icyphy/ptII/ptolemy/domains/continuous/test/auto/TriggeredContinuousClock.xml
34 ms. Memory: 348672K Free: 138247K (40%)
----------------- Invoking toplevel() on ptolemy.moml.MoMLSimpleApplication@35a3b1cf
----------------- Done invoking toplevel() on ptolemy.moml.MoMLSimpleApplication@35a3b1cf
reloadAllAccessors: .TriggeredContinuousClock

===========================================================================================
----------------- testing Fri Jun 15 15:12:36 UTC 2018 /home/travis/build/icyphy/ptII/ptolemy/domains/continuous/test/auto/TwoMachineInfiniteBusControl.xml
----------------- Instantiating /home/travis/build/icyphy/ptII/ptolemy/domains/continuous/test/auto/TwoMachineInfiniteBusControl.xml
2531 ms. Memory: 398336K Free: 288053K (72%)
----------------- Invoking toplevel() on ptolemy.moml.MoMLSimpleApplication@74d3d196
----------------- Done invoking toplevel() on ptolemy.moml.MoMLSimpleApplication@74d3d196
reloadAllAccessors: .TwoMachineInfiniteBusControl

===========================================================================================
----------------- testing Fri Jun 15 15:12:39 UTC 2018 /home/travis/build/icyphy/ptII/ptolemy/domains/continuous/test/auto/V2V.xml
----------------- Instantiating /home/travis/build/icyphy/ptII/ptolemy/domains/continuous/test/auto/V2V.xml
544 ms. Memory: 398336K Free: 90076K (23%)
----------------- Invoking toplevel() on ptolemy.moml.MoMLSimpleApplication@58210f5f
----------------- Done invoking toplevel() on ptolemy.moml.MoMLSimpleApplication@58210f5f
reloadAllAccessors: .V2V

===========================================================================================
----------------- testing Fri Jun 15 15:12:39 UTC 2018 /home/travis/build/icyphy/ptII/ptolemy/domains/continuous/test/auto/hierarchicalModalModel.xml
----------------- Instantiating /home/travis/build/icyphy/ptII/ptolemy/domains/continuous/test/auto/hierarchicalModalModel.xml
7 ms. Memory: 398336K Free: 70555K (18%)
----------------- Invoking toplevel() on ptolemy.moml.MoMLSimpleApplication@5235861b
----------------- Done invoking toplevel() on ptolemy.moml.MoMLSimpleApplication@5235861b
reloadAllAccessors: .hierarchicalModalModel

===========================================================================================
----------------- testing Fri Jun 15 15:12:39 UTC 2018 /home/travis/build/icyphy/ptII/ptolemy/domains/continuous/test/auto/hierarchicalModalModel1.xml
----------------- Instantiating /home/travis/build/icyphy/ptII/ptolemy/domains/continuous/test/auto/hierarchicalModalModel1.xml
7 ms. Memory: 398336K Free: 53336K (13%)
----------------- Invoking toplevel() on ptolemy.moml.MoMLSimpleApplication@1671e4c4
----------------- Done invoking toplevel() on ptolemy.moml.MoMLSimpleApplication@1671e4c4
reloadAllAccessors: .hierarchicalModalModel1

===========================================================================================
----------------- testing Fri Jun 15 15:12:39 UTC 2018 /home/travis/build/icyphy/ptII/ptolemy/domains/continuous/test/auto/hierarchicalModalModel2.xml
----------------- Instantiating /home/travis/build/icyphy/ptII/ptolemy/domains/continuous/test/auto/hierarchicalModalModel2.xml
6 ms. Memory: 398336K Free: 37795K (9%)
----------------- Invoking toplevel() on ptolemy.moml.MoMLSimpleApplication@71686a20
----------------- Done invoking toplevel() on ptolemy.moml.MoMLSimpleApplication@71686a20
reloadAllAccessors: .hierarchicalModalModel2

===========================================================================================
----------------- testing Fri Jun 15 15:12:39 UTC 2018 /home/travis/build/icyphy/ptII/ptolemy/domains/continuous/test/auto/hierarchicalModalModel3.xml
----------------- Instantiating /home/travis/build/icyphy/ptII/ptolemy/domains/continuous/test/auto/hierarchicalModalModel3.xml
6 ms. Memory: 390656K Free: 362480K (93%)
----------------- Invoking toplevel() on ptolemy.moml.MoMLSimpleApplication@ebef408
----------------- Done invoking toplevel() on ptolemy.moml.MoMLSimpleApplication@ebef408
reloadAllAccessors: .hierarchicalModalModel3

===========================================================================================
----------------- testing Fri Jun 15 15:12:39 UTC 2018 /home/travis/build/icyphy/ptII/ptolemy/domains/continuous/test/auto/hierarchicalModalModel4.xml
----------------- Instantiating /home/travis/build/icyphy/ptII/ptolemy/domains/continuous/test/auto/hierarchicalModalModel4.xml
4 ms. Memory: 390656K Free: 348258K (89%)
----------------- Invoking toplevel() on ptolemy.moml.MoMLSimpleApplication@766fe151
----------------- Done invoking toplevel() on ptolemy.moml.MoMLSimpleApplication@766fe151
reloadAllAccessors: .hierarchicalModalModel4

===========================================================================================
----------------- testing Fri Jun 15 15:12:39 UTC 2018 /home/travis/build/icyphy/ptII/ptolemy/domains/continuous/test/auto/junk.xml
----------------- Instantiating /home/travis/build/icyphy/ptII/ptolemy/domains/continuous/test/auto/junk.xml
128 ms. Memory: 390656K Free: 311847K (80%)
----------------- Invoking toplevel() on ptolemy.moml.MoMLSimpleApplication@2baf161c
----------------- Done invoking toplevel() on ptolemy.moml.MoMLSimpleApplication@2baf161c
reloadAllAccessors: .junk
AutoTests.java: About to close Vertx.
AutoTests.java: Vertx closed.
]]></system-out>
  <system-err><![CDATA[Warning: '.HysteresisWithRandomDelay.NonStrictTest3' The test produced only 25 tokens, yet the correctValues parameter was expecting 30 tokens.
Warning: '.IncreasingRatePoisson.NonStrictTest' The test produced only 392 tokens, yet the correctValues parameter was expecting 402 tokens.
]]></system-err>
</testsuite>
