<?xml version="1.0" encoding="UTF-8" ?>
<testsuite errors="0" failures="0" hostname="travis-job-66622b2d-dba3-41e1-84c4-1765f0b9dd9b" name="ptolemy.domains.de.test.junit.JUnitTclTest" skipped="0" tests="101" time="128.877" timestamp="2019-02-08T03:30:44">
  <properties>
[...]
</properties>
  <testcase classname="ptolemy.util.test.junit.TclTests" name="[0] /home/travis/build/icyphy/ptII/ptolemy/domains/de/test/DependencyLoop.tcl (RunTclFile)" time="0.736" />
  <testcase classname="ptolemy.util.test.junit.TclTests" name="[1] /home/travis/build/icyphy/ptII/ptolemy/domains/de/test/RunDETestsAsQSS.tcl (RunTclFile)" time="87.144" />
  <testcase classname="ptolemy.util.test.junit.AutoKnownFailedTests" name="[0] /home/travis/build/icyphy/ptII/ptolemy/domains/de/test/auto/knownFailedTests/DESDFClockTest.xml (RunModel)" time="2.028" />
  <testcase classname="ptolemy.util.test.junit.AutoKnownFailedTests" name="[1] /home/travis/build/icyphy/ptII/ptolemy/domains/de/test/auto/knownFailedTests/DirectFeedback.xml (RunModel)" time="0.01" />
  <testcase classname="ptolemy.util.test.junit.AutoKnownFailedTests" name="[2] /home/travis/build/icyphy/ptII/ptolemy/domains/de/test/auto/knownFailedTests/FSMSource.xml (RunModel)" time="0.013" />
  <testcase classname="ptolemy.util.test.junit.AutoKnownFailedTests" name="[3] /home/travis/build/icyphy/ptII/ptolemy/domains/de/test/auto/knownFailedTests/HierarchicalModel.xml (RunModel)" time="0.028" />
  <testcase classname="ptolemy.util.test.junit.AutoKnownFailedTests" name="[4] /home/travis/build/icyphy/ptII/ptolemy/domains/de/test/auto/knownFailedTests/dependencyLoop.xml (RunModel)" time="0.026" />
  <testcase classname="ptolemy.util.test.junit.AutoKnownFailedTests" name="[5] /home/travis/build/icyphy/ptII/ptolemy/domains/de/test/auto/knownFailedTests/dependencyLoop2.xml (RunModel)" time="0.027" />
  <testcase classname="ptolemy.util.test.junit.AutoNameArchTests" name="[0] ThereAreNoAutoArchTests (RunModel)" time="0.005" />
  <testcase classname="ptolemy.util.test.junit.AutoTests" name="[0] /home/travis/build/icyphy/ptII/ptolemy/domains/de/test/auto/ActorDepthCalculation_actorWithoutPorts.xml (RunModel)" time="0.009" />
  <testcase classname="ptolemy.util.test.junit.AutoTests" name="[1] /home/travis/build/icyphy/ptII/ptolemy/domains/de/test/auto/AssemblyLine.xml (RunModel)" time="0.01" />
  <testcase classname="ptolemy.util.test.junit.AutoTests" name="[2] /home/travis/build/icyphy/ptII/ptolemy/domains/de/test/auto/CQBug1.xml (RunModel)" time="0.005" />
  <testcase classname="ptolemy.util.test.junit.AutoTests" name="[3] /home/travis/build/icyphy/ptII/ptolemy/domains/de/test/auto/CancelFireAt.xml (RunModel)" time="0.004" />
  <testcase classname="ptolemy.util.test.junit.AutoTests" name="[4] /home/travis/build/icyphy/ptII/ptolemy/domains/de/test/auto/CausalityAndComposabilityAnalysis.xml (RunModel)" time="0.008" />
  <testcase classname="ptolemy.util.test.junit.AutoTests" name="[5] /home/travis/build/icyphy/ptII/ptolemy/domains/de/test/auto/CausalityInterface1.xml (RunModel)" time="0.008" />
  <testcase classname="ptolemy.util.test.junit.AutoTests" name="[6] /home/travis/build/icyphy/ptII/ptolemy/domains/de/test/auto/CausalityInterface15.xml (RunModel)" time="0.009" />
  <testcase classname="ptolemy.util.test.junit.AutoTests" name="[7] /home/travis/build/icyphy/ptII/ptolemy/domains/de/test/auto/CausalityInterface2.xml (RunModel)" time="0.007" />
  <testcase classname="ptolemy.util.test.junit.AutoTests" name="[8] /home/travis/build/icyphy/ptII/ptolemy/domains/de/test/auto/CausalityInterface3.xml (RunModel)" time="0.01" />
  <testcase classname="ptolemy.util.test.junit.AutoTests" name="[9] /home/travis/build/icyphy/ptII/ptolemy/domains/de/test/auto/ClockDrift.xml (RunModel)" time="0.028" />
  <testcase classname="ptolemy.util.test.junit.AutoTests" name="[10] /home/travis/build/icyphy/ptII/ptolemy/domains/de/test/auto/ClockDriftAndValueChange.xml (RunModel)" time="0.026" />
  <testcase classname="ptolemy.util.test.junit.AutoTests" name="[11] /home/travis/build/icyphy/ptII/ptolemy/domains/de/test/auto/ClockDriftChange.xml (RunModel)" time="0.017" />
  <testcase classname="ptolemy.util.test.junit.AutoTests" name="[12] /home/travis/build/icyphy/ptII/ptolemy/domains/de/test/auto/ComposableCausalityAnalysis.xml (RunModel)" time="0.012" />
  <testcase classname="ptolemy.util.test.junit.AutoTests" name="[13] /home/travis/build/icyphy/ptII/ptolemy/domains/de/test/auto/DEFixedPointLimitation.xml (RunModel)" time="0.006" />
  <testcase classname="ptolemy.util.test.junit.AutoTests" name="[14] /home/travis/build/icyphy/ptII/ptolemy/domains/de/test/auto/DEScheduleTest.xml (RunModel)" time="0.008" />
  <testcase classname="ptolemy.util.test.junit.AutoTests" name="[15] /home/travis/build/icyphy/ptII/ptolemy/domains/de/test/auto/DEinDEwithStartTimes.xml (RunModel)" time="0.008" />
  <testcase classname="ptolemy.util.test.junit.AutoTests" name="[16] /home/travis/build/icyphy/ptII/ptolemy/domains/de/test/auto/DEinDEwithStartTimes2.xml (RunModel)" time="0.008" />
  <testcase classname="ptolemy.util.test.junit.AutoTests" name="[17] /home/travis/build/icyphy/ptII/ptolemy/domains/de/test/auto/DateDemo.xml (RunModel)" time="0.018" />
  <testcase classname="ptolemy.util.test.junit.AutoTests" name="[18] /home/travis/build/icyphy/ptII/ptolemy/domains/de/test/auto/DateToEvent.xml (RunModel)" time="2.027" />
  <testcase classname="ptolemy.util.test.junit.AutoTests" name="[19] /home/travis/build/icyphy/ptII/ptolemy/domains/de/test/auto/DepthTest1.xml (RunModel)" time="0.012" />
  <testcase classname="ptolemy.util.test.junit.AutoTests" name="[20] /home/travis/build/icyphy/ptII/ptolemy/domains/de/test/auto/DepthTest2.xml (RunModel)" time="0.018" />
  <testcase classname="ptolemy.util.test.junit.AutoTests" name="[21] /home/travis/build/icyphy/ptII/ptolemy/domains/de/test/auto/DepthTest3.xml (RunModel)" time="0.009" />
  <testcase classname="ptolemy.util.test.junit.AutoTests" name="[22] /home/travis/build/icyphy/ptII/ptolemy/domains/de/test/auto/DepthTest4.xml (RunModel)" time="0.013" />
  <testcase classname="ptolemy.util.test.junit.AutoTests" name="[23] /home/travis/build/icyphy/ptII/ptolemy/domains/de/test/auto/DepthTest5.xml (RunModel)" time="0.015" />
  <testcase classname="ptolemy.util.test.junit.AutoTests" name="[24] /home/travis/build/icyphy/ptII/ptolemy/domains/de/test/auto/DepthTest6.xml (RunModel)" time="0.014" />
  <testcase classname="ptolemy.util.test.junit.AutoTests" name="[25] /home/travis/build/icyphy/ptII/ptolemy/domains/de/test/auto/DepthTest7.xml (RunModel)" time="0.013" />
  <testcase classname="ptolemy.util.test.junit.AutoTests" name="[26] /home/travis/build/icyphy/ptII/ptolemy/domains/de/test/auto/EventToDate.xml (RunModel)" time="3.035" />
  <testcase classname="ptolemy.util.test.junit.AutoTests" name="[27] /home/travis/build/icyphy/ptII/ptolemy/domains/de/test/auto/FSM1.xml (RunModel)" time="0.032" />
  <testcase classname="ptolemy.util.test.junit.AutoTests" name="[28] /home/travis/build/icyphy/ptII/ptolemy/domains/de/test/auto/FSM7.xml (RunModel)" time="0.044" />
  <testcase classname="ptolemy.util.test.junit.AutoTests" name="[29] /home/travis/build/icyphy/ptII/ptolemy/domains/de/test/auto/Inspection.xml (RunModel)" time="0.038" />
  <testcase classname="ptolemy.util.test.junit.AutoTests" name="[30] /home/travis/build/icyphy/ptII/ptolemy/domains/de/test/auto/Iteration.xml (RunModel)" time="0.019" />
  <testcase classname="ptolemy.util.test.junit.AutoTests" name="[31] /home/travis/build/icyphy/ptII/ptolemy/domains/de/test/auto/LineFault.xml (RunModel)" time="0.579" />
  <testcase classname="ptolemy.util.test.junit.AutoTests" name="[32] /home/travis/build/icyphy/ptII/ptolemy/domains/de/test/auto/MergeModel1Add.xml (RunModel)" time="0.044" />
  <testcase classname="ptolemy.util.test.junit.AutoTests" name="[33] /home/travis/build/icyphy/ptII/ptolemy/domains/de/test/auto/MergeModel2Add.xml (RunModel)" time="0.038" />
  <testcase classname="ptolemy.util.test.junit.AutoTests" name="[34] /home/travis/build/icyphy/ptII/ptolemy/domains/de/test/auto/MergeModel3Add.xml (RunModel)" time="0.044" />
  <testcase classname="ptolemy.util.test.junit.AutoTests" name="[35] /home/travis/build/icyphy/ptII/ptolemy/domains/de/test/auto/MergeWithoutDiscard.xml (RunModel)" time="0.011" />
  <testcase classname="ptolemy.util.test.junit.AutoTests" name="[36] /home/travis/build/icyphy/ptII/ptolemy/domains/de/test/auto/Modal1.xml (RunModel)" time="0.031" />
  <testcase classname="ptolemy.util.test.junit.AutoTests" name="[37] /home/travis/build/icyphy/ptII/ptolemy/domains/de/test/auto/Modal2.xml (RunModel)" time="0.037" />
  <testcase classname="ptolemy.util.test.junit.AutoTests" name="[38] /home/travis/build/icyphy/ptII/ptolemy/domains/de/test/auto/Modal3.xml (RunModel)" time="0.035" />
  <testcase classname="ptolemy.util.test.junit.AutoTests" name="[39] /home/travis/build/icyphy/ptII/ptolemy/domains/de/test/auto/Modal4.xml (RunModel)" time="0.038" />
  <testcase classname="ptolemy.util.test.junit.AutoTests" name="[40] /home/travis/build/icyphy/ptII/ptolemy/domains/de/test/auto/Modal5.xml (RunModel)" time="0.031" />
  <testcase classname="ptolemy.util.test.junit.AutoTests" name="[41] /home/travis/build/icyphy/ptII/ptolemy/domains/de/test/auto/Modal6.xml (RunModel)" time="0.028" />
  <testcase classname="ptolemy.util.test.junit.AutoTests" name="[42] /home/travis/build/icyphy/ptII/ptolemy/domains/de/test/auto/Modal7.xml (RunModel)" time="0.028" />
  <testcase classname="ptolemy.util.test.junit.AutoTests" name="[43] /home/travis/build/icyphy/ptII/ptolemy/domains/de/test/auto/ModalModel.xml (RunModel)" time="0.175" />
  <testcase classname="ptolemy.util.test.junit.AutoTests" name="[44] /home/travis/build/icyphy/ptII/ptolemy/domains/de/test/auto/ModalSource.xml (RunModel)" time="0.022" />
  <testcase classname="ptolemy.util.test.junit.AutoTests" name="[45] /home/travis/build/icyphy/ptII/ptolemy/domains/de/test/auto/NonInterruptibleTimerZeroDelay.xml (RunModel)" time="0.008" />
  <testcase classname="ptolemy.util.test.junit.AutoTests" name="[46] /home/travis/build/icyphy/ptII/ptolemy/domains/de/test/auto/OpenQueueingNetwork.xml (RunModel)" time="2.152" />
  <testcase classname="ptolemy.util.test.junit.AutoTests" name="[47] /home/travis/build/icyphy/ptII/ptolemy/domains/de/test/auto/OpenQueuingNetwork.xml (RunModel)" time="0.254" />
  <testcase classname="ptolemy.util.test.junit.AutoTests" name="[48] /home/travis/build/icyphy/ptII/ptolemy/domains/de/test/auto/PeriodicSampler.xml (RunModel)" time="0.01" />
  <testcase classname="ptolemy.util.test.junit.AutoTests" name="[49] /home/travis/build/icyphy/ptII/ptolemy/domains/de/test/auto/PersistentIO.xml (RunModel)" time="0.015" />
  <testcase classname="ptolemy.util.test.junit.AutoTests" name="[50] /home/travis/build/icyphy/ptII/ptolemy/domains/de/test/auto/PortParameterResetOnInitialize.xml (RunModel)" time="0.009" />
  <testcase classname="ptolemy.util.test.junit.AutoTests" name="[51] /home/travis/build/icyphy/ptII/ptolemy/domains/de/test/auto/PortParameterUpdates.xml (RunModel)" time="0.015" />
  <testcase classname="ptolemy.util.test.junit.AutoTests" name="[52] /home/travis/build/icyphy/ptII/ptolemy/domains/de/test/auto/QueueAndServer.xml (RunModel)" time="0.021" />
  <testcase classname="ptolemy.util.test.junit.AutoTests" name="[53] /home/travis/build/icyphy/ptII/ptolemy/domains/de/test/auto/Records.xml (RunModel)" time="0.017" />
  <testcase classname="ptolemy.util.test.junit.AutoTests" name="[54] /home/travis/build/icyphy/ptII/ptolemy/domains/de/test/auto/ResetTransitionWithStartTime1.xml (RunModel)" time="0.016" />
  <testcase classname="ptolemy.util.test.junit.AutoTests" name="[55] /home/travis/build/icyphy/ptII/ptolemy/domains/de/test/auto/ResetTransitionWithStartTime2.xml (RunModel)" time="0.016" />
  <testcase classname="ptolemy.util.test.junit.AutoTests" name="[56] /home/travis/build/icyphy/ptII/ptolemy/domains/de/test/auto/ResetTransitionWithStartTime3.xml (RunModel)" time="0.02" />
  <testcase classname="ptolemy.util.test.junit.AutoTests" name="[57] /home/travis/build/icyphy/ptII/ptolemy/domains/de/test/auto/ResetTransitionWithStartTime4.xml (RunModel)" time="0.015" />
  <testcase classname="ptolemy.util.test.junit.AutoTests" name="[58] /home/travis/build/icyphy/ptII/ptolemy/domains/de/test/auto/ResettableTimer1.xml (RunModel)" time="0.009" />
  <testcase classname="ptolemy.util.test.junit.AutoTests" name="[59] /home/travis/build/icyphy/ptII/ptolemy/domains/de/test/auto/ResettableTimer2.xml (RunModel)" time="0.008" />
  <testcase classname="ptolemy.util.test.junit.AutoTests" name="[60] /home/travis/build/icyphy/ptII/ptolemy/domains/de/test/auto/ResettableTimer3.xml (RunModel)" time="0.008" />
  <testcase classname="ptolemy.util.test.junit.AutoTests" name="[61] /home/travis/build/icyphy/ptII/ptolemy/domains/de/test/auto/ResettableTimer4.xml (RunModel)" time="0.009" />
  <testcase classname="ptolemy.util.test.junit.AutoTests" name="[62] /home/travis/build/icyphy/ptII/ptolemy/domains/de/test/auto/ResettableTimer5.xml (RunModel)" time="0.009" />
  <testcase classname="ptolemy.util.test.junit.AutoTests" name="[63] /home/travis/build/icyphy/ptII/ptolemy/domains/de/test/auto/ResettableTimer6.xml (RunModel)" time="0.019" />
  <testcase classname="ptolemy.util.test.junit.AutoTests" name="[64] /home/travis/build/icyphy/ptII/ptolemy/domains/de/test/auto/ServerZeroDelay.xml (RunModel)" time="0.009" />
  <testcase classname="ptolemy.util.test.junit.AutoTests" name="[65] /home/travis/build/icyphy/ptII/ptolemy/domains/de/test/auto/SmartSender.xml (RunModel)" time="3.009" />
  <testcase classname="ptolemy.util.test.junit.AutoTests" name="[66] /home/travis/build/icyphy/ptII/ptolemy/domains/de/test/auto/ThreadedComposite.xml (RunModel)" time="1.865" />
  <testcase classname="ptolemy.util.test.junit.AutoTests" name="[67] /home/travis/build/icyphy/ptII/ptolemy/domains/de/test/auto/Time.xml (RunModel)" time="0.444" />
  <testcase classname="ptolemy.util.test.junit.AutoTests" name="[68] /home/travis/build/icyphy/ptII/ptolemy/domains/de/test/auto/TimeDelayZeroDelay.xml (RunModel)" time="0.01" />
  <testcase classname="ptolemy.util.test.junit.AutoTests" name="[69] /home/travis/build/icyphy/ptII/ptolemy/domains/de/test/auto/TimerZeroDelay.xml (RunModel)" time="0.01" />
  <testcase classname="ptolemy.util.test.junit.AutoTests" name="[70] /home/travis/build/icyphy/ptII/ptolemy/domains/de/test/auto/TimingParadox.xml (RunModel)" time="0.344" />
  <testcase classname="ptolemy.util.test.junit.AutoTests" name="[71] /home/travis/build/icyphy/ptII/ptolemy/domains/de/test/auto/TransferInputs.xml (RunModel)" time="0.013" />
  <testcase classname="ptolemy.util.test.junit.AutoTests" name="[72] /home/travis/build/icyphy/ptII/ptolemy/domains/de/test/auto/TransferOutputs2.xml (RunModel)" time="0.014" />
  <testcase classname="ptolemy.util.test.junit.AutoTests" name="[73] /home/travis/build/icyphy/ptII/ptolemy/domains/de/test/auto/Trilateration.xml (RunModel)" time="11.23" />
  <testcase classname="ptolemy.util.test.junit.AutoTests" name="[74] /home/travis/build/icyphy/ptII/ptolemy/domains/de/test/auto/TwoSigmaDelta.xml (RunModel)" time="2.164" />
  <testcase classname="ptolemy.util.test.junit.AutoTests" name="[75] /home/travis/build/icyphy/ptII/ptolemy/domains/de/test/auto/VariableDelay.xml (RunModel)" time="0.009" />
  <testcase classname="ptolemy.util.test.junit.AutoTests" name="[76] /home/travis/build/icyphy/ptII/ptolemy/domains/de/test/auto/VariableDelay2.xml (RunModel)" time="0.008" />
  <testcase classname="ptolemy.util.test.junit.AutoTests" name="[77] /home/travis/build/icyphy/ptII/ptolemy/domains/de/test/auto/VariableDelayZeroDelay.xml (RunModel)" time="0.009" />
  <testcase classname="ptolemy.util.test.junit.AutoTests" name="[78] /home/travis/build/icyphy/ptII/ptolemy/domains/de/test/auto/VariableDelayZeroDelay2.xml (RunModel)" time="0.008" />
  <testcase classname="ptolemy.util.test.junit.AutoTests" name="[79] /home/travis/build/icyphy/ptII/ptolemy/domains/de/test/auto/deInCt.xml (RunModel)" time="0.012" />
  <testcase classname="ptolemy.util.test.junit.AutoTests" name="[80] /home/travis/build/icyphy/ptII/ptolemy/domains/de/test/auto/deInCt2.xml (RunModel)" time="0.014" />
  <testcase classname="ptolemy.util.test.junit.AutoTests" name="[81] /home/travis/build/icyphy/ptII/ptolemy/domains/de/test/auto/dynamicCausalityInterface1.xml (RunModel)" time="0.015" />
  <testcase classname="ptolemy.util.test.junit.AutoTests" name="[82] /home/travis/build/icyphy/ptII/ptolemy/domains/de/test/auto/fsm_de_test.xml (RunModel)" time="0.023" />
  <testcase classname="ptolemy.util.test.junit.AutoTests" name="[83] /home/travis/build/icyphy/ptII/ptolemy/domains/de/test/auto/functionDependencyReconstruction.xml (RunModel)" time="0.027" />
  <testcase classname="ptolemy.util.test.junit.AutoTests" name="[84] /home/travis/build/icyphy/ptII/ptolemy/domains/de/test/auto/multirate.xml (RunModel)" time="0.014" />
  <testcase classname="ptolemy.util.test.junit.AutoTests" name="[85] /home/travis/build/icyphy/ptII/ptolemy/domains/de/test/auto/multirate2.xml (RunModel)" time="0.013" />
  <testcase classname="ptolemy.util.test.junit.AutoTests" name="[86] /home/travis/build/icyphy/ptII/ptolemy/domains/de/test/auto/realtime.xml (RunModel)" time="10.009" />
  <testcase classname="ptolemy.util.test.junit.AutoTests" name="[87] /home/travis/build/icyphy/ptII/ptolemy/domains/de/test/auto/relationGroup.xml (RunModel)" time="0.011" />
  <testcase classname="ptolemy.util.test.junit.AutoTests" name="[88] /home/travis/build/icyphy/ptII/ptolemy/domains/de/test/auto/relationGroup2.xml (RunModel)" time="0.009" />
  <testcase classname="ptolemy.util.test.junit.AutoTests" name="[89] /home/travis/build/icyphy/ptII/ptolemy/domains/de/test/auto/sortWithOpaquePorts.xml (RunModel)" time="0.014" />
  <testcase classname="ptolemy.util.test.junit.AutoTests" name="[90] /home/travis/build/icyphy/ptII/ptolemy/domains/de/test/auto/transferInputsandOutputs.xml (RunModel)" time="0.018" />
  <testcase classname="ptolemy.util.test.junit.AutoTests" name="[91] /home/travis/build/icyphy/ptII/ptolemy/domains/de/test/auto/triggerType.xml (RunModel)" time="0.008" />
  <system-out><![CDATA[/home/travis/build/icyphy/ptII/ptolemy/domains/de/test/DependencyLoop.tcl
testDefs.tcl: setting time out to 9000 seconds at Fri Feb 08 03:30:45 UTC 2019
15 ms. Memory: 116224K Free: 97658K (84%)
22 ms. Memory: 146944K Free: 141166K (96%)
/home/travis/build/icyphy/ptII/ptolemy/domains/de/test/RunDETestsAsQSS.tcl
Run the DE tests using ptolemy.domains.qss.test.QSSDirectorTest, which extends QSSDirector and prints a message in the constructors.
------------------ testing $PTII/ptolemy/domains/de/test/auto/knownFailedTests/dependencyLoop.xml (Known Failure) 
7 ms. Memory: 146944K Free: 136919K (93%)


==== $PTIIhome/travis/build/icyphy/ptII/ptolemy/domains/de/test/../../../../: Auto Automatic test in file $PTII/ptolemy/domains/de/test/auto/knownFailedTests/dependencyLoop.xml
==== Contents of test case:

	    # FIXME: we should use $relativeFilename here, but it
	    # might have backslashes under Windows, which causes no end
	    # of trouble.
	    createAndExecute $file
	    list {}
	
.... Test generated KNOWN error:
    while executing
ptolemy.kernel.util.IllegalActionException: Found a zero delay loop containing .dependencyLoop.original
  in .dependencyLoop and .dependencyLoop.original
	at ptolemy.actor.util.CausalityInterfaceForComposites._computeOutputPortDepth(CausalityInterfaceForComposites.java:759)
	at ptolemy.actor.util.CausalityInterfaceForComposites._computeInputDepth(CausalityInterfaceForComposites.java:696)
	at ptolemy.actor.util.CausalityInterfaceForComposites._computeOutputPortDepth(CausalityInterfaceForComposites.java:765)
	at ptolemy.actor.util.CausalityInterfaceForComposites._computeInputDepth(CausalityInterfaceForComposites.java:696)
	at ptolemy.actor.util.CausalityInterfaceForComposites._computeOutputPortDepth(CausalityInterfaceForComposites.java:765)
	at ptolemy.actor.util.CausalityInterfaceForComposites._computeInputDepth(CausalityInterfaceForComposites.java:696)
	at ptolemy.actor.util.CausalityInterfaceForComposites._computeActorDepth(CausalityInterfaceForComposites.java:532)
	at ptolemy.actor.util.CausalityInterfaceForComposites.checkForCycles(CausalityInterfaceForComposites.java:96)
	at ptolemy.domains.de.kernel.DEDirector.preinitialize(DEDirector.java:1338)
	at ptolemy.actor.CompositeActor.preinitialize(CompositeActor.java:1828)
	at ptolemy.actor.Manager.preinitializeAndResolveTypes(Manager.java:1040)
	at ptolemy.actor.Manager.initialize(Manager.java:710)
	at ptolemy.actor.Manager.execute(Manager.java:356)
	at ptolemy.actor.Manager.run(Manager.java:1263)
	at ptolemy.actor.Manager$PtolemyRunThread.run(Manager.java:1915)

    while executing
ptolemy.kernel.util.IllegalActionException: Found a zero delay loop containing .dependencyLoop.original
  in .dependencyLoop and .dependencyLoop.original
    while executing
"java::new ptolemy.moml.MoMLSimpleApplication $file
"
    (procedure "createAndExecute" line 2)
    invoked from within
"createAndExecute $file"
    ("uplevel" body line 5)
    invoked from within
"uplevel $contents_of_test"
------------------ testing $PTII/ptolemy/domains/de/test/auto/knownFailedTests/DESDFClockTest.xml (Known Failure) 
2088 ms. Memory: 146944K Free: 121329K (83%)


==== $PTIIhome/travis/build/icyphy/ptII/ptolemy/domains/de/test/../../../../: Auto Automatic test in file $PTII/ptolemy/domains/de/test/auto/knownFailedTests/DESDFClockTest.xml
==== Contents of test case:

	    # FIXME: we should use $relativeFilename here, but it
	    # might have backslashes under Windows, which causes no end
	    # of trouble.
	    createAndExecute $file
	    list {}
	
.... Test generated KNOWN error:
    while executing
ptolemy.kernel.util.IllegalActionException: Actor is not ready to fire.  Perhaps UpSample.prefire() returned false? Try debugging the actor by selecting "Listen to Actor".  Also, for SDF check moml for tokenConsumptionRate on input.
  in .DESDFClockTest.Play Bell.Copy1:SDF Director and .DESDFClockTest.Play Bell.UpSample
	at ptolemy.actor.sched.StaticSchedulingDirector.fire(StaticSchedulingDirector.java:227)
	at ptolemy.domains.sdf.kernel.SDFDirector.fire(SDFDirector.java:500)
	at ptolemy.actor.CompositeActor.fire(CompositeActor.java:455)
	at ptolemy.domains.de.kernel.DEDirector._fire(DEDirector.java:1949)
	at ptolemy.domains.de.kernel.DEDirector.fire(DEDirector.java:502)
	at ptolemy.actor.CompositeActor.fire(CompositeActor.java:455)
	at ptolemy.actor.Manager.iterate(Manager.java:851)
	at ptolemy.actor.Manager.execute(Manager.java:369)
	at ptolemy.actor.Manager.run(Manager.java:1263)
	at ptolemy.actor.Manager$PtolemyRunThread.run(Manager.java:1915)

    while executing
ptolemy.kernel.util.IllegalActionException: Actor is not ready to fire.  Perhaps UpSample.prefire() returned false? Try debugging the actor by selecting "Listen to Actor".  Also, for SDF check moml for tokenConsumptionRate on input.
  in .DESDFClockTest.Play Bell.Copy1:SDF Director and .DESDFClockTest.Play Bell.UpSample
    while executing
"java::new ptolemy.moml.MoMLSimpleApplication $file
"
    (procedure "createAndExecute" line 2)
    invoked from within
"createAndExecute $file"
    ("uplevel" body line 5)
    invoked from within
"uplevel $contents_of_test"
------------------ testing $PTII/ptolemy/domains/de/test/auto/knownFailedTests/FSMSource.xml (Known Failure) 
21 ms. Memory: 146944K Free: 111912K (76%)
!!!! Auto was marked as failing, but now passes
------------------ testing $PTII/ptolemy/domains/de/test/auto/knownFailedTests/dependencyLoop2.xml (Known Failure) 
5 ms. Memory: 146944K Free: 110029K (75%)


==== $PTIIhome/travis/build/icyphy/ptII/ptolemy/domains/de/test/../../../../: Auto Automatic test in file $PTII/ptolemy/domains/de/test/auto/knownFailedTests/dependencyLoop2.xml
==== Contents of test case:

	    # FIXME: we should use $relativeFilename here, but it
	    # might have backslashes under Windows, which causes no end
	    # of trouble.
	    createAndExecute $file
	    list {}
	
.... Test generated KNOWN error:
    while executing
ptolemy.kernel.util.IllegalActionException: Found a zero delay loop containing .dependencyLoop2.original
  in .dependencyLoop2 and .dependencyLoop2.original
	at ptolemy.actor.util.CausalityInterfaceForComposites._computeOutputPortDepth(CausalityInterfaceForComposites.java:759)
	at ptolemy.actor.util.CausalityInterfaceForComposites._computeInputDepth(CausalityInterfaceForComposites.java:696)
	at ptolemy.actor.util.CausalityInterfaceForComposites._computeOutputPortDepth(CausalityInterfaceForComposites.java:765)
	at ptolemy.actor.util.CausalityInterfaceForComposites._computeInputDepth(CausalityInterfaceForComposites.java:696)
	at ptolemy.actor.util.CausalityInterfaceForComposites._computeOutputPortDepth(CausalityInterfaceForComposites.java:765)
	at ptolemy.actor.util.CausalityInterfaceForComposites._computeInputDepth(CausalityInterfaceForComposites.java:696)
	at ptolemy.actor.util.CausalityInterfaceForComposites._computeActorDepth(CausalityInterfaceForComposites.java:532)
	at ptolemy.actor.util.CausalityInterfaceForComposites.checkForCycles(CausalityInterfaceForComposites.java:96)
	at ptolemy.domains.de.kernel.DEDirector.preinitialize(DEDirector.java:1338)
	at ptolemy.actor.CompositeActor.preinitialize(CompositeActor.java:1828)
	at ptolemy.actor.Manager.preinitializeAndResolveTypes(Manager.java:1040)
	at ptolemy.actor.Manager.initialize(Manager.java:710)
	at ptolemy.actor.Manager.execute(Manager.java:356)
	at ptolemy.actor.Manager.run(Manager.java:1263)
	at ptolemy.actor.Manager$PtolemyRunThread.run(Manager.java:1915)

    while executing
ptolemy.kernel.util.IllegalActionException: Found a zero delay loop containing .dependencyLoop2.original
  in .dependencyLoop2 and .dependencyLoop2.original
    while executing
"java::new ptolemy.moml.MoMLSimpleApplication $file
"
    (procedure "createAndExecute" line 2)
    invoked from within
"createAndExecute $file"
    ("uplevel" body line 5)
    invoked from within
"uplevel $contents_of_test"
------------------ testing $PTII/ptolemy/domains/de/test/auto/knownFailedTests/HierarchicalModel.xml (Known Failure) 
5 ms. Memory: 146944K Free: 89890K (61%)


==== $PTIIhome/travis/build/icyphy/ptII/ptolemy/domains/de/test/../../../../: Auto Automatic test in file $PTII/ptolemy/domains/de/test/auto/knownFailedTests/HierarchicalModel.xml
==== Contents of test case:

	    # FIXME: we should use $relativeFilename here, but it
	    # might have backslashes under Windows, which causes no end
	    # of trouble.
	    createAndExecute $file
	    list {}
	
.... Test generated KNOWN error:
    while executing
ptolemy.kernel.util.IllegalActionException: Found a zero delay loop containing .HierarchicalModel.A
  in .HierarchicalModel and .HierarchicalModel.A
	at ptolemy.actor.util.CausalityInterfaceForComposites._computeOutputPortDepth(CausalityInterfaceForComposites.java:759)
	at ptolemy.actor.util.CausalityInterfaceForComposites._computeInputDepth(CausalityInterfaceForComposites.java:696)
	at ptolemy.actor.util.CausalityInterfaceForComposites._computeOutputPortDepth(CausalityInterfaceForComposites.java:765)
	at ptolemy.actor.util.CausalityInterfaceForComposites._computeInputDepth(CausalityInterfaceForComposites.java:696)
	at ptolemy.actor.util.CausalityInterfaceForComposites._computeOutputPortDepth(CausalityInterfaceForComposites.java:765)
	at ptolemy.actor.util.CausalityInterfaceForComposites._computeInputDepth(CausalityInterfaceForComposites.java:696)
	at ptolemy.actor.util.CausalityInterfaceForComposites._computeActorDepth(CausalityInterfaceForComposites.java:532)
	at ptolemy.actor.util.CausalityInterfaceForComposites.checkForCycles(CausalityInterfaceForComposites.java:96)
	at ptolemy.domains.de.kernel.DEDirector.preinitialize(DEDirector.java:1338)
	at ptolemy.actor.CompositeActor.preinitialize(CompositeActor.java:1828)
	at ptolemy.actor.Manager.preinitializeAndResolveTypes(Manager.java:1040)
	at ptolemy.actor.Manager.initialize(Manager.java:710)
	at ptolemy.actor.Manager.execute(Manager.java:356)
	at ptolemy.actor.Manager.run(Manager.java:1263)
	at ptolemy.actor.Manager$PtolemyRunThread.run(Manager.java:1915)

    while executing
ptolemy.kernel.util.IllegalActionException: Found a zero delay loop containing .HierarchicalModel.A
  in .HierarchicalModel and .HierarchicalModel.A
    while executing
"java::new ptolemy.moml.MoMLSimpleApplication $file
"
    (procedure "createAndExecute" line 2)
    invoked from within
"createAndExecute $file"
    ("uplevel" body line 5)
    invoked from within
"uplevel $contents_of_test"
------------------ testing $PTII/ptolemy/domains/de/test/auto/knownFailedTests/DirectFeedback.xml (Known Failure) 
4 ms. Memory: 146944K Free: 85778K (58%)


==== $PTIIhome/travis/build/icyphy/ptII/ptolemy/domains/de/test/../../../../: Auto Automatic test in file $PTII/ptolemy/domains/de/test/auto/knownFailedTests/DirectFeedback.xml
==== Contents of test case:

	    # FIXME: we should use $relativeFilename here, but it
	    # might have backslashes under Windows, which causes no end
	    # of trouble.
	    createAndExecute $file
	    list {}
	
.... Test generated KNOWN error:
    while executing
ptolemy.kernel.util.IllegalActionException: Test fails in iteration 1.
Value was: 1.0. Should have been: 2.0
  in .DirectFeedback.Test
	at ptolemy.actor.lib.Test.fire(Test.java:268)
	at ptolemy.domains.de.kernel.DEDirector._fire(DEDirector.java:1949)
	at ptolemy.domains.de.kernel.DEDirector.fire(DEDirector.java:502)
	at ptolemy.actor.CompositeActor.fire(CompositeActor.java:455)
	at ptolemy.actor.Manager.iterate(Manager.java:851)
	at ptolemy.actor.Manager.execute(Manager.java:369)
	at ptolemy.actor.Manager.run(Manager.java:1263)
	at ptolemy.actor.Manager$PtolemyRunThread.run(Manager.java:1915)

    while executing
ptolemy.kernel.util.IllegalActionException: Test fails in iteration 1.
Value was: 1.0. Should have been: 2.0
  in .DirectFeedback.Test
    while executing
"java::new ptolemy.moml.MoMLSimpleApplication $file
"
    (procedure "createAndExecute" line 2)
    invoked from within
"createAndExecute $file"
    ("uplevel" body line 5)
    invoked from within
"uplevel $contents_of_test"
------------------ testing $PTII/ptolemy/domains/de/test/auto/ActorDepthCalculation_actorWithoutPorts.xml
auto.tcl: Setting watchdog for 200 seconds at Fri Feb 08 03:30:48 UTC 2019
7 ms. Memory: 146944K Free: 138733K (94%)
ptolemy.util.test.WatchDog.cancel(): canceling Fri Feb 08 03:30:48 UTC 2019
auto.tcl: Setting watchdog for 200 seconds at Fri Feb 08 03:30:48 UTC 2019
4 ms. Memory: 146944K Free: 136712K (93%)
ptolemy.util.test.WatchDog.cancel(): canceling Fri Feb 08 03:30:48 UTC 2019
------------------ testing $PTII/ptolemy/domains/de/test/auto/AssemblyLine.xml
auto.tcl: Setting watchdog for 200 seconds at Fri Feb 08 03:30:48 UTC 2019
15 ms. Memory: 208384K Free: 186297K (89%)
ptolemy.util.test.WatchDog.cancel(): canceling Fri Feb 08 03:30:48 UTC 2019
auto.tcl: Setting watchdog for 200 seconds at Fri Feb 08 03:30:48 UTC 2019
14 ms. Memory: 208384K Free: 186297K (89%)
ptolemy.util.test.WatchDog.cancel(): canceling Fri Feb 08 03:30:48 UTC 2019
------------------ testing $PTII/ptolemy/domains/de/test/auto/CQBug1.xml
auto.tcl: Setting watchdog for 200 seconds at Fri Feb 08 03:30:48 UTC 2019
3 ms. Memory: 208384K Free: 197944K (95%)
ptolemy.util.test.WatchDog.cancel(): canceling Fri Feb 08 03:30:48 UTC 2019
auto.tcl: Setting watchdog for 200 seconds at Fri Feb 08 03:30:48 UTC 2019
2 ms. Memory: 208384K Free: 197944K (95%)
ptolemy.util.test.WatchDog.cancel(): canceling Fri Feb 08 03:30:48 UTC 2019
------------------ testing $PTII/ptolemy/domains/de/test/auto/CancelFireAt.xml
auto.tcl: Setting watchdog for 200 seconds at Fri Feb 08 03:30:49 UTC 2019
9 ms. Memory: 208384K Free: 201574K (97%)
ptolemy.util.test.WatchDog.cancel(): canceling Fri Feb 08 03:30:49 UTC 2019
auto.tcl: Setting watchdog for 200 seconds at Fri Feb 08 03:30:49 UTC 2019
4 ms. Memory: 208384K Free: 199553K (96%)
ptolemy.util.test.WatchDog.cancel(): canceling Fri Feb 08 03:30:49 UTC 2019
------------------ testing $PTII/ptolemy/domains/de/test/auto/CausalityAndComposabilityAnalysis.xml
auto.tcl: Setting watchdog for 200 seconds at Fri Feb 08 03:30:49 UTC 2019
16 ms. Memory: 208384K Free: 198632K (95%)
ptolemy.util.test.WatchDog.cancel(): canceling Fri Feb 08 03:30:49 UTC 2019
auto.tcl: Setting watchdog for 200 seconds at Fri Feb 08 03:30:49 UTC 2019
6 ms. Memory: 208384K Free: 196611K (94%)
ptolemy.util.test.WatchDog.cancel(): canceling Fri Feb 08 03:30:49 UTC 2019
------------------ testing $PTII/ptolemy/domains/de/test/auto/CausalityInterface1.xml
auto.tcl: Setting watchdog for 200 seconds at Fri Feb 08 03:30:49 UTC 2019
13 ms. Memory: 208384K Free: 196549K (94%)
ptolemy.util.test.WatchDog.cancel(): canceling Fri Feb 08 03:30:49 UTC 2019
auto.tcl: Setting watchdog for 200 seconds at Fri Feb 08 03:30:49 UTC 2019
4 ms. Memory: 208384K Free: 196549K (94%)
ptolemy.util.test.WatchDog.cancel(): canceling Fri Feb 08 03:30:49 UTC 2019
------------------ testing $PTII/ptolemy/domains/de/test/auto/CausalityInterface15.xml
auto.tcl: Setting watchdog for 200 seconds at Fri Feb 08 03:30:49 UTC 2019
9 ms. Memory: 208384K Free: 196540K (94%)
ptolemy.util.test.WatchDog.cancel(): canceling Fri Feb 08 03:30:49 UTC 2019
auto.tcl: Setting watchdog for 200 seconds at Fri Feb 08 03:30:49 UTC 2019
12 ms. Memory: 208384K Free: 196540K (94%)
ptolemy.util.test.WatchDog.cancel(): canceling Fri Feb 08 03:30:49 UTC 2019
------------------ testing $PTII/ptolemy/domains/de/test/auto/CausalityInterface2.xml
auto.tcl: Setting watchdog for 200 seconds at Fri Feb 08 03:30:49 UTC 2019
4 ms. Memory: 208384K Free: 196524K (94%)
ptolemy.util.test.WatchDog.cancel(): canceling Fri Feb 08 03:30:49 UTC 2019
auto.tcl: Setting watchdog for 200 seconds at Fri Feb 08 03:30:49 UTC 2019
3 ms. Memory: 208384K Free: 196524K (94%)
ptolemy.util.test.WatchDog.cancel(): canceling Fri Feb 08 03:30:49 UTC 2019
------------------ testing $PTII/ptolemy/domains/de/test/auto/CausalityInterface3.xml
auto.tcl: Setting watchdog for 200 seconds at Fri Feb 08 03:30:49 UTC 2019
10 ms. Memory: 208384K Free: 196537K (94%)
ptolemy.util.test.WatchDog.cancel(): canceling Fri Feb 08 03:30:49 UTC 2019
auto.tcl: Setting watchdog for 200 seconds at Fri Feb 08 03:30:49 UTC 2019
3 ms. Memory: 208384K Free: 196537K (94%)
ptolemy.util.test.WatchDog.cancel(): canceling Fri Feb 08 03:30:49 UTC 2019
------------------ testing $PTII/ptolemy/domains/de/test/auto/ClockDrift.xml
auto.tcl: Setting watchdog for 200 seconds at Fri Feb 08 03:30:49 UTC 2019
86 ms. Memory: 208384K Free: 188006K (90%)
ptolemy.util.test.WatchDog.cancel(): canceling Fri Feb 08 03:30:49 UTC 2019
auto.tcl: Setting watchdog for 200 seconds at Fri Feb 08 03:30:49 UTC 2019
68 ms. Memory: 208384K Free: 185984K (89%)
ptolemy.util.test.WatchDog.cancel(): canceling Fri Feb 08 03:30:49 UTC 2019
------------------ testing $PTII/ptolemy/domains/de/test/auto/ClockDriftAndValueChange.xml
auto.tcl: Setting watchdog for 200 seconds at Fri Feb 08 03:30:49 UTC 2019
39 ms. Memory: 208384K Free: 187840K (90%)
ptolemy.util.test.WatchDog.cancel(): canceling Fri Feb 08 03:30:49 UTC 2019
auto.tcl: Setting watchdog for 200 seconds at Fri Feb 08 03:30:49 UTC 2019
37 ms. Memory: 208384K Free: 185819K (89%)
ptolemy.util.test.WatchDog.cancel(): canceling Fri Feb 08 03:30:50 UTC 2019
------------------ testing $PTII/ptolemy/domains/de/test/auto/ClockDriftChange.xml
auto.tcl: Setting watchdog for 200 seconds at Fri Feb 08 03:30:50 UTC 2019
30 ms. Memory: 208384K Free: 191091K (92%)
ptolemy.util.test.WatchDog.cancel(): canceling Fri Feb 08 03:30:50 UTC 2019
auto.tcl: Setting watchdog for 200 seconds at Fri Feb 08 03:30:50 UTC 2019
30 ms. Memory: 208384K Free: 189070K (91%)
ptolemy.util.test.WatchDog.cancel(): canceling Fri Feb 08 03:30:50 UTC 2019
------------------ testing $PTII/ptolemy/domains/de/test/auto/ComposableCausalityAnalysis.xml
auto.tcl: Setting watchdog for 200 seconds at Fri Feb 08 03:30:50 UTC 2019
2 ms. Memory: 208384K Free: 196398K (94%)
ptolemy.util.test.WatchDog.cancel(): canceling Fri Feb 08 03:30:50 UTC 2019
auto.tcl: Setting watchdog for 200 seconds at Fri Feb 08 03:30:50 UTC 2019
2 ms. Memory: 208384K Free: 194377K (93%)
ptolemy.util.test.WatchDog.cancel(): canceling Fri Feb 08 03:30:50 UTC 2019
------------------ testing $PTII/ptolemy/domains/de/test/auto/DEFixedPointLimitation.xml
auto.tcl: Setting watchdog for 200 seconds at Fri Feb 08 03:30:50 UTC 2019
4 ms. Memory: 208384K Free: 196478K (94%)
ptolemy.util.test.WatchDog.cancel(): canceling Fri Feb 08 03:30:50 UTC 2019
auto.tcl: Setting watchdog for 200 seconds at Fri Feb 08 03:30:50 UTC 2019
1 ms. Memory: 208384K Free: 196478K (94%)
ptolemy.util.test.WatchDog.cancel(): canceling Fri Feb 08 03:30:50 UTC 2019
------------------ testing $PTII/ptolemy/domains/de/test/auto/DEScheduleTest.xml
auto.tcl: Setting watchdog for 200 seconds at Fri Feb 08 03:30:50 UTC 2019
7 ms. Memory: 208384K Free: 199054K (96%)
ptolemy.util.test.WatchDog.cancel(): canceling Fri Feb 08 03:30:50 UTC 2019
auto.tcl: Setting watchdog for 200 seconds at Fri Feb 08 03:30:50 UTC 2019
7 ms. Memory: 208384K Free: 196514K (94%)
ptolemy.util.test.WatchDog.cancel(): canceling Fri Feb 08 03:30:50 UTC 2019
------------------ testing $PTII/ptolemy/domains/de/test/auto/DEinDEwithStartTimes.xml
auto.tcl: Setting watchdog for 200 seconds at Fri Feb 08 03:30:50 UTC 2019
3 ms. Memory: 208384K Free: 196484K (94%)
ptolemy.util.test.WatchDog.cancel(): canceling Fri Feb 08 03:30:50 UTC 2019
auto.tcl: Setting watchdog for 200 seconds at Fri Feb 08 03:30:50 UTC 2019
3 ms. Memory: 208384K Free: 194463K (93%)
ptolemy.util.test.WatchDog.cancel(): canceling Fri Feb 08 03:30:50 UTC 2019
------------------ testing $PTII/ptolemy/domains/de/test/auto/DEinDEwithStartTimes2.xml
auto.tcl: Setting watchdog for 200 seconds at Fri Feb 08 03:30:50 UTC 2019
7 ms. Memory: 208384K Free: 196463K (94%)
ptolemy.util.test.WatchDog.cancel(): canceling Fri Feb 08 03:30:50 UTC 2019
auto.tcl: Setting watchdog for 200 seconds at Fri Feb 08 03:30:50 UTC 2019
4 ms. Memory: 208384K Free: 194442K (93%)
ptolemy.util.test.WatchDog.cancel(): canceling Fri Feb 08 03:30:50 UTC 2019
------------------ testing $PTII/ptolemy/domains/de/test/auto/DateDemo.xml
auto.tcl: Setting watchdog for 200 seconds at Fri Feb 08 03:30:50 UTC 2019
15 ms. Memory: 208384K Free: 189138K (91%)
ptolemy.util.test.WatchDog.cancel(): canceling Fri Feb 08 03:30:50 UTC 2019
auto.tcl: Setting watchdog for 200 seconds at Fri Feb 08 03:30:50 UTC 2019
6 ms. Memory: 208384K Free: 187117K (90%)
ptolemy.util.test.WatchDog.cancel(): canceling Fri Feb 08 03:30:50 UTC 2019
------------------ testing $PTII/ptolemy/domains/de/test/auto/DateToEvent.xml
auto.tcl: Setting watchdog for 200 seconds at Fri Feb 08 03:30:50 UTC 2019
2017 ms. Memory: 208384K Free: 184089K (88%)
ptolemy.util.test.WatchDog.cancel(): canceling Fri Feb 08 03:30:52 UTC 2019
auto.tcl: Setting watchdog for 200 seconds at Fri Feb 08 03:30:52 UTC 2019
2008 ms. Memory: 208384K Free: 184089K (88%)
ptolemy.util.test.WatchDog.cancel(): canceling Fri Feb 08 03:30:54 UTC 2019
------------------ testing $PTII/ptolemy/domains/de/test/auto/DepthTest1.xml
auto.tcl: Setting watchdog for 200 seconds at Fri Feb 08 03:30:54 UTC 2019
6 ms. Memory: 208384K Free: 198064K (95%)
ptolemy.util.test.WatchDog.cancel(): canceling Fri Feb 08 03:30:54 UTC 2019
auto.tcl: Setting watchdog for 200 seconds at Fri Feb 08 03:30:54 UTC 2019
4 ms. Memory: 208384K Free: 198064K (95%)
ptolemy.util.test.WatchDog.cancel(): canceling Fri Feb 08 03:30:55 UTC 2019
------------------ testing $PTII/ptolemy/domains/de/test/auto/DepthTest2.xml
auto.tcl: Setting watchdog for 200 seconds at Fri Feb 08 03:30:55 UTC 2019
4 ms. Memory: 208384K Free: 194423K (93%)
ptolemy.util.test.WatchDog.cancel(): canceling Fri Feb 08 03:30:55 UTC 2019
auto.tcl: Setting watchdog for 200 seconds at Fri Feb 08 03:30:55 UTC 2019
7 ms. Memory: 208384K Free: 194423K (93%)
ptolemy.util.test.WatchDog.cancel(): canceling Fri Feb 08 03:30:55 UTC 2019
------------------ testing $PTII/ptolemy/domains/de/test/auto/DepthTest3.xml
auto.tcl: Setting watchdog for 200 seconds at Fri Feb 08 03:30:55 UTC 2019
6 ms. Memory: 208384K Free: 198918K (95%)
ptolemy.util.test.WatchDog.cancel(): canceling Fri Feb 08 03:30:55 UTC 2019
auto.tcl: Setting watchdog for 200 seconds at Fri Feb 08 03:30:55 UTC 2019
2 ms. Memory: 208384K Free: 198918K (95%)
ptolemy.util.test.WatchDog.cancel(): canceling Fri Feb 08 03:30:55 UTC 2019
------------------ testing $PTII/ptolemy/domains/de/test/auto/DepthTest4.xml
auto.tcl: Setting watchdog for 200 seconds at Fri Feb 08 03:30:55 UTC 2019
6 ms. Memory: 208384K Free: 196466K (94%)
ptolemy.util.test.WatchDog.cancel(): canceling Fri Feb 08 03:30:55 UTC 2019
auto.tcl: Setting watchdog for 200 seconds at Fri Feb 08 03:30:55 UTC 2019
2 ms. Memory: 208384K Free: 196466K (94%)
ptolemy.util.test.WatchDog.cancel(): canceling Fri Feb 08 03:30:55 UTC 2019
------------------ testing $PTII/ptolemy/domains/de/test/auto/DepthTest5.xml
auto.tcl: Setting watchdog for 200 seconds at Fri Feb 08 03:30:55 UTC 2019
4 ms. Memory: 208384K Free: 196413K (94%)
ptolemy.util.test.WatchDog.cancel(): canceling Fri Feb 08 03:30:55 UTC 2019
auto.tcl: Setting watchdog for 200 seconds at Fri Feb 08 03:30:55 UTC 2019
2 ms. Memory: 208384K Free: 196413K (94%)
ptolemy.util.test.WatchDog.cancel(): canceling Fri Feb 08 03:30:55 UTC 2019
------------------ testing $PTII/ptolemy/domains/de/test/auto/DepthTest6.xml
auto.tcl: Setting watchdog for 200 seconds at Fri Feb 08 03:30:55 UTC 2019
8 ms. Memory: 208384K Free: 196388K (94%)
ptolemy.util.test.WatchDog.cancel(): canceling Fri Feb 08 03:30:55 UTC 2019
auto.tcl: Setting watchdog for 200 seconds at Fri Feb 08 03:30:55 UTC 2019
2 ms. Memory: 208384K Free: 196388K (94%)
ptolemy.util.test.WatchDog.cancel(): canceling Fri Feb 08 03:30:55 UTC 2019
------------------ testing $PTII/ptolemy/domains/de/test/auto/DepthTest7.xml
auto.tcl: Setting watchdog for 200 seconds at Fri Feb 08 03:30:55 UTC 2019
2 ms. Memory: 208384K Free: 196369K (94%)
ptolemy.util.test.WatchDog.cancel(): canceling Fri Feb 08 03:30:55 UTC 2019
auto.tcl: Setting watchdog for 200 seconds at Fri Feb 08 03:30:55 UTC 2019
2 ms. Memory: 208384K Free: 196369K (94%)
ptolemy.util.test.WatchDog.cancel(): canceling Fri Feb 08 03:30:55 UTC 2019
------------------ testing $PTII/ptolemy/domains/de/test/auto/EventToDate.xml
auto.tcl: Setting watchdog for 200 seconds at Fri Feb 08 03:30:55 UTC 2019
3008 ms. Memory: 208384K Free: 186278K (89%)
ptolemy.util.test.WatchDog.cancel(): canceling Fri Feb 08 03:30:58 UTC 2019
auto.tcl: Setting watchdog for 200 seconds at Fri Feb 08 03:30:58 UTC 2019
3005 ms. Memory: 208384K Free: 186278K (89%)
ptolemy.util.test.WatchDog.cancel(): canceling Fri Feb 08 03:31:01 UTC 2019
------------------ testing $PTII/ptolemy/domains/de/test/auto/FSM1.xml
auto.tcl: Setting watchdog for 200 seconds at Fri Feb 08 03:31:01 UTC 2019
22 ms. Memory: 208384K Free: 189580K (91%)
ptolemy.util.test.WatchDog.cancel(): canceling Fri Feb 08 03:31:01 UTC 2019
auto.tcl: Setting watchdog for 200 seconds at Fri Feb 08 03:31:01 UTC 2019
15 ms. Memory: 208384K Free: 185538K (89%)
ptolemy.util.test.WatchDog.cancel(): canceling Fri Feb 08 03:31:01 UTC 2019
------------------ testing $PTII/ptolemy/domains/de/test/auto/FSM7.xml
auto.tcl: Setting watchdog for 200 seconds at Fri Feb 08 03:31:01 UTC 2019
27 ms. Memory: 208384K Free: 187762K (90%)
ptolemy.util.test.WatchDog.cancel(): canceling Fri Feb 08 03:31:01 UTC 2019
auto.tcl: Setting watchdog for 200 seconds at Fri Feb 08 03:31:01 UTC 2019
24 ms. Memory: 208384K Free: 185741K (89%)
ptolemy.util.test.WatchDog.cancel(): canceling Fri Feb 08 03:31:01 UTC 2019
------------------ testing $PTII/ptolemy/domains/de/test/auto/Inspection.xml
auto.tcl: Setting watchdog for 200 seconds at Fri Feb 08 03:31:01 UTC 2019
43 ms. Memory: 208384K Free: 189494K (91%)
ptolemy.util.test.WatchDog.cancel(): canceling Fri Feb 08 03:31:01 UTC 2019
auto.tcl: Setting watchdog for 200 seconds at Fri Feb 08 03:31:01 UTC 2019
24 ms. Memory: 208384K Free: 187473K (90%)
ptolemy.util.test.WatchDog.cancel(): canceling Fri Feb 08 03:31:02 UTC 2019
------------------ testing $PTII/ptolemy/domains/de/test/auto/Iteration.xml
auto.tcl: Setting watchdog for 200 seconds at Fri Feb 08 03:31:02 UTC 2019
7 ms. Memory: 208384K Free: 196175K (94%)
ptolemy.util.test.WatchDog.cancel(): canceling Fri Feb 08 03:31:02 UTC 2019
auto.tcl: Setting watchdog for 200 seconds at Fri Feb 08 03:31:02 UTC 2019
6 ms. Memory: 208384K Free: 194154K (93%)
ptolemy.util.test.WatchDog.cancel(): canceling Fri Feb 08 03:31:02 UTC 2019
------------------ testing $PTII/ptolemy/domains/de/test/auto/LineFault.xml
auto.tcl: Setting watchdog for 200 seconds at Fri Feb 08 03:31:02 UTC 2019
750 ms. Memory: 208384K Free: 201033K (96%)
ptolemy.util.test.WatchDog.cancel(): canceling Fri Feb 08 03:31:03 UTC 2019
auto.tcl: Setting watchdog for 200 seconds at Fri Feb 08 03:31:03 UTC 2019
610 ms. Memory: 208384K Free: 144186K (69%)
ptolemy.util.test.WatchDog.cancel(): canceling Fri Feb 08 03:31:03 UTC 2019
------------------ testing $PTII/ptolemy/domains/de/test/auto/MergeModel1Add.xml
auto.tcl: Setting watchdog for 200 seconds at Fri Feb 08 03:31:03 UTC 2019
23 ms. Memory: 331264K Free: 301023K (91%)
ptolemy.util.test.WatchDog.cancel(): canceling Fri Feb 08 03:31:03 UTC 2019
auto.tcl: Setting watchdog for 200 seconds at Fri Feb 08 03:31:03 UTC 2019
9 ms. Memory: 331264K Free: 301023K (91%)
ptolemy.util.test.WatchDog.cancel(): canceling Fri Feb 08 03:31:03 UTC 2019
------------------ testing $PTII/ptolemy/domains/de/test/auto/MergeModel2Add.xml
auto.tcl: Setting watchdog for 200 seconds at Fri Feb 08 03:31:04 UTC 2019
11 ms. Memory: 331264K Free: 305909K (92%)
ptolemy.util.test.WatchDog.cancel(): canceling Fri Feb 08 03:31:04 UTC 2019
auto.tcl: Setting watchdog for 200 seconds at Fri Feb 08 03:31:04 UTC 2019
10 ms. Memory: 331264K Free: 302378K (91%)
ptolemy.util.test.WatchDog.cancel(): canceling Fri Feb 08 03:31:04 UTC 2019
------------------ testing $PTII/ptolemy/domains/de/test/auto/MergeModel3Add.xml
auto.tcl: Setting watchdog for 200 seconds at Fri Feb 08 03:31:04 UTC 2019
6 ms. Memory: 331264K Free: 305888K (92%)
ptolemy.util.test.WatchDog.cancel(): canceling Fri Feb 08 03:31:04 UTC 2019
auto.tcl: Setting watchdog for 200 seconds at Fri Feb 08 03:31:04 UTC 2019
8 ms. Memory: 331264K Free: 302356K (91%)
ptolemy.util.test.WatchDog.cancel(): canceling Fri Feb 08 03:31:04 UTC 2019
------------------ testing $PTII/ptolemy/domains/de/test/auto/MergeWithoutDiscard.xml
auto.tcl: Setting watchdog for 200 seconds at Fri Feb 08 03:31:04 UTC 2019
3 ms. Memory: 331264K Free: 316512K (96%)
ptolemy.util.test.WatchDog.cancel(): canceling Fri Feb 08 03:31:04 UTC 2019
auto.tcl: Setting watchdog for 200 seconds at Fri Feb 08 03:31:04 UTC 2019
1 ms. Memory: 331264K Free: 316512K (96%)
ptolemy.util.test.WatchDog.cancel(): canceling Fri Feb 08 03:31:04 UTC 2019
------------------ testing $PTII/ptolemy/domains/de/test/auto/Modal1.xml
auto.tcl: Setting watchdog for 200 seconds at Fri Feb 08 03:31:04 UTC 2019
11 ms. Memory: 331264K Free: 310821K (94%)
ptolemy.util.test.WatchDog.cancel(): canceling Fri Feb 08 03:31:04 UTC 2019
auto.tcl: Setting watchdog for 200 seconds at Fri Feb 08 03:31:04 UTC 2019
12 ms. Memory: 331264K Free: 307289K (93%)
ptolemy.util.test.WatchDog.cancel(): canceling Fri Feb 08 03:31:04 UTC 2019
------------------ testing $PTII/ptolemy/domains/de/test/auto/Modal2.xml
auto.tcl: Setting watchdog for 200 seconds at Fri Feb 08 03:31:04 UTC 2019
17 ms. Memory: 331264K Free: 305763K (92%)
ptolemy.util.test.WatchDog.cancel(): canceling Fri Feb 08 03:31:04 UTC 2019
auto.tcl: Setting watchdog for 200 seconds at Fri Feb 08 03:31:04 UTC 2019
21 ms. Memory: 331264K Free: 302232K (91%)
ptolemy.util.test.WatchDog.cancel(): canceling Fri Feb 08 03:31:04 UTC 2019
------------------ testing $PTII/ptolemy/domains/de/test/auto/Modal3.xml
auto.tcl: Setting watchdog for 200 seconds at Fri Feb 08 03:31:04 UTC 2019
16 ms. Memory: 331264K Free: 310692K (94%)
ptolemy.util.test.WatchDog.cancel(): canceling Fri Feb 08 03:31:04 UTC 2019
auto.tcl: Setting watchdog for 200 seconds at Fri Feb 08 03:31:04 UTC 2019
15 ms. Memory: 331264K Free: 307160K (93%)
ptolemy.util.test.WatchDog.cancel(): canceling Fri Feb 08 03:31:04 UTC 2019
------------------ testing $PTII/ptolemy/domains/de/test/auto/Modal4.xml
auto.tcl: Setting watchdog for 200 seconds at Fri Feb 08 03:31:04 UTC 2019
23 ms. Memory: 331264K Free: 310705K (94%)
ptolemy.util.test.WatchDog.cancel(): canceling Fri Feb 08 03:31:04 UTC 2019
auto.tcl: Setting watchdog for 200 seconds at Fri Feb 08 03:31:04 UTC 2019
20 ms. Memory: 331264K Free: 307174K (93%)
ptolemy.util.test.WatchDog.cancel(): canceling Fri Feb 08 03:31:04 UTC 2019
------------------ testing $PTII/ptolemy/domains/de/test/auto/Modal5.xml
auto.tcl: Setting watchdog for 200 seconds at Fri Feb 08 03:31:04 UTC 2019
19 ms. Memory: 331264K Free: 310693K (94%)
ptolemy.util.test.WatchDog.cancel(): canceling Fri Feb 08 03:31:04 UTC 2019
auto.tcl: Setting watchdog for 200 seconds at Fri Feb 08 03:31:04 UTC 2019
12 ms. Memory: 331264K Free: 307162K (93%)
ptolemy.util.test.WatchDog.cancel(): canceling Fri Feb 08 03:31:04 UTC 2019
------------------ testing $PTII/ptolemy/domains/de/test/auto/Modal6.xml
auto.tcl: Setting watchdog for 200 seconds at Fri Feb 08 03:31:04 UTC 2019
12 ms. Memory: 331264K Free: 310691K (94%)
ptolemy.util.test.WatchDog.cancel(): canceling Fri Feb 08 03:31:04 UTC 2019
auto.tcl: Setting watchdog for 200 seconds at Fri Feb 08 03:31:04 UTC 2019
13 ms. Memory: 331264K Free: 307159K (93%)
ptolemy.util.test.WatchDog.cancel(): canceling Fri Feb 08 03:31:04 UTC 2019
------------------ testing $PTII/ptolemy/domains/de/test/auto/Modal7.xml
auto.tcl: Setting watchdog for 200 seconds at Fri Feb 08 03:31:04 UTC 2019
9 ms. Memory: 331264K Free: 307159K (93%)
ptolemy.util.test.WatchDog.cancel(): canceling Fri Feb 08 03:31:05 UTC 2019
auto.tcl: Setting watchdog for 200 seconds at Fri Feb 08 03:31:05 UTC 2019
10 ms. Memory: 331264K Free: 303628K (92%)
ptolemy.util.test.WatchDog.cancel(): canceling Fri Feb 08 03:31:05 UTC 2019
------------------ testing $PTII/ptolemy/domains/de/test/auto/ModalModel.xml
auto.tcl: Setting watchdog for 200 seconds at Fri Feb 08 03:31:05 UTC 2019
196 ms. Memory: 331264K Free: 248454K (75%)
ptolemy.util.test.WatchDog.cancel(): canceling Fri Feb 08 03:31:05 UTC 2019
auto.tcl: Setting watchdog for 200 seconds at Fri Feb 08 03:31:05 UTC 2019
176 ms. Memory: 331264K Free: 191945K (58%)
ptolemy.util.test.WatchDog.cancel(): canceling Fri Feb 08 03:31:05 UTC 2019
------------------ testing $PTII/ptolemy/domains/de/test/auto/ModalSource.xml
auto.tcl: Setting watchdog for 200 seconds at Fri Feb 08 03:31:05 UTC 2019
9 ms. Memory: 331264K Free: 317355K (96%)
ptolemy.util.test.WatchDog.cancel(): canceling Fri Feb 08 03:31:05 UTC 2019
auto.tcl: Setting watchdog for 200 seconds at Fri Feb 08 03:31:05 UTC 2019
6 ms. Memory: 331264K Free: 314115K (95%)
ptolemy.util.test.WatchDog.cancel(): canceling Fri Feb 08 03:31:05 UTC 2019
------------------ testing $PTII/ptolemy/domains/de/test/auto/NonInterruptibleTimerZeroDelay.xml
auto.tcl: Setting watchdog for 200 seconds at Fri Feb 08 03:31:05 UTC 2019
4 ms. Memory: 331264K Free: 321248K (97%)
ptolemy.util.test.WatchDog.cancel(): canceling Fri Feb 08 03:31:05 UTC 2019
auto.tcl: Setting watchdog for 200 seconds at Fri Feb 08 03:31:05 UTC 2019
2 ms. Memory: 331264K Free: 318008K (96%)
ptolemy.util.test.WatchDog.cancel(): canceling Fri Feb 08 03:31:05 UTC 2019
------------------ testing $PTII/ptolemy/domains/de/test/auto/OpenQueueingNetwork.xml
auto.tcl: Setting watchdog for 200 seconds at Fri Feb 08 03:31:05 UTC 2019
3076 ms. Memory: 307712K Free: 127199K (41%)
ptolemy.util.test.WatchDog.cancel(): canceling Fri Feb 08 03:31:08 UTC 2019
auto.tcl: Setting watchdog for 200 seconds at Fri Feb 08 03:31:08 UTC 2019
2420 ms. Memory: 278528K Free: 172687K (62%)
ptolemy.util.test.WatchDog.cancel(): canceling Fri Feb 08 03:31:11 UTC 2019
------------------ testing $PTII/ptolemy/domains/de/test/auto/OpenQueuingNetwork.xml
auto.tcl: Setting watchdog for 200 seconds at Fri Feb 08 03:31:11 UTC 2019
215 ms. Memory: 278528K Free: 179934K (65%)
ptolemy.util.test.WatchDog.cancel(): canceling Fri Feb 08 03:31:11 UTC 2019
auto.tcl: Setting watchdog for 200 seconds at Fri Feb 08 03:31:11 UTC 2019
215 ms. Memory: 278528K Free: 118264K (42%)
ptolemy.util.test.WatchDog.cancel(): canceling Fri Feb 08 03:31:11 UTC 2019
------------------ testing $PTII/ptolemy/domains/de/test/auto/PeriodicSampler.xml
auto.tcl: Setting watchdog for 200 seconds at Fri Feb 08 03:31:12 UTC 2019
3 ms. Memory: 281088K Free: 269324K (96%)
ptolemy.util.test.WatchDog.cancel(): canceling Fri Feb 08 03:31:12 UTC 2019
auto.tcl: Setting watchdog for 200 seconds at Fri Feb 08 03:31:12 UTC 2019
1 ms. Memory: 281088K Free: 266413K (95%)
ptolemy.util.test.WatchDog.cancel(): canceling Fri Feb 08 03:31:12 UTC 2019
------------------ testing $PTII/ptolemy/domains/de/test/auto/PersistentIO.xml
auto.tcl: Setting watchdog for 200 seconds at Fri Feb 08 03:31:12 UTC 2019
11 ms. Memory: 278528K Free: 261551K (94%)
ptolemy.util.test.WatchDog.cancel(): canceling Fri Feb 08 03:31:12 UTC 2019
auto.tcl: Setting watchdog for 200 seconds at Fri Feb 08 03:31:12 UTC 2019
3 ms. Memory: 278528K Free: 258641K (93%)
ptolemy.util.test.WatchDog.cancel(): canceling Fri Feb 08 03:31:12 UTC 2019
------------------ testing $PTII/ptolemy/domains/de/test/auto/PortParameterResetOnInitialize.xml
auto.tcl: Setting watchdog for 200 seconds at Fri Feb 08 03:31:12 UTC 2019
2 ms. Memory: 280576K Free: 266230K (95%)
ptolemy.util.test.WatchDog.cancel(): canceling Fri Feb 08 03:31:12 UTC 2019
auto.tcl: Setting watchdog for 200 seconds at Fri Feb 08 03:31:12 UTC 2019
2 ms. Memory: 280576K Free: 266230K (95%)
ptolemy.util.test.WatchDog.cancel(): canceling Fri Feb 08 03:31:12 UTC 2019
------------------ testing $PTII/ptolemy/domains/de/test/auto/PortParameterUpdates.xml
auto.tcl: Setting watchdog for 200 seconds at Fri Feb 08 03:31:12 UTC 2019
4 ms. Memory: 278528K Free: 264299K (95%)
ptolemy.util.test.WatchDog.cancel(): canceling Fri Feb 08 03:31:12 UTC 2019
auto.tcl: Setting watchdog for 200 seconds at Fri Feb 08 03:31:12 UTC 2019
3 ms. Memory: 278528K Free: 261389K (94%)
ptolemy.util.test.WatchDog.cancel(): canceling Fri Feb 08 03:31:12 UTC 2019
------------------ testing $PTII/ptolemy/domains/de/test/auto/QueueAndServer.xml
auto.tcl: Setting watchdog for 200 seconds at Fri Feb 08 03:31:12 UTC 2019
9 ms. Memory: 280576K Free: 265372K (95%)
ptolemy.util.test.WatchDog.cancel(): canceling Fri Feb 08 03:31:12 UTC 2019
auto.tcl: Setting watchdog for 200 seconds at Fri Feb 08 03:31:12 UTC 2019
6 ms. Memory: 280576K Free: 265372K (95%)
ptolemy.util.test.WatchDog.cancel(): canceling Fri Feb 08 03:31:12 UTC 2019
------------------ testing $PTII/ptolemy/domains/de/test/auto/Records.xml
auto.tcl: Setting watchdog for 200 seconds at Fri Feb 08 03:31:12 UTC 2019
8 ms. Memory: 278528K Free: 266177K (96%)
ptolemy.util.test.WatchDog.cancel(): canceling Fri Feb 08 03:31:12 UTC 2019
auto.tcl: Setting watchdog for 200 seconds at Fri Feb 08 03:31:12 UTC 2019
2 ms. Memory: 278528K Free: 266177K (96%)
ptolemy.util.test.WatchDog.cancel(): canceling Fri Feb 08 03:31:12 UTC 2019
------------------ testing $PTII/ptolemy/domains/de/test/auto/ResetTransitionWithStartTime1.xml
auto.tcl: Setting watchdog for 200 seconds at Fri Feb 08 03:31:12 UTC 2019
19 ms. Memory: 280064K Free: 262841K (94%)
ptolemy.util.test.WatchDog.cancel(): canceling Fri Feb 08 03:31:12 UTC 2019
auto.tcl: Setting watchdog for 200 seconds at Fri Feb 08 03:31:12 UTC 2019
5 ms. Memory: 280064K Free: 262841K (94%)
ptolemy.util.test.WatchDog.cancel(): canceling Fri Feb 08 03:31:12 UTC 2019
------------------ testing $PTII/ptolemy/domains/de/test/auto/ResetTransitionWithStartTime2.xml
auto.tcl: Setting watchdog for 200 seconds at Fri Feb 08 03:31:12 UTC 2019
6 ms. Memory: 278528K Free: 257511K (92%)
ptolemy.util.test.WatchDog.cancel(): canceling Fri Feb 08 03:31:12 UTC 2019
auto.tcl: Setting watchdog for 200 seconds at Fri Feb 08 03:31:12 UTC 2019
6 ms. Memory: 278528K Free: 257511K (92%)
ptolemy.util.test.WatchDog.cancel(): canceling Fri Feb 08 03:31:12 UTC 2019
------------------ testing $PTII/ptolemy/domains/de/test/auto/ResetTransitionWithStartTime3.xml
auto.tcl: Setting watchdog for 200 seconds at Fri Feb 08 03:31:12 UTC 2019
8 ms. Memory: 280064K Free: 262839K (94%)
ptolemy.util.test.WatchDog.cancel(): canceling Fri Feb 08 03:31:12 UTC 2019
auto.tcl: Setting watchdog for 200 seconds at Fri Feb 08 03:31:12 UTC 2019
5 ms. Memory: 280064K Free: 262839K (94%)
ptolemy.util.test.WatchDog.cancel(): canceling Fri Feb 08 03:31:12 UTC 2019
------------------ testing $PTII/ptolemy/domains/de/test/auto/ResetTransitionWithStartTime4.xml
auto.tcl: Setting watchdog for 200 seconds at Fri Feb 08 03:31:12 UTC 2019
4 ms. Memory: 278528K Free: 263288K (95%)
ptolemy.util.test.WatchDog.cancel(): canceling Fri Feb 08 03:31:12 UTC 2019
auto.tcl: Setting watchdog for 200 seconds at Fri Feb 08 03:31:12 UTC 2019
4 ms. Memory: 278528K Free: 263288K (95%)
ptolemy.util.test.WatchDog.cancel(): canceling Fri Feb 08 03:31:12 UTC 2019
------------------ testing $PTII/ptolemy/domains/de/test/auto/ResettableTimer1.xml
auto.tcl: Setting watchdog for 200 seconds at Fri Feb 08 03:31:12 UTC 2019
2 ms. Memory: 280064K Free: 267730K (96%)
ptolemy.util.test.WatchDog.cancel(): canceling Fri Feb 08 03:31:12 UTC 2019
auto.tcl: Setting watchdog for 200 seconds at Fri Feb 08 03:31:12 UTC 2019
2 ms. Memory: 280064K Free: 267730K (96%)
ptolemy.util.test.WatchDog.cancel(): canceling Fri Feb 08 03:31:12 UTC 2019
------------------ testing $PTII/ptolemy/domains/de/test/auto/ResettableTimer2.xml
auto.tcl: Setting watchdog for 200 seconds at Fri Feb 08 03:31:12 UTC 2019
3 ms. Memory: 278528K Free: 266393K (96%)
ptolemy.util.test.WatchDog.cancel(): canceling Fri Feb 08 03:31:12 UTC 2019
auto.tcl: Setting watchdog for 200 seconds at Fri Feb 08 03:31:12 UTC 2019
2 ms. Memory: 278528K Free: 266393K (96%)
ptolemy.util.test.WatchDog.cancel(): canceling Fri Feb 08 03:31:12 UTC 2019
------------------ testing $PTII/ptolemy/domains/de/test/auto/ResettableTimer3.xml
auto.tcl: Setting watchdog for 200 seconds at Fri Feb 08 03:31:12 UTC 2019
1 ms. Memory: 279552K Free: 267276K (96%)
ptolemy.util.test.WatchDog.cancel(): canceling Fri Feb 08 03:31:12 UTC 2019
auto.tcl: Setting watchdog for 200 seconds at Fri Feb 08 03:31:12 UTC 2019
1 ms. Memory: 279552K Free: 267276K (96%)
ptolemy.util.test.WatchDog.cancel(): canceling Fri Feb 08 03:31:12 UTC 2019
------------------ testing $PTII/ptolemy/domains/de/test/auto/ResettableTimer4.xml
auto.tcl: Setting watchdog for 200 seconds at Fri Feb 08 03:31:12 UTC 2019
1 ms. Memory: 278528K Free: 266413K (96%)
ptolemy.util.test.WatchDog.cancel(): canceling Fri Feb 08 03:31:12 UTC 2019
auto.tcl: Setting watchdog for 200 seconds at Fri Feb 08 03:31:12 UTC 2019
2 ms. Memory: 278528K Free: 266413K (96%)
ptolemy.util.test.WatchDog.cancel(): canceling Fri Feb 08 03:31:12 UTC 2019
------------------ testing $PTII/ptolemy/domains/de/test/auto/ResettableTimer5.xml
auto.tcl: Setting watchdog for 200 seconds at Fri Feb 08 03:31:12 UTC 2019
1 ms. Memory: 279552K Free: 265307K (95%)
ptolemy.util.test.WatchDog.cancel(): canceling Fri Feb 08 03:31:12 UTC 2019
auto.tcl: Setting watchdog for 200 seconds at Fri Feb 08 03:31:12 UTC 2019
1 ms. Memory: 279552K Free: 265307K (95%)
ptolemy.util.test.WatchDog.cancel(): canceling Fri Feb 08 03:31:12 UTC 2019
------------------ testing $PTII/ptolemy/domains/de/test/auto/ResettableTimer6.xml
auto.tcl: Setting watchdog for 200 seconds at Fri Feb 08 03:31:13 UTC 2019
1 ms. Memory: 278528K Free: 266203K (96%)
ptolemy.util.test.WatchDog.cancel(): canceling Fri Feb 08 03:31:13 UTC 2019
auto.tcl: Setting watchdog for 200 seconds at Fri Feb 08 03:31:13 UTC 2019
1 ms. Memory: 278528K Free: 266203K (96%)
ptolemy.util.test.WatchDog.cancel(): canceling Fri Feb 08 03:31:13 UTC 2019
------------------ testing $PTII/ptolemy/domains/de/test/auto/ServerZeroDelay.xml
auto.tcl: Setting watchdog for 200 seconds at Fri Feb 08 03:31:13 UTC 2019
8 ms. Memory: 279552K Free: 267366K (96%)
ptolemy.util.test.WatchDog.cancel(): canceling Fri Feb 08 03:31:13 UTC 2019
auto.tcl: Setting watchdog for 200 seconds at Fri Feb 08 03:31:13 UTC 2019
3 ms. Memory: 279552K Free: 267366K (96%)
ptolemy.util.test.WatchDog.cancel(): canceling Fri Feb 08 03:31:13 UTC 2019
------------------ testing $PTII/ptolemy/domains/de/test/auto/SmartSender.xml
auto.tcl: Setting watchdog for 200 seconds at Fri Feb 08 03:31:13 UTC 2019
3001 ms. Memory: 278528K Free: 266337K (96%)
ptolemy.util.test.WatchDog.cancel(): canceling Fri Feb 08 03:31:16 UTC 2019
auto.tcl: Setting watchdog for 200 seconds at Fri Feb 08 03:31:16 UTC 2019
3001 ms. Memory: 278528K Free: 266337K (96%)
ptolemy.util.test.WatchDog.cancel(): canceling Fri Feb 08 03:31:19 UTC 2019
------------------ testing $PTII/ptolemy/domains/de/test/auto/ThreadedComposite.xml
auto.tcl: Setting watchdog for 200 seconds at Fri Feb 08 03:31:19 UTC 2019
208 ms. Memory: 279552K Free: 247648K (89%)
ptolemy.util.test.WatchDog.cancel(): canceling Fri Feb 08 03:31:19 UTC 2019
auto.tcl: Setting watchdog for 200 seconds at Fri Feb 08 03:31:19 UTC 2019
108 ms. Memory: 279552K Free: 230030K (82%)
ptolemy.util.test.WatchDog.cancel(): canceling Fri Feb 08 03:31:19 UTC 2019
------------------ testing $PTII/ptolemy/domains/de/test/auto/Time.xml
auto.tcl: Setting watchdog for 200 seconds at Fri Feb 08 03:31:19 UTC 2019
517 ms. Memory: 278528K Free: 212688K (76%)
ptolemy.util.test.WatchDog.cancel(): canceling Fri Feb 08 03:31:20 UTC 2019
auto.tcl: Setting watchdog for 200 seconds at Fri Feb 08 03:31:20 UTC 2019
471 ms. Memory: 278528K Free: 160594K (58%)
ptolemy.util.test.WatchDog.cancel(): canceling Fri Feb 08 03:31:20 UTC 2019
------------------ testing $PTII/ptolemy/domains/de/test/auto/TimeDelayZeroDelay.xml
auto.tcl: Setting watchdog for 200 seconds at Fri Feb 08 03:31:20 UTC 2019
3 ms. Memory: 279040K Free: 267358K (96%)
ptolemy.util.test.WatchDog.cancel(): canceling Fri Feb 08 03:31:20 UTC 2019
auto.tcl: Setting watchdog for 200 seconds at Fri Feb 08 03:31:20 UTC 2019
2 ms. Memory: 279040K Free: 267358K (96%)
ptolemy.util.test.WatchDog.cancel(): canceling Fri Feb 08 03:31:20 UTC 2019
------------------ testing $PTII/ptolemy/domains/de/test/auto/TimerZeroDelay.xml
auto.tcl: Setting watchdog for 200 seconds at Fri Feb 08 03:31:20 UTC 2019
4 ms. Memory: 278528K Free: 267002K (96%)
ptolemy.util.test.WatchDog.cancel(): canceling Fri Feb 08 03:31:20 UTC 2019
auto.tcl: Setting watchdog for 200 seconds at Fri Feb 08 03:31:20 UTC 2019
2 ms. Memory: 278528K Free: 267002K (96%)
ptolemy.util.test.WatchDog.cancel(): canceling Fri Feb 08 03:31:20 UTC 2019
------------------ testing $PTII/ptolemy/domains/de/test/auto/TimingParadox.xml
auto.tcl: Setting watchdog for 200 seconds at Fri Feb 08 03:31:20 UTC 2019
337 ms. Memory: 279040K Free: 203204K (73%)
ptolemy.util.test.WatchDog.cancel(): canceling Fri Feb 08 03:31:21 UTC 2019
auto.tcl: Setting watchdog for 200 seconds at Fri Feb 08 03:31:21 UTC 2019
331 ms. Memory: 279040K Free: 167487K (60%)
ptolemy.util.test.WatchDog.cancel(): canceling Fri Feb 08 03:31:21 UTC 2019
------------------ testing $PTII/ptolemy/domains/de/test/auto/TransferInputs.xml
auto.tcl: Setting watchdog for 200 seconds at Fri Feb 08 03:31:21 UTC 2019
2 ms. Memory: 279040K Free: 266470K (95%)
ptolemy.util.test.WatchDog.cancel(): canceling Fri Feb 08 03:31:21 UTC 2019
auto.tcl: Setting watchdog for 200 seconds at Fri Feb 08 03:31:21 UTC 2019
1 ms. Memory: 279040K Free: 266470K (95%)
ptolemy.util.test.WatchDog.cancel(): canceling Fri Feb 08 03:31:21 UTC 2019
------------------ testing $PTII/ptolemy/domains/de/test/auto/TransferOutputs2.xml
auto.tcl: Setting watchdog for 200 seconds at Fri Feb 08 03:31:21 UTC 2019
6 ms. Memory: 278528K Free: 262557K (94%)
ptolemy.util.test.WatchDog.cancel(): canceling Fri Feb 08 03:31:21 UTC 2019
auto.tcl: Setting watchdog for 200 seconds at Fri Feb 08 03:31:21 UTC 2019
3 ms. Memory: 278528K Free: 260003K (93%)
ptolemy.util.test.WatchDog.cancel(): canceling Fri Feb 08 03:31:21 UTC 2019
------------------ testing $PTII/ptolemy/domains/de/test/auto/Trilateration.xml
auto.tcl: Setting watchdog for 200 seconds at Fri Feb 08 03:31:21 UTC 2019
13319 ms. Memory: 542720K Free: 161970K (30%)
ptolemy.util.test.WatchDog.cancel(): canceling Fri Feb 08 03:31:36 UTC 2019
auto.tcl: Setting watchdog for 200 seconds at Fri Feb 08 03:31:36 UTC 2019
10720 ms. Memory: 411136K Free: 253261K (62%)
ptolemy.util.test.WatchDog.cancel(): canceling Fri Feb 08 03:31:46 UTC 2019
------------------ testing $PTII/ptolemy/domains/de/test/auto/TwoSigmaDelta.xml
auto.tcl: Setting watchdog for 200 seconds at Fri Feb 08 03:31:46 UTC 2019
2586 ms. Memory: 414208K Free: 108421K (26%)
ptolemy.util.test.WatchDog.cancel(): canceling Fri Feb 08 03:31:49 UTC 2019
auto.tcl: Setting watchdog for 200 seconds at Fri Feb 08 03:31:49 UTC 2019
2100 ms. Memory: 396800K Free: 194965K (49%)
ptolemy.util.test.WatchDog.cancel(): canceling Fri Feb 08 03:31:51 UTC 2019
------------------ testing $PTII/ptolemy/domains/de/test/auto/VariableDelay.xml
auto.tcl: Setting watchdog for 200 seconds at Fri Feb 08 03:31:51 UTC 2019
2 ms. Memory: 396288K Free: 380043K (96%)
ptolemy.util.test.WatchDog.cancel(): canceling Fri Feb 08 03:31:51 UTC 2019
auto.tcl: Setting watchdog for 200 seconds at Fri Feb 08 03:31:51 UTC 2019
2 ms. Memory: 396288K Free: 380043K (96%)
ptolemy.util.test.WatchDog.cancel(): canceling Fri Feb 08 03:31:51 UTC 2019
------------------ testing $PTII/ptolemy/domains/de/test/auto/VariableDelay2.xml
auto.tcl: Setting watchdog for 200 seconds at Fri Feb 08 03:31:51 UTC 2019
2 ms. Memory: 396288K Free: 383604K (97%)
ptolemy.util.test.WatchDog.cancel(): canceling Fri Feb 08 03:31:51 UTC 2019
auto.tcl: Setting watchdog for 200 seconds at Fri Feb 08 03:31:51 UTC 2019
2 ms. Memory: 396288K Free: 383604K (97%)
ptolemy.util.test.WatchDog.cancel(): canceling Fri Feb 08 03:31:51 UTC 2019
------------------ testing $PTII/ptolemy/domains/de/test/auto/VariableDelayZeroDelay.xml
auto.tcl: Setting watchdog for 200 seconds at Fri Feb 08 03:31:51 UTC 2019
2 ms. Memory: 398336K Free: 382502K (96%)
ptolemy.util.test.WatchDog.cancel(): canceling Fri Feb 08 03:31:51 UTC 2019
auto.tcl: Setting watchdog for 200 seconds at Fri Feb 08 03:31:51 UTC 2019
2 ms. Memory: 398336K Free: 382502K (96%)
ptolemy.util.test.WatchDog.cancel(): canceling Fri Feb 08 03:31:51 UTC 2019
------------------ testing $PTII/ptolemy/domains/de/test/auto/VariableDelayZeroDelay2.xml
auto.tcl: Setting watchdog for 200 seconds at Fri Feb 08 03:31:51 UTC 2019
2 ms. Memory: 396288K Free: 380453K (96%)
ptolemy.util.test.WatchDog.cancel(): canceling Fri Feb 08 03:31:51 UTC 2019
auto.tcl: Setting watchdog for 200 seconds at Fri Feb 08 03:31:51 UTC 2019
2 ms. Memory: 396288K Free: 380453K (96%)
ptolemy.util.test.WatchDog.cancel(): canceling Fri Feb 08 03:31:51 UTC 2019
------------------ testing $PTII/ptolemy/domains/de/test/auto/deInCt.xml
auto.tcl: Setting watchdog for 200 seconds at Fri Feb 08 03:31:51 UTC 2019
0
1
1
0
0
0
1
1
1
0
0
0
1
1
1
1
0
0
1
1
1
1
0
0
0
1
1
1
0
0
0
0
1
1
1
0
0
0
1
1
1
1
1
1
19 ms. Memory: 398336K Free: 382490K (96%)
ptolemy.util.test.WatchDog.cancel(): canceling Fri Feb 08 03:31:52 UTC 2019
auto.tcl: Setting watchdog for 200 seconds at Fri Feb 08 03:31:52 UTC 2019
0
1
1
0
0
0
1
1
1
1
1
0
0
0
1
1
1
0
0
0
1
1
1
0
0
0
0
0
0
1
1
1
1
1
5 ms. Memory: 398336K Free: 377478K (95%)
ptolemy.util.test.WatchDog.cancel(): canceling Fri Feb 08 03:31:52 UTC 2019
------------------ testing $PTII/ptolemy/domains/de/test/auto/deInCt2.xml
auto.tcl: Setting watchdog for 200 seconds at Fri Feb 08 03:31:52 UTC 2019
0
1
1
1
0
0
1
1
1
0
0
1
1
1
0
0
1
1
1
0
0
1
1
1
0
0
1
1
1
0
0
1
1
1
0
0
1
1
1
0
0
0
24 ms. Memory: 396288K Free: 380441K (96%)
ptolemy.util.test.WatchDog.cancel(): canceling Fri Feb 08 03:31:52 UTC 2019
auto.tcl: Setting watchdog for 200 seconds at Fri Feb 08 03:31:52 UTC 2019
0
1
1
1
0
0
1
1
1
0
0
1
1
1
0
0
1
1
1
0
0
1
1
1
0
0
1
1
1
0
0
1
1
1
0
0
1
1
1
0
0
0
7 ms. Memory: 396288K Free: 375414K (95%)
ptolemy.util.test.WatchDog.cancel(): canceling Fri Feb 08 03:31:52 UTC 2019
------------------ testing $PTII/ptolemy/domains/de/test/auto/dynamicCausalityInterface1.xml
auto.tcl: Setting watchdog for 200 seconds at Fri Feb 08 03:31:52 UTC 2019
3 ms. Memory: 397824K Free: 380101K (96%)
ptolemy.util.test.WatchDog.cancel(): canceling Fri Feb 08 03:31:52 UTC 2019
auto.tcl: Setting watchdog for 200 seconds at Fri Feb 08 03:31:52 UTC 2019
1 ms. Memory: 397824K Free: 380101K (96%)
ptolemy.util.test.WatchDog.cancel(): canceling Fri Feb 08 03:31:52 UTC 2019
------------------ testing $PTII/ptolemy/domains/de/test/auto/fsm_de_test.xml
auto.tcl: Setting watchdog for 200 seconds at Fri Feb 08 03:31:52 UTC 2019
6 ms. Memory: 396288K Free: 375311K (95%)
ptolemy.util.test.WatchDog.cancel(): canceling Fri Feb 08 03:31:52 UTC 2019
auto.tcl: Setting watchdog for 200 seconds at Fri Feb 08 03:31:52 UTC 2019
7 ms. Memory: 396288K Free: 375311K (95%)
ptolemy.util.test.WatchDog.cancel(): canceling Fri Feb 08 03:31:52 UTC 2019
------------------ testing $PTII/ptolemy/domains/de/test/auto/functionDependencyReconstruction.xml
auto.tcl: Setting watchdog for 200 seconds at Fri Feb 08 03:31:52 UTC 2019
4 ms. Memory: 397824K Free: 371842K (93%)
ptolemy.util.test.WatchDog.cancel(): canceling Fri Feb 08 03:31:52 UTC 2019
auto.tcl: Setting watchdog for 200 seconds at Fri Feb 08 03:31:52 UTC 2019
2 ms. Memory: 397824K Free: 366814K (92%)
ptolemy.util.test.WatchDog.cancel(): canceling Fri Feb 08 03:31:52 UTC 2019
------------------ testing $PTII/ptolemy/domains/de/test/auto/multirate.xml
auto.tcl: Setting watchdog for 200 seconds at Fri Feb 08 03:31:52 UTC 2019
3 ms. Memory: 396288K Free: 378335K (95%)
ptolemy.util.test.WatchDog.cancel(): canceling Fri Feb 08 03:31:52 UTC 2019
auto.tcl: Setting watchdog for 200 seconds at Fri Feb 08 03:31:52 UTC 2019
3 ms. Memory: 396288K Free: 378335K (95%)
ptolemy.util.test.WatchDog.cancel(): canceling Fri Feb 08 03:31:52 UTC 2019
------------------ testing $PTII/ptolemy/domains/de/test/auto/multirate2.xml
auto.tcl: Setting watchdog for 200 seconds at Fri Feb 08 03:31:52 UTC 2019
3 ms. Memory: 397312K Free: 379538K (96%)
ptolemy.util.test.WatchDog.cancel(): canceling Fri Feb 08 03:31:52 UTC 2019
auto.tcl: Setting watchdog for 200 seconds at Fri Feb 08 03:31:52 UTC 2019
3 ms. Memory: 397312K Free: 379538K (96%)
ptolemy.util.test.WatchDog.cancel(): canceling Fri Feb 08 03:31:52 UTC 2019
------------------ testing $PTII/ptolemy/domains/de/test/auto/realtime.xml
auto.tcl: Setting watchdog for 200 seconds at Fri Feb 08 03:31:52 UTC 2019
10002 ms. Memory: 396288K Free: 380383K (96%)
ptolemy.util.test.WatchDog.cancel(): canceling Fri Feb 08 03:32:02 UTC 2019
auto.tcl: Setting watchdog for 200 seconds at Fri Feb 08 03:32:02 UTC 2019
10002 ms. Memory: 396288K Free: 380383K (96%)
ptolemy.util.test.WatchDog.cancel(): canceling Fri Feb 08 03:32:12 UTC 2019
------------------ testing $PTII/ptolemy/domains/de/test/auto/relationGroup.xml
auto.tcl: Setting watchdog for 200 seconds at Fri Feb 08 03:32:12 UTC 2019
5 ms. Memory: 397312K Free: 384589K (97%)
ptolemy.util.test.WatchDog.cancel(): canceling Fri Feb 08 03:32:12 UTC 2019
auto.tcl: Setting watchdog for 200 seconds at Fri Feb 08 03:32:12 UTC 2019
2 ms. Memory: 397312K Free: 384589K (97%)
ptolemy.util.test.WatchDog.cancel(): canceling Fri Feb 08 03:32:12 UTC 2019
------------------ testing $PTII/ptolemy/domains/de/test/auto/relationGroup2.xml
auto.tcl: Setting watchdog for 200 seconds at Fri Feb 08 03:32:12 UTC 2019
2 ms. Memory: 396288K Free: 380442K (96%)
ptolemy.util.test.WatchDog.cancel(): canceling Fri Feb 08 03:32:12 UTC 2019
auto.tcl: Setting watchdog for 200 seconds at Fri Feb 08 03:32:12 UTC 2019
1 ms. Memory: 396288K Free: 380442K (96%)
ptolemy.util.test.WatchDog.cancel(): canceling Fri Feb 08 03:32:12 UTC 2019
------------------ testing $PTII/ptolemy/domains/de/test/auto/sortWithOpaquePorts.xml
auto.tcl: Setting watchdog for 200 seconds at Fri Feb 08 03:32:12 UTC 2019
1 ms. Memory: 397312K Free: 381467K (96%)
ptolemy.util.test.WatchDog.cancel(): canceling Fri Feb 08 03:32:12 UTC 2019
auto.tcl: Setting watchdog for 200 seconds at Fri Feb 08 03:32:12 UTC 2019
2 ms. Memory: 397312K Free: 381467K (96%)
ptolemy.util.test.WatchDog.cancel(): canceling Fri Feb 08 03:32:12 UTC 2019
------------------ testing $PTII/ptolemy/domains/de/test/auto/transferInputsandOutputs.xml
auto.tcl: Setting watchdog for 200 seconds at Fri Feb 08 03:32:12 UTC 2019
2 ms. Memory: 396288K Free: 375402K (95%)
ptolemy.util.test.WatchDog.cancel(): canceling Fri Feb 08 03:32:12 UTC 2019
auto.tcl: Setting watchdog for 200 seconds at Fri Feb 08 03:32:12 UTC 2019
1 ms. Memory: 396288K Free: 375402K (95%)
ptolemy.util.test.WatchDog.cancel(): canceling Fri Feb 08 03:32:12 UTC 2019
------------------ testing $PTII/ptolemy/domains/de/test/auto/triggerType.xml
auto.tcl: Setting watchdog for 200 seconds at Fri Feb 08 03:32:12 UTC 2019
2 ms. Memory: 396800K Free: 380891K (96%)
ptolemy.util.test.WatchDog.cancel(): canceling Fri Feb 08 03:32:12 UTC 2019
auto.tcl: Setting watchdog for 200 seconds at Fri Feb 08 03:32:12 UTC 2019
1 ms. Memory: 396800K Free: 380891K (96%)
ptolemy.util.test.WatchDog.cancel(): canceling Fri Feb 08 03:32:12 UTC 2019
02/08/19 03:32:12
Failed: 0  Total Tests: 192  ((Passed: 187, Newly Passed: 1)  Known Failed: 5) /home/travis/build/icyphy/ptII/ptolemy/domains/de/test
02/08/19 03:32:12
Failed: 0  Total Tests: 192  ((Passed: 187, Newly Passed: 1)  Known Failed: 5) /home/travis/build/icyphy/ptII/ptolemy/domains/de/test
----------------- testing (KnownFailure) /home/travis/build/icyphy/ptII/ptolemy/domains/de/test/auto/knownFailedTests/DESDFClockTest.xml
2007 ms. Memory: 396288K Free: 367821K (93%)
Known Failure: java.lang.reflect.InvocationTargetException
----------------- testing (KnownFailure) /home/travis/build/icyphy/ptII/ptolemy/domains/de/test/auto/knownFailedTests/DirectFeedback.xml
2 ms. Memory: 396288K Free: 342631K (86%)
Known Failure: java.lang.reflect.InvocationTargetException
----------------- testing (KnownFailure) /home/travis/build/icyphy/ptII/ptolemy/domains/de/test/auto/knownFailedTests/FSMSource.xml
3 ms. Memory: 396288K Free: 317440K (80%)
----------------- testing (KnownFailure) /home/travis/build/icyphy/ptII/ptolemy/domains/de/test/auto/knownFailedTests/HierarchicalModel.xml
4 ms. Memory: 396288K Free: 292242K (74%)
Known Failure: java.lang.reflect.InvocationTargetException
----------------- testing (KnownFailure) /home/travis/build/icyphy/ptII/ptolemy/domains/de/test/auto/knownFailedTests/dependencyLoop.xml
2 ms. Memory: 396288K Free: 254432K (64%)
Known Failure: java.lang.reflect.InvocationTargetException
----------------- testing (KnownFailure) /home/travis/build/icyphy/ptII/ptolemy/domains/de/test/auto/knownFailedTests/dependencyLoop2.xml
2 ms. Memory: 396288K Free: 216614K (55%)
Known Failure: java.lang.reflect.InvocationTargetException
No auto/linux-amd64/*.xml tests in /home/travis/build/icyphy/ptII/ptolemy/domains/de/test
AutoTests.java: About to close Vertx.
AutoTests.java: Vertx closed.

===========================================================================================
----------------- testing Fri Feb 08 03:32:15 UTC 2019 /home/travis/build/icyphy/ptII/ptolemy/domains/de/test/auto/ActorDepthCalculation_actorWithoutPorts.xml
----------------- Instantiating /home/travis/build/icyphy/ptII/ptolemy/domains/de/test/auto/ActorDepthCalculation_actorWithoutPorts.xml
1 ms. Memory: 396288K Free: 185126K (47%)
----------------- Invoking toplevel() on ptolemy.moml.MoMLSimpleApplication@44fe6473
----------------- Done invoking toplevel() on ptolemy.moml.MoMLSimpleApplication@44fe6473
reloadAllAccessors: .ActorDepthCalculation_actorWithoutPorts

===========================================================================================
----------------- testing Fri Feb 08 03:32:15 UTC 2019 /home/travis/build/icyphy/ptII/ptolemy/domains/de/test/auto/AssemblyLine.xml
----------------- Instantiating /home/travis/build/icyphy/ptII/ptolemy/domains/de/test/auto/AssemblyLine.xml
2 ms. Memory: 396288K Free: 166232K (42%)
----------------- Invoking toplevel() on ptolemy.moml.MoMLSimpleApplication@5922a0f6
----------------- Done invoking toplevel() on ptolemy.moml.MoMLSimpleApplication@5922a0f6
reloadAllAccessors: .AssemblyLine

===========================================================================================
----------------- testing Fri Feb 08 03:32:15 UTC 2019 /home/travis/build/icyphy/ptII/ptolemy/domains/de/test/auto/CQBug1.xml
----------------- Instantiating /home/travis/build/icyphy/ptII/ptolemy/domains/de/test/auto/CQBug1.xml
1 ms. Memory: 396288K Free: 153637K (39%)
----------------- Invoking toplevel() on ptolemy.moml.MoMLSimpleApplication@4a175b61
----------------- Done invoking toplevel() on ptolemy.moml.MoMLSimpleApplication@4a175b61
reloadAllAccessors: .CQBug1

===========================================================================================
----------------- testing Fri Feb 08 03:32:15 UTC 2019 /home/travis/build/icyphy/ptII/ptolemy/domains/de/test/auto/CancelFireAt.xml
----------------- Instantiating /home/travis/build/icyphy/ptII/ptolemy/domains/de/test/auto/CancelFireAt.xml
1 ms. Memory: 396288K Free: 141042K (36%)
----------------- Invoking toplevel() on ptolemy.moml.MoMLSimpleApplication@4f91cde5
----------------- Done invoking toplevel() on ptolemy.moml.MoMLSimpleApplication@4f91cde5
reloadAllAccessors: .CancelFireAt

===========================================================================================
----------------- testing Fri Feb 08 03:32:15 UTC 2019 /home/travis/build/icyphy/ptII/ptolemy/domains/de/test/auto/CausalityAndComposabilityAnalysis.xml
----------------- Instantiating /home/travis/build/icyphy/ptII/ptolemy/domains/de/test/auto/CausalityAndComposabilityAnalysis.xml
1 ms. Memory: 396288K Free: 128447K (32%)
----------------- Invoking toplevel() on ptolemy.moml.MoMLSimpleApplication@16bc04f4
----------------- Done invoking toplevel() on ptolemy.moml.MoMLSimpleApplication@16bc04f4
reloadAllAccessors: .CausalityAndComposabilityAnalysis

===========================================================================================
----------------- testing Fri Feb 08 03:32:15 UTC 2019 /home/travis/build/icyphy/ptII/ptolemy/domains/de/test/auto/CausalityInterface1.xml
----------------- Instantiating /home/travis/build/icyphy/ptII/ptolemy/domains/de/test/auto/CausalityInterface1.xml
3 ms. Memory: 396288K Free: 115851K (29%)
----------------- Invoking toplevel() on ptolemy.moml.MoMLSimpleApplication@11150b12
----------------- Done invoking toplevel() on ptolemy.moml.MoMLSimpleApplication@11150b12
reloadAllAccessors: .CausalityInterface1

===========================================================================================
----------------- testing Fri Feb 08 03:32:15 UTC 2019 /home/travis/build/icyphy/ptII/ptolemy/domains/de/test/auto/CausalityInterface15.xml
----------------- Instantiating /home/travis/build/icyphy/ptII/ptolemy/domains/de/test/auto/CausalityInterface15.xml
1 ms. Memory: 396288K Free: 103256K (26%)
----------------- Invoking toplevel() on ptolemy.moml.MoMLSimpleApplication@2ebb5751
----------------- Done invoking toplevel() on ptolemy.moml.MoMLSimpleApplication@2ebb5751
reloadAllAccessors: .CausalityInterface15

[...]
java.lang.RuntimeException: Execution failed
	at ptolemy.moml.MoMLSimpleApplication$UnloadThread.run(MoMLSimpleApplication.java:402)
Caused by: ptolemy.kernel.util.IllegalActionException: Test fails in iteration 1.
Value was: 1.0. Should have been: 2.0
  in .DirectFeedback.Test
	at ptolemy.actor.lib.Test.fire(Test.java:268)
	at ptolemy.domains.de.kernel.DEDirector._fire(DEDirector.java:1949)
	at ptolemy.domains.de.kernel.DEDirector.fire(DEDirector.java:502)
	at ptolemy.actor.CompositeActor.fire(CompositeActor.java:455)
	at ptolemy.actor.Manager.iterate(Manager.java:851)
	at ptolemy.actor.Manager.execute(Manager.java:369)
	at ptolemy.actor.Manager.run(Manager.java:1263)
	at ptolemy.actor.Manager$PtolemyRunThread.run(Manager.java:1915)
java.lang.RuntimeException: Execution failed
	at ptolemy.moml.MoMLSimpleApplication$UnloadThread.run(MoMLSimpleApplication.java:402)
Caused by: ptolemy.kernel.util.IllegalActionException: Actor is not ready to fire.  Perhaps UpSample.prefire() returned false? Try debugging the actor by selecting "Listen to Actor".  Also, for SDF check moml for tokenConsumptionRate on input.
  in .DESDFClockTest.Play Bell.Copy1:SDF Director and .DESDFClockTest.Play Bell.UpSample
	at ptolemy.actor.sched.StaticSchedulingDirector.fire(StaticSchedulingDirector.java:227)
	at ptolemy.domains.sdf.kernel.SDFDirector.fire(SDFDirector.java:500)
	at ptolemy.actor.CompositeActor.fire(CompositeActor.java:455)
	at ptolemy.domains.de.kernel.DEDirector._fire(DEDirector.java:1949)
	at ptolemy.domains.de.kernel.DEDirector.fire(DEDirector.java:502)
	at ptolemy.actor.CompositeActor.fire(CompositeActor.java:455)
	at ptolemy.actor.Manager.iterate(Manager.java:851)
	at ptolemy.actor.Manager.execute(Manager.java:369)
	at ptolemy.actor.Manager.run(Manager.java:1263)
	at ptolemy.actor.Manager$PtolemyRunThread.run(Manager.java:1915)
java.lang.reflect.InvocationTargetException
	at sun.reflect.NativeConstructorAccessorImpl.newInstance0(Native Method)
	at sun.reflect.NativeConstructorAccessorImpl.newInstance(NativeConstructorAccessorImpl.java:62)
	at sun.reflect.DelegatingConstructorAccessorImpl.newInstance(DelegatingConstructorAccessorImpl.java:45)
	at java.lang.reflect.Constructor.newInstance(Constructor.java:423)
	at ptolemy.util.test.junit.AutoKnownFailedTests.RunModel(AutoKnownFailedTests.java:105)
	at sun.reflect.NativeMethodAccessorImpl.invoke0(Native Method)
	at sun.reflect.NativeMethodAccessorImpl.invoke(NativeMethodAccessorImpl.java:62)
	at sun.reflect.DelegatingMethodAccessorImpl.invoke(DelegatingMethodAccessorImpl.java:43)
	at java.lang.reflect.Method.invoke(Method.java:498)
	at org.junit.runners.model.FrameworkMethod$1.runReflectiveCall(FrameworkMethod.java:44)
	at org.junit.internal.runners.model.ReflectiveCallable.run(ReflectiveCallable.java:15)
	at org.junit.runners.model.FrameworkMethod.invokeExplosively(FrameworkMethod.java:41)
	at junitparams.internal.InvokeParameterisedMethod.evaluate(InvokeParameterisedMethod.java:102)
	at org.junit.internal.runners.statements.FailOnTimeout$1.run(FailOnTimeout.java:28)
Caused by: ptolemy.kernel.util.IllegalActionException: Actor is not ready to fire.  Perhaps UpSample.prefire() returned false? Try debugging the actor by selecting "Listen to Actor".  Also, for SDF check moml for tokenConsumptionRate on input.
  in .DESDFClockTest.Play Bell.Copy1:SDF Director and .DESDFClockTest.Play Bell.UpSample
	at ptolemy.actor.sched.StaticSchedulingDirector.fire(StaticSchedulingDirector.java:227)
	at ptolemy.domains.sdf.kernel.SDFDirector.fire(SDFDirector.java:500)
	at ptolemy.actor.CompositeActor.fire(CompositeActor.java:455)
	at ptolemy.domains.de.kernel.DEDirector._fire(DEDirector.java:1949)
	at ptolemy.domains.de.kernel.DEDirector.fire(DEDirector.java:502)
	at ptolemy.actor.CompositeActor.fire(CompositeActor.java:455)
	at ptolemy.actor.Manager.iterate(Manager.java:851)
	at ptolemy.actor.Manager.execute(Manager.java:369)
	at ptolemy.actor.Manager.run(Manager.java:1263)
	at ptolemy.actor.Manager$PtolemyRunThread.run(Manager.java:1915)
java.lang.RuntimeException: Execution failed
	at ptolemy.moml.MoMLSimpleApplication$UnloadThread.run(MoMLSimpleApplication.java:402)
Caused by: ptolemy.kernel.util.IllegalActionException: Test fails in iteration 1.
Value was: 1.0. Should have been: 2.0
  in .DirectFeedback.Test
	at ptolemy.actor.lib.Test.fire(Test.java:268)
	at ptolemy.domains.de.kernel.DEDirector._fire(DEDirector.java:1949)
	at ptolemy.domains.de.kernel.DEDirector.fire(DEDirector.java:502)
	at ptolemy.actor.CompositeActor.fire(CompositeActor.java:455)
	at ptolemy.actor.Manager.iterate(Manager.java:851)
	at ptolemy.actor.Manager.execute(Manager.java:369)
	at ptolemy.actor.Manager.run(Manager.java:1263)
	at ptolemy.actor.Manager$PtolemyRunThread.run(Manager.java:1915)
java.lang.reflect.InvocationTargetException
	at sun.reflect.NativeConstructorAccessorImpl.newInstance0(Native Method)
	at sun.reflect.NativeConstructorAccessorImpl.newInstance(NativeConstructorAccessorImpl.java:62)
	at sun.reflect.DelegatingConstructorAccessorImpl.newInstance(DelegatingConstructorAccessorImpl.java:45)
	at java.lang.reflect.Constructor.newInstance(Constructor.java:423)
	at ptolemy.util.test.junit.AutoKnownFailedTests.RunModel(AutoKnownFailedTests.java:105)
	at sun.reflect.NativeMethodAccessorImpl.invoke0(Native Method)
	at sun.reflect.NativeMethodAccessorImpl.invoke(NativeMethodAccessorImpl.java:62)
	at sun.reflect.DelegatingMethodAccessorImpl.invoke(DelegatingMethodAccessorImpl.java:43)
	at java.lang.reflect.Method.invoke(Method.java:498)
	at org.junit.runners.model.FrameworkMethod$1.runReflectiveCall(FrameworkMethod.java:44)
	at org.junit.internal.runners.model.ReflectiveCallable.run(ReflectiveCallable.java:15)
	at org.junit.runners.model.FrameworkMethod.invokeExplosively(FrameworkMethod.java:41)
	at junitparams.internal.InvokeParameterisedMethod.evaluate(InvokeParameterisedMethod.java:102)
	at org.junit.internal.runners.statements.FailOnTimeout$1.run(FailOnTimeout.java:28)
Caused by: ptolemy.kernel.util.IllegalActionException: Test fails in iteration 1.
Value was: 1.0. Should have been: 2.0
  in .DirectFeedback.Test
	at ptolemy.actor.lib.Test.fire(Test.java:268)
	at ptolemy.domains.de.kernel.DEDirector._fire(DEDirector.java:1949)
	at ptolemy.domains.de.kernel.DEDirector.fire(DEDirector.java:502)
	at ptolemy.actor.CompositeActor.fire(CompositeActor.java:455)
	at ptolemy.actor.Manager.iterate(Manager.java:851)
	at ptolemy.actor.Manager.execute(Manager.java:369)
	at ptolemy.actor.Manager.run(Manager.java:1263)
	at ptolemy.actor.Manager$PtolemyRunThread.run(Manager.java:1915)
java.lang.RuntimeException: Execution failed
	at ptolemy.moml.MoMLSimpleApplication$UnloadThread.run(MoMLSimpleApplication.java:402)
Caused by: ptolemy.kernel.util.IllegalActionException: Found a zero delay loop containing .HierarchicalModel.A
  in .HierarchicalModel and .HierarchicalModel.A
	at ptolemy.actor.util.CausalityInterfaceForComposites._computeOutputPortDepth(CausalityInterfaceForComposites.java:759)
	at ptolemy.actor.util.CausalityInterfaceForComposites._computeInputDepth(CausalityInterfaceForComposites.java:696)
	at ptolemy.actor.util.CausalityInterfaceForComposites._computeOutputPortDepth(CausalityInterfaceForComposites.java:765)
	at ptolemy.actor.util.CausalityInterfaceForComposites._computeInputDepth(CausalityInterfaceForComposites.java:696)
	at ptolemy.actor.util.CausalityInterfaceForComposites._computeOutputPortDepth(CausalityInterfaceForComposites.java:765)
	at ptolemy.actor.util.CausalityInterfaceForComposites._computeInputDepth(CausalityInterfaceForComposites.java:696)
	at ptolemy.actor.util.CausalityInterfaceForComposites._computeActorDepth(CausalityInterfaceForComposites.java:532)
	at ptolemy.actor.util.CausalityInterfaceForComposites.checkForCycles(CausalityInterfaceForComposites.java:96)
	at ptolemy.domains.de.kernel.DEDirector.preinitialize(DEDirector.java:1338)
	at ptolemy.actor.CompositeActor.preinitialize(CompositeActor.java:1828)
	at ptolemy.actor.Manager.preinitializeAndResolveTypes(Manager.java:1040)
	at ptolemy.actor.Manager.initialize(Manager.java:710)
	at ptolemy.actor.Manager.execute(Manager.java:356)
	at ptolemy.actor.Manager.run(Manager.java:1263)
	at ptolemy.actor.Manager$PtolemyRunThread.run(Manager.java:1915)
java.lang.reflect.InvocationTargetException
	at sun.reflect.NativeConstructorAccessorImpl.newInstance0(Native Method)
	at sun.reflect.NativeConstructorAccessorImpl.newInstance(NativeConstructorAccessorImpl.java:62)
	at sun.reflect.DelegatingConstructorAccessorImpl.newInstance(DelegatingConstructorAccessorImpl.java:45)
	at java.lang.reflect.Constructor.newInstance(Constructor.java:423)
	at ptolemy.util.test.junit.AutoKnownFailedTests.RunModel(AutoKnownFailedTests.java:105)
	at sun.reflect.NativeMethodAccessorImpl.invoke0(Native Method)
	at sun.reflect.NativeMethodAccessorImpl.invoke(NativeMethodAccessorImpl.java:62)
	at sun.reflect.DelegatingMethodAccessorImpl.invoke(DelegatingMethodAccessorImpl.java:43)
	at java.lang.reflect.Method.invoke(Method.java:498)
	at org.junit.runners.model.FrameworkMethod$1.runReflectiveCall(FrameworkMethod.java:44)
	at org.junit.internal.runners.model.ReflectiveCallable.run(ReflectiveCallable.java:15)
	at org.junit.runners.model.FrameworkMethod.invokeExplosively(FrameworkMethod.java:41)
	at junitparams.internal.InvokeParameterisedMethod.evaluate(InvokeParameterisedMethod.java:102)
	at org.junit.internal.runners.statements.FailOnTimeout$1.run(FailOnTimeout.java:28)
Caused by: ptolemy.kernel.util.IllegalActionException: Found a zero delay loop containing .HierarchicalModel.A
  in .HierarchicalModel and .HierarchicalModel.A
	at ptolemy.actor.util.CausalityInterfaceForComposites._computeOutputPortDepth(CausalityInterfaceForComposites.java:759)
	at ptolemy.actor.util.CausalityInterfaceForComposites._computeInputDepth(CausalityInterfaceForComposites.java:696)
	at ptolemy.actor.util.CausalityInterfaceForComposites._computeOutputPortDepth(CausalityInterfaceForComposites.java:765)
	at ptolemy.actor.util.CausalityInterfaceForComposites._computeInputDepth(CausalityInterfaceForComposites.java:696)
	at ptolemy.actor.util.CausalityInterfaceForComposites._computeOutputPortDepth(CausalityInterfaceForComposites.java:765)
	at ptolemy.actor.util.CausalityInterfaceForComposites._computeInputDepth(CausalityInterfaceForComposites.java:696)
	at ptolemy.actor.util.CausalityInterfaceForComposites._computeActorDepth(CausalityInterfaceForComposites.java:532)
	at ptolemy.actor.util.CausalityInterfaceForComposites.checkForCycles(CausalityInterfaceForComposites.java:96)
	at ptolemy.domains.de.kernel.DEDirector.preinitialize(DEDirector.java:1338)
	at ptolemy.actor.CompositeActor.preinitialize(CompositeActor.java:1828)
	at ptolemy.actor.Manager.preinitializeAndResolveTypes(Manager.java:1040)
	at ptolemy.actor.Manager.initialize(Manager.java:710)
	at ptolemy.actor.Manager.execute(Manager.java:356)
	at ptolemy.actor.Manager.run(Manager.java:1263)
	at ptolemy.actor.Manager$PtolemyRunThread.run(Manager.java:1915)
java.lang.RuntimeException: Execution failed
	at ptolemy.moml.MoMLSimpleApplication$UnloadThread.run(MoMLSimpleApplication.java:402)
Caused by: ptolemy.kernel.util.IllegalActionException: Found a zero delay loop containing .dependencyLoop.original
  in .dependencyLoop and .dependencyLoop.original
	at ptolemy.actor.util.CausalityInterfaceForComposites._computeOutputPortDepth(CausalityInterfaceForComposites.java:759)
	at ptolemy.actor.util.CausalityInterfaceForComposites._computeInputDepth(CausalityInterfaceForComposites.java:696)
	at ptolemy.actor.util.CausalityInterfaceForComposites._computeOutputPortDepth(CausalityInterfaceForComposites.java:765)
	at ptolemy.actor.util.CausalityInterfaceForComposites._computeInputDepth(CausalityInterfaceForComposites.java:696)
	at ptolemy.actor.util.CausalityInterfaceForComposites._computeOutputPortDepth(CausalityInterfaceForComposites.java:765)
	at ptolemy.actor.util.CausalityInterfaceForComposites._computeInputDepth(CausalityInterfaceForComposites.java:696)
	at ptolemy.actor.util.CausalityInterfaceForComposites._computeActorDepth(CausalityInterfaceForComposites.java:532)
	at ptolemy.actor.util.CausalityInterfaceForComposites.checkForCycles(CausalityInterfaceForComposites.java:96)
	at ptolemy.domains.de.kernel.DEDirector.preinitialize(DEDirector.java:1338)
	at ptolemy.actor.CompositeActor.preinitialize(CompositeActor.java:1828)
	at ptolemy.actor.Manager.preinitializeAndResolveTypes(Manager.java:1040)
	at ptolemy.actor.Manager.initialize(Manager.java:710)
	at ptolemy.actor.Manager.execute(Manager.java:356)
	at ptolemy.actor.Manager.run(Manager.java:1263)
	at ptolemy.actor.Manager$PtolemyRunThread.run(Manager.java:1915)
java.lang.reflect.InvocationTargetException
	at sun.reflect.NativeConstructorAccessorImpl.newInstance0(Native Method)
	at sun.reflect.NativeConstructorAccessorImpl.newInstance(NativeConstructorAccessorImpl.java:62)
	at sun.reflect.DelegatingConstructorAccessorImpl.newInstance(DelegatingConstructorAccessorImpl.java:45)
	at java.lang.reflect.Constructor.newInstance(Constructor.java:423)
	at ptolemy.util.test.junit.AutoKnownFailedTests.RunModel(AutoKnownFailedTests.java:105)
	at sun.reflect.NativeMethodAccessorImpl.invoke0(Native Method)
	at sun.reflect.NativeMethodAccessorImpl.invoke(NativeMethodAccessorImpl.java:62)
	at sun.reflect.DelegatingMethodAccessorImpl.invoke(DelegatingMethodAccessorImpl.java:43)
	at java.lang.reflect.Method.invoke(Method.java:498)
	at org.junit.runners.model.FrameworkMethod$1.runReflectiveCall(FrameworkMethod.java:44)
	at org.junit.internal.runners.model.ReflectiveCallable.run(ReflectiveCallable.java:15)
	at org.junit.runners.model.FrameworkMethod.invokeExplosively(FrameworkMethod.java:41)
	at junitparams.internal.InvokeParameterisedMethod.evaluate(InvokeParameterisedMethod.java:102)
	at org.junit.internal.runners.statements.FailOnTimeout$1.run(FailOnTimeout.java:28)
Caused by: ptolemy.kernel.util.IllegalActionException: Found a zero delay loop containing .dependencyLoop.original
  in .dependencyLoop and .dependencyLoop.original
	at ptolemy.actor.util.CausalityInterfaceForComposites._computeOutputPortDepth(CausalityInterfaceForComposites.java:759)
	at ptolemy.actor.util.CausalityInterfaceForComposites._computeInputDepth(CausalityInterfaceForComposites.java:696)
	at ptolemy.actor.util.CausalityInterfaceForComposites._computeOutputPortDepth(CausalityInterfaceForComposites.java:765)
	at ptolemy.actor.util.CausalityInterfaceForComposites._computeInputDepth(CausalityInterfaceForComposites.java:696)
	at ptolemy.actor.util.CausalityInterfaceForComposites._computeOutputPortDepth(CausalityInterfaceForComposites.java:765)
	at ptolemy.actor.util.CausalityInterfaceForComposites._computeInputDepth(CausalityInterfaceForComposites.java:696)
	at ptolemy.actor.util.CausalityInterfaceForComposites._computeActorDepth(CausalityInterfaceForComposites.java:532)
	at ptolemy.actor.util.CausalityInterfaceForComposites.checkForCycles(CausalityInterfaceForComposites.java:96)
	at ptolemy.domains.de.kernel.DEDirector.preinitialize(DEDirector.java:1338)
	at ptolemy.actor.CompositeActor.preinitialize(CompositeActor.java:1828)
	at ptolemy.actor.Manager.preinitializeAndResolveTypes(Manager.java:1040)
	at ptolemy.actor.Manager.initialize(Manager.java:710)
	at ptolemy.actor.Manager.execute(Manager.java:356)
	at ptolemy.actor.Manager.run(Manager.java:1263)
	at ptolemy.actor.Manager$PtolemyRunThread.run(Manager.java:1915)
java.lang.RuntimeException: Execution failed
	at ptolemy.moml.MoMLSimpleApplication$UnloadThread.run(MoMLSimpleApplication.java:402)
Caused by: ptolemy.kernel.util.IllegalActionException: Found a zero delay loop containing .dependencyLoop2.original
  in .dependencyLoop2 and .dependencyLoop2.original
	at ptolemy.actor.util.CausalityInterfaceForComposites._computeOutputPortDepth(CausalityInterfaceForComposites.java:759)
	at ptolemy.actor.util.CausalityInterfaceForComposites._computeInputDepth(CausalityInterfaceForComposites.java:696)
	at ptolemy.actor.util.CausalityInterfaceForComposites._computeOutputPortDepth(CausalityInterfaceForComposites.java:765)
	at ptolemy.actor.util.CausalityInterfaceForComposites._computeInputDepth(CausalityInterfaceForComposites.java:696)
	at ptolemy.actor.util.CausalityInterfaceForComposites._computeOutputPortDepth(CausalityInterfaceForComposites.java:765)
	at ptolemy.actor.util.CausalityInterfaceForComposites._computeInputDepth(CausalityInterfaceForComposites.java:696)
	at ptolemy.actor.util.CausalityInterfaceForComposites._computeActorDepth(CausalityInterfaceForComposites.java:532)
	at ptolemy.actor.util.CausalityInterfaceForComposites.checkForCycles(CausalityInterfaceForComposites.java:96)
	at ptolemy.domains.de.kernel.DEDirector.preinitialize(DEDirector.java:1338)
	at ptolemy.actor.CompositeActor.preinitialize(CompositeActor.java:1828)
	at ptolemy.actor.Manager.preinitializeAndResolveTypes(Manager.java:1040)
	at ptolemy.actor.Manager.initialize(Manager.java:710)
	at ptolemy.actor.Manager.execute(Manager.java:356)
	at ptolemy.actor.Manager.run(Manager.java:1263)
	at ptolemy.actor.Manager$PtolemyRunThread.run(Manager.java:1915)
java.lang.reflect.InvocationTargetException
	at sun.reflect.NativeConstructorAccessorImpl.newInstance0(Native Method)
	at sun.reflect.NativeConstructorAccessorImpl.newInstance(NativeConstructorAccessorImpl.java:62)
	at sun.reflect.DelegatingConstructorAccessorImpl.newInstance(DelegatingConstructorAccessorImpl.java:45)
	at java.lang.reflect.Constructor.newInstance(Constructor.java:423)
	at ptolemy.util.test.junit.AutoKnownFailedTests.RunModel(AutoKnownFailedTests.java:105)
	at sun.reflect.NativeMethodAccessorImpl.invoke0(Native Method)
	at sun.reflect.NativeMethodAccessorImpl.invoke(NativeMethodAccessorImpl.java:62)
	at sun.reflect.DelegatingMethodAccessorImpl.invoke(DelegatingMethodAccessorImpl.java:43)
	at java.lang.reflect.Method.invoke(Method.java:498)
	at org.junit.runners.model.FrameworkMethod$1.runReflectiveCall(FrameworkMethod.java:44)
	at org.junit.internal.runners.model.ReflectiveCallable.run(ReflectiveCallable.java:15)
	at org.junit.runners.model.FrameworkMethod.invokeExplosively(FrameworkMethod.java:41)
	at junitparams.internal.InvokeParameterisedMethod.evaluate(InvokeParameterisedMethod.java:102)
	at org.junit.internal.runners.statements.FailOnTimeout$1.run(FailOnTimeout.java:28)
Caused by: ptolemy.kernel.util.IllegalActionException: Found a zero delay loop containing .dependencyLoop2.original
  in .dependencyLoop2 and .dependencyLoop2.original
	at ptolemy.actor.util.CausalityInterfaceForComposites._computeOutputPortDepth(CausalityInterfaceForComposites.java:759)
	at ptolemy.actor.util.CausalityInterfaceForComposites._computeInputDepth(CausalityInterfaceForComposites.java:696)
	at ptolemy.actor.util.CausalityInterfaceForComposites._computeOutputPortDepth(CausalityInterfaceForComposites.java:765)
	at ptolemy.actor.util.CausalityInterfaceForComposites._computeInputDepth(CausalityInterfaceForComposites.java:696)
	at ptolemy.actor.util.CausalityInterfaceForComposites._computeOutputPortDepth(CausalityInterfaceForComposites.java:765)
	at ptolemy.actor.util.CausalityInterfaceForComposites._computeInputDepth(CausalityInterfaceForComposites.java:696)
	at ptolemy.actor.util.CausalityInterfaceForComposites._computeActorDepth(CausalityInterfaceForComposites.java:532)
	at ptolemy.actor.util.CausalityInterfaceForComposites.checkForCycles(CausalityInterfaceForComposites.java:96)
	at ptolemy.domains.de.kernel.DEDirector.preinitialize(DEDirector.java:1338)
	at ptolemy.actor.CompositeActor.preinitialize(CompositeActor.java:1828)
	at ptolemy.actor.Manager.preinitializeAndResolveTypes(Manager.java:1040)
	at ptolemy.actor.Manager.initialize(Manager.java:710)
	at ptolemy.actor.Manager.execute(Manager.java:356)
	at ptolemy.actor.Manager.run(Manager.java:1263)
	at ptolemy.actor.Manager$PtolemyRunThread.run(Manager.java:1915)
]]></system-err>
</testsuite>
