<?xml version="1.0" encoding="UTF-8" ?>
<testsuite errors="0" failures="0" hostname="travis-job-97fcb1bf-92d7-495b-b5d3-5f92e52ad79d" name="ptolemy.domains.modal.test.junit.JUnitTclTest" skipped="0" tests="148" time="11.244" timestamp="2020-09-30T16:25:56">
  <properties>
[...]
</properties>
  <testcase classname="ptolemy.util.test.junit.TclTests" name="[0] /home/travis/build/icyphy/ptII/ptolemy/domains/modal/test/SystemLevelType.tcl (RunTclFile)" time="2.147" />
  <testcase classname="ptolemy.util.test.junit.AutoKnownFailedTests" name="[0] /home/travis/build/icyphy/ptII/ptolemy/domains/modal/test/auto/knownFailedTests/CannotAnalysisWithPreemption.xml (RunModel)" time="0.306" />
  <testcase classname="ptolemy.util.test.junit.AutoNameArchTests" name="[0] ThereAreNoAutoArchTests (RunModel)" time="0.004" />
  <testcase classname="ptolemy.util.test.junit.AutoTests" name="[0] /home/travis/build/icyphy/ptII/ptolemy/domains/modal/test/auto/ABPTest.xml (RunModel)" time="0.873" />
  <testcase classname="ptolemy.util.test.junit.AutoTests" name="[1] /home/travis/build/icyphy/ptII/ptolemy/domains/modal/test/auto/ABROFlat.xml (RunModel)" time="0.092" />
  <testcase classname="ptolemy.util.test.junit.AutoTests" name="[2] /home/travis/build/icyphy/ptII/ptolemy/domains/modal/test/auto/ABROFlat2.xml (RunModel)" time="0.075" />
  <testcase classname="ptolemy.util.test.junit.AutoTests" name="[3] /home/travis/build/icyphy/ptII/ptolemy/domains/modal/test/auto/ABRO_present_hmm.xml (RunModel)" time="0.158" />
  <testcase classname="ptolemy.util.test.junit.AutoTests" name="[4] /home/travis/build/icyphy/ptII/ptolemy/domains/modal/test/auto/AMICoderExample.xml (RunModel)" time="0.099" />
  <testcase classname="ptolemy.util.test.junit.AutoTests" name="[5] /home/travis/build/icyphy/ptII/ptolemy/domains/modal/test/auto/AbsentToPresent.xml (RunModel)" time="0.027" />
  <testcase classname="ptolemy.util.test.junit.AutoTests" name="[6] /home/travis/build/icyphy/ptII/ptolemy/domains/modal/test/auto/Blending.xml (RunModel)" time="0.307" />
  <testcase classname="ptolemy.util.test.junit.AutoTests" name="[7] /home/travis/build/icyphy/ptII/ptolemy/domains/modal/test/auto/Broadcast.xml (RunModel)" time="0.041" />
  <testcase classname="ptolemy.util.test.junit.AutoTests" name="[8] /home/travis/build/icyphy/ptII/ptolemy/domains/modal/test/auto/BroadcastHierarchy.xml (RunModel)" time="0.064" />
  <testcase classname="ptolemy.util.test.junit.AutoTests" name="[9] /home/travis/build/icyphy/ptII/ptolemy/domains/modal/test/auto/BroadcastHierarchy2.xml (RunModel)" time="0.119" />
  <testcase classname="ptolemy.util.test.junit.AutoTests" name="[10] /home/travis/build/icyphy/ptII/ptolemy/domains/modal/test/auto/BroadcastHierarchy3.xml (RunModel)" time="0.099" />
  <testcase classname="ptolemy.util.test.junit.AutoTests" name="[11] /home/travis/build/icyphy/ptII/ptolemy/domains/modal/test/auto/BroadcastHierarchy4.xml (RunModel)" time="0.1" />
  <testcase classname="ptolemy.util.test.junit.AutoTests" name="[12] /home/travis/build/icyphy/ptII/ptolemy/domains/modal/test/auto/CannotAnalysisWithPreemption2.xml (RunModel)" time="0.038" />
  <testcase classname="ptolemy.util.test.junit.AutoTests" name="[13] /home/travis/build/icyphy/ptII/ptolemy/domains/modal/test/auto/CannotAnalysisWithPreemption3.xml (RunModel)" time="0.048" />
  <testcase classname="ptolemy.util.test.junit.AutoTests" name="[14] /home/travis/build/icyphy/ptII/ptolemy/domains/modal/test/auto/CannotProduce.xml (RunModel)" time="0.036" />
  <testcase classname="ptolemy.util.test.junit.AutoTests" name="[15] /home/travis/build/icyphy/ptII/ptolemy/domains/modal/test/auto/CannotProduceModal.xml (RunModel)" time="0.059" />
  <testcase classname="ptolemy.util.test.junit.AutoTests" name="[16] /home/travis/build/icyphy/ptII/ptolemy/domains/modal/test/auto/Case.xml (RunModel)" time="0.086" />
  <testcase classname="ptolemy.util.test.junit.AutoTests" name="[17] /home/travis/build/icyphy/ptII/ptolemy/domains/modal/test/auto/Case1.xml (RunModel)" time="0.038" />
  <testcase classname="ptolemy.util.test.junit.AutoTests" name="[18] /home/travis/build/icyphy/ptII/ptolemy/domains/modal/test/auto/Case2.xml (RunModel)" time="0.053" />
  <testcase classname="ptolemy.util.test.junit.AutoTests" name="[19] /home/travis/build/icyphy/ptII/ptolemy/domains/modal/test/auto/CausalityInterface1.xml (RunModel)" time="0.036" />
  <testcase classname="ptolemy.util.test.junit.AutoTests" name="[20] /home/travis/build/icyphy/ptII/ptolemy/domains/modal/test/auto/CausalityInterface10.xml (RunModel)" time="0.055" />
  <testcase classname="ptolemy.util.test.junit.AutoTests" name="[21] /home/travis/build/icyphy/ptII/ptolemy/domains/modal/test/auto/CausalityInterface11.xml (RunModel)" time="0.059" />
  <testcase classname="ptolemy.util.test.junit.AutoTests" name="[22] /home/travis/build/icyphy/ptII/ptolemy/domains/modal/test/auto/CausalityInterface12.xml (RunModel)" time="0.057" />
  <testcase classname="ptolemy.util.test.junit.AutoTests" name="[23] /home/travis/build/icyphy/ptII/ptolemy/domains/modal/test/auto/CausalityInterface13.xml (RunModel)" time="0.067" />
  <testcase classname="ptolemy.util.test.junit.AutoTests" name="[24] /home/travis/build/icyphy/ptII/ptolemy/domains/modal/test/auto/CausalityInterface14.xml (RunModel)" time="0.056" />
  <testcase classname="ptolemy.util.test.junit.AutoTests" name="[25] /home/travis/build/icyphy/ptII/ptolemy/domains/modal/test/auto/CausalityInterface2.xml (RunModel)" time="0.054" />
  <testcase classname="ptolemy.util.test.junit.AutoTests" name="[26] /home/travis/build/icyphy/ptII/ptolemy/domains/modal/test/auto/CausalityInterface3.xml (RunModel)" time="0.032" />
  <testcase classname="ptolemy.util.test.junit.AutoTests" name="[27] /home/travis/build/icyphy/ptII/ptolemy/domains/modal/test/auto/CausalityInterface4.xml (RunModel)" time="0.029" />
  <testcase classname="ptolemy.util.test.junit.AutoTests" name="[28] /home/travis/build/icyphy/ptII/ptolemy/domains/modal/test/auto/CausalityInterface5.xml (RunModel)" time="0.039" />
  <testcase classname="ptolemy.util.test.junit.AutoTests" name="[29] /home/travis/build/icyphy/ptII/ptolemy/domains/modal/test/auto/CausalityInterface6.xml (RunModel)" time="0.032" />
  <testcase classname="ptolemy.util.test.junit.AutoTests" name="[30] /home/travis/build/icyphy/ptII/ptolemy/domains/modal/test/auto/CausalityInterface7.xml (RunModel)" time="0.04" />
  <testcase classname="ptolemy.util.test.junit.AutoTests" name="[31] /home/travis/build/icyphy/ptII/ptolemy/domains/modal/test/auto/CausalityInterface8.xml (RunModel)" time="0.032" />
  <testcase classname="ptolemy.util.test.junit.AutoTests" name="[32] /home/travis/build/icyphy/ptII/ptolemy/domains/modal/test/auto/CausalityInterface9.xml (RunModel)" time="0.03" />
  <testcase classname="ptolemy.util.test.junit.AutoTests" name="[33] /home/travis/build/icyphy/ptII/ptolemy/domains/modal/test/auto/ChainedTransitions.xml (RunModel)" time="0.148" />
  <testcase classname="ptolemy.util.test.junit.AutoTests" name="[34] /home/travis/build/icyphy/ptII/ptolemy/domains/modal/test/auto/CycleOfImmediateTransitionsFSM.xml (RunModel)" time="0.021" />
  <testcase classname="ptolemy.util.test.junit.AutoTests" name="[35] /home/travis/build/icyphy/ptII/ptolemy/domains/modal/test/auto/CycleOfImmediateTransitionsModal.xml (RunModel)" time="0.029" />
  <testcase classname="ptolemy.util.test.junit.AutoTests" name="[36] /home/travis/build/icyphy/ptII/ptolemy/domains/modal/test/auto/CycleOfImmediateTransitionsModal2.xml (RunModel)" time="0.032" />
  <testcase classname="ptolemy.util.test.junit.AutoTests" name="[37] /home/travis/build/icyphy/ptII/ptolemy/domains/modal/test/auto/CycleOfImmediateTransitionsModal3.xml (RunModel)" time="0.072" />
  <testcase classname="ptolemy.util.test.junit.AutoTests" name="[38] /home/travis/build/icyphy/ptII/ptolemy/domains/modal/test/auto/DeepModal1.xml (RunModel)" time="0.047" />
  <testcase classname="ptolemy.util.test.junit.AutoTests" name="[39] /home/travis/build/icyphy/ptII/ptolemy/domains/modal/test/auto/DeepModal2.xml (RunModel)" time="0.063" />
  <testcase classname="ptolemy.util.test.junit.AutoTests" name="[40] /home/travis/build/icyphy/ptII/ptolemy/domains/modal/test/auto/DeepModal3.xml (RunModel)" time="0.072" />
  <testcase classname="ptolemy.util.test.junit.AutoTests" name="[41] /home/travis/build/icyphy/ptII/ptolemy/domains/modal/test/auto/DeepModal4.xml (RunModel)" time="0.053" />
  <testcase classname="ptolemy.util.test.junit.AutoTests" name="[42] /home/travis/build/icyphy/ptII/ptolemy/domains/modal/test/auto/Default1.xml (RunModel)" time="0.016" />
  <testcase classname="ptolemy.util.test.junit.AutoTests" name="[43] /home/travis/build/icyphy/ptII/ptolemy/domains/modal/test/auto/Default2.xml (RunModel)" time="0.023" />
  <testcase classname="ptolemy.util.test.junit.AutoTests" name="[44] /home/travis/build/icyphy/ptII/ptolemy/domains/modal/test/auto/Default3.xml (RunModel)" time="0.019" />
  <testcase classname="ptolemy.util.test.junit.AutoTests" name="[45] /home/travis/build/icyphy/ptII/ptolemy/domains/modal/test/auto/Default4.xml (RunModel)" time="0.015" />
  <testcase classname="ptolemy.util.test.junit.AutoTests" name="[46] /home/travis/build/icyphy/ptII/ptolemy/domains/modal/test/auto/Default5.xml (RunModel)" time="0.033" />
  <testcase classname="ptolemy.util.test.junit.AutoTests" name="[47] /home/travis/build/icyphy/ptII/ptolemy/domains/modal/test/auto/EmptyGuard.xml (RunModel)" time="0.037" />
  <testcase classname="ptolemy.util.test.junit.AutoTests" name="[48] /home/travis/build/icyphy/ptII/ptolemy/domains/modal/test/auto/ErrorTransition1.xml (RunModel)" time="0.035" />
  <testcase classname="ptolemy.util.test.junit.AutoTests" name="[49] /home/travis/build/icyphy/ptII/ptolemy/domains/modal/test/auto/ErrorTransition10.xml (RunModel)" time="0.044" />
  <testcase classname="ptolemy.util.test.junit.AutoTests" name="[50] /home/travis/build/icyphy/ptII/ptolemy/domains/modal/test/auto/ErrorTransition11.xml (RunModel)" time="0.035" />
  <testcase classname="ptolemy.util.test.junit.AutoTests" name="[51] /home/travis/build/icyphy/ptII/ptolemy/domains/modal/test/auto/ErrorTransition2.xml (RunModel)" time="0.025" />
  <testcase classname="ptolemy.util.test.junit.AutoTests" name="[52] /home/travis/build/icyphy/ptII/ptolemy/domains/modal/test/auto/ErrorTransition3.xml (RunModel)" time="0.048" />
  <testcase classname="ptolemy.util.test.junit.AutoTests" name="[53] /home/travis/build/icyphy/ptII/ptolemy/domains/modal/test/auto/ErrorTransition4.xml (RunModel)" time="0.043" />
  <testcase classname="ptolemy.util.test.junit.AutoTests" name="[54] /home/travis/build/icyphy/ptII/ptolemy/domains/modal/test/auto/ErrorTransition5.xml (RunModel)" time="0.033" />
  <testcase classname="ptolemy.util.test.junit.AutoTests" name="[55] /home/travis/build/icyphy/ptII/ptolemy/domains/modal/test/auto/ErrorTransition6.xml (RunModel)" time="0.034" />
  <testcase classname="ptolemy.util.test.junit.AutoTests" name="[56] /home/travis/build/icyphy/ptII/ptolemy/domains/modal/test/auto/ErrorTransition7.xml (RunModel)" time="0.069" />
  <testcase classname="ptolemy.util.test.junit.AutoTests" name="[57] /home/travis/build/icyphy/ptII/ptolemy/domains/modal/test/auto/ErrorTransition8.xml (RunModel)" time="0.063" />
  <testcase classname="ptolemy.util.test.junit.AutoTests" name="[58] /home/travis/build/icyphy/ptII/ptolemy/domains/modal/test/auto/ErrorTransition9.xml (RunModel)" time="0.053" />
  <testcase classname="ptolemy.util.test.junit.AutoTests" name="[59] /home/travis/build/icyphy/ptII/ptolemy/domains/modal/test/auto/ExtendedFSM.xml (RunModel)" time="0.033" />
  <testcase classname="ptolemy.util.test.junit.AutoTests" name="[60] /home/travis/build/icyphy/ptII/ptolemy/domains/modal/test/auto/FinalStates.xml (RunModel)" time="0.026" />
  <testcase classname="ptolemy.util.test.junit.AutoTests" name="[61] /home/travis/build/icyphy/ptII/ptolemy/domains/modal/test/auto/FixedPointFSM.xml (RunModel)" time="0.046" />
  <testcase classname="ptolemy.util.test.junit.AutoTests" name="[62] /home/travis/build/icyphy/ptII/ptolemy/domains/modal/test/auto/FixedPointIterationFSMActor.xml (RunModel)" time="0.035" />
  <testcase classname="ptolemy.util.test.junit.AutoTests" name="[63] /home/travis/build/icyphy/ptII/ptolemy/domains/modal/test/auto/FixedPointIterationFSMActor2.xml (RunModel)" time="0.033" />
  <testcase classname="ptolemy.util.test.junit.AutoTests" name="[64] /home/travis/build/icyphy/ptII/ptolemy/domains/modal/test/auto/ForbiddenInstantanousLoop.xml (RunModel)" time="0.037" />
  <testcase classname="ptolemy.util.test.junit.AutoTests" name="[65] /home/travis/build/icyphy/ptII/ptolemy/domains/modal/test/auto/FunctionDependencyOfFSMActorTest.xml (RunModel)" time="0.035" />
  <testcase classname="ptolemy.util.test.junit.AutoTests" name="[66] /home/travis/build/icyphy/ptII/ptolemy/domains/modal/test/auto/GuardExpression.xml (RunModel)" time="0.015" />
  <testcase classname="ptolemy.util.test.junit.AutoTests" name="[67] /home/travis/build/icyphy/ptII/ptolemy/domains/modal/test/auto/GuardNotEvaluated.xml (RunModel)" time="0.03" />
  <testcase classname="ptolemy.util.test.junit.AutoTests" name="[68] /home/travis/build/icyphy/ptII/ptolemy/domains/modal/test/auto/GuardNotEvaluated2.xml (RunModel)" time="0.027" />
  <testcase classname="ptolemy.util.test.junit.AutoTests" name="[69] /home/travis/build/icyphy/ptII/ptolemy/domains/modal/test/auto/GuardOnAbsent.xml (RunModel)" time="0.025" />
  <testcase classname="ptolemy.util.test.junit.AutoTests" name="[70] /home/travis/build/icyphy/ptII/ptolemy/domains/modal/test/auto/HierarchicalFSMTypeInference.xml (RunModel)" time="0.043" />
  <testcase classname="ptolemy.util.test.junit.AutoTests" name="[71] /home/travis/build/icyphy/ptII/ptolemy/domains/modal/test/auto/Hysteresis.xml (RunModel)" time="0.043" />
  <testcase classname="ptolemy.util.test.junit.AutoTests" name="[72] /home/travis/build/icyphy/ptII/ptolemy/domains/modal/test/auto/HysteresisWithDefault.xml (RunModel)" time="0.076" />
  <testcase classname="ptolemy.util.test.junit.AutoTests" name="[73] /home/travis/build/icyphy/ptII/ptolemy/domains/modal/test/auto/HysteresisWithDefault2.xml (RunModel)" time="0.068" />
  <testcase classname="ptolemy.util.test.junit.AutoTests" name="[74] /home/travis/build/icyphy/ptII/ptolemy/domains/modal/test/auto/ImmediateNonConstructiveness.xml (RunModel)" time="0.02" />
  <testcase classname="ptolemy.util.test.junit.AutoTests" name="[75] /home/travis/build/icyphy/ptII/ptolemy/domains/modal/test/auto/ImmediateNonConstructiveness2.xml (RunModel)" time="0.018" />
  <testcase classname="ptolemy.util.test.junit.AutoTests" name="[76] /home/travis/build/icyphy/ptII/ptolemy/domains/modal/test/auto/ImmediateTransitionReset.xml (RunModel)" time="0.042" />
  <testcase classname="ptolemy.util.test.junit.AutoTests" name="[77] /home/travis/build/icyphy/ptII/ptolemy/domains/modal/test/auto/ImmediateTransitions1.xml (RunModel)" time="0.014" />
  <testcase classname="ptolemy.util.test.junit.AutoTests" name="[78] /home/travis/build/icyphy/ptII/ptolemy/domains/modal/test/auto/ImmediateTransitionsInstantaneousCommunication.xml (RunModel)" time="0.045" />
  <testcase classname="ptolemy.util.test.junit.AutoTests" name="[79] /home/travis/build/icyphy/ptII/ptolemy/domains/modal/test/auto/InitialImmediateTransition.xml (RunModel)" time="0.017" />
  <testcase classname="ptolemy.util.test.junit.AutoTests" name="[80] /home/travis/build/icyphy/ptII/ptolemy/domains/modal/test/auto/InitialOutputs.xml (RunModel)" time="0.016" />
  <testcase classname="ptolemy.util.test.junit.AutoTests" name="[81] /home/travis/build/icyphy/ptII/ptolemy/domains/modal/test/auto/InitialStateTransition1.xml (RunModel)" time="0.039" />
  <testcase classname="ptolemy.util.test.junit.AutoTests" name="[82] /home/travis/build/icyphy/ptII/ptolemy/domains/modal/test/auto/InitialStateTransition2.xml (RunModel)" time="0.027" />
  <testcase classname="ptolemy.util.test.junit.AutoTests" name="[83] /home/travis/build/icyphy/ptII/ptolemy/domains/modal/test/auto/InitialStateTransition3.xml (RunModel)" time="0.027" />
  <testcase classname="ptolemy.util.test.junit.AutoTests" name="[84] /home/travis/build/icyphy/ptII/ptolemy/domains/modal/test/auto/InitialStateTransition4.xml (RunModel)" time="0.032" />
  <testcase classname="ptolemy.util.test.junit.AutoTests" name="[85] /home/travis/build/icyphy/ptII/ptolemy/domains/modal/test/auto/MalformedGuardExpressionNotCaught.xml (RunModel)" time="0.031" />
  <testcase classname="ptolemy.util.test.junit.AutoTests" name="[86] /home/travis/build/icyphy/ptII/ptolemy/domains/modal/test/auto/ModalBSC.xml (RunModel)" time="0.117" />
  <testcase classname="ptolemy.util.test.junit.AutoTests" name="[87] /home/travis/build/icyphy/ptII/ptolemy/domains/modal/test/auto/ModalClocks.xml (RunModel)" time="0.072" />
  <testcase classname="ptolemy.util.test.junit.AutoTests" name="[88] /home/travis/build/icyphy/ptII/ptolemy/domains/modal/test/auto/ModalDelay.xml (RunModel)" time="0.043" />
  <testcase classname="ptolemy.util.test.junit.AutoTests" name="[89] /home/travis/build/icyphy/ptII/ptolemy/domains/modal/test/auto/ModalDelay2.xml (RunModel)" time="0.045" />
  <testcase classname="ptolemy.util.test.junit.AutoTests" name="[90] /home/travis/build/icyphy/ptII/ptolemy/domains/modal/test/auto/ModalModelFromMemo.xml (RunModel)" time="0.063" />
  <testcase classname="ptolemy.util.test.junit.AutoTests" name="[91] /home/travis/build/icyphy/ptII/ptolemy/domains/modal/test/auto/ModalModelWithMultirateTransient.xml (RunModel)" time="0.045" />
  <testcase classname="ptolemy.util.test.junit.AutoTests" name="[92] /home/travis/build/icyphy/ptII/ptolemy/domains/modal/test/auto/ModalModelWithReset.xml (RunModel)" time="0.039" />
  <testcase classname="ptolemy.util.test.junit.AutoTests" name="[93] /home/travis/build/icyphy/ptII/ptolemy/domains/modal/test/auto/MouseClickFSM.xml (RunModel)" time="0.039" />
  <testcase classname="ptolemy.util.test.junit.AutoTests" name="[94] /home/travis/build/icyphy/ptII/ptolemy/domains/modal/test/auto/MouseClickFSMModal.xml (RunModel)" time="0.036" />
  <testcase classname="ptolemy.util.test.junit.AutoTests" name="[95] /home/travis/build/icyphy/ptII/ptolemy/domains/modal/test/auto/NonStrictFSM_FeedbackLoop.xml (RunModel)" time="0.054" />
  <testcase classname="ptolemy.util.test.junit.AutoTests" name="[96] /home/travis/build/icyphy/ptII/ptolemy/domains/modal/test/auto/NonStrictFSM_FeedbackLoop_Refinement.xml (RunModel)" time="0.085" />
  <testcase classname="ptolemy.util.test.junit.AutoTests" name="[97] /home/travis/build/icyphy/ptII/ptolemy/domains/modal/test/auto/NonStrictFSM_FeedbackLoop_preemptive.xml (RunModel)" time="0.039" />
  <testcase classname="ptolemy.util.test.junit.AutoTests" name="[98] /home/travis/build/icyphy/ptII/ptolemy/domains/modal/test/auto/NormalTermination.xml (RunModel)" time="0.04" />
  <testcase classname="ptolemy.util.test.junit.AutoTests" name="[99] /home/travis/build/icyphy/ptII/ptolemy/domains/modal/test/auto/Pong.xml (RunModel)" time="0.111" />
  <testcase classname="ptolemy.util.test.junit.AutoTests" name="[100] /home/travis/build/icyphy/ptII/ptolemy/domains/modal/test/auto/Pong_test.xml (RunModel)" time="0.131" />
  <testcase classname="ptolemy.util.test.junit.AutoTests" name="[101] /home/travis/build/icyphy/ptII/ptolemy/domains/modal/test/auto/PreemptionHierarchy.xml (RunModel)" time="0.031" />
  <testcase classname="ptolemy.util.test.junit.AutoTests" name="[102] /home/travis/build/icyphy/ptII/ptolemy/domains/modal/test/auto/PreemptionHierarchy2.xml (RunModel)" time="0.034" />
  <testcase classname="ptolemy.util.test.junit.AutoTests" name="[103] /home/travis/build/icyphy/ptII/ptolemy/domains/modal/test/auto/PreemptiveTransition.xml (RunModel)" time="0.022" />
  <testcase classname="ptolemy.util.test.junit.AutoTests" name="[104] /home/travis/build/icyphy/ptII/ptolemy/domains/modal/test/auto/Priorities.xml (RunModel)" time="0.078" />
  <testcase classname="ptolemy.util.test.junit.AutoTests" name="[105] /home/travis/build/icyphy/ptII/ptolemy/domains/modal/test/auto/ResetFinal.xml (RunModel)" time="0.036" />
  <testcase classname="ptolemy.util.test.junit.AutoTests" name="[106] /home/travis/build/icyphy/ptII/ptolemy/domains/modal/test/auto/ResetFinal2.xml (RunModel)" time="0.027" />
  <testcase classname="ptolemy.util.test.junit.AutoTests" name="[107] /home/travis/build/icyphy/ptII/ptolemy/domains/modal/test/auto/ResetTransitionWithStartTime.xml (RunModel)" time="0.026" />
  <testcase classname="ptolemy.util.test.junit.AutoTests" name="[108] /home/travis/build/icyphy/ptII/ptolemy/domains/modal/test/auto/SDF-FSMComposite.xml (RunModel)" time="0.024" />
  <testcase classname="ptolemy.util.test.junit.AutoTests" name="[109] /home/travis/build/icyphy/ptII/ptolemy/domains/modal/test/auto/SeeminglyNondeterminate.xml (RunModel)" time="0.078" />
  <testcase classname="ptolemy.util.test.junit.AutoTests" name="[110] /home/travis/build/icyphy/ptII/ptolemy/domains/modal/test/auto/SeeminglyNondeterminate2.xml (RunModel)" time="0.072" />
  <testcase classname="ptolemy.util.test.junit.AutoTests" name="[111] /home/travis/build/icyphy/ptII/ptolemy/domains/modal/test/auto/SpontaneousFSM.xml (RunModel)" time="0.059" />
  <testcase classname="ptolemy.util.test.junit.AutoTests" name="[112] /home/travis/build/icyphy/ptII/ptolemy/domains/modal/test/auto/SpontaneousFSM2.xml (RunModel)" time="0.026" />
  <testcase classname="ptolemy.util.test.junit.AutoTests" name="[113] /home/travis/build/icyphy/ptII/ptolemy/domains/modal/test/auto/SpontaneousFSM3.xml (RunModel)" time="0.041" />
  <testcase classname="ptolemy.util.test.junit.AutoTests" name="[114] /home/travis/build/icyphy/ptII/ptolemy/domains/modal/test/auto/SpontaneousFSM4.xml (RunModel)" time="0.038" />
  <testcase classname="ptolemy.util.test.junit.AutoTests" name="[115] /home/travis/build/icyphy/ptII/ptolemy/domains/modal/test/auto/StateTrackerTest.xml (RunModel)" time="0.047" />
  <testcase classname="ptolemy.util.test.junit.AutoTests" name="[116] /home/travis/build/icyphy/ptII/ptolemy/domains/modal/test/auto/StrongImmediateTransition.xml (RunModel)" time="0.022" />
  <testcase classname="ptolemy.util.test.junit.AutoTests" name="[117] /home/travis/build/icyphy/ptII/ptolemy/domains/modal/test/auto/SustainHierarchy.xml (RunModel)" time="0.032" />
  <testcase classname="ptolemy.util.test.junit.AutoTests" name="[118] /home/travis/build/icyphy/ptII/ptolemy/domains/modal/test/auto/TerminationTransition1.xml (RunModel)" time="0.02" />
  <testcase classname="ptolemy.util.test.junit.AutoTests" name="[119] /home/travis/build/icyphy/ptII/ptolemy/domains/modal/test/auto/TerminationTransition2.xml (RunModel)" time="0.026" />
  <testcase classname="ptolemy.util.test.junit.AutoTests" name="[120] /home/travis/build/icyphy/ptII/ptolemy/domains/modal/test/auto/TerminationTransition3.xml (RunModel)" time="0.021" />
  <testcase classname="ptolemy.util.test.junit.AutoTests" name="[121] /home/travis/build/icyphy/ptII/ptolemy/domains/modal/test/auto/TerminationTransition4.xml (RunModel)" time="0.049" />
  <testcase classname="ptolemy.util.test.junit.AutoTests" name="[122] /home/travis/build/icyphy/ptII/ptolemy/domains/modal/test/auto/TerminationTransition5.xml (RunModel)" time="0.029" />
  <testcase classname="ptolemy.util.test.junit.AutoTests" name="[123] /home/travis/build/icyphy/ptII/ptolemy/domains/modal/test/auto/TerminationTransition6.xml (RunModel)" time="0.021" />
  <testcase classname="ptolemy.util.test.junit.AutoTests" name="[124] /home/travis/build/icyphy/ptII/ptolemy/domains/modal/test/auto/TerminationTransition7.xml (RunModel)" time="0.021" />
  <testcase classname="ptolemy.util.test.junit.AutoTests" name="[125] /home/travis/build/icyphy/ptII/ptolemy/domains/modal/test/auto/TerminationTransition8.xml (RunModel)" time="0.022" />
  <testcase classname="ptolemy.util.test.junit.AutoTests" name="[126] /home/travis/build/icyphy/ptII/ptolemy/domains/modal/test/auto/Thermostat_NoHysteresis.xml (RunModel)" time="0.051" />
  <testcase classname="ptolemy.util.test.junit.AutoTests" name="[127] /home/travis/build/icyphy/ptII/ptolemy/domains/modal/test/auto/TimedFSM.xml (RunModel)" time="0.03" />
  <testcase classname="ptolemy.util.test.junit.AutoTests" name="[128] /home/travis/build/icyphy/ptII/ptolemy/domains/modal/test/auto/Timeout1.xml (RunModel)" time="0.013" />
  <testcase classname="ptolemy.util.test.junit.AutoTests" name="[129] /home/travis/build/icyphy/ptII/ptolemy/domains/modal/test/auto/Timeout2.xml (RunModel)" time="0.025" />
  <testcase classname="ptolemy.util.test.junit.AutoTests" name="[130] /home/travis/build/icyphy/ptII/ptolemy/domains/modal/test/auto/Timeout3.xml (RunModel)" time="0.011" />
  <testcase classname="ptolemy.util.test.junit.AutoTests" name="[131] /home/travis/build/icyphy/ptII/ptolemy/domains/modal/test/auto/Timeout4.xml (RunModel)" time="0.011" />
  <testcase classname="ptolemy.util.test.junit.AutoTests" name="[132] /home/travis/build/icyphy/ptII/ptolemy/domains/modal/test/auto/TransientstateModelAdvanced.xml (RunModel)" time="0.026" />
  <testcase classname="ptolemy.util.test.junit.AutoTests" name="[133] /home/travis/build/icyphy/ptII/ptolemy/domains/modal/test/auto/TransientstateModelAdvanced2.xml (RunModel)" time="0.032" />
  <testcase classname="ptolemy.util.test.junit.AutoTests" name="[134] /home/travis/build/icyphy/ptII/ptolemy/domains/modal/test/auto/TransitionRefinements.xml (RunModel)" time="0.024" />
  <testcase classname="ptolemy.util.test.junit.AutoTests" name="[135] /home/travis/build/icyphy/ptII/ptolemy/domains/modal/test/auto/TwoRefinements1.xml (RunModel)" time="0.023" />
  <testcase classname="ptolemy.util.test.junit.AutoTests" name="[136] /home/travis/build/icyphy/ptII/ptolemy/domains/modal/test/auto/TwoRefinements2.xml (RunModel)" time="0.022" />
  <testcase classname="ptolemy.util.test.junit.AutoTests" name="[137] /home/travis/build/icyphy/ptII/ptolemy/domains/modal/test/auto/WeakImmediateTransition.xml (RunModel)" time="0.034" />
  <testcase classname="ptolemy.util.test.junit.AutoTests" name="[138] /home/travis/build/icyphy/ptII/ptolemy/domains/modal/test/auto/booleanSelect.xml (RunModel)" time="0.068" />
  <testcase classname="ptolemy.util.test.junit.AutoTests" name="[139] /home/travis/build/icyphy/ptII/ptolemy/domains/modal/test/auto/modalChangingParams.xml (RunModel)" time="0.283" />
  <testcase classname="ptolemy.util.test.junit.AutoTests" name="[140] /home/travis/build/icyphy/ptII/ptolemy/domains/modal/test/auto/modalModel.xml (RunModel)" time="0.025" />
  <testcase classname="ptolemy.util.test.junit.AutoTests" name="[141] /home/travis/build/icyphy/ptII/ptolemy/domains/modal/test/auto/modalModel2.xml (RunModel)" time="0.029" />
  <testcase classname="ptolemy.util.test.junit.AutoTests" name="[142] /home/travis/build/icyphy/ptII/ptolemy/domains/modal/test/auto/modalModel3.xml (RunModel)" time="0.049" />
  <testcase classname="ptolemy.util.test.junit.AutoTests" name="[143] /home/travis/build/icyphy/ptII/ptolemy/domains/modal/test/auto/model1.xml (RunModel)" time="0.023" />
  <testcase classname="ptolemy.util.test.junit.AutoTests" name="[144] /home/travis/build/icyphy/ptII/ptolemy/domains/modal/test/auto/test-direct-in-out.xml (RunModel)" time="0.028" />
  <system-out><![CDATA[/home/travis/build/icyphy/ptII/ptolemy/domains/modal/test/SystemLevelType.tcl
testDefs.tcl: setting time out to 9000 seconds at Wed Sep 30 16:25:57 UTC 2020
09/30/20 04:25:59
Failed: 0  Total Tests: 1  ((Passed: 1, Newly Passed: 0)  Known Failed: 0) /home/travis/build/icyphy/ptII/ptolemy/domains/modal/test
----------------- testing (KnownFailure) /home/travis/build/icyphy/ptII/ptolemy/domains/modal/test/auto/knownFailedTests/CannotAnalysisWithPreemption.xml
124 ms. Memory: 129024K Free: 85842K (67%)
Known Failure: java.lang.reflect.InvocationTargetException
No auto/linux-amd64/*.xml tests in /home/travis/build/icyphy/ptII/ptolemy/domains/modal/test
AutoTests.java: About to close Vertx.
AutoTests.java: Vertx closed.

===========================================================================================
----------------- testing Wed Sep 30 16:25:59 UTC 2020 /home/travis/build/icyphy/ptII/ptolemy/domains/modal/test/auto/ABPTest.xml
----------------- Instantiating /home/travis/build/icyphy/ptII/ptolemy/domains/modal/test/auto/ABPTest.xml
448 ms. Memory: 156672K Free: 115400K (74%)
----------------- Invoking toplevel() on ptolemy.moml.MoMLSimpleApplication@38be8c3f
----------------- Done invoking toplevel() on ptolemy.moml.MoMLSimpleApplication@38be8c3f
reloadAllAccessors: .ABPTest

===========================================================================================
----------------- testing Wed Sep 30 16:26:00 UTC 2020 /home/travis/build/icyphy/ptII/ptolemy/domains/modal/test/auto/ABROFlat.xml
----------------- Instantiating /home/travis/build/icyphy/ptII/ptolemy/domains/modal/test/auto/ABROFlat.xml
25 ms. Memory: 156672K Free: 99413K (63%)
----------------- Invoking toplevel() on ptolemy.moml.MoMLSimpleApplication@530e9ba0
----------------- Done invoking toplevel() on ptolemy.moml.MoMLSimpleApplication@530e9ba0
reloadAllAccessors: .ABROFlat

===========================================================================================
----------------- testing Wed Sep 30 16:26:00 UTC 2020 /home/travis/build/icyphy/ptII/ptolemy/domains/modal/test/auto/ABROFlat2.xml
----------------- Instantiating /home/travis/build/icyphy/ptII/ptolemy/domains/modal/test/auto/ABROFlat2.xml
23 ms. Memory: 156672K Free: 82519K (53%)
----------------- Invoking toplevel() on ptolemy.moml.MoMLSimpleApplication@4892d800
----------------- Done invoking toplevel() on ptolemy.moml.MoMLSimpleApplication@4892d800
reloadAllAccessors: .ABROFlat2

===========================================================================================
----------------- testing Wed Sep 30 16:26:00 UTC 2020 /home/travis/build/icyphy/ptII/ptolemy/domains/modal/test/auto/ABRO_present_hmm.xml
----------------- Instantiating /home/travis/build/icyphy/ptII/ptolemy/domains/modal/test/auto/ABRO_present_hmm.xml
36 ms. Memory: 156672K Free: 55895K (36%)
----------------- Invoking toplevel() on ptolemy.moml.MoMLSimpleApplication@24cc211f
----------------- Done invoking toplevel() on ptolemy.moml.MoMLSimpleApplication@24cc211f
reloadAllAccessors: .ABRO_present_hmm

===========================================================================================
----------------- testing Wed Sep 30 16:26:01 UTC 2020 /home/travis/build/icyphy/ptII/ptolemy/domains/modal/test/auto/AMICoderExample.xml
----------------- Instantiating /home/travis/build/icyphy/ptII/ptolemy/domains/modal/test/auto/AMICoderExample.xml
50 ms. Memory: 156672K Free: 133184K (85%)
----------------- Invoking toplevel() on ptolemy.moml.MoMLSimpleApplication@4e016abd
----------------- Done invoking toplevel() on ptolemy.moml.MoMLSimpleApplication@4e016abd
reloadAllAccessors: .AMICoderExample

===========================================================================================
----------------- testing Wed Sep 30 16:26:01 UTC 2020 /home/travis/build/icyphy/ptII/ptolemy/domains/modal/test/auto/AbsentToPresent.xml
----------------- Instantiating /home/travis/build/icyphy/ptII/ptolemy/domains/modal/test/auto/AbsentToPresent.xml
4 ms. Memory: 156672K Free: 128612K (82%)
----------------- Invoking toplevel() on ptolemy.moml.MoMLSimpleApplication@50920ac3
----------------- Done invoking toplevel() on ptolemy.moml.MoMLSimpleApplication@50920ac3
reloadAllAccessors: .AbsentToPresent

===========================================================================================
----------------- testing Wed Sep 30 16:26:01 UTC 2020 /home/travis/build/icyphy/ptII/ptolemy/domains/modal/test/auto/Blending.xml
----------------- Instantiating /home/travis/build/icyphy/ptII/ptolemy/domains/modal/test/auto/Blending.xml
177 ms. Memory: 156672K Free: 83596K (53%)
----------------- Invoking toplevel() on ptolemy.moml.MoMLSimpleApplication@7cfc8609
----------------- Done invoking toplevel() on ptolemy.moml.MoMLSimpleApplication@7cfc8609
reloadAllAccessors: .Blending

===========================================================================================
----------------- testing Wed Sep 30 16:26:01 UTC 2020 /home/travis/build/icyphy/ptII/ptolemy/domains/modal/test/auto/Broadcast.xml
----------------- Instantiating /home/travis/build/icyphy/ptII/ptolemy/domains/modal/test/auto/Broadcast.xml
9 ms. Memory: 156672K Free: 73792K (47%)
----------------- Invoking toplevel() on ptolemy.moml.MoMLSimpleApplication@56705119
----------------- Done invoking toplevel() on ptolemy.moml.MoMLSimpleApplication@56705119
reloadAllAccessors: .Broadcast

===========================================================================================
----------------- testing Wed Sep 30 16:26:01 UTC 2020 /home/travis/build/icyphy/ptII/ptolemy/domains/modal/test/auto/BroadcastHierarchy.xml
----------------- Instantiating /home/travis/build/icyphy/ptII/ptolemy/domains/modal/test/auto/BroadcastHierarchy.xml
16 ms. Memory: 156672K Free: 60007K (38%)
----------------- Invoking toplevel() on ptolemy.moml.MoMLSimpleApplication@592e064e
----------------- Done invoking toplevel() on ptolemy.moml.MoMLSimpleApplication@592e064e
reloadAllAccessors: .BroadcastHierarchy

===========================================================================================
----------------- testing Wed Sep 30 16:26:01 UTC 2020 /home/travis/build/icyphy/ptII/ptolemy/domains/modal/test/auto/BroadcastHierarchy2.xml
----------------- Instantiating /home/travis/build/icyphy/ptII/ptolemy/domains/modal/test/auto/BroadcastHierarchy2.xml
18 ms. Memory: 156672K Free: 119283K (76%)
----------------- Invoking toplevel() on ptolemy.moml.MoMLSimpleApplication@209d76d8
----------------- Done invoking toplevel() on ptolemy.moml.MoMLSimpleApplication@209d76d8
reloadAllAccessors: .BroadcastHierarchy2

===========================================================================================
----------------- testing Wed Sep 30 16:26:01 UTC 2020 /home/travis/build/icyphy/ptII/ptolemy/domains/modal/test/auto/BroadcastHierarchy3.xml
----------------- Instantiating /home/travis/build/icyphy/ptII/ptolemy/domains/modal/test/auto/BroadcastHierarchy3.xml
27 ms. Memory: 156672K Free: 98803K (63%)
----------------- Invoking toplevel() on ptolemy.moml.MoMLSimpleApplication@268cd04c
----------------- Done invoking toplevel() on ptolemy.moml.MoMLSimpleApplication@268cd04c
reloadAllAccessors: .BroadcastHierarchy3

===========================================================================================
----------------- testing Wed Sep 30 16:26:01 UTC 2020 /home/travis/build/icyphy/ptII/ptolemy/domains/modal/test/auto/BroadcastHierarchy4.xml
----------------- Instantiating /home/travis/build/icyphy/ptII/ptolemy/domains/modal/test/auto/BroadcastHierarchy4.xml
21 ms. Memory: 156672K Free: 74741K (48%)
----------------- Invoking toplevel() on ptolemy.moml.MoMLSimpleApplication@56bba714
----------------- Done invoking toplevel() on ptolemy.moml.MoMLSimpleApplication@56bba714
reloadAllAccessors: .BroadcastHierarchy4

===========================================================================================
----------------- testing Wed Sep 30 16:26:01 UTC 2020 /home/travis/build/icyphy/ptII/ptolemy/domains/modal/test/auto/CannotAnalysisWithPreemption2.xml
----------------- Instantiating /home/travis/build/icyphy/ptII/ptolemy/domains/modal/test/auto/CannotAnalysisWithPreemption2.xml
5 ms. Memory: 156672K Free: 67573K (43%)
----------------- Invoking toplevel() on ptolemy.moml.MoMLSimpleApplication@26b95ea4
----------------- Done invoking toplevel() on ptolemy.moml.MoMLSimpleApplication@26b95ea4
reloadAllAccessors: .CannotAnalysisWithPreemption2

===========================================================================================
----------------- testing Wed Sep 30 16:26:01 UTC 2020 /home/travis/build/icyphy/ptII/ptolemy/domains/modal/test/auto/CannotAnalysisWithPreemption3.xml
----------------- Instantiating /home/travis/build/icyphy/ptII/ptolemy/domains/modal/test/auto/CannotAnalysisWithPreemption3.xml
9 ms. Memory: 156672K Free: 57333K (37%)
----------------- Invoking toplevel() on ptolemy.moml.MoMLSimpleApplication@d2d7e1b
----------------- Done invoking toplevel() on ptolemy.moml.MoMLSimpleApplication@d2d7e1b
reloadAllAccessors: .CannotAnalysisWithPreemption3

===========================================================================================
----------------- testing Wed Sep 30 16:26:02 UTC 2020 /home/travis/build/icyphy/ptII/ptolemy/domains/modal/test/auto/CannotProduce.xml
----------------- Instantiating /home/travis/build/icyphy/ptII/ptolemy/domains/modal/test/auto/CannotProduce.xml
16 ms. Memory: 156672K Free: 50661K (32%)
----------------- Invoking toplevel() on ptolemy.moml.MoMLSimpleApplication@5c83bea4
----------------- Done invoking toplevel() on ptolemy.moml.MoMLSimpleApplication@5c83bea4
reloadAllAccessors: .CannotProduce

===========================================================================================
----------------- testing Wed Sep 30 16:26:02 UTC 2020 /home/travis/build/icyphy/ptII/ptolemy/domains/modal/test/auto/CannotProduceModal.xml
----------------- Instantiating /home/travis/build/icyphy/ptII/ptolemy/domains/modal/test/auto/CannotProduceModal.xml
13 ms. Memory: 195584K Free: 169973K (87%)
----------------- Invoking toplevel() on ptolemy.moml.MoMLSimpleApplication@4c5606f
----------------- Done invoking toplevel() on ptolemy.moml.MoMLSimpleApplication@4c5606f
reloadAllAccessors: .CannotProduceModal

===========================================================================================
----------------- testing Wed Sep 30 16:26:02 UTC 2020 /home/travis/build/icyphy/ptII/ptolemy/domains/modal/test/auto/Case.xml
----------------- Instantiating /home/travis/build/icyphy/ptII/ptolemy/domains/modal/test/auto/Case.xml
37 ms. Memory: 195584K Free: 158709K (81%)
----------------- Invoking toplevel() on ptolemy.moml.MoMLSimpleApplication@564f2427
----------------- Done invoking toplevel() on ptolemy.moml.MoMLSimpleApplication@564f2427
reloadAllAccessors: .Case

===========================================================================================
----------------- testing Wed Sep 30 16:26:02 UTC 2020 /home/travis/build/icyphy/ptII/ptolemy/domains/modal/test/auto/Case1.xml
----------------- Instantiating /home/travis/build/icyphy/ptII/ptolemy/domains/modal/test/auto/Case1.xml
7 ms. Memory: 195584K Free: 151541K (77%)
----------------- Invoking toplevel() on ptolemy.moml.MoMLSimpleApplication@e8f1855
----------------- Done invoking toplevel() on ptolemy.moml.MoMLSimpleApplication@e8f1855
reloadAllAccessors: .Case1

===========================================================================================
----------------- testing Wed Sep 30 16:26:02 UTC 2020 /home/travis/build/icyphy/ptII/ptolemy/domains/modal/test/auto/Case2.xml
----------------- Instantiating /home/travis/build/icyphy/ptII/ptolemy/domains/modal/test/auto/Case2.xml
21 ms. Memory: 195584K Free: 140787K (72%)
----------------- Invoking toplevel() on ptolemy.moml.MoMLSimpleApplication@4caa6488
----------------- Done invoking toplevel() on ptolemy.moml.MoMLSimpleApplication@4caa6488
reloadAllAccessors: .Case2

===========================================================================================
----------------- testing Wed Sep 30 16:26:02 UTC 2020 /home/travis/build/icyphy/ptII/ptolemy/domains/modal/test/auto/CausalityInterface1.xml
----------------- Instantiating /home/travis/build/icyphy/ptII/ptolemy/domains/modal/test/auto/CausalityInterface1.xml
5 ms. Memory: 195584K Free: 135667K (69%)
----------------- Invoking toplevel() on ptolemy.moml.MoMLSimpleApplication@5cb23bdf
----------------- Done invoking toplevel() on ptolemy.moml.MoMLSimpleApplication@5cb23bdf
reloadAllAccessors: .CausalityInterface1

===========================================================================================
----------------- testing Wed Sep 30 16:26:02 UTC 2020 /home/travis/build/icyphy/ptII/ptolemy/domains/modal/test/auto/CausalityInterface10.xml
----------------- Instantiating /home/travis/build/icyphy/ptII/ptolemy/domains/modal/test/auto/CausalityInterface10.xml
14 ms. Memory: 195584K Free: 122341K (63%)
----------------- Invoking toplevel() on ptolemy.moml.MoMLSimpleApplication@5416cac7
----------------- Done invoking toplevel() on ptolemy.moml.MoMLSimpleApplication@5416cac7
reloadAllAccessors: .CausalityInterface10

===========================================================================================
----------------- testing Wed Sep 30 16:26:02 UTC 2020 /home/travis/build/icyphy/ptII/ptolemy/domains/modal/test/auto/CausalityInterface11.xml
----------------- Instantiating /home/travis/build/icyphy/ptII/ptolemy/domains/modal/test/auto/CausalityInterface11.xml
11 ms. Memory: 195584K Free: 109013K (56%)
----------------- Invoking toplevel() on ptolemy.moml.MoMLSimpleApplication@59ffc3ed
----------------- Done invoking toplevel() on ptolemy.moml.MoMLSimpleApplication@59ffc3ed
reloadAllAccessors: .CausalityInterface11

===========================================================================================
----------------- testing Wed Sep 30 16:26:02 UTC 2020 /home/travis/build/icyphy/ptII/ptolemy/domains/modal/test/auto/CausalityInterface12.xml
----------------- Instantiating /home/travis/build/icyphy/ptII/ptolemy/domains/modal/test/auto/CausalityInterface12.xml
12 ms. Memory: 195584K Free: 95701K (49%)
----------------- Invoking toplevel() on ptolemy.moml.MoMLSimpleApplication@6b47771
----------------- Done invoking toplevel() on ptolemy.moml.MoMLSimpleApplication@6b47771
reloadAllAccessors: .CausalityInterface12

===========================================================================================
----------------- testing Wed Sep 30 16:26:02 UTC 2020 /home/travis/build/icyphy/ptII/ptolemy/domains/modal/test/auto/CausalityInterface13.xml
----------------- Instantiating /home/travis/build/icyphy/ptII/ptolemy/domains/modal/test/auto/CausalityInterface13.xml
12 ms. Memory: 195584K Free: 81909K (42%)
----------------- Invoking toplevel() on ptolemy.moml.MoMLSimpleApplication@8755339
----------------- Done invoking toplevel() on ptolemy.moml.MoMLSimpleApplication@8755339
reloadAllAccessors: .CausalityInterface13

===========================================================================================
----------------- testing Wed Sep 30 16:26:02 UTC 2020 /home/travis/build/icyphy/ptII/ptolemy/domains/modal/test/auto/CausalityInterface14.xml
----------------- Instantiating /home/travis/build/icyphy/ptII/ptolemy/domains/modal/test/auto/CausalityInterface14.xml
12 ms. Memory: 195584K Free: 68053K (35%)
----------------- Invoking toplevel() on ptolemy.moml.MoMLSimpleApplication@53403c02
----------------- Done invoking toplevel() on ptolemy.moml.MoMLSimpleApplication@53403c02
reloadAllAccessors: .CausalityInterface14

===========================================================================================
----------------- testing Wed Sep 30 16:26:02 UTC 2020 /home/travis/build/icyphy/ptII/ptolemy/domains/modal/test/auto/CausalityInterface2.xml
----------------- Instantiating /home/travis/build/icyphy/ptII/ptolemy/domains/modal/test/auto/CausalityInterface2.xml
11 ms. Memory: 195584K Free: 172466K (88%)
----------------- Invoking toplevel() on ptolemy.moml.MoMLSimpleApplication@799016c4
----------------- Done invoking toplevel() on ptolemy.moml.MoMLSimpleApplication@799016c4
reloadAllAccessors: .CausalityInterface2

===========================================================================================
----------------- testing Wed Sep 30 16:26:02 UTC 2020 /home/travis/build/icyphy/ptII/ptolemy/domains/modal/test/auto/CausalityInterface3.xml
----------------- Instantiating /home/travis/build/icyphy/ptII/ptolemy/domains/modal/test/auto/CausalityInterface3.xml
10 ms. Memory: 195584K Free: 165877K (85%)
----------------- Invoking toplevel() on ptolemy.moml.MoMLSimpleApplication@4310dddd
----------------- Done invoking toplevel() on ptolemy.moml.MoMLSimpleApplication@4310dddd
reloadAllAccessors: .CausalityInterface3

===========================================================================================
----------------- testing Wed Sep 30 16:26:02 UTC 2020 /home/travis/build/icyphy/ptII/ptolemy/domains/modal/test/auto/CausalityInterface4.xml
----------------- Instantiating /home/travis/build/icyphy/ptII/ptolemy/domains/modal/test/auto/CausalityInterface4.xml
6 ms. Memory: 195584K Free: 159205K (81%)
----------------- Invoking toplevel() on ptolemy.moml.MoMLSimpleApplication@22810b17
----------------- Done invoking toplevel() on ptolemy.moml.MoMLSimpleApplication@22810b17
reloadAllAccessors: .CausalityInterface4

===========================================================================================
----------------- testing Wed Sep 30 16:26:02 UTC 2020 /home/travis/build/icyphy/ptII/ptolemy/domains/modal/test/auto/CausalityInterface5.xml
----------------- Instantiating /home/travis/build/icyphy/ptII/ptolemy/domains/modal/test/auto/CausalityInterface5.xml
10 ms. Memory: 195584K Free: 151013K (77%)
----------------- Invoking toplevel() on ptolemy.moml.MoMLSimpleApplication@52614f5a
----------------- Done invoking toplevel() on ptolemy.moml.MoMLSimpleApplication@52614f5a
reloadAllAccessors: .CausalityInterface5

===========================================================================================
----------------- testing Wed Sep 30 16:26:02 UTC 2020 /home/travis/build/icyphy/ptII/ptolemy/domains/modal/test/auto/CausalityInterface6.xml
----------------- Instantiating /home/travis/build/icyphy/ptII/ptolemy/domains/modal/test/auto/CausalityInterface6.xml
9 ms. Memory: 195584K Free: 142821K (73%)
----------------- Invoking toplevel() on ptolemy.moml.MoMLSimpleApplication@4ba0f0a7
----------------- Done invoking toplevel() on ptolemy.moml.MoMLSimpleApplication@4ba0f0a7
reloadAllAccessors: .CausalityInterface6

===========================================================================================
----------------- testing Wed Sep 30 16:26:02 UTC 2020 /home/travis/build/icyphy/ptII/ptolemy/domains/modal/test/auto/CausalityInterface7.xml
----------------- Instantiating /home/travis/build/icyphy/ptII/ptolemy/domains/modal/test/auto/CausalityInterface7.xml
14 ms. Memory: 195584K Free: 134643K (69%)
----------------- Invoking toplevel() on ptolemy.moml.MoMLSimpleApplication@c24f507
----------------- Done invoking toplevel() on ptolemy.moml.MoMLSimpleApplication@c24f507
reloadAllAccessors: .CausalityInterface7

===========================================================================================
----------------- testing Wed Sep 30 16:26:02 UTC 2020 /home/travis/build/icyphy/ptII/ptolemy/domains/modal/test/auto/CausalityInterface8.xml
----------------- Instantiating /home/travis/build/icyphy/ptII/ptolemy/domains/modal/test/auto/CausalityInterface8.xml
5 ms. Memory: 195584K Free: 125941K (64%)
----------------- Invoking toplevel() on ptolemy.moml.MoMLSimpleApplication@3f93d91e
----------------- Done invoking toplevel() on ptolemy.moml.MoMLSimpleApplication@3f93d91e
reloadAllAccessors: .CausalityInterface8

===========================================================================================
----------------- testing Wed Sep 30 16:26:02 UTC 2020 /home/travis/build/icyphy/ptII/ptolemy/domains/modal/test/auto/CausalityInterface9.xml
----------------- Instantiating /home/travis/build/icyphy/ptII/ptolemy/domains/modal/test/auto/CausalityInterface9.xml
5 ms. Memory: 195584K Free: 116725K (60%)
----------------- Invoking toplevel() on ptolemy.moml.MoMLSimpleApplication@bda41dc
----------------- Done invoking toplevel() on ptolemy.moml.MoMLSimpleApplication@bda41dc
reloadAllAccessors: .CausalityInterface9

===========================================================================================
----------------- testing Wed Sep 30 16:26:02 UTC 2020 /home/travis/build/icyphy/ptII/ptolemy/domains/modal/test/auto/ChainedTransitions.xml
----------------- Instantiating /home/travis/build/icyphy/ptII/ptolemy/domains/modal/test/auto/ChainedTransitions.xml
66 ms. Memory: 195584K Free: 92149K (47%)
----------------- Invoking toplevel() on ptolemy.moml.MoMLSimpleApplication@36ce358d
----------------- Done invoking toplevel() on ptolemy.moml.MoMLSimpleApplication@36ce358d
reloadAllAccessors: .ChainedTransitions

===========================================================================================
----------------- testing Wed Sep 30 16:26:03 UTC 2020 /home/travis/build/icyphy/ptII/ptolemy/domains/modal/test/auto/CycleOfImmediateTransitionsFSM.xml
----------------- Instantiating /home/travis/build/icyphy/ptII/ptolemy/domains/modal/test/auto/CycleOfImmediateTransitionsFSM.xml
3 ms. Memory: 195584K Free: 86515K (44%)
----------------- Invoking toplevel() on ptolemy.moml.MoMLSimpleApplication@428bc5ac
----------------- Done invoking toplevel() on ptolemy.moml.MoMLSimpleApplication@428bc5ac
reloadAllAccessors: .CycleOfImmediateTransitionsFSM

===========================================================================================
----------------- testing Wed Sep 30 16:26:03 UTC 2020 /home/travis/build/icyphy/ptII/ptolemy/domains/modal/test/auto/CycleOfImmediateTransitionsModal.xml
----------------- Instantiating /home/travis/build/icyphy/ptII/ptolemy/domains/modal/test/auto/CycleOfImmediateTransitionsModal.xml
5 ms. Memory: 195584K Free: 80371K (41%)
----------------- Invoking toplevel() on ptolemy.moml.MoMLSimpleApplication@6958fa98
----------------- Done invoking toplevel() on ptolemy.moml.MoMLSimpleApplication@6958fa98
reloadAllAccessors: .CycleOfImmediateTransitionsModal

===========================================================================================
----------------- testing Wed Sep 30 16:26:03 UTC 2020 /home/travis/build/icyphy/ptII/ptolemy/domains/modal/test/auto/CycleOfImmediateTransitionsModal2.xml
----------------- Instantiating /home/travis/build/icyphy/ptII/ptolemy/domains/modal/test/auto/CycleOfImmediateTransitionsModal2.xml
5 ms. Memory: 195584K Free: 73717K (38%)
----------------- Invoking toplevel() on ptolemy.moml.MoMLSimpleApplication@18a955a6
----------------- Done invoking toplevel() on ptolemy.moml.MoMLSimpleApplication@18a955a6
reloadAllAccessors: .CycleOfImmediateTransitionsModal2

===========================================================================================
----------------- testing Wed Sep 30 16:26:03 UTC 2020 /home/travis/build/icyphy/ptII/ptolemy/domains/modal/test/auto/CycleOfImmediateTransitionsModal3.xml
----------------- Instantiating /home/travis/build/icyphy/ptII/ptolemy/domains/modal/test/auto/CycleOfImmediateTransitionsModal3.xml
7 ms. Memory: 195584K Free: 161781K (83%)
----------------- Invoking toplevel() on ptolemy.moml.MoMLSimpleApplication@725b34aa
----------------- Done invoking toplevel() on ptolemy.moml.MoMLSimpleApplication@725b34aa
reloadAllAccessors: .CycleOfImmediateTransitionsModal3

===========================================================================================
----------------- testing Wed Sep 30 16:26:03 UTC 2020 /home/travis/build/icyphy/ptII/ptolemy/domains/modal/test/auto/DeepModal1.xml
----------------- Instantiating /home/travis/build/icyphy/ptII/ptolemy/domains/modal/test/auto/DeepModal1.xml
19 ms. Memory: 195584K Free: 147949K (76%)
----------------- Invoking toplevel() on ptolemy.moml.MoMLSimpleApplication@6e53554d
----------------- Done invoking toplevel() on ptolemy.moml.MoMLSimpleApplication@6e53554d
reloadAllAccessors: .DeepModal1

===========================================================================================
----------------- testing Wed Sep 30 16:26:03 UTC 2020 /home/travis/build/icyphy/ptII/ptolemy/domains/modal/test/auto/DeepModal2.xml
----------------- Instantiating /home/travis/build/icyphy/ptII/ptolemy/domains/modal/test/auto/DeepModal2.xml
29 ms. Memory: 195584K Free: 128499K (66%)
----------------- Invoking toplevel() on ptolemy.moml.MoMLSimpleApplication@5306615c
----------------- Done invoking toplevel() on ptolemy.moml.MoMLSimpleApplication@5306615c
reloadAllAccessors: .DeepModal2

===========================================================================================
----------------- testing Wed Sep 30 16:26:03 UTC 2020 /home/travis/build/icyphy/ptII/ptolemy/domains/modal/test/auto/DeepModal3.xml
----------------- Instantiating /home/travis/build/icyphy/ptII/ptolemy/domains/modal/test/auto/DeepModal3.xml
34 ms. Memory: 195584K Free: 109029K (56%)
----------------- Invoking toplevel() on ptolemy.moml.MoMLSimpleApplication@1d21e231
----------------- Done invoking toplevel() on ptolemy.moml.MoMLSimpleApplication@1d21e231
reloadAllAccessors: .DeepModal3

===========================================================================================
----------------- testing Wed Sep 30 16:26:03 UTC 2020 /home/travis/build/icyphy/ptII/ptolemy/domains/modal/test/auto/DeepModal4.xml
----------------- Instantiating /home/travis/build/icyphy/ptII/ptolemy/domains/modal/test/auto/DeepModal4.xml
19 ms. Memory: 195584K Free: 89573K (46%)
----------------- Invoking toplevel() on ptolemy.moml.MoMLSimpleApplication@4f898ab4
----------------- Done invoking toplevel() on ptolemy.moml.MoMLSimpleApplication@4f898ab4
reloadAllAccessors: .DeepModal4

===========================================================================================
----------------- testing Wed Sep 30 16:26:03 UTC 2020 /home/travis/build/icyphy/ptII/ptolemy/domains/modal/test/auto/Default1.xml
----------------- Instantiating /home/travis/build/icyphy/ptII/ptolemy/domains/modal/test/auto/Default1.xml
2 ms. Memory: 195584K Free: 83443K (43%)
----------------- Invoking toplevel() on ptolemy.moml.MoMLSimpleApplication@162bab9b
----------------- Done invoking toplevel() on ptolemy.moml.MoMLSimpleApplication@162bab9b
reloadAllAccessors: .Default1

===========================================================================================
----------------- testing Wed Sep 30 16:26:03 UTC 2020 /home/travis/build/icyphy/ptII/ptolemy/domains/modal/test/auto/Default2.xml
----------------- Instantiating /home/travis/build/icyphy/ptII/ptolemy/domains/modal/test/auto/Default2.xml
10 ms. Memory: 195584K Free: 77813K (40%)
----------------- Invoking toplevel() on ptolemy.moml.MoMLSimpleApplication@4a39c139
----------------- Done invoking toplevel() on ptolemy.moml.MoMLSimpleApplication@4a39c139
reloadAllAccessors: .Default2

===========================================================================================
----------------- testing Wed Sep 30 16:26:03 UTC 2020 /home/travis/build/icyphy/ptII/ptolemy/domains/modal/test/auto/Default3.xml
----------------- Instantiating /home/travis/build/icyphy/ptII/ptolemy/domains/modal/test/auto/Default3.xml
5 ms. Memory: 195584K Free: 72179K (37%)
----------------- Invoking toplevel() on ptolemy.moml.MoMLSimpleApplication@4722de02
----------------- Done invoking toplevel() on ptolemy.moml.MoMLSimpleApplication@4722de02
reloadAllAccessors: .Default3

===========================================================================================
----------------- testing Wed Sep 30 16:26:03 UTC 2020 /home/travis/build/icyphy/ptII/ptolemy/domains/modal/test/auto/Default4.xml
----------------- Instantiating /home/travis/build/icyphy/ptII/ptolemy/domains/modal/test/auto/Default4.xml
2 ms. Memory: 195584K Free: 66035K (34%)
----------------- Invoking toplevel() on ptolemy.moml.MoMLSimpleApplication@2941bacd
----------------- Done invoking toplevel() on ptolemy.moml.MoMLSimpleApplication@2941bacd
reloadAllAccessors: .Default4

===========================================================================================
----------------- testing Wed Sep 30 16:26:03 UTC 2020 /home/travis/build/icyphy/ptII/ptolemy/domains/modal/test/auto/Default5.xml
----------------- Instantiating /home/travis/build/icyphy/ptII/ptolemy/domains/modal/test/auto/Default5.xml
7 ms. Memory: 195584K Free: 168949K (86%)
----------------- Invoking toplevel() on ptolemy.moml.MoMLSimpleApplication@7170ba0c
----------------- Done invoking toplevel() on ptolemy.moml.MoMLSimpleApplication@7170ba0c
reloadAllAccessors: .Default5

===========================================================================================
----------------- testing Wed Sep 30 16:26:03 UTC 2020 /home/travis/build/icyphy/ptII/ptolemy/domains/modal/test/auto/EmptyGuard.xml
----------------- Instantiating /home/travis/build/icyphy/ptII/ptolemy/domains/modal/test/auto/EmptyGuard.xml
14 ms. Memory: 195584K Free: 160757K (82%)
----------------- Invoking toplevel() on ptolemy.moml.MoMLSimpleApplication@7e1ac8e3
----------------- Done invoking toplevel() on ptolemy.moml.MoMLSimpleApplication@7e1ac8e3
reloadAllAccessors: .EmptyGuard

===========================================================================================
----------------- testing Wed Sep 30 16:26:03 UTC 2020 /home/travis/build/icyphy/ptII/ptolemy/domains/modal/test/auto/ErrorTransition1.xml
----------------- Instantiating /home/travis/build/icyphy/ptII/ptolemy/domains/modal/test/auto/ErrorTransition1.xml
14 ms. Memory: 195584K Free: 152051K (78%)
----------------- Invoking toplevel() on ptolemy.moml.MoMLSimpleApplication@101efef5
----------------- Done invoking toplevel() on ptolemy.moml.MoMLSimpleApplication@101efef5
reloadAllAccessors: .ErrorTransition1

===========================================================================================
----------------- testing Wed Sep 30 16:26:03 UTC 2020 /home/travis/build/icyphy/ptII/ptolemy/domains/modal/test/auto/ErrorTransition10.xml
----------------- Instantiating /home/travis/build/icyphy/ptII/ptolemy/domains/modal/test/auto/ErrorTransition10.xml
17 ms. Memory: 195584K Free: 138229K (71%)
----------------- Invoking toplevel() on ptolemy.moml.MoMLSimpleApplication@3964304c
----------------- Done invoking toplevel() on ptolemy.moml.MoMLSimpleApplication@3964304c
reloadAllAccessors: .ErrorTransition10

===========================================================================================
----------------- testing Wed Sep 30 16:26:03 UTC 2020 /home/travis/build/icyphy/ptII/ptolemy/domains/modal/test/auto/ErrorTransition11.xml
----------------- Instantiating /home/travis/build/icyphy/ptII/ptolemy/domains/modal/test/auto/ErrorTransition11.xml
4 ms. Memory: 195584K Free: 126965K (65%)
----------------- Invoking toplevel() on ptolemy.moml.MoMLSimpleApplication@60c4affe
----------------- Done invoking toplevel() on ptolemy.moml.MoMLSimpleApplication@60c4affe
reloadAllAccessors: .ErrorTransition11

===========================================================================================
----------------- testing Wed Sep 30 16:26:03 UTC 2020 /home/travis/build/icyphy/ptII/ptolemy/domains/modal/test/auto/ErrorTransition2.xml
----------------- Instantiating /home/travis/build/icyphy/ptII/ptolemy/domains/modal/test/auto/ErrorTransition2.xml
8 ms. Memory: 195584K Free: 118259K (60%)
----------------- Invoking toplevel() on ptolemy.moml.MoMLSimpleApplication@1ac25359
----------------- Done invoking toplevel() on ptolemy.moml.MoMLSimpleApplication@1ac25359
reloadAllAccessors: .ErrorTransition2

===========================================================================================
----------------- testing Wed Sep 30 16:26:03 UTC 2020 /home/travis/build/icyphy/ptII/ptolemy/domains/modal/test/auto/ErrorTransition3.xml
----------------- Instantiating /home/travis/build/icyphy/ptII/ptolemy/domains/modal/test/auto/ErrorTransition3.xml
29 ms. Memory: 195584K Free: 108533K (55%)
----------------- Invoking toplevel() on ptolemy.moml.MoMLSimpleApplication@a62e9b3
----------------- Done invoking toplevel() on ptolemy.moml.MoMLSimpleApplication@a62e9b3
reloadAllAccessors: .ErrorTransition3

===========================================================================================
----------------- testing Wed Sep 30 16:26:03 UTC 2020 /home/travis/build/icyphy/ptII/ptolemy/domains/modal/test/auto/ErrorTransition4.xml
----------------- Instantiating /home/travis/build/icyphy/ptII/ptolemy/domains/modal/test/auto/ErrorTransition4.xml
13 ms. Memory: 195584K Free: 97269K (50%)
----------------- Invoking toplevel() on ptolemy.moml.MoMLSimpleApplication@4977718d
----------------- Done invoking toplevel() on ptolemy.moml.MoMLSimpleApplication@4977718d
reloadAllAccessors: .ErrorTransition4

===========================================================================================
----------------- testing Wed Sep 30 16:26:03 UTC 2020 /home/travis/build/icyphy/ptII/ptolemy/domains/modal/test/auto/ErrorTransition5.xml
----------------- Instantiating /home/travis/build/icyphy/ptII/ptolemy/domains/modal/test/auto/ErrorTransition5.xml
12 ms. Memory: 195584K Free: 87029K (44%)
----------------- Invoking toplevel() on ptolemy.moml.MoMLSimpleApplication@4355a5bf
----------------- Done invoking toplevel() on ptolemy.moml.MoMLSimpleApplication@4355a5bf
reloadAllAccessors: .ErrorTransition5

===========================================================================================
----------------- testing Wed Sep 30 16:26:03 UTC 2020 /home/travis/build/icyphy/ptII/ptolemy/domains/modal/test/auto/ErrorTransition6.xml
----------------- Instantiating /home/travis/build/icyphy/ptII/ptolemy/domains/modal/test/auto/ErrorTransition6.xml
12 ms. Memory: 195584K Free: 76275K (39%)
----------------- Invoking toplevel() on ptolemy.moml.MoMLSimpleApplication@3b5867cd
----------------- Done invoking toplevel() on ptolemy.moml.MoMLSimpleApplication@3b5867cd
reloadAllAccessors: .ErrorTransition6

===========================================================================================
----------------- testing Wed Sep 30 16:26:04 UTC 2020 /home/travis/build/icyphy/ptII/ptolemy/domains/modal/test/auto/ErrorTransition7.xml
----------------- Instantiating /home/travis/build/icyphy/ptII/ptolemy/domains/modal/test/auto/ErrorTransition7.xml
39 ms. Memory: 235520K Free: 214003K (91%)
----------------- Invoking toplevel() on ptolemy.moml.MoMLSimpleApplication@1e59c81b
----------------- Done invoking toplevel() on ptolemy.moml.MoMLSimpleApplication@1e59c81b
reloadAllAccessors: .ErrorTransition7

===========================================================================================
----------------- testing Wed Sep 30 16:26:04 UTC 2020 /home/travis/build/icyphy/ptII/ptolemy/domains/modal/test/auto/ErrorTransition8.xml
----------------- Instantiating /home/travis/build/icyphy/ptII/ptolemy/domains/modal/test/auto/ErrorTransition8.xml
34 ms. Memory: 235520K Free: 200173K (85%)
----------------- Invoking toplevel() on ptolemy.moml.MoMLSimpleApplication@2b970f27
----------------- Done invoking toplevel() on ptolemy.moml.MoMLSimpleApplication@2b970f27
reloadAllAccessors: .ErrorTransition8

===========================================================================================
----------------- testing Wed Sep 30 16:26:04 UTC 2020 /home/travis/build/icyphy/ptII/ptolemy/domains/modal/test/auto/ErrorTransition9.xml
----------------- Instantiating /home/travis/build/icyphy/ptII/ptolemy/domains/modal/test/auto/ErrorTransition9.xml
23 ms. Memory: 235520K Free: 186853K (79%)
----------------- Invoking toplevel() on ptolemy.moml.MoMLSimpleApplication@681be607
----------------- Done invoking toplevel() on ptolemy.moml.MoMLSimpleApplication@681be607
reloadAllAccessors: .ErrorTransition9

===========================================================================================
----------------- testing Wed Sep 30 16:26:04 UTC 2020 /home/travis/build/icyphy/ptII/ptolemy/domains/modal/test/auto/ExtendedFSM.xml
----------------- Instantiating /home/travis/build/icyphy/ptII/ptolemy/domains/modal/test/auto/ExtendedFSM.xml
11 ms. Memory: 235520K Free: 178165K (76%)
----------------- Invoking toplevel() on ptolemy.moml.MoMLSimpleApplication@49931550
----------------- Done invoking toplevel() on ptolemy.moml.MoMLSimpleApplication@49931550
reloadAllAccessors: .ExtendedFSM

===========================================================================================
----------------- testing Wed Sep 30 16:26:04 UTC 2020 /home/travis/build/icyphy/ptII/ptolemy/domains/modal/test/auto/FinalStates.xml
----------------- Instantiating /home/travis/build/icyphy/ptII/ptolemy/domains/modal/test/auto/FinalStates.xml
7 ms. Memory: 235520K Free: 169973K (72%)
----------------- Invoking toplevel() on ptolemy.moml.MoMLSimpleApplication@33f24682
----------------- Done invoking toplevel() on ptolemy.moml.MoMLSimpleApplication@33f24682
reloadAllAccessors: .FinalStates

===========================================================================================
----------------- testing Wed Sep 30 16:26:04 UTC 2020 /home/travis/build/icyphy/ptII/ptolemy/domains/modal/test/auto/FixedPointFSM.xml
----------------- Instantiating /home/travis/build/icyphy/ptII/ptolemy/domains/modal/test/auto/FixedPointFSM.xml
21 ms. Memory: 235520K Free: 155117K (66%)
----------------- Invoking toplevel() on ptolemy.moml.MoMLSimpleApplication@21b1f845
----------------- Done invoking toplevel() on ptolemy.moml.MoMLSimpleApplication@21b1f845
reloadAllAccessors: .FixedPointFSM

===========================================================================================
----------------- testing Wed Sep 30 16:26:04 UTC 2020 /home/travis/build/icyphy/ptII/ptolemy/domains/modal/test/auto/FixedPointIterationFSMActor.xml
----------------- Instantiating /home/travis/build/icyphy/ptII/ptolemy/domains/modal/test/auto/FixedPointIterationFSMActor.xml
8 ms. Memory: 235520K Free: 144373K (61%)
----------------- Invoking toplevel() on ptolemy.moml.MoMLSimpleApplication@23b7d941
----------------- Done invoking toplevel() on ptolemy.moml.MoMLSimpleApplication@23b7d941
reloadAllAccessors: .FixedPointIterationFSMActor

===========================================================================================
----------------- testing Wed Sep 30 16:26:04 UTC 2020 /home/travis/build/icyphy/ptII/ptolemy/domains/modal/test/auto/FixedPointIterationFSMActor2.xml
----------------- Instantiating /home/travis/build/icyphy/ptII/ptolemy/domains/modal/test/auto/FixedPointIterationFSMActor2.xml
8 ms. Memory: 235520K Free: 132085K (56%)
----------------- Invoking toplevel() on ptolemy.moml.MoMLSimpleApplication@2b7d9e17
----------------- Done invoking toplevel() on ptolemy.moml.MoMLSimpleApplication@2b7d9e17
reloadAllAccessors: .FixedPointIterationFSMActor2

===========================================================================================
----------------- testing Wed Sep 30 16:26:04 UTC 2020 /home/travis/build/icyphy/ptII/ptolemy/domains/modal/test/auto/ForbiddenInstantanousLoop.xml
----------------- Instantiating /home/travis/build/icyphy/ptII/ptolemy/domains/modal/test/auto/ForbiddenInstantanousLoop.xml
8 ms. Memory: 235520K Free: 119797K (51%)
----------------- Invoking toplevel() on ptolemy.moml.MoMLSimpleApplication@1d2f29c1
----------------- Done invoking toplevel() on ptolemy.moml.MoMLSimpleApplication@1d2f29c1
reloadAllAccessors: .ForbiddenInstantanousLoop

===========================================================================================
----------------- testing Wed Sep 30 16:26:04 UTC 2020 /home/travis/build/icyphy/ptII/ptolemy/domains/modal/test/auto/FunctionDependencyOfFSMActorTest.xml
----------------- Instantiating /home/travis/build/icyphy/ptII/ptolemy/domains/modal/test/auto/FunctionDependencyOfFSMActorTest.xml
10 ms. Memory: 235520K Free: 112629K (48%)
----------------- Invoking toplevel() on ptolemy.moml.MoMLSimpleApplication@68e10413
----------------- Done invoking toplevel() on ptolemy.moml.MoMLSimpleApplication@68e10413
reloadAllAccessors: .FunctionDependencyOfFSMActorTest

===========================================================================================
----------------- testing Wed Sep 30 16:26:04 UTC 2020 /home/travis/build/icyphy/ptII/ptolemy/domains/modal/test/auto/GuardExpression.xml
----------------- Instantiating /home/travis/build/icyphy/ptII/ptolemy/domains/modal/test/auto/GuardExpression.xml
2 ms. Memory: 235520K Free: 107509K (46%)
----------------- Invoking toplevel() on ptolemy.moml.MoMLSimpleApplication@6035ce2b
----------------- Done invoking toplevel() on ptolemy.moml.MoMLSimpleApplication@6035ce2b
reloadAllAccessors: .GuardExpression

===========================================================================================
----------------- testing Wed Sep 30 16:26:04 UTC 2020 /home/travis/build/icyphy/ptII/ptolemy/domains/modal/test/auto/GuardNotEvaluated.xml
----------------- Instantiating /home/travis/build/icyphy/ptII/ptolemy/domains/modal/test/auto/GuardNotEvaluated.xml
7 ms. Memory: 235520K Free: 98789K (42%)
----------------- Invoking toplevel() on ptolemy.moml.MoMLSimpleApplication@64d1b53c
----------------- Done invoking toplevel() on ptolemy.moml.MoMLSimpleApplication@64d1b53c
reloadAllAccessors: .GuardNotEvaluated

===========================================================================================
----------------- testing Wed Sep 30 16:26:04 UTC 2020 /home/travis/build/icyphy/ptII/ptolemy/domains/modal/test/auto/GuardNotEvaluated2.xml
----------------- Instantiating /home/travis/build/icyphy/ptII/ptolemy/domains/modal/test/auto/GuardNotEvaluated2.xml
9 ms. Memory: 235520K Free: 89077K (38%)
----------------- Invoking toplevel() on ptolemy.moml.MoMLSimpleApplication@4b7500aa
----------------- Done invoking toplevel() on ptolemy.moml.MoMLSimpleApplication@4b7500aa
reloadAllAccessors: .GuardNotEvaluated2

===========================================================================================
----------------- testing Wed Sep 30 16:26:04 UTC 2020 /home/travis/build/icyphy/ptII/ptolemy/domains/modal/test/auto/GuardOnAbsent.xml
----------------- Instantiating /home/travis/build/icyphy/ptII/ptolemy/domains/modal/test/auto/GuardOnAbsent.xml
9 ms. Memory: 235520K Free: 81389K (35%)
----------------- Invoking toplevel() on ptolemy.moml.MoMLSimpleApplication@7b5e1ea
----------------- Done invoking toplevel() on ptolemy.moml.MoMLSimpleApplication@7b5e1ea
reloadAllAccessors: .GuardOnAbsent

===========================================================================================
----------------- testing Wed Sep 30 16:26:04 UTC 2020 /home/travis/build/icyphy/ptII/ptolemy/domains/modal/test/auto/HierarchicalFSMTypeInference.xml
----------------- Instantiating /home/travis/build/icyphy/ptII/ptolemy/domains/modal/test/auto/HierarchicalFSMTypeInference.xml
5 ms. Memory: 235520K Free: 206315K (88%)
----------------- Invoking toplevel() on ptolemy.moml.MoMLSimpleApplication@34408cb4
----------------- Done invoking toplevel() on ptolemy.moml.MoMLSimpleApplication@34408cb4
reloadAllAccessors: .HierarchicalFSMTypeInference

===========================================================================================
----------------- testing Wed Sep 30 16:26:04 UTC 2020 /home/travis/build/icyphy/ptII/ptolemy/domains/modal/test/auto/Hysteresis.xml
----------------- Instantiating /home/travis/build/icyphy/ptII/ptolemy/domains/modal/test/auto/Hysteresis.xml
13 ms. Memory: 235520K Free: 192997K (82%)
----------------- Invoking toplevel() on ptolemy.moml.MoMLSimpleApplication@745fe90
----------------- Done invoking toplevel() on ptolemy.moml.MoMLSimpleApplication@745fe90
reloadAllAccessors: .Hysteresis

===========================================================================================
----------------- testing Wed Sep 30 16:26:04 UTC 2020 /home/travis/build/icyphy/ptII/ptolemy/domains/modal/test/auto/HysteresisWithDefault.xml
----------------- Instantiating /home/travis/build/icyphy/ptII/ptolemy/domains/modal/test/auto/HysteresisWithDefault.xml
45 ms. Memory: 235520K Free: 169973K (72%)
----------------- Invoking toplevel() on ptolemy.moml.MoMLSimpleApplication@768ea6c9
----------------- Done invoking toplevel() on ptolemy.moml.MoMLSimpleApplication@768ea6c9
reloadAllAccessors: .HysteresisWithDefault

===========================================================================================
----------------- testing Wed Sep 30 16:26:04 UTC 2020 /home/travis/build/icyphy/ptII/ptolemy/domains/modal/test/auto/HysteresisWithDefault2.xml
----------------- Instantiating /home/travis/build/icyphy/ptII/ptolemy/domains/modal/test/auto/HysteresisWithDefault2.xml
41 ms. Memory: 235520K Free: 140277K (60%)
----------------- Invoking toplevel() on ptolemy.moml.MoMLSimpleApplication@57ab2d7e
----------------- Done invoking toplevel() on ptolemy.moml.MoMLSimpleApplication@57ab2d7e
reloadAllAccessors: .HysteresisWithDefault2

===========================================================================================
----------------- testing Wed Sep 30 16:26:04 UTC 2020 /home/travis/build/icyphy/ptII/ptolemy/domains/modal/test/auto/ImmediateNonConstructiveness.xml
----------------- Instantiating /home/travis/build/icyphy/ptII/ptolemy/domains/modal/test/auto/ImmediateNonConstructiveness.xml
3 ms. Memory: 235520K Free: 133109K (57%)
----------------- Invoking toplevel() on ptolemy.moml.MoMLSimpleApplication@2dc127d
----------------- Done invoking toplevel() on ptolemy.moml.MoMLSimpleApplication@2dc127d
reloadAllAccessors: .ImmediateNonConstructiveness

===========================================================================================
----------------- testing Wed Sep 30 16:26:04 UTC 2020 /home/travis/build/icyphy/ptII/ptolemy/domains/modal/test/auto/ImmediateNonConstructiveness2.xml
----------------- Instantiating /home/travis/build/icyphy/ptII/ptolemy/domains/modal/test/auto/ImmediateNonConstructiveness2.xml
3 ms. Memory: 235520K Free: 126451K (54%)
----------------- Invoking toplevel() on ptolemy.moml.MoMLSimpleApplication@50067e2b
----------------- Done invoking toplevel() on ptolemy.moml.MoMLSimpleApplication@50067e2b
reloadAllAccessors: .ImmediateNonConstructiveness2

===========================================================================================
----------------- testing Wed Sep 30 16:26:04 UTC 2020 /home/travis/build/icyphy/ptII/ptolemy/domains/modal/test/auto/ImmediateTransitionReset.xml
----------------- Instantiating /home/travis/build/icyphy/ptII/ptolemy/domains/modal/test/auto/ImmediateTransitionReset.xml
9 ms. Memory: 235520K Free: 114677K (49%)
----------------- Invoking toplevel() on ptolemy.moml.MoMLSimpleApplication@6549af1c
----------------- Done invoking toplevel() on ptolemy.moml.MoMLSimpleApplication@6549af1c
reloadAllAccessors: .ImmediateTransitionReset

===========================================================================================
----------------- testing Wed Sep 30 16:26:04 UTC 2020 /home/travis/build/icyphy/ptII/ptolemy/domains/modal/test/auto/ImmediateTransitions1.xml
----------------- Instantiating /home/travis/build/icyphy/ptII/ptolemy/domains/modal/test/auto/ImmediateTransitions1.xml
2 ms. Memory: 235520K Free: 109557K (47%)
----------------- Invoking toplevel() on ptolemy.moml.MoMLSimpleApplication@149e35ba
----------------- Done invoking toplevel() on ptolemy.moml.MoMLSimpleApplication@149e35ba
reloadAllAccessors: .ImmediateTransitions1

===========================================================================================
----------------- testing Wed Sep 30 16:26:04 UTC 2020 /home/travis/build/icyphy/ptII/ptolemy/domains/modal/test/auto/ImmediateTransitionsInstantaneousCommunication.xml
----------------- Instantiating /home/travis/build/icyphy/ptII/ptolemy/domains/modal/test/auto/ImmediateTransitionsInstantaneousCommunication.xml
4 ms. Memory: 235520K Free: 97269K (41%)
----------------- Invoking toplevel() on ptolemy.moml.MoMLSimpleApplication@538b3eb2
----------------- Done invoking toplevel() on ptolemy.moml.MoMLSimpleApplication@538b3eb2
reloadAllAccessors: .ImmediateTransitionsInstantaneousCommunication

===========================================================================================
----------------- testing Wed Sep 30 16:26:04 UTC 2020 /home/travis/build/icyphy/ptII/ptolemy/domains/modal/test/auto/InitialImmediateTransition.xml
----------------- Instantiating /home/travis/build/icyphy/ptII/ptolemy/domains/modal/test/auto/InitialImmediateTransition.xml
3 ms. Memory: 235520K Free: 90101K (38%)
----------------- Invoking toplevel() on ptolemy.moml.MoMLSimpleApplication@667266df
----------------- Done invoking toplevel() on ptolemy.moml.MoMLSimpleApplication@667266df
reloadAllAccessors: .InitialImmediateTransition

===========================================================================================
----------------- testing Wed Sep 30 16:26:05 UTC 2020 /home/travis/build/icyphy/ptII/ptolemy/domains/modal/test/auto/InitialOutputs.xml
----------------- Instantiating /home/travis/build/icyphy/ptII/ptolemy/domains/modal/test/auto/InitialOutputs.xml
3 ms. Memory: 235520K Free: 83957K (36%)
----------------- Invoking toplevel() on ptolemy.moml.MoMLSimpleApplication@11a061f5
----------------- Done invoking toplevel() on ptolemy.moml.MoMLSimpleApplication@11a061f5
reloadAllAccessors: .InitialOutputs

===========================================================================================
----------------- testing Wed Sep 30 16:26:05 UTC 2020 /home/travis/build/icyphy/ptII/ptolemy/domains/modal/test/auto/InitialStateTransition1.xml
----------------- Instantiating /home/travis/build/icyphy/ptII/ptolemy/domains/modal/test/auto/InitialStateTransition1.xml
2 ms. Memory: 235520K Free: 211643K (90%)
----------------- Invoking toplevel() on ptolemy.moml.MoMLSimpleApplication@5266be8f
----------------- Done invoking toplevel() on ptolemy.moml.MoMLSimpleApplication@5266be8f
reloadAllAccessors: .InitialStateTransition1

===========================================================================================
----------------- testing Wed Sep 30 16:26:05 UTC 2020 /home/travis/build/icyphy/ptII/ptolemy/domains/modal/test/auto/InitialStateTransition2.xml
----------------- Instantiating /home/travis/build/icyphy/ptII/ptolemy/domains/modal/test/auto/InitialStateTransition2.xml
.InitialStateTransition2.TestExceptionAttributeNonConstructive: initialize() was not invoked, but wrapup() was.  This is unusual, but not always a problem.  For example, exporting JNLP will do this.
3 ms. Memory: 235520K Free: 204275K (87%)
----------------- Invoking toplevel() on ptolemy.moml.MoMLSimpleApplication@58c4819b
----------------- Done invoking toplevel() on ptolemy.moml.MoMLSimpleApplication@58c4819b
reloadAllAccessors: .InitialStateTransition2

===========================================================================================
----------------- testing Wed Sep 30 16:26:05 UTC 2020 /home/travis/build/icyphy/ptII/ptolemy/domains/modal/test/auto/InitialStateTransition3.xml
----------------- Instantiating /home/travis/build/icyphy/ptII/ptolemy/domains/modal/test/auto/InitialStateTransition3.xml
5 ms. Memory: 235520K Free: 195571K (83%)
----------------- Invoking toplevel() on ptolemy.moml.MoMLSimpleApplication@5d8ffa33
----------------- Done invoking toplevel() on ptolemy.moml.MoMLSimpleApplication@5d8ffa33
reloadAllAccessors: .InitialStateTransition3

===========================================================================================
----------------- testing Wed Sep 30 16:26:05 UTC 2020 /home/travis/build/icyphy/ptII/ptolemy/domains/modal/test/auto/InitialStateTransition4.xml
----------------- Instantiating /home/travis/build/icyphy/ptII/ptolemy/domains/modal/test/auto/InitialStateTransition4.xml
3 ms. Memory: 235520K Free: 185845K (79%)
----------------- Invoking toplevel() on ptolemy.moml.MoMLSimpleApplication@651bc456
----------------- Done invoking toplevel() on ptolemy.moml.MoMLSimpleApplication@651bc456
[...]
reloadAllAccessors: .TerminationTransition3

===========================================================================================
----------------- testing Wed Sep 30 16:26:07 UTC 2020 /home/travis/build/icyphy/ptII/ptolemy/domains/modal/test/auto/TerminationTransition4.xml
----------------- Instantiating /home/travis/build/icyphy/ptII/ptolemy/domains/modal/test/auto/TerminationTransition4.xml
6 ms. Memory: 288768K Free: 258652K (90%)
----------------- Invoking toplevel() on ptolemy.moml.MoMLSimpleApplication@79ecf6e3
----------------- Done invoking toplevel() on ptolemy.moml.MoMLSimpleApplication@79ecf6e3
reloadAllAccessors: .TerminationTransition4

===========================================================================================
----------------- testing Wed Sep 30 16:26:07 UTC 2020 /home/travis/build/icyphy/ptII/ptolemy/domains/modal/test/auto/TerminationTransition5.xml
----------------- Instantiating /home/travis/build/icyphy/ptII/ptolemy/domains/modal/test/auto/TerminationTransition5.xml
2 ms. Memory: 288768K Free: 244830K (85%)
----------------- Invoking toplevel() on ptolemy.moml.MoMLSimpleApplication@7f7a3d17
----------------- Done invoking toplevel() on ptolemy.moml.MoMLSimpleApplication@7f7a3d17
reloadAllAccessors: .TerminationTransition5

===========================================================================================
----------------- testing Wed Sep 30 16:26:07 UTC 2020 /home/travis/build/icyphy/ptII/ptolemy/domains/modal/test/auto/TerminationTransition6.xml
----------------- Instantiating /home/travis/build/icyphy/ptII/ptolemy/domains/modal/test/auto/TerminationTransition6.xml
1 ms. Memory: 288768K Free: 236124K (82%)
----------------- Invoking toplevel() on ptolemy.moml.MoMLSimpleApplication@78d4fe41
----------------- Done invoking toplevel() on ptolemy.moml.MoMLSimpleApplication@78d4fe41
reloadAllAccessors: .TerminationTransition6

===========================================================================================
----------------- testing Wed Sep 30 16:26:07 UTC 2020 /home/travis/build/icyphy/ptII/ptolemy/domains/modal/test/auto/TerminationTransition7.xml
----------------- Instantiating /home/travis/build/icyphy/ptII/ptolemy/domains/modal/test/auto/TerminationTransition7.xml
2 ms. Memory: 288768K Free: 226398K (78%)
----------------- Invoking toplevel() on ptolemy.moml.MoMLSimpleApplication@14c086f6
----------------- Done invoking toplevel() on ptolemy.moml.MoMLSimpleApplication@14c086f6
reloadAllAccessors: .TerminationTransition7

===========================================================================================
----------------- testing Wed Sep 30 16:26:07 UTC 2020 /home/travis/build/icyphy/ptII/ptolemy/domains/modal/test/auto/TerminationTransition8.xml
----------------- Instantiating /home/travis/build/icyphy/ptII/ptolemy/domains/modal/test/auto/TerminationTransition8.xml
2 ms. Memory: 288768K Free: 216668K (75%)
----------------- Invoking toplevel() on ptolemy.moml.MoMLSimpleApplication@22ba7781
----------------- Done invoking toplevel() on ptolemy.moml.MoMLSimpleApplication@22ba7781
reloadAllAccessors: .TerminationTransition8

===========================================================================================
----------------- testing Wed Sep 30 16:26:07 UTC 2020 /home/travis/build/icyphy/ptII/ptolemy/domains/modal/test/auto/Thermostat_NoHysteresis.xml
----------------- Instantiating /home/travis/build/icyphy/ptII/ptolemy/domains/modal/test/auto/Thermostat_NoHysteresis.xml
24 ms. Memory: 288768K Free: 192092K (67%)
----------------- Invoking toplevel() on ptolemy.moml.MoMLSimpleApplication@118827fc
----------------- Done invoking toplevel() on ptolemy.moml.MoMLSimpleApplication@118827fc
reloadAllAccessors: .Thermostat_NoHysteresis

===========================================================================================
----------------- testing Wed Sep 30 16:26:07 UTC 2020 /home/travis/build/icyphy/ptII/ptolemy/domains/modal/test/auto/TimedFSM.xml
----------------- Instantiating /home/travis/build/icyphy/ptII/ptolemy/domains/modal/test/auto/TimedFSM.xml
8 ms. Memory: 288768K Free: 180318K (62%)
----------------- Invoking toplevel() on ptolemy.moml.MoMLSimpleApplication@8f26b38
----------------- Done invoking toplevel() on ptolemy.moml.MoMLSimpleApplication@8f26b38
reloadAllAccessors: .TimedFSM

===========================================================================================
----------------- testing Wed Sep 30 16:26:07 UTC 2020 /home/travis/build/icyphy/ptII/ptolemy/domains/modal/test/auto/Timeout1.xml
----------------- Instantiating /home/travis/build/icyphy/ptII/ptolemy/domains/modal/test/auto/Timeout1.xml
3 ms. Memory: 288768K Free: 174670K (60%)
----------------- Invoking toplevel() on ptolemy.moml.MoMLSimpleApplication@702b806f
----------------- Done invoking toplevel() on ptolemy.moml.MoMLSimpleApplication@702b806f
reloadAllAccessors: .Timeout1

===========================================================================================
----------------- testing Wed Sep 30 16:26:07 UTC 2020 /home/travis/build/icyphy/ptII/ptolemy/domains/modal/test/auto/Timeout2.xml
----------------- Instantiating /home/travis/build/icyphy/ptII/ptolemy/domains/modal/test/auto/Timeout2.xml
8 ms. Memory: 288768K Free: 165982K (57%)
----------------- Invoking toplevel() on ptolemy.moml.MoMLSimpleApplication@4b527e3e
----------------- Done invoking toplevel() on ptolemy.moml.MoMLSimpleApplication@4b527e3e
reloadAllAccessors: .Timeout2

===========================================================================================
----------------- testing Wed Sep 30 16:26:07 UTC 2020 /home/travis/build/icyphy/ptII/ptolemy/domains/modal/test/auto/Timeout3.xml
----------------- Instantiating /home/travis/build/icyphy/ptII/ptolemy/domains/modal/test/auto/Timeout3.xml
2 ms. Memory: 288768K Free: 161372K (56%)
----------------- Invoking toplevel() on ptolemy.moml.MoMLSimpleApplication@1057b198
----------------- Done invoking toplevel() on ptolemy.moml.MoMLSimpleApplication@1057b198
reloadAllAccessors: .Timeout3

===========================================================================================
----------------- testing Wed Sep 30 16:26:07 UTC 2020 /home/travis/build/icyphy/ptII/ptolemy/domains/modal/test/auto/Timeout4.xml
----------------- Instantiating /home/travis/build/icyphy/ptII/ptolemy/domains/modal/test/auto/Timeout4.xml
2 ms. Memory: 288768K Free: 156238K (54%)
----------------- Invoking toplevel() on ptolemy.moml.MoMLSimpleApplication@28c1302c
----------------- Done invoking toplevel() on ptolemy.moml.MoMLSimpleApplication@28c1302c
reloadAllAccessors: .Timeout4

===========================================================================================
----------------- testing Wed Sep 30 16:26:07 UTC 2020 /home/travis/build/icyphy/ptII/ptolemy/domains/modal/test/auto/TransientstateModelAdvanced.xml
----------------- Instantiating /home/travis/build/icyphy/ptII/ptolemy/domains/modal/test/auto/TransientstateModelAdvanced.xml
3 ms. Memory: 288768K Free: 143950K (50%)
----------------- Invoking toplevel() on ptolemy.moml.MoMLSimpleApplication@43943296
----------------- Done invoking toplevel() on ptolemy.moml.MoMLSimpleApplication@43943296
reloadAllAccessors: .TransientstateModelAdvanced

===========================================================================================
----------------- testing Wed Sep 30 16:26:07 UTC 2020 /home/travis/build/icyphy/ptII/ptolemy/domains/modal/test/auto/TransientstateModelAdvanced2.xml
----------------- Instantiating /home/travis/build/icyphy/ptII/ptolemy/domains/modal/test/auto/TransientstateModelAdvanced2.xml
4 ms. Memory: 288768K Free: 129614K (45%)
----------------- Invoking toplevel() on ptolemy.moml.MoMLSimpleApplication@21087418
----------------- Done invoking toplevel() on ptolemy.moml.MoMLSimpleApplication@21087418
reloadAllAccessors: .transientstatemodelAdvanced

===========================================================================================
----------------- testing Wed Sep 30 16:26:07 UTC 2020 /home/travis/build/icyphy/ptII/ptolemy/domains/modal/test/auto/TransitionRefinements.xml
----------------- Instantiating /home/travis/build/icyphy/ptII/ptolemy/domains/modal/test/auto/TransitionRefinements.xml
7 ms. Memory: 288768K Free: 119902K (42%)
----------------- Invoking toplevel() on ptolemy.moml.MoMLSimpleApplication@144dca88
----------------- Done invoking toplevel() on ptolemy.moml.MoMLSimpleApplication@144dca88
reloadAllAccessors: .TransitionRefinements

===========================================================================================
----------------- testing Wed Sep 30 16:26:07 UTC 2020 /home/travis/build/icyphy/ptII/ptolemy/domains/modal/test/auto/TwoRefinements1.xml
----------------- Instantiating /home/travis/build/icyphy/ptII/ptolemy/domains/modal/test/auto/TwoRefinements1.xml
3 ms. Memory: 288768K Free: 110172K (38%)
----------------- Invoking toplevel() on ptolemy.moml.MoMLSimpleApplication@203dc378
----------------- Done invoking toplevel() on ptolemy.moml.MoMLSimpleApplication@203dc378
reloadAllAccessors: .TwoRefinements1

===========================================================================================
----------------- testing Wed Sep 30 16:26:07 UTC 2020 /home/travis/build/icyphy/ptII/ptolemy/domains/modal/test/auto/TwoRefinements2.xml
----------------- Instantiating /home/travis/build/icyphy/ptII/ptolemy/domains/modal/test/auto/TwoRefinements2.xml
3 ms. Memory: 288768K Free: 99932K (35%)
----------------- Invoking toplevel() on ptolemy.moml.MoMLSimpleApplication@12992d51
----------------- Done invoking toplevel() on ptolemy.moml.MoMLSimpleApplication@12992d51
reloadAllAccessors: .TwoRefinements2

===========================================================================================
----------------- testing Wed Sep 30 16:26:07 UTC 2020 /home/travis/build/icyphy/ptII/ptolemy/domains/modal/test/auto/WeakImmediateTransition.xml
----------------- Instantiating /home/travis/build/icyphy/ptII/ptolemy/domains/modal/test/auto/WeakImmediateTransition.xml
3 ms. Memory: 288768K Free: 260380K (90%)
----------------- Invoking toplevel() on ptolemy.moml.MoMLSimpleApplication@4eac92c1
----------------- Done invoking toplevel() on ptolemy.moml.MoMLSimpleApplication@4eac92c1
reloadAllAccessors: .WeakImmediateTransition

===========================================================================================
----------------- testing Wed Sep 30 16:26:07 UTC 2020 /home/travis/build/icyphy/ptII/ptolemy/domains/modal/test/auto/booleanSelect.xml
----------------- Instantiating /home/travis/build/icyphy/ptII/ptolemy/domains/modal/test/auto/booleanSelect.xml
34 ms. Memory: 288768K Free: 241948K (84%)
----------------- Invoking toplevel() on ptolemy.moml.MoMLSimpleApplication@5245fe55
----------------- Done invoking toplevel() on ptolemy.moml.MoMLSimpleApplication@5245fe55
reloadAllAccessors: .booleanSelect

===========================================================================================
----------------- testing Wed Sep 30 16:26:07 UTC 2020 /home/travis/build/icyphy/ptII/ptolemy/domains/modal/test/auto/modalChangingParams.xml
----------------- Instantiating /home/travis/build/icyphy/ptII/ptolemy/domains/modal/test/auto/modalChangingParams.xml
0
1
0
2
4
6
8
7
0
2
4
6
8
13
0
2
4
6
8
19
0
2
4
6
8
25
0
2
4
6
8
31
0
2
4
6
8
37
0
2
4
6
8
43
0
2
4
6
8
49
0
2
4
6
8
55
0
2
4
6
8
61
0
2
4
6
8
67
0
2
4
6
8
73
0
2
4
6
8
79
0
2
4
6
8
85
0
2
4
6
8
91
0
2
4
6
8
97
0
2
4
6
8
103
0
2
4
6
8
109
0
2
4
6
8
115
0
2
4
6
8
121
0
2
4
6
8
127
0
2
4
6
8
133
0
2
4
6
8
139
0
2
4
6
8
145
0
2
4
6
8
151
0
2
4
6
8
157
0
2
4
6
8
163
0
2
4
6
8
169
0
2
4
6
8
175
0
2
4
6
8
181
0
2
4
6
8
187
0
2
4
6
8
193
0
2
4
6
8
199
0
2
4
6
8
205
0
2
4
6
8
211
0
2
4
6
8
217
0
2
4
6
8
223
0
2
4
6
8
229
0
2
4
6
8
235
0
2
4
6
8
241
0
2
4
6
8
247
0
2
4
6
8
253
0
2
4
6
8
259
0
2
4
6
8
265
0
2
4
6
8
271
0
2
4
6
8
277
0
2
4
6
8
283
0
2
4
6
8
289
0
2
4
6
8
295
0
2
4
6
8
301
0
2
4
6
8
307
0
2
4
6
8
313
0
2
4
6
8
319
0
2
4
6
8
325
0
2
4
6
8
331
0
2
4
6
8
337
0
2
4
6
8
343
0
2
4
6
8
349
0
2
4
6
8
355
0
2
4
6
8
361
0
2
4
6
8
367
0
2
4
6
8
373
0
2
4
6
8
379
0
2
4
6
8
385
0
2
4
6
8
391
0
2
4
6
8
397
0
2
4
6
8
403
0
2
4
6
8
409
0
2
4
6
8
415
0
2
4
6
8
421
0
2
4
6
8
427
0
2
4
6
8
433
0
2
4
6
8
439
0
2
4
6
8
445
0
2
4
6
8
451
0
2
4
6
8
457
0
2
4
6
8
463
0
2
4
6
8
469
0
2
4
6
8
475
0
2
4
6
8
481
0
2
4
6
8
487
0
2
4
6
8
493
0
2
4
6
8
499
0
2
4
6
8
505
0
2
4
6
8
511
0
2
4
6
8
517
0
2
4
6
8
523
0
2
4
6
8
529
0
2
4
6
8
535
0
2
4
6
8
541
0
2
4
6
8
547
0
2
4
6
8
553
0
2
4
6
8
559
0
2
4
6
8
565
0
2
4
6
8
571
0
2
4
6
8
577
0
2
4
6
8
583
0
2
4
6
8
589
0
2
4
6
8
595
0
2
4
6
8
601
0
2
4
6
8
607
0
2
4
6
8
613
0
2
4
6
8
619
0
2
4
6
8
625
0
2
4
6
8
631
0
2
4
6
8
637
0
2
4
6
8
643
0
2
4
6
8
649
0
2
4
6
8
655
0
2
4
6
8
661
0
2
4
6
8
667
0
2
4
6
8
673
0
2
4
6
8
679
0
2
4
6
8
685
0
2
4
6
8
691
0
2
4
6
8
697
0
2
4
6
8
703
0
2
4
6
8
709
0
2
4
6
8
715
0
2
4
6
8
721
0
2
4
6
8
727
0
2
4
6
8
733
0
2
4
6
8
739
0
2
4
6
8
745
0
2
4
6
8
751
0
2
4
6
8
757
0
2
4
6
8
763
0
2
4
6
8
769
0
2
4
6
8
775
0
2
4
6
8
781
0
2
4
6
8
787
0
2
4
6
8
793
0
2
4
6
8
799
0
2
4
6
8
805
0
2
4
6
8
811
0
2
4
6
8
817
0
2
4
6
8
823
0
2
4
6
8
829
0
2
4
6
8
835
0
2
4
6
8
841
0
2
4
6
8
847
0
2
4
6
8
853
0
2
4
6
8
859
0
2
4
6
8
865
0
2
4
6
8
871
0
2
4
6
8
877
0
2
4
6
8
883
0
2
4
6
8
889
0
2
4
6
8
895
0
2
4
6
8
901
0
2
4
6
8
907
0
2
4
6
8
913
0
2
4
6
8
919
0
2
4
6
8
925
0
2
4
6
8
931
0
2
4
6
8
937
0
2
4
6
8
943
0
2
4
6
8
949
0
2
4
6
8
955
0
2
4
6
8
961
0
2
4
6
8
967
0
2
4
6
8
973
0
2
4
6
8
979
0
2
4
6
8
985
0
2
4
6
8
991
0
2
4
6
8
997
0
2
257 ms. Memory: 288768K Free: 127260K (44%)
----------------- Invoking toplevel() on ptolemy.moml.MoMLSimpleApplication@16a8b81b
----------------- Done invoking toplevel() on ptolemy.moml.MoMLSimpleApplication@16a8b81b
reloadAllAccessors: .modalChangingParams

===========================================================================================
----------------- testing Wed Sep 30 16:26:07 UTC 2020 /home/travis/build/icyphy/ptII/ptolemy/domains/modal/test/auto/modalModel.xml
----------------- Instantiating /home/travis/build/icyphy/ptII/ptolemy/domains/modal/test/auto/modalModel.xml
5 ms. Memory: 288768K Free: 118524K (41%)
----------------- Invoking toplevel() on ptolemy.moml.MoMLSimpleApplication@8d6845
----------------- Done invoking toplevel() on ptolemy.moml.MoMLSimpleApplication@8d6845
reloadAllAccessors: .modalModel

===========================================================================================
----------------- testing Wed Sep 30 16:26:07 UTC 2020 /home/travis/build/icyphy/ptII/ptolemy/domains/modal/test/auto/modalModel2.xml
----------------- Instantiating /home/travis/build/icyphy/ptII/ptolemy/domains/modal/test/auto/modalModel2.xml
11 ms. Memory: 288768K Free: 107804K (37%)
----------------- Invoking toplevel() on ptolemy.moml.MoMLSimpleApplication@5a74ccfb
----------------- Done invoking toplevel() on ptolemy.moml.MoMLSimpleApplication@5a74ccfb
reloadAllAccessors: .modalModel2

===========================================================================================
----------------- testing Wed Sep 30 16:26:07 UTC 2020 /home/travis/build/icyphy/ptII/ptolemy/domains/modal/test/auto/modalModel3.xml
----------------- Instantiating /home/travis/build/icyphy/ptII/ptolemy/domains/modal/test/auto/modalModel3.xml
0	0	0
1	0	1
4	2	2
7	4	3
10	6	4
5	0	5
8	2	6
11	4	7
14	6	8
9	0	9
12	2	10
15	4	11
18	6	12
13	0	13
16	2	14
19 ms. Memory: 347136K Free: 321292K (93%)
----------------- Invoking toplevel() on ptolemy.moml.MoMLSimpleApplication@74d4fc35
----------------- Done invoking toplevel() on ptolemy.moml.MoMLSimpleApplication@74d4fc35
reloadAllAccessors: .modalModel3

===========================================================================================
----------------- testing Wed Sep 30 16:26:07 UTC 2020 /home/travis/build/icyphy/ptII/ptolemy/domains/modal/test/auto/model1.xml
----------------- Instantiating /home/travis/build/icyphy/ptII/ptolemy/domains/modal/test/auto/model1.xml
12 ms. Memory: 347136K Free: 315692K (91%)
----------------- Invoking toplevel() on ptolemy.moml.MoMLSimpleApplication@78b6252e
----------------- Done invoking toplevel() on ptolemy.moml.MoMLSimpleApplication@78b6252e
reloadAllAccessors: .model1

===========================================================================================
----------------- testing Wed Sep 30 16:26:08 UTC 2020 /home/travis/build/icyphy/ptII/ptolemy/domains/modal/test/auto/test-direct-in-out.xml
----------------- Instantiating /home/travis/build/icyphy/ptII/ptolemy/domains/modal/test/auto/test-direct-in-out.xml
6 ms. Memory: 347136K Free: 307994K (89%)
----------------- Invoking toplevel() on ptolemy.moml.MoMLSimpleApplication@294b45d9
----------------- Done invoking toplevel() on ptolemy.moml.MoMLSimpleApplication@294b45d9
reloadAllAccessors: .test-direct-in-out
AutoTests.java: About to close Vertx.
AutoTests.java: Vertx closed.
]]></system-out>
  <system-err><![CDATA[java.lang.RuntimeException: Execution failed
	at ptolemy.moml.MoMLSimpleApplication$UnloadThread.run(MoMLSimpleApplication.java:402)
Caused by: ptolemy.kernel.util.IllegalActionException: Unknown inputs remain. Possible causality loop:
L_model_1893289564i

  in .CannotAnalysisWithPreemption.model_1893289564_region_1 and .CannotAnalysisWithPreemption.model_1893289564_region_1.L_model_1893289564i
	at ptolemy.actor.sched.FixedPointDirector.postfire(FixedPointDirector.java:515)
	at ptolemy.domains.sr.kernel.SRDirector.postfire(SRDirector.java:417)
	at ptolemy.actor.CompositeActor.postfire(CompositeActor.java:1668)
	at ptolemy.actor.Manager.iterate(Manager.java:852)
	at ptolemy.actor.Manager.execute(Manager.java:369)
	at ptolemy.actor.Manager.run(Manager.java:1263)
	at ptolemy.actor.Manager$PtolemyRunThread.run(Manager.java:1933)
java.lang.reflect.InvocationTargetException
	at java.base/jdk.internal.reflect.NativeConstructorAccessorImpl.newInstance0(Native Method)
	at java.base/jdk.internal.reflect.NativeConstructorAccessorImpl.newInstance(NativeConstructorAccessorImpl.java:62)
	at java.base/jdk.internal.reflect.DelegatingConstructorAccessorImpl.newInstance(DelegatingConstructorAccessorImpl.java:45)
	at java.base/java.lang.reflect.Constructor.newInstance(Constructor.java:490)
	at ptolemy.util.test.junit.AutoKnownFailedTests.RunModel(AutoKnownFailedTests.java:105)
	at java.base/jdk.internal.reflect.NativeMethodAccessorImpl.invoke0(Native Method)
	at java.base/jdk.internal.reflect.NativeMethodAccessorImpl.invoke(NativeMethodAccessorImpl.java:62)
	at java.base/jdk.internal.reflect.DelegatingMethodAccessorImpl.invoke(DelegatingMethodAccessorImpl.java:43)
	at java.base/java.lang.reflect.Method.invoke(Method.java:566)
	at org.junit.runners.model.FrameworkMethod$1.runReflectiveCall(FrameworkMethod.java:44)
	at org.junit.internal.runners.model.ReflectiveCallable.run(ReflectiveCallable.java:15)
	at org.junit.runners.model.FrameworkMethod.invokeExplosively(FrameworkMethod.java:41)
	at junitparams.internal.InvokeParameterisedMethod.evaluate(InvokeParameterisedMethod.java:102)
	at org.junit.internal.runners.statements.FailOnTimeout$1.run(FailOnTimeout.java:28)
Caused by: ptolemy.kernel.util.IllegalActionException: Unknown inputs remain. Possible causality loop:
L_model_1893289564i

  in .CannotAnalysisWithPreemption.model_1893289564_region_1 and .CannotAnalysisWithPreemption.model_1893289564_region_1.L_model_1893289564i
	at ptolemy.actor.sched.FixedPointDirector.postfire(FixedPointDirector.java:515)
	at ptolemy.domains.sr.kernel.SRDirector.postfire(SRDirector.java:417)
	at ptolemy.actor.CompositeActor.postfire(CompositeActor.java:1668)
	at ptolemy.actor.Manager.iterate(Manager.java:852)
	at ptolemy.actor.Manager.execute(Manager.java:369)
	at ptolemy.actor.Manager.run(Manager.java:1263)
	at ptolemy.actor.Manager$PtolemyRunThread.run(Manager.java:1933)
]]></system-err>
</testsuite>
