<?xml version="1.0" encoding="UTF-8" ?>
<testsuite errors="0" failures="0" hostname="travis-job-9447c61c-10e7-417e-8693-533b5d9e1ca2" name="ptolemy.domains.de.test.junit.JUnitTclTest" skipped="0" tests="101" time="120.685" timestamp="2021-07-14T14:27:39">
  <properties>
[...]
</properties>
  <testcase classname="ptolemy.util.test.junit.TclTests" name="[0] /home/travis/build/icyphy/ptII/ptolemy/domains/de/test/DependencyLoop.tcl (RunTclFile)" time="0.989" />
  <testcase classname="ptolemy.util.test.junit.TclTests" name="[1] /home/travis/build/icyphy/ptII/ptolemy/domains/de/test/RunDETestsAsQSS.tcl (RunTclFile)" time="81.441" />
  <testcase classname="ptolemy.util.test.junit.AutoKnownFailedTests" name="[0] /home/travis/build/icyphy/ptII/ptolemy/domains/de/test/auto/knownFailedTests/DESDFClockTest.xml (RunModel)" time="2.061" />
  <testcase classname="ptolemy.util.test.junit.AutoKnownFailedTests" name="[1] /home/travis/build/icyphy/ptII/ptolemy/domains/de/test/auto/knownFailedTests/DirectFeedback.xml (RunModel)" time="0.014" />
  <testcase classname="ptolemy.util.test.junit.AutoKnownFailedTests" name="[2] /home/travis/build/icyphy/ptII/ptolemy/domains/de/test/auto/knownFailedTests/FSMSource.xml (RunModel)" time="0.027" />
  <testcase classname="ptolemy.util.test.junit.AutoKnownFailedTests" name="[3] /home/travis/build/icyphy/ptII/ptolemy/domains/de/test/auto/knownFailedTests/HierarchicalModel.xml (RunModel)" time="0.045" />
  <testcase classname="ptolemy.util.test.junit.AutoKnownFailedTests" name="[4] /home/travis/build/icyphy/ptII/ptolemy/domains/de/test/auto/knownFailedTests/dependencyLoop.xml (RunModel)" time="0.039" />
  <testcase classname="ptolemy.util.test.junit.AutoKnownFailedTests" name="[5] /home/travis/build/icyphy/ptII/ptolemy/domains/de/test/auto/knownFailedTests/dependencyLoop2.xml (RunModel)" time="0.045" />
  <testcase classname="ptolemy.util.test.junit.AutoNameArchTests" name="[0] ThereAreNoAutoArchTests (RunModel)" time="0.001" />
  <testcase classname="ptolemy.util.test.junit.AutoTests" name="[0] /home/travis/build/icyphy/ptII/ptolemy/domains/de/test/auto/ActorDepthCalculation_actorWithoutPorts.xml (RunModel)" time="0.023" />
  <testcase classname="ptolemy.util.test.junit.AutoTests" name="[1] /home/travis/build/icyphy/ptII/ptolemy/domains/de/test/auto/AssemblyLine.xml (RunModel)" time="0.022" />
  <testcase classname="ptolemy.util.test.junit.AutoTests" name="[2] /home/travis/build/icyphy/ptII/ptolemy/domains/de/test/auto/CQBug1.xml (RunModel)" time="0.011" />
  <testcase classname="ptolemy.util.test.junit.AutoTests" name="[3] /home/travis/build/icyphy/ptII/ptolemy/domains/de/test/auto/CancelFireAt.xml (RunModel)" time="0.012" />
  <testcase classname="ptolemy.util.test.junit.AutoTests" name="[4] /home/travis/build/icyphy/ptII/ptolemy/domains/de/test/auto/CausalityAndComposabilityAnalysis.xml (RunModel)" time="0.024" />
  <testcase classname="ptolemy.util.test.junit.AutoTests" name="[5] /home/travis/build/icyphy/ptII/ptolemy/domains/de/test/auto/CausalityInterface1.xml (RunModel)" time="0.028" />
  <testcase classname="ptolemy.util.test.junit.AutoTests" name="[6] /home/travis/build/icyphy/ptII/ptolemy/domains/de/test/auto/CausalityInterface15.xml (RunModel)" time="0.014" />
  <testcase classname="ptolemy.util.test.junit.AutoTests" name="[7] /home/travis/build/icyphy/ptII/ptolemy/domains/de/test/auto/CausalityInterface2.xml (RunModel)" time="0.011" />
  <testcase classname="ptolemy.util.test.junit.AutoTests" name="[8] /home/travis/build/icyphy/ptII/ptolemy/domains/de/test/auto/CausalityInterface3.xml (RunModel)" time="0.01" />
  <testcase classname="ptolemy.util.test.junit.AutoTests" name="[9] /home/travis/build/icyphy/ptII/ptolemy/domains/de/test/auto/ClockDrift.xml (RunModel)" time="0.03" />
  <testcase classname="ptolemy.util.test.junit.AutoTests" name="[10] /home/travis/build/icyphy/ptII/ptolemy/domains/de/test/auto/ClockDriftAndValueChange.xml (RunModel)" time="0.03" />
  <testcase classname="ptolemy.util.test.junit.AutoTests" name="[11] /home/travis/build/icyphy/ptII/ptolemy/domains/de/test/auto/ClockDriftChange.xml (RunModel)" time="0.03" />
  <testcase classname="ptolemy.util.test.junit.AutoTests" name="[12] /home/travis/build/icyphy/ptII/ptolemy/domains/de/test/auto/ComposableCausalityAnalysis.xml (RunModel)" time="0.013" />
  <testcase classname="ptolemy.util.test.junit.AutoTests" name="[13] /home/travis/build/icyphy/ptII/ptolemy/domains/de/test/auto/DEFixedPointLimitation.xml (RunModel)" time="0.008" />
  <testcase classname="ptolemy.util.test.junit.AutoTests" name="[14] /home/travis/build/icyphy/ptII/ptolemy/domains/de/test/auto/DEScheduleTest.xml (RunModel)" time="0.019" />
  <testcase classname="ptolemy.util.test.junit.AutoTests" name="[15] /home/travis/build/icyphy/ptII/ptolemy/domains/de/test/auto/DEinDEwithStartTimes.xml (RunModel)" time="0.015" />
  <testcase classname="ptolemy.util.test.junit.AutoTests" name="[16] /home/travis/build/icyphy/ptII/ptolemy/domains/de/test/auto/DEinDEwithStartTimes2.xml (RunModel)" time="0.017" />
  <testcase classname="ptolemy.util.test.junit.AutoTests" name="[17] /home/travis/build/icyphy/ptII/ptolemy/domains/de/test/auto/DateDemo.xml (RunModel)" time="0.027" />
  <testcase classname="ptolemy.util.test.junit.AutoTests" name="[18] /home/travis/build/icyphy/ptII/ptolemy/domains/de/test/auto/DateToEvent.xml (RunModel)" time="2.045" />
  <testcase classname="ptolemy.util.test.junit.AutoTests" name="[19] /home/travis/build/icyphy/ptII/ptolemy/domains/de/test/auto/DepthTest1.xml (RunModel)" time="0.009" />
  <testcase classname="ptolemy.util.test.junit.AutoTests" name="[20] /home/travis/build/icyphy/ptII/ptolemy/domains/de/test/auto/DepthTest2.xml (RunModel)" time="0.018" />
  <testcase classname="ptolemy.util.test.junit.AutoTests" name="[21] /home/travis/build/icyphy/ptII/ptolemy/domains/de/test/auto/DepthTest3.xml (RunModel)" time="0.008" />
  <testcase classname="ptolemy.util.test.junit.AutoTests" name="[22] /home/travis/build/icyphy/ptII/ptolemy/domains/de/test/auto/DepthTest4.xml (RunModel)" time="0.017" />
  <testcase classname="ptolemy.util.test.junit.AutoTests" name="[23] /home/travis/build/icyphy/ptII/ptolemy/domains/de/test/auto/DepthTest5.xml (RunModel)" time="0.015" />
  <testcase classname="ptolemy.util.test.junit.AutoTests" name="[24] /home/travis/build/icyphy/ptII/ptolemy/domains/de/test/auto/DepthTest6.xml (RunModel)" time="0.011" />
  <testcase classname="ptolemy.util.test.junit.AutoTests" name="[25] /home/travis/build/icyphy/ptII/ptolemy/domains/de/test/auto/DepthTest7.xml (RunModel)" time="0.01" />
  <testcase classname="ptolemy.util.test.junit.AutoTests" name="[26] /home/travis/build/icyphy/ptII/ptolemy/domains/de/test/auto/EventToDate.xml (RunModel)" time="3.044" />
  <testcase classname="ptolemy.util.test.junit.AutoTests" name="[27] /home/travis/build/icyphy/ptII/ptolemy/domains/de/test/auto/FSM1.xml (RunModel)" time="0.036" />
  <testcase classname="ptolemy.util.test.junit.AutoTests" name="[28] /home/travis/build/icyphy/ptII/ptolemy/domains/de/test/auto/FSM7.xml (RunModel)" time="0.034" />
  <testcase classname="ptolemy.util.test.junit.AutoTests" name="[29] /home/travis/build/icyphy/ptII/ptolemy/domains/de/test/auto/Inspection.xml (RunModel)" time="0.036" />
  <testcase classname="ptolemy.util.test.junit.AutoTests" name="[30] /home/travis/build/icyphy/ptII/ptolemy/domains/de/test/auto/Iteration.xml (RunModel)" time="0.02" />
  <testcase classname="ptolemy.util.test.junit.AutoTests" name="[31] /home/travis/build/icyphy/ptII/ptolemy/domains/de/test/auto/LineFault.xml (RunModel)" time="0.504" />
  <testcase classname="ptolemy.util.test.junit.AutoTests" name="[32] /home/travis/build/icyphy/ptII/ptolemy/domains/de/test/auto/MergeModel1Add.xml (RunModel)" time="0.045" />
  <testcase classname="ptolemy.util.test.junit.AutoTests" name="[33] /home/travis/build/icyphy/ptII/ptolemy/domains/de/test/auto/MergeModel2Add.xml (RunModel)" time="0.037" />
  <testcase classname="ptolemy.util.test.junit.AutoTests" name="[34] /home/travis/build/icyphy/ptII/ptolemy/domains/de/test/auto/MergeModel3Add.xml (RunModel)" time="0.044" />
  <testcase classname="ptolemy.util.test.junit.AutoTests" name="[35] /home/travis/build/icyphy/ptII/ptolemy/domains/de/test/auto/MergeWithoutDiscard.xml (RunModel)" time="0.009" />
  <testcase classname="ptolemy.util.test.junit.AutoTests" name="[36] /home/travis/build/icyphy/ptII/ptolemy/domains/de/test/auto/Modal1.xml (RunModel)" time="0.026" />
  <testcase classname="ptolemy.util.test.junit.AutoTests" name="[37] /home/travis/build/icyphy/ptII/ptolemy/domains/de/test/auto/Modal2.xml (RunModel)" time="0.026" />
  <testcase classname="ptolemy.util.test.junit.AutoTests" name="[38] /home/travis/build/icyphy/ptII/ptolemy/domains/de/test/auto/Modal3.xml (RunModel)" time="0.023" />
  <testcase classname="ptolemy.util.test.junit.AutoTests" name="[39] /home/travis/build/icyphy/ptII/ptolemy/domains/de/test/auto/Modal4.xml (RunModel)" time="0.028" />
  <testcase classname="ptolemy.util.test.junit.AutoTests" name="[40] /home/travis/build/icyphy/ptII/ptolemy/domains/de/test/auto/Modal5.xml (RunModel)" time="0.027" />
  <testcase classname="ptolemy.util.test.junit.AutoTests" name="[41] /home/travis/build/icyphy/ptII/ptolemy/domains/de/test/auto/Modal6.xml (RunModel)" time="0.026" />
  <testcase classname="ptolemy.util.test.junit.AutoTests" name="[42] /home/travis/build/icyphy/ptII/ptolemy/domains/de/test/auto/Modal7.xml (RunModel)" time="0.027" />
  <testcase classname="ptolemy.util.test.junit.AutoTests" name="[43] /home/travis/build/icyphy/ptII/ptolemy/domains/de/test/auto/ModalModel.xml (RunModel)" time="0.177" />
  <testcase classname="ptolemy.util.test.junit.AutoTests" name="[44] /home/travis/build/icyphy/ptII/ptolemy/domains/de/test/auto/ModalSource.xml (RunModel)" time="0.016" />
  <testcase classname="ptolemy.util.test.junit.AutoTests" name="[45] /home/travis/build/icyphy/ptII/ptolemy/domains/de/test/auto/NonInterruptibleTimerZeroDelay.xml (RunModel)" time="0.009" />
  <testcase classname="ptolemy.util.test.junit.AutoTests" name="[46] /home/travis/build/icyphy/ptII/ptolemy/domains/de/test/auto/OpenQueueingNetwork.xml (RunModel)" time="2.444" />
  <testcase classname="ptolemy.util.test.junit.AutoTests" name="[47] /home/travis/build/icyphy/ptII/ptolemy/domains/de/test/auto/OpenQueuingNetwork.xml (RunModel)" time="0.272" />
  <testcase classname="ptolemy.util.test.junit.AutoTests" name="[48] /home/travis/build/icyphy/ptII/ptolemy/domains/de/test/auto/PeriodicSampler.xml (RunModel)" time="0.012" />
  <testcase classname="ptolemy.util.test.junit.AutoTests" name="[49] /home/travis/build/icyphy/ptII/ptolemy/domains/de/test/auto/PersistentIO.xml (RunModel)" time="0.022" />
  <testcase classname="ptolemy.util.test.junit.AutoTests" name="[50] /home/travis/build/icyphy/ptII/ptolemy/domains/de/test/auto/PortParameterResetOnInitialize.xml (RunModel)" time="0.007" />
  <testcase classname="ptolemy.util.test.junit.AutoTests" name="[51] /home/travis/build/icyphy/ptII/ptolemy/domains/de/test/auto/PortParameterUpdates.xml (RunModel)" time="0.013" />
  <testcase classname="ptolemy.util.test.junit.AutoTests" name="[52] /home/travis/build/icyphy/ptII/ptolemy/domains/de/test/auto/QueueAndServer.xml (RunModel)" time="0.017" />
  <testcase classname="ptolemy.util.test.junit.AutoTests" name="[53] /home/travis/build/icyphy/ptII/ptolemy/domains/de/test/auto/Records.xml (RunModel)" time="0.016" />
  <testcase classname="ptolemy.util.test.junit.AutoTests" name="[54] /home/travis/build/icyphy/ptII/ptolemy/domains/de/test/auto/ResetTransitionWithStartTime1.xml (RunModel)" time="0.015" />
  <testcase classname="ptolemy.util.test.junit.AutoTests" name="[55] /home/travis/build/icyphy/ptII/ptolemy/domains/de/test/auto/ResetTransitionWithStartTime2.xml (RunModel)" time="0.014" />
  <testcase classname="ptolemy.util.test.junit.AutoTests" name="[56] /home/travis/build/icyphy/ptII/ptolemy/domains/de/test/auto/ResetTransitionWithStartTime3.xml (RunModel)" time="0.018" />
  <testcase classname="ptolemy.util.test.junit.AutoTests" name="[57] /home/travis/build/icyphy/ptII/ptolemy/domains/de/test/auto/ResetTransitionWithStartTime4.xml (RunModel)" time="0.02" />
  <testcase classname="ptolemy.util.test.junit.AutoTests" name="[58] /home/travis/build/icyphy/ptII/ptolemy/domains/de/test/auto/ResettableTimer1.xml (RunModel)" time="0.009" />
  <testcase classname="ptolemy.util.test.junit.AutoTests" name="[59] /home/travis/build/icyphy/ptII/ptolemy/domains/de/test/auto/ResettableTimer2.xml (RunModel)" time="0.007" />
  <testcase classname="ptolemy.util.test.junit.AutoTests" name="[60] /home/travis/build/icyphy/ptII/ptolemy/domains/de/test/auto/ResettableTimer3.xml (RunModel)" time="0.006" />
  <testcase classname="ptolemy.util.test.junit.AutoTests" name="[61] /home/travis/build/icyphy/ptII/ptolemy/domains/de/test/auto/ResettableTimer4.xml (RunModel)" time="0.006" />
  <testcase classname="ptolemy.util.test.junit.AutoTests" name="[62] /home/travis/build/icyphy/ptII/ptolemy/domains/de/test/auto/ResettableTimer5.xml (RunModel)" time="0.01" />
  <testcase classname="ptolemy.util.test.junit.AutoTests" name="[63] /home/travis/build/icyphy/ptII/ptolemy/domains/de/test/auto/ResettableTimer6.xml (RunModel)" time="0.014" />
  <testcase classname="ptolemy.util.test.junit.AutoTests" name="[64] /home/travis/build/icyphy/ptII/ptolemy/domains/de/test/auto/ServerZeroDelay.xml (RunModel)" time="0.008" />
  <testcase classname="ptolemy.util.test.junit.AutoTests" name="[65] /home/travis/build/icyphy/ptII/ptolemy/domains/de/test/auto/SmartSender.xml (RunModel)" time="3.007" />
  <testcase classname="ptolemy.util.test.junit.AutoTests" name="[66] /home/travis/build/icyphy/ptII/ptolemy/domains/de/test/auto/ThreadedComposite.xml (RunModel)" time="0.11" />
  <testcase classname="ptolemy.util.test.junit.AutoTests" name="[67] /home/travis/build/icyphy/ptII/ptolemy/domains/de/test/auto/Time.xml (RunModel)" time="0.349" />
  <testcase classname="ptolemy.util.test.junit.AutoTests" name="[68] /home/travis/build/icyphy/ptII/ptolemy/domains/de/test/auto/TimeDelayZeroDelay.xml (RunModel)" time="0.012" />
  <testcase classname="ptolemy.util.test.junit.AutoTests" name="[69] /home/travis/build/icyphy/ptII/ptolemy/domains/de/test/auto/TimerZeroDelay.xml (RunModel)" time="0.01" />
  <testcase classname="ptolemy.util.test.junit.AutoTests" name="[70] /home/travis/build/icyphy/ptII/ptolemy/domains/de/test/auto/TimingParadox.xml (RunModel)" time="0.343" />
  <testcase classname="ptolemy.util.test.junit.AutoTests" name="[71] /home/travis/build/icyphy/ptII/ptolemy/domains/de/test/auto/TransferInputs.xml (RunModel)" time="0.01" />
  <testcase classname="ptolemy.util.test.junit.AutoTests" name="[72] /home/travis/build/icyphy/ptII/ptolemy/domains/de/test/auto/TransferOutputs2.xml (RunModel)" time="0.016" />
  <testcase classname="ptolemy.util.test.junit.AutoTests" name="[73] /home/travis/build/icyphy/ptII/ptolemy/domains/de/test/auto/Trilateration.xml (RunModel)" time="10.237" />
  <testcase classname="ptolemy.util.test.junit.AutoTests" name="[74] /home/travis/build/icyphy/ptII/ptolemy/domains/de/test/auto/TwoSigmaDelta.xml (RunModel)" time="1.794" />
  <testcase classname="ptolemy.util.test.junit.AutoTests" name="[75] /home/travis/build/icyphy/ptII/ptolemy/domains/de/test/auto/VariableDelay.xml (RunModel)" time="0.016" />
  <testcase classname="ptolemy.util.test.junit.AutoTests" name="[76] /home/travis/build/icyphy/ptII/ptolemy/domains/de/test/auto/VariableDelay2.xml (RunModel)" time="0.007" />
  <testcase classname="ptolemy.util.test.junit.AutoTests" name="[77] /home/travis/build/icyphy/ptII/ptolemy/domains/de/test/auto/VariableDelayZeroDelay.xml (RunModel)" time="0.01" />
  <testcase classname="ptolemy.util.test.junit.AutoTests" name="[78] /home/travis/build/icyphy/ptII/ptolemy/domains/de/test/auto/VariableDelayZeroDelay2.xml (RunModel)" time="0.007" />
  <testcase classname="ptolemy.util.test.junit.AutoTests" name="[79] /home/travis/build/icyphy/ptII/ptolemy/domains/de/test/auto/deInCt.xml (RunModel)" time="0.014" />
  <testcase classname="ptolemy.util.test.junit.AutoTests" name="[80] /home/travis/build/icyphy/ptII/ptolemy/domains/de/test/auto/deInCt2.xml (RunModel)" time="0.017" />
  <testcase classname="ptolemy.util.test.junit.AutoTests" name="[81] /home/travis/build/icyphy/ptII/ptolemy/domains/de/test/auto/dynamicCausalityInterface1.xml (RunModel)" time="0.015" />
  <testcase classname="ptolemy.util.test.junit.AutoTests" name="[82] /home/travis/build/icyphy/ptII/ptolemy/domains/de/test/auto/fsm_de_test.xml (RunModel)" time="0.02" />
  <testcase classname="ptolemy.util.test.junit.AutoTests" name="[83] /home/travis/build/icyphy/ptII/ptolemy/domains/de/test/auto/functionDependencyReconstruction.xml (RunModel)" time="0.024" />
  <testcase classname="ptolemy.util.test.junit.AutoTests" name="[84] /home/travis/build/icyphy/ptII/ptolemy/domains/de/test/auto/multirate.xml (RunModel)" time="0.017" />
  <testcase classname="ptolemy.util.test.junit.AutoTests" name="[85] /home/travis/build/icyphy/ptII/ptolemy/domains/de/test/auto/multirate2.xml (RunModel)" time="0.015" />
  <testcase classname="ptolemy.util.test.junit.AutoTests" name="[86] /home/travis/build/icyphy/ptII/ptolemy/domains/de/test/auto/realtime.xml (RunModel)" time="10.007" />
  <testcase classname="ptolemy.util.test.junit.AutoTests" name="[87] /home/travis/build/icyphy/ptII/ptolemy/domains/de/test/auto/relationGroup.xml (RunModel)" time="0.007" />
  <testcase classname="ptolemy.util.test.junit.AutoTests" name="[88] /home/travis/build/icyphy/ptII/ptolemy/domains/de/test/auto/relationGroup2.xml (RunModel)" time="0.011" />
  <testcase classname="ptolemy.util.test.junit.AutoTests" name="[89] /home/travis/build/icyphy/ptII/ptolemy/domains/de/test/auto/sortWithOpaquePorts.xml (RunModel)" time="0.011" />
  <testcase classname="ptolemy.util.test.junit.AutoTests" name="[90] /home/travis/build/icyphy/ptII/ptolemy/domains/de/test/auto/transferInputsandOutputs.xml (RunModel)" time="0.016" />
  <testcase classname="ptolemy.util.test.junit.AutoTests" name="[91] /home/travis/build/icyphy/ptII/ptolemy/domains/de/test/auto/triggerType.xml (RunModel)" time="0.006" />
  <system-out><![CDATA[/home/travis/build/icyphy/ptII/ptolemy/domains/de/test/DependencyLoop.tcl
testDefs.tcl: setting time out to 9000 seconds at Wed Jul 14 14:27:40 UTC 2021
86 ms. Memory: 129024K Free: 79180K (61%)
19 ms. Memory: 129024K Free: 61772K (48%)
/home/travis/build/icyphy/ptII/ptolemy/domains/de/test/RunDETestsAsQSS.tcl
Run the DE tests using ptolemy.domains.qss.test.QSSDirectorTest, which extends QSSDirector and prints a message in the constructors.
------------------ testing $PTII/ptolemy/domains/de/test/auto/knownFailedTests/DirectFeedback.xml (Known Failure) 
30 ms. Memory: 129024K Free: 56142K (44%)


==== $PTIIhome/travis/build/icyphy/ptII/ptolemy/domains/de/test/../../../../: Auto Automatic test in file $PTII/ptolemy/domains/de/test/auto/knownFailedTests/DirectFeedback.xml
==== Contents of test case:

	    # FIXME: we should use $relativeFilename here, but it
	    # might have backslashes under Windows, which causes no end
	    # of trouble.
	    createAndExecute $file
	    list {}
	
.... Test generated KNOWN error:
    while executing
ptolemy.kernel.util.IllegalActionException: Test fails in iteration 1.
Value was: 1.0. Should have been: 2.0
  in .DirectFeedback.Test
	at ptolemy.actor.lib.Test.fire(Test.java:268)
	at ptolemy.domains.de.kernel.DEDirector._fire(DEDirector.java:1949)
	at ptolemy.domains.de.kernel.DEDirector.fire(DEDirector.java:502)
	at ptolemy.actor.CompositeActor.fire(CompositeActor.java:455)
	at ptolemy.actor.Manager.iterate(Manager.java:851)
	at ptolemy.actor.Manager.execute(Manager.java:369)
	at ptolemy.actor.Manager.run(Manager.java:1263)
	at ptolemy.actor.Manager$PtolemyRunThread.run(Manager.java:1933)

    while executing
ptolemy.kernel.util.IllegalActionException: Test fails in iteration 1.
Value was: 1.0. Should have been: 2.0
  in .DirectFeedback.Test
    while executing
"java::new ptolemy.moml.MoMLSimpleApplication $file
"
    (procedure "createAndExecute" line 2)
    invoked from within
"createAndExecute $file"
    ("uplevel" body line 5)
    invoked from within
"uplevel $contents_of_test"
------------------ testing $PTII/ptolemy/domains/de/test/auto/knownFailedTests/dependencyLoop.xml (Known Failure) 
7 ms. Memory: 129024K Free: 53070K (41%)


==== $PTIIhome/travis/build/icyphy/ptII/ptolemy/domains/de/test/../../../../: Auto Automatic test in file $PTII/ptolemy/domains/de/test/auto/knownFailedTests/dependencyLoop.xml
==== Contents of test case:

	    # FIXME: we should use $relativeFilename here, but it
	    # might have backslashes under Windows, which causes no end
	    # of trouble.
	    createAndExecute $file
	    list {}
	
.... Test generated KNOWN error:
    while executing
ptolemy.kernel.util.IllegalActionException: Found a zero delay loop containing .dependencyLoop.original
  in .dependencyLoop and .dependencyLoop.original
	at ptolemy.actor.util.CausalityInterfaceForComposites._computeOutputPortDepth(CausalityInterfaceForComposites.java:759)
	at ptolemy.actor.util.CausalityInterfaceForComposites._computeInputDepth(CausalityInterfaceForComposites.java:696)
	at ptolemy.actor.util.CausalityInterfaceForComposites._computeOutputPortDepth(CausalityInterfaceForComposites.java:765)
	at ptolemy.actor.util.CausalityInterfaceForComposites._computeInputDepth(CausalityInterfaceForComposites.java:696)
	at ptolemy.actor.util.CausalityInterfaceForComposites._computeOutputPortDepth(CausalityInterfaceForComposites.java:765)
	at ptolemy.actor.util.CausalityInterfaceForComposites._computeInputDepth(CausalityInterfaceForComposites.java:696)
	at ptolemy.actor.util.CausalityInterfaceForComposites._computeActorDepth(CausalityInterfaceForComposites.java:532)
	at ptolemy.actor.util.CausalityInterfaceForComposites.checkForCycles(CausalityInterfaceForComposites.java:96)
	at ptolemy.domains.de.kernel.DEDirector.preinitialize(DEDirector.java:1338)
	at ptolemy.actor.CompositeActor.preinitialize(CompositeActor.java:1828)
	at ptolemy.actor.Manager.preinitializeAndResolveTypes(Manager.java:1040)
	at ptolemy.actor.Manager.initialize(Manager.java:710)
	at ptolemy.actor.Manager.execute(Manager.java:356)
	at ptolemy.actor.Manager.run(Manager.java:1263)
	at ptolemy.actor.Manager$PtolemyRunThread.run(Manager.java:1933)

    while executing
ptolemy.kernel.util.IllegalActionException: Found a zero delay loop containing .dependencyLoop.original
  in .dependencyLoop and .dependencyLoop.original
    while executing
"java::new ptolemy.moml.MoMLSimpleApplication $file
"
    (procedure "createAndExecute" line 2)
    invoked from within
"createAndExecute $file"
    ("uplevel" body line 5)
    invoked from within
"uplevel $contents_of_test"
------------------ testing $PTII/ptolemy/domains/de/test/auto/knownFailedTests/FSMSource.xml (Known Failure) 
81 ms. Memory: 129024K Free: 111518K (86%)
!!!! Auto was marked as failing, but now passes
------------------ testing $PTII/ptolemy/domains/de/test/auto/knownFailedTests/HierarchicalModel.xml (Known Failure) 
11 ms. Memory: 129024K Free: 94581K (73%)


==== $PTIIhome/travis/build/icyphy/ptII/ptolemy/domains/de/test/../../../../: Auto Automatic test in file $PTII/ptolemy/domains/de/test/auto/knownFailedTests/HierarchicalModel.xml
==== Contents of test case:

	    # FIXME: we should use $relativeFilename here, but it
	    # might have backslashes under Windows, which causes no end
	    # of trouble.
	    createAndExecute $file
	    list {}
	
.... Test generated KNOWN error:
    while executing
ptolemy.kernel.util.IllegalActionException: Found a zero delay loop containing .HierarchicalModel.A
  in .HierarchicalModel and .HierarchicalModel.A
	at ptolemy.actor.util.CausalityInterfaceForComposites._computeOutputPortDepth(CausalityInterfaceForComposites.java:759)
	at ptolemy.actor.util.CausalityInterfaceForComposites._computeInputDepth(CausalityInterfaceForComposites.java:696)
	at ptolemy.actor.util.CausalityInterfaceForComposites._computeOutputPortDepth(CausalityInterfaceForComposites.java:765)
	at ptolemy.actor.util.CausalityInterfaceForComposites._computeInputDepth(CausalityInterfaceForComposites.java:696)
	at ptolemy.actor.util.CausalityInterfaceForComposites._computeOutputPortDepth(CausalityInterfaceForComposites.java:765)
	at ptolemy.actor.util.CausalityInterfaceForComposites._computeInputDepth(CausalityInterfaceForComposites.java:696)
	at ptolemy.actor.util.CausalityInterfaceForComposites._computeActorDepth(CausalityInterfaceForComposites.java:532)
	at ptolemy.actor.util.CausalityInterfaceForComposites.checkForCycles(CausalityInterfaceForComposites.java:96)
	at ptolemy.domains.de.kernel.DEDirector.preinitialize(DEDirector.java:1338)
	at ptolemy.actor.CompositeActor.preinitialize(CompositeActor.java:1828)
	at ptolemy.actor.Manager.preinitializeAndResolveTypes(Manager.java:1040)
	at ptolemy.actor.Manager.initialize(Manager.java:710)
	at ptolemy.actor.Manager.execute(Manager.java:356)
	at ptolemy.actor.Manager.run(Manager.java:1263)
	at ptolemy.actor.Manager$PtolemyRunThread.run(Manager.java:1933)

    while executing
ptolemy.kernel.util.IllegalActionException: Found a zero delay loop containing .HierarchicalModel.A
  in .HierarchicalModel and .HierarchicalModel.A
    while executing
"java::new ptolemy.moml.MoMLSimpleApplication $file
"
    (procedure "createAndExecute" line 2)
    invoked from within
"createAndExecute $file"
    ("uplevel" body line 5)
    invoked from within
"uplevel $contents_of_test"
------------------ testing $PTII/ptolemy/domains/de/test/auto/knownFailedTests/dependencyLoop2.xml (Known Failure) 
8 ms. Memory: 129024K Free: 78787K (61%)


==== $PTIIhome/travis/build/icyphy/ptII/ptolemy/domains/de/test/../../../../: Auto Automatic test in file $PTII/ptolemy/domains/de/test/auto/knownFailedTests/dependencyLoop2.xml
==== Contents of test case:

	    # FIXME: we should use $relativeFilename here, but it
	    # might have backslashes under Windows, which causes no end
	    # of trouble.
	    createAndExecute $file
	    list {}
	
.... Test generated KNOWN error:
    while executing
ptolemy.kernel.util.IllegalActionException: Found a zero delay loop containing .dependencyLoop2.original
  in .dependencyLoop2 and .dependencyLoop2.original
	at ptolemy.actor.util.CausalityInterfaceForComposites._computeOutputPortDepth(CausalityInterfaceForComposites.java:759)
	at ptolemy.actor.util.CausalityInterfaceForComposites._computeInputDepth(CausalityInterfaceForComposites.java:696)
	at ptolemy.actor.util.CausalityInterfaceForComposites._computeOutputPortDepth(CausalityInterfaceForComposites.java:765)
	at ptolemy.actor.util.CausalityInterfaceForComposites._computeInputDepth(CausalityInterfaceForComposites.java:696)
	at ptolemy.actor.util.CausalityInterfaceForComposites._computeOutputPortDepth(CausalityInterfaceForComposites.java:765)
	at ptolemy.actor.util.CausalityInterfaceForComposites._computeInputDepth(CausalityInterfaceForComposites.java:696)
	at ptolemy.actor.util.CausalityInterfaceForComposites._computeActorDepth(CausalityInterfaceForComposites.java:532)
	at ptolemy.actor.util.CausalityInterfaceForComposites.checkForCycles(CausalityInterfaceForComposites.java:96)
	at ptolemy.domains.de.kernel.DEDirector.preinitialize(DEDirector.java:1338)
	at ptolemy.actor.CompositeActor.preinitialize(CompositeActor.java:1828)
	at ptolemy.actor.Manager.preinitializeAndResolveTypes(Manager.java:1040)
	at ptolemy.actor.Manager.initialize(Manager.java:710)
	at ptolemy.actor.Manager.execute(Manager.java:356)
	at ptolemy.actor.Manager.run(Manager.java:1263)
	at ptolemy.actor.Manager$PtolemyRunThread.run(Manager.java:1933)

    while executing
ptolemy.kernel.util.IllegalActionException: Found a zero delay loop containing .dependencyLoop2.original
  in .dependencyLoop2 and .dependencyLoop2.original
    while executing
"java::new ptolemy.moml.MoMLSimpleApplication $file
"
    (procedure "createAndExecute" line 2)
    invoked from within
"createAndExecute $file"
    ("uplevel" body line 5)
    invoked from within
"uplevel $contents_of_test"
------------------ testing $PTII/ptolemy/domains/de/test/auto/knownFailedTests/DESDFClockTest.xml (Known Failure) 
2053 ms. Memory: 129024K Free: 108343K (84%)


==== $PTIIhome/travis/build/icyphy/ptII/ptolemy/domains/de/test/../../../../: Auto Automatic test in file $PTII/ptolemy/domains/de/test/auto/knownFailedTests/DESDFClockTest.xml
==== Contents of test case:

	    # FIXME: we should use $relativeFilename here, but it
	    # might have backslashes under Windows, which causes no end
	    # of trouble.
	    createAndExecute $file
	    list {}
	
.... Test generated KNOWN error:
    while executing
ptolemy.kernel.util.IllegalActionException: Actor is not ready to fire.  Perhaps UpSample.prefire() returned false? Try debugging the actor by selecting "Listen to Actor".  Also, for SDF check moml for tokenConsumptionRate on input.
  in .DESDFClockTest.Play Bell.Copy1:SDF Director and .DESDFClockTest.Play Bell.UpSample
	at ptolemy.actor.sched.StaticSchedulingDirector.fire(StaticSchedulingDirector.java:227)
	at ptolemy.domains.sdf.kernel.SDFDirector.fire(SDFDirector.java:500)
	at ptolemy.actor.CompositeActor.fire(CompositeActor.java:455)
	at ptolemy.domains.de.kernel.DEDirector._fire(DEDirector.java:1949)
	at ptolemy.domains.de.kernel.DEDirector.fire(DEDirector.java:502)
	at ptolemy.actor.CompositeActor.fire(CompositeActor.java:455)
	at ptolemy.actor.Manager.iterate(Manager.java:851)
	at ptolemy.actor.Manager.execute(Manager.java:369)
	at ptolemy.actor.Manager.run(Manager.java:1263)
	at ptolemy.actor.Manager$PtolemyRunThread.run(Manager.java:1933)

    while executing
ptolemy.kernel.util.IllegalActionException: Actor is not ready to fire.  Perhaps UpSample.prefire() returned false? Try debugging the actor by selecting "Listen to Actor".  Also, for SDF check moml for tokenConsumptionRate on input.
  in .DESDFClockTest.Play Bell.Copy1:SDF Director and .DESDFClockTest.Play Bell.UpSample
    while executing
"java::new ptolemy.moml.MoMLSimpleApplication $file
"
    (procedure "createAndExecute" line 2)
    invoked from within
"createAndExecute $file"
    ("uplevel" body line 5)
    invoked from within
"uplevel $contents_of_test"
------------------ testing $PTII/ptolemy/domains/de/test/auto/ActorDepthCalculation_actorWithoutPorts.xml
auto.tcl: Setting watchdog for 200 seconds at Wed Jul 14 14:27:43 UTC 2021
10 ms. Memory: 129024K Free: 101175K (78%)
ptolemy.util.test.WatchDog.cancel(): canceling Wed Jul 14 14:27:43 UTC 2021
auto.tcl: Setting watchdog for 200 seconds at Wed Jul 14 14:27:43 UTC 2021
4 ms. Memory: 129024K Free: 99623K (77%)
ptolemy.util.test.WatchDog.cancel(): canceling Wed Jul 14 14:27:43 UTC 2021
------------------ testing $PTII/ptolemy/domains/de/test/auto/AssemblyLine.xml
auto.tcl: Setting watchdog for 200 seconds at Wed Jul 14 14:27:44 UTC 2021
20 ms. Memory: 51200K Free: 27923K (55%)
ptolemy.util.test.WatchDog.cancel(): canceling Wed Jul 14 14:27:44 UTC 2021
auto.tcl: Setting watchdog for 200 seconds at Wed Jul 14 14:27:44 UTC 2021
11 ms. Memory: 51200K Free: 26737K (52%)
ptolemy.util.test.WatchDog.cancel(): canceling Wed Jul 14 14:27:44 UTC 2021
------------------ testing $PTII/ptolemy/domains/de/test/auto/CQBug1.xml
auto.tcl: Setting watchdog for 200 seconds at Wed Jul 14 14:27:44 UTC 2021
2 ms. Memory: 51200K Free: 33824K (66%)
ptolemy.util.test.WatchDog.cancel(): canceling Wed Jul 14 14:27:44 UTC 2021
auto.tcl: Setting watchdog for 200 seconds at Wed Jul 14 14:27:44 UTC 2021
2 ms. Memory: 51200K Free: 32837K (64%)
ptolemy.util.test.WatchDog.cancel(): canceling Wed Jul 14 14:27:44 UTC 2021
------------------ testing $PTII/ptolemy/domains/de/test/auto/CancelFireAt.xml
auto.tcl: Setting watchdog for 200 seconds at Wed Jul 14 14:27:44 UTC 2021
14 ms. Memory: 48128K Free: 31651K (66%)
ptolemy.util.test.WatchDog.cancel(): canceling Wed Jul 14 14:27:44 UTC 2021
auto.tcl: Setting watchdog for 200 seconds at Wed Jul 14 14:27:44 UTC 2021
3 ms. Memory: 48128K Free: 31214K (65%)
ptolemy.util.test.WatchDog.cancel(): canceling Wed Jul 14 14:27:44 UTC 2021
------------------ testing $PTII/ptolemy/domains/de/test/auto/CausalityAndComposabilityAnalysis.xml
auto.tcl: Setting watchdog for 200 seconds at Wed Jul 14 14:27:44 UTC 2021
10 ms. Memory: 48128K Free: 29381K (61%)
ptolemy.util.test.WatchDog.cancel(): canceling Wed Jul 14 14:27:44 UTC 2021
auto.tcl: Setting watchdog for 200 seconds at Wed Jul 14 14:27:44 UTC 2021
5 ms. Memory: 48128K Free: 28936K (60%)
ptolemy.util.test.WatchDog.cancel(): canceling Wed Jul 14 14:27:44 UTC 2021
------------------ testing $PTII/ptolemy/domains/de/test/auto/CausalityInterface1.xml
auto.tcl: Setting watchdog for 200 seconds at Wed Jul 14 14:27:44 UTC 2021
32 ms. Memory: 48128K Free: 28333K (59%)
ptolemy.util.test.WatchDog.cancel(): canceling Wed Jul 14 14:27:44 UTC 2021
auto.tcl: Setting watchdog for 200 seconds at Wed Jul 14 14:27:44 UTC 2021
4 ms. Memory: 48128K Free: 27364K (57%)
ptolemy.util.test.WatchDog.cancel(): canceling Wed Jul 14 14:27:44 UTC 2021
------------------ testing $PTII/ptolemy/domains/de/test/auto/CausalityInterface15.xml
auto.tcl: Setting watchdog for 200 seconds at Wed Jul 14 14:27:44 UTC 2021
10 ms. Memory: 48128K Free: 28183K (59%)
ptolemy.util.test.WatchDog.cancel(): canceling Wed Jul 14 14:27:44 UTC 2021
auto.tcl: Setting watchdog for 200 seconds at Wed Jul 14 14:27:44 UTC 2021
6 ms. Memory: 48128K Free: 27312K (57%)
ptolemy.util.test.WatchDog.cancel(): canceling Wed Jul 14 14:27:44 UTC 2021
------------------ testing $PTII/ptolemy/domains/de/test/auto/CausalityInterface2.xml
auto.tcl: Setting watchdog for 200 seconds at Wed Jul 14 14:27:44 UTC 2021
6 ms. Memory: 48128K Free: 28988K (60%)
ptolemy.util.test.WatchDog.cancel(): canceling Wed Jul 14 14:27:44 UTC 2021
auto.tcl: Setting watchdog for 200 seconds at Wed Jul 14 14:27:44 UTC 2021
3 ms. Memory: 48128K Free: 28304K (59%)
ptolemy.util.test.WatchDog.cancel(): canceling Wed Jul 14 14:27:44 UTC 2021
------------------ testing $PTII/ptolemy/domains/de/test/auto/CausalityInterface3.xml
auto.tcl: Setting watchdog for 200 seconds at Wed Jul 14 14:27:44 UTC 2021
3 ms. Memory: 48128K Free: 28530K (59%)
ptolemy.util.test.WatchDog.cancel(): canceling Wed Jul 14 14:27:44 UTC 2021
auto.tcl: Setting watchdog for 200 seconds at Wed Jul 14 14:27:44 UTC 2021
2 ms. Memory: 48128K Free: 27744K (58%)
ptolemy.util.test.WatchDog.cancel(): canceling Wed Jul 14 14:27:44 UTC 2021
------------------ testing $PTII/ptolemy/domains/de/test/auto/ClockDrift.xml
auto.tcl: Setting watchdog for 200 seconds at Wed Jul 14 14:27:44 UTC 2021
68 ms. Memory: 48128K Free: 20878K (43%)
ptolemy.util.test.WatchDog.cancel(): canceling Wed Jul 14 14:27:44 UTC 2021
auto.tcl: Setting watchdog for 200 seconds at Wed Jul 14 14:27:44 UTC 2021
30 ms. Memory: 48128K Free: 17675K (37%)
ptolemy.util.test.WatchDog.cancel(): canceling Wed Jul 14 14:27:45 UTC 2021
------------------ testing $PTII/ptolemy/domains/de/test/auto/ClockDriftAndValueChange.xml
auto.tcl: Setting watchdog for 200 seconds at Wed Jul 14 14:27:45 UTC 2021
23 ms. Memory: 48128K Free: 21682K (45%)
ptolemy.util.test.WatchDog.cancel(): canceling Wed Jul 14 14:27:45 UTC 2021
auto.tcl: Setting watchdog for 200 seconds at Wed Jul 14 14:27:45 UTC 2021
22 ms. Memory: 48128K Free: 18586K (39%)
ptolemy.util.test.WatchDog.cancel(): canceling Wed Jul 14 14:27:45 UTC 2021
------------------ testing $PTII/ptolemy/domains/de/test/auto/ClockDriftChange.xml
auto.tcl: Setting watchdog for 200 seconds at Wed Jul 14 14:27:45 UTC 2021
19 ms. Memory: 48128K Free: 23241K (48%)
ptolemy.util.test.WatchDog.cancel(): canceling Wed Jul 14 14:27:45 UTC 2021
auto.tcl: Setting watchdog for 200 seconds at Wed Jul 14 14:27:45 UTC 2021
16 ms. Memory: 48128K Free: 20646K (43%)
ptolemy.util.test.WatchDog.cancel(): canceling Wed Jul 14 14:27:45 UTC 2021
------------------ testing $PTII/ptolemy/domains/de/test/auto/ComposableCausalityAnalysis.xml
auto.tcl: Setting watchdog for 200 seconds at Wed Jul 14 14:27:45 UTC 2021
1 ms. Memory: 48128K Free: 27871K (58%)
ptolemy.util.test.WatchDog.cancel(): canceling Wed Jul 14 14:27:45 UTC 2021
auto.tcl: Setting watchdog for 200 seconds at Wed Jul 14 14:27:45 UTC 2021
4 ms. Memory: 48128K Free: 26794K (56%)
ptolemy.util.test.WatchDog.cancel(): canceling Wed Jul 14 14:27:45 UTC 2021
------------------ testing $PTII/ptolemy/domains/de/test/auto/DEFixedPointLimitation.xml
auto.tcl: Setting watchdog for 200 seconds at Wed Jul 14 14:27:45 UTC 2021
1 ms. Memory: 48128K Free: 28973K (60%)
ptolemy.util.test.WatchDog.cancel(): canceling Wed Jul 14 14:27:45 UTC 2021
auto.tcl: Setting watchdog for 200 seconds at Wed Jul 14 14:27:45 UTC 2021
2 ms. Memory: 48128K Free: 28104K (58%)
ptolemy.util.test.WatchDog.cancel(): canceling Wed Jul 14 14:27:45 UTC 2021
------------------ testing $PTII/ptolemy/domains/de/test/auto/DEScheduleTest.xml
auto.tcl: Setting watchdog for 200 seconds at Wed Jul 14 14:27:45 UTC 2021
3 ms. Memory: 48128K Free: 29299K (61%)
ptolemy.util.test.WatchDog.cancel(): canceling Wed Jul 14 14:27:45 UTC 2021
auto.tcl: Setting watchdog for 200 seconds at Wed Jul 14 14:27:45 UTC 2021
2 ms. Memory: 48128K Free: 28551K (59%)
ptolemy.util.test.WatchDog.cancel(): canceling Wed Jul 14 14:27:45 UTC 2021
------------------ testing $PTII/ptolemy/domains/de/test/auto/DEinDEwithStartTimes.xml
auto.tcl: Setting watchdog for 200 seconds at Wed Jul 14 14:27:45 UTC 2021
3 ms. Memory: 48128K Free: 27478K (57%)
ptolemy.util.test.WatchDog.cancel(): canceling Wed Jul 14 14:27:45 UTC 2021
auto.tcl: Setting watchdog for 200 seconds at Wed Jul 14 14:27:45 UTC 2021
3 ms. Memory: 48128K Free: 26454K (55%)
ptolemy.util.test.WatchDog.cancel(): canceling Wed Jul 14 14:27:45 UTC 2021
------------------ testing $PTII/ptolemy/domains/de/test/auto/DEinDEwithStartTimes2.xml
auto.tcl: Setting watchdog for 200 seconds at Wed Jul 14 14:27:45 UTC 2021
4 ms. Memory: 48128K Free: 26705K (55%)
ptolemy.util.test.WatchDog.cancel(): canceling Wed Jul 14 14:27:45 UTC 2021
auto.tcl: Setting watchdog for 200 seconds at Wed Jul 14 14:27:45 UTC 2021
3 ms. Memory: 48128K Free: 25630K (53%)
ptolemy.util.test.WatchDog.cancel(): canceling Wed Jul 14 14:27:45 UTC 2021
------------------ testing $PTII/ptolemy/domains/de/test/auto/DateDemo.xml
auto.tcl: Setting watchdog for 200 seconds at Wed Jul 14 14:27:45 UTC 2021
18 ms. Memory: 48128K Free: 21603K (45%)
ptolemy.util.test.WatchDog.cancel(): canceling Wed Jul 14 14:27:45 UTC 2021
auto.tcl: Setting watchdog for 200 seconds at Wed Jul 14 14:27:45 UTC 2021
9 ms. Memory: 48128K Free: 19867K (41%)
ptolemy.util.test.WatchDog.cancel(): canceling Wed Jul 14 14:27:45 UTC 2021
------------------ testing $PTII/ptolemy/domains/de/test/auto/DateToEvent.xml
auto.tcl: Setting watchdog for 200 seconds at Wed Jul 14 14:27:45 UTC 2021
2014 ms. Memory: 48128K Free: 16746K (35%)
ptolemy.util.test.WatchDog.cancel(): canceling Wed Jul 14 14:27:47 UTC 2021
auto.tcl: Setting watchdog for 200 seconds at Wed Jul 14 14:27:47 UTC 2021
2005 ms. Memory: 48128K Free: 16013K (33%)
ptolemy.util.test.WatchDog.cancel(): canceling Wed Jul 14 14:27:49 UTC 2021
------------------ testing $PTII/ptolemy/domains/de/test/auto/DepthTest1.xml
auto.tcl: Setting watchdog for 200 seconds at Wed Jul 14 14:27:49 UTC 2021
2 ms. Memory: 48128K Free: 30120K (63%)
ptolemy.util.test.WatchDog.cancel(): canceling Wed Jul 14 14:27:49 UTC 2021
auto.tcl: Setting watchdog for 200 seconds at Wed Jul 14 14:27:49 UTC 2021
2 ms. Memory: 48128K Free: 29709K (62%)
ptolemy.util.test.WatchDog.cancel(): canceling Wed Jul 14 14:27:49 UTC 2021
------------------ testing $PTII/ptolemy/domains/de/test/auto/DepthTest2.xml
auto.tcl: Setting watchdog for 200 seconds at Wed Jul 14 14:27:49 UTC 2021
4 ms. Memory: 48128K Free: 26973K (56%)
ptolemy.util.test.WatchDog.cancel(): canceling Wed Jul 14 14:27:49 UTC 2021
auto.tcl: Setting watchdog for 200 seconds at Wed Jul 14 14:27:49 UTC 2021
3 ms. Memory: 48128K Free: 26448K (55%)
ptolemy.util.test.WatchDog.cancel(): canceling Wed Jul 14 14:27:49 UTC 2021
------------------ testing $PTII/ptolemy/domains/de/test/auto/DepthTest3.xml
auto.tcl: Setting watchdog for 200 seconds at Wed Jul 14 14:27:49 UTC 2021
2 ms. Memory: 48128K Free: 30448K (63%)
ptolemy.util.test.WatchDog.cancel(): canceling Wed Jul 14 14:27:50 UTC 2021
auto.tcl: Setting watchdog for 200 seconds at Wed Jul 14 14:27:50 UTC 2021
4 ms. Memory: 48128K Free: 30070K (62%)
ptolemy.util.test.WatchDog.cancel(): canceling Wed Jul 14 14:27:50 UTC 2021
------------------ testing $PTII/ptolemy/domains/de/test/auto/DepthTest4.xml
auto.tcl: Setting watchdog for 200 seconds at Wed Jul 14 14:27:50 UTC 2021
5 ms. Memory: 48128K Free: 28806K (60%)
ptolemy.util.test.WatchDog.cancel(): canceling Wed Jul 14 14:27:50 UTC 2021
auto.tcl: Setting watchdog for 200 seconds at Wed Jul 14 14:27:50 UTC 2021
2 ms. Memory: 48128K Free: 28084K (58%)
ptolemy.util.test.WatchDog.cancel(): canceling Wed Jul 14 14:27:50 UTC 2021
------------------ testing $PTII/ptolemy/domains/de/test/auto/DepthTest5.xml
auto.tcl: Setting watchdog for 200 seconds at Wed Jul 14 14:27:50 UTC 2021
3 ms. Memory: 48128K Free: 28207K (59%)
ptolemy.util.test.WatchDog.cancel(): canceling Wed Jul 14 14:27:50 UTC 2021
auto.tcl: Setting watchdog for 200 seconds at Wed Jul 14 14:27:50 UTC 2021
3 ms. Memory: 48128K Free: 27431K (57%)
ptolemy.util.test.WatchDog.cancel(): canceling Wed Jul 14 14:27:50 UTC 2021
------------------ testing $PTII/ptolemy/domains/de/test/auto/DepthTest6.xml
auto.tcl: Setting watchdog for 200 seconds at Wed Jul 14 14:27:50 UTC 2021
3 ms. Memory: 48128K Free: 27906K (58%)
ptolemy.util.test.WatchDog.cancel(): canceling Wed Jul 14 14:27:50 UTC 2021
auto.tcl: Setting watchdog for 200 seconds at Wed Jul 14 14:27:50 UTC 2021
2 ms. Memory: 48128K Free: 27389K (57%)
ptolemy.util.test.WatchDog.cancel(): canceling Wed Jul 14 14:27:50 UTC 2021
------------------ testing $PTII/ptolemy/domains/de/test/auto/DepthTest7.xml
auto.tcl: Setting watchdog for 200 seconds at Wed Jul 14 14:27:50 UTC 2021
2 ms. Memory: 48128K Free: 28695K (60%)
ptolemy.util.test.WatchDog.cancel(): canceling Wed Jul 14 14:27:50 UTC 2021
auto.tcl: Setting watchdog for 200 seconds at Wed Jul 14 14:27:50 UTC 2021
1 ms. Memory: 48128K Free: 27984K (58%)
ptolemy.util.test.WatchDog.cancel(): canceling Wed Jul 14 14:27:50 UTC 2021
------------------ testing $PTII/ptolemy/domains/de/test/auto/EventToDate.xml
auto.tcl: Setting watchdog for 200 seconds at Wed Jul 14 14:27:50 UTC 2021
3005 ms. Memory: 48128K Free: 19545K (41%)
ptolemy.util.test.WatchDog.cancel(): canceling Wed Jul 14 14:27:53 UTC 2021
auto.tcl: Setting watchdog for 200 seconds at Wed Jul 14 14:27:53 UTC 2021
3004 ms. Memory: 48128K Free: 18835K (39%)
ptolemy.util.test.WatchDog.cancel(): canceling Wed Jul 14 14:27:56 UTC 2021
------------------ testing $PTII/ptolemy/domains/de/test/auto/FSM1.xml
auto.tcl: Setting watchdog for 200 seconds at Wed Jul 14 14:27:56 UTC 2021
26 ms. Memory: 48128K Free: 20244K (42%)
ptolemy.util.test.WatchDog.cancel(): canceling Wed Jul 14 14:27:56 UTC 2021
auto.tcl: Setting watchdog for 200 seconds at Wed Jul 14 14:27:56 UTC 2021
13 ms. Memory: 48128K Free: 17091K (36%)
ptolemy.util.test.WatchDog.cancel(): canceling Wed Jul 14 14:27:56 UTC 2021
------------------ testing $PTII/ptolemy/domains/de/test/auto/FSM7.xml
auto.tcl: Setting watchdog for 200 seconds at Wed Jul 14 14:27:56 UTC 2021
15 ms. Memory: 48128K Free: 20431K (42%)
ptolemy.util.test.WatchDog.cancel(): canceling Wed Jul 14 14:27:56 UTC 2021
auto.tcl: Setting watchdog for 200 seconds at Wed Jul 14 14:27:56 UTC 2021
19 ms. Memory: 48128K Free: 17245K (36%)
ptolemy.util.test.WatchDog.cancel(): canceling Wed Jul 14 14:27:56 UTC 2021
------------------ testing $PTII/ptolemy/domains/de/test/auto/Inspection.xml
auto.tcl: Setting watchdog for 200 seconds at Wed Jul 14 14:27:56 UTC 2021
25 ms. Memory: 48128K Free: 20238K (42%)
ptolemy.util.test.WatchDog.cancel(): canceling Wed Jul 14 14:27:56 UTC 2021
auto.tcl: Setting watchdog for 200 seconds at Wed Jul 14 14:27:56 UTC 2021
27 ms. Memory: 48128K Free: 18368K (38%)
ptolemy.util.test.WatchDog.cancel(): canceling Wed Jul 14 14:27:56 UTC 2021
------------------ testing $PTII/ptolemy/domains/de/test/auto/Iteration.xml
auto.tcl: Setting watchdog for 200 seconds at Wed Jul 14 14:27:56 UTC 2021
6 ms. Memory: 48128K Free: 26204K (54%)
ptolemy.util.test.WatchDog.cancel(): canceling Wed Jul 14 14:27:56 UTC 2021
auto.tcl: Setting watchdog for 200 seconds at Wed Jul 14 14:27:56 UTC 2021
5 ms. Memory: 48128K Free: 25153K (52%)
ptolemy.util.test.WatchDog.cancel(): canceling Wed Jul 14 14:27:56 UTC 2021
------------------ testing $PTII/ptolemy/domains/de/test/auto/LineFault.xml
auto.tcl: Setting watchdog for 200 seconds at Wed Jul 14 14:27:56 UTC 2021
605 ms. Memory: 58368K Free: 32599K (56%)
ptolemy.util.test.WatchDog.cancel(): canceling Wed Jul 14 14:27:57 UTC 2021
auto.tcl: Setting watchdog for 200 seconds at Wed Jul 14 14:27:57 UTC 2021
518 ms. Memory: 58368K Free: 26650K (46%)
ptolemy.util.test.WatchDog.cancel(): canceling Wed Jul 14 14:27:58 UTC 2021
------------------ testing $PTII/ptolemy/domains/de/test/auto/MergeModel1Add.xml
auto.tcl: Setting watchdog for 200 seconds at Wed Jul 14 14:27:58 UTC 2021
28 ms. Memory: 58368K Free: 21843K (37%)
ptolemy.util.test.WatchDog.cancel(): canceling Wed Jul 14 14:27:58 UTC 2021
auto.tcl: Setting watchdog for 200 seconds at Wed Jul 14 14:27:58 UTC 2021
10 ms. Memory: 58368K Free: 20612K (35%)
ptolemy.util.test.WatchDog.cancel(): canceling Wed Jul 14 14:27:58 UTC 2021
------------------ testing $PTII/ptolemy/domains/de/test/auto/MergeModel2Add.xml
auto.tcl: Setting watchdog for 200 seconds at Wed Jul 14 14:27:58 UTC 2021
9 ms. Memory: 55296K Free: 21649K (39%)
ptolemy.util.test.WatchDog.cancel(): canceling Wed Jul 14 14:27:58 UTC 2021
auto.tcl: Setting watchdog for 200 seconds at Wed Jul 14 14:27:58 UTC 2021
8 ms. Memory: 55296K Free: 19972K (36%)
ptolemy.util.test.WatchDog.cancel(): canceling Wed Jul 14 14:27:58 UTC 2021
------------------ testing $PTII/ptolemy/domains/de/test/auto/MergeModel3Add.xml
auto.tcl: Setting watchdog for 200 seconds at Wed Jul 14 14:27:58 UTC 2021
7 ms. Memory: 55296K Free: 21658K (39%)
ptolemy.util.test.WatchDog.cancel(): canceling Wed Jul 14 14:27:58 UTC 2021
auto.tcl: Setting watchdog for 200 seconds at Wed Jul 14 14:27:58 UTC 2021
8 ms. Memory: 55296K Free: 19980K (36%)
ptolemy.util.test.WatchDog.cancel(): canceling Wed Jul 14 14:27:58 UTC 2021
------------------ testing $PTII/ptolemy/domains/de/test/auto/MergeWithoutDiscard.xml
auto.tcl: Setting watchdog for 200 seconds at Wed Jul 14 14:27:58 UTC 2021
1 ms. Memory: 55296K Free: 36260K (66%)
ptolemy.util.test.WatchDog.cancel(): canceling Wed Jul 14 14:27:58 UTC 2021
auto.tcl: Setting watchdog for 200 seconds at Wed Jul 14 14:27:58 UTC 2021
1 ms. Memory: 55296K Free: 35787K (65%)
ptolemy.util.test.WatchDog.cancel(): canceling Wed Jul 14 14:27:58 UTC 2021
------------------ testing $PTII/ptolemy/domains/de/test/auto/Modal1.xml
auto.tcl: Setting watchdog for 200 seconds at Wed Jul 14 14:27:58 UTC 2021
10 ms. Memory: 51200K Free: 24294K (47%)
ptolemy.util.test.WatchDog.cancel(): canceling Wed Jul 14 14:27:58 UTC 2021
auto.tcl: Setting watchdog for 200 seconds at Wed Jul 14 14:27:58 UTC 2021
11 ms. Memory: 51200K Free: 20726K (40%)
ptolemy.util.test.WatchDog.cancel(): canceling Wed Jul 14 14:27:58 UTC 2021
------------------ testing $PTII/ptolemy/domains/de/test/auto/Modal2.xml
auto.tcl: Setting watchdog for 200 seconds at Wed Jul 14 14:27:58 UTC 2021
14 ms. Memory: 51200K Free: 23901K (47%)
ptolemy.util.test.WatchDog.cancel(): canceling Wed Jul 14 14:27:58 UTC 2021
auto.tcl: Setting watchdog for 200 seconds at Wed Jul 14 14:27:58 UTC 2021
18 ms. Memory: 51200K Free: 20645K (40%)
ptolemy.util.test.WatchDog.cancel(): canceling Wed Jul 14 14:27:58 UTC 2021
------------------ testing $PTII/ptolemy/domains/de/test/auto/Modal3.xml
auto.tcl: Setting watchdog for 200 seconds at Wed Jul 14 14:27:58 UTC 2021
13 ms. Memory: 51200K Free: 23640K (46%)
ptolemy.util.test.WatchDog.cancel(): canceling Wed Jul 14 14:27:58 UTC 2021
auto.tcl: Setting watchdog for 200 seconds at Wed Jul 14 14:27:58 UTC 2021
12 ms. Memory: 51200K Free: 20657K (40%)
ptolemy.util.test.WatchDog.cancel(): canceling Wed Jul 14 14:27:58 UTC 2021
------------------ testing $PTII/ptolemy/domains/de/test/auto/Modal4.xml
auto.tcl: Setting watchdog for 200 seconds at Wed Jul 14 14:27:58 UTC 2021
12 ms. Memory: 51200K Free: 22859K (45%)
ptolemy.util.test.WatchDog.cancel(): canceling Wed Jul 14 14:27:58 UTC 2021
auto.tcl: Setting watchdog for 200 seconds at Wed Jul 14 14:27:58 UTC 2021
18 ms. Memory: 51200K Free: 19023K (37%)
ptolemy.util.test.WatchDog.cancel(): canceling Wed Jul 14 14:27:58 UTC 2021
------------------ testing $PTII/ptolemy/domains/de/test/auto/Modal5.xml
auto.tcl: Setting watchdog for 200 seconds at Wed Jul 14 14:27:59 UTC 2021
11 ms. Memory: 51200K Free: 22829K (45%)
ptolemy.util.test.WatchDog.cancel(): canceling Wed Jul 14 14:27:59 UTC 2021
auto.tcl: Setting watchdog for 200 seconds at Wed Jul 14 14:27:59 UTC 2021
13 ms. Memory: 51200K Free: 19011K (37%)
ptolemy.util.test.WatchDog.cancel(): canceling Wed Jul 14 14:27:59 UTC 2021
------------------ testing $PTII/ptolemy/domains/de/test/auto/Modal6.xml
auto.tcl: Setting watchdog for 200 seconds at Wed Jul 14 14:27:59 UTC 2021
19 ms. Memory: 51200K Free: 23621K (46%)
ptolemy.util.test.WatchDog.cancel(): canceling Wed Jul 14 14:27:59 UTC 2021
auto.tcl: Setting watchdog for 200 seconds at Wed Jul 14 14:27:59 UTC 2021
15 ms. Memory: 51200K Free: 20031K (39%)
ptolemy.util.test.WatchDog.cancel(): canceling Wed Jul 14 14:27:59 UTC 2021
------------------ testing $PTII/ptolemy/domains/de/test/auto/Modal7.xml
auto.tcl: Setting watchdog for 200 seconds at Wed Jul 14 14:27:59 UTC 2021
9 ms. Memory: 51200K Free: 22829K (45%)
ptolemy.util.test.WatchDog.cancel(): canceling Wed Jul 14 14:27:59 UTC 2021
auto.tcl: Setting watchdog for 200 seconds at Wed Jul 14 14:27:59 UTC 2021
8 ms. Memory: 51200K Free: 19260K (38%)
ptolemy.util.test.WatchDog.cancel(): canceling Wed Jul 14 14:27:59 UTC 2021
------------------ testing $PTII/ptolemy/domains/de/test/auto/ModalModel.xml
auto.tcl: Setting watchdog for 200 seconds at Wed Jul 14 14:27:59 UTC 2021
184 ms. Memory: 64512K Free: 28316K (44%)
ptolemy.util.test.WatchDog.cancel(): canceling Wed Jul 14 14:27:59 UTC 2021
auto.tcl: Setting watchdog for 200 seconds at Wed Jul 14 14:27:59 UTC 2021
173 ms. Memory: 64512K Free: 31422K (49%)
ptolemy.util.test.WatchDog.cancel(): canceling Wed Jul 14 14:27:59 UTC 2021
------------------ testing $PTII/ptolemy/domains/de/test/auto/ModalSource.xml
auto.tcl: Setting watchdog for 200 seconds at Wed Jul 14 14:27:59 UTC 2021
5 ms. Memory: 51200K Free: 27684K (54%)
ptolemy.util.test.WatchDog.cancel(): canceling Wed Jul 14 14:27:59 UTC 2021
auto.tcl: Setting watchdog for 200 seconds at Wed Jul 14 14:27:59 UTC 2021
5 ms. Memory: 51200K Free: 25636K (50%)
ptolemy.util.test.WatchDog.cancel(): canceling Wed Jul 14 14:27:59 UTC 2021
------------------ testing $PTII/ptolemy/domains/de/test/auto/NonInterruptibleTimerZeroDelay.xml
auto.tcl: Setting watchdog for 200 seconds at Wed Jul 14 14:27:59 UTC 2021
3 ms. Memory: 51200K Free: 32397K (63%)
ptolemy.util.test.WatchDog.cancel(): canceling Wed Jul 14 14:27:59 UTC 2021
auto.tcl: Setting watchdog for 200 seconds at Wed Jul 14 14:27:59 UTC 2021
2 ms. Memory: 51200K Free: 31558K (62%)
ptolemy.util.test.WatchDog.cancel(): canceling Wed Jul 14 14:27:59 UTC 2021
------------------ testing $PTII/ptolemy/domains/de/test/auto/OpenQueueingNetwork.xml
auto.tcl: Setting watchdog for 200 seconds at Wed Jul 14 14:27:59 UTC 2021
3148 ms. Memory: 126976K Free: 77665K (61%)
ptolemy.util.test.WatchDog.cancel(): canceling Wed Jul 14 14:28:03 UTC 2021
auto.tcl: Setting watchdog for 200 seconds at Wed Jul 14 14:28:03 UTC 2021
2741 ms. Memory: 152576K Free: 118176K (77%)
ptolemy.util.test.WatchDog.cancel(): canceling Wed Jul 14 14:28:05 UTC 2021
------------------ testing $PTII/ptolemy/domains/de/test/auto/OpenQueuingNetwork.xml
auto.tcl: Setting watchdog for 200 seconds at Wed Jul 14 14:28:05 UTC 2021
243 ms. Memory: 55296K Free: 23280K (42%)
ptolemy.util.test.WatchDog.cancel(): canceling Wed Jul 14 14:28:06 UTC 2021
auto.tcl: Setting watchdog for 200 seconds at Wed Jul 14 14:28:06 UTC 2021
255 ms. Memory: 55296K Free: 32303K (58%)
ptolemy.util.test.WatchDog.cancel(): canceling Wed Jul 14 14:28:06 UTC 2021
------------------ testing $PTII/ptolemy/domains/de/test/auto/PeriodicSampler.xml
auto.tcl: Setting watchdog for 200 seconds at Wed Jul 14 14:28:06 UTC 2021
2 ms. Memory: 55296K Free: 35925K (65%)
ptolemy.util.test.WatchDog.cancel(): canceling Wed Jul 14 14:28:06 UTC 2021
auto.tcl: Setting watchdog for 200 seconds at Wed Jul 14 14:28:06 UTC 2021
2 ms. Memory: 55296K Free: 35397K (64%)
ptolemy.util.test.WatchDog.cancel(): canceling Wed Jul 14 14:28:06 UTC 2021
------------------ testing $PTII/ptolemy/domains/de/test/auto/PersistentIO.xml
auto.tcl: Setting watchdog for 200 seconds at Wed Jul 14 14:28:06 UTC 2021
13 ms. Memory: 55296K Free: 30849K (56%)
ptolemy.util.test.WatchDog.cancel(): canceling Wed Jul 14 14:28:06 UTC 2021
auto.tcl: Setting watchdog for 200 seconds at Wed Jul 14 14:28:06 UTC 2021
3 ms. Memory: 55296K Free: 29329K (53%)
ptolemy.util.test.WatchDog.cancel(): canceling Wed Jul 14 14:28:06 UTC 2021
------------------ testing $PTII/ptolemy/domains/de/test/auto/PortParameterResetOnInitialize.xml
auto.tcl: Setting watchdog for 200 seconds at Wed Jul 14 14:28:06 UTC 2021
2 ms. Memory: 51200K Free: 31721K (62%)
ptolemy.util.test.WatchDog.cancel(): canceling Wed Jul 14 14:28:06 UTC 2021
auto.tcl: Setting watchdog for 200 seconds at Wed Jul 14 14:28:06 UTC 2021
2 ms. Memory: 51200K Free: 31241K (61%)
ptolemy.util.test.WatchDog.cancel(): canceling Wed Jul 14 14:28:06 UTC 2021
------------------ testing $PTII/ptolemy/domains/de/test/auto/PortParameterUpdates.xml
auto.tcl: Setting watchdog for 200 seconds at Wed Jul 14 14:28:06 UTC 2021
4 ms. Memory: 51200K Free: 30349K (59%)
ptolemy.util.test.WatchDog.cancel(): canceling Wed Jul 14 14:28:06 UTC 2021
auto.tcl: Setting watchdog for 200 seconds at Wed Jul 14 14:28:06 UTC 2021
5 ms. Memory: 51200K Free: 28807K (56%)
ptolemy.util.test.WatchDog.cancel(): canceling Wed Jul 14 14:28:06 UTC 2021
------------------ testing $PTII/ptolemy/domains/de/test/auto/QueueAndServer.xml
auto.tcl: Setting watchdog for 200 seconds at Wed Jul 14 14:28:06 UTC 2021
5 ms. Memory: 51200K Free: 28775K (56%)
ptolemy.util.test.WatchDog.cancel(): canceling Wed Jul 14 14:28:06 UTC 2021
auto.tcl: Setting watchdog for 200 seconds at Wed Jul 14 14:28:06 UTC 2021
6 ms. Memory: 51200K Free: 27267K (53%)
ptolemy.util.test.WatchDog.cancel(): canceling Wed Jul 14 14:28:06 UTC 2021
------------------ testing $PTII/ptolemy/domains/de/test/auto/Records.xml
auto.tcl: Setting watchdog for 200 seconds at Wed Jul 14 14:28:06 UTC 2021
4 ms. Memory: 51200K Free: 30990K (61%)
ptolemy.util.test.WatchDog.cancel(): canceling Wed Jul 14 14:28:06 UTC 2021
auto.tcl: Setting watchdog for 200 seconds at Wed Jul 14 14:28:06 UTC 2021
2 ms. Memory: 51200K Free: 30487K (60%)
ptolemy.util.test.WatchDog.cancel(): canceling Wed Jul 14 14:28:06 UTC 2021
------------------ testing $PTII/ptolemy/domains/de/test/auto/ResetTransitionWithStartTime1.xml
auto.tcl: Setting watchdog for 200 seconds at Wed Jul 14 14:28:06 UTC 2021
6 ms. Memory: 51200K Free: 28237K (55%)
ptolemy.util.test.WatchDog.cancel(): canceling Wed Jul 14 14:28:07 UTC 2021
auto.tcl: Setting watchdog for 200 seconds at Wed Jul 14 14:28:07 UTC 2021
5 ms. Memory: 51200K Free: 26223K (51%)
ptolemy.util.test.WatchDog.cancel(): canceling Wed Jul 14 14:28:07 UTC 2021
------------------ testing $PTII/ptolemy/domains/de/test/auto/ResetTransitionWithStartTime2.xml
auto.tcl: Setting watchdog for 200 seconds at Wed Jul 14 14:28:07 UTC 2021
4 ms. Memory: 51200K Free: 28192K (55%)
ptolemy.util.test.WatchDog.cancel(): canceling Wed Jul 14 14:28:07 UTC 2021
auto.tcl: Setting watchdog for 200 seconds at Wed Jul 14 14:28:07 UTC 2021
5 ms. Memory: 51200K Free: 26155K (51%)
ptolemy.util.test.WatchDog.cancel(): canceling Wed Jul 14 14:28:07 UTC 2021
------------------ testing $PTII/ptolemy/domains/de/test/auto/ResetTransitionWithStartTime3.xml
auto.tcl: Setting watchdog for 200 seconds at Wed Jul 14 14:28:07 UTC 2021
5 ms. Memory: 51200K Free: 28191K (55%)
ptolemy.util.test.WatchDog.cancel(): canceling Wed Jul 14 14:28:07 UTC 2021
auto.tcl: Setting watchdog for 200 seconds at Wed Jul 14 14:28:07 UTC 2021
5 ms. Memory: 51200K Free: 25640K (50%)
ptolemy.util.test.WatchDog.cancel(): canceling Wed Jul 14 14:28:07 UTC 2021
------------------ testing $PTII/ptolemy/domains/de/test/auto/ResetTransitionWithStartTime4.xml
auto.tcl: Setting watchdog for 200 seconds at Wed Jul 14 14:28:07 UTC 2021
10 ms. Memory: 51200K Free: 28630K (56%)
ptolemy.util.test.WatchDog.cancel(): canceling Wed Jul 14 14:28:07 UTC 2021
auto.tcl: Setting watchdog for 200 seconds at Wed Jul 14 14:28:07 UTC 2021
3 ms. Memory: 51200K Free: 27201K (53%)
ptolemy.util.test.WatchDog.cancel(): canceling Wed Jul 14 14:28:07 UTC 2021
------------------ testing $PTII/ptolemy/domains/de/test/auto/ResettableTimer1.xml
auto.tcl: Setting watchdog for 200 seconds at Wed Jul 14 14:28:07 UTC 2021
2 ms. Memory: 51200K Free: 32376K (63%)
ptolemy.util.test.WatchDog.cancel(): canceling Wed Jul 14 14:28:07 UTC 2021
auto.tcl: Setting watchdog for 200 seconds at Wed Jul 14 14:28:07 UTC 2021
2 ms. Memory: 51200K Free: 31779K (62%)
ptolemy.util.test.WatchDog.cancel(): canceling Wed Jul 14 14:28:07 UTC 2021
------------------ testing $PTII/ptolemy/domains/de/test/auto/ResettableTimer2.xml
auto.tcl: Setting watchdog for 200 seconds at Wed Jul 14 14:28:07 UTC 2021
2 ms. Memory: 51200K Free: 32408K (63%)
ptolemy.util.test.WatchDog.cancel(): canceling Wed Jul 14 14:28:07 UTC 2021
auto.tcl: Setting watchdog for 200 seconds at Wed Jul 14 14:28:07 UTC 2021
1 ms. Memory: 51200K Free: 31336K (61%)
ptolemy.util.test.WatchDog.cancel(): canceling Wed Jul 14 14:28:07 UTC 2021
------------------ testing $PTII/ptolemy/domains/de/test/auto/ResettableTimer3.xml
auto.tcl: Setting watchdog for 200 seconds at Wed Jul 14 14:28:07 UTC 2021
1 ms. Memory: 51200K Free: 32828K (64%)
ptolemy.util.test.WatchDog.cancel(): canceling Wed Jul 14 14:28:07 UTC 2021
auto.tcl: Setting watchdog for 200 seconds at Wed Jul 14 14:28:07 UTC 2021
1 ms. Memory: 51200K Free: 32324K (63%)
ptolemy.util.test.WatchDog.cancel(): canceling Wed Jul 14 14:28:07 UTC 2021
------------------ testing $PTII/ptolemy/domains/de/test/auto/ResettableTimer4.xml
auto.tcl: Setting watchdog for 200 seconds at Wed Jul 14 14:28:07 UTC 2021
1 ms. Memory: 51200K Free: 32360K (63%)
ptolemy.util.test.WatchDog.cancel(): canceling Wed Jul 14 14:28:07 UTC 2021
auto.tcl: Setting watchdog for 200 seconds at Wed Jul 14 14:28:07 UTC 2021
2 ms. Memory: 51200K Free: 32360K (63%)
ptolemy.util.test.WatchDog.cancel(): canceling Wed Jul 14 14:28:07 UTC 2021
------------------ testing $PTII/ptolemy/domains/de/test/auto/ResettableTimer5.xml
auto.tcl: Setting watchdog for 200 seconds at Wed Jul 14 14:28:07 UTC 2021
2 ms. Memory: 51200K Free: 32335K (63%)
ptolemy.util.test.WatchDog.cancel(): canceling Wed Jul 14 14:28:07 UTC 2021
auto.tcl: Setting watchdog for 200 seconds at Wed Jul 14 14:28:07 UTC 2021
1 ms. Memory: 51200K Free: 31847K (62%)
ptolemy.util.test.WatchDog.cancel(): canceling Wed Jul 14 14:28:07 UTC 2021
------------------ testing $PTII/ptolemy/domains/de/test/auto/ResettableTimer6.xml
auto.tcl: Setting watchdog for 200 seconds at Wed Jul 14 14:28:07 UTC 2021
2 ms. Memory: 51200K Free: 31798K (62%)
ptolemy.util.test.WatchDog.cancel(): canceling Wed Jul 14 14:28:07 UTC 2021
auto.tcl: Setting watchdog for 200 seconds at Wed Jul 14 14:28:07 UTC 2021
1 ms. Memory: 51200K Free: 31303K (61%)
ptolemy.util.test.WatchDog.cancel(): canceling Wed Jul 14 14:28:07 UTC 2021
------------------ testing $PTII/ptolemy/domains/de/test/auto/ServerZeroDelay.xml
auto.tcl: Setting watchdog for 200 seconds at Wed Jul 14 14:28:07 UTC 2021
3 ms. Memory: 51200K Free: 32317K (63%)
ptolemy.util.test.WatchDog.cancel(): canceling Wed Jul 14 14:28:07 UTC 2021
auto.tcl: Setting watchdog for 200 seconds at Wed Jul 14 14:28:07 UTC 2021
2 ms. Memory: 51200K Free: 31310K (61%)
ptolemy.util.test.WatchDog.cancel(): canceling Wed Jul 14 14:28:07 UTC 2021
------------------ testing $PTII/ptolemy/domains/de/test/auto/SmartSender.xml
auto.tcl: Setting watchdog for 200 seconds at Wed Jul 14 14:28:07 UTC 2021
3001 ms. Memory: 51200K Free: 32335K (63%)
ptolemy.util.test.WatchDog.cancel(): canceling Wed Jul 14 14:28:10 UTC 2021
auto.tcl: Setting watchdog for 200 seconds at Wed Jul 14 14:28:10 UTC 2021
3002 ms. Memory: 51200K Free: 31823K (62%)
ptolemy.util.test.WatchDog.cancel(): canceling Wed Jul 14 14:28:13 UTC 2021
------------------ testing $PTII/ptolemy/domains/de/test/auto/ThreadedComposite.xml
auto.tcl: Setting watchdog for 200 seconds at Wed Jul 14 14:28:13 UTC 2021
189 ms. Memory: 51200K Free: 13894K (27%)
ptolemy.util.test.WatchDog.cancel(): canceling Wed Jul 14 14:28:13 UTC 2021
auto.tcl: Setting watchdog for 200 seconds at Wed Jul 14 14:28:13 UTC 2021
123 ms. Memory: 51200K Free: 29606K (58%)
ptolemy.util.test.WatchDog.cancel(): canceling Wed Jul 14 14:28:13 UTC 2021
------------------ testing $PTII/ptolemy/domains/de/test/auto/Time.xml
auto.tcl: Setting watchdog for 200 seconds at Wed Jul 14 14:28:14 UTC 2021
418 ms. Memory: 67584K Free: 51862K (77%)
ptolemy.util.test.WatchDog.cancel(): canceling Wed Jul 14 14:28:14 UTC 2021
auto.tcl: Setting watchdog for 200 seconds at Wed Jul 14 14:28:14 UTC 2021
390 ms. Memory: 67584K Free: 36493K (54%)
ptolemy.util.test.WatchDog.cancel(): canceling Wed Jul 14 14:28:14 UTC 2021
------------------ testing $PTII/ptolemy/domains/de/test/auto/TimeDelayZeroDelay.xml
auto.tcl: Setting watchdog for 200 seconds at Wed Jul 14 14:28:14 UTC 2021
1 ms. Memory: 55296K Free: 36828K (67%)
ptolemy.util.test.WatchDog.cancel(): canceling Wed Jul 14 14:28:14 UTC 2021
auto.tcl: Setting watchdog for 200 seconds at Wed Jul 14 14:28:14 UTC 2021
1 ms. Memory: 55296K Free: 36332K (66%)
ptolemy.util.test.WatchDog.cancel(): canceling Wed Jul 14 14:28:14 UTC 2021
------------------ testing $PTII/ptolemy/domains/de/test/auto/TimerZeroDelay.xml
auto.tcl: Setting watchdog for 200 seconds at Wed Jul 14 14:28:14 UTC 2021
2 ms. Memory: 55296K Free: 36736K (66%)
ptolemy.util.test.WatchDog.cancel(): canceling Wed Jul 14 14:28:14 UTC 2021
auto.tcl: Setting watchdog for 200 seconds at Wed Jul 14 14:28:14 UTC 2021
1 ms. Memory: 55296K Free: 35942K (65%)
ptolemy.util.test.WatchDog.cancel(): canceling Wed Jul 14 14:28:14 UTC 2021
------------------ testing $PTII/ptolemy/domains/de/test/auto/TimingParadox.xml
auto.tcl: Setting watchdog for 200 seconds at Wed Jul 14 14:28:14 UTC 2021
264 ms. Memory: 55296K Free: 27043K (49%)
ptolemy.util.test.WatchDog.cancel(): canceling Wed Jul 14 14:28:15 UTC 2021
auto.tcl: Setting watchdog for 200 seconds at Wed Jul 14 14:28:15 UTC 2021
262 ms. Memory: 55296K Free: 19840K (36%)
ptolemy.util.test.WatchDog.cancel(): canceling Wed Jul 14 14:28:15 UTC 2021
------------------ testing $PTII/ptolemy/domains/de/test/auto/TransferInputs.xml
auto.tcl: Setting watchdog for 200 seconds at Wed Jul 14 14:28:15 UTC 2021
1 ms. Memory: 55296K Free: 34827K (63%)
ptolemy.util.test.WatchDog.cancel(): canceling Wed Jul 14 14:28:15 UTC 2021
auto.tcl: Setting watchdog for 200 seconds at Wed Jul 14 14:28:15 UTC 2021
2 ms. Memory: 55296K Free: 33915K (61%)
ptolemy.util.test.WatchDog.cancel(): canceling Wed Jul 14 14:28:15 UTC 2021
------------------ testing $PTII/ptolemy/domains/de/test/auto/TransferOutputs2.xml
auto.tcl: Setting watchdog for 200 seconds at Wed Jul 14 14:28:15 UTC 2021
3 ms. Memory: 51200K Free: 28189K (55%)
ptolemy.util.test.WatchDog.cancel(): canceling Wed Jul 14 14:28:15 UTC 2021
auto.tcl: Setting watchdog for 200 seconds at Wed Jul 14 14:28:15 UTC 2021
2 ms. Memory: 51200K Free: 26732K (52%)
ptolemy.util.test.WatchDog.cancel(): canceling Wed Jul 14 14:28:15 UTC 2021
------------------ testing $PTII/ptolemy/domains/de/test/auto/Trilateration.xml
auto.tcl: Setting watchdog for 200 seconds at Wed Jul 14 14:28:15 UTC 2021
11693 ms. Memory: 487424K Free: 342773K (70%)
ptolemy.util.test.WatchDog.cancel(): canceling Wed Jul 14 14:28:28 UTC 2021
auto.tcl: Setting watchdog for 200 seconds at Wed Jul 14 14:28:28 UTC 2021
8666 ms. Memory: 487424K Free: 303810K (62%)
ptolemy.util.test.WatchDog.cancel(): canceling Wed Jul 14 14:28:37 UTC 2021
------------------ testing $PTII/ptolemy/domains/de/test/auto/TwoSigmaDelta.xml
auto.tcl: Setting watchdog for 200 seconds at Wed Jul 14 14:28:37 UTC 2021
2214 ms. Memory: 92160K Free: 34553K (37%)
ptolemy.util.test.WatchDog.cancel(): canceling Wed Jul 14 14:28:39 UTC 2021
auto.tcl: Setting watchdog for 200 seconds at Wed Jul 14 14:28:39 UTC 2021
1714 ms. Memory: 92160K Free: 38111K (41%)
ptolemy.util.test.WatchDog.cancel(): canceling Wed Jul 14 14:28:41 UTC 2021
------------------ testing $PTII/ptolemy/domains/de/test/auto/VariableDelay.xml
auto.tcl: Setting watchdog for 200 seconds at Wed Jul 14 14:28:41 UTC 2021
3 ms. Memory: 58368K Free: 38405K (66%)
ptolemy.util.test.WatchDog.cancel(): canceling Wed Jul 14 14:28:41 UTC 2021
auto.tcl: Setting watchdog for 200 seconds at Wed Jul 14 14:28:41 UTC 2021
2 ms. Memory: 58368K Free: 37365K (64%)
ptolemy.util.test.WatchDog.cancel(): canceling Wed Jul 14 14:28:41 UTC 2021
------------------ testing $PTII/ptolemy/domains/de/test/auto/VariableDelay2.xml
auto.tcl: Setting watchdog for 200 seconds at Wed Jul 14 14:28:41 UTC 2021
8 ms. Memory: 55296K Free: 36296K (66%)
ptolemy.util.test.WatchDog.cancel(): canceling Wed Jul 14 14:28:41 UTC 2021
auto.tcl: Setting watchdog for 200 seconds at Wed Jul 14 14:28:41 UTC 2021
2 ms. Memory: 55296K Free: 35235K (64%)
ptolemy.util.test.WatchDog.cancel(): canceling Wed Jul 14 14:28:41 UTC 2021
------------------ testing $PTII/ptolemy/domains/de/test/auto/VariableDelayZeroDelay.xml
auto.tcl: Setting watchdog for 200 seconds at Wed Jul 14 14:28:41 UTC 2021
2 ms. Memory: 55296K Free: 36259K (66%)
ptolemy.util.test.WatchDog.cancel(): canceling Wed Jul 14 14:28:41 UTC 2021
auto.tcl: Setting watchdog for 200 seconds at Wed Jul 14 14:28:41 UTC 2021
2 ms. Memory: 55296K Free: 35739K (65%)
ptolemy.util.test.WatchDog.cancel(): canceling Wed Jul 14 14:28:41 UTC 2021
------------------ testing $PTII/ptolemy/domains/de/test/auto/VariableDelayZeroDelay2.xml
auto.tcl: Setting watchdog for 200 seconds at Wed Jul 14 14:28:41 UTC 2021
2 ms. Memory: 55296K Free: 36257K (66%)
ptolemy.util.test.WatchDog.cancel(): canceling Wed Jul 14 14:28:41 UTC 2021
auto.tcl: Setting watchdog for 200 seconds at Wed Jul 14 14:28:41 UTC 2021
2 ms. Memory: 55296K Free: 35233K (64%)
ptolemy.util.test.WatchDog.cancel(): canceling Wed Jul 14 14:28:41 UTC 2021
------------------ testing $PTII/ptolemy/domains/de/test/auto/deInCt.xml
auto.tcl: Setting watchdog for 200 seconds at Wed Jul 14 14:28:41 UTC 2021
0
1
1
1
0
0
0
1
1
1
0
0
0
0
0
1
1
1
1
0
0
0
1
1
1
0
0
0
1
1
1
0
0
0
0
0
1
1
1
1
8 ms. Memory: 55296K Free: 35231K (64%)
ptolemy.util.test.WatchDog.cancel(): canceling Wed Jul 14 14:28:41 UTC 2021
auto.tcl: Setting watchdog for 200 seconds at Wed Jul 14 14:28:41 UTC 2021
0
1
1
1
1
1
1
0
0
1
1
1
1
1
0
0
1
1
1
1
1
0
0
0
1
1
1
0
0
0
1
1
1
6 ms. Memory: 55296K Free: 33693K (61%)
ptolemy.util.test.WatchDog.cancel(): canceling Wed Jul 14 14:28:41 UTC 2021
------------------ testing $PTII/ptolemy/domains/de/test/auto/deInCt2.xml
auto.tcl: Setting watchdog for 200 seconds at Wed Jul 14 14:28:41 UTC 2021
0
1
1
1
0
0
1
1
1
0
0
1
1
1
0
0
1
1
1
0
0
1
1
1
0
0
1
1
1
0
0
1
1
1
0
0
1
1
1
0
0
0
10 ms. Memory: 51200K Free: 31135K (61%)
ptolemy.util.test.WatchDog.cancel(): canceling Wed Jul 14 14:28:41 UTC 2021
auto.tcl: Setting watchdog for 200 seconds at Wed Jul 14 14:28:41 UTC 2021
0
1
1
1
0
0
1
1
1
0
0
1
1
1
0
0
1
1
1
0
0
1
1
1
0
0
1
1
1
0
0
1
1
1
0
0
1
1
1
0
0
0
6 ms. Memory: 51200K Free: 29597K (58%)
ptolemy.util.test.WatchDog.cancel(): canceling Wed Jul 14 14:28:41 UTC 2021
------------------ testing $PTII/ptolemy/domains/de/test/auto/dynamicCausalityInterface1.xml
auto.tcl: Setting watchdog for 200 seconds at Wed Jul 14 14:28:41 UTC 2021
1 ms. Memory: 51200K Free: 27034K (53%)
ptolemy.util.test.WatchDog.cancel(): canceling Wed Jul 14 14:28:41 UTC 2021
auto.tcl: Setting watchdog for 200 seconds at Wed Jul 14 14:28:41 UTC 2021
1 ms. Memory: 51200K Free: 26506K (52%)
ptolemy.util.test.WatchDog.cancel(): canceling Wed Jul 14 14:28:41 UTC 2021
------------------ testing $PTII/ptolemy/domains/de/test/auto/fsm_de_test.xml
auto.tcl: Setting watchdog for 200 seconds at Wed Jul 14 14:28:41 UTC 2021
9 ms. Memory: 51200K Free: 26932K (53%)
ptolemy.util.test.WatchDog.cancel(): canceling Wed Jul 14 14:28:41 UTC 2021
auto.tcl: Setting watchdog for 200 seconds at Wed Jul 14 14:28:41 UTC 2021
6 ms. Memory: 51200K Free: 24884K (49%)
ptolemy.util.test.WatchDog.cancel(): canceling Wed Jul 14 14:28:41 UTC 2021
------------------ testing $PTII/ptolemy/domains/de/test/auto/functionDependencyReconstruction.xml
auto.tcl: Setting watchdog for 200 seconds at Wed Jul 14 14:28:41 UTC 2021
2 ms. Memory: 51200K Free: 20778K (41%)
ptolemy.util.test.WatchDog.cancel(): canceling Wed Jul 14 14:28:41 UTC 2021
auto.tcl: Setting watchdog for 200 seconds at Wed Jul 14 14:28:41 UTC 2021
3 ms. Memory: 51200K Free: 18730K (37%)
ptolemy.util.test.WatchDog.cancel(): canceling Wed Jul 14 14:28:41 UTC 2021
------------------ testing $PTII/ptolemy/domains/de/test/auto/multirate.xml
auto.tcl: Setting watchdog for 200 seconds at Wed Jul 14 14:28:41 UTC 2021
6 ms. Memory: 51200K Free: 29347K (57%)
ptolemy.util.test.WatchDog.cancel(): canceling Wed Jul 14 14:28:41 UTC 2021
auto.tcl: Setting watchdog for 200 seconds at Wed Jul 14 14:28:41 UTC 2021
2 ms. Memory: 51200K Free: 27827K (54%)
ptolemy.util.test.WatchDog.cancel(): canceling Wed Jul 14 14:28:41 UTC 2021
------------------ testing $PTII/ptolemy/domains/de/test/auto/multirate2.xml
auto.tcl: Setting watchdog for 200 seconds at Wed Jul 14 14:28:42 UTC 2021
5 ms. Memory: 51200K Free: 29728K (58%)
ptolemy.util.test.WatchDog.cancel(): canceling Wed Jul 14 14:28:42 UTC 2021
auto.tcl: Setting watchdog for 200 seconds at Wed Jul 14 14:28:42 UTC 2021
3 ms. Memory: 51200K Free: 28505K (56%)
ptolemy.util.test.WatchDog.cancel(): canceling Wed Jul 14 14:28:42 UTC 2021
------------------ testing $PTII/ptolemy/domains/de/test/auto/realtime.xml
auto.tcl: Setting watchdog for 200 seconds at Wed Jul 14 14:28:42 UTC 2021
10005 ms. Memory: 51200K Free: 31815K (62%)
ptolemy.util.test.WatchDog.cancel(): canceling Wed Jul 14 14:28:52 UTC 2021
auto.tcl: Setting watchdog for 200 seconds at Wed Jul 14 14:28:52 UTC 2021
10002 ms. Memory: 51200K Free: 31303K (61%)
ptolemy.util.test.WatchDog.cancel(): canceling Wed Jul 14 14:29:02 UTC 2021
------------------ testing $PTII/ptolemy/domains/de/test/auto/relationGroup.xml
auto.tcl: Setting watchdog for 200 seconds at Wed Jul 14 14:29:02 UTC 2021
2 ms. Memory: 51200K Free: 32865K (64%)
ptolemy.util.test.WatchDog.cancel(): canceling Wed Jul 14 14:29:02 UTC 2021
auto.tcl: Setting watchdog for 200 seconds at Wed Jul 14 14:29:02 UTC 2021
1 ms. Memory: 51200K Free: 32129K (63%)
ptolemy.util.test.WatchDog.cancel(): canceling Wed Jul 14 14:29:02 UTC 2021
------------------ testing $PTII/ptolemy/domains/de/test/auto/relationGroup2.xml
auto.tcl: Setting watchdog for 200 seconds at Wed Jul 14 14:29:02 UTC 2021
1 ms. Memory: 51200K Free: 32921K (64%)
ptolemy.util.test.WatchDog.cancel(): canceling Wed Jul 14 14:29:02 UTC 2021
auto.tcl: Setting watchdog for 200 seconds at Wed Jul 14 14:29:02 UTC 2021
1 ms. Memory: 51200K Free: 32186K (63%)
ptolemy.util.test.WatchDog.cancel(): canceling Wed Jul 14 14:29:02 UTC 2021
------------------ testing $PTII/ptolemy/domains/de/test/auto/sortWithOpaquePorts.xml
auto.tcl: Setting watchdog for 200 seconds at Wed Jul 14 14:29:02 UTC 2021
1 ms. Memory: 51200K Free: 31598K (62%)
ptolemy.util.test.WatchDog.cancel(): canceling Wed Jul 14 14:29:02 UTC 2021
auto.tcl: Setting watchdog for 200 seconds at Wed Jul 14 14:29:02 UTC 2021
2 ms. Memory: 51200K Free: 30653K (60%)
ptolemy.util.test.WatchDog.cancel(): canceling Wed Jul 14 14:29:02 UTC 2021
------------------ testing $PTII/ptolemy/domains/de/test/auto/transferInputsandOutputs.xml
auto.tcl: Setting watchdog for 200 seconds at Wed Jul 14 14:29:02 UTC 2021
2 ms. Memory: 51200K Free: 29103K (57%)
ptolemy.util.test.WatchDog.cancel(): canceling Wed Jul 14 14:29:02 UTC 2021
auto.tcl: Setting watchdog for 200 seconds at Wed Jul 14 14:29:02 UTC 2021
2 ms. Memory: 51200K Free: 28079K (55%)
ptolemy.util.test.WatchDog.cancel(): canceling Wed Jul 14 14:29:02 UTC 2021
------------------ testing $PTII/ptolemy/domains/de/test/auto/triggerType.xml
auto.tcl: Setting watchdog for 200 seconds at Wed Jul 14 14:29:02 UTC 2021
2 ms. Memory: 51200K Free: 32266K (63%)
ptolemy.util.test.WatchDog.cancel(): canceling Wed Jul 14 14:29:02 UTC 2021
auto.tcl: Setting watchdog for 200 seconds at Wed Jul 14 14:29:02 UTC 2021
2 ms. Memory: 51200K Free: 31104K (61%)
ptolemy.util.test.WatchDog.cancel(): canceling Wed Jul 14 14:29:02 UTC 2021
07/14/21 02:29:02
Failed: 0  Total Tests: 192  ((Passed: 187, Newly Passed: 1)  Known Failed: 5) /home/travis/build/icyphy/ptII/ptolemy/domains/de/test
07/14/21 02:29:02
Failed: 0  Total Tests: 192  ((Passed: 187, Newly Passed: 1)  Known Failed: 5) /home/travis/build/icyphy/ptII/ptolemy/domains/de/test
----------------- testing (KnownFailure) /home/travis/build/icyphy/ptII/ptolemy/domains/de/test/auto/knownFailedTests/DESDFClockTest.xml
2010 ms. Memory: 51200K Free: 25522K (50%)
Known Failure: java.lang.reflect.InvocationTargetException
----------------- testing (KnownFailure) /home/travis/build/icyphy/ptII/ptolemy/domains/de/test/auto/knownFailedTests/DirectFeedback.xml
2 ms. Memory: 51200K Free: 21426K (42%)
Known Failure: java.lang.reflect.InvocationTargetException
----------------- testing (KnownFailure) /home/travis/build/icyphy/ptII/ptolemy/domains/de/test/auto/knownFailedTests/FSMSource.xml
6 ms. Memory: 51200K Free: 13220K (26%)
----------------- testing (KnownFailure) /home/travis/build/icyphy/ptII/ptolemy/domains/de/test/auto/knownFailedTests/HierarchicalModel.xml
3 ms. Memory: 51200K Free: 25440K (50%)
Known Failure: java.lang.reflect.InvocationTargetException
----------------- testing (KnownFailure) /home/travis/build/icyphy/ptII/ptolemy/domains/de/test/auto/knownFailedTests/dependencyLoop.xml
2 ms. Memory: 51200K Free: 10463K (20%)
Known Failure: java.lang.reflect.InvocationTargetException
----------------- testing (KnownFailure) /home/travis/build/icyphy/ptII/ptolemy/domains/de/test/auto/knownFailedTests/dependencyLoop2.xml
8 ms. Memory: 51200K Free: 23622K (46%)
Known Failure: java.lang.reflect.InvocationTargetException
No auto/linux-amd64/*.xml tests in /home/travis/build/icyphy/ptII/ptolemy/domains/de/test
AutoTests.java: About to close Vertx.
AutoTests.java: Vertx closed.

===========================================================================================
----------------- testing Wed Jul 14 14:29:04 UTC 2021 /home/travis/build/icyphy/ptII/ptolemy/domains/de/test/auto/ActorDepthCalculation_actorWithoutPorts.xml
----------------- Instantiating /home/travis/build/icyphy/ptII/ptolemy/domains/de/test/auto/ActorDepthCalculation_actorWithoutPorts.xml
2 ms. Memory: 51200K Free: 17041K (33%)
----------------- Invoking toplevel() on ptolemy.moml.MoMLSimpleApplication@5a1dd590
----------------- Done invoking toplevel() on ptolemy.moml.MoMLSimpleApplication@5a1dd590
reloadAllAccessors: .ActorDepthCalculation_actorWithoutPorts

===========================================================================================
----------------- testing Wed Jul 14 14:29:04 UTC 2021 /home/travis/build/icyphy/ptII/ptolemy/domains/de/test/auto/AssemblyLine.xml
----------------- Instantiating /home/travis/build/icyphy/ptII/ptolemy/domains/de/test/auto/AssemblyLine.xml
3 ms. Memory: 51200K Free: 9580K (19%)
----------------- Invoking toplevel() on ptolemy.moml.MoMLSimpleApplication@31789c50
----------------- Done invoking toplevel() on ptolemy.moml.MoMLSimpleApplication@31789c50
reloadAllAccessors: .AssemblyLine

===========================================================================================
----------------- testing Wed Jul 14 14:29:04 UTC 2021 /home/travis/build/icyphy/ptII/ptolemy/domains/de/test/auto/CQBug1.xml
----------------- Instantiating /home/travis/build/icyphy/ptII/ptolemy/domains/de/test/auto/CQBug1.xml
2 ms. Memory: 51200K Free: 34579K (68%)
----------------- Invoking toplevel() on ptolemy.moml.MoMLSimpleApplication@21daa231
----------------- Done invoking toplevel() on ptolemy.moml.MoMLSimpleApplication@21daa231
reloadAllAccessors: .CQBug1

===========================================================================================
----------------- testing Wed Jul 14 14:29:04 UTC 2021 /home/travis/build/icyphy/ptII/ptolemy/domains/de/test/auto/CancelFireAt.xml
----------------- Instantiating /home/travis/build/icyphy/ptII/ptolemy/domains/de/test/auto/CancelFireAt.xml
1 ms. Memory: 51200K Free: 32261K (63%)
----------------- Invoking toplevel() on ptolemy.moml.MoMLSimpleApplication@3f3f58f6
----------------- Done invoking toplevel() on ptolemy.moml.MoMLSimpleApplication@3f3f58f6
reloadAllAccessors: .CancelFireAt

===========================================================================================
----------------- testing Wed Jul 14 14:29:04 UTC 2021 /home/travis/build/icyphy/ptII/ptolemy/domains/de/test/auto/CausalityAndComposabilityAnalysis.xml
----------------- Instantiating /home/travis/build/icyphy/ptII/ptolemy/domains/de/test/auto/CausalityAndComposabilityAnalysis.xml
15 ms. Memory: 51200K Free: 28000K (55%)
----------------- Invoking toplevel() on ptolemy.moml.MoMLSimpleApplication@14dc8a83
----------------- Done invoking toplevel() on ptolemy.moml.MoMLSimpleApplication@14dc8a83
reloadAllAccessors: .CausalityAndComposabilityAnalysis

===========================================================================================
----------------- testing Wed Jul 14 14:29:04 UTC 2021 /home/travis/build/icyphy/ptII/ptolemy/domains/de/test/auto/CausalityInterface1.xml
----------------- Instantiating /home/travis/build/icyphy/ptII/ptolemy/domains/de/test/auto/CausalityInterface1.xml
7 ms. Memory: 51200K Free: 23101K (45%)
----------------- Invoking toplevel() on ptolemy.moml.MoMLSimpleApplication@48f4b4d6
----------------- Done invoking toplevel() on ptolemy.moml.MoMLSimpleApplication@48f4b4d6
reloadAllAccessors: .CausalityInterface1

===========================================================================================
----------------- testing Wed Jul 14 14:29:04 UTC 2021 /home/travis/build/icyphy/ptII/ptolemy/domains/de/test/auto/CausalityInterface15.xml
----------------- Instantiating /home/travis/build/icyphy/ptII/ptolemy/domains/de/test/auto/CausalityInterface15.xml
2 ms. Memory: 51200K Free: 17769K (35%)
----------------- Invoking toplevel() on ptolemy.moml.MoMLSimpleApplication@fd85e08
----------------- Done invoking toplevel() on ptolemy.moml.MoMLSimpleApplication@fd85e08
reloadAllAccessors: .CausalityInterface15

===========================================================================================
----------------- testing Wed Jul 14 14:29:04 UTC 2021 /home/travis/build/icyphy/ptII/ptolemy/domains/de/test/auto/CausalityInterface2.xml
----------------- Instantiating /home/travis/build/icyphy/ptII/ptolemy/domains/de/test/auto/CausalityInterface2.xml
1 ms. Memory: 51200K Free: 13260K (26%)
[...]
	at ptolemy.actor.Manager.run(Manager.java:1263)
	at ptolemy.actor.Manager$PtolemyRunThread.run(Manager.java:1933)
java.lang.RuntimeException: Execution failed
	at ptolemy.moml.MoMLSimpleApplication$UnloadThread.run(MoMLSimpleApplication.java:402)
Caused by: ptolemy.kernel.util.IllegalActionException: Actor is not ready to fire.  Perhaps UpSample.prefire() returned false? Try debugging the actor by selecting "Listen to Actor".  Also, for SDF check moml for tokenConsumptionRate on input.
  in .DESDFClockTest.Play Bell.Copy1:SDF Director and .DESDFClockTest.Play Bell.UpSample
	at ptolemy.actor.sched.StaticSchedulingDirector.fire(StaticSchedulingDirector.java:227)
	at ptolemy.domains.sdf.kernel.SDFDirector.fire(SDFDirector.java:500)
	at ptolemy.actor.CompositeActor.fire(CompositeActor.java:455)
	at ptolemy.domains.de.kernel.DEDirector._fire(DEDirector.java:1949)
	at ptolemy.domains.de.kernel.DEDirector.fire(DEDirector.java:502)
	at ptolemy.actor.CompositeActor.fire(CompositeActor.java:455)
	at ptolemy.actor.Manager.iterate(Manager.java:851)
	at ptolemy.actor.Manager.execute(Manager.java:369)
	at ptolemy.actor.Manager.run(Manager.java:1263)
	at ptolemy.actor.Manager$PtolemyRunThread.run(Manager.java:1933)
java.lang.reflect.InvocationTargetException
	at java.base/jdk.internal.reflect.NativeConstructorAccessorImpl.newInstance0(Native Method)
	at java.base/jdk.internal.reflect.NativeConstructorAccessorImpl.newInstance(NativeConstructorAccessorImpl.java:62)
	at java.base/jdk.internal.reflect.DelegatingConstructorAccessorImpl.newInstance(DelegatingConstructorAccessorImpl.java:45)
	at java.base/java.lang.reflect.Constructor.newInstance(Constructor.java:490)
	at ptolemy.util.test.junit.AutoKnownFailedTests.RunModel(AutoKnownFailedTests.java:105)
	at java.base/jdk.internal.reflect.NativeMethodAccessorImpl.invoke0(Native Method)
	at java.base/jdk.internal.reflect.NativeMethodAccessorImpl.invoke(NativeMethodAccessorImpl.java:62)
	at java.base/jdk.internal.reflect.DelegatingMethodAccessorImpl.invoke(DelegatingMethodAccessorImpl.java:43)
	at java.base/java.lang.reflect.Method.invoke(Method.java:566)
	at org.junit.runners.model.FrameworkMethod$1.runReflectiveCall(FrameworkMethod.java:44)
	at org.junit.internal.runners.model.ReflectiveCallable.run(ReflectiveCallable.java:15)
	at org.junit.runners.model.FrameworkMethod.invokeExplosively(FrameworkMethod.java:41)
	at junitparams.internal.InvokeParameterisedMethod.evaluate(InvokeParameterisedMethod.java:102)
	at org.junit.internal.runners.statements.FailOnTimeout$1.run(FailOnTimeout.java:28)
Caused by: ptolemy.kernel.util.IllegalActionException: Actor is not ready to fire.  Perhaps UpSample.prefire() returned false? Try debugging the actor by selecting "Listen to Actor".  Also, for SDF check moml for tokenConsumptionRate on input.
  in .DESDFClockTest.Play Bell.Copy1:SDF Director and .DESDFClockTest.Play Bell.UpSample
	at ptolemy.actor.sched.StaticSchedulingDirector.fire(StaticSchedulingDirector.java:227)
	at ptolemy.domains.sdf.kernel.SDFDirector.fire(SDFDirector.java:500)
	at ptolemy.actor.CompositeActor.fire(CompositeActor.java:455)
	at ptolemy.domains.de.kernel.DEDirector._fire(DEDirector.java:1949)
	at ptolemy.domains.de.kernel.DEDirector.fire(DEDirector.java:502)
	at ptolemy.actor.CompositeActor.fire(CompositeActor.java:455)
	at ptolemy.actor.Manager.iterate(Manager.java:851)
	at ptolemy.actor.Manager.execute(Manager.java:369)
	at ptolemy.actor.Manager.run(Manager.java:1263)
	at ptolemy.actor.Manager$PtolemyRunThread.run(Manager.java:1933)
java.lang.RuntimeException: Execution failed
	at ptolemy.moml.MoMLSimpleApplication$UnloadThread.run(MoMLSimpleApplication.java:402)
Caused by: ptolemy.kernel.util.IllegalActionException: Test fails in iteration 1.
Value was: 1.0. Should have been: 2.0
  in .DirectFeedback.Test
	at ptolemy.actor.lib.Test.fire(Test.java:268)
	at ptolemy.domains.de.kernel.DEDirector._fire(DEDirector.java:1949)
	at ptolemy.domains.de.kernel.DEDirector.fire(DEDirector.java:502)
	at ptolemy.actor.CompositeActor.fire(CompositeActor.java:455)
	at ptolemy.actor.Manager.iterate(Manager.java:851)
	at ptolemy.actor.Manager.execute(Manager.java:369)
	at ptolemy.actor.Manager.run(Manager.java:1263)
	at ptolemy.actor.Manager$PtolemyRunThread.run(Manager.java:1933)
java.lang.reflect.InvocationTargetException
	at java.base/jdk.internal.reflect.NativeConstructorAccessorImpl.newInstance0(Native Method)
	at java.base/jdk.internal.reflect.NativeConstructorAccessorImpl.newInstance(NativeConstructorAccessorImpl.java:62)
	at java.base/jdk.internal.reflect.DelegatingConstructorAccessorImpl.newInstance(DelegatingConstructorAccessorImpl.java:45)
	at java.base/java.lang.reflect.Constructor.newInstance(Constructor.java:490)
	at ptolemy.util.test.junit.AutoKnownFailedTests.RunModel(AutoKnownFailedTests.java:105)
	at java.base/jdk.internal.reflect.NativeMethodAccessorImpl.invoke0(Native Method)
	at java.base/jdk.internal.reflect.NativeMethodAccessorImpl.invoke(NativeMethodAccessorImpl.java:62)
	at java.base/jdk.internal.reflect.DelegatingMethodAccessorImpl.invoke(DelegatingMethodAccessorImpl.java:43)
	at java.base/java.lang.reflect.Method.invoke(Method.java:566)
	at org.junit.runners.model.FrameworkMethod$1.runReflectiveCall(FrameworkMethod.java:44)
	at org.junit.internal.runners.model.ReflectiveCallable.run(ReflectiveCallable.java:15)
	at org.junit.runners.model.FrameworkMethod.invokeExplosively(FrameworkMethod.java:41)
	at junitparams.internal.InvokeParameterisedMethod.evaluate(InvokeParameterisedMethod.java:102)
	at org.junit.internal.runners.statements.FailOnTimeout$1.run(FailOnTimeout.java:28)
Caused by: ptolemy.kernel.util.IllegalActionException: Test fails in iteration 1.
Value was: 1.0. Should have been: 2.0
  in .DirectFeedback.Test
	at ptolemy.actor.lib.Test.fire(Test.java:268)
	at ptolemy.domains.de.kernel.DEDirector._fire(DEDirector.java:1949)
	at ptolemy.domains.de.kernel.DEDirector.fire(DEDirector.java:502)
	at ptolemy.actor.CompositeActor.fire(CompositeActor.java:455)
	at ptolemy.actor.Manager.iterate(Manager.java:851)
	at ptolemy.actor.Manager.execute(Manager.java:369)
	at ptolemy.actor.Manager.run(Manager.java:1263)
	at ptolemy.actor.Manager$PtolemyRunThread.run(Manager.java:1933)
java.lang.RuntimeException: Execution failed
	at ptolemy.moml.MoMLSimpleApplication$UnloadThread.run(MoMLSimpleApplication.java:402)
Caused by: ptolemy.kernel.util.IllegalActionException: Found a zero delay loop containing .HierarchicalModel.A
  in .HierarchicalModel and .HierarchicalModel.A
	at ptolemy.actor.util.CausalityInterfaceForComposites._computeOutputPortDepth(CausalityInterfaceForComposites.java:759)
	at ptolemy.actor.util.CausalityInterfaceForComposites._computeInputDepth(CausalityInterfaceForComposites.java:696)
	at ptolemy.actor.util.CausalityInterfaceForComposites._computeOutputPortDepth(CausalityInterfaceForComposites.java:765)
	at ptolemy.actor.util.CausalityInterfaceForComposites._computeInputDepth(CausalityInterfaceForComposites.java:696)
	at ptolemy.actor.util.CausalityInterfaceForComposites._computeOutputPortDepth(CausalityInterfaceForComposites.java:765)
	at ptolemy.actor.util.CausalityInterfaceForComposites._computeInputDepth(CausalityInterfaceForComposites.java:696)
	at ptolemy.actor.util.CausalityInterfaceForComposites._computeActorDepth(CausalityInterfaceForComposites.java:532)
	at ptolemy.actor.util.CausalityInterfaceForComposites.checkForCycles(CausalityInterfaceForComposites.java:96)
	at ptolemy.domains.de.kernel.DEDirector.preinitialize(DEDirector.java:1338)
	at ptolemy.actor.CompositeActor.preinitialize(CompositeActor.java:1828)
	at ptolemy.actor.Manager.preinitializeAndResolveTypes(Manager.java:1040)
	at ptolemy.actor.Manager.initialize(Manager.java:710)
	at ptolemy.actor.Manager.execute(Manager.java:356)
	at ptolemy.actor.Manager.run(Manager.java:1263)
	at ptolemy.actor.Manager$PtolemyRunThread.run(Manager.java:1933)
java.lang.reflect.InvocationTargetException
	at java.base/jdk.internal.reflect.NativeConstructorAccessorImpl.newInstance0(Native Method)
	at java.base/jdk.internal.reflect.NativeConstructorAccessorImpl.newInstance(NativeConstructorAccessorImpl.java:62)
	at java.base/jdk.internal.reflect.DelegatingConstructorAccessorImpl.newInstance(DelegatingConstructorAccessorImpl.java:45)
	at java.base/java.lang.reflect.Constructor.newInstance(Constructor.java:490)
	at ptolemy.util.test.junit.AutoKnownFailedTests.RunModel(AutoKnownFailedTests.java:105)
	at java.base/jdk.internal.reflect.NativeMethodAccessorImpl.invoke0(Native Method)
	at java.base/jdk.internal.reflect.NativeMethodAccessorImpl.invoke(NativeMethodAccessorImpl.java:62)
	at java.base/jdk.internal.reflect.DelegatingMethodAccessorImpl.invoke(DelegatingMethodAccessorImpl.java:43)
	at java.base/java.lang.reflect.Method.invoke(Method.java:566)
	at org.junit.runners.model.FrameworkMethod$1.runReflectiveCall(FrameworkMethod.java:44)
	at org.junit.internal.runners.model.ReflectiveCallable.run(ReflectiveCallable.java:15)
	at org.junit.runners.model.FrameworkMethod.invokeExplosively(FrameworkMethod.java:41)
	at junitparams.internal.InvokeParameterisedMethod.evaluate(InvokeParameterisedMethod.java:102)
	at org.junit.internal.runners.statements.FailOnTimeout$1.run(FailOnTimeout.java:28)
Caused by: ptolemy.kernel.util.IllegalActionException: Found a zero delay loop containing .HierarchicalModel.A
  in .HierarchicalModel and .HierarchicalModel.A
	at ptolemy.actor.util.CausalityInterfaceForComposites._computeOutputPortDepth(CausalityInterfaceForComposites.java:759)
	at ptolemy.actor.util.CausalityInterfaceForComposites._computeInputDepth(CausalityInterfaceForComposites.java:696)
	at ptolemy.actor.util.CausalityInterfaceForComposites._computeOutputPortDepth(CausalityInterfaceForComposites.java:765)
	at ptolemy.actor.util.CausalityInterfaceForComposites._computeInputDepth(CausalityInterfaceForComposites.java:696)
	at ptolemy.actor.util.CausalityInterfaceForComposites._computeOutputPortDepth(CausalityInterfaceForComposites.java:765)
	at ptolemy.actor.util.CausalityInterfaceForComposites._computeInputDepth(CausalityInterfaceForComposites.java:696)
	at ptolemy.actor.util.CausalityInterfaceForComposites._computeActorDepth(CausalityInterfaceForComposites.java:532)
	at ptolemy.actor.util.CausalityInterfaceForComposites.checkForCycles(CausalityInterfaceForComposites.java:96)
	at ptolemy.domains.de.kernel.DEDirector.preinitialize(DEDirector.java:1338)
	at ptolemy.actor.CompositeActor.preinitialize(CompositeActor.java:1828)
	at ptolemy.actor.Manager.preinitializeAndResolveTypes(Manager.java:1040)
	at ptolemy.actor.Manager.initialize(Manager.java:710)
	at ptolemy.actor.Manager.execute(Manager.java:356)
	at ptolemy.actor.Manager.run(Manager.java:1263)
	at ptolemy.actor.Manager$PtolemyRunThread.run(Manager.java:1933)
java.lang.RuntimeException: Execution failed
	at ptolemy.moml.MoMLSimpleApplication$UnloadThread.run(MoMLSimpleApplication.java:402)
Caused by: ptolemy.kernel.util.IllegalActionException: Found a zero delay loop containing .dependencyLoop.original
  in .dependencyLoop and .dependencyLoop.original
	at ptolemy.actor.util.CausalityInterfaceForComposites._computeOutputPortDepth(CausalityInterfaceForComposites.java:759)
	at ptolemy.actor.util.CausalityInterfaceForComposites._computeInputDepth(CausalityInterfaceForComposites.java:696)
	at ptolemy.actor.util.CausalityInterfaceForComposites._computeOutputPortDepth(CausalityInterfaceForComposites.java:765)
	at ptolemy.actor.util.CausalityInterfaceForComposites._computeInputDepth(CausalityInterfaceForComposites.java:696)
	at ptolemy.actor.util.CausalityInterfaceForComposites._computeOutputPortDepth(CausalityInterfaceForComposites.java:765)
	at ptolemy.actor.util.CausalityInterfaceForComposites._computeInputDepth(CausalityInterfaceForComposites.java:696)
	at ptolemy.actor.util.CausalityInterfaceForComposites._computeActorDepth(CausalityInterfaceForComposites.java:532)
	at ptolemy.actor.util.CausalityInterfaceForComposites.checkForCycles(CausalityInterfaceForComposites.java:96)
	at ptolemy.domains.de.kernel.DEDirector.preinitialize(DEDirector.java:1338)
	at ptolemy.actor.CompositeActor.preinitialize(CompositeActor.java:1828)
	at ptolemy.actor.Manager.preinitializeAndResolveTypes(Manager.java:1040)
	at ptolemy.actor.Manager.initialize(Manager.java:710)
	at ptolemy.actor.Manager.execute(Manager.java:356)
	at ptolemy.actor.Manager.run(Manager.java:1263)
	at ptolemy.actor.Manager$PtolemyRunThread.run(Manager.java:1933)
java.lang.reflect.InvocationTargetException
	at java.base/jdk.internal.reflect.NativeConstructorAccessorImpl.newInstance0(Native Method)
	at java.base/jdk.internal.reflect.NativeConstructorAccessorImpl.newInstance(NativeConstructorAccessorImpl.java:62)
	at java.base/jdk.internal.reflect.DelegatingConstructorAccessorImpl.newInstance(DelegatingConstructorAccessorImpl.java:45)
	at java.base/java.lang.reflect.Constructor.newInstance(Constructor.java:490)
	at ptolemy.util.test.junit.AutoKnownFailedTests.RunModel(AutoKnownFailedTests.java:105)
	at java.base/jdk.internal.reflect.NativeMethodAccessorImpl.invoke0(Native Method)
	at java.base/jdk.internal.reflect.NativeMethodAccessorImpl.invoke(NativeMethodAccessorImpl.java:62)
	at java.base/jdk.internal.reflect.DelegatingMethodAccessorImpl.invoke(DelegatingMethodAccessorImpl.java:43)
	at java.base/java.lang.reflect.Method.invoke(Method.java:566)
	at org.junit.runners.model.FrameworkMethod$1.runReflectiveCall(FrameworkMethod.java:44)
	at org.junit.internal.runners.model.ReflectiveCallable.run(ReflectiveCallable.java:15)
	at org.junit.runners.model.FrameworkMethod.invokeExplosively(FrameworkMethod.java:41)
	at junitparams.internal.InvokeParameterisedMethod.evaluate(InvokeParameterisedMethod.java:102)
	at org.junit.internal.runners.statements.FailOnTimeout$1.run(FailOnTimeout.java:28)
Caused by: ptolemy.kernel.util.IllegalActionException: Found a zero delay loop containing .dependencyLoop.original
  in .dependencyLoop and .dependencyLoop.original
	at ptolemy.actor.util.CausalityInterfaceForComposites._computeOutputPortDepth(CausalityInterfaceForComposites.java:759)
	at ptolemy.actor.util.CausalityInterfaceForComposites._computeInputDepth(CausalityInterfaceForComposites.java:696)
	at ptolemy.actor.util.CausalityInterfaceForComposites._computeOutputPortDepth(CausalityInterfaceForComposites.java:765)
	at ptolemy.actor.util.CausalityInterfaceForComposites._computeInputDepth(CausalityInterfaceForComposites.java:696)
	at ptolemy.actor.util.CausalityInterfaceForComposites._computeOutputPortDepth(CausalityInterfaceForComposites.java:765)
	at ptolemy.actor.util.CausalityInterfaceForComposites._computeInputDepth(CausalityInterfaceForComposites.java:696)
	at ptolemy.actor.util.CausalityInterfaceForComposites._computeActorDepth(CausalityInterfaceForComposites.java:532)
	at ptolemy.actor.util.CausalityInterfaceForComposites.checkForCycles(CausalityInterfaceForComposites.java:96)
	at ptolemy.domains.de.kernel.DEDirector.preinitialize(DEDirector.java:1338)
	at ptolemy.actor.CompositeActor.preinitialize(CompositeActor.java:1828)
	at ptolemy.actor.Manager.preinitializeAndResolveTypes(Manager.java:1040)
	at ptolemy.actor.Manager.initialize(Manager.java:710)
	at ptolemy.actor.Manager.execute(Manager.java:356)
	at ptolemy.actor.Manager.run(Manager.java:1263)
	at ptolemy.actor.Manager$PtolemyRunThread.run(Manager.java:1933)
java.lang.RuntimeException: Execution failed
	at ptolemy.moml.MoMLSimpleApplication$UnloadThread.run(MoMLSimpleApplication.java:402)
Caused by: ptolemy.kernel.util.IllegalActionException: Found a zero delay loop containing .dependencyLoop2.original
  in .dependencyLoop2 and .dependencyLoop2.original
	at ptolemy.actor.util.CausalityInterfaceForComposites._computeOutputPortDepth(CausalityInterfaceForComposites.java:759)
	at ptolemy.actor.util.CausalityInterfaceForComposites._computeInputDepth(CausalityInterfaceForComposites.java:696)
	at ptolemy.actor.util.CausalityInterfaceForComposites._computeOutputPortDepth(CausalityInterfaceForComposites.java:765)
	at ptolemy.actor.util.CausalityInterfaceForComposites._computeInputDepth(CausalityInterfaceForComposites.java:696)
	at ptolemy.actor.util.CausalityInterfaceForComposites._computeOutputPortDepth(CausalityInterfaceForComposites.java:765)
	at ptolemy.actor.util.CausalityInterfaceForComposites._computeInputDepth(CausalityInterfaceForComposites.java:696)
	at ptolemy.actor.util.CausalityInterfaceForComposites._computeActorDepth(CausalityInterfaceForComposites.java:532)
	at ptolemy.actor.util.CausalityInterfaceForComposites.checkForCycles(CausalityInterfaceForComposites.java:96)
	at ptolemy.domains.de.kernel.DEDirector.preinitialize(DEDirector.java:1338)
	at ptolemy.actor.CompositeActor.preinitialize(CompositeActor.java:1828)
	at ptolemy.actor.Manager.preinitializeAndResolveTypes(Manager.java:1040)
	at ptolemy.actor.Manager.initialize(Manager.java:710)
	at ptolemy.actor.Manager.execute(Manager.java:356)
	at ptolemy.actor.Manager.run(Manager.java:1263)
	at ptolemy.actor.Manager$PtolemyRunThread.run(Manager.java:1933)
java.lang.reflect.InvocationTargetException
	at java.base/jdk.internal.reflect.NativeConstructorAccessorImpl.newInstance0(Native Method)
	at java.base/jdk.internal.reflect.NativeConstructorAccessorImpl.newInstance(NativeConstructorAccessorImpl.java:62)
	at java.base/jdk.internal.reflect.DelegatingConstructorAccessorImpl.newInstance(DelegatingConstructorAccessorImpl.java:45)
	at java.base/java.lang.reflect.Constructor.newInstance(Constructor.java:490)
	at ptolemy.util.test.junit.AutoKnownFailedTests.RunModel(AutoKnownFailedTests.java:105)
	at java.base/jdk.internal.reflect.NativeMethodAccessorImpl.invoke0(Native Method)
	at java.base/jdk.internal.reflect.NativeMethodAccessorImpl.invoke(NativeMethodAccessorImpl.java:62)
	at java.base/jdk.internal.reflect.DelegatingMethodAccessorImpl.invoke(DelegatingMethodAccessorImpl.java:43)
	at java.base/java.lang.reflect.Method.invoke(Method.java:566)
	at org.junit.runners.model.FrameworkMethod$1.runReflectiveCall(FrameworkMethod.java:44)
	at org.junit.internal.runners.model.ReflectiveCallable.run(ReflectiveCallable.java:15)
	at org.junit.runners.model.FrameworkMethod.invokeExplosively(FrameworkMethod.java:41)
	at junitparams.internal.InvokeParameterisedMethod.evaluate(InvokeParameterisedMethod.java:102)
	at org.junit.internal.runners.statements.FailOnTimeout$1.run(FailOnTimeout.java:28)
Caused by: ptolemy.kernel.util.IllegalActionException: Found a zero delay loop containing .dependencyLoop2.original
  in .dependencyLoop2 and .dependencyLoop2.original
	at ptolemy.actor.util.CausalityInterfaceForComposites._computeOutputPortDepth(CausalityInterfaceForComposites.java:759)
	at ptolemy.actor.util.CausalityInterfaceForComposites._computeInputDepth(CausalityInterfaceForComposites.java:696)
	at ptolemy.actor.util.CausalityInterfaceForComposites._computeOutputPortDepth(CausalityInterfaceForComposites.java:765)
	at ptolemy.actor.util.CausalityInterfaceForComposites._computeInputDepth(CausalityInterfaceForComposites.java:696)
	at ptolemy.actor.util.CausalityInterfaceForComposites._computeOutputPortDepth(CausalityInterfaceForComposites.java:765)
	at ptolemy.actor.util.CausalityInterfaceForComposites._computeInputDepth(CausalityInterfaceForComposites.java:696)
	at ptolemy.actor.util.CausalityInterfaceForComposites._computeActorDepth(CausalityInterfaceForComposites.java:532)
	at ptolemy.actor.util.CausalityInterfaceForComposites.checkForCycles(CausalityInterfaceForComposites.java:96)
	at ptolemy.domains.de.kernel.DEDirector.preinitialize(DEDirector.java:1338)
	at ptolemy.actor.CompositeActor.preinitialize(CompositeActor.java:1828)
	at ptolemy.actor.Manager.preinitializeAndResolveTypes(Manager.java:1040)
	at ptolemy.actor.Manager.initialize(Manager.java:710)
	at ptolemy.actor.Manager.execute(Manager.java:356)
	at ptolemy.actor.Manager.run(Manager.java:1263)
	at ptolemy.actor.Manager$PtolemyRunThread.run(Manager.java:1933)
]]></system-err>
</testsuite>
