<?xml version="1.0" encoding="UTF-8" ?>
<testsuite errors="0" failures="0" hostname="travis-job-d1ed2c25-44fc-4164-b714-060b4fa16db2" name="ptolemy.actor.lib.hoc.test.junit.JUnitTclTest" skipped="0" tests="58" time="29.405" timestamp="2021-07-08T02:45:23">
  <properties>
[...]
</properties>
  <testcase classname="ptolemy.util.test.junit.TclTests" name="[0] /home/travis/build/icyphy/ptII/ptolemy/actor/lib/hoc/test/IterateOverArray.tcl (RunTclFile)" time="0.286" />
  <testcase classname="ptolemy.util.test.junit.AutoKnownFailedTests" name="[0] /home/travis/build/icyphy/ptII/ptolemy/actor/lib/hoc/test/auto/knownFailedTests/PreinitializeMustBeInvokedRunComposite.xml (RunModel)" time="0.386" />
  <testcase classname="ptolemy.util.test.junit.AutoNameArchTests" name="[0] ThereAreNoAutoArchTests (RunModel)" time="0.001" />
  <testcase classname="ptolemy.util.test.junit.AutoTests" name="[0] /home/travis/build/icyphy/ptII/ptolemy/actor/lib/hoc/test/auto/AllToAllMultiInstanceComposite.xml (RunModel)" time="0.431" />
  <testcase classname="ptolemy.util.test.junit.AutoTests" name="[1] /home/travis/build/icyphy/ptII/ptolemy/actor/lib/hoc/test/auto/ApplyFFTTest.xml (RunModel)" time="0.377" />
  <testcase classname="ptolemy.util.test.junit.AutoTests" name="[2] /home/travis/build/icyphy/ptII/ptolemy/actor/lib/hoc/test/auto/ApplyFunction.xml (RunModel)" time="0.038" />
  <testcase classname="ptolemy.util.test.junit.AutoTests" name="[3] /home/travis/build/icyphy/ptII/ptolemy/actor/lib/hoc/test/auto/BackgroundExecution.xml (RunModel)" time="0.712" />
  <testcase classname="ptolemy.util.test.junit.AutoTests" name="[4] /home/travis/build/icyphy/ptII/ptolemy/actor/lib/hoc/test/auto/Case.xml (RunModel)" time="0.057" />
  <testcase classname="ptolemy.util.test.junit.AutoTests" name="[5] /home/travis/build/icyphy/ptII/ptolemy/actor/lib/hoc/test/auto/Case1.xml (RunModel)" time="0.038" />
  <testcase classname="ptolemy.util.test.junit.AutoTests" name="[6] /home/travis/build/icyphy/ptII/ptolemy/actor/lib/hoc/test/auto/Case2.xml (RunModel)" time="0.082" />
  <testcase classname="ptolemy.util.test.junit.AutoTests" name="[7] /home/travis/build/icyphy/ptII/ptolemy/actor/lib/hoc/test/auto/Case3.xml (RunModel)" time="0.056" />
  <testcase classname="ptolemy.util.test.junit.AutoTests" name="[8] /home/travis/build/icyphy/ptII/ptolemy/actor/lib/hoc/test/auto/Case4.xml (RunModel)" time="0.061" />
  <testcase classname="ptolemy.util.test.junit.AutoTests" name="[9] /home/travis/build/icyphy/ptII/ptolemy/actor/lib/hoc/test/auto/Case5.xml (RunModel)" time="0.075" />
  <testcase classname="ptolemy.util.test.junit.AutoTests" name="[10] /home/travis/build/icyphy/ptII/ptolemy/actor/lib/hoc/test/auto/Case6.xml (RunModel)" time="0.102" />
  <testcase classname="ptolemy.util.test.junit.AutoTests" name="[11] /home/travis/build/icyphy/ptII/ptolemy/actor/lib/hoc/test/auto/CaseString2.xml (RunModel)" time="0.043" />
  <testcase classname="ptolemy.util.test.junit.AutoTests" name="[12] /home/travis/build/icyphy/ptII/ptolemy/actor/lib/hoc/test/auto/CatchUpComposite1.xml (RunModel)" time="0.072" />
  <testcase classname="ptolemy.util.test.junit.AutoTests" name="[13] /home/travis/build/icyphy/ptII/ptolemy/actor/lib/hoc/test/auto/CatchUpComposite2.xml (RunModel)" time="0.046" />
  <testcase classname="ptolemy.util.test.junit.AutoTests" name="[14] /home/travis/build/icyphy/ptII/ptolemy/actor/lib/hoc/test/auto/CatchUpComposite3.xml (RunModel)" time="0.055" />
  <testcase classname="ptolemy.util.test.junit.AutoTests" name="[15] /home/travis/build/icyphy/ptII/ptolemy/actor/lib/hoc/test/auto/CatchUpComposite4.xml (RunModel)" time="0.054" />
  <testcase classname="ptolemy.util.test.junit.AutoTests" name="[16] /home/travis/build/icyphy/ptII/ptolemy/actor/lib/hoc/test/auto/CatchUpComposite5.xml (RunModel)" time="0.051" />
  <testcase classname="ptolemy.util.test.junit.AutoTests" name="[17] /home/travis/build/icyphy/ptII/ptolemy/actor/lib/hoc/test/auto/CatchUpComposite6.xml (RunModel)" time="0.174" />
  <testcase classname="ptolemy.util.test.junit.AutoTests" name="[18] /home/travis/build/icyphy/ptII/ptolemy/actor/lib/hoc/test/auto/CatchUpComposite7.xml (RunModel)" time="0.075" />
  <testcase classname="ptolemy.util.test.junit.AutoTests" name="[19] /home/travis/build/icyphy/ptII/ptolemy/actor/lib/hoc/test/auto/ConcurrentExecutionTimeSDF.xml (RunModel)" time="0.784" />
  <testcase classname="ptolemy.util.test.junit.AutoTests" name="[20] /home/travis/build/icyphy/ptII/ptolemy/actor/lib/hoc/test/auto/ConcurrentSleep.xml (RunModel)" time="0.773" />
  <testcase classname="ptolemy.util.test.junit.AutoTests" name="[21] /home/travis/build/icyphy/ptII/ptolemy/actor/lib/hoc/test/auto/DEInPNInRunCompositeActor.xml (RunModel)" time="0.031" />
  <testcase classname="ptolemy.util.test.junit.AutoTests" name="[22] /home/travis/build/icyphy/ptII/ptolemy/actor/lib/hoc/test/auto/DFTSubSetTest.xml (RunModel)" time="0.289" />
  <testcase classname="ptolemy.util.test.junit.AutoTests" name="[23] /home/travis/build/icyphy/ptII/ptolemy/actor/lib/hoc/test/auto/HocDE.xml (RunModel)" time="0.167" />
  <testcase classname="ptolemy.util.test.junit.AutoTests" name="[24] /home/travis/build/icyphy/ptII/ptolemy/actor/lib/hoc/test/auto/IterateOverArray.xml (RunModel)" time="0.033" />
  <testcase classname="ptolemy.util.test.junit.AutoTests" name="[25] /home/travis/build/icyphy/ptII/ptolemy/actor/lib/hoc/test/auto/IterateOverArray10.xml (RunModel)" time="0.014" />
  <testcase classname="ptolemy.util.test.junit.AutoTests" name="[26] /home/travis/build/icyphy/ptII/ptolemy/actor/lib/hoc/test/auto/IterateOverArray11.xml (RunModel)" time="0.02" />
  <testcase classname="ptolemy.util.test.junit.AutoTests" name="[27] /home/travis/build/icyphy/ptII/ptolemy/actor/lib/hoc/test/auto/IterateOverArray12.xml (RunModel)" time="0.025" />
  <testcase classname="ptolemy.util.test.junit.AutoTests" name="[28] /home/travis/build/icyphy/ptII/ptolemy/actor/lib/hoc/test/auto/IterateOverArray13.xml (RunModel)" time="0.135" />
  <testcase classname="ptolemy.util.test.junit.AutoTests" name="[29] /home/travis/build/icyphy/ptII/ptolemy/actor/lib/hoc/test/auto/IterateOverArray14.xml (RunModel)" time="0.135" />
  <testcase classname="ptolemy.util.test.junit.AutoTests" name="[30] /home/travis/build/icyphy/ptII/ptolemy/actor/lib/hoc/test/auto/IterateOverArray2.xml (RunModel)" time="0.024" />
  <testcase classname="ptolemy.util.test.junit.AutoTests" name="[31] /home/travis/build/icyphy/ptII/ptolemy/actor/lib/hoc/test/auto/IterateOverArray3.xml (RunModel)" time="0.029" />
  <testcase classname="ptolemy.util.test.junit.AutoTests" name="[32] /home/travis/build/icyphy/ptII/ptolemy/actor/lib/hoc/test/auto/IterateOverArray4.xml (RunModel)" time="0.016" />
  <testcase classname="ptolemy.util.test.junit.AutoTests" name="[33] /home/travis/build/icyphy/ptII/ptolemy/actor/lib/hoc/test/auto/IterateOverArray5.xml (RunModel)" time="0.02" />
  <testcase classname="ptolemy.util.test.junit.AutoTests" name="[34] /home/travis/build/icyphy/ptII/ptolemy/actor/lib/hoc/test/auto/IterateOverArray6.xml (RunModel)" time="0.017" />
  <testcase classname="ptolemy.util.test.junit.AutoTests" name="[35] /home/travis/build/icyphy/ptII/ptolemy/actor/lib/hoc/test/auto/IterateOverArray7.xml (RunModel)" time="0.02" />
  <testcase classname="ptolemy.util.test.junit.AutoTests" name="[36] /home/travis/build/icyphy/ptII/ptolemy/actor/lib/hoc/test/auto/IterateOverArray8.xml (RunModel)" time="0.023" />
  <testcase classname="ptolemy.util.test.junit.AutoTests" name="[37] /home/travis/build/icyphy/ptII/ptolemy/actor/lib/hoc/test/auto/IterateOverArray9.xml (RunModel)" time="0.026" />
  <testcase classname="ptolemy.util.test.junit.AutoTests" name="[38] /home/travis/build/icyphy/ptII/ptolemy/actor/lib/hoc/test/auto/IterateOverArrayCoercedOutputType.xml (RunModel)" time="0.026" />
  <testcase classname="ptolemy.util.test.junit.AutoTests" name="[39] /home/travis/build/icyphy/ptII/ptolemy/actor/lib/hoc/test/auto/IterateOverArrayInferredOutputType.xml (RunModel)" time="0.027" />
  <testcase classname="ptolemy.util.test.junit.AutoTests" name="[40] /home/travis/build/icyphy/ptII/ptolemy/actor/lib/hoc/test/auto/MobileFunctionTest.xml (RunModel)" time="0.018" />
  <testcase classname="ptolemy.util.test.junit.AutoTests" name="[41] /home/travis/build/icyphy/ptII/ptolemy/actor/lib/hoc/test/auto/MobileModelTest.xml (RunModel)" time="0.151" />
  <testcase classname="ptolemy.util.test.junit.AutoTests" name="[42] /home/travis/build/icyphy/ptII/ptolemy/actor/lib/hoc/test/auto/ModelReference.xml (RunModel)" time="0.056" />
  <testcase classname="ptolemy.util.test.junit.AutoTests" name="[43] /home/travis/build/icyphy/ptII/ptolemy/actor/lib/hoc/test/auto/ModelReference3.xml (RunModel)" time="0.04" />
  <testcase classname="ptolemy.util.test.junit.AutoTests" name="[44] /home/travis/build/icyphy/ptII/ptolemy/actor/lib/hoc/test/auto/ModelReference4.xml (RunModel)" time="10.034" />
  <testcase classname="ptolemy.util.test.junit.AutoTests" name="[45] /home/travis/build/icyphy/ptII/ptolemy/actor/lib/hoc/test/auto/MultiInstanceComposite.xml (RunModel)" time="0.046" />
  <testcase classname="ptolemy.util.test.junit.AutoTests" name="[46] /home/travis/build/icyphy/ptII/ptolemy/actor/lib/hoc/test/auto/MultiInstanceComposite2.xml (RunModel)" time="0.03" />
  <testcase classname="ptolemy.util.test.junit.AutoTests" name="[47] /home/travis/build/icyphy/ptII/ptolemy/actor/lib/hoc/test/auto/MulticoreExecution.xml (RunModel)" time="1.069" />
  <testcase classname="ptolemy.util.test.junit.AutoTests" name="[48] /home/travis/build/icyphy/ptII/ptolemy/actor/lib/hoc/test/auto/ParallelExecution.xml (RunModel)" time="0.94" />
  <testcase classname="ptolemy.util.test.junit.AutoTests" name="[49] /home/travis/build/icyphy/ptII/ptolemy/actor/lib/hoc/test/auto/RunCompositeActor.xml (RunModel)" time="0.018" />
  <testcase classname="ptolemy.util.test.junit.AutoTests" name="[50] /home/travis/build/icyphy/ptII/ptolemy/actor/lib/hoc/test/auto/RunCompositeActor2.xml (RunModel)" time="0.015" />
  <testcase classname="ptolemy.util.test.junit.AutoTests" name="[51] /home/travis/build/icyphy/ptII/ptolemy/actor/lib/hoc/test/auto/RunCompositeActor3.xml (RunModel)" time="0.017" />
  <testcase classname="ptolemy.util.test.junit.AutoTests" name="[52] /home/travis/build/icyphy/ptII/ptolemy/actor/lib/hoc/test/auto/RunCompositeActor4.xml (RunModel)" time="0.025" />
  <testcase classname="ptolemy.util.test.junit.AutoTests" name="[53] /home/travis/build/icyphy/ptII/ptolemy/actor/lib/hoc/test/auto/RunCompositeIterateOverArray.xml (RunModel)" time="0.038" />
  <testcase classname="ptolemy.util.test.junit.AutoTests" name="[54] /home/travis/build/icyphy/ptII/ptolemy/actor/lib/hoc/test/auto/ThreadedJS.xml (RunModel)" time="10.459" />
  <system-out><![CDATA[/home/travis/build/icyphy/ptII/ptolemy/actor/lib/hoc/test/IterateOverArray.tcl
testDefs.tcl: setting time out to 9000 seconds at Thu Jul 08 02:45:23 UTC 2021
07/08/21 02:45:24
Failed: 0  Total Tests: 2  ((Passed: 2, Newly Passed: 0)  Known Failed: 0) /home/travis/build/icyphy/ptII/ptolemy/actor/lib/hoc/test
----------------- testing (KnownFailure) /home/travis/build/icyphy/ptII/ptolemy/actor/lib/hoc/test/auto/knownFailedTests/PreinitializeMustBeInvokedRunComposite.xml
113 ms. Memory: 129024K Free: 86461K (67%)
Known Failure: java.lang.reflect.InvocationTargetException
No auto/linux-amd64/*.xml tests in /home/travis/build/icyphy/ptII/ptolemy/actor/lib/hoc/test
AutoTests.java: About to close Vertx.
AutoTests.java: Vertx closed.

===========================================================================================
----------------- testing Thu Jul 08 02:45:24 UTC 2021 /home/travis/build/icyphy/ptII/ptolemy/actor/lib/hoc/test/auto/AllToAllMultiInstanceComposite.xml
----------------- Instantiating /home/travis/build/icyphy/ptII/ptolemy/actor/lib/hoc/test/auto/AllToAllMultiInstanceComposite.xml
214 ms. Memory: 129024K Free: 111057K (86%)
----------------- Invoking toplevel() on ptolemy.moml.MoMLSimpleApplication@79c9be45
----------------- Done invoking toplevel() on ptolemy.moml.MoMLSimpleApplication@79c9be45
reloadAllAccessors: .AllToAllMultiInstanceComposite

===========================================================================================
----------------- testing Thu Jul 08 02:45:25 UTC 2021 /home/travis/build/icyphy/ptII/ptolemy/actor/lib/hoc/test/auto/ApplyFFTTest.xml
----------------- Instantiating /home/travis/build/icyphy/ptII/ptolemy/actor/lib/hoc/test/auto/ApplyFFTTest.xml
142 ms. Memory: 129024K Free: 92036K (71%)
----------------- Invoking toplevel() on ptolemy.moml.MoMLSimpleApplication@f604c22
----------------- Done invoking toplevel() on ptolemy.moml.MoMLSimpleApplication@f604c22
reloadAllAccessors: .ApplyFFTTest

===========================================================================================
----------------- testing Thu Jul 08 02:45:25 UTC 2021 /home/travis/build/icyphy/ptII/ptolemy/actor/lib/hoc/test/auto/ApplyFunction.xml
----------------- Instantiating /home/travis/build/icyphy/ptII/ptolemy/actor/lib/hoc/test/auto/ApplyFunction.xml
4 ms. Memory: 129024K Free: 89133K (69%)
----------------- Invoking toplevel() on ptolemy.moml.MoMLSimpleApplication@7602b246
----------------- Done invoking toplevel() on ptolemy.moml.MoMLSimpleApplication@7602b246
reloadAllAccessors: .ApplyFunction

===========================================================================================
----------------- testing Thu Jul 08 02:45:25 UTC 2021 /home/travis/build/icyphy/ptII/ptolemy/actor/lib/hoc/test/auto/BackgroundExecution.xml
----------------- Instantiating /home/travis/build/icyphy/ptII/ptolemy/actor/lib/hoc/test/auto/BackgroundExecution.xml
638 ms. Memory: 129024K Free: 81627K (63%)
----------------- Invoking toplevel() on ptolemy.moml.MoMLSimpleApplication@262100b4
----------------- Done invoking toplevel() on ptolemy.moml.MoMLSimpleApplication@262100b4
reloadAllAccessors: .BackgroundExecution

===========================================================================================
----------------- testing Thu Jul 08 02:45:26 UTC 2021 /home/travis/build/icyphy/ptII/ptolemy/actor/lib/hoc/test/auto/Case.xml
----------------- Instantiating /home/travis/build/icyphy/ptII/ptolemy/actor/lib/hoc/test/auto/Case.xml
12 ms. Memory: 129024K Free: 108392K (84%)
----------------- Invoking toplevel() on ptolemy.moml.MoMLSimpleApplication@47070320
----------------- Done invoking toplevel() on ptolemy.moml.MoMLSimpleApplication@47070320
reloadAllAccessors: .Case

===========================================================================================
----------------- testing Thu Jul 08 02:45:26 UTC 2021 /home/travis/build/icyphy/ptII/ptolemy/actor/lib/hoc/test/auto/Case1.xml
----------------- Instantiating /home/travis/build/icyphy/ptII/ptolemy/actor/lib/hoc/test/auto/Case1.xml
10 ms. Memory: 129024K Free: 101519K (79%)
----------------- Invoking toplevel() on ptolemy.moml.MoMLSimpleApplication@2c22688c
----------------- Done invoking toplevel() on ptolemy.moml.MoMLSimpleApplication@2c22688c
reloadAllAccessors: .Case1

===========================================================================================
----------------- testing Thu Jul 08 02:45:26 UTC 2021 /home/travis/build/icyphy/ptII/ptolemy/actor/lib/hoc/test/auto/Case2.xml
----------------- Instantiating /home/travis/build/icyphy/ptII/ptolemy/actor/lib/hoc/test/auto/Case2.xml
32 ms. Memory: 129024K Free: 91780K (71%)
----------------- Invoking toplevel() on ptolemy.moml.MoMLSimpleApplication@757ae8a
----------------- Done invoking toplevel() on ptolemy.moml.MoMLSimpleApplication@757ae8a
reloadAllAccessors: .Case2

===========================================================================================
----------------- testing Thu Jul 08 02:45:26 UTC 2021 /home/travis/build/icyphy/ptII/ptolemy/actor/lib/hoc/test/auto/Case3.xml
----------------- Instantiating /home/travis/build/icyphy/ptII/ptolemy/actor/lib/hoc/test/auto/Case3.xml
12 ms. Memory: 129024K Free: 85620K (66%)
----------------- Invoking toplevel() on ptolemy.moml.MoMLSimpleApplication@29d89299
----------------- Done invoking toplevel() on ptolemy.moml.MoMLSimpleApplication@29d89299
reloadAllAccessors: .Case3

===========================================================================================
----------------- testing Thu Jul 08 02:45:26 UTC 2021 /home/travis/build/icyphy/ptII/ptolemy/actor/lib/hoc/test/auto/Case4.xml
----------------- Instantiating /home/travis/build/icyphy/ptII/ptolemy/actor/lib/hoc/test/auto/Case4.xml
16 ms. Memory: 129024K Free: 78468K (61%)
----------------- Invoking toplevel() on ptolemy.moml.MoMLSimpleApplication@39555bee
----------------- Done invoking toplevel() on ptolemy.moml.MoMLSimpleApplication@39555bee
reloadAllAccessors: .Case4

===========================================================================================
----------------- testing Thu Jul 08 02:45:26 UTC 2021 /home/travis/build/icyphy/ptII/ptolemy/actor/lib/hoc/test/auto/Case5.xml
----------------- Instantiating /home/travis/build/icyphy/ptII/ptolemy/actor/lib/hoc/test/auto/Case5.xml
36 ms. Memory: 129024K Free: 71782K (56%)
----------------- Invoking toplevel() on ptolemy.moml.MoMLSimpleApplication@184df9de
----------------- Done invoking toplevel() on ptolemy.moml.MoMLSimpleApplication@184df9de
reloadAllAccessors: .junk

===========================================================================================
----------------- testing Thu Jul 08 02:45:26 UTC 2021 /home/travis/build/icyphy/ptII/ptolemy/actor/lib/hoc/test/auto/Case6.xml
----------------- Instantiating /home/travis/build/icyphy/ptII/ptolemy/actor/lib/hoc/test/auto/Case6.xml
39 ms. Memory: 129024K Free: 107377K (83%)
----------------- Invoking toplevel() on ptolemy.moml.MoMLSimpleApplication@28d63d10
----------------- Done invoking toplevel() on ptolemy.moml.MoMLSimpleApplication@28d63d10
reloadAllAccessors: .Case6

===========================================================================================
----------------- testing Thu Jul 08 02:45:26 UTC 2021 /home/travis/build/icyphy/ptII/ptolemy/actor/lib/hoc/test/auto/CaseString2.xml
----------------- Instantiating /home/travis/build/icyphy/ptII/ptolemy/actor/lib/hoc/test/auto/CaseString2.xml
13 ms. Memory: 129024K Free: 99654K (77%)
----------------- Invoking toplevel() on ptolemy.moml.MoMLSimpleApplication@58da15eb
----------------- Done invoking toplevel() on ptolemy.moml.MoMLSimpleApplication@58da15eb
reloadAllAccessors: .CaseString2

===========================================================================================
----------------- testing Thu Jul 08 02:45:27 UTC 2021 /home/travis/build/icyphy/ptII/ptolemy/actor/lib/hoc/test/auto/CatchUpComposite1.xml
----------------- Instantiating /home/travis/build/icyphy/ptII/ptolemy/actor/lib/hoc/test/auto/CatchUpComposite1.xml
28 ms. Memory: 129024K Free: 90715K (70%)
----------------- Invoking toplevel() on ptolemy.moml.MoMLSimpleApplication@33905a0c
----------------- Done invoking toplevel() on ptolemy.moml.MoMLSimpleApplication@33905a0c
reloadAllAccessors: .CatchUpComposite1

===========================================================================================
----------------- testing Thu Jul 08 02:45:27 UTC 2021 /home/travis/build/icyphy/ptII/ptolemy/actor/lib/hoc/test/auto/CatchUpComposite2.xml
----------------- Instantiating /home/travis/build/icyphy/ptII/ptolemy/actor/lib/hoc/test/auto/CatchUpComposite2.xml
8 ms. Memory: 129024K Free: 82932K (64%)
----------------- Invoking toplevel() on ptolemy.moml.MoMLSimpleApplication@3270212a
----------------- Done invoking toplevel() on ptolemy.moml.MoMLSimpleApplication@3270212a
reloadAllAccessors: .CatchUpComposite2

===========================================================================================
----------------- testing Thu Jul 08 02:45:27 UTC 2021 /home/travis/build/icyphy/ptII/ptolemy/actor/lib/hoc/test/auto/CatchUpComposite3.xml
----------------- Instantiating /home/travis/build/icyphy/ptII/ptolemy/actor/lib/hoc/test/auto/CatchUpComposite3.xml
20 ms. Memory: 129024K Free: 73760K (57%)
----------------- Invoking toplevel() on ptolemy.moml.MoMLSimpleApplication@2fe34ec6
----------------- Done invoking toplevel() on ptolemy.moml.MoMLSimpleApplication@2fe34ec6
reloadAllAccessors: .CatchUpComposite3

===========================================================================================
----------------- testing Thu Jul 08 02:45:27 UTC 2021 /home/travis/build/icyphy/ptII/ptolemy/actor/lib/hoc/test/auto/CatchUpComposite4.xml
----------------- Instantiating /home/travis/build/icyphy/ptII/ptolemy/actor/lib/hoc/test/auto/CatchUpComposite4.xml
15 ms. Memory: 129024K Free: 66139K (51%)
----------------- Invoking toplevel() on ptolemy.moml.MoMLSimpleApplication@7b71df53
----------------- Done invoking toplevel() on ptolemy.moml.MoMLSimpleApplication@7b71df53
reloadAllAccessors: .CatchUpComposite4

===========================================================================================
----------------- testing Thu Jul 08 02:45:27 UTC 2021 /home/travis/build/icyphy/ptII/ptolemy/actor/lib/hoc/test/auto/CatchUpComposite5.xml
----------------- Instantiating /home/travis/build/icyphy/ptII/ptolemy/actor/lib/hoc/test/auto/CatchUpComposite5.xml
24 ms. Memory: 129024K Free: 113856K (88%)
----------------- Invoking toplevel() on ptolemy.moml.MoMLSimpleApplication@7d5815c4
----------------- Done invoking toplevel() on ptolemy.moml.MoMLSimpleApplication@7d5815c4
reloadAllAccessors: .CatchUpComposite5

===========================================================================================
----------------- testing Thu Jul 08 02:45:27 UTC 2021 /home/travis/build/icyphy/ptII/ptolemy/actor/lib/hoc/test/auto/CatchUpComposite6.xml
----------------- Instantiating /home/travis/build/icyphy/ptII/ptolemy/actor/lib/hoc/test/auto/CatchUpComposite6.xml
WARNING: The execution aspects in this model can influence the timing of actors by delaying the 
execution, potentially changing the behavior. There is no guarantee that actors fire at the 
time they request to be fired. 
Use Ptides for deterministic DE behavior that is not influenced by execution aspects. 

96 ms. Memory: 129024K Free: 98815K (77%)
----------------- Invoking toplevel() on ptolemy.moml.MoMLSimpleApplication@3626f062
----------------- Done invoking toplevel() on ptolemy.moml.MoMLSimpleApplication@3626f062
reloadAllAccessors: .CatchUpComposite6

===========================================================================================
----------------- testing Thu Jul 08 02:45:27 UTC 2021 /home/travis/build/icyphy/ptII/ptolemy/actor/lib/hoc/test/auto/CatchUpComposite7.xml
----------------- Instantiating /home/travis/build/icyphy/ptII/ptolemy/actor/lib/hoc/test/auto/CatchUpComposite7.xml
WARNING: The execution aspects in this model can influence the timing of actors by delaying the 
execution, potentially changing the behavior. There is no guarantee that actors fire at the 
time they request to be fired. 
Use Ptides for deterministic DE behavior that is not influenced by execution aspects. 

30 ms. Memory: 129024K Free: 85129K (66%)
----------------- Invoking toplevel() on ptolemy.moml.MoMLSimpleApplication@1a43efd1
----------------- Done invoking toplevel() on ptolemy.moml.MoMLSimpleApplication@1a43efd1
reloadAllAccessors: .CatchUpComposite7

===========================================================================================
----------------- testing Thu Jul 08 02:45:27 UTC 2021 /home/travis/build/icyphy/ptII/ptolemy/actor/lib/hoc/test/auto/ConcurrentExecutionTimeSDF.xml
----------------- Instantiating /home/travis/build/icyphy/ptII/ptolemy/actor/lib/hoc/test/auto/ConcurrentExecutionTimeSDF.xml
Fired ExecutionTime: 40400000
Fired ExecutionTime: 40400000
Fired ExecutionTime: 40400000
Fired ExecutionTime: 40400000
Fired ExecutionTime: 40400000
Fired ExecutionTime: 40400000
Fired ExecutionTime: 40400000
Fired ExecutionTime: 40400000
Fired ExecutionTime: 40400000
Fired ExecutionTime: 40400000
Fired ExecutionTime: 40400000
Fired ExecutionTime: 40400000
Fired ExecutionTime: 40400000
Fired ExecutionTime: 40400000
Fired ExecutionTime: 40400000
Fired ExecutionTime: 40400000
Fired ExecutionTime: 40400000
Fired ExecutionTime: 40400000
Fired ExecutionTime: 40400000
Fired ExecutionTime: 40400000
760 ms. Memory: 129024K Free: 78710K (61%)
----------------- Invoking toplevel() on ptolemy.moml.MoMLSimpleApplication@5b234a60
----------------- Done invoking toplevel() on ptolemy.moml.MoMLSimpleApplication@5b234a60
reloadAllAccessors: .ConcurrentExecutionTimeSDF

===========================================================================================
----------------- testing Thu Jul 08 02:45:28 UTC 2021 /home/travis/build/icyphy/ptII/ptolemy/actor/lib/hoc/test/auto/ConcurrentSleep.xml
----------------- Instantiating /home/travis/build/icyphy/ptII/ptolemy/actor/lib/hoc/test/auto/ConcurrentSleep.xml
736 ms. Memory: 129024K Free: 68095K (53%)
----------------- Invoking toplevel() on ptolemy.moml.MoMLSimpleApplication@3cfa912f
----------------- Done invoking toplevel() on ptolemy.moml.MoMLSimpleApplication@3cfa912f
reloadAllAccessors: .ConcurrentSleep

===========================================================================================
----------------- testing Thu Jul 08 02:45:29 UTC 2021 /home/travis/build/icyphy/ptII/ptolemy/actor/lib/hoc/test/auto/DEInPNInRunCompositeActor.xml
----------------- Instantiating /home/travis/build/icyphy/ptII/ptolemy/actor/lib/hoc/test/auto/DEInPNInRunCompositeActor.xml
10 ms. Memory: 129024K Free: 62601K (49%)
----------------- Invoking toplevel() on ptolemy.moml.MoMLSimpleApplication@5e6e723d
----------------- Done invoking toplevel() on ptolemy.moml.MoMLSimpleApplication@5e6e723d
reloadAllAccessors: .DEInPNInRunCompositeActor

===========================================================================================
----------------- testing Thu Jul 08 02:45:29 UTC 2021 /home/travis/build/icyphy/ptII/ptolemy/actor/lib/hoc/test/auto/DFTSubSetTest.xml
----------------- Instantiating /home/travis/build/icyphy/ptII/ptolemy/actor/lib/hoc/test/auto/DFTSubSetTest.xml
186 ms. Memory: 155648K Free: 121002K (78%)
----------------- Invoking toplevel() on ptolemy.moml.MoMLSimpleApplication@7bc7d866
----------------- Done invoking toplevel() on ptolemy.moml.MoMLSimpleApplication@7bc7d866
reloadAllAccessors: .DFTSubSetTest

===========================================================================================
----------------- testing Thu Jul 08 02:45:29 UTC 2021 /home/travis/build/icyphy/ptII/ptolemy/actor/lib/hoc/test/auto/HocDE.xml
----------------- Instantiating /home/travis/build/icyphy/ptII/ptolemy/actor/lib/hoc/test/auto/HocDE.xml
123 ms. Memory: 155648K Free: 95513K (61%)
----------------- Invoking toplevel() on ptolemy.moml.MoMLSimpleApplication@4ca48a2d
----------------- Done invoking toplevel() on ptolemy.moml.MoMLSimpleApplication@4ca48a2d
reloadAllAccessors: .HocDE

===========================================================================================
----------------- testing Thu Jul 08 02:45:29 UTC 2021 /home/travis/build/icyphy/ptII/ptolemy/actor/lib/hoc/test/auto/IterateOverArray.xml
----------------- Instantiating /home/travis/build/icyphy/ptII/ptolemy/actor/lib/hoc/test/auto/IterateOverArray.xml
5 ms. Memory: 155648K Free: 90848K (58%)
----------------- Invoking toplevel() on ptolemy.moml.MoMLSimpleApplication@2005c4ab
----------------- Done invoking toplevel() on ptolemy.moml.MoMLSimpleApplication@2005c4ab
reloadAllAccessors: .IterateOverArray

===========================================================================================
----------------- testing Thu Jul 08 02:45:29 UTC 2021 /home/travis/build/icyphy/ptII/ptolemy/actor/lib/hoc/test/auto/IterateOverArray10.xml
----------------- Instantiating /home/travis/build/icyphy/ptII/ptolemy/actor/lib/hoc/test/auto/IterateOverArray10.xml
3 ms. Memory: 155648K Free: 87738K (56%)
----------------- Invoking toplevel() on ptolemy.moml.MoMLSimpleApplication@2186d6d
----------------- Done invoking toplevel() on ptolemy.moml.MoMLSimpleApplication@2186d6d
reloadAllAccessors: .IterateOverArray10

===========================================================================================
----------------- testing Thu Jul 08 02:45:29 UTC 2021 /home/travis/build/icyphy/ptII/ptolemy/actor/lib/hoc/test/auto/IterateOverArray11.xml
----------------- Instantiating /home/travis/build/icyphy/ptII/ptolemy/actor/lib/hoc/test/auto/IterateOverArray11.xml
3 ms. Memory: 155648K Free: 83680K (54%)
----------------- Invoking toplevel() on ptolemy.moml.MoMLSimpleApplication@6ddd63d0
----------------- Done invoking toplevel() on ptolemy.moml.MoMLSimpleApplication@6ddd63d0
reloadAllAccessors: .IterateOverArray11

===========================================================================================
----------------- testing Thu Jul 08 02:45:29 UTC 2021 /home/travis/build/icyphy/ptII/ptolemy/actor/lib/hoc/test/auto/IterateOverArray12.xml
----------------- Instantiating /home/travis/build/icyphy/ptII/ptolemy/actor/lib/hoc/test/auto/IterateOverArray12.xml
8 ms. Memory: 155648K Free: 77536K (50%)
----------------- Invoking toplevel() on ptolemy.moml.MoMLSimpleApplication@65d57d51
----------------- Done invoking toplevel() on ptolemy.moml.MoMLSimpleApplication@65d57d51
reloadAllAccessors: .IterateOverArray12

===========================================================================================
----------------- testing Thu Jul 08 02:45:29 UTC 2021 /home/travis/build/icyphy/ptII/ptolemy/actor/lib/hoc/test/auto/IterateOverArray13.xml
----------------- Instantiating /home/travis/build/icyphy/ptII/ptolemy/actor/lib/hoc/test/auto/IterateOverArray13.xml
63 ms. Memory: 155648K Free: 51480K (33%)
----------------- Invoking toplevel() on ptolemy.moml.MoMLSimpleApplication@123566e8
----------------- Done invoking toplevel() on ptolemy.moml.MoMLSimpleApplication@123566e8
reloadAllAccessors: .IterateOverArray13

===========================================================================================
----------------- testing Thu Jul 08 02:45:29 UTC 2021 /home/travis/build/icyphy/ptII/ptolemy/actor/lib/hoc/test/auto/IterateOverArray14.xml
----------------- Instantiating /home/travis/build/icyphy/ptII/ptolemy/actor/lib/hoc/test/auto/IterateOverArray14.xml
56 ms. Memory: 155648K Free: 109620K (70%)
----------------- Invoking toplevel() on ptolemy.moml.MoMLSimpleApplication@3819616c
----------------- Done invoking toplevel() on ptolemy.moml.MoMLSimpleApplication@3819616c
reloadAllAccessors: .IterateOverArray14

===========================================================================================
----------------- testing Thu Jul 08 02:45:29 UTC 2021 /home/travis/build/icyphy/ptII/ptolemy/actor/lib/hoc/test/auto/IterateOverArray2.xml
----------------- Instantiating /home/travis/build/icyphy/ptII/ptolemy/actor/lib/hoc/test/auto/IterateOverArray2.xml
7 ms. Memory: 155648K Free: 104945K (67%)
----------------- Invoking toplevel() on ptolemy.moml.MoMLSimpleApplication@615e1857
----------------- Done invoking toplevel() on ptolemy.moml.MoMLSimpleApplication@615e1857
reloadAllAccessors: .IterateOverArray2

===========================================================================================
----------------- testing Thu Jul 08 02:45:30 UTC 2021 /home/travis/build/icyphy/ptII/ptolemy/actor/lib/hoc/test/auto/IterateOverArray3.xml
----------------- Instantiating /home/travis/build/icyphy/ptII/ptolemy/actor/lib/hoc/test/auto/IterateOverArray3.xml
9 ms. Memory: 155648K Free: 99249K (64%)
----------------- Invoking toplevel() on ptolemy.moml.MoMLSimpleApplication@626a362b
----------------- Done invoking toplevel() on ptolemy.moml.MoMLSimpleApplication@626a362b
reloadAllAccessors: .IterateOverArray3

===========================================================================================
----------------- testing Thu Jul 08 02:45:30 UTC 2021 /home/travis/build/icyphy/ptII/ptolemy/actor/lib/hoc/test/auto/IterateOverArray4.xml
----------------- Instantiating /home/travis/build/icyphy/ptII/ptolemy/actor/lib/hoc/test/auto/IterateOverArray4.xml
5 ms. Memory: 155648K Free: 95284K (61%)
----------------- Invoking toplevel() on ptolemy.moml.MoMLSimpleApplication@61d15001
----------------- Done invoking toplevel() on ptolemy.moml.MoMLSimpleApplication@61d15001
reloadAllAccessors: .IterateOverArray4

===========================================================================================
----------------- testing Thu Jul 08 02:45:30 UTC 2021 /home/travis/build/icyphy/ptII/ptolemy/actor/lib/hoc/test/auto/IterateOverArray5.xml
----------------- Instantiating /home/travis/build/icyphy/ptII/ptolemy/actor/lib/hoc/test/auto/IterateOverArray5.xml
6 ms. Memory: 155648K Free: 91166K (59%)
----------------- Invoking toplevel() on ptolemy.moml.MoMLSimpleApplication@4ab419c6
----------------- Done invoking toplevel() on ptolemy.moml.MoMLSimpleApplication@4ab419c6
reloadAllAccessors: .IterateOverArray5

===========================================================================================
----------------- testing Thu Jul 08 02:45:30 UTC 2021 /home/travis/build/icyphy/ptII/ptolemy/actor/lib/hoc/test/auto/IterateOverArray6.xml
----------------- Instantiating /home/travis/build/icyphy/ptII/ptolemy/actor/lib/hoc/test/auto/IterateOverArray6.xml
3 ms. Memory: 155648K Free: 87537K (56%)
----------------- Invoking toplevel() on ptolemy.moml.MoMLSimpleApplication@3aa5ccb7
----------------- Done invoking toplevel() on ptolemy.moml.MoMLSimpleApplication@3aa5ccb7
reloadAllAccessors: .IterateOverArray6

===========================================================================================
----------------- testing Thu Jul 08 02:45:30 UTC 2021 /home/travis/build/icyphy/ptII/ptolemy/actor/lib/hoc/test/auto/IterateOverArray7.xml
----------------- Instantiating /home/travis/build/icyphy/ptII/ptolemy/actor/lib/hoc/test/auto/IterateOverArray7.xml
7 ms. Memory: 155648K Free: 82965K (53%)
----------------- Invoking toplevel() on ptolemy.moml.MoMLSimpleApplication@654daa43
----------------- Done invoking toplevel() on ptolemy.moml.MoMLSimpleApplication@654daa43
reloadAllAccessors: .IterateOverArray7

===========================================================================================
----------------- testing Thu Jul 08 02:45:30 UTC 2021 /home/travis/build/icyphy/ptII/ptolemy/actor/lib/hoc/test/auto/IterateOverArray8.xml
----------------- Instantiating /home/travis/build/icyphy/ptII/ptolemy/actor/lib/hoc/test/auto/IterateOverArray8.xml
8 ms. Memory: 155648K Free: 78900K (51%)
----------------- Invoking toplevel() on ptolemy.moml.MoMLSimpleApplication@78747f26
----------------- Done invoking toplevel() on ptolemy.moml.MoMLSimpleApplication@78747f26
reloadAllAccessors: .IterateOverArray8

===========================================================================================
----------------- testing Thu Jul 08 02:45:30 UTC 2021 /home/travis/build/icyphy/ptII/ptolemy/actor/lib/hoc/test/auto/IterateOverArray9.xml
----------------- Instantiating /home/travis/build/icyphy/ptII/ptolemy/actor/lib/hoc/test/auto/IterateOverArray9.xml
6 ms. Memory: 155648K Free: 74782K (48%)
----------------- Invoking toplevel() on ptolemy.moml.MoMLSimpleApplication@7d382c88
----------------- Done invoking toplevel() on ptolemy.moml.MoMLSimpleApplication@7d382c88
reloadAllAccessors: .IterateOverArray9

===========================================================================================
----------------- testing Thu Jul 08 02:45:30 UTC 2021 /home/travis/build/icyphy/ptII/ptolemy/actor/lib/hoc/test/auto/IterateOverArrayCoercedOutputType.xml
----------------- Instantiating /home/travis/build/icyphy/ptII/ptolemy/actor/lib/hoc/test/auto/IterateOverArrayCoercedOutputType.xml
7 ms. Memory: 155648K Free: 69630K (45%)
----------------- Invoking toplevel() on ptolemy.moml.MoMLSimpleApplication@48dfd7e
----------------- Done invoking toplevel() on ptolemy.moml.MoMLSimpleApplication@48dfd7e
reloadAllAccessors: .IterateOverArrayCoercedOutputType

===========================================================================================
----------------- testing Thu Jul 08 02:45:30 UTC 2021 /home/travis/build/icyphy/ptII/ptolemy/actor/lib/hoc/test/auto/IterateOverArrayInferredOutputType.xml
----------------- Instantiating /home/travis/build/icyphy/ptII/ptolemy/actor/lib/hoc/test/auto/IterateOverArrayInferredOutputType.xml
6 ms. Memory: 155648K Free: 64542K (41%)
----------------- Invoking toplevel() on ptolemy.moml.MoMLSimpleApplication@4406762c
----------------- Done invoking toplevel() on ptolemy.moml.MoMLSimpleApplication@4406762c
reloadAllAccessors: .IterateOverArrayInferredOutputType

===========================================================================================
----------------- testing Thu Jul 08 02:45:30 UTC 2021 /home/travis/build/icyphy/ptII/ptolemy/actor/lib/hoc/test/auto/MobileFunctionTest.xml
----------------- Instantiating /home/travis/build/icyphy/ptII/ptolemy/actor/lib/hoc/test/auto/MobileFunctionTest.xml
3 ms. Memory: 155648K Free: 60454K (39%)
----------------- Invoking toplevel() on ptolemy.moml.MoMLSimpleApplication@62bca2d0
----------------- Done invoking toplevel() on ptolemy.moml.MoMLSimpleApplication@62bca2d0
reloadAllAccessors: .MobileFunctionTest

===========================================================================================
----------------- testing Thu Jul 08 02:45:30 UTC 2021 /home/travis/build/icyphy/ptII/ptolemy/actor/lib/hoc/test/auto/MobileModelTest.xml
----------------- Instantiating /home/travis/build/icyphy/ptII/ptolemy/actor/lib/hoc/test/auto/MobileModelTest.xml
128 ms. Memory: 155648K Free: 130049K (84%)
----------------- Invoking toplevel() on ptolemy.moml.MoMLSimpleApplication@760f61fc
----------------- Done invoking toplevel() on ptolemy.moml.MoMLSimpleApplication@760f61fc
reloadAllAccessors: .MobileModelTest

===========================================================================================
----------------- testing Thu Jul 08 02:45:30 UTC 2021 /home/travis/build/icyphy/ptII/ptolemy/actor/lib/hoc/test/auto/ModelReference.xml
----------------- Instantiating /home/travis/build/icyphy/ptII/ptolemy/actor/lib/hoc/test/auto/ModelReference.xml
2 ms. Memory: 155648K Free: 123227K (79%)
2 ms. Memory: 155648K Free: 122722K (79%)
2 ms. Memory: 155648K Free: 121712K (78%)
2 ms. Memory: 155648K Free: 121217K (78%)
1 ms. Memory: 155648K Free: 120187K (77%)
1 ms. Memory: 155648K Free: 119139K (77%)
2 ms. Memory: 155648K Free: 118618K (76%)
1 ms. Memory: 155648K Free: 117616K (76%)
1 ms. Memory: 155648K Free: 117050K (75%)
1 ms. Memory: 155648K Free: 116083K (75%)
28 ms. Memory: 155648K Free: 116083K (75%)
----------------- Invoking toplevel() on ptolemy.moml.MoMLSimpleApplication@6db9aded
----------------- Done invoking toplevel() on ptolemy.moml.MoMLSimpleApplication@6db9aded
reloadAllAccessors: .ModelReference

===========================================================================================
----------------- testing Thu Jul 08 02:45:30 UTC 2021 /home/travis/build/icyphy/ptII/ptolemy/actor/lib/hoc/test/auto/ModelReference3.xml
----------------- Instantiating /home/travis/build/icyphy/ptII/ptolemy/actor/lib/hoc/test/auto/ModelReference3.xml
2 ms. Memory: 155648K Free: 111434K (72%)
3 ms. Memory: 155648K Free: 110418K (71%)
2 ms. Memory: 155648K Free: 109394K (70%)
3 ms. Memory: 155648K Free: 108915K (70%)
3 ms. Memory: 155648K Free: 107907K (69%)
1 ms. Memory: 155648K Free: 107354K (69%)
2 ms. Memory: 155648K Free: 106322K (68%)
1 ms. Memory: 155648K Free: 105298K (68%)
3 ms. Memory: 155648K Free: 104843K (67%)
1 ms. Memory: 155648K Free: 103827K (67%)
28 ms. Memory: 155648K Free: 103827K (67%)
----------------- Invoking toplevel() on ptolemy.moml.MoMLSimpleApplication@69767ac
----------------- Done invoking toplevel() on ptolemy.moml.MoMLSimpleApplication@69767ac
reloadAllAccessors: .ModelReference3

===========================================================================================
----------------- testing Thu Jul 08 02:45:30 UTC 2021 /home/travis/build/icyphy/ptII/ptolemy/actor/lib/hoc/test/auto/ModelReference4.xml
----------------- Instantiating /home/travis/build/icyphy/ptII/ptolemy/actor/lib/hoc/test/auto/ModelReference4.xml
1 ms. Memory: 155648K Free: 99154K (64%)
2 ms. Memory: 155648K Free: 97627K (63%)
2 ms. Memory: 155648K Free: 96681K (62%)
1 ms. Memory: 155648K Free: 95657K (61%)
3 ms. Memory: 155648K Free: 94064K (60%)
3 ms. Memory: 155648K Free: 93026K (60%)
2 ms. Memory: 155648K Free: 91507K (59%)
3 ms. Memory: 155648K Free: 90491K (58%)
1 ms. Memory: 155648K Free: 89443K (57%)
2 ms. Memory: 155648K Free: 87920K (56%)
10020 ms. Memory: 155648K Free: 87920K (56%)
----------------- Invoking toplevel() on ptolemy.moml.MoMLSimpleApplication@213d35a8
----------------- Done invoking toplevel() on ptolemy.moml.MoMLSimpleApplication@213d35a8
reloadAllAccessors: .ModelReference4

===========================================================================================
----------------- testing Thu Jul 08 02:45:40 UTC 2021 /home/travis/build/icyphy/ptII/ptolemy/actor/lib/hoc/test/auto/MultiInstanceComposite.xml
----------------- Instantiating /home/travis/build/icyphy/ptII/ptolemy/actor/lib/hoc/test/auto/MultiInstanceComposite.xml
23 ms. Memory: 155648K Free: 69033K (44%)
----------------- Invoking toplevel() on ptolemy.moml.MoMLSimpleApplication@6511db1
----------------- Done invoking toplevel() on ptolemy.moml.MoMLSimpleApplication@6511db1
reloadAllAccessors: .MultiInstanceComposite

===========================================================================================
----------------- testing Thu Jul 08 02:45:40 UTC 2021 /home/travis/build/icyphy/ptII/ptolemy/actor/lib/hoc/test/auto/MultiInstanceComposite2.xml
----------------- Instantiating /home/travis/build/icyphy/ptII/ptolemy/actor/lib/hoc/test/auto/MultiInstanceComposite2.xml
14 ms. Memory: 155648K Free: 57739K (37%)
----------------- Invoking toplevel() on ptolemy.moml.MoMLSimpleApplication@643a2bc
----------------- Done invoking toplevel() on ptolemy.moml.MoMLSimpleApplication@643a2bc
reloadAllAccessors: .MultiInstanceComposite2

===========================================================================================
----------------- testing Thu Jul 08 02:45:40 UTC 2021 /home/travis/build/icyphy/ptII/ptolemy/actor/lib/hoc/test/auto/MulticoreExecution.xml
----------------- Instantiating /home/travis/build/icyphy/ptII/ptolemy/actor/lib/hoc/test/auto/MulticoreExecution.xml
Fired ExecutionTime: 2800000
Fired ExecutionTime: 3600000
Fired ExecutionTime: 60000000
Fired ExecutionTime: 59600000
Fired ExecutionTime: 39200000
Fired ExecutionTime: 50800000
Fired ExecutionTime: 108800000
Fired ExecutionTime: 109200000
Fired ExecutionTime: 108800000
Fired ExecutionTime: 108400000
Fired ExecutionTime: 109200000
Fired ExecutionTime: 108800000
Fired ExecutionTime: 110400000
Fired ExecutionTime: 112000000
Fired ExecutionTime: 109200000
Fired ExecutionTime: 109200000
Fired ExecutionTime: 112400000
Fired ExecutionTime: 112800000
Fired ExecutionTime: 103200000
Fired ExecutionTime: 110400000
1054 ms. Memory: 155648K Free: 139714K (90%)
----------------- Invoking toplevel() on ptolemy.moml.MoMLSimpleApplication@2bbff37
----------------- Done invoking toplevel() on ptolemy.moml.MoMLSimpleApplication@2bbff37
reloadAllAccessors: .MulticoreExecution

===========================================================================================
----------------- testing Thu Jul 08 02:45:41 UTC 2021 /home/travis/build/icyphy/ptII/ptolemy/actor/lib/hoc/test/auto/ParallelExecution.xml
----------------- Instantiating /home/travis/build/icyphy/ptII/ptolemy/actor/lib/hoc/test/auto/ParallelExecution.xml
918 ms. Memory: 155648K Free: 132079K (85%)
----------------- Invoking toplevel() on ptolemy.moml.MoMLSimpleApplication@5fc648f1
----------------- Done invoking toplevel() on ptolemy.moml.MoMLSimpleApplication@5fc648f1
reloadAllAccessors: .ParallelExecution

===========================================================================================
----------------- testing Thu Jul 08 02:45:42 UTC 2021 /home/travis/build/icyphy/ptII/ptolemy/actor/lib/hoc/test/auto/RunCompositeActor.xml
----------------- Instantiating /home/travis/build/icyphy/ptII/ptolemy/actor/lib/hoc/test/auto/RunCompositeActor.xml
7 ms. Memory: 155648K Free: 124889K (80%)
----------------- Invoking toplevel() on ptolemy.moml.MoMLSimpleApplication@5e55659e
----------------- Done invoking toplevel() on ptolemy.moml.MoMLSimpleApplication@5e55659e
reloadAllAccessors: .RunCompositeActor

===========================================================================================
----------------- testing Thu Jul 08 02:45:42 UTC 2021 /home/travis/build/icyphy/ptII/ptolemy/actor/lib/hoc/test/auto/RunCompositeActor2.xml
----------------- Instantiating /home/travis/build/icyphy/ptII/ptolemy/actor/lib/hoc/test/auto/RunCompositeActor2.xml
3 ms. Memory: 155648K Free: 118767K (76%)
----------------- Invoking toplevel() on ptolemy.moml.MoMLSimpleApplication@7a15fe58
----------------- Done invoking toplevel() on ptolemy.moml.MoMLSimpleApplication@7a15fe58
reloadAllAccessors: .RunCompositeActor2

===========================================================================================
----------------- testing Thu Jul 08 02:45:42 UTC 2021 /home/travis/build/icyphy/ptII/ptolemy/actor/lib/hoc/test/auto/RunCompositeActor3.xml
----------------- Instantiating /home/travis/build/icyphy/ptII/ptolemy/actor/lib/hoc/test/auto/RunCompositeActor3.xml
3 ms. Memory: 155648K Free: 113269K (73%)
----------------- Invoking toplevel() on ptolemy.moml.MoMLSimpleApplication@54864115
----------------- Done invoking toplevel() on ptolemy.moml.MoMLSimpleApplication@54864115
reloadAllAccessors: .RunCompositeActor3

===========================================================================================
----------------- testing Thu Jul 08 02:45:42 UTC 2021 /home/travis/build/icyphy/ptII/ptolemy/actor/lib/hoc/test/auto/RunCompositeActor4.xml
----------------- Instantiating /home/travis/build/icyphy/ptII/ptolemy/actor/lib/hoc/test/auto/RunCompositeActor4.xml
12 ms. Memory: 155648K Free: 105425K (68%)
----------------- Invoking toplevel() on ptolemy.moml.MoMLSimpleApplication@2b4833b5
----------------- Done invoking toplevel() on ptolemy.moml.MoMLSimpleApplication@2b4833b5
reloadAllAccessors: .RunCompositeActor4

===========================================================================================
----------------- testing Thu Jul 08 02:45:42 UTC 2021 /home/travis/build/icyphy/ptII/ptolemy/actor/lib/hoc/test/auto/RunCompositeIterateOverArray.xml
----------------- Instantiating /home/travis/build/icyphy/ptII/ptolemy/actor/lib/hoc/test/auto/RunCompositeIterateOverArray.xml
6 ms. Memory: 155648K Free: 99901K (64%)
----------------- Invoking toplevel() on ptolemy.moml.MoMLSimpleApplication@1edf0703
----------------- Done invoking toplevel() on ptolemy.moml.MoMLSimpleApplication@1edf0703
reloadAllAccessors: .RunCompositeIterateOverArray

===========================================================================================
----------------- testing Thu Jul 08 02:45:42 UTC 2021 /home/travis/build/icyphy/ptII/ptolemy/actor/lib/hoc/test/auto/ThreadedJS.xml
----------------- Instantiating /home/travis/build/icyphy/ptII/ptolemy/actor/lib/hoc/test/auto/ThreadedJS.xml
4871 ms. Memory: 187392K Free: 48109K (26%)
----------------- Invoking toplevel() on ptolemy.moml.MoMLSimpleApplication@6f6da0bb
----------------- Done invoking toplevel() on ptolemy.moml.MoMLSimpleApplication@6f6da0bb
reloadAllAccessors: .ThreadedJS
AutoTests.java: About to close Vertx.
AutoTests.java: Vertx closed.
]]></system-out>
  <system-err><![CDATA[java.lang.RuntimeException: Execution failed
	at ptolemy.moml.MoMLSimpleApplication$UnloadThread.run(MoMLSimpleApplication.java:402)
Caused by: ptolemy.kernel.util.IllegalActionException: initialize() was called after wrapup() was called but preinitialize() was not called after wrapup().
	at ptolemy.actor.lib.hoc.test.PreinitializeMustBeInvoked.initialize(PreinitializeMustBeInvoked.java:78)
	at ptolemy.actor.Director.initialize(Director.java:938)
	at ptolemy.actor.Director.initialize(Director.java:907)
	at ptolemy.actor.sched.StaticSchedulingDirector.initialize(StaticSchedulingDirector.java:159)
	at ptolemy.domains.sdf.kernel.SDFDirector.initialize(SDFDirector.java:544)
	at ptolemy.actor.CompositeActor.initialize(CompositeActor.java:935)
	at ptolemy.actor.lib.hoc.LifeCycleManager._executeInsideModel(LifeCycleManager.java:339)
	at ptolemy.actor.lib.hoc.RunCompositeActor.fire(RunCompositeActor.java:205)
	at ptolemy.actor.CompositeActor.iterate(CompositeActor.java:1146)
	at ptolemy.actor.sched.StaticSchedulingDirector.fire(StaticSchedulingDirector.java:216)
	at ptolemy.domains.sdf.kernel.SDFDirector.fire(SDFDirector.java:500)
	at ptolemy.actor.CompositeActor.fire(CompositeActor.java:455)
	at ptolemy.actor.Manager.iterate(Manager.java:851)
	at ptolemy.actor.Manager.execute(Manager.java:369)
	at ptolemy.actor.Manager.run(Manager.java:1263)
	at ptolemy.actor.Manager$PtolemyRunThread.run(Manager.java:1933)
java.lang.reflect.InvocationTargetException
	at java.base/jdk.internal.reflect.NativeConstructorAccessorImpl.newInstance0(Native Method)
	at java.base/jdk.internal.reflect.NativeConstructorAccessorImpl.newInstance(NativeConstructorAccessorImpl.java:62)
	at java.base/jdk.internal.reflect.DelegatingConstructorAccessorImpl.newInstance(DelegatingConstructorAccessorImpl.java:45)
	at java.base/java.lang.reflect.Constructor.newInstance(Constructor.java:490)
	at ptolemy.util.test.junit.AutoKnownFailedTests.RunModel(AutoKnownFailedTests.java:105)
	at java.base/jdk.internal.reflect.NativeMethodAccessorImpl.invoke0(Native Method)
	at java.base/jdk.internal.reflect.NativeMethodAccessorImpl.invoke(NativeMethodAccessorImpl.java:62)
	at java.base/jdk.internal.reflect.DelegatingMethodAccessorImpl.invoke(DelegatingMethodAccessorImpl.java:43)
	at java.base/java.lang.reflect.Method.invoke(Method.java:566)
	at org.junit.runners.model.FrameworkMethod$1.runReflectiveCall(FrameworkMethod.java:44)
	at org.junit.internal.runners.model.ReflectiveCallable.run(ReflectiveCallable.java:15)
	at org.junit.runners.model.FrameworkMethod.invokeExplosively(FrameworkMethod.java:41)
	at junitparams.internal.InvokeParameterisedMethod.evaluate(InvokeParameterisedMethod.java:102)
	at org.junit.internal.runners.statements.FailOnTimeout$1.run(FailOnTimeout.java:28)
Caused by: ptolemy.kernel.util.IllegalActionException: initialize() was called after wrapup() was called but preinitialize() was not called after wrapup().
	at ptolemy.actor.lib.hoc.test.PreinitializeMustBeInvoked.initialize(PreinitializeMustBeInvoked.java:78)
	at ptolemy.actor.Director.initialize(Director.java:938)
	at ptolemy.actor.Director.initialize(Director.java:907)
	at ptolemy.actor.sched.StaticSchedulingDirector.initialize(StaticSchedulingDirector.java:159)
	at ptolemy.domains.sdf.kernel.SDFDirector.initialize(SDFDirector.java:544)
	at ptolemy.actor.CompositeActor.initialize(CompositeActor.java:935)
	at ptolemy.actor.lib.hoc.LifeCycleManager._executeInsideModel(LifeCycleManager.java:339)
	at ptolemy.actor.lib.hoc.RunCompositeActor.fire(RunCompositeActor.java:205)
	at ptolemy.actor.CompositeActor.iterate(CompositeActor.java:1146)
	at ptolemy.actor.sched.StaticSchedulingDirector.fire(StaticSchedulingDirector.java:216)
	at ptolemy.domains.sdf.kernel.SDFDirector.fire(SDFDirector.java:500)
	at ptolemy.actor.CompositeActor.fire(CompositeActor.java:455)
	at ptolemy.actor.Manager.iterate(Manager.java:851)
	at ptolemy.actor.Manager.execute(Manager.java:369)
	at ptolemy.actor.Manager.run(Manager.java:1263)
	at ptolemy.actor.Manager$PtolemyRunThread.run(Manager.java:1933)
Warning: Nashorn engine is planned to be removed from a future JDK release
Warning: Nashorn engine is planned to be removed from a future JDK release
Warning: Nashorn engine is planned to be removed from a future JDK release
Warning: Nashorn engine is planned to be removed from a future JDK release
Warning: Nashorn engine is planned to be removed from a future JDK release
Warning: Nashorn engine is planned to be removed from a future JDK release
Warning: Nashorn engine is planned to be removed from a future JDK release
Warning: Nashorn engine is planned to be removed from a future JDK release
]]></system-err>
</testsuite>
