<?xml version="1.0" encoding="UTF-8" ?>
<testsuite errors="0" failures="0" hostname="travis-job-f5aa3e36-f0d0-4dc1-bc89-c40e1713487c" name="ptolemy.domains.sdf.test.junit.JUnitTclTest" skipped="0" tests="66" time="19.303" timestamp="2018-06-18T16:14:08">
  <properties>
[...]
</properties>
  <testcase classname="ptolemy.util.test.junit.TclTests" name="[0] /home/travis/build/icyphy/ptII/ptolemy/domains/sdf/test/SDFSchedulerErrors.tcl (RunTclFile)" time="0.634" />
  <testcase classname="ptolemy.util.test.junit.TclTests" name="[1] /home/travis/build/icyphy/ptII/ptolemy/domains/sdf/test/composition.tcl (RunTclFile)" time="0.214" />
  <testcase classname="ptolemy.util.test.junit.TclTests" name="[2] /home/travis/build/icyphy/ptII/ptolemy/domains/sdf/test/cycle.tcl (RunTclFile)" time="0.069" />
  <testcase classname="ptolemy.util.test.junit.AutoKnownFailedTests" name="[0] ThereAreNoKnowFailedTests (RunModel)" time="0.005" />
  <testcase classname="ptolemy.util.test.junit.AutoNameArchTests" name="[0] ThereAreNoAutoArchTests (RunModel)" time="0.0" />
  <testcase classname="ptolemy.util.test.junit.AutoTests" name="[0] /home/travis/build/icyphy/ptII/ptolemy/domains/sdf/test/auto/Array.xml (RunModel)" time="0.146" />
  <testcase classname="ptolemy.util.test.junit.AutoTests" name="[1] /home/travis/build/icyphy/ptII/ptolemy/domains/sdf/test/auto/Butterfly.xml (RunModel)" time="0.1" />
  <testcase classname="ptolemy.util.test.junit.AutoTests" name="[2] /home/travis/build/icyphy/ptII/ptolemy/domains/sdf/test/auto/Expression.xml (RunModel)" time="0.069" />
  <testcase classname="ptolemy.util.test.junit.AutoTests" name="[3] /home/travis/build/icyphy/ptII/ptolemy/domains/sdf/test/auto/Eye.xml (RunModel)" time="0.277" />
  <testcase classname="ptolemy.util.test.junit.AutoTests" name="[4] /home/travis/build/icyphy/ptII/ptolemy/domains/sdf/test/auto/FixFIR.xml (RunModel)" time="0.362" />
  <testcase classname="ptolemy.util.test.junit.AutoTests" name="[5] /home/travis/build/icyphy/ptII/ptolemy/domains/sdf/test/auto/FixPoint.xml (RunModel)" time="0.058" />
  <testcase classname="ptolemy.util.test.junit.AutoTests" name="[6] /home/travis/build/icyphy/ptII/ptolemy/domains/sdf/test/auto/Gravitation.xml (RunModel)" time="3.26" />
  <testcase classname="ptolemy.util.test.junit.AutoTests" name="[7] /home/travis/build/icyphy/ptII/ptolemy/domains/sdf/test/auto/GravitationWithCollisionDetection.xml (RunModel)" time="6.107" />
  <testcase classname="ptolemy.util.test.junit.AutoTests" name="[8] /home/travis/build/icyphy/ptII/ptolemy/domains/sdf/test/auto/HDF.xml (RunModel)" time="0.111" />
  <testcase classname="ptolemy.util.test.junit.AutoTests" name="[9] /home/travis/build/icyphy/ptII/ptolemy/domains/sdf/test/auto/HDFwithTransientStates.xml (RunModel)" time="0.074" />
  <testcase classname="ptolemy.util.test.junit.AutoTests" name="[10] /home/travis/build/icyphy/ptII/ptolemy/domains/sdf/test/auto/HTVQ.xml (RunModel)" time="0.834" />
  <testcase classname="ptolemy.util.test.junit.AutoTests" name="[11] /home/travis/build/icyphy/ptII/ptolemy/domains/sdf/test/auto/InferInitProduction.xml (RunModel)" time="0.032" />
  <testcase classname="ptolemy.util.test.junit.AutoTests" name="[12] /home/travis/build/icyphy/ptII/ptolemy/domains/sdf/test/auto/InferInitProductionDeeper.xml (RunModel)" time="0.032" />
  <testcase classname="ptolemy.util.test.junit.AutoTests" name="[13] /home/travis/build/icyphy/ptII/ptolemy/domains/sdf/test/auto/LMSAdaptive.xml (RunModel)" time="0.076" />
  <testcase classname="ptolemy.util.test.junit.AutoTests" name="[14] /home/travis/build/icyphy/ptII/ptolemy/domains/sdf/test/auto/LogisticMap.xml (RunModel)" time="0.464" />
  <testcase classname="ptolemy.util.test.junit.AutoTests" name="[15] /home/travis/build/icyphy/ptII/ptolemy/domains/sdf/test/auto/MaximumEntropySpectrum.xml (RunModel)" time="0.249" />
  <testcase classname="ptolemy.util.test.junit.AutoTests" name="[16] /home/travis/build/icyphy/ptII/ptolemy/domains/sdf/test/auto/MultirateSDF.xml (RunModel)" time="0.065" />
  <testcase classname="ptolemy.util.test.junit.AutoTests" name="[17] /home/travis/build/icyphy/ptII/ptolemy/domains/sdf/test/auto/MultirateSDFwithTransientStates.xml (RunModel)" time="0.082" />
  <testcase classname="ptolemy.util.test.junit.AutoTests" name="[18] /home/travis/build/icyphy/ptII/ptolemy/domains/sdf/test/auto/NoisySinewave.xml (RunModel)" time="0.063" />
  <testcase classname="ptolemy.util.test.junit.AutoTests" name="[19] /home/travis/build/icyphy/ptII/ptolemy/domains/sdf/test/auto/Objects.xml (RunModel)" time="0.06" />
  <testcase classname="ptolemy.util.test.junit.AutoTests" name="[20] /home/travis/build/icyphy/ptII/ptolemy/domains/sdf/test/auto/OrthogonalCom.xml (RunModel)" time="0.036" />
  <testcase classname="ptolemy.util.test.junit.AutoTests" name="[21] /home/travis/build/icyphy/ptII/ptolemy/domains/sdf/test/auto/RijndaelEncryption.xml (RunModel)" time="0.513" />
  <testcase classname="ptolemy.util.test.junit.AutoTests" name="[22] /home/travis/build/icyphy/ptII/ptolemy/domains/sdf/test/auto/SDFEmptyIterations.xml (RunModel)" time="0.018" />
  <testcase classname="ptolemy.util.test.junit.AutoTests" name="[23] /home/travis/build/icyphy/ptII/ptolemy/domains/sdf/test/auto/Spectrum.xml (RunModel)" time="0.075" />
  <testcase classname="ptolemy.util.test.junit.AutoTests" name="[24] /home/travis/build/icyphy/ptII/ptolemy/domains/sdf/test/auto/de_inside_sdf.xml (RunModel)" time="0.022" />
  <testcase classname="ptolemy.util.test.junit.AutoTests" name="[25] /home/travis/build/icyphy/ptII/ptolemy/domains/sdf/test/auto/disconnectedHierarchicalSDF.xml (RunModel)" time="0.021" />
  <testcase classname="ptolemy.util.test.junit.AutoTests" name="[26] /home/travis/build/icyphy/ptII/ptolemy/domains/sdf/test/auto/disconnectedSDF.xml (RunModel)" time="0.02" />
  <testcase classname="ptolemy.util.test.junit.AutoTests" name="[27] /home/travis/build/icyphy/ptII/ptolemy/domains/sdf/test/auto/emptyRefinement.xml (RunModel)" time="0.013" />
  <testcase classname="ptolemy.util.test.junit.AutoTests" name="[28] /home/travis/build/icyphy/ptII/ptolemy/domains/sdf/test/auto/filePortParameter.xml (RunModel)" time="0.042" />
  <testcase classname="ptolemy.util.test.junit.AutoTests" name="[29] /home/travis/build/icyphy/ptII/ptolemy/domains/sdf/test/auto/inferRelationWidth1.xml (RunModel)" time="0.012" />
  <testcase classname="ptolemy.util.test.junit.AutoTests" name="[30] /home/travis/build/icyphy/ptII/ptolemy/domains/sdf/test/auto/initProductionInference.xml (RunModel)" time="0.017" />
  <testcase classname="ptolemy.util.test.junit.AutoTests" name="[31] /home/travis/build/icyphy/ptII/ptolemy/domains/sdf/test/auto/relationGroup.xml (RunModel)" time="0.012" />
  <testcase classname="ptolemy.util.test.junit.AutoTests" name="[32] /home/travis/build/icyphy/ptII/ptolemy/domains/sdf/test/auto/relationGroup10.xml (RunModel)" time="0.015" />
  <testcase classname="ptolemy.util.test.junit.AutoTests" name="[33] /home/travis/build/icyphy/ptII/ptolemy/domains/sdf/test/auto/relationGroup11.xml (RunModel)" time="0.014" />
  <testcase classname="ptolemy.util.test.junit.AutoTests" name="[34] /home/travis/build/icyphy/ptII/ptolemy/domains/sdf/test/auto/relationGroup12.xml (RunModel)" time="0.014" />
  <testcase classname="ptolemy.util.test.junit.AutoTests" name="[35] /home/travis/build/icyphy/ptII/ptolemy/domains/sdf/test/auto/relationGroup13.xml (RunModel)" time="0.016" />
  <testcase classname="ptolemy.util.test.junit.AutoTests" name="[36] /home/travis/build/icyphy/ptII/ptolemy/domains/sdf/test/auto/relationGroup14.xml (RunModel)" time="0.017" />
  <testcase classname="ptolemy.util.test.junit.AutoTests" name="[37] /home/travis/build/icyphy/ptII/ptolemy/domains/sdf/test/auto/relationGroup15.xml (RunModel)" time="0.013" />
  <testcase classname="ptolemy.util.test.junit.AutoTests" name="[38] /home/travis/build/icyphy/ptII/ptolemy/domains/sdf/test/auto/relationGroup2.xml (RunModel)" time="0.013" />
  <testcase classname="ptolemy.util.test.junit.AutoTests" name="[39] /home/travis/build/icyphy/ptII/ptolemy/domains/sdf/test/auto/relationGroup3.xml (RunModel)" time="0.014" />
  <testcase classname="ptolemy.util.test.junit.AutoTests" name="[40] /home/travis/build/icyphy/ptII/ptolemy/domains/sdf/test/auto/relationGroup4.xml (RunModel)" time="0.014" />
  <testcase classname="ptolemy.util.test.junit.AutoTests" name="[41] /home/travis/build/icyphy/ptII/ptolemy/domains/sdf/test/auto/relationGroup5.xml (RunModel)" time="0.014" />
  <testcase classname="ptolemy.util.test.junit.AutoTests" name="[42] /home/travis/build/icyphy/ptII/ptolemy/domains/sdf/test/auto/relationGroup6.xml (RunModel)" time="0.012" />
  <testcase classname="ptolemy.util.test.junit.AutoTests" name="[43] /home/travis/build/icyphy/ptII/ptolemy/domains/sdf/test/auto/relationGroup7.xml (RunModel)" time="0.012" />
  <testcase classname="ptolemy.util.test.junit.AutoTests" name="[44] /home/travis/build/icyphy/ptII/ptolemy/domains/sdf/test/auto/relationGroup8.xml (RunModel)" time="0.013" />
  <testcase classname="ptolemy.util.test.junit.AutoTests" name="[45] /home/travis/build/icyphy/ptII/ptolemy/domains/sdf/test/auto/relationGroup9.xml (RunModel)" time="0.017" />
  <testcase classname="ptolemy.util.test.junit.AutoTests" name="[46] /home/travis/build/icyphy/ptII/ptolemy/domains/sdf/test/auto/sdf_inside_de.xml (RunModel)" time="0.046" />
  <testcase classname="ptolemy.util.test.junit.AutoTests" name="[47] /home/travis/build/icyphy/ptII/ptolemy/domains/sdf/test/auto/sdf_inside_pn.xml (RunModel)" time="0.075" />
  <testcase classname="ptolemy.util.test.junit.AutoTests" name="[48] /home/travis/build/icyphy/ptII/ptolemy/domains/sdf/test/auto/sdf_sdf1.xml (RunModel)" time="0.022" />
  <testcase classname="ptolemy.util.test.junit.AutoTests" name="[49] /home/travis/build/icyphy/ptII/ptolemy/domains/sdf/test/auto/test1.xml (RunModel)" time="0.014" />
  <testcase classname="ptolemy.util.test.junit.AutoTests" name="[50] /home/travis/build/icyphy/ptII/ptolemy/domains/sdf/test/auto/time1.xml (RunModel)" time="0.009" />
  <testcase classname="ptolemy.util.test.junit.AutoTests" name="[51] /home/travis/build/icyphy/ptII/ptolemy/domains/sdf/test/auto/time2.xml (RunModel)" time="0.014" />
  <testcase classname="ptolemy.util.test.junit.AutoTests" name="[52] /home/travis/build/icyphy/ptII/ptolemy/domains/sdf/test/auto/time3.xml (RunModel)" time="0.021" />
  <testcase classname="ptolemy.util.test.junit.AutoTests" name="[53] /home/travis/build/icyphy/ptII/ptolemy/domains/sdf/test/auto/time4.xml (RunModel)" time="0.019" />
  <testcase classname="ptolemy.util.test.junit.AutoTests" name="[54] /home/travis/build/icyphy/ptII/ptolemy/domains/sdf/test/auto/time5.xml (RunModel)" time="4.011" />
  <testcase classname="ptolemy.util.test.junit.AutoTests" name="[55] /home/travis/build/icyphy/ptII/ptolemy/domains/sdf/test/auto/typeSystem_Const_Integer_smallest_Type.xml (RunModel)" time="0.029" />
  <testcase classname="ptolemy.util.test.junit.AutoTests" name="[56] /home/travis/build/icyphy/ptII/ptolemy/domains/sdf/test/auto/typeSystem_declared_Inports_OutportTypeException.xml (RunModel)" time="0.015" />
  <testcase classname="ptolemy.util.test.junit.AutoTests" name="[57] /home/travis/build/icyphy/ptII/ptolemy/domains/sdf/test/auto/typeSystem_oneDeclaredInportType_wrongTypeOutport.xml (RunModel)" time="0.027" />
  <testcase classname="ptolemy.util.test.junit.AutoTests" name="[58] /home/travis/build/icyphy/ptII/ptolemy/domains/sdf/test/auto/width.xml (RunModel)" time="0.01" />
  <testcase classname="ptolemy.util.test.junit.AutoTests" name="[59] /home/travis/build/icyphy/ptII/ptolemy/domains/sdf/test/auto/width2.xml (RunModel)" time="0.039" />
  <testcase classname="ptolemy.util.test.junit.AutoTests" name="[60] /home/travis/build/icyphy/ptII/ptolemy/domains/sdf/test/auto/width3.xml (RunModel)" time="0.039" />
  <system-out><![CDATA[/home/travis/build/icyphy/ptII/ptolemy/domains/sdf/test/SDFSchedulerErrors.tcl
testDefs.tcl: setting time out to 9000 seconds at Mon Jun 18 16:14:08 UTC 2018
16 ms. Memory: 116224K Free: 105593K (91%)
12 ms. Memory: 116224K Free: 98528K (85%)
4 ms. Memory: 116224K Free: 91448K (79%)
2 ms. Memory: 116224K Free: 88387K (76%)
/home/travis/build/icyphy/ptII/ptolemy/domains/sdf/test/composition.tcl
62 ms. Memory: 116224K Free: 84707K (73%)
22 ms. Memory: 116224K Free: 82915K (71%)
/home/travis/build/icyphy/ptII/ptolemy/domains/sdf/test/cycle.tcl
.Toplevel.Director Preinitializing ...
Invoking preinitialize():  .Toplevel.Actor1
Invoking preinitialize():  .Toplevel.Actor2
Invoking preinitialize():  .Toplevel.Delay
.Toplevel.Director Finished preinitialize().
### Schedule:
Execute Schedule{
Fire Actor ptolemy.domains.sdf.kernel.test.SDFTestDelay {.Toplevel.Actor1}
Fire Actor ptolemy.domains.sdf.kernel.test.SDFTestDelay {.Toplevel.Actor2}
Fire Actor ptolemy.domains.sdf.lib.SampleDelay {.Toplevel.Delay}
}
### End schedule
Called initialize().
Invoking initialize():  .Toplevel.Actor1
Initializing actor: .Toplevel.Actor1.
Invoking initialize():  .Toplevel.Actor2
Initializing actor: .Toplevel.Actor2.
Invoking initialize():  .Toplevel.Delay
Initializing actor: .Toplevel.Delay.
Director: Called prefire().
-- Setting current time to 0.0
Director prefire returns true.
The actor .Toplevel.Actor1 will be iterated.
The actor .Toplevel.Actor1 was iterated.
The actor .Toplevel.Actor2 will be iterated.
The actor .Toplevel.Actor2 was iterated.
The actor .Toplevel.Delay will be iterated.
The actor .Toplevel.Delay was iterated.
Director: Called postfire().
Postfire returns: true
Director: Called prefire().
-- Setting current time to 0.0
Director prefire returns true.
The actor .Toplevel.Actor1 will be iterated.
The actor .Toplevel.Actor1 was iterated.
The actor .Toplevel.Actor2 will be iterated.
The actor .Toplevel.Actor2 was iterated.
The actor .Toplevel.Delay will be iterated.
The actor .Toplevel.Delay was iterated.
Director: Called postfire().
Postfire returns: true
Director: Called prefire().
-- Setting current time to 0.0
Director prefire returns true.
The actor .Toplevel.Actor1 will be iterated.
The actor .Toplevel.Actor1 was iterated.
The actor .Toplevel.Actor2 will be iterated.
The actor .Toplevel.Actor2 was iterated.
The actor .Toplevel.Delay will be iterated.
The actor .Toplevel.Delay was iterated.
Director: Called postfire().
Postfire returns: true
Director: Called prefire().
-- Setting current time to 0.0
Director prefire returns true.
The actor .Toplevel.Actor1 will be iterated.
The actor .Toplevel.Actor1 was iterated.
The actor .Toplevel.Actor2 will be iterated.
The actor .Toplevel.Actor2 was iterated.
The actor .Toplevel.Delay will be iterated.
The actor .Toplevel.Delay was iterated.
Director: Called postfire().
Postfire returns: true
Director: Called prefire().
-- Setting current time to 0.0
Director prefire returns true.
The actor .Toplevel.Actor1 will be iterated.
The actor .Toplevel.Actor1 was iterated.
The actor .Toplevel.Actor2 will be iterated.
The actor .Toplevel.Actor2 was iterated.
The actor .Toplevel.Delay will be iterated.
The actor .Toplevel.Delay was iterated.
Director: Called postfire().
Postfire returns: true
Director: Called prefire().
-- Setting current time to 0.0
Director prefire returns true.
The actor .Toplevel.Actor1 will be iterated.
The actor .Toplevel.Actor1 was iterated.
The actor .Toplevel.Actor2 will be iterated.
The actor .Toplevel.Actor2 was iterated.
The actor .Toplevel.Delay will be iterated.
The actor .Toplevel.Delay was iterated.
Reached specified number of iterations: 6
Director: Called wrapup().
23 ms. Memory: 146944K Free: 140708K (96%)
06/18/18 04:14:09
Failed: 0  Total Tests: 8  ((Passed: 8, Newly Passed: 0)  Known Failed: 0) /home/travis/build/icyphy/ptII/ptolemy/domains/sdf/test
No auto/knownFailedTests/*.xml tests in /home/travis/build/icyphy/ptII/ptolemy/domains/sdf/test
No auto/linux-amd64/*.xml tests in /home/travis/build/icyphy/ptII/ptolemy/domains/sdf/test
AutoTests.java: About to close Vertx.
AutoTests.java: Vertx closed.

===========================================================================================
----------------- testing Mon Jun 18 16:14:09 UTC 2018 /home/travis/build/icyphy/ptII/ptolemy/domains/sdf/test/auto/Array.xml
----------------- Instantiating /home/travis/build/icyphy/ptII/ptolemy/domains/sdf/test/auto/Array.xml
26 ms. Memory: 146944K Free: 101428K (69%)
----------------- Invoking toplevel() on ptolemy.moml.MoMLSimpleApplication@7ccc9260
----------------- Done invoking toplevel() on ptolemy.moml.MoMLSimpleApplication@7ccc9260
reloadAllAccessors: .Array

===========================================================================================
----------------- testing Mon Jun 18 16:14:10 UTC 2018 /home/travis/build/icyphy/ptII/ptolemy/domains/sdf/test/auto/Butterfly.xml
----------------- Instantiating /home/travis/build/icyphy/ptII/ptolemy/domains/sdf/test/auto/Butterfly.xml
63 ms. Memory: 146944K Free: 94787K (65%)
----------------- Invoking toplevel() on ptolemy.moml.MoMLSimpleApplication@16c66c6c
----------------- Done invoking toplevel() on ptolemy.moml.MoMLSimpleApplication@16c66c6c
reloadAllAccessors: .Butterfly

===========================================================================================
----------------- testing Mon Jun 18 16:14:10 UTC 2018 /home/travis/build/icyphy/ptII/ptolemy/domains/sdf/test/auto/Expression.xml
----------------- Instantiating /home/travis/build/icyphy/ptII/ptolemy/domains/sdf/test/auto/Expression.xml
45 ms. Memory: 146944K Free: 89201K (61%)
----------------- Invoking toplevel() on ptolemy.moml.MoMLSimpleApplication@66047441
----------------- Done invoking toplevel() on ptolemy.moml.MoMLSimpleApplication@66047441
reloadAllAccessors: .Expression

===========================================================================================
----------------- testing Mon Jun 18 16:14:10 UTC 2018 /home/travis/build/icyphy/ptII/ptolemy/domains/sdf/test/auto/Eye.xml
----------------- Instantiating /home/travis/build/icyphy/ptII/ptolemy/domains/sdf/test/auto/Eye.xml
125 ms. Memory: 146944K Free: 120408K (82%)
----------------- Invoking toplevel() on ptolemy.moml.MoMLSimpleApplication@6a937c24
----------------- Done invoking toplevel() on ptolemy.moml.MoMLSimpleApplication@6a937c24
reloadAllAccessors: .Eye

===========================================================================================
----------------- testing Mon Jun 18 16:14:10 UTC 2018 /home/travis/build/icyphy/ptII/ptolemy/domains/sdf/test/auto/FixFIR.xml
----------------- Instantiating /home/travis/build/icyphy/ptII/ptolemy/domains/sdf/test/auto/FixFIR.xml
148 ms. Memory: 146944K Free: 84007K (57%)
----------------- Invoking toplevel() on ptolemy.moml.MoMLSimpleApplication@33ed5df9
----------------- Done invoking toplevel() on ptolemy.moml.MoMLSimpleApplication@33ed5df9
reloadAllAccessors: .FixFIR

===========================================================================================
----------------- testing Mon Jun 18 16:14:10 UTC 2018 /home/travis/build/icyphy/ptII/ptolemy/domains/sdf/test/auto/FixPoint.xml
----------------- Instantiating /home/travis/build/icyphy/ptII/ptolemy/domains/sdf/test/auto/FixPoint.xml
20 ms. Memory: 146944K Free: 79453K (54%)
----------------- Invoking toplevel() on ptolemy.moml.MoMLSimpleApplication@4812f06b
----------------- Done invoking toplevel() on ptolemy.moml.MoMLSimpleApplication@4812f06b
reloadAllAccessors: .FixPoint

===========================================================================================
----------------- testing Mon Jun 18 16:14:10 UTC 2018 /home/travis/build/icyphy/ptII/ptolemy/domains/sdf/test/auto/Gravitation.xml
----------------- Instantiating /home/travis/build/icyphy/ptII/ptolemy/domains/sdf/test/auto/Gravitation.xml
3170 ms. Memory: 208384K Free: 111350K (53%)
----------------- Invoking toplevel() on ptolemy.moml.MoMLSimpleApplication@245e407c
----------------- Done invoking toplevel() on ptolemy.moml.MoMLSimpleApplication@245e407c
reloadAllAccessors: .Gravitation

===========================================================================================
----------------- testing Mon Jun 18 16:14:14 UTC 2018 /home/travis/build/icyphy/ptII/ptolemy/domains/sdf/test/auto/GravitationWithCollisionDetection.xml
----------------- Instantiating /home/travis/build/icyphy/ptII/ptolemy/domains/sdf/test/auto/GravitationWithCollisionDetection.xml
5947 ms. Memory: 874496K Free: 339586K (39%)
----------------- Invoking toplevel() on ptolemy.moml.MoMLSimpleApplication@1f4c3f1a
----------------- Done invoking toplevel() on ptolemy.moml.MoMLSimpleApplication@1f4c3f1a
reloadAllAccessors: .GravitationWithCollisionDetection

===========================================================================================
----------------- testing Mon Jun 18 16:14:20 UTC 2018 /home/travis/build/icyphy/ptII/ptolemy/domains/sdf/test/auto/HDF.xml
----------------- Instantiating /home/travis/build/icyphy/ptII/ptolemy/domains/sdf/test/auto/HDF.xml
45 ms. Memory: 874496K Free: 306408K (35%)
----------------- Invoking toplevel() on ptolemy.moml.MoMLSimpleApplication@5bc567b3
----------------- Done invoking toplevel() on ptolemy.moml.MoMLSimpleApplication@5bc567b3
reloadAllAccessors: .HDF

===========================================================================================
----------------- testing Mon Jun 18 16:14:20 UTC 2018 /home/travis/build/icyphy/ptII/ptolemy/domains/sdf/test/auto/HDFwithTransientStates.xml
----------------- Instantiating /home/travis/build/icyphy/ptII/ptolemy/domains/sdf/test/auto/HDFwithTransientStates.xml
20 ms. Memory: 874496K Free: 282830K (32%)
----------------- Invoking toplevel() on ptolemy.moml.MoMLSimpleApplication@7139a9dd
----------------- Done invoking toplevel() on ptolemy.moml.MoMLSimpleApplication@7139a9dd
reloadAllAccessors: .HDFwithTransientStates

===========================================================================================
----------------- testing Mon Jun 18 16:14:20 UTC 2018 /home/travis/build/icyphy/ptII/ptolemy/domains/sdf/test/auto/HTVQ.xml
----------------- Instantiating /home/travis/build/icyphy/ptII/ptolemy/domains/sdf/test/auto/HTVQ.xml
795 ms. Memory: 874496K Free: 109910K (13%)
----------------- Invoking toplevel() on ptolemy.moml.MoMLSimpleApplication@115e6509
----------------- Done invoking toplevel() on ptolemy.moml.MoMLSimpleApplication@115e6509
reloadAllAccessors: .HTVQ

===========================================================================================
----------------- testing Mon Jun 18 16:14:21 UTC 2018 /home/travis/build/icyphy/ptII/ptolemy/domains/sdf/test/auto/InferInitProduction.xml
----------------- Instantiating /home/travis/build/icyphy/ptII/ptolemy/domains/sdf/test/auto/InferInitProduction.xml
7 ms. Memory: 874496K Free: 94192K (11%)
----------------- Invoking toplevel() on ptolemy.moml.MoMLSimpleApplication@2f4861f5
----------------- Done invoking toplevel() on ptolemy.moml.MoMLSimpleApplication@2f4861f5
reloadAllAccessors: .InferInitProduction

===========================================================================================
----------------- testing Mon Jun 18 16:14:21 UTC 2018 /home/travis/build/icyphy/ptII/ptolemy/domains/sdf/test/auto/InferInitProductionDeeper.xml
----------------- Instantiating /home/travis/build/icyphy/ptII/ptolemy/domains/sdf/test/auto/InferInitProductionDeeper.xml
7 ms. Memory: 874496K Free: 78474K (9%)
----------------- Invoking toplevel() on ptolemy.moml.MoMLSimpleApplication@1bc38429
----------------- Done invoking toplevel() on ptolemy.moml.MoMLSimpleApplication@1bc38429
reloadAllAccessors: .InferInitProductionDeeper

===========================================================================================
----------------- testing Mon Jun 18 16:14:21 UTC 2018 /home/travis/build/icyphy/ptII/ptolemy/domains/sdf/test/auto/LMSAdaptive.xml
----------------- Instantiating /home/travis/build/icyphy/ptII/ptolemy/domains/sdf/test/auto/LMSAdaptive.xml
19 ms. Memory: 875008K Free: 848980K (97%)
----------------- Invoking toplevel() on ptolemy.moml.MoMLSimpleApplication@2ed3e997
----------------- Done invoking toplevel() on ptolemy.moml.MoMLSimpleApplication@2ed3e997
reloadAllAccessors: .LMSAdaptive

===========================================================================================
----------------- testing Mon Jun 18 16:14:21 UTC 2018 /home/travis/build/icyphy/ptII/ptolemy/domains/sdf/test/auto/LogisticMap.xml
----------------- Instantiating /home/travis/build/icyphy/ptII/ptolemy/domains/sdf/test/auto/LogisticMap.xml
434 ms. Memory: 875008K Free: 835371K (95%)
----------------- Invoking toplevel() on ptolemy.moml.MoMLSimpleApplication@561b2d7f
----------------- Done invoking toplevel() on ptolemy.moml.MoMLSimpleApplication@561b2d7f
reloadAllAccessors: .LogisticMap

===========================================================================================
----------------- testing Mon Jun 18 16:14:21 UTC 2018 /home/travis/build/icyphy/ptII/ptolemy/domains/sdf/test/auto/MaximumEntropySpectrum.xml
----------------- Instantiating /home/travis/build/icyphy/ptII/ptolemy/domains/sdf/test/auto/MaximumEntropySpectrum.xml
68 ms. Memory: 875008K Free: 767161K (88%)
----------------- Invoking toplevel() on ptolemy.moml.MoMLSimpleApplication@19f43b2d
----------------- Done invoking toplevel() on ptolemy.moml.MoMLSimpleApplication@19f43b2d
reloadAllAccessors: .MaximumEntropySpectrum

===========================================================================================
----------------- testing Mon Jun 18 16:14:22 UTC 2018 /home/travis/build/icyphy/ptII/ptolemy/domains/sdf/test/auto/MultirateSDF.xml
----------------- Instantiating /home/travis/build/icyphy/ptII/ptolemy/domains/sdf/test/auto/MultirateSDF.xml
21 ms. Memory: 875008K Free: 746187K (85%)
----------------- Invoking toplevel() on ptolemy.moml.MoMLSimpleApplication@1b093f9b
----------------- Done invoking toplevel() on ptolemy.moml.MoMLSimpleApplication@1b093f9b
reloadAllAccessors: .MultirateSDF

===========================================================================================
----------------- testing Mon Jun 18 16:14:22 UTC 2018 /home/travis/build/icyphy/ptII/ptolemy/domains/sdf/test/auto/MultirateSDFwithTransientStates.xml
----------------- Instantiating /home/travis/build/icyphy/ptII/ptolemy/domains/sdf/test/auto/MultirateSDFwithTransientStates.xml
19 ms. Memory: 875008K Free: 725213K (83%)
----------------- Invoking toplevel() on ptolemy.moml.MoMLSimpleApplication@6790eafb
----------------- Done invoking toplevel() on ptolemy.moml.MoMLSimpleApplication@6790eafb
reloadAllAccessors: .MultirateSDFwithTransientStates

===========================================================================================
----------------- testing Mon Jun 18 16:14:22 UTC 2018 /home/travis/build/icyphy/ptII/ptolemy/domains/sdf/test/auto/NoisySinewave.xml
----------------- Instantiating /home/travis/build/icyphy/ptII/ptolemy/domains/sdf/test/auto/NoisySinewave.xml
13 ms. Memory: 875008K Free: 704223K (80%)
----------------- Invoking toplevel() on ptolemy.moml.MoMLSimpleApplication@42c80145
----------------- Done invoking toplevel() on ptolemy.moml.MoMLSimpleApplication@42c80145
reloadAllAccessors: .NoisySinewave

===========================================================================================
----------------- testing Mon Jun 18 16:14:22 UTC 2018 /home/travis/build/icyphy/ptII/ptolemy/domains/sdf/test/auto/Objects.xml
----------------- Instantiating /home/travis/build/icyphy/ptII/ptolemy/domains/sdf/test/auto/Objects.xml
5 ms. Memory: 875008K Free: 688497K (79%)
----------------- Invoking toplevel() on ptolemy.moml.MoMLSimpleApplication@24f57c34
----------------- Done invoking toplevel() on ptolemy.moml.MoMLSimpleApplication@24f57c34
reloadAllAccessors: .Objects

===========================================================================================
----------------- testing Mon Jun 18 16:14:22 UTC 2018 /home/travis/build/icyphy/ptII/ptolemy/domains/sdf/test/auto/OrthogonalCom.xml
----------------- Instantiating /home/travis/build/icyphy/ptII/ptolemy/domains/sdf/test/auto/OrthogonalCom.xml
6 ms. Memory: 875008K Free: 672770K (77%)
----------------- Invoking toplevel() on ptolemy.moml.MoMLSimpleApplication@48f5d899
----------------- Done invoking toplevel() on ptolemy.moml.MoMLSimpleApplication@48f5d899
reloadAllAccessors: .OrthogonalCom

===========================================================================================
----------------- testing Mon Jun 18 16:14:22 UTC 2018 /home/travis/build/icyphy/ptII/ptolemy/domains/sdf/test/auto/RijndaelEncryption.xml
----------------- Instantiating /home/travis/build/icyphy/ptII/ptolemy/domains/sdf/test/auto/RijndaelEncryption.xml
266 ms. Memory: 875008K Free: 510130K (58%)
----------------- Invoking toplevel() on ptolemy.moml.MoMLSimpleApplication@bc504d5
----------------- Done invoking toplevel() on ptolemy.moml.MoMLSimpleApplication@bc504d5
reloadAllAccessors: .RijndaelEncryption

===========================================================================================
----------------- testing Mon Jun 18 16:14:23 UTC 2018 /home/travis/build/icyphy/ptII/ptolemy/domains/sdf/test/auto/SDFEmptyIterations.xml
----------------- Instantiating /home/travis/build/icyphy/ptII/ptolemy/domains/sdf/test/auto/SDFEmptyIterations.xml
4 ms. Memory: 875008K Free: 499651K (57%)
----------------- Invoking toplevel() on ptolemy.moml.MoMLSimpleApplication@7d6ea684
----------------- Done invoking toplevel() on ptolemy.moml.MoMLSimpleApplication@7d6ea684
reloadAllAccessors: .SDFEmptyIterations

===========================================================================================
----------------- testing Mon Jun 18 16:14:23 UTC 2018 /home/travis/build/icyphy/ptII/ptolemy/domains/sdf/test/auto/Spectrum.xml
----------------- Instantiating /home/travis/build/icyphy/ptII/ptolemy/domains/sdf/test/auto/Spectrum.xml
22 ms. Memory: 875008K Free: 475547K (54%)
----------------- Invoking toplevel() on ptolemy.moml.MoMLSimpleApplication@36424ab7
----------------- Done invoking toplevel() on ptolemy.moml.MoMLSimpleApplication@36424ab7
reloadAllAccessors: .Spectrum

===========================================================================================
----------------- testing Mon Jun 18 16:14:23 UTC 2018 /home/travis/build/icyphy/ptII/ptolemy/domains/sdf/test/auto/de_inside_sdf.xml
----------------- Instantiating /home/travis/build/icyphy/ptII/ptolemy/domains/sdf/test/auto/de_inside_sdf.xml
9 ms. Memory: 875008K Free: 465068K (53%)
----------------- Invoking toplevel() on ptolemy.moml.MoMLSimpleApplication@1d8a9219
----------------- Done invoking toplevel() on ptolemy.moml.MoMLSimpleApplication@1d8a9219
reloadAllAccessors: .de_inside_sdf

===========================================================================================
----------------- testing Mon Jun 18 16:14:23 UTC 2018 /home/travis/build/icyphy/ptII/ptolemy/domains/sdf/test/auto/disconnectedHierarchicalSDF.xml
----------------- Instantiating /home/travis/build/icyphy/ptII/ptolemy/domains/sdf/test/auto/disconnectedHierarchicalSDF.xml
4 ms. Memory: 875008K Free: 454589K (52%)
----------------- Invoking toplevel() on ptolemy.moml.MoMLSimpleApplication@79e545b8
----------------- Done invoking toplevel() on ptolemy.moml.MoMLSimpleApplication@79e545b8
reloadAllAccessors: .disconnectedHierarchicalSDF

===========================================================================================
----------------- testing Mon Jun 18 16:14:23 UTC 2018 /home/travis/build/icyphy/ptII/ptolemy/domains/sdf/test/auto/disconnectedSDF.xml
----------------- Instantiating /home/travis/build/icyphy/ptII/ptolemy/domains/sdf/test/auto/disconnectedSDF.xml
2 ms. Memory: 875008K Free: 444110K (51%)
----------------- Invoking toplevel() on ptolemy.moml.MoMLSimpleApplication@4343e7f4
----------------- Done invoking toplevel() on ptolemy.moml.MoMLSimpleApplication@4343e7f4
reloadAllAccessors: .disconnectedSDF

===========================================================================================
----------------- testing Mon Jun 18 16:14:23 UTC 2018 /home/travis/build/icyphy/ptII/ptolemy/domains/sdf/test/auto/emptyRefinement.xml
----------------- Instantiating /home/travis/build/icyphy/ptII/ptolemy/domains/sdf/test/auto/emptyRefinement.xml
3 ms. Memory: 875008K Free: 433631K (50%)
----------------- Invoking toplevel() on ptolemy.moml.MoMLSimpleApplication@2e3c9541
----------------- Done invoking toplevel() on ptolemy.moml.MoMLSimpleApplication@2e3c9541
reloadAllAccessors: .emptyRefinement

===========================================================================================
----------------- testing Mon Jun 18 16:14:23 UTC 2018 /home/travis/build/icyphy/ptII/ptolemy/domains/sdf/test/auto/filePortParameter.xml
----------------- Instantiating /home/travis/build/icyphy/ptII/ptolemy/domains/sdf/test/auto/filePortParameter.xml
11 ms. Memory: 875008K Free: 417897K (48%)
----------------- Invoking toplevel() on ptolemy.moml.MoMLSimpleApplication@55a64f26
----------------- Done invoking toplevel() on ptolemy.moml.MoMLSimpleApplication@55a64f26
reloadAllAccessors: .filePortParameter

===========================================================================================
----------------- testing Mon Jun 18 16:14:23 UTC 2018 /home/travis/build/icyphy/ptII/ptolemy/domains/sdf/test/auto/inferRelationWidth1.xml
----------------- Instantiating /home/travis/build/icyphy/ptII/ptolemy/domains/sdf/test/auto/inferRelationWidth1.xml
3 ms. Memory: 875008K Free: 407418K (47%)
----------------- Invoking toplevel() on ptolemy.moml.MoMLSimpleApplication@7a92d2c1
----------------- Done invoking toplevel() on ptolemy.moml.MoMLSimpleApplication@7a92d2c1
reloadAllAccessors: .inferRelationWidth1

===========================================================================================
----------------- testing Mon Jun 18 16:14:23 UTC 2018 /home/travis/build/icyphy/ptII/ptolemy/domains/sdf/test/auto/initProductionInference.xml
----------------- Instantiating /home/travis/build/icyphy/ptII/ptolemy/domains/sdf/test/auto/initProductionInference.xml
8 ms. Memory: 875008K Free: 396939K (45%)
----------------- Invoking toplevel() on ptolemy.moml.MoMLSimpleApplication@44687acb
----------------- Done invoking toplevel() on ptolemy.moml.MoMLSimpleApplication@44687acb
reloadAllAccessors: .initProductionInference

===========================================================================================
----------------- testing Mon Jun 18 16:14:23 UTC 2018 /home/travis/build/icyphy/ptII/ptolemy/domains/sdf/test/auto/relationGroup.xml
----------------- Instantiating /home/travis/build/icyphy/ptII/ptolemy/domains/sdf/test/auto/relationGroup.xml
2 ms. Memory: 875008K Free: 386460K (44%)
----------------- Invoking toplevel() on ptolemy.moml.MoMLSimpleApplication@763c5e54
----------------- Done invoking toplevel() on ptolemy.moml.MoMLSimpleApplication@763c5e54
reloadAllAccessors: .relationGroup

===========================================================================================
----------------- testing Mon Jun 18 16:14:23 UTC 2018 /home/travis/build/icyphy/ptII/ptolemy/domains/sdf/test/auto/relationGroup10.xml
----------------- Instantiating /home/travis/build/icyphy/ptII/ptolemy/domains/sdf/test/auto/relationGroup10.xml
2 ms. Memory: 875008K Free: 372851K (43%)
----------------- Invoking toplevel() on ptolemy.moml.MoMLSimpleApplication@ce69436
----------------- Done invoking toplevel() on ptolemy.moml.MoMLSimpleApplication@ce69436
reloadAllAccessors: .relationGroup10

===========================================================================================
----------------- testing Mon Jun 18 16:14:23 UTC 2018 /home/travis/build/icyphy/ptII/ptolemy/domains/sdf/test/auto/relationGroup11.xml
----------------- Instantiating /home/travis/build/icyphy/ptII/ptolemy/domains/sdf/test/auto/relationGroup11.xml
2 ms. Memory: 875008K Free: 362372K (41%)
----------------- Invoking toplevel() on ptolemy.moml.MoMLSimpleApplication@87120c1
----------------- Done invoking toplevel() on ptolemy.moml.MoMLSimpleApplication@87120c1
reloadAllAccessors: .relationGroup11

===========================================================================================
----------------- testing Mon Jun 18 16:14:23 UTC 2018 /home/travis/build/icyphy/ptII/ptolemy/domains/sdf/test/auto/relationGroup12.xml
----------------- Instantiating /home/travis/build/icyphy/ptII/ptolemy/domains/sdf/test/auto/relationGroup12.xml
2 ms. Memory: 875008K Free: 351893K (40%)
----------------- Invoking toplevel() on ptolemy.moml.MoMLSimpleApplication@47344b5
----------------- Done invoking toplevel() on ptolemy.moml.MoMLSimpleApplication@47344b5
reloadAllAccessors: .relationGroup12

===========================================================================================
----------------- testing Mon Jun 18 16:14:23 UTC 2018 /home/travis/build/icyphy/ptII/ptolemy/domains/sdf/test/auto/relationGroup13.xml
----------------- Instantiating /home/travis/build/icyphy/ptII/ptolemy/domains/sdf/test/auto/relationGroup13.xml
3 ms. Memory: 875008K Free: 341414K (39%)
----------------- Invoking toplevel() on ptolemy.moml.MoMLSimpleApplication@3d97f80e
----------------- Done invoking toplevel() on ptolemy.moml.MoMLSimpleApplication@3d97f80e
reloadAllAccessors: .relationGroup13

===========================================================================================
----------------- testing Mon Jun 18 16:14:23 UTC 2018 /home/travis/build/icyphy/ptII/ptolemy/domains/sdf/test/auto/relationGroup14.xml
----------------- Instantiating /home/travis/build/icyphy/ptII/ptolemy/domains/sdf/test/auto/relationGroup14.xml
4 ms. Memory: 875008K Free: 330935K (38%)
----------------- Invoking toplevel() on ptolemy.moml.MoMLSimpleApplication@3924f7e0
----------------- Done invoking toplevel() on ptolemy.moml.MoMLSimpleApplication@3924f7e0
reloadAllAccessors: .relationGroup14

===========================================================================================
----------------- testing Mon Jun 18 16:14:23 UTC 2018 /home/travis/build/icyphy/ptII/ptolemy/domains/sdf/test/auto/relationGroup15.xml
----------------- Instantiating /home/travis/build/icyphy/ptII/ptolemy/domains/sdf/test/auto/relationGroup15.xml
2 ms. Memory: 875008K Free: 320456K (37%)
----------------- Invoking toplevel() on ptolemy.moml.MoMLSimpleApplication@52d93423
----------------- Done invoking toplevel() on ptolemy.moml.MoMLSimpleApplication@52d93423
reloadAllAccessors: .relationGroup15

===========================================================================================
----------------- testing Mon Jun 18 16:14:23 UTC 2018 /home/travis/build/icyphy/ptII/ptolemy/domains/sdf/test/auto/relationGroup2.xml
----------------- Instantiating /home/travis/build/icyphy/ptII/ptolemy/domains/sdf/test/auto/relationGroup2.xml
2 ms. Memory: 875008K Free: 309977K (35%)
----------------- Invoking toplevel() on ptolemy.moml.MoMLSimpleApplication@7e573cc1
----------------- Done invoking toplevel() on ptolemy.moml.MoMLSimpleApplication@7e573cc1
reloadAllAccessors: .relationGroup2

===========================================================================================
----------------- testing Mon Jun 18 16:14:23 UTC 2018 /home/travis/build/icyphy/ptII/ptolemy/domains/sdf/test/auto/relationGroup3.xml
----------------- Instantiating /home/travis/build/icyphy/ptII/ptolemy/domains/sdf/test/auto/relationGroup3.xml
2 ms. Memory: 875008K Free: 299498K (34%)
----------------- Invoking toplevel() on ptolemy.moml.MoMLSimpleApplication@5d03915a
----------------- Done invoking toplevel() on ptolemy.moml.MoMLSimpleApplication@5d03915a
reloadAllAccessors: .relationGroup3

===========================================================================================
----------------- testing Mon Jun 18 16:14:23 UTC 2018 /home/travis/build/icyphy/ptII/ptolemy/domains/sdf/test/auto/relationGroup4.xml
----------------- Instantiating /home/travis/build/icyphy/ptII/ptolemy/domains/sdf/test/auto/relationGroup4.xml
2 ms. Memory: 875008K Free: 289019K (33%)
----------------- Invoking toplevel() on ptolemy.moml.MoMLSimpleApplication@7816d317
----------------- Done invoking toplevel() on ptolemy.moml.MoMLSimpleApplication@7816d317
reloadAllAccessors: .relationGroup4

===========================================================================================
----------------- testing Mon Jun 18 16:14:23 UTC 2018 /home/travis/build/icyphy/ptII/ptolemy/domains/sdf/test/auto/relationGroup5.xml
----------------- Instantiating /home/travis/build/icyphy/ptII/ptolemy/domains/sdf/test/auto/relationGroup5.xml
2 ms. Memory: 875008K Free: 275410K (31%)
----------------- Invoking toplevel() on ptolemy.moml.MoMLSimpleApplication@6e9adf5b
----------------- Done invoking toplevel() on ptolemy.moml.MoMLSimpleApplication@6e9adf5b
reloadAllAccessors: .relationGroup5

===========================================================================================
----------------- testing Mon Jun 18 16:14:23 UTC 2018 /home/travis/build/icyphy/ptII/ptolemy/domains/sdf/test/auto/relationGroup6.xml
----------------- Instantiating /home/travis/build/icyphy/ptII/ptolemy/domains/sdf/test/auto/relationGroup6.xml
4 ms. Memory: 875008K Free: 264931K (30%)
----------------- Invoking toplevel() on ptolemy.moml.MoMLSimpleApplication@378c4d46
----------------- Done invoking toplevel() on ptolemy.moml.MoMLSimpleApplication@378c4d46
reloadAllAccessors: .relationGroup6

===========================================================================================
----------------- testing Mon Jun 18 16:14:23 UTC 2018 /home/travis/build/icyphy/ptII/ptolemy/domains/sdf/test/auto/relationGroup7.xml
----------------- Instantiating /home/travis/build/icyphy/ptII/ptolemy/domains/sdf/test/auto/relationGroup7.xml
2 ms. Memory: 875008K Free: 254452K (29%)
----------------- Invoking toplevel() on ptolemy.moml.MoMLSimpleApplication@2210b1ce
----------------- Done invoking toplevel() on ptolemy.moml.MoMLSimpleApplication@2210b1ce
reloadAllAccessors: .relationGroup7

===========================================================================================
----------------- testing Mon Jun 18 16:14:23 UTC 2018 /home/travis/build/icyphy/ptII/ptolemy/domains/sdf/test/auto/relationGroup8.xml
----------------- Instantiating /home/travis/build/icyphy/ptII/ptolemy/domains/sdf/test/auto/relationGroup8.xml
2 ms. Memory: 875008K Free: 243973K (28%)
----------------- Invoking toplevel() on ptolemy.moml.MoMLSimpleApplication@5eeb4e04
----------------- Done invoking toplevel() on ptolemy.moml.MoMLSimpleApplication@5eeb4e04
reloadAllAccessors: .relationGroup8

===========================================================================================
----------------- testing Mon Jun 18 16:14:23 UTC 2018 /home/travis/build/icyphy/ptII/ptolemy/domains/sdf/test/auto/relationGroup9.xml
----------------- Instantiating /home/travis/build/icyphy/ptII/ptolemy/domains/sdf/test/auto/relationGroup9.xml
2 ms. Memory: 875008K Free: 233494K (27%)
----------------- Invoking toplevel() on ptolemy.moml.MoMLSimpleApplication@2bf525e9
----------------- Done invoking toplevel() on ptolemy.moml.MoMLSimpleApplication@2bf525e9
reloadAllAccessors: .relationGroup9

===========================================================================================
----------------- testing Mon Jun 18 16:14:23 UTC 2018 /home/travis/build/icyphy/ptII/ptolemy/domains/sdf/test/auto/sdf_inside_de.xml
----------------- Instantiating /home/travis/build/icyphy/ptII/ptolemy/domains/sdf/test/auto/sdf_inside_de.xml
19 ms. Memory: 875008K Free: 217760K (25%)
----------------- Invoking toplevel() on ptolemy.moml.MoMLSimpleApplication@6455e456
----------------- Done invoking toplevel() on ptolemy.moml.MoMLSimpleApplication@6455e456
reloadAllAccessors: .sdf_inside_de

===========================================================================================
----------------- testing Mon Jun 18 16:14:23 UTC 2018 /home/travis/build/icyphy/ptII/ptolemy/domains/sdf/test/auto/sdf_inside_pn.xml
----------------- Instantiating /home/travis/build/icyphy/ptII/ptolemy/domains/sdf/test/auto/sdf_inside_pn.xml
45 ms. Memory: 875008K Free: 175843K (20%)
----------------- Invoking toplevel() on ptolemy.moml.MoMLSimpleApplication@e0641ad
----------------- Done invoking toplevel() on ptolemy.moml.MoMLSimpleApplication@e0641ad
reloadAllAccessors: .sdf_inside_pn

===========================================================================================
----------------- testing Mon Jun 18 16:14:23 UTC 2018 /home/travis/build/icyphy/ptII/ptolemy/domains/sdf/test/auto/sdf_sdf1.xml
----------------- Instantiating /home/travis/build/icyphy/ptII/ptolemy/domains/sdf/test/auto/sdf_sdf1.xml
3 ms. Memory: 875008K Free: 165364K (19%)
----------------- Invoking toplevel() on ptolemy.moml.MoMLSimpleApplication@66dfc9cf
----------------- Done invoking toplevel() on ptolemy.moml.MoMLSimpleApplication@66dfc9cf
reloadAllAccessors: .sdf_sdf1

===========================================================================================
----------------- testing Mon Jun 18 16:14:23 UTC 2018 /home/travis/build/icyphy/ptII/ptolemy/domains/sdf/test/auto/test1.xml
----------------- Instantiating /home/travis/build/icyphy/ptII/ptolemy/domains/sdf/test/auto/test1.xml
2 ms. Memory: 875008K Free: 154885K (18%)
----------------- Invoking toplevel() on ptolemy.moml.MoMLSimpleApplication@33d4f9cc
----------------- Done invoking toplevel() on ptolemy.moml.MoMLSimpleApplication@33d4f9cc
reloadAllAccessors: .test1

===========================================================================================
----------------- testing Mon Jun 18 16:14:23 UTC 2018 /home/travis/build/icyphy/ptII/ptolemy/domains/sdf/test/auto/time1.xml
----------------- Instantiating /home/travis/build/icyphy/ptII/ptolemy/domains/sdf/test/auto/time1.xml
1 ms. Memory: 875008K Free: 141276K (16%)
----------------- Invoking toplevel() on ptolemy.moml.MoMLSimpleApplication@167907cb
----------------- Done invoking toplevel() on ptolemy.moml.MoMLSimpleApplication@167907cb
reloadAllAccessors: .time1

===========================================================================================
----------------- testing Mon Jun 18 16:14:23 UTC 2018 /home/travis/build/icyphy/ptII/ptolemy/domains/sdf/test/auto/time2.xml
----------------- Instantiating /home/travis/build/icyphy/ptII/ptolemy/domains/sdf/test/auto/time2.xml
2 ms. Memory: 875008K Free: 130797K (15%)
----------------- Invoking toplevel() on ptolemy.moml.MoMLSimpleApplication@202d5aed
----------------- Done invoking toplevel() on ptolemy.moml.MoMLSimpleApplication@202d5aed
reloadAllAccessors: .time2

===========================================================================================
----------------- testing Mon Jun 18 16:14:23 UTC 2018 /home/travis/build/icyphy/ptII/ptolemy/domains/sdf/test/auto/time3.xml
----------------- Instantiating /home/travis/build/icyphy/ptII/ptolemy/domains/sdf/test/auto/time3.xml
7 ms. Memory: 875008K Free: 120318K (14%)
----------------- Invoking toplevel() on ptolemy.moml.MoMLSimpleApplication@22e8d40d
----------------- Done invoking toplevel() on ptolemy.moml.MoMLSimpleApplication@22e8d40d
reloadAllAccessors: .time3

===========================================================================================
----------------- testing Mon Jun 18 16:14:23 UTC 2018 /home/travis/build/icyphy/ptII/ptolemy/domains/sdf/test/auto/time4.xml
----------------- Instantiating /home/travis/build/icyphy/ptII/ptolemy/domains/sdf/test/auto/time4.xml
6 ms. Memory: 875008K Free: 109839K (13%)
----------------- Invoking toplevel() on ptolemy.moml.MoMLSimpleApplication@72801856
----------------- Done invoking toplevel() on ptolemy.moml.MoMLSimpleApplication@72801856
reloadAllAccessors: .time4

===========================================================================================
----------------- testing Mon Jun 18 16:14:23 UTC 2018 /home/travis/build/icyphy/ptII/ptolemy/domains/sdf/test/auto/time5.xml
----------------- Instantiating /home/travis/build/icyphy/ptII/ptolemy/domains/sdf/test/auto/time5.xml
4003 ms. Memory: 875008K Free: 99360K (11%)
----------------- Invoking toplevel() on ptolemy.moml.MoMLSimpleApplication@4a91f3a9
----------------- Done invoking toplevel() on ptolemy.moml.MoMLSimpleApplication@4a91f3a9
reloadAllAccessors: .time5

===========================================================================================
----------------- testing Mon Jun 18 16:14:27 UTC 2018 /home/travis/build/icyphy/ptII/ptolemy/domains/sdf/test/auto/typeSystem_Const_Integer_smallest_Type.xml
----------------- Instantiating /home/travis/build/icyphy/ptII/ptolemy/domains/sdf/test/auto/typeSystem_Const_Integer_smallest_Type.xml
5 ms. Memory: 875008K Free: 88881K (10%)
----------------- Invoking toplevel() on ptolemy.moml.MoMLSimpleApplication@569e554d
----------------- Done invoking toplevel() on ptolemy.moml.MoMLSimpleApplication@569e554d
reloadAllAccessors: .typeSystem_Const_Integer_smallest_Type

===========================================================================================
----------------- testing Mon Jun 18 16:14:27 UTC 2018 /home/travis/build/icyphy/ptII/ptolemy/domains/sdf/test/auto/typeSystem_declared_Inports_OutportTypeException.xml
----------------- Instantiating /home/travis/build/icyphy/ptII/ptolemy/domains/sdf/test/auto/typeSystem_declared_Inports_OutportTypeException.xml
.typeSystem_declared_Inports_OutportTypeException.TestExceptionAttribute: initialize() was not invoked, but wrapup() was.  This is unusual, but not always a problem.  For example, exporting JNLP will do this.
2 ms. Memory: 875008K Free: 78402K (9%)
----------------- Invoking toplevel() on ptolemy.moml.MoMLSimpleApplication@7f298f7d
----------------- Done invoking toplevel() on ptolemy.moml.MoMLSimpleApplication@7f298f7d
reloadAllAccessors: .typeSystem_declared_Inports_OutportTypeException

===========================================================================================
----------------- testing Mon Jun 18 16:14:27 UTC 2018 /home/travis/build/icyphy/ptII/ptolemy/domains/sdf/test/auto/typeSystem_oneDeclaredInportType_wrongTypeOutport.xml
----------------- Instantiating /home/travis/build/icyphy/ptII/ptolemy/domains/sdf/test/auto/typeSystem_oneDeclaredInportType_wrongTypeOutport.xml
3 ms. Memory: 831488K Free: 810246K (97%)
----------------- Invoking toplevel() on ptolemy.moml.MoMLSimpleApplication@270f7e95
----------------- Done invoking toplevel() on ptolemy.moml.MoMLSimpleApplication@270f7e95
reloadAllAccessors: .typeSystem_oneDeclaredInportType_wrongTypeOutport

===========================================================================================
----------------- testing Mon Jun 18 16:14:27 UTC 2018 /home/travis/build/icyphy/ptII/ptolemy/domains/sdf/test/auto/width.xml
----------------- Instantiating /home/travis/build/icyphy/ptII/ptolemy/domains/sdf/test/auto/width.xml
1 ms. Memory: 831488K Free: 798231K (96%)
----------------- Invoking toplevel() on ptolemy.moml.MoMLSimpleApplication@26005f13
----------------- Done invoking toplevel() on ptolemy.moml.MoMLSimpleApplication@26005f13
reloadAllAccessors: .width

===========================================================================================
----------------- testing Mon Jun 18 16:14:27 UTC 2018 /home/travis/build/icyphy/ptII/ptolemy/domains/sdf/test/auto/width2.xml
----------------- Instantiating /home/travis/build/icyphy/ptII/ptolemy/domains/sdf/test/auto/width2.xml
28 ms. Memory: 831488K Free: 788251K (95%)
----------------- Invoking toplevel() on ptolemy.moml.MoMLSimpleApplication@225eeead
----------------- Done invoking toplevel() on ptolemy.moml.MoMLSimpleApplication@225eeead
reloadAllAccessors: .width2

===========================================================================================
----------------- testing Mon Jun 18 16:14:27 UTC 2018 /home/travis/build/icyphy/ptII/ptolemy/domains/sdf/test/auto/width3.xml
----------------- Instantiating /home/travis/build/icyphy/ptII/ptolemy/domains/sdf/test/auto/width3.xml
27 ms. Memory: 831488K Free: 778031K (94%)
----------------- Invoking toplevel() on ptolemy.moml.MoMLSimpleApplication@2475b6d7
----------------- Done invoking toplevel() on ptolemy.moml.MoMLSimpleApplication@2475b6d7
reloadAllAccessors: .width3
AutoTests.java: About to close Vertx.
AutoTests.java: Vertx closed.
]]></system-out>
  <system-err><![CDATA[java.lang.RuntimeException: Execution failed
	at ptolemy.moml.MoMLSimpleApplication$UnloadThread.run(MoMLSimpleApplication.java:402)
Caused by: ptolemy.actor.sched.NotSchedulableException: No solution exists for the balance equations.
Graph is not consistent under the SDF domain detected on external port .rateConsistency.actor.port2
  in .rateConsistency.SDF Director.Scheduler
	at ptolemy.domains.sdf.kernel.SDFScheduler._propagatePort(SDFScheduler.java:1425)
	at ptolemy.domains.sdf.kernel.SDFScheduler._solveBalanceEquations(SDFScheduler.java:710)
	at ptolemy.domains.sdf.kernel.SDFScheduler._getSchedule(SDFScheduler.java:566)
	at ptolemy.actor.sched.Scheduler.getSchedule(Scheduler.java:189)
	at ptolemy.domains.sdf.kernel.SDFDirector.createSchedule(SDFDirector.java:408)
	at ptolemy.domains.sdf.kernel.SDFDirector.preinitialize(SDFDirector.java:764)
	at ptolemy.actor.CompositeActor.preinitialize(CompositeActor.java:1828)
	at ptolemy.actor.Manager.preinitializeAndResolveTypes(Manager.java:1040)
	at ptolemy.actor.Manager.initialize(Manager.java:710)
	at ptolemy.actor.Manager.execute(Manager.java:356)
	at ptolemy.actor.Manager.run(Manager.java:1263)
	at ptolemy.actor.Manager$PtolemyRunThread.run(Manager.java:1915)
java.lang.RuntimeException: Execution failed
	at ptolemy.moml.MoMLSimpleApplication$UnloadThread.run(MoMLSimpleApplication.java:402)
Caused by: ptolemy.kernel.util.IllegalActionException: Failed to compute schedule:
  in .badRateChanges.typed composite actor.SDF Director
Because:
The SDF rate parameter may change. This is not allowed in SDF models that will be run through the code generator.  If you don't care about code generation, then you might consider setting the allowRateChanges parameter of the SDF director to false.
  in .badRateChanges.typed composite actor.Repeat.output.tokenProductionRate
	at ptolemy.domains.sdf.kernel.SDFDirector.createSchedule(SDFDirector.java:418)
	at ptolemy.domains.sdf.kernel.SDFDirector.preinitialize(SDFDirector.java:764)
	at ptolemy.actor.CompositeActor.preinitialize(CompositeActor.java:1828)
	at ptolemy.actor.Director.preinitialize(Director.java:1302)
	at ptolemy.actor.Director.preinitialize(Director.java:1257)
	at ptolemy.domains.sdf.kernel.SDFDirector.preinitialize(SDFDirector.java:763)
	at ptolemy.actor.CompositeActor.preinitialize(CompositeActor.java:1828)
	at ptolemy.actor.Manager.preinitializeAndResolveTypes(Manager.java:1040)
	at ptolemy.actor.Manager.initialize(Manager.java:710)
	at ptolemy.actor.Manager.execute(Manager.java:356)
	at ptolemy.actor.Manager.run(Manager.java:1263)
	at ptolemy.actor.Manager$PtolemyRunThread.run(Manager.java:1915)
Caused by: ptolemy.kernel.util.IllegalActionException: The SDF rate parameter may change. This is not allowed in SDF models that will be run through the code generator.  If you don't care about code generation, then you might consider setting the allowRateChanges parameter of the SDF director to false.
  in .badRateChanges.typed composite actor.Repeat.output.tokenProductionRate
	at ptolemy.domains.sdf.kernel.SDFScheduler._assertDynamicRateVariable(SDFScheduler.java:931)
	at ptolemy.domains.sdf.kernel.SDFScheduler._checkDynamicRateVariables(SDFScheduler.java:339)
	at ptolemy.domains.sdf.kernel.SDFScheduler._getSchedule(SDFScheduler.java:527)
	at ptolemy.actor.sched.Scheduler.getSchedule(Scheduler.java:189)
	at ptolemy.domains.sdf.kernel.SDFDirector.createSchedule(SDFDirector.java:408)
	... 11 more
java.lang.RuntimeException: Execution failed
	at ptolemy.moml.MoMLSimpleApplication$UnloadThread.run(MoMLSimpleApplication.java:402)
Caused by: ptolemy.kernel.util.IllegalActionException: Failed to compute schedule:
  in .badRateChanges2.typed composite actor.SDF Director
Because:
The SDF rate parameter may change. This is not allowed in SDF models that will be run through the code generator.  If you don't care about code generation, then you might consider setting the allowRateChanges parameter of the SDF director to false.
  in .badRateChanges2.typed composite actor.Repeat.output.tokenProductionRate
	at ptolemy.domains.sdf.kernel.SDFDirector.createSchedule(SDFDirector.java:418)
	at ptolemy.domains.sdf.kernel.SDFDirector.preinitialize(SDFDirector.java:764)
	at ptolemy.actor.CompositeActor.preinitialize(CompositeActor.java:1828)
	at ptolemy.actor.Director.preinitialize(Director.java:1302)
	at ptolemy.actor.Director.preinitialize(Director.java:1257)
	at ptolemy.domains.sdf.kernel.SDFDirector.preinitialize(SDFDirector.java:763)
	at ptolemy.actor.CompositeActor.preinitialize(CompositeActor.java:1828)
	at ptolemy.actor.Manager.preinitializeAndResolveTypes(Manager.java:1040)
	at ptolemy.actor.Manager.initialize(Manager.java:710)
	at ptolemy.actor.Manager.execute(Manager.java:356)
	at ptolemy.actor.Manager.run(Manager.java:1263)
	at ptolemy.actor.Manager$PtolemyRunThread.run(Manager.java:1915)
Caused by: ptolemy.kernel.util.IllegalActionException: The SDF rate parameter may change. This is not allowed in SDF models that will be run through the code generator.  If you don't care about code generation, then you might consider setting the allowRateChanges parameter of the SDF director to false.
  in .badRateChanges2.typed composite actor.Repeat.output.tokenProductionRate
	at ptolemy.domains.sdf.kernel.SDFScheduler._assertDynamicRateVariable(SDFScheduler.java:931)
	at ptolemy.domains.sdf.kernel.SDFScheduler._checkDynamicRateVariables(SDFScheduler.java:339)
	at ptolemy.domains.sdf.kernel.SDFScheduler._getSchedule(SDFScheduler.java:527)
	at ptolemy.actor.sched.Scheduler.getSchedule(Scheduler.java:189)
	at ptolemy.domains.sdf.kernel.SDFDirector.createSchedule(SDFDirector.java:408)
	... 11 more
java.lang.RuntimeException: Execution failed
	at ptolemy.moml.MoMLSimpleApplication$UnloadThread.run(MoMLSimpleApplication.java:402)
Caused by: ptolemy.actor.sched.NotSchedulableException: Actors remain that cannot be scheduled!

There are several possible reasons:
* SDF Graphs with feedback loops should have an actor with a delay in the loop, such as a SampleDelay.
* The SDF director has an "allowDisconnectedGraphs"parameter, which, when true, permits disconnected SDF graphs.
* The token consumption rate and production rates might be mismatched.
Usually, actors produce one token or consume one token on a port.  To produce or consume multiple tokens per firing, add a "tokenConsumptionRate" or "tokenProductionRate" parameter to the appropriate port.
Unscheduled actors:
.partiallyConnected.Const2 
Scheduled actors:
.partiallyConnected.Const 
  in .partiallyConnected.SDF Director.Scheduler
	at ptolemy.domains.sdf.kernel.SDFScheduler._scheduleConnectedActors(SDFScheduler.java:1828)
	at ptolemy.domains.sdf.kernel.SDFScheduler._getSchedule(SDFScheduler.java:587)
	at ptolemy.actor.sched.Scheduler.getSchedule(Scheduler.java:189)
	at ptolemy.domains.sdf.kernel.SDFDirector.createSchedule(SDFDirector.java:408)
	at ptolemy.domains.sdf.kernel.SDFDirector.preinitialize(SDFDirector.java:764)
	at ptolemy.actor.CompositeActor.preinitialize(CompositeActor.java:1828)
	at ptolemy.actor.Manager.preinitializeAndResolveTypes(Manager.java:1040)
	at ptolemy.actor.Manager.initialize(Manager.java:710)
	at ptolemy.actor.Manager.execute(Manager.java:356)
	at ptolemy.actor.Manager.run(Manager.java:1263)
	at ptolemy.actor.Manager$PtolemyRunThread.run(Manager.java:1915)
]]></system-err>
</testsuite>
