<?xml version="1.0" encoding="UTF-8" ?>
<testsuite errors="0" failures="0" hostname="travis-job-e0d204ae-af3e-4508-ab8f-c9f9322a4e51" name="ptolemy.domains.sdf.kernel.test.junit.JUnitTclTest" skipped="0" tests="33" time="4.701" timestamp="2019-10-30T06:27:10">
  <properties>
[...]
</properties>
  <testcase classname="ptolemy.util.test.junit.TclTests" name="[0] /home/travis/build/icyphy/ptII/ptolemy/domains/sdf/kernel/test/ArrayFIFOQueue.tcl (RunTclFile)" time="0.397" />
  <testcase classname="ptolemy.util.test.junit.TclTests" name="[1] /home/travis/build/icyphy/ptII/ptolemy/domains/sdf/kernel/test/SDFCompositeActor.tcl (RunTclFile)" time="0.412" />
  <testcase classname="ptolemy.util.test.junit.TclTests" name="[2] /home/travis/build/icyphy/ptII/ptolemy/domains/sdf/kernel/test/SDFDirector.tcl (RunTclFile)" time="0.451" />
  <testcase classname="ptolemy.util.test.junit.TclTests" name="[3] /home/travis/build/icyphy/ptII/ptolemy/domains/sdf/kernel/test/SDFIOPort.tcl (RunTclFile)" time="0.04" />
  <testcase classname="ptolemy.util.test.junit.TclTests" name="[4] /home/travis/build/icyphy/ptII/ptolemy/domains/sdf/kernel/test/SDFReceiver.tcl (RunTclFile)" time="0.072" />
  <testcase classname="ptolemy.util.test.junit.TclTests" name="[5] /home/travis/build/icyphy/ptII/ptolemy/domains/sdf/kernel/test/SDFScheduler.tcl (RunTclFile)" time="1.152" />
  <testcase classname="ptolemy.util.test.junit.AutoKnownFailedTests" name="[0] /home/travis/build/icyphy/ptII/ptolemy/domains/sdf/kernel/test/auto/knownFailedTests/SDFMultiportCompositeWidthNotSet.xml (RunModel)" time="0.087" />
  <testcase classname="ptolemy.util.test.junit.AutoKnownFailedTests" name="[1] /home/travis/build/icyphy/ptII/ptolemy/domains/sdf/kernel/test/auto/knownFailedTests/tunneling2.xml (RunModel)" time="0.129" />
  <testcase classname="ptolemy.util.test.junit.AutoNameArchTests" name="[0] ThereAreNoAutoArchTests (RunModel)" time="0.002" />
  <testcase classname="ptolemy.util.test.junit.AutoTests" name="[0] /home/travis/build/icyphy/ptII/ptolemy/domains/sdf/kernel/test/auto/SDFMultiportCompositeWidthSet.xml (RunModel)" time="0.138" />
  <testcase classname="ptolemy.util.test.junit.AutoTests" name="[1] /home/travis/build/icyphy/ptII/ptolemy/domains/sdf/kernel/test/auto/bus.xml (RunModel)" time="0.07" />
  <testcase classname="ptolemy.util.test.junit.AutoTests" name="[2] /home/travis/build/icyphy/ptII/ptolemy/domains/sdf/kernel/test/auto/feedbackHierarchy.xml (RunModel)" time="0.101" />
  <testcase classname="ptolemy.util.test.junit.AutoTests" name="[3] /home/travis/build/icyphy/ptII/ptolemy/domains/sdf/kernel/test/auto/hierarchy.xml (RunModel)" time="0.071" />
  <testcase classname="ptolemy.util.test.junit.AutoTests" name="[4] /home/travis/build/icyphy/ptII/ptolemy/domains/sdf/kernel/test/auto/test1.xml (RunModel)" time="0.081" />
  <testcase classname="ptolemy.util.test.junit.AutoTests" name="[5] /home/travis/build/icyphy/ptII/ptolemy/domains/sdf/kernel/test/auto/test2.xml (RunModel)" time="0.018" />
  <testcase classname="ptolemy.util.test.junit.AutoTests" name="[6] /home/travis/build/icyphy/ptII/ptolemy/domains/sdf/kernel/test/auto/test3.xml (RunModel)" time="0.02" />
  <testcase classname="ptolemy.util.test.junit.AutoTests" name="[7] /home/travis/build/icyphy/ptII/ptolemy/domains/sdf/kernel/test/auto/test5.xml (RunModel)" time="0.024" />
  <testcase classname="ptolemy.util.test.junit.AutoTests" name="[8] /home/travis/build/icyphy/ptII/ptolemy/domains/sdf/kernel/test/auto/test6.xml (RunModel)" time="0.024" />
  <testcase classname="ptolemy.util.test.junit.AutoTests" name="[9] /home/travis/build/icyphy/ptII/ptolemy/domains/sdf/kernel/test/auto/test7.xml (RunModel)" time="0.063" />
  <testcase classname="ptolemy.util.test.junit.AutoTests" name="[10] /home/travis/build/icyphy/ptII/ptolemy/domains/sdf/kernel/test/auto/test8.xml (RunModel)" time="0.051" />
  <testcase classname="ptolemy.util.test.junit.AutoTests" name="[11] /home/travis/build/icyphy/ptII/ptolemy/domains/sdf/kernel/test/auto/transparentHierarchy.xml (RunModel)" time="0.112" />
  <testcase classname="ptolemy.util.test.junit.AutoTests" name="[12] /home/travis/build/icyphy/ptII/ptolemy/domains/sdf/kernel/test/auto/tunneling.xml (RunModel)" time="0.061" />
  <testcase classname="ptolemy.util.test.junit.AutoTests" name="[13] /home/travis/build/icyphy/ptII/ptolemy/domains/sdf/kernel/test/auto/tunneling2.xml (RunModel)" time="0.072" />
  <testcase classname="ptolemy.util.test.junit.AutoTests" name="[14] /home/travis/build/icyphy/ptII/ptolemy/domains/sdf/kernel/test/auto/vectorizationFactor1.xml (RunModel)" time="0.033" />
  <testcase classname="ptolemy.util.test.junit.AutoTests" name="[15] /home/travis/build/icyphy/ptII/ptolemy/domains/sdf/kernel/test/auto/vectorizationFactor2.xml (RunModel)" time="0.029" />
  <testcase classname="ptolemy.util.test.junit.AutoTests" name="[16] /home/travis/build/icyphy/ptII/ptolemy/domains/sdf/kernel/test/auto/zeroRate1.xml (RunModel)" time="0.041" />
  <testcase classname="ptolemy.util.test.junit.AutoTests" name="[17] /home/travis/build/icyphy/ptII/ptolemy/domains/sdf/kernel/test/auto/zeroRate2.xml (RunModel)" time="0.034" />
  <testcase classname="ptolemy.util.test.junit.AutoTests" name="[18] /home/travis/build/icyphy/ptII/ptolemy/domains/sdf/kernel/test/auto/zeroRate3.xml (RunModel)" time="0.031" />
  <testcase classname="ptolemy.util.test.junit.AutoTests" name="[19] /home/travis/build/icyphy/ptII/ptolemy/domains/sdf/kernel/test/auto/zeroRate7.xml (RunModel)" time="0.03" />
  <testcase classname="ptolemy.util.test.junit.AutoTests" name="[20] /home/travis/build/icyphy/ptII/ptolemy/domains/sdf/kernel/test/auto/zeroRate8.xml (RunModel)" time="0.036" />
  <testcase classname="ptolemy.util.test.junit.AutoTests" name="[21] /home/travis/build/icyphy/ptII/ptolemy/domains/sdf/kernel/test/auto/zeroRate_delay4.xml (RunModel)" time="0.014" />
  <testcase classname="ptolemy.util.test.junit.AutoTests" name="[22] /home/travis/build/icyphy/ptII/ptolemy/domains/sdf/kernel/test/auto/zeroRate_delay5.xml (RunModel)" time="0.034" />
  <testcase classname="ptolemy.util.test.junit.AutoTests" name="[23] /home/travis/build/icyphy/ptII/ptolemy/domains/sdf/kernel/test/auto/zeroRate_delay6.xml (RunModel)" time="0.037" />
  <system-out><![CDATA[/home/travis/build/icyphy/ptII/ptolemy/domains/sdf/kernel/test/ArrayFIFOQueue.tcl
testDefs.tcl: setting time out to 9000 seconds at Wed Oct 30 06:27:10 UTC 2019
/home/travis/build/icyphy/ptII/ptolemy/domains/sdf/kernel/test/SDFCompositeActor.tcl
70 ms. Memory: 120832K Free: 81864K (68%)
/home/travis/build/icyphy/ptII/ptolemy/domains/sdf/kernel/test/SDFDirector.tcl
14 ms. Memory: 120832K Free: 79302K (66%)
16 ms. Memory: 120832K Free: 78278K (65%)
15 ms. Memory: 120832K Free: 77239K (64%)
17 ms. Memory: 120832K Free: 76199K (63%)
25 ms. Memory: 120832K Free: 74182K (61%)
15 ms. Memory: 120832K Free: 73143K (61%)
37 ms. Memory: 120832K Free: 71095K (59%)
58 ms. Memory: 120832K Free: 67014K (55%)
/home/travis/build/icyphy/ptII/ptolemy/domains/sdf/kernel/test/SDFIOPort.tcl
/home/travis/build/icyphy/ptII/ptolemy/domains/sdf/kernel/test/SDFReceiver.tcl
/home/travis/build/icyphy/ptII/ptolemy/domains/sdf/kernel/test/SDFScheduler.tcl
5 ms. Memory: 120832K Free: 103739K (86%)
10/30/19 06:27:12
Failed: 0  Total Tests: 151  ((Passed: 151, Newly Passed: 0)  Known Failed: 0) /home/travis/build/icyphy/ptII/ptolemy/domains/sdf/kernel/test
----------------- testing (KnownFailure) /home/travis/build/icyphy/ptII/ptolemy/domains/sdf/kernel/test/auto/knownFailedTests/SDFMultiportCompositeWidthNotSet.xml
30 ms. Memory: 120832K Free: 100339K (83%)
----------------- testing (KnownFailure) /home/travis/build/icyphy/ptII/ptolemy/domains/sdf/kernel/test/auto/knownFailedTests/tunneling2.xml
38 ms. Memory: 120832K Free: 95639K (79%)
Known Failure: java.lang.reflect.InvocationTargetException
No auto/linux-amd64/*.xml tests in /home/travis/build/icyphy/ptII/ptolemy/domains/sdf/kernel/test
AutoTests.java: About to close Vertx.
AutoTests.java: Vertx closed.

===========================================================================================
----------------- testing Wed Oct 30 06:27:13 UTC 2019 /home/travis/build/icyphy/ptII/ptolemy/domains/sdf/kernel/test/auto/SDFMultiportCompositeWidthSet.xml
----------------- Instantiating /home/travis/build/icyphy/ptII/ptolemy/domains/sdf/kernel/test/auto/SDFMultiportCompositeWidthSet.xml
6 ms. Memory: 120832K Free: 91242K (76%)
----------------- Invoking toplevel() on ptolemy.moml.MoMLSimpleApplication@45b926e7
----------------- Done invoking toplevel() on ptolemy.moml.MoMLSimpleApplication@45b926e7
reloadAllAccessors: .SDFMultiportCompositeWidthSet

===========================================================================================
----------------- testing Wed Oct 30 06:27:13 UTC 2019 /home/travis/build/icyphy/ptII/ptolemy/domains/sdf/kernel/test/auto/bus.xml
----------------- Instantiating /home/travis/build/icyphy/ptII/ptolemy/domains/sdf/kernel/test/auto/bus.xml
6 ms. Memory: 120832K Free: 88673K (73%)
----------------- Invoking toplevel() on ptolemy.moml.MoMLSimpleApplication@688c6601
----------------- Done invoking toplevel() on ptolemy.moml.MoMLSimpleApplication@688c6601
reloadAllAccessors: .bus

===========================================================================================
----------------- testing Wed Oct 30 06:27:13 UTC 2019 /home/travis/build/icyphy/ptII/ptolemy/domains/sdf/kernel/test/auto/feedbackHierarchy.xml
----------------- Instantiating /home/travis/build/icyphy/ptII/ptolemy/domains/sdf/kernel/test/auto/feedbackHierarchy.xml
17 ms. Memory: 120832K Free: 84052K (70%)
----------------- Invoking toplevel() on ptolemy.moml.MoMLSimpleApplication@37bdb2a2
----------------- Done invoking toplevel() on ptolemy.moml.MoMLSimpleApplication@37bdb2a2
reloadAllAccessors: .feedbackHierarchy

===========================================================================================
----------------- testing Wed Oct 30 06:27:13 UTC 2019 /home/travis/build/icyphy/ptII/ptolemy/domains/sdf/kernel/test/auto/hierarchy.xml
----------------- Instantiating /home/travis/build/icyphy/ptII/ptolemy/domains/sdf/kernel/test/auto/hierarchy.xml
7 ms. Memory: 120832K Free: 77400K (64%)
----------------- Invoking toplevel() on ptolemy.moml.MoMLSimpleApplication@773754b4
----------------- Done invoking toplevel() on ptolemy.moml.MoMLSimpleApplication@773754b4
reloadAllAccessors: .hierarchy

===========================================================================================
----------------- testing Wed Oct 30 06:27:13 UTC 2019 /home/travis/build/icyphy/ptII/ptolemy/domains/sdf/kernel/test/auto/test1.xml
----------------- Instantiating /home/travis/build/icyphy/ptII/ptolemy/domains/sdf/kernel/test/auto/test1.xml
8 ms. Memory: 120832K Free: 72790K (60%)
----------------- Invoking toplevel() on ptolemy.moml.MoMLSimpleApplication@74dd6086
----------------- Done invoking toplevel() on ptolemy.moml.MoMLSimpleApplication@74dd6086
reloadAllAccessors: .test1

===========================================================================================
----------------- testing Wed Oct 30 06:27:13 UTC 2019 /home/travis/build/icyphy/ptII/ptolemy/domains/sdf/kernel/test/auto/test2.xml
----------------- Instantiating /home/travis/build/icyphy/ptII/ptolemy/domains/sdf/kernel/test/auto/test2.xml
3 ms. Memory: 120832K Free: 70232K (58%)
----------------- Invoking toplevel() on ptolemy.moml.MoMLSimpleApplication@6f2427b3
----------------- Done invoking toplevel() on ptolemy.moml.MoMLSimpleApplication@6f2427b3
reloadAllAccessors: .test2

===========================================================================================
----------------- testing Wed Oct 30 06:27:13 UTC 2019 /home/travis/build/icyphy/ptII/ptolemy/domains/sdf/kernel/test/auto/test3.xml
----------------- Instantiating /home/travis/build/icyphy/ptII/ptolemy/domains/sdf/kernel/test/auto/test3.xml
3 ms. Memory: 120832K Free: 67670K (56%)
----------------- Invoking toplevel() on ptolemy.moml.MoMLSimpleApplication@1f62fb12
----------------- Done invoking toplevel() on ptolemy.moml.MoMLSimpleApplication@1f62fb12
reloadAllAccessors: .test3

===========================================================================================
----------------- testing Wed Oct 30 06:27:13 UTC 2019 /home/travis/build/icyphy/ptII/ptolemy/domains/sdf/kernel/test/auto/test5.xml
----------------- Instantiating /home/travis/build/icyphy/ptII/ptolemy/domains/sdf/kernel/test/auto/test5.xml
5 ms. Memory: 120832K Free: 63064K (52%)
----------------- Invoking toplevel() on ptolemy.moml.MoMLSimpleApplication@57d64b1d
----------------- Done invoking toplevel() on ptolemy.moml.MoMLSimpleApplication@57d64b1d
reloadAllAccessors: .test5

===========================================================================================
----------------- testing Wed Oct 30 06:27:13 UTC 2019 /home/travis/build/icyphy/ptII/ptolemy/domains/sdf/kernel/test/auto/test6.xml
----------------- Instantiating /home/travis/build/icyphy/ptII/ptolemy/domains/sdf/kernel/test/auto/test6.xml
6 ms. Memory: 120832K Free: 58448K (48%)
----------------- Invoking toplevel() on ptolemy.moml.MoMLSimpleApplication@1d51e63e
----------------- Done invoking toplevel() on ptolemy.moml.MoMLSimpleApplication@1d51e63e
reloadAllAccessors: .test6

===========================================================================================
----------------- testing Wed Oct 30 06:27:13 UTC 2019 /home/travis/build/icyphy/ptII/ptolemy/domains/sdf/kernel/test/auto/test7.xml
----------------- Instantiating /home/travis/build/icyphy/ptII/ptolemy/domains/sdf/kernel/test/auto/test7.xml
8 ms. Memory: 145408K Free: 127224K (87%)
----------------- Invoking toplevel() on ptolemy.moml.MoMLSimpleApplication@65fa5019
----------------- Done invoking toplevel() on ptolemy.moml.MoMLSimpleApplication@65fa5019
reloadAllAccessors: .test7

===========================================================================================
----------------- testing Wed Oct 30 06:27:14 UTC 2019 /home/travis/build/icyphy/ptII/ptolemy/domains/sdf/kernel/test/auto/test8.xml
----------------- Instantiating /home/travis/build/icyphy/ptII/ptolemy/domains/sdf/kernel/test/auto/test8.xml
9 ms. Memory: 145408K Free: 122551K (84%)
----------------- Invoking toplevel() on ptolemy.moml.MoMLSimpleApplication@74fdf596
----------------- Done invoking toplevel() on ptolemy.moml.MoMLSimpleApplication@74fdf596
reloadAllAccessors: .test8

===========================================================================================
----------------- testing Wed Oct 30 06:27:14 UTC 2019 /home/travis/build/icyphy/ptII/ptolemy/domains/sdf/kernel/test/auto/transparentHierarchy.xml
----------------- Instantiating /home/travis/build/icyphy/ptII/ptolemy/domains/sdf/kernel/test/auto/transparentHierarchy.xml
7 ms. Memory: 145408K Free: 116984K (80%)
----------------- Invoking toplevel() on ptolemy.moml.MoMLSimpleApplication@432987da
----------------- Done invoking toplevel() on ptolemy.moml.MoMLSimpleApplication@432987da
reloadAllAccessors: .transparentHierarchy

===========================================================================================
----------------- testing Wed Oct 30 06:27:14 UTC 2019 /home/travis/build/icyphy/ptII/ptolemy/domains/sdf/kernel/test/auto/tunneling.xml
----------------- Instantiating /home/travis/build/icyphy/ptII/ptolemy/domains/sdf/kernel/test/auto/tunneling.xml
17 ms. Memory: 145408K Free: 112464K (77%)
----------------- Invoking toplevel() on ptolemy.moml.MoMLSimpleApplication@3e94bf07
----------------- Done invoking toplevel() on ptolemy.moml.MoMLSimpleApplication@3e94bf07
reloadAllAccessors: .tunneling

===========================================================================================
----------------- testing Wed Oct 30 06:27:14 UTC 2019 /home/travis/build/icyphy/ptII/ptolemy/domains/sdf/kernel/test/auto/tunneling2.xml
----------------- Instantiating /home/travis/build/icyphy/ptII/ptolemy/domains/sdf/kernel/test/auto/tunneling2.xml
25 ms. Memory: 145408K Free: 107790K (74%)
----------------- Invoking toplevel() on ptolemy.moml.MoMLSimpleApplication@2d2d1552
----------------- Done invoking toplevel() on ptolemy.moml.MoMLSimpleApplication@2d2d1552
reloadAllAccessors: .tunneling2

===========================================================================================
----------------- testing Wed Oct 30 06:27:14 UTC 2019 /home/travis/build/icyphy/ptII/ptolemy/domains/sdf/kernel/test/auto/vectorizationFactor1.xml
----------------- Instantiating /home/travis/build/icyphy/ptII/ptolemy/domains/sdf/kernel/test/auto/vectorizationFactor1.xml
7 ms. Memory: 145408K Free: 105318K (72%)
----------------- Invoking toplevel() on ptolemy.moml.MoMLSimpleApplication@7d3929d4
----------------- Done invoking toplevel() on ptolemy.moml.MoMLSimpleApplication@7d3929d4
reloadAllAccessors: .vectorizationFactor1

===========================================================================================
----------------- testing Wed Oct 30 06:27:14 UTC 2019 /home/travis/build/icyphy/ptII/ptolemy/domains/sdf/kernel/test/auto/vectorizationFactor2.xml
----------------- Instantiating /home/travis/build/icyphy/ptII/ptolemy/domains/sdf/kernel/test/auto/vectorizationFactor2.xml
7 ms. Memory: 145408K Free: 102222K (70%)
----------------- Invoking toplevel() on ptolemy.moml.MoMLSimpleApplication@5a2e5219
----------------- Done invoking toplevel() on ptolemy.moml.MoMLSimpleApplication@5a2e5219
reloadAllAccessors: .vectorizationFactor2

===========================================================================================
----------------- testing Wed Oct 30 06:27:14 UTC 2019 /home/travis/build/icyphy/ptII/ptolemy/domains/sdf/kernel/test/auto/zeroRate1.xml
----------------- Instantiating /home/travis/build/icyphy/ptII/ptolemy/domains/sdf/kernel/test/auto/zeroRate1.xml
6 ms. Memory: 145408K Free: 98504K (68%)
----------------- Invoking toplevel() on ptolemy.moml.MoMLSimpleApplication@2e334501
----------------- Done invoking toplevel() on ptolemy.moml.MoMLSimpleApplication@2e334501
reloadAllAccessors: .zeroRate1

===========================================================================================
----------------- testing Wed Oct 30 06:27:14 UTC 2019 /home/travis/build/icyphy/ptII/ptolemy/domains/sdf/kernel/test/auto/zeroRate2.xml
----------------- Instantiating /home/travis/build/icyphy/ptII/ptolemy/domains/sdf/kernel/test/auto/zeroRate2.xml
6 ms. Memory: 145408K Free: 95064K (65%)
----------------- Invoking toplevel() on ptolemy.moml.MoMLSimpleApplication@4b38fb8e
----------------- Done invoking toplevel() on ptolemy.moml.MoMLSimpleApplication@4b38fb8e
reloadAllAccessors: .zeroRate2

===========================================================================================
----------------- testing Wed Oct 30 06:27:14 UTC 2019 /home/travis/build/icyphy/ptII/ptolemy/domains/sdf/kernel/test/auto/zeroRate3.xml
----------------- Instantiating /home/travis/build/icyphy/ptII/ptolemy/domains/sdf/kernel/test/auto/zeroRate3.xml
2 ms. Memory: 145408K Free: 90958K (63%)
----------------- Invoking toplevel() on ptolemy.moml.MoMLSimpleApplication@6866f7f2
----------------- Done invoking toplevel() on ptolemy.moml.MoMLSimpleApplication@6866f7f2
reloadAllAccessors: .zeroRate3

===========================================================================================
----------------- testing Wed Oct 30 06:27:14 UTC 2019 /home/travis/build/icyphy/ptII/ptolemy/domains/sdf/kernel/test/auto/zeroRate7.xml
----------------- Instantiating /home/travis/build/icyphy/ptII/ptolemy/domains/sdf/kernel/test/auto/zeroRate7.xml
4 ms. Memory: 145408K Free: 86838K (60%)
----------------- Invoking toplevel() on ptolemy.moml.MoMLSimpleApplication@2959497b
----------------- Done invoking toplevel() on ptolemy.moml.MoMLSimpleApplication@2959497b
reloadAllAccessors: .zeroRate7

===========================================================================================
----------------- testing Wed Oct 30 06:27:14 UTC 2019 /home/travis/build/icyphy/ptII/ptolemy/domains/sdf/kernel/test/auto/zeroRate8.xml
----------------- Instantiating /home/travis/build/icyphy/ptII/ptolemy/domains/sdf/kernel/test/auto/zeroRate8.xml
6 ms. Memory: 145408K Free: 82776K (57%)
----------------- Invoking toplevel() on ptolemy.moml.MoMLSimpleApplication@6415f6c1
----------------- Done invoking toplevel() on ptolemy.moml.MoMLSimpleApplication@6415f6c1
reloadAllAccessors: .zeroRate8

===========================================================================================
----------------- testing Wed Oct 30 06:27:14 UTC 2019 /home/travis/build/icyphy/ptII/ptolemy/domains/sdf/kernel/test/auto/zeroRate_delay4.xml
----------------- Instantiating /home/travis/build/icyphy/ptII/ptolemy/domains/sdf/kernel/test/auto/zeroRate_delay4.xml
3 ms. Memory: 145408K Free: 78672K (54%)
----------------- Invoking toplevel() on ptolemy.moml.MoMLSimpleApplication@23b2ab2f
----------------- Done invoking toplevel() on ptolemy.moml.MoMLSimpleApplication@23b2ab2f
reloadAllAccessors: .zeroRate_delay4

===========================================================================================
----------------- testing Wed Oct 30 06:27:14 UTC 2019 /home/travis/build/icyphy/ptII/ptolemy/domains/sdf/kernel/test/auto/zeroRate_delay5.xml
----------------- Instantiating /home/travis/build/icyphy/ptII/ptolemy/domains/sdf/kernel/test/auto/zeroRate_delay5.xml
1
8 ms. Memory: 145408K Free: 73544K (51%)
----------------- Invoking toplevel() on ptolemy.moml.MoMLSimpleApplication@64cef753
----------------- Done invoking toplevel() on ptolemy.moml.MoMLSimpleApplication@64cef753
reloadAllAccessors: .zeroRate_delay5

===========================================================================================
----------------- testing Wed Oct 30 06:27:14 UTC 2019 /home/travis/build/icyphy/ptII/ptolemy/domains/sdf/kernel/test/auto/zeroRate_delay6.xml
----------------- Instantiating /home/travis/build/icyphy/ptII/ptolemy/domains/sdf/kernel/test/auto/zeroRate_delay6.xml
3 ms. Memory: 145408K Free: 68424K (47%)
----------------- Invoking toplevel() on ptolemy.moml.MoMLSimpleApplication@6505a745
----------------- Done invoking toplevel() on ptolemy.moml.MoMLSimpleApplication@6505a745
reloadAllAccessors: .zeroRate_delay6
AutoTests.java: About to close Vertx.
AutoTests.java: Vertx closed.
]]></system-out>
  <system-err><![CDATA[java.lang.RuntimeException: Execution failed
	at ptolemy.moml.MoMLSimpleApplication$UnloadThread.run(MoMLSimpleApplication.java:402)
Caused by: ptolemy.kernel.util.IllegalActionException: Test fails in iteration 0.
Width of input is 3, but correctValues parameter is not an array of arrays.
  in .tunneling2.Test0
	at ptolemy.actor.lib.Test._getReference(Test.java:374)
	at ptolemy.actor.lib.Test.fire(Test.java:236)
	at ptolemy.actor.AtomicActor.iterate(AtomicActor.java:512)
	at ptolemy.actor.sched.StaticSchedulingDirector.fire(StaticSchedulingDirector.java:216)
	at ptolemy.domains.sdf.kernel.SDFDirector.fire(SDFDirector.java:500)
	at ptolemy.actor.CompositeActor.fire(CompositeActor.java:455)
	at ptolemy.actor.Manager.iterate(Manager.java:851)
	at ptolemy.actor.Manager.execute(Manager.java:369)
	at ptolemy.actor.Manager.run(Manager.java:1263)
	at ptolemy.actor.Manager$PtolemyRunThread.run(Manager.java:1933)
java.lang.reflect.InvocationTargetException
	at java.base/jdk.internal.reflect.NativeConstructorAccessorImpl.newInstance0(Native Method)
	at java.base/jdk.internal.reflect.NativeConstructorAccessorImpl.newInstance(NativeConstructorAccessorImpl.java:62)
	at java.base/jdk.internal.reflect.DelegatingConstructorAccessorImpl.newInstance(DelegatingConstructorAccessorImpl.java:45)
	at java.base/java.lang.reflect.Constructor.newInstance(Constructor.java:490)
	at ptolemy.util.test.junit.AutoKnownFailedTests.RunModel(AutoKnownFailedTests.java:105)
	at java.base/jdk.internal.reflect.NativeMethodAccessorImpl.invoke0(Native Method)
	at java.base/jdk.internal.reflect.NativeMethodAccessorImpl.invoke(NativeMethodAccessorImpl.java:62)
	at java.base/jdk.internal.reflect.DelegatingMethodAccessorImpl.invoke(DelegatingMethodAccessorImpl.java:43)
	at java.base/java.lang.reflect.Method.invoke(Method.java:566)
	at org.junit.runners.model.FrameworkMethod$1.runReflectiveCall(FrameworkMethod.java:44)
	at org.junit.internal.runners.model.ReflectiveCallable.run(ReflectiveCallable.java:15)
	at org.junit.runners.model.FrameworkMethod.invokeExplosively(FrameworkMethod.java:41)
	at junitparams.internal.InvokeParameterisedMethod.evaluate(InvokeParameterisedMethod.java:102)
	at org.junit.internal.runners.statements.FailOnTimeout$1.run(FailOnTimeout.java:28)
Caused by: ptolemy.kernel.util.IllegalActionException: Test fails in iteration 0.
Width of input is 3, but correctValues parameter is not an array of arrays.
  in .tunneling2.Test0
	at ptolemy.actor.lib.Test._getReference(Test.java:374)
	at ptolemy.actor.lib.Test.fire(Test.java:236)
	at ptolemy.actor.AtomicActor.iterate(AtomicActor.java:512)
	at ptolemy.actor.sched.StaticSchedulingDirector.fire(StaticSchedulingDirector.java:216)
	at ptolemy.domains.sdf.kernel.SDFDirector.fire(SDFDirector.java:500)
	at ptolemy.actor.CompositeActor.fire(CompositeActor.java:455)
	at ptolemy.actor.Manager.iterate(Manager.java:851)
	at ptolemy.actor.Manager.execute(Manager.java:369)
	at ptolemy.actor.Manager.run(Manager.java:1263)
	at ptolemy.actor.Manager$PtolemyRunThread.run(Manager.java:1933)
]]></system-err>
</testsuite>
