<?xml version="1.0" encoding="UTF-8" ?>
<testsuite errors="0" failures="0" hostname="travis-job-a1f00ce1-cf01-431d-acd0-e71ba8cc7587" name="ptolemy.domains.sdf.test.junit.JUnitTclTest" skipped="0" tests="66" time="20.466" timestamp="2018-11-09T02:47:43">
  <properties>
[...]
</properties>
  <testcase classname="ptolemy.util.test.junit.TclTests" name="[0] /home/travis/build/icyphy/ptII/ptolemy/domains/sdf/test/SDFSchedulerErrors.tcl (RunTclFile)" time="0.656" />
  <testcase classname="ptolemy.util.test.junit.TclTests" name="[1] /home/travis/build/icyphy/ptII/ptolemy/domains/sdf/test/composition.tcl (RunTclFile)" time="0.203" />
  <testcase classname="ptolemy.util.test.junit.TclTests" name="[2] /home/travis/build/icyphy/ptII/ptolemy/domains/sdf/test/cycle.tcl (RunTclFile)" time="0.06" />
  <testcase classname="ptolemy.util.test.junit.AutoKnownFailedTests" name="[0] ThereAreNoKnowFailedTests (RunModel)" time="0.006" />
  <testcase classname="ptolemy.util.test.junit.AutoNameArchTests" name="[0] ThereAreNoAutoArchTests (RunModel)" time="0.0" />
  <testcase classname="ptolemy.util.test.junit.AutoTests" name="[0] /home/travis/build/icyphy/ptII/ptolemy/domains/sdf/test/auto/Array.xml (RunModel)" time="0.192" />
  <testcase classname="ptolemy.util.test.junit.AutoTests" name="[1] /home/travis/build/icyphy/ptII/ptolemy/domains/sdf/test/auto/Butterfly.xml (RunModel)" time="0.168" />
  <testcase classname="ptolemy.util.test.junit.AutoTests" name="[2] /home/travis/build/icyphy/ptII/ptolemy/domains/sdf/test/auto/Expression.xml (RunModel)" time="0.064" />
  <testcase classname="ptolemy.util.test.junit.AutoTests" name="[3] /home/travis/build/icyphy/ptII/ptolemy/domains/sdf/test/auto/Eye.xml (RunModel)" time="0.304" />
  <testcase classname="ptolemy.util.test.junit.AutoTests" name="[4] /home/travis/build/icyphy/ptII/ptolemy/domains/sdf/test/auto/FixFIR.xml (RunModel)" time="0.348" />
  <testcase classname="ptolemy.util.test.junit.AutoTests" name="[5] /home/travis/build/icyphy/ptII/ptolemy/domains/sdf/test/auto/FixPoint.xml (RunModel)" time="0.04" />
  <testcase classname="ptolemy.util.test.junit.AutoTests" name="[6] /home/travis/build/icyphy/ptII/ptolemy/domains/sdf/test/auto/Gravitation.xml (RunModel)" time="3.3" />
  <testcase classname="ptolemy.util.test.junit.AutoTests" name="[7] /home/travis/build/icyphy/ptII/ptolemy/domains/sdf/test/auto/GravitationWithCollisionDetection.xml (RunModel)" time="6.687" />
  <testcase classname="ptolemy.util.test.junit.AutoTests" name="[8] /home/travis/build/icyphy/ptII/ptolemy/domains/sdf/test/auto/HDF.xml (RunModel)" time="0.103" />
  <testcase classname="ptolemy.util.test.junit.AutoTests" name="[9] /home/travis/build/icyphy/ptII/ptolemy/domains/sdf/test/auto/HDFwithTransientStates.xml (RunModel)" time="0.131" />
  <testcase classname="ptolemy.util.test.junit.AutoTests" name="[10] /home/travis/build/icyphy/ptII/ptolemy/domains/sdf/test/auto/HTVQ.xml (RunModel)" time="0.881" />
  <testcase classname="ptolemy.util.test.junit.AutoTests" name="[11] /home/travis/build/icyphy/ptII/ptolemy/domains/sdf/test/auto/InferInitProduction.xml (RunModel)" time="0.026" />
  <testcase classname="ptolemy.util.test.junit.AutoTests" name="[12] /home/travis/build/icyphy/ptII/ptolemy/domains/sdf/test/auto/InferInitProductionDeeper.xml (RunModel)" time="0.044" />
  <testcase classname="ptolemy.util.test.junit.AutoTests" name="[13] /home/travis/build/icyphy/ptII/ptolemy/domains/sdf/test/auto/LMSAdaptive.xml (RunModel)" time="0.088" />
  <testcase classname="ptolemy.util.test.junit.AutoTests" name="[14] /home/travis/build/icyphy/ptII/ptolemy/domains/sdf/test/auto/LogisticMap.xml (RunModel)" time="0.481" />
  <testcase classname="ptolemy.util.test.junit.AutoTests" name="[15] /home/travis/build/icyphy/ptII/ptolemy/domains/sdf/test/auto/MaximumEntropySpectrum.xml (RunModel)" time="0.284" />
  <testcase classname="ptolemy.util.test.junit.AutoTests" name="[16] /home/travis/build/icyphy/ptII/ptolemy/domains/sdf/test/auto/MultirateSDF.xml (RunModel)" time="0.062" />
  <testcase classname="ptolemy.util.test.junit.AutoTests" name="[17] /home/travis/build/icyphy/ptII/ptolemy/domains/sdf/test/auto/MultirateSDFwithTransientStates.xml (RunModel)" time="0.088" />
  <testcase classname="ptolemy.util.test.junit.AutoTests" name="[18] /home/travis/build/icyphy/ptII/ptolemy/domains/sdf/test/auto/NoisySinewave.xml (RunModel)" time="0.061" />
  <testcase classname="ptolemy.util.test.junit.AutoTests" name="[19] /home/travis/build/icyphy/ptII/ptolemy/domains/sdf/test/auto/Objects.xml (RunModel)" time="0.079" />
  <testcase classname="ptolemy.util.test.junit.AutoTests" name="[20] /home/travis/build/icyphy/ptII/ptolemy/domains/sdf/test/auto/OrthogonalCom.xml (RunModel)" time="0.043" />
  <testcase classname="ptolemy.util.test.junit.AutoTests" name="[21] /home/travis/build/icyphy/ptII/ptolemy/domains/sdf/test/auto/RijndaelEncryption.xml (RunModel)" time="0.563" />
  <testcase classname="ptolemy.util.test.junit.AutoTests" name="[22] /home/travis/build/icyphy/ptII/ptolemy/domains/sdf/test/auto/SDFEmptyIterations.xml (RunModel)" time="0.02" />
  <testcase classname="ptolemy.util.test.junit.AutoTests" name="[23] /home/travis/build/icyphy/ptII/ptolemy/domains/sdf/test/auto/Spectrum.xml (RunModel)" time="0.072" />
  <testcase classname="ptolemy.util.test.junit.AutoTests" name="[24] /home/travis/build/icyphy/ptII/ptolemy/domains/sdf/test/auto/de_inside_sdf.xml (RunModel)" time="0.028" />
  <testcase classname="ptolemy.util.test.junit.AutoTests" name="[25] /home/travis/build/icyphy/ptII/ptolemy/domains/sdf/test/auto/disconnectedHierarchicalSDF.xml (RunModel)" time="0.028" />
  <testcase classname="ptolemy.util.test.junit.AutoTests" name="[26] /home/travis/build/icyphy/ptII/ptolemy/domains/sdf/test/auto/disconnectedSDF.xml (RunModel)" time="0.037" />
  <testcase classname="ptolemy.util.test.junit.AutoTests" name="[27] /home/travis/build/icyphy/ptII/ptolemy/domains/sdf/test/auto/emptyRefinement.xml (RunModel)" time="0.027" />
  <testcase classname="ptolemy.util.test.junit.AutoTests" name="[28] /home/travis/build/icyphy/ptII/ptolemy/domains/sdf/test/auto/filePortParameter.xml (RunModel)" time="0.058" />
  <testcase classname="ptolemy.util.test.junit.AutoTests" name="[29] /home/travis/build/icyphy/ptII/ptolemy/domains/sdf/test/auto/inferRelationWidth1.xml (RunModel)" time="0.017" />
  <testcase classname="ptolemy.util.test.junit.AutoTests" name="[30] /home/travis/build/icyphy/ptII/ptolemy/domains/sdf/test/auto/initProductionInference.xml (RunModel)" time="0.023" />
  <testcase classname="ptolemy.util.test.junit.AutoTests" name="[31] /home/travis/build/icyphy/ptII/ptolemy/domains/sdf/test/auto/relationGroup.xml (RunModel)" time="0.013" />
  <testcase classname="ptolemy.util.test.junit.AutoTests" name="[32] /home/travis/build/icyphy/ptII/ptolemy/domains/sdf/test/auto/relationGroup10.xml (RunModel)" time="0.02" />
  <testcase classname="ptolemy.util.test.junit.AutoTests" name="[33] /home/travis/build/icyphy/ptII/ptolemy/domains/sdf/test/auto/relationGroup11.xml (RunModel)" time="0.02" />
  <testcase classname="ptolemy.util.test.junit.AutoTests" name="[34] /home/travis/build/icyphy/ptII/ptolemy/domains/sdf/test/auto/relationGroup12.xml (RunModel)" time="0.017" />
  <testcase classname="ptolemy.util.test.junit.AutoTests" name="[35] /home/travis/build/icyphy/ptII/ptolemy/domains/sdf/test/auto/relationGroup13.xml (RunModel)" time="0.023" />
  <testcase classname="ptolemy.util.test.junit.AutoTests" name="[36] /home/travis/build/icyphy/ptII/ptolemy/domains/sdf/test/auto/relationGroup14.xml (RunModel)" time="0.019" />
  <testcase classname="ptolemy.util.test.junit.AutoTests" name="[37] /home/travis/build/icyphy/ptII/ptolemy/domains/sdf/test/auto/relationGroup15.xml (RunModel)" time="0.015" />
  <testcase classname="ptolemy.util.test.junit.AutoTests" name="[38] /home/travis/build/icyphy/ptII/ptolemy/domains/sdf/test/auto/relationGroup2.xml (RunModel)" time="0.019" />
  <testcase classname="ptolemy.util.test.junit.AutoTests" name="[39] /home/travis/build/icyphy/ptII/ptolemy/domains/sdf/test/auto/relationGroup3.xml (RunModel)" time="0.015" />
  <testcase classname="ptolemy.util.test.junit.AutoTests" name="[40] /home/travis/build/icyphy/ptII/ptolemy/domains/sdf/test/auto/relationGroup4.xml (RunModel)" time="0.021" />
  <testcase classname="ptolemy.util.test.junit.AutoTests" name="[41] /home/travis/build/icyphy/ptII/ptolemy/domains/sdf/test/auto/relationGroup5.xml (RunModel)" time="0.026" />
  <testcase classname="ptolemy.util.test.junit.AutoTests" name="[42] /home/travis/build/icyphy/ptII/ptolemy/domains/sdf/test/auto/relationGroup6.xml (RunModel)" time="0.026" />
  <testcase classname="ptolemy.util.test.junit.AutoTests" name="[43] /home/travis/build/icyphy/ptII/ptolemy/domains/sdf/test/auto/relationGroup7.xml (RunModel)" time="0.015" />
  <testcase classname="ptolemy.util.test.junit.AutoTests" name="[44] /home/travis/build/icyphy/ptII/ptolemy/domains/sdf/test/auto/relationGroup8.xml (RunModel)" time="0.016" />
  <testcase classname="ptolemy.util.test.junit.AutoTests" name="[45] /home/travis/build/icyphy/ptII/ptolemy/domains/sdf/test/auto/relationGroup9.xml (RunModel)" time="0.016" />
  <testcase classname="ptolemy.util.test.junit.AutoTests" name="[46] /home/travis/build/icyphy/ptII/ptolemy/domains/sdf/test/auto/sdf_inside_de.xml (RunModel)" time="0.051" />
  <testcase classname="ptolemy.util.test.junit.AutoTests" name="[47] /home/travis/build/icyphy/ptII/ptolemy/domains/sdf/test/auto/sdf_inside_pn.xml (RunModel)" time="0.071" />
  <testcase classname="ptolemy.util.test.junit.AutoTests" name="[48] /home/travis/build/icyphy/ptII/ptolemy/domains/sdf/test/auto/sdf_sdf1.xml (RunModel)" time="0.026" />
  <testcase classname="ptolemy.util.test.junit.AutoTests" name="[49] /home/travis/build/icyphy/ptII/ptolemy/domains/sdf/test/auto/test1.xml (RunModel)" time="0.016" />
  <testcase classname="ptolemy.util.test.junit.AutoTests" name="[50] /home/travis/build/icyphy/ptII/ptolemy/domains/sdf/test/auto/time1.xml (RunModel)" time="0.01" />
  <testcase classname="ptolemy.util.test.junit.AutoTests" name="[51] /home/travis/build/icyphy/ptII/ptolemy/domains/sdf/test/auto/time2.xml (RunModel)" time="0.01" />
  <testcase classname="ptolemy.util.test.junit.AutoTests" name="[52] /home/travis/build/icyphy/ptII/ptolemy/domains/sdf/test/auto/time3.xml (RunModel)" time="0.021" />
  <testcase classname="ptolemy.util.test.junit.AutoTests" name="[53] /home/travis/build/icyphy/ptII/ptolemy/domains/sdf/test/auto/time4.xml (RunModel)" time="0.019" />
  <testcase classname="ptolemy.util.test.junit.AutoTests" name="[54] /home/travis/build/icyphy/ptII/ptolemy/domains/sdf/test/auto/time5.xml (RunModel)" time="4.011" />
  <testcase classname="ptolemy.util.test.junit.AutoTests" name="[55] /home/travis/build/icyphy/ptII/ptolemy/domains/sdf/test/auto/typeSystem_Const_Integer_smallest_Type.xml (RunModel)" time="0.05" />
  <testcase classname="ptolemy.util.test.junit.AutoTests" name="[56] /home/travis/build/icyphy/ptII/ptolemy/domains/sdf/test/auto/typeSystem_declared_Inports_OutportTypeException.xml (RunModel)" time="0.021" />
  <testcase classname="ptolemy.util.test.junit.AutoTests" name="[57] /home/travis/build/icyphy/ptII/ptolemy/domains/sdf/test/auto/typeSystem_oneDeclaredInportType_wrongTypeOutport.xml (RunModel)" time="0.024" />
  <testcase classname="ptolemy.util.test.junit.AutoTests" name="[58] /home/travis/build/icyphy/ptII/ptolemy/domains/sdf/test/auto/width.xml (RunModel)" time="0.015" />
  <testcase classname="ptolemy.util.test.junit.AutoTests" name="[59] /home/travis/build/icyphy/ptII/ptolemy/domains/sdf/test/auto/width2.xml (RunModel)" time="0.04" />
  <testcase classname="ptolemy.util.test.junit.AutoTests" name="[60] /home/travis/build/icyphy/ptII/ptolemy/domains/sdf/test/auto/width3.xml (RunModel)" time="0.039" />
  <system-out><![CDATA[/home/travis/build/icyphy/ptII/ptolemy/domains/sdf/test/SDFSchedulerErrors.tcl
testDefs.tcl: setting time out to 9000 seconds at Fri Nov 09 02:47:43 UTC 2018
20 ms. Memory: 116224K Free: 105466K (91%)
9 ms. Memory: 116224K Free: 98449K (85%)
4 ms. Memory: 116224K Free: 91433K (79%)
4 ms. Memory: 116224K Free: 88353K (76%)
/home/travis/build/icyphy/ptII/ptolemy/domains/sdf/test/composition.tcl
57 ms. Memory: 116224K Free: 84700K (73%)
7 ms. Memory: 116224K Free: 82898K (71%)
/home/travis/build/icyphy/ptII/ptolemy/domains/sdf/test/cycle.tcl
.Toplevel.Director Preinitializing ...
Invoking preinitialize():  .Toplevel.Actor1
Invoking preinitialize():  .Toplevel.Actor2
Invoking preinitialize():  .Toplevel.Delay
.Toplevel.Director Finished preinitialize().
### Schedule:
Execute Schedule{
Fire Actor ptolemy.domains.sdf.kernel.test.SDFTestDelay {.Toplevel.Actor1}
Fire Actor ptolemy.domains.sdf.kernel.test.SDFTestDelay {.Toplevel.Actor2}
Fire Actor ptolemy.domains.sdf.lib.SampleDelay {.Toplevel.Delay}
}
### End schedule
Called initialize().
Invoking initialize():  .Toplevel.Actor1
Initializing actor: .Toplevel.Actor1.
Invoking initialize():  .Toplevel.Actor2
Initializing actor: .Toplevel.Actor2.
Invoking initialize():  .Toplevel.Delay
Initializing actor: .Toplevel.Delay.
Director: Called prefire().
-- Setting current time to 0.0
Director prefire returns true.
The actor .Toplevel.Actor1 will be iterated.
The actor .Toplevel.Actor1 was iterated.
The actor .Toplevel.Actor2 will be iterated.
The actor .Toplevel.Actor2 was iterated.
The actor .Toplevel.Delay will be iterated.
The actor .Toplevel.Delay was iterated.
Director: Called postfire().
Postfire returns: true
Director: Called prefire().
-- Setting current time to 0.0
Director prefire returns true.
The actor .Toplevel.Actor1 will be iterated.
The actor .Toplevel.Actor1 was iterated.
The actor .Toplevel.Actor2 will be iterated.
The actor .Toplevel.Actor2 was iterated.
The actor .Toplevel.Delay will be iterated.
The actor .Toplevel.Delay was iterated.
Director: Called postfire().
Postfire returns: true
Director: Called prefire().
-- Setting current time to 0.0
Director prefire returns true.
The actor .Toplevel.Actor1 will be iterated.
The actor .Toplevel.Actor1 was iterated.
The actor .Toplevel.Actor2 will be iterated.
The actor .Toplevel.Actor2 was iterated.
The actor .Toplevel.Delay will be iterated.
The actor .Toplevel.Delay was iterated.
Director: Called postfire().
Postfire returns: true
Director: Called prefire().
-- Setting current time to 0.0
Director prefire returns true.
The actor .Toplevel.Actor1 will be iterated.
The actor .Toplevel.Actor1 was iterated.
The actor .Toplevel.Actor2 will be iterated.
The actor .Toplevel.Actor2 was iterated.
The actor .Toplevel.Delay will be iterated.
The actor .Toplevel.Delay was iterated.
Director: Called postfire().
Postfire returns: true
Director: Called prefire().
-- Setting current time to 0.0
Director prefire returns true.
The actor .Toplevel.Actor1 will be iterated.
The actor .Toplevel.Actor1 was iterated.
The actor .Toplevel.Actor2 will be iterated.
The actor .Toplevel.Actor2 was iterated.
The actor .Toplevel.Delay will be iterated.
The actor .Toplevel.Delay was iterated.
Director: Called postfire().
Postfire returns: true
Director: Called prefire().
-- Setting current time to 0.0
Director prefire returns true.
The actor .Toplevel.Actor1 will be iterated.
The actor .Toplevel.Actor1 was iterated.
The actor .Toplevel.Actor2 will be iterated.
The actor .Toplevel.Actor2 was iterated.
The actor .Toplevel.Delay will be iterated.
The actor .Toplevel.Delay was iterated.
Reached specified number of iterations: 6
Director: Called wrapup().
16 ms. Memory: 146944K Free: 141055K (96%)
11/09/18 02:47:44
Failed: 0  Total Tests: 8  ((Passed: 8, Newly Passed: 0)  Known Failed: 0) /home/travis/build/icyphy/ptII/ptolemy/domains/sdf/test
No auto/knownFailedTests/*.xml tests in /home/travis/build/icyphy/ptII/ptolemy/domains/sdf/test
No auto/linux-amd64/*.xml tests in /home/travis/build/icyphy/ptII/ptolemy/domains/sdf/test
AutoTests.java: About to close Vertx.
AutoTests.java: Vertx closed.

===========================================================================================
----------------- testing Fri Nov 09 02:47:45 UTC 2018 /home/travis/build/icyphy/ptII/ptolemy/domains/sdf/test/auto/Array.xml
----------------- Instantiating /home/travis/build/icyphy/ptII/ptolemy/domains/sdf/test/auto/Array.xml
32 ms. Memory: 146944K Free: 101082K (69%)
----------------- Invoking toplevel() on ptolemy.moml.MoMLSimpleApplication@5b926d74
----------------- Done invoking toplevel() on ptolemy.moml.MoMLSimpleApplication@5b926d74
reloadAllAccessors: .Array

===========================================================================================
----------------- testing Fri Nov 09 02:47:45 UTC 2018 /home/travis/build/icyphy/ptII/ptolemy/domains/sdf/test/auto/Butterfly.xml
----------------- Instantiating /home/travis/build/icyphy/ptII/ptolemy/domains/sdf/test/auto/Butterfly.xml
101 ms. Memory: 146944K Free: 95535K (65%)
----------------- Invoking toplevel() on ptolemy.moml.MoMLSimpleApplication@32f5455c
----------------- Done invoking toplevel() on ptolemy.moml.MoMLSimpleApplication@32f5455c
reloadAllAccessors: .Butterfly

===========================================================================================
----------------- testing Fri Nov 09 02:47:45 UTC 2018 /home/travis/build/icyphy/ptII/ptolemy/domains/sdf/test/auto/Expression.xml
----------------- Instantiating /home/travis/build/icyphy/ptII/ptolemy/domains/sdf/test/auto/Expression.xml
40 ms. Memory: 146944K Free: 89472K (61%)
----------------- Invoking toplevel() on ptolemy.moml.MoMLSimpleApplication@18f7a1c
----------------- Done invoking toplevel() on ptolemy.moml.MoMLSimpleApplication@18f7a1c
reloadAllAccessors: .Expression

===========================================================================================
----------------- testing Fri Nov 09 02:47:45 UTC 2018 /home/travis/build/icyphy/ptII/ptolemy/domains/sdf/test/auto/Eye.xml
----------------- Instantiating /home/travis/build/icyphy/ptII/ptolemy/domains/sdf/test/auto/Eye.xml
159 ms. Memory: 146944K Free: 121576K (83%)
----------------- Invoking toplevel() on ptolemy.moml.MoMLSimpleApplication@7d9a704b
----------------- Done invoking toplevel() on ptolemy.moml.MoMLSimpleApplication@7d9a704b
reloadAllAccessors: .Eye

===========================================================================================
----------------- testing Fri Nov 09 02:47:45 UTC 2018 /home/travis/build/icyphy/ptII/ptolemy/domains/sdf/test/auto/FixFIR.xml
----------------- Instantiating /home/travis/build/icyphy/ptII/ptolemy/domains/sdf/test/auto/FixFIR.xml
156 ms. Memory: 146944K Free: 85330K (58%)
----------------- Invoking toplevel() on ptolemy.moml.MoMLSimpleApplication@45cf693c
----------------- Done invoking toplevel() on ptolemy.moml.MoMLSimpleApplication@45cf693c
reloadAllAccessors: .FixFIR

===========================================================================================
----------------- testing Fri Nov 09 02:47:46 UTC 2018 /home/travis/build/icyphy/ptII/ptolemy/domains/sdf/test/auto/FixPoint.xml
----------------- Instantiating /home/travis/build/icyphy/ptII/ptolemy/domains/sdf/test/auto/FixPoint.xml
15 ms. Memory: 146944K Free: 80808K (55%)
----------------- Invoking toplevel() on ptolemy.moml.MoMLSimpleApplication@7a8ce98c
----------------- Done invoking toplevel() on ptolemy.moml.MoMLSimpleApplication@7a8ce98c
reloadAllAccessors: .FixPoint

===========================================================================================
----------------- testing Fri Nov 09 02:47:46 UTC 2018 /home/travis/build/icyphy/ptII/ptolemy/domains/sdf/test/auto/Gravitation.xml
----------------- Instantiating /home/travis/build/icyphy/ptII/ptolemy/domains/sdf/test/auto/Gravitation.xml
3177 ms. Memory: 208384K Free: 109975K (53%)
----------------- Invoking toplevel() on ptolemy.moml.MoMLSimpleApplication@372a047d
----------------- Done invoking toplevel() on ptolemy.moml.MoMLSimpleApplication@372a047d
reloadAllAccessors: .Gravitation

===========================================================================================
----------------- testing Fri Nov 09 02:47:49 UTC 2018 /home/travis/build/icyphy/ptII/ptolemy/domains/sdf/test/auto/GravitationWithCollisionDetection.xml
----------------- Instantiating /home/travis/build/icyphy/ptII/ptolemy/domains/sdf/test/auto/GravitationWithCollisionDetection.xml
6455 ms. Memory: 873472K Free: 320872K (37%)
----------------- Invoking toplevel() on ptolemy.moml.MoMLSimpleApplication@665fbc05
----------------- Done invoking toplevel() on ptolemy.moml.MoMLSimpleApplication@665fbc05
reloadAllAccessors: .GravitationWithCollisionDetection

===========================================================================================
----------------- testing Fri Nov 09 02:47:56 UTC 2018 /home/travis/build/icyphy/ptII/ptolemy/domains/sdf/test/auto/HDF.xml
----------------- Instantiating /home/travis/build/icyphy/ptII/ptolemy/domains/sdf/test/auto/HDF.xml
46 ms. Memory: 873472K Free: 288874K (33%)
----------------- Invoking toplevel() on ptolemy.moml.MoMLSimpleApplication@55bf5257
----------------- Done invoking toplevel() on ptolemy.moml.MoMLSimpleApplication@55bf5257
reloadAllAccessors: .HDF

===========================================================================================
----------------- testing Fri Nov 09 02:47:56 UTC 2018 /home/travis/build/icyphy/ptII/ptolemy/domains/sdf/test/auto/HDFwithTransientStates.xml
----------------- Instantiating /home/travis/build/icyphy/ptII/ptolemy/domains/sdf/test/auto/HDFwithTransientStates.xml
31 ms. Memory: 873472K Free: 264926K (30%)
----------------- Invoking toplevel() on ptolemy.moml.MoMLSimpleApplication@7af6f2e4
----------------- Done invoking toplevel() on ptolemy.moml.MoMLSimpleApplication@7af6f2e4
reloadAllAccessors: .HDFwithTransientStates

===========================================================================================
----------------- testing Fri Nov 09 02:47:56 UTC 2018 /home/travis/build/icyphy/ptII/ptolemy/domains/sdf/test/auto/HTVQ.xml
----------------- Instantiating /home/travis/build/icyphy/ptII/ptolemy/domains/sdf/test/auto/HTVQ.xml
834 ms. Memory: 873472K Free: 92134K (11%)
----------------- Invoking toplevel() on ptolemy.moml.MoMLSimpleApplication@6c56d4f7
----------------- Done invoking toplevel() on ptolemy.moml.MoMLSimpleApplication@6c56d4f7
reloadAllAccessors: .HTVQ

===========================================================================================
----------------- testing Fri Nov 09 02:47:57 UTC 2018 /home/travis/build/icyphy/ptII/ptolemy/domains/sdf/test/auto/InferInitProduction.xml
----------------- Instantiating /home/travis/build/icyphy/ptII/ptolemy/domains/sdf/test/auto/InferInitProduction.xml
4 ms. Memory: 873472K Free: 76426K (9%)
----------------- Invoking toplevel() on ptolemy.moml.MoMLSimpleApplication@29d6a4cb
----------------- Done invoking toplevel() on ptolemy.moml.MoMLSimpleApplication@29d6a4cb
reloadAllAccessors: .InferInitProduction

===========================================================================================
----------------- testing Fri Nov 09 02:47:57 UTC 2018 /home/travis/build/icyphy/ptII/ptolemy/domains/sdf/test/auto/InferInitProductionDeeper.xml
----------------- Instantiating /home/travis/build/icyphy/ptII/ptolemy/domains/sdf/test/auto/InferInitProductionDeeper.xml
5 ms. Memory: 874496K Free: 849299K (97%)
----------------- Invoking toplevel() on ptolemy.moml.MoMLSimpleApplication@63fd3ca6
----------------- Done invoking toplevel() on ptolemy.moml.MoMLSimpleApplication@63fd3ca6
reloadAllAccessors: .InferInitProductionDeeper

===========================================================================================
----------------- testing Fri Nov 09 02:47:57 UTC 2018 /home/travis/build/icyphy/ptII/ptolemy/domains/sdf/test/auto/LMSAdaptive.xml
----------------- Instantiating /home/travis/build/icyphy/ptII/ptolemy/domains/sdf/test/auto/LMSAdaptive.xml
17 ms. Memory: 874496K Free: 830170K (95%)
----------------- Invoking toplevel() on ptolemy.moml.MoMLSimpleApplication@48106d1f
----------------- Done invoking toplevel() on ptolemy.moml.MoMLSimpleApplication@48106d1f
reloadAllAccessors: .LMSAdaptive

===========================================================================================
----------------- testing Fri Nov 09 02:47:57 UTC 2018 /home/travis/build/icyphy/ptII/ptolemy/domains/sdf/test/auto/LogisticMap.xml
----------------- Instantiating /home/travis/build/icyphy/ptII/ptolemy/domains/sdf/test/auto/LogisticMap.xml
445 ms. Memory: 874496K Free: 819698K (94%)
----------------- Invoking toplevel() on ptolemy.moml.MoMLSimpleApplication@30cbfd99
----------------- Done invoking toplevel() on ptolemy.moml.MoMLSimpleApplication@30cbfd99
reloadAllAccessors: .LogisticMap

===========================================================================================
----------------- testing Fri Nov 09 02:47:57 UTC 2018 /home/travis/build/icyphy/ptII/ptolemy/domains/sdf/test/auto/MaximumEntropySpectrum.xml
----------------- Instantiating /home/travis/build/icyphy/ptII/ptolemy/domains/sdf/test/auto/MaximumEntropySpectrum.xml
79 ms. Memory: 874496K Free: 751517K (86%)
----------------- Invoking toplevel() on ptolemy.moml.MoMLSimpleApplication@684fa86b
----------------- Done invoking toplevel() on ptolemy.moml.MoMLSimpleApplication@684fa86b
reloadAllAccessors: .MaximumEntropySpectrum

===========================================================================================
----------------- testing Fri Nov 09 02:47:58 UTC 2018 /home/travis/build/icyphy/ptII/ptolemy/domains/sdf/test/auto/MultirateSDF.xml
----------------- Instantiating /home/travis/build/icyphy/ptII/ptolemy/domains/sdf/test/auto/MultirateSDF.xml
19 ms. Memory: 874496K Free: 730557K (84%)
----------------- Invoking toplevel() on ptolemy.moml.MoMLSimpleApplication@2932a32a
----------------- Done invoking toplevel() on ptolemy.moml.MoMLSimpleApplication@2932a32a
reloadAllAccessors: .MultirateSDF

===========================================================================================
----------------- testing Fri Nov 09 02:47:58 UTC 2018 /home/travis/build/icyphy/ptII/ptolemy/domains/sdf/test/auto/MultirateSDFwithTransientStates.xml
----------------- Instantiating /home/travis/build/icyphy/ptII/ptolemy/domains/sdf/test/auto/MultirateSDFwithTransientStates.xml
25 ms. Memory: 874496K Free: 704360K (81%)
----------------- Invoking toplevel() on ptolemy.moml.MoMLSimpleApplication@1f1bd690
----------------- Done invoking toplevel() on ptolemy.moml.MoMLSimpleApplication@1f1bd690
reloadAllAccessors: .MultirateSDFwithTransientStates

===========================================================================================
----------------- testing Fri Nov 09 02:47:58 UTC 2018 /home/travis/build/icyphy/ptII/ptolemy/domains/sdf/test/auto/NoisySinewave.xml
----------------- Instantiating /home/travis/build/icyphy/ptII/ptolemy/domains/sdf/test/auto/NoisySinewave.xml
12 ms. Memory: 874496K Free: 683384K (78%)
----------------- Invoking toplevel() on ptolemy.moml.MoMLSimpleApplication@32ffc407
----------------- Done invoking toplevel() on ptolemy.moml.MoMLSimpleApplication@32ffc407
reloadAllAccessors: .NoisySinewave

===========================================================================================
----------------- testing Fri Nov 09 02:47:58 UTC 2018 /home/travis/build/icyphy/ptII/ptolemy/domains/sdf/test/auto/Objects.xml
----------------- Instantiating /home/travis/build/icyphy/ptII/ptolemy/domains/sdf/test/auto/Objects.xml
3 ms. Memory: 874496K Free: 667659K (76%)
----------------- Invoking toplevel() on ptolemy.moml.MoMLSimpleApplication@4ecbc78a
----------------- Done invoking toplevel() on ptolemy.moml.MoMLSimpleApplication@4ecbc78a
reloadAllAccessors: .Objects

===========================================================================================
----------------- testing Fri Nov 09 02:47:58 UTC 2018 /home/travis/build/icyphy/ptII/ptolemy/domains/sdf/test/auto/OrthogonalCom.xml
----------------- Instantiating /home/travis/build/icyphy/ptII/ptolemy/domains/sdf/test/auto/OrthogonalCom.xml
6 ms. Memory: 874496K Free: 651943K (75%)
----------------- Invoking toplevel() on ptolemy.moml.MoMLSimpleApplication@53f8a27f
----------------- Done invoking toplevel() on ptolemy.moml.MoMLSimpleApplication@53f8a27f
reloadAllAccessors: .OrthogonalCom

===========================================================================================
----------------- testing Fri Nov 09 02:47:58 UTC 2018 /home/travis/build/icyphy/ptII/ptolemy/domains/sdf/test/auto/RijndaelEncryption.xml
----------------- Instantiating /home/travis/build/icyphy/ptII/ptolemy/domains/sdf/test/auto/RijndaelEncryption.xml
301 ms. Memory: 874496K Free: 489377K (56%)
----------------- Invoking toplevel() on ptolemy.moml.MoMLSimpleApplication@ac15450
----------------- Done invoking toplevel() on ptolemy.moml.MoMLSimpleApplication@ac15450
reloadAllAccessors: .RijndaelEncryption

===========================================================================================
----------------- testing Fri Nov 09 02:47:59 UTC 2018 /home/travis/build/icyphy/ptII/ptolemy/domains/sdf/test/auto/SDFEmptyIterations.xml
----------------- Instantiating /home/travis/build/icyphy/ptII/ptolemy/domains/sdf/test/auto/SDFEmptyIterations.xml
6 ms. Memory: 874496K Free: 475751K (54%)
----------------- Invoking toplevel() on ptolemy.moml.MoMLSimpleApplication@5aab6dbb
----------------- Done invoking toplevel() on ptolemy.moml.MoMLSimpleApplication@5aab6dbb
reloadAllAccessors: .SDFEmptyIterations

===========================================================================================
----------------- testing Fri Nov 09 02:47:59 UTC 2018 /home/travis/build/icyphy/ptII/ptolemy/domains/sdf/test/auto/Spectrum.xml
----------------- Instantiating /home/travis/build/icyphy/ptII/ptolemy/domains/sdf/test/auto/Spectrum.xml
32 ms. Memory: 874496K Free: 454791K (52%)
----------------- Invoking toplevel() on ptolemy.moml.MoMLSimpleApplication@296df4d2
----------------- Done invoking toplevel() on ptolemy.moml.MoMLSimpleApplication@296df4d2
reloadAllAccessors: .Spectrum

===========================================================================================
----------------- testing Fri Nov 09 02:47:59 UTC 2018 /home/travis/build/icyphy/ptII/ptolemy/domains/sdf/test/auto/de_inside_sdf.xml
----------------- Instantiating /home/travis/build/icyphy/ptII/ptolemy/domains/sdf/test/auto/de_inside_sdf.xml
8 ms. Memory: 874496K Free: 444319K (51%)
----------------- Invoking toplevel() on ptolemy.moml.MoMLSimpleApplication@1f3883f0
----------------- Done invoking toplevel() on ptolemy.moml.MoMLSimpleApplication@1f3883f0
reloadAllAccessors: .de_inside_sdf

===========================================================================================
----------------- testing Fri Nov 09 02:47:59 UTC 2018 /home/travis/build/icyphy/ptII/ptolemy/domains/sdf/test/auto/disconnectedHierarchicalSDF.xml
----------------- Instantiating /home/travis/build/icyphy/ptII/ptolemy/domains/sdf/test/auto/disconnectedHierarchicalSDF.xml
5 ms. Memory: 874496K Free: 433847K (50%)
----------------- Invoking toplevel() on ptolemy.moml.MoMLSimpleApplication@30ced6ce
----------------- Done invoking toplevel() on ptolemy.moml.MoMLSimpleApplication@30ced6ce
reloadAllAccessors: .disconnectedHierarchicalSDF

===========================================================================================
----------------- testing Fri Nov 09 02:47:59 UTC 2018 /home/travis/build/icyphy/ptII/ptolemy/domains/sdf/test/auto/disconnectedSDF.xml
----------------- Instantiating /home/travis/build/icyphy/ptII/ptolemy/domains/sdf/test/auto/disconnectedSDF.xml
3 ms. Memory: 874496K Free: 423375K (48%)
----------------- Invoking toplevel() on ptolemy.moml.MoMLSimpleApplication@583a6883
----------------- Done invoking toplevel() on ptolemy.moml.MoMLSimpleApplication@583a6883
reloadAllAccessors: .disconnectedSDF

===========================================================================================
----------------- testing Fri Nov 09 02:47:59 UTC 2018 /home/travis/build/icyphy/ptII/ptolemy/domains/sdf/test/auto/emptyRefinement.xml
----------------- Instantiating /home/travis/build/icyphy/ptII/ptolemy/domains/sdf/test/auto/emptyRefinement.xml
4 ms. Memory: 874496K Free: 412902K (47%)
----------------- Invoking toplevel() on ptolemy.moml.MoMLSimpleApplication@57277975
----------------- Done invoking toplevel() on ptolemy.moml.MoMLSimpleApplication@57277975
reloadAllAccessors: .emptyRefinement

===========================================================================================
----------------- testing Fri Nov 09 02:47:59 UTC 2018 /home/travis/build/icyphy/ptII/ptolemy/domains/sdf/test/auto/filePortParameter.xml
----------------- Instantiating /home/travis/build/icyphy/ptII/ptolemy/domains/sdf/test/auto/filePortParameter.xml
17 ms. Memory: 874496K Free: 397194K (45%)
----------------- Invoking toplevel() on ptolemy.moml.MoMLSimpleApplication@38d72e83
----------------- Done invoking toplevel() on ptolemy.moml.MoMLSimpleApplication@38d72e83
reloadAllAccessors: .filePortParameter

===========================================================================================
----------------- testing Fri Nov 09 02:47:59 UTC 2018 /home/travis/build/icyphy/ptII/ptolemy/domains/sdf/test/auto/inferRelationWidth1.xml
----------------- Instantiating /home/travis/build/icyphy/ptII/ptolemy/domains/sdf/test/auto/inferRelationWidth1.xml
3 ms. Memory: 874496K Free: 386722K (44%)
----------------- Invoking toplevel() on ptolemy.moml.MoMLSimpleApplication@1f7fa428
----------------- Done invoking toplevel() on ptolemy.moml.MoMLSimpleApplication@1f7fa428
reloadAllAccessors: .inferRelationWidth1

===========================================================================================
----------------- testing Fri Nov 09 02:47:59 UTC 2018 /home/travis/build/icyphy/ptII/ptolemy/domains/sdf/test/auto/initProductionInference.xml
----------------- Instantiating /home/travis/build/icyphy/ptII/ptolemy/domains/sdf/test/auto/initProductionInference.xml
7 ms. Memory: 874496K Free: 376250K (43%)
----------------- Invoking toplevel() on ptolemy.moml.MoMLSimpleApplication@750a4827
----------------- Done invoking toplevel() on ptolemy.moml.MoMLSimpleApplication@750a4827
reloadAllAccessors: .initProductionInference

===========================================================================================
----------------- testing Fri Nov 09 02:47:59 UTC 2018 /home/travis/build/icyphy/ptII/ptolemy/domains/sdf/test/auto/relationGroup.xml
----------------- Instantiating /home/travis/build/icyphy/ptII/ptolemy/domains/sdf/test/auto/relationGroup.xml
2 ms. Memory: 874496K Free: 365778K (42%)
----------------- Invoking toplevel() on ptolemy.moml.MoMLSimpleApplication@4b0f2305
----------------- Done invoking toplevel() on ptolemy.moml.MoMLSimpleApplication@4b0f2305
reloadAllAccessors: .relationGroup

===========================================================================================
----------------- testing Fri Nov 09 02:47:59 UTC 2018 /home/travis/build/icyphy/ptII/ptolemy/domains/sdf/test/auto/relationGroup10.xml
----------------- Instantiating /home/travis/build/icyphy/ptII/ptolemy/domains/sdf/test/auto/relationGroup10.xml
2 ms. Memory: 874496K Free: 352152K (40%)
----------------- Invoking toplevel() on ptolemy.moml.MoMLSimpleApplication@16999cf4
----------------- Done invoking toplevel() on ptolemy.moml.MoMLSimpleApplication@16999cf4
reloadAllAccessors: .relationGroup10

===========================================================================================
----------------- testing Fri Nov 09 02:47:59 UTC 2018 /home/travis/build/icyphy/ptII/ptolemy/domains/sdf/test/auto/relationGroup11.xml
----------------- Instantiating /home/travis/build/icyphy/ptII/ptolemy/domains/sdf/test/auto/relationGroup11.xml
4 ms. Memory: 874496K Free: 341680K (39%)
----------------- Invoking toplevel() on ptolemy.moml.MoMLSimpleApplication@6e22ce63
----------------- Done invoking toplevel() on ptolemy.moml.MoMLSimpleApplication@6e22ce63
reloadAllAccessors: .relationGroup11

===========================================================================================
----------------- testing Fri Nov 09 02:47:59 UTC 2018 /home/travis/build/icyphy/ptII/ptolemy/domains/sdf/test/auto/relationGroup12.xml
----------------- Instantiating /home/travis/build/icyphy/ptII/ptolemy/domains/sdf/test/auto/relationGroup12.xml
2 ms. Memory: 874496K Free: 331208K (38%)
----------------- Invoking toplevel() on ptolemy.moml.MoMLSimpleApplication@366475be
----------------- Done invoking toplevel() on ptolemy.moml.MoMLSimpleApplication@366475be
reloadAllAccessors: .relationGroup12

===========================================================================================
----------------- testing Fri Nov 09 02:47:59 UTC 2018 /home/travis/build/icyphy/ptII/ptolemy/domains/sdf/test/auto/relationGroup13.xml
----------------- Instantiating /home/travis/build/icyphy/ptII/ptolemy/domains/sdf/test/auto/relationGroup13.xml
9 ms. Memory: 874496K Free: 320735K (37%)
----------------- Invoking toplevel() on ptolemy.moml.MoMLSimpleApplication@6b56fff8
----------------- Done invoking toplevel() on ptolemy.moml.MoMLSimpleApplication@6b56fff8
reloadAllAccessors: .relationGroup13

===========================================================================================
----------------- testing Fri Nov 09 02:47:59 UTC 2018 /home/travis/build/icyphy/ptII/ptolemy/domains/sdf/test/auto/relationGroup14.xml
----------------- Instantiating /home/travis/build/icyphy/ptII/ptolemy/domains/sdf/test/auto/relationGroup14.xml
3 ms. Memory: 874496K Free: 310263K (35%)
----------------- Invoking toplevel() on ptolemy.moml.MoMLSimpleApplication@4b0cb23d
----------------- Done invoking toplevel() on ptolemy.moml.MoMLSimpleApplication@4b0cb23d
reloadAllAccessors: .relationGroup14

===========================================================================================
----------------- testing Fri Nov 09 02:47:59 UTC 2018 /home/travis/build/icyphy/ptII/ptolemy/domains/sdf/test/auto/relationGroup15.xml
----------------- Instantiating /home/travis/build/icyphy/ptII/ptolemy/domains/sdf/test/auto/relationGroup15.xml
1 ms. Memory: 874496K Free: 299791K (34%)
----------------- Invoking toplevel() on ptolemy.moml.MoMLSimpleApplication@1f440d32
----------------- Done invoking toplevel() on ptolemy.moml.MoMLSimpleApplication@1f440d32
reloadAllAccessors: .relationGroup15

===========================================================================================
----------------- testing Fri Nov 09 02:47:59 UTC 2018 /home/travis/build/icyphy/ptII/ptolemy/domains/sdf/test/auto/relationGroup2.xml
----------------- Instantiating /home/travis/build/icyphy/ptII/ptolemy/domains/sdf/test/auto/relationGroup2.xml
2 ms. Memory: 874496K Free: 289319K (33%)
----------------- Invoking toplevel() on ptolemy.moml.MoMLSimpleApplication@55b4f8f9
----------------- Done invoking toplevel() on ptolemy.moml.MoMLSimpleApplication@55b4f8f9
reloadAllAccessors: .relationGroup2

===========================================================================================
----------------- testing Fri Nov 09 02:47:59 UTC 2018 /home/travis/build/icyphy/ptII/ptolemy/domains/sdf/test/auto/relationGroup3.xml
----------------- Instantiating /home/travis/build/icyphy/ptII/ptolemy/domains/sdf/test/auto/relationGroup3.xml
2 ms. Memory: 874496K Free: 278847K (32%)
----------------- Invoking toplevel() on ptolemy.moml.MoMLSimpleApplication@1bf70b90
----------------- Done invoking toplevel() on ptolemy.moml.MoMLSimpleApplication@1bf70b90
reloadAllAccessors: .relationGroup3

===========================================================================================
----------------- testing Fri Nov 09 02:47:59 UTC 2018 /home/travis/build/icyphy/ptII/ptolemy/domains/sdf/test/auto/relationGroup4.xml
----------------- Instantiating /home/travis/build/icyphy/ptII/ptolemy/domains/sdf/test/auto/relationGroup4.xml
5 ms. Memory: 874496K Free: 268375K (31%)
----------------- Invoking toplevel() on ptolemy.moml.MoMLSimpleApplication@11aacccf
----------------- Done invoking toplevel() on ptolemy.moml.MoMLSimpleApplication@11aacccf
reloadAllAccessors: .relationGroup4

===========================================================================================
----------------- testing Fri Nov 09 02:47:59 UTC 2018 /home/travis/build/icyphy/ptII/ptolemy/domains/sdf/test/auto/relationGroup5.xml
----------------- Instantiating /home/travis/build/icyphy/ptII/ptolemy/domains/sdf/test/auto/relationGroup5.xml
4 ms. Memory: 874496K Free: 254749K (29%)
----------------- Invoking toplevel() on ptolemy.moml.MoMLSimpleApplication@66ddeeb9
----------------- Done invoking toplevel() on ptolemy.moml.MoMLSimpleApplication@66ddeeb9
reloadAllAccessors: .relationGroup5

===========================================================================================
----------------- testing Fri Nov 09 02:47:59 UTC 2018 /home/travis/build/icyphy/ptII/ptolemy/domains/sdf/test/auto/relationGroup6.xml
----------------- Instantiating /home/travis/build/icyphy/ptII/ptolemy/domains/sdf/test/auto/relationGroup6.xml
5 ms. Memory: 874496K Free: 244277K (28%)
----------------- Invoking toplevel() on ptolemy.moml.MoMLSimpleApplication@65cebfc8
----------------- Done invoking toplevel() on ptolemy.moml.MoMLSimpleApplication@65cebfc8
reloadAllAccessors: .relationGroup6

===========================================================================================
----------------- testing Fri Nov 09 02:47:59 UTC 2018 /home/travis/build/icyphy/ptII/ptolemy/domains/sdf/test/auto/relationGroup7.xml
----------------- Instantiating /home/travis/build/icyphy/ptII/ptolemy/domains/sdf/test/auto/relationGroup7.xml
3 ms. Memory: 874496K Free: 233805K (27%)
----------------- Invoking toplevel() on ptolemy.moml.MoMLSimpleApplication@382ea6da
----------------- Done invoking toplevel() on ptolemy.moml.MoMLSimpleApplication@382ea6da
reloadAllAccessors: .relationGroup7

===========================================================================================
----------------- testing Fri Nov 09 02:47:59 UTC 2018 /home/travis/build/icyphy/ptII/ptolemy/domains/sdf/test/auto/relationGroup8.xml
----------------- Instantiating /home/travis/build/icyphy/ptII/ptolemy/domains/sdf/test/auto/relationGroup8.xml
2 ms. Memory: 874496K Free: 223333K (26%)
----------------- Invoking toplevel() on ptolemy.moml.MoMLSimpleApplication@56d797cb
----------------- Done invoking toplevel() on ptolemy.moml.MoMLSimpleApplication@56d797cb
reloadAllAccessors: .relationGroup8

===========================================================================================
----------------- testing Fri Nov 09 02:47:59 UTC 2018 /home/travis/build/icyphy/ptII/ptolemy/domains/sdf/test/auto/relationGroup9.xml
----------------- Instantiating /home/travis/build/icyphy/ptII/ptolemy/domains/sdf/test/auto/relationGroup9.xml
3 ms. Memory: 874496K Free: 212861K (24%)
----------------- Invoking toplevel() on ptolemy.moml.MoMLSimpleApplication@61ff8301
----------------- Done invoking toplevel() on ptolemy.moml.MoMLSimpleApplication@61ff8301
reloadAllAccessors: .relationGroup9

===========================================================================================
----------------- testing Fri Nov 09 02:47:59 UTC 2018 /home/travis/build/icyphy/ptII/ptolemy/domains/sdf/test/auto/sdf_inside_de.xml
----------------- Instantiating /home/travis/build/icyphy/ptII/ptolemy/domains/sdf/test/auto/sdf_inside_de.xml
17 ms. Memory: 874496K Free: 197137K (23%)
----------------- Invoking toplevel() on ptolemy.moml.MoMLSimpleApplication@25393112
----------------- Done invoking toplevel() on ptolemy.moml.MoMLSimpleApplication@25393112
reloadAllAccessors: .sdf_inside_de

===========================================================================================
----------------- testing Fri Nov 09 02:47:59 UTC 2018 /home/travis/build/icyphy/ptII/ptolemy/domains/sdf/test/auto/sdf_inside_pn.xml
----------------- Instantiating /home/travis/build/icyphy/ptII/ptolemy/domains/sdf/test/auto/sdf_inside_pn.xml
44 ms. Memory: 874496K Free: 155248K (18%)
----------------- Invoking toplevel() on ptolemy.moml.MoMLSimpleApplication@1ae7e25a
----------------- Done invoking toplevel() on ptolemy.moml.MoMLSimpleApplication@1ae7e25a
reloadAllAccessors: .sdf_inside_pn

===========================================================================================
----------------- testing Fri Nov 09 02:47:59 UTC 2018 /home/travis/build/icyphy/ptII/ptolemy/domains/sdf/test/auto/sdf_sdf1.xml
----------------- Instantiating /home/travis/build/icyphy/ptII/ptolemy/domains/sdf/test/auto/sdf_sdf1.xml
3 ms. Memory: 874496K Free: 144776K (17%)
----------------- Invoking toplevel() on ptolemy.moml.MoMLSimpleApplication@c6cb3ed
----------------- Done invoking toplevel() on ptolemy.moml.MoMLSimpleApplication@c6cb3ed
reloadAllAccessors: .sdf_sdf1

===========================================================================================
----------------- testing Fri Nov 09 02:47:59 UTC 2018 /home/travis/build/icyphy/ptII/ptolemy/domains/sdf/test/auto/test1.xml
----------------- Instantiating /home/travis/build/icyphy/ptII/ptolemy/domains/sdf/test/auto/test1.xml
2 ms. Memory: 874496K Free: 134304K (15%)
----------------- Invoking toplevel() on ptolemy.moml.MoMLSimpleApplication@2ddb0fb1
----------------- Done invoking toplevel() on ptolemy.moml.MoMLSimpleApplication@2ddb0fb1
reloadAllAccessors: .test1

===========================================================================================
----------------- testing Fri Nov 09 02:47:59 UTC 2018 /home/travis/build/icyphy/ptII/ptolemy/domains/sdf/test/auto/time1.xml
----------------- Instantiating /home/travis/build/icyphy/ptII/ptolemy/domains/sdf/test/auto/time1.xml
2 ms. Memory: 874496K Free: 120678K (14%)
----------------- Invoking toplevel() on ptolemy.moml.MoMLSimpleApplication@8e7e48c
----------------- Done invoking toplevel() on ptolemy.moml.MoMLSimpleApplication@8e7e48c
reloadAllAccessors: .time1

===========================================================================================
----------------- testing Fri Nov 09 02:48:00 UTC 2018 /home/travis/build/icyphy/ptII/ptolemy/domains/sdf/test/auto/time2.xml
----------------- Instantiating /home/travis/build/icyphy/ptII/ptolemy/domains/sdf/test/auto/time2.xml
2 ms. Memory: 874496K Free: 110206K (13%)
----------------- Invoking toplevel() on ptolemy.moml.MoMLSimpleApplication@158fcfd
----------------- Done invoking toplevel() on ptolemy.moml.MoMLSimpleApplication@158fcfd
reloadAllAccessors: .time2

===========================================================================================
----------------- testing Fri Nov 09 02:48:00 UTC 2018 /home/travis/build/icyphy/ptII/ptolemy/domains/sdf/test/auto/time3.xml
----------------- Instantiating /home/travis/build/icyphy/ptII/ptolemy/domains/sdf/test/auto/time3.xml
8 ms. Memory: 874496K Free: 99734K (11%)
----------------- Invoking toplevel() on ptolemy.moml.MoMLSimpleApplication@5ef3228b
----------------- Done invoking toplevel() on ptolemy.moml.MoMLSimpleApplication@5ef3228b
reloadAllAccessors: .time3

===========================================================================================
----------------- testing Fri Nov 09 02:48:00 UTC 2018 /home/travis/build/icyphy/ptII/ptolemy/domains/sdf/test/auto/time4.xml
----------------- Instantiating /home/travis/build/icyphy/ptII/ptolemy/domains/sdf/test/auto/time4.xml
4 ms. Memory: 874496K Free: 89262K (10%)
----------------- Invoking toplevel() on ptolemy.moml.MoMLSimpleApplication@ec5c129
----------------- Done invoking toplevel() on ptolemy.moml.MoMLSimpleApplication@ec5c129
reloadAllAccessors: .time4

===========================================================================================
----------------- testing Fri Nov 09 02:48:00 UTC 2018 /home/travis/build/icyphy/ptII/ptolemy/domains/sdf/test/auto/time5.xml
----------------- Instantiating /home/travis/build/icyphy/ptII/ptolemy/domains/sdf/test/auto/time5.xml
4002 ms. Memory: 874496K Free: 78789K (9%)
----------------- Invoking toplevel() on ptolemy.moml.MoMLSimpleApplication@22f2aff2
----------------- Done invoking toplevel() on ptolemy.moml.MoMLSimpleApplication@22f2aff2
reloadAllAccessors: .time5

===========================================================================================
----------------- testing Fri Nov 09 02:48:04 UTC 2018 /home/travis/build/icyphy/ptII/ptolemy/domains/sdf/test/auto/typeSystem_Const_Integer_smallest_Type.xml
----------------- Instantiating /home/travis/build/icyphy/ptII/ptolemy/domains/sdf/test/auto/typeSystem_Const_Integer_smallest_Type.xml
4 ms. Memory: 830464K Free: 810009K (98%)
----------------- Invoking toplevel() on ptolemy.moml.MoMLSimpleApplication@a9346ec
----------------- Done invoking toplevel() on ptolemy.moml.MoMLSimpleApplication@a9346ec
reloadAllAccessors: .typeSystem_Const_Integer_smallest_Type

===========================================================================================
----------------- testing Fri Nov 09 02:48:04 UTC 2018 /home/travis/build/icyphy/ptII/ptolemy/domains/sdf/test/auto/typeSystem_declared_Inports_OutportTypeException.xml
----------------- Instantiating /home/travis/build/icyphy/ptII/ptolemy/domains/sdf/test/auto/typeSystem_declared_Inports_OutportTypeException.xml
.typeSystem_declared_Inports_OutportTypeException.TestExceptionAttribute: initialize() was not invoked, but wrapup() was.  This is unusual, but not always a problem.  For example, exporting JNLP will do this.
2 ms. Memory: 830464K Free: 797989K (96%)
----------------- Invoking toplevel() on ptolemy.moml.MoMLSimpleApplication@6d2d25f0
----------------- Done invoking toplevel() on ptolemy.moml.MoMLSimpleApplication@6d2d25f0
reloadAllAccessors: .typeSystem_declared_Inports_OutportTypeException

===========================================================================================
----------------- testing Fri Nov 09 02:48:04 UTC 2018 /home/travis/build/icyphy/ptII/ptolemy/domains/sdf/test/auto/typeSystem_oneDeclaredInportType_wrongTypeOutport.xml
----------------- Instantiating /home/travis/build/icyphy/ptII/ptolemy/domains/sdf/test/auto/typeSystem_oneDeclaredInportType_wrongTypeOutport.xml
7 ms. Memory: 830464K Free: 788015K (95%)
----------------- Invoking toplevel() on ptolemy.moml.MoMLSimpleApplication@56b35544
----------------- Done invoking toplevel() on ptolemy.moml.MoMLSimpleApplication@56b35544
reloadAllAccessors: .typeSystem_oneDeclaredInportType_wrongTypeOutport

===========================================================================================
----------------- testing Fri Nov 09 02:48:04 UTC 2018 /home/travis/build/icyphy/ptII/ptolemy/domains/sdf/test/auto/width.xml
----------------- Instantiating /home/travis/build/icyphy/ptII/ptolemy/domains/sdf/test/auto/width.xml
3 ms. Memory: 830464K Free: 778041K (94%)
----------------- Invoking toplevel() on ptolemy.moml.MoMLSimpleApplication@4a2bf58a
----------------- Done invoking toplevel() on ptolemy.moml.MoMLSimpleApplication@4a2bf58a
reloadAllAccessors: .width

===========================================================================================
----------------- testing Fri Nov 09 02:48:04 UTC 2018 /home/travis/build/icyphy/ptII/ptolemy/domains/sdf/test/auto/width2.xml
----------------- Instantiating /home/travis/build/icyphy/ptII/ptolemy/domains/sdf/test/auto/width2.xml
30 ms. Memory: 830464K Free: 768067K (92%)
----------------- Invoking toplevel() on ptolemy.moml.MoMLSimpleApplication@1527e60e
----------------- Done invoking toplevel() on ptolemy.moml.MoMLSimpleApplication@1527e60e
reloadAllAccessors: .width2

===========================================================================================
----------------- testing Fri Nov 09 02:48:04 UTC 2018 /home/travis/build/icyphy/ptII/ptolemy/domains/sdf/test/auto/width3.xml
----------------- Instantiating /home/travis/build/icyphy/ptII/ptolemy/domains/sdf/test/auto/width3.xml
28 ms. Memory: 830464K Free: 757938K (91%)
----------------- Invoking toplevel() on ptolemy.moml.MoMLSimpleApplication@3c502d47
----------------- Done invoking toplevel() on ptolemy.moml.MoMLSimpleApplication@3c502d47
reloadAllAccessors: .width3
AutoTests.java: About to close Vertx.
AutoTests.java: Vertx closed.
]]></system-out>
  <system-err><![CDATA[java.lang.RuntimeException: Execution failed
	at ptolemy.moml.MoMLSimpleApplication$UnloadThread.run(MoMLSimpleApplication.java:402)
Caused by: ptolemy.actor.sched.NotSchedulableException: No solution exists for the balance equations.
Graph is not consistent under the SDF domain detected on external port .rateConsistency.actor.port2
  in .rateConsistency.SDF Director.Scheduler
	at ptolemy.domains.sdf.kernel.SDFScheduler._propagatePort(SDFScheduler.java:1425)
	at ptolemy.domains.sdf.kernel.SDFScheduler._solveBalanceEquations(SDFScheduler.java:710)
	at ptolemy.domains.sdf.kernel.SDFScheduler._getSchedule(SDFScheduler.java:566)
	at ptolemy.actor.sched.Scheduler.getSchedule(Scheduler.java:189)
	at ptolemy.domains.sdf.kernel.SDFDirector.createSchedule(SDFDirector.java:408)
	at ptolemy.domains.sdf.kernel.SDFDirector.preinitialize(SDFDirector.java:764)
	at ptolemy.actor.CompositeActor.preinitialize(CompositeActor.java:1828)
	at ptolemy.actor.Manager.preinitializeAndResolveTypes(Manager.java:1040)
	at ptolemy.actor.Manager.initialize(Manager.java:710)
	at ptolemy.actor.Manager.execute(Manager.java:356)
	at ptolemy.actor.Manager.run(Manager.java:1263)
	at ptolemy.actor.Manager$PtolemyRunThread.run(Manager.java:1915)
java.lang.RuntimeException: Execution failed
	at ptolemy.moml.MoMLSimpleApplication$UnloadThread.run(MoMLSimpleApplication.java:402)
Caused by: ptolemy.kernel.util.IllegalActionException: Failed to compute schedule:
  in .badRateChanges.typed composite actor.SDF Director
Because:
The SDF rate parameter may change. This is not allowed in SDF models that will be run through the code generator.  If you don't care about code generation, then you might consider setting the allowRateChanges parameter of the SDF director to false.
  in .badRateChanges.typed composite actor.Repeat.output.tokenProductionRate
	at ptolemy.domains.sdf.kernel.SDFDirector.createSchedule(SDFDirector.java:418)
	at ptolemy.domains.sdf.kernel.SDFDirector.preinitialize(SDFDirector.java:764)
	at ptolemy.actor.CompositeActor.preinitialize(CompositeActor.java:1828)
	at ptolemy.actor.Director.preinitialize(Director.java:1302)
	at ptolemy.actor.Director.preinitialize(Director.java:1257)
	at ptolemy.domains.sdf.kernel.SDFDirector.preinitialize(SDFDirector.java:763)
	at ptolemy.actor.CompositeActor.preinitialize(CompositeActor.java:1828)
	at ptolemy.actor.Manager.preinitializeAndResolveTypes(Manager.java:1040)
	at ptolemy.actor.Manager.initialize(Manager.java:710)
	at ptolemy.actor.Manager.execute(Manager.java:356)
	at ptolemy.actor.Manager.run(Manager.java:1263)
	at ptolemy.actor.Manager$PtolemyRunThread.run(Manager.java:1915)
Caused by: ptolemy.kernel.util.IllegalActionException: The SDF rate parameter may change. This is not allowed in SDF models that will be run through the code generator.  If you don't care about code generation, then you might consider setting the allowRateChanges parameter of the SDF director to false.
  in .badRateChanges.typed composite actor.Repeat.output.tokenProductionRate
	at ptolemy.domains.sdf.kernel.SDFScheduler._assertDynamicRateVariable(SDFScheduler.java:931)
	at ptolemy.domains.sdf.kernel.SDFScheduler._checkDynamicRateVariables(SDFScheduler.java:339)
	at ptolemy.domains.sdf.kernel.SDFScheduler._getSchedule(SDFScheduler.java:527)
	at ptolemy.actor.sched.Scheduler.getSchedule(Scheduler.java:189)
	at ptolemy.domains.sdf.kernel.SDFDirector.createSchedule(SDFDirector.java:408)
	... 11 more
java.lang.RuntimeException: Execution failed
	at ptolemy.moml.MoMLSimpleApplication$UnloadThread.run(MoMLSimpleApplication.java:402)
Caused by: ptolemy.kernel.util.IllegalActionException: Failed to compute schedule:
  in .badRateChanges2.typed composite actor.SDF Director
Because:
The SDF rate parameter may change. This is not allowed in SDF models that will be run through the code generator.  If you don't care about code generation, then you might consider setting the allowRateChanges parameter of the SDF director to false.
  in .badRateChanges2.typed composite actor.Repeat.output.tokenProductionRate
	at ptolemy.domains.sdf.kernel.SDFDirector.createSchedule(SDFDirector.java:418)
	at ptolemy.domains.sdf.kernel.SDFDirector.preinitialize(SDFDirector.java:764)
	at ptolemy.actor.CompositeActor.preinitialize(CompositeActor.java:1828)
	at ptolemy.actor.Director.preinitialize(Director.java:1302)
	at ptolemy.actor.Director.preinitialize(Director.java:1257)
	at ptolemy.domains.sdf.kernel.SDFDirector.preinitialize(SDFDirector.java:763)
	at ptolemy.actor.CompositeActor.preinitialize(CompositeActor.java:1828)
	at ptolemy.actor.Manager.preinitializeAndResolveTypes(Manager.java:1040)
	at ptolemy.actor.Manager.initialize(Manager.java:710)
	at ptolemy.actor.Manager.execute(Manager.java:356)
	at ptolemy.actor.Manager.run(Manager.java:1263)
	at ptolemy.actor.Manager$PtolemyRunThread.run(Manager.java:1915)
Caused by: ptolemy.kernel.util.IllegalActionException: The SDF rate parameter may change. This is not allowed in SDF models that will be run through the code generator.  If you don't care about code generation, then you might consider setting the allowRateChanges parameter of the SDF director to false.
  in .badRateChanges2.typed composite actor.Repeat.output.tokenProductionRate
	at ptolemy.domains.sdf.kernel.SDFScheduler._assertDynamicRateVariable(SDFScheduler.java:931)
	at ptolemy.domains.sdf.kernel.SDFScheduler._checkDynamicRateVariables(SDFScheduler.java:339)
	at ptolemy.domains.sdf.kernel.SDFScheduler._getSchedule(SDFScheduler.java:527)
	at ptolemy.actor.sched.Scheduler.getSchedule(Scheduler.java:189)
	at ptolemy.domains.sdf.kernel.SDFDirector.createSchedule(SDFDirector.java:408)
	... 11 more
java.lang.RuntimeException: Execution failed
	at ptolemy.moml.MoMLSimpleApplication$UnloadThread.run(MoMLSimpleApplication.java:402)
Caused by: ptolemy.actor.sched.NotSchedulableException: Actors remain that cannot be scheduled!

There are several possible reasons:
* SDF Graphs with feedback loops should have an actor with a delay in the loop, such as a SampleDelay.
* The SDF director has an "allowDisconnectedGraphs"parameter, which, when true, permits disconnected SDF graphs.
* The token consumption rate and production rates might be mismatched.
Usually, actors produce one token or consume one token on a port.  To produce or consume multiple tokens per firing, add a "tokenConsumptionRate" or "tokenProductionRate" parameter to the appropriate port.
Unscheduled actors:
.partiallyConnected.Const2 
Scheduled actors:
.partiallyConnected.Const 
  in .partiallyConnected.SDF Director.Scheduler
	at ptolemy.domains.sdf.kernel.SDFScheduler._scheduleConnectedActors(SDFScheduler.java:1828)
	at ptolemy.domains.sdf.kernel.SDFScheduler._getSchedule(SDFScheduler.java:587)
	at ptolemy.actor.sched.Scheduler.getSchedule(Scheduler.java:189)
	at ptolemy.domains.sdf.kernel.SDFDirector.createSchedule(SDFDirector.java:408)
	at ptolemy.domains.sdf.kernel.SDFDirector.preinitialize(SDFDirector.java:764)
	at ptolemy.actor.CompositeActor.preinitialize(CompositeActor.java:1828)
	at ptolemy.actor.Manager.preinitializeAndResolveTypes(Manager.java:1040)
	at ptolemy.actor.Manager.initialize(Manager.java:710)
	at ptolemy.actor.Manager.execute(Manager.java:356)
	at ptolemy.actor.Manager.run(Manager.java:1263)
	at ptolemy.actor.Manager$PtolemyRunThread.run(Manager.java:1915)
]]></system-err>
</testsuite>
