<?xml version="1.0" encoding="UTF-8" ?>
<testsuite errors="0" failures="0" hostname="travis-job-3a218caa-7e09-4857-b157-c96d2fd8fd97" name="ptolemy.domains.modal.test.junit.JUnitTclTest" skipped="0" tests="148" time="11.189" timestamp="2019-08-04T22:33:23">
  <properties>
[...]
</properties>
  <testcase classname="ptolemy.util.test.junit.TclTests" name="[0] /home/travis/build/icyphy/ptII/ptolemy/domains/modal/test/SystemLevelType.tcl (RunTclFile)" time="2.047" />
  <testcase classname="ptolemy.util.test.junit.AutoKnownFailedTests" name="[0] /home/travis/build/icyphy/ptII/ptolemy/domains/modal/test/auto/knownFailedTests/CannotAnalysisWithPreemption.xml (RunModel)" time="0.328" />
  <testcase classname="ptolemy.util.test.junit.AutoNameArchTests" name="[0] ThereAreNoAutoArchTests (RunModel)" time="0.001" />
  <testcase classname="ptolemy.util.test.junit.AutoTests" name="[0] /home/travis/build/icyphy/ptII/ptolemy/domains/modal/test/auto/ABPTest.xml (RunModel)" time="0.744" />
  <testcase classname="ptolemy.util.test.junit.AutoTests" name="[1] /home/travis/build/icyphy/ptII/ptolemy/domains/modal/test/auto/ABROFlat.xml (RunModel)" time="0.084" />
  <testcase classname="ptolemy.util.test.junit.AutoTests" name="[2] /home/travis/build/icyphy/ptII/ptolemy/domains/modal/test/auto/ABROFlat2.xml (RunModel)" time="0.076" />
  <testcase classname="ptolemy.util.test.junit.AutoTests" name="[3] /home/travis/build/icyphy/ptII/ptolemy/domains/modal/test/auto/ABRO_present_hmm.xml (RunModel)" time="0.164" />
  <testcase classname="ptolemy.util.test.junit.AutoTests" name="[4] /home/travis/build/icyphy/ptII/ptolemy/domains/modal/test/auto/AMICoderExample.xml (RunModel)" time="0.088" />
  <testcase classname="ptolemy.util.test.junit.AutoTests" name="[5] /home/travis/build/icyphy/ptII/ptolemy/domains/modal/test/auto/AbsentToPresent.xml (RunModel)" time="0.028" />
  <testcase classname="ptolemy.util.test.junit.AutoTests" name="[6] /home/travis/build/icyphy/ptII/ptolemy/domains/modal/test/auto/Blending.xml (RunModel)" time="0.302" />
  <testcase classname="ptolemy.util.test.junit.AutoTests" name="[7] /home/travis/build/icyphy/ptII/ptolemy/domains/modal/test/auto/Broadcast.xml (RunModel)" time="0.071" />
  <testcase classname="ptolemy.util.test.junit.AutoTests" name="[8] /home/travis/build/icyphy/ptII/ptolemy/domains/modal/test/auto/BroadcastHierarchy.xml (RunModel)" time="0.075" />
  <testcase classname="ptolemy.util.test.junit.AutoTests" name="[9] /home/travis/build/icyphy/ptII/ptolemy/domains/modal/test/auto/BroadcastHierarchy2.xml (RunModel)" time="0.112" />
  <testcase classname="ptolemy.util.test.junit.AutoTests" name="[10] /home/travis/build/icyphy/ptII/ptolemy/domains/modal/test/auto/BroadcastHierarchy3.xml (RunModel)" time="0.082" />
  <testcase classname="ptolemy.util.test.junit.AutoTests" name="[11] /home/travis/build/icyphy/ptII/ptolemy/domains/modal/test/auto/BroadcastHierarchy4.xml (RunModel)" time="0.071" />
  <testcase classname="ptolemy.util.test.junit.AutoTests" name="[12] /home/travis/build/icyphy/ptII/ptolemy/domains/modal/test/auto/CannotAnalysisWithPreemption2.xml (RunModel)" time="0.04" />
  <testcase classname="ptolemy.util.test.junit.AutoTests" name="[13] /home/travis/build/icyphy/ptII/ptolemy/domains/modal/test/auto/CannotAnalysisWithPreemption3.xml (RunModel)" time="0.032" />
  <testcase classname="ptolemy.util.test.junit.AutoTests" name="[14] /home/travis/build/icyphy/ptII/ptolemy/domains/modal/test/auto/CannotProduce.xml (RunModel)" time="0.026" />
  <testcase classname="ptolemy.util.test.junit.AutoTests" name="[15] /home/travis/build/icyphy/ptII/ptolemy/domains/modal/test/auto/CannotProduceModal.xml (RunModel)" time="0.025" />
  <testcase classname="ptolemy.util.test.junit.AutoTests" name="[16] /home/travis/build/icyphy/ptII/ptolemy/domains/modal/test/auto/Case.xml (RunModel)" time="0.08" />
  <testcase classname="ptolemy.util.test.junit.AutoTests" name="[17] /home/travis/build/icyphy/ptII/ptolemy/domains/modal/test/auto/Case1.xml (RunModel)" time="0.03" />
  <testcase classname="ptolemy.util.test.junit.AutoTests" name="[18] /home/travis/build/icyphy/ptII/ptolemy/domains/modal/test/auto/Case2.xml (RunModel)" time="0.062" />
  <testcase classname="ptolemy.util.test.junit.AutoTests" name="[19] /home/travis/build/icyphy/ptII/ptolemy/domains/modal/test/auto/CausalityInterface1.xml (RunModel)" time="0.033" />
  <testcase classname="ptolemy.util.test.junit.AutoTests" name="[20] /home/travis/build/icyphy/ptII/ptolemy/domains/modal/test/auto/CausalityInterface10.xml (RunModel)" time="0.08" />
  <testcase classname="ptolemy.util.test.junit.AutoTests" name="[21] /home/travis/build/icyphy/ptII/ptolemy/domains/modal/test/auto/CausalityInterface11.xml (RunModel)" time="0.056" />
  <testcase classname="ptolemy.util.test.junit.AutoTests" name="[22] /home/travis/build/icyphy/ptII/ptolemy/domains/modal/test/auto/CausalityInterface12.xml (RunModel)" time="0.059" />
  <testcase classname="ptolemy.util.test.junit.AutoTests" name="[23] /home/travis/build/icyphy/ptII/ptolemy/domains/modal/test/auto/CausalityInterface13.xml (RunModel)" time="0.078" />
  <testcase classname="ptolemy.util.test.junit.AutoTests" name="[24] /home/travis/build/icyphy/ptII/ptolemy/domains/modal/test/auto/CausalityInterface14.xml (RunModel)" time="0.056" />
  <testcase classname="ptolemy.util.test.junit.AutoTests" name="[25] /home/travis/build/icyphy/ptII/ptolemy/domains/modal/test/auto/CausalityInterface2.xml (RunModel)" time="0.034" />
  <testcase classname="ptolemy.util.test.junit.AutoTests" name="[26] /home/travis/build/icyphy/ptII/ptolemy/domains/modal/test/auto/CausalityInterface3.xml (RunModel)" time="0.027" />
  <testcase classname="ptolemy.util.test.junit.AutoTests" name="[27] /home/travis/build/icyphy/ptII/ptolemy/domains/modal/test/auto/CausalityInterface4.xml (RunModel)" time="0.027" />
  <testcase classname="ptolemy.util.test.junit.AutoTests" name="[28] /home/travis/build/icyphy/ptII/ptolemy/domains/modal/test/auto/CausalityInterface5.xml (RunModel)" time="0.032" />
  <testcase classname="ptolemy.util.test.junit.AutoTests" name="[29] /home/travis/build/icyphy/ptII/ptolemy/domains/modal/test/auto/CausalityInterface6.xml (RunModel)" time="0.04" />
  <testcase classname="ptolemy.util.test.junit.AutoTests" name="[30] /home/travis/build/icyphy/ptII/ptolemy/domains/modal/test/auto/CausalityInterface7.xml (RunModel)" time="0.036" />
  <testcase classname="ptolemy.util.test.junit.AutoTests" name="[31] /home/travis/build/icyphy/ptII/ptolemy/domains/modal/test/auto/CausalityInterface8.xml (RunModel)" time="0.05" />
  <testcase classname="ptolemy.util.test.junit.AutoTests" name="[32] /home/travis/build/icyphy/ptII/ptolemy/domains/modal/test/auto/CausalityInterface9.xml (RunModel)" time="0.036" />
  <testcase classname="ptolemy.util.test.junit.AutoTests" name="[33] /home/travis/build/icyphy/ptII/ptolemy/domains/modal/test/auto/ChainedTransitions.xml (RunModel)" time="0.162" />
  <testcase classname="ptolemy.util.test.junit.AutoTests" name="[34] /home/travis/build/icyphy/ptII/ptolemy/domains/modal/test/auto/CycleOfImmediateTransitionsFSM.xml (RunModel)" time="0.026" />
  <testcase classname="ptolemy.util.test.junit.AutoTests" name="[35] /home/travis/build/icyphy/ptII/ptolemy/domains/modal/test/auto/CycleOfImmediateTransitionsModal.xml (RunModel)" time="0.029" />
  <testcase classname="ptolemy.util.test.junit.AutoTests" name="[36] /home/travis/build/icyphy/ptII/ptolemy/domains/modal/test/auto/CycleOfImmediateTransitionsModal2.xml (RunModel)" time="0.031" />
  <testcase classname="ptolemy.util.test.junit.AutoTests" name="[37] /home/travis/build/icyphy/ptII/ptolemy/domains/modal/test/auto/CycleOfImmediateTransitionsModal3.xml (RunModel)" time="0.077" />
  <testcase classname="ptolemy.util.test.junit.AutoTests" name="[38] /home/travis/build/icyphy/ptII/ptolemy/domains/modal/test/auto/DeepModal1.xml (RunModel)" time="0.052" />
  <testcase classname="ptolemy.util.test.junit.AutoTests" name="[39] /home/travis/build/icyphy/ptII/ptolemy/domains/modal/test/auto/DeepModal2.xml (RunModel)" time="0.059" />
  <testcase classname="ptolemy.util.test.junit.AutoTests" name="[40] /home/travis/build/icyphy/ptII/ptolemy/domains/modal/test/auto/DeepModal3.xml (RunModel)" time="0.074" />
  <testcase classname="ptolemy.util.test.junit.AutoTests" name="[41] /home/travis/build/icyphy/ptII/ptolemy/domains/modal/test/auto/DeepModal4.xml (RunModel)" time="0.108" />
  <testcase classname="ptolemy.util.test.junit.AutoTests" name="[42] /home/travis/build/icyphy/ptII/ptolemy/domains/modal/test/auto/Default1.xml (RunModel)" time="0.019" />
  <testcase classname="ptolemy.util.test.junit.AutoTests" name="[43] /home/travis/build/icyphy/ptII/ptolemy/domains/modal/test/auto/Default2.xml (RunModel)" time="0.023" />
  <testcase classname="ptolemy.util.test.junit.AutoTests" name="[44] /home/travis/build/icyphy/ptII/ptolemy/domains/modal/test/auto/Default3.xml (RunModel)" time="0.024" />
  <testcase classname="ptolemy.util.test.junit.AutoTests" name="[45] /home/travis/build/icyphy/ptII/ptolemy/domains/modal/test/auto/Default4.xml (RunModel)" time="0.024" />
  <testcase classname="ptolemy.util.test.junit.AutoTests" name="[46] /home/travis/build/icyphy/ptII/ptolemy/domains/modal/test/auto/Default5.xml (RunModel)" time="0.04" />
  <testcase classname="ptolemy.util.test.junit.AutoTests" name="[47] /home/travis/build/icyphy/ptII/ptolemy/domains/modal/test/auto/EmptyGuard.xml (RunModel)" time="0.033" />
  <testcase classname="ptolemy.util.test.junit.AutoTests" name="[48] /home/travis/build/icyphy/ptII/ptolemy/domains/modal/test/auto/ErrorTransition1.xml (RunModel)" time="0.033" />
  <testcase classname="ptolemy.util.test.junit.AutoTests" name="[49] /home/travis/build/icyphy/ptII/ptolemy/domains/modal/test/auto/ErrorTransition10.xml (RunModel)" time="0.038" />
  <testcase classname="ptolemy.util.test.junit.AutoTests" name="[50] /home/travis/build/icyphy/ptII/ptolemy/domains/modal/test/auto/ErrorTransition11.xml (RunModel)" time="0.034" />
  <testcase classname="ptolemy.util.test.junit.AutoTests" name="[51] /home/travis/build/icyphy/ptII/ptolemy/domains/modal/test/auto/ErrorTransition2.xml (RunModel)" time="0.026" />
  <testcase classname="ptolemy.util.test.junit.AutoTests" name="[52] /home/travis/build/icyphy/ptII/ptolemy/domains/modal/test/auto/ErrorTransition3.xml (RunModel)" time="0.037" />
  <testcase classname="ptolemy.util.test.junit.AutoTests" name="[53] /home/travis/build/icyphy/ptII/ptolemy/domains/modal/test/auto/ErrorTransition4.xml (RunModel)" time="0.034" />
  <testcase classname="ptolemy.util.test.junit.AutoTests" name="[54] /home/travis/build/icyphy/ptII/ptolemy/domains/modal/test/auto/ErrorTransition5.xml (RunModel)" time="0.031" />
  <testcase classname="ptolemy.util.test.junit.AutoTests" name="[55] /home/travis/build/icyphy/ptII/ptolemy/domains/modal/test/auto/ErrorTransition6.xml (RunModel)" time="0.048" />
  <testcase classname="ptolemy.util.test.junit.AutoTests" name="[56] /home/travis/build/icyphy/ptII/ptolemy/domains/modal/test/auto/ErrorTransition7.xml (RunModel)" time="0.05" />
  <testcase classname="ptolemy.util.test.junit.AutoTests" name="[57] /home/travis/build/icyphy/ptII/ptolemy/domains/modal/test/auto/ErrorTransition8.xml (RunModel)" time="0.049" />
  <testcase classname="ptolemy.util.test.junit.AutoTests" name="[58] /home/travis/build/icyphy/ptII/ptolemy/domains/modal/test/auto/ErrorTransition9.xml (RunModel)" time="0.053" />
  <testcase classname="ptolemy.util.test.junit.AutoTests" name="[59] /home/travis/build/icyphy/ptII/ptolemy/domains/modal/test/auto/ExtendedFSM.xml (RunModel)" time="0.024" />
  <testcase classname="ptolemy.util.test.junit.AutoTests" name="[60] /home/travis/build/icyphy/ptII/ptolemy/domains/modal/test/auto/FinalStates.xml (RunModel)" time="0.023" />
  <testcase classname="ptolemy.util.test.junit.AutoTests" name="[61] /home/travis/build/icyphy/ptII/ptolemy/domains/modal/test/auto/FixedPointFSM.xml (RunModel)" time="0.043" />
  <testcase classname="ptolemy.util.test.junit.AutoTests" name="[62] /home/travis/build/icyphy/ptII/ptolemy/domains/modal/test/auto/FixedPointIterationFSMActor.xml (RunModel)" time="0.033" />
  <testcase classname="ptolemy.util.test.junit.AutoTests" name="[63] /home/travis/build/icyphy/ptII/ptolemy/domains/modal/test/auto/FixedPointIterationFSMActor2.xml (RunModel)" time="0.036" />
  <testcase classname="ptolemy.util.test.junit.AutoTests" name="[64] /home/travis/build/icyphy/ptII/ptolemy/domains/modal/test/auto/ForbiddenInstantanousLoop.xml (RunModel)" time="0.033" />
  <testcase classname="ptolemy.util.test.junit.AutoTests" name="[65] /home/travis/build/icyphy/ptII/ptolemy/domains/modal/test/auto/FunctionDependencyOfFSMActorTest.xml (RunModel)" time="0.034" />
  <testcase classname="ptolemy.util.test.junit.AutoTests" name="[66] /home/travis/build/icyphy/ptII/ptolemy/domains/modal/test/auto/GuardExpression.xml (RunModel)" time="0.019" />
  <testcase classname="ptolemy.util.test.junit.AutoTests" name="[67] /home/travis/build/icyphy/ptII/ptolemy/domains/modal/test/auto/GuardNotEvaluated.xml (RunModel)" time="0.081" />
  <testcase classname="ptolemy.util.test.junit.AutoTests" name="[68] /home/travis/build/icyphy/ptII/ptolemy/domains/modal/test/auto/GuardNotEvaluated2.xml (RunModel)" time="0.066" />
  <testcase classname="ptolemy.util.test.junit.AutoTests" name="[69] /home/travis/build/icyphy/ptII/ptolemy/domains/modal/test/auto/GuardOnAbsent.xml (RunModel)" time="0.053" />
  <testcase classname="ptolemy.util.test.junit.AutoTests" name="[70] /home/travis/build/icyphy/ptII/ptolemy/domains/modal/test/auto/HierarchicalFSMTypeInference.xml (RunModel)" time="0.033" />
  <testcase classname="ptolemy.util.test.junit.AutoTests" name="[71] /home/travis/build/icyphy/ptII/ptolemy/domains/modal/test/auto/Hysteresis.xml (RunModel)" time="0.038" />
  <testcase classname="ptolemy.util.test.junit.AutoTests" name="[72] /home/travis/build/icyphy/ptII/ptolemy/domains/modal/test/auto/HysteresisWithDefault.xml (RunModel)" time="0.075" />
  <testcase classname="ptolemy.util.test.junit.AutoTests" name="[73] /home/travis/build/icyphy/ptII/ptolemy/domains/modal/test/auto/HysteresisWithDefault2.xml (RunModel)" time="0.073" />
  <testcase classname="ptolemy.util.test.junit.AutoTests" name="[74] /home/travis/build/icyphy/ptII/ptolemy/domains/modal/test/auto/ImmediateNonConstructiveness.xml (RunModel)" time="0.023" />
  <testcase classname="ptolemy.util.test.junit.AutoTests" name="[75] /home/travis/build/icyphy/ptII/ptolemy/domains/modal/test/auto/ImmediateNonConstructiveness2.xml (RunModel)" time="0.017" />
  <testcase classname="ptolemy.util.test.junit.AutoTests" name="[76] /home/travis/build/icyphy/ptII/ptolemy/domains/modal/test/auto/ImmediateTransitionReset.xml (RunModel)" time="0.033" />
  <testcase classname="ptolemy.util.test.junit.AutoTests" name="[77] /home/travis/build/icyphy/ptII/ptolemy/domains/modal/test/auto/ImmediateTransitions1.xml (RunModel)" time="0.034" />
  <testcase classname="ptolemy.util.test.junit.AutoTests" name="[78] /home/travis/build/icyphy/ptII/ptolemy/domains/modal/test/auto/ImmediateTransitionsInstantaneousCommunication.xml (RunModel)" time="0.038" />
  <testcase classname="ptolemy.util.test.junit.AutoTests" name="[79] /home/travis/build/icyphy/ptII/ptolemy/domains/modal/test/auto/InitialImmediateTransition.xml (RunModel)" time="0.017" />
  <testcase classname="ptolemy.util.test.junit.AutoTests" name="[80] /home/travis/build/icyphy/ptII/ptolemy/domains/modal/test/auto/InitialOutputs.xml (RunModel)" time="0.015" />
  <testcase classname="ptolemy.util.test.junit.AutoTests" name="[81] /home/travis/build/icyphy/ptII/ptolemy/domains/modal/test/auto/InitialStateTransition1.xml (RunModel)" time="0.028" />
  <testcase classname="ptolemy.util.test.junit.AutoTests" name="[82] /home/travis/build/icyphy/ptII/ptolemy/domains/modal/test/auto/InitialStateTransition2.xml (RunModel)" time="0.025" />
  <testcase classname="ptolemy.util.test.junit.AutoTests" name="[83] /home/travis/build/icyphy/ptII/ptolemy/domains/modal/test/auto/InitialStateTransition3.xml (RunModel)" time="0.029" />
  <testcase classname="ptolemy.util.test.junit.AutoTests" name="[84] /home/travis/build/icyphy/ptII/ptolemy/domains/modal/test/auto/InitialStateTransition4.xml (RunModel)" time="0.028" />
  <testcase classname="ptolemy.util.test.junit.AutoTests" name="[85] /home/travis/build/icyphy/ptII/ptolemy/domains/modal/test/auto/MalformedGuardExpressionNotCaught.xml (RunModel)" time="0.027" />
  <testcase classname="ptolemy.util.test.junit.AutoTests" name="[86] /home/travis/build/icyphy/ptII/ptolemy/domains/modal/test/auto/ModalBSC.xml (RunModel)" time="0.09" />
  <testcase classname="ptolemy.util.test.junit.AutoTests" name="[87] /home/travis/build/icyphy/ptII/ptolemy/domains/modal/test/auto/ModalClocks.xml (RunModel)" time="0.071" />
  <testcase classname="ptolemy.util.test.junit.AutoTests" name="[88] /home/travis/build/icyphy/ptII/ptolemy/domains/modal/test/auto/ModalDelay.xml (RunModel)" time="0.069" />
  <testcase classname="ptolemy.util.test.junit.AutoTests" name="[89] /home/travis/build/icyphy/ptII/ptolemy/domains/modal/test/auto/ModalDelay2.xml (RunModel)" time="0.05" />
  <testcase classname="ptolemy.util.test.junit.AutoTests" name="[90] /home/travis/build/icyphy/ptII/ptolemy/domains/modal/test/auto/ModalModelFromMemo.xml (RunModel)" time="0.071" />
  <testcase classname="ptolemy.util.test.junit.AutoTests" name="[91] /home/travis/build/icyphy/ptII/ptolemy/domains/modal/test/auto/ModalModelWithMultirateTransient.xml (RunModel)" time="0.06" />
  <testcase classname="ptolemy.util.test.junit.AutoTests" name="[92] /home/travis/build/icyphy/ptII/ptolemy/domains/modal/test/auto/ModalModelWithReset.xml (RunModel)" time="0.042" />
  <testcase classname="ptolemy.util.test.junit.AutoTests" name="[93] /home/travis/build/icyphy/ptII/ptolemy/domains/modal/test/auto/MouseClickFSM.xml (RunModel)" time="0.043" />
  <testcase classname="ptolemy.util.test.junit.AutoTests" name="[94] /home/travis/build/icyphy/ptII/ptolemy/domains/modal/test/auto/MouseClickFSMModal.xml (RunModel)" time="0.033" />
  <testcase classname="ptolemy.util.test.junit.AutoTests" name="[95] /home/travis/build/icyphy/ptII/ptolemy/domains/modal/test/auto/NonStrictFSM_FeedbackLoop.xml (RunModel)" time="0.047" />
  <testcase classname="ptolemy.util.test.junit.AutoTests" name="[96] /home/travis/build/icyphy/ptII/ptolemy/domains/modal/test/auto/NonStrictFSM_FeedbackLoop_Refinement.xml (RunModel)" time="0.077" />
  <testcase classname="ptolemy.util.test.junit.AutoTests" name="[97] /home/travis/build/icyphy/ptII/ptolemy/domains/modal/test/auto/NonStrictFSM_FeedbackLoop_preemptive.xml (RunModel)" time="0.048" />
  <testcase classname="ptolemy.util.test.junit.AutoTests" name="[98] /home/travis/build/icyphy/ptII/ptolemy/domains/modal/test/auto/NormalTermination.xml (RunModel)" time="0.041" />
  <testcase classname="ptolemy.util.test.junit.AutoTests" name="[99] /home/travis/build/icyphy/ptII/ptolemy/domains/modal/test/auto/Pong.xml (RunModel)" time="0.108" />
  <testcase classname="ptolemy.util.test.junit.AutoTests" name="[100] /home/travis/build/icyphy/ptII/ptolemy/domains/modal/test/auto/Pong_test.xml (RunModel)" time="0.123" />
  <testcase classname="ptolemy.util.test.junit.AutoTests" name="[101] /home/travis/build/icyphy/ptII/ptolemy/domains/modal/test/auto/PreemptionHierarchy.xml (RunModel)" time="0.023" />
  <testcase classname="ptolemy.util.test.junit.AutoTests" name="[102] /home/travis/build/icyphy/ptII/ptolemy/domains/modal/test/auto/PreemptionHierarchy2.xml (RunModel)" time="0.027" />
  <testcase classname="ptolemy.util.test.junit.AutoTests" name="[103] /home/travis/build/icyphy/ptII/ptolemy/domains/modal/test/auto/PreemptiveTransition.xml (RunModel)" time="0.025" />
  <testcase classname="ptolemy.util.test.junit.AutoTests" name="[104] /home/travis/build/icyphy/ptII/ptolemy/domains/modal/test/auto/Priorities.xml (RunModel)" time="0.077" />
  <testcase classname="ptolemy.util.test.junit.AutoTests" name="[105] /home/travis/build/icyphy/ptII/ptolemy/domains/modal/test/auto/ResetFinal.xml (RunModel)" time="0.045" />
  <testcase classname="ptolemy.util.test.junit.AutoTests" name="[106] /home/travis/build/icyphy/ptII/ptolemy/domains/modal/test/auto/ResetFinal2.xml (RunModel)" time="0.029" />
  <testcase classname="ptolemy.util.test.junit.AutoTests" name="[107] /home/travis/build/icyphy/ptII/ptolemy/domains/modal/test/auto/ResetTransitionWithStartTime.xml (RunModel)" time="0.027" />
  <testcase classname="ptolemy.util.test.junit.AutoTests" name="[108] /home/travis/build/icyphy/ptII/ptolemy/domains/modal/test/auto/SDF-FSMComposite.xml (RunModel)" time="0.022" />
  <testcase classname="ptolemy.util.test.junit.AutoTests" name="[109] /home/travis/build/icyphy/ptII/ptolemy/domains/modal/test/auto/SeeminglyNondeterminate.xml (RunModel)" time="0.091" />
  <testcase classname="ptolemy.util.test.junit.AutoTests" name="[110] /home/travis/build/icyphy/ptII/ptolemy/domains/modal/test/auto/SeeminglyNondeterminate2.xml (RunModel)" time="0.072" />
  <testcase classname="ptolemy.util.test.junit.AutoTests" name="[111] /home/travis/build/icyphy/ptII/ptolemy/domains/modal/test/auto/SpontaneousFSM.xml (RunModel)" time="0.046" />
  <testcase classname="ptolemy.util.test.junit.AutoTests" name="[112] /home/travis/build/icyphy/ptII/ptolemy/domains/modal/test/auto/SpontaneousFSM2.xml (RunModel)" time="0.027" />
  <testcase classname="ptolemy.util.test.junit.AutoTests" name="[113] /home/travis/build/icyphy/ptII/ptolemy/domains/modal/test/auto/SpontaneousFSM3.xml (RunModel)" time="0.039" />
  <testcase classname="ptolemy.util.test.junit.AutoTests" name="[114] /home/travis/build/icyphy/ptII/ptolemy/domains/modal/test/auto/SpontaneousFSM4.xml (RunModel)" time="0.053" />
  <testcase classname="ptolemy.util.test.junit.AutoTests" name="[115] /home/travis/build/icyphy/ptII/ptolemy/domains/modal/test/auto/StateTrackerTest.xml (RunModel)" time="0.067" />
  <testcase classname="ptolemy.util.test.junit.AutoTests" name="[116] /home/travis/build/icyphy/ptII/ptolemy/domains/modal/test/auto/StrongImmediateTransition.xml (RunModel)" time="0.02" />
  <testcase classname="ptolemy.util.test.junit.AutoTests" name="[117] /home/travis/build/icyphy/ptII/ptolemy/domains/modal/test/auto/SustainHierarchy.xml (RunModel)" time="0.032" />
  <testcase classname="ptolemy.util.test.junit.AutoTests" name="[118] /home/travis/build/icyphy/ptII/ptolemy/domains/modal/test/auto/TerminationTransition1.xml (RunModel)" time="0.019" />
  <testcase classname="ptolemy.util.test.junit.AutoTests" name="[119] /home/travis/build/icyphy/ptII/ptolemy/domains/modal/test/auto/TerminationTransition2.xml (RunModel)" time="0.025" />
  <testcase classname="ptolemy.util.test.junit.AutoTests" name="[120] /home/travis/build/icyphy/ptII/ptolemy/domains/modal/test/auto/TerminationTransition3.xml (RunModel)" time="0.035" />
  <testcase classname="ptolemy.util.test.junit.AutoTests" name="[121] /home/travis/build/icyphy/ptII/ptolemy/domains/modal/test/auto/TerminationTransition4.xml (RunModel)" time="0.036" />
  <testcase classname="ptolemy.util.test.junit.AutoTests" name="[122] /home/travis/build/icyphy/ptII/ptolemy/domains/modal/test/auto/TerminationTransition5.xml (RunModel)" time="0.033" />
  <testcase classname="ptolemy.util.test.junit.AutoTests" name="[123] /home/travis/build/icyphy/ptII/ptolemy/domains/modal/test/auto/TerminationTransition6.xml (RunModel)" time="0.02" />
  <testcase classname="ptolemy.util.test.junit.AutoTests" name="[124] /home/travis/build/icyphy/ptII/ptolemy/domains/modal/test/auto/TerminationTransition7.xml (RunModel)" time="0.022" />
  <testcase classname="ptolemy.util.test.junit.AutoTests" name="[125] /home/travis/build/icyphy/ptII/ptolemy/domains/modal/test/auto/TerminationTransition8.xml (RunModel)" time="0.021" />
  <testcase classname="ptolemy.util.test.junit.AutoTests" name="[126] /home/travis/build/icyphy/ptII/ptolemy/domains/modal/test/auto/Thermostat_NoHysteresis.xml (RunModel)" time="0.051" />
  <testcase classname="ptolemy.util.test.junit.AutoTests" name="[127] /home/travis/build/icyphy/ptII/ptolemy/domains/modal/test/auto/TimedFSM.xml (RunModel)" time="0.033" />
  <testcase classname="ptolemy.util.test.junit.AutoTests" name="[128] /home/travis/build/icyphy/ptII/ptolemy/domains/modal/test/auto/Timeout1.xml (RunModel)" time="0.013" />
  <testcase classname="ptolemy.util.test.junit.AutoTests" name="[129] /home/travis/build/icyphy/ptII/ptolemy/domains/modal/test/auto/Timeout2.xml (RunModel)" time="0.021" />
  <testcase classname="ptolemy.util.test.junit.AutoTests" name="[130] /home/travis/build/icyphy/ptII/ptolemy/domains/modal/test/auto/Timeout3.xml (RunModel)" time="0.011" />
  <testcase classname="ptolemy.util.test.junit.AutoTests" name="[131] /home/travis/build/icyphy/ptII/ptolemy/domains/modal/test/auto/Timeout4.xml (RunModel)" time="0.013" />
  <testcase classname="ptolemy.util.test.junit.AutoTests" name="[132] /home/travis/build/icyphy/ptII/ptolemy/domains/modal/test/auto/TransientstateModelAdvanced.xml (RunModel)" time="0.033" />
  <testcase classname="ptolemy.util.test.junit.AutoTests" name="[133] /home/travis/build/icyphy/ptII/ptolemy/domains/modal/test/auto/TransientstateModelAdvanced2.xml (RunModel)" time="0.029" />
  <testcase classname="ptolemy.util.test.junit.AutoTests" name="[134] /home/travis/build/icyphy/ptII/ptolemy/domains/modal/test/auto/TransitionRefinements.xml (RunModel)" time="0.027" />
  <testcase classname="ptolemy.util.test.junit.AutoTests" name="[135] /home/travis/build/icyphy/ptII/ptolemy/domains/modal/test/auto/TwoRefinements1.xml (RunModel)" time="0.024" />
  <testcase classname="ptolemy.util.test.junit.AutoTests" name="[136] /home/travis/build/icyphy/ptII/ptolemy/domains/modal/test/auto/TwoRefinements2.xml (RunModel)" time="0.041" />
  <testcase classname="ptolemy.util.test.junit.AutoTests" name="[137] /home/travis/build/icyphy/ptII/ptolemy/domains/modal/test/auto/WeakImmediateTransition.xml (RunModel)" time="0.034" />
  <testcase classname="ptolemy.util.test.junit.AutoTests" name="[138] /home/travis/build/icyphy/ptII/ptolemy/domains/modal/test/auto/booleanSelect.xml (RunModel)" time="0.084" />
  <testcase classname="ptolemy.util.test.junit.AutoTests" name="[139] /home/travis/build/icyphy/ptII/ptolemy/domains/modal/test/auto/modalChangingParams.xml (RunModel)" time="0.307" />
  <testcase classname="ptolemy.util.test.junit.AutoTests" name="[140] /home/travis/build/icyphy/ptII/ptolemy/domains/modal/test/auto/modalModel.xml (RunModel)" time="0.025" />
  <testcase classname="ptolemy.util.test.junit.AutoTests" name="[141] /home/travis/build/icyphy/ptII/ptolemy/domains/modal/test/auto/modalModel2.xml (RunModel)" time="0.036" />
  <testcase classname="ptolemy.util.test.junit.AutoTests" name="[142] /home/travis/build/icyphy/ptII/ptolemy/domains/modal/test/auto/modalModel3.xml (RunModel)" time="0.045" />
  <testcase classname="ptolemy.util.test.junit.AutoTests" name="[143] /home/travis/build/icyphy/ptII/ptolemy/domains/modal/test/auto/model1.xml (RunModel)" time="0.021" />
  <testcase classname="ptolemy.util.test.junit.AutoTests" name="[144] /home/travis/build/icyphy/ptII/ptolemy/domains/modal/test/auto/test-direct-in-out.xml (RunModel)" time="0.024" />
  <system-out><![CDATA[/home/travis/build/icyphy/ptII/ptolemy/domains/modal/test/SystemLevelType.tcl
testDefs.tcl: setting time out to 9000 seconds at Sun Aug 04 22:33:23 UTC 2019
08/04/19 10:33:25
Failed: 0  Total Tests: 1  ((Passed: 1, Newly Passed: 0)  Known Failed: 0) /home/travis/build/icyphy/ptII/ptolemy/domains/modal/test
----------------- testing (KnownFailure) /home/travis/build/icyphy/ptII/ptolemy/domains/modal/test/auto/knownFailedTests/CannotAnalysisWithPreemption.xml
155 ms. Memory: 120832K Free: 46671K (39%)
Known Failure: java.lang.reflect.InvocationTargetException
No auto/linux-amd64/*.xml tests in /home/travis/build/icyphy/ptII/ptolemy/domains/modal/test
AutoTests.java: About to close Vertx.
AutoTests.java: Vertx closed.

===========================================================================================
----------------- testing Sun Aug 04 22:33:26 UTC 2019 /home/travis/build/icyphy/ptII/ptolemy/domains/modal/test/auto/ABPTest.xml
----------------- Instantiating /home/travis/build/icyphy/ptII/ptolemy/domains/modal/test/auto/ABPTest.xml
309 ms. Memory: 148480K Free: 95304K (64%)
----------------- Invoking toplevel() on ptolemy.moml.MoMLSimpleApplication@1fdfa10b
----------------- Done invoking toplevel() on ptolemy.moml.MoMLSimpleApplication@1fdfa10b
reloadAllAccessors: .ABPTest

===========================================================================================
----------------- testing Sun Aug 04 22:33:27 UTC 2019 /home/travis/build/icyphy/ptII/ptolemy/domains/modal/test/auto/ABROFlat.xml
----------------- Instantiating /home/travis/build/icyphy/ptII/ptolemy/domains/modal/test/auto/ABROFlat.xml
23 ms. Memory: 148480K Free: 79297K (53%)
----------------- Invoking toplevel() on ptolemy.moml.MoMLSimpleApplication@234cc0c5
----------------- Done invoking toplevel() on ptolemy.moml.MoMLSimpleApplication@234cc0c5
reloadAllAccessors: .ABROFlat

===========================================================================================
----------------- testing Sun Aug 04 22:33:27 UTC 2019 /home/travis/build/icyphy/ptII/ptolemy/domains/modal/test/auto/ABROFlat2.xml
----------------- Instantiating /home/travis/build/icyphy/ptII/ptolemy/domains/modal/test/auto/ABROFlat2.xml
25 ms. Memory: 148480K Free: 62372K (42%)
----------------- Invoking toplevel() on ptolemy.moml.MoMLSimpleApplication@1a78d927
----------------- Done invoking toplevel() on ptolemy.moml.MoMLSimpleApplication@1a78d927
reloadAllAccessors: .ABROFlat2

===========================================================================================
----------------- testing Sun Aug 04 22:33:27 UTC 2019 /home/travis/build/icyphy/ptII/ptolemy/domains/modal/test/auto/ABRO_present_hmm.xml
----------------- Instantiating /home/travis/build/icyphy/ptII/ptolemy/domains/modal/test/auto/ABRO_present_hmm.xml
35 ms. Memory: 148480K Free: 109581K (74%)
----------------- Invoking toplevel() on ptolemy.moml.MoMLSimpleApplication@1aabf90c
----------------- Done invoking toplevel() on ptolemy.moml.MoMLSimpleApplication@1aabf90c
reloadAllAccessors: .ABRO_present_hmm

===========================================================================================
----------------- testing Sun Aug 04 22:33:27 UTC 2019 /home/travis/build/icyphy/ptII/ptolemy/domains/modal/test/auto/AMICoderExample.xml
----------------- Instantiating /home/travis/build/icyphy/ptII/ptolemy/domains/modal/test/auto/AMICoderExample.xml
43 ms. Memory: 148480K Free: 99347K (67%)
----------------- Invoking toplevel() on ptolemy.moml.MoMLSimpleApplication@5be93301
----------------- Done invoking toplevel() on ptolemy.moml.MoMLSimpleApplication@5be93301
reloadAllAccessors: .AMICoderExample

===========================================================================================
----------------- testing Sun Aug 04 22:33:27 UTC 2019 /home/travis/build/icyphy/ptII/ptolemy/domains/modal/test/auto/AbsentToPresent.xml
----------------- Instantiating /home/travis/build/icyphy/ptII/ptolemy/domains/modal/test/auto/AbsentToPresent.xml
8 ms. Memory: 148480K Free: 94741K (64%)
----------------- Invoking toplevel() on ptolemy.moml.MoMLSimpleApplication@26903433
----------------- Done invoking toplevel() on ptolemy.moml.MoMLSimpleApplication@26903433
reloadAllAccessors: .AbsentToPresent

===========================================================================================
----------------- testing Sun Aug 04 22:33:27 UTC 2019 /home/travis/build/icyphy/ptII/ptolemy/domains/modal/test/auto/Blending.xml
----------------- Instantiating /home/travis/build/icyphy/ptII/ptolemy/domains/modal/test/auto/Blending.xml
184 ms. Memory: 148480K Free: 50195K (34%)
----------------- Invoking toplevel() on ptolemy.moml.MoMLSimpleApplication@1d6f8338
----------------- Done invoking toplevel() on ptolemy.moml.MoMLSimpleApplication@1d6f8338
reloadAllAccessors: .Blending

===========================================================================================
----------------- testing Sun Aug 04 22:33:28 UTC 2019 /home/travis/build/icyphy/ptII/ptolemy/domains/modal/test/auto/Broadcast.xml
----------------- Instantiating /home/travis/build/icyphy/ptII/ptolemy/domains/modal/test/auto/Broadcast.xml
12 ms. Memory: 184320K Free: 159757K (87%)
----------------- Invoking toplevel() on ptolemy.moml.MoMLSimpleApplication@5ba75fab
----------------- Done invoking toplevel() on ptolemy.moml.MoMLSimpleApplication@5ba75fab
reloadAllAccessors: .Broadcast

===========================================================================================
----------------- testing Sun Aug 04 22:33:28 UTC 2019 /home/travis/build/icyphy/ptII/ptolemy/domains/modal/test/auto/BroadcastHierarchy.xml
----------------- Instantiating /home/travis/build/icyphy/ptII/ptolemy/domains/modal/test/auto/BroadcastHierarchy.xml
19 ms. Memory: 184320K Free: 145941K (79%)
----------------- Invoking toplevel() on ptolemy.moml.MoMLSimpleApplication@548d213e
----------------- Done invoking toplevel() on ptolemy.moml.MoMLSimpleApplication@548d213e
reloadAllAccessors: .BroadcastHierarchy

===========================================================================================
----------------- testing Sun Aug 04 22:33:28 UTC 2019 /home/travis/build/icyphy/ptII/ptolemy/domains/modal/test/auto/BroadcastHierarchy2.xml
----------------- Instantiating /home/travis/build/icyphy/ptII/ptolemy/domains/modal/test/auto/BroadcastHierarchy2.xml
25 ms. Memory: 184320K Free: 119317K (65%)
----------------- Invoking toplevel() on ptolemy.moml.MoMLSimpleApplication@4b436922
----------------- Done invoking toplevel() on ptolemy.moml.MoMLSimpleApplication@4b436922
reloadAllAccessors: .BroadcastHierarchy2

===========================================================================================
----------------- testing Sun Aug 04 22:33:28 UTC 2019 /home/travis/build/icyphy/ptII/ptolemy/domains/modal/test/auto/BroadcastHierarchy3.xml
----------------- Instantiating /home/travis/build/icyphy/ptII/ptolemy/domains/modal/test/auto/BroadcastHierarchy3.xml
18 ms. Memory: 184320K Free: 98323K (53%)
----------------- Invoking toplevel() on ptolemy.moml.MoMLSimpleApplication@722b4044
----------------- Done invoking toplevel() on ptolemy.moml.MoMLSimpleApplication@722b4044
reloadAllAccessors: .BroadcastHierarchy3

===========================================================================================
----------------- testing Sun Aug 04 22:33:28 UTC 2019 /home/travis/build/icyphy/ptII/ptolemy/domains/modal/test/auto/BroadcastHierarchy4.xml
----------------- Instantiating /home/travis/build/icyphy/ptII/ptolemy/domains/modal/test/auto/BroadcastHierarchy4.xml
12 ms. Memory: 184320K Free: 74261K (40%)
----------------- Invoking toplevel() on ptolemy.moml.MoMLSimpleApplication@132dde8f
----------------- Done invoking toplevel() on ptolemy.moml.MoMLSimpleApplication@132dde8f
reloadAllAccessors: .BroadcastHierarchy4

===========================================================================================
----------------- testing Sun Aug 04 22:33:28 UTC 2019 /home/travis/build/icyphy/ptII/ptolemy/domains/modal/test/auto/CannotAnalysisWithPreemption2.xml
----------------- Instantiating /home/travis/build/icyphy/ptII/ptolemy/domains/modal/test/auto/CannotAnalysisWithPreemption2.xml
10 ms. Memory: 184320K Free: 67093K (36%)
----------------- Invoking toplevel() on ptolemy.moml.MoMLSimpleApplication@3e432c66
----------------- Done invoking toplevel() on ptolemy.moml.MoMLSimpleApplication@3e432c66
reloadAllAccessors: .CannotAnalysisWithPreemption2

===========================================================================================
----------------- testing Sun Aug 04 22:33:28 UTC 2019 /home/travis/build/icyphy/ptII/ptolemy/domains/modal/test/auto/CannotAnalysisWithPreemption3.xml
----------------- Instantiating /home/travis/build/icyphy/ptII/ptolemy/domains/modal/test/auto/CannotAnalysisWithPreemption3.xml
4 ms. Memory: 184320K Free: 156419K (85%)
----------------- Invoking toplevel() on ptolemy.moml.MoMLSimpleApplication@43d735e9
----------------- Done invoking toplevel() on ptolemy.moml.MoMLSimpleApplication@43d735e9
reloadAllAccessors: .CannotAnalysisWithPreemption3

===========================================================================================
----------------- testing Sun Aug 04 22:33:28 UTC 2019 /home/travis/build/icyphy/ptII/ptolemy/domains/modal/test/auto/CannotProduce.xml
----------------- Instantiating /home/travis/build/icyphy/ptII/ptolemy/domains/modal/test/auto/CannotProduce.xml
8 ms. Memory: 184320K Free: 149761K (81%)
----------------- Invoking toplevel() on ptolemy.moml.MoMLSimpleApplication@65b8bf07
----------------- Done invoking toplevel() on ptolemy.moml.MoMLSimpleApplication@65b8bf07
reloadAllAccessors: .CannotProduce

===========================================================================================
----------------- testing Sun Aug 04 22:33:28 UTC 2019 /home/travis/build/icyphy/ptII/ptolemy/domains/modal/test/auto/CannotProduceModal.xml
----------------- Instantiating /home/travis/build/icyphy/ptII/ptolemy/domains/modal/test/auto/CannotProduceModal.xml
5 ms. Memory: 184320K Free: 143107K (78%)
----------------- Invoking toplevel() on ptolemy.moml.MoMLSimpleApplication@454ba6ca
----------------- Done invoking toplevel() on ptolemy.moml.MoMLSimpleApplication@454ba6ca
reloadAllAccessors: .CannotProduceModal

===========================================================================================
----------------- testing Sun Aug 04 22:33:28 UTC 2019 /home/travis/build/icyphy/ptII/ptolemy/domains/modal/test/auto/Case.xml
----------------- Instantiating /home/travis/build/icyphy/ptII/ptolemy/domains/modal/test/auto/Case.xml
35 ms. Memory: 184320K Free: 131843K (72%)
----------------- Invoking toplevel() on ptolemy.moml.MoMLSimpleApplication@f870108
----------------- Done invoking toplevel() on ptolemy.moml.MoMLSimpleApplication@f870108
reloadAllAccessors: .Case

===========================================================================================
----------------- testing Sun Aug 04 22:33:28 UTC 2019 /home/travis/build/icyphy/ptII/ptolemy/domains/modal/test/auto/Case1.xml
----------------- Instantiating /home/travis/build/icyphy/ptII/ptolemy/domains/modal/test/auto/Case1.xml
8 ms. Memory: 184320K Free: 124675K (68%)
----------------- Invoking toplevel() on ptolemy.moml.MoMLSimpleApplication@3cb4dd66
----------------- Done invoking toplevel() on ptolemy.moml.MoMLSimpleApplication@3cb4dd66
reloadAllAccessors: .Case1

===========================================================================================
----------------- testing Sun Aug 04 22:33:28 UTC 2019 /home/travis/build/icyphy/ptII/ptolemy/domains/modal/test/auto/Case2.xml
----------------- Instantiating /home/travis/build/icyphy/ptII/ptolemy/domains/modal/test/auto/Case2.xml
27 ms. Memory: 184320K Free: 113921K (62%)
----------------- Invoking toplevel() on ptolemy.moml.MoMLSimpleApplication@6d8d6767
----------------- Done invoking toplevel() on ptolemy.moml.MoMLSimpleApplication@6d8d6767
reloadAllAccessors: .Case2

===========================================================================================
----------------- testing Sun Aug 04 22:33:28 UTC 2019 /home/travis/build/icyphy/ptII/ptolemy/domains/modal/test/auto/CausalityInterface1.xml
----------------- Instantiating /home/travis/build/icyphy/ptII/ptolemy/domains/modal/test/auto/CausalityInterface1.xml
8 ms. Memory: 184320K Free: 108801K (59%)
----------------- Invoking toplevel() on ptolemy.moml.MoMLSimpleApplication@3e62072c
----------------- Done invoking toplevel() on ptolemy.moml.MoMLSimpleApplication@3e62072c
reloadAllAccessors: .CausalityInterface1

===========================================================================================
----------------- testing Sun Aug 04 22:33:28 UTC 2019 /home/travis/build/icyphy/ptII/ptolemy/domains/modal/test/auto/CausalityInterface10.xml
----------------- Instantiating /home/travis/build/icyphy/ptII/ptolemy/domains/modal/test/auto/CausalityInterface10.xml
20 ms. Memory: 184320K Free: 95475K (52%)
----------------- Invoking toplevel() on ptolemy.moml.MoMLSimpleApplication@b10b42e
----------------- Done invoking toplevel() on ptolemy.moml.MoMLSimpleApplication@b10b42e
reloadAllAccessors: .CausalityInterface10

===========================================================================================
----------------- testing Sun Aug 04 22:33:28 UTC 2019 /home/travis/build/icyphy/ptII/ptolemy/domains/modal/test/auto/CausalityInterface11.xml
----------------- Instantiating /home/travis/build/icyphy/ptII/ptolemy/domains/modal/test/auto/CausalityInterface11.xml
9 ms. Memory: 184320K Free: 82147K (45%)
----------------- Invoking toplevel() on ptolemy.moml.MoMLSimpleApplication@370871d2
----------------- Done invoking toplevel() on ptolemy.moml.MoMLSimpleApplication@370871d2
reloadAllAccessors: .CausalityInterface11

===========================================================================================
----------------- testing Sun Aug 04 22:33:28 UTC 2019 /home/travis/build/icyphy/ptII/ptolemy/domains/modal/test/auto/CausalityInterface12.xml
----------------- Instantiating /home/travis/build/icyphy/ptII/ptolemy/domains/modal/test/auto/CausalityInterface12.xml
9 ms. Memory: 184320K Free: 68835K (37%)
----------------- Invoking toplevel() on ptolemy.moml.MoMLSimpleApplication@56ba9334
----------------- Done invoking toplevel() on ptolemy.moml.MoMLSimpleApplication@56ba9334
reloadAllAccessors: .CausalityInterface12

===========================================================================================
----------------- testing Sun Aug 04 22:33:28 UTC 2019 /home/travis/build/icyphy/ptII/ptolemy/domains/modal/test/auto/CausalityInterface13.xml
----------------- Instantiating /home/travis/build/icyphy/ptII/ptolemy/domains/modal/test/auto/CausalityInterface13.xml
14 ms. Memory: 184320K Free: 161301K (88%)
----------------- Invoking toplevel() on ptolemy.moml.MoMLSimpleApplication@672f544c
----------------- Done invoking toplevel() on ptolemy.moml.MoMLSimpleApplication@672f544c
reloadAllAccessors: .CausalityInterface13

===========================================================================================
----------------- testing Sun Aug 04 22:33:29 UTC 2019 /home/travis/build/icyphy/ptII/ptolemy/domains/modal/test/auto/CausalityInterface14.xml
----------------- Instantiating /home/travis/build/icyphy/ptII/ptolemy/domains/modal/test/auto/CausalityInterface14.xml
10 ms. Memory: 184320K Free: 147445K (80%)
----------------- Invoking toplevel() on ptolemy.moml.MoMLSimpleApplication@124d47e6
----------------- Done invoking toplevel() on ptolemy.moml.MoMLSimpleApplication@124d47e6
reloadAllAccessors: .CausalityInterface14

===========================================================================================
----------------- testing Sun Aug 04 22:33:29 UTC 2019 /home/travis/build/icyphy/ptII/ptolemy/domains/modal/test/auto/CausalityInterface2.xml
----------------- Instantiating /home/travis/build/icyphy/ptII/ptolemy/domains/modal/test/auto/CausalityInterface2.xml
3 ms. Memory: 184320K Free: 141331K (77%)
----------------- Invoking toplevel() on ptolemy.moml.MoMLSimpleApplication@7ac9dc14
----------------- Done invoking toplevel() on ptolemy.moml.MoMLSimpleApplication@7ac9dc14
reloadAllAccessors: .CausalityInterface2

===========================================================================================
----------------- testing Sun Aug 04 22:33:29 UTC 2019 /home/travis/build/icyphy/ptII/ptolemy/domains/modal/test/auto/CausalityInterface3.xml
----------------- Instantiating /home/travis/build/icyphy/ptII/ptolemy/domains/modal/test/auto/CausalityInterface3.xml
4 ms. Memory: 184320K Free: 134677K (73%)
----------------- Invoking toplevel() on ptolemy.moml.MoMLSimpleApplication@499f3de3
----------------- Done invoking toplevel() on ptolemy.moml.MoMLSimpleApplication@499f3de3
reloadAllAccessors: .CausalityInterface3

===========================================================================================
----------------- testing Sun Aug 04 22:33:29 UTC 2019 /home/travis/build/icyphy/ptII/ptolemy/domains/modal/test/auto/CausalityInterface4.xml
----------------- Instantiating /home/travis/build/icyphy/ptII/ptolemy/domains/modal/test/auto/CausalityInterface4.xml
3 ms. Memory: 184320K Free: 128019K (69%)
----------------- Invoking toplevel() on ptolemy.moml.MoMLSimpleApplication@32a43331
----------------- Done invoking toplevel() on ptolemy.moml.MoMLSimpleApplication@32a43331
reloadAllAccessors: .CausalityInterface4

===========================================================================================
----------------- testing Sun Aug 04 22:33:29 UTC 2019 /home/travis/build/icyphy/ptII/ptolemy/domains/modal/test/auto/CausalityInterface5.xml
----------------- Instantiating /home/travis/build/icyphy/ptII/ptolemy/domains/modal/test/auto/CausalityInterface5.xml
3 ms. Memory: 184320K Free: 119813K (65%)
----------------- Invoking toplevel() on ptolemy.moml.MoMLSimpleApplication@5b9e870e
----------------- Done invoking toplevel() on ptolemy.moml.MoMLSimpleApplication@5b9e870e
reloadAllAccessors: .CausalityInterface5

===========================================================================================
----------------- testing Sun Aug 04 22:33:29 UTC 2019 /home/travis/build/icyphy/ptII/ptolemy/domains/modal/test/auto/CausalityInterface6.xml
----------------- Instantiating /home/travis/build/icyphy/ptII/ptolemy/domains/modal/test/auto/CausalityInterface6.xml
5 ms. Memory: 184320K Free: 111621K (61%)
----------------- Invoking toplevel() on ptolemy.moml.MoMLSimpleApplication@5ef0df58
----------------- Done invoking toplevel() on ptolemy.moml.MoMLSimpleApplication@5ef0df58
reloadAllAccessors: .CausalityInterface6

===========================================================================================
----------------- testing Sun Aug 04 22:33:29 UTC 2019 /home/travis/build/icyphy/ptII/ptolemy/domains/modal/test/auto/CausalityInterface7.xml
----------------- Instantiating /home/travis/build/icyphy/ptII/ptolemy/domains/modal/test/auto/CausalityInterface7.xml
6 ms. Memory: 184320K Free: 103443K (56%)
----------------- Invoking toplevel() on ptolemy.moml.MoMLSimpleApplication@3b302e93
----------------- Done invoking toplevel() on ptolemy.moml.MoMLSimpleApplication@3b302e93
reloadAllAccessors: .CausalityInterface7

===========================================================================================
----------------- testing Sun Aug 04 22:33:29 UTC 2019 /home/travis/build/icyphy/ptII/ptolemy/domains/modal/test/auto/CausalityInterface8.xml
----------------- Instantiating /home/travis/build/icyphy/ptII/ptolemy/domains/modal/test/auto/CausalityInterface8.xml
6 ms. Memory: 184320K Free: 95245K (52%)
----------------- Invoking toplevel() on ptolemy.moml.MoMLSimpleApplication@4fe90504
----------------- Done invoking toplevel() on ptolemy.moml.MoMLSimpleApplication@4fe90504
reloadAllAccessors: .CausalityInterface8

===========================================================================================
----------------- testing Sun Aug 04 22:33:29 UTC 2019 /home/travis/build/icyphy/ptII/ptolemy/domains/modal/test/auto/CausalityInterface9.xml
----------------- Instantiating /home/travis/build/icyphy/ptII/ptolemy/domains/modal/test/auto/CausalityInterface9.xml
6 ms. Memory: 184320K Free: 86021K (47%)
----------------- Invoking toplevel() on ptolemy.moml.MoMLSimpleApplication@436567d4
----------------- Done invoking toplevel() on ptolemy.moml.MoMLSimpleApplication@436567d4
reloadAllAccessors: .CausalityInterface9

===========================================================================================
----------------- testing Sun Aug 04 22:33:29 UTC 2019 /home/travis/build/icyphy/ptII/ptolemy/domains/modal/test/auto/ChainedTransitions.xml
----------------- Instantiating /home/travis/build/icyphy/ptII/ptolemy/domains/modal/test/auto/ChainedTransitions.xml
97 ms. Memory: 184320K Free: 61459K (33%)
----------------- Invoking toplevel() on ptolemy.moml.MoMLSimpleApplication@78442b8a
----------------- Done invoking toplevel() on ptolemy.moml.MoMLSimpleApplication@78442b8a
reloadAllAccessors: .ChainedTransitions

===========================================================================================
----------------- testing Sun Aug 04 22:33:29 UTC 2019 /home/travis/build/icyphy/ptII/ptolemy/domains/modal/test/auto/CycleOfImmediateTransitionsFSM.xml
----------------- Instantiating /home/travis/build/icyphy/ptII/ptolemy/domains/modal/test/auto/CycleOfImmediateTransitionsFSM.xml
2 ms. Memory: 184320K Free: 162325K (88%)
----------------- Invoking toplevel() on ptolemy.moml.MoMLSimpleApplication@545de632
----------------- Done invoking toplevel() on ptolemy.moml.MoMLSimpleApplication@545de632
reloadAllAccessors: .CycleOfImmediateTransitionsFSM

===========================================================================================
----------------- testing Sun Aug 04 22:33:29 UTC 2019 /home/travis/build/icyphy/ptII/ptolemy/domains/modal/test/auto/CycleOfImmediateTransitionsModal.xml
----------------- Instantiating /home/travis/build/icyphy/ptII/ptolemy/domains/modal/test/auto/CycleOfImmediateTransitionsModal.xml
4 ms. Memory: 184320K Free: 156181K (85%)
----------------- Invoking toplevel() on ptolemy.moml.MoMLSimpleApplication@64151c49
----------------- Done invoking toplevel() on ptolemy.moml.MoMLSimpleApplication@64151c49
reloadAllAccessors: .CycleOfImmediateTransitionsModal

===========================================================================================
----------------- testing Sun Aug 04 22:33:29 UTC 2019 /home/travis/build/icyphy/ptII/ptolemy/domains/modal/test/auto/CycleOfImmediateTransitionsModal2.xml
----------------- Instantiating /home/travis/build/icyphy/ptII/ptolemy/domains/modal/test/auto/CycleOfImmediateTransitionsModal2.xml
8 ms. Memory: 184320K Free: 149523K (81%)
----------------- Invoking toplevel() on ptolemy.moml.MoMLSimpleApplication@1e5aaf05
----------------- Done invoking toplevel() on ptolemy.moml.MoMLSimpleApplication@1e5aaf05
reloadAllAccessors: .CycleOfImmediateTransitionsModal2

===========================================================================================
----------------- testing Sun Aug 04 22:33:29 UTC 2019 /home/travis/build/icyphy/ptII/ptolemy/domains/modal/test/auto/CycleOfImmediateTransitionsModal3.xml
----------------- Instantiating /home/travis/build/icyphy/ptII/ptolemy/domains/modal/test/auto/CycleOfImmediateTransitionsModal3.xml
14 ms. Memory: 184320K Free: 126981K (69%)
----------------- Invoking toplevel() on ptolemy.moml.MoMLSimpleApplication@553885e3
----------------- Done invoking toplevel() on ptolemy.moml.MoMLSimpleApplication@553885e3
reloadAllAccessors: .CycleOfImmediateTransitionsModal3

===========================================================================================
----------------- testing Sun Aug 04 22:33:29 UTC 2019 /home/travis/build/icyphy/ptII/ptolemy/domains/modal/test/auto/DeepModal1.xml
----------------- Instantiating /home/travis/build/icyphy/ptII/ptolemy/domains/modal/test/auto/DeepModal1.xml
26 ms. Memory: 184320K Free: 112629K (61%)
----------------- Invoking toplevel() on ptolemy.moml.MoMLSimpleApplication@4a9c924f
----------------- Done invoking toplevel() on ptolemy.moml.MoMLSimpleApplication@4a9c924f
reloadAllAccessors: .DeepModal1

===========================================================================================
----------------- testing Sun Aug 04 22:33:29 UTC 2019 /home/travis/build/icyphy/ptII/ptolemy/domains/modal/test/auto/DeepModal2.xml
----------------- Instantiating /home/travis/build/icyphy/ptII/ptolemy/domains/modal/test/auto/DeepModal2.xml
27 ms. Memory: 184320K Free: 94227K (51%)
----------------- Invoking toplevel() on ptolemy.moml.MoMLSimpleApplication@31702f8a
----------------- Done invoking toplevel() on ptolemy.moml.MoMLSimpleApplication@31702f8a
reloadAllAccessors: .DeepModal2

===========================================================================================
----------------- testing Sun Aug 04 22:33:29 UTC 2019 /home/travis/build/icyphy/ptII/ptolemy/domains/modal/test/auto/DeepModal3.xml
----------------- Instantiating /home/travis/build/icyphy/ptII/ptolemy/domains/modal/test/auto/DeepModal3.xml
29 ms. Memory: 184320K Free: 74771K (41%)
----------------- Invoking toplevel() on ptolemy.moml.MoMLSimpleApplication@56b89491
----------------- Done invoking toplevel() on ptolemy.moml.MoMLSimpleApplication@56b89491
reloadAllAccessors: .DeepModal3

===========================================================================================
----------------- testing Sun Aug 04 22:33:29 UTC 2019 /home/travis/build/icyphy/ptII/ptolemy/domains/modal/test/auto/DeepModal4.xml
----------------- Instantiating /home/travis/build/icyphy/ptII/ptolemy/domains/modal/test/auto/DeepModal4.xml
57 ms. Memory: 221184K Free: 198839K (90%)
----------------- Invoking toplevel() on ptolemy.moml.MoMLSimpleApplication@5d040a0
----------------- Done invoking toplevel() on ptolemy.moml.MoMLSimpleApplication@5d040a0
reloadAllAccessors: .DeepModal4

===========================================================================================
----------------- testing Sun Aug 04 22:33:30 UTC 2019 /home/travis/build/icyphy/ptII/ptolemy/domains/modal/test/auto/Default1.xml
----------------- Instantiating /home/travis/build/icyphy/ptII/ptolemy/domains/modal/test/auto/Default1.xml
3 ms. Memory: 221184K Free: 192021K (87%)
----------------- Invoking toplevel() on ptolemy.moml.MoMLSimpleApplication@19116731
----------------- Done invoking toplevel() on ptolemy.moml.MoMLSimpleApplication@19116731
reloadAllAccessors: .Default1

===========================================================================================
----------------- testing Sun Aug 04 22:33:30 UTC 2019 /home/travis/build/icyphy/ptII/ptolemy/domains/modal/test/auto/Default2.xml
----------------- Instantiating /home/travis/build/icyphy/ptII/ptolemy/domains/modal/test/auto/Default2.xml
9 ms. Memory: 221184K Free: 186387K (84%)
----------------- Invoking toplevel() on ptolemy.moml.MoMLSimpleApplication@70ccee57
----------------- Done invoking toplevel() on ptolemy.moml.MoMLSimpleApplication@70ccee57
reloadAllAccessors: .Default2

===========================================================================================
----------------- testing Sun Aug 04 22:33:30 UTC 2019 /home/travis/build/icyphy/ptII/ptolemy/domains/modal/test/auto/Default3.xml
----------------- Instantiating /home/travis/build/icyphy/ptII/ptolemy/domains/modal/test/auto/Default3.xml
6 ms. Memory: 221184K Free: 180243K (81%)
----------------- Invoking toplevel() on ptolemy.moml.MoMLSimpleApplication@6299935c
----------------- Done invoking toplevel() on ptolemy.moml.MoMLSimpleApplication@6299935c
reloadAllAccessors: .Default3

===========================================================================================
----------------- testing Sun Aug 04 22:33:30 UTC 2019 /home/travis/build/icyphy/ptII/ptolemy/domains/modal/test/auto/Default4.xml
----------------- Instantiating /home/travis/build/icyphy/ptII/ptolemy/domains/modal/test/auto/Default4.xml
8 ms. Memory: 221184K Free: 174088K (79%)
----------------- Invoking toplevel() on ptolemy.moml.MoMLSimpleApplication@685c2db7
----------------- Done invoking toplevel() on ptolemy.moml.MoMLSimpleApplication@685c2db7
reloadAllAccessors: .Default4

===========================================================================================
----------------- testing Sun Aug 04 22:33:30 UTC 2019 /home/travis/build/icyphy/ptII/ptolemy/domains/modal/test/auto/Default5.xml
----------------- Instantiating /home/travis/build/icyphy/ptII/ptolemy/domains/modal/test/auto/Default5.xml
8 ms. Memory: 221184K Free: 165907K (75%)
----------------- Invoking toplevel() on ptolemy.moml.MoMLSimpleApplication@34c73966
----------------- Done invoking toplevel() on ptolemy.moml.MoMLSimpleApplication@34c73966
reloadAllAccessors: .Default5

===========================================================================================
----------------- testing Sun Aug 04 22:33:30 UTC 2019 /home/travis/build/icyphy/ptII/ptolemy/domains/modal/test/auto/EmptyGuard.xml
----------------- Instantiating /home/travis/build/icyphy/ptII/ptolemy/domains/modal/test/auto/EmptyGuard.xml
10 ms. Memory: 221184K Free: 157709K (71%)
----------------- Invoking toplevel() on ptolemy.moml.MoMLSimpleApplication@29706e86
----------------- Done invoking toplevel() on ptolemy.moml.MoMLSimpleApplication@29706e86
reloadAllAccessors: .EmptyGuard

===========================================================================================
----------------- testing Sun Aug 04 22:33:30 UTC 2019 /home/travis/build/icyphy/ptII/ptolemy/domains/modal/test/auto/ErrorTransition1.xml
----------------- Instantiating /home/travis/build/icyphy/ptII/ptolemy/domains/modal/test/auto/ErrorTransition1.xml
12 ms. Memory: 221184K Free: 148499K (67%)
----------------- Invoking toplevel() on ptolemy.moml.MoMLSimpleApplication@216c698
----------------- Done invoking toplevel() on ptolemy.moml.MoMLSimpleApplication@216c698
reloadAllAccessors: .ErrorTransition1

===========================================================================================
----------------- testing Sun Aug 04 22:33:30 UTC 2019 /home/travis/build/icyphy/ptII/ptolemy/domains/modal/test/auto/ErrorTransition10.xml
----------------- Instantiating /home/travis/build/icyphy/ptII/ptolemy/domains/modal/test/auto/ErrorTransition10.xml
14 ms. Memory: 221184K Free: 134677K (61%)
----------------- Invoking toplevel() on ptolemy.moml.MoMLSimpleApplication@3db03f44
----------------- Done invoking toplevel() on ptolemy.moml.MoMLSimpleApplication@3db03f44
reloadAllAccessors: .ErrorTransition10

===========================================================================================
----------------- testing Sun Aug 04 22:33:30 UTC 2019 /home/travis/build/icyphy/ptII/ptolemy/domains/modal/test/auto/ErrorTransition11.xml
----------------- Instantiating /home/travis/build/icyphy/ptII/ptolemy/domains/modal/test/auto/ErrorTransition11.xml
4 ms. Memory: 221184K Free: 123413K (56%)
----------------- Invoking toplevel() on ptolemy.moml.MoMLSimpleApplication@7b60af96
----------------- Done invoking toplevel() on ptolemy.moml.MoMLSimpleApplication@7b60af96
reloadAllAccessors: .ErrorTransition11

===========================================================================================
----------------- testing Sun Aug 04 22:33:30 UTC 2019 /home/travis/build/icyphy/ptII/ptolemy/domains/modal/test/auto/ErrorTransition2.xml
----------------- Instantiating /home/travis/build/icyphy/ptII/ptolemy/domains/modal/test/auto/ErrorTransition2.xml
8 ms. Memory: 221184K Free: 114707K (52%)
----------------- Invoking toplevel() on ptolemy.moml.MoMLSimpleApplication@46aa1d23
----------------- Done invoking toplevel() on ptolemy.moml.MoMLSimpleApplication@46aa1d23
reloadAllAccessors: .ErrorTransition2

===========================================================================================
----------------- testing Sun Aug 04 22:33:30 UTC 2019 /home/travis/build/icyphy/ptII/ptolemy/domains/modal/test/auto/ErrorTransition3.xml
----------------- Instantiating /home/travis/build/icyphy/ptII/ptolemy/domains/modal/test/auto/ErrorTransition3.xml
17 ms. Memory: 221184K Free: 104981K (47%)
----------------- Invoking toplevel() on ptolemy.moml.MoMLSimpleApplication@798181e2
----------------- Done invoking toplevel() on ptolemy.moml.MoMLSimpleApplication@798181e2
reloadAllAccessors: .ErrorTransition3

===========================================================================================
----------------- testing Sun Aug 04 22:33:30 UTC 2019 /home/travis/build/icyphy/ptII/ptolemy/domains/modal/test/auto/ErrorTransition4.xml
----------------- Instantiating /home/travis/build/icyphy/ptII/ptolemy/domains/modal/test/auto/ErrorTransition4.xml
14 ms. Memory: 221184K Free: 93717K (42%)
----------------- Invoking toplevel() on ptolemy.moml.MoMLSimpleApplication@c6bb4de
----------------- Done invoking toplevel() on ptolemy.moml.MoMLSimpleApplication@c6bb4de
reloadAllAccessors: .ErrorTransition4

===========================================================================================
----------------- testing Sun Aug 04 22:33:30 UTC 2019 /home/travis/build/icyphy/ptII/ptolemy/domains/modal/test/auto/ErrorTransition5.xml
----------------- Instantiating /home/travis/build/icyphy/ptII/ptolemy/domains/modal/test/auto/ErrorTransition5.xml
9 ms. Memory: 221184K Free: 83477K (38%)
----------------- Invoking toplevel() on ptolemy.moml.MoMLSimpleApplication@38a45cd7
----------------- Done invoking toplevel() on ptolemy.moml.MoMLSimpleApplication@38a45cd7
reloadAllAccessors: .ErrorTransition5

===========================================================================================
----------------- testing Sun Aug 04 22:33:30 UTC 2019 /home/travis/build/icyphy/ptII/ptolemy/domains/modal/test/auto/ErrorTransition6.xml
----------------- Instantiating /home/travis/build/icyphy/ptII/ptolemy/domains/modal/test/auto/ErrorTransition6.xml
10 ms. Memory: 221184K Free: 199287K (90%)
----------------- Invoking toplevel() on ptolemy.moml.MoMLSimpleApplication@387ef35f
----------------- Done invoking toplevel() on ptolemy.moml.MoMLSimpleApplication@387ef35f
reloadAllAccessors: .ErrorTransition6

===========================================================================================
----------------- testing Sun Aug 04 22:33:30 UTC 2019 /home/travis/build/icyphy/ptII/ptolemy/domains/modal/test/auto/ErrorTransition7.xml
----------------- Instantiating /home/travis/build/icyphy/ptII/ptolemy/domains/modal/test/auto/ErrorTransition7.xml
17 ms. Memory: 221184K Free: 186503K (84%)
----------------- Invoking toplevel() on ptolemy.moml.MoMLSimpleApplication@63e651eb
----------------- Done invoking toplevel() on ptolemy.moml.MoMLSimpleApplication@63e651eb
reloadAllAccessors: .ErrorTransition7

===========================================================================================
----------------- testing Sun Aug 04 22:33:30 UTC 2019 /home/travis/build/icyphy/ptII/ptolemy/domains/modal/test/auto/ErrorTransition8.xml
----------------- Instantiating /home/travis/build/icyphy/ptII/ptolemy/domains/modal/test/auto/ErrorTransition8.xml
25 ms. Memory: 221184K Free: 173191K (78%)
----------------- Invoking toplevel() on ptolemy.moml.MoMLSimpleApplication@6704238a
----------------- Done invoking toplevel() on ptolemy.moml.MoMLSimpleApplication@6704238a
reloadAllAccessors: .ErrorTransition8

===========================================================================================
----------------- testing Sun Aug 04 22:33:30 UTC 2019 /home/travis/build/icyphy/ptII/ptolemy/domains/modal/test/auto/ErrorTransition9.xml
----------------- Instantiating /home/travis/build/icyphy/ptII/ptolemy/domains/modal/test/auto/ErrorTransition9.xml
16 ms. Memory: 221184K Free: 159351K (72%)
----------------- Invoking toplevel() on ptolemy.moml.MoMLSimpleApplication@32f7c7a7
----------------- Done invoking toplevel() on ptolemy.moml.MoMLSimpleApplication@32f7c7a7
reloadAllAccessors: .ErrorTransition9

===========================================================================================
----------------- testing Sun Aug 04 22:33:30 UTC 2019 /home/travis/build/icyphy/ptII/ptolemy/domains/modal/test/auto/ExtendedFSM.xml
----------------- Instantiating /home/travis/build/icyphy/ptII/ptolemy/domains/modal/test/auto/ExtendedFSM.xml
6 ms. Memory: 221184K Free: 150663K (68%)
----------------- Invoking toplevel() on ptolemy.moml.MoMLSimpleApplication@3e2550c6
----------------- Done invoking toplevel() on ptolemy.moml.MoMLSimpleApplication@3e2550c6
reloadAllAccessors: .ExtendedFSM

===========================================================================================
----------------- testing Sun Aug 04 22:33:30 UTC 2019 /home/travis/build/icyphy/ptII/ptolemy/domains/modal/test/auto/FinalStates.xml
----------------- Instantiating /home/travis/build/icyphy/ptII/ptolemy/domains/modal/test/auto/FinalStates.xml
7 ms. Memory: 221184K Free: 142471K (64%)
----------------- Invoking toplevel() on ptolemy.moml.MoMLSimpleApplication@1bee2d3e
----------------- Done invoking toplevel() on ptolemy.moml.MoMLSimpleApplication@1bee2d3e
reloadAllAccessors: .FinalStates

===========================================================================================
----------------- testing Sun Aug 04 22:33:30 UTC 2019 /home/travis/build/icyphy/ptII/ptolemy/domains/modal/test/auto/FixedPointFSM.xml
----------------- Instantiating /home/travis/build/icyphy/ptII/ptolemy/domains/modal/test/auto/FixedPointFSM.xml
18 ms. Memory: 221184K Free: 127615K (58%)
----------------- Invoking toplevel() on ptolemy.moml.MoMLSimpleApplication@5fb4bc97
----------------- Done invoking toplevel() on ptolemy.moml.MoMLSimpleApplication@5fb4bc97
reloadAllAccessors: .FixedPointFSM

===========================================================================================
----------------- testing Sun Aug 04 22:33:30 UTC 2019 /home/travis/build/icyphy/ptII/ptolemy/domains/modal/test/auto/FixedPointIterationFSMActor.xml
----------------- Instantiating /home/travis/build/icyphy/ptII/ptolemy/domains/modal/test/auto/FixedPointIterationFSMActor.xml
7 ms. Memory: 221184K Free: 116871K (53%)
----------------- Invoking toplevel() on ptolemy.moml.MoMLSimpleApplication@21d01a4c
----------------- Done invoking toplevel() on ptolemy.moml.MoMLSimpleApplication@21d01a4c
reloadAllAccessors: .FixedPointIterationFSMActor

===========================================================================================
----------------- testing Sun Aug 04 22:33:30 UTC 2019 /home/travis/build/icyphy/ptII/ptolemy/domains/modal/test/auto/FixedPointIterationFSMActor2.xml
----------------- Instantiating /home/travis/build/icyphy/ptII/ptolemy/domains/modal/test/auto/FixedPointIterationFSMActor2.xml
9 ms. Memory: 221184K Free: 104583K (47%)
----------------- Invoking toplevel() on ptolemy.moml.MoMLSimpleApplication@7c0e4485
----------------- Done invoking toplevel() on ptolemy.moml.MoMLSimpleApplication@7c0e4485
reloadAllAccessors: .FixedPointIterationFSMActor2

===========================================================================================
----------------- testing Sun Aug 04 22:33:30 UTC 2019 /home/travis/build/icyphy/ptII/ptolemy/domains/modal/test/auto/ForbiddenInstantanousLoop.xml
----------------- Instantiating /home/travis/build/icyphy/ptII/ptolemy/domains/modal/test/auto/ForbiddenInstantanousLoop.xml
7 ms. Memory: 221184K Free: 92295K (42%)
----------------- Invoking toplevel() on ptolemy.moml.MoMLSimpleApplication@42fb3ea5
----------------- Done invoking toplevel() on ptolemy.moml.MoMLSimpleApplication@42fb3ea5
reloadAllAccessors: .ForbiddenInstantanousLoop

===========================================================================================
----------------- testing Sun Aug 04 22:33:30 UTC 2019 /home/travis/build/icyphy/ptII/ptolemy/domains/modal/test/auto/FunctionDependencyOfFSMActorTest.xml
----------------- Instantiating /home/travis/build/icyphy/ptII/ptolemy/domains/modal/test/auto/FunctionDependencyOfFSMActorTest.xml
20 ms. Memory: 221184K Free: 85607K (39%)
----------------- Invoking toplevel() on ptolemy.moml.MoMLSimpleApplication@fe6eefa
----------------- Done invoking toplevel() on ptolemy.moml.MoMLSimpleApplication@fe6eefa
reloadAllAccessors: .FunctionDependencyOfFSMActorTest

===========================================================================================
----------------- testing Sun Aug 04 22:33:30 UTC 2019 /home/travis/build/icyphy/ptII/ptolemy/domains/modal/test/auto/GuardExpression.xml
----------------- Instantiating /home/travis/build/icyphy/ptII/ptolemy/domains/modal/test/auto/GuardExpression.xml
2 ms. Memory: 221184K Free: 80517K (36%)
----------------- Invoking toplevel() on ptolemy.moml.MoMLSimpleApplication@431c35bd
----------------- Done invoking toplevel() on ptolemy.moml.MoMLSimpleApplication@431c35bd
reloadAllAccessors: .GuardExpression

===========================================================================================
----------------- testing Sun Aug 04 22:33:30 UTC 2019 /home/travis/build/icyphy/ptII/ptolemy/domains/modal/test/auto/GuardNotEvaluated.xml
----------------- Instantiating /home/travis/build/icyphy/ptII/ptolemy/domains/modal/test/auto/GuardNotEvaluated.xml
14 ms. Memory: 221184K Free: 198388K (90%)
----------------- Invoking toplevel() on ptolemy.moml.MoMLSimpleApplication@a8cb02d
----------------- Done invoking toplevel() on ptolemy.moml.MoMLSimpleApplication@a8cb02d
reloadAllAccessors: .GuardNotEvaluated

===========================================================================================
----------------- testing Sun Aug 04 22:33:31 UTC 2019 /home/travis/build/icyphy/ptII/ptolemy/domains/modal/test/auto/GuardNotEvaluated2.xml
----------------- Instantiating /home/travis/build/icyphy/ptII/ptolemy/domains/modal/test/auto/GuardNotEvaluated2.xml
7 ms. Memory: 221184K Free: 188658K (85%)
----------------- Invoking toplevel() on ptolemy.moml.MoMLSimpleApplication@2357cf99
----------------- Done invoking toplevel() on ptolemy.moml.MoMLSimpleApplication@2357cf99
reloadAllAccessors: .GuardNotEvaluated2

===========================================================================================
----------------- testing Sun Aug 04 22:33:31 UTC 2019 /home/travis/build/icyphy/ptII/ptolemy/domains/modal/test/auto/GuardOnAbsent.xml
----------------- Instantiating /home/travis/build/icyphy/ptII/ptolemy/domains/modal/test/auto/GuardOnAbsent.xml
6 ms. Memory: 221184K Free: 181490K (82%)
----------------- Invoking toplevel() on ptolemy.moml.MoMLSimpleApplication@a56ee89
----------------- Done invoking toplevel() on ptolemy.moml.MoMLSimpleApplication@a56ee89
reloadAllAccessors: .GuardOnAbsent

===========================================================================================
----------------- testing Sun Aug 04 22:33:31 UTC 2019 /home/travis/build/icyphy/ptII/ptolemy/domains/modal/test/auto/HierarchicalFSMTypeInference.xml
----------------- Instantiating /home/travis/build/icyphy/ptII/ptolemy/domains/modal/test/auto/HierarchicalFSMTypeInference.xml
3 ms. Memory: 221184K Free: 170738K (77%)
----------------- Invoking toplevel() on ptolemy.moml.MoMLSimpleApplication@76832ae0
----------------- Done invoking toplevel() on ptolemy.moml.MoMLSimpleApplication@76832ae0
reloadAllAccessors: .HierarchicalFSMTypeInference

===========================================================================================
----------------- testing Sun Aug 04 22:33:31 UTC 2019 /home/travis/build/icyphy/ptII/ptolemy/domains/modal/test/auto/Hysteresis.xml
----------------- Instantiating /home/travis/build/icyphy/ptII/ptolemy/domains/modal/test/auto/Hysteresis.xml
9 ms. Memory: 221184K Free: 157428K (71%)
----------------- Invoking toplevel() on ptolemy.moml.MoMLSimpleApplication@dd336cf
----------------- Done invoking toplevel() on ptolemy.moml.MoMLSimpleApplication@dd336cf
reloadAllAccessors: .Hysteresis

===========================================================================================
----------------- testing Sun Aug 04 22:33:31 UTC 2019 /home/travis/build/icyphy/ptII/ptolemy/domains/modal/test/auto/HysteresisWithDefault.xml
----------------- Instantiating /home/travis/build/icyphy/ptII/ptolemy/domains/modal/test/auto/HysteresisWithDefault.xml
43 ms. Memory: 221184K Free: 134372K (61%)
----------------- Invoking toplevel() on ptolemy.moml.MoMLSimpleApplication@25e7ac8a
----------------- Done invoking toplevel() on ptolemy.moml.MoMLSimpleApplication@25e7ac8a
reloadAllAccessors: .HysteresisWithDefault

===========================================================================================
----------------- testing Sun Aug 04 22:33:31 UTC 2019 /home/travis/build/icyphy/ptII/ptolemy/domains/modal/test/auto/HysteresisWithDefault2.xml
----------------- Instantiating /home/travis/build/icyphy/ptII/ptolemy/domains/modal/test/auto/HysteresisWithDefault2.xml
44 ms. Memory: 221184K Free: 105204K (48%)
----------------- Invoking toplevel() on ptolemy.moml.MoMLSimpleApplication@54d06ea6
----------------- Done invoking toplevel() on ptolemy.moml.MoMLSimpleApplication@54d06ea6
reloadAllAccessors: .HysteresisWithDefault2

===========================================================================================
----------------- testing Sun Aug 04 22:33:31 UTC 2019 /home/travis/build/icyphy/ptII/ptolemy/domains/modal/test/auto/ImmediateNonConstructiveness.xml
----------------- Instantiating /home/travis/build/icyphy/ptII/ptolemy/domains/modal/test/auto/ImmediateNonConstructiveness.xml
4 ms. Memory: 221184K Free: 98036K (44%)
----------------- Invoking toplevel() on ptolemy.moml.MoMLSimpleApplication@4ed0ba05
----------------- Done invoking toplevel() on ptolemy.moml.MoMLSimpleApplication@4ed0ba05
reloadAllAccessors: .ImmediateNonConstructiveness

===========================================================================================
----------------- testing Sun Aug 04 22:33:31 UTC 2019 /home/travis/build/icyphy/ptII/ptolemy/domains/modal/test/auto/ImmediateNonConstructiveness2.xml
----------------- Instantiating /home/travis/build/icyphy/ptII/ptolemy/domains/modal/test/auto/ImmediateNonConstructiveness2.xml
2 ms. Memory: 221184K Free: 91378K (41%)
----------------- Invoking toplevel() on ptolemy.moml.MoMLSimpleApplication@5e367c22
----------------- Done invoking toplevel() on ptolemy.moml.MoMLSimpleApplication@5e367c22
reloadAllAccessors: .ImmediateNonConstructiveness2

===========================================================================================
----------------- testing Sun Aug 04 22:33:31 UTC 2019 /home/travis/build/icyphy/ptII/ptolemy/domains/modal/test/auto/ImmediateTransitionReset.xml
----------------- Instantiating /home/travis/build/icyphy/ptII/ptolemy/domains/modal/test/auto/ImmediateTransitionReset.xml
6 ms. Memory: 221184K Free: 79090K (36%)
----------------- Invoking toplevel() on ptolemy.moml.MoMLSimpleApplication@117a4634
----------------- Done invoking toplevel() on ptolemy.moml.MoMLSimpleApplication@117a4634
reloadAllAccessors: .ImmediateTransitionReset

===========================================================================================
----------------- testing Sun Aug 04 22:33:31 UTC 2019 /home/travis/build/icyphy/ptII/ptolemy/domains/modal/test/auto/ImmediateTransitions1.xml
----------------- Instantiating /home/travis/build/icyphy/ptII/ptolemy/domains/modal/test/auto/ImmediateTransitions1.xml
2 ms. Memory: 221184K Free: 200880K (91%)
----------------- Invoking toplevel() on ptolemy.moml.MoMLSimpleApplication@5388fc40
----------------- Done invoking toplevel() on ptolemy.moml.MoMLSimpleApplication@5388fc40
reloadAllAccessors: .ImmediateTransitions1

===========================================================================================
----------------- testing Sun Aug 04 22:33:31 UTC 2019 /home/travis/build/icyphy/ptII/ptolemy/domains/modal/test/auto/ImmediateTransitionsInstantaneousCommunication.xml
----------------- Instantiating /home/travis/build/icyphy/ptII/ptolemy/domains/modal/test/auto/ImmediateTransitionsInstantaneousCommunication.xml
4 ms. Memory: 221184K Free: 188598K (85%)
----------------- Invoking toplevel() on ptolemy.moml.MoMLSimpleApplication@65ca33e5
----------------- Done invoking toplevel() on ptolemy.moml.MoMLSimpleApplication@65ca33e5
reloadAllAccessors: .ImmediateTransitionsInstantaneousCommunication

===========================================================================================
----------------- testing Sun Aug 04 22:33:31 UTC 2019 /home/travis/build/icyphy/ptII/ptolemy/domains/modal/test/auto/InitialImmediateTransition.xml
----------------- Instantiating /home/travis/build/icyphy/ptII/ptolemy/domains/modal/test/auto/InitialImmediateTransition.xml
4 ms. Memory: 221184K Free: 181424K (82%)
----------------- Invoking toplevel() on ptolemy.moml.MoMLSimpleApplication@722e3d1
----------------- Done invoking toplevel() on ptolemy.moml.MoMLSimpleApplication@722e3d1
reloadAllAccessors: .InitialImmediateTransition

===========================================================================================
----------------- testing Sun Aug 04 22:33:31 UTC 2019 /home/travis/build/icyphy/ptII/ptolemy/domains/modal/test/auto/InitialOutputs.xml
----------------- Instantiating /home/travis/build/icyphy/ptII/ptolemy/domains/modal/test/auto/InitialOutputs.xml
3 ms. Memory: 221184K Free: 174776K (79%)
----------------- Invoking toplevel() on ptolemy.moml.MoMLSimpleApplication@6b638801
----------------- Done invoking toplevel() on ptolemy.moml.MoMLSimpleApplication@6b638801
reloadAllAccessors: .InitialOutputs

===========================================================================================
----------------- testing Sun Aug 04 22:33:31 UTC 2019 /home/travis/build/icyphy/ptII/ptolemy/domains/modal/test/auto/InitialStateTransition1.xml
----------------- Instantiating /home/travis/build/icyphy/ptII/ptolemy/domains/modal/test/auto/InitialStateTransition1.xml
2 ms. Memory: 221184K Free: 167608K (76%)
----------------- Invoking toplevel() on ptolemy.moml.MoMLSimpleApplication@3da560ff
----------------- Done invoking toplevel() on ptolemy.moml.MoMLSimpleApplication@3da560ff
reloadAllAccessors: .InitialStateTransition1

===========================================================================================
----------------- testing Sun Aug 04 22:33:31 UTC 2019 /home/travis/build/icyphy/ptII/ptolemy/domains/modal/test/auto/InitialStateTransition2.xml
----------------- Instantiating /home/travis/build/icyphy/ptII/ptolemy/domains/modal/test/auto/InitialStateTransition2.xml
.InitialStateTransition2.TestExceptionAttributeNonConstructive: initialize() was not invoked, but wrapup() was.  This is unusual, but not always a problem.  For example, exporting JNLP will do this.
4 ms. Memory: 221184K Free: 160438K (73%)
----------------- Invoking toplevel() on ptolemy.moml.MoMLSimpleApplication@55bae967
----------------- Done invoking toplevel() on ptolemy.moml.MoMLSimpleApplication@55bae967
reloadAllAccessors: .InitialStateTransition2

===========================================================================================
----------------- testing Sun Aug 04 22:33:31 UTC 2019 /home/travis/build/icyphy/ptII/ptolemy/domains/modal/test/auto/InitialStateTransition3.xml
----------------- Instantiating /home/travis/build/icyphy/ptII/ptolemy/domains/modal/test/auto/InitialStateTransition3.xml
4 ms. Memory: 221184K Free: 152246K (69%)
----------------- Invoking toplevel() on ptolemy.moml.MoMLSimpleApplication@4bddbcaf
----------------- Done invoking toplevel() on ptolemy.moml.MoMLSimpleApplication@4bddbcaf
reloadAllAccessors: .InitialStateTransition3

===========================================================================================
----------------- testing Sun Aug 04 22:33:31 UTC 2019 /home/travis/build/icyphy/ptII/ptolemy/domains/modal/test/auto/InitialStateTransition4.xml
----------------- Instantiating /home/travis/build/icyphy/ptII/ptolemy/domains/modal/test/auto/InitialStateTransition4.xml
4 ms. Memory: 221184K Free: 142518K (64%)
----------------- Invoking toplevel() on ptolemy.moml.MoMLSimpleApplication@66d81a9f
----------------- Done invoking toplevel() on ptolemy.moml.MoMLSimpleApplication@66d81a9f
[...]
reloadAllAccessors: .TerminationTransition3

===========================================================================================
----------------- testing Sun Aug 04 22:33:33 UTC 2019 /home/travis/build/icyphy/ptII/ptolemy/domains/modal/test/auto/TerminationTransition4.xml
----------------- Instantiating /home/travis/build/icyphy/ptII/ptolemy/domains/modal/test/auto/TerminationTransition4.xml
7 ms. Memory: 285696K Free: 249365K (87%)
----------------- Invoking toplevel() on ptolemy.moml.MoMLSimpleApplication@1d78ec9c
----------------- Done invoking toplevel() on ptolemy.moml.MoMLSimpleApplication@1d78ec9c
reloadAllAccessors: .TerminationTransition4

===========================================================================================
----------------- testing Sun Aug 04 22:33:33 UTC 2019 /home/travis/build/icyphy/ptII/ptolemy/domains/modal/test/auto/TerminationTransition5.xml
----------------- Instantiating /home/travis/build/icyphy/ptII/ptolemy/domains/modal/test/auto/TerminationTransition5.xml
3 ms. Memory: 285696K Free: 235539K (82%)
----------------- Invoking toplevel() on ptolemy.moml.MoMLSimpleApplication@48c0dc0d
----------------- Done invoking toplevel() on ptolemy.moml.MoMLSimpleApplication@48c0dc0d
reloadAllAccessors: .TerminationTransition5

===========================================================================================
----------------- testing Sun Aug 04 22:33:33 UTC 2019 /home/travis/build/icyphy/ptII/ptolemy/domains/modal/test/auto/TerminationTransition6.xml
----------------- Instantiating /home/travis/build/icyphy/ptII/ptolemy/domains/modal/test/auto/TerminationTransition6.xml
2 ms. Memory: 285696K Free: 226837K (79%)
----------------- Invoking toplevel() on ptolemy.moml.MoMLSimpleApplication@689d8d19
----------------- Done invoking toplevel() on ptolemy.moml.MoMLSimpleApplication@689d8d19
reloadAllAccessors: .TerminationTransition6

===========================================================================================
----------------- testing Sun Aug 04 22:33:33 UTC 2019 /home/travis/build/icyphy/ptII/ptolemy/domains/modal/test/auto/TerminationTransition7.xml
----------------- Instantiating /home/travis/build/icyphy/ptII/ptolemy/domains/modal/test/auto/TerminationTransition7.xml
2 ms. Memory: 285696K Free: 217621K (76%)
----------------- Invoking toplevel() on ptolemy.moml.MoMLSimpleApplication@3aba1523
----------------- Done invoking toplevel() on ptolemy.moml.MoMLSimpleApplication@3aba1523
reloadAllAccessors: .TerminationTransition7

===========================================================================================
----------------- testing Sun Aug 04 22:33:33 UTC 2019 /home/travis/build/icyphy/ptII/ptolemy/domains/modal/test/auto/TerminationTransition8.xml
----------------- Instantiating /home/travis/build/icyphy/ptII/ptolemy/domains/modal/test/auto/TerminationTransition8.xml
2 ms. Memory: 285696K Free: 208405K (73%)
----------------- Invoking toplevel() on ptolemy.moml.MoMLSimpleApplication@1e3ea81e
----------------- Done invoking toplevel() on ptolemy.moml.MoMLSimpleApplication@1e3ea81e
reloadAllAccessors: .TerminationTransition8

===========================================================================================
----------------- testing Sun Aug 04 22:33:33 UTC 2019 /home/travis/build/icyphy/ptII/ptolemy/domains/modal/test/auto/Thermostat_NoHysteresis.xml
----------------- Instantiating /home/travis/build/icyphy/ptII/ptolemy/domains/modal/test/auto/Thermostat_NoHysteresis.xml
23 ms. Memory: 285696K Free: 183829K (64%)
----------------- Invoking toplevel() on ptolemy.moml.MoMLSimpleApplication@376cdf93
----------------- Done invoking toplevel() on ptolemy.moml.MoMLSimpleApplication@376cdf93
reloadAllAccessors: .Thermostat_NoHysteresis

===========================================================================================
----------------- testing Sun Aug 04 22:33:33 UTC 2019 /home/travis/build/icyphy/ptII/ptolemy/domains/modal/test/auto/TimedFSM.xml
----------------- Instantiating /home/travis/build/icyphy/ptII/ptolemy/domains/modal/test/auto/TimedFSM.xml
8 ms. Memory: 285696K Free: 172037K (60%)
----------------- Invoking toplevel() on ptolemy.moml.MoMLSimpleApplication@4333c876
----------------- Done invoking toplevel() on ptolemy.moml.MoMLSimpleApplication@4333c876
reloadAllAccessors: .TimedFSM

===========================================================================================
----------------- testing Sun Aug 04 22:33:33 UTC 2019 /home/travis/build/icyphy/ptII/ptolemy/domains/modal/test/auto/Timeout1.xml
----------------- Instantiating /home/travis/build/icyphy/ptII/ptolemy/domains/modal/test/auto/Timeout1.xml
3 ms. Memory: 285696K Free: 166421K (58%)
----------------- Invoking toplevel() on ptolemy.moml.MoMLSimpleApplication@6cfc5535
----------------- Done invoking toplevel() on ptolemy.moml.MoMLSimpleApplication@6cfc5535
reloadAllAccessors: .Timeout1

===========================================================================================
----------------- testing Sun Aug 04 22:33:33 UTC 2019 /home/travis/build/icyphy/ptII/ptolemy/domains/modal/test/auto/Timeout2.xml
----------------- Instantiating /home/travis/build/icyphy/ptII/ptolemy/domains/modal/test/auto/Timeout2.xml
8 ms. Memory: 285696K Free: 157701K (55%)
----------------- Invoking toplevel() on ptolemy.moml.MoMLSimpleApplication@7e27d8cf
----------------- Done invoking toplevel() on ptolemy.moml.MoMLSimpleApplication@7e27d8cf
reloadAllAccessors: .Timeout2

===========================================================================================
----------------- testing Sun Aug 04 22:33:33 UTC 2019 /home/travis/build/icyphy/ptII/ptolemy/domains/modal/test/auto/Timeout3.xml
----------------- Instantiating /home/travis/build/icyphy/ptII/ptolemy/domains/modal/test/auto/Timeout3.xml
2 ms. Memory: 285696K Free: 152581K (53%)
----------------- Invoking toplevel() on ptolemy.moml.MoMLSimpleApplication@4785951b
----------------- Done invoking toplevel() on ptolemy.moml.MoMLSimpleApplication@4785951b
reloadAllAccessors: .Timeout3

===========================================================================================
----------------- testing Sun Aug 04 22:33:33 UTC 2019 /home/travis/build/icyphy/ptII/ptolemy/domains/modal/test/auto/Timeout4.xml
----------------- Instantiating /home/travis/build/icyphy/ptII/ptolemy/domains/modal/test/auto/Timeout4.xml
2 ms. Memory: 285696K Free: 147461K (52%)
----------------- Invoking toplevel() on ptolemy.moml.MoMLSimpleApplication@3809f454
----------------- Done invoking toplevel() on ptolemy.moml.MoMLSimpleApplication@3809f454
reloadAllAccessors: .Timeout4

===========================================================================================
----------------- testing Sun Aug 04 22:33:33 UTC 2019 /home/travis/build/icyphy/ptII/ptolemy/domains/modal/test/auto/TransientstateModelAdvanced.xml
----------------- Instantiating /home/travis/build/icyphy/ptII/ptolemy/domains/modal/test/auto/TransientstateModelAdvanced.xml
3 ms. Memory: 285696K Free: 135173K (47%)
----------------- Invoking toplevel() on ptolemy.moml.MoMLSimpleApplication@8ce3c66
----------------- Done invoking toplevel() on ptolemy.moml.MoMLSimpleApplication@8ce3c66
reloadAllAccessors: .TransientstateModelAdvanced

===========================================================================================
----------------- testing Sun Aug 04 22:33:33 UTC 2019 /home/travis/build/icyphy/ptII/ptolemy/domains/modal/test/auto/TransientstateModelAdvanced2.xml
----------------- Instantiating /home/travis/build/icyphy/ptII/ptolemy/domains/modal/test/auto/TransientstateModelAdvanced2.xml
3 ms. Memory: 285696K Free: 120837K (42%)
----------------- Invoking toplevel() on ptolemy.moml.MoMLSimpleApplication@74f18816
----------------- Done invoking toplevel() on ptolemy.moml.MoMLSimpleApplication@74f18816
reloadAllAccessors: .transientstatemodelAdvanced

===========================================================================================
----------------- testing Sun Aug 04 22:33:34 UTC 2019 /home/travis/build/icyphy/ptII/ptolemy/domains/modal/test/auto/TransitionRefinements.xml
----------------- Instantiating /home/travis/build/icyphy/ptII/ptolemy/domains/modal/test/auto/TransitionRefinements.xml
7 ms. Memory: 285696K Free: 111125K (39%)
----------------- Invoking toplevel() on ptolemy.moml.MoMLSimpleApplication@68252557
----------------- Done invoking toplevel() on ptolemy.moml.MoMLSimpleApplication@68252557
reloadAllAccessors: .TransitionRefinements

===========================================================================================
----------------- testing Sun Aug 04 22:33:34 UTC 2019 /home/travis/build/icyphy/ptII/ptolemy/domains/modal/test/auto/TwoRefinements1.xml
----------------- Instantiating /home/travis/build/icyphy/ptII/ptolemy/domains/modal/test/auto/TwoRefinements1.xml
3 ms. Memory: 285696K Free: 100885K (35%)
----------------- Invoking toplevel() on ptolemy.moml.MoMLSimpleApplication@53e4c23
----------------- Done invoking toplevel() on ptolemy.moml.MoMLSimpleApplication@53e4c23
reloadAllAccessors: .TwoRefinements1

===========================================================================================
----------------- testing Sun Aug 04 22:33:34 UTC 2019 /home/travis/build/icyphy/ptII/ptolemy/domains/modal/test/auto/TwoRefinements2.xml
----------------- Instantiating /home/travis/build/icyphy/ptII/ptolemy/domains/modal/test/auto/TwoRefinements2.xml
3 ms. Memory: 343040K Free: 315726K (92%)
----------------- Invoking toplevel() on ptolemy.moml.MoMLSimpleApplication@550bd9d2
----------------- Done invoking toplevel() on ptolemy.moml.MoMLSimpleApplication@550bd9d2
reloadAllAccessors: .TwoRefinements2

===========================================================================================
----------------- testing Sun Aug 04 22:33:34 UTC 2019 /home/travis/build/icyphy/ptII/ptolemy/domains/modal/test/auto/WeakImmediateTransition.xml
----------------- Instantiating /home/travis/build/icyphy/ptII/ptolemy/domains/modal/test/auto/WeakImmediateTransition.xml
4 ms. Memory: 343040K Free: 306836K (89%)
----------------- Invoking toplevel() on ptolemy.moml.MoMLSimpleApplication@536619e8
----------------- Done invoking toplevel() on ptolemy.moml.MoMLSimpleApplication@536619e8
reloadAllAccessors: .WeakImmediateTransition

===========================================================================================
----------------- testing Sun Aug 04 22:33:34 UTC 2019 /home/travis/build/icyphy/ptII/ptolemy/domains/modal/test/auto/booleanSelect.xml
----------------- Instantiating /home/travis/build/icyphy/ptII/ptolemy/domains/modal/test/auto/booleanSelect.xml
34 ms. Memory: 343040K Free: 288918K (84%)
----------------- Invoking toplevel() on ptolemy.moml.MoMLSimpleApplication@1b0a2752
----------------- Done invoking toplevel() on ptolemy.moml.MoMLSimpleApplication@1b0a2752
reloadAllAccessors: .booleanSelect

===========================================================================================
----------------- testing Sun Aug 04 22:33:34 UTC 2019 /home/travis/build/icyphy/ptII/ptolemy/domains/modal/test/auto/modalChangingParams.xml
----------------- Instantiating /home/travis/build/icyphy/ptII/ptolemy/domains/modal/test/auto/modalChangingParams.xml
0
1
0
2
4
6
8
7
0
2
4
6
8
13
0
2
4
6
8
19
0
2
4
6
8
25
0
2
4
6
8
31
0
2
4
6
8
37
0
2
4
6
8
43
0
2
4
6
8
49
0
2
4
6
8
55
0
2
4
6
8
61
0
2
4
6
8
67
0
2
4
6
8
73
0
2
4
6
8
79
0
2
4
6
8
85
0
2
4
6
8
91
0
2
4
6
8
97
0
2
4
6
8
103
0
2
4
6
8
109
0
2
4
6
8
115
0
2
4
6
8
121
0
2
4
6
8
127
0
2
4
6
8
133
0
2
4
6
8
139
0
2
4
6
8
145
0
2
4
6
8
151
0
2
4
6
8
157
0
2
4
6
8
163
0
2
4
6
8
169
0
2
4
6
8
175
0
2
4
6
8
181
0
2
4
6
8
187
0
2
4
6
8
193
0
2
4
6
8
199
0
2
4
6
8
205
0
2
4
6
8
211
0
2
4
6
8
217
0
2
4
6
8
223
0
2
4
6
8
229
0
2
4
6
8
235
0
2
4
6
8
241
0
2
4
6
8
247
0
2
4
6
8
253
0
2
4
6
8
259
0
2
4
6
8
265
0
2
4
6
8
271
0
2
4
6
8
277
0
2
4
6
8
283
0
2
4
6
8
289
0
2
4
6
8
295
0
2
4
6
8
301
0
2
4
6
8
307
0
2
4
6
8
313
0
2
4
6
8
319
0
2
4
6
8
325
0
2
4
6
8
331
0
2
4
6
8
337
0
2
4
6
8
343
0
2
4
6
8
349
0
2
4
6
8
355
0
2
4
6
8
361
0
2
4
6
8
367
0
2
4
6
8
373
0
2
4
6
8
379
0
2
4
6
8
385
0
2
4
6
8
391
0
2
4
6
8
397
0
2
4
6
8
403
0
2
4
6
8
409
0
2
4
6
8
415
0
2
4
6
8
421
0
2
4
6
8
427
0
2
4
6
8
433
0
2
4
6
8
439
0
2
4
6
8
445
0
2
4
6
8
451
0
2
4
6
8
457
0
2
4
6
8
463
0
2
4
6
8
469
0
2
4
6
8
475
0
2
4
6
8
481
0
2
4
6
8
487
0
2
4
6
8
493
0
2
4
6
8
499
0
2
4
6
8
505
0
2
4
6
8
511
0
2
4
6
8
517
0
2
4
6
8
523
0
2
4
6
8
529
0
2
4
6
8
535
0
2
4
6
8
541
0
2
4
6
8
547
0
2
4
6
8
553
0
2
4
6
8
559
0
2
4
6
8
565
0
2
4
6
8
571
0
2
4
6
8
577
0
2
4
6
8
583
0
2
4
6
8
589
0
2
4
6
8
595
0
2
4
6
8
601
0
2
4
6
8
607
0
2
4
6
8
613
0
2
4
6
8
619
0
2
4
6
8
625
0
2
4
6
8
631
0
2
4
6
8
637
0
2
4
6
8
643
0
2
4
6
8
649
0
2
4
6
8
655
0
2
4
6
8
661
0
2
4
6
8
667
0
2
4
6
8
673
0
2
4
6
8
679
0
2
4
6
8
685
0
2
4
6
8
691
0
2
4
6
8
697
0
2
4
6
8
703
0
2
4
6
8
709
0
2
4
6
8
715
0
2
4
6
8
721
0
2
4
6
8
727
0
2
4
6
8
733
0
2
4
6
8
739
0
2
4
6
8
745
0
2
4
6
8
751
0
2
4
6
8
757
0
2
4
6
8
763
0
2
4
6
8
769
0
2
4
6
8
775
0
2
4
6
8
781
0
2
4
6
8
787
0
2
4
6
8
793
0
2
4
6
8
799
0
2
4
6
8
805
0
2
4
6
8
811
0
2
4
6
8
817
0
2
4
6
8
823
0
2
4
6
8
829
0
2
4
6
8
835
0
2
4
6
8
841
0
2
4
6
8
847
0
2
4
6
8
853
0
2
4
6
8
859
0
2
4
6
8
865
0
2
4
6
8
871
0
2
4
6
8
877
0
2
4
6
8
883
0
2
4
6
8
889
0
2
4
6
8
895
0
2
4
6
8
901
0
2
4
6
8
907
0
2
4
6
8
913
0
2
4
6
8
919
0
2
4
6
8
925
0
2
4
6
8
931
0
2
4
6
8
937
0
2
4
6
8
943
0
2
4
6
8
949
0
2
4
6
8
955
0
2
4
6
8
961
0
2
4
6
8
967
0
2
4
6
8
973
0
2
4
6
8
979
0
2
4
6
8
985
0
2
4
6
8
991
0
2
4
6
8
997
0
2
267 ms. Memory: 343040K Free: 174230K (51%)
----------------- Invoking toplevel() on ptolemy.moml.MoMLSimpleApplication@614c1341
----------------- Done invoking toplevel() on ptolemy.moml.MoMLSimpleApplication@614c1341
reloadAllAccessors: .modalChangingParams

===========================================================================================
----------------- testing Sun Aug 04 22:33:34 UTC 2019 /home/travis/build/icyphy/ptII/ptolemy/domains/modal/test/auto/modalModel.xml
----------------- Instantiating /home/travis/build/icyphy/ptII/ptolemy/domains/modal/test/auto/modalModel.xml
10 ms. Memory: 343040K Free: 165524K (48%)
----------------- Invoking toplevel() on ptolemy.moml.MoMLSimpleApplication@345c9cff
----------------- Done invoking toplevel() on ptolemy.moml.MoMLSimpleApplication@345c9cff
reloadAllAccessors: .modalModel

===========================================================================================
----------------- testing Sun Aug 04 22:33:34 UTC 2019 /home/travis/build/icyphy/ptII/ptolemy/domains/modal/test/auto/modalModel2.xml
----------------- Instantiating /home/travis/build/icyphy/ptII/ptolemy/domains/modal/test/auto/modalModel2.xml
11 ms. Memory: 343040K Free: 154774K (45%)
----------------- Invoking toplevel() on ptolemy.moml.MoMLSimpleApplication@561cf570
----------------- Done invoking toplevel() on ptolemy.moml.MoMLSimpleApplication@561cf570
reloadAllAccessors: .modalModel2

===========================================================================================
----------------- testing Sun Aug 04 22:33:34 UTC 2019 /home/travis/build/icyphy/ptII/ptolemy/domains/modal/test/auto/modalModel3.xml
----------------- Instantiating /home/travis/build/icyphy/ptII/ptolemy/domains/modal/test/auto/modalModel3.xml
0	0	0
1	0	1
4	2	2
7	4	3
10	6	4
5	0	5
8	2	6
11	4	7
14	6	8
9	0	9
12	2	10
15	4	11
18	6	12
13	0	13
16	2	14
17 ms. Memory: 343040K Free: 139894K (41%)
----------------- Invoking toplevel() on ptolemy.moml.MoMLSimpleApplication@75704d3d
----------------- Done invoking toplevel() on ptolemy.moml.MoMLSimpleApplication@75704d3d
reloadAllAccessors: .modalModel3

===========================================================================================
----------------- testing Sun Aug 04 22:33:34 UTC 2019 /home/travis/build/icyphy/ptII/ptolemy/domains/modal/test/auto/model1.xml
----------------- Instantiating /home/travis/build/icyphy/ptII/ptolemy/domains/modal/test/auto/model1.xml
11 ms. Memory: 343040K Free: 134294K (39%)
----------------- Invoking toplevel() on ptolemy.moml.MoMLSimpleApplication@27bee1e6
----------------- Done invoking toplevel() on ptolemy.moml.MoMLSimpleApplication@27bee1e6
reloadAllAccessors: .model1

===========================================================================================
----------------- testing Sun Aug 04 22:33:34 UTC 2019 /home/travis/build/icyphy/ptII/ptolemy/domains/modal/test/auto/test-direct-in-out.xml
----------------- Instantiating /home/travis/build/icyphy/ptII/ptolemy/domains/modal/test/auto/test-direct-in-out.xml
4 ms. Memory: 343040K Free: 126596K (37%)
----------------- Invoking toplevel() on ptolemy.moml.MoMLSimpleApplication@570e907
----------------- Done invoking toplevel() on ptolemy.moml.MoMLSimpleApplication@570e907
reloadAllAccessors: .test-direct-in-out
AutoTests.java: About to close Vertx.
AutoTests.java: Vertx closed.
]]></system-out>
  <system-err><![CDATA[java.lang.RuntimeException: Execution failed
	at ptolemy.moml.MoMLSimpleApplication$UnloadThread.run(MoMLSimpleApplication.java:402)
Caused by: ptolemy.kernel.util.IllegalActionException: Unknown inputs remain. Possible causality loop:
L_model_1893289564i

  in .CannotAnalysisWithPreemption.model_1893289564_region_1 and .CannotAnalysisWithPreemption.model_1893289564_region_1.L_model_1893289564i
	at ptolemy.actor.sched.FixedPointDirector.postfire(FixedPointDirector.java:515)
	at ptolemy.domains.sr.kernel.SRDirector.postfire(SRDirector.java:417)
	at ptolemy.actor.CompositeActor.postfire(CompositeActor.java:1668)
	at ptolemy.actor.Manager.iterate(Manager.java:852)
	at ptolemy.actor.Manager.execute(Manager.java:369)
	at ptolemy.actor.Manager.run(Manager.java:1263)
	at ptolemy.actor.Manager$PtolemyRunThread.run(Manager.java:1933)
java.lang.reflect.InvocationTargetException
	at java.base/jdk.internal.reflect.NativeConstructorAccessorImpl.newInstance0(Native Method)
	at java.base/jdk.internal.reflect.NativeConstructorAccessorImpl.newInstance(NativeConstructorAccessorImpl.java:62)
	at java.base/jdk.internal.reflect.DelegatingConstructorAccessorImpl.newInstance(DelegatingConstructorAccessorImpl.java:45)
	at java.base/java.lang.reflect.Constructor.newInstance(Constructor.java:490)
	at ptolemy.util.test.junit.AutoKnownFailedTests.RunModel(AutoKnownFailedTests.java:105)
	at java.base/jdk.internal.reflect.NativeMethodAccessorImpl.invoke0(Native Method)
	at java.base/jdk.internal.reflect.NativeMethodAccessorImpl.invoke(NativeMethodAccessorImpl.java:62)
	at java.base/jdk.internal.reflect.DelegatingMethodAccessorImpl.invoke(DelegatingMethodAccessorImpl.java:43)
	at java.base/java.lang.reflect.Method.invoke(Method.java:566)
	at org.junit.runners.model.FrameworkMethod$1.runReflectiveCall(FrameworkMethod.java:44)
	at org.junit.internal.runners.model.ReflectiveCallable.run(ReflectiveCallable.java:15)
	at org.junit.runners.model.FrameworkMethod.invokeExplosively(FrameworkMethod.java:41)
	at junitparams.internal.InvokeParameterisedMethod.evaluate(InvokeParameterisedMethod.java:102)
	at org.junit.internal.runners.statements.FailOnTimeout$1.run(FailOnTimeout.java:28)
Caused by: ptolemy.kernel.util.IllegalActionException: Unknown inputs remain. Possible causality loop:
L_model_1893289564i

  in .CannotAnalysisWithPreemption.model_1893289564_region_1 and .CannotAnalysisWithPreemption.model_1893289564_region_1.L_model_1893289564i
	at ptolemy.actor.sched.FixedPointDirector.postfire(FixedPointDirector.java:515)
	at ptolemy.domains.sr.kernel.SRDirector.postfire(SRDirector.java:417)
	at ptolemy.actor.CompositeActor.postfire(CompositeActor.java:1668)
	at ptolemy.actor.Manager.iterate(Manager.java:852)
	at ptolemy.actor.Manager.execute(Manager.java:369)
	at ptolemy.actor.Manager.run(Manager.java:1263)
	at ptolemy.actor.Manager$PtolemyRunThread.run(Manager.java:1933)
]]></system-err>
</testsuite>
