<?xml version="1.0" encoding="UTF-8" ?>
<testsuite errors="0" failures="0" hostname="travis-job-fbbf9478-65fc-4bb9-b625-c58ea333e55d" name="ptolemy.domains.continuous.test.junit.JUnitTclTest" skipped="0" tests="156" time="66.778" timestamp="2020-05-23T14:21:44">
  <properties>
[...]
</properties>
  <testcase classname="ptolemy.util.test.junit.TclTests" name="[0] ThereAreNoTclTests (RunTclFile)" time="0.008" />
  <testcase classname="ptolemy.util.test.junit.AutoKnownFailedTests" name="[0] ThereAreNoKnowFailedTests (RunModel)" time="0.002" />
  <testcase classname="ptolemy.util.test.junit.AutoNameArchTests" name="[0] ThereAreNoAutoArchTests (RunModel)" time="0.012" />
  <testcase classname="ptolemy.util.test.junit.AutoTests" name="[0] /home/travis/build/icyphy/ptII/ptolemy/domains/continuous/test/auto/BouncingBall.xml (RunModel)" time="2.866" />
  <testcase classname="ptolemy.util.test.junit.AutoTests" name="[1] /home/travis/build/icyphy/ptII/ptolemy/domains/continuous/test/auto/BouncingBallWithoutGR.xml (RunModel)" time="0.92" />
  <testcase classname="ptolemy.util.test.junit.AutoTests" name="[2] /home/travis/build/icyphy/ptII/ptolemy/domains/continuous/test/auto/Brownian.xml (RunModel)" time="0.088" />
  <testcase classname="ptolemy.util.test.junit.AutoTests" name="[3] /home/travis/build/icyphy/ptII/ptolemy/domains/continuous/test/auto/CarTracking.xml (RunModel)" time="3.693" />
  <testcase classname="ptolemy.util.test.junit.AutoTests" name="[4] /home/travis/build/icyphy/ptII/ptolemy/domains/continuous/test/auto/CartPendulum.xml (RunModel)" time="0.496" />
  <testcase classname="ptolemy.util.test.junit.AutoTests" name="[5] /home/travis/build/icyphy/ptII/ptolemy/domains/continuous/test/auto/CausalityInterface10.xml (RunModel)" time="0.044" />
  <testcase classname="ptolemy.util.test.junit.AutoTests" name="[6] /home/travis/build/icyphy/ptII/ptolemy/domains/continuous/test/auto/CausalityInterface11.xml (RunModel)" time="0.027" />
  <testcase classname="ptolemy.util.test.junit.AutoTests" name="[7] /home/travis/build/icyphy/ptII/ptolemy/domains/continuous/test/auto/CausalityInterface12.xml (RunModel)" time="0.031" />
  <testcase classname="ptolemy.util.test.junit.AutoTests" name="[8] /home/travis/build/icyphy/ptII/ptolemy/domains/continuous/test/auto/CausalityInterface13.xml (RunModel)" time="0.038" />
  <testcase classname="ptolemy.util.test.junit.AutoTests" name="[9] /home/travis/build/icyphy/ptII/ptolemy/domains/continuous/test/auto/CausalityInterface14.xml (RunModel)" time="0.045" />
  <testcase classname="ptolemy.util.test.junit.AutoTests" name="[10] /home/travis/build/icyphy/ptII/ptolemy/domains/continuous/test/auto/CausalityInterface4.xml (RunModel)" time="0.03" />
  <testcase classname="ptolemy.util.test.junit.AutoTests" name="[11] /home/travis/build/icyphy/ptII/ptolemy/domains/continuous/test/auto/CausalityInterface5.xml (RunModel)" time="0.033" />
  <testcase classname="ptolemy.util.test.junit.AutoTests" name="[12] /home/travis/build/icyphy/ptII/ptolemy/domains/continuous/test/auto/CausalityInterface6.xml (RunModel)" time="0.021" />
  <testcase classname="ptolemy.util.test.junit.AutoTests" name="[13] /home/travis/build/icyphy/ptII/ptolemy/domains/continuous/test/auto/CausalityInterface7.xml (RunModel)" time="0.046" />
  <testcase classname="ptolemy.util.test.junit.AutoTests" name="[14] /home/travis/build/icyphy/ptII/ptolemy/domains/continuous/test/auto/CausalityInterface8.xml (RunModel)" time="0.04" />
  <testcase classname="ptolemy.util.test.junit.AutoTests" name="[15] /home/travis/build/icyphy/ptII/ptolemy/domains/continuous/test/auto/CausalityInterface9.xml (RunModel)" time="0.054" />
  <testcase classname="ptolemy.util.test.junit.AutoTests" name="[16] /home/travis/build/icyphy/ptII/ptolemy/domains/continuous/test/auto/CausalityInterfaceFeedback1.xml (RunModel)" time="0.029" />
  <testcase classname="ptolemy.util.test.junit.AutoTests" name="[17] /home/travis/build/icyphy/ptII/ptolemy/domains/continuous/test/auto/CausalityInterfaceFeedback2.xml (RunModel)" time="0.034" />
  <testcase classname="ptolemy.util.test.junit.AutoTests" name="[18] /home/travis/build/icyphy/ptII/ptolemy/domains/continuous/test/auto/CompareWithCurrentTime.xml (RunModel)" time="0.025" />
  <testcase classname="ptolemy.util.test.junit.AutoTests" name="[19] /home/travis/build/icyphy/ptII/ptolemy/domains/continuous/test/auto/ComparedClocks.xml (RunModel)" time="0.077" />
  <testcase classname="ptolemy.util.test.junit.AutoTests" name="[20] /home/travis/build/icyphy/ptII/ptolemy/domains/continuous/test/auto/ContinuousAOCClone.xml (RunModel)" time="2.522" />
  <testcase classname="ptolemy.util.test.junit.AutoTests" name="[21] /home/travis/build/icyphy/ptII/ptolemy/domains/continuous/test/auto/ContinuousClock.xml (RunModel)" time="0.11" />
  <testcase classname="ptolemy.util.test.junit.AutoTests" name="[22] /home/travis/build/icyphy/ptII/ptolemy/domains/continuous/test/auto/ContinuousInContinuous.xml (RunModel)" time="0.078" />
  <testcase classname="ptolemy.util.test.junit.AutoTests" name="[23] /home/travis/build/icyphy/ptII/ptolemy/domains/continuous/test/auto/ContinuousInContinuousInContinuous.xml (RunModel)" time="0.02" />
  <testcase classname="ptolemy.util.test.junit.AutoTests" name="[24] /home/travis/build/icyphy/ptII/ptolemy/domains/continuous/test/auto/ContinuousInDE.xml (RunModel)" time="0.104" />
  <testcase classname="ptolemy.util.test.junit.AutoTests" name="[25] /home/travis/build/icyphy/ptII/ptolemy/domains/continuous/test/auto/ContinuousInDE2.xml (RunModel)" time="0.043" />
  <testcase classname="ptolemy.util.test.junit.AutoTests" name="[26] /home/travis/build/icyphy/ptII/ptolemy/domains/continuous/test/auto/ContinuousInDE3.xml (RunModel)" time="0.048" />
  <testcase classname="ptolemy.util.test.junit.AutoTests" name="[27] /home/travis/build/icyphy/ptII/ptolemy/domains/continuous/test/auto/ContinuousInDE4.xml (RunModel)" time="0.028" />
  <testcase classname="ptolemy.util.test.junit.AutoTests" name="[28] /home/travis/build/icyphy/ptII/ptolemy/domains/continuous/test/auto/ContinuousInDEDifferentRefinements.xml (RunModel)" time="0.09" />
  <testcase classname="ptolemy.util.test.junit.AutoTests" name="[29] /home/travis/build/icyphy/ptII/ptolemy/domains/continuous/test/auto/ContinuousInDEDifferentRefinementsPreemptive.xml (RunModel)" time="0.076" />
  <testcase classname="ptolemy.util.test.junit.AutoTests" name="[30] /home/travis/build/icyphy/ptII/ptolemy/domains/continuous/test/auto/ContinuousInDEInContinuous2.xml (RunModel)" time="0.057" />
  <testcase classname="ptolemy.util.test.junit.AutoTests" name="[31] /home/travis/build/icyphy/ptII/ptolemy/domains/continuous/test/auto/ContinuousInDEInContinuous3.xml (RunModel)" time="0.055" />
  <testcase classname="ptolemy.util.test.junit.AutoTests" name="[32] /home/travis/build/icyphy/ptII/ptolemy/domains/continuous/test/auto/ContinuousInDEInput.xml (RunModel)" time="0.033" />
  <testcase classname="ptolemy.util.test.junit.AutoTests" name="[33] /home/travis/build/icyphy/ptII/ptolemy/domains/continuous/test/auto/ContinuousInDEInput2.xml (RunModel)" time="0.031" />
  <testcase classname="ptolemy.util.test.junit.AutoTests" name="[34] /home/travis/build/icyphy/ptII/ptolemy/domains/continuous/test/auto/ContinuousInDEInput3.xml (RunModel)" time="0.028" />
  <testcase classname="ptolemy.util.test.junit.AutoTests" name="[35] /home/travis/build/icyphy/ptII/ptolemy/domains/continuous/test/auto/ContinuousInDESharingRefinement.xml (RunModel)" time="0.177" />
  <testcase classname="ptolemy.util.test.junit.AutoTests" name="[36] /home/travis/build/icyphy/ptII/ptolemy/domains/continuous/test/auto/ContinuousInDEwithNoPorts.xml (RunModel)" time="0.017" />
  <testcase classname="ptolemy.util.test.junit.AutoTests" name="[37] /home/travis/build/icyphy/ptII/ptolemy/domains/continuous/test/auto/ContinuousInsideDE.xml (RunModel)" time="0.079" />
  <testcase classname="ptolemy.util.test.junit.AutoTests" name="[38] /home/travis/build/icyphy/ptII/ptolemy/domains/continuous/test/auto/ContinuousMerge1.xml (RunModel)" time="0.013" />
  <testcase classname="ptolemy.util.test.junit.AutoTests" name="[39] /home/travis/build/icyphy/ptII/ptolemy/domains/continuous/test/auto/ContinuousMerge2.xml (RunModel)" time="0.033" />
  <testcase classname="ptolemy.util.test.junit.AutoTests" name="[40] /home/travis/build/icyphy/ptII/ptolemy/domains/continuous/test/auto/ContinuousMerge3.xml (RunModel)" time="0.059" />
  <testcase classname="ptolemy.util.test.junit.AutoTests" name="[41] /home/travis/build/icyphy/ptII/ptolemy/domains/continuous/test/auto/ContinuousWithinContinuous.xml (RunModel)" time="0.049" />
  <testcase classname="ptolemy.util.test.junit.AutoTests" name="[42] /home/travis/build/icyphy/ptII/ptolemy/domains/continuous/test/auto/ContinuousWithinContinuous2.xml (RunModel)" time="0.074" />
  <testcase classname="ptolemy.util.test.junit.AutoTests" name="[43] /home/travis/build/icyphy/ptII/ptolemy/domains/continuous/test/auto/ContinuousWithinContinuous3.xml (RunModel)" time="0.028" />
  <testcase classname="ptolemy.util.test.junit.AutoTests" name="[44] /home/travis/build/icyphy/ptII/ptolemy/domains/continuous/test/auto/ContinuousWithinContinuous4.xml (RunModel)" time="0.089" />
  <testcase classname="ptolemy.util.test.junit.AutoTests" name="[45] /home/travis/build/icyphy/ptII/ptolemy/domains/continuous/test/auto/ContinuousWithinContinuous5.xml (RunModel)" time="0.038" />
  <testcase classname="ptolemy.util.test.junit.AutoTests" name="[46] /home/travis/build/icyphy/ptII/ptolemy/domains/continuous/test/auto/ContinuousWithinContinuous6.xml (RunModel)" time="0.028" />
  <testcase classname="ptolemy.util.test.junit.AutoTests" name="[47] /home/travis/build/icyphy/ptII/ptolemy/domains/continuous/test/auto/ContinuousWithinContinuous7.xml (RunModel)" time="0.069" />
  <testcase classname="ptolemy.util.test.junit.AutoTests" name="[48] /home/travis/build/icyphy/ptII/ptolemy/domains/continuous/test/auto/DCMotor.xml (RunModel)" time="12.136" />
  <testcase classname="ptolemy.util.test.junit.AutoTests" name="[49] /home/travis/build/icyphy/ptII/ptolemy/domains/continuous/test/auto/DEInContinuous.xml (RunModel)" time="0.038" />
  <testcase classname="ptolemy.util.test.junit.AutoTests" name="[50] /home/travis/build/icyphy/ptII/ptolemy/domains/continuous/test/auto/DEinContinuous2.xml (RunModel)" time="0.035" />
  <testcase classname="ptolemy.util.test.junit.AutoTests" name="[51] /home/travis/build/icyphy/ptII/ptolemy/domains/continuous/test/auto/Derivative.xml (RunModel)" time="0.202" />
  <testcase classname="ptolemy.util.test.junit.AutoTests" name="[52] /home/travis/build/icyphy/ptII/ptolemy/domains/continuous/test/auto/Derivative1.xml (RunModel)" time="0.057" />
  <testcase classname="ptolemy.util.test.junit.AutoTests" name="[53] /home/travis/build/icyphy/ptII/ptolemy/domains/continuous/test/auto/DiscreteClock.xml (RunModel)" time="0.013" />
  <testcase classname="ptolemy.util.test.junit.AutoTests" name="[54] /home/travis/build/icyphy/ptII/ptolemy/domains/continuous/test/auto/EfficiencyCurve.xml (RunModel)" time="0.104" />
  <testcase classname="ptolemy.util.test.junit.AutoTests" name="[55] /home/travis/build/icyphy/ptII/ptolemy/domains/continuous/test/auto/ExponentialResponse.xml (RunModel)" time="0.119" />
  <testcase classname="ptolemy.util.test.junit.AutoTests" name="[56] /home/travis/build/icyphy/ptII/ptolemy/domains/continuous/test/auto/ExponentialResponseRK45.xml (RunModel)" time="0.034" />
  <testcase classname="ptolemy.util.test.junit.AutoTests" name="[57] /home/travis/build/icyphy/ptII/ptolemy/domains/continuous/test/auto/Friction.xml (RunModel)" time="1.559" />
  <testcase classname="ptolemy.util.test.junit.AutoTests" name="[58] /home/travis/build/icyphy/ptII/ptolemy/domains/continuous/test/auto/FurutaPendulum.xml (RunModel)" time="2.92" />
  <testcase classname="ptolemy.util.test.junit.AutoTests" name="[59] /home/travis/build/icyphy/ptII/ptolemy/domains/continuous/test/auto/HierarchicalExecution.xml (RunModel)" time="1.791" />
  <testcase classname="ptolemy.util.test.junit.AutoTests" name="[60] /home/travis/build/icyphy/ptII/ptolemy/domains/continuous/test/auto/HybridPlant.xml (RunModel)" time="0.557" />
  <testcase classname="ptolemy.util.test.junit.AutoTests" name="[61] /home/travis/build/icyphy/ptII/ptolemy/domains/continuous/test/auto/Hysteresis.xml (RunModel)" time="0.184" />
  <testcase classname="ptolemy.util.test.junit.AutoTests" name="[62] /home/travis/build/icyphy/ptII/ptolemy/domains/continuous/test/auto/HysteresisWithRandomDelay.xml (RunModel)" time="0.218" />
  <testcase classname="ptolemy.util.test.junit.AutoTests" name="[63] /home/travis/build/icyphy/ptII/ptolemy/domains/continuous/test/auto/HysteresisWithRandomLosses.xml (RunModel)" time="2.31" />
  <testcase classname="ptolemy.util.test.junit.AutoTests" name="[64] /home/travis/build/icyphy/ptII/ptolemy/domains/continuous/test/auto/ImmediateTransitions.xml (RunModel)" time="0.041" />
  <testcase classname="ptolemy.util.test.junit.AutoTests" name="[65] /home/travis/build/icyphy/ptII/ptolemy/domains/continuous/test/auto/ImpulseFeedback.xml (RunModel)" time="0.021" />
  <testcase classname="ptolemy.util.test.junit.AutoTests" name="[66] /home/travis/build/icyphy/ptII/ptolemy/domains/continuous/test/auto/ImpulseFeedback2.xml (RunModel)" time="0.019" />
  <testcase classname="ptolemy.util.test.junit.AutoTests" name="[67] /home/travis/build/icyphy/ptII/ptolemy/domains/continuous/test/auto/IncreasingRatePoisson.xml (RunModel)" time="0.697" />
  <testcase classname="ptolemy.util.test.junit.AutoTests" name="[68] /home/travis/build/icyphy/ptII/ptolemy/domains/continuous/test/auto/InitialStateFeedback.xml (RunModel)" time="0.02" />
  <testcase classname="ptolemy.util.test.junit.AutoTests" name="[69] /home/travis/build/icyphy/ptII/ptolemy/domains/continuous/test/auto/Integration.xml (RunModel)" time="0.012" />
  <testcase classname="ptolemy.util.test.junit.AutoTests" name="[70] /home/travis/build/icyphy/ptII/ptolemy/domains/continuous/test/auto/Integration2.xml (RunModel)" time="0.095" />
  <testcase classname="ptolemy.util.test.junit.AutoTests" name="[71] /home/travis/build/icyphy/ptII/ptolemy/domains/continuous/test/auto/Integration3.xml (RunModel)" time="0.013" />
  <testcase classname="ptolemy.util.test.junit.AutoTests" name="[72] /home/travis/build/icyphy/ptII/ptolemy/domains/continuous/test/auto/Integration5.xml (RunModel)" time="0.013" />
  <testcase classname="ptolemy.util.test.junit.AutoTests" name="[73] /home/travis/build/icyphy/ptII/ptolemy/domains/continuous/test/auto/IntegratorImpulse.xml (RunModel)" time="0.008" />
  <testcase classname="ptolemy.util.test.junit.AutoTests" name="[74] /home/travis/build/icyphy/ptII/ptolemy/domains/continuous/test/auto/IntegratorImpulse2.xml (RunModel)" time="0.025" />
  <testcase classname="ptolemy.util.test.junit.AutoTests" name="[75] /home/travis/build/icyphy/ptII/ptolemy/domains/continuous/test/auto/LevelCrossing1.xml (RunModel)" time="0.012" />
  <testcase classname="ptolemy.util.test.junit.AutoTests" name="[76] /home/travis/build/icyphy/ptII/ptolemy/domains/continuous/test/auto/LevelCrossing2.xml (RunModel)" time="0.014" />
  <testcase classname="ptolemy.util.test.junit.AutoTests" name="[77] /home/travis/build/icyphy/ptII/ptolemy/domains/continuous/test/auto/LevelCrossing3.xml (RunModel)" time="0.011" />
  <testcase classname="ptolemy.util.test.junit.AutoTests" name="[78] /home/travis/build/icyphy/ptII/ptolemy/domains/continuous/test/auto/LevelCrossing4.xml (RunModel)" time="0.016" />
  <testcase classname="ptolemy.util.test.junit.AutoTests" name="[79] /home/travis/build/icyphy/ptII/ptolemy/domains/continuous/test/auto/LevelCrossing5.xml (RunModel)" time="0.016" />
  <testcase classname="ptolemy.util.test.junit.AutoTests" name="[80] /home/travis/build/icyphy/ptII/ptolemy/domains/continuous/test/auto/LevelCrossing6.xml (RunModel)" time="0.012" />
  <testcase classname="ptolemy.util.test.junit.AutoTests" name="[81] /home/travis/build/icyphy/ptII/ptolemy/domains/continuous/test/auto/LevelCrossingDetector.xml (RunModel)" time="0.054" />
  <testcase classname="ptolemy.util.test.junit.AutoTests" name="[82] /home/travis/build/icyphy/ptII/ptolemy/domains/continuous/test/auto/LevelCrossingDetectorDetectingDirections.xml (RunModel)" time="0.088" />
  <testcase classname="ptolemy.util.test.junit.AutoTests" name="[83] /home/travis/build/icyphy/ptII/ptolemy/domains/continuous/test/auto/LevelCrossingDetectorDetectsGlitches.xml (RunModel)" time="0.061" />
  <testcase classname="ptolemy.util.test.junit.AutoTests" name="[84] /home/travis/build/icyphy/ptII/ptolemy/domains/continuous/test/auto/LevelCrossingNoInitialOuput.xml (RunModel)" time="0.013" />
  <testcase classname="ptolemy.util.test.junit.AutoTests" name="[85] /home/travis/build/icyphy/ptII/ptolemy/domains/continuous/test/auto/LinearStateSpaceExample.xml (RunModel)" time="0.065" />
  <testcase classname="ptolemy.util.test.junit.AutoTests" name="[86] /home/travis/build/icyphy/ptII/ptolemy/domains/continuous/test/auto/Lorenz.xml (RunModel)" time="3.222" />
  <testcase classname="ptolemy.util.test.junit.AutoTests" name="[87] /home/travis/build/icyphy/ptII/ptolemy/domains/continuous/test/auto/LorenzDifferentialSystem.xml (RunModel)" time="0.947" />
  <testcase classname="ptolemy.util.test.junit.AutoTests" name="[88] /home/travis/build/icyphy/ptII/ptolemy/domains/continuous/test/auto/LorenzDifferentialSystemWithInput.xml (RunModel)" time="1.169" />
  <testcase classname="ptolemy.util.test.junit.AutoTests" name="[89] /home/travis/build/icyphy/ptII/ptolemy/domains/continuous/test/auto/LorenzDifferentialSystemWithTime.xml (RunModel)" time="0.597" />
  <testcase classname="ptolemy.util.test.junit.AutoTests" name="[90] /home/travis/build/icyphy/ptII/ptolemy/domains/continuous/test/auto/Microsteps.xml (RunModel)" time="0.024" />
  <testcase classname="ptolemy.util.test.junit.AutoTests" name="[91] /home/travis/build/icyphy/ptII/ptolemy/domains/continuous/test/auto/Modal1.xml (RunModel)" time="0.032" />
  <testcase classname="ptolemy.util.test.junit.AutoTests" name="[92] /home/travis/build/icyphy/ptII/ptolemy/domains/continuous/test/auto/Modal2.xml (RunModel)" time="0.032" />
  <testcase classname="ptolemy.util.test.junit.AutoTests" name="[93] /home/travis/build/icyphy/ptII/ptolemy/domains/continuous/test/auto/ModalTransitionGuardWithReset.xml (RunModel)" time="0.02" />
  <testcase classname="ptolemy.util.test.junit.AutoTests" name="[94] /home/travis/build/icyphy/ptII/ptolemy/domains/continuous/test/auto/ModalTransitionGuardWithResetUsingPreemptiveTransition.xml (RunModel)" time="0.02" />
  <testcase classname="ptolemy.util.test.junit.AutoTests" name="[95] /home/travis/build/icyphy/ptII/ptolemy/domains/continuous/test/auto/ModalTransitionGuardWithResetUsingPreemptiveTransition2.xml (RunModel)" time="0.019" />
  <testcase classname="ptolemy.util.test.junit.AutoTests" name="[96] /home/travis/build/icyphy/ptII/ptolemy/domains/continuous/test/auto/ModalTransitionGuardWithResetUsingPreemptiveTransition3.xml (RunModel)" time="0.019" />
  <testcase classname="ptolemy.util.test.junit.AutoTests" name="[97] /home/travis/build/icyphy/ptII/ptolemy/domains/continuous/test/auto/NewtonsCradle.xml (RunModel)" time="0.615" />
  <testcase classname="ptolemy.util.test.junit.AutoTests" name="[98] /home/travis/build/icyphy/ptII/ptolemy/domains/continuous/test/auto/NewtonsCradleAnimated.xml (RunModel)" time="1.05" />
  <testcase classname="ptolemy.util.test.junit.AutoTests" name="[99] /home/travis/build/icyphy/ptII/ptolemy/domains/continuous/test/auto/NewtonsCradleComplicated.xml (RunModel)" time="0.767" />
  <testcase classname="ptolemy.util.test.junit.AutoTests" name="[100] /home/travis/build/icyphy/ptII/ptolemy/domains/continuous/test/auto/NewtonsCradleNondeterministic.xml (RunModel)" time="0.66" />
  <testcase classname="ptolemy.util.test.junit.AutoTests" name="[101] /home/travis/build/icyphy/ptII/ptolemy/domains/continuous/test/auto/NewtonsCradlePerfectlyInelastic1.xml (RunModel)" time="1.116" />
  <testcase classname="ptolemy.util.test.junit.AutoTests" name="[102] /home/travis/build/icyphy/ptII/ptolemy/domains/continuous/test/auto/Noise.xml (RunModel)" time="0.179" />
  <testcase classname="ptolemy.util.test.junit.AutoTests" name="[103] /home/travis/build/icyphy/ptII/ptolemy/domains/continuous/test/auto/NoiseSpectrum.xml (RunModel)" time="0.687" />
  <testcase classname="ptolemy.util.test.junit.AutoTests" name="[104] /home/travis/build/icyphy/ptII/ptolemy/domains/continuous/test/auto/ParameterizedNewtonsCradleAnimated.xml (RunModel)" time="0.334" />
  <testcase classname="ptolemy.util.test.junit.AutoTests" name="[105] /home/travis/build/icyphy/ptII/ptolemy/domains/continuous/test/auto/ParameterizedNewtonsCradleAnimatedNondeterministic.xml (RunModel)" time="1.04" />
  <testcase classname="ptolemy.util.test.junit.AutoTests" name="[106] /home/travis/build/icyphy/ptII/ptolemy/domains/continuous/test/auto/Pendulum3D.xml (RunModel)" time="0.162" />
  <testcase classname="ptolemy.util.test.junit.AutoTests" name="[107] /home/travis/build/icyphy/ptII/ptolemy/domains/continuous/test/auto/PeriodicSampler.xml (RunModel)" time="0.012" />
  <testcase classname="ptolemy.util.test.junit.AutoTests" name="[108] /home/travis/build/icyphy/ptII/ptolemy/domains/continuous/test/auto/PeriodicSampler1.xml (RunModel)" time="0.042" />
  <testcase classname="ptolemy.util.test.junit.AutoTests" name="[109] /home/travis/build/icyphy/ptII/ptolemy/domains/continuous/test/auto/PeriodicSampler2.xml (RunModel)" time="0.074" />
  <testcase classname="ptolemy.util.test.junit.AutoTests" name="[110] /home/travis/build/icyphy/ptII/ptolemy/domains/continuous/test/auto/Poisson.xml (RunModel)" time="0.414" />
  <testcase classname="ptolemy.util.test.junit.AutoTests" name="[111] /home/travis/build/icyphy/ptII/ptolemy/domains/continuous/test/auto/PoissonClock.xml (RunModel)" time="0.016" />
  <testcase classname="ptolemy.util.test.junit.AutoTests" name="[112] /home/travis/build/icyphy/ptII/ptolemy/domains/continuous/test/auto/PoissonClock2.xml (RunModel)" time="0.011" />
  <testcase classname="ptolemy.util.test.junit.AutoTests" name="[113] /home/travis/build/icyphy/ptII/ptolemy/domains/continuous/test/auto/PortParameterHierarchy.xml (RunModel)" time="0.024" />
  <testcase classname="ptolemy.util.test.junit.AutoTests" name="[114] /home/travis/build/icyphy/ptII/ptolemy/domains/continuous/test/auto/RandomHybridPlant.xml (RunModel)" time="0.589" />
  <testcase classname="ptolemy.util.test.junit.AutoTests" name="[115] /home/travis/build/icyphy/ptII/ptolemy/domains/continuous/test/auto/ResetTransitionWithStartTime1.xml (RunModel)" time="0.03" />
  <testcase classname="ptolemy.util.test.junit.AutoTests" name="[116] /home/travis/build/icyphy/ptII/ptolemy/domains/continuous/test/auto/ResetTransitionWithStartTime2.xml (RunModel)" time="0.036" />
  <testcase classname="ptolemy.util.test.junit.AutoTests" name="[117] /home/travis/build/icyphy/ptII/ptolemy/domains/continuous/test/auto/ResetTransitionWithStartTime3.xml (RunModel)" time="0.045" />
  <testcase classname="ptolemy.util.test.junit.AutoTests" name="[118] /home/travis/build/icyphy/ptII/ptolemy/domains/continuous/test/auto/ResetTransitionWithStartTime4.xml (RunModel)" time="0.027" />
  <testcase classname="ptolemy.util.test.junit.AutoTests" name="[119] /home/travis/build/icyphy/ptII/ptolemy/domains/continuous/test/auto/ResetTransitionWithStartTime5.xml (RunModel)" time="0.033" />
  <testcase classname="ptolemy.util.test.junit.AutoTests" name="[120] /home/travis/build/icyphy/ptII/ptolemy/domains/continuous/test/auto/ResetTransitionWithStartTime6.xml (RunModel)" time="0.029" />
  <testcase classname="ptolemy.util.test.junit.AutoTests" name="[121] /home/travis/build/icyphy/ptII/ptolemy/domains/continuous/test/auto/SRinContinuous.xml (RunModel)" time="0.04" />
  <testcase classname="ptolemy.util.test.junit.AutoTests" name="[122] /home/travis/build/icyphy/ptII/ptolemy/domains/continuous/test/auto/SampledClocks.xml (RunModel)" time="0.031" />
  <testcase classname="ptolemy.util.test.junit.AutoTests" name="[123] /home/travis/build/icyphy/ptII/ptolemy/domains/continuous/test/auto/Satellite.xml (RunModel)" time="0.655" />
  <testcase classname="ptolemy.util.test.junit.AutoTests" name="[124] /home/travis/build/icyphy/ptII/ptolemy/domains/continuous/test/auto/SigmaDelta.xml (RunModel)" time="1.987" />
  <testcase classname="ptolemy.util.test.junit.AutoTests" name="[125] /home/travis/build/icyphy/ptII/ptolemy/domains/continuous/test/auto/SingleRefinement.xml (RunModel)" time="0.442" />
  <testcase classname="ptolemy.util.test.junit.AutoTests" name="[126] /home/travis/build/icyphy/ptII/ptolemy/domains/continuous/test/auto/SinuBouncingBall.xml (RunModel)" time="0.783" />
  <testcase classname="ptolemy.util.test.junit.AutoTests" name="[127] /home/travis/build/icyphy/ptII/ptolemy/domains/continuous/test/auto/Sinusoid.xml (RunModel)" time="0.011" />
  <testcase classname="ptolemy.util.test.junit.AutoTests" name="[128] /home/travis/build/icyphy/ptII/ptolemy/domains/continuous/test/auto/SinusoidInNoise.xml (RunModel)" time="0.794" />
  <testcase classname="ptolemy.util.test.junit.AutoTests" name="[129] /home/travis/build/icyphy/ptII/ptolemy/domains/continuous/test/auto/SinusoidRK45.xml (RunModel)" time="0.01" />
  <testcase classname="ptolemy.util.test.junit.AutoTests" name="[130] /home/travis/build/icyphy/ptII/ptolemy/domains/continuous/test/auto/SinusoidWithMultipleImpulses.xml (RunModel)" time="0.01" />
  <testcase classname="ptolemy.util.test.junit.AutoTests" name="[131] /home/travis/build/icyphy/ptII/ptolemy/domains/continuous/test/auto/SquareWave.xml (RunModel)" time="0.166" />
  <testcase classname="ptolemy.util.test.junit.AutoTests" name="[132] /home/travis/build/icyphy/ptII/ptolemy/domains/continuous/test/auto/Starmac.xml (RunModel)" time="3.358" />
  <testcase classname="ptolemy.util.test.junit.AutoTests" name="[133] /home/travis/build/icyphy/ptII/ptolemy/domains/continuous/test/auto/StaticUnits.xml (RunModel)" time="2.09" />
  <testcase classname="ptolemy.util.test.junit.AutoTests" name="[134] /home/travis/build/icyphy/ptII/ptolemy/domains/continuous/test/auto/StickyMasses.xml (RunModel)" time="0.199" />
  <testcase classname="ptolemy.util.test.junit.AutoTests" name="[135] /home/travis/build/icyphy/ptII/ptolemy/domains/continuous/test/auto/StopTime.xml (RunModel)" time="0.062" />
  <testcase classname="ptolemy.util.test.junit.AutoTests" name="[136] /home/travis/build/icyphy/ptII/ptolemy/domains/continuous/test/auto/StopTime2.xml (RunModel)" time="0.05" />
  <testcase classname="ptolemy.util.test.junit.AutoTests" name="[137] /home/travis/build/icyphy/ptII/ptolemy/domains/continuous/test/auto/Switch.xml (RunModel)" time="0.058" />
  <testcase classname="ptolemy.util.test.junit.AutoTests" name="[138] /home/travis/build/icyphy/ptII/ptolemy/domains/continuous/test/auto/Thermostat.xml (RunModel)" time="0.203" />
  <testcase classname="ptolemy.util.test.junit.AutoTests" name="[139] /home/travis/build/icyphy/ptII/ptolemy/domains/continuous/test/auto/TimeDelay.xml (RunModel)" time="0.013" />
  <testcase classname="ptolemy.util.test.junit.AutoTests" name="[140] /home/travis/build/icyphy/ptII/ptolemy/domains/continuous/test/auto/TimeDelay2.xml (RunModel)" time="0.024" />
  <testcase classname="ptolemy.util.test.junit.AutoTests" name="[141] /home/travis/build/icyphy/ptII/ptolemy/domains/continuous/test/auto/TimeDelay3.xml (RunModel)" time="0.011" />
  <testcase classname="ptolemy.util.test.junit.AutoTests" name="[142] /home/travis/build/icyphy/ptII/ptolemy/domains/continuous/test/auto/TransferAbsentToInside.xml (RunModel)" time="0.108" />
  <testcase classname="ptolemy.util.test.junit.AutoTests" name="[143] /home/travis/build/icyphy/ptII/ptolemy/domains/continuous/test/auto/Transmission.xml (RunModel)" time="0.753" />
  <testcase classname="ptolemy.util.test.junit.AutoTests" name="[144] /home/travis/build/icyphy/ptII/ptolemy/domains/continuous/test/auto/TriggeredContinuousClock.xml (RunModel)" time="0.062" />
  <testcase classname="ptolemy.util.test.junit.AutoTests" name="[145] /home/travis/build/icyphy/ptII/ptolemy/domains/continuous/test/auto/TwoMachineInfiniteBusControl.xml (RunModel)" time="2.644" />
  <testcase classname="ptolemy.util.test.junit.AutoTests" name="[146] /home/travis/build/icyphy/ptII/ptolemy/domains/continuous/test/auto/V2V.xml (RunModel)" time="0.624" />
  <testcase classname="ptolemy.util.test.junit.AutoTests" name="[147] /home/travis/build/icyphy/ptII/ptolemy/domains/continuous/test/auto/hierarchicalModalModel.xml (RunModel)" time="0.033" />
  <testcase classname="ptolemy.util.test.junit.AutoTests" name="[148] /home/travis/build/icyphy/ptII/ptolemy/domains/continuous/test/auto/hierarchicalModalModel1.xml (RunModel)" time="0.03" />
  <testcase classname="ptolemy.util.test.junit.AutoTests" name="[149] /home/travis/build/icyphy/ptII/ptolemy/domains/continuous/test/auto/hierarchicalModalModel2.xml (RunModel)" time="0.035" />
  <testcase classname="ptolemy.util.test.junit.AutoTests" name="[150] /home/travis/build/icyphy/ptII/ptolemy/domains/continuous/test/auto/hierarchicalModalModel3.xml (RunModel)" time="0.022" />
  <testcase classname="ptolemy.util.test.junit.AutoTests" name="[151] /home/travis/build/icyphy/ptII/ptolemy/domains/continuous/test/auto/hierarchicalModalModel4.xml (RunModel)" time="0.023" />
  <testcase classname="ptolemy.util.test.junit.AutoTests" name="[152] /home/travis/build/icyphy/ptII/ptolemy/domains/continuous/test/auto/junk.xml (RunModel)" time="0.133" />
  <system-out><![CDATA[No tcl tests in /home/travis/build/icyphy/ptII/ptolemy/domains/continuous/test
No auto/knownFailedTests/*.xml tests in /home/travis/build/icyphy/ptII/ptolemy/domains/continuous/test
No auto/linux-amd64/*.xml tests in /home/travis/build/icyphy/ptII/ptolemy/domains/continuous/test
AutoTests.java: About to close Vertx.
AutoTests.java: Vertx closed.

===========================================================================================
----------------- testing Sat May 23 14:21:44 UTC 2020 /home/travis/build/icyphy/ptII/ptolemy/domains/continuous/test/auto/BouncingBall.xml
----------------- Instantiating /home/travis/build/icyphy/ptII/ptolemy/domains/continuous/test/auto/BouncingBall.xml
2267 ms. Memory: 188416K Free: 151667K (80%)
----------------- Invoking toplevel() on ptolemy.moml.MoMLSimpleApplication@3c2b036b
----------------- Done invoking toplevel() on ptolemy.moml.MoMLSimpleApplication@3c2b036b
reloadAllAccessors: .BouncingBall

===========================================================================================
----------------- testing Sat May 23 14:21:47 UTC 2020 /home/travis/build/icyphy/ptII/ptolemy/domains/continuous/test/auto/BouncingBallWithoutGR.xml
----------------- Instantiating /home/travis/build/icyphy/ptII/ptolemy/domains/continuous/test/auto/BouncingBallWithoutGR.xml
750 ms. Memory: 188416K Free: 81449K (43%)
----------------- Invoking toplevel() on ptolemy.moml.MoMLSimpleApplication@5d8b554b
----------------- Done invoking toplevel() on ptolemy.moml.MoMLSimpleApplication@5d8b554b
reloadAllAccessors: .BouncingBallWithoutGR

===========================================================================================
----------------- testing Sat May 23 14:21:48 UTC 2020 /home/travis/build/icyphy/ptII/ptolemy/domains/continuous/test/auto/Brownian.xml
----------------- Instantiating /home/travis/build/icyphy/ptII/ptolemy/domains/continuous/test/auto/Brownian.xml
28 ms. Memory: 188416K Free: 72743K (39%)
----------------- Invoking toplevel() on ptolemy.moml.MoMLSimpleApplication@67164b76
----------------- Done invoking toplevel() on ptolemy.moml.MoMLSimpleApplication@67164b76
reloadAllAccessors: .Brownian

===========================================================================================
----------------- testing Sat May 23 14:21:48 UTC 2020 /home/travis/build/icyphy/ptII/ptolemy/domains/continuous/test/auto/CarTracking.xml
----------------- Instantiating /home/travis/build/icyphy/ptII/ptolemy/domains/continuous/test/auto/CarTracking.xml
3356 ms. Memory: 226304K Free: 97895K (43%)
----------------- Invoking toplevel() on ptolemy.moml.MoMLSimpleApplication@5489899f
----------------- Done invoking toplevel() on ptolemy.moml.MoMLSimpleApplication@5489899f
reloadAllAccessors: .CarTracking

===========================================================================================
----------------- testing Sat May 23 14:21:52 UTC 2020 /home/travis/build/icyphy/ptII/ptolemy/domains/continuous/test/auto/CartPendulum.xml
----------------- Instantiating /home/travis/build/icyphy/ptII/ptolemy/domains/continuous/test/auto/CartPendulum.xml
356 ms. Memory: 226304K Free: 140181K (62%)
----------------- Invoking toplevel() on ptolemy.moml.MoMLSimpleApplication@87bf074
----------------- Done invoking toplevel() on ptolemy.moml.MoMLSimpleApplication@87bf074
reloadAllAccessors: .CartPendulum

===========================================================================================
----------------- testing Sat May 23 14:21:52 UTC 2020 /home/travis/build/icyphy/ptII/ptolemy/domains/continuous/test/auto/CausalityInterface10.xml
----------------- Instantiating /home/travis/build/icyphy/ptII/ptolemy/domains/continuous/test/auto/CausalityInterface10.xml
8 ms. Memory: 226304K Free: 129941K (57%)
----------------- Invoking toplevel() on ptolemy.moml.MoMLSimpleApplication@7c76b0bd
----------------- Done invoking toplevel() on ptolemy.moml.MoMLSimpleApplication@7c76b0bd
reloadAllAccessors: .CausalityInterface10

===========================================================================================
----------------- testing Sat May 23 14:21:52 UTC 2020 /home/travis/build/icyphy/ptII/ptolemy/domains/continuous/test/auto/CausalityInterface11.xml
----------------- Instantiating /home/travis/build/icyphy/ptII/ptolemy/domains/continuous/test/auto/CausalityInterface11.xml
7 ms. Memory: 226304K Free: 123797K (55%)
----------------- Invoking toplevel() on ptolemy.moml.MoMLSimpleApplication@3c8677b3
----------------- Done invoking toplevel() on ptolemy.moml.MoMLSimpleApplication@3c8677b3
reloadAllAccessors: .CausalityInterface11

===========================================================================================
----------------- testing Sat May 23 14:21:52 UTC 2020 /home/travis/build/icyphy/ptII/ptolemy/domains/continuous/test/auto/CausalityInterface12.xml
----------------- Instantiating /home/travis/build/icyphy/ptII/ptolemy/domains/continuous/test/auto/CausalityInterface12.xml
8 ms. Memory: 226304K Free: 117653K (52%)
----------------- Invoking toplevel() on ptolemy.moml.MoMLSimpleApplication@61f2e7b2
----------------- Done invoking toplevel() on ptolemy.moml.MoMLSimpleApplication@61f2e7b2
reloadAllAccessors: .CausalityInterface12

===========================================================================================
----------------- testing Sat May 23 14:21:52 UTC 2020 /home/travis/build/icyphy/ptII/ptolemy/domains/continuous/test/auto/CausalityInterface13.xml
----------------- Instantiating /home/travis/build/icyphy/ptII/ptolemy/domains/continuous/test/auto/CausalityInterface13.xml
6 ms. Memory: 226304K Free: 111509K (49%)
----------------- Invoking toplevel() on ptolemy.moml.MoMLSimpleApplication@24a552a4
----------------- Done invoking toplevel() on ptolemy.moml.MoMLSimpleApplication@24a552a4
reloadAllAccessors: .CausalityInterface13

===========================================================================================
----------------- testing Sat May 23 14:21:52 UTC 2020 /home/travis/build/icyphy/ptII/ptolemy/domains/continuous/test/auto/CausalityInterface14.xml
----------------- Instantiating /home/travis/build/icyphy/ptII/ptolemy/domains/continuous/test/auto/CausalityInterface14.xml
3 ms. Memory: 226304K Free: 105861K (47%)
----------------- Invoking toplevel() on ptolemy.moml.MoMLSimpleApplication@7a7fa3d9
----------------- Done invoking toplevel() on ptolemy.moml.MoMLSimpleApplication@7a7fa3d9
reloadAllAccessors: .CausalityInterface14

===========================================================================================
----------------- testing Sat May 23 14:21:53 UTC 2020 /home/travis/build/icyphy/ptII/ptolemy/domains/continuous/test/auto/CausalityInterface4.xml
----------------- Instantiating /home/travis/build/icyphy/ptII/ptolemy/domains/continuous/test/auto/CausalityInterface4.xml
5 ms. Memory: 226304K Free: 98693K (44%)
----------------- Invoking toplevel() on ptolemy.moml.MoMLSimpleApplication@4cf97c91
----------------- Done invoking toplevel() on ptolemy.moml.MoMLSimpleApplication@4cf97c91
reloadAllAccessors: .CausalityInterface4

===========================================================================================
----------------- testing Sat May 23 14:21:53 UTC 2020 /home/travis/build/icyphy/ptII/ptolemy/domains/continuous/test/auto/CausalityInterface5.xml
----------------- Instantiating /home/travis/build/icyphy/ptII/ptolemy/domains/continuous/test/auto/CausalityInterface5.xml
6 ms. Memory: 226304K Free: 90515K (40%)
----------------- Invoking toplevel() on ptolemy.moml.MoMLSimpleApplication@d185a07
----------------- Done invoking toplevel() on ptolemy.moml.MoMLSimpleApplication@d185a07
reloadAllAccessors: .CausalityInterface5

===========================================================================================
----------------- testing Sat May 23 14:21:53 UTC 2020 /home/travis/build/icyphy/ptII/ptolemy/domains/continuous/test/auto/CausalityInterface6.xml
----------------- Instantiating /home/travis/build/icyphy/ptII/ptolemy/domains/continuous/test/auto/CausalityInterface6.xml
3 ms. Memory: 226304K Free: 85381K (38%)
----------------- Invoking toplevel() on ptolemy.moml.MoMLSimpleApplication@26bf8041
----------------- Done invoking toplevel() on ptolemy.moml.MoMLSimpleApplication@26bf8041
reloadAllAccessors: .CausalityInterface6

===========================================================================================
----------------- testing Sat May 23 14:21:53 UTC 2020 /home/travis/build/icyphy/ptII/ptolemy/domains/continuous/test/auto/CausalityInterface7.xml
----------------- Instantiating /home/travis/build/icyphy/ptII/ptolemy/domains/continuous/test/auto/CausalityInterface7.xml
11 ms. Memory: 272384K Free: 255301K (94%)
----------------- Invoking toplevel() on ptolemy.moml.MoMLSimpleApplication@c69cbf9
----------------- Done invoking toplevel() on ptolemy.moml.MoMLSimpleApplication@c69cbf9
reloadAllAccessors: .CausalityInterface7

===========================================================================================
----------------- testing Sat May 23 14:21:53 UTC 2020 /home/travis/build/icyphy/ptII/ptolemy/domains/continuous/test/auto/CausalityInterface8.xml
----------------- Instantiating /home/travis/build/icyphy/ptII/ptolemy/domains/continuous/test/auto/CausalityInterface8.xml
9 ms. Memory: 272384K Free: 246085K (90%)
----------------- Invoking toplevel() on ptolemy.moml.MoMLSimpleApplication@65a7bacb
----------------- Done invoking toplevel() on ptolemy.moml.MoMLSimpleApplication@65a7bacb
reloadAllAccessors: .CausalityInterface8

===========================================================================================
----------------- testing Sat May 23 14:21:53 UTC 2020 /home/travis/build/icyphy/ptII/ptolemy/domains/continuous/test/auto/CausalityInterface9.xml
----------------- Instantiating /home/travis/build/icyphy/ptII/ptolemy/domains/continuous/test/auto/CausalityInterface9.xml
12 ms. Memory: 272384K Free: 235331K (86%)
----------------- Invoking toplevel() on ptolemy.moml.MoMLSimpleApplication@4d223fff
----------------- Done invoking toplevel() on ptolemy.moml.MoMLSimpleApplication@4d223fff
reloadAllAccessors: .CausalityInterface9

===========================================================================================
----------------- testing Sat May 23 14:21:53 UTC 2020 /home/travis/build/icyphy/ptII/ptolemy/domains/continuous/test/auto/CausalityInterfaceFeedback1.xml
----------------- Instantiating /home/travis/build/icyphy/ptII/ptolemy/domains/continuous/test/auto/CausalityInterfaceFeedback1.xml
6 ms. Memory: 272384K Free: 228677K (84%)
----------------- Invoking toplevel() on ptolemy.moml.MoMLSimpleApplication@45cc46eb
----------------- Done invoking toplevel() on ptolemy.moml.MoMLSimpleApplication@45cc46eb
reloadAllAccessors: .CausalityInterfaceFeedback1

===========================================================================================
----------------- testing Sat May 23 14:21:53 UTC 2020 /home/travis/build/icyphy/ptII/ptolemy/domains/continuous/test/auto/CausalityInterfaceFeedback2.xml
----------------- Instantiating /home/travis/build/icyphy/ptII/ptolemy/domains/continuous/test/auto/CausalityInterfaceFeedback2.xml
7 ms. Memory: 272384K Free: 222005K (82%)
----------------- Invoking toplevel() on ptolemy.moml.MoMLSimpleApplication@a47b6d4
----------------- Done invoking toplevel() on ptolemy.moml.MoMLSimpleApplication@a47b6d4
reloadAllAccessors: .CausalityInterfaceFeedback2

===========================================================================================
----------------- testing Sat May 23 14:21:53 UTC 2020 /home/travis/build/icyphy/ptII/ptolemy/domains/continuous/test/auto/CompareWithCurrentTime.xml
----------------- Instantiating /home/travis/build/icyphy/ptII/ptolemy/domains/continuous/test/auto/CompareWithCurrentTime.xml
8 ms. Memory: 272384K Free: 217923K (80%)
----------------- Invoking toplevel() on ptolemy.moml.MoMLSimpleApplication@54c95512
----------------- Done invoking toplevel() on ptolemy.moml.MoMLSimpleApplication@54c95512
reloadAllAccessors: .CompareWithCurrentTime

===========================================================================================
----------------- testing Sat May 23 14:21:53 UTC 2020 /home/travis/build/icyphy/ptII/ptolemy/domains/continuous/test/auto/ComparedClocks.xml
----------------- Instantiating /home/travis/build/icyphy/ptII/ptolemy/domains/continuous/test/auto/ComparedClocks.xml
7 ms. Memory: 272384K Free: 202549K (74%)
----------------- Invoking toplevel() on ptolemy.moml.MoMLSimpleApplication@101184b4
----------------- Done invoking toplevel() on ptolemy.moml.MoMLSimpleApplication@101184b4
reloadAllAccessors: .ComparedClocks

===========================================================================================
----------------- testing Sat May 23 14:21:53 UTC 2020 /home/travis/build/icyphy/ptII/ptolemy/domains/continuous/test/auto/ContinuousAOCClone.xml
----------------- Instantiating /home/travis/build/icyphy/ptII/ptolemy/domains/continuous/test/auto/ContinuousAOCClone.xml
2335 ms. Memory: 272384K Free: 157172K (58%)
----------------- Invoking toplevel() on ptolemy.moml.MoMLSimpleApplication@271284f2
----------------- Done invoking toplevel() on ptolemy.moml.MoMLSimpleApplication@271284f2
reloadAllAccessors: .ContinuousAOCClone

===========================================================================================
----------------- testing Sat May 23 14:21:55 UTC 2020 /home/travis/build/icyphy/ptII/ptolemy/domains/continuous/test/auto/ContinuousClock.xml
----------------- Instantiating /home/travis/build/icyphy/ptII/ptolemy/domains/continuous/test/auto/ContinuousClock.xml
56 ms. Memory: 272384K Free: 135668K (50%)
----------------- Invoking toplevel() on ptolemy.moml.MoMLSimpleApplication@7ad48e19
----------------- Done invoking toplevel() on ptolemy.moml.MoMLSimpleApplication@7ad48e19
reloadAllAccessors: .ContinuousClock

===========================================================================================
----------------- testing Sat May 23 14:21:56 UTC 2020 /home/travis/build/icyphy/ptII/ptolemy/domains/continuous/test/auto/ContinuousInContinuous.xml
----------------- Instantiating /home/travis/build/icyphy/ptII/ptolemy/domains/continuous/test/auto/ContinuousInContinuous.xml
37 ms. Memory: 272384K Free: 112116K (41%)
----------------- Invoking toplevel() on ptolemy.moml.MoMLSimpleApplication@52dd747a
----------------- Done invoking toplevel() on ptolemy.moml.MoMLSimpleApplication@52dd747a
reloadAllAccessors: .ContinuousInContinuous

===========================================================================================
----------------- testing Sat May 23 14:21:56 UTC 2020 /home/travis/build/icyphy/ptII/ptolemy/domains/continuous/test/auto/ContinuousInContinuousInContinuous.xml
----------------- Instantiating /home/travis/build/icyphy/ptII/ptolemy/domains/continuous/test/auto/ContinuousInContinuousInContinuous.xml
6 ms. Memory: 272384K Free: 104962K (39%)
----------------- Invoking toplevel() on ptolemy.moml.MoMLSimpleApplication@76f43867
----------------- Done invoking toplevel() on ptolemy.moml.MoMLSimpleApplication@76f43867
reloadAllAccessors: .ContinuousInContinuousInContinuous

===========================================================================================
----------------- testing Sat May 23 14:21:56 UTC 2020 /home/travis/build/icyphy/ptII/ptolemy/domains/continuous/test/auto/ContinuousInDE.xml
----------------- Instantiating /home/travis/build/icyphy/ptII/ptolemy/domains/continuous/test/auto/ContinuousInDE.xml
86 ms. Memory: 272384K Free: 256394K (94%)
----------------- Invoking toplevel() on ptolemy.moml.MoMLSimpleApplication@66e5aede
----------------- Done invoking toplevel() on ptolemy.moml.MoMLSimpleApplication@66e5aede
reloadAllAccessors: .ContinuousInDE

===========================================================================================
----------------- testing Sat May 23 14:21:56 UTC 2020 /home/travis/build/icyphy/ptII/ptolemy/domains/continuous/test/auto/ContinuousInDE2.xml
----------------- Instantiating /home/travis/build/icyphy/ptII/ptolemy/domains/continuous/test/auto/ContinuousInDE2.xml
32 ms. Memory: 272384K Free: 246780K (91%)
----------------- Invoking toplevel() on ptolemy.moml.MoMLSimpleApplication@475a9d41
----------------- Done invoking toplevel() on ptolemy.moml.MoMLSimpleApplication@475a9d41
reloadAllAccessors: .ContinuousInDE2

===========================================================================================
----------------- testing Sat May 23 14:21:56 UTC 2020 /home/travis/build/icyphy/ptII/ptolemy/domains/continuous/test/auto/ContinuousInDE3.xml
----------------- Instantiating /home/travis/build/icyphy/ptII/ptolemy/domains/continuous/test/auto/ContinuousInDE3.xml
33 ms. Memory: 272384K Free: 237050K (87%)
----------------- Invoking toplevel() on ptolemy.moml.MoMLSimpleApplication@15c56d73
----------------- Done invoking toplevel() on ptolemy.moml.MoMLSimpleApplication@15c56d73
reloadAllAccessors: .ContinuousInDE3

===========================================================================================
----------------- testing Sat May 23 14:21:56 UTC 2020 /home/travis/build/icyphy/ptII/ptolemy/domains/continuous/test/auto/ContinuousInDE4.xml
----------------- Instantiating /home/travis/build/icyphy/ptII/ptolemy/domains/continuous/test/auto/ContinuousInDE4.xml
12 ms. Memory: 272384K Free: 230906K (85%)
----------------- Invoking toplevel() on ptolemy.moml.MoMLSimpleApplication@4905ef13
----------------- Done invoking toplevel() on ptolemy.moml.MoMLSimpleApplication@4905ef13
reloadAllAccessors: .ContinuousInDE4

===========================================================================================
----------------- testing Sat May 23 14:21:56 UTC 2020 /home/travis/build/icyphy/ptII/ptolemy/domains/continuous/test/auto/ContinuousInDEDifferentRefinements.xml
----------------- Instantiating /home/travis/build/icyphy/ptII/ptolemy/domains/continuous/test/auto/ContinuousInDEDifferentRefinements.xml
55 ms. Memory: 272384K Free: 199676K (73%)
----------------- Invoking toplevel() on ptolemy.moml.MoMLSimpleApplication@6b2d959
----------------- Done invoking toplevel() on ptolemy.moml.MoMLSimpleApplication@6b2d959
reloadAllAccessors: .ContinuousInDEDifferentRefinements

===========================================================================================
----------------- testing Sat May 23 14:21:56 UTC 2020 /home/travis/build/icyphy/ptII/ptolemy/domains/continuous/test/auto/ContinuousInDEDifferentRefinementsPreemptive.xml
----------------- Instantiating /home/travis/build/icyphy/ptII/ptolemy/domains/continuous/test/auto/ContinuousInDEDifferentRefinementsPreemptive.xml
42 ms. Memory: 272384K Free: 168956K (62%)
----------------- Invoking toplevel() on ptolemy.moml.MoMLSimpleApplication@4b404b84
----------------- Done invoking toplevel() on ptolemy.moml.MoMLSimpleApplication@4b404b84
reloadAllAccessors: .ContinuousInDEDifferentRefinementsPreemptive

===========================================================================================
----------------- testing Sat May 23 14:21:56 UTC 2020 /home/travis/build/icyphy/ptII/ptolemy/domains/continuous/test/auto/ContinuousInDEInContinuous2.xml
----------------- Instantiating /home/travis/build/icyphy/ptII/ptolemy/domains/continuous/test/auto/ContinuousInDEInContinuous2.xml
34 ms. Memory: 272384K Free: 157692K (58%)
----------------- Invoking toplevel() on ptolemy.moml.MoMLSimpleApplication@3b1d3184
----------------- Done invoking toplevel() on ptolemy.moml.MoMLSimpleApplication@3b1d3184
reloadAllAccessors: .ContinuousInDEInContinuous2

===========================================================================================
----------------- testing Sat May 23 14:21:56 UTC 2020 /home/travis/build/icyphy/ptII/ptolemy/domains/continuous/test/auto/ContinuousInDEInContinuous3.xml
----------------- Instantiating /home/travis/build/icyphy/ptII/ptolemy/domains/continuous/test/auto/ContinuousInDEInContinuous3.xml
34 ms. Memory: 272384K Free: 145404K (53%)
----------------- Invoking toplevel() on ptolemy.moml.MoMLSimpleApplication@e2ce981
----------------- Done invoking toplevel() on ptolemy.moml.MoMLSimpleApplication@e2ce981
reloadAllAccessors: .ContinuousInDEInContinuous3

===========================================================================================
----------------- testing Sat May 23 14:21:56 UTC 2020 /home/travis/build/icyphy/ptII/ptolemy/domains/continuous/test/auto/ContinuousInDEInput.xml
----------------- Instantiating /home/travis/build/icyphy/ptII/ptolemy/domains/continuous/test/auto/ContinuousInDEInput.xml
14 ms. Memory: 272384K Free: 138236K (51%)
----------------- Invoking toplevel() on ptolemy.moml.MoMLSimpleApplication@5ddfa9dd
----------------- Done invoking toplevel() on ptolemy.moml.MoMLSimpleApplication@5ddfa9dd
reloadAllAccessors: .ContinuousInDEInput

===========================================================================================
----------------- testing Sat May 23 14:21:56 UTC 2020 /home/travis/build/icyphy/ptII/ptolemy/domains/continuous/test/auto/ContinuousInDEInput2.xml
----------------- Instantiating /home/travis/build/icyphy/ptII/ptolemy/domains/continuous/test/auto/ContinuousInDEInput2.xml
12 ms. Memory: 272384K Free: 131068K (48%)
----------------- Invoking toplevel() on ptolemy.moml.MoMLSimpleApplication@26cba853
----------------- Done invoking toplevel() on ptolemy.moml.MoMLSimpleApplication@26cba853
reloadAllAccessors: .ContinuousInDEInput2

===========================================================================================
----------------- testing Sat May 23 14:21:56 UTC 2020 /home/travis/build/icyphy/ptII/ptolemy/domains/continuous/test/auto/ContinuousInDEInput3.xml
----------------- Instantiating /home/travis/build/icyphy/ptII/ptolemy/domains/continuous/test/auto/ContinuousInDEInput3.xml
13 ms. Memory: 272384K Free: 123900K (45%)
----------------- Invoking toplevel() on ptolemy.moml.MoMLSimpleApplication@468d3e17
----------------- Done invoking toplevel() on ptolemy.moml.MoMLSimpleApplication@468d3e17
reloadAllAccessors: .ContinuousInDEInput3

===========================================================================================
----------------- testing Sat May 23 14:21:56 UTC 2020 /home/travis/build/icyphy/ptII/ptolemy/domains/continuous/test/auto/ContinuousInDESharingRefinement.xml
----------------- Instantiating /home/travis/build/icyphy/ptII/ptolemy/domains/continuous/test/auto/ContinuousInDESharingRefinement.xml
153 ms. Memory: 272384K Free: 191137K (70%)
----------------- Invoking toplevel() on ptolemy.moml.MoMLSimpleApplication@5cc9625a
----------------- Done invoking toplevel() on ptolemy.moml.MoMLSimpleApplication@5cc9625a
reloadAllAccessors: .ContinuousInDESharingRefinement

===========================================================================================
----------------- testing Sat May 23 14:21:56 UTC 2020 /home/travis/build/icyphy/ptII/ptolemy/domains/continuous/test/auto/ContinuousInDEwithNoPorts.xml
----------------- Instantiating /home/travis/build/icyphy/ptII/ptolemy/domains/continuous/test/auto/ContinuousInDEwithNoPorts.xml
4 ms. Memory: 272384K Free: 186501K (68%)
----------------- Invoking toplevel() on ptolemy.moml.MoMLSimpleApplication@32c27576
----------------- Done invoking toplevel() on ptolemy.moml.MoMLSimpleApplication@32c27576
reloadAllAccessors: .ContinuousInDEwithNoPorts

===========================================================================================
----------------- testing Sat May 23 14:21:56 UTC 2020 /home/travis/build/icyphy/ptII/ptolemy/domains/continuous/test/auto/ContinuousInsideDE.xml
----------------- Instantiating /home/travis/build/icyphy/ptII/ptolemy/domains/continuous/test/auto/ContinuousInsideDE.xml
31 ms. Memory: 272384K Free: 175237K (64%)
----------------- Invoking toplevel() on ptolemy.moml.MoMLSimpleApplication@722a58ab
----------------- Done invoking toplevel() on ptolemy.moml.MoMLSimpleApplication@722a58ab
reloadAllAccessors: .ContinuousInsideDE

===========================================================================================
----------------- testing Sat May 23 14:21:57 UTC 2020 /home/travis/build/icyphy/ptII/ptolemy/domains/continuous/test/auto/ContinuousMerge1.xml
----------------- Instantiating /home/travis/build/icyphy/ptII/ptolemy/domains/continuous/test/auto/ContinuousMerge1.xml
3 ms. Memory: 272384K Free: 170613K (63%)
----------------- Invoking toplevel() on ptolemy.moml.MoMLSimpleApplication@de1203f
----------------- Done invoking toplevel() on ptolemy.moml.MoMLSimpleApplication@de1203f
reloadAllAccessors: .ContinuousMerge1

===========================================================================================
----------------- testing Sat May 23 14:21:57 UTC 2020 /home/travis/build/icyphy/ptII/ptolemy/domains/continuous/test/auto/ContinuousMerge2.xml
----------------- Instantiating /home/travis/build/icyphy/ptII/ptolemy/domains/continuous/test/auto/ContinuousMerge2.xml
10 ms. Memory: 272384K Free: 160387K (59%)
----------------- Invoking toplevel() on ptolemy.moml.MoMLSimpleApplication@6f3a1266
----------------- Done invoking toplevel() on ptolemy.moml.MoMLSimpleApplication@6f3a1266
reloadAllAccessors: .ContinuousMerge2

===========================================================================================
----------------- testing Sat May 23 14:21:57 UTC 2020 /home/travis/build/icyphy/ptII/ptolemy/domains/continuous/test/auto/ContinuousMerge3.xml
----------------- Instantiating /home/travis/build/icyphy/ptII/ptolemy/domains/continuous/test/auto/ContinuousMerge3.xml
39 ms. Memory: 272384K Free: 149637K (55%)
----------------- Invoking toplevel() on ptolemy.moml.MoMLSimpleApplication@29a0cdfd
----------------- Done invoking toplevel() on ptolemy.moml.MoMLSimpleApplication@29a0cdfd
reloadAllAccessors: .ContinuousMerge3

===========================================================================================
----------------- testing Sat May 23 14:21:57 UTC 2020 /home/travis/build/icyphy/ptII/ptolemy/domains/continuous/test/auto/ContinuousWithinContinuous.xml
----------------- Instantiating /home/travis/build/icyphy/ptII/ptolemy/domains/continuous/test/auto/ContinuousWithinContinuous.xml
35 ms. Memory: 272384K Free: 140421K (52%)
----------------- Invoking toplevel() on ptolemy.moml.MoMLSimpleApplication@74f89ba
----------------- Done invoking toplevel() on ptolemy.moml.MoMLSimpleApplication@74f89ba
reloadAllAccessors: .ContinuousWithinContinuous

===========================================================================================
----------------- testing Sat May 23 14:21:57 UTC 2020 /home/travis/build/icyphy/ptII/ptolemy/domains/continuous/test/auto/ContinuousWithinContinuous2.xml
----------------- Instantiating /home/travis/build/icyphy/ptII/ptolemy/domains/continuous/test/auto/ContinuousWithinContinuous2.xml
64 ms. Memory: 272384K Free: 129667K (48%)
----------------- Invoking toplevel() on ptolemy.moml.MoMLSimpleApplication@7b2a1b23
----------------- Done invoking toplevel() on ptolemy.moml.MoMLSimpleApplication@7b2a1b23
reloadAllAccessors: .ContinuousWithinContinuous2

===========================================================================================
----------------- testing Sat May 23 14:21:57 UTC 2020 /home/travis/build/icyphy/ptII/ptolemy/domains/continuous/test/auto/ContinuousWithinContinuous3.xml
----------------- Instantiating /home/travis/build/icyphy/ptII/ptolemy/domains/continuous/test/auto/ContinuousWithinContinuous3.xml
12 ms. Memory: 272384K Free: 123013K (45%)
----------------- Invoking toplevel() on ptolemy.moml.MoMLSimpleApplication@1ff05287
----------------- Done invoking toplevel() on ptolemy.moml.MoMLSimpleApplication@1ff05287
reloadAllAccessors: .ContinuousWithinContinuous3

===========================================================================================
----------------- testing Sat May 23 14:21:57 UTC 2020 /home/travis/build/icyphy/ptII/ptolemy/domains/continuous/test/auto/ContinuousWithinContinuous4.xml
----------------- Instantiating /home/travis/build/icyphy/ptII/ptolemy/domains/continuous/test/auto/ContinuousWithinContinuous4.xml
67 ms. Memory: 272384K Free: 111235K (41%)
----------------- Invoking toplevel() on ptolemy.moml.MoMLSimpleApplication@28c7a01c
----------------- Done invoking toplevel() on ptolemy.moml.MoMLSimpleApplication@28c7a01c
reloadAllAccessors: .ContinuousWithinContinuous4

===========================================================================================
----------------- testing Sat May 23 14:21:57 UTC 2020 /home/travis/build/icyphy/ptII/ptolemy/domains/continuous/test/auto/ContinuousWithinContinuous5.xml
----------------- Instantiating /home/travis/build/icyphy/ptII/ptolemy/domains/continuous/test/auto/ContinuousWithinContinuous5.xml
12 ms. Memory: 272384K Free: 103557K (38%)
----------------- Invoking toplevel() on ptolemy.moml.MoMLSimpleApplication@738af1aa
----------------- Done invoking toplevel() on ptolemy.moml.MoMLSimpleApplication@738af1aa
reloadAllAccessors: .ContinuousWithinContinuous5

===========================================================================================
----------------- testing Sat May 23 14:21:57 UTC 2020 /home/travis/build/icyphy/ptII/ptolemy/domains/continuous/test/auto/ContinuousWithinContinuous6.xml
----------------- Instantiating /home/travis/build/icyphy/ptII/ptolemy/domains/continuous/test/auto/ContinuousWithinContinuous6.xml
11 ms. Memory: 272384K Free: 96899K (36%)
----------------- Invoking toplevel() on ptolemy.moml.MoMLSimpleApplication@7f033b57
----------------- Done invoking toplevel() on ptolemy.moml.MoMLSimpleApplication@7f033b57
reloadAllAccessors: .ContinuousWithinContinuous6

===========================================================================================
----------------- testing Sat May 23 14:21:57 UTC 2020 /home/travis/build/icyphy/ptII/ptolemy/domains/continuous/test/auto/ContinuousWithinContinuous7.xml
----------------- Instantiating /home/travis/build/icyphy/ptII/ptolemy/domains/continuous/test/auto/ContinuousWithinContinuous7.xml
53 ms. Memory: 272384K Free: 247478K (91%)
----------------- Invoking toplevel() on ptolemy.moml.MoMLSimpleApplication@3859e7bc
----------------- Done invoking toplevel() on ptolemy.moml.MoMLSimpleApplication@3859e7bc
reloadAllAccessors: .ContinuousWithinContinuous7

===========================================================================================
----------------- testing Sat May 23 14:21:57 UTC 2020 /home/travis/build/icyphy/ptII/ptolemy/domains/continuous/test/auto/DCMotor.xml
----------------- Instantiating /home/travis/build/icyphy/ptII/ptolemy/domains/continuous/test/auto/DCMotor.xml
12065 ms. Memory: 272384K Free: 229997K (84%)
----------------- Invoking toplevel() on ptolemy.moml.MoMLSimpleApplication@5a1bfe76
----------------- Done invoking toplevel() on ptolemy.moml.MoMLSimpleApplication@5a1bfe76
reloadAllAccessors: .DCMotor

===========================================================================================
----------------- testing Sat May 23 14:22:09 UTC 2020 /home/travis/build/icyphy/ptII/ptolemy/domains/continuous/test/auto/DEInContinuous.xml
----------------- Instantiating /home/travis/build/icyphy/ptII/ptolemy/domains/continuous/test/auto/DEInContinuous.xml
20 ms. Memory: 272384K Free: 223853K (82%)
----------------- Invoking toplevel() on ptolemy.moml.MoMLSimpleApplication@21c82b96
----------------- Done invoking toplevel() on ptolemy.moml.MoMLSimpleApplication@21c82b96
reloadAllAccessors: .DEInContinuous

===========================================================================================
----------------- testing Sat May 23 14:22:09 UTC 2020 /home/travis/build/icyphy/ptII/ptolemy/domains/continuous/test/auto/DEinContinuous2.xml
----------------- Instantiating /home/travis/build/icyphy/ptII/ptolemy/domains/continuous/test/auto/DEinContinuous2.xml
7 ms. Memory: 272384K Free: 215661K (79%)
----------------- Invoking toplevel() on ptolemy.moml.MoMLSimpleApplication@35b4a9d2
----------------- Done invoking toplevel() on ptolemy.moml.MoMLSimpleApplication@35b4a9d2
reloadAllAccessors: .DEinContinuous2

===========================================================================================
----------------- testing Sat May 23 14:22:09 UTC 2020 /home/travis/build/icyphy/ptII/ptolemy/domains/continuous/test/auto/Derivative.xml
----------------- Instantiating /home/travis/build/icyphy/ptII/ptolemy/domains/continuous/test/auto/Derivative.xml
152 ms. Memory: 272384K Free: 186989K (69%)
----------------- Invoking toplevel() on ptolemy.moml.MoMLSimpleApplication@21cf8184
----------------- Done invoking toplevel() on ptolemy.moml.MoMLSimpleApplication@21cf8184
reloadAllAccessors: .Derivative2

===========================================================================================
----------------- testing Sat May 23 14:22:10 UTC 2020 /home/travis/build/icyphy/ptII/ptolemy/domains/continuous/test/auto/Derivative1.xml
----------------- Instantiating /home/travis/build/icyphy/ptII/ptolemy/domains/continuous/test/auto/Derivative1.xml
29 ms. Memory: 272384K Free: 172653K (63%)
----------------- Invoking toplevel() on ptolemy.moml.MoMLSimpleApplication@27ce8f1a
----------------- Done invoking toplevel() on ptolemy.moml.MoMLSimpleApplication@27ce8f1a
reloadAllAccessors: .Derivative1

===========================================================================================
----------------- testing Sat May 23 14:22:10 UTC 2020 /home/travis/build/icyphy/ptII/ptolemy/domains/continuous/test/auto/DiscreteClock.xml
----------------- Instantiating /home/travis/build/icyphy/ptII/ptolemy/domains/continuous/test/auto/DiscreteClock.xml
4 ms. Memory: 272384K Free: 167019K (61%)
----------------- Invoking toplevel() on ptolemy.moml.MoMLSimpleApplication@366b8819
----------------- Done invoking toplevel() on ptolemy.moml.MoMLSimpleApplication@366b8819
reloadAllAccessors: .DiscreteClock

===========================================================================================
----------------- testing Sat May 23 14:22:10 UTC 2020 /home/travis/build/icyphy/ptII/ptolemy/domains/continuous/test/auto/EfficiencyCurve.xml
----------------- Instantiating /home/travis/build/icyphy/ptII/ptolemy/domains/continuous/test/auto/EfficiencyCurve.xml
68 ms. Memory: 272384K Free: 158827K (58%)
----------------- Invoking toplevel() on ptolemy.moml.MoMLSimpleApplication@744345ee
----------------- Done invoking toplevel() on ptolemy.moml.MoMLSimpleApplication@744345ee
reloadAllAccessors: .EfficiencyCurve

===========================================================================================
----------------- testing Sat May 23 14:22:10 UTC 2020 /home/travis/build/icyphy/ptII/ptolemy/domains/continuous/test/auto/ExponentialResponse.xml
----------------- Instantiating /home/travis/build/icyphy/ptII/ptolemy/domains/continuous/test/auto/ExponentialResponse.xml
111 ms. Memory: 272384K Free: 142957K (52%)
----------------- Invoking toplevel() on ptolemy.moml.MoMLSimpleApplication@4f16ad34
----------------- Done invoking toplevel() on ptolemy.moml.MoMLSimpleApplication@4f16ad34
reloadAllAccessors: .ExponentialResponse

===========================================================================================
----------------- testing Sat May 23 14:22:10 UTC 2020 /home/travis/build/icyphy/ptII/ptolemy/domains/continuous/test/auto/ExponentialResponseRK45.xml
----------------- Instantiating /home/travis/build/icyphy/ptII/ptolemy/domains/continuous/test/auto/ExponentialResponseRK45.xml
25 ms. Memory: 272384K Free: 135789K (50%)
----------------- Invoking toplevel() on ptolemy.moml.MoMLSimpleApplication@11506235
----------------- Done invoking toplevel() on ptolemy.moml.MoMLSimpleApplication@11506235
reloadAllAccessors: .ExponentialResponseRK45

===========================================================================================
----------------- testing Sat May 23 14:22:10 UTC 2020 /home/travis/build/icyphy/ptII/ptolemy/domains/continuous/test/auto/Friction.xml
----------------- Instantiating /home/travis/build/icyphy/ptII/ptolemy/domains/continuous/test/auto/Friction.xml
1453 ms. Memory: 272384K Free: 193612K (71%)
----------------- Invoking toplevel() on ptolemy.moml.MoMLSimpleApplication@7ee4a31
----------------- Done invoking toplevel() on ptolemy.moml.MoMLSimpleApplication@7ee4a31
reloadAllAccessors: .Friction

===========================================================================================
----------------- testing Sat May 23 14:22:11 UTC 2020 /home/travis/build/icyphy/ptII/ptolemy/domains/continuous/test/auto/FurutaPendulum.xml
----------------- Instantiating /home/travis/build/icyphy/ptII/ptolemy/domains/continuous/test/auto/FurutaPendulum.xml
2757 ms. Memory: 272384K Free: 151369K (56%)
----------------- Invoking toplevel() on ptolemy.moml.MoMLSimpleApplication@1e25fc04
----------------- Done invoking toplevel() on ptolemy.moml.MoMLSimpleApplication@1e25fc04
reloadAllAccessors: .FurutaPendulum

===========================================================================================
----------------- testing Sat May 23 14:22:14 UTC 2020 /home/travis/build/icyphy/ptII/ptolemy/domains/continuous/test/auto/HierarchicalExecution.xml
----------------- Instantiating /home/travis/build/icyphy/ptII/ptolemy/domains/continuous/test/auto/HierarchicalExecution.xml
1458 ms. Memory: 272384K Free: 197389K (72%)
----------------- Invoking toplevel() on ptolemy.moml.MoMLSimpleApplication@330310d6
----------------- Done invoking toplevel() on ptolemy.moml.MoMLSimpleApplication@330310d6
reloadAllAccessors: .HierarchicalExecution

===========================================================================================
----------------- testing Sat May 23 14:22:16 UTC 2020 /home/travis/build/icyphy/ptII/ptolemy/domains/continuous/test/auto/HybridPlant.xml
----------------- Instantiating /home/travis/build/icyphy/ptII/ptolemy/domains/continuous/test/auto/HybridPlant.xml
506 ms. Memory: 327680K Free: 149172K (46%)
----------------- Invoking toplevel() on ptolemy.moml.MoMLSimpleApplication@5eb114f0
----------------- Done invoking toplevel() on ptolemy.moml.MoMLSimpleApplication@5eb114f0
reloadAllAccessors: .HybridPlant

===========================================================================================
----------------- testing Sat May 23 14:22:17 UTC 2020 /home/travis/build/icyphy/ptII/ptolemy/domains/continuous/test/auto/Hysteresis.xml
----------------- Instantiating /home/travis/build/icyphy/ptII/ptolemy/domains/continuous/test/auto/Hysteresis.xml
138 ms. Memory: 327680K Free: 282100K (86%)
----------------- Invoking toplevel() on ptolemy.moml.MoMLSimpleApplication@41746e31
----------------- Done invoking toplevel() on ptolemy.moml.MoMLSimpleApplication@41746e31
reloadAllAccessors: .Hysteresis

===========================================================================================
----------------- testing Sat May 23 14:22:17 UTC 2020 /home/travis/build/icyphy/ptII/ptolemy/domains/continuous/test/auto/HysteresisWithRandomDelay.xml
----------------- Instantiating /home/travis/build/icyphy/ptII/ptolemy/domains/continuous/test/auto/HysteresisWithRandomDelay.xml
167 ms. Memory: 327680K Free: 210838K (64%)
----------------- Invoking toplevel() on ptolemy.moml.MoMLSimpleApplication@716d11b7
----------------- Done invoking toplevel() on ptolemy.moml.MoMLSimpleApplication@716d11b7
reloadAllAccessors: .HysteresisWithRandomDelay

===========================================================================================
----------------- testing Sat May 23 14:22:17 UTC 2020 /home/travis/build/icyphy/ptII/ptolemy/domains/continuous/test/auto/HysteresisWithRandomLosses.xml
----------------- Instantiating /home/travis/build/icyphy/ptII/ptolemy/domains/continuous/test/auto/HysteresisWithRandomLosses.xml
2242 ms. Memory: 327680K Free: 254782K (78%)
----------------- Invoking toplevel() on ptolemy.moml.MoMLSimpleApplication@674e6bf0
----------------- Done invoking toplevel() on ptolemy.moml.MoMLSimpleApplication@674e6bf0
reloadAllAccessors: .HysteresisWithRandomLosses

===========================================================================================
----------------- testing Sat May 23 14:22:19 UTC 2020 /home/travis/build/icyphy/ptII/ptolemy/domains/continuous/test/auto/ImmediateTransitions.xml
----------------- Instantiating /home/travis/build/icyphy/ptII/ptolemy/domains/continuous/test/auto/ImmediateTransitions.xml
13 ms. Memory: 327680K Free: 243504K (74%)
----------------- Invoking toplevel() on ptolemy.moml.MoMLSimpleApplication@1e7bd469
----------------- Done invoking toplevel() on ptolemy.moml.MoMLSimpleApplication@1e7bd469
reloadAllAccessors: .ImmediateTransitions

===========================================================================================
----------------- testing Sat May 23 14:22:19 UTC 2020 /home/travis/build/icyphy/ptII/ptolemy/domains/continuous/test/auto/ImpulseFeedback.xml
----------------- Instantiating /home/travis/build/icyphy/ptII/ptolemy/domains/continuous/test/auto/ImpulseFeedback.xml
9 ms. Memory: 327680K Free: 237888K (73%)
----------------- Invoking toplevel() on ptolemy.moml.MoMLSimpleApplication@43eddd40
----------------- Done invoking toplevel() on ptolemy.moml.MoMLSimpleApplication@43eddd40
reloadAllAccessors: .ImpulseFeedback

===========================================================================================
----------------- testing Sat May 23 14:22:19 UTC 2020 /home/travis/build/icyphy/ptII/ptolemy/domains/continuous/test/auto/ImpulseFeedback2.xml
----------------- Instantiating /home/travis/build/icyphy/ptII/ptolemy/domains/continuous/test/auto/ImpulseFeedback2.xml
6 ms. Memory: 327680K Free: 232254K (71%)
----------------- Invoking toplevel() on ptolemy.moml.MoMLSimpleApplication@6be889e7
----------------- Done invoking toplevel() on ptolemy.moml.MoMLSimpleApplication@6be889e7
reloadAllAccessors: .ImpulseFeedback2

===========================================================================================
----------------- testing Sat May 23 14:22:19 UTC 2020 /home/travis/build/icyphy/ptII/ptolemy/domains/continuous/test/auto/IncreasingRatePoisson.xml
----------------- Instantiating /home/travis/build/icyphy/ptII/ptolemy/domains/continuous/test/auto/IncreasingRatePoisson.xml
671 ms. Memory: 327680K Free: 119300K (36%)
----------------- Invoking toplevel() on ptolemy.moml.MoMLSimpleApplication@2ac72cc1
----------------- Done invoking toplevel() on ptolemy.moml.MoMLSimpleApplication@2ac72cc1
reloadAllAccessors: .IncreasingRatePoisson

===========================================================================================
----------------- testing Sat May 23 14:22:20 UTC 2020 /home/travis/build/icyphy/ptII/ptolemy/domains/continuous/test/auto/InitialStateFeedback.xml
----------------- Instantiating /home/travis/build/icyphy/ptII/ptolemy/domains/continuous/test/auto/InitialStateFeedback.xml
7 ms. Memory: 327680K Free: 310323K (95%)
----------------- Invoking toplevel() on ptolemy.moml.MoMLSimpleApplication@7c7f5ca6
----------------- Done invoking toplevel() on ptolemy.moml.MoMLSimpleApplication@7c7f5ca6
reloadAllAccessors: .InitialStateFeedback

===========================================================================================
----------------- testing Sat May 23 14:22:20 UTC 2020 /home/travis/build/icyphy/ptII/ptolemy/domains/continuous/test/auto/Integration.xml
----------------- Instantiating /home/travis/build/icyphy/ptII/ptolemy/domains/continuous/test/auto/Integration.xml
2 ms. Memory: 327680K Free: 306227K (93%)
----------------- Invoking toplevel() on ptolemy.moml.MoMLSimpleApplication@6a1e0ba3
----------------- Done invoking toplevel() on ptolemy.moml.MoMLSimpleApplication@6a1e0ba3
reloadAllAccessors: .Integration

===========================================================================================
----------------- testing Sat May 23 14:22:20 UTC 2020 /home/travis/build/icyphy/ptII/ptolemy/domains/continuous/test/auto/Integration2.xml
----------------- Instantiating /home/travis/build/icyphy/ptII/ptolemy/domains/continuous/test/auto/Integration2.xml
87 ms. Memory: 327680K Free: 291891K (89%)
----------------- Invoking toplevel() on ptolemy.moml.MoMLSimpleApplication@3140c8cb
----------------- Done invoking toplevel() on ptolemy.moml.MoMLSimpleApplication@3140c8cb
reloadAllAccessors: .Integration2

===========================================================================================
----------------- testing Sat May 23 14:22:20 UTC 2020 /home/travis/build/icyphy/ptII/ptolemy/domains/continuous/test/auto/Integration3.xml
----------------- Instantiating /home/travis/build/icyphy/ptII/ptolemy/domains/continuous/test/auto/Integration3.xml
2 ms. Memory: 327680K Free: 287281K (88%)
----------------- Invoking toplevel() on ptolemy.moml.MoMLSimpleApplication@421d2255
----------------- Done invoking toplevel() on ptolemy.moml.MoMLSimpleApplication@421d2255
reloadAllAccessors: .Integration3

===========================================================================================
----------------- testing Sat May 23 14:22:20 UTC 2020 /home/travis/build/icyphy/ptII/ptolemy/domains/continuous/test/auto/Integration5.xml
----------------- Instantiating /home/travis/build/icyphy/ptII/ptolemy/domains/continuous/test/auto/Integration5.xml
2 ms. Memory: 327680K Free: 283185K (86%)
----------------- Invoking toplevel() on ptolemy.moml.MoMLSimpleApplication@615e7fea
----------------- Done invoking toplevel() on ptolemy.moml.MoMLSimpleApplication@615e7fea
reloadAllAccessors: .Integration5

===========================================================================================
----------------- testing Sat May 23 14:22:20 UTC 2020 /home/travis/build/icyphy/ptII/ptolemy/domains/continuous/test/auto/IntegratorImpulse.xml
----------------- Instantiating /home/travis/build/icyphy/ptII/ptolemy/domains/continuous/test/auto/IntegratorImpulse.xml
2 ms. Memory: 327680K Free: 279083K (85%)
----------------- Invoking toplevel() on ptolemy.moml.MoMLSimpleApplication@72f3bb79
----------------- Done invoking toplevel() on ptolemy.moml.MoMLSimpleApplication@72f3bb79
reloadAllAccessors: .IntegratorImpulse

===========================================================================================
----------------- testing Sat May 23 14:22:20 UTC 2020 /home/travis/build/icyphy/ptII/ptolemy/domains/continuous/test/auto/IntegratorImpulse2.xml
----------------- Instantiating /home/travis/build/icyphy/ptII/ptolemy/domains/continuous/test/auto/IntegratorImpulse2.xml
4 ms. Memory: 327680K Free: 274483K (84%)
----------------- Invoking toplevel() on ptolemy.moml.MoMLSimpleApplication@22a509af
----------------- Done invoking toplevel() on ptolemy.moml.MoMLSimpleApplication@22a509af
reloadAllAccessors: .IntegratorImpulse2

===========================================================================================
----------------- testing Sat May 23 14:22:20 UTC 2020 /home/travis/build/icyphy/ptII/ptolemy/domains/continuous/test/auto/LevelCrossing1.xml
----------------- Instantiating /home/travis/build/icyphy/ptII/ptolemy/domains/continuous/test/auto/LevelCrossing1.xml
3 ms. Memory: 327680K Free: 269363K (82%)
----------------- Invoking toplevel() on ptolemy.moml.MoMLSimpleApplication@2e5f7ae
----------------- Done invoking toplevel() on ptolemy.moml.MoMLSimpleApplication@2e5f7ae
reloadAllAccessors: .LevelCrossing1

===========================================================================================
----------------- testing Sat May 23 14:22:20 UTC 2020 /home/travis/build/icyphy/ptII/ptolemy/domains/continuous/test/auto/LevelCrossing2.xml
----------------- Instantiating /home/travis/build/icyphy/ptII/ptolemy/domains/continuous/test/auto/LevelCrossing2.xml
3 ms. Memory: 327680K Free: 264243K (81%)
----------------- Invoking toplevel() on ptolemy.moml.MoMLSimpleApplication@4e9512c9
----------------- Done invoking toplevel() on ptolemy.moml.MoMLSimpleApplication@4e9512c9
reloadAllAccessors: .LevelCrossing2

===========================================================================================
----------------- testing Sat May 23 14:22:20 UTC 2020 /home/travis/build/icyphy/ptII/ptolemy/domains/continuous/test/auto/LevelCrossing3.xml
----------------- Instantiating /home/travis/build/icyphy/ptII/ptolemy/domains/continuous/test/auto/LevelCrossing3.xml
2 ms. Memory: 327680K Free: 259123K (79%)
----------------- Invoking toplevel() on ptolemy.moml.MoMLSimpleApplication@366670e6
----------------- Done invoking toplevel() on ptolemy.moml.MoMLSimpleApplication@366670e6
reloadAllAccessors: .LevelCrossing3

===========================================================================================
----------------- testing Sat May 23 14:22:20 UTC 2020 /home/travis/build/icyphy/ptII/ptolemy/domains/continuous/test/auto/LevelCrossing4.xml
----------------- Instantiating /home/travis/build/icyphy/ptII/ptolemy/domains/continuous/test/auto/LevelCrossing4.xml
3 ms. Memory: 327680K Free: 254003K (78%)
----------------- Invoking toplevel() on ptolemy.moml.MoMLSimpleApplication@34255603
----------------- Done invoking toplevel() on ptolemy.moml.MoMLSimpleApplication@34255603
reloadAllAccessors: .LevelCrossing4

===========================================================================================
----------------- testing Sat May 23 14:22:20 UTC 2020 /home/travis/build/icyphy/ptII/ptolemy/domains/continuous/test/auto/LevelCrossing5.xml
----------------- Instantiating /home/travis/build/icyphy/ptII/ptolemy/domains/continuous/test/auto/LevelCrossing5.xml
3 ms. Memory: 327680K Free: 248883K (76%)
----------------- Invoking toplevel() on ptolemy.moml.MoMLSimpleApplication@329f7113
----------------- Done invoking toplevel() on ptolemy.moml.MoMLSimpleApplication@329f7113
reloadAllAccessors: .LevelCrossing5

===========================================================================================
[...]
reloadAllAccessors: .ResetTransitionWithStartTime6

===========================================================================================
----------------- testing Sat May 23 14:22:35 UTC 2020 /home/travis/build/icyphy/ptII/ptolemy/domains/continuous/test/auto/SRinContinuous.xml
----------------- Instantiating /home/travis/build/icyphy/ptII/ptolemy/domains/continuous/test/auto/SRinContinuous.xml
5 ms. Memory: 327680K Free: 208084K (64%)
----------------- Invoking toplevel() on ptolemy.moml.MoMLSimpleApplication@4d472e63
----------------- Done invoking toplevel() on ptolemy.moml.MoMLSimpleApplication@4d472e63
reloadAllAccessors: .SRinContinuous

===========================================================================================
----------------- testing Sat May 23 14:22:35 UTC 2020 /home/travis/build/icyphy/ptII/ptolemy/domains/continuous/test/auto/SampledClocks.xml
----------------- Instantiating /home/travis/build/icyphy/ptII/ptolemy/domains/continuous/test/auto/SampledClocks.xml
5 ms. Memory: 327680K Free: 195796K (60%)
----------------- Invoking toplevel() on ptolemy.moml.MoMLSimpleApplication@6560fb
----------------- Done invoking toplevel() on ptolemy.moml.MoMLSimpleApplication@6560fb
reloadAllAccessors: .SampledClocks

===========================================================================================
----------------- testing Sat May 23 14:22:35 UTC 2020 /home/travis/build/icyphy/ptII/ptolemy/domains/continuous/test/auto/Satellite.xml
----------------- Instantiating /home/travis/build/icyphy/ptII/ptolemy/domains/continuous/test/auto/Satellite.xml
639 ms. Memory: 327680K Free: 189261K (58%)
----------------- Invoking toplevel() on ptolemy.moml.MoMLSimpleApplication@6751f8af
----------------- Done invoking toplevel() on ptolemy.moml.MoMLSimpleApplication@6751f8af
reloadAllAccessors: .Satellite

===========================================================================================
----------------- testing Sat May 23 14:22:36 UTC 2020 /home/travis/build/icyphy/ptII/ptolemy/domains/continuous/test/auto/SigmaDelta.xml
----------------- Instantiating /home/travis/build/icyphy/ptII/ptolemy/domains/continuous/test/auto/SigmaDelta.xml
1863 ms. Memory: 327680K Free: 122348K (37%)
----------------- Invoking toplevel() on ptolemy.moml.MoMLSimpleApplication@70aabe3d
----------------- Done invoking toplevel() on ptolemy.moml.MoMLSimpleApplication@70aabe3d
reloadAllAccessors: .SigmaDelta

===========================================================================================
----------------- testing Sat May 23 14:22:38 UTC 2020 /home/travis/build/icyphy/ptII/ptolemy/domains/continuous/test/auto/SingleRefinement.xml
----------------- Instantiating /home/travis/build/icyphy/ptII/ptolemy/domains/continuous/test/auto/SingleRefinement.xml
341 ms. Memory: 327680K Free: 134120K (41%)
----------------- Invoking toplevel() on ptolemy.moml.MoMLSimpleApplication@34a799e5
----------------- Done invoking toplevel() on ptolemy.moml.MoMLSimpleApplication@34a799e5
reloadAllAccessors: .SingleRefinement

===========================================================================================
----------------- testing Sat May 23 14:22:38 UTC 2020 /home/travis/build/icyphy/ptII/ptolemy/domains/continuous/test/auto/SinuBouncingBall.xml
----------------- Instantiating /home/travis/build/icyphy/ptII/ptolemy/domains/continuous/test/auto/SinuBouncingBall.xml
712 ms. Memory: 327680K Free: 303914K (93%)
----------------- Invoking toplevel() on ptolemy.moml.MoMLSimpleApplication@1f25fd8d
----------------- Done invoking toplevel() on ptolemy.moml.MoMLSimpleApplication@1f25fd8d
reloadAllAccessors: .SinuBouncingBall

===========================================================================================
----------------- testing Sat May 23 14:22:39 UTC 2020 /home/travis/build/icyphy/ptII/ptolemy/domains/continuous/test/auto/Sinusoid.xml
----------------- Instantiating /home/travis/build/icyphy/ptII/ptolemy/domains/continuous/test/auto/Sinusoid.xml
4 ms. Memory: 327680K Free: 299322K (91%)
----------------- Invoking toplevel() on ptolemy.moml.MoMLSimpleApplication@4dbe65c9
----------------- Done invoking toplevel() on ptolemy.moml.MoMLSimpleApplication@4dbe65c9
reloadAllAccessors: .Sinusoid

===========================================================================================
----------------- testing Sat May 23 14:22:39 UTC 2020 /home/travis/build/icyphy/ptII/ptolemy/domains/continuous/test/auto/SinusoidInNoise.xml
----------------- Instantiating /home/travis/build/icyphy/ptII/ptolemy/domains/continuous/test/auto/SinusoidInNoise.xml
759 ms. Memory: 327680K Free: 165688K (51%)
----------------- Invoking toplevel() on ptolemy.moml.MoMLSimpleApplication@343e93c3
----------------- Done invoking toplevel() on ptolemy.moml.MoMLSimpleApplication@343e93c3
reloadAllAccessors: .SinusoidInNoise

===========================================================================================
----------------- testing Sat May 23 14:22:40 UTC 2020 /home/travis/build/icyphy/ptII/ptolemy/domains/continuous/test/auto/SinusoidRK45.xml
----------------- Instantiating /home/travis/build/icyphy/ptII/ptolemy/domains/continuous/test/auto/SinusoidRK45.xml
2 ms. Memory: 327680K Free: 161562K (49%)
----------------- Invoking toplevel() on ptolemy.moml.MoMLSimpleApplication@7e3dfe70
----------------- Done invoking toplevel() on ptolemy.moml.MoMLSimpleApplication@7e3dfe70
reloadAllAccessors: .SinusoidRK45

===========================================================================================
----------------- testing Sat May 23 14:22:40 UTC 2020 /home/travis/build/icyphy/ptII/ptolemy/domains/continuous/test/auto/SinusoidWithMultipleImpulses.xml
----------------- Instantiating /home/travis/build/icyphy/ptII/ptolemy/domains/continuous/test/auto/SinusoidWithMultipleImpulses.xml
2 ms. Memory: 327680K Free: 156986K (48%)
----------------- Invoking toplevel() on ptolemy.moml.MoMLSimpleApplication@7bea783a
----------------- Done invoking toplevel() on ptolemy.moml.MoMLSimpleApplication@7bea783a
reloadAllAccessors: .SinusoidWithMultipleImpulses

===========================================================================================
----------------- testing Sat May 23 14:22:40 UTC 2020 /home/travis/build/icyphy/ptII/ptolemy/domains/continuous/test/auto/SquareWave.xml
----------------- Instantiating /home/travis/build/icyphy/ptII/ptolemy/domains/continuous/test/auto/SquareWave.xml
138 ms. Memory: 327680K Free: 129338K (39%)
----------------- Invoking toplevel() on ptolemy.moml.MoMLSimpleApplication@70e10b42
----------------- Done invoking toplevel() on ptolemy.moml.MoMLSimpleApplication@70e10b42
reloadAllAccessors: .SquareWave

===========================================================================================
----------------- testing Sat May 23 14:22:40 UTC 2020 /home/travis/build/icyphy/ptII/ptolemy/domains/continuous/test/auto/Starmac.xml
----------------- Instantiating /home/travis/build/icyphy/ptII/ptolemy/domains/continuous/test/auto/Starmac.xml
3072 ms. Memory: 327680K Free: 207830K (63%)
----------------- Invoking toplevel() on ptolemy.moml.MoMLSimpleApplication@7ffcda13
----------------- Done invoking toplevel() on ptolemy.moml.MoMLSimpleApplication@7ffcda13
reloadAllAccessors: .Starmac

===========================================================================================
----------------- testing Sat May 23 14:22:43 UTC 2020 /home/travis/build/icyphy/ptII/ptolemy/domains/continuous/test/auto/StaticUnits.xml
----------------- Instantiating /home/travis/build/icyphy/ptII/ptolemy/domains/continuous/test/auto/StaticUnits.xml
1638 ms. Memory: 327680K Free: 139209K (42%)
----------------- Invoking toplevel() on ptolemy.moml.MoMLSimpleApplication@1bb952
----------------- Done invoking toplevel() on ptolemy.moml.MoMLSimpleApplication@1bb952
reloadAllAccessors: .StaticUnits

===========================================================================================
----------------- testing Sat May 23 14:22:45 UTC 2020 /home/travis/build/icyphy/ptII/ptolemy/domains/continuous/test/auto/StickyMasses.xml
----------------- Instantiating /home/travis/build/icyphy/ptII/ptolemy/domains/continuous/test/auto/StickyMasses.xml
143 ms. Memory: 327680K Free: 280873K (86%)
----------------- Invoking toplevel() on ptolemy.moml.MoMLSimpleApplication@4dba20e6
----------------- Done invoking toplevel() on ptolemy.moml.MoMLSimpleApplication@4dba20e6
reloadAllAccessors: .StickyMasses

===========================================================================================
----------------- testing Sat May 23 14:22:46 UTC 2020 /home/travis/build/icyphy/ptII/ptolemy/domains/continuous/test/auto/StopTime.xml
----------------- Instantiating /home/travis/build/icyphy/ptII/ptolemy/domains/continuous/test/auto/StopTime.xml
43 ms. Memory: 327680K Free: 255868K (78%)
----------------- Invoking toplevel() on ptolemy.moml.MoMLSimpleApplication@6f94b709
----------------- Done invoking toplevel() on ptolemy.moml.MoMLSimpleApplication@6f94b709
reloadAllAccessors: .StopTime

===========================================================================================
----------------- testing Sat May 23 14:22:46 UTC 2020 /home/travis/build/icyphy/ptII/ptolemy/domains/continuous/test/auto/StopTime2.xml
----------------- Instantiating /home/travis/build/icyphy/ptII/ptolemy/domains/continuous/test/auto/StopTime2.xml
31 ms. Memory: 327680K Free: 233850K (71%)
----------------- Invoking toplevel() on ptolemy.moml.MoMLSimpleApplication@70cbfc5a
----------------- Done invoking toplevel() on ptolemy.moml.MoMLSimpleApplication@70cbfc5a
reloadAllAccessors: .StopTime2

===========================================================================================
----------------- testing Sat May 23 14:22:46 UTC 2020 /home/travis/build/icyphy/ptII/ptolemy/domains/continuous/test/auto/Switch.xml
----------------- Instantiating /home/travis/build/icyphy/ptII/ptolemy/domains/continuous/test/auto/Switch.xml
39 ms. Memory: 327680K Free: 208764K (64%)
----------------- Invoking toplevel() on ptolemy.moml.MoMLSimpleApplication@2d24a7e4
----------------- Done invoking toplevel() on ptolemy.moml.MoMLSimpleApplication@2d24a7e4
reloadAllAccessors: .Switch

===========================================================================================
----------------- testing Sat May 23 14:22:46 UTC 2020 /home/travis/build/icyphy/ptII/ptolemy/domains/continuous/test/auto/Thermostat.xml
----------------- Instantiating /home/travis/build/icyphy/ptII/ptolemy/domains/continuous/test/auto/Thermostat.xml
175 ms. Memory: 327680K Free: 136570K (42%)
----------------- Invoking toplevel() on ptolemy.moml.MoMLSimpleApplication@53150a61
----------------- Done invoking toplevel() on ptolemy.moml.MoMLSimpleApplication@53150a61
reloadAllAccessors: .Thermostat

===========================================================================================
----------------- testing Sat May 23 14:22:46 UTC 2020 /home/travis/build/icyphy/ptII/ptolemy/domains/continuous/test/auto/TimeDelay.xml
----------------- Instantiating /home/travis/build/icyphy/ptII/ptolemy/domains/continuous/test/auto/TimeDelay.xml
5 ms. Memory: 327680K Free: 131964K (40%)
----------------- Invoking toplevel() on ptolemy.moml.MoMLSimpleApplication@127155fa
----------------- Done invoking toplevel() on ptolemy.moml.MoMLSimpleApplication@127155fa
reloadAllAccessors: .TimeDelay

===========================================================================================
----------------- testing Sat May 23 14:22:46 UTC 2020 /home/travis/build/icyphy/ptII/ptolemy/domains/continuous/test/auto/TimeDelay2.xml
----------------- Instantiating /home/travis/build/icyphy/ptII/ptolemy/domains/continuous/test/auto/TimeDelay2.xml
7 ms. Memory: 327680K Free: 122234K (37%)
----------------- Invoking toplevel() on ptolemy.moml.MoMLSimpleApplication@67590007
----------------- Done invoking toplevel() on ptolemy.moml.MoMLSimpleApplication@67590007
reloadAllAccessors: .TimeDelay2

===========================================================================================
----------------- testing Sat May 23 14:22:46 UTC 2020 /home/travis/build/icyphy/ptII/ptolemy/domains/continuous/test/auto/TimeDelay3.xml
----------------- Instantiating /home/travis/build/icyphy/ptII/ptolemy/domains/continuous/test/auto/TimeDelay3.xml
5 ms. Memory: 327680K Free: 117628K (36%)
----------------- Invoking toplevel() on ptolemy.moml.MoMLSimpleApplication@231c898f
----------------- Done invoking toplevel() on ptolemy.moml.MoMLSimpleApplication@231c898f
reloadAllAccessors: .TimeDelay3

===========================================================================================
----------------- testing Sat May 23 14:22:46 UTC 2020 /home/travis/build/icyphy/ptII/ptolemy/domains/continuous/test/auto/TransferAbsentToInside.xml
----------------- Instantiating /home/travis/build/icyphy/ptII/ptolemy/domains/continuous/test/auto/TransferAbsentToInside.xml
24 ms. Memory: 327680K Free: 255348K (78%)
----------------- Invoking toplevel() on ptolemy.moml.MoMLSimpleApplication@1614b25e
----------------- Done invoking toplevel() on ptolemy.moml.MoMLSimpleApplication@1614b25e
reloadAllAccessors: .TransferAbsentToInside

===========================================================================================
----------------- testing Sat May 23 14:22:46 UTC 2020 /home/travis/build/icyphy/ptII/ptolemy/domains/continuous/test/auto/Transmission.xml
----------------- Instantiating /home/travis/build/icyphy/ptII/ptolemy/domains/continuous/test/auto/Transmission.xml
727 ms. Memory: 327680K Free: 214384K (65%)
----------------- Invoking toplevel() on ptolemy.moml.MoMLSimpleApplication@38fae86f
----------------- Done invoking toplevel() on ptolemy.moml.MoMLSimpleApplication@38fae86f
reloadAllAccessors: .Transmission

===========================================================================================
----------------- testing Sat May 23 14:22:47 UTC 2020 /home/travis/build/icyphy/ptII/ptolemy/domains/continuous/test/auto/TriggeredContinuousClock.xml
----------------- Instantiating /home/travis/build/icyphy/ptII/ptolemy/domains/continuous/test/auto/TriggeredContinuousClock.xml
35 ms. Memory: 327680K Free: 184681K (56%)
----------------- Invoking toplevel() on ptolemy.moml.MoMLSimpleApplication@633b74b4
----------------- Done invoking toplevel() on ptolemy.moml.MoMLSimpleApplication@633b74b4
reloadAllAccessors: .TriggeredContinuousClock

===========================================================================================
----------------- testing Sat May 23 14:22:47 UTC 2020 /home/travis/build/icyphy/ptII/ptolemy/domains/continuous/test/auto/TwoMachineInfiniteBusControl.xml
----------------- Instantiating /home/travis/build/icyphy/ptII/ptolemy/domains/continuous/test/auto/TwoMachineInfiniteBusControl.xml
2516 ms. Memory: 327680K Free: 148662K (45%)
----------------- Invoking toplevel() on ptolemy.moml.MoMLSimpleApplication@530f7bd6
----------------- Done invoking toplevel() on ptolemy.moml.MoMLSimpleApplication@530f7bd6
reloadAllAccessors: .TwoMachineInfiniteBusControl

===========================================================================================
----------------- testing Sat May 23 14:22:50 UTC 2020 /home/travis/build/icyphy/ptII/ptolemy/domains/continuous/test/auto/V2V.xml
----------------- Instantiating /home/travis/build/icyphy/ptII/ptolemy/domains/continuous/test/auto/V2V.xml
549 ms. Memory: 327680K Free: 149541K (46%)
----------------- Invoking toplevel() on ptolemy.moml.MoMLSimpleApplication@594b26c4
----------------- Done invoking toplevel() on ptolemy.moml.MoMLSimpleApplication@594b26c4
reloadAllAccessors: .V2V

===========================================================================================
----------------- testing Sat May 23 14:22:50 UTC 2020 /home/travis/build/icyphy/ptII/ptolemy/domains/continuous/test/auto/hierarchicalModalModel.xml
----------------- Instantiating /home/travis/build/icyphy/ptII/ptolemy/domains/continuous/test/auto/hierarchicalModalModel.xml
8 ms. Memory: 327680K Free: 134953K (41%)
----------------- Invoking toplevel() on ptolemy.moml.MoMLSimpleApplication@105bd05c
----------------- Done invoking toplevel() on ptolemy.moml.MoMLSimpleApplication@105bd05c
reloadAllAccessors: .hierarchicalModalModel

===========================================================================================
----------------- testing Sat May 23 14:22:50 UTC 2020 /home/travis/build/icyphy/ptII/ptolemy/domains/continuous/test/auto/hierarchicalModalModel1.xml
----------------- Instantiating /home/travis/build/icyphy/ptII/ptolemy/domains/continuous/test/auto/hierarchicalModalModel1.xml
8 ms. Memory: 327680K Free: 120624K (37%)
----------------- Invoking toplevel() on ptolemy.moml.MoMLSimpleApplication@41a3aea7
----------------- Done invoking toplevel() on ptolemy.moml.MoMLSimpleApplication@41a3aea7
reloadAllAccessors: .hierarchicalModalModel1

===========================================================================================
----------------- testing Sat May 23 14:22:50 UTC 2020 /home/travis/build/icyphy/ptII/ptolemy/domains/continuous/test/auto/hierarchicalModalModel2.xml
----------------- Instantiating /home/travis/build/icyphy/ptII/ptolemy/domains/continuous/test/auto/hierarchicalModalModel2.xml
6 ms. Memory: 327680K Free: 298266K (91%)
----------------- Invoking toplevel() on ptolemy.moml.MoMLSimpleApplication@5c248d07
----------------- Done invoking toplevel() on ptolemy.moml.MoMLSimpleApplication@5c248d07
reloadAllAccessors: .hierarchicalModalModel2

===========================================================================================
----------------- testing Sat May 23 14:22:50 UTC 2020 /home/travis/build/icyphy/ptII/ptolemy/domains/continuous/test/auto/hierarchicalModalModel3.xml
----------------- Instantiating /home/travis/build/icyphy/ptII/ptolemy/domains/continuous/test/auto/hierarchicalModalModel3.xml
6 ms. Memory: 327680K Free: 287530K (88%)
----------------- Invoking toplevel() on ptolemy.moml.MoMLSimpleApplication@597beee5
----------------- Done invoking toplevel() on ptolemy.moml.MoMLSimpleApplication@597beee5
reloadAllAccessors: .hierarchicalModalModel3

===========================================================================================
----------------- testing Sat May 23 14:22:50 UTC 2020 /home/travis/build/icyphy/ptII/ptolemy/domains/continuous/test/auto/hierarchicalModalModel4.xml
----------------- Instantiating /home/travis/build/icyphy/ptII/ptolemy/domains/continuous/test/auto/hierarchicalModalModel4.xml
4 ms. Memory: 327680K Free: 275752K (84%)
----------------- Invoking toplevel() on ptolemy.moml.MoMLSimpleApplication@604d62ae
----------------- Done invoking toplevel() on ptolemy.moml.MoMLSimpleApplication@604d62ae
reloadAllAccessors: .hierarchicalModalModel4

===========================================================================================
----------------- testing Sat May 23 14:22:50 UTC 2020 /home/travis/build/icyphy/ptII/ptolemy/domains/continuous/test/auto/junk.xml
----------------- Instantiating /home/travis/build/icyphy/ptII/ptolemy/domains/continuous/test/auto/junk.xml
112 ms. Memory: 327680K Free: 248104K (76%)
----------------- Invoking toplevel() on ptolemy.moml.MoMLSimpleApplication@79ae83c7
----------------- Done invoking toplevel() on ptolemy.moml.MoMLSimpleApplication@79ae83c7
reloadAllAccessors: .junk
AutoTests.java: About to close Vertx.
AutoTests.java: Vertx closed.
]]></system-out>
  <system-err><![CDATA[Warning: '.IncreasingRatePoisson.NonStrictTest' The test produced only 401 tokens, yet the correctValues parameter was expecting 402 tokens.
Warning: '.Poisson.NonStrictTest' The test produced only 388 tokens, yet the correctValues parameter was expecting 430 tokens.
]]></system-err>
</testsuite>
