<?xml version="1.0" encoding="UTF-8" ?>
<testsuite errors="0" failures="0" hostname="travis-job-0c72b847-72f9-486f-825b-6a7161cebc22" name="ptolemy.domains.sdf.test.junit.JUnitTclTest" skipped="0" tests="66" time="20.601" timestamp="2019-12-24T16:57:08">
  <properties>
[...]
</properties>
  <testcase classname="ptolemy.util.test.junit.TclTests" name="[0] /home/travis/build/icyphy/ptII/ptolemy/domains/sdf/test/SDFSchedulerErrors.tcl (RunTclFile)" time="1.012" />
  <testcase classname="ptolemy.util.test.junit.TclTests" name="[1] /home/travis/build/icyphy/ptII/ptolemy/domains/sdf/test/composition.tcl (RunTclFile)" time="0.187" />
  <testcase classname="ptolemy.util.test.junit.TclTests" name="[2] /home/travis/build/icyphy/ptII/ptolemy/domains/sdf/test/cycle.tcl (RunTclFile)" time="0.073" />
  <testcase classname="ptolemy.util.test.junit.AutoKnownFailedTests" name="[0] ThereAreNoKnowFailedTests (RunModel)" time="0.001" />
  <testcase classname="ptolemy.util.test.junit.AutoNameArchTests" name="[0] ThereAreNoAutoArchTests (RunModel)" time="0.002" />
  <testcase classname="ptolemy.util.test.junit.AutoTests" name="[0] /home/travis/build/icyphy/ptII/ptolemy/domains/sdf/test/auto/Array.xml (RunModel)" time="0.253" />
  <testcase classname="ptolemy.util.test.junit.AutoTests" name="[1] /home/travis/build/icyphy/ptII/ptolemy/domains/sdf/test/auto/Butterfly.xml (RunModel)" time="0.147" />
  <testcase classname="ptolemy.util.test.junit.AutoTests" name="[2] /home/travis/build/icyphy/ptII/ptolemy/domains/sdf/test/auto/Expression.xml (RunModel)" time="0.129" />
  <testcase classname="ptolemy.util.test.junit.AutoTests" name="[3] /home/travis/build/icyphy/ptII/ptolemy/domains/sdf/test/auto/Eye.xml (RunModel)" time="0.278" />
  <testcase classname="ptolemy.util.test.junit.AutoTests" name="[4] /home/travis/build/icyphy/ptII/ptolemy/domains/sdf/test/auto/FixFIR.xml (RunModel)" time="0.414" />
  <testcase classname="ptolemy.util.test.junit.AutoTests" name="[5] /home/travis/build/icyphy/ptII/ptolemy/domains/sdf/test/auto/FixPoint.xml (RunModel)" time="0.039" />
  <testcase classname="ptolemy.util.test.junit.AutoTests" name="[6] /home/travis/build/icyphy/ptII/ptolemy/domains/sdf/test/auto/Gravitation.xml (RunModel)" time="3.297" />
  <testcase classname="ptolemy.util.test.junit.AutoTests" name="[7] /home/travis/build/icyphy/ptII/ptolemy/domains/sdf/test/auto/GravitationWithCollisionDetection.xml (RunModel)" time="6.429" />
  <testcase classname="ptolemy.util.test.junit.AutoTests" name="[8] /home/travis/build/icyphy/ptII/ptolemy/domains/sdf/test/auto/HDF.xml (RunModel)" time="0.11" />
  <testcase classname="ptolemy.util.test.junit.AutoTests" name="[9] /home/travis/build/icyphy/ptII/ptolemy/domains/sdf/test/auto/HDFwithTransientStates.xml (RunModel)" time="0.091" />
  <testcase classname="ptolemy.util.test.junit.AutoTests" name="[10] /home/travis/build/icyphy/ptII/ptolemy/domains/sdf/test/auto/HTVQ.xml (RunModel)" time="0.794" />
  <testcase classname="ptolemy.util.test.junit.AutoTests" name="[11] /home/travis/build/icyphy/ptII/ptolemy/domains/sdf/test/auto/InferInitProduction.xml (RunModel)" time="0.036" />
  <testcase classname="ptolemy.util.test.junit.AutoTests" name="[12] /home/travis/build/icyphy/ptII/ptolemy/domains/sdf/test/auto/InferInitProductionDeeper.xml (RunModel)" time="0.024" />
  <testcase classname="ptolemy.util.test.junit.AutoTests" name="[13] /home/travis/build/icyphy/ptII/ptolemy/domains/sdf/test/auto/LMSAdaptive.xml (RunModel)" time="0.063" />
  <testcase classname="ptolemy.util.test.junit.AutoTests" name="[14] /home/travis/build/icyphy/ptII/ptolemy/domains/sdf/test/auto/LogisticMap.xml (RunModel)" time="0.467" />
  <testcase classname="ptolemy.util.test.junit.AutoTests" name="[15] /home/travis/build/icyphy/ptII/ptolemy/domains/sdf/test/auto/MaximumEntropySpectrum.xml (RunModel)" time="0.282" />
  <testcase classname="ptolemy.util.test.junit.AutoTests" name="[16] /home/travis/build/icyphy/ptII/ptolemy/domains/sdf/test/auto/MultirateSDF.xml (RunModel)" time="0.062" />
  <testcase classname="ptolemy.util.test.junit.AutoTests" name="[17] /home/travis/build/icyphy/ptII/ptolemy/domains/sdf/test/auto/MultirateSDFwithTransientStates.xml (RunModel)" time="0.089" />
  <testcase classname="ptolemy.util.test.junit.AutoTests" name="[18] /home/travis/build/icyphy/ptII/ptolemy/domains/sdf/test/auto/NoisySinewave.xml (RunModel)" time="0.063" />
  <testcase classname="ptolemy.util.test.junit.AutoTests" name="[19] /home/travis/build/icyphy/ptII/ptolemy/domains/sdf/test/auto/Objects.xml (RunModel)" time="0.052" />
  <testcase classname="ptolemy.util.test.junit.AutoTests" name="[20] /home/travis/build/icyphy/ptII/ptolemy/domains/sdf/test/auto/OrthogonalCom.xml (RunModel)" time="0.041" />
  <testcase classname="ptolemy.util.test.junit.AutoTests" name="[21] /home/travis/build/icyphy/ptII/ptolemy/domains/sdf/test/auto/RijndaelEncryption.xml (RunModel)" time="0.61" />
  <testcase classname="ptolemy.util.test.junit.AutoTests" name="[22] /home/travis/build/icyphy/ptII/ptolemy/domains/sdf/test/auto/SDFEmptyIterations.xml (RunModel)" time="0.016" />
  <testcase classname="ptolemy.util.test.junit.AutoTests" name="[23] /home/travis/build/icyphy/ptII/ptolemy/domains/sdf/test/auto/Spectrum.xml (RunModel)" time="0.105" />
  <testcase classname="ptolemy.util.test.junit.AutoTests" name="[24] /home/travis/build/icyphy/ptII/ptolemy/domains/sdf/test/auto/de_inside_sdf.xml (RunModel)" time="0.024" />
  <testcase classname="ptolemy.util.test.junit.AutoTests" name="[25] /home/travis/build/icyphy/ptII/ptolemy/domains/sdf/test/auto/disconnectedHierarchicalSDF.xml (RunModel)" time="0.031" />
  <testcase classname="ptolemy.util.test.junit.AutoTests" name="[26] /home/travis/build/icyphy/ptII/ptolemy/domains/sdf/test/auto/disconnectedSDF.xml (RunModel)" time="0.017" />
  <testcase classname="ptolemy.util.test.junit.AutoTests" name="[27] /home/travis/build/icyphy/ptII/ptolemy/domains/sdf/test/auto/emptyRefinement.xml (RunModel)" time="0.023" />
  <testcase classname="ptolemy.util.test.junit.AutoTests" name="[28] /home/travis/build/icyphy/ptII/ptolemy/domains/sdf/test/auto/filePortParameter.xml (RunModel)" time="0.047" />
  <testcase classname="ptolemy.util.test.junit.AutoTests" name="[29] /home/travis/build/icyphy/ptII/ptolemy/domains/sdf/test/auto/inferRelationWidth1.xml (RunModel)" time="0.018" />
  <testcase classname="ptolemy.util.test.junit.AutoTests" name="[30] /home/travis/build/icyphy/ptII/ptolemy/domains/sdf/test/auto/initProductionInference.xml (RunModel)" time="0.026" />
  <testcase classname="ptolemy.util.test.junit.AutoTests" name="[31] /home/travis/build/icyphy/ptII/ptolemy/domains/sdf/test/auto/relationGroup.xml (RunModel)" time="0.024" />
  <testcase classname="ptolemy.util.test.junit.AutoTests" name="[32] /home/travis/build/icyphy/ptII/ptolemy/domains/sdf/test/auto/relationGroup10.xml (RunModel)" time="0.014" />
  <testcase classname="ptolemy.util.test.junit.AutoTests" name="[33] /home/travis/build/icyphy/ptII/ptolemy/domains/sdf/test/auto/relationGroup11.xml (RunModel)" time="0.026" />
  <testcase classname="ptolemy.util.test.junit.AutoTests" name="[34] /home/travis/build/icyphy/ptII/ptolemy/domains/sdf/test/auto/relationGroup12.xml (RunModel)" time="0.016" />
  <testcase classname="ptolemy.util.test.junit.AutoTests" name="[35] /home/travis/build/icyphy/ptII/ptolemy/domains/sdf/test/auto/relationGroup13.xml (RunModel)" time="0.023" />
  <testcase classname="ptolemy.util.test.junit.AutoTests" name="[36] /home/travis/build/icyphy/ptII/ptolemy/domains/sdf/test/auto/relationGroup14.xml (RunModel)" time="0.016" />
  <testcase classname="ptolemy.util.test.junit.AutoTests" name="[37] /home/travis/build/icyphy/ptII/ptolemy/domains/sdf/test/auto/relationGroup15.xml (RunModel)" time="0.013" />
  <testcase classname="ptolemy.util.test.junit.AutoTests" name="[38] /home/travis/build/icyphy/ptII/ptolemy/domains/sdf/test/auto/relationGroup2.xml (RunModel)" time="0.017" />
  <testcase classname="ptolemy.util.test.junit.AutoTests" name="[39] /home/travis/build/icyphy/ptII/ptolemy/domains/sdf/test/auto/relationGroup3.xml (RunModel)" time="0.01" />
  <testcase classname="ptolemy.util.test.junit.AutoTests" name="[40] /home/travis/build/icyphy/ptII/ptolemy/domains/sdf/test/auto/relationGroup4.xml (RunModel)" time="0.017" />
  <testcase classname="ptolemy.util.test.junit.AutoTests" name="[41] /home/travis/build/icyphy/ptII/ptolemy/domains/sdf/test/auto/relationGroup5.xml (RunModel)" time="0.014" />
  <testcase classname="ptolemy.util.test.junit.AutoTests" name="[42] /home/travis/build/icyphy/ptII/ptolemy/domains/sdf/test/auto/relationGroup6.xml (RunModel)" time="0.011" />
  <testcase classname="ptolemy.util.test.junit.AutoTests" name="[43] /home/travis/build/icyphy/ptII/ptolemy/domains/sdf/test/auto/relationGroup7.xml (RunModel)" time="0.011" />
  <testcase classname="ptolemy.util.test.junit.AutoTests" name="[44] /home/travis/build/icyphy/ptII/ptolemy/domains/sdf/test/auto/relationGroup8.xml (RunModel)" time="0.018" />
  <testcase classname="ptolemy.util.test.junit.AutoTests" name="[45] /home/travis/build/icyphy/ptII/ptolemy/domains/sdf/test/auto/relationGroup9.xml (RunModel)" time="0.012" />
  <testcase classname="ptolemy.util.test.junit.AutoTests" name="[46] /home/travis/build/icyphy/ptII/ptolemy/domains/sdf/test/auto/sdf_inside_de.xml (RunModel)" time="0.038" />
  <testcase classname="ptolemy.util.test.junit.AutoTests" name="[47] /home/travis/build/icyphy/ptII/ptolemy/domains/sdf/test/auto/sdf_inside_pn.xml (RunModel)" time="0.043" />
  <testcase classname="ptolemy.util.test.junit.AutoTests" name="[48] /home/travis/build/icyphy/ptII/ptolemy/domains/sdf/test/auto/sdf_sdf1.xml (RunModel)" time="0.019" />
  <testcase classname="ptolemy.util.test.junit.AutoTests" name="[49] /home/travis/build/icyphy/ptII/ptolemy/domains/sdf/test/auto/test1.xml (RunModel)" time="0.018" />
  <testcase classname="ptolemy.util.test.junit.AutoTests" name="[50] /home/travis/build/icyphy/ptII/ptolemy/domains/sdf/test/auto/time1.xml (RunModel)" time="0.015" />
  <testcase classname="ptolemy.util.test.junit.AutoTests" name="[51] /home/travis/build/icyphy/ptII/ptolemy/domains/sdf/test/auto/time2.xml (RunModel)" time="0.011" />
  <testcase classname="ptolemy.util.test.junit.AutoTests" name="[52] /home/travis/build/icyphy/ptII/ptolemy/domains/sdf/test/auto/time3.xml (RunModel)" time="0.023" />
  <testcase classname="ptolemy.util.test.junit.AutoTests" name="[53] /home/travis/build/icyphy/ptII/ptolemy/domains/sdf/test/auto/time4.xml (RunModel)" time="0.018" />
  <testcase classname="ptolemy.util.test.junit.AutoTests" name="[54] /home/travis/build/icyphy/ptII/ptolemy/domains/sdf/test/auto/time5.xml (RunModel)" time="4.01" />
  <testcase classname="ptolemy.util.test.junit.AutoTests" name="[55] /home/travis/build/icyphy/ptII/ptolemy/domains/sdf/test/auto/typeSystem_Const_Integer_smallest_Type.xml (RunModel)" time="0.038" />
  <testcase classname="ptolemy.util.test.junit.AutoTests" name="[56] /home/travis/build/icyphy/ptII/ptolemy/domains/sdf/test/auto/typeSystem_declared_Inports_OutportTypeException.xml (RunModel)" time="0.021" />
  <testcase classname="ptolemy.util.test.junit.AutoTests" name="[57] /home/travis/build/icyphy/ptII/ptolemy/domains/sdf/test/auto/typeSystem_oneDeclaredInportType_wrongTypeOutport.xml (RunModel)" time="0.016" />
  <testcase classname="ptolemy.util.test.junit.AutoTests" name="[58] /home/travis/build/icyphy/ptII/ptolemy/domains/sdf/test/auto/width.xml (RunModel)" time="0.013" />
  <testcase classname="ptolemy.util.test.junit.AutoTests" name="[59] /home/travis/build/icyphy/ptII/ptolemy/domains/sdf/test/auto/width2.xml (RunModel)" time="0.034" />
  <testcase classname="ptolemy.util.test.junit.AutoTests" name="[60] /home/travis/build/icyphy/ptII/ptolemy/domains/sdf/test/auto/width3.xml (RunModel)" time="0.034" />
  <system-out><![CDATA[/home/travis/build/icyphy/ptII/ptolemy/domains/sdf/test/SDFSchedulerErrors.tcl
testDefs.tcl: setting time out to 9000 seconds at Tue Dec 24 16:57:08 UTC 2019
96 ms. Memory: 129024K Free: 90565K (70%)
15 ms. Memory: 129024K Free: 82887K (64%)
22 ms. Memory: 129024K Free: 76214K (59%)
18 ms. Memory: 129024K Free: 73157K (57%)
/home/travis/build/icyphy/ptII/ptolemy/domains/sdf/test/composition.tcl
41 ms. Memory: 129024K Free: 69575K (54%)
10 ms. Memory: 129024K Free: 67527K (52%)
/home/travis/build/icyphy/ptII/ptolemy/domains/sdf/test/cycle.tcl
.Toplevel.Director Preinitializing ...
Invoking preinitialize():  .Toplevel.Actor1
Invoking preinitialize():  .Toplevel.Actor2
Invoking preinitialize():  .Toplevel.Delay
.Toplevel.Director Finished preinitialize().
### Schedule:
Execute Schedule{
Fire Actor ptolemy.domains.sdf.kernel.test.SDFTestDelay {.Toplevel.Actor1}
Fire Actor ptolemy.domains.sdf.kernel.test.SDFTestDelay {.Toplevel.Actor2}
Fire Actor ptolemy.domains.sdf.lib.SampleDelay {.Toplevel.Delay}
}
### End schedule
Called initialize().
Invoking initialize():  .Toplevel.Actor1
Initializing actor: .Toplevel.Actor1.
Invoking initialize():  .Toplevel.Actor2
Initializing actor: .Toplevel.Actor2.
Invoking initialize():  .Toplevel.Delay
Initializing actor: .Toplevel.Delay.
Director: Called prefire().
-- Setting current time to 0.0
Director prefire returns true.
The actor .Toplevel.Actor1 will be iterated.
The actor .Toplevel.Actor1 was iterated.
The actor .Toplevel.Actor2 will be iterated.
The actor .Toplevel.Actor2 was iterated.
The actor .Toplevel.Delay will be iterated.
The actor .Toplevel.Delay was iterated.
Director: Called postfire().
Postfire returns: true
Director: Called prefire().
-- Setting current time to 0.0
Director prefire returns true.
The actor .Toplevel.Actor1 will be iterated.
The actor .Toplevel.Actor1 was iterated.
The actor .Toplevel.Actor2 will be iterated.
The actor .Toplevel.Actor2 was iterated.
The actor .Toplevel.Delay will be iterated.
The actor .Toplevel.Delay was iterated.
Director: Called postfire().
Postfire returns: true
Director: Called prefire().
-- Setting current time to 0.0
Director prefire returns true.
The actor .Toplevel.Actor1 will be iterated.
The actor .Toplevel.Actor1 was iterated.
The actor .Toplevel.Actor2 will be iterated.
The actor .Toplevel.Actor2 was iterated.
The actor .Toplevel.Delay will be iterated.
The actor .Toplevel.Delay was iterated.
Director: Called postfire().
Postfire returns: true
Director: Called prefire().
-- Setting current time to 0.0
Director prefire returns true.
The actor .Toplevel.Actor1 will be iterated.
The actor .Toplevel.Actor1 was iterated.
The actor .Toplevel.Actor2 will be iterated.
The actor .Toplevel.Actor2 was iterated.
The actor .Toplevel.Delay will be iterated.
The actor .Toplevel.Delay was iterated.
Director: Called postfire().
Postfire returns: true
Director: Called prefire().
-- Setting current time to 0.0
Director prefire returns true.
The actor .Toplevel.Actor1 will be iterated.
The actor .Toplevel.Actor1 was iterated.
The actor .Toplevel.Actor2 will be iterated.
The actor .Toplevel.Actor2 was iterated.
The actor .Toplevel.Delay will be iterated.
The actor .Toplevel.Delay was iterated.
Director: Called postfire().
Postfire returns: true
Director: Called prefire().
-- Setting current time to 0.0
Director prefire returns true.
The actor .Toplevel.Actor1 will be iterated.
The actor .Toplevel.Actor1 was iterated.
The actor .Toplevel.Actor2 will be iterated.
The actor .Toplevel.Actor2 was iterated.
The actor .Toplevel.Delay will be iterated.
The actor .Toplevel.Delay was iterated.
Reached specified number of iterations: 6
Director: Called wrapup().
41 ms. Memory: 129024K Free: 64455K (50%)
12/24/19 04:57:09
Failed: 0  Total Tests: 8  ((Passed: 8, Newly Passed: 0)  Known Failed: 0) /home/travis/build/icyphy/ptII/ptolemy/domains/sdf/test
No auto/knownFailedTests/*.xml tests in /home/travis/build/icyphy/ptII/ptolemy/domains/sdf/test
No auto/linux-amd64/*.xml tests in /home/travis/build/icyphy/ptII/ptolemy/domains/sdf/test
AutoTests.java: About to close Vertx.
AutoTests.java: Vertx closed.

===========================================================================================
----------------- testing Tue Dec 24 16:57:10 UTC 2019 /home/travis/build/icyphy/ptII/ptolemy/domains/sdf/test/auto/Array.xml
----------------- Instantiating /home/travis/build/icyphy/ptII/ptolemy/domains/sdf/test/auto/Array.xml
32 ms. Memory: 129024K Free: 111132K (86%)
----------------- Invoking toplevel() on ptolemy.moml.MoMLSimpleApplication@60f88d5b
----------------- Done invoking toplevel() on ptolemy.moml.MoMLSimpleApplication@60f88d5b
reloadAllAccessors: .Array

===========================================================================================
----------------- testing Tue Dec 24 16:57:10 UTC 2019 /home/travis/build/icyphy/ptII/ptolemy/domains/sdf/test/auto/Butterfly.xml
----------------- Instantiating /home/travis/build/icyphy/ptII/ptolemy/domains/sdf/test/auto/Butterfly.xml
119 ms. Memory: 129024K Free: 104600K (81%)
----------------- Invoking toplevel() on ptolemy.moml.MoMLSimpleApplication@2caa8fc2
----------------- Done invoking toplevel() on ptolemy.moml.MoMLSimpleApplication@2caa8fc2
reloadAllAccessors: .Butterfly

===========================================================================================
----------------- testing Tue Dec 24 16:57:10 UTC 2019 /home/travis/build/icyphy/ptII/ptolemy/domains/sdf/test/auto/Expression.xml
----------------- Instantiating /home/travis/build/icyphy/ptII/ptolemy/domains/sdf/test/auto/Expression.xml
104 ms. Memory: 129024K Free: 99897K (77%)
----------------- Invoking toplevel() on ptolemy.moml.MoMLSimpleApplication@6230561c
----------------- Done invoking toplevel() on ptolemy.moml.MoMLSimpleApplication@6230561c
reloadAllAccessors: .Expression

===========================================================================================
----------------- testing Tue Dec 24 16:57:10 UTC 2019 /home/travis/build/icyphy/ptII/ptolemy/domains/sdf/test/auto/Eye.xml
----------------- Instantiating /home/travis/build/icyphy/ptII/ptolemy/domains/sdf/test/auto/Eye.xml
181 ms. Memory: 129024K Free: 74715K (58%)
----------------- Invoking toplevel() on ptolemy.moml.MoMLSimpleApplication@7fdf3987
----------------- Done invoking toplevel() on ptolemy.moml.MoMLSimpleApplication@7fdf3987
reloadAllAccessors: .Eye

===========================================================================================
----------------- testing Tue Dec 24 16:57:11 UTC 2019 /home/travis/build/icyphy/ptII/ptolemy/domains/sdf/test/auto/FixFIR.xml
----------------- Instantiating /home/travis/build/icyphy/ptII/ptolemy/domains/sdf/test/auto/FixFIR.xml
177 ms. Memory: 129024K Free: 101647K (79%)
----------------- Invoking toplevel() on ptolemy.moml.MoMLSimpleApplication@6d174d53
----------------- Done invoking toplevel() on ptolemy.moml.MoMLSimpleApplication@6d174d53
reloadAllAccessors: .FixFIR

===========================================================================================
----------------- testing Tue Dec 24 16:57:11 UTC 2019 /home/travis/build/icyphy/ptII/ptolemy/domains/sdf/test/auto/FixPoint.xml
----------------- Instantiating /home/travis/build/icyphy/ptII/ptolemy/domains/sdf/test/auto/FixPoint.xml
15 ms. Memory: 129024K Free: 97092K (75%)
----------------- Invoking toplevel() on ptolemy.moml.MoMLSimpleApplication@1b322e0d
----------------- Done invoking toplevel() on ptolemy.moml.MoMLSimpleApplication@1b322e0d
reloadAllAccessors: .FixPoint

===========================================================================================
----------------- testing Tue Dec 24 16:57:11 UTC 2019 /home/travis/build/icyphy/ptII/ptolemy/domains/sdf/test/auto/Gravitation.xml
----------------- Instantiating /home/travis/build/icyphy/ptII/ptolemy/domains/sdf/test/auto/Gravitation.xml
3200 ms. Memory: 155648K Free: 90492K (58%)
----------------- Invoking toplevel() on ptolemy.moml.MoMLSimpleApplication@638325b6
----------------- Done invoking toplevel() on ptolemy.moml.MoMLSimpleApplication@638325b6
reloadAllAccessors: .Gravitation

===========================================================================================
----------------- testing Tue Dec 24 16:57:14 UTC 2019 /home/travis/build/icyphy/ptII/ptolemy/domains/sdf/test/auto/GravitationWithCollisionDetection.xml
----------------- Instantiating /home/travis/build/icyphy/ptII/ptolemy/domains/sdf/test/auto/GravitationWithCollisionDetection.xml
6237 ms. Memory: 314368K Free: 270009K (86%)
----------------- Invoking toplevel() on ptolemy.moml.MoMLSimpleApplication@40d3ad86
----------------- Done invoking toplevel() on ptolemy.moml.MoMLSimpleApplication@40d3ad86
reloadAllAccessors: .GravitationWithCollisionDetection

===========================================================================================
----------------- testing Tue Dec 24 16:57:21 UTC 2019 /home/travis/build/icyphy/ptII/ptolemy/domains/sdf/test/auto/HDF.xml
----------------- Instantiating /home/travis/build/icyphy/ptII/ptolemy/domains/sdf/test/auto/HDF.xml
39 ms. Memory: 314368K Free: 254635K (81%)
----------------- Invoking toplevel() on ptolemy.moml.MoMLSimpleApplication@1fddc994
----------------- Done invoking toplevel() on ptolemy.moml.MoMLSimpleApplication@1fddc994
reloadAllAccessors: .HDF

===========================================================================================
----------------- testing Tue Dec 24 16:57:21 UTC 2019 /home/travis/build/icyphy/ptII/ptolemy/domains/sdf/test/auto/HDFwithTransientStates.xml
----------------- Instantiating /home/travis/build/icyphy/ptII/ptolemy/domains/sdf/test/auto/HDFwithTransientStates.xml
30 ms. Memory: 314368K Free: 235707K (75%)
----------------- Invoking toplevel() on ptolemy.moml.MoMLSimpleApplication@36766958
----------------- Done invoking toplevel() on ptolemy.moml.MoMLSimpleApplication@36766958
reloadAllAccessors: .HDFwithTransientStates

===========================================================================================
----------------- testing Tue Dec 24 16:57:21 UTC 2019 /home/travis/build/icyphy/ptII/ptolemy/domains/sdf/test/auto/HTVQ.xml
----------------- Instantiating /home/travis/build/icyphy/ptII/ptolemy/domains/sdf/test/auto/HTVQ.xml
760 ms. Memory: 314368K Free: 253594K (81%)
----------------- Invoking toplevel() on ptolemy.moml.MoMLSimpleApplication@1b6c5d6b
----------------- Done invoking toplevel() on ptolemy.moml.MoMLSimpleApplication@1b6c5d6b
reloadAllAccessors: .HTVQ

===========================================================================================
----------------- testing Tue Dec 24 16:57:22 UTC 2019 /home/travis/build/icyphy/ptII/ptolemy/domains/sdf/test/auto/InferInitProduction.xml
----------------- Instantiating /home/travis/build/icyphy/ptII/ptolemy/domains/sdf/test/auto/InferInitProduction.xml
8 ms. Memory: 314368K Free: 247535K (79%)
----------------- Invoking toplevel() on ptolemy.moml.MoMLSimpleApplication@7baf900b
----------------- Done invoking toplevel() on ptolemy.moml.MoMLSimpleApplication@7baf900b
reloadAllAccessors: .InferInitProduction

===========================================================================================
----------------- testing Tue Dec 24 16:57:22 UTC 2019 /home/travis/build/icyphy/ptII/ptolemy/domains/sdf/test/auto/InferInitProductionDeeper.xml
----------------- Instantiating /home/travis/build/icyphy/ptII/ptolemy/domains/sdf/test/auto/InferInitProductionDeeper.xml
5 ms. Memory: 314368K Free: 241919K (77%)
----------------- Invoking toplevel() on ptolemy.moml.MoMLSimpleApplication@5e8073c0
----------------- Done invoking toplevel() on ptolemy.moml.MoMLSimpleApplication@5e8073c0
reloadAllAccessors: .InferInitProductionDeeper

===========================================================================================
----------------- testing Tue Dec 24 16:57:22 UTC 2019 /home/travis/build/icyphy/ptII/ptolemy/domains/sdf/test/auto/LMSAdaptive.xml
----------------- Instantiating /home/travis/build/icyphy/ptII/ptolemy/domains/sdf/test/auto/LMSAdaptive.xml
9 ms. Memory: 314368K Free: 232703K (74%)
----------------- Invoking toplevel() on ptolemy.moml.MoMLSimpleApplication@689525f7
----------------- Done invoking toplevel() on ptolemy.moml.MoMLSimpleApplication@689525f7
reloadAllAccessors: .LMSAdaptive

===========================================================================================
----------------- testing Tue Dec 24 16:57:22 UTC 2019 /home/travis/build/icyphy/ptII/ptolemy/domains/sdf/test/auto/LogisticMap.xml
----------------- Instantiating /home/travis/build/icyphy/ptII/ptolemy/domains/sdf/test/auto/LogisticMap.xml
440 ms. Memory: 314368K Free: 226559K (72%)
----------------- Invoking toplevel() on ptolemy.moml.MoMLSimpleApplication@6398c0d9
----------------- Done invoking toplevel() on ptolemy.moml.MoMLSimpleApplication@6398c0d9
reloadAllAccessors: .LogisticMap

===========================================================================================
----------------- testing Tue Dec 24 16:57:22 UTC 2019 /home/travis/build/icyphy/ptII/ptolemy/domains/sdf/test/auto/MaximumEntropySpectrum.xml
----------------- Instantiating /home/travis/build/icyphy/ptII/ptolemy/domains/sdf/test/auto/MaximumEntropySpectrum.xml
65 ms. Memory: 314368K Free: 165119K (53%)
----------------- Invoking toplevel() on ptolemy.moml.MoMLSimpleApplication@66efbbb3
----------------- Done invoking toplevel() on ptolemy.moml.MoMLSimpleApplication@66efbbb3
reloadAllAccessors: .MaximumEntropySpectrum

===========================================================================================
----------------- testing Tue Dec 24 16:57:23 UTC 2019 /home/travis/build/icyphy/ptII/ptolemy/domains/sdf/test/auto/MultirateSDF.xml
----------------- Instantiating /home/travis/build/icyphy/ptII/ptolemy/domains/sdf/test/auto/MultirateSDF.xml
21 ms. Memory: 314368K Free: 150255K (48%)
----------------- Invoking toplevel() on ptolemy.moml.MoMLSimpleApplication@1dd1c85f
----------------- Done invoking toplevel() on ptolemy.moml.MoMLSimpleApplication@1dd1c85f
reloadAllAccessors: .MultirateSDF

===========================================================================================
----------------- testing Tue Dec 24 16:57:23 UTC 2019 /home/travis/build/icyphy/ptII/ptolemy/domains/sdf/test/auto/MultirateSDFwithTransientStates.xml
----------------- Instantiating /home/travis/build/icyphy/ptII/ptolemy/domains/sdf/test/auto/MultirateSDFwithTransientStates.xml
22 ms. Memory: 314368K Free: 131823K (42%)
----------------- Invoking toplevel() on ptolemy.moml.MoMLSimpleApplication@110adc93
----------------- Done invoking toplevel() on ptolemy.moml.MoMLSimpleApplication@110adc93
reloadAllAccessors: .MultirateSDFwithTransientStates

===========================================================================================
----------------- testing Tue Dec 24 16:57:23 UTC 2019 /home/travis/build/icyphy/ptII/ptolemy/domains/sdf/test/auto/NoisySinewave.xml
----------------- Instantiating /home/travis/build/icyphy/ptII/ptolemy/domains/sdf/test/auto/NoisySinewave.xml
15 ms. Memory: 314368K Free: 115967K (37%)
----------------- Invoking toplevel() on ptolemy.moml.MoMLSimpleApplication@4b2251dd
----------------- Done invoking toplevel() on ptolemy.moml.MoMLSimpleApplication@4b2251dd
reloadAllAccessors: .NoisySinewave

===========================================================================================
----------------- testing Tue Dec 24 16:57:23 UTC 2019 /home/travis/build/icyphy/ptII/ptolemy/domains/sdf/test/auto/Objects.xml
----------------- Instantiating /home/travis/build/icyphy/ptII/ptolemy/domains/sdf/test/auto/Objects.xml
5 ms. Memory: 377856K Free: 358056K (95%)
----------------- Invoking toplevel() on ptolemy.moml.MoMLSimpleApplication@5744852b
----------------- Done invoking toplevel() on ptolemy.moml.MoMLSimpleApplication@5744852b
reloadAllAccessors: .Objects

===========================================================================================
----------------- testing Tue Dec 24 16:57:23 UTC 2019 /home/travis/build/icyphy/ptII/ptolemy/domains/sdf/test/auto/OrthogonalCom.xml
----------------- Instantiating /home/travis/build/icyphy/ptII/ptolemy/domains/sdf/test/auto/OrthogonalCom.xml
6 ms. Memory: 377856K Free: 349864K (93%)
----------------- Invoking toplevel() on ptolemy.moml.MoMLSimpleApplication@3af3be18
----------------- Done invoking toplevel() on ptolemy.moml.MoMLSimpleApplication@3af3be18
reloadAllAccessors: .OrthogonalCom

===========================================================================================
----------------- testing Tue Dec 24 16:57:23 UTC 2019 /home/travis/build/icyphy/ptII/ptolemy/domains/sdf/test/auto/RijndaelEncryption.xml
----------------- Instantiating /home/travis/build/icyphy/ptII/ptolemy/domains/sdf/test/auto/RijndaelEncryption.xml
287 ms. Memory: 377856K Free: 204966K (54%)
----------------- Invoking toplevel() on ptolemy.moml.MoMLSimpleApplication@1199900e
----------------- Done invoking toplevel() on ptolemy.moml.MoMLSimpleApplication@1199900e
reloadAllAccessors: .RijndaelEncryption

===========================================================================================
----------------- testing Tue Dec 24 16:57:24 UTC 2019 /home/travis/build/icyphy/ptII/ptolemy/domains/sdf/test/auto/SDFEmptyIterations.xml
----------------- Instantiating /home/travis/build/icyphy/ptII/ptolemy/domains/sdf/test/auto/SDFEmptyIterations.xml
4 ms. Memory: 377856K Free: 200360K (53%)
----------------- Invoking toplevel() on ptolemy.moml.MoMLSimpleApplication@265e2970
----------------- Done invoking toplevel() on ptolemy.moml.MoMLSimpleApplication@265e2970
reloadAllAccessors: .SDFEmptyIterations

===========================================================================================
----------------- testing Tue Dec 24 16:57:24 UTC 2019 /home/travis/build/icyphy/ptII/ptolemy/domains/sdf/test/auto/Spectrum.xml
----------------- Instantiating /home/travis/build/icyphy/ptII/ptolemy/domains/sdf/test/auto/Spectrum.xml
40 ms. Memory: 377856K Free: 176294K (47%)
----------------- Invoking toplevel() on ptolemy.moml.MoMLSimpleApplication@4bb960aa
----------------- Done invoking toplevel() on ptolemy.moml.MoMLSimpleApplication@4bb960aa
reloadAllAccessors: .Spectrum

===========================================================================================
----------------- testing Tue Dec 24 16:57:24 UTC 2019 /home/travis/build/icyphy/ptII/ptolemy/domains/sdf/test/auto/de_inside_sdf.xml
----------------- Instantiating /home/travis/build/icyphy/ptII/ptolemy/domains/sdf/test/auto/de_inside_sdf.xml
4 ms. Memory: 377856K Free: 171144K (45%)
----------------- Invoking toplevel() on ptolemy.moml.MoMLSimpleApplication@62786249
----------------- Done invoking toplevel() on ptolemy.moml.MoMLSimpleApplication@62786249
reloadAllAccessors: .de_inside_sdf

===========================================================================================
----------------- testing Tue Dec 24 16:57:24 UTC 2019 /home/travis/build/icyphy/ptII/ptolemy/domains/sdf/test/auto/disconnectedHierarchicalSDF.xml
----------------- Instantiating /home/travis/build/icyphy/ptII/ptolemy/domains/sdf/test/auto/disconnectedHierarchicalSDF.xml
5 ms. Memory: 377856K Free: 165016K (44%)
----------------- Invoking toplevel() on ptolemy.moml.MoMLSimpleApplication@4cc8500f
----------------- Done invoking toplevel() on ptolemy.moml.MoMLSimpleApplication@4cc8500f
reloadAllAccessors: .disconnectedHierarchicalSDF

===========================================================================================
----------------- testing Tue Dec 24 16:57:24 UTC 2019 /home/travis/build/icyphy/ptII/ptolemy/domains/sdf/test/auto/disconnectedSDF.xml
----------------- Instantiating /home/travis/build/icyphy/ptII/ptolemy/domains/sdf/test/auto/disconnectedSDF.xml
2 ms. Memory: 377856K Free: 160934K (43%)
----------------- Invoking toplevel() on ptolemy.moml.MoMLSimpleApplication@62a99534
----------------- Done invoking toplevel() on ptolemy.moml.MoMLSimpleApplication@62a99534
reloadAllAccessors: .disconnectedSDF

===========================================================================================
----------------- testing Tue Dec 24 16:57:24 UTC 2019 /home/travis/build/icyphy/ptII/ptolemy/domains/sdf/test/auto/emptyRefinement.xml
----------------- Instantiating /home/travis/build/icyphy/ptII/ptolemy/domains/sdf/test/auto/emptyRefinement.xml
4 ms. Memory: 377856K Free: 156328K (41%)
----------------- Invoking toplevel() on ptolemy.moml.MoMLSimpleApplication@167ab678
----------------- Done invoking toplevel() on ptolemy.moml.MoMLSimpleApplication@167ab678
reloadAllAccessors: .emptyRefinement

===========================================================================================
----------------- testing Tue Dec 24 16:57:24 UTC 2019 /home/travis/build/icyphy/ptII/ptolemy/domains/sdf/test/auto/filePortParameter.xml
----------------- Instantiating /home/travis/build/icyphy/ptII/ptolemy/domains/sdf/test/auto/filePortParameter.xml
16 ms. Memory: 377856K Free: 148646K (39%)
----------------- Invoking toplevel() on ptolemy.moml.MoMLSimpleApplication@2dfdf371
----------------- Done invoking toplevel() on ptolemy.moml.MoMLSimpleApplication@2dfdf371
reloadAllAccessors: .filePortParameter

===========================================================================================
----------------- testing Tue Dec 24 16:57:24 UTC 2019 /home/travis/build/icyphy/ptII/ptolemy/domains/sdf/test/auto/inferRelationWidth1.xml
----------------- Instantiating /home/travis/build/icyphy/ptII/ptolemy/domains/sdf/test/auto/inferRelationWidth1.xml
1 ms. Memory: 377856K Free: 145574K (39%)
----------------- Invoking toplevel() on ptolemy.moml.MoMLSimpleApplication@4e8ecc33
----------------- Done invoking toplevel() on ptolemy.moml.MoMLSimpleApplication@4e8ecc33
reloadAllAccessors: .inferRelationWidth1

===========================================================================================
----------------- testing Tue Dec 24 16:57:24 UTC 2019 /home/travis/build/icyphy/ptII/ptolemy/domains/sdf/test/auto/initProductionInference.xml
----------------- Instantiating /home/travis/build/icyphy/ptII/ptolemy/domains/sdf/test/auto/initProductionInference.xml
8 ms. Memory: 377856K Free: 141992K (38%)
----------------- Invoking toplevel() on ptolemy.moml.MoMLSimpleApplication@25f91be9
----------------- Done invoking toplevel() on ptolemy.moml.MoMLSimpleApplication@25f91be9
reloadAllAccessors: .initProductionInference

===========================================================================================
----------------- testing Tue Dec 24 16:57:24 UTC 2019 /home/travis/build/icyphy/ptII/ptolemy/domains/sdf/test/auto/relationGroup.xml
----------------- Instantiating /home/travis/build/icyphy/ptII/ptolemy/domains/sdf/test/auto/relationGroup.xml
2 ms. Memory: 377856K Free: 138406K (37%)
----------------- Invoking toplevel() on ptolemy.moml.MoMLSimpleApplication@1e34c8d9
----------------- Done invoking toplevel() on ptolemy.moml.MoMLSimpleApplication@1e34c8d9
reloadAllAccessors: .relationGroup

===========================================================================================
----------------- testing Tue Dec 24 16:57:24 UTC 2019 /home/travis/build/icyphy/ptII/ptolemy/domains/sdf/test/auto/relationGroup10.xml
----------------- Instantiating /home/travis/build/icyphy/ptII/ptolemy/domains/sdf/test/auto/relationGroup10.xml
2 ms. Memory: 377856K Free: 135334K (36%)
----------------- Invoking toplevel() on ptolemy.moml.MoMLSimpleApplication@34f0123a
----------------- Done invoking toplevel() on ptolemy.moml.MoMLSimpleApplication@34f0123a
reloadAllAccessors: .relationGroup10

===========================================================================================
----------------- testing Tue Dec 24 16:57:24 UTC 2019 /home/travis/build/icyphy/ptII/ptolemy/domains/sdf/test/auto/relationGroup11.xml
----------------- Instantiating /home/travis/build/icyphy/ptII/ptolemy/domains/sdf/test/auto/relationGroup11.xml
2 ms. Memory: 377856K Free: 356967K (94%)
----------------- Invoking toplevel() on ptolemy.moml.MoMLSimpleApplication@65efd5e9
----------------- Done invoking toplevel() on ptolemy.moml.MoMLSimpleApplication@65efd5e9
reloadAllAccessors: .relationGroup11

===========================================================================================
----------------- testing Tue Dec 24 16:57:24 UTC 2019 /home/travis/build/icyphy/ptII/ptolemy/domains/sdf/test/auto/relationGroup12.xml
----------------- Instantiating /home/travis/build/icyphy/ptII/ptolemy/domains/sdf/test/auto/relationGroup12.xml
3 ms. Memory: 377856K Free: 353381K (94%)
----------------- Invoking toplevel() on ptolemy.moml.MoMLSimpleApplication@6ecddc05
----------------- Done invoking toplevel() on ptolemy.moml.MoMLSimpleApplication@6ecddc05
reloadAllAccessors: .relationGroup12

===========================================================================================
----------------- testing Tue Dec 24 16:57:24 UTC 2019 /home/travis/build/icyphy/ptII/ptolemy/domains/sdf/test/auto/relationGroup13.xml
----------------- Instantiating /home/travis/build/icyphy/ptII/ptolemy/domains/sdf/test/auto/relationGroup13.xml
6 ms. Memory: 377856K Free: 348261K (92%)
----------------- Invoking toplevel() on ptolemy.moml.MoMLSimpleApplication@34a945c4
----------------- Done invoking toplevel() on ptolemy.moml.MoMLSimpleApplication@34a945c4
reloadAllAccessors: .relationGroup13

===========================================================================================
----------------- testing Tue Dec 24 16:57:24 UTC 2019 /home/travis/build/icyphy/ptII/ptolemy/domains/sdf/test/auto/relationGroup14.xml
----------------- Instantiating /home/travis/build/icyphy/ptII/ptolemy/domains/sdf/test/auto/relationGroup14.xml
3 ms. Memory: 377856K Free: 343655K (91%)
----------------- Invoking toplevel() on ptolemy.moml.MoMLSimpleApplication@1a5df86
----------------- Done invoking toplevel() on ptolemy.moml.MoMLSimpleApplication@1a5df86
reloadAllAccessors: .relationGroup14

===========================================================================================
----------------- testing Tue Dec 24 16:57:24 UTC 2019 /home/travis/build/icyphy/ptII/ptolemy/domains/sdf/test/auto/relationGroup15.xml
----------------- Instantiating /home/travis/build/icyphy/ptII/ptolemy/domains/sdf/test/auto/relationGroup15.xml
1 ms. Memory: 377856K Free: 340069K (90%)
----------------- Invoking toplevel() on ptolemy.moml.MoMLSimpleApplication@4208c872
----------------- Done invoking toplevel() on ptolemy.moml.MoMLSimpleApplication@4208c872
reloadAllAccessors: .relationGroup15

===========================================================================================
----------------- testing Tue Dec 24 16:57:24 UTC 2019 /home/travis/build/icyphy/ptII/ptolemy/domains/sdf/test/auto/relationGroup2.xml
----------------- Instantiating /home/travis/build/icyphy/ptII/ptolemy/domains/sdf/test/auto/relationGroup2.xml
1 ms. Memory: 377856K Free: 336997K (89%)
----------------- Invoking toplevel() on ptolemy.moml.MoMLSimpleApplication@52ce791a
----------------- Done invoking toplevel() on ptolemy.moml.MoMLSimpleApplication@52ce791a
reloadAllAccessors: .relationGroup2

===========================================================================================
----------------- testing Tue Dec 24 16:57:24 UTC 2019 /home/travis/build/icyphy/ptII/ptolemy/domains/sdf/test/auto/relationGroup3.xml
----------------- Instantiating /home/travis/build/icyphy/ptII/ptolemy/domains/sdf/test/auto/relationGroup3.xml
2 ms. Memory: 377856K Free: 333925K (88%)
----------------- Invoking toplevel() on ptolemy.moml.MoMLSimpleApplication@326acd8f
----------------- Done invoking toplevel() on ptolemy.moml.MoMLSimpleApplication@326acd8f
reloadAllAccessors: .relationGroup3

===========================================================================================
----------------- testing Tue Dec 24 16:57:24 UTC 2019 /home/travis/build/icyphy/ptII/ptolemy/domains/sdf/test/auto/relationGroup4.xml
----------------- Instantiating /home/travis/build/icyphy/ptII/ptolemy/domains/sdf/test/auto/relationGroup4.xml
7 ms. Memory: 377856K Free: 329319K (87%)
----------------- Invoking toplevel() on ptolemy.moml.MoMLSimpleApplication@5f089f81
----------------- Done invoking toplevel() on ptolemy.moml.MoMLSimpleApplication@5f089f81
reloadAllAccessors: .relationGroup4

===========================================================================================
----------------- testing Tue Dec 24 16:57:24 UTC 2019 /home/travis/build/icyphy/ptII/ptolemy/domains/sdf/test/auto/relationGroup5.xml
----------------- Instantiating /home/travis/build/icyphy/ptII/ptolemy/domains/sdf/test/auto/relationGroup5.xml
4 ms. Memory: 377856K Free: 324709K (86%)
----------------- Invoking toplevel() on ptolemy.moml.MoMLSimpleApplication@32217f99
----------------- Done invoking toplevel() on ptolemy.moml.MoMLSimpleApplication@32217f99
reloadAllAccessors: .relationGroup5

===========================================================================================
----------------- testing Tue Dec 24 16:57:24 UTC 2019 /home/travis/build/icyphy/ptII/ptolemy/domains/sdf/test/auto/relationGroup6.xml
----------------- Instantiating /home/travis/build/icyphy/ptII/ptolemy/domains/sdf/test/auto/relationGroup6.xml
4 ms. Memory: 377856K Free: 320103K (85%)
----------------- Invoking toplevel() on ptolemy.moml.MoMLSimpleApplication@7957c1ca
----------------- Done invoking toplevel() on ptolemy.moml.MoMLSimpleApplication@7957c1ca
reloadAllAccessors: .relationGroup6

===========================================================================================
----------------- testing Tue Dec 24 16:57:24 UTC 2019 /home/travis/build/icyphy/ptII/ptolemy/domains/sdf/test/auto/relationGroup7.xml
----------------- Instantiating /home/travis/build/icyphy/ptII/ptolemy/domains/sdf/test/auto/relationGroup7.xml
2 ms. Memory: 377856K Free: 317031K (84%)
----------------- Invoking toplevel() on ptolemy.moml.MoMLSimpleApplication@72aca63c
----------------- Done invoking toplevel() on ptolemy.moml.MoMLSimpleApplication@72aca63c
reloadAllAccessors: .relationGroup7

===========================================================================================
----------------- testing Tue Dec 24 16:57:24 UTC 2019 /home/travis/build/icyphy/ptII/ptolemy/domains/sdf/test/auto/relationGroup8.xml
----------------- Instantiating /home/travis/build/icyphy/ptII/ptolemy/domains/sdf/test/auto/relationGroup8.xml
2 ms. Memory: 377856K Free: 313959K (83%)
----------------- Invoking toplevel() on ptolemy.moml.MoMLSimpleApplication@58234e0f
----------------- Done invoking toplevel() on ptolemy.moml.MoMLSimpleApplication@58234e0f
reloadAllAccessors: .relationGroup8

===========================================================================================
----------------- testing Tue Dec 24 16:57:24 UTC 2019 /home/travis/build/icyphy/ptII/ptolemy/domains/sdf/test/auto/relationGroup9.xml
----------------- Instantiating /home/travis/build/icyphy/ptII/ptolemy/domains/sdf/test/auto/relationGroup9.xml
4 ms. Memory: 377856K Free: 309349K (82%)
----------------- Invoking toplevel() on ptolemy.moml.MoMLSimpleApplication@5fa85918
----------------- Done invoking toplevel() on ptolemy.moml.MoMLSimpleApplication@5fa85918
reloadAllAccessors: .relationGroup9

===========================================================================================
----------------- testing Tue Dec 24 16:57:24 UTC 2019 /home/travis/build/icyphy/ptII/ptolemy/domains/sdf/test/auto/sdf_inside_de.xml
----------------- Instantiating /home/travis/build/icyphy/ptII/ptolemy/domains/sdf/test/auto/sdf_inside_de.xml
11 ms. Memory: 377856K Free: 300647K (80%)
----------------- Invoking toplevel() on ptolemy.moml.MoMLSimpleApplication@b828b01
----------------- Done invoking toplevel() on ptolemy.moml.MoMLSimpleApplication@b828b01
reloadAllAccessors: .sdf_inside_de

===========================================================================================
----------------- testing Tue Dec 24 16:57:24 UTC 2019 /home/travis/build/icyphy/ptII/ptolemy/domains/sdf/test/auto/sdf_inside_pn.xml
----------------- Instantiating /home/travis/build/icyphy/ptII/ptolemy/domains/sdf/test/auto/sdf_inside_pn.xml
21 ms. Memory: 377856K Free: 291941K (77%)
----------------- Invoking toplevel() on ptolemy.moml.MoMLSimpleApplication@620377d8
----------------- Done invoking toplevel() on ptolemy.moml.MoMLSimpleApplication@620377d8
reloadAllAccessors: .sdf_inside_pn

===========================================================================================
----------------- testing Tue Dec 24 16:57:24 UTC 2019 /home/travis/build/icyphy/ptII/ptolemy/domains/sdf/test/auto/sdf_sdf1.xml
----------------- Instantiating /home/travis/build/icyphy/ptII/ptolemy/domains/sdf/test/auto/sdf_sdf1.xml
4 ms. Memory: 377856K Free: 286807K (76%)
----------------- Invoking toplevel() on ptolemy.moml.MoMLSimpleApplication@2ac1d9a
----------------- Done invoking toplevel() on ptolemy.moml.MoMLSimpleApplication@2ac1d9a
reloadAllAccessors: .sdf_sdf1

===========================================================================================
----------------- testing Tue Dec 24 16:57:24 UTC 2019 /home/travis/build/icyphy/ptII/ptolemy/domains/sdf/test/auto/test1.xml
----------------- Instantiating /home/travis/build/icyphy/ptII/ptolemy/domains/sdf/test/auto/test1.xml
3 ms. Memory: 377856K Free: 281701K (75%)
----------------- Invoking toplevel() on ptolemy.moml.MoMLSimpleApplication@6d6530f1
----------------- Done invoking toplevel() on ptolemy.moml.MoMLSimpleApplication@6d6530f1
reloadAllAccessors: .test1

===========================================================================================
----------------- testing Tue Dec 24 16:57:24 UTC 2019 /home/travis/build/icyphy/ptII/ptolemy/domains/sdf/test/auto/time1.xml
----------------- Instantiating /home/travis/build/icyphy/ptII/ptolemy/domains/sdf/test/auto/time1.xml
2 ms. Memory: 377856K Free: 278119K (74%)
----------------- Invoking toplevel() on ptolemy.moml.MoMLSimpleApplication@6085c9c7
----------------- Done invoking toplevel() on ptolemy.moml.MoMLSimpleApplication@6085c9c7
reloadAllAccessors: .time1

===========================================================================================
----------------- testing Tue Dec 24 16:57:24 UTC 2019 /home/travis/build/icyphy/ptII/ptolemy/domains/sdf/test/auto/time2.xml
----------------- Instantiating /home/travis/build/icyphy/ptII/ptolemy/domains/sdf/test/auto/time2.xml
3 ms. Memory: 377856K Free: 274533K (73%)
----------------- Invoking toplevel() on ptolemy.moml.MoMLSimpleApplication@537b3fba
----------------- Done invoking toplevel() on ptolemy.moml.MoMLSimpleApplication@537b3fba
reloadAllAccessors: .time2

===========================================================================================
----------------- testing Tue Dec 24 16:57:24 UTC 2019 /home/travis/build/icyphy/ptII/ptolemy/domains/sdf/test/auto/time3.xml
----------------- Instantiating /home/travis/build/icyphy/ptII/ptolemy/domains/sdf/test/auto/time3.xml
6 ms. Memory: 377856K Free: 269413K (71%)
----------------- Invoking toplevel() on ptolemy.moml.MoMLSimpleApplication@362fcee8
----------------- Done invoking toplevel() on ptolemy.moml.MoMLSimpleApplication@362fcee8
reloadAllAccessors: .time3

===========================================================================================
----------------- testing Tue Dec 24 16:57:24 UTC 2019 /home/travis/build/icyphy/ptII/ptolemy/domains/sdf/test/auto/time4.xml
----------------- Instantiating /home/travis/build/icyphy/ptII/ptolemy/domains/sdf/test/auto/time4.xml
6 ms. Memory: 377856K Free: 263783K (70%)
----------------- Invoking toplevel() on ptolemy.moml.MoMLSimpleApplication@47d4105a
----------------- Done invoking toplevel() on ptolemy.moml.MoMLSimpleApplication@47d4105a
reloadAllAccessors: .time4

===========================================================================================
----------------- testing Tue Dec 24 16:57:24 UTC 2019 /home/travis/build/icyphy/ptII/ptolemy/domains/sdf/test/auto/time5.xml
----------------- Instantiating /home/travis/build/icyphy/ptII/ptolemy/domains/sdf/test/auto/time5.xml
4003 ms. Memory: 377856K Free: 260197K (69%)
----------------- Invoking toplevel() on ptolemy.moml.MoMLSimpleApplication@590d28e0
----------------- Done invoking toplevel() on ptolemy.moml.MoMLSimpleApplication@590d28e0
reloadAllAccessors: .time5

===========================================================================================
----------------- testing Tue Dec 24 16:57:28 UTC 2019 /home/travis/build/icyphy/ptII/ptolemy/domains/sdf/test/auto/typeSystem_Const_Integer_smallest_Type.xml
----------------- Instantiating /home/travis/build/icyphy/ptII/ptolemy/domains/sdf/test/auto/typeSystem_Const_Integer_smallest_Type.xml
7 ms. Memory: 377856K Free: 255591K (68%)
----------------- Invoking toplevel() on ptolemy.moml.MoMLSimpleApplication@14a49798
----------------- Done invoking toplevel() on ptolemy.moml.MoMLSimpleApplication@14a49798
reloadAllAccessors: .typeSystem_Const_Integer_smallest_Type

===========================================================================================
----------------- testing Tue Dec 24 16:57:28 UTC 2019 /home/travis/build/icyphy/ptII/ptolemy/domains/sdf/test/auto/typeSystem_declared_Inports_OutportTypeException.xml
----------------- Instantiating /home/travis/build/icyphy/ptII/ptolemy/domains/sdf/test/auto/typeSystem_declared_Inports_OutportTypeException.xml
.typeSystem_declared_Inports_OutportTypeException.TestExceptionAttribute: initialize() was not invoked, but wrapup() was.  This is unusual, but not always a problem.  For example, exporting JNLP will do this.
6 ms. Memory: 377856K Free: 250981K (66%)
----------------- Invoking toplevel() on ptolemy.moml.MoMLSimpleApplication@c418295
----------------- Done invoking toplevel() on ptolemy.moml.MoMLSimpleApplication@c418295
reloadAllAccessors: .typeSystem_declared_Inports_OutportTypeException

===========================================================================================
----------------- testing Tue Dec 24 16:57:28 UTC 2019 /home/travis/build/icyphy/ptII/ptolemy/domains/sdf/test/auto/typeSystem_oneDeclaredInportType_wrongTypeOutport.xml
----------------- Instantiating /home/travis/build/icyphy/ptII/ptolemy/domains/sdf/test/auto/typeSystem_oneDeclaredInportType_wrongTypeOutport.xml
3 ms. Memory: 377856K Free: 246885K (65%)
----------------- Invoking toplevel() on ptolemy.moml.MoMLSimpleApplication@5417f692
----------------- Done invoking toplevel() on ptolemy.moml.MoMLSimpleApplication@5417f692
reloadAllAccessors: .typeSystem_oneDeclaredInportType_wrongTypeOutport

===========================================================================================
----------------- testing Tue Dec 24 16:57:28 UTC 2019 /home/travis/build/icyphy/ptII/ptolemy/domains/sdf/test/auto/width.xml
----------------- Instantiating /home/travis/build/icyphy/ptII/ptolemy/domains/sdf/test/auto/width.xml
3 ms. Memory: 377856K Free: 243303K (64%)
----------------- Invoking toplevel() on ptolemy.moml.MoMLSimpleApplication@337f7152
----------------- Done invoking toplevel() on ptolemy.moml.MoMLSimpleApplication@337f7152
reloadAllAccessors: .width

===========================================================================================
----------------- testing Tue Dec 24 16:57:29 UTC 2019 /home/travis/build/icyphy/ptII/ptolemy/domains/sdf/test/auto/width2.xml
----------------- Instantiating /home/travis/build/icyphy/ptII/ptolemy/domains/sdf/test/auto/width2.xml
24 ms. Memory: 377856K Free: 238183K (63%)
----------------- Invoking toplevel() on ptolemy.moml.MoMLSimpleApplication@6526effe
----------------- Done invoking toplevel() on ptolemy.moml.MoMLSimpleApplication@6526effe
reloadAllAccessors: .width2

===========================================================================================
----------------- testing Tue Dec 24 16:57:29 UTC 2019 /home/travis/build/icyphy/ptII/ptolemy/domains/sdf/test/auto/width3.xml
----------------- Instantiating /home/travis/build/icyphy/ptII/ptolemy/domains/sdf/test/auto/width3.xml
23 ms. Memory: 377856K Free: 233063K (62%)
----------------- Invoking toplevel() on ptolemy.moml.MoMLSimpleApplication@5c0429d7
----------------- Done invoking toplevel() on ptolemy.moml.MoMLSimpleApplication@5c0429d7
reloadAllAccessors: .width3
AutoTests.java: About to close Vertx.
AutoTests.java: Vertx closed.
]]></system-out>
  <system-err><![CDATA[java.lang.RuntimeException: Execution failed
	at ptolemy.moml.MoMLSimpleApplication$UnloadThread.run(MoMLSimpleApplication.java:402)
Caused by: ptolemy.actor.sched.NotSchedulableException: No solution exists for the balance equations.
Graph is not consistent under the SDF domain detected on external port .rateConsistency.actor.port2
  in .rateConsistency.SDF Director.Scheduler
	at ptolemy.domains.sdf.kernel.SDFScheduler._propagatePort(SDFScheduler.java:1425)
	at ptolemy.domains.sdf.kernel.SDFScheduler._solveBalanceEquations(SDFScheduler.java:710)
	at ptolemy.domains.sdf.kernel.SDFScheduler._getSchedule(SDFScheduler.java:566)
	at ptolemy.actor.sched.Scheduler.getSchedule(Scheduler.java:189)
	at ptolemy.domains.sdf.kernel.SDFDirector.createSchedule(SDFDirector.java:408)
	at ptolemy.domains.sdf.kernel.SDFDirector.preinitialize(SDFDirector.java:764)
	at ptolemy.actor.CompositeActor.preinitialize(CompositeActor.java:1828)
	at ptolemy.actor.Manager.preinitializeAndResolveTypes(Manager.java:1040)
	at ptolemy.actor.Manager.initialize(Manager.java:710)
	at ptolemy.actor.Manager.execute(Manager.java:356)
	at ptolemy.actor.Manager.run(Manager.java:1263)
	at ptolemy.actor.Manager$PtolemyRunThread.run(Manager.java:1933)
java.lang.RuntimeException: Execution failed
	at ptolemy.moml.MoMLSimpleApplication$UnloadThread.run(MoMLSimpleApplication.java:402)
Caused by: ptolemy.kernel.util.IllegalActionException: Failed to compute schedule:
  in .badRateChanges.typed composite actor.SDF Director
Because:
The SDF rate parameter may change. This is not allowed in SDF models that will be run through the code generator.  If you don't care about code generation, then you might consider setting the allowRateChanges parameter of the SDF director to false.
  in .badRateChanges.typed composite actor.Repeat.output.tokenProductionRate
	at ptolemy.domains.sdf.kernel.SDFDirector.createSchedule(SDFDirector.java:418)
	at ptolemy.domains.sdf.kernel.SDFDirector.preinitialize(SDFDirector.java:764)
	at ptolemy.actor.CompositeActor.preinitialize(CompositeActor.java:1828)
	at ptolemy.actor.Director.preinitialize(Director.java:1302)
	at ptolemy.actor.Director.preinitialize(Director.java:1257)
	at ptolemy.domains.sdf.kernel.SDFDirector.preinitialize(SDFDirector.java:763)
	at ptolemy.actor.CompositeActor.preinitialize(CompositeActor.java:1828)
	at ptolemy.actor.Manager.preinitializeAndResolveTypes(Manager.java:1040)
	at ptolemy.actor.Manager.initialize(Manager.java:710)
	at ptolemy.actor.Manager.execute(Manager.java:356)
	at ptolemy.actor.Manager.run(Manager.java:1263)
	at ptolemy.actor.Manager$PtolemyRunThread.run(Manager.java:1933)
Caused by: ptolemy.kernel.util.IllegalActionException: The SDF rate parameter may change. This is not allowed in SDF models that will be run through the code generator.  If you don't care about code generation, then you might consider setting the allowRateChanges parameter of the SDF director to false.
  in .badRateChanges.typed composite actor.Repeat.output.tokenProductionRate
	at ptolemy.domains.sdf.kernel.SDFScheduler._assertDynamicRateVariable(SDFScheduler.java:931)
	at ptolemy.domains.sdf.kernel.SDFScheduler._checkDynamicRateVariables(SDFScheduler.java:339)
	at ptolemy.domains.sdf.kernel.SDFScheduler._getSchedule(SDFScheduler.java:527)
	at ptolemy.actor.sched.Scheduler.getSchedule(Scheduler.java:189)
	at ptolemy.domains.sdf.kernel.SDFDirector.createSchedule(SDFDirector.java:408)
	... 11 more
java.lang.RuntimeException: Execution failed
	at ptolemy.moml.MoMLSimpleApplication$UnloadThread.run(MoMLSimpleApplication.java:402)
Caused by: ptolemy.kernel.util.IllegalActionException: Failed to compute schedule:
  in .badRateChanges2.typed composite actor.SDF Director
Because:
The SDF rate parameter may change. This is not allowed in SDF models that will be run through the code generator.  If you don't care about code generation, then you might consider setting the allowRateChanges parameter of the SDF director to false.
  in .badRateChanges2.typed composite actor.Repeat.output.tokenProductionRate
	at ptolemy.domains.sdf.kernel.SDFDirector.createSchedule(SDFDirector.java:418)
	at ptolemy.domains.sdf.kernel.SDFDirector.preinitialize(SDFDirector.java:764)
	at ptolemy.actor.CompositeActor.preinitialize(CompositeActor.java:1828)
	at ptolemy.actor.Director.preinitialize(Director.java:1302)
	at ptolemy.actor.Director.preinitialize(Director.java:1257)
	at ptolemy.domains.sdf.kernel.SDFDirector.preinitialize(SDFDirector.java:763)
	at ptolemy.actor.CompositeActor.preinitialize(CompositeActor.java:1828)
	at ptolemy.actor.Manager.preinitializeAndResolveTypes(Manager.java:1040)
	at ptolemy.actor.Manager.initialize(Manager.java:710)
	at ptolemy.actor.Manager.execute(Manager.java:356)
	at ptolemy.actor.Manager.run(Manager.java:1263)
	at ptolemy.actor.Manager$PtolemyRunThread.run(Manager.java:1933)
Caused by: ptolemy.kernel.util.IllegalActionException: The SDF rate parameter may change. This is not allowed in SDF models that will be run through the code generator.  If you don't care about code generation, then you might consider setting the allowRateChanges parameter of the SDF director to false.
  in .badRateChanges2.typed composite actor.Repeat.output.tokenProductionRate
	at ptolemy.domains.sdf.kernel.SDFScheduler._assertDynamicRateVariable(SDFScheduler.java:931)
	at ptolemy.domains.sdf.kernel.SDFScheduler._checkDynamicRateVariables(SDFScheduler.java:339)
	at ptolemy.domains.sdf.kernel.SDFScheduler._getSchedule(SDFScheduler.java:527)
	at ptolemy.actor.sched.Scheduler.getSchedule(Scheduler.java:189)
	at ptolemy.domains.sdf.kernel.SDFDirector.createSchedule(SDFDirector.java:408)
	... 11 more
java.lang.RuntimeException: Execution failed
	at ptolemy.moml.MoMLSimpleApplication$UnloadThread.run(MoMLSimpleApplication.java:402)
Caused by: ptolemy.actor.sched.NotSchedulableException: Actors remain that cannot be scheduled!

There are several possible reasons:
* SDF Graphs with feedback loops should have an actor with a delay in the loop, such as a SampleDelay.
* The SDF director has an "allowDisconnectedGraphs"parameter, which, when true, permits disconnected SDF graphs.
* The token consumption rate and production rates might be mismatched.
Usually, actors produce one token or consume one token on a port.  To produce or consume multiple tokens per firing, add a "tokenConsumptionRate" or "tokenProductionRate" parameter to the appropriate port.
Unscheduled actors:
.partiallyConnected.Const2 
Scheduled actors:
.partiallyConnected.Const 
  in .partiallyConnected.SDF Director.Scheduler
	at ptolemy.domains.sdf.kernel.SDFScheduler._scheduleConnectedActors(SDFScheduler.java:1828)
	at ptolemy.domains.sdf.kernel.SDFScheduler._getSchedule(SDFScheduler.java:587)
	at ptolemy.actor.sched.Scheduler.getSchedule(Scheduler.java:189)
	at ptolemy.domains.sdf.kernel.SDFDirector.createSchedule(SDFDirector.java:408)
	at ptolemy.domains.sdf.kernel.SDFDirector.preinitialize(SDFDirector.java:764)
	at ptolemy.actor.CompositeActor.preinitialize(CompositeActor.java:1828)
	at ptolemy.actor.Manager.preinitializeAndResolveTypes(Manager.java:1040)
	at ptolemy.actor.Manager.initialize(Manager.java:710)
	at ptolemy.actor.Manager.execute(Manager.java:356)
	at ptolemy.actor.Manager.run(Manager.java:1263)
	at ptolemy.actor.Manager$PtolemyRunThread.run(Manager.java:1933)
]]></system-err>
</testsuite>
