<?xml version="1.0" encoding="UTF-8" ?>
<testsuite errors="0" failures="0" hostname="travis-job-8e992850-1368-4bbf-a9ac-a21fa5dc3a20" name="ptolemy.domains.sdf.lib.test.junit.JUnitTclTest" skipped="0" tests="82" time="8.448" timestamp="2020-01-29T18:02:07">
  <properties>
[...]
</properties>
  <testcase classname="ptolemy.util.test.junit.TclTests" name="[0] /home/travis/build/icyphy/ptII/ptolemy/domains/sdf/lib/test/ArrayToSequence.tcl (RunTclFile)" time="0.636" />
  <testcase classname="ptolemy.util.test.junit.TclTests" name="[1] /home/travis/build/icyphy/ptII/ptolemy/domains/sdf/lib/test/BitsToInt.tcl (RunTclFile)" time="0.037" />
  <testcase classname="ptolemy.util.test.junit.TclTests" name="[2] /home/travis/build/icyphy/ptII/ptolemy/domains/sdf/lib/test/DelayLine.tcl (RunTclFile)" time="0.022" />
  <testcase classname="ptolemy.util.test.junit.TclTests" name="[3] /home/travis/build/icyphy/ptII/ptolemy/domains/sdf/lib/test/FFT.tcl (RunTclFile)" time="0.032" />
  <testcase classname="ptolemy.util.test.junit.TclTests" name="[4] /home/travis/build/icyphy/ptII/ptolemy/domains/sdf/lib/test/FIR.tcl (RunTclFile)" time="0.225" />
  <testcase classname="ptolemy.util.test.junit.TclTests" name="[5] /home/travis/build/icyphy/ptII/ptolemy/domains/sdf/lib/test/IntToBits.tcl (RunTclFile)" time="0.062" />
  <testcase classname="ptolemy.util.test.junit.TclTests" name="[6] /home/travis/build/icyphy/ptII/ptolemy/domains/sdf/lib/test/MaximumEntropySpectrum.tcl (RunTclFile)" time="0.35" />
  <testcase classname="ptolemy.util.test.junit.TclTests" name="[7] /home/travis/build/icyphy/ptII/ptolemy/domains/sdf/lib/test/Repeat.tcl (RunTclFile)" time="0.056" />
  <testcase classname="ptolemy.util.test.junit.TclTests" name="[8] /home/travis/build/icyphy/ptII/ptolemy/domains/sdf/lib/test/SampleDelay.tcl (RunTclFile)" time="0.122" />
  <testcase classname="ptolemy.util.test.junit.TclTests" name="[9] /home/travis/build/icyphy/ptII/ptolemy/domains/sdf/lib/test/SequenceToArray.tcl (RunTclFile)" time="0.036" />
  <testcase classname="ptolemy.util.test.junit.AutoKnownFailedTests" name="[0] ThereAreNoKnowFailedTests (RunModel)" time="0.002" />
  <testcase classname="ptolemy.util.test.junit.AutoNameArchTests" name="[0] ThereAreNoAutoArchTests (RunModel)" time="0.001" />
  <testcase classname="ptolemy.util.test.junit.AutoTests" name="[0] /home/travis/build/icyphy/ptII/ptolemy/domains/sdf/lib/test/auto/ArrayToSequence.xml (RunModel)" time="0.275" />
  <testcase classname="ptolemy.util.test.junit.AutoTests" name="[1] /home/travis/build/icyphy/ptII/ptolemy/domains/sdf/lib/test/auto/ArrayToSequenceTest.xml (RunModel)" time="0.13" />
  <testcase classname="ptolemy.util.test.junit.AutoTests" name="[2] /home/travis/build/icyphy/ptII/ptolemy/domains/sdf/lib/test/auto/Autocorrelation.xml (RunModel)" time="0.078" />
  <testcase classname="ptolemy.util.test.junit.AutoTests" name="[3] /home/travis/build/icyphy/ptII/ptolemy/domains/sdf/lib/test/auto/Autocorrelation2.xml (RunModel)" time="0.067" />
  <testcase classname="ptolemy.util.test.junit.AutoTests" name="[4] /home/travis/build/icyphy/ptII/ptolemy/domains/sdf/lib/test/auto/Autocorrelation3.xml (RunModel)" time="0.026" />
  <testcase classname="ptolemy.util.test.junit.AutoTests" name="[5] /home/travis/build/icyphy/ptII/ptolemy/domains/sdf/lib/test/auto/Autocorrelation4.xml (RunModel)" time="0.057" />
  <testcase classname="ptolemy.util.test.junit.AutoTests" name="[6] /home/travis/build/icyphy/ptII/ptolemy/domains/sdf/lib/test/auto/Autocorrelation5.xml (RunModel)" time="0.101" />
  <testcase classname="ptolemy.util.test.junit.AutoTests" name="[7] /home/travis/build/icyphy/ptII/ptolemy/domains/sdf/lib/test/auto/BitsToInt.xml (RunModel)" time="0.031" />
  <testcase classname="ptolemy.util.test.junit.AutoTests" name="[8] /home/travis/build/icyphy/ptII/ptolemy/domains/sdf/lib/test/auto/BooleanJoin.xml (RunModel)" time="0.042" />
  <testcase classname="ptolemy.util.test.junit.AutoTests" name="[9] /home/travis/build/icyphy/ptII/ptolemy/domains/sdf/lib/test/auto/BootstrapSampleDelay.xml (RunModel)" time="0.046" />
  <testcase classname="ptolemy.util.test.junit.AutoTests" name="[10] /home/travis/build/icyphy/ptII/ptolemy/domains/sdf/lib/test/auto/Chop.xml (RunModel)" time="0.069" />
  <testcase classname="ptolemy.util.test.junit.AutoTests" name="[11] /home/travis/build/icyphy/ptII/ptolemy/domains/sdf/lib/test/auto/Chop2.xml (RunModel)" time="0.051" />
  <testcase classname="ptolemy.util.test.junit.AutoTests" name="[12] /home/travis/build/icyphy/ptII/ptolemy/domains/sdf/lib/test/auto/ComplexJoin.xml (RunModel)" time="0.029" />
  <testcase classname="ptolemy.util.test.junit.AutoTests" name="[13] /home/travis/build/icyphy/ptII/ptolemy/domains/sdf/lib/test/auto/CountTrues.xml (RunModel)" time="0.024" />
  <testcase classname="ptolemy.util.test.junit.AutoTests" name="[14] /home/travis/build/icyphy/ptII/ptolemy/domains/sdf/lib/test/auto/DelayLine.xml (RunModel)" time="0.035" />
  <testcase classname="ptolemy.util.test.junit.AutoTests" name="[15] /home/travis/build/icyphy/ptII/ptolemy/domains/sdf/lib/test/auto/DotProduct.xml (RunModel)" time="0.017" />
  <testcase classname="ptolemy.util.test.junit.AutoTests" name="[16] /home/travis/build/icyphy/ptII/ptolemy/domains/sdf/lib/test/auto/DotProductMatrix.xml (RunModel)" time="0.013" />
  <testcase classname="ptolemy.util.test.junit.AutoTests" name="[17] /home/travis/build/icyphy/ptII/ptolemy/domains/sdf/lib/test/auto/DownSample1.xml (RunModel)" time="0.015" />
  <testcase classname="ptolemy.util.test.junit.AutoTests" name="[18] /home/travis/build/icyphy/ptII/ptolemy/domains/sdf/lib/test/auto/DynamicRateChange.xml (RunModel)" time="0.032" />
  <testcase classname="ptolemy.util.test.junit.AutoTests" name="[19] /home/travis/build/icyphy/ptII/ptolemy/domains/sdf/lib/test/auto/DynamicRates.xml (RunModel)" time="0.037" />
  <testcase classname="ptolemy.util.test.junit.AutoTests" name="[20] /home/travis/build/icyphy/ptII/ptolemy/domains/sdf/lib/test/auto/FFT1.xml (RunModel)" time="0.043" />
  <testcase classname="ptolemy.util.test.junit.AutoTests" name="[21] /home/travis/build/icyphy/ptII/ptolemy/domains/sdf/lib/test/auto/FIR1.xml (RunModel)" time="0.055" />
  <testcase classname="ptolemy.util.test.junit.AutoTests" name="[22] /home/travis/build/icyphy/ptII/ptolemy/domains/sdf/lib/test/auto/FIR2.xml (RunModel)" time="0.022" />
  <testcase classname="ptolemy.util.test.junit.AutoTests" name="[23] /home/travis/build/icyphy/ptII/ptolemy/domains/sdf/lib/test/auto/FIR4.xml (RunModel)" time="0.045" />
  <testcase classname="ptolemy.util.test.junit.AutoTests" name="[24] /home/travis/build/icyphy/ptII/ptolemy/domains/sdf/lib/test/auto/FixJoin.xml (RunModel)" time="0.034" />
  <testcase classname="ptolemy.util.test.junit.AutoTests" name="[25] /home/travis/build/icyphy/ptII/ptolemy/domains/sdf/lib/test/auto/IntJoin1.xml (RunModel)" time="0.026" />
  <testcase classname="ptolemy.util.test.junit.AutoTests" name="[26] /home/travis/build/icyphy/ptII/ptolemy/domains/sdf/lib/test/auto/IntJoin2.xml (RunModel)" time="0.025" />
  <testcase classname="ptolemy.util.test.junit.AutoTests" name="[27] /home/travis/build/icyphy/ptII/ptolemy/domains/sdf/lib/test/auto/IntJoin3.xml (RunModel)" time="0.037" />
  <testcase classname="ptolemy.util.test.junit.AutoTests" name="[28] /home/travis/build/icyphy/ptII/ptolemy/domains/sdf/lib/test/auto/IntJoin4.xml (RunModel)" time="0.026" />
  <testcase classname="ptolemy.util.test.junit.AutoTests" name="[29] /home/travis/build/icyphy/ptII/ptolemy/domains/sdf/lib/test/auto/IntJoin5.xml (RunModel)" time="0.028" />
  <testcase classname="ptolemy.util.test.junit.AutoTests" name="[30] /home/travis/build/icyphy/ptII/ptolemy/domains/sdf/lib/test/auto/IntToBits.xml (RunModel)" time="0.031" />
  <testcase classname="ptolemy.util.test.junit.AutoTests" name="[31] /home/travis/build/icyphy/ptII/ptolemy/domains/sdf/lib/test/auto/LMSAdaptive.xml (RunModel)" time="0.055" />
  <testcase classname="ptolemy.util.test.junit.AutoTests" name="[32] /home/travis/build/icyphy/ptII/ptolemy/domains/sdf/lib/test/auto/LMSAdaptiveFIR.xml (RunModel)" time="0.296" />
  <testcase classname="ptolemy.util.test.junit.AutoTests" name="[33] /home/travis/build/icyphy/ptII/ptolemy/domains/sdf/lib/test/auto/LMSAdaptiveFIR2.xml (RunModel)" time="0.485" />
  <testcase classname="ptolemy.util.test.junit.AutoTests" name="[34] /home/travis/build/icyphy/ptII/ptolemy/domains/sdf/lib/test/auto/LongJoin.xml (RunModel)" time="0.051" />
  <testcase classname="ptolemy.util.test.junit.AutoTests" name="[35] /home/travis/build/icyphy/ptII/ptolemy/domains/sdf/lib/test/auto/Matrix1.xml (RunModel)" time="0.018" />
  <testcase classname="ptolemy.util.test.junit.AutoTests" name="[36] /home/travis/build/icyphy/ptII/ptolemy/domains/sdf/lib/test/auto/Matrix2.xml (RunModel)" time="0.015" />
  <testcase classname="ptolemy.util.test.junit.AutoTests" name="[37] /home/travis/build/icyphy/ptII/ptolemy/domains/sdf/lib/test/auto/MatrixJoin1.xml (RunModel)" time="0.027" />
  <testcase classname="ptolemy.util.test.junit.AutoTests" name="[38] /home/travis/build/icyphy/ptII/ptolemy/domains/sdf/lib/test/auto/MatrixJoin2.xml (RunModel)" time="0.029" />
  <testcase classname="ptolemy.util.test.junit.AutoTests" name="[39] /home/travis/build/icyphy/ptII/ptolemy/domains/sdf/lib/test/auto/MatrixJoin3.xml (RunModel)" time="0.021" />
  <testcase classname="ptolemy.util.test.junit.AutoTests" name="[40] /home/travis/build/icyphy/ptII/ptolemy/domains/sdf/lib/test/auto/MatrixJoin4.xml (RunModel)" time="0.022" />
  <testcase classname="ptolemy.util.test.junit.AutoTests" name="[41] /home/travis/build/icyphy/ptII/ptolemy/domains/sdf/lib/test/auto/MatrixJoin5.xml (RunModel)" time="0.018" />
  <testcase classname="ptolemy.util.test.junit.AutoTests" name="[42] /home/travis/build/icyphy/ptII/ptolemy/domains/sdf/lib/test/auto/MatrixSplit1.xml (RunModel)" time="0.024" />
  <testcase classname="ptolemy.util.test.junit.AutoTests" name="[43] /home/travis/build/icyphy/ptII/ptolemy/domains/sdf/lib/test/auto/MatrixSplit10.xml (RunModel)" time="0.014" />
  <testcase classname="ptolemy.util.test.junit.AutoTests" name="[44] /home/travis/build/icyphy/ptII/ptolemy/domains/sdf/lib/test/auto/MatrixSplit11.xml (RunModel)" time="0.014" />
  <testcase classname="ptolemy.util.test.junit.AutoTests" name="[45] /home/travis/build/icyphy/ptII/ptolemy/domains/sdf/lib/test/auto/MatrixSplit12.xml (RunModel)" time="0.016" />
  <testcase classname="ptolemy.util.test.junit.AutoTests" name="[46] /home/travis/build/icyphy/ptII/ptolemy/domains/sdf/lib/test/auto/MatrixSplit13.xml (RunModel)" time="0.022" />
  <testcase classname="ptolemy.util.test.junit.AutoTests" name="[47] /home/travis/build/icyphy/ptII/ptolemy/domains/sdf/lib/test/auto/MatrixSplit14.xml (RunModel)" time="0.013" />
  <testcase classname="ptolemy.util.test.junit.AutoTests" name="[48] /home/travis/build/icyphy/ptII/ptolemy/domains/sdf/lib/test/auto/MatrixSplit2.xml (RunModel)" time="0.011" />
  <testcase classname="ptolemy.util.test.junit.AutoTests" name="[49] /home/travis/build/icyphy/ptII/ptolemy/domains/sdf/lib/test/auto/MatrixSplit3.xml (RunModel)" time="0.012" />
  <testcase classname="ptolemy.util.test.junit.AutoTests" name="[50] /home/travis/build/icyphy/ptII/ptolemy/domains/sdf/lib/test/auto/MatrixSplit4.xml (RunModel)" time="0.016" />
  <testcase classname="ptolemy.util.test.junit.AutoTests" name="[51] /home/travis/build/icyphy/ptII/ptolemy/domains/sdf/lib/test/auto/MatrixSplit5.xml (RunModel)" time="0.023" />
  <testcase classname="ptolemy.util.test.junit.AutoTests" name="[52] /home/travis/build/icyphy/ptII/ptolemy/domains/sdf/lib/test/auto/MatrixSplit6.xml (RunModel)" time="0.023" />
  <testcase classname="ptolemy.util.test.junit.AutoTests" name="[53] /home/travis/build/icyphy/ptII/ptolemy/domains/sdf/lib/test/auto/MatrixSplit7.xml (RunModel)" time="0.015" />
  <testcase classname="ptolemy.util.test.junit.AutoTests" name="[54] /home/travis/build/icyphy/ptII/ptolemy/domains/sdf/lib/test/auto/MatrixSplit8.xml (RunModel)" time="0.022" />
  <testcase classname="ptolemy.util.test.junit.AutoTests" name="[55] /home/travis/build/icyphy/ptII/ptolemy/domains/sdf/lib/test/auto/MatrixSplit9.xml (RunModel)" time="0.029" />
  <testcase classname="ptolemy.util.test.junit.AutoTests" name="[56] /home/travis/build/icyphy/ptII/ptolemy/domains/sdf/lib/test/auto/MatrixToSequence.xml (RunModel)" time="0.041" />
  <testcase classname="ptolemy.util.test.junit.AutoTests" name="[57] /home/travis/build/icyphy/ptII/ptolemy/domains/sdf/lib/test/auto/MaximumEntropySpectrum.xml (RunModel)" time="0.096" />
  <testcase classname="ptolemy.util.test.junit.AutoTests" name="[58] /home/travis/build/icyphy/ptII/ptolemy/domains/sdf/lib/test/auto/SampleDelayConversion.xml (RunModel)" time="0.016" />
  <testcase classname="ptolemy.util.test.junit.AutoTests" name="[59] /home/travis/build/icyphy/ptII/ptolemy/domains/sdf/lib/test/auto/SequenceToArray.xml (RunModel)" time="0.041" />
  <testcase classname="ptolemy.util.test.junit.AutoTests" name="[60] /home/travis/build/icyphy/ptII/ptolemy/domains/sdf/lib/test/auto/SequenceToMatrix.xml (RunModel)" time="2.987" />
  <testcase classname="ptolemy.util.test.junit.AutoTests" name="[61] /home/travis/build/icyphy/ptII/ptolemy/domains/sdf/lib/test/auto/SmoothedPeriodogram.xml (RunModel)" time="0.04" />
  <testcase classname="ptolemy.util.test.junit.AutoTests" name="[62] /home/travis/build/icyphy/ptII/ptolemy/domains/sdf/lib/test/auto/UpDownSample1.xml (RunModel)" time="0.018" />
  <testcase classname="ptolemy.util.test.junit.AutoTests" name="[63] /home/travis/build/icyphy/ptII/ptolemy/domains/sdf/lib/test/auto/UpSample1.xml (RunModel)" time="0.013" />
  <testcase classname="ptolemy.util.test.junit.AutoTests" name="[64] /home/travis/build/icyphy/ptII/ptolemy/domains/sdf/lib/test/auto/VariableFIR.xml (RunModel)" time="0.02" />
  <testcase classname="ptolemy.util.test.junit.AutoTests" name="[65] /home/travis/build/icyphy/ptII/ptolemy/domains/sdf/lib/test/auto/VariableFIR2.xml (RunModel)" time="0.024" />
  <testcase classname="ptolemy.util.test.junit.AutoTests" name="[66] /home/travis/build/icyphy/ptII/ptolemy/domains/sdf/lib/test/auto/VariableLattice.xml (RunModel)" time="0.024" />
  <testcase classname="ptolemy.util.test.junit.AutoTests" name="[67] /home/travis/build/icyphy/ptII/ptolemy/domains/sdf/lib/test/auto/VariableLattice2.xml (RunModel)" time="0.02" />
  <testcase classname="ptolemy.util.test.junit.AutoTests" name="[68] /home/travis/build/icyphy/ptII/ptolemy/domains/sdf/lib/test/auto/VariableRecursiveLattice.xml (RunModel)" time="0.015" />
  <testcase classname="ptolemy.util.test.junit.AutoTests" name="[69] /home/travis/build/icyphy/ptII/ptolemy/domains/sdf/lib/test/auto/VariableRecursiveLattice2.xml (RunModel)" time="0.015" />
  <system-out><![CDATA[/home/travis/build/icyphy/ptII/ptolemy/domains/sdf/lib/test/ArrayToSequence.tcl
testDefs.tcl: setting time out to 9000 seconds at Wed Jan 29 18:02:07 UTC 2020
104 ms. Memory: 129024K Free: 94152K (73%)
22 ms. Memory: 129024K Free: 92104K (71%)
25 ms. Memory: 129024K Free: 90056K (70%)
11 ms. Memory: 129024K Free: 88518K (69%)
/home/travis/build/icyphy/ptII/ptolemy/domains/sdf/lib/test/BitsToInt.tcl
10 ms. Memory: 129024K Free: 86984K (67%)
8 ms. Memory: 129024K Free: 84936K (66%)
/home/travis/build/icyphy/ptII/ptolemy/domains/sdf/lib/test/DelayLine.tcl
8 ms. Memory: 129024K Free: 83383K (65%)
/home/travis/build/icyphy/ptII/ptolemy/domains/sdf/lib/test/FFT.tcl
10 ms. Memory: 129024K Free: 81350K (63%)
/home/travis/build/icyphy/ptII/ptolemy/domains/sdf/lib/test/FIR.tcl
19 ms. Memory: 129024K Free: 79816K (62%)
105 ms. Memory: 129024K Free: 75720K (59%)
ptolemy.kernel.util.IllegalActionException: multiplyReverse method not supported between ptolemy.data.FixToken 'fix(-0.0625,6,2)' and ptolemy.data.IntToken '1' because the types are incomparable.
  in .top.FIRclone
Because:
multiplyReverse method not supported between ptolemy.data.FixToken 'fix(-0.0625,6,2)' and ptolemy.data.IntToken '1' because the types are incomparable.
34 ms. Memory: 129024K Free: 73158K (57%)
/home/travis/build/icyphy/ptII/ptolemy/domains/sdf/lib/test/IntToBits.tcl
10 ms. Memory: 129024K Free: 71624K (56%)
11 ms. Memory: 129024K Free: 70086K (54%)
/home/travis/build/icyphy/ptII/ptolemy/domains/sdf/lib/test/MaximumEntropySpectrum.tcl
/home/travis/build/icyphy/ptII/ptolemy/domains/sdf/lib/test/Repeat.tcl
20 ms. Memory: 129024K Free: 48567K (38%)
/home/travis/build/icyphy/ptII/ptolemy/domains/sdf/lib/test/SampleDelay.tcl
5 ms. Memory: 129024K Free: 113331K (88%)
11 ms. Memory: 129024K Free: 112307K (87%)
4 ms. Memory: 129024K Free: 111686K (87%)
6 ms. Memory: 129024K Free: 110852K (86%)
5 ms. Memory: 129024K Free: 110245K (85%)
2 ms. Memory: 129024K Free: 109812K (85%)
/home/travis/build/icyphy/ptII/ptolemy/domains/sdf/lib/test/SequenceToArray.tcl
5 ms. Memory: 129024K Free: 108211K (84%)
5 ms. Memory: 129024K Free: 107157K (83%)
6 ms. Memory: 129024K Free: 105754K (82%)
6 ms. Memory: 129024K Free: 104700K (81%)
01/29/20 06:02:08
Failed: 0  Total Tests: 41  ((Passed: 41, Newly Passed: 0)  Known Failed: 0) /home/travis/build/icyphy/ptII/ptolemy/domains/sdf/lib/test
No auto/knownFailedTests/*.xml tests in /home/travis/build/icyphy/ptII/ptolemy/domains/sdf/lib/test
No auto/linux-amd64/*.xml tests in /home/travis/build/icyphy/ptII/ptolemy/domains/sdf/lib/test
AutoTests.java: About to close Vertx.
AutoTests.java: Vertx closed.

===========================================================================================
----------------- testing Wed Jan 29 18:02:09 UTC 2020 /home/travis/build/icyphy/ptII/ptolemy/domains/sdf/lib/test/auto/ArrayToSequence.xml
----------------- Instantiating /home/travis/build/icyphy/ptII/ptolemy/domains/sdf/lib/test/auto/ArrayToSequence.xml
44 ms. Memory: 129024K Free: 92502K (72%)
----------------- Invoking toplevel() on ptolemy.moml.MoMLSimpleApplication@517ebe03
----------------- Done invoking toplevel() on ptolemy.moml.MoMLSimpleApplication@517ebe03
reloadAllAccessors: .ArrayToSequence

===========================================================================================
----------------- testing Wed Jan 29 18:02:09 UTC 2020 /home/travis/build/icyphy/ptII/ptolemy/domains/sdf/lib/test/auto/ArrayToSequenceTest.xml
----------------- Instantiating /home/travis/build/icyphy/ptII/ptolemy/domains/sdf/lib/test/auto/ArrayToSequenceTest.xml
41 ms. Memory: 129024K Free: 86333K (67%)
----------------- Invoking toplevel() on ptolemy.moml.MoMLSimpleApplication@26cab6e2
----------------- Done invoking toplevel() on ptolemy.moml.MoMLSimpleApplication@26cab6e2
reloadAllAccessors: .ArrayToSequenceTest

===========================================================================================
----------------- testing Wed Jan 29 18:02:09 UTC 2020 /home/travis/build/icyphy/ptII/ptolemy/domains/sdf/lib/test/auto/Autocorrelation.xml
----------------- Instantiating /home/travis/build/icyphy/ptII/ptolemy/domains/sdf/lib/test/auto/Autocorrelation.xml
21 ms. Memory: 129024K Free: 112694K (87%)
----------------- Invoking toplevel() on ptolemy.moml.MoMLSimpleApplication@5ae94988
----------------- Done invoking toplevel() on ptolemy.moml.MoMLSimpleApplication@5ae94988
reloadAllAccessors: .Autocorrelation

===========================================================================================
----------------- testing Wed Jan 29 18:02:09 UTC 2020 /home/travis/build/icyphy/ptII/ptolemy/domains/sdf/lib/test/auto/Autocorrelation2.xml
----------------- Instantiating /home/travis/build/icyphy/ptII/ptolemy/domains/sdf/lib/test/auto/Autocorrelation2.xml
5 ms. Memory: 129024K Free: 107581K (83%)
----------------- Invoking toplevel() on ptolemy.moml.MoMLSimpleApplication@457fe15b
----------------- Done invoking toplevel() on ptolemy.moml.MoMLSimpleApplication@457fe15b
reloadAllAccessors: .Autocorrelation2

===========================================================================================
----------------- testing Wed Jan 29 18:02:09 UTC 2020 /home/travis/build/icyphy/ptII/ptolemy/domains/sdf/lib/test/auto/Autocorrelation3.xml
----------------- Instantiating /home/travis/build/icyphy/ptII/ptolemy/domains/sdf/lib/test/auto/Autocorrelation3.xml
3 ms. Memory: 129024K Free: 104206K (81%)
----------------- Invoking toplevel() on ptolemy.moml.MoMLSimpleApplication@3fde4a80
----------------- Done invoking toplevel() on ptolemy.moml.MoMLSimpleApplication@3fde4a80
reloadAllAccessors: .Autocorrelation3

===========================================================================================
----------------- testing Wed Jan 29 18:02:09 UTC 2020 /home/travis/build/icyphy/ptII/ptolemy/domains/sdf/lib/test/auto/Autocorrelation4.xml
----------------- Instantiating /home/travis/build/icyphy/ptII/ptolemy/domains/sdf/lib/test/auto/Autocorrelation4.xml
6 ms. Memory: 129024K Free: 100078K (78%)
----------------- Invoking toplevel() on ptolemy.moml.MoMLSimpleApplication@4164d51e
----------------- Done invoking toplevel() on ptolemy.moml.MoMLSimpleApplication@4164d51e
reloadAllAccessors: .Autocorrelation4

===========================================================================================
----------------- testing Wed Jan 29 18:02:09 UTC 2020 /home/travis/build/icyphy/ptII/ptolemy/domains/sdf/lib/test/auto/Autocorrelation5.xml
----------------- Instantiating /home/travis/build/icyphy/ptII/ptolemy/domains/sdf/lib/test/auto/Autocorrelation5.xml
34 ms. Memory: 129024K Free: 92819K (72%)
----------------- Invoking toplevel() on ptolemy.moml.MoMLSimpleApplication@646bf3f7
----------------- Done invoking toplevel() on ptolemy.moml.MoMLSimpleApplication@646bf3f7
reloadAllAccessors: .Autocorrelation5

===========================================================================================
----------------- testing Wed Jan 29 18:02:10 UTC 2020 /home/travis/build/icyphy/ptII/ptolemy/domains/sdf/lib/test/auto/BitsToInt.xml
----------------- Instantiating /home/travis/build/icyphy/ptII/ptolemy/domains/sdf/lib/test/auto/BitsToInt.xml
9 ms. Memory: 129024K Free: 89894K (70%)
----------------- Invoking toplevel() on ptolemy.moml.MoMLSimpleApplication@3cffc380
----------------- Done invoking toplevel() on ptolemy.moml.MoMLSimpleApplication@3cffc380
reloadAllAccessors: .BitsToInt

===========================================================================================
----------------- testing Wed Jan 29 18:02:10 UTC 2020 /home/travis/build/icyphy/ptII/ptolemy/domains/sdf/lib/test/auto/BooleanJoin.xml
----------------- Instantiating /home/travis/build/icyphy/ptII/ptolemy/domains/sdf/lib/test/auto/BooleanJoin.xml
6 ms. Memory: 129024K Free: 85746K (66%)
----------------- Invoking toplevel() on ptolemy.moml.MoMLSimpleApplication@75236c7a
----------------- Done invoking toplevel() on ptolemy.moml.MoMLSimpleApplication@75236c7a
reloadAllAccessors: .BooleanJoin

===========================================================================================
----------------- testing Wed Jan 29 18:02:10 UTC 2020 /home/travis/build/icyphy/ptII/ptolemy/domains/sdf/lib/test/auto/BootstrapSampleDelay.xml
----------------- Instantiating /home/travis/build/icyphy/ptII/ptolemy/domains/sdf/lib/test/auto/BootstrapSampleDelay.xml
15 ms. Memory: 129024K Free: 81259K (63%)
----------------- Invoking toplevel() on ptolemy.moml.MoMLSimpleApplication@2274b921
----------------- Done invoking toplevel() on ptolemy.moml.MoMLSimpleApplication@2274b921
reloadAllAccessors: .BootstrapSampleDelay

===========================================================================================
----------------- testing Wed Jan 29 18:02:10 UTC 2020 /home/travis/build/icyphy/ptII/ptolemy/domains/sdf/lib/test/auto/Chop.xml
----------------- Instantiating /home/travis/build/icyphy/ptII/ptolemy/domains/sdf/lib/test/auto/Chop.xml
11 ms. Memory: 129024K Free: 74091K (57%)
----------------- Invoking toplevel() on ptolemy.moml.MoMLSimpleApplication@3f55d0ec
----------------- Done invoking toplevel() on ptolemy.moml.MoMLSimpleApplication@3f55d0ec
reloadAllAccessors: .Chop

===========================================================================================
----------------- testing Wed Jan 29 18:02:10 UTC 2020 /home/travis/build/icyphy/ptII/ptolemy/domains/sdf/lib/test/auto/Chop2.xml
----------------- Instantiating /home/travis/build/icyphy/ptII/ptolemy/domains/sdf/lib/test/auto/Chop2.xml
4 ms. Memory: 129024K Free: 110816K (86%)
----------------- Invoking toplevel() on ptolemy.moml.MoMLSimpleApplication@713d35c3
----------------- Done invoking toplevel() on ptolemy.moml.MoMLSimpleApplication@713d35c3
reloadAllAccessors: .Chop2

===========================================================================================
----------------- testing Wed Jan 29 18:02:10 UTC 2020 /home/travis/build/icyphy/ptII/ptolemy/domains/sdf/lib/test/auto/ComplexJoin.xml
----------------- Instantiating /home/travis/build/icyphy/ptII/ptolemy/domains/sdf/lib/test/auto/ComplexJoin.xml
3 ms. Memory: 129024K Free: 106233K (82%)
----------------- Invoking toplevel() on ptolemy.moml.MoMLSimpleApplication@5a72103b
----------------- Done invoking toplevel() on ptolemy.moml.MoMLSimpleApplication@5a72103b
reloadAllAccessors: .ComplexJoin

===========================================================================================
----------------- testing Wed Jan 29 18:02:10 UTC 2020 /home/travis/build/icyphy/ptII/ptolemy/domains/sdf/lib/test/auto/CountTrues.xml
----------------- Instantiating /home/travis/build/icyphy/ptII/ptolemy/domains/sdf/lib/test/auto/CountTrues.xml
2 ms. Memory: 129024K Free: 103193K (80%)
----------------- Invoking toplevel() on ptolemy.moml.MoMLSimpleApplication@1d43b37b
----------------- Done invoking toplevel() on ptolemy.moml.MoMLSimpleApplication@1d43b37b
reloadAllAccessors: .CountTrues

===========================================================================================
----------------- testing Wed Jan 29 18:02:10 UTC 2020 /home/travis/build/icyphy/ptII/ptolemy/domains/sdf/lib/test/auto/DelayLine.xml
----------------- Instantiating /home/travis/build/icyphy/ptII/ptolemy/domains/sdf/lib/test/auto/DelayLine.xml
5 ms. Memory: 129024K Free: 97672K (76%)
----------------- Invoking toplevel() on ptolemy.moml.MoMLSimpleApplication@7b2692b
----------------- Done invoking toplevel() on ptolemy.moml.MoMLSimpleApplication@7b2692b
reloadAllAccessors: .DelayLine

===========================================================================================
----------------- testing Wed Jan 29 18:02:10 UTC 2020 /home/travis/build/icyphy/ptII/ptolemy/domains/sdf/lib/test/auto/DotProduct.xml
----------------- Instantiating /home/travis/build/icyphy/ptII/ptolemy/domains/sdf/lib/test/auto/DotProduct.xml
2 ms. Memory: 129024K Free: 94608K (73%)
----------------- Invoking toplevel() on ptolemy.moml.MoMLSimpleApplication@55139eac
----------------- Done invoking toplevel() on ptolemy.moml.MoMLSimpleApplication@55139eac
reloadAllAccessors: .DotProduct

===========================================================================================
----------------- testing Wed Jan 29 18:02:10 UTC 2020 /home/travis/build/icyphy/ptII/ptolemy/domains/sdf/lib/test/auto/DotProductMatrix.xml
----------------- Instantiating /home/travis/build/icyphy/ptII/ptolemy/domains/sdf/lib/test/auto/DotProductMatrix.xml
3 ms. Memory: 129024K Free: 91929K (71%)
----------------- Invoking toplevel() on ptolemy.moml.MoMLSimpleApplication@66447dd
----------------- Done invoking toplevel() on ptolemy.moml.MoMLSimpleApplication@66447dd
reloadAllAccessors: .DotProductMatrix

===========================================================================================
----------------- testing Wed Jan 29 18:02:10 UTC 2020 /home/travis/build/icyphy/ptII/ptolemy/domains/sdf/lib/test/auto/DownSample1.xml
----------------- Instantiating /home/travis/build/icyphy/ptII/ptolemy/domains/sdf/lib/test/auto/DownSample1.xml
3 ms. Memory: 129024K Free: 88463K (69%)
----------------- Invoking toplevel() on ptolemy.moml.MoMLSimpleApplication@5ae35f25
----------------- Done invoking toplevel() on ptolemy.moml.MoMLSimpleApplication@5ae35f25
reloadAllAccessors: .DownSample1

===========================================================================================
----------------- testing Wed Jan 29 18:02:10 UTC 2020 /home/travis/build/icyphy/ptII/ptolemy/domains/sdf/lib/test/auto/DynamicRateChange.xml
----------------- Instantiating /home/travis/build/icyphy/ptII/ptolemy/domains/sdf/lib/test/auto/DynamicRateChange.xml
16 ms. Memory: 129024K Free: 82743K (64%)
----------------- Invoking toplevel() on ptolemy.moml.MoMLSimpleApplication@5cedad0d
----------------- Done invoking toplevel() on ptolemy.moml.MoMLSimpleApplication@5cedad0d
reloadAllAccessors: .DynamicRateChange

===========================================================================================
----------------- testing Wed Jan 29 18:02:10 UTC 2020 /home/travis/build/icyphy/ptII/ptolemy/domains/sdf/lib/test/auto/DynamicRates.xml
----------------- Instantiating /home/travis/build/icyphy/ptII/ptolemy/domains/sdf/lib/test/auto/DynamicRates.xml
7 ms. Memory: 129024K Free: 77623K (60%)
----------------- Invoking toplevel() on ptolemy.moml.MoMLSimpleApplication@4206b794
----------------- Done invoking toplevel() on ptolemy.moml.MoMLSimpleApplication@4206b794
reloadAllAccessors: .DynamicRates

===========================================================================================
----------------- testing Wed Jan 29 18:02:10 UTC 2020 /home/travis/build/icyphy/ptII/ptolemy/domains/sdf/lib/test/auto/FFT1.xml
----------------- Instantiating /home/travis/build/icyphy/ptII/ptolemy/domains/sdf/lib/test/auto/FFT1.xml
10 ms. Memory: 129024K Free: 73104K (57%)
----------------- Invoking toplevel() on ptolemy.moml.MoMLSimpleApplication@122d5f9e
----------------- Done invoking toplevel() on ptolemy.moml.MoMLSimpleApplication@122d5f9e
reloadAllAccessors: .FFT1

===========================================================================================
----------------- testing Wed Jan 29 18:02:10 UTC 2020 /home/travis/build/icyphy/ptII/ptolemy/domains/sdf/lib/test/auto/FIR1.xml
----------------- Instantiating /home/travis/build/icyphy/ptII/ptolemy/domains/sdf/lib/test/auto/FIR1.xml
19 ms. Memory: 129024K Free: 66359K (51%)
----------------- Invoking toplevel() on ptolemy.moml.MoMLSimpleApplication@b70b3f8
----------------- Done invoking toplevel() on ptolemy.moml.MoMLSimpleApplication@b70b3f8
reloadAllAccessors: .FIR1

===========================================================================================
----------------- testing Wed Jan 29 18:02:10 UTC 2020 /home/travis/build/icyphy/ptII/ptolemy/domains/sdf/lib/test/auto/FIR2.xml
----------------- Instantiating /home/travis/build/icyphy/ptII/ptolemy/domains/sdf/lib/test/auto/FIR2.xml
3 ms. Memory: 129024K Free: 62688K (49%)
----------------- Invoking toplevel() on ptolemy.moml.MoMLSimpleApplication@4ea3a8d6
----------------- Done invoking toplevel() on ptolemy.moml.MoMLSimpleApplication@4ea3a8d6
reloadAllAccessors: .FIR2

===========================================================================================
----------------- testing Wed Jan 29 18:02:10 UTC 2020 /home/travis/build/icyphy/ptII/ptolemy/domains/sdf/lib/test/auto/FIR4.xml
----------------- Instantiating /home/travis/build/icyphy/ptII/ptolemy/domains/sdf/lib/test/auto/FIR4.xml
8 ms. Memory: 129024K Free: 56057K (43%)
----------------- Invoking toplevel() on ptolemy.moml.MoMLSimpleApplication@2b96ebcd
----------------- Done invoking toplevel() on ptolemy.moml.MoMLSimpleApplication@2b96ebcd
reloadAllAccessors: .FIR4

===========================================================================================
----------------- testing Wed Jan 29 18:02:10 UTC 2020 /home/travis/build/icyphy/ptII/ptolemy/domains/sdf/lib/test/auto/FixJoin.xml
----------------- Instantiating /home/travis/build/icyphy/ptII/ptolemy/domains/sdf/lib/test/auto/FixJoin.xml
3 ms. Memory: 129024K Free: 50921K (39%)
----------------- Invoking toplevel() on ptolemy.moml.MoMLSimpleApplication@5c2771ac
----------------- Done invoking toplevel() on ptolemy.moml.MoMLSimpleApplication@5c2771ac
reloadAllAccessors: .FixJoin

===========================================================================================
----------------- testing Wed Jan 29 18:02:10 UTC 2020 /home/travis/build/icyphy/ptII/ptolemy/domains/sdf/lib/test/auto/IntJoin1.xml
----------------- Instantiating /home/travis/build/icyphy/ptII/ptolemy/domains/sdf/lib/test/auto/IntJoin1.xml
3 ms. Memory: 129024K Free: 110505K (86%)
----------------- Invoking toplevel() on ptolemy.moml.MoMLSimpleApplication@7e61409
----------------- Done invoking toplevel() on ptolemy.moml.MoMLSimpleApplication@7e61409
reloadAllAccessors: .IntJoin1

===========================================================================================
----------------- testing Wed Jan 29 18:02:10 UTC 2020 /home/travis/build/icyphy/ptII/ptolemy/domains/sdf/lib/test/auto/IntJoin2.xml
----------------- Instantiating /home/travis/build/icyphy/ptII/ptolemy/domains/sdf/lib/test/auto/IntJoin2.xml
2 ms. Memory: 129024K Free: 105851K (82%)
----------------- Invoking toplevel() on ptolemy.moml.MoMLSimpleApplication@6e3d794d
----------------- Done invoking toplevel() on ptolemy.moml.MoMLSimpleApplication@6e3d794d
reloadAllAccessors: .IntJoin2

===========================================================================================
----------------- testing Wed Jan 29 18:02:10 UTC 2020 /home/travis/build/icyphy/ptII/ptolemy/domains/sdf/lib/test/auto/IntJoin3.xml
----------------- Instantiating /home/travis/build/icyphy/ptII/ptolemy/domains/sdf/lib/test/auto/IntJoin3.xml
9 ms. Memory: 129024K Free: 101281K (78%)
----------------- Invoking toplevel() on ptolemy.moml.MoMLSimpleApplication@3fe23075
----------------- Done invoking toplevel() on ptolemy.moml.MoMLSimpleApplication@3fe23075
reloadAllAccessors: .IntJoin3

===========================================================================================
----------------- testing Wed Jan 29 18:02:10 UTC 2020 /home/travis/build/icyphy/ptII/ptolemy/domains/sdf/lib/test/auto/IntJoin4.xml
----------------- Instantiating /home/travis/build/icyphy/ptII/ptolemy/domains/sdf/lib/test/auto/IntJoin4.xml
4 ms. Memory: 129024K Free: 97185K (75%)
----------------- Invoking toplevel() on ptolemy.moml.MoMLSimpleApplication@3511e643
----------------- Done invoking toplevel() on ptolemy.moml.MoMLSimpleApplication@3511e643
reloadAllAccessors: .IntJoin4

===========================================================================================
----------------- testing Wed Jan 29 18:02:10 UTC 2020 /home/travis/build/icyphy/ptII/ptolemy/domains/sdf/lib/test/auto/IntJoin5.xml
----------------- Instantiating /home/travis/build/icyphy/ptII/ptolemy/domains/sdf/lib/test/auto/IntJoin5.xml
2 ms. Memory: 129024K Free: 92539K (72%)
----------------- Invoking toplevel() on ptolemy.moml.MoMLSimpleApplication@3d53b316
----------------- Done invoking toplevel() on ptolemy.moml.MoMLSimpleApplication@3d53b316
reloadAllAccessors: .IntJoin5

===========================================================================================
----------------- testing Wed Jan 29 18:02:10 UTC 2020 /home/travis/build/icyphy/ptII/ptolemy/domains/sdf/lib/test/auto/IntToBits.xml
----------------- Instantiating /home/travis/build/icyphy/ptII/ptolemy/domains/sdf/lib/test/auto/IntToBits.xml
10 ms. Memory: 129024K Free: 89509K (69%)
----------------- Invoking toplevel() on ptolemy.moml.MoMLSimpleApplication@49455001
----------------- Done invoking toplevel() on ptolemy.moml.MoMLSimpleApplication@49455001
reloadAllAccessors: .IntToBits

===========================================================================================
----------------- testing Wed Jan 29 18:02:10 UTC 2020 /home/travis/build/icyphy/ptII/ptolemy/domains/sdf/lib/test/auto/LMSAdaptive.xml
----------------- Instantiating /home/travis/build/icyphy/ptII/ptolemy/domains/sdf/lib/test/auto/LMSAdaptive.xml
8 ms. Memory: 129024K Free: 81275K (63%)
----------------- Invoking toplevel() on ptolemy.moml.MoMLSimpleApplication@3f9f979c
----------------- Done invoking toplevel() on ptolemy.moml.MoMLSimpleApplication@3f9f979c
reloadAllAccessors: .LMSAdaptive

===========================================================================================
----------------- testing Wed Jan 29 18:02:10 UTC 2020 /home/travis/build/icyphy/ptII/ptolemy/domains/sdf/lib/test/auto/LMSAdaptiveFIR.xml
----------------- Instantiating /home/travis/build/icyphy/ptII/ptolemy/domains/sdf/lib/test/auto/LMSAdaptiveFIR.xml
222 ms. Memory: 129024K Free: 47031K (36%)
----------------- Invoking toplevel() on ptolemy.moml.MoMLSimpleApplication@455132da
----------------- Done invoking toplevel() on ptolemy.moml.MoMLSimpleApplication@455132da
reloadAllAccessors: .LMSAdaptiveFIR

===========================================================================================
----------------- testing Wed Jan 29 18:02:11 UTC 2020 /home/travis/build/icyphy/ptII/ptolemy/domains/sdf/lib/test/auto/LMSAdaptiveFIR2.xml
----------------- Instantiating /home/travis/build/icyphy/ptII/ptolemy/domains/sdf/lib/test/auto/LMSAdaptiveFIR2.xml
391 ms. Memory: 172032K Free: 99044K (58%)
----------------- Invoking toplevel() on ptolemy.moml.MoMLSimpleApplication@2ded463a
----------------- Done invoking toplevel() on ptolemy.moml.MoMLSimpleApplication@2ded463a
reloadAllAccessors: .LMSAdaptiveFIR2

===========================================================================================
----------------- testing Wed Jan 29 18:02:11 UTC 2020 /home/travis/build/icyphy/ptII/ptolemy/domains/sdf/lib/test/auto/LongJoin.xml
----------------- Instantiating /home/travis/build/icyphy/ptII/ptolemy/domains/sdf/lib/test/auto/LongJoin.xml
5 ms. Memory: 172032K Free: 94438K (55%)
----------------- Invoking toplevel() on ptolemy.moml.MoMLSimpleApplication@420e27db
----------------- Done invoking toplevel() on ptolemy.moml.MoMLSimpleApplication@420e27db
reloadAllAccessors: .LongJoin

===========================================================================================
----------------- testing Wed Jan 29 18:02:11 UTC 2020 /home/travis/build/icyphy/ptII/ptolemy/domains/sdf/lib/test/auto/Matrix1.xml
----------------- Instantiating /home/travis/build/icyphy/ptII/ptolemy/domains/sdf/lib/test/auto/Matrix1.xml
3 ms. Memory: 172032K Free: 90342K (53%)
----------------- Invoking toplevel() on ptolemy.moml.MoMLSimpleApplication@2f8564d4
----------------- Done invoking toplevel() on ptolemy.moml.MoMLSimpleApplication@2f8564d4
reloadAllAccessors: .Matrix1

===========================================================================================
----------------- testing Wed Jan 29 18:02:11 UTC 2020 /home/travis/build/icyphy/ptII/ptolemy/domains/sdf/lib/test/auto/Matrix2.xml
----------------- Instantiating /home/travis/build/icyphy/ptII/ptolemy/domains/sdf/lib/test/auto/Matrix2.xml
2 ms. Memory: 172032K Free: 86756K (50%)
----------------- Invoking toplevel() on ptolemy.moml.MoMLSimpleApplication@542edb1a
----------------- Done invoking toplevel() on ptolemy.moml.MoMLSimpleApplication@542edb1a
reloadAllAccessors: .Matrix2

===========================================================================================
----------------- testing Wed Jan 29 18:02:11 UTC 2020 /home/travis/build/icyphy/ptII/ptolemy/domains/sdf/lib/test/auto/MatrixJoin1.xml
----------------- Instantiating /home/travis/build/icyphy/ptII/ptolemy/domains/sdf/lib/test/auto/MatrixJoin1.xml
3 ms. Memory: 172032K Free: 81636K (47%)
----------------- Invoking toplevel() on ptolemy.moml.MoMLSimpleApplication@d1a6ed5
----------------- Done invoking toplevel() on ptolemy.moml.MoMLSimpleApplication@d1a6ed5
reloadAllAccessors: .MatrixJoin1

===========================================================================================
----------------- testing Wed Jan 29 18:02:11 UTC 2020 /home/travis/build/icyphy/ptII/ptolemy/domains/sdf/lib/test/auto/MatrixJoin2.xml
----------------- Instantiating /home/travis/build/icyphy/ptII/ptolemy/domains/sdf/lib/test/auto/MatrixJoin2.xml
2 ms. Memory: 172032K Free: 77030K (45%)
----------------- Invoking toplevel() on ptolemy.moml.MoMLSimpleApplication@4f449e25
----------------- Done invoking toplevel() on ptolemy.moml.MoMLSimpleApplication@4f449e25
reloadAllAccessors: .MatrixJoin2

===========================================================================================
----------------- testing Wed Jan 29 18:02:11 UTC 2020 /home/travis/build/icyphy/ptII/ptolemy/domains/sdf/lib/test/auto/MatrixJoin3.xml
----------------- Instantiating /home/travis/build/icyphy/ptII/ptolemy/domains/sdf/lib/test/auto/MatrixJoin3.xml
5 ms. Memory: 172032K Free: 72934K (42%)
----------------- Invoking toplevel() on ptolemy.moml.MoMLSimpleApplication@31d3db64
----------------- Done invoking toplevel() on ptolemy.moml.MoMLSimpleApplication@31d3db64
reloadAllAccessors: .MatrixJoin3

===========================================================================================
----------------- testing Wed Jan 29 18:02:11 UTC 2020 /home/travis/build/icyphy/ptII/ptolemy/domains/sdf/lib/test/auto/MatrixJoin4.xml
----------------- Instantiating /home/travis/build/icyphy/ptII/ptolemy/domains/sdf/lib/test/auto/MatrixJoin4.xml
8 ms. Memory: 172032K Free: 155609K (90%)
----------------- Invoking toplevel() on ptolemy.moml.MoMLSimpleApplication@7b47e4a8
----------------- Done invoking toplevel() on ptolemy.moml.MoMLSimpleApplication@7b47e4a8
reloadAllAccessors: .MatrixJoin4

===========================================================================================
----------------- testing Wed Jan 29 18:02:11 UTC 2020 /home/travis/build/icyphy/ptII/ptolemy/domains/sdf/lib/test/auto/MatrixJoin5.xml
----------------- Instantiating /home/travis/build/icyphy/ptII/ptolemy/domains/sdf/lib/test/auto/MatrixJoin5.xml
3 ms. Memory: 172032K Free: 150513K (87%)
----------------- Invoking toplevel() on ptolemy.moml.MoMLSimpleApplication@7e65b385
----------------- Done invoking toplevel() on ptolemy.moml.MoMLSimpleApplication@7e65b385
reloadAllAccessors: .MatrixJoin5

===========================================================================================
----------------- testing Wed Jan 29 18:02:11 UTC 2020 /home/travis/build/icyphy/ptII/ptolemy/domains/sdf/lib/test/auto/MatrixSplit1.xml
----------------- Instantiating /home/travis/build/icyphy/ptII/ptolemy/domains/sdf/lib/test/auto/MatrixSplit1.xml
3 ms. Memory: 172032K Free: 145377K (85%)
----------------- Invoking toplevel() on ptolemy.moml.MoMLSimpleApplication@664582a7
----------------- Done invoking toplevel() on ptolemy.moml.MoMLSimpleApplication@664582a7
reloadAllAccessors: .MatrixSplit1

===========================================================================================
----------------- testing Wed Jan 29 18:02:12 UTC 2020 /home/travis/build/icyphy/ptII/ptolemy/domains/sdf/lib/test/auto/MatrixSplit10.xml
----------------- Instantiating /home/travis/build/icyphy/ptII/ptolemy/domains/sdf/lib/test/auto/MatrixSplit10.xml
2 ms. Memory: 172032K Free: 141877K (82%)
----------------- Invoking toplevel() on ptolemy.moml.MoMLSimpleApplication@75e02c3d
----------------- Done invoking toplevel() on ptolemy.moml.MoMLSimpleApplication@75e02c3d
reloadAllAccessors: .MatrixSplit10

===========================================================================================
----------------- testing Wed Jan 29 18:02:12 UTC 2020 /home/travis/build/icyphy/ptII/ptolemy/domains/sdf/lib/test/auto/MatrixSplit11.xml
----------------- Instantiating /home/travis/build/icyphy/ptII/ptolemy/domains/sdf/lib/test/auto/MatrixSplit11.xml
2 ms. Memory: 172032K Free: 138775K (81%)
----------------- Invoking toplevel() on ptolemy.moml.MoMLSimpleApplication@6af1364f
----------------- Done invoking toplevel() on ptolemy.moml.MoMLSimpleApplication@6af1364f
reloadAllAccessors: .MatrixSplit11

===========================================================================================
----------------- testing Wed Jan 29 18:02:12 UTC 2020 /home/travis/build/icyphy/ptII/ptolemy/domains/sdf/lib/test/auto/MatrixSplit12.xml
----------------- Instantiating /home/travis/build/icyphy/ptII/ptolemy/domains/sdf/lib/test/auto/MatrixSplit12.xml
2 ms. Memory: 172032K Free: 135153K (79%)
----------------- Invoking toplevel() on ptolemy.moml.MoMLSimpleApplication@3409b507
----------------- Done invoking toplevel() on ptolemy.moml.MoMLSimpleApplication@3409b507
reloadAllAccessors: .MatrixSplit12

===========================================================================================
----------------- testing Wed Jan 29 18:02:12 UTC 2020 /home/travis/build/icyphy/ptII/ptolemy/domains/sdf/lib/test/auto/MatrixSplit13.xml
----------------- Instantiating /home/travis/build/icyphy/ptII/ptolemy/domains/sdf/lib/test/auto/MatrixSplit13.xml
4 ms. Memory: 172032K Free: 131615K (77%)
----------------- Invoking toplevel() on ptolemy.moml.MoMLSimpleApplication@6a6b7d5d
----------------- Done invoking toplevel() on ptolemy.moml.MoMLSimpleApplication@6a6b7d5d
reloadAllAccessors: .MatrixSplit13

===========================================================================================
----------------- testing Wed Jan 29 18:02:12 UTC 2020 /home/travis/build/icyphy/ptII/ptolemy/domains/sdf/lib/test/auto/MatrixSplit14.xml
----------------- Instantiating /home/travis/build/icyphy/ptII/ptolemy/domains/sdf/lib/test/auto/MatrixSplit14.xml
1 ms. Memory: 172032K Free: 127985K (74%)
----------------- Invoking toplevel() on ptolemy.moml.MoMLSimpleApplication@511ee269
----------------- Done invoking toplevel() on ptolemy.moml.MoMLSimpleApplication@511ee269
reloadAllAccessors: .MatrixSplit14

===========================================================================================
----------------- testing Wed Jan 29 18:02:12 UTC 2020 /home/travis/build/icyphy/ptII/ptolemy/domains/sdf/lib/test/auto/MatrixSplit2.xml
----------------- Instantiating /home/travis/build/icyphy/ptII/ptolemy/domains/sdf/lib/test/auto/MatrixSplit2.xml
1 ms. Memory: 172032K Free: 124447K (72%)
----------------- Invoking toplevel() on ptolemy.moml.MoMLSimpleApplication@3fd71e34
----------------- Done invoking toplevel() on ptolemy.moml.MoMLSimpleApplication@3fd71e34
reloadAllAccessors: .MatrixSplit2

===========================================================================================
----------------- testing Wed Jan 29 18:02:12 UTC 2020 /home/travis/build/icyphy/ptII/ptolemy/domains/sdf/lib/test/auto/MatrixSplit3.xml
----------------- Instantiating /home/travis/build/icyphy/ptII/ptolemy/domains/sdf/lib/test/auto/MatrixSplit3.xml
1 ms. Memory: 172032K Free: 121367K (71%)
----------------- Invoking toplevel() on ptolemy.moml.MoMLSimpleApplication@6119da39
----------------- Done invoking toplevel() on ptolemy.moml.MoMLSimpleApplication@6119da39
reloadAllAccessors: .MatrixSplit3

===========================================================================================
----------------- testing Wed Jan 29 18:02:12 UTC 2020 /home/travis/build/icyphy/ptII/ptolemy/domains/sdf/lib/test/auto/MatrixSplit4.xml
----------------- Instantiating /home/travis/build/icyphy/ptII/ptolemy/domains/sdf/lib/test/auto/MatrixSplit4.xml
3 ms. Memory: 172032K Free: 117745K (68%)
----------------- Invoking toplevel() on ptolemy.moml.MoMLSimpleApplication@12a3be28
----------------- Done invoking toplevel() on ptolemy.moml.MoMLSimpleApplication@12a3be28
reloadAllAccessors: .MatrixSplit4

===========================================================================================
----------------- testing Wed Jan 29 18:02:12 UTC 2020 /home/travis/build/icyphy/ptII/ptolemy/domains/sdf/lib/test/auto/MatrixSplit5.xml
----------------- Instantiating /home/travis/build/icyphy/ptII/ptolemy/domains/sdf/lib/test/auto/MatrixSplit5.xml
10 ms. Memory: 172032K Free: 114207K (66%)
----------------- Invoking toplevel() on ptolemy.moml.MoMLSimpleApplication@4bfc2a68
----------------- Done invoking toplevel() on ptolemy.moml.MoMLSimpleApplication@4bfc2a68
reloadAllAccessors: .MatrixSplit5

===========================================================================================
----------------- testing Wed Jan 29 18:02:12 UTC 2020 /home/travis/build/icyphy/ptII/ptolemy/domains/sdf/lib/test/auto/MatrixSplit6.xml
----------------- Instantiating /home/travis/build/icyphy/ptII/ptolemy/domains/sdf/lib/test/auto/MatrixSplit6.xml
3 ms. Memory: 172032K Free: 110577K (64%)
----------------- Invoking toplevel() on ptolemy.moml.MoMLSimpleApplication@24023d92
----------------- Done invoking toplevel() on ptolemy.moml.MoMLSimpleApplication@24023d92
reloadAllAccessors: .MatrixSplit6

===========================================================================================
----------------- testing Wed Jan 29 18:02:12 UTC 2020 /home/travis/build/icyphy/ptII/ptolemy/domains/sdf/lib/test/auto/MatrixSplit7.xml
----------------- Instantiating /home/travis/build/icyphy/ptII/ptolemy/domains/sdf/lib/test/auto/MatrixSplit7.xml
2 ms. Memory: 172032K Free: 107031K (62%)
----------------- Invoking toplevel() on ptolemy.moml.MoMLSimpleApplication@5ad93db2
----------------- Done invoking toplevel() on ptolemy.moml.MoMLSimpleApplication@5ad93db2
reloadAllAccessors: .MatrixSplit7

===========================================================================================
----------------- testing Wed Jan 29 18:02:12 UTC 2020 /home/travis/build/icyphy/ptII/ptolemy/domains/sdf/lib/test/auto/MatrixSplit8.xml
----------------- Instantiating /home/travis/build/icyphy/ptII/ptolemy/domains/sdf/lib/test/auto/MatrixSplit8.xml
2 ms. Memory: 172032K Free: 103975K (60%)
----------------- Invoking toplevel() on ptolemy.moml.MoMLSimpleApplication@44f079f2
----------------- Done invoking toplevel() on ptolemy.moml.MoMLSimpleApplication@44f079f2
reloadAllAccessors: .MatrixSplit8

===========================================================================================
----------------- testing Wed Jan 29 18:02:12 UTC 2020 /home/travis/build/icyphy/ptII/ptolemy/domains/sdf/lib/test/auto/MatrixSplit9.xml
----------------- Instantiating /home/travis/build/icyphy/ptII/ptolemy/domains/sdf/lib/test/auto/MatrixSplit9.xml
2 ms. Memory: 172032K Free: 100345K (58%)
----------------- Invoking toplevel() on ptolemy.moml.MoMLSimpleApplication@75e0629d
----------------- Done invoking toplevel() on ptolemy.moml.MoMLSimpleApplication@75e0629d
reloadAllAccessors: .MatrixSplit9

===========================================================================================
----------------- testing Wed Jan 29 18:02:12 UTC 2020 /home/travis/build/icyphy/ptII/ptolemy/domains/sdf/lib/test/auto/MatrixToSequence.xml
----------------- Instantiating /home/travis/build/icyphy/ptII/ptolemy/domains/sdf/lib/test/auto/MatrixToSequence.xml
12 ms. Memory: 172032K Free: 91143K (53%)
----------------- Invoking toplevel() on ptolemy.moml.MoMLSimpleApplication@52c754b2
----------------- Done invoking toplevel() on ptolemy.moml.MoMLSimpleApplication@52c754b2
reloadAllAccessors: .MatrixToSequence

===========================================================================================
----------------- testing Wed Jan 29 18:02:12 UTC 2020 /home/travis/build/icyphy/ptII/ptolemy/domains/sdf/lib/test/auto/MaximumEntropySpectrum.xml
----------------- Instantiating /home/travis/build/icyphy/ptII/ptolemy/domains/sdf/lib/test/auto/MaximumEntropySpectrum.xml
18 ms. Memory: 172032K Free: 70197K (41%)
----------------- Invoking toplevel() on ptolemy.moml.MoMLSimpleApplication@31f95ad3
----------------- Done invoking toplevel() on ptolemy.moml.MoMLSimpleApplication@31f95ad3
reloadAllAccessors: .MaximumEntropySpectrum

===========================================================================================
----------------- testing Wed Jan 29 18:02:12 UTC 2020 /home/travis/build/icyphy/ptII/ptolemy/domains/sdf/lib/test/auto/SampleDelayConversion.xml
----------------- Instantiating /home/travis/build/icyphy/ptII/ptolemy/domains/sdf/lib/test/auto/SampleDelayConversion.xml
2 ms. Memory: 172032K Free: 66063K (38%)
----------------- Invoking toplevel() on ptolemy.moml.MoMLSimpleApplication@3ac36b8b
----------------- Done invoking toplevel() on ptolemy.moml.MoMLSimpleApplication@3ac36b8b
reloadAllAccessors: .SampleDelayConversion

===========================================================================================
----------------- testing Wed Jan 29 18:02:12 UTC 2020 /home/travis/build/icyphy/ptII/ptolemy/domains/sdf/lib/test/auto/SequenceToArray.xml
----------------- Instantiating /home/travis/build/icyphy/ptII/ptolemy/domains/sdf/lib/test/auto/SequenceToArray.xml
9 ms. Memory: 172032K Free: 147722K (86%)
----------------- Invoking toplevel() on ptolemy.moml.MoMLSimpleApplication@44fa92ee
----------------- Done invoking toplevel() on ptolemy.moml.MoMLSimpleApplication@44fa92ee
reloadAllAccessors: .SequenceToArray

===========================================================================================
----------------- testing Wed Jan 29 18:02:12 UTC 2020 /home/travis/build/icyphy/ptII/ptolemy/domains/sdf/lib/test/auto/SequenceToMatrix.xml
----------------- Instantiating /home/travis/build/icyphy/ptII/ptolemy/domains/sdf/lib/test/auto/SequenceToMatrix.xml
2968 ms. Memory: 172032K Free: 111205K (65%)
----------------- Invoking toplevel() on ptolemy.moml.MoMLSimpleApplication@7ed42f10
----------------- Done invoking toplevel() on ptolemy.moml.MoMLSimpleApplication@7ed42f10
reloadAllAccessors: .SequenceToMatrix

===========================================================================================
----------------- testing Wed Jan 29 18:02:15 UTC 2020 /home/travis/build/icyphy/ptII/ptolemy/domains/sdf/lib/test/auto/SmoothedPeriodogram.xml
----------------- Instantiating /home/travis/build/icyphy/ptII/ptolemy/domains/sdf/lib/test/auto/SmoothedPeriodogram.xml
7 ms. Memory: 172032K Free: 95845K (56%)
----------------- Invoking toplevel() on ptolemy.moml.MoMLSimpleApplication@44d59755
----------------- Done invoking toplevel() on ptolemy.moml.MoMLSimpleApplication@44d59755
reloadAllAccessors: .SmoothedPeriodogram

===========================================================================================
----------------- testing Wed Jan 29 18:02:15 UTC 2020 /home/travis/build/icyphy/ptII/ptolemy/domains/sdf/lib/test/auto/UpDownSample1.xml
----------------- Instantiating /home/travis/build/icyphy/ptII/ptolemy/domains/sdf/lib/test/auto/UpDownSample1.xml
2 ms. Memory: 172032K Free: 91749K (53%)
----------------- Invoking toplevel() on ptolemy.moml.MoMLSimpleApplication@6d2aeed6
----------------- Done invoking toplevel() on ptolemy.moml.MoMLSimpleApplication@6d2aeed6
reloadAllAccessors: .UpDownSample1

===========================================================================================
----------------- testing Wed Jan 29 18:02:15 UTC 2020 /home/travis/build/icyphy/ptII/ptolemy/domains/sdf/lib/test/auto/UpSample1.xml
----------------- Instantiating /home/travis/build/icyphy/ptII/ptolemy/domains/sdf/lib/test/auto/UpSample1.xml
3 ms. Memory: 172032K Free: 88167K (51%)
----------------- Invoking toplevel() on ptolemy.moml.MoMLSimpleApplication@7d269ccf
----------------- Done invoking toplevel() on ptolemy.moml.MoMLSimpleApplication@7d269ccf
reloadAllAccessors: .UpSample1

===========================================================================================
----------------- testing Wed Jan 29 18:02:15 UTC 2020 /home/travis/build/icyphy/ptII/ptolemy/domains/sdf/lib/test/auto/VariableFIR.xml
----------------- Instantiating /home/travis/build/icyphy/ptII/ptolemy/domains/sdf/lib/test/auto/VariableFIR.xml
3 ms. Memory: 172032K Free: 83047K (48%)
----------------- Invoking toplevel() on ptolemy.moml.MoMLSimpleApplication@61ae9a50
----------------- Done invoking toplevel() on ptolemy.moml.MoMLSimpleApplication@61ae9a50
reloadAllAccessors: .VariableFIR

===========================================================================================
----------------- testing Wed Jan 29 18:02:15 UTC 2020 /home/travis/build/icyphy/ptII/ptolemy/domains/sdf/lib/test/auto/VariableFIR2.xml
----------------- Instantiating /home/travis/build/icyphy/ptII/ptolemy/domains/sdf/lib/test/auto/VariableFIR2.xml
5 ms. Memory: 172032K Free: 77927K (45%)
----------------- Invoking toplevel() on ptolemy.moml.MoMLSimpleApplication@66daa05
----------------- Done invoking toplevel() on ptolemy.moml.MoMLSimpleApplication@66daa05
reloadAllAccessors: .VariableFIR2

===========================================================================================
----------------- testing Wed Jan 29 18:02:15 UTC 2020 /home/travis/build/icyphy/ptII/ptolemy/domains/sdf/lib/test/auto/VariableLattice.xml
----------------- Instantiating /home/travis/build/icyphy/ptII/ptolemy/domains/sdf/lib/test/auto/VariableLattice.xml
5 ms. Memory: 172032K Free: 71783K (42%)
----------------- Invoking toplevel() on ptolemy.moml.MoMLSimpleApplication@3159bcc
----------------- Done invoking toplevel() on ptolemy.moml.MoMLSimpleApplication@3159bcc
reloadAllAccessors: .VariableLattice

===========================================================================================
----------------- testing Wed Jan 29 18:02:15 UTC 2020 /home/travis/build/icyphy/ptII/ptolemy/domains/sdf/lib/test/auto/VariableLattice2.xml
----------------- Instantiating /home/travis/build/icyphy/ptII/ptolemy/domains/sdf/lib/test/auto/VariableLattice2.xml
1.0
-1.999999602036
1.9099998677481
-0.9099996420674
0.205
0.0
0.0
1.0
-0.25
-0.5
0.0
0.0
0.0
0.0
6 ms. Memory: 172032K Free: 67173K (39%)
----------------- Invoking toplevel() on ptolemy.moml.MoMLSimpleApplication@21a94441
----------------- Done invoking toplevel() on ptolemy.moml.MoMLSimpleApplication@21a94441
reloadAllAccessors: .VariableLattice2

===========================================================================================
----------------- testing Wed Jan 29 18:02:15 UTC 2020 /home/travis/build/icyphy/ptII/ptolemy/domains/sdf/lib/test/auto/VariableRecursiveLattice.xml
----------------- Instantiating /home/travis/build/icyphy/ptII/ptolemy/domains/sdf/lib/test/auto/VariableRecursiveLattice.xml
2 ms. Memory: 172032K Free: 62567K (36%)
----------------- Invoking toplevel() on ptolemy.moml.MoMLSimpleApplication@1ffa87ef
----------------- Done invoking toplevel() on ptolemy.moml.MoMLSimpleApplication@1ffa87ef
reloadAllAccessors: .VariableRecursiveLattice

===========================================================================================
----------------- testing Wed Jan 29 18:02:15 UTC 2020 /home/travis/build/icyphy/ptII/ptolemy/domains/sdf/lib/test/auto/VariableRecursiveLattice2.xml
----------------- Instantiating /home/travis/build/icyphy/ptII/ptolemy/domains/sdf/lib/test/auto/VariableRecursiveLattice2.xml
3 ms. Memory: 172032K Free: 57957K (34%)
----------------- Invoking toplevel() on ptolemy.moml.MoMLSimpleApplication@78dca726
----------------- Done invoking toplevel() on ptolemy.moml.MoMLSimpleApplication@78dca726
reloadAllAccessors: .VariableRecursiveLattice2
AutoTests.java: About to close Vertx.
AutoTests.java: Vertx closed.
]]></system-out>
  <system-err><![CDATA[]]></system-err>
</testsuite>
