<?xml version="1.0" encoding="UTF-8" ?>
<testsuite errors="0" failures="0" hostname="travis-job-87c27b7a-ea78-46c4-9515-766d6f06659c" name="ptolemy.domains.continuous.test.junit.JUnitTclTest" skipped="0" tests="156" time="66.427" timestamp="2020-03-18T07:12:10">
  <properties>
[...]
</properties>
  <testcase classname="ptolemy.util.test.junit.TclTests" name="[0] ThereAreNoTclTests (RunTclFile)" time="0.009" />
  <testcase classname="ptolemy.util.test.junit.AutoKnownFailedTests" name="[0] ThereAreNoKnowFailedTests (RunModel)" time="0.001" />
  <testcase classname="ptolemy.util.test.junit.AutoNameArchTests" name="[0] ThereAreNoAutoArchTests (RunModel)" time="0.009" />
  <testcase classname="ptolemy.util.test.junit.AutoTests" name="[0] /home/travis/build/icyphy/ptII/ptolemy/domains/continuous/test/auto/BouncingBall.xml (RunModel)" time="2.724" />
  <testcase classname="ptolemy.util.test.junit.AutoTests" name="[1] /home/travis/build/icyphy/ptII/ptolemy/domains/continuous/test/auto/BouncingBallWithoutGR.xml (RunModel)" time="0.768" />
  <testcase classname="ptolemy.util.test.junit.AutoTests" name="[2] /home/travis/build/icyphy/ptII/ptolemy/domains/continuous/test/auto/Brownian.xml (RunModel)" time="0.108" />
  <testcase classname="ptolemy.util.test.junit.AutoTests" name="[3] /home/travis/build/icyphy/ptII/ptolemy/domains/continuous/test/auto/CarTracking.xml (RunModel)" time="3.516" />
  <testcase classname="ptolemy.util.test.junit.AutoTests" name="[4] /home/travis/build/icyphy/ptII/ptolemy/domains/continuous/test/auto/CartPendulum.xml (RunModel)" time="0.477" />
  <testcase classname="ptolemy.util.test.junit.AutoTests" name="[5] /home/travis/build/icyphy/ptII/ptolemy/domains/continuous/test/auto/CausalityInterface10.xml (RunModel)" time="0.081" />
  <testcase classname="ptolemy.util.test.junit.AutoTests" name="[6] /home/travis/build/icyphy/ptII/ptolemy/domains/continuous/test/auto/CausalityInterface11.xml (RunModel)" time="0.022" />
  <testcase classname="ptolemy.util.test.junit.AutoTests" name="[7] /home/travis/build/icyphy/ptII/ptolemy/domains/continuous/test/auto/CausalityInterface12.xml (RunModel)" time="0.037" />
  <testcase classname="ptolemy.util.test.junit.AutoTests" name="[8] /home/travis/build/icyphy/ptII/ptolemy/domains/continuous/test/auto/CausalityInterface13.xml (RunModel)" time="0.038" />
  <testcase classname="ptolemy.util.test.junit.AutoTests" name="[9] /home/travis/build/icyphy/ptII/ptolemy/domains/continuous/test/auto/CausalityInterface14.xml (RunModel)" time="0.028" />
  <testcase classname="ptolemy.util.test.junit.AutoTests" name="[10] /home/travis/build/icyphy/ptII/ptolemy/domains/continuous/test/auto/CausalityInterface4.xml (RunModel)" time="0.027" />
  <testcase classname="ptolemy.util.test.junit.AutoTests" name="[11] /home/travis/build/icyphy/ptII/ptolemy/domains/continuous/test/auto/CausalityInterface5.xml (RunModel)" time="0.045" />
  <testcase classname="ptolemy.util.test.junit.AutoTests" name="[12] /home/travis/build/icyphy/ptII/ptolemy/domains/continuous/test/auto/CausalityInterface6.xml (RunModel)" time="0.022" />
  <testcase classname="ptolemy.util.test.junit.AutoTests" name="[13] /home/travis/build/icyphy/ptII/ptolemy/domains/continuous/test/auto/CausalityInterface7.xml (RunModel)" time="0.043" />
  <testcase classname="ptolemy.util.test.junit.AutoTests" name="[14] /home/travis/build/icyphy/ptII/ptolemy/domains/continuous/test/auto/CausalityInterface8.xml (RunModel)" time="0.037" />
  <testcase classname="ptolemy.util.test.junit.AutoTests" name="[15] /home/travis/build/icyphy/ptII/ptolemy/domains/continuous/test/auto/CausalityInterface9.xml (RunModel)" time="0.059" />
  <testcase classname="ptolemy.util.test.junit.AutoTests" name="[16] /home/travis/build/icyphy/ptII/ptolemy/domains/continuous/test/auto/CausalityInterfaceFeedback1.xml (RunModel)" time="0.031" />
  <testcase classname="ptolemy.util.test.junit.AutoTests" name="[17] /home/travis/build/icyphy/ptII/ptolemy/domains/continuous/test/auto/CausalityInterfaceFeedback2.xml (RunModel)" time="0.029" />
  <testcase classname="ptolemy.util.test.junit.AutoTests" name="[18] /home/travis/build/icyphy/ptII/ptolemy/domains/continuous/test/auto/CompareWithCurrentTime.xml (RunModel)" time="0.023" />
  <testcase classname="ptolemy.util.test.junit.AutoTests" name="[19] /home/travis/build/icyphy/ptII/ptolemy/domains/continuous/test/auto/ComparedClocks.xml (RunModel)" time="0.07" />
  <testcase classname="ptolemy.util.test.junit.AutoTests" name="[20] /home/travis/build/icyphy/ptII/ptolemy/domains/continuous/test/auto/ContinuousAOCClone.xml (RunModel)" time="2.728" />
  <testcase classname="ptolemy.util.test.junit.AutoTests" name="[21] /home/travis/build/icyphy/ptII/ptolemy/domains/continuous/test/auto/ContinuousClock.xml (RunModel)" time="0.106" />
  <testcase classname="ptolemy.util.test.junit.AutoTests" name="[22] /home/travis/build/icyphy/ptII/ptolemy/domains/continuous/test/auto/ContinuousInContinuous.xml (RunModel)" time="0.084" />
  <testcase classname="ptolemy.util.test.junit.AutoTests" name="[23] /home/travis/build/icyphy/ptII/ptolemy/domains/continuous/test/auto/ContinuousInContinuousInContinuous.xml (RunModel)" time="0.022" />
  <testcase classname="ptolemy.util.test.junit.AutoTests" name="[24] /home/travis/build/icyphy/ptII/ptolemy/domains/continuous/test/auto/ContinuousInDE.xml (RunModel)" time="0.104" />
  <testcase classname="ptolemy.util.test.junit.AutoTests" name="[25] /home/travis/build/icyphy/ptII/ptolemy/domains/continuous/test/auto/ContinuousInDE2.xml (RunModel)" time="0.051" />
  <testcase classname="ptolemy.util.test.junit.AutoTests" name="[26] /home/travis/build/icyphy/ptII/ptolemy/domains/continuous/test/auto/ContinuousInDE3.xml (RunModel)" time="0.044" />
  <testcase classname="ptolemy.util.test.junit.AutoTests" name="[27] /home/travis/build/icyphy/ptII/ptolemy/domains/continuous/test/auto/ContinuousInDE4.xml (RunModel)" time="0.041" />
  <testcase classname="ptolemy.util.test.junit.AutoTests" name="[28] /home/travis/build/icyphy/ptII/ptolemy/domains/continuous/test/auto/ContinuousInDEDifferentRefinements.xml (RunModel)" time="0.11" />
  <testcase classname="ptolemy.util.test.junit.AutoTests" name="[29] /home/travis/build/icyphy/ptII/ptolemy/domains/continuous/test/auto/ContinuousInDEDifferentRefinementsPreemptive.xml (RunModel)" time="0.084" />
  <testcase classname="ptolemy.util.test.junit.AutoTests" name="[30] /home/travis/build/icyphy/ptII/ptolemy/domains/continuous/test/auto/ContinuousInDEInContinuous2.xml (RunModel)" time="0.056" />
  <testcase classname="ptolemy.util.test.junit.AutoTests" name="[31] /home/travis/build/icyphy/ptII/ptolemy/domains/continuous/test/auto/ContinuousInDEInContinuous3.xml (RunModel)" time="0.057" />
  <testcase classname="ptolemy.util.test.junit.AutoTests" name="[32] /home/travis/build/icyphy/ptII/ptolemy/domains/continuous/test/auto/ContinuousInDEInput.xml (RunModel)" time="0.034" />
  <testcase classname="ptolemy.util.test.junit.AutoTests" name="[33] /home/travis/build/icyphy/ptII/ptolemy/domains/continuous/test/auto/ContinuousInDEInput2.xml (RunModel)" time="0.034" />
  <testcase classname="ptolemy.util.test.junit.AutoTests" name="[34] /home/travis/build/icyphy/ptII/ptolemy/domains/continuous/test/auto/ContinuousInDEInput3.xml (RunModel)" time="0.027" />
  <testcase classname="ptolemy.util.test.junit.AutoTests" name="[35] /home/travis/build/icyphy/ptII/ptolemy/domains/continuous/test/auto/ContinuousInDESharingRefinement.xml (RunModel)" time="0.159" />
  <testcase classname="ptolemy.util.test.junit.AutoTests" name="[36] /home/travis/build/icyphy/ptII/ptolemy/domains/continuous/test/auto/ContinuousInDEwithNoPorts.xml (RunModel)" time="0.021" />
  <testcase classname="ptolemy.util.test.junit.AutoTests" name="[37] /home/travis/build/icyphy/ptII/ptolemy/domains/continuous/test/auto/ContinuousInsideDE.xml (RunModel)" time="0.078" />
  <testcase classname="ptolemy.util.test.junit.AutoTests" name="[38] /home/travis/build/icyphy/ptII/ptolemy/domains/continuous/test/auto/ContinuousMerge1.xml (RunModel)" time="0.015" />
  <testcase classname="ptolemy.util.test.junit.AutoTests" name="[39] /home/travis/build/icyphy/ptII/ptolemy/domains/continuous/test/auto/ContinuousMerge2.xml (RunModel)" time="0.042" />
  <testcase classname="ptolemy.util.test.junit.AutoTests" name="[40] /home/travis/build/icyphy/ptII/ptolemy/domains/continuous/test/auto/ContinuousMerge3.xml (RunModel)" time="0.061" />
  <testcase classname="ptolemy.util.test.junit.AutoTests" name="[41] /home/travis/build/icyphy/ptII/ptolemy/domains/continuous/test/auto/ContinuousWithinContinuous.xml (RunModel)" time="0.046" />
  <testcase classname="ptolemy.util.test.junit.AutoTests" name="[42] /home/travis/build/icyphy/ptII/ptolemy/domains/continuous/test/auto/ContinuousWithinContinuous2.xml (RunModel)" time="0.066" />
  <testcase classname="ptolemy.util.test.junit.AutoTests" name="[43] /home/travis/build/icyphy/ptII/ptolemy/domains/continuous/test/auto/ContinuousWithinContinuous3.xml (RunModel)" time="0.028" />
  <testcase classname="ptolemy.util.test.junit.AutoTests" name="[44] /home/travis/build/icyphy/ptII/ptolemy/domains/continuous/test/auto/ContinuousWithinContinuous4.xml (RunModel)" time="0.071" />
  <testcase classname="ptolemy.util.test.junit.AutoTests" name="[45] /home/travis/build/icyphy/ptII/ptolemy/domains/continuous/test/auto/ContinuousWithinContinuous5.xml (RunModel)" time="0.029" />
  <testcase classname="ptolemy.util.test.junit.AutoTests" name="[46] /home/travis/build/icyphy/ptII/ptolemy/domains/continuous/test/auto/ContinuousWithinContinuous6.xml (RunModel)" time="0.021" />
  <testcase classname="ptolemy.util.test.junit.AutoTests" name="[47] /home/travis/build/icyphy/ptII/ptolemy/domains/continuous/test/auto/ContinuousWithinContinuous7.xml (RunModel)" time="0.055" />
  <testcase classname="ptolemy.util.test.junit.AutoTests" name="[48] /home/travis/build/icyphy/ptII/ptolemy/domains/continuous/test/auto/DCMotor.xml (RunModel)" time="12.119" />
  <testcase classname="ptolemy.util.test.junit.AutoTests" name="[49] /home/travis/build/icyphy/ptII/ptolemy/domains/continuous/test/auto/DEInContinuous.xml (RunModel)" time="0.028" />
  <testcase classname="ptolemy.util.test.junit.AutoTests" name="[50] /home/travis/build/icyphy/ptII/ptolemy/domains/continuous/test/auto/DEinContinuous2.xml (RunModel)" time="0.028" />
  <testcase classname="ptolemy.util.test.junit.AutoTests" name="[51] /home/travis/build/icyphy/ptII/ptolemy/domains/continuous/test/auto/Derivative.xml (RunModel)" time="0.155" />
  <testcase classname="ptolemy.util.test.junit.AutoTests" name="[52] /home/travis/build/icyphy/ptII/ptolemy/domains/continuous/test/auto/Derivative1.xml (RunModel)" time="0.038" />
  <testcase classname="ptolemy.util.test.junit.AutoTests" name="[53] /home/travis/build/icyphy/ptII/ptolemy/domains/continuous/test/auto/DiscreteClock.xml (RunModel)" time="0.011" />
  <testcase classname="ptolemy.util.test.junit.AutoTests" name="[54] /home/travis/build/icyphy/ptII/ptolemy/domains/continuous/test/auto/EfficiencyCurve.xml (RunModel)" time="0.101" />
  <testcase classname="ptolemy.util.test.junit.AutoTests" name="[55] /home/travis/build/icyphy/ptII/ptolemy/domains/continuous/test/auto/ExponentialResponse.xml (RunModel)" time="0.096" />
  <testcase classname="ptolemy.util.test.junit.AutoTests" name="[56] /home/travis/build/icyphy/ptII/ptolemy/domains/continuous/test/auto/ExponentialResponseRK45.xml (RunModel)" time="0.027" />
  <testcase classname="ptolemy.util.test.junit.AutoTests" name="[57] /home/travis/build/icyphy/ptII/ptolemy/domains/continuous/test/auto/Friction.xml (RunModel)" time="1.555" />
  <testcase classname="ptolemy.util.test.junit.AutoTests" name="[58] /home/travis/build/icyphy/ptII/ptolemy/domains/continuous/test/auto/FurutaPendulum.xml (RunModel)" time="2.859" />
  <testcase classname="ptolemy.util.test.junit.AutoTests" name="[59] /home/travis/build/icyphy/ptII/ptolemy/domains/continuous/test/auto/HierarchicalExecution.xml (RunModel)" time="1.779" />
  <testcase classname="ptolemy.util.test.junit.AutoTests" name="[60] /home/travis/build/icyphy/ptII/ptolemy/domains/continuous/test/auto/HybridPlant.xml (RunModel)" time="0.577" />
  <testcase classname="ptolemy.util.test.junit.AutoTests" name="[61] /home/travis/build/icyphy/ptII/ptolemy/domains/continuous/test/auto/Hysteresis.xml (RunModel)" time="0.179" />
  <testcase classname="ptolemy.util.test.junit.AutoTests" name="[62] /home/travis/build/icyphy/ptII/ptolemy/domains/continuous/test/auto/HysteresisWithRandomDelay.xml (RunModel)" time="0.215" />
  <testcase classname="ptolemy.util.test.junit.AutoTests" name="[63] /home/travis/build/icyphy/ptII/ptolemy/domains/continuous/test/auto/HysteresisWithRandomLosses.xml (RunModel)" time="2.269" />
  <testcase classname="ptolemy.util.test.junit.AutoTests" name="[64] /home/travis/build/icyphy/ptII/ptolemy/domains/continuous/test/auto/ImmediateTransitions.xml (RunModel)" time="0.035" />
  <testcase classname="ptolemy.util.test.junit.AutoTests" name="[65] /home/travis/build/icyphy/ptII/ptolemy/domains/continuous/test/auto/ImpulseFeedback.xml (RunModel)" time="0.017" />
  <testcase classname="ptolemy.util.test.junit.AutoTests" name="[66] /home/travis/build/icyphy/ptII/ptolemy/domains/continuous/test/auto/ImpulseFeedback2.xml (RunModel)" time="0.017" />
  <testcase classname="ptolemy.util.test.junit.AutoTests" name="[67] /home/travis/build/icyphy/ptII/ptolemy/domains/continuous/test/auto/IncreasingRatePoisson.xml (RunModel)" time="0.705" />
  <testcase classname="ptolemy.util.test.junit.AutoTests" name="[68] /home/travis/build/icyphy/ptII/ptolemy/domains/continuous/test/auto/InitialStateFeedback.xml (RunModel)" time="0.014" />
  <testcase classname="ptolemy.util.test.junit.AutoTests" name="[69] /home/travis/build/icyphy/ptII/ptolemy/domains/continuous/test/auto/Integration.xml (RunModel)" time="0.01" />
  <testcase classname="ptolemy.util.test.junit.AutoTests" name="[70] /home/travis/build/icyphy/ptII/ptolemy/domains/continuous/test/auto/Integration2.xml (RunModel)" time="0.081" />
  <testcase classname="ptolemy.util.test.junit.AutoTests" name="[71] /home/travis/build/icyphy/ptII/ptolemy/domains/continuous/test/auto/Integration3.xml (RunModel)" time="0.013" />
  <testcase classname="ptolemy.util.test.junit.AutoTests" name="[72] /home/travis/build/icyphy/ptII/ptolemy/domains/continuous/test/auto/Integration5.xml (RunModel)" time="0.016" />
  <testcase classname="ptolemy.util.test.junit.AutoTests" name="[73] /home/travis/build/icyphy/ptII/ptolemy/domains/continuous/test/auto/IntegratorImpulse.xml (RunModel)" time="0.009" />
  <testcase classname="ptolemy.util.test.junit.AutoTests" name="[74] /home/travis/build/icyphy/ptII/ptolemy/domains/continuous/test/auto/IntegratorImpulse2.xml (RunModel)" time="0.011" />
  <testcase classname="ptolemy.util.test.junit.AutoTests" name="[75] /home/travis/build/icyphy/ptII/ptolemy/domains/continuous/test/auto/LevelCrossing1.xml (RunModel)" time="0.013" />
  <testcase classname="ptolemy.util.test.junit.AutoTests" name="[76] /home/travis/build/icyphy/ptII/ptolemy/domains/continuous/test/auto/LevelCrossing2.xml (RunModel)" time="0.011" />
  <testcase classname="ptolemy.util.test.junit.AutoTests" name="[77] /home/travis/build/icyphy/ptII/ptolemy/domains/continuous/test/auto/LevelCrossing3.xml (RunModel)" time="0.017" />
  <testcase classname="ptolemy.util.test.junit.AutoTests" name="[78] /home/travis/build/icyphy/ptII/ptolemy/domains/continuous/test/auto/LevelCrossing4.xml (RunModel)" time="0.014" />
  <testcase classname="ptolemy.util.test.junit.AutoTests" name="[79] /home/travis/build/icyphy/ptII/ptolemy/domains/continuous/test/auto/LevelCrossing5.xml (RunModel)" time="0.011" />
  <testcase classname="ptolemy.util.test.junit.AutoTests" name="[80] /home/travis/build/icyphy/ptII/ptolemy/domains/continuous/test/auto/LevelCrossing6.xml (RunModel)" time="0.013" />
  <testcase classname="ptolemy.util.test.junit.AutoTests" name="[81] /home/travis/build/icyphy/ptII/ptolemy/domains/continuous/test/auto/LevelCrossingDetector.xml (RunModel)" time="0.037" />
  <testcase classname="ptolemy.util.test.junit.AutoTests" name="[82] /home/travis/build/icyphy/ptII/ptolemy/domains/continuous/test/auto/LevelCrossingDetectorDetectingDirections.xml (RunModel)" time="0.086" />
  <testcase classname="ptolemy.util.test.junit.AutoTests" name="[83] /home/travis/build/icyphy/ptII/ptolemy/domains/continuous/test/auto/LevelCrossingDetectorDetectsGlitches.xml (RunModel)" time="0.058" />
  <testcase classname="ptolemy.util.test.junit.AutoTests" name="[84] /home/travis/build/icyphy/ptII/ptolemy/domains/continuous/test/auto/LevelCrossingNoInitialOuput.xml (RunModel)" time="0.012" />
  <testcase classname="ptolemy.util.test.junit.AutoTests" name="[85] /home/travis/build/icyphy/ptII/ptolemy/domains/continuous/test/auto/LinearStateSpaceExample.xml (RunModel)" time="0.062" />
  <testcase classname="ptolemy.util.test.junit.AutoTests" name="[86] /home/travis/build/icyphy/ptII/ptolemy/domains/continuous/test/auto/Lorenz.xml (RunModel)" time="3.253" />
  <testcase classname="ptolemy.util.test.junit.AutoTests" name="[87] /home/travis/build/icyphy/ptII/ptolemy/domains/continuous/test/auto/LorenzDifferentialSystem.xml (RunModel)" time="0.853" />
  <testcase classname="ptolemy.util.test.junit.AutoTests" name="[88] /home/travis/build/icyphy/ptII/ptolemy/domains/continuous/test/auto/LorenzDifferentialSystemWithInput.xml (RunModel)" time="1.177" />
  <testcase classname="ptolemy.util.test.junit.AutoTests" name="[89] /home/travis/build/icyphy/ptII/ptolemy/domains/continuous/test/auto/LorenzDifferentialSystemWithTime.xml (RunModel)" time="0.629" />
  <testcase classname="ptolemy.util.test.junit.AutoTests" name="[90] /home/travis/build/icyphy/ptII/ptolemy/domains/continuous/test/auto/Microsteps.xml (RunModel)" time="0.046" />
  <testcase classname="ptolemy.util.test.junit.AutoTests" name="[91] /home/travis/build/icyphy/ptII/ptolemy/domains/continuous/test/auto/Modal1.xml (RunModel)" time="0.039" />
  <testcase classname="ptolemy.util.test.junit.AutoTests" name="[92] /home/travis/build/icyphy/ptII/ptolemy/domains/continuous/test/auto/Modal2.xml (RunModel)" time="0.046" />
  <testcase classname="ptolemy.util.test.junit.AutoTests" name="[93] /home/travis/build/icyphy/ptII/ptolemy/domains/continuous/test/auto/ModalTransitionGuardWithReset.xml (RunModel)" time="0.029" />
  <testcase classname="ptolemy.util.test.junit.AutoTests" name="[94] /home/travis/build/icyphy/ptII/ptolemy/domains/continuous/test/auto/ModalTransitionGuardWithResetUsingPreemptiveTransition.xml (RunModel)" time="0.024" />
  <testcase classname="ptolemy.util.test.junit.AutoTests" name="[95] /home/travis/build/icyphy/ptII/ptolemy/domains/continuous/test/auto/ModalTransitionGuardWithResetUsingPreemptiveTransition2.xml (RunModel)" time="0.028" />
  <testcase classname="ptolemy.util.test.junit.AutoTests" name="[96] /home/travis/build/icyphy/ptII/ptolemy/domains/continuous/test/auto/ModalTransitionGuardWithResetUsingPreemptiveTransition3.xml (RunModel)" time="0.028" />
  <testcase classname="ptolemy.util.test.junit.AutoTests" name="[97] /home/travis/build/icyphy/ptII/ptolemy/domains/continuous/test/auto/NewtonsCradle.xml (RunModel)" time="0.711" />
  <testcase classname="ptolemy.util.test.junit.AutoTests" name="[98] /home/travis/build/icyphy/ptII/ptolemy/domains/continuous/test/auto/NewtonsCradleAnimated.xml (RunModel)" time="1.226" />
  <testcase classname="ptolemy.util.test.junit.AutoTests" name="[99] /home/travis/build/icyphy/ptII/ptolemy/domains/continuous/test/auto/NewtonsCradleComplicated.xml (RunModel)" time="0.897" />
  <testcase classname="ptolemy.util.test.junit.AutoTests" name="[100] /home/travis/build/icyphy/ptII/ptolemy/domains/continuous/test/auto/NewtonsCradleNondeterministic.xml (RunModel)" time="0.752" />
  <testcase classname="ptolemy.util.test.junit.AutoTests" name="[101] /home/travis/build/icyphy/ptII/ptolemy/domains/continuous/test/auto/NewtonsCradlePerfectlyInelastic1.xml (RunModel)" time="1.168" />
  <testcase classname="ptolemy.util.test.junit.AutoTests" name="[102] /home/travis/build/icyphy/ptII/ptolemy/domains/continuous/test/auto/Noise.xml (RunModel)" time="0.182" />
  <testcase classname="ptolemy.util.test.junit.AutoTests" name="[103] /home/travis/build/icyphy/ptII/ptolemy/domains/continuous/test/auto/NoiseSpectrum.xml (RunModel)" time="0.626" />
  <testcase classname="ptolemy.util.test.junit.AutoTests" name="[104] /home/travis/build/icyphy/ptII/ptolemy/domains/continuous/test/auto/ParameterizedNewtonsCradleAnimated.xml (RunModel)" time="0.325" />
  <testcase classname="ptolemy.util.test.junit.AutoTests" name="[105] /home/travis/build/icyphy/ptII/ptolemy/domains/continuous/test/auto/ParameterizedNewtonsCradleAnimatedNondeterministic.xml (RunModel)" time="1.076" />
  <testcase classname="ptolemy.util.test.junit.AutoTests" name="[106] /home/travis/build/icyphy/ptII/ptolemy/domains/continuous/test/auto/Pendulum3D.xml (RunModel)" time="0.153" />
  <testcase classname="ptolemy.util.test.junit.AutoTests" name="[107] /home/travis/build/icyphy/ptII/ptolemy/domains/continuous/test/auto/PeriodicSampler.xml (RunModel)" time="0.008" />
  <testcase classname="ptolemy.util.test.junit.AutoTests" name="[108] /home/travis/build/icyphy/ptII/ptolemy/domains/continuous/test/auto/PeriodicSampler1.xml (RunModel)" time="0.039" />
  <testcase classname="ptolemy.util.test.junit.AutoTests" name="[109] /home/travis/build/icyphy/ptII/ptolemy/domains/continuous/test/auto/PeriodicSampler2.xml (RunModel)" time="0.072" />
  <testcase classname="ptolemy.util.test.junit.AutoTests" name="[110] /home/travis/build/icyphy/ptII/ptolemy/domains/continuous/test/auto/Poisson.xml (RunModel)" time="0.439" />
  <testcase classname="ptolemy.util.test.junit.AutoTests" name="[111] /home/travis/build/icyphy/ptII/ptolemy/domains/continuous/test/auto/PoissonClock.xml (RunModel)" time="0.012" />
  <testcase classname="ptolemy.util.test.junit.AutoTests" name="[112] /home/travis/build/icyphy/ptII/ptolemy/domains/continuous/test/auto/PoissonClock2.xml (RunModel)" time="0.01" />
  <testcase classname="ptolemy.util.test.junit.AutoTests" name="[113] /home/travis/build/icyphy/ptII/ptolemy/domains/continuous/test/auto/PortParameterHierarchy.xml (RunModel)" time="0.024" />
  <testcase classname="ptolemy.util.test.junit.AutoTests" name="[114] /home/travis/build/icyphy/ptII/ptolemy/domains/continuous/test/auto/RandomHybridPlant.xml (RunModel)" time="0.522" />
  <testcase classname="ptolemy.util.test.junit.AutoTests" name="[115] /home/travis/build/icyphy/ptII/ptolemy/domains/continuous/test/auto/ResetTransitionWithStartTime1.xml (RunModel)" time="0.032" />
  <testcase classname="ptolemy.util.test.junit.AutoTests" name="[116] /home/travis/build/icyphy/ptII/ptolemy/domains/continuous/test/auto/ResetTransitionWithStartTime2.xml (RunModel)" time="0.036" />
  <testcase classname="ptolemy.util.test.junit.AutoTests" name="[117] /home/travis/build/icyphy/ptII/ptolemy/domains/continuous/test/auto/ResetTransitionWithStartTime3.xml (RunModel)" time="0.038" />
  <testcase classname="ptolemy.util.test.junit.AutoTests" name="[118] /home/travis/build/icyphy/ptII/ptolemy/domains/continuous/test/auto/ResetTransitionWithStartTime4.xml (RunModel)" time="0.025" />
  <testcase classname="ptolemy.util.test.junit.AutoTests" name="[119] /home/travis/build/icyphy/ptII/ptolemy/domains/continuous/test/auto/ResetTransitionWithStartTime5.xml (RunModel)" time="0.032" />
  <testcase classname="ptolemy.util.test.junit.AutoTests" name="[120] /home/travis/build/icyphy/ptII/ptolemy/domains/continuous/test/auto/ResetTransitionWithStartTime6.xml (RunModel)" time="0.047" />
  <testcase classname="ptolemy.util.test.junit.AutoTests" name="[121] /home/travis/build/icyphy/ptII/ptolemy/domains/continuous/test/auto/SRinContinuous.xml (RunModel)" time="0.018" />
  <testcase classname="ptolemy.util.test.junit.AutoTests" name="[122] /home/travis/build/icyphy/ptII/ptolemy/domains/continuous/test/auto/SampledClocks.xml (RunModel)" time="0.037" />
  <testcase classname="ptolemy.util.test.junit.AutoTests" name="[123] /home/travis/build/icyphy/ptII/ptolemy/domains/continuous/test/auto/Satellite.xml (RunModel)" time="0.61" />
  <testcase classname="ptolemy.util.test.junit.AutoTests" name="[124] /home/travis/build/icyphy/ptII/ptolemy/domains/continuous/test/auto/SigmaDelta.xml (RunModel)" time="1.897" />
  <testcase classname="ptolemy.util.test.junit.AutoTests" name="[125] /home/travis/build/icyphy/ptII/ptolemy/domains/continuous/test/auto/SingleRefinement.xml (RunModel)" time="0.401" />
  <testcase classname="ptolemy.util.test.junit.AutoTests" name="[126] /home/travis/build/icyphy/ptII/ptolemy/domains/continuous/test/auto/SinuBouncingBall.xml (RunModel)" time="0.814" />
  <testcase classname="ptolemy.util.test.junit.AutoTests" name="[127] /home/travis/build/icyphy/ptII/ptolemy/domains/continuous/test/auto/Sinusoid.xml (RunModel)" time="0.019" />
  <testcase classname="ptolemy.util.test.junit.AutoTests" name="[128] /home/travis/build/icyphy/ptII/ptolemy/domains/continuous/test/auto/SinusoidInNoise.xml (RunModel)" time="0.734" />
  <testcase classname="ptolemy.util.test.junit.AutoTests" name="[129] /home/travis/build/icyphy/ptII/ptolemy/domains/continuous/test/auto/SinusoidRK45.xml (RunModel)" time="0.006" />
  <testcase classname="ptolemy.util.test.junit.AutoTests" name="[130] /home/travis/build/icyphy/ptII/ptolemy/domains/continuous/test/auto/SinusoidWithMultipleImpulses.xml (RunModel)" time="0.009" />
  <testcase classname="ptolemy.util.test.junit.AutoTests" name="[131] /home/travis/build/icyphy/ptII/ptolemy/domains/continuous/test/auto/SquareWave.xml (RunModel)" time="0.168" />
  <testcase classname="ptolemy.util.test.junit.AutoTests" name="[132] /home/travis/build/icyphy/ptII/ptolemy/domains/continuous/test/auto/Starmac.xml (RunModel)" time="3.34" />
  <testcase classname="ptolemy.util.test.junit.AutoTests" name="[133] /home/travis/build/icyphy/ptII/ptolemy/domains/continuous/test/auto/StaticUnits.xml (RunModel)" time="2.334" />
  <testcase classname="ptolemy.util.test.junit.AutoTests" name="[134] /home/travis/build/icyphy/ptII/ptolemy/domains/continuous/test/auto/StickyMasses.xml (RunModel)" time="0.172" />
  <testcase classname="ptolemy.util.test.junit.AutoTests" name="[135] /home/travis/build/icyphy/ptII/ptolemy/domains/continuous/test/auto/StopTime.xml (RunModel)" time="0.054" />
  <testcase classname="ptolemy.util.test.junit.AutoTests" name="[136] /home/travis/build/icyphy/ptII/ptolemy/domains/continuous/test/auto/StopTime2.xml (RunModel)" time="0.048" />
  <testcase classname="ptolemy.util.test.junit.AutoTests" name="[137] /home/travis/build/icyphy/ptII/ptolemy/domains/continuous/test/auto/Switch.xml (RunModel)" time="0.083" />
  <testcase classname="ptolemy.util.test.junit.AutoTests" name="[138] /home/travis/build/icyphy/ptII/ptolemy/domains/continuous/test/auto/Thermostat.xml (RunModel)" time="0.195" />
  <testcase classname="ptolemy.util.test.junit.AutoTests" name="[139] /home/travis/build/icyphy/ptII/ptolemy/domains/continuous/test/auto/TimeDelay.xml (RunModel)" time="0.014" />
  <testcase classname="ptolemy.util.test.junit.AutoTests" name="[140] /home/travis/build/icyphy/ptII/ptolemy/domains/continuous/test/auto/TimeDelay2.xml (RunModel)" time="0.022" />
  <testcase classname="ptolemy.util.test.junit.AutoTests" name="[141] /home/travis/build/icyphy/ptII/ptolemy/domains/continuous/test/auto/TimeDelay3.xml (RunModel)" time="0.01" />
  <testcase classname="ptolemy.util.test.junit.AutoTests" name="[142] /home/travis/build/icyphy/ptII/ptolemy/domains/continuous/test/auto/TransferAbsentToInside.xml (RunModel)" time="0.094" />
  <testcase classname="ptolemy.util.test.junit.AutoTests" name="[143] /home/travis/build/icyphy/ptII/ptolemy/domains/continuous/test/auto/Transmission.xml (RunModel)" time="0.76" />
  <testcase classname="ptolemy.util.test.junit.AutoTests" name="[144] /home/travis/build/icyphy/ptII/ptolemy/domains/continuous/test/auto/TriggeredContinuousClock.xml (RunModel)" time="0.058" />
  <testcase classname="ptolemy.util.test.junit.AutoTests" name="[145] /home/travis/build/icyphy/ptII/ptolemy/domains/continuous/test/auto/TwoMachineInfiniteBusControl.xml (RunModel)" time="2.391" />
  <testcase classname="ptolemy.util.test.junit.AutoTests" name="[146] /home/travis/build/icyphy/ptII/ptolemy/domains/continuous/test/auto/V2V.xml (RunModel)" time="0.641" />
  <testcase classname="ptolemy.util.test.junit.AutoTests" name="[147] /home/travis/build/icyphy/ptII/ptolemy/domains/continuous/test/auto/hierarchicalModalModel.xml (RunModel)" time="0.029" />
  <testcase classname="ptolemy.util.test.junit.AutoTests" name="[148] /home/travis/build/icyphy/ptII/ptolemy/domains/continuous/test/auto/hierarchicalModalModel1.xml (RunModel)" time="0.026" />
  <testcase classname="ptolemy.util.test.junit.AutoTests" name="[149] /home/travis/build/icyphy/ptII/ptolemy/domains/continuous/test/auto/hierarchicalModalModel2.xml (RunModel)" time="0.023" />
  <testcase classname="ptolemy.util.test.junit.AutoTests" name="[150] /home/travis/build/icyphy/ptII/ptolemy/domains/continuous/test/auto/hierarchicalModalModel3.xml (RunModel)" time="0.018" />
  <testcase classname="ptolemy.util.test.junit.AutoTests" name="[151] /home/travis/build/icyphy/ptII/ptolemy/domains/continuous/test/auto/hierarchicalModalModel4.xml (RunModel)" time="0.021" />
  <testcase classname="ptolemy.util.test.junit.AutoTests" name="[152] /home/travis/build/icyphy/ptII/ptolemy/domains/continuous/test/auto/junk.xml (RunModel)" time="0.124" />
  <system-out><![CDATA[No tcl tests in /home/travis/build/icyphy/ptII/ptolemy/domains/continuous/test
No auto/knownFailedTests/*.xml tests in /home/travis/build/icyphy/ptII/ptolemy/domains/continuous/test
No auto/linux-amd64/*.xml tests in /home/travis/build/icyphy/ptII/ptolemy/domains/continuous/test
AutoTests.java: About to close Vertx.
AutoTests.java: Vertx closed.

===========================================================================================
----------------- testing Wed Mar 18 07:12:11 UTC 2020 /home/travis/build/icyphy/ptII/ptolemy/domains/continuous/test/auto/BouncingBall.xml
----------------- Instantiating /home/travis/build/icyphy/ptII/ptolemy/domains/continuous/test/auto/BouncingBall.xml
2114 ms. Memory: 129024K Free: 40671K (32%)
----------------- Invoking toplevel() on ptolemy.moml.MoMLSimpleApplication@5a20bfcf
----------------- Done invoking toplevel() on ptolemy.moml.MoMLSimpleApplication@5a20bfcf
reloadAllAccessors: .BouncingBall

===========================================================================================
----------------- testing Wed Mar 18 07:12:13 UTC 2020 /home/travis/build/icyphy/ptII/ptolemy/domains/continuous/test/auto/BouncingBallWithoutGR.xml
----------------- Instantiating /home/travis/build/icyphy/ptII/ptolemy/domains/continuous/test/auto/BouncingBallWithoutGR.xml
676 ms. Memory: 155648K Free: 112823K (72%)
----------------- Invoking toplevel() on ptolemy.moml.MoMLSimpleApplication@3feb4195
----------------- Done invoking toplevel() on ptolemy.moml.MoMLSimpleApplication@3feb4195
reloadAllAccessors: .BouncingBallWithoutGR

===========================================================================================
----------------- testing Wed Mar 18 07:12:14 UTC 2020 /home/travis/build/icyphy/ptII/ptolemy/domains/continuous/test/auto/Brownian.xml
----------------- Instantiating /home/travis/build/icyphy/ptII/ptolemy/domains/continuous/test/auto/Brownian.xml
26 ms. Memory: 155648K Free: 104121K (67%)
----------------- Invoking toplevel() on ptolemy.moml.MoMLSimpleApplication@60f9fc08
----------------- Done invoking toplevel() on ptolemy.moml.MoMLSimpleApplication@60f9fc08
reloadAllAccessors: .Brownian

===========================================================================================
----------------- testing Wed Mar 18 07:12:14 UTC 2020 /home/travis/build/icyphy/ptII/ptolemy/domains/continuous/test/auto/CarTracking.xml
----------------- Instantiating /home/travis/build/icyphy/ptII/ptolemy/domains/continuous/test/auto/CarTracking.xml
3173 ms. Memory: 187392K Free: 94464K (50%)
----------------- Invoking toplevel() on ptolemy.moml.MoMLSimpleApplication@730df799
----------------- Done invoking toplevel() on ptolemy.moml.MoMLSimpleApplication@730df799
reloadAllAccessors: .CarTracking

===========================================================================================
----------------- testing Wed Mar 18 07:12:18 UTC 2020 /home/travis/build/icyphy/ptII/ptolemy/domains/continuous/test/auto/CartPendulum.xml
----------------- Instantiating /home/travis/build/icyphy/ptII/ptolemy/domains/continuous/test/auto/CartPendulum.xml
380 ms. Memory: 225280K Free: 150728K (67%)
----------------- Invoking toplevel() on ptolemy.moml.MoMLSimpleApplication@f771760
----------------- Done invoking toplevel() on ptolemy.moml.MoMLSimpleApplication@f771760
reloadAllAccessors: .CartPendulum

===========================================================================================
----------------- testing Wed Mar 18 07:12:18 UTC 2020 /home/travis/build/icyphy/ptII/ptolemy/domains/continuous/test/auto/CausalityInterface10.xml
----------------- Instantiating /home/travis/build/icyphy/ptII/ptolemy/domains/continuous/test/auto/CausalityInterface10.xml
13 ms. Memory: 225280K Free: 140297K (62%)
----------------- Invoking toplevel() on ptolemy.moml.MoMLSimpleApplication@4e5a2e77
----------------- Done invoking toplevel() on ptolemy.moml.MoMLSimpleApplication@4e5a2e77
reloadAllAccessors: .CausalityInterface10

===========================================================================================
----------------- testing Wed Mar 18 07:12:18 UTC 2020 /home/travis/build/icyphy/ptII/ptolemy/domains/continuous/test/auto/CausalityInterface11.xml
----------------- Instantiating /home/travis/build/icyphy/ptII/ptolemy/domains/continuous/test/auto/CausalityInterface11.xml
4 ms. Memory: 225280K Free: 134153K (60%)
----------------- Invoking toplevel() on ptolemy.moml.MoMLSimpleApplication@2030a3e1
----------------- Done invoking toplevel() on ptolemy.moml.MoMLSimpleApplication@2030a3e1
reloadAllAccessors: .CausalityInterface11

===========================================================================================
----------------- testing Wed Mar 18 07:12:18 UTC 2020 /home/travis/build/icyphy/ptII/ptolemy/domains/continuous/test/auto/CausalityInterface12.xml
----------------- Instantiating /home/travis/build/icyphy/ptII/ptolemy/domains/continuous/test/auto/CausalityInterface12.xml
11 ms. Memory: 225280K Free: 128009K (57%)
----------------- Invoking toplevel() on ptolemy.moml.MoMLSimpleApplication@90bc670
----------------- Done invoking toplevel() on ptolemy.moml.MoMLSimpleApplication@90bc670
reloadAllAccessors: .CausalityInterface12

===========================================================================================
----------------- testing Wed Mar 18 07:12:18 UTC 2020 /home/travis/build/icyphy/ptII/ptolemy/domains/continuous/test/auto/CausalityInterface13.xml
----------------- Instantiating /home/travis/build/icyphy/ptII/ptolemy/domains/continuous/test/auto/CausalityInterface13.xml
6 ms. Memory: 225280K Free: 121865K (54%)
----------------- Invoking toplevel() on ptolemy.moml.MoMLSimpleApplication@e7bc83b
----------------- Done invoking toplevel() on ptolemy.moml.MoMLSimpleApplication@e7bc83b
reloadAllAccessors: .CausalityInterface13

===========================================================================================
----------------- testing Wed Mar 18 07:12:18 UTC 2020 /home/travis/build/icyphy/ptII/ptolemy/domains/continuous/test/auto/CausalityInterface14.xml
----------------- Instantiating /home/travis/build/icyphy/ptII/ptolemy/domains/continuous/test/auto/CausalityInterface14.xml
5 ms. Memory: 225280K Free: 116216K (52%)
----------------- Invoking toplevel() on ptolemy.moml.MoMLSimpleApplication@642fc6c8
----------------- Done invoking toplevel() on ptolemy.moml.MoMLSimpleApplication@642fc6c8
reloadAllAccessors: .CausalityInterface14

===========================================================================================
----------------- testing Wed Mar 18 07:12:18 UTC 2020 /home/travis/build/icyphy/ptII/ptolemy/domains/continuous/test/auto/CausalityInterface4.xml
----------------- Instantiating /home/travis/build/icyphy/ptII/ptolemy/domains/continuous/test/auto/CausalityInterface4.xml
6 ms. Memory: 225280K Free: 109048K (48%)
----------------- Invoking toplevel() on ptolemy.moml.MoMLSimpleApplication@10ae40c5
----------------- Done invoking toplevel() on ptolemy.moml.MoMLSimpleApplication@10ae40c5
reloadAllAccessors: .CausalityInterface4

===========================================================================================
----------------- testing Wed Mar 18 07:12:18 UTC 2020 /home/travis/build/icyphy/ptII/ptolemy/domains/continuous/test/auto/CausalityInterface5.xml
----------------- Instantiating /home/travis/build/icyphy/ptII/ptolemy/domains/continuous/test/auto/CausalityInterface5.xml
8 ms. Memory: 225280K Free: 100871K (45%)
----------------- Invoking toplevel() on ptolemy.moml.MoMLSimpleApplication@40298da2
----------------- Done invoking toplevel() on ptolemy.moml.MoMLSimpleApplication@40298da2
reloadAllAccessors: .CausalityInterface5

===========================================================================================
----------------- testing Wed Mar 18 07:12:18 UTC 2020 /home/travis/build/icyphy/ptII/ptolemy/domains/continuous/test/auto/CausalityInterface6.xml
----------------- Instantiating /home/travis/build/icyphy/ptII/ptolemy/domains/continuous/test/auto/CausalityInterface6.xml
5 ms. Memory: 225280K Free: 95736K (42%)
----------------- Invoking toplevel() on ptolemy.moml.MoMLSimpleApplication@2c9ff2b0
----------------- Done invoking toplevel() on ptolemy.moml.MoMLSimpleApplication@2c9ff2b0
reloadAllAccessors: .CausalityInterface6

===========================================================================================
----------------- testing Wed Mar 18 07:12:18 UTC 2020 /home/travis/build/icyphy/ptII/ptolemy/domains/continuous/test/auto/CausalityInterface7.xml
----------------- Instantiating /home/travis/build/icyphy/ptII/ptolemy/domains/continuous/test/auto/CausalityInterface7.xml
8 ms. Memory: 225280K Free: 87049K (39%)
----------------- Invoking toplevel() on ptolemy.moml.MoMLSimpleApplication@58d6744e
----------------- Done invoking toplevel() on ptolemy.moml.MoMLSimpleApplication@58d6744e
reloadAllAccessors: .CausalityInterface7

===========================================================================================
----------------- testing Wed Mar 18 07:12:18 UTC 2020 /home/travis/build/icyphy/ptII/ptolemy/domains/continuous/test/auto/CausalityInterface8.xml
----------------- Instantiating /home/travis/build/icyphy/ptII/ptolemy/domains/continuous/test/auto/CausalityInterface8.xml
6 ms. Memory: 225280K Free: 77833K (35%)
----------------- Invoking toplevel() on ptolemy.moml.MoMLSimpleApplication@1cbbc503
----------------- Done invoking toplevel() on ptolemy.moml.MoMLSimpleApplication@1cbbc503
reloadAllAccessors: .CausalityInterface8

===========================================================================================
----------------- testing Wed Mar 18 07:12:18 UTC 2020 /home/travis/build/icyphy/ptII/ptolemy/domains/continuous/test/auto/CausalityInterface9.xml
----------------- Instantiating /home/travis/build/icyphy/ptII/ptolemy/domains/continuous/test/auto/CausalityInterface9.xml
11 ms. Memory: 225280K Free: 200754K (89%)
----------------- Invoking toplevel() on ptolemy.moml.MoMLSimpleApplication@4029e806
----------------- Done invoking toplevel() on ptolemy.moml.MoMLSimpleApplication@4029e806
reloadAllAccessors: .CausalityInterface9

===========================================================================================
----------------- testing Wed Mar 18 07:12:19 UTC 2020 /home/travis/build/icyphy/ptII/ptolemy/domains/continuous/test/auto/CausalityInterfaceFeedback1.xml
----------------- Instantiating /home/travis/build/icyphy/ptII/ptolemy/domains/continuous/test/auto/CausalityInterfaceFeedback1.xml
5 ms. Memory: 225280K Free: 193602K (86%)
----------------- Invoking toplevel() on ptolemy.moml.MoMLSimpleApplication@7ea5ff45
----------------- Done invoking toplevel() on ptolemy.moml.MoMLSimpleApplication@7ea5ff45
reloadAllAccessors: .CausalityInterfaceFeedback1

===========================================================================================
----------------- testing Wed Mar 18 07:12:19 UTC 2020 /home/travis/build/icyphy/ptII/ptolemy/domains/continuous/test/auto/CausalityInterfaceFeedback2.xml
----------------- Instantiating /home/travis/build/icyphy/ptII/ptolemy/domains/continuous/test/auto/CausalityInterfaceFeedback2.xml
3 ms. Memory: 225280K Free: 186962K (83%)
----------------- Invoking toplevel() on ptolemy.moml.MoMLSimpleApplication@4c0ae152
----------------- Done invoking toplevel() on ptolemy.moml.MoMLSimpleApplication@4c0ae152
reloadAllAccessors: .CausalityInterfaceFeedback2

===========================================================================================
----------------- testing Wed Mar 18 07:12:19 UTC 2020 /home/travis/build/icyphy/ptII/ptolemy/domains/continuous/test/auto/CompareWithCurrentTime.xml
----------------- Instantiating /home/travis/build/icyphy/ptII/ptolemy/domains/continuous/test/auto/CompareWithCurrentTime.xml
3 ms. Memory: 225280K Free: 182866K (81%)
----------------- Invoking toplevel() on ptolemy.moml.MoMLSimpleApplication@3c057f7b
----------------- Done invoking toplevel() on ptolemy.moml.MoMLSimpleApplication@3c057f7b
reloadAllAccessors: .CompareWithCurrentTime

===========================================================================================
----------------- testing Wed Mar 18 07:12:19 UTC 2020 /home/travis/build/icyphy/ptII/ptolemy/domains/continuous/test/auto/ComparedClocks.xml
----------------- Instantiating /home/travis/build/icyphy/ptII/ptolemy/domains/continuous/test/auto/ComparedClocks.xml
6 ms. Memory: 225280K Free: 167506K (74%)
----------------- Invoking toplevel() on ptolemy.moml.MoMLSimpleApplication@76b99a27
----------------- Done invoking toplevel() on ptolemy.moml.MoMLSimpleApplication@76b99a27
reloadAllAccessors: .ComparedClocks

===========================================================================================
----------------- testing Wed Mar 18 07:12:19 UTC 2020 /home/travis/build/icyphy/ptII/ptolemy/domains/continuous/test/auto/ContinuousAOCClone.xml
----------------- Instantiating /home/travis/build/icyphy/ptII/ptolemy/domains/continuous/test/auto/ContinuousAOCClone.xml
2474 ms. Memory: 225280K Free: 162419K (72%)
----------------- Invoking toplevel() on ptolemy.moml.MoMLSimpleApplication@31129e76
----------------- Done invoking toplevel() on ptolemy.moml.MoMLSimpleApplication@31129e76
reloadAllAccessors: .ContinuousAOCClone

===========================================================================================
----------------- testing Wed Mar 18 07:12:21 UTC 2020 /home/travis/build/icyphy/ptII/ptolemy/domains/continuous/test/auto/ContinuousClock.xml
----------------- Instantiating /home/travis/build/icyphy/ptII/ptolemy/domains/continuous/test/auto/ContinuousClock.xml
41 ms. Memory: 225280K Free: 140387K (62%)
----------------- Invoking toplevel() on ptolemy.moml.MoMLSimpleApplication@de993e6
----------------- Done invoking toplevel() on ptolemy.moml.MoMLSimpleApplication@de993e6
reloadAllAccessors: .ContinuousClock

===========================================================================================
----------------- testing Wed Mar 18 07:12:22 UTC 2020 /home/travis/build/icyphy/ptII/ptolemy/domains/continuous/test/auto/ContinuousInContinuous.xml
----------------- Instantiating /home/travis/build/icyphy/ptII/ptolemy/domains/continuous/test/auto/ContinuousInContinuous.xml
40 ms. Memory: 225280K Free: 116819K (52%)
----------------- Invoking toplevel() on ptolemy.moml.MoMLSimpleApplication@2e9d1522
----------------- Done invoking toplevel() on ptolemy.moml.MoMLSimpleApplication@2e9d1522
reloadAllAccessors: .ContinuousInContinuous

===========================================================================================
----------------- testing Wed Mar 18 07:12:22 UTC 2020 /home/travis/build/icyphy/ptII/ptolemy/domains/continuous/test/auto/ContinuousInContinuousInContinuous.xml
----------------- Instantiating /home/travis/build/icyphy/ptII/ptolemy/domains/continuous/test/auto/ContinuousInContinuousInContinuous.xml
7 ms. Memory: 225280K Free: 108657K (48%)
----------------- Invoking toplevel() on ptolemy.moml.MoMLSimpleApplication@24ca7248
----------------- Done invoking toplevel() on ptolemy.moml.MoMLSimpleApplication@24ca7248
reloadAllAccessors: .ContinuousInContinuousInContinuous

===========================================================================================
----------------- testing Wed Mar 18 07:12:22 UTC 2020 /home/travis/build/icyphy/ptII/ptolemy/domains/continuous/test/auto/ContinuousInDE.xml
----------------- Instantiating /home/travis/build/icyphy/ptII/ptolemy/domains/continuous/test/auto/ContinuousInDE.xml
83 ms. Memory: 225280K Free: 97907K (43%)
----------------- Invoking toplevel() on ptolemy.moml.MoMLSimpleApplication@500d10fa
----------------- Done invoking toplevel() on ptolemy.moml.MoMLSimpleApplication@500d10fa
reloadAllAccessors: .ContinuousInDE

===========================================================================================
----------------- testing Wed Mar 18 07:12:22 UTC 2020 /home/travis/build/icyphy/ptII/ptolemy/domains/continuous/test/auto/ContinuousInDE2.xml
----------------- Instantiating /home/travis/build/icyphy/ptII/ptolemy/domains/continuous/test/auto/ContinuousInDE2.xml
39 ms. Memory: 225280K Free: 88177K (39%)
----------------- Invoking toplevel() on ptolemy.moml.MoMLSimpleApplication@2153f41e
----------------- Done invoking toplevel() on ptolemy.moml.MoMLSimpleApplication@2153f41e
reloadAllAccessors: .ContinuousInDE2

===========================================================================================
----------------- testing Wed Mar 18 07:12:22 UTC 2020 /home/travis/build/icyphy/ptII/ptolemy/domains/continuous/test/auto/ContinuousInDE3.xml
----------------- Instantiating /home/travis/build/icyphy/ptII/ptolemy/domains/continuous/test/auto/ContinuousInDE3.xml
28 ms. Memory: 225280K Free: 78451K (35%)
----------------- Invoking toplevel() on ptolemy.moml.MoMLSimpleApplication@7069d359
----------------- Done invoking toplevel() on ptolemy.moml.MoMLSimpleApplication@7069d359
reloadAllAccessors: .ContinuousInDE3

===========================================================================================
----------------- testing Wed Mar 18 07:12:22 UTC 2020 /home/travis/build/icyphy/ptII/ptolemy/domains/continuous/test/auto/ContinuousInDE4.xml
----------------- Instantiating /home/travis/build/icyphy/ptII/ptolemy/domains/continuous/test/auto/ContinuousInDE4.xml
16 ms. Memory: 276480K Free: 256605K (93%)
----------------- Invoking toplevel() on ptolemy.moml.MoMLSimpleApplication@31a59c9f
----------------- Done invoking toplevel() on ptolemy.moml.MoMLSimpleApplication@31a59c9f
reloadAllAccessors: .ContinuousInDE4

===========================================================================================
----------------- testing Wed Mar 18 07:12:22 UTC 2020 /home/travis/build/icyphy/ptII/ptolemy/domains/continuous/test/auto/ContinuousInDEDifferentRefinements.xml
----------------- Instantiating /home/travis/build/icyphy/ptII/ptolemy/domains/continuous/test/auto/ContinuousInDEDifferentRefinements.xml
62 ms. Memory: 276480K Free: 225343K (82%)
----------------- Invoking toplevel() on ptolemy.moml.MoMLSimpleApplication@62d0fc2b
----------------- Done invoking toplevel() on ptolemy.moml.MoMLSimpleApplication@62d0fc2b
reloadAllAccessors: .ContinuousInDEDifferentRefinements

===========================================================================================
----------------- testing Wed Mar 18 07:12:22 UTC 2020 /home/travis/build/icyphy/ptII/ptolemy/domains/continuous/test/auto/ContinuousInDEDifferentRefinementsPreemptive.xml
----------------- Instantiating /home/travis/build/icyphy/ptII/ptolemy/domains/continuous/test/auto/ContinuousInDEDifferentRefinementsPreemptive.xml
41 ms. Memory: 276480K Free: 194623K (70%)
----------------- Invoking toplevel() on ptolemy.moml.MoMLSimpleApplication@5d28b1b7
----------------- Done invoking toplevel() on ptolemy.moml.MoMLSimpleApplication@5d28b1b7
reloadAllAccessors: .ContinuousInDEDifferentRefinementsPreemptive

===========================================================================================
----------------- testing Wed Mar 18 07:12:22 UTC 2020 /home/travis/build/icyphy/ptII/ptolemy/domains/continuous/test/auto/ContinuousInDEInContinuous2.xml
----------------- Instantiating /home/travis/build/icyphy/ptII/ptolemy/domains/continuous/test/auto/ContinuousInDEInContinuous2.xml
37 ms. Memory: 276480K Free: 183389K (66%)
----------------- Invoking toplevel() on ptolemy.moml.MoMLSimpleApplication@106c81d9
----------------- Done invoking toplevel() on ptolemy.moml.MoMLSimpleApplication@106c81d9
reloadAllAccessors: .ContinuousInDEInContinuous2

===========================================================================================
----------------- testing Wed Mar 18 07:12:22 UTC 2020 /home/travis/build/icyphy/ptII/ptolemy/domains/continuous/test/auto/ContinuousInDEInContinuous3.xml
----------------- Instantiating /home/travis/build/icyphy/ptII/ptolemy/domains/continuous/test/auto/ContinuousInDEInContinuous3.xml
36 ms. Memory: 276480K Free: 171101K (62%)
----------------- Invoking toplevel() on ptolemy.moml.MoMLSimpleApplication@51c74e93
----------------- Done invoking toplevel() on ptolemy.moml.MoMLSimpleApplication@51c74e93
reloadAllAccessors: .ContinuousInDEInContinuous3

===========================================================================================
----------------- testing Wed Mar 18 07:12:22 UTC 2020 /home/travis/build/icyphy/ptII/ptolemy/domains/continuous/test/auto/ContinuousInDEInput.xml
----------------- Instantiating /home/travis/build/icyphy/ptII/ptolemy/domains/continuous/test/auto/ContinuousInDEInput.xml
14 ms. Memory: 276480K Free: 163933K (59%)
----------------- Invoking toplevel() on ptolemy.moml.MoMLSimpleApplication@5765beeb
----------------- Done invoking toplevel() on ptolemy.moml.MoMLSimpleApplication@5765beeb
reloadAllAccessors: .ContinuousInDEInput

===========================================================================================
----------------- testing Wed Mar 18 07:12:22 UTC 2020 /home/travis/build/icyphy/ptII/ptolemy/domains/continuous/test/auto/ContinuousInDEInput2.xml
----------------- Instantiating /home/travis/build/icyphy/ptII/ptolemy/domains/continuous/test/auto/ContinuousInDEInput2.xml
13 ms. Memory: 276480K Free: 156765K (57%)
----------------- Invoking toplevel() on ptolemy.moml.MoMLSimpleApplication@1ace4ea6
----------------- Done invoking toplevel() on ptolemy.moml.MoMLSimpleApplication@1ace4ea6
reloadAllAccessors: .ContinuousInDEInput2

===========================================================================================
----------------- testing Wed Mar 18 07:12:22 UTC 2020 /home/travis/build/icyphy/ptII/ptolemy/domains/continuous/test/auto/ContinuousInDEInput3.xml
----------------- Instantiating /home/travis/build/icyphy/ptII/ptolemy/domains/continuous/test/auto/ContinuousInDEInput3.xml
13 ms. Memory: 276480K Free: 149597K (54%)
----------------- Invoking toplevel() on ptolemy.moml.MoMLSimpleApplication@3e8e0207
----------------- Done invoking toplevel() on ptolemy.moml.MoMLSimpleApplication@3e8e0207
reloadAllAccessors: .ContinuousInDEInput3

===========================================================================================
----------------- testing Wed Mar 18 07:12:22 UTC 2020 /home/travis/build/icyphy/ptII/ptolemy/domains/continuous/test/auto/ContinuousInDESharingRefinement.xml
----------------- Instantiating /home/travis/build/icyphy/ptII/ptolemy/domains/continuous/test/auto/ContinuousInDESharingRefinement.xml
135 ms. Memory: 276480K Free: 220054K (80%)
----------------- Invoking toplevel() on ptolemy.moml.MoMLSimpleApplication@7de9794
----------------- Done invoking toplevel() on ptolemy.moml.MoMLSimpleApplication@7de9794
reloadAllAccessors: .ContinuousInDESharingRefinement

===========================================================================================
----------------- testing Wed Mar 18 07:12:22 UTC 2020 /home/travis/build/icyphy/ptII/ptolemy/domains/continuous/test/auto/ContinuousInDEwithNoPorts.xml
----------------- Instantiating /home/travis/build/icyphy/ptII/ptolemy/domains/continuous/test/auto/ContinuousInDEwithNoPorts.xml
5 ms. Memory: 276480K Free: 215462K (78%)
----------------- Invoking toplevel() on ptolemy.moml.MoMLSimpleApplication@41dfbfc3
----------------- Done invoking toplevel() on ptolemy.moml.MoMLSimpleApplication@41dfbfc3
reloadAllAccessors: .ContinuousInDEwithNoPorts

===========================================================================================
----------------- testing Wed Mar 18 07:12:22 UTC 2020 /home/travis/build/icyphy/ptII/ptolemy/domains/continuous/test/auto/ContinuousInsideDE.xml
----------------- Instantiating /home/travis/build/icyphy/ptII/ptolemy/domains/continuous/test/auto/ContinuousInsideDE.xml
29 ms. Memory: 276480K Free: 204198K (74%)
----------------- Invoking toplevel() on ptolemy.moml.MoMLSimpleApplication@72cbf5f6
----------------- Done invoking toplevel() on ptolemy.moml.MoMLSimpleApplication@72cbf5f6
reloadAllAccessors: .ContinuousInsideDE

===========================================================================================
----------------- testing Wed Mar 18 07:12:23 UTC 2020 /home/travis/build/icyphy/ptII/ptolemy/domains/continuous/test/auto/ContinuousMerge1.xml
----------------- Instantiating /home/travis/build/icyphy/ptII/ptolemy/domains/continuous/test/auto/ContinuousMerge1.xml
3 ms. Memory: 276480K Free: 199574K (72%)
----------------- Invoking toplevel() on ptolemy.moml.MoMLSimpleApplication@2e7ab6b2
----------------- Done invoking toplevel() on ptolemy.moml.MoMLSimpleApplication@2e7ab6b2
reloadAllAccessors: .ContinuousMerge1

===========================================================================================
----------------- testing Wed Mar 18 07:12:23 UTC 2020 /home/travis/build/icyphy/ptII/ptolemy/domains/continuous/test/auto/ContinuousMerge2.xml
----------------- Instantiating /home/travis/build/icyphy/ptII/ptolemy/domains/continuous/test/auto/ContinuousMerge2.xml
13 ms. Memory: 276480K Free: 189348K (68%)
----------------- Invoking toplevel() on ptolemy.moml.MoMLSimpleApplication@4e29ef06
----------------- Done invoking toplevel() on ptolemy.moml.MoMLSimpleApplication@4e29ef06
reloadAllAccessors: .ContinuousMerge2

===========================================================================================
----------------- testing Wed Mar 18 07:12:23 UTC 2020 /home/travis/build/icyphy/ptII/ptolemy/domains/continuous/test/auto/ContinuousMerge3.xml
----------------- Instantiating /home/travis/build/icyphy/ptII/ptolemy/domains/continuous/test/auto/ContinuousMerge3.xml
36 ms. Memory: 276480K Free: 178598K (65%)
----------------- Invoking toplevel() on ptolemy.moml.MoMLSimpleApplication@31062311
----------------- Done invoking toplevel() on ptolemy.moml.MoMLSimpleApplication@31062311
reloadAllAccessors: .ContinuousMerge3

===========================================================================================
----------------- testing Wed Mar 18 07:12:23 UTC 2020 /home/travis/build/icyphy/ptII/ptolemy/domains/continuous/test/auto/ContinuousWithinContinuous.xml
----------------- Instantiating /home/travis/build/icyphy/ptII/ptolemy/domains/continuous/test/auto/ContinuousWithinContinuous.xml
31 ms. Memory: 276480K Free: 168868K (61%)
----------------- Invoking toplevel() on ptolemy.moml.MoMLSimpleApplication@6539ef40
----------------- Done invoking toplevel() on ptolemy.moml.MoMLSimpleApplication@6539ef40
reloadAllAccessors: .ContinuousWithinContinuous

===========================================================================================
----------------- testing Wed Mar 18 07:12:23 UTC 2020 /home/travis/build/icyphy/ptII/ptolemy/domains/continuous/test/auto/ContinuousWithinContinuous2.xml
----------------- Instantiating /home/travis/build/icyphy/ptII/ptolemy/domains/continuous/test/auto/ContinuousWithinContinuous2.xml
55 ms. Memory: 276480K Free: 157604K (57%)
----------------- Invoking toplevel() on ptolemy.moml.MoMLSimpleApplication@2c76a5e8
----------------- Done invoking toplevel() on ptolemy.moml.MoMLSimpleApplication@2c76a5e8
reloadAllAccessors: .ContinuousWithinContinuous2

===========================================================================================
----------------- testing Wed Mar 18 07:12:23 UTC 2020 /home/travis/build/icyphy/ptII/ptolemy/domains/continuous/test/auto/ContinuousWithinContinuous3.xml
----------------- Instantiating /home/travis/build/icyphy/ptII/ptolemy/domains/continuous/test/auto/ContinuousWithinContinuous3.xml
10 ms. Memory: 276480K Free: 150950K (55%)
----------------- Invoking toplevel() on ptolemy.moml.MoMLSimpleApplication@78ae143b
----------------- Done invoking toplevel() on ptolemy.moml.MoMLSimpleApplication@78ae143b
reloadAllAccessors: .ContinuousWithinContinuous3

===========================================================================================
----------------- testing Wed Mar 18 07:12:23 UTC 2020 /home/travis/build/icyphy/ptII/ptolemy/domains/continuous/test/auto/ContinuousWithinContinuous4.xml
----------------- Instantiating /home/travis/build/icyphy/ptII/ptolemy/domains/continuous/test/auto/ContinuousWithinContinuous4.xml
59 ms. Memory: 276480K Free: 138148K (50%)
----------------- Invoking toplevel() on ptolemy.moml.MoMLSimpleApplication@2153e881
----------------- Done invoking toplevel() on ptolemy.moml.MoMLSimpleApplication@2153e881
reloadAllAccessors: .ContinuousWithinContinuous4

===========================================================================================
----------------- testing Wed Mar 18 07:12:23 UTC 2020 /home/travis/build/icyphy/ptII/ptolemy/domains/continuous/test/auto/ContinuousWithinContinuous5.xml
----------------- Instantiating /home/travis/build/icyphy/ptII/ptolemy/domains/continuous/test/auto/ContinuousWithinContinuous5.xml
10 ms. Memory: 276480K Free: 130980K (47%)
----------------- Invoking toplevel() on ptolemy.moml.MoMLSimpleApplication@6eea1877
----------------- Done invoking toplevel() on ptolemy.moml.MoMLSimpleApplication@6eea1877
reloadAllAccessors: .ContinuousWithinContinuous5

===========================================================================================
----------------- testing Wed Mar 18 07:12:23 UTC 2020 /home/travis/build/icyphy/ptII/ptolemy/domains/continuous/test/auto/ContinuousWithinContinuous6.xml
----------------- Instantiating /home/travis/build/icyphy/ptII/ptolemy/domains/continuous/test/auto/ContinuousWithinContinuous6.xml
9 ms. Memory: 276480K Free: 123812K (45%)
----------------- Invoking toplevel() on ptolemy.moml.MoMLSimpleApplication@726f7bb4
----------------- Done invoking toplevel() on ptolemy.moml.MoMLSimpleApplication@726f7bb4
reloadAllAccessors: .ContinuousWithinContinuous6

===========================================================================================
----------------- testing Wed Mar 18 07:12:23 UTC 2020 /home/travis/build/icyphy/ptII/ptolemy/domains/continuous/test/auto/ContinuousWithinContinuous7.xml
----------------- Instantiating /home/travis/build/icyphy/ptII/ptolemy/domains/continuous/test/auto/ContinuousWithinContinuous7.xml
46 ms. Memory: 276480K Free: 112548K (41%)
----------------- Invoking toplevel() on ptolemy.moml.MoMLSimpleApplication@5a4b34c9
----------------- Done invoking toplevel() on ptolemy.moml.MoMLSimpleApplication@5a4b34c9
reloadAllAccessors: .ContinuousWithinContinuous7

===========================================================================================
----------------- testing Wed Mar 18 07:12:23 UTC 2020 /home/travis/build/icyphy/ptII/ptolemy/domains/continuous/test/auto/DCMotor.xml
----------------- Instantiating /home/travis/build/icyphy/ptII/ptolemy/domains/continuous/test/auto/DCMotor.xml
12050 ms. Memory: 276480K Free: 164678K (60%)
----------------- Invoking toplevel() on ptolemy.moml.MoMLSimpleApplication@32d95e02
----------------- Done invoking toplevel() on ptolemy.moml.MoMLSimpleApplication@32d95e02
reloadAllAccessors: .DCMotor

===========================================================================================
----------------- testing Wed Mar 18 07:12:35 UTC 2020 /home/travis/build/icyphy/ptII/ptolemy/domains/continuous/test/auto/DEInContinuous.xml
----------------- Instantiating /home/travis/build/icyphy/ptII/ptolemy/domains/continuous/test/auto/DEInContinuous.xml
17 ms. Memory: 276480K Free: 158534K (57%)
----------------- Invoking toplevel() on ptolemy.moml.MoMLSimpleApplication@7f53eda8
----------------- Done invoking toplevel() on ptolemy.moml.MoMLSimpleApplication@7f53eda8
reloadAllAccessors: .DEInContinuous

===========================================================================================
----------------- testing Wed Mar 18 07:12:35 UTC 2020 /home/travis/build/icyphy/ptII/ptolemy/domains/continuous/test/auto/DEinContinuous2.xml
----------------- Instantiating /home/travis/build/icyphy/ptII/ptolemy/domains/continuous/test/auto/DEinContinuous2.xml
9 ms. Memory: 276480K Free: 150342K (54%)
----------------- Invoking toplevel() on ptolemy.moml.MoMLSimpleApplication@7b3dd6d3
----------------- Done invoking toplevel() on ptolemy.moml.MoMLSimpleApplication@7b3dd6d3
reloadAllAccessors: .DEinContinuous2

===========================================================================================
----------------- testing Wed Mar 18 07:12:35 UTC 2020 /home/travis/build/icyphy/ptII/ptolemy/domains/continuous/test/auto/Derivative.xml
----------------- Instantiating /home/travis/build/icyphy/ptII/ptolemy/domains/continuous/test/auto/Derivative.xml
115 ms. Memory: 276480K Free: 121156K (44%)
----------------- Invoking toplevel() on ptolemy.moml.MoMLSimpleApplication@3df6e4f1
----------------- Done invoking toplevel() on ptolemy.moml.MoMLSimpleApplication@3df6e4f1
reloadAllAccessors: .Derivative2

===========================================================================================
----------------- testing Wed Mar 18 07:12:35 UTC 2020 /home/travis/build/icyphy/ptII/ptolemy/domains/continuous/test/auto/Derivative1.xml
----------------- Instantiating /home/travis/build/icyphy/ptII/ptolemy/domains/continuous/test/auto/Derivative1.xml
15 ms. Memory: 276480K Free: 106820K (39%)
----------------- Invoking toplevel() on ptolemy.moml.MoMLSimpleApplication@5e1eb93d
----------------- Done invoking toplevel() on ptolemy.moml.MoMLSimpleApplication@5e1eb93d
reloadAllAccessors: .Derivative1

===========================================================================================
----------------- testing Wed Mar 18 07:12:35 UTC 2020 /home/travis/build/icyphy/ptII/ptolemy/domains/continuous/test/auto/DiscreteClock.xml
----------------- Instantiating /home/travis/build/icyphy/ptII/ptolemy/domains/continuous/test/auto/DiscreteClock.xml
3 ms. Memory: 276480K Free: 101700K (37%)
----------------- Invoking toplevel() on ptolemy.moml.MoMLSimpleApplication@1b94af50
----------------- Done invoking toplevel() on ptolemy.moml.MoMLSimpleApplication@1b94af50
reloadAllAccessors: .DiscreteClock

===========================================================================================
----------------- testing Wed Mar 18 07:12:35 UTC 2020 /home/travis/build/icyphy/ptII/ptolemy/domains/continuous/test/auto/EfficiencyCurve.xml
----------------- Instantiating /home/travis/build/icyphy/ptII/ptolemy/domains/continuous/test/auto/EfficiencyCurve.xml
59 ms. Memory: 276480K Free: 257077K (93%)
----------------- Invoking toplevel() on ptolemy.moml.MoMLSimpleApplication@446e7fc5
----------------- Done invoking toplevel() on ptolemy.moml.MoMLSimpleApplication@446e7fc5
reloadAllAccessors: .EfficiencyCurve

===========================================================================================
----------------- testing Wed Mar 18 07:12:36 UTC 2020 /home/travis/build/icyphy/ptII/ptolemy/domains/continuous/test/auto/ExponentialResponse.xml
----------------- Instantiating /home/travis/build/icyphy/ptII/ptolemy/domains/continuous/test/auto/ExponentialResponse.xml
81 ms. Memory: 276480K Free: 240713K (87%)
----------------- Invoking toplevel() on ptolemy.moml.MoMLSimpleApplication@10305f74
----------------- Done invoking toplevel() on ptolemy.moml.MoMLSimpleApplication@10305f74
reloadAllAccessors: .ExponentialResponse

===========================================================================================
----------------- testing Wed Mar 18 07:12:36 UTC 2020 /home/travis/build/icyphy/ptII/ptolemy/domains/continuous/test/auto/ExponentialResponseRK45.xml
----------------- Instantiating /home/travis/build/icyphy/ptII/ptolemy/domains/continuous/test/auto/ExponentialResponseRK45.xml
20 ms. Memory: 276480K Free: 234059K (85%)
----------------- Invoking toplevel() on ptolemy.moml.MoMLSimpleApplication@6f50123b
----------------- Done invoking toplevel() on ptolemy.moml.MoMLSimpleApplication@6f50123b
reloadAllAccessors: .ExponentialResponseRK45

===========================================================================================
----------------- testing Wed Mar 18 07:12:36 UTC 2020 /home/travis/build/icyphy/ptII/ptolemy/domains/continuous/test/auto/Friction.xml
----------------- Instantiating /home/travis/build/icyphy/ptII/ptolemy/domains/continuous/test/auto/Friction.xml
1434 ms. Memory: 276480K Free: 135748K (49%)
----------------- Invoking toplevel() on ptolemy.moml.MoMLSimpleApplication@40a9bdda
----------------- Done invoking toplevel() on ptolemy.moml.MoMLSimpleApplication@40a9bdda
reloadAllAccessors: .Friction

===========================================================================================
----------------- testing Wed Mar 18 07:12:37 UTC 2020 /home/travis/build/icyphy/ptII/ptolemy/domains/continuous/test/auto/FurutaPendulum.xml
----------------- Instantiating /home/travis/build/icyphy/ptII/ptolemy/domains/continuous/test/auto/FurutaPendulum.xml
2727 ms. Memory: 276480K Free: 120078K (43%)
----------------- Invoking toplevel() on ptolemy.moml.MoMLSimpleApplication@73903f5f
----------------- Done invoking toplevel() on ptolemy.moml.MoMLSimpleApplication@73903f5f
reloadAllAccessors: .FurutaPendulum

===========================================================================================
----------------- testing Wed Mar 18 07:12:40 UTC 2020 /home/travis/build/icyphy/ptII/ptolemy/domains/continuous/test/auto/HierarchicalExecution.xml
----------------- Instantiating /home/travis/build/icyphy/ptII/ptolemy/domains/continuous/test/auto/HierarchicalExecution.xml
1521 ms. Memory: 276480K Free: 159833K (58%)
----------------- Invoking toplevel() on ptolemy.moml.MoMLSimpleApplication@50441bf1
----------------- Done invoking toplevel() on ptolemy.moml.MoMLSimpleApplication@50441bf1
reloadAllAccessors: .HierarchicalExecution

===========================================================================================
----------------- testing Wed Mar 18 07:12:42 UTC 2020 /home/travis/build/icyphy/ptII/ptolemy/domains/continuous/test/auto/HybridPlant.xml
----------------- Instantiating /home/travis/build/icyphy/ptII/ptolemy/domains/continuous/test/auto/HybridPlant.xml
520 ms. Memory: 276480K Free: 223361K (81%)
----------------- Invoking toplevel() on ptolemy.moml.MoMLSimpleApplication@208231c7
----------------- Done invoking toplevel() on ptolemy.moml.MoMLSimpleApplication@208231c7
reloadAllAccessors: .HybridPlant

===========================================================================================
----------------- testing Wed Mar 18 07:12:42 UTC 2020 /home/travis/build/icyphy/ptII/ptolemy/domains/continuous/test/auto/Hysteresis.xml
----------------- Instantiating /home/travis/build/icyphy/ptII/ptolemy/domains/continuous/test/auto/Hysteresis.xml
142 ms. Memory: 276480K Free: 160897K (58%)
----------------- Invoking toplevel() on ptolemy.moml.MoMLSimpleApplication@4cd67116
----------------- Done invoking toplevel() on ptolemy.moml.MoMLSimpleApplication@4cd67116
reloadAllAccessors: .Hysteresis

===========================================================================================
----------------- testing Wed Mar 18 07:12:43 UTC 2020 /home/travis/build/icyphy/ptII/ptolemy/domains/continuous/test/auto/HysteresisWithRandomDelay.xml
----------------- Instantiating /home/travis/build/icyphy/ptII/ptolemy/domains/continuous/test/auto/HysteresisWithRandomDelay.xml
167 ms. Memory: 276480K Free: 252762K (91%)
----------------- Invoking toplevel() on ptolemy.moml.MoMLSimpleApplication@3589e9bf
----------------- Done invoking toplevel() on ptolemy.moml.MoMLSimpleApplication@3589e9bf
reloadAllAccessors: .HysteresisWithRandomDelay

===========================================================================================
----------------- testing Wed Mar 18 07:12:43 UTC 2020 /home/travis/build/icyphy/ptII/ptolemy/domains/continuous/test/auto/HysteresisWithRandomLosses.xml
----------------- Instantiating /home/travis/build/icyphy/ptII/ptolemy/domains/continuous/test/auto/HysteresisWithRandomLosses.xml
2190 ms. Memory: 276480K Free: 169484K (61%)
----------------- Invoking toplevel() on ptolemy.moml.MoMLSimpleApplication@281e52f9
----------------- Done invoking toplevel() on ptolemy.moml.MoMLSimpleApplication@281e52f9
reloadAllAccessors: .HysteresisWithRandomLosses

===========================================================================================
----------------- testing Wed Mar 18 07:12:45 UTC 2020 /home/travis/build/icyphy/ptII/ptolemy/domains/continuous/test/auto/ImmediateTransitions.xml
----------------- Instantiating /home/travis/build/icyphy/ptII/ptolemy/domains/continuous/test/auto/ImmediateTransitions.xml
9 ms. Memory: 276480K Free: 158700K (57%)
----------------- Invoking toplevel() on ptolemy.moml.MoMLSimpleApplication@7607a7a4
----------------- Done invoking toplevel() on ptolemy.moml.MoMLSimpleApplication@7607a7a4
reloadAllAccessors: .ImmediateTransitions

===========================================================================================
----------------- testing Wed Mar 18 07:12:45 UTC 2020 /home/travis/build/icyphy/ptII/ptolemy/domains/continuous/test/auto/ImpulseFeedback.xml
----------------- Instantiating /home/travis/build/icyphy/ptII/ptolemy/domains/continuous/test/auto/ImpulseFeedback.xml
6 ms. Memory: 276480K Free: 153100K (55%)
----------------- Invoking toplevel() on ptolemy.moml.MoMLSimpleApplication@531e75cd
----------------- Done invoking toplevel() on ptolemy.moml.MoMLSimpleApplication@531e75cd
reloadAllAccessors: .ImpulseFeedback

===========================================================================================
----------------- testing Wed Mar 18 07:12:45 UTC 2020 /home/travis/build/icyphy/ptII/ptolemy/domains/continuous/test/auto/ImpulseFeedback2.xml
----------------- Instantiating /home/travis/build/icyphy/ptII/ptolemy/domains/continuous/test/auto/ImpulseFeedback2.xml
5 ms. Memory: 276480K Free: 147466K (53%)
----------------- Invoking toplevel() on ptolemy.moml.MoMLSimpleApplication@40d6978c
----------------- Done invoking toplevel() on ptolemy.moml.MoMLSimpleApplication@40d6978c
reloadAllAccessors: .ImpulseFeedback2

===========================================================================================
----------------- testing Wed Mar 18 07:12:45 UTC 2020 /home/travis/build/icyphy/ptII/ptolemy/domains/continuous/test/auto/IncreasingRatePoisson.xml
----------------- Instantiating /home/travis/build/icyphy/ptII/ptolemy/domains/continuous/test/auto/IncreasingRatePoisson.xml
684 ms. Memory: 276480K Free: 153159K (55%)
----------------- Invoking toplevel() on ptolemy.moml.MoMLSimpleApplication@232563ea
----------------- Done invoking toplevel() on ptolemy.moml.MoMLSimpleApplication@232563ea
reloadAllAccessors: .IncreasingRatePoisson

===========================================================================================
----------------- testing Wed Mar 18 07:12:46 UTC 2020 /home/travis/build/icyphy/ptII/ptolemy/domains/continuous/test/auto/InitialStateFeedback.xml
----------------- Instantiating /home/travis/build/icyphy/ptII/ptolemy/domains/continuous/test/auto/InitialStateFeedback.xml
5 ms. Memory: 276480K Free: 148553K (54%)
----------------- Invoking toplevel() on ptolemy.moml.MoMLSimpleApplication@114d8df6
----------------- Done invoking toplevel() on ptolemy.moml.MoMLSimpleApplication@114d8df6
reloadAllAccessors: .InitialStateFeedback

===========================================================================================
----------------- testing Wed Mar 18 07:12:46 UTC 2020 /home/travis/build/icyphy/ptII/ptolemy/domains/continuous/test/auto/Integration.xml
----------------- Instantiating /home/travis/build/icyphy/ptII/ptolemy/domains/continuous/test/auto/Integration.xml
4 ms. Memory: 276480K Free: 144457K (52%)
----------------- Invoking toplevel() on ptolemy.moml.MoMLSimpleApplication@102d40af
----------------- Done invoking toplevel() on ptolemy.moml.MoMLSimpleApplication@102d40af
reloadAllAccessors: .Integration

===========================================================================================
----------------- testing Wed Mar 18 07:12:46 UTC 2020 /home/travis/build/icyphy/ptII/ptolemy/domains/continuous/test/auto/Integration2.xml
----------------- Instantiating /home/travis/build/icyphy/ptII/ptolemy/domains/continuous/test/auto/Integration2.xml
67 ms. Memory: 276480K Free: 130121K (47%)
----------------- Invoking toplevel() on ptolemy.moml.MoMLSimpleApplication@2e34ff71
----------------- Done invoking toplevel() on ptolemy.moml.MoMLSimpleApplication@2e34ff71
reloadAllAccessors: .Integration2

===========================================================================================
----------------- testing Wed Mar 18 07:12:46 UTC 2020 /home/travis/build/icyphy/ptII/ptolemy/domains/continuous/test/auto/Integration3.xml
----------------- Instantiating /home/travis/build/icyphy/ptII/ptolemy/domains/continuous/test/auto/Integration3.xml
2 ms. Memory: 276480K Free: 125511K (45%)
----------------- Invoking toplevel() on ptolemy.moml.MoMLSimpleApplication@38621bd2
----------------- Done invoking toplevel() on ptolemy.moml.MoMLSimpleApplication@38621bd2
reloadAllAccessors: .Integration3

===========================================================================================
----------------- testing Wed Mar 18 07:12:46 UTC 2020 /home/travis/build/icyphy/ptII/ptolemy/domains/continuous/test/auto/Integration5.xml
----------------- Instantiating /home/travis/build/icyphy/ptII/ptolemy/domains/continuous/test/auto/Integration5.xml
2 ms. Memory: 276480K Free: 121415K (44%)
----------------- Invoking toplevel() on ptolemy.moml.MoMLSimpleApplication@57272ca7
----------------- Done invoking toplevel() on ptolemy.moml.MoMLSimpleApplication@57272ca7
reloadAllAccessors: .Integration5

===========================================================================================
----------------- testing Wed Mar 18 07:12:46 UTC 2020 /home/travis/build/icyphy/ptII/ptolemy/domains/continuous/test/auto/IntegratorImpulse.xml
----------------- Instantiating /home/travis/build/icyphy/ptII/ptolemy/domains/continuous/test/auto/IntegratorImpulse.xml
2 ms. Memory: 276480K Free: 117305K (42%)
----------------- Invoking toplevel() on ptolemy.moml.MoMLSimpleApplication@11258ba6
----------------- Done invoking toplevel() on ptolemy.moml.MoMLSimpleApplication@11258ba6
reloadAllAccessors: .IntegratorImpulse

===========================================================================================
----------------- testing Wed Mar 18 07:12:46 UTC 2020 /home/travis/build/icyphy/ptII/ptolemy/domains/continuous/test/auto/IntegratorImpulse2.xml
----------------- Instantiating /home/travis/build/icyphy/ptII/ptolemy/domains/continuous/test/auto/IntegratorImpulse2.xml
3 ms. Memory: 276480K Free: 112713K (41%)
----------------- Invoking toplevel() on ptolemy.moml.MoMLSimpleApplication@14b0dae9
----------------- Done invoking toplevel() on ptolemy.moml.MoMLSimpleApplication@14b0dae9
reloadAllAccessors: .IntegratorImpulse2

===========================================================================================
----------------- testing Wed Mar 18 07:12:46 UTC 2020 /home/travis/build/icyphy/ptII/ptolemy/domains/continuous/test/auto/LevelCrossing1.xml
----------------- Instantiating /home/travis/build/icyphy/ptII/ptolemy/domains/continuous/test/auto/LevelCrossing1.xml
2 ms. Memory: 276480K Free: 107593K (39%)
----------------- Invoking toplevel() on ptolemy.moml.MoMLSimpleApplication@7c9662a9
----------------- Done invoking toplevel() on ptolemy.moml.MoMLSimpleApplication@7c9662a9
reloadAllAccessors: .LevelCrossing1

===========================================================================================
----------------- testing Wed Mar 18 07:12:46 UTC 2020 /home/travis/build/icyphy/ptII/ptolemy/domains/continuous/test/auto/LevelCrossing2.xml
----------------- Instantiating /home/travis/build/icyphy/ptII/ptolemy/domains/continuous/test/auto/LevelCrossing2.xml
3 ms. Memory: 276480K Free: 102473K (37%)
----------------- Invoking toplevel() on ptolemy.moml.MoMLSimpleApplication@77d129b5
----------------- Done invoking toplevel() on ptolemy.moml.MoMLSimpleApplication@77d129b5
reloadAllAccessors: .LevelCrossing2

===========================================================================================
----------------- testing Wed Mar 18 07:12:46 UTC 2020 /home/travis/build/icyphy/ptII/ptolemy/domains/continuous/test/auto/LevelCrossing3.xml
----------------- Instantiating /home/travis/build/icyphy/ptII/ptolemy/domains/continuous/test/auto/LevelCrossing3.xml
5 ms. Memory: 276480K Free: 97353K (35%)
----------------- Invoking toplevel() on ptolemy.moml.MoMLSimpleApplication@3fb35b80
----------------- Done invoking toplevel() on ptolemy.moml.MoMLSimpleApplication@3fb35b80
reloadAllAccessors: .LevelCrossing3

===========================================================================================
----------------- testing Wed Mar 18 07:12:46 UTC 2020 /home/travis/build/icyphy/ptII/ptolemy/domains/continuous/test/auto/LevelCrossing4.xml
----------------- Instantiating /home/travis/build/icyphy/ptII/ptolemy/domains/continuous/test/auto/LevelCrossing4.xml
3 ms. Memory: 276480K Free: 257198K (93%)
----------------- Invoking toplevel() on ptolemy.moml.MoMLSimpleApplication@61a718
----------------- Done invoking toplevel() on ptolemy.moml.MoMLSimpleApplication@61a718
reloadAllAccessors: .LevelCrossing4

===========================================================================================
----------------- testing Wed Mar 18 07:12:46 UTC 2020 /home/travis/build/icyphy/ptII/ptolemy/domains/continuous/test/auto/LevelCrossing5.xml
----------------- Instantiating /home/travis/build/icyphy/ptII/ptolemy/domains/continuous/test/auto/LevelCrossing5.xml
2 ms. Memory: 276480K Free: 252078K (91%)
----------------- Invoking toplevel() on ptolemy.moml.MoMLSimpleApplication@61909e82
----------------- Done invoking toplevel() on ptolemy.moml.MoMLSimpleApplication@61909e82
reloadAllAccessors: .LevelCrossing5

===========================================================================================
[...]
16 ms. Memory: 276480K Free: 250542K (91%)
----------------- Invoking toplevel() on ptolemy.moml.MoMLSimpleApplication@2b86278f
----------------- Done invoking toplevel() on ptolemy.moml.MoMLSimpleApplication@2b86278f
reloadAllAccessors: .ResetTransitionWithStartTime6

===========================================================================================
----------------- testing Wed Mar 18 07:13:01 UTC 2020 /home/travis/build/icyphy/ptII/ptolemy/domains/continuous/test/auto/SRinContinuous.xml
----------------- Instantiating /home/travis/build/icyphy/ptII/ptolemy/domains/continuous/test/auto/SRinContinuous.xml
4 ms. Memory: 276480K Free: 242350K (88%)
----------------- Invoking toplevel() on ptolemy.moml.MoMLSimpleApplication@105cc0fc
----------------- Done invoking toplevel() on ptolemy.moml.MoMLSimpleApplication@105cc0fc
reloadAllAccessors: .SRinContinuous

===========================================================================================
----------------- testing Wed Mar 18 07:13:01 UTC 2020 /home/travis/build/icyphy/ptII/ptolemy/domains/continuous/test/auto/SampledClocks.xml
----------------- Instantiating /home/travis/build/icyphy/ptII/ptolemy/domains/continuous/test/auto/SampledClocks.xml
8 ms. Memory: 276480K Free: 229548K (83%)
----------------- Invoking toplevel() on ptolemy.moml.MoMLSimpleApplication@49c8aeac
----------------- Done invoking toplevel() on ptolemy.moml.MoMLSimpleApplication@49c8aeac
reloadAllAccessors: .SampledClocks

===========================================================================================
----------------- testing Wed Mar 18 07:13:01 UTC 2020 /home/travis/build/icyphy/ptII/ptolemy/domains/continuous/test/auto/Satellite.xml
----------------- Instantiating /home/travis/build/icyphy/ptII/ptolemy/domains/continuous/test/auto/Satellite.xml
593 ms. Memory: 276480K Free: 198191K (72%)
----------------- Invoking toplevel() on ptolemy.moml.MoMLSimpleApplication@58d1abea
----------------- Done invoking toplevel() on ptolemy.moml.MoMLSimpleApplication@58d1abea
reloadAllAccessors: .Satellite

===========================================================================================
----------------- testing Wed Mar 18 07:13:02 UTC 2020 /home/travis/build/icyphy/ptII/ptolemy/domains/continuous/test/auto/SigmaDelta.xml
----------------- Instantiating /home/travis/build/icyphy/ptII/ptolemy/domains/continuous/test/auto/SigmaDelta.xml
1773 ms. Memory: 276480K Free: 100546K (36%)
----------------- Invoking toplevel() on ptolemy.moml.MoMLSimpleApplication@7f28b70e
----------------- Done invoking toplevel() on ptolemy.moml.MoMLSimpleApplication@7f28b70e
reloadAllAccessors: .SigmaDelta

===========================================================================================
----------------- testing Wed Mar 18 07:13:04 UTC 2020 /home/travis/build/icyphy/ptII/ptolemy/domains/continuous/test/auto/SingleRefinement.xml
----------------- Instantiating /home/travis/build/icyphy/ptII/ptolemy/domains/continuous/test/auto/SingleRefinement.xml
283 ms. Memory: 276480K Free: 246448K (89%)
----------------- Invoking toplevel() on ptolemy.moml.MoMLSimpleApplication@2fad92f3
----------------- Done invoking toplevel() on ptolemy.moml.MoMLSimpleApplication@2fad92f3
reloadAllAccessors: .SingleRefinement

===========================================================================================
----------------- testing Wed Mar 18 07:13:04 UTC 2020 /home/travis/build/icyphy/ptII/ptolemy/domains/continuous/test/auto/SinuBouncingBall.xml
----------------- Instantiating /home/travis/build/icyphy/ptII/ptolemy/domains/continuous/test/auto/SinuBouncingBall.xml
745 ms. Memory: 276480K Free: 192461K (70%)
----------------- Invoking toplevel() on ptolemy.moml.MoMLSimpleApplication@6d70f2ae
----------------- Done invoking toplevel() on ptolemy.moml.MoMLSimpleApplication@6d70f2ae
reloadAllAccessors: .SinuBouncingBall

===========================================================================================
----------------- testing Wed Mar 18 07:13:05 UTC 2020 /home/travis/build/icyphy/ptII/ptolemy/domains/continuous/test/auto/Sinusoid.xml
----------------- Instantiating /home/travis/build/icyphy/ptII/ptolemy/domains/continuous/test/auto/Sinusoid.xml
4 ms. Memory: 276480K Free: 187885K (68%)
----------------- Invoking toplevel() on ptolemy.moml.MoMLSimpleApplication@4359d160
----------------- Done invoking toplevel() on ptolemy.moml.MoMLSimpleApplication@4359d160
reloadAllAccessors: .Sinusoid

===========================================================================================
----------------- testing Wed Mar 18 07:13:05 UTC 2020 /home/travis/build/icyphy/ptII/ptolemy/domains/continuous/test/auto/SinusoidInNoise.xml
----------------- Instantiating /home/travis/build/icyphy/ptII/ptolemy/domains/continuous/test/auto/SinusoidInNoise.xml
695 ms. Memory: 276480K Free: 215788K (78%)
----------------- Invoking toplevel() on ptolemy.moml.MoMLSimpleApplication@4c8f087d
----------------- Done invoking toplevel() on ptolemy.moml.MoMLSimpleApplication@4c8f087d
reloadAllAccessors: .SinusoidInNoise

===========================================================================================
----------------- testing Wed Mar 18 07:13:06 UTC 2020 /home/travis/build/icyphy/ptII/ptolemy/domains/continuous/test/auto/SinusoidRK45.xml
----------------- Instantiating /home/travis/build/icyphy/ptII/ptolemy/domains/continuous/test/auto/SinusoidRK45.xml
2 ms. Memory: 276480K Free: 211182K (76%)
----------------- Invoking toplevel() on ptolemy.moml.MoMLSimpleApplication@5f96c20a
----------------- Done invoking toplevel() on ptolemy.moml.MoMLSimpleApplication@5f96c20a
reloadAllAccessors: .SinusoidRK45

===========================================================================================
----------------- testing Wed Mar 18 07:13:06 UTC 2020 /home/travis/build/icyphy/ptII/ptolemy/domains/continuous/test/auto/SinusoidWithMultipleImpulses.xml
----------------- Instantiating /home/travis/build/icyphy/ptII/ptolemy/domains/continuous/test/auto/SinusoidWithMultipleImpulses.xml
2 ms. Memory: 276480K Free: 206572K (75%)
----------------- Invoking toplevel() on ptolemy.moml.MoMLSimpleApplication@6b2cf892
----------------- Done invoking toplevel() on ptolemy.moml.MoMLSimpleApplication@6b2cf892
reloadAllAccessors: .SinusoidWithMultipleImpulses

===========================================================================================
----------------- testing Wed Mar 18 07:13:06 UTC 2020 /home/travis/build/icyphy/ptII/ptolemy/domains/continuous/test/auto/SquareWave.xml
----------------- Instantiating /home/travis/build/icyphy/ptII/ptolemy/domains/continuous/test/auto/SquareWave.xml
142 ms. Memory: 276480K Free: 179438K (65%)
----------------- Invoking toplevel() on ptolemy.moml.MoMLSimpleApplication@304136c
----------------- Done invoking toplevel() on ptolemy.moml.MoMLSimpleApplication@304136c
reloadAllAccessors: .SquareWave

===========================================================================================
----------------- testing Wed Mar 18 07:13:06 UTC 2020 /home/travis/build/icyphy/ptII/ptolemy/domains/continuous/test/auto/Starmac.xml
----------------- Instantiating /home/travis/build/icyphy/ptII/ptolemy/domains/continuous/test/auto/Starmac.xml
3051 ms. Memory: 276480K Free: 187020K (68%)
----------------- Invoking toplevel() on ptolemy.moml.MoMLSimpleApplication@142b1ef5
----------------- Done invoking toplevel() on ptolemy.moml.MoMLSimpleApplication@142b1ef5
reloadAllAccessors: .Starmac

===========================================================================================
----------------- testing Wed Mar 18 07:13:09 UTC 2020 /home/travis/build/icyphy/ptII/ptolemy/domains/continuous/test/auto/StaticUnits.xml
----------------- Instantiating /home/travis/build/icyphy/ptII/ptolemy/domains/continuous/test/auto/StaticUnits.xml
1658 ms. Memory: 276480K Free: 201289K (73%)
----------------- Invoking toplevel() on ptolemy.moml.MoMLSimpleApplication@60282441
----------------- Done invoking toplevel() on ptolemy.moml.MoMLSimpleApplication@60282441
reloadAllAccessors: .StaticUnits

===========================================================================================
----------------- testing Wed Mar 18 07:13:11 UTC 2020 /home/travis/build/icyphy/ptII/ptolemy/domains/continuous/test/auto/StickyMasses.xml
----------------- Instantiating /home/travis/build/icyphy/ptII/ptolemy/domains/continuous/test/auto/StickyMasses.xml
124 ms. Memory: 276480K Free: 151609K (55%)
----------------- Invoking toplevel() on ptolemy.moml.MoMLSimpleApplication@315300cf
----------------- Done invoking toplevel() on ptolemy.moml.MoMLSimpleApplication@315300cf
reloadAllAccessors: .StickyMasses

===========================================================================================
----------------- testing Wed Mar 18 07:13:12 UTC 2020 /home/travis/build/icyphy/ptII/ptolemy/domains/continuous/test/auto/StopTime.xml
----------------- Instantiating /home/travis/build/icyphy/ptII/ptolemy/domains/continuous/test/auto/StopTime.xml
36 ms. Memory: 276480K Free: 126537K (46%)
----------------- Invoking toplevel() on ptolemy.moml.MoMLSimpleApplication@570081b7
----------------- Done invoking toplevel() on ptolemy.moml.MoMLSimpleApplication@570081b7
reloadAllAccessors: .StopTime

===========================================================================================
----------------- testing Wed Mar 18 07:13:12 UTC 2020 /home/travis/build/icyphy/ptII/ptolemy/domains/continuous/test/auto/StopTime2.xml
----------------- Instantiating /home/travis/build/icyphy/ptII/ptolemy/domains/continuous/test/auto/StopTime2.xml
30 ms. Memory: 276480K Free: 104505K (38%)
----------------- Invoking toplevel() on ptolemy.moml.MoMLSimpleApplication@2b430b51
----------------- Done invoking toplevel() on ptolemy.moml.MoMLSimpleApplication@2b430b51
reloadAllAccessors: .StopTime2

===========================================================================================
----------------- testing Wed Mar 18 07:13:12 UTC 2020 /home/travis/build/icyphy/ptII/ptolemy/domains/continuous/test/auto/Switch.xml
----------------- Instantiating /home/travis/build/icyphy/ptII/ptolemy/domains/continuous/test/auto/Switch.xml
61 ms. Memory: 276480K Free: 240626K (87%)
----------------- Invoking toplevel() on ptolemy.moml.MoMLSimpleApplication@128a6b15
----------------- Done invoking toplevel() on ptolemy.moml.MoMLSimpleApplication@128a6b15
reloadAllAccessors: .Switch

===========================================================================================
----------------- testing Wed Mar 18 07:13:12 UTC 2020 /home/travis/build/icyphy/ptII/ptolemy/domains/continuous/test/auto/Thermostat.xml
----------------- Instantiating /home/travis/build/icyphy/ptII/ptolemy/domains/continuous/test/auto/Thermostat.xml
173 ms. Memory: 276480K Free: 167964K (61%)
----------------- Invoking toplevel() on ptolemy.moml.MoMLSimpleApplication@45de8c60
----------------- Done invoking toplevel() on ptolemy.moml.MoMLSimpleApplication@45de8c60
reloadAllAccessors: .Thermostat

===========================================================================================
----------------- testing Wed Mar 18 07:13:12 UTC 2020 /home/travis/build/icyphy/ptII/ptolemy/domains/continuous/test/auto/TimeDelay.xml
----------------- Instantiating /home/travis/build/icyphy/ptII/ptolemy/domains/continuous/test/auto/TimeDelay.xml
5 ms. Memory: 276480K Free: 163389K (59%)
----------------- Invoking toplevel() on ptolemy.moml.MoMLSimpleApplication@1d60f60
----------------- Done invoking toplevel() on ptolemy.moml.MoMLSimpleApplication@1d60f60
reloadAllAccessors: .TimeDelay

===========================================================================================
----------------- testing Wed Mar 18 07:13:12 UTC 2020 /home/travis/build/icyphy/ptII/ptolemy/domains/continuous/test/auto/TimeDelay2.xml
----------------- Instantiating /home/travis/build/icyphy/ptII/ptolemy/domains/continuous/test/auto/TimeDelay2.xml
7 ms. Memory: 276480K Free: 153659K (56%)
----------------- Invoking toplevel() on ptolemy.moml.MoMLSimpleApplication@4ece9990
----------------- Done invoking toplevel() on ptolemy.moml.MoMLSimpleApplication@4ece9990
reloadAllAccessors: .TimeDelay2

===========================================================================================
----------------- testing Wed Mar 18 07:13:12 UTC 2020 /home/travis/build/icyphy/ptII/ptolemy/domains/continuous/test/auto/TimeDelay3.xml
----------------- Instantiating /home/travis/build/icyphy/ptII/ptolemy/domains/continuous/test/auto/TimeDelay3.xml
4 ms. Memory: 276480K Free: 149051K (54%)
----------------- Invoking toplevel() on ptolemy.moml.MoMLSimpleApplication@73a165ac
----------------- Done invoking toplevel() on ptolemy.moml.MoMLSimpleApplication@73a165ac
reloadAllAccessors: .TimeDelay3

===========================================================================================
----------------- testing Wed Mar 18 07:13:12 UTC 2020 /home/travis/build/icyphy/ptII/ptolemy/domains/continuous/test/auto/TransferAbsentToInside.xml
----------------- Instantiating /home/travis/build/icyphy/ptII/ptolemy/domains/continuous/test/auto/TransferAbsentToInside.xml
21 ms. Memory: 276480K Free: 96829K (35%)
----------------- Invoking toplevel() on ptolemy.moml.MoMLSimpleApplication@5f7864ee
----------------- Done invoking toplevel() on ptolemy.moml.MoMLSimpleApplication@5f7864ee
reloadAllAccessors: .TransferAbsentToInside

===========================================================================================
----------------- testing Wed Mar 18 07:13:12 UTC 2020 /home/travis/build/icyphy/ptII/ptolemy/domains/continuous/test/auto/Transmission.xml
----------------- Instantiating /home/travis/build/icyphy/ptII/ptolemy/domains/continuous/test/auto/Transmission.xml
710 ms. Memory: 331776K Free: 272409K (82%)
----------------- Invoking toplevel() on ptolemy.moml.MoMLSimpleApplication@34a815ad
----------------- Done invoking toplevel() on ptolemy.moml.MoMLSimpleApplication@34a815ad
reloadAllAccessors: .Transmission

===========================================================================================
----------------- testing Wed Mar 18 07:13:13 UTC 2020 /home/travis/build/icyphy/ptII/ptolemy/domains/continuous/test/auto/TriggeredContinuousClock.xml
----------------- Instantiating /home/travis/build/icyphy/ptII/ptolemy/domains/continuous/test/auto/TriggeredContinuousClock.xml
31 ms. Memory: 331776K Free: 242713K (73%)
----------------- Invoking toplevel() on ptolemy.moml.MoMLSimpleApplication@62814896
----------------- Done invoking toplevel() on ptolemy.moml.MoMLSimpleApplication@62814896
reloadAllAccessors: .TriggeredContinuousClock

===========================================================================================
----------------- testing Wed Mar 18 07:13:13 UTC 2020 /home/travis/build/icyphy/ptII/ptolemy/domains/continuous/test/auto/TwoMachineInfiniteBusControl.xml
----------------- Instantiating /home/travis/build/icyphy/ptII/ptolemy/domains/continuous/test/auto/TwoMachineInfiniteBusControl.xml
2286 ms. Memory: 331776K Free: 228349K (69%)
----------------- Invoking toplevel() on ptolemy.moml.MoMLSimpleApplication@7cc6797a
----------------- Done invoking toplevel() on ptolemy.moml.MoMLSimpleApplication@7cc6797a
reloadAllAccessors: .TwoMachineInfiniteBusControl

===========================================================================================
----------------- testing Wed Mar 18 07:13:15 UTC 2020 /home/travis/build/icyphy/ptII/ptolemy/domains/continuous/test/auto/V2V.xml
----------------- Instantiating /home/travis/build/icyphy/ptII/ptolemy/domains/continuous/test/auto/V2V.xml
573 ms. Memory: 331776K Free: 232951K (70%)
----------------- Invoking toplevel() on ptolemy.moml.MoMLSimpleApplication@483cb49d
----------------- Done invoking toplevel() on ptolemy.moml.MoMLSimpleApplication@483cb49d
reloadAllAccessors: .V2V

===========================================================================================
----------------- testing Wed Mar 18 07:13:16 UTC 2020 /home/travis/build/icyphy/ptII/ptolemy/domains/continuous/test/auto/hierarchicalModalModel.xml
----------------- Instantiating /home/travis/build/icyphy/ptII/ptolemy/domains/continuous/test/auto/hierarchicalModalModel.xml
8 ms. Memory: 331776K Free: 218615K (66%)
----------------- Invoking toplevel() on ptolemy.moml.MoMLSimpleApplication@7b7d8a1f
----------------- Done invoking toplevel() on ptolemy.moml.MoMLSimpleApplication@7b7d8a1f
reloadAllAccessors: .hierarchicalModalModel

===========================================================================================
----------------- testing Wed Mar 18 07:13:16 UTC 2020 /home/travis/build/icyphy/ptII/ptolemy/domains/continuous/test/auto/hierarchicalModalModel1.xml
----------------- Instantiating /home/travis/build/icyphy/ptII/ptolemy/domains/continuous/test/auto/hierarchicalModalModel1.xml
8 ms. Memory: 331776K Free: 204279K (62%)
----------------- Invoking toplevel() on ptolemy.moml.MoMLSimpleApplication@3f016eb0
----------------- Done invoking toplevel() on ptolemy.moml.MoMLSimpleApplication@3f016eb0
reloadAllAccessors: .hierarchicalModalModel1

===========================================================================================
----------------- testing Wed Mar 18 07:13:16 UTC 2020 /home/travis/build/icyphy/ptII/ptolemy/domains/continuous/test/auto/hierarchicalModalModel2.xml
----------------- Instantiating /home/travis/build/icyphy/ptII/ptolemy/domains/continuous/test/auto/hierarchicalModalModel2.xml
5 ms. Memory: 331776K Free: 191976K (58%)
----------------- Invoking toplevel() on ptolemy.moml.MoMLSimpleApplication@af2ba48
----------------- Done invoking toplevel() on ptolemy.moml.MoMLSimpleApplication@af2ba48
reloadAllAccessors: .hierarchicalModalModel2

===========================================================================================
----------------- testing Wed Mar 18 07:13:16 UTC 2020 /home/travis/build/icyphy/ptII/ptolemy/domains/continuous/test/auto/hierarchicalModalModel3.xml
----------------- Instantiating /home/travis/build/icyphy/ptII/ptolemy/domains/continuous/test/auto/hierarchicalModalModel3.xml
5 ms. Memory: 331776K Free: 181241K (55%)
----------------- Invoking toplevel() on ptolemy.moml.MoMLSimpleApplication@7ec5ae6e
----------------- Done invoking toplevel() on ptolemy.moml.MoMLSimpleApplication@7ec5ae6e
reloadAllAccessors: .hierarchicalModalModel3

===========================================================================================
----------------- testing Wed Mar 18 07:13:16 UTC 2020 /home/travis/build/icyphy/ptII/ptolemy/domains/continuous/test/auto/hierarchicalModalModel4.xml
----------------- Instantiating /home/travis/build/icyphy/ptII/ptolemy/domains/continuous/test/auto/hierarchicalModalModel4.xml
4 ms. Memory: 331776K Free: 169463K (51%)
----------------- Invoking toplevel() on ptolemy.moml.MoMLSimpleApplication@48ee0a66
----------------- Done invoking toplevel() on ptolemy.moml.MoMLSimpleApplication@48ee0a66
reloadAllAccessors: .hierarchicalModalModel4

===========================================================================================
----------------- testing Wed Mar 18 07:13:16 UTC 2020 /home/travis/build/icyphy/ptII/ptolemy/domains/continuous/test/auto/junk.xml
----------------- Instantiating /home/travis/build/icyphy/ptII/ptolemy/domains/continuous/test/auto/junk.xml
110 ms. Memory: 331776K Free: 143863K (43%)
----------------- Invoking toplevel() on ptolemy.moml.MoMLSimpleApplication@77d9181d
----------------- Done invoking toplevel() on ptolemy.moml.MoMLSimpleApplication@77d9181d
reloadAllAccessors: .junk
AutoTests.java: About to close Vertx.
AutoTests.java: Vertx closed.
]]></system-out>
  <system-err><![CDATA[Warning: '.Poisson.NonStrictTest' The test produced only 395 tokens, yet the correctValues parameter was expecting 430 tokens.
]]></system-err>
</testsuite>
