<?xml version="1.0" encoding="UTF-8" ?>
<testsuite errors="0" failures="0" hostname="travis-job-04e71c91-0db3-4058-a5f9-7603bac5074f" name="ptolemy.domains.de.test.junit.JUnitTclTest" skipped="0" tests="101" time="139.625" timestamp="2019-08-24T05:26:43">
  <properties>
[...]
</properties>
  <testcase classname="ptolemy.util.test.junit.TclTests" name="[0] /home/travis/build/icyphy/ptII/ptolemy/domains/de/test/DependencyLoop.tcl (RunTclFile)" time="1.089" />
  <testcase classname="ptolemy.util.test.junit.TclTests" name="[1] /home/travis/build/icyphy/ptII/ptolemy/domains/de/test/RunDETestsAsQSS.tcl (RunTclFile)" time="94.83" />
  <testcase classname="ptolemy.util.test.junit.AutoKnownFailedTests" name="[0] /home/travis/build/icyphy/ptII/ptolemy/domains/de/test/auto/knownFailedTests/DESDFClockTest.xml (RunModel)" time="2.06" />
  <testcase classname="ptolemy.util.test.junit.AutoKnownFailedTests" name="[1] /home/travis/build/icyphy/ptII/ptolemy/domains/de/test/auto/knownFailedTests/DirectFeedback.xml (RunModel)" time="0.031" />
  <testcase classname="ptolemy.util.test.junit.AutoKnownFailedTests" name="[2] /home/travis/build/icyphy/ptII/ptolemy/domains/de/test/auto/knownFailedTests/FSMSource.xml (RunModel)" time="0.019" />
  <testcase classname="ptolemy.util.test.junit.AutoKnownFailedTests" name="[3] /home/travis/build/icyphy/ptII/ptolemy/domains/de/test/auto/knownFailedTests/HierarchicalModel.xml (RunModel)" time="0.048" />
  <testcase classname="ptolemy.util.test.junit.AutoKnownFailedTests" name="[4] /home/travis/build/icyphy/ptII/ptolemy/domains/de/test/auto/knownFailedTests/dependencyLoop.xml (RunModel)" time="0.036" />
  <testcase classname="ptolemy.util.test.junit.AutoKnownFailedTests" name="[5] /home/travis/build/icyphy/ptII/ptolemy/domains/de/test/auto/knownFailedTests/dependencyLoop2.xml (RunModel)" time="0.041" />
  <testcase classname="ptolemy.util.test.junit.AutoNameArchTests" name="[0] ThereAreNoAutoArchTests (RunModel)" time="0.001" />
  <testcase classname="ptolemy.util.test.junit.AutoTests" name="[0] /home/travis/build/icyphy/ptII/ptolemy/domains/de/test/auto/ActorDepthCalculation_actorWithoutPorts.xml (RunModel)" time="0.035" />
  <testcase classname="ptolemy.util.test.junit.AutoTests" name="[1] /home/travis/build/icyphy/ptII/ptolemy/domains/de/test/auto/AssemblyLine.xml (RunModel)" time="0.027" />
  <testcase classname="ptolemy.util.test.junit.AutoTests" name="[2] /home/travis/build/icyphy/ptII/ptolemy/domains/de/test/auto/CQBug1.xml (RunModel)" time="0.017" />
  <testcase classname="ptolemy.util.test.junit.AutoTests" name="[3] /home/travis/build/icyphy/ptII/ptolemy/domains/de/test/auto/CancelFireAt.xml (RunModel)" time="0.012" />
  <testcase classname="ptolemy.util.test.junit.AutoTests" name="[4] /home/travis/build/icyphy/ptII/ptolemy/domains/de/test/auto/CausalityAndComposabilityAnalysis.xml (RunModel)" time="0.008" />
  <testcase classname="ptolemy.util.test.junit.AutoTests" name="[5] /home/travis/build/icyphy/ptII/ptolemy/domains/de/test/auto/CausalityInterface1.xml (RunModel)" time="0.012" />
  <testcase classname="ptolemy.util.test.junit.AutoTests" name="[6] /home/travis/build/icyphy/ptII/ptolemy/domains/de/test/auto/CausalityInterface15.xml (RunModel)" time="0.012" />
  <testcase classname="ptolemy.util.test.junit.AutoTests" name="[7] /home/travis/build/icyphy/ptII/ptolemy/domains/de/test/auto/CausalityInterface2.xml (RunModel)" time="0.011" />
  <testcase classname="ptolemy.util.test.junit.AutoTests" name="[8] /home/travis/build/icyphy/ptII/ptolemy/domains/de/test/auto/CausalityInterface3.xml (RunModel)" time="0.024" />
  <testcase classname="ptolemy.util.test.junit.AutoTests" name="[9] /home/travis/build/icyphy/ptII/ptolemy/domains/de/test/auto/ClockDrift.xml (RunModel)" time="0.039" />
  <testcase classname="ptolemy.util.test.junit.AutoTests" name="[10] /home/travis/build/icyphy/ptII/ptolemy/domains/de/test/auto/ClockDriftAndValueChange.xml (RunModel)" time="0.039" />
  <testcase classname="ptolemy.util.test.junit.AutoTests" name="[11] /home/travis/build/icyphy/ptII/ptolemy/domains/de/test/auto/ClockDriftChange.xml (RunModel)" time="0.034" />
  <testcase classname="ptolemy.util.test.junit.AutoTests" name="[12] /home/travis/build/icyphy/ptII/ptolemy/domains/de/test/auto/ComposableCausalityAnalysis.xml (RunModel)" time="0.016" />
  <testcase classname="ptolemy.util.test.junit.AutoTests" name="[13] /home/travis/build/icyphy/ptII/ptolemy/domains/de/test/auto/DEFixedPointLimitation.xml (RunModel)" time="0.01" />
  <testcase classname="ptolemy.util.test.junit.AutoTests" name="[14] /home/travis/build/icyphy/ptII/ptolemy/domains/de/test/auto/DEScheduleTest.xml (RunModel)" time="0.015" />
  <testcase classname="ptolemy.util.test.junit.AutoTests" name="[15] /home/travis/build/icyphy/ptII/ptolemy/domains/de/test/auto/DEinDEwithStartTimes.xml (RunModel)" time="0.02" />
  <testcase classname="ptolemy.util.test.junit.AutoTests" name="[16] /home/travis/build/icyphy/ptII/ptolemy/domains/de/test/auto/DEinDEwithStartTimes2.xml (RunModel)" time="0.018" />
  <testcase classname="ptolemy.util.test.junit.AutoTests" name="[17] /home/travis/build/icyphy/ptII/ptolemy/domains/de/test/auto/DateDemo.xml (RunModel)" time="0.022" />
  <testcase classname="ptolemy.util.test.junit.AutoTests" name="[18] /home/travis/build/icyphy/ptII/ptolemy/domains/de/test/auto/DateToEvent.xml (RunModel)" time="2.035" />
  <testcase classname="ptolemy.util.test.junit.AutoTests" name="[19] /home/travis/build/icyphy/ptII/ptolemy/domains/de/test/auto/DepthTest1.xml (RunModel)" time="0.009" />
  <testcase classname="ptolemy.util.test.junit.AutoTests" name="[20] /home/travis/build/icyphy/ptII/ptolemy/domains/de/test/auto/DepthTest2.xml (RunModel)" time="0.024" />
  <testcase classname="ptolemy.util.test.junit.AutoTests" name="[21] /home/travis/build/icyphy/ptII/ptolemy/domains/de/test/auto/DepthTest3.xml (RunModel)" time="0.011" />
  <testcase classname="ptolemy.util.test.junit.AutoTests" name="[22] /home/travis/build/icyphy/ptII/ptolemy/domains/de/test/auto/DepthTest4.xml (RunModel)" time="0.035" />
  <testcase classname="ptolemy.util.test.junit.AutoTests" name="[23] /home/travis/build/icyphy/ptII/ptolemy/domains/de/test/auto/DepthTest5.xml (RunModel)" time="0.019" />
  <testcase classname="ptolemy.util.test.junit.AutoTests" name="[24] /home/travis/build/icyphy/ptII/ptolemy/domains/de/test/auto/DepthTest6.xml (RunModel)" time="0.015" />
  <testcase classname="ptolemy.util.test.junit.AutoTests" name="[25] /home/travis/build/icyphy/ptII/ptolemy/domains/de/test/auto/DepthTest7.xml (RunModel)" time="0.014" />
  <testcase classname="ptolemy.util.test.junit.AutoTests" name="[26] /home/travis/build/icyphy/ptII/ptolemy/domains/de/test/auto/EventToDate.xml (RunModel)" time="3.042" />
  <testcase classname="ptolemy.util.test.junit.AutoTests" name="[27] /home/travis/build/icyphy/ptII/ptolemy/domains/de/test/auto/FSM1.xml (RunModel)" time="0.058" />
  <testcase classname="ptolemy.util.test.junit.AutoTests" name="[28] /home/travis/build/icyphy/ptII/ptolemy/domains/de/test/auto/FSM7.xml (RunModel)" time="0.047" />
  <testcase classname="ptolemy.util.test.junit.AutoTests" name="[29] /home/travis/build/icyphy/ptII/ptolemy/domains/de/test/auto/Inspection.xml (RunModel)" time="0.045" />
  <testcase classname="ptolemy.util.test.junit.AutoTests" name="[30] /home/travis/build/icyphy/ptII/ptolemy/domains/de/test/auto/Iteration.xml (RunModel)" time="0.028" />
  <testcase classname="ptolemy.util.test.junit.AutoTests" name="[31] /home/travis/build/icyphy/ptII/ptolemy/domains/de/test/auto/LineFault.xml (RunModel)" time="0.729" />
  <testcase classname="ptolemy.util.test.junit.AutoTests" name="[32] /home/travis/build/icyphy/ptII/ptolemy/domains/de/test/auto/MergeModel1Add.xml (RunModel)" time="0.064" />
  <testcase classname="ptolemy.util.test.junit.AutoTests" name="[33] /home/travis/build/icyphy/ptII/ptolemy/domains/de/test/auto/MergeModel2Add.xml (RunModel)" time="0.047" />
  <testcase classname="ptolemy.util.test.junit.AutoTests" name="[34] /home/travis/build/icyphy/ptII/ptolemy/domains/de/test/auto/MergeModel3Add.xml (RunModel)" time="0.059" />
  <testcase classname="ptolemy.util.test.junit.AutoTests" name="[35] /home/travis/build/icyphy/ptII/ptolemy/domains/de/test/auto/MergeWithoutDiscard.xml (RunModel)" time="0.013" />
  <testcase classname="ptolemy.util.test.junit.AutoTests" name="[36] /home/travis/build/icyphy/ptII/ptolemy/domains/de/test/auto/Modal1.xml (RunModel)" time="0.036" />
  <testcase classname="ptolemy.util.test.junit.AutoTests" name="[37] /home/travis/build/icyphy/ptII/ptolemy/domains/de/test/auto/Modal2.xml (RunModel)" time="0.044" />
  <testcase classname="ptolemy.util.test.junit.AutoTests" name="[38] /home/travis/build/icyphy/ptII/ptolemy/domains/de/test/auto/Modal3.xml (RunModel)" time="0.03" />
  <testcase classname="ptolemy.util.test.junit.AutoTests" name="[39] /home/travis/build/icyphy/ptII/ptolemy/domains/de/test/auto/Modal4.xml (RunModel)" time="0.041" />
  <testcase classname="ptolemy.util.test.junit.AutoTests" name="[40] /home/travis/build/icyphy/ptII/ptolemy/domains/de/test/auto/Modal5.xml (RunModel)" time="0.048" />
  <testcase classname="ptolemy.util.test.junit.AutoTests" name="[41] /home/travis/build/icyphy/ptII/ptolemy/domains/de/test/auto/Modal6.xml (RunModel)" time="0.029" />
  <testcase classname="ptolemy.util.test.junit.AutoTests" name="[42] /home/travis/build/icyphy/ptII/ptolemy/domains/de/test/auto/Modal7.xml (RunModel)" time="0.04" />
  <testcase classname="ptolemy.util.test.junit.AutoTests" name="[43] /home/travis/build/icyphy/ptII/ptolemy/domains/de/test/auto/ModalModel.xml (RunModel)" time="0.217" />
  <testcase classname="ptolemy.util.test.junit.AutoTests" name="[44] /home/travis/build/icyphy/ptII/ptolemy/domains/de/test/auto/ModalSource.xml (RunModel)" time="0.018" />
  <testcase classname="ptolemy.util.test.junit.AutoTests" name="[45] /home/travis/build/icyphy/ptII/ptolemy/domains/de/test/auto/NonInterruptibleTimerZeroDelay.xml (RunModel)" time="0.01" />
  <testcase classname="ptolemy.util.test.junit.AutoTests" name="[46] /home/travis/build/icyphy/ptII/ptolemy/domains/de/test/auto/OpenQueueingNetwork.xml (RunModel)" time="2.687" />
  <testcase classname="ptolemy.util.test.junit.AutoTests" name="[47] /home/travis/build/icyphy/ptII/ptolemy/domains/de/test/auto/OpenQueuingNetwork.xml (RunModel)" time="0.313" />
  <testcase classname="ptolemy.util.test.junit.AutoTests" name="[48] /home/travis/build/icyphy/ptII/ptolemy/domains/de/test/auto/PeriodicSampler.xml (RunModel)" time="0.015" />
  <testcase classname="ptolemy.util.test.junit.AutoTests" name="[49] /home/travis/build/icyphy/ptII/ptolemy/domains/de/test/auto/PersistentIO.xml (RunModel)" time="0.028" />
  <testcase classname="ptolemy.util.test.junit.AutoTests" name="[50] /home/travis/build/icyphy/ptII/ptolemy/domains/de/test/auto/PortParameterResetOnInitialize.xml (RunModel)" time="0.011" />
  <testcase classname="ptolemy.util.test.junit.AutoTests" name="[51] /home/travis/build/icyphy/ptII/ptolemy/domains/de/test/auto/PortParameterUpdates.xml (RunModel)" time="0.017" />
  <testcase classname="ptolemy.util.test.junit.AutoTests" name="[52] /home/travis/build/icyphy/ptII/ptolemy/domains/de/test/auto/QueueAndServer.xml (RunModel)" time="0.023" />
  <testcase classname="ptolemy.util.test.junit.AutoTests" name="[53] /home/travis/build/icyphy/ptII/ptolemy/domains/de/test/auto/Records.xml (RunModel)" time="0.016" />
  <testcase classname="ptolemy.util.test.junit.AutoTests" name="[54] /home/travis/build/icyphy/ptII/ptolemy/domains/de/test/auto/ResetTransitionWithStartTime1.xml (RunModel)" time="0.019" />
  <testcase classname="ptolemy.util.test.junit.AutoTests" name="[55] /home/travis/build/icyphy/ptII/ptolemy/domains/de/test/auto/ResetTransitionWithStartTime2.xml (RunModel)" time="0.023" />
  <testcase classname="ptolemy.util.test.junit.AutoTests" name="[56] /home/travis/build/icyphy/ptII/ptolemy/domains/de/test/auto/ResetTransitionWithStartTime3.xml (RunModel)" time="0.023" />
  <testcase classname="ptolemy.util.test.junit.AutoTests" name="[57] /home/travis/build/icyphy/ptII/ptolemy/domains/de/test/auto/ResetTransitionWithStartTime4.xml (RunModel)" time="0.021" />
  <testcase classname="ptolemy.util.test.junit.AutoTests" name="[58] /home/travis/build/icyphy/ptII/ptolemy/domains/de/test/auto/ResettableTimer1.xml (RunModel)" time="0.011" />
  <testcase classname="ptolemy.util.test.junit.AutoTests" name="[59] /home/travis/build/icyphy/ptII/ptolemy/domains/de/test/auto/ResettableTimer2.xml (RunModel)" time="0.011" />
  <testcase classname="ptolemy.util.test.junit.AutoTests" name="[60] /home/travis/build/icyphy/ptII/ptolemy/domains/de/test/auto/ResettableTimer3.xml (RunModel)" time="0.015" />
  <testcase classname="ptolemy.util.test.junit.AutoTests" name="[61] /home/travis/build/icyphy/ptII/ptolemy/domains/de/test/auto/ResettableTimer4.xml (RunModel)" time="0.015" />
  <testcase classname="ptolemy.util.test.junit.AutoTests" name="[62] /home/travis/build/icyphy/ptII/ptolemy/domains/de/test/auto/ResettableTimer5.xml (RunModel)" time="0.019" />
  <testcase classname="ptolemy.util.test.junit.AutoTests" name="[63] /home/travis/build/icyphy/ptII/ptolemy/domains/de/test/auto/ResettableTimer6.xml (RunModel)" time="0.017" />
  <testcase classname="ptolemy.util.test.junit.AutoTests" name="[64] /home/travis/build/icyphy/ptII/ptolemy/domains/de/test/auto/ServerZeroDelay.xml (RunModel)" time="0.012" />
  <testcase classname="ptolemy.util.test.junit.AutoTests" name="[65] /home/travis/build/icyphy/ptII/ptolemy/domains/de/test/auto/SmartSender.xml (RunModel)" time="3.008" />
  <testcase classname="ptolemy.util.test.junit.AutoTests" name="[66] /home/travis/build/icyphy/ptII/ptolemy/domains/de/test/auto/ThreadedComposite.xml (RunModel)" time="0.203" />
  <testcase classname="ptolemy.util.test.junit.AutoTests" name="[67] /home/travis/build/icyphy/ptII/ptolemy/domains/de/test/auto/Time.xml (RunModel)" time="0.444" />
  <testcase classname="ptolemy.util.test.junit.AutoTests" name="[68] /home/travis/build/icyphy/ptII/ptolemy/domains/de/test/auto/TimeDelayZeroDelay.xml (RunModel)" time="0.015" />
  <testcase classname="ptolemy.util.test.junit.AutoTests" name="[69] /home/travis/build/icyphy/ptII/ptolemy/domains/de/test/auto/TimerZeroDelay.xml (RunModel)" time="0.014" />
  <testcase classname="ptolemy.util.test.junit.AutoTests" name="[70] /home/travis/build/icyphy/ptII/ptolemy/domains/de/test/auto/TimingParadox.xml (RunModel)" time="0.424" />
  <testcase classname="ptolemy.util.test.junit.AutoTests" name="[71] /home/travis/build/icyphy/ptII/ptolemy/domains/de/test/auto/TransferInputs.xml (RunModel)" time="0.029" />
  <testcase classname="ptolemy.util.test.junit.AutoTests" name="[72] /home/travis/build/icyphy/ptII/ptolemy/domains/de/test/auto/TransferOutputs2.xml (RunModel)" time="0.022" />
  <testcase classname="ptolemy.util.test.junit.AutoTests" name="[73] /home/travis/build/icyphy/ptII/ptolemy/domains/de/test/auto/Trilateration.xml (RunModel)" time="13.834" />
  <testcase classname="ptolemy.util.test.junit.AutoTests" name="[74] /home/travis/build/icyphy/ptII/ptolemy/domains/de/test/auto/TwoSigmaDelta.xml (RunModel)" time="2.296" />
  <testcase classname="ptolemy.util.test.junit.AutoTests" name="[75] /home/travis/build/icyphy/ptII/ptolemy/domains/de/test/auto/VariableDelay.xml (RunModel)" time="0.024" />
  <testcase classname="ptolemy.util.test.junit.AutoTests" name="[76] /home/travis/build/icyphy/ptII/ptolemy/domains/de/test/auto/VariableDelay2.xml (RunModel)" time="0.013" />
  <testcase classname="ptolemy.util.test.junit.AutoTests" name="[77] /home/travis/build/icyphy/ptII/ptolemy/domains/de/test/auto/VariableDelayZeroDelay.xml (RunModel)" time="0.013" />
  <testcase classname="ptolemy.util.test.junit.AutoTests" name="[78] /home/travis/build/icyphy/ptII/ptolemy/domains/de/test/auto/VariableDelayZeroDelay2.xml (RunModel)" time="0.01" />
  <testcase classname="ptolemy.util.test.junit.AutoTests" name="[79] /home/travis/build/icyphy/ptII/ptolemy/domains/de/test/auto/deInCt.xml (RunModel)" time="0.014" />
  <testcase classname="ptolemy.util.test.junit.AutoTests" name="[80] /home/travis/build/icyphy/ptII/ptolemy/domains/de/test/auto/deInCt2.xml (RunModel)" time="0.016" />
  <testcase classname="ptolemy.util.test.junit.AutoTests" name="[81] /home/travis/build/icyphy/ptII/ptolemy/domains/de/test/auto/dynamicCausalityInterface1.xml (RunModel)" time="0.023" />
  <testcase classname="ptolemy.util.test.junit.AutoTests" name="[82] /home/travis/build/icyphy/ptII/ptolemy/domains/de/test/auto/fsm_de_test.xml (RunModel)" time="0.028" />
  <testcase classname="ptolemy.util.test.junit.AutoTests" name="[83] /home/travis/build/icyphy/ptII/ptolemy/domains/de/test/auto/functionDependencyReconstruction.xml (RunModel)" time="0.057" />
  <testcase classname="ptolemy.util.test.junit.AutoTests" name="[84] /home/travis/build/icyphy/ptII/ptolemy/domains/de/test/auto/multirate.xml (RunModel)" time="0.016" />
  <testcase classname="ptolemy.util.test.junit.AutoTests" name="[85] /home/travis/build/icyphy/ptII/ptolemy/domains/de/test/auto/multirate2.xml (RunModel)" time="0.021" />
  <testcase classname="ptolemy.util.test.junit.AutoTests" name="[86] /home/travis/build/icyphy/ptII/ptolemy/domains/de/test/auto/realtime.xml (RunModel)" time="10.013" />
  <testcase classname="ptolemy.util.test.junit.AutoTests" name="[87] /home/travis/build/icyphy/ptII/ptolemy/domains/de/test/auto/relationGroup.xml (RunModel)" time="0.008" />
  <testcase classname="ptolemy.util.test.junit.AutoTests" name="[88] /home/travis/build/icyphy/ptII/ptolemy/domains/de/test/auto/relationGroup2.xml (RunModel)" time="0.015" />
  <testcase classname="ptolemy.util.test.junit.AutoTests" name="[89] /home/travis/build/icyphy/ptII/ptolemy/domains/de/test/auto/sortWithOpaquePorts.xml (RunModel)" time="0.011" />
  <testcase classname="ptolemy.util.test.junit.AutoTests" name="[90] /home/travis/build/icyphy/ptII/ptolemy/domains/de/test/auto/transferInputsandOutputs.xml (RunModel)" time="0.031" />
  <testcase classname="ptolemy.util.test.junit.AutoTests" name="[91] /home/travis/build/icyphy/ptII/ptolemy/domains/de/test/auto/triggerType.xml (RunModel)" time="0.009" />
  <system-out><![CDATA[/home/travis/build/icyphy/ptII/ptolemy/domains/de/test/DependencyLoop.tcl
testDefs.tcl: setting time out to 9000 seconds at Sat Aug 24 05:26:43 UTC 2019
92 ms. Memory: 120832K Free: 72134K (60%)
23 ms. Memory: 120832K Free: 54719K (45%)
/home/travis/build/icyphy/ptII/ptolemy/domains/de/test/RunDETestsAsQSS.tcl
Run the DE tests using ptolemy.domains.qss.test.QSSDirectorTest, which extends QSSDirector and prints a message in the constructors.
------------------ testing $PTII/ptolemy/domains/de/test/auto/knownFailedTests/DirectFeedback.xml (Known Failure) 
63 ms. Memory: 120832K Free: 49096K (41%)


==== $PTIIhome/travis/build/icyphy/ptII/ptolemy/domains/de/test/../../../../: Auto Automatic test in file $PTII/ptolemy/domains/de/test/auto/knownFailedTests/DirectFeedback.xml
==== Contents of test case:

	    # FIXME: we should use $relativeFilename here, but it
	    # might have backslashes under Windows, which causes no end
	    # of trouble.
	    createAndExecute $file
	    list {}
	
.... Test generated KNOWN error:
    while executing
ptolemy.kernel.util.IllegalActionException: Test fails in iteration 1.
Value was: 1.0. Should have been: 2.0
  in .DirectFeedback.Test
	at ptolemy.actor.lib.Test.fire(Test.java:268)
	at ptolemy.domains.de.kernel.DEDirector._fire(DEDirector.java:1949)
	at ptolemy.domains.de.kernel.DEDirector.fire(DEDirector.java:502)
	at ptolemy.actor.CompositeActor.fire(CompositeActor.java:455)
	at ptolemy.actor.Manager.iterate(Manager.java:851)
	at ptolemy.actor.Manager.execute(Manager.java:369)
	at ptolemy.actor.Manager.run(Manager.java:1263)
	at ptolemy.actor.Manager$PtolemyRunThread.run(Manager.java:1933)

    while executing
ptolemy.kernel.util.IllegalActionException: Test fails in iteration 1.
Value was: 1.0. Should have been: 2.0
  in .DirectFeedback.Test
    while executing
"java::new ptolemy.moml.MoMLSimpleApplication $file
"
    (procedure "createAndExecute" line 2)
    invoked from within
"createAndExecute $file"
    ("uplevel" body line 5)
    invoked from within
"uplevel $contents_of_test"
------------------ testing $PTII/ptolemy/domains/de/test/auto/knownFailedTests/dependencyLoop.xml (Known Failure) 
24 ms. Memory: 120832K Free: 46024K (38%)


==== $PTIIhome/travis/build/icyphy/ptII/ptolemy/domains/de/test/../../../../: Auto Automatic test in file $PTII/ptolemy/domains/de/test/auto/knownFailedTests/dependencyLoop.xml
==== Contents of test case:

	    # FIXME: we should use $relativeFilename here, but it
	    # might have backslashes under Windows, which causes no end
	    # of trouble.
	    createAndExecute $file
	    list {}
	
.... Test generated KNOWN error:
    while executing
ptolemy.kernel.util.IllegalActionException: Found a zero delay loop containing .dependencyLoop.original
  in .dependencyLoop and .dependencyLoop.original
	at ptolemy.actor.util.CausalityInterfaceForComposites._computeOutputPortDepth(CausalityInterfaceForComposites.java:759)
	at ptolemy.actor.util.CausalityInterfaceForComposites._computeInputDepth(CausalityInterfaceForComposites.java:696)
	at ptolemy.actor.util.CausalityInterfaceForComposites._computeOutputPortDepth(CausalityInterfaceForComposites.java:765)
	at ptolemy.actor.util.CausalityInterfaceForComposites._computeInputDepth(CausalityInterfaceForComposites.java:696)
	at ptolemy.actor.util.CausalityInterfaceForComposites._computeOutputPortDepth(CausalityInterfaceForComposites.java:765)
	at ptolemy.actor.util.CausalityInterfaceForComposites._computeInputDepth(CausalityInterfaceForComposites.java:696)
	at ptolemy.actor.util.CausalityInterfaceForComposites._computeActorDepth(CausalityInterfaceForComposites.java:532)
	at ptolemy.actor.util.CausalityInterfaceForComposites.checkForCycles(CausalityInterfaceForComposites.java:96)
	at ptolemy.domains.de.kernel.DEDirector.preinitialize(DEDirector.java:1338)
	at ptolemy.actor.CompositeActor.preinitialize(CompositeActor.java:1828)
	at ptolemy.actor.Manager.preinitializeAndResolveTypes(Manager.java:1040)
	at ptolemy.actor.Manager.initialize(Manager.java:710)
	at ptolemy.actor.Manager.execute(Manager.java:356)
	at ptolemy.actor.Manager.run(Manager.java:1263)
	at ptolemy.actor.Manager$PtolemyRunThread.run(Manager.java:1933)

    while executing
ptolemy.kernel.util.IllegalActionException: Found a zero delay loop containing .dependencyLoop.original
  in .dependencyLoop and .dependencyLoop.original
    while executing
"java::new ptolemy.moml.MoMLSimpleApplication $file
"
    (procedure "createAndExecute" line 2)
    invoked from within
"createAndExecute $file"
    ("uplevel" body line 5)
    invoked from within
"uplevel $contents_of_test"
------------------ testing $PTII/ptolemy/domains/de/test/auto/knownFailedTests/FSMSource.xml (Known Failure) 
86 ms. Memory: 120832K Free: 99534K (82%)
!!!! Auto was marked as failing, but now passes
------------------ testing $PTII/ptolemy/domains/de/test/auto/knownFailedTests/HierarchicalModel.xml (Known Failure) 
6 ms. Memory: 120832K Free: 82468K (68%)


==== $PTIIhome/travis/build/icyphy/ptII/ptolemy/domains/de/test/../../../../: Auto Automatic test in file $PTII/ptolemy/domains/de/test/auto/knownFailedTests/HierarchicalModel.xml
==== Contents of test case:

	    # FIXME: we should use $relativeFilename here, but it
	    # might have backslashes under Windows, which causes no end
	    # of trouble.
	    createAndExecute $file
	    list {}
	
.... Test generated KNOWN error:
    while executing
ptolemy.kernel.util.IllegalActionException: Found a zero delay loop containing .HierarchicalModel.A
  in .HierarchicalModel and .HierarchicalModel.A
	at ptolemy.actor.util.CausalityInterfaceForComposites._computeOutputPortDepth(CausalityInterfaceForComposites.java:759)
	at ptolemy.actor.util.CausalityInterfaceForComposites._computeInputDepth(CausalityInterfaceForComposites.java:696)
	at ptolemy.actor.util.CausalityInterfaceForComposites._computeOutputPortDepth(CausalityInterfaceForComposites.java:765)
	at ptolemy.actor.util.CausalityInterfaceForComposites._computeInputDepth(CausalityInterfaceForComposites.java:696)
	at ptolemy.actor.util.CausalityInterfaceForComposites._computeOutputPortDepth(CausalityInterfaceForComposites.java:765)
	at ptolemy.actor.util.CausalityInterfaceForComposites._computeInputDepth(CausalityInterfaceForComposites.java:696)
	at ptolemy.actor.util.CausalityInterfaceForComposites._computeActorDepth(CausalityInterfaceForComposites.java:532)
	at ptolemy.actor.util.CausalityInterfaceForComposites.checkForCycles(CausalityInterfaceForComposites.java:96)
	at ptolemy.domains.de.kernel.DEDirector.preinitialize(DEDirector.java:1338)
	at ptolemy.actor.CompositeActor.preinitialize(CompositeActor.java:1828)
	at ptolemy.actor.Manager.preinitializeAndResolveTypes(Manager.java:1040)
	at ptolemy.actor.Manager.initialize(Manager.java:710)
	at ptolemy.actor.Manager.execute(Manager.java:356)
	at ptolemy.actor.Manager.run(Manager.java:1263)
	at ptolemy.actor.Manager$PtolemyRunThread.run(Manager.java:1933)

    while executing
ptolemy.kernel.util.IllegalActionException: Found a zero delay loop containing .HierarchicalModel.A
  in .HierarchicalModel and .HierarchicalModel.A
    while executing
"java::new ptolemy.moml.MoMLSimpleApplication $file
"
    (procedure "createAndExecute" line 2)
    invoked from within
"createAndExecute $file"
    ("uplevel" body line 5)
    invoked from within
"uplevel $contents_of_test"
------------------ testing $PTII/ptolemy/domains/de/test/auto/knownFailedTests/dependencyLoop2.xml (Known Failure) 
14 ms. Memory: 120832K Free: 66345K (55%)


==== $PTIIhome/travis/build/icyphy/ptII/ptolemy/domains/de/test/../../../../: Auto Automatic test in file $PTII/ptolemy/domains/de/test/auto/knownFailedTests/dependencyLoop2.xml
==== Contents of test case:

	    # FIXME: we should use $relativeFilename here, but it
	    # might have backslashes under Windows, which causes no end
	    # of trouble.
	    createAndExecute $file
	    list {}
	
.... Test generated KNOWN error:
    while executing
ptolemy.kernel.util.IllegalActionException: Found a zero delay loop containing .dependencyLoop2.original
  in .dependencyLoop2 and .dependencyLoop2.original
	at ptolemy.actor.util.CausalityInterfaceForComposites._computeOutputPortDepth(CausalityInterfaceForComposites.java:759)
	at ptolemy.actor.util.CausalityInterfaceForComposites._computeInputDepth(CausalityInterfaceForComposites.java:696)
	at ptolemy.actor.util.CausalityInterfaceForComposites._computeOutputPortDepth(CausalityInterfaceForComposites.java:765)
	at ptolemy.actor.util.CausalityInterfaceForComposites._computeInputDepth(CausalityInterfaceForComposites.java:696)
	at ptolemy.actor.util.CausalityInterfaceForComposites._computeOutputPortDepth(CausalityInterfaceForComposites.java:765)
	at ptolemy.actor.util.CausalityInterfaceForComposites._computeInputDepth(CausalityInterfaceForComposites.java:696)
	at ptolemy.actor.util.CausalityInterfaceForComposites._computeActorDepth(CausalityInterfaceForComposites.java:532)
	at ptolemy.actor.util.CausalityInterfaceForComposites.checkForCycles(CausalityInterfaceForComposites.java:96)
	at ptolemy.domains.de.kernel.DEDirector.preinitialize(DEDirector.java:1338)
	at ptolemy.actor.CompositeActor.preinitialize(CompositeActor.java:1828)
	at ptolemy.actor.Manager.preinitializeAndResolveTypes(Manager.java:1040)
	at ptolemy.actor.Manager.initialize(Manager.java:710)
	at ptolemy.actor.Manager.execute(Manager.java:356)
	at ptolemy.actor.Manager.run(Manager.java:1263)
	at ptolemy.actor.Manager$PtolemyRunThread.run(Manager.java:1933)

    while executing
ptolemy.kernel.util.IllegalActionException: Found a zero delay loop containing .dependencyLoop2.original
  in .dependencyLoop2 and .dependencyLoop2.original
    while executing
"java::new ptolemy.moml.MoMLSimpleApplication $file
"
    (procedure "createAndExecute" line 2)
    invoked from within
"createAndExecute $file"
    ("uplevel" body line 5)
    invoked from within
"uplevel $contents_of_test"
------------------ testing $PTII/ptolemy/domains/de/test/auto/knownFailedTests/DESDFClockTest.xml (Known Failure) 
2059 ms. Memory: 120832K Free: 95787K (79%)


==== $PTIIhome/travis/build/icyphy/ptII/ptolemy/domains/de/test/../../../../: Auto Automatic test in file $PTII/ptolemy/domains/de/test/auto/knownFailedTests/DESDFClockTest.xml
==== Contents of test case:

	    # FIXME: we should use $relativeFilename here, but it
	    # might have backslashes under Windows, which causes no end
	    # of trouble.
	    createAndExecute $file
	    list {}
	
.... Test generated KNOWN error:
    while executing
ptolemy.kernel.util.IllegalActionException: Actor is not ready to fire.  Perhaps UpSample.prefire() returned false? Try debugging the actor by selecting "Listen to Actor".  Also, for SDF check moml for tokenConsumptionRate on input.
  in .DESDFClockTest.Play Bell.Copy1:SDF Director and .DESDFClockTest.Play Bell.UpSample
	at ptolemy.actor.sched.StaticSchedulingDirector.fire(StaticSchedulingDirector.java:227)
	at ptolemy.domains.sdf.kernel.SDFDirector.fire(SDFDirector.java:500)
	at ptolemy.actor.CompositeActor.fire(CompositeActor.java:455)
	at ptolemy.domains.de.kernel.DEDirector._fire(DEDirector.java:1949)
	at ptolemy.domains.de.kernel.DEDirector.fire(DEDirector.java:502)
	at ptolemy.actor.CompositeActor.fire(CompositeActor.java:455)
	at ptolemy.actor.Manager.iterate(Manager.java:851)
	at ptolemy.actor.Manager.execute(Manager.java:369)
	at ptolemy.actor.Manager.run(Manager.java:1263)
	at ptolemy.actor.Manager$PtolemyRunThread.run(Manager.java:1933)

    while executing
ptolemy.kernel.util.IllegalActionException: Actor is not ready to fire.  Perhaps UpSample.prefire() returned false? Try debugging the actor by selecting "Listen to Actor".  Also, for SDF check moml for tokenConsumptionRate on input.
  in .DESDFClockTest.Play Bell.Copy1:SDF Director and .DESDFClockTest.Play Bell.UpSample
    while executing
"java::new ptolemy.moml.MoMLSimpleApplication $file
"
    (procedure "createAndExecute" line 2)
    invoked from within
"createAndExecute $file"
    ("uplevel" body line 5)
    invoked from within
"uplevel $contents_of_test"
------------------ testing $PTII/ptolemy/domains/de/test/auto/ActorDepthCalculation_actorWithoutPorts.xml
auto.tcl: Setting watchdog for 200 seconds at Sat Aug 24 05:26:47 UTC 2019
15 ms. Memory: 120832K Free: 88109K (73%)
ptolemy.util.test.WatchDog.cancel(): canceling Sat Aug 24 05:26:47 UTC 2019
auto.tcl: Setting watchdog for 200 seconds at Sat Aug 24 05:26:47 UTC 2019
5 ms. Memory: 120832K Free: 87085K (72%)
ptolemy.util.test.WatchDog.cancel(): canceling Sat Aug 24 05:26:47 UTC 2019
------------------ testing $PTII/ptolemy/domains/de/test/auto/AssemblyLine.xml
auto.tcl: Setting watchdog for 200 seconds at Sat Aug 24 05:26:48 UTC 2019
25 ms. Memory: 48128K Free: 26018K (54%)
ptolemy.util.test.WatchDog.cancel(): canceling Sat Aug 24 05:26:48 UTC 2019
auto.tcl: Setting watchdog for 200 seconds at Sat Aug 24 05:26:48 UTC 2019
11 ms. Memory: 48128K Free: 25316K (53%)
ptolemy.util.test.WatchDog.cancel(): canceling Sat Aug 24 05:26:48 UTC 2019
------------------ testing $PTII/ptolemy/domains/de/test/auto/CQBug1.xml
auto.tcl: Setting watchdog for 200 seconds at Sat Aug 24 05:26:48 UTC 2019
3 ms. Memory: 48128K Free: 31595K (66%)
ptolemy.util.test.WatchDog.cancel(): canceling Sat Aug 24 05:26:48 UTC 2019
auto.tcl: Setting watchdog for 200 seconds at Sat Aug 24 05:26:48 UTC 2019
3 ms. Memory: 48128K Free: 31161K (65%)
ptolemy.util.test.WatchDog.cancel(): canceling Sat Aug 24 05:26:48 UTC 2019
------------------ testing $PTII/ptolemy/domains/de/test/auto/CancelFireAt.xml
auto.tcl: Setting watchdog for 200 seconds at Sat Aug 24 05:26:48 UTC 2019
3 ms. Memory: 48128K Free: 32725K (68%)
ptolemy.util.test.WatchDog.cancel(): canceling Sat Aug 24 05:26:48 UTC 2019
auto.tcl: Setting watchdog for 200 seconds at Sat Aug 24 05:26:48 UTC 2019
2 ms. Memory: 48128K Free: 32284K (67%)
ptolemy.util.test.WatchDog.cancel(): canceling Sat Aug 24 05:26:48 UTC 2019
------------------ testing $PTII/ptolemy/domains/de/test/auto/CausalityAndComposabilityAnalysis.xml
auto.tcl: Setting watchdog for 200 seconds at Sat Aug 24 05:26:48 UTC 2019
8 ms. Memory: 48128K Free: 30471K (63%)
ptolemy.util.test.WatchDog.cancel(): canceling Sat Aug 24 05:26:48 UTC 2019
auto.tcl: Setting watchdog for 200 seconds at Sat Aug 24 05:26:48 UTC 2019
5 ms. Memory: 48128K Free: 30022K (62%)
ptolemy.util.test.WatchDog.cancel(): canceling Sat Aug 24 05:26:48 UTC 2019
------------------ testing $PTII/ptolemy/domains/de/test/auto/CausalityInterface1.xml
auto.tcl: Setting watchdog for 200 seconds at Sat Aug 24 05:26:48 UTC 2019
19 ms. Memory: 48128K Free: 29178K (61%)
ptolemy.util.test.WatchDog.cancel(): canceling Sat Aug 24 05:26:49 UTC 2019
auto.tcl: Setting watchdog for 200 seconds at Sat Aug 24 05:26:49 UTC 2019
5 ms. Memory: 48128K Free: 28428K (59%)
ptolemy.util.test.WatchDog.cancel(): canceling Sat Aug 24 05:26:49 UTC 2019
------------------ testing $PTII/ptolemy/domains/de/test/auto/CausalityInterface15.xml
auto.tcl: Setting watchdog for 200 seconds at Sat Aug 24 05:26:49 UTC 2019
7 ms. Memory: 48128K Free: 29334K (61%)
ptolemy.util.test.WatchDog.cancel(): canceling Sat Aug 24 05:26:49 UTC 2019
auto.tcl: Setting watchdog for 200 seconds at Sat Aug 24 05:26:49 UTC 2019
8 ms. Memory: 48128K Free: 28393K (59%)
ptolemy.util.test.WatchDog.cancel(): canceling Sat Aug 24 05:26:49 UTC 2019
------------------ testing $PTII/ptolemy/domains/de/test/auto/CausalityInterface2.xml
auto.tcl: Setting watchdog for 200 seconds at Sat Aug 24 05:26:49 UTC 2019
6 ms. Memory: 48128K Free: 29883K (62%)
ptolemy.util.test.WatchDog.cancel(): canceling Sat Aug 24 05:26:49 UTC 2019
auto.tcl: Setting watchdog for 200 seconds at Sat Aug 24 05:26:49 UTC 2019
4 ms. Memory: 48128K Free: 28954K (60%)
ptolemy.util.test.WatchDog.cancel(): canceling Sat Aug 24 05:26:49 UTC 2019
------------------ testing $PTII/ptolemy/domains/de/test/auto/CausalityInterface3.xml
auto.tcl: Setting watchdog for 200 seconds at Sat Aug 24 05:26:49 UTC 2019
5 ms. Memory: 48128K Free: 29602K (62%)
ptolemy.util.test.WatchDog.cancel(): canceling Sat Aug 24 05:26:49 UTC 2019
auto.tcl: Setting watchdog for 200 seconds at Sat Aug 24 05:26:49 UTC 2019
4 ms. Memory: 48128K Free: 28840K (60%)
ptolemy.util.test.WatchDog.cancel(): canceling Sat Aug 24 05:26:49 UTC 2019
------------------ testing $PTII/ptolemy/domains/de/test/auto/ClockDrift.xml
auto.tcl: Setting watchdog for 200 seconds at Sat Aug 24 05:26:49 UTC 2019
95 ms. Memory: 48128K Free: 22208K (46%)
ptolemy.util.test.WatchDog.cancel(): canceling Sat Aug 24 05:26:49 UTC 2019
auto.tcl: Setting watchdog for 200 seconds at Sat Aug 24 05:26:49 UTC 2019
85 ms. Memory: 48128K Free: 19192K (40%)
ptolemy.util.test.WatchDog.cancel(): canceling Sat Aug 24 05:26:49 UTC 2019
------------------ testing $PTII/ptolemy/domains/de/test/auto/ClockDriftAndValueChange.xml
auto.tcl: Setting watchdog for 200 seconds at Sat Aug 24 05:26:49 UTC 2019
40 ms. Memory: 48128K Free: 22276K (46%)
ptolemy.util.test.WatchDog.cancel(): canceling Sat Aug 24 05:26:49 UTC 2019
auto.tcl: Setting watchdog for 200 seconds at Sat Aug 24 05:26:49 UTC 2019
39 ms. Memory: 48128K Free: 19452K (40%)
ptolemy.util.test.WatchDog.cancel(): canceling Sat Aug 24 05:26:49 UTC 2019
------------------ testing $PTII/ptolemy/domains/de/test/auto/ClockDriftChange.xml
auto.tcl: Setting watchdog for 200 seconds at Sat Aug 24 05:26:49 UTC 2019
22 ms. Memory: 48128K Free: 24333K (51%)
ptolemy.util.test.WatchDog.cancel(): canceling Sat Aug 24 05:26:49 UTC 2019
auto.tcl: Setting watchdog for 200 seconds at Sat Aug 24 05:26:49 UTC 2019
29 ms. Memory: 48128K Free: 21754K (45%)
ptolemy.util.test.WatchDog.cancel(): canceling Sat Aug 24 05:26:49 UTC 2019
------------------ testing $PTII/ptolemy/domains/de/test/auto/ComposableCausalityAnalysis.xml
auto.tcl: Setting watchdog for 200 seconds at Sat Aug 24 05:26:50 UTC 2019
2 ms. Memory: 48128K Free: 28983K (60%)
ptolemy.util.test.WatchDog.cancel(): canceling Sat Aug 24 05:26:50 UTC 2019
auto.tcl: Setting watchdog for 200 seconds at Sat Aug 24 05:26:50 UTC 2019
3 ms. Memory: 48128K Free: 27935K (58%)
ptolemy.util.test.WatchDog.cancel(): canceling Sat Aug 24 05:26:50 UTC 2019
------------------ testing $PTII/ptolemy/domains/de/test/auto/DEFixedPointLimitation.xml
auto.tcl: Setting watchdog for 200 seconds at Sat Aug 24 05:26:50 UTC 2019
2 ms. Memory: 48128K Free: 30310K (63%)
ptolemy.util.test.WatchDog.cancel(): canceling Sat Aug 24 05:26:50 UTC 2019
auto.tcl: Setting watchdog for 200 seconds at Sat Aug 24 05:26:50 UTC 2019
2 ms. Memory: 48128K Free: 29380K (61%)
ptolemy.util.test.WatchDog.cancel(): canceling Sat Aug 24 05:26:50 UTC 2019
------------------ testing $PTII/ptolemy/domains/de/test/auto/DEScheduleTest.xml
auto.tcl: Setting watchdog for 200 seconds at Sat Aug 24 05:26:50 UTC 2019
6 ms. Memory: 48128K Free: 30620K (64%)
ptolemy.util.test.WatchDog.cancel(): canceling Sat Aug 24 05:26:50 UTC 2019
auto.tcl: Setting watchdog for 200 seconds at Sat Aug 24 05:26:50 UTC 2019
3 ms. Memory: 48128K Free: 29844K (62%)
ptolemy.util.test.WatchDog.cancel(): canceling Sat Aug 24 05:26:50 UTC 2019
------------------ testing $PTII/ptolemy/domains/de/test/auto/DEinDEwithStartTimes.xml
auto.tcl: Setting watchdog for 200 seconds at Sat Aug 24 05:26:50 UTC 2019
7 ms. Memory: 48128K Free: 28769K (60%)
ptolemy.util.test.WatchDog.cancel(): canceling Sat Aug 24 05:26:50 UTC 2019
auto.tcl: Setting watchdog for 200 seconds at Sat Aug 24 05:26:50 UTC 2019
6 ms. Memory: 48128K Free: 27745K (58%)
ptolemy.util.test.WatchDog.cancel(): canceling Sat Aug 24 05:26:50 UTC 2019
------------------ testing $PTII/ptolemy/domains/de/test/auto/DEinDEwithStartTimes2.xml
auto.tcl: Setting watchdog for 200 seconds at Sat Aug 24 05:26:50 UTC 2019
7 ms. Memory: 48128K Free: 27996K (58%)
ptolemy.util.test.WatchDog.cancel(): canceling Sat Aug 24 05:26:50 UTC 2019
auto.tcl: Setting watchdog for 200 seconds at Sat Aug 24 05:26:50 UTC 2019
4 ms. Memory: 48128K Free: 26700K (55%)
ptolemy.util.test.WatchDog.cancel(): canceling Sat Aug 24 05:26:50 UTC 2019
------------------ testing $PTII/ptolemy/domains/de/test/auto/DateDemo.xml
auto.tcl: Setting watchdog for 200 seconds at Sat Aug 24 05:26:50 UTC 2019
21 ms. Memory: 48128K Free: 22331K (46%)
ptolemy.util.test.WatchDog.cancel(): canceling Sat Aug 24 05:26:50 UTC 2019
auto.tcl: Setting watchdog for 200 seconds at Sat Aug 24 05:26:50 UTC 2019
10 ms. Memory: 48128K Free: 20531K (43%)
ptolemy.util.test.WatchDog.cancel(): canceling Sat Aug 24 05:26:50 UTC 2019
------------------ testing $PTII/ptolemy/domains/de/test/auto/DateToEvent.xml
auto.tcl: Setting watchdog for 200 seconds at Sat Aug 24 05:26:50 UTC 2019
2015 ms. Memory: 48128K Free: 17769K (37%)
ptolemy.util.test.WatchDog.cancel(): canceling Sat Aug 24 05:26:52 UTC 2019
auto.tcl: Setting watchdog for 200 seconds at Sat Aug 24 05:26:52 UTC 2019
2006 ms. Memory: 48128K Free: 17374K (36%)
ptolemy.util.test.WatchDog.cancel(): canceling Sat Aug 24 05:26:54 UTC 2019
------------------ testing $PTII/ptolemy/domains/de/test/auto/DepthTest1.xml
auto.tcl: Setting watchdog for 200 seconds at Sat Aug 24 05:26:54 UTC 2019
7 ms. Memory: 48128K Free: 31089K (65%)
ptolemy.util.test.WatchDog.cancel(): canceling Sat Aug 24 05:26:54 UTC 2019
auto.tcl: Setting watchdog for 200 seconds at Sat Aug 24 05:26:54 UTC 2019
2 ms. Memory: 48128K Free: 30654K (64%)
ptolemy.util.test.WatchDog.cancel(): canceling Sat Aug 24 05:26:54 UTC 2019
------------------ testing $PTII/ptolemy/domains/de/test/auto/DepthTest2.xml
auto.tcl: Setting watchdog for 200 seconds at Sat Aug 24 05:26:54 UTC 2019
10 ms. Memory: 48128K Free: 27880K (58%)
ptolemy.util.test.WatchDog.cancel(): canceling Sat Aug 24 05:26:54 UTC 2019
auto.tcl: Setting watchdog for 200 seconds at Sat Aug 24 05:26:54 UTC 2019
4 ms. Memory: 48128K Free: 27431K (57%)
ptolemy.util.test.WatchDog.cancel(): canceling Sat Aug 24 05:26:54 UTC 2019
------------------ testing $PTII/ptolemy/domains/de/test/auto/DepthTest3.xml
auto.tcl: Setting watchdog for 200 seconds at Sat Aug 24 05:26:54 UTC 2019
9 ms. Memory: 48128K Free: 31477K (65%)
ptolemy.util.test.WatchDog.cancel(): canceling Sat Aug 24 05:26:54 UTC 2019
auto.tcl: Setting watchdog for 200 seconds at Sat Aug 24 05:26:54 UTC 2019
2 ms. Memory: 48128K Free: 31006K (64%)
ptolemy.util.test.WatchDog.cancel(): canceling Sat Aug 24 05:26:55 UTC 2019
------------------ testing $PTII/ptolemy/domains/de/test/auto/DepthTest4.xml
auto.tcl: Setting watchdog for 200 seconds at Sat Aug 24 05:26:55 UTC 2019
6 ms. Memory: 48128K Free: 29690K (62%)
ptolemy.util.test.WatchDog.cancel(): canceling Sat Aug 24 05:26:55 UTC 2019
auto.tcl: Setting watchdog for 200 seconds at Sat Aug 24 05:26:55 UTC 2019
2 ms. Memory: 48128K Free: 29028K (60%)
ptolemy.util.test.WatchDog.cancel(): canceling Sat Aug 24 05:26:55 UTC 2019
------------------ testing $PTII/ptolemy/domains/de/test/auto/DepthTest5.xml
auto.tcl: Setting watchdog for 200 seconds at Sat Aug 24 05:26:55 UTC 2019
5 ms. Memory: 48128K Free: 29136K (61%)
ptolemy.util.test.WatchDog.cancel(): canceling Sat Aug 24 05:26:55 UTC 2019
auto.tcl: Setting watchdog for 200 seconds at Sat Aug 24 05:26:55 UTC 2019
3 ms. Memory: 48128K Free: 28374K (59%)
ptolemy.util.test.WatchDog.cancel(): canceling Sat Aug 24 05:26:55 UTC 2019
------------------ testing $PTII/ptolemy/domains/de/test/auto/DepthTest6.xml
auto.tcl: Setting watchdog for 200 seconds at Sat Aug 24 05:26:55 UTC 2019
5 ms. Memory: 48128K Free: 28636K (59%)
ptolemy.util.test.WatchDog.cancel(): canceling Sat Aug 24 05:26:55 UTC 2019
auto.tcl: Setting watchdog for 200 seconds at Sat Aug 24 05:26:55 UTC 2019
3 ms. Memory: 48128K Free: 27941K (58%)
ptolemy.util.test.WatchDog.cancel(): canceling Sat Aug 24 05:26:55 UTC 2019
------------------ testing $PTII/ptolemy/domains/de/test/auto/DepthTest7.xml
auto.tcl: Setting watchdog for 200 seconds at Sat Aug 24 05:26:55 UTC 2019
3 ms. Memory: 48128K Free: 29689K (62%)
ptolemy.util.test.WatchDog.cancel(): canceling Sat Aug 24 05:26:55 UTC 2019
auto.tcl: Setting watchdog for 200 seconds at Sat Aug 24 05:26:55 UTC 2019
3 ms. Memory: 48128K Free: 28957K (60%)
ptolemy.util.test.WatchDog.cancel(): canceling Sat Aug 24 05:26:55 UTC 2019
------------------ testing $PTII/ptolemy/domains/de/test/auto/EventToDate.xml
auto.tcl: Setting watchdog for 200 seconds at Sat Aug 24 05:26:55 UTC 2019
3005 ms. Memory: 48128K Free: 20462K (43%)
ptolemy.util.test.WatchDog.cancel(): canceling Sat Aug 24 05:26:58 UTC 2019
auto.tcl: Setting watchdog for 200 seconds at Sat Aug 24 05:26:58 UTC 2019
3006 ms. Memory: 48128K Free: 19766K (41%)
ptolemy.util.test.WatchDog.cancel(): canceling Sat Aug 24 05:27:01 UTC 2019
------------------ testing $PTII/ptolemy/domains/de/test/auto/FSM1.xml
auto.tcl: Setting watchdog for 200 seconds at Sat Aug 24 05:27:01 UTC 2019
57 ms. Memory: 48128K Free: 21177K (44%)
ptolemy.util.test.WatchDog.cancel(): canceling Sat Aug 24 05:27:01 UTC 2019
auto.tcl: Setting watchdog for 200 seconds at Sat Aug 24 05:27:01 UTC 2019
37 ms. Memory: 48128K Free: 18028K (37%)
ptolemy.util.test.WatchDog.cancel(): canceling Sat Aug 24 05:27:01 UTC 2019
------------------ testing $PTII/ptolemy/domains/de/test/auto/FSM7.xml
auto.tcl: Setting watchdog for 200 seconds at Sat Aug 24 05:27:01 UTC 2019
15 ms. Memory: 48128K Free: 21363K (44%)
ptolemy.util.test.WatchDog.cancel(): canceling Sat Aug 24 05:27:01 UTC 2019
auto.tcl: Setting watchdog for 200 seconds at Sat Aug 24 05:27:01 UTC 2019
17 ms. Memory: 48128K Free: 18244K (38%)
ptolemy.util.test.WatchDog.cancel(): canceling Sat Aug 24 05:27:01 UTC 2019
------------------ testing $PTII/ptolemy/domains/de/test/auto/Inspection.xml
auto.tcl: Setting watchdog for 200 seconds at Sat Aug 24 05:27:01 UTC 2019
24 ms. Memory: 48128K Free: 21366K (44%)
ptolemy.util.test.WatchDog.cancel(): canceling Sat Aug 24 05:27:01 UTC 2019
auto.tcl: Setting watchdog for 200 seconds at Sat Aug 24 05:27:01 UTC 2019
19 ms. Memory: 48128K Free: 19657K (41%)
ptolemy.util.test.WatchDog.cancel(): canceling Sat Aug 24 05:27:01 UTC 2019
------------------ testing $PTII/ptolemy/domains/de/test/auto/Iteration.xml
auto.tcl: Setting watchdog for 200 seconds at Sat Aug 24 05:27:01 UTC 2019
11 ms. Memory: 48128K Free: 27140K (56%)
ptolemy.util.test.WatchDog.cancel(): canceling Sat Aug 24 05:27:02 UTC 2019
auto.tcl: Setting watchdog for 200 seconds at Sat Aug 24 05:27:02 UTC 2019
6 ms. Memory: 48128K Free: 25728K (53%)
ptolemy.util.test.WatchDog.cancel(): canceling Sat Aug 24 05:27:02 UTC 2019
------------------ testing $PTII/ptolemy/domains/de/test/auto/LineFault.xml
auto.tcl: Setting watchdog for 200 seconds at Sat Aug 24 05:27:02 UTC 2019
724 ms. Memory: 48128K Free: 29500K (61%)
ptolemy.util.test.WatchDog.cancel(): canceling Sat Aug 24 05:27:03 UTC 2019
auto.tcl: Setting watchdog for 200 seconds at Sat Aug 24 05:27:03 UTC 2019
683 ms. Memory: 58368K Free: 27513K (47%)
ptolemy.util.test.WatchDog.cancel(): canceling Sat Aug 24 05:27:03 UTC 2019
------------------ testing $PTII/ptolemy/domains/de/test/auto/MergeModel1Add.xml
auto.tcl: Setting watchdog for 200 seconds at Sat Aug 24 05:27:03 UTC 2019
16 ms. Memory: 55296K Free: 20293K (37%)
ptolemy.util.test.WatchDog.cancel(): canceling Sat Aug 24 05:27:03 UTC 2019
auto.tcl: Setting watchdog for 200 seconds at Sat Aug 24 05:27:03 UTC 2019
11 ms. Memory: 55296K Free: 18604K (34%)
ptolemy.util.test.WatchDog.cancel(): canceling Sat Aug 24 05:27:03 UTC 2019
------------------ testing $PTII/ptolemy/domains/de/test/auto/MergeModel2Add.xml
auto.tcl: Setting watchdog for 200 seconds at Sat Aug 24 05:27:03 UTC 2019
12 ms. Memory: 51200K Free: 18035K (35%)
ptolemy.util.test.WatchDog.cancel(): canceling Sat Aug 24 05:27:04 UTC 2019
auto.tcl: Setting watchdog for 200 seconds at Sat Aug 24 05:27:04 UTC 2019
12 ms. Memory: 51200K Free: 16277K (32%)
ptolemy.util.test.WatchDog.cancel(): canceling Sat Aug 24 05:27:04 UTC 2019
------------------ testing $PTII/ptolemy/domains/de/test/auto/MergeModel3Add.xml
auto.tcl: Setting watchdog for 200 seconds at Sat Aug 24 05:27:04 UTC 2019
10 ms. Memory: 51200K Free: 18259K (36%)
ptolemy.util.test.WatchDog.cancel(): canceling Sat Aug 24 05:27:04 UTC 2019
auto.tcl: Setting watchdog for 200 seconds at Sat Aug 24 05:27:04 UTC 2019
11 ms. Memory: 51200K Free: 16857K (33%)
ptolemy.util.test.WatchDog.cancel(): canceling Sat Aug 24 05:27:04 UTC 2019
------------------ testing $PTII/ptolemy/domains/de/test/auto/MergeWithoutDiscard.xml
auto.tcl: Setting watchdog for 200 seconds at Sat Aug 24 05:27:04 UTC 2019
2 ms. Memory: 51200K Free: 32585K (64%)
ptolemy.util.test.WatchDog.cancel(): canceling Sat Aug 24 05:27:04 UTC 2019
auto.tcl: Setting watchdog for 200 seconds at Sat Aug 24 05:27:04 UTC 2019
1 ms. Memory: 51200K Free: 32147K (63%)
ptolemy.util.test.WatchDog.cancel(): canceling Sat Aug 24 05:27:04 UTC 2019
------------------ testing $PTII/ptolemy/domains/de/test/auto/Modal1.xml
auto.tcl: Setting watchdog for 200 seconds at Sat Aug 24 05:27:04 UTC 2019
18 ms. Memory: 48128K Free: 21924K (46%)
ptolemy.util.test.WatchDog.cancel(): canceling Sat Aug 24 05:27:04 UTC 2019
auto.tcl: Setting watchdog for 200 seconds at Sat Aug 24 05:27:04 UTC 2019
31 ms. Memory: 48128K Free: 18646K (39%)
ptolemy.util.test.WatchDog.cancel(): canceling Sat Aug 24 05:27:04 UTC 2019
------------------ testing $PTII/ptolemy/domains/de/test/auto/Modal2.xml
auto.tcl: Setting watchdog for 200 seconds at Sat Aug 24 05:27:04 UTC 2019
12 ms. Memory: 48128K Free: 21788K (45%)
ptolemy.util.test.WatchDog.cancel(): canceling Sat Aug 24 05:27:04 UTC 2019
auto.tcl: Setting watchdog for 200 seconds at Sat Aug 24 05:27:04 UTC 2019
13 ms. Memory: 48128K Free: 18563K (39%)
ptolemy.util.test.WatchDog.cancel(): canceling Sat Aug 24 05:27:04 UTC 2019
------------------ testing $PTII/ptolemy/domains/de/test/auto/Modal3.xml
auto.tcl: Setting watchdog for 200 seconds at Sat Aug 24 05:27:04 UTC 2019
16 ms. Memory: 48128K Free: 21314K (44%)
ptolemy.util.test.WatchDog.cancel(): canceling Sat Aug 24 05:27:04 UTC 2019
auto.tcl: Setting watchdog for 200 seconds at Sat Aug 24 05:27:04 UTC 2019
12 ms. Memory: 48128K Free: 18164K (38%)
ptolemy.util.test.WatchDog.cancel(): canceling Sat Aug 24 05:27:04 UTC 2019
------------------ testing $PTII/ptolemy/domains/de/test/auto/Modal4.xml
auto.tcl: Setting watchdog for 200 seconds at Sat Aug 24 05:27:04 UTC 2019
28 ms. Memory: 48128K Free: 20735K (43%)
ptolemy.util.test.WatchDog.cancel(): canceling Sat Aug 24 05:27:04 UTC 2019
auto.tcl: Setting watchdog for 200 seconds at Sat Aug 24 05:27:04 UTC 2019
20 ms. Memory: 48128K Free: 16915K (35%)
ptolemy.util.test.WatchDog.cancel(): canceling Sat Aug 24 05:27:04 UTC 2019
------------------ testing $PTII/ptolemy/domains/de/test/auto/Modal5.xml
auto.tcl: Setting watchdog for 200 seconds at Sat Aug 24 05:27:04 UTC 2019
18 ms. Memory: 48128K Free: 20746K (43%)
ptolemy.util.test.WatchDog.cancel(): canceling Sat Aug 24 05:27:04 UTC 2019
auto.tcl: Setting watchdog for 200 seconds at Sat Aug 24 05:27:04 UTC 2019
14 ms. Memory: 48128K Free: 16902K (35%)
ptolemy.util.test.WatchDog.cancel(): canceling Sat Aug 24 05:27:04 UTC 2019
------------------ testing $PTII/ptolemy/domains/de/test/auto/Modal6.xml
auto.tcl: Setting watchdog for 200 seconds at Sat Aug 24 05:27:04 UTC 2019
17 ms. Memory: 48128K Free: 21547K (45%)
ptolemy.util.test.WatchDog.cancel(): canceling Sat Aug 24 05:27:04 UTC 2019
auto.tcl: Setting watchdog for 200 seconds at Sat Aug 24 05:27:04 UTC 2019
17 ms. Memory: 48128K Free: 17529K (36%)
ptolemy.util.test.WatchDog.cancel(): canceling Sat Aug 24 05:27:04 UTC 2019
------------------ testing $PTII/ptolemy/domains/de/test/auto/Modal7.xml
auto.tcl: Setting watchdog for 200 seconds at Sat Aug 24 05:27:04 UTC 2019
16 ms. Memory: 48128K Free: 20524K (43%)
ptolemy.util.test.WatchDog.cancel(): canceling Sat Aug 24 05:27:05 UTC 2019
auto.tcl: Setting watchdog for 200 seconds at Sat Aug 24 05:27:05 UTC 2019
12 ms. Memory: 48128K Free: 17179K (36%)
ptolemy.util.test.WatchDog.cancel(): canceling Sat Aug 24 05:27:05 UTC 2019
------------------ testing $PTII/ptolemy/domains/de/test/auto/ModalModel.xml
auto.tcl: Setting watchdog for 200 seconds at Sat Aug 24 05:27:05 UTC 2019
226 ms. Memory: 48128K Free: 32357K (67%)
ptolemy.util.test.WatchDog.cancel(): canceling Sat Aug 24 05:27:05 UTC 2019
auto.tcl: Setting watchdog for 200 seconds at Sat Aug 24 05:27:05 UTC 2019
211 ms. Memory: 62464K Free: 40123K (64%)
ptolemy.util.test.WatchDog.cancel(): canceling Sat Aug 24 05:27:05 UTC 2019
------------------ testing $PTII/ptolemy/domains/de/test/auto/ModalSource.xml
auto.tcl: Setting watchdog for 200 seconds at Sat Aug 24 05:27:05 UTC 2019
6 ms. Memory: 51200K Free: 28119K (55%)
ptolemy.util.test.WatchDog.cancel(): canceling Sat Aug 24 05:27:05 UTC 2019
auto.tcl: Setting watchdog for 200 seconds at Sat Aug 24 05:27:05 UTC 2019
7 ms. Memory: 51200K Free: 26125K (51%)
ptolemy.util.test.WatchDog.cancel(): canceling Sat Aug 24 05:27:05 UTC 2019
------------------ testing $PTII/ptolemy/domains/de/test/auto/NonInterruptibleTimerZeroDelay.xml
auto.tcl: Setting watchdog for 200 seconds at Sat Aug 24 05:27:05 UTC 2019
4 ms. Memory: 48128K Free: 30500K (63%)
ptolemy.util.test.WatchDog.cancel(): canceling Sat Aug 24 05:27:05 UTC 2019
auto.tcl: Setting watchdog for 200 seconds at Sat Aug 24 05:27:05 UTC 2019
2 ms. Memory: 48128K Free: 29823K (62%)
ptolemy.util.test.WatchDog.cancel(): canceling Sat Aug 24 05:27:05 UTC 2019
------------------ testing $PTII/ptolemy/domains/de/test/auto/OpenQueueingNetwork.xml
auto.tcl: Setting watchdog for 200 seconds at Sat Aug 24 05:27:05 UTC 2019
3060 ms. Memory: 107520K Free: 73696K (69%)
ptolemy.util.test.WatchDog.cancel(): canceling Sat Aug 24 05:27:09 UTC 2019
auto.tcl: Setting watchdog for 200 seconds at Sat Aug 24 05:27:09 UTC 2019
2610 ms. Memory: 129024K Free: 47543K (37%)
ptolemy.util.test.WatchDog.cancel(): canceling Sat Aug 24 05:27:11 UTC 2019
------------------ testing $PTII/ptolemy/domains/de/test/auto/OpenQueuingNetwork.xml
auto.tcl: Setting watchdog for 200 seconds at Sat Aug 24 05:27:11 UTC 2019
284 ms. Memory: 55296K Free: 26624K (48%)
ptolemy.util.test.WatchDog.cancel(): canceling Sat Aug 24 05:27:12 UTC 2019
auto.tcl: Setting watchdog for 200 seconds at Sat Aug 24 05:27:12 UTC 2019
254 ms. Memory: 55296K Free: 36777K (67%)
ptolemy.util.test.WatchDog.cancel(): canceling Sat Aug 24 05:27:12 UTC 2019
------------------ testing $PTII/ptolemy/domains/de/test/auto/PeriodicSampler.xml
auto.tcl: Setting watchdog for 200 seconds at Sat Aug 24 05:27:12 UTC 2019
3 ms. Memory: 51200K Free: 32778K (64%)
ptolemy.util.test.WatchDog.cancel(): canceling Sat Aug 24 05:27:12 UTC 2019
auto.tcl: Setting watchdog for 200 seconds at Sat Aug 24 05:27:12 UTC 2019
2 ms. Memory: 51200K Free: 32258K (63%)
ptolemy.util.test.WatchDog.cancel(): canceling Sat Aug 24 05:27:12 UTC 2019
------------------ testing $PTII/ptolemy/domains/de/test/auto/PersistentIO.xml
auto.tcl: Setting watchdog for 200 seconds at Sat Aug 24 05:27:12 UTC 2019
16 ms. Memory: 51200K Free: 27703K (54%)
ptolemy.util.test.WatchDog.cancel(): canceling Sat Aug 24 05:27:12 UTC 2019
auto.tcl: Setting watchdog for 200 seconds at Sat Aug 24 05:27:12 UTC 2019
5 ms. Memory: 51200K Free: 26183K (51%)
ptolemy.util.test.WatchDog.cancel(): canceling Sat Aug 24 05:27:12 UTC 2019
------------------ testing $PTII/ptolemy/domains/de/test/auto/PortParameterResetOnInitialize.xml
auto.tcl: Setting watchdog for 200 seconds at Sat Aug 24 05:27:12 UTC 2019
5 ms. Memory: 51200K Free: 32687K (64%)
ptolemy.util.test.WatchDog.cancel(): canceling Sat Aug 24 05:27:12 UTC 2019
auto.tcl: Setting watchdog for 200 seconds at Sat Aug 24 05:27:12 UTC 2019
2 ms. Memory: 51200K Free: 32191K (63%)
ptolemy.util.test.WatchDog.cancel(): canceling Sat Aug 24 05:27:12 UTC 2019
------------------ testing $PTII/ptolemy/domains/de/test/auto/PortParameterUpdates.xml
auto.tcl: Setting watchdog for 200 seconds at Sat Aug 24 05:27:12 UTC 2019
8 ms. Memory: 51200K Free: 30771K (60%)
ptolemy.util.test.WatchDog.cancel(): canceling Sat Aug 24 05:27:12 UTC 2019
auto.tcl: Setting watchdog for 200 seconds at Sat Aug 24 05:27:12 UTC 2019
6 ms. Memory: 51200K Free: 29774K (58%)
ptolemy.util.test.WatchDog.cancel(): canceling Sat Aug 24 05:27:12 UTC 2019
------------------ testing $PTII/ptolemy/domains/de/test/auto/QueueAndServer.xml
auto.tcl: Setting watchdog for 200 seconds at Sat Aug 24 05:27:12 UTC 2019
19 ms. Memory: 48128K Free: 26888K (56%)
ptolemy.util.test.WatchDog.cancel(): canceling Sat Aug 24 05:27:12 UTC 2019
auto.tcl: Setting watchdog for 200 seconds at Sat Aug 24 05:27:12 UTC 2019
10 ms. Memory: 48128K Free: 25183K (52%)
ptolemy.util.test.WatchDog.cancel(): canceling Sat Aug 24 05:27:12 UTC 2019
------------------ testing $PTII/ptolemy/domains/de/test/auto/Records.xml
auto.tcl: Setting watchdog for 200 seconds at Sat Aug 24 05:27:12 UTC 2019
6 ms. Memory: 48128K Free: 28877K (60%)
ptolemy.util.test.WatchDog.cancel(): canceling Sat Aug 24 05:27:12 UTC 2019
auto.tcl: Setting watchdog for 200 seconds at Sat Aug 24 05:27:12 UTC 2019
6 ms. Memory: 48128K Free: 28367K (59%)
ptolemy.util.test.WatchDog.cancel(): canceling Sat Aug 24 05:27:13 UTC 2019
------------------ testing $PTII/ptolemy/domains/de/test/auto/ResetTransitionWithStartTime1.xml
auto.tcl: Setting watchdog for 200 seconds at Sat Aug 24 05:27:13 UTC 2019
8 ms. Memory: 48128K Free: 26115K (54%)
ptolemy.util.test.WatchDog.cancel(): canceling Sat Aug 24 05:27:13 UTC 2019
auto.tcl: Setting watchdog for 200 seconds at Sat Aug 24 05:27:13 UTC 2019
7 ms. Memory: 48128K Free: 23604K (49%)
ptolemy.util.test.WatchDog.cancel(): canceling Sat Aug 24 05:27:13 UTC 2019
------------------ testing $PTII/ptolemy/domains/de/test/auto/ResetTransitionWithStartTime2.xml
auto.tcl: Setting watchdog for 200 seconds at Sat Aug 24 05:27:13 UTC 2019
7 ms. Memory: 48128K Free: 25515K (53%)
ptolemy.util.test.WatchDog.cancel(): canceling Sat Aug 24 05:27:13 UTC 2019
auto.tcl: Setting watchdog for 200 seconds at Sat Aug 24 05:27:13 UTC 2019
8 ms. Memory: 48128K Free: 23511K (49%)
ptolemy.util.test.WatchDog.cancel(): canceling Sat Aug 24 05:27:13 UTC 2019
------------------ testing $PTII/ptolemy/domains/de/test/auto/ResetTransitionWithStartTime3.xml
auto.tcl: Setting watchdog for 200 seconds at Sat Aug 24 05:27:13 UTC 2019
12 ms. Memory: 48128K Free: 26069K (54%)
ptolemy.util.test.WatchDog.cancel(): canceling Sat Aug 24 05:27:13 UTC 2019
auto.tcl: Setting watchdog for 200 seconds at Sat Aug 24 05:27:13 UTC 2019
7 ms. Memory: 48128K Free: 23558K (49%)
ptolemy.util.test.WatchDog.cancel(): canceling Sat Aug 24 05:27:13 UTC 2019
------------------ testing $PTII/ptolemy/domains/de/test/auto/ResetTransitionWithStartTime4.xml
auto.tcl: Setting watchdog for 200 seconds at Sat Aug 24 05:27:13 UTC 2019
10 ms. Memory: 48128K Free: 26507K (55%)
ptolemy.util.test.WatchDog.cancel(): canceling Sat Aug 24 05:27:13 UTC 2019
auto.tcl: Setting watchdog for 200 seconds at Sat Aug 24 05:27:13 UTC 2019
5 ms. Memory: 48128K Free: 25094K (52%)
ptolemy.util.test.WatchDog.cancel(): canceling Sat Aug 24 05:27:13 UTC 2019
------------------ testing $PTII/ptolemy/domains/de/test/auto/ResettableTimer1.xml
auto.tcl: Setting watchdog for 200 seconds at Sat Aug 24 05:27:13 UTC 2019
4 ms. Memory: 48128K Free: 30280K (63%)
ptolemy.util.test.WatchDog.cancel(): canceling Sat Aug 24 05:27:13 UTC 2019
auto.tcl: Setting watchdog for 200 seconds at Sat Aug 24 05:27:13 UTC 2019
4 ms. Memory: 48128K Free: 29649K (62%)
ptolemy.util.test.WatchDog.cancel(): canceling Sat Aug 24 05:27:13 UTC 2019
------------------ testing $PTII/ptolemy/domains/de/test/auto/ResettableTimer2.xml
auto.tcl: Setting watchdog for 200 seconds at Sat Aug 24 05:27:13 UTC 2019
3 ms. Memory: 48128K Free: 30364K (63%)
ptolemy.util.test.WatchDog.cancel(): canceling Sat Aug 24 05:27:13 UTC 2019
auto.tcl: Setting watchdog for 200 seconds at Sat Aug 24 05:27:13 UTC 2019
2 ms. Memory: 48128K Free: 29249K (61%)
ptolemy.util.test.WatchDog.cancel(): canceling Sat Aug 24 05:27:13 UTC 2019
------------------ testing $PTII/ptolemy/domains/de/test/auto/ResettableTimer3.xml
auto.tcl: Setting watchdog for 200 seconds at Sat Aug 24 05:27:13 UTC 2019
2 ms. Memory: 48128K Free: 30237K (63%)
ptolemy.util.test.WatchDog.cancel(): canceling Sat Aug 24 05:27:13 UTC 2019
auto.tcl: Setting watchdog for 200 seconds at Sat Aug 24 05:27:13 UTC 2019
2 ms. Memory: 48128K Free: 30202K (63%)
ptolemy.util.test.WatchDog.cancel(): canceling Sat Aug 24 05:27:13 UTC 2019
------------------ testing $PTII/ptolemy/domains/de/test/auto/ResettableTimer4.xml
auto.tcl: Setting watchdog for 200 seconds at Sat Aug 24 05:27:13 UTC 2019
2 ms. Memory: 48128K Free: 30250K (63%)
ptolemy.util.test.WatchDog.cancel(): canceling Sat Aug 24 05:27:13 UTC 2019
auto.tcl: Setting watchdog for 200 seconds at Sat Aug 24 05:27:13 UTC 2019
2 ms. Memory: 48128K Free: 29752K (62%)
ptolemy.util.test.WatchDog.cancel(): canceling Sat Aug 24 05:27:13 UTC 2019
------------------ testing $PTII/ptolemy/domains/de/test/auto/ResettableTimer5.xml
auto.tcl: Setting watchdog for 200 seconds at Sat Aug 24 05:27:13 UTC 2019
2 ms. Memory: 48128K Free: 29699K (62%)
ptolemy.util.test.WatchDog.cancel(): canceling Sat Aug 24 05:27:13 UTC 2019
auto.tcl: Setting watchdog for 200 seconds at Sat Aug 24 05:27:13 UTC 2019
2 ms. Memory: 48128K Free: 29205K (61%)
ptolemy.util.test.WatchDog.cancel(): canceling Sat Aug 24 05:27:13 UTC 2019
------------------ testing $PTII/ptolemy/domains/de/test/auto/ResettableTimer6.xml
auto.tcl: Setting watchdog for 200 seconds at Sat Aug 24 05:27:13 UTC 2019
1 ms. Memory: 48128K Free: 29676K (62%)
ptolemy.util.test.WatchDog.cancel(): canceling Sat Aug 24 05:27:13 UTC 2019
auto.tcl: Setting watchdog for 200 seconds at Sat Aug 24 05:27:13 UTC 2019
1 ms. Memory: 48128K Free: 29181K (61%)
ptolemy.util.test.WatchDog.cancel(): canceling Sat Aug 24 05:27:13 UTC 2019
------------------ testing $PTII/ptolemy/domains/de/test/auto/ServerZeroDelay.xml
auto.tcl: Setting watchdog for 200 seconds at Sat Aug 24 05:27:13 UTC 2019
2 ms. Memory: 48128K Free: 30195K (63%)
ptolemy.util.test.WatchDog.cancel(): canceling Sat Aug 24 05:27:13 UTC 2019
auto.tcl: Setting watchdog for 200 seconds at Sat Aug 24 05:27:13 UTC 2019
1 ms. Memory: 48128K Free: 29214K (61%)
ptolemy.util.test.WatchDog.cancel(): canceling Sat Aug 24 05:27:13 UTC 2019
------------------ testing $PTII/ptolemy/domains/de/test/auto/SmartSender.xml
auto.tcl: Setting watchdog for 200 seconds at Sat Aug 24 05:27:13 UTC 2019
3001 ms. Memory: 48128K Free: 30191K (63%)
ptolemy.util.test.WatchDog.cancel(): canceling Sat Aug 24 05:27:16 UTC 2019
auto.tcl: Setting watchdog for 200 seconds at Sat Aug 24 05:27:16 UTC 2019
3002 ms. Memory: 48128K Free: 29695K (62%)
ptolemy.util.test.WatchDog.cancel(): canceling Sat Aug 24 05:27:19 UTC 2019
------------------ testing $PTII/ptolemy/domains/de/test/auto/ThreadedComposite.xml
auto.tcl: Setting watchdog for 200 seconds at Sat Aug 24 05:27:19 UTC 2019
185 ms. Memory: 48128K Free: 10747K (22%)
ptolemy.util.test.WatchDog.cancel(): canceling Sat Aug 24 05:27:20 UTC 2019
auto.tcl: Setting watchdog for 200 seconds at Sat Aug 24 05:27:20 UTC 2019
136 ms. Memory: 48128K Free: 25110K (52%)
ptolemy.util.test.WatchDog.cancel(): canceling Sat Aug 24 05:27:20 UTC 2019
------------------ testing $PTII/ptolemy/domains/de/test/auto/Time.xml
auto.tcl: Setting watchdog for 200 seconds at Sat Aug 24 05:27:20 UTC 2019
585 ms. Memory: 58368K Free: 14488K (25%)
ptolemy.util.test.WatchDog.cancel(): canceling Sat Aug 24 05:27:20 UTC 2019
auto.tcl: Setting watchdog for 200 seconds at Sat Aug 24 05:27:20 UTC 2019
608 ms. Memory: 58368K Free: 26930K (46%)
ptolemy.util.test.WatchDog.cancel(): canceling Sat Aug 24 05:27:21 UTC 2019
------------------ testing $PTII/ptolemy/domains/de/test/auto/TimeDelayZeroDelay.xml
auto.tcl: Setting watchdog for 200 seconds at Sat Aug 24 05:27:21 UTC 2019
3 ms. Memory: 48128K Free: 30624K (64%)
ptolemy.util.test.WatchDog.cancel(): canceling Sat Aug 24 05:27:21 UTC 2019
auto.tcl: Setting watchdog for 200 seconds at Sat Aug 24 05:27:21 UTC 2019
2 ms. Memory: 48128K Free: 29719K (62%)
ptolemy.util.test.WatchDog.cancel(): canceling Sat Aug 24 05:27:21 UTC 2019
------------------ testing $PTII/ptolemy/domains/de/test/auto/TimerZeroDelay.xml
auto.tcl: Setting watchdog for 200 seconds at Sat Aug 24 05:27:21 UTC 2019
2 ms. Memory: 48128K Free: 30594K (64%)
ptolemy.util.test.WatchDog.cancel(): canceling Sat Aug 24 05:27:21 UTC 2019
auto.tcl: Setting watchdog for 200 seconds at Sat Aug 24 05:27:21 UTC 2019
2 ms. Memory: 48128K Free: 29762K (62%)
ptolemy.util.test.WatchDog.cancel(): canceling Sat Aug 24 05:27:21 UTC 2019
------------------ testing $PTII/ptolemy/domains/de/test/auto/TimingParadox.xml
auto.tcl: Setting watchdog for 200 seconds at Sat Aug 24 05:27:21 UTC 2019
431 ms. Memory: 48128K Free: 13550K (28%)
ptolemy.util.test.WatchDog.cancel(): canceling Sat Aug 24 05:27:22 UTC 2019
auto.tcl: Setting watchdog for 200 seconds at Sat Aug 24 05:27:22 UTC 2019
403 ms. Memory: 48128K Free: 25200K (52%)
ptolemy.util.test.WatchDog.cancel(): canceling Sat Aug 24 05:27:22 UTC 2019
------------------ testing $PTII/ptolemy/domains/de/test/auto/TransferInputs.xml
auto.tcl: Setting watchdog for 200 seconds at Sat Aug 24 05:27:22 UTC 2019
2 ms. Memory: 48128K Free: 28631K (59%)
ptolemy.util.test.WatchDog.cancel(): canceling Sat Aug 24 05:27:22 UTC 2019
auto.tcl: Setting watchdog for 200 seconds at Sat Aug 24 05:27:22 UTC 2019
1 ms. Memory: 48128K Free: 27765K (58%)
ptolemy.util.test.WatchDog.cancel(): canceling Sat Aug 24 05:27:22 UTC 2019
------------------ testing $PTII/ptolemy/domains/de/test/auto/TransferOutputs2.xml
auto.tcl: Setting watchdog for 200 seconds at Sat Aug 24 05:27:22 UTC 2019
3 ms. Memory: 48128K Free: 26073K (54%)
ptolemy.util.test.WatchDog.cancel(): canceling Sat Aug 24 05:27:22 UTC 2019
auto.tcl: Setting watchdog for 200 seconds at Sat Aug 24 05:27:22 UTC 2019
3 ms. Memory: 48128K Free: 24666K (51%)
ptolemy.util.test.WatchDog.cancel(): canceling Sat Aug 24 05:27:22 UTC 2019
------------------ testing $PTII/ptolemy/domains/de/test/auto/Trilateration.xml
auto.tcl: Setting watchdog for 200 seconds at Sat Aug 24 05:27:23 UTC 2019
16240 ms. Memory: 487424K Free: 421915K (87%)
ptolemy.util.test.WatchDog.cancel(): canceling Sat Aug 24 05:27:40 UTC 2019
auto.tcl: Setting watchdog for 200 seconds at Sat Aug 24 05:27:40 UTC 2019
12263 ms. Memory: 487424K Free: 372392K (76%)
ptolemy.util.test.WatchDog.cancel(): canceling Sat Aug 24 05:27:52 UTC 2019
------------------ testing $PTII/ptolemy/domains/de/test/auto/TwoSigmaDelta.xml
auto.tcl: Setting watchdog for 200 seconds at Sat Aug 24 05:27:52 UTC 2019
2903 ms. Memory: 89088K Free: 12929K (15%)
ptolemy.util.test.WatchDog.cancel(): canceling Sat Aug 24 05:27:55 UTC 2019
auto.tcl: Setting watchdog for 200 seconds at Sat Aug 24 05:27:55 UTC 2019
2338 ms. Memory: 89088K Free: 55451K (62%)
ptolemy.util.test.WatchDog.cancel(): canceling Sat Aug 24 05:27:58 UTC 2019
------------------ testing $PTII/ptolemy/domains/de/test/auto/VariableDelay.xml
auto.tcl: Setting watchdog for 200 seconds at Sat Aug 24 05:27:58 UTC 2019
3 ms. Memory: 51200K Free: 32182K (63%)
ptolemy.util.test.WatchDog.cancel(): canceling Sat Aug 24 05:27:58 UTC 2019
auto.tcl: Setting watchdog for 200 seconds at Sat Aug 24 05:27:58 UTC 2019
2 ms. Memory: 51200K Free: 31188K (61%)
ptolemy.util.test.WatchDog.cancel(): canceling Sat Aug 24 05:27:58 UTC 2019
------------------ testing $PTII/ptolemy/domains/de/test/auto/VariableDelay2.xml
auto.tcl: Setting watchdog for 200 seconds at Sat Aug 24 05:27:58 UTC 2019
2 ms. Memory: 51200K Free: 32795K (64%)
ptolemy.util.test.WatchDog.cancel(): canceling Sat Aug 24 05:27:58 UTC 2019
auto.tcl: Setting watchdog for 200 seconds at Sat Aug 24 05:27:58 UTC 2019
2 ms. Memory: 51200K Free: 32283K (63%)
ptolemy.util.test.WatchDog.cancel(): canceling Sat Aug 24 05:27:58 UTC 2019
------------------ testing $PTII/ptolemy/domains/de/test/auto/VariableDelayZeroDelay.xml
auto.tcl: Setting watchdog for 200 seconds at Sat Aug 24 05:27:58 UTC 2019
3 ms. Memory: 48128K Free: 30051K (62%)
ptolemy.util.test.WatchDog.cancel(): canceling Sat Aug 24 05:27:58 UTC 2019
auto.tcl: Setting watchdog for 200 seconds at Sat Aug 24 05:27:58 UTC 2019
2 ms. Memory: 48128K Free: 29507K (61%)
ptolemy.util.test.WatchDog.cancel(): canceling Sat Aug 24 05:27:58 UTC 2019
------------------ testing $PTII/ptolemy/domains/de/test/auto/VariableDelayZeroDelay2.xml
auto.tcl: Setting watchdog for 200 seconds at Sat Aug 24 05:27:58 UTC 2019
2 ms. Memory: 48128K Free: 30050K (62%)
ptolemy.util.test.WatchDog.cancel(): canceling Sat Aug 24 05:27:58 UTC 2019
auto.tcl: Setting watchdog for 200 seconds at Sat Aug 24 05:27:58 UTC 2019
2 ms. Memory: 48128K Free: 29028K (60%)
ptolemy.util.test.WatchDog.cancel(): canceling Sat Aug 24 05:27:58 UTC 2019
------------------ testing $PTII/ptolemy/domains/de/test/auto/deInCt.xml
auto.tcl: Setting watchdog for 200 seconds at Sat Aug 24 05:27:58 UTC 2019
0
1
1
1
0
0
0
1
1
1
0
0
0
1
1
1
0
0
0
1
1
1
1
0
0
0
1
1
1
1
1
1
0
0
0
0
18 ms. Memory: 48128K Free: 29023K (60%)
ptolemy.util.test.WatchDog.cancel(): canceling Sat Aug 24 05:27:58 UTC 2019
auto.tcl: Setting watchdog for 200 seconds at Sat Aug 24 05:27:58 UTC 2019
0
1
1
0
0
0
1
1
1
0
0
0
0
0
1
1
1
0
0
0
0
1
1
1
0
0
0
1
1
1
0
0
0
1
1
1
0
0
0
1
1
1
1
0
0
0
1
1
1
1
14 ms. Memory: 48128K Free: 27485K (57%)
ptolemy.util.test.WatchDog.cancel(): canceling Sat Aug 24 05:27:58 UTC 2019
------------------ testing $PTII/ptolemy/domains/de/test/auto/deInCt2.xml
auto.tcl: Setting watchdog for 200 seconds at Sat Aug 24 05:27:58 UTC 2019
0
1
1
1
0
0
1
1
1
0
0
1
1
1
0
0
1
1
1
0
0
1
1
1
0
0
1
1
1
0
0
1
1
1
0
0
1
1
1
0
0
0
9 ms. Memory: 48128K Free: 29026K (60%)
ptolemy.util.test.WatchDog.cancel(): canceling Sat Aug 24 05:27:58 UTC 2019
auto.tcl: Setting watchdog for 200 seconds at Sat Aug 24 05:27:58 UTC 2019
0
1
1
1
0
0
1
1
1
0
0
1
1
1
0
0
1
1
1
0
0
1
1
1
0
0
1
1
1
0
0
1
1
1
0
0
1
1
1
0
0
0
9 ms. Memory: 48128K Free: 27474K (57%)
ptolemy.util.test.WatchDog.cancel(): canceling Sat Aug 24 05:27:58 UTC 2019
------------------ testing $PTII/ptolemy/domains/de/test/auto/dynamicCausalityInterface1.xml
auto.tcl: Setting watchdog for 200 seconds at Sat Aug 24 05:27:58 UTC 2019
2 ms. Memory: 48128K Free: 24924K (52%)
ptolemy.util.test.WatchDog.cancel(): canceling Sat Aug 24 05:27:58 UTC 2019
auto.tcl: Setting watchdog for 200 seconds at Sat Aug 24 05:27:58 UTC 2019
0 ms. Memory: 48128K Free: 24424K (51%)
ptolemy.util.test.WatchDog.cancel(): canceling Sat Aug 24 05:27:58 UTC 2019
------------------ testing $PTII/ptolemy/domains/de/test/auto/fsm_de_test.xml
auto.tcl: Setting watchdog for 200 seconds at Sat Aug 24 05:27:58 UTC 2019
14 ms. Memory: 48128K Free: 24822K (52%)
ptolemy.util.test.WatchDog.cancel(): canceling Sat Aug 24 05:27:58 UTC 2019
auto.tcl: Setting watchdog for 200 seconds at Sat Aug 24 05:27:58 UTC 2019
9 ms. Memory: 48128K Free: 22774K (47%)
ptolemy.util.test.WatchDog.cancel(): canceling Sat Aug 24 05:27:59 UTC 2019
------------------ testing $PTII/ptolemy/domains/de/test/auto/functionDependencyReconstruction.xml
auto.tcl: Setting watchdog for 200 seconds at Sat Aug 24 05:27:59 UTC 2019
4 ms. Memory: 48128K Free: 18819K (39%)
ptolemy.util.test.WatchDog.cancel(): canceling Sat Aug 24 05:27:59 UTC 2019
auto.tcl: Setting watchdog for 200 seconds at Sat Aug 24 05:27:59 UTC 2019
3 ms. Memory: 48128K Free: 16624K (35%)
ptolemy.util.test.WatchDog.cancel(): canceling Sat Aug 24 05:27:59 UTC 2019
------------------ testing $PTII/ptolemy/domains/de/test/auto/multirate.xml
auto.tcl: Setting watchdog for 200 seconds at Sat Aug 24 05:27:59 UTC 2019
4 ms. Memory: 48128K Free: 27428K (57%)
ptolemy.util.test.WatchDog.cancel(): canceling Sat Aug 24 05:27:59 UTC 2019
auto.tcl: Setting watchdog for 200 seconds at Sat Aug 24 05:27:59 UTC 2019
7 ms. Memory: 48128K Free: 25764K (54%)
ptolemy.util.test.WatchDog.cancel(): canceling Sat Aug 24 05:27:59 UTC 2019
------------------ testing $PTII/ptolemy/domains/de/test/auto/multirate2.xml
auto.tcl: Setting watchdog for 200 seconds at Sat Aug 24 05:27:59 UTC 2019
8 ms. Memory: 48128K Free: 27420K (57%)
ptolemy.util.test.WatchDog.cancel(): canceling Sat Aug 24 05:27:59 UTC 2019
auto.tcl: Setting watchdog for 200 seconds at Sat Aug 24 05:27:59 UTC 2019
4 ms. Memory: 48128K Free: 25923K (54%)
ptolemy.util.test.WatchDog.cancel(): canceling Sat Aug 24 05:27:59 UTC 2019
------------------ testing $PTII/ptolemy/domains/de/test/auto/realtime.xml
auto.tcl: Setting watchdog for 200 seconds at Sat Aug 24 05:27:59 UTC 2019
10001 ms. Memory: 48128K Free: 29757K (62%)
ptolemy.util.test.WatchDog.cancel(): canceling Sat Aug 24 05:28:09 UTC 2019
auto.tcl: Setting watchdog for 200 seconds at Sat Aug 24 05:28:09 UTC 2019
10001 ms. Memory: 48128K Free: 29001K (60%)
ptolemy.util.test.WatchDog.cancel(): canceling Sat Aug 24 05:28:19 UTC 2019
------------------ testing $PTII/ptolemy/domains/de/test/auto/relationGroup.xml
auto.tcl: Setting watchdog for 200 seconds at Sat Aug 24 05:28:19 UTC 2019
2 ms. Memory: 48128K Free: 30768K (64%)
ptolemy.util.test.WatchDog.cancel(): canceling Sat Aug 24 05:28:19 UTC 2019
auto.tcl: Setting watchdog for 200 seconds at Sat Aug 24 05:28:19 UTC 2019
2 ms. Memory: 48128K Free: 30050K (62%)
ptolemy.util.test.WatchDog.cancel(): canceling Sat Aug 24 05:28:19 UTC 2019
------------------ testing $PTII/ptolemy/domains/de/test/auto/relationGroup2.xml
auto.tcl: Setting watchdog for 200 seconds at Sat Aug 24 05:28:19 UTC 2019
2 ms. Memory: 48128K Free: 30831K (64%)
ptolemy.util.test.WatchDog.cancel(): canceling Sat Aug 24 05:28:19 UTC 2019
auto.tcl: Setting watchdog for 200 seconds at Sat Aug 24 05:28:19 UTC 2019
2 ms. Memory: 48128K Free: 30347K (63%)
ptolemy.util.test.WatchDog.cancel(): canceling Sat Aug 24 05:28:19 UTC 2019
------------------ testing $PTII/ptolemy/domains/de/test/auto/sortWithOpaquePorts.xml
auto.tcl: Setting watchdog for 200 seconds at Sat Aug 24 05:28:19 UTC 2019
2 ms. Memory: 48128K Free: 29548K (61%)
ptolemy.util.test.WatchDog.cancel(): canceling Sat Aug 24 05:28:19 UTC 2019
auto.tcl: Setting watchdog for 200 seconds at Sat Aug 24 05:28:19 UTC 2019
2 ms. Memory: 48128K Free: 28536K (59%)
ptolemy.util.test.WatchDog.cancel(): canceling Sat Aug 24 05:28:19 UTC 2019
------------------ testing $PTII/ptolemy/domains/de/test/auto/transferInputsandOutputs.xml
auto.tcl: Setting watchdog for 200 seconds at Sat Aug 24 05:28:19 UTC 2019
6 ms. Memory: 48128K Free: 26991K (56%)
ptolemy.util.test.WatchDog.cancel(): canceling Sat Aug 24 05:28:19 UTC 2019
auto.tcl: Setting watchdog for 200 seconds at Sat Aug 24 05:28:19 UTC 2019
3 ms. Memory: 48128K Free: 25983K (54%)
ptolemy.util.test.WatchDog.cancel(): canceling Sat Aug 24 05:28:19 UTC 2019
------------------ testing $PTII/ptolemy/domains/de/test/auto/triggerType.xml
auto.tcl: Setting watchdog for 200 seconds at Sat Aug 24 05:28:19 UTC 2019
2 ms. Memory: 48128K Free: 30017K (62%)
ptolemy.util.test.WatchDog.cancel(): canceling Sat Aug 24 05:28:19 UTC 2019
auto.tcl: Setting watchdog for 200 seconds at Sat Aug 24 05:28:19 UTC 2019
5 ms. Memory: 48128K Free: 29024K (60%)
ptolemy.util.test.WatchDog.cancel(): canceling Sat Aug 24 05:28:19 UTC 2019
08/24/19 05:28:19
Failed: 0  Total Tests: 192  ((Passed: 187, Newly Passed: 1)  Known Failed: 5) /home/travis/build/icyphy/ptII/ptolemy/domains/de/test
08/24/19 05:28:19
Failed: 0  Total Tests: 192  ((Passed: 187, Newly Passed: 1)  Known Failed: 5) /home/travis/build/icyphy/ptII/ptolemy/domains/de/test
----------------- testing (KnownFailure) /home/travis/build/icyphy/ptII/ptolemy/domains/de/test/auto/knownFailedTests/DESDFClockTest.xml
2026 ms. Memory: 48128K Free: 22901K (48%)
Known Failure: java.lang.reflect.InvocationTargetException
----------------- testing (KnownFailure) /home/travis/build/icyphy/ptII/ptolemy/domains/de/test/auto/knownFailedTests/DirectFeedback.xml
2 ms. Memory: 48128K Free: 19315K (40%)
Known Failure: java.lang.reflect.InvocationTargetException
----------------- testing (KnownFailure) /home/travis/build/icyphy/ptII/ptolemy/domains/de/test/auto/knownFailedTests/FSMSource.xml
7 ms. Memory: 48128K Free: 11637K (24%)
----------------- testing (KnownFailure) /home/travis/build/icyphy/ptII/ptolemy/domains/de/test/auto/knownFailedTests/HierarchicalModel.xml
2 ms. Memory: 48128K Free: 22846K (47%)
Known Failure: java.lang.reflect.InvocationTargetException
----------------- testing (KnownFailure) /home/travis/build/icyphy/ptII/ptolemy/domains/de/test/auto/knownFailedTests/dependencyLoop.xml
3 ms. Memory: 48128K Free: 7477K (16%)
Known Failure: java.lang.reflect.InvocationTargetException
----------------- testing (KnownFailure) /home/travis/build/icyphy/ptII/ptolemy/domains/de/test/auto/knownFailedTests/dependencyLoop2.xml
7 ms. Memory: 48128K Free: 19827K (41%)
Known Failure: java.lang.reflect.InvocationTargetException
No auto/linux-amd64/*.xml tests in /home/travis/build/icyphy/ptII/ptolemy/domains/de/test
AutoTests.java: About to close Vertx.
AutoTests.java: Vertx closed.

===========================================================================================
----------------- testing Sat Aug 24 05:28:22 UTC 2019 /home/travis/build/icyphy/ptII/ptolemy/domains/de/test/auto/ActorDepthCalculation_actorWithoutPorts.xml
----------------- Instantiating /home/travis/build/icyphy/ptII/ptolemy/domains/de/test/auto/ActorDepthCalculation_actorWithoutPorts.xml
3 ms. Memory: 48128K Free: 12955K (27%)
----------------- Invoking toplevel() on ptolemy.moml.MoMLSimpleApplication@6550f9c1
----------------- Done invoking toplevel() on ptolemy.moml.MoMLSimpleApplication@6550f9c1
reloadAllAccessors: .ActorDepthCalculation_actorWithoutPorts

===========================================================================================
----------------- testing Sat Aug 24 05:28:22 UTC 2019 /home/travis/build/icyphy/ptII/ptolemy/domains/de/test/auto/AssemblyLine.xml
----------------- Instantiating /home/travis/build/icyphy/ptII/ptolemy/domains/de/test/auto/AssemblyLine.xml
4 ms. Memory: 48128K Free: 32117K (67%)
----------------- Invoking toplevel() on ptolemy.moml.MoMLSimpleApplication@a6d8337
----------------- Done invoking toplevel() on ptolemy.moml.MoMLSimpleApplication@a6d8337
reloadAllAccessors: .AssemblyLine

===========================================================================================
----------------- testing Sat Aug 24 05:28:22 UTC 2019 /home/travis/build/icyphy/ptII/ptolemy/domains/de/test/auto/CQBug1.xml
----------------- Instantiating /home/travis/build/icyphy/ptII/ptolemy/domains/de/test/auto/CQBug1.xml
1 ms. Memory: 48128K Free: 29123K (61%)
----------------- Invoking toplevel() on ptolemy.moml.MoMLSimpleApplication@53f8dd43
----------------- Done invoking toplevel() on ptolemy.moml.MoMLSimpleApplication@53f8dd43
reloadAllAccessors: .CQBug1

===========================================================================================
----------------- testing Sat Aug 24 05:28:22 UTC 2019 /home/travis/build/icyphy/ptII/ptolemy/domains/de/test/auto/CancelFireAt.xml
----------------- Instantiating /home/travis/build/icyphy/ptII/ptolemy/domains/de/test/auto/CancelFireAt.xml
1 ms. Memory: 48128K Free: 26602K (55%)
----------------- Invoking toplevel() on ptolemy.moml.MoMLSimpleApplication@343d0e1e
----------------- Done invoking toplevel() on ptolemy.moml.MoMLSimpleApplication@343d0e1e
reloadAllAccessors: .CancelFireAt

===========================================================================================
----------------- testing Sat Aug 24 05:28:22 UTC 2019 /home/travis/build/icyphy/ptII/ptolemy/domains/de/test/auto/CausalityAndComposabilityAnalysis.xml
----------------- Instantiating /home/travis/build/icyphy/ptII/ptolemy/domains/de/test/auto/CausalityAndComposabilityAnalysis.xml
2 ms. Memory: 48128K Free: 22238K (46%)
----------------- Invoking toplevel() on ptolemy.moml.MoMLSimpleApplication@7481204c
----------------- Done invoking toplevel() on ptolemy.moml.MoMLSimpleApplication@7481204c
reloadAllAccessors: .CausalityAndComposabilityAnalysis

===========================================================================================
----------------- testing Sat Aug 24 05:28:22 UTC 2019 /home/travis/build/icyphy/ptII/ptolemy/domains/de/test/auto/CausalityInterface1.xml
----------------- Instantiating /home/travis/build/icyphy/ptII/ptolemy/domains/de/test/auto/CausalityInterface1.xml
4 ms. Memory: 48128K Free: 17386K (36%)
----------------- Invoking toplevel() on ptolemy.moml.MoMLSimpleApplication@4d3b21f2
----------------- Done invoking toplevel() on ptolemy.moml.MoMLSimpleApplication@4d3b21f2
reloadAllAccessors: .CausalityInterface1

===========================================================================================
----------------- testing Sat Aug 24 05:28:22 UTC 2019 /home/travis/build/icyphy/ptII/ptolemy/domains/de/test/auto/CausalityInterface15.xml
----------------- Instantiating /home/travis/build/icyphy/ptII/ptolemy/domains/de/test/auto/CausalityInterface15.xml
1 ms. Memory: 48128K Free: 11998K (25%)
----------------- Invoking toplevel() on ptolemy.moml.MoMLSimpleApplication@7d70ab23
----------------- Done invoking toplevel() on ptolemy.moml.MoMLSimpleApplication@7d70ab23
reloadAllAccessors: .CausalityInterface15

===========================================================================================
----------------- testing Sat Aug 24 05:28:22 UTC 2019 /home/travis/build/icyphy/ptII/ptolemy/domains/de/test/auto/CausalityInterface2.xml
----------------- Instantiating /home/travis/build/icyphy/ptII/ptolemy/domains/de/test/auto/CausalityInterface2.xml
1 ms. Memory: 48128K Free: 7581K (16%)
[...]
	at ptolemy.actor.Manager.run(Manager.java:1263)
	at ptolemy.actor.Manager$PtolemyRunThread.run(Manager.java:1933)
java.lang.RuntimeException: Execution failed
	at ptolemy.moml.MoMLSimpleApplication$UnloadThread.run(MoMLSimpleApplication.java:402)
Caused by: ptolemy.kernel.util.IllegalActionException: Actor is not ready to fire.  Perhaps UpSample.prefire() returned false? Try debugging the actor by selecting "Listen to Actor".  Also, for SDF check moml for tokenConsumptionRate on input.
  in .DESDFClockTest.Play Bell.Copy1:SDF Director and .DESDFClockTest.Play Bell.UpSample
	at ptolemy.actor.sched.StaticSchedulingDirector.fire(StaticSchedulingDirector.java:227)
	at ptolemy.domains.sdf.kernel.SDFDirector.fire(SDFDirector.java:500)
	at ptolemy.actor.CompositeActor.fire(CompositeActor.java:455)
	at ptolemy.domains.de.kernel.DEDirector._fire(DEDirector.java:1949)
	at ptolemy.domains.de.kernel.DEDirector.fire(DEDirector.java:502)
	at ptolemy.actor.CompositeActor.fire(CompositeActor.java:455)
	at ptolemy.actor.Manager.iterate(Manager.java:851)
	at ptolemy.actor.Manager.execute(Manager.java:369)
	at ptolemy.actor.Manager.run(Manager.java:1263)
	at ptolemy.actor.Manager$PtolemyRunThread.run(Manager.java:1933)
java.lang.reflect.InvocationTargetException
	at java.base/jdk.internal.reflect.NativeConstructorAccessorImpl.newInstance0(Native Method)
	at java.base/jdk.internal.reflect.NativeConstructorAccessorImpl.newInstance(NativeConstructorAccessorImpl.java:62)
	at java.base/jdk.internal.reflect.DelegatingConstructorAccessorImpl.newInstance(DelegatingConstructorAccessorImpl.java:45)
	at java.base/java.lang.reflect.Constructor.newInstance(Constructor.java:490)
	at ptolemy.util.test.junit.AutoKnownFailedTests.RunModel(AutoKnownFailedTests.java:105)
	at java.base/jdk.internal.reflect.NativeMethodAccessorImpl.invoke0(Native Method)
	at java.base/jdk.internal.reflect.NativeMethodAccessorImpl.invoke(NativeMethodAccessorImpl.java:62)
	at java.base/jdk.internal.reflect.DelegatingMethodAccessorImpl.invoke(DelegatingMethodAccessorImpl.java:43)
	at java.base/java.lang.reflect.Method.invoke(Method.java:566)
	at org.junit.runners.model.FrameworkMethod$1.runReflectiveCall(FrameworkMethod.java:44)
	at org.junit.internal.runners.model.ReflectiveCallable.run(ReflectiveCallable.java:15)
	at org.junit.runners.model.FrameworkMethod.invokeExplosively(FrameworkMethod.java:41)
	at junitparams.internal.InvokeParameterisedMethod.evaluate(InvokeParameterisedMethod.java:102)
	at org.junit.internal.runners.statements.FailOnTimeout$1.run(FailOnTimeout.java:28)
Caused by: ptolemy.kernel.util.IllegalActionException: Actor is not ready to fire.  Perhaps UpSample.prefire() returned false? Try debugging the actor by selecting "Listen to Actor".  Also, for SDF check moml for tokenConsumptionRate on input.
  in .DESDFClockTest.Play Bell.Copy1:SDF Director and .DESDFClockTest.Play Bell.UpSample
	at ptolemy.actor.sched.StaticSchedulingDirector.fire(StaticSchedulingDirector.java:227)
	at ptolemy.domains.sdf.kernel.SDFDirector.fire(SDFDirector.java:500)
	at ptolemy.actor.CompositeActor.fire(CompositeActor.java:455)
	at ptolemy.domains.de.kernel.DEDirector._fire(DEDirector.java:1949)
	at ptolemy.domains.de.kernel.DEDirector.fire(DEDirector.java:502)
	at ptolemy.actor.CompositeActor.fire(CompositeActor.java:455)
	at ptolemy.actor.Manager.iterate(Manager.java:851)
	at ptolemy.actor.Manager.execute(Manager.java:369)
	at ptolemy.actor.Manager.run(Manager.java:1263)
	at ptolemy.actor.Manager$PtolemyRunThread.run(Manager.java:1933)
java.lang.RuntimeException: Execution failed
	at ptolemy.moml.MoMLSimpleApplication$UnloadThread.run(MoMLSimpleApplication.java:402)
Caused by: ptolemy.kernel.util.IllegalActionException: Test fails in iteration 1.
Value was: 1.0. Should have been: 2.0
  in .DirectFeedback.Test
	at ptolemy.actor.lib.Test.fire(Test.java:268)
	at ptolemy.domains.de.kernel.DEDirector._fire(DEDirector.java:1949)
	at ptolemy.domains.de.kernel.DEDirector.fire(DEDirector.java:502)
	at ptolemy.actor.CompositeActor.fire(CompositeActor.java:455)
	at ptolemy.actor.Manager.iterate(Manager.java:851)
	at ptolemy.actor.Manager.execute(Manager.java:369)
	at ptolemy.actor.Manager.run(Manager.java:1263)
	at ptolemy.actor.Manager$PtolemyRunThread.run(Manager.java:1933)
java.lang.reflect.InvocationTargetException
	at java.base/jdk.internal.reflect.NativeConstructorAccessorImpl.newInstance0(Native Method)
	at java.base/jdk.internal.reflect.NativeConstructorAccessorImpl.newInstance(NativeConstructorAccessorImpl.java:62)
	at java.base/jdk.internal.reflect.DelegatingConstructorAccessorImpl.newInstance(DelegatingConstructorAccessorImpl.java:45)
	at java.base/java.lang.reflect.Constructor.newInstance(Constructor.java:490)
	at ptolemy.util.test.junit.AutoKnownFailedTests.RunModel(AutoKnownFailedTests.java:105)
	at java.base/jdk.internal.reflect.NativeMethodAccessorImpl.invoke0(Native Method)
	at java.base/jdk.internal.reflect.NativeMethodAccessorImpl.invoke(NativeMethodAccessorImpl.java:62)
	at java.base/jdk.internal.reflect.DelegatingMethodAccessorImpl.invoke(DelegatingMethodAccessorImpl.java:43)
	at java.base/java.lang.reflect.Method.invoke(Method.java:566)
	at org.junit.runners.model.FrameworkMethod$1.runReflectiveCall(FrameworkMethod.java:44)
	at org.junit.internal.runners.model.ReflectiveCallable.run(ReflectiveCallable.java:15)
	at org.junit.runners.model.FrameworkMethod.invokeExplosively(FrameworkMethod.java:41)
	at junitparams.internal.InvokeParameterisedMethod.evaluate(InvokeParameterisedMethod.java:102)
	at org.junit.internal.runners.statements.FailOnTimeout$1.run(FailOnTimeout.java:28)
Caused by: ptolemy.kernel.util.IllegalActionException: Test fails in iteration 1.
Value was: 1.0. Should have been: 2.0
  in .DirectFeedback.Test
	at ptolemy.actor.lib.Test.fire(Test.java:268)
	at ptolemy.domains.de.kernel.DEDirector._fire(DEDirector.java:1949)
	at ptolemy.domains.de.kernel.DEDirector.fire(DEDirector.java:502)
	at ptolemy.actor.CompositeActor.fire(CompositeActor.java:455)
	at ptolemy.actor.Manager.iterate(Manager.java:851)
	at ptolemy.actor.Manager.execute(Manager.java:369)
	at ptolemy.actor.Manager.run(Manager.java:1263)
	at ptolemy.actor.Manager$PtolemyRunThread.run(Manager.java:1933)
java.lang.RuntimeException: Execution failed
	at ptolemy.moml.MoMLSimpleApplication$UnloadThread.run(MoMLSimpleApplication.java:402)
Caused by: ptolemy.kernel.util.IllegalActionException: Found a zero delay loop containing .HierarchicalModel.A
  in .HierarchicalModel and .HierarchicalModel.A
	at ptolemy.actor.util.CausalityInterfaceForComposites._computeOutputPortDepth(CausalityInterfaceForComposites.java:759)
	at ptolemy.actor.util.CausalityInterfaceForComposites._computeInputDepth(CausalityInterfaceForComposites.java:696)
	at ptolemy.actor.util.CausalityInterfaceForComposites._computeOutputPortDepth(CausalityInterfaceForComposites.java:765)
	at ptolemy.actor.util.CausalityInterfaceForComposites._computeInputDepth(CausalityInterfaceForComposites.java:696)
	at ptolemy.actor.util.CausalityInterfaceForComposites._computeOutputPortDepth(CausalityInterfaceForComposites.java:765)
	at ptolemy.actor.util.CausalityInterfaceForComposites._computeInputDepth(CausalityInterfaceForComposites.java:696)
	at ptolemy.actor.util.CausalityInterfaceForComposites._computeActorDepth(CausalityInterfaceForComposites.java:532)
	at ptolemy.actor.util.CausalityInterfaceForComposites.checkForCycles(CausalityInterfaceForComposites.java:96)
	at ptolemy.domains.de.kernel.DEDirector.preinitialize(DEDirector.java:1338)
	at ptolemy.actor.CompositeActor.preinitialize(CompositeActor.java:1828)
	at ptolemy.actor.Manager.preinitializeAndResolveTypes(Manager.java:1040)
	at ptolemy.actor.Manager.initialize(Manager.java:710)
	at ptolemy.actor.Manager.execute(Manager.java:356)
	at ptolemy.actor.Manager.run(Manager.java:1263)
	at ptolemy.actor.Manager$PtolemyRunThread.run(Manager.java:1933)
java.lang.reflect.InvocationTargetException
	at java.base/jdk.internal.reflect.NativeConstructorAccessorImpl.newInstance0(Native Method)
	at java.base/jdk.internal.reflect.NativeConstructorAccessorImpl.newInstance(NativeConstructorAccessorImpl.java:62)
	at java.base/jdk.internal.reflect.DelegatingConstructorAccessorImpl.newInstance(DelegatingConstructorAccessorImpl.java:45)
	at java.base/java.lang.reflect.Constructor.newInstance(Constructor.java:490)
	at ptolemy.util.test.junit.AutoKnownFailedTests.RunModel(AutoKnownFailedTests.java:105)
	at java.base/jdk.internal.reflect.NativeMethodAccessorImpl.invoke0(Native Method)
	at java.base/jdk.internal.reflect.NativeMethodAccessorImpl.invoke(NativeMethodAccessorImpl.java:62)
	at java.base/jdk.internal.reflect.DelegatingMethodAccessorImpl.invoke(DelegatingMethodAccessorImpl.java:43)
	at java.base/java.lang.reflect.Method.invoke(Method.java:566)
	at org.junit.runners.model.FrameworkMethod$1.runReflectiveCall(FrameworkMethod.java:44)
	at org.junit.internal.runners.model.ReflectiveCallable.run(ReflectiveCallable.java:15)
	at org.junit.runners.model.FrameworkMethod.invokeExplosively(FrameworkMethod.java:41)
	at junitparams.internal.InvokeParameterisedMethod.evaluate(InvokeParameterisedMethod.java:102)
	at org.junit.internal.runners.statements.FailOnTimeout$1.run(FailOnTimeout.java:28)
Caused by: ptolemy.kernel.util.IllegalActionException: Found a zero delay loop containing .HierarchicalModel.A
  in .HierarchicalModel and .HierarchicalModel.A
	at ptolemy.actor.util.CausalityInterfaceForComposites._computeOutputPortDepth(CausalityInterfaceForComposites.java:759)
	at ptolemy.actor.util.CausalityInterfaceForComposites._computeInputDepth(CausalityInterfaceForComposites.java:696)
	at ptolemy.actor.util.CausalityInterfaceForComposites._computeOutputPortDepth(CausalityInterfaceForComposites.java:765)
	at ptolemy.actor.util.CausalityInterfaceForComposites._computeInputDepth(CausalityInterfaceForComposites.java:696)
	at ptolemy.actor.util.CausalityInterfaceForComposites._computeOutputPortDepth(CausalityInterfaceForComposites.java:765)
	at ptolemy.actor.util.CausalityInterfaceForComposites._computeInputDepth(CausalityInterfaceForComposites.java:696)
	at ptolemy.actor.util.CausalityInterfaceForComposites._computeActorDepth(CausalityInterfaceForComposites.java:532)
	at ptolemy.actor.util.CausalityInterfaceForComposites.checkForCycles(CausalityInterfaceForComposites.java:96)
	at ptolemy.domains.de.kernel.DEDirector.preinitialize(DEDirector.java:1338)
	at ptolemy.actor.CompositeActor.preinitialize(CompositeActor.java:1828)
	at ptolemy.actor.Manager.preinitializeAndResolveTypes(Manager.java:1040)
	at ptolemy.actor.Manager.initialize(Manager.java:710)
	at ptolemy.actor.Manager.execute(Manager.java:356)
	at ptolemy.actor.Manager.run(Manager.java:1263)
	at ptolemy.actor.Manager$PtolemyRunThread.run(Manager.java:1933)
java.lang.RuntimeException: Execution failed
	at ptolemy.moml.MoMLSimpleApplication$UnloadThread.run(MoMLSimpleApplication.java:402)
Caused by: ptolemy.kernel.util.IllegalActionException: Found a zero delay loop containing .dependencyLoop.original
  in .dependencyLoop and .dependencyLoop.original
	at ptolemy.actor.util.CausalityInterfaceForComposites._computeOutputPortDepth(CausalityInterfaceForComposites.java:759)
	at ptolemy.actor.util.CausalityInterfaceForComposites._computeInputDepth(CausalityInterfaceForComposites.java:696)
	at ptolemy.actor.util.CausalityInterfaceForComposites._computeOutputPortDepth(CausalityInterfaceForComposites.java:765)
	at ptolemy.actor.util.CausalityInterfaceForComposites._computeInputDepth(CausalityInterfaceForComposites.java:696)
	at ptolemy.actor.util.CausalityInterfaceForComposites._computeOutputPortDepth(CausalityInterfaceForComposites.java:765)
	at ptolemy.actor.util.CausalityInterfaceForComposites._computeInputDepth(CausalityInterfaceForComposites.java:696)
	at ptolemy.actor.util.CausalityInterfaceForComposites._computeActorDepth(CausalityInterfaceForComposites.java:532)
	at ptolemy.actor.util.CausalityInterfaceForComposites.checkForCycles(CausalityInterfaceForComposites.java:96)
	at ptolemy.domains.de.kernel.DEDirector.preinitialize(DEDirector.java:1338)
	at ptolemy.actor.CompositeActor.preinitialize(CompositeActor.java:1828)
	at ptolemy.actor.Manager.preinitializeAndResolveTypes(Manager.java:1040)
	at ptolemy.actor.Manager.initialize(Manager.java:710)
	at ptolemy.actor.Manager.execute(Manager.java:356)
	at ptolemy.actor.Manager.run(Manager.java:1263)
	at ptolemy.actor.Manager$PtolemyRunThread.run(Manager.java:1933)
java.lang.reflect.InvocationTargetException
	at java.base/jdk.internal.reflect.NativeConstructorAccessorImpl.newInstance0(Native Method)
	at java.base/jdk.internal.reflect.NativeConstructorAccessorImpl.newInstance(NativeConstructorAccessorImpl.java:62)
	at java.base/jdk.internal.reflect.DelegatingConstructorAccessorImpl.newInstance(DelegatingConstructorAccessorImpl.java:45)
	at java.base/java.lang.reflect.Constructor.newInstance(Constructor.java:490)
	at ptolemy.util.test.junit.AutoKnownFailedTests.RunModel(AutoKnownFailedTests.java:105)
	at java.base/jdk.internal.reflect.NativeMethodAccessorImpl.invoke0(Native Method)
	at java.base/jdk.internal.reflect.NativeMethodAccessorImpl.invoke(NativeMethodAccessorImpl.java:62)
	at java.base/jdk.internal.reflect.DelegatingMethodAccessorImpl.invoke(DelegatingMethodAccessorImpl.java:43)
	at java.base/java.lang.reflect.Method.invoke(Method.java:566)
	at org.junit.runners.model.FrameworkMethod$1.runReflectiveCall(FrameworkMethod.java:44)
	at org.junit.internal.runners.model.ReflectiveCallable.run(ReflectiveCallable.java:15)
	at org.junit.runners.model.FrameworkMethod.invokeExplosively(FrameworkMethod.java:41)
	at junitparams.internal.InvokeParameterisedMethod.evaluate(InvokeParameterisedMethod.java:102)
	at org.junit.internal.runners.statements.FailOnTimeout$1.run(FailOnTimeout.java:28)
Caused by: ptolemy.kernel.util.IllegalActionException: Found a zero delay loop containing .dependencyLoop.original
  in .dependencyLoop and .dependencyLoop.original
	at ptolemy.actor.util.CausalityInterfaceForComposites._computeOutputPortDepth(CausalityInterfaceForComposites.java:759)
	at ptolemy.actor.util.CausalityInterfaceForComposites._computeInputDepth(CausalityInterfaceForComposites.java:696)
	at ptolemy.actor.util.CausalityInterfaceForComposites._computeOutputPortDepth(CausalityInterfaceForComposites.java:765)
	at ptolemy.actor.util.CausalityInterfaceForComposites._computeInputDepth(CausalityInterfaceForComposites.java:696)
	at ptolemy.actor.util.CausalityInterfaceForComposites._computeOutputPortDepth(CausalityInterfaceForComposites.java:765)
	at ptolemy.actor.util.CausalityInterfaceForComposites._computeInputDepth(CausalityInterfaceForComposites.java:696)
	at ptolemy.actor.util.CausalityInterfaceForComposites._computeActorDepth(CausalityInterfaceForComposites.java:532)
	at ptolemy.actor.util.CausalityInterfaceForComposites.checkForCycles(CausalityInterfaceForComposites.java:96)
	at ptolemy.domains.de.kernel.DEDirector.preinitialize(DEDirector.java:1338)
	at ptolemy.actor.CompositeActor.preinitialize(CompositeActor.java:1828)
	at ptolemy.actor.Manager.preinitializeAndResolveTypes(Manager.java:1040)
	at ptolemy.actor.Manager.initialize(Manager.java:710)
	at ptolemy.actor.Manager.execute(Manager.java:356)
	at ptolemy.actor.Manager.run(Manager.java:1263)
	at ptolemy.actor.Manager$PtolemyRunThread.run(Manager.java:1933)
java.lang.RuntimeException: Execution failed
	at ptolemy.moml.MoMLSimpleApplication$UnloadThread.run(MoMLSimpleApplication.java:402)
Caused by: ptolemy.kernel.util.IllegalActionException: Found a zero delay loop containing .dependencyLoop2.original
  in .dependencyLoop2 and .dependencyLoop2.original
	at ptolemy.actor.util.CausalityInterfaceForComposites._computeOutputPortDepth(CausalityInterfaceForComposites.java:759)
	at ptolemy.actor.util.CausalityInterfaceForComposites._computeInputDepth(CausalityInterfaceForComposites.java:696)
	at ptolemy.actor.util.CausalityInterfaceForComposites._computeOutputPortDepth(CausalityInterfaceForComposites.java:765)
	at ptolemy.actor.util.CausalityInterfaceForComposites._computeInputDepth(CausalityInterfaceForComposites.java:696)
	at ptolemy.actor.util.CausalityInterfaceForComposites._computeOutputPortDepth(CausalityInterfaceForComposites.java:765)
	at ptolemy.actor.util.CausalityInterfaceForComposites._computeInputDepth(CausalityInterfaceForComposites.java:696)
	at ptolemy.actor.util.CausalityInterfaceForComposites._computeActorDepth(CausalityInterfaceForComposites.java:532)
	at ptolemy.actor.util.CausalityInterfaceForComposites.checkForCycles(CausalityInterfaceForComposites.java:96)
	at ptolemy.domains.de.kernel.DEDirector.preinitialize(DEDirector.java:1338)
	at ptolemy.actor.CompositeActor.preinitialize(CompositeActor.java:1828)
	at ptolemy.actor.Manager.preinitializeAndResolveTypes(Manager.java:1040)
	at ptolemy.actor.Manager.initialize(Manager.java:710)
	at ptolemy.actor.Manager.execute(Manager.java:356)
	at ptolemy.actor.Manager.run(Manager.java:1263)
	at ptolemy.actor.Manager$PtolemyRunThread.run(Manager.java:1933)
java.lang.reflect.InvocationTargetException
	at java.base/jdk.internal.reflect.NativeConstructorAccessorImpl.newInstance0(Native Method)
	at java.base/jdk.internal.reflect.NativeConstructorAccessorImpl.newInstance(NativeConstructorAccessorImpl.java:62)
	at java.base/jdk.internal.reflect.DelegatingConstructorAccessorImpl.newInstance(DelegatingConstructorAccessorImpl.java:45)
	at java.base/java.lang.reflect.Constructor.newInstance(Constructor.java:490)
	at ptolemy.util.test.junit.AutoKnownFailedTests.RunModel(AutoKnownFailedTests.java:105)
	at java.base/jdk.internal.reflect.NativeMethodAccessorImpl.invoke0(Native Method)
	at java.base/jdk.internal.reflect.NativeMethodAccessorImpl.invoke(NativeMethodAccessorImpl.java:62)
	at java.base/jdk.internal.reflect.DelegatingMethodAccessorImpl.invoke(DelegatingMethodAccessorImpl.java:43)
	at java.base/java.lang.reflect.Method.invoke(Method.java:566)
	at org.junit.runners.model.FrameworkMethod$1.runReflectiveCall(FrameworkMethod.java:44)
	at org.junit.internal.runners.model.ReflectiveCallable.run(ReflectiveCallable.java:15)
	at org.junit.runners.model.FrameworkMethod.invokeExplosively(FrameworkMethod.java:41)
	at junitparams.internal.InvokeParameterisedMethod.evaluate(InvokeParameterisedMethod.java:102)
	at org.junit.internal.runners.statements.FailOnTimeout$1.run(FailOnTimeout.java:28)
Caused by: ptolemy.kernel.util.IllegalActionException: Found a zero delay loop containing .dependencyLoop2.original
  in .dependencyLoop2 and .dependencyLoop2.original
	at ptolemy.actor.util.CausalityInterfaceForComposites._computeOutputPortDepth(CausalityInterfaceForComposites.java:759)
	at ptolemy.actor.util.CausalityInterfaceForComposites._computeInputDepth(CausalityInterfaceForComposites.java:696)
	at ptolemy.actor.util.CausalityInterfaceForComposites._computeOutputPortDepth(CausalityInterfaceForComposites.java:765)
	at ptolemy.actor.util.CausalityInterfaceForComposites._computeInputDepth(CausalityInterfaceForComposites.java:696)
	at ptolemy.actor.util.CausalityInterfaceForComposites._computeOutputPortDepth(CausalityInterfaceForComposites.java:765)
	at ptolemy.actor.util.CausalityInterfaceForComposites._computeInputDepth(CausalityInterfaceForComposites.java:696)
	at ptolemy.actor.util.CausalityInterfaceForComposites._computeActorDepth(CausalityInterfaceForComposites.java:532)
	at ptolemy.actor.util.CausalityInterfaceForComposites.checkForCycles(CausalityInterfaceForComposites.java:96)
	at ptolemy.domains.de.kernel.DEDirector.preinitialize(DEDirector.java:1338)
	at ptolemy.actor.CompositeActor.preinitialize(CompositeActor.java:1828)
	at ptolemy.actor.Manager.preinitializeAndResolveTypes(Manager.java:1040)
	at ptolemy.actor.Manager.initialize(Manager.java:710)
	at ptolemy.actor.Manager.execute(Manager.java:356)
	at ptolemy.actor.Manager.run(Manager.java:1263)
	at ptolemy.actor.Manager$PtolemyRunThread.run(Manager.java:1933)
]]></system-err>
</testsuite>
