<?xml version="1.0" encoding="UTF-8" ?>
<testsuite errors="0" failures="0" hostname="travis-job-6fa4f16e-d689-4ef9-a649-64c61b278685" name="ptolemy.domains.de.test.junit.JUnitTclTest" skipped="0" tests="101" time="126.912" timestamp="2019-01-30T03:26:35">
  <properties>
[...]
</properties>
  <testcase classname="ptolemy.util.test.junit.TclTests" name="[0] /home/travis/build/icyphy/ptII/ptolemy/domains/de/test/DependencyLoop.tcl (RunTclFile)" time="0.675" />
  <testcase classname="ptolemy.util.test.junit.TclTests" name="[1] /home/travis/build/icyphy/ptII/ptolemy/domains/de/test/RunDETestsAsQSS.tcl (RunTclFile)" time="86.512" />
  <testcase classname="ptolemy.util.test.junit.AutoKnownFailedTests" name="[0] /home/travis/build/icyphy/ptII/ptolemy/domains/de/test/auto/knownFailedTests/DESDFClockTest.xml (RunModel)" time="2.047" />
  <testcase classname="ptolemy.util.test.junit.AutoKnownFailedTests" name="[1] /home/travis/build/icyphy/ptII/ptolemy/domains/de/test/auto/knownFailedTests/DirectFeedback.xml (RunModel)" time="0.007" />
  <testcase classname="ptolemy.util.test.junit.AutoKnownFailedTests" name="[2] /home/travis/build/icyphy/ptII/ptolemy/domains/de/test/auto/knownFailedTests/FSMSource.xml (RunModel)" time="0.037" />
  <testcase classname="ptolemy.util.test.junit.AutoKnownFailedTests" name="[3] /home/travis/build/icyphy/ptII/ptolemy/domains/de/test/auto/knownFailedTests/HierarchicalModel.xml (RunModel)" time="0.041" />
  <testcase classname="ptolemy.util.test.junit.AutoKnownFailedTests" name="[4] /home/travis/build/icyphy/ptII/ptolemy/domains/de/test/auto/knownFailedTests/dependencyLoop.xml (RunModel)" time="0.038" />
  <testcase classname="ptolemy.util.test.junit.AutoKnownFailedTests" name="[5] /home/travis/build/icyphy/ptII/ptolemy/domains/de/test/auto/knownFailedTests/dependencyLoop2.xml (RunModel)" time="0.048" />
  <testcase classname="ptolemy.util.test.junit.AutoNameArchTests" name="[0] ThereAreNoAutoArchTests (RunModel)" time="0.001" />
  <testcase classname="ptolemy.util.test.junit.AutoTests" name="[0] /home/travis/build/icyphy/ptII/ptolemy/domains/de/test/auto/ActorDepthCalculation_actorWithoutPorts.xml (RunModel)" time="0.022" />
  <testcase classname="ptolemy.util.test.junit.AutoTests" name="[1] /home/travis/build/icyphy/ptII/ptolemy/domains/de/test/auto/AssemblyLine.xml (RunModel)" time="0.022" />
  <testcase classname="ptolemy.util.test.junit.AutoTests" name="[2] /home/travis/build/icyphy/ptII/ptolemy/domains/de/test/auto/CQBug1.xml (RunModel)" time="0.013" />
  <testcase classname="ptolemy.util.test.junit.AutoTests" name="[3] /home/travis/build/icyphy/ptII/ptolemy/domains/de/test/auto/CancelFireAt.xml (RunModel)" time="0.01" />
  <testcase classname="ptolemy.util.test.junit.AutoTests" name="[4] /home/travis/build/icyphy/ptII/ptolemy/domains/de/test/auto/CausalityAndComposabilityAnalysis.xml (RunModel)" time="0.011" />
  <testcase classname="ptolemy.util.test.junit.AutoTests" name="[5] /home/travis/build/icyphy/ptII/ptolemy/domains/de/test/auto/CausalityInterface1.xml (RunModel)" time="0.013" />
  <testcase classname="ptolemy.util.test.junit.AutoTests" name="[6] /home/travis/build/icyphy/ptII/ptolemy/domains/de/test/auto/CausalityInterface15.xml (RunModel)" time="0.016" />
  <testcase classname="ptolemy.util.test.junit.AutoTests" name="[7] /home/travis/build/icyphy/ptII/ptolemy/domains/de/test/auto/CausalityInterface2.xml (RunModel)" time="0.011" />
  <testcase classname="ptolemy.util.test.junit.AutoTests" name="[8] /home/travis/build/icyphy/ptII/ptolemy/domains/de/test/auto/CausalityInterface3.xml (RunModel)" time="0.012" />
  <testcase classname="ptolemy.util.test.junit.AutoTests" name="[9] /home/travis/build/icyphy/ptII/ptolemy/domains/de/test/auto/ClockDrift.xml (RunModel)" time="0.034" />
  <testcase classname="ptolemy.util.test.junit.AutoTests" name="[10] /home/travis/build/icyphy/ptII/ptolemy/domains/de/test/auto/ClockDriftAndValueChange.xml (RunModel)" time="0.029" />
  <testcase classname="ptolemy.util.test.junit.AutoTests" name="[11] /home/travis/build/icyphy/ptII/ptolemy/domains/de/test/auto/ClockDriftChange.xml (RunModel)" time="0.026" />
  <testcase classname="ptolemy.util.test.junit.AutoTests" name="[12] /home/travis/build/icyphy/ptII/ptolemy/domains/de/test/auto/ComposableCausalityAnalysis.xml (RunModel)" time="0.016" />
  <testcase classname="ptolemy.util.test.junit.AutoTests" name="[13] /home/travis/build/icyphy/ptII/ptolemy/domains/de/test/auto/DEFixedPointLimitation.xml (RunModel)" time="0.01" />
  <testcase classname="ptolemy.util.test.junit.AutoTests" name="[14] /home/travis/build/icyphy/ptII/ptolemy/domains/de/test/auto/DEScheduleTest.xml (RunModel)" time="0.011" />
  <testcase classname="ptolemy.util.test.junit.AutoTests" name="[15] /home/travis/build/icyphy/ptII/ptolemy/domains/de/test/auto/DEinDEwithStartTimes.xml (RunModel)" time="0.018" />
  <testcase classname="ptolemy.util.test.junit.AutoTests" name="[16] /home/travis/build/icyphy/ptII/ptolemy/domains/de/test/auto/DEinDEwithStartTimes2.xml (RunModel)" time="0.015" />
  <testcase classname="ptolemy.util.test.junit.AutoTests" name="[17] /home/travis/build/icyphy/ptII/ptolemy/domains/de/test/auto/DateDemo.xml (RunModel)" time="0.023" />
  <testcase classname="ptolemy.util.test.junit.AutoTests" name="[18] /home/travis/build/icyphy/ptII/ptolemy/domains/de/test/auto/DateToEvent.xml (RunModel)" time="2.03" />
  <testcase classname="ptolemy.util.test.junit.AutoTests" name="[19] /home/travis/build/icyphy/ptII/ptolemy/domains/de/test/auto/DepthTest1.xml (RunModel)" time="0.008" />
  <testcase classname="ptolemy.util.test.junit.AutoTests" name="[20] /home/travis/build/icyphy/ptII/ptolemy/domains/de/test/auto/DepthTest2.xml (RunModel)" time="0.022" />
  <testcase classname="ptolemy.util.test.junit.AutoTests" name="[21] /home/travis/build/icyphy/ptII/ptolemy/domains/de/test/auto/DepthTest3.xml (RunModel)" time="0.007" />
  <testcase classname="ptolemy.util.test.junit.AutoTests" name="[22] /home/travis/build/icyphy/ptII/ptolemy/domains/de/test/auto/DepthTest4.xml (RunModel)" time="0.011" />
  <testcase classname="ptolemy.util.test.junit.AutoTests" name="[23] /home/travis/build/icyphy/ptII/ptolemy/domains/de/test/auto/DepthTest5.xml (RunModel)" time="0.011" />
  <testcase classname="ptolemy.util.test.junit.AutoTests" name="[24] /home/travis/build/icyphy/ptII/ptolemy/domains/de/test/auto/DepthTest6.xml (RunModel)" time="0.012" />
  <testcase classname="ptolemy.util.test.junit.AutoTests" name="[25] /home/travis/build/icyphy/ptII/ptolemy/domains/de/test/auto/DepthTest7.xml (RunModel)" time="0.015" />
  <testcase classname="ptolemy.util.test.junit.AutoTests" name="[26] /home/travis/build/icyphy/ptII/ptolemy/domains/de/test/auto/EventToDate.xml (RunModel)" time="3.043" />
  <testcase classname="ptolemy.util.test.junit.AutoTests" name="[27] /home/travis/build/icyphy/ptII/ptolemy/domains/de/test/auto/FSM1.xml (RunModel)" time="0.037" />
  <testcase classname="ptolemy.util.test.junit.AutoTests" name="[28] /home/travis/build/icyphy/ptII/ptolemy/domains/de/test/auto/FSM7.xml (RunModel)" time="0.03" />
  <testcase classname="ptolemy.util.test.junit.AutoTests" name="[29] /home/travis/build/icyphy/ptII/ptolemy/domains/de/test/auto/Inspection.xml (RunModel)" time="0.041" />
  <testcase classname="ptolemy.util.test.junit.AutoTests" name="[30] /home/travis/build/icyphy/ptII/ptolemy/domains/de/test/auto/Iteration.xml (RunModel)" time="0.016" />
  <testcase classname="ptolemy.util.test.junit.AutoTests" name="[31] /home/travis/build/icyphy/ptII/ptolemy/domains/de/test/auto/LineFault.xml (RunModel)" time="0.539" />
  <testcase classname="ptolemy.util.test.junit.AutoTests" name="[32] /home/travis/build/icyphy/ptII/ptolemy/domains/de/test/auto/MergeModel1Add.xml (RunModel)" time="0.038" />
  <testcase classname="ptolemy.util.test.junit.AutoTests" name="[33] /home/travis/build/icyphy/ptII/ptolemy/domains/de/test/auto/MergeModel2Add.xml (RunModel)" time="0.04" />
  <testcase classname="ptolemy.util.test.junit.AutoTests" name="[34] /home/travis/build/icyphy/ptII/ptolemy/domains/de/test/auto/MergeModel3Add.xml (RunModel)" time="0.03" />
  <testcase classname="ptolemy.util.test.junit.AutoTests" name="[35] /home/travis/build/icyphy/ptII/ptolemy/domains/de/test/auto/MergeWithoutDiscard.xml (RunModel)" time="0.008" />
  <testcase classname="ptolemy.util.test.junit.AutoTests" name="[36] /home/travis/build/icyphy/ptII/ptolemy/domains/de/test/auto/Modal1.xml (RunModel)" time="0.025" />
  <testcase classname="ptolemy.util.test.junit.AutoTests" name="[37] /home/travis/build/icyphy/ptII/ptolemy/domains/de/test/auto/Modal2.xml (RunModel)" time="0.023" />
  <testcase classname="ptolemy.util.test.junit.AutoTests" name="[38] /home/travis/build/icyphy/ptII/ptolemy/domains/de/test/auto/Modal3.xml (RunModel)" time="0.024" />
  <testcase classname="ptolemy.util.test.junit.AutoTests" name="[39] /home/travis/build/icyphy/ptII/ptolemy/domains/de/test/auto/Modal4.xml (RunModel)" time="0.026" />
  <testcase classname="ptolemy.util.test.junit.AutoTests" name="[40] /home/travis/build/icyphy/ptII/ptolemy/domains/de/test/auto/Modal5.xml (RunModel)" time="0.024" />
  <testcase classname="ptolemy.util.test.junit.AutoTests" name="[41] /home/travis/build/icyphy/ptII/ptolemy/domains/de/test/auto/Modal6.xml (RunModel)" time="0.024" />
  <testcase classname="ptolemy.util.test.junit.AutoTests" name="[42] /home/travis/build/icyphy/ptII/ptolemy/domains/de/test/auto/Modal7.xml (RunModel)" time="0.024" />
  <testcase classname="ptolemy.util.test.junit.AutoTests" name="[43] /home/travis/build/icyphy/ptII/ptolemy/domains/de/test/auto/ModalModel.xml (RunModel)" time="0.153" />
  <testcase classname="ptolemy.util.test.junit.AutoTests" name="[44] /home/travis/build/icyphy/ptII/ptolemy/domains/de/test/auto/ModalSource.xml (RunModel)" time="0.019" />
  <testcase classname="ptolemy.util.test.junit.AutoTests" name="[45] /home/travis/build/icyphy/ptII/ptolemy/domains/de/test/auto/NonInterruptibleTimerZeroDelay.xml (RunModel)" time="0.007" />
  <testcase classname="ptolemy.util.test.junit.AutoTests" name="[46] /home/travis/build/icyphy/ptII/ptolemy/domains/de/test/auto/OpenQueueingNetwork.xml (RunModel)" time="2.22" />
  <testcase classname="ptolemy.util.test.junit.AutoTests" name="[47] /home/travis/build/icyphy/ptII/ptolemy/domains/de/test/auto/OpenQueuingNetwork.xml (RunModel)" time="0.251" />
  <testcase classname="ptolemy.util.test.junit.AutoTests" name="[48] /home/travis/build/icyphy/ptII/ptolemy/domains/de/test/auto/PeriodicSampler.xml (RunModel)" time="0.007" />
  <testcase classname="ptolemy.util.test.junit.AutoTests" name="[49] /home/travis/build/icyphy/ptII/ptolemy/domains/de/test/auto/PersistentIO.xml (RunModel)" time="0.017" />
  <testcase classname="ptolemy.util.test.junit.AutoTests" name="[50] /home/travis/build/icyphy/ptII/ptolemy/domains/de/test/auto/PortParameterResetOnInitialize.xml (RunModel)" time="0.008" />
  <testcase classname="ptolemy.util.test.junit.AutoTests" name="[51] /home/travis/build/icyphy/ptII/ptolemy/domains/de/test/auto/PortParameterUpdates.xml (RunModel)" time="0.012" />
  <testcase classname="ptolemy.util.test.junit.AutoTests" name="[52] /home/travis/build/icyphy/ptII/ptolemy/domains/de/test/auto/QueueAndServer.xml (RunModel)" time="0.018" />
  <testcase classname="ptolemy.util.test.junit.AutoTests" name="[53] /home/travis/build/icyphy/ptII/ptolemy/domains/de/test/auto/Records.xml (RunModel)" time="0.014" />
  <testcase classname="ptolemy.util.test.junit.AutoTests" name="[54] /home/travis/build/icyphy/ptII/ptolemy/domains/de/test/auto/ResetTransitionWithStartTime1.xml (RunModel)" time="0.017" />
  <testcase classname="ptolemy.util.test.junit.AutoTests" name="[55] /home/travis/build/icyphy/ptII/ptolemy/domains/de/test/auto/ResetTransitionWithStartTime2.xml (RunModel)" time="0.02" />
  <testcase classname="ptolemy.util.test.junit.AutoTests" name="[56] /home/travis/build/icyphy/ptII/ptolemy/domains/de/test/auto/ResetTransitionWithStartTime3.xml (RunModel)" time="0.019" />
  <testcase classname="ptolemy.util.test.junit.AutoTests" name="[57] /home/travis/build/icyphy/ptII/ptolemy/domains/de/test/auto/ResetTransitionWithStartTime4.xml (RunModel)" time="0.019" />
  <testcase classname="ptolemy.util.test.junit.AutoTests" name="[58] /home/travis/build/icyphy/ptII/ptolemy/domains/de/test/auto/ResettableTimer1.xml (RunModel)" time="0.009" />
  <testcase classname="ptolemy.util.test.junit.AutoTests" name="[59] /home/travis/build/icyphy/ptII/ptolemy/domains/de/test/auto/ResettableTimer2.xml (RunModel)" time="0.008" />
  <testcase classname="ptolemy.util.test.junit.AutoTests" name="[60] /home/travis/build/icyphy/ptII/ptolemy/domains/de/test/auto/ResettableTimer3.xml (RunModel)" time="0.007" />
  <testcase classname="ptolemy.util.test.junit.AutoTests" name="[61] /home/travis/build/icyphy/ptII/ptolemy/domains/de/test/auto/ResettableTimer4.xml (RunModel)" time="0.009" />
  <testcase classname="ptolemy.util.test.junit.AutoTests" name="[62] /home/travis/build/icyphy/ptII/ptolemy/domains/de/test/auto/ResettableTimer5.xml (RunModel)" time="0.007" />
  <testcase classname="ptolemy.util.test.junit.AutoTests" name="[63] /home/travis/build/icyphy/ptII/ptolemy/domains/de/test/auto/ResettableTimer6.xml (RunModel)" time="0.015" />
  <testcase classname="ptolemy.util.test.junit.AutoTests" name="[64] /home/travis/build/icyphy/ptII/ptolemy/domains/de/test/auto/ServerZeroDelay.xml (RunModel)" time="0.009" />
  <testcase classname="ptolemy.util.test.junit.AutoTests" name="[65] /home/travis/build/icyphy/ptII/ptolemy/domains/de/test/auto/SmartSender.xml (RunModel)" time="3.009" />
  <testcase classname="ptolemy.util.test.junit.AutoTests" name="[66] /home/travis/build/icyphy/ptII/ptolemy/domains/de/test/auto/ThreadedComposite.xml (RunModel)" time="0.112" />
  <testcase classname="ptolemy.util.test.junit.AutoTests" name="[67] /home/travis/build/icyphy/ptII/ptolemy/domains/de/test/auto/Time.xml (RunModel)" time="0.404" />
  <testcase classname="ptolemy.util.test.junit.AutoTests" name="[68] /home/travis/build/icyphy/ptII/ptolemy/domains/de/test/auto/TimeDelayZeroDelay.xml (RunModel)" time="0.01" />
  <testcase classname="ptolemy.util.test.junit.AutoTests" name="[69] /home/travis/build/icyphy/ptII/ptolemy/domains/de/test/auto/TimerZeroDelay.xml (RunModel)" time="0.008" />
  <testcase classname="ptolemy.util.test.junit.AutoTests" name="[70] /home/travis/build/icyphy/ptII/ptolemy/domains/de/test/auto/TimingParadox.xml (RunModel)" time="0.321" />
  <testcase classname="ptolemy.util.test.junit.AutoTests" name="[71] /home/travis/build/icyphy/ptII/ptolemy/domains/de/test/auto/TransferInputs.xml (RunModel)" time="0.012" />
  <testcase classname="ptolemy.util.test.junit.AutoTests" name="[72] /home/travis/build/icyphy/ptII/ptolemy/domains/de/test/auto/TransferOutputs2.xml (RunModel)" time="0.014" />
  <testcase classname="ptolemy.util.test.junit.AutoTests" name="[73] /home/travis/build/icyphy/ptII/ptolemy/domains/de/test/auto/Trilateration.xml (RunModel)" time="11.868" />
  <testcase classname="ptolemy.util.test.junit.AutoTests" name="[74] /home/travis/build/icyphy/ptII/ptolemy/domains/de/test/auto/TwoSigmaDelta.xml (RunModel)" time="2.005" />
  <testcase classname="ptolemy.util.test.junit.AutoTests" name="[75] /home/travis/build/icyphy/ptII/ptolemy/domains/de/test/auto/VariableDelay.xml (RunModel)" time="0.009" />
  <testcase classname="ptolemy.util.test.junit.AutoTests" name="[76] /home/travis/build/icyphy/ptII/ptolemy/domains/de/test/auto/VariableDelay2.xml (RunModel)" time="0.008" />
  <testcase classname="ptolemy.util.test.junit.AutoTests" name="[77] /home/travis/build/icyphy/ptII/ptolemy/domains/de/test/auto/VariableDelayZeroDelay.xml (RunModel)" time="0.01" />
  <testcase classname="ptolemy.util.test.junit.AutoTests" name="[78] /home/travis/build/icyphy/ptII/ptolemy/domains/de/test/auto/VariableDelayZeroDelay2.xml (RunModel)" time="0.008" />
  <testcase classname="ptolemy.util.test.junit.AutoTests" name="[79] /home/travis/build/icyphy/ptII/ptolemy/domains/de/test/auto/deInCt.xml (RunModel)" time="0.017" />
  <testcase classname="ptolemy.util.test.junit.AutoTests" name="[80] /home/travis/build/icyphy/ptII/ptolemy/domains/de/test/auto/deInCt2.xml (RunModel)" time="0.013" />
  <testcase classname="ptolemy.util.test.junit.AutoTests" name="[81] /home/travis/build/icyphy/ptII/ptolemy/domains/de/test/auto/dynamicCausalityInterface1.xml (RunModel)" time="0.017" />
  <testcase classname="ptolemy.util.test.junit.AutoTests" name="[82] /home/travis/build/icyphy/ptII/ptolemy/domains/de/test/auto/fsm_de_test.xml (RunModel)" time="0.023" />
  <testcase classname="ptolemy.util.test.junit.AutoTests" name="[83] /home/travis/build/icyphy/ptII/ptolemy/domains/de/test/auto/functionDependencyReconstruction.xml (RunModel)" time="0.029" />
  <testcase classname="ptolemy.util.test.junit.AutoTests" name="[84] /home/travis/build/icyphy/ptII/ptolemy/domains/de/test/auto/multirate.xml (RunModel)" time="0.015" />
  <testcase classname="ptolemy.util.test.junit.AutoTests" name="[85] /home/travis/build/icyphy/ptII/ptolemy/domains/de/test/auto/multirate2.xml (RunModel)" time="0.016" />
  <testcase classname="ptolemy.util.test.junit.AutoTests" name="[86] /home/travis/build/icyphy/ptII/ptolemy/domains/de/test/auto/realtime.xml (RunModel)" time="10.01" />
  <testcase classname="ptolemy.util.test.junit.AutoTests" name="[87] /home/travis/build/icyphy/ptII/ptolemy/domains/de/test/auto/relationGroup.xml (RunModel)" time="0.007" />
  <testcase classname="ptolemy.util.test.junit.AutoTests" name="[88] /home/travis/build/icyphy/ptII/ptolemy/domains/de/test/auto/relationGroup2.xml (RunModel)" time="0.006" />
  <testcase classname="ptolemy.util.test.junit.AutoTests" name="[89] /home/travis/build/icyphy/ptII/ptolemy/domains/de/test/auto/sortWithOpaquePorts.xml (RunModel)" time="0.008" />
  <testcase classname="ptolemy.util.test.junit.AutoTests" name="[90] /home/travis/build/icyphy/ptII/ptolemy/domains/de/test/auto/transferInputsandOutputs.xml (RunModel)" time="0.013" />
  <testcase classname="ptolemy.util.test.junit.AutoTests" name="[91] /home/travis/build/icyphy/ptII/ptolemy/domains/de/test/auto/triggerType.xml (RunModel)" time="0.008" />
  <system-out><![CDATA[/home/travis/build/icyphy/ptII/ptolemy/domains/de/test/DependencyLoop.tcl
testDefs.tcl: setting time out to 9000 seconds at Wed Jan 30 03:26:35 UTC 2019
20 ms. Memory: 116224K Free: 97659K (84%)
18 ms. Memory: 146944K Free: 141182K (96%)
/home/travis/build/icyphy/ptII/ptolemy/domains/de/test/RunDETestsAsQSS.tcl
Run the DE tests using ptolemy.domains.qss.test.QSSDirectorTest, which extends QSSDirector and prints a message in the constructors.
------------------ testing $PTII/ptolemy/domains/de/test/auto/knownFailedTests/dependencyLoop.xml (Known Failure) 
7 ms. Memory: 146944K Free: 136537K (93%)


==== $PTIIhome/travis/build/icyphy/ptII/ptolemy/domains/de/test/../../../../: Auto Automatic test in file $PTII/ptolemy/domains/de/test/auto/knownFailedTests/dependencyLoop.xml
==== Contents of test case:

	    # FIXME: we should use $relativeFilename here, but it
	    # might have backslashes under Windows, which causes no end
	    # of trouble.
	    createAndExecute $file
	    list {}
	
.... Test generated KNOWN error:
    while executing
ptolemy.kernel.util.IllegalActionException: Found a zero delay loop containing .dependencyLoop.original
  in .dependencyLoop and .dependencyLoop.original
	at ptolemy.actor.util.CausalityInterfaceForComposites._computeOutputPortDepth(CausalityInterfaceForComposites.java:759)
	at ptolemy.actor.util.CausalityInterfaceForComposites._computeInputDepth(CausalityInterfaceForComposites.java:696)
	at ptolemy.actor.util.CausalityInterfaceForComposites._computeOutputPortDepth(CausalityInterfaceForComposites.java:765)
	at ptolemy.actor.util.CausalityInterfaceForComposites._computeInputDepth(CausalityInterfaceForComposites.java:696)
	at ptolemy.actor.util.CausalityInterfaceForComposites._computeOutputPortDepth(CausalityInterfaceForComposites.java:765)
	at ptolemy.actor.util.CausalityInterfaceForComposites._computeInputDepth(CausalityInterfaceForComposites.java:696)
	at ptolemy.actor.util.CausalityInterfaceForComposites._computeActorDepth(CausalityInterfaceForComposites.java:532)
	at ptolemy.actor.util.CausalityInterfaceForComposites.checkForCycles(CausalityInterfaceForComposites.java:96)
	at ptolemy.domains.de.kernel.DEDirector.preinitialize(DEDirector.java:1338)
	at ptolemy.actor.CompositeActor.preinitialize(CompositeActor.java:1828)
	at ptolemy.actor.Manager.preinitializeAndResolveTypes(Manager.java:1040)
	at ptolemy.actor.Manager.initialize(Manager.java:710)
	at ptolemy.actor.Manager.execute(Manager.java:356)
	at ptolemy.actor.Manager.run(Manager.java:1263)
	at ptolemy.actor.Manager$PtolemyRunThread.run(Manager.java:1915)

    while executing
ptolemy.kernel.util.IllegalActionException: Found a zero delay loop containing .dependencyLoop.original
  in .dependencyLoop and .dependencyLoop.original
    while executing
"java::new ptolemy.moml.MoMLSimpleApplication $file
"
    (procedure "createAndExecute" line 2)
    invoked from within
"createAndExecute $file"
    ("uplevel" body line 5)
    invoked from within
"uplevel $contents_of_test"
------------------ testing $PTII/ptolemy/domains/de/test/auto/knownFailedTests/DESDFClockTest.xml (Known Failure) 
2070 ms. Memory: 146944K Free: 121421K (83%)


==== $PTIIhome/travis/build/icyphy/ptII/ptolemy/domains/de/test/../../../../: Auto Automatic test in file $PTII/ptolemy/domains/de/test/auto/knownFailedTests/DESDFClockTest.xml
==== Contents of test case:

	    # FIXME: we should use $relativeFilename here, but it
	    # might have backslashes under Windows, which causes no end
	    # of trouble.
	    createAndExecute $file
	    list {}
	
.... Test generated KNOWN error:
    while executing
ptolemy.kernel.util.IllegalActionException: Actor is not ready to fire.  Perhaps UpSample.prefire() returned false? Try debugging the actor by selecting "Listen to Actor".  Also, for SDF check moml for tokenConsumptionRate on input.
  in .DESDFClockTest.Play Bell.Copy1:SDF Director and .DESDFClockTest.Play Bell.UpSample
	at ptolemy.actor.sched.StaticSchedulingDirector.fire(StaticSchedulingDirector.java:227)
	at ptolemy.domains.sdf.kernel.SDFDirector.fire(SDFDirector.java:500)
	at ptolemy.actor.CompositeActor.fire(CompositeActor.java:455)
	at ptolemy.domains.de.kernel.DEDirector._fire(DEDirector.java:1949)
	at ptolemy.domains.de.kernel.DEDirector.fire(DEDirector.java:502)
	at ptolemy.actor.CompositeActor.fire(CompositeActor.java:455)
	at ptolemy.actor.Manager.iterate(Manager.java:851)
	at ptolemy.actor.Manager.execute(Manager.java:369)
	at ptolemy.actor.Manager.run(Manager.java:1263)
	at ptolemy.actor.Manager$PtolemyRunThread.run(Manager.java:1915)

    while executing
ptolemy.kernel.util.IllegalActionException: Actor is not ready to fire.  Perhaps UpSample.prefire() returned false? Try debugging the actor by selecting "Listen to Actor".  Also, for SDF check moml for tokenConsumptionRate on input.
  in .DESDFClockTest.Play Bell.Copy1:SDF Director and .DESDFClockTest.Play Bell.UpSample
    while executing
"java::new ptolemy.moml.MoMLSimpleApplication $file
"
    (procedure "createAndExecute" line 2)
    invoked from within
"createAndExecute $file"
    ("uplevel" body line 5)
    invoked from within
"uplevel $contents_of_test"
------------------ testing $PTII/ptolemy/domains/de/test/auto/knownFailedTests/FSMSource.xml (Known Failure) 
25 ms. Memory: 146944K Free: 112067K (76%)
!!!! Auto was marked as failing, but now passes
------------------ testing $PTII/ptolemy/domains/de/test/auto/knownFailedTests/dependencyLoop2.xml (Known Failure) 
5 ms. Memory: 146944K Free: 110208K (75%)


==== $PTIIhome/travis/build/icyphy/ptII/ptolemy/domains/de/test/../../../../: Auto Automatic test in file $PTII/ptolemy/domains/de/test/auto/knownFailedTests/dependencyLoop2.xml
==== Contents of test case:

	    # FIXME: we should use $relativeFilename here, but it
	    # might have backslashes under Windows, which causes no end
	    # of trouble.
	    createAndExecute $file
	    list {}
	
.... Test generated KNOWN error:
    while executing
ptolemy.kernel.util.IllegalActionException: Found a zero delay loop containing .dependencyLoop2.original
  in .dependencyLoop2 and .dependencyLoop2.original
	at ptolemy.actor.util.CausalityInterfaceForComposites._computeOutputPortDepth(CausalityInterfaceForComposites.java:759)
	at ptolemy.actor.util.CausalityInterfaceForComposites._computeInputDepth(CausalityInterfaceForComposites.java:696)
	at ptolemy.actor.util.CausalityInterfaceForComposites._computeOutputPortDepth(CausalityInterfaceForComposites.java:765)
	at ptolemy.actor.util.CausalityInterfaceForComposites._computeInputDepth(CausalityInterfaceForComposites.java:696)
	at ptolemy.actor.util.CausalityInterfaceForComposites._computeOutputPortDepth(CausalityInterfaceForComposites.java:765)
	at ptolemy.actor.util.CausalityInterfaceForComposites._computeInputDepth(CausalityInterfaceForComposites.java:696)
	at ptolemy.actor.util.CausalityInterfaceForComposites._computeActorDepth(CausalityInterfaceForComposites.java:532)
	at ptolemy.actor.util.CausalityInterfaceForComposites.checkForCycles(CausalityInterfaceForComposites.java:96)
	at ptolemy.domains.de.kernel.DEDirector.preinitialize(DEDirector.java:1338)
	at ptolemy.actor.CompositeActor.preinitialize(CompositeActor.java:1828)
	at ptolemy.actor.Manager.preinitializeAndResolveTypes(Manager.java:1040)
	at ptolemy.actor.Manager.initialize(Manager.java:710)
	at ptolemy.actor.Manager.execute(Manager.java:356)
	at ptolemy.actor.Manager.run(Manager.java:1263)
	at ptolemy.actor.Manager$PtolemyRunThread.run(Manager.java:1915)

    while executing
ptolemy.kernel.util.IllegalActionException: Found a zero delay loop containing .dependencyLoop2.original
  in .dependencyLoop2 and .dependencyLoop2.original
    while executing
"java::new ptolemy.moml.MoMLSimpleApplication $file
"
    (procedure "createAndExecute" line 2)
    invoked from within
"createAndExecute $file"
    ("uplevel" body line 5)
    invoked from within
"uplevel $contents_of_test"
------------------ testing $PTII/ptolemy/domains/de/test/auto/knownFailedTests/HierarchicalModel.xml (Known Failure) 
6 ms. Memory: 146944K Free: 90087K (61%)


==== $PTIIhome/travis/build/icyphy/ptII/ptolemy/domains/de/test/../../../../: Auto Automatic test in file $PTII/ptolemy/domains/de/test/auto/knownFailedTests/HierarchicalModel.xml
==== Contents of test case:

	    # FIXME: we should use $relativeFilename here, but it
	    # might have backslashes under Windows, which causes no end
	    # of trouble.
	    createAndExecute $file
	    list {}
	
.... Test generated KNOWN error:
    while executing
ptolemy.kernel.util.IllegalActionException: Found a zero delay loop containing .HierarchicalModel.A
  in .HierarchicalModel and .HierarchicalModel.A
	at ptolemy.actor.util.CausalityInterfaceForComposites._computeOutputPortDepth(CausalityInterfaceForComposites.java:759)
	at ptolemy.actor.util.CausalityInterfaceForComposites._computeInputDepth(CausalityInterfaceForComposites.java:696)
	at ptolemy.actor.util.CausalityInterfaceForComposites._computeOutputPortDepth(CausalityInterfaceForComposites.java:765)
	at ptolemy.actor.util.CausalityInterfaceForComposites._computeInputDepth(CausalityInterfaceForComposites.java:696)
	at ptolemy.actor.util.CausalityInterfaceForComposites._computeOutputPortDepth(CausalityInterfaceForComposites.java:765)
	at ptolemy.actor.util.CausalityInterfaceForComposites._computeInputDepth(CausalityInterfaceForComposites.java:696)
	at ptolemy.actor.util.CausalityInterfaceForComposites._computeActorDepth(CausalityInterfaceForComposites.java:532)
	at ptolemy.actor.util.CausalityInterfaceForComposites.checkForCycles(CausalityInterfaceForComposites.java:96)
	at ptolemy.domains.de.kernel.DEDirector.preinitialize(DEDirector.java:1338)
	at ptolemy.actor.CompositeActor.preinitialize(CompositeActor.java:1828)
	at ptolemy.actor.Manager.preinitializeAndResolveTypes(Manager.java:1040)
	at ptolemy.actor.Manager.initialize(Manager.java:710)
	at ptolemy.actor.Manager.execute(Manager.java:356)
	at ptolemy.actor.Manager.run(Manager.java:1263)
	at ptolemy.actor.Manager$PtolemyRunThread.run(Manager.java:1915)

    while executing
ptolemy.kernel.util.IllegalActionException: Found a zero delay loop containing .HierarchicalModel.A
  in .HierarchicalModel and .HierarchicalModel.A
    while executing
"java::new ptolemy.moml.MoMLSimpleApplication $file
"
    (procedure "createAndExecute" line 2)
    invoked from within
"createAndExecute $file"
    ("uplevel" body line 5)
    invoked from within
"uplevel $contents_of_test"
------------------ testing $PTII/ptolemy/domains/de/test/auto/knownFailedTests/DirectFeedback.xml (Known Failure) 
5 ms. Memory: 146944K Free: 85977K (59%)


==== $PTIIhome/travis/build/icyphy/ptII/ptolemy/domains/de/test/../../../../: Auto Automatic test in file $PTII/ptolemy/domains/de/test/auto/knownFailedTests/DirectFeedback.xml
==== Contents of test case:

	    # FIXME: we should use $relativeFilename here, but it
	    # might have backslashes under Windows, which causes no end
	    # of trouble.
	    createAndExecute $file
	    list {}
	
.... Test generated KNOWN error:
    while executing
ptolemy.kernel.util.IllegalActionException: Test fails in iteration 1.
Value was: 1.0. Should have been: 2.0
  in .DirectFeedback.Test
	at ptolemy.actor.lib.Test.fire(Test.java:268)
	at ptolemy.domains.de.kernel.DEDirector._fire(DEDirector.java:1949)
	at ptolemy.domains.de.kernel.DEDirector.fire(DEDirector.java:502)
	at ptolemy.actor.CompositeActor.fire(CompositeActor.java:455)
	at ptolemy.actor.Manager.iterate(Manager.java:851)
	at ptolemy.actor.Manager.execute(Manager.java:369)
	at ptolemy.actor.Manager.run(Manager.java:1263)
	at ptolemy.actor.Manager$PtolemyRunThread.run(Manager.java:1915)

    while executing
ptolemy.kernel.util.IllegalActionException: Test fails in iteration 1.
Value was: 1.0. Should have been: 2.0
  in .DirectFeedback.Test
    while executing
"java::new ptolemy.moml.MoMLSimpleApplication $file
"
    (procedure "createAndExecute" line 2)
    invoked from within
"createAndExecute $file"
    ("uplevel" body line 5)
    invoked from within
"uplevel $contents_of_test"
------------------ testing $PTII/ptolemy/domains/de/test/auto/ActorDepthCalculation_actorWithoutPorts.xml
auto.tcl: Setting watchdog for 200 seconds at Wed Jan 30 03:26:38 UTC 2019
4 ms. Memory: 146944K Free: 138644K (94%)
ptolemy.util.test.WatchDog.cancel(): canceling Wed Jan 30 03:26:38 UTC 2019
auto.tcl: Setting watchdog for 200 seconds at Wed Jan 30 03:26:38 UTC 2019
4 ms. Memory: 146944K Free: 137623K (94%)
ptolemy.util.test.WatchDog.cancel(): canceling Wed Jan 30 03:26:38 UTC 2019
------------------ testing $PTII/ptolemy/domains/de/test/auto/AssemblyLine.xml
auto.tcl: Setting watchdog for 200 seconds at Wed Jan 30 03:26:39 UTC 2019
51 ms. Memory: 208384K Free: 186255K (89%)
ptolemy.util.test.WatchDog.cancel(): canceling Wed Jan 30 03:26:39 UTC 2019
auto.tcl: Setting watchdog for 200 seconds at Wed Jan 30 03:26:39 UTC 2019
13 ms. Memory: 208384K Free: 186255K (89%)
ptolemy.util.test.WatchDog.cancel(): canceling Wed Jan 30 03:26:39 UTC 2019
------------------ testing $PTII/ptolemy/domains/de/test/auto/CQBug1.xml
auto.tcl: Setting watchdog for 200 seconds at Wed Jan 30 03:26:39 UTC 2019
9 ms. Memory: 208384K Free: 197900K (95%)
ptolemy.util.test.WatchDog.cancel(): canceling Wed Jan 30 03:26:39 UTC 2019
auto.tcl: Setting watchdog for 200 seconds at Wed Jan 30 03:26:39 UTC 2019
2 ms. Memory: 208384K Free: 197900K (95%)
ptolemy.util.test.WatchDog.cancel(): canceling Wed Jan 30 03:26:39 UTC 2019
------------------ testing $PTII/ptolemy/domains/de/test/auto/CancelFireAt.xml
auto.tcl: Setting watchdog for 200 seconds at Wed Jan 30 03:26:39 UTC 2019
6 ms. Memory: 208384K Free: 201043K (96%)
ptolemy.util.test.WatchDog.cancel(): canceling Wed Jan 30 03:26:39 UTC 2019
auto.tcl: Setting watchdog for 200 seconds at Wed Jan 30 03:26:39 UTC 2019
2 ms. Memory: 208384K Free: 199000K (95%)
ptolemy.util.test.WatchDog.cancel(): canceling Wed Jan 30 03:26:39 UTC 2019
------------------ testing $PTII/ptolemy/domains/de/test/auto/CausalityAndComposabilityAnalysis.xml
auto.tcl: Setting watchdog for 200 seconds at Wed Jan 30 03:26:39 UTC 2019
16 ms. Memory: 208384K Free: 199007K (96%)
ptolemy.util.test.WatchDog.cancel(): canceling Wed Jan 30 03:26:39 UTC 2019
auto.tcl: Setting watchdog for 200 seconds at Wed Jan 30 03:26:39 UTC 2019
5 ms. Memory: 208384K Free: 196964K (95%)
ptolemy.util.test.WatchDog.cancel(): canceling Wed Jan 30 03:26:39 UTC 2019
------------------ testing $PTII/ptolemy/domains/de/test/auto/CausalityInterface1.xml
auto.tcl: Setting watchdog for 200 seconds at Wed Jan 30 03:26:39 UTC 2019
14 ms. Memory: 208384K Free: 196491K (94%)
ptolemy.util.test.WatchDog.cancel(): canceling Wed Jan 30 03:26:40 UTC 2019
auto.tcl: Setting watchdog for 200 seconds at Wed Jan 30 03:26:40 UTC 2019
4 ms. Memory: 208384K Free: 196491K (94%)
ptolemy.util.test.WatchDog.cancel(): canceling Wed Jan 30 03:26:40 UTC 2019
------------------ testing $PTII/ptolemy/domains/de/test/auto/CausalityInterface15.xml
auto.tcl: Setting watchdog for 200 seconds at Wed Jan 30 03:26:40 UTC 2019
4 ms. Memory: 208384K Free: 196449K (94%)
ptolemy.util.test.WatchDog.cancel(): canceling Wed Jan 30 03:26:40 UTC 2019
auto.tcl: Setting watchdog for 200 seconds at Wed Jan 30 03:26:40 UTC 2019
4 ms. Memory: 208384K Free: 196449K (94%)
ptolemy.util.test.WatchDog.cancel(): canceling Wed Jan 30 03:26:40 UTC 2019
------------------ testing $PTII/ptolemy/domains/de/test/auto/CausalityInterface2.xml
auto.tcl: Setting watchdog for 200 seconds at Wed Jan 30 03:26:40 UTC 2019
8 ms. Memory: 208384K Free: 196465K (94%)
ptolemy.util.test.WatchDog.cancel(): canceling Wed Jan 30 03:26:40 UTC 2019
auto.tcl: Setting watchdog for 200 seconds at Wed Jan 30 03:26:40 UTC 2019
3 ms. Memory: 208384K Free: 196465K (94%)
ptolemy.util.test.WatchDog.cancel(): canceling Wed Jan 30 03:26:40 UTC 2019
------------------ testing $PTII/ptolemy/domains/de/test/auto/CausalityInterface3.xml
auto.tcl: Setting watchdog for 200 seconds at Wed Jan 30 03:26:40 UTC 2019
6 ms. Memory: 208384K Free: 196478K (94%)
ptolemy.util.test.WatchDog.cancel(): canceling Wed Jan 30 03:26:40 UTC 2019
auto.tcl: Setting watchdog for 200 seconds at Wed Jan 30 03:26:40 UTC 2019
5 ms. Memory: 208384K Free: 196478K (94%)
ptolemy.util.test.WatchDog.cancel(): canceling Wed Jan 30 03:26:40 UTC 2019
------------------ testing $PTII/ptolemy/domains/de/test/auto/ClockDrift.xml
auto.tcl: Setting watchdog for 200 seconds at Wed Jan 30 03:26:40 UTC 2019
63 ms. Memory: 208384K Free: 187881K (90%)
ptolemy.util.test.WatchDog.cancel(): canceling Wed Jan 30 03:26:40 UTC 2019
auto.tcl: Setting watchdog for 200 seconds at Wed Jan 30 03:26:40 UTC 2019
65 ms. Memory: 208384K Free: 185838K (89%)
ptolemy.util.test.WatchDog.cancel(): canceling Wed Jan 30 03:26:40 UTC 2019
------------------ testing $PTII/ptolemy/domains/de/test/auto/ClockDriftAndValueChange.xml
auto.tcl: Setting watchdog for 200 seconds at Wed Jan 30 03:26:40 UTC 2019
50 ms. Memory: 208384K Free: 189756K (91%)
ptolemy.util.test.WatchDog.cancel(): canceling Wed Jan 30 03:26:40 UTC 2019
auto.tcl: Setting watchdog for 200 seconds at Wed Jan 30 03:26:40 UTC 2019
36 ms. Memory: 208384K Free: 185670K (89%)
ptolemy.util.test.WatchDog.cancel(): canceling Wed Jan 30 03:26:40 UTC 2019
------------------ testing $PTII/ptolemy/domains/de/test/auto/ClockDriftChange.xml
auto.tcl: Setting watchdog for 200 seconds at Wed Jan 30 03:26:40 UTC 2019
35 ms. Memory: 208384K Free: 190982K (92%)
ptolemy.util.test.WatchDog.cancel(): canceling Wed Jan 30 03:26:40 UTC 2019
auto.tcl: Setting watchdog for 200 seconds at Wed Jan 30 03:26:40 UTC 2019
27 ms. Memory: 208384K Free: 188939K (91%)
ptolemy.util.test.WatchDog.cancel(): canceling Wed Jan 30 03:26:40 UTC 2019
------------------ testing $PTII/ptolemy/domains/de/test/auto/ComposableCausalityAnalysis.xml
auto.tcl: Setting watchdog for 200 seconds at Wed Jan 30 03:26:40 UTC 2019
1 ms. Memory: 208384K Free: 196335K (94%)
ptolemy.util.test.WatchDog.cancel(): canceling Wed Jan 30 03:26:40 UTC 2019
auto.tcl: Setting watchdog for 200 seconds at Wed Jan 30 03:26:40 UTC 2019
2 ms. Memory: 208384K Free: 194292K (93%)
ptolemy.util.test.WatchDog.cancel(): canceling Wed Jan 30 03:26:40 UTC 2019
------------------ testing $PTII/ptolemy/domains/de/test/auto/DEFixedPointLimitation.xml
auto.tcl: Setting watchdog for 200 seconds at Wed Jan 30 03:26:40 UTC 2019
4 ms. Memory: 208384K Free: 198458K (95%)
ptolemy.util.test.WatchDog.cancel(): canceling Wed Jan 30 03:26:41 UTC 2019
auto.tcl: Setting watchdog for 200 seconds at Wed Jan 30 03:26:41 UTC 2019
1 ms. Memory: 208384K Free: 196416K (94%)
ptolemy.util.test.WatchDog.cancel(): canceling Wed Jan 30 03:26:41 UTC 2019
------------------ testing $PTII/ptolemy/domains/de/test/auto/DEScheduleTest.xml
auto.tcl: Setting watchdog for 200 seconds at Wed Jan 30 03:26:41 UTC 2019
6 ms. Memory: 208384K Free: 199013K (96%)
ptolemy.util.test.WatchDog.cancel(): canceling Wed Jan 30 03:26:41 UTC 2019
auto.tcl: Setting watchdog for 200 seconds at Wed Jan 30 03:26:41 UTC 2019
5 ms. Memory: 208384K Free: 196970K (95%)
ptolemy.util.test.WatchDog.cancel(): canceling Wed Jan 30 03:26:41 UTC 2019
------------------ testing $PTII/ptolemy/domains/de/test/auto/DEinDEwithStartTimes.xml
auto.tcl: Setting watchdog for 200 seconds at Wed Jan 30 03:26:41 UTC 2019
3 ms. Memory: 208384K Free: 196421K (94%)
ptolemy.util.test.WatchDog.cancel(): canceling Wed Jan 30 03:26:41 UTC 2019
auto.tcl: Setting watchdog for 200 seconds at Wed Jan 30 03:26:41 UTC 2019
4 ms. Memory: 208384K Free: 196421K (94%)
ptolemy.util.test.WatchDog.cancel(): canceling Wed Jan 30 03:26:41 UTC 2019
------------------ testing $PTII/ptolemy/domains/de/test/auto/DEinDEwithStartTimes2.xml
auto.tcl: Setting watchdog for 200 seconds at Wed Jan 30 03:26:41 UTC 2019
6 ms. Memory: 208384K Free: 196919K (94%)
ptolemy.util.test.WatchDog.cancel(): canceling Wed Jan 30 03:26:41 UTC 2019
auto.tcl: Setting watchdog for 200 seconds at Wed Jan 30 03:26:41 UTC 2019
4 ms. Memory: 208384K Free: 194357K (93%)
ptolemy.util.test.WatchDog.cancel(): canceling Wed Jan 30 03:26:41 UTC 2019
------------------ testing $PTII/ptolemy/domains/de/test/auto/DateDemo.xml
auto.tcl: Setting watchdog for 200 seconds at Wed Jan 30 03:26:41 UTC 2019
9 ms. Memory: 208384K Free: 189008K (91%)
ptolemy.util.test.WatchDog.cancel(): canceling Wed Jan 30 03:26:41 UTC 2019
auto.tcl: Setting watchdog for 200 seconds at Wed Jan 30 03:26:41 UTC 2019
6 ms. Memory: 208384K Free: 186966K (90%)
ptolemy.util.test.WatchDog.cancel(): canceling Wed Jan 30 03:26:41 UTC 2019
------------------ testing $PTII/ptolemy/domains/de/test/auto/DateToEvent.xml
auto.tcl: Setting watchdog for 200 seconds at Wed Jan 30 03:26:41 UTC 2019
2020 ms. Memory: 208384K Free: 183911K (88%)
ptolemy.util.test.WatchDog.cancel(): canceling Wed Jan 30 03:26:43 UTC 2019
auto.tcl: Setting watchdog for 200 seconds at Wed Jan 30 03:26:43 UTC 2019
2005 ms. Memory: 208384K Free: 183911K (88%)
ptolemy.util.test.WatchDog.cancel(): canceling Wed Jan 30 03:26:45 UTC 2019
------------------ testing $PTII/ptolemy/domains/de/test/auto/DepthTest1.xml
auto.tcl: Setting watchdog for 200 seconds at Wed Jan 30 03:26:45 UTC 2019
2 ms. Memory: 208384K Free: 198021K (95%)
ptolemy.util.test.WatchDog.cancel(): canceling Wed Jan 30 03:26:45 UTC 2019
auto.tcl: Setting watchdog for 200 seconds at Wed Jan 30 03:26:45 UTC 2019
2 ms. Memory: 208384K Free: 198021K (95%)
ptolemy.util.test.WatchDog.cancel(): canceling Wed Jan 30 03:26:45 UTC 2019
------------------ testing $PTII/ptolemy/domains/de/test/auto/DepthTest2.xml
auto.tcl: Setting watchdog for 200 seconds at Wed Jan 30 03:26:45 UTC 2019
10 ms. Memory: 208384K Free: 194369K (93%)
ptolemy.util.test.WatchDog.cancel(): canceling Wed Jan 30 03:26:45 UTC 2019
auto.tcl: Setting watchdog for 200 seconds at Wed Jan 30 03:26:45 UTC 2019
2 ms. Memory: 208384K Free: 194369K (93%)
ptolemy.util.test.WatchDog.cancel(): canceling Wed Jan 30 03:26:45 UTC 2019
------------------ testing $PTII/ptolemy/domains/de/test/auto/DepthTest3.xml
auto.tcl: Setting watchdog for 200 seconds at Wed Jan 30 03:26:45 UTC 2019
5 ms. Memory: 208384K Free: 198875K (95%)
ptolemy.util.test.WatchDog.cancel(): canceling Wed Jan 30 03:26:45 UTC 2019
auto.tcl: Setting watchdog for 200 seconds at Wed Jan 30 03:26:45 UTC 2019
1 ms. Memory: 208384K Free: 198356K (95%)
ptolemy.util.test.WatchDog.cancel(): canceling Wed Jan 30 03:26:45 UTC 2019
------------------ testing $PTII/ptolemy/domains/de/test/auto/DepthTest4.xml
auto.tcl: Setting watchdog for 200 seconds at Wed Jan 30 03:26:45 UTC 2019
6 ms. Memory: 208384K Free: 196400K (94%)
ptolemy.util.test.WatchDog.cancel(): canceling Wed Jan 30 03:26:45 UTC 2019
auto.tcl: Setting watchdog for 200 seconds at Wed Jan 30 03:26:45 UTC 2019
3 ms. Memory: 208384K Free: 196400K (94%)
ptolemy.util.test.WatchDog.cancel(): canceling Wed Jan 30 03:26:45 UTC 2019
------------------ testing $PTII/ptolemy/domains/de/test/auto/DepthTest5.xml
auto.tcl: Setting watchdog for 200 seconds at Wed Jan 30 03:26:45 UTC 2019
3 ms. Memory: 208384K Free: 196347K (94%)
ptolemy.util.test.WatchDog.cancel(): canceling Wed Jan 30 03:26:45 UTC 2019
auto.tcl: Setting watchdog for 200 seconds at Wed Jan 30 03:26:45 UTC 2019
2 ms. Memory: 208384K Free: 196347K (94%)
ptolemy.util.test.WatchDog.cancel(): canceling Wed Jan 30 03:26:45 UTC 2019
------------------ testing $PTII/ptolemy/domains/de/test/auto/DepthTest6.xml
auto.tcl: Setting watchdog for 200 seconds at Wed Jan 30 03:26:45 UTC 2019
6 ms. Memory: 208384K Free: 196843K (94%)
ptolemy.util.test.WatchDog.cancel(): canceling Wed Jan 30 03:26:45 UTC 2019
auto.tcl: Setting watchdog for 200 seconds at Wed Jan 30 03:26:45 UTC 2019
2 ms. Memory: 208384K Free: 196843K (94%)
ptolemy.util.test.WatchDog.cancel(): canceling Wed Jan 30 03:26:45 UTC 2019
------------------ testing $PTII/ptolemy/domains/de/test/auto/DepthTest7.xml
auto.tcl: Setting watchdog for 200 seconds at Wed Jan 30 03:26:46 UTC 2019
7 ms. Memory: 208384K Free: 196305K (94%)
ptolemy.util.test.WatchDog.cancel(): canceling Wed Jan 30 03:26:46 UTC 2019
auto.tcl: Setting watchdog for 200 seconds at Wed Jan 30 03:26:46 UTC 2019
2 ms. Memory: 208384K Free: 196305K (94%)
ptolemy.util.test.WatchDog.cancel(): canceling Wed Jan 30 03:26:46 UTC 2019
------------------ testing $PTII/ptolemy/domains/de/test/auto/EventToDate.xml
auto.tcl: Setting watchdog for 200 seconds at Wed Jan 30 03:26:46 UTC 2019
3005 ms. Memory: 208384K Free: 186105K (89%)
ptolemy.util.test.WatchDog.cancel(): canceling Wed Jan 30 03:26:49 UTC 2019
auto.tcl: Setting watchdog for 200 seconds at Wed Jan 30 03:26:49 UTC 2019
3004 ms. Memory: 208384K Free: 186105K (89%)
ptolemy.util.test.WatchDog.cancel(): canceling Wed Jan 30 03:26:52 UTC 2019
------------------ testing $PTII/ptolemy/domains/de/test/auto/FSM1.xml
auto.tcl: Setting watchdog for 200 seconds at Wed Jan 30 03:26:52 UTC 2019
17 ms. Memory: 208384K Free: 189472K (91%)
ptolemy.util.test.WatchDog.cancel(): canceling Wed Jan 30 03:26:52 UTC 2019
auto.tcl: Setting watchdog for 200 seconds at Wed Jan 30 03:26:52 UTC 2019
13 ms. Memory: 208384K Free: 185386K (89%)
ptolemy.util.test.WatchDog.cancel(): canceling Wed Jan 30 03:26:52 UTC 2019
------------------ testing $PTII/ptolemy/domains/de/test/auto/FSM7.xml
auto.tcl: Setting watchdog for 200 seconds at Wed Jan 30 03:26:52 UTC 2019
21 ms. Memory: 208384K Free: 189675K (91%)
ptolemy.util.test.WatchDog.cancel(): canceling Wed Jan 30 03:26:52 UTC 2019
auto.tcl: Setting watchdog for 200 seconds at Wed Jan 30 03:26:52 UTC 2019
21 ms. Memory: 208384K Free: 185590K (89%)
ptolemy.util.test.WatchDog.cancel(): canceling Wed Jan 30 03:26:52 UTC 2019
------------------ testing $PTII/ptolemy/domains/de/test/auto/Inspection.xml
auto.tcl: Setting watchdog for 200 seconds at Wed Jan 30 03:26:52 UTC 2019
41 ms. Memory: 208384K Free: 189366K (91%)
ptolemy.util.test.WatchDog.cancel(): canceling Wed Jan 30 03:26:52 UTC 2019
auto.tcl: Setting watchdog for 200 seconds at Wed Jan 30 03:26:52 UTC 2019
22 ms. Memory: 208384K Free: 187324K (90%)
ptolemy.util.test.WatchDog.cancel(): canceling Wed Jan 30 03:26:52 UTC 2019
------------------ testing $PTII/ptolemy/domains/de/test/auto/Iteration.xml
auto.tcl: Setting watchdog for 200 seconds at Wed Jan 30 03:26:52 UTC 2019
20 ms. Memory: 208384K Free: 196113K (94%)
ptolemy.util.test.WatchDog.cancel(): canceling Wed Jan 30 03:26:52 UTC 2019
auto.tcl: Setting watchdog for 200 seconds at Wed Jan 30 03:26:52 UTC 2019
6 ms. Memory: 208384K Free: 194070K (93%)
ptolemy.util.test.WatchDog.cancel(): canceling Wed Jan 30 03:26:52 UTC 2019
------------------ testing $PTII/ptolemy/domains/de/test/auto/LineFault.xml
auto.tcl: Setting watchdog for 200 seconds at Wed Jan 30 03:26:52 UTC 2019
572 ms. Memory: 208384K Free: 199829K (96%)
ptolemy.util.test.WatchDog.cancel(): canceling Wed Jan 30 03:26:53 UTC 2019
auto.tcl: Setting watchdog for 200 seconds at Wed Jan 30 03:26:53 UTC 2019
609 ms. Memory: 208384K Free: 142370K (68%)
ptolemy.util.test.WatchDog.cancel(): canceling Wed Jan 30 03:26:54 UTC 2019
------------------ testing $PTII/ptolemy/domains/de/test/auto/MergeModel1Add.xml
auto.tcl: Setting watchdog for 200 seconds at Wed Jan 30 03:26:54 UTC 2019
16 ms. Memory: 331264K Free: 300778K (91%)
ptolemy.util.test.WatchDog.cancel(): canceling Wed Jan 30 03:26:54 UTC 2019
auto.tcl: Setting watchdog for 200 seconds at Wed Jan 30 03:26:54 UTC 2019
8 ms. Memory: 331264K Free: 300778K (91%)
ptolemy.util.test.WatchDog.cancel(): canceling Wed Jan 30 03:26:54 UTC 2019
------------------ testing $PTII/ptolemy/domains/de/test/auto/MergeModel2Add.xml
auto.tcl: Setting watchdog for 200 seconds at Wed Jan 30 03:26:54 UTC 2019
7 ms. Memory: 331264K Free: 305719K (92%)
ptolemy.util.test.WatchDog.cancel(): canceling Wed Jan 30 03:26:54 UTC 2019
auto.tcl: Setting watchdog for 200 seconds at Wed Jan 30 03:26:54 UTC 2019
7 ms. Memory: 331264K Free: 302149K (91%)
ptolemy.util.test.WatchDog.cancel(): canceling Wed Jan 30 03:26:54 UTC 2019
------------------ testing $PTII/ptolemy/domains/de/test/auto/MergeModel3Add.xml
auto.tcl: Setting watchdog for 200 seconds at Wed Jan 30 03:26:54 UTC 2019
9 ms. Memory: 331264K Free: 305698K (92%)
ptolemy.util.test.WatchDog.cancel(): canceling Wed Jan 30 03:26:54 UTC 2019
auto.tcl: Setting watchdog for 200 seconds at Wed Jan 30 03:26:54 UTC 2019
8 ms. Memory: 331264K Free: 302127K (91%)
ptolemy.util.test.WatchDog.cancel(): canceling Wed Jan 30 03:26:54 UTC 2019
------------------ testing $PTII/ptolemy/domains/de/test/auto/MergeWithoutDiscard.xml
auto.tcl: Setting watchdog for 200 seconds at Wed Jan 30 03:26:54 UTC 2019
6 ms. Memory: 331264K Free: 316437K (96%)
ptolemy.util.test.WatchDog.cancel(): canceling Wed Jan 30 03:26:54 UTC 2019
auto.tcl: Setting watchdog for 200 seconds at Wed Jan 30 03:26:54 UTC 2019
1 ms. Memory: 331264K Free: 316437K (96%)
ptolemy.util.test.WatchDog.cancel(): canceling Wed Jan 30 03:26:54 UTC 2019
------------------ testing $PTII/ptolemy/domains/de/test/auto/Modal1.xml
auto.tcl: Setting watchdog for 200 seconds at Wed Jan 30 03:26:54 UTC 2019
11 ms. Memory: 331264K Free: 310707K (94%)
ptolemy.util.test.WatchDog.cancel(): canceling Wed Jan 30 03:26:54 UTC 2019
auto.tcl: Setting watchdog for 200 seconds at Wed Jan 30 03:26:54 UTC 2019
11 ms. Memory: 331264K Free: 307137K (93%)
ptolemy.util.test.WatchDog.cancel(): canceling Wed Jan 30 03:26:54 UTC 2019
------------------ testing $PTII/ptolemy/domains/de/test/auto/Modal2.xml
auto.tcl: Setting watchdog for 200 seconds at Wed Jan 30 03:26:54 UTC 2019
14 ms. Memory: 331264K Free: 305682K (92%)
ptolemy.util.test.WatchDog.cancel(): canceling Wed Jan 30 03:26:54 UTC 2019
auto.tcl: Setting watchdog for 200 seconds at Wed Jan 30 03:26:54 UTC 2019
11 ms. Memory: 331264K Free: 302112K (91%)
ptolemy.util.test.WatchDog.cancel(): canceling Wed Jan 30 03:26:54 UTC 2019
------------------ testing $PTII/ptolemy/domains/de/test/auto/Modal3.xml
auto.tcl: Setting watchdog for 200 seconds at Wed Jan 30 03:26:54 UTC 2019
11 ms. Memory: 331264K Free: 310579K (94%)
ptolemy.util.test.WatchDog.cancel(): canceling Wed Jan 30 03:26:54 UTC 2019
auto.tcl: Setting watchdog for 200 seconds at Wed Jan 30 03:26:54 UTC 2019
10 ms. Memory: 331264K Free: 307009K (93%)
ptolemy.util.test.WatchDog.cancel(): canceling Wed Jan 30 03:26:54 UTC 2019
------------------ testing $PTII/ptolemy/domains/de/test/auto/Modal4.xml
auto.tcl: Setting watchdog for 200 seconds at Wed Jan 30 03:26:54 UTC 2019
13 ms. Memory: 331264K Free: 310592K (94%)
ptolemy.util.test.WatchDog.cancel(): canceling Wed Jan 30 03:26:55 UTC 2019
auto.tcl: Setting watchdog for 200 seconds at Wed Jan 30 03:26:55 UTC 2019
24 ms. Memory: 331264K Free: 307022K (93%)
ptolemy.util.test.WatchDog.cancel(): canceling Wed Jan 30 03:26:55 UTC 2019
------------------ testing $PTII/ptolemy/domains/de/test/auto/Modal5.xml
auto.tcl: Setting watchdog for 200 seconds at Wed Jan 30 03:26:55 UTC 2019
16 ms. Memory: 331264K Free: 310579K (94%)
ptolemy.util.test.WatchDog.cancel(): canceling Wed Jan 30 03:26:55 UTC 2019
auto.tcl: Setting watchdog for 200 seconds at Wed Jan 30 03:26:55 UTC 2019
13 ms. Memory: 331264K Free: 307009K (93%)
ptolemy.util.test.WatchDog.cancel(): canceling Wed Jan 30 03:26:55 UTC 2019
------------------ testing $PTII/ptolemy/domains/de/test/auto/Modal6.xml
auto.tcl: Setting watchdog for 200 seconds at Wed Jan 30 03:26:55 UTC 2019
14 ms. Memory: 331264K Free: 310576K (94%)
ptolemy.util.test.WatchDog.cancel(): canceling Wed Jan 30 03:26:55 UTC 2019
auto.tcl: Setting watchdog for 200 seconds at Wed Jan 30 03:26:55 UTC 2019
12 ms. Memory: 331264K Free: 307006K (93%)
ptolemy.util.test.WatchDog.cancel(): canceling Wed Jan 30 03:26:55 UTC 2019
------------------ testing $PTII/ptolemy/domains/de/test/auto/Modal7.xml
auto.tcl: Setting watchdog for 200 seconds at Wed Jan 30 03:26:55 UTC 2019
9 ms. Memory: 331264K Free: 307006K (93%)
ptolemy.util.test.WatchDog.cancel(): canceling Wed Jan 30 03:26:55 UTC 2019
auto.tcl: Setting watchdog for 200 seconds at Wed Jan 30 03:26:55 UTC 2019
9 ms. Memory: 331264K Free: 303436K (92%)
ptolemy.util.test.WatchDog.cancel(): canceling Wed Jan 30 03:26:55 UTC 2019
------------------ testing $PTII/ptolemy/domains/de/test/auto/ModalModel.xml
auto.tcl: Setting watchdog for 200 seconds at Wed Jan 30 03:26:55 UTC 2019
174 ms. Memory: 331264K Free: 248224K (75%)
ptolemy.util.test.WatchDog.cancel(): canceling Wed Jan 30 03:26:55 UTC 2019
auto.tcl: Setting watchdog for 200 seconds at Wed Jan 30 03:26:55 UTC 2019
180 ms. Memory: 331264K Free: 191103K (58%)
ptolemy.util.test.WatchDog.cancel(): canceling Wed Jan 30 03:26:55 UTC 2019
------------------ testing $PTII/ptolemy/domains/de/test/auto/ModalSource.xml
auto.tcl: Setting watchdog for 200 seconds at Wed Jan 30 03:26:55 UTC 2019
9 ms. Memory: 331264K Free: 316859K (96%)
ptolemy.util.test.WatchDog.cancel(): canceling Wed Jan 30 03:26:55 UTC 2019
auto.tcl: Setting watchdog for 200 seconds at Wed Jan 30 03:26:55 UTC 2019
6 ms. Memory: 331264K Free: 313589K (95%)
ptolemy.util.test.WatchDog.cancel(): canceling Wed Jan 30 03:26:55 UTC 2019
------------------ testing $PTII/ptolemy/domains/de/test/auto/NonInterruptibleTimerZeroDelay.xml
auto.tcl: Setting watchdog for 200 seconds at Wed Jan 30 03:26:55 UTC 2019
4 ms. Memory: 331264K Free: 321219K (97%)
ptolemy.util.test.WatchDog.cancel(): canceling Wed Jan 30 03:26:55 UTC 2019
auto.tcl: Setting watchdog for 200 seconds at Wed Jan 30 03:26:55 UTC 2019
2 ms. Memory: 331264K Free: 317950K (96%)
ptolemy.util.test.WatchDog.cancel(): canceling Wed Jan 30 03:26:55 UTC 2019
------------------ testing $PTII/ptolemy/domains/de/test/auto/OpenQueueingNetwork.xml
auto.tcl: Setting watchdog for 200 seconds at Wed Jan 30 03:26:55 UTC 2019
2746 ms. Memory: 573952K Free: 414466K (72%)
ptolemy.util.test.WatchDog.cancel(): canceling Wed Jan 30 03:26:58 UTC 2019
auto.tcl: Setting watchdog for 200 seconds at Wed Jan 30 03:26:58 UTC 2019
2331 ms. Memory: 550912K Free: 314935K (57%)
ptolemy.util.test.WatchDog.cancel(): canceling Wed Jan 30 03:27:01 UTC 2019
------------------ testing $PTII/ptolemy/domains/de/test/auto/OpenQueuingNetwork.xml
auto.tcl: Setting watchdog for 200 seconds at Wed Jan 30 03:27:01 UTC 2019
244 ms. Memory: 549888K Free: 437101K (79%)
ptolemy.util.test.WatchDog.cancel(): canceling Wed Jan 30 03:27:01 UTC 2019
auto.tcl: Setting watchdog for 200 seconds at Wed Jan 30 03:27:01 UTC 2019
229 ms. Memory: 549888K Free: 379646K (69%)
ptolemy.util.test.WatchDog.cancel(): canceling Wed Jan 30 03:27:01 UTC 2019
------------------ testing $PTII/ptolemy/domains/de/test/auto/PeriodicSampler.xml
auto.tcl: Setting watchdog for 200 seconds at Wed Jan 30 03:27:01 UTC 2019
3 ms. Memory: 551936K Free: 537099K (97%)
ptolemy.util.test.WatchDog.cancel(): canceling Wed Jan 30 03:27:01 UTC 2019
auto.tcl: Setting watchdog for 200 seconds at Wed Jan 30 03:27:01 UTC 2019
2 ms. Memory: 551936K Free: 537099K (97%)
ptolemy.util.test.WatchDog.cancel(): canceling Wed Jan 30 03:27:01 UTC 2019
------------------ testing $PTII/ptolemy/domains/de/test/auto/PersistentIO.xml
auto.tcl: Setting watchdog for 200 seconds at Wed Jan 30 03:27:01 UTC 2019
13 ms. Memory: 549376K Free: 529900K (96%)
ptolemy.util.test.WatchDog.cancel(): canceling Wed Jan 30 03:27:01 UTC 2019
auto.tcl: Setting watchdog for 200 seconds at Wed Jan 30 03:27:01 UTC 2019
4 ms. Memory: 549376K Free: 529900K (96%)
ptolemy.util.test.WatchDog.cancel(): canceling Wed Jan 30 03:27:01 UTC 2019
------------------ testing $PTII/ptolemy/domains/de/test/auto/PortParameterResetOnInitialize.xml
auto.tcl: Setting watchdog for 200 seconds at Wed Jan 30 03:27:01 UTC 2019
2 ms. Memory: 551424K Free: 532368K (97%)
ptolemy.util.test.WatchDog.cancel(): canceling Wed Jan 30 03:27:01 UTC 2019
auto.tcl: Setting watchdog for 200 seconds at Wed Jan 30 03:27:01 UTC 2019
1 ms. Memory: 551424K Free: 532368K (97%)
ptolemy.util.test.WatchDog.cancel(): canceling Wed Jan 30 03:27:01 UTC 2019
------------------ testing $PTII/ptolemy/domains/de/test/auto/PortParameterUpdates.xml
auto.tcl: Setting watchdog for 200 seconds at Wed Jan 30 03:27:02 UTC 2019
4 ms. Memory: 549376K Free: 530453K (97%)
ptolemy.util.test.WatchDog.cancel(): canceling Wed Jan 30 03:27:02 UTC 2019
auto.tcl: Setting watchdog for 200 seconds at Wed Jan 30 03:27:02 UTC 2019
4 ms. Memory: 549376K Free: 525214K (96%)
ptolemy.util.test.WatchDog.cancel(): canceling Wed Jan 30 03:27:02 UTC 2019
------------------ testing $PTII/ptolemy/domains/de/test/auto/QueueAndServer.xml
auto.tcl: Setting watchdog for 200 seconds at Wed Jan 30 03:27:02 UTC 2019
15 ms. Memory: 551424K Free: 531361K (96%)
ptolemy.util.test.WatchDog.cancel(): canceling Wed Jan 30 03:27:02 UTC 2019
auto.tcl: Setting watchdog for 200 seconds at Wed Jan 30 03:27:02 UTC 2019
6 ms. Memory: 551424K Free: 531361K (96%)
ptolemy.util.test.WatchDog.cancel(): canceling Wed Jan 30 03:27:02 UTC 2019
------------------ testing $PTII/ptolemy/domains/de/test/auto/Records.xml
auto.tcl: Setting watchdog for 200 seconds at Wed Jan 30 03:27:02 UTC 2019
7 ms. Memory: 549376K Free: 534495K (97%)
ptolemy.util.test.WatchDog.cancel(): canceling Wed Jan 30 03:27:02 UTC 2019
auto.tcl: Setting watchdog for 200 seconds at Wed Jan 30 03:27:02 UTC 2019
2 ms. Memory: 549376K Free: 529272K (96%)
ptolemy.util.test.WatchDog.cancel(): canceling Wed Jan 30 03:27:02 UTC 2019
------------------ testing $PTII/ptolemy/domains/de/test/auto/ResetTransitionWithStartTime1.xml
auto.tcl: Setting watchdog for 200 seconds at Wed Jan 30 03:27:02 UTC 2019
7 ms. Memory: 551424K Free: 531329K (96%)
ptolemy.util.test.WatchDog.cancel(): canceling Wed Jan 30 03:27:02 UTC 2019
auto.tcl: Setting watchdog for 200 seconds at Wed Jan 30 03:27:02 UTC 2019
9 ms. Memory: 551424K Free: 531329K (96%)
ptolemy.util.test.WatchDog.cancel(): canceling Wed Jan 30 03:27:02 UTC 2019
------------------ testing $PTII/ptolemy/domains/de/test/auto/ResetTransitionWithStartTime2.xml
auto.tcl: Setting watchdog for 200 seconds at Wed Jan 30 03:27:02 UTC 2019
5 ms. Memory: 549376K Free: 529815K (96%)
ptolemy.util.test.WatchDog.cancel(): canceling Wed Jan 30 03:27:02 UTC 2019
auto.tcl: Setting watchdog for 200 seconds at Wed Jan 30 03:27:02 UTC 2019
5 ms. Memory: 549376K Free: 529815K (96%)
ptolemy.util.test.WatchDog.cancel(): canceling Wed Jan 30 03:27:02 UTC 2019
------------------ testing $PTII/ptolemy/domains/de/test/auto/ResetTransitionWithStartTime3.xml
auto.tcl: Setting watchdog for 200 seconds at Wed Jan 30 03:27:02 UTC 2019
6 ms. Memory: 550912K Free: 530807K (96%)
ptolemy.util.test.WatchDog.cancel(): canceling Wed Jan 30 03:27:02 UTC 2019
auto.tcl: Setting watchdog for 200 seconds at Wed Jan 30 03:27:02 UTC 2019
7 ms. Memory: 550912K Free: 530807K (96%)
ptolemy.util.test.WatchDog.cancel(): canceling Wed Jan 30 03:27:02 UTC 2019
------------------ testing $PTII/ptolemy/domains/de/test/auto/ResetTransitionWithStartTime4.xml
auto.tcl: Setting watchdog for 200 seconds at Wed Jan 30 03:27:02 UTC 2019
3 ms. Memory: 549376K Free: 529270K (96%)
ptolemy.util.test.WatchDog.cancel(): canceling Wed Jan 30 03:27:02 UTC 2019
auto.tcl: Setting watchdog for 200 seconds at Wed Jan 30 03:27:02 UTC 2019
3 ms. Memory: 549376K Free: 529270K (96%)
ptolemy.util.test.WatchDog.cancel(): canceling Wed Jan 30 03:27:02 UTC 2019
------------------ testing $PTII/ptolemy/domains/de/test/auto/ResettableTimer1.xml
auto.tcl: Setting watchdog for 200 seconds at Wed Jan 30 03:27:02 UTC 2019
3 ms. Memory: 550912K Free: 536040K (97%)
ptolemy.util.test.WatchDog.cancel(): canceling Wed Jan 30 03:27:02 UTC 2019
auto.tcl: Setting watchdog for 200 seconds at Wed Jan 30 03:27:02 UTC 2019
2 ms. Memory: 550912K Free: 536040K (97%)
ptolemy.util.test.WatchDog.cancel(): canceling Wed Jan 30 03:27:02 UTC 2019
------------------ testing $PTII/ptolemy/domains/de/test/auto/ResettableTimer2.xml
auto.tcl: Setting watchdog for 200 seconds at Wed Jan 30 03:27:02 UTC 2019
3 ms. Memory: 549376K Free: 535106K (97%)
ptolemy.util.test.WatchDog.cancel(): canceling Wed Jan 30 03:27:02 UTC 2019
auto.tcl: Setting watchdog for 200 seconds at Wed Jan 30 03:27:02 UTC 2019
2 ms. Memory: 549376K Free: 535106K (97%)
ptolemy.util.test.WatchDog.cancel(): canceling Wed Jan 30 03:27:02 UTC 2019
------------------ testing $PTII/ptolemy/domains/de/test/auto/ResettableTimer3.xml
auto.tcl: Setting watchdog for 200 seconds at Wed Jan 30 03:27:02 UTC 2019
1 ms. Memory: 550912K Free: 536098K (97%)
ptolemy.util.test.WatchDog.cancel(): canceling Wed Jan 30 03:27:02 UTC 2019
auto.tcl: Setting watchdog for 200 seconds at Wed Jan 30 03:27:02 UTC 2019
1 ms. Memory: 550912K Free: 536098K (97%)
ptolemy.util.test.WatchDog.cancel(): canceling Wed Jan 30 03:27:02 UTC 2019
------------------ testing $PTII/ptolemy/domains/de/test/auto/ResettableTimer4.xml
auto.tcl: Setting watchdog for 200 seconds at Wed Jan 30 03:27:02 UTC 2019
1 ms. Memory: 549376K Free: 535119K (97%)
ptolemy.util.test.WatchDog.cancel(): canceling Wed Jan 30 03:27:02 UTC 2019
auto.tcl: Setting watchdog for 200 seconds at Wed Jan 30 03:27:02 UTC 2019
2 ms. Memory: 549376K Free: 535119K (97%)
ptolemy.util.test.WatchDog.cancel(): canceling Wed Jan 30 03:27:02 UTC 2019
------------------ testing $PTII/ptolemy/domains/de/test/auto/ResettableTimer5.xml
auto.tcl: Setting watchdog for 200 seconds at Wed Jan 30 03:27:02 UTC 2019
2 ms. Memory: 550400K Free: 531461K (97%)
ptolemy.util.test.WatchDog.cancel(): canceling Wed Jan 30 03:27:02 UTC 2019
auto.tcl: Setting watchdog for 200 seconds at Wed Jan 30 03:27:02 UTC 2019
1 ms. Memory: 550400K Free: 531461K (97%)
ptolemy.util.test.WatchDog.cancel(): canceling Wed Jan 30 03:27:02 UTC 2019
------------------ testing $PTII/ptolemy/domains/de/test/auto/ResettableTimer6.xml
auto.tcl: Setting watchdog for 200 seconds at Wed Jan 30 03:27:02 UTC 2019
2 ms. Memory: 549376K Free: 529843K (96%)
ptolemy.util.test.WatchDog.cancel(): canceling Wed Jan 30 03:27:02 UTC 2019
auto.tcl: Setting watchdog for 200 seconds at Wed Jan 30 03:27:02 UTC 2019
1 ms. Memory: 549376K Free: 529843K (96%)
ptolemy.util.test.WatchDog.cancel(): canceling Wed Jan 30 03:27:02 UTC 2019
------------------ testing $PTII/ptolemy/domains/de/test/auto/ServerZeroDelay.xml
auto.tcl: Setting watchdog for 200 seconds at Wed Jan 30 03:27:02 UTC 2019
3 ms. Memory: 550400K Free: 536079K (97%)
ptolemy.util.test.WatchDog.cancel(): canceling Wed Jan 30 03:27:02 UTC 2019
auto.tcl: Setting watchdog for 200 seconds at Wed Jan 30 03:27:02 UTC 2019
2 ms. Memory: 550400K Free: 536079K (97%)
ptolemy.util.test.WatchDog.cancel(): canceling Wed Jan 30 03:27:02 UTC 2019
------------------ testing $PTII/ptolemy/domains/de/test/auto/SmartSender.xml
auto.tcl: Setting watchdog for 200 seconds at Wed Jan 30 03:27:02 UTC 2019
3001 ms. Memory: 549376K Free: 530371K (97%)
ptolemy.util.test.WatchDog.cancel(): canceling Wed Jan 30 03:27:05 UTC 2019
auto.tcl: Setting watchdog for 200 seconds at Wed Jan 30 03:27:05 UTC 2019
3002 ms. Memory: 549376K Free: 530371K (97%)
ptolemy.util.test.WatchDog.cancel(): canceling Wed Jan 30 03:27:08 UTC 2019
------------------ testing $PTII/ptolemy/domains/de/test/auto/ThreadedComposite.xml
auto.tcl: Setting watchdog for 200 seconds at Wed Jan 30 03:27:08 UTC 2019
183 ms. Memory: 550400K Free: 511028K (93%)
ptolemy.util.test.WatchDog.cancel(): canceling Wed Jan 30 03:27:09 UTC 2019
auto.tcl: Setting watchdog for 200 seconds at Wed Jan 30 03:27:09 UTC 2019
122 ms. Memory: 550400K Free: 496445K (90%)
ptolemy.util.test.WatchDog.cancel(): canceling Wed Jan 30 03:27:09 UTC 2019
------------------ testing $PTII/ptolemy/domains/de/test/auto/Time.xml
auto.tcl: Setting watchdog for 200 seconds at Wed Jan 30 03:27:09 UTC 2019
518 ms. Memory: 549376K Free: 482756K (88%)
ptolemy.util.test.WatchDog.cancel(): canceling Wed Jan 30 03:27:09 UTC 2019
auto.tcl: Setting watchdog for 200 seconds at Wed Jan 30 03:27:09 UTC 2019
502 ms. Memory: 549376K Free: 425301K (77%)
ptolemy.util.test.WatchDog.cancel(): canceling Wed Jan 30 03:27:10 UTC 2019
------------------ testing $PTII/ptolemy/domains/de/test/auto/TimeDelayZeroDelay.xml
auto.tcl: Setting watchdog for 200 seconds at Wed Jan 30 03:27:10 UTC 2019
2 ms. Memory: 550400K Free: 535454K (97%)
ptolemy.util.test.WatchDog.cancel(): canceling Wed Jan 30 03:27:10 UTC 2019
auto.tcl: Setting watchdog for 200 seconds at Wed Jan 30 03:27:10 UTC 2019
2 ms. Memory: 550400K Free: 535454K (97%)
ptolemy.util.test.WatchDog.cancel(): canceling Wed Jan 30 03:27:10 UTC 2019
------------------ testing $PTII/ptolemy/domains/de/test/auto/TimerZeroDelay.xml
auto.tcl: Setting watchdog for 200 seconds at Wed Jan 30 03:27:10 UTC 2019
2 ms. Memory: 549376K Free: 535017K (97%)
ptolemy.util.test.WatchDog.cancel(): canceling Wed Jan 30 03:27:10 UTC 2019
auto.tcl: Setting watchdog for 200 seconds at Wed Jan 30 03:27:10 UTC 2019
2 ms. Memory: 549376K Free: 535017K (97%)
ptolemy.util.test.WatchDog.cancel(): canceling Wed Jan 30 03:27:10 UTC 2019
------------------ testing $PTII/ptolemy/domains/de/test/auto/TimingParadox.xml
auto.tcl: Setting watchdog for 200 seconds at Wed Jan 30 03:27:10 UTC 2019
384 ms. Memory: 549888K Free: 470832K (86%)
ptolemy.util.test.WatchDog.cancel(): canceling Wed Jan 30 03:27:11 UTC 2019
auto.tcl: Setting watchdog for 200 seconds at Wed Jan 30 03:27:11 UTC 2019
423 ms. Memory: 549888K Free: 434270K (79%)
ptolemy.util.test.WatchDog.cancel(): canceling Wed Jan 30 03:27:11 UTC 2019
------------------ testing $PTII/ptolemy/domains/de/test/auto/TransferInputs.xml
auto.tcl: Setting watchdog for 200 seconds at Wed Jan 30 03:27:11 UTC 2019
7 ms. Memory: 549888K Free: 534491K (97%)
ptolemy.util.test.WatchDog.cancel(): canceling Wed Jan 30 03:27:11 UTC 2019
auto.tcl: Setting watchdog for 200 seconds at Wed Jan 30 03:27:11 UTC 2019
2 ms. Memory: 549888K Free: 534491K (97%)
ptolemy.util.test.WatchDog.cancel(): canceling Wed Jan 30 03:27:11 UTC 2019
------------------ testing $PTII/ptolemy/domains/de/test/auto/TransferOutputs2.xml
auto.tcl: Setting watchdog for 200 seconds at Wed Jan 30 03:27:11 UTC 2019
3 ms. Memory: 549376K Free: 525162K (96%)
ptolemy.util.test.WatchDog.cancel(): canceling Wed Jan 30 03:27:11 UTC 2019
auto.tcl: Setting watchdog for 200 seconds at Wed Jan 30 03:27:11 UTC 2019
3 ms. Memory: 549376K Free: 525162K (96%)
ptolemy.util.test.WatchDog.cancel(): canceling Wed Jan 30 03:27:11 UTC 2019
------------------ testing $PTII/ptolemy/domains/de/test/auto/Trilateration.xml
auto.tcl: Setting watchdog for 200 seconds at Wed Jan 30 03:27:11 UTC 2019
13777 ms. Memory: 453632K Free: 138600K (31%)
ptolemy.util.test.WatchDog.cancel(): canceling Wed Jan 30 03:27:26 UTC 2019
auto.tcl: Setting watchdog for 200 seconds at Wed Jan 30 03:27:26 UTC 2019
10811 ms. Memory: 331264K Free: 241118K (73%)
ptolemy.util.test.WatchDog.cancel(): canceling Wed Jan 30 03:27:37 UTC 2019
------------------ testing $PTII/ptolemy/domains/de/test/auto/TwoSigmaDelta.xml
auto.tcl: Setting watchdog for 200 seconds at Wed Jan 30 03:27:37 UTC 2019
2602 ms. Memory: 320000K Free: 262467K (82%)
ptolemy.util.test.WatchDog.cancel(): canceling Wed Jan 30 03:27:39 UTC 2019
auto.tcl: Setting watchdog for 200 seconds at Wed Jan 30 03:27:39 UTC 2019
1921 ms. Memory: 307712K Free: 251330K (82%)
ptolemy.util.test.WatchDog.cancel(): canceling Wed Jan 30 03:27:41 UTC 2019
------------------ testing $PTII/ptolemy/domains/de/test/auto/VariableDelay.xml
auto.tcl: Setting watchdog for 200 seconds at Wed Jan 30 03:27:41 UTC 2019
2 ms. Memory: 309760K Free: 293733K (95%)
ptolemy.util.test.WatchDog.cancel(): canceling Wed Jan 30 03:27:41 UTC 2019
auto.tcl: Setting watchdog for 200 seconds at Wed Jan 30 03:27:41 UTC 2019
2 ms. Memory: 309760K Free: 293733K (95%)
ptolemy.util.test.WatchDog.cancel(): canceling Wed Jan 30 03:27:41 UTC 2019
------------------ testing $PTII/ptolemy/domains/de/test/auto/VariableDelay2.xml
auto.tcl: Setting watchdog for 200 seconds at Wed Jan 30 03:27:41 UTC 2019
8 ms. Memory: 307712K Free: 292091K (95%)
ptolemy.util.test.WatchDog.cancel(): canceling Wed Jan 30 03:27:41 UTC 2019
auto.tcl: Setting watchdog for 200 seconds at Wed Jan 30 03:27:41 UTC 2019
2 ms. Memory: 307712K Free: 292091K (95%)
ptolemy.util.test.WatchDog.cancel(): canceling Wed Jan 30 03:27:41 UTC 2019
------------------ testing $PTII/ptolemy/domains/de/test/auto/VariableDelayZeroDelay.xml
auto.tcl: Setting watchdog for 200 seconds at Wed Jan 30 03:27:41 UTC 2019
2 ms. Memory: 309248K Free: 296922K (96%)
ptolemy.util.test.WatchDog.cancel(): canceling Wed Jan 30 03:27:41 UTC 2019
auto.tcl: Setting watchdog for 200 seconds at Wed Jan 30 03:27:41 UTC 2019
2 ms. Memory: 309248K Free: 293626K (95%)
ptolemy.util.test.WatchDog.cancel(): canceling Wed Jan 30 03:27:41 UTC 2019
------------------ testing $PTII/ptolemy/domains/de/test/auto/VariableDelayZeroDelay2.xml
auto.tcl: Setting watchdog for 200 seconds at Wed Jan 30 03:27:42 UTC 2019
2 ms. Memory: 307712K Free: 295384K (96%)
ptolemy.util.test.WatchDog.cancel(): canceling Wed Jan 30 03:27:42 UTC 2019
auto.tcl: Setting watchdog for 200 seconds at Wed Jan 30 03:27:42 UTC 2019
2 ms. Memory: 307712K Free: 292104K (95%)
ptolemy.util.test.WatchDog.cancel(): canceling Wed Jan 30 03:27:42 UTC 2019
------------------ testing $PTII/ptolemy/domains/de/test/auto/deInCt.xml
auto.tcl: Setting watchdog for 200 seconds at Wed Jan 30 03:27:42 UTC 2019
0
1
1
1
0
0
0
1
1
1
1
0
0
0
1
1
1
1
1
1
1
0
0
0
0
1
1
1
0
0
0
9 ms. Memory: 309248K Free: 293601K (95%)
ptolemy.util.test.WatchDog.cancel(): canceling Wed Jan 30 03:27:42 UTC 2019
auto.tcl: Setting watchdog for 200 seconds at Wed Jan 30 03:27:42 UTC 2019
0
1
1
1
0
0
1
1
1
0
0
0
1
1
1
1
1
0
0
1
1
1
1
0
0
0
1
1
1
0
0
0
0
0
0
9 ms. Memory: 309248K Free: 293601K (95%)
ptolemy.util.test.WatchDog.cancel(): canceling Wed Jan 30 03:27:42 UTC 2019
------------------ testing $PTII/ptolemy/domains/de/test/auto/deInCt2.xml
auto.tcl: Setting watchdog for 200 seconds at Wed Jan 30 03:27:42 UTC 2019
0
1
1
1
0
0
1
1
1
0
0
1
1
1
0
0
1
1
1
0
0
1
1
1
0
0
1
1
1
0
0
1
1
1
0
0
1
1
1
0
0
0
13 ms. Memory: 307712K Free: 292064K (95%)
ptolemy.util.test.WatchDog.cancel(): canceling Wed Jan 30 03:27:42 UTC 2019
auto.tcl: Setting watchdog for 200 seconds at Wed Jan 30 03:27:42 UTC 2019
0
1
1
1
0
0
1
1
1
0
0
1
1
1
0
0
1
1
1
0
0
1
1
1
0
0
1
1
1
0
0
1
1
1
0
0
1
1
1
0
0
0
6 ms. Memory: 307712K Free: 292064K (95%)
ptolemy.util.test.WatchDog.cancel(): canceling Wed Jan 30 03:27:42 UTC 2019
------------------ testing $PTII/ptolemy/domains/de/test/auto/dynamicCausalityInterface1.xml
auto.tcl: Setting watchdog for 200 seconds at Wed Jan 30 03:27:42 UTC 2019
1 ms. Memory: 308736K Free: 292086K (95%)
ptolemy.util.test.WatchDog.cancel(): canceling Wed Jan 30 03:27:42 UTC 2019
auto.tcl: Setting watchdog for 200 seconds at Wed Jan 30 03:27:42 UTC 2019
0 ms. Memory: 308736K Free: 292086K (95%)
ptolemy.util.test.WatchDog.cancel(): canceling Wed Jan 30 03:27:42 UTC 2019
------------------ testing $PTII/ptolemy/domains/de/test/auto/fsm_de_test.xml
auto.tcl: Setting watchdog for 200 seconds at Wed Jan 30 03:27:42 UTC 2019
5 ms. Memory: 307712K Free: 288693K (94%)
ptolemy.util.test.WatchDog.cancel(): canceling Wed Jan 30 03:27:42 UTC 2019
auto.tcl: Setting watchdog for 200 seconds at Wed Jan 30 03:27:42 UTC 2019
4 ms. Memory: 307712K Free: 288693K (94%)
ptolemy.util.test.WatchDog.cancel(): canceling Wed Jan 30 03:27:42 UTC 2019
------------------ testing $PTII/ptolemy/domains/de/test/auto/functionDependencyReconstruction.xml
auto.tcl: Setting watchdog for 200 seconds at Wed Jan 30 03:27:42 UTC 2019
4 ms. Memory: 308736K Free: 283132K (92%)
ptolemy.util.test.WatchDog.cancel(): canceling Wed Jan 30 03:27:42 UTC 2019
auto.tcl: Setting watchdog for 200 seconds at Wed Jan 30 03:27:42 UTC 2019
3 ms. Memory: 308736K Free: 279852K (91%)
ptolemy.util.test.WatchDog.cancel(): canceling Wed Jan 30 03:27:42 UTC 2019
------------------ testing $PTII/ptolemy/domains/de/test/auto/multirate.xml
auto.tcl: Setting watchdog for 200 seconds at Wed Jan 30 03:27:42 UTC 2019
3 ms. Memory: 307712K Free: 291841K (95%)
ptolemy.util.test.WatchDog.cancel(): canceling Wed Jan 30 03:27:42 UTC 2019
auto.tcl: Setting watchdog for 200 seconds at Wed Jan 30 03:27:42 UTC 2019
5 ms. Memory: 307712K Free: 288561K (94%)
ptolemy.util.test.WatchDog.cancel(): canceling Wed Jan 30 03:27:42 UTC 2019
------------------ testing $PTII/ptolemy/domains/de/test/auto/multirate2.xml
auto.tcl: Setting watchdog for 200 seconds at Wed Jan 30 03:27:42 UTC 2019
3 ms. Memory: 308736K Free: 293069K (95%)
ptolemy.util.test.WatchDog.cancel(): canceling Wed Jan 30 03:27:42 UTC 2019
auto.tcl: Setting watchdog for 200 seconds at Wed Jan 30 03:27:42 UTC 2019
2 ms. Memory: 308736K Free: 289788K (94%)
ptolemy.util.test.WatchDog.cancel(): canceling Wed Jan 30 03:27:42 UTC 2019
------------------ testing $PTII/ptolemy/domains/de/test/auto/realtime.xml
auto.tcl: Setting watchdog for 200 seconds at Wed Jan 30 03:27:42 UTC 2019
10001 ms. Memory: 307712K Free: 292016K (95%)
ptolemy.util.test.WatchDog.cancel(): canceling Wed Jan 30 03:27:52 UTC 2019
auto.tcl: Setting watchdog for 200 seconds at Wed Jan 30 03:27:52 UTC 2019
10002 ms. Memory: 307712K Free: 292016K (95%)
ptolemy.util.test.WatchDog.cancel(): canceling Wed Jan 30 03:28:02 UTC 2019
------------------ testing $PTII/ptolemy/domains/de/test/auto/relationGroup.xml
auto.tcl: Setting watchdog for 200 seconds at Wed Jan 30 03:28:02 UTC 2019
8 ms. Memory: 308224K Free: 295862K (96%)
ptolemy.util.test.WatchDog.cancel(): canceling Wed Jan 30 03:28:02 UTC 2019
auto.tcl: Setting watchdog for 200 seconds at Wed Jan 30 03:28:02 UTC 2019
1 ms. Memory: 308224K Free: 295862K (96%)
ptolemy.util.test.WatchDog.cancel(): canceling Wed Jan 30 03:28:02 UTC 2019
------------------ testing $PTII/ptolemy/domains/de/test/auto/relationGroup2.xml
auto.tcl: Setting watchdog for 200 seconds at Wed Jan 30 03:28:02 UTC 2019
1 ms. Memory: 307712K Free: 295376K (96%)
ptolemy.util.test.WatchDog.cancel(): canceling Wed Jan 30 03:28:02 UTC 2019
auto.tcl: Setting watchdog for 200 seconds at Wed Jan 30 03:28:02 UTC 2019
1 ms. Memory: 307712K Free: 295376K (96%)
ptolemy.util.test.WatchDog.cancel(): canceling Wed Jan 30 03:28:02 UTC 2019
------------------ testing $PTII/ptolemy/domains/de/test/auto/sortWithOpaquePorts.xml
auto.tcl: Setting watchdog for 200 seconds at Wed Jan 30 03:28:02 UTC 2019
1 ms. Memory: 308224K Free: 292609K (95%)
ptolemy.util.test.WatchDog.cancel(): canceling Wed Jan 30 03:28:02 UTC 2019
auto.tcl: Setting watchdog for 200 seconds at Wed Jan 30 03:28:02 UTC 2019
1 ms. Memory: 308224K Free: 292609K (95%)
ptolemy.util.test.WatchDog.cancel(): canceling Wed Jan 30 03:28:02 UTC 2019
------------------ testing $PTII/ptolemy/domains/de/test/auto/transferInputsandOutputs.xml
auto.tcl: Setting watchdog for 200 seconds at Wed Jan 30 03:28:02 UTC 2019
1 ms. Memory: 307712K Free: 292068K (95%)
ptolemy.util.test.WatchDog.cancel(): canceling Wed Jan 30 03:28:02 UTC 2019
auto.tcl: Setting watchdog for 200 seconds at Wed Jan 30 03:28:02 UTC 2019
2 ms. Memory: 307712K Free: 288772K (94%)
ptolemy.util.test.WatchDog.cancel(): canceling Wed Jan 30 03:28:02 UTC 2019
------------------ testing $PTII/ptolemy/domains/de/test/auto/triggerType.xml
auto.tcl: Setting watchdog for 200 seconds at Wed Jan 30 03:28:02 UTC 2019
1 ms. Memory: 308224K Free: 295825K (96%)
ptolemy.util.test.WatchDog.cancel(): canceling Wed Jan 30 03:28:02 UTC 2019
auto.tcl: Setting watchdog for 200 seconds at Wed Jan 30 03:28:02 UTC 2019
1 ms. Memory: 308224K Free: 292537K (95%)
ptolemy.util.test.WatchDog.cancel(): canceling Wed Jan 30 03:28:02 UTC 2019
01/30/19 03:28:02
Failed: 0  Total Tests: 192  ((Passed: 187, Newly Passed: 1)  Known Failed: 5) /home/travis/build/icyphy/ptII/ptolemy/domains/de/test
01/30/19 03:28:02
Failed: 0  Total Tests: 192  ((Passed: 187, Newly Passed: 1)  Known Failed: 5) /home/travis/build/icyphy/ptII/ptolemy/domains/de/test
----------------- testing (KnownFailure) /home/travis/build/icyphy/ptII/ptolemy/domains/de/test/auto/knownFailedTests/DESDFClockTest.xml
2014 ms. Memory: 307712K Free: 286279K (93%)
Known Failure: java.lang.reflect.InvocationTargetException
----------------- testing (KnownFailure) /home/travis/build/icyphy/ptII/ptolemy/domains/de/test/auto/knownFailedTests/DirectFeedback.xml
1 ms. Memory: 307712K Free: 268174K (87%)
Known Failure: java.lang.reflect.InvocationTargetException
----------------- testing (KnownFailure) /home/travis/build/icyphy/ptII/ptolemy/domains/de/test/auto/knownFailedTests/FSMSource.xml
16 ms. Memory: 307712K Free: 245543K (80%)
----------------- testing (KnownFailure) /home/travis/build/icyphy/ptII/ptolemy/domains/de/test/auto/knownFailedTests/HierarchicalModel.xml
3 ms. Memory: 307712K Free: 222888K (72%)
Known Failure: java.lang.reflect.InvocationTargetException
----------------- testing (KnownFailure) /home/travis/build/icyphy/ptII/ptolemy/domains/de/test/auto/knownFailedTests/dependencyLoop.xml
2 ms. Memory: 307712K Free: 191174K (62%)
Known Failure: java.lang.reflect.InvocationTargetException
----------------- testing (KnownFailure) /home/travis/build/icyphy/ptII/ptolemy/domains/de/test/auto/knownFailedTests/dependencyLoop2.xml
9 ms. Memory: 307712K Free: 159467K (52%)
Known Failure: java.lang.reflect.InvocationTargetException
No auto/linux-amd64/*.xml tests in /home/travis/build/icyphy/ptII/ptolemy/domains/de/test
AutoTests.java: About to close Vertx.
AutoTests.java: Vertx closed.

===========================================================================================
----------------- testing Wed Jan 30 03:28:05 UTC 2019 /home/travis/build/icyphy/ptII/ptolemy/domains/de/test/auto/ActorDepthCalculation_actorWithoutPorts.xml
----------------- Instantiating /home/travis/build/icyphy/ptII/ptolemy/domains/de/test/auto/ActorDepthCalculation_actorWithoutPorts.xml
2 ms. Memory: 307712K Free: 136836K (44%)
----------------- Invoking toplevel() on ptolemy.moml.MoMLSimpleApplication@3cf52678
----------------- Done invoking toplevel() on ptolemy.moml.MoMLSimpleApplication@3cf52678
reloadAllAccessors: .ActorDepthCalculation_actorWithoutPorts

===========================================================================================
----------------- testing Wed Jan 30 03:28:05 UTC 2019 /home/travis/build/icyphy/ptII/ptolemy/domains/de/test/auto/AssemblyLine.xml
----------------- Instantiating /home/travis/build/icyphy/ptII/ptolemy/domains/de/test/auto/AssemblyLine.xml
2 ms. Memory: 307712K Free: 123250K (40%)
----------------- Invoking toplevel() on ptolemy.moml.MoMLSimpleApplication@3ad43b4f
----------------- Done invoking toplevel() on ptolemy.moml.MoMLSimpleApplication@3ad43b4f
reloadAllAccessors: .AssemblyLine

===========================================================================================
----------------- testing Wed Jan 30 03:28:05 UTC 2019 /home/travis/build/icyphy/ptII/ptolemy/domains/de/test/auto/CQBug1.xml
----------------- Instantiating /home/travis/build/icyphy/ptII/ptolemy/domains/de/test/auto/CQBug1.xml
2 ms. Memory: 307712K Free: 114197K (37%)
----------------- Invoking toplevel() on ptolemy.moml.MoMLSimpleApplication@20cc0322
----------------- Done invoking toplevel() on ptolemy.moml.MoMLSimpleApplication@20cc0322
reloadAllAccessors: .CQBug1

===========================================================================================
----------------- testing Wed Jan 30 03:28:05 UTC 2019 /home/travis/build/icyphy/ptII/ptolemy/domains/de/test/auto/CancelFireAt.xml
----------------- Instantiating /home/travis/build/icyphy/ptII/ptolemy/domains/de/test/auto/CancelFireAt.xml
1 ms. Memory: 307712K Free: 105145K (34%)
----------------- Invoking toplevel() on ptolemy.moml.MoMLSimpleApplication@2ffa38e
----------------- Done invoking toplevel() on ptolemy.moml.MoMLSimpleApplication@2ffa38e
reloadAllAccessors: .CancelFireAt

===========================================================================================
----------------- testing Wed Jan 30 03:28:05 UTC 2019 /home/travis/build/icyphy/ptII/ptolemy/domains/de/test/auto/CausalityAndComposabilityAnalysis.xml
----------------- Instantiating /home/travis/build/icyphy/ptII/ptolemy/domains/de/test/auto/CausalityAndComposabilityAnalysis.xml
2 ms. Memory: 307712K Free: 96093K (31%)
----------------- Invoking toplevel() on ptolemy.moml.MoMLSimpleApplication@6b503cba
----------------- Done invoking toplevel() on ptolemy.moml.MoMLSimpleApplication@6b503cba
reloadAllAccessors: .CausalityAndComposabilityAnalysis

===========================================================================================
----------------- testing Wed Jan 30 03:28:05 UTC 2019 /home/travis/build/icyphy/ptII/ptolemy/domains/de/test/auto/CausalityInterface1.xml
----------------- Instantiating /home/travis/build/icyphy/ptII/ptolemy/domains/de/test/auto/CausalityInterface1.xml
3 ms. Memory: 307712K Free: 83761K (27%)
----------------- Invoking toplevel() on ptolemy.moml.MoMLSimpleApplication@57aa8f8b
----------------- Done invoking toplevel() on ptolemy.moml.MoMLSimpleApplication@57aa8f8b
reloadAllAccessors: .CausalityInterface1

===========================================================================================
----------------- testing Wed Jan 30 03:28:05 UTC 2019 /home/travis/build/icyphy/ptII/ptolemy/domains/de/test/auto/CausalityInterface15.xml
----------------- Instantiating /home/travis/build/icyphy/ptII/ptolemy/domains/de/test/auto/CausalityInterface15.xml
6 ms. Memory: 298496K Free: 289264K (97%)
----------------- Invoking toplevel() on ptolemy.moml.MoMLSimpleApplication@7ba83cf9
----------------- Done invoking toplevel() on ptolemy.moml.MoMLSimpleApplication@7ba83cf9
reloadAllAccessors: .CausalityInterface15

[...]
java.lang.RuntimeException: Execution failed
	at ptolemy.moml.MoMLSimpleApplication$UnloadThread.run(MoMLSimpleApplication.java:402)
Caused by: ptolemy.kernel.util.IllegalActionException: Test fails in iteration 1.
Value was: 1.0. Should have been: 2.0
  in .DirectFeedback.Test
	at ptolemy.actor.lib.Test.fire(Test.java:268)
	at ptolemy.domains.de.kernel.DEDirector._fire(DEDirector.java:1949)
	at ptolemy.domains.de.kernel.DEDirector.fire(DEDirector.java:502)
	at ptolemy.actor.CompositeActor.fire(CompositeActor.java:455)
	at ptolemy.actor.Manager.iterate(Manager.java:851)
	at ptolemy.actor.Manager.execute(Manager.java:369)
	at ptolemy.actor.Manager.run(Manager.java:1263)
	at ptolemy.actor.Manager$PtolemyRunThread.run(Manager.java:1915)
java.lang.RuntimeException: Execution failed
	at ptolemy.moml.MoMLSimpleApplication$UnloadThread.run(MoMLSimpleApplication.java:402)
Caused by: ptolemy.kernel.util.IllegalActionException: Actor is not ready to fire.  Perhaps UpSample.prefire() returned false? Try debugging the actor by selecting "Listen to Actor".  Also, for SDF check moml for tokenConsumptionRate on input.
  in .DESDFClockTest.Play Bell.Copy1:SDF Director and .DESDFClockTest.Play Bell.UpSample
	at ptolemy.actor.sched.StaticSchedulingDirector.fire(StaticSchedulingDirector.java:227)
	at ptolemy.domains.sdf.kernel.SDFDirector.fire(SDFDirector.java:500)
	at ptolemy.actor.CompositeActor.fire(CompositeActor.java:455)
	at ptolemy.domains.de.kernel.DEDirector._fire(DEDirector.java:1949)
	at ptolemy.domains.de.kernel.DEDirector.fire(DEDirector.java:502)
	at ptolemy.actor.CompositeActor.fire(CompositeActor.java:455)
	at ptolemy.actor.Manager.iterate(Manager.java:851)
	at ptolemy.actor.Manager.execute(Manager.java:369)
	at ptolemy.actor.Manager.run(Manager.java:1263)
	at ptolemy.actor.Manager$PtolemyRunThread.run(Manager.java:1915)
java.lang.reflect.InvocationTargetException
	at sun.reflect.NativeConstructorAccessorImpl.newInstance0(Native Method)
	at sun.reflect.NativeConstructorAccessorImpl.newInstance(NativeConstructorAccessorImpl.java:62)
	at sun.reflect.DelegatingConstructorAccessorImpl.newInstance(DelegatingConstructorAccessorImpl.java:45)
	at java.lang.reflect.Constructor.newInstance(Constructor.java:423)
	at ptolemy.util.test.junit.AutoKnownFailedTests.RunModel(AutoKnownFailedTests.java:105)
	at sun.reflect.NativeMethodAccessorImpl.invoke0(Native Method)
	at sun.reflect.NativeMethodAccessorImpl.invoke(NativeMethodAccessorImpl.java:62)
	at sun.reflect.DelegatingMethodAccessorImpl.invoke(DelegatingMethodAccessorImpl.java:43)
	at java.lang.reflect.Method.invoke(Method.java:498)
	at org.junit.runners.model.FrameworkMethod$1.runReflectiveCall(FrameworkMethod.java:44)
	at org.junit.internal.runners.model.ReflectiveCallable.run(ReflectiveCallable.java:15)
	at org.junit.runners.model.FrameworkMethod.invokeExplosively(FrameworkMethod.java:41)
	at junitparams.internal.InvokeParameterisedMethod.evaluate(InvokeParameterisedMethod.java:102)
	at org.junit.internal.runners.statements.FailOnTimeout$1.run(FailOnTimeout.java:28)
Caused by: ptolemy.kernel.util.IllegalActionException: Actor is not ready to fire.  Perhaps UpSample.prefire() returned false? Try debugging the actor by selecting "Listen to Actor".  Also, for SDF check moml for tokenConsumptionRate on input.
  in .DESDFClockTest.Play Bell.Copy1:SDF Director and .DESDFClockTest.Play Bell.UpSample
	at ptolemy.actor.sched.StaticSchedulingDirector.fire(StaticSchedulingDirector.java:227)
	at ptolemy.domains.sdf.kernel.SDFDirector.fire(SDFDirector.java:500)
	at ptolemy.actor.CompositeActor.fire(CompositeActor.java:455)
	at ptolemy.domains.de.kernel.DEDirector._fire(DEDirector.java:1949)
	at ptolemy.domains.de.kernel.DEDirector.fire(DEDirector.java:502)
	at ptolemy.actor.CompositeActor.fire(CompositeActor.java:455)
	at ptolemy.actor.Manager.iterate(Manager.java:851)
	at ptolemy.actor.Manager.execute(Manager.java:369)
	at ptolemy.actor.Manager.run(Manager.java:1263)
	at ptolemy.actor.Manager$PtolemyRunThread.run(Manager.java:1915)
java.lang.RuntimeException: Execution failed
	at ptolemy.moml.MoMLSimpleApplication$UnloadThread.run(MoMLSimpleApplication.java:402)
Caused by: ptolemy.kernel.util.IllegalActionException: Test fails in iteration 1.
Value was: 1.0. Should have been: 2.0
  in .DirectFeedback.Test
	at ptolemy.actor.lib.Test.fire(Test.java:268)
	at ptolemy.domains.de.kernel.DEDirector._fire(DEDirector.java:1949)
	at ptolemy.domains.de.kernel.DEDirector.fire(DEDirector.java:502)
	at ptolemy.actor.CompositeActor.fire(CompositeActor.java:455)
	at ptolemy.actor.Manager.iterate(Manager.java:851)
	at ptolemy.actor.Manager.execute(Manager.java:369)
	at ptolemy.actor.Manager.run(Manager.java:1263)
	at ptolemy.actor.Manager$PtolemyRunThread.run(Manager.java:1915)
java.lang.reflect.InvocationTargetException
	at sun.reflect.NativeConstructorAccessorImpl.newInstance0(Native Method)
	at sun.reflect.NativeConstructorAccessorImpl.newInstance(NativeConstructorAccessorImpl.java:62)
	at sun.reflect.DelegatingConstructorAccessorImpl.newInstance(DelegatingConstructorAccessorImpl.java:45)
	at java.lang.reflect.Constructor.newInstance(Constructor.java:423)
	at ptolemy.util.test.junit.AutoKnownFailedTests.RunModel(AutoKnownFailedTests.java:105)
	at sun.reflect.NativeMethodAccessorImpl.invoke0(Native Method)
	at sun.reflect.NativeMethodAccessorImpl.invoke(NativeMethodAccessorImpl.java:62)
	at sun.reflect.DelegatingMethodAccessorImpl.invoke(DelegatingMethodAccessorImpl.java:43)
	at java.lang.reflect.Method.invoke(Method.java:498)
	at org.junit.runners.model.FrameworkMethod$1.runReflectiveCall(FrameworkMethod.java:44)
	at org.junit.internal.runners.model.ReflectiveCallable.run(ReflectiveCallable.java:15)
	at org.junit.runners.model.FrameworkMethod.invokeExplosively(FrameworkMethod.java:41)
	at junitparams.internal.InvokeParameterisedMethod.evaluate(InvokeParameterisedMethod.java:102)
	at org.junit.internal.runners.statements.FailOnTimeout$1.run(FailOnTimeout.java:28)
Caused by: ptolemy.kernel.util.IllegalActionException: Test fails in iteration 1.
Value was: 1.0. Should have been: 2.0
  in .DirectFeedback.Test
	at ptolemy.actor.lib.Test.fire(Test.java:268)
	at ptolemy.domains.de.kernel.DEDirector._fire(DEDirector.java:1949)
	at ptolemy.domains.de.kernel.DEDirector.fire(DEDirector.java:502)
	at ptolemy.actor.CompositeActor.fire(CompositeActor.java:455)
	at ptolemy.actor.Manager.iterate(Manager.java:851)
	at ptolemy.actor.Manager.execute(Manager.java:369)
	at ptolemy.actor.Manager.run(Manager.java:1263)
	at ptolemy.actor.Manager$PtolemyRunThread.run(Manager.java:1915)
java.lang.RuntimeException: Execution failed
	at ptolemy.moml.MoMLSimpleApplication$UnloadThread.run(MoMLSimpleApplication.java:402)
Caused by: ptolemy.kernel.util.IllegalActionException: Found a zero delay loop containing .HierarchicalModel.A
  in .HierarchicalModel and .HierarchicalModel.A
	at ptolemy.actor.util.CausalityInterfaceForComposites._computeOutputPortDepth(CausalityInterfaceForComposites.java:759)
	at ptolemy.actor.util.CausalityInterfaceForComposites._computeInputDepth(CausalityInterfaceForComposites.java:696)
	at ptolemy.actor.util.CausalityInterfaceForComposites._computeOutputPortDepth(CausalityInterfaceForComposites.java:765)
	at ptolemy.actor.util.CausalityInterfaceForComposites._computeInputDepth(CausalityInterfaceForComposites.java:696)
	at ptolemy.actor.util.CausalityInterfaceForComposites._computeOutputPortDepth(CausalityInterfaceForComposites.java:765)
	at ptolemy.actor.util.CausalityInterfaceForComposites._computeInputDepth(CausalityInterfaceForComposites.java:696)
	at ptolemy.actor.util.CausalityInterfaceForComposites._computeActorDepth(CausalityInterfaceForComposites.java:532)
	at ptolemy.actor.util.CausalityInterfaceForComposites.checkForCycles(CausalityInterfaceForComposites.java:96)
	at ptolemy.domains.de.kernel.DEDirector.preinitialize(DEDirector.java:1338)
	at ptolemy.actor.CompositeActor.preinitialize(CompositeActor.java:1828)
	at ptolemy.actor.Manager.preinitializeAndResolveTypes(Manager.java:1040)
	at ptolemy.actor.Manager.initialize(Manager.java:710)
	at ptolemy.actor.Manager.execute(Manager.java:356)
	at ptolemy.actor.Manager.run(Manager.java:1263)
	at ptolemy.actor.Manager$PtolemyRunThread.run(Manager.java:1915)
java.lang.reflect.InvocationTargetException
	at sun.reflect.NativeConstructorAccessorImpl.newInstance0(Native Method)
	at sun.reflect.NativeConstructorAccessorImpl.newInstance(NativeConstructorAccessorImpl.java:62)
	at sun.reflect.DelegatingConstructorAccessorImpl.newInstance(DelegatingConstructorAccessorImpl.java:45)
	at java.lang.reflect.Constructor.newInstance(Constructor.java:423)
	at ptolemy.util.test.junit.AutoKnownFailedTests.RunModel(AutoKnownFailedTests.java:105)
	at sun.reflect.NativeMethodAccessorImpl.invoke0(Native Method)
	at sun.reflect.NativeMethodAccessorImpl.invoke(NativeMethodAccessorImpl.java:62)
	at sun.reflect.DelegatingMethodAccessorImpl.invoke(DelegatingMethodAccessorImpl.java:43)
	at java.lang.reflect.Method.invoke(Method.java:498)
	at org.junit.runners.model.FrameworkMethod$1.runReflectiveCall(FrameworkMethod.java:44)
	at org.junit.internal.runners.model.ReflectiveCallable.run(ReflectiveCallable.java:15)
	at org.junit.runners.model.FrameworkMethod.invokeExplosively(FrameworkMethod.java:41)
	at junitparams.internal.InvokeParameterisedMethod.evaluate(InvokeParameterisedMethod.java:102)
	at org.junit.internal.runners.statements.FailOnTimeout$1.run(FailOnTimeout.java:28)
Caused by: ptolemy.kernel.util.IllegalActionException: Found a zero delay loop containing .HierarchicalModel.A
  in .HierarchicalModel and .HierarchicalModel.A
	at ptolemy.actor.util.CausalityInterfaceForComposites._computeOutputPortDepth(CausalityInterfaceForComposites.java:759)
	at ptolemy.actor.util.CausalityInterfaceForComposites._computeInputDepth(CausalityInterfaceForComposites.java:696)
	at ptolemy.actor.util.CausalityInterfaceForComposites._computeOutputPortDepth(CausalityInterfaceForComposites.java:765)
	at ptolemy.actor.util.CausalityInterfaceForComposites._computeInputDepth(CausalityInterfaceForComposites.java:696)
	at ptolemy.actor.util.CausalityInterfaceForComposites._computeOutputPortDepth(CausalityInterfaceForComposites.java:765)
	at ptolemy.actor.util.CausalityInterfaceForComposites._computeInputDepth(CausalityInterfaceForComposites.java:696)
	at ptolemy.actor.util.CausalityInterfaceForComposites._computeActorDepth(CausalityInterfaceForComposites.java:532)
	at ptolemy.actor.util.CausalityInterfaceForComposites.checkForCycles(CausalityInterfaceForComposites.java:96)
	at ptolemy.domains.de.kernel.DEDirector.preinitialize(DEDirector.java:1338)
	at ptolemy.actor.CompositeActor.preinitialize(CompositeActor.java:1828)
	at ptolemy.actor.Manager.preinitializeAndResolveTypes(Manager.java:1040)
	at ptolemy.actor.Manager.initialize(Manager.java:710)
	at ptolemy.actor.Manager.execute(Manager.java:356)
	at ptolemy.actor.Manager.run(Manager.java:1263)
	at ptolemy.actor.Manager$PtolemyRunThread.run(Manager.java:1915)
java.lang.RuntimeException: Execution failed
	at ptolemy.moml.MoMLSimpleApplication$UnloadThread.run(MoMLSimpleApplication.java:402)
Caused by: ptolemy.kernel.util.IllegalActionException: Found a zero delay loop containing .dependencyLoop.original
  in .dependencyLoop and .dependencyLoop.original
	at ptolemy.actor.util.CausalityInterfaceForComposites._computeOutputPortDepth(CausalityInterfaceForComposites.java:759)
	at ptolemy.actor.util.CausalityInterfaceForComposites._computeInputDepth(CausalityInterfaceForComposites.java:696)
	at ptolemy.actor.util.CausalityInterfaceForComposites._computeOutputPortDepth(CausalityInterfaceForComposites.java:765)
	at ptolemy.actor.util.CausalityInterfaceForComposites._computeInputDepth(CausalityInterfaceForComposites.java:696)
	at ptolemy.actor.util.CausalityInterfaceForComposites._computeOutputPortDepth(CausalityInterfaceForComposites.java:765)
	at ptolemy.actor.util.CausalityInterfaceForComposites._computeInputDepth(CausalityInterfaceForComposites.java:696)
	at ptolemy.actor.util.CausalityInterfaceForComposites._computeActorDepth(CausalityInterfaceForComposites.java:532)
	at ptolemy.actor.util.CausalityInterfaceForComposites.checkForCycles(CausalityInterfaceForComposites.java:96)
	at ptolemy.domains.de.kernel.DEDirector.preinitialize(DEDirector.java:1338)
	at ptolemy.actor.CompositeActor.preinitialize(CompositeActor.java:1828)
	at ptolemy.actor.Manager.preinitializeAndResolveTypes(Manager.java:1040)
	at ptolemy.actor.Manager.initialize(Manager.java:710)
	at ptolemy.actor.Manager.execute(Manager.java:356)
	at ptolemy.actor.Manager.run(Manager.java:1263)
	at ptolemy.actor.Manager$PtolemyRunThread.run(Manager.java:1915)
java.lang.reflect.InvocationTargetException
	at sun.reflect.NativeConstructorAccessorImpl.newInstance0(Native Method)
	at sun.reflect.NativeConstructorAccessorImpl.newInstance(NativeConstructorAccessorImpl.java:62)
	at sun.reflect.DelegatingConstructorAccessorImpl.newInstance(DelegatingConstructorAccessorImpl.java:45)
	at java.lang.reflect.Constructor.newInstance(Constructor.java:423)
	at ptolemy.util.test.junit.AutoKnownFailedTests.RunModel(AutoKnownFailedTests.java:105)
	at sun.reflect.NativeMethodAccessorImpl.invoke0(Native Method)
	at sun.reflect.NativeMethodAccessorImpl.invoke(NativeMethodAccessorImpl.java:62)
	at sun.reflect.DelegatingMethodAccessorImpl.invoke(DelegatingMethodAccessorImpl.java:43)
	at java.lang.reflect.Method.invoke(Method.java:498)
	at org.junit.runners.model.FrameworkMethod$1.runReflectiveCall(FrameworkMethod.java:44)
	at org.junit.internal.runners.model.ReflectiveCallable.run(ReflectiveCallable.java:15)
	at org.junit.runners.model.FrameworkMethod.invokeExplosively(FrameworkMethod.java:41)
	at junitparams.internal.InvokeParameterisedMethod.evaluate(InvokeParameterisedMethod.java:102)
	at org.junit.internal.runners.statements.FailOnTimeout$1.run(FailOnTimeout.java:28)
Caused by: ptolemy.kernel.util.IllegalActionException: Found a zero delay loop containing .dependencyLoop.original
  in .dependencyLoop and .dependencyLoop.original
	at ptolemy.actor.util.CausalityInterfaceForComposites._computeOutputPortDepth(CausalityInterfaceForComposites.java:759)
	at ptolemy.actor.util.CausalityInterfaceForComposites._computeInputDepth(CausalityInterfaceForComposites.java:696)
	at ptolemy.actor.util.CausalityInterfaceForComposites._computeOutputPortDepth(CausalityInterfaceForComposites.java:765)
	at ptolemy.actor.util.CausalityInterfaceForComposites._computeInputDepth(CausalityInterfaceForComposites.java:696)
	at ptolemy.actor.util.CausalityInterfaceForComposites._computeOutputPortDepth(CausalityInterfaceForComposites.java:765)
	at ptolemy.actor.util.CausalityInterfaceForComposites._computeInputDepth(CausalityInterfaceForComposites.java:696)
	at ptolemy.actor.util.CausalityInterfaceForComposites._computeActorDepth(CausalityInterfaceForComposites.java:532)
	at ptolemy.actor.util.CausalityInterfaceForComposites.checkForCycles(CausalityInterfaceForComposites.java:96)
	at ptolemy.domains.de.kernel.DEDirector.preinitialize(DEDirector.java:1338)
	at ptolemy.actor.CompositeActor.preinitialize(CompositeActor.java:1828)
	at ptolemy.actor.Manager.preinitializeAndResolveTypes(Manager.java:1040)
	at ptolemy.actor.Manager.initialize(Manager.java:710)
	at ptolemy.actor.Manager.execute(Manager.java:356)
	at ptolemy.actor.Manager.run(Manager.java:1263)
	at ptolemy.actor.Manager$PtolemyRunThread.run(Manager.java:1915)
java.lang.RuntimeException: Execution failed
	at ptolemy.moml.MoMLSimpleApplication$UnloadThread.run(MoMLSimpleApplication.java:402)
Caused by: ptolemy.kernel.util.IllegalActionException: Found a zero delay loop containing .dependencyLoop2.original
  in .dependencyLoop2 and .dependencyLoop2.original
	at ptolemy.actor.util.CausalityInterfaceForComposites._computeOutputPortDepth(CausalityInterfaceForComposites.java:759)
	at ptolemy.actor.util.CausalityInterfaceForComposites._computeInputDepth(CausalityInterfaceForComposites.java:696)
	at ptolemy.actor.util.CausalityInterfaceForComposites._computeOutputPortDepth(CausalityInterfaceForComposites.java:765)
	at ptolemy.actor.util.CausalityInterfaceForComposites._computeInputDepth(CausalityInterfaceForComposites.java:696)
	at ptolemy.actor.util.CausalityInterfaceForComposites._computeOutputPortDepth(CausalityInterfaceForComposites.java:765)
	at ptolemy.actor.util.CausalityInterfaceForComposites._computeInputDepth(CausalityInterfaceForComposites.java:696)
	at ptolemy.actor.util.CausalityInterfaceForComposites._computeActorDepth(CausalityInterfaceForComposites.java:532)
	at ptolemy.actor.util.CausalityInterfaceForComposites.checkForCycles(CausalityInterfaceForComposites.java:96)
	at ptolemy.domains.de.kernel.DEDirector.preinitialize(DEDirector.java:1338)
	at ptolemy.actor.CompositeActor.preinitialize(CompositeActor.java:1828)
	at ptolemy.actor.Manager.preinitializeAndResolveTypes(Manager.java:1040)
	at ptolemy.actor.Manager.initialize(Manager.java:710)
	at ptolemy.actor.Manager.execute(Manager.java:356)
	at ptolemy.actor.Manager.run(Manager.java:1263)
	at ptolemy.actor.Manager$PtolemyRunThread.run(Manager.java:1915)
java.lang.reflect.InvocationTargetException
	at sun.reflect.NativeConstructorAccessorImpl.newInstance0(Native Method)
	at sun.reflect.NativeConstructorAccessorImpl.newInstance(NativeConstructorAccessorImpl.java:62)
	at sun.reflect.DelegatingConstructorAccessorImpl.newInstance(DelegatingConstructorAccessorImpl.java:45)
	at java.lang.reflect.Constructor.newInstance(Constructor.java:423)
	at ptolemy.util.test.junit.AutoKnownFailedTests.RunModel(AutoKnownFailedTests.java:105)
	at sun.reflect.NativeMethodAccessorImpl.invoke0(Native Method)
	at sun.reflect.NativeMethodAccessorImpl.invoke(NativeMethodAccessorImpl.java:62)
	at sun.reflect.DelegatingMethodAccessorImpl.invoke(DelegatingMethodAccessorImpl.java:43)
	at java.lang.reflect.Method.invoke(Method.java:498)
	at org.junit.runners.model.FrameworkMethod$1.runReflectiveCall(FrameworkMethod.java:44)
	at org.junit.internal.runners.model.ReflectiveCallable.run(ReflectiveCallable.java:15)
	at org.junit.runners.model.FrameworkMethod.invokeExplosively(FrameworkMethod.java:41)
	at junitparams.internal.InvokeParameterisedMethod.evaluate(InvokeParameterisedMethod.java:102)
	at org.junit.internal.runners.statements.FailOnTimeout$1.run(FailOnTimeout.java:28)
Caused by: ptolemy.kernel.util.IllegalActionException: Found a zero delay loop containing .dependencyLoop2.original
  in .dependencyLoop2 and .dependencyLoop2.original
	at ptolemy.actor.util.CausalityInterfaceForComposites._computeOutputPortDepth(CausalityInterfaceForComposites.java:759)
	at ptolemy.actor.util.CausalityInterfaceForComposites._computeInputDepth(CausalityInterfaceForComposites.java:696)
	at ptolemy.actor.util.CausalityInterfaceForComposites._computeOutputPortDepth(CausalityInterfaceForComposites.java:765)
	at ptolemy.actor.util.CausalityInterfaceForComposites._computeInputDepth(CausalityInterfaceForComposites.java:696)
	at ptolemy.actor.util.CausalityInterfaceForComposites._computeOutputPortDepth(CausalityInterfaceForComposites.java:765)
	at ptolemy.actor.util.CausalityInterfaceForComposites._computeInputDepth(CausalityInterfaceForComposites.java:696)
	at ptolemy.actor.util.CausalityInterfaceForComposites._computeActorDepth(CausalityInterfaceForComposites.java:532)
	at ptolemy.actor.util.CausalityInterfaceForComposites.checkForCycles(CausalityInterfaceForComposites.java:96)
	at ptolemy.domains.de.kernel.DEDirector.preinitialize(DEDirector.java:1338)
	at ptolemy.actor.CompositeActor.preinitialize(CompositeActor.java:1828)
	at ptolemy.actor.Manager.preinitializeAndResolveTypes(Manager.java:1040)
	at ptolemy.actor.Manager.initialize(Manager.java:710)
	at ptolemy.actor.Manager.execute(Manager.java:356)
	at ptolemy.actor.Manager.run(Manager.java:1263)
	at ptolemy.actor.Manager$PtolemyRunThread.run(Manager.java:1915)
]]></system-err>
</testsuite>
