<?xml version="1.0" encoding="UTF-8" ?>
<testsuite errors="0" failures="0" hostname="travis-job-da167d05-bea3-4da1-ac9f-596c94f5c9d0" name="ptolemy.domains.sdf.test.junit.JUnitTclTest" skipped="0" tests="66" time="18.707" timestamp="2018-11-14T02:49:42">
  <properties>
[...]
</properties>
  <testcase classname="ptolemy.util.test.junit.TclTests" name="[0] /home/travis/build/icyphy/ptII/ptolemy/domains/sdf/test/SDFSchedulerErrors.tcl (RunTclFile)" time="0.629" />
  <testcase classname="ptolemy.util.test.junit.TclTests" name="[1] /home/travis/build/icyphy/ptII/ptolemy/domains/sdf/test/composition.tcl (RunTclFile)" time="0.149" />
  <testcase classname="ptolemy.util.test.junit.TclTests" name="[2] /home/travis/build/icyphy/ptII/ptolemy/domains/sdf/test/cycle.tcl (RunTclFile)" time="0.046" />
  <testcase classname="ptolemy.util.test.junit.AutoKnownFailedTests" name="[0] ThereAreNoKnowFailedTests (RunModel)" time="0.009" />
  <testcase classname="ptolemy.util.test.junit.AutoNameArchTests" name="[0] ThereAreNoAutoArchTests (RunModel)" time="0.007" />
  <testcase classname="ptolemy.util.test.junit.AutoTests" name="[0] /home/travis/build/icyphy/ptII/ptolemy/domains/sdf/test/auto/Array.xml (RunModel)" time="0.168" />
  <testcase classname="ptolemy.util.test.junit.AutoTests" name="[1] /home/travis/build/icyphy/ptII/ptolemy/domains/sdf/test/auto/Butterfly.xml (RunModel)" time="0.159" />
  <testcase classname="ptolemy.util.test.junit.AutoTests" name="[2] /home/travis/build/icyphy/ptII/ptolemy/domains/sdf/test/auto/Expression.xml (RunModel)" time="0.143" />
  <testcase classname="ptolemy.util.test.junit.AutoTests" name="[3] /home/travis/build/icyphy/ptII/ptolemy/domains/sdf/test/auto/Eye.xml (RunModel)" time="0.284" />
  <testcase classname="ptolemy.util.test.junit.AutoTests" name="[4] /home/travis/build/icyphy/ptII/ptolemy/domains/sdf/test/auto/FixFIR.xml (RunModel)" time="0.284" />
  <testcase classname="ptolemy.util.test.junit.AutoTests" name="[5] /home/travis/build/icyphy/ptII/ptolemy/domains/sdf/test/auto/FixPoint.xml (RunModel)" time="0.044" />
  <testcase classname="ptolemy.util.test.junit.AutoTests" name="[6] /home/travis/build/icyphy/ptII/ptolemy/domains/sdf/test/auto/Gravitation.xml (RunModel)" time="3.238" />
  <testcase classname="ptolemy.util.test.junit.AutoTests" name="[7] /home/travis/build/icyphy/ptII/ptolemy/domains/sdf/test/auto/GravitationWithCollisionDetection.xml (RunModel)" time="5.636" />
  <testcase classname="ptolemy.util.test.junit.AutoTests" name="[8] /home/travis/build/icyphy/ptII/ptolemy/domains/sdf/test/auto/HDF.xml (RunModel)" time="0.099" />
  <testcase classname="ptolemy.util.test.junit.AutoTests" name="[9] /home/travis/build/icyphy/ptII/ptolemy/domains/sdf/test/auto/HDFwithTransientStates.xml (RunModel)" time="0.09" />
  <testcase classname="ptolemy.util.test.junit.AutoTests" name="[10] /home/travis/build/icyphy/ptII/ptolemy/domains/sdf/test/auto/HTVQ.xml (RunModel)" time="0.816" />
  <testcase classname="ptolemy.util.test.junit.AutoTests" name="[11] /home/travis/build/icyphy/ptII/ptolemy/domains/sdf/test/auto/InferInitProduction.xml (RunModel)" time="0.037" />
  <testcase classname="ptolemy.util.test.junit.AutoTests" name="[12] /home/travis/build/icyphy/ptII/ptolemy/domains/sdf/test/auto/InferInitProductionDeeper.xml (RunModel)" time="0.025" />
  <testcase classname="ptolemy.util.test.junit.AutoTests" name="[13] /home/travis/build/icyphy/ptII/ptolemy/domains/sdf/test/auto/LMSAdaptive.xml (RunModel)" time="0.096" />
  <testcase classname="ptolemy.util.test.junit.AutoTests" name="[14] /home/travis/build/icyphy/ptII/ptolemy/domains/sdf/test/auto/LogisticMap.xml (RunModel)" time="0.487" />
  <testcase classname="ptolemy.util.test.junit.AutoTests" name="[15] /home/travis/build/icyphy/ptII/ptolemy/domains/sdf/test/auto/MaximumEntropySpectrum.xml (RunModel)" time="0.239" />
  <testcase classname="ptolemy.util.test.junit.AutoTests" name="[16] /home/travis/build/icyphy/ptII/ptolemy/domains/sdf/test/auto/MultirateSDF.xml (RunModel)" time="0.058" />
  <testcase classname="ptolemy.util.test.junit.AutoTests" name="[17] /home/travis/build/icyphy/ptII/ptolemy/domains/sdf/test/auto/MultirateSDFwithTransientStates.xml (RunModel)" time="0.072" />
  <testcase classname="ptolemy.util.test.junit.AutoTests" name="[18] /home/travis/build/icyphy/ptII/ptolemy/domains/sdf/test/auto/NoisySinewave.xml (RunModel)" time="0.066" />
  <testcase classname="ptolemy.util.test.junit.AutoTests" name="[19] /home/travis/build/icyphy/ptII/ptolemy/domains/sdf/test/auto/Objects.xml (RunModel)" time="0.051" />
  <testcase classname="ptolemy.util.test.junit.AutoTests" name="[20] /home/travis/build/icyphy/ptII/ptolemy/domains/sdf/test/auto/OrthogonalCom.xml (RunModel)" time="0.038" />
  <testcase classname="ptolemy.util.test.junit.AutoTests" name="[21] /home/travis/build/icyphy/ptII/ptolemy/domains/sdf/test/auto/RijndaelEncryption.xml (RunModel)" time="0.431" />
  <testcase classname="ptolemy.util.test.junit.AutoTests" name="[22] /home/travis/build/icyphy/ptII/ptolemy/domains/sdf/test/auto/SDFEmptyIterations.xml (RunModel)" time="0.017" />
  <testcase classname="ptolemy.util.test.junit.AutoTests" name="[23] /home/travis/build/icyphy/ptII/ptolemy/domains/sdf/test/auto/Spectrum.xml (RunModel)" time="0.056" />
  <testcase classname="ptolemy.util.test.junit.AutoTests" name="[24] /home/travis/build/icyphy/ptII/ptolemy/domains/sdf/test/auto/de_inside_sdf.xml (RunModel)" time="0.016" />
  <testcase classname="ptolemy.util.test.junit.AutoTests" name="[25] /home/travis/build/icyphy/ptII/ptolemy/domains/sdf/test/auto/disconnectedHierarchicalSDF.xml (RunModel)" time="0.015" />
  <testcase classname="ptolemy.util.test.junit.AutoTests" name="[26] /home/travis/build/icyphy/ptII/ptolemy/domains/sdf/test/auto/disconnectedSDF.xml (RunModel)" time="0.02" />
  <testcase classname="ptolemy.util.test.junit.AutoTests" name="[27] /home/travis/build/icyphy/ptII/ptolemy/domains/sdf/test/auto/emptyRefinement.xml (RunModel)" time="0.014" />
  <testcase classname="ptolemy.util.test.junit.AutoTests" name="[28] /home/travis/build/icyphy/ptII/ptolemy/domains/sdf/test/auto/filePortParameter.xml (RunModel)" time="0.04" />
  <testcase classname="ptolemy.util.test.junit.AutoTests" name="[29] /home/travis/build/icyphy/ptII/ptolemy/domains/sdf/test/auto/inferRelationWidth1.xml (RunModel)" time="0.012" />
  <testcase classname="ptolemy.util.test.junit.AutoTests" name="[30] /home/travis/build/icyphy/ptII/ptolemy/domains/sdf/test/auto/initProductionInference.xml (RunModel)" time="0.016" />
  <testcase classname="ptolemy.util.test.junit.AutoTests" name="[31] /home/travis/build/icyphy/ptII/ptolemy/domains/sdf/test/auto/relationGroup.xml (RunModel)" time="0.013" />
  <testcase classname="ptolemy.util.test.junit.AutoTests" name="[32] /home/travis/build/icyphy/ptII/ptolemy/domains/sdf/test/auto/relationGroup10.xml (RunModel)" time="0.018" />
  <testcase classname="ptolemy.util.test.junit.AutoTests" name="[33] /home/travis/build/icyphy/ptII/ptolemy/domains/sdf/test/auto/relationGroup11.xml (RunModel)" time="0.01" />
  <testcase classname="ptolemy.util.test.junit.AutoTests" name="[34] /home/travis/build/icyphy/ptII/ptolemy/domains/sdf/test/auto/relationGroup12.xml (RunModel)" time="0.014" />
  <testcase classname="ptolemy.util.test.junit.AutoTests" name="[35] /home/travis/build/icyphy/ptII/ptolemy/domains/sdf/test/auto/relationGroup13.xml (RunModel)" time="0.023" />
  <testcase classname="ptolemy.util.test.junit.AutoTests" name="[36] /home/travis/build/icyphy/ptII/ptolemy/domains/sdf/test/auto/relationGroup14.xml (RunModel)" time="0.014" />
  <testcase classname="ptolemy.util.test.junit.AutoTests" name="[37] /home/travis/build/icyphy/ptII/ptolemy/domains/sdf/test/auto/relationGroup15.xml (RunModel)" time="0.013" />
  <testcase classname="ptolemy.util.test.junit.AutoTests" name="[38] /home/travis/build/icyphy/ptII/ptolemy/domains/sdf/test/auto/relationGroup2.xml (RunModel)" time="0.013" />
  <testcase classname="ptolemy.util.test.junit.AutoTests" name="[39] /home/travis/build/icyphy/ptII/ptolemy/domains/sdf/test/auto/relationGroup3.xml (RunModel)" time="0.008" />
  <testcase classname="ptolemy.util.test.junit.AutoTests" name="[40] /home/travis/build/icyphy/ptII/ptolemy/domains/sdf/test/auto/relationGroup4.xml (RunModel)" time="0.022" />
  <testcase classname="ptolemy.util.test.junit.AutoTests" name="[41] /home/travis/build/icyphy/ptII/ptolemy/domains/sdf/test/auto/relationGroup5.xml (RunModel)" time="0.021" />
  <testcase classname="ptolemy.util.test.junit.AutoTests" name="[42] /home/travis/build/icyphy/ptII/ptolemy/domains/sdf/test/auto/relationGroup6.xml (RunModel)" time="0.017" />
  <testcase classname="ptolemy.util.test.junit.AutoTests" name="[43] /home/travis/build/icyphy/ptII/ptolemy/domains/sdf/test/auto/relationGroup7.xml (RunModel)" time="0.009" />
  <testcase classname="ptolemy.util.test.junit.AutoTests" name="[44] /home/travis/build/icyphy/ptII/ptolemy/domains/sdf/test/auto/relationGroup8.xml (RunModel)" time="0.009" />
  <testcase classname="ptolemy.util.test.junit.AutoTests" name="[45] /home/travis/build/icyphy/ptII/ptolemy/domains/sdf/test/auto/relationGroup9.xml (RunModel)" time="0.023" />
  <testcase classname="ptolemy.util.test.junit.AutoTests" name="[46] /home/travis/build/icyphy/ptII/ptolemy/domains/sdf/test/auto/sdf_inside_de.xml (RunModel)" time="0.051" />
  <testcase classname="ptolemy.util.test.junit.AutoTests" name="[47] /home/travis/build/icyphy/ptII/ptolemy/domains/sdf/test/auto/sdf_inside_pn.xml (RunModel)" time="0.056" />
  <testcase classname="ptolemy.util.test.junit.AutoTests" name="[48] /home/travis/build/icyphy/ptII/ptolemy/domains/sdf/test/auto/sdf_sdf1.xml (RunModel)" time="0.021" />
  <testcase classname="ptolemy.util.test.junit.AutoTests" name="[49] /home/travis/build/icyphy/ptII/ptolemy/domains/sdf/test/auto/test1.xml (RunModel)" time="0.015" />
  <testcase classname="ptolemy.util.test.junit.AutoTests" name="[50] /home/travis/build/icyphy/ptII/ptolemy/domains/sdf/test/auto/time1.xml (RunModel)" time="0.011" />
  <testcase classname="ptolemy.util.test.junit.AutoTests" name="[51] /home/travis/build/icyphy/ptII/ptolemy/domains/sdf/test/auto/time2.xml (RunModel)" time="0.01" />
  <testcase classname="ptolemy.util.test.junit.AutoTests" name="[52] /home/travis/build/icyphy/ptII/ptolemy/domains/sdf/test/auto/time3.xml (RunModel)" time="0.019" />
  <testcase classname="ptolemy.util.test.junit.AutoTests" name="[53] /home/travis/build/icyphy/ptII/ptolemy/domains/sdf/test/auto/time4.xml (RunModel)" time="0.034" />
  <testcase classname="ptolemy.util.test.junit.AutoTests" name="[54] /home/travis/build/icyphy/ptII/ptolemy/domains/sdf/test/auto/time5.xml (RunModel)" time="4.01" />
  <testcase classname="ptolemy.util.test.junit.AutoTests" name="[55] /home/travis/build/icyphy/ptII/ptolemy/domains/sdf/test/auto/typeSystem_Const_Integer_smallest_Type.xml (RunModel)" time="0.025" />
  <testcase classname="ptolemy.util.test.junit.AutoTests" name="[56] /home/travis/build/icyphy/ptII/ptolemy/domains/sdf/test/auto/typeSystem_declared_Inports_OutportTypeException.xml (RunModel)" time="0.014" />
  <testcase classname="ptolemy.util.test.junit.AutoTests" name="[57] /home/travis/build/icyphy/ptII/ptolemy/domains/sdf/test/auto/typeSystem_oneDeclaredInportType_wrongTypeOutport.xml (RunModel)" time="0.012" />
  <testcase classname="ptolemy.util.test.junit.AutoTests" name="[58] /home/travis/build/icyphy/ptII/ptolemy/domains/sdf/test/auto/width.xml (RunModel)" time="0.01" />
  <testcase classname="ptolemy.util.test.junit.AutoTests" name="[59] /home/travis/build/icyphy/ptII/ptolemy/domains/sdf/test/auto/width2.xml (RunModel)" time="0.039" />
  <testcase classname="ptolemy.util.test.junit.AutoTests" name="[60] /home/travis/build/icyphy/ptII/ptolemy/domains/sdf/test/auto/width3.xml (RunModel)" time="0.039" />
  <system-out><![CDATA[/home/travis/build/icyphy/ptII/ptolemy/domains/sdf/test/SDFSchedulerErrors.tcl
testDefs.tcl: setting time out to 9000 seconds at Wed Nov 14 02:49:42 UTC 2018
16 ms. Memory: 116224K Free: 105634K (91%)
5 ms. Memory: 116224K Free: 98516K (85%)
4 ms. Memory: 116224K Free: 91542K (79%)
2 ms. Memory: 116224K Free: 88487K (76%)
/home/travis/build/icyphy/ptII/ptolemy/domains/sdf/test/composition.tcl
31 ms. Memory: 116224K Free: 84301K (73%)
6 ms. Memory: 116224K Free: 82491K (71%)
/home/travis/build/icyphy/ptII/ptolemy/domains/sdf/test/cycle.tcl
.Toplevel.Director Preinitializing ...
Invoking preinitialize():  .Toplevel.Actor1
Invoking preinitialize():  .Toplevel.Actor2
Invoking preinitialize():  .Toplevel.Delay
.Toplevel.Director Finished preinitialize().
### Schedule:
Execute Schedule{
Fire Actor ptolemy.domains.sdf.kernel.test.SDFTestDelay {.Toplevel.Actor1}
Fire Actor ptolemy.domains.sdf.kernel.test.SDFTestDelay {.Toplevel.Actor2}
Fire Actor ptolemy.domains.sdf.lib.SampleDelay {.Toplevel.Delay}
}
### End schedule
Called initialize().
Invoking initialize():  .Toplevel.Actor1
Initializing actor: .Toplevel.Actor1.
Invoking initialize():  .Toplevel.Actor2
Initializing actor: .Toplevel.Actor2.
Invoking initialize():  .Toplevel.Delay
Initializing actor: .Toplevel.Delay.
Director: Called prefire().
-- Setting current time to 0.0
Director prefire returns true.
The actor .Toplevel.Actor1 will be iterated.
The actor .Toplevel.Actor1 was iterated.
The actor .Toplevel.Actor2 will be iterated.
The actor .Toplevel.Actor2 was iterated.
The actor .Toplevel.Delay will be iterated.
The actor .Toplevel.Delay was iterated.
Director: Called postfire().
Postfire returns: true
Director: Called prefire().
-- Setting current time to 0.0
Director prefire returns true.
The actor .Toplevel.Actor1 will be iterated.
The actor .Toplevel.Actor1 was iterated.
The actor .Toplevel.Actor2 will be iterated.
The actor .Toplevel.Actor2 was iterated.
The actor .Toplevel.Delay will be iterated.
The actor .Toplevel.Delay was iterated.
Director: Called postfire().
Postfire returns: true
Director: Called prefire().
-- Setting current time to 0.0
Director prefire returns true.
The actor .Toplevel.Actor1 will be iterated.
The actor .Toplevel.Actor1 was iterated.
The actor .Toplevel.Actor2 will be iterated.
The actor .Toplevel.Actor2 was iterated.
The actor .Toplevel.Delay will be iterated.
The actor .Toplevel.Delay was iterated.
Director: Called postfire().
Postfire returns: true
Director: Called prefire().
-- Setting current time to 0.0
Director prefire returns true.
The actor .Toplevel.Actor1 will be iterated.
The actor .Toplevel.Actor1 was iterated.
The actor .Toplevel.Actor2 will be iterated.
The actor .Toplevel.Actor2 was iterated.
The actor .Toplevel.Delay will be iterated.
The actor .Toplevel.Delay was iterated.
Director: Called postfire().
Postfire returns: true
Director: Called prefire().
-- Setting current time to 0.0
Director prefire returns true.
The actor .Toplevel.Actor1 will be iterated.
The actor .Toplevel.Actor1 was iterated.
The actor .Toplevel.Actor2 will be iterated.
The actor .Toplevel.Actor2 was iterated.
The actor .Toplevel.Delay will be iterated.
The actor .Toplevel.Delay was iterated.
Director: Called postfire().
Postfire returns: true
Director: Called prefire().
-- Setting current time to 0.0
Director prefire returns true.
The actor .Toplevel.Actor1 will be iterated.
The actor .Toplevel.Actor1 was iterated.
The actor .Toplevel.Actor2 will be iterated.
The actor .Toplevel.Actor2 was iterated.
The actor .Toplevel.Delay will be iterated.
The actor .Toplevel.Delay was iterated.
Reached specified number of iterations: 6
Director: Called wrapup().
26 ms. Memory: 146944K Free: 141076K (96%)
11/14/18 02:49:43
Failed: 0  Total Tests: 8  ((Passed: 8, Newly Passed: 0)  Known Failed: 0) /home/travis/build/icyphy/ptII/ptolemy/domains/sdf/test
No auto/knownFailedTests/*.xml tests in /home/travis/build/icyphy/ptII/ptolemy/domains/sdf/test
No auto/linux-amd64/*.xml tests in /home/travis/build/icyphy/ptII/ptolemy/domains/sdf/test
AutoTests.java: About to close Vertx.
AutoTests.java: Vertx closed.

===========================================================================================
----------------- testing Wed Nov 14 02:49:43 UTC 2018 /home/travis/build/icyphy/ptII/ptolemy/domains/sdf/test/auto/Array.xml
----------------- Instantiating /home/travis/build/icyphy/ptII/ptolemy/domains/sdf/test/auto/Array.xml
52 ms. Memory: 146944K Free: 101083K (69%)
----------------- Invoking toplevel() on ptolemy.moml.MoMLSimpleApplication@34e1811d
----------------- Done invoking toplevel() on ptolemy.moml.MoMLSimpleApplication@34e1811d
reloadAllAccessors: .Array

===========================================================================================
----------------- testing Wed Nov 14 02:49:43 UTC 2018 /home/travis/build/icyphy/ptII/ptolemy/domains/sdf/test/auto/Butterfly.xml
----------------- Instantiating /home/travis/build/icyphy/ptII/ptolemy/domains/sdf/test/auto/Butterfly.xml
102 ms. Memory: 146944K Free: 94922K (65%)
----------------- Invoking toplevel() on ptolemy.moml.MoMLSimpleApplication@2dd80571
----------------- Done invoking toplevel() on ptolemy.moml.MoMLSimpleApplication@2dd80571
reloadAllAccessors: .Butterfly

===========================================================================================
----------------- testing Wed Nov 14 02:49:43 UTC 2018 /home/travis/build/icyphy/ptII/ptolemy/domains/sdf/test/auto/Expression.xml
----------------- Instantiating /home/travis/build/icyphy/ptII/ptolemy/domains/sdf/test/auto/Expression.xml
78 ms. Memory: 146944K Free: 88266K (60%)
----------------- Invoking toplevel() on ptolemy.moml.MoMLSimpleApplication@2be3f58b
----------------- Done invoking toplevel() on ptolemy.moml.MoMLSimpleApplication@2be3f58b
reloadAllAccessors: .Expression

===========================================================================================
----------------- testing Wed Nov 14 02:49:43 UTC 2018 /home/travis/build/icyphy/ptII/ptolemy/domains/sdf/test/auto/Eye.xml
----------------- Instantiating /home/travis/build/icyphy/ptII/ptolemy/domains/sdf/test/auto/Eye.xml
137 ms. Memory: 146944K Free: 119210K (81%)
----------------- Invoking toplevel() on ptolemy.moml.MoMLSimpleApplication@21af3bfc
----------------- Done invoking toplevel() on ptolemy.moml.MoMLSimpleApplication@21af3bfc
reloadAllAccessors: .Eye

===========================================================================================
----------------- testing Wed Nov 14 02:49:44 UTC 2018 /home/travis/build/icyphy/ptII/ptolemy/domains/sdf/test/auto/FixFIR.xml
----------------- Instantiating /home/travis/build/icyphy/ptII/ptolemy/domains/sdf/test/auto/FixFIR.xml
118 ms. Memory: 146944K Free: 83180K (57%)
----------------- Invoking toplevel() on ptolemy.moml.MoMLSimpleApplication@c83c663
----------------- Done invoking toplevel() on ptolemy.moml.MoMLSimpleApplication@c83c663
reloadAllAccessors: .FixFIR

===========================================================================================
----------------- testing Wed Nov 14 02:49:44 UTC 2018 /home/travis/build/icyphy/ptII/ptolemy/domains/sdf/test/auto/FixPoint.xml
----------------- Instantiating /home/travis/build/icyphy/ptII/ptolemy/domains/sdf/test/auto/FixPoint.xml
30 ms. Memory: 208384K Free: 201745K (97%)
----------------- Invoking toplevel() on ptolemy.moml.MoMLSimpleApplication@3917b71
----------------- Done invoking toplevel() on ptolemy.moml.MoMLSimpleApplication@3917b71
reloadAllAccessors: .FixPoint

===========================================================================================
----------------- testing Wed Nov 14 02:49:44 UTC 2018 /home/travis/build/icyphy/ptII/ptolemy/domains/sdf/test/auto/Gravitation.xml
----------------- Instantiating /home/travis/build/icyphy/ptII/ptolemy/domains/sdf/test/auto/Gravitation.xml
3148 ms. Memory: 208384K Free: 110259K (53%)
----------------- Invoking toplevel() on ptolemy.moml.MoMLSimpleApplication@193eddc3
----------------- Done invoking toplevel() on ptolemy.moml.MoMLSimpleApplication@193eddc3
reloadAllAccessors: .Gravitation

===========================================================================================
----------------- testing Wed Nov 14 02:49:47 UTC 2018 /home/travis/build/icyphy/ptII/ptolemy/domains/sdf/test/auto/GravitationWithCollisionDetection.xml
----------------- Instantiating /home/travis/build/icyphy/ptII/ptolemy/domains/sdf/test/auto/GravitationWithCollisionDetection.xml
5470 ms. Memory: 873984K Free: 356069K (41%)
----------------- Invoking toplevel() on ptolemy.moml.MoMLSimpleApplication@168205c1
----------------- Done invoking toplevel() on ptolemy.moml.MoMLSimpleApplication@168205c1
reloadAllAccessors: .GravitationWithCollisionDetection

===========================================================================================
----------------- testing Wed Nov 14 02:49:53 UTC 2018 /home/travis/build/icyphy/ptII/ptolemy/domains/sdf/test/auto/HDF.xml
----------------- Instantiating /home/travis/build/icyphy/ptII/ptolemy/domains/sdf/test/auto/HDF.xml
41 ms. Memory: 873984K Free: 325159K (37%)
----------------- Invoking toplevel() on ptolemy.moml.MoMLSimpleApplication@715594a9
----------------- Done invoking toplevel() on ptolemy.moml.MoMLSimpleApplication@715594a9
reloadAllAccessors: .HDF

===========================================================================================
----------------- testing Wed Nov 14 02:49:53 UTC 2018 /home/travis/build/icyphy/ptII/ptolemy/domains/sdf/test/auto/HDFwithTransientStates.xml
----------------- Instantiating /home/travis/build/icyphy/ptII/ptolemy/domains/sdf/test/auto/HDFwithTransientStates.xml
29 ms. Memory: 873984K Free: 301565K (35%)
----------------- Invoking toplevel() on ptolemy.moml.MoMLSimpleApplication@371da313
----------------- Done invoking toplevel() on ptolemy.moml.MoMLSimpleApplication@371da313
reloadAllAccessors: .HDFwithTransientStates

===========================================================================================
----------------- testing Wed Nov 14 02:49:53 UTC 2018 /home/travis/build/icyphy/ptII/ptolemy/domains/sdf/test/auto/HTVQ.xml
----------------- Instantiating /home/travis/build/icyphy/ptII/ptolemy/domains/sdf/test/auto/HTVQ.xml
762 ms. Memory: 873984K Free: 128563K (15%)
----------------- Invoking toplevel() on ptolemy.moml.MoMLSimpleApplication@3022916e
----------------- Done invoking toplevel() on ptolemy.moml.MoMLSimpleApplication@3022916e
reloadAllAccessors: .HTVQ

===========================================================================================
----------------- testing Wed Nov 14 02:49:54 UTC 2018 /home/travis/build/icyphy/ptII/ptolemy/domains/sdf/test/auto/InferInitProduction.xml
----------------- Instantiating /home/travis/build/icyphy/ptII/ptolemy/domains/sdf/test/auto/InferInitProduction.xml
10 ms. Memory: 873984K Free: 112844K (13%)
----------------- Invoking toplevel() on ptolemy.moml.MoMLSimpleApplication@13817701
----------------- Done invoking toplevel() on ptolemy.moml.MoMLSimpleApplication@13817701
reloadAllAccessors: .InferInitProduction

===========================================================================================
----------------- testing Wed Nov 14 02:49:54 UTC 2018 /home/travis/build/icyphy/ptII/ptolemy/domains/sdf/test/auto/InferInitProductionDeeper.xml
----------------- Instantiating /home/travis/build/icyphy/ptII/ptolemy/domains/sdf/test/auto/InferInitProductionDeeper.xml
5 ms. Memory: 873984K Free: 97126K (11%)
----------------- Invoking toplevel() on ptolemy.moml.MoMLSimpleApplication@58f08e30
----------------- Done invoking toplevel() on ptolemy.moml.MoMLSimpleApplication@58f08e30
reloadAllAccessors: .InferInitProductionDeeper

===========================================================================================
----------------- testing Wed Nov 14 02:49:54 UTC 2018 /home/travis/build/icyphy/ptII/ptolemy/domains/sdf/test/auto/LMSAdaptive.xml
----------------- Instantiating /home/travis/build/icyphy/ptII/ptolemy/domains/sdf/test/auto/LMSAdaptive.xml
13 ms. Memory: 873984K Free: 77051K (9%)
----------------- Invoking toplevel() on ptolemy.moml.MoMLSimpleApplication@4d20641
----------------- Done invoking toplevel() on ptolemy.moml.MoMLSimpleApplication@4d20641
reloadAllAccessors: .LMSAdaptive

===========================================================================================
----------------- testing Wed Nov 14 02:49:54 UTC 2018 /home/travis/build/icyphy/ptII/ptolemy/domains/sdf/test/auto/LogisticMap.xml
----------------- Instantiating /home/travis/build/icyphy/ptII/ptolemy/domains/sdf/test/auto/LogisticMap.xml
430 ms. Memory: 874496K Free: 847215K (97%)
----------------- Invoking toplevel() on ptolemy.moml.MoMLSimpleApplication@36c16263
----------------- Done invoking toplevel() on ptolemy.moml.MoMLSimpleApplication@36c16263
reloadAllAccessors: .LogisticMap

===========================================================================================
----------------- testing Wed Nov 14 02:49:54 UTC 2018 /home/travis/build/icyphy/ptII/ptolemy/domains/sdf/test/auto/MaximumEntropySpectrum.xml
----------------- Instantiating /home/travis/build/icyphy/ptII/ptolemy/domains/sdf/test/auto/MaximumEntropySpectrum.xml
72 ms. Memory: 874496K Free: 766532K (88%)
----------------- Invoking toplevel() on ptolemy.moml.MoMLSimpleApplication@63904f40
----------------- Done invoking toplevel() on ptolemy.moml.MoMLSimpleApplication@63904f40
reloadAllAccessors: .MaximumEntropySpectrum

===========================================================================================
----------------- testing Wed Nov 14 02:49:55 UTC 2018 /home/travis/build/icyphy/ptII/ptolemy/domains/sdf/test/auto/MultirateSDF.xml
----------------- Instantiating /home/travis/build/icyphy/ptII/ptolemy/domains/sdf/test/auto/MultirateSDF.xml
18 ms. Memory: 874496K Free: 742938K (85%)
----------------- Invoking toplevel() on ptolemy.moml.MoMLSimpleApplication@435eca6c
----------------- Done invoking toplevel() on ptolemy.moml.MoMLSimpleApplication@435eca6c
reloadAllAccessors: .MultirateSDF

===========================================================================================
----------------- testing Wed Nov 14 02:49:55 UTC 2018 /home/travis/build/icyphy/ptII/ptolemy/domains/sdf/test/auto/MultirateSDFwithTransientStates.xml
----------------- Instantiating /home/travis/build/icyphy/ptII/ptolemy/domains/sdf/test/auto/MultirateSDFwithTransientStates.xml
17 ms. Memory: 874496K Free: 719352K (82%)
----------------- Invoking toplevel() on ptolemy.moml.MoMLSimpleApplication@63605aab
----------------- Done invoking toplevel() on ptolemy.moml.MoMLSimpleApplication@63605aab
reloadAllAccessors: .MultirateSDFwithTransientStates

===========================================================================================
----------------- testing Wed Nov 14 02:49:55 UTC 2018 /home/travis/build/icyphy/ptII/ptolemy/domains/sdf/test/auto/NoisySinewave.xml
----------------- Instantiating /home/travis/build/icyphy/ptII/ptolemy/domains/sdf/test/auto/NoisySinewave.xml
14 ms. Memory: 874496K Free: 695775K (80%)
----------------- Invoking toplevel() on ptolemy.moml.MoMLSimpleApplication@7a3dbf48
----------------- Done invoking toplevel() on ptolemy.moml.MoMLSimpleApplication@7a3dbf48
reloadAllAccessors: .NoisySinewave

===========================================================================================
----------------- testing Wed Nov 14 02:49:55 UTC 2018 /home/travis/build/icyphy/ptII/ptolemy/domains/sdf/test/auto/Objects.xml
----------------- Instantiating /home/travis/build/icyphy/ptII/ptolemy/domains/sdf/test/auto/Objects.xml
2 ms. Memory: 874496K Free: 680056K (78%)
----------------- Invoking toplevel() on ptolemy.moml.MoMLSimpleApplication@1049c923
----------------- Done invoking toplevel() on ptolemy.moml.MoMLSimpleApplication@1049c923
reloadAllAccessors: .Objects

===========================================================================================
----------------- testing Wed Nov 14 02:49:55 UTC 2018 /home/travis/build/icyphy/ptII/ptolemy/domains/sdf/test/auto/OrthogonalCom.xml
----------------- Instantiating /home/travis/build/icyphy/ptII/ptolemy/domains/sdf/test/auto/OrthogonalCom.xml
6 ms. Memory: 874496K Free: 664338K (76%)
----------------- Invoking toplevel() on ptolemy.moml.MoMLSimpleApplication@604777da
----------------- Done invoking toplevel() on ptolemy.moml.MoMLSimpleApplication@604777da
reloadAllAccessors: .OrthogonalCom

===========================================================================================
----------------- testing Wed Nov 14 02:49:55 UTC 2018 /home/travis/build/icyphy/ptII/ptolemy/domains/sdf/test/auto/RijndaelEncryption.xml
----------------- Instantiating /home/travis/build/icyphy/ptII/ptolemy/domains/sdf/test/auto/RijndaelEncryption.xml
189 ms. Memory: 874496K Free: 497098K (57%)
----------------- Invoking toplevel() on ptolemy.moml.MoMLSimpleApplication@41a06cdb
----------------- Done invoking toplevel() on ptolemy.moml.MoMLSimpleApplication@41a06cdb
reloadAllAccessors: .RijndaelEncryption

===========================================================================================
----------------- testing Wed Nov 14 02:49:55 UTC 2018 /home/travis/build/icyphy/ptII/ptolemy/domains/sdf/test/auto/SDFEmptyIterations.xml
----------------- Instantiating /home/travis/build/icyphy/ptII/ptolemy/domains/sdf/test/auto/SDFEmptyIterations.xml
4 ms. Memory: 874496K Free: 481380K (55%)
----------------- Invoking toplevel() on ptolemy.moml.MoMLSimpleApplication@926e717
----------------- Done invoking toplevel() on ptolemy.moml.MoMLSimpleApplication@926e717
reloadAllAccessors: .SDFEmptyIterations

===========================================================================================
----------------- testing Wed Nov 14 02:49:55 UTC 2018 /home/travis/build/icyphy/ptII/ptolemy/domains/sdf/test/auto/Spectrum.xml
----------------- Instantiating /home/travis/build/icyphy/ptII/ptolemy/domains/sdf/test/auto/Spectrum.xml
22 ms. Memory: 874496K Free: 457786K (52%)
----------------- Invoking toplevel() on ptolemy.moml.MoMLSimpleApplication@13fd0fe2
----------------- Done invoking toplevel() on ptolemy.moml.MoMLSimpleApplication@13fd0fe2
reloadAllAccessors: .Spectrum

===========================================================================================
----------------- testing Wed Nov 14 02:49:56 UTC 2018 /home/travis/build/icyphy/ptII/ptolemy/domains/sdf/test/auto/de_inside_sdf.xml
----------------- Instantiating /home/travis/build/icyphy/ptII/ptolemy/domains/sdf/test/auto/de_inside_sdf.xml
4 ms. Memory: 874496K Free: 442068K (51%)
----------------- Invoking toplevel() on ptolemy.moml.MoMLSimpleApplication@1c3ac8ed
----------------- Done invoking toplevel() on ptolemy.moml.MoMLSimpleApplication@1c3ac8ed
reloadAllAccessors: .de_inside_sdf

===========================================================================================
----------------- testing Wed Nov 14 02:49:56 UTC 2018 /home/travis/build/icyphy/ptII/ptolemy/domains/sdf/test/auto/disconnectedHierarchicalSDF.xml
----------------- Instantiating /home/travis/build/icyphy/ptII/ptolemy/domains/sdf/test/auto/disconnectedHierarchicalSDF.xml
4 ms. Memory: 874496K Free: 426350K (49%)
----------------- Invoking toplevel() on ptolemy.moml.MoMLSimpleApplication@1cd4843f
----------------- Done invoking toplevel() on ptolemy.moml.MoMLSimpleApplication@1cd4843f
reloadAllAccessors: .disconnectedHierarchicalSDF

===========================================================================================
----------------- testing Wed Nov 14 02:49:56 UTC 2018 /home/travis/build/icyphy/ptII/ptolemy/domains/sdf/test/auto/disconnectedSDF.xml
----------------- Instantiating /home/travis/build/icyphy/ptII/ptolemy/domains/sdf/test/auto/disconnectedSDF.xml
2 ms. Memory: 874496K Free: 410631K (47%)
----------------- Invoking toplevel() on ptolemy.moml.MoMLSimpleApplication@6741fb25
----------------- Done invoking toplevel() on ptolemy.moml.MoMLSimpleApplication@6741fb25
reloadAllAccessors: .disconnectedSDF

===========================================================================================
----------------- testing Wed Nov 14 02:49:56 UTC 2018 /home/travis/build/icyphy/ptII/ptolemy/domains/sdf/test/auto/emptyRefinement.xml
----------------- Instantiating /home/travis/build/icyphy/ptII/ptolemy/domains/sdf/test/auto/emptyRefinement.xml
3 ms. Memory: 874496K Free: 392861K (45%)
----------------- Invoking toplevel() on ptolemy.moml.MoMLSimpleApplication@1f3cf31f
----------------- Done invoking toplevel() on ptolemy.moml.MoMLSimpleApplication@1f3cf31f
reloadAllAccessors: .emptyRefinement

===========================================================================================
----------------- testing Wed Nov 14 02:49:56 UTC 2018 /home/travis/build/icyphy/ptII/ptolemy/domains/sdf/test/auto/filePortParameter.xml
----------------- Instantiating /home/travis/build/icyphy/ptII/ptolemy/domains/sdf/test/auto/filePortParameter.xml
13 ms. Memory: 874496K Free: 377143K (43%)
----------------- Invoking toplevel() on ptolemy.moml.MoMLSimpleApplication@7e7eaf0
----------------- Done invoking toplevel() on ptolemy.moml.MoMLSimpleApplication@7e7eaf0
reloadAllAccessors: .filePortParameter

===========================================================================================
----------------- testing Wed Nov 14 02:49:56 UTC 2018 /home/travis/build/icyphy/ptII/ptolemy/domains/sdf/test/auto/inferRelationWidth1.xml
----------------- Instantiating /home/travis/build/icyphy/ptII/ptolemy/domains/sdf/test/auto/inferRelationWidth1.xml
2 ms. Memory: 874496K Free: 361425K (41%)
----------------- Invoking toplevel() on ptolemy.moml.MoMLSimpleApplication@673db3e0
----------------- Done invoking toplevel() on ptolemy.moml.MoMLSimpleApplication@673db3e0
reloadAllAccessors: .inferRelationWidth1

===========================================================================================
----------------- testing Wed Nov 14 02:49:56 UTC 2018 /home/travis/build/icyphy/ptII/ptolemy/domains/sdf/test/auto/initProductionInference.xml
----------------- Instantiating /home/travis/build/icyphy/ptII/ptolemy/domains/sdf/test/auto/initProductionInference.xml
7 ms. Memory: 874496K Free: 345706K (40%)
----------------- Invoking toplevel() on ptolemy.moml.MoMLSimpleApplication@22703b2a
----------------- Done invoking toplevel() on ptolemy.moml.MoMLSimpleApplication@22703b2a
reloadAllAccessors: .initProductionInference

===========================================================================================
----------------- testing Wed Nov 14 02:49:56 UTC 2018 /home/travis/build/icyphy/ptII/ptolemy/domains/sdf/test/auto/relationGroup.xml
----------------- Instantiating /home/travis/build/icyphy/ptII/ptolemy/domains/sdf/test/auto/relationGroup.xml
2 ms. Memory: 874496K Free: 329988K (38%)
----------------- Invoking toplevel() on ptolemy.moml.MoMLSimpleApplication@3cffeff8
----------------- Done invoking toplevel() on ptolemy.moml.MoMLSimpleApplication@3cffeff8
reloadAllAccessors: .relationGroup

===========================================================================================
----------------- testing Wed Nov 14 02:49:56 UTC 2018 /home/travis/build/icyphy/ptII/ptolemy/domains/sdf/test/auto/relationGroup10.xml
----------------- Instantiating /home/travis/build/icyphy/ptII/ptolemy/domains/sdf/test/auto/relationGroup10.xml
2 ms. Memory: 874496K Free: 314269K (36%)
----------------- Invoking toplevel() on ptolemy.moml.MoMLSimpleApplication@3814021f
----------------- Done invoking toplevel() on ptolemy.moml.MoMLSimpleApplication@3814021f
reloadAllAccessors: .relationGroup10

===========================================================================================
----------------- testing Wed Nov 14 02:49:56 UTC 2018 /home/travis/build/icyphy/ptII/ptolemy/domains/sdf/test/auto/relationGroup11.xml
----------------- Instantiating /home/travis/build/icyphy/ptII/ptolemy/domains/sdf/test/auto/relationGroup11.xml
2 ms. Memory: 874496K Free: 296500K (34%)
----------------- Invoking toplevel() on ptolemy.moml.MoMLSimpleApplication@30b7d65c
----------------- Done invoking toplevel() on ptolemy.moml.MoMLSimpleApplication@30b7d65c
reloadAllAccessors: .relationGroup11

===========================================================================================
----------------- testing Wed Nov 14 02:49:56 UTC 2018 /home/travis/build/icyphy/ptII/ptolemy/domains/sdf/test/auto/relationGroup12.xml
----------------- Instantiating /home/travis/build/icyphy/ptII/ptolemy/domains/sdf/test/auto/relationGroup12.xml
3 ms. Memory: 874496K Free: 280781K (32%)
----------------- Invoking toplevel() on ptolemy.moml.MoMLSimpleApplication@1b2cb62b
----------------- Done invoking toplevel() on ptolemy.moml.MoMLSimpleApplication@1b2cb62b
reloadAllAccessors: .relationGroup12

===========================================================================================
----------------- testing Wed Nov 14 02:49:56 UTC 2018 /home/travis/build/icyphy/ptII/ptolemy/domains/sdf/test/auto/relationGroup13.xml
----------------- Instantiating /home/travis/build/icyphy/ptII/ptolemy/domains/sdf/test/auto/relationGroup13.xml
9 ms. Memory: 874496K Free: 265063K (30%)
----------------- Invoking toplevel() on ptolemy.moml.MoMLSimpleApplication@16f5759
----------------- Done invoking toplevel() on ptolemy.moml.MoMLSimpleApplication@16f5759
reloadAllAccessors: .relationGroup13

===========================================================================================
----------------- testing Wed Nov 14 02:49:56 UTC 2018 /home/travis/build/icyphy/ptII/ptolemy/domains/sdf/test/auto/relationGroup14.xml
----------------- Instantiating /home/travis/build/icyphy/ptII/ptolemy/domains/sdf/test/auto/relationGroup14.xml
3 ms. Memory: 874496K Free: 249344K (29%)
----------------- Invoking toplevel() on ptolemy.moml.MoMLSimpleApplication@3109e185
----------------- Done invoking toplevel() on ptolemy.moml.MoMLSimpleApplication@3109e185
reloadAllAccessors: .relationGroup14

===========================================================================================
----------------- testing Wed Nov 14 02:49:56 UTC 2018 /home/travis/build/icyphy/ptII/ptolemy/domains/sdf/test/auto/relationGroup15.xml
----------------- Instantiating /home/travis/build/icyphy/ptII/ptolemy/domains/sdf/test/auto/relationGroup15.xml
1 ms. Memory: 874496K Free: 233626K (27%)
----------------- Invoking toplevel() on ptolemy.moml.MoMLSimpleApplication@5c228698
----------------- Done invoking toplevel() on ptolemy.moml.MoMLSimpleApplication@5c228698
reloadAllAccessors: .relationGroup15

===========================================================================================
----------------- testing Wed Nov 14 02:49:56 UTC 2018 /home/travis/build/icyphy/ptII/ptolemy/domains/sdf/test/auto/relationGroup2.xml
----------------- Instantiating /home/travis/build/icyphy/ptII/ptolemy/domains/sdf/test/auto/relationGroup2.xml
2 ms. Memory: 874496K Free: 217908K (25%)
----------------- Invoking toplevel() on ptolemy.moml.MoMLSimpleApplication@6219fa1d
----------------- Done invoking toplevel() on ptolemy.moml.MoMLSimpleApplication@6219fa1d
reloadAllAccessors: .relationGroup2

===========================================================================================
----------------- testing Wed Nov 14 02:49:56 UTC 2018 /home/travis/build/icyphy/ptII/ptolemy/domains/sdf/test/auto/relationGroup3.xml
----------------- Instantiating /home/travis/build/icyphy/ptII/ptolemy/domains/sdf/test/auto/relationGroup3.xml
2 ms. Memory: 874496K Free: 200138K (23%)
----------------- Invoking toplevel() on ptolemy.moml.MoMLSimpleApplication@1c3c487e
----------------- Done invoking toplevel() on ptolemy.moml.MoMLSimpleApplication@1c3c487e
reloadAllAccessors: .relationGroup3

===========================================================================================
----------------- testing Wed Nov 14 02:49:56 UTC 2018 /home/travis/build/icyphy/ptII/ptolemy/domains/sdf/test/auto/relationGroup4.xml
----------------- Instantiating /home/travis/build/icyphy/ptII/ptolemy/domains/sdf/test/auto/relationGroup4.xml
5 ms. Memory: 874496K Free: 184420K (21%)
----------------- Invoking toplevel() on ptolemy.moml.MoMLSimpleApplication@5df2dc97
----------------- Done invoking toplevel() on ptolemy.moml.MoMLSimpleApplication@5df2dc97
reloadAllAccessors: .relationGroup4

===========================================================================================
----------------- testing Wed Nov 14 02:49:56 UTC 2018 /home/travis/build/icyphy/ptII/ptolemy/domains/sdf/test/auto/relationGroup5.xml
----------------- Instantiating /home/travis/build/icyphy/ptII/ptolemy/domains/sdf/test/auto/relationGroup5.xml
3 ms. Memory: 874496K Free: 168701K (19%)
----------------- Invoking toplevel() on ptolemy.moml.MoMLSimpleApplication@48e8b7d8
----------------- Done invoking toplevel() on ptolemy.moml.MoMLSimpleApplication@48e8b7d8
reloadAllAccessors: .relationGroup5

===========================================================================================
----------------- testing Wed Nov 14 02:49:56 UTC 2018 /home/travis/build/icyphy/ptII/ptolemy/domains/sdf/test/auto/relationGroup6.xml
----------------- Instantiating /home/travis/build/icyphy/ptII/ptolemy/domains/sdf/test/auto/relationGroup6.xml
2 ms. Memory: 874496K Free: 152983K (17%)
----------------- Invoking toplevel() on ptolemy.moml.MoMLSimpleApplication@2487a44c
----------------- Done invoking toplevel() on ptolemy.moml.MoMLSimpleApplication@2487a44c
reloadAllAccessors: .relationGroup6

===========================================================================================
----------------- testing Wed Nov 14 02:49:56 UTC 2018 /home/travis/build/icyphy/ptII/ptolemy/domains/sdf/test/auto/relationGroup7.xml
----------------- Instantiating /home/travis/build/icyphy/ptII/ptolemy/domains/sdf/test/auto/relationGroup7.xml
2 ms. Memory: 874496K Free: 137264K (16%)
----------------- Invoking toplevel() on ptolemy.moml.MoMLSimpleApplication@b1a81bb
----------------- Done invoking toplevel() on ptolemy.moml.MoMLSimpleApplication@b1a81bb
reloadAllAccessors: .relationGroup7

===========================================================================================
----------------- testing Wed Nov 14 02:49:56 UTC 2018 /home/travis/build/icyphy/ptII/ptolemy/domains/sdf/test/auto/relationGroup8.xml
----------------- Instantiating /home/travis/build/icyphy/ptII/ptolemy/domains/sdf/test/auto/relationGroup8.xml
1 ms. Memory: 874496K Free: 121546K (14%)
----------------- Invoking toplevel() on ptolemy.moml.MoMLSimpleApplication@4df4b677
----------------- Done invoking toplevel() on ptolemy.moml.MoMLSimpleApplication@4df4b677
reloadAllAccessors: .relationGroup8

===========================================================================================
----------------- testing Wed Nov 14 02:49:56 UTC 2018 /home/travis/build/icyphy/ptII/ptolemy/domains/sdf/test/auto/relationGroup9.xml
----------------- Instantiating /home/travis/build/icyphy/ptII/ptolemy/domains/sdf/test/auto/relationGroup9.xml
5 ms. Memory: 874496K Free: 103776K (12%)
----------------- Invoking toplevel() on ptolemy.moml.MoMLSimpleApplication@75f66e48
----------------- Done invoking toplevel() on ptolemy.moml.MoMLSimpleApplication@75f66e48
reloadAllAccessors: .relationGroup9

===========================================================================================
----------------- testing Wed Nov 14 02:49:56 UTC 2018 /home/travis/build/icyphy/ptII/ptolemy/domains/sdf/test/auto/sdf_inside_de.xml
----------------- Instantiating /home/travis/build/icyphy/ptII/ptolemy/domains/sdf/test/auto/sdf_inside_de.xml
18 ms. Memory: 874496K Free: 88058K (10%)
----------------- Invoking toplevel() on ptolemy.moml.MoMLSimpleApplication@4dc032d3
----------------- Done invoking toplevel() on ptolemy.moml.MoMLSimpleApplication@4dc032d3
reloadAllAccessors: .sdf_inside_de

===========================================================================================
----------------- testing Wed Nov 14 02:49:56 UTC 2018 /home/travis/build/icyphy/ptII/ptolemy/domains/sdf/test/auto/sdf_inside_pn.xml
----------------- Instantiating /home/travis/build/icyphy/ptII/ptolemy/domains/sdf/test/auto/sdf_inside_pn.xml
31 ms. Memory: 830464K Free: 784640K (94%)
----------------- Invoking toplevel() on ptolemy.moml.MoMLSimpleApplication@148e39be
----------------- Done invoking toplevel() on ptolemy.moml.MoMLSimpleApplication@148e39be
reloadAllAccessors: .sdf_inside_pn

===========================================================================================
----------------- testing Wed Nov 14 02:49:56 UTC 2018 /home/travis/build/icyphy/ptII/ptolemy/domains/sdf/test/auto/sdf_sdf1.xml
----------------- Instantiating /home/travis/build/icyphy/ptII/ptolemy/domains/sdf/test/auto/sdf_sdf1.xml
4 ms. Memory: 830464K Free: 769564K (93%)
----------------- Invoking toplevel() on ptolemy.moml.MoMLSimpleApplication@68f36a3e
----------------- Done invoking toplevel() on ptolemy.moml.MoMLSimpleApplication@68f36a3e
reloadAllAccessors: .sdf_sdf1

===========================================================================================
----------------- testing Wed Nov 14 02:49:56 UTC 2018 /home/travis/build/icyphy/ptII/ptolemy/domains/sdf/test/auto/test1.xml
----------------- Instantiating /home/travis/build/icyphy/ptII/ptolemy/domains/sdf/test/auto/test1.xml
2 ms. Memory: 830464K Free: 759583K (91%)
----------------- Invoking toplevel() on ptolemy.moml.MoMLSimpleApplication@3cd02dac
----------------- Done invoking toplevel() on ptolemy.moml.MoMLSimpleApplication@3cd02dac
reloadAllAccessors: .test1

===========================================================================================
----------------- testing Wed Nov 14 02:49:56 UTC 2018 /home/travis/build/icyphy/ptII/ptolemy/domains/sdf/test/auto/time1.xml
----------------- Instantiating /home/travis/build/icyphy/ptII/ptolemy/domains/sdf/test/auto/time1.xml
1 ms. Memory: 830464K Free: 749603K (90%)
----------------- Invoking toplevel() on ptolemy.moml.MoMLSimpleApplication@70223f15
----------------- Done invoking toplevel() on ptolemy.moml.MoMLSimpleApplication@70223f15
reloadAllAccessors: .time1

===========================================================================================
----------------- testing Wed Nov 14 02:49:56 UTC 2018 /home/travis/build/icyphy/ptII/ptolemy/domains/sdf/test/auto/time2.xml
----------------- Instantiating /home/travis/build/icyphy/ptII/ptolemy/domains/sdf/test/auto/time2.xml
2 ms. Memory: 830464K Free: 738269K (89%)
----------------- Invoking toplevel() on ptolemy.moml.MoMLSimpleApplication@22760a97
----------------- Done invoking toplevel() on ptolemy.moml.MoMLSimpleApplication@22760a97
reloadAllAccessors: .time2

===========================================================================================
----------------- testing Wed Nov 14 02:49:56 UTC 2018 /home/travis/build/icyphy/ptII/ptolemy/domains/sdf/test/auto/time3.xml
----------------- Instantiating /home/travis/build/icyphy/ptII/ptolemy/domains/sdf/test/auto/time3.xml
6 ms. Memory: 830464K Free: 728289K (88%)
----------------- Invoking toplevel() on ptolemy.moml.MoMLSimpleApplication@ecd52e
----------------- Done invoking toplevel() on ptolemy.moml.MoMLSimpleApplication@ecd52e
reloadAllAccessors: .time3

===========================================================================================
----------------- testing Wed Nov 14 02:49:56 UTC 2018 /home/travis/build/icyphy/ptII/ptolemy/domains/sdf/test/auto/time4.xml
----------------- Instantiating /home/travis/build/icyphy/ptII/ptolemy/domains/sdf/test/auto/time4.xml
3 ms. Memory: 830464K Free: 718308K (86%)
----------------- Invoking toplevel() on ptolemy.moml.MoMLSimpleApplication@71c3b379
----------------- Done invoking toplevel() on ptolemy.moml.MoMLSimpleApplication@71c3b379
reloadAllAccessors: .time4

===========================================================================================
----------------- testing Wed Nov 14 02:49:56 UTC 2018 /home/travis/build/icyphy/ptII/ptolemy/domains/sdf/test/auto/time5.xml
----------------- Instantiating /home/travis/build/icyphy/ptII/ptolemy/domains/sdf/test/auto/time5.xml
4002 ms. Memory: 830464K Free: 708327K (85%)
----------------- Invoking toplevel() on ptolemy.moml.MoMLSimpleApplication@23176d2e
----------------- Done invoking toplevel() on ptolemy.moml.MoMLSimpleApplication@23176d2e
reloadAllAccessors: .time5

===========================================================================================
----------------- testing Wed Nov 14 02:50:00 UTC 2018 /home/travis/build/icyphy/ptII/ptolemy/domains/sdf/test/auto/typeSystem_Const_Integer_smallest_Type.xml
----------------- Instantiating /home/travis/build/icyphy/ptII/ptolemy/domains/sdf/test/auto/typeSystem_Const_Integer_smallest_Type.xml
5 ms. Memory: 830464K Free: 696994K (84%)
----------------- Invoking toplevel() on ptolemy.moml.MoMLSimpleApplication@141fa211
----------------- Done invoking toplevel() on ptolemy.moml.MoMLSimpleApplication@141fa211
reloadAllAccessors: .typeSystem_Const_Integer_smallest_Type

===========================================================================================
----------------- testing Wed Nov 14 02:50:00 UTC 2018 /home/travis/build/icyphy/ptII/ptolemy/domains/sdf/test/auto/typeSystem_declared_Inports_OutportTypeException.xml
----------------- Instantiating /home/travis/build/icyphy/ptII/ptolemy/domains/sdf/test/auto/typeSystem_declared_Inports_OutportTypeException.xml
.typeSystem_declared_Inports_OutportTypeException.TestExceptionAttribute: initialize() was not invoked, but wrapup() was.  This is unusual, but not always a problem.  For example, exporting JNLP will do this.
2 ms. Memory: 830464K Free: 687013K (83%)
----------------- Invoking toplevel() on ptolemy.moml.MoMLSimpleApplication@252bb0b2
----------------- Done invoking toplevel() on ptolemy.moml.MoMLSimpleApplication@252bb0b2
reloadAllAccessors: .typeSystem_declared_Inports_OutportTypeException

===========================================================================================
----------------- testing Wed Nov 14 02:50:00 UTC 2018 /home/travis/build/icyphy/ptII/ptolemy/domains/sdf/test/auto/typeSystem_oneDeclaredInportType_wrongTypeOutport.xml
----------------- Instantiating /home/travis/build/icyphy/ptII/ptolemy/domains/sdf/test/auto/typeSystem_oneDeclaredInportType_wrongTypeOutport.xml
3 ms. Memory: 830464K Free: 677033K (82%)
----------------- Invoking toplevel() on ptolemy.moml.MoMLSimpleApplication@428bc51c
----------------- Done invoking toplevel() on ptolemy.moml.MoMLSimpleApplication@428bc51c
reloadAllAccessors: .typeSystem_oneDeclaredInportType_wrongTypeOutport

===========================================================================================
----------------- testing Wed Nov 14 02:50:00 UTC 2018 /home/travis/build/icyphy/ptII/ptolemy/domains/sdf/test/auto/width.xml
----------------- Instantiating /home/travis/build/icyphy/ptII/ptolemy/domains/sdf/test/auto/width.xml
1 ms. Memory: 830464K Free: 665699K (80%)
----------------- Invoking toplevel() on ptolemy.moml.MoMLSimpleApplication@7934efa4
----------------- Done invoking toplevel() on ptolemy.moml.MoMLSimpleApplication@7934efa4
reloadAllAccessors: .width

===========================================================================================
----------------- testing Wed Nov 14 02:50:00 UTC 2018 /home/travis/build/icyphy/ptII/ptolemy/domains/sdf/test/auto/width2.xml
----------------- Instantiating /home/travis/build/icyphy/ptII/ptolemy/domains/sdf/test/auto/width2.xml
32 ms. Memory: 830464K Free: 655719K (79%)
----------------- Invoking toplevel() on ptolemy.moml.MoMLSimpleApplication@123cf501
----------------- Done invoking toplevel() on ptolemy.moml.MoMLSimpleApplication@123cf501
reloadAllAccessors: .width2

===========================================================================================
----------------- testing Wed Nov 14 02:50:00 UTC 2018 /home/travis/build/icyphy/ptII/ptolemy/domains/sdf/test/auto/width3.xml
----------------- Instantiating /home/travis/build/icyphy/ptII/ptolemy/domains/sdf/test/auto/width3.xml
31 ms. Memory: 830464K Free: 645738K (78%)
----------------- Invoking toplevel() on ptolemy.moml.MoMLSimpleApplication@74a650fb
----------------- Done invoking toplevel() on ptolemy.moml.MoMLSimpleApplication@74a650fb
reloadAllAccessors: .width3
AutoTests.java: About to close Vertx.
AutoTests.java: Vertx closed.
]]></system-out>
  <system-err><![CDATA[java.lang.RuntimeException: Execution failed
	at ptolemy.moml.MoMLSimpleApplication$UnloadThread.run(MoMLSimpleApplication.java:402)
Caused by: ptolemy.actor.sched.NotSchedulableException: No solution exists for the balance equations.
Graph is not consistent under the SDF domain detected on external port .rateConsistency.actor.port2
  in .rateConsistency.SDF Director.Scheduler
	at ptolemy.domains.sdf.kernel.SDFScheduler._propagatePort(SDFScheduler.java:1425)
	at ptolemy.domains.sdf.kernel.SDFScheduler._solveBalanceEquations(SDFScheduler.java:710)
	at ptolemy.domains.sdf.kernel.SDFScheduler._getSchedule(SDFScheduler.java:566)
	at ptolemy.actor.sched.Scheduler.getSchedule(Scheduler.java:189)
	at ptolemy.domains.sdf.kernel.SDFDirector.createSchedule(SDFDirector.java:408)
	at ptolemy.domains.sdf.kernel.SDFDirector.preinitialize(SDFDirector.java:764)
	at ptolemy.actor.CompositeActor.preinitialize(CompositeActor.java:1828)
	at ptolemy.actor.Manager.preinitializeAndResolveTypes(Manager.java:1040)
	at ptolemy.actor.Manager.initialize(Manager.java:710)
	at ptolemy.actor.Manager.execute(Manager.java:356)
	at ptolemy.actor.Manager.run(Manager.java:1263)
	at ptolemy.actor.Manager$PtolemyRunThread.run(Manager.java:1915)
java.lang.RuntimeException: Execution failed
	at ptolemy.moml.MoMLSimpleApplication$UnloadThread.run(MoMLSimpleApplication.java:402)
Caused by: ptolemy.kernel.util.IllegalActionException: Failed to compute schedule:
  in .badRateChanges.typed composite actor.SDF Director
Because:
The SDF rate parameter may change. This is not allowed in SDF models that will be run through the code generator.  If you don't care about code generation, then you might consider setting the allowRateChanges parameter of the SDF director to false.
  in .badRateChanges.typed composite actor.Repeat.output.tokenProductionRate
	at ptolemy.domains.sdf.kernel.SDFDirector.createSchedule(SDFDirector.java:418)
	at ptolemy.domains.sdf.kernel.SDFDirector.preinitialize(SDFDirector.java:764)
	at ptolemy.actor.CompositeActor.preinitialize(CompositeActor.java:1828)
	at ptolemy.actor.Director.preinitialize(Director.java:1302)
	at ptolemy.actor.Director.preinitialize(Director.java:1257)
	at ptolemy.domains.sdf.kernel.SDFDirector.preinitialize(SDFDirector.java:763)
	at ptolemy.actor.CompositeActor.preinitialize(CompositeActor.java:1828)
	at ptolemy.actor.Manager.preinitializeAndResolveTypes(Manager.java:1040)
	at ptolemy.actor.Manager.initialize(Manager.java:710)
	at ptolemy.actor.Manager.execute(Manager.java:356)
	at ptolemy.actor.Manager.run(Manager.java:1263)
	at ptolemy.actor.Manager$PtolemyRunThread.run(Manager.java:1915)
Caused by: ptolemy.kernel.util.IllegalActionException: The SDF rate parameter may change. This is not allowed in SDF models that will be run through the code generator.  If you don't care about code generation, then you might consider setting the allowRateChanges parameter of the SDF director to false.
  in .badRateChanges.typed composite actor.Repeat.output.tokenProductionRate
	at ptolemy.domains.sdf.kernel.SDFScheduler._assertDynamicRateVariable(SDFScheduler.java:931)
	at ptolemy.domains.sdf.kernel.SDFScheduler._checkDynamicRateVariables(SDFScheduler.java:339)
	at ptolemy.domains.sdf.kernel.SDFScheduler._getSchedule(SDFScheduler.java:527)
	at ptolemy.actor.sched.Scheduler.getSchedule(Scheduler.java:189)
	at ptolemy.domains.sdf.kernel.SDFDirector.createSchedule(SDFDirector.java:408)
	... 11 more
java.lang.RuntimeException: Execution failed
	at ptolemy.moml.MoMLSimpleApplication$UnloadThread.run(MoMLSimpleApplication.java:402)
Caused by: ptolemy.kernel.util.IllegalActionException: Failed to compute schedule:
  in .badRateChanges2.typed composite actor.SDF Director
Because:
The SDF rate parameter may change. This is not allowed in SDF models that will be run through the code generator.  If you don't care about code generation, then you might consider setting the allowRateChanges parameter of the SDF director to false.
  in .badRateChanges2.typed composite actor.Repeat.output.tokenProductionRate
	at ptolemy.domains.sdf.kernel.SDFDirector.createSchedule(SDFDirector.java:418)
	at ptolemy.domains.sdf.kernel.SDFDirector.preinitialize(SDFDirector.java:764)
	at ptolemy.actor.CompositeActor.preinitialize(CompositeActor.java:1828)
	at ptolemy.actor.Director.preinitialize(Director.java:1302)
	at ptolemy.actor.Director.preinitialize(Director.java:1257)
	at ptolemy.domains.sdf.kernel.SDFDirector.preinitialize(SDFDirector.java:763)
	at ptolemy.actor.CompositeActor.preinitialize(CompositeActor.java:1828)
	at ptolemy.actor.Manager.preinitializeAndResolveTypes(Manager.java:1040)
	at ptolemy.actor.Manager.initialize(Manager.java:710)
	at ptolemy.actor.Manager.execute(Manager.java:356)
	at ptolemy.actor.Manager.run(Manager.java:1263)
	at ptolemy.actor.Manager$PtolemyRunThread.run(Manager.java:1915)
Caused by: ptolemy.kernel.util.IllegalActionException: The SDF rate parameter may change. This is not allowed in SDF models that will be run through the code generator.  If you don't care about code generation, then you might consider setting the allowRateChanges parameter of the SDF director to false.
  in .badRateChanges2.typed composite actor.Repeat.output.tokenProductionRate
	at ptolemy.domains.sdf.kernel.SDFScheduler._assertDynamicRateVariable(SDFScheduler.java:931)
	at ptolemy.domains.sdf.kernel.SDFScheduler._checkDynamicRateVariables(SDFScheduler.java:339)
	at ptolemy.domains.sdf.kernel.SDFScheduler._getSchedule(SDFScheduler.java:527)
	at ptolemy.actor.sched.Scheduler.getSchedule(Scheduler.java:189)
	at ptolemy.domains.sdf.kernel.SDFDirector.createSchedule(SDFDirector.java:408)
	... 11 more
java.lang.RuntimeException: Execution failed
	at ptolemy.moml.MoMLSimpleApplication$UnloadThread.run(MoMLSimpleApplication.java:402)
Caused by: ptolemy.actor.sched.NotSchedulableException: Actors remain that cannot be scheduled!

There are several possible reasons:
* SDF Graphs with feedback loops should have an actor with a delay in the loop, such as a SampleDelay.
* The SDF director has an "allowDisconnectedGraphs"parameter, which, when true, permits disconnected SDF graphs.
* The token consumption rate and production rates might be mismatched.
Usually, actors produce one token or consume one token on a port.  To produce or consume multiple tokens per firing, add a "tokenConsumptionRate" or "tokenProductionRate" parameter to the appropriate port.
Unscheduled actors:
.partiallyConnected.Const2 
Scheduled actors:
.partiallyConnected.Const 
  in .partiallyConnected.SDF Director.Scheduler
	at ptolemy.domains.sdf.kernel.SDFScheduler._scheduleConnectedActors(SDFScheduler.java:1828)
	at ptolemy.domains.sdf.kernel.SDFScheduler._getSchedule(SDFScheduler.java:587)
	at ptolemy.actor.sched.Scheduler.getSchedule(Scheduler.java:189)
	at ptolemy.domains.sdf.kernel.SDFDirector.createSchedule(SDFDirector.java:408)
	at ptolemy.domains.sdf.kernel.SDFDirector.preinitialize(SDFDirector.java:764)
	at ptolemy.actor.CompositeActor.preinitialize(CompositeActor.java:1828)
	at ptolemy.actor.Manager.preinitializeAndResolveTypes(Manager.java:1040)
	at ptolemy.actor.Manager.initialize(Manager.java:710)
	at ptolemy.actor.Manager.execute(Manager.java:356)
	at ptolemy.actor.Manager.run(Manager.java:1263)
	at ptolemy.actor.Manager$PtolemyRunThread.run(Manager.java:1915)
]]></system-err>
</testsuite>
