<?xml version="1.0" encoding="UTF-8" ?>
<testsuite errors="0" failures="0" hostname="travis-job-b238c892-5ae1-4054-90d1-0146dcfc3aa7" name="ptolemy.domains.modal.test.junit.JUnitTclTest" skipped="0" tests="148" time="9.957" timestamp="2018-08-17T01:58:04">
  <properties>
[...]
</properties>
  <testcase classname="ptolemy.util.test.junit.TclTests" name="[0] /home/travis/build/icyphy/ptII/ptolemy/domains/modal/test/SystemLevelType.tcl (RunTclFile)" time="1.771" />
  <testcase classname="ptolemy.util.test.junit.AutoKnownFailedTests" name="[0] /home/travis/build/icyphy/ptII/ptolemy/domains/modal/test/auto/knownFailedTests/CannotAnalysisWithPreemption.xml (RunModel)" time="0.179" />
  <testcase classname="ptolemy.util.test.junit.AutoNameArchTests" name="[0] ThereAreNoAutoArchTests (RunModel)" time="0.008" />
  <testcase classname="ptolemy.util.test.junit.AutoTests" name="[0] /home/travis/build/icyphy/ptII/ptolemy/domains/modal/test/auto/ABPTest.xml (RunModel)" time="0.695" />
  <testcase classname="ptolemy.util.test.junit.AutoTests" name="[1] /home/travis/build/icyphy/ptII/ptolemy/domains/modal/test/auto/ABROFlat.xml (RunModel)" time="0.082" />
  <testcase classname="ptolemy.util.test.junit.AutoTests" name="[2] /home/travis/build/icyphy/ptII/ptolemy/domains/modal/test/auto/ABROFlat2.xml (RunModel)" time="0.079" />
  <testcase classname="ptolemy.util.test.junit.AutoTests" name="[3] /home/travis/build/icyphy/ptII/ptolemy/domains/modal/test/auto/ABRO_present_hmm.xml (RunModel)" time="0.146" />
  <testcase classname="ptolemy.util.test.junit.AutoTests" name="[4] /home/travis/build/icyphy/ptII/ptolemy/domains/modal/test/auto/AMICoderExample.xml (RunModel)" time="0.052" />
  <testcase classname="ptolemy.util.test.junit.AutoTests" name="[5] /home/travis/build/icyphy/ptII/ptolemy/domains/modal/test/auto/AbsentToPresent.xml (RunModel)" time="0.021" />
  <testcase classname="ptolemy.util.test.junit.AutoTests" name="[6] /home/travis/build/icyphy/ptII/ptolemy/domains/modal/test/auto/Blending.xml (RunModel)" time="0.267" />
  <testcase classname="ptolemy.util.test.junit.AutoTests" name="[7] /home/travis/build/icyphy/ptII/ptolemy/domains/modal/test/auto/Broadcast.xml (RunModel)" time="0.063" />
  <testcase classname="ptolemy.util.test.junit.AutoTests" name="[8] /home/travis/build/icyphy/ptII/ptolemy/domains/modal/test/auto/BroadcastHierarchy.xml (RunModel)" time="0.073" />
  <testcase classname="ptolemy.util.test.junit.AutoTests" name="[9] /home/travis/build/icyphy/ptII/ptolemy/domains/modal/test/auto/BroadcastHierarchy2.xml (RunModel)" time="0.137" />
  <testcase classname="ptolemy.util.test.junit.AutoTests" name="[10] /home/travis/build/icyphy/ptII/ptolemy/domains/modal/test/auto/BroadcastHierarchy3.xml (RunModel)" time="0.107" />
  <testcase classname="ptolemy.util.test.junit.AutoTests" name="[11] /home/travis/build/icyphy/ptII/ptolemy/domains/modal/test/auto/BroadcastHierarchy4.xml (RunModel)" time="0.099" />
  <testcase classname="ptolemy.util.test.junit.AutoTests" name="[12] /home/travis/build/icyphy/ptII/ptolemy/domains/modal/test/auto/CannotAnalysisWithPreemption2.xml (RunModel)" time="0.037" />
  <testcase classname="ptolemy.util.test.junit.AutoTests" name="[13] /home/travis/build/icyphy/ptII/ptolemy/domains/modal/test/auto/CannotAnalysisWithPreemption3.xml (RunModel)" time="0.043" />
  <testcase classname="ptolemy.util.test.junit.AutoTests" name="[14] /home/travis/build/icyphy/ptII/ptolemy/domains/modal/test/auto/CannotProduce.xml (RunModel)" time="0.035" />
  <testcase classname="ptolemy.util.test.junit.AutoTests" name="[15] /home/travis/build/icyphy/ptII/ptolemy/domains/modal/test/auto/CannotProduceModal.xml (RunModel)" time="0.04" />
  <testcase classname="ptolemy.util.test.junit.AutoTests" name="[16] /home/travis/build/icyphy/ptII/ptolemy/domains/modal/test/auto/Case.xml (RunModel)" time="0.081" />
  <testcase classname="ptolemy.util.test.junit.AutoTests" name="[17] /home/travis/build/icyphy/ptII/ptolemy/domains/modal/test/auto/Case1.xml (RunModel)" time="0.047" />
  <testcase classname="ptolemy.util.test.junit.AutoTests" name="[18] /home/travis/build/icyphy/ptII/ptolemy/domains/modal/test/auto/Case2.xml (RunModel)" time="0.07" />
  <testcase classname="ptolemy.util.test.junit.AutoTests" name="[19] /home/travis/build/icyphy/ptII/ptolemy/domains/modal/test/auto/CausalityInterface1.xml (RunModel)" time="0.032" />
  <testcase classname="ptolemy.util.test.junit.AutoTests" name="[20] /home/travis/build/icyphy/ptII/ptolemy/domains/modal/test/auto/CausalityInterface10.xml (RunModel)" time="0.059" />
  <testcase classname="ptolemy.util.test.junit.AutoTests" name="[21] /home/travis/build/icyphy/ptII/ptolemy/domains/modal/test/auto/CausalityInterface11.xml (RunModel)" time="0.061" />
  <testcase classname="ptolemy.util.test.junit.AutoTests" name="[22] /home/travis/build/icyphy/ptII/ptolemy/domains/modal/test/auto/CausalityInterface12.xml (RunModel)" time="0.045" />
  <testcase classname="ptolemy.util.test.junit.AutoTests" name="[23] /home/travis/build/icyphy/ptII/ptolemy/domains/modal/test/auto/CausalityInterface13.xml (RunModel)" time="0.043" />
  <testcase classname="ptolemy.util.test.junit.AutoTests" name="[24] /home/travis/build/icyphy/ptII/ptolemy/domains/modal/test/auto/CausalityInterface14.xml (RunModel)" time="0.051" />
  <testcase classname="ptolemy.util.test.junit.AutoTests" name="[25] /home/travis/build/icyphy/ptII/ptolemy/domains/modal/test/auto/CausalityInterface2.xml (RunModel)" time="0.026" />
  <testcase classname="ptolemy.util.test.junit.AutoTests" name="[26] /home/travis/build/icyphy/ptII/ptolemy/domains/modal/test/auto/CausalityInterface3.xml (RunModel)" time="0.034" />
  <testcase classname="ptolemy.util.test.junit.AutoTests" name="[27] /home/travis/build/icyphy/ptII/ptolemy/domains/modal/test/auto/CausalityInterface4.xml (RunModel)" time="0.038" />
  <testcase classname="ptolemy.util.test.junit.AutoTests" name="[28] /home/travis/build/icyphy/ptII/ptolemy/domains/modal/test/auto/CausalityInterface5.xml (RunModel)" time="0.03" />
  <testcase classname="ptolemy.util.test.junit.AutoTests" name="[29] /home/travis/build/icyphy/ptII/ptolemy/domains/modal/test/auto/CausalityInterface6.xml (RunModel)" time="0.04" />
  <testcase classname="ptolemy.util.test.junit.AutoTests" name="[30] /home/travis/build/icyphy/ptII/ptolemy/domains/modal/test/auto/CausalityInterface7.xml (RunModel)" time="0.05" />
  <testcase classname="ptolemy.util.test.junit.AutoTests" name="[31] /home/travis/build/icyphy/ptII/ptolemy/domains/modal/test/auto/CausalityInterface8.xml (RunModel)" time="0.031" />
  <testcase classname="ptolemy.util.test.junit.AutoTests" name="[32] /home/travis/build/icyphy/ptII/ptolemy/domains/modal/test/auto/CausalityInterface9.xml (RunModel)" time="0.032" />
  <testcase classname="ptolemy.util.test.junit.AutoTests" name="[33] /home/travis/build/icyphy/ptII/ptolemy/domains/modal/test/auto/ChainedTransitions.xml (RunModel)" time="0.136" />
  <testcase classname="ptolemy.util.test.junit.AutoTests" name="[34] /home/travis/build/icyphy/ptII/ptolemy/domains/modal/test/auto/CycleOfImmediateTransitionsFSM.xml (RunModel)" time="0.021" />
  <testcase classname="ptolemy.util.test.junit.AutoTests" name="[35] /home/travis/build/icyphy/ptII/ptolemy/domains/modal/test/auto/CycleOfImmediateTransitionsModal.xml (RunModel)" time="0.022" />
  <testcase classname="ptolemy.util.test.junit.AutoTests" name="[36] /home/travis/build/icyphy/ptII/ptolemy/domains/modal/test/auto/CycleOfImmediateTransitionsModal2.xml (RunModel)" time="0.031" />
  <testcase classname="ptolemy.util.test.junit.AutoTests" name="[37] /home/travis/build/icyphy/ptII/ptolemy/domains/modal/test/auto/CycleOfImmediateTransitionsModal3.xml (RunModel)" time="0.068" />
  <testcase classname="ptolemy.util.test.junit.AutoTests" name="[38] /home/travis/build/icyphy/ptII/ptolemy/domains/modal/test/auto/DeepModal1.xml (RunModel)" time="0.074" />
  <testcase classname="ptolemy.util.test.junit.AutoTests" name="[39] /home/travis/build/icyphy/ptII/ptolemy/domains/modal/test/auto/DeepModal2.xml (RunModel)" time="0.065" />
  <testcase classname="ptolemy.util.test.junit.AutoTests" name="[40] /home/travis/build/icyphy/ptII/ptolemy/domains/modal/test/auto/DeepModal3.xml (RunModel)" time="0.057" />
  <testcase classname="ptolemy.util.test.junit.AutoTests" name="[41] /home/travis/build/icyphy/ptII/ptolemy/domains/modal/test/auto/DeepModal4.xml (RunModel)" time="0.084" />
  <testcase classname="ptolemy.util.test.junit.AutoTests" name="[42] /home/travis/build/icyphy/ptII/ptolemy/domains/modal/test/auto/Default1.xml (RunModel)" time="0.02" />
  <testcase classname="ptolemy.util.test.junit.AutoTests" name="[43] /home/travis/build/icyphy/ptII/ptolemy/domains/modal/test/auto/Default2.xml (RunModel)" time="0.022" />
  <testcase classname="ptolemy.util.test.junit.AutoTests" name="[44] /home/travis/build/icyphy/ptII/ptolemy/domains/modal/test/auto/Default3.xml (RunModel)" time="0.023" />
  <testcase classname="ptolemy.util.test.junit.AutoTests" name="[45] /home/travis/build/icyphy/ptII/ptolemy/domains/modal/test/auto/Default4.xml (RunModel)" time="0.027" />
  <testcase classname="ptolemy.util.test.junit.AutoTests" name="[46] /home/travis/build/icyphy/ptII/ptolemy/domains/modal/test/auto/Default5.xml (RunModel)" time="0.032" />
  <testcase classname="ptolemy.util.test.junit.AutoTests" name="[47] /home/travis/build/icyphy/ptII/ptolemy/domains/modal/test/auto/EmptyGuard.xml (RunModel)" time="0.035" />
  <testcase classname="ptolemy.util.test.junit.AutoTests" name="[48] /home/travis/build/icyphy/ptII/ptolemy/domains/modal/test/auto/ErrorTransition1.xml (RunModel)" time="0.029" />
  <testcase classname="ptolemy.util.test.junit.AutoTests" name="[49] /home/travis/build/icyphy/ptII/ptolemy/domains/modal/test/auto/ErrorTransition10.xml (RunModel)" time="0.037" />
  <testcase classname="ptolemy.util.test.junit.AutoTests" name="[50] /home/travis/build/icyphy/ptII/ptolemy/domains/modal/test/auto/ErrorTransition11.xml (RunModel)" time="0.034" />
  <testcase classname="ptolemy.util.test.junit.AutoTests" name="[51] /home/travis/build/icyphy/ptII/ptolemy/domains/modal/test/auto/ErrorTransition2.xml (RunModel)" time="0.023" />
  <testcase classname="ptolemy.util.test.junit.AutoTests" name="[52] /home/travis/build/icyphy/ptII/ptolemy/domains/modal/test/auto/ErrorTransition3.xml (RunModel)" time="0.03" />
  <testcase classname="ptolemy.util.test.junit.AutoTests" name="[53] /home/travis/build/icyphy/ptII/ptolemy/domains/modal/test/auto/ErrorTransition4.xml (RunModel)" time="0.036" />
  <testcase classname="ptolemy.util.test.junit.AutoTests" name="[54] /home/travis/build/icyphy/ptII/ptolemy/domains/modal/test/auto/ErrorTransition5.xml (RunModel)" time="0.027" />
  <testcase classname="ptolemy.util.test.junit.AutoTests" name="[55] /home/travis/build/icyphy/ptII/ptolemy/domains/modal/test/auto/ErrorTransition6.xml (RunModel)" time="0.032" />
  <testcase classname="ptolemy.util.test.junit.AutoTests" name="[56] /home/travis/build/icyphy/ptII/ptolemy/domains/modal/test/auto/ErrorTransition7.xml (RunModel)" time="0.039" />
  <testcase classname="ptolemy.util.test.junit.AutoTests" name="[57] /home/travis/build/icyphy/ptII/ptolemy/domains/modal/test/auto/ErrorTransition8.xml (RunModel)" time="0.053" />
  <testcase classname="ptolemy.util.test.junit.AutoTests" name="[58] /home/travis/build/icyphy/ptII/ptolemy/domains/modal/test/auto/ErrorTransition9.xml (RunModel)" time="0.048" />
  <testcase classname="ptolemy.util.test.junit.AutoTests" name="[59] /home/travis/build/icyphy/ptII/ptolemy/domains/modal/test/auto/ExtendedFSM.xml (RunModel)" time="0.029" />
  <testcase classname="ptolemy.util.test.junit.AutoTests" name="[60] /home/travis/build/icyphy/ptII/ptolemy/domains/modal/test/auto/FinalStates.xml (RunModel)" time="0.021" />
  <testcase classname="ptolemy.util.test.junit.AutoTests" name="[61] /home/travis/build/icyphy/ptII/ptolemy/domains/modal/test/auto/FixedPointFSM.xml (RunModel)" time="0.047" />
  <testcase classname="ptolemy.util.test.junit.AutoTests" name="[62] /home/travis/build/icyphy/ptII/ptolemy/domains/modal/test/auto/FixedPointIterationFSMActor.xml (RunModel)" time="0.03" />
  <testcase classname="ptolemy.util.test.junit.AutoTests" name="[63] /home/travis/build/icyphy/ptII/ptolemy/domains/modal/test/auto/FixedPointIterationFSMActor2.xml (RunModel)" time="0.035" />
  <testcase classname="ptolemy.util.test.junit.AutoTests" name="[64] /home/travis/build/icyphy/ptII/ptolemy/domains/modal/test/auto/ForbiddenInstantanousLoop.xml (RunModel)" time="0.032" />
  <testcase classname="ptolemy.util.test.junit.AutoTests" name="[65] /home/travis/build/icyphy/ptII/ptolemy/domains/modal/test/auto/FunctionDependencyOfFSMActorTest.xml (RunModel)" time="0.018" />
  <testcase classname="ptolemy.util.test.junit.AutoTests" name="[66] /home/travis/build/icyphy/ptII/ptolemy/domains/modal/test/auto/GuardExpression.xml (RunModel)" time="0.023" />
  <testcase classname="ptolemy.util.test.junit.AutoTests" name="[67] /home/travis/build/icyphy/ptII/ptolemy/domains/modal/test/auto/GuardNotEvaluated.xml (RunModel)" time="0.03" />
  <testcase classname="ptolemy.util.test.junit.AutoTests" name="[68] /home/travis/build/icyphy/ptII/ptolemy/domains/modal/test/auto/GuardNotEvaluated2.xml (RunModel)" time="0.024" />
  <testcase classname="ptolemy.util.test.junit.AutoTests" name="[69] /home/travis/build/icyphy/ptII/ptolemy/domains/modal/test/auto/GuardOnAbsent.xml (RunModel)" time="0.02" />
  <testcase classname="ptolemy.util.test.junit.AutoTests" name="[70] /home/travis/build/icyphy/ptII/ptolemy/domains/modal/test/auto/HierarchicalFSMTypeInference.xml (RunModel)" time="0.037" />
  <testcase classname="ptolemy.util.test.junit.AutoTests" name="[71] /home/travis/build/icyphy/ptII/ptolemy/domains/modal/test/auto/Hysteresis.xml (RunModel)" time="0.043" />
  <testcase classname="ptolemy.util.test.junit.AutoTests" name="[72] /home/travis/build/icyphy/ptII/ptolemy/domains/modal/test/auto/HysteresisWithDefault.xml (RunModel)" time="0.06" />
  <testcase classname="ptolemy.util.test.junit.AutoTests" name="[73] /home/travis/build/icyphy/ptII/ptolemy/domains/modal/test/auto/HysteresisWithDefault2.xml (RunModel)" time="0.061" />
  <testcase classname="ptolemy.util.test.junit.AutoTests" name="[74] /home/travis/build/icyphy/ptII/ptolemy/domains/modal/test/auto/ImmediateNonConstructiveness.xml (RunModel)" time="0.016" />
  <testcase classname="ptolemy.util.test.junit.AutoTests" name="[75] /home/travis/build/icyphy/ptII/ptolemy/domains/modal/test/auto/ImmediateNonConstructiveness2.xml (RunModel)" time="0.014" />
  <testcase classname="ptolemy.util.test.junit.AutoTests" name="[76] /home/travis/build/icyphy/ptII/ptolemy/domains/modal/test/auto/ImmediateTransitionReset.xml (RunModel)" time="0.028" />
  <testcase classname="ptolemy.util.test.junit.AutoTests" name="[77] /home/travis/build/icyphy/ptII/ptolemy/domains/modal/test/auto/ImmediateTransitions1.xml (RunModel)" time="0.013" />
  <testcase classname="ptolemy.util.test.junit.AutoTests" name="[78] /home/travis/build/icyphy/ptII/ptolemy/domains/modal/test/auto/ImmediateTransitionsInstantaneousCommunication.xml (RunModel)" time="0.028" />
  <testcase classname="ptolemy.util.test.junit.AutoTests" name="[79] /home/travis/build/icyphy/ptII/ptolemy/domains/modal/test/auto/InitialImmediateTransition.xml (RunModel)" time="0.016" />
  <testcase classname="ptolemy.util.test.junit.AutoTests" name="[80] /home/travis/build/icyphy/ptII/ptolemy/domains/modal/test/auto/InitialOutputs.xml (RunModel)" time="0.018" />
  <testcase classname="ptolemy.util.test.junit.AutoTests" name="[81] /home/travis/build/icyphy/ptII/ptolemy/domains/modal/test/auto/InitialStateTransition1.xml (RunModel)" time="0.019" />
  <testcase classname="ptolemy.util.test.junit.AutoTests" name="[82] /home/travis/build/icyphy/ptII/ptolemy/domains/modal/test/auto/InitialStateTransition2.xml (RunModel)" time="0.018" />
  <testcase classname="ptolemy.util.test.junit.AutoTests" name="[83] /home/travis/build/icyphy/ptII/ptolemy/domains/modal/test/auto/InitialStateTransition3.xml (RunModel)" time="0.021" />
  <testcase classname="ptolemy.util.test.junit.AutoTests" name="[84] /home/travis/build/icyphy/ptII/ptolemy/domains/modal/test/auto/InitialStateTransition4.xml (RunModel)" time="0.027" />
  <testcase classname="ptolemy.util.test.junit.AutoTests" name="[85] /home/travis/build/icyphy/ptII/ptolemy/domains/modal/test/auto/MalformedGuardExpressionNotCaught.xml (RunModel)" time="0.016" />
  <testcase classname="ptolemy.util.test.junit.AutoTests" name="[86] /home/travis/build/icyphy/ptII/ptolemy/domains/modal/test/auto/ModalBSC.xml (RunModel)" time="0.073" />
  <testcase classname="ptolemy.util.test.junit.AutoTests" name="[87] /home/travis/build/icyphy/ptII/ptolemy/domains/modal/test/auto/ModalClocks.xml (RunModel)" time="0.064" />
  <testcase classname="ptolemy.util.test.junit.AutoTests" name="[88] /home/travis/build/icyphy/ptII/ptolemy/domains/modal/test/auto/ModalDelay.xml (RunModel)" time="0.046" />
  <testcase classname="ptolemy.util.test.junit.AutoTests" name="[89] /home/travis/build/icyphy/ptII/ptolemy/domains/modal/test/auto/ModalDelay2.xml (RunModel)" time="0.052" />
  <testcase classname="ptolemy.util.test.junit.AutoTests" name="[90] /home/travis/build/icyphy/ptII/ptolemy/domains/modal/test/auto/ModalModelFromMemo.xml (RunModel)" time="0.06" />
  <testcase classname="ptolemy.util.test.junit.AutoTests" name="[91] /home/travis/build/icyphy/ptII/ptolemy/domains/modal/test/auto/ModalModelWithMultirateTransient.xml (RunModel)" time="0.048" />
  <testcase classname="ptolemy.util.test.junit.AutoTests" name="[92] /home/travis/build/icyphy/ptII/ptolemy/domains/modal/test/auto/ModalModelWithReset.xml (RunModel)" time="0.043" />
  <testcase classname="ptolemy.util.test.junit.AutoTests" name="[93] /home/travis/build/icyphy/ptII/ptolemy/domains/modal/test/auto/MouseClickFSM.xml (RunModel)" time="0.04" />
  <testcase classname="ptolemy.util.test.junit.AutoTests" name="[94] /home/travis/build/icyphy/ptII/ptolemy/domains/modal/test/auto/MouseClickFSMModal.xml (RunModel)" time="0.032" />
  <testcase classname="ptolemy.util.test.junit.AutoTests" name="[95] /home/travis/build/icyphy/ptII/ptolemy/domains/modal/test/auto/NonStrictFSM_FeedbackLoop.xml (RunModel)" time="0.048" />
  <testcase classname="ptolemy.util.test.junit.AutoTests" name="[96] /home/travis/build/icyphy/ptII/ptolemy/domains/modal/test/auto/NonStrictFSM_FeedbackLoop_Refinement.xml (RunModel)" time="0.053" />
  <testcase classname="ptolemy.util.test.junit.AutoTests" name="[97] /home/travis/build/icyphy/ptII/ptolemy/domains/modal/test/auto/NonStrictFSM_FeedbackLoop_preemptive.xml (RunModel)" time="0.047" />
  <testcase classname="ptolemy.util.test.junit.AutoTests" name="[98] /home/travis/build/icyphy/ptII/ptolemy/domains/modal/test/auto/NormalTermination.xml (RunModel)" time="0.053" />
  <testcase classname="ptolemy.util.test.junit.AutoTests" name="[99] /home/travis/build/icyphy/ptII/ptolemy/domains/modal/test/auto/Pong.xml (RunModel)" time="0.071" />
  <testcase classname="ptolemy.util.test.junit.AutoTests" name="[100] /home/travis/build/icyphy/ptII/ptolemy/domains/modal/test/auto/Pong_test.xml (RunModel)" time="0.095" />
  <testcase classname="ptolemy.util.test.junit.AutoTests" name="[101] /home/travis/build/icyphy/ptII/ptolemy/domains/modal/test/auto/PreemptionHierarchy.xml (RunModel)" time="0.024" />
  <testcase classname="ptolemy.util.test.junit.AutoTests" name="[102] /home/travis/build/icyphy/ptII/ptolemy/domains/modal/test/auto/PreemptionHierarchy2.xml (RunModel)" time="0.03" />
  <testcase classname="ptolemy.util.test.junit.AutoTests" name="[103] /home/travis/build/icyphy/ptII/ptolemy/domains/modal/test/auto/PreemptiveTransition.xml (RunModel)" time="0.02" />
  <testcase classname="ptolemy.util.test.junit.AutoTests" name="[104] /home/travis/build/icyphy/ptII/ptolemy/domains/modal/test/auto/Priorities.xml (RunModel)" time="0.07" />
  <testcase classname="ptolemy.util.test.junit.AutoTests" name="[105] /home/travis/build/icyphy/ptII/ptolemy/domains/modal/test/auto/ResetFinal.xml (RunModel)" time="0.038" />
  <testcase classname="ptolemy.util.test.junit.AutoTests" name="[106] /home/travis/build/icyphy/ptII/ptolemy/domains/modal/test/auto/ResetFinal2.xml (RunModel)" time="0.027" />
  <testcase classname="ptolemy.util.test.junit.AutoTests" name="[107] /home/travis/build/icyphy/ptII/ptolemy/domains/modal/test/auto/ResetTransitionWithStartTime.xml (RunModel)" time="0.028" />
  <testcase classname="ptolemy.util.test.junit.AutoTests" name="[108] /home/travis/build/icyphy/ptII/ptolemy/domains/modal/test/auto/SDF-FSMComposite.xml (RunModel)" time="0.02" />
  <testcase classname="ptolemy.util.test.junit.AutoTests" name="[109] /home/travis/build/icyphy/ptII/ptolemy/domains/modal/test/auto/SeeminglyNondeterminate.xml (RunModel)" time="0.066" />
  <testcase classname="ptolemy.util.test.junit.AutoTests" name="[110] /home/travis/build/icyphy/ptII/ptolemy/domains/modal/test/auto/SeeminglyNondeterminate2.xml (RunModel)" time="0.066" />
  <testcase classname="ptolemy.util.test.junit.AutoTests" name="[111] /home/travis/build/icyphy/ptII/ptolemy/domains/modal/test/auto/SpontaneousFSM.xml (RunModel)" time="0.047" />
  <testcase classname="ptolemy.util.test.junit.AutoTests" name="[112] /home/travis/build/icyphy/ptII/ptolemy/domains/modal/test/auto/SpontaneousFSM2.xml (RunModel)" time="0.038" />
  <testcase classname="ptolemy.util.test.junit.AutoTests" name="[113] /home/travis/build/icyphy/ptII/ptolemy/domains/modal/test/auto/SpontaneousFSM3.xml (RunModel)" time="0.05" />
  <testcase classname="ptolemy.util.test.junit.AutoTests" name="[114] /home/travis/build/icyphy/ptII/ptolemy/domains/modal/test/auto/SpontaneousFSM4.xml (RunModel)" time="0.048" />
  <testcase classname="ptolemy.util.test.junit.AutoTests" name="[115] /home/travis/build/icyphy/ptII/ptolemy/domains/modal/test/auto/StateTrackerTest.xml (RunModel)" time="0.105" />
  <testcase classname="ptolemy.util.test.junit.AutoTests" name="[116] /home/travis/build/icyphy/ptII/ptolemy/domains/modal/test/auto/StrongImmediateTransition.xml (RunModel)" time="0.057" />
  <testcase classname="ptolemy.util.test.junit.AutoTests" name="[117] /home/travis/build/icyphy/ptII/ptolemy/domains/modal/test/auto/SustainHierarchy.xml (RunModel)" time="0.051" />
  <testcase classname="ptolemy.util.test.junit.AutoTests" name="[118] /home/travis/build/icyphy/ptII/ptolemy/domains/modal/test/auto/TerminationTransition1.xml (RunModel)" time="0.026" />
  <testcase classname="ptolemy.util.test.junit.AutoTests" name="[119] /home/travis/build/icyphy/ptII/ptolemy/domains/modal/test/auto/TerminationTransition2.xml (RunModel)" time="0.027" />
  <testcase classname="ptolemy.util.test.junit.AutoTests" name="[120] /home/travis/build/icyphy/ptII/ptolemy/domains/modal/test/auto/TerminationTransition3.xml (RunModel)" time="0.024" />
  <testcase classname="ptolemy.util.test.junit.AutoTests" name="[121] /home/travis/build/icyphy/ptII/ptolemy/domains/modal/test/auto/TerminationTransition4.xml (RunModel)" time="0.036" />
  <testcase classname="ptolemy.util.test.junit.AutoTests" name="[122] /home/travis/build/icyphy/ptII/ptolemy/domains/modal/test/auto/TerminationTransition5.xml (RunModel)" time="0.039" />
  <testcase classname="ptolemy.util.test.junit.AutoTests" name="[123] /home/travis/build/icyphy/ptII/ptolemy/domains/modal/test/auto/TerminationTransition6.xml (RunModel)" time="0.021" />
  <testcase classname="ptolemy.util.test.junit.AutoTests" name="[124] /home/travis/build/icyphy/ptII/ptolemy/domains/modal/test/auto/TerminationTransition7.xml (RunModel)" time="0.025" />
  <testcase classname="ptolemy.util.test.junit.AutoTests" name="[125] /home/travis/build/icyphy/ptII/ptolemy/domains/modal/test/auto/TerminationTransition8.xml (RunModel)" time="0.023" />
  <testcase classname="ptolemy.util.test.junit.AutoTests" name="[126] /home/travis/build/icyphy/ptII/ptolemy/domains/modal/test/auto/Thermostat_NoHysteresis.xml (RunModel)" time="0.05" />
  <testcase classname="ptolemy.util.test.junit.AutoTests" name="[127] /home/travis/build/icyphy/ptII/ptolemy/domains/modal/test/auto/TimedFSM.xml (RunModel)" time="0.028" />
  <testcase classname="ptolemy.util.test.junit.AutoTests" name="[128] /home/travis/build/icyphy/ptII/ptolemy/domains/modal/test/auto/Timeout1.xml (RunModel)" time="0.02" />
  <testcase classname="ptolemy.util.test.junit.AutoTests" name="[129] /home/travis/build/icyphy/ptII/ptolemy/domains/modal/test/auto/Timeout2.xml (RunModel)" time="0.026" />
  <testcase classname="ptolemy.util.test.junit.AutoTests" name="[130] /home/travis/build/icyphy/ptII/ptolemy/domains/modal/test/auto/Timeout3.xml (RunModel)" time="0.016" />
  <testcase classname="ptolemy.util.test.junit.AutoTests" name="[131] /home/travis/build/icyphy/ptII/ptolemy/domains/modal/test/auto/Timeout4.xml (RunModel)" time="0.013" />
  <testcase classname="ptolemy.util.test.junit.AutoTests" name="[132] /home/travis/build/icyphy/ptII/ptolemy/domains/modal/test/auto/TransientstateModelAdvanced.xml (RunModel)" time="0.026" />
  <testcase classname="ptolemy.util.test.junit.AutoTests" name="[133] /home/travis/build/icyphy/ptII/ptolemy/domains/modal/test/auto/TransientstateModelAdvanced2.xml (RunModel)" time="0.029" />
  <testcase classname="ptolemy.util.test.junit.AutoTests" name="[134] /home/travis/build/icyphy/ptII/ptolemy/domains/modal/test/auto/TransitionRefinements.xml (RunModel)" time="0.021" />
  <testcase classname="ptolemy.util.test.junit.AutoTests" name="[135] /home/travis/build/icyphy/ptII/ptolemy/domains/modal/test/auto/TwoRefinements1.xml (RunModel)" time="0.023" />
  <testcase classname="ptolemy.util.test.junit.AutoTests" name="[136] /home/travis/build/icyphy/ptII/ptolemy/domains/modal/test/auto/TwoRefinements2.xml (RunModel)" time="0.023" />
  <testcase classname="ptolemy.util.test.junit.AutoTests" name="[137] /home/travis/build/icyphy/ptII/ptolemy/domains/modal/test/auto/WeakImmediateTransition.xml (RunModel)" time="0.025" />
  <testcase classname="ptolemy.util.test.junit.AutoTests" name="[138] /home/travis/build/icyphy/ptII/ptolemy/domains/modal/test/auto/booleanSelect.xml (RunModel)" time="0.091" />
  <testcase classname="ptolemy.util.test.junit.AutoTests" name="[139] /home/travis/build/icyphy/ptII/ptolemy/domains/modal/test/auto/modalChangingParams.xml (RunModel)" time="0.22" />
  <testcase classname="ptolemy.util.test.junit.AutoTests" name="[140] /home/travis/build/icyphy/ptII/ptolemy/domains/modal/test/auto/modalModel.xml (RunModel)" time="0.021" />
  <testcase classname="ptolemy.util.test.junit.AutoTests" name="[141] /home/travis/build/icyphy/ptII/ptolemy/domains/modal/test/auto/modalModel2.xml (RunModel)" time="0.04" />
  <testcase classname="ptolemy.util.test.junit.AutoTests" name="[142] /home/travis/build/icyphy/ptII/ptolemy/domains/modal/test/auto/modalModel3.xml (RunModel)" time="0.035" />
  <testcase classname="ptolemy.util.test.junit.AutoTests" name="[143] /home/travis/build/icyphy/ptII/ptolemy/domains/modal/test/auto/model1.xml (RunModel)" time="0.017" />
  <testcase classname="ptolemy.util.test.junit.AutoTests" name="[144] /home/travis/build/icyphy/ptII/ptolemy/domains/modal/test/auto/test-direct-in-out.xml (RunModel)" time="0.017" />
  <system-out><![CDATA[/home/travis/build/icyphy/ptII/ptolemy/domains/modal/test/SystemLevelType.tcl
testDefs.tcl: setting time out to 9000 seconds at Fri Aug 17 01:58:04 UTC 2018
08/17/18 01:58:06
Failed: 0  Total Tests: 1  ((Passed: 1, Newly Passed: 0)  Known Failed: 0) /home/travis/build/icyphy/ptII/ptolemy/domains/modal/test
----------------- testing (KnownFailure) /home/travis/build/icyphy/ptII/ptolemy/domains/modal/test/auto/knownFailedTests/CannotAnalysisWithPreemption.xml
64 ms. Memory: 208384K Free: 185694K (89%)
Known Failure: java.lang.reflect.InvocationTargetException
No auto/linux-amd64/*.xml tests in /home/travis/build/icyphy/ptII/ptolemy/domains/modal/test
AutoTests.java: About to close Vertx.
AutoTests.java: Vertx closed.

===========================================================================================
----------------- testing Fri Aug 17 01:58:07 UTC 2018 /home/travis/build/icyphy/ptII/ptolemy/domains/modal/test/auto/ABPTest.xml
----------------- Instantiating /home/travis/build/icyphy/ptII/ptolemy/domains/modal/test/auto/ABPTest.xml
369 ms. Memory: 332288K Free: 291588K (88%)
----------------- Invoking toplevel() on ptolemy.moml.MoMLSimpleApplication@2b1d5d1d
----------------- Done invoking toplevel() on ptolemy.moml.MoMLSimpleApplication@2b1d5d1d
reloadAllAccessors: .ABPTest

===========================================================================================
----------------- testing Fri Aug 17 01:58:07 UTC 2018 /home/travis/build/icyphy/ptII/ptolemy/domains/modal/test/auto/ABROFlat.xml
----------------- Instantiating /home/travis/build/icyphy/ptII/ptolemy/domains/modal/test/auto/ABROFlat.xml
20 ms. Memory: 332288K Free: 269423K (81%)
----------------- Invoking toplevel() on ptolemy.moml.MoMLSimpleApplication@262b4beb
----------------- Done invoking toplevel() on ptolemy.moml.MoMLSimpleApplication@262b4beb
reloadAllAccessors: .ABROFlat

===========================================================================================
----------------- testing Fri Aug 17 01:58:07 UTC 2018 /home/travis/build/icyphy/ptII/ptolemy/domains/modal/test/auto/ABROFlat2.xml
----------------- Instantiating /home/travis/build/icyphy/ptII/ptolemy/domains/modal/test/auto/ABROFlat2.xml
19 ms. Memory: 332288K Free: 251513K (76%)
----------------- Invoking toplevel() on ptolemy.moml.MoMLSimpleApplication@3d13e9bd
----------------- Done invoking toplevel() on ptolemy.moml.MoMLSimpleApplication@3d13e9bd
reloadAllAccessors: .ABROFlat2

===========================================================================================
----------------- testing Fri Aug 17 01:58:08 UTC 2018 /home/travis/build/icyphy/ptII/ptolemy/domains/modal/test/auto/ABRO_present_hmm.xml
----------------- Instantiating /home/travis/build/icyphy/ptII/ptolemy/domains/modal/test/auto/ABRO_present_hmm.xml
27 ms. Memory: 332288K Free: 218949K (66%)
----------------- Invoking toplevel() on ptolemy.moml.MoMLSimpleApplication@6038191c
----------------- Done invoking toplevel() on ptolemy.moml.MoMLSimpleApplication@6038191c
reloadAllAccessors: .ABRO_present_hmm

===========================================================================================
----------------- testing Fri Aug 17 01:58:08 UTC 2018 /home/travis/build/icyphy/ptII/ptolemy/domains/modal/test/auto/AMICoderExample.xml
----------------- Instantiating /home/travis/build/icyphy/ptII/ptolemy/domains/modal/test/auto/AMICoderExample.xml
22 ms. Memory: 332288K Free: 207551K (62%)
----------------- Invoking toplevel() on ptolemy.moml.MoMLSimpleApplication@4b87c77e
----------------- Done invoking toplevel() on ptolemy.moml.MoMLSimpleApplication@4b87c77e
reloadAllAccessors: .AMICoderExample

===========================================================================================
----------------- testing Fri Aug 17 01:58:08 UTC 2018 /home/travis/build/icyphy/ptII/ptolemy/domains/modal/test/auto/AbsentToPresent.xml
----------------- Instantiating /home/travis/build/icyphy/ptII/ptolemy/domains/modal/test/auto/AbsentToPresent.xml
5 ms. Memory: 332288K Free: 197601K (59%)
----------------- Invoking toplevel() on ptolemy.moml.MoMLSimpleApplication@1260ea5b
----------------- Done invoking toplevel() on ptolemy.moml.MoMLSimpleApplication@1260ea5b
reloadAllAccessors: .AbsentToPresent

===========================================================================================
----------------- testing Fri Aug 17 01:58:08 UTC 2018 /home/travis/build/icyphy/ptII/ptolemy/domains/modal/test/auto/Blending.xml
----------------- Instantiating /home/travis/build/icyphy/ptII/ptolemy/domains/modal/test/auto/Blending.xml
155 ms. Memory: 332288K Free: 147127K (44%)
----------------- Invoking toplevel() on ptolemy.moml.MoMLSimpleApplication@3c34e51a
----------------- Done invoking toplevel() on ptolemy.moml.MoMLSimpleApplication@3c34e51a
reloadAllAccessors: .Blending

===========================================================================================
----------------- testing Fri Aug 17 01:58:08 UTC 2018 /home/travis/build/icyphy/ptII/ptolemy/domains/modal/test/auto/Broadcast.xml
----------------- Instantiating /home/travis/build/icyphy/ptII/ptolemy/domains/modal/test/auto/Broadcast.xml
12 ms. Memory: 332288K Free: 134092K (40%)
----------------- Invoking toplevel() on ptolemy.moml.MoMLSimpleApplication@93c154f
----------------- Done invoking toplevel() on ptolemy.moml.MoMLSimpleApplication@93c154f
reloadAllAccessors: .Broadcast

===========================================================================================
----------------- testing Fri Aug 17 01:58:08 UTC 2018 /home/travis/build/icyphy/ptII/ptolemy/domains/modal/test/auto/BroadcastHierarchy.xml
----------------- Instantiating /home/travis/build/icyphy/ptII/ptolemy/domains/modal/test/auto/BroadcastHierarchy.xml
16 ms. Memory: 332288K Free: 116182K (35%)
----------------- Invoking toplevel() on ptolemy.moml.MoMLSimpleApplication@6d6607c6
----------------- Done invoking toplevel() on ptolemy.moml.MoMLSimpleApplication@6d6607c6
reloadAllAccessors: .BroadcastHierarchy

===========================================================================================
----------------- testing Fri Aug 17 01:58:08 UTC 2018 /home/travis/build/icyphy/ptII/ptolemy/domains/modal/test/auto/BroadcastHierarchy2.xml
----------------- Instantiating /home/travis/build/icyphy/ptII/ptolemy/domains/modal/test/auto/BroadcastHierarchy2.xml
25 ms. Memory: 332288K Free: 80361K (24%)
----------------- Invoking toplevel() on ptolemy.moml.MoMLSimpleApplication@7a0c73b0
----------------- Done invoking toplevel() on ptolemy.moml.MoMLSimpleApplication@7a0c73b0
reloadAllAccessors: .BroadcastHierarchy2

===========================================================================================
----------------- testing Fri Aug 17 01:58:08 UTC 2018 /home/travis/build/icyphy/ptII/ptolemy/domains/modal/test/auto/BroadcastHierarchy3.xml
----------------- Instantiating /home/travis/build/icyphy/ptII/ptolemy/domains/modal/test/auto/BroadcastHierarchy3.xml
22 ms. Memory: 333824K Free: 298099K (89%)
----------------- Invoking toplevel() on ptolemy.moml.MoMLSimpleApplication@590867dc
----------------- Done invoking toplevel() on ptolemy.moml.MoMLSimpleApplication@590867dc
reloadAllAccessors: .BroadcastHierarchy3

===========================================================================================
----------------- testing Fri Aug 17 01:58:08 UTC 2018 /home/travis/build/icyphy/ptII/ptolemy/domains/modal/test/auto/BroadcastHierarchy4.xml
----------------- Instantiating /home/travis/build/icyphy/ptII/ptolemy/domains/modal/test/auto/BroadcastHierarchy4.xml
20 ms. Memory: 333824K Free: 263238K (79%)
----------------- Invoking toplevel() on ptolemy.moml.MoMLSimpleApplication@5d2e8459
----------------- Done invoking toplevel() on ptolemy.moml.MoMLSimpleApplication@5d2e8459
reloadAllAccessors: .BroadcastHierarchy4

===========================================================================================
----------------- testing Fri Aug 17 01:58:09 UTC 2018 /home/travis/build/icyphy/ptII/ptolemy/domains/modal/test/auto/CannotAnalysisWithPreemption2.xml
----------------- Instantiating /home/travis/build/icyphy/ptII/ptolemy/domains/modal/test/auto/CannotAnalysisWithPreemption2.xml
4 ms. Memory: 333824K Free: 253468K (76%)
----------------- Invoking toplevel() on ptolemy.moml.MoMLSimpleApplication@2be2bd
----------------- Done invoking toplevel() on ptolemy.moml.MoMLSimpleApplication@2be2bd
reloadAllAccessors: .CannotAnalysisWithPreemption2

===========================================================================================
----------------- testing Fri Aug 17 01:58:09 UTC 2018 /home/travis/build/icyphy/ptII/ptolemy/domains/modal/test/auto/CannotAnalysisWithPreemption3.xml
----------------- Instantiating /home/travis/build/icyphy/ptII/ptolemy/domains/modal/test/auto/CannotAnalysisWithPreemption3.xml
7 ms. Memory: 333824K Free: 240443K (72%)
----------------- Invoking toplevel() on ptolemy.moml.MoMLSimpleApplication@5ce0c285
----------------- Done invoking toplevel() on ptolemy.moml.MoMLSimpleApplication@5ce0c285
reloadAllAccessors: .CannotAnalysisWithPreemption3

===========================================================================================
----------------- testing Fri Aug 17 01:58:09 UTC 2018 /home/travis/build/icyphy/ptII/ptolemy/domains/modal/test/auto/CannotProduce.xml
----------------- Instantiating /home/travis/build/icyphy/ptII/ptolemy/domains/modal/test/auto/CannotProduce.xml
12 ms. Memory: 333824K Free: 231632K (69%)
----------------- Invoking toplevel() on ptolemy.moml.MoMLSimpleApplication@3ee6047d
----------------- Done invoking toplevel() on ptolemy.moml.MoMLSimpleApplication@3ee6047d
reloadAllAccessors: .CannotProduce

===========================================================================================
----------------- testing Fri Aug 17 01:58:09 UTC 2018 /home/travis/build/icyphy/ptII/ptolemy/domains/modal/test/auto/CannotProduceModal.xml
----------------- Instantiating /home/travis/build/icyphy/ptII/ptolemy/domains/modal/test/auto/CannotProduceModal.xml
10 ms. Memory: 333824K Free: 223483K (67%)
----------------- Invoking toplevel() on ptolemy.moml.MoMLSimpleApplication@1617e5f6
----------------- Done invoking toplevel() on ptolemy.moml.MoMLSimpleApplication@1617e5f6
reloadAllAccessors: .CannotProduceModal

===========================================================================================
----------------- testing Fri Aug 17 01:58:09 UTC 2018 /home/travis/build/icyphy/ptII/ptolemy/domains/modal/test/auto/Case.xml
----------------- Instantiating /home/travis/build/icyphy/ptII/ptolemy/domains/modal/test/auto/Case.xml
31 ms. Memory: 333824K Free: 210458K (63%)
----------------- Invoking toplevel() on ptolemy.moml.MoMLSimpleApplication@11811aab
----------------- Done invoking toplevel() on ptolemy.moml.MoMLSimpleApplication@11811aab
reloadAllAccessors: .Case

===========================================================================================
----------------- testing Fri Aug 17 01:58:09 UTC 2018 /home/travis/build/icyphy/ptII/ptolemy/domains/modal/test/auto/Case1.xml
----------------- Instantiating /home/travis/build/icyphy/ptII/ptolemy/domains/modal/test/auto/Case1.xml
10 ms. Memory: 333824K Free: 200020K (60%)
----------------- Invoking toplevel() on ptolemy.moml.MoMLSimpleApplication@4c1e5fc6
----------------- Done invoking toplevel() on ptolemy.moml.MoMLSimpleApplication@4c1e5fc6
reloadAllAccessors: .Case1

===========================================================================================
----------------- testing Fri Aug 17 01:58:09 UTC 2018 /home/travis/build/icyphy/ptII/ptolemy/domains/modal/test/auto/Case2.xml
----------------- Instantiating /home/travis/build/icyphy/ptII/ptolemy/domains/modal/test/auto/Case2.xml
30 ms. Memory: 333824K Free: 188583K (56%)
----------------- Invoking toplevel() on ptolemy.moml.MoMLSimpleApplication@41c77981
----------------- Done invoking toplevel() on ptolemy.moml.MoMLSimpleApplication@41c77981
reloadAllAccessors: .Case2

===========================================================================================
----------------- testing Fri Aug 17 01:58:09 UTC 2018 /home/travis/build/icyphy/ptII/ptolemy/domains/modal/test/auto/CausalityInterface1.xml
----------------- Instantiating /home/travis/build/icyphy/ptII/ptolemy/domains/modal/test/auto/CausalityInterface1.xml
8 ms. Memory: 333824K Free: 182054K (55%)
----------------- Invoking toplevel() on ptolemy.moml.MoMLSimpleApplication@33bce050
----------------- Done invoking toplevel() on ptolemy.moml.MoMLSimpleApplication@33bce050
reloadAllAccessors: .CausalityInterface1

===========================================================================================
----------------- testing Fri Aug 17 01:58:09 UTC 2018 /home/travis/build/icyphy/ptII/ptolemy/domains/modal/test/auto/CausalityInterface10.xml
----------------- Instantiating /home/travis/build/icyphy/ptII/ptolemy/domains/modal/test/auto/CausalityInterface10.xml
5 ms. Memory: 333824K Free: 163451K (49%)
----------------- Invoking toplevel() on ptolemy.moml.MoMLSimpleApplication@3ad24c78
----------------- Done invoking toplevel() on ptolemy.moml.MoMLSimpleApplication@3ad24c78
reloadAllAccessors: .CausalityInterface10

===========================================================================================
----------------- testing Fri Aug 17 01:58:09 UTC 2018 /home/travis/build/icyphy/ptII/ptolemy/domains/modal/test/auto/CausalityInterface11.xml
----------------- Instantiating /home/travis/build/icyphy/ptII/ptolemy/domains/modal/test/auto/CausalityInterface11.xml
10 ms. Memory: 333824K Free: 147105K (44%)
----------------- Invoking toplevel() on ptolemy.moml.MoMLSimpleApplication@32f236c5
----------------- Done invoking toplevel() on ptolemy.moml.MoMLSimpleApplication@32f236c5
reloadAllAccessors: .CausalityInterface11

===========================================================================================
----------------- testing Fri Aug 17 01:58:09 UTC 2018 /home/travis/build/icyphy/ptII/ptolemy/domains/modal/test/auto/CausalityInterface12.xml
----------------- Instantiating /home/travis/build/icyphy/ptII/ptolemy/domains/modal/test/auto/CausalityInterface12.xml
4 ms. Memory: 333824K Free: 130743K (39%)
----------------- Invoking toplevel() on ptolemy.moml.MoMLSimpleApplication@22cf98f3
----------------- Done invoking toplevel() on ptolemy.moml.MoMLSimpleApplication@22cf98f3
reloadAllAccessors: .CausalityInterface12

===========================================================================================
----------------- testing Fri Aug 17 01:58:09 UTC 2018 /home/travis/build/icyphy/ptII/ptolemy/domains/modal/test/auto/CausalityInterface13.xml
----------------- Instantiating /home/travis/build/icyphy/ptII/ptolemy/domains/modal/test/auto/CausalityInterface13.xml
10 ms. Memory: 333824K Free: 112132K (34%)
----------------- Invoking toplevel() on ptolemy.moml.MoMLSimpleApplication@43744c3b
----------------- Done invoking toplevel() on ptolemy.moml.MoMLSimpleApplication@43744c3b
reloadAllAccessors: .CausalityInterface13

===========================================================================================
----------------- testing Fri Aug 17 01:58:09 UTC 2018 /home/travis/build/icyphy/ptII/ptolemy/domains/modal/test/auto/CausalityInterface14.xml
----------------- Instantiating /home/travis/build/icyphy/ptII/ptolemy/domains/modal/test/auto/CausalityInterface14.xml
7 ms. Memory: 333824K Free: 95818K (29%)
----------------- Invoking toplevel() on ptolemy.moml.MoMLSimpleApplication@75f19846
----------------- Done invoking toplevel() on ptolemy.moml.MoMLSimpleApplication@75f19846
reloadAllAccessors: .CausalityInterface14

===========================================================================================
----------------- testing Fri Aug 17 01:58:09 UTC 2018 /home/travis/build/icyphy/ptII/ptolemy/domains/modal/test/auto/CausalityInterface2.xml
----------------- Instantiating /home/travis/build/icyphy/ptII/ptolemy/domains/modal/test/auto/CausalityInterface2.xml
3 ms. Memory: 333824K Free: 87653K (26%)
----------------- Invoking toplevel() on ptolemy.moml.MoMLSimpleApplication@214c7ffa
----------------- Done invoking toplevel() on ptolemy.moml.MoMLSimpleApplication@214c7ffa
reloadAllAccessors: .CausalityInterface2

===========================================================================================
----------------- testing Fri Aug 17 01:58:09 UTC 2018 /home/travis/build/icyphy/ptII/ptolemy/domains/modal/test/auto/CausalityInterface3.xml
----------------- Instantiating /home/travis/build/icyphy/ptII/ptolemy/domains/modal/test/auto/CausalityInterface3.xml
11 ms. Memory: 578560K Free: 566760K (98%)
----------------- Invoking toplevel() on ptolemy.moml.MoMLSimpleApplication@7a6725a
----------------- Done invoking toplevel() on ptolemy.moml.MoMLSimpleApplication@7a6725a
reloadAllAccessors: .CausalityInterface3

===========================================================================================
----------------- testing Fri Aug 17 01:58:09 UTC 2018 /home/travis/build/icyphy/ptII/ptolemy/domains/modal/test/auto/CausalityInterface4.xml
----------------- Instantiating /home/travis/build/icyphy/ptII/ptolemy/domains/modal/test/auto/CausalityInterface4.xml
3 ms. Memory: 578560K Free: 551860K (95%)
----------------- Invoking toplevel() on ptolemy.moml.MoMLSimpleApplication@648c19c0
----------------- Done invoking toplevel() on ptolemy.moml.MoMLSimpleApplication@648c19c0
reloadAllAccessors: .CausalityInterface4

===========================================================================================
----------------- testing Fri Aug 17 01:58:09 UTC 2018 /home/travis/build/icyphy/ptII/ptolemy/domains/modal/test/auto/CausalityInterface5.xml
----------------- Instantiating /home/travis/build/icyphy/ptII/ptolemy/domains/modal/test/auto/CausalityInterface5.xml
3 ms. Memory: 578560K Free: 539624K (93%)
----------------- Invoking toplevel() on ptolemy.moml.MoMLSimpleApplication@2a1446f6
----------------- Done invoking toplevel() on ptolemy.moml.MoMLSimpleApplication@2a1446f6
reloadAllAccessors: .CausalityInterface5

===========================================================================================
----------------- testing Fri Aug 17 01:58:09 UTC 2018 /home/travis/build/icyphy/ptII/ptolemy/domains/modal/test/auto/CausalityInterface6.xml
----------------- Instantiating /home/travis/build/icyphy/ptII/ptolemy/domains/modal/test/auto/CausalityInterface6.xml
5 ms. Memory: 578560K Free: 527381K (91%)
----------------- Invoking toplevel() on ptolemy.moml.MoMLSimpleApplication@5125ae59
----------------- Done invoking toplevel() on ptolemy.moml.MoMLSimpleApplication@5125ae59
reloadAllAccessors: .CausalityInterface6

===========================================================================================
----------------- testing Fri Aug 17 01:58:09 UTC 2018 /home/travis/build/icyphy/ptII/ptolemy/domains/modal/test/auto/CausalityInterface7.xml
----------------- Instantiating /home/travis/build/icyphy/ptII/ptolemy/domains/modal/test/auto/CausalityInterface7.xml
3 ms. Memory: 578560K Free: 515138K (89%)
----------------- Invoking toplevel() on ptolemy.moml.MoMLSimpleApplication@59c37248
----------------- Done invoking toplevel() on ptolemy.moml.MoMLSimpleApplication@59c37248
reloadAllAccessors: .CausalityInterface7

===========================================================================================
----------------- testing Fri Aug 17 01:58:09 UTC 2018 /home/travis/build/icyphy/ptII/ptolemy/domains/modal/test/auto/CausalityInterface8.xml
----------------- Instantiating /home/travis/build/icyphy/ptII/ptolemy/domains/modal/test/auto/CausalityInterface8.xml
4 ms. Memory: 578560K Free: 499753K (86%)
----------------- Invoking toplevel() on ptolemy.moml.MoMLSimpleApplication@4101f3b4
----------------- Done invoking toplevel() on ptolemy.moml.MoMLSimpleApplication@4101f3b4
reloadAllAccessors: .CausalityInterface8

===========================================================================================
----------------- testing Fri Aug 17 01:58:09 UTC 2018 /home/travis/build/icyphy/ptII/ptolemy/domains/modal/test/auto/CausalityInterface9.xml
----------------- Instantiating /home/travis/build/icyphy/ptII/ptolemy/domains/modal/test/auto/CausalityInterface9.xml
6 ms. Memory: 578560K Free: 487509K (84%)
----------------- Invoking toplevel() on ptolemy.moml.MoMLSimpleApplication@1a193f95
----------------- Done invoking toplevel() on ptolemy.moml.MoMLSimpleApplication@1a193f95
reloadAllAccessors: .CausalityInterface9

===========================================================================================
----------------- testing Fri Aug 17 01:58:10 UTC 2018 /home/travis/build/icyphy/ptII/ptolemy/domains/modal/test/auto/ChainedTransitions.xml
----------------- Instantiating /home/travis/build/icyphy/ptII/ptolemy/domains/modal/test/auto/ChainedTransitions.xml
81 ms. Memory: 578560K Free: 458145K (79%)
----------------- Invoking toplevel() on ptolemy.moml.MoMLSimpleApplication@673d4f63
----------------- Done invoking toplevel() on ptolemy.moml.MoMLSimpleApplication@673d4f63
reloadAllAccessors: .ChainedTransitions

===========================================================================================
----------------- testing Fri Aug 17 01:58:10 UTC 2018 /home/travis/build/icyphy/ptII/ptolemy/domains/modal/test/auto/CycleOfImmediateTransitionsFSM.xml
----------------- Instantiating /home/travis/build/icyphy/ptII/ptolemy/domains/modal/test/auto/CycleOfImmediateTransitionsFSM.xml
2 ms. Memory: 578560K Free: 448360K (77%)
----------------- Invoking toplevel() on ptolemy.moml.MoMLSimpleApplication@5f3ed5d4
----------------- Done invoking toplevel() on ptolemy.moml.MoMLSimpleApplication@5f3ed5d4
reloadAllAccessors: .CycleOfImmediateTransitionsFSM

===========================================================================================
----------------- testing Fri Aug 17 01:58:10 UTC 2018 /home/travis/build/icyphy/ptII/ptolemy/domains/modal/test/auto/CycleOfImmediateTransitionsModal.xml
----------------- Instantiating /home/travis/build/icyphy/ptII/ptolemy/domains/modal/test/auto/CycleOfImmediateTransitionsModal.xml
2 ms. Memory: 578560K Free: 435426K (75%)
----------------- Invoking toplevel() on ptolemy.moml.MoMLSimpleApplication@3400c1c2
----------------- Done invoking toplevel() on ptolemy.moml.MoMLSimpleApplication@3400c1c2
reloadAllAccessors: .CycleOfImmediateTransitionsModal

===========================================================================================
----------------- testing Fri Aug 17 01:58:10 UTC 2018 /home/travis/build/icyphy/ptII/ptolemy/domains/modal/test/auto/CycleOfImmediateTransitionsModal2.xml
----------------- Instantiating /home/travis/build/icyphy/ptII/ptolemy/domains/modal/test/auto/CycleOfImmediateTransitionsModal2.xml
4 ms. Memory: 578560K Free: 425649K (74%)
----------------- Invoking toplevel() on ptolemy.moml.MoMLSimpleApplication@7a91c125
----------------- Done invoking toplevel() on ptolemy.moml.MoMLSimpleApplication@7a91c125
reloadAllAccessors: .CycleOfImmediateTransitionsModal2

===========================================================================================
----------------- testing Fri Aug 17 01:58:10 UTC 2018 /home/travis/build/icyphy/ptII/ptolemy/domains/modal/test/auto/CycleOfImmediateTransitionsModal3.xml
----------------- Instantiating /home/travis/build/icyphy/ptII/ptolemy/domains/modal/test/auto/CycleOfImmediateTransitionsModal3.xml
8 ms. Memory: 578560K Free: 396292K (68%)
----------------- Invoking toplevel() on ptolemy.moml.MoMLSimpleApplication@31a17535
----------------- Done invoking toplevel() on ptolemy.moml.MoMLSimpleApplication@31a17535
reloadAllAccessors: .CycleOfImmediateTransitionsModal3

===========================================================================================
----------------- testing Fri Aug 17 01:58:10 UTC 2018 /home/travis/build/icyphy/ptII/ptolemy/domains/modal/test/auto/DeepModal1.xml
----------------- Instantiating /home/travis/build/icyphy/ptII/ptolemy/domains/modal/test/auto/DeepModal1.xml
21 ms. Memory: 578560K Free: 379148K (66%)
----------------- Invoking toplevel() on ptolemy.moml.MoMLSimpleApplication@1cfb7ed9
----------------- Done invoking toplevel() on ptolemy.moml.MoMLSimpleApplication@1cfb7ed9
reloadAllAccessors: .DeepModal1

===========================================================================================
----------------- testing Fri Aug 17 01:58:10 UTC 2018 /home/travis/build/icyphy/ptII/ptolemy/domains/modal/test/auto/DeepModal2.xml
----------------- Instantiating /home/travis/build/icyphy/ptII/ptolemy/domains/modal/test/auto/DeepModal2.xml
26 ms. Memory: 578560K Free: 354018K (61%)
----------------- Invoking toplevel() on ptolemy.moml.MoMLSimpleApplication@15f69cae
----------------- Done invoking toplevel() on ptolemy.moml.MoMLSimpleApplication@15f69cae
reloadAllAccessors: .DeepModal2

===========================================================================================
----------------- testing Fri Aug 17 01:58:10 UTC 2018 /home/travis/build/icyphy/ptII/ptolemy/domains/modal/test/auto/DeepModal3.xml
----------------- Instantiating /home/travis/build/icyphy/ptII/ptolemy/domains/modal/test/auto/DeepModal3.xml
21 ms. Memory: 578560K Free: 331990K (57%)
----------------- Invoking toplevel() on ptolemy.moml.MoMLSimpleApplication@56dad83e
----------------- Done invoking toplevel() on ptolemy.moml.MoMLSimpleApplication@56dad83e
reloadAllAccessors: .DeepModal3

===========================================================================================
----------------- testing Fri Aug 17 01:58:10 UTC 2018 /home/travis/build/icyphy/ptII/ptolemy/domains/modal/test/auto/DeepModal4.xml
----------------- Instantiating /home/travis/build/icyphy/ptII/ptolemy/domains/modal/test/auto/DeepModal4.xml
28 ms. Memory: 578560K Free: 309953K (54%)
----------------- Invoking toplevel() on ptolemy.moml.MoMLSimpleApplication@35794df3
----------------- Done invoking toplevel() on ptolemy.moml.MoMLSimpleApplication@35794df3
reloadAllAccessors: .DeepModal4

===========================================================================================
----------------- testing Fri Aug 17 01:58:10 UTC 2018 /home/travis/build/icyphy/ptII/ptolemy/domains/modal/test/auto/Default1.xml
----------------- Instantiating /home/travis/build/icyphy/ptII/ptolemy/domains/modal/test/auto/Default1.xml
2 ms. Memory: 578560K Free: 297710K (51%)
----------------- Invoking toplevel() on ptolemy.moml.MoMLSimpleApplication@5cf3f310
----------------- Done invoking toplevel() on ptolemy.moml.MoMLSimpleApplication@5cf3f310
reloadAllAccessors: .Default1

===========================================================================================
----------------- testing Fri Aug 17 01:58:10 UTC 2018 /home/travis/build/icyphy/ptII/ptolemy/domains/modal/test/auto/Default2.xml
----------------- Instantiating /home/travis/build/icyphy/ptII/ptolemy/domains/modal/test/auto/Default2.xml
3 ms. Memory: 578560K Free: 284760K (49%)
----------------- Invoking toplevel() on ptolemy.moml.MoMLSimpleApplication@33713d32
----------------- Done invoking toplevel() on ptolemy.moml.MoMLSimpleApplication@33713d32
reloadAllAccessors: .Default2

===========================================================================================
----------------- testing Fri Aug 17 01:58:10 UTC 2018 /home/travis/build/icyphy/ptII/ptolemy/domains/modal/test/auto/Default3.xml
----------------- Instantiating /home/travis/build/icyphy/ptII/ptolemy/domains/modal/test/auto/Default3.xml
4 ms. Memory: 578560K Free: 274959K (48%)
----------------- Invoking toplevel() on ptolemy.moml.MoMLSimpleApplication@579f35b5
----------------- Done invoking toplevel() on ptolemy.moml.MoMLSimpleApplication@579f35b5
reloadAllAccessors: .Default3

===========================================================================================
----------------- testing Fri Aug 17 01:58:10 UTC 2018 /home/travis/build/icyphy/ptII/ptolemy/domains/modal/test/auto/Default4.xml
----------------- Instantiating /home/travis/build/icyphy/ptII/ptolemy/domains/modal/test/auto/Default4.xml
3 ms. Memory: 578560K Free: 265158K (46%)
----------------- Invoking toplevel() on ptolemy.moml.MoMLSimpleApplication@77692b36
----------------- Done invoking toplevel() on ptolemy.moml.MoMLSimpleApplication@77692b36
reloadAllAccessors: .Default4

===========================================================================================
----------------- testing Fri Aug 17 01:58:10 UTC 2018 /home/travis/build/icyphy/ptII/ptolemy/domains/modal/test/auto/Default5.xml
----------------- Instantiating /home/travis/build/icyphy/ptII/ptolemy/domains/modal/test/auto/Default5.xml
10 ms. Memory: 578560K Free: 255373K (44%)
----------------- Invoking toplevel() on ptolemy.moml.MoMLSimpleApplication@57650403
----------------- Done invoking toplevel() on ptolemy.moml.MoMLSimpleApplication@57650403
reloadAllAccessors: .Default5

===========================================================================================
----------------- testing Fri Aug 17 01:58:10 UTC 2018 /home/travis/build/icyphy/ptII/ptolemy/domains/modal/test/auto/EmptyGuard.xml
----------------- Instantiating /home/travis/build/icyphy/ptII/ptolemy/domains/modal/test/auto/EmptyGuard.xml
12 ms. Memory: 578560K Free: 245603K (42%)
----------------- Invoking toplevel() on ptolemy.moml.MoMLSimpleApplication@3fc6478f
----------------- Done invoking toplevel() on ptolemy.moml.MoMLSimpleApplication@3fc6478f
reloadAllAccessors: .EmptyGuard

===========================================================================================
----------------- testing Fri Aug 17 01:58:10 UTC 2018 /home/travis/build/icyphy/ptII/ptolemy/domains/modal/test/auto/ErrorTransition1.xml
----------------- Instantiating /home/travis/build/icyphy/ptII/ptolemy/domains/modal/test/auto/ErrorTransition1.xml
6 ms. Memory: 578560K Free: 230227K (40%)
----------------- Invoking toplevel() on ptolemy.moml.MoMLSimpleApplication@2e8a43
----------------- Done invoking toplevel() on ptolemy.moml.MoMLSimpleApplication@2e8a43
reloadAllAccessors: .ErrorTransition1

===========================================================================================
----------------- testing Fri Aug 17 01:58:10 UTC 2018 /home/travis/build/icyphy/ptII/ptolemy/domains/modal/test/auto/ErrorTransition10.xml
----------------- Instantiating /home/travis/build/icyphy/ptII/ptolemy/domains/modal/test/auto/ErrorTransition10.xml
10 ms. Memory: 578560K Free: 213099K (37%)
----------------- Invoking toplevel() on ptolemy.moml.MoMLSimpleApplication@58310632
----------------- Done invoking toplevel() on ptolemy.moml.MoMLSimpleApplication@58310632
reloadAllAccessors: .ErrorTransition10

===========================================================================================
----------------- testing Fri Aug 17 01:58:10 UTC 2018 /home/travis/build/icyphy/ptII/ptolemy/domains/modal/test/auto/ErrorTransition11.xml
----------------- Instantiating /home/travis/build/icyphy/ptII/ptolemy/domains/modal/test/auto/ErrorTransition11.xml
4 ms. Memory: 578560K Free: 198429K (34%)
----------------- Invoking toplevel() on ptolemy.moml.MoMLSimpleApplication@4ce43b4e
----------------- Done invoking toplevel() on ptolemy.moml.MoMLSimpleApplication@4ce43b4e
reloadAllAccessors: .ErrorTransition11

===========================================================================================
----------------- testing Fri Aug 17 01:58:10 UTC 2018 /home/travis/build/icyphy/ptII/ptolemy/domains/modal/test/auto/ErrorTransition2.xml
----------------- Instantiating /home/travis/build/icyphy/ptII/ptolemy/domains/modal/test/auto/ErrorTransition2.xml
5 ms. Memory: 578560K Free: 186186K (32%)
----------------- Invoking toplevel() on ptolemy.moml.MoMLSimpleApplication@586bd482
----------------- Done invoking toplevel() on ptolemy.moml.MoMLSimpleApplication@586bd482
reloadAllAccessors: .ErrorTransition2

===========================================================================================
----------------- testing Fri Aug 17 01:58:10 UTC 2018 /home/travis/build/icyphy/ptII/ptolemy/domains/modal/test/auto/ErrorTransition3.xml
----------------- Instantiating /home/travis/build/icyphy/ptII/ptolemy/domains/modal/test/auto/ErrorTransition3.xml
9 ms. Memory: 578560K Free: 170808K (30%)
----------------- Invoking toplevel() on ptolemy.moml.MoMLSimpleApplication@7c16ea45
----------------- Done invoking toplevel() on ptolemy.moml.MoMLSimpleApplication@7c16ea45
reloadAllAccessors: .ErrorTransition3

===========================================================================================
----------------- testing Fri Aug 17 01:58:10 UTC 2018 /home/travis/build/icyphy/ptII/ptolemy/domains/modal/test/auto/ErrorTransition4.xml
----------------- Instantiating /home/travis/build/icyphy/ptII/ptolemy/domains/modal/test/auto/ErrorTransition4.xml
9 ms. Memory: 578560K Free: 158565K (27%)
----------------- Invoking toplevel() on ptolemy.moml.MoMLSimpleApplication@780b966
----------------- Done invoking toplevel() on ptolemy.moml.MoMLSimpleApplication@780b966
reloadAllAccessors: .ErrorTransition4

===========================================================================================
----------------- testing Fri Aug 17 01:58:10 UTC 2018 /home/travis/build/icyphy/ptII/ptolemy/domains/modal/test/auto/ErrorTransition5.xml
----------------- Instantiating /home/travis/build/icyphy/ptII/ptolemy/domains/modal/test/auto/ErrorTransition5.xml
5 ms. Memory: 578560K Free: 146322K (25%)
----------------- Invoking toplevel() on ptolemy.moml.MoMLSimpleApplication@173e4c5d
----------------- Done invoking toplevel() on ptolemy.moml.MoMLSimpleApplication@173e4c5d
reloadAllAccessors: .ErrorTransition5

===========================================================================================
----------------- testing Fri Aug 17 01:58:11 UTC 2018 /home/travis/build/icyphy/ptII/ptolemy/domains/modal/test/auto/ErrorTransition6.xml
----------------- Instantiating /home/travis/build/icyphy/ptII/ptolemy/domains/modal/test/auto/ErrorTransition6.xml
7 ms. Memory: 578560K Free: 134079K (23%)
----------------- Invoking toplevel() on ptolemy.moml.MoMLSimpleApplication@40731e92
----------------- Done invoking toplevel() on ptolemy.moml.MoMLSimpleApplication@40731e92
reloadAllAccessors: .ErrorTransition6

===========================================================================================
----------------- testing Fri Aug 17 01:58:11 UTC 2018 /home/travis/build/icyphy/ptII/ptolemy/domains/modal/test/auto/ErrorTransition7.xml
----------------- Instantiating /home/travis/build/icyphy/ptII/ptolemy/domains/modal/test/auto/ErrorTransition7.xml
11 ms. Memory: 578560K Free: 113793K (20%)
----------------- Invoking toplevel() on ptolemy.moml.MoMLSimpleApplication@65d220bf
----------------- Done invoking toplevel() on ptolemy.moml.MoMLSimpleApplication@65d220bf
reloadAllAccessors: .ErrorTransition7

===========================================================================================
----------------- testing Fri Aug 17 01:58:11 UTC 2018 /home/travis/build/icyphy/ptII/ptolemy/domains/modal/test/auto/ErrorTransition8.xml
----------------- Instantiating /home/travis/build/icyphy/ptII/ptolemy/domains/modal/test/auto/ErrorTransition8.xml
26 ms. Memory: 578560K Free: 96665K (17%)
----------------- Invoking toplevel() on ptolemy.moml.MoMLSimpleApplication@2bd7bf95
----------------- Done invoking toplevel() on ptolemy.moml.MoMLSimpleApplication@2bd7bf95
reloadAllAccessors: .ErrorTransition8

===========================================================================================
----------------- testing Fri Aug 17 01:58:11 UTC 2018 /home/travis/build/icyphy/ptII/ptolemy/domains/modal/test/auto/ErrorTransition9.xml
----------------- Instantiating /home/travis/build/icyphy/ptII/ptolemy/domains/modal/test/auto/ErrorTransition9.xml
13 ms. Memory: 578560K Free: 79940K (14%)
----------------- Invoking toplevel() on ptolemy.moml.MoMLSimpleApplication@8cf4f30
----------------- Done invoking toplevel() on ptolemy.moml.MoMLSimpleApplication@8cf4f30
reloadAllAccessors: .ErrorTransition9

===========================================================================================
----------------- testing Fri Aug 17 01:58:11 UTC 2018 /home/travis/build/icyphy/ptII/ptolemy/domains/modal/test/auto/ExtendedFSM.xml
----------------- Instantiating /home/travis/build/icyphy/ptII/ptolemy/domains/modal/test/auto/ExtendedFSM.xml
6 ms. Memory: 578560K Free: 557343K (96%)
----------------- Invoking toplevel() on ptolemy.moml.MoMLSimpleApplication@3283e52d
----------------- Done invoking toplevel() on ptolemy.moml.MoMLSimpleApplication@3283e52d
reloadAllAccessors: .ExtendedFSM

===========================================================================================
----------------- testing Fri Aug 17 01:58:11 UTC 2018 /home/travis/build/icyphy/ptII/ptolemy/domains/modal/test/auto/FinalStates.xml
----------------- Instantiating /home/travis/build/icyphy/ptII/ptolemy/domains/modal/test/auto/FinalStates.xml
6 ms. Memory: 578560K Free: 545363K (94%)
----------------- Invoking toplevel() on ptolemy.moml.MoMLSimpleApplication@391ecdc8
----------------- Done invoking toplevel() on ptolemy.moml.MoMLSimpleApplication@391ecdc8
reloadAllAccessors: .FinalStates

===========================================================================================
----------------- testing Fri Aug 17 01:58:11 UTC 2018 /home/travis/build/icyphy/ptII/ptolemy/domains/modal/test/auto/FixedPointFSM.xml
----------------- Instantiating /home/travis/build/icyphy/ptII/ptolemy/domains/modal/test/auto/FixedPointFSM.xml
16 ms. Memory: 578560K Free: 525621K (91%)
----------------- Invoking toplevel() on ptolemy.moml.MoMLSimpleApplication@104dda0b
----------------- Done invoking toplevel() on ptolemy.moml.MoMLSimpleApplication@104dda0b
reloadAllAccessors: .FixedPointFSM

===========================================================================================
----------------- testing Fri Aug 17 01:58:11 UTC 2018 /home/travis/build/icyphy/ptII/ptolemy/domains/modal/test/auto/FixedPointIterationFSMActor.xml
----------------- Instantiating /home/travis/build/icyphy/ptII/ptolemy/domains/modal/test/auto/FixedPointIterationFSMActor.xml
6 ms. Memory: 578560K Free: 510377K (88%)
----------------- Invoking toplevel() on ptolemy.moml.MoMLSimpleApplication@385874b
----------------- Done invoking toplevel() on ptolemy.moml.MoMLSimpleApplication@385874b
reloadAllAccessors: .FixedPointIterationFSMActor

===========================================================================================
----------------- testing Fri Aug 17 01:58:11 UTC 2018 /home/travis/build/icyphy/ptII/ptolemy/domains/modal/test/auto/FixedPointIterationFSMActor2.xml
----------------- Instantiating /home/travis/build/icyphy/ptII/ptolemy/domains/modal/test/auto/FixedPointIterationFSMActor2.xml
12 ms. Memory: 578560K Free: 494080K (85%)
----------------- Invoking toplevel() on ptolemy.moml.MoMLSimpleApplication@7043a251
----------------- Done invoking toplevel() on ptolemy.moml.MoMLSimpleApplication@7043a251
reloadAllAccessors: .FixedPointIterationFSMActor2

===========================================================================================
----------------- testing Fri Aug 17 01:58:11 UTC 2018 /home/travis/build/icyphy/ptII/ptolemy/domains/modal/test/auto/ForbiddenInstantanousLoop.xml
----------------- Instantiating /home/travis/build/icyphy/ptII/ptolemy/domains/modal/test/auto/ForbiddenInstantanousLoop.xml
4 ms. Memory: 578560K Free: 477766K (83%)
----------------- Invoking toplevel() on ptolemy.moml.MoMLSimpleApplication@66fcec2a
----------------- Done invoking toplevel() on ptolemy.moml.MoMLSimpleApplication@66fcec2a
reloadAllAccessors: .ForbiddenInstantanousLoop

===========================================================================================
----------------- testing Fri Aug 17 01:58:11 UTC 2018 /home/travis/build/icyphy/ptII/ptolemy/domains/modal/test/auto/FunctionDependencyOfFSMActorTest.xml
----------------- Instantiating /home/travis/build/icyphy/ptII/ptolemy/domains/modal/test/auto/FunctionDependencyOfFSMActorTest.xml
4 ms. Memory: 578560K Free: 465779K (81%)
----------------- Invoking toplevel() on ptolemy.moml.MoMLSimpleApplication@39fb68e6
----------------- Done invoking toplevel() on ptolemy.moml.MoMLSimpleApplication@39fb68e6
reloadAllAccessors: .FunctionDependencyOfFSMActorTest

===========================================================================================
----------------- testing Fri Aug 17 01:58:11 UTC 2018 /home/travis/build/icyphy/ptII/ptolemy/domains/modal/test/auto/GuardExpression.xml
----------------- Instantiating /home/travis/build/icyphy/ptII/ptolemy/domains/modal/test/auto/GuardExpression.xml
1 ms. Memory: 578560K Free: 455994K (79%)
----------------- Invoking toplevel() on ptolemy.moml.MoMLSimpleApplication@45499702
----------------- Done invoking toplevel() on ptolemy.moml.MoMLSimpleApplication@45499702
reloadAllAccessors: .GuardExpression

===========================================================================================
----------------- testing Fri Aug 17 01:58:11 UTC 2018 /home/travis/build/icyphy/ptII/ptolemy/domains/modal/test/auto/GuardNotEvaluated.xml
----------------- Instantiating /home/travis/build/icyphy/ptII/ptolemy/domains/modal/test/auto/GuardNotEvaluated.xml
10 ms. Memory: 578560K Free: 442953K (77%)
----------------- Invoking toplevel() on ptolemy.moml.MoMLSimpleApplication@517b0e47
----------------- Done invoking toplevel() on ptolemy.moml.MoMLSimpleApplication@517b0e47
reloadAllAccessors: .GuardNotEvaluated

===========================================================================================
----------------- testing Fri Aug 17 01:58:11 UTC 2018 /home/travis/build/icyphy/ptII/ptolemy/domains/modal/test/auto/GuardNotEvaluated2.xml
----------------- Instantiating /home/travis/build/icyphy/ptII/ptolemy/domains/modal/test/auto/GuardNotEvaluated2.xml
5 ms. Memory: 578560K Free: 427709K (74%)
----------------- Invoking toplevel() on ptolemy.moml.MoMLSimpleApplication@5397fbc5
----------------- Done invoking toplevel() on ptolemy.moml.MoMLSimpleApplication@5397fbc5
reloadAllAccessors: .GuardNotEvaluated2

===========================================================================================
----------------- testing Fri Aug 17 01:58:11 UTC 2018 /home/travis/build/icyphy/ptII/ptolemy/domains/modal/test/auto/GuardOnAbsent.xml
----------------- Instantiating /home/travis/build/icyphy/ptII/ptolemy/domains/modal/test/auto/GuardOnAbsent.xml
7 ms. Memory: 578560K Free: 417924K (72%)
----------------- Invoking toplevel() on ptolemy.moml.MoMLSimpleApplication@79b741b3
----------------- Done invoking toplevel() on ptolemy.moml.MoMLSimpleApplication@79b741b3
reloadAllAccessors: .GuardOnAbsent

===========================================================================================
----------------- testing Fri Aug 17 01:58:11 UTC 2018 /home/travis/build/icyphy/ptII/ptolemy/domains/modal/test/auto/HierarchicalFSMTypeInference.xml
----------------- Instantiating /home/travis/build/icyphy/ptII/ptolemy/domains/modal/test/auto/HierarchicalFSMTypeInference.xml
11 ms. Memory: 578560K Free: 401626K (69%)
----------------- Invoking toplevel() on ptolemy.moml.MoMLSimpleApplication@64effd48
----------------- Done invoking toplevel() on ptolemy.moml.MoMLSimpleApplication@64effd48
reloadAllAccessors: .HierarchicalFSMTypeInference

===========================================================================================
----------------- testing Fri Aug 17 01:58:11 UTC 2018 /home/travis/build/icyphy/ptII/ptolemy/domains/modal/test/auto/Hysteresis.xml
----------------- Instantiating /home/travis/build/icyphy/ptII/ptolemy/domains/modal/test/auto/Hysteresis.xml
10 ms. Memory: 578560K Free: 379854K (66%)
----------------- Invoking toplevel() on ptolemy.moml.MoMLSimpleApplication@2dc9bfd9
----------------- Done invoking toplevel() on ptolemy.moml.MoMLSimpleApplication@2dc9bfd9
reloadAllAccessors: .Hysteresis

===========================================================================================
----------------- testing Fri Aug 17 01:58:11 UTC 2018 /home/travis/build/icyphy/ptII/ptolemy/domains/modal/test/auto/HysteresisWithDefault.xml
----------------- Instantiating /home/travis/build/icyphy/ptII/ptolemy/domains/modal/test/auto/HysteresisWithDefault.xml
31 ms. Memory: 578560K Free: 353771K (61%)
----------------- Invoking toplevel() on ptolemy.moml.MoMLSimpleApplication@308785
----------------- Done invoking toplevel() on ptolemy.moml.MoMLSimpleApplication@308785
reloadAllAccessors: .HysteresisWithDefault

===========================================================================================
----------------- testing Fri Aug 17 01:58:11 UTC 2018 /home/travis/build/icyphy/ptII/ptolemy/domains/modal/test/auto/HysteresisWithDefault2.xml
----------------- Instantiating /home/travis/build/icyphy/ptII/ptolemy/domains/modal/test/auto/HysteresisWithDefault2.xml
33 ms. Memory: 578560K Free: 318917K (55%)
----------------- Invoking toplevel() on ptolemy.moml.MoMLSimpleApplication@7cd3329d
----------------- Done invoking toplevel() on ptolemy.moml.MoMLSimpleApplication@7cd3329d
reloadAllAccessors: .HysteresisWithDefault2

===========================================================================================
----------------- testing Fri Aug 17 01:58:11 UTC 2018 /home/travis/build/icyphy/ptII/ptolemy/domains/modal/test/auto/ImmediateNonConstructiveness.xml
----------------- Instantiating /home/travis/build/icyphy/ptII/ptolemy/domains/modal/test/auto/ImmediateNonConstructiveness.xml
1 ms. Memory: 578560K Free: 309132K (53%)
----------------- Invoking toplevel() on ptolemy.moml.MoMLSimpleApplication@6ca7ae2a
----------------- Done invoking toplevel() on ptolemy.moml.MoMLSimpleApplication@6ca7ae2a
reloadAllAccessors: .ImmediateNonConstructiveness

===========================================================================================
----------------- testing Fri Aug 17 01:58:11 UTC 2018 /home/travis/build/icyphy/ptII/ptolemy/domains/modal/test/auto/ImmediateNonConstructiveness2.xml
----------------- Instantiating /home/travis/build/icyphy/ptII/ptolemy/domains/modal/test/auto/ImmediateNonConstructiveness2.xml
2 ms. Memory: 578560K Free: 299347K (52%)
----------------- Invoking toplevel() on ptolemy.moml.MoMLSimpleApplication@285c80c6
----------------- Done invoking toplevel() on ptolemy.moml.MoMLSimpleApplication@285c80c6
reloadAllAccessors: .ImmediateNonConstructiveness2

===========================================================================================
----------------- testing Fri Aug 17 01:58:11 UTC 2018 /home/travis/build/icyphy/ptII/ptolemy/domains/modal/test/auto/ImmediateTransitionReset.xml
----------------- Instantiating /home/travis/build/icyphy/ptII/ptolemy/domains/modal/test/auto/ImmediateTransitionReset.xml
3 ms. Memory: 578560K Free: 280831K (49%)
----------------- Invoking toplevel() on ptolemy.moml.MoMLSimpleApplication@23379a5e
----------------- Done invoking toplevel() on ptolemy.moml.MoMLSimpleApplication@23379a5e
reloadAllAccessors: .ImmediateTransitionReset

===========================================================================================
----------------- testing Fri Aug 17 01:58:11 UTC 2018 /home/travis/build/icyphy/ptII/ptolemy/domains/modal/test/auto/ImmediateTransitions1.xml
----------------- Instantiating /home/travis/build/icyphy/ptII/ptolemy/domains/modal/test/auto/ImmediateTransitions1.xml
1 ms. Memory: 578560K Free: 271046K (47%)
----------------- Invoking toplevel() on ptolemy.moml.MoMLSimpleApplication@69f90910
----------------- Done invoking toplevel() on ptolemy.moml.MoMLSimpleApplication@69f90910
reloadAllAccessors: .ImmediateTransitions1

===========================================================================================
----------------- testing Fri Aug 17 01:58:11 UTC 2018 /home/travis/build/icyphy/ptII/ptolemy/domains/modal/test/auto/ImmediateTransitionsInstantaneousCommunication.xml
----------------- Instantiating /home/travis/build/icyphy/ptII/ptolemy/domains/modal/test/auto/ImmediateTransitionsInstantaneousCommunication.xml
3 ms. Memory: 578560K Free: 254740K (44%)
----------------- Invoking toplevel() on ptolemy.moml.MoMLSimpleApplication@5fb9193
----------------- Done invoking toplevel() on ptolemy.moml.MoMLSimpleApplication@5fb9193
reloadAllAccessors: .ImmediateTransitionsInstantaneousCommunication

===========================================================================================
----------------- testing Fri Aug 17 01:58:11 UTC 2018 /home/travis/build/icyphy/ptII/ptolemy/domains/modal/test/auto/InitialImmediateTransition.xml
----------------- Instantiating /home/travis/build/icyphy/ptII/ptolemy/domains/modal/test/auto/InitialImmediateTransition.xml
3 ms. Memory: 578560K Free: 242769K (42%)
----------------- Invoking toplevel() on ptolemy.moml.MoMLSimpleApplication@2468ba24
----------------- Done invoking toplevel() on ptolemy.moml.MoMLSimpleApplication@2468ba24
reloadAllAccessors: .InitialImmediateTransition

===========================================================================================
----------------- testing Fri Aug 17 01:58:11 UTC 2018 /home/travis/build/icyphy/ptII/ptolemy/domains/modal/test/auto/InitialOutputs.xml
----------------- Instantiating /home/travis/build/icyphy/ptII/ptolemy/domains/modal/test/auto/InitialOutputs.xml
2 ms. Memory: 578560K Free: 232992K (40%)
----------------- Invoking toplevel() on ptolemy.moml.MoMLSimpleApplication@529fb043
----------------- Done invoking toplevel() on ptolemy.moml.MoMLSimpleApplication@529fb043
reloadAllAccessors: .InitialOutputs

===========================================================================================
----------------- testing Fri Aug 17 01:58:11 UTC 2018 /home/travis/build/icyphy/ptII/ptolemy/domains/modal/test/auto/InitialStateTransition1.xml
----------------- Instantiating /home/travis/build/icyphy/ptII/ptolemy/domains/modal/test/auto/InitialStateTransition1.xml
2 ms. Memory: 578560K Free: 219959K (38%)
----------------- Invoking toplevel() on ptolemy.moml.MoMLSimpleApplication@3e427a
----------------- Done invoking toplevel() on ptolemy.moml.MoMLSimpleApplication@3e427a
reloadAllAccessors: .InitialStateTransition1

===========================================================================================
----------------- testing Fri Aug 17 01:58:11 UTC 2018 /home/travis/build/icyphy/ptII/ptolemy/domains/modal/test/auto/InitialStateTransition2.xml
----------------- Instantiating /home/travis/build/icyphy/ptII/ptolemy/domains/modal/test/auto/InitialStateTransition2.xml
.InitialStateTransition2.TestExceptionAttributeNonConstructive: initialize() was not invoked, but wrapup() was.  This is unusual, but not always a problem.  For example, exporting JNLP will do this.
0 ms. Memory: 578560K Free: 204715K (35%)
----------------- Invoking toplevel() on ptolemy.moml.MoMLSimpleApplication@64a210dd
----------------- Done invoking toplevel() on ptolemy.moml.MoMLSimpleApplication@64a210dd
reloadAllAccessors: .InitialStateTransition2

===========================================================================================
----------------- testing Fri Aug 17 01:58:11 UTC 2018 /home/travis/build/icyphy/ptII/ptolemy/domains/modal/test/auto/InitialStateTransition3.xml
----------------- Instantiating /home/travis/build/icyphy/ptII/ptolemy/domains/modal/test/auto/InitialStateTransition3.xml
3 ms. Memory: 578560K Free: 191673K (33%)
----------------- Invoking toplevel() on ptolemy.moml.MoMLSimpleApplication@70a83fa2
----------------- Done invoking toplevel() on ptolemy.moml.MoMLSimpleApplication@70a83fa2
reloadAllAccessors: .InitialStateTransition3

===========================================================================================
----------------- testing Fri Aug 17 01:58:11 UTC 2018 /home/travis/build/icyphy/ptII/ptolemy/domains/modal/test/auto/InitialStateTransition4.xml
----------------- Instantiating /home/travis/build/icyphy/ptII/ptolemy/domains/modal/test/auto/InitialStateTransition4.xml
3 ms. Memory: 578560K Free: 176445K (30%)
----------------- Invoking toplevel() on ptolemy.moml.MoMLSimpleApplication@348166c
----------------- Done invoking toplevel() on ptolemy.moml.MoMLSimpleApplication@348166c
[...]
----------------- Done invoking toplevel() on ptolemy.moml.MoMLSimpleApplication@4349d95
reloadAllAccessors: .TerminationTransition3

===========================================================================================
----------------- testing Fri Aug 17 01:58:13 UTC 2018 /home/travis/build/icyphy/ptII/ptolemy/domains/modal/test/auto/TerminationTransition4.xml
----------------- Instantiating /home/travis/build/icyphy/ptII/ptolemy/domains/modal/test/auto/TerminationTransition4.xml
5 ms. Memory: 871424K Free: 78943K (9%)
----------------- Invoking toplevel() on ptolemy.moml.MoMLSimpleApplication@5625d6d
----------------- Done invoking toplevel() on ptolemy.moml.MoMLSimpleApplication@5625d6d
reloadAllAccessors: .TerminationTransition4

===========================================================================================
----------------- testing Fri Aug 17 01:58:13 UTC 2018 /home/travis/build/icyphy/ptII/ptolemy/domains/modal/test/auto/TerminationTransition5.xml
----------------- Instantiating /home/travis/build/icyphy/ptII/ptolemy/domains/modal/test/auto/TerminationTransition5.xml
2 ms. Memory: 871936K Free: 839762K (96%)
----------------- Invoking toplevel() on ptolemy.moml.MoMLSimpleApplication@72be4c19
----------------- Done invoking toplevel() on ptolemy.moml.MoMLSimpleApplication@72be4c19
reloadAllAccessors: .TerminationTransition5

===========================================================================================
----------------- testing Fri Aug 17 01:58:13 UTC 2018 /home/travis/build/icyphy/ptII/ptolemy/domains/modal/test/auto/TerminationTransition6.xml
----------------- Instantiating /home/travis/build/icyphy/ptII/ptolemy/domains/modal/test/auto/TerminationTransition6.xml
1 ms. Memory: 871936K Free: 822257K (94%)
----------------- Invoking toplevel() on ptolemy.moml.MoMLSimpleApplication@7f2395c0
----------------- Done invoking toplevel() on ptolemy.moml.MoMLSimpleApplication@7f2395c0
reloadAllAccessors: .TerminationTransition6

===========================================================================================
----------------- testing Fri Aug 17 01:58:13 UTC 2018 /home/travis/build/icyphy/ptII/ptolemy/domains/modal/test/auto/TerminationTransition7.xml
----------------- Instantiating /home/travis/build/icyphy/ptII/ptolemy/domains/modal/test/auto/TerminationTransition7.xml
4 ms. Memory: 871936K Free: 806509K (92%)
----------------- Invoking toplevel() on ptolemy.moml.MoMLSimpleApplication@5eaf17b2
----------------- Done invoking toplevel() on ptolemy.moml.MoMLSimpleApplication@5eaf17b2
reloadAllAccessors: .TerminationTransition7

===========================================================================================
----------------- testing Fri Aug 17 01:58:13 UTC 2018 /home/travis/build/icyphy/ptII/ptolemy/domains/modal/test/auto/TerminationTransition8.xml
----------------- Instantiating /home/travis/build/icyphy/ptII/ptolemy/domains/modal/test/auto/TerminationTransition8.xml
2 ms. Memory: 871936K Free: 789003K (90%)
----------------- Invoking toplevel() on ptolemy.moml.MoMLSimpleApplication@9723ff2
----------------- Done invoking toplevel() on ptolemy.moml.MoMLSimpleApplication@9723ff2
reloadAllAccessors: .TerminationTransition8

===========================================================================================
----------------- testing Fri Aug 17 01:58:13 UTC 2018 /home/travis/build/icyphy/ptII/ptolemy/domains/modal/test/auto/Thermostat_NoHysteresis.xml
----------------- Instantiating /home/travis/build/icyphy/ptII/ptolemy/domains/modal/test/auto/Thermostat_NoHysteresis.xml
20 ms. Memory: 871936K Free: 757734K (87%)
----------------- Invoking toplevel() on ptolemy.moml.MoMLSimpleApplication@3f54e294
----------------- Done invoking toplevel() on ptolemy.moml.MoMLSimpleApplication@3f54e294
reloadAllAccessors: .Thermostat_NoHysteresis

===========================================================================================
----------------- testing Fri Aug 17 01:58:14 UTC 2018 /home/travis/build/icyphy/ptII/ptolemy/domains/modal/test/auto/TimedFSM.xml
----------------- Instantiating /home/travis/build/icyphy/ptII/ptolemy/domains/modal/test/auto/TimedFSM.xml
6 ms. Memory: 871936K Free: 740236K (85%)
----------------- Invoking toplevel() on ptolemy.moml.MoMLSimpleApplication@3bbfcacb
----------------- Done invoking toplevel() on ptolemy.moml.MoMLSimpleApplication@3bbfcacb
reloadAllAccessors: .TimedFSM

===========================================================================================
----------------- testing Fri Aug 17 01:58:14 UTC 2018 /home/travis/build/icyphy/ptII/ptolemy/domains/modal/test/auto/Timeout1.xml
----------------- Instantiating /home/travis/build/icyphy/ptII/ptolemy/domains/modal/test/auto/Timeout1.xml
5 ms. Memory: 871936K Free: 729819K (84%)
----------------- Invoking toplevel() on ptolemy.moml.MoMLSimpleApplication@65066105
----------------- Done invoking toplevel() on ptolemy.moml.MoMLSimpleApplication@65066105
reloadAllAccessors: .Timeout1

===========================================================================================
----------------- testing Fri Aug 17 01:58:14 UTC 2018 /home/travis/build/icyphy/ptII/ptolemy/domains/modal/test/auto/Timeout2.xml
----------------- Instantiating /home/travis/build/icyphy/ptII/ptolemy/domains/modal/test/auto/Timeout2.xml
4 ms. Memory: 871936K Free: 712313K (82%)
----------------- Invoking toplevel() on ptolemy.moml.MoMLSimpleApplication@638c000a
----------------- Done invoking toplevel() on ptolemy.moml.MoMLSimpleApplication@638c000a
reloadAllAccessors: .Timeout2

===========================================================================================
----------------- testing Fri Aug 17 01:58:14 UTC 2018 /home/travis/build/icyphy/ptII/ptolemy/domains/modal/test/auto/Timeout3.xml
----------------- Instantiating /home/travis/build/icyphy/ptII/ptolemy/domains/modal/test/auto/Timeout3.xml
2 ms. Memory: 871936K Free: 701896K (80%)
----------------- Invoking toplevel() on ptolemy.moml.MoMLSimpleApplication@1498bfd2
----------------- Done invoking toplevel() on ptolemy.moml.MoMLSimpleApplication@1498bfd2
reloadAllAccessors: .Timeout3

===========================================================================================
----------------- testing Fri Aug 17 01:58:14 UTC 2018 /home/travis/build/icyphy/ptII/ptolemy/domains/modal/test/auto/Timeout4.xml
----------------- Instantiating /home/travis/build/icyphy/ptII/ptolemy/domains/modal/test/auto/Timeout4.xml
2 ms. Memory: 871936K Free: 689614K (79%)
----------------- Invoking toplevel() on ptolemy.moml.MoMLSimpleApplication@79a402ad
----------------- Done invoking toplevel() on ptolemy.moml.MoMLSimpleApplication@79a402ad
reloadAllAccessors: .Timeout4

===========================================================================================
----------------- testing Fri Aug 17 01:58:14 UTC 2018 /home/travis/build/icyphy/ptII/ptolemy/domains/modal/test/auto/TransientstateModelAdvanced.xml
----------------- Instantiating /home/travis/build/icyphy/ptII/ptolemy/domains/modal/test/auto/TransientstateModelAdvanced.xml
3 ms. Memory: 871936K Free: 668763K (77%)
----------------- Invoking toplevel() on ptolemy.moml.MoMLSimpleApplication@476060ef
----------------- Done invoking toplevel() on ptolemy.moml.MoMLSimpleApplication@476060ef
reloadAllAccessors: .TransientstateModelAdvanced

===========================================================================================
----------------- testing Fri Aug 17 01:58:14 UTC 2018 /home/travis/build/icyphy/ptII/ptolemy/domains/modal/test/auto/TransientstateModelAdvanced2.xml
----------------- Instantiating /home/travis/build/icyphy/ptII/ptolemy/domains/modal/test/auto/TransientstateModelAdvanced2.xml
3 ms. Memory: 871936K Free: 646049K (74%)
----------------- Invoking toplevel() on ptolemy.moml.MoMLSimpleApplication@6005457
----------------- Done invoking toplevel() on ptolemy.moml.MoMLSimpleApplication@6005457
reloadAllAccessors: .transientstatemodelAdvanced

===========================================================================================
----------------- testing Fri Aug 17 01:58:14 UTC 2018 /home/travis/build/icyphy/ptII/ptolemy/domains/modal/test/auto/TransitionRefinements.xml
----------------- Instantiating /home/travis/build/icyphy/ptII/ptolemy/domains/modal/test/auto/TransitionRefinements.xml
5 ms. Memory: 871936K Free: 630407K (72%)
----------------- Invoking toplevel() on ptolemy.moml.MoMLSimpleApplication@5ff20a31
----------------- Done invoking toplevel() on ptolemy.moml.MoMLSimpleApplication@5ff20a31
reloadAllAccessors: .TransitionRefinements

===========================================================================================
----------------- testing Fri Aug 17 01:58:14 UTC 2018 /home/travis/build/icyphy/ptII/ptolemy/domains/modal/test/auto/TwoRefinements1.xml
----------------- Instantiating /home/travis/build/icyphy/ptII/ptolemy/domains/modal/test/auto/TwoRefinements1.xml
2 ms. Memory: 871936K Free: 612901K (70%)
----------------- Invoking toplevel() on ptolemy.moml.MoMLSimpleApplication@4a4c656c
----------------- Done invoking toplevel() on ptolemy.moml.MoMLSimpleApplication@4a4c656c
reloadAllAccessors: .TwoRefinements1

===========================================================================================
----------------- testing Fri Aug 17 01:58:14 UTC 2018 /home/travis/build/icyphy/ptII/ptolemy/domains/modal/test/auto/TwoRefinements2.xml
----------------- Instantiating /home/travis/build/icyphy/ptII/ptolemy/domains/modal/test/auto/TwoRefinements2.xml
3 ms. Memory: 871936K Free: 597259K (68%)
----------------- Invoking toplevel() on ptolemy.moml.MoMLSimpleApplication@1f1abbed
----------------- Done invoking toplevel() on ptolemy.moml.MoMLSimpleApplication@1f1abbed
reloadAllAccessors: .TwoRefinements2

===========================================================================================
----------------- testing Fri Aug 17 01:58:14 UTC 2018 /home/travis/build/icyphy/ptII/ptolemy/domains/modal/test/auto/WeakImmediateTransition.xml
----------------- Instantiating /home/travis/build/icyphy/ptII/ptolemy/domains/modal/test/auto/WeakImmediateTransition.xml
3 ms. Memory: 871936K Free: 579761K (66%)
----------------- Invoking toplevel() on ptolemy.moml.MoMLSimpleApplication@518540c0
----------------- Done invoking toplevel() on ptolemy.moml.MoMLSimpleApplication@518540c0
reloadAllAccessors: .WeakImmediateTransition

===========================================================================================
----------------- testing Fri Aug 17 01:58:14 UTC 2018 /home/travis/build/icyphy/ptII/ptolemy/domains/modal/test/auto/booleanSelect.xml
----------------- Instantiating /home/travis/build/icyphy/ptII/ptolemy/domains/modal/test/auto/booleanSelect.xml
46 ms. Memory: 871936K Free: 553677K (63%)
----------------- Invoking toplevel() on ptolemy.moml.MoMLSimpleApplication@3a13787c
----------------- Done invoking toplevel() on ptolemy.moml.MoMLSimpleApplication@3a13787c
reloadAllAccessors: .booleanSelect

===========================================================================================
----------------- testing Fri Aug 17 01:58:14 UTC 2018 /home/travis/build/icyphy/ptII/ptolemy/domains/modal/test/auto/modalChangingParams.xml
----------------- Instantiating /home/travis/build/icyphy/ptII/ptolemy/domains/modal/test/auto/modalChangingParams.xml
0
1
0
2
4
6
8
7
0
2
4
6
8
13
0
2
4
6
8
19
0
2
4
6
8
25
0
2
4
6
8
31
0
2
4
6
8
37
0
2
4
6
8
43
0
2
4
6
8
49
0
2
4
6
8
55
0
2
4
6
8
61
0
2
4
6
8
67
0
2
4
6
8
73
0
2
4
6
8
79
0
2
4
6
8
85
0
2
4
6
8
91
0
2
4
6
8
97
0
2
4
6
8
103
0
2
4
6
8
109
0
2
4
6
8
115
0
2
4
6
8
121
0
2
4
6
8
127
0
2
4
6
8
133
0
2
4
6
8
139
0
2
4
6
8
145
0
2
4
6
8
151
0
2
4
6
8
157
0
2
4
6
8
163
0
2
4
6
8
169
0
2
4
6
8
175
0
2
4
6
8
181
0
2
4
6
8
187
0
2
4
6
8
193
0
2
4
6
8
199
0
2
4
6
8
205
0
2
4
6
8
211
0
2
4
6
8
217
0
2
4
6
8
223
0
2
4
6
8
229
0
2
4
6
8
235
0
2
4
6
8
241
0
2
4
6
8
247
0
2
4
6
8
253
0
2
4
6
8
259
0
2
4
6
8
265
0
2
4
6
8
271
0
2
4
6
8
277
0
2
4
6
8
283
0
2
4
6
8
289
0
2
4
6
8
295
0
2
4
6
8
301
0
2
4
6
8
307
0
2
4
6
8
313
0
2
4
6
8
319
0
2
4
6
8
325
0
2
4
6
8
331
0
2
4
6
8
337
0
2
4
6
8
343
0
2
4
6
8
349
0
2
4
6
8
355
0
2
4
6
8
361
0
2
4
6
8
367
0
2
4
6
8
373
0
2
4
6
8
379
0
2
4
6
8
385
0
2
4
6
8
391
0
2
4
6
8
397
0
2
4
6
8
403
0
2
4
6
8
409
0
2
4
6
8
415
0
2
4
6
8
421
0
2
4
6
8
427
0
2
4
6
8
433
0
2
4
6
8
439
0
2
4
6
8
445
0
2
4
6
8
451
0
2
4
6
8
457
0
2
4
6
8
463
0
2
4
6
8
469
0
2
4
6
8
475
0
2
4
6
8
481
0
2
4
6
8
487
0
2
4
6
8
493
0
2
4
6
8
499
0
2
4
6
8
505
0
2
4
6
8
511
0
2
4
6
8
517
0
2
4
6
8
523
0
2
4
6
8
529
0
2
4
6
8
535
0
2
4
6
8
541
0
2
4
6
8
547
0
2
4
6
8
553
0
2
4
6
8
559
0
2
4
6
8
565
0
2
4
6
8
571
0
2
4
6
8
577
0
2
4
6
8
583
0
2
4
6
8
589
0
2
4
6
8
595
0
2
4
6
8
601
0
2
4
6
8
607
0
2
4
6
8
613
0
2
4
6
8
619
0
2
4
6
8
625
0
2
4
6
8
631
0
2
4
6
8
637
0
2
4
6
8
643
0
2
4
6
8
649
0
2
4
6
8
655
0
2
4
6
8
661
0
2
4
6
8
667
0
2
4
6
8
673
0
2
4
6
8
679
0
2
4
6
8
685
0
2
4
6
8
691
0
2
4
6
8
697
0
2
4
6
8
703
0
2
4
6
8
709
0
2
4
6
8
715
0
2
4
6
8
721
0
2
4
6
8
727
0
2
4
6
8
733
0
2
4
6
8
739
0
2
4
6
8
745
0
2
4
6
8
751
0
2
4
6
8
757
0
2
4
6
8
763
0
2
4
6
8
769
0
2
4
6
8
775
0
2
4
6
8
781
0
2
4
6
8
787
0
2
4
6
8
793
0
2
4
6
8
799
0
2
4
6
8
805
0
2
4
6
8
811
0
2
4
6
8
817
0
2
4
6
8
823
0
2
4
6
8
829
0
2
4
6
8
835
0
2
4
6
8
841
0
2
4
6
8
847
0
2
4
6
8
853
0
2
4
6
8
859
0
2
4
6
8
865
0
2
4
6
8
871
0
2
4
6
8
877
0
2
4
6
8
883
0
2
4
6
8
889
0
2
4
6
8
895
0
2
4
6
8
901
0
2
4
6
8
907
0
2
4
6
8
913
0
2
4
6
8
919
0
2
4
6
8
925
0
2
4
6
8
931
0
2
4
6
8
937
0
2
4
6
8
943
0
2
4
6
8
949
0
2
4
6
8
955
0
2
4
6
8
961
0
2
4
6
8
967
0
2
4
6
8
973
0
2
4
6
8
979
0
2
4
6
8
985
0
2
4
6
8
991
0
2
4
6
8
997
0
2
182 ms. Memory: 871936K Free: 433699K (50%)
----------------- Invoking toplevel() on ptolemy.moml.MoMLSimpleApplication@9d5fb8d
----------------- Done invoking toplevel() on ptolemy.moml.MoMLSimpleApplication@9d5fb8d
reloadAllAccessors: .modalChangingParams

===========================================================================================
----------------- testing Fri Aug 17 01:58:14 UTC 2018 /home/travis/build/icyphy/ptII/ptolemy/domains/modal/test/auto/modalModel.xml
----------------- Instantiating /home/travis/build/icyphy/ptII/ptolemy/domains/modal/test/auto/modalModel.xml
4 ms. Memory: 871936K Free: 416193K (48%)
----------------- Invoking toplevel() on ptolemy.moml.MoMLSimpleApplication@50fec1f5
----------------- Done invoking toplevel() on ptolemy.moml.MoMLSimpleApplication@50fec1f5
reloadAllAccessors: .modalModel

===========================================================================================
----------------- testing Fri Aug 17 01:58:14 UTC 2018 /home/travis/build/icyphy/ptII/ptolemy/domains/modal/test/auto/modalModel2.xml
----------------- Instantiating /home/travis/build/icyphy/ptII/ptolemy/domains/modal/test/auto/modalModel2.xml
10 ms. Memory: 871936K Free: 400551K (46%)
----------------- Invoking toplevel() on ptolemy.moml.MoMLSimpleApplication@4eeb1ebc
----------------- Done invoking toplevel() on ptolemy.moml.MoMLSimpleApplication@4eeb1ebc
reloadAllAccessors: .modalModel2

===========================================================================================
----------------- testing Fri Aug 17 01:58:14 UTC 2018 /home/travis/build/icyphy/ptII/ptolemy/domains/modal/test/auto/modalModel3.xml
----------------- Instantiating /home/travis/build/icyphy/ptII/ptolemy/domains/modal/test/auto/modalModel3.xml
0	0	0
1	0	1
4	2	2
7	4	3
10	6	4
5	0	5
8	2	6
11	4	7
14	6	8
9	0	9
12	2	10
15	4	11
18	6	12
13	0	13
16	2	14
12 ms. Memory: 871936K Free: 377844K (43%)
----------------- Invoking toplevel() on ptolemy.moml.MoMLSimpleApplication@5294606e
----------------- Done invoking toplevel() on ptolemy.moml.MoMLSimpleApplication@5294606e
reloadAllAccessors: .modalModel3

===========================================================================================
----------------- testing Fri Aug 17 01:58:14 UTC 2018 /home/travis/build/icyphy/ptII/ptolemy/domains/modal/test/auto/model1.xml
----------------- Instantiating /home/travis/build/icyphy/ptII/ptolemy/domains/modal/test/auto/model1.xml
9 ms. Memory: 871936K Free: 367427K (42%)
----------------- Invoking toplevel() on ptolemy.moml.MoMLSimpleApplication@47b5c10c
----------------- Done invoking toplevel() on ptolemy.moml.MoMLSimpleApplication@47b5c10c
reloadAllAccessors: .model1

===========================================================================================
----------------- testing Fri Aug 17 01:58:14 UTC 2018 /home/travis/build/icyphy/ptII/ptolemy/domains/modal/test/auto/test-direct-in-out.xml
----------------- Instantiating /home/travis/build/icyphy/ptII/ptolemy/domains/modal/test/auto/test-direct-in-out.xml
4 ms. Memory: 871936K Free: 349921K (40%)
----------------- Invoking toplevel() on ptolemy.moml.MoMLSimpleApplication@5b8fde3e
----------------- Done invoking toplevel() on ptolemy.moml.MoMLSimpleApplication@5b8fde3e
reloadAllAccessors: .test-direct-in-out
AutoTests.java: About to close Vertx.
AutoTests.java: Vertx closed.
]]></system-out>
  <system-err><![CDATA[java.lang.RuntimeException: Execution failed
	at ptolemy.moml.MoMLSimpleApplication$UnloadThread.run(MoMLSimpleApplication.java:402)
Caused by: ptolemy.kernel.util.IllegalActionException: Unknown inputs remain. Possible causality loop:
L_model_1893289564i

  in .CannotAnalysisWithPreemption.model_1893289564_region_1 and .CannotAnalysisWithPreemption.model_1893289564_region_1.L_model_1893289564i
	at ptolemy.actor.sched.FixedPointDirector.postfire(FixedPointDirector.java:515)
	at ptolemy.domains.sr.kernel.SRDirector.postfire(SRDirector.java:417)
	at ptolemy.actor.CompositeActor.postfire(CompositeActor.java:1668)
	at ptolemy.actor.Manager.iterate(Manager.java:852)
	at ptolemy.actor.Manager.execute(Manager.java:369)
	at ptolemy.actor.Manager.run(Manager.java:1263)
	at ptolemy.actor.Manager$PtolemyRunThread.run(Manager.java:1915)
java.lang.reflect.InvocationTargetException
	at sun.reflect.NativeConstructorAccessorImpl.newInstance0(Native Method)
	at sun.reflect.NativeConstructorAccessorImpl.newInstance(NativeConstructorAccessorImpl.java:62)
	at sun.reflect.DelegatingConstructorAccessorImpl.newInstance(DelegatingConstructorAccessorImpl.java:45)
	at java.lang.reflect.Constructor.newInstance(Constructor.java:423)
	at ptolemy.util.test.junit.AutoKnownFailedTests.RunModel(AutoKnownFailedTests.java:107)
	at sun.reflect.NativeMethodAccessorImpl.invoke0(Native Method)
	at sun.reflect.NativeMethodAccessorImpl.invoke(NativeMethodAccessorImpl.java:62)
	at sun.reflect.DelegatingMethodAccessorImpl.invoke(DelegatingMethodAccessorImpl.java:43)
	at java.lang.reflect.Method.invoke(Method.java:498)
	at org.junit.runners.model.FrameworkMethod$1.runReflectiveCall(FrameworkMethod.java:44)
	at org.junit.internal.runners.model.ReflectiveCallable.run(ReflectiveCallable.java:15)
	at org.junit.runners.model.FrameworkMethod.invokeExplosively(FrameworkMethod.java:41)
	at junitparams.internal.InvokeParameterisedMethod.evaluate(InvokeParameterisedMethod.java:102)
	at org.junit.internal.runners.statements.FailOnTimeout$1.run(FailOnTimeout.java:28)
Caused by: ptolemy.kernel.util.IllegalActionException: Unknown inputs remain. Possible causality loop:
L_model_1893289564i

  in .CannotAnalysisWithPreemption.model_1893289564_region_1 and .CannotAnalysisWithPreemption.model_1893289564_region_1.L_model_1893289564i
	at ptolemy.actor.sched.FixedPointDirector.postfire(FixedPointDirector.java:515)
	at ptolemy.domains.sr.kernel.SRDirector.postfire(SRDirector.java:417)
	at ptolemy.actor.CompositeActor.postfire(CompositeActor.java:1668)
	at ptolemy.actor.Manager.iterate(Manager.java:852)
	at ptolemy.actor.Manager.execute(Manager.java:369)
	at ptolemy.actor.Manager.run(Manager.java:1263)
	at ptolemy.actor.Manager$PtolemyRunThread.run(Manager.java:1915)
]]></system-err>
</testsuite>
