<?xml version="1.0" encoding="UTF-8" ?>
<testsuite errors="0" failures="0" hostname="travis-job-81aff412-c042-41ae-b6d7-401e72a3d09f" name="ptolemy.domains.de.test.junit.JUnitTclTest" skipped="0" tests="101" time="132.97" timestamp="2019-08-06T05:16:03">
  <properties>
[...]
</properties>
  <testcase classname="ptolemy.util.test.junit.TclTests" name="[0] /home/travis/build/icyphy/ptII/ptolemy/domains/de/test/DependencyLoop.tcl (RunTclFile)" time="1.199" />
  <testcase classname="ptolemy.util.test.junit.TclTests" name="[1] /home/travis/build/icyphy/ptII/ptolemy/domains/de/test/RunDETestsAsQSS.tcl (RunTclFile)" time="90.173" />
  <testcase classname="ptolemy.util.test.junit.AutoKnownFailedTests" name="[0] /home/travis/build/icyphy/ptII/ptolemy/domains/de/test/auto/knownFailedTests/DESDFClockTest.xml (RunModel)" time="2.041" />
  <testcase classname="ptolemy.util.test.junit.AutoKnownFailedTests" name="[1] /home/travis/build/icyphy/ptII/ptolemy/domains/de/test/auto/knownFailedTests/DirectFeedback.xml (RunModel)" time="0.017" />
  <testcase classname="ptolemy.util.test.junit.AutoKnownFailedTests" name="[2] /home/travis/build/icyphy/ptII/ptolemy/domains/de/test/auto/knownFailedTests/FSMSource.xml (RunModel)" time="0.026" />
  <testcase classname="ptolemy.util.test.junit.AutoKnownFailedTests" name="[3] /home/travis/build/icyphy/ptII/ptolemy/domains/de/test/auto/knownFailedTests/HierarchicalModel.xml (RunModel)" time="0.035" />
  <testcase classname="ptolemy.util.test.junit.AutoKnownFailedTests" name="[4] /home/travis/build/icyphy/ptII/ptolemy/domains/de/test/auto/knownFailedTests/dependencyLoop.xml (RunModel)" time="0.032" />
  <testcase classname="ptolemy.util.test.junit.AutoKnownFailedTests" name="[5] /home/travis/build/icyphy/ptII/ptolemy/domains/de/test/auto/knownFailedTests/dependencyLoop2.xml (RunModel)" time="0.044" />
  <testcase classname="ptolemy.util.test.junit.AutoNameArchTests" name="[0] ThereAreNoAutoArchTests (RunModel)" time="0.002" />
  <testcase classname="ptolemy.util.test.junit.AutoTests" name="[0] /home/travis/build/icyphy/ptII/ptolemy/domains/de/test/auto/ActorDepthCalculation_actorWithoutPorts.xml (RunModel)" time="0.02" />
  <testcase classname="ptolemy.util.test.junit.AutoTests" name="[1] /home/travis/build/icyphy/ptII/ptolemy/domains/de/test/auto/AssemblyLine.xml (RunModel)" time="0.027" />
  <testcase classname="ptolemy.util.test.junit.AutoTests" name="[2] /home/travis/build/icyphy/ptII/ptolemy/domains/de/test/auto/CQBug1.xml (RunModel)" time="0.014" />
  <testcase classname="ptolemy.util.test.junit.AutoTests" name="[3] /home/travis/build/icyphy/ptII/ptolemy/domains/de/test/auto/CancelFireAt.xml (RunModel)" time="0.011" />
  <testcase classname="ptolemy.util.test.junit.AutoTests" name="[4] /home/travis/build/icyphy/ptII/ptolemy/domains/de/test/auto/CausalityAndComposabilityAnalysis.xml (RunModel)" time="0.015" />
  <testcase classname="ptolemy.util.test.junit.AutoTests" name="[5] /home/travis/build/icyphy/ptII/ptolemy/domains/de/test/auto/CausalityInterface1.xml (RunModel)" time="0.014" />
  <testcase classname="ptolemy.util.test.junit.AutoTests" name="[6] /home/travis/build/icyphy/ptII/ptolemy/domains/de/test/auto/CausalityInterface15.xml (RunModel)" time="0.023" />
  <testcase classname="ptolemy.util.test.junit.AutoTests" name="[7] /home/travis/build/icyphy/ptII/ptolemy/domains/de/test/auto/CausalityInterface2.xml (RunModel)" time="0.014" />
  <testcase classname="ptolemy.util.test.junit.AutoTests" name="[8] /home/travis/build/icyphy/ptII/ptolemy/domains/de/test/auto/CausalityInterface3.xml (RunModel)" time="0.01" />
  <testcase classname="ptolemy.util.test.junit.AutoTests" name="[9] /home/travis/build/icyphy/ptII/ptolemy/domains/de/test/auto/ClockDrift.xml (RunModel)" time="0.029" />
  <testcase classname="ptolemy.util.test.junit.AutoTests" name="[10] /home/travis/build/icyphy/ptII/ptolemy/domains/de/test/auto/ClockDriftAndValueChange.xml (RunModel)" time="0.03" />
  <testcase classname="ptolemy.util.test.junit.AutoTests" name="[11] /home/travis/build/icyphy/ptII/ptolemy/domains/de/test/auto/ClockDriftChange.xml (RunModel)" time="0.027" />
  <testcase classname="ptolemy.util.test.junit.AutoTests" name="[12] /home/travis/build/icyphy/ptII/ptolemy/domains/de/test/auto/ComposableCausalityAnalysis.xml (RunModel)" time="0.009" />
  <testcase classname="ptolemy.util.test.junit.AutoTests" name="[13] /home/travis/build/icyphy/ptII/ptolemy/domains/de/test/auto/DEFixedPointLimitation.xml (RunModel)" time="0.006" />
  <testcase classname="ptolemy.util.test.junit.AutoTests" name="[14] /home/travis/build/icyphy/ptII/ptolemy/domains/de/test/auto/DEScheduleTest.xml (RunModel)" time="0.011" />
  <testcase classname="ptolemy.util.test.junit.AutoTests" name="[15] /home/travis/build/icyphy/ptII/ptolemy/domains/de/test/auto/DEinDEwithStartTimes.xml (RunModel)" time="0.014" />
  <testcase classname="ptolemy.util.test.junit.AutoTests" name="[16] /home/travis/build/icyphy/ptII/ptolemy/domains/de/test/auto/DEinDEwithStartTimes2.xml (RunModel)" time="0.013" />
  <testcase classname="ptolemy.util.test.junit.AutoTests" name="[17] /home/travis/build/icyphy/ptII/ptolemy/domains/de/test/auto/DateDemo.xml (RunModel)" time="0.028" />
  <testcase classname="ptolemy.util.test.junit.AutoTests" name="[18] /home/travis/build/icyphy/ptII/ptolemy/domains/de/test/auto/DateToEvent.xml (RunModel)" time="2.03" />
  <testcase classname="ptolemy.util.test.junit.AutoTests" name="[19] /home/travis/build/icyphy/ptII/ptolemy/domains/de/test/auto/DepthTest1.xml (RunModel)" time="0.009" />
  <testcase classname="ptolemy.util.test.junit.AutoTests" name="[20] /home/travis/build/icyphy/ptII/ptolemy/domains/de/test/auto/DepthTest2.xml (RunModel)" time="0.019" />
  <testcase classname="ptolemy.util.test.junit.AutoTests" name="[21] /home/travis/build/icyphy/ptII/ptolemy/domains/de/test/auto/DepthTest3.xml (RunModel)" time="0.008" />
  <testcase classname="ptolemy.util.test.junit.AutoTests" name="[22] /home/travis/build/icyphy/ptII/ptolemy/domains/de/test/auto/DepthTest4.xml (RunModel)" time="0.023" />
  <testcase classname="ptolemy.util.test.junit.AutoTests" name="[23] /home/travis/build/icyphy/ptII/ptolemy/domains/de/test/auto/DepthTest5.xml (RunModel)" time="0.015" />
  <testcase classname="ptolemy.util.test.junit.AutoTests" name="[24] /home/travis/build/icyphy/ptII/ptolemy/domains/de/test/auto/DepthTest6.xml (RunModel)" time="0.011" />
  <testcase classname="ptolemy.util.test.junit.AutoTests" name="[25] /home/travis/build/icyphy/ptII/ptolemy/domains/de/test/auto/DepthTest7.xml (RunModel)" time="0.011" />
  <testcase classname="ptolemy.util.test.junit.AutoTests" name="[26] /home/travis/build/icyphy/ptII/ptolemy/domains/de/test/auto/EventToDate.xml (RunModel)" time="3.044" />
  <testcase classname="ptolemy.util.test.junit.AutoTests" name="[27] /home/travis/build/icyphy/ptII/ptolemy/domains/de/test/auto/FSM1.xml (RunModel)" time="0.052" />
  <testcase classname="ptolemy.util.test.junit.AutoTests" name="[28] /home/travis/build/icyphy/ptII/ptolemy/domains/de/test/auto/FSM7.xml (RunModel)" time="0.041" />
  <testcase classname="ptolemy.util.test.junit.AutoTests" name="[29] /home/travis/build/icyphy/ptII/ptolemy/domains/de/test/auto/Inspection.xml (RunModel)" time="0.047" />
  <testcase classname="ptolemy.util.test.junit.AutoTests" name="[30] /home/travis/build/icyphy/ptII/ptolemy/domains/de/test/auto/Iteration.xml (RunModel)" time="0.023" />
  <testcase classname="ptolemy.util.test.junit.AutoTests" name="[31] /home/travis/build/icyphy/ptII/ptolemy/domains/de/test/auto/LineFault.xml (RunModel)" time="0.621" />
  <testcase classname="ptolemy.util.test.junit.AutoTests" name="[32] /home/travis/build/icyphy/ptII/ptolemy/domains/de/test/auto/MergeModel1Add.xml (RunModel)" time="0.052" />
  <testcase classname="ptolemy.util.test.junit.AutoTests" name="[33] /home/travis/build/icyphy/ptII/ptolemy/domains/de/test/auto/MergeModel2Add.xml (RunModel)" time="0.041" />
  <testcase classname="ptolemy.util.test.junit.AutoTests" name="[34] /home/travis/build/icyphy/ptII/ptolemy/domains/de/test/auto/MergeModel3Add.xml (RunModel)" time="0.043" />
  <testcase classname="ptolemy.util.test.junit.AutoTests" name="[35] /home/travis/build/icyphy/ptII/ptolemy/domains/de/test/auto/MergeWithoutDiscard.xml (RunModel)" time="0.018" />
  <testcase classname="ptolemy.util.test.junit.AutoTests" name="[36] /home/travis/build/icyphy/ptII/ptolemy/domains/de/test/auto/Modal1.xml (RunModel)" time="0.031" />
  <testcase classname="ptolemy.util.test.junit.AutoTests" name="[37] /home/travis/build/icyphy/ptII/ptolemy/domains/de/test/auto/Modal2.xml (RunModel)" time="0.03" />
  <testcase classname="ptolemy.util.test.junit.AutoTests" name="[38] /home/travis/build/icyphy/ptII/ptolemy/domains/de/test/auto/Modal3.xml (RunModel)" time="0.028" />
  <testcase classname="ptolemy.util.test.junit.AutoTests" name="[39] /home/travis/build/icyphy/ptII/ptolemy/domains/de/test/auto/Modal4.xml (RunModel)" time="0.034" />
  <testcase classname="ptolemy.util.test.junit.AutoTests" name="[40] /home/travis/build/icyphy/ptII/ptolemy/domains/de/test/auto/Modal5.xml (RunModel)" time="0.029" />
  <testcase classname="ptolemy.util.test.junit.AutoTests" name="[41] /home/travis/build/icyphy/ptII/ptolemy/domains/de/test/auto/Modal6.xml (RunModel)" time="0.03" />
  <testcase classname="ptolemy.util.test.junit.AutoTests" name="[42] /home/travis/build/icyphy/ptII/ptolemy/domains/de/test/auto/Modal7.xml (RunModel)" time="0.031" />
  <testcase classname="ptolemy.util.test.junit.AutoTests" name="[43] /home/travis/build/icyphy/ptII/ptolemy/domains/de/test/auto/ModalModel.xml (RunModel)" time="0.201" />
  <testcase classname="ptolemy.util.test.junit.AutoTests" name="[44] /home/travis/build/icyphy/ptII/ptolemy/domains/de/test/auto/ModalSource.xml (RunModel)" time="0.026" />
  <testcase classname="ptolemy.util.test.junit.AutoTests" name="[45] /home/travis/build/icyphy/ptII/ptolemy/domains/de/test/auto/NonInterruptibleTimerZeroDelay.xml (RunModel)" time="0.009" />
  <testcase classname="ptolemy.util.test.junit.AutoTests" name="[46] /home/travis/build/icyphy/ptII/ptolemy/domains/de/test/auto/OpenQueueingNetwork.xml (RunModel)" time="2.381" />
  <testcase classname="ptolemy.util.test.junit.AutoTests" name="[47] /home/travis/build/icyphy/ptII/ptolemy/domains/de/test/auto/OpenQueuingNetwork.xml (RunModel)" time="0.301" />
  <testcase classname="ptolemy.util.test.junit.AutoTests" name="[48] /home/travis/build/icyphy/ptII/ptolemy/domains/de/test/auto/PeriodicSampler.xml (RunModel)" time="0.011" />
  <testcase classname="ptolemy.util.test.junit.AutoTests" name="[49] /home/travis/build/icyphy/ptII/ptolemy/domains/de/test/auto/PersistentIO.xml (RunModel)" time="0.019" />
  <testcase classname="ptolemy.util.test.junit.AutoTests" name="[50] /home/travis/build/icyphy/ptII/ptolemy/domains/de/test/auto/PortParameterResetOnInitialize.xml (RunModel)" time="0.011" />
  <testcase classname="ptolemy.util.test.junit.AutoTests" name="[51] /home/travis/build/icyphy/ptII/ptolemy/domains/de/test/auto/PortParameterUpdates.xml (RunModel)" time="0.013" />
  <testcase classname="ptolemy.util.test.junit.AutoTests" name="[52] /home/travis/build/icyphy/ptII/ptolemy/domains/de/test/auto/QueueAndServer.xml (RunModel)" time="0.018" />
  <testcase classname="ptolemy.util.test.junit.AutoTests" name="[53] /home/travis/build/icyphy/ptII/ptolemy/domains/de/test/auto/Records.xml (RunModel)" time="0.019" />
  <testcase classname="ptolemy.util.test.junit.AutoTests" name="[54] /home/travis/build/icyphy/ptII/ptolemy/domains/de/test/auto/ResetTransitionWithStartTime1.xml (RunModel)" time="0.018" />
  <testcase classname="ptolemy.util.test.junit.AutoTests" name="[55] /home/travis/build/icyphy/ptII/ptolemy/domains/de/test/auto/ResetTransitionWithStartTime2.xml (RunModel)" time="0.023" />
  <testcase classname="ptolemy.util.test.junit.AutoTests" name="[56] /home/travis/build/icyphy/ptII/ptolemy/domains/de/test/auto/ResetTransitionWithStartTime3.xml (RunModel)" time="0.018" />
  <testcase classname="ptolemy.util.test.junit.AutoTests" name="[57] /home/travis/build/icyphy/ptII/ptolemy/domains/de/test/auto/ResetTransitionWithStartTime4.xml (RunModel)" time="0.018" />
  <testcase classname="ptolemy.util.test.junit.AutoTests" name="[58] /home/travis/build/icyphy/ptII/ptolemy/domains/de/test/auto/ResettableTimer1.xml (RunModel)" time="0.01" />
  <testcase classname="ptolemy.util.test.junit.AutoTests" name="[59] /home/travis/build/icyphy/ptII/ptolemy/domains/de/test/auto/ResettableTimer2.xml (RunModel)" time="0.012" />
  <testcase classname="ptolemy.util.test.junit.AutoTests" name="[60] /home/travis/build/icyphy/ptII/ptolemy/domains/de/test/auto/ResettableTimer3.xml (RunModel)" time="0.009" />
  <testcase classname="ptolemy.util.test.junit.AutoTests" name="[61] /home/travis/build/icyphy/ptII/ptolemy/domains/de/test/auto/ResettableTimer4.xml (RunModel)" time="0.011" />
  <testcase classname="ptolemy.util.test.junit.AutoTests" name="[62] /home/travis/build/icyphy/ptII/ptolemy/domains/de/test/auto/ResettableTimer5.xml (RunModel)" time="0.009" />
  <testcase classname="ptolemy.util.test.junit.AutoTests" name="[63] /home/travis/build/icyphy/ptII/ptolemy/domains/de/test/auto/ResettableTimer6.xml (RunModel)" time="0.015" />
  <testcase classname="ptolemy.util.test.junit.AutoTests" name="[64] /home/travis/build/icyphy/ptII/ptolemy/domains/de/test/auto/ServerZeroDelay.xml (RunModel)" time="0.01" />
  <testcase classname="ptolemy.util.test.junit.AutoTests" name="[65] /home/travis/build/icyphy/ptII/ptolemy/domains/de/test/auto/SmartSender.xml (RunModel)" time="3.013" />
  <testcase classname="ptolemy.util.test.junit.AutoTests" name="[66] /home/travis/build/icyphy/ptII/ptolemy/domains/de/test/auto/ThreadedComposite.xml (RunModel)" time="0.133" />
  <testcase classname="ptolemy.util.test.junit.AutoTests" name="[67] /home/travis/build/icyphy/ptII/ptolemy/domains/de/test/auto/Time.xml (RunModel)" time="0.414" />
  <testcase classname="ptolemy.util.test.junit.AutoTests" name="[68] /home/travis/build/icyphy/ptII/ptolemy/domains/de/test/auto/TimeDelayZeroDelay.xml (RunModel)" time="0.018" />
  <testcase classname="ptolemy.util.test.junit.AutoTests" name="[69] /home/travis/build/icyphy/ptII/ptolemy/domains/de/test/auto/TimerZeroDelay.xml (RunModel)" time="0.014" />
  <testcase classname="ptolemy.util.test.junit.AutoTests" name="[70] /home/travis/build/icyphy/ptII/ptolemy/domains/de/test/auto/TimingParadox.xml (RunModel)" time="0.377" />
  <testcase classname="ptolemy.util.test.junit.AutoTests" name="[71] /home/travis/build/icyphy/ptII/ptolemy/domains/de/test/auto/TransferInputs.xml (RunModel)" time="0.009" />
  <testcase classname="ptolemy.util.test.junit.AutoTests" name="[72] /home/travis/build/icyphy/ptII/ptolemy/domains/de/test/auto/TransferOutputs2.xml (RunModel)" time="0.021" />
  <testcase classname="ptolemy.util.test.junit.AutoTests" name="[73] /home/travis/build/icyphy/ptII/ptolemy/domains/de/test/auto/Trilateration.xml (RunModel)" time="12.789" />
  <testcase classname="ptolemy.util.test.junit.AutoTests" name="[74] /home/travis/build/icyphy/ptII/ptolemy/domains/de/test/auto/TwoSigmaDelta.xml (RunModel)" time="2.217" />
  <testcase classname="ptolemy.util.test.junit.AutoTests" name="[75] /home/travis/build/icyphy/ptII/ptolemy/domains/de/test/auto/VariableDelay.xml (RunModel)" time="0.018" />
  <testcase classname="ptolemy.util.test.junit.AutoTests" name="[76] /home/travis/build/icyphy/ptII/ptolemy/domains/de/test/auto/VariableDelay2.xml (RunModel)" time="0.009" />
  <testcase classname="ptolemy.util.test.junit.AutoTests" name="[77] /home/travis/build/icyphy/ptII/ptolemy/domains/de/test/auto/VariableDelayZeroDelay.xml (RunModel)" time="0.015" />
  <testcase classname="ptolemy.util.test.junit.AutoTests" name="[78] /home/travis/build/icyphy/ptII/ptolemy/domains/de/test/auto/VariableDelayZeroDelay2.xml (RunModel)" time="0.02" />
  <testcase classname="ptolemy.util.test.junit.AutoTests" name="[79] /home/travis/build/icyphy/ptII/ptolemy/domains/de/test/auto/deInCt.xml (RunModel)" time="0.021" />
  <testcase classname="ptolemy.util.test.junit.AutoTests" name="[80] /home/travis/build/icyphy/ptII/ptolemy/domains/de/test/auto/deInCt2.xml (RunModel)" time="0.017" />
  <testcase classname="ptolemy.util.test.junit.AutoTests" name="[81] /home/travis/build/icyphy/ptII/ptolemy/domains/de/test/auto/dynamicCausalityInterface1.xml (RunModel)" time="0.02" />
  <testcase classname="ptolemy.util.test.junit.AutoTests" name="[82] /home/travis/build/icyphy/ptII/ptolemy/domains/de/test/auto/fsm_de_test.xml (RunModel)" time="0.023" />
  <testcase classname="ptolemy.util.test.junit.AutoTests" name="[83] /home/travis/build/icyphy/ptII/ptolemy/domains/de/test/auto/functionDependencyReconstruction.xml (RunModel)" time="0.029" />
  <testcase classname="ptolemy.util.test.junit.AutoTests" name="[84] /home/travis/build/icyphy/ptII/ptolemy/domains/de/test/auto/multirate.xml (RunModel)" time="0.014" />
  <testcase classname="ptolemy.util.test.junit.AutoTests" name="[85] /home/travis/build/icyphy/ptII/ptolemy/domains/de/test/auto/multirate2.xml (RunModel)" time="0.013" />
  <testcase classname="ptolemy.util.test.junit.AutoTests" name="[86] /home/travis/build/icyphy/ptII/ptolemy/domains/de/test/auto/realtime.xml (RunModel)" time="10.009" />
  <testcase classname="ptolemy.util.test.junit.AutoTests" name="[87] /home/travis/build/icyphy/ptII/ptolemy/domains/de/test/auto/relationGroup.xml (RunModel)" time="0.007" />
  <testcase classname="ptolemy.util.test.junit.AutoTests" name="[88] /home/travis/build/icyphy/ptII/ptolemy/domains/de/test/auto/relationGroup2.xml (RunModel)" time="0.009" />
  <testcase classname="ptolemy.util.test.junit.AutoTests" name="[89] /home/travis/build/icyphy/ptII/ptolemy/domains/de/test/auto/sortWithOpaquePorts.xml (RunModel)" time="0.01" />
  <testcase classname="ptolemy.util.test.junit.AutoTests" name="[90] /home/travis/build/icyphy/ptII/ptolemy/domains/de/test/auto/transferInputsandOutputs.xml (RunModel)" time="0.031" />
  <testcase classname="ptolemy.util.test.junit.AutoTests" name="[91] /home/travis/build/icyphy/ptII/ptolemy/domains/de/test/auto/triggerType.xml (RunModel)" time="0.015" />
  <system-out><![CDATA[/home/travis/build/icyphy/ptII/ptolemy/domains/de/test/DependencyLoop.tcl
testDefs.tcl: setting time out to 9000 seconds at Tue Aug 06 05:16:03 UTC 2019
65 ms. Memory: 120832K Free: 72134K (60%)
29 ms. Memory: 120832K Free: 54719K (45%)
/home/travis/build/icyphy/ptII/ptolemy/domains/de/test/RunDETestsAsQSS.tcl
Run the DE tests using ptolemy.domains.qss.test.QSSDirectorTest, which extends QSSDirector and prints a message in the constructors.
------------------ testing $PTII/ptolemy/domains/de/test/auto/knownFailedTests/DirectFeedback.xml (Known Failure) 
32 ms. Memory: 120832K Free: 48582K (40%)


==== $PTIIhome/travis/build/icyphy/ptII/ptolemy/domains/de/test/../../../../: Auto Automatic test in file $PTII/ptolemy/domains/de/test/auto/knownFailedTests/DirectFeedback.xml
==== Contents of test case:

	    # FIXME: we should use $relativeFilename here, but it
	    # might have backslashes under Windows, which causes no end
	    # of trouble.
	    createAndExecute $file
	    list {}
	
.... Test generated KNOWN error:
    while executing
ptolemy.kernel.util.IllegalActionException: Test fails in iteration 1.
Value was: 1.0. Should have been: 2.0
  in .DirectFeedback.Test
	at ptolemy.actor.lib.Test.fire(Test.java:268)
	at ptolemy.domains.de.kernel.DEDirector._fire(DEDirector.java:1949)
	at ptolemy.domains.de.kernel.DEDirector.fire(DEDirector.java:502)
	at ptolemy.actor.CompositeActor.fire(CompositeActor.java:455)
	at ptolemy.actor.Manager.iterate(Manager.java:851)
	at ptolemy.actor.Manager.execute(Manager.java:369)
	at ptolemy.actor.Manager.run(Manager.java:1263)
	at ptolemy.actor.Manager$PtolemyRunThread.run(Manager.java:1933)

    while executing
ptolemy.kernel.util.IllegalActionException: Test fails in iteration 1.
Value was: 1.0. Should have been: 2.0
  in .DirectFeedback.Test
    while executing
"java::new ptolemy.moml.MoMLSimpleApplication $file
"
    (procedure "createAndExecute" line 2)
    invoked from within
"createAndExecute $file"
    ("uplevel" body line 5)
    invoked from within
"uplevel $contents_of_test"
------------------ testing $PTII/ptolemy/domains/de/test/auto/knownFailedTests/dependencyLoop.xml (Known Failure) 
39 ms. Memory: 120832K Free: 108117K (89%)


==== $PTIIhome/travis/build/icyphy/ptII/ptolemy/domains/de/test/../../../../: Auto Automatic test in file $PTII/ptolemy/domains/de/test/auto/knownFailedTests/dependencyLoop.xml
==== Contents of test case:

	    # FIXME: we should use $relativeFilename here, but it
	    # might have backslashes under Windows, which causes no end
	    # of trouble.
	    createAndExecute $file
	    list {}
	
.... Test generated KNOWN error:
    while executing
ptolemy.kernel.util.IllegalActionException: Found a zero delay loop containing .dependencyLoop.original
  in .dependencyLoop and .dependencyLoop.original
	at ptolemy.actor.util.CausalityInterfaceForComposites._computeOutputPortDepth(CausalityInterfaceForComposites.java:759)
	at ptolemy.actor.util.CausalityInterfaceForComposites._computeInputDepth(CausalityInterfaceForComposites.java:696)
	at ptolemy.actor.util.CausalityInterfaceForComposites._computeOutputPortDepth(CausalityInterfaceForComposites.java:765)
	at ptolemy.actor.util.CausalityInterfaceForComposites._computeInputDepth(CausalityInterfaceForComposites.java:696)
	at ptolemy.actor.util.CausalityInterfaceForComposites._computeOutputPortDepth(CausalityInterfaceForComposites.java:765)
	at ptolemy.actor.util.CausalityInterfaceForComposites._computeInputDepth(CausalityInterfaceForComposites.java:696)
	at ptolemy.actor.util.CausalityInterfaceForComposites._computeActorDepth(CausalityInterfaceForComposites.java:532)
	at ptolemy.actor.util.CausalityInterfaceForComposites.checkForCycles(CausalityInterfaceForComposites.java:96)
	at ptolemy.domains.de.kernel.DEDirector.preinitialize(DEDirector.java:1338)
	at ptolemy.actor.CompositeActor.preinitialize(CompositeActor.java:1828)
	at ptolemy.actor.Manager.preinitializeAndResolveTypes(Manager.java:1040)
	at ptolemy.actor.Manager.initialize(Manager.java:710)
	at ptolemy.actor.Manager.execute(Manager.java:356)
	at ptolemy.actor.Manager.run(Manager.java:1263)
	at ptolemy.actor.Manager$PtolemyRunThread.run(Manager.java:1933)

    while executing
ptolemy.kernel.util.IllegalActionException: Found a zero delay loop containing .dependencyLoop.original
  in .dependencyLoop and .dependencyLoop.original
    while executing
"java::new ptolemy.moml.MoMLSimpleApplication $file
"
    (procedure "createAndExecute" line 2)
    invoked from within
"createAndExecute $file"
    ("uplevel" body line 5)
    invoked from within
"uplevel $contents_of_test"
------------------ testing $PTII/ptolemy/domains/de/test/auto/knownFailedTests/FSMSource.xml (Known Failure) 
62 ms. Memory: 120832K Free: 99248K (82%)
!!!! Auto was marked as failing, but now passes
------------------ testing $PTII/ptolemy/domains/de/test/auto/knownFailedTests/HierarchicalModel.xml (Known Failure) 
6 ms. Memory: 120832K Free: 81794K (68%)


==== $PTIIhome/travis/build/icyphy/ptII/ptolemy/domains/de/test/../../../../: Auto Automatic test in file $PTII/ptolemy/domains/de/test/auto/knownFailedTests/HierarchicalModel.xml
==== Contents of test case:

	    # FIXME: we should use $relativeFilename here, but it
	    # might have backslashes under Windows, which causes no end
	    # of trouble.
	    createAndExecute $file
	    list {}
	
.... Test generated KNOWN error:
    while executing
ptolemy.kernel.util.IllegalActionException: Found a zero delay loop containing .HierarchicalModel.A
  in .HierarchicalModel and .HierarchicalModel.A
	at ptolemy.actor.util.CausalityInterfaceForComposites._computeOutputPortDepth(CausalityInterfaceForComposites.java:759)
	at ptolemy.actor.util.CausalityInterfaceForComposites._computeInputDepth(CausalityInterfaceForComposites.java:696)
	at ptolemy.actor.util.CausalityInterfaceForComposites._computeOutputPortDepth(CausalityInterfaceForComposites.java:765)
	at ptolemy.actor.util.CausalityInterfaceForComposites._computeInputDepth(CausalityInterfaceForComposites.java:696)
	at ptolemy.actor.util.CausalityInterfaceForComposites._computeOutputPortDepth(CausalityInterfaceForComposites.java:765)
	at ptolemy.actor.util.CausalityInterfaceForComposites._computeInputDepth(CausalityInterfaceForComposites.java:696)
	at ptolemy.actor.util.CausalityInterfaceForComposites._computeActorDepth(CausalityInterfaceForComposites.java:532)
	at ptolemy.actor.util.CausalityInterfaceForComposites.checkForCycles(CausalityInterfaceForComposites.java:96)
	at ptolemy.domains.de.kernel.DEDirector.preinitialize(DEDirector.java:1338)
	at ptolemy.actor.CompositeActor.preinitialize(CompositeActor.java:1828)
	at ptolemy.actor.Manager.preinitializeAndResolveTypes(Manager.java:1040)
	at ptolemy.actor.Manager.initialize(Manager.java:710)
	at ptolemy.actor.Manager.execute(Manager.java:356)
	at ptolemy.actor.Manager.run(Manager.java:1263)
	at ptolemy.actor.Manager$PtolemyRunThread.run(Manager.java:1933)

    while executing
ptolemy.kernel.util.IllegalActionException: Found a zero delay loop containing .HierarchicalModel.A
  in .HierarchicalModel and .HierarchicalModel.A
    while executing
"java::new ptolemy.moml.MoMLSimpleApplication $file
"
    (procedure "createAndExecute" line 2)
    invoked from within
"createAndExecute $file"
    ("uplevel" body line 5)
    invoked from within
"uplevel $contents_of_test"
------------------ testing $PTII/ptolemy/domains/de/test/auto/knownFailedTests/dependencyLoop2.xml (Known Failure) 
18 ms. Memory: 120832K Free: 65892K (55%)


==== $PTIIhome/travis/build/icyphy/ptII/ptolemy/domains/de/test/../../../../: Auto Automatic test in file $PTII/ptolemy/domains/de/test/auto/knownFailedTests/dependencyLoop2.xml
==== Contents of test case:

	    # FIXME: we should use $relativeFilename here, but it
	    # might have backslashes under Windows, which causes no end
	    # of trouble.
	    createAndExecute $file
	    list {}
	
.... Test generated KNOWN error:
    while executing
ptolemy.kernel.util.IllegalActionException: Found a zero delay loop containing .dependencyLoop2.original
  in .dependencyLoop2 and .dependencyLoop2.original
	at ptolemy.actor.util.CausalityInterfaceForComposites._computeOutputPortDepth(CausalityInterfaceForComposites.java:759)
	at ptolemy.actor.util.CausalityInterfaceForComposites._computeInputDepth(CausalityInterfaceForComposites.java:696)
	at ptolemy.actor.util.CausalityInterfaceForComposites._computeOutputPortDepth(CausalityInterfaceForComposites.java:765)
	at ptolemy.actor.util.CausalityInterfaceForComposites._computeInputDepth(CausalityInterfaceForComposites.java:696)
	at ptolemy.actor.util.CausalityInterfaceForComposites._computeOutputPortDepth(CausalityInterfaceForComposites.java:765)
	at ptolemy.actor.util.CausalityInterfaceForComposites._computeInputDepth(CausalityInterfaceForComposites.java:696)
	at ptolemy.actor.util.CausalityInterfaceForComposites._computeActorDepth(CausalityInterfaceForComposites.java:532)
	at ptolemy.actor.util.CausalityInterfaceForComposites.checkForCycles(CausalityInterfaceForComposites.java:96)
	at ptolemy.domains.de.kernel.DEDirector.preinitialize(DEDirector.java:1338)
	at ptolemy.actor.CompositeActor.preinitialize(CompositeActor.java:1828)
	at ptolemy.actor.Manager.preinitializeAndResolveTypes(Manager.java:1040)
	at ptolemy.actor.Manager.initialize(Manager.java:710)
	at ptolemy.actor.Manager.execute(Manager.java:356)
	at ptolemy.actor.Manager.run(Manager.java:1263)
	at ptolemy.actor.Manager$PtolemyRunThread.run(Manager.java:1933)

    while executing
ptolemy.kernel.util.IllegalActionException: Found a zero delay loop containing .dependencyLoop2.original
  in .dependencyLoop2 and .dependencyLoop2.original
    while executing
"java::new ptolemy.moml.MoMLSimpleApplication $file
"
    (procedure "createAndExecute" line 2)
    invoked from within
"createAndExecute $file"
    ("uplevel" body line 5)
    invoked from within
"uplevel $contents_of_test"
------------------ testing $PTII/ptolemy/domains/de/test/auto/knownFailedTests/DESDFClockTest.xml (Known Failure) 
2086 ms. Memory: 120832K Free: 95812K (79%)


==== $PTIIhome/travis/build/icyphy/ptII/ptolemy/domains/de/test/../../../../: Auto Automatic test in file $PTII/ptolemy/domains/de/test/auto/knownFailedTests/DESDFClockTest.xml
==== Contents of test case:

	    # FIXME: we should use $relativeFilename here, but it
	    # might have backslashes under Windows, which causes no end
	    # of trouble.
	    createAndExecute $file
	    list {}
	
.... Test generated KNOWN error:
    while executing
ptolemy.kernel.util.IllegalActionException: Actor is not ready to fire.  Perhaps UpSample.prefire() returned false? Try debugging the actor by selecting "Listen to Actor".  Also, for SDF check moml for tokenConsumptionRate on input.
  in .DESDFClockTest.Play Bell.Copy1:SDF Director and .DESDFClockTest.Play Bell.UpSample
	at ptolemy.actor.sched.StaticSchedulingDirector.fire(StaticSchedulingDirector.java:227)
	at ptolemy.domains.sdf.kernel.SDFDirector.fire(SDFDirector.java:500)
	at ptolemy.actor.CompositeActor.fire(CompositeActor.java:455)
	at ptolemy.domains.de.kernel.DEDirector._fire(DEDirector.java:1949)
	at ptolemy.domains.de.kernel.DEDirector.fire(DEDirector.java:502)
	at ptolemy.actor.CompositeActor.fire(CompositeActor.java:455)
	at ptolemy.actor.Manager.iterate(Manager.java:851)
	at ptolemy.actor.Manager.execute(Manager.java:369)
	at ptolemy.actor.Manager.run(Manager.java:1263)
	at ptolemy.actor.Manager$PtolemyRunThread.run(Manager.java:1933)

    while executing
ptolemy.kernel.util.IllegalActionException: Actor is not ready to fire.  Perhaps UpSample.prefire() returned false? Try debugging the actor by selecting "Listen to Actor".  Also, for SDF check moml for tokenConsumptionRate on input.
  in .DESDFClockTest.Play Bell.Copy1:SDF Director and .DESDFClockTest.Play Bell.UpSample
    while executing
"java::new ptolemy.moml.MoMLSimpleApplication $file
"
    (procedure "createAndExecute" line 2)
    invoked from within
"createAndExecute $file"
    ("uplevel" body line 5)
    invoked from within
"uplevel $contents_of_test"
------------------ testing $PTII/ptolemy/domains/de/test/auto/ActorDepthCalculation_actorWithoutPorts.xml
auto.tcl: Setting watchdog for 200 seconds at Tue Aug 06 05:16:07 UTC 2019
13 ms. Memory: 120832K Free: 88134K (73%)
ptolemy.util.test.WatchDog.cancel(): canceling Tue Aug 06 05:16:07 UTC 2019
auto.tcl: Setting watchdog for 200 seconds at Tue Aug 06 05:16:07 UTC 2019
4 ms. Memory: 120832K Free: 86596K (72%)
ptolemy.util.test.WatchDog.cancel(): canceling Tue Aug 06 05:16:07 UTC 2019
------------------ testing $PTII/ptolemy/domains/de/test/auto/AssemblyLine.xml
auto.tcl: Setting watchdog for 200 seconds at Tue Aug 06 05:16:07 UTC 2019
16 ms. Memory: 48128K Free: 26018K (54%)
ptolemy.util.test.WatchDog.cancel(): canceling Tue Aug 06 05:16:07 UTC 2019
auto.tcl: Setting watchdog for 200 seconds at Tue Aug 06 05:16:07 UTC 2019
8 ms. Memory: 48128K Free: 25328K (53%)
ptolemy.util.test.WatchDog.cancel(): canceling Tue Aug 06 05:16:07 UTC 2019
------------------ testing $PTII/ptolemy/domains/de/test/auto/CQBug1.xml
auto.tcl: Setting watchdog for 200 seconds at Tue Aug 06 05:16:07 UTC 2019
3 ms. Memory: 48128K Free: 31574K (66%)
ptolemy.util.test.WatchDog.cancel(): canceling Tue Aug 06 05:16:08 UTC 2019
auto.tcl: Setting watchdog for 200 seconds at Tue Aug 06 05:16:08 UTC 2019
2 ms. Memory: 48128K Free: 31143K (65%)
ptolemy.util.test.WatchDog.cancel(): canceling Tue Aug 06 05:16:08 UTC 2019
------------------ testing $PTII/ptolemy/domains/de/test/auto/CancelFireAt.xml
auto.tcl: Setting watchdog for 200 seconds at Tue Aug 06 05:16:08 UTC 2019
2 ms. Memory: 45056K Free: 29731K (66%)
ptolemy.util.test.WatchDog.cancel(): canceling Tue Aug 06 05:16:08 UTC 2019
auto.tcl: Setting watchdog for 200 seconds at Tue Aug 06 05:16:08 UTC 2019
1 ms. Memory: 45056K Free: 29329K (65%)
ptolemy.util.test.WatchDog.cancel(): canceling Tue Aug 06 05:16:08 UTC 2019
------------------ testing $PTII/ptolemy/domains/de/test/auto/CausalityAndComposabilityAnalysis.xml
auto.tcl: Setting watchdog for 200 seconds at Tue Aug 06 05:16:08 UTC 2019
17 ms. Memory: 45056K Free: 27457K (61%)
ptolemy.util.test.WatchDog.cancel(): canceling Tue Aug 06 05:16:08 UTC 2019
auto.tcl: Setting watchdog for 200 seconds at Tue Aug 06 05:16:08 UTC 2019
6 ms. Memory: 45056K Free: 27047K (60%)
ptolemy.util.test.WatchDog.cancel(): canceling Tue Aug 06 05:16:08 UTC 2019
------------------ testing $PTII/ptolemy/domains/de/test/auto/CausalityInterface1.xml
auto.tcl: Setting watchdog for 200 seconds at Tue Aug 06 05:16:08 UTC 2019
26 ms. Memory: 45056K Free: 26378K (59%)
ptolemy.util.test.WatchDog.cancel(): canceling Tue Aug 06 05:16:08 UTC 2019
auto.tcl: Setting watchdog for 200 seconds at Tue Aug 06 05:16:08 UTC 2019
4 ms. Memory: 45056K Free: 25418K (56%)
ptolemy.util.test.WatchDog.cancel(): canceling Tue Aug 06 05:16:08 UTC 2019
------------------ testing $PTII/ptolemy/domains/de/test/auto/CausalityInterface15.xml
auto.tcl: Setting watchdog for 200 seconds at Tue Aug 06 05:16:08 UTC 2019
12 ms. Memory: 45056K Free: 25863K (57%)
ptolemy.util.test.WatchDog.cancel(): canceling Tue Aug 06 05:16:08 UTC 2019
auto.tcl: Setting watchdog for 200 seconds at Tue Aug 06 05:16:08 UTC 2019
5 ms. Memory: 45056K Free: 25276K (56%)
ptolemy.util.test.WatchDog.cancel(): canceling Tue Aug 06 05:16:08 UTC 2019
------------------ testing $PTII/ptolemy/domains/de/test/auto/CausalityInterface2.xml
auto.tcl: Setting watchdog for 200 seconds at Tue Aug 06 05:16:08 UTC 2019
6 ms. Memory: 45056K Free: 27006K (60%)
ptolemy.util.test.WatchDog.cancel(): canceling Tue Aug 06 05:16:08 UTC 2019
auto.tcl: Setting watchdog for 200 seconds at Tue Aug 06 05:16:08 UTC 2019
3 ms. Memory: 45056K Free: 26285K (58%)
ptolemy.util.test.WatchDog.cancel(): canceling Tue Aug 06 05:16:08 UTC 2019
------------------ testing $PTII/ptolemy/domains/de/test/auto/CausalityInterface3.xml
auto.tcl: Setting watchdog for 200 seconds at Tue Aug 06 05:16:08 UTC 2019
7 ms. Memory: 45056K Free: 26471K (59%)
ptolemy.util.test.WatchDog.cancel(): canceling Tue Aug 06 05:16:08 UTC 2019
auto.tcl: Setting watchdog for 200 seconds at Tue Aug 06 05:16:08 UTC 2019
3 ms. Memory: 45056K Free: 25678K (57%)
ptolemy.util.test.WatchDog.cancel(): canceling Tue Aug 06 05:16:08 UTC 2019
------------------ testing $PTII/ptolemy/domains/de/test/auto/ClockDrift.xml
auto.tcl: Setting watchdog for 200 seconds at Tue Aug 06 05:16:08 UTC 2019
84 ms. Memory: 45056K Free: 19076K (42%)
ptolemy.util.test.WatchDog.cancel(): canceling Tue Aug 06 05:16:08 UTC 2019
auto.tcl: Setting watchdog for 200 seconds at Tue Aug 06 05:16:08 UTC 2019
66 ms. Memory: 45056K Free: 16058K (36%)
ptolemy.util.test.WatchDog.cancel(): canceling Tue Aug 06 05:16:08 UTC 2019
------------------ testing $PTII/ptolemy/domains/de/test/auto/ClockDriftAndValueChange.xml
auto.tcl: Setting watchdog for 200 seconds at Tue Aug 06 05:16:08 UTC 2019
34 ms. Memory: 45056K Free: 19135K (42%)
ptolemy.util.test.WatchDog.cancel(): canceling Tue Aug 06 05:16:09 UTC 2019
auto.tcl: Setting watchdog for 200 seconds at Tue Aug 06 05:16:09 UTC 2019
24 ms. Memory: 45056K Free: 16280K (36%)
ptolemy.util.test.WatchDog.cancel(): canceling Tue Aug 06 05:16:09 UTC 2019
------------------ testing $PTII/ptolemy/domains/de/test/auto/ClockDriftChange.xml
auto.tcl: Setting watchdog for 200 seconds at Tue Aug 06 05:16:09 UTC 2019
24 ms. Memory: 45056K Free: 21183K (47%)
ptolemy.util.test.WatchDog.cancel(): canceling Tue Aug 06 05:16:09 UTC 2019
auto.tcl: Setting watchdog for 200 seconds at Tue Aug 06 05:16:09 UTC 2019
28 ms. Memory: 45056K Free: 18328K (41%)
ptolemy.util.test.WatchDog.cancel(): canceling Tue Aug 06 05:16:09 UTC 2019
------------------ testing $PTII/ptolemy/domains/de/test/auto/ComposableCausalityAnalysis.xml
auto.tcl: Setting watchdog for 200 seconds at Tue Aug 06 05:16:09 UTC 2019
2 ms. Memory: 45056K Free: 25861K (57%)
ptolemy.util.test.WatchDog.cancel(): canceling Tue Aug 06 05:16:09 UTC 2019
auto.tcl: Setting watchdog for 200 seconds at Tue Aug 06 05:16:09 UTC 2019
4 ms. Memory: 45056K Free: 24774K (55%)
ptolemy.util.test.WatchDog.cancel(): canceling Tue Aug 06 05:16:09 UTC 2019
------------------ testing $PTII/ptolemy/domains/de/test/auto/DEFixedPointLimitation.xml
auto.tcl: Setting watchdog for 200 seconds at Tue Aug 06 05:16:09 UTC 2019
2 ms. Memory: 45056K Free: 27139K (60%)
ptolemy.util.test.WatchDog.cancel(): canceling Tue Aug 06 05:16:09 UTC 2019
auto.tcl: Setting watchdog for 200 seconds at Tue Aug 06 05:16:09 UTC 2019
1 ms. Memory: 45056K Free: 26271K (58%)
ptolemy.util.test.WatchDog.cancel(): canceling Tue Aug 06 05:16:09 UTC 2019
------------------ testing $PTII/ptolemy/domains/de/test/auto/DEScheduleTest.xml
auto.tcl: Setting watchdog for 200 seconds at Tue Aug 06 05:16:09 UTC 2019
6 ms. Memory: 45056K Free: 27405K (61%)
ptolemy.util.test.WatchDog.cancel(): canceling Tue Aug 06 05:16:09 UTC 2019
auto.tcl: Setting watchdog for 200 seconds at Tue Aug 06 05:16:09 UTC 2019
4 ms. Memory: 45056K Free: 26681K (59%)
ptolemy.util.test.WatchDog.cancel(): canceling Tue Aug 06 05:16:09 UTC 2019
------------------ testing $PTII/ptolemy/domains/de/test/auto/DEinDEwithStartTimes.xml
auto.tcl: Setting watchdog for 200 seconds at Tue Aug 06 05:16:09 UTC 2019
5 ms. Memory: 45056K Free: 25671K (57%)
ptolemy.util.test.WatchDog.cancel(): canceling Tue Aug 06 05:16:09 UTC 2019
auto.tcl: Setting watchdog for 200 seconds at Tue Aug 06 05:16:09 UTC 2019
3 ms. Memory: 45056K Free: 24571K (55%)
ptolemy.util.test.WatchDog.cancel(): canceling Tue Aug 06 05:16:09 UTC 2019
------------------ testing $PTII/ptolemy/domains/de/test/auto/DEinDEwithStartTimes2.xml
auto.tcl: Setting watchdog for 200 seconds at Tue Aug 06 05:16:09 UTC 2019
8 ms. Memory: 45056K Free: 24905K (55%)
ptolemy.util.test.WatchDog.cancel(): canceling Tue Aug 06 05:16:09 UTC 2019
auto.tcl: Setting watchdog for 200 seconds at Tue Aug 06 05:16:09 UTC 2019
5 ms. Memory: 45056K Free: 23527K (52%)
ptolemy.util.test.WatchDog.cancel(): canceling Tue Aug 06 05:16:09 UTC 2019
------------------ testing $PTII/ptolemy/domains/de/test/auto/DateDemo.xml
auto.tcl: Setting watchdog for 200 seconds at Tue Aug 06 05:16:09 UTC 2019
20 ms. Memory: 45056K Free: 19188K (43%)
ptolemy.util.test.WatchDog.cancel(): canceling Tue Aug 06 05:16:09 UTC 2019
auto.tcl: Setting watchdog for 200 seconds at Tue Aug 06 05:16:09 UTC 2019
8 ms. Memory: 45056K Free: 17648K (39%)
ptolemy.util.test.WatchDog.cancel(): canceling Tue Aug 06 05:16:09 UTC 2019
------------------ testing $PTII/ptolemy/domains/de/test/auto/DateToEvent.xml
auto.tcl: Setting watchdog for 200 seconds at Tue Aug 06 05:16:09 UTC 2019
2011 ms. Memory: 45056K Free: 15091K (33%)
ptolemy.util.test.WatchDog.cancel(): canceling Tue Aug 06 05:16:11 UTC 2019
auto.tcl: Setting watchdog for 200 seconds at Tue Aug 06 05:16:11 UTC 2019
2005 ms. Memory: 45056K Free: 14351K (32%)
ptolemy.util.test.WatchDog.cancel(): canceling Tue Aug 06 05:16:13 UTC 2019
------------------ testing $PTII/ptolemy/domains/de/test/auto/DepthTest1.xml
auto.tcl: Setting watchdog for 200 seconds at Tue Aug 06 05:16:13 UTC 2019
2 ms. Memory: 45056K Free: 28374K (63%)
ptolemy.util.test.WatchDog.cancel(): canceling Tue Aug 06 05:16:13 UTC 2019
auto.tcl: Setting watchdog for 200 seconds at Tue Aug 06 05:16:13 UTC 2019
2 ms. Memory: 45056K Free: 27848K (62%)
ptolemy.util.test.WatchDog.cancel(): canceling Tue Aug 06 05:16:14 UTC 2019
------------------ testing $PTII/ptolemy/domains/de/test/auto/DepthTest2.xml
auto.tcl: Setting watchdog for 200 seconds at Tue Aug 06 05:16:14 UTC 2019
9 ms. Memory: 45056K Free: 25077K (56%)
ptolemy.util.test.WatchDog.cancel(): canceling Tue Aug 06 05:16:14 UTC 2019
auto.tcl: Setting watchdog for 200 seconds at Tue Aug 06 05:16:14 UTC 2019
2 ms. Memory: 45056K Free: 24707K (55%)
ptolemy.util.test.WatchDog.cancel(): canceling Tue Aug 06 05:16:14 UTC 2019
------------------ testing $PTII/ptolemy/domains/de/test/auto/DepthTest3.xml
auto.tcl: Setting watchdog for 200 seconds at Tue Aug 06 05:16:14 UTC 2019
1 ms. Memory: 45056K Free: 28718K (64%)
ptolemy.util.test.WatchDog.cancel(): canceling Tue Aug 06 05:16:14 UTC 2019
auto.tcl: Setting watchdog for 200 seconds at Tue Aug 06 05:16:14 UTC 2019
1 ms. Memory: 45056K Free: 28182K (63%)
ptolemy.util.test.WatchDog.cancel(): canceling Tue Aug 06 05:16:14 UTC 2019
------------------ testing $PTII/ptolemy/domains/de/test/auto/DepthTest4.xml
auto.tcl: Setting watchdog for 200 seconds at Tue Aug 06 05:16:14 UTC 2019
3 ms. Memory: 45056K Free: 26932K (60%)
ptolemy.util.test.WatchDog.cancel(): canceling Tue Aug 06 05:16:14 UTC 2019
auto.tcl: Setting watchdog for 200 seconds at Tue Aug 06 05:16:14 UTC 2019
2 ms. Memory: 45056K Free: 26218K (58%)
ptolemy.util.test.WatchDog.cancel(): canceling Tue Aug 06 05:16:14 UTC 2019
------------------ testing $PTII/ptolemy/domains/de/test/auto/DepthTest5.xml
auto.tcl: Setting watchdog for 200 seconds at Tue Aug 06 05:16:14 UTC 2019
3 ms. Memory: 45056K Free: 26336K (58%)
ptolemy.util.test.WatchDog.cancel(): canceling Tue Aug 06 05:16:14 UTC 2019
auto.tcl: Setting watchdog for 200 seconds at Tue Aug 06 05:16:14 UTC 2019
2 ms. Memory: 45056K Free: 25597K (57%)
ptolemy.util.test.WatchDog.cancel(): canceling Tue Aug 06 05:16:14 UTC 2019
------------------ testing $PTII/ptolemy/domains/de/test/auto/DepthTest6.xml
auto.tcl: Setting watchdog for 200 seconds at Tue Aug 06 05:16:14 UTC 2019
3 ms. Memory: 45056K Free: 26021K (58%)
ptolemy.util.test.WatchDog.cancel(): canceling Tue Aug 06 05:16:14 UTC 2019
auto.tcl: Setting watchdog for 200 seconds at Tue Aug 06 05:16:14 UTC 2019
3 ms. Memory: 45056K Free: 25507K (57%)
ptolemy.util.test.WatchDog.cancel(): canceling Tue Aug 06 05:16:14 UTC 2019
------------------ testing $PTII/ptolemy/domains/de/test/auto/DepthTest7.xml
auto.tcl: Setting watchdog for 200 seconds at Tue Aug 06 05:16:14 UTC 2019
3 ms. Memory: 45056K Free: 26857K (60%)
ptolemy.util.test.WatchDog.cancel(): canceling Tue Aug 06 05:16:14 UTC 2019
auto.tcl: Setting watchdog for 200 seconds at Tue Aug 06 05:16:14 UTC 2019
4 ms. Memory: 45056K Free: 26127K (58%)
ptolemy.util.test.WatchDog.cancel(): canceling Tue Aug 06 05:16:14 UTC 2019
------------------ testing $PTII/ptolemy/domains/de/test/auto/EventToDate.xml
auto.tcl: Setting watchdog for 200 seconds at Tue Aug 06 05:16:14 UTC 2019
3006 ms. Memory: 45056K Free: 17664K (39%)
ptolemy.util.test.WatchDog.cancel(): canceling Tue Aug 06 05:16:17 UTC 2019
auto.tcl: Setting watchdog for 200 seconds at Tue Aug 06 05:16:17 UTC 2019
3010 ms. Memory: 45056K Free: 16961K (38%)
ptolemy.util.test.WatchDog.cancel(): canceling Tue Aug 06 05:16:20 UTC 2019
------------------ testing $PTII/ptolemy/domains/de/test/auto/FSM1.xml
auto.tcl: Setting watchdog for 200 seconds at Tue Aug 06 05:16:20 UTC 2019
34 ms. Memory: 45056K Free: 18388K (41%)
ptolemy.util.test.WatchDog.cancel(): canceling Tue Aug 06 05:16:20 UTC 2019
auto.tcl: Setting watchdog for 200 seconds at Tue Aug 06 05:16:20 UTC 2019
35 ms. Memory: 45056K Free: 15219K (34%)
ptolemy.util.test.WatchDog.cancel(): canceling Tue Aug 06 05:16:20 UTC 2019
------------------ testing $PTII/ptolemy/domains/de/test/auto/FSM7.xml
auto.tcl: Setting watchdog for 200 seconds at Tue Aug 06 05:16:20 UTC 2019
13 ms. Memory: 45056K Free: 18562K (41%)
ptolemy.util.test.WatchDog.cancel(): canceling Tue Aug 06 05:16:20 UTC 2019
auto.tcl: Setting watchdog for 200 seconds at Tue Aug 06 05:16:20 UTC 2019
21 ms. Memory: 45056K Free: 15461K (34%)
ptolemy.util.test.WatchDog.cancel(): canceling Tue Aug 06 05:16:20 UTC 2019
------------------ testing $PTII/ptolemy/domains/de/test/auto/Inspection.xml
auto.tcl: Setting watchdog for 200 seconds at Tue Aug 06 05:16:20 UTC 2019
32 ms. Memory: 45056K Free: 18613K (41%)
ptolemy.util.test.WatchDog.cancel(): canceling Tue Aug 06 05:16:20 UTC 2019
auto.tcl: Setting watchdog for 200 seconds at Tue Aug 06 05:16:20 UTC 2019
30 ms. Memory: 45056K Free: 16860K (37%)
ptolemy.util.test.WatchDog.cancel(): canceling Tue Aug 06 05:16:21 UTC 2019
------------------ testing $PTII/ptolemy/domains/de/test/auto/Iteration.xml
auto.tcl: Setting watchdog for 200 seconds at Tue Aug 06 05:16:21 UTC 2019
8 ms. Memory: 45056K Free: 24339K (54%)
ptolemy.util.test.WatchDog.cancel(): canceling Tue Aug 06 05:16:21 UTC 2019
auto.tcl: Setting watchdog for 200 seconds at Tue Aug 06 05:16:21 UTC 2019
8 ms. Memory: 45056K Free: 22916K (51%)
ptolemy.util.test.WatchDog.cancel(): canceling Tue Aug 06 05:16:21 UTC 2019
------------------ testing $PTII/ptolemy/domains/de/test/auto/LineFault.xml
auto.tcl: Setting watchdog for 200 seconds at Tue Aug 06 05:16:21 UTC 2019
749 ms. Memory: 45056K Free: 11197K (25%)
ptolemy.util.test.WatchDog.cancel(): canceling Tue Aug 06 05:16:22 UTC 2019
auto.tcl: Setting watchdog for 200 seconds at Tue Aug 06 05:16:22 UTC 2019
671 ms. Memory: 56320K Free: 27843K (49%)
ptolemy.util.test.WatchDog.cancel(): canceling Tue Aug 06 05:16:22 UTC 2019
------------------ testing $PTII/ptolemy/domains/de/test/auto/MergeModel1Add.xml
auto.tcl: Setting watchdog for 200 seconds at Tue Aug 06 05:16:22 UTC 2019
18 ms. Memory: 51200K Free: 16444K (32%)
ptolemy.util.test.WatchDog.cancel(): canceling Tue Aug 06 05:16:23 UTC 2019
auto.tcl: Setting watchdog for 200 seconds at Tue Aug 06 05:16:23 UTC 2019
14 ms. Memory: 51200K Free: 14835K (29%)
ptolemy.util.test.WatchDog.cancel(): canceling Tue Aug 06 05:16:23 UTC 2019
------------------ testing $PTII/ptolemy/domains/de/test/auto/MergeModel2Add.xml
auto.tcl: Setting watchdog for 200 seconds at Tue Aug 06 05:16:23 UTC 2019
9 ms. Memory: 51200K Free: 18259K (36%)
ptolemy.util.test.WatchDog.cancel(): canceling Tue Aug 06 05:16:23 UTC 2019
auto.tcl: Setting watchdog for 200 seconds at Tue Aug 06 05:16:23 UTC 2019
8 ms. Memory: 51200K Free: 16532K (32%)
ptolemy.util.test.WatchDog.cancel(): canceling Tue Aug 06 05:16:23 UTC 2019
------------------ testing $PTII/ptolemy/domains/de/test/auto/MergeModel3Add.xml
auto.tcl: Setting watchdog for 200 seconds at Tue Aug 06 05:16:23 UTC 2019
8 ms. Memory: 48128K Free: 15454K (32%)
ptolemy.util.test.WatchDog.cancel(): canceling Tue Aug 06 05:16:23 UTC 2019
auto.tcl: Setting watchdog for 200 seconds at Tue Aug 06 05:16:23 UTC 2019
7 ms. Memory: 48128K Free: 13889K (29%)
ptolemy.util.test.WatchDog.cancel(): canceling Tue Aug 06 05:16:23 UTC 2019
------------------ testing $PTII/ptolemy/domains/de/test/auto/MergeWithoutDiscard.xml
auto.tcl: Setting watchdog for 200 seconds at Tue Aug 06 05:16:23 UTC 2019
3 ms. Memory: 48128K Free: 29974K (62%)
ptolemy.util.test.WatchDog.cancel(): canceling Tue Aug 06 05:16:23 UTC 2019
auto.tcl: Setting watchdog for 200 seconds at Tue Aug 06 05:16:23 UTC 2019
1 ms. Memory: 48128K Free: 29544K (61%)
ptolemy.util.test.WatchDog.cancel(): canceling Tue Aug 06 05:16:23 UTC 2019
------------------ testing $PTII/ptolemy/domains/de/test/auto/Modal1.xml
auto.tcl: Setting watchdog for 200 seconds at Tue Aug 06 05:16:23 UTC 2019
22 ms. Memory: 48128K Free: 21936K (46%)
ptolemy.util.test.WatchDog.cancel(): canceling Tue Aug 06 05:16:23 UTC 2019
auto.tcl: Setting watchdog for 200 seconds at Tue Aug 06 05:16:23 UTC 2019
16 ms. Memory: 48128K Free: 18519K (38%)
ptolemy.util.test.WatchDog.cancel(): canceling Tue Aug 06 05:16:23 UTC 2019
------------------ testing $PTII/ptolemy/domains/de/test/auto/Modal2.xml
auto.tcl: Setting watchdog for 200 seconds at Tue Aug 06 05:16:23 UTC 2019
11 ms. Memory: 48128K Free: 22039K (46%)
ptolemy.util.test.WatchDog.cancel(): canceling Tue Aug 06 05:16:23 UTC 2019
auto.tcl: Setting watchdog for 200 seconds at Tue Aug 06 05:16:23 UTC 2019
12 ms. Memory: 48128K Free: 18784K (39%)
ptolemy.util.test.WatchDog.cancel(): canceling Tue Aug 06 05:16:23 UTC 2019
------------------ testing $PTII/ptolemy/domains/de/test/auto/Modal3.xml
auto.tcl: Setting watchdog for 200 seconds at Tue Aug 06 05:16:23 UTC 2019
15 ms. Memory: 48128K Free: 21750K (45%)
ptolemy.util.test.WatchDog.cancel(): canceling Tue Aug 06 05:16:23 UTC 2019
auto.tcl: Setting watchdog for 200 seconds at Tue Aug 06 05:16:23 UTC 2019
16 ms. Memory: 48128K Free: 18571K (39%)
ptolemy.util.test.WatchDog.cancel(): canceling Tue Aug 06 05:16:23 UTC 2019
------------------ testing $PTII/ptolemy/domains/de/test/auto/Modal4.xml
auto.tcl: Setting watchdog for 200 seconds at Tue Aug 06 05:16:23 UTC 2019
22 ms. Memory: 48128K Free: 20972K (44%)
ptolemy.util.test.WatchDog.cancel(): canceling Tue Aug 06 05:16:23 UTC 2019
auto.tcl: Setting watchdog for 200 seconds at Tue Aug 06 05:16:23 UTC 2019
24 ms. Memory: 48128K Free: 17141K (36%)
ptolemy.util.test.WatchDog.cancel(): canceling Tue Aug 06 05:16:23 UTC 2019
------------------ testing $PTII/ptolemy/domains/de/test/auto/Modal5.xml
auto.tcl: Setting watchdog for 200 seconds at Tue Aug 06 05:16:23 UTC 2019
15 ms. Memory: 48128K Free: 20966K (44%)
ptolemy.util.test.WatchDog.cancel(): canceling Tue Aug 06 05:16:23 UTC 2019
auto.tcl: Setting watchdog for 200 seconds at Tue Aug 06 05:16:23 UTC 2019
15 ms. Memory: 48128K Free: 17128K (36%)
ptolemy.util.test.WatchDog.cancel(): canceling Tue Aug 06 05:16:23 UTC 2019
------------------ testing $PTII/ptolemy/domains/de/test/auto/Modal6.xml
auto.tcl: Setting watchdog for 200 seconds at Tue Aug 06 05:16:24 UTC 2019
18 ms. Memory: 48128K Free: 21747K (45%)
ptolemy.util.test.WatchDog.cancel(): canceling Tue Aug 06 05:16:24 UTC 2019
auto.tcl: Setting watchdog for 200 seconds at Tue Aug 06 05:16:24 UTC 2019
21 ms. Memory: 48128K Free: 17806K (37%)
ptolemy.util.test.WatchDog.cancel(): canceling Tue Aug 06 05:16:24 UTC 2019
------------------ testing $PTII/ptolemy/domains/de/test/auto/Modal7.xml
auto.tcl: Setting watchdog for 200 seconds at Tue Aug 06 05:16:24 UTC 2019
11 ms. Memory: 48128K Free: 20724K (43%)
ptolemy.util.test.WatchDog.cancel(): canceling Tue Aug 06 05:16:24 UTC 2019
auto.tcl: Setting watchdog for 200 seconds at Tue Aug 06 05:16:24 UTC 2019
11 ms. Memory: 48128K Free: 17127K (36%)
ptolemy.util.test.WatchDog.cancel(): canceling Tue Aug 06 05:16:24 UTC 2019
------------------ testing $PTII/ptolemy/domains/de/test/auto/ModalModel.xml
auto.tcl: Setting watchdog for 200 seconds at Tue Aug 06 05:16:24 UTC 2019
223 ms. Memory: 59392K Free: 40415K (68%)
ptolemy.util.test.WatchDog.cancel(): canceling Tue Aug 06 05:16:24 UTC 2019
auto.tcl: Setting watchdog for 200 seconds at Tue Aug 06 05:16:24 UTC 2019
198 ms. Memory: 59392K Free: 35223K (59%)
ptolemy.util.test.WatchDog.cancel(): canceling Tue Aug 06 05:16:24 UTC 2019
------------------ testing $PTII/ptolemy/domains/de/test/auto/ModalSource.xml
auto.tcl: Setting watchdog for 200 seconds at Tue Aug 06 05:16:24 UTC 2019
6 ms. Memory: 48128K Free: 25851K (54%)
ptolemy.util.test.WatchDog.cancel(): canceling Tue Aug 06 05:16:24 UTC 2019
auto.tcl: Setting watchdog for 200 seconds at Tue Aug 06 05:16:24 UTC 2019
6 ms. Memory: 48128K Free: 23753K (49%)
ptolemy.util.test.WatchDog.cancel(): canceling Tue Aug 06 05:16:24 UTC 2019
------------------ testing $PTII/ptolemy/domains/de/test/auto/NonInterruptibleTimerZeroDelay.xml
auto.tcl: Setting watchdog for 200 seconds at Tue Aug 06 05:16:24 UTC 2019
3 ms. Memory: 48128K Free: 30775K (64%)
ptolemy.util.test.WatchDog.cancel(): canceling Tue Aug 06 05:16:24 UTC 2019
auto.tcl: Setting watchdog for 200 seconds at Tue Aug 06 05:16:24 UTC 2019
3 ms. Memory: 48128K Free: 30079K (62%)
ptolemy.util.test.WatchDog.cancel(): canceling Tue Aug 06 05:16:24 UTC 2019
------------------ testing $PTII/ptolemy/domains/de/test/auto/OpenQueueingNetwork.xml
auto.tcl: Setting watchdog for 200 seconds at Tue Aug 06 05:16:24 UTC 2019
2902 ms. Memory: 102400K Free: 79917K (78%)
ptolemy.util.test.WatchDog.cancel(): canceling Tue Aug 06 05:16:27 UTC 2019
auto.tcl: Setting watchdog for 200 seconds at Tue Aug 06 05:16:27 UTC 2019
2650 ms. Memory: 122880K Free: 40500K (33%)
ptolemy.util.test.WatchDog.cancel(): canceling Tue Aug 06 05:16:30 UTC 2019
------------------ testing $PTII/ptolemy/domains/de/test/auto/OpenQueuingNetwork.xml
auto.tcl: Setting watchdog for 200 seconds at Tue Aug 06 05:16:30 UTC 2019
246 ms. Memory: 55296K Free: 25832K (47%)
ptolemy.util.test.WatchDog.cancel(): canceling Tue Aug 06 05:16:30 UTC 2019
auto.tcl: Setting watchdog for 200 seconds at Tue Aug 06 05:16:30 UTC 2019
242 ms. Memory: 66560K Free: 46214K (69%)
ptolemy.util.test.WatchDog.cancel(): canceling Tue Aug 06 05:16:31 UTC 2019
------------------ testing $PTII/ptolemy/domains/de/test/auto/PeriodicSampler.xml
auto.tcl: Setting watchdog for 200 seconds at Tue Aug 06 05:16:31 UTC 2019
3 ms. Memory: 51200K Free: 33004K (64%)
ptolemy.util.test.WatchDog.cancel(): canceling Tue Aug 06 05:16:31 UTC 2019
auto.tcl: Setting watchdog for 200 seconds at Tue Aug 06 05:16:31 UTC 2019
2 ms. Memory: 51200K Free: 32509K (63%)
ptolemy.util.test.WatchDog.cancel(): canceling Tue Aug 06 05:16:31 UTC 2019
------------------ testing $PTII/ptolemy/domains/de/test/auto/PersistentIO.xml
auto.tcl: Setting watchdog for 200 seconds at Tue Aug 06 05:16:31 UTC 2019
18 ms. Memory: 48128K Free: 24871K (52%)
ptolemy.util.test.WatchDog.cancel(): canceling Tue Aug 06 05:16:31 UTC 2019
auto.tcl: Setting watchdog for 200 seconds at Tue Aug 06 05:16:31 UTC 2019
4 ms. Memory: 48128K Free: 23363K (49%)
ptolemy.util.test.WatchDog.cancel(): canceling Tue Aug 06 05:16:31 UTC 2019
------------------ testing $PTII/ptolemy/domains/de/test/auto/PortParameterResetOnInitialize.xml
auto.tcl: Setting watchdog for 200 seconds at Tue Aug 06 05:16:31 UTC 2019
5 ms. Memory: 48128K Free: 29844K (62%)
ptolemy.util.test.WatchDog.cancel(): canceling Tue Aug 06 05:16:31 UTC 2019
auto.tcl: Setting watchdog for 200 seconds at Tue Aug 06 05:16:31 UTC 2019
2 ms. Memory: 48128K Free: 29364K (61%)
ptolemy.util.test.WatchDog.cancel(): canceling Tue Aug 06 05:16:31 UTC 2019
------------------ testing $PTII/ptolemy/domains/de/test/auto/PortParameterUpdates.xml
auto.tcl: Setting watchdog for 200 seconds at Tue Aug 06 05:16:31 UTC 2019
4 ms. Memory: 48128K Free: 28144K (58%)
ptolemy.util.test.WatchDog.cancel(): canceling Tue Aug 06 05:16:31 UTC 2019
auto.tcl: Setting watchdog for 200 seconds at Tue Aug 06 05:16:31 UTC 2019
4 ms. Memory: 48128K Free: 26919K (56%)
ptolemy.util.test.WatchDog.cancel(): canceling Tue Aug 06 05:16:31 UTC 2019
------------------ testing $PTII/ptolemy/domains/de/test/auto/QueueAndServer.xml
auto.tcl: Setting watchdog for 200 seconds at Tue Aug 06 05:16:31 UTC 2019
6 ms. Memory: 48128K Free: 27113K (56%)
ptolemy.util.test.WatchDog.cancel(): canceling Tue Aug 06 05:16:31 UTC 2019
auto.tcl: Setting watchdog for 200 seconds at Tue Aug 06 05:16:31 UTC 2019
7 ms. Memory: 48128K Free: 25416K (53%)
ptolemy.util.test.WatchDog.cancel(): canceling Tue Aug 06 05:16:31 UTC 2019
------------------ testing $PTII/ptolemy/domains/de/test/auto/Records.xml
auto.tcl: Setting watchdog for 200 seconds at Tue Aug 06 05:16:31 UTC 2019
9 ms. Memory: 48128K Free: 29103K (60%)
ptolemy.util.test.WatchDog.cancel(): canceling Tue Aug 06 05:16:31 UTC 2019
auto.tcl: Setting watchdog for 200 seconds at Tue Aug 06 05:16:31 UTC 2019
3 ms. Memory: 48128K Free: 28612K (59%)
ptolemy.util.test.WatchDog.cancel(): canceling Tue Aug 06 05:16:31 UTC 2019
------------------ testing $PTII/ptolemy/domains/de/test/auto/ResetTransitionWithStartTime1.xml
auto.tcl: Setting watchdog for 200 seconds at Tue Aug 06 05:16:31 UTC 2019
12 ms. Memory: 48128K Free: 26337K (55%)
ptolemy.util.test.WatchDog.cancel(): canceling Tue Aug 06 05:16:31 UTC 2019
auto.tcl: Setting watchdog for 200 seconds at Tue Aug 06 05:16:31 UTC 2019
7 ms. Memory: 48128K Free: 24289K (50%)
ptolemy.util.test.WatchDog.cancel(): canceling Tue Aug 06 05:16:31 UTC 2019
------------------ testing $PTII/ptolemy/domains/de/test/auto/ResetTransitionWithStartTime2.xml
auto.tcl: Setting watchdog for 200 seconds at Tue Aug 06 05:16:31 UTC 2019
8 ms. Memory: 48128K Free: 26313K (55%)
ptolemy.util.test.WatchDog.cancel(): canceling Tue Aug 06 05:16:31 UTC 2019
auto.tcl: Setting watchdog for 200 seconds at Tue Aug 06 05:16:31 UTC 2019
11 ms. Memory: 48128K Free: 24245K (50%)
ptolemy.util.test.WatchDog.cancel(): canceling Tue Aug 06 05:16:31 UTC 2019
------------------ testing $PTII/ptolemy/domains/de/test/auto/ResetTransitionWithStartTime3.xml
auto.tcl: Setting watchdog for 200 seconds at Tue Aug 06 05:16:31 UTC 2019
6 ms. Memory: 48128K Free: 26292K (55%)
ptolemy.util.test.WatchDog.cancel(): canceling Tue Aug 06 05:16:31 UTC 2019
auto.tcl: Setting watchdog for 200 seconds at Tue Aug 06 05:16:31 UTC 2019
6 ms. Memory: 48128K Free: 23784K (49%)
ptolemy.util.test.WatchDog.cancel(): canceling Tue Aug 06 05:16:31 UTC 2019
------------------ testing $PTII/ptolemy/domains/de/test/auto/ResetTransitionWithStartTime4.xml
auto.tcl: Setting watchdog for 200 seconds at Tue Aug 06 05:16:32 UTC 2019
9 ms. Memory: 48128K Free: 26757K (56%)
ptolemy.util.test.WatchDog.cancel(): canceling Tue Aug 06 05:16:32 UTC 2019
auto.tcl: Setting watchdog for 200 seconds at Tue Aug 06 05:16:32 UTC 2019
4 ms. Memory: 48128K Free: 25339K (53%)
ptolemy.util.test.WatchDog.cancel(): canceling Tue Aug 06 05:16:32 UTC 2019
------------------ testing $PTII/ptolemy/domains/de/test/auto/ResettableTimer1.xml
auto.tcl: Setting watchdog for 200 seconds at Tue Aug 06 05:16:32 UTC 2019
4 ms. Memory: 48128K Free: 30712K (64%)
ptolemy.util.test.WatchDog.cancel(): canceling Tue Aug 06 05:16:32 UTC 2019
auto.tcl: Setting watchdog for 200 seconds at Tue Aug 06 05:16:32 UTC 2019
3 ms. Memory: 48128K Free: 29878K (62%)
ptolemy.util.test.WatchDog.cancel(): canceling Tue Aug 06 05:16:32 UTC 2019
------------------ testing $PTII/ptolemy/domains/de/test/auto/ResettableTimer2.xml
auto.tcl: Setting watchdog for 200 seconds at Tue Aug 06 05:16:32 UTC 2019
4 ms. Memory: 48128K Free: 30547K (63%)
ptolemy.util.test.WatchDog.cancel(): canceling Tue Aug 06 05:16:32 UTC 2019
auto.tcl: Setting watchdog for 200 seconds at Tue Aug 06 05:16:32 UTC 2019
2 ms. Memory: 48128K Free: 29473K (61%)
ptolemy.util.test.WatchDog.cancel(): canceling Tue Aug 06 05:16:32 UTC 2019
------------------ testing $PTII/ptolemy/domains/de/test/auto/ResettableTimer3.xml
auto.tcl: Setting watchdog for 200 seconds at Tue Aug 06 05:16:32 UTC 2019
1 ms. Memory: 48128K Free: 30424K (63%)
ptolemy.util.test.WatchDog.cancel(): canceling Tue Aug 06 05:16:32 UTC 2019
auto.tcl: Setting watchdog for 200 seconds at Tue Aug 06 05:16:32 UTC 2019
1 ms. Memory: 48128K Free: 29947K (62%)
ptolemy.util.test.WatchDog.cancel(): canceling Tue Aug 06 05:16:32 UTC 2019
------------------ testing $PTII/ptolemy/domains/de/test/auto/ResettableTimer4.xml
auto.tcl: Setting watchdog for 200 seconds at Tue Aug 06 05:16:32 UTC 2019
1 ms. Memory: 48128K Free: 30459K (63%)
ptolemy.util.test.WatchDog.cancel(): canceling Tue Aug 06 05:16:32 UTC 2019
auto.tcl: Setting watchdog for 200 seconds at Tue Aug 06 05:16:32 UTC 2019
2 ms. Memory: 48128K Free: 29961K (62%)
ptolemy.util.test.WatchDog.cancel(): canceling Tue Aug 06 05:16:32 UTC 2019
------------------ testing $PTII/ptolemy/domains/de/test/auto/ResettableTimer5.xml
auto.tcl: Setting watchdog for 200 seconds at Tue Aug 06 05:16:32 UTC 2019
1 ms. Memory: 48128K Free: 29908K (62%)
ptolemy.util.test.WatchDog.cancel(): canceling Tue Aug 06 05:16:32 UTC 2019
auto.tcl: Setting watchdog for 200 seconds at Tue Aug 06 05:16:32 UTC 2019
2 ms. Memory: 48128K Free: 29417K (61%)
ptolemy.util.test.WatchDog.cancel(): canceling Tue Aug 06 05:16:32 UTC 2019
------------------ testing $PTII/ptolemy/domains/de/test/auto/ResettableTimer6.xml
auto.tcl: Setting watchdog for 200 seconds at Tue Aug 06 05:16:32 UTC 2019
3 ms. Memory: 48128K Free: 29882K (62%)
ptolemy.util.test.WatchDog.cancel(): canceling Tue Aug 06 05:16:32 UTC 2019
auto.tcl: Setting watchdog for 200 seconds at Tue Aug 06 05:16:32 UTC 2019
2 ms. Memory: 48128K Free: 29407K (61%)
ptolemy.util.test.WatchDog.cancel(): canceling Tue Aug 06 05:16:32 UTC 2019
------------------ testing $PTII/ptolemy/domains/de/test/auto/ServerZeroDelay.xml
auto.tcl: Setting watchdog for 200 seconds at Tue Aug 06 05:16:32 UTC 2019
4 ms. Memory: 48128K Free: 30418K (63%)
ptolemy.util.test.WatchDog.cancel(): canceling Tue Aug 06 05:16:32 UTC 2019
auto.tcl: Setting watchdog for 200 seconds at Tue Aug 06 05:16:32 UTC 2019
3 ms. Memory: 48128K Free: 29436K (61%)
ptolemy.util.test.WatchDog.cancel(): canceling Tue Aug 06 05:16:32 UTC 2019
------------------ testing $PTII/ptolemy/domains/de/test/auto/SmartSender.xml
auto.tcl: Setting watchdog for 200 seconds at Tue Aug 06 05:16:32 UTC 2019
3001 ms. Memory: 48128K Free: 30417K (63%)
ptolemy.util.test.WatchDog.cancel(): canceling Tue Aug 06 05:16:35 UTC 2019
auto.tcl: Setting watchdog for 200 seconds at Tue Aug 06 05:16:35 UTC 2019
3001 ms. Memory: 48128K Free: 29921K (62%)
ptolemy.util.test.WatchDog.cancel(): canceling Tue Aug 06 05:16:38 UTC 2019
------------------ testing $PTII/ptolemy/domains/de/test/auto/ThreadedComposite.xml
auto.tcl: Setting watchdog for 200 seconds at Tue Aug 06 05:16:38 UTC 2019
210 ms. Memory: 48128K Free: 10970K (23%)
ptolemy.util.test.WatchDog.cancel(): canceling Tue Aug 06 05:16:38 UTC 2019
auto.tcl: Setting watchdog for 200 seconds at Tue Aug 06 05:16:38 UTC 2019
126 ms. Memory: 48128K Free: 25333K (53%)
ptolemy.util.test.WatchDog.cancel(): canceling Tue Aug 06 05:16:39 UTC 2019
------------------ testing $PTII/ptolemy/domains/de/test/auto/Time.xml
auto.tcl: Setting watchdog for 200 seconds at Tue Aug 06 05:16:39 UTC 2019
546 ms. Memory: 48128K Free: 30604K (64%)
ptolemy.util.test.WatchDog.cancel(): canceling Tue Aug 06 05:16:39 UTC 2019
auto.tcl: Setting watchdog for 200 seconds at Tue Aug 06 05:16:39 UTC 2019
529 ms. Memory: 48128K Free: 30615K (64%)
ptolemy.util.test.WatchDog.cancel(): canceling Tue Aug 06 05:16:40 UTC 2019
------------------ testing $PTII/ptolemy/domains/de/test/auto/TimeDelayZeroDelay.xml
auto.tcl: Setting watchdog for 200 seconds at Tue Aug 06 05:16:40 UTC 2019
2 ms. Memory: 48128K Free: 30343K (63%)
ptolemy.util.test.WatchDog.cancel(): canceling Tue Aug 06 05:16:40 UTC 2019
auto.tcl: Setting watchdog for 200 seconds at Tue Aug 06 05:16:40 UTC 2019
2 ms. Memory: 48128K Free: 29492K (61%)
ptolemy.util.test.WatchDog.cancel(): canceling Tue Aug 06 05:16:40 UTC 2019
------------------ testing $PTII/ptolemy/domains/de/test/auto/TimerZeroDelay.xml
auto.tcl: Setting watchdog for 200 seconds at Tue Aug 06 05:16:40 UTC 2019
2 ms. Memory: 48128K Free: 30386K (63%)
ptolemy.util.test.WatchDog.cancel(): canceling Tue Aug 06 05:16:40 UTC 2019
auto.tcl: Setting watchdog for 200 seconds at Tue Aug 06 05:16:40 UTC 2019
2 ms. Memory: 48128K Free: 29945K (62%)
ptolemy.util.test.WatchDog.cancel(): canceling Tue Aug 06 05:16:40 UTC 2019
------------------ testing $PTII/ptolemy/domains/de/test/auto/TimingParadox.xml
auto.tcl: Setting watchdog for 200 seconds at Tue Aug 06 05:16:40 UTC 2019
342 ms. Memory: 48128K Free: 15903K (33%)
ptolemy.util.test.WatchDog.cancel(): canceling Tue Aug 06 05:16:40 UTC 2019
auto.tcl: Setting watchdog for 200 seconds at Tue Aug 06 05:16:40 UTC 2019
322 ms. Memory: 61440K Free: 43110K (70%)
ptolemy.util.test.WatchDog.cancel(): canceling Tue Aug 06 05:16:41 UTC 2019
------------------ testing $PTII/ptolemy/domains/de/test/auto/TransferInputs.xml
auto.tcl: Setting watchdog for 200 seconds at Tue Aug 06 05:16:41 UTC 2019
2 ms. Memory: 55296K Free: 36022K (65%)
ptolemy.util.test.WatchDog.cancel(): canceling Tue Aug 06 05:16:41 UTC 2019
auto.tcl: Setting watchdog for 200 seconds at Tue Aug 06 05:16:41 UTC 2019
1 ms. Memory: 55296K Free: 35102K (63%)
ptolemy.util.test.WatchDog.cancel(): canceling Tue Aug 06 05:16:41 UTC 2019
------------------ testing $PTII/ptolemy/domains/de/test/auto/TransferOutputs2.xml
auto.tcl: Setting watchdog for 200 seconds at Tue Aug 06 05:16:41 UTC 2019
3 ms. Memory: 48128K Free: 26297K (55%)
ptolemy.util.test.WatchDog.cancel(): canceling Tue Aug 06 05:16:41 UTC 2019
auto.tcl: Setting watchdog for 200 seconds at Tue Aug 06 05:16:41 UTC 2019
3 ms. Memory: 48128K Free: 24891K (52%)
ptolemy.util.test.WatchDog.cancel(): canceling Tue Aug 06 05:16:41 UTC 2019
------------------ testing $PTII/ptolemy/domains/de/test/auto/Trilateration.xml
auto.tcl: Setting watchdog for 200 seconds at Tue Aug 06 05:16:41 UTC 2019
14337 ms. Memory: 500736K Free: 318477K (64%)
ptolemy.util.test.WatchDog.cancel(): canceling Tue Aug 06 05:16:56 UTC 2019
auto.tcl: Setting watchdog for 200 seconds at Tue Aug 06 05:16:56 UTC 2019
11388 ms. Memory: 500736K Free: 354010K (71%)
ptolemy.util.test.WatchDog.cancel(): canceling Tue Aug 06 05:17:08 UTC 2019
------------------ testing $PTII/ptolemy/domains/de/test/auto/TwoSigmaDelta.xml
auto.tcl: Setting watchdog for 200 seconds at Tue Aug 06 05:17:08 UTC 2019
2624 ms. Memory: 89088K Free: 31642K (36%)
ptolemy.util.test.WatchDog.cancel(): canceling Tue Aug 06 05:17:11 UTC 2019
auto.tcl: Setting watchdog for 200 seconds at Tue Aug 06 05:17:11 UTC 2019
2203 ms. Memory: 89088K Free: 29566K (33%)
ptolemy.util.test.WatchDog.cancel(): canceling Tue Aug 06 05:17:13 UTC 2019
------------------ testing $PTII/ptolemy/domains/de/test/auto/VariableDelay.xml
auto.tcl: Setting watchdog for 200 seconds at Tue Aug 06 05:17:13 UTC 2019
2 ms. Memory: 51200K Free: 32406K (63%)
ptolemy.util.test.WatchDog.cancel(): canceling Tue Aug 06 05:17:13 UTC 2019
auto.tcl: Setting watchdog for 200 seconds at Tue Aug 06 05:17:13 UTC 2019
2 ms. Memory: 51200K Free: 31412K (61%)
ptolemy.util.test.WatchDog.cancel(): canceling Tue Aug 06 05:17:13 UTC 2019
------------------ testing $PTII/ptolemy/domains/de/test/auto/VariableDelay2.xml
auto.tcl: Setting watchdog for 200 seconds at Tue Aug 06 05:17:13 UTC 2019
8 ms. Memory: 51200K Free: 33020K (64%)
ptolemy.util.test.WatchDog.cancel(): canceling Tue Aug 06 05:17:13 UTC 2019
auto.tcl: Setting watchdog for 200 seconds at Tue Aug 06 05:17:13 UTC 2019
2 ms. Memory: 51200K Free: 32508K (63%)
ptolemy.util.test.WatchDog.cancel(): canceling Tue Aug 06 05:17:13 UTC 2019
------------------ testing $PTII/ptolemy/domains/de/test/auto/VariableDelayZeroDelay.xml
auto.tcl: Setting watchdog for 200 seconds at Tue Aug 06 05:17:13 UTC 2019
3 ms. Memory: 48128K Free: 30276K (63%)
ptolemy.util.test.WatchDog.cancel(): canceling Tue Aug 06 05:17:13 UTC 2019
auto.tcl: Setting watchdog for 200 seconds at Tue Aug 06 05:17:13 UTC 2019
2 ms. Memory: 48128K Free: 29784K (62%)
ptolemy.util.test.WatchDog.cancel(): canceling Tue Aug 06 05:17:13 UTC 2019
------------------ testing $PTII/ptolemy/domains/de/test/auto/VariableDelayZeroDelay2.xml
auto.tcl: Setting watchdog for 200 seconds at Tue Aug 06 05:17:13 UTC 2019
5 ms. Memory: 48128K Free: 30275K (63%)
ptolemy.util.test.WatchDog.cancel(): canceling Tue Aug 06 05:17:13 UTC 2019
auto.tcl: Setting watchdog for 200 seconds at Tue Aug 06 05:17:13 UTC 2019
2 ms. Memory: 48128K Free: 29270K (61%)
ptolemy.util.test.WatchDog.cancel(): canceling Tue Aug 06 05:17:13 UTC 2019
------------------ testing $PTII/ptolemy/domains/de/test/auto/deInCt.xml
auto.tcl: Setting watchdog for 200 seconds at Tue Aug 06 05:17:13 UTC 2019
0
1
1
1
0
0
0
0
1
1
1
0
0
0
0
1
1
1
0
0
0
0
0
0
1
1
1
0
0
0
0
0
16 ms. Memory: 48128K Free: 29249K (61%)
ptolemy.util.test.WatchDog.cancel(): canceling Tue Aug 06 05:17:13 UTC 2019
auto.tcl: Setting watchdog for 200 seconds at Tue Aug 06 05:17:13 UTC 2019
0
1
1
1
1
0
0
1
1
1
1
0
0
0
1
1
1
1
0
0
0
1
1
1
0
0
0
0
1
1
1
0
0
0
0
11 ms. Memory: 48128K Free: 27729K (58%)
ptolemy.util.test.WatchDog.cancel(): canceling Tue Aug 06 05:17:13 UTC 2019
------------------ testing $PTII/ptolemy/domains/de/test/auto/deInCt2.xml
auto.tcl: Setting watchdog for 200 seconds at Tue Aug 06 05:17:13 UTC 2019
0
1
1
1
0
0
1
1
1
0
0
1
1
1
0
0
1
1
1
0
0
1
1
1
0
0
1
1
1
0
0
1
1
1
0
0
1
1
1
0
0
0
12 ms. Memory: 48128K Free: 29251K (61%)
ptolemy.util.test.WatchDog.cancel(): canceling Tue Aug 06 05:17:13 UTC 2019
auto.tcl: Setting watchdog for 200 seconds at Tue Aug 06 05:17:13 UTC 2019
0
1
1
1
0
0
1
1
1
0
0
1
1
1
0
0
1
1
1
0
0
1
1
1
0
0
1
1
1
0
0
1
1
1
0
0
1
1
1
0
0
0
11 ms. Memory: 48128K Free: 27705K (58%)
ptolemy.util.test.WatchDog.cancel(): canceling Tue Aug 06 05:17:13 UTC 2019
------------------ testing $PTII/ptolemy/domains/de/test/auto/dynamicCausalityInterface1.xml
auto.tcl: Setting watchdog for 200 seconds at Tue Aug 06 05:17:13 UTC 2019
1 ms. Memory: 48128K Free: 24621K (51%)
ptolemy.util.test.WatchDog.cancel(): canceling Tue Aug 06 05:17:13 UTC 2019
auto.tcl: Setting watchdog for 200 seconds at Tue Aug 06 05:17:13 UTC 2019
0 ms. Memory: 48128K Free: 24125K (50%)
ptolemy.util.test.WatchDog.cancel(): canceling Tue Aug 06 05:17:13 UTC 2019
------------------ testing $PTII/ptolemy/domains/de/test/auto/fsm_de_test.xml
auto.tcl: Setting watchdog for 200 seconds at Tue Aug 06 05:17:13 UTC 2019
7 ms. Memory: 48128K Free: 25047K (52%)
ptolemy.util.test.WatchDog.cancel(): canceling Tue Aug 06 05:17:13 UTC 2019
auto.tcl: Setting watchdog for 200 seconds at Tue Aug 06 05:17:13 UTC 2019
5 ms. Memory: 48128K Free: 22999K (48%)
ptolemy.util.test.WatchDog.cancel(): canceling Tue Aug 06 05:17:13 UTC 2019
------------------ testing $PTII/ptolemy/domains/de/test/auto/functionDependencyReconstruction.xml
auto.tcl: Setting watchdog for 200 seconds at Tue Aug 06 05:17:14 UTC 2019
4 ms. Memory: 48128K Free: 19031K (40%)
ptolemy.util.test.WatchDog.cancel(): canceling Tue Aug 06 05:17:14 UTC 2019
auto.tcl: Setting watchdog for 200 seconds at Tue Aug 06 05:17:14 UTC 2019
3 ms. Memory: 48128K Free: 16872K (35%)
ptolemy.util.test.WatchDog.cancel(): canceling Tue Aug 06 05:17:14 UTC 2019
------------------ testing $PTII/ptolemy/domains/de/test/auto/multirate.xml
auto.tcl: Setting watchdog for 200 seconds at Tue Aug 06 05:17:14 UTC 2019
3 ms. Memory: 48128K Free: 27708K (58%)
ptolemy.util.test.WatchDog.cancel(): canceling Tue Aug 06 05:17:14 UTC 2019
auto.tcl: Setting watchdog for 200 seconds at Tue Aug 06 05:17:14 UTC 2019
3 ms. Memory: 48128K Free: 26031K (54%)
ptolemy.util.test.WatchDog.cancel(): canceling Tue Aug 06 05:17:14 UTC 2019
------------------ testing $PTII/ptolemy/domains/de/test/auto/multirate2.xml
auto.tcl: Setting watchdog for 200 seconds at Tue Aug 06 05:17:14 UTC 2019
5 ms. Memory: 48128K Free: 27658K (57%)
ptolemy.util.test.WatchDog.cancel(): canceling Tue Aug 06 05:17:14 UTC 2019
auto.tcl: Setting watchdog for 200 seconds at Tue Aug 06 05:17:14 UTC 2019
3 ms. Memory: 48128K Free: 26162K (54%)
ptolemy.util.test.WatchDog.cancel(): canceling Tue Aug 06 05:17:14 UTC 2019
------------------ testing $PTII/ptolemy/domains/de/test/auto/realtime.xml
auto.tcl: Setting watchdog for 200 seconds at Tue Aug 06 05:17:14 UTC 2019
10002 ms. Memory: 48128K Free: 29939K (62%)
ptolemy.util.test.WatchDog.cancel(): canceling Tue Aug 06 05:17:24 UTC 2019
auto.tcl: Setting watchdog for 200 seconds at Tue Aug 06 05:17:24 UTC 2019
10002 ms. Memory: 48128K Free: 29194K (61%)
ptolemy.util.test.WatchDog.cancel(): canceling Tue Aug 06 05:17:34 UTC 2019
------------------ testing $PTII/ptolemy/domains/de/test/auto/relationGroup.xml
auto.tcl: Setting watchdog for 200 seconds at Tue Aug 06 05:17:34 UTC 2019
1 ms. Memory: 48128K Free: 30999K (64%)
ptolemy.util.test.WatchDog.cancel(): canceling Tue Aug 06 05:17:34 UTC 2019
auto.tcl: Setting watchdog for 200 seconds at Tue Aug 06 05:17:34 UTC 2019
2 ms. Memory: 48128K Free: 30275K (63%)
ptolemy.util.test.WatchDog.cancel(): canceling Tue Aug 06 05:17:34 UTC 2019
------------------ testing $PTII/ptolemy/domains/de/test/auto/relationGroup2.xml
auto.tcl: Setting watchdog for 200 seconds at Tue Aug 06 05:17:34 UTC 2019
2 ms. Memory: 48128K Free: 31049K (65%)
ptolemy.util.test.WatchDog.cancel(): canceling Tue Aug 06 05:17:34 UTC 2019
auto.tcl: Setting watchdog for 200 seconds at Tue Aug 06 05:17:34 UTC 2019
1 ms. Memory: 48128K Free: 30301K (63%)
ptolemy.util.test.WatchDog.cancel(): canceling Tue Aug 06 05:17:34 UTC 2019
------------------ testing $PTII/ptolemy/domains/de/test/auto/sortWithOpaquePorts.xml
auto.tcl: Setting watchdog for 200 seconds at Tue Aug 06 05:17:34 UTC 2019
1 ms. Memory: 48128K Free: 29774K (62%)
ptolemy.util.test.WatchDog.cancel(): canceling Tue Aug 06 05:17:34 UTC 2019
auto.tcl: Setting watchdog for 200 seconds at Tue Aug 06 05:17:34 UTC 2019
3 ms. Memory: 48128K Free: 28769K (60%)
ptolemy.util.test.WatchDog.cancel(): canceling Tue Aug 06 05:17:34 UTC 2019
------------------ testing $PTII/ptolemy/domains/de/test/auto/transferInputsandOutputs.xml
auto.tcl: Setting watchdog for 200 seconds at Tue Aug 06 05:17:34 UTC 2019
4 ms. Memory: 48128K Free: 27218K (57%)
ptolemy.util.test.WatchDog.cancel(): canceling Tue Aug 06 05:17:34 UTC 2019
auto.tcl: Setting watchdog for 200 seconds at Tue Aug 06 05:17:34 UTC 2019
1 ms. Memory: 48128K Free: 26208K (54%)
ptolemy.util.test.WatchDog.cancel(): canceling Tue Aug 06 05:17:34 UTC 2019
------------------ testing $PTII/ptolemy/domains/de/test/auto/triggerType.xml
auto.tcl: Setting watchdog for 200 seconds at Tue Aug 06 05:17:34 UTC 2019
2 ms. Memory: 48128K Free: 30242K (63%)
ptolemy.util.test.WatchDog.cancel(): canceling Tue Aug 06 05:17:34 UTC 2019
auto.tcl: Setting watchdog for 200 seconds at Tue Aug 06 05:17:34 UTC 2019
2 ms. Memory: 48128K Free: 29262K (61%)
ptolemy.util.test.WatchDog.cancel(): canceling Tue Aug 06 05:17:34 UTC 2019
08/06/19 05:17:34
Failed: 0  Total Tests: 192  ((Passed: 187, Newly Passed: 1)  Known Failed: 5) /home/travis/build/icyphy/ptII/ptolemy/domains/de/test
08/06/19 05:17:34
Failed: 0  Total Tests: 192  ((Passed: 187, Newly Passed: 1)  Known Failed: 5) /home/travis/build/icyphy/ptII/ptolemy/domains/de/test
----------------- testing (KnownFailure) /home/travis/build/icyphy/ptII/ptolemy/domains/de/test/auto/knownFailedTests/DESDFClockTest.xml
2013 ms. Memory: 48128K Free: 23637K (49%)
Known Failure: java.lang.reflect.InvocationTargetException
----------------- testing (KnownFailure) /home/travis/build/icyphy/ptII/ptolemy/domains/de/test/auto/knownFailedTests/DirectFeedback.xml
1 ms. Memory: 48128K Free: 20055K (42%)
Known Failure: java.lang.reflect.InvocationTargetException
----------------- testing (KnownFailure) /home/travis/build/icyphy/ptII/ptolemy/domains/de/test/auto/knownFailedTests/FSMSource.xml
10 ms. Memory: 48128K Free: 12887K (27%)
----------------- testing (KnownFailure) /home/travis/build/icyphy/ptII/ptolemy/domains/de/test/auto/knownFailedTests/HierarchicalModel.xml
2 ms. Memory: 48128K Free: 24047K (50%)
Known Failure: java.lang.reflect.InvocationTargetException
----------------- testing (KnownFailure) /home/travis/build/icyphy/ptII/ptolemy/domains/de/test/auto/knownFailedTests/dependencyLoop.xml
2 ms. Memory: 48128K Free: 8986K (19%)
Known Failure: java.lang.reflect.InvocationTargetException
----------------- testing (KnownFailure) /home/travis/build/icyphy/ptII/ptolemy/domains/de/test/auto/knownFailedTests/dependencyLoop2.xml
6 ms. Memory: 48128K Free: 20871K (43%)
Known Failure: java.lang.reflect.InvocationTargetException
No auto/linux-amd64/*.xml tests in /home/travis/build/icyphy/ptII/ptolemy/domains/de/test
AutoTests.java: About to close Vertx.
AutoTests.java: Vertx closed.

===========================================================================================
----------------- testing Tue Aug 06 05:17:36 UTC 2019 /home/travis/build/icyphy/ptII/ptolemy/domains/de/test/auto/ActorDepthCalculation_actorWithoutPorts.xml
----------------- Instantiating /home/travis/build/icyphy/ptII/ptolemy/domains/de/test/auto/ActorDepthCalculation_actorWithoutPorts.xml
2 ms. Memory: 48128K Free: 14260K (30%)
----------------- Invoking toplevel() on ptolemy.moml.MoMLSimpleApplication@673b2f0f
----------------- Done invoking toplevel() on ptolemy.moml.MoMLSimpleApplication@673b2f0f
reloadAllAccessors: .ActorDepthCalculation_actorWithoutPorts

===========================================================================================
----------------- testing Tue Aug 06 05:17:36 UTC 2019 /home/travis/build/icyphy/ptII/ptolemy/domains/de/test/auto/AssemblyLine.xml
----------------- Instantiating /home/travis/build/icyphy/ptII/ptolemy/domains/de/test/auto/AssemblyLine.xml
10 ms. Memory: 48128K Free: 33661K (70%)
----------------- Invoking toplevel() on ptolemy.moml.MoMLSimpleApplication@2c6c93c
----------------- Done invoking toplevel() on ptolemy.moml.MoMLSimpleApplication@2c6c93c
reloadAllAccessors: .AssemblyLine

===========================================================================================
----------------- testing Tue Aug 06 05:17:36 UTC 2019 /home/travis/build/icyphy/ptII/ptolemy/domains/de/test/auto/CQBug1.xml
----------------- Instantiating /home/travis/build/icyphy/ptII/ptolemy/domains/de/test/auto/CQBug1.xml
1 ms. Memory: 48128K Free: 30492K (63%)
----------------- Invoking toplevel() on ptolemy.moml.MoMLSimpleApplication@5485c923
----------------- Done invoking toplevel() on ptolemy.moml.MoMLSimpleApplication@5485c923
reloadAllAccessors: .CQBug1

===========================================================================================
----------------- testing Tue Aug 06 05:17:36 UTC 2019 /home/travis/build/icyphy/ptII/ptolemy/domains/de/test/auto/CancelFireAt.xml
----------------- Instantiating /home/travis/build/icyphy/ptII/ptolemy/domains/de/test/auto/CancelFireAt.xml
1 ms. Memory: 48128K Free: 28205K (59%)
----------------- Invoking toplevel() on ptolemy.moml.MoMLSimpleApplication@5f578c11
----------------- Done invoking toplevel() on ptolemy.moml.MoMLSimpleApplication@5f578c11
reloadAllAccessors: .CancelFireAt

===========================================================================================
----------------- testing Tue Aug 06 05:17:36 UTC 2019 /home/travis/build/icyphy/ptII/ptolemy/domains/de/test/auto/CausalityAndComposabilityAnalysis.xml
----------------- Instantiating /home/travis/build/icyphy/ptII/ptolemy/domains/de/test/auto/CausalityAndComposabilityAnalysis.xml
2 ms. Memory: 48128K Free: 24163K (50%)
----------------- Invoking toplevel() on ptolemy.moml.MoMLSimpleApplication@70449635
----------------- Done invoking toplevel() on ptolemy.moml.MoMLSimpleApplication@70449635
reloadAllAccessors: .CausalityAndComposabilityAnalysis

===========================================================================================
----------------- testing Tue Aug 06 05:17:36 UTC 2019 /home/travis/build/icyphy/ptII/ptolemy/domains/de/test/auto/CausalityInterface1.xml
----------------- Instantiating /home/travis/build/icyphy/ptII/ptolemy/domains/de/test/auto/CausalityInterface1.xml
5 ms. Memory: 48128K Free: 19190K (40%)
----------------- Invoking toplevel() on ptolemy.moml.MoMLSimpleApplication@87373ed
----------------- Done invoking toplevel() on ptolemy.moml.MoMLSimpleApplication@87373ed
reloadAllAccessors: .CausalityInterface1

===========================================================================================
----------------- testing Tue Aug 06 05:17:36 UTC 2019 /home/travis/build/icyphy/ptII/ptolemy/domains/de/test/auto/CausalityInterface15.xml
----------------- Instantiating /home/travis/build/icyphy/ptII/ptolemy/domains/de/test/auto/CausalityInterface15.xml
11 ms. Memory: 48128K Free: 13828K (29%)
----------------- Invoking toplevel() on ptolemy.moml.MoMLSimpleApplication@21d4fa58
----------------- Done invoking toplevel() on ptolemy.moml.MoMLSimpleApplication@21d4fa58
reloadAllAccessors: .CausalityInterface15

===========================================================================================
----------------- testing Tue Aug 06 05:17:36 UTC 2019 /home/travis/build/icyphy/ptII/ptolemy/domains/de/test/auto/CausalityInterface2.xml
----------------- Instantiating /home/travis/build/icyphy/ptII/ptolemy/domains/de/test/auto/CausalityInterface2.xml
1 ms. Memory: 48128K Free: 9159K (19%)
[...]
	at ptolemy.actor.Manager.run(Manager.java:1263)
	at ptolemy.actor.Manager$PtolemyRunThread.run(Manager.java:1933)
java.lang.RuntimeException: Execution failed
	at ptolemy.moml.MoMLSimpleApplication$UnloadThread.run(MoMLSimpleApplication.java:402)
Caused by: ptolemy.kernel.util.IllegalActionException: Actor is not ready to fire.  Perhaps UpSample.prefire() returned false? Try debugging the actor by selecting "Listen to Actor".  Also, for SDF check moml for tokenConsumptionRate on input.
  in .DESDFClockTest.Play Bell.Copy1:SDF Director and .DESDFClockTest.Play Bell.UpSample
	at ptolemy.actor.sched.StaticSchedulingDirector.fire(StaticSchedulingDirector.java:227)
	at ptolemy.domains.sdf.kernel.SDFDirector.fire(SDFDirector.java:500)
	at ptolemy.actor.CompositeActor.fire(CompositeActor.java:455)
	at ptolemy.domains.de.kernel.DEDirector._fire(DEDirector.java:1949)
	at ptolemy.domains.de.kernel.DEDirector.fire(DEDirector.java:502)
	at ptolemy.actor.CompositeActor.fire(CompositeActor.java:455)
	at ptolemy.actor.Manager.iterate(Manager.java:851)
	at ptolemy.actor.Manager.execute(Manager.java:369)
	at ptolemy.actor.Manager.run(Manager.java:1263)
	at ptolemy.actor.Manager$PtolemyRunThread.run(Manager.java:1933)
java.lang.reflect.InvocationTargetException
	at java.base/jdk.internal.reflect.NativeConstructorAccessorImpl.newInstance0(Native Method)
	at java.base/jdk.internal.reflect.NativeConstructorAccessorImpl.newInstance(NativeConstructorAccessorImpl.java:62)
	at java.base/jdk.internal.reflect.DelegatingConstructorAccessorImpl.newInstance(DelegatingConstructorAccessorImpl.java:45)
	at java.base/java.lang.reflect.Constructor.newInstance(Constructor.java:490)
	at ptolemy.util.test.junit.AutoKnownFailedTests.RunModel(AutoKnownFailedTests.java:105)
	at java.base/jdk.internal.reflect.NativeMethodAccessorImpl.invoke0(Native Method)
	at java.base/jdk.internal.reflect.NativeMethodAccessorImpl.invoke(NativeMethodAccessorImpl.java:62)
	at java.base/jdk.internal.reflect.DelegatingMethodAccessorImpl.invoke(DelegatingMethodAccessorImpl.java:43)
	at java.base/java.lang.reflect.Method.invoke(Method.java:566)
	at org.junit.runners.model.FrameworkMethod$1.runReflectiveCall(FrameworkMethod.java:44)
	at org.junit.internal.runners.model.ReflectiveCallable.run(ReflectiveCallable.java:15)
	at org.junit.runners.model.FrameworkMethod.invokeExplosively(FrameworkMethod.java:41)
	at junitparams.internal.InvokeParameterisedMethod.evaluate(InvokeParameterisedMethod.java:102)
	at org.junit.internal.runners.statements.FailOnTimeout$1.run(FailOnTimeout.java:28)
Caused by: ptolemy.kernel.util.IllegalActionException: Actor is not ready to fire.  Perhaps UpSample.prefire() returned false? Try debugging the actor by selecting "Listen to Actor".  Also, for SDF check moml for tokenConsumptionRate on input.
  in .DESDFClockTest.Play Bell.Copy1:SDF Director and .DESDFClockTest.Play Bell.UpSample
	at ptolemy.actor.sched.StaticSchedulingDirector.fire(StaticSchedulingDirector.java:227)
	at ptolemy.domains.sdf.kernel.SDFDirector.fire(SDFDirector.java:500)
	at ptolemy.actor.CompositeActor.fire(CompositeActor.java:455)
	at ptolemy.domains.de.kernel.DEDirector._fire(DEDirector.java:1949)
	at ptolemy.domains.de.kernel.DEDirector.fire(DEDirector.java:502)
	at ptolemy.actor.CompositeActor.fire(CompositeActor.java:455)
	at ptolemy.actor.Manager.iterate(Manager.java:851)
	at ptolemy.actor.Manager.execute(Manager.java:369)
	at ptolemy.actor.Manager.run(Manager.java:1263)
	at ptolemy.actor.Manager$PtolemyRunThread.run(Manager.java:1933)
java.lang.RuntimeException: Execution failed
	at ptolemy.moml.MoMLSimpleApplication$UnloadThread.run(MoMLSimpleApplication.java:402)
Caused by: ptolemy.kernel.util.IllegalActionException: Test fails in iteration 1.
Value was: 1.0. Should have been: 2.0
  in .DirectFeedback.Test
	at ptolemy.actor.lib.Test.fire(Test.java:268)
	at ptolemy.domains.de.kernel.DEDirector._fire(DEDirector.java:1949)
	at ptolemy.domains.de.kernel.DEDirector.fire(DEDirector.java:502)
	at ptolemy.actor.CompositeActor.fire(CompositeActor.java:455)
	at ptolemy.actor.Manager.iterate(Manager.java:851)
	at ptolemy.actor.Manager.execute(Manager.java:369)
	at ptolemy.actor.Manager.run(Manager.java:1263)
	at ptolemy.actor.Manager$PtolemyRunThread.run(Manager.java:1933)
java.lang.reflect.InvocationTargetException
	at java.base/jdk.internal.reflect.NativeConstructorAccessorImpl.newInstance0(Native Method)
	at java.base/jdk.internal.reflect.NativeConstructorAccessorImpl.newInstance(NativeConstructorAccessorImpl.java:62)
	at java.base/jdk.internal.reflect.DelegatingConstructorAccessorImpl.newInstance(DelegatingConstructorAccessorImpl.java:45)
	at java.base/java.lang.reflect.Constructor.newInstance(Constructor.java:490)
	at ptolemy.util.test.junit.AutoKnownFailedTests.RunModel(AutoKnownFailedTests.java:105)
	at java.base/jdk.internal.reflect.NativeMethodAccessorImpl.invoke0(Native Method)
	at java.base/jdk.internal.reflect.NativeMethodAccessorImpl.invoke(NativeMethodAccessorImpl.java:62)
	at java.base/jdk.internal.reflect.DelegatingMethodAccessorImpl.invoke(DelegatingMethodAccessorImpl.java:43)
	at java.base/java.lang.reflect.Method.invoke(Method.java:566)
	at org.junit.runners.model.FrameworkMethod$1.runReflectiveCall(FrameworkMethod.java:44)
	at org.junit.internal.runners.model.ReflectiveCallable.run(ReflectiveCallable.java:15)
	at org.junit.runners.model.FrameworkMethod.invokeExplosively(FrameworkMethod.java:41)
	at junitparams.internal.InvokeParameterisedMethod.evaluate(InvokeParameterisedMethod.java:102)
	at org.junit.internal.runners.statements.FailOnTimeout$1.run(FailOnTimeout.java:28)
Caused by: ptolemy.kernel.util.IllegalActionException: Test fails in iteration 1.
Value was: 1.0. Should have been: 2.0
  in .DirectFeedback.Test
	at ptolemy.actor.lib.Test.fire(Test.java:268)
	at ptolemy.domains.de.kernel.DEDirector._fire(DEDirector.java:1949)
	at ptolemy.domains.de.kernel.DEDirector.fire(DEDirector.java:502)
	at ptolemy.actor.CompositeActor.fire(CompositeActor.java:455)
	at ptolemy.actor.Manager.iterate(Manager.java:851)
	at ptolemy.actor.Manager.execute(Manager.java:369)
	at ptolemy.actor.Manager.run(Manager.java:1263)
	at ptolemy.actor.Manager$PtolemyRunThread.run(Manager.java:1933)
java.lang.RuntimeException: Execution failed
	at ptolemy.moml.MoMLSimpleApplication$UnloadThread.run(MoMLSimpleApplication.java:402)
Caused by: ptolemy.kernel.util.IllegalActionException: Found a zero delay loop containing .HierarchicalModel.A
  in .HierarchicalModel and .HierarchicalModel.A
	at ptolemy.actor.util.CausalityInterfaceForComposites._computeOutputPortDepth(CausalityInterfaceForComposites.java:759)
	at ptolemy.actor.util.CausalityInterfaceForComposites._computeInputDepth(CausalityInterfaceForComposites.java:696)
	at ptolemy.actor.util.CausalityInterfaceForComposites._computeOutputPortDepth(CausalityInterfaceForComposites.java:765)
	at ptolemy.actor.util.CausalityInterfaceForComposites._computeInputDepth(CausalityInterfaceForComposites.java:696)
	at ptolemy.actor.util.CausalityInterfaceForComposites._computeOutputPortDepth(CausalityInterfaceForComposites.java:765)
	at ptolemy.actor.util.CausalityInterfaceForComposites._computeInputDepth(CausalityInterfaceForComposites.java:696)
	at ptolemy.actor.util.CausalityInterfaceForComposites._computeActorDepth(CausalityInterfaceForComposites.java:532)
	at ptolemy.actor.util.CausalityInterfaceForComposites.checkForCycles(CausalityInterfaceForComposites.java:96)
	at ptolemy.domains.de.kernel.DEDirector.preinitialize(DEDirector.java:1338)
	at ptolemy.actor.CompositeActor.preinitialize(CompositeActor.java:1828)
	at ptolemy.actor.Manager.preinitializeAndResolveTypes(Manager.java:1040)
	at ptolemy.actor.Manager.initialize(Manager.java:710)
	at ptolemy.actor.Manager.execute(Manager.java:356)
	at ptolemy.actor.Manager.run(Manager.java:1263)
	at ptolemy.actor.Manager$PtolemyRunThread.run(Manager.java:1933)
java.lang.reflect.InvocationTargetException
	at java.base/jdk.internal.reflect.NativeConstructorAccessorImpl.newInstance0(Native Method)
	at java.base/jdk.internal.reflect.NativeConstructorAccessorImpl.newInstance(NativeConstructorAccessorImpl.java:62)
	at java.base/jdk.internal.reflect.DelegatingConstructorAccessorImpl.newInstance(DelegatingConstructorAccessorImpl.java:45)
	at java.base/java.lang.reflect.Constructor.newInstance(Constructor.java:490)
	at ptolemy.util.test.junit.AutoKnownFailedTests.RunModel(AutoKnownFailedTests.java:105)
	at java.base/jdk.internal.reflect.NativeMethodAccessorImpl.invoke0(Native Method)
	at java.base/jdk.internal.reflect.NativeMethodAccessorImpl.invoke(NativeMethodAccessorImpl.java:62)
	at java.base/jdk.internal.reflect.DelegatingMethodAccessorImpl.invoke(DelegatingMethodAccessorImpl.java:43)
	at java.base/java.lang.reflect.Method.invoke(Method.java:566)
	at org.junit.runners.model.FrameworkMethod$1.runReflectiveCall(FrameworkMethod.java:44)
	at org.junit.internal.runners.model.ReflectiveCallable.run(ReflectiveCallable.java:15)
	at org.junit.runners.model.FrameworkMethod.invokeExplosively(FrameworkMethod.java:41)
	at junitparams.internal.InvokeParameterisedMethod.evaluate(InvokeParameterisedMethod.java:102)
	at org.junit.internal.runners.statements.FailOnTimeout$1.run(FailOnTimeout.java:28)
Caused by: ptolemy.kernel.util.IllegalActionException: Found a zero delay loop containing .HierarchicalModel.A
  in .HierarchicalModel and .HierarchicalModel.A
	at ptolemy.actor.util.CausalityInterfaceForComposites._computeOutputPortDepth(CausalityInterfaceForComposites.java:759)
	at ptolemy.actor.util.CausalityInterfaceForComposites._computeInputDepth(CausalityInterfaceForComposites.java:696)
	at ptolemy.actor.util.CausalityInterfaceForComposites._computeOutputPortDepth(CausalityInterfaceForComposites.java:765)
	at ptolemy.actor.util.CausalityInterfaceForComposites._computeInputDepth(CausalityInterfaceForComposites.java:696)
	at ptolemy.actor.util.CausalityInterfaceForComposites._computeOutputPortDepth(CausalityInterfaceForComposites.java:765)
	at ptolemy.actor.util.CausalityInterfaceForComposites._computeInputDepth(CausalityInterfaceForComposites.java:696)
	at ptolemy.actor.util.CausalityInterfaceForComposites._computeActorDepth(CausalityInterfaceForComposites.java:532)
	at ptolemy.actor.util.CausalityInterfaceForComposites.checkForCycles(CausalityInterfaceForComposites.java:96)
	at ptolemy.domains.de.kernel.DEDirector.preinitialize(DEDirector.java:1338)
	at ptolemy.actor.CompositeActor.preinitialize(CompositeActor.java:1828)
	at ptolemy.actor.Manager.preinitializeAndResolveTypes(Manager.java:1040)
	at ptolemy.actor.Manager.initialize(Manager.java:710)
	at ptolemy.actor.Manager.execute(Manager.java:356)
	at ptolemy.actor.Manager.run(Manager.java:1263)
	at ptolemy.actor.Manager$PtolemyRunThread.run(Manager.java:1933)
java.lang.RuntimeException: Execution failed
	at ptolemy.moml.MoMLSimpleApplication$UnloadThread.run(MoMLSimpleApplication.java:402)
Caused by: ptolemy.kernel.util.IllegalActionException: Found a zero delay loop containing .dependencyLoop.original
  in .dependencyLoop and .dependencyLoop.original
	at ptolemy.actor.util.CausalityInterfaceForComposites._computeOutputPortDepth(CausalityInterfaceForComposites.java:759)
	at ptolemy.actor.util.CausalityInterfaceForComposites._computeInputDepth(CausalityInterfaceForComposites.java:696)
	at ptolemy.actor.util.CausalityInterfaceForComposites._computeOutputPortDepth(CausalityInterfaceForComposites.java:765)
	at ptolemy.actor.util.CausalityInterfaceForComposites._computeInputDepth(CausalityInterfaceForComposites.java:696)
	at ptolemy.actor.util.CausalityInterfaceForComposites._computeOutputPortDepth(CausalityInterfaceForComposites.java:765)
	at ptolemy.actor.util.CausalityInterfaceForComposites._computeInputDepth(CausalityInterfaceForComposites.java:696)
	at ptolemy.actor.util.CausalityInterfaceForComposites._computeActorDepth(CausalityInterfaceForComposites.java:532)
	at ptolemy.actor.util.CausalityInterfaceForComposites.checkForCycles(CausalityInterfaceForComposites.java:96)
	at ptolemy.domains.de.kernel.DEDirector.preinitialize(DEDirector.java:1338)
	at ptolemy.actor.CompositeActor.preinitialize(CompositeActor.java:1828)
	at ptolemy.actor.Manager.preinitializeAndResolveTypes(Manager.java:1040)
	at ptolemy.actor.Manager.initialize(Manager.java:710)
	at ptolemy.actor.Manager.execute(Manager.java:356)
	at ptolemy.actor.Manager.run(Manager.java:1263)
	at ptolemy.actor.Manager$PtolemyRunThread.run(Manager.java:1933)
java.lang.reflect.InvocationTargetException
	at java.base/jdk.internal.reflect.NativeConstructorAccessorImpl.newInstance0(Native Method)
	at java.base/jdk.internal.reflect.NativeConstructorAccessorImpl.newInstance(NativeConstructorAccessorImpl.java:62)
	at java.base/jdk.internal.reflect.DelegatingConstructorAccessorImpl.newInstance(DelegatingConstructorAccessorImpl.java:45)
	at java.base/java.lang.reflect.Constructor.newInstance(Constructor.java:490)
	at ptolemy.util.test.junit.AutoKnownFailedTests.RunModel(AutoKnownFailedTests.java:105)
	at java.base/jdk.internal.reflect.NativeMethodAccessorImpl.invoke0(Native Method)
	at java.base/jdk.internal.reflect.NativeMethodAccessorImpl.invoke(NativeMethodAccessorImpl.java:62)
	at java.base/jdk.internal.reflect.DelegatingMethodAccessorImpl.invoke(DelegatingMethodAccessorImpl.java:43)
	at java.base/java.lang.reflect.Method.invoke(Method.java:566)
	at org.junit.runners.model.FrameworkMethod$1.runReflectiveCall(FrameworkMethod.java:44)
	at org.junit.internal.runners.model.ReflectiveCallable.run(ReflectiveCallable.java:15)
	at org.junit.runners.model.FrameworkMethod.invokeExplosively(FrameworkMethod.java:41)
	at junitparams.internal.InvokeParameterisedMethod.evaluate(InvokeParameterisedMethod.java:102)
	at org.junit.internal.runners.statements.FailOnTimeout$1.run(FailOnTimeout.java:28)
Caused by: ptolemy.kernel.util.IllegalActionException: Found a zero delay loop containing .dependencyLoop.original
  in .dependencyLoop and .dependencyLoop.original
	at ptolemy.actor.util.CausalityInterfaceForComposites._computeOutputPortDepth(CausalityInterfaceForComposites.java:759)
	at ptolemy.actor.util.CausalityInterfaceForComposites._computeInputDepth(CausalityInterfaceForComposites.java:696)
	at ptolemy.actor.util.CausalityInterfaceForComposites._computeOutputPortDepth(CausalityInterfaceForComposites.java:765)
	at ptolemy.actor.util.CausalityInterfaceForComposites._computeInputDepth(CausalityInterfaceForComposites.java:696)
	at ptolemy.actor.util.CausalityInterfaceForComposites._computeOutputPortDepth(CausalityInterfaceForComposites.java:765)
	at ptolemy.actor.util.CausalityInterfaceForComposites._computeInputDepth(CausalityInterfaceForComposites.java:696)
	at ptolemy.actor.util.CausalityInterfaceForComposites._computeActorDepth(CausalityInterfaceForComposites.java:532)
	at ptolemy.actor.util.CausalityInterfaceForComposites.checkForCycles(CausalityInterfaceForComposites.java:96)
	at ptolemy.domains.de.kernel.DEDirector.preinitialize(DEDirector.java:1338)
	at ptolemy.actor.CompositeActor.preinitialize(CompositeActor.java:1828)
	at ptolemy.actor.Manager.preinitializeAndResolveTypes(Manager.java:1040)
	at ptolemy.actor.Manager.initialize(Manager.java:710)
	at ptolemy.actor.Manager.execute(Manager.java:356)
	at ptolemy.actor.Manager.run(Manager.java:1263)
	at ptolemy.actor.Manager$PtolemyRunThread.run(Manager.java:1933)
java.lang.RuntimeException: Execution failed
	at ptolemy.moml.MoMLSimpleApplication$UnloadThread.run(MoMLSimpleApplication.java:402)
Caused by: ptolemy.kernel.util.IllegalActionException: Found a zero delay loop containing .dependencyLoop2.original
  in .dependencyLoop2 and .dependencyLoop2.original
	at ptolemy.actor.util.CausalityInterfaceForComposites._computeOutputPortDepth(CausalityInterfaceForComposites.java:759)
	at ptolemy.actor.util.CausalityInterfaceForComposites._computeInputDepth(CausalityInterfaceForComposites.java:696)
	at ptolemy.actor.util.CausalityInterfaceForComposites._computeOutputPortDepth(CausalityInterfaceForComposites.java:765)
	at ptolemy.actor.util.CausalityInterfaceForComposites._computeInputDepth(CausalityInterfaceForComposites.java:696)
	at ptolemy.actor.util.CausalityInterfaceForComposites._computeOutputPortDepth(CausalityInterfaceForComposites.java:765)
	at ptolemy.actor.util.CausalityInterfaceForComposites._computeInputDepth(CausalityInterfaceForComposites.java:696)
	at ptolemy.actor.util.CausalityInterfaceForComposites._computeActorDepth(CausalityInterfaceForComposites.java:532)
	at ptolemy.actor.util.CausalityInterfaceForComposites.checkForCycles(CausalityInterfaceForComposites.java:96)
	at ptolemy.domains.de.kernel.DEDirector.preinitialize(DEDirector.java:1338)
	at ptolemy.actor.CompositeActor.preinitialize(CompositeActor.java:1828)
	at ptolemy.actor.Manager.preinitializeAndResolveTypes(Manager.java:1040)
	at ptolemy.actor.Manager.initialize(Manager.java:710)
	at ptolemy.actor.Manager.execute(Manager.java:356)
	at ptolemy.actor.Manager.run(Manager.java:1263)
	at ptolemy.actor.Manager$PtolemyRunThread.run(Manager.java:1933)
java.lang.reflect.InvocationTargetException
	at java.base/jdk.internal.reflect.NativeConstructorAccessorImpl.newInstance0(Native Method)
	at java.base/jdk.internal.reflect.NativeConstructorAccessorImpl.newInstance(NativeConstructorAccessorImpl.java:62)
	at java.base/jdk.internal.reflect.DelegatingConstructorAccessorImpl.newInstance(DelegatingConstructorAccessorImpl.java:45)
	at java.base/java.lang.reflect.Constructor.newInstance(Constructor.java:490)
	at ptolemy.util.test.junit.AutoKnownFailedTests.RunModel(AutoKnownFailedTests.java:105)
	at java.base/jdk.internal.reflect.NativeMethodAccessorImpl.invoke0(Native Method)
	at java.base/jdk.internal.reflect.NativeMethodAccessorImpl.invoke(NativeMethodAccessorImpl.java:62)
	at java.base/jdk.internal.reflect.DelegatingMethodAccessorImpl.invoke(DelegatingMethodAccessorImpl.java:43)
	at java.base/java.lang.reflect.Method.invoke(Method.java:566)
	at org.junit.runners.model.FrameworkMethod$1.runReflectiveCall(FrameworkMethod.java:44)
	at org.junit.internal.runners.model.ReflectiveCallable.run(ReflectiveCallable.java:15)
	at org.junit.runners.model.FrameworkMethod.invokeExplosively(FrameworkMethod.java:41)
	at junitparams.internal.InvokeParameterisedMethod.evaluate(InvokeParameterisedMethod.java:102)
	at org.junit.internal.runners.statements.FailOnTimeout$1.run(FailOnTimeout.java:28)
Caused by: ptolemy.kernel.util.IllegalActionException: Found a zero delay loop containing .dependencyLoop2.original
  in .dependencyLoop2 and .dependencyLoop2.original
	at ptolemy.actor.util.CausalityInterfaceForComposites._computeOutputPortDepth(CausalityInterfaceForComposites.java:759)
	at ptolemy.actor.util.CausalityInterfaceForComposites._computeInputDepth(CausalityInterfaceForComposites.java:696)
	at ptolemy.actor.util.CausalityInterfaceForComposites._computeOutputPortDepth(CausalityInterfaceForComposites.java:765)
	at ptolemy.actor.util.CausalityInterfaceForComposites._computeInputDepth(CausalityInterfaceForComposites.java:696)
	at ptolemy.actor.util.CausalityInterfaceForComposites._computeOutputPortDepth(CausalityInterfaceForComposites.java:765)
	at ptolemy.actor.util.CausalityInterfaceForComposites._computeInputDepth(CausalityInterfaceForComposites.java:696)
	at ptolemy.actor.util.CausalityInterfaceForComposites._computeActorDepth(CausalityInterfaceForComposites.java:532)
	at ptolemy.actor.util.CausalityInterfaceForComposites.checkForCycles(CausalityInterfaceForComposites.java:96)
	at ptolemy.domains.de.kernel.DEDirector.preinitialize(DEDirector.java:1338)
	at ptolemy.actor.CompositeActor.preinitialize(CompositeActor.java:1828)
	at ptolemy.actor.Manager.preinitializeAndResolveTypes(Manager.java:1040)
	at ptolemy.actor.Manager.initialize(Manager.java:710)
	at ptolemy.actor.Manager.execute(Manager.java:356)
	at ptolemy.actor.Manager.run(Manager.java:1263)
	at ptolemy.actor.Manager$PtolemyRunThread.run(Manager.java:1933)
]]></system-err>
</testsuite>
