<?xml version="1.0" encoding="UTF-8" ?>
<testsuite errors="0" failures="0" hostname="travis-job-9a56d8ed-c94b-43ef-bbbd-d9443ed42c6c" name="ptolemy.domains.modal.test.junit.JUnitTclTest" skipped="0" tests="148" time="10.994" timestamp="2019-10-26T06:09:24">
  <properties>
[...]
</properties>
  <testcase classname="ptolemy.util.test.junit.TclTests" name="[0] /home/travis/build/icyphy/ptII/ptolemy/domains/modal/test/SystemLevelType.tcl (RunTclFile)" time="1.95" />
  <testcase classname="ptolemy.util.test.junit.AutoKnownFailedTests" name="[0] /home/travis/build/icyphy/ptII/ptolemy/domains/modal/test/auto/knownFailedTests/CannotAnalysisWithPreemption.xml (RunModel)" time="0.306" />
  <testcase classname="ptolemy.util.test.junit.AutoNameArchTests" name="[0] ThereAreNoAutoArchTests (RunModel)" time="0.003" />
  <testcase classname="ptolemy.util.test.junit.AutoTests" name="[0] /home/travis/build/icyphy/ptII/ptolemy/domains/modal/test/auto/ABPTest.xml (RunModel)" time="0.749" />
  <testcase classname="ptolemy.util.test.junit.AutoTests" name="[1] /home/travis/build/icyphy/ptII/ptolemy/domains/modal/test/auto/ABROFlat.xml (RunModel)" time="0.096" />
  <testcase classname="ptolemy.util.test.junit.AutoTests" name="[2] /home/travis/build/icyphy/ptII/ptolemy/domains/modal/test/auto/ABROFlat2.xml (RunModel)" time="0.07" />
  <testcase classname="ptolemy.util.test.junit.AutoTests" name="[3] /home/travis/build/icyphy/ptII/ptolemy/domains/modal/test/auto/ABRO_present_hmm.xml (RunModel)" time="0.141" />
  <testcase classname="ptolemy.util.test.junit.AutoTests" name="[4] /home/travis/build/icyphy/ptII/ptolemy/domains/modal/test/auto/AMICoderExample.xml (RunModel)" time="0.059" />
  <testcase classname="ptolemy.util.test.junit.AutoTests" name="[5] /home/travis/build/icyphy/ptII/ptolemy/domains/modal/test/auto/AbsentToPresent.xml (RunModel)" time="0.021" />
  <testcase classname="ptolemy.util.test.junit.AutoTests" name="[6] /home/travis/build/icyphy/ptII/ptolemy/domains/modal/test/auto/Blending.xml (RunModel)" time="0.255" />
  <testcase classname="ptolemy.util.test.junit.AutoTests" name="[7] /home/travis/build/icyphy/ptII/ptolemy/domains/modal/test/auto/Broadcast.xml (RunModel)" time="0.043" />
  <testcase classname="ptolemy.util.test.junit.AutoTests" name="[8] /home/travis/build/icyphy/ptII/ptolemy/domains/modal/test/auto/BroadcastHierarchy.xml (RunModel)" time="0.07" />
  <testcase classname="ptolemy.util.test.junit.AutoTests" name="[9] /home/travis/build/icyphy/ptII/ptolemy/domains/modal/test/auto/BroadcastHierarchy2.xml (RunModel)" time="0.1" />
  <testcase classname="ptolemy.util.test.junit.AutoTests" name="[10] /home/travis/build/icyphy/ptII/ptolemy/domains/modal/test/auto/BroadcastHierarchy3.xml (RunModel)" time="0.086" />
  <testcase classname="ptolemy.util.test.junit.AutoTests" name="[11] /home/travis/build/icyphy/ptII/ptolemy/domains/modal/test/auto/BroadcastHierarchy4.xml (RunModel)" time="0.093" />
  <testcase classname="ptolemy.util.test.junit.AutoTests" name="[12] /home/travis/build/icyphy/ptII/ptolemy/domains/modal/test/auto/CannotAnalysisWithPreemption2.xml (RunModel)" time="0.048" />
  <testcase classname="ptolemy.util.test.junit.AutoTests" name="[13] /home/travis/build/icyphy/ptII/ptolemy/domains/modal/test/auto/CannotAnalysisWithPreemption3.xml (RunModel)" time="0.048" />
  <testcase classname="ptolemy.util.test.junit.AutoTests" name="[14] /home/travis/build/icyphy/ptII/ptolemy/domains/modal/test/auto/CannotProduce.xml (RunModel)" time="0.05" />
  <testcase classname="ptolemy.util.test.junit.AutoTests" name="[15] /home/travis/build/icyphy/ptII/ptolemy/domains/modal/test/auto/CannotProduceModal.xml (RunModel)" time="0.043" />
  <testcase classname="ptolemy.util.test.junit.AutoTests" name="[16] /home/travis/build/icyphy/ptII/ptolemy/domains/modal/test/auto/Case.xml (RunModel)" time="0.086" />
  <testcase classname="ptolemy.util.test.junit.AutoTests" name="[17] /home/travis/build/icyphy/ptII/ptolemy/domains/modal/test/auto/Case1.xml (RunModel)" time="0.037" />
  <testcase classname="ptolemy.util.test.junit.AutoTests" name="[18] /home/travis/build/icyphy/ptII/ptolemy/domains/modal/test/auto/Case2.xml (RunModel)" time="0.065" />
  <testcase classname="ptolemy.util.test.junit.AutoTests" name="[19] /home/travis/build/icyphy/ptII/ptolemy/domains/modal/test/auto/CausalityInterface1.xml (RunModel)" time="0.037" />
  <testcase classname="ptolemy.util.test.junit.AutoTests" name="[20] /home/travis/build/icyphy/ptII/ptolemy/domains/modal/test/auto/CausalityInterface10.xml (RunModel)" time="0.061" />
  <testcase classname="ptolemy.util.test.junit.AutoTests" name="[21] /home/travis/build/icyphy/ptII/ptolemy/domains/modal/test/auto/CausalityInterface11.xml (RunModel)" time="0.052" />
  <testcase classname="ptolemy.util.test.junit.AutoTests" name="[22] /home/travis/build/icyphy/ptII/ptolemy/domains/modal/test/auto/CausalityInterface12.xml (RunModel)" time="0.045" />
  <testcase classname="ptolemy.util.test.junit.AutoTests" name="[23] /home/travis/build/icyphy/ptII/ptolemy/domains/modal/test/auto/CausalityInterface13.xml (RunModel)" time="0.04" />
  <testcase classname="ptolemy.util.test.junit.AutoTests" name="[24] /home/travis/build/icyphy/ptII/ptolemy/domains/modal/test/auto/CausalityInterface14.xml (RunModel)" time="0.038" />
  <testcase classname="ptolemy.util.test.junit.AutoTests" name="[25] /home/travis/build/icyphy/ptII/ptolemy/domains/modal/test/auto/CausalityInterface2.xml (RunModel)" time="0.02" />
  <testcase classname="ptolemy.util.test.junit.AutoTests" name="[26] /home/travis/build/icyphy/ptII/ptolemy/domains/modal/test/auto/CausalityInterface3.xml (RunModel)" time="0.021" />
  <testcase classname="ptolemy.util.test.junit.AutoTests" name="[27] /home/travis/build/icyphy/ptII/ptolemy/domains/modal/test/auto/CausalityInterface4.xml (RunModel)" time="0.018" />
  <testcase classname="ptolemy.util.test.junit.AutoTests" name="[28] /home/travis/build/icyphy/ptII/ptolemy/domains/modal/test/auto/CausalityInterface5.xml (RunModel)" time="0.022" />
  <testcase classname="ptolemy.util.test.junit.AutoTests" name="[29] /home/travis/build/icyphy/ptII/ptolemy/domains/modal/test/auto/CausalityInterface6.xml (RunModel)" time="0.021" />
  <testcase classname="ptolemy.util.test.junit.AutoTests" name="[30] /home/travis/build/icyphy/ptII/ptolemy/domains/modal/test/auto/CausalityInterface7.xml (RunModel)" time="0.053" />
  <testcase classname="ptolemy.util.test.junit.AutoTests" name="[31] /home/travis/build/icyphy/ptII/ptolemy/domains/modal/test/auto/CausalityInterface8.xml (RunModel)" time="0.061" />
  <testcase classname="ptolemy.util.test.junit.AutoTests" name="[32] /home/travis/build/icyphy/ptII/ptolemy/domains/modal/test/auto/CausalityInterface9.xml (RunModel)" time="0.059" />
  <testcase classname="ptolemy.util.test.junit.AutoTests" name="[33] /home/travis/build/icyphy/ptII/ptolemy/domains/modal/test/auto/ChainedTransitions.xml (RunModel)" time="0.174" />
  <testcase classname="ptolemy.util.test.junit.AutoTests" name="[34] /home/travis/build/icyphy/ptII/ptolemy/domains/modal/test/auto/CycleOfImmediateTransitionsFSM.xml (RunModel)" time="0.026" />
  <testcase classname="ptolemy.util.test.junit.AutoTests" name="[35] /home/travis/build/icyphy/ptII/ptolemy/domains/modal/test/auto/CycleOfImmediateTransitionsModal.xml (RunModel)" time="0.023" />
  <testcase classname="ptolemy.util.test.junit.AutoTests" name="[36] /home/travis/build/icyphy/ptII/ptolemy/domains/modal/test/auto/CycleOfImmediateTransitionsModal2.xml (RunModel)" time="0.029" />
  <testcase classname="ptolemy.util.test.junit.AutoTests" name="[37] /home/travis/build/icyphy/ptII/ptolemy/domains/modal/test/auto/CycleOfImmediateTransitionsModal3.xml (RunModel)" time="0.076" />
  <testcase classname="ptolemy.util.test.junit.AutoTests" name="[38] /home/travis/build/icyphy/ptII/ptolemy/domains/modal/test/auto/DeepModal1.xml (RunModel)" time="0.052" />
  <testcase classname="ptolemy.util.test.junit.AutoTests" name="[39] /home/travis/build/icyphy/ptII/ptolemy/domains/modal/test/auto/DeepModal2.xml (RunModel)" time="0.059" />
  <testcase classname="ptolemy.util.test.junit.AutoTests" name="[40] /home/travis/build/icyphy/ptII/ptolemy/domains/modal/test/auto/DeepModal3.xml (RunModel)" time="0.073" />
  <testcase classname="ptolemy.util.test.junit.AutoTests" name="[41] /home/travis/build/icyphy/ptII/ptolemy/domains/modal/test/auto/DeepModal4.xml (RunModel)" time="0.066" />
  <testcase classname="ptolemy.util.test.junit.AutoTests" name="[42] /home/travis/build/icyphy/ptII/ptolemy/domains/modal/test/auto/Default1.xml (RunModel)" time="0.016" />
  <testcase classname="ptolemy.util.test.junit.AutoTests" name="[43] /home/travis/build/icyphy/ptII/ptolemy/domains/modal/test/auto/Default2.xml (RunModel)" time="0.021" />
  <testcase classname="ptolemy.util.test.junit.AutoTests" name="[44] /home/travis/build/icyphy/ptII/ptolemy/domains/modal/test/auto/Default3.xml (RunModel)" time="0.023" />
  <testcase classname="ptolemy.util.test.junit.AutoTests" name="[45] /home/travis/build/icyphy/ptII/ptolemy/domains/modal/test/auto/Default4.xml (RunModel)" time="0.026" />
  <testcase classname="ptolemy.util.test.junit.AutoTests" name="[46] /home/travis/build/icyphy/ptII/ptolemy/domains/modal/test/auto/Default5.xml (RunModel)" time="0.026" />
  <testcase classname="ptolemy.util.test.junit.AutoTests" name="[47] /home/travis/build/icyphy/ptII/ptolemy/domains/modal/test/auto/EmptyGuard.xml (RunModel)" time="0.032" />
  <testcase classname="ptolemy.util.test.junit.AutoTests" name="[48] /home/travis/build/icyphy/ptII/ptolemy/domains/modal/test/auto/ErrorTransition1.xml (RunModel)" time="0.028" />
  <testcase classname="ptolemy.util.test.junit.AutoTests" name="[49] /home/travis/build/icyphy/ptII/ptolemy/domains/modal/test/auto/ErrorTransition10.xml (RunModel)" time="0.039" />
  <testcase classname="ptolemy.util.test.junit.AutoTests" name="[50] /home/travis/build/icyphy/ptII/ptolemy/domains/modal/test/auto/ErrorTransition11.xml (RunModel)" time="0.035" />
  <testcase classname="ptolemy.util.test.junit.AutoTests" name="[51] /home/travis/build/icyphy/ptII/ptolemy/domains/modal/test/auto/ErrorTransition2.xml (RunModel)" time="0.048" />
  <testcase classname="ptolemy.util.test.junit.AutoTests" name="[52] /home/travis/build/icyphy/ptII/ptolemy/domains/modal/test/auto/ErrorTransition3.xml (RunModel)" time="0.049" />
  <testcase classname="ptolemy.util.test.junit.AutoTests" name="[53] /home/travis/build/icyphy/ptII/ptolemy/domains/modal/test/auto/ErrorTransition4.xml (RunModel)" time="0.044" />
  <testcase classname="ptolemy.util.test.junit.AutoTests" name="[54] /home/travis/build/icyphy/ptII/ptolemy/domains/modal/test/auto/ErrorTransition5.xml (RunModel)" time="0.036" />
  <testcase classname="ptolemy.util.test.junit.AutoTests" name="[55] /home/travis/build/icyphy/ptII/ptolemy/domains/modal/test/auto/ErrorTransition6.xml (RunModel)" time="0.032" />
  <testcase classname="ptolemy.util.test.junit.AutoTests" name="[56] /home/travis/build/icyphy/ptII/ptolemy/domains/modal/test/auto/ErrorTransition7.xml (RunModel)" time="0.049" />
  <testcase classname="ptolemy.util.test.junit.AutoTests" name="[57] /home/travis/build/icyphy/ptII/ptolemy/domains/modal/test/auto/ErrorTransition8.xml (RunModel)" time="0.05" />
  <testcase classname="ptolemy.util.test.junit.AutoTests" name="[58] /home/travis/build/icyphy/ptII/ptolemy/domains/modal/test/auto/ErrorTransition9.xml (RunModel)" time="0.05" />
  <testcase classname="ptolemy.util.test.junit.AutoTests" name="[59] /home/travis/build/icyphy/ptII/ptolemy/domains/modal/test/auto/ExtendedFSM.xml (RunModel)" time="0.024" />
  <testcase classname="ptolemy.util.test.junit.AutoTests" name="[60] /home/travis/build/icyphy/ptII/ptolemy/domains/modal/test/auto/FinalStates.xml (RunModel)" time="0.024" />
  <testcase classname="ptolemy.util.test.junit.AutoTests" name="[61] /home/travis/build/icyphy/ptII/ptolemy/domains/modal/test/auto/FixedPointFSM.xml (RunModel)" time="0.045" />
  <testcase classname="ptolemy.util.test.junit.AutoTests" name="[62] /home/travis/build/icyphy/ptII/ptolemy/domains/modal/test/auto/FixedPointIterationFSMActor.xml (RunModel)" time="0.043" />
  <testcase classname="ptolemy.util.test.junit.AutoTests" name="[63] /home/travis/build/icyphy/ptII/ptolemy/domains/modal/test/auto/FixedPointIterationFSMActor2.xml (RunModel)" time="0.034" />
  <testcase classname="ptolemy.util.test.junit.AutoTests" name="[64] /home/travis/build/icyphy/ptII/ptolemy/domains/modal/test/auto/ForbiddenInstantanousLoop.xml (RunModel)" time="0.032" />
  <testcase classname="ptolemy.util.test.junit.AutoTests" name="[65] /home/travis/build/icyphy/ptII/ptolemy/domains/modal/test/auto/FunctionDependencyOfFSMActorTest.xml (RunModel)" time="0.03" />
  <testcase classname="ptolemy.util.test.junit.AutoTests" name="[66] /home/travis/build/icyphy/ptII/ptolemy/domains/modal/test/auto/GuardExpression.xml (RunModel)" time="0.015" />
  <testcase classname="ptolemy.util.test.junit.AutoTests" name="[67] /home/travis/build/icyphy/ptII/ptolemy/domains/modal/test/auto/GuardNotEvaluated.xml (RunModel)" time="0.03" />
  <testcase classname="ptolemy.util.test.junit.AutoTests" name="[68] /home/travis/build/icyphy/ptII/ptolemy/domains/modal/test/auto/GuardNotEvaluated2.xml (RunModel)" time="0.024" />
  <testcase classname="ptolemy.util.test.junit.AutoTests" name="[69] /home/travis/build/icyphy/ptII/ptolemy/domains/modal/test/auto/GuardOnAbsent.xml (RunModel)" time="0.023" />
  <testcase classname="ptolemy.util.test.junit.AutoTests" name="[70] /home/travis/build/icyphy/ptII/ptolemy/domains/modal/test/auto/HierarchicalFSMTypeInference.xml (RunModel)" time="0.028" />
  <testcase classname="ptolemy.util.test.junit.AutoTests" name="[71] /home/travis/build/icyphy/ptII/ptolemy/domains/modal/test/auto/Hysteresis.xml (RunModel)" time="0.05" />
  <testcase classname="ptolemy.util.test.junit.AutoTests" name="[72] /home/travis/build/icyphy/ptII/ptolemy/domains/modal/test/auto/HysteresisWithDefault.xml (RunModel)" time="0.078" />
  <testcase classname="ptolemy.util.test.junit.AutoTests" name="[73] /home/travis/build/icyphy/ptII/ptolemy/domains/modal/test/auto/HysteresisWithDefault2.xml (RunModel)" time="0.112" />
  <testcase classname="ptolemy.util.test.junit.AutoTests" name="[74] /home/travis/build/icyphy/ptII/ptolemy/domains/modal/test/auto/ImmediateNonConstructiveness.xml (RunModel)" time="0.034" />
  <testcase classname="ptolemy.util.test.junit.AutoTests" name="[75] /home/travis/build/icyphy/ptII/ptolemy/domains/modal/test/auto/ImmediateNonConstructiveness2.xml (RunModel)" time="0.02" />
  <testcase classname="ptolemy.util.test.junit.AutoTests" name="[76] /home/travis/build/icyphy/ptII/ptolemy/domains/modal/test/auto/ImmediateTransitionReset.xml (RunModel)" time="0.042" />
  <testcase classname="ptolemy.util.test.junit.AutoTests" name="[77] /home/travis/build/icyphy/ptII/ptolemy/domains/modal/test/auto/ImmediateTransitions1.xml (RunModel)" time="0.014" />
  <testcase classname="ptolemy.util.test.junit.AutoTests" name="[78] /home/travis/build/icyphy/ptII/ptolemy/domains/modal/test/auto/ImmediateTransitionsInstantaneousCommunication.xml (RunModel)" time="0.032" />
  <testcase classname="ptolemy.util.test.junit.AutoTests" name="[79] /home/travis/build/icyphy/ptII/ptolemy/domains/modal/test/auto/InitialImmediateTransition.xml (RunModel)" time="0.017" />
  <testcase classname="ptolemy.util.test.junit.AutoTests" name="[80] /home/travis/build/icyphy/ptII/ptolemy/domains/modal/test/auto/InitialOutputs.xml (RunModel)" time="0.018" />
  <testcase classname="ptolemy.util.test.junit.AutoTests" name="[81] /home/travis/build/icyphy/ptII/ptolemy/domains/modal/test/auto/InitialStateTransition1.xml (RunModel)" time="0.021" />
  <testcase classname="ptolemy.util.test.junit.AutoTests" name="[82] /home/travis/build/icyphy/ptII/ptolemy/domains/modal/test/auto/InitialStateTransition2.xml (RunModel)" time="0.023" />
  <testcase classname="ptolemy.util.test.junit.AutoTests" name="[83] /home/travis/build/icyphy/ptII/ptolemy/domains/modal/test/auto/InitialStateTransition3.xml (RunModel)" time="0.025" />
  <testcase classname="ptolemy.util.test.junit.AutoTests" name="[84] /home/travis/build/icyphy/ptII/ptolemy/domains/modal/test/auto/InitialStateTransition4.xml (RunModel)" time="0.026" />
  <testcase classname="ptolemy.util.test.junit.AutoTests" name="[85] /home/travis/build/icyphy/ptII/ptolemy/domains/modal/test/auto/MalformedGuardExpressionNotCaught.xml (RunModel)" time="0.028" />
  <testcase classname="ptolemy.util.test.junit.AutoTests" name="[86] /home/travis/build/icyphy/ptII/ptolemy/domains/modal/test/auto/ModalBSC.xml (RunModel)" time="0.113" />
  <testcase classname="ptolemy.util.test.junit.AutoTests" name="[87] /home/travis/build/icyphy/ptII/ptolemy/domains/modal/test/auto/ModalClocks.xml (RunModel)" time="0.084" />
  <testcase classname="ptolemy.util.test.junit.AutoTests" name="[88] /home/travis/build/icyphy/ptII/ptolemy/domains/modal/test/auto/ModalDelay.xml (RunModel)" time="0.042" />
  <testcase classname="ptolemy.util.test.junit.AutoTests" name="[89] /home/travis/build/icyphy/ptII/ptolemy/domains/modal/test/auto/ModalDelay2.xml (RunModel)" time="0.046" />
  <testcase classname="ptolemy.util.test.junit.AutoTests" name="[90] /home/travis/build/icyphy/ptII/ptolemy/domains/modal/test/auto/ModalModelFromMemo.xml (RunModel)" time="0.056" />
  <testcase classname="ptolemy.util.test.junit.AutoTests" name="[91] /home/travis/build/icyphy/ptII/ptolemy/domains/modal/test/auto/ModalModelWithMultirateTransient.xml (RunModel)" time="0.053" />
  <testcase classname="ptolemy.util.test.junit.AutoTests" name="[92] /home/travis/build/icyphy/ptII/ptolemy/domains/modal/test/auto/ModalModelWithReset.xml (RunModel)" time="0.049" />
  <testcase classname="ptolemy.util.test.junit.AutoTests" name="[93] /home/travis/build/icyphy/ptII/ptolemy/domains/modal/test/auto/MouseClickFSM.xml (RunModel)" time="0.082" />
  <testcase classname="ptolemy.util.test.junit.AutoTests" name="[94] /home/travis/build/icyphy/ptII/ptolemy/domains/modal/test/auto/MouseClickFSMModal.xml (RunModel)" time="0.042" />
  <testcase classname="ptolemy.util.test.junit.AutoTests" name="[95] /home/travis/build/icyphy/ptII/ptolemy/domains/modal/test/auto/NonStrictFSM_FeedbackLoop.xml (RunModel)" time="0.055" />
  <testcase classname="ptolemy.util.test.junit.AutoTests" name="[96] /home/travis/build/icyphy/ptII/ptolemy/domains/modal/test/auto/NonStrictFSM_FeedbackLoop_Refinement.xml (RunModel)" time="0.067" />
  <testcase classname="ptolemy.util.test.junit.AutoTests" name="[97] /home/travis/build/icyphy/ptII/ptolemy/domains/modal/test/auto/NonStrictFSM_FeedbackLoop_preemptive.xml (RunModel)" time="0.057" />
  <testcase classname="ptolemy.util.test.junit.AutoTests" name="[98] /home/travis/build/icyphy/ptII/ptolemy/domains/modal/test/auto/NormalTermination.xml (RunModel)" time="0.043" />
  <testcase classname="ptolemy.util.test.junit.AutoTests" name="[99] /home/travis/build/icyphy/ptII/ptolemy/domains/modal/test/auto/Pong.xml (RunModel)" time="0.078" />
  <testcase classname="ptolemy.util.test.junit.AutoTests" name="[100] /home/travis/build/icyphy/ptII/ptolemy/domains/modal/test/auto/Pong_test.xml (RunModel)" time="0.095" />
  <testcase classname="ptolemy.util.test.junit.AutoTests" name="[101] /home/travis/build/icyphy/ptII/ptolemy/domains/modal/test/auto/PreemptionHierarchy.xml (RunModel)" time="0.026" />
  <testcase classname="ptolemy.util.test.junit.AutoTests" name="[102] /home/travis/build/icyphy/ptII/ptolemy/domains/modal/test/auto/PreemptionHierarchy2.xml (RunModel)" time="0.035" />
  <testcase classname="ptolemy.util.test.junit.AutoTests" name="[103] /home/travis/build/icyphy/ptII/ptolemy/domains/modal/test/auto/PreemptiveTransition.xml (RunModel)" time="0.028" />
  <testcase classname="ptolemy.util.test.junit.AutoTests" name="[104] /home/travis/build/icyphy/ptII/ptolemy/domains/modal/test/auto/Priorities.xml (RunModel)" time="0.109" />
  <testcase classname="ptolemy.util.test.junit.AutoTests" name="[105] /home/travis/build/icyphy/ptII/ptolemy/domains/modal/test/auto/ResetFinal.xml (RunModel)" time="0.052" />
  <testcase classname="ptolemy.util.test.junit.AutoTests" name="[106] /home/travis/build/icyphy/ptII/ptolemy/domains/modal/test/auto/ResetFinal2.xml (RunModel)" time="0.04" />
  <testcase classname="ptolemy.util.test.junit.AutoTests" name="[107] /home/travis/build/icyphy/ptII/ptolemy/domains/modal/test/auto/ResetTransitionWithStartTime.xml (RunModel)" time="0.034" />
  <testcase classname="ptolemy.util.test.junit.AutoTests" name="[108] /home/travis/build/icyphy/ptII/ptolemy/domains/modal/test/auto/SDF-FSMComposite.xml (RunModel)" time="0.022" />
  <testcase classname="ptolemy.util.test.junit.AutoTests" name="[109] /home/travis/build/icyphy/ptII/ptolemy/domains/modal/test/auto/SeeminglyNondeterminate.xml (RunModel)" time="0.087" />
  <testcase classname="ptolemy.util.test.junit.AutoTests" name="[110] /home/travis/build/icyphy/ptII/ptolemy/domains/modal/test/auto/SeeminglyNondeterminate2.xml (RunModel)" time="0.081" />
  <testcase classname="ptolemy.util.test.junit.AutoTests" name="[111] /home/travis/build/icyphy/ptII/ptolemy/domains/modal/test/auto/SpontaneousFSM.xml (RunModel)" time="0.06" />
  <testcase classname="ptolemy.util.test.junit.AutoTests" name="[112] /home/travis/build/icyphy/ptII/ptolemy/domains/modal/test/auto/SpontaneousFSM2.xml (RunModel)" time="0.055" />
  <testcase classname="ptolemy.util.test.junit.AutoTests" name="[113] /home/travis/build/icyphy/ptII/ptolemy/domains/modal/test/auto/SpontaneousFSM3.xml (RunModel)" time="0.061" />
  <testcase classname="ptolemy.util.test.junit.AutoTests" name="[114] /home/travis/build/icyphy/ptII/ptolemy/domains/modal/test/auto/SpontaneousFSM4.xml (RunModel)" time="0.041" />
  <testcase classname="ptolemy.util.test.junit.AutoTests" name="[115] /home/travis/build/icyphy/ptII/ptolemy/domains/modal/test/auto/StateTrackerTest.xml (RunModel)" time="0.054" />
  <testcase classname="ptolemy.util.test.junit.AutoTests" name="[116] /home/travis/build/icyphy/ptII/ptolemy/domains/modal/test/auto/StrongImmediateTransition.xml (RunModel)" time="0.024" />
  <testcase classname="ptolemy.util.test.junit.AutoTests" name="[117] /home/travis/build/icyphy/ptII/ptolemy/domains/modal/test/auto/SustainHierarchy.xml (RunModel)" time="0.033" />
  <testcase classname="ptolemy.util.test.junit.AutoTests" name="[118] /home/travis/build/icyphy/ptII/ptolemy/domains/modal/test/auto/TerminationTransition1.xml (RunModel)" time="0.021" />
  <testcase classname="ptolemy.util.test.junit.AutoTests" name="[119] /home/travis/build/icyphy/ptII/ptolemy/domains/modal/test/auto/TerminationTransition2.xml (RunModel)" time="0.023" />
  <testcase classname="ptolemy.util.test.junit.AutoTests" name="[120] /home/travis/build/icyphy/ptII/ptolemy/domains/modal/test/auto/TerminationTransition3.xml (RunModel)" time="0.024" />
  <testcase classname="ptolemy.util.test.junit.AutoTests" name="[121] /home/travis/build/icyphy/ptII/ptolemy/domains/modal/test/auto/TerminationTransition4.xml (RunModel)" time="0.033" />
  <testcase classname="ptolemy.util.test.junit.AutoTests" name="[122] /home/travis/build/icyphy/ptII/ptolemy/domains/modal/test/auto/TerminationTransition5.xml (RunModel)" time="0.034" />
  <testcase classname="ptolemy.util.test.junit.AutoTests" name="[123] /home/travis/build/icyphy/ptII/ptolemy/domains/modal/test/auto/TerminationTransition6.xml (RunModel)" time="0.022" />
  <testcase classname="ptolemy.util.test.junit.AutoTests" name="[124] /home/travis/build/icyphy/ptII/ptolemy/domains/modal/test/auto/TerminationTransition7.xml (RunModel)" time="0.023" />
  <testcase classname="ptolemy.util.test.junit.AutoTests" name="[125] /home/travis/build/icyphy/ptII/ptolemy/domains/modal/test/auto/TerminationTransition8.xml (RunModel)" time="0.027" />
  <testcase classname="ptolemy.util.test.junit.AutoTests" name="[126] /home/travis/build/icyphy/ptII/ptolemy/domains/modal/test/auto/Thermostat_NoHysteresis.xml (RunModel)" time="0.068" />
  <testcase classname="ptolemy.util.test.junit.AutoTests" name="[127] /home/travis/build/icyphy/ptII/ptolemy/domains/modal/test/auto/TimedFSM.xml (RunModel)" time="0.037" />
  <testcase classname="ptolemy.util.test.junit.AutoTests" name="[128] /home/travis/build/icyphy/ptII/ptolemy/domains/modal/test/auto/Timeout1.xml (RunModel)" time="0.013" />
  <testcase classname="ptolemy.util.test.junit.AutoTests" name="[129] /home/travis/build/icyphy/ptII/ptolemy/domains/modal/test/auto/Timeout2.xml (RunModel)" time="0.022" />
  <testcase classname="ptolemy.util.test.junit.AutoTests" name="[130] /home/travis/build/icyphy/ptII/ptolemy/domains/modal/test/auto/Timeout3.xml (RunModel)" time="0.012" />
  <testcase classname="ptolemy.util.test.junit.AutoTests" name="[131] /home/travis/build/icyphy/ptII/ptolemy/domains/modal/test/auto/Timeout4.xml (RunModel)" time="0.013" />
  <testcase classname="ptolemy.util.test.junit.AutoTests" name="[132] /home/travis/build/icyphy/ptII/ptolemy/domains/modal/test/auto/TransientstateModelAdvanced.xml (RunModel)" time="0.029" />
  <testcase classname="ptolemy.util.test.junit.AutoTests" name="[133] /home/travis/build/icyphy/ptII/ptolemy/domains/modal/test/auto/TransientstateModelAdvanced2.xml (RunModel)" time="0.033" />
  <testcase classname="ptolemy.util.test.junit.AutoTests" name="[134] /home/travis/build/icyphy/ptII/ptolemy/domains/modal/test/auto/TransitionRefinements.xml (RunModel)" time="0.027" />
  <testcase classname="ptolemy.util.test.junit.AutoTests" name="[135] /home/travis/build/icyphy/ptII/ptolemy/domains/modal/test/auto/TwoRefinements1.xml (RunModel)" time="0.026" />
  <testcase classname="ptolemy.util.test.junit.AutoTests" name="[136] /home/travis/build/icyphy/ptII/ptolemy/domains/modal/test/auto/TwoRefinements2.xml (RunModel)" time="0.026" />
  <testcase classname="ptolemy.util.test.junit.AutoTests" name="[137] /home/travis/build/icyphy/ptII/ptolemy/domains/modal/test/auto/WeakImmediateTransition.xml (RunModel)" time="0.027" />
  <testcase classname="ptolemy.util.test.junit.AutoTests" name="[138] /home/travis/build/icyphy/ptII/ptolemy/domains/modal/test/auto/booleanSelect.xml (RunModel)" time="0.065" />
  <testcase classname="ptolemy.util.test.junit.AutoTests" name="[139] /home/travis/build/icyphy/ptII/ptolemy/domains/modal/test/auto/modalChangingParams.xml (RunModel)" time="0.387" />
  <testcase classname="ptolemy.util.test.junit.AutoTests" name="[140] /home/travis/build/icyphy/ptII/ptolemy/domains/modal/test/auto/modalModel.xml (RunModel)" time="0.032" />
  <testcase classname="ptolemy.util.test.junit.AutoTests" name="[141] /home/travis/build/icyphy/ptII/ptolemy/domains/modal/test/auto/modalModel2.xml (RunModel)" time="0.037" />
  <testcase classname="ptolemy.util.test.junit.AutoTests" name="[142] /home/travis/build/icyphy/ptII/ptolemy/domains/modal/test/auto/modalModel3.xml (RunModel)" time="0.043" />
  <testcase classname="ptolemy.util.test.junit.AutoTests" name="[143] /home/travis/build/icyphy/ptII/ptolemy/domains/modal/test/auto/model1.xml (RunModel)" time="0.02" />
  <testcase classname="ptolemy.util.test.junit.AutoTests" name="[144] /home/travis/build/icyphy/ptII/ptolemy/domains/modal/test/auto/test-direct-in-out.xml (RunModel)" time="0.027" />
  <system-out><![CDATA[/home/travis/build/icyphy/ptII/ptolemy/domains/modal/test/SystemLevelType.tcl
testDefs.tcl: setting time out to 9000 seconds at Sat Oct 26 06:09:24 UTC 2019
10/26/19 06:09:26
Failed: 0  Total Tests: 1  ((Passed: 1, Newly Passed: 0)  Known Failed: 0) /home/travis/build/icyphy/ptII/ptolemy/domains/modal/test
----------------- testing (KnownFailure) /home/travis/build/icyphy/ptII/ptolemy/domains/modal/test/auto/knownFailedTests/CannotAnalysisWithPreemption.xml
136 ms. Memory: 120832K Free: 48986K (41%)
Known Failure: java.lang.reflect.InvocationTargetException
No auto/linux-amd64/*.xml tests in /home/travis/build/icyphy/ptII/ptolemy/domains/modal/test
AutoTests.java: About to close Vertx.
AutoTests.java: Vertx closed.

===========================================================================================
----------------- testing Sat Oct 26 06:09:27 UTC 2019 /home/travis/build/icyphy/ptII/ptolemy/domains/modal/test/auto/ABPTest.xml
----------------- Instantiating /home/travis/build/icyphy/ptII/ptolemy/domains/modal/test/auto/ABPTest.xml
380 ms. Memory: 146432K Free: 101792K (70%)
----------------- Invoking toplevel() on ptolemy.moml.MoMLSimpleApplication@47c82919
----------------- Done invoking toplevel() on ptolemy.moml.MoMLSimpleApplication@47c82919
reloadAllAccessors: .ABPTest

===========================================================================================
----------------- testing Sat Oct 26 06:09:28 UTC 2019 /home/travis/build/icyphy/ptII/ptolemy/domains/modal/test/auto/ABROFlat.xml
----------------- Instantiating /home/travis/build/icyphy/ptII/ptolemy/domains/modal/test/auto/ABROFlat.xml
29 ms. Memory: 146432K Free: 85408K (58%)
----------------- Invoking toplevel() on ptolemy.moml.MoMLSimpleApplication@328edd43
----------------- Done invoking toplevel() on ptolemy.moml.MoMLSimpleApplication@328edd43
reloadAllAccessors: .ABROFlat

===========================================================================================
----------------- testing Sat Oct 26 06:09:28 UTC 2019 /home/travis/build/icyphy/ptII/ptolemy/domains/modal/test/auto/ABROFlat2.xml
----------------- Instantiating /home/travis/build/icyphy/ptII/ptolemy/domains/modal/test/auto/ABROFlat2.xml
24 ms. Memory: 146432K Free: 69024K (47%)
----------------- Invoking toplevel() on ptolemy.moml.MoMLSimpleApplication@403866df
----------------- Done invoking toplevel() on ptolemy.moml.MoMLSimpleApplication@403866df
reloadAllAccessors: .ABROFlat2

===========================================================================================
----------------- testing Sat Oct 26 06:09:28 UTC 2019 /home/travis/build/icyphy/ptII/ptolemy/domains/modal/test/auto/ABRO_present_hmm.xml
----------------- Instantiating /home/travis/build/icyphy/ptII/ptolemy/domains/modal/test/auto/ABRO_present_hmm.xml
25 ms. Memory: 146432K Free: 121691K (83%)
----------------- Invoking toplevel() on ptolemy.moml.MoMLSimpleApplication@5afbf0aa
----------------- Done invoking toplevel() on ptolemy.moml.MoMLSimpleApplication@5afbf0aa
reloadAllAccessors: .ABRO_present_hmm

===========================================================================================
----------------- testing Sat Oct 26 06:09:28 UTC 2019 /home/travis/build/icyphy/ptII/ptolemy/domains/modal/test/auto/AMICoderExample.xml
----------------- Instantiating /home/travis/build/icyphy/ptII/ptolemy/domains/modal/test/auto/AMICoderExample.xml
28 ms. Memory: 146432K Free: 111617K (76%)
----------------- Invoking toplevel() on ptolemy.moml.MoMLSimpleApplication@4d9998f6
----------------- Done invoking toplevel() on ptolemy.moml.MoMLSimpleApplication@4d9998f6
reloadAllAccessors: .AMICoderExample

===========================================================================================
----------------- testing Sat Oct 26 06:09:28 UTC 2019 /home/travis/build/icyphy/ptII/ptolemy/domains/modal/test/auto/AbsentToPresent.xml
----------------- Instantiating /home/travis/build/icyphy/ptII/ptolemy/domains/modal/test/auto/AbsentToPresent.xml
4 ms. Memory: 146432K Free: 106926K (73%)
----------------- Invoking toplevel() on ptolemy.moml.MoMLSimpleApplication@6e82e4bc
----------------- Done invoking toplevel() on ptolemy.moml.MoMLSimpleApplication@6e82e4bc
reloadAllAccessors: .AbsentToPresent

===========================================================================================
----------------- testing Sat Oct 26 06:09:28 UTC 2019 /home/travis/build/icyphy/ptII/ptolemy/domains/modal/test/auto/Blending.xml
----------------- Instantiating /home/travis/build/icyphy/ptII/ptolemy/domains/modal/test/auto/Blending.xml
141 ms. Memory: 146432K Free: 61878K (42%)
----------------- Invoking toplevel() on ptolemy.moml.MoMLSimpleApplication@44250d0d
----------------- Done invoking toplevel() on ptolemy.moml.MoMLSimpleApplication@44250d0d
reloadAllAccessors: .Blending

===========================================================================================
----------------- testing Sat Oct 26 06:09:28 UTC 2019 /home/travis/build/icyphy/ptII/ptolemy/domains/modal/test/auto/Broadcast.xml
----------------- Instantiating /home/travis/build/icyphy/ptII/ptolemy/domains/modal/test/auto/Broadcast.xml
8 ms. Memory: 146432K Free: 52255K (36%)
----------------- Invoking toplevel() on ptolemy.moml.MoMLSimpleApplication@7622062d
----------------- Done invoking toplevel() on ptolemy.moml.MoMLSimpleApplication@7622062d
reloadAllAccessors: .Broadcast

===========================================================================================
----------------- testing Sat Oct 26 06:09:28 UTC 2019 /home/travis/build/icyphy/ptII/ptolemy/domains/modal/test/auto/BroadcastHierarchy.xml
----------------- Instantiating /home/travis/build/icyphy/ptII/ptolemy/domains/modal/test/auto/BroadcastHierarchy.xml
11 ms. Memory: 146432K Free: 120169K (82%)
----------------- Invoking toplevel() on ptolemy.moml.MoMLSimpleApplication@5369128e
----------------- Done invoking toplevel() on ptolemy.moml.MoMLSimpleApplication@5369128e
reloadAllAccessors: .BroadcastHierarchy

===========================================================================================
----------------- testing Sat Oct 26 06:09:29 UTC 2019 /home/travis/build/icyphy/ptII/ptolemy/domains/modal/test/auto/BroadcastHierarchy2.xml
----------------- Instantiating /home/travis/build/icyphy/ptII/ptolemy/domains/modal/test/auto/BroadcastHierarchy2.xml
27 ms. Memory: 146432K Free: 93545K (64%)
----------------- Invoking toplevel() on ptolemy.moml.MoMLSimpleApplication@5ff369c4
----------------- Done invoking toplevel() on ptolemy.moml.MoMLSimpleApplication@5ff369c4
reloadAllAccessors: .BroadcastHierarchy2

===========================================================================================
----------------- testing Sat Oct 26 06:09:29 UTC 2019 /home/travis/build/icyphy/ptII/ptolemy/domains/modal/test/auto/BroadcastHierarchy3.xml
----------------- Instantiating /home/travis/build/icyphy/ptII/ptolemy/domains/modal/test/auto/BroadcastHierarchy3.xml
23 ms. Memory: 146432K Free: 73267K (50%)
----------------- Invoking toplevel() on ptolemy.moml.MoMLSimpleApplication@4a72f994
----------------- Done invoking toplevel() on ptolemy.moml.MoMLSimpleApplication@4a72f994
reloadAllAccessors: .BroadcastHierarchy3

===========================================================================================
----------------- testing Sat Oct 26 06:09:29 UTC 2019 /home/travis/build/icyphy/ptII/ptolemy/domains/modal/test/auto/BroadcastHierarchy4.xml
----------------- Instantiating /home/travis/build/icyphy/ptII/ptolemy/domains/modal/test/auto/BroadcastHierarchy4.xml
21 ms. Memory: 146432K Free: 49087K (34%)
----------------- Invoking toplevel() on ptolemy.moml.MoMLSimpleApplication@6f6f6a50
----------------- Done invoking toplevel() on ptolemy.moml.MoMLSimpleApplication@6f6f6a50
reloadAllAccessors: .BroadcastHierarchy4

===========================================================================================
----------------- testing Sat Oct 26 06:09:29 UTC 2019 /home/travis/build/icyphy/ptII/ptolemy/domains/modal/test/auto/CannotAnalysisWithPreemption2.xml
----------------- Instantiating /home/travis/build/icyphy/ptII/ptolemy/domains/modal/test/auto/CannotAnalysisWithPreemption2.xml
5 ms. Memory: 180224K Free: 158105K (88%)
----------------- Invoking toplevel() on ptolemy.moml.MoMLSimpleApplication@1cf17479
----------------- Done invoking toplevel() on ptolemy.moml.MoMLSimpleApplication@1cf17479
reloadAllAccessors: .CannotAnalysisWithPreemption2

===========================================================================================
----------------- testing Sat Oct 26 06:09:29 UTC 2019 /home/travis/build/icyphy/ptII/ptolemy/domains/modal/test/auto/CannotAnalysisWithPreemption3.xml
----------------- Instantiating /home/travis/build/icyphy/ptII/ptolemy/domains/modal/test/auto/CannotAnalysisWithPreemption3.xml
4 ms. Memory: 180224K Free: 147867K (82%)
----------------- Invoking toplevel() on ptolemy.moml.MoMLSimpleApplication@5ac93d7a
----------------- Done invoking toplevel() on ptolemy.moml.MoMLSimpleApplication@5ac93d7a
reloadAllAccessors: .CannotAnalysisWithPreemption3

===========================================================================================
----------------- testing Sat Oct 26 06:09:29 UTC 2019 /home/travis/build/icyphy/ptII/ptolemy/domains/modal/test/auto/CannotProduce.xml
----------------- Instantiating /home/travis/build/icyphy/ptII/ptolemy/domains/modal/test/auto/CannotProduce.xml
19 ms. Memory: 180224K Free: 141209K (78%)
----------------- Invoking toplevel() on ptolemy.moml.MoMLSimpleApplication@5efb9a0a
----------------- Done invoking toplevel() on ptolemy.moml.MoMLSimpleApplication@5efb9a0a
reloadAllAccessors: .CannotProduce

===========================================================================================
----------------- testing Sat Oct 26 06:09:29 UTC 2019 /home/travis/build/icyphy/ptII/ptolemy/domains/modal/test/auto/CannotProduceModal.xml
----------------- Instantiating /home/travis/build/icyphy/ptII/ptolemy/domains/modal/test/auto/CannotProduceModal.xml
19 ms. Memory: 180224K Free: 134555K (75%)
----------------- Invoking toplevel() on ptolemy.moml.MoMLSimpleApplication@7396636a
----------------- Done invoking toplevel() on ptolemy.moml.MoMLSimpleApplication@7396636a
reloadAllAccessors: .CannotProduceModal

===========================================================================================
----------------- testing Sat Oct 26 06:09:29 UTC 2019 /home/travis/build/icyphy/ptII/ptolemy/domains/modal/test/auto/Case.xml
----------------- Instantiating /home/travis/build/icyphy/ptII/ptolemy/domains/modal/test/auto/Case.xml
39 ms. Memory: 180224K Free: 123291K (68%)
----------------- Invoking toplevel() on ptolemy.moml.MoMLSimpleApplication@77063eea
----------------- Done invoking toplevel() on ptolemy.moml.MoMLSimpleApplication@77063eea
reloadAllAccessors: .Case

===========================================================================================
----------------- testing Sat Oct 26 06:09:29 UTC 2019 /home/travis/build/icyphy/ptII/ptolemy/domains/modal/test/auto/Case1.xml
----------------- Instantiating /home/travis/build/icyphy/ptII/ptolemy/domains/modal/test/auto/Case1.xml
13 ms. Memory: 180224K Free: 116123K (64%)
----------------- Invoking toplevel() on ptolemy.moml.MoMLSimpleApplication@4d135ec9
----------------- Done invoking toplevel() on ptolemy.moml.MoMLSimpleApplication@4d135ec9
reloadAllAccessors: .Case1

===========================================================================================
----------------- testing Sat Oct 26 06:09:29 UTC 2019 /home/travis/build/icyphy/ptII/ptolemy/domains/modal/test/auto/Case2.xml
----------------- Instantiating /home/travis/build/icyphy/ptII/ptolemy/domains/modal/test/auto/Case2.xml
29 ms. Memory: 180224K Free: 105369K (58%)
----------------- Invoking toplevel() on ptolemy.moml.MoMLSimpleApplication@69a23136
----------------- Done invoking toplevel() on ptolemy.moml.MoMLSimpleApplication@69a23136
reloadAllAccessors: .Case2

===========================================================================================
----------------- testing Sat Oct 26 06:09:29 UTC 2019 /home/travis/build/icyphy/ptII/ptolemy/domains/modal/test/auto/CausalityInterface1.xml
----------------- Instantiating /home/travis/build/icyphy/ptII/ptolemy/domains/modal/test/auto/CausalityInterface1.xml
5 ms. Memory: 180224K Free: 100249K (56%)
----------------- Invoking toplevel() on ptolemy.moml.MoMLSimpleApplication@2666dc52
----------------- Done invoking toplevel() on ptolemy.moml.MoMLSimpleApplication@2666dc52
reloadAllAccessors: .CausalityInterface1

===========================================================================================
----------------- testing Sat Oct 26 06:09:29 UTC 2019 /home/travis/build/icyphy/ptII/ptolemy/domains/modal/test/auto/CausalityInterface10.xml
----------------- Instantiating /home/travis/build/icyphy/ptII/ptolemy/domains/modal/test/auto/CausalityInterface10.xml
11 ms. Memory: 180224K Free: 86923K (48%)
----------------- Invoking toplevel() on ptolemy.moml.MoMLSimpleApplication@4fdb0f1
----------------- Done invoking toplevel() on ptolemy.moml.MoMLSimpleApplication@4fdb0f1
reloadAllAccessors: .CausalityInterface10

===========================================================================================
----------------- testing Sat Oct 26 06:09:29 UTC 2019 /home/travis/build/icyphy/ptII/ptolemy/domains/modal/test/auto/CausalityInterface11.xml
----------------- Instantiating /home/travis/build/icyphy/ptII/ptolemy/domains/modal/test/auto/CausalityInterface11.xml
9 ms. Memory: 180224K Free: 73595K (41%)
----------------- Invoking toplevel() on ptolemy.moml.MoMLSimpleApplication@6068b1ca
----------------- Done invoking toplevel() on ptolemy.moml.MoMLSimpleApplication@6068b1ca
reloadAllAccessors: .CausalityInterface11

===========================================================================================
----------------- testing Sat Oct 26 06:09:29 UTC 2019 /home/travis/build/icyphy/ptII/ptolemy/domains/modal/test/auto/CausalityInterface12.xml
----------------- Instantiating /home/travis/build/icyphy/ptII/ptolemy/domains/modal/test/auto/CausalityInterface12.xml
5 ms. Memory: 180224K Free: 157118K (87%)
----------------- Invoking toplevel() on ptolemy.moml.MoMLSimpleApplication@1ac76697
----------------- Done invoking toplevel() on ptolemy.moml.MoMLSimpleApplication@1ac76697
reloadAllAccessors: .CausalityInterface12

===========================================================================================
----------------- testing Sat Oct 26 06:09:29 UTC 2019 /home/travis/build/icyphy/ptII/ptolemy/domains/modal/test/auto/CausalityInterface13.xml
----------------- Instantiating /home/travis/build/icyphy/ptII/ptolemy/domains/modal/test/auto/CausalityInterface13.xml
6 ms. Memory: 180224K Free: 143278K (79%)
----------------- Invoking toplevel() on ptolemy.moml.MoMLSimpleApplication@25b18350
----------------- Done invoking toplevel() on ptolemy.moml.MoMLSimpleApplication@25b18350
reloadAllAccessors: .CausalityInterface13

===========================================================================================
----------------- testing Sat Oct 26 06:09:29 UTC 2019 /home/travis/build/icyphy/ptII/ptolemy/domains/modal/test/auto/CausalityInterface14.xml
----------------- Instantiating /home/travis/build/icyphy/ptII/ptolemy/domains/modal/test/auto/CausalityInterface14.xml
5 ms. Memory: 180224K Free: 129470K (72%)
----------------- Invoking toplevel() on ptolemy.moml.MoMLSimpleApplication@c635635
----------------- Done invoking toplevel() on ptolemy.moml.MoMLSimpleApplication@c635635
reloadAllAccessors: .CausalityInterface14

===========================================================================================
----------------- testing Sat Oct 26 06:09:30 UTC 2019 /home/travis/build/icyphy/ptII/ptolemy/domains/modal/test/auto/CausalityInterface2.xml
----------------- Instantiating /home/travis/build/icyphy/ptII/ptolemy/domains/modal/test/auto/CausalityInterface2.xml
4 ms. Memory: 180224K Free: 123326K (68%)
----------------- Invoking toplevel() on ptolemy.moml.MoMLSimpleApplication@3d17e1e4
----------------- Done invoking toplevel() on ptolemy.moml.MoMLSimpleApplication@3d17e1e4
reloadAllAccessors: .CausalityInterface2

===========================================================================================
----------------- testing Sat Oct 26 06:09:30 UTC 2019 /home/travis/build/icyphy/ptII/ptolemy/domains/modal/test/auto/CausalityInterface3.xml
----------------- Instantiating /home/travis/build/icyphy/ptII/ptolemy/domains/modal/test/auto/CausalityInterface3.xml
3 ms. Memory: 180224K Free: 116668K (65%)
----------------- Invoking toplevel() on ptolemy.moml.MoMLSimpleApplication@78e12930
----------------- Done invoking toplevel() on ptolemy.moml.MoMLSimpleApplication@78e12930
reloadAllAccessors: .CausalityInterface3

===========================================================================================
----------------- testing Sat Oct 26 06:09:30 UTC 2019 /home/travis/build/icyphy/ptII/ptolemy/domains/modal/test/auto/CausalityInterface4.xml
----------------- Instantiating /home/travis/build/icyphy/ptII/ptolemy/domains/modal/test/auto/CausalityInterface4.xml
3 ms. Memory: 180224K Free: 110510K (61%)
----------------- Invoking toplevel() on ptolemy.moml.MoMLSimpleApplication@59ca5fb1
----------------- Done invoking toplevel() on ptolemy.moml.MoMLSimpleApplication@59ca5fb1
reloadAllAccessors: .CausalityInterface4

===========================================================================================
----------------- testing Sat Oct 26 06:09:30 UTC 2019 /home/travis/build/icyphy/ptII/ptolemy/domains/modal/test/auto/CausalityInterface5.xml
----------------- Instantiating /home/travis/build/icyphy/ptII/ptolemy/domains/modal/test/auto/CausalityInterface5.xml
4 ms. Memory: 180224K Free: 102332K (57%)
----------------- Invoking toplevel() on ptolemy.moml.MoMLSimpleApplication@2252a105
----------------- Done invoking toplevel() on ptolemy.moml.MoMLSimpleApplication@2252a105
reloadAllAccessors: .CausalityInterface5

===========================================================================================
----------------- testing Sat Oct 26 06:09:30 UTC 2019 /home/travis/build/icyphy/ptII/ptolemy/domains/modal/test/auto/CausalityInterface6.xml
----------------- Instantiating /home/travis/build/icyphy/ptII/ptolemy/domains/modal/test/auto/CausalityInterface6.xml
3 ms. Memory: 180224K Free: 94140K (52%)
----------------- Invoking toplevel() on ptolemy.moml.MoMLSimpleApplication@3df4b2df
----------------- Done invoking toplevel() on ptolemy.moml.MoMLSimpleApplication@3df4b2df
reloadAllAccessors: .CausalityInterface6

===========================================================================================
----------------- testing Sat Oct 26 06:09:30 UTC 2019 /home/travis/build/icyphy/ptII/ptolemy/domains/modal/test/auto/CausalityInterface7.xml
----------------- Instantiating /home/travis/build/icyphy/ptII/ptolemy/domains/modal/test/auto/CausalityInterface7.xml
4 ms. Memory: 180224K Free: 85934K (48%)
----------------- Invoking toplevel() on ptolemy.moml.MoMLSimpleApplication@66b6e7fa
----------------- Done invoking toplevel() on ptolemy.moml.MoMLSimpleApplication@66b6e7fa
reloadAllAccessors: .CausalityInterface7

===========================================================================================
----------------- testing Sat Oct 26 06:09:30 UTC 2019 /home/travis/build/icyphy/ptII/ptolemy/domains/modal/test/auto/CausalityInterface8.xml
----------------- Instantiating /home/travis/build/icyphy/ptII/ptolemy/domains/modal/test/auto/CausalityInterface8.xml
5 ms. Memory: 180224K Free: 77742K (43%)
----------------- Invoking toplevel() on ptolemy.moml.MoMLSimpleApplication@76c5218a
----------------- Done invoking toplevel() on ptolemy.moml.MoMLSimpleApplication@76c5218a
reloadAllAccessors: .CausalityInterface8

===========================================================================================
----------------- testing Sat Oct 26 06:09:30 UTC 2019 /home/travis/build/icyphy/ptII/ptolemy/domains/modal/test/auto/CausalityInterface9.xml
----------------- Instantiating /home/travis/build/icyphy/ptII/ptolemy/domains/modal/test/auto/CausalityInterface9.xml
9 ms. Memory: 180224K Free: 68540K (38%)
----------------- Invoking toplevel() on ptolemy.moml.MoMLSimpleApplication@47da494b
----------------- Done invoking toplevel() on ptolemy.moml.MoMLSimpleApplication@47da494b
reloadAllAccessors: .CausalityInterface9

===========================================================================================
----------------- testing Sat Oct 26 06:09:30 UTC 2019 /home/travis/build/icyphy/ptII/ptolemy/domains/modal/test/auto/ChainedTransitions.xml
----------------- Instantiating /home/travis/build/icyphy/ptII/ptolemy/domains/modal/test/auto/ChainedTransitions.xml
108 ms. Memory: 180224K Free: 146343K (81%)
----------------- Invoking toplevel() on ptolemy.moml.MoMLSimpleApplication@46e9a6c2
----------------- Done invoking toplevel() on ptolemy.moml.MoMLSimpleApplication@46e9a6c2
reloadAllAccessors: .ChainedTransitions

===========================================================================================
----------------- testing Sat Oct 26 06:09:30 UTC 2019 /home/travis/build/icyphy/ptII/ptolemy/domains/modal/test/auto/CycleOfImmediateTransitionsFSM.xml
----------------- Instantiating /home/travis/build/icyphy/ptII/ptolemy/domains/modal/test/auto/CycleOfImmediateTransitionsFSM.xml
3 ms. Memory: 180224K Free: 140713K (78%)
----------------- Invoking toplevel() on ptolemy.moml.MoMLSimpleApplication@76729c8c
----------------- Done invoking toplevel() on ptolemy.moml.MoMLSimpleApplication@76729c8c
reloadAllAccessors: .CycleOfImmediateTransitionsFSM

===========================================================================================
----------------- testing Sat Oct 26 06:09:30 UTC 2019 /home/travis/build/icyphy/ptII/ptolemy/domains/modal/test/auto/CycleOfImmediateTransitionsModal.xml
----------------- Instantiating /home/travis/build/icyphy/ptII/ptolemy/domains/modal/test/auto/CycleOfImmediateTransitionsModal.xml
4 ms. Memory: 180224K Free: 134569K (75%)
----------------- Invoking toplevel() on ptolemy.moml.MoMLSimpleApplication@3c2f79af
----------------- Done invoking toplevel() on ptolemy.moml.MoMLSimpleApplication@3c2f79af
reloadAllAccessors: .CycleOfImmediateTransitionsModal

===========================================================================================
----------------- testing Sat Oct 26 06:09:30 UTC 2019 /home/travis/build/icyphy/ptII/ptolemy/domains/modal/test/auto/CycleOfImmediateTransitionsModal2.xml
----------------- Instantiating /home/travis/build/icyphy/ptII/ptolemy/domains/modal/test/auto/CycleOfImmediateTransitionsModal2.xml
7 ms. Memory: 180224K Free: 128425K (71%)
----------------- Invoking toplevel() on ptolemy.moml.MoMLSimpleApplication@5ea3ea52
----------------- Done invoking toplevel() on ptolemy.moml.MoMLSimpleApplication@5ea3ea52
reloadAllAccessors: .CycleOfImmediateTransitionsModal2

===========================================================================================
----------------- testing Sat Oct 26 06:09:30 UTC 2019 /home/travis/build/icyphy/ptII/ptolemy/domains/modal/test/auto/CycleOfImmediateTransitionsModal3.xml
----------------- Instantiating /home/travis/build/icyphy/ptII/ptolemy/domains/modal/test/auto/CycleOfImmediateTransitionsModal3.xml
12 ms. Memory: 180224K Free: 105897K (59%)
----------------- Invoking toplevel() on ptolemy.moml.MoMLSimpleApplication@28798888
----------------- Done invoking toplevel() on ptolemy.moml.MoMLSimpleApplication@28798888
reloadAllAccessors: .CycleOfImmediateTransitionsModal3

===========================================================================================
----------------- testing Sat Oct 26 06:09:30 UTC 2019 /home/travis/build/icyphy/ptII/ptolemy/domains/modal/test/auto/DeepModal1.xml
----------------- Instantiating /home/travis/build/icyphy/ptII/ptolemy/domains/modal/test/auto/DeepModal1.xml
27 ms. Memory: 180224K Free: 92041K (51%)
----------------- Invoking toplevel() on ptolemy.moml.MoMLSimpleApplication@1ef04aa3
----------------- Done invoking toplevel() on ptolemy.moml.MoMLSimpleApplication@1ef04aa3
reloadAllAccessors: .DeepModal1

===========================================================================================
----------------- testing Sat Oct 26 06:09:30 UTC 2019 /home/travis/build/icyphy/ptII/ptolemy/domains/modal/test/auto/DeepModal2.xml
----------------- Instantiating /home/travis/build/icyphy/ptII/ptolemy/domains/modal/test/auto/DeepModal2.xml
22 ms. Memory: 180224K Free: 73639K (41%)
----------------- Invoking toplevel() on ptolemy.moml.MoMLSimpleApplication@38d67e4b
----------------- Done invoking toplevel() on ptolemy.moml.MoMLSimpleApplication@38d67e4b
reloadAllAccessors: .DeepModal2

===========================================================================================
----------------- testing Sat Oct 26 06:09:30 UTC 2019 /home/travis/build/icyphy/ptII/ptolemy/domains/modal/test/auto/DeepModal3.xml
----------------- Instantiating /home/travis/build/icyphy/ptII/ptolemy/domains/modal/test/auto/DeepModal3.xml
39 ms. Memory: 180224K Free: 156695K (87%)
----------------- Invoking toplevel() on ptolemy.moml.MoMLSimpleApplication@75d043f8
----------------- Done invoking toplevel() on ptolemy.moml.MoMLSimpleApplication@75d043f8
reloadAllAccessors: .DeepModal3

===========================================================================================
----------------- testing Sat Oct 26 06:09:30 UTC 2019 /home/travis/build/icyphy/ptII/ptolemy/domains/modal/test/auto/DeepModal4.xml
----------------- Instantiating /home/travis/build/icyphy/ptII/ptolemy/domains/modal/test/auto/DeepModal4.xml
29 ms. Memory: 180224K Free: 137589K (76%)
----------------- Invoking toplevel() on ptolemy.moml.MoMLSimpleApplication@716adbff
----------------- Done invoking toplevel() on ptolemy.moml.MoMLSimpleApplication@716adbff
reloadAllAccessors: .DeepModal4

===========================================================================================
----------------- testing Sat Oct 26 06:09:30 UTC 2019 /home/travis/build/icyphy/ptII/ptolemy/domains/modal/test/auto/Default1.xml
----------------- Instantiating /home/travis/build/icyphy/ptII/ptolemy/domains/modal/test/auto/Default1.xml
2 ms. Memory: 180224K Free: 131445K (73%)
----------------- Invoking toplevel() on ptolemy.moml.MoMLSimpleApplication@13d0687f
----------------- Done invoking toplevel() on ptolemy.moml.MoMLSimpleApplication@13d0687f
reloadAllAccessors: .Default1

===========================================================================================
----------------- testing Sat Oct 26 06:09:30 UTC 2019 /home/travis/build/icyphy/ptII/ptolemy/domains/modal/test/auto/Default2.xml
----------------- Instantiating /home/travis/build/icyphy/ptII/ptolemy/domains/modal/test/auto/Default2.xml
9 ms. Memory: 180224K Free: 125815K (70%)
----------------- Invoking toplevel() on ptolemy.moml.MoMLSimpleApplication@50257b3b
----------------- Done invoking toplevel() on ptolemy.moml.MoMLSimpleApplication@50257b3b
reloadAllAccessors: .Default2

===========================================================================================
----------------- testing Sat Oct 26 06:09:30 UTC 2019 /home/travis/build/icyphy/ptII/ptolemy/domains/modal/test/auto/Default3.xml
----------------- Instantiating /home/travis/build/icyphy/ptII/ptolemy/domains/modal/test/auto/Default3.xml
6 ms. Memory: 180224K Free: 120181K (67%)
----------------- Invoking toplevel() on ptolemy.moml.MoMLSimpleApplication@2fcc6dc3
----------------- Done invoking toplevel() on ptolemy.moml.MoMLSimpleApplication@2fcc6dc3
reloadAllAccessors: .Default3

===========================================================================================
----------------- testing Sat Oct 26 06:09:30 UTC 2019 /home/travis/build/icyphy/ptII/ptolemy/domains/modal/test/auto/Default4.xml
----------------- Instantiating /home/travis/build/icyphy/ptII/ptolemy/domains/modal/test/auto/Default4.xml
5 ms. Memory: 180224K Free: 113527K (63%)
----------------- Invoking toplevel() on ptolemy.moml.MoMLSimpleApplication@59b50407
----------------- Done invoking toplevel() on ptolemy.moml.MoMLSimpleApplication@59b50407
reloadAllAccessors: .Default4

===========================================================================================
----------------- testing Sat Oct 26 06:09:31 UTC 2019 /home/travis/build/icyphy/ptII/ptolemy/domains/modal/test/auto/Default5.xml
----------------- Instantiating /home/travis/build/icyphy/ptII/ptolemy/domains/modal/test/auto/Default5.xml
3 ms. Memory: 180224K Free: 105335K (58%)
----------------- Invoking toplevel() on ptolemy.moml.MoMLSimpleApplication@6e55c9cc
----------------- Done invoking toplevel() on ptolemy.moml.MoMLSimpleApplication@6e55c9cc
reloadAllAccessors: .Default5

===========================================================================================
----------------- testing Sat Oct 26 06:09:31 UTC 2019 /home/travis/build/icyphy/ptII/ptolemy/domains/modal/test/auto/EmptyGuard.xml
----------------- Instantiating /home/travis/build/icyphy/ptII/ptolemy/domains/modal/test/auto/EmptyGuard.xml
10 ms. Memory: 180224K Free: 97647K (54%)
----------------- Invoking toplevel() on ptolemy.moml.MoMLSimpleApplication@4a5dbfce
----------------- Done invoking toplevel() on ptolemy.moml.MoMLSimpleApplication@4a5dbfce
reloadAllAccessors: .EmptyGuard

===========================================================================================
----------------- testing Sat Oct 26 06:09:31 UTC 2019 /home/travis/build/icyphy/ptII/ptolemy/domains/modal/test/auto/ErrorTransition1.xml
----------------- Instantiating /home/travis/build/icyphy/ptII/ptolemy/domains/modal/test/auto/ErrorTransition1.xml
6 ms. Memory: 180224K Free: 89461K (50%)
----------------- Invoking toplevel() on ptolemy.moml.MoMLSimpleApplication@78a5bd79
----------------- Done invoking toplevel() on ptolemy.moml.MoMLSimpleApplication@78a5bd79
reloadAllAccessors: .ErrorTransition1

===========================================================================================
----------------- testing Sat Oct 26 06:09:31 UTC 2019 /home/travis/build/icyphy/ptII/ptolemy/domains/modal/test/auto/ErrorTransition10.xml
----------------- Instantiating /home/travis/build/icyphy/ptII/ptolemy/domains/modal/test/auto/ErrorTransition10.xml
12 ms. Memory: 180224K Free: 75639K (42%)
----------------- Invoking toplevel() on ptolemy.moml.MoMLSimpleApplication@59212199
----------------- Done invoking toplevel() on ptolemy.moml.MoMLSimpleApplication@59212199
reloadAllAccessors: .ErrorTransition10

===========================================================================================
----------------- testing Sat Oct 26 06:09:31 UTC 2019 /home/travis/build/icyphy/ptII/ptolemy/domains/modal/test/auto/ErrorTransition11.xml
----------------- Instantiating /home/travis/build/icyphy/ptII/ptolemy/domains/modal/test/auto/ErrorTransition11.xml
5 ms. Memory: 180224K Free: 64375K (36%)
----------------- Invoking toplevel() on ptolemy.moml.MoMLSimpleApplication@41a49f95
----------------- Done invoking toplevel() on ptolemy.moml.MoMLSimpleApplication@41a49f95
reloadAllAccessors: .ErrorTransition11

===========================================================================================
----------------- testing Sat Oct 26 06:09:31 UTC 2019 /home/travis/build/icyphy/ptII/ptolemy/domains/modal/test/auto/ErrorTransition2.xml
----------------- Instantiating /home/travis/build/icyphy/ptII/ptolemy/domains/modal/test/auto/ErrorTransition2.xml
12 ms. Memory: 217088K Free: 194393K (90%)
----------------- Invoking toplevel() on ptolemy.moml.MoMLSimpleApplication@30221010
----------------- Done invoking toplevel() on ptolemy.moml.MoMLSimpleApplication@30221010
reloadAllAccessors: .ErrorTransition2

===========================================================================================
----------------- testing Sat Oct 26 06:09:31 UTC 2019 /home/travis/build/icyphy/ptII/ptolemy/domains/modal/test/auto/ErrorTransition3.xml
----------------- Instantiating /home/travis/build/icyphy/ptII/ptolemy/domains/modal/test/auto/ErrorTransition3.xml
22 ms. Memory: 217088K Free: 184667K (85%)
----------------- Invoking toplevel() on ptolemy.moml.MoMLSimpleApplication@3449af6c
----------------- Done invoking toplevel() on ptolemy.moml.MoMLSimpleApplication@3449af6c
reloadAllAccessors: .ErrorTransition3

===========================================================================================
----------------- testing Sat Oct 26 06:09:31 UTC 2019 /home/travis/build/icyphy/ptII/ptolemy/domains/modal/test/auto/ErrorTransition4.xml
----------------- Instantiating /home/travis/build/icyphy/ptII/ptolemy/domains/modal/test/auto/ErrorTransition4.xml
16 ms. Memory: 217088K Free: 173403K (80%)
----------------- Invoking toplevel() on ptolemy.moml.MoMLSimpleApplication@575476b3
----------------- Done invoking toplevel() on ptolemy.moml.MoMLSimpleApplication@575476b3
reloadAllAccessors: .ErrorTransition4

===========================================================================================
----------------- testing Sat Oct 26 06:09:31 UTC 2019 /home/travis/build/icyphy/ptII/ptolemy/domains/modal/test/auto/ErrorTransition5.xml
----------------- Instantiating /home/travis/build/icyphy/ptII/ptolemy/domains/modal/test/auto/ErrorTransition5.xml
10 ms. Memory: 217088K Free: 163163K (75%)
----------------- Invoking toplevel() on ptolemy.moml.MoMLSimpleApplication@1951f50e
----------------- Done invoking toplevel() on ptolemy.moml.MoMLSimpleApplication@1951f50e
reloadAllAccessors: .ErrorTransition5

===========================================================================================
----------------- testing Sat Oct 26 06:09:31 UTC 2019 /home/travis/build/icyphy/ptII/ptolemy/domains/modal/test/auto/ErrorTransition6.xml
----------------- Instantiating /home/travis/build/icyphy/ptII/ptolemy/domains/modal/test/auto/ErrorTransition6.xml
11 ms. Memory: 217088K Free: 152409K (70%)
----------------- Invoking toplevel() on ptolemy.moml.MoMLSimpleApplication@3bafd9c5
----------------- Done invoking toplevel() on ptolemy.moml.MoMLSimpleApplication@3bafd9c5
reloadAllAccessors: .ErrorTransition6

===========================================================================================
----------------- testing Sat Oct 26 06:09:31 UTC 2019 /home/travis/build/icyphy/ptII/ptolemy/domains/modal/test/auto/ErrorTransition7.xml
----------------- Instantiating /home/travis/build/icyphy/ptII/ptolemy/domains/modal/test/auto/ErrorTransition7.xml
21 ms. Memory: 217088K Free: 140114K (65%)
----------------- Invoking toplevel() on ptolemy.moml.MoMLSimpleApplication@549c73ec
----------------- Done invoking toplevel() on ptolemy.moml.MoMLSimpleApplication@549c73ec
reloadAllAccessors: .ErrorTransition7

===========================================================================================
----------------- testing Sat Oct 26 06:09:31 UTC 2019 /home/travis/build/icyphy/ptII/ptolemy/domains/modal/test/auto/ErrorTransition8.xml
----------------- Instantiating /home/travis/build/icyphy/ptII/ptolemy/domains/modal/test/auto/ErrorTransition8.xml
26 ms. Memory: 217088K Free: 126794K (58%)
----------------- Invoking toplevel() on ptolemy.moml.MoMLSimpleApplication@1e273a30
----------------- Done invoking toplevel() on ptolemy.moml.MoMLSimpleApplication@1e273a30
reloadAllAccessors: .ErrorTransition8

===========================================================================================
----------------- testing Sat Oct 26 06:09:31 UTC 2019 /home/travis/build/icyphy/ptII/ptolemy/domains/modal/test/auto/ErrorTransition9.xml
----------------- Instantiating /home/travis/build/icyphy/ptII/ptolemy/domains/modal/test/auto/ErrorTransition9.xml
17 ms. Memory: 217088K Free: 113466K (52%)
----------------- Invoking toplevel() on ptolemy.moml.MoMLSimpleApplication@108fc972
----------------- Done invoking toplevel() on ptolemy.moml.MoMLSimpleApplication@108fc972
reloadAllAccessors: .ErrorTransition9

===========================================================================================
----------------- testing Sat Oct 26 06:09:31 UTC 2019 /home/travis/build/icyphy/ptII/ptolemy/domains/modal/test/auto/ExtendedFSM.xml
----------------- Instantiating /home/travis/build/icyphy/ptII/ptolemy/domains/modal/test/auto/ExtendedFSM.xml
8 ms. Memory: 217088K Free: 104795K (48%)
----------------- Invoking toplevel() on ptolemy.moml.MoMLSimpleApplication@1ed9168a
----------------- Done invoking toplevel() on ptolemy.moml.MoMLSimpleApplication@1ed9168a
reloadAllAccessors: .ExtendedFSM

===========================================================================================
----------------- testing Sat Oct 26 06:09:31 UTC 2019 /home/travis/build/icyphy/ptII/ptolemy/domains/modal/test/auto/FinalStates.xml
----------------- Instantiating /home/travis/build/icyphy/ptII/ptolemy/domains/modal/test/auto/FinalStates.xml
9 ms. Memory: 217088K Free: 96603K (44%)
----------------- Invoking toplevel() on ptolemy.moml.MoMLSimpleApplication@47d8ca41
----------------- Done invoking toplevel() on ptolemy.moml.MoMLSimpleApplication@47d8ca41
reloadAllAccessors: .FinalStates

===========================================================================================
----------------- testing Sat Oct 26 06:09:31 UTC 2019 /home/travis/build/icyphy/ptII/ptolemy/domains/modal/test/auto/FixedPointFSM.xml
----------------- Instantiating /home/travis/build/icyphy/ptII/ptolemy/domains/modal/test/auto/FixedPointFSM.xml
21 ms. Memory: 217088K Free: 81746K (38%)
----------------- Invoking toplevel() on ptolemy.moml.MoMLSimpleApplication@6c04cdd4
----------------- Done invoking toplevel() on ptolemy.moml.MoMLSimpleApplication@6c04cdd4
reloadAllAccessors: .FixedPointFSM

===========================================================================================
----------------- testing Sat Oct 26 06:09:31 UTC 2019 /home/travis/build/icyphy/ptII/ptolemy/domains/modal/test/auto/FixedPointIterationFSMActor.xml
----------------- Instantiating /home/travis/build/icyphy/ptII/ptolemy/domains/modal/test/auto/FixedPointIterationFSMActor.xml
21 ms. Memory: 217088K Free: 195955K (90%)
----------------- Invoking toplevel() on ptolemy.moml.MoMLSimpleApplication@4dc4073d
----------------- Done invoking toplevel() on ptolemy.moml.MoMLSimpleApplication@4dc4073d
reloadAllAccessors: .FixedPointIterationFSMActor

===========================================================================================
----------------- testing Sat Oct 26 06:09:31 UTC 2019 /home/travis/build/icyphy/ptII/ptolemy/domains/modal/test/auto/FixedPointIterationFSMActor2.xml
----------------- Instantiating /home/travis/build/icyphy/ptII/ptolemy/domains/modal/test/auto/FixedPointIterationFSMActor2.xml
10 ms. Memory: 217088K Free: 183161K (84%)
----------------- Invoking toplevel() on ptolemy.moml.MoMLSimpleApplication@29ff28e5
----------------- Done invoking toplevel() on ptolemy.moml.MoMLSimpleApplication@29ff28e5
reloadAllAccessors: .FixedPointIterationFSMActor2

===========================================================================================
----------------- testing Sat Oct 26 06:09:31 UTC 2019 /home/travis/build/icyphy/ptII/ptolemy/domains/modal/test/auto/ForbiddenInstantanousLoop.xml
----------------- Instantiating /home/travis/build/icyphy/ptII/ptolemy/domains/modal/test/auto/ForbiddenInstantanousLoop.xml
6 ms. Memory: 217088K Free: 170873K (79%)
----------------- Invoking toplevel() on ptolemy.moml.MoMLSimpleApplication@94abc00
----------------- Done invoking toplevel() on ptolemy.moml.MoMLSimpleApplication@94abc00
reloadAllAccessors: .ForbiddenInstantanousLoop

===========================================================================================
----------------- testing Sat Oct 26 06:09:31 UTC 2019 /home/travis/build/icyphy/ptII/ptolemy/domains/modal/test/auto/FunctionDependencyOfFSMActorTest.xml
----------------- Instantiating /home/travis/build/icyphy/ptII/ptolemy/domains/modal/test/auto/FunctionDependencyOfFSMActorTest.xml
12 ms. Memory: 217088K Free: 163705K (75%)
----------------- Invoking toplevel() on ptolemy.moml.MoMLSimpleApplication@5bd77ef8
----------------- Done invoking toplevel() on ptolemy.moml.MoMLSimpleApplication@5bd77ef8
reloadAllAccessors: .FunctionDependencyOfFSMActorTest

===========================================================================================
----------------- testing Sat Oct 26 06:09:31 UTC 2019 /home/travis/build/icyphy/ptII/ptolemy/domains/modal/test/auto/GuardExpression.xml
----------------- Instantiating /home/travis/build/icyphy/ptII/ptolemy/domains/modal/test/auto/GuardExpression.xml
2 ms. Memory: 217088K Free: 158585K (73%)
----------------- Invoking toplevel() on ptolemy.moml.MoMLSimpleApplication@5425006d
----------------- Done invoking toplevel() on ptolemy.moml.MoMLSimpleApplication@5425006d
reloadAllAccessors: .GuardExpression

===========================================================================================
----------------- testing Sat Oct 26 06:09:31 UTC 2019 /home/travis/build/icyphy/ptII/ptolemy/domains/modal/test/auto/GuardNotEvaluated.xml
----------------- Instantiating /home/travis/build/icyphy/ptII/ptolemy/domains/modal/test/auto/GuardNotEvaluated.xml
6 ms. Memory: 217088K Free: 149879K (69%)
----------------- Invoking toplevel() on ptolemy.moml.MoMLSimpleApplication@62bf170e
----------------- Done invoking toplevel() on ptolemy.moml.MoMLSimpleApplication@62bf170e
reloadAllAccessors: .GuardNotEvaluated

===========================================================================================
----------------- testing Sat Oct 26 06:09:31 UTC 2019 /home/travis/build/icyphy/ptII/ptolemy/domains/modal/test/auto/GuardNotEvaluated2.xml
----------------- Instantiating /home/travis/build/icyphy/ptII/ptolemy/domains/modal/test/auto/GuardNotEvaluated2.xml
9 ms. Memory: 217088K Free: 140153K (65%)
----------------- Invoking toplevel() on ptolemy.moml.MoMLSimpleApplication@690b7df7
----------------- Done invoking toplevel() on ptolemy.moml.MoMLSimpleApplication@690b7df7
reloadAllAccessors: .GuardNotEvaluated2

===========================================================================================
----------------- testing Sat Oct 26 06:09:31 UTC 2019 /home/travis/build/icyphy/ptII/ptolemy/domains/modal/test/auto/GuardOnAbsent.xml
----------------- Instantiating /home/travis/build/icyphy/ptII/ptolemy/domains/modal/test/auto/GuardOnAbsent.xml
9 ms. Memory: 217088K Free: 132465K (61%)
----------------- Invoking toplevel() on ptolemy.moml.MoMLSimpleApplication@4605efdb
----------------- Done invoking toplevel() on ptolemy.moml.MoMLSimpleApplication@4605efdb
reloadAllAccessors: .GuardOnAbsent

===========================================================================================
----------------- testing Sat Oct 26 06:09:31 UTC 2019 /home/travis/build/icyphy/ptII/ptolemy/domains/modal/test/auto/HierarchicalFSMTypeInference.xml
----------------- Instantiating /home/travis/build/icyphy/ptII/ptolemy/domains/modal/test/auto/HierarchicalFSMTypeInference.xml
5 ms. Memory: 217088K Free: 122231K (56%)
----------------- Invoking toplevel() on ptolemy.moml.MoMLSimpleApplication@4591d2eb
----------------- Done invoking toplevel() on ptolemy.moml.MoMLSimpleApplication@4591d2eb
reloadAllAccessors: .HierarchicalFSMTypeInference

===========================================================================================
----------------- testing Sat Oct 26 06:09:31 UTC 2019 /home/travis/build/icyphy/ptII/ptolemy/domains/modal/test/auto/Hysteresis.xml
----------------- Instantiating /home/travis/build/icyphy/ptII/ptolemy/domains/modal/test/auto/Hysteresis.xml
16 ms. Memory: 217088K Free: 108905K (50%)
----------------- Invoking toplevel() on ptolemy.moml.MoMLSimpleApplication@39e04258
----------------- Done invoking toplevel() on ptolemy.moml.MoMLSimpleApplication@39e04258
reloadAllAccessors: .Hysteresis

===========================================================================================
----------------- testing Sat Oct 26 06:09:32 UTC 2019 /home/travis/build/icyphy/ptII/ptolemy/domains/modal/test/auto/HysteresisWithDefault.xml
----------------- Instantiating /home/travis/build/icyphy/ptII/ptolemy/domains/modal/test/auto/HysteresisWithDefault.xml
50 ms. Memory: 217088K Free: 85881K (40%)
----------------- Invoking toplevel() on ptolemy.moml.MoMLSimpleApplication@334a30a4
----------------- Done invoking toplevel() on ptolemy.moml.MoMLSimpleApplication@334a30a4
reloadAllAccessors: .HysteresisWithDefault

===========================================================================================
----------------- testing Sat Oct 26 06:09:32 UTC 2019 /home/travis/build/icyphy/ptII/ptolemy/domains/modal/test/auto/HysteresisWithDefault2.xml
----------------- Instantiating /home/travis/build/icyphy/ptII/ptolemy/domains/modal/test/auto/HysteresisWithDefault2.xml
78 ms. Memory: 217088K Free: 180006K (83%)
----------------- Invoking toplevel() on ptolemy.moml.MoMLSimpleApplication@528c91f3
----------------- Done invoking toplevel() on ptolemy.moml.MoMLSimpleApplication@528c91f3
reloadAllAccessors: .HysteresisWithDefault2

===========================================================================================
----------------- testing Sat Oct 26 06:09:32 UTC 2019 /home/travis/build/icyphy/ptII/ptolemy/domains/modal/test/auto/ImmediateNonConstructiveness.xml
----------------- Instantiating /home/travis/build/icyphy/ptII/ptolemy/domains/modal/test/auto/ImmediateNonConstructiveness.xml
3 ms. Memory: 217088K Free: 172901K (80%)
----------------- Invoking toplevel() on ptolemy.moml.MoMLSimpleApplication@bab4b63
----------------- Done invoking toplevel() on ptolemy.moml.MoMLSimpleApplication@bab4b63
reloadAllAccessors: .ImmediateNonConstructiveness

===========================================================================================
----------------- testing Sat Oct 26 06:09:32 UTC 2019 /home/travis/build/icyphy/ptII/ptolemy/domains/modal/test/auto/ImmediateNonConstructiveness2.xml
----------------- Instantiating /home/travis/build/icyphy/ptII/ptolemy/domains/modal/test/auto/ImmediateNonConstructiveness2.xml
4 ms. Memory: 217088K Free: 166247K (77%)
----------------- Invoking toplevel() on ptolemy.moml.MoMLSimpleApplication@3517e110
----------------- Done invoking toplevel() on ptolemy.moml.MoMLSimpleApplication@3517e110
reloadAllAccessors: .ImmediateNonConstructiveness2

===========================================================================================
----------------- testing Sat Oct 26 06:09:32 UTC 2019 /home/travis/build/icyphy/ptII/ptolemy/domains/modal/test/auto/ImmediateTransitionReset.xml
----------------- Instantiating /home/travis/build/icyphy/ptII/ptolemy/domains/modal/test/auto/ImmediateTransitionReset.xml
6 ms. Memory: 217088K Free: 154469K (71%)
----------------- Invoking toplevel() on ptolemy.moml.MoMLSimpleApplication@3e7f645f
----------------- Done invoking toplevel() on ptolemy.moml.MoMLSimpleApplication@3e7f645f
reloadAllAccessors: .ImmediateTransitionReset

===========================================================================================
----------------- testing Sat Oct 26 06:09:32 UTC 2019 /home/travis/build/icyphy/ptII/ptolemy/domains/modal/test/auto/ImmediateTransitions1.xml
----------------- Instantiating /home/travis/build/icyphy/ptII/ptolemy/domains/modal/test/auto/ImmediateTransitions1.xml
2 ms. Memory: 217088K Free: 149349K (69%)
----------------- Invoking toplevel() on ptolemy.moml.MoMLSimpleApplication@4820052c
----------------- Done invoking toplevel() on ptolemy.moml.MoMLSimpleApplication@4820052c
reloadAllAccessors: .ImmediateTransitions1

===========================================================================================
----------------- testing Sat Oct 26 06:09:32 UTC 2019 /home/travis/build/icyphy/ptII/ptolemy/domains/modal/test/auto/ImmediateTransitionsInstantaneousCommunication.xml
----------------- Instantiating /home/travis/build/icyphy/ptII/ptolemy/domains/modal/test/auto/ImmediateTransitionsInstantaneousCommunication.xml
4 ms. Memory: 217088K Free: 137061K (63%)
----------------- Invoking toplevel() on ptolemy.moml.MoMLSimpleApplication@73759143
----------------- Done invoking toplevel() on ptolemy.moml.MoMLSimpleApplication@73759143
reloadAllAccessors: .ImmediateTransitionsInstantaneousCommunication

===========================================================================================
----------------- testing Sat Oct 26 06:09:32 UTC 2019 /home/travis/build/icyphy/ptII/ptolemy/domains/modal/test/auto/InitialImmediateTransition.xml
----------------- Instantiating /home/travis/build/icyphy/ptII/ptolemy/domains/modal/test/auto/InitialImmediateTransition.xml
3 ms. Memory: 217088K Free: 129887K (60%)
----------------- Invoking toplevel() on ptolemy.moml.MoMLSimpleApplication@7e562ae9
----------------- Done invoking toplevel() on ptolemy.moml.MoMLSimpleApplication@7e562ae9
reloadAllAccessors: .InitialImmediateTransition

===========================================================================================
----------------- testing Sat Oct 26 06:09:32 UTC 2019 /home/travis/build/icyphy/ptII/ptolemy/domains/modal/test/auto/InitialOutputs.xml
----------------- Instantiating /home/travis/build/icyphy/ptII/ptolemy/domains/modal/test/auto/InitialOutputs.xml
5 ms. Memory: 217088K Free: 123749K (57%)
----------------- Invoking toplevel() on ptolemy.moml.MoMLSimpleApplication@4f9c6cec
----------------- Done invoking toplevel() on ptolemy.moml.MoMLSimpleApplication@4f9c6cec
reloadAllAccessors: .InitialOutputs

===========================================================================================
----------------- testing Sat Oct 26 06:09:32 UTC 2019 /home/travis/build/icyphy/ptII/ptolemy/domains/modal/test/auto/InitialStateTransition1.xml
----------------- Instantiating /home/travis/build/icyphy/ptII/ptolemy/domains/modal/test/auto/InitialStateTransition1.xml
2 ms. Memory: 217088K Free: 116581K (54%)
----------------- Invoking toplevel() on ptolemy.moml.MoMLSimpleApplication@3382e6c3
----------------- Done invoking toplevel() on ptolemy.moml.MoMLSimpleApplication@3382e6c3
reloadAllAccessors: .InitialStateTransition1

===========================================================================================
----------------- testing Sat Oct 26 06:09:32 UTC 2019 /home/travis/build/icyphy/ptII/ptolemy/domains/modal/test/auto/InitialStateTransition2.xml
----------------- Instantiating /home/travis/build/icyphy/ptII/ptolemy/domains/modal/test/auto/InitialStateTransition2.xml
.InitialStateTransition2.TestExceptionAttributeNonConstructive: initialize() was not invoked, but wrapup() was.  This is unusual, but not always a problem.  For example, exporting JNLP will do this.
2 ms. Memory: 217088K Free: 109413K (50%)
----------------- Invoking toplevel() on ptolemy.moml.MoMLSimpleApplication@18835856
----------------- Done invoking toplevel() on ptolemy.moml.MoMLSimpleApplication@18835856
reloadAllAccessors: .InitialStateTransition2

===========================================================================================
----------------- testing Sat Oct 26 06:09:32 UTC 2019 /home/travis/build/icyphy/ptII/ptolemy/domains/modal/test/auto/InitialStateTransition3.xml
----------------- Instantiating /home/travis/build/icyphy/ptII/ptolemy/domains/modal/test/auto/InitialStateTransition3.xml
5 ms. Memory: 217088K Free: 101221K (47%)
----------------- Invoking toplevel() on ptolemy.moml.MoMLSimpleApplication@2757abe7
----------------- Done invoking toplevel() on ptolemy.moml.MoMLSimpleApplication@2757abe7
reloadAllAccessors: .InitialStateTransition3

===========================================================================================
----------------- testing Sat Oct 26 06:09:32 UTC 2019 /home/travis/build/icyphy/ptII/ptolemy/domains/modal/test/auto/InitialStateTransition4.xml
----------------- Instantiating /home/travis/build/icyphy/ptII/ptolemy/domains/modal/test/auto/InitialStateTransition4.xml
4 ms. Memory: 217088K Free: 91495K (42%)
----------------- Invoking toplevel() on ptolemy.moml.MoMLSimpleApplication@520975c7
----------------- Done invoking toplevel() on ptolemy.moml.MoMLSimpleApplication@520975c7
[...]
reloadAllAccessors: .TerminationTransition3

===========================================================================================
----------------- testing Sat Oct 26 06:09:34 UTC 2019 /home/travis/build/icyphy/ptII/ptolemy/domains/modal/test/auto/TerminationTransition4.xml
----------------- Instantiating /home/travis/build/icyphy/ptII/ptolemy/domains/modal/test/auto/TerminationTransition4.xml
2 ms. Memory: 280576K Free: 144051K (51%)
----------------- Invoking toplevel() on ptolemy.moml.MoMLSimpleApplication@727ee446
----------------- Done invoking toplevel() on ptolemy.moml.MoMLSimpleApplication@727ee446
reloadAllAccessors: .TerminationTransition4

===========================================================================================
----------------- testing Sat Oct 26 06:09:34 UTC 2019 /home/travis/build/icyphy/ptII/ptolemy/domains/modal/test/auto/TerminationTransition5.xml
----------------- Instantiating /home/travis/build/icyphy/ptII/ptolemy/domains/modal/test/auto/TerminationTransition5.xml
2 ms. Memory: 280576K Free: 130229K (46%)
----------------- Invoking toplevel() on ptolemy.moml.MoMLSimpleApplication@43d7c682
----------------- Done invoking toplevel() on ptolemy.moml.MoMLSimpleApplication@43d7c682
reloadAllAccessors: .TerminationTransition5

===========================================================================================
----------------- testing Sat Oct 26 06:09:34 UTC 2019 /home/travis/build/icyphy/ptII/ptolemy/domains/modal/test/auto/TerminationTransition6.xml
----------------- Instantiating /home/travis/build/icyphy/ptII/ptolemy/domains/modal/test/auto/TerminationTransition6.xml
2 ms. Memory: 280576K Free: 122037K (43%)
----------------- Invoking toplevel() on ptolemy.moml.MoMLSimpleApplication@689d8d19
----------------- Done invoking toplevel() on ptolemy.moml.MoMLSimpleApplication@689d8d19
reloadAllAccessors: .TerminationTransition6

===========================================================================================
----------------- testing Sat Oct 26 06:09:34 UTC 2019 /home/travis/build/icyphy/ptII/ptolemy/domains/modal/test/auto/TerminationTransition7.xml
----------------- Instantiating /home/travis/build/icyphy/ptII/ptolemy/domains/modal/test/auto/TerminationTransition7.xml
2 ms. Memory: 280576K Free: 112307K (40%)
----------------- Invoking toplevel() on ptolemy.moml.MoMLSimpleApplication@7c8f0afa
----------------- Done invoking toplevel() on ptolemy.moml.MoMLSimpleApplication@7c8f0afa
reloadAllAccessors: .TerminationTransition7

===========================================================================================
----------------- testing Sat Oct 26 06:09:34 UTC 2019 /home/travis/build/icyphy/ptII/ptolemy/domains/modal/test/auto/TerminationTransition8.xml
----------------- Instantiating /home/travis/build/icyphy/ptII/ptolemy/domains/modal/test/auto/TerminationTransition8.xml
2 ms. Memory: 280576K Free: 103091K (37%)
----------------- Invoking toplevel() on ptolemy.moml.MoMLSimpleApplication@340e0d1d
----------------- Done invoking toplevel() on ptolemy.moml.MoMLSimpleApplication@340e0d1d
reloadAllAccessors: .TerminationTransition8

===========================================================================================
----------------- testing Sat Oct 26 06:09:34 UTC 2019 /home/travis/build/icyphy/ptII/ptolemy/domains/modal/test/auto/Thermostat_NoHysteresis.xml
----------------- Instantiating /home/travis/build/icyphy/ptII/ptolemy/domains/modal/test/auto/Thermostat_NoHysteresis.xml
25 ms. Memory: 280576K Free: 242590K (86%)
----------------- Invoking toplevel() on ptolemy.moml.MoMLSimpleApplication@3ee1eb8f
----------------- Done invoking toplevel() on ptolemy.moml.MoMLSimpleApplication@3ee1eb8f
reloadAllAccessors: .Thermostat_NoHysteresis

===========================================================================================
----------------- testing Sat Oct 26 06:09:34 UTC 2019 /home/travis/build/icyphy/ptII/ptolemy/domains/modal/test/auto/TimedFSM.xml
----------------- Instantiating /home/travis/build/icyphy/ptII/ptolemy/domains/modal/test/auto/TimedFSM.xml
9 ms. Memory: 280576K Free: 230822K (82%)
----------------- Invoking toplevel() on ptolemy.moml.MoMLSimpleApplication@1ffeeba3
----------------- Done invoking toplevel() on ptolemy.moml.MoMLSimpleApplication@1ffeeba3
reloadAllAccessors: .TimedFSM

===========================================================================================
----------------- testing Sat Oct 26 06:09:34 UTC 2019 /home/travis/build/icyphy/ptII/ptolemy/domains/modal/test/auto/Timeout1.xml
----------------- Instantiating /home/travis/build/icyphy/ptII/ptolemy/domains/modal/test/auto/Timeout1.xml
3 ms. Memory: 280576K Free: 225174K (80%)
----------------- Invoking toplevel() on ptolemy.moml.MoMLSimpleApplication@140f0894
----------------- Done invoking toplevel() on ptolemy.moml.MoMLSimpleApplication@140f0894
reloadAllAccessors: .Timeout1

===========================================================================================
----------------- testing Sat Oct 26 06:09:34 UTC 2019 /home/travis/build/icyphy/ptII/ptolemy/domains/modal/test/auto/Timeout2.xml
----------------- Instantiating /home/travis/build/icyphy/ptII/ptolemy/domains/modal/test/auto/Timeout2.xml
8 ms. Memory: 280576K Free: 216486K (77%)
----------------- Invoking toplevel() on ptolemy.moml.MoMLSimpleApplication@5217ecda
----------------- Done invoking toplevel() on ptolemy.moml.MoMLSimpleApplication@5217ecda
reloadAllAccessors: .Timeout2

===========================================================================================
----------------- testing Sat Oct 26 06:09:34 UTC 2019 /home/travis/build/icyphy/ptII/ptolemy/domains/modal/test/auto/Timeout3.xml
----------------- Instantiating /home/travis/build/icyphy/ptII/ptolemy/domains/modal/test/auto/Timeout3.xml
2 ms. Memory: 280576K Free: 211366K (75%)
----------------- Invoking toplevel() on ptolemy.moml.MoMLSimpleApplication@269bef8a
----------------- Done invoking toplevel() on ptolemy.moml.MoMLSimpleApplication@269bef8a
reloadAllAccessors: .Timeout3

===========================================================================================
----------------- testing Sat Oct 26 06:09:34 UTC 2019 /home/travis/build/icyphy/ptII/ptolemy/domains/modal/test/auto/Timeout4.xml
----------------- Instantiating /home/travis/build/icyphy/ptII/ptolemy/domains/modal/test/auto/Timeout4.xml
2 ms. Memory: 280576K Free: 206246K (74%)
----------------- Invoking toplevel() on ptolemy.moml.MoMLSimpleApplication@60936d2f
----------------- Done invoking toplevel() on ptolemy.moml.MoMLSimpleApplication@60936d2f
reloadAllAccessors: .Timeout4

===========================================================================================
----------------- testing Sat Oct 26 06:09:34 UTC 2019 /home/travis/build/icyphy/ptII/ptolemy/domains/modal/test/auto/TransientstateModelAdvanced.xml
----------------- Instantiating /home/travis/build/icyphy/ptII/ptolemy/domains/modal/test/auto/TransientstateModelAdvanced.xml
4 ms. Memory: 280576K Free: 193958K (69%)
----------------- Invoking toplevel() on ptolemy.moml.MoMLSimpleApplication@26ae15bd
----------------- Done invoking toplevel() on ptolemy.moml.MoMLSimpleApplication@26ae15bd
reloadAllAccessors: .TransientstateModelAdvanced

===========================================================================================
----------------- testing Sat Oct 26 06:09:34 UTC 2019 /home/travis/build/icyphy/ptII/ptolemy/domains/modal/test/auto/TransientstateModelAdvanced2.xml
----------------- Instantiating /home/travis/build/icyphy/ptII/ptolemy/domains/modal/test/auto/TransientstateModelAdvanced2.xml
3 ms. Memory: 280576K Free: 179622K (64%)
----------------- Invoking toplevel() on ptolemy.moml.MoMLSimpleApplication@6f8aaff0
----------------- Done invoking toplevel() on ptolemy.moml.MoMLSimpleApplication@6f8aaff0
reloadAllAccessors: .transientstatemodelAdvanced

===========================================================================================
----------------- testing Sat Oct 26 06:09:34 UTC 2019 /home/travis/build/icyphy/ptII/ptolemy/domains/modal/test/auto/TransitionRefinements.xml
----------------- Instantiating /home/travis/build/icyphy/ptII/ptolemy/domains/modal/test/auto/TransitionRefinements.xml
6 ms. Memory: 280576K Free: 169878K (61%)
----------------- Invoking toplevel() on ptolemy.moml.MoMLSimpleApplication@71f1e8a
----------------- Done invoking toplevel() on ptolemy.moml.MoMLSimpleApplication@71f1e8a
reloadAllAccessors: .TransitionRefinements

===========================================================================================
----------------- testing Sat Oct 26 06:09:34 UTC 2019 /home/travis/build/icyphy/ptII/ptolemy/domains/modal/test/auto/TwoRefinements1.xml
----------------- Instantiating /home/travis/build/icyphy/ptII/ptolemy/domains/modal/test/auto/TwoRefinements1.xml
3 ms. Memory: 280576K Free: 159142K (57%)
----------------- Invoking toplevel() on ptolemy.moml.MoMLSimpleApplication@550bd9d2
----------------- Done invoking toplevel() on ptolemy.moml.MoMLSimpleApplication@550bd9d2
reloadAllAccessors: .TwoRefinements1

===========================================================================================
----------------- testing Sat Oct 26 06:09:34 UTC 2019 /home/travis/build/icyphy/ptII/ptolemy/domains/modal/test/auto/TwoRefinements2.xml
----------------- Instantiating /home/travis/build/icyphy/ptII/ptolemy/domains/modal/test/auto/TwoRefinements2.xml
2 ms. Memory: 280576K Free: 148902K (53%)
----------------- Invoking toplevel() on ptolemy.moml.MoMLSimpleApplication@6ace8870
----------------- Done invoking toplevel() on ptolemy.moml.MoMLSimpleApplication@6ace8870
reloadAllAccessors: .TwoRefinements2

===========================================================================================
----------------- testing Sat Oct 26 06:09:35 UTC 2019 /home/travis/build/icyphy/ptII/ptolemy/domains/modal/test/auto/WeakImmediateTransition.xml
----------------- Instantiating /home/travis/build/icyphy/ptII/ptolemy/domains/modal/test/auto/WeakImmediateTransition.xml
3 ms. Memory: 280576K Free: 140196K (50%)
----------------- Invoking toplevel() on ptolemy.moml.MoMLSimpleApplication@9e5de53
----------------- Done invoking toplevel() on ptolemy.moml.MoMLSimpleApplication@9e5de53
reloadAllAccessors: .WeakImmediateTransition

===========================================================================================
----------------- testing Sat Oct 26 06:09:35 UTC 2019 /home/travis/build/icyphy/ptII/ptolemy/domains/modal/test/auto/booleanSelect.xml
----------------- Instantiating /home/travis/build/icyphy/ptII/ptolemy/domains/modal/test/auto/booleanSelect.xml
36 ms. Memory: 280576K Free: 122278K (44%)
----------------- Invoking toplevel() on ptolemy.moml.MoMLSimpleApplication@34411aa
----------------- Done invoking toplevel() on ptolemy.moml.MoMLSimpleApplication@34411aa
reloadAllAccessors: .booleanSelect

===========================================================================================
----------------- testing Sat Oct 26 06:09:35 UTC 2019 /home/travis/build/icyphy/ptII/ptolemy/domains/modal/test/auto/modalChangingParams.xml
----------------- Instantiating /home/travis/build/icyphy/ptII/ptolemy/domains/modal/test/auto/modalChangingParams.xml
0
1
0
2
4
6
8
7
0
2
4
6
8
13
0
2
4
6
8
19
0
2
4
6
8
25
0
2
4
6
8
31
0
2
4
6
8
37
0
2
4
6
8
43
0
2
4
6
8
49
0
2
4
6
8
55
0
2
4
6
8
61
0
2
4
6
8
67
0
2
4
6
8
73
0
2
4
6
8
79
0
2
4
6
8
85
0
2
4
6
8
91
0
2
4
6
8
97
0
2
4
6
8
103
0
2
4
6
8
109
0
2
4
6
8
115
0
2
4
6
8
121
0
2
4
6
8
127
0
2
4
6
8
133
0
2
4
6
8
139
0
2
4
6
8
145
0
2
4
6
8
151
0
2
4
6
8
157
0
2
4
6
8
163
0
2
4
6
8
169
0
2
4
6
8
175
0
2
4
6
8
181
0
2
4
6
8
187
0
2
4
6
8
193
0
2
4
6
8
199
0
2
4
6
8
205
0
2
4
6
8
211
0
2
4
6
8
217
0
2
4
6
8
223
0
2
4
6
8
229
0
2
4
6
8
235
0
2
4
6
8
241
0
2
4
6
8
247
0
2
4
6
8
253
0
2
4
6
8
259
0
2
4
6
8
265
0
2
4
6
8
271
0
2
4
6
8
277
0
2
4
6
8
283
0
2
4
6
8
289
0
2
4
6
8
295
0
2
4
6
8
301
0
2
4
6
8
307
0
2
4
6
8
313
0
2
4
6
8
319
0
2
4
6
8
325
0
2
4
6
8
331
0
2
4
6
8
337
0
2
4
6
8
343
0
2
4
6
8
349
0
2
4
6
8
355
0
2
4
6
8
361
0
2
4
6
8
367
0
2
4
6
8
373
0
2
4
6
8
379
0
2
4
6
8
385
0
2
4
6
8
391
0
2
4
6
8
397
0
2
4
6
8
403
0
2
4
6
8
409
0
2
4
6
8
415
0
2
4
6
8
421
0
2
4
6
8
427
0
2
4
6
8
433
0
2
4
6
8
439
0
2
4
6
8
445
0
2
4
6
8
451
0
2
4
6
8
457
0
2
4
6
8
463
0
2
4
6
8
469
0
2
4
6
8
475
0
2
4
6
8
481
0
2
4
6
8
487
0
2
4
6
8
493
0
2
4
6
8
499
0
2
4
6
8
505
0
2
4
6
8
511
0
2
4
6
8
517
0
2
4
6
8
523
0
2
4
6
8
529
0
2
4
6
8
535
0
2
4
6
8
541
0
2
4
6
8
547
0
2
4
6
8
553
0
2
4
6
8
559
0
2
4
6
8
565
0
2
4
6
8
571
0
2
4
6
8
577
0
2
4
6
8
583
0
2
4
6
8
589
0
2
4
6
8
595
0
2
4
6
8
601
0
2
4
6
8
607
0
2
4
6
8
613
0
2
4
6
8
619
0
2
4
6
8
625
0
2
4
6
8
631
0
2
4
6
8
637
0
2
4
6
8
643
0
2
4
6
8
649
0
2
4
6
8
655
0
2
4
6
8
661
0
2
4
6
8
667
0
2
4
6
8
673
0
2
4
6
8
679
0
2
4
6
8
685
0
2
4
6
8
691
0
2
4
6
8
697
0
2
4
6
8
703
0
2
4
6
8
709
0
2
4
6
8
715
0
2
4
6
8
721
0
2
4
6
8
727
0
2
4
6
8
733
0
2
4
6
8
739
0
2
4
6
8
745
0
2
4
6
8
751
0
2
4
6
8
757
0
2
4
6
8
763
0
2
4
6
8
769
0
2
4
6
8
775
0
2
4
6
8
781
0
2
4
6
8
787
0
2
4
6
8
793
0
2
4
6
8
799
0
2
4
6
8
805
0
2
4
6
8
811
0
2
4
6
8
817
0
2
4
6
8
823
0
2
4
6
8
829
0
2
4
6
8
835
0
2
4
6
8
841
0
2
4
6
8
847
0
2
4
6
8
853
0
2
4
6
8
859
0
2
4
6
8
865
0
2
4
6
8
871
0
2
4
6
8
877
0
2
4
6
8
883
0
2
4
6
8
889
0
2
4
6
8
895
0
2
4
6
8
901
0
2
4
6
8
907
0
2
4
6
8
913
0
2
4
6
8
919
0
2
4
6
8
925
0
2
4
6
8
931
0
2
4
6
8
937
0
2
4
6
8
943
0
2
4
6
8
949
0
2
4
6
8
955
0
2
4
6
8
961
0
2
4
6
8
967
0
2
4
6
8
973
0
2
4
6
8
979
0
2
4
6
8
985
0
2
4
6
8
991
0
2
4
6
8
997
0
2
358 ms. Memory: 348160K Free: 239751K (69%)
----------------- Invoking toplevel() on ptolemy.moml.MoMLSimpleApplication@614c1341
----------------- Done invoking toplevel() on ptolemy.moml.MoMLSimpleApplication@614c1341
reloadAllAccessors: .modalChangingParams

===========================================================================================
----------------- testing Sat Oct 26 06:09:35 UTC 2019 /home/travis/build/icyphy/ptII/ptolemy/domains/modal/test/auto/modalModel.xml
----------------- Instantiating /home/travis/build/icyphy/ptII/ptolemy/domains/modal/test/auto/modalModel.xml
15 ms. Memory: 348160K Free: 230535K (66%)
----------------- Invoking toplevel() on ptolemy.moml.MoMLSimpleApplication@3b7fe41d
----------------- Done invoking toplevel() on ptolemy.moml.MoMLSimpleApplication@3b7fe41d
reloadAllAccessors: .modalModel

===========================================================================================
----------------- testing Sat Oct 26 06:09:35 UTC 2019 /home/travis/build/icyphy/ptII/ptolemy/domains/modal/test/auto/modalModel2.xml
----------------- Instantiating /home/travis/build/icyphy/ptII/ptolemy/domains/modal/test/auto/modalModel2.xml
9 ms. Memory: 348160K Free: 219767K (63%)
----------------- Invoking toplevel() on ptolemy.moml.MoMLSimpleApplication@a96cf6c
----------------- Done invoking toplevel() on ptolemy.moml.MoMLSimpleApplication@a96cf6c
reloadAllAccessors: .modalModel2

===========================================================================================
----------------- testing Sat Oct 26 06:09:35 UTC 2019 /home/travis/build/icyphy/ptII/ptolemy/domains/modal/test/auto/modalModel3.xml
----------------- Instantiating /home/travis/build/icyphy/ptII/ptolemy/domains/modal/test/auto/modalModel3.xml
0	0	0
1	0	1
4	2	2
7	4	3
10	6	4
5	0	5
8	2	6
11	4	7
14	6	8
9	0	9
12	2	10
15	4	11
18	6	12
13	0	13
16	2	14
18 ms. Memory: 348160K Free: 205431K (59%)
----------------- Invoking toplevel() on ptolemy.moml.MoMLSimpleApplication@18c5a25
----------------- Done invoking toplevel() on ptolemy.moml.MoMLSimpleApplication@18c5a25
reloadAllAccessors: .modalModel3

===========================================================================================
----------------- testing Sat Oct 26 06:09:35 UTC 2019 /home/travis/build/icyphy/ptII/ptolemy/domains/modal/test/auto/model1.xml
----------------- Instantiating /home/travis/build/icyphy/ptII/ptolemy/domains/modal/test/auto/model1.xml
11 ms. Memory: 348160K Free: 199287K (57%)
----------------- Invoking toplevel() on ptolemy.moml.MoMLSimpleApplication@13a34471
----------------- Done invoking toplevel() on ptolemy.moml.MoMLSimpleApplication@13a34471
reloadAllAccessors: .model1

===========================================================================================
----------------- testing Sat Oct 26 06:09:35 UTC 2019 /home/travis/build/icyphy/ptII/ptolemy/domains/modal/test/auto/test-direct-in-out.xml
----------------- Instantiating /home/travis/build/icyphy/ptII/ptolemy/domains/modal/test/auto/test-direct-in-out.xml
5 ms. Memory: 348160K Free: 191623K (55%)
----------------- Invoking toplevel() on ptolemy.moml.MoMLSimpleApplication@570e907
----------------- Done invoking toplevel() on ptolemy.moml.MoMLSimpleApplication@570e907
reloadAllAccessors: .test-direct-in-out
AutoTests.java: About to close Vertx.
AutoTests.java: Vertx closed.
]]></system-out>
  <system-err><![CDATA[java.lang.RuntimeException: Execution failed
	at ptolemy.moml.MoMLSimpleApplication$UnloadThread.run(MoMLSimpleApplication.java:402)
Caused by: ptolemy.kernel.util.IllegalActionException: Unknown inputs remain. Possible causality loop:
L_model_1893289564i

  in .CannotAnalysisWithPreemption.model_1893289564_region_1 and .CannotAnalysisWithPreemption.model_1893289564_region_1.L_model_1893289564i
	at ptolemy.actor.sched.FixedPointDirector.postfire(FixedPointDirector.java:515)
	at ptolemy.domains.sr.kernel.SRDirector.postfire(SRDirector.java:417)
	at ptolemy.actor.CompositeActor.postfire(CompositeActor.java:1668)
	at ptolemy.actor.Manager.iterate(Manager.java:852)
	at ptolemy.actor.Manager.execute(Manager.java:369)
	at ptolemy.actor.Manager.run(Manager.java:1263)
	at ptolemy.actor.Manager$PtolemyRunThread.run(Manager.java:1933)
java.lang.reflect.InvocationTargetException
	at java.base/jdk.internal.reflect.NativeConstructorAccessorImpl.newInstance0(Native Method)
	at java.base/jdk.internal.reflect.NativeConstructorAccessorImpl.newInstance(NativeConstructorAccessorImpl.java:62)
	at java.base/jdk.internal.reflect.DelegatingConstructorAccessorImpl.newInstance(DelegatingConstructorAccessorImpl.java:45)
	at java.base/java.lang.reflect.Constructor.newInstance(Constructor.java:490)
	at ptolemy.util.test.junit.AutoKnownFailedTests.RunModel(AutoKnownFailedTests.java:105)
	at java.base/jdk.internal.reflect.NativeMethodAccessorImpl.invoke0(Native Method)
	at java.base/jdk.internal.reflect.NativeMethodAccessorImpl.invoke(NativeMethodAccessorImpl.java:62)
	at java.base/jdk.internal.reflect.DelegatingMethodAccessorImpl.invoke(DelegatingMethodAccessorImpl.java:43)
	at java.base/java.lang.reflect.Method.invoke(Method.java:566)
	at org.junit.runners.model.FrameworkMethod$1.runReflectiveCall(FrameworkMethod.java:44)
	at org.junit.internal.runners.model.ReflectiveCallable.run(ReflectiveCallable.java:15)
	at org.junit.runners.model.FrameworkMethod.invokeExplosively(FrameworkMethod.java:41)
	at junitparams.internal.InvokeParameterisedMethod.evaluate(InvokeParameterisedMethod.java:102)
	at org.junit.internal.runners.statements.FailOnTimeout$1.run(FailOnTimeout.java:28)
Caused by: ptolemy.kernel.util.IllegalActionException: Unknown inputs remain. Possible causality loop:
L_model_1893289564i

  in .CannotAnalysisWithPreemption.model_1893289564_region_1 and .CannotAnalysisWithPreemption.model_1893289564_region_1.L_model_1893289564i
	at ptolemy.actor.sched.FixedPointDirector.postfire(FixedPointDirector.java:515)
	at ptolemy.domains.sr.kernel.SRDirector.postfire(SRDirector.java:417)
	at ptolemy.actor.CompositeActor.postfire(CompositeActor.java:1668)
	at ptolemy.actor.Manager.iterate(Manager.java:852)
	at ptolemy.actor.Manager.execute(Manager.java:369)
	at ptolemy.actor.Manager.run(Manager.java:1263)
	at ptolemy.actor.Manager$PtolemyRunThread.run(Manager.java:1933)
]]></system-err>
</testsuite>
