<?xml version="1.0" encoding="UTF-8" ?>
<testsuite errors="0" failures="0" hostname="travis-job-f36f06a6-6d66-49d1-8946-b430c5d5a85f" name="ptolemy.actor.lib.hoc.test.junit.JUnitTclTest" skipped="0" tests="58" time="33.456" timestamp="2019-07-10T15:28:03">
  <properties>
[...]
</properties>
  <testcase classname="ptolemy.util.test.junit.TclTests" name="[0] /home/travis/build/icyphy/ptII/ptolemy/actor/lib/hoc/test/IterateOverArray.tcl (RunTclFile)" time="0.292" />
  <testcase classname="ptolemy.util.test.junit.AutoKnownFailedTests" name="[0] /home/travis/build/icyphy/ptII/ptolemy/actor/lib/hoc/test/auto/knownFailedTests/PreinitializeMustBeInvokedRunComposite.xml (RunModel)" time="0.565" />
  <testcase classname="ptolemy.util.test.junit.AutoNameArchTests" name="[0] ThereAreNoAutoArchTests (RunModel)" time="0.005" />
  <testcase classname="ptolemy.util.test.junit.AutoTests" name="[0] /home/travis/build/icyphy/ptII/ptolemy/actor/lib/hoc/test/auto/AllToAllMultiInstanceComposite.xml (RunModel)" time="0.442" />
  <testcase classname="ptolemy.util.test.junit.AutoTests" name="[1] /home/travis/build/icyphy/ptII/ptolemy/actor/lib/hoc/test/auto/ApplyFFTTest.xml (RunModel)" time="0.351" />
  <testcase classname="ptolemy.util.test.junit.AutoTests" name="[2] /home/travis/build/icyphy/ptII/ptolemy/actor/lib/hoc/test/auto/ApplyFunction.xml (RunModel)" time="0.07" />
  <testcase classname="ptolemy.util.test.junit.AutoTests" name="[3] /home/travis/build/icyphy/ptII/ptolemy/actor/lib/hoc/test/auto/BackgroundExecution.xml (RunModel)" time="0.762" />
  <testcase classname="ptolemy.util.test.junit.AutoTests" name="[4] /home/travis/build/icyphy/ptII/ptolemy/actor/lib/hoc/test/auto/Case.xml (RunModel)" time="0.116" />
  <testcase classname="ptolemy.util.test.junit.AutoTests" name="[5] /home/travis/build/icyphy/ptII/ptolemy/actor/lib/hoc/test/auto/Case1.xml (RunModel)" time="0.091" />
  <testcase classname="ptolemy.util.test.junit.AutoTests" name="[6] /home/travis/build/icyphy/ptII/ptolemy/actor/lib/hoc/test/auto/Case2.xml (RunModel)" time="0.142" />
  <testcase classname="ptolemy.util.test.junit.AutoTests" name="[7] /home/travis/build/icyphy/ptII/ptolemy/actor/lib/hoc/test/auto/Case3.xml (RunModel)" time="0.044" />
  <testcase classname="ptolemy.util.test.junit.AutoTests" name="[8] /home/travis/build/icyphy/ptII/ptolemy/actor/lib/hoc/test/auto/Case4.xml (RunModel)" time="0.052" />
  <testcase classname="ptolemy.util.test.junit.AutoTests" name="[9] /home/travis/build/icyphy/ptII/ptolemy/actor/lib/hoc/test/auto/Case5.xml (RunModel)" time="0.07" />
  <testcase classname="ptolemy.util.test.junit.AutoTests" name="[10] /home/travis/build/icyphy/ptII/ptolemy/actor/lib/hoc/test/auto/Case6.xml (RunModel)" time="0.106" />
  <testcase classname="ptolemy.util.test.junit.AutoTests" name="[11] /home/travis/build/icyphy/ptII/ptolemy/actor/lib/hoc/test/auto/CaseString2.xml (RunModel)" time="0.039" />
  <testcase classname="ptolemy.util.test.junit.AutoTests" name="[12] /home/travis/build/icyphy/ptII/ptolemy/actor/lib/hoc/test/auto/CatchUpComposite1.xml (RunModel)" time="0.072" />
  <testcase classname="ptolemy.util.test.junit.AutoTests" name="[13] /home/travis/build/icyphy/ptII/ptolemy/actor/lib/hoc/test/auto/CatchUpComposite2.xml (RunModel)" time="0.065" />
  <testcase classname="ptolemy.util.test.junit.AutoTests" name="[14] /home/travis/build/icyphy/ptII/ptolemy/actor/lib/hoc/test/auto/CatchUpComposite3.xml (RunModel)" time="0.062" />
  <testcase classname="ptolemy.util.test.junit.AutoTests" name="[15] /home/travis/build/icyphy/ptII/ptolemy/actor/lib/hoc/test/auto/CatchUpComposite4.xml (RunModel)" time="0.066" />
  <testcase classname="ptolemy.util.test.junit.AutoTests" name="[16] /home/travis/build/icyphy/ptII/ptolemy/actor/lib/hoc/test/auto/CatchUpComposite5.xml (RunModel)" time="0.05" />
  <testcase classname="ptolemy.util.test.junit.AutoTests" name="[17] /home/travis/build/icyphy/ptII/ptolemy/actor/lib/hoc/test/auto/CatchUpComposite6.xml (RunModel)" time="0.177" />
  <testcase classname="ptolemy.util.test.junit.AutoTests" name="[18] /home/travis/build/icyphy/ptII/ptolemy/actor/lib/hoc/test/auto/CatchUpComposite7.xml (RunModel)" time="0.108" />
  <testcase classname="ptolemy.util.test.junit.AutoTests" name="[19] /home/travis/build/icyphy/ptII/ptolemy/actor/lib/hoc/test/auto/ConcurrentExecutionTimeSDF.xml (RunModel)" time="1.614" />
  <testcase classname="ptolemy.util.test.junit.AutoTests" name="[20] /home/travis/build/icyphy/ptII/ptolemy/actor/lib/hoc/test/auto/ConcurrentSleep.xml (RunModel)" time="0.777" />
  <testcase classname="ptolemy.util.test.junit.AutoTests" name="[21] /home/travis/build/icyphy/ptII/ptolemy/actor/lib/hoc/test/auto/DEInPNInRunCompositeActor.xml (RunModel)" time="0.035" />
  <testcase classname="ptolemy.util.test.junit.AutoTests" name="[22] /home/travis/build/icyphy/ptII/ptolemy/actor/lib/hoc/test/auto/DFTSubSetTest.xml (RunModel)" time="0.248" />
  <testcase classname="ptolemy.util.test.junit.AutoTests" name="[23] /home/travis/build/icyphy/ptII/ptolemy/actor/lib/hoc/test/auto/HocDE.xml (RunModel)" time="0.184" />
  <testcase classname="ptolemy.util.test.junit.AutoTests" name="[24] /home/travis/build/icyphy/ptII/ptolemy/actor/lib/hoc/test/auto/IterateOverArray.xml (RunModel)" time="0.033" />
  <testcase classname="ptolemy.util.test.junit.AutoTests" name="[25] /home/travis/build/icyphy/ptII/ptolemy/actor/lib/hoc/test/auto/IterateOverArray10.xml (RunModel)" time="0.03" />
  <testcase classname="ptolemy.util.test.junit.AutoTests" name="[26] /home/travis/build/icyphy/ptII/ptolemy/actor/lib/hoc/test/auto/IterateOverArray11.xml (RunModel)" time="0.026" />
  <testcase classname="ptolemy.util.test.junit.AutoTests" name="[27] /home/travis/build/icyphy/ptII/ptolemy/actor/lib/hoc/test/auto/IterateOverArray12.xml (RunModel)" time="0.035" />
  <testcase classname="ptolemy.util.test.junit.AutoTests" name="[28] /home/travis/build/icyphy/ptII/ptolemy/actor/lib/hoc/test/auto/IterateOverArray13.xml (RunModel)" time="0.149" />
  <testcase classname="ptolemy.util.test.junit.AutoTests" name="[29] /home/travis/build/icyphy/ptII/ptolemy/actor/lib/hoc/test/auto/IterateOverArray14.xml (RunModel)" time="0.145" />
  <testcase classname="ptolemy.util.test.junit.AutoTests" name="[30] /home/travis/build/icyphy/ptII/ptolemy/actor/lib/hoc/test/auto/IterateOverArray2.xml (RunModel)" time="0.032" />
  <testcase classname="ptolemy.util.test.junit.AutoTests" name="[31] /home/travis/build/icyphy/ptII/ptolemy/actor/lib/hoc/test/auto/IterateOverArray3.xml (RunModel)" time="0.048" />
  <testcase classname="ptolemy.util.test.junit.AutoTests" name="[32] /home/travis/build/icyphy/ptII/ptolemy/actor/lib/hoc/test/auto/IterateOverArray4.xml (RunModel)" time="0.045" />
  <testcase classname="ptolemy.util.test.junit.AutoTests" name="[33] /home/travis/build/icyphy/ptII/ptolemy/actor/lib/hoc/test/auto/IterateOverArray5.xml (RunModel)" time="0.024" />
  <testcase classname="ptolemy.util.test.junit.AutoTests" name="[34] /home/travis/build/icyphy/ptII/ptolemy/actor/lib/hoc/test/auto/IterateOverArray6.xml (RunModel)" time="0.021" />
  <testcase classname="ptolemy.util.test.junit.AutoTests" name="[35] /home/travis/build/icyphy/ptII/ptolemy/actor/lib/hoc/test/auto/IterateOverArray7.xml (RunModel)" time="0.024" />
  <testcase classname="ptolemy.util.test.junit.AutoTests" name="[36] /home/travis/build/icyphy/ptII/ptolemy/actor/lib/hoc/test/auto/IterateOverArray8.xml (RunModel)" time="0.018" />
  <testcase classname="ptolemy.util.test.junit.AutoTests" name="[37] /home/travis/build/icyphy/ptII/ptolemy/actor/lib/hoc/test/auto/IterateOverArray9.xml (RunModel)" time="0.023" />
  <testcase classname="ptolemy.util.test.junit.AutoTests" name="[38] /home/travis/build/icyphy/ptII/ptolemy/actor/lib/hoc/test/auto/IterateOverArrayCoercedOutputType.xml (RunModel)" time="0.032" />
  <testcase classname="ptolemy.util.test.junit.AutoTests" name="[39] /home/travis/build/icyphy/ptII/ptolemy/actor/lib/hoc/test/auto/IterateOverArrayInferredOutputType.xml (RunModel)" time="0.045" />
  <testcase classname="ptolemy.util.test.junit.AutoTests" name="[40] /home/travis/build/icyphy/ptII/ptolemy/actor/lib/hoc/test/auto/MobileFunctionTest.xml (RunModel)" time="0.024" />
  <testcase classname="ptolemy.util.test.junit.AutoTests" name="[41] /home/travis/build/icyphy/ptII/ptolemy/actor/lib/hoc/test/auto/MobileModelTest.xml (RunModel)" time="0.181" />
  <testcase classname="ptolemy.util.test.junit.AutoTests" name="[42] /home/travis/build/icyphy/ptII/ptolemy/actor/lib/hoc/test/auto/ModelReference.xml (RunModel)" time="0.084" />
  <testcase classname="ptolemy.util.test.junit.AutoTests" name="[43] /home/travis/build/icyphy/ptII/ptolemy/actor/lib/hoc/test/auto/ModelReference3.xml (RunModel)" time="0.041" />
  <testcase classname="ptolemy.util.test.junit.AutoTests" name="[44] /home/travis/build/icyphy/ptII/ptolemy/actor/lib/hoc/test/auto/ModelReference4.xml (RunModel)" time="10.032" />
  <testcase classname="ptolemy.util.test.junit.AutoTests" name="[45] /home/travis/build/icyphy/ptII/ptolemy/actor/lib/hoc/test/auto/MultiInstanceComposite.xml (RunModel)" time="0.054" />
  <testcase classname="ptolemy.util.test.junit.AutoTests" name="[46] /home/travis/build/icyphy/ptII/ptolemy/actor/lib/hoc/test/auto/MultiInstanceComposite2.xml (RunModel)" time="0.032" />
  <testcase classname="ptolemy.util.test.junit.AutoTests" name="[47] /home/travis/build/icyphy/ptII/ptolemy/actor/lib/hoc/test/auto/MulticoreExecution.xml (RunModel)" time="1.096" />
  <testcase classname="ptolemy.util.test.junit.AutoTests" name="[48] /home/travis/build/icyphy/ptII/ptolemy/actor/lib/hoc/test/auto/ParallelExecution.xml (RunModel)" time="0.935" />
  <testcase classname="ptolemy.util.test.junit.AutoTests" name="[49] /home/travis/build/icyphy/ptII/ptolemy/actor/lib/hoc/test/auto/RunCompositeActor.xml (RunModel)" time="0.04" />
  <testcase classname="ptolemy.util.test.junit.AutoTests" name="[50] /home/travis/build/icyphy/ptII/ptolemy/actor/lib/hoc/test/auto/RunCompositeActor2.xml (RunModel)" time="0.021" />
  <testcase classname="ptolemy.util.test.junit.AutoTests" name="[51] /home/travis/build/icyphy/ptII/ptolemy/actor/lib/hoc/test/auto/RunCompositeActor3.xml (RunModel)" time="0.02" />
  <testcase classname="ptolemy.util.test.junit.AutoTests" name="[52] /home/travis/build/icyphy/ptII/ptolemy/actor/lib/hoc/test/auto/RunCompositeActor4.xml (RunModel)" time="0.026" />
  <testcase classname="ptolemy.util.test.junit.AutoTests" name="[53] /home/travis/build/icyphy/ptII/ptolemy/actor/lib/hoc/test/auto/RunCompositeIterateOverArray.xml (RunModel)" time="0.024" />
  <testcase classname="ptolemy.util.test.junit.AutoTests" name="[54] /home/travis/build/icyphy/ptII/ptolemy/actor/lib/hoc/test/auto/ThreadedJS.xml (RunModel)" time="12.823" />
  <system-out><![CDATA[/home/travis/build/icyphy/ptII/ptolemy/actor/lib/hoc/test/IterateOverArray.tcl
testDefs.tcl: setting time out to 9000 seconds at Wed Jul 10 15:28:03 UTC 2019
07/10/19 03:28:04
Failed: 0  Total Tests: 2  ((Passed: 2, Newly Passed: 0)  Known Failed: 0) /home/travis/build/icyphy/ptII/ptolemy/actor/lib/hoc/test
----------------- testing (KnownFailure) /home/travis/build/icyphy/ptII/ptolemy/actor/lib/hoc/test/auto/knownFailedTests/PreinitializeMustBeInvokedRunComposite.xml
143 ms. Memory: 120832K Free: 105011K (87%)
Known Failure: java.lang.reflect.InvocationTargetException
No auto/linux-amd64/*.xml tests in /home/travis/build/icyphy/ptII/ptolemy/actor/lib/hoc/test
AutoTests.java: About to close Vertx.
AutoTests.java: Vertx closed.

===========================================================================================
----------------- testing Wed Jul 10 15:28:05 UTC 2019 /home/travis/build/icyphy/ptII/ptolemy/actor/lib/hoc/test/auto/AllToAllMultiInstanceComposite.xml
----------------- Instantiating /home/travis/build/icyphy/ptII/ptolemy/actor/lib/hoc/test/auto/AllToAllMultiInstanceComposite.xml
213 ms. Memory: 177152K Free: 133530K (75%)
----------------- Invoking toplevel() on ptolemy.moml.MoMLSimpleApplication@3a833bba
----------------- Done invoking toplevel() on ptolemy.moml.MoMLSimpleApplication@3a833bba
reloadAllAccessors: .AllToAllMultiInstanceComposite

===========================================================================================
----------------- testing Wed Jul 10 15:28:05 UTC 2019 /home/travis/build/icyphy/ptII/ptolemy/actor/lib/hoc/test/auto/ApplyFFTTest.xml
----------------- Instantiating /home/travis/build/icyphy/ptII/ptolemy/actor/lib/hoc/test/auto/ApplyFFTTest.xml
175 ms. Memory: 177152K Free: 114584K (65%)
----------------- Invoking toplevel() on ptolemy.moml.MoMLSimpleApplication@3583af7a
----------------- Done invoking toplevel() on ptolemy.moml.MoMLSimpleApplication@3583af7a
reloadAllAccessors: .ApplyFFTTest

===========================================================================================
----------------- testing Wed Jul 10 15:28:05 UTC 2019 /home/travis/build/icyphy/ptII/ptolemy/actor/lib/hoc/test/auto/ApplyFunction.xml
----------------- Instantiating /home/travis/build/icyphy/ptII/ptolemy/actor/lib/hoc/test/auto/ApplyFunction.xml
6 ms. Memory: 177152K Free: 110488K (62%)
----------------- Invoking toplevel() on ptolemy.moml.MoMLSimpleApplication@f41482
----------------- Done invoking toplevel() on ptolemy.moml.MoMLSimpleApplication@f41482
reloadAllAccessors: .ApplyFunction

===========================================================================================
----------------- testing Wed Jul 10 15:28:05 UTC 2019 /home/travis/build/icyphy/ptII/ptolemy/actor/lib/hoc/test/auto/BackgroundExecution.xml
----------------- Instantiating /home/travis/build/icyphy/ptII/ptolemy/actor/lib/hoc/test/auto/BackgroundExecution.xml
640 ms. Memory: 177152K Free: 102810K (58%)
----------------- Invoking toplevel() on ptolemy.moml.MoMLSimpleApplication@39286797
----------------- Done invoking toplevel() on ptolemy.moml.MoMLSimpleApplication@39286797
reloadAllAccessors: .BackgroundExecution

===========================================================================================
----------------- testing Wed Jul 10 15:28:06 UTC 2019 /home/travis/build/icyphy/ptII/ptolemy/actor/lib/hoc/test/auto/Case.xml
----------------- Instantiating /home/travis/build/icyphy/ptII/ptolemy/actor/lib/hoc/test/auto/Case.xml
34 ms. Memory: 177152K Free: 95642K (54%)
----------------- Invoking toplevel() on ptolemy.moml.MoMLSimpleApplication@1fd1920e
----------------- Done invoking toplevel() on ptolemy.moml.MoMLSimpleApplication@1fd1920e
reloadAllAccessors: .Case

===========================================================================================
----------------- testing Wed Jul 10 15:28:06 UTC 2019 /home/travis/build/icyphy/ptII/ptolemy/actor/lib/hoc/test/auto/Case1.xml
----------------- Instantiating /home/travis/build/icyphy/ptII/ptolemy/actor/lib/hoc/test/auto/Case1.xml
28 ms. Memory: 177152K Free: 88474K (50%)
----------------- Invoking toplevel() on ptolemy.moml.MoMLSimpleApplication@1d90c3b3
----------------- Done invoking toplevel() on ptolemy.moml.MoMLSimpleApplication@1d90c3b3
reloadAllAccessors: .Case1

===========================================================================================
----------------- testing Wed Jul 10 15:28:06 UTC 2019 /home/travis/build/icyphy/ptII/ptolemy/actor/lib/hoc/test/auto/Case2.xml
----------------- Instantiating /home/travis/build/icyphy/ptII/ptolemy/actor/lib/hoc/test/auto/Case2.xml
48 ms. Memory: 177152K Free: 78234K (44%)
----------------- Invoking toplevel() on ptolemy.moml.MoMLSimpleApplication@5306dfe8
----------------- Done invoking toplevel() on ptolemy.moml.MoMLSimpleApplication@5306dfe8
reloadAllAccessors: .Case2

===========================================================================================
----------------- testing Wed Jul 10 15:28:06 UTC 2019 /home/travis/build/icyphy/ptII/ptolemy/actor/lib/hoc/test/auto/Case3.xml
----------------- Instantiating /home/travis/build/icyphy/ptII/ptolemy/actor/lib/hoc/test/auto/Case3.xml
12 ms. Memory: 177152K Free: 72600K (41%)
----------------- Invoking toplevel() on ptolemy.moml.MoMLSimpleApplication@3100af36
----------------- Done invoking toplevel() on ptolemy.moml.MoMLSimpleApplication@3100af36
reloadAllAccessors: .Case3

===========================================================================================
----------------- testing Wed Jul 10 15:28:07 UTC 2019 /home/travis/build/icyphy/ptII/ptolemy/actor/lib/hoc/test/auto/Case4.xml
----------------- Instantiating /home/travis/build/icyphy/ptII/ptolemy/actor/lib/hoc/test/auto/Case4.xml
21 ms. Memory: 177152K Free: 64394K (36%)
----------------- Invoking toplevel() on ptolemy.moml.MoMLSimpleApplication@3ff3f88f
----------------- Done invoking toplevel() on ptolemy.moml.MoMLSimpleApplication@3ff3f88f
reloadAllAccessors: .Case4

===========================================================================================
----------------- testing Wed Jul 10 15:28:07 UTC 2019 /home/travis/build/icyphy/ptII/ptolemy/actor/lib/hoc/test/auto/Case5.xml
----------------- Instantiating /home/travis/build/icyphy/ptII/ptolemy/actor/lib/hoc/test/auto/Case5.xml
24 ms. Memory: 177152K Free: 159393K (90%)
----------------- Invoking toplevel() on ptolemy.moml.MoMLSimpleApplication@5b0364ef
----------------- Done invoking toplevel() on ptolemy.moml.MoMLSimpleApplication@5b0364ef
reloadAllAccessors: .junk

===========================================================================================
----------------- testing Wed Jul 10 15:28:07 UTC 2019 /home/travis/build/icyphy/ptII/ptolemy/actor/lib/hoc/test/auto/Case6.xml
----------------- Instantiating /home/travis/build/icyphy/ptII/ptolemy/actor/lib/hoc/test/auto/Case6.xml
50 ms. Memory: 177152K Free: 147105K (83%)
----------------- Invoking toplevel() on ptolemy.moml.MoMLSimpleApplication@12fe3f99
----------------- Done invoking toplevel() on ptolemy.moml.MoMLSimpleApplication@12fe3f99
reloadAllAccessors: .Case6

===========================================================================================
----------------- testing Wed Jul 10 15:28:07 UTC 2019 /home/travis/build/icyphy/ptII/ptolemy/actor/lib/hoc/test/auto/CaseString2.xml
----------------- Instantiating /home/travis/build/icyphy/ptII/ptolemy/actor/lib/hoc/test/auto/CaseString2.xml
12 ms. Memory: 177152K Free: 139423K (79%)
----------------- Invoking toplevel() on ptolemy.moml.MoMLSimpleApplication@473abc66
----------------- Done invoking toplevel() on ptolemy.moml.MoMLSimpleApplication@473abc66
reloadAllAccessors: .CaseString2

===========================================================================================
----------------- testing Wed Jul 10 15:28:07 UTC 2019 /home/travis/build/icyphy/ptII/ptolemy/actor/lib/hoc/test/auto/CatchUpComposite1.xml
----------------- Instantiating /home/travis/build/icyphy/ptII/ptolemy/actor/lib/hoc/test/auto/CatchUpComposite1.xml
28 ms. Memory: 177152K Free: 129697K (73%)
----------------- Invoking toplevel() on ptolemy.moml.MoMLSimpleApplication@597c6b37
----------------- Done invoking toplevel() on ptolemy.moml.MoMLSimpleApplication@597c6b37
reloadAllAccessors: .CatchUpComposite1

===========================================================================================
----------------- testing Wed Jul 10 15:28:07 UTC 2019 /home/travis/build/icyphy/ptII/ptolemy/actor/lib/hoc/test/auto/CatchUpComposite2.xml
----------------- Instantiating /home/travis/build/icyphy/ptII/ptolemy/actor/lib/hoc/test/auto/CatchUpComposite2.xml
20 ms. Memory: 177152K Free: 120991K (68%)
----------------- Invoking toplevel() on ptolemy.moml.MoMLSimpleApplication@3dd97281
----------------- Done invoking toplevel() on ptolemy.moml.MoMLSimpleApplication@3dd97281
reloadAllAccessors: .CatchUpComposite2

===========================================================================================
----------------- testing Wed Jul 10 15:28:07 UTC 2019 /home/travis/build/icyphy/ptII/ptolemy/actor/lib/hoc/test/auto/CatchUpComposite3.xml
----------------- Instantiating /home/travis/build/icyphy/ptII/ptolemy/actor/lib/hoc/test/auto/CatchUpComposite3.xml
17 ms. Memory: 177152K Free: 112289K (63%)
----------------- Invoking toplevel() on ptolemy.moml.MoMLSimpleApplication@aae04ac
----------------- Done invoking toplevel() on ptolemy.moml.MoMLSimpleApplication@aae04ac
reloadAllAccessors: .CatchUpComposite3

===========================================================================================
----------------- testing Wed Jul 10 15:28:07 UTC 2019 /home/travis/build/icyphy/ptII/ptolemy/actor/lib/hoc/test/auto/CatchUpComposite4.xml
----------------- Instantiating /home/travis/build/icyphy/ptII/ptolemy/actor/lib/hoc/test/auto/CatchUpComposite4.xml
21 ms. Memory: 177152K Free: 104097K (59%)
----------------- Invoking toplevel() on ptolemy.moml.MoMLSimpleApplication@5f5b644d
----------------- Done invoking toplevel() on ptolemy.moml.MoMLSimpleApplication@5f5b644d
reloadAllAccessors: .CatchUpComposite4

===========================================================================================
----------------- testing Wed Jul 10 15:28:07 UTC 2019 /home/travis/build/icyphy/ptII/ptolemy/actor/lib/hoc/test/auto/CatchUpComposite5.xml
----------------- Instantiating /home/travis/build/icyphy/ptII/ptolemy/actor/lib/hoc/test/auto/CatchUpComposite5.xml
13 ms. Memory: 177152K Free: 96415K (54%)
----------------- Invoking toplevel() on ptolemy.moml.MoMLSimpleApplication@536cc6d6
----------------- Done invoking toplevel() on ptolemy.moml.MoMLSimpleApplication@536cc6d6
reloadAllAccessors: .CatchUpComposite5

===========================================================================================
----------------- testing Wed Jul 10 15:28:07 UTC 2019 /home/travis/build/icyphy/ptII/ptolemy/actor/lib/hoc/test/auto/CatchUpComposite6.xml
----------------- Instantiating /home/travis/build/icyphy/ptII/ptolemy/actor/lib/hoc/test/auto/CatchUpComposite6.xml
WARNING: The execution aspects in this model can influence the timing of actors by delaying the 
execution, potentially changing the behavior. There is no guarantee that actors fire at the 
time they request to be fired. 
Use Ptides for deterministic DE behavior that is not influenced by execution aspects. 

94 ms. Memory: 177152K Free: 82079K (46%)
----------------- Invoking toplevel() on ptolemy.moml.MoMLSimpleApplication@6a2ba1de
----------------- Done invoking toplevel() on ptolemy.moml.MoMLSimpleApplication@6a2ba1de
reloadAllAccessors: .CatchUpComposite6

===========================================================================================
----------------- testing Wed Jul 10 15:28:07 UTC 2019 /home/travis/build/icyphy/ptII/ptolemy/actor/lib/hoc/test/auto/CatchUpComposite7.xml
----------------- Instantiating /home/travis/build/icyphy/ptII/ptolemy/actor/lib/hoc/test/auto/CatchUpComposite7.xml
WARNING: The execution aspects in this model can influence the timing of actors by delaying the 
execution, potentially changing the behavior. There is no guarantee that actors fire at the 
time they request to be fired. 
Use Ptides for deterministic DE behavior that is not influenced by execution aspects. 

41 ms. Memory: 177152K Free: 68257K (39%)
----------------- Invoking toplevel() on ptolemy.moml.MoMLSimpleApplication@4e071a43
----------------- Done invoking toplevel() on ptolemy.moml.MoMLSimpleApplication@4e071a43
reloadAllAccessors: .CatchUpComposite7

===========================================================================================
----------------- testing Wed Jul 10 15:28:07 UTC 2019 /home/travis/build/icyphy/ptII/ptolemy/actor/lib/hoc/test/auto/ConcurrentExecutionTimeSDF.xml
----------------- Instantiating /home/travis/build/icyphy/ptII/ptolemy/actor/lib/hoc/test/auto/ConcurrentExecutionTimeSDF.xml
Fired ExecutionTime: 40400000
Fired ExecutionTime: 40400000
Fired ExecutionTime: 40400000
Fired ExecutionTime: 40400000
Fired ExecutionTime: 40400000
Fired ExecutionTime: 40400000
Fired ExecutionTime: 40400000
Fired ExecutionTime: 40400000
Fired ExecutionTime: 40400000
Fired ExecutionTime: 40400000
Fired ExecutionTime: 40400000
Fired ExecutionTime: 40400000
Fired ExecutionTime: 40400000
Fired ExecutionTime: 40400000
Fired ExecutionTime: 40400000
Fired ExecutionTime: 40400000
Fired ExecutionTime: 40400000
Fired ExecutionTime: 40400000
Fired ExecutionTime: 40400000
Fired ExecutionTime: 40400000
1592 ms. Memory: 177152K Free: 61089K (34%)
----------------- Invoking toplevel() on ptolemy.moml.MoMLSimpleApplication@48db8cb8
----------------- Done invoking toplevel() on ptolemy.moml.MoMLSimpleApplication@48db8cb8
reloadAllAccessors: .ConcurrentExecutionTimeSDF

===========================================================================================
----------------- testing Wed Jul 10 15:28:09 UTC 2019 /home/travis/build/icyphy/ptII/ptolemy/actor/lib/hoc/test/auto/ConcurrentSleep.xml
----------------- Instantiating /home/travis/build/icyphy/ptII/ptolemy/actor/lib/hoc/test/auto/ConcurrentSleep.xml
724 ms. Memory: 177152K Free: 152175K (86%)
----------------- Invoking toplevel() on ptolemy.moml.MoMLSimpleApplication@2ccdb3
----------------- Done invoking toplevel() on ptolemy.moml.MoMLSimpleApplication@2ccdb3
reloadAllAccessors: .ConcurrentSleep

===========================================================================================
----------------- testing Wed Jul 10 15:28:10 UTC 2019 /home/travis/build/icyphy/ptII/ptolemy/actor/lib/hoc/test/auto/DEInPNInRunCompositeActor.xml
----------------- Instantiating /home/travis/build/icyphy/ptII/ptolemy/actor/lib/hoc/test/auto/DEInPNInRunCompositeActor.xml
7 ms. Memory: 177152K Free: 146031K (82%)
----------------- Invoking toplevel() on ptolemy.moml.MoMLSimpleApplication@7f8d5e2e
----------------- Done invoking toplevel() on ptolemy.moml.MoMLSimpleApplication@7f8d5e2e
reloadAllAccessors: .DEInPNInRunCompositeActor

===========================================================================================
----------------- testing Wed Jul 10 15:28:10 UTC 2019 /home/travis/build/icyphy/ptII/ptolemy/actor/lib/hoc/test/auto/DFTSubSetTest.xml
----------------- Instantiating /home/travis/build/icyphy/ptII/ptolemy/actor/lib/hoc/test/auto/DFTSubSetTest.xml
155 ms. Memory: 177152K Free: 103533K (58%)
----------------- Invoking toplevel() on ptolemy.moml.MoMLSimpleApplication@75a3e50a
----------------- Done invoking toplevel() on ptolemy.moml.MoMLSimpleApplication@75a3e50a
reloadAllAccessors: .DFTSubSetTest

===========================================================================================
----------------- testing Wed Jul 10 15:28:10 UTC 2019 /home/travis/build/icyphy/ptII/ptolemy/actor/lib/hoc/test/auto/HocDE.xml
----------------- Instantiating /home/travis/build/icyphy/ptII/ptolemy/actor/lib/hoc/test/auto/HocDE.xml
137 ms. Memory: 177152K Free: 77933K (44%)
----------------- Invoking toplevel() on ptolemy.moml.MoMLSimpleApplication@41a12524
----------------- Done invoking toplevel() on ptolemy.moml.MoMLSimpleApplication@41a12524
reloadAllAccessors: .HocDE

===========================================================================================
----------------- testing Wed Jul 10 15:28:10 UTC 2019 /home/travis/build/icyphy/ptII/ptolemy/actor/lib/hoc/test/auto/IterateOverArray.xml
----------------- Instantiating /home/travis/build/icyphy/ptII/ptolemy/actor/lib/hoc/test/auto/IterateOverArray.xml
5 ms. Memory: 177152K Free: 73837K (42%)
----------------- Invoking toplevel() on ptolemy.moml.MoMLSimpleApplication@700522a
----------------- Done invoking toplevel() on ptolemy.moml.MoMLSimpleApplication@700522a
reloadAllAccessors: .IterateOverArray

===========================================================================================
----------------- testing Wed Jul 10 15:28:10 UTC 2019 /home/travis/build/icyphy/ptII/ptolemy/actor/lib/hoc/test/auto/IterateOverArray10.xml
----------------- Instantiating /home/travis/build/icyphy/ptII/ptolemy/actor/lib/hoc/test/auto/IterateOverArray10.xml
4 ms. Memory: 177152K Free: 70765K (40%)
----------------- Invoking toplevel() on ptolemy.moml.MoMLSimpleApplication@b1861cf
----------------- Done invoking toplevel() on ptolemy.moml.MoMLSimpleApplication@b1861cf
reloadAllAccessors: .IterateOverArray10

===========================================================================================
----------------- testing Wed Jul 10 15:28:10 UTC 2019 /home/travis/build/icyphy/ptII/ptolemy/actor/lib/hoc/test/auto/IterateOverArray11.xml
----------------- Instantiating /home/travis/build/icyphy/ptII/ptolemy/actor/lib/hoc/test/auto/IterateOverArray11.xml
5 ms. Memory: 177152K Free: 66669K (38%)
----------------- Invoking toplevel() on ptolemy.moml.MoMLSimpleApplication@3074777e
----------------- Done invoking toplevel() on ptolemy.moml.MoMLSimpleApplication@3074777e
reloadAllAccessors: .IterateOverArray11

===========================================================================================
----------------- testing Wed Jul 10 15:28:10 UTC 2019 /home/travis/build/icyphy/ptII/ptolemy/actor/lib/hoc/test/auto/IterateOverArray12.xml
----------------- Instantiating /home/travis/build/icyphy/ptII/ptolemy/actor/lib/hoc/test/auto/IterateOverArray12.xml
15 ms. Memory: 177152K Free: 61039K (34%)
----------------- Invoking toplevel() on ptolemy.moml.MoMLSimpleApplication@1ef5a7ff
----------------- Done invoking toplevel() on ptolemy.moml.MoMLSimpleApplication@1ef5a7ff
reloadAllAccessors: .IterateOverArray12

===========================================================================================
----------------- testing Wed Jul 10 15:28:10 UTC 2019 /home/travis/build/icyphy/ptII/ptolemy/actor/lib/hoc/test/auto/IterateOverArray13.xml
----------------- Instantiating /home/travis/build/icyphy/ptII/ptolemy/actor/lib/hoc/test/auto/IterateOverArray13.xml
63 ms. Memory: 177152K Free: 135716K (77%)
----------------- Invoking toplevel() on ptolemy.moml.MoMLSimpleApplication@3a684b83
----------------- Done invoking toplevel() on ptolemy.moml.MoMLSimpleApplication@3a684b83
reloadAllAccessors: .IterateOverArray13

===========================================================================================
----------------- testing Wed Jul 10 15:28:11 UTC 2019 /home/travis/build/icyphy/ptII/ptolemy/actor/lib/hoc/test/auto/IterateOverArray14.xml
----------------- Instantiating /home/travis/build/icyphy/ptII/ptolemy/actor/lib/hoc/test/auto/IterateOverArray14.xml
55 ms. Memory: 177152K Free: 102438K (58%)
----------------- Invoking toplevel() on ptolemy.moml.MoMLSimpleApplication@17594aa6
----------------- Done invoking toplevel() on ptolemy.moml.MoMLSimpleApplication@17594aa6
reloadAllAccessors: .IterateOverArray14

===========================================================================================
----------------- testing Wed Jul 10 15:28:11 UTC 2019 /home/travis/build/icyphy/ptII/ptolemy/actor/lib/hoc/test/auto/IterateOverArray2.xml
----------------- Instantiating /home/travis/build/icyphy/ptII/ptolemy/actor/lib/hoc/test/auto/IterateOverArray2.xml
10 ms. Memory: 177152K Free: 97828K (55%)
----------------- Invoking toplevel() on ptolemy.moml.MoMLSimpleApplication@2be88673
----------------- Done invoking toplevel() on ptolemy.moml.MoMLSimpleApplication@2be88673
reloadAllAccessors: .IterateOverArray2

===========================================================================================
----------------- testing Wed Jul 10 15:28:11 UTC 2019 /home/travis/build/icyphy/ptII/ptolemy/actor/lib/hoc/test/auto/IterateOverArray3.xml
----------------- Instantiating /home/travis/build/icyphy/ptII/ptolemy/actor/lib/hoc/test/auto/IterateOverArray3.xml
20 ms. Memory: 177152K Free: 91684K (52%)
----------------- Invoking toplevel() on ptolemy.moml.MoMLSimpleApplication@20bd3b8f
----------------- Done invoking toplevel() on ptolemy.moml.MoMLSimpleApplication@20bd3b8f
reloadAllAccessors: .IterateOverArray3

===========================================================================================
----------------- testing Wed Jul 10 15:28:11 UTC 2019 /home/travis/build/icyphy/ptII/ptolemy/actor/lib/hoc/test/auto/IterateOverArray4.xml
----------------- Instantiating /home/travis/build/icyphy/ptII/ptolemy/actor/lib/hoc/test/auto/IterateOverArray4.xml
7 ms. Memory: 177152K Free: 88102K (50%)
----------------- Invoking toplevel() on ptolemy.moml.MoMLSimpleApplication@2a3ff1a
----------------- Done invoking toplevel() on ptolemy.moml.MoMLSimpleApplication@2a3ff1a
reloadAllAccessors: .IterateOverArray4

===========================================================================================
----------------- testing Wed Jul 10 15:28:11 UTC 2019 /home/travis/build/icyphy/ptII/ptolemy/actor/lib/hoc/test/auto/IterateOverArray5.xml
----------------- Instantiating /home/travis/build/icyphy/ptII/ptolemy/actor/lib/hoc/test/auto/IterateOverArray5.xml
3 ms. Memory: 177152K Free: 84006K (47%)
----------------- Invoking toplevel() on ptolemy.moml.MoMLSimpleApplication@599fb7cd
----------------- Done invoking toplevel() on ptolemy.moml.MoMLSimpleApplication@599fb7cd
reloadAllAccessors: .IterateOverArray5

===========================================================================================
----------------- testing Wed Jul 10 15:28:11 UTC 2019 /home/travis/build/icyphy/ptII/ptolemy/actor/lib/hoc/test/auto/IterateOverArray6.xml
----------------- Instantiating /home/travis/build/icyphy/ptII/ptolemy/actor/lib/hoc/test/auto/IterateOverArray6.xml
6 ms. Memory: 177152K Free: 80934K (46%)
----------------- Invoking toplevel() on ptolemy.moml.MoMLSimpleApplication@381f74b0
----------------- Done invoking toplevel() on ptolemy.moml.MoMLSimpleApplication@381f74b0
reloadAllAccessors: .IterateOverArray6

===========================================================================================
----------------- testing Wed Jul 10 15:28:11 UTC 2019 /home/travis/build/icyphy/ptII/ptolemy/actor/lib/hoc/test/auto/IterateOverArray7.xml
----------------- Instantiating /home/travis/build/icyphy/ptII/ptolemy/actor/lib/hoc/test/auto/IterateOverArray7.xml
4 ms. Memory: 177152K Free: 75814K (43%)
----------------- Invoking toplevel() on ptolemy.moml.MoMLSimpleApplication@6d853378
----------------- Done invoking toplevel() on ptolemy.moml.MoMLSimpleApplication@6d853378
reloadAllAccessors: .IterateOverArray7

===========================================================================================
----------------- testing Wed Jul 10 15:28:11 UTC 2019 /home/travis/build/icyphy/ptII/ptolemy/actor/lib/hoc/test/auto/IterateOverArray8.xml
----------------- Instantiating /home/travis/build/icyphy/ptII/ptolemy/actor/lib/hoc/test/auto/IterateOverArray8.xml
5 ms. Memory: 177152K Free: 72228K (41%)
----------------- Invoking toplevel() on ptolemy.moml.MoMLSimpleApplication@5869bc35
----------------- Done invoking toplevel() on ptolemy.moml.MoMLSimpleApplication@5869bc35
reloadAllAccessors: .IterateOverArray8

===========================================================================================
----------------- testing Wed Jul 10 15:28:11 UTC 2019 /home/travis/build/icyphy/ptII/ptolemy/actor/lib/hoc/test/auto/IterateOverArray9.xml
----------------- Instantiating /home/travis/build/icyphy/ptII/ptolemy/actor/lib/hoc/test/auto/IterateOverArray9.xml
4 ms. Memory: 177152K Free: 68132K (38%)
----------------- Invoking toplevel() on ptolemy.moml.MoMLSimpleApplication@6851f918
----------------- Done invoking toplevel() on ptolemy.moml.MoMLSimpleApplication@6851f918
reloadAllAccessors: .IterateOverArray9

===========================================================================================
----------------- testing Wed Jul 10 15:28:11 UTC 2019 /home/travis/build/icyphy/ptII/ptolemy/actor/lib/hoc/test/auto/IterateOverArrayCoercedOutputType.xml
----------------- Instantiating /home/travis/build/icyphy/ptII/ptolemy/actor/lib/hoc/test/auto/IterateOverArrayCoercedOutputType.xml
6 ms. Memory: 177152K Free: 63526K (36%)
----------------- Invoking toplevel() on ptolemy.moml.MoMLSimpleApplication@20510474
----------------- Done invoking toplevel() on ptolemy.moml.MoMLSimpleApplication@20510474
reloadAllAccessors: .IterateOverArrayCoercedOutputType

===========================================================================================
----------------- testing Wed Jul 10 15:28:11 UTC 2019 /home/travis/build/icyphy/ptII/ptolemy/actor/lib/hoc/test/auto/IterateOverArrayInferredOutputType.xml
----------------- Instantiating /home/travis/build/icyphy/ptII/ptolemy/actor/lib/hoc/test/auto/IterateOverArrayInferredOutputType.xml
7 ms. Memory: 212992K Free: 195875K (92%)
----------------- Invoking toplevel() on ptolemy.moml.MoMLSimpleApplication@557ff1c5
----------------- Done invoking toplevel() on ptolemy.moml.MoMLSimpleApplication@557ff1c5
reloadAllAccessors: .IterateOverArrayInferredOutputType

===========================================================================================
----------------- testing Wed Jul 10 15:28:11 UTC 2019 /home/travis/build/icyphy/ptII/ptolemy/actor/lib/hoc/test/auto/MobileFunctionTest.xml
----------------- Instantiating /home/travis/build/icyphy/ptII/ptolemy/actor/lib/hoc/test/auto/MobileFunctionTest.xml
4 ms. Memory: 212992K Free: 191299K (90%)
----------------- Invoking toplevel() on ptolemy.moml.MoMLSimpleApplication@60b473b1
----------------- Done invoking toplevel() on ptolemy.moml.MoMLSimpleApplication@60b473b1
reloadAllAccessors: .MobileFunctionTest

===========================================================================================
----------------- testing Wed Jul 10 15:28:11 UTC 2019 /home/travis/build/icyphy/ptII/ptolemy/actor/lib/hoc/test/auto/MobileModelTest.xml
----------------- Instantiating /home/travis/build/icyphy/ptII/ptolemy/actor/lib/hoc/test/auto/MobileModelTest.xml
157 ms. Memory: 212992K Free: 170275K (80%)
----------------- Invoking toplevel() on ptolemy.moml.MoMLSimpleApplication@3f6ff38a
----------------- Done invoking toplevel() on ptolemy.moml.MoMLSimpleApplication@3f6ff38a
reloadAllAccessors: .MobileModelTest

===========================================================================================
----------------- testing Wed Jul 10 15:28:11 UTC 2019 /home/travis/build/icyphy/ptII/ptolemy/actor/lib/hoc/test/auto/ModelReference.xml
----------------- Instantiating /home/travis/build/icyphy/ptII/ptolemy/actor/lib/hoc/test/auto/ModelReference.xml
3 ms. Memory: 212992K Free: 164161K (77%)
4 ms. Memory: 212992K Free: 163651K (77%)
2 ms. Memory: 212992K Free: 162627K (76%)
3 ms. Memory: 212992K Free: 161603K (76%)
2 ms. Memory: 212992K Free: 161075K (76%)
2 ms. Memory: 212992K Free: 160065K (75%)
2 ms. Memory: 212992K Free: 159555K (75%)
1 ms. Memory: 212992K Free: 158531K (74%)
1 ms. Memory: 212992K Free: 157507K (74%)
3 ms. Memory: 212992K Free: 156979K (74%)
32 ms. Memory: 212992K Free: 156979K (74%)
----------------- Invoking toplevel() on ptolemy.moml.MoMLSimpleApplication@772948f1
----------------- Done invoking toplevel() on ptolemy.moml.MoMLSimpleApplication@772948f1
reloadAllAccessors: .ModelReference

===========================================================================================
----------------- testing Wed Jul 10 15:28:11 UTC 2019 /home/travis/build/icyphy/ptII/ptolemy/actor/lib/hoc/test/auto/ModelReference3.xml
----------------- Instantiating /home/travis/build/icyphy/ptII/ptolemy/actor/lib/hoc/test/auto/ModelReference3.xml
2 ms. Memory: 212992K Free: 151859K (71%)
4 ms. Memory: 212992K Free: 151363K (71%)
2 ms. Memory: 212992K Free: 150339K (71%)
3 ms. Memory: 212992K Free: 149819K (70%)
3 ms. Memory: 212992K Free: 148771K (70%)
1 ms. Memory: 212992K Free: 147747K (69%)
2 ms. Memory: 212992K Free: 147267K (69%)
1 ms. Memory: 212992K Free: 146243K (69%)
1 ms. Memory: 212992K Free: 145699K (68%)
1 ms. Memory: 212992K Free: 144691K (68%)
29 ms. Memory: 212992K Free: 144691K (68%)
----------------- Invoking toplevel() on ptolemy.moml.MoMLSimpleApplication@dc264df
----------------- Done invoking toplevel() on ptolemy.moml.MoMLSimpleApplication@dc264df
reloadAllAccessors: .ModelReference3

===========================================================================================
----------------- testing Wed Jul 10 15:28:11 UTC 2019 /home/travis/build/icyphy/ptII/ptolemy/actor/lib/hoc/test/auto/ModelReference4.xml
----------------- Instantiating /home/travis/build/icyphy/ptII/ptolemy/actor/lib/hoc/test/auto/ModelReference4.xml
2 ms. Memory: 212992K Free: 139571K (66%)
8 ms. Memory: 212992K Free: 138051K (65%)
2 ms. Memory: 212992K Free: 137027K (64%)
3 ms. Memory: 212992K Free: 135489K (64%)
2 ms. Memory: 212992K Free: 134435K (63%)
7 ms. Memory: 212992K Free: 133441K (63%)
5 ms. Memory: 212992K Free: 131907K (62%)
5 ms. Memory: 212992K Free: 130883K (61%)
2 ms. Memory: 212992K Free: 129345K (61%)
2 ms. Memory: 212992K Free: 128291K (60%)
10021 ms. Memory: 212992K Free: 128291K (60%)
----------------- Invoking toplevel() on ptolemy.moml.MoMLSimpleApplication@516fae39
----------------- Done invoking toplevel() on ptolemy.moml.MoMLSimpleApplication@516fae39
reloadAllAccessors: .ModelReference4

===========================================================================================
----------------- testing Wed Jul 10 15:28:21 UTC 2019 /home/travis/build/icyphy/ptII/ptolemy/actor/lib/hoc/test/auto/MultiInstanceComposite.xml
----------------- Instantiating /home/travis/build/icyphy/ptII/ptolemy/actor/lib/hoc/test/auto/MultiInstanceComposite.xml
25 ms. Memory: 212992K Free: 109379K (51%)
----------------- Invoking toplevel() on ptolemy.moml.MoMLSimpleApplication@2987b107
----------------- Done invoking toplevel() on ptolemy.moml.MoMLSimpleApplication@2987b107
reloadAllAccessors: .MultiInstanceComposite

===========================================================================================
----------------- testing Wed Jul 10 15:28:21 UTC 2019 /home/travis/build/icyphy/ptII/ptolemy/actor/lib/hoc/test/auto/MultiInstanceComposite2.xml
----------------- Instantiating /home/travis/build/icyphy/ptII/ptolemy/actor/lib/hoc/test/auto/MultiInstanceComposite2.xml
14 ms. Memory: 212992K Free: 98115K (46%)
----------------- Invoking toplevel() on ptolemy.moml.MoMLSimpleApplication@61a45bc9
----------------- Done invoking toplevel() on ptolemy.moml.MoMLSimpleApplication@61a45bc9
reloadAllAccessors: .MultiInstanceComposite2

===========================================================================================
----------------- testing Wed Jul 10 15:28:21 UTC 2019 /home/travis/build/icyphy/ptII/ptolemy/actor/lib/hoc/test/auto/MulticoreExecution.xml
----------------- Instantiating /home/travis/build/icyphy/ptII/ptolemy/actor/lib/hoc/test/auto/MulticoreExecution.xml
Fired ExecutionTime: 2400000
Fired ExecutionTime: 2800000
Fired ExecutionTime: 64400000
Fired ExecutionTime: 75600000
Fired ExecutionTime: 103600000
Fired ExecutionTime: 35600000
Fired ExecutionTime: 86000000
Fired ExecutionTime: 96000000
Fired ExecutionTime: 102400000
Fired ExecutionTime: 103200000
Fired ExecutionTime: 90400000
Fired ExecutionTime: 90000000
Fired ExecutionTime: 89600000
Fired ExecutionTime: 89200000
Fired ExecutionTime: 89200000
Fired ExecutionTime: 89600000
Fired ExecutionTime: 90800000
Fired ExecutionTime: 91600000
Fired ExecutionTime: 89600000
Fired ExecutionTime: 89200000
1077 ms. Memory: 212992K Free: 89409K (42%)
----------------- Invoking toplevel() on ptolemy.moml.MoMLSimpleApplication@478dc577
----------------- Done invoking toplevel() on ptolemy.moml.MoMLSimpleApplication@478dc577
reloadAllAccessors: .MulticoreExecution

===========================================================================================
----------------- testing Wed Jul 10 15:28:23 UTC 2019 /home/travis/build/icyphy/ptII/ptolemy/actor/lib/hoc/test/auto/ParallelExecution.xml
----------------- Instantiating /home/travis/build/icyphy/ptII/ptolemy/actor/lib/hoc/test/auto/ParallelExecution.xml
917 ms. Memory: 212992K Free: 81217K (38%)
----------------- Invoking toplevel() on ptolemy.moml.MoMLSimpleApplication@724b4de0
----------------- Done invoking toplevel() on ptolemy.moml.MoMLSimpleApplication@724b4de0
reloadAllAccessors: .ParallelExecution

===========================================================================================
----------------- testing Wed Jul 10 15:28:24 UTC 2019 /home/travis/build/icyphy/ptII/ptolemy/actor/lib/hoc/test/auto/RunCompositeActor.xml
----------------- Instantiating /home/travis/build/icyphy/ptII/ptolemy/actor/lib/hoc/test/auto/RunCompositeActor.xml
21 ms. Memory: 212992K Free: 196958K (92%)
----------------- Invoking toplevel() on ptolemy.moml.MoMLSimpleApplication@4ad88a52
----------------- Done invoking toplevel() on ptolemy.moml.MoMLSimpleApplication@4ad88a52
reloadAllAccessors: .RunCompositeActor

===========================================================================================
----------------- testing Wed Jul 10 15:28:24 UTC 2019 /home/travis/build/icyphy/ptII/ptolemy/actor/lib/hoc/test/auto/RunCompositeActor2.xml
----------------- Instantiating /home/travis/build/icyphy/ptII/ptolemy/actor/lib/hoc/test/auto/RunCompositeActor2.xml
8 ms. Memory: 212992K Free: 190418K (89%)
----------------- Invoking toplevel() on ptolemy.moml.MoMLSimpleApplication@48f77629
----------------- Done invoking toplevel() on ptolemy.moml.MoMLSimpleApplication@48f77629
reloadAllAccessors: .RunCompositeActor2

===========================================================================================
----------------- testing Wed Jul 10 15:28:24 UTC 2019 /home/travis/build/icyphy/ptII/ptolemy/actor/lib/hoc/test/auto/RunCompositeActor3.xml
----------------- Instantiating /home/travis/build/icyphy/ptII/ptolemy/actor/lib/hoc/test/auto/RunCompositeActor3.xml
3 ms. Memory: 212992K Free: 184770K (87%)
----------------- Invoking toplevel() on ptolemy.moml.MoMLSimpleApplication@2766f680
----------------- Done invoking toplevel() on ptolemy.moml.MoMLSimpleApplication@2766f680
reloadAllAccessors: .RunCompositeActor3

===========================================================================================
----------------- testing Wed Jul 10 15:28:24 UTC 2019 /home/travis/build/icyphy/ptII/ptolemy/actor/lib/hoc/test/auto/RunCompositeActor4.xml
----------------- Instantiating /home/travis/build/icyphy/ptII/ptolemy/actor/lib/hoc/test/auto/RunCompositeActor4.xml
11 ms. Memory: 212992K Free: 176586K (83%)
----------------- Invoking toplevel() on ptolemy.moml.MoMLSimpleApplication@2f93ada5
----------------- Done invoking toplevel() on ptolemy.moml.MoMLSimpleApplication@2f93ada5
reloadAllAccessors: .RunCompositeActor4

===========================================================================================
----------------- testing Wed Jul 10 15:28:24 UTC 2019 /home/travis/build/icyphy/ptII/ptolemy/actor/lib/hoc/test/auto/RunCompositeIterateOverArray.xml
----------------- Instantiating /home/travis/build/icyphy/ptII/ptolemy/actor/lib/hoc/test/auto/RunCompositeIterateOverArray.xml
6 ms. Memory: 212992K Free: 170448K (80%)
----------------- Invoking toplevel() on ptolemy.moml.MoMLSimpleApplication@7cc7c042
----------------- Done invoking toplevel() on ptolemy.moml.MoMLSimpleApplication@7cc7c042
reloadAllAccessors: .RunCompositeIterateOverArray

===========================================================================================
----------------- testing Wed Jul 10 15:28:24 UTC 2019 /home/travis/build/icyphy/ptII/ptolemy/actor/lib/hoc/test/auto/ThreadedJS.xml
----------------- Instantiating /home/travis/build/icyphy/ptII/ptolemy/actor/lib/hoc/test/auto/ThreadedJS.xml
5533 ms. Memory: 307200K Free: 144258K (47%)
----------------- Invoking toplevel() on ptolemy.moml.MoMLSimpleApplication@3b714753
----------------- Done invoking toplevel() on ptolemy.moml.MoMLSimpleApplication@3b714753
reloadAllAccessors: .ThreadedJS
AutoTests.java: About to close Vertx.
AutoTests.java: Vertx closed.
]]></system-out>
  <system-err><![CDATA[java.lang.RuntimeException: Execution failed
	at ptolemy.moml.MoMLSimpleApplication$UnloadThread.run(MoMLSimpleApplication.java:402)
Caused by: ptolemy.kernel.util.IllegalActionException: initialize() was called after wrapup() was called but preinitialize() was not called after wrapup().
	at ptolemy.actor.lib.hoc.test.PreinitializeMustBeInvoked.initialize(PreinitializeMustBeInvoked.java:78)
	at ptolemy.actor.Director.initialize(Director.java:938)
	at ptolemy.actor.Director.initialize(Director.java:907)
	at ptolemy.actor.sched.StaticSchedulingDirector.initialize(StaticSchedulingDirector.java:159)
	at ptolemy.domains.sdf.kernel.SDFDirector.initialize(SDFDirector.java:544)
	at ptolemy.actor.CompositeActor.initialize(CompositeActor.java:935)
	at ptolemy.actor.lib.hoc.LifeCycleManager._executeInsideModel(LifeCycleManager.java:339)
	at ptolemy.actor.lib.hoc.RunCompositeActor.fire(RunCompositeActor.java:205)
	at ptolemy.actor.CompositeActor.iterate(CompositeActor.java:1146)
	at ptolemy.actor.sched.StaticSchedulingDirector.fire(StaticSchedulingDirector.java:216)
	at ptolemy.domains.sdf.kernel.SDFDirector.fire(SDFDirector.java:500)
	at ptolemy.actor.CompositeActor.fire(CompositeActor.java:455)
	at ptolemy.actor.Manager.iterate(Manager.java:851)
	at ptolemy.actor.Manager.execute(Manager.java:369)
	at ptolemy.actor.Manager.run(Manager.java:1263)
	at ptolemy.actor.Manager$PtolemyRunThread.run(Manager.java:1915)
java.lang.reflect.InvocationTargetException
	at java.base/jdk.internal.reflect.NativeConstructorAccessorImpl.newInstance0(Native Method)
	at java.base/jdk.internal.reflect.NativeConstructorAccessorImpl.newInstance(NativeConstructorAccessorImpl.java:62)
	at java.base/jdk.internal.reflect.DelegatingConstructorAccessorImpl.newInstance(DelegatingConstructorAccessorImpl.java:45)
	at java.base/java.lang.reflect.Constructor.newInstance(Constructor.java:488)
	at ptolemy.util.test.junit.AutoKnownFailedTests.RunModel(AutoKnownFailedTests.java:105)
	at java.base/jdk.internal.reflect.NativeMethodAccessorImpl.invoke0(Native Method)
	at java.base/jdk.internal.reflect.NativeMethodAccessorImpl.invoke(NativeMethodAccessorImpl.java:62)
	at java.base/jdk.internal.reflect.DelegatingMethodAccessorImpl.invoke(DelegatingMethodAccessorImpl.java:43)
	at java.base/java.lang.reflect.Method.invoke(Method.java:564)
	at org.junit.runners.model.FrameworkMethod$1.runReflectiveCall(FrameworkMethod.java:44)
	at org.junit.internal.runners.model.ReflectiveCallable.run(ReflectiveCallable.java:15)
	at org.junit.runners.model.FrameworkMethod.invokeExplosively(FrameworkMethod.java:41)
	at junitparams.internal.InvokeParameterisedMethod.evaluate(InvokeParameterisedMethod.java:102)
	at org.junit.internal.runners.statements.FailOnTimeout$1.run(FailOnTimeout.java:28)
Caused by: ptolemy.kernel.util.IllegalActionException: initialize() was called after wrapup() was called but preinitialize() was not called after wrapup().
	at ptolemy.actor.lib.hoc.test.PreinitializeMustBeInvoked.initialize(PreinitializeMustBeInvoked.java:78)
	at ptolemy.actor.Director.initialize(Director.java:938)
	at ptolemy.actor.Director.initialize(Director.java:907)
	at ptolemy.actor.sched.StaticSchedulingDirector.initialize(StaticSchedulingDirector.java:159)
	at ptolemy.domains.sdf.kernel.SDFDirector.initialize(SDFDirector.java:544)
	at ptolemy.actor.CompositeActor.initialize(CompositeActor.java:935)
	at ptolemy.actor.lib.hoc.LifeCycleManager._executeInsideModel(LifeCycleManager.java:339)
	at ptolemy.actor.lib.hoc.RunCompositeActor.fire(RunCompositeActor.java:205)
	at ptolemy.actor.CompositeActor.iterate(CompositeActor.java:1146)
	at ptolemy.actor.sched.StaticSchedulingDirector.fire(StaticSchedulingDirector.java:216)
	at ptolemy.domains.sdf.kernel.SDFDirector.fire(SDFDirector.java:500)
	at ptolemy.actor.CompositeActor.fire(CompositeActor.java:455)
	at ptolemy.actor.Manager.iterate(Manager.java:851)
	at ptolemy.actor.Manager.execute(Manager.java:369)
	at ptolemy.actor.Manager.run(Manager.java:1263)
	at ptolemy.actor.Manager$PtolemyRunThread.run(Manager.java:1915)
]]></system-err>
</testsuite>
