<?xml version="1.0" encoding="UTF-8" ?>
<testsuite errors="0" failures="0" hostname="travis-job-8fb3911e-8a5d-46a0-bbbe-00160560d5dc" name="ptolemy.domains.sdf.test.junit.JUnitTclTest" skipped="0" tests="66" time="19.611" timestamp="2020-02-22T07:21:45">
  <properties>
[...]
</properties>
  <testcase classname="ptolemy.util.test.junit.TclTests" name="[0] /home/travis/build/icyphy/ptII/ptolemy/domains/sdf/test/SDFSchedulerErrors.tcl (RunTclFile)" time="0.933" />
  <testcase classname="ptolemy.util.test.junit.TclTests" name="[1] /home/travis/build/icyphy/ptII/ptolemy/domains/sdf/test/composition.tcl (RunTclFile)" time="0.17" />
  <testcase classname="ptolemy.util.test.junit.TclTests" name="[2] /home/travis/build/icyphy/ptII/ptolemy/domains/sdf/test/cycle.tcl (RunTclFile)" time="0.072" />
  <testcase classname="ptolemy.util.test.junit.AutoKnownFailedTests" name="[0] ThereAreNoKnowFailedTests (RunModel)" time="0.008" />
  <testcase classname="ptolemy.util.test.junit.AutoNameArchTests" name="[0] ThereAreNoAutoArchTests (RunModel)" time="0.007" />
  <testcase classname="ptolemy.util.test.junit.AutoTests" name="[0] /home/travis/build/icyphy/ptII/ptolemy/domains/sdf/test/auto/Array.xml (RunModel)" time="0.285" />
  <testcase classname="ptolemy.util.test.junit.AutoTests" name="[1] /home/travis/build/icyphy/ptII/ptolemy/domains/sdf/test/auto/Butterfly.xml (RunModel)" time="0.155" />
  <testcase classname="ptolemy.util.test.junit.AutoTests" name="[2] /home/travis/build/icyphy/ptII/ptolemy/domains/sdf/test/auto/Expression.xml (RunModel)" time="0.079" />
  <testcase classname="ptolemy.util.test.junit.AutoTests" name="[3] /home/travis/build/icyphy/ptII/ptolemy/domains/sdf/test/auto/Eye.xml (RunModel)" time="0.22" />
  <testcase classname="ptolemy.util.test.junit.AutoTests" name="[4] /home/travis/build/icyphy/ptII/ptolemy/domains/sdf/test/auto/FixFIR.xml (RunModel)" time="0.24" />
  <testcase classname="ptolemy.util.test.junit.AutoTests" name="[5] /home/travis/build/icyphy/ptII/ptolemy/domains/sdf/test/auto/FixPoint.xml (RunModel)" time="0.049" />
  <testcase classname="ptolemy.util.test.junit.AutoTests" name="[6] /home/travis/build/icyphy/ptII/ptolemy/domains/sdf/test/auto/Gravitation.xml (RunModel)" time="3.184" />
  <testcase classname="ptolemy.util.test.junit.AutoTests" name="[7] /home/travis/build/icyphy/ptII/ptolemy/domains/sdf/test/auto/GravitationWithCollisionDetection.xml (RunModel)" time="6.248" />
  <testcase classname="ptolemy.util.test.junit.AutoTests" name="[8] /home/travis/build/icyphy/ptII/ptolemy/domains/sdf/test/auto/HDF.xml (RunModel)" time="0.105" />
  <testcase classname="ptolemy.util.test.junit.AutoTests" name="[9] /home/travis/build/icyphy/ptII/ptolemy/domains/sdf/test/auto/HDFwithTransientStates.xml (RunModel)" time="0.073" />
  <testcase classname="ptolemy.util.test.junit.AutoTests" name="[10] /home/travis/build/icyphy/ptII/ptolemy/domains/sdf/test/auto/HTVQ.xml (RunModel)" time="0.749" />
  <testcase classname="ptolemy.util.test.junit.AutoTests" name="[11] /home/travis/build/icyphy/ptII/ptolemy/domains/sdf/test/auto/InferInitProduction.xml (RunModel)" time="0.029" />
  <testcase classname="ptolemy.util.test.junit.AutoTests" name="[12] /home/travis/build/icyphy/ptII/ptolemy/domains/sdf/test/auto/InferInitProductionDeeper.xml (RunModel)" time="0.023" />
  <testcase classname="ptolemy.util.test.junit.AutoTests" name="[13] /home/travis/build/icyphy/ptII/ptolemy/domains/sdf/test/auto/LMSAdaptive.xml (RunModel)" time="0.078" />
  <testcase classname="ptolemy.util.test.junit.AutoTests" name="[14] /home/travis/build/icyphy/ptII/ptolemy/domains/sdf/test/auto/LogisticMap.xml (RunModel)" time="0.481" />
  <testcase classname="ptolemy.util.test.junit.AutoTests" name="[15] /home/travis/build/icyphy/ptII/ptolemy/domains/sdf/test/auto/MaximumEntropySpectrum.xml (RunModel)" time="0.26" />
  <testcase classname="ptolemy.util.test.junit.AutoTests" name="[16] /home/travis/build/icyphy/ptII/ptolemy/domains/sdf/test/auto/MultirateSDF.xml (RunModel)" time="0.048" />
  <testcase classname="ptolemy.util.test.junit.AutoTests" name="[17] /home/travis/build/icyphy/ptII/ptolemy/domains/sdf/test/auto/MultirateSDFwithTransientStates.xml (RunModel)" time="0.069" />
  <testcase classname="ptolemy.util.test.junit.AutoTests" name="[18] /home/travis/build/icyphy/ptII/ptolemy/domains/sdf/test/auto/NoisySinewave.xml (RunModel)" time="0.058" />
  <testcase classname="ptolemy.util.test.junit.AutoTests" name="[19] /home/travis/build/icyphy/ptII/ptolemy/domains/sdf/test/auto/Objects.xml (RunModel)" time="0.038" />
  <testcase classname="ptolemy.util.test.junit.AutoTests" name="[20] /home/travis/build/icyphy/ptII/ptolemy/domains/sdf/test/auto/OrthogonalCom.xml (RunModel)" time="0.043" />
  <testcase classname="ptolemy.util.test.junit.AutoTests" name="[21] /home/travis/build/icyphy/ptII/ptolemy/domains/sdf/test/auto/RijndaelEncryption.xml (RunModel)" time="0.583" />
  <testcase classname="ptolemy.util.test.junit.AutoTests" name="[22] /home/travis/build/icyphy/ptII/ptolemy/domains/sdf/test/auto/SDFEmptyIterations.xml (RunModel)" time="0.017" />
  <testcase classname="ptolemy.util.test.junit.AutoTests" name="[23] /home/travis/build/icyphy/ptII/ptolemy/domains/sdf/test/auto/Spectrum.xml (RunModel)" time="0.098" />
  <testcase classname="ptolemy.util.test.junit.AutoTests" name="[24] /home/travis/build/icyphy/ptII/ptolemy/domains/sdf/test/auto/de_inside_sdf.xml (RunModel)" time="0.021" />
  <testcase classname="ptolemy.util.test.junit.AutoTests" name="[25] /home/travis/build/icyphy/ptII/ptolemy/domains/sdf/test/auto/disconnectedHierarchicalSDF.xml (RunModel)" time="0.017" />
  <testcase classname="ptolemy.util.test.junit.AutoTests" name="[26] /home/travis/build/icyphy/ptII/ptolemy/domains/sdf/test/auto/disconnectedSDF.xml (RunModel)" time="0.014" />
  <testcase classname="ptolemy.util.test.junit.AutoTests" name="[27] /home/travis/build/icyphy/ptII/ptolemy/domains/sdf/test/auto/emptyRefinement.xml (RunModel)" time="0.011" />
  <testcase classname="ptolemy.util.test.junit.AutoTests" name="[28] /home/travis/build/icyphy/ptII/ptolemy/domains/sdf/test/auto/filePortParameter.xml (RunModel)" time="0.031" />
  <testcase classname="ptolemy.util.test.junit.AutoTests" name="[29] /home/travis/build/icyphy/ptII/ptolemy/domains/sdf/test/auto/inferRelationWidth1.xml (RunModel)" time="0.022" />
  <testcase classname="ptolemy.util.test.junit.AutoTests" name="[30] /home/travis/build/icyphy/ptII/ptolemy/domains/sdf/test/auto/initProductionInference.xml (RunModel)" time="0.024" />
  <testcase classname="ptolemy.util.test.junit.AutoTests" name="[31] /home/travis/build/icyphy/ptII/ptolemy/domains/sdf/test/auto/relationGroup.xml (RunModel)" time="0.019" />
  <testcase classname="ptolemy.util.test.junit.AutoTests" name="[32] /home/travis/build/icyphy/ptII/ptolemy/domains/sdf/test/auto/relationGroup10.xml (RunModel)" time="0.013" />
  <testcase classname="ptolemy.util.test.junit.AutoTests" name="[33] /home/travis/build/icyphy/ptII/ptolemy/domains/sdf/test/auto/relationGroup11.xml (RunModel)" time="0.011" />
  <testcase classname="ptolemy.util.test.junit.AutoTests" name="[34] /home/travis/build/icyphy/ptII/ptolemy/domains/sdf/test/auto/relationGroup12.xml (RunModel)" time="0.011" />
  <testcase classname="ptolemy.util.test.junit.AutoTests" name="[35] /home/travis/build/icyphy/ptII/ptolemy/domains/sdf/test/auto/relationGroup13.xml (RunModel)" time="0.013" />
  <testcase classname="ptolemy.util.test.junit.AutoTests" name="[36] /home/travis/build/icyphy/ptII/ptolemy/domains/sdf/test/auto/relationGroup14.xml (RunModel)" time="0.012" />
  <testcase classname="ptolemy.util.test.junit.AutoTests" name="[37] /home/travis/build/icyphy/ptII/ptolemy/domains/sdf/test/auto/relationGroup15.xml (RunModel)" time="0.011" />
  <testcase classname="ptolemy.util.test.junit.AutoTests" name="[38] /home/travis/build/icyphy/ptII/ptolemy/domains/sdf/test/auto/relationGroup2.xml (RunModel)" time="0.011" />
  <testcase classname="ptolemy.util.test.junit.AutoTests" name="[39] /home/travis/build/icyphy/ptII/ptolemy/domains/sdf/test/auto/relationGroup3.xml (RunModel)" time="0.005" />
  <testcase classname="ptolemy.util.test.junit.AutoTests" name="[40] /home/travis/build/icyphy/ptII/ptolemy/domains/sdf/test/auto/relationGroup4.xml (RunModel)" time="0.013" />
  <testcase classname="ptolemy.util.test.junit.AutoTests" name="[41] /home/travis/build/icyphy/ptII/ptolemy/domains/sdf/test/auto/relationGroup5.xml (RunModel)" time="0.01" />
  <testcase classname="ptolemy.util.test.junit.AutoTests" name="[42] /home/travis/build/icyphy/ptII/ptolemy/domains/sdf/test/auto/relationGroup6.xml (RunModel)" time="0.008" />
  <testcase classname="ptolemy.util.test.junit.AutoTests" name="[43] /home/travis/build/icyphy/ptII/ptolemy/domains/sdf/test/auto/relationGroup7.xml (RunModel)" time="0.007" />
  <testcase classname="ptolemy.util.test.junit.AutoTests" name="[44] /home/travis/build/icyphy/ptII/ptolemy/domains/sdf/test/auto/relationGroup8.xml (RunModel)" time="0.007" />
  <testcase classname="ptolemy.util.test.junit.AutoTests" name="[45] /home/travis/build/icyphy/ptII/ptolemy/domains/sdf/test/auto/relationGroup9.xml (RunModel)" time="0.009" />
  <testcase classname="ptolemy.util.test.junit.AutoTests" name="[46] /home/travis/build/icyphy/ptII/ptolemy/domains/sdf/test/auto/sdf_inside_de.xml (RunModel)" time="0.033" />
  <testcase classname="ptolemy.util.test.junit.AutoTests" name="[47] /home/travis/build/icyphy/ptII/ptolemy/domains/sdf/test/auto/sdf_inside_pn.xml (RunModel)" time="0.069" />
  <testcase classname="ptolemy.util.test.junit.AutoTests" name="[48] /home/travis/build/icyphy/ptII/ptolemy/domains/sdf/test/auto/sdf_sdf1.xml (RunModel)" time="0.026" />
  <testcase classname="ptolemy.util.test.junit.AutoTests" name="[49] /home/travis/build/icyphy/ptII/ptolemy/domains/sdf/test/auto/test1.xml (RunModel)" time="0.014" />
  <testcase classname="ptolemy.util.test.junit.AutoTests" name="[50] /home/travis/build/icyphy/ptII/ptolemy/domains/sdf/test/auto/time1.xml (RunModel)" time="0.009" />
  <testcase classname="ptolemy.util.test.junit.AutoTests" name="[51] /home/travis/build/icyphy/ptII/ptolemy/domains/sdf/test/auto/time2.xml (RunModel)" time="0.009" />
  <testcase classname="ptolemy.util.test.junit.AutoTests" name="[52] /home/travis/build/icyphy/ptII/ptolemy/domains/sdf/test/auto/time3.xml (RunModel)" time="0.018" />
  <testcase classname="ptolemy.util.test.junit.AutoTests" name="[53] /home/travis/build/icyphy/ptII/ptolemy/domains/sdf/test/auto/time4.xml (RunModel)" time="0.017" />
  <testcase classname="ptolemy.util.test.junit.AutoTests" name="[54] /home/travis/build/icyphy/ptII/ptolemy/domains/sdf/test/auto/time5.xml (RunModel)" time="4.008" />
  <testcase classname="ptolemy.util.test.junit.AutoTests" name="[55] /home/travis/build/icyphy/ptII/ptolemy/domains/sdf/test/auto/typeSystem_Const_Integer_smallest_Type.xml (RunModel)" time="0.024" />
  <testcase classname="ptolemy.util.test.junit.AutoTests" name="[56] /home/travis/build/icyphy/ptII/ptolemy/domains/sdf/test/auto/typeSystem_declared_Inports_OutportTypeException.xml (RunModel)" time="0.027" />
  <testcase classname="ptolemy.util.test.junit.AutoTests" name="[57] /home/travis/build/icyphy/ptII/ptolemy/domains/sdf/test/auto/typeSystem_oneDeclaredInportType_wrongTypeOutport.xml (RunModel)" time="0.016" />
  <testcase classname="ptolemy.util.test.junit.AutoTests" name="[58] /home/travis/build/icyphy/ptII/ptolemy/domains/sdf/test/auto/width.xml (RunModel)" time="0.011" />
  <testcase classname="ptolemy.util.test.junit.AutoTests" name="[59] /home/travis/build/icyphy/ptII/ptolemy/domains/sdf/test/auto/width2.xml (RunModel)" time="0.029" />
  <testcase classname="ptolemy.util.test.junit.AutoTests" name="[60] /home/travis/build/icyphy/ptII/ptolemy/domains/sdf/test/auto/width3.xml (RunModel)" time="0.031" />
  <system-out><![CDATA[/home/travis/build/icyphy/ptII/ptolemy/domains/sdf/test/SDFSchedulerErrors.tcl
testDefs.tcl: setting time out to 9000 seconds at Sat Feb 22 07:21:45 UTC 2020
91 ms. Memory: 129024K Free: 89032K (69%)
8 ms. Memory: 129024K Free: 81343K (63%)
14 ms. Memory: 129024K Free: 75191K (58%)
7 ms. Memory: 129024K Free: 72134K (56%)
/home/travis/build/icyphy/ptII/ptolemy/domains/sdf/test/composition.tcl
37 ms. Memory: 129024K Free: 68023K (53%)
8 ms. Memory: 129024K Free: 65975K (51%)
/home/travis/build/icyphy/ptII/ptolemy/domains/sdf/test/cycle.tcl
.Toplevel.Director Preinitializing ...
Invoking preinitialize():  .Toplevel.Actor1
Invoking preinitialize():  .Toplevel.Actor2
Invoking preinitialize():  .Toplevel.Delay
.Toplevel.Director Finished preinitialize().
### Schedule:
Execute Schedule{
Fire Actor ptolemy.domains.sdf.kernel.test.SDFTestDelay {.Toplevel.Actor1}
Fire Actor ptolemy.domains.sdf.kernel.test.SDFTestDelay {.Toplevel.Actor2}
Fire Actor ptolemy.domains.sdf.lib.SampleDelay {.Toplevel.Delay}
}
### End schedule
Called initialize().
Invoking initialize():  .Toplevel.Actor1
Initializing actor: .Toplevel.Actor1.
Invoking initialize():  .Toplevel.Actor2
Initializing actor: .Toplevel.Actor2.
Invoking initialize():  .Toplevel.Delay
Initializing actor: .Toplevel.Delay.
Director: Called prefire().
-- Setting current time to 0.0
Director prefire returns true.
The actor .Toplevel.Actor1 will be iterated.
The actor .Toplevel.Actor1 was iterated.
The actor .Toplevel.Actor2 will be iterated.
The actor .Toplevel.Actor2 was iterated.
The actor .Toplevel.Delay will be iterated.
The actor .Toplevel.Delay was iterated.
Director: Called postfire().
Postfire returns: true
Director: Called prefire().
-- Setting current time to 0.0
Director prefire returns true.
The actor .Toplevel.Actor1 will be iterated.
The actor .Toplevel.Actor1 was iterated.
The actor .Toplevel.Actor2 will be iterated.
The actor .Toplevel.Actor2 was iterated.
The actor .Toplevel.Delay will be iterated.
The actor .Toplevel.Delay was iterated.
Director: Called postfire().
Postfire returns: true
Director: Called prefire().
-- Setting current time to 0.0
Director prefire returns true.
The actor .Toplevel.Actor1 will be iterated.
The actor .Toplevel.Actor1 was iterated.
The actor .Toplevel.Actor2 will be iterated.
The actor .Toplevel.Actor2 was iterated.
The actor .Toplevel.Delay will be iterated.
The actor .Toplevel.Delay was iterated.
Director: Called postfire().
Postfire returns: true
Director: Called prefire().
-- Setting current time to 0.0
Director prefire returns true.
The actor .Toplevel.Actor1 will be iterated.
The actor .Toplevel.Actor1 was iterated.
The actor .Toplevel.Actor2 will be iterated.
The actor .Toplevel.Actor2 was iterated.
The actor .Toplevel.Delay will be iterated.
The actor .Toplevel.Delay was iterated.
Director: Called postfire().
Postfire returns: true
Director: Called prefire().
-- Setting current time to 0.0
Director prefire returns true.
The actor .Toplevel.Actor1 will be iterated.
The actor .Toplevel.Actor1 was iterated.
The actor .Toplevel.Actor2 will be iterated.
The actor .Toplevel.Actor2 was iterated.
The actor .Toplevel.Delay will be iterated.
The actor .Toplevel.Delay was iterated.
Director: Called postfire().
Postfire returns: true
Director: Called prefire().
-- Setting current time to 0.0
Director prefire returns true.
The actor .Toplevel.Actor1 will be iterated.
The actor .Toplevel.Actor1 was iterated.
The actor .Toplevel.Actor2 will be iterated.
The actor .Toplevel.Actor2 was iterated.
The actor .Toplevel.Delay will be iterated.
The actor .Toplevel.Delay was iterated.
Reached specified number of iterations: 6
Director: Called wrapup().
44 ms. Memory: 129024K Free: 62918K (49%)
02/22/20 07:21:46
Failed: 0  Total Tests: 8  ((Passed: 8, Newly Passed: 0)  Known Failed: 0) /home/travis/build/icyphy/ptII/ptolemy/domains/sdf/test
No auto/knownFailedTests/*.xml tests in /home/travis/build/icyphy/ptII/ptolemy/domains/sdf/test
No auto/linux-amd64/*.xml tests in /home/travis/build/icyphy/ptII/ptolemy/domains/sdf/test
AutoTests.java: About to close Vertx.
AutoTests.java: Vertx closed.

===========================================================================================
----------------- testing Sat Feb 22 07:21:47 UTC 2020 /home/travis/build/icyphy/ptII/ptolemy/domains/sdf/test/auto/Array.xml
----------------- Instantiating /home/travis/build/icyphy/ptII/ptolemy/domains/sdf/test/auto/Array.xml
51 ms. Memory: 129024K Free: 107960K (84%)
----------------- Invoking toplevel() on ptolemy.moml.MoMLSimpleApplication@5a4b290d
----------------- Done invoking toplevel() on ptolemy.moml.MoMLSimpleApplication@5a4b290d
reloadAllAccessors: .Array

===========================================================================================
----------------- testing Sat Feb 22 07:21:47 UTC 2020 /home/travis/build/icyphy/ptII/ptolemy/domains/sdf/test/auto/Butterfly.xml
----------------- Instantiating /home/travis/build/icyphy/ptII/ptolemy/domains/sdf/test/auto/Butterfly.xml
97 ms. Memory: 129024K Free: 101487K (79%)
----------------- Invoking toplevel() on ptolemy.moml.MoMLSimpleApplication@58281ea6
----------------- Done invoking toplevel() on ptolemy.moml.MoMLSimpleApplication@58281ea6
reloadAllAccessors: .Butterfly

===========================================================================================
----------------- testing Sat Feb 22 07:21:47 UTC 2020 /home/travis/build/icyphy/ptII/ptolemy/domains/sdf/test/auto/Expression.xml
----------------- Instantiating /home/travis/build/icyphy/ptII/ptolemy/domains/sdf/test/auto/Expression.xml
51 ms. Memory: 129024K Free: 96770K (75%)
----------------- Invoking toplevel() on ptolemy.moml.MoMLSimpleApplication@2e159f52
----------------- Done invoking toplevel() on ptolemy.moml.MoMLSimpleApplication@2e159f52
reloadAllAccessors: .Expression

===========================================================================================
----------------- testing Sat Feb 22 07:21:47 UTC 2020 /home/travis/build/icyphy/ptII/ptolemy/domains/sdf/test/auto/Eye.xml
----------------- Instantiating /home/travis/build/icyphy/ptII/ptolemy/domains/sdf/test/auto/Eye.xml
108 ms. Memory: 129024K Free: 71832K (56%)
----------------- Invoking toplevel() on ptolemy.moml.MoMLSimpleApplication@4e39ad1e
----------------- Done invoking toplevel() on ptolemy.moml.MoMLSimpleApplication@4e39ad1e
reloadAllAccessors: .Eye

===========================================================================================
----------------- testing Sat Feb 22 07:21:47 UTC 2020 /home/travis/build/icyphy/ptII/ptolemy/domains/sdf/test/auto/FixFIR.xml
----------------- Instantiating /home/travis/build/icyphy/ptII/ptolemy/domains/sdf/test/auto/FixFIR.xml
133 ms. Memory: 129024K Free: 93267K (72%)
----------------- Invoking toplevel() on ptolemy.moml.MoMLSimpleApplication@2ccb6555
----------------- Done invoking toplevel() on ptolemy.moml.MoMLSimpleApplication@2ccb6555
reloadAllAccessors: .FixFIR

===========================================================================================
----------------- testing Sat Feb 22 07:21:48 UTC 2020 /home/travis/build/icyphy/ptII/ptolemy/domains/sdf/test/auto/FixPoint.xml
----------------- Instantiating /home/travis/build/icyphy/ptII/ptolemy/domains/sdf/test/auto/FixPoint.xml
12 ms. Memory: 129024K Free: 88727K (69%)
----------------- Invoking toplevel() on ptolemy.moml.MoMLSimpleApplication@56f9ce10
----------------- Done invoking toplevel() on ptolemy.moml.MoMLSimpleApplication@56f9ce10
reloadAllAccessors: .FixPoint

===========================================================================================
----------------- testing Sat Feb 22 07:21:48 UTC 2020 /home/travis/build/icyphy/ptII/ptolemy/domains/sdf/test/auto/Gravitation.xml
----------------- Instantiating /home/travis/build/icyphy/ptII/ptolemy/domains/sdf/test/auto/Gravitation.xml
3121 ms. Memory: 166912K Free: 90458K (54%)
----------------- Invoking toplevel() on ptolemy.moml.MoMLSimpleApplication@74883a65
----------------- Done invoking toplevel() on ptolemy.moml.MoMLSimpleApplication@74883a65
reloadAllAccessors: .Gravitation

===========================================================================================
----------------- testing Sat Feb 22 07:21:51 UTC 2020 /home/travis/build/icyphy/ptII/ptolemy/domains/sdf/test/auto/GravitationWithCollisionDetection.xml
----------------- Instantiating /home/travis/build/icyphy/ptII/ptolemy/domains/sdf/test/auto/GravitationWithCollisionDetection.xml
6120 ms. Memory: 295936K Free: 179414K (61%)
----------------- Invoking toplevel() on ptolemy.moml.MoMLSimpleApplication@78b379b0
----------------- Done invoking toplevel() on ptolemy.moml.MoMLSimpleApplication@78b379b0
reloadAllAccessors: .GravitationWithCollisionDetection

===========================================================================================
----------------- testing Sat Feb 22 07:21:57 UTC 2020 /home/travis/build/icyphy/ptII/ptolemy/domains/sdf/test/auto/HDF.xml
----------------- Instantiating /home/travis/build/icyphy/ptII/ptolemy/domains/sdf/test/auto/HDF.xml
36 ms. Memory: 295936K Free: 163510K (55%)
----------------- Invoking toplevel() on ptolemy.moml.MoMLSimpleApplication@1d79130
----------------- Done invoking toplevel() on ptolemy.moml.MoMLSimpleApplication@1d79130
reloadAllAccessors: .HDF

===========================================================================================
----------------- testing Sat Feb 22 07:21:57 UTC 2020 /home/travis/build/icyphy/ptII/ptolemy/domains/sdf/test/auto/HDFwithTransientStates.xml
----------------- Instantiating /home/travis/build/icyphy/ptII/ptolemy/domains/sdf/test/auto/HDFwithTransientStates.xml
19 ms. Memory: 295936K Free: 144598K (49%)
----------------- Invoking toplevel() on ptolemy.moml.MoMLSimpleApplication@4dae870
----------------- Done invoking toplevel() on ptolemy.moml.MoMLSimpleApplication@4dae870
reloadAllAccessors: .HDFwithTransientStates

===========================================================================================
----------------- testing Sat Feb 22 07:21:57 UTC 2020 /home/travis/build/icyphy/ptII/ptolemy/domains/sdf/test/auto/HTVQ.xml
----------------- Instantiating /home/travis/build/icyphy/ptII/ptolemy/domains/sdf/test/auto/HTVQ.xml
713 ms. Memory: 295936K Free: 149687K (51%)
----------------- Invoking toplevel() on ptolemy.moml.MoMLSimpleApplication@6b3064ec
----------------- Done invoking toplevel() on ptolemy.moml.MoMLSimpleApplication@6b3064ec
reloadAllAccessors: .HTVQ

===========================================================================================
----------------- testing Sat Feb 22 07:21:58 UTC 2020 /home/travis/build/icyphy/ptII/ptolemy/domains/sdf/test/auto/InferInitProduction.xml
----------------- Instantiating /home/travis/build/icyphy/ptII/ptolemy/domains/sdf/test/auto/InferInitProduction.xml
6 ms. Memory: 295936K Free: 143628K (49%)
----------------- Invoking toplevel() on ptolemy.moml.MoMLSimpleApplication@446b62c1
----------------- Done invoking toplevel() on ptolemy.moml.MoMLSimpleApplication@446b62c1
reloadAllAccessors: .InferInitProduction

===========================================================================================
----------------- testing Sat Feb 22 07:21:58 UTC 2020 /home/travis/build/icyphy/ptII/ptolemy/domains/sdf/test/auto/InferInitProductionDeeper.xml
----------------- Instantiating /home/travis/build/icyphy/ptII/ptolemy/domains/sdf/test/auto/InferInitProductionDeeper.xml
5 ms. Memory: 295936K Free: 138012K (47%)
----------------- Invoking toplevel() on ptolemy.moml.MoMLSimpleApplication@12d5adc4
----------------- Done invoking toplevel() on ptolemy.moml.MoMLSimpleApplication@12d5adc4
reloadAllAccessors: .InferInitProductionDeeper

===========================================================================================
----------------- testing Sat Feb 22 07:21:58 UTC 2020 /home/travis/build/icyphy/ptII/ptolemy/domains/sdf/test/auto/LMSAdaptive.xml
----------------- Instantiating /home/travis/build/icyphy/ptII/ptolemy/domains/sdf/test/auto/LMSAdaptive.xml
14 ms. Memory: 295936K Free: 128282K (43%)
----------------- Invoking toplevel() on ptolemy.moml.MoMLSimpleApplication@3f43dcb
----------------- Done invoking toplevel() on ptolemy.moml.MoMLSimpleApplication@3f43dcb
reloadAllAccessors: .LMSAdaptive

===========================================================================================
----------------- testing Sat Feb 22 07:21:58 UTC 2020 /home/travis/build/icyphy/ptII/ptolemy/domains/sdf/test/auto/LogisticMap.xml
----------------- Instantiating /home/travis/build/icyphy/ptII/ptolemy/domains/sdf/test/auto/LogisticMap.xml
433 ms. Memory: 295936K Free: 122652K (41%)
----------------- Invoking toplevel() on ptolemy.moml.MoMLSimpleApplication@2b78c368
----------------- Done invoking toplevel() on ptolemy.moml.MoMLSimpleApplication@2b78c368
reloadAllAccessors: .LogisticMap

===========================================================================================
----------------- testing Sat Feb 22 07:21:59 UTC 2020 /home/travis/build/icyphy/ptII/ptolemy/domains/sdf/test/auto/MaximumEntropySpectrum.xml
----------------- Instantiating /home/travis/build/icyphy/ptII/ptolemy/domains/sdf/test/auto/MaximumEntropySpectrum.xml
64 ms. Memory: 295936K Free: 234193K (79%)
----------------- Invoking toplevel() on ptolemy.moml.MoMLSimpleApplication@76b6f77e
----------------- Done invoking toplevel() on ptolemy.moml.MoMLSimpleApplication@76b6f77e
reloadAllAccessors: .MaximumEntropySpectrum

===========================================================================================
----------------- testing Sat Feb 22 07:21:59 UTC 2020 /home/travis/build/icyphy/ptII/ptolemy/domains/sdf/test/auto/MultirateSDF.xml
----------------- Instantiating /home/travis/build/icyphy/ptII/ptolemy/domains/sdf/test/auto/MultirateSDF.xml
17 ms. Memory: 295936K Free: 219347K (74%)
----------------- Invoking toplevel() on ptolemy.moml.MoMLSimpleApplication@598123e8
----------------- Done invoking toplevel() on ptolemy.moml.MoMLSimpleApplication@598123e8
reloadAllAccessors: .MultirateSDF

===========================================================================================
----------------- testing Sat Feb 22 07:21:59 UTC 2020 /home/travis/build/icyphy/ptII/ptolemy/domains/sdf/test/auto/MultirateSDFwithTransientStates.xml
----------------- Instantiating /home/travis/build/icyphy/ptII/ptolemy/domains/sdf/test/auto/MultirateSDFwithTransientStates.xml
16 ms. Memory: 295936K Free: 200401K (68%)
----------------- Invoking toplevel() on ptolemy.moml.MoMLSimpleApplication@36e1cf02
----------------- Done invoking toplevel() on ptolemy.moml.MoMLSimpleApplication@36e1cf02
reloadAllAccessors: .MultirateSDFwithTransientStates

===========================================================================================
----------------- testing Sat Feb 22 07:21:59 UTC 2020 /home/travis/build/icyphy/ptII/ptolemy/domains/sdf/test/auto/NoisySinewave.xml
----------------- Instantiating /home/travis/build/icyphy/ptII/ptolemy/domains/sdf/test/auto/NoisySinewave.xml
13 ms. Memory: 295936K Free: 184531K (62%)
----------------- Invoking toplevel() on ptolemy.moml.MoMLSimpleApplication@6252e8fb
----------------- Done invoking toplevel() on ptolemy.moml.MoMLSimpleApplication@6252e8fb
reloadAllAccessors: .NoisySinewave

===========================================================================================
----------------- testing Sat Feb 22 07:21:59 UTC 2020 /home/travis/build/icyphy/ptII/ptolemy/domains/sdf/test/auto/Objects.xml
----------------- Instantiating /home/travis/build/icyphy/ptII/ptolemy/domains/sdf/test/auto/Objects.xml
3 ms. Memory: 295936K Free: 175825K (59%)
----------------- Invoking toplevel() on ptolemy.moml.MoMLSimpleApplication@5559635f
----------------- Done invoking toplevel() on ptolemy.moml.MoMLSimpleApplication@5559635f
reloadAllAccessors: .Objects

===========================================================================================
----------------- testing Sat Feb 22 07:21:59 UTC 2020 /home/travis/build/icyphy/ptII/ptolemy/domains/sdf/test/auto/OrthogonalCom.xml
----------------- Instantiating /home/travis/build/icyphy/ptII/ptolemy/domains/sdf/test/auto/OrthogonalCom.xml
5 ms. Memory: 295936K Free: 167633K (57%)
----------------- Invoking toplevel() on ptolemy.moml.MoMLSimpleApplication@2b7d1290
----------------- Done invoking toplevel() on ptolemy.moml.MoMLSimpleApplication@2b7d1290
reloadAllAccessors: .OrthogonalCom

===========================================================================================
----------------- testing Sat Feb 22 07:21:59 UTC 2020 /home/travis/build/icyphy/ptII/ptolemy/domains/sdf/test/auto/RijndaelEncryption.xml
----------------- Instantiating /home/travis/build/icyphy/ptII/ptolemy/domains/sdf/test/auto/RijndaelEncryption.xml
311 ms. Memory: 355328K Free: 255472K (72%)
----------------- Invoking toplevel() on ptolemy.moml.MoMLSimpleApplication@50fc4fab
----------------- Done invoking toplevel() on ptolemy.moml.MoMLSimpleApplication@50fc4fab
reloadAllAccessors: .RijndaelEncryption

===========================================================================================
----------------- testing Sat Feb 22 07:22:00 UTC 2020 /home/travis/build/icyphy/ptII/ptolemy/domains/sdf/test/auto/SDFEmptyIterations.xml
----------------- Instantiating /home/travis/build/icyphy/ptII/ptolemy/domains/sdf/test/auto/SDFEmptyIterations.xml
7 ms. Memory: 355328K Free: 250338K (70%)
----------------- Invoking toplevel() on ptolemy.moml.MoMLSimpleApplication@27dfbd24
----------------- Done invoking toplevel() on ptolemy.moml.MoMLSimpleApplication@27dfbd24
reloadAllAccessors: .SDFEmptyIterations

===========================================================================================
----------------- testing Sat Feb 22 07:22:00 UTC 2020 /home/travis/build/icyphy/ptII/ptolemy/domains/sdf/test/auto/Spectrum.xml
----------------- Instantiating /home/travis/build/icyphy/ptII/ptolemy/domains/sdf/test/auto/Spectrum.xml
32 ms. Memory: 355328K Free: 225776K (64%)
----------------- Invoking toplevel() on ptolemy.moml.MoMLSimpleApplication@217d939c
----------------- Done invoking toplevel() on ptolemy.moml.MoMLSimpleApplication@217d939c
reloadAllAccessors: .Spectrum

===========================================================================================
----------------- testing Sat Feb 22 07:22:00 UTC 2020 /home/travis/build/icyphy/ptII/ptolemy/domains/sdf/test/auto/de_inside_sdf.xml
----------------- Instantiating /home/travis/build/icyphy/ptII/ptolemy/domains/sdf/test/auto/de_inside_sdf.xml
7 ms. Memory: 355328K Free: 220626K (62%)
----------------- Invoking toplevel() on ptolemy.moml.MoMLSimpleApplication@47b621ef
----------------- Done invoking toplevel() on ptolemy.moml.MoMLSimpleApplication@47b621ef
reloadAllAccessors: .de_inside_sdf

===========================================================================================
----------------- testing Sat Feb 22 07:22:00 UTC 2020 /home/travis/build/icyphy/ptII/ptolemy/domains/sdf/test/auto/disconnectedHierarchicalSDF.xml
----------------- Instantiating /home/travis/build/icyphy/ptII/ptolemy/domains/sdf/test/auto/disconnectedHierarchicalSDF.xml
4 ms. Memory: 355328K Free: 214498K (60%)
----------------- Invoking toplevel() on ptolemy.moml.MoMLSimpleApplication@39365235
----------------- Done invoking toplevel() on ptolemy.moml.MoMLSimpleApplication@39365235
reloadAllAccessors: .disconnectedHierarchicalSDF

===========================================================================================
----------------- testing Sat Feb 22 07:22:00 UTC 2020 /home/travis/build/icyphy/ptII/ptolemy/domains/sdf/test/auto/disconnectedSDF.xml
----------------- Instantiating /home/travis/build/icyphy/ptII/ptolemy/domains/sdf/test/auto/disconnectedSDF.xml
2 ms. Memory: 355328K Free: 210930K (59%)
----------------- Invoking toplevel() on ptolemy.moml.MoMLSimpleApplication@7b9ea8e3
----------------- Done invoking toplevel() on ptolemy.moml.MoMLSimpleApplication@7b9ea8e3
reloadAllAccessors: .disconnectedSDF

===========================================================================================
----------------- testing Sat Feb 22 07:22:00 UTC 2020 /home/travis/build/icyphy/ptII/ptolemy/domains/sdf/test/auto/emptyRefinement.xml
----------------- Instantiating /home/travis/build/icyphy/ptII/ptolemy/domains/sdf/test/auto/emptyRefinement.xml
2 ms. Memory: 355328K Free: 206320K (58%)
----------------- Invoking toplevel() on ptolemy.moml.MoMLSimpleApplication@105c91ab
----------------- Done invoking toplevel() on ptolemy.moml.MoMLSimpleApplication@105c91ab
reloadAllAccessors: .emptyRefinement

===========================================================================================
----------------- testing Sat Feb 22 07:22:00 UTC 2020 /home/travis/build/icyphy/ptII/ptolemy/domains/sdf/test/auto/filePortParameter.xml
----------------- Instantiating /home/travis/build/icyphy/ptII/ptolemy/domains/sdf/test/auto/filePortParameter.xml
6 ms. Memory: 355328K Free: 199152K (56%)
----------------- Invoking toplevel() on ptolemy.moml.MoMLSimpleApplication@15b7b90
----------------- Done invoking toplevel() on ptolemy.moml.MoMLSimpleApplication@15b7b90
reloadAllAccessors: .filePortParameter

===========================================================================================
----------------- testing Sat Feb 22 07:22:00 UTC 2020 /home/travis/build/icyphy/ptII/ptolemy/domains/sdf/test/auto/inferRelationWidth1.xml
----------------- Instantiating /home/travis/build/icyphy/ptII/ptolemy/domains/sdf/test/auto/inferRelationWidth1.xml
2 ms. Memory: 355328K Free: 196080K (55%)
----------------- Invoking toplevel() on ptolemy.moml.MoMLSimpleApplication@974c514
----------------- Done invoking toplevel() on ptolemy.moml.MoMLSimpleApplication@974c514
reloadAllAccessors: .inferRelationWidth1

===========================================================================================
----------------- testing Sat Feb 22 07:22:00 UTC 2020 /home/travis/build/icyphy/ptII/ptolemy/domains/sdf/test/auto/initProductionInference.xml
----------------- Instantiating /home/travis/build/icyphy/ptII/ptolemy/domains/sdf/test/auto/initProductionInference.xml
10 ms. Memory: 355328K Free: 191970K (54%)
----------------- Invoking toplevel() on ptolemy.moml.MoMLSimpleApplication@3890ea1a
----------------- Done invoking toplevel() on ptolemy.moml.MoMLSimpleApplication@3890ea1a
reloadAllAccessors: .initProductionInference

===========================================================================================
----------------- testing Sat Feb 22 07:22:00 UTC 2020 /home/travis/build/icyphy/ptII/ptolemy/domains/sdf/test/auto/relationGroup.xml
----------------- Instantiating /home/travis/build/icyphy/ptII/ptolemy/domains/sdf/test/auto/relationGroup.xml
2 ms. Memory: 355328K Free: 188402K (53%)
----------------- Invoking toplevel() on ptolemy.moml.MoMLSimpleApplication@756abdcc
----------------- Done invoking toplevel() on ptolemy.moml.MoMLSimpleApplication@756abdcc
reloadAllAccessors: .relationGroup

===========================================================================================
----------------- testing Sat Feb 22 07:22:00 UTC 2020 /home/travis/build/icyphy/ptII/ptolemy/domains/sdf/test/auto/relationGroup10.xml
----------------- Instantiating /home/travis/build/icyphy/ptII/ptolemy/domains/sdf/test/auto/relationGroup10.xml
2 ms. Memory: 355328K Free: 185330K (52%)
----------------- Invoking toplevel() on ptolemy.moml.MoMLSimpleApplication@1c98d80c
----------------- Done invoking toplevel() on ptolemy.moml.MoMLSimpleApplication@1c98d80c
reloadAllAccessors: .relationGroup10

===========================================================================================
----------------- testing Sat Feb 22 07:22:00 UTC 2020 /home/travis/build/icyphy/ptII/ptolemy/domains/sdf/test/auto/relationGroup11.xml
----------------- Instantiating /home/travis/build/icyphy/ptII/ptolemy/domains/sdf/test/auto/relationGroup11.xml
2 ms. Memory: 355328K Free: 181744K (51%)
----------------- Invoking toplevel() on ptolemy.moml.MoMLSimpleApplication@31c31ef7
----------------- Done invoking toplevel() on ptolemy.moml.MoMLSimpleApplication@31c31ef7
reloadAllAccessors: .relationGroup11

===========================================================================================
----------------- testing Sat Feb 22 07:22:00 UTC 2020 /home/travis/build/icyphy/ptII/ptolemy/domains/sdf/test/auto/relationGroup12.xml
----------------- Instantiating /home/travis/build/icyphy/ptII/ptolemy/domains/sdf/test/auto/relationGroup12.xml
2 ms. Memory: 355328K Free: 178162K (50%)
----------------- Invoking toplevel() on ptolemy.moml.MoMLSimpleApplication@25f4796
----------------- Done invoking toplevel() on ptolemy.moml.MoMLSimpleApplication@25f4796
reloadAllAccessors: .relationGroup12

===========================================================================================
----------------- testing Sat Feb 22 07:22:00 UTC 2020 /home/travis/build/icyphy/ptII/ptolemy/domains/sdf/test/auto/relationGroup13.xml
----------------- Instantiating /home/travis/build/icyphy/ptII/ptolemy/domains/sdf/test/auto/relationGroup13.xml
7 ms. Memory: 355328K Free: 173042K (49%)
----------------- Invoking toplevel() on ptolemy.moml.MoMLSimpleApplication@75bde35b
----------------- Done invoking toplevel() on ptolemy.moml.MoMLSimpleApplication@75bde35b
reloadAllAccessors: .relationGroup13

===========================================================================================
----------------- testing Sat Feb 22 07:22:00 UTC 2020 /home/travis/build/icyphy/ptII/ptolemy/domains/sdf/test/auto/relationGroup14.xml
----------------- Instantiating /home/travis/build/icyphy/ptII/ptolemy/domains/sdf/test/auto/relationGroup14.xml
2 ms. Memory: 355328K Free: 168432K (47%)
----------------- Invoking toplevel() on ptolemy.moml.MoMLSimpleApplication@1cfb712b
----------------- Done invoking toplevel() on ptolemy.moml.MoMLSimpleApplication@1cfb712b
reloadAllAccessors: .relationGroup14

===========================================================================================
----------------- testing Sat Feb 22 07:22:00 UTC 2020 /home/travis/build/icyphy/ptII/ptolemy/domains/sdf/test/auto/relationGroup15.xml
----------------- Instantiating /home/travis/build/icyphy/ptII/ptolemy/domains/sdf/test/auto/relationGroup15.xml
2 ms. Memory: 355328K Free: 164850K (46%)
----------------- Invoking toplevel() on ptolemy.moml.MoMLSimpleApplication@712c2e3
----------------- Done invoking toplevel() on ptolemy.moml.MoMLSimpleApplication@712c2e3
reloadAllAccessors: .relationGroup15

===========================================================================================
----------------- testing Sat Feb 22 07:22:00 UTC 2020 /home/travis/build/icyphy/ptII/ptolemy/domains/sdf/test/auto/relationGroup2.xml
----------------- Instantiating /home/travis/build/icyphy/ptII/ptolemy/domains/sdf/test/auto/relationGroup2.xml
2 ms. Memory: 355328K Free: 162288K (46%)
----------------- Invoking toplevel() on ptolemy.moml.MoMLSimpleApplication@6a771b15
----------------- Done invoking toplevel() on ptolemy.moml.MoMLSimpleApplication@6a771b15
reloadAllAccessors: .relationGroup2

===========================================================================================
----------------- testing Sat Feb 22 07:22:00 UTC 2020 /home/travis/build/icyphy/ptII/ptolemy/domains/sdf/test/auto/relationGroup3.xml
----------------- Instantiating /home/travis/build/icyphy/ptII/ptolemy/domains/sdf/test/auto/relationGroup3.xml
1 ms. Memory: 355328K Free: 159216K (45%)
----------------- Invoking toplevel() on ptolemy.moml.MoMLSimpleApplication@5b2eb7b
----------------- Done invoking toplevel() on ptolemy.moml.MoMLSimpleApplication@5b2eb7b
reloadAllAccessors: .relationGroup3

===========================================================================================
----------------- testing Sat Feb 22 07:22:00 UTC 2020 /home/travis/build/icyphy/ptII/ptolemy/domains/sdf/test/auto/relationGroup4.xml
----------------- Instantiating /home/travis/build/icyphy/ptII/ptolemy/domains/sdf/test/auto/relationGroup4.xml
6 ms. Memory: 355328K Free: 155090K (44%)
----------------- Invoking toplevel() on ptolemy.moml.MoMLSimpleApplication@38003d9f
----------------- Done invoking toplevel() on ptolemy.moml.MoMLSimpleApplication@38003d9f
reloadAllAccessors: .relationGroup4

===========================================================================================
----------------- testing Sat Feb 22 07:22:00 UTC 2020 /home/travis/build/icyphy/ptII/ptolemy/domains/sdf/test/auto/relationGroup5.xml
----------------- Instantiating /home/travis/build/icyphy/ptII/ptolemy/domains/sdf/test/auto/relationGroup5.xml
2 ms. Memory: 355328K Free: 150514K (42%)
----------------- Invoking toplevel() on ptolemy.moml.MoMLSimpleApplication@39324a16
----------------- Done invoking toplevel() on ptolemy.moml.MoMLSimpleApplication@39324a16
reloadAllAccessors: .relationGroup5

===========================================================================================
----------------- testing Sat Feb 22 07:22:00 UTC 2020 /home/travis/build/icyphy/ptII/ptolemy/domains/sdf/test/auto/relationGroup6.xml
----------------- Instantiating /home/travis/build/icyphy/ptII/ptolemy/domains/sdf/test/auto/relationGroup6.xml
2 ms. Memory: 355328K Free: 145904K (41%)
----------------- Invoking toplevel() on ptolemy.moml.MoMLSimpleApplication@51b20ad
----------------- Done invoking toplevel() on ptolemy.moml.MoMLSimpleApplication@51b20ad
reloadAllAccessors: .relationGroup6

===========================================================================================
----------------- testing Sat Feb 22 07:22:00 UTC 2020 /home/travis/build/icyphy/ptII/ptolemy/domains/sdf/test/auto/relationGroup7.xml
----------------- Instantiating /home/travis/build/icyphy/ptII/ptolemy/domains/sdf/test/auto/relationGroup7.xml
2 ms. Memory: 355328K Free: 142832K (40%)
----------------- Invoking toplevel() on ptolemy.moml.MoMLSimpleApplication@4392e84c
----------------- Done invoking toplevel() on ptolemy.moml.MoMLSimpleApplication@4392e84c
reloadAllAccessors: .relationGroup7

===========================================================================================
----------------- testing Sat Feb 22 07:22:00 UTC 2020 /home/travis/build/icyphy/ptII/ptolemy/domains/sdf/test/auto/relationGroup8.xml
----------------- Instantiating /home/travis/build/icyphy/ptII/ptolemy/domains/sdf/test/auto/relationGroup8.xml
1 ms. Memory: 355328K Free: 139760K (39%)
----------------- Invoking toplevel() on ptolemy.moml.MoMLSimpleApplication@72962e50
----------------- Done invoking toplevel() on ptolemy.moml.MoMLSimpleApplication@72962e50
reloadAllAccessors: .relationGroup8

===========================================================================================
----------------- testing Sat Feb 22 07:22:00 UTC 2020 /home/travis/build/icyphy/ptII/ptolemy/domains/sdf/test/auto/relationGroup9.xml
----------------- Instantiating /home/travis/build/icyphy/ptII/ptolemy/domains/sdf/test/auto/relationGroup9.xml
2 ms. Memory: 355328K Free: 135154K (38%)
----------------- Invoking toplevel() on ptolemy.moml.MoMLSimpleApplication@78118aa4
----------------- Done invoking toplevel() on ptolemy.moml.MoMLSimpleApplication@78118aa4
reloadAllAccessors: .relationGroup9

===========================================================================================
----------------- testing Sat Feb 22 07:22:00 UTC 2020 /home/travis/build/icyphy/ptII/ptolemy/domains/sdf/test/auto/sdf_inside_de.xml
----------------- Instantiating /home/travis/build/icyphy/ptII/ptolemy/domains/sdf/test/auto/sdf_inside_de.xml
10 ms. Memory: 355328K Free: 126448K (36%)
----------------- Invoking toplevel() on ptolemy.moml.MoMLSimpleApplication@74027d63
----------------- Done invoking toplevel() on ptolemy.moml.MoMLSimpleApplication@74027d63
reloadAllAccessors: .sdf_inside_de

===========================================================================================
----------------- testing Sat Feb 22 07:22:00 UTC 2020 /home/travis/build/icyphy/ptII/ptolemy/domains/sdf/test/auto/sdf_inside_pn.xml
----------------- Instantiating /home/travis/build/icyphy/ptII/ptolemy/domains/sdf/test/auto/sdf_inside_pn.xml
43 ms. Memory: 355328K Free: 328726K (93%)
----------------- Invoking toplevel() on ptolemy.moml.MoMLSimpleApplication@1d0b9ae5
----------------- Done invoking toplevel() on ptolemy.moml.MoMLSimpleApplication@1d0b9ae5
reloadAllAccessors: .sdf_inside_pn

===========================================================================================
----------------- testing Sat Feb 22 07:22:00 UTC 2020 /home/travis/build/icyphy/ptII/ptolemy/domains/sdf/test/auto/sdf_sdf1.xml
----------------- Instantiating /home/travis/build/icyphy/ptII/ptolemy/domains/sdf/test/auto/sdf_sdf1.xml
6 ms. Memory: 355328K Free: 322582K (91%)
----------------- Invoking toplevel() on ptolemy.moml.MoMLSimpleApplication@439a9a5f
----------------- Done invoking toplevel() on ptolemy.moml.MoMLSimpleApplication@439a9a5f
reloadAllAccessors: .sdf_sdf1

===========================================================================================
----------------- testing Sat Feb 22 07:22:00 UTC 2020 /home/travis/build/icyphy/ptII/ptolemy/domains/sdf/test/auto/test1.xml
----------------- Instantiating /home/travis/build/icyphy/ptII/ptolemy/domains/sdf/test/auto/test1.xml
3 ms. Memory: 355328K Free: 317462K (89%)
----------------- Invoking toplevel() on ptolemy.moml.MoMLSimpleApplication@487792fa
----------------- Done invoking toplevel() on ptolemy.moml.MoMLSimpleApplication@487792fa
reloadAllAccessors: .test1

===========================================================================================
----------------- testing Sat Feb 22 07:22:00 UTC 2020 /home/travis/build/icyphy/ptII/ptolemy/domains/sdf/test/auto/time1.xml
----------------- Instantiating /home/travis/build/icyphy/ptII/ptolemy/domains/sdf/test/auto/time1.xml
2 ms. Memory: 355328K Free: 313876K (88%)
----------------- Invoking toplevel() on ptolemy.moml.MoMLSimpleApplication@37ae7f60
----------------- Done invoking toplevel() on ptolemy.moml.MoMLSimpleApplication@37ae7f60
reloadAllAccessors: .time1

===========================================================================================
----------------- testing Sat Feb 22 07:22:00 UTC 2020 /home/travis/build/icyphy/ptII/ptolemy/domains/sdf/test/auto/time2.xml
----------------- Instantiating /home/travis/build/icyphy/ptII/ptolemy/domains/sdf/test/auto/time2.xml
2 ms. Memory: 355328K Free: 310294K (87%)
----------------- Invoking toplevel() on ptolemy.moml.MoMLSimpleApplication@20fd8d32
----------------- Done invoking toplevel() on ptolemy.moml.MoMLSimpleApplication@20fd8d32
reloadAllAccessors: .time2

===========================================================================================
----------------- testing Sat Feb 22 07:22:00 UTC 2020 /home/travis/build/icyphy/ptII/ptolemy/domains/sdf/test/auto/time3.xml
----------------- Instantiating /home/travis/build/icyphy/ptII/ptolemy/domains/sdf/test/auto/time3.xml
5 ms. Memory: 355328K Free: 305174K (86%)
----------------- Invoking toplevel() on ptolemy.moml.MoMLSimpleApplication@74421ac0
----------------- Done invoking toplevel() on ptolemy.moml.MoMLSimpleApplication@74421ac0
reloadAllAccessors: .time3

===========================================================================================
----------------- testing Sat Feb 22 07:22:00 UTC 2020 /home/travis/build/icyphy/ptII/ptolemy/domains/sdf/test/auto/time4.xml
----------------- Instantiating /home/travis/build/icyphy/ptII/ptolemy/domains/sdf/test/auto/time4.xml
5 ms. Memory: 355328K Free: 299540K (84%)
----------------- Invoking toplevel() on ptolemy.moml.MoMLSimpleApplication@d86de37
----------------- Done invoking toplevel() on ptolemy.moml.MoMLSimpleApplication@d86de37
reloadAllAccessors: .time4

===========================================================================================
----------------- testing Sat Feb 22 07:22:00 UTC 2020 /home/travis/build/icyphy/ptII/ptolemy/domains/sdf/test/auto/time5.xml
----------------- Instantiating /home/travis/build/icyphy/ptII/ptolemy/domains/sdf/test/auto/time5.xml
4002 ms. Memory: 355328K Free: 295958K (83%)
----------------- Invoking toplevel() on ptolemy.moml.MoMLSimpleApplication@56fd616b
----------------- Done invoking toplevel() on ptolemy.moml.MoMLSimpleApplication@56fd616b
reloadAllAccessors: .time5

===========================================================================================
----------------- testing Sat Feb 22 07:22:04 UTC 2020 /home/travis/build/icyphy/ptII/ptolemy/domains/sdf/test/auto/typeSystem_Const_Integer_smallest_Type.xml
----------------- Instantiating /home/travis/build/icyphy/ptII/ptolemy/domains/sdf/test/auto/typeSystem_Const_Integer_smallest_Type.xml
6 ms. Memory: 355328K Free: 291348K (82%)
----------------- Invoking toplevel() on ptolemy.moml.MoMLSimpleApplication@210ee6ea
----------------- Done invoking toplevel() on ptolemy.moml.MoMLSimpleApplication@210ee6ea
reloadAllAccessors: .typeSystem_Const_Integer_smallest_Type

===========================================================================================
----------------- testing Sat Feb 22 07:22:04 UTC 2020 /home/travis/build/icyphy/ptII/ptolemy/domains/sdf/test/auto/typeSystem_declared_Inports_OutportTypeException.xml
----------------- Instantiating /home/travis/build/icyphy/ptII/ptolemy/domains/sdf/test/auto/typeSystem_declared_Inports_OutportTypeException.xml
.typeSystem_declared_Inports_OutportTypeException.TestExceptionAttribute: initialize() was not invoked, but wrapup() was.  This is unusual, but not always a problem.  For example, exporting JNLP will do this.
10 ms. Memory: 355328K Free: 287252K (81%)
----------------- Invoking toplevel() on ptolemy.moml.MoMLSimpleApplication@8c82778
----------------- Done invoking toplevel() on ptolemy.moml.MoMLSimpleApplication@8c82778
reloadAllAccessors: .typeSystem_declared_Inports_OutportTypeException

===========================================================================================
----------------- testing Sat Feb 22 07:22:04 UTC 2020 /home/travis/build/icyphy/ptII/ptolemy/domains/sdf/test/auto/typeSystem_oneDeclaredInportType_wrongTypeOutport.xml
----------------- Instantiating /home/travis/build/icyphy/ptII/ptolemy/domains/sdf/test/auto/typeSystem_oneDeclaredInportType_wrongTypeOutport.xml
4 ms. Memory: 355328K Free: 283156K (80%)
----------------- Invoking toplevel() on ptolemy.moml.MoMLSimpleApplication@356a8a11
----------------- Done invoking toplevel() on ptolemy.moml.MoMLSimpleApplication@356a8a11
reloadAllAccessors: .typeSystem_oneDeclaredInportType_wrongTypeOutport

===========================================================================================
----------------- testing Sat Feb 22 07:22:05 UTC 2020 /home/travis/build/icyphy/ptII/ptolemy/domains/sdf/test/auto/width.xml
----------------- Instantiating /home/travis/build/icyphy/ptII/ptolemy/domains/sdf/test/auto/width.xml
2 ms. Memory: 355328K Free: 279574K (79%)
----------------- Invoking toplevel() on ptolemy.moml.MoMLSimpleApplication@1c10fa7c
----------------- Done invoking toplevel() on ptolemy.moml.MoMLSimpleApplication@1c10fa7c
reloadAllAccessors: .width

===========================================================================================
----------------- testing Sat Feb 22 07:22:05 UTC 2020 /home/travis/build/icyphy/ptII/ptolemy/domains/sdf/test/auto/width2.xml
----------------- Instantiating /home/travis/build/icyphy/ptII/ptolemy/domains/sdf/test/auto/width2.xml
22 ms. Memory: 355328K Free: 274454K (77%)
----------------- Invoking toplevel() on ptolemy.moml.MoMLSimpleApplication@6a8d06eb
----------------- Done invoking toplevel() on ptolemy.moml.MoMLSimpleApplication@6a8d06eb
reloadAllAccessors: .width2

===========================================================================================
----------------- testing Sat Feb 22 07:22:05 UTC 2020 /home/travis/build/icyphy/ptII/ptolemy/domains/sdf/test/auto/width3.xml
----------------- Instantiating /home/travis/build/icyphy/ptII/ptolemy/domains/sdf/test/auto/width3.xml
22 ms. Memory: 355328K Free: 268820K (76%)
----------------- Invoking toplevel() on ptolemy.moml.MoMLSimpleApplication@76c88bc1
----------------- Done invoking toplevel() on ptolemy.moml.MoMLSimpleApplication@76c88bc1
reloadAllAccessors: .width3
AutoTests.java: About to close Vertx.
AutoTests.java: Vertx closed.
]]></system-out>
  <system-err><![CDATA[java.lang.RuntimeException: Execution failed
	at ptolemy.moml.MoMLSimpleApplication$UnloadThread.run(MoMLSimpleApplication.java:402)
Caused by: ptolemy.actor.sched.NotSchedulableException: No solution exists for the balance equations.
Graph is not consistent under the SDF domain detected on external port .rateConsistency.actor.port2
  in .rateConsistency.SDF Director.Scheduler
	at ptolemy.domains.sdf.kernel.SDFScheduler._propagatePort(SDFScheduler.java:1425)
	at ptolemy.domains.sdf.kernel.SDFScheduler._solveBalanceEquations(SDFScheduler.java:710)
	at ptolemy.domains.sdf.kernel.SDFScheduler._getSchedule(SDFScheduler.java:566)
	at ptolemy.actor.sched.Scheduler.getSchedule(Scheduler.java:189)
	at ptolemy.domains.sdf.kernel.SDFDirector.createSchedule(SDFDirector.java:408)
	at ptolemy.domains.sdf.kernel.SDFDirector.preinitialize(SDFDirector.java:764)
	at ptolemy.actor.CompositeActor.preinitialize(CompositeActor.java:1828)
	at ptolemy.actor.Manager.preinitializeAndResolveTypes(Manager.java:1040)
	at ptolemy.actor.Manager.initialize(Manager.java:710)
	at ptolemy.actor.Manager.execute(Manager.java:356)
	at ptolemy.actor.Manager.run(Manager.java:1263)
	at ptolemy.actor.Manager$PtolemyRunThread.run(Manager.java:1933)
java.lang.RuntimeException: Execution failed
	at ptolemy.moml.MoMLSimpleApplication$UnloadThread.run(MoMLSimpleApplication.java:402)
Caused by: ptolemy.kernel.util.IllegalActionException: Failed to compute schedule:
  in .badRateChanges.typed composite actor.SDF Director
Because:
The SDF rate parameter may change. This is not allowed in SDF models that will be run through the code generator.  If you don't care about code generation, then you might consider setting the allowRateChanges parameter of the SDF director to false.
  in .badRateChanges.typed composite actor.Repeat.output.tokenProductionRate
	at ptolemy.domains.sdf.kernel.SDFDirector.createSchedule(SDFDirector.java:418)
	at ptolemy.domains.sdf.kernel.SDFDirector.preinitialize(SDFDirector.java:764)
	at ptolemy.actor.CompositeActor.preinitialize(CompositeActor.java:1828)
	at ptolemy.actor.Director.preinitialize(Director.java:1302)
	at ptolemy.actor.Director.preinitialize(Director.java:1257)
	at ptolemy.domains.sdf.kernel.SDFDirector.preinitialize(SDFDirector.java:763)
	at ptolemy.actor.CompositeActor.preinitialize(CompositeActor.java:1828)
	at ptolemy.actor.Manager.preinitializeAndResolveTypes(Manager.java:1040)
	at ptolemy.actor.Manager.initialize(Manager.java:710)
	at ptolemy.actor.Manager.execute(Manager.java:356)
	at ptolemy.actor.Manager.run(Manager.java:1263)
	at ptolemy.actor.Manager$PtolemyRunThread.run(Manager.java:1933)
Caused by: ptolemy.kernel.util.IllegalActionException: The SDF rate parameter may change. This is not allowed in SDF models that will be run through the code generator.  If you don't care about code generation, then you might consider setting the allowRateChanges parameter of the SDF director to false.
  in .badRateChanges.typed composite actor.Repeat.output.tokenProductionRate
	at ptolemy.domains.sdf.kernel.SDFScheduler._assertDynamicRateVariable(SDFScheduler.java:931)
	at ptolemy.domains.sdf.kernel.SDFScheduler._checkDynamicRateVariables(SDFScheduler.java:339)
	at ptolemy.domains.sdf.kernel.SDFScheduler._getSchedule(SDFScheduler.java:527)
	at ptolemy.actor.sched.Scheduler.getSchedule(Scheduler.java:189)
	at ptolemy.domains.sdf.kernel.SDFDirector.createSchedule(SDFDirector.java:408)
	... 11 more
java.lang.RuntimeException: Execution failed
	at ptolemy.moml.MoMLSimpleApplication$UnloadThread.run(MoMLSimpleApplication.java:402)
Caused by: ptolemy.kernel.util.IllegalActionException: Failed to compute schedule:
  in .badRateChanges2.typed composite actor.SDF Director
Because:
The SDF rate parameter may change. This is not allowed in SDF models that will be run through the code generator.  If you don't care about code generation, then you might consider setting the allowRateChanges parameter of the SDF director to false.
  in .badRateChanges2.typed composite actor.Repeat.output.tokenProductionRate
	at ptolemy.domains.sdf.kernel.SDFDirector.createSchedule(SDFDirector.java:418)
	at ptolemy.domains.sdf.kernel.SDFDirector.preinitialize(SDFDirector.java:764)
	at ptolemy.actor.CompositeActor.preinitialize(CompositeActor.java:1828)
	at ptolemy.actor.Director.preinitialize(Director.java:1302)
	at ptolemy.actor.Director.preinitialize(Director.java:1257)
	at ptolemy.domains.sdf.kernel.SDFDirector.preinitialize(SDFDirector.java:763)
	at ptolemy.actor.CompositeActor.preinitialize(CompositeActor.java:1828)
	at ptolemy.actor.Manager.preinitializeAndResolveTypes(Manager.java:1040)
	at ptolemy.actor.Manager.initialize(Manager.java:710)
	at ptolemy.actor.Manager.execute(Manager.java:356)
	at ptolemy.actor.Manager.run(Manager.java:1263)
	at ptolemy.actor.Manager$PtolemyRunThread.run(Manager.java:1933)
Caused by: ptolemy.kernel.util.IllegalActionException: The SDF rate parameter may change. This is not allowed in SDF models that will be run through the code generator.  If you don't care about code generation, then you might consider setting the allowRateChanges parameter of the SDF director to false.
  in .badRateChanges2.typed composite actor.Repeat.output.tokenProductionRate
	at ptolemy.domains.sdf.kernel.SDFScheduler._assertDynamicRateVariable(SDFScheduler.java:931)
	at ptolemy.domains.sdf.kernel.SDFScheduler._checkDynamicRateVariables(SDFScheduler.java:339)
	at ptolemy.domains.sdf.kernel.SDFScheduler._getSchedule(SDFScheduler.java:527)
	at ptolemy.actor.sched.Scheduler.getSchedule(Scheduler.java:189)
	at ptolemy.domains.sdf.kernel.SDFDirector.createSchedule(SDFDirector.java:408)
	... 11 more
java.lang.RuntimeException: Execution failed
	at ptolemy.moml.MoMLSimpleApplication$UnloadThread.run(MoMLSimpleApplication.java:402)
Caused by: ptolemy.actor.sched.NotSchedulableException: Actors remain that cannot be scheduled!

There are several possible reasons:
* SDF Graphs with feedback loops should have an actor with a delay in the loop, such as a SampleDelay.
* The SDF director has an "allowDisconnectedGraphs"parameter, which, when true, permits disconnected SDF graphs.
* The token consumption rate and production rates might be mismatched.
Usually, actors produce one token or consume one token on a port.  To produce or consume multiple tokens per firing, add a "tokenConsumptionRate" or "tokenProductionRate" parameter to the appropriate port.
Unscheduled actors:
.partiallyConnected.Const2 
Scheduled actors:
.partiallyConnected.Const 
  in .partiallyConnected.SDF Director.Scheduler
	at ptolemy.domains.sdf.kernel.SDFScheduler._scheduleConnectedActors(SDFScheduler.java:1828)
	at ptolemy.domains.sdf.kernel.SDFScheduler._getSchedule(SDFScheduler.java:587)
	at ptolemy.actor.sched.Scheduler.getSchedule(Scheduler.java:189)
	at ptolemy.domains.sdf.kernel.SDFDirector.createSchedule(SDFDirector.java:408)
	at ptolemy.domains.sdf.kernel.SDFDirector.preinitialize(SDFDirector.java:764)
	at ptolemy.actor.CompositeActor.preinitialize(CompositeActor.java:1828)
	at ptolemy.actor.Manager.preinitializeAndResolveTypes(Manager.java:1040)
	at ptolemy.actor.Manager.initialize(Manager.java:710)
	at ptolemy.actor.Manager.execute(Manager.java:356)
	at ptolemy.actor.Manager.run(Manager.java:1263)
	at ptolemy.actor.Manager$PtolemyRunThread.run(Manager.java:1933)
]]></system-err>
</testsuite>
