<?xml version="1.0" encoding="UTF-8" ?>
<testsuite errors="0" failures="0" hostname="travis-job-0ad88c58-6ab4-4085-94f8-bb87a1f78820" name="ptolemy.domains.continuous.test.junit.JUnitTclTest" skipped="0" tests="156" time="70.292" timestamp="2020-04-07T13:43:17">
  <properties>
[...]
</properties>
  <testcase classname="ptolemy.util.test.junit.TclTests" name="[0] ThereAreNoTclTests (RunTclFile)" time="0.008" />
  <testcase classname="ptolemy.util.test.junit.AutoKnownFailedTests" name="[0] ThereAreNoKnowFailedTests (RunModel)" time="0.008" />
  <testcase classname="ptolemy.util.test.junit.AutoNameArchTests" name="[0] ThereAreNoAutoArchTests (RunModel)" time="0.015" />
  <testcase classname="ptolemy.util.test.junit.AutoTests" name="[0] /home/travis/build/icyphy/ptII/ptolemy/domains/continuous/test/auto/BouncingBall.xml (RunModel)" time="2.907" />
  <testcase classname="ptolemy.util.test.junit.AutoTests" name="[1] /home/travis/build/icyphy/ptII/ptolemy/domains/continuous/test/auto/BouncingBallWithoutGR.xml (RunModel)" time="0.926" />
  <testcase classname="ptolemy.util.test.junit.AutoTests" name="[2] /home/travis/build/icyphy/ptII/ptolemy/domains/continuous/test/auto/Brownian.xml (RunModel)" time="0.096" />
  <testcase classname="ptolemy.util.test.junit.AutoTests" name="[3] /home/travis/build/icyphy/ptII/ptolemy/domains/continuous/test/auto/CarTracking.xml (RunModel)" time="3.794" />
  <testcase classname="ptolemy.util.test.junit.AutoTests" name="[4] /home/travis/build/icyphy/ptII/ptolemy/domains/continuous/test/auto/CartPendulum.xml (RunModel)" time="0.486" />
  <testcase classname="ptolemy.util.test.junit.AutoTests" name="[5] /home/travis/build/icyphy/ptII/ptolemy/domains/continuous/test/auto/CausalityInterface10.xml (RunModel)" time="0.061" />
  <testcase classname="ptolemy.util.test.junit.AutoTests" name="[6] /home/travis/build/icyphy/ptII/ptolemy/domains/continuous/test/auto/CausalityInterface11.xml (RunModel)" time="0.023" />
  <testcase classname="ptolemy.util.test.junit.AutoTests" name="[7] /home/travis/build/icyphy/ptII/ptolemy/domains/continuous/test/auto/CausalityInterface12.xml (RunModel)" time="0.031" />
  <testcase classname="ptolemy.util.test.junit.AutoTests" name="[8] /home/travis/build/icyphy/ptII/ptolemy/domains/continuous/test/auto/CausalityInterface13.xml (RunModel)" time="0.051" />
  <testcase classname="ptolemy.util.test.junit.AutoTests" name="[9] /home/travis/build/icyphy/ptII/ptolemy/domains/continuous/test/auto/CausalityInterface14.xml (RunModel)" time="0.036" />
  <testcase classname="ptolemy.util.test.junit.AutoTests" name="[10] /home/travis/build/icyphy/ptII/ptolemy/domains/continuous/test/auto/CausalityInterface4.xml (RunModel)" time="0.034" />
  <testcase classname="ptolemy.util.test.junit.AutoTests" name="[11] /home/travis/build/icyphy/ptII/ptolemy/domains/continuous/test/auto/CausalityInterface5.xml (RunModel)" time="0.032" />
  <testcase classname="ptolemy.util.test.junit.AutoTests" name="[12] /home/travis/build/icyphy/ptII/ptolemy/domains/continuous/test/auto/CausalityInterface6.xml (RunModel)" time="0.033" />
  <testcase classname="ptolemy.util.test.junit.AutoTests" name="[13] /home/travis/build/icyphy/ptII/ptolemy/domains/continuous/test/auto/CausalityInterface7.xml (RunModel)" time="0.03" />
  <testcase classname="ptolemy.util.test.junit.AutoTests" name="[14] /home/travis/build/icyphy/ptII/ptolemy/domains/continuous/test/auto/CausalityInterface8.xml (RunModel)" time="0.028" />
  <testcase classname="ptolemy.util.test.junit.AutoTests" name="[15] /home/travis/build/icyphy/ptII/ptolemy/domains/continuous/test/auto/CausalityInterface9.xml (RunModel)" time="0.033" />
  <testcase classname="ptolemy.util.test.junit.AutoTests" name="[16] /home/travis/build/icyphy/ptII/ptolemy/domains/continuous/test/auto/CausalityInterfaceFeedback1.xml (RunModel)" time="0.019" />
  <testcase classname="ptolemy.util.test.junit.AutoTests" name="[17] /home/travis/build/icyphy/ptII/ptolemy/domains/continuous/test/auto/CausalityInterfaceFeedback2.xml (RunModel)" time="0.019" />
  <testcase classname="ptolemy.util.test.junit.AutoTests" name="[18] /home/travis/build/icyphy/ptII/ptolemy/domains/continuous/test/auto/CompareWithCurrentTime.xml (RunModel)" time="0.012" />
  <testcase classname="ptolemy.util.test.junit.AutoTests" name="[19] /home/travis/build/icyphy/ptII/ptolemy/domains/continuous/test/auto/ComparedClocks.xml (RunModel)" time="0.066" />
  <testcase classname="ptolemy.util.test.junit.AutoTests" name="[20] /home/travis/build/icyphy/ptII/ptolemy/domains/continuous/test/auto/ContinuousAOCClone.xml (RunModel)" time="2.475" />
  <testcase classname="ptolemy.util.test.junit.AutoTests" name="[21] /home/travis/build/icyphy/ptII/ptolemy/domains/continuous/test/auto/ContinuousClock.xml (RunModel)" time="0.084" />
  <testcase classname="ptolemy.util.test.junit.AutoTests" name="[22] /home/travis/build/icyphy/ptII/ptolemy/domains/continuous/test/auto/ContinuousInContinuous.xml (RunModel)" time="0.075" />
  <testcase classname="ptolemy.util.test.junit.AutoTests" name="[23] /home/travis/build/icyphy/ptII/ptolemy/domains/continuous/test/auto/ContinuousInContinuousInContinuous.xml (RunModel)" time="0.023" />
  <testcase classname="ptolemy.util.test.junit.AutoTests" name="[24] /home/travis/build/icyphy/ptII/ptolemy/domains/continuous/test/auto/ContinuousInDE.xml (RunModel)" time="0.113" />
  <testcase classname="ptolemy.util.test.junit.AutoTests" name="[25] /home/travis/build/icyphy/ptII/ptolemy/domains/continuous/test/auto/ContinuousInDE2.xml (RunModel)" time="0.048" />
  <testcase classname="ptolemy.util.test.junit.AutoTests" name="[26] /home/travis/build/icyphy/ptII/ptolemy/domains/continuous/test/auto/ContinuousInDE3.xml (RunModel)" time="0.048" />
  <testcase classname="ptolemy.util.test.junit.AutoTests" name="[27] /home/travis/build/icyphy/ptII/ptolemy/domains/continuous/test/auto/ContinuousInDE4.xml (RunModel)" time="0.029" />
  <testcase classname="ptolemy.util.test.junit.AutoTests" name="[28] /home/travis/build/icyphy/ptII/ptolemy/domains/continuous/test/auto/ContinuousInDEDifferentRefinements.xml (RunModel)" time="0.102" />
  <testcase classname="ptolemy.util.test.junit.AutoTests" name="[29] /home/travis/build/icyphy/ptII/ptolemy/domains/continuous/test/auto/ContinuousInDEDifferentRefinementsPreemptive.xml (RunModel)" time="0.092" />
  <testcase classname="ptolemy.util.test.junit.AutoTests" name="[30] /home/travis/build/icyphy/ptII/ptolemy/domains/continuous/test/auto/ContinuousInDEInContinuous2.xml (RunModel)" time="0.064" />
  <testcase classname="ptolemy.util.test.junit.AutoTests" name="[31] /home/travis/build/icyphy/ptII/ptolemy/domains/continuous/test/auto/ContinuousInDEInContinuous3.xml (RunModel)" time="0.06" />
  <testcase classname="ptolemy.util.test.junit.AutoTests" name="[32] /home/travis/build/icyphy/ptII/ptolemy/domains/continuous/test/auto/ContinuousInDEInput.xml (RunModel)" time="0.037" />
  <testcase classname="ptolemy.util.test.junit.AutoTests" name="[33] /home/travis/build/icyphy/ptII/ptolemy/domains/continuous/test/auto/ContinuousInDEInput2.xml (RunModel)" time="0.041" />
  <testcase classname="ptolemy.util.test.junit.AutoTests" name="[34] /home/travis/build/icyphy/ptII/ptolemy/domains/continuous/test/auto/ContinuousInDEInput3.xml (RunModel)" time="0.028" />
  <testcase classname="ptolemy.util.test.junit.AutoTests" name="[35] /home/travis/build/icyphy/ptII/ptolemy/domains/continuous/test/auto/ContinuousInDESharingRefinement.xml (RunModel)" time="0.162" />
  <testcase classname="ptolemy.util.test.junit.AutoTests" name="[36] /home/travis/build/icyphy/ptII/ptolemy/domains/continuous/test/auto/ContinuousInDEwithNoPorts.xml (RunModel)" time="0.02" />
  <testcase classname="ptolemy.util.test.junit.AutoTests" name="[37] /home/travis/build/icyphy/ptII/ptolemy/domains/continuous/test/auto/ContinuousInsideDE.xml (RunModel)" time="0.055" />
  <testcase classname="ptolemy.util.test.junit.AutoTests" name="[38] /home/travis/build/icyphy/ptII/ptolemy/domains/continuous/test/auto/ContinuousMerge1.xml (RunModel)" time="0.021" />
  <testcase classname="ptolemy.util.test.junit.AutoTests" name="[39] /home/travis/build/icyphy/ptII/ptolemy/domains/continuous/test/auto/ContinuousMerge2.xml (RunModel)" time="0.048" />
  <testcase classname="ptolemy.util.test.junit.AutoTests" name="[40] /home/travis/build/icyphy/ptII/ptolemy/domains/continuous/test/auto/ContinuousMerge3.xml (RunModel)" time="0.046" />
  <testcase classname="ptolemy.util.test.junit.AutoTests" name="[41] /home/travis/build/icyphy/ptII/ptolemy/domains/continuous/test/auto/ContinuousWithinContinuous.xml (RunModel)" time="0.053" />
  <testcase classname="ptolemy.util.test.junit.AutoTests" name="[42] /home/travis/build/icyphy/ptII/ptolemy/domains/continuous/test/auto/ContinuousWithinContinuous2.xml (RunModel)" time="0.069" />
  <testcase classname="ptolemy.util.test.junit.AutoTests" name="[43] /home/travis/build/icyphy/ptII/ptolemy/domains/continuous/test/auto/ContinuousWithinContinuous3.xml (RunModel)" time="0.029" />
  <testcase classname="ptolemy.util.test.junit.AutoTests" name="[44] /home/travis/build/icyphy/ptII/ptolemy/domains/continuous/test/auto/ContinuousWithinContinuous4.xml (RunModel)" time="0.071" />
  <testcase classname="ptolemy.util.test.junit.AutoTests" name="[45] /home/travis/build/icyphy/ptII/ptolemy/domains/continuous/test/auto/ContinuousWithinContinuous5.xml (RunModel)" time="0.028" />
  <testcase classname="ptolemy.util.test.junit.AutoTests" name="[46] /home/travis/build/icyphy/ptII/ptolemy/domains/continuous/test/auto/ContinuousWithinContinuous6.xml (RunModel)" time="0.023" />
  <testcase classname="ptolemy.util.test.junit.AutoTests" name="[47] /home/travis/build/icyphy/ptII/ptolemy/domains/continuous/test/auto/ContinuousWithinContinuous7.xml (RunModel)" time="0.056" />
  <testcase classname="ptolemy.util.test.junit.AutoTests" name="[48] /home/travis/build/icyphy/ptII/ptolemy/domains/continuous/test/auto/DCMotor.xml (RunModel)" time="13.267" />
  <testcase classname="ptolemy.util.test.junit.AutoTests" name="[49] /home/travis/build/icyphy/ptII/ptolemy/domains/continuous/test/auto/DEInContinuous.xml (RunModel)" time="0.038" />
  <testcase classname="ptolemy.util.test.junit.AutoTests" name="[50] /home/travis/build/icyphy/ptII/ptolemy/domains/continuous/test/auto/DEinContinuous2.xml (RunModel)" time="0.049" />
  <testcase classname="ptolemy.util.test.junit.AutoTests" name="[51] /home/travis/build/icyphy/ptII/ptolemy/domains/continuous/test/auto/Derivative.xml (RunModel)" time="0.196" />
  <testcase classname="ptolemy.util.test.junit.AutoTests" name="[52] /home/travis/build/icyphy/ptII/ptolemy/domains/continuous/test/auto/Derivative1.xml (RunModel)" time="0.054" />
  <testcase classname="ptolemy.util.test.junit.AutoTests" name="[53] /home/travis/build/icyphy/ptII/ptolemy/domains/continuous/test/auto/DiscreteClock.xml (RunModel)" time="0.014" />
  <testcase classname="ptolemy.util.test.junit.AutoTests" name="[54] /home/travis/build/icyphy/ptII/ptolemy/domains/continuous/test/auto/EfficiencyCurve.xml (RunModel)" time="0.093" />
  <testcase classname="ptolemy.util.test.junit.AutoTests" name="[55] /home/travis/build/icyphy/ptII/ptolemy/domains/continuous/test/auto/ExponentialResponse.xml (RunModel)" time="0.112" />
  <testcase classname="ptolemy.util.test.junit.AutoTests" name="[56] /home/travis/build/icyphy/ptII/ptolemy/domains/continuous/test/auto/ExponentialResponseRK45.xml (RunModel)" time="0.036" />
  <testcase classname="ptolemy.util.test.junit.AutoTests" name="[57] /home/travis/build/icyphy/ptII/ptolemy/domains/continuous/test/auto/Friction.xml (RunModel)" time="1.565" />
  <testcase classname="ptolemy.util.test.junit.AutoTests" name="[58] /home/travis/build/icyphy/ptII/ptolemy/domains/continuous/test/auto/FurutaPendulum.xml (RunModel)" time="3.228" />
  <testcase classname="ptolemy.util.test.junit.AutoTests" name="[59] /home/travis/build/icyphy/ptII/ptolemy/domains/continuous/test/auto/HierarchicalExecution.xml (RunModel)" time="2.121" />
  <testcase classname="ptolemy.util.test.junit.AutoTests" name="[60] /home/travis/build/icyphy/ptII/ptolemy/domains/continuous/test/auto/HybridPlant.xml (RunModel)" time="0.577" />
  <testcase classname="ptolemy.util.test.junit.AutoTests" name="[61] /home/travis/build/icyphy/ptII/ptolemy/domains/continuous/test/auto/Hysteresis.xml (RunModel)" time="0.186" />
  <testcase classname="ptolemy.util.test.junit.AutoTests" name="[62] /home/travis/build/icyphy/ptII/ptolemy/domains/continuous/test/auto/HysteresisWithRandomDelay.xml (RunModel)" time="0.239" />
  <testcase classname="ptolemy.util.test.junit.AutoTests" name="[63] /home/travis/build/icyphy/ptII/ptolemy/domains/continuous/test/auto/HysteresisWithRandomLosses.xml (RunModel)" time="2.34" />
  <testcase classname="ptolemy.util.test.junit.AutoTests" name="[64] /home/travis/build/icyphy/ptII/ptolemy/domains/continuous/test/auto/ImmediateTransitions.xml (RunModel)" time="0.038" />
  <testcase classname="ptolemy.util.test.junit.AutoTests" name="[65] /home/travis/build/icyphy/ptII/ptolemy/domains/continuous/test/auto/ImpulseFeedback.xml (RunModel)" time="0.018" />
  <testcase classname="ptolemy.util.test.junit.AutoTests" name="[66] /home/travis/build/icyphy/ptII/ptolemy/domains/continuous/test/auto/ImpulseFeedback2.xml (RunModel)" time="0.017" />
  <testcase classname="ptolemy.util.test.junit.AutoTests" name="[67] /home/travis/build/icyphy/ptII/ptolemy/domains/continuous/test/auto/IncreasingRatePoisson.xml (RunModel)" time="0.695" />
  <testcase classname="ptolemy.util.test.junit.AutoTests" name="[68] /home/travis/build/icyphy/ptII/ptolemy/domains/continuous/test/auto/InitialStateFeedback.xml (RunModel)" time="0.011" />
  <testcase classname="ptolemy.util.test.junit.AutoTests" name="[69] /home/travis/build/icyphy/ptII/ptolemy/domains/continuous/test/auto/Integration.xml (RunModel)" time="0.01" />
  <testcase classname="ptolemy.util.test.junit.AutoTests" name="[70] /home/travis/build/icyphy/ptII/ptolemy/domains/continuous/test/auto/Integration2.xml (RunModel)" time="0.083" />
  <testcase classname="ptolemy.util.test.junit.AutoTests" name="[71] /home/travis/build/icyphy/ptII/ptolemy/domains/continuous/test/auto/Integration3.xml (RunModel)" time="0.023" />
  <testcase classname="ptolemy.util.test.junit.AutoTests" name="[72] /home/travis/build/icyphy/ptII/ptolemy/domains/continuous/test/auto/Integration5.xml (RunModel)" time="0.01" />
  <testcase classname="ptolemy.util.test.junit.AutoTests" name="[73] /home/travis/build/icyphy/ptII/ptolemy/domains/continuous/test/auto/IntegratorImpulse.xml (RunModel)" time="0.008" />
  <testcase classname="ptolemy.util.test.junit.AutoTests" name="[74] /home/travis/build/icyphy/ptII/ptolemy/domains/continuous/test/auto/IntegratorImpulse2.xml (RunModel)" time="0.013" />
  <testcase classname="ptolemy.util.test.junit.AutoTests" name="[75] /home/travis/build/icyphy/ptII/ptolemy/domains/continuous/test/auto/LevelCrossing1.xml (RunModel)" time="0.01" />
  <testcase classname="ptolemy.util.test.junit.AutoTests" name="[76] /home/travis/build/icyphy/ptII/ptolemy/domains/continuous/test/auto/LevelCrossing2.xml (RunModel)" time="0.011" />
  <testcase classname="ptolemy.util.test.junit.AutoTests" name="[77] /home/travis/build/icyphy/ptII/ptolemy/domains/continuous/test/auto/LevelCrossing3.xml (RunModel)" time="0.011" />
  <testcase classname="ptolemy.util.test.junit.AutoTests" name="[78] /home/travis/build/icyphy/ptII/ptolemy/domains/continuous/test/auto/LevelCrossing4.xml (RunModel)" time="0.012" />
  <testcase classname="ptolemy.util.test.junit.AutoTests" name="[79] /home/travis/build/icyphy/ptII/ptolemy/domains/continuous/test/auto/LevelCrossing5.xml (RunModel)" time="0.015" />
  <testcase classname="ptolemy.util.test.junit.AutoTests" name="[80] /home/travis/build/icyphy/ptII/ptolemy/domains/continuous/test/auto/LevelCrossing6.xml (RunModel)" time="0.012" />
  <testcase classname="ptolemy.util.test.junit.AutoTests" name="[81] /home/travis/build/icyphy/ptII/ptolemy/domains/continuous/test/auto/LevelCrossingDetector.xml (RunModel)" time="0.032" />
  <testcase classname="ptolemy.util.test.junit.AutoTests" name="[82] /home/travis/build/icyphy/ptII/ptolemy/domains/continuous/test/auto/LevelCrossingDetectorDetectingDirections.xml (RunModel)" time="0.081" />
  <testcase classname="ptolemy.util.test.junit.AutoTests" name="[83] /home/travis/build/icyphy/ptII/ptolemy/domains/continuous/test/auto/LevelCrossingDetectorDetectsGlitches.xml (RunModel)" time="0.057" />
  <testcase classname="ptolemy.util.test.junit.AutoTests" name="[84] /home/travis/build/icyphy/ptII/ptolemy/domains/continuous/test/auto/LevelCrossingNoInitialOuput.xml (RunModel)" time="0.014" />
  <testcase classname="ptolemy.util.test.junit.AutoTests" name="[85] /home/travis/build/icyphy/ptII/ptolemy/domains/continuous/test/auto/LinearStateSpaceExample.xml (RunModel)" time="0.057" />
  <testcase classname="ptolemy.util.test.junit.AutoTests" name="[86] /home/travis/build/icyphy/ptII/ptolemy/domains/continuous/test/auto/Lorenz.xml (RunModel)" time="3.643" />
  <testcase classname="ptolemy.util.test.junit.AutoTests" name="[87] /home/travis/build/icyphy/ptII/ptolemy/domains/continuous/test/auto/LorenzDifferentialSystem.xml (RunModel)" time="0.967" />
  <testcase classname="ptolemy.util.test.junit.AutoTests" name="[88] /home/travis/build/icyphy/ptII/ptolemy/domains/continuous/test/auto/LorenzDifferentialSystemWithInput.xml (RunModel)" time="1.14" />
  <testcase classname="ptolemy.util.test.junit.AutoTests" name="[89] /home/travis/build/icyphy/ptII/ptolemy/domains/continuous/test/auto/LorenzDifferentialSystemWithTime.xml (RunModel)" time="0.65" />
  <testcase classname="ptolemy.util.test.junit.AutoTests" name="[90] /home/travis/build/icyphy/ptII/ptolemy/domains/continuous/test/auto/Microsteps.xml (RunModel)" time="0.034" />
  <testcase classname="ptolemy.util.test.junit.AutoTests" name="[91] /home/travis/build/icyphy/ptII/ptolemy/domains/continuous/test/auto/Modal1.xml (RunModel)" time="0.038" />
  <testcase classname="ptolemy.util.test.junit.AutoTests" name="[92] /home/travis/build/icyphy/ptII/ptolemy/domains/continuous/test/auto/Modal2.xml (RunModel)" time="0.055" />
  <testcase classname="ptolemy.util.test.junit.AutoTests" name="[93] /home/travis/build/icyphy/ptII/ptolemy/domains/continuous/test/auto/ModalTransitionGuardWithReset.xml (RunModel)" time="0.025" />
  <testcase classname="ptolemy.util.test.junit.AutoTests" name="[94] /home/travis/build/icyphy/ptII/ptolemy/domains/continuous/test/auto/ModalTransitionGuardWithResetUsingPreemptiveTransition.xml (RunModel)" time="0.025" />
  <testcase classname="ptolemy.util.test.junit.AutoTests" name="[95] /home/travis/build/icyphy/ptII/ptolemy/domains/continuous/test/auto/ModalTransitionGuardWithResetUsingPreemptiveTransition2.xml (RunModel)" time="0.021" />
  <testcase classname="ptolemy.util.test.junit.AutoTests" name="[96] /home/travis/build/icyphy/ptII/ptolemy/domains/continuous/test/auto/ModalTransitionGuardWithResetUsingPreemptiveTransition3.xml (RunModel)" time="0.021" />
  <testcase classname="ptolemy.util.test.junit.AutoTests" name="[97] /home/travis/build/icyphy/ptII/ptolemy/domains/continuous/test/auto/NewtonsCradle.xml (RunModel)" time="0.706" />
  <testcase classname="ptolemy.util.test.junit.AutoTests" name="[98] /home/travis/build/icyphy/ptII/ptolemy/domains/continuous/test/auto/NewtonsCradleAnimated.xml (RunModel)" time="1.333" />
  <testcase classname="ptolemy.util.test.junit.AutoTests" name="[99] /home/travis/build/icyphy/ptII/ptolemy/domains/continuous/test/auto/NewtonsCradleComplicated.xml (RunModel)" time="0.975" />
  <testcase classname="ptolemy.util.test.junit.AutoTests" name="[100] /home/travis/build/icyphy/ptII/ptolemy/domains/continuous/test/auto/NewtonsCradleNondeterministic.xml (RunModel)" time="0.7" />
  <testcase classname="ptolemy.util.test.junit.AutoTests" name="[101] /home/travis/build/icyphy/ptII/ptolemy/domains/continuous/test/auto/NewtonsCradlePerfectlyInelastic1.xml (RunModel)" time="1.19" />
  <testcase classname="ptolemy.util.test.junit.AutoTests" name="[102] /home/travis/build/icyphy/ptII/ptolemy/domains/continuous/test/auto/Noise.xml (RunModel)" time="0.176" />
  <testcase classname="ptolemy.util.test.junit.AutoTests" name="[103] /home/travis/build/icyphy/ptII/ptolemy/domains/continuous/test/auto/NoiseSpectrum.xml (RunModel)" time="0.698" />
  <testcase classname="ptolemy.util.test.junit.AutoTests" name="[104] /home/travis/build/icyphy/ptII/ptolemy/domains/continuous/test/auto/ParameterizedNewtonsCradleAnimated.xml (RunModel)" time="0.358" />
  <testcase classname="ptolemy.util.test.junit.AutoTests" name="[105] /home/travis/build/icyphy/ptII/ptolemy/domains/continuous/test/auto/ParameterizedNewtonsCradleAnimatedNondeterministic.xml (RunModel)" time="1.098" />
  <testcase classname="ptolemy.util.test.junit.AutoTests" name="[106] /home/travis/build/icyphy/ptII/ptolemy/domains/continuous/test/auto/Pendulum3D.xml (RunModel)" time="0.184" />
  <testcase classname="ptolemy.util.test.junit.AutoTests" name="[107] /home/travis/build/icyphy/ptII/ptolemy/domains/continuous/test/auto/PeriodicSampler.xml (RunModel)" time="0.015" />
  <testcase classname="ptolemy.util.test.junit.AutoTests" name="[108] /home/travis/build/icyphy/ptII/ptolemy/domains/continuous/test/auto/PeriodicSampler1.xml (RunModel)" time="0.043" />
  <testcase classname="ptolemy.util.test.junit.AutoTests" name="[109] /home/travis/build/icyphy/ptII/ptolemy/domains/continuous/test/auto/PeriodicSampler2.xml (RunModel)" time="0.079" />
  <testcase classname="ptolemy.util.test.junit.AutoTests" name="[110] /home/travis/build/icyphy/ptII/ptolemy/domains/continuous/test/auto/Poisson.xml (RunModel)" time="0.488" />
  <testcase classname="ptolemy.util.test.junit.AutoTests" name="[111] /home/travis/build/icyphy/ptII/ptolemy/domains/continuous/test/auto/PoissonClock.xml (RunModel)" time="0.013" />
  <testcase classname="ptolemy.util.test.junit.AutoTests" name="[112] /home/travis/build/icyphy/ptII/ptolemy/domains/continuous/test/auto/PoissonClock2.xml (RunModel)" time="0.013" />
  <testcase classname="ptolemy.util.test.junit.AutoTests" name="[113] /home/travis/build/icyphy/ptII/ptolemy/domains/continuous/test/auto/PortParameterHierarchy.xml (RunModel)" time="0.025" />
  <testcase classname="ptolemy.util.test.junit.AutoTests" name="[114] /home/travis/build/icyphy/ptII/ptolemy/domains/continuous/test/auto/RandomHybridPlant.xml (RunModel)" time="0.552" />
  <testcase classname="ptolemy.util.test.junit.AutoTests" name="[115] /home/travis/build/icyphy/ptII/ptolemy/domains/continuous/test/auto/ResetTransitionWithStartTime1.xml (RunModel)" time="0.031" />
  <testcase classname="ptolemy.util.test.junit.AutoTests" name="[116] /home/travis/build/icyphy/ptII/ptolemy/domains/continuous/test/auto/ResetTransitionWithStartTime2.xml (RunModel)" time="0.031" />
  <testcase classname="ptolemy.util.test.junit.AutoTests" name="[117] /home/travis/build/icyphy/ptII/ptolemy/domains/continuous/test/auto/ResetTransitionWithStartTime3.xml (RunModel)" time="0.039" />
  <testcase classname="ptolemy.util.test.junit.AutoTests" name="[118] /home/travis/build/icyphy/ptII/ptolemy/domains/continuous/test/auto/ResetTransitionWithStartTime4.xml (RunModel)" time="0.026" />
  <testcase classname="ptolemy.util.test.junit.AutoTests" name="[119] /home/travis/build/icyphy/ptII/ptolemy/domains/continuous/test/auto/ResetTransitionWithStartTime5.xml (RunModel)" time="0.034" />
  <testcase classname="ptolemy.util.test.junit.AutoTests" name="[120] /home/travis/build/icyphy/ptII/ptolemy/domains/continuous/test/auto/ResetTransitionWithStartTime6.xml (RunModel)" time="0.031" />
  <testcase classname="ptolemy.util.test.junit.AutoTests" name="[121] /home/travis/build/icyphy/ptII/ptolemy/domains/continuous/test/auto/SRinContinuous.xml (RunModel)" time="0.019" />
  <testcase classname="ptolemy.util.test.junit.AutoTests" name="[122] /home/travis/build/icyphy/ptII/ptolemy/domains/continuous/test/auto/SampledClocks.xml (RunModel)" time="0.032" />
  <testcase classname="ptolemy.util.test.junit.AutoTests" name="[123] /home/travis/build/icyphy/ptII/ptolemy/domains/continuous/test/auto/Satellite.xml (RunModel)" time="0.647" />
  <testcase classname="ptolemy.util.test.junit.AutoTests" name="[124] /home/travis/build/icyphy/ptII/ptolemy/domains/continuous/test/auto/SigmaDelta.xml (RunModel)" time="2.102" />
  <testcase classname="ptolemy.util.test.junit.AutoTests" name="[125] /home/travis/build/icyphy/ptII/ptolemy/domains/continuous/test/auto/SingleRefinement.xml (RunModel)" time="0.414" />
  <testcase classname="ptolemy.util.test.junit.AutoTests" name="[126] /home/travis/build/icyphy/ptII/ptolemy/domains/continuous/test/auto/SinuBouncingBall.xml (RunModel)" time="0.841" />
  <testcase classname="ptolemy.util.test.junit.AutoTests" name="[127] /home/travis/build/icyphy/ptII/ptolemy/domains/continuous/test/auto/Sinusoid.xml (RunModel)" time="0.018" />
  <testcase classname="ptolemy.util.test.junit.AutoTests" name="[128] /home/travis/build/icyphy/ptII/ptolemy/domains/continuous/test/auto/SinusoidInNoise.xml (RunModel)" time="0.802" />
  <testcase classname="ptolemy.util.test.junit.AutoTests" name="[129] /home/travis/build/icyphy/ptII/ptolemy/domains/continuous/test/auto/SinusoidRK45.xml (RunModel)" time="0.022" />
  <testcase classname="ptolemy.util.test.junit.AutoTests" name="[130] /home/travis/build/icyphy/ptII/ptolemy/domains/continuous/test/auto/SinusoidWithMultipleImpulses.xml (RunModel)" time="0.016" />
  <testcase classname="ptolemy.util.test.junit.AutoTests" name="[131] /home/travis/build/icyphy/ptII/ptolemy/domains/continuous/test/auto/SquareWave.xml (RunModel)" time="0.176" />
  <testcase classname="ptolemy.util.test.junit.AutoTests" name="[132] /home/travis/build/icyphy/ptII/ptolemy/domains/continuous/test/auto/Starmac.xml (RunModel)" time="3.377" />
  <testcase classname="ptolemy.util.test.junit.AutoTests" name="[133] /home/travis/build/icyphy/ptII/ptolemy/domains/continuous/test/auto/StaticUnits.xml (RunModel)" time="2.169" />
  <testcase classname="ptolemy.util.test.junit.AutoTests" name="[134] /home/travis/build/icyphy/ptII/ptolemy/domains/continuous/test/auto/StickyMasses.xml (RunModel)" time="0.192" />
  <testcase classname="ptolemy.util.test.junit.AutoTests" name="[135] /home/travis/build/icyphy/ptII/ptolemy/domains/continuous/test/auto/StopTime.xml (RunModel)" time="0.081" />
  <testcase classname="ptolemy.util.test.junit.AutoTests" name="[136] /home/travis/build/icyphy/ptII/ptolemy/domains/continuous/test/auto/StopTime2.xml (RunModel)" time="0.105" />
  <testcase classname="ptolemy.util.test.junit.AutoTests" name="[137] /home/travis/build/icyphy/ptII/ptolemy/domains/continuous/test/auto/Switch.xml (RunModel)" time="0.097" />
  <testcase classname="ptolemy.util.test.junit.AutoTests" name="[138] /home/travis/build/icyphy/ptII/ptolemy/domains/continuous/test/auto/Thermostat.xml (RunModel)" time="0.269" />
  <testcase classname="ptolemy.util.test.junit.AutoTests" name="[139] /home/travis/build/icyphy/ptII/ptolemy/domains/continuous/test/auto/TimeDelay.xml (RunModel)" time="0.018" />
  <testcase classname="ptolemy.util.test.junit.AutoTests" name="[140] /home/travis/build/icyphy/ptII/ptolemy/domains/continuous/test/auto/TimeDelay2.xml (RunModel)" time="0.029" />
  <testcase classname="ptolemy.util.test.junit.AutoTests" name="[141] /home/travis/build/icyphy/ptII/ptolemy/domains/continuous/test/auto/TimeDelay3.xml (RunModel)" time="0.014" />
  <testcase classname="ptolemy.util.test.junit.AutoTests" name="[142] /home/travis/build/icyphy/ptII/ptolemy/domains/continuous/test/auto/TransferAbsentToInside.xml (RunModel)" time="0.12" />
  <testcase classname="ptolemy.util.test.junit.AutoTests" name="[143] /home/travis/build/icyphy/ptII/ptolemy/domains/continuous/test/auto/Transmission.xml (RunModel)" time="0.845" />
  <testcase classname="ptolemy.util.test.junit.AutoTests" name="[144] /home/travis/build/icyphy/ptII/ptolemy/domains/continuous/test/auto/TriggeredContinuousClock.xml (RunModel)" time="0.061" />
  <testcase classname="ptolemy.util.test.junit.AutoTests" name="[145] /home/travis/build/icyphy/ptII/ptolemy/domains/continuous/test/auto/TwoMachineInfiniteBusControl.xml (RunModel)" time="2.177" />
  <testcase classname="ptolemy.util.test.junit.AutoTests" name="[146] /home/travis/build/icyphy/ptII/ptolemy/domains/continuous/test/auto/V2V.xml (RunModel)" time="0.878" />
  <testcase classname="ptolemy.util.test.junit.AutoTests" name="[147] /home/travis/build/icyphy/ptII/ptolemy/domains/continuous/test/auto/hierarchicalModalModel.xml (RunModel)" time="0.039" />
  <testcase classname="ptolemy.util.test.junit.AutoTests" name="[148] /home/travis/build/icyphy/ptII/ptolemy/domains/continuous/test/auto/hierarchicalModalModel1.xml (RunModel)" time="0.039" />
  <testcase classname="ptolemy.util.test.junit.AutoTests" name="[149] /home/travis/build/icyphy/ptII/ptolemy/domains/continuous/test/auto/hierarchicalModalModel2.xml (RunModel)" time="0.026" />
  <testcase classname="ptolemy.util.test.junit.AutoTests" name="[150] /home/travis/build/icyphy/ptII/ptolemy/domains/continuous/test/auto/hierarchicalModalModel3.xml (RunModel)" time="0.024" />
  <testcase classname="ptolemy.util.test.junit.AutoTests" name="[151] /home/travis/build/icyphy/ptII/ptolemy/domains/continuous/test/auto/hierarchicalModalModel4.xml (RunModel)" time="0.024" />
  <testcase classname="ptolemy.util.test.junit.AutoTests" name="[152] /home/travis/build/icyphy/ptII/ptolemy/domains/continuous/test/auto/junk.xml (RunModel)" time="0.137" />
  <system-out><![CDATA[No tcl tests in /home/travis/build/icyphy/ptII/ptolemy/domains/continuous/test
No auto/knownFailedTests/*.xml tests in /home/travis/build/icyphy/ptII/ptolemy/domains/continuous/test
No auto/linux-amd64/*.xml tests in /home/travis/build/icyphy/ptII/ptolemy/domains/continuous/test
AutoTests.java: About to close Vertx.
AutoTests.java: Vertx closed.

===========================================================================================
----------------- testing Tue Apr 07 13:43:18 UTC 2020 /home/travis/build/icyphy/ptII/ptolemy/domains/continuous/test/auto/BouncingBall.xml
----------------- Instantiating /home/travis/build/icyphy/ptII/ptolemy/domains/continuous/test/auto/BouncingBall.xml
2290 ms. Memory: 155648K Free: 70313K (45%)
----------------- Invoking toplevel() on ptolemy.moml.MoMLSimpleApplication@6aa7021b
----------------- Done invoking toplevel() on ptolemy.moml.MoMLSimpleApplication@6aa7021b
reloadAllAccessors: .BouncingBall

===========================================================================================
----------------- testing Tue Apr 07 13:43:21 UTC 2020 /home/travis/build/icyphy/ptII/ptolemy/domains/continuous/test/auto/BouncingBallWithoutGR.xml
----------------- Instantiating /home/travis/build/icyphy/ptII/ptolemy/domains/continuous/test/auto/BouncingBallWithoutGR.xml
792 ms. Memory: 155648K Free: 70315K (45%)
----------------- Invoking toplevel() on ptolemy.moml.MoMLSimpleApplication@4ed427cd
----------------- Done invoking toplevel() on ptolemy.moml.MoMLSimpleApplication@4ed427cd
reloadAllAccessors: .BouncingBallWithoutGR

===========================================================================================
----------------- testing Tue Apr 07 13:43:22 UTC 2020 /home/travis/build/icyphy/ptII/ptolemy/domains/continuous/test/auto/Brownian.xml
----------------- Instantiating /home/travis/build/icyphy/ptII/ptolemy/domains/continuous/test/auto/Brownian.xml
31 ms. Memory: 155648K Free: 61609K (40%)
----------------- Invoking toplevel() on ptolemy.moml.MoMLSimpleApplication@3a987d88
----------------- Done invoking toplevel() on ptolemy.moml.MoMLSimpleApplication@3a987d88
reloadAllAccessors: .Brownian

===========================================================================================
----------------- testing Tue Apr 07 13:43:22 UTC 2020 /home/travis/build/icyphy/ptII/ptolemy/domains/continuous/test/auto/CarTracking.xml
----------------- Instantiating /home/travis/build/icyphy/ptII/ptolemy/domains/continuous/test/auto/CarTracking.xml
3404 ms. Memory: 225280K Free: 201445K (89%)
----------------- Invoking toplevel() on ptolemy.moml.MoMLSimpleApplication@4fe77039
----------------- Done invoking toplevel() on ptolemy.moml.MoMLSimpleApplication@4fe77039
reloadAllAccessors: .CarTracking

===========================================================================================
----------------- testing Tue Apr 07 13:43:26 UTC 2020 /home/travis/build/icyphy/ptII/ptolemy/domains/continuous/test/auto/CartPendulum.xml
----------------- Instantiating /home/travis/build/icyphy/ptII/ptolemy/domains/continuous/test/auto/CartPendulum.xml
365 ms. Memory: 225280K Free: 107237K (48%)
----------------- Invoking toplevel() on ptolemy.moml.MoMLSimpleApplication@5d6cf28c
----------------- Done invoking toplevel() on ptolemy.moml.MoMLSimpleApplication@5d6cf28c
reloadAllAccessors: .CartPendulum

===========================================================================================
----------------- testing Tue Apr 07 13:43:26 UTC 2020 /home/travis/build/icyphy/ptII/ptolemy/domains/continuous/test/auto/CausalityInterface10.xml
----------------- Instantiating /home/travis/build/icyphy/ptII/ptolemy/domains/continuous/test/auto/CausalityInterface10.xml
7 ms. Memory: 225280K Free: 96997K (43%)
----------------- Invoking toplevel() on ptolemy.moml.MoMLSimpleApplication@387d2154
----------------- Done invoking toplevel() on ptolemy.moml.MoMLSimpleApplication@387d2154
reloadAllAccessors: .CausalityInterface10

===========================================================================================
----------------- testing Tue Apr 07 13:43:26 UTC 2020 /home/travis/build/icyphy/ptII/ptolemy/domains/continuous/test/auto/CausalityInterface11.xml
----------------- Instantiating /home/travis/build/icyphy/ptII/ptolemy/domains/continuous/test/auto/CausalityInterface11.xml
4 ms. Memory: 225280K Free: 90853K (40%)
----------------- Invoking toplevel() on ptolemy.moml.MoMLSimpleApplication@23dade05
----------------- Done invoking toplevel() on ptolemy.moml.MoMLSimpleApplication@23dade05
reloadAllAccessors: .CausalityInterface11

===========================================================================================
----------------- testing Tue Apr 07 13:43:26 UTC 2020 /home/travis/build/icyphy/ptII/ptolemy/domains/continuous/test/auto/CausalityInterface12.xml
----------------- Instantiating /home/travis/build/icyphy/ptII/ptolemy/domains/continuous/test/auto/CausalityInterface12.xml
4 ms. Memory: 225280K Free: 84709K (38%)
----------------- Invoking toplevel() on ptolemy.moml.MoMLSimpleApplication@73d93738
----------------- Done invoking toplevel() on ptolemy.moml.MoMLSimpleApplication@73d93738
reloadAllAccessors: .CausalityInterface12

===========================================================================================
----------------- testing Tue Apr 07 13:43:26 UTC 2020 /home/travis/build/icyphy/ptII/ptolemy/domains/continuous/test/auto/CausalityInterface13.xml
----------------- Instantiating /home/travis/build/icyphy/ptII/ptolemy/domains/continuous/test/auto/CausalityInterface13.xml
5 ms. Memory: 225280K Free: 78565K (35%)
----------------- Invoking toplevel() on ptolemy.moml.MoMLSimpleApplication@182706cc
----------------- Done invoking toplevel() on ptolemy.moml.MoMLSimpleApplication@182706cc
reloadAllAccessors: .CausalityInterface13

===========================================================================================
----------------- testing Tue Apr 07 13:43:26 UTC 2020 /home/travis/build/icyphy/ptII/ptolemy/domains/continuous/test/auto/CausalityInterface14.xml
----------------- Instantiating /home/travis/build/icyphy/ptII/ptolemy/domains/continuous/test/auto/CausalityInterface14.xml
6 ms. Memory: 225280K Free: 206599K (92%)
----------------- Invoking toplevel() on ptolemy.moml.MoMLSimpleApplication@72d77614
----------------- Done invoking toplevel() on ptolemy.moml.MoMLSimpleApplication@72d77614
reloadAllAccessors: .CausalityInterface14

===========================================================================================
----------------- testing Tue Apr 07 13:43:26 UTC 2020 /home/travis/build/icyphy/ptII/ptolemy/domains/continuous/test/auto/CausalityInterface4.xml
----------------- Instantiating /home/travis/build/icyphy/ptII/ptolemy/domains/continuous/test/auto/CausalityInterface4.xml
5 ms. Memory: 225280K Free: 199959K (89%)
----------------- Invoking toplevel() on ptolemy.moml.MoMLSimpleApplication@40fa2887
----------------- Done invoking toplevel() on ptolemy.moml.MoMLSimpleApplication@40fa2887
reloadAllAccessors: .CausalityInterface4

===========================================================================================
----------------- testing Tue Apr 07 13:43:26 UTC 2020 /home/travis/build/icyphy/ptII/ptolemy/domains/continuous/test/auto/CausalityInterface5.xml
----------------- Instantiating /home/travis/build/icyphy/ptII/ptolemy/domains/continuous/test/auto/CausalityInterface5.xml
3 ms. Memory: 225280K Free: 191253K (85%)
----------------- Invoking toplevel() on ptolemy.moml.MoMLSimpleApplication@4b829731
----------------- Done invoking toplevel() on ptolemy.moml.MoMLSimpleApplication@4b829731
reloadAllAccessors: .CausalityInterface5

===========================================================================================
----------------- testing Tue Apr 07 13:43:26 UTC 2020 /home/travis/build/icyphy/ptII/ptolemy/domains/continuous/test/auto/CausalityInterface6.xml
----------------- Instantiating /home/travis/build/icyphy/ptII/ptolemy/domains/continuous/test/auto/CausalityInterface6.xml
9 ms. Memory: 225280K Free: 185623K (82%)
----------------- Invoking toplevel() on ptolemy.moml.MoMLSimpleApplication@2eacf66d
----------------- Done invoking toplevel() on ptolemy.moml.MoMLSimpleApplication@2eacf66d
reloadAllAccessors: .CausalityInterface6

===========================================================================================
----------------- testing Tue Apr 07 13:43:26 UTC 2020 /home/travis/build/icyphy/ptII/ptolemy/domains/continuous/test/auto/CausalityInterface7.xml
----------------- Instantiating /home/travis/build/icyphy/ptII/ptolemy/domains/continuous/test/auto/CausalityInterface7.xml
6 ms. Memory: 225280K Free: 176917K (79%)
----------------- Invoking toplevel() on ptolemy.moml.MoMLSimpleApplication@628fe7cd
----------------- Done invoking toplevel() on ptolemy.moml.MoMLSimpleApplication@628fe7cd
reloadAllAccessors: .CausalityInterface7

===========================================================================================
----------------- testing Tue Apr 07 13:43:26 UTC 2020 /home/travis/build/icyphy/ptII/ptolemy/domains/continuous/test/auto/CausalityInterface8.xml
----------------- Instantiating /home/travis/build/icyphy/ptII/ptolemy/domains/continuous/test/auto/CausalityInterface8.xml
4 ms. Memory: 225280K Free: 167701K (74%)
----------------- Invoking toplevel() on ptolemy.moml.MoMLSimpleApplication@4da44c3c
----------------- Done invoking toplevel() on ptolemy.moml.MoMLSimpleApplication@4da44c3c
reloadAllAccessors: .CausalityInterface8

===========================================================================================
----------------- testing Tue Apr 07 13:43:27 UTC 2020 /home/travis/build/icyphy/ptII/ptolemy/domains/continuous/test/auto/CausalityInterface9.xml
----------------- Instantiating /home/travis/build/icyphy/ptII/ptolemy/domains/continuous/test/auto/CausalityInterface9.xml
4 ms. Memory: 225280K Free: 156951K (70%)
----------------- Invoking toplevel() on ptolemy.moml.MoMLSimpleApplication@3e6cee5
----------------- Done invoking toplevel() on ptolemy.moml.MoMLSimpleApplication@3e6cee5
reloadAllAccessors: .CausalityInterface9

===========================================================================================
----------------- testing Tue Apr 07 13:43:27 UTC 2020 /home/travis/build/icyphy/ptII/ptolemy/domains/continuous/test/auto/CausalityInterfaceFeedback1.xml
----------------- Instantiating /home/travis/build/icyphy/ptII/ptolemy/domains/continuous/test/auto/CausalityInterfaceFeedback1.xml
3 ms. Memory: 225280K Free: 150279K (67%)
----------------- Invoking toplevel() on ptolemy.moml.MoMLSimpleApplication@374c0a8f
----------------- Done invoking toplevel() on ptolemy.moml.MoMLSimpleApplication@374c0a8f
reloadAllAccessors: .CausalityInterfaceFeedback1

===========================================================================================
----------------- testing Tue Apr 07 13:43:27 UTC 2020 /home/travis/build/icyphy/ptII/ptolemy/domains/continuous/test/auto/CausalityInterfaceFeedback2.xml
----------------- Instantiating /home/travis/build/icyphy/ptII/ptolemy/domains/continuous/test/auto/CausalityInterfaceFeedback2.xml
3 ms. Memory: 225280K Free: 143639K (64%)
----------------- Invoking toplevel() on ptolemy.moml.MoMLSimpleApplication@3437e835
----------------- Done invoking toplevel() on ptolemy.moml.MoMLSimpleApplication@3437e835
reloadAllAccessors: .CausalityInterfaceFeedback2

===========================================================================================
----------------- testing Tue Apr 07 13:43:27 UTC 2020 /home/travis/build/icyphy/ptII/ptolemy/domains/continuous/test/auto/CompareWithCurrentTime.xml
----------------- Instantiating /home/travis/build/icyphy/ptII/ptolemy/domains/continuous/test/auto/CompareWithCurrentTime.xml
3 ms. Memory: 225280K Free: 139543K (62%)
----------------- Invoking toplevel() on ptolemy.moml.MoMLSimpleApplication@253eaf0a
----------------- Done invoking toplevel() on ptolemy.moml.MoMLSimpleApplication@253eaf0a
reloadAllAccessors: .CompareWithCurrentTime

===========================================================================================
----------------- testing Tue Apr 07 13:43:27 UTC 2020 /home/travis/build/icyphy/ptII/ptolemy/domains/continuous/test/auto/ComparedClocks.xml
----------------- Instantiating /home/travis/build/icyphy/ptII/ptolemy/domains/continuous/test/auto/ComparedClocks.xml
10 ms. Memory: 225280K Free: 124679K (55%)
----------------- Invoking toplevel() on ptolemy.moml.MoMLSimpleApplication@1c4d4735
----------------- Done invoking toplevel() on ptolemy.moml.MoMLSimpleApplication@1c4d4735
reloadAllAccessors: .ComparedClocks

===========================================================================================
----------------- testing Tue Apr 07 13:43:27 UTC 2020 /home/travis/build/icyphy/ptII/ptolemy/domains/continuous/test/auto/ContinuousAOCClone.xml
----------------- Instantiating /home/travis/build/icyphy/ptII/ptolemy/domains/continuous/test/auto/ContinuousAOCClone.xml
2190 ms. Memory: 270336K Free: 247458K (92%)
----------------- Invoking toplevel() on ptolemy.moml.MoMLSimpleApplication@d318cb6
----------------- Done invoking toplevel() on ptolemy.moml.MoMLSimpleApplication@d318cb6
reloadAllAccessors: .ContinuousAOCClone

===========================================================================================
----------------- testing Tue Apr 07 13:43:29 UTC 2020 /home/travis/build/icyphy/ptII/ptolemy/domains/continuous/test/auto/ContinuousClock.xml
----------------- Instantiating /home/travis/build/icyphy/ptII/ptolemy/domains/continuous/test/auto/ContinuousClock.xml
27 ms. Memory: 270336K Free: 225440K (83%)
----------------- Invoking toplevel() on ptolemy.moml.MoMLSimpleApplication@643c5483
----------------- Done invoking toplevel() on ptolemy.moml.MoMLSimpleApplication@643c5483
reloadAllAccessors: .ContinuousClock

===========================================================================================
----------------- testing Tue Apr 07 13:43:29 UTC 2020 /home/travis/build/icyphy/ptII/ptolemy/domains/continuous/test/auto/ContinuousInContinuous.xml
----------------- Instantiating /home/travis/build/icyphy/ptII/ptolemy/domains/continuous/test/auto/ContinuousInContinuous.xml
37 ms. Memory: 270336K Free: 201874K (75%)
----------------- Invoking toplevel() on ptolemy.moml.MoMLSimpleApplication@60c5a877
----------------- Done invoking toplevel() on ptolemy.moml.MoMLSimpleApplication@60c5a877
reloadAllAccessors: .ContinuousInContinuous

===========================================================================================
----------------- testing Tue Apr 07 13:43:29 UTC 2020 /home/travis/build/icyphy/ptII/ptolemy/domains/continuous/test/auto/ContinuousInContinuousInContinuous.xml
----------------- Instantiating /home/travis/build/icyphy/ptII/ptolemy/domains/continuous/test/auto/ContinuousInContinuousInContinuous.xml
7 ms. Memory: 270336K Free: 193696K (72%)
----------------- Invoking toplevel() on ptolemy.moml.MoMLSimpleApplication@57937502
----------------- Done invoking toplevel() on ptolemy.moml.MoMLSimpleApplication@57937502
reloadAllAccessors: .ContinuousInContinuousInContinuous

===========================================================================================
----------------- testing Tue Apr 07 13:43:29 UTC 2020 /home/travis/build/icyphy/ptII/ptolemy/domains/continuous/test/auto/ContinuousInDE.xml
----------------- Instantiating /home/travis/build/icyphy/ptII/ptolemy/domains/continuous/test/auto/ContinuousInDE.xml
88 ms. Memory: 270336K Free: 182946K (68%)
----------------- Invoking toplevel() on ptolemy.moml.MoMLSimpleApplication@62516006
----------------- Done invoking toplevel() on ptolemy.moml.MoMLSimpleApplication@62516006
reloadAllAccessors: .ContinuousInDE

===========================================================================================
----------------- testing Tue Apr 07 13:43:29 UTC 2020 /home/travis/build/icyphy/ptII/ptolemy/domains/continuous/test/auto/ContinuousInDE2.xml
----------------- Instantiating /home/travis/build/icyphy/ptII/ptolemy/domains/continuous/test/auto/ContinuousInDE2.xml
32 ms. Memory: 270336K Free: 173730K (64%)
----------------- Invoking toplevel() on ptolemy.moml.MoMLSimpleApplication@4089df46
----------------- Done invoking toplevel() on ptolemy.moml.MoMLSimpleApplication@4089df46
reloadAllAccessors: .ContinuousInDE2

===========================================================================================
----------------- testing Tue Apr 07 13:43:30 UTC 2020 /home/travis/build/icyphy/ptII/ptolemy/domains/continuous/test/auto/ContinuousInDE3.xml
----------------- Instantiating /home/travis/build/icyphy/ptII/ptolemy/domains/continuous/test/auto/ContinuousInDE3.xml
31 ms. Memory: 270336K Free: 164514K (61%)
----------------- Invoking toplevel() on ptolemy.moml.MoMLSimpleApplication@be4bc5e
----------------- Done invoking toplevel() on ptolemy.moml.MoMLSimpleApplication@be4bc5e
reloadAllAccessors: .ContinuousInDE3

===========================================================================================
----------------- testing Tue Apr 07 13:43:30 UTC 2020 /home/travis/build/icyphy/ptII/ptolemy/domains/continuous/test/auto/ContinuousInDE4.xml
----------------- Instantiating /home/travis/build/icyphy/ptII/ptolemy/domains/continuous/test/auto/ContinuousInDE4.xml
11 ms. Memory: 270336K Free: 158370K (59%)
----------------- Invoking toplevel() on ptolemy.moml.MoMLSimpleApplication@4002a106
----------------- Done invoking toplevel() on ptolemy.moml.MoMLSimpleApplication@4002a106
reloadAllAccessors: .ContinuousInDE4

===========================================================================================
----------------- testing Tue Apr 07 13:43:30 UTC 2020 /home/travis/build/icyphy/ptII/ptolemy/domains/continuous/test/auto/ContinuousInDEDifferentRefinements.xml
----------------- Instantiating /home/travis/build/icyphy/ptII/ptolemy/domains/continuous/test/auto/ContinuousInDEDifferentRefinements.xml
51 ms. Memory: 270336K Free: 127122K (47%)
----------------- Invoking toplevel() on ptolemy.moml.MoMLSimpleApplication@672bb09f
----------------- Done invoking toplevel() on ptolemy.moml.MoMLSimpleApplication@672bb09f
reloadAllAccessors: .ContinuousInDEDifferentRefinements

===========================================================================================
----------------- testing Tue Apr 07 13:43:30 UTC 2020 /home/travis/build/icyphy/ptII/ptolemy/domains/continuous/test/auto/ContinuousInDEDifferentRefinementsPreemptive.xml
----------------- Instantiating /home/travis/build/icyphy/ptII/ptolemy/domains/continuous/test/auto/ContinuousInDEDifferentRefinementsPreemptive.xml
49 ms. Memory: 270336K Free: 96416K (36%)
----------------- Invoking toplevel() on ptolemy.moml.MoMLSimpleApplication@4989bf2a
----------------- Done invoking toplevel() on ptolemy.moml.MoMLSimpleApplication@4989bf2a
reloadAllAccessors: .ContinuousInDEDifferentRefinementsPreemptive

===========================================================================================
----------------- testing Tue Apr 07 13:43:30 UTC 2020 /home/travis/build/icyphy/ptII/ptolemy/domains/continuous/test/auto/ContinuousInDEInContinuous2.xml
----------------- Instantiating /home/travis/build/icyphy/ptII/ptolemy/domains/continuous/test/auto/ContinuousInDEInContinuous2.xml
36 ms. Memory: 324608K Free: 299674K (92%)
----------------- Invoking toplevel() on ptolemy.moml.MoMLSimpleApplication@58e90a
----------------- Done invoking toplevel() on ptolemy.moml.MoMLSimpleApplication@58e90a
reloadAllAccessors: .ContinuousInDEInContinuous2

===========================================================================================
----------------- testing Tue Apr 07 13:43:30 UTC 2020 /home/travis/build/icyphy/ptII/ptolemy/domains/continuous/test/auto/ContinuousInDEInContinuous3.xml
----------------- Instantiating /home/travis/build/icyphy/ptII/ptolemy/domains/continuous/test/auto/ContinuousInDEInContinuous3.xml
33 ms. Memory: 324608K Free: 287386K (89%)
----------------- Invoking toplevel() on ptolemy.moml.MoMLSimpleApplication@11fdbf9d
----------------- Done invoking toplevel() on ptolemy.moml.MoMLSimpleApplication@11fdbf9d
reloadAllAccessors: .ContinuousInDEInContinuous3

===========================================================================================
----------------- testing Tue Apr 07 13:43:30 UTC 2020 /home/travis/build/icyphy/ptII/ptolemy/domains/continuous/test/auto/ContinuousInDEInput.xml
----------------- Instantiating /home/travis/build/icyphy/ptII/ptolemy/domains/continuous/test/auto/ContinuousInDEInput.xml
13 ms. Memory: 324608K Free: 280218K (86%)
----------------- Invoking toplevel() on ptolemy.moml.MoMLSimpleApplication@31af67d2
----------------- Done invoking toplevel() on ptolemy.moml.MoMLSimpleApplication@31af67d2
reloadAllAccessors: .ContinuousInDEInput

===========================================================================================
----------------- testing Tue Apr 07 13:43:30 UTC 2020 /home/travis/build/icyphy/ptII/ptolemy/domains/continuous/test/auto/ContinuousInDEInput2.xml
----------------- Instantiating /home/travis/build/icyphy/ptII/ptolemy/domains/continuous/test/auto/ContinuousInDEInput2.xml
10 ms. Memory: 324608K Free: 273050K (84%)
----------------- Invoking toplevel() on ptolemy.moml.MoMLSimpleApplication@77b250b4
----------------- Done invoking toplevel() on ptolemy.moml.MoMLSimpleApplication@77b250b4
reloadAllAccessors: .ContinuousInDEInput2

===========================================================================================
----------------- testing Tue Apr 07 13:43:30 UTC 2020 /home/travis/build/icyphy/ptII/ptolemy/domains/continuous/test/auto/ContinuousInDEInput3.xml
----------------- Instantiating /home/travis/build/icyphy/ptII/ptolemy/domains/continuous/test/auto/ContinuousInDEInput3.xml
11 ms. Memory: 324608K Free: 265882K (82%)
----------------- Invoking toplevel() on ptolemy.moml.MoMLSimpleApplication@436081c7
----------------- Done invoking toplevel() on ptolemy.moml.MoMLSimpleApplication@436081c7
reloadAllAccessors: .ContinuousInDEInput3

===========================================================================================
----------------- testing Tue Apr 07 13:43:30 UTC 2020 /home/travis/build/icyphy/ptII/ptolemy/domains/continuous/test/auto/ContinuousInDESharingRefinement.xml
----------------- Instantiating /home/travis/build/icyphy/ptII/ptolemy/domains/continuous/test/auto/ContinuousInDESharingRefinement.xml
130 ms. Memory: 324608K Free: 171659K (53%)
----------------- Invoking toplevel() on ptolemy.moml.MoMLSimpleApplication@5ee74dcb
----------------- Done invoking toplevel() on ptolemy.moml.MoMLSimpleApplication@5ee74dcb
reloadAllAccessors: .ContinuousInDESharingRefinement

===========================================================================================
----------------- testing Tue Apr 07 13:43:30 UTC 2020 /home/travis/build/icyphy/ptII/ptolemy/domains/continuous/test/auto/ContinuousInDEwithNoPorts.xml
----------------- Instantiating /home/travis/build/icyphy/ptII/ptolemy/domains/continuous/test/auto/ContinuousInDEwithNoPorts.xml
2 ms. Memory: 324608K Free: 167547K (52%)
----------------- Invoking toplevel() on ptolemy.moml.MoMLSimpleApplication@17208ed6
----------------- Done invoking toplevel() on ptolemy.moml.MoMLSimpleApplication@17208ed6
reloadAllAccessors: .ContinuousInDEwithNoPorts

===========================================================================================
----------------- testing Tue Apr 07 13:43:30 UTC 2020 /home/travis/build/icyphy/ptII/ptolemy/domains/continuous/test/auto/ContinuousInsideDE.xml
----------------- Instantiating /home/travis/build/icyphy/ptII/ptolemy/domains/continuous/test/auto/ContinuousInsideDE.xml
25 ms. Memory: 324608K Free: 155804K (48%)
----------------- Invoking toplevel() on ptolemy.moml.MoMLSimpleApplication@68503be0
----------------- Done invoking toplevel() on ptolemy.moml.MoMLSimpleApplication@68503be0
reloadAllAccessors: .ContinuousInsideDE

===========================================================================================
----------------- testing Tue Apr 07 13:43:30 UTC 2020 /home/travis/build/icyphy/ptII/ptolemy/domains/continuous/test/auto/ContinuousMerge1.xml
----------------- Instantiating /home/travis/build/icyphy/ptII/ptolemy/domains/continuous/test/auto/ContinuousMerge1.xml
2 ms. Memory: 324608K Free: 151179K (47%)
----------------- Invoking toplevel() on ptolemy.moml.MoMLSimpleApplication@5ab5a3b5
----------------- Done invoking toplevel() on ptolemy.moml.MoMLSimpleApplication@5ab5a3b5
reloadAllAccessors: .ContinuousMerge1

===========================================================================================
----------------- testing Tue Apr 07 13:43:30 UTC 2020 /home/travis/build/icyphy/ptII/ptolemy/domains/continuous/test/auto/ContinuousMerge2.xml
----------------- Instantiating /home/travis/build/icyphy/ptII/ptolemy/domains/continuous/test/auto/ContinuousMerge2.xml
19 ms. Memory: 324608K Free: 140954K (43%)
----------------- Invoking toplevel() on ptolemy.moml.MoMLSimpleApplication@195465e1
----------------- Done invoking toplevel() on ptolemy.moml.MoMLSimpleApplication@195465e1
reloadAllAccessors: .ContinuousMerge2

===========================================================================================
----------------- testing Tue Apr 07 13:43:30 UTC 2020 /home/travis/build/icyphy/ptII/ptolemy/domains/continuous/test/auto/ContinuousMerge3.xml
----------------- Instantiating /home/travis/build/icyphy/ptII/ptolemy/domains/continuous/test/auto/ContinuousMerge3.xml
33 ms. Memory: 324608K Free: 130204K (40%)
----------------- Invoking toplevel() on ptolemy.moml.MoMLSimpleApplication@2c40ea6
----------------- Done invoking toplevel() on ptolemy.moml.MoMLSimpleApplication@2c40ea6
reloadAllAccessors: .ContinuousMerge3

===========================================================================================
----------------- testing Tue Apr 07 13:43:30 UTC 2020 /home/travis/build/icyphy/ptII/ptolemy/domains/continuous/test/auto/ContinuousWithinContinuous.xml
----------------- Instantiating /home/travis/build/icyphy/ptII/ptolemy/domains/continuous/test/auto/ContinuousWithinContinuous.xml
29 ms. Memory: 324608K Free: 121498K (37%)
----------------- Invoking toplevel() on ptolemy.moml.MoMLSimpleApplication@491adbd7
----------------- Done invoking toplevel() on ptolemy.moml.MoMLSimpleApplication@491adbd7
reloadAllAccessors: .ContinuousWithinContinuous

===========================================================================================
----------------- testing Tue Apr 07 13:43:30 UTC 2020 /home/travis/build/icyphy/ptII/ptolemy/domains/continuous/test/auto/ContinuousWithinContinuous2.xml
----------------- Instantiating /home/travis/build/icyphy/ptII/ptolemy/domains/continuous/test/auto/ContinuousWithinContinuous2.xml
56 ms. Memory: 324608K Free: 303918K (94%)
----------------- Invoking toplevel() on ptolemy.moml.MoMLSimpleApplication@70cf9bbe
----------------- Done invoking toplevel() on ptolemy.moml.MoMLSimpleApplication@70cf9bbe
reloadAllAccessors: .ContinuousWithinContinuous2

===========================================================================================
----------------- testing Tue Apr 07 13:43:31 UTC 2020 /home/travis/build/icyphy/ptII/ptolemy/domains/continuous/test/auto/ContinuousWithinContinuous3.xml
----------------- Instantiating /home/travis/build/icyphy/ptII/ptolemy/domains/continuous/test/auto/ContinuousWithinContinuous3.xml
14 ms. Memory: 324608K Free: 296770K (91%)
----------------- Invoking toplevel() on ptolemy.moml.MoMLSimpleApplication@1daf4e8b
----------------- Done invoking toplevel() on ptolemy.moml.MoMLSimpleApplication@1daf4e8b
reloadAllAccessors: .ContinuousWithinContinuous3

===========================================================================================
----------------- testing Tue Apr 07 13:43:31 UTC 2020 /home/travis/build/icyphy/ptII/ptolemy/domains/continuous/test/auto/ContinuousWithinContinuous4.xml
----------------- Instantiating /home/travis/build/icyphy/ptII/ptolemy/domains/continuous/test/auto/ContinuousWithinContinuous4.xml
54 ms. Memory: 324608K Free: 284996K (88%)
----------------- Invoking toplevel() on ptolemy.moml.MoMLSimpleApplication@5f039286
----------------- Done invoking toplevel() on ptolemy.moml.MoMLSimpleApplication@5f039286
reloadAllAccessors: .ContinuousWithinContinuous4

===========================================================================================
----------------- testing Tue Apr 07 13:43:31 UTC 2020 /home/travis/build/icyphy/ptII/ptolemy/domains/continuous/test/auto/ContinuousWithinContinuous5.xml
----------------- Instantiating /home/travis/build/icyphy/ptII/ptolemy/domains/continuous/test/auto/ContinuousWithinContinuous5.xml
11 ms. Memory: 324608K Free: 277314K (85%)
----------------- Invoking toplevel() on ptolemy.moml.MoMLSimpleApplication@3b5698d7
----------------- Done invoking toplevel() on ptolemy.moml.MoMLSimpleApplication@3b5698d7
reloadAllAccessors: .ContinuousWithinContinuous5

===========================================================================================
----------------- testing Tue Apr 07 13:43:31 UTC 2020 /home/travis/build/icyphy/ptII/ptolemy/domains/continuous/test/auto/ContinuousWithinContinuous6.xml
----------------- Instantiating /home/travis/build/icyphy/ptII/ptolemy/domains/continuous/test/auto/ContinuousWithinContinuous6.xml
9 ms. Memory: 324608K Free: 270660K (83%)
----------------- Invoking toplevel() on ptolemy.moml.MoMLSimpleApplication@2ae78277
----------------- Done invoking toplevel() on ptolemy.moml.MoMLSimpleApplication@2ae78277
reloadAllAccessors: .ContinuousWithinContinuous6

===========================================================================================
----------------- testing Tue Apr 07 13:43:31 UTC 2020 /home/travis/build/icyphy/ptII/ptolemy/domains/continuous/test/auto/ContinuousWithinContinuous7.xml
----------------- Instantiating /home/travis/build/icyphy/ptII/ptolemy/domains/continuous/test/auto/ContinuousWithinContinuous7.xml
45 ms. Memory: 324608K Free: 259396K (80%)
----------------- Invoking toplevel() on ptolemy.moml.MoMLSimpleApplication@78f695ac
----------------- Done invoking toplevel() on ptolemy.moml.MoMLSimpleApplication@78f695ac
reloadAllAccessors: .ContinuousWithinContinuous7

===========================================================================================
----------------- testing Tue Apr 07 13:43:31 UTC 2020 /home/travis/build/icyphy/ptII/ptolemy/domains/continuous/test/auto/DCMotor.xml
----------------- Instantiating /home/travis/build/icyphy/ptII/ptolemy/domains/continuous/test/auto/DCMotor.xml
13202 ms. Memory: 324608K Free: 288542K (89%)
----------------- Invoking toplevel() on ptolemy.moml.MoMLSimpleApplication@2e3bba47
----------------- Done invoking toplevel() on ptolemy.moml.MoMLSimpleApplication@2e3bba47
reloadAllAccessors: .DCMotor

===========================================================================================
----------------- testing Tue Apr 07 13:43:44 UTC 2020 /home/travis/build/icyphy/ptII/ptolemy/domains/continuous/test/auto/DEInContinuous.xml
----------------- Instantiating /home/travis/build/icyphy/ptII/ptolemy/domains/continuous/test/auto/DEInContinuous.xml
7 ms. Memory: 324608K Free: 282398K (87%)
----------------- Invoking toplevel() on ptolemy.moml.MoMLSimpleApplication@7f12ced4
----------------- Done invoking toplevel() on ptolemy.moml.MoMLSimpleApplication@7f12ced4
reloadAllAccessors: .DEInContinuous

===========================================================================================
----------------- testing Tue Apr 07 13:43:44 UTC 2020 /home/travis/build/icyphy/ptII/ptolemy/domains/continuous/test/auto/DEinContinuous2.xml
----------------- Instantiating /home/travis/build/icyphy/ptII/ptolemy/domains/continuous/test/auto/DEinContinuous2.xml
12 ms. Memory: 324608K Free: 274206K (84%)
----------------- Invoking toplevel() on ptolemy.moml.MoMLSimpleApplication@33cc6bda
----------------- Done invoking toplevel() on ptolemy.moml.MoMLSimpleApplication@33cc6bda
reloadAllAccessors: .DEinContinuous2

===========================================================================================
----------------- testing Tue Apr 07 13:43:44 UTC 2020 /home/travis/build/icyphy/ptII/ptolemy/domains/continuous/test/auto/Derivative.xml
----------------- Instantiating /home/travis/build/icyphy/ptII/ptolemy/domains/continuous/test/auto/Derivative.xml
142 ms. Memory: 324608K Free: 245020K (75%)
----------------- Invoking toplevel() on ptolemy.moml.MoMLSimpleApplication@22cb949b
----------------- Done invoking toplevel() on ptolemy.moml.MoMLSimpleApplication@22cb949b
reloadAllAccessors: .Derivative2

===========================================================================================
----------------- testing Tue Apr 07 13:43:44 UTC 2020 /home/travis/build/icyphy/ptII/ptolemy/domains/continuous/test/auto/Derivative1.xml
----------------- Instantiating /home/travis/build/icyphy/ptII/ptolemy/domains/continuous/test/auto/Derivative1.xml
23 ms. Memory: 324608K Free: 230684K (71%)
----------------- Invoking toplevel() on ptolemy.moml.MoMLSimpleApplication@4790308
----------------- Done invoking toplevel() on ptolemy.moml.MoMLSimpleApplication@4790308
reloadAllAccessors: .Derivative1

===========================================================================================
----------------- testing Tue Apr 07 13:43:44 UTC 2020 /home/travis/build/icyphy/ptII/ptolemy/domains/continuous/test/auto/DiscreteClock.xml
----------------- Instantiating /home/travis/build/icyphy/ptII/ptolemy/domains/continuous/test/auto/DiscreteClock.xml
4 ms. Memory: 324608K Free: 225564K (69%)
----------------- Invoking toplevel() on ptolemy.moml.MoMLSimpleApplication@16698e75
----------------- Done invoking toplevel() on ptolemy.moml.MoMLSimpleApplication@16698e75
reloadAllAccessors: .DiscreteClock

===========================================================================================
----------------- testing Tue Apr 07 13:43:44 UTC 2020 /home/travis/build/icyphy/ptII/ptolemy/domains/continuous/test/auto/EfficiencyCurve.xml
----------------- Instantiating /home/travis/build/icyphy/ptII/ptolemy/domains/continuous/test/auto/EfficiencyCurve.xml
56 ms. Memory: 324608K Free: 216348K (67%)
----------------- Invoking toplevel() on ptolemy.moml.MoMLSimpleApplication@7a3795e7
----------------- Done invoking toplevel() on ptolemy.moml.MoMLSimpleApplication@7a3795e7
reloadAllAccessors: .EfficiencyCurve

===========================================================================================
----------------- testing Tue Apr 07 13:43:44 UTC 2020 /home/travis/build/icyphy/ptII/ptolemy/domains/continuous/test/auto/ExponentialResponse.xml
----------------- Instantiating /home/travis/build/icyphy/ptII/ptolemy/domains/continuous/test/auto/ExponentialResponse.xml
103 ms. Memory: 324608K Free: 200478K (62%)
----------------- Invoking toplevel() on ptolemy.moml.MoMLSimpleApplication@4a342dc3
----------------- Done invoking toplevel() on ptolemy.moml.MoMLSimpleApplication@4a342dc3
reloadAllAccessors: .ExponentialResponse

===========================================================================================
----------------- testing Tue Apr 07 13:43:45 UTC 2020 /home/travis/build/icyphy/ptII/ptolemy/domains/continuous/test/auto/ExponentialResponseRK45.xml
----------------- Instantiating /home/travis/build/icyphy/ptII/ptolemy/domains/continuous/test/auto/ExponentialResponseRK45.xml
22 ms. Memory: 324608K Free: 193310K (60%)
----------------- Invoking toplevel() on ptolemy.moml.MoMLSimpleApplication@225f21ee
----------------- Done invoking toplevel() on ptolemy.moml.MoMLSimpleApplication@225f21ee
reloadAllAccessors: .ExponentialResponseRK45

===========================================================================================
----------------- testing Tue Apr 07 13:43:45 UTC 2020 /home/travis/build/icyphy/ptII/ptolemy/domains/continuous/test/auto/Friction.xml
----------------- Instantiating /home/travis/build/icyphy/ptII/ptolemy/domains/continuous/test/auto/Friction.xml
1442 ms. Memory: 324608K Free: 154208K (48%)
----------------- Invoking toplevel() on ptolemy.moml.MoMLSimpleApplication@2e1266c
----------------- Done invoking toplevel() on ptolemy.moml.MoMLSimpleApplication@2e1266c
reloadAllAccessors: .Friction

===========================================================================================
----------------- testing Tue Apr 07 13:43:46 UTC 2020 /home/travis/build/icyphy/ptII/ptolemy/domains/continuous/test/auto/FurutaPendulum.xml
----------------- Instantiating /home/travis/build/icyphy/ptII/ptolemy/domains/continuous/test/auto/FurutaPendulum.xml
3060 ms. Memory: 324608K Free: 208103K (64%)
----------------- Invoking toplevel() on ptolemy.moml.MoMLSimpleApplication@26762b78
----------------- Done invoking toplevel() on ptolemy.moml.MoMLSimpleApplication@26762b78
reloadAllAccessors: .FurutaPendulum

===========================================================================================
----------------- testing Tue Apr 07 13:43:49 UTC 2020 /home/travis/build/icyphy/ptII/ptolemy/domains/continuous/test/auto/HierarchicalExecution.xml
----------------- Instantiating /home/travis/build/icyphy/ptII/ptolemy/domains/continuous/test/auto/HierarchicalExecution.xml
1628 ms. Memory: 324608K Free: 121006K (37%)
----------------- Invoking toplevel() on ptolemy.moml.MoMLSimpleApplication@6d0d5b40
----------------- Done invoking toplevel() on ptolemy.moml.MoMLSimpleApplication@6d0d5b40
reloadAllAccessors: .HierarchicalExecution

===========================================================================================
----------------- testing Tue Apr 07 13:43:52 UTC 2020 /home/travis/build/icyphy/ptII/ptolemy/domains/continuous/test/auto/HybridPlant.xml
----------------- Instantiating /home/travis/build/icyphy/ptII/ptolemy/domains/continuous/test/auto/HybridPlant.xml
518 ms. Memory: 324608K Free: 244011K (75%)
----------------- Invoking toplevel() on ptolemy.moml.MoMLSimpleApplication@facc6e
----------------- Done invoking toplevel() on ptolemy.moml.MoMLSimpleApplication@facc6e
reloadAllAccessors: .HybridPlant

===========================================================================================
----------------- testing Tue Apr 07 13:43:52 UTC 2020 /home/travis/build/icyphy/ptII/ptolemy/domains/continuous/test/auto/Hysteresis.xml
----------------- Instantiating /home/travis/build/icyphy/ptII/ptolemy/domains/continuous/test/auto/Hysteresis.xml
136 ms. Memory: 324608K Free: 182061K (56%)
----------------- Invoking toplevel() on ptolemy.moml.MoMLSimpleApplication@1423d31f
----------------- Done invoking toplevel() on ptolemy.moml.MoMLSimpleApplication@1423d31f
reloadAllAccessors: .Hysteresis

===========================================================================================
----------------- testing Tue Apr 07 13:43:52 UTC 2020 /home/travis/build/icyphy/ptII/ptolemy/domains/continuous/test/auto/HysteresisWithRandomDelay.xml
----------------- Instantiating /home/travis/build/icyphy/ptII/ptolemy/domains/continuous/test/auto/HysteresisWithRandomDelay.xml
187 ms. Memory: 324608K Free: 304072K (94%)
----------------- Invoking toplevel() on ptolemy.moml.MoMLSimpleApplication@6f30ac1d
----------------- Done invoking toplevel() on ptolemy.moml.MoMLSimpleApplication@6f30ac1d
reloadAllAccessors: .HysteresisWithRandomDelay

===========================================================================================
----------------- testing Tue Apr 07 13:43:53 UTC 2020 /home/travis/build/icyphy/ptII/ptolemy/domains/continuous/test/auto/HysteresisWithRandomLosses.xml
----------------- Instantiating /home/travis/build/icyphy/ptII/ptolemy/domains/continuous/test/auto/HysteresisWithRandomLosses.xml
2268 ms. Memory: 324608K Free: 147443K (45%)
----------------- Invoking toplevel() on ptolemy.moml.MoMLSimpleApplication@71e2e609
----------------- Done invoking toplevel() on ptolemy.moml.MoMLSimpleApplication@71e2e609
reloadAllAccessors: .HysteresisWithRandomLosses

===========================================================================================
----------------- testing Tue Apr 07 13:43:55 UTC 2020 /home/travis/build/icyphy/ptII/ptolemy/domains/continuous/test/auto/ImmediateTransitions.xml
----------------- Instantiating /home/travis/build/icyphy/ptII/ptolemy/domains/continuous/test/auto/ImmediateTransitions.xml
8 ms. Memory: 324608K Free: 136165K (42%)
----------------- Invoking toplevel() on ptolemy.moml.MoMLSimpleApplication@6fcda7a6
----------------- Done invoking toplevel() on ptolemy.moml.MoMLSimpleApplication@6fcda7a6
reloadAllAccessors: .ImmediateTransitions

===========================================================================================
----------------- testing Tue Apr 07 13:43:55 UTC 2020 /home/travis/build/icyphy/ptII/ptolemy/domains/continuous/test/auto/ImpulseFeedback.xml
----------------- Instantiating /home/travis/build/icyphy/ptII/ptolemy/domains/continuous/test/auto/ImpulseFeedback.xml
6 ms. Memory: 324608K Free: 130549K (40%)
----------------- Invoking toplevel() on ptolemy.moml.MoMLSimpleApplication@2c139f49
----------------- Done invoking toplevel() on ptolemy.moml.MoMLSimpleApplication@2c139f49
reloadAllAccessors: .ImpulseFeedback

===========================================================================================
----------------- testing Tue Apr 07 13:43:55 UTC 2020 /home/travis/build/icyphy/ptII/ptolemy/domains/continuous/test/auto/ImpulseFeedback2.xml
----------------- Instantiating /home/travis/build/icyphy/ptII/ptolemy/domains/continuous/test/auto/ImpulseFeedback2.xml
5 ms. Memory: 324608K Free: 124915K (38%)
----------------- Invoking toplevel() on ptolemy.moml.MoMLSimpleApplication@6037b9db
----------------- Done invoking toplevel() on ptolemy.moml.MoMLSimpleApplication@6037b9db
reloadAllAccessors: .ImpulseFeedback2

===========================================================================================
----------------- testing Tue Apr 07 13:43:55 UTC 2020 /home/travis/build/icyphy/ptII/ptolemy/domains/continuous/test/auto/IncreasingRatePoisson.xml
----------------- Instantiating /home/travis/build/icyphy/ptII/ptolemy/domains/continuous/test/auto/IncreasingRatePoisson.xml
673 ms. Memory: 324608K Free: 202870K (62%)
----------------- Invoking toplevel() on ptolemy.moml.MoMLSimpleApplication@7ede9b19
----------------- Done invoking toplevel() on ptolemy.moml.MoMLSimpleApplication@7ede9b19
reloadAllAccessors: .IncreasingRatePoisson

===========================================================================================
----------------- testing Tue Apr 07 13:43:56 UTC 2020 /home/travis/build/icyphy/ptII/ptolemy/domains/continuous/test/auto/InitialStateFeedback.xml
----------------- Instantiating /home/travis/build/icyphy/ptII/ptolemy/domains/continuous/test/auto/InitialStateFeedback.xml
3 ms. Memory: 324608K Free: 198260K (61%)
----------------- Invoking toplevel() on ptolemy.moml.MoMLSimpleApplication@3d7919eb
----------------- Done invoking toplevel() on ptolemy.moml.MoMLSimpleApplication@3d7919eb
reloadAllAccessors: .InitialStateFeedback

===========================================================================================
----------------- testing Tue Apr 07 13:43:56 UTC 2020 /home/travis/build/icyphy/ptII/ptolemy/domains/continuous/test/auto/Integration.xml
----------------- Instantiating /home/travis/build/icyphy/ptII/ptolemy/domains/continuous/test/auto/Integration.xml
2 ms. Memory: 324608K Free: 194164K (60%)
----------------- Invoking toplevel() on ptolemy.moml.MoMLSimpleApplication@4312b7ef
----------------- Done invoking toplevel() on ptolemy.moml.MoMLSimpleApplication@4312b7ef
reloadAllAccessors: .Integration

===========================================================================================
----------------- testing Tue Apr 07 13:43:56 UTC 2020 /home/travis/build/icyphy/ptII/ptolemy/domains/continuous/test/auto/Integration2.xml
----------------- Instantiating /home/travis/build/icyphy/ptII/ptolemy/domains/continuous/test/auto/Integration2.xml
75 ms. Memory: 324608K Free: 179828K (55%)
----------------- Invoking toplevel() on ptolemy.moml.MoMLSimpleApplication@4ba71e55
----------------- Done invoking toplevel() on ptolemy.moml.MoMLSimpleApplication@4ba71e55
reloadAllAccessors: .Integration2

===========================================================================================
----------------- testing Tue Apr 07 13:43:56 UTC 2020 /home/travis/build/icyphy/ptII/ptolemy/domains/continuous/test/auto/Integration3.xml
----------------- Instantiating /home/travis/build/icyphy/ptII/ptolemy/domains/continuous/test/auto/Integration3.xml
1 ms. Memory: 324608K Free: 175222K (54%)
----------------- Invoking toplevel() on ptolemy.moml.MoMLSimpleApplication@6fe08902
----------------- Done invoking toplevel() on ptolemy.moml.MoMLSimpleApplication@6fe08902
reloadAllAccessors: .Integration3

===========================================================================================
----------------- testing Tue Apr 07 13:43:56 UTC 2020 /home/travis/build/icyphy/ptII/ptolemy/domains/continuous/test/auto/Integration5.xml
----------------- Instantiating /home/travis/build/icyphy/ptII/ptolemy/domains/continuous/test/auto/Integration5.xml
2 ms. Memory: 324608K Free: 171126K (53%)
----------------- Invoking toplevel() on ptolemy.moml.MoMLSimpleApplication@58d11741
----------------- Done invoking toplevel() on ptolemy.moml.MoMLSimpleApplication@58d11741
reloadAllAccessors: .Integration5

===========================================================================================
----------------- testing Tue Apr 07 13:43:56 UTC 2020 /home/travis/build/icyphy/ptII/ptolemy/domains/continuous/test/auto/IntegratorImpulse.xml
----------------- Instantiating /home/travis/build/icyphy/ptII/ptolemy/domains/continuous/test/auto/IntegratorImpulse.xml
2 ms. Memory: 324608K Free: 167030K (51%)
----------------- Invoking toplevel() on ptolemy.moml.MoMLSimpleApplication@61cd2336
----------------- Done invoking toplevel() on ptolemy.moml.MoMLSimpleApplication@61cd2336
reloadAllAccessors: .IntegratorImpulse

===========================================================================================
----------------- testing Tue Apr 07 13:43:56 UTC 2020 /home/travis/build/icyphy/ptII/ptolemy/domains/continuous/test/auto/IntegratorImpulse2.xml
----------------- Instantiating /home/travis/build/icyphy/ptII/ptolemy/domains/continuous/test/auto/IntegratorImpulse2.xml
7 ms. Memory: 324608K Free: 162414K (50%)
----------------- Invoking toplevel() on ptolemy.moml.MoMLSimpleApplication@a88feca
----------------- Done invoking toplevel() on ptolemy.moml.MoMLSimpleApplication@a88feca
reloadAllAccessors: .IntegratorImpulse2

===========================================================================================
----------------- testing Tue Apr 07 13:43:56 UTC 2020 /home/travis/build/icyphy/ptII/ptolemy/domains/continuous/test/auto/LevelCrossing1.xml
----------------- Instantiating /home/travis/build/icyphy/ptII/ptolemy/domains/continuous/test/auto/LevelCrossing1.xml
2 ms. Memory: 324608K Free: 157294K (48%)
----------------- Invoking toplevel() on ptolemy.moml.MoMLSimpleApplication@4f94abaf
----------------- Done invoking toplevel() on ptolemy.moml.MoMLSimpleApplication@4f94abaf
reloadAllAccessors: .LevelCrossing1

===========================================================================================
----------------- testing Tue Apr 07 13:43:56 UTC 2020 /home/travis/build/icyphy/ptII/ptolemy/domains/continuous/test/auto/LevelCrossing2.xml
----------------- Instantiating /home/travis/build/icyphy/ptII/ptolemy/domains/continuous/test/auto/LevelCrossing2.xml
2 ms. Memory: 324608K Free: 152174K (47%)
----------------- Invoking toplevel() on ptolemy.moml.MoMLSimpleApplication@4655719e
----------------- Done invoking toplevel() on ptolemy.moml.MoMLSimpleApplication@4655719e
reloadAllAccessors: .LevelCrossing2

===========================================================================================
----------------- testing Tue Apr 07 13:43:56 UTC 2020 /home/travis/build/icyphy/ptII/ptolemy/domains/continuous/test/auto/LevelCrossing3.xml
----------------- Instantiating /home/travis/build/icyphy/ptII/ptolemy/domains/continuous/test/auto/LevelCrossing3.xml
3 ms. Memory: 324608K Free: 147054K (45%)
----------------- Invoking toplevel() on ptolemy.moml.MoMLSimpleApplication@4529caf6
----------------- Done invoking toplevel() on ptolemy.moml.MoMLSimpleApplication@4529caf6
reloadAllAccessors: .LevelCrossing3

===========================================================================================
----------------- testing Tue Apr 07 13:43:56 UTC 2020 /home/travis/build/icyphy/ptII/ptolemy/domains/continuous/test/auto/LevelCrossing4.xml
----------------- Instantiating /home/travis/build/icyphy/ptII/ptolemy/domains/continuous/test/auto/LevelCrossing4.xml
3 ms. Memory: 324608K Free: 141940K (44%)
----------------- Invoking toplevel() on ptolemy.moml.MoMLSimpleApplication@5733f808
----------------- Done invoking toplevel() on ptolemy.moml.MoMLSimpleApplication@5733f808
reloadAllAccessors: .LevelCrossing4

===========================================================================================
----------------- testing Tue Apr 07 13:43:56 UTC 2020 /home/travis/build/icyphy/ptII/ptolemy/domains/continuous/test/auto/LevelCrossing5.xml
----------------- Instantiating /home/travis/build/icyphy/ptII/ptolemy/domains/continuous/test/auto/LevelCrossing5.xml
2 ms. Memory: 324608K Free: 136820K (42%)
----------------- Invoking toplevel() on ptolemy.moml.MoMLSimpleApplication@23d7ca4b
----------------- Done invoking toplevel() on ptolemy.moml.MoMLSimpleApplication@23d7ca4b
reloadAllAccessors: .LevelCrossing5

===========================================================================================
[...]
----------------- Instantiating /home/travis/build/icyphy/ptII/ptolemy/domains/continuous/test/auto/SRinContinuous.xml
3 ms. Memory: 324608K Free: 253627K (78%)
----------------- Invoking toplevel() on ptolemy.moml.MoMLSimpleApplication@4015fe32
----------------- Done invoking toplevel() on ptolemy.moml.MoMLSimpleApplication@4015fe32
reloadAllAccessors: .SRinContinuous

===========================================================================================
----------------- testing Tue Apr 07 13:44:12 UTC 2020 /home/travis/build/icyphy/ptII/ptolemy/domains/continuous/test/auto/SampledClocks.xml
----------------- Instantiating /home/travis/build/icyphy/ptII/ptolemy/domains/continuous/test/auto/SampledClocks.xml
9 ms. Memory: 324608K Free: 240825K (74%)
----------------- Invoking toplevel() on ptolemy.moml.MoMLSimpleApplication@74cc73ba
----------------- Done invoking toplevel() on ptolemy.moml.MoMLSimpleApplication@74cc73ba
reloadAllAccessors: .SampledClocks

===========================================================================================
----------------- testing Tue Apr 07 13:44:12 UTC 2020 /home/travis/build/icyphy/ptII/ptolemy/domains/continuous/test/auto/Satellite.xml
----------------- Instantiating /home/travis/build/icyphy/ptII/ptolemy/domains/continuous/test/auto/Satellite.xml
628 ms. Memory: 324608K Free: 232986K (72%)
----------------- Invoking toplevel() on ptolemy.moml.MoMLSimpleApplication@6995ea91
----------------- Done invoking toplevel() on ptolemy.moml.MoMLSimpleApplication@6995ea91
reloadAllAccessors: .Satellite

===========================================================================================
----------------- testing Tue Apr 07 13:44:12 UTC 2020 /home/travis/build/icyphy/ptII/ptolemy/domains/continuous/test/auto/SigmaDelta.xml
----------------- Instantiating /home/travis/build/icyphy/ptII/ptolemy/domains/continuous/test/auto/SigmaDelta.xml
1961 ms. Memory: 324608K Free: 165009K (51%)
----------------- Invoking toplevel() on ptolemy.moml.MoMLSimpleApplication@4bbe4fb5
----------------- Done invoking toplevel() on ptolemy.moml.MoMLSimpleApplication@4bbe4fb5
reloadAllAccessors: .SigmaDelta

===========================================================================================
----------------- testing Tue Apr 07 13:44:15 UTC 2020 /home/travis/build/icyphy/ptII/ptolemy/domains/continuous/test/auto/SingleRefinement.xml
----------------- Instantiating /home/travis/build/icyphy/ptII/ptolemy/domains/continuous/test/auto/SingleRefinement.xml
295 ms. Memory: 324608K Free: 173709K (54%)
----------------- Invoking toplevel() on ptolemy.moml.MoMLSimpleApplication@727d6a1c
----------------- Done invoking toplevel() on ptolemy.moml.MoMLSimpleApplication@727d6a1c
reloadAllAccessors: .SingleRefinement

===========================================================================================
----------------- testing Tue Apr 07 13:44:15 UTC 2020 /home/travis/build/icyphy/ptII/ptolemy/domains/continuous/test/auto/SinuBouncingBall.xml
----------------- Instantiating /home/travis/build/icyphy/ptII/ptolemy/domains/continuous/test/auto/SinuBouncingBall.xml
776 ms. Memory: 324608K Free: 147715K (46%)
----------------- Invoking toplevel() on ptolemy.moml.MoMLSimpleApplication@2f784ed1
----------------- Done invoking toplevel() on ptolemy.moml.MoMLSimpleApplication@2f784ed1
reloadAllAccessors: .SinuBouncingBall

===========================================================================================
----------------- testing Tue Apr 07 13:44:16 UTC 2020 /home/travis/build/icyphy/ptII/ptolemy/domains/continuous/test/auto/Sinusoid.xml
----------------- Instantiating /home/travis/build/icyphy/ptII/ptolemy/domains/continuous/test/auto/Sinusoid.xml
4 ms. Memory: 324608K Free: 143075K (44%)
----------------- Invoking toplevel() on ptolemy.moml.MoMLSimpleApplication@658372b9
----------------- Done invoking toplevel() on ptolemy.moml.MoMLSimpleApplication@658372b9
reloadAllAccessors: .Sinusoid

===========================================================================================
----------------- testing Tue Apr 07 13:44:16 UTC 2020 /home/travis/build/icyphy/ptII/ptolemy/domains/continuous/test/auto/SinusoidInNoise.xml
----------------- Instantiating /home/travis/build/icyphy/ptII/ptolemy/domains/continuous/test/auto/SinusoidInNoise.xml
760 ms. Memory: 324608K Free: 202317K (62%)
----------------- Invoking toplevel() on ptolemy.moml.MoMLSimpleApplication@5e62acb7
----------------- Done invoking toplevel() on ptolemy.moml.MoMLSimpleApplication@5e62acb7
reloadAllAccessors: .SinusoidInNoise

===========================================================================================
----------------- testing Tue Apr 07 13:44:17 UTC 2020 /home/travis/build/icyphy/ptII/ptolemy/domains/continuous/test/auto/SinusoidRK45.xml
----------------- Instantiating /home/travis/build/icyphy/ptII/ptolemy/domains/continuous/test/auto/SinusoidRK45.xml
3 ms. Memory: 324608K Free: 198066K (61%)
----------------- Invoking toplevel() on ptolemy.moml.MoMLSimpleApplication@108719db
----------------- Done invoking toplevel() on ptolemy.moml.MoMLSimpleApplication@108719db
reloadAllAccessors: .SinusoidRK45

===========================================================================================
----------------- testing Tue Apr 07 13:44:17 UTC 2020 /home/travis/build/icyphy/ptII/ptolemy/domains/continuous/test/auto/SinusoidWithMultipleImpulses.xml
----------------- Instantiating /home/travis/build/icyphy/ptII/ptolemy/domains/continuous/test/auto/SinusoidWithMultipleImpulses.xml
3 ms. Memory: 324608K Free: 193490K (60%)
----------------- Invoking toplevel() on ptolemy.moml.MoMLSimpleApplication@2bc21ea2
----------------- Done invoking toplevel() on ptolemy.moml.MoMLSimpleApplication@2bc21ea2
reloadAllAccessors: .SinusoidWithMultipleImpulses

===========================================================================================
----------------- testing Tue Apr 07 13:44:17 UTC 2020 /home/travis/build/icyphy/ptII/ptolemy/domains/continuous/test/auto/SquareWave.xml
----------------- Instantiating /home/travis/build/icyphy/ptII/ptolemy/domains/continuous/test/auto/SquareWave.xml
145 ms. Memory: 324608K Free: 166352K (51%)
----------------- Invoking toplevel() on ptolemy.moml.MoMLSimpleApplication@111b2bdd
----------------- Done invoking toplevel() on ptolemy.moml.MoMLSimpleApplication@111b2bdd
reloadAllAccessors: .SquareWave

===========================================================================================
----------------- testing Tue Apr 07 13:44:17 UTC 2020 /home/travis/build/icyphy/ptII/ptolemy/domains/continuous/test/auto/Starmac.xml
----------------- Instantiating /home/travis/build/icyphy/ptII/ptolemy/domains/continuous/test/auto/Starmac.xml
3059 ms. Memory: 324608K Free: 231033K (71%)
----------------- Invoking toplevel() on ptolemy.moml.MoMLSimpleApplication@3a846393
----------------- Done invoking toplevel() on ptolemy.moml.MoMLSimpleApplication@3a846393
reloadAllAccessors: .Starmac

===========================================================================================
----------------- testing Tue Apr 07 13:44:20 UTC 2020 /home/travis/build/icyphy/ptII/ptolemy/domains/continuous/test/auto/StaticUnits.xml
----------------- Instantiating /home/travis/build/icyphy/ptII/ptolemy/domains/continuous/test/auto/StaticUnits.xml
1716 ms. Memory: 324608K Free: 147548K (45%)
----------------- Invoking toplevel() on ptolemy.moml.MoMLSimpleApplication@17963653
----------------- Done invoking toplevel() on ptolemy.moml.MoMLSimpleApplication@17963653
reloadAllAccessors: .StaticUnits

===========================================================================================
----------------- testing Tue Apr 07 13:44:22 UTC 2020 /home/travis/build/icyphy/ptII/ptolemy/domains/continuous/test/auto/StickyMasses.xml
----------------- Instantiating /home/travis/build/icyphy/ptII/ptolemy/domains/continuous/test/auto/StickyMasses.xml
145 ms. Memory: 324608K Free: 286754K (88%)
----------------- Invoking toplevel() on ptolemy.moml.MoMLSimpleApplication@194b92fb
----------------- Done invoking toplevel() on ptolemy.moml.MoMLSimpleApplication@194b92fb
reloadAllAccessors: .StickyMasses

===========================================================================================
----------------- testing Tue Apr 07 13:44:23 UTC 2020 /home/travis/build/icyphy/ptII/ptolemy/domains/continuous/test/auto/StopTime.xml
----------------- Instantiating /home/travis/build/icyphy/ptII/ptolemy/domains/continuous/test/auto/StopTime.xml
57 ms. Memory: 324608K Free: 261154K (80%)
----------------- Invoking toplevel() on ptolemy.moml.MoMLSimpleApplication@566526e5
----------------- Done invoking toplevel() on ptolemy.moml.MoMLSimpleApplication@566526e5
reloadAllAccessors: .StopTime

===========================================================================================
----------------- testing Tue Apr 07 13:44:23 UTC 2020 /home/travis/build/icyphy/ptII/ptolemy/domains/continuous/test/auto/StopTime2.xml
----------------- Instantiating /home/travis/build/icyphy/ptII/ptolemy/domains/continuous/test/auto/StopTime2.xml
50 ms. Memory: 324608K Free: 239136K (74%)
----------------- Invoking toplevel() on ptolemy.moml.MoMLSimpleApplication@61aa2280
----------------- Done invoking toplevel() on ptolemy.moml.MoMLSimpleApplication@61aa2280
reloadAllAccessors: .StopTime2

===========================================================================================
----------------- testing Tue Apr 07 13:44:23 UTC 2020 /home/travis/build/icyphy/ptII/ptolemy/domains/continuous/test/auto/Switch.xml
----------------- Instantiating /home/travis/build/icyphy/ptII/ptolemy/domains/continuous/test/auto/Switch.xml
57 ms. Memory: 324608K Free: 214546K (66%)
----------------- Invoking toplevel() on ptolemy.moml.MoMLSimpleApplication@594c9f56
----------------- Done invoking toplevel() on ptolemy.moml.MoMLSimpleApplication@594c9f56
reloadAllAccessors: .Switch

===========================================================================================
----------------- testing Tue Apr 07 13:44:23 UTC 2020 /home/travis/build/icyphy/ptII/ptolemy/domains/continuous/test/auto/Thermostat.xml
----------------- Instantiating /home/travis/build/icyphy/ptII/ptolemy/domains/continuous/test/auto/Thermostat.xml
206 ms. Memory: 324608K Free: 142370K (44%)
----------------- Invoking toplevel() on ptolemy.moml.MoMLSimpleApplication@7a84f92
----------------- Done invoking toplevel() on ptolemy.moml.MoMLSimpleApplication@7a84f92
reloadAllAccessors: .Thermostat

===========================================================================================
----------------- testing Tue Apr 07 13:44:23 UTC 2020 /home/travis/build/icyphy/ptII/ptolemy/domains/continuous/test/auto/TimeDelay.xml
----------------- Instantiating /home/travis/build/icyphy/ptII/ptolemy/domains/continuous/test/auto/TimeDelay.xml
5 ms. Memory: 324608K Free: 137754K (42%)
----------------- Invoking toplevel() on ptolemy.moml.MoMLSimpleApplication@17dd54ec
----------------- Done invoking toplevel() on ptolemy.moml.MoMLSimpleApplication@17dd54ec
reloadAllAccessors: .TimeDelay

===========================================================================================
----------------- testing Tue Apr 07 13:44:23 UTC 2020 /home/travis/build/icyphy/ptII/ptolemy/domains/continuous/test/auto/TimeDelay2.xml
----------------- Instantiating /home/travis/build/icyphy/ptII/ptolemy/domains/continuous/test/auto/TimeDelay2.xml
9 ms. Memory: 324608K Free: 127520K (39%)
----------------- Invoking toplevel() on ptolemy.moml.MoMLSimpleApplication@4cef20a1
----------------- Done invoking toplevel() on ptolemy.moml.MoMLSimpleApplication@4cef20a1
reloadAllAccessors: .TimeDelay2

===========================================================================================
----------------- testing Tue Apr 07 13:44:23 UTC 2020 /home/travis/build/icyphy/ptII/ptolemy/domains/continuous/test/auto/TimeDelay3.xml
----------------- Instantiating /home/travis/build/icyphy/ptII/ptolemy/domains/continuous/test/auto/TimeDelay3.xml
5 ms. Memory: 324608K Free: 122914K (38%)
----------------- Invoking toplevel() on ptolemy.moml.MoMLSimpleApplication@34d03c89
----------------- Done invoking toplevel() on ptolemy.moml.MoMLSimpleApplication@34d03c89
reloadAllAccessors: .TimeDelay3

===========================================================================================
----------------- testing Tue Apr 07 13:44:23 UTC 2020 /home/travis/build/icyphy/ptII/ptolemy/domains/continuous/test/auto/TransferAbsentToInside.xml
----------------- Instantiating /home/travis/build/icyphy/ptII/ptolemy/domains/continuous/test/auto/TransferAbsentToInside.xml
28 ms. Memory: 324608K Free: 258575K (80%)
----------------- Invoking toplevel() on ptolemy.moml.MoMLSimpleApplication@2358ebd5
----------------- Done invoking toplevel() on ptolemy.moml.MoMLSimpleApplication@2358ebd5
reloadAllAccessors: .TransferAbsentToInside

===========================================================================================
----------------- testing Tue Apr 07 13:44:23 UTC 2020 /home/travis/build/icyphy/ptII/ptolemy/domains/continuous/test/auto/Transmission.xml
----------------- Instantiating /home/travis/build/icyphy/ptII/ptolemy/domains/continuous/test/auto/Transmission.xml
816 ms. Memory: 390144K Free: 281617K (72%)
----------------- Invoking toplevel() on ptolemy.moml.MoMLSimpleApplication@283105bc
----------------- Done invoking toplevel() on ptolemy.moml.MoMLSimpleApplication@283105bc
reloadAllAccessors: .Transmission

===========================================================================================
----------------- testing Tue Apr 07 13:44:24 UTC 2020 /home/travis/build/icyphy/ptII/ptolemy/domains/continuous/test/auto/TriggeredContinuousClock.xml
----------------- Instantiating /home/travis/build/icyphy/ptII/ptolemy/domains/continuous/test/auto/TriggeredContinuousClock.xml
35 ms. Memory: 390144K Free: 251921K (65%)
----------------- Invoking toplevel() on ptolemy.moml.MoMLSimpleApplication@36013287
----------------- Done invoking toplevel() on ptolemy.moml.MoMLSimpleApplication@36013287
reloadAllAccessors: .TriggeredContinuousClock

===========================================================================================
----------------- testing Tue Apr 07 13:44:24 UTC 2020 /home/travis/build/icyphy/ptII/ptolemy/domains/continuous/test/auto/TwoMachineInfiniteBusControl.xml
----------------- Instantiating /home/travis/build/icyphy/ptII/ptolemy/domains/continuous/test/auto/TwoMachineInfiniteBusControl.xml
2047 ms. Memory: 390144K Free: 343543K (88%)
----------------- Invoking toplevel() on ptolemy.moml.MoMLSimpleApplication@567d9850
----------------- Done invoking toplevel() on ptolemy.moml.MoMLSimpleApplication@567d9850
reloadAllAccessors: .TwoMachineInfiniteBusControl

===========================================================================================
----------------- testing Tue Apr 07 13:44:26 UTC 2020 /home/travis/build/icyphy/ptII/ptolemy/domains/continuous/test/auto/V2V.xml
----------------- Instantiating /home/travis/build/icyphy/ptII/ptolemy/domains/continuous/test/auto/V2V.xml
773 ms. Memory: 390144K Free: 155637K (40%)
----------------- Invoking toplevel() on ptolemy.moml.MoMLSimpleApplication@27c5903f
----------------- Done invoking toplevel() on ptolemy.moml.MoMLSimpleApplication@27c5903f
reloadAllAccessors: .V2V

===========================================================================================
----------------- testing Tue Apr 07 13:44:27 UTC 2020 /home/travis/build/icyphy/ptII/ptolemy/domains/continuous/test/auto/hierarchicalModalModel.xml
----------------- Instantiating /home/travis/build/icyphy/ptII/ptolemy/domains/continuous/test/auto/hierarchicalModalModel.xml
9 ms. Memory: 390144K Free: 141815K (36%)
----------------- Invoking toplevel() on ptolemy.moml.MoMLSimpleApplication@573a72a5
----------------- Done invoking toplevel() on ptolemy.moml.MoMLSimpleApplication@573a72a5
reloadAllAccessors: .hierarchicalModalModel

===========================================================================================
----------------- testing Tue Apr 07 13:44:27 UTC 2020 /home/travis/build/icyphy/ptII/ptolemy/domains/continuous/test/auto/hierarchicalModalModel1.xml
----------------- Instantiating /home/travis/build/icyphy/ptII/ptolemy/domains/continuous/test/auto/hierarchicalModalModel1.xml
9 ms. Memory: 390144K Free: 354783K (91%)
----------------- Invoking toplevel() on ptolemy.moml.MoMLSimpleApplication@4738c4a2
----------------- Done invoking toplevel() on ptolemy.moml.MoMLSimpleApplication@4738c4a2
reloadAllAccessors: .hierarchicalModalModel1

===========================================================================================
----------------- testing Tue Apr 07 13:44:27 UTC 2020 /home/travis/build/icyphy/ptII/ptolemy/domains/continuous/test/auto/hierarchicalModalModel2.xml
----------------- Instantiating /home/travis/build/icyphy/ptII/ptolemy/domains/continuous/test/auto/hierarchicalModalModel2.xml
6 ms. Memory: 390144K Free: 342495K (88%)
----------------- Invoking toplevel() on ptolemy.moml.MoMLSimpleApplication@79e22c19
----------------- Done invoking toplevel() on ptolemy.moml.MoMLSimpleApplication@79e22c19
reloadAllAccessors: .hierarchicalModalModel2

===========================================================================================
----------------- testing Tue Apr 07 13:44:27 UTC 2020 /home/travis/build/icyphy/ptII/ptolemy/domains/continuous/test/auto/hierarchicalModalModel3.xml
----------------- Instantiating /home/travis/build/icyphy/ptII/ptolemy/domains/continuous/test/auto/hierarchicalModalModel3.xml
5 ms. Memory: 390144K Free: 331741K (85%)
----------------- Invoking toplevel() on ptolemy.moml.MoMLSimpleApplication@28aec831
----------------- Done invoking toplevel() on ptolemy.moml.MoMLSimpleApplication@28aec831
reloadAllAccessors: .hierarchicalModalModel3

===========================================================================================
----------------- testing Tue Apr 07 13:44:27 UTC 2020 /home/travis/build/icyphy/ptII/ptolemy/domains/continuous/test/auto/hierarchicalModalModel4.xml
----------------- Instantiating /home/travis/build/icyphy/ptII/ptolemy/domains/continuous/test/auto/hierarchicalModalModel4.xml
5 ms. Memory: 390144K Free: 319967K (82%)
----------------- Invoking toplevel() on ptolemy.moml.MoMLSimpleApplication@af2ba48
----------------- Done invoking toplevel() on ptolemy.moml.MoMLSimpleApplication@af2ba48
reloadAllAccessors: .hierarchicalModalModel4

===========================================================================================
----------------- testing Tue Apr 07 13:44:27 UTC 2020 /home/travis/build/icyphy/ptII/ptolemy/domains/continuous/test/auto/junk.xml
----------------- Instantiating /home/travis/build/icyphy/ptII/ptolemy/domains/continuous/test/auto/junk.xml
113 ms. Memory: 390144K Free: 292319K (75%)
----------------- Invoking toplevel() on ptolemy.moml.MoMLSimpleApplication@6efc849
----------------- Done invoking toplevel() on ptolemy.moml.MoMLSimpleApplication@6efc849
reloadAllAccessors: .junk
AutoTests.java: About to close Vertx.
AutoTests.java: Vertx closed.
]]></system-out>
  <system-err><![CDATA[Warning: '.HysteresisWithRandomDelay.NonStrictTest' The test produced only 221 tokens, yet the correctValues parameter was expecting 222 tokens.
Warning: '.HysteresisWithRandomDelay.NonStrictTest2' The test produced only 220 tokens, yet the correctValues parameter was expecting 221 tokens.
Warning: '.HysteresisWithRandomDelay.NonStrictTest3' The test produced only 25 tokens, yet the correctValues parameter was expecting 30 tokens.
Warning: '.Poisson.NonStrictTest' The test produced only 408 tokens, yet the correctValues parameter was expecting 430 tokens.
]]></system-err>
</testsuite>
