<?xml version="1.0" encoding="UTF-8" ?>
<testsuite errors="0" failures="0" hostname="travis-job-19102335-2aae-4d28-87be-e6963195a3de" name="ptolemy.domains.sdf.lib.test.junit.JUnitTclTest" skipped="0" tests="82" time="8.081" timestamp="2019-12-19T07:02:57">
  <properties>
[...]
</properties>
  <testcase classname="ptolemy.util.test.junit.TclTests" name="[0] /home/travis/build/icyphy/ptII/ptolemy/domains/sdf/lib/test/ArrayToSequence.tcl (RunTclFile)" time="0.556" />
  <testcase classname="ptolemy.util.test.junit.TclTests" name="[1] /home/travis/build/icyphy/ptII/ptolemy/domains/sdf/lib/test/BitsToInt.tcl (RunTclFile)" time="0.054" />
  <testcase classname="ptolemy.util.test.junit.TclTests" name="[2] /home/travis/build/icyphy/ptII/ptolemy/domains/sdf/lib/test/DelayLine.tcl (RunTclFile)" time="0.02" />
  <testcase classname="ptolemy.util.test.junit.TclTests" name="[3] /home/travis/build/icyphy/ptII/ptolemy/domains/sdf/lib/test/FFT.tcl (RunTclFile)" time="0.028" />
  <testcase classname="ptolemy.util.test.junit.TclTests" name="[4] /home/travis/build/icyphy/ptII/ptolemy/domains/sdf/lib/test/FIR.tcl (RunTclFile)" time="0.197" />
  <testcase classname="ptolemy.util.test.junit.TclTests" name="[5] /home/travis/build/icyphy/ptII/ptolemy/domains/sdf/lib/test/IntToBits.tcl (RunTclFile)" time="0.049" />
  <testcase classname="ptolemy.util.test.junit.TclTests" name="[6] /home/travis/build/icyphy/ptII/ptolemy/domains/sdf/lib/test/MaximumEntropySpectrum.tcl (RunTclFile)" time="0.336" />
  <testcase classname="ptolemy.util.test.junit.TclTests" name="[7] /home/travis/build/icyphy/ptII/ptolemy/domains/sdf/lib/test/Repeat.tcl (RunTclFile)" time="0.045" />
  <testcase classname="ptolemy.util.test.junit.TclTests" name="[8] /home/travis/build/icyphy/ptII/ptolemy/domains/sdf/lib/test/SampleDelay.tcl (RunTclFile)" time="0.077" />
  <testcase classname="ptolemy.util.test.junit.TclTests" name="[9] /home/travis/build/icyphy/ptII/ptolemy/domains/sdf/lib/test/SequenceToArray.tcl (RunTclFile)" time="0.042" />
  <testcase classname="ptolemy.util.test.junit.AutoKnownFailedTests" name="[0] ThereAreNoKnowFailedTests (RunModel)" time="0.002" />
  <testcase classname="ptolemy.util.test.junit.AutoNameArchTests" name="[0] ThereAreNoAutoArchTests (RunModel)" time="0.007" />
  <testcase classname="ptolemy.util.test.junit.AutoTests" name="[0] /home/travis/build/icyphy/ptII/ptolemy/domains/sdf/lib/test/auto/ArrayToSequence.xml (RunModel)" time="0.216" />
  <testcase classname="ptolemy.util.test.junit.AutoTests" name="[1] /home/travis/build/icyphy/ptII/ptolemy/domains/sdf/lib/test/auto/ArrayToSequenceTest.xml (RunModel)" time="0.068" />
  <testcase classname="ptolemy.util.test.junit.AutoTests" name="[2] /home/travis/build/icyphy/ptII/ptolemy/domains/sdf/lib/test/auto/Autocorrelation.xml (RunModel)" time="0.035" />
  <testcase classname="ptolemy.util.test.junit.AutoTests" name="[3] /home/travis/build/icyphy/ptII/ptolemy/domains/sdf/lib/test/auto/Autocorrelation2.xml (RunModel)" time="0.052" />
  <testcase classname="ptolemy.util.test.junit.AutoTests" name="[4] /home/travis/build/icyphy/ptII/ptolemy/domains/sdf/lib/test/auto/Autocorrelation3.xml (RunModel)" time="0.052" />
  <testcase classname="ptolemy.util.test.junit.AutoTests" name="[5] /home/travis/build/icyphy/ptII/ptolemy/domains/sdf/lib/test/auto/Autocorrelation4.xml (RunModel)" time="0.051" />
  <testcase classname="ptolemy.util.test.junit.AutoTests" name="[6] /home/travis/build/icyphy/ptII/ptolemy/domains/sdf/lib/test/auto/Autocorrelation5.xml (RunModel)" time="0.128" />
  <testcase classname="ptolemy.util.test.junit.AutoTests" name="[7] /home/travis/build/icyphy/ptII/ptolemy/domains/sdf/lib/test/auto/BitsToInt.xml (RunModel)" time="0.037" />
  <testcase classname="ptolemy.util.test.junit.AutoTests" name="[8] /home/travis/build/icyphy/ptII/ptolemy/domains/sdf/lib/test/auto/BooleanJoin.xml (RunModel)" time="0.043" />
  <testcase classname="ptolemy.util.test.junit.AutoTests" name="[9] /home/travis/build/icyphy/ptII/ptolemy/domains/sdf/lib/test/auto/BootstrapSampleDelay.xml (RunModel)" time="0.034" />
  <testcase classname="ptolemy.util.test.junit.AutoTests" name="[10] /home/travis/build/icyphy/ptII/ptolemy/domains/sdf/lib/test/auto/Chop.xml (RunModel)" time="0.055" />
  <testcase classname="ptolemy.util.test.junit.AutoTests" name="[11] /home/travis/build/icyphy/ptII/ptolemy/domains/sdf/lib/test/auto/Chop2.xml (RunModel)" time="0.039" />
  <testcase classname="ptolemy.util.test.junit.AutoTests" name="[12] /home/travis/build/icyphy/ptII/ptolemy/domains/sdf/lib/test/auto/ComplexJoin.xml (RunModel)" time="0.048" />
  <testcase classname="ptolemy.util.test.junit.AutoTests" name="[13] /home/travis/build/icyphy/ptII/ptolemy/domains/sdf/lib/test/auto/CountTrues.xml (RunModel)" time="0.03" />
  <testcase classname="ptolemy.util.test.junit.AutoTests" name="[14] /home/travis/build/icyphy/ptII/ptolemy/domains/sdf/lib/test/auto/DelayLine.xml (RunModel)" time="0.04" />
  <testcase classname="ptolemy.util.test.junit.AutoTests" name="[15] /home/travis/build/icyphy/ptII/ptolemy/domains/sdf/lib/test/auto/DotProduct.xml (RunModel)" time="0.027" />
  <testcase classname="ptolemy.util.test.junit.AutoTests" name="[16] /home/travis/build/icyphy/ptII/ptolemy/domains/sdf/lib/test/auto/DotProductMatrix.xml (RunModel)" time="0.018" />
  <testcase classname="ptolemy.util.test.junit.AutoTests" name="[17] /home/travis/build/icyphy/ptII/ptolemy/domains/sdf/lib/test/auto/DownSample1.xml (RunModel)" time="0.029" />
  <testcase classname="ptolemy.util.test.junit.AutoTests" name="[18] /home/travis/build/icyphy/ptII/ptolemy/domains/sdf/lib/test/auto/DynamicRateChange.xml (RunModel)" time="0.041" />
  <testcase classname="ptolemy.util.test.junit.AutoTests" name="[19] /home/travis/build/icyphy/ptII/ptolemy/domains/sdf/lib/test/auto/DynamicRates.xml (RunModel)" time="0.039" />
  <testcase classname="ptolemy.util.test.junit.AutoTests" name="[20] /home/travis/build/icyphy/ptII/ptolemy/domains/sdf/lib/test/auto/FFT1.xml (RunModel)" time="0.038" />
  <testcase classname="ptolemy.util.test.junit.AutoTests" name="[21] /home/travis/build/icyphy/ptII/ptolemy/domains/sdf/lib/test/auto/FIR1.xml (RunModel)" time="0.044" />
  <testcase classname="ptolemy.util.test.junit.AutoTests" name="[22] /home/travis/build/icyphy/ptII/ptolemy/domains/sdf/lib/test/auto/FIR2.xml (RunModel)" time="0.018" />
  <testcase classname="ptolemy.util.test.junit.AutoTests" name="[23] /home/travis/build/icyphy/ptII/ptolemy/domains/sdf/lib/test/auto/FIR4.xml (RunModel)" time="0.033" />
  <testcase classname="ptolemy.util.test.junit.AutoTests" name="[24] /home/travis/build/icyphy/ptII/ptolemy/domains/sdf/lib/test/auto/FixJoin.xml (RunModel)" time="0.031" />
  <testcase classname="ptolemy.util.test.junit.AutoTests" name="[25] /home/travis/build/icyphy/ptII/ptolemy/domains/sdf/lib/test/auto/IntJoin1.xml (RunModel)" time="0.022" />
  <testcase classname="ptolemy.util.test.junit.AutoTests" name="[26] /home/travis/build/icyphy/ptII/ptolemy/domains/sdf/lib/test/auto/IntJoin2.xml (RunModel)" time="0.023" />
  <testcase classname="ptolemy.util.test.junit.AutoTests" name="[27] /home/travis/build/icyphy/ptII/ptolemy/domains/sdf/lib/test/auto/IntJoin3.xml (RunModel)" time="0.023" />
  <testcase classname="ptolemy.util.test.junit.AutoTests" name="[28] /home/travis/build/icyphy/ptII/ptolemy/domains/sdf/lib/test/auto/IntJoin4.xml (RunModel)" time="0.03" />
  <testcase classname="ptolemy.util.test.junit.AutoTests" name="[29] /home/travis/build/icyphy/ptII/ptolemy/domains/sdf/lib/test/auto/IntJoin5.xml (RunModel)" time="0.03" />
  <testcase classname="ptolemy.util.test.junit.AutoTests" name="[30] /home/travis/build/icyphy/ptII/ptolemy/domains/sdf/lib/test/auto/IntToBits.xml (RunModel)" time="0.012" />
  <testcase classname="ptolemy.util.test.junit.AutoTests" name="[31] /home/travis/build/icyphy/ptII/ptolemy/domains/sdf/lib/test/auto/LMSAdaptive.xml (RunModel)" time="0.066" />
  <testcase classname="ptolemy.util.test.junit.AutoTests" name="[32] /home/travis/build/icyphy/ptII/ptolemy/domains/sdf/lib/test/auto/LMSAdaptiveFIR.xml (RunModel)" time="0.367" />
  <testcase classname="ptolemy.util.test.junit.AutoTests" name="[33] /home/travis/build/icyphy/ptII/ptolemy/domains/sdf/lib/test/auto/LMSAdaptiveFIR2.xml (RunModel)" time="0.481" />
  <testcase classname="ptolemy.util.test.junit.AutoTests" name="[34] /home/travis/build/icyphy/ptII/ptolemy/domains/sdf/lib/test/auto/LongJoin.xml (RunModel)" time="0.041" />
  <testcase classname="ptolemy.util.test.junit.AutoTests" name="[35] /home/travis/build/icyphy/ptII/ptolemy/domains/sdf/lib/test/auto/Matrix1.xml (RunModel)" time="0.038" />
  <testcase classname="ptolemy.util.test.junit.AutoTests" name="[36] /home/travis/build/icyphy/ptII/ptolemy/domains/sdf/lib/test/auto/Matrix2.xml (RunModel)" time="0.022" />
  <testcase classname="ptolemy.util.test.junit.AutoTests" name="[37] /home/travis/build/icyphy/ptII/ptolemy/domains/sdf/lib/test/auto/MatrixJoin1.xml (RunModel)" time="0.035" />
  <testcase classname="ptolemy.util.test.junit.AutoTests" name="[38] /home/travis/build/icyphy/ptII/ptolemy/domains/sdf/lib/test/auto/MatrixJoin2.xml (RunModel)" time="0.022" />
  <testcase classname="ptolemy.util.test.junit.AutoTests" name="[39] /home/travis/build/icyphy/ptII/ptolemy/domains/sdf/lib/test/auto/MatrixJoin3.xml (RunModel)" time="0.024" />
  <testcase classname="ptolemy.util.test.junit.AutoTests" name="[40] /home/travis/build/icyphy/ptII/ptolemy/domains/sdf/lib/test/auto/MatrixJoin4.xml (RunModel)" time="0.025" />
  <testcase classname="ptolemy.util.test.junit.AutoTests" name="[41] /home/travis/build/icyphy/ptII/ptolemy/domains/sdf/lib/test/auto/MatrixJoin5.xml (RunModel)" time="0.017" />
  <testcase classname="ptolemy.util.test.junit.AutoTests" name="[42] /home/travis/build/icyphy/ptII/ptolemy/domains/sdf/lib/test/auto/MatrixSplit1.xml (RunModel)" time="0.023" />
  <testcase classname="ptolemy.util.test.junit.AutoTests" name="[43] /home/travis/build/icyphy/ptII/ptolemy/domains/sdf/lib/test/auto/MatrixSplit10.xml (RunModel)" time="0.015" />
  <testcase classname="ptolemy.util.test.junit.AutoTests" name="[44] /home/travis/build/icyphy/ptII/ptolemy/domains/sdf/lib/test/auto/MatrixSplit11.xml (RunModel)" time="0.011" />
  <testcase classname="ptolemy.util.test.junit.AutoTests" name="[45] /home/travis/build/icyphy/ptII/ptolemy/domains/sdf/lib/test/auto/MatrixSplit12.xml (RunModel)" time="0.016" />
  <testcase classname="ptolemy.util.test.junit.AutoTests" name="[46] /home/travis/build/icyphy/ptII/ptolemy/domains/sdf/lib/test/auto/MatrixSplit13.xml (RunModel)" time="0.025" />
  <testcase classname="ptolemy.util.test.junit.AutoTests" name="[47] /home/travis/build/icyphy/ptII/ptolemy/domains/sdf/lib/test/auto/MatrixSplit14.xml (RunModel)" time="0.014" />
  <testcase classname="ptolemy.util.test.junit.AutoTests" name="[48] /home/travis/build/icyphy/ptII/ptolemy/domains/sdf/lib/test/auto/MatrixSplit2.xml (RunModel)" time="0.011" />
  <testcase classname="ptolemy.util.test.junit.AutoTests" name="[49] /home/travis/build/icyphy/ptII/ptolemy/domains/sdf/lib/test/auto/MatrixSplit3.xml (RunModel)" time="0.013" />
  <testcase classname="ptolemy.util.test.junit.AutoTests" name="[50] /home/travis/build/icyphy/ptII/ptolemy/domains/sdf/lib/test/auto/MatrixSplit4.xml (RunModel)" time="0.018" />
  <testcase classname="ptolemy.util.test.junit.AutoTests" name="[51] /home/travis/build/icyphy/ptII/ptolemy/domains/sdf/lib/test/auto/MatrixSplit5.xml (RunModel)" time="0.021" />
  <testcase classname="ptolemy.util.test.junit.AutoTests" name="[52] /home/travis/build/icyphy/ptII/ptolemy/domains/sdf/lib/test/auto/MatrixSplit6.xml (RunModel)" time="0.013" />
  <testcase classname="ptolemy.util.test.junit.AutoTests" name="[53] /home/travis/build/icyphy/ptII/ptolemy/domains/sdf/lib/test/auto/MatrixSplit7.xml (RunModel)" time="0.012" />
  <testcase classname="ptolemy.util.test.junit.AutoTests" name="[54] /home/travis/build/icyphy/ptII/ptolemy/domains/sdf/lib/test/auto/MatrixSplit8.xml (RunModel)" time="0.012" />
  <testcase classname="ptolemy.util.test.junit.AutoTests" name="[55] /home/travis/build/icyphy/ptII/ptolemy/domains/sdf/lib/test/auto/MatrixSplit9.xml (RunModel)" time="0.023" />
  <testcase classname="ptolemy.util.test.junit.AutoTests" name="[56] /home/travis/build/icyphy/ptII/ptolemy/domains/sdf/lib/test/auto/MatrixToSequence.xml (RunModel)" time="0.037" />
  <testcase classname="ptolemy.util.test.junit.AutoTests" name="[57] /home/travis/build/icyphy/ptII/ptolemy/domains/sdf/lib/test/auto/MaximumEntropySpectrum.xml (RunModel)" time="0.082" />
  <testcase classname="ptolemy.util.test.junit.AutoTests" name="[58] /home/travis/build/icyphy/ptII/ptolemy/domains/sdf/lib/test/auto/SampleDelayConversion.xml (RunModel)" time="0.017" />
  <testcase classname="ptolemy.util.test.junit.AutoTests" name="[59] /home/travis/build/icyphy/ptII/ptolemy/domains/sdf/lib/test/auto/SequenceToArray.xml (RunModel)" time="0.042" />
  <testcase classname="ptolemy.util.test.junit.AutoTests" name="[60] /home/travis/build/icyphy/ptII/ptolemy/domains/sdf/lib/test/auto/SequenceToMatrix.xml (RunModel)" time="2.935" />
  <testcase classname="ptolemy.util.test.junit.AutoTests" name="[61] /home/travis/build/icyphy/ptII/ptolemy/domains/sdf/lib/test/auto/SmoothedPeriodogram.xml (RunModel)" time="0.056" />
  <testcase classname="ptolemy.util.test.junit.AutoTests" name="[62] /home/travis/build/icyphy/ptII/ptolemy/domains/sdf/lib/test/auto/UpDownSample1.xml (RunModel)" time="0.021" />
  <testcase classname="ptolemy.util.test.junit.AutoTests" name="[63] /home/travis/build/icyphy/ptII/ptolemy/domains/sdf/lib/test/auto/UpSample1.xml (RunModel)" time="0.014" />
  <testcase classname="ptolemy.util.test.junit.AutoTests" name="[64] /home/travis/build/icyphy/ptII/ptolemy/domains/sdf/lib/test/auto/VariableFIR.xml (RunModel)" time="0.017" />
  <testcase classname="ptolemy.util.test.junit.AutoTests" name="[65] /home/travis/build/icyphy/ptII/ptolemy/domains/sdf/lib/test/auto/VariableFIR2.xml (RunModel)" time="0.019" />
  <testcase classname="ptolemy.util.test.junit.AutoTests" name="[66] /home/travis/build/icyphy/ptII/ptolemy/domains/sdf/lib/test/auto/VariableLattice.xml (RunModel)" time="0.021" />
  <testcase classname="ptolemy.util.test.junit.AutoTests" name="[67] /home/travis/build/icyphy/ptII/ptolemy/domains/sdf/lib/test/auto/VariableLattice2.xml (RunModel)" time="0.024" />
  <testcase classname="ptolemy.util.test.junit.AutoTests" name="[68] /home/travis/build/icyphy/ptII/ptolemy/domains/sdf/lib/test/auto/VariableRecursiveLattice.xml (RunModel)" time="0.017" />
  <testcase classname="ptolemy.util.test.junit.AutoTests" name="[69] /home/travis/build/icyphy/ptII/ptolemy/domains/sdf/lib/test/auto/VariableRecursiveLattice2.xml (RunModel)" time="0.011" />
  <system-out><![CDATA[/home/travis/build/icyphy/ptII/ptolemy/domains/sdf/lib/test/ArrayToSequence.tcl
testDefs.tcl: setting time out to 9000 seconds at Thu Dec 19 07:02:57 UTC 2019
70 ms. Memory: 129024K Free: 95686K (74%)
16 ms. Memory: 129024K Free: 93638K (73%)
11 ms. Memory: 129024K Free: 91575K (71%)
12 ms. Memory: 129024K Free: 90056K (70%)
/home/travis/build/icyphy/ptII/ptolemy/domains/sdf/lib/test/BitsToInt.tcl
19 ms. Memory: 129024K Free: 88503K (69%)
7 ms. Memory: 129024K Free: 86455K (67%)
/home/travis/build/icyphy/ptII/ptolemy/domains/sdf/lib/test/DelayLine.tcl
7 ms. Memory: 129024K Free: 84936K (66%)
/home/travis/build/icyphy/ptII/ptolemy/domains/sdf/lib/test/FFT.tcl
15 ms. Memory: 129024K Free: 82888K (64%)
/home/travis/build/icyphy/ptII/ptolemy/domains/sdf/lib/test/FIR.tcl
21 ms. Memory: 129024K Free: 81343K (63%)
88 ms. Memory: 129024K Free: 77254K (60%)
ptolemy.kernel.util.IllegalActionException: multiplyReverse method not supported between ptolemy.data.FixToken 'fix(-0.0625,6,2)' and ptolemy.data.IntToken '1' because the types are incomparable.
  in .top.FIRclone
Because:
multiplyReverse method not supported between ptolemy.data.FixToken 'fix(-0.0625,6,2)' and ptolemy.data.IntToken '1' because the types are incomparable.
17 ms. Memory: 129024K Free: 74696K (58%)
/home/travis/build/icyphy/ptII/ptolemy/domains/sdf/lib/test/IntToBits.tcl
5 ms. Memory: 129024K Free: 73151K (57%)
11 ms. Memory: 129024K Free: 71624K (56%)
/home/travis/build/icyphy/ptII/ptolemy/domains/sdf/lib/test/MaximumEntropySpectrum.tcl
/home/travis/build/icyphy/ptII/ptolemy/domains/sdf/lib/test/Repeat.tcl
20 ms. Memory: 129024K Free: 49606K (38%)
/home/travis/build/icyphy/ptII/ptolemy/domains/sdf/lib/test/SampleDelay.tcl
5 ms. Memory: 129024K Free: 114292K (89%)
3 ms. Memory: 129024K Free: 113254K (88%)
3 ms. Memory: 129024K Free: 112758K (87%)
4 ms. Memory: 129024K Free: 111734K (87%)
2 ms. Memory: 129024K Free: 111033K (86%)
2 ms. Memory: 129024K Free: 110710K (86%)
/home/travis/build/icyphy/ptII/ptolemy/domains/sdf/lib/test/SequenceToArray.tcl
5 ms. Memory: 129024K Free: 109158K (85%)
4 ms. Memory: 129024K Free: 108148K (84%)
6 ms. Memory: 129024K Free: 106614K (83%)
9 ms. Memory: 129024K Free: 105590K (82%)
12/19/19 07:02:58
Failed: 0  Total Tests: 41  ((Passed: 41, Newly Passed: 0)  Known Failed: 0) /home/travis/build/icyphy/ptII/ptolemy/domains/sdf/lib/test
No auto/knownFailedTests/*.xml tests in /home/travis/build/icyphy/ptII/ptolemy/domains/sdf/lib/test
No auto/linux-amd64/*.xml tests in /home/travis/build/icyphy/ptII/ptolemy/domains/sdf/lib/test
AutoTests.java: About to close Vertx.
AutoTests.java: Vertx closed.

===========================================================================================
----------------- testing Thu Dec 19 07:02:59 UTC 2019 /home/travis/build/icyphy/ptII/ptolemy/domains/sdf/lib/test/auto/ArrayToSequence.xml
----------------- Instantiating /home/travis/build/icyphy/ptII/ptolemy/domains/sdf/lib/test/auto/ArrayToSequence.xml
42 ms. Memory: 129024K Free: 94091K (73%)
----------------- Invoking toplevel() on ptolemy.moml.MoMLSimpleApplication@10568a5e
----------------- Done invoking toplevel() on ptolemy.moml.MoMLSimpleApplication@10568a5e
reloadAllAccessors: .ArrayToSequence

===========================================================================================
----------------- testing Thu Dec 19 07:02:59 UTC 2019 /home/travis/build/icyphy/ptII/ptolemy/domains/sdf/lib/test/auto/ArrayToSequenceTest.xml
----------------- Instantiating /home/travis/build/icyphy/ptII/ptolemy/domains/sdf/lib/test/auto/ArrayToSequenceTest.xml
12 ms. Memory: 129024K Free: 88333K (68%)
----------------- Invoking toplevel() on ptolemy.moml.MoMLSimpleApplication@27c5c752
----------------- Done invoking toplevel() on ptolemy.moml.MoMLSimpleApplication@27c5c752
reloadAllAccessors: .ArrayToSequenceTest

===========================================================================================
----------------- testing Thu Dec 19 07:02:59 UTC 2019 /home/travis/build/icyphy/ptII/ptolemy/domains/sdf/lib/test/auto/Autocorrelation.xml
----------------- Instantiating /home/travis/build/icyphy/ptII/ptolemy/domains/sdf/lib/test/auto/Autocorrelation.xml
4 ms. Memory: 129024K Free: 113228K (88%)
----------------- Invoking toplevel() on ptolemy.moml.MoMLSimpleApplication@7709a1f
----------------- Done invoking toplevel() on ptolemy.moml.MoMLSimpleApplication@7709a1f
reloadAllAccessors: .Autocorrelation

===========================================================================================
----------------- testing Thu Dec 19 07:02:59 UTC 2019 /home/travis/build/icyphy/ptII/ptolemy/domains/sdf/lib/test/auto/Autocorrelation2.xml
----------------- Instantiating /home/travis/build/icyphy/ptII/ptolemy/domains/sdf/lib/test/auto/Autocorrelation2.xml
5 ms. Memory: 129024K Free: 108537K (84%)
----------------- Invoking toplevel() on ptolemy.moml.MoMLSimpleApplication@d31df0b
----------------- Done invoking toplevel() on ptolemy.moml.MoMLSimpleApplication@d31df0b
reloadAllAccessors: .Autocorrelation2

===========================================================================================
----------------- testing Thu Dec 19 07:02:59 UTC 2019 /home/travis/build/icyphy/ptII/ptolemy/domains/sdf/lib/test/auto/Autocorrelation3.xml
----------------- Instantiating /home/travis/build/icyphy/ptII/ptolemy/domains/sdf/lib/test/auto/Autocorrelation3.xml
4 ms. Memory: 129024K Free: 104773K (81%)
----------------- Invoking toplevel() on ptolemy.moml.MoMLSimpleApplication@3f7c0304
----------------- Done invoking toplevel() on ptolemy.moml.MoMLSimpleApplication@3f7c0304
reloadAllAccessors: .Autocorrelation3

===========================================================================================
----------------- testing Thu Dec 19 07:02:59 UTC 2019 /home/travis/build/icyphy/ptII/ptolemy/domains/sdf/lib/test/auto/Autocorrelation4.xml
----------------- Instantiating /home/travis/build/icyphy/ptII/ptolemy/domains/sdf/lib/test/auto/Autocorrelation4.xml
8 ms. Memory: 129024K Free: 100345K (78%)
----------------- Invoking toplevel() on ptolemy.moml.MoMLSimpleApplication@70d3a100
----------------- Done invoking toplevel() on ptolemy.moml.MoMLSimpleApplication@70d3a100
reloadAllAccessors: .Autocorrelation4

===========================================================================================
----------------- testing Thu Dec 19 07:02:59 UTC 2019 /home/travis/build/icyphy/ptII/ptolemy/domains/sdf/lib/test/auto/Autocorrelation5.xml
----------------- Instantiating /home/travis/build/icyphy/ptII/ptolemy/domains/sdf/lib/test/auto/Autocorrelation5.xml
68 ms. Memory: 129024K Free: 93809K (73%)
----------------- Invoking toplevel() on ptolemy.moml.MoMLSimpleApplication@225671c5
----------------- Done invoking toplevel() on ptolemy.moml.MoMLSimpleApplication@225671c5
reloadAllAccessors: .Autocorrelation5

===========================================================================================
----------------- testing Thu Dec 19 07:02:59 UTC 2019 /home/travis/build/icyphy/ptII/ptolemy/domains/sdf/lib/test/auto/BitsToInt.xml
----------------- Instantiating /home/travis/build/icyphy/ptII/ptolemy/domains/sdf/lib/test/auto/BitsToInt.xml
4 ms. Memory: 129024K Free: 90380K (70%)
----------------- Invoking toplevel() on ptolemy.moml.MoMLSimpleApplication@5c6e051e
----------------- Done invoking toplevel() on ptolemy.moml.MoMLSimpleApplication@5c6e051e
reloadAllAccessors: .BitsToInt

===========================================================================================
----------------- testing Thu Dec 19 07:02:59 UTC 2019 /home/travis/build/icyphy/ptII/ptolemy/domains/sdf/lib/test/auto/BooleanJoin.xml
----------------- Instantiating /home/travis/build/icyphy/ptII/ptolemy/domains/sdf/lib/test/auto/BooleanJoin.xml
8 ms. Memory: 129024K Free: 86316K (67%)
----------------- Invoking toplevel() on ptolemy.moml.MoMLSimpleApplication@14679ccc
----------------- Done invoking toplevel() on ptolemy.moml.MoMLSimpleApplication@14679ccc
reloadAllAccessors: .BooleanJoin

===========================================================================================
----------------- testing Thu Dec 19 07:02:59 UTC 2019 /home/travis/build/icyphy/ptII/ptolemy/domains/sdf/lib/test/auto/BootstrapSampleDelay.xml
----------------- Instantiating /home/travis/build/icyphy/ptII/ptolemy/domains/sdf/lib/test/auto/BootstrapSampleDelay.xml
10 ms. Memory: 129024K Free: 82545K (64%)
----------------- Invoking toplevel() on ptolemy.moml.MoMLSimpleApplication@6844e861
----------------- Done invoking toplevel() on ptolemy.moml.MoMLSimpleApplication@6844e861
reloadAllAccessors: .BootstrapSampleDelay

===========================================================================================
----------------- testing Thu Dec 19 07:02:59 UTC 2019 /home/travis/build/icyphy/ptII/ptolemy/domains/sdf/lib/test/auto/Chop.xml
----------------- Instantiating /home/travis/build/icyphy/ptII/ptolemy/domains/sdf/lib/test/auto/Chop.xml
8 ms. Memory: 129024K Free: 75060K (58%)
----------------- Invoking toplevel() on ptolemy.moml.MoMLSimpleApplication@caac683
----------------- Done invoking toplevel() on ptolemy.moml.MoMLSimpleApplication@caac683
reloadAllAccessors: .Chop

===========================================================================================
----------------- testing Thu Dec 19 07:02:59 UTC 2019 /home/travis/build/icyphy/ptII/ptolemy/domains/sdf/lib/test/auto/Chop2.xml
----------------- Instantiating /home/travis/build/icyphy/ptII/ptolemy/domains/sdf/lib/test/auto/Chop2.xml
5 ms. Memory: 162816K Free: 145468K (89%)
----------------- Invoking toplevel() on ptolemy.moml.MoMLSimpleApplication@364f590
----------------- Done invoking toplevel() on ptolemy.moml.MoMLSimpleApplication@364f590
reloadAllAccessors: .Chop2

===========================================================================================
----------------- testing Thu Dec 19 07:02:59 UTC 2019 /home/travis/build/icyphy/ptII/ptolemy/domains/sdf/lib/test/auto/ComplexJoin.xml
----------------- Instantiating /home/travis/build/icyphy/ptII/ptolemy/domains/sdf/lib/test/auto/ComplexJoin.xml
11 ms. Memory: 162816K Free: 140457K (86%)
----------------- Invoking toplevel() on ptolemy.moml.MoMLSimpleApplication@65eb6f32
----------------- Done invoking toplevel() on ptolemy.moml.MoMLSimpleApplication@65eb6f32
reloadAllAccessors: .ComplexJoin

===========================================================================================
----------------- testing Thu Dec 19 07:02:59 UTC 2019 /home/travis/build/icyphy/ptII/ptolemy/domains/sdf/lib/test/auto/CountTrues.xml
----------------- Instantiating /home/travis/build/icyphy/ptII/ptolemy/domains/sdf/lib/test/auto/CountTrues.xml
5 ms. Memory: 162816K Free: 137797K (85%)
----------------- Invoking toplevel() on ptolemy.moml.MoMLSimpleApplication@6fa47133
----------------- Done invoking toplevel() on ptolemy.moml.MoMLSimpleApplication@6fa47133
reloadAllAccessors: .CountTrues

===========================================================================================
----------------- testing Thu Dec 19 07:02:59 UTC 2019 /home/travis/build/icyphy/ptII/ptolemy/domains/sdf/lib/test/auto/DelayLine.xml
----------------- Instantiating /home/travis/build/icyphy/ptII/ptolemy/domains/sdf/lib/test/auto/DelayLine.xml
8 ms. Memory: 162816K Free: 132266K (81%)
----------------- Invoking toplevel() on ptolemy.moml.MoMLSimpleApplication@69f3b58f
----------------- Done invoking toplevel() on ptolemy.moml.MoMLSimpleApplication@69f3b58f
reloadAllAccessors: .DelayLine

===========================================================================================
----------------- testing Thu Dec 19 07:03:00 UTC 2019 /home/travis/build/icyphy/ptII/ptolemy/domains/sdf/lib/test/auto/DotProduct.xml
----------------- Instantiating /home/travis/build/icyphy/ptII/ptolemy/domains/sdf/lib/test/auto/DotProduct.xml
5 ms. Memory: 162816K Free: 129605K (80%)
----------------- Invoking toplevel() on ptolemy.moml.MoMLSimpleApplication@777ee810
----------------- Done invoking toplevel() on ptolemy.moml.MoMLSimpleApplication@777ee810
reloadAllAccessors: .DotProduct

===========================================================================================
----------------- testing Thu Dec 19 07:03:00 UTC 2019 /home/travis/build/icyphy/ptII/ptolemy/domains/sdf/lib/test/auto/DotProductMatrix.xml
----------------- Instantiating /home/travis/build/icyphy/ptII/ptolemy/domains/sdf/lib/test/auto/DotProductMatrix.xml
4 ms. Memory: 162816K Free: 126084K (77%)
----------------- Invoking toplevel() on ptolemy.moml.MoMLSimpleApplication@675608ac
----------------- Done invoking toplevel() on ptolemy.moml.MoMLSimpleApplication@675608ac
reloadAllAccessors: .DotProductMatrix

===========================================================================================
----------------- testing Thu Dec 19 07:03:00 UTC 2019 /home/travis/build/icyphy/ptII/ptolemy/domains/sdf/lib/test/auto/DownSample1.xml
----------------- Instantiating /home/travis/build/icyphy/ptII/ptolemy/domains/sdf/lib/test/auto/DownSample1.xml
4 ms. Memory: 162816K Free: 123036K (76%)
----------------- Invoking toplevel() on ptolemy.moml.MoMLSimpleApplication@1b9eb381
----------------- Done invoking toplevel() on ptolemy.moml.MoMLSimpleApplication@1b9eb381
reloadAllAccessors: .DownSample1

===========================================================================================
----------------- testing Thu Dec 19 07:03:00 UTC 2019 /home/travis/build/icyphy/ptII/ptolemy/domains/sdf/lib/test/auto/DynamicRateChange.xml
----------------- Instantiating /home/travis/build/icyphy/ptII/ptolemy/domains/sdf/lib/test/auto/DynamicRateChange.xml
16 ms. Memory: 162816K Free: 116906K (72%)
----------------- Invoking toplevel() on ptolemy.moml.MoMLSimpleApplication@68dbde3f
----------------- Done invoking toplevel() on ptolemy.moml.MoMLSimpleApplication@68dbde3f
reloadAllAccessors: .DynamicRateChange

===========================================================================================
----------------- testing Thu Dec 19 07:03:00 UTC 2019 /home/travis/build/icyphy/ptII/ptolemy/domains/sdf/lib/test/auto/DynamicRates.xml
----------------- Instantiating /home/travis/build/icyphy/ptII/ptolemy/domains/sdf/lib/test/auto/DynamicRates.xml
9 ms. Memory: 162816K Free: 112197K (69%)
----------------- Invoking toplevel() on ptolemy.moml.MoMLSimpleApplication@6da2ef19
----------------- Done invoking toplevel() on ptolemy.moml.MoMLSimpleApplication@6da2ef19
reloadAllAccessors: .DynamicRates

===========================================================================================
----------------- testing Thu Dec 19 07:03:00 UTC 2019 /home/travis/build/icyphy/ptII/ptolemy/domains/sdf/lib/test/auto/FFT1.xml
----------------- Instantiating /home/travis/build/icyphy/ptII/ptolemy/domains/sdf/lib/test/auto/FFT1.xml
9 ms. Memory: 162816K Free: 108101K (66%)
----------------- Invoking toplevel() on ptolemy.moml.MoMLSimpleApplication@226e0a42
----------------- Done invoking toplevel() on ptolemy.moml.MoMLSimpleApplication@226e0a42
reloadAllAccessors: .FFT1

===========================================================================================
----------------- testing Thu Dec 19 07:03:00 UTC 2019 /home/travis/build/icyphy/ptII/ptolemy/domains/sdf/lib/test/auto/FIR1.xml
----------------- Instantiating /home/travis/build/icyphy/ptII/ptolemy/domains/sdf/lib/test/auto/FIR1.xml
12 ms. Memory: 162816K Free: 100528K (62%)
----------------- Invoking toplevel() on ptolemy.moml.MoMLSimpleApplication@8b6eff9
----------------- Done invoking toplevel() on ptolemy.moml.MoMLSimpleApplication@8b6eff9
reloadAllAccessors: .FIR1

===========================================================================================
----------------- testing Thu Dec 19 07:03:00 UTC 2019 /home/travis/build/icyphy/ptII/ptolemy/domains/sdf/lib/test/auto/FIR2.xml
----------------- Instantiating /home/travis/build/icyphy/ptII/ptolemy/domains/sdf/lib/test/auto/FIR2.xml
2 ms. Memory: 162816K Free: 97456K (60%)
----------------- Invoking toplevel() on ptolemy.moml.MoMLSimpleApplication@2b3110dc
----------------- Done invoking toplevel() on ptolemy.moml.MoMLSimpleApplication@2b3110dc
reloadAllAccessors: .FIR2

===========================================================================================
----------------- testing Thu Dec 19 07:03:00 UTC 2019 /home/travis/build/icyphy/ptII/ptolemy/domains/sdf/lib/test/auto/FIR4.xml
----------------- Instantiating /home/travis/build/icyphy/ptII/ptolemy/domains/sdf/lib/test/auto/FIR4.xml
4 ms. Memory: 162816K Free: 89878K (55%)
----------------- Invoking toplevel() on ptolemy.moml.MoMLSimpleApplication@36254d80
----------------- Done invoking toplevel() on ptolemy.moml.MoMLSimpleApplication@36254d80
reloadAllAccessors: .FIR4

===========================================================================================
----------------- testing Thu Dec 19 07:03:00 UTC 2019 /home/travis/build/icyphy/ptII/ptolemy/domains/sdf/lib/test/auto/FixJoin.xml
----------------- Instantiating /home/travis/build/icyphy/ptII/ptolemy/domains/sdf/lib/test/auto/FixJoin.xml
3 ms. Memory: 162816K Free: 145373K (89%)
----------------- Invoking toplevel() on ptolemy.moml.MoMLSimpleApplication@54b5cba8
----------------- Done invoking toplevel() on ptolemy.moml.MoMLSimpleApplication@54b5cba8
reloadAllAccessors: .FixJoin

===========================================================================================
----------------- testing Thu Dec 19 07:03:00 UTC 2019 /home/travis/build/icyphy/ptII/ptolemy/domains/sdf/lib/test/auto/IntJoin1.xml
----------------- Instantiating /home/travis/build/icyphy/ptII/ptolemy/domains/sdf/lib/test/auto/IntJoin1.xml
2 ms. Memory: 162816K Free: 140767K (86%)
----------------- Invoking toplevel() on ptolemy.moml.MoMLSimpleApplication@6c089445
----------------- Done invoking toplevel() on ptolemy.moml.MoMLSimpleApplication@6c089445
reloadAllAccessors: .IntJoin1

===========================================================================================
----------------- testing Thu Dec 19 07:03:00 UTC 2019 /home/travis/build/icyphy/ptII/ptolemy/domains/sdf/lib/test/auto/IntJoin2.xml
----------------- Instantiating /home/travis/build/icyphy/ptII/ptolemy/domains/sdf/lib/test/auto/IntJoin2.xml
2 ms. Memory: 162816K Free: 136671K (84%)
----------------- Invoking toplevel() on ptolemy.moml.MoMLSimpleApplication@77eac668
----------------- Done invoking toplevel() on ptolemy.moml.MoMLSimpleApplication@77eac668
reloadAllAccessors: .IntJoin2

===========================================================================================
----------------- testing Thu Dec 19 07:03:00 UTC 2019 /home/travis/build/icyphy/ptII/ptolemy/domains/sdf/lib/test/auto/IntJoin3.xml
----------------- Instantiating /home/travis/build/icyphy/ptII/ptolemy/domains/sdf/lib/test/auto/IntJoin3.xml
2 ms. Memory: 162816K Free: 132061K (81%)
----------------- Invoking toplevel() on ptolemy.moml.MoMLSimpleApplication@6562e2f0
----------------- Done invoking toplevel() on ptolemy.moml.MoMLSimpleApplication@6562e2f0
reloadAllAccessors: .IntJoin3

===========================================================================================
----------------- testing Thu Dec 19 07:03:00 UTC 2019 /home/travis/build/icyphy/ptII/ptolemy/domains/sdf/lib/test/auto/IntJoin4.xml
----------------- Instantiating /home/travis/build/icyphy/ptII/ptolemy/domains/sdf/lib/test/auto/IntJoin4.xml
3 ms. Memory: 162816K Free: 127965K (79%)
----------------- Invoking toplevel() on ptolemy.moml.MoMLSimpleApplication@32df60b2
----------------- Done invoking toplevel() on ptolemy.moml.MoMLSimpleApplication@32df60b2
reloadAllAccessors: .IntJoin4

===========================================================================================
----------------- testing Thu Dec 19 07:03:00 UTC 2019 /home/travis/build/icyphy/ptII/ptolemy/domains/sdf/lib/test/auto/IntJoin5.xml
----------------- Instantiating /home/travis/build/icyphy/ptII/ptolemy/domains/sdf/lib/test/auto/IntJoin5.xml
3 ms. Memory: 162816K Free: 123359K (76%)
----------------- Invoking toplevel() on ptolemy.moml.MoMLSimpleApplication@4a9832fd
----------------- Done invoking toplevel() on ptolemy.moml.MoMLSimpleApplication@4a9832fd
reloadAllAccessors: .IntJoin5

===========================================================================================
----------------- testing Thu Dec 19 07:03:00 UTC 2019 /home/travis/build/icyphy/ptII/ptolemy/domains/sdf/lib/test/auto/IntToBits.xml
----------------- Instantiating /home/travis/build/icyphy/ptII/ptolemy/domains/sdf/lib/test/auto/IntToBits.xml
1 ms. Memory: 162816K Free: 120767K (74%)
----------------- Invoking toplevel() on ptolemy.moml.MoMLSimpleApplication@63143e63
----------------- Done invoking toplevel() on ptolemy.moml.MoMLSimpleApplication@63143e63
reloadAllAccessors: .IntToBits

===========================================================================================
----------------- testing Thu Dec 19 07:03:00 UTC 2019 /home/travis/build/icyphy/ptII/ptolemy/domains/sdf/lib/test/auto/LMSAdaptive.xml
----------------- Instantiating /home/travis/build/icyphy/ptII/ptolemy/domains/sdf/lib/test/auto/LMSAdaptive.xml
11 ms. Memory: 162816K Free: 111567K (69%)
----------------- Invoking toplevel() on ptolemy.moml.MoMLSimpleApplication@1ed7e02b
----------------- Done invoking toplevel() on ptolemy.moml.MoMLSimpleApplication@1ed7e02b
reloadAllAccessors: .LMSAdaptive

===========================================================================================
----------------- testing Thu Dec 19 07:03:00 UTC 2019 /home/travis/build/icyphy/ptII/ptolemy/domains/sdf/lib/test/auto/LMSAdaptiveFIR.xml
----------------- Instantiating /home/travis/build/icyphy/ptII/ptolemy/domains/sdf/lib/test/auto/LMSAdaptiveFIR.xml
272 ms. Memory: 162816K Free: 77279K (47%)
----------------- Invoking toplevel() on ptolemy.moml.MoMLSimpleApplication@79cf1a9
----------------- Done invoking toplevel() on ptolemy.moml.MoMLSimpleApplication@79cf1a9
reloadAllAccessors: .LMSAdaptiveFIR

===========================================================================================
----------------- testing Thu Dec 19 07:03:00 UTC 2019 /home/travis/build/icyphy/ptII/ptolemy/domains/sdf/lib/test/auto/LMSAdaptiveFIR2.xml
----------------- Instantiating /home/travis/build/icyphy/ptII/ptolemy/domains/sdf/lib/test/auto/LMSAdaptiveFIR2.xml
406 ms. Memory: 162816K Free: 95132K (58%)
----------------- Invoking toplevel() on ptolemy.moml.MoMLSimpleApplication@14b90e62
----------------- Done invoking toplevel() on ptolemy.moml.MoMLSimpleApplication@14b90e62
reloadAllAccessors: .LMSAdaptiveFIR2

===========================================================================================
----------------- testing Thu Dec 19 07:03:01 UTC 2019 /home/travis/build/icyphy/ptII/ptolemy/domains/sdf/lib/test/auto/LongJoin.xml
----------------- Instantiating /home/travis/build/icyphy/ptII/ptolemy/domains/sdf/lib/test/auto/LongJoin.xml
2 ms. Memory: 162816K Free: 91036K (56%)
----------------- Invoking toplevel() on ptolemy.moml.MoMLSimpleApplication@1fc4fae3
----------------- Done invoking toplevel() on ptolemy.moml.MoMLSimpleApplication@1fc4fae3
reloadAllAccessors: .LongJoin

===========================================================================================
----------------- testing Thu Dec 19 07:03:01 UTC 2019 /home/travis/build/icyphy/ptII/ptolemy/domains/sdf/lib/test/auto/Matrix1.xml
----------------- Instantiating /home/travis/build/icyphy/ptII/ptolemy/domains/sdf/lib/test/auto/Matrix1.xml
4 ms. Memory: 162816K Free: 86940K (53%)
----------------- Invoking toplevel() on ptolemy.moml.MoMLSimpleApplication@7af6882b
----------------- Done invoking toplevel() on ptolemy.moml.MoMLSimpleApplication@7af6882b
reloadAllAccessors: .Matrix1

===========================================================================================
----------------- testing Thu Dec 19 07:03:01 UTC 2019 /home/travis/build/icyphy/ptII/ptolemy/domains/sdf/lib/test/auto/Matrix2.xml
----------------- Instantiating /home/travis/build/icyphy/ptII/ptolemy/domains/sdf/lib/test/auto/Matrix2.xml
7 ms. Memory: 162816K Free: 82844K (51%)
----------------- Invoking toplevel() on ptolemy.moml.MoMLSimpleApplication@fdc9036
----------------- Done invoking toplevel() on ptolemy.moml.MoMLSimpleApplication@fdc9036
reloadAllAccessors: .Matrix2

===========================================================================================
----------------- testing Thu Dec 19 07:03:01 UTC 2019 /home/travis/build/icyphy/ptII/ptolemy/domains/sdf/lib/test/auto/MatrixJoin1.xml
----------------- Instantiating /home/travis/build/icyphy/ptII/ptolemy/domains/sdf/lib/test/auto/MatrixJoin1.xml
3 ms. Memory: 162816K Free: 78748K (48%)
----------------- Invoking toplevel() on ptolemy.moml.MoMLSimpleApplication@1138764a
----------------- Done invoking toplevel() on ptolemy.moml.MoMLSimpleApplication@1138764a
reloadAllAccessors: .MatrixJoin1

===========================================================================================
----------------- testing Thu Dec 19 07:03:01 UTC 2019 /home/travis/build/icyphy/ptII/ptolemy/domains/sdf/lib/test/auto/MatrixJoin2.xml
----------------- Instantiating /home/travis/build/icyphy/ptII/ptolemy/domains/sdf/lib/test/auto/MatrixJoin2.xml
2 ms. Memory: 162816K Free: 74138K (46%)
----------------- Invoking toplevel() on ptolemy.moml.MoMLSimpleApplication@4c9bace6
----------------- Done invoking toplevel() on ptolemy.moml.MoMLSimpleApplication@4c9bace6
reloadAllAccessors: .MatrixJoin2

===========================================================================================
----------------- testing Thu Dec 19 07:03:01 UTC 2019 /home/travis/build/icyphy/ptII/ptolemy/domains/sdf/lib/test/auto/MatrixJoin3.xml
----------------- Instantiating /home/travis/build/icyphy/ptII/ptolemy/domains/sdf/lib/test/auto/MatrixJoin3.xml
5 ms. Memory: 162816K Free: 70012K (43%)
----------------- Invoking toplevel() on ptolemy.moml.MoMLSimpleApplication@60a6eae0
----------------- Done invoking toplevel() on ptolemy.moml.MoMLSimpleApplication@60a6eae0
reloadAllAccessors: .MatrixJoin3

===========================================================================================
----------------- testing Thu Dec 19 07:03:01 UTC 2019 /home/travis/build/icyphy/ptII/ptolemy/domains/sdf/lib/test/auto/MatrixJoin4.xml
----------------- Instantiating /home/travis/build/icyphy/ptII/ptolemy/domains/sdf/lib/test/auto/MatrixJoin4.xml
8 ms. Memory: 162816K Free: 147340K (90%)
----------------- Invoking toplevel() on ptolemy.moml.MoMLSimpleApplication@451cdae7
----------------- Done invoking toplevel() on ptolemy.moml.MoMLSimpleApplication@451cdae7
reloadAllAccessors: .MatrixJoin4

===========================================================================================
----------------- testing Thu Dec 19 07:03:01 UTC 2019 /home/travis/build/icyphy/ptII/ptolemy/domains/sdf/lib/test/auto/MatrixJoin5.xml
----------------- Instantiating /home/travis/build/icyphy/ptII/ptolemy/domains/sdf/lib/test/auto/MatrixJoin5.xml
2 ms. Memory: 162816K Free: 142220K (87%)
----------------- Invoking toplevel() on ptolemy.moml.MoMLSimpleApplication@39d05626
----------------- Done invoking toplevel() on ptolemy.moml.MoMLSimpleApplication@39d05626
reloadAllAccessors: .MatrixJoin5

===========================================================================================
----------------- testing Thu Dec 19 07:03:01 UTC 2019 /home/travis/build/icyphy/ptII/ptolemy/domains/sdf/lib/test/auto/MatrixSplit1.xml
----------------- Instantiating /home/travis/build/icyphy/ptII/ptolemy/domains/sdf/lib/test/auto/MatrixSplit1.xml
2 ms. Memory: 162816K Free: 137100K (84%)
----------------- Invoking toplevel() on ptolemy.moml.MoMLSimpleApplication@48be3ebb
----------------- Done invoking toplevel() on ptolemy.moml.MoMLSimpleApplication@48be3ebb
reloadAllAccessors: .MatrixSplit1

===========================================================================================
----------------- testing Thu Dec 19 07:03:01 UTC 2019 /home/travis/build/icyphy/ptII/ptolemy/domains/sdf/lib/test/auto/MatrixSplit10.xml
----------------- Instantiating /home/travis/build/icyphy/ptII/ptolemy/domains/sdf/lib/test/auto/MatrixSplit10.xml
3 ms. Memory: 162816K Free: 133518K (82%)
----------------- Invoking toplevel() on ptolemy.moml.MoMLSimpleApplication@1a913238
----------------- Done invoking toplevel() on ptolemy.moml.MoMLSimpleApplication@1a913238
reloadAllAccessors: .MatrixSplit10

===========================================================================================
----------------- testing Thu Dec 19 07:03:01 UTC 2019 /home/travis/build/icyphy/ptII/ptolemy/domains/sdf/lib/test/auto/MatrixSplit11.xml
----------------- Instantiating /home/travis/build/icyphy/ptII/ptolemy/domains/sdf/lib/test/auto/MatrixSplit11.xml
2 ms. Memory: 162816K Free: 130446K (80%)
----------------- Invoking toplevel() on ptolemy.moml.MoMLSimpleApplication@6834806b
----------------- Done invoking toplevel() on ptolemy.moml.MoMLSimpleApplication@6834806b
reloadAllAccessors: .MatrixSplit11

===========================================================================================
----------------- testing Thu Dec 19 07:03:01 UTC 2019 /home/travis/build/icyphy/ptII/ptolemy/domains/sdf/lib/test/auto/MatrixSplit12.xml
----------------- Instantiating /home/travis/build/icyphy/ptII/ptolemy/domains/sdf/lib/test/auto/MatrixSplit12.xml
2 ms. Memory: 162816K Free: 126860K (78%)
----------------- Invoking toplevel() on ptolemy.moml.MoMLSimpleApplication@1bcfbc96
----------------- Done invoking toplevel() on ptolemy.moml.MoMLSimpleApplication@1bcfbc96
reloadAllAccessors: .MatrixSplit12

===========================================================================================
----------------- testing Thu Dec 19 07:03:01 UTC 2019 /home/travis/build/icyphy/ptII/ptolemy/domains/sdf/lib/test/auto/MatrixSplit13.xml
----------------- Instantiating /home/travis/build/icyphy/ptII/ptolemy/domains/sdf/lib/test/auto/MatrixSplit13.xml
3 ms. Memory: 162816K Free: 123278K (76%)
----------------- Invoking toplevel() on ptolemy.moml.MoMLSimpleApplication@115eda4c
----------------- Done invoking toplevel() on ptolemy.moml.MoMLSimpleApplication@115eda4c
reloadAllAccessors: .MatrixSplit13

===========================================================================================
----------------- testing Thu Dec 19 07:03:01 UTC 2019 /home/travis/build/icyphy/ptII/ptolemy/domains/sdf/lib/test/auto/MatrixSplit14.xml
----------------- Instantiating /home/travis/build/icyphy/ptII/ptolemy/domains/sdf/lib/test/auto/MatrixSplit14.xml
1 ms. Memory: 162816K Free: 119692K (74%)
----------------- Invoking toplevel() on ptolemy.moml.MoMLSimpleApplication@32a54393
----------------- Done invoking toplevel() on ptolemy.moml.MoMLSimpleApplication@32a54393
reloadAllAccessors: .MatrixSplit14

===========================================================================================
----------------- testing Thu Dec 19 07:03:01 UTC 2019 /home/travis/build/icyphy/ptII/ptolemy/domains/sdf/lib/test/auto/MatrixSplit2.xml
----------------- Instantiating /home/travis/build/icyphy/ptII/ptolemy/domains/sdf/lib/test/auto/MatrixSplit2.xml
2 ms. Memory: 162816K Free: 116110K (71%)
----------------- Invoking toplevel() on ptolemy.moml.MoMLSimpleApplication@63ee01f6
----------------- Done invoking toplevel() on ptolemy.moml.MoMLSimpleApplication@63ee01f6
reloadAllAccessors: .MatrixSplit2

===========================================================================================
----------------- testing Thu Dec 19 07:03:01 UTC 2019 /home/travis/build/icyphy/ptII/ptolemy/domains/sdf/lib/test/auto/MatrixSplit3.xml
----------------- Instantiating /home/travis/build/icyphy/ptII/ptolemy/domains/sdf/lib/test/auto/MatrixSplit3.xml
2 ms. Memory: 162816K Free: 112524K (69%)
----------------- Invoking toplevel() on ptolemy.moml.MoMLSimpleApplication@5f320082
----------------- Done invoking toplevel() on ptolemy.moml.MoMLSimpleApplication@5f320082
reloadAllAccessors: .MatrixSplit3

===========================================================================================
----------------- testing Thu Dec 19 07:03:01 UTC 2019 /home/travis/build/icyphy/ptII/ptolemy/domains/sdf/lib/test/auto/MatrixSplit4.xml
----------------- Instantiating /home/travis/build/icyphy/ptII/ptolemy/domains/sdf/lib/test/auto/MatrixSplit4.xml
2 ms. Memory: 162816K Free: 108942K (67%)
----------------- Invoking toplevel() on ptolemy.moml.MoMLSimpleApplication@76f23718
----------------- Done invoking toplevel() on ptolemy.moml.MoMLSimpleApplication@76f23718
reloadAllAccessors: .MatrixSplit4

===========================================================================================
----------------- testing Thu Dec 19 07:03:01 UTC 2019 /home/travis/build/icyphy/ptII/ptolemy/domains/sdf/lib/test/auto/MatrixSplit5.xml
----------------- Instantiating /home/travis/build/icyphy/ptII/ptolemy/domains/sdf/lib/test/auto/MatrixSplit5.xml
7 ms. Memory: 162816K Free: 105356K (65%)
----------------- Invoking toplevel() on ptolemy.moml.MoMLSimpleApplication@75b0dcb1
----------------- Done invoking toplevel() on ptolemy.moml.MoMLSimpleApplication@75b0dcb1
reloadAllAccessors: .MatrixSplit5

===========================================================================================
----------------- testing Thu Dec 19 07:03:01 UTC 2019 /home/travis/build/icyphy/ptII/ptolemy/domains/sdf/lib/test/auto/MatrixSplit6.xml
----------------- Instantiating /home/travis/build/icyphy/ptII/ptolemy/domains/sdf/lib/test/auto/MatrixSplit6.xml
2 ms. Memory: 162816K Free: 101774K (63%)
----------------- Invoking toplevel() on ptolemy.moml.MoMLSimpleApplication@3c2b55f
----------------- Done invoking toplevel() on ptolemy.moml.MoMLSimpleApplication@3c2b55f
reloadAllAccessors: .MatrixSplit6

===========================================================================================
----------------- testing Thu Dec 19 07:03:01 UTC 2019 /home/travis/build/icyphy/ptII/ptolemy/domains/sdf/lib/test/auto/MatrixSplit7.xml
----------------- Instantiating /home/travis/build/icyphy/ptII/ptolemy/domains/sdf/lib/test/auto/MatrixSplit7.xml
2 ms. Memory: 162816K Free: 98188K (60%)
----------------- Invoking toplevel() on ptolemy.moml.MoMLSimpleApplication@2cf98444
----------------- Done invoking toplevel() on ptolemy.moml.MoMLSimpleApplication@2cf98444
reloadAllAccessors: .MatrixSplit7

===========================================================================================
----------------- testing Thu Dec 19 07:03:01 UTC 2019 /home/travis/build/icyphy/ptII/ptolemy/domains/sdf/lib/test/auto/MatrixSplit8.xml
----------------- Instantiating /home/travis/build/icyphy/ptII/ptolemy/domains/sdf/lib/test/auto/MatrixSplit8.xml
2 ms. Memory: 162816K Free: 94606K (58%)
----------------- Invoking toplevel() on ptolemy.moml.MoMLSimpleApplication@1f0da6bd
----------------- Done invoking toplevel() on ptolemy.moml.MoMLSimpleApplication@1f0da6bd
reloadAllAccessors: .MatrixSplit8

===========================================================================================
----------------- testing Thu Dec 19 07:03:01 UTC 2019 /home/travis/build/icyphy/ptII/ptolemy/domains/sdf/lib/test/auto/MatrixSplit9.xml
----------------- Instantiating /home/travis/build/icyphy/ptII/ptolemy/domains/sdf/lib/test/auto/MatrixSplit9.xml
3 ms. Memory: 162816K Free: 91020K (56%)
----------------- Invoking toplevel() on ptolemy.moml.MoMLSimpleApplication@4244de6e
----------------- Done invoking toplevel() on ptolemy.moml.MoMLSimpleApplication@4244de6e
reloadAllAccessors: .MatrixSplit9

===========================================================================================
----------------- testing Thu Dec 19 07:03:01 UTC 2019 /home/travis/build/icyphy/ptII/ptolemy/domains/sdf/lib/test/auto/MatrixToSequence.xml
----------------- Instantiating /home/travis/build/icyphy/ptII/ptolemy/domains/sdf/lib/test/auto/MatrixToSequence.xml
11 ms. Memory: 162816K Free: 81804K (50%)
----------------- Invoking toplevel() on ptolemy.moml.MoMLSimpleApplication@3463038b
----------------- Done invoking toplevel() on ptolemy.moml.MoMLSimpleApplication@3463038b
reloadAllAccessors: .MatrixToSequence

===========================================================================================
----------------- testing Thu Dec 19 07:03:01 UTC 2019 /home/travis/build/icyphy/ptII/ptolemy/domains/sdf/lib/test/auto/MaximumEntropySpectrum.xml
----------------- Instantiating /home/travis/build/icyphy/ptII/ptolemy/domains/sdf/lib/test/auto/MaximumEntropySpectrum.xml
12 ms. Memory: 162816K Free: 60814K (37%)
----------------- Invoking toplevel() on ptolemy.moml.MoMLSimpleApplication@352bd9c7
----------------- Done invoking toplevel() on ptolemy.moml.MoMLSimpleApplication@352bd9c7
reloadAllAccessors: .MaximumEntropySpectrum

===========================================================================================
----------------- testing Thu Dec 19 07:03:02 UTC 2019 /home/travis/build/icyphy/ptII/ptolemy/domains/sdf/lib/test/auto/SampleDelayConversion.xml
----------------- Instantiating /home/travis/build/icyphy/ptII/ptolemy/domains/sdf/lib/test/auto/SampleDelayConversion.xml
2 ms. Memory: 162816K Free: 56718K (35%)
----------------- Invoking toplevel() on ptolemy.moml.MoMLSimpleApplication@486f7d50
----------------- Done invoking toplevel() on ptolemy.moml.MoMLSimpleApplication@486f7d50
reloadAllAccessors: .SampleDelayConversion

===========================================================================================
----------------- testing Thu Dec 19 07:03:02 UTC 2019 /home/travis/build/icyphy/ptII/ptolemy/domains/sdf/lib/test/auto/SequenceToArray.xml
----------------- Instantiating /home/travis/build/icyphy/ptII/ptolemy/domains/sdf/lib/test/auto/SequenceToArray.xml
8 ms. Memory: 162816K Free: 141001K (87%)
----------------- Invoking toplevel() on ptolemy.moml.MoMLSimpleApplication@36d0d5d8
----------------- Done invoking toplevel() on ptolemy.moml.MoMLSimpleApplication@36d0d5d8
reloadAllAccessors: .SequenceToArray

===========================================================================================
----------------- testing Thu Dec 19 07:03:02 UTC 2019 /home/travis/build/icyphy/ptII/ptolemy/domains/sdf/lib/test/auto/SequenceToMatrix.xml
----------------- Instantiating /home/travis/build/icyphy/ptII/ptolemy/domains/sdf/lib/test/auto/SequenceToMatrix.xml
2914 ms. Memory: 162816K Free: 93014K (57%)
----------------- Invoking toplevel() on ptolemy.moml.MoMLSimpleApplication@46816b1
----------------- Done invoking toplevel() on ptolemy.moml.MoMLSimpleApplication@46816b1
reloadAllAccessors: .SequenceToMatrix

===========================================================================================
----------------- testing Thu Dec 19 07:03:05 UTC 2019 /home/travis/build/icyphy/ptII/ptolemy/domains/sdf/lib/test/auto/SmoothedPeriodogram.xml
----------------- Instantiating /home/travis/build/icyphy/ptII/ptolemy/domains/sdf/lib/test/auto/SmoothedPeriodogram.xml
13 ms. Memory: 162816K Free: 77654K (48%)
----------------- Invoking toplevel() on ptolemy.moml.MoMLSimpleApplication@3a8a6210
----------------- Done invoking toplevel() on ptolemy.moml.MoMLSimpleApplication@3a8a6210
reloadAllAccessors: .SmoothedPeriodogram

===========================================================================================
----------------- testing Thu Dec 19 07:03:05 UTC 2019 /home/travis/build/icyphy/ptII/ptolemy/domains/sdf/lib/test/auto/UpDownSample1.xml
----------------- Instantiating /home/travis/build/icyphy/ptII/ptolemy/domains/sdf/lib/test/auto/UpDownSample1.xml
8 ms. Memory: 162816K Free: 73558K (45%)
----------------- Invoking toplevel() on ptolemy.moml.MoMLSimpleApplication@7824a824
----------------- Done invoking toplevel() on ptolemy.moml.MoMLSimpleApplication@7824a824
reloadAllAccessors: .UpDownSample1

===========================================================================================
----------------- testing Thu Dec 19 07:03:05 UTC 2019 /home/travis/build/icyphy/ptII/ptolemy/domains/sdf/lib/test/auto/UpSample1.xml
----------------- Instantiating /home/travis/build/icyphy/ptII/ptolemy/domains/sdf/lib/test/auto/UpSample1.xml
2 ms. Memory: 162816K Free: 69976K (43%)
----------------- Invoking toplevel() on ptolemy.moml.MoMLSimpleApplication@78cbd43e
----------------- Done invoking toplevel() on ptolemy.moml.MoMLSimpleApplication@78cbd43e
reloadAllAccessors: .UpSample1

===========================================================================================
----------------- testing Thu Dec 19 07:03:05 UTC 2019 /home/travis/build/icyphy/ptII/ptolemy/domains/sdf/lib/test/auto/VariableFIR.xml
----------------- Instantiating /home/travis/build/icyphy/ptII/ptolemy/domains/sdf/lib/test/auto/VariableFIR.xml
3 ms. Memory: 162816K Free: 64856K (40%)
----------------- Invoking toplevel() on ptolemy.moml.MoMLSimpleApplication@6cfd7f14
----------------- Done invoking toplevel() on ptolemy.moml.MoMLSimpleApplication@6cfd7f14
reloadAllAccessors: .VariableFIR

===========================================================================================
----------------- testing Thu Dec 19 07:03:05 UTC 2019 /home/travis/build/icyphy/ptII/ptolemy/domains/sdf/lib/test/auto/VariableFIR2.xml
----------------- Instantiating /home/travis/build/icyphy/ptII/ptolemy/domains/sdf/lib/test/auto/VariableFIR2.xml
3 ms. Memory: 162816K Free: 59736K (37%)
----------------- Invoking toplevel() on ptolemy.moml.MoMLSimpleApplication@65800fbd
----------------- Done invoking toplevel() on ptolemy.moml.MoMLSimpleApplication@65800fbd
reloadAllAccessors: .VariableFIR2

===========================================================================================
----------------- testing Thu Dec 19 07:03:05 UTC 2019 /home/travis/build/icyphy/ptII/ptolemy/domains/sdf/lib/test/auto/VariableLattice.xml
----------------- Instantiating /home/travis/build/icyphy/ptII/ptolemy/domains/sdf/lib/test/auto/VariableLattice.xml
3 ms. Memory: 162816K Free: 53592K (33%)
----------------- Invoking toplevel() on ptolemy.moml.MoMLSimpleApplication@795966c6
----------------- Done invoking toplevel() on ptolemy.moml.MoMLSimpleApplication@795966c6
reloadAllAccessors: .VariableLattice

===========================================================================================
----------------- testing Thu Dec 19 07:03:05 UTC 2019 /home/travis/build/icyphy/ptII/ptolemy/domains/sdf/lib/test/auto/VariableLattice2.xml
----------------- Instantiating /home/travis/build/icyphy/ptII/ptolemy/domains/sdf/lib/test/auto/VariableLattice2.xml
1.0
-1.999999602036
1.9099998677481
-0.9099996420674
0.205
0.0
0.0
1.0
-0.25
-0.5
0.0
0.0
0.0
0.0
3 ms. Memory: 162816K Free: 144636K (89%)
----------------- Invoking toplevel() on ptolemy.moml.MoMLSimpleApplication@4130908d
----------------- Done invoking toplevel() on ptolemy.moml.MoMLSimpleApplication@4130908d
reloadAllAccessors: .VariableLattice2

===========================================================================================
----------------- testing Thu Dec 19 07:03:05 UTC 2019 /home/travis/build/icyphy/ptII/ptolemy/domains/sdf/lib/test/auto/VariableRecursiveLattice.xml
----------------- Instantiating /home/travis/build/icyphy/ptII/ptolemy/domains/sdf/lib/test/auto/VariableRecursiveLattice.xml
2 ms. Memory: 162816K Free: 140026K (86%)
----------------- Invoking toplevel() on ptolemy.moml.MoMLSimpleApplication@12139889
----------------- Done invoking toplevel() on ptolemy.moml.MoMLSimpleApplication@12139889
reloadAllAccessors: .VariableRecursiveLattice

===========================================================================================
----------------- testing Thu Dec 19 07:03:05 UTC 2019 /home/travis/build/icyphy/ptII/ptolemy/domains/sdf/lib/test/auto/VariableRecursiveLattice2.xml
----------------- Instantiating /home/travis/build/icyphy/ptII/ptolemy/domains/sdf/lib/test/auto/VariableRecursiveLattice2.xml
2 ms. Memory: 162816K Free: 135930K (83%)
----------------- Invoking toplevel() on ptolemy.moml.MoMLSimpleApplication@5696b75
----------------- Done invoking toplevel() on ptolemy.moml.MoMLSimpleApplication@5696b75
reloadAllAccessors: .VariableRecursiveLattice2
AutoTests.java: About to close Vertx.
AutoTests.java: Vertx closed.
]]></system-out>
  <system-err><![CDATA[]]></system-err>
</testsuite>
