<?xml version="1.0" encoding="UTF-8" ?>
<testsuite errors="0" failures="0" hostname="travis-job-be95f188-80e6-4d07-b63b-761f61aa4411" name="ptolemy.domains.continuous.test.junit.JUnitTclTest" skipped="0" tests="155" time="72.231" timestamp="2018-09-08T02:05:30">
  <properties>
[...]
</properties>
  <testcase classname="ptolemy.util.test.junit.TclTests" name="[0] ThereAreNoTclTests (RunTclFile)" time="0.002" />
  <testcase classname="ptolemy.util.test.junit.AutoKnownFailedTests" name="[0] ThereAreNoKnowFailedTests (RunModel)" time="0.001" />
  <testcase classname="ptolemy.util.test.junit.AutoNameArchTests" name="[0] ThereAreNoAutoArchTests (RunModel)" time="0.002" />
  <testcase classname="ptolemy.util.test.junit.AutoTests" name="[0] /home/travis/build/icyphy/ptII/ptolemy/domains/continuous/test/auto/BouncingBall.xml (RunModel)" time="2.752" />
  <testcase classname="ptolemy.util.test.junit.AutoTests" name="[1] /home/travis/build/icyphy/ptII/ptolemy/domains/continuous/test/auto/BouncingBallWithoutGR.xml (RunModel)" time="1.021" />
  <testcase classname="ptolemy.util.test.junit.AutoTests" name="[2] /home/travis/build/icyphy/ptII/ptolemy/domains/continuous/test/auto/Brownian.xml (RunModel)" time="0.124" />
  <testcase classname="ptolemy.util.test.junit.AutoTests" name="[3] /home/travis/build/icyphy/ptII/ptolemy/domains/continuous/test/auto/CarTracking.xml (RunModel)" time="3.729" />
  <testcase classname="ptolemy.util.test.junit.AutoTests" name="[4] /home/travis/build/icyphy/ptII/ptolemy/domains/continuous/test/auto/CartPendulum.xml (RunModel)" time="0.471" />
  <testcase classname="ptolemy.util.test.junit.AutoTests" name="[5] /home/travis/build/icyphy/ptII/ptolemy/domains/continuous/test/auto/CausalityInterface10.xml (RunModel)" time="0.052" />
  <testcase classname="ptolemy.util.test.junit.AutoTests" name="[6] /home/travis/build/icyphy/ptII/ptolemy/domains/continuous/test/auto/CausalityInterface11.xml (RunModel)" time="0.037" />
  <testcase classname="ptolemy.util.test.junit.AutoTests" name="[7] /home/travis/build/icyphy/ptII/ptolemy/domains/continuous/test/auto/CausalityInterface12.xml (RunModel)" time="0.037" />
  <testcase classname="ptolemy.util.test.junit.AutoTests" name="[8] /home/travis/build/icyphy/ptII/ptolemy/domains/continuous/test/auto/CausalityInterface13.xml (RunModel)" time="0.039" />
  <testcase classname="ptolemy.util.test.junit.AutoTests" name="[9] /home/travis/build/icyphy/ptII/ptolemy/domains/continuous/test/auto/CausalityInterface14.xml (RunModel)" time="0.026" />
  <testcase classname="ptolemy.util.test.junit.AutoTests" name="[10] /home/travis/build/icyphy/ptII/ptolemy/domains/continuous/test/auto/CausalityInterface4.xml (RunModel)" time="0.027" />
  <testcase classname="ptolemy.util.test.junit.AutoTests" name="[11] /home/travis/build/icyphy/ptII/ptolemy/domains/continuous/test/auto/CausalityInterface5.xml (RunModel)" time="0.045" />
  <testcase classname="ptolemy.util.test.junit.AutoTests" name="[12] /home/travis/build/icyphy/ptII/ptolemy/domains/continuous/test/auto/CausalityInterface6.xml (RunModel)" time="0.04" />
  <testcase classname="ptolemy.util.test.junit.AutoTests" name="[13] /home/travis/build/icyphy/ptII/ptolemy/domains/continuous/test/auto/CausalityInterface7.xml (RunModel)" time="0.059" />
  <testcase classname="ptolemy.util.test.junit.AutoTests" name="[14] /home/travis/build/icyphy/ptII/ptolemy/domains/continuous/test/auto/CausalityInterface8.xml (RunModel)" time="0.043" />
  <testcase classname="ptolemy.util.test.junit.AutoTests" name="[15] /home/travis/build/icyphy/ptII/ptolemy/domains/continuous/test/auto/CausalityInterface9.xml (RunModel)" time="0.048" />
  <testcase classname="ptolemy.util.test.junit.AutoTests" name="[16] /home/travis/build/icyphy/ptII/ptolemy/domains/continuous/test/auto/CausalityInterfaceFeedback1.xml (RunModel)" time="0.027" />
  <testcase classname="ptolemy.util.test.junit.AutoTests" name="[17] /home/travis/build/icyphy/ptII/ptolemy/domains/continuous/test/auto/CausalityInterfaceFeedback2.xml (RunModel)" time="0.034" />
  <testcase classname="ptolemy.util.test.junit.AutoTests" name="[18] /home/travis/build/icyphy/ptII/ptolemy/domains/continuous/test/auto/CompareWithCurrentTime.xml (RunModel)" time="0.03" />
  <testcase classname="ptolemy.util.test.junit.AutoTests" name="[19] /home/travis/build/icyphy/ptII/ptolemy/domains/continuous/test/auto/ComparedClocks.xml (RunModel)" time="0.085" />
  <testcase classname="ptolemy.util.test.junit.AutoTests" name="[20] /home/travis/build/icyphy/ptII/ptolemy/domains/continuous/test/auto/ContinuousAOCClone.xml (RunModel)" time="2.755" />
  <testcase classname="ptolemy.util.test.junit.AutoTests" name="[21] /home/travis/build/icyphy/ptII/ptolemy/domains/continuous/test/auto/ContinuousClock.xml (RunModel)" time="0.089" />
  <testcase classname="ptolemy.util.test.junit.AutoTests" name="[22] /home/travis/build/icyphy/ptII/ptolemy/domains/continuous/test/auto/ContinuousInContinuous.xml (RunModel)" time="0.095" />
  <testcase classname="ptolemy.util.test.junit.AutoTests" name="[23] /home/travis/build/icyphy/ptII/ptolemy/domains/continuous/test/auto/ContinuousInContinuousInContinuous.xml (RunModel)" time="0.024" />
  <testcase classname="ptolemy.util.test.junit.AutoTests" name="[24] /home/travis/build/icyphy/ptII/ptolemy/domains/continuous/test/auto/ContinuousInDE.xml (RunModel)" time="0.093" />
  <testcase classname="ptolemy.util.test.junit.AutoTests" name="[25] /home/travis/build/icyphy/ptII/ptolemy/domains/continuous/test/auto/ContinuousInDE2.xml (RunModel)" time="0.083" />
  <testcase classname="ptolemy.util.test.junit.AutoTests" name="[26] /home/travis/build/icyphy/ptII/ptolemy/domains/continuous/test/auto/ContinuousInDE3.xml (RunModel)" time="0.067" />
  <testcase classname="ptolemy.util.test.junit.AutoTests" name="[27] /home/travis/build/icyphy/ptII/ptolemy/domains/continuous/test/auto/ContinuousInDE4.xml (RunModel)" time="0.036" />
  <testcase classname="ptolemy.util.test.junit.AutoTests" name="[28] /home/travis/build/icyphy/ptII/ptolemy/domains/continuous/test/auto/ContinuousInDEDifferentRefinements.xml (RunModel)" time="0.122" />
  <testcase classname="ptolemy.util.test.junit.AutoTests" name="[29] /home/travis/build/icyphy/ptII/ptolemy/domains/continuous/test/auto/ContinuousInDEDifferentRefinementsPreemptive.xml (RunModel)" time="0.096" />
  <testcase classname="ptolemy.util.test.junit.AutoTests" name="[30] /home/travis/build/icyphy/ptII/ptolemy/domains/continuous/test/auto/ContinuousInDEInContinuous2.xml (RunModel)" time="0.107" />
  <testcase classname="ptolemy.util.test.junit.AutoTests" name="[31] /home/travis/build/icyphy/ptII/ptolemy/domains/continuous/test/auto/ContinuousInDEInContinuous3.xml (RunModel)" time="0.064" />
  <testcase classname="ptolemy.util.test.junit.AutoTests" name="[32] /home/travis/build/icyphy/ptII/ptolemy/domains/continuous/test/auto/ContinuousInDEInput.xml (RunModel)" time="0.032" />
  <testcase classname="ptolemy.util.test.junit.AutoTests" name="[33] /home/travis/build/icyphy/ptII/ptolemy/domains/continuous/test/auto/ContinuousInDEInput2.xml (RunModel)" time="0.036" />
  <testcase classname="ptolemy.util.test.junit.AutoTests" name="[34] /home/travis/build/icyphy/ptII/ptolemy/domains/continuous/test/auto/ContinuousInDEInput3.xml (RunModel)" time="0.03" />
  <testcase classname="ptolemy.util.test.junit.AutoTests" name="[35] /home/travis/build/icyphy/ptII/ptolemy/domains/continuous/test/auto/ContinuousInDESharingRefinement.xml (RunModel)" time="0.197" />
  <testcase classname="ptolemy.util.test.junit.AutoTests" name="[36] /home/travis/build/icyphy/ptII/ptolemy/domains/continuous/test/auto/ContinuousInDEwithNoPorts.xml (RunModel)" time="0.019" />
  <testcase classname="ptolemy.util.test.junit.AutoTests" name="[37] /home/travis/build/icyphy/ptII/ptolemy/domains/continuous/test/auto/ContinuousInsideDE.xml (RunModel)" time="0.089" />
  <testcase classname="ptolemy.util.test.junit.AutoTests" name="[38] /home/travis/build/icyphy/ptII/ptolemy/domains/continuous/test/auto/ContinuousMerge1.xml (RunModel)" time="0.014" />
  <testcase classname="ptolemy.util.test.junit.AutoTests" name="[39] /home/travis/build/icyphy/ptII/ptolemy/domains/continuous/test/auto/ContinuousMerge2.xml (RunModel)" time="0.048" />
  <testcase classname="ptolemy.util.test.junit.AutoTests" name="[40] /home/travis/build/icyphy/ptII/ptolemy/domains/continuous/test/auto/ContinuousMerge3.xml (RunModel)" time="0.076" />
  <testcase classname="ptolemy.util.test.junit.AutoTests" name="[41] /home/travis/build/icyphy/ptII/ptolemy/domains/continuous/test/auto/ContinuousWithinContinuous.xml (RunModel)" time="0.076" />
  <testcase classname="ptolemy.util.test.junit.AutoTests" name="[42] /home/travis/build/icyphy/ptII/ptolemy/domains/continuous/test/auto/ContinuousWithinContinuous2.xml (RunModel)" time="0.085" />
  <testcase classname="ptolemy.util.test.junit.AutoTests" name="[43] /home/travis/build/icyphy/ptII/ptolemy/domains/continuous/test/auto/ContinuousWithinContinuous3.xml (RunModel)" time="0.034" />
  <testcase classname="ptolemy.util.test.junit.AutoTests" name="[44] /home/travis/build/icyphy/ptII/ptolemy/domains/continuous/test/auto/ContinuousWithinContinuous4.xml (RunModel)" time="0.086" />
  <testcase classname="ptolemy.util.test.junit.AutoTests" name="[45] /home/travis/build/icyphy/ptII/ptolemy/domains/continuous/test/auto/ContinuousWithinContinuous5.xml (RunModel)" time="0.031" />
  <testcase classname="ptolemy.util.test.junit.AutoTests" name="[46] /home/travis/build/icyphy/ptII/ptolemy/domains/continuous/test/auto/ContinuousWithinContinuous6.xml (RunModel)" time="0.034" />
  <testcase classname="ptolemy.util.test.junit.AutoTests" name="[47] /home/travis/build/icyphy/ptII/ptolemy/domains/continuous/test/auto/ContinuousWithinContinuous7.xml (RunModel)" time="0.073" />
  <testcase classname="ptolemy.util.test.junit.AutoTests" name="[48] /home/travis/build/icyphy/ptII/ptolemy/domains/continuous/test/auto/DCMotor.xml (RunModel)" time="13.17" />
  <testcase classname="ptolemy.util.test.junit.AutoTests" name="[49] /home/travis/build/icyphy/ptII/ptolemy/domains/continuous/test/auto/DEInContinuous.xml (RunModel)" time="0.021" />
  <testcase classname="ptolemy.util.test.junit.AutoTests" name="[50] /home/travis/build/icyphy/ptII/ptolemy/domains/continuous/test/auto/DEinContinuous2.xml (RunModel)" time="0.028" />
  <testcase classname="ptolemy.util.test.junit.AutoTests" name="[51] /home/travis/build/icyphy/ptII/ptolemy/domains/continuous/test/auto/Derivative.xml (RunModel)" time="0.181" />
  <testcase classname="ptolemy.util.test.junit.AutoTests" name="[52] /home/travis/build/icyphy/ptII/ptolemy/domains/continuous/test/auto/Derivative1.xml (RunModel)" time="0.057" />
  <testcase classname="ptolemy.util.test.junit.AutoTests" name="[53] /home/travis/build/icyphy/ptII/ptolemy/domains/continuous/test/auto/DiscreteClock.xml (RunModel)" time="0.025" />
  <testcase classname="ptolemy.util.test.junit.AutoTests" name="[54] /home/travis/build/icyphy/ptII/ptolemy/domains/continuous/test/auto/EfficiencyCurve.xml (RunModel)" time="0.074" />
  <testcase classname="ptolemy.util.test.junit.AutoTests" name="[55] /home/travis/build/icyphy/ptII/ptolemy/domains/continuous/test/auto/ExponentialResponse.xml (RunModel)" time="0.106" />
  <testcase classname="ptolemy.util.test.junit.AutoTests" name="[56] /home/travis/build/icyphy/ptII/ptolemy/domains/continuous/test/auto/ExponentialResponseRK45.xml (RunModel)" time="0.038" />
  <testcase classname="ptolemy.util.test.junit.AutoTests" name="[57] /home/travis/build/icyphy/ptII/ptolemy/domains/continuous/test/auto/Friction.xml (RunModel)" time="1.425" />
  <testcase classname="ptolemy.util.test.junit.AutoTests" name="[58] /home/travis/build/icyphy/ptII/ptolemy/domains/continuous/test/auto/FurutaPendulum.xml (RunModel)" time="3.496" />
  <testcase classname="ptolemy.util.test.junit.AutoTests" name="[59] /home/travis/build/icyphy/ptII/ptolemy/domains/continuous/test/auto/HierarchicalExecution.xml (RunModel)" time="2.221" />
  <testcase classname="ptolemy.util.test.junit.AutoTests" name="[60] /home/travis/build/icyphy/ptII/ptolemy/domains/continuous/test/auto/HybridPlant.xml (RunModel)" time="0.541" />
  <testcase classname="ptolemy.util.test.junit.AutoTests" name="[61] /home/travis/build/icyphy/ptII/ptolemy/domains/continuous/test/auto/Hysteresis.xml (RunModel)" time="0.189" />
  <testcase classname="ptolemy.util.test.junit.AutoTests" name="[62] /home/travis/build/icyphy/ptII/ptolemy/domains/continuous/test/auto/HysteresisWithRandomDelay.xml (RunModel)" time="0.224" />
  <testcase classname="ptolemy.util.test.junit.AutoTests" name="[63] /home/travis/build/icyphy/ptII/ptolemy/domains/continuous/test/auto/HysteresisWithRandomLosses.xml (RunModel)" time="2.159" />
  <testcase classname="ptolemy.util.test.junit.AutoTests" name="[64] /home/travis/build/icyphy/ptII/ptolemy/domains/continuous/test/auto/ImmediateTransitions.xml (RunModel)" time="0.031" />
  <testcase classname="ptolemy.util.test.junit.AutoTests" name="[65] /home/travis/build/icyphy/ptII/ptolemy/domains/continuous/test/auto/ImpulseFeedback.xml (RunModel)" time="0.019" />
  <testcase classname="ptolemy.util.test.junit.AutoTests" name="[66] /home/travis/build/icyphy/ptII/ptolemy/domains/continuous/test/auto/ImpulseFeedback2.xml (RunModel)" time="0.021" />
  <testcase classname="ptolemy.util.test.junit.AutoTests" name="[67] /home/travis/build/icyphy/ptII/ptolemy/domains/continuous/test/auto/IncreasingRatePoisson.xml (RunModel)" time="0.7" />
  <testcase classname="ptolemy.util.test.junit.AutoTests" name="[68] /home/travis/build/icyphy/ptII/ptolemy/domains/continuous/test/auto/InitialStateFeedback.xml (RunModel)" time="0.019" />
  <testcase classname="ptolemy.util.test.junit.AutoTests" name="[69] /home/travis/build/icyphy/ptII/ptolemy/domains/continuous/test/auto/Integration.xml (RunModel)" time="0.011" />
  <testcase classname="ptolemy.util.test.junit.AutoTests" name="[70] /home/travis/build/icyphy/ptII/ptolemy/domains/continuous/test/auto/Integration2.xml (RunModel)" time="0.086" />
  <testcase classname="ptolemy.util.test.junit.AutoTests" name="[71] /home/travis/build/icyphy/ptII/ptolemy/domains/continuous/test/auto/Integration3.xml (RunModel)" time="0.024" />
  <testcase classname="ptolemy.util.test.junit.AutoTests" name="[72] /home/travis/build/icyphy/ptII/ptolemy/domains/continuous/test/auto/Integration5.xml (RunModel)" time="0.008" />
  <testcase classname="ptolemy.util.test.junit.AutoTests" name="[73] /home/travis/build/icyphy/ptII/ptolemy/domains/continuous/test/auto/IntegratorImpulse.xml (RunModel)" time="0.008" />
  <testcase classname="ptolemy.util.test.junit.AutoTests" name="[74] /home/travis/build/icyphy/ptII/ptolemy/domains/continuous/test/auto/IntegratorImpulse2.xml (RunModel)" time="0.01" />
  <testcase classname="ptolemy.util.test.junit.AutoTests" name="[75] /home/travis/build/icyphy/ptII/ptolemy/domains/continuous/test/auto/LevelCrossing1.xml (RunModel)" time="0.011" />
  <testcase classname="ptolemy.util.test.junit.AutoTests" name="[76] /home/travis/build/icyphy/ptII/ptolemy/domains/continuous/test/auto/LevelCrossing2.xml (RunModel)" time="0.01" />
  <testcase classname="ptolemy.util.test.junit.AutoTests" name="[77] /home/travis/build/icyphy/ptII/ptolemy/domains/continuous/test/auto/LevelCrossing3.xml (RunModel)" time="0.01" />
  <testcase classname="ptolemy.util.test.junit.AutoTests" name="[78] /home/travis/build/icyphy/ptII/ptolemy/domains/continuous/test/auto/LevelCrossing4.xml (RunModel)" time="0.011" />
  <testcase classname="ptolemy.util.test.junit.AutoTests" name="[79] /home/travis/build/icyphy/ptII/ptolemy/domains/continuous/test/auto/LevelCrossing5.xml (RunModel)" time="0.011" />
  <testcase classname="ptolemy.util.test.junit.AutoTests" name="[80] /home/travis/build/icyphy/ptII/ptolemy/domains/continuous/test/auto/LevelCrossing6.xml (RunModel)" time="0.011" />
  <testcase classname="ptolemy.util.test.junit.AutoTests" name="[81] /home/travis/build/icyphy/ptII/ptolemy/domains/continuous/test/auto/LevelCrossingDetector.xml (RunModel)" time="0.03" />
  <testcase classname="ptolemy.util.test.junit.AutoTests" name="[82] /home/travis/build/icyphy/ptII/ptolemy/domains/continuous/test/auto/LevelCrossingDetectorDetectingDirections.xml (RunModel)" time="0.07" />
  <testcase classname="ptolemy.util.test.junit.AutoTests" name="[83] /home/travis/build/icyphy/ptII/ptolemy/domains/continuous/test/auto/LevelCrossingDetectorDetectsGlitches.xml (RunModel)" time="0.05" />
  <testcase classname="ptolemy.util.test.junit.AutoTests" name="[84] /home/travis/build/icyphy/ptII/ptolemy/domains/continuous/test/auto/LevelCrossingNoInitialOuput.xml (RunModel)" time="0.009" />
  <testcase classname="ptolemy.util.test.junit.AutoTests" name="[85] /home/travis/build/icyphy/ptII/ptolemy/domains/continuous/test/auto/LinearStateSpaceExample.xml (RunModel)" time="0.041" />
  <testcase classname="ptolemy.util.test.junit.AutoTests" name="[86] /home/travis/build/icyphy/ptII/ptolemy/domains/continuous/test/auto/Lorenz.xml (RunModel)" time="4.071" />
  <testcase classname="ptolemy.util.test.junit.AutoTests" name="[87] /home/travis/build/icyphy/ptII/ptolemy/domains/continuous/test/auto/LorenzDifferentialSystem.xml (RunModel)" time="1.112" />
  <testcase classname="ptolemy.util.test.junit.AutoTests" name="[88] /home/travis/build/icyphy/ptII/ptolemy/domains/continuous/test/auto/LorenzDifferentialSystemWithInput.xml (RunModel)" time="1.398" />
  <testcase classname="ptolemy.util.test.junit.AutoTests" name="[89] /home/travis/build/icyphy/ptII/ptolemy/domains/continuous/test/auto/LorenzDifferentialSystemWithTime.xml (RunModel)" time="0.708" />
  <testcase classname="ptolemy.util.test.junit.AutoTests" name="[90] /home/travis/build/icyphy/ptII/ptolemy/domains/continuous/test/auto/Microsteps.xml (RunModel)" time="0.021" />
  <testcase classname="ptolemy.util.test.junit.AutoTests" name="[91] /home/travis/build/icyphy/ptII/ptolemy/domains/continuous/test/auto/Modal1.xml (RunModel)" time="0.055" />
  <testcase classname="ptolemy.util.test.junit.AutoTests" name="[92] /home/travis/build/icyphy/ptII/ptolemy/domains/continuous/test/auto/Modal2.xml (RunModel)" time="0.052" />
  <testcase classname="ptolemy.util.test.junit.AutoTests" name="[93] /home/travis/build/icyphy/ptII/ptolemy/domains/continuous/test/auto/ModalTransitionGuardWithReset.xml (RunModel)" time="0.025" />
  <testcase classname="ptolemy.util.test.junit.AutoTests" name="[94] /home/travis/build/icyphy/ptII/ptolemy/domains/continuous/test/auto/ModalTransitionGuardWithResetUsingPreemptiveTransition.xml (RunModel)" time="0.029" />
  <testcase classname="ptolemy.util.test.junit.AutoTests" name="[95] /home/travis/build/icyphy/ptII/ptolemy/domains/continuous/test/auto/ModalTransitionGuardWithResetUsingPreemptiveTransition2.xml (RunModel)" time="0.039" />
  <testcase classname="ptolemy.util.test.junit.AutoTests" name="[96] /home/travis/build/icyphy/ptII/ptolemy/domains/continuous/test/auto/ModalTransitionGuardWithResetUsingPreemptiveTransition3.xml (RunModel)" time="0.032" />
  <testcase classname="ptolemy.util.test.junit.AutoTests" name="[97] /home/travis/build/icyphy/ptII/ptolemy/domains/continuous/test/auto/NewtonsCradle.xml (RunModel)" time="0.762" />
  <testcase classname="ptolemy.util.test.junit.AutoTests" name="[98] /home/travis/build/icyphy/ptII/ptolemy/domains/continuous/test/auto/NewtonsCradleAnimated.xml (RunModel)" time="1.241" />
  <testcase classname="ptolemy.util.test.junit.AutoTests" name="[99] /home/travis/build/icyphy/ptII/ptolemy/domains/continuous/test/auto/NewtonsCradleComplicated.xml (RunModel)" time="0.845" />
  <testcase classname="ptolemy.util.test.junit.AutoTests" name="[100] /home/travis/build/icyphy/ptII/ptolemy/domains/continuous/test/auto/NewtonsCradleNondeterministic.xml (RunModel)" time="0.675" />
  <testcase classname="ptolemy.util.test.junit.AutoTests" name="[101] /home/travis/build/icyphy/ptII/ptolemy/domains/continuous/test/auto/NewtonsCradlePerfectlyInelastic1.xml (RunModel)" time="1.299" />
  <testcase classname="ptolemy.util.test.junit.AutoTests" name="[102] /home/travis/build/icyphy/ptII/ptolemy/domains/continuous/test/auto/Noise.xml (RunModel)" time="0.19" />
  <testcase classname="ptolemy.util.test.junit.AutoTests" name="[103] /home/travis/build/icyphy/ptII/ptolemy/domains/continuous/test/auto/NoiseSpectrum.xml (RunModel)" time="0.764" />
  <testcase classname="ptolemy.util.test.junit.AutoTests" name="[104] /home/travis/build/icyphy/ptII/ptolemy/domains/continuous/test/auto/ParameterizedNewtonsCradleAnimated.xml (RunModel)" time="0.374" />
  <testcase classname="ptolemy.util.test.junit.AutoTests" name="[105] /home/travis/build/icyphy/ptII/ptolemy/domains/continuous/test/auto/ParameterizedNewtonsCradleAnimatedNondeterministic.xml (RunModel)" time="1.142" />
  <testcase classname="ptolemy.util.test.junit.AutoTests" name="[106] /home/travis/build/icyphy/ptII/ptolemy/domains/continuous/test/auto/Pendulum3D.xml (RunModel)" time="0.168" />
  <testcase classname="ptolemy.util.test.junit.AutoTests" name="[107] /home/travis/build/icyphy/ptII/ptolemy/domains/continuous/test/auto/PeriodicSampler.xml (RunModel)" time="0.015" />
  <testcase classname="ptolemy.util.test.junit.AutoTests" name="[108] /home/travis/build/icyphy/ptII/ptolemy/domains/continuous/test/auto/PeriodicSampler1.xml (RunModel)" time="0.044" />
  <testcase classname="ptolemy.util.test.junit.AutoTests" name="[109] /home/travis/build/icyphy/ptII/ptolemy/domains/continuous/test/auto/PeriodicSampler2.xml (RunModel)" time="0.071" />
  <testcase classname="ptolemy.util.test.junit.AutoTests" name="[110] /home/travis/build/icyphy/ptII/ptolemy/domains/continuous/test/auto/Poisson.xml (RunModel)" time="0.416" />
  <testcase classname="ptolemy.util.test.junit.AutoTests" name="[111] /home/travis/build/icyphy/ptII/ptolemy/domains/continuous/test/auto/PoissonClock.xml (RunModel)" time="0.011" />
  <testcase classname="ptolemy.util.test.junit.AutoTests" name="[112] /home/travis/build/icyphy/ptII/ptolemy/domains/continuous/test/auto/PoissonClock2.xml (RunModel)" time="0.013" />
  <testcase classname="ptolemy.util.test.junit.AutoTests" name="[113] /home/travis/build/icyphy/ptII/ptolemy/domains/continuous/test/auto/PortParameterHierarchy.xml (RunModel)" time="0.021" />
  <testcase classname="ptolemy.util.test.junit.AutoTests" name="[114] /home/travis/build/icyphy/ptII/ptolemy/domains/continuous/test/auto/RandomHybridPlant.xml (RunModel)" time="0.471" />
  <testcase classname="ptolemy.util.test.junit.AutoTests" name="[115] /home/travis/build/icyphy/ptII/ptolemy/domains/continuous/test/auto/ResetTransitionWithStartTime1.xml (RunModel)" time="0.03" />
  <testcase classname="ptolemy.util.test.junit.AutoTests" name="[116] /home/travis/build/icyphy/ptII/ptolemy/domains/continuous/test/auto/ResetTransitionWithStartTime2.xml (RunModel)" time="0.031" />
  <testcase classname="ptolemy.util.test.junit.AutoTests" name="[117] /home/travis/build/icyphy/ptII/ptolemy/domains/continuous/test/auto/ResetTransitionWithStartTime3.xml (RunModel)" time="0.033" />
  <testcase classname="ptolemy.util.test.junit.AutoTests" name="[118] /home/travis/build/icyphy/ptII/ptolemy/domains/continuous/test/auto/ResetTransitionWithStartTime4.xml (RunModel)" time="0.02" />
  <testcase classname="ptolemy.util.test.junit.AutoTests" name="[119] /home/travis/build/icyphy/ptII/ptolemy/domains/continuous/test/auto/ResetTransitionWithStartTime5.xml (RunModel)" time="0.031" />
  <testcase classname="ptolemy.util.test.junit.AutoTests" name="[120] /home/travis/build/icyphy/ptII/ptolemy/domains/continuous/test/auto/ResetTransitionWithStartTime6.xml (RunModel)" time="0.024" />
  <testcase classname="ptolemy.util.test.junit.AutoTests" name="[121] /home/travis/build/icyphy/ptII/ptolemy/domains/continuous/test/auto/SRinContinuous.xml (RunModel)" time="0.03" />
  <testcase classname="ptolemy.util.test.junit.AutoTests" name="[122] /home/travis/build/icyphy/ptII/ptolemy/domains/continuous/test/auto/SampledClocks.xml (RunModel)" time="0.037" />
  <testcase classname="ptolemy.util.test.junit.AutoTests" name="[123] /home/travis/build/icyphy/ptII/ptolemy/domains/continuous/test/auto/Satellite.xml (RunModel)" time="0.945" />
  <testcase classname="ptolemy.util.test.junit.AutoTests" name="[124] /home/travis/build/icyphy/ptII/ptolemy/domains/continuous/test/auto/SigmaDelta.xml (RunModel)" time="2.504" />
  <testcase classname="ptolemy.util.test.junit.AutoTests" name="[125] /home/travis/build/icyphy/ptII/ptolemy/domains/continuous/test/auto/SinuBouncingBall.xml (RunModel)" time="0.771" />
  <testcase classname="ptolemy.util.test.junit.AutoTests" name="[126] /home/travis/build/icyphy/ptII/ptolemy/domains/continuous/test/auto/Sinusoid.xml (RunModel)" time="0.011" />
  <testcase classname="ptolemy.util.test.junit.AutoTests" name="[127] /home/travis/build/icyphy/ptII/ptolemy/domains/continuous/test/auto/SinusoidInNoise.xml (RunModel)" time="1.047" />
  <testcase classname="ptolemy.util.test.junit.AutoTests" name="[128] /home/travis/build/icyphy/ptII/ptolemy/domains/continuous/test/auto/SinusoidRK45.xml (RunModel)" time="0.008" />
  <testcase classname="ptolemy.util.test.junit.AutoTests" name="[129] /home/travis/build/icyphy/ptII/ptolemy/domains/continuous/test/auto/SinusoidWithMultipleImpulses.xml (RunModel)" time="0.012" />
  <testcase classname="ptolemy.util.test.junit.AutoTests" name="[130] /home/travis/build/icyphy/ptII/ptolemy/domains/continuous/test/auto/SquareWave.xml (RunModel)" time="0.195" />
  <testcase classname="ptolemy.util.test.junit.AutoTests" name="[131] /home/travis/build/icyphy/ptII/ptolemy/domains/continuous/test/auto/Starmac.xml (RunModel)" time="3.375" />
  <testcase classname="ptolemy.util.test.junit.AutoTests" name="[132] /home/travis/build/icyphy/ptII/ptolemy/domains/continuous/test/auto/StaticUnits.xml (RunModel)" time="2.508" />
  <testcase classname="ptolemy.util.test.junit.AutoTests" name="[133] /home/travis/build/icyphy/ptII/ptolemy/domains/continuous/test/auto/StickyMasses.xml (RunModel)" time="0.182" />
  <testcase classname="ptolemy.util.test.junit.AutoTests" name="[134] /home/travis/build/icyphy/ptII/ptolemy/domains/continuous/test/auto/StopTime.xml (RunModel)" time="0.056" />
  <testcase classname="ptolemy.util.test.junit.AutoTests" name="[135] /home/travis/build/icyphy/ptII/ptolemy/domains/continuous/test/auto/StopTime2.xml (RunModel)" time="0.051" />
  <testcase classname="ptolemy.util.test.junit.AutoTests" name="[136] /home/travis/build/icyphy/ptII/ptolemy/domains/continuous/test/auto/Switch.xml (RunModel)" time="0.056" />
  <testcase classname="ptolemy.util.test.junit.AutoTests" name="[137] /home/travis/build/icyphy/ptII/ptolemy/domains/continuous/test/auto/Thermostat.xml (RunModel)" time="0.185" />
  <testcase classname="ptolemy.util.test.junit.AutoTests" name="[138] /home/travis/build/icyphy/ptII/ptolemy/domains/continuous/test/auto/TimeDelay.xml (RunModel)" time="0.013" />
  <testcase classname="ptolemy.util.test.junit.AutoTests" name="[139] /home/travis/build/icyphy/ptII/ptolemy/domains/continuous/test/auto/TimeDelay2.xml (RunModel)" time="0.022" />
  <testcase classname="ptolemy.util.test.junit.AutoTests" name="[140] /home/travis/build/icyphy/ptII/ptolemy/domains/continuous/test/auto/TimeDelay3.xml (RunModel)" time="0.013" />
  <testcase classname="ptolemy.util.test.junit.AutoTests" name="[141] /home/travis/build/icyphy/ptII/ptolemy/domains/continuous/test/auto/TransferAbsentToInside.xml (RunModel)" time="0.111" />
  <testcase classname="ptolemy.util.test.junit.AutoTests" name="[142] /home/travis/build/icyphy/ptII/ptolemy/domains/continuous/test/auto/Transmission.xml (RunModel)" time="0.735" />
  <testcase classname="ptolemy.util.test.junit.AutoTests" name="[143] /home/travis/build/icyphy/ptII/ptolemy/domains/continuous/test/auto/TriggeredContinuousClock.xml (RunModel)" time="0.071" />
  <testcase classname="ptolemy.util.test.junit.AutoTests" name="[144] /home/travis/build/icyphy/ptII/ptolemy/domains/continuous/test/auto/TwoMachineInfiniteBusControl.xml (RunModel)" time="2.726" />
  <testcase classname="ptolemy.util.test.junit.AutoTests" name="[145] /home/travis/build/icyphy/ptII/ptolemy/domains/continuous/test/auto/V2V.xml (RunModel)" time="0.724" />
  <testcase classname="ptolemy.util.test.junit.AutoTests" name="[146] /home/travis/build/icyphy/ptII/ptolemy/domains/continuous/test/auto/hierarchicalModalModel.xml (RunModel)" time="0.039" />
  <testcase classname="ptolemy.util.test.junit.AutoTests" name="[147] /home/travis/build/icyphy/ptII/ptolemy/domains/continuous/test/auto/hierarchicalModalModel1.xml (RunModel)" time="0.034" />
  <testcase classname="ptolemy.util.test.junit.AutoTests" name="[148] /home/travis/build/icyphy/ptII/ptolemy/domains/continuous/test/auto/hierarchicalModalModel2.xml (RunModel)" time="0.027" />
  <testcase classname="ptolemy.util.test.junit.AutoTests" name="[149] /home/travis/build/icyphy/ptII/ptolemy/domains/continuous/test/auto/hierarchicalModalModel3.xml (RunModel)" time="0.023" />
  <testcase classname="ptolemy.util.test.junit.AutoTests" name="[150] /home/travis/build/icyphy/ptII/ptolemy/domains/continuous/test/auto/hierarchicalModalModel4.xml (RunModel)" time="0.025" />
  <testcase classname="ptolemy.util.test.junit.AutoTests" name="[151] /home/travis/build/icyphy/ptII/ptolemy/domains/continuous/test/auto/junk.xml (RunModel)" time="0.159" />
  <system-out><![CDATA[No tcl tests in /home/travis/build/icyphy/ptII/ptolemy/domains/continuous/test
No auto/knownFailedTests/*.xml tests in /home/travis/build/icyphy/ptII/ptolemy/domains/continuous/test
No auto/linux-amd64/*.xml tests in /home/travis/build/icyphy/ptII/ptolemy/domains/continuous/test
AutoTests.java: About to close Vertx.
AutoTests.java: Vertx closed.

===========================================================================================
----------------- testing Sat Sep 08 02:05:31 UTC 2018 /home/travis/build/icyphy/ptII/ptolemy/domains/continuous/test/auto/BouncingBall.xml
----------------- Instantiating /home/travis/build/icyphy/ptII/ptolemy/domains/continuous/test/auto/BouncingBall.xml
2294 ms. Memory: 331776K Free: 259581K (78%)
----------------- Invoking toplevel() on ptolemy.moml.MoMLSimpleApplication@16818c76
----------------- Done invoking toplevel() on ptolemy.moml.MoMLSimpleApplication@16818c76
reloadAllAccessors: .BouncingBall

===========================================================================================
----------------- testing Sat Sep 08 02:05:34 UTC 2018 /home/travis/build/icyphy/ptII/ptolemy/domains/continuous/test/auto/BouncingBallWithoutGR.xml
----------------- Instantiating /home/travis/build/icyphy/ptII/ptolemy/domains/continuous/test/auto/BouncingBallWithoutGR.xml
882 ms. Memory: 331776K Free: 318287K (96%)
----------------- Invoking toplevel() on ptolemy.moml.MoMLSimpleApplication@207e491b
----------------- Done invoking toplevel() on ptolemy.moml.MoMLSimpleApplication@207e491b
reloadAllAccessors: .BouncingBallWithoutGR

===========================================================================================
----------------- testing Sat Sep 08 02:05:35 UTC 2018 /home/travis/build/icyphy/ptII/ptolemy/domains/continuous/test/auto/Brownian.xml
----------------- Instantiating /home/travis/build/icyphy/ptII/ptolemy/domains/continuous/test/auto/Brownian.xml
38 ms. Memory: 331776K Free: 304390K (92%)
----------------- Invoking toplevel() on ptolemy.moml.MoMLSimpleApplication@3143e7d5
----------------- Done invoking toplevel() on ptolemy.moml.MoMLSimpleApplication@3143e7d5
reloadAllAccessors: .Brownian

===========================================================================================
----------------- testing Sat Sep 08 02:05:35 UTC 2018 /home/travis/build/icyphy/ptII/ptolemy/domains/continuous/test/auto/CarTracking.xml
----------------- Instantiating /home/travis/build/icyphy/ptII/ptolemy/domains/continuous/test/auto/CarTracking.xml
3333 ms. Memory: 578048K Free: 452837K (78%)
----------------- Invoking toplevel() on ptolemy.moml.MoMLSimpleApplication@1ae7cc70
----------------- Done invoking toplevel() on ptolemy.moml.MoMLSimpleApplication@1ae7cc70
reloadAllAccessors: .CarTracking

===========================================================================================
----------------- testing Sat Sep 08 02:05:39 UTC 2018 /home/travis/build/icyphy/ptII/ptolemy/domains/continuous/test/auto/CartPendulum.xml
----------------- Instantiating /home/travis/build/icyphy/ptII/ptolemy/domains/continuous/test/auto/CartPendulum.xml
377 ms. Memory: 578048K Free: 343514K (59%)
----------------- Invoking toplevel() on ptolemy.moml.MoMLSimpleApplication@3d479dc0
----------------- Done invoking toplevel() on ptolemy.moml.MoMLSimpleApplication@3d479dc0
reloadAllAccessors: .CartPendulum

===========================================================================================
----------------- testing Sat Sep 08 02:05:39 UTC 2018 /home/travis/build/icyphy/ptII/ptolemy/domains/continuous/test/auto/CausalityInterface10.xml
----------------- Instantiating /home/travis/build/icyphy/ptII/ptolemy/domains/continuous/test/auto/CausalityInterface10.xml
8 ms. Memory: 578048K Free: 327145K (57%)
----------------- Invoking toplevel() on ptolemy.moml.MoMLSimpleApplication@7589950b
----------------- Done invoking toplevel() on ptolemy.moml.MoMLSimpleApplication@7589950b
reloadAllAccessors: .CausalityInterface10

===========================================================================================
----------------- testing Sat Sep 08 02:05:39 UTC 2018 /home/travis/build/icyphy/ptII/ptolemy/domains/continuous/test/auto/CausalityInterface11.xml
----------------- Instantiating /home/travis/build/icyphy/ptII/ptolemy/domains/continuous/test/auto/CausalityInterface11.xml
9 ms. Memory: 578048K Free: 317309K (55%)
----------------- Invoking toplevel() on ptolemy.moml.MoMLSimpleApplication@166854d7
----------------- Done invoking toplevel() on ptolemy.moml.MoMLSimpleApplication@166854d7
reloadAllAccessors: .CausalityInterface11

===========================================================================================
----------------- testing Sat Sep 08 02:05:39 UTC 2018 /home/travis/build/icyphy/ptII/ptolemy/domains/continuous/test/auto/CausalityInterface12.xml
----------------- Instantiating /home/travis/build/icyphy/ptII/ptolemy/domains/continuous/test/auto/CausalityInterface12.xml
8 ms. Memory: 578048K Free: 307232K (53%)
----------------- Invoking toplevel() on ptolemy.moml.MoMLSimpleApplication@dfa6ce0
----------------- Done invoking toplevel() on ptolemy.moml.MoMLSimpleApplication@dfa6ce0
reloadAllAccessors: .CausalityInterface12

===========================================================================================
----------------- testing Sat Sep 08 02:05:39 UTC 2018 /home/travis/build/icyphy/ptII/ptolemy/domains/continuous/test/auto/CausalityInterface13.xml
----------------- Instantiating /home/travis/build/icyphy/ptII/ptolemy/domains/continuous/test/auto/CausalityInterface13.xml
7 ms. Memory: 578048K Free: 294236K (51%)
----------------- Invoking toplevel() on ptolemy.moml.MoMLSimpleApplication@2dddbc2a
----------------- Done invoking toplevel() on ptolemy.moml.MoMLSimpleApplication@2dddbc2a
reloadAllAccessors: .CausalityInterface13

===========================================================================================
----------------- testing Sat Sep 08 02:05:39 UTC 2018 /home/travis/build/icyphy/ptII/ptolemy/domains/continuous/test/auto/CausalityInterface14.xml
----------------- Instantiating /home/travis/build/icyphy/ptII/ptolemy/domains/continuous/test/auto/CausalityInterface14.xml
3 ms. Memory: 578048K Free: 284399K (49%)
----------------- Invoking toplevel() on ptolemy.moml.MoMLSimpleApplication@1cdd3551
----------------- Done invoking toplevel() on ptolemy.moml.MoMLSimpleApplication@1cdd3551
reloadAllAccessors: .CausalityInterface14

===========================================================================================
----------------- testing Sat Sep 08 02:05:39 UTC 2018 /home/travis/build/icyphy/ptII/ptolemy/domains/continuous/test/auto/CausalityInterface4.xml
----------------- Instantiating /home/travis/build/icyphy/ptII/ptolemy/domains/continuous/test/auto/CausalityInterface4.xml
3 ms. Memory: 578048K Free: 274563K (47%)
----------------- Invoking toplevel() on ptolemy.moml.MoMLSimpleApplication@6c1226c3
----------------- Done invoking toplevel() on ptolemy.moml.MoMLSimpleApplication@6c1226c3
reloadAllAccessors: .CausalityInterface4

===========================================================================================
----------------- testing Sat Sep 08 02:05:39 UTC 2018 /home/travis/build/icyphy/ptII/ptolemy/domains/continuous/test/auto/CausalityInterface5.xml
----------------- Instantiating /home/travis/build/icyphy/ptII/ptolemy/domains/continuous/test/auto/CausalityInterface5.xml
7 ms. Memory: 578048K Free: 261454K (45%)
----------------- Invoking toplevel() on ptolemy.moml.MoMLSimpleApplication@266c8c52
----------------- Done invoking toplevel() on ptolemy.moml.MoMLSimpleApplication@266c8c52
reloadAllAccessors: .CausalityInterface5

===========================================================================================
----------------- testing Sat Sep 08 02:05:39 UTC 2018 /home/travis/build/icyphy/ptII/ptolemy/domains/continuous/test/auto/CausalityInterface6.xml
----------------- Instantiating /home/travis/build/icyphy/ptII/ptolemy/domains/continuous/test/auto/CausalityInterface6.xml
6 ms. Memory: 578048K Free: 248457K (43%)
----------------- Invoking toplevel() on ptolemy.moml.MoMLSimpleApplication@652adbfd
----------------- Done invoking toplevel() on ptolemy.moml.MoMLSimpleApplication@652adbfd
reloadAllAccessors: .CausalityInterface6

===========================================================================================
----------------- testing Sat Sep 08 02:05:39 UTC 2018 /home/travis/build/icyphy/ptII/ptolemy/domains/continuous/test/auto/CausalityInterface7.xml
----------------- Instantiating /home/travis/build/icyphy/ptII/ptolemy/domains/continuous/test/auto/CausalityInterface7.xml
9 ms. Memory: 578048K Free: 235348K (41%)
----------------- Invoking toplevel() on ptolemy.moml.MoMLSimpleApplication@73202b69
----------------- Done invoking toplevel() on ptolemy.moml.MoMLSimpleApplication@73202b69
reloadAllAccessors: .CausalityInterface7

===========================================================================================
----------------- testing Sat Sep 08 02:05:39 UTC 2018 /home/travis/build/icyphy/ptII/ptolemy/domains/continuous/test/auto/CausalityInterface8.xml
----------------- Instantiating /home/travis/build/icyphy/ptII/ptolemy/domains/continuous/test/auto/CausalityInterface8.xml
6 ms. Memory: 578048K Free: 222238K (38%)
----------------- Invoking toplevel() on ptolemy.moml.MoMLSimpleApplication@50aad29a
----------------- Done invoking toplevel() on ptolemy.moml.MoMLSimpleApplication@50aad29a
reloadAllAccessors: .CausalityInterface8

===========================================================================================
----------------- testing Sat Sep 08 02:05:39 UTC 2018 /home/travis/build/icyphy/ptII/ptolemy/domains/continuous/test/auto/CausalityInterface9.xml
----------------- Instantiating /home/travis/build/icyphy/ptII/ptolemy/domains/continuous/test/auto/CausalityInterface9.xml
9 ms. Memory: 578048K Free: 205855K (36%)
----------------- Invoking toplevel() on ptolemy.moml.MoMLSimpleApplication@5f184f55
----------------- Done invoking toplevel() on ptolemy.moml.MoMLSimpleApplication@5f184f55
reloadAllAccessors: .CausalityInterface9

===========================================================================================
----------------- testing Sat Sep 08 02:05:39 UTC 2018 /home/travis/build/icyphy/ptII/ptolemy/domains/continuous/test/auto/CausalityInterfaceFeedback1.xml
----------------- Instantiating /home/travis/build/icyphy/ptII/ptolemy/domains/continuous/test/auto/CausalityInterfaceFeedback1.xml
3 ms. Memory: 578048K Free: 192875K (33%)
----------------- Invoking toplevel() on ptolemy.moml.MoMLSimpleApplication@1bfd75a5
----------------- Done invoking toplevel() on ptolemy.moml.MoMLSimpleApplication@1bfd75a5
reloadAllAccessors: .CausalityInterfaceFeedback1

===========================================================================================
----------------- testing Sat Sep 08 02:05:40 UTC 2018 /home/travis/build/icyphy/ptII/ptolemy/domains/continuous/test/auto/CausalityInterfaceFeedback2.xml
----------------- Instantiating /home/travis/build/icyphy/ptII/ptolemy/domains/continuous/test/auto/CausalityInterfaceFeedback2.xml
6 ms. Memory: 578048K Free: 183039K (32%)
----------------- Invoking toplevel() on ptolemy.moml.MoMLSimpleApplication@4ee95076
----------------- Done invoking toplevel() on ptolemy.moml.MoMLSimpleApplication@4ee95076
reloadAllAccessors: .CausalityInterfaceFeedback2

===========================================================================================
----------------- testing Sat Sep 08 02:05:40 UTC 2018 /home/travis/build/icyphy/ptII/ptolemy/domains/continuous/test/auto/CompareWithCurrentTime.xml
----------------- Instantiating /home/travis/build/icyphy/ptII/ptolemy/domains/continuous/test/auto/CompareWithCurrentTime.xml
3 ms. Memory: 578048K Free: 176492K (31%)
----------------- Invoking toplevel() on ptolemy.moml.MoMLSimpleApplication@640e4828
----------------- Done invoking toplevel() on ptolemy.moml.MoMLSimpleApplication@640e4828
reloadAllAccessors: .CompareWithCurrentTime

===========================================================================================
----------------- testing Sat Sep 08 02:05:40 UTC 2018 /home/travis/build/icyphy/ptII/ptolemy/domains/continuous/test/auto/ComparedClocks.xml
----------------- Instantiating /home/travis/build/icyphy/ptII/ptolemy/domains/continuous/test/auto/ComparedClocks.xml
7 ms. Memory: 578048K Free: 156827K (27%)
----------------- Invoking toplevel() on ptolemy.moml.MoMLSimpleApplication@559bae0c
----------------- Done invoking toplevel() on ptolemy.moml.MoMLSimpleApplication@559bae0c
reloadAllAccessors: .ComparedClocks

===========================================================================================
----------------- testing Sat Sep 08 02:05:40 UTC 2018 /home/travis/build/icyphy/ptII/ptolemy/domains/continuous/test/auto/ContinuousAOCClone.xml
----------------- Instantiating /home/travis/build/icyphy/ptII/ptolemy/domains/continuous/test/auto/ContinuousAOCClone.xml
2517 ms. Memory: 872448K Free: 414676K (48%)
----------------- Invoking toplevel() on ptolemy.moml.MoMLSimpleApplication@364e8550
----------------- Done invoking toplevel() on ptolemy.moml.MoMLSimpleApplication@364e8550
reloadAllAccessors: .ContinuousAOCClone

===========================================================================================
----------------- testing Sat Sep 08 02:05:42 UTC 2018 /home/travis/build/icyphy/ptII/ptolemy/domains/continuous/test/auto/ContinuousClock.xml
----------------- Instantiating /home/travis/build/icyphy/ptII/ptolemy/domains/continuous/test/auto/ContinuousClock.xml
29 ms. Memory: 872448K Free: 380135K (44%)
----------------- Invoking toplevel() on ptolemy.moml.MoMLSimpleApplication@500ed29e
----------------- Done invoking toplevel() on ptolemy.moml.MoMLSimpleApplication@500ed29e
reloadAllAccessors: .ContinuousClock

===========================================================================================
----------------- testing Sat Sep 08 02:05:43 UTC 2018 /home/travis/build/icyphy/ptII/ptolemy/domains/continuous/test/auto/ContinuousInContinuous.xml
----------------- Instantiating /home/travis/build/icyphy/ptII/ptolemy/domains/continuous/test/auto/ContinuousInContinuous.xml
48 ms. Memory: 872448K Free: 352629K (40%)
----------------- Invoking toplevel() on ptolemy.moml.MoMLSimpleApplication@acbb2f1
----------------- Done invoking toplevel() on ptolemy.moml.MoMLSimpleApplication@acbb2f1
reloadAllAccessors: .ContinuousInContinuous

===========================================================================================
----------------- testing Sat Sep 08 02:05:43 UTC 2018 /home/travis/build/icyphy/ptII/ptolemy/domains/continuous/test/auto/ContinuousInContinuousInContinuous.xml
----------------- Instantiating /home/travis/build/icyphy/ptII/ptolemy/domains/continuous/test/auto/ContinuousInContinuousInContinuous.xml
5 ms. Memory: 872448K Free: 340832K (39%)
----------------- Invoking toplevel() on ptolemy.moml.MoMLSimpleApplication@207c28d9
----------------- Done invoking toplevel() on ptolemy.moml.MoMLSimpleApplication@207c28d9
reloadAllAccessors: .ContinuousInContinuousInContinuous

===========================================================================================
----------------- testing Sat Sep 08 02:05:43 UTC 2018 /home/travis/build/icyphy/ptII/ptolemy/domains/continuous/test/auto/ContinuousInDE.xml
----------------- Instantiating /home/travis/build/icyphy/ptII/ptolemy/domains/continuous/test/auto/ContinuousInDE.xml
67 ms. Memory: 872448K Free: 325108K (37%)
----------------- Invoking toplevel() on ptolemy.moml.MoMLSimpleApplication@5861bbcb
----------------- Done invoking toplevel() on ptolemy.moml.MoMLSimpleApplication@5861bbcb
reloadAllAccessors: .ContinuousInDE

===========================================================================================
----------------- testing Sat Sep 08 02:05:43 UTC 2018 /home/travis/build/icyphy/ptII/ptolemy/domains/continuous/test/auto/ContinuousInDE2.xml
----------------- Instantiating /home/travis/build/icyphy/ptII/ptolemy/domains/continuous/test/auto/ContinuousInDE2.xml
69 ms. Memory: 872448K Free: 305957K (35%)
----------------- Invoking toplevel() on ptolemy.moml.MoMLSimpleApplication@6adf2fb8
----------------- Done invoking toplevel() on ptolemy.moml.MoMLSimpleApplication@6adf2fb8
reloadAllAccessors: .ContinuousInDE2

===========================================================================================
----------------- testing Sat Sep 08 02:05:43 UTC 2018 /home/travis/build/icyphy/ptII/ptolemy/domains/continuous/test/auto/ContinuousInDE3.xml
----------------- Instantiating /home/travis/build/icyphy/ptII/ptolemy/domains/continuous/test/auto/ContinuousInDE3.xml
42 ms. Memory: 872448K Free: 290232K (33%)
----------------- Invoking toplevel() on ptolemy.moml.MoMLSimpleApplication@77b1ba28
----------------- Done invoking toplevel() on ptolemy.moml.MoMLSimpleApplication@77b1ba28
reloadAllAccessors: .ContinuousInDE3

===========================================================================================
----------------- testing Sat Sep 08 02:05:43 UTC 2018 /home/travis/build/icyphy/ptII/ptolemy/domains/continuous/test/auto/ContinuousInDE4.xml
----------------- Instantiating /home/travis/build/icyphy/ptII/ptolemy/domains/continuous/test/auto/ContinuousInDE4.xml
15 ms. Memory: 872448K Free: 278451K (32%)
----------------- Invoking toplevel() on ptolemy.moml.MoMLSimpleApplication@55d7de2c
----------------- Done invoking toplevel() on ptolemy.moml.MoMLSimpleApplication@55d7de2c
reloadAllAccessors: .ContinuousInDE4

===========================================================================================
----------------- testing Sat Sep 08 02:05:43 UTC 2018 /home/travis/build/icyphy/ptII/ptolemy/domains/continuous/test/auto/ContinuousInDEDifferentRefinements.xml
----------------- Instantiating /home/travis/build/icyphy/ptII/ptolemy/domains/continuous/test/auto/ContinuousInDEDifferentRefinements.xml
67 ms. Memory: 872448K Free: 243003K (28%)
----------------- Invoking toplevel() on ptolemy.moml.MoMLSimpleApplication@4e9bf28e
----------------- Done invoking toplevel() on ptolemy.moml.MoMLSimpleApplication@4e9bf28e
reloadAllAccessors: .ContinuousInDEDifferentRefinements

===========================================================================================
----------------- testing Sat Sep 08 02:05:43 UTC 2018 /home/travis/build/icyphy/ptII/ptolemy/domains/continuous/test/auto/ContinuousInDEDifferentRefinementsPreemptive.xml
----------------- Instantiating /home/travis/build/icyphy/ptII/ptolemy/domains/continuous/test/auto/ContinuousInDEDifferentRefinementsPreemptive.xml
46 ms. Memory: 872448K Free: 204150K (23%)
----------------- Invoking toplevel() on ptolemy.moml.MoMLSimpleApplication@1ee9fc27
----------------- Done invoking toplevel() on ptolemy.moml.MoMLSimpleApplication@1ee9fc27
reloadAllAccessors: .ContinuousInDEDifferentRefinementsPreemptive

===========================================================================================
----------------- testing Sat Sep 08 02:05:43 UTC 2018 /home/travis/build/icyphy/ptII/ptolemy/domains/continuous/test/auto/ContinuousInDEInContinuous2.xml
----------------- Instantiating /home/travis/build/icyphy/ptII/ptolemy/domains/continuous/test/auto/ContinuousInDEInContinuous2.xml
41 ms. Memory: 872448K Free: 184483K (21%)
----------------- Invoking toplevel() on ptolemy.moml.MoMLSimpleApplication@74bd0498
----------------- Done invoking toplevel() on ptolemy.moml.MoMLSimpleApplication@74bd0498
reloadAllAccessors: .ContinuousInDEInContinuous2

===========================================================================================
----------------- testing Sat Sep 08 02:05:43 UTC 2018 /home/travis/build/icyphy/ptII/ptolemy/domains/continuous/test/auto/ContinuousInDEInContinuous3.xml
----------------- Instantiating /home/travis/build/icyphy/ptII/ptolemy/domains/continuous/test/auto/ContinuousInDEInContinuous3.xml
41 ms. Memory: 872448K Free: 164815K (19%)
----------------- Invoking toplevel() on ptolemy.moml.MoMLSimpleApplication@1962eb97
----------------- Done invoking toplevel() on ptolemy.moml.MoMLSimpleApplication@1962eb97
reloadAllAccessors: .ContinuousInDEInContinuous3

===========================================================================================
----------------- testing Sat Sep 08 02:05:43 UTC 2018 /home/travis/build/icyphy/ptII/ptolemy/domains/continuous/test/auto/ContinuousInDEInput.xml
----------------- Instantiating /home/travis/build/icyphy/ptII/ptolemy/domains/continuous/test/auto/ContinuousInDEInput.xml
15 ms. Memory: 872448K Free: 153034K (18%)
----------------- Invoking toplevel() on ptolemy.moml.MoMLSimpleApplication@6a48f50a
----------------- Done invoking toplevel() on ptolemy.moml.MoMLSimpleApplication@6a48f50a
reloadAllAccessors: .ContinuousInDEInput

===========================================================================================
----------------- testing Sat Sep 08 02:05:43 UTC 2018 /home/travis/build/icyphy/ptII/ptolemy/domains/continuous/test/auto/ContinuousInDEInput2.xml
----------------- Instantiating /home/travis/build/icyphy/ptII/ptolemy/domains/continuous/test/auto/ContinuousInDEInput2.xml
18 ms. Memory: 872448K Free: 137826K (16%)
----------------- Invoking toplevel() on ptolemy.moml.MoMLSimpleApplication@2dd47ca2
----------------- Done invoking toplevel() on ptolemy.moml.MoMLSimpleApplication@2dd47ca2
reloadAllAccessors: .ContinuousInDEInput2

===========================================================================================
----------------- testing Sat Sep 08 02:05:43 UTC 2018 /home/travis/build/icyphy/ptII/ptolemy/domains/continuous/test/auto/ContinuousInDEInput3.xml
----------------- Instantiating /home/travis/build/icyphy/ptII/ptolemy/domains/continuous/test/auto/ContinuousInDEInput3.xml
13 ms. Memory: 872448K Free: 126029K (14%)
----------------- Invoking toplevel() on ptolemy.moml.MoMLSimpleApplication@44014442
----------------- Done invoking toplevel() on ptolemy.moml.MoMLSimpleApplication@44014442
reloadAllAccessors: .ContinuousInDEInput3

===========================================================================================
----------------- testing Sat Sep 08 02:05:43 UTC 2018 /home/travis/build/icyphy/ptII/ptolemy/domains/continuous/test/auto/ContinuousInDESharingRefinement.xml
----------------- Instantiating /home/travis/build/icyphy/ptII/ptolemy/domains/continuous/test/auto/ContinuousInDESharingRefinement.xml
163 ms. Memory: 872960K Free: 812883K (93%)
----------------- Invoking toplevel() on ptolemy.moml.MoMLSimpleApplication@2a35ad47
----------------- Done invoking toplevel() on ptolemy.moml.MoMLSimpleApplication@2a35ad47
reloadAllAccessors: .ContinuousInDESharingRefinement

===========================================================================================
----------------- testing Sat Sep 08 02:05:44 UTC 2018 /home/travis/build/icyphy/ptII/ptolemy/domains/continuous/test/auto/ContinuousInDEwithNoPorts.xml
----------------- Instantiating /home/travis/build/icyphy/ptII/ptolemy/domains/continuous/test/auto/ContinuousInDEwithNoPorts.xml
6 ms. Memory: 872960K Free: 800684K (92%)
----------------- Invoking toplevel() on ptolemy.moml.MoMLSimpleApplication@2fb1f033
----------------- Done invoking toplevel() on ptolemy.moml.MoMLSimpleApplication@2fb1f033
reloadAllAccessors: .ContinuousInDEwithNoPorts

===========================================================================================
----------------- testing Sat Sep 08 02:05:44 UTC 2018 /home/travis/build/icyphy/ptII/ptolemy/domains/continuous/test/auto/ContinuousInsideDE.xml
----------------- Instantiating /home/travis/build/icyphy/ptII/ptolemy/domains/continuous/test/auto/ContinuousInsideDE.xml
50 ms. Memory: 872960K Free: 781048K (89%)
----------------- Invoking toplevel() on ptolemy.moml.MoMLSimpleApplication@2edbfb9d
----------------- Done invoking toplevel() on ptolemy.moml.MoMLSimpleApplication@2edbfb9d
reloadAllAccessors: .ContinuousInsideDE

===========================================================================================
----------------- testing Sat Sep 08 02:05:44 UTC 2018 /home/travis/build/icyphy/ptII/ptolemy/domains/continuous/test/auto/ContinuousMerge1.xml
----------------- Instantiating /home/travis/build/icyphy/ptII/ptolemy/domains/continuous/test/auto/ContinuousMerge1.xml
4 ms. Memory: 872960K Free: 770891K (88%)
----------------- Invoking toplevel() on ptolemy.moml.MoMLSimpleApplication@323271b5
----------------- Done invoking toplevel() on ptolemy.moml.MoMLSimpleApplication@323271b5
reloadAllAccessors: .ContinuousMerge1

===========================================================================================
----------------- testing Sat Sep 08 02:05:44 UTC 2018 /home/travis/build/icyphy/ptII/ptolemy/domains/continuous/test/auto/ContinuousMerge2.xml
----------------- Instantiating /home/travis/build/icyphy/ptII/ptolemy/domains/continuous/test/auto/ContinuousMerge2.xml
13 ms. Memory: 872960K Free: 755004K (86%)
----------------- Invoking toplevel() on ptolemy.moml.MoMLSimpleApplication@52e41c6a
----------------- Done invoking toplevel() on ptolemy.moml.MoMLSimpleApplication@52e41c6a
reloadAllAccessors: .ContinuousMerge2

===========================================================================================
----------------- testing Sat Sep 08 02:05:44 UTC 2018 /home/travis/build/icyphy/ptII/ptolemy/domains/continuous/test/auto/ContinuousMerge3.xml
----------------- Instantiating /home/travis/build/icyphy/ptII/ptolemy/domains/continuous/test/auto/ContinuousMerge3.xml
47 ms. Memory: 872960K Free: 739296K (85%)
----------------- Invoking toplevel() on ptolemy.moml.MoMLSimpleApplication@142657d1
----------------- Done invoking toplevel() on ptolemy.moml.MoMLSimpleApplication@142657d1
reloadAllAccessors: .ContinuousMerge3

===========================================================================================
----------------- testing Sat Sep 08 02:05:44 UTC 2018 /home/travis/build/icyphy/ptII/ptolemy/domains/continuous/test/auto/ContinuousWithinContinuous.xml
----------------- Instantiating /home/travis/build/icyphy/ptII/ptolemy/domains/continuous/test/auto/ContinuousWithinContinuous.xml
47 ms. Memory: 872960K Free: 721277K (83%)
----------------- Invoking toplevel() on ptolemy.moml.MoMLSimpleApplication@472c88ef
----------------- Done invoking toplevel() on ptolemy.moml.MoMLSimpleApplication@472c88ef
reloadAllAccessors: .ContinuousWithinContinuous

===========================================================================================
----------------- testing Sat Sep 08 02:05:44 UTC 2018 /home/travis/build/icyphy/ptII/ptolemy/domains/continuous/test/auto/ContinuousWithinContinuous2.xml
----------------- Instantiating /home/travis/build/icyphy/ptII/ptolemy/domains/continuous/test/auto/ContinuousWithinContinuous2.xml
72 ms. Memory: 872960K Free: 709495K (81%)
----------------- Invoking toplevel() on ptolemy.moml.MoMLSimpleApplication@61eb31b0
----------------- Done invoking toplevel() on ptolemy.moml.MoMLSimpleApplication@61eb31b0
reloadAllAccessors: .ContinuousWithinContinuous2

===========================================================================================
----------------- testing Sat Sep 08 02:05:44 UTC 2018 /home/travis/build/icyphy/ptII/ptolemy/domains/continuous/test/auto/ContinuousWithinContinuous3.xml
----------------- Instantiating /home/travis/build/icyphy/ptII/ptolemy/domains/continuous/test/auto/ContinuousWithinContinuous3.xml
15 ms. Memory: 872960K Free: 697714K (80%)
----------------- Invoking toplevel() on ptolemy.moml.MoMLSimpleApplication@20f47c91
----------------- Done invoking toplevel() on ptolemy.moml.MoMLSimpleApplication@20f47c91
reloadAllAccessors: .ContinuousWithinContinuous3

===========================================================================================
----------------- testing Sat Sep 08 02:05:44 UTC 2018 /home/travis/build/icyphy/ptII/ptolemy/domains/continuous/test/auto/ContinuousWithinContinuous4.xml
----------------- Instantiating /home/travis/build/icyphy/ptII/ptolemy/domains/continuous/test/auto/ContinuousWithinContinuous4.xml
70 ms. Memory: 872960K Free: 675760K (77%)
----------------- Invoking toplevel() on ptolemy.moml.MoMLSimpleApplication@278c06c9
----------------- Done invoking toplevel() on ptolemy.moml.MoMLSimpleApplication@278c06c9
reloadAllAccessors: .ContinuousWithinContinuous4

===========================================================================================
----------------- testing Sat Sep 08 02:05:44 UTC 2018 /home/travis/build/icyphy/ptII/ptolemy/domains/continuous/test/auto/ContinuousWithinContinuous5.xml
----------------- Instantiating /home/travis/build/icyphy/ptII/ptolemy/domains/continuous/test/auto/ContinuousWithinContinuous5.xml
14 ms. Memory: 872960K Free: 663971K (76%)
----------------- Invoking toplevel() on ptolemy.moml.MoMLSimpleApplication@61e79281
----------------- Done invoking toplevel() on ptolemy.moml.MoMLSimpleApplication@61e79281
reloadAllAccessors: .ContinuousWithinContinuous5

===========================================================================================
----------------- testing Sat Sep 08 02:05:44 UTC 2018 /home/travis/build/icyphy/ptII/ptolemy/domains/continuous/test/auto/ContinuousWithinContinuous6.xml
----------------- Instantiating /home/travis/build/icyphy/ptII/ptolemy/domains/continuous/test/auto/ContinuousWithinContinuous6.xml
15 ms. Memory: 872960K Free: 652189K (75%)
----------------- Invoking toplevel() on ptolemy.moml.MoMLSimpleApplication@13fb38e5
----------------- Done invoking toplevel() on ptolemy.moml.MoMLSimpleApplication@13fb38e5
reloadAllAccessors: .ContinuousWithinContinuous6

===========================================================================================
----------------- testing Sat Sep 08 02:05:44 UTC 2018 /home/travis/build/icyphy/ptII/ptolemy/domains/continuous/test/auto/ContinuousWithinContinuous7.xml
----------------- Instantiating /home/travis/build/icyphy/ptII/ptolemy/domains/continuous/test/auto/ContinuousWithinContinuous7.xml
58 ms. Memory: 872960K Free: 638105K (73%)
----------------- Invoking toplevel() on ptolemy.moml.MoMLSimpleApplication@5d72e9b3
----------------- Done invoking toplevel() on ptolemy.moml.MoMLSimpleApplication@5d72e9b3
reloadAllAccessors: .ContinuousWithinContinuous7

===========================================================================================
----------------- testing Sat Sep 08 02:05:44 UTC 2018 /home/travis/build/icyphy/ptII/ptolemy/domains/continuous/test/auto/DCMotor.xml
----------------- Instantiating /home/travis/build/icyphy/ptII/ptolemy/domains/continuous/test/auto/DCMotor.xml
13070 ms. Memory: 734208K Free: 103114K (14%)
----------------- Invoking toplevel() on ptolemy.moml.MoMLSimpleApplication@7a803fbb
----------------- Done invoking toplevel() on ptolemy.moml.MoMLSimpleApplication@7a803fbb
reloadAllAccessors: .DCMotor

===========================================================================================
----------------- testing Sat Sep 08 02:05:58 UTC 2018 /home/travis/build/icyphy/ptII/ptolemy/domains/continuous/test/auto/DEInContinuous.xml
----------------- Instantiating /home/travis/build/icyphy/ptII/ptolemy/domains/continuous/test/auto/DEInContinuous.xml
7 ms. Memory: 734208K Free: 87055K (12%)
----------------- Invoking toplevel() on ptolemy.moml.MoMLSimpleApplication@5ed5fdd1
----------------- Done invoking toplevel() on ptolemy.moml.MoMLSimpleApplication@5ed5fdd1
reloadAllAccessors: .DEInContinuous

===========================================================================================
----------------- testing Sat Sep 08 02:05:58 UTC 2018 /home/travis/build/icyphy/ptII/ptolemy/domains/continuous/test/auto/DEinContinuous2.xml
----------------- Instantiating /home/travis/build/icyphy/ptII/ptolemy/domains/continuous/test/auto/DEinContinuous2.xml
7 ms. Memory: 734208K Free: 74644K (10%)
----------------- Invoking toplevel() on ptolemy.moml.MoMLSimpleApplication@9ee7d0
----------------- Done invoking toplevel() on ptolemy.moml.MoMLSimpleApplication@9ee7d0
reloadAllAccessors: .DEinContinuous2

===========================================================================================
----------------- testing Sat Sep 08 02:05:58 UTC 2018 /home/travis/build/icyphy/ptII/ptolemy/domains/continuous/test/auto/Derivative.xml
----------------- Instantiating /home/travis/build/icyphy/ptII/ptolemy/domains/continuous/test/auto/Derivative.xml
128 ms. Memory: 696832K Free: 646336K (93%)
----------------- Invoking toplevel() on ptolemy.moml.MoMLSimpleApplication@106bffa4
----------------- Done invoking toplevel() on ptolemy.moml.MoMLSimpleApplication@106bffa4
reloadAllAccessors: .Derivative2

===========================================================================================
----------------- testing Sat Sep 08 02:05:58 UTC 2018 /home/travis/build/icyphy/ptII/ptolemy/domains/continuous/test/auto/Derivative1.xml
----------------- Instantiating /home/travis/build/icyphy/ptII/ptolemy/domains/continuous/test/auto/Derivative1.xml
21 ms. Memory: 696832K Free: 626254K (90%)
----------------- Invoking toplevel() on ptolemy.moml.MoMLSimpleApplication@1c5b4f55
----------------- Done invoking toplevel() on ptolemy.moml.MoMLSimpleApplication@1c5b4f55
reloadAllAccessors: .Derivative1

===========================================================================================
----------------- testing Sat Sep 08 02:05:58 UTC 2018 /home/travis/build/icyphy/ptII/ptolemy/domains/continuous/test/auto/DiscreteClock.xml
----------------- Instantiating /home/travis/build/icyphy/ptII/ptolemy/domains/continuous/test/auto/DiscreteClock.xml
6 ms. Memory: 696832K Free: 613136K (88%)
----------------- Invoking toplevel() on ptolemy.moml.MoMLSimpleApplication@3fffb191
----------------- Done invoking toplevel() on ptolemy.moml.MoMLSimpleApplication@3fffb191
reloadAllAccessors: .DiscreteClock

===========================================================================================
----------------- testing Sat Sep 08 02:05:58 UTC 2018 /home/travis/build/icyphy/ptII/ptolemy/domains/continuous/test/auto/EfficiencyCurve.xml
----------------- Instantiating /home/travis/build/icyphy/ptII/ptolemy/domains/continuous/test/auto/EfficiencyCurve.xml
48 ms. Memory: 696832K Free: 600017K (86%)
----------------- Invoking toplevel() on ptolemy.moml.MoMLSimpleApplication@3ffd67ab
----------------- Done invoking toplevel() on ptolemy.moml.MoMLSimpleApplication@3ffd67ab
reloadAllAccessors: .EfficiencyCurve

===========================================================================================
----------------- testing Sat Sep 08 02:05:58 UTC 2018 /home/travis/build/icyphy/ptII/ptolemy/domains/continuous/test/auto/ExponentialResponse.xml
----------------- Instantiating /home/travis/build/icyphy/ptII/ptolemy/domains/continuous/test/auto/ExponentialResponse.xml
97 ms. Memory: 696832K Free: 574591K (82%)
----------------- Invoking toplevel() on ptolemy.moml.MoMLSimpleApplication@3442955b
----------------- Done invoking toplevel() on ptolemy.moml.MoMLSimpleApplication@3442955b
reloadAllAccessors: .ExponentialResponse

===========================================================================================
----------------- testing Sat Sep 08 02:05:58 UTC 2018 /home/travis/build/icyphy/ptII/ptolemy/domains/continuous/test/auto/ExponentialResponseRK45.xml
----------------- Instantiating /home/travis/build/icyphy/ptII/ptolemy/domains/continuous/test/auto/ExponentialResponseRK45.xml
25 ms. Memory: 696832K Free: 561472K (81%)
----------------- Invoking toplevel() on ptolemy.moml.MoMLSimpleApplication@292251c0
----------------- Done invoking toplevel() on ptolemy.moml.MoMLSimpleApplication@292251c0
reloadAllAccessors: .ExponentialResponseRK45

===========================================================================================
----------------- testing Sat Sep 08 02:05:58 UTC 2018 /home/travis/build/icyphy/ptII/ptolemy/domains/continuous/test/auto/Friction.xml
----------------- Instantiating /home/travis/build/icyphy/ptII/ptolemy/domains/continuous/test/auto/Friction.xml
1329 ms. Memory: 696832K Free: 117121K (17%)
----------------- Invoking toplevel() on ptolemy.moml.MoMLSimpleApplication@60fe416
----------------- Done invoking toplevel() on ptolemy.moml.MoMLSimpleApplication@60fe416
reloadAllAccessors: .Friction

===========================================================================================
----------------- testing Sat Sep 08 02:05:59 UTC 2018 /home/travis/build/icyphy/ptII/ptolemy/domains/continuous/test/auto/FurutaPendulum.xml
----------------- Instantiating /home/travis/build/icyphy/ptII/ptolemy/domains/continuous/test/auto/FurutaPendulum.xml
3323 ms. Memory: 674304K Free: 199199K (30%)
----------------- Invoking toplevel() on ptolemy.moml.MoMLSimpleApplication@d4995cd
----------------- Done invoking toplevel() on ptolemy.moml.MoMLSimpleApplication@d4995cd
reloadAllAccessors: .FurutaPendulum

===========================================================================================
----------------- testing Sat Sep 08 02:06:03 UTC 2018 /home/travis/build/icyphy/ptII/ptolemy/domains/continuous/test/auto/HierarchicalExecution.xml
----------------- Instantiating /home/travis/build/icyphy/ptII/ptolemy/domains/continuous/test/auto/HierarchicalExecution.xml
1888 ms. Memory: 646144K Free: 445777K (69%)
----------------- Invoking toplevel() on ptolemy.moml.MoMLSimpleApplication@677998d0
----------------- Done invoking toplevel() on ptolemy.moml.MoMLSimpleApplication@677998d0
reloadAllAccessors: .HierarchicalExecution

===========================================================================================
----------------- testing Sat Sep 08 02:06:05 UTC 2018 /home/travis/build/icyphy/ptII/ptolemy/domains/continuous/test/auto/HybridPlant.xml
----------------- Instantiating /home/travis/build/icyphy/ptII/ptolemy/domains/continuous/test/auto/HybridPlant.xml
477 ms. Memory: 646144K Free: 161086K (25%)
----------------- Invoking toplevel() on ptolemy.moml.MoMLSimpleApplication@4821fa42
----------------- Done invoking toplevel() on ptolemy.moml.MoMLSimpleApplication@4821fa42
reloadAllAccessors: .HybridPlant

===========================================================================================
----------------- testing Sat Sep 08 02:06:06 UTC 2018 /home/travis/build/icyphy/ptII/ptolemy/domains/continuous/test/auto/Hysteresis.xml
----------------- Instantiating /home/travis/build/icyphy/ptII/ptolemy/domains/continuous/test/auto/Hysteresis.xml
129 ms. Memory: 646144K Free: 89514K (14%)
----------------- Invoking toplevel() on ptolemy.moml.MoMLSimpleApplication@58e4b129
----------------- Done invoking toplevel() on ptolemy.moml.MoMLSimpleApplication@58e4b129
reloadAllAccessors: .Hysteresis

===========================================================================================
----------------- testing Sat Sep 08 02:06:06 UTC 2018 /home/travis/build/icyphy/ptII/ptolemy/domains/continuous/test/auto/HysteresisWithRandomDelay.xml
----------------- Instantiating /home/travis/build/icyphy/ptII/ptolemy/domains/continuous/test/auto/HysteresisWithRandomDelay.xml
171 ms. Memory: 614912K Free: 535193K (87%)
----------------- Invoking toplevel() on ptolemy.moml.MoMLSimpleApplication@74de9995
----------------- Done invoking toplevel() on ptolemy.moml.MoMLSimpleApplication@74de9995
reloadAllAccessors: .HysteresisWithRandomDelay

===========================================================================================
----------------- testing Sat Sep 08 02:06:06 UTC 2018 /home/travis/build/icyphy/ptII/ptolemy/domains/continuous/test/auto/HysteresisWithRandomLosses.xml
----------------- Instantiating /home/travis/build/icyphy/ptII/ptolemy/domains/continuous/test/auto/HysteresisWithRandomLosses.xml
2100 ms. Memory: 591360K Free: 275148K (47%)
----------------- Invoking toplevel() on ptolemy.moml.MoMLSimpleApplication@2d3cff03
----------------- Done invoking toplevel() on ptolemy.moml.MoMLSimpleApplication@2d3cff03
reloadAllAccessors: .HysteresisWithRandomLosses

===========================================================================================
----------------- testing Sat Sep 08 02:06:08 UTC 2018 /home/travis/build/icyphy/ptII/ptolemy/domains/continuous/test/auto/ImmediateTransitions.xml
----------------- Instantiating /home/travis/build/icyphy/ptII/ptolemy/domains/continuous/test/auto/ImmediateTransitions.xml
7 ms. Memory: 591360K Free: 259214K (44%)
----------------- Invoking toplevel() on ptolemy.moml.MoMLSimpleApplication@490590fb
----------------- Done invoking toplevel() on ptolemy.moml.MoMLSimpleApplication@490590fb
reloadAllAccessors: .ImmediateTransitions

===========================================================================================
----------------- testing Sat Sep 08 02:06:08 UTC 2018 /home/travis/build/icyphy/ptII/ptolemy/domains/continuous/test/auto/ImpulseFeedback.xml
----------------- Instantiating /home/travis/build/icyphy/ptII/ptolemy/domains/continuous/test/auto/ImpulseFeedback.xml
8 ms. Memory: 591360K Free: 248164K (42%)
----------------- Invoking toplevel() on ptolemy.moml.MoMLSimpleApplication@23afe322
----------------- Done invoking toplevel() on ptolemy.moml.MoMLSimpleApplication@23afe322
reloadAllAccessors: .ImpulseFeedback

===========================================================================================
----------------- testing Sat Sep 08 02:06:08 UTC 2018 /home/travis/build/icyphy/ptII/ptolemy/domains/continuous/test/auto/ImpulseFeedback2.xml
----------------- Instantiating /home/travis/build/icyphy/ptII/ptolemy/domains/continuous/test/auto/ImpulseFeedback2.xml
6 ms. Memory: 591360K Free: 237110K (40%)
----------------- Invoking toplevel() on ptolemy.moml.MoMLSimpleApplication@26a9b2c9
----------------- Done invoking toplevel() on ptolemy.moml.MoMLSimpleApplication@26a9b2c9
reloadAllAccessors: .ImpulseFeedback2

===========================================================================================
----------------- testing Sat Sep 08 02:06:08 UTC 2018 /home/travis/build/icyphy/ptII/ptolemy/domains/continuous/test/auto/IncreasingRatePoisson.xml
----------------- Instantiating /home/travis/build/icyphy/ptII/ptolemy/domains/continuous/test/auto/IncreasingRatePoisson.xml
677 ms. Memory: 565248K Free: 368587K (65%)
----------------- Invoking toplevel() on ptolemy.moml.MoMLSimpleApplication@2c06cd57
----------------- Done invoking toplevel() on ptolemy.moml.MoMLSimpleApplication@2c06cd57
reloadAllAccessors: .IncreasingRatePoisson

===========================================================================================
----------------- testing Sat Sep 08 02:06:09 UTC 2018 /home/travis/build/icyphy/ptII/ptolemy/domains/continuous/test/auto/InitialStateFeedback.xml
----------------- Instantiating /home/travis/build/icyphy/ptII/ptolemy/domains/continuous/test/auto/InitialStateFeedback.xml
7 ms. Memory: 565248K Free: 358725K (63%)
----------------- Invoking toplevel() on ptolemy.moml.MoMLSimpleApplication@2e4052e0
----------------- Done invoking toplevel() on ptolemy.moml.MoMLSimpleApplication@2e4052e0
reloadAllAccessors: .InitialStateFeedback

===========================================================================================
----------------- testing Sat Sep 08 02:06:09 UTC 2018 /home/travis/build/icyphy/ptII/ptolemy/domains/continuous/test/auto/Integration.xml
----------------- Instantiating /home/travis/build/icyphy/ptII/ptolemy/domains/continuous/test/auto/Integration.xml
1 ms. Memory: 565248K Free: 350648K (62%)
----------------- Invoking toplevel() on ptolemy.moml.MoMLSimpleApplication@703b91fd
----------------- Done invoking toplevel() on ptolemy.moml.MoMLSimpleApplication@703b91fd
reloadAllAccessors: .Integration

===========================================================================================
----------------- testing Sat Sep 08 02:06:09 UTC 2018 /home/travis/build/icyphy/ptII/ptolemy/domains/continuous/test/auto/Integration2.xml
----------------- Instantiating /home/travis/build/icyphy/ptII/ptolemy/domains/continuous/test/auto/Integration2.xml
72 ms. Memory: 565248K Free: 332796K (59%)
----------------- Invoking toplevel() on ptolemy.moml.MoMLSimpleApplication@7478e862
----------------- Done invoking toplevel() on ptolemy.moml.MoMLSimpleApplication@7478e862
reloadAllAccessors: .Integration2

===========================================================================================
----------------- testing Sat Sep 08 02:06:09 UTC 2018 /home/travis/build/icyphy/ptII/ptolemy/domains/continuous/test/auto/Integration3.xml
----------------- Instantiating /home/travis/build/icyphy/ptII/ptolemy/domains/continuous/test/auto/Integration3.xml
2 ms. Memory: 565248K Free: 324719K (57%)
----------------- Invoking toplevel() on ptolemy.moml.MoMLSimpleApplication@774450e2
----------------- Done invoking toplevel() on ptolemy.moml.MoMLSimpleApplication@774450e2
reloadAllAccessors: .Integration3

===========================================================================================
----------------- testing Sat Sep 08 02:06:09 UTC 2018 /home/travis/build/icyphy/ptII/ptolemy/domains/continuous/test/auto/Integration5.xml
----------------- Instantiating /home/travis/build/icyphy/ptII/ptolemy/domains/continuous/test/auto/Integration5.xml
2 ms. Memory: 565248K Free: 316634K (56%)
----------------- Invoking toplevel() on ptolemy.moml.MoMLSimpleApplication@7f68e9f6
----------------- Done invoking toplevel() on ptolemy.moml.MoMLSimpleApplication@7f68e9f6
reloadAllAccessors: .Integration5

===========================================================================================
----------------- testing Sat Sep 08 02:06:09 UTC 2018 /home/travis/build/icyphy/ptII/ptolemy/domains/continuous/test/auto/IntegratorImpulse.xml
----------------- Instantiating /home/travis/build/icyphy/ptII/ptolemy/domains/continuous/test/auto/IntegratorImpulse.xml
2 ms. Memory: 565248K Free: 308450K (55%)
----------------- Invoking toplevel() on ptolemy.moml.MoMLSimpleApplication@64d332aa
----------------- Done invoking toplevel() on ptolemy.moml.MoMLSimpleApplication@64d332aa
reloadAllAccessors: .IntegratorImpulse

===========================================================================================
----------------- testing Sat Sep 08 02:06:09 UTC 2018 /home/travis/build/icyphy/ptII/ptolemy/domains/continuous/test/auto/IntegratorImpulse2.xml
----------------- Instantiating /home/travis/build/icyphy/ptII/ptolemy/domains/continuous/test/auto/IntegratorImpulse2.xml
3 ms. Memory: 565248K Free: 300372K (53%)
----------------- Invoking toplevel() on ptolemy.moml.MoMLSimpleApplication@7a505554
----------------- Done invoking toplevel() on ptolemy.moml.MoMLSimpleApplication@7a505554
reloadAllAccessors: .IntegratorImpulse2

===========================================================================================
----------------- testing Sat Sep 08 02:06:09 UTC 2018 /home/travis/build/icyphy/ptII/ptolemy/domains/continuous/test/auto/LevelCrossing1.xml
----------------- Instantiating /home/travis/build/icyphy/ptII/ptolemy/domains/continuous/test/auto/LevelCrossing1.xml
3 ms. Memory: 565248K Free: 292180K (52%)
----------------- Invoking toplevel() on ptolemy.moml.MoMLSimpleApplication@3f98716c
----------------- Done invoking toplevel() on ptolemy.moml.MoMLSimpleApplication@3f98716c
reloadAllAccessors: .LevelCrossing1

===========================================================================================
----------------- testing Sat Sep 08 02:06:09 UTC 2018 /home/travis/build/icyphy/ptII/ptolemy/domains/continuous/test/auto/LevelCrossing2.xml
----------------- Instantiating /home/travis/build/icyphy/ptII/ptolemy/domains/continuous/test/auto/LevelCrossing2.xml
2 ms. Memory: 565248K Free: 284103K (50%)
----------------- Invoking toplevel() on ptolemy.moml.MoMLSimpleApplication@692f3398
----------------- Done invoking toplevel() on ptolemy.moml.MoMLSimpleApplication@692f3398
reloadAllAccessors: .LevelCrossing2

===========================================================================================
----------------- testing Sat Sep 08 02:06:09 UTC 2018 /home/travis/build/icyphy/ptII/ptolemy/domains/continuous/test/auto/LevelCrossing3.xml
----------------- Instantiating /home/travis/build/icyphy/ptII/ptolemy/domains/continuous/test/auto/LevelCrossing3.xml
2 ms. Memory: 565248K Free: 275910K (49%)
----------------- Invoking toplevel() on ptolemy.moml.MoMLSimpleApplication@686c2133
----------------- Done invoking toplevel() on ptolemy.moml.MoMLSimpleApplication@686c2133
reloadAllAccessors: .LevelCrossing3

===========================================================================================
----------------- testing Sat Sep 08 02:06:09 UTC 2018 /home/travis/build/icyphy/ptII/ptolemy/domains/continuous/test/auto/LevelCrossing4.xml
----------------- Instantiating /home/travis/build/icyphy/ptII/ptolemy/domains/continuous/test/auto/LevelCrossing4.xml
3 ms. Memory: 565248K Free: 267833K (47%)
----------------- Invoking toplevel() on ptolemy.moml.MoMLSimpleApplication@4a6620c3
----------------- Done invoking toplevel() on ptolemy.moml.MoMLSimpleApplication@4a6620c3
reloadAllAccessors: .LevelCrossing4

===========================================================================================
----------------- testing Sat Sep 08 02:06:09 UTC 2018 /home/travis/build/icyphy/ptII/ptolemy/domains/continuous/test/auto/LevelCrossing5.xml
----------------- Instantiating /home/travis/build/icyphy/ptII/ptolemy/domains/continuous/test/auto/LevelCrossing5.xml
3 ms. Memory: 565248K Free: 259641K (46%)
----------------- Invoking toplevel() on ptolemy.moml.MoMLSimpleApplication@52340d70
----------------- Done invoking toplevel() on ptolemy.moml.MoMLSimpleApplication@52340d70
reloadAllAccessors: .LevelCrossing5

===========================================================================================
----------------- testing Sat Sep 08 02:06:09 UTC 2018 /home/travis/build/icyphy/ptII/ptolemy/domains/continuous/test/auto/LevelCrossing6.xml
----------------- Instantiating /home/travis/build/icyphy/ptII/ptolemy/domains/continuous/test/auto/LevelCrossing6.xml
[...]
reloadAllAccessors: .ResetTransitionWithStartTime5

===========================================================================================
----------------- testing Sat Sep 08 02:06:26 UTC 2018 /home/travis/build/icyphy/ptII/ptolemy/domains/continuous/test/auto/ResetTransitionWithStartTime6.xml
----------------- Instantiating /home/travis/build/icyphy/ptII/ptolemy/domains/continuous/test/auto/ResetTransitionWithStartTime6.xml
10 ms. Memory: 371200K Free: 146576K (39%)
----------------- Invoking toplevel() on ptolemy.moml.MoMLSimpleApplication@6a1b33fa
----------------- Done invoking toplevel() on ptolemy.moml.MoMLSimpleApplication@6a1b33fa
reloadAllAccessors: .ResetTransitionWithStartTime6

===========================================================================================
----------------- testing Sat Sep 08 02:06:26 UTC 2018 /home/travis/build/icyphy/ptII/ptolemy/domains/continuous/test/auto/SRinContinuous.xml
----------------- Instantiating /home/travis/build/icyphy/ptII/ptolemy/domains/continuous/test/auto/SRinContinuous.xml
10 ms. Memory: 371200K Free: 136959K (37%)
----------------- Invoking toplevel() on ptolemy.moml.MoMLSimpleApplication@24cf33ee
----------------- Done invoking toplevel() on ptolemy.moml.MoMLSimpleApplication@24cf33ee
reloadAllAccessors: .SRinContinuous

===========================================================================================
----------------- testing Sat Sep 08 02:06:26 UTC 2018 /home/travis/build/icyphy/ptII/ptolemy/domains/continuous/test/auto/SampledClocks.xml
----------------- Instantiating /home/travis/build/icyphy/ptII/ptolemy/domains/continuous/test/auto/SampledClocks.xml
8 ms. Memory: 371200K Free: 120028K (32%)
----------------- Invoking toplevel() on ptolemy.moml.MoMLSimpleApplication@18bd25c
----------------- Done invoking toplevel() on ptolemy.moml.MoMLSimpleApplication@18bd25c
reloadAllAccessors: .SampledClocks

===========================================================================================
----------------- testing Sat Sep 08 02:06:26 UTC 2018 /home/travis/build/icyphy/ptII/ptolemy/domains/continuous/test/auto/Satellite.xml
----------------- Instantiating /home/travis/build/icyphy/ptII/ptolemy/domains/continuous/test/auto/Satellite.xml
921 ms. Memory: 363520K Free: 217157K (60%)
----------------- Invoking toplevel() on ptolemy.moml.MoMLSimpleApplication@2a86f1f2
----------------- Done invoking toplevel() on ptolemy.moml.MoMLSimpleApplication@2a86f1f2
reloadAllAccessors: .Satellite

===========================================================================================
----------------- testing Sat Sep 08 02:06:27 UTC 2018 /home/travis/build/icyphy/ptII/ptolemy/domains/continuous/test/auto/SigmaDelta.xml
----------------- Instantiating /home/travis/build/icyphy/ptII/ptolemy/domains/continuous/test/auto/SigmaDelta.xml
2381 ms. Memory: 350720K Free: 95256K (27%)
----------------- Invoking toplevel() on ptolemy.moml.MoMLSimpleApplication@13201b3d
----------------- Done invoking toplevel() on ptolemy.moml.MoMLSimpleApplication@13201b3d
reloadAllAccessors: .SigmaDelta

===========================================================================================
----------------- testing Sat Sep 08 02:06:29 UTC 2018 /home/travis/build/icyphy/ptII/ptolemy/domains/continuous/test/auto/SinuBouncingBall.xml
----------------- Instantiating /home/travis/build/icyphy/ptII/ptolemy/domains/continuous/test/auto/SinuBouncingBall.xml
693 ms. Memory: 413184K Free: 197956K (48%)
----------------- Invoking toplevel() on ptolemy.moml.MoMLSimpleApplication@523f3489
----------------- Done invoking toplevel() on ptolemy.moml.MoMLSimpleApplication@523f3489
reloadAllAccessors: .SinuBouncingBall

===========================================================================================
----------------- testing Sat Sep 08 02:06:30 UTC 2018 /home/travis/build/icyphy/ptII/ptolemy/domains/continuous/test/auto/Sinusoid.xml
----------------- Instantiating /home/travis/build/icyphy/ptII/ptolemy/domains/continuous/test/auto/Sinusoid.xml
5 ms. Memory: 413184K Free: 189130K (46%)
----------------- Invoking toplevel() on ptolemy.moml.MoMLSimpleApplication@3b6f05ba
----------------- Done invoking toplevel() on ptolemy.moml.MoMLSimpleApplication@3b6f05ba
reloadAllAccessors: .Sinusoid

===========================================================================================
----------------- testing Sat Sep 08 02:06:30 UTC 2018 /home/travis/build/icyphy/ptII/ptolemy/domains/continuous/test/auto/SinusoidInNoise.xml
----------------- Instantiating /home/travis/build/icyphy/ptII/ptolemy/domains/continuous/test/auto/SinusoidInNoise.xml
1014 ms. Memory: 398336K Free: 298089K (75%)
----------------- Invoking toplevel() on ptolemy.moml.MoMLSimpleApplication@78ca0fa
----------------- Done invoking toplevel() on ptolemy.moml.MoMLSimpleApplication@78ca0fa
reloadAllAccessors: .SinusoidInNoise

===========================================================================================
----------------- testing Sat Sep 08 02:06:31 UTC 2018 /home/travis/build/icyphy/ptII/ptolemy/domains/continuous/test/auto/SinusoidRK45.xml
----------------- Instantiating /home/travis/build/icyphy/ptII/ptolemy/domains/continuous/test/auto/SinusoidRK45.xml
2 ms. Memory: 398336K Free: 289634K (73%)
----------------- Invoking toplevel() on ptolemy.moml.MoMLSimpleApplication@410802d3
----------------- Done invoking toplevel() on ptolemy.moml.MoMLSimpleApplication@410802d3
reloadAllAccessors: .SinusoidRK45

===========================================================================================
----------------- testing Sat Sep 08 02:06:31 UTC 2018 /home/travis/build/icyphy/ptII/ptolemy/domains/continuous/test/auto/SinusoidWithMultipleImpulses.xml
----------------- Instantiating /home/travis/build/icyphy/ptII/ptolemy/domains/continuous/test/auto/SinusoidWithMultipleImpulses.xml
3 ms. Memory: 398336K Free: 282426K (71%)
----------------- Invoking toplevel() on ptolemy.moml.MoMLSimpleApplication@2362c1bb
----------------- Done invoking toplevel() on ptolemy.moml.MoMLSimpleApplication@2362c1bb
reloadAllAccessors: .SinusoidWithMultipleImpulses

===========================================================================================
----------------- testing Sat Sep 08 02:06:31 UTC 2018 /home/travis/build/icyphy/ptII/ptolemy/domains/continuous/test/auto/SquareWave.xml
----------------- Instantiating /home/travis/build/icyphy/ptII/ptolemy/domains/continuous/test/auto/SquareWave.xml
163 ms. Memory: 398336K Free: 247737K (62%)
----------------- Invoking toplevel() on ptolemy.moml.MoMLSimpleApplication@705597d5
----------------- Done invoking toplevel() on ptolemy.moml.MoMLSimpleApplication@705597d5
reloadAllAccessors: .SquareWave

===========================================================================================
----------------- testing Sat Sep 08 02:06:31 UTC 2018 /home/travis/build/icyphy/ptII/ptolemy/domains/continuous/test/auto/Starmac.xml
----------------- Instantiating /home/travis/build/icyphy/ptII/ptolemy/domains/continuous/test/auto/Starmac.xml
3065 ms. Memory: 387072K Free: 171633K (44%)
----------------- Invoking toplevel() on ptolemy.moml.MoMLSimpleApplication@5e8d701
----------------- Done invoking toplevel() on ptolemy.moml.MoMLSimpleApplication@5e8d701
reloadAllAccessors: .Starmac

===========================================================================================
----------------- testing Sat Sep 08 02:06:35 UTC 2018 /home/travis/build/icyphy/ptII/ptolemy/domains/continuous/test/auto/StaticUnits.xml
----------------- Instantiating /home/travis/build/icyphy/ptII/ptolemy/domains/continuous/test/auto/StaticUnits.xml
2128 ms. Memory: 356352K Free: 247439K (69%)
----------------- Invoking toplevel() on ptolemy.moml.MoMLSimpleApplication@6073d1a4
----------------- Done invoking toplevel() on ptolemy.moml.MoMLSimpleApplication@6073d1a4
reloadAllAccessors: .StaticUnits

===========================================================================================
----------------- testing Sat Sep 08 02:06:37 UTC 2018 /home/travis/build/icyphy/ptII/ptolemy/domains/continuous/test/auto/StickyMasses.xml
----------------- Instantiating /home/travis/build/icyphy/ptII/ptolemy/domains/continuous/test/auto/StickyMasses.xml
130 ms. Memory: 356352K Free: 189947K (53%)
----------------- Invoking toplevel() on ptolemy.moml.MoMLSimpleApplication@61c7fd45
----------------- Done invoking toplevel() on ptolemy.moml.MoMLSimpleApplication@61c7fd45
reloadAllAccessors: .StickyMasses

===========================================================================================
----------------- testing Sat Sep 08 02:06:38 UTC 2018 /home/travis/build/icyphy/ptII/ptolemy/domains/continuous/test/auto/StopTime.xml
----------------- Instantiating /home/travis/build/icyphy/ptII/ptolemy/domains/continuous/test/auto/StopTime.xml
35 ms. Memory: 356352K Free: 161437K (45%)
----------------- Invoking toplevel() on ptolemy.moml.MoMLSimpleApplication@126fe37d
----------------- Done invoking toplevel() on ptolemy.moml.MoMLSimpleApplication@126fe37d
reloadAllAccessors: .StopTime

===========================================================================================
----------------- testing Sat Sep 08 02:06:38 UTC 2018 /home/travis/build/icyphy/ptII/ptolemy/domains/continuous/test/auto/StopTime2.xml
----------------- Instantiating /home/travis/build/icyphy/ptII/ptolemy/domains/continuous/test/auto/StopTime2.xml
30 ms. Memory: 356352K Free: 136552K (38%)
----------------- Invoking toplevel() on ptolemy.moml.MoMLSimpleApplication@4b965a8e
----------------- Done invoking toplevel() on ptolemy.moml.MoMLSimpleApplication@4b965a8e
reloadAllAccessors: .StopTime2

===========================================================================================
----------------- testing Sat Sep 08 02:06:38 UTC 2018 /home/travis/build/icyphy/ptII/ptolemy/domains/continuous/test/auto/Switch.xml
----------------- Instantiating /home/travis/build/icyphy/ptII/ptolemy/domains/continuous/test/auto/Switch.xml
34 ms. Memory: 356352K Free: 107971K (30%)
----------------- Invoking toplevel() on ptolemy.moml.MoMLSimpleApplication@18db6f13
----------------- Done invoking toplevel() on ptolemy.moml.MoMLSimpleApplication@18db6f13
reloadAllAccessors: .Switch

===========================================================================================
----------------- testing Sat Sep 08 02:06:38 UTC 2018 /home/travis/build/icyphy/ptII/ptolemy/domains/continuous/test/auto/Thermostat.xml
----------------- Instantiating /home/travis/build/icyphy/ptII/ptolemy/domains/continuous/test/auto/Thermostat.xml
162 ms. Memory: 356352K Free: 31644K (9%)
----------------- Invoking toplevel() on ptolemy.moml.MoMLSimpleApplication@17600ab0
----------------- Done invoking toplevel() on ptolemy.moml.MoMLSimpleApplication@17600ab0
reloadAllAccessors: .Thermostat

===========================================================================================
----------------- testing Sat Sep 08 02:06:38 UTC 2018 /home/travis/build/icyphy/ptII/ptolemy/domains/continuous/test/auto/TimeDelay.xml
----------------- Instantiating /home/travis/build/icyphy/ptII/ptolemy/domains/continuous/test/auto/TimeDelay.xml
5 ms. Memory: 356352K Free: 25201K (7%)
----------------- Invoking toplevel() on ptolemy.moml.MoMLSimpleApplication@53ea319a
----------------- Done invoking toplevel() on ptolemy.moml.MoMLSimpleApplication@53ea319a
reloadAllAccessors: .TimeDelay

===========================================================================================
----------------- testing Sat Sep 08 02:06:38 UTC 2018 /home/travis/build/icyphy/ptII/ptolemy/domains/continuous/test/auto/TimeDelay2.xml
----------------- Instantiating /home/travis/build/icyphy/ptII/ptolemy/domains/continuous/test/auto/TimeDelay2.xml
7 ms. Memory: 356352K Free: 16212K (5%)
----------------- Invoking toplevel() on ptolemy.moml.MoMLSimpleApplication@6202117e
----------------- Done invoking toplevel() on ptolemy.moml.MoMLSimpleApplication@6202117e
reloadAllAccessors: .TimeDelay2

===========================================================================================
----------------- testing Sat Sep 08 02:06:38 UTC 2018 /home/travis/build/icyphy/ptII/ptolemy/domains/continuous/test/auto/TimeDelay3.xml
----------------- Instantiating /home/travis/build/icyphy/ptII/ptolemy/domains/continuous/test/auto/TimeDelay3.xml
5 ms. Memory: 344064K Free: 269808K (78%)
----------------- Invoking toplevel() on ptolemy.moml.MoMLSimpleApplication@22471738
----------------- Done invoking toplevel() on ptolemy.moml.MoMLSimpleApplication@22471738
reloadAllAccessors: .TimeDelay3

===========================================================================================
----------------- testing Sat Sep 08 02:06:38 UTC 2018 /home/travis/build/icyphy/ptII/ptolemy/domains/continuous/test/auto/TransferAbsentToInside.xml
----------------- Instantiating /home/travis/build/icyphy/ptII/ptolemy/domains/continuous/test/auto/TransferAbsentToInside.xml
23 ms. Memory: 344064K Free: 210891K (61%)
----------------- Invoking toplevel() on ptolemy.moml.MoMLSimpleApplication@168fe994
----------------- Done invoking toplevel() on ptolemy.moml.MoMLSimpleApplication@168fe994
reloadAllAccessors: .TransferAbsentToInside

===========================================================================================
----------------- testing Sat Sep 08 02:06:38 UTC 2018 /home/travis/build/icyphy/ptII/ptolemy/domains/continuous/test/auto/Transmission.xml
----------------- Instantiating /home/travis/build/icyphy/ptII/ptolemy/domains/continuous/test/auto/Transmission.xml
702 ms. Memory: 339968K Free: 226586K (67%)
----------------- Invoking toplevel() on ptolemy.moml.MoMLSimpleApplication@661c8a96
----------------- Done invoking toplevel() on ptolemy.moml.MoMLSimpleApplication@661c8a96
reloadAllAccessors: .Transmission

===========================================================================================
----------------- testing Sat Sep 08 02:06:39 UTC 2018 /home/travis/build/icyphy/ptII/ptolemy/domains/continuous/test/auto/TriggeredContinuousClock.xml
----------------- Instantiating /home/travis/build/icyphy/ptII/ptolemy/domains/continuous/test/auto/TriggeredContinuousClock.xml
35 ms. Memory: 339968K Free: 192221K (57%)
----------------- Invoking toplevel() on ptolemy.moml.MoMLSimpleApplication@5f92b84b
----------------- Done invoking toplevel() on ptolemy.moml.MoMLSimpleApplication@5f92b84b
reloadAllAccessors: .TriggeredContinuousClock

===========================================================================================
----------------- testing Sat Sep 08 02:06:39 UTC 2018 /home/travis/build/icyphy/ptII/ptolemy/domains/continuous/test/auto/TwoMachineInfiniteBusControl.xml
----------------- Instantiating /home/travis/build/icyphy/ptII/ptolemy/domains/continuous/test/auto/TwoMachineInfiniteBusControl.xml
2576 ms. Memory: 311808K Free: 94590K (30%)
----------------- Invoking toplevel() on ptolemy.moml.MoMLSimpleApplication@403457d
----------------- Done invoking toplevel() on ptolemy.moml.MoMLSimpleApplication@403457d
reloadAllAccessors: .TwoMachineInfiniteBusControl

===========================================================================================
----------------- testing Sat Sep 08 02:06:42 UTC 2018 /home/travis/build/icyphy/ptII/ptolemy/domains/continuous/test/auto/V2V.xml
----------------- Instantiating /home/travis/build/icyphy/ptII/ptolemy/domains/continuous/test/auto/V2V.xml
637 ms. Memory: 302592K Free: 119404K (39%)
----------------- Invoking toplevel() on ptolemy.moml.MoMLSimpleApplication@38565eaa
----------------- Done invoking toplevel() on ptolemy.moml.MoMLSimpleApplication@38565eaa
reloadAllAccessors: .V2V

===========================================================================================
----------------- testing Sat Sep 08 02:06:42 UTC 2018 /home/travis/build/icyphy/ptII/ptolemy/domains/continuous/test/auto/hierarchicalModalModel.xml
----------------- Instantiating /home/travis/build/icyphy/ptII/ptolemy/domains/continuous/test/auto/hierarchicalModalModel.xml
14 ms. Memory: 302592K Free: 99655K (33%)
----------------- Invoking toplevel() on ptolemy.moml.MoMLSimpleApplication@217b64ec
----------------- Done invoking toplevel() on ptolemy.moml.MoMLSimpleApplication@217b64ec
reloadAllAccessors: .hierarchicalModalModel

===========================================================================================
----------------- testing Sat Sep 08 02:06:42 UTC 2018 /home/travis/build/icyphy/ptII/ptolemy/domains/continuous/test/auto/hierarchicalModalModel1.xml
----------------- Instantiating /home/travis/build/icyphy/ptII/ptolemy/domains/continuous/test/auto/hierarchicalModalModel1.xml
8 ms. Memory: 302592K Free: 82448K (27%)
----------------- Invoking toplevel() on ptolemy.moml.MoMLSimpleApplication@3355e299
----------------- Done invoking toplevel() on ptolemy.moml.MoMLSimpleApplication@3355e299
reloadAllAccessors: .hierarchicalModalModel1

===========================================================================================
----------------- testing Sat Sep 08 02:06:42 UTC 2018 /home/travis/build/icyphy/ptII/ptolemy/domains/continuous/test/auto/hierarchicalModalModel2.xml
----------------- Instantiating /home/travis/build/icyphy/ptII/ptolemy/domains/continuous/test/auto/hierarchicalModalModel2.xml
6 ms. Memory: 302592K Free: 65176K (22%)
----------------- Invoking toplevel() on ptolemy.moml.MoMLSimpleApplication@10a21773
----------------- Done invoking toplevel() on ptolemy.moml.MoMLSimpleApplication@10a21773
reloadAllAccessors: .hierarchicalModalModel2

===========================================================================================
----------------- testing Sat Sep 08 02:06:42 UTC 2018 /home/travis/build/icyphy/ptII/ptolemy/domains/continuous/test/auto/hierarchicalModalModel3.xml
----------------- Instantiating /home/travis/build/icyphy/ptII/ptolemy/domains/continuous/test/auto/hierarchicalModalModel3.xml
5 ms. Memory: 302592K Free: 52352K (17%)
----------------- Invoking toplevel() on ptolemy.moml.MoMLSimpleApplication@4cfcb02
----------------- Done invoking toplevel() on ptolemy.moml.MoMLSimpleApplication@4cfcb02
reloadAllAccessors: .hierarchicalModalModel3

===========================================================================================
----------------- testing Sat Sep 08 02:06:42 UTC 2018 /home/travis/build/icyphy/ptII/ptolemy/domains/continuous/test/auto/hierarchicalModalModel4.xml
----------------- Instantiating /home/travis/build/icyphy/ptII/ptolemy/domains/continuous/test/auto/hierarchicalModalModel4.xml
5 ms. Memory: 302592K Free: 36586K (12%)
----------------- Invoking toplevel() on ptolemy.moml.MoMLSimpleApplication@6aeb5519
----------------- Done invoking toplevel() on ptolemy.moml.MoMLSimpleApplication@6aeb5519
reloadAllAccessors: .hierarchicalModalModel4

===========================================================================================
----------------- testing Sat Sep 08 02:06:43 UTC 2018 /home/travis/build/icyphy/ptII/ptolemy/domains/continuous/test/auto/junk.xml
----------------- Instantiating /home/travis/build/icyphy/ptII/ptolemy/domains/continuous/test/auto/junk.xml
144 ms. Memory: 299008K Free: 222472K (74%)
----------------- Invoking toplevel() on ptolemy.moml.MoMLSimpleApplication@542ac7c7
----------------- Done invoking toplevel() on ptolemy.moml.MoMLSimpleApplication@542ac7c7
reloadAllAccessors: .junk
AutoTests.java: About to close Vertx.
AutoTests.java: Vertx closed.
]]></system-out>
  <system-err><![CDATA[Warning: '.HysteresisWithRandomDelay.NonStrictTest3' The test produced only 29 tokens, yet the correctValues parameter was expecting 30 tokens.
Warning: '.Poisson.NonStrictTest' The test produced only 391 tokens, yet the correctValues parameter was expecting 430 tokens.
]]></system-err>
</testsuite>
