<?xml version="1.0" encoding="UTF-8" ?>
<testsuite errors="0" failures="0" hostname="travis-job-a6380d4b-abda-425a-bb9a-3f510e21c48b" name="ptolemy.domains.de.test.junit.JUnitTclTest" skipped="0" tests="101" time="125.695" timestamp="2018-09-27T02:17:47">
  <properties>
[...]
</properties>
  <testcase classname="ptolemy.util.test.junit.TclTests" name="[0] /home/travis/build/icyphy/ptII/ptolemy/domains/de/test/DependencyLoop.tcl (RunTclFile)" time="0.763" />
  <testcase classname="ptolemy.util.test.junit.TclTests" name="[1] /home/travis/build/icyphy/ptII/ptolemy/domains/de/test/RunDETestsAsQSS.tcl (RunTclFile)" time="85.372" />
  <testcase classname="ptolemy.util.test.junit.AutoKnownFailedTests" name="[0] /home/travis/build/icyphy/ptII/ptolemy/domains/de/test/auto/knownFailedTests/DESDFClockTest.xml (RunModel)" time="2.034" />
  <testcase classname="ptolemy.util.test.junit.AutoKnownFailedTests" name="[1] /home/travis/build/icyphy/ptII/ptolemy/domains/de/test/auto/knownFailedTests/DirectFeedback.xml (RunModel)" time="0.01" />
  <testcase classname="ptolemy.util.test.junit.AutoKnownFailedTests" name="[2] /home/travis/build/icyphy/ptII/ptolemy/domains/de/test/auto/knownFailedTests/FSMSource.xml (RunModel)" time="0.025" />
  <testcase classname="ptolemy.util.test.junit.AutoKnownFailedTests" name="[3] /home/travis/build/icyphy/ptII/ptolemy/domains/de/test/auto/knownFailedTests/HierarchicalModel.xml (RunModel)" time="0.048" />
  <testcase classname="ptolemy.util.test.junit.AutoKnownFailedTests" name="[4] /home/travis/build/icyphy/ptII/ptolemy/domains/de/test/auto/knownFailedTests/dependencyLoop.xml (RunModel)" time="0.041" />
  <testcase classname="ptolemy.util.test.junit.AutoKnownFailedTests" name="[5] /home/travis/build/icyphy/ptII/ptolemy/domains/de/test/auto/knownFailedTests/dependencyLoop2.xml (RunModel)" time="0.033" />
  <testcase classname="ptolemy.util.test.junit.AutoNameArchTests" name="[0] ThereAreNoAutoArchTests (RunModel)" time="0.001" />
  <testcase classname="ptolemy.util.test.junit.AutoTests" name="[0] /home/travis/build/icyphy/ptII/ptolemy/domains/de/test/auto/ActorDepthCalculation_actorWithoutPorts.xml (RunModel)" time="0.02" />
  <testcase classname="ptolemy.util.test.junit.AutoTests" name="[1] /home/travis/build/icyphy/ptII/ptolemy/domains/de/test/auto/AssemblyLine.xml (RunModel)" time="0.021" />
  <testcase classname="ptolemy.util.test.junit.AutoTests" name="[2] /home/travis/build/icyphy/ptII/ptolemy/domains/de/test/auto/CQBug1.xml (RunModel)" time="0.012" />
  <testcase classname="ptolemy.util.test.junit.AutoTests" name="[3] /home/travis/build/icyphy/ptII/ptolemy/domains/de/test/auto/CancelFireAt.xml (RunModel)" time="0.013" />
  <testcase classname="ptolemy.util.test.junit.AutoTests" name="[4] /home/travis/build/icyphy/ptII/ptolemy/domains/de/test/auto/CausalityAndComposabilityAnalysis.xml (RunModel)" time="0.012" />
  <testcase classname="ptolemy.util.test.junit.AutoTests" name="[5] /home/travis/build/icyphy/ptII/ptolemy/domains/de/test/auto/CausalityInterface1.xml (RunModel)" time="0.013" />
  <testcase classname="ptolemy.util.test.junit.AutoTests" name="[6] /home/travis/build/icyphy/ptII/ptolemy/domains/de/test/auto/CausalityInterface15.xml (RunModel)" time="0.014" />
  <testcase classname="ptolemy.util.test.junit.AutoTests" name="[7] /home/travis/build/icyphy/ptII/ptolemy/domains/de/test/auto/CausalityInterface2.xml (RunModel)" time="0.011" />
  <testcase classname="ptolemy.util.test.junit.AutoTests" name="[8] /home/travis/build/icyphy/ptII/ptolemy/domains/de/test/auto/CausalityInterface3.xml (RunModel)" time="0.013" />
  <testcase classname="ptolemy.util.test.junit.AutoTests" name="[9] /home/travis/build/icyphy/ptII/ptolemy/domains/de/test/auto/ClockDrift.xml (RunModel)" time="0.034" />
  <testcase classname="ptolemy.util.test.junit.AutoTests" name="[10] /home/travis/build/icyphy/ptII/ptolemy/domains/de/test/auto/ClockDriftAndValueChange.xml (RunModel)" time="0.03" />
  <testcase classname="ptolemy.util.test.junit.AutoTests" name="[11] /home/travis/build/icyphy/ptII/ptolemy/domains/de/test/auto/ClockDriftChange.xml (RunModel)" time="0.027" />
  <testcase classname="ptolemy.util.test.junit.AutoTests" name="[12] /home/travis/build/icyphy/ptII/ptolemy/domains/de/test/auto/ComposableCausalityAnalysis.xml (RunModel)" time="0.02" />
  <testcase classname="ptolemy.util.test.junit.AutoTests" name="[13] /home/travis/build/icyphy/ptII/ptolemy/domains/de/test/auto/DEFixedPointLimitation.xml (RunModel)" time="0.009" />
  <testcase classname="ptolemy.util.test.junit.AutoTests" name="[14] /home/travis/build/icyphy/ptII/ptolemy/domains/de/test/auto/DEScheduleTest.xml (RunModel)" time="0.011" />
  <testcase classname="ptolemy.util.test.junit.AutoTests" name="[15] /home/travis/build/icyphy/ptII/ptolemy/domains/de/test/auto/DEinDEwithStartTimes.xml (RunModel)" time="0.012" />
  <testcase classname="ptolemy.util.test.junit.AutoTests" name="[16] /home/travis/build/icyphy/ptII/ptolemy/domains/de/test/auto/DEinDEwithStartTimes2.xml (RunModel)" time="0.013" />
  <testcase classname="ptolemy.util.test.junit.AutoTests" name="[17] /home/travis/build/icyphy/ptII/ptolemy/domains/de/test/auto/DateDemo.xml (RunModel)" time="0.027" />
  <testcase classname="ptolemy.util.test.junit.AutoTests" name="[18] /home/travis/build/icyphy/ptII/ptolemy/domains/de/test/auto/DateToEvent.xml (RunModel)" time="2.039" />
  <testcase classname="ptolemy.util.test.junit.AutoTests" name="[19] /home/travis/build/icyphy/ptII/ptolemy/domains/de/test/auto/DepthTest1.xml (RunModel)" time="0.013" />
  <testcase classname="ptolemy.util.test.junit.AutoTests" name="[20] /home/travis/build/icyphy/ptII/ptolemy/domains/de/test/auto/DepthTest2.xml (RunModel)" time="0.018" />
  <testcase classname="ptolemy.util.test.junit.AutoTests" name="[21] /home/travis/build/icyphy/ptII/ptolemy/domains/de/test/auto/DepthTest3.xml (RunModel)" time="0.008" />
  <testcase classname="ptolemy.util.test.junit.AutoTests" name="[22] /home/travis/build/icyphy/ptII/ptolemy/domains/de/test/auto/DepthTest4.xml (RunModel)" time="0.02" />
  <testcase classname="ptolemy.util.test.junit.AutoTests" name="[23] /home/travis/build/icyphy/ptII/ptolemy/domains/de/test/auto/DepthTest5.xml (RunModel)" time="0.019" />
  <testcase classname="ptolemy.util.test.junit.AutoTests" name="[24] /home/travis/build/icyphy/ptII/ptolemy/domains/de/test/auto/DepthTest6.xml (RunModel)" time="0.012" />
  <testcase classname="ptolemy.util.test.junit.AutoTests" name="[25] /home/travis/build/icyphy/ptII/ptolemy/domains/de/test/auto/DepthTest7.xml (RunModel)" time="0.012" />
  <testcase classname="ptolemy.util.test.junit.AutoTests" name="[26] /home/travis/build/icyphy/ptII/ptolemy/domains/de/test/auto/EventToDate.xml (RunModel)" time="3.024" />
  <testcase classname="ptolemy.util.test.junit.AutoTests" name="[27] /home/travis/build/icyphy/ptII/ptolemy/domains/de/test/auto/FSM1.xml (RunModel)" time="0.037" />
  <testcase classname="ptolemy.util.test.junit.AutoTests" name="[28] /home/travis/build/icyphy/ptII/ptolemy/domains/de/test/auto/FSM7.xml (RunModel)" time="0.043" />
  <testcase classname="ptolemy.util.test.junit.AutoTests" name="[29] /home/travis/build/icyphy/ptII/ptolemy/domains/de/test/auto/Inspection.xml (RunModel)" time="0.047" />
  <testcase classname="ptolemy.util.test.junit.AutoTests" name="[30] /home/travis/build/icyphy/ptII/ptolemy/domains/de/test/auto/Iteration.xml (RunModel)" time="0.019" />
  <testcase classname="ptolemy.util.test.junit.AutoTests" name="[31] /home/travis/build/icyphy/ptII/ptolemy/domains/de/test/auto/LineFault.xml (RunModel)" time="0.538" />
  <testcase classname="ptolemy.util.test.junit.AutoTests" name="[32] /home/travis/build/icyphy/ptII/ptolemy/domains/de/test/auto/MergeModel1Add.xml (RunModel)" time="0.046" />
  <testcase classname="ptolemy.util.test.junit.AutoTests" name="[33] /home/travis/build/icyphy/ptII/ptolemy/domains/de/test/auto/MergeModel2Add.xml (RunModel)" time="0.034" />
  <testcase classname="ptolemy.util.test.junit.AutoTests" name="[34] /home/travis/build/icyphy/ptII/ptolemy/domains/de/test/auto/MergeModel3Add.xml (RunModel)" time="0.033" />
  <testcase classname="ptolemy.util.test.junit.AutoTests" name="[35] /home/travis/build/icyphy/ptII/ptolemy/domains/de/test/auto/MergeWithoutDiscard.xml (RunModel)" time="0.009" />
  <testcase classname="ptolemy.util.test.junit.AutoTests" name="[36] /home/travis/build/icyphy/ptII/ptolemy/domains/de/test/auto/Modal1.xml (RunModel)" time="0.03" />
  <testcase classname="ptolemy.util.test.junit.AutoTests" name="[37] /home/travis/build/icyphy/ptII/ptolemy/domains/de/test/auto/Modal2.xml (RunModel)" time="0.033" />
  <testcase classname="ptolemy.util.test.junit.AutoTests" name="[38] /home/travis/build/icyphy/ptII/ptolemy/domains/de/test/auto/Modal3.xml (RunModel)" time="0.029" />
  <testcase classname="ptolemy.util.test.junit.AutoTests" name="[39] /home/travis/build/icyphy/ptII/ptolemy/domains/de/test/auto/Modal4.xml (RunModel)" time="0.037" />
  <testcase classname="ptolemy.util.test.junit.AutoTests" name="[40] /home/travis/build/icyphy/ptII/ptolemy/domains/de/test/auto/Modal5.xml (RunModel)" time="0.033" />
  <testcase classname="ptolemy.util.test.junit.AutoTests" name="[41] /home/travis/build/icyphy/ptII/ptolemy/domains/de/test/auto/Modal6.xml (RunModel)" time="0.027" />
  <testcase classname="ptolemy.util.test.junit.AutoTests" name="[42] /home/travis/build/icyphy/ptII/ptolemy/domains/de/test/auto/Modal7.xml (RunModel)" time="0.026" />
  <testcase classname="ptolemy.util.test.junit.AutoTests" name="[43] /home/travis/build/icyphy/ptII/ptolemy/domains/de/test/auto/ModalModel.xml (RunModel)" time="0.136" />
  <testcase classname="ptolemy.util.test.junit.AutoTests" name="[44] /home/travis/build/icyphy/ptII/ptolemy/domains/de/test/auto/ModalSource.xml (RunModel)" time="0.018" />
  <testcase classname="ptolemy.util.test.junit.AutoTests" name="[45] /home/travis/build/icyphy/ptII/ptolemy/domains/de/test/auto/NonInterruptibleTimerZeroDelay.xml (RunModel)" time="0.012" />
  <testcase classname="ptolemy.util.test.junit.AutoTests" name="[46] /home/travis/build/icyphy/ptII/ptolemy/domains/de/test/auto/OpenQueueingNetwork.xml (RunModel)" time="2.282" />
  <testcase classname="ptolemy.util.test.junit.AutoTests" name="[47] /home/travis/build/icyphy/ptII/ptolemy/domains/de/test/auto/OpenQueuingNetwork.xml (RunModel)" time="0.274" />
  <testcase classname="ptolemy.util.test.junit.AutoTests" name="[48] /home/travis/build/icyphy/ptII/ptolemy/domains/de/test/auto/PeriodicSampler.xml (RunModel)" time="0.009" />
  <testcase classname="ptolemy.util.test.junit.AutoTests" name="[49] /home/travis/build/icyphy/ptII/ptolemy/domains/de/test/auto/PersistentIO.xml (RunModel)" time="0.018" />
  <testcase classname="ptolemy.util.test.junit.AutoTests" name="[50] /home/travis/build/icyphy/ptII/ptolemy/domains/de/test/auto/PortParameterResetOnInitialize.xml (RunModel)" time="0.009" />
  <testcase classname="ptolemy.util.test.junit.AutoTests" name="[51] /home/travis/build/icyphy/ptII/ptolemy/domains/de/test/auto/PortParameterUpdates.xml (RunModel)" time="0.013" />
  <testcase classname="ptolemy.util.test.junit.AutoTests" name="[52] /home/travis/build/icyphy/ptII/ptolemy/domains/de/test/auto/QueueAndServer.xml (RunModel)" time="0.017" />
  <testcase classname="ptolemy.util.test.junit.AutoTests" name="[53] /home/travis/build/icyphy/ptII/ptolemy/domains/de/test/auto/Records.xml (RunModel)" time="0.012" />
  <testcase classname="ptolemy.util.test.junit.AutoTests" name="[54] /home/travis/build/icyphy/ptII/ptolemy/domains/de/test/auto/ResetTransitionWithStartTime1.xml (RunModel)" time="0.017" />
  <testcase classname="ptolemy.util.test.junit.AutoTests" name="[55] /home/travis/build/icyphy/ptII/ptolemy/domains/de/test/auto/ResetTransitionWithStartTime2.xml (RunModel)" time="0.016" />
  <testcase classname="ptolemy.util.test.junit.AutoTests" name="[56] /home/travis/build/icyphy/ptII/ptolemy/domains/de/test/auto/ResetTransitionWithStartTime3.xml (RunModel)" time="0.017" />
  <testcase classname="ptolemy.util.test.junit.AutoTests" name="[57] /home/travis/build/icyphy/ptII/ptolemy/domains/de/test/auto/ResetTransitionWithStartTime4.xml (RunModel)" time="0.017" />
  <testcase classname="ptolemy.util.test.junit.AutoTests" name="[58] /home/travis/build/icyphy/ptII/ptolemy/domains/de/test/auto/ResettableTimer1.xml (RunModel)" time="0.009" />
  <testcase classname="ptolemy.util.test.junit.AutoTests" name="[59] /home/travis/build/icyphy/ptII/ptolemy/domains/de/test/auto/ResettableTimer2.xml (RunModel)" time="0.009" />
  <testcase classname="ptolemy.util.test.junit.AutoTests" name="[60] /home/travis/build/icyphy/ptII/ptolemy/domains/de/test/auto/ResettableTimer3.xml (RunModel)" time="0.008" />
  <testcase classname="ptolemy.util.test.junit.AutoTests" name="[61] /home/travis/build/icyphy/ptII/ptolemy/domains/de/test/auto/ResettableTimer4.xml (RunModel)" time="0.008" />
  <testcase classname="ptolemy.util.test.junit.AutoTests" name="[62] /home/travis/build/icyphy/ptII/ptolemy/domains/de/test/auto/ResettableTimer5.xml (RunModel)" time="0.009" />
  <testcase classname="ptolemy.util.test.junit.AutoTests" name="[63] /home/travis/build/icyphy/ptII/ptolemy/domains/de/test/auto/ResettableTimer6.xml (RunModel)" time="0.01" />
  <testcase classname="ptolemy.util.test.junit.AutoTests" name="[64] /home/travis/build/icyphy/ptII/ptolemy/domains/de/test/auto/ServerZeroDelay.xml (RunModel)" time="0.01" />
  <testcase classname="ptolemy.util.test.junit.AutoTests" name="[65] /home/travis/build/icyphy/ptII/ptolemy/domains/de/test/auto/SmartSender.xml (RunModel)" time="3.012" />
  <testcase classname="ptolemy.util.test.junit.AutoTests" name="[66] /home/travis/build/icyphy/ptII/ptolemy/domains/de/test/auto/ThreadedComposite.xml (RunModel)" time="0.111" />
  <testcase classname="ptolemy.util.test.junit.AutoTests" name="[67] /home/travis/build/icyphy/ptII/ptolemy/domains/de/test/auto/Time.xml (RunModel)" time="0.424" />
  <testcase classname="ptolemy.util.test.junit.AutoTests" name="[68] /home/travis/build/icyphy/ptII/ptolemy/domains/de/test/auto/TimeDelayZeroDelay.xml (RunModel)" time="0.01" />
  <testcase classname="ptolemy.util.test.junit.AutoTests" name="[69] /home/travis/build/icyphy/ptII/ptolemy/domains/de/test/auto/TimerZeroDelay.xml (RunModel)" time="0.009" />
  <testcase classname="ptolemy.util.test.junit.AutoTests" name="[70] /home/travis/build/icyphy/ptII/ptolemy/domains/de/test/auto/TimingParadox.xml (RunModel)" time="0.351" />
  <testcase classname="ptolemy.util.test.junit.AutoTests" name="[71] /home/travis/build/icyphy/ptII/ptolemy/domains/de/test/auto/TransferInputs.xml (RunModel)" time="0.009" />
  <testcase classname="ptolemy.util.test.junit.AutoTests" name="[72] /home/travis/build/icyphy/ptII/ptolemy/domains/de/test/auto/TransferOutputs2.xml (RunModel)" time="0.015" />
  <testcase classname="ptolemy.util.test.junit.AutoTests" name="[73] /home/travis/build/icyphy/ptII/ptolemy/domains/de/test/auto/Trilateration.xml (RunModel)" time="11.419" />
  <testcase classname="ptolemy.util.test.junit.AutoTests" name="[74] /home/travis/build/icyphy/ptII/ptolemy/domains/de/test/auto/TwoSigmaDelta.xml (RunModel)" time="2.086" />
  <testcase classname="ptolemy.util.test.junit.AutoTests" name="[75] /home/travis/build/icyphy/ptII/ptolemy/domains/de/test/auto/VariableDelay.xml (RunModel)" time="0.01" />
  <testcase classname="ptolemy.util.test.junit.AutoTests" name="[76] /home/travis/build/icyphy/ptII/ptolemy/domains/de/test/auto/VariableDelay2.xml (RunModel)" time="0.009" />
  <testcase classname="ptolemy.util.test.junit.AutoTests" name="[77] /home/travis/build/icyphy/ptII/ptolemy/domains/de/test/auto/VariableDelayZeroDelay.xml (RunModel)" time="0.009" />
  <testcase classname="ptolemy.util.test.junit.AutoTests" name="[78] /home/travis/build/icyphy/ptII/ptolemy/domains/de/test/auto/VariableDelayZeroDelay2.xml (RunModel)" time="0.009" />
  <testcase classname="ptolemy.util.test.junit.AutoTests" name="[79] /home/travis/build/icyphy/ptII/ptolemy/domains/de/test/auto/deInCt.xml (RunModel)" time="0.013" />
  <testcase classname="ptolemy.util.test.junit.AutoTests" name="[80] /home/travis/build/icyphy/ptII/ptolemy/domains/de/test/auto/deInCt2.xml (RunModel)" time="0.012" />
  <testcase classname="ptolemy.util.test.junit.AutoTests" name="[81] /home/travis/build/icyphy/ptII/ptolemy/domains/de/test/auto/dynamicCausalityInterface1.xml (RunModel)" time="0.019" />
  <testcase classname="ptolemy.util.test.junit.AutoTests" name="[82] /home/travis/build/icyphy/ptII/ptolemy/domains/de/test/auto/fsm_de_test.xml (RunModel)" time="0.023" />
  <testcase classname="ptolemy.util.test.junit.AutoTests" name="[83] /home/travis/build/icyphy/ptII/ptolemy/domains/de/test/auto/functionDependencyReconstruction.xml (RunModel)" time="0.029" />
  <testcase classname="ptolemy.util.test.junit.AutoTests" name="[84] /home/travis/build/icyphy/ptII/ptolemy/domains/de/test/auto/multirate.xml (RunModel)" time="0.014" />
  <testcase classname="ptolemy.util.test.junit.AutoTests" name="[85] /home/travis/build/icyphy/ptII/ptolemy/domains/de/test/auto/multirate2.xml (RunModel)" time="0.013" />
  <testcase classname="ptolemy.util.test.junit.AutoTests" name="[86] /home/travis/build/icyphy/ptII/ptolemy/domains/de/test/auto/realtime.xml (RunModel)" time="10.01" />
  <testcase classname="ptolemy.util.test.junit.AutoTests" name="[87] /home/travis/build/icyphy/ptII/ptolemy/domains/de/test/auto/relationGroup.xml (RunModel)" time="0.007" />
  <testcase classname="ptolemy.util.test.junit.AutoTests" name="[88] /home/travis/build/icyphy/ptII/ptolemy/domains/de/test/auto/relationGroup2.xml (RunModel)" time="0.009" />
  <testcase classname="ptolemy.util.test.junit.AutoTests" name="[89] /home/travis/build/icyphy/ptII/ptolemy/domains/de/test/auto/sortWithOpaquePorts.xml (RunModel)" time="0.007" />
  <testcase classname="ptolemy.util.test.junit.AutoTests" name="[90] /home/travis/build/icyphy/ptII/ptolemy/domains/de/test/auto/transferInputsandOutputs.xml (RunModel)" time="0.014" />
  <testcase classname="ptolemy.util.test.junit.AutoTests" name="[91] /home/travis/build/icyphy/ptII/ptolemy/domains/de/test/auto/triggerType.xml (RunModel)" time="0.008" />
  <system-out><![CDATA[/home/travis/build/icyphy/ptII/ptolemy/domains/de/test/DependencyLoop.tcl
testDefs.tcl: setting time out to 9000 seconds at Thu Sep 27 02:17:47 UTC 2018
19 ms. Memory: 116224K Free: 93941K (81%)
18 ms. Memory: 146944K Free: 135496K (92%)
/home/travis/build/icyphy/ptII/ptolemy/domains/de/test/RunDETestsAsQSS.tcl
Run the DE tests using ptolemy.domains.qss.test.QSSDirectorTest, which extends QSSDirector and prints a message in the constructors.
------------------ testing $PTII/ptolemy/domains/de/test/auto/knownFailedTests/dependencyLoop.xml (Known Failure) 
8 ms. Memory: 146944K Free: 132384K (90%)


==== $PTIIhome/travis/build/icyphy/ptII/ptolemy/domains/de/test/../../../../: Auto Automatic test in file $PTII/ptolemy/domains/de/test/auto/knownFailedTests/dependencyLoop.xml
==== Contents of test case:

	    # FIXME: we should use $relativeFilename here, but it
	    # might have backslashes under Windows, which causes no end
	    # of trouble.
	    createAndExecute $file
	    list {}
	
.... Test generated KNOWN error:
    while executing
ptolemy.kernel.util.IllegalActionException: Found a zero delay loop containing .dependencyLoop.original
  in .dependencyLoop and .dependencyLoop.original
	at ptolemy.actor.util.CausalityInterfaceForComposites._computeOutputPortDepth(CausalityInterfaceForComposites.java:759)
	at ptolemy.actor.util.CausalityInterfaceForComposites._computeInputDepth(CausalityInterfaceForComposites.java:696)
	at ptolemy.actor.util.CausalityInterfaceForComposites._computeOutputPortDepth(CausalityInterfaceForComposites.java:765)
	at ptolemy.actor.util.CausalityInterfaceForComposites._computeInputDepth(CausalityInterfaceForComposites.java:696)
	at ptolemy.actor.util.CausalityInterfaceForComposites._computeOutputPortDepth(CausalityInterfaceForComposites.java:765)
	at ptolemy.actor.util.CausalityInterfaceForComposites._computeInputDepth(CausalityInterfaceForComposites.java:696)
	at ptolemy.actor.util.CausalityInterfaceForComposites._computeActorDepth(CausalityInterfaceForComposites.java:532)
	at ptolemy.actor.util.CausalityInterfaceForComposites.checkForCycles(CausalityInterfaceForComposites.java:96)
	at ptolemy.domains.de.kernel.DEDirector.preinitialize(DEDirector.java:1338)
	at ptolemy.actor.CompositeActor.preinitialize(CompositeActor.java:1828)
	at ptolemy.actor.Manager.preinitializeAndResolveTypes(Manager.java:1040)
	at ptolemy.actor.Manager.initialize(Manager.java:710)
	at ptolemy.actor.Manager.execute(Manager.java:356)
	at ptolemy.actor.Manager.run(Manager.java:1263)
	at ptolemy.actor.Manager$PtolemyRunThread.run(Manager.java:1915)

    while executing
ptolemy.kernel.util.IllegalActionException: Found a zero delay loop containing .dependencyLoop.original
  in .dependencyLoop and .dependencyLoop.original
    while executing
"java::new ptolemy.moml.MoMLSimpleApplication $file
"
    (procedure "createAndExecute" line 2)
    invoked from within
"createAndExecute $file"
    ("uplevel" body line 5)
    invoked from within
"uplevel $contents_of_test"
------------------ testing $PTII/ptolemy/domains/de/test/auto/knownFailedTests/DESDFClockTest.xml (Known Failure) 
2066 ms. Memory: 146944K Free: 116598K (79%)


==== $PTIIhome/travis/build/icyphy/ptII/ptolemy/domains/de/test/../../../../: Auto Automatic test in file $PTII/ptolemy/domains/de/test/auto/knownFailedTests/DESDFClockTest.xml
==== Contents of test case:

	    # FIXME: we should use $relativeFilename here, but it
	    # might have backslashes under Windows, which causes no end
	    # of trouble.
	    createAndExecute $file
	    list {}
	
.... Test generated KNOWN error:
    while executing
ptolemy.kernel.util.IllegalActionException: Actor is not ready to fire.  Perhaps UpSample.prefire() returned false? Try debugging the actor by selecting "Listen to Actor".  Also, for SDF check moml for tokenConsumptionRate on input.
  in .DESDFClockTest.Play Bell.Copy1:SDF Director and .DESDFClockTest.Play Bell.UpSample
	at ptolemy.actor.sched.StaticSchedulingDirector.fire(StaticSchedulingDirector.java:227)
	at ptolemy.domains.sdf.kernel.SDFDirector.fire(SDFDirector.java:500)
	at ptolemy.actor.CompositeActor.fire(CompositeActor.java:455)
	at ptolemy.domains.de.kernel.DEDirector._fire(DEDirector.java:1949)
	at ptolemy.domains.de.kernel.DEDirector.fire(DEDirector.java:502)
	at ptolemy.actor.CompositeActor.fire(CompositeActor.java:455)
	at ptolemy.actor.Manager.iterate(Manager.java:851)
	at ptolemy.actor.Manager.execute(Manager.java:369)
	at ptolemy.actor.Manager.run(Manager.java:1263)
	at ptolemy.actor.Manager$PtolemyRunThread.run(Manager.java:1915)

    while executing
ptolemy.kernel.util.IllegalActionException: Actor is not ready to fire.  Perhaps UpSample.prefire() returned false? Try debugging the actor by selecting "Listen to Actor".  Also, for SDF check moml for tokenConsumptionRate on input.
  in .DESDFClockTest.Play Bell.Copy1:SDF Director and .DESDFClockTest.Play Bell.UpSample
    while executing
"java::new ptolemy.moml.MoMLSimpleApplication $file
"
    (procedure "createAndExecute" line 2)
    invoked from within
"createAndExecute $file"
    ("uplevel" body line 5)
    invoked from within
"uplevel $contents_of_test"
------------------ testing $PTII/ptolemy/domains/de/test/auto/knownFailedTests/FSMSource.xml (Known Failure) 
47 ms. Memory: 146944K Free: 107614K (73%)
!!!! Auto was marked as failing, but now passes
------------------ testing $PTII/ptolemy/domains/de/test/auto/knownFailedTests/dependencyLoop2.xml (Known Failure) 
13 ms. Memory: 146944K Free: 105731K (72%)


==== $PTIIhome/travis/build/icyphy/ptII/ptolemy/domains/de/test/../../../../: Auto Automatic test in file $PTII/ptolemy/domains/de/test/auto/knownFailedTests/dependencyLoop2.xml
==== Contents of test case:

	    # FIXME: we should use $relativeFilename here, but it
	    # might have backslashes under Windows, which causes no end
	    # of trouble.
	    createAndExecute $file
	    list {}
	
.... Test generated KNOWN error:
    while executing
ptolemy.kernel.util.IllegalActionException: Found a zero delay loop containing .dependencyLoop2.original
  in .dependencyLoop2 and .dependencyLoop2.original
	at ptolemy.actor.util.CausalityInterfaceForComposites._computeOutputPortDepth(CausalityInterfaceForComposites.java:759)
	at ptolemy.actor.util.CausalityInterfaceForComposites._computeInputDepth(CausalityInterfaceForComposites.java:696)
	at ptolemy.actor.util.CausalityInterfaceForComposites._computeOutputPortDepth(CausalityInterfaceForComposites.java:765)
	at ptolemy.actor.util.CausalityInterfaceForComposites._computeInputDepth(CausalityInterfaceForComposites.java:696)
	at ptolemy.actor.util.CausalityInterfaceForComposites._computeOutputPortDepth(CausalityInterfaceForComposites.java:765)
	at ptolemy.actor.util.CausalityInterfaceForComposites._computeInputDepth(CausalityInterfaceForComposites.java:696)
	at ptolemy.actor.util.CausalityInterfaceForComposites._computeActorDepth(CausalityInterfaceForComposites.java:532)
	at ptolemy.actor.util.CausalityInterfaceForComposites.checkForCycles(CausalityInterfaceForComposites.java:96)
	at ptolemy.domains.de.kernel.DEDirector.preinitialize(DEDirector.java:1338)
	at ptolemy.actor.CompositeActor.preinitialize(CompositeActor.java:1828)
	at ptolemy.actor.Manager.preinitializeAndResolveTypes(Manager.java:1040)
	at ptolemy.actor.Manager.initialize(Manager.java:710)
	at ptolemy.actor.Manager.execute(Manager.java:356)
	at ptolemy.actor.Manager.run(Manager.java:1263)
	at ptolemy.actor.Manager$PtolemyRunThread.run(Manager.java:1915)

    while executing
ptolemy.kernel.util.IllegalActionException: Found a zero delay loop containing .dependencyLoop2.original
  in .dependencyLoop2 and .dependencyLoop2.original
    while executing
"java::new ptolemy.moml.MoMLSimpleApplication $file
"
    (procedure "createAndExecute" line 2)
    invoked from within
"createAndExecute $file"
    ("uplevel" body line 5)
    invoked from within
"uplevel $contents_of_test"
------------------ testing $PTII/ptolemy/domains/de/test/auto/knownFailedTests/HierarchicalModel.xml (Known Failure) 
13 ms. Memory: 146944K Free: 85140K (58%)


==== $PTIIhome/travis/build/icyphy/ptII/ptolemy/domains/de/test/../../../../: Auto Automatic test in file $PTII/ptolemy/domains/de/test/auto/knownFailedTests/HierarchicalModel.xml
==== Contents of test case:

	    # FIXME: we should use $relativeFilename here, but it
	    # might have backslashes under Windows, which causes no end
	    # of trouble.
	    createAndExecute $file
	    list {}
	
.... Test generated KNOWN error:
    while executing
ptolemy.kernel.util.IllegalActionException: Found a zero delay loop containing .HierarchicalModel.A
  in .HierarchicalModel and .HierarchicalModel.A
	at ptolemy.actor.util.CausalityInterfaceForComposites._computeOutputPortDepth(CausalityInterfaceForComposites.java:759)
	at ptolemy.actor.util.CausalityInterfaceForComposites._computeInputDepth(CausalityInterfaceForComposites.java:696)
	at ptolemy.actor.util.CausalityInterfaceForComposites._computeOutputPortDepth(CausalityInterfaceForComposites.java:765)
	at ptolemy.actor.util.CausalityInterfaceForComposites._computeInputDepth(CausalityInterfaceForComposites.java:696)
	at ptolemy.actor.util.CausalityInterfaceForComposites._computeOutputPortDepth(CausalityInterfaceForComposites.java:765)
	at ptolemy.actor.util.CausalityInterfaceForComposites._computeInputDepth(CausalityInterfaceForComposites.java:696)
	at ptolemy.actor.util.CausalityInterfaceForComposites._computeActorDepth(CausalityInterfaceForComposites.java:532)
	at ptolemy.actor.util.CausalityInterfaceForComposites.checkForCycles(CausalityInterfaceForComposites.java:96)
	at ptolemy.domains.de.kernel.DEDirector.preinitialize(DEDirector.java:1338)
	at ptolemy.actor.CompositeActor.preinitialize(CompositeActor.java:1828)
	at ptolemy.actor.Manager.preinitializeAndResolveTypes(Manager.java:1040)
	at ptolemy.actor.Manager.initialize(Manager.java:710)
	at ptolemy.actor.Manager.execute(Manager.java:356)
	at ptolemy.actor.Manager.run(Manager.java:1263)
	at ptolemy.actor.Manager$PtolemyRunThread.run(Manager.java:1915)

    while executing
ptolemy.kernel.util.IllegalActionException: Found a zero delay loop containing .HierarchicalModel.A
  in .HierarchicalModel and .HierarchicalModel.A
    while executing
"java::new ptolemy.moml.MoMLSimpleApplication $file
"
    (procedure "createAndExecute" line 2)
    invoked from within
"createAndExecute $file"
    ("uplevel" body line 5)
    invoked from within
"uplevel $contents_of_test"
------------------ testing $PTII/ptolemy/domains/de/test/auto/knownFailedTests/DirectFeedback.xml (Known Failure) 
4 ms. Memory: 146944K Free: 141345K (96%)


==== $PTIIhome/travis/build/icyphy/ptII/ptolemy/domains/de/test/../../../../: Auto Automatic test in file $PTII/ptolemy/domains/de/test/auto/knownFailedTests/DirectFeedback.xml
==== Contents of test case:

	    # FIXME: we should use $relativeFilename here, but it
	    # might have backslashes under Windows, which causes no end
	    # of trouble.
	    createAndExecute $file
	    list {}
	
.... Test generated KNOWN error:
    while executing
ptolemy.kernel.util.IllegalActionException: Test fails in iteration 1.
Value was: 1.0. Should have been: 2.0
  in .DirectFeedback.Test
	at ptolemy.actor.lib.Test.fire(Test.java:268)
	at ptolemy.domains.de.kernel.DEDirector._fire(DEDirector.java:1949)
	at ptolemy.domains.de.kernel.DEDirector.fire(DEDirector.java:502)
	at ptolemy.actor.CompositeActor.fire(CompositeActor.java:455)
	at ptolemy.actor.Manager.iterate(Manager.java:851)
	at ptolemy.actor.Manager.execute(Manager.java:369)
	at ptolemy.actor.Manager.run(Manager.java:1263)
	at ptolemy.actor.Manager$PtolemyRunThread.run(Manager.java:1915)

    while executing
ptolemy.kernel.util.IllegalActionException: Test fails in iteration 1.
Value was: 1.0. Should have been: 2.0
  in .DirectFeedback.Test
    while executing
"java::new ptolemy.moml.MoMLSimpleApplication $file
"
    (procedure "createAndExecute" line 2)
    invoked from within
"createAndExecute $file"
    ("uplevel" body line 5)
    invoked from within
"uplevel $contents_of_test"
------------------ testing $PTII/ptolemy/domains/de/test/auto/ActorDepthCalculation_actorWithoutPorts.xml
auto.tcl: Setting watchdog for 200 seconds at Thu Sep 27 02:17:51 UTC 2018
8 ms. Memory: 146944K Free: 132373K (90%)
ptolemy.util.test.WatchDog.cancel(): canceling Thu Sep 27 02:17:51 UTC 2018
auto.tcl: Setting watchdog for 200 seconds at Thu Sep 27 02:17:51 UTC 2018
4 ms. Memory: 146944K Free: 131336K (89%)
ptolemy.util.test.WatchDog.cancel(): canceling Thu Sep 27 02:17:51 UTC 2018
------------------ testing $PTII/ptolemy/domains/de/test/auto/AssemblyLine.xml
auto.tcl: Setting watchdog for 200 seconds at Thu Sep 27 02:17:51 UTC 2018
26 ms. Memory: 208384K Free: 182841K (88%)
ptolemy.util.test.WatchDog.cancel(): canceling Thu Sep 27 02:17:51 UTC 2018
auto.tcl: Setting watchdog for 200 seconds at Thu Sep 27 02:17:51 UTC 2018
7 ms. Memory: 208384K Free: 182841K (88%)
ptolemy.util.test.WatchDog.cancel(): canceling Thu Sep 27 02:17:51 UTC 2018
------------------ testing $PTII/ptolemy/domains/de/test/auto/CQBug1.xml
auto.tcl: Setting watchdog for 200 seconds at Thu Sep 27 02:17:51 UTC 2018
6 ms. Memory: 208384K Free: 197712K (95%)
ptolemy.util.test.WatchDog.cancel(): canceling Thu Sep 27 02:17:51 UTC 2018
auto.tcl: Setting watchdog for 200 seconds at Thu Sep 27 02:17:51 UTC 2018
2 ms. Memory: 208384K Free: 197712K (95%)
ptolemy.util.test.WatchDog.cancel(): canceling Thu Sep 27 02:17:51 UTC 2018
------------------ testing $PTII/ptolemy/domains/de/test/auto/CancelFireAt.xml
auto.tcl: Setting watchdog for 200 seconds at Thu Sep 27 02:17:51 UTC 2018
3 ms. Memory: 208384K Free: 201431K (97%)
ptolemy.util.test.WatchDog.cancel(): canceling Thu Sep 27 02:17:51 UTC 2018
auto.tcl: Setting watchdog for 200 seconds at Thu Sep 27 02:17:51 UTC 2018
4 ms. Memory: 208384K Free: 199332K (96%)
ptolemy.util.test.WatchDog.cancel(): canceling Thu Sep 27 02:17:51 UTC 2018
------------------ testing $PTII/ptolemy/domains/de/test/auto/CausalityAndComposabilityAnalysis.xml
auto.tcl: Setting watchdog for 200 seconds at Thu Sep 27 02:17:51 UTC 2018
19 ms. Memory: 208384K Free: 196494K (94%)
ptolemy.util.test.WatchDog.cancel(): canceling Thu Sep 27 02:17:51 UTC 2018
auto.tcl: Setting watchdog for 200 seconds at Thu Sep 27 02:17:51 UTC 2018
5 ms. Memory: 208384K Free: 196494K (94%)
ptolemy.util.test.WatchDog.cancel(): canceling Thu Sep 27 02:17:51 UTC 2018
------------------ testing $PTII/ptolemy/domains/de/test/auto/CausalityInterface1.xml
auto.tcl: Setting watchdog for 200 seconds at Thu Sep 27 02:17:52 UTC 2018
13 ms. Memory: 208384K Free: 196431K (94%)
ptolemy.util.test.WatchDog.cancel(): canceling Thu Sep 27 02:17:52 UTC 2018
auto.tcl: Setting watchdog for 200 seconds at Thu Sep 27 02:17:52 UTC 2018
5 ms. Memory: 208384K Free: 196431K (94%)
ptolemy.util.test.WatchDog.cancel(): canceling Thu Sep 27 02:17:52 UTC 2018
------------------ testing $PTII/ptolemy/domains/de/test/auto/CausalityInterface15.xml
auto.tcl: Setting watchdog for 200 seconds at Thu Sep 27 02:17:52 UTC 2018
15 ms. Memory: 208384K Free: 196321K (94%)
ptolemy.util.test.WatchDog.cancel(): canceling Thu Sep 27 02:17:52 UTC 2018
auto.tcl: Setting watchdog for 200 seconds at Thu Sep 27 02:17:52 UTC 2018
9 ms. Memory: 208384K Free: 196321K (94%)
ptolemy.util.test.WatchDog.cancel(): canceling Thu Sep 27 02:17:52 UTC 2018
------------------ testing $PTII/ptolemy/domains/de/test/auto/CausalityInterface2.xml
auto.tcl: Setting watchdog for 200 seconds at Thu Sep 27 02:17:52 UTC 2018
10 ms. Memory: 208384K Free: 196304K (94%)
ptolemy.util.test.WatchDog.cancel(): canceling Thu Sep 27 02:17:52 UTC 2018
auto.tcl: Setting watchdog for 200 seconds at Thu Sep 27 02:17:52 UTC 2018
3 ms. Memory: 208384K Free: 196304K (94%)
ptolemy.util.test.WatchDog.cancel(): canceling Thu Sep 27 02:17:52 UTC 2018
------------------ testing $PTII/ptolemy/domains/de/test/auto/CausalityInterface3.xml
auto.tcl: Setting watchdog for 200 seconds at Thu Sep 27 02:17:52 UTC 2018
6 ms. Memory: 208384K Free: 196318K (94%)
ptolemy.util.test.WatchDog.cancel(): canceling Thu Sep 27 02:17:52 UTC 2018
auto.tcl: Setting watchdog for 200 seconds at Thu Sep 27 02:17:52 UTC 2018
7 ms. Memory: 208384K Free: 196318K (94%)
ptolemy.util.test.WatchDog.cancel(): canceling Thu Sep 27 02:17:52 UTC 2018
------------------ testing $PTII/ptolemy/domains/de/test/auto/ClockDrift.xml
auto.tcl: Setting watchdog for 200 seconds at Thu Sep 27 02:17:52 UTC 2018
91 ms. Memory: 208384K Free: 187554K (90%)
ptolemy.util.test.WatchDog.cancel(): canceling Thu Sep 27 02:17:52 UTC 2018
auto.tcl: Setting watchdog for 200 seconds at Thu Sep 27 02:17:52 UTC 2018
44 ms. Memory: 208384K Free: 185456K (89%)
ptolemy.util.test.WatchDog.cancel(): canceling Thu Sep 27 02:17:52 UTC 2018
------------------ testing $PTII/ptolemy/domains/de/test/auto/ClockDriftAndValueChange.xml
auto.tcl: Setting watchdog for 200 seconds at Thu Sep 27 02:17:52 UTC 2018
56 ms. Memory: 208384K Free: 187387K (90%)
ptolemy.util.test.WatchDog.cancel(): canceling Thu Sep 27 02:17:52 UTC 2018
auto.tcl: Setting watchdog for 200 seconds at Thu Sep 27 02:17:52 UTC 2018
34 ms. Memory: 208384K Free: 185289K (89%)
ptolemy.util.test.WatchDog.cancel(): canceling Thu Sep 27 02:17:52 UTC 2018
------------------ testing $PTII/ptolemy/domains/de/test/auto/ClockDriftChange.xml
auto.tcl: Setting watchdog for 200 seconds at Thu Sep 27 02:17:52 UTC 2018
29 ms. Memory: 208384K Free: 190454K (91%)
ptolemy.util.test.WatchDog.cancel(): canceling Thu Sep 27 02:17:53 UTC 2018
auto.tcl: Setting watchdog for 200 seconds at Thu Sep 27 02:17:53 UTC 2018
18 ms. Memory: 208384K Free: 188356K (90%)
ptolemy.util.test.WatchDog.cancel(): canceling Thu Sep 27 02:17:53 UTC 2018
------------------ testing $PTII/ptolemy/domains/de/test/auto/ComposableCausalityAnalysis.xml
auto.tcl: Setting watchdog for 200 seconds at Thu Sep 27 02:17:53 UTC 2018
7 ms. Memory: 208384K Free: 195916K (94%)
ptolemy.util.test.WatchDog.cancel(): canceling Thu Sep 27 02:17:53 UTC 2018
auto.tcl: Setting watchdog for 200 seconds at Thu Sep 27 02:17:53 UTC 2018
2 ms. Memory: 208384K Free: 193818K (93%)
ptolemy.util.test.WatchDog.cancel(): canceling Thu Sep 27 02:17:53 UTC 2018
------------------ testing $PTII/ptolemy/domains/de/test/auto/DEFixedPointLimitation.xml
auto.tcl: Setting watchdog for 200 seconds at Thu Sep 27 02:17:53 UTC 2018
1 ms. Memory: 208384K Free: 195997K (94%)
ptolemy.util.test.WatchDog.cancel(): canceling Thu Sep 27 02:17:53 UTC 2018
auto.tcl: Setting watchdog for 200 seconds at Thu Sep 27 02:17:53 UTC 2018
1 ms. Memory: 208384K Free: 195997K (94%)
ptolemy.util.test.WatchDog.cancel(): canceling Thu Sep 27 02:17:53 UTC 2018
------------------ testing $PTII/ptolemy/domains/de/test/auto/DEScheduleTest.xml
auto.tcl: Setting watchdog for 200 seconds at Thu Sep 27 02:17:53 UTC 2018
9 ms. Memory: 208384K Free: 198131K (95%)
ptolemy.util.test.WatchDog.cancel(): canceling Thu Sep 27 02:17:53 UTC 2018
auto.tcl: Setting watchdog for 200 seconds at Thu Sep 27 02:17:53 UTC 2018
4 ms. Memory: 208384K Free: 196032K (94%)
ptolemy.util.test.WatchDog.cancel(): canceling Thu Sep 27 02:17:53 UTC 2018
------------------ testing $PTII/ptolemy/domains/de/test/auto/DEinDEwithStartTimes.xml
auto.tcl: Setting watchdog for 200 seconds at Thu Sep 27 02:17:53 UTC 2018
8 ms. Memory: 208384K Free: 196002K (94%)
ptolemy.util.test.WatchDog.cancel(): canceling Thu Sep 27 02:17:53 UTC 2018
auto.tcl: Setting watchdog for 200 seconds at Thu Sep 27 02:17:53 UTC 2018
3 ms. Memory: 208384K Free: 193904K (93%)
ptolemy.util.test.WatchDog.cancel(): canceling Thu Sep 27 02:17:53 UTC 2018
------------------ testing $PTII/ptolemy/domains/de/test/auto/DEinDEwithStartTimes2.xml
auto.tcl: Setting watchdog for 200 seconds at Thu Sep 27 02:17:53 UTC 2018
4 ms. Memory: 208384K Free: 196318K (94%)
ptolemy.util.test.WatchDog.cancel(): canceling Thu Sep 27 02:17:53 UTC 2018
auto.tcl: Setting watchdog for 200 seconds at Thu Sep 27 02:17:53 UTC 2018
3 ms. Memory: 208384K Free: 193882K (93%)
ptolemy.util.test.WatchDog.cancel(): canceling Thu Sep 27 02:17:53 UTC 2018
------------------ testing $PTII/ptolemy/domains/de/test/auto/DateDemo.xml
auto.tcl: Setting watchdog for 200 seconds at Thu Sep 27 02:17:53 UTC 2018
13 ms. Memory: 208384K Free: 188424K (90%)
ptolemy.util.test.WatchDog.cancel(): canceling Thu Sep 27 02:17:53 UTC 2018
auto.tcl: Setting watchdog for 200 seconds at Thu Sep 27 02:17:53 UTC 2018
8 ms. Memory: 208384K Free: 186325K (89%)
ptolemy.util.test.WatchDog.cancel(): canceling Thu Sep 27 02:17:53 UTC 2018
------------------ testing $PTII/ptolemy/domains/de/test/auto/DateToEvent.xml
auto.tcl: Setting watchdog for 200 seconds at Thu Sep 27 02:17:53 UTC 2018
2016 ms. Memory: 208384K Free: 180694K (87%)
ptolemy.util.test.WatchDog.cancel(): canceling Thu Sep 27 02:17:55 UTC 2018
auto.tcl: Setting watchdog for 200 seconds at Thu Sep 27 02:17:55 UTC 2018
2005 ms. Memory: 208384K Free: 180694K (87%)
ptolemy.util.test.WatchDog.cancel(): canceling Thu Sep 27 02:17:57 UTC 2018
------------------ testing $PTII/ptolemy/domains/de/test/auto/DepthTest1.xml
auto.tcl: Setting watchdog for 200 seconds at Thu Sep 27 02:17:57 UTC 2018
3 ms. Memory: 208384K Free: 197997K (95%)
ptolemy.util.test.WatchDog.cancel(): canceling Thu Sep 27 02:17:57 UTC 2018
auto.tcl: Setting watchdog for 200 seconds at Thu Sep 27 02:17:57 UTC 2018
3 ms. Memory: 208384K Free: 197997K (95%)
ptolemy.util.test.WatchDog.cancel(): canceling Thu Sep 27 02:17:57 UTC 2018
------------------ testing $PTII/ptolemy/domains/de/test/auto/DepthTest2.xml
auto.tcl: Setting watchdog for 200 seconds at Thu Sep 27 02:17:57 UTC 2018
9 ms. Memory: 208384K Free: 193864K (93%)
ptolemy.util.test.WatchDog.cancel(): canceling Thu Sep 27 02:17:57 UTC 2018
auto.tcl: Setting watchdog for 200 seconds at Thu Sep 27 02:17:57 UTC 2018
2 ms. Memory: 208384K Free: 193864K (93%)
ptolemy.util.test.WatchDog.cancel(): canceling Thu Sep 27 02:17:57 UTC 2018
------------------ testing $PTII/ptolemy/domains/de/test/auto/DepthTest3.xml
auto.tcl: Setting watchdog for 200 seconds at Thu Sep 27 02:17:57 UTC 2018
2 ms. Memory: 208384K Free: 197993K (95%)
ptolemy.util.test.WatchDog.cancel(): canceling Thu Sep 27 02:17:57 UTC 2018
auto.tcl: Setting watchdog for 200 seconds at Thu Sep 27 02:17:57 UTC 2018
2 ms. Memory: 208384K Free: 197993K (95%)
ptolemy.util.test.WatchDog.cancel(): canceling Thu Sep 27 02:17:57 UTC 2018
------------------ testing $PTII/ptolemy/domains/de/test/auto/DepthTest4.xml
auto.tcl: Setting watchdog for 200 seconds at Thu Sep 27 02:17:57 UTC 2018
5 ms. Memory: 208384K Free: 195982K (94%)
ptolemy.util.test.WatchDog.cancel(): canceling Thu Sep 27 02:17:57 UTC 2018
auto.tcl: Setting watchdog for 200 seconds at Thu Sep 27 02:17:57 UTC 2018
2 ms. Memory: 208384K Free: 195982K (94%)
ptolemy.util.test.WatchDog.cancel(): canceling Thu Sep 27 02:17:57 UTC 2018
------------------ testing $PTII/ptolemy/domains/de/test/auto/DepthTest5.xml
auto.tcl: Setting watchdog for 200 seconds at Thu Sep 27 02:17:58 UTC 2018
3 ms. Memory: 208384K Free: 196266K (94%)
ptolemy.util.test.WatchDog.cancel(): canceling Thu Sep 27 02:17:58 UTC 2018
auto.tcl: Setting watchdog for 200 seconds at Thu Sep 27 02:17:58 UTC 2018
2 ms. Memory: 208384K Free: 196266K (94%)
ptolemy.util.test.WatchDog.cancel(): canceling Thu Sep 27 02:17:58 UTC 2018
------------------ testing $PTII/ptolemy/domains/de/test/auto/DepthTest6.xml
auto.tcl: Setting watchdog for 200 seconds at Thu Sep 27 02:17:58 UTC 2018
6 ms. Memory: 208384K Free: 196226K (94%)
ptolemy.util.test.WatchDog.cancel(): canceling Thu Sep 27 02:17:58 UTC 2018
auto.tcl: Setting watchdog for 200 seconds at Thu Sep 27 02:17:58 UTC 2018
2 ms. Memory: 208384K Free: 196226K (94%)
ptolemy.util.test.WatchDog.cancel(): canceling Thu Sep 27 02:17:58 UTC 2018
------------------ testing $PTII/ptolemy/domains/de/test/auto/DepthTest7.xml
auto.tcl: Setting watchdog for 200 seconds at Thu Sep 27 02:17:58 UTC 2018
4 ms. Memory: 208384K Free: 194657K (93%)
ptolemy.util.test.WatchDog.cancel(): canceling Thu Sep 27 02:17:58 UTC 2018
auto.tcl: Setting watchdog for 200 seconds at Thu Sep 27 02:17:58 UTC 2018
2 ms. Memory: 208384K Free: 194657K (93%)
ptolemy.util.test.WatchDog.cancel(): canceling Thu Sep 27 02:17:58 UTC 2018
------------------ testing $PTII/ptolemy/domains/de/test/auto/EventToDate.xml
auto.tcl: Setting watchdog for 200 seconds at Thu Sep 27 02:17:58 UTC 2018
3008 ms. Memory: 208384K Free: 185376K (89%)
ptolemy.util.test.WatchDog.cancel(): canceling Thu Sep 27 02:18:01 UTC 2018
auto.tcl: Setting watchdog for 200 seconds at Thu Sep 27 02:18:01 UTC 2018
3003 ms. Memory: 208384K Free: 185376K (89%)
ptolemy.util.test.WatchDog.cancel(): canceling Thu Sep 27 02:18:04 UTC 2018
------------------ testing $PTII/ptolemy/domains/de/test/auto/FSM1.xml
auto.tcl: Setting watchdog for 200 seconds at Thu Sep 27 02:18:04 UTC 2018
18 ms. Memory: 208384K Free: 189239K (91%)
ptolemy.util.test.WatchDog.cancel(): canceling Thu Sep 27 02:18:04 UTC 2018
auto.tcl: Setting watchdog for 200 seconds at Thu Sep 27 02:18:04 UTC 2018
14 ms. Memory: 208384K Free: 184673K (89%)
ptolemy.util.test.WatchDog.cancel(): canceling Thu Sep 27 02:18:04 UTC 2018
------------------ testing $PTII/ptolemy/domains/de/test/auto/FSM7.xml
auto.tcl: Setting watchdog for 200 seconds at Thu Sep 27 02:18:04 UTC 2018
23 ms. Memory: 208384K Free: 187007K (90%)
ptolemy.util.test.WatchDog.cancel(): canceling Thu Sep 27 02:18:04 UTC 2018
auto.tcl: Setting watchdog for 200 seconds at Thu Sep 27 02:18:04 UTC 2018
17 ms. Memory: 208384K Free: 184893K (89%)
ptolemy.util.test.WatchDog.cancel(): canceling Thu Sep 27 02:18:04 UTC 2018
------------------ testing $PTII/ptolemy/domains/de/test/auto/Inspection.xml
auto.tcl: Setting watchdog for 200 seconds at Thu Sep 27 02:18:04 UTC 2018
38 ms. Memory: 208384K Free: 188558K (90%)
ptolemy.util.test.WatchDog.cancel(): canceling Thu Sep 27 02:18:04 UTC 2018
auto.tcl: Setting watchdog for 200 seconds at Thu Sep 27 02:18:04 UTC 2018
27 ms. Memory: 208384K Free: 186444K (89%)
ptolemy.util.test.WatchDog.cancel(): canceling Thu Sep 27 02:18:04 UTC 2018
------------------ testing $PTII/ptolemy/domains/de/test/auto/Iteration.xml
auto.tcl: Setting watchdog for 200 seconds at Thu Sep 27 02:18:04 UTC 2018
9 ms. Memory: 208384K Free: 196015K (94%)
ptolemy.util.test.WatchDog.cancel(): canceling Thu Sep 27 02:18:04 UTC 2018
auto.tcl: Setting watchdog for 200 seconds at Thu Sep 27 02:18:04 UTC 2018
7 ms. Memory: 208384K Free: 193571K (93%)
ptolemy.util.test.WatchDog.cancel(): canceling Thu Sep 27 02:18:04 UTC 2018
------------------ testing $PTII/ptolemy/domains/de/test/auto/LineFault.xml
auto.tcl: Setting watchdog for 200 seconds at Thu Sep 27 02:18:04 UTC 2018
658 ms. Memory: 208384K Free: 195914K (94%)
ptolemy.util.test.WatchDog.cancel(): canceling Thu Sep 27 02:18:05 UTC 2018
auto.tcl: Setting watchdog for 200 seconds at Thu Sep 27 02:18:05 UTC 2018
535 ms. Memory: 208384K Free: 140385K (67%)
ptolemy.util.test.WatchDog.cancel(): canceling Thu Sep 27 02:18:06 UTC 2018
------------------ testing $PTII/ptolemy/domains/de/test/auto/MergeModel1Add.xml
auto.tcl: Setting watchdog for 200 seconds at Thu Sep 27 02:18:06 UTC 2018
29 ms. Memory: 331264K Free: 298478K (90%)
ptolemy.util.test.WatchDog.cancel(): canceling Thu Sep 27 02:18:06 UTC 2018
auto.tcl: Setting watchdog for 200 seconds at Thu Sep 27 02:18:06 UTC 2018
8 ms. Memory: 331264K Free: 298478K (90%)
ptolemy.util.test.WatchDog.cancel(): canceling Thu Sep 27 02:18:06 UTC 2018
------------------ testing $PTII/ptolemy/domains/de/test/auto/MergeModel2Add.xml
auto.tcl: Setting watchdog for 200 seconds at Thu Sep 27 02:18:06 UTC 2018
7 ms. Memory: 331264K Free: 303782K (92%)
ptolemy.util.test.WatchDog.cancel(): canceling Thu Sep 27 02:18:06 UTC 2018
auto.tcl: Setting watchdog for 200 seconds at Thu Sep 27 02:18:06 UTC 2018
7 ms. Memory: 331264K Free: 299824K (91%)
ptolemy.util.test.WatchDog.cancel(): canceling Thu Sep 27 02:18:06 UTC 2018
------------------ testing $PTII/ptolemy/domains/de/test/auto/MergeModel3Add.xml
auto.tcl: Setting watchdog for 200 seconds at Thu Sep 27 02:18:06 UTC 2018
10 ms. Memory: 331264K Free: 303785K (92%)
ptolemy.util.test.WatchDog.cancel(): canceling Thu Sep 27 02:18:06 UTC 2018
auto.tcl: Setting watchdog for 200 seconds at Thu Sep 27 02:18:06 UTC 2018
9 ms. Memory: 331264K Free: 299843K (91%)
ptolemy.util.test.WatchDog.cancel(): canceling Thu Sep 27 02:18:06 UTC 2018
------------------ testing $PTII/ptolemy/domains/de/test/auto/MergeWithoutDiscard.xml
auto.tcl: Setting watchdog for 200 seconds at Thu Sep 27 02:18:06 UTC 2018
2 ms. Memory: 331264K Free: 319866K (97%)
ptolemy.util.test.WatchDog.cancel(): canceling Thu Sep 27 02:18:06 UTC 2018
auto.tcl: Setting watchdog for 200 seconds at Thu Sep 27 02:18:06 UTC 2018
2 ms. Memory: 331264K Free: 315924K (95%)
ptolemy.util.test.WatchDog.cancel(): canceling Thu Sep 27 02:18:06 UTC 2018
------------------ testing $PTII/ptolemy/domains/de/test/auto/Modal1.xml
auto.tcl: Setting watchdog for 200 seconds at Thu Sep 27 02:18:06 UTC 2018
12 ms. Memory: 331264K Free: 309529K (93%)
ptolemy.util.test.WatchDog.cancel(): canceling Thu Sep 27 02:18:06 UTC 2018
auto.tcl: Setting watchdog for 200 seconds at Thu Sep 27 02:18:06 UTC 2018
10 ms. Memory: 331264K Free: 305571K (92%)
ptolemy.util.test.WatchDog.cancel(): canceling Thu Sep 27 02:18:06 UTC 2018
------------------ testing $PTII/ptolemy/domains/de/test/auto/Modal2.xml
auto.tcl: Setting watchdog for 200 seconds at Thu Sep 27 02:18:06 UTC 2018
11 ms. Memory: 331264K Free: 309412K (93%)
ptolemy.util.test.WatchDog.cancel(): canceling Thu Sep 27 02:18:07 UTC 2018
auto.tcl: Setting watchdog for 200 seconds at Thu Sep 27 02:18:07 UTC 2018
11 ms. Memory: 331264K Free: 305470K (92%)
ptolemy.util.test.WatchDog.cancel(): canceling Thu Sep 27 02:18:07 UTC 2018
------------------ testing $PTII/ptolemy/domains/de/test/auto/Modal3.xml
auto.tcl: Setting watchdog for 200 seconds at Thu Sep 27 02:18:07 UTC 2018
10 ms. Memory: 331264K Free: 309394K (93%)
ptolemy.util.test.WatchDog.cancel(): canceling Thu Sep 27 02:18:07 UTC 2018
auto.tcl: Setting watchdog for 200 seconds at Thu Sep 27 02:18:07 UTC 2018
11 ms. Memory: 331264K Free: 305437K (92%)
ptolemy.util.test.WatchDog.cancel(): canceling Thu Sep 27 02:18:07 UTC 2018
------------------ testing $PTII/ptolemy/domains/de/test/auto/Modal4.xml
auto.tcl: Setting watchdog for 200 seconds at Thu Sep 27 02:18:07 UTC 2018
22 ms. Memory: 331264K Free: 309416K (93%)
ptolemy.util.test.WatchDog.cancel(): canceling Thu Sep 27 02:18:07 UTC 2018
auto.tcl: Setting watchdog for 200 seconds at Thu Sep 27 02:18:07 UTC 2018
19 ms. Memory: 331264K Free: 305474K (92%)
ptolemy.util.test.WatchDog.cancel(): canceling Thu Sep 27 02:18:07 UTC 2018
------------------ testing $PTII/ptolemy/domains/de/test/auto/Modal5.xml
auto.tcl: Setting watchdog for 200 seconds at Thu Sep 27 02:18:07 UTC 2018
22 ms. Memory: 331264K Free: 309410K (93%)
ptolemy.util.test.WatchDog.cancel(): canceling Thu Sep 27 02:18:07 UTC 2018
auto.tcl: Setting watchdog for 200 seconds at Thu Sep 27 02:18:07 UTC 2018
13 ms. Memory: 331264K Free: 305452K (92%)
ptolemy.util.test.WatchDog.cancel(): canceling Thu Sep 27 02:18:07 UTC 2018
------------------ testing $PTII/ptolemy/domains/de/test/auto/Modal6.xml
auto.tcl: Setting watchdog for 200 seconds at Thu Sep 27 02:18:07 UTC 2018
12 ms. Memory: 331264K Free: 309408K (93%)
ptolemy.util.test.WatchDog.cancel(): canceling Thu Sep 27 02:18:07 UTC 2018
auto.tcl: Setting watchdog for 200 seconds at Thu Sep 27 02:18:07 UTC 2018
12 ms. Memory: 331264K Free: 305466K (92%)
ptolemy.util.test.WatchDog.cancel(): canceling Thu Sep 27 02:18:07 UTC 2018
------------------ testing $PTII/ptolemy/domains/de/test/auto/Modal7.xml
auto.tcl: Setting watchdog for 200 seconds at Thu Sep 27 02:18:07 UTC 2018
17 ms. Memory: 331264K Free: 309376K (93%)
ptolemy.util.test.WatchDog.cancel(): canceling Thu Sep 27 02:18:07 UTC 2018
auto.tcl: Setting watchdog for 200 seconds at Thu Sep 27 02:18:07 UTC 2018
9 ms. Memory: 331264K Free: 305434K (92%)
ptolemy.util.test.WatchDog.cancel(): canceling Thu Sep 27 02:18:07 UTC 2018
------------------ testing $PTII/ptolemy/domains/de/test/auto/ModalModel.xml
auto.tcl: Setting watchdog for 200 seconds at Thu Sep 27 02:18:07 UTC 2018
172 ms. Memory: 331264K Free: 248181K (75%)
ptolemy.util.test.WatchDog.cancel(): canceling Thu Sep 27 02:18:07 UTC 2018
auto.tcl: Setting watchdog for 200 seconds at Thu Sep 27 02:18:07 UTC 2018
155 ms. Memory: 331264K Free: 192838K (58%)
ptolemy.util.test.WatchDog.cancel(): canceling Thu Sep 27 02:18:08 UTC 2018
------------------ testing $PTII/ptolemy/domains/de/test/auto/ModalSource.xml
auto.tcl: Setting watchdog for 200 seconds at Thu Sep 27 02:18:08 UTC 2018
9 ms. Memory: 331264K Free: 316136K (95%)
ptolemy.util.test.WatchDog.cancel(): canceling Thu Sep 27 02:18:08 UTC 2018
auto.tcl: Setting watchdog for 200 seconds at Thu Sep 27 02:18:08 UTC 2018
5 ms. Memory: 331264K Free: 312608K (94%)
ptolemy.util.test.WatchDog.cancel(): canceling Thu Sep 27 02:18:08 UTC 2018
------------------ testing $PTII/ptolemy/domains/de/test/auto/NonInterruptibleTimerZeroDelay.xml
auto.tcl: Setting watchdog for 200 seconds at Thu Sep 27 02:18:08 UTC 2018
4 ms. Memory: 331264K Free: 320518K (97%)
ptolemy.util.test.WatchDog.cancel(): canceling Thu Sep 27 02:18:08 UTC 2018
auto.tcl: Setting watchdog for 200 seconds at Thu Sep 27 02:18:08 UTC 2018
2 ms. Memory: 331264K Free: 316974K (96%)
ptolemy.util.test.WatchDog.cancel(): canceling Thu Sep 27 02:18:08 UTC 2018
------------------ testing $PTII/ptolemy/domains/de/test/auto/OpenQueueingNetwork.xml
auto.tcl: Setting watchdog for 200 seconds at Thu Sep 27 02:18:08 UTC 2018
2611 ms. Memory: 573952K Free: 429300K (75%)
ptolemy.util.test.WatchDog.cancel(): canceling Thu Sep 27 02:18:10 UTC 2018
auto.tcl: Setting watchdog for 200 seconds at Thu Sep 27 02:18:10 UTC 2018
2196 ms. Memory: 550912K Free: 345187K (63%)
ptolemy.util.test.WatchDog.cancel(): canceling Thu Sep 27 02:18:13 UTC 2018
------------------ testing $PTII/ptolemy/domains/de/test/auto/OpenQueuingNetwork.xml
auto.tcl: Setting watchdog for 200 seconds at Thu Sep 27 02:18:13 UTC 2018
234 ms. Memory: 549888K Free: 444707K (81%)
ptolemy.util.test.WatchDog.cancel(): canceling Thu Sep 27 02:18:13 UTC 2018
auto.tcl: Setting watchdog for 200 seconds at Thu Sep 27 02:18:13 UTC 2018
229 ms. Memory: 549888K Free: 389402K (71%)
ptolemy.util.test.WatchDog.cancel(): canceling Thu Sep 27 02:18:13 UTC 2018
------------------ testing $PTII/ptolemy/domains/de/test/auto/PeriodicSampler.xml
auto.tcl: Setting watchdog for 200 seconds at Thu Sep 27 02:18:13 UTC 2018
4 ms. Memory: 551936K Free: 531678K (96%)
ptolemy.util.test.WatchDog.cancel(): canceling Thu Sep 27 02:18:13 UTC 2018
auto.tcl: Setting watchdog for 200 seconds at Thu Sep 27 02:18:13 UTC 2018
2 ms. Memory: 551936K Free: 531678K (96%)
ptolemy.util.test.WatchDog.cancel(): canceling Thu Sep 27 02:18:13 UTC 2018
------------------ testing $PTII/ptolemy/domains/de/test/auto/PersistentIO.xml
auto.tcl: Setting watchdog for 200 seconds at Thu Sep 27 02:18:13 UTC 2018
16 ms. Memory: 549376K Free: 524170K (95%)
ptolemy.util.test.WatchDog.cancel(): canceling Thu Sep 27 02:18:13 UTC 2018
auto.tcl: Setting watchdog for 200 seconds at Thu Sep 27 02:18:13 UTC 2018
3 ms. Memory: 549376K Free: 524170K (95%)
ptolemy.util.test.WatchDog.cancel(): canceling Thu Sep 27 02:18:13 UTC 2018
------------------ testing $PTII/ptolemy/domains/de/test/auto/PortParameterResetOnInitialize.xml
auto.tcl: Setting watchdog for 200 seconds at Thu Sep 27 02:18:13 UTC 2018
2 ms. Memory: 551424K Free: 531396K (96%)
ptolemy.util.test.WatchDog.cancel(): canceling Thu Sep 27 02:18:13 UTC 2018
auto.tcl: Setting watchdog for 200 seconds at Thu Sep 27 02:18:13 UTC 2018
2 ms. Memory: 551424K Free: 531396K (96%)
ptolemy.util.test.WatchDog.cancel(): canceling Thu Sep 27 02:18:13 UTC 2018
------------------ testing $PTII/ptolemy/domains/de/test/auto/PortParameterUpdates.xml
auto.tcl: Setting watchdog for 200 seconds at Thu Sep 27 02:18:14 UTC 2018
5 ms. Memory: 549376K Free: 529482K (96%)
ptolemy.util.test.WatchDog.cancel(): canceling Thu Sep 27 02:18:14 UTC 2018
auto.tcl: Setting watchdog for 200 seconds at Thu Sep 27 02:18:14 UTC 2018
3 ms. Memory: 549376K Free: 523935K (95%)
ptolemy.util.test.WatchDog.cancel(): canceling Thu Sep 27 02:18:14 UTC 2018
------------------ testing $PTII/ptolemy/domains/de/test/auto/QueueAndServer.xml
auto.tcl: Setting watchdog for 200 seconds at Thu Sep 27 02:18:14 UTC 2018
8 ms. Memory: 551424K Free: 530641K (96%)
ptolemy.util.test.WatchDog.cancel(): canceling Thu Sep 27 02:18:14 UTC 2018
auto.tcl: Setting watchdog for 200 seconds at Thu Sep 27 02:18:14 UTC 2018
5 ms. Memory: 551424K Free: 530641K (96%)
ptolemy.util.test.WatchDog.cancel(): canceling Thu Sep 27 02:18:14 UTC 2018
------------------ testing $PTII/ptolemy/domains/de/test/auto/Records.xml
auto.tcl: Setting watchdog for 200 seconds at Thu Sep 27 02:18:14 UTC 2018
10 ms. Memory: 549376K Free: 534066K (97%)
ptolemy.util.test.WatchDog.cancel(): canceling Thu Sep 27 02:18:14 UTC 2018
auto.tcl: Setting watchdog for 200 seconds at Thu Sep 27 02:18:14 UTC 2018
2 ms. Memory: 549376K Free: 534066K (97%)
ptolemy.util.test.WatchDog.cancel(): canceling Thu Sep 27 02:18:14 UTC 2018
------------------ testing $PTII/ptolemy/domains/de/test/auto/ResetTransitionWithStartTime1.xml
auto.tcl: Setting watchdog for 200 seconds at Thu Sep 27 02:18:14 UTC 2018
7 ms. Memory: 551424K Free: 530609K (96%)
ptolemy.util.test.WatchDog.cancel(): canceling Thu Sep 27 02:18:14 UTC 2018
auto.tcl: Setting watchdog for 200 seconds at Thu Sep 27 02:18:14 UTC 2018
5 ms. Memory: 551424K Free: 530609K (96%)
ptolemy.util.test.WatchDog.cancel(): canceling Thu Sep 27 02:18:14 UTC 2018
------------------ testing $PTII/ptolemy/domains/de/test/auto/ResetTransitionWithStartTime2.xml
auto.tcl: Setting watchdog for 200 seconds at Thu Sep 27 02:18:14 UTC 2018
6 ms. Memory: 549376K Free: 528552K (96%)
ptolemy.util.test.WatchDog.cancel(): canceling Thu Sep 27 02:18:14 UTC 2018
auto.tcl: Setting watchdog for 200 seconds at Thu Sep 27 02:18:14 UTC 2018
6 ms. Memory: 549376K Free: 528552K (96%)
ptolemy.util.test.WatchDog.cancel(): canceling Thu Sep 27 02:18:14 UTC 2018
------------------ testing $PTII/ptolemy/domains/de/test/auto/ResetTransitionWithStartTime3.xml
auto.tcl: Setting watchdog for 200 seconds at Thu Sep 27 02:18:14 UTC 2018
6 ms. Memory: 550912K Free: 530087K (96%)
ptolemy.util.test.WatchDog.cancel(): canceling Thu Sep 27 02:18:14 UTC 2018
auto.tcl: Setting watchdog for 200 seconds at Thu Sep 27 02:18:14 UTC 2018
8 ms. Memory: 550912K Free: 530087K (96%)
ptolemy.util.test.WatchDog.cancel(): canceling Thu Sep 27 02:18:14 UTC 2018
------------------ testing $PTII/ptolemy/domains/de/test/auto/ResetTransitionWithStartTime4.xml
auto.tcl: Setting watchdog for 200 seconds at Thu Sep 27 02:18:14 UTC 2018
4 ms. Memory: 549376K Free: 528541K (96%)
ptolemy.util.test.WatchDog.cancel(): canceling Thu Sep 27 02:18:14 UTC 2018
auto.tcl: Setting watchdog for 200 seconds at Thu Sep 27 02:18:14 UTC 2018
3 ms. Memory: 549376K Free: 528541K (96%)
ptolemy.util.test.WatchDog.cancel(): canceling Thu Sep 27 02:18:14 UTC 2018
------------------ testing $PTII/ptolemy/domains/de/test/auto/ResettableTimer1.xml
auto.tcl: Setting watchdog for 200 seconds at Thu Sep 27 02:18:14 UTC 2018
2 ms. Memory: 550912K Free: 535611K (97%)
ptolemy.util.test.WatchDog.cancel(): canceling Thu Sep 27 02:18:14 UTC 2018
auto.tcl: Setting watchdog for 200 seconds at Thu Sep 27 02:18:14 UTC 2018
2 ms. Memory: 550912K Free: 535611K (97%)
ptolemy.util.test.WatchDog.cancel(): canceling Thu Sep 27 02:18:14 UTC 2018
------------------ testing $PTII/ptolemy/domains/de/test/auto/ResettableTimer2.xml
auto.tcl: Setting watchdog for 200 seconds at Thu Sep 27 02:18:14 UTC 2018
2 ms. Memory: 549376K Free: 534363K (97%)
ptolemy.util.test.WatchDog.cancel(): canceling Thu Sep 27 02:18:14 UTC 2018
auto.tcl: Setting watchdog for 200 seconds at Thu Sep 27 02:18:14 UTC 2018
2 ms. Memory: 549376K Free: 534363K (97%)
ptolemy.util.test.WatchDog.cancel(): canceling Thu Sep 27 02:18:14 UTC 2018
------------------ testing $PTII/ptolemy/domains/de/test/auto/ResettableTimer3.xml
auto.tcl: Setting watchdog for 200 seconds at Thu Sep 27 02:18:14 UTC 2018
1 ms. Memory: 550912K Free: 535669K (97%)
ptolemy.util.test.WatchDog.cancel(): canceling Thu Sep 27 02:18:14 UTC 2018
auto.tcl: Setting watchdog for 200 seconds at Thu Sep 27 02:18:14 UTC 2018
2 ms. Memory: 550912K Free: 535669K (97%)
ptolemy.util.test.WatchDog.cancel(): canceling Thu Sep 27 02:18:14 UTC 2018
------------------ testing $PTII/ptolemy/domains/de/test/auto/ResettableTimer4.xml
auto.tcl: Setting watchdog for 200 seconds at Thu Sep 27 02:18:14 UTC 2018
1 ms. Memory: 549376K Free: 534375K (97%)
ptolemy.util.test.WatchDog.cancel(): canceling Thu Sep 27 02:18:14 UTC 2018
auto.tcl: Setting watchdog for 200 seconds at Thu Sep 27 02:18:14 UTC 2018
1 ms. Memory: 549376K Free: 534375K (97%)
ptolemy.util.test.WatchDog.cancel(): canceling Thu Sep 27 02:18:14 UTC 2018
------------------ testing $PTII/ptolemy/domains/de/test/auto/ResettableTimer5.xml
auto.tcl: Setting watchdog for 200 seconds at Thu Sep 27 02:18:14 UTC 2018
1 ms. Memory: 550400K Free: 530718K (96%)
ptolemy.util.test.WatchDog.cancel(): canceling Thu Sep 27 02:18:14 UTC 2018
auto.tcl: Setting watchdog for 200 seconds at Thu Sep 27 02:18:14 UTC 2018
2 ms. Memory: 550400K Free: 530718K (96%)
ptolemy.util.test.WatchDog.cancel(): canceling Thu Sep 27 02:18:14 UTC 2018
------------------ testing $PTII/ptolemy/domains/de/test/auto/ResettableTimer6.xml
auto.tcl: Setting watchdog for 200 seconds at Thu Sep 27 02:18:14 UTC 2018
1 ms. Memory: 549376K Free: 529413K (96%)
ptolemy.util.test.WatchDog.cancel(): canceling Thu Sep 27 02:18:14 UTC 2018
auto.tcl: Setting watchdog for 200 seconds at Thu Sep 27 02:18:14 UTC 2018
1 ms. Memory: 549376K Free: 529413K (96%)
ptolemy.util.test.WatchDog.cancel(): canceling Thu Sep 27 02:18:14 UTC 2018
------------------ testing $PTII/ptolemy/domains/de/test/auto/ServerZeroDelay.xml
auto.tcl: Setting watchdog for 200 seconds at Thu Sep 27 02:18:14 UTC 2018
2 ms. Memory: 550400K Free: 535337K (97%)
ptolemy.util.test.WatchDog.cancel(): canceling Thu Sep 27 02:18:14 UTC 2018
auto.tcl: Setting watchdog for 200 seconds at Thu Sep 27 02:18:14 UTC 2018
2 ms. Memory: 550400K Free: 535337K (97%)
ptolemy.util.test.WatchDog.cancel(): canceling Thu Sep 27 02:18:14 UTC 2018
------------------ testing $PTII/ptolemy/domains/de/test/auto/SmartSender.xml
auto.tcl: Setting watchdog for 200 seconds at Thu Sep 27 02:18:14 UTC 2018
3001 ms. Memory: 549376K Free: 529629K (96%)
ptolemy.util.test.WatchDog.cancel(): canceling Thu Sep 27 02:18:17 UTC 2018
auto.tcl: Setting watchdog for 200 seconds at Thu Sep 27 02:18:17 UTC 2018
3001 ms. Memory: 549376K Free: 529629K (96%)
ptolemy.util.test.WatchDog.cancel(): canceling Thu Sep 27 02:18:20 UTC 2018
------------------ testing $PTII/ptolemy/domains/de/test/auto/ThreadedComposite.xml
auto.tcl: Setting watchdog for 200 seconds at Thu Sep 27 02:18:21 UTC 2018
223 ms. Memory: 550400K Free: 509985K (93%)
ptolemy.util.test.WatchDog.cancel(): canceling Thu Sep 27 02:18:21 UTC 2018
auto.tcl: Setting watchdog for 200 seconds at Thu Sep 27 02:18:21 UTC 2018
146 ms. Memory: 550400K Free: 495095K (90%)
ptolemy.util.test.WatchDog.cancel(): canceling Thu Sep 27 02:18:21 UTC 2018
------------------ testing $PTII/ptolemy/domains/de/test/auto/Time.xml
auto.tcl: Setting watchdog for 200 seconds at Thu Sep 27 02:18:21 UTC 2018
468 ms. Memory: 549376K Free: 487008K (89%)
ptolemy.util.test.WatchDog.cancel(): canceling Thu Sep 27 02:18:21 UTC 2018
auto.tcl: Setting watchdog for 200 seconds at Thu Sep 27 02:18:21 UTC 2018
445 ms. Memory: 549376K Free: 431703K (79%)
ptolemy.util.test.WatchDog.cancel(): canceling Thu Sep 27 02:18:22 UTC 2018
------------------ testing $PTII/ptolemy/domains/de/test/auto/TimeDelayZeroDelay.xml
auto.tcl: Setting watchdog for 200 seconds at Thu Sep 27 02:18:22 UTC 2018
2 ms. Memory: 550400K Free: 535026K (97%)
ptolemy.util.test.WatchDog.cancel(): canceling Thu Sep 27 02:18:22 UTC 2018
auto.tcl: Setting watchdog for 200 seconds at Thu Sep 27 02:18:22 UTC 2018
1 ms. Memory: 550400K Free: 535026K (97%)
ptolemy.util.test.WatchDog.cancel(): canceling Thu Sep 27 02:18:22 UTC 2018
------------------ testing $PTII/ptolemy/domains/de/test/auto/TimerZeroDelay.xml
auto.tcl: Setting watchdog for 200 seconds at Thu Sep 27 02:18:22 UTC 2018
1 ms. Memory: 549376K Free: 534276K (97%)
ptolemy.util.test.WatchDog.cancel(): canceling Thu Sep 27 02:18:22 UTC 2018
auto.tcl: Setting watchdog for 200 seconds at Thu Sep 27 02:18:22 UTC 2018
2 ms. Memory: 549376K Free: 534276K (97%)
ptolemy.util.test.WatchDog.cancel(): canceling Thu Sep 27 02:18:22 UTC 2018
------------------ testing $PTII/ptolemy/domains/de/test/auto/TimingParadox.xml
auto.tcl: Setting watchdog for 200 seconds at Thu Sep 27 02:18:22 UTC 2018
348 ms. Memory: 549888K Free: 468565K (85%)
ptolemy.util.test.WatchDog.cancel(): canceling Thu Sep 27 02:18:23 UTC 2018
auto.tcl: Setting watchdog for 200 seconds at Thu Sep 27 02:18:23 UTC 2018
307 ms. Memory: 549888K Free: 435382K (79%)
ptolemy.util.test.WatchDog.cancel(): canceling Thu Sep 27 02:18:23 UTC 2018
------------------ testing $PTII/ptolemy/domains/de/test/auto/TransferInputs.xml
auto.tcl: Setting watchdog for 200 seconds at Thu Sep 27 02:18:23 UTC 2018
1 ms. Memory: 549888K Free: 533692K (97%)
ptolemy.util.test.WatchDog.cancel(): canceling Thu Sep 27 02:18:23 UTC 2018
auto.tcl: Setting watchdog for 200 seconds at Thu Sep 27 02:18:23 UTC 2018
11 ms. Memory: 549888K Free: 533692K (97%)
ptolemy.util.test.WatchDog.cancel(): canceling Thu Sep 27 02:18:23 UTC 2018
------------------ testing $PTII/ptolemy/domains/de/test/auto/TransferOutputs2.xml
auto.tcl: Setting watchdog for 200 seconds at Thu Sep 27 02:18:23 UTC 2018
11 ms. Memory: 549376K Free: 524056K (95%)
ptolemy.util.test.WatchDog.cancel(): canceling Thu Sep 27 02:18:23 UTC 2018
auto.tcl: Setting watchdog for 200 seconds at Thu Sep 27 02:18:23 UTC 2018
3 ms. Memory: 549376K Free: 524056K (95%)
ptolemy.util.test.WatchDog.cancel(): canceling Thu Sep 27 02:18:23 UTC 2018
------------------ testing $PTII/ptolemy/domains/de/test/auto/Trilateration.xml
auto.tcl: Setting watchdog for 200 seconds at Thu Sep 27 02:18:23 UTC 2018
12663 ms. Memory: 766976K Free: 250762K (33%)
ptolemy.util.test.WatchDog.cancel(): canceling Thu Sep 27 02:18:37 UTC 2018
auto.tcl: Setting watchdog for 200 seconds at Thu Sep 27 02:18:37 UTC 2018
10402 ms. Memory: 646144K Free: 106636K (17%)
ptolemy.util.test.WatchDog.cancel(): canceling Thu Sep 27 02:18:47 UTC 2018
------------------ testing $PTII/ptolemy/domains/de/test/auto/TwoSigmaDelta.xml
auto.tcl: Setting watchdog for 200 seconds at Thu Sep 27 02:18:47 UTC 2018
2665 ms. Memory: 649728K Free: 330809K (51%)
ptolemy.util.test.WatchDog.cancel(): canceling Thu Sep 27 02:18:50 UTC 2018
auto.tcl: Setting watchdog for 200 seconds at Thu Sep 27 02:18:50 UTC 2018
2145 ms. Memory: 649728K Free: 104729K (16%)
ptolemy.util.test.WatchDog.cancel(): canceling Thu Sep 27 02:18:52 UTC 2018
------------------ testing $PTII/ptolemy/domains/de/test/auto/VariableDelay.xml
auto.tcl: Setting watchdog for 200 seconds at Thu Sep 27 02:18:52 UTC 2018
2 ms. Memory: 646656K Free: 627019K (97%)
ptolemy.util.test.WatchDog.cancel(): canceling Thu Sep 27 02:18:52 UTC 2018
auto.tcl: Setting watchdog for 200 seconds at Thu Sep 27 02:18:52 UTC 2018
2 ms. Memory: 646656K Free: 627019K (97%)
ptolemy.util.test.WatchDog.cancel(): canceling Thu Sep 27 02:18:52 UTC 2018
------------------ testing $PTII/ptolemy/domains/de/test/auto/VariableDelay2.xml
auto.tcl: Setting watchdog for 200 seconds at Thu Sep 27 02:18:52 UTC 2018
5 ms. Memory: 646144K Free: 626952K (97%)
ptolemy.util.test.WatchDog.cancel(): canceling Thu Sep 27 02:18:52 UTC 2018
auto.tcl: Setting watchdog for 200 seconds at Thu Sep 27 02:18:52 UTC 2018
2 ms. Memory: 646144K Free: 626952K (97%)
ptolemy.util.test.WatchDog.cancel(): canceling Thu Sep 27 02:18:52 UTC 2018
------------------ testing $PTII/ptolemy/domains/de/test/auto/VariableDelayZeroDelay.xml
auto.tcl: Setting watchdog for 200 seconds at Thu Sep 27 02:18:52 UTC 2018
2 ms. Memory: 646144K Free: 621304K (96%)
ptolemy.util.test.WatchDog.cancel(): canceling Thu Sep 27 02:18:52 UTC 2018
auto.tcl: Setting watchdog for 200 seconds at Thu Sep 27 02:18:52 UTC 2018
2 ms. Memory: 646144K Free: 621304K (96%)
ptolemy.util.test.WatchDog.cancel(): canceling Thu Sep 27 02:18:52 UTC 2018
------------------ testing $PTII/ptolemy/domains/de/test/auto/VariableDelayZeroDelay2.xml
auto.tcl: Setting watchdog for 200 seconds at Thu Sep 27 02:18:52 UTC 2018
2 ms. Memory: 649216K Free: 624375K (96%)
ptolemy.util.test.WatchDog.cancel(): canceling Thu Sep 27 02:18:52 UTC 2018
auto.tcl: Setting watchdog for 200 seconds at Thu Sep 27 02:18:52 UTC 2018
2 ms. Memory: 649216K Free: 624375K (96%)
ptolemy.util.test.WatchDog.cancel(): canceling Thu Sep 27 02:18:52 UTC 2018
------------------ testing $PTII/ptolemy/domains/de/test/auto/deInCt.xml
auto.tcl: Setting watchdog for 200 seconds at Thu Sep 27 02:18:52 UTC 2018
0
1
1
1
0
0
1
1
1
0
0
0
1
1
1
0
0
0
0
1
1
1
0
0
0
0
0
0
1
1
1
0
0
0
1
1
1
0
0
0
0
0
0
6 ms. Memory: 646144K Free: 621267K (96%)
ptolemy.util.test.WatchDog.cancel(): canceling Thu Sep 27 02:18:52 UTC 2018
auto.tcl: Setting watchdog for 200 seconds at Thu Sep 27 02:18:52 UTC 2018
0
1
1
1
0
0
0
0
1
1
0
0
0
1
1
1
0
0
0
1
1
1
0
0
0
0
1
1
1
1
0
0
0
0
1
1
1
0
0
0
0
5 ms. Memory: 646144K Free: 621267K (96%)
ptolemy.util.test.WatchDog.cancel(): canceling Thu Sep 27 02:18:52 UTC 2018
------------------ testing $PTII/ptolemy/domains/de/test/auto/deInCt2.xml
auto.tcl: Setting watchdog for 200 seconds at Thu Sep 27 02:18:53 UTC 2018
0
1
1
1
0
0
1
1
1
0
0
1
1
1
0
0
1
1
1
0
0
1
1
1
0
0
1
1
1
0
0
1
1
1
0
0
1
1
1
0
0
0
5 ms. Memory: 648704K Free: 623860K (96%)
ptolemy.util.test.WatchDog.cancel(): canceling Thu Sep 27 02:18:53 UTC 2018
auto.tcl: Setting watchdog for 200 seconds at Thu Sep 27 02:18:53 UTC 2018
0
1
1
1
0
0
1
1
1
0
0
1
1
1
0
0
1
1
1
0
0
1
1
1
0
0
1
1
1
0
0
1
1
1
0
0
1
1
1
0
0
0
9 ms. Memory: 648704K Free: 623860K (96%)
ptolemy.util.test.WatchDog.cancel(): canceling Thu Sep 27 02:18:53 UTC 2018
------------------ testing $PTII/ptolemy/domains/de/test/auto/dynamicCausalityInterface1.xml
auto.tcl: Setting watchdog for 200 seconds at Thu Sep 27 02:18:53 UTC 2018
1 ms. Memory: 646144K Free: 612753K (95%)
ptolemy.util.test.WatchDog.cancel(): canceling Thu Sep 27 02:18:53 UTC 2018
auto.tcl: Setting watchdog for 200 seconds at Thu Sep 27 02:18:53 UTC 2018
1 ms. Memory: 646144K Free: 612753K (95%)
ptolemy.util.test.WatchDog.cancel(): canceling Thu Sep 27 02:18:53 UTC 2018
------------------ testing $PTII/ptolemy/domains/de/test/auto/fsm_de_test.xml
auto.tcl: Setting watchdog for 200 seconds at Thu Sep 27 02:18:53 UTC 2018
6 ms. Memory: 648192K Free: 623238K (96%)
ptolemy.util.test.WatchDog.cancel(): canceling Thu Sep 27 02:18:53 UTC 2018
auto.tcl: Setting watchdog for 200 seconds at Thu Sep 27 02:18:53 UTC 2018
5 ms. Memory: 648192K Free: 614696K (95%)
ptolemy.util.test.WatchDog.cancel(): canceling Thu Sep 27 02:18:53 UTC 2018
------------------ testing $PTII/ptolemy/domains/de/test/auto/functionDependencyReconstruction.xml
auto.tcl: Setting watchdog for 200 seconds at Thu Sep 27 02:18:53 UTC 2018
2 ms. Memory: 646144K Free: 612639K (95%)
ptolemy.util.test.WatchDog.cancel(): canceling Thu Sep 27 02:18:53 UTC 2018
auto.tcl: Setting watchdog for 200 seconds at Thu Sep 27 02:18:53 UTC 2018
3 ms. Memory: 646144K Free: 604097K (93%)
ptolemy.util.test.WatchDog.cancel(): canceling Thu Sep 27 02:18:53 UTC 2018
------------------ testing $PTII/ptolemy/domains/de/test/auto/multirate.xml
auto.tcl: Setting watchdog for 200 seconds at Thu Sep 27 02:18:53 UTC 2018
3 ms. Memory: 648192K Free: 623105K (96%)
ptolemy.util.test.WatchDog.cancel(): canceling Thu Sep 27 02:18:53 UTC 2018
auto.tcl: Setting watchdog for 200 seconds at Thu Sep 27 02:18:53 UTC 2018
2 ms. Memory: 648192K Free: 623105K (96%)
ptolemy.util.test.WatchDog.cancel(): canceling Thu Sep 27 02:18:53 UTC 2018
------------------ testing $PTII/ptolemy/domains/de/test/auto/multirate2.xml
auto.tcl: Setting watchdog for 200 seconds at Thu Sep 27 02:18:53 UTC 2018
2 ms. Memory: 646144K Free: 621246K (96%)
ptolemy.util.test.WatchDog.cancel(): canceling Thu Sep 27 02:18:53 UTC 2018
auto.tcl: Setting watchdog for 200 seconds at Thu Sep 27 02:18:53 UTC 2018
2 ms. Memory: 646144K Free: 621246K (96%)
ptolemy.util.test.WatchDog.cancel(): canceling Thu Sep 27 02:18:53 UTC 2018
------------------ testing $PTII/ptolemy/domains/de/test/auto/realtime.xml
auto.tcl: Setting watchdog for 200 seconds at Thu Sep 27 02:18:53 UTC 2018
10001 ms. Memory: 647680K Free: 622748K (96%)
ptolemy.util.test.WatchDog.cancel(): canceling Thu Sep 27 02:19:03 UTC 2018
auto.tcl: Setting watchdog for 200 seconds at Thu Sep 27 02:19:03 UTC 2018
10002 ms. Memory: 647680K Free: 622748K (96%)
ptolemy.util.test.WatchDog.cancel(): canceling Thu Sep 27 02:19:13 UTC 2018
------------------ testing $PTII/ptolemy/domains/de/test/auto/relationGroup.xml
auto.tcl: Setting watchdog for 200 seconds at Thu Sep 27 02:19:13 UTC 2018
2 ms. Memory: 646144K Free: 621270K (96%)
ptolemy.util.test.WatchDog.cancel(): canceling Thu Sep 27 02:19:13 UTC 2018
auto.tcl: Setting watchdog for 200 seconds at Thu Sep 27 02:19:13 UTC 2018
1 ms. Memory: 646144K Free: 621270K (96%)
ptolemy.util.test.WatchDog.cancel(): canceling Thu Sep 27 02:19:13 UTC 2018
------------------ testing $PTII/ptolemy/domains/de/test/auto/relationGroup2.xml
auto.tcl: Setting watchdog for 200 seconds at Thu Sep 27 02:19:13 UTC 2018
1 ms. Memory: 647680K Free: 622833K (96%)
ptolemy.util.test.WatchDog.cancel(): canceling Thu Sep 27 02:19:13 UTC 2018
auto.tcl: Setting watchdog for 200 seconds at Thu Sep 27 02:19:13 UTC 2018
1 ms. Memory: 647680K Free: 622833K (96%)
ptolemy.util.test.WatchDog.cancel(): canceling Thu Sep 27 02:19:13 UTC 2018
------------------ testing $PTII/ptolemy/domains/de/test/auto/sortWithOpaquePorts.xml
auto.tcl: Setting watchdog for 200 seconds at Thu Sep 27 02:19:13 UTC 2018
1 ms. Memory: 646144K Free: 621297K (96%)
ptolemy.util.test.WatchDog.cancel(): canceling Thu Sep 27 02:19:13 UTC 2018
auto.tcl: Setting watchdog for 200 seconds at Thu Sep 27 02:19:13 UTC 2018
1 ms. Memory: 646144K Free: 621297K (96%)
ptolemy.util.test.WatchDog.cancel(): canceling Thu Sep 27 02:19:13 UTC 2018
------------------ testing $PTII/ptolemy/domains/de/test/auto/transferInputsandOutputs.xml
auto.tcl: Setting watchdog for 200 seconds at Thu Sep 27 02:19:13 UTC 2018
3 ms. Memory: 647168K Free: 622308K (96%)
ptolemy.util.test.WatchDog.cancel(): canceling Thu Sep 27 02:19:13 UTC 2018
auto.tcl: Setting watchdog for 200 seconds at Thu Sep 27 02:19:13 UTC 2018
3 ms. Memory: 647168K Free: 622308K (96%)
ptolemy.util.test.WatchDog.cancel(): canceling Thu Sep 27 02:19:13 UTC 2018
------------------ testing $PTII/ptolemy/domains/de/test/auto/triggerType.xml
auto.tcl: Setting watchdog for 200 seconds at Thu Sep 27 02:19:13 UTC 2018
1 ms. Memory: 646144K Free: 621235K (96%)
ptolemy.util.test.WatchDog.cancel(): canceling Thu Sep 27 02:19:13 UTC 2018
auto.tcl: Setting watchdog for 200 seconds at Thu Sep 27 02:19:13 UTC 2018
1 ms. Memory: 646144K Free: 621235K (96%)
ptolemy.util.test.WatchDog.cancel(): canceling Thu Sep 27 02:19:13 UTC 2018
09/27/18 02:19:13
Failed: 0  Total Tests: 192  ((Passed: 187, Newly Passed: 1)  Known Failed: 5) /home/travis/build/icyphy/ptII/ptolemy/domains/de/test
09/27/18 02:19:13
Failed: 0  Total Tests: 192  ((Passed: 187, Newly Passed: 1)  Known Failed: 5) /home/travis/build/icyphy/ptII/ptolemy/domains/de/test
----------------- testing (KnownFailure) /home/travis/build/icyphy/ptII/ptolemy/domains/de/test/auto/knownFailedTests/DESDFClockTest.xml
2011 ms. Memory: 647168K Free: 611018K (94%)
Known Failure: java.lang.reflect.InvocationTargetException
----------------- testing (KnownFailure) /home/travis/build/icyphy/ptII/ptolemy/domains/de/test/auto/knownFailedTests/DirectFeedback.xml
1 ms. Memory: 647168K Free: 565807K (87%)
Known Failure: java.lang.reflect.InvocationTargetException
----------------- testing (KnownFailure) /home/travis/build/icyphy/ptII/ptolemy/domains/de/test/auto/knownFailedTests/FSMSource.xml
10 ms. Memory: 647168K Free: 520627K (80%)
----------------- testing (KnownFailure) /home/travis/build/icyphy/ptII/ptolemy/domains/de/test/auto/knownFailedTests/HierarchicalModel.xml
3 ms. Memory: 647168K Free: 486735K (75%)
Known Failure: java.lang.reflect.InvocationTargetException
----------------- testing (KnownFailure) /home/travis/build/icyphy/ptII/ptolemy/domains/de/test/auto/knownFailedTests/dependencyLoop.xml
2 ms. Memory: 647168K Free: 430245K (66%)
Known Failure: java.lang.reflect.InvocationTargetException
----------------- testing (KnownFailure) /home/travis/build/icyphy/ptII/ptolemy/domains/de/test/auto/knownFailedTests/dependencyLoop2.xml
2 ms. Memory: 647168K Free: 373755K (58%)
Known Failure: java.lang.reflect.InvocationTargetException
No auto/linux-amd64/*.xml tests in /home/travis/build/icyphy/ptII/ptolemy/domains/de/test
AutoTests.java: About to close Vertx.
AutoTests.java: Vertx closed.

===========================================================================================
----------------- testing Thu Sep 27 02:19:16 UTC 2018 /home/travis/build/icyphy/ptII/ptolemy/domains/de/test/auto/ActorDepthCalculation_actorWithoutPorts.xml
----------------- Instantiating /home/travis/build/icyphy/ptII/ptolemy/domains/de/test/auto/ActorDepthCalculation_actorWithoutPorts.xml
2 ms. Memory: 647168K Free: 317281K (49%)
----------------- Invoking toplevel() on ptolemy.moml.MoMLSimpleApplication@2a942525
----------------- Done invoking toplevel() on ptolemy.moml.MoMLSimpleApplication@2a942525
reloadAllAccessors: .ActorDepthCalculation_actorWithoutPorts

===========================================================================================
----------------- testing Thu Sep 27 02:19:16 UTC 2018 /home/travis/build/icyphy/ptII/ptolemy/domains/de/test/auto/AssemblyLine.xml
----------------- Instantiating /home/travis/build/icyphy/ptII/ptolemy/domains/de/test/auto/AssemblyLine.xml
2 ms. Memory: 647168K Free: 294692K (46%)
----------------- Invoking toplevel() on ptolemy.moml.MoMLSimpleApplication@6b34076d
----------------- Done invoking toplevel() on ptolemy.moml.MoMLSimpleApplication@6b34076d
reloadAllAccessors: .AssemblyLine

===========================================================================================
----------------- testing Thu Sep 27 02:19:16 UTC 2018 /home/travis/build/icyphy/ptII/ptolemy/domains/de/test/auto/CQBug1.xml
----------------- Instantiating /home/travis/build/icyphy/ptII/ptolemy/domains/de/test/auto/CQBug1.xml
1 ms. Memory: 647168K Free: 272102K (42%)
----------------- Invoking toplevel() on ptolemy.moml.MoMLSimpleApplication@2663f5e1
----------------- Done invoking toplevel() on ptolemy.moml.MoMLSimpleApplication@2663f5e1
reloadAllAccessors: .CQBug1

===========================================================================================
----------------- testing Thu Sep 27 02:19:16 UTC 2018 /home/travis/build/icyphy/ptII/ptolemy/domains/de/test/auto/CancelFireAt.xml
----------------- Instantiating /home/travis/build/icyphy/ptII/ptolemy/domains/de/test/auto/CancelFireAt.xml
1 ms. Memory: 647168K Free: 249513K (39%)
----------------- Invoking toplevel() on ptolemy.moml.MoMLSimpleApplication@70c3212d
----------------- Done invoking toplevel() on ptolemy.moml.MoMLSimpleApplication@70c3212d
reloadAllAccessors: .CancelFireAt

===========================================================================================
----------------- testing Thu Sep 27 02:19:16 UTC 2018 /home/travis/build/icyphy/ptII/ptolemy/domains/de/test/auto/CausalityAndComposabilityAnalysis.xml
----------------- Instantiating /home/travis/build/icyphy/ptII/ptolemy/domains/de/test/auto/CausalityAndComposabilityAnalysis.xml
2 ms. Memory: 647168K Free: 226923K (35%)
----------------- Invoking toplevel() on ptolemy.moml.MoMLSimpleApplication@547c6a25
----------------- Done invoking toplevel() on ptolemy.moml.MoMLSimpleApplication@547c6a25
reloadAllAccessors: .CausalityAndComposabilityAnalysis

===========================================================================================
----------------- testing Thu Sep 27 02:19:16 UTC 2018 /home/travis/build/icyphy/ptII/ptolemy/domains/de/test/auto/CausalityInterface1.xml
----------------- Instantiating /home/travis/build/icyphy/ptII/ptolemy/domains/de/test/auto/CausalityInterface1.xml
3 ms. Memory: 647168K Free: 204334K (32%)
----------------- Invoking toplevel() on ptolemy.moml.MoMLSimpleApplication@3424be18
----------------- Done invoking toplevel() on ptolemy.moml.MoMLSimpleApplication@3424be18
reloadAllAccessors: .CausalityInterface1

===========================================================================================
----------------- testing Thu Sep 27 02:19:16 UTC 2018 /home/travis/build/icyphy/ptII/ptolemy/domains/de/test/auto/CausalityInterface15.xml
----------------- Instantiating /home/travis/build/icyphy/ptII/ptolemy/domains/de/test/auto/CausalityInterface15.xml
2 ms. Memory: 647168K Free: 181745K (28%)
----------------- Invoking toplevel() on ptolemy.moml.MoMLSimpleApplication@3f8fff82
----------------- Done invoking toplevel() on ptolemy.moml.MoMLSimpleApplication@3f8fff82
reloadAllAccessors: .CausalityInterface15

[...]
java.lang.RuntimeException: Execution failed
	at ptolemy.moml.MoMLSimpleApplication$UnloadThread.run(MoMLSimpleApplication.java:402)
Caused by: ptolemy.kernel.util.IllegalActionException: Test fails in iteration 1.
Value was: 1.0. Should have been: 2.0
  in .DirectFeedback.Test
	at ptolemy.actor.lib.Test.fire(Test.java:268)
	at ptolemy.domains.de.kernel.DEDirector._fire(DEDirector.java:1949)
	at ptolemy.domains.de.kernel.DEDirector.fire(DEDirector.java:502)
	at ptolemy.actor.CompositeActor.fire(CompositeActor.java:455)
	at ptolemy.actor.Manager.iterate(Manager.java:851)
	at ptolemy.actor.Manager.execute(Manager.java:369)
	at ptolemy.actor.Manager.run(Manager.java:1263)
	at ptolemy.actor.Manager$PtolemyRunThread.run(Manager.java:1915)
java.lang.RuntimeException: Execution failed
	at ptolemy.moml.MoMLSimpleApplication$UnloadThread.run(MoMLSimpleApplication.java:402)
Caused by: ptolemy.kernel.util.IllegalActionException: Actor is not ready to fire.  Perhaps UpSample.prefire() returned false? Try debugging the actor by selecting "Listen to Actor".  Also, for SDF check moml for tokenConsumptionRate on input.
  in .DESDFClockTest.Play Bell.Copy1:SDF Director and .DESDFClockTest.Play Bell.UpSample
	at ptolemy.actor.sched.StaticSchedulingDirector.fire(StaticSchedulingDirector.java:227)
	at ptolemy.domains.sdf.kernel.SDFDirector.fire(SDFDirector.java:500)
	at ptolemy.actor.CompositeActor.fire(CompositeActor.java:455)
	at ptolemy.domains.de.kernel.DEDirector._fire(DEDirector.java:1949)
	at ptolemy.domains.de.kernel.DEDirector.fire(DEDirector.java:502)
	at ptolemy.actor.CompositeActor.fire(CompositeActor.java:455)
	at ptolemy.actor.Manager.iterate(Manager.java:851)
	at ptolemy.actor.Manager.execute(Manager.java:369)
	at ptolemy.actor.Manager.run(Manager.java:1263)
	at ptolemy.actor.Manager$PtolemyRunThread.run(Manager.java:1915)
java.lang.reflect.InvocationTargetException
	at sun.reflect.NativeConstructorAccessorImpl.newInstance0(Native Method)
	at sun.reflect.NativeConstructorAccessorImpl.newInstance(NativeConstructorAccessorImpl.java:62)
	at sun.reflect.DelegatingConstructorAccessorImpl.newInstance(DelegatingConstructorAccessorImpl.java:45)
	at java.lang.reflect.Constructor.newInstance(Constructor.java:423)
	at ptolemy.util.test.junit.AutoKnownFailedTests.RunModel(AutoKnownFailedTests.java:107)
	at sun.reflect.NativeMethodAccessorImpl.invoke0(Native Method)
	at sun.reflect.NativeMethodAccessorImpl.invoke(NativeMethodAccessorImpl.java:62)
	at sun.reflect.DelegatingMethodAccessorImpl.invoke(DelegatingMethodAccessorImpl.java:43)
	at java.lang.reflect.Method.invoke(Method.java:498)
	at org.junit.runners.model.FrameworkMethod$1.runReflectiveCall(FrameworkMethod.java:44)
	at org.junit.internal.runners.model.ReflectiveCallable.run(ReflectiveCallable.java:15)
	at org.junit.runners.model.FrameworkMethod.invokeExplosively(FrameworkMethod.java:41)
	at junitparams.internal.InvokeParameterisedMethod.evaluate(InvokeParameterisedMethod.java:102)
	at org.junit.internal.runners.statements.FailOnTimeout$1.run(FailOnTimeout.java:28)
Caused by: ptolemy.kernel.util.IllegalActionException: Actor is not ready to fire.  Perhaps UpSample.prefire() returned false? Try debugging the actor by selecting "Listen to Actor".  Also, for SDF check moml for tokenConsumptionRate on input.
  in .DESDFClockTest.Play Bell.Copy1:SDF Director and .DESDFClockTest.Play Bell.UpSample
	at ptolemy.actor.sched.StaticSchedulingDirector.fire(StaticSchedulingDirector.java:227)
	at ptolemy.domains.sdf.kernel.SDFDirector.fire(SDFDirector.java:500)
	at ptolemy.actor.CompositeActor.fire(CompositeActor.java:455)
	at ptolemy.domains.de.kernel.DEDirector._fire(DEDirector.java:1949)
	at ptolemy.domains.de.kernel.DEDirector.fire(DEDirector.java:502)
	at ptolemy.actor.CompositeActor.fire(CompositeActor.java:455)
	at ptolemy.actor.Manager.iterate(Manager.java:851)
	at ptolemy.actor.Manager.execute(Manager.java:369)
	at ptolemy.actor.Manager.run(Manager.java:1263)
	at ptolemy.actor.Manager$PtolemyRunThread.run(Manager.java:1915)
java.lang.RuntimeException: Execution failed
	at ptolemy.moml.MoMLSimpleApplication$UnloadThread.run(MoMLSimpleApplication.java:402)
Caused by: ptolemy.kernel.util.IllegalActionException: Test fails in iteration 1.
Value was: 1.0. Should have been: 2.0
  in .DirectFeedback.Test
	at ptolemy.actor.lib.Test.fire(Test.java:268)
	at ptolemy.domains.de.kernel.DEDirector._fire(DEDirector.java:1949)
	at ptolemy.domains.de.kernel.DEDirector.fire(DEDirector.java:502)
	at ptolemy.actor.CompositeActor.fire(CompositeActor.java:455)
	at ptolemy.actor.Manager.iterate(Manager.java:851)
	at ptolemy.actor.Manager.execute(Manager.java:369)
	at ptolemy.actor.Manager.run(Manager.java:1263)
	at ptolemy.actor.Manager$PtolemyRunThread.run(Manager.java:1915)
java.lang.reflect.InvocationTargetException
	at sun.reflect.NativeConstructorAccessorImpl.newInstance0(Native Method)
	at sun.reflect.NativeConstructorAccessorImpl.newInstance(NativeConstructorAccessorImpl.java:62)
	at sun.reflect.DelegatingConstructorAccessorImpl.newInstance(DelegatingConstructorAccessorImpl.java:45)
	at java.lang.reflect.Constructor.newInstance(Constructor.java:423)
	at ptolemy.util.test.junit.AutoKnownFailedTests.RunModel(AutoKnownFailedTests.java:107)
	at sun.reflect.NativeMethodAccessorImpl.invoke0(Native Method)
	at sun.reflect.NativeMethodAccessorImpl.invoke(NativeMethodAccessorImpl.java:62)
	at sun.reflect.DelegatingMethodAccessorImpl.invoke(DelegatingMethodAccessorImpl.java:43)
	at java.lang.reflect.Method.invoke(Method.java:498)
	at org.junit.runners.model.FrameworkMethod$1.runReflectiveCall(FrameworkMethod.java:44)
	at org.junit.internal.runners.model.ReflectiveCallable.run(ReflectiveCallable.java:15)
	at org.junit.runners.model.FrameworkMethod.invokeExplosively(FrameworkMethod.java:41)
	at junitparams.internal.InvokeParameterisedMethod.evaluate(InvokeParameterisedMethod.java:102)
	at org.junit.internal.runners.statements.FailOnTimeout$1.run(FailOnTimeout.java:28)
Caused by: ptolemy.kernel.util.IllegalActionException: Test fails in iteration 1.
Value was: 1.0. Should have been: 2.0
  in .DirectFeedback.Test
	at ptolemy.actor.lib.Test.fire(Test.java:268)
	at ptolemy.domains.de.kernel.DEDirector._fire(DEDirector.java:1949)
	at ptolemy.domains.de.kernel.DEDirector.fire(DEDirector.java:502)
	at ptolemy.actor.CompositeActor.fire(CompositeActor.java:455)
	at ptolemy.actor.Manager.iterate(Manager.java:851)
	at ptolemy.actor.Manager.execute(Manager.java:369)
	at ptolemy.actor.Manager.run(Manager.java:1263)
	at ptolemy.actor.Manager$PtolemyRunThread.run(Manager.java:1915)
java.lang.RuntimeException: Execution failed
	at ptolemy.moml.MoMLSimpleApplication$UnloadThread.run(MoMLSimpleApplication.java:402)
Caused by: ptolemy.kernel.util.IllegalActionException: Found a zero delay loop containing .HierarchicalModel.A
  in .HierarchicalModel and .HierarchicalModel.A
	at ptolemy.actor.util.CausalityInterfaceForComposites._computeOutputPortDepth(CausalityInterfaceForComposites.java:759)
	at ptolemy.actor.util.CausalityInterfaceForComposites._computeInputDepth(CausalityInterfaceForComposites.java:696)
	at ptolemy.actor.util.CausalityInterfaceForComposites._computeOutputPortDepth(CausalityInterfaceForComposites.java:765)
	at ptolemy.actor.util.CausalityInterfaceForComposites._computeInputDepth(CausalityInterfaceForComposites.java:696)
	at ptolemy.actor.util.CausalityInterfaceForComposites._computeOutputPortDepth(CausalityInterfaceForComposites.java:765)
	at ptolemy.actor.util.CausalityInterfaceForComposites._computeInputDepth(CausalityInterfaceForComposites.java:696)
	at ptolemy.actor.util.CausalityInterfaceForComposites._computeActorDepth(CausalityInterfaceForComposites.java:532)
	at ptolemy.actor.util.CausalityInterfaceForComposites.checkForCycles(CausalityInterfaceForComposites.java:96)
	at ptolemy.domains.de.kernel.DEDirector.preinitialize(DEDirector.java:1338)
	at ptolemy.actor.CompositeActor.preinitialize(CompositeActor.java:1828)
	at ptolemy.actor.Manager.preinitializeAndResolveTypes(Manager.java:1040)
	at ptolemy.actor.Manager.initialize(Manager.java:710)
	at ptolemy.actor.Manager.execute(Manager.java:356)
	at ptolemy.actor.Manager.run(Manager.java:1263)
	at ptolemy.actor.Manager$PtolemyRunThread.run(Manager.java:1915)
java.lang.reflect.InvocationTargetException
	at sun.reflect.NativeConstructorAccessorImpl.newInstance0(Native Method)
	at sun.reflect.NativeConstructorAccessorImpl.newInstance(NativeConstructorAccessorImpl.java:62)
	at sun.reflect.DelegatingConstructorAccessorImpl.newInstance(DelegatingConstructorAccessorImpl.java:45)
	at java.lang.reflect.Constructor.newInstance(Constructor.java:423)
	at ptolemy.util.test.junit.AutoKnownFailedTests.RunModel(AutoKnownFailedTests.java:107)
	at sun.reflect.NativeMethodAccessorImpl.invoke0(Native Method)
	at sun.reflect.NativeMethodAccessorImpl.invoke(NativeMethodAccessorImpl.java:62)
	at sun.reflect.DelegatingMethodAccessorImpl.invoke(DelegatingMethodAccessorImpl.java:43)
	at java.lang.reflect.Method.invoke(Method.java:498)
	at org.junit.runners.model.FrameworkMethod$1.runReflectiveCall(FrameworkMethod.java:44)
	at org.junit.internal.runners.model.ReflectiveCallable.run(ReflectiveCallable.java:15)
	at org.junit.runners.model.FrameworkMethod.invokeExplosively(FrameworkMethod.java:41)
	at junitparams.internal.InvokeParameterisedMethod.evaluate(InvokeParameterisedMethod.java:102)
	at org.junit.internal.runners.statements.FailOnTimeout$1.run(FailOnTimeout.java:28)
Caused by: ptolemy.kernel.util.IllegalActionException: Found a zero delay loop containing .HierarchicalModel.A
  in .HierarchicalModel and .HierarchicalModel.A
	at ptolemy.actor.util.CausalityInterfaceForComposites._computeOutputPortDepth(CausalityInterfaceForComposites.java:759)
	at ptolemy.actor.util.CausalityInterfaceForComposites._computeInputDepth(CausalityInterfaceForComposites.java:696)
	at ptolemy.actor.util.CausalityInterfaceForComposites._computeOutputPortDepth(CausalityInterfaceForComposites.java:765)
	at ptolemy.actor.util.CausalityInterfaceForComposites._computeInputDepth(CausalityInterfaceForComposites.java:696)
	at ptolemy.actor.util.CausalityInterfaceForComposites._computeOutputPortDepth(CausalityInterfaceForComposites.java:765)
	at ptolemy.actor.util.CausalityInterfaceForComposites._computeInputDepth(CausalityInterfaceForComposites.java:696)
	at ptolemy.actor.util.CausalityInterfaceForComposites._computeActorDepth(CausalityInterfaceForComposites.java:532)
	at ptolemy.actor.util.CausalityInterfaceForComposites.checkForCycles(CausalityInterfaceForComposites.java:96)
	at ptolemy.domains.de.kernel.DEDirector.preinitialize(DEDirector.java:1338)
	at ptolemy.actor.CompositeActor.preinitialize(CompositeActor.java:1828)
	at ptolemy.actor.Manager.preinitializeAndResolveTypes(Manager.java:1040)
	at ptolemy.actor.Manager.initialize(Manager.java:710)
	at ptolemy.actor.Manager.execute(Manager.java:356)
	at ptolemy.actor.Manager.run(Manager.java:1263)
	at ptolemy.actor.Manager$PtolemyRunThread.run(Manager.java:1915)
java.lang.RuntimeException: Execution failed
	at ptolemy.moml.MoMLSimpleApplication$UnloadThread.run(MoMLSimpleApplication.java:402)
Caused by: ptolemy.kernel.util.IllegalActionException: Found a zero delay loop containing .dependencyLoop.original
  in .dependencyLoop and .dependencyLoop.original
	at ptolemy.actor.util.CausalityInterfaceForComposites._computeOutputPortDepth(CausalityInterfaceForComposites.java:759)
	at ptolemy.actor.util.CausalityInterfaceForComposites._computeInputDepth(CausalityInterfaceForComposites.java:696)
	at ptolemy.actor.util.CausalityInterfaceForComposites._computeOutputPortDepth(CausalityInterfaceForComposites.java:765)
	at ptolemy.actor.util.CausalityInterfaceForComposites._computeInputDepth(CausalityInterfaceForComposites.java:696)
	at ptolemy.actor.util.CausalityInterfaceForComposites._computeOutputPortDepth(CausalityInterfaceForComposites.java:765)
	at ptolemy.actor.util.CausalityInterfaceForComposites._computeInputDepth(CausalityInterfaceForComposites.java:696)
	at ptolemy.actor.util.CausalityInterfaceForComposites._computeActorDepth(CausalityInterfaceForComposites.java:532)
	at ptolemy.actor.util.CausalityInterfaceForComposites.checkForCycles(CausalityInterfaceForComposites.java:96)
	at ptolemy.domains.de.kernel.DEDirector.preinitialize(DEDirector.java:1338)
	at ptolemy.actor.CompositeActor.preinitialize(CompositeActor.java:1828)
	at ptolemy.actor.Manager.preinitializeAndResolveTypes(Manager.java:1040)
	at ptolemy.actor.Manager.initialize(Manager.java:710)
	at ptolemy.actor.Manager.execute(Manager.java:356)
	at ptolemy.actor.Manager.run(Manager.java:1263)
	at ptolemy.actor.Manager$PtolemyRunThread.run(Manager.java:1915)
java.lang.reflect.InvocationTargetException
	at sun.reflect.NativeConstructorAccessorImpl.newInstance0(Native Method)
	at sun.reflect.NativeConstructorAccessorImpl.newInstance(NativeConstructorAccessorImpl.java:62)
	at sun.reflect.DelegatingConstructorAccessorImpl.newInstance(DelegatingConstructorAccessorImpl.java:45)
	at java.lang.reflect.Constructor.newInstance(Constructor.java:423)
	at ptolemy.util.test.junit.AutoKnownFailedTests.RunModel(AutoKnownFailedTests.java:107)
	at sun.reflect.NativeMethodAccessorImpl.invoke0(Native Method)
	at sun.reflect.NativeMethodAccessorImpl.invoke(NativeMethodAccessorImpl.java:62)
	at sun.reflect.DelegatingMethodAccessorImpl.invoke(DelegatingMethodAccessorImpl.java:43)
	at java.lang.reflect.Method.invoke(Method.java:498)
	at org.junit.runners.model.FrameworkMethod$1.runReflectiveCall(FrameworkMethod.java:44)
	at org.junit.internal.runners.model.ReflectiveCallable.run(ReflectiveCallable.java:15)
	at org.junit.runners.model.FrameworkMethod.invokeExplosively(FrameworkMethod.java:41)
	at junitparams.internal.InvokeParameterisedMethod.evaluate(InvokeParameterisedMethod.java:102)
	at org.junit.internal.runners.statements.FailOnTimeout$1.run(FailOnTimeout.java:28)
Caused by: ptolemy.kernel.util.IllegalActionException: Found a zero delay loop containing .dependencyLoop.original
  in .dependencyLoop and .dependencyLoop.original
	at ptolemy.actor.util.CausalityInterfaceForComposites._computeOutputPortDepth(CausalityInterfaceForComposites.java:759)
	at ptolemy.actor.util.CausalityInterfaceForComposites._computeInputDepth(CausalityInterfaceForComposites.java:696)
	at ptolemy.actor.util.CausalityInterfaceForComposites._computeOutputPortDepth(CausalityInterfaceForComposites.java:765)
	at ptolemy.actor.util.CausalityInterfaceForComposites._computeInputDepth(CausalityInterfaceForComposites.java:696)
	at ptolemy.actor.util.CausalityInterfaceForComposites._computeOutputPortDepth(CausalityInterfaceForComposites.java:765)
	at ptolemy.actor.util.CausalityInterfaceForComposites._computeInputDepth(CausalityInterfaceForComposites.java:696)
	at ptolemy.actor.util.CausalityInterfaceForComposites._computeActorDepth(CausalityInterfaceForComposites.java:532)
	at ptolemy.actor.util.CausalityInterfaceForComposites.checkForCycles(CausalityInterfaceForComposites.java:96)
	at ptolemy.domains.de.kernel.DEDirector.preinitialize(DEDirector.java:1338)
	at ptolemy.actor.CompositeActor.preinitialize(CompositeActor.java:1828)
	at ptolemy.actor.Manager.preinitializeAndResolveTypes(Manager.java:1040)
	at ptolemy.actor.Manager.initialize(Manager.java:710)
	at ptolemy.actor.Manager.execute(Manager.java:356)
	at ptolemy.actor.Manager.run(Manager.java:1263)
	at ptolemy.actor.Manager$PtolemyRunThread.run(Manager.java:1915)
java.lang.RuntimeException: Execution failed
	at ptolemy.moml.MoMLSimpleApplication$UnloadThread.run(MoMLSimpleApplication.java:402)
Caused by: ptolemy.kernel.util.IllegalActionException: Found a zero delay loop containing .dependencyLoop2.original
  in .dependencyLoop2 and .dependencyLoop2.original
	at ptolemy.actor.util.CausalityInterfaceForComposites._computeOutputPortDepth(CausalityInterfaceForComposites.java:759)
	at ptolemy.actor.util.CausalityInterfaceForComposites._computeInputDepth(CausalityInterfaceForComposites.java:696)
	at ptolemy.actor.util.CausalityInterfaceForComposites._computeOutputPortDepth(CausalityInterfaceForComposites.java:765)
	at ptolemy.actor.util.CausalityInterfaceForComposites._computeInputDepth(CausalityInterfaceForComposites.java:696)
	at ptolemy.actor.util.CausalityInterfaceForComposites._computeOutputPortDepth(CausalityInterfaceForComposites.java:765)
	at ptolemy.actor.util.CausalityInterfaceForComposites._computeInputDepth(CausalityInterfaceForComposites.java:696)
	at ptolemy.actor.util.CausalityInterfaceForComposites._computeActorDepth(CausalityInterfaceForComposites.java:532)
	at ptolemy.actor.util.CausalityInterfaceForComposites.checkForCycles(CausalityInterfaceForComposites.java:96)
	at ptolemy.domains.de.kernel.DEDirector.preinitialize(DEDirector.java:1338)
	at ptolemy.actor.CompositeActor.preinitialize(CompositeActor.java:1828)
	at ptolemy.actor.Manager.preinitializeAndResolveTypes(Manager.java:1040)
	at ptolemy.actor.Manager.initialize(Manager.java:710)
	at ptolemy.actor.Manager.execute(Manager.java:356)
	at ptolemy.actor.Manager.run(Manager.java:1263)
	at ptolemy.actor.Manager$PtolemyRunThread.run(Manager.java:1915)
java.lang.reflect.InvocationTargetException
	at sun.reflect.NativeConstructorAccessorImpl.newInstance0(Native Method)
	at sun.reflect.NativeConstructorAccessorImpl.newInstance(NativeConstructorAccessorImpl.java:62)
	at sun.reflect.DelegatingConstructorAccessorImpl.newInstance(DelegatingConstructorAccessorImpl.java:45)
	at java.lang.reflect.Constructor.newInstance(Constructor.java:423)
	at ptolemy.util.test.junit.AutoKnownFailedTests.RunModel(AutoKnownFailedTests.java:107)
	at sun.reflect.NativeMethodAccessorImpl.invoke0(Native Method)
	at sun.reflect.NativeMethodAccessorImpl.invoke(NativeMethodAccessorImpl.java:62)
	at sun.reflect.DelegatingMethodAccessorImpl.invoke(DelegatingMethodAccessorImpl.java:43)
	at java.lang.reflect.Method.invoke(Method.java:498)
	at org.junit.runners.model.FrameworkMethod$1.runReflectiveCall(FrameworkMethod.java:44)
	at org.junit.internal.runners.model.ReflectiveCallable.run(ReflectiveCallable.java:15)
	at org.junit.runners.model.FrameworkMethod.invokeExplosively(FrameworkMethod.java:41)
	at junitparams.internal.InvokeParameterisedMethod.evaluate(InvokeParameterisedMethod.java:102)
	at org.junit.internal.runners.statements.FailOnTimeout$1.run(FailOnTimeout.java:28)
Caused by: ptolemy.kernel.util.IllegalActionException: Found a zero delay loop containing .dependencyLoop2.original
  in .dependencyLoop2 and .dependencyLoop2.original
	at ptolemy.actor.util.CausalityInterfaceForComposites._computeOutputPortDepth(CausalityInterfaceForComposites.java:759)
	at ptolemy.actor.util.CausalityInterfaceForComposites._computeInputDepth(CausalityInterfaceForComposites.java:696)
	at ptolemy.actor.util.CausalityInterfaceForComposites._computeOutputPortDepth(CausalityInterfaceForComposites.java:765)
	at ptolemy.actor.util.CausalityInterfaceForComposites._computeInputDepth(CausalityInterfaceForComposites.java:696)
	at ptolemy.actor.util.CausalityInterfaceForComposites._computeOutputPortDepth(CausalityInterfaceForComposites.java:765)
	at ptolemy.actor.util.CausalityInterfaceForComposites._computeInputDepth(CausalityInterfaceForComposites.java:696)
	at ptolemy.actor.util.CausalityInterfaceForComposites._computeActorDepth(CausalityInterfaceForComposites.java:532)
	at ptolemy.actor.util.CausalityInterfaceForComposites.checkForCycles(CausalityInterfaceForComposites.java:96)
	at ptolemy.domains.de.kernel.DEDirector.preinitialize(DEDirector.java:1338)
	at ptolemy.actor.CompositeActor.preinitialize(CompositeActor.java:1828)
	at ptolemy.actor.Manager.preinitializeAndResolveTypes(Manager.java:1040)
	at ptolemy.actor.Manager.initialize(Manager.java:710)
	at ptolemy.actor.Manager.execute(Manager.java:356)
	at ptolemy.actor.Manager.run(Manager.java:1263)
	at ptolemy.actor.Manager$PtolemyRunThread.run(Manager.java:1915)
]]></system-err>
</testsuite>
