<?xml version="1.0" encoding="UTF-8" ?>
<testsuite errors="0" failures="0" hostname="travis-job-e4c0bd0f-3805-409a-8a52-b0f8865d3737" name="ptolemy.domains.continuous.test.junit.JUnitTclTest" skipped="0" tests="156" time="76.904" timestamp="2019-09-12T05:34:15">
  <properties>
[...]
</properties>
  <testcase classname="ptolemy.util.test.junit.TclTests" name="[0] ThereAreNoTclTests (RunTclFile)" time="0.014" />
  <testcase classname="ptolemy.util.test.junit.AutoKnownFailedTests" name="[0] ThereAreNoKnowFailedTests (RunModel)" time="0.005" />
  <testcase classname="ptolemy.util.test.junit.AutoNameArchTests" name="[0] ThereAreNoAutoArchTests (RunModel)" time="0.021" />
  <testcase classname="ptolemy.util.test.junit.AutoTests" name="[0] /home/travis/build/icyphy/ptII/ptolemy/domains/continuous/test/auto/BouncingBall.xml (RunModel)" time="3.141" />
  <testcase classname="ptolemy.util.test.junit.AutoTests" name="[1] /home/travis/build/icyphy/ptII/ptolemy/domains/continuous/test/auto/BouncingBallWithoutGR.xml (RunModel)" time="1.046" />
  <testcase classname="ptolemy.util.test.junit.AutoTests" name="[2] /home/travis/build/icyphy/ptII/ptolemy/domains/continuous/test/auto/Brownian.xml (RunModel)" time="0.119" />
  <testcase classname="ptolemy.util.test.junit.AutoTests" name="[3] /home/travis/build/icyphy/ptII/ptolemy/domains/continuous/test/auto/CarTracking.xml (RunModel)" time="4.174" />
  <testcase classname="ptolemy.util.test.junit.AutoTests" name="[4] /home/travis/build/icyphy/ptII/ptolemy/domains/continuous/test/auto/CartPendulum.xml (RunModel)" time="0.486" />
  <testcase classname="ptolemy.util.test.junit.AutoTests" name="[5] /home/travis/build/icyphy/ptII/ptolemy/domains/continuous/test/auto/CausalityInterface10.xml (RunModel)" time="0.064" />
  <testcase classname="ptolemy.util.test.junit.AutoTests" name="[6] /home/travis/build/icyphy/ptII/ptolemy/domains/continuous/test/auto/CausalityInterface11.xml (RunModel)" time="0.034" />
  <testcase classname="ptolemy.util.test.junit.AutoTests" name="[7] /home/travis/build/icyphy/ptII/ptolemy/domains/continuous/test/auto/CausalityInterface12.xml (RunModel)" time="0.036" />
  <testcase classname="ptolemy.util.test.junit.AutoTests" name="[8] /home/travis/build/icyphy/ptII/ptolemy/domains/continuous/test/auto/CausalityInterface13.xml (RunModel)" time="0.038" />
  <testcase classname="ptolemy.util.test.junit.AutoTests" name="[9] /home/travis/build/icyphy/ptII/ptolemy/domains/continuous/test/auto/CausalityInterface14.xml (RunModel)" time="0.026" />
  <testcase classname="ptolemy.util.test.junit.AutoTests" name="[10] /home/travis/build/icyphy/ptII/ptolemy/domains/continuous/test/auto/CausalityInterface4.xml (RunModel)" time="0.043" />
  <testcase classname="ptolemy.util.test.junit.AutoTests" name="[11] /home/travis/build/icyphy/ptII/ptolemy/domains/continuous/test/auto/CausalityInterface5.xml (RunModel)" time="0.046" />
  <testcase classname="ptolemy.util.test.junit.AutoTests" name="[12] /home/travis/build/icyphy/ptII/ptolemy/domains/continuous/test/auto/CausalityInterface6.xml (RunModel)" time="0.023" />
  <testcase classname="ptolemy.util.test.junit.AutoTests" name="[13] /home/travis/build/icyphy/ptII/ptolemy/domains/continuous/test/auto/CausalityInterface7.xml (RunModel)" time="0.04" />
  <testcase classname="ptolemy.util.test.junit.AutoTests" name="[14] /home/travis/build/icyphy/ptII/ptolemy/domains/continuous/test/auto/CausalityInterface8.xml (RunModel)" time="0.032" />
  <testcase classname="ptolemy.util.test.junit.AutoTests" name="[15] /home/travis/build/icyphy/ptII/ptolemy/domains/continuous/test/auto/CausalityInterface9.xml (RunModel)" time="0.052" />
  <testcase classname="ptolemy.util.test.junit.AutoTests" name="[16] /home/travis/build/icyphy/ptII/ptolemy/domains/continuous/test/auto/CausalityInterfaceFeedback1.xml (RunModel)" time="0.033" />
  <testcase classname="ptolemy.util.test.junit.AutoTests" name="[17] /home/travis/build/icyphy/ptII/ptolemy/domains/continuous/test/auto/CausalityInterfaceFeedback2.xml (RunModel)" time="0.031" />
  <testcase classname="ptolemy.util.test.junit.AutoTests" name="[18] /home/travis/build/icyphy/ptII/ptolemy/domains/continuous/test/auto/CompareWithCurrentTime.xml (RunModel)" time="0.022" />
  <testcase classname="ptolemy.util.test.junit.AutoTests" name="[19] /home/travis/build/icyphy/ptII/ptolemy/domains/continuous/test/auto/ComparedClocks.xml (RunModel)" time="0.076" />
  <testcase classname="ptolemy.util.test.junit.AutoTests" name="[20] /home/travis/build/icyphy/ptII/ptolemy/domains/continuous/test/auto/ContinuousAOCClone.xml (RunModel)" time="2.974" />
  <testcase classname="ptolemy.util.test.junit.AutoTests" name="[21] /home/travis/build/icyphy/ptII/ptolemy/domains/continuous/test/auto/ContinuousClock.xml (RunModel)" time="0.089" />
  <testcase classname="ptolemy.util.test.junit.AutoTests" name="[22] /home/travis/build/icyphy/ptII/ptolemy/domains/continuous/test/auto/ContinuousInContinuous.xml (RunModel)" time="0.084" />
  <testcase classname="ptolemy.util.test.junit.AutoTests" name="[23] /home/travis/build/icyphy/ptII/ptolemy/domains/continuous/test/auto/ContinuousInContinuousInContinuous.xml (RunModel)" time="0.035" />
  <testcase classname="ptolemy.util.test.junit.AutoTests" name="[24] /home/travis/build/icyphy/ptII/ptolemy/domains/continuous/test/auto/ContinuousInDE.xml (RunModel)" time="0.133" />
  <testcase classname="ptolemy.util.test.junit.AutoTests" name="[25] /home/travis/build/icyphy/ptII/ptolemy/domains/continuous/test/auto/ContinuousInDE2.xml (RunModel)" time="0.062" />
  <testcase classname="ptolemy.util.test.junit.AutoTests" name="[26] /home/travis/build/icyphy/ptII/ptolemy/domains/continuous/test/auto/ContinuousInDE3.xml (RunModel)" time="0.058" />
  <testcase classname="ptolemy.util.test.junit.AutoTests" name="[27] /home/travis/build/icyphy/ptII/ptolemy/domains/continuous/test/auto/ContinuousInDE4.xml (RunModel)" time="0.034" />
  <testcase classname="ptolemy.util.test.junit.AutoTests" name="[28] /home/travis/build/icyphy/ptII/ptolemy/domains/continuous/test/auto/ContinuousInDEDifferentRefinements.xml (RunModel)" time="0.091" />
  <testcase classname="ptolemy.util.test.junit.AutoTests" name="[29] /home/travis/build/icyphy/ptII/ptolemy/domains/continuous/test/auto/ContinuousInDEDifferentRefinementsPreemptive.xml (RunModel)" time="0.082" />
  <testcase classname="ptolemy.util.test.junit.AutoTests" name="[30] /home/travis/build/icyphy/ptII/ptolemy/domains/continuous/test/auto/ContinuousInDEInContinuous2.xml (RunModel)" time="0.063" />
  <testcase classname="ptolemy.util.test.junit.AutoTests" name="[31] /home/travis/build/icyphy/ptII/ptolemy/domains/continuous/test/auto/ContinuousInDEInContinuous3.xml (RunModel)" time="0.063" />
  <testcase classname="ptolemy.util.test.junit.AutoTests" name="[32] /home/travis/build/icyphy/ptII/ptolemy/domains/continuous/test/auto/ContinuousInDEInput.xml (RunModel)" time="0.036" />
  <testcase classname="ptolemy.util.test.junit.AutoTests" name="[33] /home/travis/build/icyphy/ptII/ptolemy/domains/continuous/test/auto/ContinuousInDEInput2.xml (RunModel)" time="0.039" />
  <testcase classname="ptolemy.util.test.junit.AutoTests" name="[34] /home/travis/build/icyphy/ptII/ptolemy/domains/continuous/test/auto/ContinuousInDEInput3.xml (RunModel)" time="0.034" />
  <testcase classname="ptolemy.util.test.junit.AutoTests" name="[35] /home/travis/build/icyphy/ptII/ptolemy/domains/continuous/test/auto/ContinuousInDESharingRefinement.xml (RunModel)" time="0.188" />
  <testcase classname="ptolemy.util.test.junit.AutoTests" name="[36] /home/travis/build/icyphy/ptII/ptolemy/domains/continuous/test/auto/ContinuousInDEwithNoPorts.xml (RunModel)" time="0.017" />
  <testcase classname="ptolemy.util.test.junit.AutoTests" name="[37] /home/travis/build/icyphy/ptII/ptolemy/domains/continuous/test/auto/ContinuousInsideDE.xml (RunModel)" time="0.098" />
  <testcase classname="ptolemy.util.test.junit.AutoTests" name="[38] /home/travis/build/icyphy/ptII/ptolemy/domains/continuous/test/auto/ContinuousMerge1.xml (RunModel)" time="0.023" />
  <testcase classname="ptolemy.util.test.junit.AutoTests" name="[39] /home/travis/build/icyphy/ptII/ptolemy/domains/continuous/test/auto/ContinuousMerge2.xml (RunModel)" time="0.045" />
  <testcase classname="ptolemy.util.test.junit.AutoTests" name="[40] /home/travis/build/icyphy/ptII/ptolemy/domains/continuous/test/auto/ContinuousMerge3.xml (RunModel)" time="0.072" />
  <testcase classname="ptolemy.util.test.junit.AutoTests" name="[41] /home/travis/build/icyphy/ptII/ptolemy/domains/continuous/test/auto/ContinuousWithinContinuous.xml (RunModel)" time="0.063" />
  <testcase classname="ptolemy.util.test.junit.AutoTests" name="[42] /home/travis/build/icyphy/ptII/ptolemy/domains/continuous/test/auto/ContinuousWithinContinuous2.xml (RunModel)" time="0.087" />
  <testcase classname="ptolemy.util.test.junit.AutoTests" name="[43] /home/travis/build/icyphy/ptII/ptolemy/domains/continuous/test/auto/ContinuousWithinContinuous3.xml (RunModel)" time="0.031" />
  <testcase classname="ptolemy.util.test.junit.AutoTests" name="[44] /home/travis/build/icyphy/ptII/ptolemy/domains/continuous/test/auto/ContinuousWithinContinuous4.xml (RunModel)" time="0.102" />
  <testcase classname="ptolemy.util.test.junit.AutoTests" name="[45] /home/travis/build/icyphy/ptII/ptolemy/domains/continuous/test/auto/ContinuousWithinContinuous5.xml (RunModel)" time="0.031" />
  <testcase classname="ptolemy.util.test.junit.AutoTests" name="[46] /home/travis/build/icyphy/ptII/ptolemy/domains/continuous/test/auto/ContinuousWithinContinuous6.xml (RunModel)" time="0.032" />
  <testcase classname="ptolemy.util.test.junit.AutoTests" name="[47] /home/travis/build/icyphy/ptII/ptolemy/domains/continuous/test/auto/ContinuousWithinContinuous7.xml (RunModel)" time="0.075" />
  <testcase classname="ptolemy.util.test.junit.AutoTests" name="[48] /home/travis/build/icyphy/ptII/ptolemy/domains/continuous/test/auto/DCMotor.xml (RunModel)" time="13.97" />
  <testcase classname="ptolemy.util.test.junit.AutoTests" name="[49] /home/travis/build/icyphy/ptII/ptolemy/domains/continuous/test/auto/DEInContinuous.xml (RunModel)" time="0.04" />
  <testcase classname="ptolemy.util.test.junit.AutoTests" name="[50] /home/travis/build/icyphy/ptII/ptolemy/domains/continuous/test/auto/DEinContinuous2.xml (RunModel)" time="0.027" />
  <testcase classname="ptolemy.util.test.junit.AutoTests" name="[51] /home/travis/build/icyphy/ptII/ptolemy/domains/continuous/test/auto/Derivative.xml (RunModel)" time="0.199" />
  <testcase classname="ptolemy.util.test.junit.AutoTests" name="[52] /home/travis/build/icyphy/ptII/ptolemy/domains/continuous/test/auto/Derivative1.xml (RunModel)" time="0.042" />
  <testcase classname="ptolemy.util.test.junit.AutoTests" name="[53] /home/travis/build/icyphy/ptII/ptolemy/domains/continuous/test/auto/DiscreteClock.xml (RunModel)" time="0.015" />
  <testcase classname="ptolemy.util.test.junit.AutoTests" name="[54] /home/travis/build/icyphy/ptII/ptolemy/domains/continuous/test/auto/EfficiencyCurve.xml (RunModel)" time="0.083" />
  <testcase classname="ptolemy.util.test.junit.AutoTests" name="[55] /home/travis/build/icyphy/ptII/ptolemy/domains/continuous/test/auto/ExponentialResponse.xml (RunModel)" time="0.131" />
  <testcase classname="ptolemy.util.test.junit.AutoTests" name="[56] /home/travis/build/icyphy/ptII/ptolemy/domains/continuous/test/auto/ExponentialResponseRK45.xml (RunModel)" time="0.036" />
  <testcase classname="ptolemy.util.test.junit.AutoTests" name="[57] /home/travis/build/icyphy/ptII/ptolemy/domains/continuous/test/auto/Friction.xml (RunModel)" time="1.635" />
  <testcase classname="ptolemy.util.test.junit.AutoTests" name="[58] /home/travis/build/icyphy/ptII/ptolemy/domains/continuous/test/auto/FurutaPendulum.xml (RunModel)" time="3.553" />
  <testcase classname="ptolemy.util.test.junit.AutoTests" name="[59] /home/travis/build/icyphy/ptII/ptolemy/domains/continuous/test/auto/HierarchicalExecution.xml (RunModel)" time="2.067" />
  <testcase classname="ptolemy.util.test.junit.AutoTests" name="[60] /home/travis/build/icyphy/ptII/ptolemy/domains/continuous/test/auto/HybridPlant.xml (RunModel)" time="0.597" />
  <testcase classname="ptolemy.util.test.junit.AutoTests" name="[61] /home/travis/build/icyphy/ptII/ptolemy/domains/continuous/test/auto/Hysteresis.xml (RunModel)" time="0.179" />
  <testcase classname="ptolemy.util.test.junit.AutoTests" name="[62] /home/travis/build/icyphy/ptII/ptolemy/domains/continuous/test/auto/HysteresisWithRandomDelay.xml (RunModel)" time="0.222" />
  <testcase classname="ptolemy.util.test.junit.AutoTests" name="[63] /home/travis/build/icyphy/ptII/ptolemy/domains/continuous/test/auto/HysteresisWithRandomLosses.xml (RunModel)" time="2.503" />
  <testcase classname="ptolemy.util.test.junit.AutoTests" name="[64] /home/travis/build/icyphy/ptII/ptolemy/domains/continuous/test/auto/ImmediateTransitions.xml (RunModel)" time="0.04" />
  <testcase classname="ptolemy.util.test.junit.AutoTests" name="[65] /home/travis/build/icyphy/ptII/ptolemy/domains/continuous/test/auto/ImpulseFeedback.xml (RunModel)" time="0.028" />
  <testcase classname="ptolemy.util.test.junit.AutoTests" name="[66] /home/travis/build/icyphy/ptII/ptolemy/domains/continuous/test/auto/ImpulseFeedback2.xml (RunModel)" time="0.021" />
  <testcase classname="ptolemy.util.test.junit.AutoTests" name="[67] /home/travis/build/icyphy/ptII/ptolemy/domains/continuous/test/auto/IncreasingRatePoisson.xml (RunModel)" time="0.774" />
  <testcase classname="ptolemy.util.test.junit.AutoTests" name="[68] /home/travis/build/icyphy/ptII/ptolemy/domains/continuous/test/auto/InitialStateFeedback.xml (RunModel)" time="0.023" />
  <testcase classname="ptolemy.util.test.junit.AutoTests" name="[69] /home/travis/build/icyphy/ptII/ptolemy/domains/continuous/test/auto/Integration.xml (RunModel)" time="0.011" />
  <testcase classname="ptolemy.util.test.junit.AutoTests" name="[70] /home/travis/build/icyphy/ptII/ptolemy/domains/continuous/test/auto/Integration2.xml (RunModel)" time="0.096" />
  <testcase classname="ptolemy.util.test.junit.AutoTests" name="[71] /home/travis/build/icyphy/ptII/ptolemy/domains/continuous/test/auto/Integration3.xml (RunModel)" time="0.012" />
  <testcase classname="ptolemy.util.test.junit.AutoTests" name="[72] /home/travis/build/icyphy/ptII/ptolemy/domains/continuous/test/auto/Integration5.xml (RunModel)" time="0.011" />
  <testcase classname="ptolemy.util.test.junit.AutoTests" name="[73] /home/travis/build/icyphy/ptII/ptolemy/domains/continuous/test/auto/IntegratorImpulse.xml (RunModel)" time="0.008" />
  <testcase classname="ptolemy.util.test.junit.AutoTests" name="[74] /home/travis/build/icyphy/ptII/ptolemy/domains/continuous/test/auto/IntegratorImpulse2.xml (RunModel)" time="0.024" />
  <testcase classname="ptolemy.util.test.junit.AutoTests" name="[75] /home/travis/build/icyphy/ptII/ptolemy/domains/continuous/test/auto/LevelCrossing1.xml (RunModel)" time="0.015" />
  <testcase classname="ptolemy.util.test.junit.AutoTests" name="[76] /home/travis/build/icyphy/ptII/ptolemy/domains/continuous/test/auto/LevelCrossing2.xml (RunModel)" time="0.02" />
  <testcase classname="ptolemy.util.test.junit.AutoTests" name="[77] /home/travis/build/icyphy/ptII/ptolemy/domains/continuous/test/auto/LevelCrossing3.xml (RunModel)" time="0.017" />
  <testcase classname="ptolemy.util.test.junit.AutoTests" name="[78] /home/travis/build/icyphy/ptII/ptolemy/domains/continuous/test/auto/LevelCrossing4.xml (RunModel)" time="0.014" />
  <testcase classname="ptolemy.util.test.junit.AutoTests" name="[79] /home/travis/build/icyphy/ptII/ptolemy/domains/continuous/test/auto/LevelCrossing5.xml (RunModel)" time="0.012" />
  <testcase classname="ptolemy.util.test.junit.AutoTests" name="[80] /home/travis/build/icyphy/ptII/ptolemy/domains/continuous/test/auto/LevelCrossing6.xml (RunModel)" time="0.011" />
  <testcase classname="ptolemy.util.test.junit.AutoTests" name="[81] /home/travis/build/icyphy/ptII/ptolemy/domains/continuous/test/auto/LevelCrossingDetector.xml (RunModel)" time="0.041" />
  <testcase classname="ptolemy.util.test.junit.AutoTests" name="[82] /home/travis/build/icyphy/ptII/ptolemy/domains/continuous/test/auto/LevelCrossingDetectorDetectingDirections.xml (RunModel)" time="0.091" />
  <testcase classname="ptolemy.util.test.junit.AutoTests" name="[83] /home/travis/build/icyphy/ptII/ptolemy/domains/continuous/test/auto/LevelCrossingDetectorDetectsGlitches.xml (RunModel)" time="0.056" />
  <testcase classname="ptolemy.util.test.junit.AutoTests" name="[84] /home/travis/build/icyphy/ptII/ptolemy/domains/continuous/test/auto/LevelCrossingNoInitialOuput.xml (RunModel)" time="0.012" />
  <testcase classname="ptolemy.util.test.junit.AutoTests" name="[85] /home/travis/build/icyphy/ptII/ptolemy/domains/continuous/test/auto/LinearStateSpaceExample.xml (RunModel)" time="0.074" />
  <testcase classname="ptolemy.util.test.junit.AutoTests" name="[86] /home/travis/build/icyphy/ptII/ptolemy/domains/continuous/test/auto/Lorenz.xml (RunModel)" time="4.355" />
  <testcase classname="ptolemy.util.test.junit.AutoTests" name="[87] /home/travis/build/icyphy/ptII/ptolemy/domains/continuous/test/auto/LorenzDifferentialSystem.xml (RunModel)" time="1.156" />
  <testcase classname="ptolemy.util.test.junit.AutoTests" name="[88] /home/travis/build/icyphy/ptII/ptolemy/domains/continuous/test/auto/LorenzDifferentialSystemWithInput.xml (RunModel)" time="1.369" />
  <testcase classname="ptolemy.util.test.junit.AutoTests" name="[89] /home/travis/build/icyphy/ptII/ptolemy/domains/continuous/test/auto/LorenzDifferentialSystemWithTime.xml (RunModel)" time="0.73" />
  <testcase classname="ptolemy.util.test.junit.AutoTests" name="[90] /home/travis/build/icyphy/ptII/ptolemy/domains/continuous/test/auto/Microsteps.xml (RunModel)" time="0.026" />
  <testcase classname="ptolemy.util.test.junit.AutoTests" name="[91] /home/travis/build/icyphy/ptII/ptolemy/domains/continuous/test/auto/Modal1.xml (RunModel)" time="0.037" />
  <testcase classname="ptolemy.util.test.junit.AutoTests" name="[92] /home/travis/build/icyphy/ptII/ptolemy/domains/continuous/test/auto/Modal2.xml (RunModel)" time="0.045" />
  <testcase classname="ptolemy.util.test.junit.AutoTests" name="[93] /home/travis/build/icyphy/ptII/ptolemy/domains/continuous/test/auto/ModalTransitionGuardWithReset.xml (RunModel)" time="0.029" />
  <testcase classname="ptolemy.util.test.junit.AutoTests" name="[94] /home/travis/build/icyphy/ptII/ptolemy/domains/continuous/test/auto/ModalTransitionGuardWithResetUsingPreemptiveTransition.xml (RunModel)" time="0.021" />
  <testcase classname="ptolemy.util.test.junit.AutoTests" name="[95] /home/travis/build/icyphy/ptII/ptolemy/domains/continuous/test/auto/ModalTransitionGuardWithResetUsingPreemptiveTransition2.xml (RunModel)" time="0.023" />
  <testcase classname="ptolemy.util.test.junit.AutoTests" name="[96] /home/travis/build/icyphy/ptII/ptolemy/domains/continuous/test/auto/ModalTransitionGuardWithResetUsingPreemptiveTransition3.xml (RunModel)" time="0.02" />
  <testcase classname="ptolemy.util.test.junit.AutoTests" name="[97] /home/travis/build/icyphy/ptII/ptolemy/domains/continuous/test/auto/NewtonsCradle.xml (RunModel)" time="0.748" />
  <testcase classname="ptolemy.util.test.junit.AutoTests" name="[98] /home/travis/build/icyphy/ptII/ptolemy/domains/continuous/test/auto/NewtonsCradleAnimated.xml (RunModel)" time="1.145" />
  <testcase classname="ptolemy.util.test.junit.AutoTests" name="[99] /home/travis/build/icyphy/ptII/ptolemy/domains/continuous/test/auto/NewtonsCradleComplicated.xml (RunModel)" time="1.041" />
  <testcase classname="ptolemy.util.test.junit.AutoTests" name="[100] /home/travis/build/icyphy/ptII/ptolemy/domains/continuous/test/auto/NewtonsCradleNondeterministic.xml (RunModel)" time="0.711" />
  <testcase classname="ptolemy.util.test.junit.AutoTests" name="[101] /home/travis/build/icyphy/ptII/ptolemy/domains/continuous/test/auto/NewtonsCradlePerfectlyInelastic1.xml (RunModel)" time="1.222" />
  <testcase classname="ptolemy.util.test.junit.AutoTests" name="[102] /home/travis/build/icyphy/ptII/ptolemy/domains/continuous/test/auto/Noise.xml (RunModel)" time="0.193" />
  <testcase classname="ptolemy.util.test.junit.AutoTests" name="[103] /home/travis/build/icyphy/ptII/ptolemy/domains/continuous/test/auto/NoiseSpectrum.xml (RunModel)" time="0.837" />
  <testcase classname="ptolemy.util.test.junit.AutoTests" name="[104] /home/travis/build/icyphy/ptII/ptolemy/domains/continuous/test/auto/ParameterizedNewtonsCradleAnimated.xml (RunModel)" time="0.374" />
  <testcase classname="ptolemy.util.test.junit.AutoTests" name="[105] /home/travis/build/icyphy/ptII/ptolemy/domains/continuous/test/auto/ParameterizedNewtonsCradleAnimatedNondeterministic.xml (RunModel)" time="1.165" />
  <testcase classname="ptolemy.util.test.junit.AutoTests" name="[106] /home/travis/build/icyphy/ptII/ptolemy/domains/continuous/test/auto/Pendulum3D.xml (RunModel)" time="0.178" />
  <testcase classname="ptolemy.util.test.junit.AutoTests" name="[107] /home/travis/build/icyphy/ptII/ptolemy/domains/continuous/test/auto/PeriodicSampler.xml (RunModel)" time="0.012" />
  <testcase classname="ptolemy.util.test.junit.AutoTests" name="[108] /home/travis/build/icyphy/ptII/ptolemy/domains/continuous/test/auto/PeriodicSampler1.xml (RunModel)" time="0.053" />
  <testcase classname="ptolemy.util.test.junit.AutoTests" name="[109] /home/travis/build/icyphy/ptII/ptolemy/domains/continuous/test/auto/PeriodicSampler2.xml (RunModel)" time="0.073" />
  <testcase classname="ptolemy.util.test.junit.AutoTests" name="[110] /home/travis/build/icyphy/ptII/ptolemy/domains/continuous/test/auto/Poisson.xml (RunModel)" time="0.44" />
  <testcase classname="ptolemy.util.test.junit.AutoTests" name="[111] /home/travis/build/icyphy/ptII/ptolemy/domains/continuous/test/auto/PoissonClock.xml (RunModel)" time="0.01" />
  <testcase classname="ptolemy.util.test.junit.AutoTests" name="[112] /home/travis/build/icyphy/ptII/ptolemy/domains/continuous/test/auto/PoissonClock2.xml (RunModel)" time="0.012" />
  <testcase classname="ptolemy.util.test.junit.AutoTests" name="[113] /home/travis/build/icyphy/ptII/ptolemy/domains/continuous/test/auto/PortParameterHierarchy.xml (RunModel)" time="0.027" />
  <testcase classname="ptolemy.util.test.junit.AutoTests" name="[114] /home/travis/build/icyphy/ptII/ptolemy/domains/continuous/test/auto/RandomHybridPlant.xml (RunModel)" time="0.583" />
  <testcase classname="ptolemy.util.test.junit.AutoTests" name="[115] /home/travis/build/icyphy/ptII/ptolemy/domains/continuous/test/auto/ResetTransitionWithStartTime1.xml (RunModel)" time="0.028" />
  <testcase classname="ptolemy.util.test.junit.AutoTests" name="[116] /home/travis/build/icyphy/ptII/ptolemy/domains/continuous/test/auto/ResetTransitionWithStartTime2.xml (RunModel)" time="0.041" />
  <testcase classname="ptolemy.util.test.junit.AutoTests" name="[117] /home/travis/build/icyphy/ptII/ptolemy/domains/continuous/test/auto/ResetTransitionWithStartTime3.xml (RunModel)" time="0.032" />
  <testcase classname="ptolemy.util.test.junit.AutoTests" name="[118] /home/travis/build/icyphy/ptII/ptolemy/domains/continuous/test/auto/ResetTransitionWithStartTime4.xml (RunModel)" time="0.025" />
  <testcase classname="ptolemy.util.test.junit.AutoTests" name="[119] /home/travis/build/icyphy/ptII/ptolemy/domains/continuous/test/auto/ResetTransitionWithStartTime5.xml (RunModel)" time="0.033" />
  <testcase classname="ptolemy.util.test.junit.AutoTests" name="[120] /home/travis/build/icyphy/ptII/ptolemy/domains/continuous/test/auto/ResetTransitionWithStartTime6.xml (RunModel)" time="0.031" />
  <testcase classname="ptolemy.util.test.junit.AutoTests" name="[121] /home/travis/build/icyphy/ptII/ptolemy/domains/continuous/test/auto/SRinContinuous.xml (RunModel)" time="0.021" />
  <testcase classname="ptolemy.util.test.junit.AutoTests" name="[122] /home/travis/build/icyphy/ptII/ptolemy/domains/continuous/test/auto/SampledClocks.xml (RunModel)" time="0.034" />
  <testcase classname="ptolemy.util.test.junit.AutoTests" name="[123] /home/travis/build/icyphy/ptII/ptolemy/domains/continuous/test/auto/Satellite.xml (RunModel)" time="0.753" />
  <testcase classname="ptolemy.util.test.junit.AutoTests" name="[124] /home/travis/build/icyphy/ptII/ptolemy/domains/continuous/test/auto/SigmaDelta.xml (RunModel)" time="2.402" />
  <testcase classname="ptolemy.util.test.junit.AutoTests" name="[125] /home/travis/build/icyphy/ptII/ptolemy/domains/continuous/test/auto/SingleRefinement.xml (RunModel)" time="0.42" />
  <testcase classname="ptolemy.util.test.junit.AutoTests" name="[126] /home/travis/build/icyphy/ptII/ptolemy/domains/continuous/test/auto/SinuBouncingBall.xml (RunModel)" time="0.876" />
  <testcase classname="ptolemy.util.test.junit.AutoTests" name="[127] /home/travis/build/icyphy/ptII/ptolemy/domains/continuous/test/auto/Sinusoid.xml (RunModel)" time="0.019" />
  <testcase classname="ptolemy.util.test.junit.AutoTests" name="[128] /home/travis/build/icyphy/ptII/ptolemy/domains/continuous/test/auto/SinusoidInNoise.xml (RunModel)" time="0.983" />
  <testcase classname="ptolemy.util.test.junit.AutoTests" name="[129] /home/travis/build/icyphy/ptII/ptolemy/domains/continuous/test/auto/SinusoidRK45.xml (RunModel)" time="0.009" />
  <testcase classname="ptolemy.util.test.junit.AutoTests" name="[130] /home/travis/build/icyphy/ptII/ptolemy/domains/continuous/test/auto/SinusoidWithMultipleImpulses.xml (RunModel)" time="0.018" />
  <testcase classname="ptolemy.util.test.junit.AutoTests" name="[131] /home/travis/build/icyphy/ptII/ptolemy/domains/continuous/test/auto/SquareWave.xml (RunModel)" time="0.205" />
  <testcase classname="ptolemy.util.test.junit.AutoTests" name="[132] /home/travis/build/icyphy/ptII/ptolemy/domains/continuous/test/auto/Starmac.xml (RunModel)" time="3.36" />
  <testcase classname="ptolemy.util.test.junit.AutoTests" name="[133] /home/travis/build/icyphy/ptII/ptolemy/domains/continuous/test/auto/StaticUnits.xml (RunModel)" time="3.144" />
  <testcase classname="ptolemy.util.test.junit.AutoTests" name="[134] /home/travis/build/icyphy/ptII/ptolemy/domains/continuous/test/auto/StickyMasses.xml (RunModel)" time="0.208" />
  <testcase classname="ptolemy.util.test.junit.AutoTests" name="[135] /home/travis/build/icyphy/ptII/ptolemy/domains/continuous/test/auto/StopTime.xml (RunModel)" time="0.063" />
  <testcase classname="ptolemy.util.test.junit.AutoTests" name="[136] /home/travis/build/icyphy/ptII/ptolemy/domains/continuous/test/auto/StopTime2.xml (RunModel)" time="0.053" />
  <testcase classname="ptolemy.util.test.junit.AutoTests" name="[137] /home/travis/build/icyphy/ptII/ptolemy/domains/continuous/test/auto/Switch.xml (RunModel)" time="0.058" />
  <testcase classname="ptolemy.util.test.junit.AutoTests" name="[138] /home/travis/build/icyphy/ptII/ptolemy/domains/continuous/test/auto/Thermostat.xml (RunModel)" time="0.213" />
  <testcase classname="ptolemy.util.test.junit.AutoTests" name="[139] /home/travis/build/icyphy/ptII/ptolemy/domains/continuous/test/auto/TimeDelay.xml (RunModel)" time="0.014" />
  <testcase classname="ptolemy.util.test.junit.AutoTests" name="[140] /home/travis/build/icyphy/ptII/ptolemy/domains/continuous/test/auto/TimeDelay2.xml (RunModel)" time="0.024" />
  <testcase classname="ptolemy.util.test.junit.AutoTests" name="[141] /home/travis/build/icyphy/ptII/ptolemy/domains/continuous/test/auto/TimeDelay3.xml (RunModel)" time="0.011" />
  <testcase classname="ptolemy.util.test.junit.AutoTests" name="[142] /home/travis/build/icyphy/ptII/ptolemy/domains/continuous/test/auto/TransferAbsentToInside.xml (RunModel)" time="0.109" />
  <testcase classname="ptolemy.util.test.junit.AutoTests" name="[143] /home/travis/build/icyphy/ptII/ptolemy/domains/continuous/test/auto/Transmission.xml (RunModel)" time="0.786" />
  <testcase classname="ptolemy.util.test.junit.AutoTests" name="[144] /home/travis/build/icyphy/ptII/ptolemy/domains/continuous/test/auto/TriggeredContinuousClock.xml (RunModel)" time="0.063" />
  <testcase classname="ptolemy.util.test.junit.AutoTests" name="[145] /home/travis/build/icyphy/ptII/ptolemy/domains/continuous/test/auto/TwoMachineInfiniteBusControl.xml (RunModel)" time="3.011" />
  <testcase classname="ptolemy.util.test.junit.AutoTests" name="[146] /home/travis/build/icyphy/ptII/ptolemy/domains/continuous/test/auto/V2V.xml (RunModel)" time="0.817" />
  <testcase classname="ptolemy.util.test.junit.AutoTests" name="[147] /home/travis/build/icyphy/ptII/ptolemy/domains/continuous/test/auto/hierarchicalModalModel.xml (RunModel)" time="0.032" />
  <testcase classname="ptolemy.util.test.junit.AutoTests" name="[148] /home/travis/build/icyphy/ptII/ptolemy/domains/continuous/test/auto/hierarchicalModalModel1.xml (RunModel)" time="0.028" />
  <testcase classname="ptolemy.util.test.junit.AutoTests" name="[149] /home/travis/build/icyphy/ptII/ptolemy/domains/continuous/test/auto/hierarchicalModalModel2.xml (RunModel)" time="0.023" />
  <testcase classname="ptolemy.util.test.junit.AutoTests" name="[150] /home/travis/build/icyphy/ptII/ptolemy/domains/continuous/test/auto/hierarchicalModalModel3.xml (RunModel)" time="0.025" />
  <testcase classname="ptolemy.util.test.junit.AutoTests" name="[151] /home/travis/build/icyphy/ptII/ptolemy/domains/continuous/test/auto/hierarchicalModalModel4.xml (RunModel)" time="0.028" />
  <testcase classname="ptolemy.util.test.junit.AutoTests" name="[152] /home/travis/build/icyphy/ptII/ptolemy/domains/continuous/test/auto/junk.xml (RunModel)" time="0.164" />
  <system-out><![CDATA[No tcl tests in /home/travis/build/icyphy/ptII/ptolemy/domains/continuous/test
No auto/knownFailedTests/*.xml tests in /home/travis/build/icyphy/ptII/ptolemy/domains/continuous/test
No auto/linux-amd64/*.xml tests in /home/travis/build/icyphy/ptII/ptolemy/domains/continuous/test
AutoTests.java: About to close Vertx.
AutoTests.java: Vertx closed.

===========================================================================================
----------------- testing Thu Sep 12 05:34:15 UTC 2019 /home/travis/build/icyphy/ptII/ptolemy/domains/continuous/test/auto/BouncingBall.xml
----------------- Instantiating /home/travis/build/icyphy/ptII/ptolemy/domains/continuous/test/auto/BouncingBall.xml
2486 ms. Memory: 154624K Free: 132790K (86%)
----------------- Invoking toplevel() on ptolemy.moml.MoMLSimpleApplication@285fedd0
----------------- Done invoking toplevel() on ptolemy.moml.MoMLSimpleApplication@285fedd0
reloadAllAccessors: .BouncingBall

===========================================================================================
----------------- testing Thu Sep 12 05:34:18 UTC 2019 /home/travis/build/icyphy/ptII/ptolemy/domains/continuous/test/auto/BouncingBallWithoutGR.xml
----------------- Instantiating /home/travis/build/icyphy/ptII/ptolemy/domains/continuous/test/auto/BouncingBallWithoutGR.xml
882 ms. Memory: 154624K Free: 131234K (85%)
----------------- Invoking toplevel() on ptolemy.moml.MoMLSimpleApplication@5a57090d
----------------- Done invoking toplevel() on ptolemy.moml.MoMLSimpleApplication@5a57090d
reloadAllAccessors: .BouncingBallWithoutGR

===========================================================================================
----------------- testing Thu Sep 12 05:34:19 UTC 2019 /home/travis/build/icyphy/ptII/ptolemy/domains/continuous/test/auto/Brownian.xml
----------------- Instantiating /home/travis/build/icyphy/ptII/ptolemy/domains/continuous/test/auto/Brownian.xml
38 ms. Memory: 154624K Free: 122018K (79%)
----------------- Invoking toplevel() on ptolemy.moml.MoMLSimpleApplication@588bfddf
----------------- Done invoking toplevel() on ptolemy.moml.MoMLSimpleApplication@588bfddf
reloadAllAccessors: .Brownian

===========================================================================================
----------------- testing Thu Sep 12 05:34:20 UTC 2019 /home/travis/build/icyphy/ptII/ptolemy/domains/continuous/test/auto/CarTracking.xml
----------------- Instantiating /home/travis/build/icyphy/ptII/ptolemy/domains/continuous/test/auto/CarTracking.xml
3739 ms. Memory: 224256K Free: 207401K (92%)
----------------- Invoking toplevel() on ptolemy.moml.MoMLSimpleApplication@675cd1a1
----------------- Done invoking toplevel() on ptolemy.moml.MoMLSimpleApplication@675cd1a1
reloadAllAccessors: .CarTracking

===========================================================================================
----------------- testing Thu Sep 12 05:34:24 UTC 2019 /home/travis/build/icyphy/ptII/ptolemy/domains/continuous/test/auto/CartPendulum.xml
----------------- Instantiating /home/travis/build/icyphy/ptII/ptolemy/domains/continuous/test/auto/CartPendulum.xml
392 ms. Memory: 224256K Free: 118841K (53%)
----------------- Invoking toplevel() on ptolemy.moml.MoMLSimpleApplication@5323065
----------------- Done invoking toplevel() on ptolemy.moml.MoMLSimpleApplication@5323065
reloadAllAccessors: .CartPendulum

===========================================================================================
----------------- testing Thu Sep 12 05:34:24 UTC 2019 /home/travis/build/icyphy/ptII/ptolemy/domains/continuous/test/auto/CausalityInterface10.xml
----------------- Instantiating /home/travis/build/icyphy/ptII/ptolemy/domains/continuous/test/auto/CausalityInterface10.xml
12 ms. Memory: 224256K Free: 108601K (48%)
----------------- Invoking toplevel() on ptolemy.moml.MoMLSimpleApplication@7c76b0bd
----------------- Done invoking toplevel() on ptolemy.moml.MoMLSimpleApplication@7c76b0bd
reloadAllAccessors: .CausalityInterface10

===========================================================================================
----------------- testing Thu Sep 12 05:34:24 UTC 2019 /home/travis/build/icyphy/ptII/ptolemy/domains/continuous/test/auto/CausalityInterface11.xml
----------------- Instantiating /home/travis/build/icyphy/ptII/ptolemy/domains/continuous/test/auto/CausalityInterface11.xml
10 ms. Memory: 224256K Free: 102457K (46%)
----------------- Invoking toplevel() on ptolemy.moml.MoMLSimpleApplication@7937bfdb
----------------- Done invoking toplevel() on ptolemy.moml.MoMLSimpleApplication@7937bfdb
reloadAllAccessors: .CausalityInterface11

===========================================================================================
----------------- testing Thu Sep 12 05:34:24 UTC 2019 /home/travis/build/icyphy/ptII/ptolemy/domains/continuous/test/auto/CausalityInterface12.xml
----------------- Instantiating /home/travis/build/icyphy/ptII/ptolemy/domains/continuous/test/auto/CausalityInterface12.xml
4 ms. Memory: 224256K Free: 96313K (43%)
----------------- Invoking toplevel() on ptolemy.moml.MoMLSimpleApplication@4a049d0
----------------- Done invoking toplevel() on ptolemy.moml.MoMLSimpleApplication@4a049d0
reloadAllAccessors: .CausalityInterface12

===========================================================================================
----------------- testing Thu Sep 12 05:34:24 UTC 2019 /home/travis/build/icyphy/ptII/ptolemy/domains/continuous/test/auto/CausalityInterface13.xml
----------------- Instantiating /home/travis/build/icyphy/ptII/ptolemy/domains/continuous/test/auto/CausalityInterface13.xml
8 ms. Memory: 224256K Free: 90169K (40%)
----------------- Invoking toplevel() on ptolemy.moml.MoMLSimpleApplication@fc6e10f
----------------- Done invoking toplevel() on ptolemy.moml.MoMLSimpleApplication@fc6e10f
reloadAllAccessors: .CausalityInterface13

===========================================================================================
----------------- testing Thu Sep 12 05:34:24 UTC 2019 /home/travis/build/icyphy/ptII/ptolemy/domains/continuous/test/auto/CausalityInterface14.xml
----------------- Instantiating /home/travis/build/icyphy/ptII/ptolemy/domains/continuous/test/auto/CausalityInterface14.xml
5 ms. Memory: 224256K Free: 84521K (38%)
----------------- Invoking toplevel() on ptolemy.moml.MoMLSimpleApplication@32e5c5b
----------------- Done invoking toplevel() on ptolemy.moml.MoMLSimpleApplication@32e5c5b
reloadAllAccessors: .CausalityInterface14

===========================================================================================
----------------- testing Thu Sep 12 05:34:24 UTC 2019 /home/travis/build/icyphy/ptII/ptolemy/domains/continuous/test/auto/CausalityInterface4.xml
----------------- Instantiating /home/travis/build/icyphy/ptII/ptolemy/domains/continuous/test/auto/CausalityInterface4.xml
4 ms. Memory: 224256K Free: 78377K (35%)
----------------- Invoking toplevel() on ptolemy.moml.MoMLSimpleApplication@fbe6565
----------------- Done invoking toplevel() on ptolemy.moml.MoMLSimpleApplication@fbe6565
reloadAllAccessors: .CausalityInterface4

===========================================================================================
----------------- testing Thu Sep 12 05:34:24 UTC 2019 /home/travis/build/icyphy/ptII/ptolemy/domains/continuous/test/auto/CausalityInterface5.xml
----------------- Instantiating /home/travis/build/icyphy/ptII/ptolemy/domains/continuous/test/auto/CausalityInterface5.xml
4 ms. Memory: 224256K Free: 202714K (90%)
----------------- Invoking toplevel() on ptolemy.moml.MoMLSimpleApplication@6db351bf
----------------- Done invoking toplevel() on ptolemy.moml.MoMLSimpleApplication@6db351bf
reloadAllAccessors: .CausalityInterface5

===========================================================================================
----------------- testing Thu Sep 12 05:34:24 UTC 2019 /home/travis/build/icyphy/ptII/ptolemy/domains/continuous/test/auto/CausalityInterface6.xml
----------------- Instantiating /home/travis/build/icyphy/ptII/ptolemy/domains/continuous/test/auto/CausalityInterface6.xml
6 ms. Memory: 224256K Free: 197084K (88%)
----------------- Invoking toplevel() on ptolemy.moml.MoMLSimpleApplication@25ec2bc9
----------------- Done invoking toplevel() on ptolemy.moml.MoMLSimpleApplication@25ec2bc9
reloadAllAccessors: .CausalityInterface6

===========================================================================================
----------------- testing Thu Sep 12 05:34:24 UTC 2019 /home/travis/build/icyphy/ptII/ptolemy/domains/continuous/test/auto/CausalityInterface7.xml
----------------- Instantiating /home/travis/build/icyphy/ptII/ptolemy/domains/continuous/test/auto/CausalityInterface7.xml
12 ms. Memory: 224256K Free: 188378K (84%)
----------------- Invoking toplevel() on ptolemy.moml.MoMLSimpleApplication@11a0f2c6
----------------- Done invoking toplevel() on ptolemy.moml.MoMLSimpleApplication@11a0f2c6
reloadAllAccessors: .CausalityInterface7

===========================================================================================
----------------- testing Thu Sep 12 05:34:25 UTC 2019 /home/travis/build/icyphy/ptII/ptolemy/domains/continuous/test/auto/CausalityInterface8.xml
----------------- Instantiating /home/travis/build/icyphy/ptII/ptolemy/domains/continuous/test/auto/CausalityInterface8.xml
3 ms. Memory: 224256K Free: 179162K (80%)
----------------- Invoking toplevel() on ptolemy.moml.MoMLSimpleApplication@593a361f
----------------- Done invoking toplevel() on ptolemy.moml.MoMLSimpleApplication@593a361f
reloadAllAccessors: .CausalityInterface8

===========================================================================================
----------------- testing Thu Sep 12 05:34:25 UTC 2019 /home/travis/build/icyphy/ptII/ptolemy/domains/continuous/test/auto/CausalityInterface9.xml
----------------- Instantiating /home/travis/build/icyphy/ptII/ptolemy/domains/continuous/test/auto/CausalityInterface9.xml
9 ms. Memory: 224256K Free: 168412K (75%)
----------------- Invoking toplevel() on ptolemy.moml.MoMLSimpleApplication@1b62b7bc
----------------- Done invoking toplevel() on ptolemy.moml.MoMLSimpleApplication@1b62b7bc
reloadAllAccessors: .CausalityInterface9

===========================================================================================
----------------- testing Thu Sep 12 05:34:25 UTC 2019 /home/travis/build/icyphy/ptII/ptolemy/domains/continuous/test/auto/CausalityInterfaceFeedback1.xml
----------------- Instantiating /home/travis/build/icyphy/ptII/ptolemy/domains/continuous/test/auto/CausalityInterfaceFeedback1.xml
5 ms. Memory: 224256K Free: 161754K (72%)
----------------- Invoking toplevel() on ptolemy.moml.MoMLSimpleApplication@2daed021
----------------- Done invoking toplevel() on ptolemy.moml.MoMLSimpleApplication@2daed021
reloadAllAccessors: .CausalityInterfaceFeedback1

===========================================================================================
----------------- testing Thu Sep 12 05:34:25 UTC 2019 /home/travis/build/icyphy/ptII/ptolemy/domains/continuous/test/auto/CausalityInterfaceFeedback2.xml
----------------- Instantiating /home/travis/build/icyphy/ptII/ptolemy/domains/continuous/test/auto/CausalityInterfaceFeedback2.xml
9 ms. Memory: 224256K Free: 155100K (69%)
----------------- Invoking toplevel() on ptolemy.moml.MoMLSimpleApplication@4cbf02f0
----------------- Done invoking toplevel() on ptolemy.moml.MoMLSimpleApplication@4cbf02f0
reloadAllAccessors: .CausalityInterfaceFeedback2

===========================================================================================
----------------- testing Thu Sep 12 05:34:25 UTC 2019 /home/travis/build/icyphy/ptII/ptolemy/domains/continuous/test/auto/CompareWithCurrentTime.xml
----------------- Instantiating /home/travis/build/icyphy/ptII/ptolemy/domains/continuous/test/auto/CompareWithCurrentTime.xml
4 ms. Memory: 224256K Free: 151004K (67%)
----------------- Invoking toplevel() on ptolemy.moml.MoMLSimpleApplication@53a6526a
----------------- Done invoking toplevel() on ptolemy.moml.MoMLSimpleApplication@53a6526a
reloadAllAccessors: .CompareWithCurrentTime

===========================================================================================
----------------- testing Thu Sep 12 05:34:25 UTC 2019 /home/travis/build/icyphy/ptII/ptolemy/domains/continuous/test/auto/ComparedClocks.xml
----------------- Instantiating /home/travis/build/icyphy/ptII/ptolemy/domains/continuous/test/auto/ComparedClocks.xml
7 ms. Memory: 224256K Free: 135644K (60%)
----------------- Invoking toplevel() on ptolemy.moml.MoMLSimpleApplication@70fe4d8e
----------------- Done invoking toplevel() on ptolemy.moml.MoMLSimpleApplication@70fe4d8e
reloadAllAccessors: .ComparedClocks

===========================================================================================
----------------- testing Thu Sep 12 05:34:25 UTC 2019 /home/travis/build/icyphy/ptII/ptolemy/domains/continuous/test/auto/ContinuousAOCClone.xml
----------------- Instantiating /home/travis/build/icyphy/ptII/ptolemy/domains/continuous/test/auto/ContinuousAOCClone.xml
2676 ms. Memory: 269312K Free: 243418K (90%)
----------------- Invoking toplevel() on ptolemy.moml.MoMLSimpleApplication@3afe0478
----------------- Done invoking toplevel() on ptolemy.moml.MoMLSimpleApplication@3afe0478
reloadAllAccessors: .ContinuousAOCClone

===========================================================================================
----------------- testing Thu Sep 12 05:34:28 UTC 2019 /home/travis/build/icyphy/ptII/ptolemy/domains/continuous/test/auto/ContinuousClock.xml
----------------- Instantiating /home/travis/build/icyphy/ptII/ptolemy/domains/continuous/test/auto/ContinuousClock.xml
31 ms. Memory: 269312K Free: 221914K (82%)
----------------- Invoking toplevel() on ptolemy.moml.MoMLSimpleApplication@2f1c6549
----------------- Done invoking toplevel() on ptolemy.moml.MoMLSimpleApplication@2f1c6549
reloadAllAccessors: .ContinuousClock

===========================================================================================
----------------- testing Thu Sep 12 05:34:28 UTC 2019 /home/travis/build/icyphy/ptII/ptolemy/domains/continuous/test/auto/ContinuousInContinuous.xml
----------------- Instantiating /home/travis/build/icyphy/ptII/ptolemy/domains/continuous/test/auto/ContinuousInContinuous.xml
40 ms. Memory: 269312K Free: 198362K (74%)
----------------- Invoking toplevel() on ptolemy.moml.MoMLSimpleApplication@2d512e37
----------------- Done invoking toplevel() on ptolemy.moml.MoMLSimpleApplication@2d512e37
reloadAllAccessors: .ContinuousInContinuous

===========================================================================================
----------------- testing Thu Sep 12 05:34:28 UTC 2019 /home/travis/build/icyphy/ptII/ptolemy/domains/continuous/test/auto/ContinuousInContinuousInContinuous.xml
----------------- Instantiating /home/travis/build/icyphy/ptII/ptolemy/domains/continuous/test/auto/ContinuousInContinuousInContinuous.xml
8 ms. Memory: 269312K Free: 190680K (71%)
----------------- Invoking toplevel() on ptolemy.moml.MoMLSimpleApplication@9d8106a
----------------- Done invoking toplevel() on ptolemy.moml.MoMLSimpleApplication@9d8106a
reloadAllAccessors: .ContinuousInContinuousInContinuous

===========================================================================================
----------------- testing Thu Sep 12 05:34:28 UTC 2019 /home/travis/build/icyphy/ptII/ptolemy/domains/continuous/test/auto/ContinuousInDE.xml
----------------- Instantiating /home/travis/build/icyphy/ptII/ptolemy/domains/continuous/test/auto/ContinuousInDE.xml
111 ms. Memory: 269312K Free: 179930K (67%)
----------------- Invoking toplevel() on ptolemy.moml.MoMLSimpleApplication@55beb659
----------------- Done invoking toplevel() on ptolemy.moml.MoMLSimpleApplication@55beb659
reloadAllAccessors: .ContinuousInDE

===========================================================================================
----------------- testing Thu Sep 12 05:34:28 UTC 2019 /home/travis/build/icyphy/ptII/ptolemy/domains/continuous/test/auto/ContinuousInDE2.xml
----------------- Instantiating /home/travis/build/icyphy/ptII/ptolemy/domains/continuous/test/auto/ContinuousInDE2.xml
42 ms. Memory: 269312K Free: 170200K (63%)
----------------- Invoking toplevel() on ptolemy.moml.MoMLSimpleApplication@7448f4a1
----------------- Done invoking toplevel() on ptolemy.moml.MoMLSimpleApplication@7448f4a1
reloadAllAccessors: .ContinuousInDE2

===========================================================================================
----------------- testing Thu Sep 12 05:34:28 UTC 2019 /home/travis/build/icyphy/ptII/ptolemy/domains/continuous/test/auto/ContinuousInDE3.xml
----------------- Instantiating /home/travis/build/icyphy/ptII/ptolemy/domains/continuous/test/auto/ContinuousInDE3.xml
37 ms. Memory: 269312K Free: 160474K (60%)
----------------- Invoking toplevel() on ptolemy.moml.MoMLSimpleApplication@6a2ffce0
----------------- Done invoking toplevel() on ptolemy.moml.MoMLSimpleApplication@6a2ffce0
reloadAllAccessors: .ContinuousInDE3

===========================================================================================
----------------- testing Thu Sep 12 05:34:28 UTC 2019 /home/travis/build/icyphy/ptII/ptolemy/domains/continuous/test/auto/ContinuousInDE4.xml
----------------- Instantiating /home/travis/build/icyphy/ptII/ptolemy/domains/continuous/test/auto/ContinuousInDE4.xml
15 ms. Memory: 269312K Free: 154330K (57%)
----------------- Invoking toplevel() on ptolemy.moml.MoMLSimpleApplication@779e472d
----------------- Done invoking toplevel() on ptolemy.moml.MoMLSimpleApplication@779e472d
reloadAllAccessors: .ContinuousInDE4

===========================================================================================
----------------- testing Thu Sep 12 05:34:28 UTC 2019 /home/travis/build/icyphy/ptII/ptolemy/domains/continuous/test/auto/ContinuousInDEDifferentRefinements.xml
----------------- Instantiating /home/travis/build/icyphy/ptII/ptolemy/domains/continuous/test/auto/ContinuousInDEDifferentRefinements.xml
52 ms. Memory: 269312K Free: 123610K (46%)
----------------- Invoking toplevel() on ptolemy.moml.MoMLSimpleApplication@1bcf56e5
----------------- Done invoking toplevel() on ptolemy.moml.MoMLSimpleApplication@1bcf56e5
reloadAllAccessors: .ContinuousInDEDifferentRefinements

===========================================================================================
----------------- testing Thu Sep 12 05:34:28 UTC 2019 /home/travis/build/icyphy/ptII/ptolemy/domains/continuous/test/auto/ContinuousInDEDifferentRefinementsPreemptive.xml
----------------- Instantiating /home/travis/build/icyphy/ptII/ptolemy/domains/continuous/test/auto/ContinuousInDEDifferentRefinementsPreemptive.xml
49 ms. Memory: 269312K Free: 252286K (94%)
----------------- Invoking toplevel() on ptolemy.moml.MoMLSimpleApplication@513362ae
----------------- Done invoking toplevel() on ptolemy.moml.MoMLSimpleApplication@513362ae
reloadAllAccessors: .ContinuousInDEDifferentRefinementsPreemptive

===========================================================================================
----------------- testing Thu Sep 12 05:34:28 UTC 2019 /home/travis/build/icyphy/ptII/ptolemy/domains/continuous/test/auto/ContinuousInDEInContinuous2.xml
----------------- Instantiating /home/travis/build/icyphy/ptII/ptolemy/domains/continuous/test/auto/ContinuousInDEInContinuous2.xml
38 ms. Memory: 269312K Free: 240340K (89%)
----------------- Invoking toplevel() on ptolemy.moml.MoMLSimpleApplication@60f03911
----------------- Done invoking toplevel() on ptolemy.moml.MoMLSimpleApplication@60f03911
reloadAllAccessors: .ContinuousInDEInContinuous2

===========================================================================================
----------------- testing Thu Sep 12 05:34:29 UTC 2019 /home/travis/build/icyphy/ptII/ptolemy/domains/continuous/test/auto/ContinuousInDEInContinuous3.xml
----------------- Instantiating /home/travis/build/icyphy/ptII/ptolemy/domains/continuous/test/auto/ContinuousInDEInContinuous3.xml
40 ms. Memory: 269312K Free: 228566K (85%)
----------------- Invoking toplevel() on ptolemy.moml.MoMLSimpleApplication@272dbb36
----------------- Done invoking toplevel() on ptolemy.moml.MoMLSimpleApplication@272dbb36
reloadAllAccessors: .ContinuousInDEInContinuous3

===========================================================================================
----------------- testing Thu Sep 12 05:34:29 UTC 2019 /home/travis/build/icyphy/ptII/ptolemy/domains/continuous/test/auto/ContinuousInDEInput.xml
----------------- Instantiating /home/travis/build/icyphy/ptII/ptolemy/domains/continuous/test/auto/ContinuousInDEInput.xml
19 ms. Memory: 269312K Free: 221398K (82%)
----------------- Invoking toplevel() on ptolemy.moml.MoMLSimpleApplication@764922ae
----------------- Done invoking toplevel() on ptolemy.moml.MoMLSimpleApplication@764922ae
reloadAllAccessors: .ContinuousInDEInput

===========================================================================================
----------------- testing Thu Sep 12 05:34:29 UTC 2019 /home/travis/build/icyphy/ptII/ptolemy/domains/continuous/test/auto/ContinuousInDEInput2.xml
----------------- Instantiating /home/travis/build/icyphy/ptII/ptolemy/domains/continuous/test/auto/ContinuousInDEInput2.xml
17 ms. Memory: 269312K Free: 214230K (80%)
----------------- Invoking toplevel() on ptolemy.moml.MoMLSimpleApplication@6aec4ae0
----------------- Done invoking toplevel() on ptolemy.moml.MoMLSimpleApplication@6aec4ae0
reloadAllAccessors: .ContinuousInDEInput2

===========================================================================================
----------------- testing Thu Sep 12 05:34:29 UTC 2019 /home/travis/build/icyphy/ptII/ptolemy/domains/continuous/test/auto/ContinuousInDEInput3.xml
----------------- Instantiating /home/travis/build/icyphy/ptII/ptolemy/domains/continuous/test/auto/ContinuousInDEInput3.xml
16 ms. Memory: 269312K Free: 207062K (77%)
----------------- Invoking toplevel() on ptolemy.moml.MoMLSimpleApplication@4dab343c
----------------- Done invoking toplevel() on ptolemy.moml.MoMLSimpleApplication@4dab343c
reloadAllAccessors: .ContinuousInDEInput3

===========================================================================================
----------------- testing Thu Sep 12 05:34:29 UTC 2019 /home/travis/build/icyphy/ptII/ptolemy/domains/continuous/test/auto/ContinuousInDESharingRefinement.xml
----------------- Instantiating /home/travis/build/icyphy/ptII/ptolemy/domains/continuous/test/auto/ContinuousInDESharingRefinement.xml
162 ms. Memory: 269312K Free: 111830K (42%)
----------------- Invoking toplevel() on ptolemy.moml.MoMLSimpleApplication@2dbdca95
----------------- Done invoking toplevel() on ptolemy.moml.MoMLSimpleApplication@2dbdca95
reloadAllAccessors: .ContinuousInDESharingRefinement

===========================================================================================
----------------- testing Thu Sep 12 05:34:29 UTC 2019 /home/travis/build/icyphy/ptII/ptolemy/domains/continuous/test/auto/ContinuousInDEwithNoPorts.xml
----------------- Instantiating /home/travis/build/icyphy/ptII/ptolemy/domains/continuous/test/auto/ContinuousInDEwithNoPorts.xml
7 ms. Memory: 269312K Free: 107734K (40%)
----------------- Invoking toplevel() on ptolemy.moml.MoMLSimpleApplication@2f2f4cdf
----------------- Done invoking toplevel() on ptolemy.moml.MoMLSimpleApplication@2f2f4cdf
reloadAllAccessors: .ContinuousInDEwithNoPorts

===========================================================================================
----------------- testing Thu Sep 12 05:34:29 UTC 2019 /home/travis/build/icyphy/ptII/ptolemy/domains/continuous/test/auto/ContinuousInsideDE.xml
----------------- Instantiating /home/travis/build/icyphy/ptII/ptolemy/domains/continuous/test/auto/ContinuousInsideDE.xml
47 ms. Memory: 269312K Free: 96470K (36%)
----------------- Invoking toplevel() on ptolemy.moml.MoMLSimpleApplication@35670208
----------------- Done invoking toplevel() on ptolemy.moml.MoMLSimpleApplication@35670208
reloadAllAccessors: .ContinuousInsideDE

===========================================================================================
----------------- testing Thu Sep 12 05:34:29 UTC 2019 /home/travis/build/icyphy/ptII/ptolemy/domains/continuous/test/auto/ContinuousMerge1.xml
----------------- Instantiating /home/travis/build/icyphy/ptII/ptolemy/domains/continuous/test/auto/ContinuousMerge1.xml
3 ms. Memory: 269312K Free: 252260K (94%)
----------------- Invoking toplevel() on ptolemy.moml.MoMLSimpleApplication@5d24a79a
----------------- Done invoking toplevel() on ptolemy.moml.MoMLSimpleApplication@5d24a79a
reloadAllAccessors: .ContinuousMerge1

===========================================================================================
----------------- testing Thu Sep 12 05:34:29 UTC 2019 /home/travis/build/icyphy/ptII/ptolemy/domains/continuous/test/auto/ContinuousMerge2.xml
----------------- Instantiating /home/travis/build/icyphy/ptII/ptolemy/domains/continuous/test/auto/ContinuousMerge2.xml
15 ms. Memory: 269312K Free: 242020K (90%)
----------------- Invoking toplevel() on ptolemy.moml.MoMLSimpleApplication@3999e21a
----------------- Done invoking toplevel() on ptolemy.moml.MoMLSimpleApplication@3999e21a
reloadAllAccessors: .ContinuousMerge2

===========================================================================================
----------------- testing Thu Sep 12 05:34:29 UTC 2019 /home/travis/build/icyphy/ptII/ptolemy/domains/continuous/test/auto/ContinuousMerge3.xml
----------------- Instantiating /home/travis/build/icyphy/ptII/ptolemy/domains/continuous/test/auto/ContinuousMerge3.xml
51 ms. Memory: 269312K Free: 231266K (86%)
----------------- Invoking toplevel() on ptolemy.moml.MoMLSimpleApplication@5ec73972
----------------- Done invoking toplevel() on ptolemy.moml.MoMLSimpleApplication@5ec73972
reloadAllAccessors: .ContinuousMerge3

===========================================================================================
----------------- testing Thu Sep 12 05:34:29 UTC 2019 /home/travis/build/icyphy/ptII/ptolemy/domains/continuous/test/auto/ContinuousWithinContinuous.xml
----------------- Instantiating /home/travis/build/icyphy/ptII/ptolemy/domains/continuous/test/auto/ContinuousWithinContinuous.xml
44 ms. Memory: 269312K Free: 222050K (82%)
----------------- Invoking toplevel() on ptolemy.moml.MoMLSimpleApplication@52447972
----------------- Done invoking toplevel() on ptolemy.moml.MoMLSimpleApplication@52447972
reloadAllAccessors: .ContinuousWithinContinuous

===========================================================================================
----------------- testing Thu Sep 12 05:34:29 UTC 2019 /home/travis/build/icyphy/ptII/ptolemy/domains/continuous/test/auto/ContinuousWithinContinuous2.xml
----------------- Instantiating /home/travis/build/icyphy/ptII/ptolemy/domains/continuous/test/auto/ContinuousWithinContinuous2.xml
75 ms. Memory: 269312K Free: 210276K (78%)
----------------- Invoking toplevel() on ptolemy.moml.MoMLSimpleApplication@10801b0f
----------------- Done invoking toplevel() on ptolemy.moml.MoMLSimpleApplication@10801b0f
reloadAllAccessors: .ContinuousWithinContinuous2

===========================================================================================
----------------- testing Thu Sep 12 05:34:29 UTC 2019 /home/travis/build/icyphy/ptII/ptolemy/domains/continuous/test/auto/ContinuousWithinContinuous3.xml
----------------- Instantiating /home/travis/build/icyphy/ptII/ptolemy/domains/continuous/test/auto/ContinuousWithinContinuous3.xml
13 ms. Memory: 269312K Free: 203618K (76%)
----------------- Invoking toplevel() on ptolemy.moml.MoMLSimpleApplication@322ffd36
----------------- Done invoking toplevel() on ptolemy.moml.MoMLSimpleApplication@322ffd36
reloadAllAccessors: .ContinuousWithinContinuous3

===========================================================================================
----------------- testing Thu Sep 12 05:34:29 UTC 2019 /home/travis/build/icyphy/ptII/ptolemy/domains/continuous/test/auto/ContinuousWithinContinuous4.xml
----------------- Instantiating /home/travis/build/icyphy/ptII/ptolemy/domains/continuous/test/auto/ContinuousWithinContinuous4.xml
78 ms. Memory: 269312K Free: 191330K (71%)
----------------- Invoking toplevel() on ptolemy.moml.MoMLSimpleApplication@4f1b43ed
----------------- Done invoking toplevel() on ptolemy.moml.MoMLSimpleApplication@4f1b43ed
reloadAllAccessors: .ContinuousWithinContinuous4

===========================================================================================
----------------- testing Thu Sep 12 05:34:29 UTC 2019 /home/travis/build/icyphy/ptII/ptolemy/domains/continuous/test/auto/ContinuousWithinContinuous5.xml
----------------- Instantiating /home/travis/build/icyphy/ptII/ptolemy/domains/continuous/test/auto/ContinuousWithinContinuous5.xml
13 ms. Memory: 269312K Free: 184162K (68%)
----------------- Invoking toplevel() on ptolemy.moml.MoMLSimpleApplication@6d17372
----------------- Done invoking toplevel() on ptolemy.moml.MoMLSimpleApplication@6d17372
reloadAllAccessors: .ContinuousWithinContinuous5

===========================================================================================
----------------- testing Thu Sep 12 05:34:30 UTC 2019 /home/travis/build/icyphy/ptII/ptolemy/domains/continuous/test/auto/ContinuousWithinContinuous6.xml
----------------- Instantiating /home/travis/build/icyphy/ptII/ptolemy/domains/continuous/test/auto/ContinuousWithinContinuous6.xml
15 ms. Memory: 269312K Free: 176994K (66%)
----------------- Invoking toplevel() on ptolemy.moml.MoMLSimpleApplication@5a406af6
----------------- Done invoking toplevel() on ptolemy.moml.MoMLSimpleApplication@5a406af6
reloadAllAccessors: .ContinuousWithinContinuous6

===========================================================================================
----------------- testing Thu Sep 12 05:34:30 UTC 2019 /home/travis/build/icyphy/ptII/ptolemy/domains/continuous/test/auto/ContinuousWithinContinuous7.xml
----------------- Instantiating /home/travis/build/icyphy/ptII/ptolemy/domains/continuous/test/auto/ContinuousWithinContinuous7.xml
63 ms. Memory: 269312K Free: 165730K (62%)
----------------- Invoking toplevel() on ptolemy.moml.MoMLSimpleApplication@6125bd00
----------------- Done invoking toplevel() on ptolemy.moml.MoMLSimpleApplication@6125bd00
reloadAllAccessors: .ContinuousWithinContinuous7

===========================================================================================
----------------- testing Thu Sep 12 05:34:30 UTC 2019 /home/travis/build/icyphy/ptII/ptolemy/domains/continuous/test/auto/DCMotor.xml
----------------- Instantiating /home/travis/build/icyphy/ptII/ptolemy/domains/continuous/test/auto/DCMotor.xml
13889 ms. Memory: 269312K Free: 126292K (47%)
----------------- Invoking toplevel() on ptolemy.moml.MoMLSimpleApplication@595f0c49
----------------- Done invoking toplevel() on ptolemy.moml.MoMLSimpleApplication@595f0c49
reloadAllAccessors: .DCMotor

===========================================================================================
----------------- testing Thu Sep 12 05:34:44 UTC 2019 /home/travis/build/icyphy/ptII/ptolemy/domains/continuous/test/auto/DEInContinuous.xml
----------------- Instantiating /home/travis/build/icyphy/ptII/ptolemy/domains/continuous/test/auto/DEInContinuous.xml
19 ms. Memory: 269312K Free: 120154K (45%)
----------------- Invoking toplevel() on ptolemy.moml.MoMLSimpleApplication@3c04bf07
----------------- Done invoking toplevel() on ptolemy.moml.MoMLSimpleApplication@3c04bf07
reloadAllAccessors: .DEInContinuous

===========================================================================================
----------------- testing Thu Sep 12 05:34:44 UTC 2019 /home/travis/build/icyphy/ptII/ptolemy/domains/continuous/test/auto/DEinContinuous2.xml
----------------- Instantiating /home/travis/build/icyphy/ptII/ptolemy/domains/continuous/test/auto/DEinContinuous2.xml
8 ms. Memory: 269312K Free: 112476K (42%)
----------------- Invoking toplevel() on ptolemy.moml.MoMLSimpleApplication@f20ef57
----------------- Done invoking toplevel() on ptolemy.moml.MoMLSimpleApplication@f20ef57
reloadAllAccessors: .DEinContinuous2

===========================================================================================
----------------- testing Thu Sep 12 05:34:44 UTC 2019 /home/travis/build/icyphy/ptII/ptolemy/domains/continuous/test/auto/Derivative.xml
----------------- Instantiating /home/travis/build/icyphy/ptII/ptolemy/domains/continuous/test/auto/Derivative.xml
156 ms. Memory: 269312K Free: 242775K (90%)
----------------- Invoking toplevel() on ptolemy.moml.MoMLSimpleApplication@3d906138
----------------- Done invoking toplevel() on ptolemy.moml.MoMLSimpleApplication@3d906138
reloadAllAccessors: .Derivative2

===========================================================================================
----------------- testing Thu Sep 12 05:34:44 UTC 2019 /home/travis/build/icyphy/ptII/ptolemy/domains/continuous/test/auto/Derivative1.xml
----------------- Instantiating /home/travis/build/icyphy/ptII/ptolemy/domains/continuous/test/auto/Derivative1.xml
18 ms. Memory: 269312K Free: 228204K (85%)
----------------- Invoking toplevel() on ptolemy.moml.MoMLSimpleApplication@7995ec9e
----------------- Done invoking toplevel() on ptolemy.moml.MoMLSimpleApplication@7995ec9e
reloadAllAccessors: .Derivative1

===========================================================================================
----------------- testing Thu Sep 12 05:34:44 UTC 2019 /home/travis/build/icyphy/ptII/ptolemy/domains/continuous/test/auto/DiscreteClock.xml
----------------- Instantiating /home/travis/build/icyphy/ptII/ptolemy/domains/continuous/test/auto/DiscreteClock.xml
4 ms. Memory: 269312K Free: 223084K (83%)
----------------- Invoking toplevel() on ptolemy.moml.MoMLSimpleApplication@26df7880
----------------- Done invoking toplevel() on ptolemy.moml.MoMLSimpleApplication@26df7880
reloadAllAccessors: .DiscreteClock

===========================================================================================
----------------- testing Thu Sep 12 05:34:44 UTC 2019 /home/travis/build/icyphy/ptII/ptolemy/domains/continuous/test/auto/EfficiencyCurve.xml
----------------- Instantiating /home/travis/build/icyphy/ptII/ptolemy/domains/continuous/test/auto/EfficiencyCurve.xml
62 ms. Memory: 269312K Free: 213868K (79%)
----------------- Invoking toplevel() on ptolemy.moml.MoMLSimpleApplication@6846fa99
----------------- Done invoking toplevel() on ptolemy.moml.MoMLSimpleApplication@6846fa99
reloadAllAccessors: .EfficiencyCurve

===========================================================================================
----------------- testing Thu Sep 12 05:34:44 UTC 2019 /home/travis/build/icyphy/ptII/ptolemy/domains/continuous/test/auto/ExponentialResponse.xml
----------------- Instantiating /home/travis/build/icyphy/ptII/ptolemy/domains/continuous/test/auto/ExponentialResponse.xml
118 ms. Memory: 269312K Free: 197998K (74%)
----------------- Invoking toplevel() on ptolemy.moml.MoMLSimpleApplication@20dc75ef
----------------- Done invoking toplevel() on ptolemy.moml.MoMLSimpleApplication@20dc75ef
reloadAllAccessors: .ExponentialResponse

===========================================================================================
----------------- testing Thu Sep 12 05:34:44 UTC 2019 /home/travis/build/icyphy/ptII/ptolemy/domains/continuous/test/auto/ExponentialResponseRK45.xml
----------------- Instantiating /home/travis/build/icyphy/ptII/ptolemy/domains/continuous/test/auto/ExponentialResponseRK45.xml
28 ms. Memory: 269312K Free: 191340K (71%)
----------------- Invoking toplevel() on ptolemy.moml.MoMLSimpleApplication@2576e73f
----------------- Done invoking toplevel() on ptolemy.moml.MoMLSimpleApplication@2576e73f
reloadAllAccessors: .ExponentialResponseRK45

===========================================================================================
----------------- testing Thu Sep 12 05:34:44 UTC 2019 /home/travis/build/icyphy/ptII/ptolemy/domains/continuous/test/auto/Friction.xml
----------------- Instantiating /home/travis/build/icyphy/ptII/ptolemy/domains/continuous/test/auto/Friction.xml
1512 ms. Memory: 269312K Free: 246920K (92%)
----------------- Invoking toplevel() on ptolemy.moml.MoMLSimpleApplication@e15a5d
----------------- Done invoking toplevel() on ptolemy.moml.MoMLSimpleApplication@e15a5d
reloadAllAccessors: .Friction

===========================================================================================
----------------- testing Thu Sep 12 05:34:46 UTC 2019 /home/travis/build/icyphy/ptII/ptolemy/domains/continuous/test/auto/FurutaPendulum.xml
----------------- Instantiating /home/travis/build/icyphy/ptII/ptolemy/domains/continuous/test/auto/FurutaPendulum.xml
3398 ms. Memory: 269312K Free: 236221K (88%)
----------------- Invoking toplevel() on ptolemy.moml.MoMLSimpleApplication@97679b2
----------------- Done invoking toplevel() on ptolemy.moml.MoMLSimpleApplication@97679b2
reloadAllAccessors: .FurutaPendulum

===========================================================================================
----------------- testing Thu Sep 12 05:34:49 UTC 2019 /home/travis/build/icyphy/ptII/ptolemy/domains/continuous/test/auto/HierarchicalExecution.xml
----------------- Instantiating /home/travis/build/icyphy/ptII/ptolemy/domains/continuous/test/auto/HierarchicalExecution.xml
1756 ms. Memory: 269312K Free: 114705K (43%)
----------------- Invoking toplevel() on ptolemy.moml.MoMLSimpleApplication@41867bdb
----------------- Done invoking toplevel() on ptolemy.moml.MoMLSimpleApplication@41867bdb
reloadAllAccessors: .HierarchicalExecution

===========================================================================================
----------------- testing Thu Sep 12 05:34:51 UTC 2019 /home/travis/build/icyphy/ptII/ptolemy/domains/continuous/test/auto/HybridPlant.xml
----------------- Instantiating /home/travis/build/icyphy/ptII/ptolemy/domains/continuous/test/auto/HybridPlant.xml
522 ms. Memory: 269312K Free: 170140K (63%)
----------------- Invoking toplevel() on ptolemy.moml.MoMLSimpleApplication@6b17a7e7
----------------- Done invoking toplevel() on ptolemy.moml.MoMLSimpleApplication@6b17a7e7
reloadAllAccessors: .HybridPlant

===========================================================================================
----------------- testing Thu Sep 12 05:34:52 UTC 2019 /home/travis/build/icyphy/ptII/ptolemy/domains/continuous/test/auto/Hysteresis.xml
----------------- Instantiating /home/travis/build/icyphy/ptII/ptolemy/domains/continuous/test/auto/Hysteresis.xml
137 ms. Memory: 269312K Free: 108196K (40%)
----------------- Invoking toplevel() on ptolemy.moml.MoMLSimpleApplication@522e30cd
----------------- Done invoking toplevel() on ptolemy.moml.MoMLSimpleApplication@522e30cd
reloadAllAccessors: .Hysteresis

===========================================================================================
----------------- testing Thu Sep 12 05:34:52 UTC 2019 /home/travis/build/icyphy/ptII/ptolemy/domains/continuous/test/auto/HysteresisWithRandomDelay.xml
----------------- Instantiating /home/travis/build/icyphy/ptII/ptolemy/domains/continuous/test/auto/HysteresisWithRandomDelay.xml
164 ms. Memory: 269312K Free: 195427K (73%)
----------------- Invoking toplevel() on ptolemy.moml.MoMLSimpleApplication@53f4ea30
----------------- Done invoking toplevel() on ptolemy.moml.MoMLSimpleApplication@53f4ea30
reloadAllAccessors: .HysteresisWithRandomDelay

===========================================================================================
----------------- testing Thu Sep 12 05:34:52 UTC 2019 /home/travis/build/icyphy/ptII/ptolemy/domains/continuous/test/auto/HysteresisWithRandomLosses.xml
----------------- Instantiating /home/travis/build/icyphy/ptII/ptolemy/domains/continuous/test/auto/HysteresisWithRandomLosses.xml
2431 ms. Memory: 323584K Free: 305126K (94%)
----------------- Invoking toplevel() on ptolemy.moml.MoMLSimpleApplication@45a6d78c
----------------- Done invoking toplevel() on ptolemy.moml.MoMLSimpleApplication@45a6d78c
reloadAllAccessors: .HysteresisWithRandomLosses

===========================================================================================
----------------- testing Thu Sep 12 05:34:55 UTC 2019 /home/travis/build/icyphy/ptII/ptolemy/domains/continuous/test/auto/ImmediateTransitions.xml
----------------- Instantiating /home/travis/build/icyphy/ptII/ptolemy/domains/continuous/test/auto/ImmediateTransitions.xml
16 ms. Memory: 323584K Free: 294390K (91%)
----------------- Invoking toplevel() on ptolemy.moml.MoMLSimpleApplication@6160d39e
----------------- Done invoking toplevel() on ptolemy.moml.MoMLSimpleApplication@6160d39e
reloadAllAccessors: .ImmediateTransitions

===========================================================================================
----------------- testing Thu Sep 12 05:34:55 UTC 2019 /home/travis/build/icyphy/ptII/ptolemy/domains/continuous/test/auto/ImpulseFeedback.xml
----------------- Instantiating /home/travis/build/icyphy/ptII/ptolemy/domains/continuous/test/auto/ImpulseFeedback.xml
10 ms. Memory: 323584K Free: 288756K (89%)
----------------- Invoking toplevel() on ptolemy.moml.MoMLSimpleApplication@60e51d91
----------------- Done invoking toplevel() on ptolemy.moml.MoMLSimpleApplication@60e51d91
reloadAllAccessors: .ImpulseFeedback

===========================================================================================
----------------- testing Thu Sep 12 05:34:55 UTC 2019 /home/travis/build/icyphy/ptII/ptolemy/domains/continuous/test/auto/ImpulseFeedback2.xml
----------------- Instantiating /home/travis/build/icyphy/ptII/ptolemy/domains/continuous/test/auto/ImpulseFeedback2.xml
6 ms. Memory: 323584K Free: 283126K (87%)
----------------- Invoking toplevel() on ptolemy.moml.MoMLSimpleApplication@2e418611
----------------- Done invoking toplevel() on ptolemy.moml.MoMLSimpleApplication@2e418611
reloadAllAccessors: .ImpulseFeedback2

===========================================================================================
----------------- testing Thu Sep 12 05:34:55 UTC 2019 /home/travis/build/icyphy/ptII/ptolemy/domains/continuous/test/auto/IncreasingRatePoisson.xml
----------------- Instantiating /home/travis/build/icyphy/ptII/ptolemy/domains/continuous/test/auto/IncreasingRatePoisson.xml
742 ms. Memory: 323584K Free: 159352K (49%)
----------------- Invoking toplevel() on ptolemy.moml.MoMLSimpleApplication@2d49bfe2
----------------- Done invoking toplevel() on ptolemy.moml.MoMLSimpleApplication@2d49bfe2
reloadAllAccessors: .IncreasingRatePoisson

===========================================================================================
----------------- testing Thu Sep 12 05:34:56 UTC 2019 /home/travis/build/icyphy/ptII/ptolemy/domains/continuous/test/auto/InitialStateFeedback.xml
----------------- Instantiating /home/travis/build/icyphy/ptII/ptolemy/domains/continuous/test/auto/InitialStateFeedback.xml
7 ms. Memory: 323584K Free: 154746K (48%)
----------------- Invoking toplevel() on ptolemy.moml.MoMLSimpleApplication@56e37bc9
----------------- Done invoking toplevel() on ptolemy.moml.MoMLSimpleApplication@56e37bc9
reloadAllAccessors: .InitialStateFeedback

===========================================================================================
----------------- testing Thu Sep 12 05:34:56 UTC 2019 /home/travis/build/icyphy/ptII/ptolemy/domains/continuous/test/auto/Integration.xml
----------------- Instantiating /home/travis/build/icyphy/ptII/ptolemy/domains/continuous/test/auto/Integration.xml
2 ms. Memory: 323584K Free: 150650K (47%)
----------------- Invoking toplevel() on ptolemy.moml.MoMLSimpleApplication@5e6ced7
----------------- Done invoking toplevel() on ptolemy.moml.MoMLSimpleApplication@5e6ced7
reloadAllAccessors: .Integration

===========================================================================================
----------------- testing Thu Sep 12 05:34:56 UTC 2019 /home/travis/build/icyphy/ptII/ptolemy/domains/continuous/test/auto/Integration2.xml
----------------- Instantiating /home/travis/build/icyphy/ptII/ptolemy/domains/continuous/test/auto/Integration2.xml
83 ms. Memory: 323584K Free: 136314K (42%)
----------------- Invoking toplevel() on ptolemy.moml.MoMLSimpleApplication@4d148fc6
----------------- Done invoking toplevel() on ptolemy.moml.MoMLSimpleApplication@4d148fc6
reloadAllAccessors: .Integration2

===========================================================================================
----------------- testing Thu Sep 12 05:34:56 UTC 2019 /home/travis/build/icyphy/ptII/ptolemy/domains/continuous/test/auto/Integration3.xml
----------------- Instantiating /home/travis/build/icyphy/ptII/ptolemy/domains/continuous/test/auto/Integration3.xml
2 ms. Memory: 323584K Free: 131704K (41%)
----------------- Invoking toplevel() on ptolemy.moml.MoMLSimpleApplication@26bfcfea
----------------- Done invoking toplevel() on ptolemy.moml.MoMLSimpleApplication@26bfcfea
reloadAllAccessors: .Integration3

===========================================================================================
----------------- testing Thu Sep 12 05:34:56 UTC 2019 /home/travis/build/icyphy/ptII/ptolemy/domains/continuous/test/auto/Integration5.xml
----------------- Instantiating /home/travis/build/icyphy/ptII/ptolemy/domains/continuous/test/auto/Integration5.xml
2 ms. Memory: 323584K Free: 127608K (39%)
----------------- Invoking toplevel() on ptolemy.moml.MoMLSimpleApplication@799131a7
----------------- Done invoking toplevel() on ptolemy.moml.MoMLSimpleApplication@799131a7
reloadAllAccessors: .Integration5

===========================================================================================
----------------- testing Thu Sep 12 05:34:56 UTC 2019 /home/travis/build/icyphy/ptII/ptolemy/domains/continuous/test/auto/IntegratorImpulse.xml
----------------- Instantiating /home/travis/build/icyphy/ptII/ptolemy/domains/continuous/test/auto/IntegratorImpulse.xml
2 ms. Memory: 323584K Free: 123498K (38%)
----------------- Invoking toplevel() on ptolemy.moml.MoMLSimpleApplication@30819a28
----------------- Done invoking toplevel() on ptolemy.moml.MoMLSimpleApplication@30819a28
reloadAllAccessors: .IntegratorImpulse

===========================================================================================
----------------- testing Thu Sep 12 05:34:56 UTC 2019 /home/travis/build/icyphy/ptII/ptolemy/domains/continuous/test/auto/IntegratorImpulse2.xml
----------------- Instantiating /home/travis/build/icyphy/ptII/ptolemy/domains/continuous/test/auto/IntegratorImpulse2.xml
3 ms. Memory: 323584K Free: 118906K (37%)
----------------- Invoking toplevel() on ptolemy.moml.MoMLSimpleApplication@ebcc31d
----------------- Done invoking toplevel() on ptolemy.moml.MoMLSimpleApplication@ebcc31d
reloadAllAccessors: .IntegratorImpulse2

===========================================================================================
----------------- testing Thu Sep 12 05:34:56 UTC 2019 /home/travis/build/icyphy/ptII/ptolemy/domains/continuous/test/auto/LevelCrossing1.xml
----------------- Instantiating /home/travis/build/icyphy/ptII/ptolemy/domains/continuous/test/auto/LevelCrossing1.xml
2 ms. Memory: 323584K Free: 306455K (95%)
----------------- Invoking toplevel() on ptolemy.moml.MoMLSimpleApplication@329f7113
----------------- Done invoking toplevel() on ptolemy.moml.MoMLSimpleApplication@329f7113
reloadAllAccessors: .LevelCrossing1

===========================================================================================
----------------- testing Thu Sep 12 05:34:56 UTC 2019 /home/travis/build/icyphy/ptII/ptolemy/domains/continuous/test/auto/LevelCrossing2.xml
----------------- Instantiating /home/travis/build/icyphy/ptII/ptolemy/domains/continuous/test/auto/LevelCrossing2.xml
3 ms. Memory: 323584K Free: 301335K (93%)
----------------- Invoking toplevel() on ptolemy.moml.MoMLSimpleApplication@19b19772
----------------- Done invoking toplevel() on ptolemy.moml.MoMLSimpleApplication@19b19772
reloadAllAccessors: .LevelCrossing2

===========================================================================================
----------------- testing Thu Sep 12 05:34:56 UTC 2019 /home/travis/build/icyphy/ptII/ptolemy/domains/continuous/test/auto/LevelCrossing3.xml
----------------- Instantiating /home/travis/build/icyphy/ptII/ptolemy/domains/continuous/test/auto/LevelCrossing3.xml
3 ms. Memory: 323584K Free: 296215K (92%)
----------------- Invoking toplevel() on ptolemy.moml.MoMLSimpleApplication@21b6e82d
----------------- Done invoking toplevel() on ptolemy.moml.MoMLSimpleApplication@21b6e82d
reloadAllAccessors: .LevelCrossing3

===========================================================================================
----------------- testing Thu Sep 12 05:34:56 UTC 2019 /home/travis/build/icyphy/ptII/ptolemy/domains/continuous/test/auto/LevelCrossing4.xml
----------------- Instantiating /home/travis/build/icyphy/ptII/ptolemy/domains/continuous/test/auto/LevelCrossing4.xml
3 ms. Memory: 323584K Free: 291095K (90%)
----------------- Invoking toplevel() on ptolemy.moml.MoMLSimpleApplication@6e2132cb
----------------- Done invoking toplevel() on ptolemy.moml.MoMLSimpleApplication@6e2132cb
reloadAllAccessors: .LevelCrossing4

===========================================================================================
----------------- testing Thu Sep 12 05:34:56 UTC 2019 /home/travis/build/icyphy/ptII/ptolemy/domains/continuous/test/auto/LevelCrossing5.xml
----------------- Instantiating /home/travis/build/icyphy/ptII/ptolemy/domains/continuous/test/auto/LevelCrossing5.xml
3 ms. Memory: 323584K Free: 285975K (88%)
----------------- Invoking toplevel() on ptolemy.moml.MoMLSimpleApplication@73845a29
----------------- Done invoking toplevel() on ptolemy.moml.MoMLSimpleApplication@73845a29
reloadAllAccessors: .LevelCrossing5

===========================================================================================
[...]
15 ms. Memory: 323584K Free: 253748K (78%)
----------------- Invoking toplevel() on ptolemy.moml.MoMLSimpleApplication@6b03dc6c
----------------- Done invoking toplevel() on ptolemy.moml.MoMLSimpleApplication@6b03dc6c
reloadAllAccessors: .ResetTransitionWithStartTime6

===========================================================================================
----------------- testing Thu Sep 12 05:35:13 UTC 2019 /home/travis/build/icyphy/ptII/ptolemy/domains/continuous/test/auto/SRinContinuous.xml
----------------- Instantiating /home/travis/build/icyphy/ptII/ptolemy/domains/continuous/test/auto/SRinContinuous.xml
4 ms. Memory: 323584K Free: 246066K (76%)
----------------- Invoking toplevel() on ptolemy.moml.MoMLSimpleApplication@755de388
----------------- Done invoking toplevel() on ptolemy.moml.MoMLSimpleApplication@755de388
reloadAllAccessors: .SRinContinuous

===========================================================================================
----------------- testing Thu Sep 12 05:35:13 UTC 2019 /home/travis/build/icyphy/ptII/ptolemy/domains/continuous/test/auto/SampledClocks.xml
----------------- Instantiating /home/travis/build/icyphy/ptII/ptolemy/domains/continuous/test/auto/SampledClocks.xml
7 ms. Memory: 323584K Free: 233268K (72%)
----------------- Invoking toplevel() on ptolemy.moml.MoMLSimpleApplication@368326
----------------- Done invoking toplevel() on ptolemy.moml.MoMLSimpleApplication@368326
reloadAllAccessors: .SampledClocks

===========================================================================================
----------------- testing Thu Sep 12 05:35:13 UTC 2019 /home/travis/build/icyphy/ptII/ptolemy/domains/continuous/test/auto/Satellite.xml
----------------- Instantiating /home/travis/build/icyphy/ptII/ptolemy/domains/continuous/test/auto/Satellite.xml
736 ms. Memory: 323584K Free: 234008K (72%)
----------------- Invoking toplevel() on ptolemy.moml.MoMLSimpleApplication@47ebdc4d
----------------- Done invoking toplevel() on ptolemy.moml.MoMLSimpleApplication@47ebdc4d
reloadAllAccessors: .Satellite

===========================================================================================
----------------- testing Thu Sep 12 05:35:14 UTC 2019 /home/travis/build/icyphy/ptII/ptolemy/domains/continuous/test/auto/SigmaDelta.xml
----------------- Instantiating /home/travis/build/icyphy/ptII/ptolemy/domains/continuous/test/auto/SigmaDelta.xml
2273 ms. Memory: 323584K Free: 164036K (51%)
----------------- Invoking toplevel() on ptolemy.moml.MoMLSimpleApplication@396a5435
----------------- Done invoking toplevel() on ptolemy.moml.MoMLSimpleApplication@396a5435
reloadAllAccessors: .SigmaDelta

===========================================================================================
----------------- testing Thu Sep 12 05:35:17 UTC 2019 /home/travis/build/icyphy/ptII/ptolemy/domains/continuous/test/auto/SingleRefinement.xml
----------------- Instantiating /home/travis/build/icyphy/ptII/ptolemy/domains/continuous/test/auto/SingleRefinement.xml
319 ms. Memory: 323584K Free: 173735K (54%)
----------------- Invoking toplevel() on ptolemy.moml.MoMLSimpleApplication@38f95618
----------------- Done invoking toplevel() on ptolemy.moml.MoMLSimpleApplication@38f95618
reloadAllAccessors: .SingleRefinement

===========================================================================================
----------------- testing Thu Sep 12 05:35:17 UTC 2019 /home/travis/build/icyphy/ptII/ptolemy/domains/continuous/test/auto/SinuBouncingBall.xml
----------------- Instantiating /home/travis/build/icyphy/ptII/ptolemy/domains/continuous/test/auto/SinuBouncingBall.xml
803 ms. Memory: 323584K Free: 150830K (47%)
----------------- Invoking toplevel() on ptolemy.moml.MoMLSimpleApplication@1e7df8a4
----------------- Done invoking toplevel() on ptolemy.moml.MoMLSimpleApplication@1e7df8a4
reloadAllAccessors: .SinuBouncingBall

===========================================================================================
----------------- testing Thu Sep 12 05:35:18 UTC 2019 /home/travis/build/icyphy/ptII/ptolemy/domains/continuous/test/auto/Sinusoid.xml
----------------- Instantiating /home/travis/build/icyphy/ptII/ptolemy/domains/continuous/test/auto/Sinusoid.xml
5 ms. Memory: 323584K Free: 146206K (45%)
----------------- Invoking toplevel() on ptolemy.moml.MoMLSimpleApplication@49619ff
----------------- Done invoking toplevel() on ptolemy.moml.MoMLSimpleApplication@49619ff
reloadAllAccessors: .Sinusoid

===========================================================================================
----------------- testing Thu Sep 12 05:35:18 UTC 2019 /home/travis/build/icyphy/ptII/ptolemy/domains/continuous/test/auto/SinusoidInNoise.xml
----------------- Instantiating /home/travis/build/icyphy/ptII/ptolemy/domains/continuous/test/auto/SinusoidInNoise.xml
944 ms. Memory: 323584K Free: 203534K (63%)
----------------- Invoking toplevel() on ptolemy.moml.MoMLSimpleApplication@125bcfe2
----------------- Done invoking toplevel() on ptolemy.moml.MoMLSimpleApplication@125bcfe2
reloadAllAccessors: .SinusoidInNoise

===========================================================================================
----------------- testing Thu Sep 12 05:35:19 UTC 2019 /home/travis/build/icyphy/ptII/ptolemy/domains/continuous/test/auto/SinusoidRK45.xml
----------------- Instantiating /home/travis/build/icyphy/ptII/ptolemy/domains/continuous/test/auto/SinusoidRK45.xml
2 ms. Memory: 323584K Free: 199326K (62%)
----------------- Invoking toplevel() on ptolemy.moml.MoMLSimpleApplication@9e8f319
----------------- Done invoking toplevel() on ptolemy.moml.MoMLSimpleApplication@9e8f319
reloadAllAccessors: .SinusoidRK45

===========================================================================================
----------------- testing Thu Sep 12 05:35:19 UTC 2019 /home/travis/build/icyphy/ptII/ptolemy/domains/continuous/test/auto/SinusoidWithMultipleImpulses.xml
----------------- Instantiating /home/travis/build/icyphy/ptII/ptolemy/domains/continuous/test/auto/SinusoidWithMultipleImpulses.xml
3 ms. Memory: 323584K Free: 194735K (60%)
----------------- Invoking toplevel() on ptolemy.moml.MoMLSimpleApplication@486e8f3e
----------------- Done invoking toplevel() on ptolemy.moml.MoMLSimpleApplication@486e8f3e
reloadAllAccessors: .SinusoidWithMultipleImpulses

===========================================================================================
----------------- testing Thu Sep 12 05:35:19 UTC 2019 /home/travis/build/icyphy/ptII/ptolemy/domains/continuous/test/auto/SquareWave.xml
----------------- Instantiating /home/travis/build/icyphy/ptII/ptolemy/domains/continuous/test/auto/SquareWave.xml
173 ms. Memory: 323584K Free: 167087K (52%)
----------------- Invoking toplevel() on ptolemy.moml.MoMLSimpleApplication@4f285f75
----------------- Done invoking toplevel() on ptolemy.moml.MoMLSimpleApplication@4f285f75
reloadAllAccessors: .SquareWave

===========================================================================================
----------------- testing Thu Sep 12 05:35:19 UTC 2019 /home/travis/build/icyphy/ptII/ptolemy/domains/continuous/test/auto/Starmac.xml
----------------- Instantiating /home/travis/build/icyphy/ptII/ptolemy/domains/continuous/test/auto/Starmac.xml
3064 ms. Memory: 323584K Free: 234150K (72%)
----------------- Invoking toplevel() on ptolemy.moml.MoMLSimpleApplication@4dc70b76
----------------- Done invoking toplevel() on ptolemy.moml.MoMLSimpleApplication@4dc70b76
reloadAllAccessors: .Starmac

===========================================================================================
----------------- testing Thu Sep 12 05:35:22 UTC 2019 /home/travis/build/icyphy/ptII/ptolemy/domains/continuous/test/auto/StaticUnits.xml
----------------- Instantiating /home/travis/build/icyphy/ptII/ptolemy/domains/continuous/test/auto/StaticUnits.xml
2393 ms. Memory: 323584K Free: 158355K (49%)
----------------- Invoking toplevel() on ptolemy.moml.MoMLSimpleApplication@5671412f
----------------- Done invoking toplevel() on ptolemy.moml.MoMLSimpleApplication@5671412f
reloadAllAccessors: .StaticUnits

===========================================================================================
----------------- testing Thu Sep 12 05:35:26 UTC 2019 /home/travis/build/icyphy/ptII/ptolemy/domains/continuous/test/auto/StickyMasses.xml
----------------- Instantiating /home/travis/build/icyphy/ptII/ptolemy/domains/continuous/test/auto/StickyMasses.xml
163 ms. Memory: 323584K Free: 296529K (92%)
----------------- Invoking toplevel() on ptolemy.moml.MoMLSimpleApplication@2ceded29
----------------- Done invoking toplevel() on ptolemy.moml.MoMLSimpleApplication@2ceded29
reloadAllAccessors: .StickyMasses

===========================================================================================
----------------- testing Thu Sep 12 05:35:26 UTC 2019 /home/travis/build/icyphy/ptII/ptolemy/domains/continuous/test/auto/StopTime.xml
----------------- Instantiating /home/travis/build/icyphy/ptII/ptolemy/domains/continuous/test/auto/StopTime.xml
43 ms. Memory: 323584K Free: 270929K (84%)
----------------- Invoking toplevel() on ptolemy.moml.MoMLSimpleApplication@54e72b9c
----------------- Done invoking toplevel() on ptolemy.moml.MoMLSimpleApplication@54e72b9c
reloadAllAccessors: .StopTime

===========================================================================================
----------------- testing Thu Sep 12 05:35:26 UTC 2019 /home/travis/build/icyphy/ptII/ptolemy/domains/continuous/test/auto/StopTime2.xml
----------------- Instantiating /home/travis/build/icyphy/ptII/ptolemy/domains/continuous/test/auto/StopTime2.xml
33 ms. Memory: 323584K Free: 248897K (77%)
----------------- Invoking toplevel() on ptolemy.moml.MoMLSimpleApplication@c895a12
----------------- Done invoking toplevel() on ptolemy.moml.MoMLSimpleApplication@c895a12
reloadAllAccessors: .StopTime2

===========================================================================================
----------------- testing Thu Sep 12 05:35:26 UTC 2019 /home/travis/build/icyphy/ptII/ptolemy/domains/continuous/test/auto/Switch.xml
----------------- Instantiating /home/travis/build/icyphy/ptII/ptolemy/domains/continuous/test/auto/Switch.xml
39 ms. Memory: 323584K Free: 224321K (69%)
----------------- Invoking toplevel() on ptolemy.moml.MoMLSimpleApplication@477a3d10
----------------- Done invoking toplevel() on ptolemy.moml.MoMLSimpleApplication@477a3d10
reloadAllAccessors: .Switch

===========================================================================================
----------------- testing Thu Sep 12 05:35:26 UTC 2019 /home/travis/build/icyphy/ptII/ptolemy/domains/continuous/test/auto/Thermostat.xml
----------------- Instantiating /home/travis/build/icyphy/ptII/ptolemy/domains/continuous/test/auto/Thermostat.xml
184 ms. Memory: 323584K Free: 152145K (47%)
----------------- Invoking toplevel() on ptolemy.moml.MoMLSimpleApplication@427906b7
----------------- Done invoking toplevel() on ptolemy.moml.MoMLSimpleApplication@427906b7
reloadAllAccessors: .Thermostat

===========================================================================================
----------------- testing Thu Sep 12 05:35:26 UTC 2019 /home/travis/build/icyphy/ptII/ptolemy/domains/continuous/test/auto/TimeDelay.xml
----------------- Instantiating /home/travis/build/icyphy/ptII/ptolemy/domains/continuous/test/auto/TimeDelay.xml
5 ms. Memory: 323584K Free: 147505K (46%)
----------------- Invoking toplevel() on ptolemy.moml.MoMLSimpleApplication@6ba143e1
----------------- Done invoking toplevel() on ptolemy.moml.MoMLSimpleApplication@6ba143e1
reloadAllAccessors: .TimeDelay

===========================================================================================
----------------- testing Thu Sep 12 05:35:26 UTC 2019 /home/travis/build/icyphy/ptII/ptolemy/domains/continuous/test/auto/TimeDelay2.xml
----------------- Instantiating /home/travis/build/icyphy/ptII/ptolemy/domains/continuous/test/auto/TimeDelay2.xml
7 ms. Memory: 323584K Free: 137809K (43%)
----------------- Invoking toplevel() on ptolemy.moml.MoMLSimpleApplication@4b9038e1
----------------- Done invoking toplevel() on ptolemy.moml.MoMLSimpleApplication@4b9038e1
reloadAllAccessors: .TimeDelay2

===========================================================================================
----------------- testing Thu Sep 12 05:35:26 UTC 2019 /home/travis/build/icyphy/ptII/ptolemy/domains/continuous/test/auto/TimeDelay3.xml
----------------- Instantiating /home/travis/build/icyphy/ptII/ptolemy/domains/continuous/test/auto/TimeDelay3.xml
4 ms. Memory: 323584K Free: 133185K (41%)
----------------- Invoking toplevel() on ptolemy.moml.MoMLSimpleApplication@2785e78e
----------------- Done invoking toplevel() on ptolemy.moml.MoMLSimpleApplication@2785e78e
reloadAllAccessors: .TimeDelay3

===========================================================================================
----------------- testing Thu Sep 12 05:35:26 UTC 2019 /home/travis/build/icyphy/ptII/ptolemy/domains/continuous/test/auto/TransferAbsentToInside.xml
----------------- Instantiating /home/travis/build/icyphy/ptII/ptolemy/domains/continuous/test/auto/TransferAbsentToInside.xml
28 ms. Memory: 323584K Free: 266827K (82%)
----------------- Invoking toplevel() on ptolemy.moml.MoMLSimpleApplication@282860c0
----------------- Done invoking toplevel() on ptolemy.moml.MoMLSimpleApplication@282860c0
reloadAllAccessors: .TransferAbsentToInside

===========================================================================================
----------------- testing Thu Sep 12 05:35:26 UTC 2019 /home/travis/build/icyphy/ptII/ptolemy/domains/continuous/test/auto/Transmission.xml
----------------- Instantiating /home/travis/build/icyphy/ptII/ptolemy/domains/continuous/test/auto/Transmission.xml
760 ms. Memory: 323584K Free: 223794K (69%)
----------------- Invoking toplevel() on ptolemy.moml.MoMLSimpleApplication@6a53a857
----------------- Done invoking toplevel() on ptolemy.moml.MoMLSimpleApplication@6a53a857
reloadAllAccessors: .Transmission

===========================================================================================
----------------- testing Thu Sep 12 05:35:27 UTC 2019 /home/travis/build/icyphy/ptII/ptolemy/domains/continuous/test/auto/TriggeredContinuousClock.xml
----------------- Instantiating /home/travis/build/icyphy/ptII/ptolemy/domains/continuous/test/auto/TriggeredContinuousClock.xml
36 ms. Memory: 323584K Free: 194098K (60%)
----------------- Invoking toplevel() on ptolemy.moml.MoMLSimpleApplication@2d84807f
----------------- Done invoking toplevel() on ptolemy.moml.MoMLSimpleApplication@2d84807f
reloadAllAccessors: .TriggeredContinuousClock

===========================================================================================
----------------- testing Thu Sep 12 05:35:27 UTC 2019 /home/travis/build/icyphy/ptII/ptolemy/domains/continuous/test/auto/TwoMachineInfiniteBusControl.xml
----------------- Instantiating /home/travis/build/icyphy/ptII/ptolemy/domains/continuous/test/auto/TwoMachineInfiniteBusControl.xml
2892 ms. Memory: 323584K Free: 186911K (58%)
----------------- Invoking toplevel() on ptolemy.moml.MoMLSimpleApplication@1b1b961e
----------------- Done invoking toplevel() on ptolemy.moml.MoMLSimpleApplication@1b1b961e
reloadAllAccessors: .TwoMachineInfiniteBusControl

===========================================================================================
----------------- testing Thu Sep 12 05:35:30 UTC 2019 /home/travis/build/icyphy/ptII/ptolemy/domains/continuous/test/auto/V2V.xml
----------------- Instantiating /home/travis/build/icyphy/ptII/ptolemy/domains/continuous/test/auto/V2V.xml
752 ms. Memory: 323584K Free: 186870K (58%)
----------------- Invoking toplevel() on ptolemy.moml.MoMLSimpleApplication@3fe832a1
----------------- Done invoking toplevel() on ptolemy.moml.MoMLSimpleApplication@3fe832a1
reloadAllAccessors: .V2V

===========================================================================================
----------------- testing Thu Sep 12 05:35:31 UTC 2019 /home/travis/build/icyphy/ptII/ptolemy/domains/continuous/test/auto/hierarchicalModalModel.xml
----------------- Instantiating /home/travis/build/icyphy/ptII/ptolemy/domains/continuous/test/auto/hierarchicalModalModel.xml
8 ms. Memory: 323584K Free: 172534K (53%)
----------------- Invoking toplevel() on ptolemy.moml.MoMLSimpleApplication@245ede09
----------------- Done invoking toplevel() on ptolemy.moml.MoMLSimpleApplication@245ede09
reloadAllAccessors: .hierarchicalModalModel

===========================================================================================
----------------- testing Thu Sep 12 05:35:31 UTC 2019 /home/travis/build/icyphy/ptII/ptolemy/domains/continuous/test/auto/hierarchicalModalModel1.xml
----------------- Instantiating /home/travis/build/icyphy/ptII/ptolemy/domains/continuous/test/auto/hierarchicalModalModel1.xml
8 ms. Memory: 323584K Free: 158212K (49%)
----------------- Invoking toplevel() on ptolemy.moml.MoMLSimpleApplication@2db8d33b
----------------- Done invoking toplevel() on ptolemy.moml.MoMLSimpleApplication@2db8d33b
reloadAllAccessors: .hierarchicalModalModel1

===========================================================================================
----------------- testing Thu Sep 12 05:35:31 UTC 2019 /home/travis/build/icyphy/ptII/ptolemy/domains/continuous/test/auto/hierarchicalModalModel2.xml
----------------- Instantiating /home/travis/build/icyphy/ptII/ptolemy/domains/continuous/test/auto/hierarchicalModalModel2.xml
5 ms. Memory: 323584K Free: 145910K (45%)
----------------- Invoking toplevel() on ptolemy.moml.MoMLSimpleApplication@589f968c
----------------- Done invoking toplevel() on ptolemy.moml.MoMLSimpleApplication@589f968c
reloadAllAccessors: .hierarchicalModalModel2

===========================================================================================
----------------- testing Thu Sep 12 05:35:31 UTC 2019 /home/travis/build/icyphy/ptII/ptolemy/domains/continuous/test/auto/hierarchicalModalModel3.xml
----------------- Instantiating /home/travis/build/icyphy/ptII/ptolemy/domains/continuous/test/auto/hierarchicalModalModel3.xml
5 ms. Memory: 323584K Free: 135174K (42%)
----------------- Invoking toplevel() on ptolemy.moml.MoMLSimpleApplication@9d40835
----------------- Done invoking toplevel() on ptolemy.moml.MoMLSimpleApplication@9d40835
reloadAllAccessors: .hierarchicalModalModel3

===========================================================================================
----------------- testing Thu Sep 12 05:35:31 UTC 2019 /home/travis/build/icyphy/ptII/ptolemy/domains/continuous/test/auto/hierarchicalModalModel4.xml
----------------- Instantiating /home/travis/build/icyphy/ptII/ptolemy/domains/continuous/test/auto/hierarchicalModalModel4.xml
8 ms. Memory: 323584K Free: 123396K (38%)
----------------- Invoking toplevel() on ptolemy.moml.MoMLSimpleApplication@6084fed4
----------------- Done invoking toplevel() on ptolemy.moml.MoMLSimpleApplication@6084fed4
reloadAllAccessors: .hierarchicalModalModel4

===========================================================================================
----------------- testing Thu Sep 12 05:35:31 UTC 2019 /home/travis/build/icyphy/ptII/ptolemy/domains/continuous/test/auto/junk.xml
----------------- Instantiating /home/travis/build/icyphy/ptII/ptolemy/domains/continuous/test/auto/junk.xml
149 ms. Memory: 323584K Free: 285141K (88%)
----------------- Invoking toplevel() on ptolemy.moml.MoMLSimpleApplication@23a427ca
----------------- Done invoking toplevel() on ptolemy.moml.MoMLSimpleApplication@23a427ca
reloadAllAccessors: .junk
AutoTests.java: About to close Vertx.
AutoTests.java: Vertx closed.
]]></system-out>
  <system-err><![CDATA[Warning: '.Poisson.NonStrictTest' The test produced only 393 tokens, yet the correctValues parameter was expecting 430 tokens.
]]></system-err>
</testsuite>
