<?xml version="1.0" encoding="UTF-8" ?>
<testsuite errors="0" failures="0" hostname="travis-job-65b3d863-ba27-45cf-9cb4-069a3c8520a8" name="ptolemy.domains.continuous.test.junit.JUnitTclTest" skipped="0" tests="156" time="68.478" timestamp="2018-12-21T03:46:37">
  <properties>
[...]
</properties>
  <testcase classname="ptolemy.util.test.junit.TclTests" name="[0] ThereAreNoTclTests (RunTclFile)" time="0.001" />
  <testcase classname="ptolemy.util.test.junit.AutoKnownFailedTests" name="[0] ThereAreNoKnowFailedTests (RunModel)" time="0.002" />
  <testcase classname="ptolemy.util.test.junit.AutoNameArchTests" name="[0] ThereAreNoAutoArchTests (RunModel)" time="0.001" />
  <testcase classname="ptolemy.util.test.junit.AutoTests" name="[0] /home/travis/build/icyphy/ptII/ptolemy/domains/continuous/test/auto/BouncingBall.xml (RunModel)" time="2.778" />
  <testcase classname="ptolemy.util.test.junit.AutoTests" name="[1] /home/travis/build/icyphy/ptII/ptolemy/domains/continuous/test/auto/BouncingBallWithoutGR.xml (RunModel)" time="0.831" />
  <testcase classname="ptolemy.util.test.junit.AutoTests" name="[2] /home/travis/build/icyphy/ptII/ptolemy/domains/continuous/test/auto/Brownian.xml (RunModel)" time="0.092" />
  <testcase classname="ptolemy.util.test.junit.AutoTests" name="[3] /home/travis/build/icyphy/ptII/ptolemy/domains/continuous/test/auto/CarTracking.xml (RunModel)" time="3.515" />
  <testcase classname="ptolemy.util.test.junit.AutoTests" name="[4] /home/travis/build/icyphy/ptII/ptolemy/domains/continuous/test/auto/CartPendulum.xml (RunModel)" time="0.536" />
  <testcase classname="ptolemy.util.test.junit.AutoTests" name="[5] /home/travis/build/icyphy/ptII/ptolemy/domains/continuous/test/auto/CausalityInterface10.xml (RunModel)" time="0.042" />
  <testcase classname="ptolemy.util.test.junit.AutoTests" name="[6] /home/travis/build/icyphy/ptII/ptolemy/domains/continuous/test/auto/CausalityInterface11.xml (RunModel)" time="0.035" />
  <testcase classname="ptolemy.util.test.junit.AutoTests" name="[7] /home/travis/build/icyphy/ptII/ptolemy/domains/continuous/test/auto/CausalityInterface12.xml (RunModel)" time="0.033" />
  <testcase classname="ptolemy.util.test.junit.AutoTests" name="[8] /home/travis/build/icyphy/ptII/ptolemy/domains/continuous/test/auto/CausalityInterface13.xml (RunModel)" time="0.039" />
  <testcase classname="ptolemy.util.test.junit.AutoTests" name="[9] /home/travis/build/icyphy/ptII/ptolemy/domains/continuous/test/auto/CausalityInterface14.xml (RunModel)" time="0.031" />
  <testcase classname="ptolemy.util.test.junit.AutoTests" name="[10] /home/travis/build/icyphy/ptII/ptolemy/domains/continuous/test/auto/CausalityInterface4.xml (RunModel)" time="0.028" />
  <testcase classname="ptolemy.util.test.junit.AutoTests" name="[11] /home/travis/build/icyphy/ptII/ptolemy/domains/continuous/test/auto/CausalityInterface5.xml (RunModel)" time="0.05" />
  <testcase classname="ptolemy.util.test.junit.AutoTests" name="[12] /home/travis/build/icyphy/ptII/ptolemy/domains/continuous/test/auto/CausalityInterface6.xml (RunModel)" time="0.027" />
  <testcase classname="ptolemy.util.test.junit.AutoTests" name="[13] /home/travis/build/icyphy/ptII/ptolemy/domains/continuous/test/auto/CausalityInterface7.xml (RunModel)" time="0.041" />
  <testcase classname="ptolemy.util.test.junit.AutoTests" name="[14] /home/travis/build/icyphy/ptII/ptolemy/domains/continuous/test/auto/CausalityInterface8.xml (RunModel)" time="0.035" />
  <testcase classname="ptolemy.util.test.junit.AutoTests" name="[15] /home/travis/build/icyphy/ptII/ptolemy/domains/continuous/test/auto/CausalityInterface9.xml (RunModel)" time="0.048" />
  <testcase classname="ptolemy.util.test.junit.AutoTests" name="[16] /home/travis/build/icyphy/ptII/ptolemy/domains/continuous/test/auto/CausalityInterfaceFeedback1.xml (RunModel)" time="0.033" />
  <testcase classname="ptolemy.util.test.junit.AutoTests" name="[17] /home/travis/build/icyphy/ptII/ptolemy/domains/continuous/test/auto/CausalityInterfaceFeedback2.xml (RunModel)" time="0.036" />
  <testcase classname="ptolemy.util.test.junit.AutoTests" name="[18] /home/travis/build/icyphy/ptII/ptolemy/domains/continuous/test/auto/CompareWithCurrentTime.xml (RunModel)" time="0.024" />
  <testcase classname="ptolemy.util.test.junit.AutoTests" name="[19] /home/travis/build/icyphy/ptII/ptolemy/domains/continuous/test/auto/ComparedClocks.xml (RunModel)" time="0.067" />
  <testcase classname="ptolemy.util.test.junit.AutoTests" name="[20] /home/travis/build/icyphy/ptII/ptolemy/domains/continuous/test/auto/ContinuousAOCClone.xml (RunModel)" time="2.535" />
  <testcase classname="ptolemy.util.test.junit.AutoTests" name="[21] /home/travis/build/icyphy/ptII/ptolemy/domains/continuous/test/auto/ContinuousClock.xml (RunModel)" time="0.097" />
  <testcase classname="ptolemy.util.test.junit.AutoTests" name="[22] /home/travis/build/icyphy/ptII/ptolemy/domains/continuous/test/auto/ContinuousInContinuous.xml (RunModel)" time="0.091" />
  <testcase classname="ptolemy.util.test.junit.AutoTests" name="[23] /home/travis/build/icyphy/ptII/ptolemy/domains/continuous/test/auto/ContinuousInContinuousInContinuous.xml (RunModel)" time="0.022" />
  <testcase classname="ptolemy.util.test.junit.AutoTests" name="[24] /home/travis/build/icyphy/ptII/ptolemy/domains/continuous/test/auto/ContinuousInDE.xml (RunModel)" time="0.128" />
  <testcase classname="ptolemy.util.test.junit.AutoTests" name="[25] /home/travis/build/icyphy/ptII/ptolemy/domains/continuous/test/auto/ContinuousInDE2.xml (RunModel)" time="0.063" />
  <testcase classname="ptolemy.util.test.junit.AutoTests" name="[26] /home/travis/build/icyphy/ptII/ptolemy/domains/continuous/test/auto/ContinuousInDE3.xml (RunModel)" time="0.064" />
  <testcase classname="ptolemy.util.test.junit.AutoTests" name="[27] /home/travis/build/icyphy/ptII/ptolemy/domains/continuous/test/auto/ContinuousInDE4.xml (RunModel)" time="0.049" />
  <testcase classname="ptolemy.util.test.junit.AutoTests" name="[28] /home/travis/build/icyphy/ptII/ptolemy/domains/continuous/test/auto/ContinuousInDEDifferentRefinements.xml (RunModel)" time="0.126" />
  <testcase classname="ptolemy.util.test.junit.AutoTests" name="[29] /home/travis/build/icyphy/ptII/ptolemy/domains/continuous/test/auto/ContinuousInDEDifferentRefinementsPreemptive.xml (RunModel)" time="0.084" />
  <testcase classname="ptolemy.util.test.junit.AutoTests" name="[30] /home/travis/build/icyphy/ptII/ptolemy/domains/continuous/test/auto/ContinuousInDEInContinuous2.xml (RunModel)" time="0.058" />
  <testcase classname="ptolemy.util.test.junit.AutoTests" name="[31] /home/travis/build/icyphy/ptII/ptolemy/domains/continuous/test/auto/ContinuousInDEInContinuous3.xml (RunModel)" time="0.052" />
  <testcase classname="ptolemy.util.test.junit.AutoTests" name="[32] /home/travis/build/icyphy/ptII/ptolemy/domains/continuous/test/auto/ContinuousInDEInput.xml (RunModel)" time="0.036" />
  <testcase classname="ptolemy.util.test.junit.AutoTests" name="[33] /home/travis/build/icyphy/ptII/ptolemy/domains/continuous/test/auto/ContinuousInDEInput2.xml (RunModel)" time="0.033" />
  <testcase classname="ptolemy.util.test.junit.AutoTests" name="[34] /home/travis/build/icyphy/ptII/ptolemy/domains/continuous/test/auto/ContinuousInDEInput3.xml (RunModel)" time="0.029" />
  <testcase classname="ptolemy.util.test.junit.AutoTests" name="[35] /home/travis/build/icyphy/ptII/ptolemy/domains/continuous/test/auto/ContinuousInDESharingRefinement.xml (RunModel)" time="0.161" />
  <testcase classname="ptolemy.util.test.junit.AutoTests" name="[36] /home/travis/build/icyphy/ptII/ptolemy/domains/continuous/test/auto/ContinuousInDEwithNoPorts.xml (RunModel)" time="0.032" />
  <testcase classname="ptolemy.util.test.junit.AutoTests" name="[37] /home/travis/build/icyphy/ptII/ptolemy/domains/continuous/test/auto/ContinuousInsideDE.xml (RunModel)" time="0.079" />
  <testcase classname="ptolemy.util.test.junit.AutoTests" name="[38] /home/travis/build/icyphy/ptII/ptolemy/domains/continuous/test/auto/ContinuousMerge1.xml (RunModel)" time="0.017" />
  <testcase classname="ptolemy.util.test.junit.AutoTests" name="[39] /home/travis/build/icyphy/ptII/ptolemy/domains/continuous/test/auto/ContinuousMerge2.xml (RunModel)" time="0.057" />
  <testcase classname="ptolemy.util.test.junit.AutoTests" name="[40] /home/travis/build/icyphy/ptII/ptolemy/domains/continuous/test/auto/ContinuousMerge3.xml (RunModel)" time="0.068" />
  <testcase classname="ptolemy.util.test.junit.AutoTests" name="[41] /home/travis/build/icyphy/ptII/ptolemy/domains/continuous/test/auto/ContinuousWithinContinuous.xml (RunModel)" time="0.052" />
  <testcase classname="ptolemy.util.test.junit.AutoTests" name="[42] /home/travis/build/icyphy/ptII/ptolemy/domains/continuous/test/auto/ContinuousWithinContinuous2.xml (RunModel)" time="0.081" />
  <testcase classname="ptolemy.util.test.junit.AutoTests" name="[43] /home/travis/build/icyphy/ptII/ptolemy/domains/continuous/test/auto/ContinuousWithinContinuous3.xml (RunModel)" time="0.032" />
  <testcase classname="ptolemy.util.test.junit.AutoTests" name="[44] /home/travis/build/icyphy/ptII/ptolemy/domains/continuous/test/auto/ContinuousWithinContinuous4.xml (RunModel)" time="0.066" />
  <testcase classname="ptolemy.util.test.junit.AutoTests" name="[45] /home/travis/build/icyphy/ptII/ptolemy/domains/continuous/test/auto/ContinuousWithinContinuous5.xml (RunModel)" time="0.027" />
  <testcase classname="ptolemy.util.test.junit.AutoTests" name="[46] /home/travis/build/icyphy/ptII/ptolemy/domains/continuous/test/auto/ContinuousWithinContinuous6.xml (RunModel)" time="0.038" />
  <testcase classname="ptolemy.util.test.junit.AutoTests" name="[47] /home/travis/build/icyphy/ptII/ptolemy/domains/continuous/test/auto/ContinuousWithinContinuous7.xml (RunModel)" time="0.06" />
  <testcase classname="ptolemy.util.test.junit.AutoTests" name="[48] /home/travis/build/icyphy/ptII/ptolemy/domains/continuous/test/auto/DCMotor.xml (RunModel)" time="11.393" />
  <testcase classname="ptolemy.util.test.junit.AutoTests" name="[49] /home/travis/build/icyphy/ptII/ptolemy/domains/continuous/test/auto/DEInContinuous.xml (RunModel)" time="0.021" />
  <testcase classname="ptolemy.util.test.junit.AutoTests" name="[50] /home/travis/build/icyphy/ptII/ptolemy/domains/continuous/test/auto/DEinContinuous2.xml (RunModel)" time="0.027" />
  <testcase classname="ptolemy.util.test.junit.AutoTests" name="[51] /home/travis/build/icyphy/ptII/ptolemy/domains/continuous/test/auto/Derivative.xml (RunModel)" time="0.181" />
  <testcase classname="ptolemy.util.test.junit.AutoTests" name="[52] /home/travis/build/icyphy/ptII/ptolemy/domains/continuous/test/auto/Derivative1.xml (RunModel)" time="0.036" />
  <testcase classname="ptolemy.util.test.junit.AutoTests" name="[53] /home/travis/build/icyphy/ptII/ptolemy/domains/continuous/test/auto/DiscreteClock.xml (RunModel)" time="0.012" />
  <testcase classname="ptolemy.util.test.junit.AutoTests" name="[54] /home/travis/build/icyphy/ptII/ptolemy/domains/continuous/test/auto/EfficiencyCurve.xml (RunModel)" time="0.064" />
  <testcase classname="ptolemy.util.test.junit.AutoTests" name="[55] /home/travis/build/icyphy/ptII/ptolemy/domains/continuous/test/auto/ExponentialResponse.xml (RunModel)" time="0.107" />
  <testcase classname="ptolemy.util.test.junit.AutoTests" name="[56] /home/travis/build/icyphy/ptII/ptolemy/domains/continuous/test/auto/ExponentialResponseRK45.xml (RunModel)" time="0.033" />
  <testcase classname="ptolemy.util.test.junit.AutoTests" name="[57] /home/travis/build/icyphy/ptII/ptolemy/domains/continuous/test/auto/Friction.xml (RunModel)" time="1.365" />
  <testcase classname="ptolemy.util.test.junit.AutoTests" name="[58] /home/travis/build/icyphy/ptII/ptolemy/domains/continuous/test/auto/FurutaPendulum.xml (RunModel)" time="3.286" />
  <testcase classname="ptolemy.util.test.junit.AutoTests" name="[59] /home/travis/build/icyphy/ptII/ptolemy/domains/continuous/test/auto/HierarchicalExecution.xml (RunModel)" time="1.996" />
  <testcase classname="ptolemy.util.test.junit.AutoTests" name="[60] /home/travis/build/icyphy/ptII/ptolemy/domains/continuous/test/auto/HybridPlant.xml (RunModel)" time="0.514" />
  <testcase classname="ptolemy.util.test.junit.AutoTests" name="[61] /home/travis/build/icyphy/ptII/ptolemy/domains/continuous/test/auto/Hysteresis.xml (RunModel)" time="0.174" />
  <testcase classname="ptolemy.util.test.junit.AutoTests" name="[62] /home/travis/build/icyphy/ptII/ptolemy/domains/continuous/test/auto/HysteresisWithRandomDelay.xml (RunModel)" time="0.197" />
  <testcase classname="ptolemy.util.test.junit.AutoTests" name="[63] /home/travis/build/icyphy/ptII/ptolemy/domains/continuous/test/auto/HysteresisWithRandomLosses.xml (RunModel)" time="2.082" />
  <testcase classname="ptolemy.util.test.junit.AutoTests" name="[64] /home/travis/build/icyphy/ptII/ptolemy/domains/continuous/test/auto/ImmediateTransitions.xml (RunModel)" time="0.029" />
  <testcase classname="ptolemy.util.test.junit.AutoTests" name="[65] /home/travis/build/icyphy/ptII/ptolemy/domains/continuous/test/auto/ImpulseFeedback.xml (RunModel)" time="0.033" />
  <testcase classname="ptolemy.util.test.junit.AutoTests" name="[66] /home/travis/build/icyphy/ptII/ptolemy/domains/continuous/test/auto/ImpulseFeedback2.xml (RunModel)" time="0.016" />
  <testcase classname="ptolemy.util.test.junit.AutoTests" name="[67] /home/travis/build/icyphy/ptII/ptolemy/domains/continuous/test/auto/IncreasingRatePoisson.xml (RunModel)" time="0.641" />
  <testcase classname="ptolemy.util.test.junit.AutoTests" name="[68] /home/travis/build/icyphy/ptII/ptolemy/domains/continuous/test/auto/InitialStateFeedback.xml (RunModel)" time="0.022" />
  <testcase classname="ptolemy.util.test.junit.AutoTests" name="[69] /home/travis/build/icyphy/ptII/ptolemy/domains/continuous/test/auto/Integration.xml (RunModel)" time="0.009" />
  <testcase classname="ptolemy.util.test.junit.AutoTests" name="[70] /home/travis/build/icyphy/ptII/ptolemy/domains/continuous/test/auto/Integration2.xml (RunModel)" time="0.101" />
  <testcase classname="ptolemy.util.test.junit.AutoTests" name="[71] /home/travis/build/icyphy/ptII/ptolemy/domains/continuous/test/auto/Integration3.xml (RunModel)" time="0.013" />
  <testcase classname="ptolemy.util.test.junit.AutoTests" name="[72] /home/travis/build/icyphy/ptII/ptolemy/domains/continuous/test/auto/Integration5.xml (RunModel)" time="0.01" />
  <testcase classname="ptolemy.util.test.junit.AutoTests" name="[73] /home/travis/build/icyphy/ptII/ptolemy/domains/continuous/test/auto/IntegratorImpulse.xml (RunModel)" time="0.014" />
  <testcase classname="ptolemy.util.test.junit.AutoTests" name="[74] /home/travis/build/icyphy/ptII/ptolemy/domains/continuous/test/auto/IntegratorImpulse2.xml (RunModel)" time="0.015" />
  <testcase classname="ptolemy.util.test.junit.AutoTests" name="[75] /home/travis/build/icyphy/ptII/ptolemy/domains/continuous/test/auto/LevelCrossing1.xml (RunModel)" time="0.019" />
  <testcase classname="ptolemy.util.test.junit.AutoTests" name="[76] /home/travis/build/icyphy/ptII/ptolemy/domains/continuous/test/auto/LevelCrossing2.xml (RunModel)" time="0.016" />
  <testcase classname="ptolemy.util.test.junit.AutoTests" name="[77] /home/travis/build/icyphy/ptII/ptolemy/domains/continuous/test/auto/LevelCrossing3.xml (RunModel)" time="0.013" />
  <testcase classname="ptolemy.util.test.junit.AutoTests" name="[78] /home/travis/build/icyphy/ptII/ptolemy/domains/continuous/test/auto/LevelCrossing4.xml (RunModel)" time="0.013" />
  <testcase classname="ptolemy.util.test.junit.AutoTests" name="[79] /home/travis/build/icyphy/ptII/ptolemy/domains/continuous/test/auto/LevelCrossing5.xml (RunModel)" time="0.013" />
  <testcase classname="ptolemy.util.test.junit.AutoTests" name="[80] /home/travis/build/icyphy/ptII/ptolemy/domains/continuous/test/auto/LevelCrossing6.xml (RunModel)" time="0.012" />
  <testcase classname="ptolemy.util.test.junit.AutoTests" name="[81] /home/travis/build/icyphy/ptII/ptolemy/domains/continuous/test/auto/LevelCrossingDetector.xml (RunModel)" time="0.041" />
  <testcase classname="ptolemy.util.test.junit.AutoTests" name="[82] /home/travis/build/icyphy/ptII/ptolemy/domains/continuous/test/auto/LevelCrossingDetectorDetectingDirections.xml (RunModel)" time="0.076" />
  <testcase classname="ptolemy.util.test.junit.AutoTests" name="[83] /home/travis/build/icyphy/ptII/ptolemy/domains/continuous/test/auto/LevelCrossingDetectorDetectsGlitches.xml (RunModel)" time="0.065" />
  <testcase classname="ptolemy.util.test.junit.AutoTests" name="[84] /home/travis/build/icyphy/ptII/ptolemy/domains/continuous/test/auto/LevelCrossingNoInitialOuput.xml (RunModel)" time="0.014" />
  <testcase classname="ptolemy.util.test.junit.AutoTests" name="[85] /home/travis/build/icyphy/ptII/ptolemy/domains/continuous/test/auto/LinearStateSpaceExample.xml (RunModel)" time="0.034" />
  <testcase classname="ptolemy.util.test.junit.AutoTests" name="[86] /home/travis/build/icyphy/ptII/ptolemy/domains/continuous/test/auto/Lorenz.xml (RunModel)" time="3.904" />
  <testcase classname="ptolemy.util.test.junit.AutoTests" name="[87] /home/travis/build/icyphy/ptII/ptolemy/domains/continuous/test/auto/LorenzDifferentialSystem.xml (RunModel)" time="1.064" />
  <testcase classname="ptolemy.util.test.junit.AutoTests" name="[88] /home/travis/build/icyphy/ptII/ptolemy/domains/continuous/test/auto/LorenzDifferentialSystemWithInput.xml (RunModel)" time="1.336" />
  <testcase classname="ptolemy.util.test.junit.AutoTests" name="[89] /home/travis/build/icyphy/ptII/ptolemy/domains/continuous/test/auto/LorenzDifferentialSystemWithTime.xml (RunModel)" time="0.762" />
  <testcase classname="ptolemy.util.test.junit.AutoTests" name="[90] /home/travis/build/icyphy/ptII/ptolemy/domains/continuous/test/auto/Microsteps.xml (RunModel)" time="0.017" />
  <testcase classname="ptolemy.util.test.junit.AutoTests" name="[91] /home/travis/build/icyphy/ptII/ptolemy/domains/continuous/test/auto/Modal1.xml (RunModel)" time="0.035" />
  <testcase classname="ptolemy.util.test.junit.AutoTests" name="[92] /home/travis/build/icyphy/ptII/ptolemy/domains/continuous/test/auto/Modal2.xml (RunModel)" time="0.031" />
  <testcase classname="ptolemy.util.test.junit.AutoTests" name="[93] /home/travis/build/icyphy/ptII/ptolemy/domains/continuous/test/auto/ModalTransitionGuardWithReset.xml (RunModel)" time="0.02" />
  <testcase classname="ptolemy.util.test.junit.AutoTests" name="[94] /home/travis/build/icyphy/ptII/ptolemy/domains/continuous/test/auto/ModalTransitionGuardWithResetUsingPreemptiveTransition.xml (RunModel)" time="0.025" />
  <testcase classname="ptolemy.util.test.junit.AutoTests" name="[95] /home/travis/build/icyphy/ptII/ptolemy/domains/continuous/test/auto/ModalTransitionGuardWithResetUsingPreemptiveTransition2.xml (RunModel)" time="0.04" />
  <testcase classname="ptolemy.util.test.junit.AutoTests" name="[96] /home/travis/build/icyphy/ptII/ptolemy/domains/continuous/test/auto/ModalTransitionGuardWithResetUsingPreemptiveTransition3.xml (RunModel)" time="0.034" />
  <testcase classname="ptolemy.util.test.junit.AutoTests" name="[97] /home/travis/build/icyphy/ptII/ptolemy/domains/continuous/test/auto/NewtonsCradle.xml (RunModel)" time="0.64" />
  <testcase classname="ptolemy.util.test.junit.AutoTests" name="[98] /home/travis/build/icyphy/ptII/ptolemy/domains/continuous/test/auto/NewtonsCradleAnimated.xml (RunModel)" time="1.055" />
  <testcase classname="ptolemy.util.test.junit.AutoTests" name="[99] /home/travis/build/icyphy/ptII/ptolemy/domains/continuous/test/auto/NewtonsCradleComplicated.xml (RunModel)" time="0.862" />
  <testcase classname="ptolemy.util.test.junit.AutoTests" name="[100] /home/travis/build/icyphy/ptII/ptolemy/domains/continuous/test/auto/NewtonsCradleNondeterministic.xml (RunModel)" time="0.62" />
  <testcase classname="ptolemy.util.test.junit.AutoTests" name="[101] /home/travis/build/icyphy/ptII/ptolemy/domains/continuous/test/auto/NewtonsCradlePerfectlyInelastic1.xml (RunModel)" time="1.113" />
  <testcase classname="ptolemy.util.test.junit.AutoTests" name="[102] /home/travis/build/icyphy/ptII/ptolemy/domains/continuous/test/auto/Noise.xml (RunModel)" time="0.156" />
  <testcase classname="ptolemy.util.test.junit.AutoTests" name="[103] /home/travis/build/icyphy/ptII/ptolemy/domains/continuous/test/auto/NoiseSpectrum.xml (RunModel)" time="0.717" />
  <testcase classname="ptolemy.util.test.junit.AutoTests" name="[104] /home/travis/build/icyphy/ptII/ptolemy/domains/continuous/test/auto/ParameterizedNewtonsCradleAnimated.xml (RunModel)" time="0.326" />
  <testcase classname="ptolemy.util.test.junit.AutoTests" name="[105] /home/travis/build/icyphy/ptII/ptolemy/domains/continuous/test/auto/ParameterizedNewtonsCradleAnimatedNondeterministic.xml (RunModel)" time="1.098" />
  <testcase classname="ptolemy.util.test.junit.AutoTests" name="[106] /home/travis/build/icyphy/ptII/ptolemy/domains/continuous/test/auto/Pendulum3D.xml (RunModel)" time="0.164" />
  <testcase classname="ptolemy.util.test.junit.AutoTests" name="[107] /home/travis/build/icyphy/ptII/ptolemy/domains/continuous/test/auto/PeriodicSampler.xml (RunModel)" time="0.01" />
  <testcase classname="ptolemy.util.test.junit.AutoTests" name="[108] /home/travis/build/icyphy/ptII/ptolemy/domains/continuous/test/auto/PeriodicSampler1.xml (RunModel)" time="0.041" />
  <testcase classname="ptolemy.util.test.junit.AutoTests" name="[109] /home/travis/build/icyphy/ptII/ptolemy/domains/continuous/test/auto/PeriodicSampler2.xml (RunModel)" time="0.081" />
  <testcase classname="ptolemy.util.test.junit.AutoTests" name="[110] /home/travis/build/icyphy/ptII/ptolemy/domains/continuous/test/auto/Poisson.xml (RunModel)" time="0.419" />
  <testcase classname="ptolemy.util.test.junit.AutoTests" name="[111] /home/travis/build/icyphy/ptII/ptolemy/domains/continuous/test/auto/PoissonClock.xml (RunModel)" time="0.012" />
  <testcase classname="ptolemy.util.test.junit.AutoTests" name="[112] /home/travis/build/icyphy/ptII/ptolemy/domains/continuous/test/auto/PoissonClock2.xml (RunModel)" time="0.018" />
  <testcase classname="ptolemy.util.test.junit.AutoTests" name="[113] /home/travis/build/icyphy/ptII/ptolemy/domains/continuous/test/auto/PortParameterHierarchy.xml (RunModel)" time="0.015" />
  <testcase classname="ptolemy.util.test.junit.AutoTests" name="[114] /home/travis/build/icyphy/ptII/ptolemy/domains/continuous/test/auto/RandomHybridPlant.xml (RunModel)" time="0.474" />
  <testcase classname="ptolemy.util.test.junit.AutoTests" name="[115] /home/travis/build/icyphy/ptII/ptolemy/domains/continuous/test/auto/ResetTransitionWithStartTime1.xml (RunModel)" time="0.032" />
  <testcase classname="ptolemy.util.test.junit.AutoTests" name="[116] /home/travis/build/icyphy/ptII/ptolemy/domains/continuous/test/auto/ResetTransitionWithStartTime2.xml (RunModel)" time="0.031" />
  <testcase classname="ptolemy.util.test.junit.AutoTests" name="[117] /home/travis/build/icyphy/ptII/ptolemy/domains/continuous/test/auto/ResetTransitionWithStartTime3.xml (RunModel)" time="0.037" />
  <testcase classname="ptolemy.util.test.junit.AutoTests" name="[118] /home/travis/build/icyphy/ptII/ptolemy/domains/continuous/test/auto/ResetTransitionWithStartTime4.xml (RunModel)" time="0.023" />
  <testcase classname="ptolemy.util.test.junit.AutoTests" name="[119] /home/travis/build/icyphy/ptII/ptolemy/domains/continuous/test/auto/ResetTransitionWithStartTime5.xml (RunModel)" time="0.029" />
  <testcase classname="ptolemy.util.test.junit.AutoTests" name="[120] /home/travis/build/icyphy/ptII/ptolemy/domains/continuous/test/auto/ResetTransitionWithStartTime6.xml (RunModel)" time="0.029" />
  <testcase classname="ptolemy.util.test.junit.AutoTests" name="[121] /home/travis/build/icyphy/ptII/ptolemy/domains/continuous/test/auto/SRinContinuous.xml (RunModel)" time="0.03" />
  <testcase classname="ptolemy.util.test.junit.AutoTests" name="[122] /home/travis/build/icyphy/ptII/ptolemy/domains/continuous/test/auto/SampledClocks.xml (RunModel)" time="0.029" />
  <testcase classname="ptolemy.util.test.junit.AutoTests" name="[123] /home/travis/build/icyphy/ptII/ptolemy/domains/continuous/test/auto/Satellite.xml (RunModel)" time="0.78" />
  <testcase classname="ptolemy.util.test.junit.AutoTests" name="[124] /home/travis/build/icyphy/ptII/ptolemy/domains/continuous/test/auto/SigmaDelta.xml (RunModel)" time="2.3" />
  <testcase classname="ptolemy.util.test.junit.AutoTests" name="[125] /home/travis/build/icyphy/ptII/ptolemy/domains/continuous/test/auto/SingleRefinement.xml (RunModel)" time="0.505" />
  <testcase classname="ptolemy.util.test.junit.AutoTests" name="[126] /home/travis/build/icyphy/ptII/ptolemy/domains/continuous/test/auto/SinuBouncingBall.xml (RunModel)" time="0.796" />
  <testcase classname="ptolemy.util.test.junit.AutoTests" name="[127] /home/travis/build/icyphy/ptII/ptolemy/domains/continuous/test/auto/Sinusoid.xml (RunModel)" time="0.015" />
  <testcase classname="ptolemy.util.test.junit.AutoTests" name="[128] /home/travis/build/icyphy/ptII/ptolemy/domains/continuous/test/auto/SinusoidInNoise.xml (RunModel)" time="0.907" />
  <testcase classname="ptolemy.util.test.junit.AutoTests" name="[129] /home/travis/build/icyphy/ptII/ptolemy/domains/continuous/test/auto/SinusoidRK45.xml (RunModel)" time="0.01" />
  <testcase classname="ptolemy.util.test.junit.AutoTests" name="[130] /home/travis/build/icyphy/ptII/ptolemy/domains/continuous/test/auto/SinusoidWithMultipleImpulses.xml (RunModel)" time="0.013" />
  <testcase classname="ptolemy.util.test.junit.AutoTests" name="[131] /home/travis/build/icyphy/ptII/ptolemy/domains/continuous/test/auto/SquareWave.xml (RunModel)" time="0.162" />
  <testcase classname="ptolemy.util.test.junit.AutoTests" name="[132] /home/travis/build/icyphy/ptII/ptolemy/domains/continuous/test/auto/Starmac.xml (RunModel)" time="3.387" />
  <testcase classname="ptolemy.util.test.junit.AutoTests" name="[133] /home/travis/build/icyphy/ptII/ptolemy/domains/continuous/test/auto/StaticUnits.xml (RunModel)" time="2.649" />
  <testcase classname="ptolemy.util.test.junit.AutoTests" name="[134] /home/travis/build/icyphy/ptII/ptolemy/domains/continuous/test/auto/StickyMasses.xml (RunModel)" time="0.196" />
  <testcase classname="ptolemy.util.test.junit.AutoTests" name="[135] /home/travis/build/icyphy/ptII/ptolemy/domains/continuous/test/auto/StopTime.xml (RunModel)" time="0.069" />
  <testcase classname="ptolemy.util.test.junit.AutoTests" name="[136] /home/travis/build/icyphy/ptII/ptolemy/domains/continuous/test/auto/StopTime2.xml (RunModel)" time="0.069" />
  <testcase classname="ptolemy.util.test.junit.AutoTests" name="[137] /home/travis/build/icyphy/ptII/ptolemy/domains/continuous/test/auto/Switch.xml (RunModel)" time="0.062" />
  <testcase classname="ptolemy.util.test.junit.AutoTests" name="[138] /home/travis/build/icyphy/ptII/ptolemy/domains/continuous/test/auto/Thermostat.xml (RunModel)" time="0.226" />
  <testcase classname="ptolemy.util.test.junit.AutoTests" name="[139] /home/travis/build/icyphy/ptII/ptolemy/domains/continuous/test/auto/TimeDelay.xml (RunModel)" time="0.019" />
  <testcase classname="ptolemy.util.test.junit.AutoTests" name="[140] /home/travis/build/icyphy/ptII/ptolemy/domains/continuous/test/auto/TimeDelay2.xml (RunModel)" time="0.016" />
  <testcase classname="ptolemy.util.test.junit.AutoTests" name="[141] /home/travis/build/icyphy/ptII/ptolemy/domains/continuous/test/auto/TimeDelay3.xml (RunModel)" time="0.01" />
  <testcase classname="ptolemy.util.test.junit.AutoTests" name="[142] /home/travis/build/icyphy/ptII/ptolemy/domains/continuous/test/auto/TransferAbsentToInside.xml (RunModel)" time="0.101" />
  <testcase classname="ptolemy.util.test.junit.AutoTests" name="[143] /home/travis/build/icyphy/ptII/ptolemy/domains/continuous/test/auto/Transmission.xml (RunModel)" time="0.754" />
  <testcase classname="ptolemy.util.test.junit.AutoTests" name="[144] /home/travis/build/icyphy/ptII/ptolemy/domains/continuous/test/auto/TriggeredContinuousClock.xml (RunModel)" time="0.067" />
  <testcase classname="ptolemy.util.test.junit.AutoTests" name="[145] /home/travis/build/icyphy/ptII/ptolemy/domains/continuous/test/auto/TwoMachineInfiniteBusControl.xml (RunModel)" time="2.866" />
  <testcase classname="ptolemy.util.test.junit.AutoTests" name="[146] /home/travis/build/icyphy/ptII/ptolemy/domains/continuous/test/auto/V2V.xml (RunModel)" time="0.806" />
  <testcase classname="ptolemy.util.test.junit.AutoTests" name="[147] /home/travis/build/icyphy/ptII/ptolemy/domains/continuous/test/auto/hierarchicalModalModel.xml (RunModel)" time="0.041" />
  <testcase classname="ptolemy.util.test.junit.AutoTests" name="[148] /home/travis/build/icyphy/ptII/ptolemy/domains/continuous/test/auto/hierarchicalModalModel1.xml (RunModel)" time="0.031" />
  <testcase classname="ptolemy.util.test.junit.AutoTests" name="[149] /home/travis/build/icyphy/ptII/ptolemy/domains/continuous/test/auto/hierarchicalModalModel2.xml (RunModel)" time="0.029" />
  <testcase classname="ptolemy.util.test.junit.AutoTests" name="[150] /home/travis/build/icyphy/ptII/ptolemy/domains/continuous/test/auto/hierarchicalModalModel3.xml (RunModel)" time="0.023" />
  <testcase classname="ptolemy.util.test.junit.AutoTests" name="[151] /home/travis/build/icyphy/ptII/ptolemy/domains/continuous/test/auto/hierarchicalModalModel4.xml (RunModel)" time="0.022" />
  <testcase classname="ptolemy.util.test.junit.AutoTests" name="[152] /home/travis/build/icyphy/ptII/ptolemy/domains/continuous/test/auto/junk.xml (RunModel)" time="0.152" />
  <system-out><![CDATA[No tcl tests in /home/travis/build/icyphy/ptII/ptolemy/domains/continuous/test
No auto/knownFailedTests/*.xml tests in /home/travis/build/icyphy/ptII/ptolemy/domains/continuous/test
No auto/linux-amd64/*.xml tests in /home/travis/build/icyphy/ptII/ptolemy/domains/continuous/test
AutoTests.java: About to close Vertx.
AutoTests.java: Vertx closed.

===========================================================================================
----------------- testing Fri Dec 21 03:46:37 UTC 2018 /home/travis/build/icyphy/ptII/ptolemy/domains/continuous/test/auto/BouncingBall.xml
----------------- Instantiating /home/travis/build/icyphy/ptII/ptolemy/domains/continuous/test/auto/BouncingBall.xml
2250 ms. Memory: 331776K Free: 259433K (78%)
----------------- Invoking toplevel() on ptolemy.moml.MoMLSimpleApplication@72e0a815
----------------- Done invoking toplevel() on ptolemy.moml.MoMLSimpleApplication@72e0a815
reloadAllAccessors: .BouncingBall

===========================================================================================
----------------- testing Fri Dec 21 03:46:40 UTC 2018 /home/travis/build/icyphy/ptII/ptolemy/domains/continuous/test/auto/BouncingBallWithoutGR.xml
----------------- Instantiating /home/travis/build/icyphy/ptII/ptolemy/domains/continuous/test/auto/BouncingBallWithoutGR.xml
718 ms. Memory: 331776K Free: 318069K (96%)
----------------- Invoking toplevel() on ptolemy.moml.MoMLSimpleApplication@2d87a03a
----------------- Done invoking toplevel() on ptolemy.moml.MoMLSimpleApplication@2d87a03a
reloadAllAccessors: .BouncingBallWithoutGR

===========================================================================================
----------------- testing Fri Dec 21 03:46:41 UTC 2018 /home/travis/build/icyphy/ptII/ptolemy/domains/continuous/test/auto/Brownian.xml
----------------- Instantiating /home/travis/build/icyphy/ptII/ptolemy/domains/continuous/test/auto/Brownian.xml
36 ms. Memory: 331776K Free: 304140K (92%)
----------------- Invoking toplevel() on ptolemy.moml.MoMLSimpleApplication@63462e95
----------------- Done invoking toplevel() on ptolemy.moml.MoMLSimpleApplication@63462e95
reloadAllAccessors: .Brownian

===========================================================================================
----------------- testing Fri Dec 21 03:46:41 UTC 2018 /home/travis/build/icyphy/ptII/ptolemy/domains/continuous/test/auto/CarTracking.xml
----------------- Instantiating /home/travis/build/icyphy/ptII/ptolemy/domains/continuous/test/auto/CarTracking.xml
3153 ms. Memory: 578048K Free: 465263K (80%)
----------------- Invoking toplevel() on ptolemy.moml.MoMLSimpleApplication@46562107
----------------- Done invoking toplevel() on ptolemy.moml.MoMLSimpleApplication@46562107
reloadAllAccessors: .CarTracking

===========================================================================================
----------------- testing Fri Dec 21 03:46:44 UTC 2018 /home/travis/build/icyphy/ptII/ptolemy/domains/continuous/test/auto/CartPendulum.xml
----------------- Instantiating /home/travis/build/icyphy/ptII/ptolemy/domains/continuous/test/auto/CartPendulum.xml
401 ms. Memory: 578048K Free: 360670K (62%)
----------------- Invoking toplevel() on ptolemy.moml.MoMLSimpleApplication@2b7869ef
----------------- Done invoking toplevel() on ptolemy.moml.MoMLSimpleApplication@2b7869ef
reloadAllAccessors: .CartPendulum

===========================================================================================
----------------- testing Fri Dec 21 03:46:45 UTC 2018 /home/travis/build/icyphy/ptII/ptolemy/domains/continuous/test/auto/CausalityInterface10.xml
----------------- Instantiating /home/travis/build/icyphy/ptII/ptolemy/domains/continuous/test/auto/CausalityInterface10.xml
13 ms. Memory: 578048K Free: 347560K (60%)
----------------- Invoking toplevel() on ptolemy.moml.MoMLSimpleApplication@364c7252
----------------- Done invoking toplevel() on ptolemy.moml.MoMLSimpleApplication@364c7252
reloadAllAccessors: .CausalityInterface10

===========================================================================================
----------------- testing Fri Dec 21 03:46:45 UTC 2018 /home/travis/build/icyphy/ptII/ptolemy/domains/continuous/test/auto/CausalityInterface11.xml
----------------- Instantiating /home/travis/build/icyphy/ptII/ptolemy/domains/continuous/test/auto/CausalityInterface11.xml
9 ms. Memory: 578048K Free: 337724K (58%)
----------------- Invoking toplevel() on ptolemy.moml.MoMLSimpleApplication@c1091fc
----------------- Done invoking toplevel() on ptolemy.moml.MoMLSimpleApplication@c1091fc
reloadAllAccessors: .CausalityInterface11

===========================================================================================
----------------- testing Fri Dec 21 03:46:45 UTC 2018 /home/travis/build/icyphy/ptII/ptolemy/domains/continuous/test/auto/CausalityInterface12.xml
----------------- Instantiating /home/travis/build/icyphy/ptII/ptolemy/domains/continuous/test/auto/CausalityInterface12.xml
6 ms. Memory: 578048K Free: 327887K (57%)
----------------- Invoking toplevel() on ptolemy.moml.MoMLSimpleApplication@3e3b7392
----------------- Done invoking toplevel() on ptolemy.moml.MoMLSimpleApplication@3e3b7392
reloadAllAccessors: .CausalityInterface12

===========================================================================================
----------------- testing Fri Dec 21 03:46:45 UTC 2018 /home/travis/build/icyphy/ptII/ptolemy/domains/continuous/test/auto/CausalityInterface13.xml
----------------- Instantiating /home/travis/build/icyphy/ptII/ptolemy/domains/continuous/test/auto/CausalityInterface13.xml
7 ms. Memory: 578048K Free: 314860K (54%)
----------------- Invoking toplevel() on ptolemy.moml.MoMLSimpleApplication@ce0c5d8
----------------- Done invoking toplevel() on ptolemy.moml.MoMLSimpleApplication@ce0c5d8
reloadAllAccessors: .CausalityInterface13

===========================================================================================
----------------- testing Fri Dec 21 03:46:45 UTC 2018 /home/travis/build/icyphy/ptII/ptolemy/domains/continuous/test/auto/CausalityInterface14.xml
----------------- Instantiating /home/travis/build/icyphy/ptII/ptolemy/domains/continuous/test/auto/CausalityInterface14.xml
8 ms. Memory: 578048K Free: 305023K (53%)
----------------- Invoking toplevel() on ptolemy.moml.MoMLSimpleApplication@54426a0b
----------------- Done invoking toplevel() on ptolemy.moml.MoMLSimpleApplication@54426a0b
reloadAllAccessors: .CausalityInterface14

===========================================================================================
----------------- testing Fri Dec 21 03:46:45 UTC 2018 /home/travis/build/icyphy/ptII/ptolemy/domains/continuous/test/auto/CausalityInterface4.xml
----------------- Instantiating /home/travis/build/icyphy/ptII/ptolemy/domains/continuous/test/auto/CausalityInterface4.xml
7 ms. Memory: 578048K Free: 295187K (51%)
----------------- Invoking toplevel() on ptolemy.moml.MoMLSimpleApplication@348c1484
----------------- Done invoking toplevel() on ptolemy.moml.MoMLSimpleApplication@348c1484
reloadAllAccessors: .CausalityInterface4

===========================================================================================
----------------- testing Fri Dec 21 03:46:45 UTC 2018 /home/travis/build/icyphy/ptII/ptolemy/domains/continuous/test/auto/CausalityInterface5.xml
----------------- Instantiating /home/travis/build/icyphy/ptII/ptolemy/domains/continuous/test/auto/CausalityInterface5.xml
8 ms. Memory: 578048K Free: 282078K (49%)
----------------- Invoking toplevel() on ptolemy.moml.MoMLSimpleApplication@45886f55
----------------- Done invoking toplevel() on ptolemy.moml.MoMLSimpleApplication@45886f55
reloadAllAccessors: .CausalityInterface5

===========================================================================================
----------------- testing Fri Dec 21 03:46:45 UTC 2018 /home/travis/build/icyphy/ptII/ptolemy/domains/continuous/test/auto/CausalityInterface6.xml
----------------- Instantiating /home/travis/build/icyphy/ptII/ptolemy/domains/continuous/test/auto/CausalityInterface6.xml
8 ms. Memory: 578048K Free: 269065K (47%)
----------------- Invoking toplevel() on ptolemy.moml.MoMLSimpleApplication@3bbf927a
----------------- Done invoking toplevel() on ptolemy.moml.MoMLSimpleApplication@3bbf927a
reloadAllAccessors: .CausalityInterface6

===========================================================================================
----------------- testing Fri Dec 21 03:46:45 UTC 2018 /home/travis/build/icyphy/ptII/ptolemy/domains/continuous/test/auto/CausalityInterface7.xml
----------------- Instantiating /home/travis/build/icyphy/ptII/ptolemy/domains/continuous/test/auto/CausalityInterface7.xml
12 ms. Memory: 578048K Free: 255964K (44%)
----------------- Invoking toplevel() on ptolemy.moml.MoMLSimpleApplication@4955f692
----------------- Done invoking toplevel() on ptolemy.moml.MoMLSimpleApplication@4955f692
reloadAllAccessors: .CausalityInterface7

===========================================================================================
----------------- testing Fri Dec 21 03:46:45 UTC 2018 /home/travis/build/icyphy/ptII/ptolemy/domains/continuous/test/auto/CausalityInterface8.xml
----------------- Instantiating /home/travis/build/icyphy/ptII/ptolemy/domains/continuous/test/auto/CausalityInterface8.xml
5 ms. Memory: 578048K Free: 242870K (42%)
----------------- Invoking toplevel() on ptolemy.moml.MoMLSimpleApplication@2a35b060
----------------- Done invoking toplevel() on ptolemy.moml.MoMLSimpleApplication@2a35b060
reloadAllAccessors: .CausalityInterface8

===========================================================================================
----------------- testing Fri Dec 21 03:46:45 UTC 2018 /home/travis/build/icyphy/ptII/ptolemy/domains/continuous/test/auto/CausalityInterface9.xml
----------------- Instantiating /home/travis/build/icyphy/ptII/ptolemy/domains/continuous/test/auto/CausalityInterface9.xml
9 ms. Memory: 578048K Free: 226495K (39%)
----------------- Invoking toplevel() on ptolemy.moml.MoMLSimpleApplication@f8710a4
----------------- Done invoking toplevel() on ptolemy.moml.MoMLSimpleApplication@f8710a4
reloadAllAccessors: .CausalityInterface9

===========================================================================================
----------------- testing Fri Dec 21 03:46:45 UTC 2018 /home/travis/build/icyphy/ptII/ptolemy/domains/continuous/test/auto/CausalityInterfaceFeedback1.xml
----------------- Instantiating /home/travis/build/icyphy/ptII/ptolemy/domains/continuous/test/auto/CausalityInterfaceFeedback1.xml
5 ms. Memory: 578048K Free: 213475K (37%)
----------------- Invoking toplevel() on ptolemy.moml.MoMLSimpleApplication@43412e3d
----------------- Done invoking toplevel() on ptolemy.moml.MoMLSimpleApplication@43412e3d
reloadAllAccessors: .CausalityInterfaceFeedback1

===========================================================================================
----------------- testing Fri Dec 21 03:46:45 UTC 2018 /home/travis/build/icyphy/ptII/ptolemy/domains/continuous/test/auto/CausalityInterfaceFeedback2.xml
----------------- Instantiating /home/travis/build/icyphy/ptII/ptolemy/domains/continuous/test/auto/CausalityInterfaceFeedback2.xml
5 ms. Memory: 578048K Free: 203647K (35%)
----------------- Invoking toplevel() on ptolemy.moml.MoMLSimpleApplication@6eb18d22
----------------- Done invoking toplevel() on ptolemy.moml.MoMLSimpleApplication@6eb18d22
reloadAllAccessors: .CausalityInterfaceFeedback2

===========================================================================================
----------------- testing Fri Dec 21 03:46:45 UTC 2018 /home/travis/build/icyphy/ptII/ptolemy/domains/continuous/test/auto/CompareWithCurrentTime.xml
----------------- Instantiating /home/travis/build/icyphy/ptII/ptolemy/domains/continuous/test/auto/CompareWithCurrentTime.xml
4 ms. Memory: 578048K Free: 197100K (34%)
----------------- Invoking toplevel() on ptolemy.moml.MoMLSimpleApplication@467281bb
----------------- Done invoking toplevel() on ptolemy.moml.MoMLSimpleApplication@467281bb
reloadAllAccessors: .CompareWithCurrentTime

===========================================================================================
----------------- testing Fri Dec 21 03:46:45 UTC 2018 /home/travis/build/icyphy/ptII/ptolemy/domains/continuous/test/auto/ComparedClocks.xml
----------------- Instantiating /home/travis/build/icyphy/ptII/ptolemy/domains/continuous/test/auto/ComparedClocks.xml
8 ms. Memory: 578048K Free: 177436K (31%)
----------------- Invoking toplevel() on ptolemy.moml.MoMLSimpleApplication@7ee2f755
----------------- Done invoking toplevel() on ptolemy.moml.MoMLSimpleApplication@7ee2f755
reloadAllAccessors: .ComparedClocks

===========================================================================================
----------------- testing Fri Dec 21 03:46:45 UTC 2018 /home/travis/build/icyphy/ptII/ptolemy/domains/continuous/test/auto/ContinuousAOCClone.xml
----------------- Instantiating /home/travis/build/icyphy/ptII/ptolemy/domains/continuous/test/auto/ContinuousAOCClone.xml
2308 ms. Memory: 554496K Free: 125184K (23%)
----------------- Invoking toplevel() on ptolemy.moml.MoMLSimpleApplication@46c1f8c3
----------------- Done invoking toplevel() on ptolemy.moml.MoMLSimpleApplication@46c1f8c3
reloadAllAccessors: .ContinuousAOCClone

===========================================================================================
----------------- testing Fri Dec 21 03:46:48 UTC 2018 /home/travis/build/icyphy/ptII/ptolemy/domains/continuous/test/auto/ContinuousClock.xml
----------------- Instantiating /home/travis/build/icyphy/ptII/ptolemy/domains/continuous/test/auto/ContinuousClock.xml
39 ms. Memory: 554496K Free: 96009K (17%)
----------------- Invoking toplevel() on ptolemy.moml.MoMLSimpleApplication@1ebe72f5
----------------- Done invoking toplevel() on ptolemy.moml.MoMLSimpleApplication@1ebe72f5
reloadAllAccessors: .ContinuousClock

===========================================================================================
----------------- testing Fri Dec 21 03:46:48 UTC 2018 /home/travis/build/icyphy/ptII/ptolemy/domains/continuous/test/auto/ContinuousInContinuous.xml
----------------- Instantiating /home/travis/build/icyphy/ptII/ptolemy/domains/continuous/test/auto/ContinuousInContinuous.xml
44 ms. Memory: 527872K Free: 508753K (96%)
----------------- Invoking toplevel() on ptolemy.moml.MoMLSimpleApplication@3fde6e36
----------------- Done invoking toplevel() on ptolemy.moml.MoMLSimpleApplication@3fde6e36
reloadAllAccessors: .ContinuousInContinuous

===========================================================================================
----------------- testing Fri Dec 21 03:46:48 UTC 2018 /home/travis/build/icyphy/ptII/ptolemy/domains/continuous/test/auto/ContinuousInContinuousInContinuous.xml
----------------- Instantiating /home/travis/build/icyphy/ptII/ptolemy/domains/continuous/test/auto/ContinuousInContinuousInContinuous.xml
6 ms. Memory: 527872K Free: 496934K (94%)
----------------- Invoking toplevel() on ptolemy.moml.MoMLSimpleApplication@649393c1
----------------- Done invoking toplevel() on ptolemy.moml.MoMLSimpleApplication@649393c1
reloadAllAccessors: .ContinuousInContinuousInContinuous

===========================================================================================
----------------- testing Fri Dec 21 03:46:48 UTC 2018 /home/travis/build/icyphy/ptII/ptolemy/domains/continuous/test/auto/ContinuousInDE.xml
----------------- Instantiating /home/travis/build/icyphy/ptII/ptolemy/domains/continuous/test/auto/ContinuousInDE.xml
110 ms. Memory: 527872K Free: 482149K (91%)
----------------- Invoking toplevel() on ptolemy.moml.MoMLSimpleApplication@3895c806
----------------- Done invoking toplevel() on ptolemy.moml.MoMLSimpleApplication@3895c806
reloadAllAccessors: .ContinuousInDE

===========================================================================================
----------------- testing Fri Dec 21 03:46:48 UTC 2018 /home/travis/build/icyphy/ptII/ptolemy/domains/continuous/test/auto/ContinuousInDE2.xml
----------------- Instantiating /home/travis/build/icyphy/ptII/ptolemy/domains/continuous/test/auto/ContinuousInDE2.xml
43 ms. Memory: 527872K Free: 470972K (89%)
----------------- Invoking toplevel() on ptolemy.moml.MoMLSimpleApplication@674eb65e
----------------- Done invoking toplevel() on ptolemy.moml.MoMLSimpleApplication@674eb65e
reloadAllAccessors: .ContinuousInDE2

===========================================================================================
----------------- testing Fri Dec 21 03:46:48 UTC 2018 /home/travis/build/icyphy/ptII/ptolemy/domains/continuous/test/auto/ContinuousInDE3.xml
----------------- Instantiating /home/travis/build/icyphy/ptII/ptolemy/domains/continuous/test/auto/ContinuousInDE3.xml
37 ms. Memory: 527872K Free: 458512K (87%)
----------------- Invoking toplevel() on ptolemy.moml.MoMLSimpleApplication@76bbf118
----------------- Done invoking toplevel() on ptolemy.moml.MoMLSimpleApplication@76bbf118
reloadAllAccessors: .ContinuousInDE3

===========================================================================================
----------------- testing Fri Dec 21 03:46:48 UTC 2018 /home/travis/build/icyphy/ptII/ptolemy/domains/continuous/test/auto/ContinuousInDE4.xml
----------------- Instantiating /home/travis/build/icyphy/ptII/ptolemy/domains/continuous/test/auto/ContinuousInDE4.xml
27 ms. Memory: 527872K Free: 450517K (85%)
----------------- Invoking toplevel() on ptolemy.moml.MoMLSimpleApplication@48a5a8e0
----------------- Done invoking toplevel() on ptolemy.moml.MoMLSimpleApplication@48a5a8e0
reloadAllAccessors: .ContinuousInDE4

===========================================================================================
----------------- testing Fri Dec 21 03:46:48 UTC 2018 /home/travis/build/icyphy/ptII/ptolemy/domains/continuous/test/auto/ContinuousInDEDifferentRefinements.xml
----------------- Instantiating /home/travis/build/icyphy/ptII/ptolemy/domains/continuous/test/auto/ContinuousInDEDifferentRefinements.xml
72 ms. Memory: 527872K Free: 416888K (79%)
----------------- Invoking toplevel() on ptolemy.moml.MoMLSimpleApplication@59a1f548
----------------- Done invoking toplevel() on ptolemy.moml.MoMLSimpleApplication@59a1f548
reloadAllAccessors: .ContinuousInDEDifferentRefinements

===========================================================================================
----------------- testing Fri Dec 21 03:46:49 UTC 2018 /home/travis/build/icyphy/ptII/ptolemy/domains/continuous/test/auto/ContinuousInDEDifferentRefinementsPreemptive.xml
----------------- Instantiating /home/travis/build/icyphy/ptII/ptolemy/domains/continuous/test/auto/ContinuousInDEDifferentRefinementsPreemptive.xml
40 ms. Memory: 527872K Free: 382009K (72%)
----------------- Invoking toplevel() on ptolemy.moml.MoMLSimpleApplication@62f17418
----------------- Done invoking toplevel() on ptolemy.moml.MoMLSimpleApplication@62f17418
reloadAllAccessors: .ContinuousInDEDifferentRefinementsPreemptive

===========================================================================================
----------------- testing Fri Dec 21 03:46:49 UTC 2018 /home/travis/build/icyphy/ptII/ptolemy/domains/continuous/test/auto/ContinuousInDEInContinuous2.xml
----------------- Instantiating /home/travis/build/icyphy/ptII/ptolemy/domains/continuous/test/auto/ContinuousInDEInContinuous2.xml
36 ms. Memory: 527872K Free: 366366K (69%)
----------------- Invoking toplevel() on ptolemy.moml.MoMLSimpleApplication@24a7f169
----------------- Done invoking toplevel() on ptolemy.moml.MoMLSimpleApplication@24a7f169
reloadAllAccessors: .ContinuousInDEInContinuous2

===========================================================================================
----------------- testing Fri Dec 21 03:46:49 UTC 2018 /home/travis/build/icyphy/ptII/ptolemy/domains/continuous/test/auto/ContinuousInDEInContinuous3.xml
----------------- Instantiating /home/travis/build/icyphy/ptII/ptolemy/domains/continuous/test/auto/ContinuousInDEInContinuous3.xml
34 ms. Memory: 527872K Free: 349426K (66%)
----------------- Invoking toplevel() on ptolemy.moml.MoMLSimpleApplication@266bc803
----------------- Done invoking toplevel() on ptolemy.moml.MoMLSimpleApplication@266bc803
reloadAllAccessors: .ContinuousInDEInContinuous3

===========================================================================================
----------------- testing Fri Dec 21 03:46:49 UTC 2018 /home/travis/build/icyphy/ptII/ptolemy/domains/continuous/test/auto/ContinuousInDEInput.xml
----------------- Instantiating /home/travis/build/icyphy/ptII/ptolemy/domains/continuous/test/auto/ContinuousInDEInput.xml
14 ms. Memory: 527872K Free: 336982K (64%)
----------------- Invoking toplevel() on ptolemy.moml.MoMLSimpleApplication@6a158712
----------------- Done invoking toplevel() on ptolemy.moml.MoMLSimpleApplication@6a158712
reloadAllAccessors: .ContinuousInDEInput

===========================================================================================
----------------- testing Fri Dec 21 03:46:49 UTC 2018 /home/travis/build/icyphy/ptII/ptolemy/domains/continuous/test/auto/ContinuousInDEInput2.xml
----------------- Instantiating /home/travis/build/icyphy/ptII/ptolemy/domains/continuous/test/auto/ContinuousInDEInput2.xml
16 ms. Memory: 527872K Free: 328037K (62%)
----------------- Invoking toplevel() on ptolemy.moml.MoMLSimpleApplication@3ac15323
----------------- Done invoking toplevel() on ptolemy.moml.MoMLSimpleApplication@3ac15323
reloadAllAccessors: .ContinuousInDEInput2

===========================================================================================
----------------- testing Fri Dec 21 03:46:49 UTC 2018 /home/travis/build/icyphy/ptII/ptolemy/domains/continuous/test/auto/ContinuousInDEInput3.xml
----------------- Instantiating /home/travis/build/icyphy/ptII/ptolemy/domains/continuous/test/auto/ContinuousInDEInput3.xml
12 ms. Memory: 527872K Free: 317826K (60%)
----------------- Invoking toplevel() on ptolemy.moml.MoMLSimpleApplication@67f04b50
----------------- Done invoking toplevel() on ptolemy.moml.MoMLSimpleApplication@67f04b50
reloadAllAccessors: .ContinuousInDEInput3

===========================================================================================
----------------- testing Fri Dec 21 03:46:49 UTC 2018 /home/travis/build/icyphy/ptII/ptolemy/domains/continuous/test/auto/ContinuousInDESharingRefinement.xml
----------------- Instantiating /home/travis/build/icyphy/ptII/ptolemy/domains/continuous/test/auto/ContinuousInDESharingRefinement.xml
129 ms. Memory: 527872K Free: 220144K (42%)
----------------- Invoking toplevel() on ptolemy.moml.MoMLSimpleApplication@74702a1d
----------------- Done invoking toplevel() on ptolemy.moml.MoMLSimpleApplication@74702a1d
reloadAllAccessors: .ContinuousInDESharingRefinement

===========================================================================================
----------------- testing Fri Dec 21 03:46:49 UTC 2018 /home/travis/build/icyphy/ptII/ptolemy/domains/continuous/test/auto/ContinuousInDEwithNoPorts.xml
----------------- Instantiating /home/travis/build/icyphy/ptII/ptolemy/domains/continuous/test/auto/ContinuousInDEwithNoPorts.xml
2 ms. Memory: 527872K Free: 213431K (40%)
----------------- Invoking toplevel() on ptolemy.moml.MoMLSimpleApplication@55c22698
----------------- Done invoking toplevel() on ptolemy.moml.MoMLSimpleApplication@55c22698
reloadAllAccessors: .ContinuousInDEwithNoPorts

===========================================================================================
----------------- testing Fri Dec 21 03:46:49 UTC 2018 /home/travis/build/icyphy/ptII/ptolemy/domains/continuous/test/auto/ContinuousInsideDE.xml
----------------- Instantiating /home/travis/build/icyphy/ptII/ptolemy/domains/continuous/test/auto/ContinuousInsideDE.xml
46 ms. Memory: 527872K Free: 196498K (37%)
----------------- Invoking toplevel() on ptolemy.moml.MoMLSimpleApplication@72c94622
----------------- Done invoking toplevel() on ptolemy.moml.MoMLSimpleApplication@72c94622
reloadAllAccessors: .ContinuousInsideDE

===========================================================================================
----------------- testing Fri Dec 21 03:46:49 UTC 2018 /home/travis/build/icyphy/ptII/ptolemy/domains/continuous/test/auto/ContinuousMerge1.xml
----------------- Instantiating /home/travis/build/icyphy/ptII/ptolemy/domains/continuous/test/auto/ContinuousMerge1.xml
3 ms. Memory: 527872K Free: 188496K (36%)
----------------- Invoking toplevel() on ptolemy.moml.MoMLSimpleApplication@6b2a20a9
----------------- Done invoking toplevel() on ptolemy.moml.MoMLSimpleApplication@6b2a20a9
reloadAllAccessors: .ContinuousMerge1

===========================================================================================
----------------- testing Fri Dec 21 03:46:49 UTC 2018 /home/travis/build/icyphy/ptII/ptolemy/domains/continuous/test/auto/ContinuousMerge2.xml
----------------- Instantiating /home/travis/build/icyphy/ptII/ptolemy/domains/continuous/test/auto/ContinuousMerge2.xml
13 ms. Memory: 527872K Free: 175077K (33%)
----------------- Invoking toplevel() on ptolemy.moml.MoMLSimpleApplication@758a1161
----------------- Done invoking toplevel() on ptolemy.moml.MoMLSimpleApplication@758a1161
reloadAllAccessors: .ContinuousMerge2

===========================================================================================
----------------- testing Fri Dec 21 03:46:49 UTC 2018 /home/travis/build/icyphy/ptII/ptolemy/domains/continuous/test/auto/ContinuousMerge3.xml
----------------- Instantiating /home/travis/build/icyphy/ptII/ptolemy/domains/continuous/test/auto/ContinuousMerge3.xml
41 ms. Memory: 527872K Free: 160385K (30%)
----------------- Invoking toplevel() on ptolemy.moml.MoMLSimpleApplication@797eb613
----------------- Done invoking toplevel() on ptolemy.moml.MoMLSimpleApplication@797eb613
reloadAllAccessors: .ContinuousMerge3

===========================================================================================
----------------- testing Fri Dec 21 03:46:49 UTC 2018 /home/travis/build/icyphy/ptII/ptolemy/domains/continuous/test/auto/ContinuousWithinContinuous.xml
----------------- Instantiating /home/travis/build/icyphy/ptII/ptolemy/domains/continuous/test/auto/ContinuousWithinContinuous.xml
31 ms. Memory: 527872K Free: 149200K (28%)
----------------- Invoking toplevel() on ptolemy.moml.MoMLSimpleApplication@3f2cc3ac
----------------- Done invoking toplevel() on ptolemy.moml.MoMLSimpleApplication@3f2cc3ac
reloadAllAccessors: .ContinuousWithinContinuous

===========================================================================================
----------------- testing Fri Dec 21 03:46:49 UTC 2018 /home/travis/build/icyphy/ptII/ptolemy/domains/continuous/test/auto/ContinuousWithinContinuous2.xml
----------------- Instantiating /home/travis/build/icyphy/ptII/ptolemy/domains/continuous/test/auto/ContinuousWithinContinuous2.xml
61 ms. Memory: 527872K Free: 134508K (25%)
----------------- Invoking toplevel() on ptolemy.moml.MoMLSimpleApplication@5b3dccce
----------------- Done invoking toplevel() on ptolemy.moml.MoMLSimpleApplication@5b3dccce
reloadAllAccessors: .ContinuousWithinContinuous2

===========================================================================================
----------------- testing Fri Dec 21 03:46:49 UTC 2018 /home/travis/build/icyphy/ptII/ptolemy/domains/continuous/test/auto/ContinuousWithinContinuous3.xml
----------------- Instantiating /home/travis/build/icyphy/ptII/ptolemy/domains/continuous/test/auto/ContinuousWithinContinuous3.xml
14 ms. Memory: 527872K Free: 124273K (24%)
----------------- Invoking toplevel() on ptolemy.moml.MoMLSimpleApplication@15d11e6d
----------------- Done invoking toplevel() on ptolemy.moml.MoMLSimpleApplication@15d11e6d
reloadAllAccessors: .ContinuousWithinContinuous3

===========================================================================================
----------------- testing Fri Dec 21 03:46:49 UTC 2018 /home/travis/build/icyphy/ptII/ptolemy/domains/continuous/test/auto/ContinuousWithinContinuous4.xml
----------------- Instantiating /home/travis/build/icyphy/ptII/ptolemy/domains/continuous/test/auto/ContinuousWithinContinuous4.xml
54 ms. Memory: 527872K Free: 110863K (21%)
----------------- Invoking toplevel() on ptolemy.moml.MoMLSimpleApplication@641f2a3
----------------- Done invoking toplevel() on ptolemy.moml.MoMLSimpleApplication@641f2a3
reloadAllAccessors: .ContinuousWithinContinuous4

===========================================================================================
----------------- testing Fri Dec 21 03:46:49 UTC 2018 /home/travis/build/icyphy/ptII/ptolemy/domains/continuous/test/auto/ContinuousWithinContinuous5.xml
----------------- Instantiating /home/travis/build/icyphy/ptII/ptolemy/domains/continuous/test/auto/ContinuousWithinContinuous5.xml
11 ms. Memory: 527872K Free: 100652K (19%)
----------------- Invoking toplevel() on ptolemy.moml.MoMLSimpleApplication@3c4708c6
----------------- Done invoking toplevel() on ptolemy.moml.MoMLSimpleApplication@3c4708c6
reloadAllAccessors: .ContinuousWithinContinuous5

===========================================================================================
----------------- testing Fri Dec 21 03:46:50 UTC 2018 /home/travis/build/icyphy/ptII/ptolemy/domains/continuous/test/auto/ContinuousWithinContinuous6.xml
----------------- Instantiating /home/travis/build/icyphy/ptII/ptolemy/domains/continuous/test/auto/ContinuousWithinContinuous6.xml
9 ms. Memory: 527872K Free: 90440K (17%)
----------------- Invoking toplevel() on ptolemy.moml.MoMLSimpleApplication@e64ae5d
----------------- Done invoking toplevel() on ptolemy.moml.MoMLSimpleApplication@e64ae5d
reloadAllAccessors: .ContinuousWithinContinuous6

===========================================================================================
----------------- testing Fri Dec 21 03:46:50 UTC 2018 /home/travis/build/icyphy/ptII/ptolemy/domains/continuous/test/auto/ContinuousWithinContinuous7.xml
----------------- Instantiating /home/travis/build/icyphy/ptII/ptolemy/domains/continuous/test/auto/ContinuousWithinContinuous7.xml
48 ms. Memory: 527872K Free: 77030K (15%)
----------------- Invoking toplevel() on ptolemy.moml.MoMLSimpleApplication@1e23faaa
----------------- Done invoking toplevel() on ptolemy.moml.MoMLSimpleApplication@1e23faaa
reloadAllAccessors: .ContinuousWithinContinuous7

===========================================================================================
----------------- testing Fri Dec 21 03:46:50 UTC 2018 /home/travis/build/icyphy/ptII/ptolemy/domains/continuous/test/auto/DCMotor.xml
----------------- Instantiating /home/travis/build/icyphy/ptII/ptolemy/domains/continuous/test/auto/DCMotor.xml
11297 ms. Memory: 368640K Free: 310435K (84%)
----------------- Invoking toplevel() on ptolemy.moml.MoMLSimpleApplication@1f864ba5
----------------- Done invoking toplevel() on ptolemy.moml.MoMLSimpleApplication@1f864ba5
reloadAllAccessors: .DCMotor

===========================================================================================
----------------- testing Fri Dec 21 03:47:01 UTC 2018 /home/travis/build/icyphy/ptII/ptolemy/domains/continuous/test/auto/DEInContinuous.xml
----------------- Instantiating /home/travis/build/icyphy/ptII/ptolemy/domains/continuous/test/auto/DEInContinuous.xml
8 ms. Memory: 368640K Free: 297351K (81%)
----------------- Invoking toplevel() on ptolemy.moml.MoMLSimpleApplication@135cd4bf
----------------- Done invoking toplevel() on ptolemy.moml.MoMLSimpleApplication@135cd4bf
reloadAllAccessors: .DEInContinuous

===========================================================================================
----------------- testing Fri Dec 21 03:47:01 UTC 2018 /home/travis/build/icyphy/ptII/ptolemy/domains/continuous/test/auto/DEinContinuous2.xml
----------------- Instantiating /home/travis/build/icyphy/ptII/ptolemy/domains/continuous/test/auto/DEinContinuous2.xml
6 ms. Memory: 368640K Free: 279848K (76%)
----------------- Invoking toplevel() on ptolemy.moml.MoMLSimpleApplication@76f79ff2
----------------- Done invoking toplevel() on ptolemy.moml.MoMLSimpleApplication@76f79ff2
reloadAllAccessors: .DEinContinuous2

===========================================================================================
----------------- testing Fri Dec 21 03:47:01 UTC 2018 /home/travis/build/icyphy/ptII/ptolemy/domains/continuous/test/auto/Derivative.xml
----------------- Instantiating /home/travis/build/icyphy/ptII/ptolemy/domains/continuous/test/auto/Derivative.xml
129 ms. Memory: 368640K Free: 239824K (65%)
----------------- Invoking toplevel() on ptolemy.moml.MoMLSimpleApplication@2da0219f
----------------- Done invoking toplevel() on ptolemy.moml.MoMLSimpleApplication@2da0219f
reloadAllAccessors: .Derivative2

===========================================================================================
----------------- testing Fri Dec 21 03:47:01 UTC 2018 /home/travis/build/icyphy/ptII/ptolemy/domains/continuous/test/auto/Derivative1.xml
----------------- Instantiating /home/travis/build/icyphy/ptII/ptolemy/domains/continuous/test/auto/Derivative1.xml
12 ms. Memory: 368640K Free: 221714K (60%)
----------------- Invoking toplevel() on ptolemy.moml.MoMLSimpleApplication@35e8794e
----------------- Done invoking toplevel() on ptolemy.moml.MoMLSimpleApplication@35e8794e
reloadAllAccessors: .Derivative1

===========================================================================================
----------------- testing Fri Dec 21 03:47:01 UTC 2018 /home/travis/build/icyphy/ptII/ptolemy/domains/continuous/test/auto/DiscreteClock.xml
----------------- Instantiating /home/travis/build/icyphy/ptII/ptolemy/domains/continuous/test/auto/DiscreteClock.xml
4 ms. Memory: 368640K Free: 209849K (57%)
----------------- Invoking toplevel() on ptolemy.moml.MoMLSimpleApplication@28ddc57
----------------- Done invoking toplevel() on ptolemy.moml.MoMLSimpleApplication@28ddc57
reloadAllAccessors: .DiscreteClock

===========================================================================================
----------------- testing Fri Dec 21 03:47:01 UTC 2018 /home/travis/build/icyphy/ptII/ptolemy/domains/continuous/test/auto/EfficiencyCurve.xml
----------------- Instantiating /home/travis/build/icyphy/ptII/ptolemy/domains/continuous/test/auto/EfficiencyCurve.xml
41 ms. Memory: 368640K Free: 197361K (54%)
----------------- Invoking toplevel() on ptolemy.moml.MoMLSimpleApplication@29831cfd
----------------- Done invoking toplevel() on ptolemy.moml.MoMLSimpleApplication@29831cfd
reloadAllAccessors: .EfficiencyCurve

===========================================================================================
----------------- testing Fri Dec 21 03:47:01 UTC 2018 /home/travis/build/icyphy/ptII/ptolemy/domains/continuous/test/auto/ExponentialResponse.xml
----------------- Instantiating /home/travis/build/icyphy/ptII/ptolemy/domains/continuous/test/auto/ExponentialResponse.xml
97 ms. Memory: 368640K Free: 171441K (47%)
----------------- Invoking toplevel() on ptolemy.moml.MoMLSimpleApplication@292251c0
----------------- Done invoking toplevel() on ptolemy.moml.MoMLSimpleApplication@292251c0
reloadAllAccessors: .ExponentialResponse

===========================================================================================
----------------- testing Fri Dec 21 03:47:01 UTC 2018 /home/travis/build/icyphy/ptII/ptolemy/domains/continuous/test/auto/ExponentialResponseRK45.xml
----------------- Instantiating /home/travis/build/icyphy/ptII/ptolemy/domains/continuous/test/auto/ExponentialResponseRK45.xml
24 ms. Memory: 368640K Free: 159575K (43%)
----------------- Invoking toplevel() on ptolemy.moml.MoMLSimpleApplication@3bd8741
----------------- Done invoking toplevel() on ptolemy.moml.MoMLSimpleApplication@3bd8741
reloadAllAccessors: .ExponentialResponseRK45

===========================================================================================
----------------- testing Fri Dec 21 03:47:02 UTC 2018 /home/travis/build/icyphy/ptII/ptolemy/domains/continuous/test/auto/Friction.xml
----------------- Instantiating /home/travis/build/icyphy/ptII/ptolemy/domains/continuous/test/auto/Friction.xml
1281 ms. Memory: 338432K Free: 244096K (72%)
----------------- Invoking toplevel() on ptolemy.moml.MoMLSimpleApplication@78acec66
----------------- Done invoking toplevel() on ptolemy.moml.MoMLSimpleApplication@78acec66
reloadAllAccessors: .Friction

===========================================================================================
----------------- testing Fri Dec 21 03:47:03 UTC 2018 /home/travis/build/icyphy/ptII/ptolemy/domains/continuous/test/auto/FurutaPendulum.xml
----------------- Instantiating /home/travis/build/icyphy/ptII/ptolemy/domains/continuous/test/auto/FurutaPendulum.xml
3142 ms. Memory: 316416K Free: 226955K (72%)
----------------- Invoking toplevel() on ptolemy.moml.MoMLSimpleApplication@124cd852
----------------- Done invoking toplevel() on ptolemy.moml.MoMLSimpleApplication@124cd852
reloadAllAccessors: .FurutaPendulum

===========================================================================================
----------------- testing Fri Dec 21 03:47:06 UTC 2018 /home/travis/build/icyphy/ptII/ptolemy/domains/continuous/test/auto/HierarchicalExecution.xml
----------------- Instantiating /home/travis/build/icyphy/ptII/ptolemy/domains/continuous/test/auto/HierarchicalExecution.xml
1757 ms. Memory: 311808K Free: 149599K (48%)
----------------- Invoking toplevel() on ptolemy.moml.MoMLSimpleApplication@73430885
----------------- Done invoking toplevel() on ptolemy.moml.MoMLSimpleApplication@73430885
reloadAllAccessors: .HierarchicalExecution

===========================================================================================
----------------- testing Fri Dec 21 03:47:08 UTC 2018 /home/travis/build/icyphy/ptII/ptolemy/domains/continuous/test/auto/HybridPlant.xml
----------------- Instantiating /home/travis/build/icyphy/ptII/ptolemy/domains/continuous/test/auto/HybridPlant.xml
463 ms. Memory: 296960K Free: 84557K (28%)
----------------- Invoking toplevel() on ptolemy.moml.MoMLSimpleApplication@b280175
----------------- Done invoking toplevel() on ptolemy.moml.MoMLSimpleApplication@b280175
reloadAllAccessors: .HybridPlant

===========================================================================================
----------------- testing Fri Dec 21 03:47:09 UTC 2018 /home/travis/build/icyphy/ptII/ptolemy/domains/continuous/test/auto/Hysteresis.xml
----------------- Instantiating /home/travis/build/icyphy/ptII/ptolemy/domains/continuous/test/auto/Hysteresis.xml
144 ms. Memory: 361472K Free: 299111K (83%)
----------------- Invoking toplevel() on ptolemy.moml.MoMLSimpleApplication@473fae95
----------------- Done invoking toplevel() on ptolemy.moml.MoMLSimpleApplication@473fae95
reloadAllAccessors: .Hysteresis

===========================================================================================
----------------- testing Fri Dec 21 03:47:09 UTC 2018 /home/travis/build/icyphy/ptII/ptolemy/domains/continuous/test/auto/HysteresisWithRandomDelay.xml
----------------- Instantiating /home/travis/build/icyphy/ptII/ptolemy/domains/continuous/test/auto/HysteresisWithRandomDelay.xml
147 ms. Memory: 361472K Free: 220472K (61%)
----------------- Invoking toplevel() on ptolemy.moml.MoMLSimpleApplication@4bd06f57
----------------- Done invoking toplevel() on ptolemy.moml.MoMLSimpleApplication@4bd06f57
reloadAllAccessors: .HysteresisWithRandomDelay

===========================================================================================
----------------- testing Fri Dec 21 03:47:09 UTC 2018 /home/travis/build/icyphy/ptII/ptolemy/domains/continuous/test/auto/HysteresisWithRandomLosses.xml
----------------- Instantiating /home/travis/build/icyphy/ptII/ptolemy/domains/continuous/test/auto/HysteresisWithRandomLosses.xml
2018 ms. Memory: 553984K Free: 290594K (52%)
----------------- Invoking toplevel() on ptolemy.moml.MoMLSimpleApplication@3cacc567
----------------- Done invoking toplevel() on ptolemy.moml.MoMLSimpleApplication@3cacc567
reloadAllAccessors: .HysteresisWithRandomLosses

===========================================================================================
----------------- testing Fri Dec 21 03:47:11 UTC 2018 /home/travis/build/icyphy/ptII/ptolemy/domains/continuous/test/auto/ImmediateTransitions.xml
----------------- Instantiating /home/travis/build/icyphy/ptII/ptolemy/domains/continuous/test/auto/ImmediateTransitions.xml
8 ms. Memory: 553984K Free: 271897K (49%)
----------------- Invoking toplevel() on ptolemy.moml.MoMLSimpleApplication@66c4bff7
----------------- Done invoking toplevel() on ptolemy.moml.MoMLSimpleApplication@66c4bff7
reloadAllAccessors: .ImmediateTransitions

===========================================================================================
----------------- testing Fri Dec 21 03:47:11 UTC 2018 /home/travis/build/icyphy/ptII/ptolemy/domains/continuous/test/auto/ImpulseFeedback.xml
----------------- Instantiating /home/travis/build/icyphy/ptII/ptolemy/domains/continuous/test/auto/ImpulseFeedback.xml
10 ms. Memory: 553984K Free: 261538K (47%)
----------------- Invoking toplevel() on ptolemy.moml.MoMLSimpleApplication@32890d6
----------------- Done invoking toplevel() on ptolemy.moml.MoMLSimpleApplication@32890d6
reloadAllAccessors: .ImpulseFeedback

===========================================================================================
----------------- testing Fri Dec 21 03:47:11 UTC 2018 /home/travis/build/icyphy/ptII/ptolemy/domains/continuous/test/auto/ImpulseFeedback2.xml
----------------- Instantiating /home/travis/build/icyphy/ptII/ptolemy/domains/continuous/test/auto/ImpulseFeedback2.xml
6 ms. Memory: 553984K Free: 251302K (45%)
----------------- Invoking toplevel() on ptolemy.moml.MoMLSimpleApplication@4df384b3
----------------- Done invoking toplevel() on ptolemy.moml.MoMLSimpleApplication@4df384b3
reloadAllAccessors: .ImpulseFeedback2

===========================================================================================
----------------- testing Fri Dec 21 03:47:11 UTC 2018 /home/travis/build/icyphy/ptII/ptolemy/domains/continuous/test/auto/IncreasingRatePoisson.xml
----------------- Instantiating /home/travis/build/icyphy/ptII/ptolemy/domains/continuous/test/auto/IncreasingRatePoisson.xml
617 ms. Memory: 538112K Free: 381927K (71%)
----------------- Invoking toplevel() on ptolemy.moml.MoMLSimpleApplication@7eb0428e
----------------- Done invoking toplevel() on ptolemy.moml.MoMLSimpleApplication@7eb0428e
reloadAllAccessors: .IncreasingRatePoisson

===========================================================================================
----------------- testing Fri Dec 21 03:47:12 UTC 2018 /home/travis/build/icyphy/ptII/ptolemy/domains/continuous/test/auto/InitialStateFeedback.xml
----------------- Instantiating /home/travis/build/icyphy/ptII/ptolemy/domains/continuous/test/auto/InitialStateFeedback.xml
4 ms. Memory: 538112K Free: 373441K (69%)
----------------- Invoking toplevel() on ptolemy.moml.MoMLSimpleApplication@3a97192f
----------------- Done invoking toplevel() on ptolemy.moml.MoMLSimpleApplication@3a97192f
reloadAllAccessors: .InitialStateFeedback

===========================================================================================
----------------- testing Fri Dec 21 03:47:12 UTC 2018 /home/travis/build/icyphy/ptII/ptolemy/domains/continuous/test/auto/Integration.xml
----------------- Instantiating /home/travis/build/icyphy/ptII/ptolemy/domains/continuous/test/auto/Integration.xml
1 ms. Memory: 538112K Free: 366620K (68%)
----------------- Invoking toplevel() on ptolemy.moml.MoMLSimpleApplication@491d9edc
----------------- Done invoking toplevel() on ptolemy.moml.MoMLSimpleApplication@491d9edc
reloadAllAccessors: .Integration

===========================================================================================
----------------- testing Fri Dec 21 03:47:12 UTC 2018 /home/travis/build/icyphy/ptII/ptolemy/domains/continuous/test/auto/Integration2.xml
----------------- Instantiating /home/travis/build/icyphy/ptII/ptolemy/domains/continuous/test/auto/Integration2.xml
87 ms. Memory: 538112K Free: 347666K (65%)
----------------- Invoking toplevel() on ptolemy.moml.MoMLSimpleApplication@3f20b23e
----------------- Done invoking toplevel() on ptolemy.moml.MoMLSimpleApplication@3f20b23e
reloadAllAccessors: .Integration2

===========================================================================================
----------------- testing Fri Dec 21 03:47:12 UTC 2018 /home/travis/build/icyphy/ptII/ptolemy/domains/continuous/test/auto/Integration3.xml
----------------- Instantiating /home/travis/build/icyphy/ptII/ptolemy/domains/continuous/test/auto/Integration3.xml
3 ms. Memory: 538112K Free: 337826K (63%)
----------------- Invoking toplevel() on ptolemy.moml.MoMLSimpleApplication@64a5afb6
----------------- Done invoking toplevel() on ptolemy.moml.MoMLSimpleApplication@64a5afb6
reloadAllAccessors: .Integration3

===========================================================================================
----------------- testing Fri Dec 21 03:47:12 UTC 2018 /home/travis/build/icyphy/ptII/ptolemy/domains/continuous/test/auto/Integration5.xml
----------------- Instantiating /home/travis/build/icyphy/ptII/ptolemy/domains/continuous/test/auto/Integration5.xml
3 ms. Memory: 538112K Free: 331005K (62%)
----------------- Invoking toplevel() on ptolemy.moml.MoMLSimpleApplication@23d40a4e
----------------- Done invoking toplevel() on ptolemy.moml.MoMLSimpleApplication@23d40a4e
reloadAllAccessors: .Integration5

===========================================================================================
----------------- testing Fri Dec 21 03:47:12 UTC 2018 /home/travis/build/icyphy/ptII/ptolemy/domains/continuous/test/auto/IntegratorImpulse.xml
----------------- Instantiating /home/travis/build/icyphy/ptII/ptolemy/domains/continuous/test/auto/IntegratorImpulse.xml
2 ms. Memory: 538112K Free: 324083K (60%)
----------------- Invoking toplevel() on ptolemy.moml.MoMLSimpleApplication@24f0403d
----------------- Done invoking toplevel() on ptolemy.moml.MoMLSimpleApplication@24f0403d
reloadAllAccessors: .IntegratorImpulse

===========================================================================================
----------------- testing Fri Dec 21 03:47:12 UTC 2018 /home/travis/build/icyphy/ptII/ptolemy/domains/continuous/test/auto/IntegratorImpulse2.xml
----------------- Instantiating /home/travis/build/icyphy/ptII/ptolemy/domains/continuous/test/auto/IntegratorImpulse2.xml
3 ms. Memory: 538112K Free: 314242K (58%)
----------------- Invoking toplevel() on ptolemy.moml.MoMLSimpleApplication@3af29437
----------------- Done invoking toplevel() on ptolemy.moml.MoMLSimpleApplication@3af29437
reloadAllAccessors: .IntegratorImpulse2

===========================================================================================
----------------- testing Fri Dec 21 03:47:12 UTC 2018 /home/travis/build/icyphy/ptII/ptolemy/domains/continuous/test/auto/LevelCrossing1.xml
----------------- Instantiating /home/travis/build/icyphy/ptII/ptolemy/domains/continuous/test/auto/LevelCrossing1.xml
5 ms. Memory: 538112K Free: 304300K (57%)
----------------- Invoking toplevel() on ptolemy.moml.MoMLSimpleApplication@4429b552
----------------- Done invoking toplevel() on ptolemy.moml.MoMLSimpleApplication@4429b552
reloadAllAccessors: .LevelCrossing1

===========================================================================================
----------------- testing Fri Dec 21 03:47:12 UTC 2018 /home/travis/build/icyphy/ptII/ptolemy/domains/continuous/test/auto/LevelCrossing2.xml
----------------- Instantiating /home/travis/build/icyphy/ptII/ptolemy/domains/continuous/test/auto/LevelCrossing2.xml
3 ms. Memory: 538112K Free: 294459K (55%)
----------------- Invoking toplevel() on ptolemy.moml.MoMLSimpleApplication@52b737db
----------------- Done invoking toplevel() on ptolemy.moml.MoMLSimpleApplication@52b737db
reloadAllAccessors: .LevelCrossing2

===========================================================================================
----------------- testing Fri Dec 21 03:47:12 UTC 2018 /home/travis/build/icyphy/ptII/ptolemy/domains/continuous/test/auto/LevelCrossing3.xml
----------------- Instantiating /home/travis/build/icyphy/ptII/ptolemy/domains/continuous/test/auto/LevelCrossing3.xml
2 ms. Memory: 538112K Free: 284518K (53%)
----------------- Invoking toplevel() on ptolemy.moml.MoMLSimpleApplication@7070167f
----------------- Done invoking toplevel() on ptolemy.moml.MoMLSimpleApplication@7070167f
reloadAllAccessors: .LevelCrossing3

===========================================================================================
----------------- testing Fri Dec 21 03:47:12 UTC 2018 /home/travis/build/icyphy/ptII/ptolemy/domains/continuous/test/auto/LevelCrossing4.xml
----------------- Instantiating /home/travis/build/icyphy/ptII/ptolemy/domains/continuous/test/auto/LevelCrossing4.xml
3 ms. Memory: 538112K Free: 274677K (51%)
----------------- Invoking toplevel() on ptolemy.moml.MoMLSimpleApplication@5062a499
----------------- Done invoking toplevel() on ptolemy.moml.MoMLSimpleApplication@5062a499
reloadAllAccessors: .LevelCrossing4

===========================================================================================
----------------- testing Fri Dec 21 03:47:12 UTC 2018 /home/travis/build/icyphy/ptII/ptolemy/domains/continuous/test/auto/LevelCrossing5.xml
----------------- Instantiating /home/travis/build/icyphy/ptII/ptolemy/domains/continuous/test/auto/LevelCrossing5.xml
3 ms. Memory: 538112K Free: 264735K (49%)
----------------- Invoking toplevel() on ptolemy.moml.MoMLSimpleApplication@727d804e
----------------- Done invoking toplevel() on ptolemy.moml.MoMLSimpleApplication@727d804e
reloadAllAccessors: .LevelCrossing5

===========================================================================================
[...]
----------------- Done invoking toplevel() on ptolemy.moml.MoMLSimpleApplication@3183542
reloadAllAccessors: .ResetTransitionWithStartTime6

===========================================================================================
----------------- testing Fri Dec 21 03:47:28 UTC 2018 /home/travis/build/icyphy/ptII/ptolemy/domains/continuous/test/auto/SRinContinuous.xml
----------------- Instantiating /home/travis/build/icyphy/ptII/ptolemy/domains/continuous/test/auto/SRinContinuous.xml
8 ms. Memory: 587264K Free: 70919K (12%)
----------------- Invoking toplevel() on ptolemy.moml.MoMLSimpleApplication@6ff95bb4
----------------- Done invoking toplevel() on ptolemy.moml.MoMLSimpleApplication@6ff95bb4
reloadAllAccessors: .SRinContinuous

===========================================================================================
----------------- testing Fri Dec 21 03:47:28 UTC 2018 /home/travis/build/icyphy/ptII/ptolemy/domains/continuous/test/auto/SampledClocks.xml
----------------- Instantiating /home/travis/build/icyphy/ptII/ptolemy/domains/continuous/test/auto/SampledClocks.xml
10 ms. Memory: 587264K Free: 59896K (10%)
----------------- Invoking toplevel() on ptolemy.moml.MoMLSimpleApplication@3b05eb73
----------------- Done invoking toplevel() on ptolemy.moml.MoMLSimpleApplication@3b05eb73
reloadAllAccessors: .SampledClocks

===========================================================================================
----------------- testing Fri Dec 21 03:47:28 UTC 2018 /home/travis/build/icyphy/ptII/ptolemy/domains/continuous/test/auto/Satellite.xml
----------------- Instantiating /home/travis/build/icyphy/ptII/ptolemy/domains/continuous/test/auto/Satellite.xml
755 ms. Memory: 569344K Free: 365159K (64%)
----------------- Invoking toplevel() on ptolemy.moml.MoMLSimpleApplication@1f7ddbb7
----------------- Done invoking toplevel() on ptolemy.moml.MoMLSimpleApplication@1f7ddbb7
reloadAllAccessors: .Satellite

===========================================================================================
----------------- testing Fri Dec 21 03:47:29 UTC 2018 /home/travis/build/icyphy/ptII/ptolemy/domains/continuous/test/auto/SigmaDelta.xml
----------------- Instantiating /home/travis/build/icyphy/ptII/ptolemy/domains/continuous/test/auto/SigmaDelta.xml
2178 ms. Memory: 546816K Free: 446323K (82%)
----------------- Invoking toplevel() on ptolemy.moml.MoMLSimpleApplication@e427542
----------------- Done invoking toplevel() on ptolemy.moml.MoMLSimpleApplication@e427542
reloadAllAccessors: .SigmaDelta

===========================================================================================
----------------- testing Fri Dec 21 03:47:31 UTC 2018 /home/travis/build/icyphy/ptII/ptolemy/domains/continuous/test/auto/SingleRefinement.xml
----------------- Instantiating /home/travis/build/icyphy/ptII/ptolemy/domains/continuous/test/auto/SingleRefinement.xml
339 ms. Memory: 546816K Free: 259024K (47%)
----------------- Invoking toplevel() on ptolemy.moml.MoMLSimpleApplication@62dd6e83
----------------- Done invoking toplevel() on ptolemy.moml.MoMLSimpleApplication@62dd6e83
reloadAllAccessors: .SingleRefinement

===========================================================================================
----------------- testing Fri Dec 21 03:47:31 UTC 2018 /home/travis/build/icyphy/ptII/ptolemy/domains/continuous/test/auto/SinuBouncingBall.xml
----------------- Instantiating /home/travis/build/icyphy/ptII/ptolemy/domains/continuous/test/auto/SinuBouncingBall.xml
724 ms. Memory: 546816K Free: 37089K (7%)
----------------- Invoking toplevel() on ptolemy.moml.MoMLSimpleApplication@7d57dfb2
----------------- Done invoking toplevel() on ptolemy.moml.MoMLSimpleApplication@7d57dfb2
reloadAllAccessors: .SinuBouncingBall

===========================================================================================
----------------- testing Fri Dec 21 03:47:32 UTC 2018 /home/travis/build/icyphy/ptII/ptolemy/domains/continuous/test/auto/Sinusoid.xml
----------------- Instantiating /home/travis/build/icyphy/ptII/ptolemy/domains/continuous/test/auto/Sinusoid.xml
5 ms. Memory: 546816K Free: 29330K (5%)
----------------- Invoking toplevel() on ptolemy.moml.MoMLSimpleApplication@6c9ab0b7
----------------- Done invoking toplevel() on ptolemy.moml.MoMLSimpleApplication@6c9ab0b7
reloadAllAccessors: .Sinusoid

===========================================================================================
----------------- testing Fri Dec 21 03:47:32 UTC 2018 /home/travis/build/icyphy/ptII/ptolemy/domains/continuous/test/auto/SinusoidInNoise.xml
----------------- Instantiating /home/travis/build/icyphy/ptII/ptolemy/domains/continuous/test/auto/SinusoidInNoise.xml
860 ms. Memory: 519680K Free: 263380K (51%)
----------------- Invoking toplevel() on ptolemy.moml.MoMLSimpleApplication@177cfa94
----------------- Done invoking toplevel() on ptolemy.moml.MoMLSimpleApplication@177cfa94
reloadAllAccessors: .SinusoidInNoise

===========================================================================================
----------------- testing Fri Dec 21 03:47:33 UTC 2018 /home/travis/build/icyphy/ptII/ptolemy/domains/continuous/test/auto/SinusoidRK45.xml
----------------- Instantiating /home/travis/build/icyphy/ptII/ptolemy/domains/continuous/test/auto/SinusoidRK45.xml
2 ms. Memory: 519680K Free: 256627K (49%)
----------------- Invoking toplevel() on ptolemy.moml.MoMLSimpleApplication@57e504ad
----------------- Done invoking toplevel() on ptolemy.moml.MoMLSimpleApplication@57e504ad
reloadAllAccessors: .SinusoidRK45

===========================================================================================
----------------- testing Fri Dec 21 03:47:33 UTC 2018 /home/travis/build/icyphy/ptII/ptolemy/domains/continuous/test/auto/SinusoidWithMultipleImpulses.xml
----------------- Instantiating /home/travis/build/icyphy/ptII/ptolemy/domains/continuous/test/auto/SinusoidWithMultipleImpulses.xml
3 ms. Memory: 519680K Free: 246935K (48%)
----------------- Invoking toplevel() on ptolemy.moml.MoMLSimpleApplication@3c34bd43
----------------- Done invoking toplevel() on ptolemy.moml.MoMLSimpleApplication@3c34bd43
reloadAllAccessors: .SinusoidWithMultipleImpulses

===========================================================================================
----------------- testing Fri Dec 21 03:47:33 UTC 2018 /home/travis/build/icyphy/ptII/ptolemy/domains/continuous/test/auto/SquareWave.xml
----------------- Instantiating /home/travis/build/icyphy/ptII/ptolemy/domains/continuous/test/auto/SquareWave.xml
138 ms. Memory: 519680K Free: 216789K (42%)
----------------- Invoking toplevel() on ptolemy.moml.MoMLSimpleApplication@cbed831
----------------- Done invoking toplevel() on ptolemy.moml.MoMLSimpleApplication@cbed831
reloadAllAccessors: .SquareWave

===========================================================================================
----------------- testing Fri Dec 21 03:47:33 UTC 2018 /home/travis/build/icyphy/ptII/ptolemy/domains/continuous/test/auto/Starmac.xml
----------------- Instantiating /home/travis/build/icyphy/ptII/ptolemy/domains/continuous/test/auto/Starmac.xml
3065 ms. Memory: 504320K Free: 265649K (53%)
----------------- Invoking toplevel() on ptolemy.moml.MoMLSimpleApplication@897273c
----------------- Done invoking toplevel() on ptolemy.moml.MoMLSimpleApplication@897273c
reloadAllAccessors: .Starmac

===========================================================================================
----------------- testing Fri Dec 21 03:47:37 UTC 2018 /home/travis/build/icyphy/ptII/ptolemy/domains/continuous/test/auto/StaticUnits.xml
----------------- Instantiating /home/travis/build/icyphy/ptII/ptolemy/domains/continuous/test/auto/StaticUnits.xml
2213 ms. Memory: 484864K Free: 191949K (40%)
----------------- Invoking toplevel() on ptolemy.moml.MoMLSimpleApplication@64d5117
----------------- Done invoking toplevel() on ptolemy.moml.MoMLSimpleApplication@64d5117
reloadAllAccessors: .StaticUnits

===========================================================================================
----------------- testing Fri Dec 21 03:47:39 UTC 2018 /home/travis/build/icyphy/ptII/ptolemy/domains/continuous/test/auto/StickyMasses.xml
----------------- Instantiating /home/travis/build/icyphy/ptII/ptolemy/domains/continuous/test/auto/StickyMasses.xml
131 ms. Memory: 484864K Free: 133320K (27%)
----------------- Invoking toplevel() on ptolemy.moml.MoMLSimpleApplication@1ef39732
----------------- Done invoking toplevel() on ptolemy.moml.MoMLSimpleApplication@1ef39732
reloadAllAccessors: .StickyMasses

===========================================================================================
----------------- testing Fri Dec 21 03:47:40 UTC 2018 /home/travis/build/icyphy/ptII/ptolemy/domains/continuous/test/auto/StopTime.xml
----------------- Instantiating /home/travis/build/icyphy/ptII/ptolemy/domains/continuous/test/auto/StopTime.xml
38 ms. Memory: 484864K Free: 104454K (22%)
----------------- Invoking toplevel() on ptolemy.moml.MoMLSimpleApplication@16f558b6
----------------- Done invoking toplevel() on ptolemy.moml.MoMLSimpleApplication@16f558b6
reloadAllAccessors: .StopTime

===========================================================================================
----------------- testing Fri Dec 21 03:47:40 UTC 2018 /home/travis/build/icyphy/ptII/ptolemy/domains/continuous/test/auto/StopTime2.xml
----------------- Instantiating /home/travis/build/icyphy/ptII/ptolemy/domains/continuous/test/auto/StopTime2.xml
41 ms. Memory: 484864K Free: 77502K (16%)
----------------- Invoking toplevel() on ptolemy.moml.MoMLSimpleApplication@3e138faa
----------------- Done invoking toplevel() on ptolemy.moml.MoMLSimpleApplication@3e138faa
reloadAllAccessors: .StopTime2

===========================================================================================
----------------- testing Fri Dec 21 03:47:40 UTC 2018 /home/travis/build/icyphy/ptII/ptolemy/domains/continuous/test/auto/Switch.xml
----------------- Instantiating /home/travis/build/icyphy/ptII/ptolemy/domains/continuous/test/auto/Switch.xml
39 ms. Memory: 484864K Free: 48613K (10%)
----------------- Invoking toplevel() on ptolemy.moml.MoMLSimpleApplication@5a251262
----------------- Done invoking toplevel() on ptolemy.moml.MoMLSimpleApplication@5a251262
reloadAllAccessors: .Switch

===========================================================================================
----------------- testing Fri Dec 21 03:47:40 UTC 2018 /home/travis/build/icyphy/ptII/ptolemy/domains/continuous/test/auto/Thermostat.xml
----------------- Instantiating /home/travis/build/icyphy/ptII/ptolemy/domains/continuous/test/auto/Thermostat.xml
199 ms. Memory: 461824K Free: 349071K (76%)
----------------- Invoking toplevel() on ptolemy.moml.MoMLSimpleApplication@798a5ed9
----------------- Done invoking toplevel() on ptolemy.moml.MoMLSimpleApplication@798a5ed9
reloadAllAccessors: .Thermostat

===========================================================================================
----------------- testing Fri Dec 21 03:47:40 UTC 2018 /home/travis/build/icyphy/ptII/ptolemy/domains/continuous/test/auto/TimeDelay.xml
----------------- Instantiating /home/travis/build/icyphy/ptII/ptolemy/domains/continuous/test/auto/TimeDelay.xml
5 ms. Memory: 461824K Free: 339496K (74%)
----------------- Invoking toplevel() on ptolemy.moml.MoMLSimpleApplication@6100cafd
----------------- Done invoking toplevel() on ptolemy.moml.MoMLSimpleApplication@6100cafd
reloadAllAccessors: .TimeDelay

===========================================================================================
----------------- testing Fri Dec 21 03:47:40 UTC 2018 /home/travis/build/icyphy/ptII/ptolemy/domains/continuous/test/auto/TimeDelay2.xml
----------------- Instantiating /home/travis/build/icyphy/ptII/ptolemy/domains/continuous/test/auto/TimeDelay2.xml
6 ms. Memory: 461824K Free: 330976K (72%)
----------------- Invoking toplevel() on ptolemy.moml.MoMLSimpleApplication@415e0be1
----------------- Done invoking toplevel() on ptolemy.moml.MoMLSimpleApplication@415e0be1
reloadAllAccessors: .TimeDelay2

===========================================================================================
----------------- testing Fri Dec 21 03:47:40 UTC 2018 /home/travis/build/icyphy/ptII/ptolemy/domains/continuous/test/auto/TimeDelay3.xml
----------------- Instantiating /home/travis/build/icyphy/ptII/ptolemy/domains/continuous/test/auto/TimeDelay3.xml
2 ms. Memory: 461824K Free: 322455K (70%)
----------------- Invoking toplevel() on ptolemy.moml.MoMLSimpleApplication@50c8485d
----------------- Done invoking toplevel() on ptolemy.moml.MoMLSimpleApplication@50c8485d
reloadAllAccessors: .TimeDelay3

===========================================================================================
----------------- testing Fri Dec 21 03:47:40 UTC 2018 /home/travis/build/icyphy/ptII/ptolemy/domains/continuous/test/auto/TransferAbsentToInside.xml
----------------- Instantiating /home/travis/build/icyphy/ptII/ptolemy/domains/continuous/test/auto/TransferAbsentToInside.xml
26 ms. Memory: 461824K Free: 263086K (57%)
----------------- Invoking toplevel() on ptolemy.moml.MoMLSimpleApplication@727ac7de
----------------- Done invoking toplevel() on ptolemy.moml.MoMLSimpleApplication@727ac7de
reloadAllAccessors: .TransferAbsentToInside

===========================================================================================
----------------- testing Fri Dec 21 03:47:40 UTC 2018 /home/travis/build/icyphy/ptII/ptolemy/domains/continuous/test/auto/Transmission.xml
----------------- Instantiating /home/travis/build/icyphy/ptII/ptolemy/domains/continuous/test/auto/Transmission.xml
721 ms. Memory: 461824K Free: 23154K (5%)
----------------- Invoking toplevel() on ptolemy.moml.MoMLSimpleApplication@3cc5d824
----------------- Done invoking toplevel() on ptolemy.moml.MoMLSimpleApplication@3cc5d824
reloadAllAccessors: .Transmission

===========================================================================================
----------------- testing Fri Dec 21 03:47:41 UTC 2018 /home/travis/build/icyphy/ptII/ptolemy/domains/continuous/test/auto/TriggeredContinuousClock.xml
----------------- Instantiating /home/travis/build/icyphy/ptII/ptolemy/domains/continuous/test/auto/TriggeredContinuousClock.xml
33 ms. Memory: 452096K Free: 360525K (80%)
----------------- Invoking toplevel() on ptolemy.moml.MoMLSimpleApplication@555a4a75
----------------- Done invoking toplevel() on ptolemy.moml.MoMLSimpleApplication@555a4a75
reloadAllAccessors: .TriggeredContinuousClock

===========================================================================================
----------------- testing Fri Dec 21 03:47:41 UTC 2018 /home/travis/build/icyphy/ptII/ptolemy/domains/continuous/test/auto/TwoMachineInfiniteBusControl.xml
----------------- Instantiating /home/travis/build/icyphy/ptII/ptolemy/domains/continuous/test/auto/TwoMachineInfiniteBusControl.xml
2727 ms. Memory: 429568K Free: 141797K (33%)
----------------- Invoking toplevel() on ptolemy.moml.MoMLSimpleApplication@402dd198
----------------- Done invoking toplevel() on ptolemy.moml.MoMLSimpleApplication@402dd198
reloadAllAccessors: .TwoMachineInfiniteBusControl

===========================================================================================
----------------- testing Fri Dec 21 03:47:44 UTC 2018 /home/travis/build/icyphy/ptII/ptolemy/domains/continuous/test/auto/V2V.xml
----------------- Instantiating /home/travis/build/icyphy/ptII/ptolemy/domains/continuous/test/auto/V2V.xml
730 ms. Memory: 412672K Free: 274949K (67%)
----------------- Invoking toplevel() on ptolemy.moml.MoMLSimpleApplication@95da614
----------------- Done invoking toplevel() on ptolemy.moml.MoMLSimpleApplication@95da614
reloadAllAccessors: .V2V

===========================================================================================
----------------- testing Fri Dec 21 03:47:45 UTC 2018 /home/travis/build/icyphy/ptII/ptolemy/domains/continuous/test/auto/hierarchicalModalModel.xml
----------------- Instantiating /home/travis/build/icyphy/ptII/ptolemy/domains/continuous/test/auto/hierarchicalModalModel.xml
7 ms. Memory: 412672K Free: 256301K (62%)
----------------- Invoking toplevel() on ptolemy.moml.MoMLSimpleApplication@343713fd
----------------- Done invoking toplevel() on ptolemy.moml.MoMLSimpleApplication@343713fd
reloadAllAccessors: .hierarchicalModalModel

===========================================================================================
----------------- testing Fri Dec 21 03:47:45 UTC 2018 /home/travis/build/icyphy/ptII/ptolemy/domains/continuous/test/auto/hierarchicalModalModel1.xml
----------------- Instantiating /home/travis/build/icyphy/ptII/ptolemy/domains/continuous/test/auto/hierarchicalModalModel1.xml
7 ms. Memory: 412672K Free: 240460K (58%)
----------------- Invoking toplevel() on ptolemy.moml.MoMLSimpleApplication@27ac35a3
----------------- Done invoking toplevel() on ptolemy.moml.MoMLSimpleApplication@27ac35a3
reloadAllAccessors: .hierarchicalModalModel1

===========================================================================================
----------------- testing Fri Dec 21 03:47:45 UTC 2018 /home/travis/build/icyphy/ptII/ptolemy/domains/continuous/test/auto/hierarchicalModalModel2.xml
----------------- Instantiating /home/travis/build/icyphy/ptII/ptolemy/domains/continuous/test/auto/hierarchicalModalModel2.xml
6 ms. Memory: 412672K Free: 224667K (54%)
----------------- Invoking toplevel() on ptolemy.moml.MoMLSimpleApplication@2f891e10
----------------- Done invoking toplevel() on ptolemy.moml.MoMLSimpleApplication@2f891e10
reloadAllAccessors: .hierarchicalModalModel2

===========================================================================================
----------------- testing Fri Dec 21 03:47:45 UTC 2018 /home/travis/build/icyphy/ptII/ptolemy/domains/continuous/test/auto/hierarchicalModalModel3.xml
----------------- Instantiating /home/travis/build/icyphy/ptII/ptolemy/domains/continuous/test/auto/hierarchicalModalModel3.xml
6 ms. Memory: 412672K Free: 210480K (51%)
----------------- Invoking toplevel() on ptolemy.moml.MoMLSimpleApplication@28db685d
----------------- Done invoking toplevel() on ptolemy.moml.MoMLSimpleApplication@28db685d
reloadAllAccessors: .hierarchicalModalModel3

===========================================================================================
----------------- testing Fri Dec 21 03:47:45 UTC 2018 /home/travis/build/icyphy/ptII/ptolemy/domains/continuous/test/auto/hierarchicalModalModel4.xml
----------------- Instantiating /home/travis/build/icyphy/ptII/ptolemy/domains/continuous/test/auto/hierarchicalModalModel4.xml
5 ms. Memory: 412672K Free: 194673K (47%)
----------------- Invoking toplevel() on ptolemy.moml.MoMLSimpleApplication@143289bb
----------------- Done invoking toplevel() on ptolemy.moml.MoMLSimpleApplication@143289bb
reloadAllAccessors: .hierarchicalModalModel4

===========================================================================================
----------------- testing Fri Dec 21 03:47:45 UTC 2018 /home/travis/build/icyphy/ptII/ptolemy/domains/continuous/test/auto/junk.xml
----------------- Instantiating /home/travis/build/icyphy/ptII/ptolemy/domains/continuous/test/auto/junk.xml
135 ms. Memory: 412672K Free: 162312K (39%)
----------------- Invoking toplevel() on ptolemy.moml.MoMLSimpleApplication@255d05e4
----------------- Done invoking toplevel() on ptolemy.moml.MoMLSimpleApplication@255d05e4
reloadAllAccessors: .junk
AutoTests.java: About to close Vertx.
AutoTests.java: Vertx closed.
]]></system-out>
  <system-err><![CDATA[Warning: '.HysteresisWithRandomDelay.NonStrictTest3' The test produced only 27 tokens, yet the correctValues parameter was expecting 30 tokens.
Warning: '.Poisson.NonStrictTest' The test produced only 394 tokens, yet the correctValues parameter was expecting 430 tokens.
]]></system-err>
</testsuite>
