<?xml version="1.0" encoding="UTF-8" ?>
<testsuite errors="0" failures="0" hostname="travis-job-8668174b-0809-41fb-98af-8a410314a9d7" name="ptolemy.domains.de.test.junit.JUnitTclTest" skipped="0" tests="101" time="137.985" timestamp="2019-10-18T05:57:23">
  <properties>
[...]
</properties>
  <testcase classname="ptolemy.util.test.junit.TclTests" name="[0] /home/travis/build/icyphy/ptII/ptolemy/domains/de/test/DependencyLoop.tcl (RunTclFile)" time="1.205" />
  <testcase classname="ptolemy.util.test.junit.TclTests" name="[1] /home/travis/build/icyphy/ptII/ptolemy/domains/de/test/RunDETestsAsQSS.tcl (RunTclFile)" time="93.281" />
  <testcase classname="ptolemy.util.test.junit.AutoKnownFailedTests" name="[0] /home/travis/build/icyphy/ptII/ptolemy/domains/de/test/auto/knownFailedTests/DESDFClockTest.xml (RunModel)" time="2.088" />
  <testcase classname="ptolemy.util.test.junit.AutoKnownFailedTests" name="[1] /home/travis/build/icyphy/ptII/ptolemy/domains/de/test/auto/knownFailedTests/DirectFeedback.xml (RunModel)" time="0.014" />
  <testcase classname="ptolemy.util.test.junit.AutoKnownFailedTests" name="[2] /home/travis/build/icyphy/ptII/ptolemy/domains/de/test/auto/knownFailedTests/FSMSource.xml (RunModel)" time="0.033" />
  <testcase classname="ptolemy.util.test.junit.AutoKnownFailedTests" name="[3] /home/travis/build/icyphy/ptII/ptolemy/domains/de/test/auto/knownFailedTests/HierarchicalModel.xml (RunModel)" time="0.056" />
  <testcase classname="ptolemy.util.test.junit.AutoKnownFailedTests" name="[4] /home/travis/build/icyphy/ptII/ptolemy/domains/de/test/auto/knownFailedTests/dependencyLoop.xml (RunModel)" time="0.055" />
  <testcase classname="ptolemy.util.test.junit.AutoKnownFailedTests" name="[5] /home/travis/build/icyphy/ptII/ptolemy/domains/de/test/auto/knownFailedTests/dependencyLoop2.xml (RunModel)" time="0.05" />
  <testcase classname="ptolemy.util.test.junit.AutoNameArchTests" name="[0] ThereAreNoAutoArchTests (RunModel)" time="0.001" />
  <testcase classname="ptolemy.util.test.junit.AutoTests" name="[0] /home/travis/build/icyphy/ptII/ptolemy/domains/de/test/auto/ActorDepthCalculation_actorWithoutPorts.xml (RunModel)" time="0.016" />
  <testcase classname="ptolemy.util.test.junit.AutoTests" name="[1] /home/travis/build/icyphy/ptII/ptolemy/domains/de/test/auto/AssemblyLine.xml (RunModel)" time="0.026" />
  <testcase classname="ptolemy.util.test.junit.AutoTests" name="[2] /home/travis/build/icyphy/ptII/ptolemy/domains/de/test/auto/CQBug1.xml (RunModel)" time="0.013" />
  <testcase classname="ptolemy.util.test.junit.AutoTests" name="[3] /home/travis/build/icyphy/ptII/ptolemy/domains/de/test/auto/CancelFireAt.xml (RunModel)" time="0.015" />
  <testcase classname="ptolemy.util.test.junit.AutoTests" name="[4] /home/travis/build/icyphy/ptII/ptolemy/domains/de/test/auto/CausalityAndComposabilityAnalysis.xml (RunModel)" time="0.022" />
  <testcase classname="ptolemy.util.test.junit.AutoTests" name="[5] /home/travis/build/icyphy/ptII/ptolemy/domains/de/test/auto/CausalityInterface1.xml (RunModel)" time="0.023" />
  <testcase classname="ptolemy.util.test.junit.AutoTests" name="[6] /home/travis/build/icyphy/ptII/ptolemy/domains/de/test/auto/CausalityInterface15.xml (RunModel)" time="0.019" />
  <testcase classname="ptolemy.util.test.junit.AutoTests" name="[7] /home/travis/build/icyphy/ptII/ptolemy/domains/de/test/auto/CausalityInterface2.xml (RunModel)" time="0.019" />
  <testcase classname="ptolemy.util.test.junit.AutoTests" name="[8] /home/travis/build/icyphy/ptII/ptolemy/domains/de/test/auto/CausalityInterface3.xml (RunModel)" time="0.018" />
  <testcase classname="ptolemy.util.test.junit.AutoTests" name="[9] /home/travis/build/icyphy/ptII/ptolemy/domains/de/test/auto/ClockDrift.xml (RunModel)" time="0.042" />
  <testcase classname="ptolemy.util.test.junit.AutoTests" name="[10] /home/travis/build/icyphy/ptII/ptolemy/domains/de/test/auto/ClockDriftAndValueChange.xml (RunModel)" time="0.041" />
  <testcase classname="ptolemy.util.test.junit.AutoTests" name="[11] /home/travis/build/icyphy/ptII/ptolemy/domains/de/test/auto/ClockDriftChange.xml (RunModel)" time="0.039" />
  <testcase classname="ptolemy.util.test.junit.AutoTests" name="[12] /home/travis/build/icyphy/ptII/ptolemy/domains/de/test/auto/ComposableCausalityAnalysis.xml (RunModel)" time="0.023" />
  <testcase classname="ptolemy.util.test.junit.AutoTests" name="[13] /home/travis/build/icyphy/ptII/ptolemy/domains/de/test/auto/DEFixedPointLimitation.xml (RunModel)" time="0.018" />
  <testcase classname="ptolemy.util.test.junit.AutoTests" name="[14] /home/travis/build/icyphy/ptII/ptolemy/domains/de/test/auto/DEScheduleTest.xml (RunModel)" time="0.016" />
  <testcase classname="ptolemy.util.test.junit.AutoTests" name="[15] /home/travis/build/icyphy/ptII/ptolemy/domains/de/test/auto/DEinDEwithStartTimes.xml (RunModel)" time="0.021" />
  <testcase classname="ptolemy.util.test.junit.AutoTests" name="[16] /home/travis/build/icyphy/ptII/ptolemy/domains/de/test/auto/DEinDEwithStartTimes2.xml (RunModel)" time="0.019" />
  <testcase classname="ptolemy.util.test.junit.AutoTests" name="[17] /home/travis/build/icyphy/ptII/ptolemy/domains/de/test/auto/DateDemo.xml (RunModel)" time="0.041" />
  <testcase classname="ptolemy.util.test.junit.AutoTests" name="[18] /home/travis/build/icyphy/ptII/ptolemy/domains/de/test/auto/DateToEvent.xml (RunModel)" time="2.045" />
  <testcase classname="ptolemy.util.test.junit.AutoTests" name="[19] /home/travis/build/icyphy/ptII/ptolemy/domains/de/test/auto/DepthTest1.xml (RunModel)" time="0.014" />
  <testcase classname="ptolemy.util.test.junit.AutoTests" name="[20] /home/travis/build/icyphy/ptII/ptolemy/domains/de/test/auto/DepthTest2.xml (RunModel)" time="0.026" />
  <testcase classname="ptolemy.util.test.junit.AutoTests" name="[21] /home/travis/build/icyphy/ptII/ptolemy/domains/de/test/auto/DepthTest3.xml (RunModel)" time="0.01" />
  <testcase classname="ptolemy.util.test.junit.AutoTests" name="[22] /home/travis/build/icyphy/ptII/ptolemy/domains/de/test/auto/DepthTest4.xml (RunModel)" time="0.029" />
  <testcase classname="ptolemy.util.test.junit.AutoTests" name="[23] /home/travis/build/icyphy/ptII/ptolemy/domains/de/test/auto/DepthTest5.xml (RunModel)" time="0.018" />
  <testcase classname="ptolemy.util.test.junit.AutoTests" name="[24] /home/travis/build/icyphy/ptII/ptolemy/domains/de/test/auto/DepthTest6.xml (RunModel)" time="0.018" />
  <testcase classname="ptolemy.util.test.junit.AutoTests" name="[25] /home/travis/build/icyphy/ptII/ptolemy/domains/de/test/auto/DepthTest7.xml (RunModel)" time="0.016" />
  <testcase classname="ptolemy.util.test.junit.AutoTests" name="[26] /home/travis/build/icyphy/ptII/ptolemy/domains/de/test/auto/EventToDate.xml (RunModel)" time="3.049" />
  <testcase classname="ptolemy.util.test.junit.AutoTests" name="[27] /home/travis/build/icyphy/ptII/ptolemy/domains/de/test/auto/FSM1.xml (RunModel)" time="0.05" />
  <testcase classname="ptolemy.util.test.junit.AutoTests" name="[28] /home/travis/build/icyphy/ptII/ptolemy/domains/de/test/auto/FSM7.xml (RunModel)" time="0.039" />
  <testcase classname="ptolemy.util.test.junit.AutoTests" name="[29] /home/travis/build/icyphy/ptII/ptolemy/domains/de/test/auto/Inspection.xml (RunModel)" time="0.047" />
  <testcase classname="ptolemy.util.test.junit.AutoTests" name="[30] /home/travis/build/icyphy/ptII/ptolemy/domains/de/test/auto/Iteration.xml (RunModel)" time="0.025" />
  <testcase classname="ptolemy.util.test.junit.AutoTests" name="[31] /home/travis/build/icyphy/ptII/ptolemy/domains/de/test/auto/LineFault.xml (RunModel)" time="0.676" />
  <testcase classname="ptolemy.util.test.junit.AutoTests" name="[32] /home/travis/build/icyphy/ptII/ptolemy/domains/de/test/auto/MergeModel1Add.xml (RunModel)" time="0.053" />
  <testcase classname="ptolemy.util.test.junit.AutoTests" name="[33] /home/travis/build/icyphy/ptII/ptolemy/domains/de/test/auto/MergeModel2Add.xml (RunModel)" time="0.041" />
  <testcase classname="ptolemy.util.test.junit.AutoTests" name="[34] /home/travis/build/icyphy/ptII/ptolemy/domains/de/test/auto/MergeModel3Add.xml (RunModel)" time="0.047" />
  <testcase classname="ptolemy.util.test.junit.AutoTests" name="[35] /home/travis/build/icyphy/ptII/ptolemy/domains/de/test/auto/MergeWithoutDiscard.xml (RunModel)" time="0.013" />
  <testcase classname="ptolemy.util.test.junit.AutoTests" name="[36] /home/travis/build/icyphy/ptII/ptolemy/domains/de/test/auto/Modal1.xml (RunModel)" time="0.029" />
  <testcase classname="ptolemy.util.test.junit.AutoTests" name="[37] /home/travis/build/icyphy/ptII/ptolemy/domains/de/test/auto/Modal2.xml (RunModel)" time="0.034" />
  <testcase classname="ptolemy.util.test.junit.AutoTests" name="[38] /home/travis/build/icyphy/ptII/ptolemy/domains/de/test/auto/Modal3.xml (RunModel)" time="0.03" />
  <testcase classname="ptolemy.util.test.junit.AutoTests" name="[39] /home/travis/build/icyphy/ptII/ptolemy/domains/de/test/auto/Modal4.xml (RunModel)" time="0.056" />
  <testcase classname="ptolemy.util.test.junit.AutoTests" name="[40] /home/travis/build/icyphy/ptII/ptolemy/domains/de/test/auto/Modal5.xml (RunModel)" time="0.037" />
  <testcase classname="ptolemy.util.test.junit.AutoTests" name="[41] /home/travis/build/icyphy/ptII/ptolemy/domains/de/test/auto/Modal6.xml (RunModel)" time="0.031" />
  <testcase classname="ptolemy.util.test.junit.AutoTests" name="[42] /home/travis/build/icyphy/ptII/ptolemy/domains/de/test/auto/Modal7.xml (RunModel)" time="0.035" />
  <testcase classname="ptolemy.util.test.junit.AutoTests" name="[43] /home/travis/build/icyphy/ptII/ptolemy/domains/de/test/auto/ModalModel.xml (RunModel)" time="0.194" />
  <testcase classname="ptolemy.util.test.junit.AutoTests" name="[44] /home/travis/build/icyphy/ptII/ptolemy/domains/de/test/auto/ModalSource.xml (RunModel)" time="0.023" />
  <testcase classname="ptolemy.util.test.junit.AutoTests" name="[45] /home/travis/build/icyphy/ptII/ptolemy/domains/de/test/auto/NonInterruptibleTimerZeroDelay.xml (RunModel)" time="0.01" />
  <testcase classname="ptolemy.util.test.junit.AutoTests" name="[46] /home/travis/build/icyphy/ptII/ptolemy/domains/de/test/auto/OpenQueueingNetwork.xml (RunModel)" time="2.463" />
  <testcase classname="ptolemy.util.test.junit.AutoTests" name="[47] /home/travis/build/icyphy/ptII/ptolemy/domains/de/test/auto/OpenQueuingNetwork.xml (RunModel)" time="0.244" />
  <testcase classname="ptolemy.util.test.junit.AutoTests" name="[48] /home/travis/build/icyphy/ptII/ptolemy/domains/de/test/auto/PeriodicSampler.xml (RunModel)" time="0.009" />
  <testcase classname="ptolemy.util.test.junit.AutoTests" name="[49] /home/travis/build/icyphy/ptII/ptolemy/domains/de/test/auto/PersistentIO.xml (RunModel)" time="0.026" />
  <testcase classname="ptolemy.util.test.junit.AutoTests" name="[50] /home/travis/build/icyphy/ptII/ptolemy/domains/de/test/auto/PortParameterResetOnInitialize.xml (RunModel)" time="0.012" />
  <testcase classname="ptolemy.util.test.junit.AutoTests" name="[51] /home/travis/build/icyphy/ptII/ptolemy/domains/de/test/auto/PortParameterUpdates.xml (RunModel)" time="0.015" />
  <testcase classname="ptolemy.util.test.junit.AutoTests" name="[52] /home/travis/build/icyphy/ptII/ptolemy/domains/de/test/auto/QueueAndServer.xml (RunModel)" time="0.024" />
  <testcase classname="ptolemy.util.test.junit.AutoTests" name="[53] /home/travis/build/icyphy/ptII/ptolemy/domains/de/test/auto/Records.xml (RunModel)" time="0.018" />
  <testcase classname="ptolemy.util.test.junit.AutoTests" name="[54] /home/travis/build/icyphy/ptII/ptolemy/domains/de/test/auto/ResetTransitionWithStartTime1.xml (RunModel)" time="0.021" />
  <testcase classname="ptolemy.util.test.junit.AutoTests" name="[55] /home/travis/build/icyphy/ptII/ptolemy/domains/de/test/auto/ResetTransitionWithStartTime2.xml (RunModel)" time="0.021" />
  <testcase classname="ptolemy.util.test.junit.AutoTests" name="[56] /home/travis/build/icyphy/ptII/ptolemy/domains/de/test/auto/ResetTransitionWithStartTime3.xml (RunModel)" time="0.021" />
  <testcase classname="ptolemy.util.test.junit.AutoTests" name="[57] /home/travis/build/icyphy/ptII/ptolemy/domains/de/test/auto/ResetTransitionWithStartTime4.xml (RunModel)" time="0.024" />
  <testcase classname="ptolemy.util.test.junit.AutoTests" name="[58] /home/travis/build/icyphy/ptII/ptolemy/domains/de/test/auto/ResettableTimer1.xml (RunModel)" time="0.016" />
  <testcase classname="ptolemy.util.test.junit.AutoTests" name="[59] /home/travis/build/icyphy/ptII/ptolemy/domains/de/test/auto/ResettableTimer2.xml (RunModel)" time="0.017" />
  <testcase classname="ptolemy.util.test.junit.AutoTests" name="[60] /home/travis/build/icyphy/ptII/ptolemy/domains/de/test/auto/ResettableTimer3.xml (RunModel)" time="0.019" />
  <testcase classname="ptolemy.util.test.junit.AutoTests" name="[61] /home/travis/build/icyphy/ptII/ptolemy/domains/de/test/auto/ResettableTimer4.xml (RunModel)" time="0.015" />
  <testcase classname="ptolemy.util.test.junit.AutoTests" name="[62] /home/travis/build/icyphy/ptII/ptolemy/domains/de/test/auto/ResettableTimer5.xml (RunModel)" time="0.013" />
  <testcase classname="ptolemy.util.test.junit.AutoTests" name="[63] /home/travis/build/icyphy/ptII/ptolemy/domains/de/test/auto/ResettableTimer6.xml (RunModel)" time="0.02" />
  <testcase classname="ptolemy.util.test.junit.AutoTests" name="[64] /home/travis/build/icyphy/ptII/ptolemy/domains/de/test/auto/ServerZeroDelay.xml (RunModel)" time="0.009" />
  <testcase classname="ptolemy.util.test.junit.AutoTests" name="[65] /home/travis/build/icyphy/ptII/ptolemy/domains/de/test/auto/SmartSender.xml (RunModel)" time="3.008" />
  <testcase classname="ptolemy.util.test.junit.AutoTests" name="[66] /home/travis/build/icyphy/ptII/ptolemy/domains/de/test/auto/ThreadedComposite.xml (RunModel)" time="0.123" />
  <testcase classname="ptolemy.util.test.junit.AutoTests" name="[67] /home/travis/build/icyphy/ptII/ptolemy/domains/de/test/auto/Time.xml (RunModel)" time="0.426" />
  <testcase classname="ptolemy.util.test.junit.AutoTests" name="[68] /home/travis/build/icyphy/ptII/ptolemy/domains/de/test/auto/TimeDelayZeroDelay.xml (RunModel)" time="0.01" />
  <testcase classname="ptolemy.util.test.junit.AutoTests" name="[69] /home/travis/build/icyphy/ptII/ptolemy/domains/de/test/auto/TimerZeroDelay.xml (RunModel)" time="0.014" />
  <testcase classname="ptolemy.util.test.junit.AutoTests" name="[70] /home/travis/build/icyphy/ptII/ptolemy/domains/de/test/auto/TimingParadox.xml (RunModel)" time="0.415" />
  <testcase classname="ptolemy.util.test.junit.AutoTests" name="[71] /home/travis/build/icyphy/ptII/ptolemy/domains/de/test/auto/TransferInputs.xml (RunModel)" time="0.019" />
  <testcase classname="ptolemy.util.test.junit.AutoTests" name="[72] /home/travis/build/icyphy/ptII/ptolemy/domains/de/test/auto/TransferOutputs2.xml (RunModel)" time="0.018" />
  <testcase classname="ptolemy.util.test.junit.AutoTests" name="[73] /home/travis/build/icyphy/ptII/ptolemy/domains/de/test/auto/Trilateration.xml (RunModel)" time="13.923" />
  <testcase classname="ptolemy.util.test.junit.AutoTests" name="[74] /home/travis/build/icyphy/ptII/ptolemy/domains/de/test/auto/TwoSigmaDelta.xml (RunModel)" time="2.397" />
  <testcase classname="ptolemy.util.test.junit.AutoTests" name="[75] /home/travis/build/icyphy/ptII/ptolemy/domains/de/test/auto/VariableDelay.xml (RunModel)" time="0.035" />
  <testcase classname="ptolemy.util.test.junit.AutoTests" name="[76] /home/travis/build/icyphy/ptII/ptolemy/domains/de/test/auto/VariableDelay2.xml (RunModel)" time="0.014" />
  <testcase classname="ptolemy.util.test.junit.AutoTests" name="[77] /home/travis/build/icyphy/ptII/ptolemy/domains/de/test/auto/VariableDelayZeroDelay.xml (RunModel)" time="0.017" />
  <testcase classname="ptolemy.util.test.junit.AutoTests" name="[78] /home/travis/build/icyphy/ptII/ptolemy/domains/de/test/auto/VariableDelayZeroDelay2.xml (RunModel)" time="0.01" />
  <testcase classname="ptolemy.util.test.junit.AutoTests" name="[79] /home/travis/build/icyphy/ptII/ptolemy/domains/de/test/auto/deInCt.xml (RunModel)" time="0.017" />
  <testcase classname="ptolemy.util.test.junit.AutoTests" name="[80] /home/travis/build/icyphy/ptII/ptolemy/domains/de/test/auto/deInCt2.xml (RunModel)" time="0.017" />
  <testcase classname="ptolemy.util.test.junit.AutoTests" name="[81] /home/travis/build/icyphy/ptII/ptolemy/domains/de/test/auto/dynamicCausalityInterface1.xml (RunModel)" time="0.018" />
  <testcase classname="ptolemy.util.test.junit.AutoTests" name="[82] /home/travis/build/icyphy/ptII/ptolemy/domains/de/test/auto/fsm_de_test.xml (RunModel)" time="0.027" />
  <testcase classname="ptolemy.util.test.junit.AutoTests" name="[83] /home/travis/build/icyphy/ptII/ptolemy/domains/de/test/auto/functionDependencyReconstruction.xml (RunModel)" time="0.039" />
  <testcase classname="ptolemy.util.test.junit.AutoTests" name="[84] /home/travis/build/icyphy/ptII/ptolemy/domains/de/test/auto/multirate.xml (RunModel)" time="0.022" />
  <testcase classname="ptolemy.util.test.junit.AutoTests" name="[85] /home/travis/build/icyphy/ptII/ptolemy/domains/de/test/auto/multirate2.xml (RunModel)" time="0.02" />
  <testcase classname="ptolemy.util.test.junit.AutoTests" name="[86] /home/travis/build/icyphy/ptII/ptolemy/domains/de/test/auto/realtime.xml (RunModel)" time="10.017" />
  <testcase classname="ptolemy.util.test.junit.AutoTests" name="[87] /home/travis/build/icyphy/ptII/ptolemy/domains/de/test/auto/relationGroup.xml (RunModel)" time="0.014" />
  <testcase classname="ptolemy.util.test.junit.AutoTests" name="[88] /home/travis/build/icyphy/ptII/ptolemy/domains/de/test/auto/relationGroup2.xml (RunModel)" time="0.006" />
  <testcase classname="ptolemy.util.test.junit.AutoTests" name="[89] /home/travis/build/icyphy/ptII/ptolemy/domains/de/test/auto/sortWithOpaquePorts.xml (RunModel)" time="0.014" />
  <testcase classname="ptolemy.util.test.junit.AutoTests" name="[90] /home/travis/build/icyphy/ptII/ptolemy/domains/de/test/auto/transferInputsandOutputs.xml (RunModel)" time="0.023" />
  <testcase classname="ptolemy.util.test.junit.AutoTests" name="[91] /home/travis/build/icyphy/ptII/ptolemy/domains/de/test/auto/triggerType.xml (RunModel)" time="0.017" />
  <system-out><![CDATA[/home/travis/build/icyphy/ptII/ptolemy/domains/de/test/DependencyLoop.tcl
testDefs.tcl: setting time out to 9000 seconds at Fri Oct 18 05:57:23 UTC 2019
92 ms. Memory: 120832K Free: 72130K (60%)
26 ms. Memory: 120832K Free: 54707K (45%)
/home/travis/build/icyphy/ptII/ptolemy/domains/de/test/RunDETestsAsQSS.tcl
Run the DE tests using ptolemy.domains.qss.test.QSSDirectorTest, which extends QSSDirector and prints a message in the constructors.
------------------ testing $PTII/ptolemy/domains/de/test/auto/knownFailedTests/DirectFeedback.xml (Known Failure) 
51 ms. Memory: 120832K Free: 48578K (40%)


==== $PTIIhome/travis/build/icyphy/ptII/ptolemy/domains/de/test/../../../../: Auto Automatic test in file $PTII/ptolemy/domains/de/test/auto/knownFailedTests/DirectFeedback.xml
==== Contents of test case:

	    # FIXME: we should use $relativeFilename here, but it
	    # might have backslashes under Windows, which causes no end
	    # of trouble.
	    createAndExecute $file
	    list {}
	
.... Test generated KNOWN error:
    while executing
ptolemy.kernel.util.IllegalActionException: Test fails in iteration 1.
Value was: 1.0. Should have been: 2.0
  in .DirectFeedback.Test
	at ptolemy.actor.lib.Test.fire(Test.java:268)
	at ptolemy.domains.de.kernel.DEDirector._fire(DEDirector.java:1949)
	at ptolemy.domains.de.kernel.DEDirector.fire(DEDirector.java:502)
	at ptolemy.actor.CompositeActor.fire(CompositeActor.java:455)
	at ptolemy.actor.Manager.iterate(Manager.java:851)
	at ptolemy.actor.Manager.execute(Manager.java:369)
	at ptolemy.actor.Manager.run(Manager.java:1263)
	at ptolemy.actor.Manager$PtolemyRunThread.run(Manager.java:1933)

    while executing
ptolemy.kernel.util.IllegalActionException: Test fails in iteration 1.
Value was: 1.0. Should have been: 2.0
  in .DirectFeedback.Test
    while executing
"java::new ptolemy.moml.MoMLSimpleApplication $file
"
    (procedure "createAndExecute" line 2)
    invoked from within
"createAndExecute $file"
    ("uplevel" body line 5)
    invoked from within
"uplevel $contents_of_test"
------------------ testing $PTII/ptolemy/domains/de/test/auto/knownFailedTests/dependencyLoop.xml (Known Failure) 
50 ms. Memory: 120832K Free: 108259K (90%)


==== $PTIIhome/travis/build/icyphy/ptII/ptolemy/domains/de/test/../../../../: Auto Automatic test in file $PTII/ptolemy/domains/de/test/auto/knownFailedTests/dependencyLoop.xml
==== Contents of test case:

	    # FIXME: we should use $relativeFilename here, but it
	    # might have backslashes under Windows, which causes no end
	    # of trouble.
	    createAndExecute $file
	    list {}
	
.... Test generated KNOWN error:
    while executing
ptolemy.kernel.util.IllegalActionException: Found a zero delay loop containing .dependencyLoop.original
  in .dependencyLoop and .dependencyLoop.original
	at ptolemy.actor.util.CausalityInterfaceForComposites._computeOutputPortDepth(CausalityInterfaceForComposites.java:759)
	at ptolemy.actor.util.CausalityInterfaceForComposites._computeInputDepth(CausalityInterfaceForComposites.java:696)
	at ptolemy.actor.util.CausalityInterfaceForComposites._computeOutputPortDepth(CausalityInterfaceForComposites.java:765)
	at ptolemy.actor.util.CausalityInterfaceForComposites._computeInputDepth(CausalityInterfaceForComposites.java:696)
	at ptolemy.actor.util.CausalityInterfaceForComposites._computeOutputPortDepth(CausalityInterfaceForComposites.java:765)
	at ptolemy.actor.util.CausalityInterfaceForComposites._computeInputDepth(CausalityInterfaceForComposites.java:696)
	at ptolemy.actor.util.CausalityInterfaceForComposites._computeActorDepth(CausalityInterfaceForComposites.java:532)
	at ptolemy.actor.util.CausalityInterfaceForComposites.checkForCycles(CausalityInterfaceForComposites.java:96)
	at ptolemy.domains.de.kernel.DEDirector.preinitialize(DEDirector.java:1338)
	at ptolemy.actor.CompositeActor.preinitialize(CompositeActor.java:1828)
	at ptolemy.actor.Manager.preinitializeAndResolveTypes(Manager.java:1040)
	at ptolemy.actor.Manager.initialize(Manager.java:710)
	at ptolemy.actor.Manager.execute(Manager.java:356)
	at ptolemy.actor.Manager.run(Manager.java:1263)
	at ptolemy.actor.Manager$PtolemyRunThread.run(Manager.java:1933)

    while executing
ptolemy.kernel.util.IllegalActionException: Found a zero delay loop containing .dependencyLoop.original
  in .dependencyLoop and .dependencyLoop.original
    while executing
"java::new ptolemy.moml.MoMLSimpleApplication $file
"
    (procedure "createAndExecute" line 2)
    invoked from within
"createAndExecute $file"
    ("uplevel" body line 5)
    invoked from within
"uplevel $contents_of_test"
------------------ testing $PTII/ptolemy/domains/de/test/auto/knownFailedTests/FSMSource.xml (Known Failure) 
41 ms. Memory: 120832K Free: 98851K (82%)
!!!! Auto was marked as failing, but now passes
------------------ testing $PTII/ptolemy/domains/de/test/auto/knownFailedTests/HierarchicalModel.xml (Known Failure) 
15 ms. Memory: 120832K Free: 81662K (68%)


==== $PTIIhome/travis/build/icyphy/ptII/ptolemy/domains/de/test/../../../../: Auto Automatic test in file $PTII/ptolemy/domains/de/test/auto/knownFailedTests/HierarchicalModel.xml
==== Contents of test case:

	    # FIXME: we should use $relativeFilename here, but it
	    # might have backslashes under Windows, which causes no end
	    # of trouble.
	    createAndExecute $file
	    list {}
	
.... Test generated KNOWN error:
    while executing
ptolemy.kernel.util.IllegalActionException: Found a zero delay loop containing .HierarchicalModel.A
  in .HierarchicalModel and .HierarchicalModel.A
	at ptolemy.actor.util.CausalityInterfaceForComposites._computeOutputPortDepth(CausalityInterfaceForComposites.java:759)
	at ptolemy.actor.util.CausalityInterfaceForComposites._computeInputDepth(CausalityInterfaceForComposites.java:696)
	at ptolemy.actor.util.CausalityInterfaceForComposites._computeOutputPortDepth(CausalityInterfaceForComposites.java:765)
	at ptolemy.actor.util.CausalityInterfaceForComposites._computeInputDepth(CausalityInterfaceForComposites.java:696)
	at ptolemy.actor.util.CausalityInterfaceForComposites._computeOutputPortDepth(CausalityInterfaceForComposites.java:765)
	at ptolemy.actor.util.CausalityInterfaceForComposites._computeInputDepth(CausalityInterfaceForComposites.java:696)
	at ptolemy.actor.util.CausalityInterfaceForComposites._computeActorDepth(CausalityInterfaceForComposites.java:532)
	at ptolemy.actor.util.CausalityInterfaceForComposites.checkForCycles(CausalityInterfaceForComposites.java:96)
	at ptolemy.domains.de.kernel.DEDirector.preinitialize(DEDirector.java:1338)
	at ptolemy.actor.CompositeActor.preinitialize(CompositeActor.java:1828)
	at ptolemy.actor.Manager.preinitializeAndResolveTypes(Manager.java:1040)
	at ptolemy.actor.Manager.initialize(Manager.java:710)
	at ptolemy.actor.Manager.execute(Manager.java:356)
	at ptolemy.actor.Manager.run(Manager.java:1263)
	at ptolemy.actor.Manager$PtolemyRunThread.run(Manager.java:1933)

    while executing
ptolemy.kernel.util.IllegalActionException: Found a zero delay loop containing .HierarchicalModel.A
  in .HierarchicalModel and .HierarchicalModel.A
    while executing
"java::new ptolemy.moml.MoMLSimpleApplication $file
"
    (procedure "createAndExecute" line 2)
    invoked from within
"createAndExecute $file"
    ("uplevel" body line 5)
    invoked from within
"uplevel $contents_of_test"
------------------ testing $PTII/ptolemy/domains/de/test/auto/knownFailedTests/dependencyLoop2.xml (Known Failure) 
35 ms. Memory: 120832K Free: 105321K (87%)


==== $PTIIhome/travis/build/icyphy/ptII/ptolemy/domains/de/test/../../../../: Auto Automatic test in file $PTII/ptolemy/domains/de/test/auto/knownFailedTests/dependencyLoop2.xml
==== Contents of test case:

	    # FIXME: we should use $relativeFilename here, but it
	    # might have backslashes under Windows, which causes no end
	    # of trouble.
	    createAndExecute $file
	    list {}
	
.... Test generated KNOWN error:
    while executing
ptolemy.kernel.util.IllegalActionException: Found a zero delay loop containing .dependencyLoop2.original
  in .dependencyLoop2 and .dependencyLoop2.original
	at ptolemy.actor.util.CausalityInterfaceForComposites._computeOutputPortDepth(CausalityInterfaceForComposites.java:759)
	at ptolemy.actor.util.CausalityInterfaceForComposites._computeInputDepth(CausalityInterfaceForComposites.java:696)
	at ptolemy.actor.util.CausalityInterfaceForComposites._computeOutputPortDepth(CausalityInterfaceForComposites.java:765)
	at ptolemy.actor.util.CausalityInterfaceForComposites._computeInputDepth(CausalityInterfaceForComposites.java:696)
	at ptolemy.actor.util.CausalityInterfaceForComposites._computeOutputPortDepth(CausalityInterfaceForComposites.java:765)
	at ptolemy.actor.util.CausalityInterfaceForComposites._computeInputDepth(CausalityInterfaceForComposites.java:696)
	at ptolemy.actor.util.CausalityInterfaceForComposites._computeActorDepth(CausalityInterfaceForComposites.java:532)
	at ptolemy.actor.util.CausalityInterfaceForComposites.checkForCycles(CausalityInterfaceForComposites.java:96)
	at ptolemy.domains.de.kernel.DEDirector.preinitialize(DEDirector.java:1338)
	at ptolemy.actor.CompositeActor.preinitialize(CompositeActor.java:1828)
	at ptolemy.actor.Manager.preinitializeAndResolveTypes(Manager.java:1040)
	at ptolemy.actor.Manager.initialize(Manager.java:710)
	at ptolemy.actor.Manager.execute(Manager.java:356)
	at ptolemy.actor.Manager.run(Manager.java:1263)
	at ptolemy.actor.Manager$PtolemyRunThread.run(Manager.java:1933)

    while executing
ptolemy.kernel.util.IllegalActionException: Found a zero delay loop containing .dependencyLoop2.original
  in .dependencyLoop2 and .dependencyLoop2.original
    while executing
"java::new ptolemy.moml.MoMLSimpleApplication $file
"
    (procedure "createAndExecute" line 2)
    invoked from within
"createAndExecute $file"
    ("uplevel" body line 5)
    invoked from within
"uplevel $contents_of_test"
------------------ testing $PTII/ptolemy/domains/de/test/auto/knownFailedTests/DESDFClockTest.xml (Known Failure) 
2068 ms. Memory: 120832K Free: 92009K (76%)


==== $PTIIhome/travis/build/icyphy/ptII/ptolemy/domains/de/test/../../../../: Auto Automatic test in file $PTII/ptolemy/domains/de/test/auto/knownFailedTests/DESDFClockTest.xml
==== Contents of test case:

	    # FIXME: we should use $relativeFilename here, but it
	    # might have backslashes under Windows, which causes no end
	    # of trouble.
	    createAndExecute $file
	    list {}
	
.... Test generated KNOWN error:
    while executing
ptolemy.kernel.util.IllegalActionException: Actor is not ready to fire.  Perhaps UpSample.prefire() returned false? Try debugging the actor by selecting "Listen to Actor".  Also, for SDF check moml for tokenConsumptionRate on input.
  in .DESDFClockTest.Play Bell.Copy1:SDF Director and .DESDFClockTest.Play Bell.UpSample
	at ptolemy.actor.sched.StaticSchedulingDirector.fire(StaticSchedulingDirector.java:227)
	at ptolemy.domains.sdf.kernel.SDFDirector.fire(SDFDirector.java:500)
	at ptolemy.actor.CompositeActor.fire(CompositeActor.java:455)
	at ptolemy.domains.de.kernel.DEDirector._fire(DEDirector.java:1949)
	at ptolemy.domains.de.kernel.DEDirector.fire(DEDirector.java:502)
	at ptolemy.actor.CompositeActor.fire(CompositeActor.java:455)
	at ptolemy.actor.Manager.iterate(Manager.java:851)
	at ptolemy.actor.Manager.execute(Manager.java:369)
	at ptolemy.actor.Manager.run(Manager.java:1263)
	at ptolemy.actor.Manager$PtolemyRunThread.run(Manager.java:1933)

    while executing
ptolemy.kernel.util.IllegalActionException: Actor is not ready to fire.  Perhaps UpSample.prefire() returned false? Try debugging the actor by selecting "Listen to Actor".  Also, for SDF check moml for tokenConsumptionRate on input.
  in .DESDFClockTest.Play Bell.Copy1:SDF Director and .DESDFClockTest.Play Bell.UpSample
    while executing
"java::new ptolemy.moml.MoMLSimpleApplication $file
"
    (procedure "createAndExecute" line 2)
    invoked from within
"createAndExecute $file"
    ("uplevel" body line 5)
    invoked from within
"uplevel $contents_of_test"
------------------ testing $PTII/ptolemy/domains/de/test/auto/ActorDepthCalculation_actorWithoutPorts.xml
auto.tcl: Setting watchdog for 200 seconds at Fri Oct 18 05:57:27 UTC 2019
5 ms. Memory: 120832K Free: 84313K (70%)
ptolemy.util.test.WatchDog.cancel(): canceling Fri Oct 18 05:57:27 UTC 2019
auto.tcl: Setting watchdog for 200 seconds at Fri Oct 18 05:57:27 UTC 2019
8 ms. Memory: 120832K Free: 82793K (69%)
ptolemy.util.test.WatchDog.cancel(): canceling Fri Oct 18 05:57:27 UTC 2019
------------------ testing $PTII/ptolemy/domains/de/test/auto/AssemblyLine.xml
auto.tcl: Setting watchdog for 200 seconds at Fri Oct 18 05:57:27 UTC 2019
22 ms. Memory: 45056K Free: 22453K (50%)
ptolemy.util.test.WatchDog.cancel(): canceling Fri Oct 18 05:57:28 UTC 2019
auto.tcl: Setting watchdog for 200 seconds at Fri Oct 18 05:57:28 UTC 2019
15 ms. Memory: 45056K Free: 21669K (48%)
ptolemy.util.test.WatchDog.cancel(): canceling Fri Oct 18 05:57:28 UTC 2019
------------------ testing $PTII/ptolemy/domains/de/test/auto/CQBug1.xml
auto.tcl: Setting watchdog for 200 seconds at Fri Oct 18 05:57:28 UTC 2019
2 ms. Memory: 45056K Free: 28535K (63%)
ptolemy.util.test.WatchDog.cancel(): canceling Fri Oct 18 05:57:28 UTC 2019
auto.tcl: Setting watchdog for 200 seconds at Fri Oct 18 05:57:28 UTC 2019
3 ms. Memory: 45056K Free: 28151K (62%)
ptolemy.util.test.WatchDog.cancel(): canceling Fri Oct 18 05:57:28 UTC 2019
------------------ testing $PTII/ptolemy/domains/de/test/auto/CancelFireAt.xml
auto.tcl: Setting watchdog for 200 seconds at Fri Oct 18 05:57:28 UTC 2019
11 ms. Memory: 45056K Free: 29655K (66%)
ptolemy.util.test.WatchDog.cancel(): canceling Fri Oct 18 05:57:28 UTC 2019
auto.tcl: Setting watchdog for 200 seconds at Fri Oct 18 05:57:28 UTC 2019
2 ms. Memory: 45056K Free: 28939K (64%)
ptolemy.util.test.WatchDog.cancel(): canceling Fri Oct 18 05:57:28 UTC 2019
------------------ testing $PTII/ptolemy/domains/de/test/auto/CausalityAndComposabilityAnalysis.xml
auto.tcl: Setting watchdog for 200 seconds at Fri Oct 18 05:57:28 UTC 2019
5 ms. Memory: 45056K Free: 27922K (62%)
ptolemy.util.test.WatchDog.cancel(): canceling Fri Oct 18 05:57:28 UTC 2019
auto.tcl: Setting watchdog for 200 seconds at Fri Oct 18 05:57:28 UTC 2019
12 ms. Memory: 45056K Free: 27136K (60%)
ptolemy.util.test.WatchDog.cancel(): canceling Fri Oct 18 05:57:28 UTC 2019
------------------ testing $PTII/ptolemy/domains/de/test/auto/CausalityInterface1.xml
auto.tcl: Setting watchdog for 200 seconds at Fri Oct 18 05:57:28 UTC 2019
47 ms. Memory: 45056K Free: 26364K (59%)
ptolemy.util.test.WatchDog.cancel(): canceling Fri Oct 18 05:57:28 UTC 2019
auto.tcl: Setting watchdog for 200 seconds at Fri Oct 18 05:57:28 UTC 2019
5 ms. Memory: 45056K Free: 25013K (56%)
ptolemy.util.test.WatchDog.cancel(): canceling Fri Oct 18 05:57:28 UTC 2019
------------------ testing $PTII/ptolemy/domains/de/test/auto/CausalityInterface15.xml
auto.tcl: Setting watchdog for 200 seconds at Fri Oct 18 05:57:28 UTC 2019
11 ms. Memory: 45056K Free: 26046K (58%)
ptolemy.util.test.WatchDog.cancel(): canceling Fri Oct 18 05:57:28 UTC 2019
auto.tcl: Setting watchdog for 200 seconds at Fri Oct 18 05:57:28 UTC 2019
9 ms. Memory: 45056K Free: 25385K (56%)
ptolemy.util.test.WatchDog.cancel(): canceling Fri Oct 18 05:57:28 UTC 2019
------------------ testing $PTII/ptolemy/domains/de/test/auto/CausalityInterface2.xml
auto.tcl: Setting watchdog for 200 seconds at Fri Oct 18 05:57:28 UTC 2019
3 ms. Memory: 45056K Free: 26545K (59%)
ptolemy.util.test.WatchDog.cancel(): canceling Fri Oct 18 05:57:28 UTC 2019
auto.tcl: Setting watchdog for 200 seconds at Fri Oct 18 05:57:28 UTC 2019
4 ms. Memory: 45056K Free: 25794K (57%)
ptolemy.util.test.WatchDog.cancel(): canceling Fri Oct 18 05:57:28 UTC 2019
------------------ testing $PTII/ptolemy/domains/de/test/auto/CausalityInterface3.xml
auto.tcl: Setting watchdog for 200 seconds at Fri Oct 18 05:57:28 UTC 2019
11 ms. Memory: 45056K Free: 26557K (59%)
ptolemy.util.test.WatchDog.cancel(): canceling Fri Oct 18 05:57:28 UTC 2019
auto.tcl: Setting watchdog for 200 seconds at Fri Oct 18 05:57:28 UTC 2019
4 ms. Memory: 45056K Free: 25790K (57%)
ptolemy.util.test.WatchDog.cancel(): canceling Fri Oct 18 05:57:28 UTC 2019
------------------ testing $PTII/ptolemy/domains/de/test/auto/ClockDrift.xml
auto.tcl: Setting watchdog for 200 seconds at Fri Oct 18 05:57:28 UTC 2019
64 ms. Memory: 45056K Free: 19131K (42%)
ptolemy.util.test.WatchDog.cancel(): canceling Fri Oct 18 05:57:29 UTC 2019
auto.tcl: Setting watchdog for 200 seconds at Fri Oct 18 05:57:29 UTC 2019
42 ms. Memory: 45056K Free: 15761K (35%)
ptolemy.util.test.WatchDog.cancel(): canceling Fri Oct 18 05:57:29 UTC 2019
------------------ testing $PTII/ptolemy/domains/de/test/auto/ClockDriftAndValueChange.xml
auto.tcl: Setting watchdog for 200 seconds at Fri Oct 18 05:57:29 UTC 2019
60 ms. Memory: 45056K Free: 19221K (43%)
ptolemy.util.test.WatchDog.cancel(): canceling Fri Oct 18 05:57:29 UTC 2019
auto.tcl: Setting watchdog for 200 seconds at Fri Oct 18 05:57:29 UTC 2019
54 ms. Memory: 45056K Free: 16377K (36%)
ptolemy.util.test.WatchDog.cancel(): canceling Fri Oct 18 05:57:29 UTC 2019
------------------ testing $PTII/ptolemy/domains/de/test/auto/ClockDriftChange.xml
auto.tcl: Setting watchdog for 200 seconds at Fri Oct 18 05:57:29 UTC 2019
21 ms. Memory: 45056K Free: 21271K (47%)
ptolemy.util.test.WatchDog.cancel(): canceling Fri Oct 18 05:57:29 UTC 2019
auto.tcl: Setting watchdog for 200 seconds at Fri Oct 18 05:57:29 UTC 2019
18 ms. Memory: 45056K Free: 18737K (42%)
ptolemy.util.test.WatchDog.cancel(): canceling Fri Oct 18 05:57:29 UTC 2019
------------------ testing $PTII/ptolemy/domains/de/test/auto/ComposableCausalityAnalysis.xml
auto.tcl: Setting watchdog for 200 seconds at Fri Oct 18 05:57:29 UTC 2019
2 ms. Memory: 45056K Free: 25660K (57%)
ptolemy.util.test.WatchDog.cancel(): canceling Fri Oct 18 05:57:29 UTC 2019
auto.tcl: Setting watchdog for 200 seconds at Fri Oct 18 05:57:29 UTC 2019
3 ms. Memory: 45056K Free: 24650K (55%)
ptolemy.util.test.WatchDog.cancel(): canceling Fri Oct 18 05:57:29 UTC 2019
------------------ testing $PTII/ptolemy/domains/de/test/auto/DEFixedPointLimitation.xml
auto.tcl: Setting watchdog for 200 seconds at Fri Oct 18 05:57:29 UTC 2019
2 ms. Memory: 45056K Free: 27012K (60%)
ptolemy.util.test.WatchDog.cancel(): canceling Fri Oct 18 05:57:29 UTC 2019
auto.tcl: Setting watchdog for 200 seconds at Fri Oct 18 05:57:29 UTC 2019
1 ms. Memory: 45056K Free: 26116K (58%)
ptolemy.util.test.WatchDog.cancel(): canceling Fri Oct 18 05:57:29 UTC 2019
------------------ testing $PTII/ptolemy/domains/de/test/auto/DEScheduleTest.xml
auto.tcl: Setting watchdog for 200 seconds at Fri Oct 18 05:57:29 UTC 2019
8 ms. Memory: 45056K Free: 27337K (61%)
ptolemy.util.test.WatchDog.cancel(): canceling Fri Oct 18 05:57:29 UTC 2019
auto.tcl: Setting watchdog for 200 seconds at Fri Oct 18 05:57:29 UTC 2019
4 ms. Memory: 45056K Free: 26530K (59%)
ptolemy.util.test.WatchDog.cancel(): canceling Fri Oct 18 05:57:29 UTC 2019
------------------ testing $PTII/ptolemy/domains/de/test/auto/DEinDEwithStartTimes.xml
auto.tcl: Setting watchdog for 200 seconds at Fri Oct 18 05:57:29 UTC 2019
4 ms. Memory: 45056K Free: 25539K (57%)
ptolemy.util.test.WatchDog.cancel(): canceling Fri Oct 18 05:57:29 UTC 2019
auto.tcl: Setting watchdog for 200 seconds at Fri Oct 18 05:57:29 UTC 2019
4 ms. Memory: 45056K Free: 24432K (54%)
ptolemy.util.test.WatchDog.cancel(): canceling Fri Oct 18 05:57:29 UTC 2019
------------------ testing $PTII/ptolemy/domains/de/test/auto/DEinDEwithStartTimes2.xml
auto.tcl: Setting watchdog for 200 seconds at Fri Oct 18 05:57:29 UTC 2019
11 ms. Memory: 45056K Free: 24687K (55%)
ptolemy.util.test.WatchDog.cancel(): canceling Fri Oct 18 05:57:29 UTC 2019
auto.tcl: Setting watchdog for 200 seconds at Fri Oct 18 05:57:29 UTC 2019
3 ms. Memory: 45056K Free: 23387K (52%)
ptolemy.util.test.WatchDog.cancel(): canceling Fri Oct 18 05:57:29 UTC 2019
------------------ testing $PTII/ptolemy/domains/de/test/auto/DateDemo.xml
auto.tcl: Setting watchdog for 200 seconds at Fri Oct 18 05:57:30 UTC 2019
29 ms. Memory: 45056K Free: 19372K (43%)
ptolemy.util.test.WatchDog.cancel(): canceling Fri Oct 18 05:57:30 UTC 2019
auto.tcl: Setting watchdog for 200 seconds at Fri Oct 18 05:57:30 UTC 2019
8 ms. Memory: 45056K Free: 17548K (39%)
ptolemy.util.test.WatchDog.cancel(): canceling Fri Oct 18 05:57:30 UTC 2019
------------------ testing $PTII/ptolemy/domains/de/test/auto/DateToEvent.xml
auto.tcl: Setting watchdog for 200 seconds at Fri Oct 18 05:57:30 UTC 2019
2012 ms. Memory: 45056K Free: 14723K (33%)
ptolemy.util.test.WatchDog.cancel(): canceling Fri Oct 18 05:57:32 UTC 2019
auto.tcl: Setting watchdog for 200 seconds at Fri Oct 18 05:57:32 UTC 2019
2006 ms. Memory: 45056K Free: 14000K (31%)
ptolemy.util.test.WatchDog.cancel(): canceling Fri Oct 18 05:57:34 UTC 2019
------------------ testing $PTII/ptolemy/domains/de/test/auto/DepthTest1.xml
auto.tcl: Setting watchdog for 200 seconds at Fri Oct 18 05:57:34 UTC 2019
3 ms. Memory: 45056K Free: 28245K (63%)
ptolemy.util.test.WatchDog.cancel(): canceling Fri Oct 18 05:57:34 UTC 2019
auto.tcl: Setting watchdog for 200 seconds at Fri Oct 18 05:57:34 UTC 2019
2 ms. Memory: 45056K Free: 27708K (61%)
ptolemy.util.test.WatchDog.cancel(): canceling Fri Oct 18 05:57:34 UTC 2019
------------------ testing $PTII/ptolemy/domains/de/test/auto/DepthTest2.xml
auto.tcl: Setting watchdog for 200 seconds at Fri Oct 18 05:57:34 UTC 2019
5 ms. Memory: 45056K Free: 24983K (55%)
ptolemy.util.test.WatchDog.cancel(): canceling Fri Oct 18 05:57:34 UTC 2019
auto.tcl: Setting watchdog for 200 seconds at Fri Oct 18 05:57:34 UTC 2019
3 ms. Memory: 45056K Free: 24426K (54%)
ptolemy.util.test.WatchDog.cancel(): canceling Fri Oct 18 05:57:34 UTC 2019
------------------ testing $PTII/ptolemy/domains/de/test/auto/DepthTest3.xml
auto.tcl: Setting watchdog for 200 seconds at Fri Oct 18 05:57:34 UTC 2019
2 ms. Memory: 45056K Free: 28576K (63%)
ptolemy.util.test.WatchDog.cancel(): canceling Fri Oct 18 05:57:34 UTC 2019
auto.tcl: Setting watchdog for 200 seconds at Fri Oct 18 05:57:34 UTC 2019
2 ms. Memory: 45056K Free: 28038K (62%)
ptolemy.util.test.WatchDog.cancel(): canceling Fri Oct 18 05:57:34 UTC 2019
------------------ testing $PTII/ptolemy/domains/de/test/auto/DepthTest4.xml
auto.tcl: Setting watchdog for 200 seconds at Fri Oct 18 05:57:34 UTC 2019
4 ms. Memory: 45056K Free: 26790K (59%)
ptolemy.util.test.WatchDog.cancel(): canceling Fri Oct 18 05:57:34 UTC 2019
auto.tcl: Setting watchdog for 200 seconds at Fri Oct 18 05:57:34 UTC 2019
3 ms. Memory: 45056K Free: 26063K (58%)
ptolemy.util.test.WatchDog.cancel(): canceling Fri Oct 18 05:57:34 UTC 2019
------------------ testing $PTII/ptolemy/domains/de/test/auto/DepthTest5.xml
auto.tcl: Setting watchdog for 200 seconds at Fri Oct 18 05:57:34 UTC 2019
5 ms. Memory: 45056K Free: 25895K (57%)
ptolemy.util.test.WatchDog.cancel(): canceling Fri Oct 18 05:57:34 UTC 2019
auto.tcl: Setting watchdog for 200 seconds at Fri Oct 18 05:57:34 UTC 2019
3 ms. Memory: 45056K Free: 25497K (57%)
ptolemy.util.test.WatchDog.cancel(): canceling Fri Oct 18 05:57:34 UTC 2019
------------------ testing $PTII/ptolemy/domains/de/test/auto/DepthTest6.xml
auto.tcl: Setting watchdog for 200 seconds at Fri Oct 18 05:57:34 UTC 2019
4 ms. Memory: 45056K Free: 25896K (57%)
ptolemy.util.test.WatchDog.cancel(): canceling Fri Oct 18 05:57:34 UTC 2019
auto.tcl: Setting watchdog for 200 seconds at Fri Oct 18 05:57:34 UTC 2019
2 ms. Memory: 45056K Free: 25367K (56%)
ptolemy.util.test.WatchDog.cancel(): canceling Fri Oct 18 05:57:34 UTC 2019
------------------ testing $PTII/ptolemy/domains/de/test/auto/DepthTest7.xml
auto.tcl: Setting watchdog for 200 seconds at Fri Oct 18 05:57:34 UTC 2019
6 ms. Memory: 45056K Free: 26387K (59%)
ptolemy.util.test.WatchDog.cancel(): canceling Fri Oct 18 05:57:34 UTC 2019
auto.tcl: Setting watchdog for 200 seconds at Fri Oct 18 05:57:34 UTC 2019
2 ms. Memory: 45056K Free: 25989K (58%)
ptolemy.util.test.WatchDog.cancel(): canceling Fri Oct 18 05:57:34 UTC 2019
------------------ testing $PTII/ptolemy/domains/de/test/auto/EventToDate.xml
auto.tcl: Setting watchdog for 200 seconds at Fri Oct 18 05:57:34 UTC 2019
3006 ms. Memory: 45056K Free: 17515K (39%)
ptolemy.util.test.WatchDog.cancel(): canceling Fri Oct 18 05:57:37 UTC 2019
auto.tcl: Setting watchdog for 200 seconds at Fri Oct 18 05:57:37 UTC 2019
3006 ms. Memory: 45056K Free: 16800K (37%)
ptolemy.util.test.WatchDog.cancel(): canceling Fri Oct 18 05:57:40 UTC 2019
------------------ testing $PTII/ptolemy/domains/de/test/auto/FSM1.xml
auto.tcl: Setting watchdog for 200 seconds at Fri Oct 18 05:57:41 UTC 2019
26 ms. Memory: 45056K Free: 18714K (42%)
ptolemy.util.test.WatchDog.cancel(): canceling Fri Oct 18 05:57:41 UTC 2019
auto.tcl: Setting watchdog for 200 seconds at Fri Oct 18 05:57:41 UTC 2019
18 ms. Memory: 45056K Free: 15481K (34%)
ptolemy.util.test.WatchDog.cancel(): canceling Fri Oct 18 05:57:41 UTC 2019
------------------ testing $PTII/ptolemy/domains/de/test/auto/FSM7.xml
auto.tcl: Setting watchdog for 200 seconds at Fri Oct 18 05:57:41 UTC 2019
19 ms. Memory: 45056K Free: 18639K (41%)
ptolemy.util.test.WatchDog.cancel(): canceling Fri Oct 18 05:57:41 UTC 2019
auto.tcl: Setting watchdog for 200 seconds at Fri Oct 18 05:57:41 UTC 2019
15 ms. Memory: 45056K Free: 15344K (34%)
ptolemy.util.test.WatchDog.cancel(): canceling Fri Oct 18 05:57:41 UTC 2019
------------------ testing $PTII/ptolemy/domains/de/test/auto/Inspection.xml
auto.tcl: Setting watchdog for 200 seconds at Fri Oct 18 05:57:41 UTC 2019
25 ms. Memory: 45056K Free: 18442K (41%)
ptolemy.util.test.WatchDog.cancel(): canceling Fri Oct 18 05:57:41 UTC 2019
auto.tcl: Setting watchdog for 200 seconds at Fri Oct 18 05:57:41 UTC 2019
23 ms. Memory: 45056K Free: 16709K (37%)
ptolemy.util.test.WatchDog.cancel(): canceling Fri Oct 18 05:57:41 UTC 2019
------------------ testing $PTII/ptolemy/domains/de/test/auto/Iteration.xml
auto.tcl: Setting watchdog for 200 seconds at Fri Oct 18 05:57:41 UTC 2019
9 ms. Memory: 45056K Free: 24207K (54%)
ptolemy.util.test.WatchDog.cancel(): canceling Fri Oct 18 05:57:41 UTC 2019
auto.tcl: Setting watchdog for 200 seconds at Fri Oct 18 05:57:41 UTC 2019
8 ms. Memory: 45056K Free: 23131K (51%)
ptolemy.util.test.WatchDog.cancel(): canceling Fri Oct 18 05:57:41 UTC 2019
------------------ testing $PTII/ptolemy/domains/de/test/auto/LineFault.xml
auto.tcl: Setting watchdog for 200 seconds at Fri Oct 18 05:57:41 UTC 2019
737 ms. Memory: 56320K Free: 25807K (46%)
ptolemy.util.test.WatchDog.cancel(): canceling Fri Oct 18 05:57:42 UTC 2019
auto.tcl: Setting watchdog for 200 seconds at Fri Oct 18 05:57:42 UTC 2019
651 ms. Memory: 56320K Free: 17930K (32%)
ptolemy.util.test.WatchDog.cancel(): canceling Fri Oct 18 05:57:43 UTC 2019
------------------ testing $PTII/ptolemy/domains/de/test/auto/MergeModel1Add.xml
auto.tcl: Setting watchdog for 200 seconds at Fri Oct 18 05:57:43 UTC 2019
23 ms. Memory: 55296K Free: 19930K (36%)
ptolemy.util.test.WatchDog.cancel(): canceling Fri Oct 18 05:57:43 UTC 2019
auto.tcl: Setting watchdog for 200 seconds at Fri Oct 18 05:57:43 UTC 2019
36 ms. Memory: 55296K Free: 18434K (33%)
ptolemy.util.test.WatchDog.cancel(): canceling Fri Oct 18 05:57:43 UTC 2019
------------------ testing $PTII/ptolemy/domains/de/test/auto/MergeModel2Add.xml
auto.tcl: Setting watchdog for 200 seconds at Fri Oct 18 05:57:43 UTC 2019
25 ms. Memory: 51200K Free: 18704K (37%)
ptolemy.util.test.WatchDog.cancel(): canceling Fri Oct 18 05:57:43 UTC 2019
auto.tcl: Setting watchdog for 200 seconds at Fri Oct 18 05:57:43 UTC 2019
12 ms. Memory: 51200K Free: 17232K (34%)
ptolemy.util.test.WatchDog.cancel(): canceling Fri Oct 18 05:57:43 UTC 2019
------------------ testing $PTII/ptolemy/domains/de/test/auto/MergeModel3Add.xml
auto.tcl: Setting watchdog for 200 seconds at Fri Oct 18 05:57:43 UTC 2019
9 ms. Memory: 51200K Free: 18965K (37%)
ptolemy.util.test.WatchDog.cancel(): canceling Fri Oct 18 05:57:43 UTC 2019
auto.tcl: Setting watchdog for 200 seconds at Fri Oct 18 05:57:43 UTC 2019
9 ms. Memory: 51200K Free: 17251K (34%)
ptolemy.util.test.WatchDog.cancel(): canceling Fri Oct 18 05:57:43 UTC 2019
------------------ testing $PTII/ptolemy/domains/de/test/auto/MergeWithoutDiscard.xml
auto.tcl: Setting watchdog for 200 seconds at Fri Oct 18 05:57:43 UTC 2019
2 ms. Memory: 51200K Free: 32728K (64%)
ptolemy.util.test.WatchDog.cancel(): canceling Fri Oct 18 05:57:43 UTC 2019
auto.tcl: Setting watchdog for 200 seconds at Fri Oct 18 05:57:43 UTC 2019
2 ms. Memory: 51200K Free: 32292K (63%)
ptolemy.util.test.WatchDog.cancel(): canceling Fri Oct 18 05:57:43 UTC 2019
------------------ testing $PTII/ptolemy/domains/de/test/auto/Modal1.xml
auto.tcl: Setting watchdog for 200 seconds at Fri Oct 18 05:57:43 UTC 2019
13 ms. Memory: 48128K Free: 21855K (45%)
ptolemy.util.test.WatchDog.cancel(): canceling Fri Oct 18 05:57:43 UTC 2019
auto.tcl: Setting watchdog for 200 seconds at Fri Oct 18 05:57:43 UTC 2019
13 ms. Memory: 48128K Free: 18570K (39%)
ptolemy.util.test.WatchDog.cancel(): canceling Fri Oct 18 05:57:43 UTC 2019
------------------ testing $PTII/ptolemy/domains/de/test/auto/Modal2.xml
auto.tcl: Setting watchdog for 200 seconds at Fri Oct 18 05:57:44 UTC 2019
21 ms. Memory: 48128K Free: 21732K (45%)
ptolemy.util.test.WatchDog.cancel(): canceling Fri Oct 18 05:57:44 UTC 2019
auto.tcl: Setting watchdog for 200 seconds at Fri Oct 18 05:57:44 UTC 2019
15 ms. Memory: 48128K Free: 18466K (38%)
ptolemy.util.test.WatchDog.cancel(): canceling Fri Oct 18 05:57:44 UTC 2019
------------------ testing $PTII/ptolemy/domains/de/test/auto/Modal3.xml
auto.tcl: Setting watchdog for 200 seconds at Fri Oct 18 05:57:44 UTC 2019
13 ms. Memory: 48128K Free: 21244K (44%)
ptolemy.util.test.WatchDog.cancel(): canceling Fri Oct 18 05:57:44 UTC 2019
auto.tcl: Setting watchdog for 200 seconds at Fri Oct 18 05:57:44 UTC 2019
14 ms. Memory: 48128K Free: 18111K (38%)
ptolemy.util.test.WatchDog.cancel(): canceling Fri Oct 18 05:57:44 UTC 2019
------------------ testing $PTII/ptolemy/domains/de/test/auto/Modal4.xml
auto.tcl: Setting watchdog for 200 seconds at Fri Oct 18 05:57:44 UTC 2019
15 ms. Memory: 48128K Free: 20673K (43%)
ptolemy.util.test.WatchDog.cancel(): canceling Fri Oct 18 05:57:44 UTC 2019
auto.tcl: Setting watchdog for 200 seconds at Fri Oct 18 05:57:44 UTC 2019
14 ms. Memory: 48128K Free: 16845K (35%)
ptolemy.util.test.WatchDog.cancel(): canceling Fri Oct 18 05:57:44 UTC 2019
------------------ testing $PTII/ptolemy/domains/de/test/auto/Modal5.xml
auto.tcl: Setting watchdog for 200 seconds at Fri Oct 18 05:57:44 UTC 2019
17 ms. Memory: 48128K Free: 20660K (43%)
ptolemy.util.test.WatchDog.cancel(): canceling Fri Oct 18 05:57:44 UTC 2019
auto.tcl: Setting watchdog for 200 seconds at Fri Oct 18 05:57:44 UTC 2019
16 ms. Memory: 48128K Free: 16831K (35%)
ptolemy.util.test.WatchDog.cancel(): canceling Fri Oct 18 05:57:44 UTC 2019
------------------ testing $PTII/ptolemy/domains/de/test/auto/Modal6.xml
auto.tcl: Setting watchdog for 200 seconds at Fri Oct 18 05:57:44 UTC 2019
13 ms. Memory: 48128K Free: 21476K (45%)
ptolemy.util.test.WatchDog.cancel(): canceling Fri Oct 18 05:57:44 UTC 2019
auto.tcl: Setting watchdog for 200 seconds at Fri Oct 18 05:57:44 UTC 2019
15 ms. Memory: 48128K Free: 17480K (36%)
ptolemy.util.test.WatchDog.cancel(): canceling Fri Oct 18 05:57:44 UTC 2019
------------------ testing $PTII/ptolemy/domains/de/test/auto/Modal7.xml
auto.tcl: Setting watchdog for 200 seconds at Fri Oct 18 05:57:44 UTC 2019
11 ms. Memory: 48128K Free: 20643K (43%)
ptolemy.util.test.WatchDog.cancel(): canceling Fri Oct 18 05:57:44 UTC 2019
auto.tcl: Setting watchdog for 200 seconds at Fri Oct 18 05:57:44 UTC 2019
9 ms. Memory: 48128K Free: 17136K (36%)
ptolemy.util.test.WatchDog.cancel(): canceling Fri Oct 18 05:57:44 UTC 2019
------------------ testing $PTII/ptolemy/domains/de/test/auto/ModalModel.xml
auto.tcl: Setting watchdog for 200 seconds at Fri Oct 18 05:57:44 UTC 2019
242 ms. Memory: 48128K Free: 10455K (22%)
ptolemy.util.test.WatchDog.cancel(): canceling Fri Oct 18 05:57:45 UTC 2019
auto.tcl: Setting watchdog for 200 seconds at Fri Oct 18 05:57:45 UTC 2019
218 ms. Memory: 58368K Free: 42095K (72%)
ptolemy.util.test.WatchDog.cancel(): canceling Fri Oct 18 05:57:45 UTC 2019
------------------ testing $PTII/ptolemy/domains/de/test/auto/ModalSource.xml
auto.tcl: Setting watchdog for 200 seconds at Fri Oct 18 05:57:45 UTC 2019
7 ms. Memory: 51200K Free: 28575K (56%)
ptolemy.util.test.WatchDog.cancel(): canceling Fri Oct 18 05:57:45 UTC 2019
auto.tcl: Setting watchdog for 200 seconds at Fri Oct 18 05:57:45 UTC 2019
7 ms. Memory: 51200K Free: 26527K (52%)
ptolemy.util.test.WatchDog.cancel(): canceling Fri Oct 18 05:57:45 UTC 2019
------------------ testing $PTII/ptolemy/domains/de/test/auto/NonInterruptibleTimerZeroDelay.xml
auto.tcl: Setting watchdog for 200 seconds at Fri Oct 18 05:57:45 UTC 2019
4 ms. Memory: 51200K Free: 33503K (65%)
ptolemy.util.test.WatchDog.cancel(): canceling Fri Oct 18 05:57:45 UTC 2019
auto.tcl: Setting watchdog for 200 seconds at Fri Oct 18 05:57:45 UTC 2019
2 ms. Memory: 51200K Free: 32855K (64%)
ptolemy.util.test.WatchDog.cancel(): canceling Fri Oct 18 05:57:45 UTC 2019
------------------ testing $PTII/ptolemy/domains/de/test/auto/OpenQueueingNetwork.xml
auto.tcl: Setting watchdog for 200 seconds at Fri Oct 18 05:57:45 UTC 2019
2993 ms. Memory: 110592K Free: 81777K (74%)
ptolemy.util.test.WatchDog.cancel(): canceling Fri Oct 18 05:57:48 UTC 2019
auto.tcl: Setting watchdog for 200 seconds at Fri Oct 18 05:57:48 UTC 2019
2790 ms. Memory: 110592K Free: 49544K (45%)
ptolemy.util.test.WatchDog.cancel(): canceling Fri Oct 18 05:57:51 UTC 2019
------------------ testing $PTII/ptolemy/domains/de/test/auto/OpenQueuingNetwork.xml
auto.tcl: Setting watchdog for 200 seconds at Fri Oct 18 05:57:51 UTC 2019
295 ms. Memory: 51200K Free: 14731K (29%)
ptolemy.util.test.WatchDog.cancel(): canceling Fri Oct 18 05:57:51 UTC 2019
auto.tcl: Setting watchdog for 200 seconds at Fri Oct 18 05:57:51 UTC 2019
309 ms. Memory: 63488K Free: 31074K (49%)
ptolemy.util.test.WatchDog.cancel(): canceling Fri Oct 18 05:57:52 UTC 2019
------------------ testing $PTII/ptolemy/domains/de/test/auto/PeriodicSampler.xml
auto.tcl: Setting watchdog for 200 seconds at Fri Oct 18 05:57:52 UTC 2019
2 ms. Memory: 55296K Free: 36805K (67%)
ptolemy.util.test.WatchDog.cancel(): canceling Fri Oct 18 05:57:52 UTC 2019
auto.tcl: Setting watchdog for 200 seconds at Fri Oct 18 05:57:52 UTC 2019
2 ms. Memory: 55296K Free: 36285K (66%)
ptolemy.util.test.WatchDog.cancel(): canceling Fri Oct 18 05:57:52 UTC 2019
------------------ testing $PTII/ptolemy/domains/de/test/auto/PersistentIO.xml
auto.tcl: Setting watchdog for 200 seconds at Fri Oct 18 05:57:52 UTC 2019
18 ms. Memory: 48128K Free: 24563K (51%)
ptolemy.util.test.WatchDog.cancel(): canceling Fri Oct 18 05:57:52 UTC 2019
auto.tcl: Setting watchdog for 200 seconds at Fri Oct 18 05:57:52 UTC 2019
5 ms. Memory: 48128K Free: 23127K (48%)
ptolemy.util.test.WatchDog.cancel(): canceling Fri Oct 18 05:57:52 UTC 2019
------------------ testing $PTII/ptolemy/domains/de/test/auto/PortParameterResetOnInitialize.xml
auto.tcl: Setting watchdog for 200 seconds at Fri Oct 18 05:57:52 UTC 2019
8 ms. Memory: 48128K Free: 29547K (61%)
ptolemy.util.test.WatchDog.cancel(): canceling Fri Oct 18 05:57:52 UTC 2019
auto.tcl: Setting watchdog for 200 seconds at Fri Oct 18 05:57:52 UTC 2019
2 ms. Memory: 48128K Free: 29051K (60%)
ptolemy.util.test.WatchDog.cancel(): canceling Fri Oct 18 05:57:52 UTC 2019
------------------ testing $PTII/ptolemy/domains/de/test/auto/PortParameterUpdates.xml
auto.tcl: Setting watchdog for 200 seconds at Fri Oct 18 05:57:52 UTC 2019
4 ms. Memory: 48128K Free: 27891K (58%)
ptolemy.util.test.WatchDog.cancel(): canceling Fri Oct 18 05:57:52 UTC 2019
auto.tcl: Setting watchdog for 200 seconds at Fri Oct 18 05:57:52 UTC 2019
3 ms. Memory: 48128K Free: 26641K (55%)
ptolemy.util.test.WatchDog.cancel(): canceling Fri Oct 18 05:57:52 UTC 2019
------------------ testing $PTII/ptolemy/domains/de/test/auto/QueueAndServer.xml
auto.tcl: Setting watchdog for 200 seconds at Fri Oct 18 05:57:52 UTC 2019
7 ms. Memory: 48128K Free: 26831K (56%)
ptolemy.util.test.WatchDog.cancel(): canceling Fri Oct 18 05:57:52 UTC 2019
auto.tcl: Setting watchdog for 200 seconds at Fri Oct 18 05:57:52 UTC 2019
6 ms. Memory: 48128K Free: 25581K (53%)
ptolemy.util.test.WatchDog.cancel(): canceling Fri Oct 18 05:57:52 UTC 2019
------------------ testing $PTII/ptolemy/domains/de/test/auto/Records.xml
auto.tcl: Setting watchdog for 200 seconds at Fri Oct 18 05:57:52 UTC 2019
3 ms. Memory: 48128K Free: 29091K (60%)
ptolemy.util.test.WatchDog.cancel(): canceling Fri Oct 18 05:57:52 UTC 2019
auto.tcl: Setting watchdog for 200 seconds at Fri Oct 18 05:57:52 UTC 2019
2 ms. Memory: 48128K Free: 28612K (59%)
ptolemy.util.test.WatchDog.cancel(): canceling Fri Oct 18 05:57:52 UTC 2019
------------------ testing $PTII/ptolemy/domains/de/test/auto/ResetTransitionWithStartTime1.xml
auto.tcl: Setting watchdog for 200 seconds at Fri Oct 18 05:57:52 UTC 2019
11 ms. Memory: 48128K Free: 26168K (54%)
ptolemy.util.test.WatchDog.cancel(): canceling Fri Oct 18 05:57:52 UTC 2019
auto.tcl: Setting watchdog for 200 seconds at Fri Oct 18 05:57:52 UTC 2019
9 ms. Memory: 48128K Free: 23505K (49%)
ptolemy.util.test.WatchDog.cancel(): canceling Fri Oct 18 05:57:52 UTC 2019
------------------ testing $PTII/ptolemy/domains/de/test/auto/ResetTransitionWithStartTime2.xml
auto.tcl: Setting watchdog for 200 seconds at Fri Oct 18 05:57:53 UTC 2019
9 ms. Memory: 48128K Free: 26002K (54%)
ptolemy.util.test.WatchDog.cancel(): canceling Fri Oct 18 05:57:53 UTC 2019
auto.tcl: Setting watchdog for 200 seconds at Fri Oct 18 05:57:53 UTC 2019
7 ms. Memory: 48128K Free: 23468K (49%)
ptolemy.util.test.WatchDog.cancel(): canceling Fri Oct 18 05:57:53 UTC 2019
------------------ testing $PTII/ptolemy/domains/de/test/auto/ResetTransitionWithStartTime3.xml
auto.tcl: Setting watchdog for 200 seconds at Fri Oct 18 05:57:53 UTC 2019
8 ms. Memory: 48128K Free: 26000K (54%)
ptolemy.util.test.WatchDog.cancel(): canceling Fri Oct 18 05:57:53 UTC 2019
auto.tcl: Setting watchdog for 200 seconds at Fri Oct 18 05:57:53 UTC 2019
8 ms. Memory: 48128K Free: 23488K (49%)
ptolemy.util.test.WatchDog.cancel(): canceling Fri Oct 18 05:57:53 UTC 2019
------------------ testing $PTII/ptolemy/domains/de/test/auto/ResetTransitionWithStartTime4.xml
auto.tcl: Setting watchdog for 200 seconds at Fri Oct 18 05:57:53 UTC 2019
9 ms. Memory: 48128K Free: 26467K (55%)
ptolemy.util.test.WatchDog.cancel(): canceling Fri Oct 18 05:57:53 UTC 2019
auto.tcl: Setting watchdog for 200 seconds at Fri Oct 18 05:57:53 UTC 2019
4 ms. Memory: 48128K Free: 25035K (52%)
ptolemy.util.test.WatchDog.cancel(): canceling Fri Oct 18 05:57:53 UTC 2019
------------------ testing $PTII/ptolemy/domains/de/test/auto/ResettableTimer1.xml
auto.tcl: Setting watchdog for 200 seconds at Fri Oct 18 05:57:53 UTC 2019
5 ms. Memory: 48128K Free: 30077K (62%)
ptolemy.util.test.WatchDog.cancel(): canceling Fri Oct 18 05:57:53 UTC 2019
auto.tcl: Setting watchdog for 200 seconds at Fri Oct 18 05:57:53 UTC 2019
3 ms. Memory: 48128K Free: 29121K (61%)
ptolemy.util.test.WatchDog.cancel(): canceling Fri Oct 18 05:57:53 UTC 2019
------------------ testing $PTII/ptolemy/domains/de/test/auto/ResettableTimer2.xml
auto.tcl: Setting watchdog for 200 seconds at Fri Oct 18 05:57:53 UTC 2019
3 ms. Memory: 48128K Free: 30133K (63%)
ptolemy.util.test.WatchDog.cancel(): canceling Fri Oct 18 05:57:53 UTC 2019
auto.tcl: Setting watchdog for 200 seconds at Fri Oct 18 05:57:53 UTC 2019
2 ms. Memory: 48128K Free: 29191K (61%)
ptolemy.util.test.WatchDog.cancel(): canceling Fri Oct 18 05:57:53 UTC 2019
------------------ testing $PTII/ptolemy/domains/de/test/auto/ResettableTimer3.xml
auto.tcl: Setting watchdog for 200 seconds at Fri Oct 18 05:57:53 UTC 2019
1 ms. Memory: 48128K Free: 30166K (63%)
ptolemy.util.test.WatchDog.cancel(): canceling Fri Oct 18 05:57:53 UTC 2019
auto.tcl: Setting watchdog for 200 seconds at Fri Oct 18 05:57:53 UTC 2019
1 ms. Memory: 48128K Free: 30133K (63%)
ptolemy.util.test.WatchDog.cancel(): canceling Fri Oct 18 05:57:53 UTC 2019
------------------ testing $PTII/ptolemy/domains/de/test/auto/ResettableTimer4.xml
auto.tcl: Setting watchdog for 200 seconds at Fri Oct 18 05:57:53 UTC 2019
1 ms. Memory: 48128K Free: 30163K (63%)
ptolemy.util.test.WatchDog.cancel(): canceling Fri Oct 18 05:57:53 UTC 2019
auto.tcl: Setting watchdog for 200 seconds at Fri Oct 18 05:57:53 UTC 2019
1 ms. Memory: 48128K Free: 29681K (62%)
ptolemy.util.test.WatchDog.cancel(): canceling Fri Oct 18 05:57:53 UTC 2019
------------------ testing $PTII/ptolemy/domains/de/test/auto/ResettableTimer5.xml
auto.tcl: Setting watchdog for 200 seconds at Fri Oct 18 05:57:53 UTC 2019
2 ms. Memory: 48128K Free: 29630K (62%)
ptolemy.util.test.WatchDog.cancel(): canceling Fri Oct 18 05:57:53 UTC 2019
auto.tcl: Setting watchdog for 200 seconds at Fri Oct 18 05:57:53 UTC 2019
2 ms. Memory: 48128K Free: 29168K (61%)
ptolemy.util.test.WatchDog.cancel(): canceling Fri Oct 18 05:57:53 UTC 2019
------------------ testing $PTII/ptolemy/domains/de/test/auto/ResettableTimer6.xml
auto.tcl: Setting watchdog for 200 seconds at Fri Oct 18 05:57:53 UTC 2019
2 ms. Memory: 48128K Free: 29614K (62%)
ptolemy.util.test.WatchDog.cancel(): canceling Fri Oct 18 05:57:53 UTC 2019
auto.tcl: Setting watchdog for 200 seconds at Fri Oct 18 05:57:53 UTC 2019
2 ms. Memory: 48128K Free: 29152K (61%)
ptolemy.util.test.WatchDog.cancel(): canceling Fri Oct 18 05:57:53 UTC 2019
------------------ testing $PTII/ptolemy/domains/de/test/auto/ServerZeroDelay.xml
auto.tcl: Setting watchdog for 200 seconds at Fri Oct 18 05:57:53 UTC 2019
5 ms. Memory: 48128K Free: 30125K (63%)
ptolemy.util.test.WatchDog.cancel(): canceling Fri Oct 18 05:57:53 UTC 2019
auto.tcl: Setting watchdog for 200 seconds at Fri Oct 18 05:57:53 UTC 2019
3 ms. Memory: 48128K Free: 29169K (61%)
ptolemy.util.test.WatchDog.cancel(): canceling Fri Oct 18 05:57:53 UTC 2019
------------------ testing $PTII/ptolemy/domains/de/test/auto/SmartSender.xml
auto.tcl: Setting watchdog for 200 seconds at Fri Oct 18 05:57:53 UTC 2019
3001 ms. Memory: 48128K Free: 30138K (63%)
ptolemy.util.test.WatchDog.cancel(): canceling Fri Oct 18 05:57:56 UTC 2019
auto.tcl: Setting watchdog for 200 seconds at Fri Oct 18 05:57:56 UTC 2019
3002 ms. Memory: 48128K Free: 29656K (62%)
ptolemy.util.test.WatchDog.cancel(): canceling Fri Oct 18 05:57:59 UTC 2019
------------------ testing $PTII/ptolemy/domains/de/test/auto/ThreadedComposite.xml
auto.tcl: Setting watchdog for 200 seconds at Fri Oct 18 05:57:59 UTC 2019
268 ms. Memory: 48128K Free: 11188K (23%)
ptolemy.util.test.WatchDog.cancel(): canceling Fri Oct 18 05:58:00 UTC 2019
auto.tcl: Setting watchdog for 200 seconds at Fri Oct 18 05:58:00 UTC 2019
166 ms. Memory: 48128K Free: 24023K (50%)
ptolemy.util.test.WatchDog.cancel(): canceling Fri Oct 18 05:58:00 UTC 2019
------------------ testing $PTII/ptolemy/domains/de/test/auto/Time.xml
auto.tcl: Setting watchdog for 200 seconds at Fri Oct 18 05:58:00 UTC 2019
662 ms. Memory: 48128K Free: 28264K (59%)
ptolemy.util.test.WatchDog.cancel(): canceling Fri Oct 18 05:58:01 UTC 2019
auto.tcl: Setting watchdog for 200 seconds at Fri Oct 18 05:58:01 UTC 2019
617 ms. Memory: 48128K Free: 26842K (56%)
ptolemy.util.test.WatchDog.cancel(): canceling Fri Oct 18 05:58:01 UTC 2019
------------------ testing $PTII/ptolemy/domains/de/test/auto/TimeDelayZeroDelay.xml
auto.tcl: Setting watchdog for 200 seconds at Fri Oct 18 05:58:01 UTC 2019
3 ms. Memory: 48128K Free: 30553K (63%)
ptolemy.util.test.WatchDog.cancel(): canceling Fri Oct 18 05:58:01 UTC 2019
auto.tcl: Setting watchdog for 200 seconds at Fri Oct 18 05:58:01 UTC 2019
3 ms. Memory: 48128K Free: 29646K (62%)
ptolemy.util.test.WatchDog.cancel(): canceling Fri Oct 18 05:58:01 UTC 2019
------------------ testing $PTII/ptolemy/domains/de/test/auto/TimerZeroDelay.xml
auto.tcl: Setting watchdog for 200 seconds at Fri Oct 18 05:58:01 UTC 2019
2 ms. Memory: 48128K Free: 30092K (63%)
ptolemy.util.test.WatchDog.cancel(): canceling Fri Oct 18 05:58:01 UTC 2019
auto.tcl: Setting watchdog for 200 seconds at Fri Oct 18 05:58:01 UTC 2019
3 ms. Memory: 48128K Free: 29251K (61%)
ptolemy.util.test.WatchDog.cancel(): canceling Fri Oct 18 05:58:01 UTC 2019
------------------ testing $PTII/ptolemy/domains/de/test/auto/TimingParadox.xml
auto.tcl: Setting watchdog for 200 seconds at Fri Oct 18 05:58:01 UTC 2019
393 ms. Memory: 48128K Free: 14318K (30%)
ptolemy.util.test.WatchDog.cancel(): canceling Fri Oct 18 05:58:02 UTC 2019
auto.tcl: Setting watchdog for 200 seconds at Fri Oct 18 05:58:02 UTC 2019
392 ms. Memory: 58368K Free: 13719K (24%)
ptolemy.util.test.WatchDog.cancel(): canceling Fri Oct 18 05:58:02 UTC 2019
------------------ testing $PTII/ptolemy/domains/de/test/auto/TransferInputs.xml
auto.tcl: Setting watchdog for 200 seconds at Fri Oct 18 05:58:03 UTC 2019
2 ms. Memory: 55296K Free: 35728K (65%)
ptolemy.util.test.WatchDog.cancel(): canceling Fri Oct 18 05:58:03 UTC 2019
auto.tcl: Setting watchdog for 200 seconds at Fri Oct 18 05:58:03 UTC 2019
2 ms. Memory: 55296K Free: 34839K (63%)
ptolemy.util.test.WatchDog.cancel(): canceling Fri Oct 18 05:58:03 UTC 2019
------------------ testing $PTII/ptolemy/domains/de/test/auto/TransferOutputs2.xml
auto.tcl: Setting watchdog for 200 seconds at Fri Oct 18 05:58:03 UTC 2019
4 ms. Memory: 51200K Free: 29074K (57%)
ptolemy.util.test.WatchDog.cancel(): canceling Fri Oct 18 05:58:03 UTC 2019
auto.tcl: Setting watchdog for 200 seconds at Fri Oct 18 05:58:03 UTC 2019
4 ms. Memory: 51200K Free: 27657K (54%)
ptolemy.util.test.WatchDog.cancel(): canceling Fri Oct 18 05:58:03 UTC 2019
------------------ testing $PTII/ptolemy/domains/de/test/auto/Trilateration.xml
auto.tcl: Setting watchdog for 200 seconds at Fri Oct 18 05:58:03 UTC 2019
15657 ms. Memory: 475136K Free: 363963K (77%)
ptolemy.util.test.WatchDog.cancel(): canceling Fri Oct 18 05:58:19 UTC 2019
auto.tcl: Setting watchdog for 200 seconds at Fri Oct 18 05:58:19 UTC 2019
11321 ms. Memory: 475136K Free: 265149K (56%)
ptolemy.util.test.WatchDog.cancel(): canceling Fri Oct 18 05:58:31 UTC 2019
------------------ testing $PTII/ptolemy/domains/de/test/auto/TwoSigmaDelta.xml
auto.tcl: Setting watchdog for 200 seconds at Fri Oct 18 05:58:31 UTC 2019
2723 ms. Memory: 89088K Free: 17002K (19%)
ptolemy.util.test.WatchDog.cancel(): canceling Fri Oct 18 05:58:34 UTC 2019
auto.tcl: Setting watchdog for 200 seconds at Fri Oct 18 05:58:34 UTC 2019
2187 ms. Memory: 89088K Free: 13392K (15%)
ptolemy.util.test.WatchDog.cancel(): canceling Fri Oct 18 05:58:36 UTC 2019
------------------ testing $PTII/ptolemy/domains/de/test/auto/VariableDelay.xml
auto.tcl: Setting watchdog for 200 seconds at Fri Oct 18 05:58:36 UTC 2019
4 ms. Memory: 51200K Free: 32124K (63%)
ptolemy.util.test.WatchDog.cancel(): canceling Fri Oct 18 05:58:36 UTC 2019
auto.tcl: Setting watchdog for 200 seconds at Fri Oct 18 05:58:36 UTC 2019
2 ms. Memory: 51200K Free: 31114K (61%)
ptolemy.util.test.WatchDog.cancel(): canceling Fri Oct 18 05:58:36 UTC 2019
------------------ testing $PTII/ptolemy/domains/de/test/auto/VariableDelay2.xml
auto.tcl: Setting watchdog for 200 seconds at Fri Oct 18 05:58:36 UTC 2019
7 ms. Memory: 51200K Free: 32721K (64%)
ptolemy.util.test.WatchDog.cancel(): canceling Fri Oct 18 05:58:36 UTC 2019
auto.tcl: Setting watchdog for 200 seconds at Fri Oct 18 05:58:36 UTC 2019
2 ms. Memory: 51200K Free: 32026K (63%)
ptolemy.util.test.WatchDog.cancel(): canceling Fri Oct 18 05:58:36 UTC 2019
------------------ testing $PTII/ptolemy/domains/de/test/auto/VariableDelayZeroDelay.xml
auto.tcl: Setting watchdog for 200 seconds at Fri Oct 18 05:58:36 UTC 2019
2 ms. Memory: 48128K Free: 29977K (62%)
ptolemy.util.test.WatchDog.cancel(): canceling Fri Oct 18 05:58:36 UTC 2019
auto.tcl: Setting watchdog for 200 seconds at Fri Oct 18 05:58:36 UTC 2019
2 ms. Memory: 48128K Free: 29496K (61%)
ptolemy.util.test.WatchDog.cancel(): canceling Fri Oct 18 05:58:36 UTC 2019
------------------ testing $PTII/ptolemy/domains/de/test/auto/VariableDelayZeroDelay2.xml
auto.tcl: Setting watchdog for 200 seconds at Fri Oct 18 05:58:36 UTC 2019
2 ms. Memory: 48128K Free: 29977K (62%)
ptolemy.util.test.WatchDog.cancel(): canceling Fri Oct 18 05:58:36 UTC 2019
auto.tcl: Setting watchdog for 200 seconds at Fri Oct 18 05:58:36 UTC 2019
2 ms. Memory: 48128K Free: 29044K (60%)
ptolemy.util.test.WatchDog.cancel(): canceling Fri Oct 18 05:58:36 UTC 2019
------------------ testing $PTII/ptolemy/domains/de/test/auto/deInCt.xml
auto.tcl: Setting watchdog for 200 seconds at Fri Oct 18 05:58:36 UTC 2019
0
1
1
1
0
0
0
1
1
0
0
0
1
1
0
0
1
1
1
0
0
0
0
0
1
1
1
0
0
0
1
1
1
1
0
0
0
1
1
0
0
0
1
1
1
0
0
0
1
1
1
0
0
0
1
1
1
1
22 ms. Memory: 48128K Free: 28950K (60%)
ptolemy.util.test.WatchDog.cancel(): canceling Fri Oct 18 05:58:36 UTC 2019
auto.tcl: Setting watchdog for 200 seconds at Fri Oct 18 05:58:36 UTC 2019
0
1
1
1
0
0
0
0
1
1
1
0
0
0
0
0
0
0
1
1
1
0
0
0
1
1
1
0
0
0
0
0
5 ms. Memory: 48128K Free: 27415K (57%)
ptolemy.util.test.WatchDog.cancel(): canceling Fri Oct 18 05:58:36 UTC 2019
------------------ testing $PTII/ptolemy/domains/de/test/auto/deInCt2.xml
auto.tcl: Setting watchdog for 200 seconds at Fri Oct 18 05:58:36 UTC 2019
0
1
1
1
0
0
1
1
1
0
0
1
1
1
0
0
1
1
1
0
0
1
1
1
0
0
1
1
1
0
0
1
1
1
0
0
1
1
1
0
0
0
8 ms. Memory: 48128K Free: 28952K (60%)
ptolemy.util.test.WatchDog.cancel(): canceling Fri Oct 18 05:58:36 UTC 2019
auto.tcl: Setting watchdog for 200 seconds at Fri Oct 18 05:58:36 UTC 2019
0
1
1
1
0
0
1
1
1
0
0
1
1
1
0
0
1
1
1
0
0
1
1
1
0
0
1
1
1
0
0
1
1
1
0
0
1
1
1
0
0
0
5 ms. Memory: 48128K Free: 27427K (57%)
ptolemy.util.test.WatchDog.cancel(): canceling Fri Oct 18 05:58:36 UTC 2019
------------------ testing $PTII/ptolemy/domains/de/test/auto/dynamicCausalityInterface1.xml
auto.tcl: Setting watchdog for 200 seconds at Fri Oct 18 05:58:36 UTC 2019
2 ms. Memory: 48128K Free: 24323K (51%)
ptolemy.util.test.WatchDog.cancel(): canceling Fri Oct 18 05:58:37 UTC 2019
auto.tcl: Setting watchdog for 200 seconds at Fri Oct 18 05:58:37 UTC 2019
1 ms. Memory: 48128K Free: 23846K (50%)
ptolemy.util.test.WatchDog.cancel(): canceling Fri Oct 18 05:58:37 UTC 2019
------------------ testing $PTII/ptolemy/domains/de/test/auto/fsm_de_test.xml
auto.tcl: Setting watchdog for 200 seconds at Fri Oct 18 05:58:37 UTC 2019
10 ms. Memory: 48128K Free: 24749K (51%)
ptolemy.util.test.WatchDog.cancel(): canceling Fri Oct 18 05:58:37 UTC 2019
auto.tcl: Setting watchdog for 200 seconds at Fri Oct 18 05:58:37 UTC 2019
6 ms. Memory: 48128K Free: 22701K (47%)
ptolemy.util.test.WatchDog.cancel(): canceling Fri Oct 18 05:58:37 UTC 2019
------------------ testing $PTII/ptolemy/domains/de/test/auto/functionDependencyReconstruction.xml
auto.tcl: Setting watchdog for 200 seconds at Fri Oct 18 05:58:37 UTC 2019
10 ms. Memory: 48128K Free: 18595K (39%)
ptolemy.util.test.WatchDog.cancel(): canceling Fri Oct 18 05:58:37 UTC 2019
auto.tcl: Setting watchdog for 200 seconds at Fri Oct 18 05:58:37 UTC 2019
4 ms. Memory: 48128K Free: 16631K (35%)
ptolemy.util.test.WatchDog.cancel(): canceling Fri Oct 18 05:58:37 UTC 2019
------------------ testing $PTII/ptolemy/domains/de/test/auto/multirate.xml
auto.tcl: Setting watchdog for 200 seconds at Fri Oct 18 05:58:37 UTC 2019
4 ms. Memory: 48128K Free: 27198K (57%)
ptolemy.util.test.WatchDog.cancel(): canceling Fri Oct 18 05:58:37 UTC 2019
auto.tcl: Setting watchdog for 200 seconds at Fri Oct 18 05:58:37 UTC 2019
2 ms. Memory: 48128K Free: 25747K (53%)
ptolemy.util.test.WatchDog.cancel(): canceling Fri Oct 18 05:58:37 UTC 2019
------------------ testing $PTII/ptolemy/domains/de/test/auto/multirate2.xml
auto.tcl: Setting watchdog for 200 seconds at Fri Oct 18 05:58:37 UTC 2019
2 ms. Memory: 48128K Free: 27379K (57%)
ptolemy.util.test.WatchDog.cancel(): canceling Fri Oct 18 05:58:37 UTC 2019
auto.tcl: Setting watchdog for 200 seconds at Fri Oct 18 05:58:37 UTC 2019
3 ms. Memory: 48128K Free: 25901K (54%)
ptolemy.util.test.WatchDog.cancel(): canceling Fri Oct 18 05:58:37 UTC 2019
------------------ testing $PTII/ptolemy/domains/de/test/auto/realtime.xml
auto.tcl: Setting watchdog for 200 seconds at Fri Oct 18 05:58:37 UTC 2019
10001 ms. Memory: 48128K Free: 29670K (62%)
ptolemy.util.test.WatchDog.cancel(): canceling Fri Oct 18 05:58:47 UTC 2019
auto.tcl: Setting watchdog for 200 seconds at Fri Oct 18 05:58:47 UTC 2019
10001 ms. Memory: 48128K Free: 28929K (60%)
ptolemy.util.test.WatchDog.cancel(): canceling Fri Oct 18 05:58:57 UTC 2019
------------------ testing $PTII/ptolemy/domains/de/test/auto/relationGroup.xml
auto.tcl: Setting watchdog for 200 seconds at Fri Oct 18 05:58:57 UTC 2019
3 ms. Memory: 48128K Free: 30699K (64%)
ptolemy.util.test.WatchDog.cancel(): canceling Fri Oct 18 05:58:57 UTC 2019
auto.tcl: Setting watchdog for 200 seconds at Fri Oct 18 05:58:57 UTC 2019
2 ms. Memory: 48128K Free: 29979K (62%)
ptolemy.util.test.WatchDog.cancel(): canceling Fri Oct 18 05:58:57 UTC 2019
------------------ testing $PTII/ptolemy/domains/de/test/auto/relationGroup2.xml
auto.tcl: Setting watchdog for 200 seconds at Fri Oct 18 05:58:57 UTC 2019
2 ms. Memory: 48128K Free: 30514K (63%)
ptolemy.util.test.WatchDog.cancel(): canceling Fri Oct 18 05:58:57 UTC 2019
auto.tcl: Setting watchdog for 200 seconds at Fri Oct 18 05:58:57 UTC 2019
2 ms. Memory: 48128K Free: 29513K (61%)
ptolemy.util.test.WatchDog.cancel(): canceling Fri Oct 18 05:58:57 UTC 2019
------------------ testing $PTII/ptolemy/domains/de/test/auto/sortWithOpaquePorts.xml
auto.tcl: Setting watchdog for 200 seconds at Fri Oct 18 05:58:57 UTC 2019
2 ms. Memory: 48128K Free: 29476K (61%)
ptolemy.util.test.WatchDog.cancel(): canceling Fri Oct 18 05:58:57 UTC 2019
auto.tcl: Setting watchdog for 200 seconds at Fri Oct 18 05:58:57 UTC 2019
2 ms. Memory: 48128K Free: 28507K (59%)
ptolemy.util.test.WatchDog.cancel(): canceling Fri Oct 18 05:58:57 UTC 2019
------------------ testing $PTII/ptolemy/domains/de/test/auto/transferInputsandOutputs.xml
auto.tcl: Setting watchdog for 200 seconds at Fri Oct 18 05:58:57 UTC 2019
4 ms. Memory: 48128K Free: 26920K (56%)
ptolemy.util.test.WatchDog.cancel(): canceling Fri Oct 18 05:58:57 UTC 2019
auto.tcl: Setting watchdog for 200 seconds at Fri Oct 18 05:58:57 UTC 2019
3 ms. Memory: 48128K Free: 25934K (54%)
ptolemy.util.test.WatchDog.cancel(): canceling Fri Oct 18 05:58:57 UTC 2019
------------------ testing $PTII/ptolemy/domains/de/test/auto/triggerType.xml
auto.tcl: Setting watchdog for 200 seconds at Fri Oct 18 05:58:57 UTC 2019
1 ms. Memory: 48128K Free: 29945K (62%)
ptolemy.util.test.WatchDog.cancel(): canceling Fri Oct 18 05:58:57 UTC 2019
auto.tcl: Setting watchdog for 200 seconds at Fri Oct 18 05:58:57 UTC 2019
2 ms. Memory: 48128K Free: 28959K (60%)
ptolemy.util.test.WatchDog.cancel(): canceling Fri Oct 18 05:58:57 UTC 2019
10/18/19 05:58:57
Failed: 0  Total Tests: 192  ((Passed: 187, Newly Passed: 1)  Known Failed: 5) /home/travis/build/icyphy/ptII/ptolemy/domains/de/test
10/18/19 05:58:57
Failed: 0  Total Tests: 192  ((Passed: 187, Newly Passed: 1)  Known Failed: 5) /home/travis/build/icyphy/ptII/ptolemy/domains/de/test
----------------- testing (KnownFailure) /home/travis/build/icyphy/ptII/ptolemy/domains/de/test/auto/knownFailedTests/DESDFClockTest.xml
2014 ms. Memory: 48128K Free: 23339K (48%)
Known Failure: java.lang.reflect.InvocationTargetException
----------------- testing (KnownFailure) /home/travis/build/icyphy/ptII/ptolemy/domains/de/test/auto/knownFailedTests/DirectFeedback.xml
2 ms. Memory: 48128K Free: 19243K (40%)
Known Failure: java.lang.reflect.InvocationTargetException
----------------- testing (KnownFailure) /home/travis/build/icyphy/ptII/ptolemy/domains/de/test/auto/knownFailedTests/FSMSource.xml
18 ms. Memory: 48128K Free: 11565K (24%)
----------------- testing (KnownFailure) /home/travis/build/icyphy/ptII/ptolemy/domains/de/test/auto/knownFailedTests/HierarchicalModel.xml
4 ms. Memory: 48128K Free: 21362K (44%)
Known Failure: java.lang.reflect.InvocationTargetException
----------------- testing (KnownFailure) /home/travis/build/icyphy/ptII/ptolemy/domains/de/test/auto/knownFailedTests/dependencyLoop.xml
7 ms. Memory: 48128K Free: 31822K (66%)
Known Failure: java.lang.reflect.InvocationTargetException
----------------- testing (KnownFailure) /home/travis/build/icyphy/ptII/ptolemy/domains/de/test/auto/knownFailedTests/dependencyLoop2.xml
8 ms. Memory: 48128K Free: 16503K (34%)
Known Failure: java.lang.reflect.InvocationTargetException
No auto/linux-amd64/*.xml tests in /home/travis/build/icyphy/ptII/ptolemy/domains/de/test
AutoTests.java: About to close Vertx.
AutoTests.java: Vertx closed.

===========================================================================================
----------------- testing Fri Oct 18 05:59:00 UTC 2019 /home/travis/build/icyphy/ptII/ptolemy/domains/de/test/auto/ActorDepthCalculation_actorWithoutPorts.xml
----------------- Instantiating /home/travis/build/icyphy/ptII/ptolemy/domains/de/test/auto/ActorDepthCalculation_actorWithoutPorts.xml
2 ms. Memory: 48128K Free: 9894K (21%)
----------------- Invoking toplevel() on ptolemy.moml.MoMLSimpleApplication@48b7befa
----------------- Done invoking toplevel() on ptolemy.moml.MoMLSimpleApplication@48b7befa
reloadAllAccessors: .ActorDepthCalculation_actorWithoutPorts

===========================================================================================
----------------- testing Fri Oct 18 05:59:00 UTC 2019 /home/travis/build/icyphy/ptII/ptolemy/domains/de/test/auto/AssemblyLine.xml
----------------- Instantiating /home/travis/build/icyphy/ptII/ptolemy/domains/de/test/auto/AssemblyLine.xml
3 ms. Memory: 48128K Free: 28617K (59%)
----------------- Invoking toplevel() on ptolemy.moml.MoMLSimpleApplication@4107fd67
----------------- Done invoking toplevel() on ptolemy.moml.MoMLSimpleApplication@4107fd67
reloadAllAccessors: .AssemblyLine

===========================================================================================
----------------- testing Fri Oct 18 05:59:00 UTC 2019 /home/travis/build/icyphy/ptII/ptolemy/domains/de/test/auto/CQBug1.xml
----------------- Instantiating /home/travis/build/icyphy/ptII/ptolemy/domains/de/test/auto/CQBug1.xml
1 ms. Memory: 48128K Free: 25626K (53%)
----------------- Invoking toplevel() on ptolemy.moml.MoMLSimpleApplication@4829b29d
----------------- Done invoking toplevel() on ptolemy.moml.MoMLSimpleApplication@4829b29d
reloadAllAccessors: .CQBug1

===========================================================================================
----------------- testing Fri Oct 18 05:59:00 UTC 2019 /home/travis/build/icyphy/ptII/ptolemy/domains/de/test/auto/CancelFireAt.xml
----------------- Instantiating /home/travis/build/icyphy/ptII/ptolemy/domains/de/test/auto/CancelFireAt.xml
1 ms. Memory: 48128K Free: 23270K (48%)
----------------- Invoking toplevel() on ptolemy.moml.MoMLSimpleApplication@501c5aba
----------------- Done invoking toplevel() on ptolemy.moml.MoMLSimpleApplication@501c5aba
reloadAllAccessors: .CancelFireAt

===========================================================================================
----------------- testing Fri Oct 18 05:59:00 UTC 2019 /home/travis/build/icyphy/ptII/ptolemy/domains/de/test/auto/CausalityAndComposabilityAnalysis.xml
----------------- Instantiating /home/travis/build/icyphy/ptII/ptolemy/domains/de/test/auto/CausalityAndComposabilityAnalysis.xml
12 ms. Memory: 48128K Free: 19041K (40%)
----------------- Invoking toplevel() on ptolemy.moml.MoMLSimpleApplication@4ed18d65
----------------- Done invoking toplevel() on ptolemy.moml.MoMLSimpleApplication@4ed18d65
reloadAllAccessors: .CausalityAndComposabilityAnalysis

===========================================================================================
----------------- testing Fri Oct 18 05:59:00 UTC 2019 /home/travis/build/icyphy/ptII/ptolemy/domains/de/test/auto/CausalityInterface1.xml
----------------- Instantiating /home/travis/build/icyphy/ptII/ptolemy/domains/de/test/auto/CausalityInterface1.xml
6 ms. Memory: 48128K Free: 14291K (30%)
----------------- Invoking toplevel() on ptolemy.moml.MoMLSimpleApplication@33eca0fa
----------------- Done invoking toplevel() on ptolemy.moml.MoMLSimpleApplication@33eca0fa
reloadAllAccessors: .CausalityInterface1

===========================================================================================
----------------- testing Fri Oct 18 05:59:00 UTC 2019 /home/travis/build/icyphy/ptII/ptolemy/domains/de/test/auto/CausalityInterface15.xml
----------------- Instantiating /home/travis/build/icyphy/ptII/ptolemy/domains/de/test/auto/CausalityInterface15.xml
2 ms. Memory: 48128K Free: 8788K (18%)
----------------- Invoking toplevel() on ptolemy.moml.MoMLSimpleApplication@4ee99d0c
----------------- Done invoking toplevel() on ptolemy.moml.MoMLSimpleApplication@4ee99d0c
reloadAllAccessors: .CausalityInterface15

===========================================================================================
----------------- testing Fri Oct 18 05:59:00 UTC 2019 /home/travis/build/icyphy/ptII/ptolemy/domains/de/test/auto/CausalityInterface2.xml
----------------- Instantiating /home/travis/build/icyphy/ptII/ptolemy/domains/de/test/auto/CausalityInterface2.xml
2 ms. Memory: 48128K Free: 29935K (62%)
[...]
	at ptolemy.actor.Manager.run(Manager.java:1263)
	at ptolemy.actor.Manager$PtolemyRunThread.run(Manager.java:1933)
java.lang.RuntimeException: Execution failed
	at ptolemy.moml.MoMLSimpleApplication$UnloadThread.run(MoMLSimpleApplication.java:402)
Caused by: ptolemy.kernel.util.IllegalActionException: Actor is not ready to fire.  Perhaps UpSample.prefire() returned false? Try debugging the actor by selecting "Listen to Actor".  Also, for SDF check moml for tokenConsumptionRate on input.
  in .DESDFClockTest.Play Bell.Copy1:SDF Director and .DESDFClockTest.Play Bell.UpSample
	at ptolemy.actor.sched.StaticSchedulingDirector.fire(StaticSchedulingDirector.java:227)
	at ptolemy.domains.sdf.kernel.SDFDirector.fire(SDFDirector.java:500)
	at ptolemy.actor.CompositeActor.fire(CompositeActor.java:455)
	at ptolemy.domains.de.kernel.DEDirector._fire(DEDirector.java:1949)
	at ptolemy.domains.de.kernel.DEDirector.fire(DEDirector.java:502)
	at ptolemy.actor.CompositeActor.fire(CompositeActor.java:455)
	at ptolemy.actor.Manager.iterate(Manager.java:851)
	at ptolemy.actor.Manager.execute(Manager.java:369)
	at ptolemy.actor.Manager.run(Manager.java:1263)
	at ptolemy.actor.Manager$PtolemyRunThread.run(Manager.java:1933)
java.lang.reflect.InvocationTargetException
	at java.base/jdk.internal.reflect.NativeConstructorAccessorImpl.newInstance0(Native Method)
	at java.base/jdk.internal.reflect.NativeConstructorAccessorImpl.newInstance(NativeConstructorAccessorImpl.java:62)
	at java.base/jdk.internal.reflect.DelegatingConstructorAccessorImpl.newInstance(DelegatingConstructorAccessorImpl.java:45)
	at java.base/java.lang.reflect.Constructor.newInstance(Constructor.java:490)
	at ptolemy.util.test.junit.AutoKnownFailedTests.RunModel(AutoKnownFailedTests.java:105)
	at java.base/jdk.internal.reflect.NativeMethodAccessorImpl.invoke0(Native Method)
	at java.base/jdk.internal.reflect.NativeMethodAccessorImpl.invoke(NativeMethodAccessorImpl.java:62)
	at java.base/jdk.internal.reflect.DelegatingMethodAccessorImpl.invoke(DelegatingMethodAccessorImpl.java:43)
	at java.base/java.lang.reflect.Method.invoke(Method.java:566)
	at org.junit.runners.model.FrameworkMethod$1.runReflectiveCall(FrameworkMethod.java:44)
	at org.junit.internal.runners.model.ReflectiveCallable.run(ReflectiveCallable.java:15)
	at org.junit.runners.model.FrameworkMethod.invokeExplosively(FrameworkMethod.java:41)
	at junitparams.internal.InvokeParameterisedMethod.evaluate(InvokeParameterisedMethod.java:102)
	at org.junit.internal.runners.statements.FailOnTimeout$1.run(FailOnTimeout.java:28)
Caused by: ptolemy.kernel.util.IllegalActionException: Actor is not ready to fire.  Perhaps UpSample.prefire() returned false? Try debugging the actor by selecting "Listen to Actor".  Also, for SDF check moml for tokenConsumptionRate on input.
  in .DESDFClockTest.Play Bell.Copy1:SDF Director and .DESDFClockTest.Play Bell.UpSample
	at ptolemy.actor.sched.StaticSchedulingDirector.fire(StaticSchedulingDirector.java:227)
	at ptolemy.domains.sdf.kernel.SDFDirector.fire(SDFDirector.java:500)
	at ptolemy.actor.CompositeActor.fire(CompositeActor.java:455)
	at ptolemy.domains.de.kernel.DEDirector._fire(DEDirector.java:1949)
	at ptolemy.domains.de.kernel.DEDirector.fire(DEDirector.java:502)
	at ptolemy.actor.CompositeActor.fire(CompositeActor.java:455)
	at ptolemy.actor.Manager.iterate(Manager.java:851)
	at ptolemy.actor.Manager.execute(Manager.java:369)
	at ptolemy.actor.Manager.run(Manager.java:1263)
	at ptolemy.actor.Manager$PtolemyRunThread.run(Manager.java:1933)
java.lang.RuntimeException: Execution failed
	at ptolemy.moml.MoMLSimpleApplication$UnloadThread.run(MoMLSimpleApplication.java:402)
Caused by: ptolemy.kernel.util.IllegalActionException: Test fails in iteration 1.
Value was: 1.0. Should have been: 2.0
  in .DirectFeedback.Test
	at ptolemy.actor.lib.Test.fire(Test.java:268)
	at ptolemy.domains.de.kernel.DEDirector._fire(DEDirector.java:1949)
	at ptolemy.domains.de.kernel.DEDirector.fire(DEDirector.java:502)
	at ptolemy.actor.CompositeActor.fire(CompositeActor.java:455)
	at ptolemy.actor.Manager.iterate(Manager.java:851)
	at ptolemy.actor.Manager.execute(Manager.java:369)
	at ptolemy.actor.Manager.run(Manager.java:1263)
	at ptolemy.actor.Manager$PtolemyRunThread.run(Manager.java:1933)
java.lang.reflect.InvocationTargetException
	at java.base/jdk.internal.reflect.NativeConstructorAccessorImpl.newInstance0(Native Method)
	at java.base/jdk.internal.reflect.NativeConstructorAccessorImpl.newInstance(NativeConstructorAccessorImpl.java:62)
	at java.base/jdk.internal.reflect.DelegatingConstructorAccessorImpl.newInstance(DelegatingConstructorAccessorImpl.java:45)
	at java.base/java.lang.reflect.Constructor.newInstance(Constructor.java:490)
	at ptolemy.util.test.junit.AutoKnownFailedTests.RunModel(AutoKnownFailedTests.java:105)
	at java.base/jdk.internal.reflect.NativeMethodAccessorImpl.invoke0(Native Method)
	at java.base/jdk.internal.reflect.NativeMethodAccessorImpl.invoke(NativeMethodAccessorImpl.java:62)
	at java.base/jdk.internal.reflect.DelegatingMethodAccessorImpl.invoke(DelegatingMethodAccessorImpl.java:43)
	at java.base/java.lang.reflect.Method.invoke(Method.java:566)
	at org.junit.runners.model.FrameworkMethod$1.runReflectiveCall(FrameworkMethod.java:44)
	at org.junit.internal.runners.model.ReflectiveCallable.run(ReflectiveCallable.java:15)
	at org.junit.runners.model.FrameworkMethod.invokeExplosively(FrameworkMethod.java:41)
	at junitparams.internal.InvokeParameterisedMethod.evaluate(InvokeParameterisedMethod.java:102)
	at org.junit.internal.runners.statements.FailOnTimeout$1.run(FailOnTimeout.java:28)
Caused by: ptolemy.kernel.util.IllegalActionException: Test fails in iteration 1.
Value was: 1.0. Should have been: 2.0
  in .DirectFeedback.Test
	at ptolemy.actor.lib.Test.fire(Test.java:268)
	at ptolemy.domains.de.kernel.DEDirector._fire(DEDirector.java:1949)
	at ptolemy.domains.de.kernel.DEDirector.fire(DEDirector.java:502)
	at ptolemy.actor.CompositeActor.fire(CompositeActor.java:455)
	at ptolemy.actor.Manager.iterate(Manager.java:851)
	at ptolemy.actor.Manager.execute(Manager.java:369)
	at ptolemy.actor.Manager.run(Manager.java:1263)
	at ptolemy.actor.Manager$PtolemyRunThread.run(Manager.java:1933)
java.lang.RuntimeException: Execution failed
	at ptolemy.moml.MoMLSimpleApplication$UnloadThread.run(MoMLSimpleApplication.java:402)
Caused by: ptolemy.kernel.util.IllegalActionException: Found a zero delay loop containing .HierarchicalModel.A
  in .HierarchicalModel and .HierarchicalModel.A
	at ptolemy.actor.util.CausalityInterfaceForComposites._computeOutputPortDepth(CausalityInterfaceForComposites.java:759)
	at ptolemy.actor.util.CausalityInterfaceForComposites._computeInputDepth(CausalityInterfaceForComposites.java:696)
	at ptolemy.actor.util.CausalityInterfaceForComposites._computeOutputPortDepth(CausalityInterfaceForComposites.java:765)
	at ptolemy.actor.util.CausalityInterfaceForComposites._computeInputDepth(CausalityInterfaceForComposites.java:696)
	at ptolemy.actor.util.CausalityInterfaceForComposites._computeOutputPortDepth(CausalityInterfaceForComposites.java:765)
	at ptolemy.actor.util.CausalityInterfaceForComposites._computeInputDepth(CausalityInterfaceForComposites.java:696)
	at ptolemy.actor.util.CausalityInterfaceForComposites._computeActorDepth(CausalityInterfaceForComposites.java:532)
	at ptolemy.actor.util.CausalityInterfaceForComposites.checkForCycles(CausalityInterfaceForComposites.java:96)
	at ptolemy.domains.de.kernel.DEDirector.preinitialize(DEDirector.java:1338)
	at ptolemy.actor.CompositeActor.preinitialize(CompositeActor.java:1828)
	at ptolemy.actor.Manager.preinitializeAndResolveTypes(Manager.java:1040)
	at ptolemy.actor.Manager.initialize(Manager.java:710)
	at ptolemy.actor.Manager.execute(Manager.java:356)
	at ptolemy.actor.Manager.run(Manager.java:1263)
	at ptolemy.actor.Manager$PtolemyRunThread.run(Manager.java:1933)
java.lang.reflect.InvocationTargetException
	at java.base/jdk.internal.reflect.NativeConstructorAccessorImpl.newInstance0(Native Method)
	at java.base/jdk.internal.reflect.NativeConstructorAccessorImpl.newInstance(NativeConstructorAccessorImpl.java:62)
	at java.base/jdk.internal.reflect.DelegatingConstructorAccessorImpl.newInstance(DelegatingConstructorAccessorImpl.java:45)
	at java.base/java.lang.reflect.Constructor.newInstance(Constructor.java:490)
	at ptolemy.util.test.junit.AutoKnownFailedTests.RunModel(AutoKnownFailedTests.java:105)
	at java.base/jdk.internal.reflect.NativeMethodAccessorImpl.invoke0(Native Method)
	at java.base/jdk.internal.reflect.NativeMethodAccessorImpl.invoke(NativeMethodAccessorImpl.java:62)
	at java.base/jdk.internal.reflect.DelegatingMethodAccessorImpl.invoke(DelegatingMethodAccessorImpl.java:43)
	at java.base/java.lang.reflect.Method.invoke(Method.java:566)
	at org.junit.runners.model.FrameworkMethod$1.runReflectiveCall(FrameworkMethod.java:44)
	at org.junit.internal.runners.model.ReflectiveCallable.run(ReflectiveCallable.java:15)
	at org.junit.runners.model.FrameworkMethod.invokeExplosively(FrameworkMethod.java:41)
	at junitparams.internal.InvokeParameterisedMethod.evaluate(InvokeParameterisedMethod.java:102)
	at org.junit.internal.runners.statements.FailOnTimeout$1.run(FailOnTimeout.java:28)
Caused by: ptolemy.kernel.util.IllegalActionException: Found a zero delay loop containing .HierarchicalModel.A
  in .HierarchicalModel and .HierarchicalModel.A
	at ptolemy.actor.util.CausalityInterfaceForComposites._computeOutputPortDepth(CausalityInterfaceForComposites.java:759)
	at ptolemy.actor.util.CausalityInterfaceForComposites._computeInputDepth(CausalityInterfaceForComposites.java:696)
	at ptolemy.actor.util.CausalityInterfaceForComposites._computeOutputPortDepth(CausalityInterfaceForComposites.java:765)
	at ptolemy.actor.util.CausalityInterfaceForComposites._computeInputDepth(CausalityInterfaceForComposites.java:696)
	at ptolemy.actor.util.CausalityInterfaceForComposites._computeOutputPortDepth(CausalityInterfaceForComposites.java:765)
	at ptolemy.actor.util.CausalityInterfaceForComposites._computeInputDepth(CausalityInterfaceForComposites.java:696)
	at ptolemy.actor.util.CausalityInterfaceForComposites._computeActorDepth(CausalityInterfaceForComposites.java:532)
	at ptolemy.actor.util.CausalityInterfaceForComposites.checkForCycles(CausalityInterfaceForComposites.java:96)
	at ptolemy.domains.de.kernel.DEDirector.preinitialize(DEDirector.java:1338)
	at ptolemy.actor.CompositeActor.preinitialize(CompositeActor.java:1828)
	at ptolemy.actor.Manager.preinitializeAndResolveTypes(Manager.java:1040)
	at ptolemy.actor.Manager.initialize(Manager.java:710)
	at ptolemy.actor.Manager.execute(Manager.java:356)
	at ptolemy.actor.Manager.run(Manager.java:1263)
	at ptolemy.actor.Manager$PtolemyRunThread.run(Manager.java:1933)
java.lang.RuntimeException: Execution failed
	at ptolemy.moml.MoMLSimpleApplication$UnloadThread.run(MoMLSimpleApplication.java:402)
Caused by: ptolemy.kernel.util.IllegalActionException: Found a zero delay loop containing .dependencyLoop.original
  in .dependencyLoop and .dependencyLoop.original
	at ptolemy.actor.util.CausalityInterfaceForComposites._computeOutputPortDepth(CausalityInterfaceForComposites.java:759)
	at ptolemy.actor.util.CausalityInterfaceForComposites._computeInputDepth(CausalityInterfaceForComposites.java:696)
	at ptolemy.actor.util.CausalityInterfaceForComposites._computeOutputPortDepth(CausalityInterfaceForComposites.java:765)
	at ptolemy.actor.util.CausalityInterfaceForComposites._computeInputDepth(CausalityInterfaceForComposites.java:696)
	at ptolemy.actor.util.CausalityInterfaceForComposites._computeOutputPortDepth(CausalityInterfaceForComposites.java:765)
	at ptolemy.actor.util.CausalityInterfaceForComposites._computeInputDepth(CausalityInterfaceForComposites.java:696)
	at ptolemy.actor.util.CausalityInterfaceForComposites._computeActorDepth(CausalityInterfaceForComposites.java:532)
	at ptolemy.actor.util.CausalityInterfaceForComposites.checkForCycles(CausalityInterfaceForComposites.java:96)
	at ptolemy.domains.de.kernel.DEDirector.preinitialize(DEDirector.java:1338)
	at ptolemy.actor.CompositeActor.preinitialize(CompositeActor.java:1828)
	at ptolemy.actor.Manager.preinitializeAndResolveTypes(Manager.java:1040)
	at ptolemy.actor.Manager.initialize(Manager.java:710)
	at ptolemy.actor.Manager.execute(Manager.java:356)
	at ptolemy.actor.Manager.run(Manager.java:1263)
	at ptolemy.actor.Manager$PtolemyRunThread.run(Manager.java:1933)
java.lang.reflect.InvocationTargetException
	at java.base/jdk.internal.reflect.NativeConstructorAccessorImpl.newInstance0(Native Method)
	at java.base/jdk.internal.reflect.NativeConstructorAccessorImpl.newInstance(NativeConstructorAccessorImpl.java:62)
	at java.base/jdk.internal.reflect.DelegatingConstructorAccessorImpl.newInstance(DelegatingConstructorAccessorImpl.java:45)
	at java.base/java.lang.reflect.Constructor.newInstance(Constructor.java:490)
	at ptolemy.util.test.junit.AutoKnownFailedTests.RunModel(AutoKnownFailedTests.java:105)
	at java.base/jdk.internal.reflect.NativeMethodAccessorImpl.invoke0(Native Method)
	at java.base/jdk.internal.reflect.NativeMethodAccessorImpl.invoke(NativeMethodAccessorImpl.java:62)
	at java.base/jdk.internal.reflect.DelegatingMethodAccessorImpl.invoke(DelegatingMethodAccessorImpl.java:43)
	at java.base/java.lang.reflect.Method.invoke(Method.java:566)
	at org.junit.runners.model.FrameworkMethod$1.runReflectiveCall(FrameworkMethod.java:44)
	at org.junit.internal.runners.model.ReflectiveCallable.run(ReflectiveCallable.java:15)
	at org.junit.runners.model.FrameworkMethod.invokeExplosively(FrameworkMethod.java:41)
	at junitparams.internal.InvokeParameterisedMethod.evaluate(InvokeParameterisedMethod.java:102)
	at org.junit.internal.runners.statements.FailOnTimeout$1.run(FailOnTimeout.java:28)
Caused by: ptolemy.kernel.util.IllegalActionException: Found a zero delay loop containing .dependencyLoop.original
  in .dependencyLoop and .dependencyLoop.original
	at ptolemy.actor.util.CausalityInterfaceForComposites._computeOutputPortDepth(CausalityInterfaceForComposites.java:759)
	at ptolemy.actor.util.CausalityInterfaceForComposites._computeInputDepth(CausalityInterfaceForComposites.java:696)
	at ptolemy.actor.util.CausalityInterfaceForComposites._computeOutputPortDepth(CausalityInterfaceForComposites.java:765)
	at ptolemy.actor.util.CausalityInterfaceForComposites._computeInputDepth(CausalityInterfaceForComposites.java:696)
	at ptolemy.actor.util.CausalityInterfaceForComposites._computeOutputPortDepth(CausalityInterfaceForComposites.java:765)
	at ptolemy.actor.util.CausalityInterfaceForComposites._computeInputDepth(CausalityInterfaceForComposites.java:696)
	at ptolemy.actor.util.CausalityInterfaceForComposites._computeActorDepth(CausalityInterfaceForComposites.java:532)
	at ptolemy.actor.util.CausalityInterfaceForComposites.checkForCycles(CausalityInterfaceForComposites.java:96)
	at ptolemy.domains.de.kernel.DEDirector.preinitialize(DEDirector.java:1338)
	at ptolemy.actor.CompositeActor.preinitialize(CompositeActor.java:1828)
	at ptolemy.actor.Manager.preinitializeAndResolveTypes(Manager.java:1040)
	at ptolemy.actor.Manager.initialize(Manager.java:710)
	at ptolemy.actor.Manager.execute(Manager.java:356)
	at ptolemy.actor.Manager.run(Manager.java:1263)
	at ptolemy.actor.Manager$PtolemyRunThread.run(Manager.java:1933)
java.lang.RuntimeException: Execution failed
	at ptolemy.moml.MoMLSimpleApplication$UnloadThread.run(MoMLSimpleApplication.java:402)
Caused by: ptolemy.kernel.util.IllegalActionException: Found a zero delay loop containing .dependencyLoop2.original
  in .dependencyLoop2 and .dependencyLoop2.original
	at ptolemy.actor.util.CausalityInterfaceForComposites._computeOutputPortDepth(CausalityInterfaceForComposites.java:759)
	at ptolemy.actor.util.CausalityInterfaceForComposites._computeInputDepth(CausalityInterfaceForComposites.java:696)
	at ptolemy.actor.util.CausalityInterfaceForComposites._computeOutputPortDepth(CausalityInterfaceForComposites.java:765)
	at ptolemy.actor.util.CausalityInterfaceForComposites._computeInputDepth(CausalityInterfaceForComposites.java:696)
	at ptolemy.actor.util.CausalityInterfaceForComposites._computeOutputPortDepth(CausalityInterfaceForComposites.java:765)
	at ptolemy.actor.util.CausalityInterfaceForComposites._computeInputDepth(CausalityInterfaceForComposites.java:696)
	at ptolemy.actor.util.CausalityInterfaceForComposites._computeActorDepth(CausalityInterfaceForComposites.java:532)
	at ptolemy.actor.util.CausalityInterfaceForComposites.checkForCycles(CausalityInterfaceForComposites.java:96)
	at ptolemy.domains.de.kernel.DEDirector.preinitialize(DEDirector.java:1338)
	at ptolemy.actor.CompositeActor.preinitialize(CompositeActor.java:1828)
	at ptolemy.actor.Manager.preinitializeAndResolveTypes(Manager.java:1040)
	at ptolemy.actor.Manager.initialize(Manager.java:710)
	at ptolemy.actor.Manager.execute(Manager.java:356)
	at ptolemy.actor.Manager.run(Manager.java:1263)
	at ptolemy.actor.Manager$PtolemyRunThread.run(Manager.java:1933)
java.lang.reflect.InvocationTargetException
	at java.base/jdk.internal.reflect.NativeConstructorAccessorImpl.newInstance0(Native Method)
	at java.base/jdk.internal.reflect.NativeConstructorAccessorImpl.newInstance(NativeConstructorAccessorImpl.java:62)
	at java.base/jdk.internal.reflect.DelegatingConstructorAccessorImpl.newInstance(DelegatingConstructorAccessorImpl.java:45)
	at java.base/java.lang.reflect.Constructor.newInstance(Constructor.java:490)
	at ptolemy.util.test.junit.AutoKnownFailedTests.RunModel(AutoKnownFailedTests.java:105)
	at java.base/jdk.internal.reflect.NativeMethodAccessorImpl.invoke0(Native Method)
	at java.base/jdk.internal.reflect.NativeMethodAccessorImpl.invoke(NativeMethodAccessorImpl.java:62)
	at java.base/jdk.internal.reflect.DelegatingMethodAccessorImpl.invoke(DelegatingMethodAccessorImpl.java:43)
	at java.base/java.lang.reflect.Method.invoke(Method.java:566)
	at org.junit.runners.model.FrameworkMethod$1.runReflectiveCall(FrameworkMethod.java:44)
	at org.junit.internal.runners.model.ReflectiveCallable.run(ReflectiveCallable.java:15)
	at org.junit.runners.model.FrameworkMethod.invokeExplosively(FrameworkMethod.java:41)
	at junitparams.internal.InvokeParameterisedMethod.evaluate(InvokeParameterisedMethod.java:102)
	at org.junit.internal.runners.statements.FailOnTimeout$1.run(FailOnTimeout.java:28)
Caused by: ptolemy.kernel.util.IllegalActionException: Found a zero delay loop containing .dependencyLoop2.original
  in .dependencyLoop2 and .dependencyLoop2.original
	at ptolemy.actor.util.CausalityInterfaceForComposites._computeOutputPortDepth(CausalityInterfaceForComposites.java:759)
	at ptolemy.actor.util.CausalityInterfaceForComposites._computeInputDepth(CausalityInterfaceForComposites.java:696)
	at ptolemy.actor.util.CausalityInterfaceForComposites._computeOutputPortDepth(CausalityInterfaceForComposites.java:765)
	at ptolemy.actor.util.CausalityInterfaceForComposites._computeInputDepth(CausalityInterfaceForComposites.java:696)
	at ptolemy.actor.util.CausalityInterfaceForComposites._computeOutputPortDepth(CausalityInterfaceForComposites.java:765)
	at ptolemy.actor.util.CausalityInterfaceForComposites._computeInputDepth(CausalityInterfaceForComposites.java:696)
	at ptolemy.actor.util.CausalityInterfaceForComposites._computeActorDepth(CausalityInterfaceForComposites.java:532)
	at ptolemy.actor.util.CausalityInterfaceForComposites.checkForCycles(CausalityInterfaceForComposites.java:96)
	at ptolemy.domains.de.kernel.DEDirector.preinitialize(DEDirector.java:1338)
	at ptolemy.actor.CompositeActor.preinitialize(CompositeActor.java:1828)
	at ptolemy.actor.Manager.preinitializeAndResolveTypes(Manager.java:1040)
	at ptolemy.actor.Manager.initialize(Manager.java:710)
	at ptolemy.actor.Manager.execute(Manager.java:356)
	at ptolemy.actor.Manager.run(Manager.java:1263)
	at ptolemy.actor.Manager$PtolemyRunThread.run(Manager.java:1933)
]]></system-err>
</testsuite>
