<?xml version="1.0" encoding="UTF-8" ?>
<testsuite errors="0" failures="0" hostname="travis-job-06eab21a-3ecf-4627-b419-28acad44eea4" name="ptolemy.domains.de.test.junit.JUnitTclTest" skipped="0" tests="101" time="135.369" timestamp="2019-07-18T04:50:41">
  <properties>
[...]
</properties>
  <testcase classname="ptolemy.util.test.junit.TclTests" name="[0] /home/travis/build/icyphy/ptII/ptolemy/domains/de/test/DependencyLoop.tcl (RunTclFile)" time="1.184" />
  <testcase classname="ptolemy.util.test.junit.TclTests" name="[1] /home/travis/build/icyphy/ptII/ptolemy/domains/de/test/RunDETestsAsQSS.tcl (RunTclFile)" time="92.168" />
  <testcase classname="ptolemy.util.test.junit.AutoKnownFailedTests" name="[0] /home/travis/build/icyphy/ptII/ptolemy/domains/de/test/auto/knownFailedTests/DESDFClockTest.xml (RunModel)" time="2.061" />
  <testcase classname="ptolemy.util.test.junit.AutoKnownFailedTests" name="[1] /home/travis/build/icyphy/ptII/ptolemy/domains/de/test/auto/knownFailedTests/DirectFeedback.xml (RunModel)" time="0.012" />
  <testcase classname="ptolemy.util.test.junit.AutoKnownFailedTests" name="[2] /home/travis/build/icyphy/ptII/ptolemy/domains/de/test/auto/knownFailedTests/FSMSource.xml (RunModel)" time="0.028" />
  <testcase classname="ptolemy.util.test.junit.AutoKnownFailedTests" name="[3] /home/travis/build/icyphy/ptII/ptolemy/domains/de/test/auto/knownFailedTests/HierarchicalModel.xml (RunModel)" time="0.05" />
  <testcase classname="ptolemy.util.test.junit.AutoKnownFailedTests" name="[4] /home/travis/build/icyphy/ptII/ptolemy/domains/de/test/auto/knownFailedTests/dependencyLoop.xml (RunModel)" time="0.051" />
  <testcase classname="ptolemy.util.test.junit.AutoKnownFailedTests" name="[5] /home/travis/build/icyphy/ptII/ptolemy/domains/de/test/auto/knownFailedTests/dependencyLoop2.xml (RunModel)" time="0.044" />
  <testcase classname="ptolemy.util.test.junit.AutoNameArchTests" name="[0] ThereAreNoAutoArchTests (RunModel)" time="0.001" />
  <testcase classname="ptolemy.util.test.junit.AutoTests" name="[0] /home/travis/build/icyphy/ptII/ptolemy/domains/de/test/auto/ActorDepthCalculation_actorWithoutPorts.xml (RunModel)" time="0.021" />
  <testcase classname="ptolemy.util.test.junit.AutoTests" name="[1] /home/travis/build/icyphy/ptII/ptolemy/domains/de/test/auto/AssemblyLine.xml (RunModel)" time="0.03" />
  <testcase classname="ptolemy.util.test.junit.AutoTests" name="[2] /home/travis/build/icyphy/ptII/ptolemy/domains/de/test/auto/CQBug1.xml (RunModel)" time="0.011" />
  <testcase classname="ptolemy.util.test.junit.AutoTests" name="[3] /home/travis/build/icyphy/ptII/ptolemy/domains/de/test/auto/CancelFireAt.xml (RunModel)" time="0.007" />
  <testcase classname="ptolemy.util.test.junit.AutoTests" name="[4] /home/travis/build/icyphy/ptII/ptolemy/domains/de/test/auto/CausalityAndComposabilityAnalysis.xml (RunModel)" time="0.014" />
  <testcase classname="ptolemy.util.test.junit.AutoTests" name="[5] /home/travis/build/icyphy/ptII/ptolemy/domains/de/test/auto/CausalityInterface1.xml (RunModel)" time="0.021" />
  <testcase classname="ptolemy.util.test.junit.AutoTests" name="[6] /home/travis/build/icyphy/ptII/ptolemy/domains/de/test/auto/CausalityInterface15.xml (RunModel)" time="0.021" />
  <testcase classname="ptolemy.util.test.junit.AutoTests" name="[7] /home/travis/build/icyphy/ptII/ptolemy/domains/de/test/auto/CausalityInterface2.xml (RunModel)" time="0.013" />
  <testcase classname="ptolemy.util.test.junit.AutoTests" name="[8] /home/travis/build/icyphy/ptII/ptolemy/domains/de/test/auto/CausalityInterface3.xml (RunModel)" time="0.012" />
  <testcase classname="ptolemy.util.test.junit.AutoTests" name="[9] /home/travis/build/icyphy/ptII/ptolemy/domains/de/test/auto/ClockDrift.xml (RunModel)" time="0.036" />
  <testcase classname="ptolemy.util.test.junit.AutoTests" name="[10] /home/travis/build/icyphy/ptII/ptolemy/domains/de/test/auto/ClockDriftAndValueChange.xml (RunModel)" time="0.035" />
  <testcase classname="ptolemy.util.test.junit.AutoTests" name="[11] /home/travis/build/icyphy/ptII/ptolemy/domains/de/test/auto/ClockDriftChange.xml (RunModel)" time="0.034" />
  <testcase classname="ptolemy.util.test.junit.AutoTests" name="[12] /home/travis/build/icyphy/ptII/ptolemy/domains/de/test/auto/ComposableCausalityAnalysis.xml (RunModel)" time="0.016" />
  <testcase classname="ptolemy.util.test.junit.AutoTests" name="[13] /home/travis/build/icyphy/ptII/ptolemy/domains/de/test/auto/DEFixedPointLimitation.xml (RunModel)" time="0.016" />
  <testcase classname="ptolemy.util.test.junit.AutoTests" name="[14] /home/travis/build/icyphy/ptII/ptolemy/domains/de/test/auto/DEScheduleTest.xml (RunModel)" time="0.019" />
  <testcase classname="ptolemy.util.test.junit.AutoTests" name="[15] /home/travis/build/icyphy/ptII/ptolemy/domains/de/test/auto/DEinDEwithStartTimes.xml (RunModel)" time="0.017" />
  <testcase classname="ptolemy.util.test.junit.AutoTests" name="[16] /home/travis/build/icyphy/ptII/ptolemy/domains/de/test/auto/DEinDEwithStartTimes2.xml (RunModel)" time="0.028" />
  <testcase classname="ptolemy.util.test.junit.AutoTests" name="[17] /home/travis/build/icyphy/ptII/ptolemy/domains/de/test/auto/DateDemo.xml (RunModel)" time="0.037" />
  <testcase classname="ptolemy.util.test.junit.AutoTests" name="[18] /home/travis/build/icyphy/ptII/ptolemy/domains/de/test/auto/DateToEvent.xml (RunModel)" time="2.04" />
  <testcase classname="ptolemy.util.test.junit.AutoTests" name="[19] /home/travis/build/icyphy/ptII/ptolemy/domains/de/test/auto/DepthTest1.xml (RunModel)" time="0.007" />
  <testcase classname="ptolemy.util.test.junit.AutoTests" name="[20] /home/travis/build/icyphy/ptII/ptolemy/domains/de/test/auto/DepthTest2.xml (RunModel)" time="0.02" />
  <testcase classname="ptolemy.util.test.junit.AutoTests" name="[21] /home/travis/build/icyphy/ptII/ptolemy/domains/de/test/auto/DepthTest3.xml (RunModel)" time="0.011" />
  <testcase classname="ptolemy.util.test.junit.AutoTests" name="[22] /home/travis/build/icyphy/ptII/ptolemy/domains/de/test/auto/DepthTest4.xml (RunModel)" time="0.021" />
  <testcase classname="ptolemy.util.test.junit.AutoTests" name="[23] /home/travis/build/icyphy/ptII/ptolemy/domains/de/test/auto/DepthTest5.xml (RunModel)" time="0.031" />
  <testcase classname="ptolemy.util.test.junit.AutoTests" name="[24] /home/travis/build/icyphy/ptII/ptolemy/domains/de/test/auto/DepthTest6.xml (RunModel)" time="0.019" />
  <testcase classname="ptolemy.util.test.junit.AutoTests" name="[25] /home/travis/build/icyphy/ptII/ptolemy/domains/de/test/auto/DepthTest7.xml (RunModel)" time="0.013" />
  <testcase classname="ptolemy.util.test.junit.AutoTests" name="[26] /home/travis/build/icyphy/ptII/ptolemy/domains/de/test/auto/EventToDate.xml (RunModel)" time="3.06" />
  <testcase classname="ptolemy.util.test.junit.AutoTests" name="[27] /home/travis/build/icyphy/ptII/ptolemy/domains/de/test/auto/FSM1.xml (RunModel)" time="0.052" />
  <testcase classname="ptolemy.util.test.junit.AutoTests" name="[28] /home/travis/build/icyphy/ptII/ptolemy/domains/de/test/auto/FSM7.xml (RunModel)" time="0.046" />
  <testcase classname="ptolemy.util.test.junit.AutoTests" name="[29] /home/travis/build/icyphy/ptII/ptolemy/domains/de/test/auto/Inspection.xml (RunModel)" time="0.046" />
  <testcase classname="ptolemy.util.test.junit.AutoTests" name="[30] /home/travis/build/icyphy/ptII/ptolemy/domains/de/test/auto/Iteration.xml (RunModel)" time="0.028" />
  <testcase classname="ptolemy.util.test.junit.AutoTests" name="[31] /home/travis/build/icyphy/ptII/ptolemy/domains/de/test/auto/LineFault.xml (RunModel)" time="0.643" />
  <testcase classname="ptolemy.util.test.junit.AutoTests" name="[32] /home/travis/build/icyphy/ptII/ptolemy/domains/de/test/auto/MergeModel1Add.xml (RunModel)" time="0.055" />
  <testcase classname="ptolemy.util.test.junit.AutoTests" name="[33] /home/travis/build/icyphy/ptII/ptolemy/domains/de/test/auto/MergeModel2Add.xml (RunModel)" time="0.045" />
  <testcase classname="ptolemy.util.test.junit.AutoTests" name="[34] /home/travis/build/icyphy/ptII/ptolemy/domains/de/test/auto/MergeModel3Add.xml (RunModel)" time="0.044" />
  <testcase classname="ptolemy.util.test.junit.AutoTests" name="[35] /home/travis/build/icyphy/ptII/ptolemy/domains/de/test/auto/MergeWithoutDiscard.xml (RunModel)" time="0.03" />
  <testcase classname="ptolemy.util.test.junit.AutoTests" name="[36] /home/travis/build/icyphy/ptII/ptolemy/domains/de/test/auto/Modal1.xml (RunModel)" time="0.032" />
  <testcase classname="ptolemy.util.test.junit.AutoTests" name="[37] /home/travis/build/icyphy/ptII/ptolemy/domains/de/test/auto/Modal2.xml (RunModel)" time="0.039" />
  <testcase classname="ptolemy.util.test.junit.AutoTests" name="[38] /home/travis/build/icyphy/ptII/ptolemy/domains/de/test/auto/Modal3.xml (RunModel)" time="0.031" />
  <testcase classname="ptolemy.util.test.junit.AutoTests" name="[39] /home/travis/build/icyphy/ptII/ptolemy/domains/de/test/auto/Modal4.xml (RunModel)" time="0.033" />
  <testcase classname="ptolemy.util.test.junit.AutoTests" name="[40] /home/travis/build/icyphy/ptII/ptolemy/domains/de/test/auto/Modal5.xml (RunModel)" time="0.034" />
  <testcase classname="ptolemy.util.test.junit.AutoTests" name="[41] /home/travis/build/icyphy/ptII/ptolemy/domains/de/test/auto/Modal6.xml (RunModel)" time="0.039" />
  <testcase classname="ptolemy.util.test.junit.AutoTests" name="[42] /home/travis/build/icyphy/ptII/ptolemy/domains/de/test/auto/Modal7.xml (RunModel)" time="0.03" />
  <testcase classname="ptolemy.util.test.junit.AutoTests" name="[43] /home/travis/build/icyphy/ptII/ptolemy/domains/de/test/auto/ModalModel.xml (RunModel)" time="0.169" />
  <testcase classname="ptolemy.util.test.junit.AutoTests" name="[44] /home/travis/build/icyphy/ptII/ptolemy/domains/de/test/auto/ModalSource.xml (RunModel)" time="0.022" />
  <testcase classname="ptolemy.util.test.junit.AutoTests" name="[45] /home/travis/build/icyphy/ptII/ptolemy/domains/de/test/auto/NonInterruptibleTimerZeroDelay.xml (RunModel)" time="0.01" />
  <testcase classname="ptolemy.util.test.junit.AutoTests" name="[46] /home/travis/build/icyphy/ptII/ptolemy/domains/de/test/auto/OpenQueueingNetwork.xml (RunModel)" time="2.495" />
  <testcase classname="ptolemy.util.test.junit.AutoTests" name="[47] /home/travis/build/icyphy/ptII/ptolemy/domains/de/test/auto/OpenQueuingNetwork.xml (RunModel)" time="0.313" />
  <testcase classname="ptolemy.util.test.junit.AutoTests" name="[48] /home/travis/build/icyphy/ptII/ptolemy/domains/de/test/auto/PeriodicSampler.xml (RunModel)" time="0.012" />
  <testcase classname="ptolemy.util.test.junit.AutoTests" name="[49] /home/travis/build/icyphy/ptII/ptolemy/domains/de/test/auto/PersistentIO.xml (RunModel)" time="0.035" />
  <testcase classname="ptolemy.util.test.junit.AutoTests" name="[50] /home/travis/build/icyphy/ptII/ptolemy/domains/de/test/auto/PortParameterResetOnInitialize.xml (RunModel)" time="0.013" />
  <testcase classname="ptolemy.util.test.junit.AutoTests" name="[51] /home/travis/build/icyphy/ptII/ptolemy/domains/de/test/auto/PortParameterUpdates.xml (RunModel)" time="0.021" />
  <testcase classname="ptolemy.util.test.junit.AutoTests" name="[52] /home/travis/build/icyphy/ptII/ptolemy/domains/de/test/auto/QueueAndServer.xml (RunModel)" time="0.027" />
  <testcase classname="ptolemy.util.test.junit.AutoTests" name="[53] /home/travis/build/icyphy/ptII/ptolemy/domains/de/test/auto/Records.xml (RunModel)" time="0.017" />
  <testcase classname="ptolemy.util.test.junit.AutoTests" name="[54] /home/travis/build/icyphy/ptII/ptolemy/domains/de/test/auto/ResetTransitionWithStartTime1.xml (RunModel)" time="0.018" />
  <testcase classname="ptolemy.util.test.junit.AutoTests" name="[55] /home/travis/build/icyphy/ptII/ptolemy/domains/de/test/auto/ResetTransitionWithStartTime2.xml (RunModel)" time="0.019" />
  <testcase classname="ptolemy.util.test.junit.AutoTests" name="[56] /home/travis/build/icyphy/ptII/ptolemy/domains/de/test/auto/ResetTransitionWithStartTime3.xml (RunModel)" time="0.026" />
  <testcase classname="ptolemy.util.test.junit.AutoTests" name="[57] /home/travis/build/icyphy/ptII/ptolemy/domains/de/test/auto/ResetTransitionWithStartTime4.xml (RunModel)" time="0.018" />
  <testcase classname="ptolemy.util.test.junit.AutoTests" name="[58] /home/travis/build/icyphy/ptII/ptolemy/domains/de/test/auto/ResettableTimer1.xml (RunModel)" time="0.01" />
  <testcase classname="ptolemy.util.test.junit.AutoTests" name="[59] /home/travis/build/icyphy/ptII/ptolemy/domains/de/test/auto/ResettableTimer2.xml (RunModel)" time="0.009" />
  <testcase classname="ptolemy.util.test.junit.AutoTests" name="[60] /home/travis/build/icyphy/ptII/ptolemy/domains/de/test/auto/ResettableTimer3.xml (RunModel)" time="0.009" />
  <testcase classname="ptolemy.util.test.junit.AutoTests" name="[61] /home/travis/build/icyphy/ptII/ptolemy/domains/de/test/auto/ResettableTimer4.xml (RunModel)" time="0.011" />
  <testcase classname="ptolemy.util.test.junit.AutoTests" name="[62] /home/travis/build/icyphy/ptII/ptolemy/domains/de/test/auto/ResettableTimer5.xml (RunModel)" time="0.009" />
  <testcase classname="ptolemy.util.test.junit.AutoTests" name="[63] /home/travis/build/icyphy/ptII/ptolemy/domains/de/test/auto/ResettableTimer6.xml (RunModel)" time="0.017" />
  <testcase classname="ptolemy.util.test.junit.AutoTests" name="[64] /home/travis/build/icyphy/ptII/ptolemy/domains/de/test/auto/ServerZeroDelay.xml (RunModel)" time="0.01" />
  <testcase classname="ptolemy.util.test.junit.AutoTests" name="[65] /home/travis/build/icyphy/ptII/ptolemy/domains/de/test/auto/SmartSender.xml (RunModel)" time="3.02" />
  <testcase classname="ptolemy.util.test.junit.AutoTests" name="[66] /home/travis/build/icyphy/ptII/ptolemy/domains/de/test/auto/ThreadedComposite.xml (RunModel)" time="0.193" />
  <testcase classname="ptolemy.util.test.junit.AutoTests" name="[67] /home/travis/build/icyphy/ptII/ptolemy/domains/de/test/auto/Time.xml (RunModel)" time="0.47" />
  <testcase classname="ptolemy.util.test.junit.AutoTests" name="[68] /home/travis/build/icyphy/ptII/ptolemy/domains/de/test/auto/TimeDelayZeroDelay.xml (RunModel)" time="0.01" />
  <testcase classname="ptolemy.util.test.junit.AutoTests" name="[69] /home/travis/build/icyphy/ptII/ptolemy/domains/de/test/auto/TimerZeroDelay.xml (RunModel)" time="0.014" />
  <testcase classname="ptolemy.util.test.junit.AutoTests" name="[70] /home/travis/build/icyphy/ptII/ptolemy/domains/de/test/auto/TimingParadox.xml (RunModel)" time="0.402" />
  <testcase classname="ptolemy.util.test.junit.AutoTests" name="[71] /home/travis/build/icyphy/ptII/ptolemy/domains/de/test/auto/TransferInputs.xml (RunModel)" time="0.014" />
  <testcase classname="ptolemy.util.test.junit.AutoTests" name="[72] /home/travis/build/icyphy/ptII/ptolemy/domains/de/test/auto/TransferOutputs2.xml (RunModel)" time="0.014" />
  <testcase classname="ptolemy.util.test.junit.AutoTests" name="[73] /home/travis/build/icyphy/ptII/ptolemy/domains/de/test/auto/Trilateration.xml (RunModel)" time="12.529" />
  <testcase classname="ptolemy.util.test.junit.AutoTests" name="[74] /home/travis/build/icyphy/ptII/ptolemy/domains/de/test/auto/TwoSigmaDelta.xml (RunModel)" time="2.34" />
  <testcase classname="ptolemy.util.test.junit.AutoTests" name="[75] /home/travis/build/icyphy/ptII/ptolemy/domains/de/test/auto/VariableDelay.xml (RunModel)" time="0.014" />
  <testcase classname="ptolemy.util.test.junit.AutoTests" name="[76] /home/travis/build/icyphy/ptII/ptolemy/domains/de/test/auto/VariableDelay2.xml (RunModel)" time="0.018" />
  <testcase classname="ptolemy.util.test.junit.AutoTests" name="[77] /home/travis/build/icyphy/ptII/ptolemy/domains/de/test/auto/VariableDelayZeroDelay.xml (RunModel)" time="0.017" />
  <testcase classname="ptolemy.util.test.junit.AutoTests" name="[78] /home/travis/build/icyphy/ptII/ptolemy/domains/de/test/auto/VariableDelayZeroDelay2.xml (RunModel)" time="0.012" />
  <testcase classname="ptolemy.util.test.junit.AutoTests" name="[79] /home/travis/build/icyphy/ptII/ptolemy/domains/de/test/auto/deInCt.xml (RunModel)" time="0.02" />
  <testcase classname="ptolemy.util.test.junit.AutoTests" name="[80] /home/travis/build/icyphy/ptII/ptolemy/domains/de/test/auto/deInCt2.xml (RunModel)" time="0.029" />
  <testcase classname="ptolemy.util.test.junit.AutoTests" name="[81] /home/travis/build/icyphy/ptII/ptolemy/domains/de/test/auto/dynamicCausalityInterface1.xml (RunModel)" time="0.023" />
  <testcase classname="ptolemy.util.test.junit.AutoTests" name="[82] /home/travis/build/icyphy/ptII/ptolemy/domains/de/test/auto/fsm_de_test.xml (RunModel)" time="0.029" />
  <testcase classname="ptolemy.util.test.junit.AutoTests" name="[83] /home/travis/build/icyphy/ptII/ptolemy/domains/de/test/auto/functionDependencyReconstruction.xml (RunModel)" time="0.037" />
  <testcase classname="ptolemy.util.test.junit.AutoTests" name="[84] /home/travis/build/icyphy/ptII/ptolemy/domains/de/test/auto/multirate.xml (RunModel)" time="0.015" />
  <testcase classname="ptolemy.util.test.junit.AutoTests" name="[85] /home/travis/build/icyphy/ptII/ptolemy/domains/de/test/auto/multirate2.xml (RunModel)" time="0.017" />
  <testcase classname="ptolemy.util.test.junit.AutoTests" name="[86] /home/travis/build/icyphy/ptII/ptolemy/domains/de/test/auto/realtime.xml (RunModel)" time="10.011" />
  <testcase classname="ptolemy.util.test.junit.AutoTests" name="[87] /home/travis/build/icyphy/ptII/ptolemy/domains/de/test/auto/relationGroup.xml (RunModel)" time="0.01" />
  <testcase classname="ptolemy.util.test.junit.AutoTests" name="[88] /home/travis/build/icyphy/ptII/ptolemy/domains/de/test/auto/relationGroup2.xml (RunModel)" time="0.008" />
  <testcase classname="ptolemy.util.test.junit.AutoTests" name="[89] /home/travis/build/icyphy/ptII/ptolemy/domains/de/test/auto/sortWithOpaquePorts.xml (RunModel)" time="0.011" />
  <testcase classname="ptolemy.util.test.junit.AutoTests" name="[90] /home/travis/build/icyphy/ptII/ptolemy/domains/de/test/auto/transferInputsandOutputs.xml (RunModel)" time="0.02" />
  <testcase classname="ptolemy.util.test.junit.AutoTests" name="[91] /home/travis/build/icyphy/ptII/ptolemy/domains/de/test/auto/triggerType.xml (RunModel)" time="0.01" />
  <system-out><![CDATA[/home/travis/build/icyphy/ptII/ptolemy/domains/de/test/DependencyLoop.tcl
testDefs.tcl: setting time out to 9000 seconds at Thu Jul 18 04:50:41 UTC 2019
86 ms. Memory: 120832K Free: 71624K (59%)
21 ms. Memory: 120832K Free: 54719K (45%)
/home/travis/build/icyphy/ptII/ptolemy/domains/de/test/RunDETestsAsQSS.tcl
Run the DE tests using ptolemy.domains.qss.test.QSSDirectorTest, which extends QSSDirector and prints a message in the constructors.
------------------ testing $PTII/ptolemy/domains/de/test/auto/knownFailedTests/DirectFeedback.xml (Known Failure) 
76 ms. Memory: 120832K Free: 48582K (40%)


==== $PTIIhome/travis/build/icyphy/ptII/ptolemy/domains/de/test/../../../../: Auto Automatic test in file $PTII/ptolemy/domains/de/test/auto/knownFailedTests/DirectFeedback.xml
==== Contents of test case:

	    # FIXME: we should use $relativeFilename here, but it
	    # might have backslashes under Windows, which causes no end
	    # of trouble.
	    createAndExecute $file
	    list {}
	
.... Test generated KNOWN error:
    while executing
ptolemy.kernel.util.IllegalActionException: Test fails in iteration 1.
Value was: 1.0. Should have been: 2.0
  in .DirectFeedback.Test
	at ptolemy.actor.lib.Test.fire(Test.java:268)
	at ptolemy.domains.de.kernel.DEDirector._fire(DEDirector.java:1949)
	at ptolemy.domains.de.kernel.DEDirector.fire(DEDirector.java:502)
	at ptolemy.actor.CompositeActor.fire(CompositeActor.java:455)
	at ptolemy.actor.Manager.iterate(Manager.java:851)
	at ptolemy.actor.Manager.execute(Manager.java:369)
	at ptolemy.actor.Manager.run(Manager.java:1263)
	at ptolemy.actor.Manager$PtolemyRunThread.run(Manager.java:1933)

    while executing
ptolemy.kernel.util.IllegalActionException: Test fails in iteration 1.
Value was: 1.0. Should have been: 2.0
  in .DirectFeedback.Test
    while executing
"java::new ptolemy.moml.MoMLSimpleApplication $file
"
    (procedure "createAndExecute" line 2)
    invoked from within
"createAndExecute $file"
    ("uplevel" body line 5)
    invoked from within
"uplevel $contents_of_test"
------------------ testing $PTII/ptolemy/domains/de/test/auto/knownFailedTests/dependencyLoop.xml (Known Failure) 
45 ms. Memory: 120832K Free: 108391K (90%)


==== $PTIIhome/travis/build/icyphy/ptII/ptolemy/domains/de/test/../../../../: Auto Automatic test in file $PTII/ptolemy/domains/de/test/auto/knownFailedTests/dependencyLoop.xml
==== Contents of test case:

	    # FIXME: we should use $relativeFilename here, but it
	    # might have backslashes under Windows, which causes no end
	    # of trouble.
	    createAndExecute $file
	    list {}
	
.... Test generated KNOWN error:
    while executing
ptolemy.kernel.util.IllegalActionException: Found a zero delay loop containing .dependencyLoop.original
  in .dependencyLoop and .dependencyLoop.original
	at ptolemy.actor.util.CausalityInterfaceForComposites._computeOutputPortDepth(CausalityInterfaceForComposites.java:759)
	at ptolemy.actor.util.CausalityInterfaceForComposites._computeInputDepth(CausalityInterfaceForComposites.java:696)
	at ptolemy.actor.util.CausalityInterfaceForComposites._computeOutputPortDepth(CausalityInterfaceForComposites.java:765)
	at ptolemy.actor.util.CausalityInterfaceForComposites._computeInputDepth(CausalityInterfaceForComposites.java:696)
	at ptolemy.actor.util.CausalityInterfaceForComposites._computeOutputPortDepth(CausalityInterfaceForComposites.java:765)
	at ptolemy.actor.util.CausalityInterfaceForComposites._computeInputDepth(CausalityInterfaceForComposites.java:696)
	at ptolemy.actor.util.CausalityInterfaceForComposites._computeActorDepth(CausalityInterfaceForComposites.java:532)
	at ptolemy.actor.util.CausalityInterfaceForComposites.checkForCycles(CausalityInterfaceForComposites.java:96)
	at ptolemy.domains.de.kernel.DEDirector.preinitialize(DEDirector.java:1338)
	at ptolemy.actor.CompositeActor.preinitialize(CompositeActor.java:1828)
	at ptolemy.actor.Manager.preinitializeAndResolveTypes(Manager.java:1040)
	at ptolemy.actor.Manager.initialize(Manager.java:710)
	at ptolemy.actor.Manager.execute(Manager.java:356)
	at ptolemy.actor.Manager.run(Manager.java:1263)
	at ptolemy.actor.Manager$PtolemyRunThread.run(Manager.java:1933)

    while executing
ptolemy.kernel.util.IllegalActionException: Found a zero delay loop containing .dependencyLoop.original
  in .dependencyLoop and .dependencyLoop.original
    while executing
"java::new ptolemy.moml.MoMLSimpleApplication $file
"
    (procedure "createAndExecute" line 2)
    invoked from within
"createAndExecute $file"
    ("uplevel" body line 5)
    invoked from within
"uplevel $contents_of_test"
------------------ testing $PTII/ptolemy/domains/de/test/auto/knownFailedTests/FSMSource.xml (Known Failure) 
79 ms. Memory: 120832K Free: 99222K (82%)
!!!! Auto was marked as failing, but now passes
------------------ testing $PTII/ptolemy/domains/de/test/auto/knownFailedTests/HierarchicalModel.xml (Known Failure) 
13 ms. Memory: 120832K Free: 81814K (68%)


==== $PTIIhome/travis/build/icyphy/ptII/ptolemy/domains/de/test/../../../../: Auto Automatic test in file $PTII/ptolemy/domains/de/test/auto/knownFailedTests/HierarchicalModel.xml
==== Contents of test case:

	    # FIXME: we should use $relativeFilename here, but it
	    # might have backslashes under Windows, which causes no end
	    # of trouble.
	    createAndExecute $file
	    list {}
	
.... Test generated KNOWN error:
    while executing
ptolemy.kernel.util.IllegalActionException: Found a zero delay loop containing .HierarchicalModel.A
  in .HierarchicalModel and .HierarchicalModel.A
	at ptolemy.actor.util.CausalityInterfaceForComposites._computeOutputPortDepth(CausalityInterfaceForComposites.java:759)
	at ptolemy.actor.util.CausalityInterfaceForComposites._computeInputDepth(CausalityInterfaceForComposites.java:696)
	at ptolemy.actor.util.CausalityInterfaceForComposites._computeOutputPortDepth(CausalityInterfaceForComposites.java:765)
	at ptolemy.actor.util.CausalityInterfaceForComposites._computeInputDepth(CausalityInterfaceForComposites.java:696)
	at ptolemy.actor.util.CausalityInterfaceForComposites._computeOutputPortDepth(CausalityInterfaceForComposites.java:765)
	at ptolemy.actor.util.CausalityInterfaceForComposites._computeInputDepth(CausalityInterfaceForComposites.java:696)
	at ptolemy.actor.util.CausalityInterfaceForComposites._computeActorDepth(CausalityInterfaceForComposites.java:532)
	at ptolemy.actor.util.CausalityInterfaceForComposites.checkForCycles(CausalityInterfaceForComposites.java:96)
	at ptolemy.domains.de.kernel.DEDirector.preinitialize(DEDirector.java:1338)
	at ptolemy.actor.CompositeActor.preinitialize(CompositeActor.java:1828)
	at ptolemy.actor.Manager.preinitializeAndResolveTypes(Manager.java:1040)
	at ptolemy.actor.Manager.initialize(Manager.java:710)
	at ptolemy.actor.Manager.execute(Manager.java:356)
	at ptolemy.actor.Manager.run(Manager.java:1263)
	at ptolemy.actor.Manager$PtolemyRunThread.run(Manager.java:1933)

    while executing
ptolemy.kernel.util.IllegalActionException: Found a zero delay loop containing .HierarchicalModel.A
  in .HierarchicalModel and .HierarchicalModel.A
    while executing
"java::new ptolemy.moml.MoMLSimpleApplication $file
"
    (procedure "createAndExecute" line 2)
    invoked from within
"createAndExecute $file"
    ("uplevel" body line 5)
    invoked from within
"uplevel $contents_of_test"
------------------ testing $PTII/ptolemy/domains/de/test/auto/knownFailedTests/dependencyLoop2.xml (Known Failure) 
17 ms. Memory: 120832K Free: 65881K (55%)


==== $PTIIhome/travis/build/icyphy/ptII/ptolemy/domains/de/test/../../../../: Auto Automatic test in file $PTII/ptolemy/domains/de/test/auto/knownFailedTests/dependencyLoop2.xml
==== Contents of test case:

	    # FIXME: we should use $relativeFilename here, but it
	    # might have backslashes under Windows, which causes no end
	    # of trouble.
	    createAndExecute $file
	    list {}
	
.... Test generated KNOWN error:
    while executing
ptolemy.kernel.util.IllegalActionException: Found a zero delay loop containing .dependencyLoop2.original
  in .dependencyLoop2 and .dependencyLoop2.original
	at ptolemy.actor.util.CausalityInterfaceForComposites._computeOutputPortDepth(CausalityInterfaceForComposites.java:759)
	at ptolemy.actor.util.CausalityInterfaceForComposites._computeInputDepth(CausalityInterfaceForComposites.java:696)
	at ptolemy.actor.util.CausalityInterfaceForComposites._computeOutputPortDepth(CausalityInterfaceForComposites.java:765)
	at ptolemy.actor.util.CausalityInterfaceForComposites._computeInputDepth(CausalityInterfaceForComposites.java:696)
	at ptolemy.actor.util.CausalityInterfaceForComposites._computeOutputPortDepth(CausalityInterfaceForComposites.java:765)
	at ptolemy.actor.util.CausalityInterfaceForComposites._computeInputDepth(CausalityInterfaceForComposites.java:696)
	at ptolemy.actor.util.CausalityInterfaceForComposites._computeActorDepth(CausalityInterfaceForComposites.java:532)
	at ptolemy.actor.util.CausalityInterfaceForComposites.checkForCycles(CausalityInterfaceForComposites.java:96)
	at ptolemy.domains.de.kernel.DEDirector.preinitialize(DEDirector.java:1338)
	at ptolemy.actor.CompositeActor.preinitialize(CompositeActor.java:1828)
	at ptolemy.actor.Manager.preinitializeAndResolveTypes(Manager.java:1040)
	at ptolemy.actor.Manager.initialize(Manager.java:710)
	at ptolemy.actor.Manager.execute(Manager.java:356)
	at ptolemy.actor.Manager.run(Manager.java:1263)
	at ptolemy.actor.Manager$PtolemyRunThread.run(Manager.java:1933)

    while executing
ptolemy.kernel.util.IllegalActionException: Found a zero delay loop containing .dependencyLoop2.original
  in .dependencyLoop2 and .dependencyLoop2.original
    while executing
"java::new ptolemy.moml.MoMLSimpleApplication $file
"
    (procedure "createAndExecute" line 2)
    invoked from within
"createAndExecute $file"
    ("uplevel" body line 5)
    invoked from within
"uplevel $contents_of_test"
------------------ testing $PTII/ptolemy/domains/de/test/auto/knownFailedTests/DESDFClockTest.xml (Known Failure) 
2049 ms. Memory: 120832K Free: 96173K (80%)


==== $PTIIhome/travis/build/icyphy/ptII/ptolemy/domains/de/test/../../../../: Auto Automatic test in file $PTII/ptolemy/domains/de/test/auto/knownFailedTests/DESDFClockTest.xml
==== Contents of test case:

	    # FIXME: we should use $relativeFilename here, but it
	    # might have backslashes under Windows, which causes no end
	    # of trouble.
	    createAndExecute $file
	    list {}
	
.... Test generated KNOWN error:
    while executing
ptolemy.kernel.util.IllegalActionException: Actor is not ready to fire.  Perhaps UpSample.prefire() returned false? Try debugging the actor by selecting "Listen to Actor".  Also, for SDF check moml for tokenConsumptionRate on input.
  in .DESDFClockTest.Play Bell.Copy1:SDF Director and .DESDFClockTest.Play Bell.UpSample
	at ptolemy.actor.sched.StaticSchedulingDirector.fire(StaticSchedulingDirector.java:227)
	at ptolemy.domains.sdf.kernel.SDFDirector.fire(SDFDirector.java:500)
	at ptolemy.actor.CompositeActor.fire(CompositeActor.java:455)
	at ptolemy.domains.de.kernel.DEDirector._fire(DEDirector.java:1949)
	at ptolemy.domains.de.kernel.DEDirector.fire(DEDirector.java:502)
	at ptolemy.actor.CompositeActor.fire(CompositeActor.java:455)
	at ptolemy.actor.Manager.iterate(Manager.java:851)
	at ptolemy.actor.Manager.execute(Manager.java:369)
	at ptolemy.actor.Manager.run(Manager.java:1263)
	at ptolemy.actor.Manager$PtolemyRunThread.run(Manager.java:1933)

    while executing
ptolemy.kernel.util.IllegalActionException: Actor is not ready to fire.  Perhaps UpSample.prefire() returned false? Try debugging the actor by selecting "Listen to Actor".  Also, for SDF check moml for tokenConsumptionRate on input.
  in .DESDFClockTest.Play Bell.Copy1:SDF Director and .DESDFClockTest.Play Bell.UpSample
    while executing
"java::new ptolemy.moml.MoMLSimpleApplication $file
"
    (procedure "createAndExecute" line 2)
    invoked from within
"createAndExecute $file"
    ("uplevel" body line 5)
    invoked from within
"uplevel $contents_of_test"
------------------ testing $PTII/ptolemy/domains/de/test/auto/ActorDepthCalculation_actorWithoutPorts.xml
auto.tcl: Setting watchdog for 200 seconds at Thu Jul 18 04:50:45 UTC 2019
5 ms. Memory: 120832K Free: 88604K (73%)
ptolemy.util.test.WatchDog.cancel(): canceling Thu Jul 18 04:50:45 UTC 2019
auto.tcl: Setting watchdog for 200 seconds at Thu Jul 18 04:50:45 UTC 2019
5 ms. Memory: 120832K Free: 87467K (72%)
ptolemy.util.test.WatchDog.cancel(): canceling Thu Jul 18 04:50:45 UTC 2019
------------------ testing $PTII/ptolemy/domains/de/test/auto/AssemblyLine.xml
auto.tcl: Setting watchdog for 200 seconds at Thu Jul 18 04:50:45 UTC 2019
22 ms. Memory: 48128K Free: 26007K (54%)
ptolemy.util.test.WatchDog.cancel(): canceling Thu Jul 18 04:50:45 UTC 2019
auto.tcl: Setting watchdog for 200 seconds at Thu Jul 18 04:50:45 UTC 2019
7 ms. Memory: 48128K Free: 25317K (53%)
ptolemy.util.test.WatchDog.cancel(): canceling Thu Jul 18 04:50:45 UTC 2019
------------------ testing $PTII/ptolemy/domains/de/test/auto/CQBug1.xml
auto.tcl: Setting watchdog for 200 seconds at Thu Jul 18 04:50:45 UTC 2019
6 ms. Memory: 45056K Free: 28484K (63%)
ptolemy.util.test.WatchDog.cancel(): canceling Thu Jul 18 04:50:45 UTC 2019
auto.tcl: Setting watchdog for 200 seconds at Thu Jul 18 04:50:45 UTC 2019
2 ms. Memory: 45056K Free: 28055K (62%)
ptolemy.util.test.WatchDog.cancel(): canceling Thu Jul 18 04:50:45 UTC 2019
------------------ testing $PTII/ptolemy/domains/de/test/auto/CancelFireAt.xml
auto.tcl: Setting watchdog for 200 seconds at Thu Jul 18 04:50:46 UTC 2019
11 ms. Memory: 45056K Free: 29684K (66%)
ptolemy.util.test.WatchDog.cancel(): canceling Thu Jul 18 04:50:46 UTC 2019
auto.tcl: Setting watchdog for 200 seconds at Thu Jul 18 04:50:46 UTC 2019
3 ms. Memory: 45056K Free: 29240K (65%)
ptolemy.util.test.WatchDog.cancel(): canceling Thu Jul 18 04:50:46 UTC 2019
------------------ testing $PTII/ptolemy/domains/de/test/auto/CausalityAndComposabilityAnalysis.xml
auto.tcl: Setting watchdog for 200 seconds at Thu Jul 18 04:50:46 UTC 2019
7 ms. Memory: 45056K Free: 27408K (61%)
ptolemy.util.test.WatchDog.cancel(): canceling Thu Jul 18 04:50:46 UTC 2019
auto.tcl: Setting watchdog for 200 seconds at Thu Jul 18 04:50:46 UTC 2019
9 ms. Memory: 45056K Free: 26980K (60%)
ptolemy.util.test.WatchDog.cancel(): canceling Thu Jul 18 04:50:46 UTC 2019
------------------ testing $PTII/ptolemy/domains/de/test/auto/CausalityInterface1.xml
auto.tcl: Setting watchdog for 200 seconds at Thu Jul 18 04:50:46 UTC 2019
34 ms. Memory: 45056K Free: 26381K (59%)
ptolemy.util.test.WatchDog.cancel(): canceling Thu Jul 18 04:50:46 UTC 2019
auto.tcl: Setting watchdog for 200 seconds at Thu Jul 18 04:50:46 UTC 2019
4 ms. Memory: 45056K Free: 25384K (56%)
ptolemy.util.test.WatchDog.cancel(): canceling Thu Jul 18 04:50:46 UTC 2019
------------------ testing $PTII/ptolemy/domains/de/test/auto/CausalityInterface15.xml
auto.tcl: Setting watchdog for 200 seconds at Thu Jul 18 04:50:46 UTC 2019
12 ms. Memory: 45056K Free: 26005K (58%)
ptolemy.util.test.WatchDog.cancel(): canceling Thu Jul 18 04:50:46 UTC 2019
auto.tcl: Setting watchdog for 200 seconds at Thu Jul 18 04:50:46 UTC 2019
5 ms. Memory: 45056K Free: 25338K (56%)
ptolemy.util.test.WatchDog.cancel(): canceling Thu Jul 18 04:50:46 UTC 2019
------------------ testing $PTII/ptolemy/domains/de/test/auto/CausalityInterface2.xml
auto.tcl: Setting watchdog for 200 seconds at Thu Jul 18 04:50:46 UTC 2019
5 ms. Memory: 45056K Free: 27092K (60%)
ptolemy.util.test.WatchDog.cancel(): canceling Thu Jul 18 04:50:46 UTC 2019
auto.tcl: Setting watchdog for 200 seconds at Thu Jul 18 04:50:46 UTC 2019
10 ms. Memory: 45056K Free: 25950K (58%)
ptolemy.util.test.WatchDog.cancel(): canceling Thu Jul 18 04:50:46 UTC 2019
------------------ testing $PTII/ptolemy/domains/de/test/auto/CausalityInterface3.xml
auto.tcl: Setting watchdog for 200 seconds at Thu Jul 18 04:50:46 UTC 2019
4 ms. Memory: 45056K Free: 26555K (59%)
ptolemy.util.test.WatchDog.cancel(): canceling Thu Jul 18 04:50:46 UTC 2019
auto.tcl: Setting watchdog for 200 seconds at Thu Jul 18 04:50:46 UTC 2019
4 ms. Memory: 45056K Free: 25758K (57%)
ptolemy.util.test.WatchDog.cancel(): canceling Thu Jul 18 04:50:46 UTC 2019
------------------ testing $PTII/ptolemy/domains/de/test/auto/ClockDrift.xml
auto.tcl: Setting watchdog for 200 seconds at Thu Jul 18 04:50:46 UTC 2019
102 ms. Memory: 45056K Free: 19145K (42%)
ptolemy.util.test.WatchDog.cancel(): canceling Thu Jul 18 04:50:46 UTC 2019
auto.tcl: Setting watchdog for 200 seconds at Thu Jul 18 04:50:46 UTC 2019
53 ms. Memory: 45056K Free: 16129K (36%)
ptolemy.util.test.WatchDog.cancel(): canceling Thu Jul 18 04:50:46 UTC 2019
------------------ testing $PTII/ptolemy/domains/de/test/auto/ClockDriftAndValueChange.xml
auto.tcl: Setting watchdog for 200 seconds at Thu Jul 18 04:50:47 UTC 2019
51 ms. Memory: 45056K Free: 19563K (43%)
ptolemy.util.test.WatchDog.cancel(): canceling Thu Jul 18 04:50:47 UTC 2019
auto.tcl: Setting watchdog for 200 seconds at Thu Jul 18 04:50:47 UTC 2019
21 ms. Memory: 45056K Free: 16370K (36%)
ptolemy.util.test.WatchDog.cancel(): canceling Thu Jul 18 04:50:47 UTC 2019
------------------ testing $PTII/ptolemy/domains/de/test/auto/ClockDriftChange.xml
auto.tcl: Setting watchdog for 200 seconds at Thu Jul 18 04:50:47 UTC 2019
26 ms. Memory: 45056K Free: 21264K (47%)
ptolemy.util.test.WatchDog.cancel(): canceling Thu Jul 18 04:50:47 UTC 2019
auto.tcl: Setting watchdog for 200 seconds at Thu Jul 18 04:50:47 UTC 2019
32 ms. Memory: 45056K Free: 18710K (42%)
ptolemy.util.test.WatchDog.cancel(): canceling Thu Jul 18 04:50:47 UTC 2019
------------------ testing $PTII/ptolemy/domains/de/test/auto/ComposableCausalityAnalysis.xml
auto.tcl: Setting watchdog for 200 seconds at Thu Jul 18 04:50:47 UTC 2019
3 ms. Memory: 45056K Free: 25910K (58%)
ptolemy.util.test.WatchDog.cancel(): canceling Thu Jul 18 04:50:47 UTC 2019
auto.tcl: Setting watchdog for 200 seconds at Thu Jul 18 04:50:47 UTC 2019
5 ms. Memory: 45056K Free: 24894K (55%)
ptolemy.util.test.WatchDog.cancel(): canceling Thu Jul 18 04:50:47 UTC 2019
------------------ testing $PTII/ptolemy/domains/de/test/auto/DEFixedPointLimitation.xml
auto.tcl: Setting watchdog for 200 seconds at Thu Jul 18 04:50:47 UTC 2019
3 ms. Memory: 45056K Free: 27158K (60%)
ptolemy.util.test.WatchDog.cancel(): canceling Thu Jul 18 04:50:47 UTC 2019
auto.tcl: Setting watchdog for 200 seconds at Thu Jul 18 04:50:47 UTC 2019
2 ms. Memory: 45056K Free: 26340K (58%)
ptolemy.util.test.WatchDog.cancel(): canceling Thu Jul 18 04:50:47 UTC 2019
------------------ testing $PTII/ptolemy/domains/de/test/auto/DEScheduleTest.xml
auto.tcl: Setting watchdog for 200 seconds at Thu Jul 18 04:50:47 UTC 2019
8 ms. Memory: 45056K Free: 27550K (61%)
ptolemy.util.test.WatchDog.cancel(): canceling Thu Jul 18 04:50:47 UTC 2019
auto.tcl: Setting watchdog for 200 seconds at Thu Jul 18 04:50:47 UTC 2019
3 ms. Memory: 45056K Free: 26803K (59%)
ptolemy.util.test.WatchDog.cancel(): canceling Thu Jul 18 04:50:47 UTC 2019
------------------ testing $PTII/ptolemy/domains/de/test/auto/DEinDEwithStartTimes.xml
auto.tcl: Setting watchdog for 200 seconds at Thu Jul 18 04:50:47 UTC 2019
6 ms. Memory: 45056K Free: 25693K (57%)
ptolemy.util.test.WatchDog.cancel(): canceling Thu Jul 18 04:50:47 UTC 2019
auto.tcl: Setting watchdog for 200 seconds at Thu Jul 18 04:50:47 UTC 2019
5 ms. Memory: 45056K Free: 24666K (55%)
ptolemy.util.test.WatchDog.cancel(): canceling Thu Jul 18 04:50:47 UTC 2019
------------------ testing $PTII/ptolemy/domains/de/test/auto/DEinDEwithStartTimes2.xml
auto.tcl: Setting watchdog for 200 seconds at Thu Jul 18 04:50:47 UTC 2019
7 ms. Memory: 45056K Free: 24919K (55%)
ptolemy.util.test.WatchDog.cancel(): canceling Thu Jul 18 04:50:47 UTC 2019
auto.tcl: Setting watchdog for 200 seconds at Thu Jul 18 04:50:47 UTC 2019
7 ms. Memory: 45056K Free: 23620K (52%)
ptolemy.util.test.WatchDog.cancel(): canceling Thu Jul 18 04:50:47 UTC 2019
------------------ testing $PTII/ptolemy/domains/de/test/auto/DateDemo.xml
auto.tcl: Setting watchdog for 200 seconds at Thu Jul 18 04:50:47 UTC 2019
19 ms. Memory: 45056K Free: 19271K (43%)
ptolemy.util.test.WatchDog.cancel(): canceling Thu Jul 18 04:50:47 UTC 2019
auto.tcl: Setting watchdog for 200 seconds at Thu Jul 18 04:50:47 UTC 2019
6 ms. Memory: 45056K Free: 17704K (39%)
ptolemy.util.test.WatchDog.cancel(): canceling Thu Jul 18 04:50:47 UTC 2019
------------------ testing $PTII/ptolemy/domains/de/test/auto/DateToEvent.xml
auto.tcl: Setting watchdog for 200 seconds at Thu Jul 18 04:50:47 UTC 2019
2015 ms. Memory: 45056K Free: 15182K (34%)
ptolemy.util.test.WatchDog.cancel(): canceling Thu Jul 18 04:50:50 UTC 2019
auto.tcl: Setting watchdog for 200 seconds at Thu Jul 18 04:50:50 UTC 2019
2005 ms. Memory: 45056K Free: 14267K (32%)
ptolemy.util.test.WatchDog.cancel(): canceling Thu Jul 18 04:50:52 UTC 2019
------------------ testing $PTII/ptolemy/domains/de/test/auto/DepthTest1.xml
auto.tcl: Setting watchdog for 200 seconds at Thu Jul 18 04:50:52 UTC 2019
5 ms. Memory: 45056K Free: 28491K (63%)
ptolemy.util.test.WatchDog.cancel(): canceling Thu Jul 18 04:50:52 UTC 2019
auto.tcl: Setting watchdog for 200 seconds at Thu Jul 18 04:50:52 UTC 2019
2 ms. Memory: 45056K Free: 27931K (62%)
ptolemy.util.test.WatchDog.cancel(): canceling Thu Jul 18 04:50:52 UTC 2019
------------------ testing $PTII/ptolemy/domains/de/test/auto/DepthTest2.xml
auto.tcl: Setting watchdog for 200 seconds at Thu Jul 18 04:50:52 UTC 2019
5 ms. Memory: 45056K Free: 25165K (56%)
ptolemy.util.test.WatchDog.cancel(): canceling Thu Jul 18 04:50:52 UTC 2019
auto.tcl: Setting watchdog for 200 seconds at Thu Jul 18 04:50:52 UTC 2019
3 ms. Memory: 45056K Free: 24756K (55%)
ptolemy.util.test.WatchDog.cancel(): canceling Thu Jul 18 04:50:52 UTC 2019
------------------ testing $PTII/ptolemy/domains/de/test/auto/DepthTest3.xml
auto.tcl: Setting watchdog for 200 seconds at Thu Jul 18 04:50:52 UTC 2019
5 ms. Memory: 45056K Free: 28660K (64%)
ptolemy.util.test.WatchDog.cancel(): canceling Thu Jul 18 04:50:52 UTC 2019
auto.tcl: Setting watchdog for 200 seconds at Thu Jul 18 04:50:52 UTC 2019
2 ms. Memory: 45056K Free: 28252K (63%)
ptolemy.util.test.WatchDog.cancel(): canceling Thu Jul 18 04:50:52 UTC 2019
------------------ testing $PTII/ptolemy/domains/de/test/auto/DepthTest4.xml
auto.tcl: Setting watchdog for 200 seconds at Thu Jul 18 04:50:52 UTC 2019
7 ms. Memory: 45056K Free: 27017K (60%)
ptolemy.util.test.WatchDog.cancel(): canceling Thu Jul 18 04:50:52 UTC 2019
auto.tcl: Setting watchdog for 200 seconds at Thu Jul 18 04:50:52 UTC 2019
3 ms. Memory: 45056K Free: 26287K (58%)
ptolemy.util.test.WatchDog.cancel(): canceling Thu Jul 18 04:50:52 UTC 2019
------------------ testing $PTII/ptolemy/domains/de/test/auto/DepthTest5.xml
auto.tcl: Setting watchdog for 200 seconds at Thu Jul 18 04:50:52 UTC 2019
3 ms. Memory: 45056K Free: 26105K (58%)
ptolemy.util.test.WatchDog.cancel(): canceling Thu Jul 18 04:50:52 UTC 2019
auto.tcl: Setting watchdog for 200 seconds at Thu Jul 18 04:50:52 UTC 2019
4 ms. Memory: 45056K Free: 25729K (57%)
ptolemy.util.test.WatchDog.cancel(): canceling Thu Jul 18 04:50:52 UTC 2019
------------------ testing $PTII/ptolemy/domains/de/test/auto/DepthTest6.xml
auto.tcl: Setting watchdog for 200 seconds at Thu Jul 18 04:50:52 UTC 2019
4 ms. Memory: 45056K Free: 26156K (58%)
ptolemy.util.test.WatchDog.cancel(): canceling Thu Jul 18 04:50:52 UTC 2019
auto.tcl: Setting watchdog for 200 seconds at Thu Jul 18 04:50:52 UTC 2019
2 ms. Memory: 45056K Free: 25598K (57%)
ptolemy.util.test.WatchDog.cancel(): canceling Thu Jul 18 04:50:52 UTC 2019
------------------ testing $PTII/ptolemy/domains/de/test/auto/DepthTest7.xml
auto.tcl: Setting watchdog for 200 seconds at Thu Jul 18 04:50:52 UTC 2019
3 ms. Memory: 45056K Free: 26392K (59%)
ptolemy.util.test.WatchDog.cancel(): canceling Thu Jul 18 04:50:52 UTC 2019
auto.tcl: Setting watchdog for 200 seconds at Thu Jul 18 04:50:52 UTC 2019
2 ms. Memory: 45056K Free: 26016K (58%)
ptolemy.util.test.WatchDog.cancel(): canceling Thu Jul 18 04:50:52 UTC 2019
------------------ testing $PTII/ptolemy/domains/de/test/auto/EventToDate.xml
auto.tcl: Setting watchdog for 200 seconds at Thu Jul 18 04:50:52 UTC 2019
3005 ms. Memory: 45056K Free: 17725K (39%)
ptolemy.util.test.WatchDog.cancel(): canceling Thu Jul 18 04:50:55 UTC 2019
auto.tcl: Setting watchdog for 200 seconds at Thu Jul 18 04:50:55 UTC 2019
3004 ms. Memory: 45056K Free: 17029K (38%)
ptolemy.util.test.WatchDog.cancel(): canceling Thu Jul 18 04:50:58 UTC 2019
------------------ testing $PTII/ptolemy/domains/de/test/auto/FSM1.xml
auto.tcl: Setting watchdog for 200 seconds at Thu Jul 18 04:50:58 UTC 2019
43 ms. Memory: 45056K Free: 18936K (42%)
ptolemy.util.test.WatchDog.cancel(): canceling Thu Jul 18 04:50:58 UTC 2019
auto.tcl: Setting watchdog for 200 seconds at Thu Jul 18 04:50:58 UTC 2019
24 ms. Memory: 45056K Free: 15681K (35%)
ptolemy.util.test.WatchDog.cancel(): canceling Thu Jul 18 04:50:58 UTC 2019
------------------ testing $PTII/ptolemy/domains/de/test/auto/FSM7.xml
auto.tcl: Setting watchdog for 200 seconds at Thu Jul 18 04:50:58 UTC 2019
18 ms. Memory: 45056K Free: 18656K (41%)
ptolemy.util.test.WatchDog.cancel(): canceling Thu Jul 18 04:50:58 UTC 2019
auto.tcl: Setting watchdog for 200 seconds at Thu Jul 18 04:50:58 UTC 2019
27 ms. Memory: 45056K Free: 15502K (34%)
ptolemy.util.test.WatchDog.cancel(): canceling Thu Jul 18 04:50:59 UTC 2019
------------------ testing $PTII/ptolemy/domains/de/test/auto/Inspection.xml
auto.tcl: Setting watchdog for 200 seconds at Thu Jul 18 04:50:59 UTC 2019
36 ms. Memory: 45056K Free: 18674K (41%)
ptolemy.util.test.WatchDog.cancel(): canceling Thu Jul 18 04:50:59 UTC 2019
auto.tcl: Setting watchdog for 200 seconds at Thu Jul 18 04:50:59 UTC 2019
32 ms. Memory: 45056K Free: 16580K (37%)
ptolemy.util.test.WatchDog.cancel(): canceling Thu Jul 18 04:50:59 UTC 2019
------------------ testing $PTII/ptolemy/domains/de/test/auto/Iteration.xml
auto.tcl: Setting watchdog for 200 seconds at Thu Jul 18 04:50:59 UTC 2019
9 ms. Memory: 45056K Free: 24446K (54%)
ptolemy.util.test.WatchDog.cancel(): canceling Thu Jul 18 04:50:59 UTC 2019
auto.tcl: Setting watchdog for 200 seconds at Thu Jul 18 04:50:59 UTC 2019
8 ms. Memory: 45056K Free: 23363K (52%)
ptolemy.util.test.WatchDog.cancel(): canceling Thu Jul 18 04:50:59 UTC 2019
------------------ testing $PTII/ptolemy/domains/de/test/auto/LineFault.xml
auto.tcl: Setting watchdog for 200 seconds at Thu Jul 18 04:50:59 UTC 2019
644 ms. Memory: 54272K Free: 21627K (40%)
ptolemy.util.test.WatchDog.cancel(): canceling Thu Jul 18 04:51:00 UTC 2019
auto.tcl: Setting watchdog for 200 seconds at Thu Jul 18 04:51:00 UTC 2019
605 ms. Memory: 54272K Free: 36104K (67%)
ptolemy.util.test.WatchDog.cancel(): canceling Thu Jul 18 04:51:00 UTC 2019
------------------ testing $PTII/ptolemy/domains/de/test/auto/MergeModel1Add.xml
auto.tcl: Setting watchdog for 200 seconds at Thu Jul 18 04:51:00 UTC 2019
19 ms. Memory: 51200K Free: 16526K (32%)
ptolemy.util.test.WatchDog.cancel(): canceling Thu Jul 18 04:51:00 UTC 2019
auto.tcl: Setting watchdog for 200 seconds at Thu Jul 18 04:51:00 UTC 2019
12 ms. Memory: 51200K Free: 14896K (29%)
ptolemy.util.test.WatchDog.cancel(): canceling Thu Jul 18 04:51:00 UTC 2019
------------------ testing $PTII/ptolemy/domains/de/test/auto/MergeModel2Add.xml
auto.tcl: Setting watchdog for 200 seconds at Thu Jul 18 04:51:01 UTC 2019
14 ms. Memory: 51200K Free: 18577K (36%)
ptolemy.util.test.WatchDog.cancel(): canceling Thu Jul 18 04:51:01 UTC 2019
auto.tcl: Setting watchdog for 200 seconds at Thu Jul 18 04:51:01 UTC 2019
12 ms. Memory: 51200K Free: 17145K (33%)
ptolemy.util.test.WatchDog.cancel(): canceling Thu Jul 18 04:51:01 UTC 2019
------------------ testing $PTII/ptolemy/domains/de/test/auto/MergeModel3Add.xml
auto.tcl: Setting watchdog for 200 seconds at Thu Jul 18 04:51:01 UTC 2019
8 ms. Memory: 48128K Free: 15503K (32%)
ptolemy.util.test.WatchDog.cancel(): canceling Thu Jul 18 04:51:01 UTC 2019
auto.tcl: Setting watchdog for 200 seconds at Thu Jul 18 04:51:01 UTC 2019
9 ms. Memory: 48128K Free: 13982K (29%)
ptolemy.util.test.WatchDog.cancel(): canceling Thu Jul 18 04:51:01 UTC 2019
------------------ testing $PTII/ptolemy/domains/de/test/auto/MergeWithoutDiscard.xml
auto.tcl: Setting watchdog for 200 seconds at Thu Jul 18 04:51:01 UTC 2019
2 ms. Memory: 48128K Free: 29869K (62%)
ptolemy.util.test.WatchDog.cancel(): canceling Thu Jul 18 04:51:01 UTC 2019
auto.tcl: Setting watchdog for 200 seconds at Thu Jul 18 04:51:01 UTC 2019
1 ms. Memory: 48128K Free: 29440K (61%)
ptolemy.util.test.WatchDog.cancel(): canceling Thu Jul 18 04:51:01 UTC 2019
------------------ testing $PTII/ptolemy/domains/de/test/auto/Modal1.xml
auto.tcl: Setting watchdog for 200 seconds at Thu Jul 18 04:51:01 UTC 2019
17 ms. Memory: 48128K Free: 21995K (46%)
ptolemy.util.test.WatchDog.cancel(): canceling Thu Jul 18 04:51:01 UTC 2019
auto.tcl: Setting watchdog for 200 seconds at Thu Jul 18 04:51:01 UTC 2019
21 ms. Memory: 48128K Free: 18552K (39%)
ptolemy.util.test.WatchDog.cancel(): canceling Thu Jul 18 04:51:01 UTC 2019
------------------ testing $PTII/ptolemy/domains/de/test/auto/Modal2.xml
auto.tcl: Setting watchdog for 200 seconds at Thu Jul 18 04:51:01 UTC 2019
18 ms. Memory: 48128K Free: 22107K (46%)
ptolemy.util.test.WatchDog.cancel(): canceling Thu Jul 18 04:51:01 UTC 2019
auto.tcl: Setting watchdog for 200 seconds at Thu Jul 18 04:51:01 UTC 2019
13 ms. Memory: 48128K Free: 18891K (39%)
ptolemy.util.test.WatchDog.cancel(): canceling Thu Jul 18 04:51:01 UTC 2019
------------------ testing $PTII/ptolemy/domains/de/test/auto/Modal3.xml
auto.tcl: Setting watchdog for 200 seconds at Thu Jul 18 04:51:01 UTC 2019
18 ms. Memory: 48128K Free: 21831K (45%)
ptolemy.util.test.WatchDog.cancel(): canceling Thu Jul 18 04:51:01 UTC 2019
auto.tcl: Setting watchdog for 200 seconds at Thu Jul 18 04:51:01 UTC 2019
22 ms. Memory: 48128K Free: 18887K (39%)
ptolemy.util.test.WatchDog.cancel(): canceling Thu Jul 18 04:51:01 UTC 2019
------------------ testing $PTII/ptolemy/domains/de/test/auto/Modal4.xml
auto.tcl: Setting watchdog for 200 seconds at Thu Jul 18 04:51:01 UTC 2019
26 ms. Memory: 48128K Free: 21063K (44%)
ptolemy.util.test.WatchDog.cancel(): canceling Thu Jul 18 04:51:01 UTC 2019
auto.tcl: Setting watchdog for 200 seconds at Thu Jul 18 04:51:01 UTC 2019
14 ms. Memory: 48128K Free: 17234K (36%)
ptolemy.util.test.WatchDog.cancel(): canceling Thu Jul 18 04:51:01 UTC 2019
------------------ testing $PTII/ptolemy/domains/de/test/auto/Modal5.xml
auto.tcl: Setting watchdog for 200 seconds at Thu Jul 18 04:51:01 UTC 2019
13 ms. Memory: 48128K Free: 21050K (44%)
ptolemy.util.test.WatchDog.cancel(): canceling Thu Jul 18 04:51:01 UTC 2019
auto.tcl: Setting watchdog for 200 seconds at Thu Jul 18 04:51:01 UTC 2019
16 ms. Memory: 48128K Free: 17221K (36%)
ptolemy.util.test.WatchDog.cancel(): canceling Thu Jul 18 04:51:01 UTC 2019
------------------ testing $PTII/ptolemy/domains/de/test/auto/Modal6.xml
auto.tcl: Setting watchdog for 200 seconds at Thu Jul 18 04:51:01 UTC 2019
13 ms. Memory: 48128K Free: 21812K (45%)
ptolemy.util.test.WatchDog.cancel(): canceling Thu Jul 18 04:51:02 UTC 2019
auto.tcl: Setting watchdog for 200 seconds at Thu Jul 18 04:51:02 UTC 2019
12 ms. Memory: 48128K Free: 17855K (37%)
ptolemy.util.test.WatchDog.cancel(): canceling Thu Jul 18 04:51:02 UTC 2019
------------------ testing $PTII/ptolemy/domains/de/test/auto/Modal7.xml
auto.tcl: Setting watchdog for 200 seconds at Thu Jul 18 04:51:02 UTC 2019
18 ms. Memory: 48128K Free: 21033K (44%)
ptolemy.util.test.WatchDog.cancel(): canceling Thu Jul 18 04:51:02 UTC 2019
auto.tcl: Setting watchdog for 200 seconds at Thu Jul 18 04:51:02 UTC 2019
13 ms. Memory: 48128K Free: 17527K (36%)
ptolemy.util.test.WatchDog.cancel(): canceling Thu Jul 18 04:51:02 UTC 2019
------------------ testing $PTII/ptolemy/domains/de/test/auto/ModalModel.xml
auto.tcl: Setting watchdog for 200 seconds at Thu Jul 18 04:51:02 UTC 2019
232 ms. Memory: 58368K Free: 25570K (44%)
ptolemy.util.test.WatchDog.cancel(): canceling Thu Jul 18 04:51:02 UTC 2019
auto.tcl: Setting watchdog for 200 seconds at Thu Jul 18 04:51:02 UTC 2019
212 ms. Memory: 58368K Free: 24515K (42%)
ptolemy.util.test.WatchDog.cancel(): canceling Thu Jul 18 04:51:02 UTC 2019
------------------ testing $PTII/ptolemy/domains/de/test/auto/ModalSource.xml
auto.tcl: Setting watchdog for 200 seconds at Thu Jul 18 04:51:02 UTC 2019
9 ms. Memory: 48128K Free: 25894K (54%)
ptolemy.util.test.WatchDog.cancel(): canceling Thu Jul 18 04:51:02 UTC 2019
auto.tcl: Setting watchdog for 200 seconds at Thu Jul 18 04:51:02 UTC 2019
6 ms. Memory: 48128K Free: 23846K (50%)
ptolemy.util.test.WatchDog.cancel(): canceling Thu Jul 18 04:51:02 UTC 2019
------------------ testing $PTII/ptolemy/domains/de/test/auto/NonInterruptibleTimerZeroDelay.xml
auto.tcl: Setting watchdog for 200 seconds at Thu Jul 18 04:51:02 UTC 2019
4 ms. Memory: 48128K Free: 30815K (64%)
ptolemy.util.test.WatchDog.cancel(): canceling Thu Jul 18 04:51:02 UTC 2019
auto.tcl: Setting watchdog for 200 seconds at Thu Jul 18 04:51:02 UTC 2019
2 ms. Memory: 48128K Free: 30151K (63%)
ptolemy.util.test.WatchDog.cancel(): canceling Thu Jul 18 04:51:02 UTC 2019
------------------ testing $PTII/ptolemy/domains/de/test/auto/OpenQueueingNetwork.xml
auto.tcl: Setting watchdog for 200 seconds at Thu Jul 18 04:51:02 UTC 2019
3016 ms. Memory: 110592K Free: 83687K (76%)
ptolemy.util.test.WatchDog.cancel(): canceling Thu Jul 18 04:51:06 UTC 2019
auto.tcl: Setting watchdog for 200 seconds at Thu Jul 18 04:51:06 UTC 2019
2631 ms. Memory: 159744K Free: 117456K (74%)
ptolemy.util.test.WatchDog.cancel(): canceling Thu Jul 18 04:51:08 UTC 2019
------------------ testing $PTII/ptolemy/domains/de/test/auto/OpenQueuingNetwork.xml
auto.tcl: Setting watchdog for 200 seconds at Thu Jul 18 04:51:08 UTC 2019
260 ms. Memory: 51200K Free: 16806K (33%)
ptolemy.util.test.WatchDog.cancel(): canceling Thu Jul 18 04:51:09 UTC 2019
auto.tcl: Setting watchdog for 200 seconds at Thu Jul 18 04:51:09 UTC 2019
257 ms. Memory: 51200K Free: 21345K (42%)
ptolemy.util.test.WatchDog.cancel(): canceling Thu Jul 18 04:51:09 UTC 2019
------------------ testing $PTII/ptolemy/domains/de/test/auto/PeriodicSampler.xml
auto.tcl: Setting watchdog for 200 seconds at Thu Jul 18 04:51:09 UTC 2019
2 ms. Memory: 48128K Free: 30031K (62%)
ptolemy.util.test.WatchDog.cancel(): canceling Thu Jul 18 04:51:09 UTC 2019
auto.tcl: Setting watchdog for 200 seconds at Thu Jul 18 04:51:09 UTC 2019
2 ms. Memory: 48128K Free: 29090K (60%)
ptolemy.util.test.WatchDog.cancel(): canceling Thu Jul 18 04:51:09 UTC 2019
------------------ testing $PTII/ptolemy/domains/de/test/auto/PersistentIO.xml
auto.tcl: Setting watchdog for 200 seconds at Thu Jul 18 04:51:09 UTC 2019
5 ms. Memory: 48128K Free: 24459K (51%)
ptolemy.util.test.WatchDog.cancel(): canceling Thu Jul 18 04:51:09 UTC 2019
auto.tcl: Setting watchdog for 200 seconds at Thu Jul 18 04:51:09 UTC 2019
4 ms. Memory: 48128K Free: 23518K (49%)
ptolemy.util.test.WatchDog.cancel(): canceling Thu Jul 18 04:51:09 UTC 2019
------------------ testing $PTII/ptolemy/domains/de/test/auto/PortParameterResetOnInitialize.xml
auto.tcl: Setting watchdog for 200 seconds at Thu Jul 18 04:51:09 UTC 2019
1 ms. Memory: 48128K Free: 29946K (62%)
ptolemy.util.test.WatchDog.cancel(): canceling Thu Jul 18 04:51:09 UTC 2019
auto.tcl: Setting watchdog for 200 seconds at Thu Jul 18 04:51:09 UTC 2019
2 ms. Memory: 48128K Free: 29452K (61%)
ptolemy.util.test.WatchDog.cancel(): canceling Thu Jul 18 04:51:09 UTC 2019
------------------ testing $PTII/ptolemy/domains/de/test/auto/PortParameterUpdates.xml
auto.tcl: Setting watchdog for 200 seconds at Thu Jul 18 04:51:09 UTC 2019
5 ms. Memory: 48128K Free: 28037K (58%)
ptolemy.util.test.WatchDog.cancel(): canceling Thu Jul 18 04:51:09 UTC 2019
auto.tcl: Setting watchdog for 200 seconds at Thu Jul 18 04:51:09 UTC 2019
5 ms. Memory: 48128K Free: 27024K (56%)
ptolemy.util.test.WatchDog.cancel(): canceling Thu Jul 18 04:51:09 UTC 2019
------------------ testing $PTII/ptolemy/domains/de/test/auto/QueueAndServer.xml
auto.tcl: Setting watchdog for 200 seconds at Thu Jul 18 04:51:09 UTC 2019
7 ms. Memory: 48128K Free: 26976K (56%)
ptolemy.util.test.WatchDog.cancel(): canceling Thu Jul 18 04:51:09 UTC 2019
auto.tcl: Setting watchdog for 200 seconds at Thu Jul 18 04:51:09 UTC 2019
6 ms. Memory: 48128K Free: 25518K (53%)
ptolemy.util.test.WatchDog.cancel(): canceling Thu Jul 18 04:51:09 UTC 2019
------------------ testing $PTII/ptolemy/domains/de/test/auto/Records.xml
auto.tcl: Setting watchdog for 200 seconds at Thu Jul 18 04:51:09 UTC 2019
7 ms. Memory: 48128K Free: 29480K (61%)
ptolemy.util.test.WatchDog.cancel(): canceling Thu Jul 18 04:51:09 UTC 2019
auto.tcl: Setting watchdog for 200 seconds at Thu Jul 18 04:51:09 UTC 2019
3 ms. Memory: 48128K Free: 29002K (60%)
ptolemy.util.test.WatchDog.cancel(): canceling Thu Jul 18 04:51:09 UTC 2019
------------------ testing $PTII/ptolemy/domains/de/test/auto/ResetTransitionWithStartTime1.xml
auto.tcl: Setting watchdog for 200 seconds at Thu Jul 18 04:51:09 UTC 2019
12 ms. Memory: 48128K Free: 26559K (55%)
ptolemy.util.test.WatchDog.cancel(): canceling Thu Jul 18 04:51:10 UTC 2019
auto.tcl: Setting watchdog for 200 seconds at Thu Jul 18 04:51:10 UTC 2019
7 ms. Memory: 48128K Free: 23925K (50%)
ptolemy.util.test.WatchDog.cancel(): canceling Thu Jul 18 04:51:10 UTC 2019
------------------ testing $PTII/ptolemy/domains/de/test/auto/ResetTransitionWithStartTime2.xml
auto.tcl: Setting watchdog for 200 seconds at Thu Jul 18 04:51:10 UTC 2019
5 ms. Memory: 48128K Free: 26393K (55%)
ptolemy.util.test.WatchDog.cancel(): canceling Thu Jul 18 04:51:10 UTC 2019
auto.tcl: Setting watchdog for 200 seconds at Thu Jul 18 04:51:10 UTC 2019
7 ms. Memory: 48128K Free: 23851K (50%)
ptolemy.util.test.WatchDog.cancel(): canceling Thu Jul 18 04:51:10 UTC 2019
------------------ testing $PTII/ptolemy/domains/de/test/auto/ResetTransitionWithStartTime3.xml
auto.tcl: Setting watchdog for 200 seconds at Thu Jul 18 04:51:10 UTC 2019
10 ms. Memory: 48128K Free: 26392K (55%)
ptolemy.util.test.WatchDog.cancel(): canceling Thu Jul 18 04:51:10 UTC 2019
auto.tcl: Setting watchdog for 200 seconds at Thu Jul 18 04:51:10 UTC 2019
9 ms. Memory: 48128K Free: 23880K (50%)
ptolemy.util.test.WatchDog.cancel(): canceling Thu Jul 18 04:51:10 UTC 2019
------------------ testing $PTII/ptolemy/domains/de/test/auto/ResetTransitionWithStartTime4.xml
auto.tcl: Setting watchdog for 200 seconds at Thu Jul 18 04:51:10 UTC 2019
7 ms. Memory: 48128K Free: 26391K (55%)
ptolemy.util.test.WatchDog.cancel(): canceling Thu Jul 18 04:51:10 UTC 2019
auto.tcl: Setting watchdog for 200 seconds at Thu Jul 18 04:51:10 UTC 2019
3 ms. Memory: 48128K Free: 25426K (53%)
ptolemy.util.test.WatchDog.cancel(): canceling Thu Jul 18 04:51:10 UTC 2019
------------------ testing $PTII/ptolemy/domains/de/test/auto/ResettableTimer1.xml
auto.tcl: Setting watchdog for 200 seconds at Thu Jul 18 04:51:10 UTC 2019
2 ms. Memory: 48128K Free: 30662K (64%)
ptolemy.util.test.WatchDog.cancel(): canceling Thu Jul 18 04:51:10 UTC 2019
auto.tcl: Setting watchdog for 200 seconds at Thu Jul 18 04:51:10 UTC 2019
2 ms. Memory: 48128K Free: 30005K (62%)
ptolemy.util.test.WatchDog.cancel(): canceling Thu Jul 18 04:51:10 UTC 2019
------------------ testing $PTII/ptolemy/domains/de/test/auto/ResettableTimer2.xml
auto.tcl: Setting watchdog for 200 seconds at Thu Jul 18 04:51:10 UTC 2019
3 ms. Memory: 48128K Free: 30897K (64%)
ptolemy.util.test.WatchDog.cancel(): canceling Thu Jul 18 04:51:10 UTC 2019
auto.tcl: Setting watchdog for 200 seconds at Thu Jul 18 04:51:10 UTC 2019
2 ms. Memory: 48128K Free: 30031K (62%)
ptolemy.util.test.WatchDog.cancel(): canceling Thu Jul 18 04:51:10 UTC 2019
------------------ testing $PTII/ptolemy/domains/de/test/auto/ResettableTimer3.xml
auto.tcl: Setting watchdog for 200 seconds at Thu Jul 18 04:51:10 UTC 2019
1 ms. Memory: 48128K Free: 31004K (64%)
ptolemy.util.test.WatchDog.cancel(): canceling Thu Jul 18 04:51:10 UTC 2019
auto.tcl: Setting watchdog for 200 seconds at Thu Jul 18 04:51:10 UTC 2019
2 ms. Memory: 48128K Free: 30524K (63%)
ptolemy.util.test.WatchDog.cancel(): canceling Thu Jul 18 04:51:10 UTC 2019
------------------ testing $PTII/ptolemy/domains/de/test/auto/ResettableTimer4.xml
auto.tcl: Setting watchdog for 200 seconds at Thu Jul 18 04:51:10 UTC 2019
2 ms. Memory: 48128K Free: 30572K (64%)
ptolemy.util.test.WatchDog.cancel(): canceling Thu Jul 18 04:51:10 UTC 2019
auto.tcl: Setting watchdog for 200 seconds at Thu Jul 18 04:51:10 UTC 2019
2 ms. Memory: 48128K Free: 30538K (63%)
ptolemy.util.test.WatchDog.cancel(): canceling Thu Jul 18 04:51:10 UTC 2019
------------------ testing $PTII/ptolemy/domains/de/test/auto/ResettableTimer5.xml
auto.tcl: Setting watchdog for 200 seconds at Thu Jul 18 04:51:10 UTC 2019
1 ms. Memory: 48128K Free: 30022K (62%)
ptolemy.util.test.WatchDog.cancel(): canceling Thu Jul 18 04:51:10 UTC 2019
auto.tcl: Setting watchdog for 200 seconds at Thu Jul 18 04:51:10 UTC 2019
1 ms. Memory: 48128K Free: 29560K (61%)
ptolemy.util.test.WatchDog.cancel(): canceling Thu Jul 18 04:51:10 UTC 2019
------------------ testing $PTII/ptolemy/domains/de/test/auto/ResettableTimer6.xml
auto.tcl: Setting watchdog for 200 seconds at Thu Jul 18 04:51:10 UTC 2019
2 ms. Memory: 48128K Free: 29999K (62%)
ptolemy.util.test.WatchDog.cancel(): canceling Thu Jul 18 04:51:10 UTC 2019
auto.tcl: Setting watchdog for 200 seconds at Thu Jul 18 04:51:10 UTC 2019
2 ms. Memory: 48128K Free: 29503K (61%)
ptolemy.util.test.WatchDog.cancel(): canceling Thu Jul 18 04:51:10 UTC 2019
------------------ testing $PTII/ptolemy/domains/de/test/auto/ServerZeroDelay.xml
auto.tcl: Setting watchdog for 200 seconds at Thu Jul 18 04:51:10 UTC 2019
2 ms. Memory: 48128K Free: 30518K (63%)
ptolemy.util.test.WatchDog.cancel(): canceling Thu Jul 18 04:51:10 UTC 2019
auto.tcl: Setting watchdog for 200 seconds at Thu Jul 18 04:51:10 UTC 2019
3 ms. Memory: 48128K Free: 29591K (61%)
ptolemy.util.test.WatchDog.cancel(): canceling Thu Jul 18 04:51:10 UTC 2019
------------------ testing $PTII/ptolemy/domains/de/test/auto/SmartSender.xml
auto.tcl: Setting watchdog for 200 seconds at Thu Jul 18 04:51:10 UTC 2019
3002 ms. Memory: 48128K Free: 30530K (63%)
ptolemy.util.test.WatchDog.cancel(): canceling Thu Jul 18 04:51:13 UTC 2019
auto.tcl: Setting watchdog for 200 seconds at Thu Jul 18 04:51:13 UTC 2019
3002 ms. Memory: 48128K Free: 30026K (62%)
ptolemy.util.test.WatchDog.cancel(): canceling Thu Jul 18 04:51:16 UTC 2019
------------------ testing $PTII/ptolemy/domains/de/test/auto/ThreadedComposite.xml
auto.tcl: Setting watchdog for 200 seconds at Thu Jul 18 04:51:16 UTC 2019
232 ms. Memory: 48128K Free: 11581K (24%)
ptolemy.util.test.WatchDog.cancel(): canceling Thu Jul 18 04:51:17 UTC 2019
auto.tcl: Setting watchdog for 200 seconds at Thu Jul 18 04:51:17 UTC 2019
231 ms. Memory: 48128K Free: 21392K (44%)
ptolemy.util.test.WatchDog.cancel(): canceling Thu Jul 18 04:51:17 UTC 2019
------------------ testing $PTII/ptolemy/domains/de/test/auto/Time.xml
auto.tcl: Setting watchdog for 200 seconds at Thu Jul 18 04:51:17 UTC 2019
583 ms. Memory: 48128K Free: 28656K (60%)
ptolemy.util.test.WatchDog.cancel(): canceling Thu Jul 18 04:51:18 UTC 2019
auto.tcl: Setting watchdog for 200 seconds at Thu Jul 18 04:51:18 UTC 2019
573 ms. Memory: 48128K Free: 26627K (55%)
ptolemy.util.test.WatchDog.cancel(): canceling Thu Jul 18 04:51:18 UTC 2019
------------------ testing $PTII/ptolemy/domains/de/test/auto/TimeDelayZeroDelay.xml
auto.tcl: Setting watchdog for 200 seconds at Thu Jul 18 04:51:18 UTC 2019
4 ms. Memory: 48128K Free: 30441K (63%)
ptolemy.util.test.WatchDog.cancel(): canceling Thu Jul 18 04:51:18 UTC 2019
auto.tcl: Setting watchdog for 200 seconds at Thu Jul 18 04:51:18 UTC 2019
2 ms. Memory: 48128K Free: 29608K (62%)
ptolemy.util.test.WatchDog.cancel(): canceling Thu Jul 18 04:51:18 UTC 2019
------------------ testing $PTII/ptolemy/domains/de/test/auto/TimerZeroDelay.xml
auto.tcl: Setting watchdog for 200 seconds at Thu Jul 18 04:51:18 UTC 2019
4 ms. Memory: 48128K Free: 30964K (64%)
ptolemy.util.test.WatchDog.cancel(): canceling Thu Jul 18 04:51:18 UTC 2019
auto.tcl: Setting watchdog for 200 seconds at Thu Jul 18 04:51:18 UTC 2019
2 ms. Memory: 48128K Free: 30484K (63%)
ptolemy.util.test.WatchDog.cancel(): canceling Thu Jul 18 04:51:18 UTC 2019
------------------ testing $PTII/ptolemy/domains/de/test/auto/TimingParadox.xml
auto.tcl: Setting watchdog for 200 seconds at Thu Jul 18 04:51:18 UTC 2019
394 ms. Memory: 48128K Free: 13060K (27%)
ptolemy.util.test.WatchDog.cancel(): canceling Thu Jul 18 04:51:19 UTC 2019
auto.tcl: Setting watchdog for 200 seconds at Thu Jul 18 04:51:19 UTC 2019
380 ms. Memory: 59392K Free: 36519K (61%)
ptolemy.util.test.WatchDog.cancel(): canceling Thu Jul 18 04:51:19 UTC 2019
------------------ testing $PTII/ptolemy/domains/de/test/auto/TransferInputs.xml
auto.tcl: Setting watchdog for 200 seconds at Thu Jul 18 04:51:19 UTC 2019
1 ms. Memory: 51200K Free: 32037K (63%)
ptolemy.util.test.WatchDog.cancel(): canceling Thu Jul 18 04:51:19 UTC 2019
auto.tcl: Setting watchdog for 200 seconds at Thu Jul 18 04:51:19 UTC 2019
1 ms. Memory: 51200K Free: 31131K (61%)
ptolemy.util.test.WatchDog.cancel(): canceling Thu Jul 18 04:51:19 UTC 2019
------------------ testing $PTII/ptolemy/domains/de/test/auto/TransferOutputs2.xml
auto.tcl: Setting watchdog for 200 seconds at Thu Jul 18 04:51:19 UTC 2019
12 ms. Memory: 48128K Free: 26394K (55%)
ptolemy.util.test.WatchDog.cancel(): canceling Thu Jul 18 04:51:19 UTC 2019
auto.tcl: Setting watchdog for 200 seconds at Thu Jul 18 04:51:19 UTC 2019
3 ms. Memory: 48128K Free: 24984K (52%)
ptolemy.util.test.WatchDog.cancel(): canceling Thu Jul 18 04:51:19 UTC 2019
------------------ testing $PTII/ptolemy/domains/de/test/auto/Trilateration.xml
auto.tcl: Setting watchdog for 200 seconds at Thu Jul 18 04:51:19 UTC 2019
15384 ms. Memory: 496640K Free: 194355K (39%)
ptolemy.util.test.WatchDog.cancel(): canceling Thu Jul 18 04:51:36 UTC 2019
auto.tcl: Setting watchdog for 200 seconds at Thu Jul 18 04:51:36 UTC 2019
11399 ms. Memory: 496640K Free: 202878K (41%)
ptolemy.util.test.WatchDog.cancel(): canceling Thu Jul 18 04:51:47 UTC 2019
------------------ testing $PTII/ptolemy/domains/de/test/auto/TwoSigmaDelta.xml
auto.tcl: Setting watchdog for 200 seconds at Thu Jul 18 04:51:47 UTC 2019
2865 ms. Memory: 89088K Free: 18416K (21%)
ptolemy.util.test.WatchDog.cancel(): canceling Thu Jul 18 04:51:50 UTC 2019
auto.tcl: Setting watchdog for 200 seconds at Thu Jul 18 04:51:50 UTC 2019
2102 ms. Memory: 89088K Free: 62936K (71%)
ptolemy.util.test.WatchDog.cancel(): canceling Thu Jul 18 04:51:53 UTC 2019
------------------ testing $PTII/ptolemy/domains/de/test/auto/VariableDelay.xml
auto.tcl: Setting watchdog for 200 seconds at Thu Jul 18 04:51:53 UTC 2019
3 ms. Memory: 48128K Free: 29456K (61%)
ptolemy.util.test.WatchDog.cancel(): canceling Thu Jul 18 04:51:53 UTC 2019
auto.tcl: Setting watchdog for 200 seconds at Thu Jul 18 04:51:53 UTC 2019
2 ms. Memory: 48128K Free: 28946K (60%)
ptolemy.util.test.WatchDog.cancel(): canceling Thu Jul 18 04:51:53 UTC 2019
------------------ testing $PTII/ptolemy/domains/de/test/auto/VariableDelay2.xml
auto.tcl: Setting watchdog for 200 seconds at Thu Jul 18 04:51:53 UTC 2019
3 ms. Memory: 48128K Free: 29841K (62%)
ptolemy.util.test.WatchDog.cancel(): canceling Thu Jul 18 04:51:53 UTC 2019
auto.tcl: Setting watchdog for 200 seconds at Thu Jul 18 04:51:53 UTC 2019
2 ms. Memory: 48128K Free: 29345K (61%)
ptolemy.util.test.WatchDog.cancel(): canceling Thu Jul 18 04:51:53 UTC 2019
------------------ testing $PTII/ptolemy/domains/de/test/auto/VariableDelayZeroDelay.xml
auto.tcl: Setting watchdog for 200 seconds at Thu Jul 18 04:51:53 UTC 2019
2 ms. Memory: 48128K Free: 30368K (63%)
ptolemy.util.test.WatchDog.cancel(): canceling Thu Jul 18 04:51:53 UTC 2019
auto.tcl: Setting watchdog for 200 seconds at Thu Jul 18 04:51:53 UTC 2019
2 ms. Memory: 48128K Free: 29884K (62%)
ptolemy.util.test.WatchDog.cancel(): canceling Thu Jul 18 04:51:53 UTC 2019
------------------ testing $PTII/ptolemy/domains/de/test/auto/VariableDelayZeroDelay2.xml
auto.tcl: Setting watchdog for 200 seconds at Thu Jul 18 04:51:53 UTC 2019
3 ms. Memory: 48128K Free: 30367K (63%)
ptolemy.util.test.WatchDog.cancel(): canceling Thu Jul 18 04:51:53 UTC 2019
auto.tcl: Setting watchdog for 200 seconds at Thu Jul 18 04:51:53 UTC 2019
2 ms. Memory: 48128K Free: 29400K (61%)
ptolemy.util.test.WatchDog.cancel(): canceling Thu Jul 18 04:51:53 UTC 2019
------------------ testing $PTII/ptolemy/domains/de/test/auto/deInCt.xml
auto.tcl: Setting watchdog for 200 seconds at Thu Jul 18 04:51:53 UTC 2019
0
1
1
1
0
0
0
1
1
1
0
0
0
1
1
1
1
1
1
0
0
0
0
1
1
1
0
0
0
0
1
1
1
1
14 ms. Memory: 48128K Free: 29340K (61%)
ptolemy.util.test.WatchDog.cancel(): canceling Thu Jul 18 04:51:53 UTC 2019
auto.tcl: Setting watchdog for 200 seconds at Thu Jul 18 04:51:53 UTC 2019
0
1
1
1
0
0
0
0
1
1
1
0
0
0
1
1
1
0
0
0
1
1
1
0
0
0
1
1
1
1
1
0
0
0
0
1
1
1
0
0
0
0
1
1
1
0
0
1
1
1
0
0
0
1
1
0
0
0
0
15 ms. Memory: 48128K Free: 27802K (58%)
ptolemy.util.test.WatchDog.cancel(): canceling Thu Jul 18 04:51:53 UTC 2019
------------------ testing $PTII/ptolemy/domains/de/test/auto/deInCt2.xml
auto.tcl: Setting watchdog for 200 seconds at Thu Jul 18 04:51:53 UTC 2019
0
1
1
1
0
0
1
1
1
0
0
1
1
1
0
0
1
1
1
0
0
1
1
1
0
0
1
1
1
0
0
1
1
1
0
0
1
1
1
0
0
0
14 ms. Memory: 48128K Free: 29343K (61%)
ptolemy.util.test.WatchDog.cancel(): canceling Thu Jul 18 04:51:53 UTC 2019
auto.tcl: Setting watchdog for 200 seconds at Thu Jul 18 04:51:53 UTC 2019
0
1
1
1
0
0
1
1
1
0
0
1
1
1
0
0
1
1
1
0
0
1
1
1
0
0
1
1
1
0
0
1
1
1
0
0
1
1
1
0
0
0
7 ms. Memory: 48128K Free: 27813K (58%)
ptolemy.util.test.WatchDog.cancel(): canceling Thu Jul 18 04:51:53 UTC 2019
------------------ testing $PTII/ptolemy/domains/de/test/auto/dynamicCausalityInterface1.xml
auto.tcl: Setting watchdog for 200 seconds at Thu Jul 18 04:51:53 UTC 2019
2 ms. Memory: 48128K Free: 24713K (51%)
ptolemy.util.test.WatchDog.cancel(): canceling Thu Jul 18 04:51:53 UTC 2019
auto.tcl: Setting watchdog for 200 seconds at Thu Jul 18 04:51:53 UTC 2019
1 ms. Memory: 48128K Free: 24217K (50%)
ptolemy.util.test.WatchDog.cancel(): canceling Thu Jul 18 04:51:53 UTC 2019
------------------ testing $PTII/ptolemy/domains/de/test/auto/fsm_de_test.xml
auto.tcl: Setting watchdog for 200 seconds at Thu Jul 18 04:51:53 UTC 2019
10 ms. Memory: 48128K Free: 25139K (52%)
ptolemy.util.test.WatchDog.cancel(): canceling Thu Jul 18 04:51:53 UTC 2019
auto.tcl: Setting watchdog for 200 seconds at Thu Jul 18 04:51:53 UTC 2019
7 ms. Memory: 48128K Free: 23136K (48%)
ptolemy.util.test.WatchDog.cancel(): canceling Thu Jul 18 04:51:53 UTC 2019
------------------ testing $PTII/ptolemy/domains/de/test/auto/functionDependencyReconstruction.xml
auto.tcl: Setting watchdog for 200 seconds at Thu Jul 18 04:51:53 UTC 2019
3 ms. Memory: 48128K Free: 18985K (39%)
ptolemy.util.test.WatchDog.cancel(): canceling Thu Jul 18 04:51:53 UTC 2019
auto.tcl: Setting watchdog for 200 seconds at Thu Jul 18 04:51:53 UTC 2019
3 ms. Memory: 48128K Free: 16996K (35%)
ptolemy.util.test.WatchDog.cancel(): canceling Thu Jul 18 04:51:53 UTC 2019
------------------ testing $PTII/ptolemy/domains/de/test/auto/multirate.xml
auto.tcl: Setting watchdog for 200 seconds at Thu Jul 18 04:51:53 UTC 2019
4 ms. Memory: 48128K Free: 27062K (56%)
ptolemy.util.test.WatchDog.cancel(): canceling Thu Jul 18 04:51:53 UTC 2019
auto.tcl: Setting watchdog for 200 seconds at Thu Jul 18 04:51:53 UTC 2019
4 ms. Memory: 48128K Free: 26104K (54%)
ptolemy.util.test.WatchDog.cancel(): canceling Thu Jul 18 04:51:53 UTC 2019
------------------ testing $PTII/ptolemy/domains/de/test/auto/multirate2.xml
auto.tcl: Setting watchdog for 200 seconds at Thu Jul 18 04:51:53 UTC 2019
3 ms. Memory: 48128K Free: 27964K (58%)
ptolemy.util.test.WatchDog.cancel(): canceling Thu Jul 18 04:51:54 UTC 2019
auto.tcl: Setting watchdog for 200 seconds at Thu Jul 18 04:51:54 UTC 2019
3 ms. Memory: 48128K Free: 26254K (55%)
ptolemy.util.test.WatchDog.cancel(): canceling Thu Jul 18 04:51:54 UTC 2019
------------------ testing $PTII/ptolemy/domains/de/test/auto/realtime.xml
auto.tcl: Setting watchdog for 200 seconds at Thu Jul 18 04:51:54 UTC 2019
10002 ms. Memory: 48128K Free: 30002K (62%)
ptolemy.util.test.WatchDog.cancel(): canceling Thu Jul 18 04:52:04 UTC 2019
auto.tcl: Setting watchdog for 200 seconds at Thu Jul 18 04:52:04 UTC 2019
10002 ms. Memory: 48128K Free: 29286K (61%)
ptolemy.util.test.WatchDog.cancel(): canceling Thu Jul 18 04:52:14 UTC 2019
------------------ testing $PTII/ptolemy/domains/de/test/auto/relationGroup.xml
auto.tcl: Setting watchdog for 200 seconds at Thu Jul 18 04:52:14 UTC 2019
1 ms. Memory: 48128K Free: 31075K (65%)
ptolemy.util.test.WatchDog.cancel(): canceling Thu Jul 18 04:52:14 UTC 2019
auto.tcl: Setting watchdog for 200 seconds at Thu Jul 18 04:52:14 UTC 2019
2 ms. Memory: 48128K Free: 30368K (63%)
ptolemy.util.test.WatchDog.cancel(): canceling Thu Jul 18 04:52:14 UTC 2019
------------------ testing $PTII/ptolemy/domains/de/test/auto/relationGroup2.xml
auto.tcl: Setting watchdog for 200 seconds at Thu Jul 18 04:52:14 UTC 2019
1 ms. Memory: 48128K Free: 31138K (65%)
ptolemy.util.test.WatchDog.cancel(): canceling Thu Jul 18 04:52:14 UTC 2019
auto.tcl: Setting watchdog for 200 seconds at Thu Jul 18 04:52:14 UTC 2019
1 ms. Memory: 48128K Free: 30392K (63%)
ptolemy.util.test.WatchDog.cancel(): canceling Thu Jul 18 04:52:14 UTC 2019
------------------ testing $PTII/ptolemy/domains/de/test/auto/sortWithOpaquePorts.xml
auto.tcl: Setting watchdog for 200 seconds at Thu Jul 18 04:52:14 UTC 2019
1 ms. Memory: 48128K Free: 29876K (62%)
ptolemy.util.test.WatchDog.cancel(): canceling Thu Jul 18 04:52:14 UTC 2019
auto.tcl: Setting watchdog for 200 seconds at Thu Jul 18 04:52:14 UTC 2019
1 ms. Memory: 48128K Free: 28860K (60%)
ptolemy.util.test.WatchDog.cancel(): canceling Thu Jul 18 04:52:14 UTC 2019
------------------ testing $PTII/ptolemy/domains/de/test/auto/transferInputsandOutputs.xml
auto.tcl: Setting watchdog for 200 seconds at Thu Jul 18 04:52:14 UTC 2019
1 ms. Memory: 48128K Free: 27308K (57%)
ptolemy.util.test.WatchDog.cancel(): canceling Thu Jul 18 04:52:14 UTC 2019
auto.tcl: Setting watchdog for 200 seconds at Thu Jul 18 04:52:14 UTC 2019
3 ms. Memory: 48128K Free: 26322K (55%)
ptolemy.util.test.WatchDog.cancel(): canceling Thu Jul 18 04:52:14 UTC 2019
------------------ testing $PTII/ptolemy/domains/de/test/auto/triggerType.xml
auto.tcl: Setting watchdog for 200 seconds at Thu Jul 18 04:52:14 UTC 2019
2 ms. Memory: 48128K Free: 30334K (63%)
ptolemy.util.test.WatchDog.cancel(): canceling Thu Jul 18 04:52:14 UTC 2019
auto.tcl: Setting watchdog for 200 seconds at Thu Jul 18 04:52:14 UTC 2019
2 ms. Memory: 48128K Free: 29396K (61%)
ptolemy.util.test.WatchDog.cancel(): canceling Thu Jul 18 04:52:14 UTC 2019
07/18/19 04:52:14
Failed: 0  Total Tests: 192  ((Passed: 187, Newly Passed: 1)  Known Failed: 5) /home/travis/build/icyphy/ptII/ptolemy/domains/de/test
07/18/19 04:52:14
Failed: 0  Total Tests: 192  ((Passed: 187, Newly Passed: 1)  Known Failed: 5) /home/travis/build/icyphy/ptII/ptolemy/domains/de/test
----------------- testing (KnownFailure) /home/travis/build/icyphy/ptII/ptolemy/domains/de/test/auto/knownFailedTests/DESDFClockTest.xml
2011 ms. Memory: 48128K Free: 23728K (49%)
Known Failure: java.lang.reflect.InvocationTargetException
----------------- testing (KnownFailure) /home/travis/build/icyphy/ptII/ptolemy/domains/de/test/auto/knownFailedTests/DirectFeedback.xml
2 ms. Memory: 48128K Free: 20146K (42%)
Known Failure: java.lang.reflect.InvocationTargetException
----------------- testing (KnownFailure) /home/travis/build/icyphy/ptII/ptolemy/domains/de/test/auto/knownFailedTests/FSMSource.xml
9 ms. Memory: 48128K Free: 12978K (27%)
----------------- testing (KnownFailure) /home/travis/build/icyphy/ptII/ptolemy/domains/de/test/auto/knownFailedTests/HierarchicalModel.xml
3 ms. Memory: 48128K Free: 22928K (48%)
Known Failure: java.lang.reflect.InvocationTargetException
----------------- testing (KnownFailure) /home/travis/build/icyphy/ptII/ptolemy/domains/de/test/auto/knownFailedTests/dependencyLoop.xml
10 ms. Memory: 48128K Free: 33699K (70%)
Known Failure: java.lang.reflect.InvocationTargetException
----------------- testing (KnownFailure) /home/travis/build/icyphy/ptII/ptolemy/domains/de/test/auto/knownFailedTests/dependencyLoop2.xml
7 ms. Memory: 48128K Free: 18501K (38%)
Known Failure: java.lang.reflect.InvocationTargetException
No auto/linux-amd64/*.xml tests in /home/travis/build/icyphy/ptII/ptolemy/domains/de/test
AutoTests.java: About to close Vertx.
AutoTests.java: Vertx closed.

===========================================================================================
----------------- testing Thu Jul 18 04:52:16 UTC 2019 /home/travis/build/icyphy/ptII/ptolemy/domains/de/test/auto/ActorDepthCalculation_actorWithoutPorts.xml
----------------- Instantiating /home/travis/build/icyphy/ptII/ptolemy/domains/de/test/auto/ActorDepthCalculation_actorWithoutPorts.xml
2 ms. Memory: 48128K Free: 12121K (25%)
----------------- Invoking toplevel() on ptolemy.moml.MoMLSimpleApplication@57e33837
----------------- Done invoking toplevel() on ptolemy.moml.MoMLSimpleApplication@57e33837
reloadAllAccessors: .ActorDepthCalculation_actorWithoutPorts

===========================================================================================
----------------- testing Thu Jul 18 04:52:16 UTC 2019 /home/travis/build/icyphy/ptII/ptolemy/domains/de/test/auto/AssemblyLine.xml
----------------- Instantiating /home/travis/build/icyphy/ptII/ptolemy/domains/de/test/auto/AssemblyLine.xml
5 ms. Memory: 48128K Free: 30677K (64%)
----------------- Invoking toplevel() on ptolemy.moml.MoMLSimpleApplication@f335d6e
----------------- Done invoking toplevel() on ptolemy.moml.MoMLSimpleApplication@f335d6e
reloadAllAccessors: .AssemblyLine

===========================================================================================
----------------- testing Thu Jul 18 04:52:16 UTC 2019 /home/travis/build/icyphy/ptII/ptolemy/domains/de/test/auto/CQBug1.xml
----------------- Instantiating /home/travis/build/icyphy/ptII/ptolemy/domains/de/test/auto/CQBug1.xml
1 ms. Memory: 48128K Free: 27761K (58%)
----------------- Invoking toplevel() on ptolemy.moml.MoMLSimpleApplication@cc9b475
----------------- Done invoking toplevel() on ptolemy.moml.MoMLSimpleApplication@cc9b475
reloadAllAccessors: .CQBug1

===========================================================================================
----------------- testing Thu Jul 18 04:52:16 UTC 2019 /home/travis/build/icyphy/ptII/ptolemy/domains/de/test/auto/CancelFireAt.xml
----------------- Instantiating /home/travis/build/icyphy/ptII/ptolemy/domains/de/test/auto/CancelFireAt.xml
2 ms. Memory: 48128K Free: 25300K (53%)
----------------- Invoking toplevel() on ptolemy.moml.MoMLSimpleApplication@6dd55036
----------------- Done invoking toplevel() on ptolemy.moml.MoMLSimpleApplication@6dd55036
reloadAllAccessors: .CancelFireAt

===========================================================================================
----------------- testing Thu Jul 18 04:52:16 UTC 2019 /home/travis/build/icyphy/ptII/ptolemy/domains/de/test/auto/CausalityAndComposabilityAnalysis.xml
----------------- Instantiating /home/travis/build/icyphy/ptII/ptolemy/domains/de/test/auto/CausalityAndComposabilityAnalysis.xml
3 ms. Memory: 48128K Free: 21220K (44%)
----------------- Invoking toplevel() on ptolemy.moml.MoMLSimpleApplication@37ee15d8
----------------- Done invoking toplevel() on ptolemy.moml.MoMLSimpleApplication@37ee15d8
reloadAllAccessors: .CausalityAndComposabilityAnalysis

===========================================================================================
----------------- testing Thu Jul 18 04:52:16 UTC 2019 /home/travis/build/icyphy/ptII/ptolemy/domains/de/test/auto/CausalityInterface1.xml
----------------- Instantiating /home/travis/build/icyphy/ptII/ptolemy/domains/de/test/auto/CausalityInterface1.xml
11 ms. Memory: 48128K Free: 16309K (34%)
----------------- Invoking toplevel() on ptolemy.moml.MoMLSimpleApplication@6d5a6770
----------------- Done invoking toplevel() on ptolemy.moml.MoMLSimpleApplication@6d5a6770
reloadAllAccessors: .CausalityInterface1

===========================================================================================
----------------- testing Thu Jul 18 04:52:16 UTC 2019 /home/travis/build/icyphy/ptII/ptolemy/domains/de/test/auto/CausalityInterface15.xml
----------------- Instantiating /home/travis/build/icyphy/ptII/ptolemy/domains/de/test/auto/CausalityInterface15.xml
2 ms. Memory: 48128K Free: 10956K (23%)
----------------- Invoking toplevel() on ptolemy.moml.MoMLSimpleApplication@76fe61d1
----------------- Done invoking toplevel() on ptolemy.moml.MoMLSimpleApplication@76fe61d1
reloadAllAccessors: .CausalityInterface15

===========================================================================================
----------------- testing Thu Jul 18 04:52:16 UTC 2019 /home/travis/build/icyphy/ptII/ptolemy/domains/de/test/auto/CausalityInterface2.xml
----------------- Instantiating /home/travis/build/icyphy/ptII/ptolemy/domains/de/test/auto/CausalityInterface2.xml
2 ms. Memory: 48128K Free: 32093K (67%)
[...]
	at ptolemy.actor.Manager.run(Manager.java:1263)
	at ptolemy.actor.Manager$PtolemyRunThread.run(Manager.java:1933)
java.lang.RuntimeException: Execution failed
	at ptolemy.moml.MoMLSimpleApplication$UnloadThread.run(MoMLSimpleApplication.java:402)
Caused by: ptolemy.kernel.util.IllegalActionException: Actor is not ready to fire.  Perhaps UpSample.prefire() returned false? Try debugging the actor by selecting "Listen to Actor".  Also, for SDF check moml for tokenConsumptionRate on input.
  in .DESDFClockTest.Play Bell.Copy1:SDF Director and .DESDFClockTest.Play Bell.UpSample
	at ptolemy.actor.sched.StaticSchedulingDirector.fire(StaticSchedulingDirector.java:227)
	at ptolemy.domains.sdf.kernel.SDFDirector.fire(SDFDirector.java:500)
	at ptolemy.actor.CompositeActor.fire(CompositeActor.java:455)
	at ptolemy.domains.de.kernel.DEDirector._fire(DEDirector.java:1949)
	at ptolemy.domains.de.kernel.DEDirector.fire(DEDirector.java:502)
	at ptolemy.actor.CompositeActor.fire(CompositeActor.java:455)
	at ptolemy.actor.Manager.iterate(Manager.java:851)
	at ptolemy.actor.Manager.execute(Manager.java:369)
	at ptolemy.actor.Manager.run(Manager.java:1263)
	at ptolemy.actor.Manager$PtolemyRunThread.run(Manager.java:1933)
java.lang.reflect.InvocationTargetException
	at java.base/jdk.internal.reflect.NativeConstructorAccessorImpl.newInstance0(Native Method)
	at java.base/jdk.internal.reflect.NativeConstructorAccessorImpl.newInstance(NativeConstructorAccessorImpl.java:62)
	at java.base/jdk.internal.reflect.DelegatingConstructorAccessorImpl.newInstance(DelegatingConstructorAccessorImpl.java:45)
	at java.base/java.lang.reflect.Constructor.newInstance(Constructor.java:490)
	at ptolemy.util.test.junit.AutoKnownFailedTests.RunModel(AutoKnownFailedTests.java:105)
	at java.base/jdk.internal.reflect.NativeMethodAccessorImpl.invoke0(Native Method)
	at java.base/jdk.internal.reflect.NativeMethodAccessorImpl.invoke(NativeMethodAccessorImpl.java:62)
	at java.base/jdk.internal.reflect.DelegatingMethodAccessorImpl.invoke(DelegatingMethodAccessorImpl.java:43)
	at java.base/java.lang.reflect.Method.invoke(Method.java:566)
	at org.junit.runners.model.FrameworkMethod$1.runReflectiveCall(FrameworkMethod.java:44)
	at org.junit.internal.runners.model.ReflectiveCallable.run(ReflectiveCallable.java:15)
	at org.junit.runners.model.FrameworkMethod.invokeExplosively(FrameworkMethod.java:41)
	at junitparams.internal.InvokeParameterisedMethod.evaluate(InvokeParameterisedMethod.java:102)
	at org.junit.internal.runners.statements.FailOnTimeout$1.run(FailOnTimeout.java:28)
Caused by: ptolemy.kernel.util.IllegalActionException: Actor is not ready to fire.  Perhaps UpSample.prefire() returned false? Try debugging the actor by selecting "Listen to Actor".  Also, for SDF check moml for tokenConsumptionRate on input.
  in .DESDFClockTest.Play Bell.Copy1:SDF Director and .DESDFClockTest.Play Bell.UpSample
	at ptolemy.actor.sched.StaticSchedulingDirector.fire(StaticSchedulingDirector.java:227)
	at ptolemy.domains.sdf.kernel.SDFDirector.fire(SDFDirector.java:500)
	at ptolemy.actor.CompositeActor.fire(CompositeActor.java:455)
	at ptolemy.domains.de.kernel.DEDirector._fire(DEDirector.java:1949)
	at ptolemy.domains.de.kernel.DEDirector.fire(DEDirector.java:502)
	at ptolemy.actor.CompositeActor.fire(CompositeActor.java:455)
	at ptolemy.actor.Manager.iterate(Manager.java:851)
	at ptolemy.actor.Manager.execute(Manager.java:369)
	at ptolemy.actor.Manager.run(Manager.java:1263)
	at ptolemy.actor.Manager$PtolemyRunThread.run(Manager.java:1933)
java.lang.RuntimeException: Execution failed
	at ptolemy.moml.MoMLSimpleApplication$UnloadThread.run(MoMLSimpleApplication.java:402)
Caused by: ptolemy.kernel.util.IllegalActionException: Test fails in iteration 1.
Value was: 1.0. Should have been: 2.0
  in .DirectFeedback.Test
	at ptolemy.actor.lib.Test.fire(Test.java:268)
	at ptolemy.domains.de.kernel.DEDirector._fire(DEDirector.java:1949)
	at ptolemy.domains.de.kernel.DEDirector.fire(DEDirector.java:502)
	at ptolemy.actor.CompositeActor.fire(CompositeActor.java:455)
	at ptolemy.actor.Manager.iterate(Manager.java:851)
	at ptolemy.actor.Manager.execute(Manager.java:369)
	at ptolemy.actor.Manager.run(Manager.java:1263)
	at ptolemy.actor.Manager$PtolemyRunThread.run(Manager.java:1933)
java.lang.reflect.InvocationTargetException
	at java.base/jdk.internal.reflect.NativeConstructorAccessorImpl.newInstance0(Native Method)
	at java.base/jdk.internal.reflect.NativeConstructorAccessorImpl.newInstance(NativeConstructorAccessorImpl.java:62)
	at java.base/jdk.internal.reflect.DelegatingConstructorAccessorImpl.newInstance(DelegatingConstructorAccessorImpl.java:45)
	at java.base/java.lang.reflect.Constructor.newInstance(Constructor.java:490)
	at ptolemy.util.test.junit.AutoKnownFailedTests.RunModel(AutoKnownFailedTests.java:105)
	at java.base/jdk.internal.reflect.NativeMethodAccessorImpl.invoke0(Native Method)
	at java.base/jdk.internal.reflect.NativeMethodAccessorImpl.invoke(NativeMethodAccessorImpl.java:62)
	at java.base/jdk.internal.reflect.DelegatingMethodAccessorImpl.invoke(DelegatingMethodAccessorImpl.java:43)
	at java.base/java.lang.reflect.Method.invoke(Method.java:566)
	at org.junit.runners.model.FrameworkMethod$1.runReflectiveCall(FrameworkMethod.java:44)
	at org.junit.internal.runners.model.ReflectiveCallable.run(ReflectiveCallable.java:15)
	at org.junit.runners.model.FrameworkMethod.invokeExplosively(FrameworkMethod.java:41)
	at junitparams.internal.InvokeParameterisedMethod.evaluate(InvokeParameterisedMethod.java:102)
	at org.junit.internal.runners.statements.FailOnTimeout$1.run(FailOnTimeout.java:28)
Caused by: ptolemy.kernel.util.IllegalActionException: Test fails in iteration 1.
Value was: 1.0. Should have been: 2.0
  in .DirectFeedback.Test
	at ptolemy.actor.lib.Test.fire(Test.java:268)
	at ptolemy.domains.de.kernel.DEDirector._fire(DEDirector.java:1949)
	at ptolemy.domains.de.kernel.DEDirector.fire(DEDirector.java:502)
	at ptolemy.actor.CompositeActor.fire(CompositeActor.java:455)
	at ptolemy.actor.Manager.iterate(Manager.java:851)
	at ptolemy.actor.Manager.execute(Manager.java:369)
	at ptolemy.actor.Manager.run(Manager.java:1263)
	at ptolemy.actor.Manager$PtolemyRunThread.run(Manager.java:1933)
java.lang.RuntimeException: Execution failed
	at ptolemy.moml.MoMLSimpleApplication$UnloadThread.run(MoMLSimpleApplication.java:402)
Caused by: ptolemy.kernel.util.IllegalActionException: Found a zero delay loop containing .HierarchicalModel.A
  in .HierarchicalModel and .HierarchicalModel.A
	at ptolemy.actor.util.CausalityInterfaceForComposites._computeOutputPortDepth(CausalityInterfaceForComposites.java:759)
	at ptolemy.actor.util.CausalityInterfaceForComposites._computeInputDepth(CausalityInterfaceForComposites.java:696)
	at ptolemy.actor.util.CausalityInterfaceForComposites._computeOutputPortDepth(CausalityInterfaceForComposites.java:765)
	at ptolemy.actor.util.CausalityInterfaceForComposites._computeInputDepth(CausalityInterfaceForComposites.java:696)
	at ptolemy.actor.util.CausalityInterfaceForComposites._computeOutputPortDepth(CausalityInterfaceForComposites.java:765)
	at ptolemy.actor.util.CausalityInterfaceForComposites._computeInputDepth(CausalityInterfaceForComposites.java:696)
	at ptolemy.actor.util.CausalityInterfaceForComposites._computeActorDepth(CausalityInterfaceForComposites.java:532)
	at ptolemy.actor.util.CausalityInterfaceForComposites.checkForCycles(CausalityInterfaceForComposites.java:96)
	at ptolemy.domains.de.kernel.DEDirector.preinitialize(DEDirector.java:1338)
	at ptolemy.actor.CompositeActor.preinitialize(CompositeActor.java:1828)
	at ptolemy.actor.Manager.preinitializeAndResolveTypes(Manager.java:1040)
	at ptolemy.actor.Manager.initialize(Manager.java:710)
	at ptolemy.actor.Manager.execute(Manager.java:356)
	at ptolemy.actor.Manager.run(Manager.java:1263)
	at ptolemy.actor.Manager$PtolemyRunThread.run(Manager.java:1933)
java.lang.reflect.InvocationTargetException
	at java.base/jdk.internal.reflect.NativeConstructorAccessorImpl.newInstance0(Native Method)
	at java.base/jdk.internal.reflect.NativeConstructorAccessorImpl.newInstance(NativeConstructorAccessorImpl.java:62)
	at java.base/jdk.internal.reflect.DelegatingConstructorAccessorImpl.newInstance(DelegatingConstructorAccessorImpl.java:45)
	at java.base/java.lang.reflect.Constructor.newInstance(Constructor.java:490)
	at ptolemy.util.test.junit.AutoKnownFailedTests.RunModel(AutoKnownFailedTests.java:105)
	at java.base/jdk.internal.reflect.NativeMethodAccessorImpl.invoke0(Native Method)
	at java.base/jdk.internal.reflect.NativeMethodAccessorImpl.invoke(NativeMethodAccessorImpl.java:62)
	at java.base/jdk.internal.reflect.DelegatingMethodAccessorImpl.invoke(DelegatingMethodAccessorImpl.java:43)
	at java.base/java.lang.reflect.Method.invoke(Method.java:566)
	at org.junit.runners.model.FrameworkMethod$1.runReflectiveCall(FrameworkMethod.java:44)
	at org.junit.internal.runners.model.ReflectiveCallable.run(ReflectiveCallable.java:15)
	at org.junit.runners.model.FrameworkMethod.invokeExplosively(FrameworkMethod.java:41)
	at junitparams.internal.InvokeParameterisedMethod.evaluate(InvokeParameterisedMethod.java:102)
	at org.junit.internal.runners.statements.FailOnTimeout$1.run(FailOnTimeout.java:28)
Caused by: ptolemy.kernel.util.IllegalActionException: Found a zero delay loop containing .HierarchicalModel.A
  in .HierarchicalModel and .HierarchicalModel.A
	at ptolemy.actor.util.CausalityInterfaceForComposites._computeOutputPortDepth(CausalityInterfaceForComposites.java:759)
	at ptolemy.actor.util.CausalityInterfaceForComposites._computeInputDepth(CausalityInterfaceForComposites.java:696)
	at ptolemy.actor.util.CausalityInterfaceForComposites._computeOutputPortDepth(CausalityInterfaceForComposites.java:765)
	at ptolemy.actor.util.CausalityInterfaceForComposites._computeInputDepth(CausalityInterfaceForComposites.java:696)
	at ptolemy.actor.util.CausalityInterfaceForComposites._computeOutputPortDepth(CausalityInterfaceForComposites.java:765)
	at ptolemy.actor.util.CausalityInterfaceForComposites._computeInputDepth(CausalityInterfaceForComposites.java:696)
	at ptolemy.actor.util.CausalityInterfaceForComposites._computeActorDepth(CausalityInterfaceForComposites.java:532)
	at ptolemy.actor.util.CausalityInterfaceForComposites.checkForCycles(CausalityInterfaceForComposites.java:96)
	at ptolemy.domains.de.kernel.DEDirector.preinitialize(DEDirector.java:1338)
	at ptolemy.actor.CompositeActor.preinitialize(CompositeActor.java:1828)
	at ptolemy.actor.Manager.preinitializeAndResolveTypes(Manager.java:1040)
	at ptolemy.actor.Manager.initialize(Manager.java:710)
	at ptolemy.actor.Manager.execute(Manager.java:356)
	at ptolemy.actor.Manager.run(Manager.java:1263)
	at ptolemy.actor.Manager$PtolemyRunThread.run(Manager.java:1933)
java.lang.RuntimeException: Execution failed
	at ptolemy.moml.MoMLSimpleApplication$UnloadThread.run(MoMLSimpleApplication.java:402)
Caused by: ptolemy.kernel.util.IllegalActionException: Found a zero delay loop containing .dependencyLoop.original
  in .dependencyLoop and .dependencyLoop.original
	at ptolemy.actor.util.CausalityInterfaceForComposites._computeOutputPortDepth(CausalityInterfaceForComposites.java:759)
	at ptolemy.actor.util.CausalityInterfaceForComposites._computeInputDepth(CausalityInterfaceForComposites.java:696)
	at ptolemy.actor.util.CausalityInterfaceForComposites._computeOutputPortDepth(CausalityInterfaceForComposites.java:765)
	at ptolemy.actor.util.CausalityInterfaceForComposites._computeInputDepth(CausalityInterfaceForComposites.java:696)
	at ptolemy.actor.util.CausalityInterfaceForComposites._computeOutputPortDepth(CausalityInterfaceForComposites.java:765)
	at ptolemy.actor.util.CausalityInterfaceForComposites._computeInputDepth(CausalityInterfaceForComposites.java:696)
	at ptolemy.actor.util.CausalityInterfaceForComposites._computeActorDepth(CausalityInterfaceForComposites.java:532)
	at ptolemy.actor.util.CausalityInterfaceForComposites.checkForCycles(CausalityInterfaceForComposites.java:96)
	at ptolemy.domains.de.kernel.DEDirector.preinitialize(DEDirector.java:1338)
	at ptolemy.actor.CompositeActor.preinitialize(CompositeActor.java:1828)
	at ptolemy.actor.Manager.preinitializeAndResolveTypes(Manager.java:1040)
	at ptolemy.actor.Manager.initialize(Manager.java:710)
	at ptolemy.actor.Manager.execute(Manager.java:356)
	at ptolemy.actor.Manager.run(Manager.java:1263)
	at ptolemy.actor.Manager$PtolemyRunThread.run(Manager.java:1933)
java.lang.reflect.InvocationTargetException
	at java.base/jdk.internal.reflect.NativeConstructorAccessorImpl.newInstance0(Native Method)
	at java.base/jdk.internal.reflect.NativeConstructorAccessorImpl.newInstance(NativeConstructorAccessorImpl.java:62)
	at java.base/jdk.internal.reflect.DelegatingConstructorAccessorImpl.newInstance(DelegatingConstructorAccessorImpl.java:45)
	at java.base/java.lang.reflect.Constructor.newInstance(Constructor.java:490)
	at ptolemy.util.test.junit.AutoKnownFailedTests.RunModel(AutoKnownFailedTests.java:105)
	at java.base/jdk.internal.reflect.NativeMethodAccessorImpl.invoke0(Native Method)
	at java.base/jdk.internal.reflect.NativeMethodAccessorImpl.invoke(NativeMethodAccessorImpl.java:62)
	at java.base/jdk.internal.reflect.DelegatingMethodAccessorImpl.invoke(DelegatingMethodAccessorImpl.java:43)
	at java.base/java.lang.reflect.Method.invoke(Method.java:566)
	at org.junit.runners.model.FrameworkMethod$1.runReflectiveCall(FrameworkMethod.java:44)
	at org.junit.internal.runners.model.ReflectiveCallable.run(ReflectiveCallable.java:15)
	at org.junit.runners.model.FrameworkMethod.invokeExplosively(FrameworkMethod.java:41)
	at junitparams.internal.InvokeParameterisedMethod.evaluate(InvokeParameterisedMethod.java:102)
	at org.junit.internal.runners.statements.FailOnTimeout$1.run(FailOnTimeout.java:28)
Caused by: ptolemy.kernel.util.IllegalActionException: Found a zero delay loop containing .dependencyLoop.original
  in .dependencyLoop and .dependencyLoop.original
	at ptolemy.actor.util.CausalityInterfaceForComposites._computeOutputPortDepth(CausalityInterfaceForComposites.java:759)
	at ptolemy.actor.util.CausalityInterfaceForComposites._computeInputDepth(CausalityInterfaceForComposites.java:696)
	at ptolemy.actor.util.CausalityInterfaceForComposites._computeOutputPortDepth(CausalityInterfaceForComposites.java:765)
	at ptolemy.actor.util.CausalityInterfaceForComposites._computeInputDepth(CausalityInterfaceForComposites.java:696)
	at ptolemy.actor.util.CausalityInterfaceForComposites._computeOutputPortDepth(CausalityInterfaceForComposites.java:765)
	at ptolemy.actor.util.CausalityInterfaceForComposites._computeInputDepth(CausalityInterfaceForComposites.java:696)
	at ptolemy.actor.util.CausalityInterfaceForComposites._computeActorDepth(CausalityInterfaceForComposites.java:532)
	at ptolemy.actor.util.CausalityInterfaceForComposites.checkForCycles(CausalityInterfaceForComposites.java:96)
	at ptolemy.domains.de.kernel.DEDirector.preinitialize(DEDirector.java:1338)
	at ptolemy.actor.CompositeActor.preinitialize(CompositeActor.java:1828)
	at ptolemy.actor.Manager.preinitializeAndResolveTypes(Manager.java:1040)
	at ptolemy.actor.Manager.initialize(Manager.java:710)
	at ptolemy.actor.Manager.execute(Manager.java:356)
	at ptolemy.actor.Manager.run(Manager.java:1263)
	at ptolemy.actor.Manager$PtolemyRunThread.run(Manager.java:1933)
java.lang.RuntimeException: Execution failed
	at ptolemy.moml.MoMLSimpleApplication$UnloadThread.run(MoMLSimpleApplication.java:402)
Caused by: ptolemy.kernel.util.IllegalActionException: Found a zero delay loop containing .dependencyLoop2.original
  in .dependencyLoop2 and .dependencyLoop2.original
	at ptolemy.actor.util.CausalityInterfaceForComposites._computeOutputPortDepth(CausalityInterfaceForComposites.java:759)
	at ptolemy.actor.util.CausalityInterfaceForComposites._computeInputDepth(CausalityInterfaceForComposites.java:696)
	at ptolemy.actor.util.CausalityInterfaceForComposites._computeOutputPortDepth(CausalityInterfaceForComposites.java:765)
	at ptolemy.actor.util.CausalityInterfaceForComposites._computeInputDepth(CausalityInterfaceForComposites.java:696)
	at ptolemy.actor.util.CausalityInterfaceForComposites._computeOutputPortDepth(CausalityInterfaceForComposites.java:765)
	at ptolemy.actor.util.CausalityInterfaceForComposites._computeInputDepth(CausalityInterfaceForComposites.java:696)
	at ptolemy.actor.util.CausalityInterfaceForComposites._computeActorDepth(CausalityInterfaceForComposites.java:532)
	at ptolemy.actor.util.CausalityInterfaceForComposites.checkForCycles(CausalityInterfaceForComposites.java:96)
	at ptolemy.domains.de.kernel.DEDirector.preinitialize(DEDirector.java:1338)
	at ptolemy.actor.CompositeActor.preinitialize(CompositeActor.java:1828)
	at ptolemy.actor.Manager.preinitializeAndResolveTypes(Manager.java:1040)
	at ptolemy.actor.Manager.initialize(Manager.java:710)
	at ptolemy.actor.Manager.execute(Manager.java:356)
	at ptolemy.actor.Manager.run(Manager.java:1263)
	at ptolemy.actor.Manager$PtolemyRunThread.run(Manager.java:1933)
java.lang.reflect.InvocationTargetException
	at java.base/jdk.internal.reflect.NativeConstructorAccessorImpl.newInstance0(Native Method)
	at java.base/jdk.internal.reflect.NativeConstructorAccessorImpl.newInstance(NativeConstructorAccessorImpl.java:62)
	at java.base/jdk.internal.reflect.DelegatingConstructorAccessorImpl.newInstance(DelegatingConstructorAccessorImpl.java:45)
	at java.base/java.lang.reflect.Constructor.newInstance(Constructor.java:490)
	at ptolemy.util.test.junit.AutoKnownFailedTests.RunModel(AutoKnownFailedTests.java:105)
	at java.base/jdk.internal.reflect.NativeMethodAccessorImpl.invoke0(Native Method)
	at java.base/jdk.internal.reflect.NativeMethodAccessorImpl.invoke(NativeMethodAccessorImpl.java:62)
	at java.base/jdk.internal.reflect.DelegatingMethodAccessorImpl.invoke(DelegatingMethodAccessorImpl.java:43)
	at java.base/java.lang.reflect.Method.invoke(Method.java:566)
	at org.junit.runners.model.FrameworkMethod$1.runReflectiveCall(FrameworkMethod.java:44)
	at org.junit.internal.runners.model.ReflectiveCallable.run(ReflectiveCallable.java:15)
	at org.junit.runners.model.FrameworkMethod.invokeExplosively(FrameworkMethod.java:41)
	at junitparams.internal.InvokeParameterisedMethod.evaluate(InvokeParameterisedMethod.java:102)
	at org.junit.internal.runners.statements.FailOnTimeout$1.run(FailOnTimeout.java:28)
Caused by: ptolemy.kernel.util.IllegalActionException: Found a zero delay loop containing .dependencyLoop2.original
  in .dependencyLoop2 and .dependencyLoop2.original
	at ptolemy.actor.util.CausalityInterfaceForComposites._computeOutputPortDepth(CausalityInterfaceForComposites.java:759)
	at ptolemy.actor.util.CausalityInterfaceForComposites._computeInputDepth(CausalityInterfaceForComposites.java:696)
	at ptolemy.actor.util.CausalityInterfaceForComposites._computeOutputPortDepth(CausalityInterfaceForComposites.java:765)
	at ptolemy.actor.util.CausalityInterfaceForComposites._computeInputDepth(CausalityInterfaceForComposites.java:696)
	at ptolemy.actor.util.CausalityInterfaceForComposites._computeOutputPortDepth(CausalityInterfaceForComposites.java:765)
	at ptolemy.actor.util.CausalityInterfaceForComposites._computeInputDepth(CausalityInterfaceForComposites.java:696)
	at ptolemy.actor.util.CausalityInterfaceForComposites._computeActorDepth(CausalityInterfaceForComposites.java:532)
	at ptolemy.actor.util.CausalityInterfaceForComposites.checkForCycles(CausalityInterfaceForComposites.java:96)
	at ptolemy.domains.de.kernel.DEDirector.preinitialize(DEDirector.java:1338)
	at ptolemy.actor.CompositeActor.preinitialize(CompositeActor.java:1828)
	at ptolemy.actor.Manager.preinitializeAndResolveTypes(Manager.java:1040)
	at ptolemy.actor.Manager.initialize(Manager.java:710)
	at ptolemy.actor.Manager.execute(Manager.java:356)
	at ptolemy.actor.Manager.run(Manager.java:1263)
	at ptolemy.actor.Manager$PtolemyRunThread.run(Manager.java:1933)
]]></system-err>
</testsuite>
