<?xml version="1.0" encoding="UTF-8" ?>
<testsuite errors="1" failures="0" hostname="travis-job-b194947b-95d2-496e-b7e0-b1e472b599b0" name="ptolemy.domains.continuous.test.junit.JUnitTclTest" skipped="0" tests="156" time="79.852" timestamp="2019-03-01T19:15:45">
  <properties>
[...]
</properties>
  <testcase classname="ptolemy.util.test.junit.TclTests" name="[0] ThereAreNoTclTests (RunTclFile)" time="0.001" />
  <testcase classname="ptolemy.util.test.junit.AutoKnownFailedTests" name="[0] ThereAreNoKnowFailedTests (RunModel)" time="0.0" />
  <testcase classname="ptolemy.util.test.junit.AutoNameArchTests" name="[0] ThereAreNoAutoArchTests (RunModel)" time="0.007" />
  <testcase classname="ptolemy.util.test.junit.AutoTests" name="[0] /home/travis/build/icyphy/ptII/ptolemy/domains/continuous/test/auto/BouncingBall.xml (RunModel)" time="3.002" />
  <testcase classname="ptolemy.util.test.junit.AutoTests" name="[1] /home/travis/build/icyphy/ptII/ptolemy/domains/continuous/test/auto/BouncingBallWithoutGR.xml (RunModel)" time="0.798" />
  <testcase classname="ptolemy.util.test.junit.AutoTests" name="[2] /home/travis/build/icyphy/ptII/ptolemy/domains/continuous/test/auto/Brownian.xml (RunModel)" time="0.122" />
  <testcase classname="ptolemy.util.test.junit.AutoTests" name="[3] /home/travis/build/icyphy/ptII/ptolemy/domains/continuous/test/auto/CarTracking.xml (RunModel)" time="3.917" />
  <testcase classname="ptolemy.util.test.junit.AutoTests" name="[4] /home/travis/build/icyphy/ptII/ptolemy/domains/continuous/test/auto/CartPendulum.xml (RunModel)" time="0.586" />
  <testcase classname="ptolemy.util.test.junit.AutoTests" name="[5] /home/travis/build/icyphy/ptII/ptolemy/domains/continuous/test/auto/CausalityInterface10.xml (RunModel)" time="0.056" />
  <testcase classname="ptolemy.util.test.junit.AutoTests" name="[6] /home/travis/build/icyphy/ptII/ptolemy/domains/continuous/test/auto/CausalityInterface11.xml (RunModel)" time="0.035" />
  <testcase classname="ptolemy.util.test.junit.AutoTests" name="[7] /home/travis/build/icyphy/ptII/ptolemy/domains/continuous/test/auto/CausalityInterface12.xml (RunModel)" time="0.03" />
  <testcase classname="ptolemy.util.test.junit.AutoTests" name="[8] /home/travis/build/icyphy/ptII/ptolemy/domains/continuous/test/auto/CausalityInterface13.xml (RunModel)" time="0.039" />
  <testcase classname="ptolemy.util.test.junit.AutoTests" name="[9] /home/travis/build/icyphy/ptII/ptolemy/domains/continuous/test/auto/CausalityInterface14.xml (RunModel)" time="0.029" />
  <testcase classname="ptolemy.util.test.junit.AutoTests" name="[10] /home/travis/build/icyphy/ptII/ptolemy/domains/continuous/test/auto/CausalityInterface4.xml (RunModel)" time="0.047" />
  <testcase classname="ptolemy.util.test.junit.AutoTests" name="[11] /home/travis/build/icyphy/ptII/ptolemy/domains/continuous/test/auto/CausalityInterface5.xml (RunModel)" time="0.05" />
  <testcase classname="ptolemy.util.test.junit.AutoTests" name="[12] /home/travis/build/icyphy/ptII/ptolemy/domains/continuous/test/auto/CausalityInterface6.xml (RunModel)" time="0.023" />
  <testcase classname="ptolemy.util.test.junit.AutoTests" name="[13] /home/travis/build/icyphy/ptII/ptolemy/domains/continuous/test/auto/CausalityInterface7.xml (RunModel)" time="0.044" />
  <testcase classname="ptolemy.util.test.junit.AutoTests" name="[14] /home/travis/build/icyphy/ptII/ptolemy/domains/continuous/test/auto/CausalityInterface8.xml (RunModel)" time="0.041" />
  <testcase classname="ptolemy.util.test.junit.AutoTests" name="[15] /home/travis/build/icyphy/ptII/ptolemy/domains/continuous/test/auto/CausalityInterface9.xml (RunModel)" time="0.054" />
  <testcase classname="ptolemy.util.test.junit.AutoTests" name="[16] /home/travis/build/icyphy/ptII/ptolemy/domains/continuous/test/auto/CausalityInterfaceFeedback1.xml (RunModel)" time="0.033" />
  <testcase classname="ptolemy.util.test.junit.AutoTests" name="[17] /home/travis/build/icyphy/ptII/ptolemy/domains/continuous/test/auto/CausalityInterfaceFeedback2.xml (RunModel)" time="0.037" />
  <testcase classname="ptolemy.util.test.junit.AutoTests" name="[18] /home/travis/build/icyphy/ptII/ptolemy/domains/continuous/test/auto/CompareWithCurrentTime.xml (RunModel)" time="0.024" />
  <testcase classname="ptolemy.util.test.junit.AutoTests" name="[19] /home/travis/build/icyphy/ptII/ptolemy/domains/continuous/test/auto/ComparedClocks.xml (RunModel)" time="0.079" />
  <testcase classname="ptolemy.util.test.junit.AutoTests" name="[20] /home/travis/build/icyphy/ptII/ptolemy/domains/continuous/test/auto/ContinuousAOCClone.xml (RunModel)" time="2.74" />
  <testcase classname="ptolemy.util.test.junit.AutoTests" name="[21] /home/travis/build/icyphy/ptII/ptolemy/domains/continuous/test/auto/ContinuousClock.xml (RunModel)" time="0.103" />
  <testcase classname="ptolemy.util.test.junit.AutoTests" name="[22] /home/travis/build/icyphy/ptII/ptolemy/domains/continuous/test/auto/ContinuousInContinuous.xml (RunModel)" time="0.094" />
  <testcase classname="ptolemy.util.test.junit.AutoTests" name="[23] /home/travis/build/icyphy/ptII/ptolemy/domains/continuous/test/auto/ContinuousInContinuousInContinuous.xml (RunModel)" time="0.031" />
  <testcase classname="ptolemy.util.test.junit.AutoTests" name="[24] /home/travis/build/icyphy/ptII/ptolemy/domains/continuous/test/auto/ContinuousInDE.xml (RunModel)" time="0.152" />
  <testcase classname="ptolemy.util.test.junit.AutoTests" name="[25] /home/travis/build/icyphy/ptII/ptolemy/domains/continuous/test/auto/ContinuousInDE2.xml (RunModel)" time="0.065" />
  <testcase classname="ptolemy.util.test.junit.AutoTests" name="[26] /home/travis/build/icyphy/ptII/ptolemy/domains/continuous/test/auto/ContinuousInDE3.xml (RunModel)" time="0.06" />
  <testcase classname="ptolemy.util.test.junit.AutoTests" name="[27] /home/travis/build/icyphy/ptII/ptolemy/domains/continuous/test/auto/ContinuousInDE4.xml (RunModel)" time="0.038" />
  <testcase classname="ptolemy.util.test.junit.AutoTests" name="[28] /home/travis/build/icyphy/ptII/ptolemy/domains/continuous/test/auto/ContinuousInDEDifferentRefinements.xml (RunModel)" time="0.114" />
  <testcase classname="ptolemy.util.test.junit.AutoTests" name="[29] /home/travis/build/icyphy/ptII/ptolemy/domains/continuous/test/auto/ContinuousInDEDifferentRefinementsPreemptive.xml (RunModel)" time="0.09" />
  <testcase classname="ptolemy.util.test.junit.AutoTests" name="[30] /home/travis/build/icyphy/ptII/ptolemy/domains/continuous/test/auto/ContinuousInDEInContinuous2.xml (RunModel)" time="0.064" />
  <testcase classname="ptolemy.util.test.junit.AutoTests" name="[31] /home/travis/build/icyphy/ptII/ptolemy/domains/continuous/test/auto/ContinuousInDEInContinuous3.xml (RunModel)" time="0.059" />
  <testcase classname="ptolemy.util.test.junit.AutoTests" name="[32] /home/travis/build/icyphy/ptII/ptolemy/domains/continuous/test/auto/ContinuousInDEInput.xml (RunModel)" time="0.044" />
  <testcase classname="ptolemy.util.test.junit.AutoTests" name="[33] /home/travis/build/icyphy/ptII/ptolemy/domains/continuous/test/auto/ContinuousInDEInput2.xml (RunModel)" time="0.04" />
  <testcase classname="ptolemy.util.test.junit.AutoTests" name="[34] /home/travis/build/icyphy/ptII/ptolemy/domains/continuous/test/auto/ContinuousInDEInput3.xml (RunModel)" time="0.033" />
  <testcase classname="ptolemy.util.test.junit.AutoTests" name="[35] /home/travis/build/icyphy/ptII/ptolemy/domains/continuous/test/auto/ContinuousInDESharingRefinement.xml (RunModel)" time="0.193" />
  <testcase classname="ptolemy.util.test.junit.AutoTests" name="[36] /home/travis/build/icyphy/ptII/ptolemy/domains/continuous/test/auto/ContinuousInDEwithNoPorts.xml (RunModel)" time="0.021" />
  <testcase classname="ptolemy.util.test.junit.AutoTests" name="[37] /home/travis/build/icyphy/ptII/ptolemy/domains/continuous/test/auto/ContinuousInsideDE.xml (RunModel)" time="0.085" />
  <testcase classname="ptolemy.util.test.junit.AutoTests" name="[38] /home/travis/build/icyphy/ptII/ptolemy/domains/continuous/test/auto/ContinuousMerge1.xml (RunModel)" time="0.016" />
  <testcase classname="ptolemy.util.test.junit.AutoTests" name="[39] /home/travis/build/icyphy/ptII/ptolemy/domains/continuous/test/auto/ContinuousMerge2.xml (RunModel)" time="0.045" />
  <testcase classname="ptolemy.util.test.junit.AutoTests" name="[40] /home/travis/build/icyphy/ptII/ptolemy/domains/continuous/test/auto/ContinuousMerge3.xml (RunModel)" time="0.092" />
  <testcase classname="ptolemy.util.test.junit.AutoTests" name="[41] /home/travis/build/icyphy/ptII/ptolemy/domains/continuous/test/auto/ContinuousWithinContinuous.xml (RunModel)" time="0.057" />
  <testcase classname="ptolemy.util.test.junit.AutoTests" name="[42] /home/travis/build/icyphy/ptII/ptolemy/domains/continuous/test/auto/ContinuousWithinContinuous2.xml (RunModel)" time="0.072" />
  <testcase classname="ptolemy.util.test.junit.AutoTests" name="[43] /home/travis/build/icyphy/ptII/ptolemy/domains/continuous/test/auto/ContinuousWithinContinuous3.xml (RunModel)" time="0.033" />
  <testcase classname="ptolemy.util.test.junit.AutoTests" name="[44] /home/travis/build/icyphy/ptII/ptolemy/domains/continuous/test/auto/ContinuousWithinContinuous4.xml (RunModel)" time="0.077" />
  <testcase classname="ptolemy.util.test.junit.AutoTests" name="[45] /home/travis/build/icyphy/ptII/ptolemy/domains/continuous/test/auto/ContinuousWithinContinuous5.xml (RunModel)" time="0.036" />
  <testcase classname="ptolemy.util.test.junit.AutoTests" name="[46] /home/travis/build/icyphy/ptII/ptolemy/domains/continuous/test/auto/ContinuousWithinContinuous6.xml (RunModel)" time="0.027" />
  <testcase classname="ptolemy.util.test.junit.AutoTests" name="[47] /home/travis/build/icyphy/ptII/ptolemy/domains/continuous/test/auto/ContinuousWithinContinuous7.xml (RunModel)" time="0.098" />
  <testcase classname="ptolemy.util.test.junit.AutoTests" name="[48] /home/travis/build/icyphy/ptII/ptolemy/domains/continuous/test/auto/DCMotor.xml (RunModel)" time="15.448" />
  <testcase classname="ptolemy.util.test.junit.AutoTests" name="[49] /home/travis/build/icyphy/ptII/ptolemy/domains/continuous/test/auto/DEInContinuous.xml (RunModel)" time="0.024" />
  <testcase classname="ptolemy.util.test.junit.AutoTests" name="[50] /home/travis/build/icyphy/ptII/ptolemy/domains/continuous/test/auto/DEinContinuous2.xml (RunModel)" time="0.023" />
  <testcase classname="ptolemy.util.test.junit.AutoTests" name="[51] /home/travis/build/icyphy/ptII/ptolemy/domains/continuous/test/auto/Derivative.xml (RunModel)" time="0.204" />
  <testcase classname="ptolemy.util.test.junit.AutoTests" name="[52] /home/travis/build/icyphy/ptII/ptolemy/domains/continuous/test/auto/Derivative1.xml (RunModel)" time="0.035" />
  <testcase classname="ptolemy.util.test.junit.AutoTests" name="[53] /home/travis/build/icyphy/ptII/ptolemy/domains/continuous/test/auto/DiscreteClock.xml (RunModel)" time="0.013" />
  <testcase classname="ptolemy.util.test.junit.AutoTests" name="[54] /home/travis/build/icyphy/ptII/ptolemy/domains/continuous/test/auto/EfficiencyCurve.xml (RunModel)" time="0.06" />
  <testcase classname="ptolemy.util.test.junit.AutoTests" name="[55] /home/travis/build/icyphy/ptII/ptolemy/domains/continuous/test/auto/ExponentialResponse.xml (RunModel)" time="0.117" />
  <testcase classname="ptolemy.util.test.junit.AutoTests" name="[56] /home/travis/build/icyphy/ptII/ptolemy/domains/continuous/test/auto/ExponentialResponseRK45.xml (RunModel)" time="0.039" />
  <testcase classname="ptolemy.util.test.junit.AutoTests" name="[57] /home/travis/build/icyphy/ptII/ptolemy/domains/continuous/test/auto/Friction.xml (RunModel)" time="1.5" />
  <testcase classname="ptolemy.util.test.junit.AutoTests" name="[58] /home/travis/build/icyphy/ptII/ptolemy/domains/continuous/test/auto/FurutaPendulum.xml (RunModel)" time="3.764" />
  <testcase classname="ptolemy.util.test.junit.AutoTests" name="[59] /home/travis/build/icyphy/ptII/ptolemy/domains/continuous/test/auto/HierarchicalExecution.xml (RunModel)" time="2.543" />
  <testcase classname="ptolemy.util.test.junit.AutoTests" name="[60] /home/travis/build/icyphy/ptII/ptolemy/domains/continuous/test/auto/HybridPlant.xml (RunModel)" time="0.546" />
  <testcase classname="ptolemy.util.test.junit.AutoTests" name="[61] /home/travis/build/icyphy/ptII/ptolemy/domains/continuous/test/auto/Hysteresis.xml (RunModel)" time="0.166" />
  <testcase classname="ptolemy.util.test.junit.AutoTests" name="[62] /home/travis/build/icyphy/ptII/ptolemy/domains/continuous/test/auto/HysteresisWithRandomDelay.xml (RunModel)" time="0.226" />
  <testcase classname="ptolemy.util.test.junit.AutoTests" name="[63] /home/travis/build/icyphy/ptII/ptolemy/domains/continuous/test/auto/HysteresisWithRandomLosses.xml (RunModel)" time="2.502" />
  <testcase classname="ptolemy.util.test.junit.AutoTests" name="[64] /home/travis/build/icyphy/ptII/ptolemy/domains/continuous/test/auto/ImmediateTransitions.xml (RunModel)" time="0.031" />
  <testcase classname="ptolemy.util.test.junit.AutoTests" name="[65] /home/travis/build/icyphy/ptII/ptolemy/domains/continuous/test/auto/ImpulseFeedback.xml (RunModel)" time="0.024" />
  <testcase classname="ptolemy.util.test.junit.AutoTests" name="[66] /home/travis/build/icyphy/ptII/ptolemy/domains/continuous/test/auto/ImpulseFeedback2.xml (RunModel)" time="0.017" />
  <testcase classname="ptolemy.util.test.junit.AutoTests" name="[67] /home/travis/build/icyphy/ptII/ptolemy/domains/continuous/test/auto/IncreasingRatePoisson.xml (RunModel)" time="0.374">
    <error type="java.lang.reflect.InvocationTargetException">java.lang.reflect.InvocationTargetException
	at java.lang.reflect.Constructor.newInstance(Constructor.java:423)
	at ptolemy.util.test.junit.AutoTests.RunModel(AutoTests.java:193)
	at junitparams.internal.InvokeParameterisedMethod.evaluate(InvokeParameterisedMethod.java:102)
Caused by: ptolemy.kernel.util.IllegalActionException: Test fails in iteration 1093.
Value was: 14.5483231836355. Should have been: 0.1269755847894
  in .IncreasingRatePoisson.NonStrictTest
	at ptolemy.actor.lib.NonStrictTest.postfire(NonStrictTest.java:328)
	at ptolemy.actor.sched.FixedPointDirector._postfireActor(FixedPointDirector.java:1027)
	at ptolemy.actor.sched.FixedPointDirector.postfire(FixedPointDirector.java:520)
	at ptolemy.domains.continuous.kernel.ContinuousDirector._commit(ContinuousDirector.java:1426)
	at ptolemy.domains.continuous.kernel.ContinuousDirector._postfireAtTopLevel(ContinuousDirector.java:1585)
	at ptolemy.domains.continuous.kernel.ContinuousDirector.postfire(ContinuousDirector.java:839)
	at ptolemy.actor.CompositeActor.postfire(CompositeActor.java:1668)
	at ptolemy.actor.Manager.iterate(Manager.java:852)
	at ptolemy.actor.Manager.execute(Manager.java:369)
	at ptolemy.actor.Manager.run(Manager.java:1263)
	at ptolemy.actor.Manager$PtolemyRunThread.run(Manager.java:1915)
</error>
  </testcase>
  <testcase classname="ptolemy.util.test.junit.AutoTests" name="[68] /home/travis/build/icyphy/ptII/ptolemy/domains/continuous/test/auto/InitialStateFeedback.xml (RunModel)" time="0.015" />
  <testcase classname="ptolemy.util.test.junit.AutoTests" name="[69] /home/travis/build/icyphy/ptII/ptolemy/domains/continuous/test/auto/Integration.xml (RunModel)" time="0.009" />
  <testcase classname="ptolemy.util.test.junit.AutoTests" name="[70] /home/travis/build/icyphy/ptII/ptolemy/domains/continuous/test/auto/Integration2.xml (RunModel)" time="0.095" />
  <testcase classname="ptolemy.util.test.junit.AutoTests" name="[71] /home/travis/build/icyphy/ptII/ptolemy/domains/continuous/test/auto/Integration3.xml (RunModel)" time="0.018" />
  <testcase classname="ptolemy.util.test.junit.AutoTests" name="[72] /home/travis/build/icyphy/ptII/ptolemy/domains/continuous/test/auto/Integration5.xml (RunModel)" time="0.02" />
  <testcase classname="ptolemy.util.test.junit.AutoTests" name="[73] /home/travis/build/icyphy/ptII/ptolemy/domains/continuous/test/auto/IntegratorImpulse.xml (RunModel)" time="0.013" />
  <testcase classname="ptolemy.util.test.junit.AutoTests" name="[74] /home/travis/build/icyphy/ptII/ptolemy/domains/continuous/test/auto/IntegratorImpulse2.xml (RunModel)" time="0.015" />
  <testcase classname="ptolemy.util.test.junit.AutoTests" name="[75] /home/travis/build/icyphy/ptII/ptolemy/domains/continuous/test/auto/LevelCrossing1.xml (RunModel)" time="0.012" />
  <testcase classname="ptolemy.util.test.junit.AutoTests" name="[76] /home/travis/build/icyphy/ptII/ptolemy/domains/continuous/test/auto/LevelCrossing2.xml (RunModel)" time="0.012" />
  <testcase classname="ptolemy.util.test.junit.AutoTests" name="[77] /home/travis/build/icyphy/ptII/ptolemy/domains/continuous/test/auto/LevelCrossing3.xml (RunModel)" time="0.012" />
  <testcase classname="ptolemy.util.test.junit.AutoTests" name="[78] /home/travis/build/icyphy/ptII/ptolemy/domains/continuous/test/auto/LevelCrossing4.xml (RunModel)" time="0.014" />
  <testcase classname="ptolemy.util.test.junit.AutoTests" name="[79] /home/travis/build/icyphy/ptII/ptolemy/domains/continuous/test/auto/LevelCrossing5.xml (RunModel)" time="0.012" />
  <testcase classname="ptolemy.util.test.junit.AutoTests" name="[80] /home/travis/build/icyphy/ptII/ptolemy/domains/continuous/test/auto/LevelCrossing6.xml (RunModel)" time="0.013" />
  <testcase classname="ptolemy.util.test.junit.AutoTests" name="[81] /home/travis/build/icyphy/ptII/ptolemy/domains/continuous/test/auto/LevelCrossingDetector.xml (RunModel)" time="0.041" />
  <testcase classname="ptolemy.util.test.junit.AutoTests" name="[82] /home/travis/build/icyphy/ptII/ptolemy/domains/continuous/test/auto/LevelCrossingDetectorDetectingDirections.xml (RunModel)" time="0.077" />
  <testcase classname="ptolemy.util.test.junit.AutoTests" name="[83] /home/travis/build/icyphy/ptII/ptolemy/domains/continuous/test/auto/LevelCrossingDetectorDetectsGlitches.xml (RunModel)" time="0.063" />
  <testcase classname="ptolemy.util.test.junit.AutoTests" name="[84] /home/travis/build/icyphy/ptII/ptolemy/domains/continuous/test/auto/LevelCrossingNoInitialOuput.xml (RunModel)" time="0.011" />
  <testcase classname="ptolemy.util.test.junit.AutoTests" name="[85] /home/travis/build/icyphy/ptII/ptolemy/domains/continuous/test/auto/LinearStateSpaceExample.xml (RunModel)" time="0.034" />
  <testcase classname="ptolemy.util.test.junit.AutoTests" name="[86] /home/travis/build/icyphy/ptII/ptolemy/domains/continuous/test/auto/Lorenz.xml (RunModel)" time="5.124" />
  <testcase classname="ptolemy.util.test.junit.AutoTests" name="[87] /home/travis/build/icyphy/ptII/ptolemy/domains/continuous/test/auto/LorenzDifferentialSystem.xml (RunModel)" time="1.621" />
  <testcase classname="ptolemy.util.test.junit.AutoTests" name="[88] /home/travis/build/icyphy/ptII/ptolemy/domains/continuous/test/auto/LorenzDifferentialSystemWithInput.xml (RunModel)" time="1.802" />
  <testcase classname="ptolemy.util.test.junit.AutoTests" name="[89] /home/travis/build/icyphy/ptII/ptolemy/domains/continuous/test/auto/LorenzDifferentialSystemWithTime.xml (RunModel)" time="0.917" />
  <testcase classname="ptolemy.util.test.junit.AutoTests" name="[90] /home/travis/build/icyphy/ptII/ptolemy/domains/continuous/test/auto/Microsteps.xml (RunModel)" time="0.022" />
  <testcase classname="ptolemy.util.test.junit.AutoTests" name="[91] /home/travis/build/icyphy/ptII/ptolemy/domains/continuous/test/auto/Modal1.xml (RunModel)" time="0.047" />
  <testcase classname="ptolemy.util.test.junit.AutoTests" name="[92] /home/travis/build/icyphy/ptII/ptolemy/domains/continuous/test/auto/Modal2.xml (RunModel)" time="0.045" />
  <testcase classname="ptolemy.util.test.junit.AutoTests" name="[93] /home/travis/build/icyphy/ptII/ptolemy/domains/continuous/test/auto/ModalTransitionGuardWithReset.xml (RunModel)" time="0.023" />
  <testcase classname="ptolemy.util.test.junit.AutoTests" name="[94] /home/travis/build/icyphy/ptII/ptolemy/domains/continuous/test/auto/ModalTransitionGuardWithResetUsingPreemptiveTransition.xml (RunModel)" time="0.024" />
  <testcase classname="ptolemy.util.test.junit.AutoTests" name="[95] /home/travis/build/icyphy/ptII/ptolemy/domains/continuous/test/auto/ModalTransitionGuardWithResetUsingPreemptiveTransition2.xml (RunModel)" time="0.03" />
  <testcase classname="ptolemy.util.test.junit.AutoTests" name="[96] /home/travis/build/icyphy/ptII/ptolemy/domains/continuous/test/auto/ModalTransitionGuardWithResetUsingPreemptiveTransition3.xml (RunModel)" time="0.036" />
  <testcase classname="ptolemy.util.test.junit.AutoTests" name="[97] /home/travis/build/icyphy/ptII/ptolemy/domains/continuous/test/auto/NewtonsCradle.xml (RunModel)" time="0.817" />
  <testcase classname="ptolemy.util.test.junit.AutoTests" name="[98] /home/travis/build/icyphy/ptII/ptolemy/domains/continuous/test/auto/NewtonsCradleAnimated.xml (RunModel)" time="1.354" />
  <testcase classname="ptolemy.util.test.junit.AutoTests" name="[99] /home/travis/build/icyphy/ptII/ptolemy/domains/continuous/test/auto/NewtonsCradleComplicated.xml (RunModel)" time="1.042" />
  <testcase classname="ptolemy.util.test.junit.AutoTests" name="[100] /home/travis/build/icyphy/ptII/ptolemy/domains/continuous/test/auto/NewtonsCradleNondeterministic.xml (RunModel)" time="0.708" />
  <testcase classname="ptolemy.util.test.junit.AutoTests" name="[101] /home/travis/build/icyphy/ptII/ptolemy/domains/continuous/test/auto/NewtonsCradlePerfectlyInelastic1.xml (RunModel)" time="1.409" />
  <testcase classname="ptolemy.util.test.junit.AutoTests" name="[102] /home/travis/build/icyphy/ptII/ptolemy/domains/continuous/test/auto/Noise.xml (RunModel)" time="0.189" />
  <testcase classname="ptolemy.util.test.junit.AutoTests" name="[103] /home/travis/build/icyphy/ptII/ptolemy/domains/continuous/test/auto/NoiseSpectrum.xml (RunModel)" time="0.805" />
  <testcase classname="ptolemy.util.test.junit.AutoTests" name="[104] /home/travis/build/icyphy/ptII/ptolemy/domains/continuous/test/auto/ParameterizedNewtonsCradleAnimated.xml (RunModel)" time="0.38" />
  <testcase classname="ptolemy.util.test.junit.AutoTests" name="[105] /home/travis/build/icyphy/ptII/ptolemy/domains/continuous/test/auto/ParameterizedNewtonsCradleAnimatedNondeterministic.xml (RunModel)" time="1.259" />
  <testcase classname="ptolemy.util.test.junit.AutoTests" name="[106] /home/travis/build/icyphy/ptII/ptolemy/domains/continuous/test/auto/Pendulum3D.xml (RunModel)" time="0.181" />
  <testcase classname="ptolemy.util.test.junit.AutoTests" name="[107] /home/travis/build/icyphy/ptII/ptolemy/domains/continuous/test/auto/PeriodicSampler.xml (RunModel)" time="0.017" />
  <testcase classname="ptolemy.util.test.junit.AutoTests" name="[108] /home/travis/build/icyphy/ptII/ptolemy/domains/continuous/test/auto/PeriodicSampler1.xml (RunModel)" time="0.044" />
  <testcase classname="ptolemy.util.test.junit.AutoTests" name="[109] /home/travis/build/icyphy/ptII/ptolemy/domains/continuous/test/auto/PeriodicSampler2.xml (RunModel)" time="0.081" />
  <testcase classname="ptolemy.util.test.junit.AutoTests" name="[110] /home/travis/build/icyphy/ptII/ptolemy/domains/continuous/test/auto/Poisson.xml (RunModel)" time="0.472" />
  <testcase classname="ptolemy.util.test.junit.AutoTests" name="[111] /home/travis/build/icyphy/ptII/ptolemy/domains/continuous/test/auto/PoissonClock.xml (RunModel)" time="0.011" />
  <testcase classname="ptolemy.util.test.junit.AutoTests" name="[112] /home/travis/build/icyphy/ptII/ptolemy/domains/continuous/test/auto/PoissonClock2.xml (RunModel)" time="0.013" />
  <testcase classname="ptolemy.util.test.junit.AutoTests" name="[113] /home/travis/build/icyphy/ptII/ptolemy/domains/continuous/test/auto/PortParameterHierarchy.xml (RunModel)" time="0.027" />
  <testcase classname="ptolemy.util.test.junit.AutoTests" name="[114] /home/travis/build/icyphy/ptII/ptolemy/domains/continuous/test/auto/RandomHybridPlant.xml (RunModel)" time="0.544" />
  <testcase classname="ptolemy.util.test.junit.AutoTests" name="[115] /home/travis/build/icyphy/ptII/ptolemy/domains/continuous/test/auto/ResetTransitionWithStartTime1.xml (RunModel)" time="0.029" />
  <testcase classname="ptolemy.util.test.junit.AutoTests" name="[116] /home/travis/build/icyphy/ptII/ptolemy/domains/continuous/test/auto/ResetTransitionWithStartTime2.xml (RunModel)" time="0.034" />
  <testcase classname="ptolemy.util.test.junit.AutoTests" name="[117] /home/travis/build/icyphy/ptII/ptolemy/domains/continuous/test/auto/ResetTransitionWithStartTime3.xml (RunModel)" time="0.041" />
  <testcase classname="ptolemy.util.test.junit.AutoTests" name="[118] /home/travis/build/icyphy/ptII/ptolemy/domains/continuous/test/auto/ResetTransitionWithStartTime4.xml (RunModel)" time="0.025" />
  <testcase classname="ptolemy.util.test.junit.AutoTests" name="[119] /home/travis/build/icyphy/ptII/ptolemy/domains/continuous/test/auto/ResetTransitionWithStartTime5.xml (RunModel)" time="0.032" />
  <testcase classname="ptolemy.util.test.junit.AutoTests" name="[120] /home/travis/build/icyphy/ptII/ptolemy/domains/continuous/test/auto/ResetTransitionWithStartTime6.xml (RunModel)" time="0.025" />
  <testcase classname="ptolemy.util.test.junit.AutoTests" name="[121] /home/travis/build/icyphy/ptII/ptolemy/domains/continuous/test/auto/SRinContinuous.xml (RunModel)" time="0.026" />
  <testcase classname="ptolemy.util.test.junit.AutoTests" name="[122] /home/travis/build/icyphy/ptII/ptolemy/domains/continuous/test/auto/SampledClocks.xml (RunModel)" time="0.028" />
  <testcase classname="ptolemy.util.test.junit.AutoTests" name="[123] /home/travis/build/icyphy/ptII/ptolemy/domains/continuous/test/auto/Satellite.xml (RunModel)" time="0.989" />
  <testcase classname="ptolemy.util.test.junit.AutoTests" name="[124] /home/travis/build/icyphy/ptII/ptolemy/domains/continuous/test/auto/SigmaDelta.xml (RunModel)" time="2.73" />
  <testcase classname="ptolemy.util.test.junit.AutoTests" name="[125] /home/travis/build/icyphy/ptII/ptolemy/domains/continuous/test/auto/SingleRefinement.xml (RunModel)" time="0.447" />
  <testcase classname="ptolemy.util.test.junit.AutoTests" name="[126] /home/travis/build/icyphy/ptII/ptolemy/domains/continuous/test/auto/SinuBouncingBall.xml (RunModel)" time="0.867" />
  <testcase classname="ptolemy.util.test.junit.AutoTests" name="[127] /home/travis/build/icyphy/ptII/ptolemy/domains/continuous/test/auto/Sinusoid.xml (RunModel)" time="0.016" />
  <testcase classname="ptolemy.util.test.junit.AutoTests" name="[128] /home/travis/build/icyphy/ptII/ptolemy/domains/continuous/test/auto/SinusoidInNoise.xml (RunModel)" time="1.024" />
  <testcase classname="ptolemy.util.test.junit.AutoTests" name="[129] /home/travis/build/icyphy/ptII/ptolemy/domains/continuous/test/auto/SinusoidRK45.xml (RunModel)" time="0.016" />
  <testcase classname="ptolemy.util.test.junit.AutoTests" name="[130] /home/travis/build/icyphy/ptII/ptolemy/domains/continuous/test/auto/SinusoidWithMultipleImpulses.xml (RunModel)" time="0.024" />
  <testcase classname="ptolemy.util.test.junit.AutoTests" name="[131] /home/travis/build/icyphy/ptII/ptolemy/domains/continuous/test/auto/SquareWave.xml (RunModel)" time="0.201" />
  <testcase classname="ptolemy.util.test.junit.AutoTests" name="[132] /home/travis/build/icyphy/ptII/ptolemy/domains/continuous/test/auto/Starmac.xml (RunModel)" time="3.359" />
  <testcase classname="ptolemy.util.test.junit.AutoTests" name="[133] /home/travis/build/icyphy/ptII/ptolemy/domains/continuous/test/auto/StaticUnits.xml (RunModel)" time="2.49" />
  <testcase classname="ptolemy.util.test.junit.AutoTests" name="[134] /home/travis/build/icyphy/ptII/ptolemy/domains/continuous/test/auto/StickyMasses.xml (RunModel)" time="0.202" />
  <testcase classname="ptolemy.util.test.junit.AutoTests" name="[135] /home/travis/build/icyphy/ptII/ptolemy/domains/continuous/test/auto/StopTime.xml (RunModel)" time="0.069" />
  <testcase classname="ptolemy.util.test.junit.AutoTests" name="[136] /home/travis/build/icyphy/ptII/ptolemy/domains/continuous/test/auto/StopTime2.xml (RunModel)" time="0.066" />
  <testcase classname="ptolemy.util.test.junit.AutoTests" name="[137] /home/travis/build/icyphy/ptII/ptolemy/domains/continuous/test/auto/Switch.xml (RunModel)" time="0.062" />
  <testcase classname="ptolemy.util.test.junit.AutoTests" name="[138] /home/travis/build/icyphy/ptII/ptolemy/domains/continuous/test/auto/Thermostat.xml (RunModel)" time="0.211" />
  <testcase classname="ptolemy.util.test.junit.AutoTests" name="[139] /home/travis/build/icyphy/ptII/ptolemy/domains/continuous/test/auto/TimeDelay.xml (RunModel)" time="0.014" />
  <testcase classname="ptolemy.util.test.junit.AutoTests" name="[140] /home/travis/build/icyphy/ptII/ptolemy/domains/continuous/test/auto/TimeDelay2.xml (RunModel)" time="0.022" />
  <testcase classname="ptolemy.util.test.junit.AutoTests" name="[141] /home/travis/build/icyphy/ptII/ptolemy/domains/continuous/test/auto/TimeDelay3.xml (RunModel)" time="0.013" />
  <testcase classname="ptolemy.util.test.junit.AutoTests" name="[142] /home/travis/build/icyphy/ptII/ptolemy/domains/continuous/test/auto/TransferAbsentToInside.xml (RunModel)" time="0.105" />
  <testcase classname="ptolemy.util.test.junit.AutoTests" name="[143] /home/travis/build/icyphy/ptII/ptolemy/domains/continuous/test/auto/Transmission.xml (RunModel)" time="0.783" />
  <testcase classname="ptolemy.util.test.junit.AutoTests" name="[144] /home/travis/build/icyphy/ptII/ptolemy/domains/continuous/test/auto/TriggeredContinuousClock.xml (RunModel)" time="0.067" />
  <testcase classname="ptolemy.util.test.junit.AutoTests" name="[145] /home/travis/build/icyphy/ptII/ptolemy/domains/continuous/test/auto/TwoMachineInfiniteBusControl.xml (RunModel)" time="2.908" />
  <testcase classname="ptolemy.util.test.junit.AutoTests" name="[146] /home/travis/build/icyphy/ptII/ptolemy/domains/continuous/test/auto/V2V.xml (RunModel)" time="0.849" />
  <testcase classname="ptolemy.util.test.junit.AutoTests" name="[147] /home/travis/build/icyphy/ptII/ptolemy/domains/continuous/test/auto/hierarchicalModalModel.xml (RunModel)" time="0.044" />
  <testcase classname="ptolemy.util.test.junit.AutoTests" name="[148] /home/travis/build/icyphy/ptII/ptolemy/domains/continuous/test/auto/hierarchicalModalModel1.xml (RunModel)" time="0.069" />
  <testcase classname="ptolemy.util.test.junit.AutoTests" name="[149] /home/travis/build/icyphy/ptII/ptolemy/domains/continuous/test/auto/hierarchicalModalModel2.xml (RunModel)" time="0.033" />
  <testcase classname="ptolemy.util.test.junit.AutoTests" name="[150] /home/travis/build/icyphy/ptII/ptolemy/domains/continuous/test/auto/hierarchicalModalModel3.xml (RunModel)" time="0.029" />
  <testcase classname="ptolemy.util.test.junit.AutoTests" name="[151] /home/travis/build/icyphy/ptII/ptolemy/domains/continuous/test/auto/hierarchicalModalModel4.xml (RunModel)" time="0.027" />
  <testcase classname="ptolemy.util.test.junit.AutoTests" name="[152] /home/travis/build/icyphy/ptII/ptolemy/domains/continuous/test/auto/junk.xml (RunModel)" time="0.159" />
  <system-out><![CDATA[No tcl tests in /home/travis/build/icyphy/ptII/ptolemy/domains/continuous/test
No auto/knownFailedTests/*.xml tests in /home/travis/build/icyphy/ptII/ptolemy/domains/continuous/test
No auto/linux-amd64/*.xml tests in /home/travis/build/icyphy/ptII/ptolemy/domains/continuous/test
AutoTests.java: About to close Vertx.
AutoTests.java: Vertx closed.

===========================================================================================
----------------- testing Fri Mar 01 19:15:46 UTC 2019 /home/travis/build/icyphy/ptII/ptolemy/domains/continuous/test/auto/BouncingBall.xml
----------------- Instantiating /home/travis/build/icyphy/ptII/ptolemy/domains/continuous/test/auto/BouncingBall.xml
2521 ms. Memory: 331264K Free: 266641K (80%)
----------------- Invoking toplevel() on ptolemy.moml.MoMLSimpleApplication@44dc04ea
----------------- Done invoking toplevel() on ptolemy.moml.MoMLSimpleApplication@44dc04ea
reloadAllAccessors: .BouncingBall

===========================================================================================
----------------- testing Fri Mar 01 19:15:49 UTC 2019 /home/travis/build/icyphy/ptII/ptolemy/domains/continuous/test/auto/BouncingBallWithoutGR.xml
----------------- Instantiating /home/travis/build/icyphy/ptII/ptolemy/domains/continuous/test/auto/BouncingBallWithoutGR.xml
727 ms. Memory: 331776K Free: 318008K (96%)
----------------- Invoking toplevel() on ptolemy.moml.MoMLSimpleApplication@1b0cea00
----------------- Done invoking toplevel() on ptolemy.moml.MoMLSimpleApplication@1b0cea00
reloadAllAccessors: .BouncingBallWithoutGR

===========================================================================================
----------------- testing Fri Mar 01 19:15:50 UTC 2019 /home/travis/build/icyphy/ptII/ptolemy/domains/continuous/test/auto/Brownian.xml
----------------- Instantiating /home/travis/build/icyphy/ptII/ptolemy/domains/continuous/test/auto/Brownian.xml
30 ms. Memory: 331776K Free: 304337K (92%)
----------------- Invoking toplevel() on ptolemy.moml.MoMLSimpleApplication@160d8a8e
----------------- Done invoking toplevel() on ptolemy.moml.MoMLSimpleApplication@160d8a8e
reloadAllAccessors: .Brownian

===========================================================================================
----------------- testing Fri Mar 01 19:15:50 UTC 2019 /home/travis/build/icyphy/ptII/ptolemy/domains/continuous/test/auto/CarTracking.xml
----------------- Instantiating /home/travis/build/icyphy/ptII/ptolemy/domains/continuous/test/auto/CarTracking.xml
3490 ms. Memory: 578560K Free: 458432K (79%)
----------------- Invoking toplevel() on ptolemy.moml.MoMLSimpleApplication@46562107
----------------- Done invoking toplevel() on ptolemy.moml.MoMLSimpleApplication@46562107
reloadAllAccessors: .CarTracking

===========================================================================================
----------------- testing Fri Mar 01 19:15:54 UTC 2019 /home/travis/build/icyphy/ptII/ptolemy/domains/continuous/test/auto/CartPendulum.xml
----------------- Instantiating /home/travis/build/icyphy/ptII/ptolemy/domains/continuous/test/auto/CartPendulum.xml
433 ms. Memory: 578560K Free: 350853K (61%)
----------------- Invoking toplevel() on ptolemy.moml.MoMLSimpleApplication@45b4f25
----------------- Done invoking toplevel() on ptolemy.moml.MoMLSimpleApplication@45b4f25
reloadAllAccessors: .CartPendulum

===========================================================================================
----------------- testing Fri Mar 01 19:15:54 UTC 2019 /home/travis/build/icyphy/ptII/ptolemy/domains/continuous/test/auto/CausalityInterface10.xml
----------------- Instantiating /home/travis/build/icyphy/ptII/ptolemy/domains/continuous/test/auto/CausalityInterface10.xml
12 ms. Memory: 578560K Free: 337737K (58%)
----------------- Invoking toplevel() on ptolemy.moml.MoMLSimpleApplication@39ba7513
----------------- Done invoking toplevel() on ptolemy.moml.MoMLSimpleApplication@39ba7513
reloadAllAccessors: .CausalityInterface10

===========================================================================================
----------------- testing Fri Mar 01 19:15:54 UTC 2019 /home/travis/build/icyphy/ptII/ptolemy/domains/continuous/test/auto/CausalityInterface11.xml
----------------- Instantiating /home/travis/build/icyphy/ptII/ptolemy/domains/continuous/test/auto/CausalityInterface11.xml
7 ms. Memory: 578560K Free: 327899K (57%)
----------------- Invoking toplevel() on ptolemy.moml.MoMLSimpleApplication@67c317fd
----------------- Done invoking toplevel() on ptolemy.moml.MoMLSimpleApplication@67c317fd
reloadAllAccessors: .CausalityInterface11

===========================================================================================
----------------- testing Fri Mar 01 19:15:54 UTC 2019 /home/travis/build/icyphy/ptII/ptolemy/domains/continuous/test/auto/CausalityInterface12.xml
----------------- Instantiating /home/travis/build/icyphy/ptII/ptolemy/domains/continuous/test/auto/CausalityInterface12.xml
5 ms. Memory: 578560K Free: 315208K (54%)
----------------- Invoking toplevel() on ptolemy.moml.MoMLSimpleApplication@7bb2aa67
----------------- Done invoking toplevel() on ptolemy.moml.MoMLSimpleApplication@7bb2aa67
reloadAllAccessors: .CausalityInterface12

===========================================================================================
----------------- testing Fri Mar 01 19:15:54 UTC 2019 /home/travis/build/icyphy/ptII/ptolemy/domains/continuous/test/auto/CausalityInterface13.xml
----------------- Instantiating /home/travis/build/icyphy/ptII/ptolemy/domains/continuous/test/auto/CausalityInterface13.xml
11 ms. Memory: 578560K Free: 305361K (53%)
----------------- Invoking toplevel() on ptolemy.moml.MoMLSimpleApplication@179197df
----------------- Done invoking toplevel() on ptolemy.moml.MoMLSimpleApplication@179197df
reloadAllAccessors: .CausalityInterface13

===========================================================================================
----------------- testing Fri Mar 01 19:15:54 UTC 2019 /home/travis/build/icyphy/ptII/ptolemy/domains/continuous/test/auto/CausalityInterface14.xml
----------------- Instantiating /home/travis/build/icyphy/ptII/ptolemy/domains/continuous/test/auto/CausalityInterface14.xml
2 ms. Memory: 578560K Free: 295515K (51%)
----------------- Invoking toplevel() on ptolemy.moml.MoMLSimpleApplication@141940b4
----------------- Done invoking toplevel() on ptolemy.moml.MoMLSimpleApplication@141940b4
reloadAllAccessors: .CausalityInterface14

===========================================================================================
----------------- testing Fri Mar 01 19:15:55 UTC 2019 /home/travis/build/icyphy/ptII/ptolemy/domains/continuous/test/auto/CausalityInterface4.xml
----------------- Instantiating /home/travis/build/icyphy/ptII/ptolemy/domains/continuous/test/auto/CausalityInterface4.xml
9 ms. Memory: 578560K Free: 285676K (49%)
----------------- Invoking toplevel() on ptolemy.moml.MoMLSimpleApplication@79a31e7b
----------------- Done invoking toplevel() on ptolemy.moml.MoMLSimpleApplication@79a31e7b
reloadAllAccessors: .CausalityInterface4

===========================================================================================
----------------- testing Fri Mar 01 19:15:55 UTC 2019 /home/travis/build/icyphy/ptII/ptolemy/domains/continuous/test/auto/CausalityInterface5.xml
----------------- Instantiating /home/travis/build/icyphy/ptII/ptolemy/domains/continuous/test/auto/CausalityInterface5.xml
14 ms. Memory: 578560K Free: 269692K (47%)
----------------- Invoking toplevel() on ptolemy.moml.MoMLSimpleApplication@77bdcba0
----------------- Done invoking toplevel() on ptolemy.moml.MoMLSimpleApplication@77bdcba0
reloadAllAccessors: .CausalityInterface5

===========================================================================================
----------------- testing Fri Mar 01 19:15:55 UTC 2019 /home/travis/build/icyphy/ptII/ptolemy/domains/continuous/test/auto/CausalityInterface6.xml
----------------- Instantiating /home/travis/build/icyphy/ptII/ptolemy/domains/continuous/test/auto/CausalityInterface6.xml
3 ms. Memory: 578560K Free: 259860K (45%)
----------------- Invoking toplevel() on ptolemy.moml.MoMLSimpleApplication@453a3159
----------------- Done invoking toplevel() on ptolemy.moml.MoMLSimpleApplication@453a3159
reloadAllAccessors: .CausalityInterface6

===========================================================================================
----------------- testing Fri Mar 01 19:15:55 UTC 2019 /home/travis/build/icyphy/ptII/ptolemy/domains/continuous/test/auto/CausalityInterface7.xml
----------------- Instantiating /home/travis/build/icyphy/ptII/ptolemy/domains/continuous/test/auto/CausalityInterface7.xml
9 ms. Memory: 578560K Free: 246745K (43%)
----------------- Invoking toplevel() on ptolemy.moml.MoMLSimpleApplication@5ece06e0
----------------- Done invoking toplevel() on ptolemy.moml.MoMLSimpleApplication@5ece06e0
reloadAllAccessors: .CausalityInterface7

===========================================================================================
----------------- testing Fri Mar 01 19:15:55 UTC 2019 /home/travis/build/icyphy/ptII/ptolemy/domains/continuous/test/auto/CausalityInterface8.xml
----------------- Instantiating /home/travis/build/icyphy/ptII/ptolemy/domains/continuous/test/auto/CausalityInterface8.xml
5 ms. Memory: 578560K Free: 233622K (40%)
----------------- Invoking toplevel() on ptolemy.moml.MoMLSimpleApplication@386de49e
----------------- Done invoking toplevel() on ptolemy.moml.MoMLSimpleApplication@386de49e
reloadAllAccessors: .CausalityInterface8

===========================================================================================
----------------- testing Fri Mar 01 19:15:55 UTC 2019 /home/travis/build/icyphy/ptII/ptolemy/domains/continuous/test/auto/CausalityInterface9.xml
----------------- Instantiating /home/travis/build/icyphy/ptII/ptolemy/domains/continuous/test/auto/CausalityInterface9.xml
14 ms. Memory: 578560K Free: 214376K (37%)
----------------- Invoking toplevel() on ptolemy.moml.MoMLSimpleApplication@33d0c486
----------------- Done invoking toplevel() on ptolemy.moml.MoMLSimpleApplication@33d0c486
reloadAllAccessors: .CausalityInterface9

===========================================================================================
----------------- testing Fri Mar 01 19:15:55 UTC 2019 /home/travis/build/icyphy/ptII/ptolemy/domains/continuous/test/auto/CausalityInterfaceFeedback1.xml
----------------- Instantiating /home/travis/build/icyphy/ptII/ptolemy/domains/continuous/test/auto/CausalityInterfaceFeedback1.xml
5 ms. Memory: 578560K Free: 204530K (35%)
----------------- Invoking toplevel() on ptolemy.moml.MoMLSimpleApplication@7e689276
----------------- Done invoking toplevel() on ptolemy.moml.MoMLSimpleApplication@7e689276
reloadAllAccessors: .CausalityInterfaceFeedback1

===========================================================================================
----------------- testing Fri Mar 01 19:15:55 UTC 2019 /home/travis/build/icyphy/ptII/ptolemy/domains/continuous/test/auto/CausalityInterfaceFeedback2.xml
----------------- Instantiating /home/travis/build/icyphy/ptII/ptolemy/domains/continuous/test/auto/CausalityInterfaceFeedback2.xml
6 ms. Memory: 578560K Free: 194683K (34%)
----------------- Invoking toplevel() on ptolemy.moml.MoMLSimpleApplication@5ffd527
----------------- Done invoking toplevel() on ptolemy.moml.MoMLSimpleApplication@5ffd527
reloadAllAccessors: .CausalityInterfaceFeedback2

===========================================================================================
----------------- testing Fri Mar 01 19:15:55 UTC 2019 /home/travis/build/icyphy/ptII/ptolemy/domains/continuous/test/auto/CompareWithCurrentTime.xml
----------------- Instantiating /home/travis/build/icyphy/ptII/ptolemy/domains/continuous/test/auto/CompareWithCurrentTime.xml
3 ms. Memory: 578560K Free: 185277K (32%)
----------------- Invoking toplevel() on ptolemy.moml.MoMLSimpleApplication@62dd1c3f
----------------- Done invoking toplevel() on ptolemy.moml.MoMLSimpleApplication@62dd1c3f
reloadAllAccessors: .CompareWithCurrentTime

===========================================================================================
----------------- testing Fri Mar 01 19:15:55 UTC 2019 /home/travis/build/icyphy/ptII/ptolemy/domains/continuous/test/auto/ComparedClocks.xml
----------------- Instantiating /home/travis/build/icyphy/ptII/ptolemy/domains/continuous/test/auto/ComparedClocks.xml
8 ms. Memory: 578560K Free: 165615K (29%)
----------------- Invoking toplevel() on ptolemy.moml.MoMLSimpleApplication@6faa01e8
----------------- Done invoking toplevel() on ptolemy.moml.MoMLSimpleApplication@6faa01e8
reloadAllAccessors: .ComparedClocks

===========================================================================================
----------------- testing Fri Mar 01 19:15:55 UTC 2019 /home/travis/build/icyphy/ptII/ptolemy/domains/continuous/test/auto/ContinuousAOCClone.xml
----------------- Instantiating /home/travis/build/icyphy/ptII/ptolemy/domains/continuous/test/auto/ContinuousAOCClone.xml
2526 ms. Memory: 872960K Free: 419993K (48%)
----------------- Invoking toplevel() on ptolemy.moml.MoMLSimpleApplication@46c1f8c3
----------------- Done invoking toplevel() on ptolemy.moml.MoMLSimpleApplication@46c1f8c3
reloadAllAccessors: .ContinuousAOCClone

===========================================================================================
----------------- testing Fri Mar 01 19:15:58 UTC 2019 /home/travis/build/icyphy/ptII/ptolemy/domains/continuous/test/auto/ContinuousClock.xml
----------------- Instantiating /home/travis/build/icyphy/ptII/ptolemy/domains/continuous/test/auto/ContinuousClock.xml
28 ms. Memory: 872960K Free: 387138K (44%)
----------------- Invoking toplevel() on ptolemy.moml.MoMLSimpleApplication@f3281dd
----------------- Done invoking toplevel() on ptolemy.moml.MoMLSimpleApplication@f3281dd
reloadAllAccessors: .ContinuousClock

===========================================================================================
----------------- testing Fri Mar 01 19:15:58 UTC 2019 /home/travis/build/icyphy/ptII/ptolemy/domains/continuous/test/auto/ContinuousInContinuous.xml
----------------- Instantiating /home/travis/build/icyphy/ptII/ptolemy/domains/continuous/test/auto/ContinuousInContinuous.xml
49 ms. Memory: 872960K Free: 355622K (41%)
----------------- Invoking toplevel() on ptolemy.moml.MoMLSimpleApplication@3fde6e36
----------------- Done invoking toplevel() on ptolemy.moml.MoMLSimpleApplication@3fde6e36
reloadAllAccessors: .ContinuousInContinuous

===========================================================================================
----------------- testing Fri Mar 01 19:15:58 UTC 2019 /home/travis/build/icyphy/ptII/ptolemy/domains/continuous/test/auto/ContinuousInContinuousInContinuous.xml
----------------- Instantiating /home/travis/build/icyphy/ptII/ptolemy/domains/continuous/test/auto/ContinuousInContinuousInContinuous.xml
10 ms. Memory: 872960K Free: 339887K (39%)
----------------- Invoking toplevel() on ptolemy.moml.MoMLSimpleApplication@7d3500a8
----------------- Done invoking toplevel() on ptolemy.moml.MoMLSimpleApplication@7d3500a8
reloadAllAccessors: .ContinuousInContinuousInContinuous

===========================================================================================
----------------- testing Fri Mar 01 19:15:58 UTC 2019 /home/travis/build/icyphy/ptII/ptolemy/domains/continuous/test/auto/ContinuousInDE.xml
----------------- Instantiating /home/travis/build/icyphy/ptII/ptolemy/domains/continuous/test/auto/ContinuousInDE.xml
116 ms. Memory: 872960K Free: 321076K (37%)
----------------- Invoking toplevel() on ptolemy.moml.MoMLSimpleApplication@5f6dd254
----------------- Done invoking toplevel() on ptolemy.moml.MoMLSimpleApplication@5f6dd254
reloadAllAccessors: .ContinuousInDE

===========================================================================================
----------------- testing Fri Mar 01 19:15:58 UTC 2019 /home/travis/build/icyphy/ptII/ptolemy/domains/continuous/test/auto/ContinuousInDE2.xml
----------------- Instantiating /home/travis/build/icyphy/ptII/ptolemy/domains/continuous/test/auto/ContinuousInDE2.xml
39 ms. Memory: 872960K Free: 305357K (35%)
----------------- Invoking toplevel() on ptolemy.moml.MoMLSimpleApplication@6f796824
----------------- Done invoking toplevel() on ptolemy.moml.MoMLSimpleApplication@6f796824
reloadAllAccessors: .ContinuousInDE2

===========================================================================================
----------------- testing Fri Mar 01 19:15:58 UTC 2019 /home/travis/build/icyphy/ptII/ptolemy/domains/continuous/test/auto/ContinuousInDE3.xml
----------------- Instantiating /home/travis/build/icyphy/ptII/ptolemy/domains/continuous/test/auto/ContinuousInDE3.xml
37 ms. Memory: 872960K Free: 289638K (33%)
----------------- Invoking toplevel() on ptolemy.moml.MoMLSimpleApplication@462e7693
----------------- Done invoking toplevel() on ptolemy.moml.MoMLSimpleApplication@462e7693
reloadAllAccessors: .ContinuousInDE3

===========================================================================================
----------------- testing Fri Mar 01 19:15:58 UTC 2019 /home/travis/build/icyphy/ptII/ptolemy/domains/continuous/test/auto/ContinuousInDE4.xml
----------------- Instantiating /home/travis/build/icyphy/ptII/ptolemy/domains/continuous/test/auto/ContinuousInDE4.xml
17 ms. Memory: 872960K Free: 279159K (32%)
----------------- Invoking toplevel() on ptolemy.moml.MoMLSimpleApplication@72b98b00
----------------- Done invoking toplevel() on ptolemy.moml.MoMLSimpleApplication@72b98b00
reloadAllAccessors: .ContinuousInDE4

===========================================================================================
----------------- testing Fri Mar 01 19:15:58 UTC 2019 /home/travis/build/icyphy/ptII/ptolemy/domains/continuous/test/auto/ContinuousInDEDifferentRefinements.xml
----------------- Instantiating /home/travis/build/icyphy/ptII/ptolemy/domains/continuous/test/auto/ContinuousInDEDifferentRefinements.xml
56 ms. Memory: 872960K Free: 239366K (27%)
----------------- Invoking toplevel() on ptolemy.moml.MoMLSimpleApplication@214b02c5
----------------- Done invoking toplevel() on ptolemy.moml.MoMLSimpleApplication@214b02c5
reloadAllAccessors: .ContinuousInDEDifferentRefinements

===========================================================================================
----------------- testing Fri Mar 01 19:15:58 UTC 2019 /home/travis/build/icyphy/ptII/ptolemy/domains/continuous/test/auto/ContinuousInDEDifferentRefinementsPreemptive.xml
----------------- Instantiating /home/travis/build/icyphy/ptII/ptolemy/domains/continuous/test/auto/ContinuousInDEDifferentRefinementsPreemptive.xml
44 ms. Memory: 872960K Free: 202658K (23%)
----------------- Invoking toplevel() on ptolemy.moml.MoMLSimpleApplication@718e0fe1
----------------- Done invoking toplevel() on ptolemy.moml.MoMLSimpleApplication@718e0fe1
reloadAllAccessors: .ContinuousInDEDifferentRefinementsPreemptive

===========================================================================================
----------------- testing Fri Mar 01 19:15:58 UTC 2019 /home/travis/build/icyphy/ptII/ptolemy/domains/continuous/test/auto/ContinuousInDEInContinuous2.xml
----------------- Instantiating /home/travis/build/icyphy/ptII/ptolemy/domains/continuous/test/auto/ContinuousInDEInContinuous2.xml
36 ms. Memory: 872960K Free: 186939K (21%)
----------------- Invoking toplevel() on ptolemy.moml.MoMLSimpleApplication@36b66460
----------------- Done invoking toplevel() on ptolemy.moml.MoMLSimpleApplication@36b66460
reloadAllAccessors: .ContinuousInDEInContinuous2

===========================================================================================
----------------- testing Fri Mar 01 19:15:59 UTC 2019 /home/travis/build/icyphy/ptII/ptolemy/domains/continuous/test/auto/ContinuousInDEInContinuous3.xml
----------------- Instantiating /home/travis/build/icyphy/ptII/ptolemy/domains/continuous/test/auto/ContinuousInDEInContinuous3.xml
36 ms. Memory: 872960K Free: 165965K (19%)
----------------- Invoking toplevel() on ptolemy.moml.MoMLSimpleApplication@1fdf9582
----------------- Done invoking toplevel() on ptolemy.moml.MoMLSimpleApplication@1fdf9582
reloadAllAccessors: .ContinuousInDEInContinuous3

===========================================================================================
----------------- testing Fri Mar 01 19:15:59 UTC 2019 /home/travis/build/icyphy/ptII/ptolemy/domains/continuous/test/auto/ContinuousInDEInput.xml
----------------- Instantiating /home/travis/build/icyphy/ptII/ptolemy/domains/continuous/test/auto/ContinuousInDEInput.xml
20 ms. Memory: 872960K Free: 152393K (17%)
----------------- Invoking toplevel() on ptolemy.moml.MoMLSimpleApplication@7582f0f9
----------------- Done invoking toplevel() on ptolemy.moml.MoMLSimpleApplication@7582f0f9
reloadAllAccessors: .ContinuousInDEInput

===========================================================================================
----------------- testing Fri Mar 01 19:15:59 UTC 2019 /home/travis/build/icyphy/ptII/ptolemy/domains/continuous/test/auto/ContinuousInDEInput2.xml
----------------- Instantiating /home/travis/build/icyphy/ptII/ptolemy/domains/continuous/test/auto/ContinuousInDEInput2.xml
15 ms. Memory: 872960K Free: 141914K (16%)
----------------- Invoking toplevel() on ptolemy.moml.MoMLSimpleApplication@4d6b442
----------------- Done invoking toplevel() on ptolemy.moml.MoMLSimpleApplication@4d6b442
reloadAllAccessors: .ContinuousInDEInput2

===========================================================================================
----------------- testing Fri Mar 01 19:15:59 UTC 2019 /home/travis/build/icyphy/ptII/ptolemy/domains/continuous/test/auto/ContinuousInDEInput3.xml
----------------- Instantiating /home/travis/build/icyphy/ptII/ptolemy/domains/continuous/test/auto/ContinuousInDEInput3.xml
14 ms. Memory: 872960K Free: 131435K (15%)
----------------- Invoking toplevel() on ptolemy.moml.MoMLSimpleApplication@67f04b50
----------------- Done invoking toplevel() on ptolemy.moml.MoMLSimpleApplication@67f04b50
reloadAllAccessors: .ContinuousInDEInput3

===========================================================================================
----------------- testing Fri Mar 01 19:15:59 UTC 2019 /home/travis/build/icyphy/ptII/ptolemy/domains/continuous/test/auto/ContinuousInDESharingRefinement.xml
----------------- Instantiating /home/travis/build/icyphy/ptII/ptolemy/domains/continuous/test/auto/ContinuousInDESharingRefinement.xml
161 ms. Memory: 829952K Free: 775872K (93%)
----------------- Invoking toplevel() on ptolemy.moml.MoMLSimpleApplication@74702a1d
----------------- Done invoking toplevel() on ptolemy.moml.MoMLSimpleApplication@74702a1d
reloadAllAccessors: .ContinuousInDESharingRefinement

===========================================================================================
----------------- testing Fri Mar 01 19:15:59 UTC 2019 /home/travis/build/icyphy/ptII/ptolemy/domains/continuous/test/auto/ContinuousInDEwithNoPorts.xml
----------------- Instantiating /home/travis/build/icyphy/ptII/ptolemy/domains/continuous/test/auto/ContinuousInDEwithNoPorts.xml
7 ms. Memory: 829952K Free: 763853K (92%)
----------------- Invoking toplevel() on ptolemy.moml.MoMLSimpleApplication@1b833db5
----------------- Done invoking toplevel() on ptolemy.moml.MoMLSimpleApplication@1b833db5
reloadAllAccessors: .ContinuousInDEwithNoPorts

===========================================================================================
----------------- testing Fri Mar 01 19:15:59 UTC 2019 /home/travis/build/icyphy/ptII/ptolemy/domains/continuous/test/auto/ContinuousInsideDE.xml
----------------- Instantiating /home/travis/build/icyphy/ptII/ptolemy/domains/continuous/test/auto/ContinuousInsideDE.xml
45 ms. Memory: 829952K Free: 745123K (90%)
----------------- Invoking toplevel() on ptolemy.moml.MoMLSimpleApplication@72c94622
----------------- Done invoking toplevel() on ptolemy.moml.MoMLSimpleApplication@72c94622
reloadAllAccessors: .ContinuousInsideDE

===========================================================================================
----------------- testing Fri Mar 01 19:15:59 UTC 2019 /home/travis/build/icyphy/ptII/ptolemy/domains/continuous/test/auto/ContinuousMerge1.xml
----------------- Instantiating /home/travis/build/icyphy/ptII/ptolemy/domains/continuous/test/auto/ContinuousMerge1.xml
3 ms. Memory: 829952K Free: 735649K (89%)
----------------- Invoking toplevel() on ptolemy.moml.MoMLSimpleApplication@7c84ff3d
----------------- Done invoking toplevel() on ptolemy.moml.MoMLSimpleApplication@7c84ff3d
reloadAllAccessors: .ContinuousMerge1

===========================================================================================
----------------- testing Fri Mar 01 19:15:59 UTC 2019 /home/travis/build/icyphy/ptII/ptolemy/domains/continuous/test/auto/ContinuousMerge2.xml
----------------- Instantiating /home/travis/build/icyphy/ptII/ptolemy/domains/continuous/test/auto/ContinuousMerge2.xml
11 ms. Memory: 829952K Free: 720490K (87%)
----------------- Invoking toplevel() on ptolemy.moml.MoMLSimpleApplication@6ed2020d
----------------- Done invoking toplevel() on ptolemy.moml.MoMLSimpleApplication@6ed2020d
reloadAllAccessors: .ContinuousMerge2

===========================================================================================
----------------- testing Fri Mar 01 19:15:59 UTC 2019 /home/travis/build/icyphy/ptII/ptolemy/domains/continuous/test/auto/ContinuousMerge3.xml
----------------- Instantiating /home/travis/build/icyphy/ptII/ptolemy/domains/continuous/test/auto/ContinuousMerge3.xml
65 ms. Memory: 829952K Free: 703515K (85%)
----------------- Invoking toplevel() on ptolemy.moml.MoMLSimpleApplication@1ad57935
----------------- Done invoking toplevel() on ptolemy.moml.MoMLSimpleApplication@1ad57935
reloadAllAccessors: .ContinuousMerge3

===========================================================================================
----------------- testing Fri Mar 01 19:15:59 UTC 2019 /home/travis/build/icyphy/ptII/ptolemy/domains/continuous/test/auto/ContinuousWithinContinuous.xml
----------------- Instantiating /home/travis/build/icyphy/ptII/ptolemy/domains/continuous/test/auto/ContinuousWithinContinuous.xml
34 ms. Memory: 829952K Free: 688528K (83%)
----------------- Invoking toplevel() on ptolemy.moml.MoMLSimpleApplication@77c7484
----------------- Done invoking toplevel() on ptolemy.moml.MoMLSimpleApplication@77c7484
reloadAllAccessors: .ContinuousWithinContinuous

===========================================================================================
----------------- testing Fri Mar 01 19:15:59 UTC 2019 /home/travis/build/icyphy/ptII/ptolemy/domains/continuous/test/auto/ContinuousWithinContinuous2.xml
----------------- Instantiating /home/travis/build/icyphy/ptII/ptolemy/domains/continuous/test/auto/ContinuousWithinContinuous2.xml
60 ms. Memory: 829952K Free: 677300K (82%)
----------------- Invoking toplevel() on ptolemy.moml.MoMLSimpleApplication@22a40f1
----------------- Done invoking toplevel() on ptolemy.moml.MoMLSimpleApplication@22a40f1
reloadAllAccessors: .ContinuousWithinContinuous2

===========================================================================================
----------------- testing Fri Mar 01 19:15:59 UTC 2019 /home/travis/build/icyphy/ptII/ptolemy/domains/continuous/test/auto/ContinuousWithinContinuous3.xml
----------------- Instantiating /home/travis/build/icyphy/ptII/ptolemy/domains/continuous/test/auto/ContinuousWithinContinuous3.xml
12 ms. Memory: 829952K Free: 664082K (80%)
----------------- Invoking toplevel() on ptolemy.moml.MoMLSimpleApplication@55cbd2a9
----------------- Done invoking toplevel() on ptolemy.moml.MoMLSimpleApplication@55cbd2a9
reloadAllAccessors: .ContinuousWithinContinuous3

===========================================================================================
----------------- testing Fri Mar 01 19:15:59 UTC 2019 /home/travis/build/icyphy/ptII/ptolemy/domains/continuous/test/auto/ContinuousWithinContinuous4.xml
----------------- Instantiating /home/travis/build/icyphy/ptII/ptolemy/domains/continuous/test/auto/ContinuousWithinContinuous4.xml
65 ms. Memory: 829952K Free: 645368K (78%)
----------------- Invoking toplevel() on ptolemy.moml.MoMLSimpleApplication@44651386
----------------- Done invoking toplevel() on ptolemy.moml.MoMLSimpleApplication@44651386
reloadAllAccessors: .ContinuousWithinContinuous4

===========================================================================================
----------------- testing Fri Mar 01 19:15:59 UTC 2019 /home/travis/build/icyphy/ptII/ptolemy/domains/continuous/test/auto/ContinuousWithinContinuous5.xml
----------------- Instantiating /home/travis/build/icyphy/ptII/ptolemy/domains/continuous/test/auto/ContinuousWithinContinuous5.xml
13 ms. Memory: 829952K Free: 632135K (76%)
----------------- Invoking toplevel() on ptolemy.moml.MoMLSimpleApplication@34ae2f7d
----------------- Done invoking toplevel() on ptolemy.moml.MoMLSimpleApplication@34ae2f7d
reloadAllAccessors: .ContinuousWithinContinuous5

===========================================================================================
----------------- testing Fri Mar 01 19:16:00 UTC 2019 /home/travis/build/icyphy/ptII/ptolemy/domains/continuous/test/auto/ContinuousWithinContinuous6.xml
----------------- Instantiating /home/travis/build/icyphy/ptII/ptolemy/domains/continuous/test/auto/ContinuousWithinContinuous6.xml
11 ms. Memory: 829952K Free: 620899K (75%)
----------------- Invoking toplevel() on ptolemy.moml.MoMLSimpleApplication@107a07c8
----------------- Done invoking toplevel() on ptolemy.moml.MoMLSimpleApplication@107a07c8
reloadAllAccessors: .ContinuousWithinContinuous6

===========================================================================================
----------------- testing Fri Mar 01 19:16:00 UTC 2019 /home/travis/build/icyphy/ptII/ptolemy/domains/continuous/test/auto/ContinuousWithinContinuous7.xml
----------------- Instantiating /home/travis/build/icyphy/ptII/ptolemy/domains/continuous/test/auto/ContinuousWithinContinuous7.xml
85 ms. Memory: 829952K Free: 609671K (73%)
----------------- Invoking toplevel() on ptolemy.moml.MoMLSimpleApplication@6657cbfd
----------------- Done invoking toplevel() on ptolemy.moml.MoMLSimpleApplication@6657cbfd
reloadAllAccessors: .ContinuousWithinContinuous7

===========================================================================================
----------------- testing Fri Mar 01 19:16:00 UTC 2019 /home/travis/build/icyphy/ptII/ptolemy/domains/continuous/test/auto/DCMotor.xml
----------------- Instantiating /home/travis/build/icyphy/ptII/ptolemy/domains/continuous/test/auto/DCMotor.xml
15352 ms. Memory: 668160K Free: 463403K (69%)
----------------- Invoking toplevel() on ptolemy.moml.MoMLSimpleApplication@75750490
----------------- Done invoking toplevel() on ptolemy.moml.MoMLSimpleApplication@75750490
reloadAllAccessors: .DCMotor

===========================================================================================
----------------- testing Fri Mar 01 19:16:15 UTC 2019 /home/travis/build/icyphy/ptII/ptolemy/domains/continuous/test/auto/DEInContinuous.xml
----------------- Instantiating /home/travis/build/icyphy/ptII/ptolemy/domains/continuous/test/auto/DEInContinuous.xml
10 ms. Memory: 668160K Free: 448913K (67%)
----------------- Invoking toplevel() on ptolemy.moml.MoMLSimpleApplication@56c6d04e
----------------- Done invoking toplevel() on ptolemy.moml.MoMLSimpleApplication@56c6d04e
reloadAllAccessors: .DEInContinuous

===========================================================================================
----------------- testing Fri Mar 01 19:16:15 UTC 2019 /home/travis/build/icyphy/ptII/ptolemy/domains/continuous/test/auto/DEinContinuous2.xml
----------------- Instantiating /home/travis/build/icyphy/ptII/ptolemy/domains/continuous/test/auto/DEinContinuous2.xml
7 ms. Memory: 668160K Free: 430227K (64%)
----------------- Invoking toplevel() on ptolemy.moml.MoMLSimpleApplication@5b3d3f42
----------------- Done invoking toplevel() on ptolemy.moml.MoMLSimpleApplication@5b3d3f42
reloadAllAccessors: .DEinContinuous2

===========================================================================================
----------------- testing Fri Mar 01 19:16:15 UTC 2019 /home/travis/build/icyphy/ptII/ptolemy/domains/continuous/test/auto/Derivative.xml
----------------- Instantiating /home/travis/build/icyphy/ptII/ptolemy/domains/continuous/test/auto/Derivative.xml
157 ms. Memory: 668160K Free: 393871K (59%)
----------------- Invoking toplevel() on ptolemy.moml.MoMLSimpleApplication@73fe3d8a
----------------- Done invoking toplevel() on ptolemy.moml.MoMLSimpleApplication@73fe3d8a
reloadAllAccessors: .Derivative2

===========================================================================================
----------------- testing Fri Mar 01 19:16:15 UTC 2019 /home/travis/build/icyphy/ptII/ptolemy/domains/continuous/test/auto/Derivative1.xml
----------------- Instantiating /home/travis/build/icyphy/ptII/ptolemy/domains/continuous/test/auto/Derivative1.xml
12 ms. Memory: 668160K Free: 375170K (56%)
----------------- Invoking toplevel() on ptolemy.moml.MoMLSimpleApplication@c68fd7b
----------------- Done invoking toplevel() on ptolemy.moml.MoMLSimpleApplication@c68fd7b
reloadAllAccessors: .Derivative1

===========================================================================================
----------------- testing Fri Mar 01 19:16:15 UTC 2019 /home/travis/build/icyphy/ptII/ptolemy/domains/continuous/test/auto/DiscreteClock.xml
----------------- Instantiating /home/travis/build/icyphy/ptII/ptolemy/domains/continuous/test/auto/DiscreteClock.xml
3 ms. Memory: 668160K Free: 363435K (54%)
----------------- Invoking toplevel() on ptolemy.moml.MoMLSimpleApplication@18fe90e3
----------------- Done invoking toplevel() on ptolemy.moml.MoMLSimpleApplication@18fe90e3
reloadAllAccessors: .DiscreteClock

===========================================================================================
----------------- testing Fri Mar 01 19:16:15 UTC 2019 /home/travis/build/icyphy/ptII/ptolemy/domains/continuous/test/auto/EfficiencyCurve.xml
----------------- Instantiating /home/travis/build/icyphy/ptII/ptolemy/domains/continuous/test/auto/EfficiencyCurve.xml
37 ms. Memory: 668160K Free: 350617K (52%)
----------------- Invoking toplevel() on ptolemy.moml.MoMLSimpleApplication@7980858c
----------------- Done invoking toplevel() on ptolemy.moml.MoMLSimpleApplication@7980858c
reloadAllAccessors: .EfficiencyCurve

===========================================================================================
----------------- testing Fri Mar 01 19:16:15 UTC 2019 /home/travis/build/icyphy/ptII/ptolemy/domains/continuous/test/auto/ExponentialResponse.xml
----------------- Instantiating /home/travis/build/icyphy/ptII/ptolemy/domains/continuous/test/auto/ExponentialResponse.xml
107 ms. Memory: 668160K Free: 326065K (49%)
----------------- Invoking toplevel() on ptolemy.moml.MoMLSimpleApplication@70214a5b
----------------- Done invoking toplevel() on ptolemy.moml.MoMLSimpleApplication@70214a5b
reloadAllAccessors: .ExponentialResponse

===========================================================================================
----------------- testing Fri Mar 01 19:16:16 UTC 2019 /home/travis/build/icyphy/ptII/ptolemy/domains/continuous/test/auto/ExponentialResponseRK45.xml
----------------- Instantiating /home/travis/build/icyphy/ptII/ptolemy/domains/continuous/test/auto/ExponentialResponseRK45.xml
25 ms. Memory: 668160K Free: 313247K (47%)
----------------- Invoking toplevel() on ptolemy.moml.MoMLSimpleApplication@5d0417e8
----------------- Done invoking toplevel() on ptolemy.moml.MoMLSimpleApplication@5d0417e8
reloadAllAccessors: .ExponentialResponseRK45

===========================================================================================
----------------- testing Fri Mar 01 19:16:16 UTC 2019 /home/travis/build/icyphy/ptII/ptolemy/domains/continuous/test/auto/Friction.xml
----------------- Instantiating /home/travis/build/icyphy/ptII/ptolemy/domains/continuous/test/auto/Friction.xml
1421 ms. Memory: 647168K Free: 409443K (63%)
----------------- Invoking toplevel() on ptolemy.moml.MoMLSimpleApplication@3fadc6c0
----------------- Done invoking toplevel() on ptolemy.moml.MoMLSimpleApplication@3fadc6c0
reloadAllAccessors: .Friction

===========================================================================================
----------------- testing Fri Mar 01 19:16:17 UTC 2019 /home/travis/build/icyphy/ptII/ptolemy/domains/continuous/test/auto/FurutaPendulum.xml
----------------- Instantiating /home/travis/build/icyphy/ptII/ptolemy/domains/continuous/test/auto/FurutaPendulum.xml
3622 ms. Memory: 617472K Free: 410225K (66%)
----------------- Invoking toplevel() on ptolemy.moml.MoMLSimpleApplication@7a64a0ad
----------------- Done invoking toplevel() on ptolemy.moml.MoMLSimpleApplication@7a64a0ad
reloadAllAccessors: .FurutaPendulum

===========================================================================================
----------------- testing Fri Mar 01 19:16:21 UTC 2019 /home/travis/build/icyphy/ptII/ptolemy/domains/continuous/test/auto/HierarchicalExecution.xml
----------------- Instantiating /home/travis/build/icyphy/ptII/ptolemy/domains/continuous/test/auto/HierarchicalExecution.xml
2155 ms. Memory: 617472K Free: 80954K (13%)
----------------- Invoking toplevel() on ptolemy.moml.MoMLSimpleApplication@590bde83
----------------- Done invoking toplevel() on ptolemy.moml.MoMLSimpleApplication@590bde83
reloadAllAccessors: .HierarchicalExecution

===========================================================================================
----------------- testing Fri Mar 01 19:16:23 UTC 2019 /home/travis/build/icyphy/ptII/ptolemy/domains/continuous/test/auto/HybridPlant.xml
----------------- Instantiating /home/travis/build/icyphy/ptII/ptolemy/domains/continuous/test/auto/HybridPlant.xml
479 ms. Memory: 589824K Free: 308270K (52%)
----------------- Invoking toplevel() on ptolemy.moml.MoMLSimpleApplication@310dcba3
----------------- Done invoking toplevel() on ptolemy.moml.MoMLSimpleApplication@310dcba3
reloadAllAccessors: .HybridPlant

===========================================================================================
----------------- testing Fri Mar 01 19:16:24 UTC 2019 /home/travis/build/icyphy/ptII/ptolemy/domains/continuous/test/auto/Hysteresis.xml
----------------- Instantiating /home/travis/build/icyphy/ptII/ptolemy/domains/continuous/test/auto/Hysteresis.xml
135 ms. Memory: 589824K Free: 239556K (41%)
----------------- Invoking toplevel() on ptolemy.moml.MoMLSimpleApplication@35abb586
----------------- Done invoking toplevel() on ptolemy.moml.MoMLSimpleApplication@35abb586
reloadAllAccessors: .Hysteresis

===========================================================================================
----------------- testing Fri Mar 01 19:16:24 UTC 2019 /home/travis/build/icyphy/ptII/ptolemy/domains/continuous/test/auto/HysteresisWithRandomDelay.xml
----------------- Instantiating /home/travis/build/icyphy/ptII/ptolemy/domains/continuous/test/auto/HysteresisWithRandomDelay.xml
169 ms. Memory: 589824K Free: 160663K (27%)
----------------- Invoking toplevel() on ptolemy.moml.MoMLSimpleApplication@1a916f83
----------------- Done invoking toplevel() on ptolemy.moml.MoMLSimpleApplication@1a916f83
reloadAllAccessors: .HysteresisWithRandomDelay

===========================================================================================
----------------- testing Fri Mar 01 19:16:24 UTC 2019 /home/travis/build/icyphy/ptII/ptolemy/domains/continuous/test/auto/HysteresisWithRandomLosses.xml
----------------- Instantiating /home/travis/build/icyphy/ptII/ptolemy/domains/continuous/test/auto/HysteresisWithRandomLosses.xml
2422 ms. Memory: 543232K Free: 312369K (58%)
----------------- Invoking toplevel() on ptolemy.moml.MoMLSimpleApplication@5be28668
----------------- Done invoking toplevel() on ptolemy.moml.MoMLSimpleApplication@5be28668
reloadAllAccessors: .HysteresisWithRandomLosses

===========================================================================================
----------------- testing Fri Mar 01 19:16:27 UTC 2019 /home/travis/build/icyphy/ptII/ptolemy/domains/continuous/test/auto/ImmediateTransitions.xml
----------------- Instantiating /home/travis/build/icyphy/ptII/ptolemy/domains/continuous/test/auto/ImmediateTransitions.xml
9 ms. Memory: 543232K Free: 294235K (54%)
----------------- Invoking toplevel() on ptolemy.moml.MoMLSimpleApplication@4dbdabc1
----------------- Done invoking toplevel() on ptolemy.moml.MoMLSimpleApplication@4dbdabc1
reloadAllAccessors: .ImmediateTransitions

===========================================================================================
----------------- testing Fri Mar 01 19:16:27 UTC 2019 /home/travis/build/icyphy/ptII/ptolemy/domains/continuous/test/auto/ImpulseFeedback.xml
----------------- Instantiating /home/travis/build/icyphy/ptII/ptolemy/domains/continuous/test/auto/ImpulseFeedback.xml
8 ms. Memory: 543232K Free: 284219K (52%)
----------------- Invoking toplevel() on ptolemy.moml.MoMLSimpleApplication@c02aa88
----------------- Done invoking toplevel() on ptolemy.moml.MoMLSimpleApplication@c02aa88
reloadAllAccessors: .ImpulseFeedback

===========================================================================================
----------------- testing Fri Mar 01 19:16:27 UTC 2019 /home/travis/build/icyphy/ptII/ptolemy/domains/continuous/test/auto/ImpulseFeedback2.xml
----------------- Instantiating /home/travis/build/icyphy/ptII/ptolemy/domains/continuous/test/auto/ImpulseFeedback2.xml
6 ms. Memory: 543232K Free: 274022K (50%)
----------------- Invoking toplevel() on ptolemy.moml.MoMLSimpleApplication@740e21c9
----------------- Done invoking toplevel() on ptolemy.moml.MoMLSimpleApplication@740e21c9
reloadAllAccessors: .ImpulseFeedback2

===========================================================================================
----------------- testing Fri Mar 01 19:16:27 UTC 2019 /home/travis/build/icyphy/ptII/ptolemy/domains/continuous/test/auto/IncreasingRatePoisson.xml
----------------- Instantiating /home/travis/build/icyphy/ptII/ptolemy/domains/continuous/test/auto/IncreasingRatePoisson.xml
345 ms. Memory: 543232K Free: 124992K (23%)

===========================================================================================
----------------- testing Fri Mar 01 19:16:27 UTC 2019 /home/travis/build/icyphy/ptII/ptolemy/domains/continuous/test/auto/InitialStateFeedback.xml
----------------- Instantiating /home/travis/build/icyphy/ptII/ptolemy/domains/continuous/test/auto/InitialStateFeedback.xml
4 ms. Memory: 543232K Free: 111544K (21%)
----------------- Invoking toplevel() on ptolemy.moml.MoMLSimpleApplication@7ba15092
----------------- Done invoking toplevel() on ptolemy.moml.MoMLSimpleApplication@7ba15092
reloadAllAccessors: .InitialStateFeedback

===========================================================================================
----------------- testing Fri Mar 01 19:16:27 UTC 2019 /home/travis/build/icyphy/ptII/ptolemy/domains/continuous/test/auto/Integration.xml
----------------- Instantiating /home/travis/build/icyphy/ptII/ptolemy/domains/continuous/test/auto/Integration.xml
1 ms. Memory: 543232K Free: 104441K (19%)
----------------- Invoking toplevel() on ptolemy.moml.MoMLSimpleApplication@15db83a4
----------------- Done invoking toplevel() on ptolemy.moml.MoMLSimpleApplication@15db83a4
reloadAllAccessors: .Integration

===========================================================================================
----------------- testing Fri Mar 01 19:16:27 UTC 2019 /home/travis/build/icyphy/ptII/ptolemy/domains/continuous/test/auto/Integration2.xml
----------------- Instantiating /home/travis/build/icyphy/ptII/ptolemy/domains/continuous/test/auto/Integration2.xml
84 ms. Memory: 543232K Free: 85196K (16%)
----------------- Invoking toplevel() on ptolemy.moml.MoMLSimpleApplication@1a770ad4
----------------- Done invoking toplevel() on ptolemy.moml.MoMLSimpleApplication@1a770ad4
reloadAllAccessors: .Integration2

===========================================================================================
----------------- testing Fri Mar 01 19:16:27 UTC 2019 /home/travis/build/icyphy/ptII/ptolemy/domains/continuous/test/auto/Integration3.xml
----------------- Instantiating /home/travis/build/icyphy/ptII/ptolemy/domains/continuous/test/auto/Integration3.xml
2 ms. Memory: 543232K Free: 78093K (14%)
----------------- Invoking toplevel() on ptolemy.moml.MoMLSimpleApplication@74524ebf
----------------- Done invoking toplevel() on ptolemy.moml.MoMLSimpleApplication@74524ebf
reloadAllAccessors: .Integration3

===========================================================================================
----------------- testing Fri Mar 01 19:16:28 UTC 2019 /home/travis/build/icyphy/ptII/ptolemy/domains/continuous/test/auto/Integration5.xml
----------------- Instantiating /home/travis/build/icyphy/ptII/ptolemy/domains/continuous/test/auto/Integration5.xml
2 ms. Memory: 543232K Free: 71180K (13%)
----------------- Invoking toplevel() on ptolemy.moml.MoMLSimpleApplication@fbcf128
----------------- Done invoking toplevel() on ptolemy.moml.MoMLSimpleApplication@fbcf128
reloadAllAccessors: .Integration5

===========================================================================================
----------------- testing Fri Mar 01 19:16:28 UTC 2019 /home/travis/build/icyphy/ptII/ptolemy/domains/continuous/test/auto/IntegratorImpulse.xml
----------------- Instantiating /home/travis/build/icyphy/ptII/ptolemy/domains/continuous/test/auto/IntegratorImpulse.xml
2 ms. Memory: 543232K Free: 64078K (12%)
----------------- Invoking toplevel() on ptolemy.moml.MoMLSimpleApplication@7ea65e36
----------------- Done invoking toplevel() on ptolemy.moml.MoMLSimpleApplication@7ea65e36
reloadAllAccessors: .IntegratorImpulse

===========================================================================================
----------------- testing Fri Mar 01 19:16:28 UTC 2019 /home/travis/build/icyphy/ptII/ptolemy/domains/continuous/test/auto/IntegratorImpulse2.xml
----------------- Instantiating /home/travis/build/icyphy/ptII/ptolemy/domains/continuous/test/auto/IntegratorImpulse2.xml
6 ms. Memory: 521728K Free: 498019K (95%)
----------------- Invoking toplevel() on ptolemy.moml.MoMLSimpleApplication@58afb0b8
----------------- Done invoking toplevel() on ptolemy.moml.MoMLSimpleApplication@58afb0b8
reloadAllAccessors: .IntegratorImpulse2

===========================================================================================
----------------- testing Fri Mar 01 19:16:28 UTC 2019 /home/travis/build/icyphy/ptII/ptolemy/domains/continuous/test/auto/LevelCrossing1.xml
----------------- Instantiating /home/travis/build/icyphy/ptII/ptolemy/domains/continuous/test/auto/LevelCrossing1.xml
2 ms. Memory: 521728K Free: 486828K (93%)
----------------- Invoking toplevel() on ptolemy.moml.MoMLSimpleApplication@58a7917b
----------------- Done invoking toplevel() on ptolemy.moml.MoMLSimpleApplication@58a7917b
reloadAllAccessors: .LevelCrossing1

===========================================================================================
----------------- testing Fri Mar 01 19:16:28 UTC 2019 /home/travis/build/icyphy/ptII/ptolemy/domains/continuous/test/auto/LevelCrossing2.xml
----------------- Instantiating /home/travis/build/icyphy/ptII/ptolemy/domains/continuous/test/auto/LevelCrossing2.xml
2 ms. Memory: 521728K Free: 477105K (91%)
----------------- Invoking toplevel() on ptolemy.moml.MoMLSimpleApplication@5220e8f8
----------------- Done invoking toplevel() on ptolemy.moml.MoMLSimpleApplication@5220e8f8
reloadAllAccessors: .LevelCrossing2

===========================================================================================
----------------- testing Fri Mar 01 19:16:28 UTC 2019 /home/travis/build/icyphy/ptII/ptolemy/domains/continuous/test/auto/LevelCrossing3.xml
----------------- Instantiating /home/travis/build/icyphy/ptII/ptolemy/domains/continuous/test/auto/LevelCrossing3.xml
2 ms. Memory: 521728K Free: 467382K (90%)
----------------- Invoking toplevel() on ptolemy.moml.MoMLSimpleApplication@101e3791
----------------- Done invoking toplevel() on ptolemy.moml.MoMLSimpleApplication@101e3791
reloadAllAccessors: .LevelCrossing3

===========================================================================================
----------------- testing Fri Mar 01 19:16:28 UTC 2019 /home/travis/build/icyphy/ptII/ptolemy/domains/continuous/test/auto/LevelCrossing4.xml
[...]
969 ms. Memory: 330752K Free: 203193K (61%)
----------------- Invoking toplevel() on ptolemy.moml.MoMLSimpleApplication@33ce35fb
----------------- Done invoking toplevel() on ptolemy.moml.MoMLSimpleApplication@33ce35fb
reloadAllAccessors: .Satellite

===========================================================================================
----------------- testing Fri Mar 01 19:16:48 UTC 2019 /home/travis/build/icyphy/ptII/ptolemy/domains/continuous/test/auto/SigmaDelta.xml
----------------- Instantiating /home/travis/build/icyphy/ptII/ptolemy/domains/continuous/test/auto/SigmaDelta.xml
2590 ms. Memory: 320000K Free: 38022K (12%)
----------------- Invoking toplevel() on ptolemy.moml.MoMLSimpleApplication@1f0b0e83
----------------- Done invoking toplevel() on ptolemy.moml.MoMLSimpleApplication@1f0b0e83
reloadAllAccessors: .SigmaDelta

===========================================================================================
----------------- testing Fri Mar 01 19:16:51 UTC 2019 /home/travis/build/icyphy/ptII/ptolemy/domains/continuous/test/auto/SingleRefinement.xml
----------------- Instantiating /home/travis/build/icyphy/ptII/ptolemy/domains/continuous/test/auto/SingleRefinement.xml
314 ms. Memory: 303616K Free: 66347K (22%)
----------------- Invoking toplevel() on ptolemy.moml.MoMLSimpleApplication@1fe2364c
----------------- Done invoking toplevel() on ptolemy.moml.MoMLSimpleApplication@1fe2364c
reloadAllAccessors: .SingleRefinement

===========================================================================================
----------------- testing Fri Mar 01 19:16:51 UTC 2019 /home/travis/build/icyphy/ptII/ptolemy/domains/continuous/test/auto/SinuBouncingBall.xml
----------------- Instantiating /home/travis/build/icyphy/ptII/ptolemy/domains/continuous/test/auto/SinuBouncingBall.xml
798 ms. Memory: 360960K Free: 118385K (33%)
----------------- Invoking toplevel() on ptolemy.moml.MoMLSimpleApplication@35df9d47
----------------- Done invoking toplevel() on ptolemy.moml.MoMLSimpleApplication@35df9d47
reloadAllAccessors: .SinuBouncingBall

===========================================================================================
----------------- testing Fri Mar 01 19:16:52 UTC 2019 /home/travis/build/icyphy/ptII/ptolemy/domains/continuous/test/auto/Sinusoid.xml
----------------- Instantiating /home/travis/build/icyphy/ptII/ptolemy/domains/continuous/test/auto/Sinusoid.xml
5 ms. Memory: 360960K Free: 110508K (31%)
----------------- Invoking toplevel() on ptolemy.moml.MoMLSimpleApplication@6d0ac654
----------------- Done invoking toplevel() on ptolemy.moml.MoMLSimpleApplication@6d0ac654
reloadAllAccessors: .Sinusoid

===========================================================================================
----------------- testing Fri Mar 01 19:16:52 UTC 2019 /home/travis/build/icyphy/ptII/ptolemy/domains/continuous/test/auto/SinusoidInNoise.xml
----------------- Instantiating /home/travis/build/icyphy/ptII/ptolemy/domains/continuous/test/auto/SinusoidInNoise.xml
987 ms. Memory: 348160K Free: 169112K (49%)
----------------- Invoking toplevel() on ptolemy.moml.MoMLSimpleApplication@45642f1a
----------------- Done invoking toplevel() on ptolemy.moml.MoMLSimpleApplication@45642f1a
reloadAllAccessors: .SinusoidInNoise

===========================================================================================
----------------- testing Fri Mar 01 19:16:53 UTC 2019 /home/travis/build/icyphy/ptII/ptolemy/domains/continuous/test/auto/SinusoidRK45.xml
----------------- Instantiating /home/travis/build/icyphy/ptII/ptolemy/domains/continuous/test/auto/SinusoidRK45.xml
2 ms. Memory: 348160K Free: 161839K (46%)
----------------- Invoking toplevel() on ptolemy.moml.MoMLSimpleApplication@4dc03b51
----------------- Done invoking toplevel() on ptolemy.moml.MoMLSimpleApplication@4dc03b51
reloadAllAccessors: .SinusoidRK45

===========================================================================================
----------------- testing Fri Mar 01 19:16:53 UTC 2019 /home/travis/build/icyphy/ptII/ptolemy/domains/continuous/test/auto/SinusoidWithMultipleImpulses.xml
----------------- Instantiating /home/travis/build/icyphy/ptII/ptolemy/domains/continuous/test/auto/SinusoidWithMultipleImpulses.xml
10 ms. Memory: 348160K Free: 155598K (45%)
----------------- Invoking toplevel() on ptolemy.moml.MoMLSimpleApplication@500f5787
----------------- Done invoking toplevel() on ptolemy.moml.MoMLSimpleApplication@500f5787
reloadAllAccessors: .SinusoidWithMultipleImpulses

===========================================================================================
----------------- testing Fri Mar 01 19:16:53 UTC 2019 /home/travis/build/icyphy/ptII/ptolemy/domains/continuous/test/auto/SquareWave.xml
----------------- Instantiating /home/travis/build/icyphy/ptII/ptolemy/domains/continuous/test/auto/SquareWave.xml
173 ms. Memory: 348160K Free: 128086K (37%)
----------------- Invoking toplevel() on ptolemy.moml.MoMLSimpleApplication@22fee12c
----------------- Done invoking toplevel() on ptolemy.moml.MoMLSimpleApplication@22fee12c
reloadAllAccessors: .SquareWave

===========================================================================================
----------------- testing Fri Mar 01 19:16:54 UTC 2019 /home/travis/build/icyphy/ptII/ptolemy/domains/continuous/test/auto/Starmac.xml
----------------- Instantiating /home/travis/build/icyphy/ptII/ptolemy/domains/continuous/test/auto/Starmac.xml
3041 ms. Memory: 325120K Free: 248122K (76%)
----------------- Invoking toplevel() on ptolemy.moml.MoMLSimpleApplication@1a2ff009
----------------- Done invoking toplevel() on ptolemy.moml.MoMLSimpleApplication@1a2ff009
reloadAllAccessors: .Starmac

===========================================================================================
----------------- testing Fri Mar 01 19:16:57 UTC 2019 /home/travis/build/icyphy/ptII/ptolemy/domains/continuous/test/auto/StaticUnits.xml
----------------- Instantiating /home/travis/build/icyphy/ptII/ptolemy/domains/continuous/test/auto/StaticUnits.xml
2104 ms. Memory: 303104K Free: 209396K (69%)
----------------- Invoking toplevel() on ptolemy.moml.MoMLSimpleApplication@2fd838f6
----------------- Done invoking toplevel() on ptolemy.moml.MoMLSimpleApplication@2fd838f6
reloadAllAccessors: .StaticUnits

===========================================================================================
----------------- testing Fri Mar 01 19:16:59 UTC 2019 /home/travis/build/icyphy/ptII/ptolemy/domains/continuous/test/auto/StickyMasses.xml
----------------- Instantiating /home/travis/build/icyphy/ptII/ptolemy/domains/continuous/test/auto/StickyMasses.xml
137 ms. Memory: 303104K Free: 153555K (51%)
----------------- Invoking toplevel() on ptolemy.moml.MoMLSimpleApplication@3789b8a3
----------------- Done invoking toplevel() on ptolemy.moml.MoMLSimpleApplication@3789b8a3
reloadAllAccessors: .StickyMasses

===========================================================================================
----------------- testing Fri Mar 01 19:17:00 UTC 2019 /home/travis/build/icyphy/ptII/ptolemy/domains/continuous/test/auto/StopTime.xml
----------------- Instantiating /home/travis/build/icyphy/ptII/ptolemy/domains/continuous/test/auto/StopTime.xml
46 ms. Memory: 303104K Free: 125827K (42%)
----------------- Invoking toplevel() on ptolemy.moml.MoMLSimpleApplication@671801dc
----------------- Done invoking toplevel() on ptolemy.moml.MoMLSimpleApplication@671801dc
reloadAllAccessors: .StopTime

===========================================================================================
----------------- testing Fri Mar 01 19:17:00 UTC 2019 /home/travis/build/icyphy/ptII/ptolemy/domains/continuous/test/auto/StopTime2.xml
----------------- Instantiating /home/travis/build/icyphy/ptII/ptolemy/domains/continuous/test/auto/StopTime2.xml
37 ms. Memory: 303104K Free: 101090K (33%)
----------------- Invoking toplevel() on ptolemy.moml.MoMLSimpleApplication@4fdd018c
----------------- Done invoking toplevel() on ptolemy.moml.MoMLSimpleApplication@4fdd018c
reloadAllAccessors: .StopTime2

===========================================================================================
----------------- testing Fri Mar 01 19:17:00 UTC 2019 /home/travis/build/icyphy/ptII/ptolemy/domains/continuous/test/auto/Switch.xml
----------------- Instantiating /home/travis/build/icyphy/ptII/ptolemy/domains/continuous/test/auto/Switch.xml
41 ms. Memory: 303104K Free: 73422K (24%)
----------------- Invoking toplevel() on ptolemy.moml.MoMLSimpleApplication@4eed9799
----------------- Done invoking toplevel() on ptolemy.moml.MoMLSimpleApplication@4eed9799
reloadAllAccessors: .Switch

===========================================================================================
----------------- testing Fri Mar 01 19:17:00 UTC 2019 /home/travis/build/icyphy/ptII/ptolemy/domains/continuous/test/auto/Thermostat.xml
----------------- Instantiating /home/travis/build/icyphy/ptII/ptolemy/domains/continuous/test/auto/Thermostat.xml
187 ms. Memory: 293376K Free: 210120K (72%)
----------------- Invoking toplevel() on ptolemy.moml.MoMLSimpleApplication@66b62248
----------------- Done invoking toplevel() on ptolemy.moml.MoMLSimpleApplication@66b62248
reloadAllAccessors: .Thermostat

===========================================================================================
----------------- testing Fri Mar 01 19:17:00 UTC 2019 /home/travis/build/icyphy/ptII/ptolemy/domains/continuous/test/auto/TimeDelay.xml
----------------- Instantiating /home/travis/build/icyphy/ptII/ptolemy/domains/continuous/test/auto/TimeDelay.xml
5 ms. Memory: 293376K Free: 202647K (69%)
----------------- Invoking toplevel() on ptolemy.moml.MoMLSimpleApplication@e6d19c3
----------------- Done invoking toplevel() on ptolemy.moml.MoMLSimpleApplication@e6d19c3
reloadAllAccessors: .TimeDelay

===========================================================================================
----------------- testing Fri Mar 01 19:17:00 UTC 2019 /home/travis/build/icyphy/ptII/ptolemy/domains/continuous/test/auto/TimeDelay2.xml
----------------- Instantiating /home/travis/build/icyphy/ptII/ptolemy/domains/continuous/test/auto/TimeDelay2.xml
11 ms. Memory: 293376K Free: 194634K (66%)
----------------- Invoking toplevel() on ptolemy.moml.MoMLSimpleApplication@1e7feadf
----------------- Done invoking toplevel() on ptolemy.moml.MoMLSimpleApplication@1e7feadf
reloadAllAccessors: .TimeDelay2

===========================================================================================
----------------- testing Fri Mar 01 19:17:00 UTC 2019 /home/travis/build/icyphy/ptII/ptolemy/domains/continuous/test/auto/TimeDelay3.xml
----------------- Instantiating /home/travis/build/icyphy/ptII/ptolemy/domains/continuous/test/auto/TimeDelay3.xml
6 ms. Memory: 293376K Free: 189482K (65%)
----------------- Invoking toplevel() on ptolemy.moml.MoMLSimpleApplication@2f1e4b6f
----------------- Done invoking toplevel() on ptolemy.moml.MoMLSimpleApplication@2f1e4b6f
reloadAllAccessors: .TimeDelay3

===========================================================================================
----------------- testing Fri Mar 01 19:17:00 UTC 2019 /home/travis/build/icyphy/ptII/ptolemy/domains/continuous/test/auto/TransferAbsentToInside.xml
----------------- Instantiating /home/travis/build/icyphy/ptII/ptolemy/domains/continuous/test/auto/TransferAbsentToInside.xml
29 ms. Memory: 293376K Free: 133125K (45%)
----------------- Invoking toplevel() on ptolemy.moml.MoMLSimpleApplication@42e68b19
----------------- Done invoking toplevel() on ptolemy.moml.MoMLSimpleApplication@42e68b19
reloadAllAccessors: .TransferAbsentToInside

===========================================================================================
----------------- testing Fri Mar 01 19:17:00 UTC 2019 /home/travis/build/icyphy/ptII/ptolemy/domains/continuous/test/auto/Transmission.xml
----------------- Instantiating /home/travis/build/icyphy/ptII/ptolemy/domains/continuous/test/auto/Transmission.xml
753 ms. Memory: 291328K Free: 102990K (35%)
----------------- Invoking toplevel() on ptolemy.moml.MoMLSimpleApplication@122ef34f
----------------- Done invoking toplevel() on ptolemy.moml.MoMLSimpleApplication@122ef34f
reloadAllAccessors: .Transmission

===========================================================================================
----------------- testing Fri Mar 01 19:17:01 UTC 2019 /home/travis/build/icyphy/ptII/ptolemy/domains/continuous/test/auto/TriggeredContinuousClock.xml
----------------- Instantiating /home/travis/build/icyphy/ptII/ptolemy/domains/continuous/test/auto/TriggeredContinuousClock.xml
37 ms. Memory: 291328K Free: 69959K (24%)
----------------- Invoking toplevel() on ptolemy.moml.MoMLSimpleApplication@783aaad3
----------------- Done invoking toplevel() on ptolemy.moml.MoMLSimpleApplication@783aaad3
reloadAllAccessors: .TriggeredContinuousClock

===========================================================================================
----------------- testing Fri Mar 01 19:17:01 UTC 2019 /home/travis/build/icyphy/ptII/ptolemy/domains/continuous/test/auto/TwoMachineInfiniteBusControl.xml
----------------- Instantiating /home/travis/build/icyphy/ptII/ptolemy/domains/continuous/test/auto/TwoMachineInfiniteBusControl.xml
2746 ms. Memory: 228352K Free: 69994K (31%)
----------------- Invoking toplevel() on ptolemy.moml.MoMLSimpleApplication@455c0831
----------------- Done invoking toplevel() on ptolemy.moml.MoMLSimpleApplication@455c0831
reloadAllAccessors: .TwoMachineInfiniteBusControl

===========================================================================================
----------------- testing Fri Mar 01 19:17:04 UTC 2019 /home/travis/build/icyphy/ptII/ptolemy/domains/continuous/test/auto/V2V.xml
----------------- Instantiating /home/travis/build/icyphy/ptII/ptolemy/domains/continuous/test/auto/V2V.xml
766 ms. Memory: 227328K Free: 49680K (22%)
----------------- Invoking toplevel() on ptolemy.moml.MoMLSimpleApplication@306bcd6c
----------------- Done invoking toplevel() on ptolemy.moml.MoMLSimpleApplication@306bcd6c
reloadAllAccessors: .V2V

===========================================================================================
----------------- testing Fri Mar 01 19:17:05 UTC 2019 /home/travis/build/icyphy/ptII/ptolemy/domains/continuous/test/auto/hierarchicalModalModel.xml
----------------- Instantiating /home/travis/build/icyphy/ptII/ptolemy/domains/continuous/test/auto/hierarchicalModalModel.xml
8 ms. Memory: 214528K Free: 191678K (89%)
----------------- Invoking toplevel() on ptolemy.moml.MoMLSimpleApplication@6e0673b4
----------------- Done invoking toplevel() on ptolemy.moml.MoMLSimpleApplication@6e0673b4
reloadAllAccessors: .hierarchicalModalModel

===========================================================================================
----------------- testing Fri Mar 01 19:17:05 UTC 2019 /home/travis/build/icyphy/ptII/ptolemy/domains/continuous/test/auto/hierarchicalModalModel1.xml
----------------- Instantiating /home/travis/build/icyphy/ptII/ptolemy/domains/continuous/test/auto/hierarchicalModalModel1.xml
18 ms. Memory: 214528K Free: 175330K (82%)
----------------- Invoking toplevel() on ptolemy.moml.MoMLSimpleApplication@7303e4e5
----------------- Done invoking toplevel() on ptolemy.moml.MoMLSimpleApplication@7303e4e5
reloadAllAccessors: .hierarchicalModalModel1

===========================================================================================
----------------- testing Fri Mar 01 19:17:05 UTC 2019 /home/travis/build/icyphy/ptII/ptolemy/domains/continuous/test/auto/hierarchicalModalModel2.xml
----------------- Instantiating /home/travis/build/icyphy/ptII/ptolemy/domains/continuous/test/auto/hierarchicalModalModel2.xml
13 ms. Memory: 214528K Free: 160099K (75%)
----------------- Invoking toplevel() on ptolemy.moml.MoMLSimpleApplication@1e24cb7e
----------------- Done invoking toplevel() on ptolemy.moml.MoMLSimpleApplication@1e24cb7e
reloadAllAccessors: .hierarchicalModalModel2

===========================================================================================
----------------- testing Fri Mar 01 19:17:05 UTC 2019 /home/travis/build/icyphy/ptII/ptolemy/domains/continuous/test/auto/hierarchicalModalModel3.xml
----------------- Instantiating /home/travis/build/icyphy/ptII/ptolemy/domains/continuous/test/auto/hierarchicalModalModel3.xml
11 ms. Memory: 214528K Free: 147131K (69%)
----------------- Invoking toplevel() on ptolemy.moml.MoMLSimpleApplication@5d85f2aa
----------------- Done invoking toplevel() on ptolemy.moml.MoMLSimpleApplication@5d85f2aa
reloadAllAccessors: .hierarchicalModalModel3

===========================================================================================
----------------- testing Fri Mar 01 19:17:05 UTC 2019 /home/travis/build/icyphy/ptII/ptolemy/domains/continuous/test/auto/hierarchicalModalModel4.xml
----------------- Instantiating /home/travis/build/icyphy/ptII/ptolemy/domains/continuous/test/auto/hierarchicalModalModel4.xml
4 ms. Memory: 214528K Free: 133000K (62%)
----------------- Invoking toplevel() on ptolemy.moml.MoMLSimpleApplication@50fb8037
----------------- Done invoking toplevel() on ptolemy.moml.MoMLSimpleApplication@50fb8037
reloadAllAccessors: .hierarchicalModalModel4

===========================================================================================
----------------- testing Fri Mar 01 19:17:05 UTC 2019 /home/travis/build/icyphy/ptII/ptolemy/domains/continuous/test/auto/junk.xml
----------------- Instantiating /home/travis/build/icyphy/ptII/ptolemy/domains/continuous/test/auto/junk.xml
144 ms. Memory: 214528K Free: 100333K (47%)
----------------- Invoking toplevel() on ptolemy.moml.MoMLSimpleApplication@6a4c9821
----------------- Done invoking toplevel() on ptolemy.moml.MoMLSimpleApplication@6a4c9821
reloadAllAccessors: .junk
AutoTests.java: About to close Vertx.
AutoTests.java: Vertx closed.
]]></system-out>
  <system-err><![CDATA[Warning: '.HysteresisWithRandomDelay.NonStrictTest' The test produced only 221 tokens, yet the correctValues parameter was expecting 222 tokens.
Warning: '.HysteresisWithRandomDelay.NonStrictTest2' The test produced only 220 tokens, yet the correctValues parameter was expecting 221 tokens.
Warning: '.HysteresisWithRandomDelay.NonStrictTest3' The test produced only 20 tokens, yet the correctValues parameter was expecting 30 tokens.
Warning: '.IncreasingRatePoisson.NonStrictTest' The test produced only 154 tokens, yet the correctValues parameter was expecting 402 tokens.
java.lang.RuntimeException: Execution failed
	at ptolemy.moml.MoMLSimpleApplication$UnloadThread.run(MoMLSimpleApplication.java:402)
Caused by: ptolemy.kernel.util.IllegalActionException: Test fails in iteration 1093.
Value was: 14.5483231836355. Should have been: 0.1269755847894
  in .IncreasingRatePoisson.NonStrictTest
	at ptolemy.actor.lib.NonStrictTest.postfire(NonStrictTest.java:328)
	at ptolemy.actor.sched.FixedPointDirector._postfireActor(FixedPointDirector.java:1027)
	at ptolemy.actor.sched.FixedPointDirector.postfire(FixedPointDirector.java:520)
	at ptolemy.domains.continuous.kernel.ContinuousDirector._commit(ContinuousDirector.java:1426)
	at ptolemy.domains.continuous.kernel.ContinuousDirector._postfireAtTopLevel(ContinuousDirector.java:1585)
	at ptolemy.domains.continuous.kernel.ContinuousDirector.postfire(ContinuousDirector.java:839)
	at ptolemy.actor.CompositeActor.postfire(CompositeActor.java:1668)
	at ptolemy.actor.Manager.iterate(Manager.java:852)
	at ptolemy.actor.Manager.execute(Manager.java:369)
	at ptolemy.actor.Manager.run(Manager.java:1263)
	at ptolemy.actor.Manager$PtolemyRunThread.run(Manager.java:1915)
Warning: '.Poisson.NonStrictTest' The test produced only 407 tokens, yet the correctValues parameter was expecting 430 tokens.
]]></system-err>
</testsuite>
