<?xml version="1.0" encoding="UTF-8" ?>
<testsuite errors="0" failures="0" hostname="travis-job-5c637fc3-168f-47a3-919a-9cab425f372f" name="ptolemy.domains.de.test.junit.JUnitTclTest" skipped="0" tests="101" time="133.303" timestamp="2019-10-10T16:38:44">
  <properties>
[...]
</properties>
  <testcase classname="ptolemy.util.test.junit.TclTests" name="[0] /home/travis/build/icyphy/ptII/ptolemy/domains/de/test/DependencyLoop.tcl (RunTclFile)" time="0.935" />
  <testcase classname="ptolemy.util.test.junit.TclTests" name="[1] /home/travis/build/icyphy/ptII/ptolemy/domains/de/test/RunDETestsAsQSS.tcl (RunTclFile)" time="89.833" />
  <testcase classname="ptolemy.util.test.junit.AutoKnownFailedTests" name="[0] /home/travis/build/icyphy/ptII/ptolemy/domains/de/test/auto/knownFailedTests/DESDFClockTest.xml (RunModel)" time="2.075" />
  <testcase classname="ptolemy.util.test.junit.AutoKnownFailedTests" name="[1] /home/travis/build/icyphy/ptII/ptolemy/domains/de/test/auto/knownFailedTests/DirectFeedback.xml (RunModel)" time="0.019" />
  <testcase classname="ptolemy.util.test.junit.AutoKnownFailedTests" name="[2] /home/travis/build/icyphy/ptII/ptolemy/domains/de/test/auto/knownFailedTests/FSMSource.xml (RunModel)" time="0.034" />
  <testcase classname="ptolemy.util.test.junit.AutoKnownFailedTests" name="[3] /home/travis/build/icyphy/ptII/ptolemy/domains/de/test/auto/knownFailedTests/HierarchicalModel.xml (RunModel)" time="0.052" />
  <testcase classname="ptolemy.util.test.junit.AutoKnownFailedTests" name="[4] /home/travis/build/icyphy/ptII/ptolemy/domains/de/test/auto/knownFailedTests/dependencyLoop.xml (RunModel)" time="0.049" />
  <testcase classname="ptolemy.util.test.junit.AutoKnownFailedTests" name="[5] /home/travis/build/icyphy/ptII/ptolemy/domains/de/test/auto/knownFailedTests/dependencyLoop2.xml (RunModel)" time="0.041" />
  <testcase classname="ptolemy.util.test.junit.AutoNameArchTests" name="[0] ThereAreNoAutoArchTests (RunModel)" time="0.005" />
  <testcase classname="ptolemy.util.test.junit.AutoTests" name="[0] /home/travis/build/icyphy/ptII/ptolemy/domains/de/test/auto/ActorDepthCalculation_actorWithoutPorts.xml (RunModel)" time="0.018" />
  <testcase classname="ptolemy.util.test.junit.AutoTests" name="[1] /home/travis/build/icyphy/ptII/ptolemy/domains/de/test/auto/AssemblyLine.xml (RunModel)" time="0.024" />
  <testcase classname="ptolemy.util.test.junit.AutoTests" name="[2] /home/travis/build/icyphy/ptII/ptolemy/domains/de/test/auto/CQBug1.xml (RunModel)" time="0.008" />
  <testcase classname="ptolemy.util.test.junit.AutoTests" name="[3] /home/travis/build/icyphy/ptII/ptolemy/domains/de/test/auto/CancelFireAt.xml (RunModel)" time="0.023" />
  <testcase classname="ptolemy.util.test.junit.AutoTests" name="[4] /home/travis/build/icyphy/ptII/ptolemy/domains/de/test/auto/CausalityAndComposabilityAnalysis.xml (RunModel)" time="0.016" />
  <testcase classname="ptolemy.util.test.junit.AutoTests" name="[5] /home/travis/build/icyphy/ptII/ptolemy/domains/de/test/auto/CausalityInterface1.xml (RunModel)" time="0.016" />
  <testcase classname="ptolemy.util.test.junit.AutoTests" name="[6] /home/travis/build/icyphy/ptII/ptolemy/domains/de/test/auto/CausalityInterface15.xml (RunModel)" time="0.018" />
  <testcase classname="ptolemy.util.test.junit.AutoTests" name="[7] /home/travis/build/icyphy/ptII/ptolemy/domains/de/test/auto/CausalityInterface2.xml (RunModel)" time="0.019" />
  <testcase classname="ptolemy.util.test.junit.AutoTests" name="[8] /home/travis/build/icyphy/ptII/ptolemy/domains/de/test/auto/CausalityInterface3.xml (RunModel)" time="0.013" />
  <testcase classname="ptolemy.util.test.junit.AutoTests" name="[9] /home/travis/build/icyphy/ptII/ptolemy/domains/de/test/auto/ClockDrift.xml (RunModel)" time="0.036" />
  <testcase classname="ptolemy.util.test.junit.AutoTests" name="[10] /home/travis/build/icyphy/ptII/ptolemy/domains/de/test/auto/ClockDriftAndValueChange.xml (RunModel)" time="0.037" />
  <testcase classname="ptolemy.util.test.junit.AutoTests" name="[11] /home/travis/build/icyphy/ptII/ptolemy/domains/de/test/auto/ClockDriftChange.xml (RunModel)" time="0.034" />
  <testcase classname="ptolemy.util.test.junit.AutoTests" name="[12] /home/travis/build/icyphy/ptII/ptolemy/domains/de/test/auto/ComposableCausalityAnalysis.xml (RunModel)" time="0.025" />
  <testcase classname="ptolemy.util.test.junit.AutoTests" name="[13] /home/travis/build/icyphy/ptII/ptolemy/domains/de/test/auto/DEFixedPointLimitation.xml (RunModel)" time="0.013" />
  <testcase classname="ptolemy.util.test.junit.AutoTests" name="[14] /home/travis/build/icyphy/ptII/ptolemy/domains/de/test/auto/DEScheduleTest.xml (RunModel)" time="0.022" />
  <testcase classname="ptolemy.util.test.junit.AutoTests" name="[15] /home/travis/build/icyphy/ptII/ptolemy/domains/de/test/auto/DEinDEwithStartTimes.xml (RunModel)" time="0.017" />
  <testcase classname="ptolemy.util.test.junit.AutoTests" name="[16] /home/travis/build/icyphy/ptII/ptolemy/domains/de/test/auto/DEinDEwithStartTimes2.xml (RunModel)" time="0.017" />
  <testcase classname="ptolemy.util.test.junit.AutoTests" name="[17] /home/travis/build/icyphy/ptII/ptolemy/domains/de/test/auto/DateDemo.xml (RunModel)" time="0.03" />
  <testcase classname="ptolemy.util.test.junit.AutoTests" name="[18] /home/travis/build/icyphy/ptII/ptolemy/domains/de/test/auto/DateToEvent.xml (RunModel)" time="2.042" />
  <testcase classname="ptolemy.util.test.junit.AutoTests" name="[19] /home/travis/build/icyphy/ptII/ptolemy/domains/de/test/auto/DepthTest1.xml (RunModel)" time="0.007" />
  <testcase classname="ptolemy.util.test.junit.AutoTests" name="[20] /home/travis/build/icyphy/ptII/ptolemy/domains/de/test/auto/DepthTest2.xml (RunModel)" time="0.019" />
  <testcase classname="ptolemy.util.test.junit.AutoTests" name="[21] /home/travis/build/icyphy/ptII/ptolemy/domains/de/test/auto/DepthTest3.xml (RunModel)" time="0.007" />
  <testcase classname="ptolemy.util.test.junit.AutoTests" name="[22] /home/travis/build/icyphy/ptII/ptolemy/domains/de/test/auto/DepthTest4.xml (RunModel)" time="0.014" />
  <testcase classname="ptolemy.util.test.junit.AutoTests" name="[23] /home/travis/build/icyphy/ptII/ptolemy/domains/de/test/auto/DepthTest5.xml (RunModel)" time="0.013" />
  <testcase classname="ptolemy.util.test.junit.AutoTests" name="[24] /home/travis/build/icyphy/ptII/ptolemy/domains/de/test/auto/DepthTest6.xml (RunModel)" time="0.013" />
  <testcase classname="ptolemy.util.test.junit.AutoTests" name="[25] /home/travis/build/icyphy/ptII/ptolemy/domains/de/test/auto/DepthTest7.xml (RunModel)" time="0.014" />
  <testcase classname="ptolemy.util.test.junit.AutoTests" name="[26] /home/travis/build/icyphy/ptII/ptolemy/domains/de/test/auto/EventToDate.xml (RunModel)" time="3.03" />
  <testcase classname="ptolemy.util.test.junit.AutoTests" name="[27] /home/travis/build/icyphy/ptII/ptolemy/domains/de/test/auto/FSM1.xml (RunModel)" time="0.039" />
  <testcase classname="ptolemy.util.test.junit.AutoTests" name="[28] /home/travis/build/icyphy/ptII/ptolemy/domains/de/test/auto/FSM7.xml (RunModel)" time="0.037" />
  <testcase classname="ptolemy.util.test.junit.AutoTests" name="[29] /home/travis/build/icyphy/ptII/ptolemy/domains/de/test/auto/Inspection.xml (RunModel)" time="0.045" />
  <testcase classname="ptolemy.util.test.junit.AutoTests" name="[30] /home/travis/build/icyphy/ptII/ptolemy/domains/de/test/auto/Iteration.xml (RunModel)" time="0.027" />
  <testcase classname="ptolemy.util.test.junit.AutoTests" name="[31] /home/travis/build/icyphy/ptII/ptolemy/domains/de/test/auto/LineFault.xml (RunModel)" time="0.624" />
  <testcase classname="ptolemy.util.test.junit.AutoTests" name="[32] /home/travis/build/icyphy/ptII/ptolemy/domains/de/test/auto/MergeModel1Add.xml (RunModel)" time="0.053" />
  <testcase classname="ptolemy.util.test.junit.AutoTests" name="[33] /home/travis/build/icyphy/ptII/ptolemy/domains/de/test/auto/MergeModel2Add.xml (RunModel)" time="0.042" />
  <testcase classname="ptolemy.util.test.junit.AutoTests" name="[34] /home/travis/build/icyphy/ptII/ptolemy/domains/de/test/auto/MergeModel3Add.xml (RunModel)" time="0.04" />
  <testcase classname="ptolemy.util.test.junit.AutoTests" name="[35] /home/travis/build/icyphy/ptII/ptolemy/domains/de/test/auto/MergeWithoutDiscard.xml (RunModel)" time="0.021" />
  <testcase classname="ptolemy.util.test.junit.AutoTests" name="[36] /home/travis/build/icyphy/ptII/ptolemy/domains/de/test/auto/Modal1.xml (RunModel)" time="0.033" />
  <testcase classname="ptolemy.util.test.junit.AutoTests" name="[37] /home/travis/build/icyphy/ptII/ptolemy/domains/de/test/auto/Modal2.xml (RunModel)" time="0.03" />
  <testcase classname="ptolemy.util.test.junit.AutoTests" name="[38] /home/travis/build/icyphy/ptII/ptolemy/domains/de/test/auto/Modal3.xml (RunModel)" time="0.034" />
  <testcase classname="ptolemy.util.test.junit.AutoTests" name="[39] /home/travis/build/icyphy/ptII/ptolemy/domains/de/test/auto/Modal4.xml (RunModel)" time="0.029" />
  <testcase classname="ptolemy.util.test.junit.AutoTests" name="[40] /home/travis/build/icyphy/ptII/ptolemy/domains/de/test/auto/Modal5.xml (RunModel)" time="0.035" />
  <testcase classname="ptolemy.util.test.junit.AutoTests" name="[41] /home/travis/build/icyphy/ptII/ptolemy/domains/de/test/auto/Modal6.xml (RunModel)" time="0.029" />
  <testcase classname="ptolemy.util.test.junit.AutoTests" name="[42] /home/travis/build/icyphy/ptII/ptolemy/domains/de/test/auto/Modal7.xml (RunModel)" time="0.031" />
  <testcase classname="ptolemy.util.test.junit.AutoTests" name="[43] /home/travis/build/icyphy/ptII/ptolemy/domains/de/test/auto/ModalModel.xml (RunModel)" time="0.181" />
  <testcase classname="ptolemy.util.test.junit.AutoTests" name="[44] /home/travis/build/icyphy/ptII/ptolemy/domains/de/test/auto/ModalSource.xml (RunModel)" time="0.028" />
  <testcase classname="ptolemy.util.test.junit.AutoTests" name="[45] /home/travis/build/icyphy/ptII/ptolemy/domains/de/test/auto/NonInterruptibleTimerZeroDelay.xml (RunModel)" time="0.009" />
  <testcase classname="ptolemy.util.test.junit.AutoTests" name="[46] /home/travis/build/icyphy/ptII/ptolemy/domains/de/test/auto/OpenQueueingNetwork.xml (RunModel)" time="2.652" />
  <testcase classname="ptolemy.util.test.junit.AutoTests" name="[47] /home/travis/build/icyphy/ptII/ptolemy/domains/de/test/auto/OpenQueuingNetwork.xml (RunModel)" time="0.286" />
  <testcase classname="ptolemy.util.test.junit.AutoTests" name="[48] /home/travis/build/icyphy/ptII/ptolemy/domains/de/test/auto/PeriodicSampler.xml (RunModel)" time="0.015" />
  <testcase classname="ptolemy.util.test.junit.AutoTests" name="[49] /home/travis/build/icyphy/ptII/ptolemy/domains/de/test/auto/PersistentIO.xml (RunModel)" time="0.023" />
  <testcase classname="ptolemy.util.test.junit.AutoTests" name="[50] /home/travis/build/icyphy/ptII/ptolemy/domains/de/test/auto/PortParameterResetOnInitialize.xml (RunModel)" time="0.009" />
  <testcase classname="ptolemy.util.test.junit.AutoTests" name="[51] /home/travis/build/icyphy/ptII/ptolemy/domains/de/test/auto/PortParameterUpdates.xml (RunModel)" time="0.017" />
  <testcase classname="ptolemy.util.test.junit.AutoTests" name="[52] /home/travis/build/icyphy/ptII/ptolemy/domains/de/test/auto/QueueAndServer.xml (RunModel)" time="0.021" />
  <testcase classname="ptolemy.util.test.junit.AutoTests" name="[53] /home/travis/build/icyphy/ptII/ptolemy/domains/de/test/auto/Records.xml (RunModel)" time="0.013" />
  <testcase classname="ptolemy.util.test.junit.AutoTests" name="[54] /home/travis/build/icyphy/ptII/ptolemy/domains/de/test/auto/ResetTransitionWithStartTime1.xml (RunModel)" time="0.019" />
  <testcase classname="ptolemy.util.test.junit.AutoTests" name="[55] /home/travis/build/icyphy/ptII/ptolemy/domains/de/test/auto/ResetTransitionWithStartTime2.xml (RunModel)" time="0.019" />
  <testcase classname="ptolemy.util.test.junit.AutoTests" name="[56] /home/travis/build/icyphy/ptII/ptolemy/domains/de/test/auto/ResetTransitionWithStartTime3.xml (RunModel)" time="0.017" />
  <testcase classname="ptolemy.util.test.junit.AutoTests" name="[57] /home/travis/build/icyphy/ptII/ptolemy/domains/de/test/auto/ResetTransitionWithStartTime4.xml (RunModel)" time="0.017" />
  <testcase classname="ptolemy.util.test.junit.AutoTests" name="[58] /home/travis/build/icyphy/ptII/ptolemy/domains/de/test/auto/ResettableTimer1.xml (RunModel)" time="0.012" />
  <testcase classname="ptolemy.util.test.junit.AutoTests" name="[59] /home/travis/build/icyphy/ptII/ptolemy/domains/de/test/auto/ResettableTimer2.xml (RunModel)" time="0.01" />
  <testcase classname="ptolemy.util.test.junit.AutoTests" name="[60] /home/travis/build/icyphy/ptII/ptolemy/domains/de/test/auto/ResettableTimer3.xml (RunModel)" time="0.009" />
  <testcase classname="ptolemy.util.test.junit.AutoTests" name="[61] /home/travis/build/icyphy/ptII/ptolemy/domains/de/test/auto/ResettableTimer4.xml (RunModel)" time="0.009" />
  <testcase classname="ptolemy.util.test.junit.AutoTests" name="[62] /home/travis/build/icyphy/ptII/ptolemy/domains/de/test/auto/ResettableTimer5.xml (RunModel)" time="0.009" />
  <testcase classname="ptolemy.util.test.junit.AutoTests" name="[63] /home/travis/build/icyphy/ptII/ptolemy/domains/de/test/auto/ResettableTimer6.xml (RunModel)" time="0.017" />
  <testcase classname="ptolemy.util.test.junit.AutoTests" name="[64] /home/travis/build/icyphy/ptII/ptolemy/domains/de/test/auto/ServerZeroDelay.xml (RunModel)" time="0.011" />
  <testcase classname="ptolemy.util.test.junit.AutoTests" name="[65] /home/travis/build/icyphy/ptII/ptolemy/domains/de/test/auto/SmartSender.xml (RunModel)" time="3.008" />
  <testcase classname="ptolemy.util.test.junit.AutoTests" name="[66] /home/travis/build/icyphy/ptII/ptolemy/domains/de/test/auto/ThreadedComposite.xml (RunModel)" time="0.148" />
  <testcase classname="ptolemy.util.test.junit.AutoTests" name="[67] /home/travis/build/icyphy/ptII/ptolemy/domains/de/test/auto/Time.xml (RunModel)" time="0.452" />
  <testcase classname="ptolemy.util.test.junit.AutoTests" name="[68] /home/travis/build/icyphy/ptII/ptolemy/domains/de/test/auto/TimeDelayZeroDelay.xml (RunModel)" time="0.012" />
  <testcase classname="ptolemy.util.test.junit.AutoTests" name="[69] /home/travis/build/icyphy/ptII/ptolemy/domains/de/test/auto/TimerZeroDelay.xml (RunModel)" time="0.008" />
  <testcase classname="ptolemy.util.test.junit.AutoTests" name="[70] /home/travis/build/icyphy/ptII/ptolemy/domains/de/test/auto/TimingParadox.xml (RunModel)" time="0.4" />
  <testcase classname="ptolemy.util.test.junit.AutoTests" name="[71] /home/travis/build/icyphy/ptII/ptolemy/domains/de/test/auto/TransferInputs.xml (RunModel)" time="0.013" />
  <testcase classname="ptolemy.util.test.junit.AutoTests" name="[72] /home/travis/build/icyphy/ptII/ptolemy/domains/de/test/auto/TransferOutputs2.xml (RunModel)" time="0.015" />
  <testcase classname="ptolemy.util.test.junit.AutoTests" name="[73] /home/travis/build/icyphy/ptII/ptolemy/domains/de/test/auto/Trilateration.xml (RunModel)" time="13.27" />
  <testcase classname="ptolemy.util.test.junit.AutoTests" name="[74] /home/travis/build/icyphy/ptII/ptolemy/domains/de/test/auto/TwoSigmaDelta.xml (RunModel)" time="2.217" />
  <testcase classname="ptolemy.util.test.junit.AutoTests" name="[75] /home/travis/build/icyphy/ptII/ptolemy/domains/de/test/auto/VariableDelay.xml (RunModel)" time="0.01" />
  <testcase classname="ptolemy.util.test.junit.AutoTests" name="[76] /home/travis/build/icyphy/ptII/ptolemy/domains/de/test/auto/VariableDelay2.xml (RunModel)" time="0.008" />
  <testcase classname="ptolemy.util.test.junit.AutoTests" name="[77] /home/travis/build/icyphy/ptII/ptolemy/domains/de/test/auto/VariableDelayZeroDelay.xml (RunModel)" time="0.011" />
  <testcase classname="ptolemy.util.test.junit.AutoTests" name="[78] /home/travis/build/icyphy/ptII/ptolemy/domains/de/test/auto/VariableDelayZeroDelay2.xml (RunModel)" time="0.009" />
  <testcase classname="ptolemy.util.test.junit.AutoTests" name="[79] /home/travis/build/icyphy/ptII/ptolemy/domains/de/test/auto/deInCt.xml (RunModel)" time="0.017" />
  <testcase classname="ptolemy.util.test.junit.AutoTests" name="[80] /home/travis/build/icyphy/ptII/ptolemy/domains/de/test/auto/deInCt2.xml (RunModel)" time="0.021" />
  <testcase classname="ptolemy.util.test.junit.AutoTests" name="[81] /home/travis/build/icyphy/ptII/ptolemy/domains/de/test/auto/dynamicCausalityInterface1.xml (RunModel)" time="0.022" />
  <testcase classname="ptolemy.util.test.junit.AutoTests" name="[82] /home/travis/build/icyphy/ptII/ptolemy/domains/de/test/auto/fsm_de_test.xml (RunModel)" time="0.03" />
  <testcase classname="ptolemy.util.test.junit.AutoTests" name="[83] /home/travis/build/icyphy/ptII/ptolemy/domains/de/test/auto/functionDependencyReconstruction.xml (RunModel)" time="0.03" />
  <testcase classname="ptolemy.util.test.junit.AutoTests" name="[84] /home/travis/build/icyphy/ptII/ptolemy/domains/de/test/auto/multirate.xml (RunModel)" time="0.015" />
  <testcase classname="ptolemy.util.test.junit.AutoTests" name="[85] /home/travis/build/icyphy/ptII/ptolemy/domains/de/test/auto/multirate2.xml (RunModel)" time="0.018" />
  <testcase classname="ptolemy.util.test.junit.AutoTests" name="[86] /home/travis/build/icyphy/ptII/ptolemy/domains/de/test/auto/realtime.xml (RunModel)" time="10.011" />
  <testcase classname="ptolemy.util.test.junit.AutoTests" name="[87] /home/travis/build/icyphy/ptII/ptolemy/domains/de/test/auto/relationGroup.xml (RunModel)" time="0.011" />
  <testcase classname="ptolemy.util.test.junit.AutoTests" name="[88] /home/travis/build/icyphy/ptII/ptolemy/domains/de/test/auto/relationGroup2.xml (RunModel)" time="0.015" />
  <testcase classname="ptolemy.util.test.junit.AutoTests" name="[89] /home/travis/build/icyphy/ptII/ptolemy/domains/de/test/auto/sortWithOpaquePorts.xml (RunModel)" time="0.011" />
  <testcase classname="ptolemy.util.test.junit.AutoTests" name="[90] /home/travis/build/icyphy/ptII/ptolemy/domains/de/test/auto/transferInputsandOutputs.xml (RunModel)" time="0.018" />
  <testcase classname="ptolemy.util.test.junit.AutoTests" name="[91] /home/travis/build/icyphy/ptII/ptolemy/domains/de/test/auto/triggerType.xml (RunModel)" time="0.011" />
  <system-out><![CDATA[/home/travis/build/icyphy/ptII/ptolemy/domains/de/test/DependencyLoop.tcl
testDefs.tcl: setting time out to 9000 seconds at Thu Oct 10 16:38:44 UTC 2019
65 ms. Memory: 120832K Free: 72117K (60%)
26 ms. Memory: 120832K Free: 54703K (45%)
/home/travis/build/icyphy/ptII/ptolemy/domains/de/test/RunDETestsAsQSS.tcl
Run the DE tests using ptolemy.domains.qss.test.QSSDirectorTest, which extends QSSDirector and prints a message in the constructors.
------------------ testing $PTII/ptolemy/domains/de/test/auto/knownFailedTests/DirectFeedback.xml (Known Failure) 
33 ms. Memory: 120832K Free: 48565K (40%)


==== $PTIIhome/travis/build/icyphy/ptII/ptolemy/domains/de/test/../../../../: Auto Automatic test in file $PTII/ptolemy/domains/de/test/auto/knownFailedTests/DirectFeedback.xml
==== Contents of test case:

	    # FIXME: we should use $relativeFilename here, but it
	    # might have backslashes under Windows, which causes no end
	    # of trouble.
	    createAndExecute $file
	    list {}
	
.... Test generated KNOWN error:
    while executing
ptolemy.kernel.util.IllegalActionException: Test fails in iteration 1.
Value was: 1.0. Should have been: 2.0
  in .DirectFeedback.Test
	at ptolemy.actor.lib.Test.fire(Test.java:268)
	at ptolemy.domains.de.kernel.DEDirector._fire(DEDirector.java:1949)
	at ptolemy.domains.de.kernel.DEDirector.fire(DEDirector.java:502)
	at ptolemy.actor.CompositeActor.fire(CompositeActor.java:455)
	at ptolemy.actor.Manager.iterate(Manager.java:851)
	at ptolemy.actor.Manager.execute(Manager.java:369)
	at ptolemy.actor.Manager.run(Manager.java:1263)
	at ptolemy.actor.Manager$PtolemyRunThread.run(Manager.java:1933)

    while executing
ptolemy.kernel.util.IllegalActionException: Test fails in iteration 1.
Value was: 1.0. Should have been: 2.0
  in .DirectFeedback.Test
    while executing
"java::new ptolemy.moml.MoMLSimpleApplication $file
"
    (procedure "createAndExecute" line 2)
    invoked from within
"createAndExecute $file"
    ("uplevel" body line 5)
    invoked from within
"uplevel $contents_of_test"
------------------ testing $PTII/ptolemy/domains/de/test/auto/knownFailedTests/dependencyLoop.xml (Known Failure) 
53 ms. Memory: 120832K Free: 108229K (90%)


==== $PTIIhome/travis/build/icyphy/ptII/ptolemy/domains/de/test/../../../../: Auto Automatic test in file $PTII/ptolemy/domains/de/test/auto/knownFailedTests/dependencyLoop.xml
==== Contents of test case:

	    # FIXME: we should use $relativeFilename here, but it
	    # might have backslashes under Windows, which causes no end
	    # of trouble.
	    createAndExecute $file
	    list {}
	
.... Test generated KNOWN error:
    while executing
ptolemy.kernel.util.IllegalActionException: Found a zero delay loop containing .dependencyLoop.original
  in .dependencyLoop and .dependencyLoop.original
	at ptolemy.actor.util.CausalityInterfaceForComposites._computeOutputPortDepth(CausalityInterfaceForComposites.java:759)
	at ptolemy.actor.util.CausalityInterfaceForComposites._computeInputDepth(CausalityInterfaceForComposites.java:696)
	at ptolemy.actor.util.CausalityInterfaceForComposites._computeOutputPortDepth(CausalityInterfaceForComposites.java:765)
	at ptolemy.actor.util.CausalityInterfaceForComposites._computeInputDepth(CausalityInterfaceForComposites.java:696)
	at ptolemy.actor.util.CausalityInterfaceForComposites._computeOutputPortDepth(CausalityInterfaceForComposites.java:765)
	at ptolemy.actor.util.CausalityInterfaceForComposites._computeInputDepth(CausalityInterfaceForComposites.java:696)
	at ptolemy.actor.util.CausalityInterfaceForComposites._computeActorDepth(CausalityInterfaceForComposites.java:532)
	at ptolemy.actor.util.CausalityInterfaceForComposites.checkForCycles(CausalityInterfaceForComposites.java:96)
	at ptolemy.domains.de.kernel.DEDirector.preinitialize(DEDirector.java:1338)
	at ptolemy.actor.CompositeActor.preinitialize(CompositeActor.java:1828)
	at ptolemy.actor.Manager.preinitializeAndResolveTypes(Manager.java:1040)
	at ptolemy.actor.Manager.initialize(Manager.java:710)
	at ptolemy.actor.Manager.execute(Manager.java:356)
	at ptolemy.actor.Manager.run(Manager.java:1263)
	at ptolemy.actor.Manager$PtolemyRunThread.run(Manager.java:1933)

    while executing
ptolemy.kernel.util.IllegalActionException: Found a zero delay loop containing .dependencyLoop.original
  in .dependencyLoop and .dependencyLoop.original
    while executing
"java::new ptolemy.moml.MoMLSimpleApplication $file
"
    (procedure "createAndExecute" line 2)
    invoked from within
"createAndExecute $file"
    ("uplevel" body line 5)
    invoked from within
"uplevel $contents_of_test"
------------------ testing $PTII/ptolemy/domains/de/test/auto/knownFailedTests/FSMSource.xml (Known Failure) 
93 ms. Memory: 120832K Free: 99049K (82%)
!!!! Auto was marked as failing, but now passes
------------------ testing $PTII/ptolemy/domains/de/test/auto/knownFailedTests/HierarchicalModel.xml (Known Failure) 
7 ms. Memory: 120832K Free: 81641K (68%)


==== $PTIIhome/travis/build/icyphy/ptII/ptolemy/domains/de/test/../../../../: Auto Automatic test in file $PTII/ptolemy/domains/de/test/auto/knownFailedTests/HierarchicalModel.xml
==== Contents of test case:

	    # FIXME: we should use $relativeFilename here, but it
	    # might have backslashes under Windows, which causes no end
	    # of trouble.
	    createAndExecute $file
	    list {}
	
.... Test generated KNOWN error:
    while executing
ptolemy.kernel.util.IllegalActionException: Found a zero delay loop containing .HierarchicalModel.A
  in .HierarchicalModel and .HierarchicalModel.A
	at ptolemy.actor.util.CausalityInterfaceForComposites._computeOutputPortDepth(CausalityInterfaceForComposites.java:759)
	at ptolemy.actor.util.CausalityInterfaceForComposites._computeInputDepth(CausalityInterfaceForComposites.java:696)
	at ptolemy.actor.util.CausalityInterfaceForComposites._computeOutputPortDepth(CausalityInterfaceForComposites.java:765)
	at ptolemy.actor.util.CausalityInterfaceForComposites._computeInputDepth(CausalityInterfaceForComposites.java:696)
	at ptolemy.actor.util.CausalityInterfaceForComposites._computeOutputPortDepth(CausalityInterfaceForComposites.java:765)
	at ptolemy.actor.util.CausalityInterfaceForComposites._computeInputDepth(CausalityInterfaceForComposites.java:696)
	at ptolemy.actor.util.CausalityInterfaceForComposites._computeActorDepth(CausalityInterfaceForComposites.java:532)
	at ptolemy.actor.util.CausalityInterfaceForComposites.checkForCycles(CausalityInterfaceForComposites.java:96)
	at ptolemy.domains.de.kernel.DEDirector.preinitialize(DEDirector.java:1338)
	at ptolemy.actor.CompositeActor.preinitialize(CompositeActor.java:1828)
	at ptolemy.actor.Manager.preinitializeAndResolveTypes(Manager.java:1040)
	at ptolemy.actor.Manager.initialize(Manager.java:710)
	at ptolemy.actor.Manager.execute(Manager.java:356)
	at ptolemy.actor.Manager.run(Manager.java:1263)
	at ptolemy.actor.Manager$PtolemyRunThread.run(Manager.java:1933)

    while executing
ptolemy.kernel.util.IllegalActionException: Found a zero delay loop containing .HierarchicalModel.A
  in .HierarchicalModel and .HierarchicalModel.A
    while executing
"java::new ptolemy.moml.MoMLSimpleApplication $file
"
    (procedure "createAndExecute" line 2)
    invoked from within
"createAndExecute $file"
    ("uplevel" body line 5)
    invoked from within
"uplevel $contents_of_test"
------------------ testing $PTII/ptolemy/domains/de/test/auto/knownFailedTests/dependencyLoop2.xml (Known Failure) 
29 ms. Memory: 120832K Free: 105557K (87%)


==== $PTIIhome/travis/build/icyphy/ptII/ptolemy/domains/de/test/../../../../: Auto Automatic test in file $PTII/ptolemy/domains/de/test/auto/knownFailedTests/dependencyLoop2.xml
==== Contents of test case:

	    # FIXME: we should use $relativeFilename here, but it
	    # might have backslashes under Windows, which causes no end
	    # of trouble.
	    createAndExecute $file
	    list {}
	
.... Test generated KNOWN error:
    while executing
ptolemy.kernel.util.IllegalActionException: Found a zero delay loop containing .dependencyLoop2.original
  in .dependencyLoop2 and .dependencyLoop2.original
	at ptolemy.actor.util.CausalityInterfaceForComposites._computeOutputPortDepth(CausalityInterfaceForComposites.java:759)
	at ptolemy.actor.util.CausalityInterfaceForComposites._computeInputDepth(CausalityInterfaceForComposites.java:696)
	at ptolemy.actor.util.CausalityInterfaceForComposites._computeOutputPortDepth(CausalityInterfaceForComposites.java:765)
	at ptolemy.actor.util.CausalityInterfaceForComposites._computeInputDepth(CausalityInterfaceForComposites.java:696)
	at ptolemy.actor.util.CausalityInterfaceForComposites._computeOutputPortDepth(CausalityInterfaceForComposites.java:765)
	at ptolemy.actor.util.CausalityInterfaceForComposites._computeInputDepth(CausalityInterfaceForComposites.java:696)
	at ptolemy.actor.util.CausalityInterfaceForComposites._computeActorDepth(CausalityInterfaceForComposites.java:532)
	at ptolemy.actor.util.CausalityInterfaceForComposites.checkForCycles(CausalityInterfaceForComposites.java:96)
	at ptolemy.domains.de.kernel.DEDirector.preinitialize(DEDirector.java:1338)
	at ptolemy.actor.CompositeActor.preinitialize(CompositeActor.java:1828)
	at ptolemy.actor.Manager.preinitializeAndResolveTypes(Manager.java:1040)
	at ptolemy.actor.Manager.initialize(Manager.java:710)
	at ptolemy.actor.Manager.execute(Manager.java:356)
	at ptolemy.actor.Manager.run(Manager.java:1263)
	at ptolemy.actor.Manager$PtolemyRunThread.run(Manager.java:1933)

    while executing
ptolemy.kernel.util.IllegalActionException: Found a zero delay loop containing .dependencyLoop2.original
  in .dependencyLoop2 and .dependencyLoop2.original
    while executing
"java::new ptolemy.moml.MoMLSimpleApplication $file
"
    (procedure "createAndExecute" line 2)
    invoked from within
"createAndExecute $file"
    ("uplevel" body line 5)
    invoked from within
"uplevel $contents_of_test"
------------------ testing $PTII/ptolemy/domains/de/test/auto/knownFailedTests/DESDFClockTest.xml (Known Failure) 
2057 ms. Memory: 120832K Free: 91887K (76%)


==== $PTIIhome/travis/build/icyphy/ptII/ptolemy/domains/de/test/../../../../: Auto Automatic test in file $PTII/ptolemy/domains/de/test/auto/knownFailedTests/DESDFClockTest.xml
==== Contents of test case:

	    # FIXME: we should use $relativeFilename here, but it
	    # might have backslashes under Windows, which causes no end
	    # of trouble.
	    createAndExecute $file
	    list {}
	
.... Test generated KNOWN error:
    while executing
ptolemy.kernel.util.IllegalActionException: Actor is not ready to fire.  Perhaps UpSample.prefire() returned false? Try debugging the actor by selecting "Listen to Actor".  Also, for SDF check moml for tokenConsumptionRate on input.
  in .DESDFClockTest.Play Bell.Copy1:SDF Director and .DESDFClockTest.Play Bell.UpSample
	at ptolemy.actor.sched.StaticSchedulingDirector.fire(StaticSchedulingDirector.java:227)
	at ptolemy.domains.sdf.kernel.SDFDirector.fire(SDFDirector.java:500)
	at ptolemy.actor.CompositeActor.fire(CompositeActor.java:455)
	at ptolemy.domains.de.kernel.DEDirector._fire(DEDirector.java:1949)
	at ptolemy.domains.de.kernel.DEDirector.fire(DEDirector.java:502)
	at ptolemy.actor.CompositeActor.fire(CompositeActor.java:455)
	at ptolemy.actor.Manager.iterate(Manager.java:851)
	at ptolemy.actor.Manager.execute(Manager.java:369)
	at ptolemy.actor.Manager.run(Manager.java:1263)
	at ptolemy.actor.Manager$PtolemyRunThread.run(Manager.java:1933)

    while executing
ptolemy.kernel.util.IllegalActionException: Actor is not ready to fire.  Perhaps UpSample.prefire() returned false? Try debugging the actor by selecting "Listen to Actor".  Also, for SDF check moml for tokenConsumptionRate on input.
  in .DESDFClockTest.Play Bell.Copy1:SDF Director and .DESDFClockTest.Play Bell.UpSample
    while executing
"java::new ptolemy.moml.MoMLSimpleApplication $file
"
    (procedure "createAndExecute" line 2)
    invoked from within
"createAndExecute $file"
    ("uplevel" body line 5)
    invoked from within
"uplevel $contents_of_test"
------------------ testing $PTII/ptolemy/domains/de/test/auto/ActorDepthCalculation_actorWithoutPorts.xml
auto.tcl: Setting watchdog for 200 seconds at Thu Oct 10 16:38:48 UTC 2019
8 ms. Memory: 120832K Free: 85344K (71%)
ptolemy.util.test.WatchDog.cancel(): canceling Thu Oct 10 16:38:48 UTC 2019
auto.tcl: Setting watchdog for 200 seconds at Thu Oct 10 16:38:48 UTC 2019
5 ms. Memory: 120832K Free: 83541K (69%)
ptolemy.util.test.WatchDog.cancel(): canceling Thu Oct 10 16:38:48 UTC 2019
------------------ testing $PTII/ptolemy/domains/de/test/auto/AssemblyLine.xml
auto.tcl: Setting watchdog for 200 seconds at Thu Oct 10 16:38:49 UTC 2019
30 ms. Memory: 48128K Free: 25517K (53%)
ptolemy.util.test.WatchDog.cancel(): canceling Thu Oct 10 16:38:49 UTC 2019
auto.tcl: Setting watchdog for 200 seconds at Thu Oct 10 16:38:49 UTC 2019
13 ms. Memory: 48128K Free: 25082K (52%)
ptolemy.util.test.WatchDog.cancel(): canceling Thu Oct 10 16:38:49 UTC 2019
------------------ testing $PTII/ptolemy/domains/de/test/auto/CQBug1.xml
auto.tcl: Setting watchdog for 200 seconds at Thu Oct 10 16:38:49 UTC 2019
3 ms. Memory: 48128K Free: 32022K (67%)
ptolemy.util.test.WatchDog.cancel(): canceling Thu Oct 10 16:38:49 UTC 2019
auto.tcl: Setting watchdog for 200 seconds at Thu Oct 10 16:38:49 UTC 2019
2 ms. Memory: 48128K Free: 31360K (65%)
ptolemy.util.test.WatchDog.cancel(): canceling Thu Oct 10 16:38:49 UTC 2019
------------------ testing $PTII/ptolemy/domains/de/test/auto/CancelFireAt.xml
auto.tcl: Setting watchdog for 200 seconds at Thu Oct 10 16:38:49 UTC 2019
3 ms. Memory: 48128K Free: 32757K (68%)
ptolemy.util.test.WatchDog.cancel(): canceling Thu Oct 10 16:38:49 UTC 2019
auto.tcl: Setting watchdog for 200 seconds at Thu Oct 10 16:38:49 UTC 2019
2 ms. Memory: 48128K Free: 32314K (67%)
ptolemy.util.test.WatchDog.cancel(): canceling Thu Oct 10 16:38:49 UTC 2019
------------------ testing $PTII/ptolemy/domains/de/test/auto/CausalityAndComposabilityAnalysis.xml
auto.tcl: Setting watchdog for 200 seconds at Thu Oct 10 16:38:49 UTC 2019
12 ms. Memory: 48128K Free: 30747K (64%)
ptolemy.util.test.WatchDog.cancel(): canceling Thu Oct 10 16:38:49 UTC 2019
auto.tcl: Setting watchdog for 200 seconds at Thu Oct 10 16:38:49 UTC 2019
8 ms. Memory: 48128K Free: 29970K (62%)
ptolemy.util.test.WatchDog.cancel(): canceling Thu Oct 10 16:38:49 UTC 2019
------------------ testing $PTII/ptolemy/domains/de/test/auto/CausalityInterface1.xml
auto.tcl: Setting watchdog for 200 seconds at Thu Oct 10 16:38:49 UTC 2019
33 ms. Memory: 48128K Free: 29434K (61%)
ptolemy.util.test.WatchDog.cancel(): canceling Thu Oct 10 16:38:49 UTC 2019
auto.tcl: Setting watchdog for 200 seconds at Thu Oct 10 16:38:49 UTC 2019
5 ms. Memory: 48128K Free: 28451K (59%)
ptolemy.util.test.WatchDog.cancel(): canceling Thu Oct 10 16:38:49 UTC 2019
------------------ testing $PTII/ptolemy/domains/de/test/auto/CausalityInterface15.xml
auto.tcl: Setting watchdog for 200 seconds at Thu Oct 10 16:38:49 UTC 2019
7 ms. Memory: 48128K Free: 29376K (61%)
ptolemy.util.test.WatchDog.cancel(): canceling Thu Oct 10 16:38:49 UTC 2019
auto.tcl: Setting watchdog for 200 seconds at Thu Oct 10 16:38:49 UTC 2019
4 ms. Memory: 48128K Free: 28385K (59%)
ptolemy.util.test.WatchDog.cancel(): canceling Thu Oct 10 16:38:49 UTC 2019
------------------ testing $PTII/ptolemy/domains/de/test/auto/CausalityInterface2.xml
auto.tcl: Setting watchdog for 200 seconds at Thu Oct 10 16:38:49 UTC 2019
4 ms. Memory: 48128K Free: 30279K (63%)
ptolemy.util.test.WatchDog.cancel(): canceling Thu Oct 10 16:38:49 UTC 2019
auto.tcl: Setting watchdog for 200 seconds at Thu Oct 10 16:38:49 UTC 2019
3 ms. Memory: 48128K Free: 29406K (61%)
ptolemy.util.test.WatchDog.cancel(): canceling Thu Oct 10 16:38:49 UTC 2019
------------------ testing $PTII/ptolemy/domains/de/test/auto/CausalityInterface3.xml
auto.tcl: Setting watchdog for 200 seconds at Thu Oct 10 16:38:49 UTC 2019
7 ms. Memory: 48128K Free: 29592K (61%)
ptolemy.util.test.WatchDog.cancel(): canceling Thu Oct 10 16:38:49 UTC 2019
auto.tcl: Setting watchdog for 200 seconds at Thu Oct 10 16:38:49 UTC 2019
3 ms. Memory: 48128K Free: 28830K (60%)
ptolemy.util.test.WatchDog.cancel(): canceling Thu Oct 10 16:38:49 UTC 2019
------------------ testing $PTII/ptolemy/domains/de/test/auto/ClockDrift.xml
auto.tcl: Setting watchdog for 200 seconds at Thu Oct 10 16:38:49 UTC 2019
92 ms. Memory: 48128K Free: 22201K (46%)
ptolemy.util.test.WatchDog.cancel(): canceling Thu Oct 10 16:38:50 UTC 2019
auto.tcl: Setting watchdog for 200 seconds at Thu Oct 10 16:38:50 UTC 2019
59 ms. Memory: 48128K Free: 19183K (40%)
ptolemy.util.test.WatchDog.cancel(): canceling Thu Oct 10 16:38:50 UTC 2019
------------------ testing $PTII/ptolemy/domains/de/test/auto/ClockDriftAndValueChange.xml
auto.tcl: Setting watchdog for 200 seconds at Thu Oct 10 16:38:50 UTC 2019
37 ms. Memory: 48128K Free: 22270K (46%)
ptolemy.util.test.WatchDog.cancel(): canceling Thu Oct 10 16:38:50 UTC 2019
auto.tcl: Setting watchdog for 200 seconds at Thu Oct 10 16:38:50 UTC 2019
19 ms. Memory: 48128K Free: 19446K (40%)
ptolemy.util.test.WatchDog.cancel(): canceling Thu Oct 10 16:38:50 UTC 2019
------------------ testing $PTII/ptolemy/domains/de/test/auto/ClockDriftChange.xml
auto.tcl: Setting watchdog for 200 seconds at Thu Oct 10 16:38:50 UTC 2019
26 ms. Memory: 48128K Free: 24328K (51%)
ptolemy.util.test.WatchDog.cancel(): canceling Thu Oct 10 16:38:50 UTC 2019
auto.tcl: Setting watchdog for 200 seconds at Thu Oct 10 16:38:50 UTC 2019
15 ms. Memory: 48128K Free: 21748K (45%)
ptolemy.util.test.WatchDog.cancel(): canceling Thu Oct 10 16:38:50 UTC 2019
------------------ testing $PTII/ptolemy/domains/de/test/auto/ComposableCausalityAnalysis.xml
auto.tcl: Setting watchdog for 200 seconds at Thu Oct 10 16:38:50 UTC 2019
3 ms. Memory: 48128K Free: 28914K (60%)
ptolemy.util.test.WatchDog.cancel(): canceling Thu Oct 10 16:38:50 UTC 2019
auto.tcl: Setting watchdog for 200 seconds at Thu Oct 10 16:38:50 UTC 2019
5 ms. Memory: 48128K Free: 27874K (58%)
ptolemy.util.test.WatchDog.cancel(): canceling Thu Oct 10 16:38:50 UTC 2019
------------------ testing $PTII/ptolemy/domains/de/test/auto/DEFixedPointLimitation.xml
auto.tcl: Setting watchdog for 200 seconds at Thu Oct 10 16:38:50 UTC 2019
2 ms. Memory: 48128K Free: 30316K (63%)
ptolemy.util.test.WatchDog.cancel(): canceling Thu Oct 10 16:38:50 UTC 2019
auto.tcl: Setting watchdog for 200 seconds at Thu Oct 10 16:38:50 UTC 2019
1 ms. Memory: 48128K Free: 29383K (61%)
ptolemy.util.test.WatchDog.cancel(): canceling Thu Oct 10 16:38:50 UTC 2019
------------------ testing $PTII/ptolemy/domains/de/test/auto/DEScheduleTest.xml
auto.tcl: Setting watchdog for 200 seconds at Thu Oct 10 16:38:50 UTC 2019
3 ms. Memory: 48128K Free: 30615K (64%)
ptolemy.util.test.WatchDog.cancel(): canceling Thu Oct 10 16:38:50 UTC 2019
auto.tcl: Setting watchdog for 200 seconds at Thu Oct 10 16:38:50 UTC 2019
3 ms. Memory: 48128K Free: 29838K (62%)
ptolemy.util.test.WatchDog.cancel(): canceling Thu Oct 10 16:38:50 UTC 2019
------------------ testing $PTII/ptolemy/domains/de/test/auto/DEinDEwithStartTimes.xml
auto.tcl: Setting watchdog for 200 seconds at Thu Oct 10 16:38:50 UTC 2019
3 ms. Memory: 48128K Free: 28765K (60%)
ptolemy.util.test.WatchDog.cancel(): canceling Thu Oct 10 16:38:50 UTC 2019
auto.tcl: Setting watchdog for 200 seconds at Thu Oct 10 16:38:50 UTC 2019
3 ms. Memory: 48128K Free: 27741K (58%)
ptolemy.util.test.WatchDog.cancel(): canceling Thu Oct 10 16:38:50 UTC 2019
------------------ testing $PTII/ptolemy/domains/de/test/auto/DEinDEwithStartTimes2.xml
auto.tcl: Setting watchdog for 200 seconds at Thu Oct 10 16:38:50 UTC 2019
7 ms. Memory: 48128K Free: 28020K (58%)
ptolemy.util.test.WatchDog.cancel(): canceling Thu Oct 10 16:38:50 UTC 2019
auto.tcl: Setting watchdog for 200 seconds at Thu Oct 10 16:38:50 UTC 2019
4 ms. Memory: 48128K Free: 26697K (55%)
ptolemy.util.test.WatchDog.cancel(): canceling Thu Oct 10 16:38:50 UTC 2019
------------------ testing $PTII/ptolemy/domains/de/test/auto/DateDemo.xml
auto.tcl: Setting watchdog for 200 seconds at Thu Oct 10 16:38:50 UTC 2019
28 ms. Memory: 48128K Free: 22327K (46%)
ptolemy.util.test.WatchDog.cancel(): canceling Thu Oct 10 16:38:50 UTC 2019
auto.tcl: Setting watchdog for 200 seconds at Thu Oct 10 16:38:50 UTC 2019
9 ms. Memory: 48128K Free: 20711K (43%)
ptolemy.util.test.WatchDog.cancel(): canceling Thu Oct 10 16:38:51 UTC 2019
------------------ testing $PTII/ptolemy/domains/de/test/auto/DateToEvent.xml
auto.tcl: Setting watchdog for 200 seconds at Thu Oct 10 16:38:51 UTC 2019
2016 ms. Memory: 48128K Free: 17788K (37%)
ptolemy.util.test.WatchDog.cancel(): canceling Thu Oct 10 16:38:53 UTC 2019
auto.tcl: Setting watchdog for 200 seconds at Thu Oct 10 16:38:53 UTC 2019
2005 ms. Memory: 48128K Free: 17399K (36%)
ptolemy.util.test.WatchDog.cancel(): canceling Thu Oct 10 16:38:55 UTC 2019
------------------ testing $PTII/ptolemy/domains/de/test/auto/DepthTest1.xml
auto.tcl: Setting watchdog for 200 seconds at Thu Oct 10 16:38:55 UTC 2019
3 ms. Memory: 48128K Free: 31408K (65%)
ptolemy.util.test.WatchDog.cancel(): canceling Thu Oct 10 16:38:55 UTC 2019
auto.tcl: Setting watchdog for 200 seconds at Thu Oct 10 16:38:55 UTC 2019
1 ms. Memory: 48128K Free: 30969K (64%)
ptolemy.util.test.WatchDog.cancel(): canceling Thu Oct 10 16:38:55 UTC 2019
------------------ testing $PTII/ptolemy/domains/de/test/auto/DepthTest2.xml
auto.tcl: Setting watchdog for 200 seconds at Thu Oct 10 16:38:55 UTC 2019
3 ms. Memory: 48128K Free: 28228K (59%)
ptolemy.util.test.WatchDog.cancel(): canceling Thu Oct 10 16:38:55 UTC 2019
auto.tcl: Setting watchdog for 200 seconds at Thu Oct 10 16:38:55 UTC 2019
3 ms. Memory: 48128K Free: 27784K (58%)
ptolemy.util.test.WatchDog.cancel(): canceling Thu Oct 10 16:38:55 UTC 2019
------------------ testing $PTII/ptolemy/domains/de/test/auto/DepthTest3.xml
auto.tcl: Setting watchdog for 200 seconds at Thu Oct 10 16:38:55 UTC 2019
2 ms. Memory: 48128K Free: 31786K (66%)
ptolemy.util.test.WatchDog.cancel(): canceling Thu Oct 10 16:38:55 UTC 2019
auto.tcl: Setting watchdog for 200 seconds at Thu Oct 10 16:38:55 UTC 2019
1 ms. Memory: 48128K Free: 31306K (65%)
ptolemy.util.test.WatchDog.cancel(): canceling Thu Oct 10 16:38:55 UTC 2019
------------------ testing $PTII/ptolemy/domains/de/test/auto/DepthTest4.xml
auto.tcl: Setting watchdog for 200 seconds at Thu Oct 10 16:38:55 UTC 2019
3 ms. Memory: 48128K Free: 30089K (63%)
ptolemy.util.test.WatchDog.cancel(): canceling Thu Oct 10 16:38:55 UTC 2019
auto.tcl: Setting watchdog for 200 seconds at Thu Oct 10 16:38:55 UTC 2019
3 ms. Memory: 48128K Free: 29373K (61%)
ptolemy.util.test.WatchDog.cancel(): canceling Thu Oct 10 16:38:55 UTC 2019
------------------ testing $PTII/ptolemy/domains/de/test/auto/DepthTest5.xml
auto.tcl: Setting watchdog for 200 seconds at Thu Oct 10 16:38:55 UTC 2019
4 ms. Memory: 48128K Free: 29471K (61%)
ptolemy.util.test.WatchDog.cancel(): canceling Thu Oct 10 16:38:55 UTC 2019
auto.tcl: Setting watchdog for 200 seconds at Thu Oct 10 16:38:55 UTC 2019
2 ms. Memory: 48128K Free: 28699K (60%)
ptolemy.util.test.WatchDog.cancel(): canceling Thu Oct 10 16:38:55 UTC 2019
------------------ testing $PTII/ptolemy/domains/de/test/auto/DepthTest6.xml
auto.tcl: Setting watchdog for 200 seconds at Thu Oct 10 16:38:55 UTC 2019
4 ms. Memory: 48128K Free: 28978K (60%)
ptolemy.util.test.WatchDog.cancel(): canceling Thu Oct 10 16:38:55 UTC 2019
auto.tcl: Setting watchdog for 200 seconds at Thu Oct 10 16:38:55 UTC 2019
2 ms. Memory: 48128K Free: 28246K (59%)
ptolemy.util.test.WatchDog.cancel(): canceling Thu Oct 10 16:38:55 UTC 2019
------------------ testing $PTII/ptolemy/domains/de/test/auto/DepthTest7.xml
auto.tcl: Setting watchdog for 200 seconds at Thu Oct 10 16:38:55 UTC 2019
3 ms. Memory: 48128K Free: 29735K (62%)
ptolemy.util.test.WatchDog.cancel(): canceling Thu Oct 10 16:38:55 UTC 2019
auto.tcl: Setting watchdog for 200 seconds at Thu Oct 10 16:38:55 UTC 2019
2 ms. Memory: 48128K Free: 28832K (60%)
ptolemy.util.test.WatchDog.cancel(): canceling Thu Oct 10 16:38:55 UTC 2019
------------------ testing $PTII/ptolemy/domains/de/test/auto/EventToDate.xml
auto.tcl: Setting watchdog for 200 seconds at Thu Oct 10 16:38:55 UTC 2019
3007 ms. Memory: 48128K Free: 20525K (43%)
ptolemy.util.test.WatchDog.cancel(): canceling Thu Oct 10 16:38:58 UTC 2019
auto.tcl: Setting watchdog for 200 seconds at Thu Oct 10 16:38:58 UTC 2019
3004 ms. Memory: 48128K Free: 20083K (42%)
ptolemy.util.test.WatchDog.cancel(): canceling Thu Oct 10 16:39:01 UTC 2019
------------------ testing $PTII/ptolemy/domains/de/test/auto/FSM1.xml
auto.tcl: Setting watchdog for 200 seconds at Thu Oct 10 16:39:01 UTC 2019
26 ms. Memory: 48128K Free: 21516K (45%)
ptolemy.util.test.WatchDog.cancel(): canceling Thu Oct 10 16:39:01 UTC 2019
auto.tcl: Setting watchdog for 200 seconds at Thu Oct 10 16:39:01 UTC 2019
16 ms. Memory: 48128K Free: 18329K (38%)
ptolemy.util.test.WatchDog.cancel(): canceling Thu Oct 10 16:39:01 UTC 2019
------------------ testing $PTII/ptolemy/domains/de/test/auto/FSM7.xml
auto.tcl: Setting watchdog for 200 seconds at Thu Oct 10 16:39:01 UTC 2019
14 ms. Memory: 48128K Free: 21673K (45%)
ptolemy.util.test.WatchDog.cancel(): canceling Thu Oct 10 16:39:01 UTC 2019
auto.tcl: Setting watchdog for 200 seconds at Thu Oct 10 16:39:01 UTC 2019
15 ms. Memory: 48128K Free: 18515K (38%)
ptolemy.util.test.WatchDog.cancel(): canceling Thu Oct 10 16:39:01 UTC 2019
------------------ testing $PTII/ptolemy/domains/de/test/auto/Inspection.xml
auto.tcl: Setting watchdog for 200 seconds at Thu Oct 10 16:39:02 UTC 2019
24 ms. Memory: 48128K Free: 21721K (45%)
ptolemy.util.test.WatchDog.cancel(): canceling Thu Oct 10 16:39:02 UTC 2019
auto.tcl: Setting watchdog for 200 seconds at Thu Oct 10 16:39:02 UTC 2019
28 ms. Memory: 48128K Free: 19994K (42%)
ptolemy.util.test.WatchDog.cancel(): canceling Thu Oct 10 16:39:02 UTC 2019
------------------ testing $PTII/ptolemy/domains/de/test/auto/Iteration.xml
auto.tcl: Setting watchdog for 200 seconds at Thu Oct 10 16:39:02 UTC 2019
11 ms. Memory: 48128K Free: 27465K (57%)
ptolemy.util.test.WatchDog.cancel(): canceling Thu Oct 10 16:39:02 UTC 2019
auto.tcl: Setting watchdog for 200 seconds at Thu Oct 10 16:39:02 UTC 2019
7 ms. Memory: 48128K Free: 26441K (55%)
ptolemy.util.test.WatchDog.cancel(): canceling Thu Oct 10 16:39:02 UTC 2019
------------------ testing $PTII/ptolemy/domains/de/test/auto/LineFault.xml
auto.tcl: Setting watchdog for 200 seconds at Thu Oct 10 16:39:02 UTC 2019
773 ms. Memory: 48128K Free: 24698K (51%)
ptolemy.util.test.WatchDog.cancel(): canceling Thu Oct 10 16:39:03 UTC 2019
auto.tcl: Setting watchdog for 200 seconds at Thu Oct 10 16:39:03 UTC 2019
588 ms. Memory: 64512K Free: 27281K (42%)
ptolemy.util.test.WatchDog.cancel(): canceling Thu Oct 10 16:39:03 UTC 2019
------------------ testing $PTII/ptolemy/domains/de/test/auto/MergeModel1Add.xml
auto.tcl: Setting watchdog for 200 seconds at Thu Oct 10 16:39:03 UTC 2019
32 ms. Memory: 51200K Free: 16529K (32%)
ptolemy.util.test.WatchDog.cancel(): canceling Thu Oct 10 16:39:04 UTC 2019
auto.tcl: Setting watchdog for 200 seconds at Thu Oct 10 16:39:04 UTC 2019
11 ms. Memory: 51200K Free: 14883K (29%)
ptolemy.util.test.WatchDog.cancel(): canceling Thu Oct 10 16:39:04 UTC 2019
------------------ testing $PTII/ptolemy/domains/de/test/auto/MergeModel2Add.xml
auto.tcl: Setting watchdog for 200 seconds at Thu Oct 10 16:39:04 UTC 2019
12 ms. Memory: 48128K Free: 15282K (32%)
ptolemy.util.test.WatchDog.cancel(): canceling Thu Oct 10 16:39:04 UTC 2019
auto.tcl: Setting watchdog for 200 seconds at Thu Oct 10 16:39:04 UTC 2019
12 ms. Memory: 48128K Free: 13553K (28%)
ptolemy.util.test.WatchDog.cancel(): canceling Thu Oct 10 16:39:04 UTC 2019
------------------ testing $PTII/ptolemy/domains/de/test/auto/MergeModel3Add.xml
auto.tcl: Setting watchdog for 200 seconds at Thu Oct 10 16:39:04 UTC 2019
10 ms. Memory: 48128K Free: 15549K (32%)
ptolemy.util.test.WatchDog.cancel(): canceling Thu Oct 10 16:39:04 UTC 2019
auto.tcl: Setting watchdog for 200 seconds at Thu Oct 10 16:39:04 UTC 2019
9 ms. Memory: 48128K Free: 13984K (29%)
ptolemy.util.test.WatchDog.cancel(): canceling Thu Oct 10 16:39:04 UTC 2019
------------------ testing $PTII/ptolemy/domains/de/test/auto/MergeWithoutDiscard.xml
auto.tcl: Setting watchdog for 200 seconds at Thu Oct 10 16:39:04 UTC 2019
2 ms. Memory: 48128K Free: 29893K (62%)
ptolemy.util.test.WatchDog.cancel(): canceling Thu Oct 10 16:39:04 UTC 2019
auto.tcl: Setting watchdog for 200 seconds at Thu Oct 10 16:39:04 UTC 2019
1 ms. Memory: 48128K Free: 29460K (61%)
ptolemy.util.test.WatchDog.cancel(): canceling Thu Oct 10 16:39:04 UTC 2019
------------------ testing $PTII/ptolemy/domains/de/test/auto/Modal1.xml
auto.tcl: Setting watchdog for 200 seconds at Thu Oct 10 16:39:04 UTC 2019
11 ms. Memory: 48128K Free: 22257K (46%)
ptolemy.util.test.WatchDog.cancel(): canceling Thu Oct 10 16:39:04 UTC 2019
auto.tcl: Setting watchdog for 200 seconds at Thu Oct 10 16:39:04 UTC 2019
13 ms. Memory: 48128K Free: 18981K (39%)
ptolemy.util.test.WatchDog.cancel(): canceling Thu Oct 10 16:39:04 UTC 2019
------------------ testing $PTII/ptolemy/domains/de/test/auto/Modal2.xml
auto.tcl: Setting watchdog for 200 seconds at Thu Oct 10 16:39:04 UTC 2019
19 ms. Memory: 48128K Free: 22123K (46%)
ptolemy.util.test.WatchDog.cancel(): canceling Thu Oct 10 16:39:04 UTC 2019
auto.tcl: Setting watchdog for 200 seconds at Thu Oct 10 16:39:04 UTC 2019
18 ms. Memory: 48128K Free: 18859K (39%)
ptolemy.util.test.WatchDog.cancel(): canceling Thu Oct 10 16:39:04 UTC 2019
------------------ testing $PTII/ptolemy/domains/de/test/auto/Modal3.xml
auto.tcl: Setting watchdog for 200 seconds at Thu Oct 10 16:39:04 UTC 2019
10 ms. Memory: 48128K Free: 21840K (45%)
ptolemy.util.test.WatchDog.cancel(): canceling Thu Oct 10 16:39:04 UTC 2019
auto.tcl: Setting watchdog for 200 seconds at Thu Oct 10 16:39:04 UTC 2019
11 ms. Memory: 48128K Free: 18891K (39%)
ptolemy.util.test.WatchDog.cancel(): canceling Thu Oct 10 16:39:04 UTC 2019
------------------ testing $PTII/ptolemy/domains/de/test/auto/Modal4.xml
auto.tcl: Setting watchdog for 200 seconds at Thu Oct 10 16:39:04 UTC 2019
13 ms. Memory: 48128K Free: 21105K (44%)
ptolemy.util.test.WatchDog.cancel(): canceling Thu Oct 10 16:39:04 UTC 2019
auto.tcl: Setting watchdog for 200 seconds at Thu Oct 10 16:39:04 UTC 2019
14 ms. Memory: 48128K Free: 17236K (36%)
ptolemy.util.test.WatchDog.cancel(): canceling Thu Oct 10 16:39:04 UTC 2019
------------------ testing $PTII/ptolemy/domains/de/test/auto/Modal5.xml
auto.tcl: Setting watchdog for 200 seconds at Thu Oct 10 16:39:04 UTC 2019
16 ms. Memory: 48128K Free: 21061K (44%)
ptolemy.util.test.WatchDog.cancel(): canceling Thu Oct 10 16:39:04 UTC 2019
auto.tcl: Setting watchdog for 200 seconds at Thu Oct 10 16:39:04 UTC 2019
14 ms. Memory: 48128K Free: 17223K (36%)
ptolemy.util.test.WatchDog.cancel(): canceling Thu Oct 10 16:39:04 UTC 2019
------------------ testing $PTII/ptolemy/domains/de/test/auto/Modal6.xml
auto.tcl: Setting watchdog for 200 seconds at Thu Oct 10 16:39:04 UTC 2019
17 ms. Memory: 48128K Free: 21813K (45%)
ptolemy.util.test.WatchDog.cancel(): canceling Thu Oct 10 16:39:04 UTC 2019
auto.tcl: Setting watchdog for 200 seconds at Thu Oct 10 16:39:04 UTC 2019
15 ms. Memory: 48128K Free: 17886K (37%)
ptolemy.util.test.WatchDog.cancel(): canceling Thu Oct 10 16:39:05 UTC 2019
------------------ testing $PTII/ptolemy/domains/de/test/auto/Modal7.xml
auto.tcl: Setting watchdog for 200 seconds at Thu Oct 10 16:39:05 UTC 2019
17 ms. Memory: 48128K Free: 21045K (44%)
ptolemy.util.test.WatchDog.cancel(): canceling Thu Oct 10 16:39:05 UTC 2019
auto.tcl: Setting watchdog for 200 seconds at Thu Oct 10 16:39:05 UTC 2019
12 ms. Memory: 48128K Free: 17574K (37%)
ptolemy.util.test.WatchDog.cancel(): canceling Thu Oct 10 16:39:05 UTC 2019
------------------ testing $PTII/ptolemy/domains/de/test/auto/ModalModel.xml
auto.tcl: Setting watchdog for 200 seconds at Thu Oct 10 16:39:05 UTC 2019
234 ms. Memory: 48128K Free: 31663K (66%)
ptolemy.util.test.WatchDog.cancel(): canceling Thu Oct 10 16:39:05 UTC 2019
auto.tcl: Setting watchdog for 200 seconds at Thu Oct 10 16:39:05 UTC 2019
207 ms. Memory: 60416K Free: 35783K (59%)
ptolemy.util.test.WatchDog.cancel(): canceling Thu Oct 10 16:39:05 UTC 2019
------------------ testing $PTII/ptolemy/domains/de/test/auto/ModalSource.xml
auto.tcl: Setting watchdog for 200 seconds at Thu Oct 10 16:39:05 UTC 2019
11 ms. Memory: 48128K Free: 25895K (54%)
ptolemy.util.test.WatchDog.cancel(): canceling Thu Oct 10 16:39:05 UTC 2019
auto.tcl: Setting watchdog for 200 seconds at Thu Oct 10 16:39:05 UTC 2019
6 ms. Memory: 48128K Free: 23847K (50%)
ptolemy.util.test.WatchDog.cancel(): canceling Thu Oct 10 16:39:05 UTC 2019
------------------ testing $PTII/ptolemy/domains/de/test/auto/NonInterruptibleTimerZeroDelay.xml
auto.tcl: Setting watchdog for 200 seconds at Thu Oct 10 16:39:05 UTC 2019
4 ms. Memory: 48128K Free: 30869K (64%)
ptolemy.util.test.WatchDog.cancel(): canceling Thu Oct 10 16:39:05 UTC 2019
auto.tcl: Setting watchdog for 200 seconds at Thu Oct 10 16:39:05 UTC 2019
3 ms. Memory: 48128K Free: 30164K (63%)
ptolemy.util.test.WatchDog.cancel(): canceling Thu Oct 10 16:39:05 UTC 2019
------------------ testing $PTII/ptolemy/domains/de/test/auto/OpenQueueingNetwork.xml
auto.tcl: Setting watchdog for 200 seconds at Thu Oct 10 16:39:05 UTC 2019
2963 ms. Memory: 118784K Free: 49978K (42%)
ptolemy.util.test.WatchDog.cancel(): canceling Thu Oct 10 16:39:08 UTC 2019
auto.tcl: Setting watchdog for 200 seconds at Thu Oct 10 16:39:08 UTC 2019
2506 ms. Memory: 118784K Free: 55083K (46%)
ptolemy.util.test.WatchDog.cancel(): canceling Thu Oct 10 16:39:11 UTC 2019
------------------ testing $PTII/ptolemy/domains/de/test/auto/OpenQueuingNetwork.xml
auto.tcl: Setting watchdog for 200 seconds at Thu Oct 10 16:39:11 UTC 2019
239 ms. Memory: 51200K Free: 17815K (35%)
ptolemy.util.test.WatchDog.cancel(): canceling Thu Oct 10 16:39:11 UTC 2019
auto.tcl: Setting watchdog for 200 seconds at Thu Oct 10 16:39:11 UTC 2019
240 ms. Memory: 61440K Free: 36591K (60%)
ptolemy.util.test.WatchDog.cancel(): canceling Thu Oct 10 16:39:12 UTC 2019
------------------ testing $PTII/ptolemy/domains/de/test/auto/PeriodicSampler.xml
auto.tcl: Setting watchdog for 200 seconds at Thu Oct 10 16:39:12 UTC 2019
2 ms. Memory: 48128K Free: 30028K (62%)
ptolemy.util.test.WatchDog.cancel(): canceling Thu Oct 10 16:39:12 UTC 2019
auto.tcl: Setting watchdog for 200 seconds at Thu Oct 10 16:39:12 UTC 2019
2 ms. Memory: 48128K Free: 29117K (60%)
ptolemy.util.test.WatchDog.cancel(): canceling Thu Oct 10 16:39:12 UTC 2019
------------------ testing $PTII/ptolemy/domains/de/test/auto/PersistentIO.xml
auto.tcl: Setting watchdog for 200 seconds at Thu Oct 10 16:39:12 UTC 2019
6 ms. Memory: 48128K Free: 24953K (52%)
ptolemy.util.test.WatchDog.cancel(): canceling Thu Oct 10 16:39:12 UTC 2019
auto.tcl: Setting watchdog for 200 seconds at Thu Oct 10 16:39:12 UTC 2019
3 ms. Memory: 48128K Free: 23533K (49%)
ptolemy.util.test.WatchDog.cancel(): canceling Thu Oct 10 16:39:12 UTC 2019
------------------ testing $PTII/ptolemy/domains/de/test/auto/PortParameterResetOnInitialize.xml
auto.tcl: Setting watchdog for 200 seconds at Thu Oct 10 16:39:12 UTC 2019
2 ms. Memory: 48128K Free: 29937K (62%)
ptolemy.util.test.WatchDog.cancel(): canceling Thu Oct 10 16:39:12 UTC 2019
auto.tcl: Setting watchdog for 200 seconds at Thu Oct 10 16:39:12 UTC 2019
1 ms. Memory: 48128K Free: 29491K (61%)
ptolemy.util.test.WatchDog.cancel(): canceling Thu Oct 10 16:39:12 UTC 2019
------------------ testing $PTII/ptolemy/domains/de/test/auto/PortParameterUpdates.xml
auto.tcl: Setting watchdog for 200 seconds at Thu Oct 10 16:39:12 UTC 2019
3 ms. Memory: 48128K Free: 28035K (58%)
ptolemy.util.test.WatchDog.cancel(): canceling Thu Oct 10 16:39:12 UTC 2019
auto.tcl: Setting watchdog for 200 seconds at Thu Oct 10 16:39:12 UTC 2019
3 ms. Memory: 48128K Free: 26617K (55%)
ptolemy.util.test.WatchDog.cancel(): canceling Thu Oct 10 16:39:12 UTC 2019
------------------ testing $PTII/ptolemy/domains/de/test/auto/QueueAndServer.xml
auto.tcl: Setting watchdog for 200 seconds at Thu Oct 10 16:39:12 UTC 2019
6 ms. Memory: 48128K Free: 26976K (56%)
ptolemy.util.test.WatchDog.cancel(): canceling Thu Oct 10 16:39:12 UTC 2019
auto.tcl: Setting watchdog for 200 seconds at Thu Oct 10 16:39:12 UTC 2019
6 ms. Memory: 48128K Free: 25534K (53%)
ptolemy.util.test.WatchDog.cancel(): canceling Thu Oct 10 16:39:12 UTC 2019
------------------ testing $PTII/ptolemy/domains/de/test/auto/Records.xml
auto.tcl: Setting watchdog for 200 seconds at Thu Oct 10 16:39:12 UTC 2019
9 ms. Memory: 48128K Free: 29514K (61%)
ptolemy.util.test.WatchDog.cancel(): canceling Thu Oct 10 16:39:12 UTC 2019
auto.tcl: Setting watchdog for 200 seconds at Thu Oct 10 16:39:12 UTC 2019
2 ms. Memory: 48128K Free: 29027K (60%)
ptolemy.util.test.WatchDog.cancel(): canceling Thu Oct 10 16:39:12 UTC 2019
------------------ testing $PTII/ptolemy/domains/de/test/auto/ResetTransitionWithStartTime1.xml
auto.tcl: Setting watchdog for 200 seconds at Thu Oct 10 16:39:12 UTC 2019
11 ms. Memory: 48128K Free: 26436K (55%)
ptolemy.util.test.WatchDog.cancel(): canceling Thu Oct 10 16:39:12 UTC 2019
auto.tcl: Setting watchdog for 200 seconds at Thu Oct 10 16:39:12 UTC 2019
6 ms. Memory: 48128K Free: 23932K (50%)
ptolemy.util.test.WatchDog.cancel(): canceling Thu Oct 10 16:39:12 UTC 2019
------------------ testing $PTII/ptolemy/domains/de/test/auto/ResetTransitionWithStartTime2.xml
auto.tcl: Setting watchdog for 200 seconds at Thu Oct 10 16:39:12 UTC 2019
9 ms. Memory: 48128K Free: 26392K (55%)
ptolemy.util.test.WatchDog.cancel(): canceling Thu Oct 10 16:39:12 UTC 2019
auto.tcl: Setting watchdog for 200 seconds at Thu Oct 10 16:39:12 UTC 2019
6 ms. Memory: 48128K Free: 24344K (51%)
ptolemy.util.test.WatchDog.cancel(): canceling Thu Oct 10 16:39:12 UTC 2019
------------------ testing $PTII/ptolemy/domains/de/test/auto/ResetTransitionWithStartTime3.xml
auto.tcl: Setting watchdog for 200 seconds at Thu Oct 10 16:39:12 UTC 2019
6 ms. Memory: 48128K Free: 26574K (55%)
ptolemy.util.test.WatchDog.cancel(): canceling Thu Oct 10 16:39:12 UTC 2019
auto.tcl: Setting watchdog for 200 seconds at Thu Oct 10 16:39:12 UTC 2019
5 ms. Memory: 48128K Free: 24343K (51%)
ptolemy.util.test.WatchDog.cancel(): canceling Thu Oct 10 16:39:12 UTC 2019
------------------ testing $PTII/ptolemy/domains/de/test/auto/ResetTransitionWithStartTime4.xml
auto.tcl: Setting watchdog for 200 seconds at Thu Oct 10 16:39:12 UTC 2019
7 ms. Memory: 48128K Free: 26877K (56%)
ptolemy.util.test.WatchDog.cancel(): canceling Thu Oct 10 16:39:12 UTC 2019
auto.tcl: Setting watchdog for 200 seconds at Thu Oct 10 16:39:12 UTC 2019
3 ms. Memory: 48128K Free: 25458K (53%)
ptolemy.util.test.WatchDog.cancel(): canceling Thu Oct 10 16:39:12 UTC 2019
------------------ testing $PTII/ptolemy/domains/de/test/auto/ResettableTimer1.xml
auto.tcl: Setting watchdog for 200 seconds at Thu Oct 10 16:39:12 UTC 2019
3 ms. Memory: 48128K Free: 30896K (64%)
ptolemy.util.test.WatchDog.cancel(): canceling Thu Oct 10 16:39:12 UTC 2019
auto.tcl: Setting watchdog for 200 seconds at Thu Oct 10 16:39:12 UTC 2019
2 ms. Memory: 48128K Free: 30028K (62%)
ptolemy.util.test.WatchDog.cancel(): canceling Thu Oct 10 16:39:12 UTC 2019
------------------ testing $PTII/ptolemy/domains/de/test/auto/ResettableTimer2.xml
auto.tcl: Setting watchdog for 200 seconds at Thu Oct 10 16:39:12 UTC 2019
2 ms. Memory: 48128K Free: 30731K (64%)
ptolemy.util.test.WatchDog.cancel(): canceling Thu Oct 10 16:39:12 UTC 2019
auto.tcl: Setting watchdog for 200 seconds at Thu Oct 10 16:39:12 UTC 2019
2 ms. Memory: 48128K Free: 30054K (62%)
ptolemy.util.test.WatchDog.cancel(): canceling Thu Oct 10 16:39:12 UTC 2019
------------------ testing $PTII/ptolemy/domains/de/test/auto/ResettableTimer3.xml
auto.tcl: Setting watchdog for 200 seconds at Thu Oct 10 16:39:13 UTC 2019
1 ms. Memory: 48128K Free: 30582K (64%)
ptolemy.util.test.WatchDog.cancel(): canceling Thu Oct 10 16:39:13 UTC 2019
auto.tcl: Setting watchdog for 200 seconds at Thu Oct 10 16:39:13 UTC 2019
2 ms. Memory: 48128K Free: 30524K (63%)
ptolemy.util.test.WatchDog.cancel(): canceling Thu Oct 10 16:39:13 UTC 2019
------------------ testing $PTII/ptolemy/domains/de/test/auto/ResettableTimer4.xml
auto.tcl: Setting watchdog for 200 seconds at Thu Oct 10 16:39:13 UTC 2019
2 ms. Memory: 48128K Free: 30595K (64%)
ptolemy.util.test.WatchDog.cancel(): canceling Thu Oct 10 16:39:13 UTC 2019
auto.tcl: Setting watchdog for 200 seconds at Thu Oct 10 16:39:13 UTC 2019
1 ms. Memory: 48128K Free: 30097K (63%)
ptolemy.util.test.WatchDog.cancel(): canceling Thu Oct 10 16:39:13 UTC 2019
------------------ testing $PTII/ptolemy/domains/de/test/auto/ResettableTimer5.xml
auto.tcl: Setting watchdog for 200 seconds at Thu Oct 10 16:39:13 UTC 2019
1 ms. Memory: 48128K Free: 30016K (62%)
ptolemy.util.test.WatchDog.cancel(): canceling Thu Oct 10 16:39:13 UTC 2019
auto.tcl: Setting watchdog for 200 seconds at Thu Oct 10 16:39:13 UTC 2019
1 ms. Memory: 48128K Free: 29570K (61%)
ptolemy.util.test.WatchDog.cancel(): canceling Thu Oct 10 16:39:13 UTC 2019
------------------ testing $PTII/ptolemy/domains/de/test/auto/ResettableTimer6.xml
auto.tcl: Setting watchdog for 200 seconds at Thu Oct 10 16:39:13 UTC 2019
2 ms. Memory: 48128K Free: 29982K (62%)
ptolemy.util.test.WatchDog.cancel(): canceling Thu Oct 10 16:39:13 UTC 2019
auto.tcl: Setting watchdog for 200 seconds at Thu Oct 10 16:39:13 UTC 2019
1 ms. Memory: 48128K Free: 29502K (61%)
ptolemy.util.test.WatchDog.cancel(): canceling Thu Oct 10 16:39:13 UTC 2019
------------------ testing $PTII/ptolemy/domains/de/test/auto/ServerZeroDelay.xml
auto.tcl: Setting watchdog for 200 seconds at Thu Oct 10 16:39:13 UTC 2019
2 ms. Memory: 48128K Free: 30517K (63%)
ptolemy.util.test.WatchDog.cancel(): canceling Thu Oct 10 16:39:13 UTC 2019
auto.tcl: Setting watchdog for 200 seconds at Thu Oct 10 16:39:13 UTC 2019
2 ms. Memory: 48128K Free: 29617K (62%)
ptolemy.util.test.WatchDog.cancel(): canceling Thu Oct 10 16:39:13 UTC 2019
------------------ testing $PTII/ptolemy/domains/de/test/auto/SmartSender.xml
auto.tcl: Setting watchdog for 200 seconds at Thu Oct 10 16:39:13 UTC 2019
3001 ms. Memory: 48128K Free: 30553K (63%)
ptolemy.util.test.WatchDog.cancel(): canceling Thu Oct 10 16:39:16 UTC 2019
auto.tcl: Setting watchdog for 200 seconds at Thu Oct 10 16:39:16 UTC 2019
3002 ms. Memory: 48128K Free: 30057K (62%)
ptolemy.util.test.WatchDog.cancel(): canceling Thu Oct 10 16:39:19 UTC 2019
------------------ testing $PTII/ptolemy/domains/de/test/auto/ThreadedComposite.xml
auto.tcl: Setting watchdog for 200 seconds at Thu Oct 10 16:39:19 UTC 2019
170 ms. Memory: 48128K Free: 11580K (24%)
ptolemy.util.test.WatchDog.cancel(): canceling Thu Oct 10 16:39:19 UTC 2019
auto.tcl: Setting watchdog for 200 seconds at Thu Oct 10 16:39:19 UTC 2019
132 ms. Memory: 48128K Free: 25143K (52%)
ptolemy.util.test.WatchDog.cancel(): canceling Thu Oct 10 16:39:19 UTC 2019
------------------ testing $PTII/ptolemy/domains/de/test/auto/Time.xml
auto.tcl: Setting watchdog for 200 seconds at Thu Oct 10 16:39:19 UTC 2019
536 ms. Memory: 48128K Free: 28053K (58%)
ptolemy.util.test.WatchDog.cancel(): canceling Thu Oct 10 16:39:20 UTC 2019
auto.tcl: Setting watchdog for 200 seconds at Thu Oct 10 16:39:20 UTC 2019
463 ms. Memory: 48128K Free: 25625K (53%)
ptolemy.util.test.WatchDog.cancel(): canceling Thu Oct 10 16:39:20 UTC 2019
------------------ testing $PTII/ptolemy/domains/de/test/auto/TimeDelayZeroDelay.xml
auto.tcl: Setting watchdog for 200 seconds at Thu Oct 10 16:39:20 UTC 2019
3 ms. Memory: 48128K Free: 30938K (64%)
ptolemy.util.test.WatchDog.cancel(): canceling Thu Oct 10 16:39:20 UTC 2019
auto.tcl: Setting watchdog for 200 seconds at Thu Oct 10 16:39:20 UTC 2019
1 ms. Memory: 48128K Free: 30047K (62%)
ptolemy.util.test.WatchDog.cancel(): canceling Thu Oct 10 16:39:20 UTC 2019
------------------ testing $PTII/ptolemy/domains/de/test/auto/TimerZeroDelay.xml
auto.tcl: Setting watchdog for 200 seconds at Thu Oct 10 16:39:20 UTC 2019
3 ms. Memory: 48128K Free: 30994K (64%)
ptolemy.util.test.WatchDog.cancel(): canceling Thu Oct 10 16:39:20 UTC 2019
auto.tcl: Setting watchdog for 200 seconds at Thu Oct 10 16:39:20 UTC 2019
2 ms. Memory: 48128K Free: 30484K (63%)
ptolemy.util.test.WatchDog.cancel(): canceling Thu Oct 10 16:39:20 UTC 2019
------------------ testing $PTII/ptolemy/domains/de/test/auto/TimingParadox.xml
auto.tcl: Setting watchdog for 200 seconds at Thu Oct 10 16:39:20 UTC 2019
330 ms. Memory: 58368K Free: 23677K (41%)
ptolemy.util.test.WatchDog.cancel(): canceling Thu Oct 10 16:39:21 UTC 2019
auto.tcl: Setting watchdog for 200 seconds at Thu Oct 10 16:39:21 UTC 2019
326 ms. Memory: 58368K Free: 18663K (32%)
ptolemy.util.test.WatchDog.cancel(): canceling Thu Oct 10 16:39:21 UTC 2019
------------------ testing $PTII/ptolemy/domains/de/test/auto/TransferInputs.xml
auto.tcl: Setting watchdog for 200 seconds at Thu Oct 10 16:39:21 UTC 2019
2 ms. Memory: 55296K Free: 36120K (65%)
ptolemy.util.test.WatchDog.cancel(): canceling Thu Oct 10 16:39:21 UTC 2019
auto.tcl: Setting watchdog for 200 seconds at Thu Oct 10 16:39:21 UTC 2019
1 ms. Memory: 55296K Free: 35195K (64%)
ptolemy.util.test.WatchDog.cancel(): canceling Thu Oct 10 16:39:21 UTC 2019
------------------ testing $PTII/ptolemy/domains/de/test/auto/TransferOutputs2.xml
auto.tcl: Setting watchdog for 200 seconds at Thu Oct 10 16:39:21 UTC 2019
3 ms. Memory: 48128K Free: 26395K (55%)
ptolemy.util.test.WatchDog.cancel(): canceling Thu Oct 10 16:39:21 UTC 2019
auto.tcl: Setting watchdog for 200 seconds at Thu Oct 10 16:39:21 UTC 2019
3 ms. Memory: 48128K Free: 24985K (52%)
ptolemy.util.test.WatchDog.cancel(): canceling Thu Oct 10 16:39:21 UTC 2019
------------------ testing $PTII/ptolemy/domains/de/test/auto/Trilateration.xml
auto.tcl: Setting watchdog for 200 seconds at Thu Oct 10 16:39:21 UTC 2019
14868 ms. Memory: 428032K Free: 347263K (81%)
ptolemy.util.test.WatchDog.cancel(): canceling Thu Oct 10 16:39:37 UTC 2019
auto.tcl: Setting watchdog for 200 seconds at Thu Oct 10 16:39:37 UTC 2019
11282 ms. Memory: 428032K Free: 244326K (57%)
ptolemy.util.test.WatchDog.cancel(): canceling Thu Oct 10 16:39:49 UTC 2019
------------------ testing $PTII/ptolemy/domains/de/test/auto/TwoSigmaDelta.xml
auto.tcl: Setting watchdog for 200 seconds at Thu Oct 10 16:39:49 UTC 2019
2727 ms. Memory: 89088K Free: 21493K (24%)
ptolemy.util.test.WatchDog.cancel(): canceling Thu Oct 10 16:39:52 UTC 2019
auto.tcl: Setting watchdog for 200 seconds at Thu Oct 10 16:39:52 UTC 2019
2083 ms. Memory: 89088K Free: 16351K (18%)
ptolemy.util.test.WatchDog.cancel(): canceling Thu Oct 10 16:39:54 UTC 2019
------------------ testing $PTII/ptolemy/domains/de/test/auto/VariableDelay.xml
auto.tcl: Setting watchdog for 200 seconds at Thu Oct 10 16:39:54 UTC 2019
3 ms. Memory: 51200K Free: 32504K (63%)
ptolemy.util.test.WatchDog.cancel(): canceling Thu Oct 10 16:39:54 UTC 2019
auto.tcl: Setting watchdog for 200 seconds at Thu Oct 10 16:39:54 UTC 2019
2 ms. Memory: 51200K Free: 31510K (62%)
ptolemy.util.test.WatchDog.cancel(): canceling Thu Oct 10 16:39:54 UTC 2019
------------------ testing $PTII/ptolemy/domains/de/test/auto/VariableDelay2.xml
auto.tcl: Setting watchdog for 200 seconds at Thu Oct 10 16:39:54 UTC 2019
2 ms. Memory: 51200K Free: 33133K (65%)
ptolemy.util.test.WatchDog.cancel(): canceling Thu Oct 10 16:39:54 UTC 2019
auto.tcl: Setting watchdog for 200 seconds at Thu Oct 10 16:39:54 UTC 2019
1 ms. Memory: 51200K Free: 32605K (64%)
ptolemy.util.test.WatchDog.cancel(): canceling Thu Oct 10 16:39:54 UTC 2019
------------------ testing $PTII/ptolemy/domains/de/test/auto/VariableDelayZeroDelay.xml
auto.tcl: Setting watchdog for 200 seconds at Thu Oct 10 16:39:54 UTC 2019
1 ms. Memory: 51200K Free: 33446K (65%)
ptolemy.util.test.WatchDog.cancel(): canceling Thu Oct 10 16:39:54 UTC 2019
auto.tcl: Setting watchdog for 200 seconds at Thu Oct 10 16:39:54 UTC 2019
2 ms. Memory: 51200K Free: 32902K (64%)
ptolemy.util.test.WatchDog.cancel(): canceling Thu Oct 10 16:39:54 UTC 2019
------------------ testing $PTII/ptolemy/domains/de/test/auto/VariableDelayZeroDelay2.xml
auto.tcl: Setting watchdog for 200 seconds at Thu Oct 10 16:39:54 UTC 2019
6 ms. Memory: 51200K Free: 33445K (65%)
ptolemy.util.test.WatchDog.cancel(): canceling Thu Oct 10 16:39:54 UTC 2019
auto.tcl: Setting watchdog for 200 seconds at Thu Oct 10 16:39:54 UTC 2019
2 ms. Memory: 51200K Free: 32421K (63%)
ptolemy.util.test.WatchDog.cancel(): canceling Thu Oct 10 16:39:54 UTC 2019
------------------ testing $PTII/ptolemy/domains/de/test/auto/deInCt.xml
auto.tcl: Setting watchdog for 200 seconds at Thu Oct 10 16:39:54 UTC 2019
0
1
1
1
1
1
0
0
0
1
1
1
0
0
0
1
1
1
0
0
0
1
1
1
0
0
0
0
1
1
1
0
0
0
1
1
1
1
1
1
17 ms. Memory: 51200K Free: 32418K (63%)
ptolemy.util.test.WatchDog.cancel(): canceling Thu Oct 10 16:39:54 UTC 2019
auto.tcl: Setting watchdog for 200 seconds at Thu Oct 10 16:39:54 UTC 2019
0
1
1
1
1
0
0
0
1
1
1
0
0
0
1
1
1
1
1
0
0
0
1
1
1
0
0
0
0
1
1
1
0
0
0
0
1
1
1
0
0
0
0
10 ms. Memory: 51200K Free: 30880K (60%)
ptolemy.util.test.WatchDog.cancel(): canceling Thu Oct 10 16:39:54 UTC 2019
------------------ testing $PTII/ptolemy/domains/de/test/auto/deInCt2.xml
auto.tcl: Setting watchdog for 200 seconds at Thu Oct 10 16:39:54 UTC 2019
0
1
1
1
0
0
1
1
1
0
0
1
1
1
0
0
1
1
1
0
0
1
1
1
0
0
1
1
1
0
0
1
1
1
0
0
1
1
1
0
0
0
16 ms. Memory: 51200K Free: 32420K (63%)
ptolemy.util.test.WatchDog.cancel(): canceling Thu Oct 10 16:39:54 UTC 2019
auto.tcl: Setting watchdog for 200 seconds at Thu Oct 10 16:39:54 UTC 2019
0
1
1
1
0
0
1
1
1
0
0
1
1
1
0
0
1
1
1
0
0
1
1
1
0
0
1
1
1
0
0
1
1
1
0
0
1
1
1
0
0
0
8 ms. Memory: 51200K Free: 30868K (60%)
ptolemy.util.test.WatchDog.cancel(): canceling Thu Oct 10 16:39:54 UTC 2019
------------------ testing $PTII/ptolemy/domains/de/test/auto/dynamicCausalityInterface1.xml
auto.tcl: Setting watchdog for 200 seconds at Thu Oct 10 16:39:54 UTC 2019
1 ms. Memory: 48128K Free: 25247K (52%)
ptolemy.util.test.WatchDog.cancel(): canceling Thu Oct 10 16:39:54 UTC 2019
auto.tcl: Setting watchdog for 200 seconds at Thu Oct 10 16:39:54 UTC 2019
1 ms. Memory: 48128K Free: 24282K (50%)
ptolemy.util.test.WatchDog.cancel(): canceling Thu Oct 10 16:39:54 UTC 2019
------------------ testing $PTII/ptolemy/domains/de/test/auto/fsm_de_test.xml
auto.tcl: Setting watchdog for 200 seconds at Thu Oct 10 16:39:54 UTC 2019
11 ms. Memory: 48128K Free: 25145K (52%)
ptolemy.util.test.WatchDog.cancel(): canceling Thu Oct 10 16:39:54 UTC 2019
auto.tcl: Setting watchdog for 200 seconds at Thu Oct 10 16:39:54 UTC 2019
8 ms. Memory: 48128K Free: 23162K (48%)
ptolemy.util.test.WatchDog.cancel(): canceling Thu Oct 10 16:39:54 UTC 2019
------------------ testing $PTII/ptolemy/domains/de/test/auto/functionDependencyReconstruction.xml
auto.tcl: Setting watchdog for 200 seconds at Thu Oct 10 16:39:54 UTC 2019
5 ms. Memory: 48128K Free: 18991K (39%)
ptolemy.util.test.WatchDog.cancel(): canceling Thu Oct 10 16:39:54 UTC 2019
auto.tcl: Setting watchdog for 200 seconds at Thu Oct 10 16:39:54 UTC 2019
3 ms. Memory: 48128K Free: 16992K (35%)
ptolemy.util.test.WatchDog.cancel(): canceling Thu Oct 10 16:39:54 UTC 2019
------------------ testing $PTII/ptolemy/domains/de/test/auto/multirate.xml
auto.tcl: Setting watchdog for 200 seconds at Thu Oct 10 16:39:54 UTC 2019
3 ms. Memory: 48128K Free: 27227K (57%)
ptolemy.util.test.WatchDog.cancel(): canceling Thu Oct 10 16:39:54 UTC 2019
auto.tcl: Setting watchdog for 200 seconds at Thu Oct 10 16:39:54 UTC 2019
3 ms. Memory: 48128K Free: 26090K (54%)
ptolemy.util.test.WatchDog.cancel(): canceling Thu Oct 10 16:39:54 UTC 2019
------------------ testing $PTII/ptolemy/domains/de/test/auto/multirate2.xml
auto.tcl: Setting watchdog for 200 seconds at Thu Oct 10 16:39:55 UTC 2019
3 ms. Memory: 48128K Free: 27972K (58%)
ptolemy.util.test.WatchDog.cancel(): canceling Thu Oct 10 16:39:55 UTC 2019
auto.tcl: Setting watchdog for 200 seconds at Thu Oct 10 16:39:55 UTC 2019
3 ms. Memory: 48128K Free: 26300K (55%)
ptolemy.util.test.WatchDog.cancel(): canceling Thu Oct 10 16:39:55 UTC 2019
------------------ testing $PTII/ptolemy/domains/de/test/auto/realtime.xml
auto.tcl: Setting watchdog for 200 seconds at Thu Oct 10 16:39:55 UTC 2019
10002 ms. Memory: 48128K Free: 30034K (62%)
ptolemy.util.test.WatchDog.cancel(): canceling Thu Oct 10 16:40:05 UTC 2019
auto.tcl: Setting watchdog for 200 seconds at Thu Oct 10 16:40:05 UTC 2019
10001 ms. Memory: 48128K Free: 29292K (61%)
ptolemy.util.test.WatchDog.cancel(): canceling Thu Oct 10 16:40:15 UTC 2019
------------------ testing $PTII/ptolemy/domains/de/test/auto/relationGroup.xml
auto.tcl: Setting watchdog for 200 seconds at Thu Oct 10 16:40:15 UTC 2019
2 ms. Memory: 48128K Free: 31083K (65%)
ptolemy.util.test.WatchDog.cancel(): canceling Thu Oct 10 16:40:15 UTC 2019
auto.tcl: Setting watchdog for 200 seconds at Thu Oct 10 16:40:15 UTC 2019
1 ms. Memory: 48128K Free: 30373K (63%)
ptolemy.util.test.WatchDog.cancel(): canceling Thu Oct 10 16:40:15 UTC 2019
------------------ testing $PTII/ptolemy/domains/de/test/auto/relationGroup2.xml
auto.tcl: Setting watchdog for 200 seconds at Thu Oct 10 16:40:15 UTC 2019
1 ms. Memory: 48128K Free: 31133K (65%)
ptolemy.util.test.WatchDog.cancel(): canceling Thu Oct 10 16:40:15 UTC 2019
auto.tcl: Setting watchdog for 200 seconds at Thu Oct 10 16:40:15 UTC 2019
2 ms. Memory: 48128K Free: 30629K (64%)
ptolemy.util.test.WatchDog.cancel(): canceling Thu Oct 10 16:40:15 UTC 2019
------------------ testing $PTII/ptolemy/domains/de/test/auto/sortWithOpaquePorts.xml
auto.tcl: Setting watchdog for 200 seconds at Thu Oct 10 16:40:15 UTC 2019
1 ms. Memory: 48128K Free: 29886K (62%)
ptolemy.util.test.WatchDog.cancel(): canceling Thu Oct 10 16:40:15 UTC 2019
auto.tcl: Setting watchdog for 200 seconds at Thu Oct 10 16:40:15 UTC 2019
2 ms. Memory: 48128K Free: 28416K (59%)
ptolemy.util.test.WatchDog.cancel(): canceling Thu Oct 10 16:40:15 UTC 2019
------------------ testing $PTII/ptolemy/domains/de/test/auto/transferInputsandOutputs.xml
auto.tcl: Setting watchdog for 200 seconds at Thu Oct 10 16:40:15 UTC 2019
4 ms. Memory: 48128K Free: 27316K (57%)
ptolemy.util.test.WatchDog.cancel(): canceling Thu Oct 10 16:40:15 UTC 2019
auto.tcl: Setting watchdog for 200 seconds at Thu Oct 10 16:40:15 UTC 2019
3 ms. Memory: 48128K Free: 26348K (55%)
ptolemy.util.test.WatchDog.cancel(): canceling Thu Oct 10 16:40:15 UTC 2019
------------------ testing $PTII/ptolemy/domains/de/test/auto/triggerType.xml
auto.tcl: Setting watchdog for 200 seconds at Thu Oct 10 16:40:15 UTC 2019
2 ms. Memory: 48128K Free: 30339K (63%)
ptolemy.util.test.WatchDog.cancel(): canceling Thu Oct 10 16:40:15 UTC 2019
auto.tcl: Setting watchdog for 200 seconds at Thu Oct 10 16:40:15 UTC 2019
2 ms. Memory: 48128K Free: 29363K (61%)
ptolemy.util.test.WatchDog.cancel(): canceling Thu Oct 10 16:40:15 UTC 2019
10/10/19 04:40:15
Failed: 0  Total Tests: 192  ((Passed: 187, Newly Passed: 1)  Known Failed: 5) /home/travis/build/icyphy/ptII/ptolemy/domains/de/test
10/10/19 04:40:15
Failed: 0  Total Tests: 192  ((Passed: 187, Newly Passed: 1)  Known Failed: 5) /home/travis/build/icyphy/ptII/ptolemy/domains/de/test
----------------- testing (KnownFailure) /home/travis/build/icyphy/ptII/ptolemy/domains/de/test/auto/knownFailedTests/DESDFClockTest.xml
2012 ms. Memory: 48128K Free: 23224K (48%)
Known Failure: java.lang.reflect.InvocationTargetException
----------------- testing (KnownFailure) /home/travis/build/icyphy/ptII/ptolemy/domains/de/test/auto/knownFailedTests/DirectFeedback.xml
2 ms. Memory: 48128K Free: 19128K (40%)
Known Failure: java.lang.reflect.InvocationTargetException
----------------- testing (KnownFailure) /home/travis/build/icyphy/ptII/ptolemy/domains/de/test/auto/knownFailedTests/FSMSource.xml
17 ms. Memory: 48128K Free: 11960K (25%)
----------------- testing (KnownFailure) /home/travis/build/icyphy/ptII/ptolemy/domains/de/test/auto/knownFailedTests/HierarchicalModel.xml
3 ms. Memory: 48128K Free: 21779K (45%)
Known Failure: java.lang.reflect.InvocationTargetException
----------------- testing (KnownFailure) /home/travis/build/icyphy/ptII/ptolemy/domains/de/test/auto/knownFailedTests/dependencyLoop.xml
9 ms. Memory: 48128K Free: 32473K (67%)
Known Failure: java.lang.reflect.InvocationTargetException
----------------- testing (KnownFailure) /home/travis/build/icyphy/ptII/ptolemy/domains/de/test/auto/knownFailedTests/dependencyLoop2.xml
3 ms. Memory: 48128K Free: 17357K (36%)
Known Failure: java.lang.reflect.InvocationTargetException
No auto/linux-amd64/*.xml tests in /home/travis/build/icyphy/ptII/ptolemy/domains/de/test
AutoTests.java: About to close Vertx.
AutoTests.java: Vertx closed.

===========================================================================================
----------------- testing Thu Oct 10 16:40:17 UTC 2019 /home/travis/build/icyphy/ptII/ptolemy/domains/de/test/auto/ActorDepthCalculation_actorWithoutPorts.xml
----------------- Instantiating /home/travis/build/icyphy/ptII/ptolemy/domains/de/test/auto/ActorDepthCalculation_actorWithoutPorts.xml
1 ms. Memory: 48128K Free: 11140K (23%)
----------------- Invoking toplevel() on ptolemy.moml.MoMLSimpleApplication@1f7f34a3
----------------- Done invoking toplevel() on ptolemy.moml.MoMLSimpleApplication@1f7f34a3
reloadAllAccessors: .ActorDepthCalculation_actorWithoutPorts

===========================================================================================
----------------- testing Thu Oct 10 16:40:17 UTC 2019 /home/travis/build/icyphy/ptII/ptolemy/domains/de/test/auto/AssemblyLine.xml
----------------- Instantiating /home/travis/build/icyphy/ptII/ptolemy/domains/de/test/auto/AssemblyLine.xml
3 ms. Memory: 48128K Free: 29553K (61%)
----------------- Invoking toplevel() on ptolemy.moml.MoMLSimpleApplication@5a049442
----------------- Done invoking toplevel() on ptolemy.moml.MoMLSimpleApplication@5a049442
reloadAllAccessors: .AssemblyLine

===========================================================================================
----------------- testing Thu Oct 10 16:40:17 UTC 2019 /home/travis/build/icyphy/ptII/ptolemy/domains/de/test/auto/CQBug1.xml
----------------- Instantiating /home/travis/build/icyphy/ptII/ptolemy/domains/de/test/auto/CQBug1.xml
2 ms. Memory: 48128K Free: 26668K (55%)
----------------- Invoking toplevel() on ptolemy.moml.MoMLSimpleApplication@1f8a81ca
----------------- Done invoking toplevel() on ptolemy.moml.MoMLSimpleApplication@1f8a81ca
reloadAllAccessors: .CQBug1

===========================================================================================
----------------- testing Thu Oct 10 16:40:17 UTC 2019 /home/travis/build/icyphy/ptII/ptolemy/domains/de/test/auto/CancelFireAt.xml
----------------- Instantiating /home/travis/build/icyphy/ptII/ptolemy/domains/de/test/auto/CancelFireAt.xml
14 ms. Memory: 48128K Free: 24426K (51%)
----------------- Invoking toplevel() on ptolemy.moml.MoMLSimpleApplication@b9f21bb
----------------- Done invoking toplevel() on ptolemy.moml.MoMLSimpleApplication@b9f21bb
reloadAllAccessors: .CancelFireAt

===========================================================================================
----------------- testing Thu Oct 10 16:40:17 UTC 2019 /home/travis/build/icyphy/ptII/ptolemy/domains/de/test/auto/CausalityAndComposabilityAnalysis.xml
----------------- Instantiating /home/travis/build/icyphy/ptII/ptolemy/domains/de/test/auto/CausalityAndComposabilityAnalysis.xml
2 ms. Memory: 48128K Free: 20354K (42%)
----------------- Invoking toplevel() on ptolemy.moml.MoMLSimpleApplication@6f44638f
----------------- Done invoking toplevel() on ptolemy.moml.MoMLSimpleApplication@6f44638f
reloadAllAccessors: .CausalityAndComposabilityAnalysis

===========================================================================================
----------------- testing Thu Oct 10 16:40:17 UTC 2019 /home/travis/build/icyphy/ptII/ptolemy/domains/de/test/auto/CausalityInterface1.xml
----------------- Instantiating /home/travis/build/icyphy/ptII/ptolemy/domains/de/test/auto/CausalityInterface1.xml
5 ms. Memory: 48128K Free: 15426K (32%)
----------------- Invoking toplevel() on ptolemy.moml.MoMLSimpleApplication@737a4810
----------------- Done invoking toplevel() on ptolemy.moml.MoMLSimpleApplication@737a4810
reloadAllAccessors: .CausalityInterface1

===========================================================================================
----------------- testing Thu Oct 10 16:40:17 UTC 2019 /home/travis/build/icyphy/ptII/ptolemy/domains/de/test/auto/CausalityInterface15.xml
----------------- Instantiating /home/travis/build/icyphy/ptII/ptolemy/domains/de/test/auto/CausalityInterface15.xml
2 ms. Memory: 48128K Free: 10065K (21%)
----------------- Invoking toplevel() on ptolemy.moml.MoMLSimpleApplication@9eef35
----------------- Done invoking toplevel() on ptolemy.moml.MoMLSimpleApplication@9eef35
reloadAllAccessors: .CausalityInterface15

===========================================================================================
----------------- testing Thu Oct 10 16:40:17 UTC 2019 /home/travis/build/icyphy/ptII/ptolemy/domains/de/test/auto/CausalityInterface2.xml
----------------- Instantiating /home/travis/build/icyphy/ptII/ptolemy/domains/de/test/auto/CausalityInterface2.xml
2 ms. Memory: 48128K Free: 31198K (65%)
[...]
	at ptolemy.actor.Manager.run(Manager.java:1263)
	at ptolemy.actor.Manager$PtolemyRunThread.run(Manager.java:1933)
java.lang.RuntimeException: Execution failed
	at ptolemy.moml.MoMLSimpleApplication$UnloadThread.run(MoMLSimpleApplication.java:402)
Caused by: ptolemy.kernel.util.IllegalActionException: Actor is not ready to fire.  Perhaps UpSample.prefire() returned false? Try debugging the actor by selecting "Listen to Actor".  Also, for SDF check moml for tokenConsumptionRate on input.
  in .DESDFClockTest.Play Bell.Copy1:SDF Director and .DESDFClockTest.Play Bell.UpSample
	at ptolemy.actor.sched.StaticSchedulingDirector.fire(StaticSchedulingDirector.java:227)
	at ptolemy.domains.sdf.kernel.SDFDirector.fire(SDFDirector.java:500)
	at ptolemy.actor.CompositeActor.fire(CompositeActor.java:455)
	at ptolemy.domains.de.kernel.DEDirector._fire(DEDirector.java:1949)
	at ptolemy.domains.de.kernel.DEDirector.fire(DEDirector.java:502)
	at ptolemy.actor.CompositeActor.fire(CompositeActor.java:455)
	at ptolemy.actor.Manager.iterate(Manager.java:851)
	at ptolemy.actor.Manager.execute(Manager.java:369)
	at ptolemy.actor.Manager.run(Manager.java:1263)
	at ptolemy.actor.Manager$PtolemyRunThread.run(Manager.java:1933)
java.lang.reflect.InvocationTargetException
	at java.base/jdk.internal.reflect.NativeConstructorAccessorImpl.newInstance0(Native Method)
	at java.base/jdk.internal.reflect.NativeConstructorAccessorImpl.newInstance(NativeConstructorAccessorImpl.java:62)
	at java.base/jdk.internal.reflect.DelegatingConstructorAccessorImpl.newInstance(DelegatingConstructorAccessorImpl.java:45)
	at java.base/java.lang.reflect.Constructor.newInstance(Constructor.java:490)
	at ptolemy.util.test.junit.AutoKnownFailedTests.RunModel(AutoKnownFailedTests.java:105)
	at java.base/jdk.internal.reflect.NativeMethodAccessorImpl.invoke0(Native Method)
	at java.base/jdk.internal.reflect.NativeMethodAccessorImpl.invoke(NativeMethodAccessorImpl.java:62)
	at java.base/jdk.internal.reflect.DelegatingMethodAccessorImpl.invoke(DelegatingMethodAccessorImpl.java:43)
	at java.base/java.lang.reflect.Method.invoke(Method.java:566)
	at org.junit.runners.model.FrameworkMethod$1.runReflectiveCall(FrameworkMethod.java:44)
	at org.junit.internal.runners.model.ReflectiveCallable.run(ReflectiveCallable.java:15)
	at org.junit.runners.model.FrameworkMethod.invokeExplosively(FrameworkMethod.java:41)
	at junitparams.internal.InvokeParameterisedMethod.evaluate(InvokeParameterisedMethod.java:102)
	at org.junit.internal.runners.statements.FailOnTimeout$1.run(FailOnTimeout.java:28)
Caused by: ptolemy.kernel.util.IllegalActionException: Actor is not ready to fire.  Perhaps UpSample.prefire() returned false? Try debugging the actor by selecting "Listen to Actor".  Also, for SDF check moml for tokenConsumptionRate on input.
  in .DESDFClockTest.Play Bell.Copy1:SDF Director and .DESDFClockTest.Play Bell.UpSample
	at ptolemy.actor.sched.StaticSchedulingDirector.fire(StaticSchedulingDirector.java:227)
	at ptolemy.domains.sdf.kernel.SDFDirector.fire(SDFDirector.java:500)
	at ptolemy.actor.CompositeActor.fire(CompositeActor.java:455)
	at ptolemy.domains.de.kernel.DEDirector._fire(DEDirector.java:1949)
	at ptolemy.domains.de.kernel.DEDirector.fire(DEDirector.java:502)
	at ptolemy.actor.CompositeActor.fire(CompositeActor.java:455)
	at ptolemy.actor.Manager.iterate(Manager.java:851)
	at ptolemy.actor.Manager.execute(Manager.java:369)
	at ptolemy.actor.Manager.run(Manager.java:1263)
	at ptolemy.actor.Manager$PtolemyRunThread.run(Manager.java:1933)
java.lang.RuntimeException: Execution failed
	at ptolemy.moml.MoMLSimpleApplication$UnloadThread.run(MoMLSimpleApplication.java:402)
Caused by: ptolemy.kernel.util.IllegalActionException: Test fails in iteration 1.
Value was: 1.0. Should have been: 2.0
  in .DirectFeedback.Test
	at ptolemy.actor.lib.Test.fire(Test.java:268)
	at ptolemy.domains.de.kernel.DEDirector._fire(DEDirector.java:1949)
	at ptolemy.domains.de.kernel.DEDirector.fire(DEDirector.java:502)
	at ptolemy.actor.CompositeActor.fire(CompositeActor.java:455)
	at ptolemy.actor.Manager.iterate(Manager.java:851)
	at ptolemy.actor.Manager.execute(Manager.java:369)
	at ptolemy.actor.Manager.run(Manager.java:1263)
	at ptolemy.actor.Manager$PtolemyRunThread.run(Manager.java:1933)
java.lang.reflect.InvocationTargetException
	at java.base/jdk.internal.reflect.NativeConstructorAccessorImpl.newInstance0(Native Method)
	at java.base/jdk.internal.reflect.NativeConstructorAccessorImpl.newInstance(NativeConstructorAccessorImpl.java:62)
	at java.base/jdk.internal.reflect.DelegatingConstructorAccessorImpl.newInstance(DelegatingConstructorAccessorImpl.java:45)
	at java.base/java.lang.reflect.Constructor.newInstance(Constructor.java:490)
	at ptolemy.util.test.junit.AutoKnownFailedTests.RunModel(AutoKnownFailedTests.java:105)
	at java.base/jdk.internal.reflect.NativeMethodAccessorImpl.invoke0(Native Method)
	at java.base/jdk.internal.reflect.NativeMethodAccessorImpl.invoke(NativeMethodAccessorImpl.java:62)
	at java.base/jdk.internal.reflect.DelegatingMethodAccessorImpl.invoke(DelegatingMethodAccessorImpl.java:43)
	at java.base/java.lang.reflect.Method.invoke(Method.java:566)
	at org.junit.runners.model.FrameworkMethod$1.runReflectiveCall(FrameworkMethod.java:44)
	at org.junit.internal.runners.model.ReflectiveCallable.run(ReflectiveCallable.java:15)
	at org.junit.runners.model.FrameworkMethod.invokeExplosively(FrameworkMethod.java:41)
	at junitparams.internal.InvokeParameterisedMethod.evaluate(InvokeParameterisedMethod.java:102)
	at org.junit.internal.runners.statements.FailOnTimeout$1.run(FailOnTimeout.java:28)
Caused by: ptolemy.kernel.util.IllegalActionException: Test fails in iteration 1.
Value was: 1.0. Should have been: 2.0
  in .DirectFeedback.Test
	at ptolemy.actor.lib.Test.fire(Test.java:268)
	at ptolemy.domains.de.kernel.DEDirector._fire(DEDirector.java:1949)
	at ptolemy.domains.de.kernel.DEDirector.fire(DEDirector.java:502)
	at ptolemy.actor.CompositeActor.fire(CompositeActor.java:455)
	at ptolemy.actor.Manager.iterate(Manager.java:851)
	at ptolemy.actor.Manager.execute(Manager.java:369)
	at ptolemy.actor.Manager.run(Manager.java:1263)
	at ptolemy.actor.Manager$PtolemyRunThread.run(Manager.java:1933)
java.lang.RuntimeException: Execution failed
	at ptolemy.moml.MoMLSimpleApplication$UnloadThread.run(MoMLSimpleApplication.java:402)
Caused by: ptolemy.kernel.util.IllegalActionException: Found a zero delay loop containing .HierarchicalModel.A
  in .HierarchicalModel and .HierarchicalModel.A
	at ptolemy.actor.util.CausalityInterfaceForComposites._computeOutputPortDepth(CausalityInterfaceForComposites.java:759)
	at ptolemy.actor.util.CausalityInterfaceForComposites._computeInputDepth(CausalityInterfaceForComposites.java:696)
	at ptolemy.actor.util.CausalityInterfaceForComposites._computeOutputPortDepth(CausalityInterfaceForComposites.java:765)
	at ptolemy.actor.util.CausalityInterfaceForComposites._computeInputDepth(CausalityInterfaceForComposites.java:696)
	at ptolemy.actor.util.CausalityInterfaceForComposites._computeOutputPortDepth(CausalityInterfaceForComposites.java:765)
	at ptolemy.actor.util.CausalityInterfaceForComposites._computeInputDepth(CausalityInterfaceForComposites.java:696)
	at ptolemy.actor.util.CausalityInterfaceForComposites._computeActorDepth(CausalityInterfaceForComposites.java:532)
	at ptolemy.actor.util.CausalityInterfaceForComposites.checkForCycles(CausalityInterfaceForComposites.java:96)
	at ptolemy.domains.de.kernel.DEDirector.preinitialize(DEDirector.java:1338)
	at ptolemy.actor.CompositeActor.preinitialize(CompositeActor.java:1828)
	at ptolemy.actor.Manager.preinitializeAndResolveTypes(Manager.java:1040)
	at ptolemy.actor.Manager.initialize(Manager.java:710)
	at ptolemy.actor.Manager.execute(Manager.java:356)
	at ptolemy.actor.Manager.run(Manager.java:1263)
	at ptolemy.actor.Manager$PtolemyRunThread.run(Manager.java:1933)
java.lang.reflect.InvocationTargetException
	at java.base/jdk.internal.reflect.NativeConstructorAccessorImpl.newInstance0(Native Method)
	at java.base/jdk.internal.reflect.NativeConstructorAccessorImpl.newInstance(NativeConstructorAccessorImpl.java:62)
	at java.base/jdk.internal.reflect.DelegatingConstructorAccessorImpl.newInstance(DelegatingConstructorAccessorImpl.java:45)
	at java.base/java.lang.reflect.Constructor.newInstance(Constructor.java:490)
	at ptolemy.util.test.junit.AutoKnownFailedTests.RunModel(AutoKnownFailedTests.java:105)
	at java.base/jdk.internal.reflect.NativeMethodAccessorImpl.invoke0(Native Method)
	at java.base/jdk.internal.reflect.NativeMethodAccessorImpl.invoke(NativeMethodAccessorImpl.java:62)
	at java.base/jdk.internal.reflect.DelegatingMethodAccessorImpl.invoke(DelegatingMethodAccessorImpl.java:43)
	at java.base/java.lang.reflect.Method.invoke(Method.java:566)
	at org.junit.runners.model.FrameworkMethod$1.runReflectiveCall(FrameworkMethod.java:44)
	at org.junit.internal.runners.model.ReflectiveCallable.run(ReflectiveCallable.java:15)
	at org.junit.runners.model.FrameworkMethod.invokeExplosively(FrameworkMethod.java:41)
	at junitparams.internal.InvokeParameterisedMethod.evaluate(InvokeParameterisedMethod.java:102)
	at org.junit.internal.runners.statements.FailOnTimeout$1.run(FailOnTimeout.java:28)
Caused by: ptolemy.kernel.util.IllegalActionException: Found a zero delay loop containing .HierarchicalModel.A
  in .HierarchicalModel and .HierarchicalModel.A
	at ptolemy.actor.util.CausalityInterfaceForComposites._computeOutputPortDepth(CausalityInterfaceForComposites.java:759)
	at ptolemy.actor.util.CausalityInterfaceForComposites._computeInputDepth(CausalityInterfaceForComposites.java:696)
	at ptolemy.actor.util.CausalityInterfaceForComposites._computeOutputPortDepth(CausalityInterfaceForComposites.java:765)
	at ptolemy.actor.util.CausalityInterfaceForComposites._computeInputDepth(CausalityInterfaceForComposites.java:696)
	at ptolemy.actor.util.CausalityInterfaceForComposites._computeOutputPortDepth(CausalityInterfaceForComposites.java:765)
	at ptolemy.actor.util.CausalityInterfaceForComposites._computeInputDepth(CausalityInterfaceForComposites.java:696)
	at ptolemy.actor.util.CausalityInterfaceForComposites._computeActorDepth(CausalityInterfaceForComposites.java:532)
	at ptolemy.actor.util.CausalityInterfaceForComposites.checkForCycles(CausalityInterfaceForComposites.java:96)
	at ptolemy.domains.de.kernel.DEDirector.preinitialize(DEDirector.java:1338)
	at ptolemy.actor.CompositeActor.preinitialize(CompositeActor.java:1828)
	at ptolemy.actor.Manager.preinitializeAndResolveTypes(Manager.java:1040)
	at ptolemy.actor.Manager.initialize(Manager.java:710)
	at ptolemy.actor.Manager.execute(Manager.java:356)
	at ptolemy.actor.Manager.run(Manager.java:1263)
	at ptolemy.actor.Manager$PtolemyRunThread.run(Manager.java:1933)
java.lang.RuntimeException: Execution failed
	at ptolemy.moml.MoMLSimpleApplication$UnloadThread.run(MoMLSimpleApplication.java:402)
Caused by: ptolemy.kernel.util.IllegalActionException: Found a zero delay loop containing .dependencyLoop.original
  in .dependencyLoop and .dependencyLoop.original
	at ptolemy.actor.util.CausalityInterfaceForComposites._computeOutputPortDepth(CausalityInterfaceForComposites.java:759)
	at ptolemy.actor.util.CausalityInterfaceForComposites._computeInputDepth(CausalityInterfaceForComposites.java:696)
	at ptolemy.actor.util.CausalityInterfaceForComposites._computeOutputPortDepth(CausalityInterfaceForComposites.java:765)
	at ptolemy.actor.util.CausalityInterfaceForComposites._computeInputDepth(CausalityInterfaceForComposites.java:696)
	at ptolemy.actor.util.CausalityInterfaceForComposites._computeOutputPortDepth(CausalityInterfaceForComposites.java:765)
	at ptolemy.actor.util.CausalityInterfaceForComposites._computeInputDepth(CausalityInterfaceForComposites.java:696)
	at ptolemy.actor.util.CausalityInterfaceForComposites._computeActorDepth(CausalityInterfaceForComposites.java:532)
	at ptolemy.actor.util.CausalityInterfaceForComposites.checkForCycles(CausalityInterfaceForComposites.java:96)
	at ptolemy.domains.de.kernel.DEDirector.preinitialize(DEDirector.java:1338)
	at ptolemy.actor.CompositeActor.preinitialize(CompositeActor.java:1828)
	at ptolemy.actor.Manager.preinitializeAndResolveTypes(Manager.java:1040)
	at ptolemy.actor.Manager.initialize(Manager.java:710)
	at ptolemy.actor.Manager.execute(Manager.java:356)
	at ptolemy.actor.Manager.run(Manager.java:1263)
	at ptolemy.actor.Manager$PtolemyRunThread.run(Manager.java:1933)
java.lang.reflect.InvocationTargetException
	at java.base/jdk.internal.reflect.NativeConstructorAccessorImpl.newInstance0(Native Method)
	at java.base/jdk.internal.reflect.NativeConstructorAccessorImpl.newInstance(NativeConstructorAccessorImpl.java:62)
	at java.base/jdk.internal.reflect.DelegatingConstructorAccessorImpl.newInstance(DelegatingConstructorAccessorImpl.java:45)
	at java.base/java.lang.reflect.Constructor.newInstance(Constructor.java:490)
	at ptolemy.util.test.junit.AutoKnownFailedTests.RunModel(AutoKnownFailedTests.java:105)
	at java.base/jdk.internal.reflect.NativeMethodAccessorImpl.invoke0(Native Method)
	at java.base/jdk.internal.reflect.NativeMethodAccessorImpl.invoke(NativeMethodAccessorImpl.java:62)
	at java.base/jdk.internal.reflect.DelegatingMethodAccessorImpl.invoke(DelegatingMethodAccessorImpl.java:43)
	at java.base/java.lang.reflect.Method.invoke(Method.java:566)
	at org.junit.runners.model.FrameworkMethod$1.runReflectiveCall(FrameworkMethod.java:44)
	at org.junit.internal.runners.model.ReflectiveCallable.run(ReflectiveCallable.java:15)
	at org.junit.runners.model.FrameworkMethod.invokeExplosively(FrameworkMethod.java:41)
	at junitparams.internal.InvokeParameterisedMethod.evaluate(InvokeParameterisedMethod.java:102)
	at org.junit.internal.runners.statements.FailOnTimeout$1.run(FailOnTimeout.java:28)
Caused by: ptolemy.kernel.util.IllegalActionException: Found a zero delay loop containing .dependencyLoop.original
  in .dependencyLoop and .dependencyLoop.original
	at ptolemy.actor.util.CausalityInterfaceForComposites._computeOutputPortDepth(CausalityInterfaceForComposites.java:759)
	at ptolemy.actor.util.CausalityInterfaceForComposites._computeInputDepth(CausalityInterfaceForComposites.java:696)
	at ptolemy.actor.util.CausalityInterfaceForComposites._computeOutputPortDepth(CausalityInterfaceForComposites.java:765)
	at ptolemy.actor.util.CausalityInterfaceForComposites._computeInputDepth(CausalityInterfaceForComposites.java:696)
	at ptolemy.actor.util.CausalityInterfaceForComposites._computeOutputPortDepth(CausalityInterfaceForComposites.java:765)
	at ptolemy.actor.util.CausalityInterfaceForComposites._computeInputDepth(CausalityInterfaceForComposites.java:696)
	at ptolemy.actor.util.CausalityInterfaceForComposites._computeActorDepth(CausalityInterfaceForComposites.java:532)
	at ptolemy.actor.util.CausalityInterfaceForComposites.checkForCycles(CausalityInterfaceForComposites.java:96)
	at ptolemy.domains.de.kernel.DEDirector.preinitialize(DEDirector.java:1338)
	at ptolemy.actor.CompositeActor.preinitialize(CompositeActor.java:1828)
	at ptolemy.actor.Manager.preinitializeAndResolveTypes(Manager.java:1040)
	at ptolemy.actor.Manager.initialize(Manager.java:710)
	at ptolemy.actor.Manager.execute(Manager.java:356)
	at ptolemy.actor.Manager.run(Manager.java:1263)
	at ptolemy.actor.Manager$PtolemyRunThread.run(Manager.java:1933)
java.lang.RuntimeException: Execution failed
	at ptolemy.moml.MoMLSimpleApplication$UnloadThread.run(MoMLSimpleApplication.java:402)
Caused by: ptolemy.kernel.util.IllegalActionException: Found a zero delay loop containing .dependencyLoop2.original
  in .dependencyLoop2 and .dependencyLoop2.original
	at ptolemy.actor.util.CausalityInterfaceForComposites._computeOutputPortDepth(CausalityInterfaceForComposites.java:759)
	at ptolemy.actor.util.CausalityInterfaceForComposites._computeInputDepth(CausalityInterfaceForComposites.java:696)
	at ptolemy.actor.util.CausalityInterfaceForComposites._computeOutputPortDepth(CausalityInterfaceForComposites.java:765)
	at ptolemy.actor.util.CausalityInterfaceForComposites._computeInputDepth(CausalityInterfaceForComposites.java:696)
	at ptolemy.actor.util.CausalityInterfaceForComposites._computeOutputPortDepth(CausalityInterfaceForComposites.java:765)
	at ptolemy.actor.util.CausalityInterfaceForComposites._computeInputDepth(CausalityInterfaceForComposites.java:696)
	at ptolemy.actor.util.CausalityInterfaceForComposites._computeActorDepth(CausalityInterfaceForComposites.java:532)
	at ptolemy.actor.util.CausalityInterfaceForComposites.checkForCycles(CausalityInterfaceForComposites.java:96)
	at ptolemy.domains.de.kernel.DEDirector.preinitialize(DEDirector.java:1338)
	at ptolemy.actor.CompositeActor.preinitialize(CompositeActor.java:1828)
	at ptolemy.actor.Manager.preinitializeAndResolveTypes(Manager.java:1040)
	at ptolemy.actor.Manager.initialize(Manager.java:710)
	at ptolemy.actor.Manager.execute(Manager.java:356)
	at ptolemy.actor.Manager.run(Manager.java:1263)
	at ptolemy.actor.Manager$PtolemyRunThread.run(Manager.java:1933)
java.lang.reflect.InvocationTargetException
	at java.base/jdk.internal.reflect.NativeConstructorAccessorImpl.newInstance0(Native Method)
	at java.base/jdk.internal.reflect.NativeConstructorAccessorImpl.newInstance(NativeConstructorAccessorImpl.java:62)
	at java.base/jdk.internal.reflect.DelegatingConstructorAccessorImpl.newInstance(DelegatingConstructorAccessorImpl.java:45)
	at java.base/java.lang.reflect.Constructor.newInstance(Constructor.java:490)
	at ptolemy.util.test.junit.AutoKnownFailedTests.RunModel(AutoKnownFailedTests.java:105)
	at java.base/jdk.internal.reflect.NativeMethodAccessorImpl.invoke0(Native Method)
	at java.base/jdk.internal.reflect.NativeMethodAccessorImpl.invoke(NativeMethodAccessorImpl.java:62)
	at java.base/jdk.internal.reflect.DelegatingMethodAccessorImpl.invoke(DelegatingMethodAccessorImpl.java:43)
	at java.base/java.lang.reflect.Method.invoke(Method.java:566)
	at org.junit.runners.model.FrameworkMethod$1.runReflectiveCall(FrameworkMethod.java:44)
	at org.junit.internal.runners.model.ReflectiveCallable.run(ReflectiveCallable.java:15)
	at org.junit.runners.model.FrameworkMethod.invokeExplosively(FrameworkMethod.java:41)
	at junitparams.internal.InvokeParameterisedMethod.evaluate(InvokeParameterisedMethod.java:102)
	at org.junit.internal.runners.statements.FailOnTimeout$1.run(FailOnTimeout.java:28)
Caused by: ptolemy.kernel.util.IllegalActionException: Found a zero delay loop containing .dependencyLoop2.original
  in .dependencyLoop2 and .dependencyLoop2.original
	at ptolemy.actor.util.CausalityInterfaceForComposites._computeOutputPortDepth(CausalityInterfaceForComposites.java:759)
	at ptolemy.actor.util.CausalityInterfaceForComposites._computeInputDepth(CausalityInterfaceForComposites.java:696)
	at ptolemy.actor.util.CausalityInterfaceForComposites._computeOutputPortDepth(CausalityInterfaceForComposites.java:765)
	at ptolemy.actor.util.CausalityInterfaceForComposites._computeInputDepth(CausalityInterfaceForComposites.java:696)
	at ptolemy.actor.util.CausalityInterfaceForComposites._computeOutputPortDepth(CausalityInterfaceForComposites.java:765)
	at ptolemy.actor.util.CausalityInterfaceForComposites._computeInputDepth(CausalityInterfaceForComposites.java:696)
	at ptolemy.actor.util.CausalityInterfaceForComposites._computeActorDepth(CausalityInterfaceForComposites.java:532)
	at ptolemy.actor.util.CausalityInterfaceForComposites.checkForCycles(CausalityInterfaceForComposites.java:96)
	at ptolemy.domains.de.kernel.DEDirector.preinitialize(DEDirector.java:1338)
	at ptolemy.actor.CompositeActor.preinitialize(CompositeActor.java:1828)
	at ptolemy.actor.Manager.preinitializeAndResolveTypes(Manager.java:1040)
	at ptolemy.actor.Manager.initialize(Manager.java:710)
	at ptolemy.actor.Manager.execute(Manager.java:356)
	at ptolemy.actor.Manager.run(Manager.java:1263)
	at ptolemy.actor.Manager$PtolemyRunThread.run(Manager.java:1933)
]]></system-err>
</testsuite>
