<?xml version="1.0" encoding="UTF-8" ?>
<testsuite errors="0" failures="0" hostname="travis-job-c35c4836-aeac-4197-b01f-1e9e21c3c558" name="ptolemy.domains.de.test.junit.JUnitTclTest" skipped="0" tests="101" time="132.864" timestamp="2018-12-30T03:12:58">
  <properties>
[...]
</properties>
  <testcase classname="ptolemy.util.test.junit.TclTests" name="[0] /home/travis/build/icyphy/ptII/ptolemy/domains/de/test/DependencyLoop.tcl (RunTclFile)" time="0.754" />
  <testcase classname="ptolemy.util.test.junit.TclTests" name="[1] /home/travis/build/icyphy/ptII/ptolemy/domains/de/test/RunDETestsAsQSS.tcl (RunTclFile)" time="89.113" />
  <testcase classname="ptolemy.util.test.junit.AutoKnownFailedTests" name="[0] /home/travis/build/icyphy/ptII/ptolemy/domains/de/test/auto/knownFailedTests/DESDFClockTest.xml (RunModel)" time="2.029" />
  <testcase classname="ptolemy.util.test.junit.AutoKnownFailedTests" name="[1] /home/travis/build/icyphy/ptII/ptolemy/domains/de/test/auto/knownFailedTests/DirectFeedback.xml (RunModel)" time="0.018" />
  <testcase classname="ptolemy.util.test.junit.AutoKnownFailedTests" name="[2] /home/travis/build/icyphy/ptII/ptolemy/domains/de/test/auto/knownFailedTests/FSMSource.xml (RunModel)" time="0.023" />
  <testcase classname="ptolemy.util.test.junit.AutoKnownFailedTests" name="[3] /home/travis/build/icyphy/ptII/ptolemy/domains/de/test/auto/knownFailedTests/HierarchicalModel.xml (RunModel)" time="0.053" />
  <testcase classname="ptolemy.util.test.junit.AutoKnownFailedTests" name="[4] /home/travis/build/icyphy/ptII/ptolemy/domains/de/test/auto/knownFailedTests/dependencyLoop.xml (RunModel)" time="0.041" />
  <testcase classname="ptolemy.util.test.junit.AutoKnownFailedTests" name="[5] /home/travis/build/icyphy/ptII/ptolemy/domains/de/test/auto/knownFailedTests/dependencyLoop2.xml (RunModel)" time="0.039" />
  <testcase classname="ptolemy.util.test.junit.AutoNameArchTests" name="[0] ThereAreNoAutoArchTests (RunModel)" time="0.001" />
  <testcase classname="ptolemy.util.test.junit.AutoTests" name="[0] /home/travis/build/icyphy/ptII/ptolemy/domains/de/test/auto/ActorDepthCalculation_actorWithoutPorts.xml (RunModel)" time="0.02" />
  <testcase classname="ptolemy.util.test.junit.AutoTests" name="[1] /home/travis/build/icyphy/ptII/ptolemy/domains/de/test/auto/AssemblyLine.xml (RunModel)" time="0.03" />
  <testcase classname="ptolemy.util.test.junit.AutoTests" name="[2] /home/travis/build/icyphy/ptII/ptolemy/domains/de/test/auto/CQBug1.xml (RunModel)" time="0.017" />
  <testcase classname="ptolemy.util.test.junit.AutoTests" name="[3] /home/travis/build/icyphy/ptII/ptolemy/domains/de/test/auto/CancelFireAt.xml (RunModel)" time="0.007" />
  <testcase classname="ptolemy.util.test.junit.AutoTests" name="[4] /home/travis/build/icyphy/ptII/ptolemy/domains/de/test/auto/CausalityAndComposabilityAnalysis.xml (RunModel)" time="0.014" />
  <testcase classname="ptolemy.util.test.junit.AutoTests" name="[5] /home/travis/build/icyphy/ptII/ptolemy/domains/de/test/auto/CausalityInterface1.xml (RunModel)" time="0.015" />
  <testcase classname="ptolemy.util.test.junit.AutoTests" name="[6] /home/travis/build/icyphy/ptII/ptolemy/domains/de/test/auto/CausalityInterface15.xml (RunModel)" time="0.018" />
  <testcase classname="ptolemy.util.test.junit.AutoTests" name="[7] /home/travis/build/icyphy/ptII/ptolemy/domains/de/test/auto/CausalityInterface2.xml (RunModel)" time="0.011" />
  <testcase classname="ptolemy.util.test.junit.AutoTests" name="[8] /home/travis/build/icyphy/ptII/ptolemy/domains/de/test/auto/CausalityInterface3.xml (RunModel)" time="0.011" />
  <testcase classname="ptolemy.util.test.junit.AutoTests" name="[9] /home/travis/build/icyphy/ptII/ptolemy/domains/de/test/auto/ClockDrift.xml (RunModel)" time="0.046" />
  <testcase classname="ptolemy.util.test.junit.AutoTests" name="[10] /home/travis/build/icyphy/ptII/ptolemy/domains/de/test/auto/ClockDriftAndValueChange.xml (RunModel)" time="0.033" />
  <testcase classname="ptolemy.util.test.junit.AutoTests" name="[11] /home/travis/build/icyphy/ptII/ptolemy/domains/de/test/auto/ClockDriftChange.xml (RunModel)" time="0.026" />
  <testcase classname="ptolemy.util.test.junit.AutoTests" name="[12] /home/travis/build/icyphy/ptII/ptolemy/domains/de/test/auto/ComposableCausalityAnalysis.xml (RunModel)" time="0.015" />
  <testcase classname="ptolemy.util.test.junit.AutoTests" name="[13] /home/travis/build/icyphy/ptII/ptolemy/domains/de/test/auto/DEFixedPointLimitation.xml (RunModel)" time="0.01" />
  <testcase classname="ptolemy.util.test.junit.AutoTests" name="[14] /home/travis/build/icyphy/ptII/ptolemy/domains/de/test/auto/DEScheduleTest.xml (RunModel)" time="0.041" />
  <testcase classname="ptolemy.util.test.junit.AutoTests" name="[15] /home/travis/build/icyphy/ptII/ptolemy/domains/de/test/auto/DEinDEwithStartTimes.xml (RunModel)" time="0.014" />
  <testcase classname="ptolemy.util.test.junit.AutoTests" name="[16] /home/travis/build/icyphy/ptII/ptolemy/domains/de/test/auto/DEinDEwithStartTimes2.xml (RunModel)" time="0.014" />
  <testcase classname="ptolemy.util.test.junit.AutoTests" name="[17] /home/travis/build/icyphy/ptII/ptolemy/domains/de/test/auto/DateDemo.xml (RunModel)" time="0.027" />
  <testcase classname="ptolemy.util.test.junit.AutoTests" name="[18] /home/travis/build/icyphy/ptII/ptolemy/domains/de/test/auto/DateToEvent.xml (RunModel)" time="2.038" />
  <testcase classname="ptolemy.util.test.junit.AutoTests" name="[19] /home/travis/build/icyphy/ptII/ptolemy/domains/de/test/auto/DepthTest1.xml (RunModel)" time="0.011" />
  <testcase classname="ptolemy.util.test.junit.AutoTests" name="[20] /home/travis/build/icyphy/ptII/ptolemy/domains/de/test/auto/DepthTest2.xml (RunModel)" time="0.024" />
  <testcase classname="ptolemy.util.test.junit.AutoTests" name="[21] /home/travis/build/icyphy/ptII/ptolemy/domains/de/test/auto/DepthTest3.xml (RunModel)" time="0.008" />
  <testcase classname="ptolemy.util.test.junit.AutoTests" name="[22] /home/travis/build/icyphy/ptII/ptolemy/domains/de/test/auto/DepthTest4.xml (RunModel)" time="0.016" />
  <testcase classname="ptolemy.util.test.junit.AutoTests" name="[23] /home/travis/build/icyphy/ptII/ptolemy/domains/de/test/auto/DepthTest5.xml (RunModel)" time="0.013" />
  <testcase classname="ptolemy.util.test.junit.AutoTests" name="[24] /home/travis/build/icyphy/ptII/ptolemy/domains/de/test/auto/DepthTest6.xml (RunModel)" time="0.013" />
  <testcase classname="ptolemy.util.test.junit.AutoTests" name="[25] /home/travis/build/icyphy/ptII/ptolemy/domains/de/test/auto/DepthTest7.xml (RunModel)" time="0.012" />
  <testcase classname="ptolemy.util.test.junit.AutoTests" name="[26] /home/travis/build/icyphy/ptII/ptolemy/domains/de/test/auto/EventToDate.xml (RunModel)" time="3.037" />
  <testcase classname="ptolemy.util.test.junit.AutoTests" name="[27] /home/travis/build/icyphy/ptII/ptolemy/domains/de/test/auto/FSM1.xml (RunModel)" time="0.031" />
  <testcase classname="ptolemy.util.test.junit.AutoTests" name="[28] /home/travis/build/icyphy/ptII/ptolemy/domains/de/test/auto/FSM7.xml (RunModel)" time="0.028" />
  <testcase classname="ptolemy.util.test.junit.AutoTests" name="[29] /home/travis/build/icyphy/ptII/ptolemy/domains/de/test/auto/Inspection.xml (RunModel)" time="0.035" />
  <testcase classname="ptolemy.util.test.junit.AutoTests" name="[30] /home/travis/build/icyphy/ptII/ptolemy/domains/de/test/auto/Iteration.xml (RunModel)" time="0.017" />
  <testcase classname="ptolemy.util.test.junit.AutoTests" name="[31] /home/travis/build/icyphy/ptII/ptolemy/domains/de/test/auto/LineFault.xml (RunModel)" time="0.577" />
  <testcase classname="ptolemy.util.test.junit.AutoTests" name="[32] /home/travis/build/icyphy/ptII/ptolemy/domains/de/test/auto/MergeModel1Add.xml (RunModel)" time="0.048" />
  <testcase classname="ptolemy.util.test.junit.AutoTests" name="[33] /home/travis/build/icyphy/ptII/ptolemy/domains/de/test/auto/MergeModel2Add.xml (RunModel)" time="0.037" />
  <testcase classname="ptolemy.util.test.junit.AutoTests" name="[34] /home/travis/build/icyphy/ptII/ptolemy/domains/de/test/auto/MergeModel3Add.xml (RunModel)" time="0.038" />
  <testcase classname="ptolemy.util.test.junit.AutoTests" name="[35] /home/travis/build/icyphy/ptII/ptolemy/domains/de/test/auto/MergeWithoutDiscard.xml (RunModel)" time="0.01" />
  <testcase classname="ptolemy.util.test.junit.AutoTests" name="[36] /home/travis/build/icyphy/ptII/ptolemy/domains/de/test/auto/Modal1.xml (RunModel)" time="0.033" />
  <testcase classname="ptolemy.util.test.junit.AutoTests" name="[37] /home/travis/build/icyphy/ptII/ptolemy/domains/de/test/auto/Modal2.xml (RunModel)" time="0.03" />
  <testcase classname="ptolemy.util.test.junit.AutoTests" name="[38] /home/travis/build/icyphy/ptII/ptolemy/domains/de/test/auto/Modal3.xml (RunModel)" time="0.027" />
  <testcase classname="ptolemy.util.test.junit.AutoTests" name="[39] /home/travis/build/icyphy/ptII/ptolemy/domains/de/test/auto/Modal4.xml (RunModel)" time="0.025" />
  <testcase classname="ptolemy.util.test.junit.AutoTests" name="[40] /home/travis/build/icyphy/ptII/ptolemy/domains/de/test/auto/Modal5.xml (RunModel)" time="0.025" />
  <testcase classname="ptolemy.util.test.junit.AutoTests" name="[41] /home/travis/build/icyphy/ptII/ptolemy/domains/de/test/auto/Modal6.xml (RunModel)" time="0.024" />
  <testcase classname="ptolemy.util.test.junit.AutoTests" name="[42] /home/travis/build/icyphy/ptII/ptolemy/domains/de/test/auto/Modal7.xml (RunModel)" time="0.03" />
  <testcase classname="ptolemy.util.test.junit.AutoTests" name="[43] /home/travis/build/icyphy/ptII/ptolemy/domains/de/test/auto/ModalModel.xml (RunModel)" time="0.173" />
  <testcase classname="ptolemy.util.test.junit.AutoTests" name="[44] /home/travis/build/icyphy/ptII/ptolemy/domains/de/test/auto/ModalSource.xml (RunModel)" time="0.015" />
  <testcase classname="ptolemy.util.test.junit.AutoTests" name="[45] /home/travis/build/icyphy/ptII/ptolemy/domains/de/test/auto/NonInterruptibleTimerZeroDelay.xml (RunModel)" time="0.009" />
  <testcase classname="ptolemy.util.test.junit.AutoTests" name="[46] /home/travis/build/icyphy/ptII/ptolemy/domains/de/test/auto/OpenQueueingNetwork.xml (RunModel)" time="2.292" />
  <testcase classname="ptolemy.util.test.junit.AutoTests" name="[47] /home/travis/build/icyphy/ptII/ptolemy/domains/de/test/auto/OpenQueuingNetwork.xml (RunModel)" time="0.275" />
  <testcase classname="ptolemy.util.test.junit.AutoTests" name="[48] /home/travis/build/icyphy/ptII/ptolemy/domains/de/test/auto/PeriodicSampler.xml (RunModel)" time="0.008" />
  <testcase classname="ptolemy.util.test.junit.AutoTests" name="[49] /home/travis/build/icyphy/ptII/ptolemy/domains/de/test/auto/PersistentIO.xml (RunModel)" time="0.022" />
  <testcase classname="ptolemy.util.test.junit.AutoTests" name="[50] /home/travis/build/icyphy/ptII/ptolemy/domains/de/test/auto/PortParameterResetOnInitialize.xml (RunModel)" time="0.009" />
  <testcase classname="ptolemy.util.test.junit.AutoTests" name="[51] /home/travis/build/icyphy/ptII/ptolemy/domains/de/test/auto/PortParameterUpdates.xml (RunModel)" time="0.013" />
  <testcase classname="ptolemy.util.test.junit.AutoTests" name="[52] /home/travis/build/icyphy/ptII/ptolemy/domains/de/test/auto/QueueAndServer.xml (RunModel)" time="0.018" />
  <testcase classname="ptolemy.util.test.junit.AutoTests" name="[53] /home/travis/build/icyphy/ptII/ptolemy/domains/de/test/auto/Records.xml (RunModel)" time="0.012" />
  <testcase classname="ptolemy.util.test.junit.AutoTests" name="[54] /home/travis/build/icyphy/ptII/ptolemy/domains/de/test/auto/ResetTransitionWithStartTime1.xml (RunModel)" time="0.025" />
  <testcase classname="ptolemy.util.test.junit.AutoTests" name="[55] /home/travis/build/icyphy/ptII/ptolemy/domains/de/test/auto/ResetTransitionWithStartTime2.xml (RunModel)" time="0.017" />
  <testcase classname="ptolemy.util.test.junit.AutoTests" name="[56] /home/travis/build/icyphy/ptII/ptolemy/domains/de/test/auto/ResetTransitionWithStartTime3.xml (RunModel)" time="0.021" />
  <testcase classname="ptolemy.util.test.junit.AutoTests" name="[57] /home/travis/build/icyphy/ptII/ptolemy/domains/de/test/auto/ResetTransitionWithStartTime4.xml (RunModel)" time="0.022" />
  <testcase classname="ptolemy.util.test.junit.AutoTests" name="[58] /home/travis/build/icyphy/ptII/ptolemy/domains/de/test/auto/ResettableTimer1.xml (RunModel)" time="0.009" />
  <testcase classname="ptolemy.util.test.junit.AutoTests" name="[59] /home/travis/build/icyphy/ptII/ptolemy/domains/de/test/auto/ResettableTimer2.xml (RunModel)" time="0.01" />
  <testcase classname="ptolemy.util.test.junit.AutoTests" name="[60] /home/travis/build/icyphy/ptII/ptolemy/domains/de/test/auto/ResettableTimer3.xml (RunModel)" time="0.01" />
  <testcase classname="ptolemy.util.test.junit.AutoTests" name="[61] /home/travis/build/icyphy/ptII/ptolemy/domains/de/test/auto/ResettableTimer4.xml (RunModel)" time="0.01" />
  <testcase classname="ptolemy.util.test.junit.AutoTests" name="[62] /home/travis/build/icyphy/ptII/ptolemy/domains/de/test/auto/ResettableTimer5.xml (RunModel)" time="0.009" />
  <testcase classname="ptolemy.util.test.junit.AutoTests" name="[63] /home/travis/build/icyphy/ptII/ptolemy/domains/de/test/auto/ResettableTimer6.xml (RunModel)" time="0.019" />
  <testcase classname="ptolemy.util.test.junit.AutoTests" name="[64] /home/travis/build/icyphy/ptII/ptolemy/domains/de/test/auto/ServerZeroDelay.xml (RunModel)" time="0.01" />
  <testcase classname="ptolemy.util.test.junit.AutoTests" name="[65] /home/travis/build/icyphy/ptII/ptolemy/domains/de/test/auto/SmartSender.xml (RunModel)" time="3.009" />
  <testcase classname="ptolemy.util.test.junit.AutoTests" name="[66] /home/travis/build/icyphy/ptII/ptolemy/domains/de/test/auto/ThreadedComposite.xml (RunModel)" time="2.986" />
  <testcase classname="ptolemy.util.test.junit.AutoTests" name="[67] /home/travis/build/icyphy/ptII/ptolemy/domains/de/test/auto/Time.xml (RunModel)" time="0.432" />
  <testcase classname="ptolemy.util.test.junit.AutoTests" name="[68] /home/travis/build/icyphy/ptII/ptolemy/domains/de/test/auto/TimeDelayZeroDelay.xml (RunModel)" time="0.015" />
  <testcase classname="ptolemy.util.test.junit.AutoTests" name="[69] /home/travis/build/icyphy/ptII/ptolemy/domains/de/test/auto/TimerZeroDelay.xml (RunModel)" time="0.013" />
  <testcase classname="ptolemy.util.test.junit.AutoTests" name="[70] /home/travis/build/icyphy/ptII/ptolemy/domains/de/test/auto/TimingParadox.xml (RunModel)" time="0.35" />
  <testcase classname="ptolemy.util.test.junit.AutoTests" name="[71] /home/travis/build/icyphy/ptII/ptolemy/domains/de/test/auto/TransferInputs.xml (RunModel)" time="0.017" />
  <testcase classname="ptolemy.util.test.junit.AutoTests" name="[72] /home/travis/build/icyphy/ptII/ptolemy/domains/de/test/auto/TransferOutputs2.xml (RunModel)" time="0.018" />
  <testcase classname="ptolemy.util.test.junit.AutoTests" name="[73] /home/travis/build/icyphy/ptII/ptolemy/domains/de/test/auto/Trilateration.xml (RunModel)" time="11.961" />
  <testcase classname="ptolemy.util.test.junit.AutoTests" name="[74] /home/travis/build/icyphy/ptII/ptolemy/domains/de/test/auto/TwoSigmaDelta.xml (RunModel)" time="1.917" />
  <testcase classname="ptolemy.util.test.junit.AutoTests" name="[75] /home/travis/build/icyphy/ptII/ptolemy/domains/de/test/auto/VariableDelay.xml (RunModel)" time="0.014" />
  <testcase classname="ptolemy.util.test.junit.AutoTests" name="[76] /home/travis/build/icyphy/ptII/ptolemy/domains/de/test/auto/VariableDelay2.xml (RunModel)" time="0.009" />
  <testcase classname="ptolemy.util.test.junit.AutoTests" name="[77] /home/travis/build/icyphy/ptII/ptolemy/domains/de/test/auto/VariableDelayZeroDelay.xml (RunModel)" time="0.008" />
  <testcase classname="ptolemy.util.test.junit.AutoTests" name="[78] /home/travis/build/icyphy/ptII/ptolemy/domains/de/test/auto/VariableDelayZeroDelay2.xml (RunModel)" time="0.009" />
  <testcase classname="ptolemy.util.test.junit.AutoTests" name="[79] /home/travis/build/icyphy/ptII/ptolemy/domains/de/test/auto/deInCt.xml (RunModel)" time="0.012" />
  <testcase classname="ptolemy.util.test.junit.AutoTests" name="[80] /home/travis/build/icyphy/ptII/ptolemy/domains/de/test/auto/deInCt2.xml (RunModel)" time="0.013" />
  <testcase classname="ptolemy.util.test.junit.AutoTests" name="[81] /home/travis/build/icyphy/ptII/ptolemy/domains/de/test/auto/dynamicCausalityInterface1.xml (RunModel)" time="0.024" />
  <testcase classname="ptolemy.util.test.junit.AutoTests" name="[82] /home/travis/build/icyphy/ptII/ptolemy/domains/de/test/auto/fsm_de_test.xml (RunModel)" time="0.023" />
  <testcase classname="ptolemy.util.test.junit.AutoTests" name="[83] /home/travis/build/icyphy/ptII/ptolemy/domains/de/test/auto/functionDependencyReconstruction.xml (RunModel)" time="0.03" />
  <testcase classname="ptolemy.util.test.junit.AutoTests" name="[84] /home/travis/build/icyphy/ptII/ptolemy/domains/de/test/auto/multirate.xml (RunModel)" time="0.016" />
  <testcase classname="ptolemy.util.test.junit.AutoTests" name="[85] /home/travis/build/icyphy/ptII/ptolemy/domains/de/test/auto/multirate2.xml (RunModel)" time="0.02" />
  <testcase classname="ptolemy.util.test.junit.AutoTests" name="[86] /home/travis/build/icyphy/ptII/ptolemy/domains/de/test/auto/realtime.xml (RunModel)" time="10.011" />
  <testcase classname="ptolemy.util.test.junit.AutoTests" name="[87] /home/travis/build/icyphy/ptII/ptolemy/domains/de/test/auto/relationGroup.xml (RunModel)" time="0.008" />
  <testcase classname="ptolemy.util.test.junit.AutoTests" name="[88] /home/travis/build/icyphy/ptII/ptolemy/domains/de/test/auto/relationGroup2.xml (RunModel)" time="0.006" />
  <testcase classname="ptolemy.util.test.junit.AutoTests" name="[89] /home/travis/build/icyphy/ptII/ptolemy/domains/de/test/auto/sortWithOpaquePorts.xml (RunModel)" time="0.008" />
  <testcase classname="ptolemy.util.test.junit.AutoTests" name="[90] /home/travis/build/icyphy/ptII/ptolemy/domains/de/test/auto/transferInputsandOutputs.xml (RunModel)" time="0.015" />
  <testcase classname="ptolemy.util.test.junit.AutoTests" name="[91] /home/travis/build/icyphy/ptII/ptolemy/domains/de/test/auto/triggerType.xml (RunModel)" time="0.007" />
  <system-out><![CDATA[/home/travis/build/icyphy/ptII/ptolemy/domains/de/test/DependencyLoop.tcl
testDefs.tcl: setting time out to 9000 seconds at Sun Dec 30 03:12:58 UTC 2018
13 ms. Memory: 116224K Free: 93440K (80%)
16 ms. Memory: 146944K Free: 135078K (92%)
/home/travis/build/icyphy/ptII/ptolemy/domains/de/test/RunDETestsAsQSS.tcl
Run the DE tests using ptolemy.domains.qss.test.QSSDirectorTest, which extends QSSDirector and prints a message in the constructors.
------------------ testing $PTII/ptolemy/domains/de/test/auto/knownFailedTests/dependencyLoop.xml (Known Failure) 
11 ms. Memory: 146944K Free: 131966K (90%)


==== $PTIIhome/travis/build/icyphy/ptII/ptolemy/domains/de/test/../../../../: Auto Automatic test in file $PTII/ptolemy/domains/de/test/auto/knownFailedTests/dependencyLoop.xml
==== Contents of test case:

	    # FIXME: we should use $relativeFilename here, but it
	    # might have backslashes under Windows, which causes no end
	    # of trouble.
	    createAndExecute $file
	    list {}
	
.... Test generated KNOWN error:
    while executing
ptolemy.kernel.util.IllegalActionException: Found a zero delay loop containing .dependencyLoop.original
  in .dependencyLoop and .dependencyLoop.original
	at ptolemy.actor.util.CausalityInterfaceForComposites._computeOutputPortDepth(CausalityInterfaceForComposites.java:759)
	at ptolemy.actor.util.CausalityInterfaceForComposites._computeInputDepth(CausalityInterfaceForComposites.java:696)
	at ptolemy.actor.util.CausalityInterfaceForComposites._computeOutputPortDepth(CausalityInterfaceForComposites.java:765)
	at ptolemy.actor.util.CausalityInterfaceForComposites._computeInputDepth(CausalityInterfaceForComposites.java:696)
	at ptolemy.actor.util.CausalityInterfaceForComposites._computeOutputPortDepth(CausalityInterfaceForComposites.java:765)
	at ptolemy.actor.util.CausalityInterfaceForComposites._computeInputDepth(CausalityInterfaceForComposites.java:696)
	at ptolemy.actor.util.CausalityInterfaceForComposites._computeActorDepth(CausalityInterfaceForComposites.java:532)
	at ptolemy.actor.util.CausalityInterfaceForComposites.checkForCycles(CausalityInterfaceForComposites.java:96)
	at ptolemy.domains.de.kernel.DEDirector.preinitialize(DEDirector.java:1338)
	at ptolemy.actor.CompositeActor.preinitialize(CompositeActor.java:1828)
	at ptolemy.actor.Manager.preinitializeAndResolveTypes(Manager.java:1040)
	at ptolemy.actor.Manager.initialize(Manager.java:710)
	at ptolemy.actor.Manager.execute(Manager.java:356)
	at ptolemy.actor.Manager.run(Manager.java:1263)
	at ptolemy.actor.Manager$PtolemyRunThread.run(Manager.java:1915)

    while executing
ptolemy.kernel.util.IllegalActionException: Found a zero delay loop containing .dependencyLoop.original
  in .dependencyLoop and .dependencyLoop.original
    while executing
"java::new ptolemy.moml.MoMLSimpleApplication $file
"
    (procedure "createAndExecute" line 2)
    invoked from within
"createAndExecute $file"
    ("uplevel" body line 5)
    invoked from within
"uplevel $contents_of_test"
------------------ testing $PTII/ptolemy/domains/de/test/auto/knownFailedTests/DESDFClockTest.xml (Known Failure) 
2051 ms. Memory: 146944K Free: 116601K (79%)


==== $PTIIhome/travis/build/icyphy/ptII/ptolemy/domains/de/test/../../../../: Auto Automatic test in file $PTII/ptolemy/domains/de/test/auto/knownFailedTests/DESDFClockTest.xml
==== Contents of test case:

	    # FIXME: we should use $relativeFilename here, but it
	    # might have backslashes under Windows, which causes no end
	    # of trouble.
	    createAndExecute $file
	    list {}
	
.... Test generated KNOWN error:
    while executing
ptolemy.kernel.util.IllegalActionException: Actor is not ready to fire.  Perhaps UpSample.prefire() returned false? Try debugging the actor by selecting "Listen to Actor".  Also, for SDF check moml for tokenConsumptionRate on input.
  in .DESDFClockTest.Play Bell.Copy1:SDF Director and .DESDFClockTest.Play Bell.UpSample
	at ptolemy.actor.sched.StaticSchedulingDirector.fire(StaticSchedulingDirector.java:227)
	at ptolemy.domains.sdf.kernel.SDFDirector.fire(SDFDirector.java:500)
	at ptolemy.actor.CompositeActor.fire(CompositeActor.java:455)
	at ptolemy.domains.de.kernel.DEDirector._fire(DEDirector.java:1949)
	at ptolemy.domains.de.kernel.DEDirector.fire(DEDirector.java:502)
	at ptolemy.actor.CompositeActor.fire(CompositeActor.java:455)
	at ptolemy.actor.Manager.iterate(Manager.java:851)
	at ptolemy.actor.Manager.execute(Manager.java:369)
	at ptolemy.actor.Manager.run(Manager.java:1263)
	at ptolemy.actor.Manager$PtolemyRunThread.run(Manager.java:1915)

    while executing
ptolemy.kernel.util.IllegalActionException: Actor is not ready to fire.  Perhaps UpSample.prefire() returned false? Try debugging the actor by selecting "Listen to Actor".  Also, for SDF check moml for tokenConsumptionRate on input.
  in .DESDFClockTest.Play Bell.Copy1:SDF Director and .DESDFClockTest.Play Bell.UpSample
    while executing
"java::new ptolemy.moml.MoMLSimpleApplication $file
"
    (procedure "createAndExecute" line 2)
    invoked from within
"createAndExecute $file"
    ("uplevel" body line 5)
    invoked from within
"uplevel $contents_of_test"
------------------ testing $PTII/ptolemy/domains/de/test/auto/knownFailedTests/FSMSource.xml (Known Failure) 
47 ms. Memory: 146944K Free: 107052K (73%)
!!!! Auto was marked as failing, but now passes
------------------ testing $PTII/ptolemy/domains/de/test/auto/knownFailedTests/dependencyLoop2.xml (Known Failure) 
12 ms. Memory: 146944K Free: 105177K (72%)


==== $PTIIhome/travis/build/icyphy/ptII/ptolemy/domains/de/test/../../../../: Auto Automatic test in file $PTII/ptolemy/domains/de/test/auto/knownFailedTests/dependencyLoop2.xml
==== Contents of test case:

	    # FIXME: we should use $relativeFilename here, but it
	    # might have backslashes under Windows, which causes no end
	    # of trouble.
	    createAndExecute $file
	    list {}
	
.... Test generated KNOWN error:
    while executing
ptolemy.kernel.util.IllegalActionException: Found a zero delay loop containing .dependencyLoop2.original
  in .dependencyLoop2 and .dependencyLoop2.original
	at ptolemy.actor.util.CausalityInterfaceForComposites._computeOutputPortDepth(CausalityInterfaceForComposites.java:759)
	at ptolemy.actor.util.CausalityInterfaceForComposites._computeInputDepth(CausalityInterfaceForComposites.java:696)
	at ptolemy.actor.util.CausalityInterfaceForComposites._computeOutputPortDepth(CausalityInterfaceForComposites.java:765)
	at ptolemy.actor.util.CausalityInterfaceForComposites._computeInputDepth(CausalityInterfaceForComposites.java:696)
	at ptolemy.actor.util.CausalityInterfaceForComposites._computeOutputPortDepth(CausalityInterfaceForComposites.java:765)
	at ptolemy.actor.util.CausalityInterfaceForComposites._computeInputDepth(CausalityInterfaceForComposites.java:696)
	at ptolemy.actor.util.CausalityInterfaceForComposites._computeActorDepth(CausalityInterfaceForComposites.java:532)
	at ptolemy.actor.util.CausalityInterfaceForComposites.checkForCycles(CausalityInterfaceForComposites.java:96)
	at ptolemy.domains.de.kernel.DEDirector.preinitialize(DEDirector.java:1338)
	at ptolemy.actor.CompositeActor.preinitialize(CompositeActor.java:1828)
	at ptolemy.actor.Manager.preinitializeAndResolveTypes(Manager.java:1040)
	at ptolemy.actor.Manager.initialize(Manager.java:710)
	at ptolemy.actor.Manager.execute(Manager.java:356)
	at ptolemy.actor.Manager.run(Manager.java:1263)
	at ptolemy.actor.Manager$PtolemyRunThread.run(Manager.java:1915)

    while executing
ptolemy.kernel.util.IllegalActionException: Found a zero delay loop containing .dependencyLoop2.original
  in .dependencyLoop2 and .dependencyLoop2.original
    while executing
"java::new ptolemy.moml.MoMLSimpleApplication $file
"
    (procedure "createAndExecute" line 2)
    invoked from within
"createAndExecute $file"
    ("uplevel" body line 5)
    invoked from within
"uplevel $contents_of_test"
------------------ testing $PTII/ptolemy/domains/de/test/auto/knownFailedTests/HierarchicalModel.xml (Known Failure) 
19 ms. Memory: 146944K Free: 83711K (57%)


==== $PTIIhome/travis/build/icyphy/ptII/ptolemy/domains/de/test/../../../../: Auto Automatic test in file $PTII/ptolemy/domains/de/test/auto/knownFailedTests/HierarchicalModel.xml
==== Contents of test case:

	    # FIXME: we should use $relativeFilename here, but it
	    # might have backslashes under Windows, which causes no end
	    # of trouble.
	    createAndExecute $file
	    list {}
	
.... Test generated KNOWN error:
    while executing
ptolemy.kernel.util.IllegalActionException: Found a zero delay loop containing .HierarchicalModel.A
  in .HierarchicalModel and .HierarchicalModel.A
	at ptolemy.actor.util.CausalityInterfaceForComposites._computeOutputPortDepth(CausalityInterfaceForComposites.java:759)
	at ptolemy.actor.util.CausalityInterfaceForComposites._computeInputDepth(CausalityInterfaceForComposites.java:696)
	at ptolemy.actor.util.CausalityInterfaceForComposites._computeOutputPortDepth(CausalityInterfaceForComposites.java:765)
	at ptolemy.actor.util.CausalityInterfaceForComposites._computeInputDepth(CausalityInterfaceForComposites.java:696)
	at ptolemy.actor.util.CausalityInterfaceForComposites._computeOutputPortDepth(CausalityInterfaceForComposites.java:765)
	at ptolemy.actor.util.CausalityInterfaceForComposites._computeInputDepth(CausalityInterfaceForComposites.java:696)
	at ptolemy.actor.util.CausalityInterfaceForComposites._computeActorDepth(CausalityInterfaceForComposites.java:532)
	at ptolemy.actor.util.CausalityInterfaceForComposites.checkForCycles(CausalityInterfaceForComposites.java:96)
	at ptolemy.domains.de.kernel.DEDirector.preinitialize(DEDirector.java:1338)
	at ptolemy.actor.CompositeActor.preinitialize(CompositeActor.java:1828)
	at ptolemy.actor.Manager.preinitializeAndResolveTypes(Manager.java:1040)
	at ptolemy.actor.Manager.initialize(Manager.java:710)
	at ptolemy.actor.Manager.execute(Manager.java:356)
	at ptolemy.actor.Manager.run(Manager.java:1263)
	at ptolemy.actor.Manager$PtolemyRunThread.run(Manager.java:1915)

    while executing
ptolemy.kernel.util.IllegalActionException: Found a zero delay loop containing .HierarchicalModel.A
  in .HierarchicalModel and .HierarchicalModel.A
    while executing
"java::new ptolemy.moml.MoMLSimpleApplication $file
"
    (procedure "createAndExecute" line 2)
    invoked from within
"createAndExecute $file"
    ("uplevel" body line 5)
    invoked from within
"uplevel $contents_of_test"
------------------ testing $PTII/ptolemy/domains/de/test/auto/knownFailedTests/DirectFeedback.xml (Known Failure) 
7 ms. Memory: 146944K Free: 140075K (95%)


==== $PTIIhome/travis/build/icyphy/ptII/ptolemy/domains/de/test/../../../../: Auto Automatic test in file $PTII/ptolemy/domains/de/test/auto/knownFailedTests/DirectFeedback.xml
==== Contents of test case:

	    # FIXME: we should use $relativeFilename here, but it
	    # might have backslashes under Windows, which causes no end
	    # of trouble.
	    createAndExecute $file
	    list {}
	
.... Test generated KNOWN error:
    while executing
ptolemy.kernel.util.IllegalActionException: Test fails in iteration 1.
Value was: 1.0. Should have been: 2.0
  in .DirectFeedback.Test
	at ptolemy.actor.lib.Test.fire(Test.java:268)
	at ptolemy.domains.de.kernel.DEDirector._fire(DEDirector.java:1949)
	at ptolemy.domains.de.kernel.DEDirector.fire(DEDirector.java:502)
	at ptolemy.actor.CompositeActor.fire(CompositeActor.java:455)
	at ptolemy.actor.Manager.iterate(Manager.java:851)
	at ptolemy.actor.Manager.execute(Manager.java:369)
	at ptolemy.actor.Manager.run(Manager.java:1263)
	at ptolemy.actor.Manager$PtolemyRunThread.run(Manager.java:1915)

    while executing
ptolemy.kernel.util.IllegalActionException: Test fails in iteration 1.
Value was: 1.0. Should have been: 2.0
  in .DirectFeedback.Test
    while executing
"java::new ptolemy.moml.MoMLSimpleApplication $file
"
    (procedure "createAndExecute" line 2)
    invoked from within
"createAndExecute $file"
    ("uplevel" body line 5)
    invoked from within
"uplevel $contents_of_test"
------------------ testing $PTII/ptolemy/domains/de/test/auto/ActorDepthCalculation_actorWithoutPorts.xml
auto.tcl: Setting watchdog for 200 seconds at Sun Dec 30 03:13:02 UTC 2018
9 ms. Memory: 146944K Free: 132449K (90%)
ptolemy.util.test.WatchDog.cancel(): canceling Sun Dec 30 03:13:02 UTC 2018
auto.tcl: Setting watchdog for 200 seconds at Sun Dec 30 03:13:02 UTC 2018
4 ms. Memory: 146944K Free: 130385K (89%)
ptolemy.util.test.WatchDog.cancel(): canceling Sun Dec 30 03:13:02 UTC 2018
------------------ testing $PTII/ptolemy/domains/de/test/auto/AssemblyLine.xml
auto.tcl: Setting watchdog for 200 seconds at Sun Dec 30 03:13:02 UTC 2018
18 ms. Memory: 208384K Free: 182853K (88%)
ptolemy.util.test.WatchDog.cancel(): canceling Sun Dec 30 03:13:02 UTC 2018
auto.tcl: Setting watchdog for 200 seconds at Sun Dec 30 03:13:02 UTC 2018
11 ms. Memory: 208384K Free: 182853K (88%)
ptolemy.util.test.WatchDog.cancel(): canceling Sun Dec 30 03:13:02 UTC 2018
------------------ testing $PTII/ptolemy/domains/de/test/auto/CQBug1.xml
auto.tcl: Setting watchdog for 200 seconds at Sun Dec 30 03:13:02 UTC 2018
11 ms. Memory: 208384K Free: 197714K (95%)
ptolemy.util.test.WatchDog.cancel(): canceling Sun Dec 30 03:13:02 UTC 2018
auto.tcl: Setting watchdog for 200 seconds at Sun Dec 30 03:13:02 UTC 2018
2 ms. Memory: 208384K Free: 197714K (95%)
ptolemy.util.test.WatchDog.cancel(): canceling Sun Dec 30 03:13:02 UTC 2018
------------------ testing $PTII/ptolemy/domains/de/test/auto/CancelFireAt.xml
auto.tcl: Setting watchdog for 200 seconds at Sun Dec 30 03:13:03 UTC 2018
5 ms. Memory: 208384K Free: 201429K (97%)
ptolemy.util.test.WatchDog.cancel(): canceling Sun Dec 30 03:13:03 UTC 2018
auto.tcl: Setting watchdog for 200 seconds at Sun Dec 30 03:13:03 UTC 2018
3 ms. Memory: 208384K Free: 199334K (96%)
ptolemy.util.test.WatchDog.cancel(): canceling Sun Dec 30 03:13:03 UTC 2018
------------------ testing $PTII/ptolemy/domains/de/test/auto/CausalityAndComposabilityAnalysis.xml
auto.tcl: Setting watchdog for 200 seconds at Sun Dec 30 03:13:03 UTC 2018
7 ms. Memory: 208384K Free: 196839K (94%)
ptolemy.util.test.WatchDog.cancel(): canceling Sun Dec 30 03:13:03 UTC 2018
auto.tcl: Setting watchdog for 200 seconds at Sun Dec 30 03:13:03 UTC 2018
5 ms. Memory: 208384K Free: 196501K (94%)
ptolemy.util.test.WatchDog.cancel(): canceling Sun Dec 30 03:13:03 UTC 2018
------------------ testing $PTII/ptolemy/domains/de/test/auto/CausalityInterface1.xml
auto.tcl: Setting watchdog for 200 seconds at Sun Dec 30 03:13:03 UTC 2018
18 ms. Memory: 208384K Free: 196439K (94%)
ptolemy.util.test.WatchDog.cancel(): canceling Sun Dec 30 03:13:03 UTC 2018
auto.tcl: Setting watchdog for 200 seconds at Sun Dec 30 03:13:03 UTC 2018
8 ms. Memory: 208384K Free: 196439K (94%)
ptolemy.util.test.WatchDog.cancel(): canceling Sun Dec 30 03:13:03 UTC 2018
------------------ testing $PTII/ptolemy/domains/de/test/auto/CausalityInterface15.xml
auto.tcl: Setting watchdog for 200 seconds at Sun Dec 30 03:13:03 UTC 2018
18 ms. Memory: 208384K Free: 196429K (94%)
ptolemy.util.test.WatchDog.cancel(): canceling Sun Dec 30 03:13:03 UTC 2018
auto.tcl: Setting watchdog for 200 seconds at Sun Dec 30 03:13:03 UTC 2018
9 ms. Memory: 208384K Free: 196429K (94%)
ptolemy.util.test.WatchDog.cancel(): canceling Sun Dec 30 03:13:03 UTC 2018
------------------ testing $PTII/ptolemy/domains/de/test/auto/CausalityInterface2.xml
auto.tcl: Setting watchdog for 200 seconds at Sun Dec 30 03:13:03 UTC 2018
7 ms. Memory: 208384K Free: 196413K (94%)
ptolemy.util.test.WatchDog.cancel(): canceling Sun Dec 30 03:13:03 UTC 2018
auto.tcl: Setting watchdog for 200 seconds at Sun Dec 30 03:13:03 UTC 2018
3 ms. Memory: 208384K Free: 196413K (94%)
ptolemy.util.test.WatchDog.cancel(): canceling Sun Dec 30 03:13:03 UTC 2018
------------------ testing $PTII/ptolemy/domains/de/test/auto/CausalityInterface3.xml
auto.tcl: Setting watchdog for 200 seconds at Sun Dec 30 03:13:03 UTC 2018
7 ms. Memory: 208384K Free: 196426K (94%)
ptolemy.util.test.WatchDog.cancel(): canceling Sun Dec 30 03:13:03 UTC 2018
auto.tcl: Setting watchdog for 200 seconds at Sun Dec 30 03:13:03 UTC 2018
5 ms. Memory: 208384K Free: 196426K (94%)
ptolemy.util.test.WatchDog.cancel(): canceling Sun Dec 30 03:13:03 UTC 2018
------------------ testing $PTII/ptolemy/domains/de/test/auto/ClockDrift.xml
auto.tcl: Setting watchdog for 200 seconds at Sun Dec 30 03:13:03 UTC 2018
89 ms. Memory: 208384K Free: 187676K (90%)
ptolemy.util.test.WatchDog.cancel(): canceling Sun Dec 30 03:13:03 UTC 2018
auto.tcl: Setting watchdog for 200 seconds at Sun Dec 30 03:13:03 UTC 2018
70 ms. Memory: 208384K Free: 185582K (89%)
ptolemy.util.test.WatchDog.cancel(): canceling Sun Dec 30 03:13:03 UTC 2018
------------------ testing $PTII/ptolemy/domains/de/test/auto/ClockDriftAndValueChange.xml
auto.tcl: Setting watchdog for 200 seconds at Sun Dec 30 03:13:03 UTC 2018
44 ms. Memory: 208384K Free: 187510K (90%)
ptolemy.util.test.WatchDog.cancel(): canceling Sun Dec 30 03:13:04 UTC 2018
auto.tcl: Setting watchdog for 200 seconds at Sun Dec 30 03:13:04 UTC 2018
27 ms. Memory: 208384K Free: 185416K (89%)
ptolemy.util.test.WatchDog.cancel(): canceling Sun Dec 30 03:13:04 UTC 2018
------------------ testing $PTII/ptolemy/domains/de/test/auto/ClockDriftChange.xml
auto.tcl: Setting watchdog for 200 seconds at Sun Dec 30 03:13:04 UTC 2018
35 ms. Memory: 208384K Free: 190826K (92%)
ptolemy.util.test.WatchDog.cancel(): canceling Sun Dec 30 03:13:04 UTC 2018
auto.tcl: Setting watchdog for 200 seconds at Sun Dec 30 03:13:04 UTC 2018
22 ms. Memory: 208384K Free: 188732K (91%)
ptolemy.util.test.WatchDog.cancel(): canceling Sun Dec 30 03:13:04 UTC 2018
------------------ testing $PTII/ptolemy/domains/de/test/auto/ComposableCausalityAnalysis.xml
auto.tcl: Setting watchdog for 200 seconds at Sun Dec 30 03:13:04 UTC 2018
3 ms. Memory: 208384K Free: 196281K (94%)
ptolemy.util.test.WatchDog.cancel(): canceling Sun Dec 30 03:13:04 UTC 2018
auto.tcl: Setting watchdog for 200 seconds at Sun Dec 30 03:13:04 UTC 2018
2 ms. Memory: 208384K Free: 194187K (93%)
ptolemy.util.test.WatchDog.cancel(): canceling Sun Dec 30 03:13:04 UTC 2018
------------------ testing $PTII/ptolemy/domains/de/test/auto/DEFixedPointLimitation.xml
auto.tcl: Setting watchdog for 200 seconds at Sun Dec 30 03:13:04 UTC 2018
1 ms. Memory: 208384K Free: 196362K (94%)
ptolemy.util.test.WatchDog.cancel(): canceling Sun Dec 30 03:13:04 UTC 2018
auto.tcl: Setting watchdog for 200 seconds at Sun Dec 30 03:13:04 UTC 2018
1 ms. Memory: 208384K Free: 196362K (94%)
ptolemy.util.test.WatchDog.cancel(): canceling Sun Dec 30 03:13:04 UTC 2018
------------------ testing $PTII/ptolemy/domains/de/test/auto/DEScheduleTest.xml
auto.tcl: Setting watchdog for 200 seconds at Sun Dec 30 03:13:04 UTC 2018
4 ms. Memory: 208384K Free: 198492K (95%)
ptolemy.util.test.WatchDog.cancel(): canceling Sun Dec 30 03:13:04 UTC 2018
auto.tcl: Setting watchdog for 200 seconds at Sun Dec 30 03:13:04 UTC 2018
5 ms. Memory: 208384K Free: 196397K (94%)
ptolemy.util.test.WatchDog.cancel(): canceling Sun Dec 30 03:13:04 UTC 2018
------------------ testing $PTII/ptolemy/domains/de/test/auto/DEinDEwithStartTimes.xml
auto.tcl: Setting watchdog for 200 seconds at Sun Dec 30 03:13:04 UTC 2018
3 ms. Memory: 208384K Free: 196367K (94%)
ptolemy.util.test.WatchDog.cancel(): canceling Sun Dec 30 03:13:04 UTC 2018
auto.tcl: Setting watchdog for 200 seconds at Sun Dec 30 03:13:04 UTC 2018
3 ms. Memory: 208384K Free: 194273K (93%)
ptolemy.util.test.WatchDog.cancel(): canceling Sun Dec 30 03:13:04 UTC 2018
------------------ testing $PTII/ptolemy/domains/de/test/auto/DEinDEwithStartTimes2.xml
auto.tcl: Setting watchdog for 200 seconds at Sun Dec 30 03:13:04 UTC 2018
8 ms. Memory: 208384K Free: 196684K (94%)
ptolemy.util.test.WatchDog.cancel(): canceling Sun Dec 30 03:13:04 UTC 2018
auto.tcl: Setting watchdog for 200 seconds at Sun Dec 30 03:13:04 UTC 2018
4 ms. Memory: 208384K Free: 194252K (93%)
ptolemy.util.test.WatchDog.cancel(): canceling Sun Dec 30 03:13:04 UTC 2018
------------------ testing $PTII/ptolemy/domains/de/test/auto/DateDemo.xml
auto.tcl: Setting watchdog for 200 seconds at Sun Dec 30 03:13:04 UTC 2018
12 ms. Memory: 208384K Free: 188809K (91%)
ptolemy.util.test.WatchDog.cancel(): canceling Sun Dec 30 03:13:04 UTC 2018
auto.tcl: Setting watchdog for 200 seconds at Sun Dec 30 03:13:04 UTC 2018
5 ms. Memory: 208384K Free: 186715K (90%)
ptolemy.util.test.WatchDog.cancel(): canceling Sun Dec 30 03:13:04 UTC 2018
------------------ testing $PTII/ptolemy/domains/de/test/auto/DateToEvent.xml
auto.tcl: Setting watchdog for 200 seconds at Sun Dec 30 03:13:04 UTC 2018
2018 ms. Memory: 208384K Free: 183549K (88%)
ptolemy.util.test.WatchDog.cancel(): canceling Sun Dec 30 03:13:06 UTC 2018
auto.tcl: Setting watchdog for 200 seconds at Sun Dec 30 03:13:06 UTC 2018
2006 ms. Memory: 208384K Free: 181091K (87%)
ptolemy.util.test.WatchDog.cancel(): canceling Sun Dec 30 03:13:08 UTC 2018
------------------ testing $PTII/ptolemy/domains/de/test/auto/DepthTest1.xml
auto.tcl: Setting watchdog for 200 seconds at Sun Dec 30 03:13:08 UTC 2018
3 ms. Memory: 208384K Free: 198020K (95%)
ptolemy.util.test.WatchDog.cancel(): canceling Sun Dec 30 03:13:08 UTC 2018
auto.tcl: Setting watchdog for 200 seconds at Sun Dec 30 03:13:08 UTC 2018
2 ms. Memory: 208384K Free: 198020K (95%)
ptolemy.util.test.WatchDog.cancel(): canceling Sun Dec 30 03:13:08 UTC 2018
------------------ testing $PTII/ptolemy/domains/de/test/auto/DepthTest2.xml
auto.tcl: Setting watchdog for 200 seconds at Sun Dec 30 03:13:09 UTC 2018
7 ms. Memory: 208384K Free: 194233K (93%)
ptolemy.util.test.WatchDog.cancel(): canceling Sun Dec 30 03:13:09 UTC 2018
auto.tcl: Setting watchdog for 200 seconds at Sun Dec 30 03:13:09 UTC 2018
5 ms. Memory: 208384K Free: 194233K (93%)
ptolemy.util.test.WatchDog.cancel(): canceling Sun Dec 30 03:13:09 UTC 2018
------------------ testing $PTII/ptolemy/domains/de/test/auto/DepthTest3.xml
auto.tcl: Setting watchdog for 200 seconds at Sun Dec 30 03:13:09 UTC 2018
2 ms. Memory: 208384K Free: 198691K (95%)
ptolemy.util.test.WatchDog.cancel(): canceling Sun Dec 30 03:13:09 UTC 2018
auto.tcl: Setting watchdog for 200 seconds at Sun Dec 30 03:13:09 UTC 2018
1 ms. Memory: 208384K Free: 198691K (95%)
ptolemy.util.test.WatchDog.cancel(): canceling Sun Dec 30 03:13:09 UTC 2018
------------------ testing $PTII/ptolemy/domains/de/test/auto/DepthTest4.xml
auto.tcl: Setting watchdog for 200 seconds at Sun Dec 30 03:13:09 UTC 2018
5 ms. Memory: 208384K Free: 196345K (94%)
ptolemy.util.test.WatchDog.cancel(): canceling Sun Dec 30 03:13:09 UTC 2018
auto.tcl: Setting watchdog for 200 seconds at Sun Dec 30 03:13:09 UTC 2018
2 ms. Memory: 208384K Free: 196345K (94%)
ptolemy.util.test.WatchDog.cancel(): canceling Sun Dec 30 03:13:09 UTC 2018
------------------ testing $PTII/ptolemy/domains/de/test/auto/DepthTest5.xml
auto.tcl: Setting watchdog for 200 seconds at Sun Dec 30 03:13:09 UTC 2018
10 ms. Memory: 208384K Free: 196293K (94%)
ptolemy.util.test.WatchDog.cancel(): canceling Sun Dec 30 03:13:09 UTC 2018
auto.tcl: Setting watchdog for 200 seconds at Sun Dec 30 03:13:09 UTC 2018
2 ms. Memory: 208384K Free: 196293K (94%)
ptolemy.util.test.WatchDog.cancel(): canceling Sun Dec 30 03:13:09 UTC 2018
------------------ testing $PTII/ptolemy/domains/de/test/auto/DepthTest6.xml
auto.tcl: Setting watchdog for 200 seconds at Sun Dec 30 03:13:09 UTC 2018
7 ms. Memory: 208384K Free: 196599K (94%)
ptolemy.util.test.WatchDog.cancel(): canceling Sun Dec 30 03:13:09 UTC 2018
auto.tcl: Setting watchdog for 200 seconds at Sun Dec 30 03:13:09 UTC 2018
3 ms. Memory: 208384K Free: 196599K (94%)
ptolemy.util.test.WatchDog.cancel(): canceling Sun Dec 30 03:13:09 UTC 2018
------------------ testing $PTII/ptolemy/domains/de/test/auto/DepthTest7.xml
auto.tcl: Setting watchdog for 200 seconds at Sun Dec 30 03:13:09 UTC 2018
2 ms. Memory: 208384K Free: 196250K (94%)
ptolemy.util.test.WatchDog.cancel(): canceling Sun Dec 30 03:13:09 UTC 2018
auto.tcl: Setting watchdog for 200 seconds at Sun Dec 30 03:13:09 UTC 2018
2 ms. Memory: 208384K Free: 196250K (94%)
ptolemy.util.test.WatchDog.cancel(): canceling Sun Dec 30 03:13:09 UTC 2018
------------------ testing $PTII/ptolemy/domains/de/test/auto/EventToDate.xml
auto.tcl: Setting watchdog for 200 seconds at Sun Dec 30 03:13:09 UTC 2018
3010 ms. Memory: 208384K Free: 185801K (89%)
ptolemy.util.test.WatchDog.cancel(): canceling Sun Dec 30 03:13:12 UTC 2018
auto.tcl: Setting watchdog for 200 seconds at Sun Dec 30 03:13:12 UTC 2018
3004 ms. Memory: 208384K Free: 185801K (89%)
ptolemy.util.test.WatchDog.cancel(): canceling Sun Dec 30 03:13:15 UTC 2018
------------------ testing $PTII/ptolemy/domains/de/test/auto/FSM1.xml
auto.tcl: Setting watchdog for 200 seconds at Sun Dec 30 03:13:15 UTC 2018
32 ms. Memory: 208384K Free: 186857K (90%)
ptolemy.util.test.WatchDog.cancel(): canceling Sun Dec 30 03:13:15 UTC 2018
auto.tcl: Setting watchdog for 200 seconds at Sun Dec 30 03:13:15 UTC 2018
20 ms. Memory: 208384K Free: 182668K (88%)
ptolemy.util.test.WatchDog.cancel(): canceling Sun Dec 30 03:13:15 UTC 2018
------------------ testing $PTII/ptolemy/domains/de/test/auto/FSM7.xml
auto.tcl: Setting watchdog for 200 seconds at Sun Dec 30 03:13:15 UTC 2018
33 ms. Memory: 208384K Free: 187424K (90%)
ptolemy.util.test.WatchDog.cancel(): canceling Sun Dec 30 03:13:15 UTC 2018
auto.tcl: Setting watchdog for 200 seconds at Sun Dec 30 03:13:15 UTC 2018
18 ms. Memory: 208384K Free: 185330K (89%)
ptolemy.util.test.WatchDog.cancel(): canceling Sun Dec 30 03:13:15 UTC 2018
------------------ testing $PTII/ptolemy/domains/de/test/auto/Inspection.xml
auto.tcl: Setting watchdog for 200 seconds at Sun Dec 30 03:13:15 UTC 2018
26 ms. Memory: 208384K Free: 188974K (91%)
ptolemy.util.test.WatchDog.cancel(): canceling Sun Dec 30 03:13:15 UTC 2018
auto.tcl: Setting watchdog for 200 seconds at Sun Dec 30 03:13:15 UTC 2018
23 ms. Memory: 208384K Free: 186880K (90%)
ptolemy.util.test.WatchDog.cancel(): canceling Sun Dec 30 03:13:15 UTC 2018
------------------ testing $PTII/ptolemy/domains/de/test/auto/Iteration.xml
auto.tcl: Setting watchdog for 200 seconds at Sun Dec 30 03:13:15 UTC 2018
9 ms. Memory: 208384K Free: 196395K (94%)
ptolemy.util.test.WatchDog.cancel(): canceling Sun Dec 30 03:13:15 UTC 2018
auto.tcl: Setting watchdog for 200 seconds at Sun Dec 30 03:13:16 UTC 2018
8 ms. Memory: 208384K Free: 193963K (93%)
ptolemy.util.test.WatchDog.cancel(): canceling Sun Dec 30 03:13:16 UTC 2018
------------------ testing $PTII/ptolemy/domains/de/test/auto/LineFault.xml
auto.tcl: Setting watchdog for 200 seconds at Sun Dec 30 03:13:16 UTC 2018
725 ms. Memory: 208384K Free: 196242K (94%)
ptolemy.util.test.WatchDog.cancel(): canceling Sun Dec 30 03:13:17 UTC 2018
auto.tcl: Setting watchdog for 200 seconds at Sun Dec 30 03:13:17 UTC 2018
608 ms. Memory: 208384K Free: 139070K (67%)
ptolemy.util.test.WatchDog.cancel(): canceling Sun Dec 30 03:13:17 UTC 2018
------------------ testing $PTII/ptolemy/domains/de/test/auto/MergeModel1Add.xml
auto.tcl: Setting watchdog for 200 seconds at Sun Dec 30 03:13:17 UTC 2018
23 ms. Memory: 331264K Free: 298868K (90%)
ptolemy.util.test.WatchDog.cancel(): canceling Sun Dec 30 03:13:17 UTC 2018
auto.tcl: Setting watchdog for 200 seconds at Sun Dec 30 03:13:17 UTC 2018
11 ms. Memory: 331264K Free: 298868K (90%)
ptolemy.util.test.WatchDog.cancel(): canceling Sun Dec 30 03:13:17 UTC 2018
------------------ testing $PTII/ptolemy/domains/de/test/auto/MergeModel2Add.xml
auto.tcl: Setting watchdog for 200 seconds at Sun Dec 30 03:13:17 UTC 2018
14 ms. Memory: 331264K Free: 304151K (92%)
ptolemy.util.test.WatchDog.cancel(): canceling Sun Dec 30 03:13:17 UTC 2018
auto.tcl: Setting watchdog for 200 seconds at Sun Dec 30 03:13:17 UTC 2018
10 ms. Memory: 331264K Free: 300206K (91%)
ptolemy.util.test.WatchDog.cancel(): canceling Sun Dec 30 03:13:17 UTC 2018
------------------ testing $PTII/ptolemy/domains/de/test/auto/MergeModel3Add.xml
auto.tcl: Setting watchdog for 200 seconds at Sun Dec 30 03:13:17 UTC 2018
11 ms. Memory: 331264K Free: 304161K (92%)
ptolemy.util.test.WatchDog.cancel(): canceling Sun Dec 30 03:13:18 UTC 2018
auto.tcl: Setting watchdog for 200 seconds at Sun Dec 30 03:13:18 UTC 2018
6 ms. Memory: 331264K Free: 300216K (91%)
ptolemy.util.test.WatchDog.cancel(): canceling Sun Dec 30 03:13:18 UTC 2018
------------------ testing $PTII/ptolemy/domains/de/test/auto/MergeWithoutDiscard.xml
auto.tcl: Setting watchdog for 200 seconds at Sun Dec 30 03:13:18 UTC 2018
6 ms. Memory: 331264K Free: 320224K (97%)
ptolemy.util.test.WatchDog.cancel(): canceling Sun Dec 30 03:13:18 UTC 2018
auto.tcl: Setting watchdog for 200 seconds at Sun Dec 30 03:13:18 UTC 2018
1 ms. Memory: 331264K Free: 316279K (95%)
ptolemy.util.test.WatchDog.cancel(): canceling Sun Dec 30 03:13:18 UTC 2018
------------------ testing $PTII/ptolemy/domains/de/test/auto/Modal1.xml
auto.tcl: Setting watchdog for 200 seconds at Sun Dec 30 03:13:18 UTC 2018
19 ms. Memory: 331264K Free: 309904K (94%)
ptolemy.util.test.WatchDog.cancel(): canceling Sun Dec 30 03:13:18 UTC 2018
auto.tcl: Setting watchdog for 200 seconds at Sun Dec 30 03:13:18 UTC 2018
24 ms. Memory: 331264K Free: 305959K (92%)
ptolemy.util.test.WatchDog.cancel(): canceling Sun Dec 30 03:13:18 UTC 2018
------------------ testing $PTII/ptolemy/domains/de/test/auto/Modal2.xml
auto.tcl: Setting watchdog for 200 seconds at Sun Dec 30 03:13:18 UTC 2018
20 ms. Memory: 331264K Free: 309776K (94%)
ptolemy.util.test.WatchDog.cancel(): canceling Sun Dec 30 03:13:18 UTC 2018
auto.tcl: Setting watchdog for 200 seconds at Sun Dec 30 03:13:18 UTC 2018
19 ms. Memory: 331264K Free: 305831K (92%)
ptolemy.util.test.WatchDog.cancel(): canceling Sun Dec 30 03:13:18 UTC 2018
------------------ testing $PTII/ptolemy/domains/de/test/auto/Modal3.xml
auto.tcl: Setting watchdog for 200 seconds at Sun Dec 30 03:13:18 UTC 2018
14 ms. Memory: 331264K Free: 310046K (94%)
ptolemy.util.test.WatchDog.cancel(): canceling Sun Dec 30 03:13:18 UTC 2018
auto.tcl: Setting watchdog for 200 seconds at Sun Dec 30 03:13:18 UTC 2018
11 ms. Memory: 331264K Free: 305815K (92%)
ptolemy.util.test.WatchDog.cancel(): canceling Sun Dec 30 03:13:18 UTC 2018
------------------ testing $PTII/ptolemy/domains/de/test/auto/Modal4.xml
auto.tcl: Setting watchdog for 200 seconds at Sun Dec 30 03:13:18 UTC 2018
26 ms. Memory: 331264K Free: 309774K (94%)
ptolemy.util.test.WatchDog.cancel(): canceling Sun Dec 30 03:13:18 UTC 2018
auto.tcl: Setting watchdog for 200 seconds at Sun Dec 30 03:13:18 UTC 2018
17 ms. Memory: 331264K Free: 305829K (92%)
ptolemy.util.test.WatchDog.cancel(): canceling Sun Dec 30 03:13:18 UTC 2018
------------------ testing $PTII/ptolemy/domains/de/test/auto/Modal5.xml
auto.tcl: Setting watchdog for 200 seconds at Sun Dec 30 03:13:18 UTC 2018
18 ms. Memory: 331264K Free: 309761K (94%)
ptolemy.util.test.WatchDog.cancel(): canceling Sun Dec 30 03:13:18 UTC 2018
auto.tcl: Setting watchdog for 200 seconds at Sun Dec 30 03:13:18 UTC 2018
14 ms. Memory: 331264K Free: 305816K (92%)
ptolemy.util.test.WatchDog.cancel(): canceling Sun Dec 30 03:13:18 UTC 2018
------------------ testing $PTII/ptolemy/domains/de/test/auto/Modal6.xml
auto.tcl: Setting watchdog for 200 seconds at Sun Dec 30 03:13:18 UTC 2018
14 ms. Memory: 331264K Free: 309759K (94%)
ptolemy.util.test.WatchDog.cancel(): canceling Sun Dec 30 03:13:18 UTC 2018
auto.tcl: Setting watchdog for 200 seconds at Sun Dec 30 03:13:18 UTC 2018
16 ms. Memory: 331264K Free: 305814K (92%)
ptolemy.util.test.WatchDog.cancel(): canceling Sun Dec 30 03:13:18 UTC 2018
------------------ testing $PTII/ptolemy/domains/de/test/auto/Modal7.xml
auto.tcl: Setting watchdog for 200 seconds at Sun Dec 30 03:13:18 UTC 2018
19 ms. Memory: 331264K Free: 309759K (94%)
ptolemy.util.test.WatchDog.cancel(): canceling Sun Dec 30 03:13:18 UTC 2018
auto.tcl: Setting watchdog for 200 seconds at Sun Dec 30 03:13:18 UTC 2018
10 ms. Memory: 331264K Free: 305814K (92%)
ptolemy.util.test.WatchDog.cancel(): canceling Sun Dec 30 03:13:18 UTC 2018
------------------ testing $PTII/ptolemy/domains/de/test/auto/ModalModel.xml
auto.tcl: Setting watchdog for 200 seconds at Sun Dec 30 03:13:18 UTC 2018
210 ms. Memory: 331264K Free: 246282K (74%)
ptolemy.util.test.WatchDog.cancel(): canceling Sun Dec 30 03:13:19 UTC 2018
auto.tcl: Setting watchdog for 200 seconds at Sun Dec 30 03:13:19 UTC 2018
179 ms. Memory: 331264K Free: 190978K (58%)
ptolemy.util.test.WatchDog.cancel(): canceling Sun Dec 30 03:13:19 UTC 2018
------------------ testing $PTII/ptolemy/domains/de/test/auto/ModalSource.xml
auto.tcl: Setting watchdog for 200 seconds at Sun Dec 30 03:13:19 UTC 2018
7 ms. Memory: 331264K Free: 316525K (96%)
ptolemy.util.test.WatchDog.cancel(): canceling Sun Dec 30 03:13:19 UTC 2018
auto.tcl: Setting watchdog for 200 seconds at Sun Dec 30 03:13:19 UTC 2018
5 ms. Memory: 331264K Free: 312995K (94%)
ptolemy.util.test.WatchDog.cancel(): canceling Sun Dec 30 03:13:19 UTC 2018
------------------ testing $PTII/ptolemy/domains/de/test/auto/NonInterruptibleTimerZeroDelay.xml
auto.tcl: Setting watchdog for 200 seconds at Sun Dec 30 03:13:19 UTC 2018
4 ms. Memory: 331264K Free: 320893K (97%)
ptolemy.util.test.WatchDog.cancel(): canceling Sun Dec 30 03:13:19 UTC 2018
auto.tcl: Setting watchdog for 200 seconds at Sun Dec 30 03:13:19 UTC 2018
2 ms. Memory: 331264K Free: 317363K (96%)
ptolemy.util.test.WatchDog.cancel(): canceling Sun Dec 30 03:13:19 UTC 2018
------------------ testing $PTII/ptolemy/domains/de/test/auto/OpenQueueingNetwork.xml
auto.tcl: Setting watchdog for 200 seconds at Sun Dec 30 03:13:19 UTC 2018
2895 ms. Memory: 573952K Free: 421921K (74%)
ptolemy.util.test.WatchDog.cancel(): canceling Sun Dec 30 03:13:22 UTC 2018
auto.tcl: Setting watchdog for 200 seconds at Sun Dec 30 03:13:22 UTC 2018
2427 ms. Memory: 550912K Free: 320508K (58%)
ptolemy.util.test.WatchDog.cancel(): canceling Sun Dec 30 03:13:25 UTC 2018
------------------ testing $PTII/ptolemy/domains/de/test/auto/OpenQueuingNetwork.xml
auto.tcl: Setting watchdog for 200 seconds at Sun Dec 30 03:13:25 UTC 2018
254 ms. Memory: 549888K Free: 445459K (81%)
ptolemy.util.test.WatchDog.cancel(): canceling Sun Dec 30 03:13:25 UTC 2018
auto.tcl: Setting watchdog for 200 seconds at Sun Dec 30 03:13:25 UTC 2018
230 ms. Memory: 549888K Free: 385326K (70%)
ptolemy.util.test.WatchDog.cancel(): canceling Sun Dec 30 03:13:25 UTC 2018
------------------ testing $PTII/ptolemy/domains/de/test/auto/PeriodicSampler.xml
auto.tcl: Setting watchdog for 200 seconds at Sun Dec 30 03:13:25 UTC 2018
3 ms. Memory: 551936K Free: 531866K (96%)
ptolemy.util.test.WatchDog.cancel(): canceling Sun Dec 30 03:13:25 UTC 2018
auto.tcl: Setting watchdog for 200 seconds at Sun Dec 30 03:13:25 UTC 2018
2 ms. Memory: 551936K Free: 531866K (96%)
ptolemy.util.test.WatchDog.cancel(): canceling Sun Dec 30 03:13:25 UTC 2018
------------------ testing $PTII/ptolemy/domains/de/test/auto/PersistentIO.xml
auto.tcl: Setting watchdog for 200 seconds at Sun Dec 30 03:13:25 UTC 2018
13 ms. Memory: 549376K Free: 529331K (96%)
ptolemy.util.test.WatchDog.cancel(): canceling Sun Dec 30 03:13:25 UTC 2018
auto.tcl: Setting watchdog for 200 seconds at Sun Dec 30 03:13:25 UTC 2018
4 ms. Memory: 549376K Free: 529331K (96%)
ptolemy.util.test.WatchDog.cancel(): canceling Sun Dec 30 03:13:25 UTC 2018
------------------ testing $PTII/ptolemy/domains/de/test/auto/PortParameterResetOnInitialize.xml
auto.tcl: Setting watchdog for 200 seconds at Sun Dec 30 03:13:25 UTC 2018
5 ms. Memory: 551424K Free: 531814K (96%)
ptolemy.util.test.WatchDog.cancel(): canceling Sun Dec 30 03:13:25 UTC 2018
auto.tcl: Setting watchdog for 200 seconds at Sun Dec 30 03:13:25 UTC 2018
2 ms. Memory: 551424K Free: 531814K (96%)
ptolemy.util.test.WatchDog.cancel(): canceling Sun Dec 30 03:13:25 UTC 2018
------------------ testing $PTII/ptolemy/domains/de/test/auto/PortParameterUpdates.xml
auto.tcl: Setting watchdog for 200 seconds at Sun Dec 30 03:13:25 UTC 2018
3 ms. Memory: 549376K Free: 534579K (97%)
ptolemy.util.test.WatchDog.cancel(): canceling Sun Dec 30 03:13:25 UTC 2018
auto.tcl: Setting watchdog for 200 seconds at Sun Dec 30 03:13:25 UTC 2018
3 ms. Memory: 549376K Free: 529112K (96%)
ptolemy.util.test.WatchDog.cancel(): canceling Sun Dec 30 03:13:25 UTC 2018
------------------ testing $PTII/ptolemy/domains/de/test/auto/QueueAndServer.xml
auto.tcl: Setting watchdog for 200 seconds at Sun Dec 30 03:13:26 UTC 2018
14 ms. Memory: 551424K Free: 531108K (96%)
ptolemy.util.test.WatchDog.cancel(): canceling Sun Dec 30 03:13:26 UTC 2018
auto.tcl: Setting watchdog for 200 seconds at Sun Dec 30 03:13:26 UTC 2018
6 ms. Memory: 551424K Free: 531108K (96%)
ptolemy.util.test.WatchDog.cancel(): canceling Sun Dec 30 03:13:26 UTC 2018
------------------ testing $PTII/ptolemy/domains/de/test/auto/Records.xml
auto.tcl: Setting watchdog for 200 seconds at Sun Dec 30 03:13:26 UTC 2018
6 ms. Memory: 549376K Free: 534483K (97%)
ptolemy.util.test.WatchDog.cancel(): canceling Sun Dec 30 03:13:26 UTC 2018
auto.tcl: Setting watchdog for 200 seconds at Sun Dec 30 03:13:26 UTC 2018
2 ms. Memory: 549376K Free: 529017K (96%)
ptolemy.util.test.WatchDog.cancel(): canceling Sun Dec 30 03:13:26 UTC 2018
------------------ testing $PTII/ptolemy/domains/de/test/auto/ResetTransitionWithStartTime1.xml
auto.tcl: Setting watchdog for 200 seconds at Sun Dec 30 03:13:26 UTC 2018
7 ms. Memory: 551424K Free: 531091K (96%)
ptolemy.util.test.WatchDog.cancel(): canceling Sun Dec 30 03:13:26 UTC 2018
auto.tcl: Setting watchdog for 200 seconds at Sun Dec 30 03:13:26 UTC 2018
5 ms. Memory: 551424K Free: 531091K (96%)
ptolemy.util.test.WatchDog.cancel(): canceling Sun Dec 30 03:13:26 UTC 2018
------------------ testing $PTII/ptolemy/domains/de/test/auto/ResetTransitionWithStartTime2.xml
auto.tcl: Setting watchdog for 200 seconds at Sun Dec 30 03:13:26 UTC 2018
8 ms. Memory: 549376K Free: 529263K (96%)
ptolemy.util.test.WatchDog.cancel(): canceling Sun Dec 30 03:13:26 UTC 2018
auto.tcl: Setting watchdog for 200 seconds at Sun Dec 30 03:13:26 UTC 2018
6 ms. Memory: 549376K Free: 529263K (96%)
ptolemy.util.test.WatchDog.cancel(): canceling Sun Dec 30 03:13:26 UTC 2018
------------------ testing $PTII/ptolemy/domains/de/test/auto/ResetTransitionWithStartTime3.xml
auto.tcl: Setting watchdog for 200 seconds at Sun Dec 30 03:13:26 UTC 2018
5 ms. Memory: 550912K Free: 530552K (96%)
ptolemy.util.test.WatchDog.cancel(): canceling Sun Dec 30 03:13:26 UTC 2018
auto.tcl: Setting watchdog for 200 seconds at Sun Dec 30 03:13:26 UTC 2018
6 ms. Memory: 550912K Free: 530552K (96%)
ptolemy.util.test.WatchDog.cancel(): canceling Sun Dec 30 03:13:26 UTC 2018
------------------ testing $PTII/ptolemy/domains/de/test/auto/ResetTransitionWithStartTime4.xml
auto.tcl: Setting watchdog for 200 seconds at Sun Dec 30 03:13:26 UTC 2018
4 ms. Memory: 549376K Free: 529030K (96%)
ptolemy.util.test.WatchDog.cancel(): canceling Sun Dec 30 03:13:26 UTC 2018
auto.tcl: Setting watchdog for 200 seconds at Sun Dec 30 03:13:26 UTC 2018
3 ms. Memory: 549376K Free: 529030K (96%)
ptolemy.util.test.WatchDog.cancel(): canceling Sun Dec 30 03:13:26 UTC 2018
------------------ testing $PTII/ptolemy/domains/de/test/auto/ResettableTimer1.xml
auto.tcl: Setting watchdog for 200 seconds at Sun Dec 30 03:13:26 UTC 2018
4 ms. Memory: 550912K Free: 536028K (97%)
ptolemy.util.test.WatchDog.cancel(): canceling Sun Dec 30 03:13:26 UTC 2018
auto.tcl: Setting watchdog for 200 seconds at Sun Dec 30 03:13:26 UTC 2018
2 ms. Memory: 550912K Free: 536028K (97%)
ptolemy.util.test.WatchDog.cancel(): canceling Sun Dec 30 03:13:26 UTC 2018
------------------ testing $PTII/ptolemy/domains/de/test/auto/ResettableTimer2.xml
auto.tcl: Setting watchdog for 200 seconds at Sun Dec 30 03:13:26 UTC 2018
2 ms. Memory: 549376K Free: 534780K (97%)
ptolemy.util.test.WatchDog.cancel(): canceling Sun Dec 30 03:13:26 UTC 2018
auto.tcl: Setting watchdog for 200 seconds at Sun Dec 30 03:13:26 UTC 2018
5 ms. Memory: 549376K Free: 534780K (97%)
ptolemy.util.test.WatchDog.cancel(): canceling Sun Dec 30 03:13:26 UTC 2018
------------------ testing $PTII/ptolemy/domains/de/test/auto/ResettableTimer3.xml
auto.tcl: Setting watchdog for 200 seconds at Sun Dec 30 03:13:26 UTC 2018
1 ms. Memory: 550912K Free: 536086K (97%)
ptolemy.util.test.WatchDog.cancel(): canceling Sun Dec 30 03:13:26 UTC 2018
auto.tcl: Setting watchdog for 200 seconds at Sun Dec 30 03:13:26 UTC 2018
1 ms. Memory: 550912K Free: 536086K (97%)
ptolemy.util.test.WatchDog.cancel(): canceling Sun Dec 30 03:13:26 UTC 2018
------------------ testing $PTII/ptolemy/domains/de/test/auto/ResettableTimer4.xml
auto.tcl: Setting watchdog for 200 seconds at Sun Dec 30 03:13:26 UTC 2018
1 ms. Memory: 549376K Free: 534793K (97%)
ptolemy.util.test.WatchDog.cancel(): canceling Sun Dec 30 03:13:26 UTC 2018
auto.tcl: Setting watchdog for 200 seconds at Sun Dec 30 03:13:26 UTC 2018
1 ms. Memory: 549376K Free: 534793K (97%)
ptolemy.util.test.WatchDog.cancel(): canceling Sun Dec 30 03:13:26 UTC 2018
------------------ testing $PTII/ptolemy/domains/de/test/auto/ResettableTimer5.xml
auto.tcl: Setting watchdog for 200 seconds at Sun Dec 30 03:13:26 UTC 2018
2 ms. Memory: 550400K Free: 531135K (96%)
ptolemy.util.test.WatchDog.cancel(): canceling Sun Dec 30 03:13:26 UTC 2018
auto.tcl: Setting watchdog for 200 seconds at Sun Dec 30 03:13:26 UTC 2018
1 ms. Memory: 550400K Free: 531135K (96%)
ptolemy.util.test.WatchDog.cancel(): canceling Sun Dec 30 03:13:26 UTC 2018
------------------ testing $PTII/ptolemy/domains/de/test/auto/ResettableTimer6.xml
auto.tcl: Setting watchdog for 200 seconds at Sun Dec 30 03:13:26 UTC 2018
1 ms. Memory: 549376K Free: 529831K (96%)
ptolemy.util.test.WatchDog.cancel(): canceling Sun Dec 30 03:13:26 UTC 2018
auto.tcl: Setting watchdog for 200 seconds at Sun Dec 30 03:13:26 UTC 2018
1 ms. Memory: 549376K Free: 529831K (96%)
ptolemy.util.test.WatchDog.cancel(): canceling Sun Dec 30 03:13:26 UTC 2018
------------------ testing $PTII/ptolemy/domains/de/test/auto/ServerZeroDelay.xml
auto.tcl: Setting watchdog for 200 seconds at Sun Dec 30 03:13:26 UTC 2018
3 ms. Memory: 550400K Free: 535755K (97%)
ptolemy.util.test.WatchDog.cancel(): canceling Sun Dec 30 03:13:26 UTC 2018
auto.tcl: Setting watchdog for 200 seconds at Sun Dec 30 03:13:26 UTC 2018
2 ms. Memory: 550400K Free: 535755K (97%)
ptolemy.util.test.WatchDog.cancel(): canceling Sun Dec 30 03:13:26 UTC 2018
------------------ testing $PTII/ptolemy/domains/de/test/auto/SmartSender.xml
auto.tcl: Setting watchdog for 200 seconds at Sun Dec 30 03:13:26 UTC 2018
3001 ms. Memory: 549376K Free: 530046K (96%)
ptolemy.util.test.WatchDog.cancel(): canceling Sun Dec 30 03:13:29 UTC 2018
auto.tcl: Setting watchdog for 200 seconds at Sun Dec 30 03:13:29 UTC 2018
3001 ms. Memory: 549376K Free: 530046K (96%)
ptolemy.util.test.WatchDog.cancel(): canceling Sun Dec 30 03:13:32 UTC 2018
------------------ testing $PTII/ptolemy/domains/de/test/auto/ThreadedComposite.xml
auto.tcl: Setting watchdog for 200 seconds at Sun Dec 30 03:13:32 UTC 2018
203 ms. Memory: 550400K Free: 510530K (93%)
ptolemy.util.test.WatchDog.cancel(): canceling Sun Dec 30 03:13:33 UTC 2018
auto.tcl: Setting watchdog for 200 seconds at Sun Dec 30 03:13:33 UTC 2018
102 ms. Memory: 550400K Free: 495704K (90%)
ptolemy.util.test.WatchDog.cancel(): canceling Sun Dec 30 03:13:33 UTC 2018
------------------ testing $PTII/ptolemy/domains/de/test/auto/Time.xml
auto.tcl: Setting watchdog for 200 seconds at Sun Dec 30 03:13:33 UTC 2018
535 ms. Memory: 549376K Free: 482745K (88%)
ptolemy.util.test.WatchDog.cancel(): canceling Sun Dec 30 03:13:33 UTC 2018
auto.tcl: Setting watchdog for 200 seconds at Sun Dec 30 03:13:33 UTC 2018
517 ms. Memory: 549376K Free: 428079K (78%)
ptolemy.util.test.WatchDog.cancel(): canceling Sun Dec 30 03:13:34 UTC 2018
------------------ testing $PTII/ptolemy/domains/de/test/auto/TimeDelayZeroDelay.xml
auto.tcl: Setting watchdog for 200 seconds at Sun Dec 30 03:13:34 UTC 2018
2 ms. Memory: 550400K Free: 535443K (97%)
ptolemy.util.test.WatchDog.cancel(): canceling Sun Dec 30 03:13:34 UTC 2018
auto.tcl: Setting watchdog for 200 seconds at Sun Dec 30 03:13:34 UTC 2018
2 ms. Memory: 550400K Free: 535443K (97%)
ptolemy.util.test.WatchDog.cancel(): canceling Sun Dec 30 03:13:34 UTC 2018
------------------ testing $PTII/ptolemy/domains/de/test/auto/TimerZeroDelay.xml
auto.tcl: Setting watchdog for 200 seconds at Sun Dec 30 03:13:34 UTC 2018
4 ms. Memory: 549376K Free: 534693K (97%)
ptolemy.util.test.WatchDog.cancel(): canceling Sun Dec 30 03:13:34 UTC 2018
auto.tcl: Setting watchdog for 200 seconds at Sun Dec 30 03:13:34 UTC 2018
2 ms. Memory: 549376K Free: 534693K (97%)
ptolemy.util.test.WatchDog.cancel(): canceling Sun Dec 30 03:13:34 UTC 2018
------------------ testing $PTII/ptolemy/domains/de/test/auto/TimingParadox.xml
auto.tcl: Setting watchdog for 200 seconds at Sun Dec 30 03:13:34 UTC 2018
425 ms. Memory: 549888K Free: 469361K (85%)
ptolemy.util.test.WatchDog.cancel(): canceling Sun Dec 30 03:13:35 UTC 2018
auto.tcl: Setting watchdog for 200 seconds at Sun Dec 30 03:13:35 UTC 2018
429 ms. Memory: 549888K Free: 431095K (78%)
ptolemy.util.test.WatchDog.cancel(): canceling Sun Dec 30 03:13:35 UTC 2018
------------------ testing $PTII/ptolemy/domains/de/test/auto/TransferInputs.xml
auto.tcl: Setting watchdog for 200 seconds at Sun Dec 30 03:13:35 UTC 2018
1 ms. Memory: 549888K Free: 534109K (97%)
ptolemy.util.test.WatchDog.cancel(): canceling Sun Dec 30 03:13:35 UTC 2018
auto.tcl: Setting watchdog for 200 seconds at Sun Dec 30 03:13:35 UTC 2018
1 ms. Memory: 549888K Free: 534109K (97%)
ptolemy.util.test.WatchDog.cancel(): canceling Sun Dec 30 03:13:35 UTC 2018
------------------ testing $PTII/ptolemy/domains/de/test/auto/TransferOutputs2.xml
auto.tcl: Setting watchdog for 200 seconds at Sun Dec 30 03:13:35 UTC 2018
3 ms. Memory: 549376K Free: 524537K (95%)
ptolemy.util.test.WatchDog.cancel(): canceling Sun Dec 30 03:13:35 UTC 2018
auto.tcl: Setting watchdog for 200 seconds at Sun Dec 30 03:13:35 UTC 2018
2 ms. Memory: 549376K Free: 524537K (95%)
ptolemy.util.test.WatchDog.cancel(): canceling Sun Dec 30 03:13:35 UTC 2018
------------------ testing $PTII/ptolemy/domains/de/test/auto/Trilateration.xml
auto.tcl: Setting watchdog for 200 seconds at Sun Dec 30 03:13:35 UTC 2018
13697 ms. Memory: 453632K Free: 96719K (21%)
ptolemy.util.test.WatchDog.cancel(): canceling Sun Dec 30 03:13:50 UTC 2018
auto.tcl: Setting watchdog for 200 seconds at Sun Dec 30 03:13:50 UTC 2018
10963 ms. Memory: 331264K Free: 197268K (60%)
ptolemy.util.test.WatchDog.cancel(): canceling Sun Dec 30 03:14:01 UTC 2018
------------------ testing $PTII/ptolemy/domains/de/test/auto/TwoSigmaDelta.xml
auto.tcl: Setting watchdog for 200 seconds at Sun Dec 30 03:14:01 UTC 2018
2878 ms. Memory: 320000K Free: 262309K (82%)
ptolemy.util.test.WatchDog.cancel(): canceling Sun Dec 30 03:14:04 UTC 2018
auto.tcl: Setting watchdog for 200 seconds at Sun Dec 30 03:14:04 UTC 2018
2016 ms. Memory: 307712K Free: 254376K (83%)
ptolemy.util.test.WatchDog.cancel(): canceling Sun Dec 30 03:14:06 UTC 2018
------------------ testing $PTII/ptolemy/domains/de/test/auto/VariableDelay.xml
auto.tcl: Setting watchdog for 200 seconds at Sun Dec 30 03:14:06 UTC 2018
4 ms. Memory: 309760K Free: 281549K (91%)
ptolemy.util.test.WatchDog.cancel(): canceling Sun Dec 30 03:14:06 UTC 2018
auto.tcl: Setting watchdog for 200 seconds at Sun Dec 30 03:14:06 UTC 2018
2 ms. Memory: 309760K Free: 281549K (91%)
ptolemy.util.test.WatchDog.cancel(): canceling Sun Dec 30 03:14:06 UTC 2018
------------------ testing $PTII/ptolemy/domains/de/test/auto/VariableDelay2.xml
auto.tcl: Setting watchdog for 200 seconds at Sun Dec 30 03:14:06 UTC 2018
3 ms. Memory: 307712K Free: 282186K (92%)
ptolemy.util.test.WatchDog.cancel(): canceling Sun Dec 30 03:14:06 UTC 2018
auto.tcl: Setting watchdog for 200 seconds at Sun Dec 30 03:14:06 UTC 2018
2 ms. Memory: 307712K Free: 282186K (92%)
ptolemy.util.test.WatchDog.cancel(): canceling Sun Dec 30 03:14:06 UTC 2018
------------------ testing $PTII/ptolemy/domains/de/test/auto/VariableDelayZeroDelay.xml
auto.tcl: Setting watchdog for 200 seconds at Sun Dec 30 03:14:07 UTC 2018
2 ms. Memory: 309248K Free: 284742K (92%)
ptolemy.util.test.WatchDog.cancel(): canceling Sun Dec 30 03:14:07 UTC 2018
auto.tcl: Setting watchdog for 200 seconds at Sun Dec 30 03:14:07 UTC 2018
2 ms. Memory: 309248K Free: 281441K (91%)
ptolemy.util.test.WatchDog.cancel(): canceling Sun Dec 30 03:14:07 UTC 2018
------------------ testing $PTII/ptolemy/domains/de/test/auto/VariableDelayZeroDelay2.xml
auto.tcl: Setting watchdog for 200 seconds at Sun Dec 30 03:14:07 UTC 2018
2 ms. Memory: 307712K Free: 279904K (91%)
ptolemy.util.test.WatchDog.cancel(): canceling Sun Dec 30 03:14:07 UTC 2018
auto.tcl: Setting watchdog for 200 seconds at Sun Dec 30 03:14:07 UTC 2018
2 ms. Memory: 307712K Free: 279904K (91%)
ptolemy.util.test.WatchDog.cancel(): canceling Sun Dec 30 03:14:07 UTC 2018
------------------ testing $PTII/ptolemy/domains/de/test/auto/deInCt.xml
auto.tcl: Setting watchdog for 200 seconds at Sun Dec 30 03:14:07 UTC 2018
0
1
1
0
0
0
0
1
1
1
0
0
0
1
1
1
0
0
0
1
1
1
0
0
0
0
1
1
1
1
0
0
0
1
1
1
1
0
0
0
0
0
10 ms. Memory: 309248K Free: 281429K (91%)
ptolemy.util.test.WatchDog.cancel(): canceling Sun Dec 30 03:14:07 UTC 2018
auto.tcl: Setting watchdog for 200 seconds at Sun Dec 30 03:14:07 UTC 2018
0
1
1
1
0
0
0
1
1
1
1
0
0
0
1
1
1
0
0
0
1
1
1
0
0
0
1
1
0
0
0
1
1
1
1
0
0
0
1
1
1
0
0
0
0
1
1
1
1
12 ms. Memory: 309248K Free: 281429K (91%)
ptolemy.util.test.WatchDog.cancel(): canceling Sun Dec 30 03:14:07 UTC 2018
------------------ testing $PTII/ptolemy/domains/de/test/auto/deInCt2.xml
auto.tcl: Setting watchdog for 200 seconds at Sun Dec 30 03:14:07 UTC 2018
0
1
1
1
0
0
1
1
1
0
0
1
1
1
0
0
1
1
1
0
0
1
1
1
0
0
1
1
1
0
0
1
1
1
0
0
1
1
1
0
0
0
6 ms. Memory: 307712K Free: 279893K (91%)
ptolemy.util.test.WatchDog.cancel(): canceling Sun Dec 30 03:14:07 UTC 2018
auto.tcl: Setting watchdog for 200 seconds at Sun Dec 30 03:14:07 UTC 2018
0
1
1
1
0
0
1
1
1
0
0
1
1
1
0
0
1
1
1
0
0
1
1
1
0
0
1
1
1
0
0
1
1
1
0
0
1
1
1
0
0
0
9 ms. Memory: 307712K Free: 279893K (91%)
ptolemy.util.test.WatchDog.cancel(): canceling Sun Dec 30 03:14:07 UTC 2018
------------------ testing $PTII/ptolemy/domains/de/test/auto/dynamicCausalityInterface1.xml
auto.tcl: Setting watchdog for 200 seconds at Sun Dec 30 03:14:07 UTC 2018
1 ms. Memory: 308736K Free: 279899K (91%)
ptolemy.util.test.WatchDog.cancel(): canceling Sun Dec 30 03:14:07 UTC 2018
auto.tcl: Setting watchdog for 200 seconds at Sun Dec 30 03:14:07 UTC 2018
1 ms. Memory: 308736K Free: 276598K (90%)
ptolemy.util.test.WatchDog.cancel(): canceling Sun Dec 30 03:14:07 UTC 2018
------------------ testing $PTII/ptolemy/domains/de/test/auto/fsm_de_test.xml
auto.tcl: Setting watchdog for 200 seconds at Sun Dec 30 03:14:07 UTC 2018
7 ms. Memory: 307712K Free: 276522K (90%)
ptolemy.util.test.WatchDog.cancel(): canceling Sun Dec 30 03:14:07 UTC 2018
auto.tcl: Setting watchdog for 200 seconds at Sun Dec 30 03:14:07 UTC 2018
4 ms. Memory: 307712K Free: 273238K (89%)
ptolemy.util.test.WatchDog.cancel(): canceling Sun Dec 30 03:14:07 UTC 2018
------------------ testing $PTII/ptolemy/domains/de/test/auto/functionDependencyReconstruction.xml
auto.tcl: Setting watchdog for 200 seconds at Sun Dec 30 03:14:07 UTC 2018
2 ms. Memory: 308736K Free: 270944K (88%)
ptolemy.util.test.WatchDog.cancel(): canceling Sun Dec 30 03:14:07 UTC 2018
auto.tcl: Setting watchdog for 200 seconds at Sun Dec 30 03:14:07 UTC 2018
3 ms. Memory: 308736K Free: 267643K (87%)
ptolemy.util.test.WatchDog.cancel(): canceling Sun Dec 30 03:14:07 UTC 2018
------------------ testing $PTII/ptolemy/domains/de/test/auto/multirate.xml
auto.tcl: Setting watchdog for 200 seconds at Sun Dec 30 03:14:07 UTC 2018
3 ms. Memory: 307712K Free: 279675K (91%)
ptolemy.util.test.WatchDog.cancel(): canceling Sun Dec 30 03:14:07 UTC 2018
auto.tcl: Setting watchdog for 200 seconds at Sun Dec 30 03:14:07 UTC 2018
3 ms. Memory: 307712K Free: 276374K (90%)
ptolemy.util.test.WatchDog.cancel(): canceling Sun Dec 30 03:14:07 UTC 2018
------------------ testing $PTII/ptolemy/domains/de/test/auto/multirate2.xml
auto.tcl: Setting watchdog for 200 seconds at Sun Dec 30 03:14:08 UTC 2018
3 ms. Memory: 308736K Free: 280871K (91%)
ptolemy.util.test.WatchDog.cancel(): canceling Sun Dec 30 03:14:08 UTC 2018
auto.tcl: Setting watchdog for 200 seconds at Sun Dec 30 03:14:08 UTC 2018
3 ms. Memory: 308736K Free: 277586K (90%)
ptolemy.util.test.WatchDog.cancel(): canceling Sun Dec 30 03:14:08 UTC 2018
------------------ testing $PTII/ptolemy/domains/de/test/auto/realtime.xml
auto.tcl: Setting watchdog for 200 seconds at Sun Dec 30 03:14:08 UTC 2018
10001 ms. Memory: 307712K Free: 279837K (91%)
ptolemy.util.test.WatchDog.cancel(): canceling Sun Dec 30 03:14:18 UTC 2018
auto.tcl: Setting watchdog for 200 seconds at Sun Dec 30 03:14:18 UTC 2018
10002 ms. Memory: 307712K Free: 279837K (91%)
ptolemy.util.test.WatchDog.cancel(): canceling Sun Dec 30 03:14:28 UTC 2018
------------------ testing $PTII/ptolemy/domains/de/test/auto/relationGroup.xml
auto.tcl: Setting watchdog for 200 seconds at Sun Dec 30 03:14:28 UTC 2018
2 ms. Memory: 308224K Free: 283684K (92%)
ptolemy.util.test.WatchDog.cancel(): canceling Sun Dec 30 03:14:28 UTC 2018
auto.tcl: Setting watchdog for 200 seconds at Sun Dec 30 03:14:28 UTC 2018
1 ms. Memory: 308224K Free: 283684K (92%)
ptolemy.util.test.WatchDog.cancel(): canceling Sun Dec 30 03:14:28 UTC 2018
------------------ testing $PTII/ptolemy/domains/de/test/auto/relationGroup2.xml
auto.tcl: Setting watchdog for 200 seconds at Sun Dec 30 03:14:28 UTC 2018
1 ms. Memory: 307712K Free: 283198K (92%)
ptolemy.util.test.WatchDog.cancel(): canceling Sun Dec 30 03:14:28 UTC 2018
auto.tcl: Setting watchdog for 200 seconds at Sun Dec 30 03:14:28 UTC 2018
1 ms. Memory: 307712K Free: 283198K (92%)
ptolemy.util.test.WatchDog.cancel(): canceling Sun Dec 30 03:14:28 UTC 2018
------------------ testing $PTII/ptolemy/domains/de/test/auto/sortWithOpaquePorts.xml
auto.tcl: Setting watchdog for 200 seconds at Sun Dec 30 03:14:28 UTC 2018
2 ms. Memory: 308224K Free: 280410K (91%)
ptolemy.util.test.WatchDog.cancel(): canceling Sun Dec 30 03:14:28 UTC 2018
auto.tcl: Setting watchdog for 200 seconds at Sun Dec 30 03:14:28 UTC 2018
1 ms. Memory: 308224K Free: 280410K (91%)
ptolemy.util.test.WatchDog.cancel(): canceling Sun Dec 30 03:14:28 UTC 2018
------------------ testing $PTII/ptolemy/domains/de/test/auto/transferInputsandOutputs.xml
auto.tcl: Setting watchdog for 200 seconds at Sun Dec 30 03:14:28 UTC 2018
2 ms. Memory: 307712K Free: 279901K (91%)
ptolemy.util.test.WatchDog.cancel(): canceling Sun Dec 30 03:14:28 UTC 2018
auto.tcl: Setting watchdog for 200 seconds at Sun Dec 30 03:14:28 UTC 2018
2 ms. Memory: 307712K Free: 276600K (90%)
ptolemy.util.test.WatchDog.cancel(): canceling Sun Dec 30 03:14:28 UTC 2018
------------------ testing $PTII/ptolemy/domains/de/test/auto/triggerType.xml
auto.tcl: Setting watchdog for 200 seconds at Sun Dec 30 03:14:28 UTC 2018
1 ms. Memory: 308224K Free: 280348K (91%)
ptolemy.util.test.WatchDog.cancel(): canceling Sun Dec 30 03:14:28 UTC 2018
auto.tcl: Setting watchdog for 200 seconds at Sun Dec 30 03:14:28 UTC 2018
1 ms. Memory: 308224K Free: 280348K (91%)
ptolemy.util.test.WatchDog.cancel(): canceling Sun Dec 30 03:14:28 UTC 2018
12/30/18 03:14:28
Failed: 0  Total Tests: 192  ((Passed: 187, Newly Passed: 1)  Known Failed: 5) /home/travis/build/icyphy/ptII/ptolemy/domains/de/test
12/30/18 03:14:28
Failed: 0  Total Tests: 192  ((Passed: 187, Newly Passed: 1)  Known Failed: 5) /home/travis/build/icyphy/ptII/ptolemy/domains/de/test
----------------- testing (KnownFailure) /home/travis/build/icyphy/ptII/ptolemy/domains/de/test/auto/knownFailedTests/DESDFClockTest.xml
2010 ms. Memory: 307712K Free: 274114K (89%)
Known Failure: java.lang.reflect.InvocationTargetException
----------------- testing (KnownFailure) /home/travis/build/icyphy/ptII/ptolemy/domains/de/test/auto/knownFailedTests/DirectFeedback.xml
1 ms. Memory: 307712K Free: 256009K (83%)
Known Failure: java.lang.reflect.InvocationTargetException
----------------- testing (KnownFailure) /home/travis/build/icyphy/ptII/ptolemy/domains/de/test/auto/knownFailedTests/FSMSource.xml
6 ms. Memory: 307712K Free: 233363K (76%)
----------------- testing (KnownFailure) /home/travis/build/icyphy/ptII/ptolemy/domains/de/test/auto/knownFailedTests/HierarchicalModel.xml
4 ms. Memory: 307712K Free: 210700K (68%)
Known Failure: java.lang.reflect.InvocationTargetException
----------------- testing (KnownFailure) /home/travis/build/icyphy/ptII/ptolemy/domains/de/test/auto/knownFailedTests/dependencyLoop.xml
2 ms. Memory: 307712K Free: 179001K (58%)
Known Failure: java.lang.reflect.InvocationTargetException
----------------- testing (KnownFailure) /home/travis/build/icyphy/ptII/ptolemy/domains/de/test/auto/knownFailedTests/dependencyLoop2.xml
3 ms. Memory: 307712K Free: 147286K (48%)
Known Failure: java.lang.reflect.InvocationTargetException
No auto/linux-amd64/*.xml tests in /home/travis/build/icyphy/ptII/ptolemy/domains/de/test
AutoTests.java: About to close Vertx.
AutoTests.java: Vertx closed.

===========================================================================================
----------------- testing Sun Dec 30 03:14:30 UTC 2018 /home/travis/build/icyphy/ptII/ptolemy/domains/de/test/auto/ActorDepthCalculation_actorWithoutPorts.xml
----------------- Instantiating /home/travis/build/icyphy/ptII/ptolemy/domains/de/test/auto/ActorDepthCalculation_actorWithoutPorts.xml
2 ms. Memory: 307712K Free: 120113K (39%)
----------------- Invoking toplevel() on ptolemy.moml.MoMLSimpleApplication@4df848f9
----------------- Done invoking toplevel() on ptolemy.moml.MoMLSimpleApplication@4df848f9
reloadAllAccessors: .ActorDepthCalculation_actorWithoutPorts

===========================================================================================
----------------- testing Sun Dec 30 03:14:30 UTC 2018 /home/travis/build/icyphy/ptII/ptolemy/domains/de/test/auto/AssemblyLine.xml
----------------- Instantiating /home/travis/build/icyphy/ptII/ptolemy/domains/de/test/auto/AssemblyLine.xml
4 ms. Memory: 307712K Free: 106519K (35%)
----------------- Invoking toplevel() on ptolemy.moml.MoMLSimpleApplication@486c0bd3
----------------- Done invoking toplevel() on ptolemy.moml.MoMLSimpleApplication@486c0bd3
reloadAllAccessors: .AssemblyLine

===========================================================================================
----------------- testing Sun Dec 30 03:14:31 UTC 2018 /home/travis/build/icyphy/ptII/ptolemy/domains/de/test/auto/CQBug1.xml
----------------- Instantiating /home/travis/build/icyphy/ptII/ptolemy/domains/de/test/auto/CQBug1.xml
1 ms. Memory: 307712K Free: 97467K (32%)
----------------- Invoking toplevel() on ptolemy.moml.MoMLSimpleApplication@5728d969
----------------- Done invoking toplevel() on ptolemy.moml.MoMLSimpleApplication@5728d969
reloadAllAccessors: .CQBug1

===========================================================================================
----------------- testing Sun Dec 30 03:14:31 UTC 2018 /home/travis/build/icyphy/ptII/ptolemy/domains/de/test/auto/CancelFireAt.xml
----------------- Instantiating /home/travis/build/icyphy/ptII/ptolemy/domains/de/test/auto/CancelFireAt.xml
2 ms. Memory: 307712K Free: 88415K (29%)
----------------- Invoking toplevel() on ptolemy.moml.MoMLSimpleApplication@2507cab8
----------------- Done invoking toplevel() on ptolemy.moml.MoMLSimpleApplication@2507cab8
reloadAllAccessors: .CancelFireAt

===========================================================================================
----------------- testing Sun Dec 30 03:14:31 UTC 2018 /home/travis/build/icyphy/ptII/ptolemy/domains/de/test/auto/CausalityAndComposabilityAnalysis.xml
----------------- Instantiating /home/travis/build/icyphy/ptII/ptolemy/domains/de/test/auto/CausalityAndComposabilityAnalysis.xml
3 ms. Memory: 307712K Free: 79362K (26%)
----------------- Invoking toplevel() on ptolemy.moml.MoMLSimpleApplication@202de1e3
----------------- Done invoking toplevel() on ptolemy.moml.MoMLSimpleApplication@202de1e3
reloadAllAccessors: .CausalityAndComposabilityAnalysis

===========================================================================================
----------------- testing Sun Dec 30 03:14:31 UTC 2018 /home/travis/build/icyphy/ptII/ptolemy/domains/de/test/auto/CausalityInterface1.xml
----------------- Instantiating /home/travis/build/icyphy/ptII/ptolemy/domains/de/test/auto/CausalityInterface1.xml
5 ms. Memory: 307712K Free: 67026K (22%)
----------------- Invoking toplevel() on ptolemy.moml.MoMLSimpleApplication@c06648e
----------------- Done invoking toplevel() on ptolemy.moml.MoMLSimpleApplication@c06648e
reloadAllAccessors: .CausalityInterface1

===========================================================================================
----------------- testing Sun Dec 30 03:14:31 UTC 2018 /home/travis/build/icyphy/ptII/ptolemy/domains/de/test/auto/CausalityInterface15.xml
----------------- Instantiating /home/travis/build/icyphy/ptII/ptolemy/domains/de/test/auto/CausalityInterface15.xml
2 ms. Memory: 298496K Free: 274762K (92%)
----------------- Invoking toplevel() on ptolemy.moml.MoMLSimpleApplication@245afc6
----------------- Done invoking toplevel() on ptolemy.moml.MoMLSimpleApplication@245afc6
reloadAllAccessors: .CausalityInterface15

[...]
java.lang.RuntimeException: Execution failed
	at ptolemy.moml.MoMLSimpleApplication$UnloadThread.run(MoMLSimpleApplication.java:402)
Caused by: ptolemy.kernel.util.IllegalActionException: Test fails in iteration 1.
Value was: 1.0. Should have been: 2.0
  in .DirectFeedback.Test
	at ptolemy.actor.lib.Test.fire(Test.java:268)
	at ptolemy.domains.de.kernel.DEDirector._fire(DEDirector.java:1949)
	at ptolemy.domains.de.kernel.DEDirector.fire(DEDirector.java:502)
	at ptolemy.actor.CompositeActor.fire(CompositeActor.java:455)
	at ptolemy.actor.Manager.iterate(Manager.java:851)
	at ptolemy.actor.Manager.execute(Manager.java:369)
	at ptolemy.actor.Manager.run(Manager.java:1263)
	at ptolemy.actor.Manager$PtolemyRunThread.run(Manager.java:1915)
java.lang.RuntimeException: Execution failed
	at ptolemy.moml.MoMLSimpleApplication$UnloadThread.run(MoMLSimpleApplication.java:402)
Caused by: ptolemy.kernel.util.IllegalActionException: Actor is not ready to fire.  Perhaps UpSample.prefire() returned false? Try debugging the actor by selecting "Listen to Actor".  Also, for SDF check moml for tokenConsumptionRate on input.
  in .DESDFClockTest.Play Bell.Copy1:SDF Director and .DESDFClockTest.Play Bell.UpSample
	at ptolemy.actor.sched.StaticSchedulingDirector.fire(StaticSchedulingDirector.java:227)
	at ptolemy.domains.sdf.kernel.SDFDirector.fire(SDFDirector.java:500)
	at ptolemy.actor.CompositeActor.fire(CompositeActor.java:455)
	at ptolemy.domains.de.kernel.DEDirector._fire(DEDirector.java:1949)
	at ptolemy.domains.de.kernel.DEDirector.fire(DEDirector.java:502)
	at ptolemy.actor.CompositeActor.fire(CompositeActor.java:455)
	at ptolemy.actor.Manager.iterate(Manager.java:851)
	at ptolemy.actor.Manager.execute(Manager.java:369)
	at ptolemy.actor.Manager.run(Manager.java:1263)
	at ptolemy.actor.Manager$PtolemyRunThread.run(Manager.java:1915)
java.lang.reflect.InvocationTargetException
	at sun.reflect.NativeConstructorAccessorImpl.newInstance0(Native Method)
	at sun.reflect.NativeConstructorAccessorImpl.newInstance(NativeConstructorAccessorImpl.java:62)
	at sun.reflect.DelegatingConstructorAccessorImpl.newInstance(DelegatingConstructorAccessorImpl.java:45)
	at java.lang.reflect.Constructor.newInstance(Constructor.java:423)
	at ptolemy.util.test.junit.AutoKnownFailedTests.RunModel(AutoKnownFailedTests.java:105)
	at sun.reflect.NativeMethodAccessorImpl.invoke0(Native Method)
	at sun.reflect.NativeMethodAccessorImpl.invoke(NativeMethodAccessorImpl.java:62)
	at sun.reflect.DelegatingMethodAccessorImpl.invoke(DelegatingMethodAccessorImpl.java:43)
	at java.lang.reflect.Method.invoke(Method.java:498)
	at org.junit.runners.model.FrameworkMethod$1.runReflectiveCall(FrameworkMethod.java:44)
	at org.junit.internal.runners.model.ReflectiveCallable.run(ReflectiveCallable.java:15)
	at org.junit.runners.model.FrameworkMethod.invokeExplosively(FrameworkMethod.java:41)
	at junitparams.internal.InvokeParameterisedMethod.evaluate(InvokeParameterisedMethod.java:102)
	at org.junit.internal.runners.statements.FailOnTimeout$1.run(FailOnTimeout.java:28)
Caused by: ptolemy.kernel.util.IllegalActionException: Actor is not ready to fire.  Perhaps UpSample.prefire() returned false? Try debugging the actor by selecting "Listen to Actor".  Also, for SDF check moml for tokenConsumptionRate on input.
  in .DESDFClockTest.Play Bell.Copy1:SDF Director and .DESDFClockTest.Play Bell.UpSample
	at ptolemy.actor.sched.StaticSchedulingDirector.fire(StaticSchedulingDirector.java:227)
	at ptolemy.domains.sdf.kernel.SDFDirector.fire(SDFDirector.java:500)
	at ptolemy.actor.CompositeActor.fire(CompositeActor.java:455)
	at ptolemy.domains.de.kernel.DEDirector._fire(DEDirector.java:1949)
	at ptolemy.domains.de.kernel.DEDirector.fire(DEDirector.java:502)
	at ptolemy.actor.CompositeActor.fire(CompositeActor.java:455)
	at ptolemy.actor.Manager.iterate(Manager.java:851)
	at ptolemy.actor.Manager.execute(Manager.java:369)
	at ptolemy.actor.Manager.run(Manager.java:1263)
	at ptolemy.actor.Manager$PtolemyRunThread.run(Manager.java:1915)
java.lang.RuntimeException: Execution failed
	at ptolemy.moml.MoMLSimpleApplication$UnloadThread.run(MoMLSimpleApplication.java:402)
Caused by: ptolemy.kernel.util.IllegalActionException: Test fails in iteration 1.
Value was: 1.0. Should have been: 2.0
  in .DirectFeedback.Test
	at ptolemy.actor.lib.Test.fire(Test.java:268)
	at ptolemy.domains.de.kernel.DEDirector._fire(DEDirector.java:1949)
	at ptolemy.domains.de.kernel.DEDirector.fire(DEDirector.java:502)
	at ptolemy.actor.CompositeActor.fire(CompositeActor.java:455)
	at ptolemy.actor.Manager.iterate(Manager.java:851)
	at ptolemy.actor.Manager.execute(Manager.java:369)
	at ptolemy.actor.Manager.run(Manager.java:1263)
	at ptolemy.actor.Manager$PtolemyRunThread.run(Manager.java:1915)
java.lang.reflect.InvocationTargetException
	at sun.reflect.NativeConstructorAccessorImpl.newInstance0(Native Method)
	at sun.reflect.NativeConstructorAccessorImpl.newInstance(NativeConstructorAccessorImpl.java:62)
	at sun.reflect.DelegatingConstructorAccessorImpl.newInstance(DelegatingConstructorAccessorImpl.java:45)
	at java.lang.reflect.Constructor.newInstance(Constructor.java:423)
	at ptolemy.util.test.junit.AutoKnownFailedTests.RunModel(AutoKnownFailedTests.java:105)
	at sun.reflect.NativeMethodAccessorImpl.invoke0(Native Method)
	at sun.reflect.NativeMethodAccessorImpl.invoke(NativeMethodAccessorImpl.java:62)
	at sun.reflect.DelegatingMethodAccessorImpl.invoke(DelegatingMethodAccessorImpl.java:43)
	at java.lang.reflect.Method.invoke(Method.java:498)
	at org.junit.runners.model.FrameworkMethod$1.runReflectiveCall(FrameworkMethod.java:44)
	at org.junit.internal.runners.model.ReflectiveCallable.run(ReflectiveCallable.java:15)
	at org.junit.runners.model.FrameworkMethod.invokeExplosively(FrameworkMethod.java:41)
	at junitparams.internal.InvokeParameterisedMethod.evaluate(InvokeParameterisedMethod.java:102)
	at org.junit.internal.runners.statements.FailOnTimeout$1.run(FailOnTimeout.java:28)
Caused by: ptolemy.kernel.util.IllegalActionException: Test fails in iteration 1.
Value was: 1.0. Should have been: 2.0
  in .DirectFeedback.Test
	at ptolemy.actor.lib.Test.fire(Test.java:268)
	at ptolemy.domains.de.kernel.DEDirector._fire(DEDirector.java:1949)
	at ptolemy.domains.de.kernel.DEDirector.fire(DEDirector.java:502)
	at ptolemy.actor.CompositeActor.fire(CompositeActor.java:455)
	at ptolemy.actor.Manager.iterate(Manager.java:851)
	at ptolemy.actor.Manager.execute(Manager.java:369)
	at ptolemy.actor.Manager.run(Manager.java:1263)
	at ptolemy.actor.Manager$PtolemyRunThread.run(Manager.java:1915)
java.lang.RuntimeException: Execution failed
	at ptolemy.moml.MoMLSimpleApplication$UnloadThread.run(MoMLSimpleApplication.java:402)
Caused by: ptolemy.kernel.util.IllegalActionException: Found a zero delay loop containing .HierarchicalModel.A
  in .HierarchicalModel and .HierarchicalModel.A
	at ptolemy.actor.util.CausalityInterfaceForComposites._computeOutputPortDepth(CausalityInterfaceForComposites.java:759)
	at ptolemy.actor.util.CausalityInterfaceForComposites._computeInputDepth(CausalityInterfaceForComposites.java:696)
	at ptolemy.actor.util.CausalityInterfaceForComposites._computeOutputPortDepth(CausalityInterfaceForComposites.java:765)
	at ptolemy.actor.util.CausalityInterfaceForComposites._computeInputDepth(CausalityInterfaceForComposites.java:696)
	at ptolemy.actor.util.CausalityInterfaceForComposites._computeOutputPortDepth(CausalityInterfaceForComposites.java:765)
	at ptolemy.actor.util.CausalityInterfaceForComposites._computeInputDepth(CausalityInterfaceForComposites.java:696)
	at ptolemy.actor.util.CausalityInterfaceForComposites._computeActorDepth(CausalityInterfaceForComposites.java:532)
	at ptolemy.actor.util.CausalityInterfaceForComposites.checkForCycles(CausalityInterfaceForComposites.java:96)
	at ptolemy.domains.de.kernel.DEDirector.preinitialize(DEDirector.java:1338)
	at ptolemy.actor.CompositeActor.preinitialize(CompositeActor.java:1828)
	at ptolemy.actor.Manager.preinitializeAndResolveTypes(Manager.java:1040)
	at ptolemy.actor.Manager.initialize(Manager.java:710)
	at ptolemy.actor.Manager.execute(Manager.java:356)
	at ptolemy.actor.Manager.run(Manager.java:1263)
	at ptolemy.actor.Manager$PtolemyRunThread.run(Manager.java:1915)
java.lang.reflect.InvocationTargetException
	at sun.reflect.NativeConstructorAccessorImpl.newInstance0(Native Method)
	at sun.reflect.NativeConstructorAccessorImpl.newInstance(NativeConstructorAccessorImpl.java:62)
	at sun.reflect.DelegatingConstructorAccessorImpl.newInstance(DelegatingConstructorAccessorImpl.java:45)
	at java.lang.reflect.Constructor.newInstance(Constructor.java:423)
	at ptolemy.util.test.junit.AutoKnownFailedTests.RunModel(AutoKnownFailedTests.java:105)
	at sun.reflect.NativeMethodAccessorImpl.invoke0(Native Method)
	at sun.reflect.NativeMethodAccessorImpl.invoke(NativeMethodAccessorImpl.java:62)
	at sun.reflect.DelegatingMethodAccessorImpl.invoke(DelegatingMethodAccessorImpl.java:43)
	at java.lang.reflect.Method.invoke(Method.java:498)
	at org.junit.runners.model.FrameworkMethod$1.runReflectiveCall(FrameworkMethod.java:44)
	at org.junit.internal.runners.model.ReflectiveCallable.run(ReflectiveCallable.java:15)
	at org.junit.runners.model.FrameworkMethod.invokeExplosively(FrameworkMethod.java:41)
	at junitparams.internal.InvokeParameterisedMethod.evaluate(InvokeParameterisedMethod.java:102)
	at org.junit.internal.runners.statements.FailOnTimeout$1.run(FailOnTimeout.java:28)
Caused by: ptolemy.kernel.util.IllegalActionException: Found a zero delay loop containing .HierarchicalModel.A
  in .HierarchicalModel and .HierarchicalModel.A
	at ptolemy.actor.util.CausalityInterfaceForComposites._computeOutputPortDepth(CausalityInterfaceForComposites.java:759)
	at ptolemy.actor.util.CausalityInterfaceForComposites._computeInputDepth(CausalityInterfaceForComposites.java:696)
	at ptolemy.actor.util.CausalityInterfaceForComposites._computeOutputPortDepth(CausalityInterfaceForComposites.java:765)
	at ptolemy.actor.util.CausalityInterfaceForComposites._computeInputDepth(CausalityInterfaceForComposites.java:696)
	at ptolemy.actor.util.CausalityInterfaceForComposites._computeOutputPortDepth(CausalityInterfaceForComposites.java:765)
	at ptolemy.actor.util.CausalityInterfaceForComposites._computeInputDepth(CausalityInterfaceForComposites.java:696)
	at ptolemy.actor.util.CausalityInterfaceForComposites._computeActorDepth(CausalityInterfaceForComposites.java:532)
	at ptolemy.actor.util.CausalityInterfaceForComposites.checkForCycles(CausalityInterfaceForComposites.java:96)
	at ptolemy.domains.de.kernel.DEDirector.preinitialize(DEDirector.java:1338)
	at ptolemy.actor.CompositeActor.preinitialize(CompositeActor.java:1828)
	at ptolemy.actor.Manager.preinitializeAndResolveTypes(Manager.java:1040)
	at ptolemy.actor.Manager.initialize(Manager.java:710)
	at ptolemy.actor.Manager.execute(Manager.java:356)
	at ptolemy.actor.Manager.run(Manager.java:1263)
	at ptolemy.actor.Manager$PtolemyRunThread.run(Manager.java:1915)
java.lang.RuntimeException: Execution failed
	at ptolemy.moml.MoMLSimpleApplication$UnloadThread.run(MoMLSimpleApplication.java:402)
Caused by: ptolemy.kernel.util.IllegalActionException: Found a zero delay loop containing .dependencyLoop.original
  in .dependencyLoop and .dependencyLoop.original
	at ptolemy.actor.util.CausalityInterfaceForComposites._computeOutputPortDepth(CausalityInterfaceForComposites.java:759)
	at ptolemy.actor.util.CausalityInterfaceForComposites._computeInputDepth(CausalityInterfaceForComposites.java:696)
	at ptolemy.actor.util.CausalityInterfaceForComposites._computeOutputPortDepth(CausalityInterfaceForComposites.java:765)
	at ptolemy.actor.util.CausalityInterfaceForComposites._computeInputDepth(CausalityInterfaceForComposites.java:696)
	at ptolemy.actor.util.CausalityInterfaceForComposites._computeOutputPortDepth(CausalityInterfaceForComposites.java:765)
	at ptolemy.actor.util.CausalityInterfaceForComposites._computeInputDepth(CausalityInterfaceForComposites.java:696)
	at ptolemy.actor.util.CausalityInterfaceForComposites._computeActorDepth(CausalityInterfaceForComposites.java:532)
	at ptolemy.actor.util.CausalityInterfaceForComposites.checkForCycles(CausalityInterfaceForComposites.java:96)
	at ptolemy.domains.de.kernel.DEDirector.preinitialize(DEDirector.java:1338)
	at ptolemy.actor.CompositeActor.preinitialize(CompositeActor.java:1828)
	at ptolemy.actor.Manager.preinitializeAndResolveTypes(Manager.java:1040)
	at ptolemy.actor.Manager.initialize(Manager.java:710)
	at ptolemy.actor.Manager.execute(Manager.java:356)
	at ptolemy.actor.Manager.run(Manager.java:1263)
	at ptolemy.actor.Manager$PtolemyRunThread.run(Manager.java:1915)
java.lang.reflect.InvocationTargetException
	at sun.reflect.NativeConstructorAccessorImpl.newInstance0(Native Method)
	at sun.reflect.NativeConstructorAccessorImpl.newInstance(NativeConstructorAccessorImpl.java:62)
	at sun.reflect.DelegatingConstructorAccessorImpl.newInstance(DelegatingConstructorAccessorImpl.java:45)
	at java.lang.reflect.Constructor.newInstance(Constructor.java:423)
	at ptolemy.util.test.junit.AutoKnownFailedTests.RunModel(AutoKnownFailedTests.java:105)
	at sun.reflect.NativeMethodAccessorImpl.invoke0(Native Method)
	at sun.reflect.NativeMethodAccessorImpl.invoke(NativeMethodAccessorImpl.java:62)
	at sun.reflect.DelegatingMethodAccessorImpl.invoke(DelegatingMethodAccessorImpl.java:43)
	at java.lang.reflect.Method.invoke(Method.java:498)
	at org.junit.runners.model.FrameworkMethod$1.runReflectiveCall(FrameworkMethod.java:44)
	at org.junit.internal.runners.model.ReflectiveCallable.run(ReflectiveCallable.java:15)
	at org.junit.runners.model.FrameworkMethod.invokeExplosively(FrameworkMethod.java:41)
	at junitparams.internal.InvokeParameterisedMethod.evaluate(InvokeParameterisedMethod.java:102)
	at org.junit.internal.runners.statements.FailOnTimeout$1.run(FailOnTimeout.java:28)
Caused by: ptolemy.kernel.util.IllegalActionException: Found a zero delay loop containing .dependencyLoop.original
  in .dependencyLoop and .dependencyLoop.original
	at ptolemy.actor.util.CausalityInterfaceForComposites._computeOutputPortDepth(CausalityInterfaceForComposites.java:759)
	at ptolemy.actor.util.CausalityInterfaceForComposites._computeInputDepth(CausalityInterfaceForComposites.java:696)
	at ptolemy.actor.util.CausalityInterfaceForComposites._computeOutputPortDepth(CausalityInterfaceForComposites.java:765)
	at ptolemy.actor.util.CausalityInterfaceForComposites._computeInputDepth(CausalityInterfaceForComposites.java:696)
	at ptolemy.actor.util.CausalityInterfaceForComposites._computeOutputPortDepth(CausalityInterfaceForComposites.java:765)
	at ptolemy.actor.util.CausalityInterfaceForComposites._computeInputDepth(CausalityInterfaceForComposites.java:696)
	at ptolemy.actor.util.CausalityInterfaceForComposites._computeActorDepth(CausalityInterfaceForComposites.java:532)
	at ptolemy.actor.util.CausalityInterfaceForComposites.checkForCycles(CausalityInterfaceForComposites.java:96)
	at ptolemy.domains.de.kernel.DEDirector.preinitialize(DEDirector.java:1338)
	at ptolemy.actor.CompositeActor.preinitialize(CompositeActor.java:1828)
	at ptolemy.actor.Manager.preinitializeAndResolveTypes(Manager.java:1040)
	at ptolemy.actor.Manager.initialize(Manager.java:710)
	at ptolemy.actor.Manager.execute(Manager.java:356)
	at ptolemy.actor.Manager.run(Manager.java:1263)
	at ptolemy.actor.Manager$PtolemyRunThread.run(Manager.java:1915)
java.lang.RuntimeException: Execution failed
	at ptolemy.moml.MoMLSimpleApplication$UnloadThread.run(MoMLSimpleApplication.java:402)
Caused by: ptolemy.kernel.util.IllegalActionException: Found a zero delay loop containing .dependencyLoop2.original
  in .dependencyLoop2 and .dependencyLoop2.original
	at ptolemy.actor.util.CausalityInterfaceForComposites._computeOutputPortDepth(CausalityInterfaceForComposites.java:759)
	at ptolemy.actor.util.CausalityInterfaceForComposites._computeInputDepth(CausalityInterfaceForComposites.java:696)
	at ptolemy.actor.util.CausalityInterfaceForComposites._computeOutputPortDepth(CausalityInterfaceForComposites.java:765)
	at ptolemy.actor.util.CausalityInterfaceForComposites._computeInputDepth(CausalityInterfaceForComposites.java:696)
	at ptolemy.actor.util.CausalityInterfaceForComposites._computeOutputPortDepth(CausalityInterfaceForComposites.java:765)
	at ptolemy.actor.util.CausalityInterfaceForComposites._computeInputDepth(CausalityInterfaceForComposites.java:696)
	at ptolemy.actor.util.CausalityInterfaceForComposites._computeActorDepth(CausalityInterfaceForComposites.java:532)
	at ptolemy.actor.util.CausalityInterfaceForComposites.checkForCycles(CausalityInterfaceForComposites.java:96)
	at ptolemy.domains.de.kernel.DEDirector.preinitialize(DEDirector.java:1338)
	at ptolemy.actor.CompositeActor.preinitialize(CompositeActor.java:1828)
	at ptolemy.actor.Manager.preinitializeAndResolveTypes(Manager.java:1040)
	at ptolemy.actor.Manager.initialize(Manager.java:710)
	at ptolemy.actor.Manager.execute(Manager.java:356)
	at ptolemy.actor.Manager.run(Manager.java:1263)
	at ptolemy.actor.Manager$PtolemyRunThread.run(Manager.java:1915)
java.lang.reflect.InvocationTargetException
	at sun.reflect.NativeConstructorAccessorImpl.newInstance0(Native Method)
	at sun.reflect.NativeConstructorAccessorImpl.newInstance(NativeConstructorAccessorImpl.java:62)
	at sun.reflect.DelegatingConstructorAccessorImpl.newInstance(DelegatingConstructorAccessorImpl.java:45)
	at java.lang.reflect.Constructor.newInstance(Constructor.java:423)
	at ptolemy.util.test.junit.AutoKnownFailedTests.RunModel(AutoKnownFailedTests.java:105)
	at sun.reflect.NativeMethodAccessorImpl.invoke0(Native Method)
	at sun.reflect.NativeMethodAccessorImpl.invoke(NativeMethodAccessorImpl.java:62)
	at sun.reflect.DelegatingMethodAccessorImpl.invoke(DelegatingMethodAccessorImpl.java:43)
	at java.lang.reflect.Method.invoke(Method.java:498)
	at org.junit.runners.model.FrameworkMethod$1.runReflectiveCall(FrameworkMethod.java:44)
	at org.junit.internal.runners.model.ReflectiveCallable.run(ReflectiveCallable.java:15)
	at org.junit.runners.model.FrameworkMethod.invokeExplosively(FrameworkMethod.java:41)
	at junitparams.internal.InvokeParameterisedMethod.evaluate(InvokeParameterisedMethod.java:102)
	at org.junit.internal.runners.statements.FailOnTimeout$1.run(FailOnTimeout.java:28)
Caused by: ptolemy.kernel.util.IllegalActionException: Found a zero delay loop containing .dependencyLoop2.original
  in .dependencyLoop2 and .dependencyLoop2.original
	at ptolemy.actor.util.CausalityInterfaceForComposites._computeOutputPortDepth(CausalityInterfaceForComposites.java:759)
	at ptolemy.actor.util.CausalityInterfaceForComposites._computeInputDepth(CausalityInterfaceForComposites.java:696)
	at ptolemy.actor.util.CausalityInterfaceForComposites._computeOutputPortDepth(CausalityInterfaceForComposites.java:765)
	at ptolemy.actor.util.CausalityInterfaceForComposites._computeInputDepth(CausalityInterfaceForComposites.java:696)
	at ptolemy.actor.util.CausalityInterfaceForComposites._computeOutputPortDepth(CausalityInterfaceForComposites.java:765)
	at ptolemy.actor.util.CausalityInterfaceForComposites._computeInputDepth(CausalityInterfaceForComposites.java:696)
	at ptolemy.actor.util.CausalityInterfaceForComposites._computeActorDepth(CausalityInterfaceForComposites.java:532)
	at ptolemy.actor.util.CausalityInterfaceForComposites.checkForCycles(CausalityInterfaceForComposites.java:96)
	at ptolemy.domains.de.kernel.DEDirector.preinitialize(DEDirector.java:1338)
	at ptolemy.actor.CompositeActor.preinitialize(CompositeActor.java:1828)
	at ptolemy.actor.Manager.preinitializeAndResolveTypes(Manager.java:1040)
	at ptolemy.actor.Manager.initialize(Manager.java:710)
	at ptolemy.actor.Manager.execute(Manager.java:356)
	at ptolemy.actor.Manager.run(Manager.java:1263)
	at ptolemy.actor.Manager$PtolemyRunThread.run(Manager.java:1915)
]]></system-err>
</testsuite>
