<?xml version="1.0" encoding="UTF-8" ?>
<testsuite errors="0" failures="0" hostname="travis-job-29bf93a4-e9c5-4439-bdfb-186d2d001a9b" name="ptolemy.domains.sdf.test.junit.JUnitTclTest" skipped="0" tests="66" time="21.101" timestamp="2019-07-10T07:15:52">
  <properties>
[...]
</properties>
  <testcase classname="ptolemy.util.test.junit.TclTests" name="[0] /home/travis/build/icyphy/ptII/ptolemy/domains/sdf/test/SDFSchedulerErrors.tcl (RunTclFile)" time="0.887" />
  <testcase classname="ptolemy.util.test.junit.TclTests" name="[1] /home/travis/build/icyphy/ptII/ptolemy/domains/sdf/test/composition.tcl (RunTclFile)" time="0.183" />
  <testcase classname="ptolemy.util.test.junit.TclTests" name="[2] /home/travis/build/icyphy/ptII/ptolemy/domains/sdf/test/cycle.tcl (RunTclFile)" time="0.07" />
  <testcase classname="ptolemy.util.test.junit.AutoKnownFailedTests" name="[0] ThereAreNoKnowFailedTests (RunModel)" time="0.002" />
  <testcase classname="ptolemy.util.test.junit.AutoNameArchTests" name="[0] ThereAreNoAutoArchTests (RunModel)" time="0.002" />
  <testcase classname="ptolemy.util.test.junit.AutoTests" name="[0] /home/travis/build/icyphy/ptII/ptolemy/domains/sdf/test/auto/Array.xml (RunModel)" time="0.276" />
  <testcase classname="ptolemy.util.test.junit.AutoTests" name="[1] /home/travis/build/icyphy/ptII/ptolemy/domains/sdf/test/auto/Butterfly.xml (RunModel)" time="0.117" />
  <testcase classname="ptolemy.util.test.junit.AutoTests" name="[2] /home/travis/build/icyphy/ptII/ptolemy/domains/sdf/test/auto/Expression.xml (RunModel)" time="0.14" />
  <testcase classname="ptolemy.util.test.junit.AutoTests" name="[3] /home/travis/build/icyphy/ptII/ptolemy/domains/sdf/test/auto/Eye.xml (RunModel)" time="0.299" />
  <testcase classname="ptolemy.util.test.junit.AutoTests" name="[4] /home/travis/build/icyphy/ptII/ptolemy/domains/sdf/test/auto/FixFIR.xml (RunModel)" time="0.367" />
  <testcase classname="ptolemy.util.test.junit.AutoTests" name="[5] /home/travis/build/icyphy/ptII/ptolemy/domains/sdf/test/auto/FixPoint.xml (RunModel)" time="0.033" />
  <testcase classname="ptolemy.util.test.junit.AutoTests" name="[6] /home/travis/build/icyphy/ptII/ptolemy/domains/sdf/test/auto/Gravitation.xml (RunModel)" time="3.275" />
  <testcase classname="ptolemy.util.test.junit.AutoTests" name="[7] /home/travis/build/icyphy/ptII/ptolemy/domains/sdf/test/auto/GravitationWithCollisionDetection.xml (RunModel)" time="6.948" />
  <testcase classname="ptolemy.util.test.junit.AutoTests" name="[8] /home/travis/build/icyphy/ptII/ptolemy/domains/sdf/test/auto/HDF.xml (RunModel)" time="0.14" />
  <testcase classname="ptolemy.util.test.junit.AutoTests" name="[9] /home/travis/build/icyphy/ptII/ptolemy/domains/sdf/test/auto/HDFwithTransientStates.xml (RunModel)" time="0.104" />
  <testcase classname="ptolemy.util.test.junit.AutoTests" name="[10] /home/travis/build/icyphy/ptII/ptolemy/domains/sdf/test/auto/HTVQ.xml (RunModel)" time="0.849" />
  <testcase classname="ptolemy.util.test.junit.AutoTests" name="[11] /home/travis/build/icyphy/ptII/ptolemy/domains/sdf/test/auto/InferInitProduction.xml (RunModel)" time="0.032" />
  <testcase classname="ptolemy.util.test.junit.AutoTests" name="[12] /home/travis/build/icyphy/ptII/ptolemy/domains/sdf/test/auto/InferInitProductionDeeper.xml (RunModel)" time="0.027" />
  <testcase classname="ptolemy.util.test.junit.AutoTests" name="[13] /home/travis/build/icyphy/ptII/ptolemy/domains/sdf/test/auto/LMSAdaptive.xml (RunModel)" time="0.085" />
  <testcase classname="ptolemy.util.test.junit.AutoTests" name="[14] /home/travis/build/icyphy/ptII/ptolemy/domains/sdf/test/auto/LogisticMap.xml (RunModel)" time="0.475" />
  <testcase classname="ptolemy.util.test.junit.AutoTests" name="[15] /home/travis/build/icyphy/ptII/ptolemy/domains/sdf/test/auto/MaximumEntropySpectrum.xml (RunModel)" time="0.276" />
  <testcase classname="ptolemy.util.test.junit.AutoTests" name="[16] /home/travis/build/icyphy/ptII/ptolemy/domains/sdf/test/auto/MultirateSDF.xml (RunModel)" time="0.065" />
  <testcase classname="ptolemy.util.test.junit.AutoTests" name="[17] /home/travis/build/icyphy/ptII/ptolemy/domains/sdf/test/auto/MultirateSDFwithTransientStates.xml (RunModel)" time="0.093" />
  <testcase classname="ptolemy.util.test.junit.AutoTests" name="[18] /home/travis/build/icyphy/ptII/ptolemy/domains/sdf/test/auto/NoisySinewave.xml (RunModel)" time="0.063" />
  <testcase classname="ptolemy.util.test.junit.AutoTests" name="[19] /home/travis/build/icyphy/ptII/ptolemy/domains/sdf/test/auto/Objects.xml (RunModel)" time="0.049" />
  <testcase classname="ptolemy.util.test.junit.AutoTests" name="[20] /home/travis/build/icyphy/ptII/ptolemy/domains/sdf/test/auto/OrthogonalCom.xml (RunModel)" time="0.055" />
  <testcase classname="ptolemy.util.test.junit.AutoTests" name="[21] /home/travis/build/icyphy/ptII/ptolemy/domains/sdf/test/auto/RijndaelEncryption.xml (RunModel)" time="0.586" />
  <testcase classname="ptolemy.util.test.junit.AutoTests" name="[22] /home/travis/build/icyphy/ptII/ptolemy/domains/sdf/test/auto/SDFEmptyIterations.xml (RunModel)" time="0.019" />
  <testcase classname="ptolemy.util.test.junit.AutoTests" name="[23] /home/travis/build/icyphy/ptII/ptolemy/domains/sdf/test/auto/Spectrum.xml (RunModel)" time="0.102" />
  <testcase classname="ptolemy.util.test.junit.AutoTests" name="[24] /home/travis/build/icyphy/ptII/ptolemy/domains/sdf/test/auto/de_inside_sdf.xml (RunModel)" time="0.025" />
  <testcase classname="ptolemy.util.test.junit.AutoTests" name="[25] /home/travis/build/icyphy/ptII/ptolemy/domains/sdf/test/auto/disconnectedHierarchicalSDF.xml (RunModel)" time="0.027" />
  <testcase classname="ptolemy.util.test.junit.AutoTests" name="[26] /home/travis/build/icyphy/ptII/ptolemy/domains/sdf/test/auto/disconnectedSDF.xml (RunModel)" time="0.018" />
  <testcase classname="ptolemy.util.test.junit.AutoTests" name="[27] /home/travis/build/icyphy/ptII/ptolemy/domains/sdf/test/auto/emptyRefinement.xml (RunModel)" time="0.021" />
  <testcase classname="ptolemy.util.test.junit.AutoTests" name="[28] /home/travis/build/icyphy/ptII/ptolemy/domains/sdf/test/auto/filePortParameter.xml (RunModel)" time="0.062" />
  <testcase classname="ptolemy.util.test.junit.AutoTests" name="[29] /home/travis/build/icyphy/ptII/ptolemy/domains/sdf/test/auto/inferRelationWidth1.xml (RunModel)" time="0.013" />
  <testcase classname="ptolemy.util.test.junit.AutoTests" name="[30] /home/travis/build/icyphy/ptII/ptolemy/domains/sdf/test/auto/initProductionInference.xml (RunModel)" time="0.017" />
  <testcase classname="ptolemy.util.test.junit.AutoTests" name="[31] /home/travis/build/icyphy/ptII/ptolemy/domains/sdf/test/auto/relationGroup.xml (RunModel)" time="0.013" />
  <testcase classname="ptolemy.util.test.junit.AutoTests" name="[32] /home/travis/build/icyphy/ptII/ptolemy/domains/sdf/test/auto/relationGroup10.xml (RunModel)" time="0.013" />
  <testcase classname="ptolemy.util.test.junit.AutoTests" name="[33] /home/travis/build/icyphy/ptII/ptolemy/domains/sdf/test/auto/relationGroup11.xml (RunModel)" time="0.013" />
  <testcase classname="ptolemy.util.test.junit.AutoTests" name="[34] /home/travis/build/icyphy/ptII/ptolemy/domains/sdf/test/auto/relationGroup12.xml (RunModel)" time="0.013" />
  <testcase classname="ptolemy.util.test.junit.AutoTests" name="[35] /home/travis/build/icyphy/ptII/ptolemy/domains/sdf/test/auto/relationGroup13.xml (RunModel)" time="0.015" />
  <testcase classname="ptolemy.util.test.junit.AutoTests" name="[36] /home/travis/build/icyphy/ptII/ptolemy/domains/sdf/test/auto/relationGroup14.xml (RunModel)" time="0.012" />
  <testcase classname="ptolemy.util.test.junit.AutoTests" name="[37] /home/travis/build/icyphy/ptII/ptolemy/domains/sdf/test/auto/relationGroup15.xml (RunModel)" time="0.02" />
  <testcase classname="ptolemy.util.test.junit.AutoTests" name="[38] /home/travis/build/icyphy/ptII/ptolemy/domains/sdf/test/auto/relationGroup2.xml (RunModel)" time="0.011" />
  <testcase classname="ptolemy.util.test.junit.AutoTests" name="[39] /home/travis/build/icyphy/ptII/ptolemy/domains/sdf/test/auto/relationGroup3.xml (RunModel)" time="0.01" />
  <testcase classname="ptolemy.util.test.junit.AutoTests" name="[40] /home/travis/build/icyphy/ptII/ptolemy/domains/sdf/test/auto/relationGroup4.xml (RunModel)" time="0.023" />
  <testcase classname="ptolemy.util.test.junit.AutoTests" name="[41] /home/travis/build/icyphy/ptII/ptolemy/domains/sdf/test/auto/relationGroup5.xml (RunModel)" time="0.015" />
  <testcase classname="ptolemy.util.test.junit.AutoTests" name="[42] /home/travis/build/icyphy/ptII/ptolemy/domains/sdf/test/auto/relationGroup6.xml (RunModel)" time="0.016" />
  <testcase classname="ptolemy.util.test.junit.AutoTests" name="[43] /home/travis/build/icyphy/ptII/ptolemy/domains/sdf/test/auto/relationGroup7.xml (RunModel)" time="0.01" />
  <testcase classname="ptolemy.util.test.junit.AutoTests" name="[44] /home/travis/build/icyphy/ptII/ptolemy/domains/sdf/test/auto/relationGroup8.xml (RunModel)" time="0.016" />
  <testcase classname="ptolemy.util.test.junit.AutoTests" name="[45] /home/travis/build/icyphy/ptII/ptolemy/domains/sdf/test/auto/relationGroup9.xml (RunModel)" time="0.016" />
  <testcase classname="ptolemy.util.test.junit.AutoTests" name="[46] /home/travis/build/icyphy/ptII/ptolemy/domains/sdf/test/auto/sdf_inside_de.xml (RunModel)" time="0.041" />
  <testcase classname="ptolemy.util.test.junit.AutoTests" name="[47] /home/travis/build/icyphy/ptII/ptolemy/domains/sdf/test/auto/sdf_inside_pn.xml (RunModel)" time="0.066" />
  <testcase classname="ptolemy.util.test.junit.AutoTests" name="[48] /home/travis/build/icyphy/ptII/ptolemy/domains/sdf/test/auto/sdf_sdf1.xml (RunModel)" time="0.018" />
  <testcase classname="ptolemy.util.test.junit.AutoTests" name="[49] /home/travis/build/icyphy/ptII/ptolemy/domains/sdf/test/auto/test1.xml (RunModel)" time="0.015" />
  <testcase classname="ptolemy.util.test.junit.AutoTests" name="[50] /home/travis/build/icyphy/ptII/ptolemy/domains/sdf/test/auto/time1.xml (RunModel)" time="0.011" />
  <testcase classname="ptolemy.util.test.junit.AutoTests" name="[51] /home/travis/build/icyphy/ptII/ptolemy/domains/sdf/test/auto/time2.xml (RunModel)" time="0.012" />
  <testcase classname="ptolemy.util.test.junit.AutoTests" name="[52] /home/travis/build/icyphy/ptII/ptolemy/domains/sdf/test/auto/time3.xml (RunModel)" time="0.029" />
  <testcase classname="ptolemy.util.test.junit.AutoTests" name="[53] /home/travis/build/icyphy/ptII/ptolemy/domains/sdf/test/auto/time4.xml (RunModel)" time="0.017" />
  <testcase classname="ptolemy.util.test.junit.AutoTests" name="[54] /home/travis/build/icyphy/ptII/ptolemy/domains/sdf/test/auto/time5.xml (RunModel)" time="4.014" />
  <testcase classname="ptolemy.util.test.junit.AutoTests" name="[55] /home/travis/build/icyphy/ptII/ptolemy/domains/sdf/test/auto/typeSystem_Const_Integer_smallest_Type.xml (RunModel)" time="0.027" />
  <testcase classname="ptolemy.util.test.junit.AutoTests" name="[56] /home/travis/build/icyphy/ptII/ptolemy/domains/sdf/test/auto/typeSystem_declared_Inports_OutportTypeException.xml (RunModel)" time="0.022" />
  <testcase classname="ptolemy.util.test.junit.AutoTests" name="[57] /home/travis/build/icyphy/ptII/ptolemy/domains/sdf/test/auto/typeSystem_oneDeclaredInportType_wrongTypeOutport.xml (RunModel)" time="0.019" />
  <testcase classname="ptolemy.util.test.junit.AutoTests" name="[58] /home/travis/build/icyphy/ptII/ptolemy/domains/sdf/test/auto/width.xml (RunModel)" time="0.013" />
  <testcase classname="ptolemy.util.test.junit.AutoTests" name="[59] /home/travis/build/icyphy/ptII/ptolemy/domains/sdf/test/auto/width2.xml (RunModel)" time="0.04" />
  <testcase classname="ptolemy.util.test.junit.AutoTests" name="[60] /home/travis/build/icyphy/ptII/ptolemy/domains/sdf/test/auto/width3.xml (RunModel)" time="0.043" />
  <system-out><![CDATA[/home/travis/build/icyphy/ptII/ptolemy/domains/sdf/test/SDFSchedulerErrors.tcl
testDefs.tcl: setting time out to 9000 seconds at Wed Jul 10 07:15:53 UTC 2019
100 ms. Memory: 120832K Free: 96129K (80%)
8 ms. Memory: 120832K Free: 102022K (84%)
10 ms. Memory: 120832K Free: 96525K (80%)
8 ms. Memory: 120832K Free: 94319K (78%)
/home/travis/build/icyphy/ptII/ptolemy/domains/sdf/test/composition.tcl
50 ms. Memory: 120832K Free: 91310K (76%)
8 ms. Memory: 120832K Free: 89270K (74%)
/home/travis/build/icyphy/ptII/ptolemy/domains/sdf/test/cycle.tcl
.Toplevel.Director Preinitializing ...
Invoking preinitialize():  .Toplevel.Actor1
Invoking preinitialize():  .Toplevel.Actor2
Invoking preinitialize():  .Toplevel.Delay
.Toplevel.Director Finished preinitialize().
### Schedule:
Execute Schedule{
Fire Actor ptolemy.domains.sdf.kernel.test.SDFTestDelay {.Toplevel.Actor1}
Fire Actor ptolemy.domains.sdf.kernel.test.SDFTestDelay {.Toplevel.Actor2}
Fire Actor ptolemy.domains.sdf.lib.SampleDelay {.Toplevel.Delay}
}
### End schedule
Called initialize().
Invoking initialize():  .Toplevel.Actor1
Initializing actor: .Toplevel.Actor1.
Invoking initialize():  .Toplevel.Actor2
Initializing actor: .Toplevel.Actor2.
Invoking initialize():  .Toplevel.Delay
Initializing actor: .Toplevel.Delay.
Director: Called prefire().
-- Setting current time to 0.0
Director prefire returns true.
The actor .Toplevel.Actor1 will be iterated.
The actor .Toplevel.Actor1 was iterated.
The actor .Toplevel.Actor2 will be iterated.
The actor .Toplevel.Actor2 was iterated.
The actor .Toplevel.Delay will be iterated.
The actor .Toplevel.Delay was iterated.
Director: Called postfire().
Postfire returns: true
Director: Called prefire().
-- Setting current time to 0.0
Director prefire returns true.
The actor .Toplevel.Actor1 will be iterated.
The actor .Toplevel.Actor1 was iterated.
The actor .Toplevel.Actor2 will be iterated.
The actor .Toplevel.Actor2 was iterated.
The actor .Toplevel.Delay will be iterated.
The actor .Toplevel.Delay was iterated.
Director: Called postfire().
Postfire returns: true
Director: Called prefire().
-- Setting current time to 0.0
Director prefire returns true.
The actor .Toplevel.Actor1 will be iterated.
The actor .Toplevel.Actor1 was iterated.
The actor .Toplevel.Actor2 will be iterated.
The actor .Toplevel.Actor2 was iterated.
The actor .Toplevel.Delay will be iterated.
The actor .Toplevel.Delay was iterated.
Director: Called postfire().
Postfire returns: true
Director: Called prefire().
-- Setting current time to 0.0
Director prefire returns true.
The actor .Toplevel.Actor1 will be iterated.
The actor .Toplevel.Actor1 was iterated.
The actor .Toplevel.Actor2 will be iterated.
The actor .Toplevel.Actor2 was iterated.
The actor .Toplevel.Delay will be iterated.
The actor .Toplevel.Delay was iterated.
Director: Called postfire().
Postfire returns: true
Director: Called prefire().
-- Setting current time to 0.0
Director prefire returns true.
The actor .Toplevel.Actor1 will be iterated.
The actor .Toplevel.Actor1 was iterated.
The actor .Toplevel.Actor2 will be iterated.
The actor .Toplevel.Actor2 was iterated.
The actor .Toplevel.Delay will be iterated.
The actor .Toplevel.Delay was iterated.
Director: Called postfire().
Postfire returns: true
Director: Called prefire().
-- Setting current time to 0.0
Director prefire returns true.
The actor .Toplevel.Actor1 will be iterated.
The actor .Toplevel.Actor1 was iterated.
The actor .Toplevel.Actor2 will be iterated.
The actor .Toplevel.Actor2 was iterated.
The actor .Toplevel.Delay will be iterated.
The actor .Toplevel.Delay was iterated.
Reached specified number of iterations: 6
Director: Called wrapup().
20 ms. Memory: 176128K Free: 160979K (91%)
07/10/19 07:15:54
Failed: 0  Total Tests: 8  ((Passed: 8, Newly Passed: 0)  Known Failed: 0) /home/travis/build/icyphy/ptII/ptolemy/domains/sdf/test
No auto/knownFailedTests/*.xml tests in /home/travis/build/icyphy/ptII/ptolemy/domains/sdf/test
No auto/linux-amd64/*.xml tests in /home/travis/build/icyphy/ptII/ptolemy/domains/sdf/test
AutoTests.java: About to close Vertx.
AutoTests.java: Vertx closed.

===========================================================================================
----------------- testing Wed Jul 10 07:15:54 UTC 2019 /home/travis/build/icyphy/ptII/ptolemy/domains/sdf/test/auto/Array.xml
----------------- Instantiating /home/travis/build/icyphy/ptII/ptolemy/domains/sdf/test/auto/Array.xml
63 ms. Memory: 176128K Free: 145777K (83%)
----------------- Invoking toplevel() on ptolemy.moml.MoMLSimpleApplication@3aeb50c7
----------------- Done invoking toplevel() on ptolemy.moml.MoMLSimpleApplication@3aeb50c7
reloadAllAccessors: .Array

===========================================================================================
----------------- testing Wed Jul 10 07:15:54 UTC 2019 /home/travis/build/icyphy/ptII/ptolemy/domains/sdf/test/auto/Butterfly.xml
----------------- Instantiating /home/travis/build/icyphy/ptII/ptolemy/domains/sdf/test/auto/Butterfly.xml
72 ms. Memory: 176128K Free: 140665K (80%)
----------------- Invoking toplevel() on ptolemy.moml.MoMLSimpleApplication@132d6520
----------------- Done invoking toplevel() on ptolemy.moml.MoMLSimpleApplication@132d6520
reloadAllAccessors: .Butterfly

===========================================================================================
----------------- testing Wed Jul 10 07:15:55 UTC 2019 /home/travis/build/icyphy/ptII/ptolemy/domains/sdf/test/auto/Expression.xml
----------------- Instantiating /home/travis/build/icyphy/ptII/ptolemy/domains/sdf/test/auto/Expression.xml
67 ms. Memory: 176128K Free: 135545K (77%)
----------------- Invoking toplevel() on ptolemy.moml.MoMLSimpleApplication@5e80683d
----------------- Done invoking toplevel() on ptolemy.moml.MoMLSimpleApplication@5e80683d
reloadAllAccessors: .Expression

===========================================================================================
----------------- testing Wed Jul 10 07:15:55 UTC 2019 /home/travis/build/icyphy/ptII/ptolemy/domains/sdf/test/auto/Eye.xml
----------------- Instantiating /home/travis/build/icyphy/ptII/ptolemy/domains/sdf/test/auto/Eye.xml
158 ms. Memory: 176128K Free: 143512K (81%)
----------------- Invoking toplevel() on ptolemy.moml.MoMLSimpleApplication@2e000b81
----------------- Done invoking toplevel() on ptolemy.moml.MoMLSimpleApplication@2e000b81
reloadAllAccessors: .Eye

===========================================================================================
----------------- testing Wed Jul 10 07:15:55 UTC 2019 /home/travis/build/icyphy/ptII/ptolemy/domains/sdf/test/auto/FixFIR.xml
----------------- Instantiating /home/travis/build/icyphy/ptII/ptolemy/domains/sdf/test/auto/FixFIR.xml
160 ms. Memory: 176128K Free: 109720K (62%)
----------------- Invoking toplevel() on ptolemy.moml.MoMLSimpleApplication@740cc3d2
----------------- Done invoking toplevel() on ptolemy.moml.MoMLSimpleApplication@740cc3d2
reloadAllAccessors: .FixFIR

===========================================================================================
----------------- testing Wed Jul 10 07:15:55 UTC 2019 /home/travis/build/icyphy/ptII/ptolemy/domains/sdf/test/auto/FixPoint.xml
----------------- Instantiating /home/travis/build/icyphy/ptII/ptolemy/domains/sdf/test/auto/FixPoint.xml
9 ms. Memory: 176128K Free: 105624K (60%)
----------------- Invoking toplevel() on ptolemy.moml.MoMLSimpleApplication@32d6a25c
----------------- Done invoking toplevel() on ptolemy.moml.MoMLSimpleApplication@32d6a25c
reloadAllAccessors: .FixPoint

===========================================================================================
----------------- testing Wed Jul 10 07:15:55 UTC 2019 /home/travis/build/icyphy/ptII/ptolemy/domains/sdf/test/auto/Gravitation.xml
----------------- Instantiating /home/travis/build/icyphy/ptII/ptolemy/domains/sdf/test/auto/Gravitation.xml
3215 ms. Memory: 235520K Free: 172477K (73%)
----------------- Invoking toplevel() on ptolemy.moml.MoMLSimpleApplication@279ad20f
----------------- Done invoking toplevel() on ptolemy.moml.MoMLSimpleApplication@279ad20f
reloadAllAccessors: .Gravitation

===========================================================================================
----------------- testing Wed Jul 10 07:15:59 UTC 2019 /home/travis/build/icyphy/ptII/ptolemy/domains/sdf/test/auto/GravitationWithCollisionDetection.xml
----------------- Instantiating /home/travis/build/icyphy/ptII/ptolemy/domains/sdf/test/auto/GravitationWithCollisionDetection.xml
6674 ms. Memory: 352256K Free: 265027K (75%)
----------------- Invoking toplevel() on ptolemy.moml.MoMLSimpleApplication@20f7c57b
----------------- Done invoking toplevel() on ptolemy.moml.MoMLSimpleApplication@20f7c57b
reloadAllAccessors: .GravitationWithCollisionDetection

===========================================================================================
----------------- testing Wed Jul 10 07:16:06 UTC 2019 /home/travis/build/icyphy/ptII/ptolemy/domains/sdf/test/auto/HDF.xml
----------------- Instantiating /home/travis/build/icyphy/ptII/ptolemy/domains/sdf/test/auto/HDF.xml
36 ms. Memory: 352256K Free: 249157K (71%)
----------------- Invoking toplevel() on ptolemy.moml.MoMLSimpleApplication@6a5c3fb2
----------------- Done invoking toplevel() on ptolemy.moml.MoMLSimpleApplication@6a5c3fb2
reloadAllAccessors: .HDF

===========================================================================================
----------------- testing Wed Jul 10 07:16:06 UTC 2019 /home/travis/build/icyphy/ptII/ptolemy/domains/sdf/test/auto/HDFwithTransientStates.xml
----------------- Instantiating /home/travis/build/icyphy/ptII/ptolemy/domains/sdf/test/auto/HDFwithTransientStates.xml
33 ms. Memory: 352256K Free: 230211K (65%)
----------------- Invoking toplevel() on ptolemy.moml.MoMLSimpleApplication@59449505
----------------- Done invoking toplevel() on ptolemy.moml.MoMLSimpleApplication@59449505
reloadAllAccessors: .HDFwithTransientStates

===========================================================================================
----------------- testing Wed Jul 10 07:16:06 UTC 2019 /home/travis/build/icyphy/ptII/ptolemy/domains/sdf/test/auto/HTVQ.xml
----------------- Instantiating /home/travis/build/icyphy/ptII/ptolemy/domains/sdf/test/auto/HTVQ.xml
815 ms. Memory: 439296K Free: 359019K (82%)
----------------- Invoking toplevel() on ptolemy.moml.MoMLSimpleApplication@d01399f
----------------- Done invoking toplevel() on ptolemy.moml.MoMLSimpleApplication@d01399f
reloadAllAccessors: .HTVQ

===========================================================================================
----------------- testing Wed Jul 10 07:16:07 UTC 2019 /home/travis/build/icyphy/ptII/ptolemy/domains/sdf/test/auto/InferInitProduction.xml
----------------- Instantiating /home/travis/build/icyphy/ptII/ptolemy/domains/sdf/test/auto/InferInitProduction.xml
5 ms. Memory: 439296K Free: 352960K (80%)
----------------- Invoking toplevel() on ptolemy.moml.MoMLSimpleApplication@6923eae3
----------------- Done invoking toplevel() on ptolemy.moml.MoMLSimpleApplication@6923eae3
reloadAllAccessors: .InferInitProduction

===========================================================================================
----------------- testing Wed Jul 10 07:16:07 UTC 2019 /home/travis/build/icyphy/ptII/ptolemy/domains/sdf/test/auto/InferInitProductionDeeper.xml
----------------- Instantiating /home/travis/build/icyphy/ptII/ptolemy/domains/sdf/test/auto/InferInitProductionDeeper.xml
6 ms. Memory: 439296K Free: 347344K (79%)
----------------- Invoking toplevel() on ptolemy.moml.MoMLSimpleApplication@732cd2d6
----------------- Done invoking toplevel() on ptolemy.moml.MoMLSimpleApplication@732cd2d6
reloadAllAccessors: .InferInitProductionDeeper

===========================================================================================
----------------- testing Wed Jul 10 07:16:07 UTC 2019 /home/travis/build/icyphy/ptII/ptolemy/domains/sdf/test/auto/LMSAdaptive.xml
----------------- Instantiating /home/travis/build/icyphy/ptII/ptolemy/domains/sdf/test/auto/LMSAdaptive.xml
22 ms. Memory: 439296K Free: 337104K (77%)
----------------- Invoking toplevel() on ptolemy.moml.MoMLSimpleApplication@4be36d2c
----------------- Done invoking toplevel() on ptolemy.moml.MoMLSimpleApplication@4be36d2c
reloadAllAccessors: .LMSAdaptive

===========================================================================================
----------------- testing Wed Jul 10 07:16:07 UTC 2019 /home/travis/build/icyphy/ptII/ptolemy/domains/sdf/test/auto/LogisticMap.xml
----------------- Instantiating /home/travis/build/icyphy/ptII/ptolemy/domains/sdf/test/auto/LogisticMap.xml
442 ms. Memory: 439296K Free: 331470K (75%)
----------------- Invoking toplevel() on ptolemy.moml.MoMLSimpleApplication@4fc68683
----------------- Done invoking toplevel() on ptolemy.moml.MoMLSimpleApplication@4fc68683
reloadAllAccessors: .LogisticMap

===========================================================================================
----------------- testing Wed Jul 10 07:16:07 UTC 2019 /home/travis/build/icyphy/ptII/ptolemy/domains/sdf/test/auto/MaximumEntropySpectrum.xml
----------------- Instantiating /home/travis/build/icyphy/ptII/ptolemy/domains/sdf/test/auto/MaximumEntropySpectrum.xml
62 ms. Memory: 439296K Free: 270544K (62%)
----------------- Invoking toplevel() on ptolemy.moml.MoMLSimpleApplication@33a36df9
----------------- Done invoking toplevel() on ptolemy.moml.MoMLSimpleApplication@33a36df9
reloadAllAccessors: .MaximumEntropySpectrum

===========================================================================================
----------------- testing Wed Jul 10 07:16:08 UTC 2019 /home/travis/build/icyphy/ptII/ptolemy/domains/sdf/test/auto/MultirateSDF.xml
----------------- Instantiating /home/travis/build/icyphy/ptII/ptolemy/domains/sdf/test/auto/MultirateSDF.xml
21 ms. Memory: 439296K Free: 255664K (58%)
----------------- Invoking toplevel() on ptolemy.moml.MoMLSimpleApplication@8cca874
----------------- Done invoking toplevel() on ptolemy.moml.MoMLSimpleApplication@8cca874
reloadAllAccessors: .MultirateSDF

===========================================================================================
----------------- testing Wed Jul 10 07:16:08 UTC 2019 /home/travis/build/icyphy/ptII/ptolemy/domains/sdf/test/auto/MultirateSDFwithTransientStates.xml
----------------- Instantiating /home/travis/build/icyphy/ptII/ptolemy/domains/sdf/test/auto/MultirateSDFwithTransientStates.xml
23 ms. Memory: 439296K Free: 236752K (54%)
----------------- Invoking toplevel() on ptolemy.moml.MoMLSimpleApplication@1a27a377
----------------- Done invoking toplevel() on ptolemy.moml.MoMLSimpleApplication@1a27a377
reloadAllAccessors: .MultirateSDFwithTransientStates

===========================================================================================
----------------- testing Wed Jul 10 07:16:08 UTC 2019 /home/travis/build/icyphy/ptII/ptolemy/domains/sdf/test/auto/NoisySinewave.xml
----------------- Instantiating /home/travis/build/icyphy/ptII/ptolemy/domains/sdf/test/auto/NoisySinewave.xml
20 ms. Memory: 439296K Free: 220368K (50%)
----------------- Invoking toplevel() on ptolemy.moml.MoMLSimpleApplication@51f8cecb
----------------- Done invoking toplevel() on ptolemy.moml.MoMLSimpleApplication@51f8cecb
reloadAllAccessors: .NoisySinewave

===========================================================================================
----------------- testing Wed Jul 10 07:16:08 UTC 2019 /home/travis/build/icyphy/ptII/ptolemy/domains/sdf/test/auto/Objects.xml
----------------- Instantiating /home/travis/build/icyphy/ptII/ptolemy/domains/sdf/test/auto/Objects.xml
6 ms. Memory: 439296K Free: 212686K (48%)
----------------- Invoking toplevel() on ptolemy.moml.MoMLSimpleApplication@189701a4
----------------- Done invoking toplevel() on ptolemy.moml.MoMLSimpleApplication@189701a4
reloadAllAccessors: .Objects

===========================================================================================
----------------- testing Wed Jul 10 07:16:08 UTC 2019 /home/travis/build/icyphy/ptII/ptolemy/domains/sdf/test/auto/OrthogonalCom.xml
----------------- Instantiating /home/travis/build/icyphy/ptII/ptolemy/domains/sdf/test/auto/OrthogonalCom.xml
7 ms. Memory: 439296K Free: 205008K (47%)
----------------- Invoking toplevel() on ptolemy.moml.MoMLSimpleApplication@4d713bbe
----------------- Done invoking toplevel() on ptolemy.moml.MoMLSimpleApplication@4d713bbe
reloadAllAccessors: .OrthogonalCom

===========================================================================================
----------------- testing Wed Jul 10 07:16:08 UTC 2019 /home/travis/build/icyphy/ptII/ptolemy/domains/sdf/test/auto/RijndaelEncryption.xml
----------------- Instantiating /home/travis/build/icyphy/ptII/ptolemy/domains/sdf/test/auto/RijndaelEncryption.xml
294 ms. Memory: 439296K Free: 318669K (73%)
----------------- Invoking toplevel() on ptolemy.moml.MoMLSimpleApplication@22c409a3
----------------- Done invoking toplevel() on ptolemy.moml.MoMLSimpleApplication@22c409a3
reloadAllAccessors: .RijndaelEncryption

===========================================================================================
----------------- testing Wed Jul 10 07:16:09 UTC 2019 /home/travis/build/icyphy/ptII/ptolemy/domains/sdf/test/auto/SDFEmptyIterations.xml
----------------- Instantiating /home/travis/build/icyphy/ptII/ptolemy/domains/sdf/test/auto/SDFEmptyIterations.xml
6 ms. Memory: 439296K Free: 314045K (71%)
----------------- Invoking toplevel() on ptolemy.moml.MoMLSimpleApplication@7db46f1f
----------------- Done invoking toplevel() on ptolemy.moml.MoMLSimpleApplication@7db46f1f
reloadAllAccessors: .SDFEmptyIterations

===========================================================================================
----------------- testing Wed Jul 10 07:16:09 UTC 2019 /home/travis/build/icyphy/ptII/ptolemy/domains/sdf/test/auto/Spectrum.xml
----------------- Instantiating /home/travis/build/icyphy/ptII/ptolemy/domains/sdf/test/auto/Spectrum.xml
34 ms. Memory: 439296K Free: 289483K (66%)
----------------- Invoking toplevel() on ptolemy.moml.MoMLSimpleApplication@67e576d0
----------------- Done invoking toplevel() on ptolemy.moml.MoMLSimpleApplication@67e576d0
reloadAllAccessors: .Spectrum

===========================================================================================
----------------- testing Wed Jul 10 07:16:09 UTC 2019 /home/travis/build/icyphy/ptII/ptolemy/domains/sdf/test/auto/de_inside_sdf.xml
----------------- Instantiating /home/travis/build/icyphy/ptII/ptolemy/domains/sdf/test/auto/de_inside_sdf.xml
8 ms. Memory: 439296K Free: 283853K (65%)
----------------- Invoking toplevel() on ptolemy.moml.MoMLSimpleApplication@5ce7dc7b
----------------- Done invoking toplevel() on ptolemy.moml.MoMLSimpleApplication@5ce7dc7b
reloadAllAccessors: .de_inside_sdf

===========================================================================================
----------------- testing Wed Jul 10 07:16:09 UTC 2019 /home/travis/build/icyphy/ptII/ptolemy/domains/sdf/test/auto/disconnectedHierarchicalSDF.xml
----------------- Instantiating /home/travis/build/icyphy/ptII/ptolemy/domains/sdf/test/auto/disconnectedHierarchicalSDF.xml
7 ms. Memory: 439296K Free: 277709K (63%)
----------------- Invoking toplevel() on ptolemy.moml.MoMLSimpleApplication@2dcf947
----------------- Done invoking toplevel() on ptolemy.moml.MoMLSimpleApplication@2dcf947
reloadAllAccessors: .disconnectedHierarchicalSDF

===========================================================================================
----------------- testing Wed Jul 10 07:16:09 UTC 2019 /home/travis/build/icyphy/ptII/ptolemy/domains/sdf/test/auto/disconnectedSDF.xml
----------------- Instantiating /home/travis/build/icyphy/ptII/ptolemy/domains/sdf/test/auto/disconnectedSDF.xml
2 ms. Memory: 439296K Free: 273613K (62%)
----------------- Invoking toplevel() on ptolemy.moml.MoMLSimpleApplication@58d99107
----------------- Done invoking toplevel() on ptolemy.moml.MoMLSimpleApplication@58d99107
reloadAllAccessors: .disconnectedSDF

===========================================================================================
----------------- testing Wed Jul 10 07:16:09 UTC 2019 /home/travis/build/icyphy/ptII/ptolemy/domains/sdf/test/auto/emptyRefinement.xml
----------------- Instantiating /home/travis/build/icyphy/ptII/ptolemy/domains/sdf/test/auto/emptyRefinement.xml
3 ms. Memory: 439296K Free: 269997K (61%)
----------------- Invoking toplevel() on ptolemy.moml.MoMLSimpleApplication@4c80be92
----------------- Done invoking toplevel() on ptolemy.moml.MoMLSimpleApplication@4c80be92
reloadAllAccessors: .emptyRefinement

===========================================================================================
----------------- testing Wed Jul 10 07:16:09 UTC 2019 /home/travis/build/icyphy/ptII/ptolemy/domains/sdf/test/auto/filePortParameter.xml
----------------- Instantiating /home/travis/build/icyphy/ptII/ptolemy/domains/sdf/test/auto/filePortParameter.xml
13 ms. Memory: 439296K Free: 262859K (60%)
----------------- Invoking toplevel() on ptolemy.moml.MoMLSimpleApplication@20b8716d
----------------- Done invoking toplevel() on ptolemy.moml.MoMLSimpleApplication@20b8716d
reloadAllAccessors: .filePortParameter

===========================================================================================
----------------- testing Wed Jul 10 07:16:09 UTC 2019 /home/travis/build/icyphy/ptII/ptolemy/domains/sdf/test/auto/inferRelationWidth1.xml
----------------- Instantiating /home/travis/build/icyphy/ptII/ptolemy/domains/sdf/test/auto/inferRelationWidth1.xml
2 ms. Memory: 439296K Free: 259277K (59%)
----------------- Invoking toplevel() on ptolemy.moml.MoMLSimpleApplication@7055b3ba
----------------- Done invoking toplevel() on ptolemy.moml.MoMLSimpleApplication@7055b3ba
reloadAllAccessors: .inferRelationWidth1

===========================================================================================
----------------- testing Wed Jul 10 07:16:09 UTC 2019 /home/travis/build/icyphy/ptII/ptolemy/domains/sdf/test/auto/initProductionInference.xml
----------------- Instantiating /home/travis/build/icyphy/ptII/ptolemy/domains/sdf/test/auto/initProductionInference.xml
3 ms. Memory: 439296K Free: 255661K (58%)
----------------- Invoking toplevel() on ptolemy.moml.MoMLSimpleApplication@38628109
----------------- Done invoking toplevel() on ptolemy.moml.MoMLSimpleApplication@38628109
reloadAllAccessors: .initProductionInference

===========================================================================================
----------------- testing Wed Jul 10 07:16:09 UTC 2019 /home/travis/build/icyphy/ptII/ptolemy/domains/sdf/test/auto/relationGroup.xml
----------------- Instantiating /home/travis/build/icyphy/ptII/ptolemy/domains/sdf/test/auto/relationGroup.xml
2 ms. Memory: 439296K Free: 252109K (57%)
----------------- Invoking toplevel() on ptolemy.moml.MoMLSimpleApplication@6fde4b09
----------------- Done invoking toplevel() on ptolemy.moml.MoMLSimpleApplication@6fde4b09
reloadAllAccessors: .relationGroup

===========================================================================================
----------------- testing Wed Jul 10 07:16:09 UTC 2019 /home/travis/build/icyphy/ptII/ptolemy/domains/sdf/test/auto/relationGroup10.xml
----------------- Instantiating /home/travis/build/icyphy/ptII/ptolemy/domains/sdf/test/auto/relationGroup10.xml
2 ms. Memory: 439296K Free: 248523K (57%)
----------------- Invoking toplevel() on ptolemy.moml.MoMLSimpleApplication@574d8b0e
----------------- Done invoking toplevel() on ptolemy.moml.MoMLSimpleApplication@574d8b0e
reloadAllAccessors: .relationGroup10

===========================================================================================
----------------- testing Wed Jul 10 07:16:09 UTC 2019 /home/travis/build/icyphy/ptII/ptolemy/domains/sdf/test/auto/relationGroup11.xml
----------------- Instantiating /home/travis/build/icyphy/ptII/ptolemy/domains/sdf/test/auto/relationGroup11.xml
2 ms. Memory: 439296K Free: 244427K (56%)
----------------- Invoking toplevel() on ptolemy.moml.MoMLSimpleApplication@62b24012
----------------- Done invoking toplevel() on ptolemy.moml.MoMLSimpleApplication@62b24012
reloadAllAccessors: .relationGroup11

===========================================================================================
----------------- testing Wed Jul 10 07:16:09 UTC 2019 /home/travis/build/icyphy/ptII/ptolemy/domains/sdf/test/auto/relationGroup12.xml
----------------- Instantiating /home/travis/build/icyphy/ptII/ptolemy/domains/sdf/test/auto/relationGroup12.xml
2 ms. Memory: 439296K Free: 240845K (55%)
----------------- Invoking toplevel() on ptolemy.moml.MoMLSimpleApplication@11c73f76
----------------- Done invoking toplevel() on ptolemy.moml.MoMLSimpleApplication@11c73f76
reloadAllAccessors: .relationGroup12

===========================================================================================
----------------- testing Wed Jul 10 07:16:09 UTC 2019 /home/travis/build/icyphy/ptII/ptolemy/domains/sdf/test/auto/relationGroup13.xml
----------------- Instantiating /home/travis/build/icyphy/ptII/ptolemy/domains/sdf/test/auto/relationGroup13.xml
6 ms. Memory: 439296K Free: 236235K (54%)
----------------- Invoking toplevel() on ptolemy.moml.MoMLSimpleApplication@740ea425
----------------- Done invoking toplevel() on ptolemy.moml.MoMLSimpleApplication@740ea425
reloadAllAccessors: .relationGroup13

===========================================================================================
----------------- testing Wed Jul 10 07:16:09 UTC 2019 /home/travis/build/icyphy/ptII/ptolemy/domains/sdf/test/auto/relationGroup14.xml
----------------- Instantiating /home/travis/build/icyphy/ptII/ptolemy/domains/sdf/test/auto/relationGroup14.xml
3 ms. Memory: 439296K Free: 231115K (53%)
----------------- Invoking toplevel() on ptolemy.moml.MoMLSimpleApplication@6c4e21cb
----------------- Done invoking toplevel() on ptolemy.moml.MoMLSimpleApplication@6c4e21cb
reloadAllAccessors: .relationGroup14

===========================================================================================
----------------- testing Wed Jul 10 07:16:09 UTC 2019 /home/travis/build/icyphy/ptII/ptolemy/domains/sdf/test/auto/relationGroup15.xml
----------------- Instantiating /home/travis/build/icyphy/ptII/ptolemy/domains/sdf/test/auto/relationGroup15.xml
10 ms. Memory: 439296K Free: 228043K (52%)
----------------- Invoking toplevel() on ptolemy.moml.MoMLSimpleApplication@7ae978c6
----------------- Done invoking toplevel() on ptolemy.moml.MoMLSimpleApplication@7ae978c6
reloadAllAccessors: .relationGroup15

===========================================================================================
----------------- testing Wed Jul 10 07:16:09 UTC 2019 /home/travis/build/icyphy/ptII/ptolemy/domains/sdf/test/auto/relationGroup2.xml
----------------- Instantiating /home/travis/build/icyphy/ptII/ptolemy/domains/sdf/test/auto/relationGroup2.xml
2 ms. Memory: 439296K Free: 224461K (51%)
----------------- Invoking toplevel() on ptolemy.moml.MoMLSimpleApplication@34513799
----------------- Done invoking toplevel() on ptolemy.moml.MoMLSimpleApplication@34513799
reloadAllAccessors: .relationGroup2

===========================================================================================
----------------- testing Wed Jul 10 07:16:09 UTC 2019 /home/travis/build/icyphy/ptII/ptolemy/domains/sdf/test/auto/relationGroup3.xml
----------------- Instantiating /home/travis/build/icyphy/ptII/ptolemy/domains/sdf/test/auto/relationGroup3.xml
1 ms. Memory: 439296K Free: 221389K (50%)
----------------- Invoking toplevel() on ptolemy.moml.MoMLSimpleApplication@244087f9
----------------- Done invoking toplevel() on ptolemy.moml.MoMLSimpleApplication@244087f9
reloadAllAccessors: .relationGroup3

===========================================================================================
----------------- testing Wed Jul 10 07:16:09 UTC 2019 /home/travis/build/icyphy/ptII/ptolemy/domains/sdf/test/auto/relationGroup4.xml
----------------- Instantiating /home/travis/build/icyphy/ptII/ptolemy/domains/sdf/test/auto/relationGroup4.xml
8 ms. Memory: 439296K Free: 216779K (49%)
----------------- Invoking toplevel() on ptolemy.moml.MoMLSimpleApplication@4e557d1
----------------- Done invoking toplevel() on ptolemy.moml.MoMLSimpleApplication@4e557d1
reloadAllAccessors: .relationGroup4

===========================================================================================
----------------- testing Wed Jul 10 07:16:09 UTC 2019 /home/travis/build/icyphy/ptII/ptolemy/domains/sdf/test/auto/relationGroup5.xml
----------------- Instantiating /home/travis/build/icyphy/ptII/ptolemy/domains/sdf/test/auto/relationGroup5.xml
3 ms. Memory: 439296K Free: 212683K (48%)
----------------- Invoking toplevel() on ptolemy.moml.MoMLSimpleApplication@78fa250d
----------------- Done invoking toplevel() on ptolemy.moml.MoMLSimpleApplication@78fa250d
reloadAllAccessors: .relationGroup5

===========================================================================================
----------------- testing Wed Jul 10 07:16:09 UTC 2019 /home/travis/build/icyphy/ptII/ptolemy/domains/sdf/test/auto/relationGroup6.xml
----------------- Instantiating /home/travis/build/icyphy/ptII/ptolemy/domains/sdf/test/auto/relationGroup6.xml
4 ms. Memory: 439296K Free: 208077K (47%)
----------------- Invoking toplevel() on ptolemy.moml.MoMLSimpleApplication@4a76b565
----------------- Done invoking toplevel() on ptolemy.moml.MoMLSimpleApplication@4a76b565
reloadAllAccessors: .relationGroup6

===========================================================================================
----------------- testing Wed Jul 10 07:16:09 UTC 2019 /home/travis/build/icyphy/ptII/ptolemy/domains/sdf/test/auto/relationGroup7.xml
----------------- Instantiating /home/travis/build/icyphy/ptII/ptolemy/domains/sdf/test/auto/relationGroup7.xml
2 ms. Memory: 439296K Free: 205005K (47%)
----------------- Invoking toplevel() on ptolemy.moml.MoMLSimpleApplication@40cff18e
----------------- Done invoking toplevel() on ptolemy.moml.MoMLSimpleApplication@40cff18e
reloadAllAccessors: .relationGroup7

===========================================================================================
----------------- testing Wed Jul 10 07:16:09 UTC 2019 /home/travis/build/icyphy/ptII/ptolemy/domains/sdf/test/auto/relationGroup8.xml
----------------- Instantiating /home/travis/build/icyphy/ptII/ptolemy/domains/sdf/test/auto/relationGroup8.xml
2 ms. Memory: 439296K Free: 201933K (46%)
----------------- Invoking toplevel() on ptolemy.moml.MoMLSimpleApplication@40952f8f
----------------- Done invoking toplevel() on ptolemy.moml.MoMLSimpleApplication@40952f8f
reloadAllAccessors: .relationGroup8

===========================================================================================
----------------- testing Wed Jul 10 07:16:09 UTC 2019 /home/travis/build/icyphy/ptII/ptolemy/domains/sdf/test/auto/relationGroup9.xml
----------------- Instantiating /home/travis/build/icyphy/ptII/ptolemy/domains/sdf/test/auto/relationGroup9.xml
7 ms. Memory: 439296K Free: 197323K (45%)
----------------- Invoking toplevel() on ptolemy.moml.MoMLSimpleApplication@3a4e91ee
----------------- Done invoking toplevel() on ptolemy.moml.MoMLSimpleApplication@3a4e91ee
reloadAllAccessors: .relationGroup9

===========================================================================================
----------------- testing Wed Jul 10 07:16:09 UTC 2019 /home/travis/build/icyphy/ptII/ptolemy/domains/sdf/test/auto/sdf_inside_de.xml
----------------- Instantiating /home/travis/build/icyphy/ptII/ptolemy/domains/sdf/test/auto/sdf_inside_de.xml
12 ms. Memory: 439296K Free: 189131K (43%)
----------------- Invoking toplevel() on ptolemy.moml.MoMLSimpleApplication@5890c7d0
----------------- Done invoking toplevel() on ptolemy.moml.MoMLSimpleApplication@5890c7d0
reloadAllAccessors: .sdf_inside_de

===========================================================================================
----------------- testing Wed Jul 10 07:16:09 UTC 2019 /home/travis/build/icyphy/ptII/ptolemy/domains/sdf/test/auto/sdf_inside_pn.xml
----------------- Instantiating /home/travis/build/icyphy/ptII/ptolemy/domains/sdf/test/auto/sdf_inside_pn.xml
42 ms. Memory: 439296K Free: 179915K (41%)
----------------- Invoking toplevel() on ptolemy.moml.MoMLSimpleApplication@5168cce7
----------------- Done invoking toplevel() on ptolemy.moml.MoMLSimpleApplication@5168cce7
reloadAllAccessors: .sdf_inside_pn

===========================================================================================
----------------- testing Wed Jul 10 07:16:09 UTC 2019 /home/travis/build/icyphy/ptII/ptolemy/domains/sdf/test/auto/sdf_sdf1.xml
----------------- Instantiating /home/travis/build/icyphy/ptII/ptolemy/domains/sdf/test/auto/sdf_sdf1.xml
4 ms. Memory: 439296K Free: 174781K (40%)
----------------- Invoking toplevel() on ptolemy.moml.MoMLSimpleApplication@7a5d9cad
----------------- Done invoking toplevel() on ptolemy.moml.MoMLSimpleApplication@7a5d9cad
reloadAllAccessors: .sdf_sdf1

===========================================================================================
----------------- testing Wed Jul 10 07:16:09 UTC 2019 /home/travis/build/icyphy/ptII/ptolemy/domains/sdf/test/auto/test1.xml
----------------- Instantiating /home/travis/build/icyphy/ptII/ptolemy/domains/sdf/test/auto/test1.xml
3 ms. Memory: 439296K Free: 169675K (39%)
----------------- Invoking toplevel() on ptolemy.moml.MoMLSimpleApplication@697bb1fd
----------------- Done invoking toplevel() on ptolemy.moml.MoMLSimpleApplication@697bb1fd
reloadAllAccessors: .test1

===========================================================================================
----------------- testing Wed Jul 10 07:16:09 UTC 2019 /home/travis/build/icyphy/ptII/ptolemy/domains/sdf/test/auto/time1.xml
----------------- Instantiating /home/travis/build/icyphy/ptII/ptolemy/domains/sdf/test/auto/time1.xml
2 ms. Memory: 439296K Free: 166603K (38%)
----------------- Invoking toplevel() on ptolemy.moml.MoMLSimpleApplication@be2b664
----------------- Done invoking toplevel() on ptolemy.moml.MoMLSimpleApplication@be2b664
reloadAllAccessors: .time1

===========================================================================================
----------------- testing Wed Jul 10 07:16:09 UTC 2019 /home/travis/build/icyphy/ptII/ptolemy/domains/sdf/test/auto/time2.xml
----------------- Instantiating /home/travis/build/icyphy/ptII/ptolemy/domains/sdf/test/auto/time2.xml
2 ms. Memory: 439296K Free: 163021K (37%)
----------------- Invoking toplevel() on ptolemy.moml.MoMLSimpleApplication@739fcff5
----------------- Done invoking toplevel() on ptolemy.moml.MoMLSimpleApplication@739fcff5
reloadAllAccessors: .time2

===========================================================================================
----------------- testing Wed Jul 10 07:16:09 UTC 2019 /home/travis/build/icyphy/ptII/ptolemy/domains/sdf/test/auto/time3.xml
----------------- Instantiating /home/travis/build/icyphy/ptII/ptolemy/domains/sdf/test/auto/time3.xml
6 ms. Memory: 439296K Free: 419448K (95%)
----------------- Invoking toplevel() on ptolemy.moml.MoMLSimpleApplication@3d6a3138
----------------- Done invoking toplevel() on ptolemy.moml.MoMLSimpleApplication@3d6a3138
reloadAllAccessors: .time3

===========================================================================================
----------------- testing Wed Jul 10 07:16:09 UTC 2019 /home/travis/build/icyphy/ptII/ptolemy/domains/sdf/test/auto/time4.xml
----------------- Instantiating /home/travis/build/icyphy/ptII/ptolemy/domains/sdf/test/auto/time4.xml
6 ms. Memory: 439296K Free: 413802K (94%)
----------------- Invoking toplevel() on ptolemy.moml.MoMLSimpleApplication@3c7cf912
----------------- Done invoking toplevel() on ptolemy.moml.MoMLSimpleApplication@3c7cf912
reloadAllAccessors: .time4

===========================================================================================
----------------- testing Wed Jul 10 07:16:09 UTC 2019 /home/travis/build/icyphy/ptII/ptolemy/domains/sdf/test/auto/time5.xml
----------------- Instantiating /home/travis/build/icyphy/ptII/ptolemy/domains/sdf/test/auto/time5.xml
4003 ms. Memory: 439296K Free: 410234K (93%)
----------------- Invoking toplevel() on ptolemy.moml.MoMLSimpleApplication@54edc46
----------------- Done invoking toplevel() on ptolemy.moml.MoMLSimpleApplication@54edc46
reloadAllAccessors: .time5

===========================================================================================
----------------- testing Wed Jul 10 07:16:13 UTC 2019 /home/travis/build/icyphy/ptII/ptolemy/domains/sdf/test/auto/typeSystem_Const_Integer_smallest_Type.xml
----------------- Instantiating /home/travis/build/icyphy/ptII/ptolemy/domains/sdf/test/auto/typeSystem_Const_Integer_smallest_Type.xml
7 ms. Memory: 439296K Free: 405624K (92%)
----------------- Invoking toplevel() on ptolemy.moml.MoMLSimpleApplication@4552fc79
----------------- Done invoking toplevel() on ptolemy.moml.MoMLSimpleApplication@4552fc79
reloadAllAccessors: .typeSystem_Const_Integer_smallest_Type

===========================================================================================
----------------- testing Wed Jul 10 07:16:13 UTC 2019 /home/travis/build/icyphy/ptII/ptolemy/domains/sdf/test/auto/typeSystem_declared_Inports_OutportTypeException.xml
----------------- Instantiating /home/travis/build/icyphy/ptII/ptolemy/domains/sdf/test/auto/typeSystem_declared_Inports_OutportTypeException.xml
.typeSystem_declared_Inports_OutportTypeException.TestExceptionAttribute: initialize() was not invoked, but wrapup() was.  This is unusual, but not always a problem.  For example, exporting JNLP will do this.
6 ms. Memory: 439296K Free: 401528K (91%)
----------------- Invoking toplevel() on ptolemy.moml.MoMLSimpleApplication@3b62c420
----------------- Done invoking toplevel() on ptolemy.moml.MoMLSimpleApplication@3b62c420
reloadAllAccessors: .typeSystem_declared_Inports_OutportTypeException

===========================================================================================
----------------- testing Wed Jul 10 07:16:13 UTC 2019 /home/travis/build/icyphy/ptII/ptolemy/domains/sdf/test/auto/typeSystem_oneDeclaredInportType_wrongTypeOutport.xml
----------------- Instantiating /home/travis/build/icyphy/ptII/ptolemy/domains/sdf/test/auto/typeSystem_oneDeclaredInportType_wrongTypeOutport.xml
4 ms. Memory: 439296K Free: 397432K (90%)
----------------- Invoking toplevel() on ptolemy.moml.MoMLSimpleApplication@430e4d31
----------------- Done invoking toplevel() on ptolemy.moml.MoMLSimpleApplication@430e4d31
reloadAllAccessors: .typeSystem_oneDeclaredInportType_wrongTypeOutport

===========================================================================================
----------------- testing Wed Jul 10 07:16:13 UTC 2019 /home/travis/build/icyphy/ptII/ptolemy/domains/sdf/test/auto/width.xml
----------------- Instantiating /home/travis/build/icyphy/ptII/ptolemy/domains/sdf/test/auto/width.xml
2 ms. Memory: 439296K Free: 393336K (90%)
----------------- Invoking toplevel() on ptolemy.moml.MoMLSimpleApplication@6fda7a96
----------------- Done invoking toplevel() on ptolemy.moml.MoMLSimpleApplication@6fda7a96
reloadAllAccessors: .width

===========================================================================================
----------------- testing Wed Jul 10 07:16:13 UTC 2019 /home/travis/build/icyphy/ptII/ptolemy/domains/sdf/test/auto/width2.xml
----------------- Instantiating /home/travis/build/icyphy/ptII/ptolemy/domains/sdf/test/auto/width2.xml
29 ms. Memory: 439296K Free: 388216K (88%)
----------------- Invoking toplevel() on ptolemy.moml.MoMLSimpleApplication@5c27759d
----------------- Done invoking toplevel() on ptolemy.moml.MoMLSimpleApplication@5c27759d
reloadAllAccessors: .width2

===========================================================================================
----------------- testing Wed Jul 10 07:16:13 UTC 2019 /home/travis/build/icyphy/ptII/ptolemy/domains/sdf/test/auto/width3.xml
----------------- Instantiating /home/travis/build/icyphy/ptII/ptolemy/domains/sdf/test/auto/width3.xml
30 ms. Memory: 439296K Free: 383610K (87%)
----------------- Invoking toplevel() on ptolemy.moml.MoMLSimpleApplication@5e70c2c1
----------------- Done invoking toplevel() on ptolemy.moml.MoMLSimpleApplication@5e70c2c1
reloadAllAccessors: .width3
AutoTests.java: About to close Vertx.
AutoTests.java: Vertx closed.
]]></system-out>
  <system-err><![CDATA[java.lang.RuntimeException: Execution failed
	at ptolemy.moml.MoMLSimpleApplication$UnloadThread.run(MoMLSimpleApplication.java:402)
Caused by: ptolemy.actor.sched.NotSchedulableException: No solution exists for the balance equations.
Graph is not consistent under the SDF domain detected on external port .rateConsistency.actor.port2
  in .rateConsistency.SDF Director.Scheduler
	at ptolemy.domains.sdf.kernel.SDFScheduler._propagatePort(SDFScheduler.java:1425)
	at ptolemy.domains.sdf.kernel.SDFScheduler._solveBalanceEquations(SDFScheduler.java:710)
	at ptolemy.domains.sdf.kernel.SDFScheduler._getSchedule(SDFScheduler.java:566)
	at ptolemy.actor.sched.Scheduler.getSchedule(Scheduler.java:189)
	at ptolemy.domains.sdf.kernel.SDFDirector.createSchedule(SDFDirector.java:408)
	at ptolemy.domains.sdf.kernel.SDFDirector.preinitialize(SDFDirector.java:764)
	at ptolemy.actor.CompositeActor.preinitialize(CompositeActor.java:1828)
	at ptolemy.actor.Manager.preinitializeAndResolveTypes(Manager.java:1040)
	at ptolemy.actor.Manager.initialize(Manager.java:710)
	at ptolemy.actor.Manager.execute(Manager.java:356)
	at ptolemy.actor.Manager.run(Manager.java:1263)
	at ptolemy.actor.Manager$PtolemyRunThread.run(Manager.java:1915)
java.lang.RuntimeException: Execution failed
	at ptolemy.moml.MoMLSimpleApplication$UnloadThread.run(MoMLSimpleApplication.java:402)
Caused by: ptolemy.kernel.util.IllegalActionException: Failed to compute schedule:
  in .badRateChanges.typed composite actor.SDF Director
Because:
The SDF rate parameter may change. This is not allowed in SDF models that will be run through the code generator.  If you don't care about code generation, then you might consider setting the allowRateChanges parameter of the SDF director to false.
  in .badRateChanges.typed composite actor.Repeat.output.tokenProductionRate
	at ptolemy.domains.sdf.kernel.SDFDirector.createSchedule(SDFDirector.java:418)
	at ptolemy.domains.sdf.kernel.SDFDirector.preinitialize(SDFDirector.java:764)
	at ptolemy.actor.CompositeActor.preinitialize(CompositeActor.java:1828)
	at ptolemy.actor.Director.preinitialize(Director.java:1302)
	at ptolemy.actor.Director.preinitialize(Director.java:1257)
	at ptolemy.domains.sdf.kernel.SDFDirector.preinitialize(SDFDirector.java:763)
	at ptolemy.actor.CompositeActor.preinitialize(CompositeActor.java:1828)
	at ptolemy.actor.Manager.preinitializeAndResolveTypes(Manager.java:1040)
	at ptolemy.actor.Manager.initialize(Manager.java:710)
	at ptolemy.actor.Manager.execute(Manager.java:356)
	at ptolemy.actor.Manager.run(Manager.java:1263)
	at ptolemy.actor.Manager$PtolemyRunThread.run(Manager.java:1915)
Caused by: ptolemy.kernel.util.IllegalActionException: The SDF rate parameter may change. This is not allowed in SDF models that will be run through the code generator.  If you don't care about code generation, then you might consider setting the allowRateChanges parameter of the SDF director to false.
  in .badRateChanges.typed composite actor.Repeat.output.tokenProductionRate
	at ptolemy.domains.sdf.kernel.SDFScheduler._assertDynamicRateVariable(SDFScheduler.java:931)
	at ptolemy.domains.sdf.kernel.SDFScheduler._checkDynamicRateVariables(SDFScheduler.java:339)
	at ptolemy.domains.sdf.kernel.SDFScheduler._getSchedule(SDFScheduler.java:527)
	at ptolemy.actor.sched.Scheduler.getSchedule(Scheduler.java:189)
	at ptolemy.domains.sdf.kernel.SDFDirector.createSchedule(SDFDirector.java:408)
	... 11 more
java.lang.RuntimeException: Execution failed
	at ptolemy.moml.MoMLSimpleApplication$UnloadThread.run(MoMLSimpleApplication.java:402)
Caused by: ptolemy.kernel.util.IllegalActionException: Failed to compute schedule:
  in .badRateChanges2.typed composite actor.SDF Director
Because:
The SDF rate parameter may change. This is not allowed in SDF models that will be run through the code generator.  If you don't care about code generation, then you might consider setting the allowRateChanges parameter of the SDF director to false.
  in .badRateChanges2.typed composite actor.Repeat.output.tokenProductionRate
	at ptolemy.domains.sdf.kernel.SDFDirector.createSchedule(SDFDirector.java:418)
	at ptolemy.domains.sdf.kernel.SDFDirector.preinitialize(SDFDirector.java:764)
	at ptolemy.actor.CompositeActor.preinitialize(CompositeActor.java:1828)
	at ptolemy.actor.Director.preinitialize(Director.java:1302)
	at ptolemy.actor.Director.preinitialize(Director.java:1257)
	at ptolemy.domains.sdf.kernel.SDFDirector.preinitialize(SDFDirector.java:763)
	at ptolemy.actor.CompositeActor.preinitialize(CompositeActor.java:1828)
	at ptolemy.actor.Manager.preinitializeAndResolveTypes(Manager.java:1040)
	at ptolemy.actor.Manager.initialize(Manager.java:710)
	at ptolemy.actor.Manager.execute(Manager.java:356)
	at ptolemy.actor.Manager.run(Manager.java:1263)
	at ptolemy.actor.Manager$PtolemyRunThread.run(Manager.java:1915)
Caused by: ptolemy.kernel.util.IllegalActionException: The SDF rate parameter may change. This is not allowed in SDF models that will be run through the code generator.  If you don't care about code generation, then you might consider setting the allowRateChanges parameter of the SDF director to false.
  in .badRateChanges2.typed composite actor.Repeat.output.tokenProductionRate
	at ptolemy.domains.sdf.kernel.SDFScheduler._assertDynamicRateVariable(SDFScheduler.java:931)
	at ptolemy.domains.sdf.kernel.SDFScheduler._checkDynamicRateVariables(SDFScheduler.java:339)
	at ptolemy.domains.sdf.kernel.SDFScheduler._getSchedule(SDFScheduler.java:527)
	at ptolemy.actor.sched.Scheduler.getSchedule(Scheduler.java:189)
	at ptolemy.domains.sdf.kernel.SDFDirector.createSchedule(SDFDirector.java:408)
	... 11 more
java.lang.RuntimeException: Execution failed
	at ptolemy.moml.MoMLSimpleApplication$UnloadThread.run(MoMLSimpleApplication.java:402)
Caused by: ptolemy.actor.sched.NotSchedulableException: Actors remain that cannot be scheduled!

There are several possible reasons:
* SDF Graphs with feedback loops should have an actor with a delay in the loop, such as a SampleDelay.
* The SDF director has an "allowDisconnectedGraphs"parameter, which, when true, permits disconnected SDF graphs.
* The token consumption rate and production rates might be mismatched.
Usually, actors produce one token or consume one token on a port.  To produce or consume multiple tokens per firing, add a "tokenConsumptionRate" or "tokenProductionRate" parameter to the appropriate port.
Unscheduled actors:
.partiallyConnected.Const2 
Scheduled actors:
.partiallyConnected.Const 
  in .partiallyConnected.SDF Director.Scheduler
	at ptolemy.domains.sdf.kernel.SDFScheduler._scheduleConnectedActors(SDFScheduler.java:1828)
	at ptolemy.domains.sdf.kernel.SDFScheduler._getSchedule(SDFScheduler.java:587)
	at ptolemy.actor.sched.Scheduler.getSchedule(Scheduler.java:189)
	at ptolemy.domains.sdf.kernel.SDFDirector.createSchedule(SDFDirector.java:408)
	at ptolemy.domains.sdf.kernel.SDFDirector.preinitialize(SDFDirector.java:764)
	at ptolemy.actor.CompositeActor.preinitialize(CompositeActor.java:1828)
	at ptolemy.actor.Manager.preinitializeAndResolveTypes(Manager.java:1040)
	at ptolemy.actor.Manager.initialize(Manager.java:710)
	at ptolemy.actor.Manager.execute(Manager.java:356)
	at ptolemy.actor.Manager.run(Manager.java:1263)
	at ptolemy.actor.Manager$PtolemyRunThread.run(Manager.java:1915)
]]></system-err>
</testsuite>
