<?xml version="1.0" encoding="UTF-8" ?>
<testsuite errors="0" failures="0" hostname="travis-job-bc97e749-400d-45c6-9046-96bd7206f0fc" name="ptolemy.vergil.basic.export.test.junit.ExportModelJUnitTestBatch6" skipped="0" tests="100" time="938.447" timestamp="2020-08-05T16:15:11">
  <properties>
[...]
</properties>
  <testcase classname="ptolemy.vergil.basic.export.test.junit.ExportModelJUnitTestBatch6" name="[0] ptolemy/domains/modal/demo/SystemLevelType/ThreadB.xml (RunExportModel)" time="5.92" />
  <testcase classname="ptolemy.vergil.basic.export.test.junit.ExportModelJUnitTestBatch6" name="[1] ptolemy/domains/modal/demo/SystemLevelType/ThreadBNotifies.xml (RunExportModel)" time="3.506" />
  <testcase classname="ptolemy.vergil.basic.export.test.junit.ExportModelJUnitTestBatch6" name="[2] ptolemy/domains/modal/demo/SystemLevelType/Trigger.xml (RunExportModel)" time="3.321" />
  <testcase classname="ptolemy.vergil.basic.export.test.junit.ExportModelJUnitTestBatch6" name="[3] ptolemy/domains/modal/demo/SystemLevelType/UNKNOWN.xml (RunExportModel)" time="3.34" />
  <testcase classname="ptolemy.vergil.basic.export.test.junit.ExportModelJUnitTestBatch6" name="[4] ptolemy/domains/petrinet/demo/PetriNetDiningPhilosophers/PetriNetDiningPhilosophers.xml (RunExportModel)" time="5.705" />
  <testcase classname="ptolemy.vergil.basic.export.test.junit.ExportModelJUnitTestBatch6" name="[5] ptolemy/domains/petrinet/demo/PetriNetSimple/PetriNetSimple.xml (RunExportModel)" time="4.31" />
  <testcase classname="ptolemy.vergil.basic.export.test.junit.ExportModelJUnitTestBatch6" name="[6] ptolemy/domains/pn/demo/BrockAckerman/BrockAckerman.xml (RunExportModel)" time="4.977" />
  <testcase classname="ptolemy.vergil.basic.export.test.junit.ExportModelJUnitTestBatch6" name="[7] ptolemy/domains/pn/demo/CounterMachine/CounterMachine.xml (RunExportModel)" time="39.786" />
  <testcase classname="ptolemy.vergil.basic.export.test.junit.ExportModelJUnitTestBatch6" name="[8] ptolemy/domains/pn/demo/CounterMachine/CounterMachinePrelim.xml (RunExportModel)" time="6.035" />
  <testcase classname="ptolemy.vergil.basic.export.test.junit.ExportModelJUnitTestBatch6" name="[9] ptolemy/domains/pn/demo/CounterMachine/CounterMachineWithException.xml (RunExportModel)" time="9.041" />
  <testcase classname="ptolemy.vergil.basic.export.test.junit.ExportModelJUnitTestBatch6" name="[10] ptolemy/domains/pn/demo/NondeterministicMerge/NondeterministicMerge.xml (RunExportModel)" time="34.269" />
  <testcase classname="ptolemy.vergil.basic.export.test.junit.ExportModelJUnitTestBatch6" name="[11] ptolemy/domains/pn/demo/NondeterministicMergeWithFeedback/NondeterministicMergeWithFeedback.xml (RunExportModel)" time="4.391" />
  <testcase classname="ptolemy.vergil.basic.export.test.junit.ExportModelJUnitTestBatch6" name="[12] ptolemy/domains/pn/demo/OrderedMerge/OrderedMerge.xml (RunExportModel)" time="4.316" />
  <testcase classname="ptolemy.vergil.basic.export.test.junit.ExportModelJUnitTestBatch6" name="[13] ptolemy/domains/pn/demo/QR/QR.xml (RunExportModel)" time="4.279" />
  <testcase classname="ptolemy.vergil.basic.export.test.junit.ExportModelJUnitTestBatch6" name="[14] ptolemy/domains/pn/demo/RemoveNilTokens/RemoveNilTokens.xml (RunExportModel)" time="4.238" />
  <testcase classname="ptolemy.vergil.basic.export.test.junit.ExportModelJUnitTestBatch6" name="[15] ptolemy/domains/pn/demo/Stack/Stack.xml (RunExportModel)" time="4.776" />
  <testcase classname="ptolemy.vergil.basic.export.test.junit.ExportModelJUnitTestBatch6" name="[16] ptolemy/domains/psdf/demo/BlindCommunication/BlindCommunication.xml (RunExportModel)" time="7.539" />
  <testcase classname="ptolemy.vergil.basic.export.test.junit.ExportModelJUnitTestBatch6" name="[17] ptolemy/domains/psdf/demo/Speech/Speech.xml (RunExportModel)" time="4.803" />
  <testcase classname="ptolemy.vergil.basic.export.test.junit.ExportModelJUnitTestBatch6" name="[18] ptolemy/domains/ptera/demo/AdaptiveCarWash/AdaptiveCarWash.xml (RunExportModel)" time="7.066" />
  <testcase classname="ptolemy.vergil.basic.export.test.junit.ExportModelJUnitTestBatch6" name="[19] ptolemy/domains/ptera/demo/AdaptiveCarWash/AdaptiveCarWashFSM.xml (RunExportModel)" time="4.871" />
  <testcase classname="ptolemy.vergil.basic.export.test.junit.ExportModelJUnitTestBatch6" name="[20] ptolemy/domains/ptera/demo/CarWash/CarWash.xml (RunExportModel)" time="4.457" />
  <testcase classname="ptolemy.vergil.basic.export.test.junit.ExportModelJUnitTestBatch6" name="[21] ptolemy/domains/ptera/demo/CarWash/CarWashDE.xml (RunExportModel)" time="4.587" />
  <testcase classname="ptolemy.vergil.basic.export.test.junit.ExportModelJUnitTestBatch6" name="[22] ptolemy/domains/ptera/demo/SimultaneousCarWash/SimultaneousCarWash.xml (RunExportModel)" time="4.923" />
  <testcase classname="ptolemy.vergil.basic.export.test.junit.ExportModelJUnitTestBatch6" name="[23] ptolemy/domains/ptera/demo/TrafficLight/TrafficLight.xml (RunExportModel)" time="34.884" />
  <testcase classname="ptolemy.vergil.basic.export.test.junit.ExportModelJUnitTestBatch6" name="[24] ptolemy/domains/pthales/demo/AdaptiveBeamForming/AdaptiveBeamForming.xml (RunExportModel)" time="6.261" />
  <testcase classname="ptolemy.vergil.basic.export.test.junit.ExportModelJUnitTestBatch6" name="[25] ptolemy/domains/pthales/demo/HelloWorld/HelloWorld.xml (RunExportModel)" time="4.402" />
  <testcase classname="ptolemy.vergil.basic.export.test.junit.ExportModelJUnitTestBatch6" name="[26] ptolemy/domains/pthales/demo/Illustrative/Illustrative.xml (RunExportModel)" time="4.653" />
  <testcase classname="ptolemy.vergil.basic.export.test.junit.ExportModelJUnitTestBatch6" name="[27] ptolemy/domains/ptides/demo/ActuatorPattern/ActuatorPattern.xml (RunExportModel)" time="4.391" />
  <testcase classname="ptolemy.vergil.basic.export.test.junit.ExportModelJUnitTestBatch6" name="[28] ptolemy/domains/ptides/demo/Controller/Controller.xml (RunExportModel)" time="37.335" />
  <testcase classname="ptolemy.vergil.basic.export.test.junit.ExportModelJUnitTestBatch6" name="[29] ptolemy/domains/ptides/demo/CoSimulation/CoSimulation.xml (RunExportModel)" time="8.021" />
  <testcase classname="ptolemy.vergil.basic.export.test.junit.ExportModelJUnitTestBatch6" name="[30] ptolemy/domains/ptides/demo/DistributedPowerPlant/DistributedPowerPlant.xml (RunExportModel)" time="6.713" />
  <testcase classname="ptolemy.vergil.basic.export.test.junit.ExportModelJUnitTestBatch6" name="[31] ptolemy/domains/ptides/demo/LocalSource/LocalSource.xml (RunExportModel)" time="4.202" />
  <testcase classname="ptolemy.vergil.basic.export.test.junit.ExportModelJUnitTestBatch6" name="[32] ptolemy/domains/ptides/demo/MixedSimulator/MixedSimulator.xml (RunExportModel)" time="4.366" />
  <testcase classname="ptolemy.vergil.basic.export.test.junit.ExportModelJUnitTestBatch6" name="[33] ptolemy/domains/ptides/demo/MultiPlatformTDMA/MultiPlatformTDMA.xml (RunExportModel)" time="4.875" />
  <testcase classname="ptolemy.vergil.basic.export.test.junit.ExportModelJUnitTestBatch6" name="[34] ptolemy/domains/ptides/demo/MultipleCores/MultipleCores.xml (RunExportModel)" time="4.283" />
  <testcase classname="ptolemy.vergil.basic.export.test.junit.ExportModelJUnitTestBatch6" name="[35] ptolemy/domains/ptides/demo/PowerManagementUnitSamplingWithoutCurrentLocalTime/PowerManagementUnitSamplingWithoutCurrentLocalTime.xml (RunExportModel)" time="7.215" />
  <testcase classname="ptolemy.vergil.basic.export.test.junit.ExportModelJUnitTestBatch6" name="[36] ptolemy/domains/ptides/demo/PowerPlant/PowerPlant.xml (RunExportModel)" time="6.231" />
  <testcase classname="ptolemy.vergil.basic.export.test.junit.ExportModelJUnitTestBatch6" name="[37] ptolemy/domains/ptides/demo/PrintingPress/PrintingPress.xml (RunExportModel)" time="62.425" />
  <testcase classname="ptolemy.vergil.basic.export.test.junit.ExportModelJUnitTestBatch6" name="[38] ptolemy/domains/ptides/demo/PrintingPress/PrintingPress_AnimationsOnly.xml (RunExportModel)" time="15.933" />
  <testcase classname="ptolemy.vergil.basic.export.test.junit.ExportModelJUnitTestBatch6" name="[39] ptolemy/domains/ptides/demo/PtidesSynchrophasor/PtidesSynchrophasor.xml (RunExportModel)" time="7.634" />
  <testcase classname="ptolemy.vergil.basic.export.test.junit.ExportModelJUnitTestBatch6" name="[40] ptolemy/domains/ptides/demo/SRinPtides/SRinPtides.xml (RunExportModel)" time="5.714" />
  <testcase classname="ptolemy.vergil.basic.export.test.junit.ExportModelJUnitTestBatch6" name="[41] ptolemy/domains/ptides/demo/TREX/TREX.xml (RunExportModel)" time="37.412" />
  <testcase classname="ptolemy.vergil.basic.export.test.junit.ExportModelJUnitTestBatch6" name="[42] ptolemy/domains/ptides/demo/TTE/TTE.xml (RunExportModel)" time="6.027" />
  <testcase classname="ptolemy.vergil.basic.export.test.junit.ExportModelJUnitTestBatch6" name="[43] ptolemy/domains/qss/demo/BouncingBall/BouncingBall.xml (RunExportModel)" time="4.271" />
  <testcase classname="ptolemy.vergil.basic.export.test.junit.ExportModelJUnitTestBatch6" name="[44] ptolemy/domains/qss/demo/FirstOrder/FirstOrder.xml (RunExportModel)" time="4.147" />
  <testcase classname="ptolemy.vergil.basic.export.test.junit.ExportModelJUnitTestBatch6" name="[45] ptolemy/domains/qss/demo/FirstOrder/FirstOrderOscillating.xml (RunExportModel)" time="4.136" />
  <testcase classname="ptolemy.vergil.basic.export.test.junit.ExportModelJUnitTestBatch6" name="[46] ptolemy/domains/qss/demo/HelloWorld/HelloWorld.xml (RunExportModel)" time="4.157" />
  <testcase classname="ptolemy.vergil.basic.export.test.junit.ExportModelJUnitTestBatch6" name="[47] ptolemy/domains/qss/demo/HelloWorld/HelloWorldComputationallyExact.xml (RunExportModel)" time="4.232" />
  <testcase classname="ptolemy.vergil.basic.export.test.junit.ExportModelJUnitTestBatch6" name="[48] ptolemy/domains/qss/demo/HelloWorld/HelloWorldContinuous.xml (RunExportModel)" time="4.132" />
  <testcase classname="ptolemy.vergil.basic.export.test.junit.ExportModelJUnitTestBatch6" name="[49] ptolemy/domains/qss/demo/HelloWorld/HelloWorldPropagate.xml (RunExportModel)" time="4.159" />
  <testcase classname="ptolemy.vergil.basic.export.test.junit.ExportModelJUnitTestBatch6" name="[50] ptolemy/domains/qss/demo/HelloWorld/HelloWorldQSS1.xml (RunExportModel)" time="4.154" />
  <testcase classname="ptolemy.vergil.basic.export.test.junit.ExportModelJUnitTestBatch6" name="[51] ptolemy/domains/qss/demo/HelloWorld/HelloWorldQSS2.xml (RunExportModel)" time="4.131" />
  <testcase classname="ptolemy.vergil.basic.export.test.junit.ExportModelJUnitTestBatch6" name="[52] ptolemy/domains/qss/demo/Lorenz/Lorenz.xml (RunExportModel)" time="6.332" />
  <testcase classname="ptolemy.vergil.basic.export.test.junit.ExportModelJUnitTestBatch6" name="[53] ptolemy/domains/qss/demo/RLC/RLC.xml (RunExportModel)" time="4.306" />
  <testcase classname="ptolemy.vergil.basic.export.test.junit.ExportModelJUnitTestBatch6" name="[54] ptolemy/domains/qss/demo/SecondOrder/SecondOrder.xml (RunExportModel)" time="4.898" />
  <testcase classname="ptolemy.vergil.basic.export.test.junit.ExportModelJUnitTestBatch6" name="[55] ptolemy/domains/qss/demo/SecondOrder/SecondOrderContinuous.xml (RunExportModel)" time="4.309" />
  <testcase classname="ptolemy.vergil.basic.export.test.junit.ExportModelJUnitTestBatch6" name="[56] ptolemy/domains/qss/demo/SmoothToken/SmoothToken.xml (RunExportModel)" time="4.216" />
  <testcase classname="ptolemy.vergil.basic.export.test.junit.ExportModelJUnitTestBatch6" name="[57] ptolemy/domains/qss/demo/Thermal/Thermal.xml (RunExportModel)" time="4.369" />
  <testcase classname="ptolemy.vergil.basic.export.test.junit.ExportModelJUnitTestBatch6" name="[58] ptolemy/domains/rendezvous/demo/Barrier/Barrier.xml (RunExportModel)" time="35.021" />
  <testcase classname="ptolemy.vergil.basic.export.test.junit.ExportModelJUnitTestBatch6" name="[59] ptolemy/domains/rendezvous/demo/ResourcePool/ResourcePool.xml (RunExportModel)" time="34.193" />
  <testcase classname="ptolemy.vergil.basic.export.test.junit.ExportModelJUnitTestBatch6" name="[60] ptolemy/domains/rendezvous/demo/Sequencing/Sequencing.xml (RunExportModel)" time="4.153" />
  <testcase classname="ptolemy.vergil.basic.export.test.junit.ExportModelJUnitTestBatch6" name="[61] ptolemy/domains/rendezvous/demo/WriteRegulator/WriteRegulator.xml (RunExportModel)" time="34.996" />
  <testcase classname="ptolemy.vergil.basic.export.test.junit.ExportModelJUnitTestBatch6" name="[62] ptolemy/domains/scr/demo/FuelSystemSCR/FuelSystemSCR.xml (RunExportModel)" time="15.007" />
  <testcase classname="ptolemy.vergil.basic.export.test.junit.ExportModelJUnitTestBatch6" name="[63] ptolemy/domains/scr/demo/HelloWorldSCR/HelloWorldSCR.xml (RunExportModel)" time="4.331" />
  <testcase classname="ptolemy.vergil.basic.export.test.junit.ExportModelJUnitTestBatch6" name="[64] ptolemy/domains/scr/demo/SafetyInjection/SafetyInjection.xml (RunExportModel)" time="7.425" />
  <testcase classname="ptolemy.vergil.basic.export.test.junit.ExportModelJUnitTestBatch6" name="[65] ptolemy/domains/scr/demo/TrafficLight/TrafficLight.xml (RunExportModel)" time="4.484" />
  <testcase classname="ptolemy.vergil.basic.export.test.junit.ExportModelJUnitTestBatch6" name="[66] ptolemy/domains/sdf/demo/Array/Array.xml (RunExportModel)" time="4.233" />
  <testcase classname="ptolemy.vergil.basic.export.test.junit.ExportModelJUnitTestBatch6" name="[67] ptolemy/domains/sdf/demo/Butterfly/Butterfly.xml (RunExportModel)" time="4.232" />
  <testcase classname="ptolemy.vergil.basic.export.test.junit.ExportModelJUnitTestBatch6" name="[68] ptolemy/domains/sdf/demo/Expression/Expression.xml (RunExportModel)" time="4.17" />
  <testcase classname="ptolemy.vergil.basic.export.test.junit.ExportModelJUnitTestBatch6" name="[69] ptolemy/domains/sdf/demo/Eye/Eye.xml (RunExportModel)" time="4.691" />
  <testcase classname="ptolemy.vergil.basic.export.test.junit.ExportModelJUnitTestBatch6" name="[70] ptolemy/domains/sdf/demo/FixFIR/FixFIR.xml (RunExportModel)" time="4.316" />
  <testcase classname="ptolemy.vergil.basic.export.test.junit.ExportModelJUnitTestBatch6" name="[71] ptolemy/domains/sdf/demo/FixPoint/FixPoint.xml (RunExportModel)" time="4.115" />
  <testcase classname="ptolemy.vergil.basic.export.test.junit.ExportModelJUnitTestBatch6" name="[72] ptolemy/domains/sdf/demo/FourierSeries/FourierSeries.xml (RunExportModel)" time="4.183" />
  <testcase classname="ptolemy.vergil.basic.export.test.junit.ExportModelJUnitTestBatch6" name="[73] ptolemy/domains/sdf/demo/Gravitation/Gravitation.xml (RunExportModel)" time="15.117" />
  <testcase classname="ptolemy.vergil.basic.export.test.junit.ExportModelJUnitTestBatch6" name="[74] ptolemy/domains/sdf/demo/Gravitation/GravitationWithCollisionDetection.xml (RunExportModel)" time="34.336" />
  <testcase classname="ptolemy.vergil.basic.export.test.junit.ExportModelJUnitTestBatch6" name="[75] ptolemy/domains/sdf/demo/HTVQ/HTVQ.xml (RunExportModel)" time="4.831" />
  <testcase classname="ptolemy.vergil.basic.export.test.junit.ExportModelJUnitTestBatch6" name="[76] ptolemy/domains/sdf/demo/LMSAdaptive/LMSAdaptive.xml (RunExportModel)" time="34.187" />
  <testcase classname="ptolemy.vergil.basic.export.test.junit.ExportModelJUnitTestBatch6" name="[77] ptolemy/domains/sdf/demo/LogisticMap/LogisticMap.xml (RunExportModel)" time="34.201" />
  <testcase classname="ptolemy.vergil.basic.export.test.junit.ExportModelJUnitTestBatch6" name="[78] ptolemy/domains/sdf/demo/MaximumEntropySpectrum/MaximumEntropySpectrum.xml (RunExportModel)" time="4.637" />
  <testcase classname="ptolemy.vergil.basic.export.test.junit.ExportModelJUnitTestBatch6" name="[79] ptolemy/domains/sdf/demo/ModelDisplay/ModelDisplay.xml (RunExportModel)" time="34.232" />
  <testcase classname="ptolemy.vergil.basic.export.test.junit.ExportModelJUnitTestBatch6" name="[80] ptolemy/domains/sdf/demo/MultipleRuns/MultipleRuns.xml (RunExportModel)" time="4.341" />
  <testcase classname="ptolemy.vergil.basic.export.test.junit.ExportModelJUnitTestBatch6" name="[81] ptolemy/domains/sdf/demo/NoisySinewave/NoisySinewave.xml (RunExportModel)" time="4.344" />
  <testcase classname="ptolemy.vergil.basic.export.test.junit.ExportModelJUnitTestBatch6" name="[82] ptolemy/domains/sdf/demo/OrthogonalCom/OrthogonalCom.xml (RunExportModel)" time="4.256" />
  <testcase classname="ptolemy.vergil.basic.export.test.junit.ExportModelJUnitTestBatch6" name="[83] ptolemy/domains/sdf/demo/RijndaelEncryption/RijndaelEncryption.xml (RunExportModel)" time="5.609" />
  <testcase classname="ptolemy.vergil.basic.export.test.junit.ExportModelJUnitTestBatch6" name="[84] ptolemy/domains/sdf/demo/Sketch/Sketch.xml (RunExportModel)" time="4.21" />
  <testcase classname="ptolemy.vergil.basic.export.test.junit.ExportModelJUnitTestBatch6" name="[85] ptolemy/domains/sdf/demo/SoundSpectrum/SoundSpectrum.xml (RunExportModel)" time="3.235" />
  <testcase classname="ptolemy.vergil.basic.export.test.junit.ExportModelJUnitTestBatch6" name="[86] ptolemy/domains/sdf/demo/Spectrum/Spectrum.xml (RunExportModel)" time="4.287" />
  <testcase classname="ptolemy.vergil.basic.export.test.junit.ExportModelJUnitTestBatch6" name="[87] ptolemy/domains/sdf/demo/SynthesizedVoice/SynthesizedVoice.xml (RunExportModel)" time="3.147" />
  <testcase classname="ptolemy.vergil.basic.export.test.junit.ExportModelJUnitTestBatch6" name="[88] ptolemy/domains/sdf/demo/Type/Type.xml (RunExportModel)" time="4.161" />
  <testcase classname="ptolemy.vergil.basic.export.test.junit.ExportModelJUnitTestBatch6" name="[89] ptolemy/domains/sdf/optimize/demo/SDFOptimize/SDFOptimize.xml (RunExportModel)" time="4.143" />
  <testcase classname="ptolemy.vergil.basic.export.test.junit.ExportModelJUnitTestBatch6" name="[90] ptolemy/domains/sequence/demo/HelloWorld/HelloWorld.xml (RunExportModel)" time="4.142" />
  <testcase classname="ptolemy.vergil.basic.export.test.junit.ExportModelJUnitTestBatch6" name="[91] ptolemy/domains/sequence/demo/SequencedActors/SequencedActors.xml (RunExportModel)" time="3.104" />
  <testcase classname="ptolemy.vergil.basic.export.test.junit.ExportModelJUnitTestBatch6" name="[92] ptolemy/domains/sequence/demo/SequencedActors/SequencedIntegratorMultipleInstances.xml (RunExportModel)" time="4.204" />
  <testcase classname="ptolemy.vergil.basic.export.test.junit.ExportModelJUnitTestBatch6" name="[93] ptolemy/domains/sequence/demo/SequencedActors/SequencedVariableMultipleInstances.xml (RunExportModel)" time="4.15" />
  <testcase classname="ptolemy.vergil.basic.export.test.junit.ExportModelJUnitTestBatch6" name="[94] ptolemy/domains/sequence/demo/Visual/Visual.xml (RunExportModel)" time="4.159" />
  <testcase classname="ptolemy.vergil.basic.export.test.junit.ExportModelJUnitTestBatch6" name="[95] ptolemy/domains/space/demo/DOPCenter/DOPCenter.xml (RunExportModel)" time="6.801" />
  <testcase classname="ptolemy.vergil.basic.export.test.junit.ExportModelJUnitTestBatch6" name="[96] ptolemy/domains/space/demo/DOPCenter/Placard.xml (RunExportModel)" time="6.758" />
  <testcase classname="ptolemy.vergil.basic.export.test.junit.ExportModelJUnitTestBatch6" name="[97] ptolemy/domains/sr/demo/FeedbackLoop/FeedbackLoop.xml (RunExportModel)" time="4.186" />
  <testcase classname="ptolemy.vergil.basic.export.test.junit.ExportModelJUnitTestBatch6" name="[98] ptolemy/domains/sr/demo/GuardedCount/GuardedCount.xml (RunExportModel)" time="4.215" />
  <testcase classname="ptolemy.vergil.basic.export.test.junit.ExportModelJUnitTestBatch6" name="[99] ptolemy/domains/sr/demo/GuardedCount/GuardedCountTimed.xml (RunExportModel)" time="4.173" />
  <system-out><![CDATA[ExportModeJUnitTestBatch: There are 744 demos. Exporting demos: 591 to 690.
####### 1 Wed Aug 05 16:15:11 UTC 2020 $PTII/bin/ptinvoke ptolemy.vergil.basic.export.ExportModel -force htm  -openComposites -timeOut 30000 -whiteBackground ptolemy/domains/modal/demo/SystemLevelType/ThreadB.xml $PTII/ptolemy/domains/modal/demo/SystemLevelType/ThreadB
Warning: not running ptolemy/domains/modal/demo/SystemLevelType/ThreadB.xml. See ptolemy/vergil/basic/export/test/junit/ExportModelJUnitTest.java
Exported /home/travis/build/icyphy/ptII/ptolemy/domains/modal/demo/SystemLevelType/ThreadB/index.html
5838 ms. Memory: 129024K Free: 75458K (58%)
####### 2 Wed Aug 05 16:15:17 UTC 2020 $PTII/bin/ptinvoke ptolemy.vergil.basic.export.ExportModel -force htm  -openComposites -timeOut 30000 -whiteBackground ptolemy/domains/modal/demo/SystemLevelType/ThreadBNotifies.xml $PTII/ptolemy/domains/modal/demo/SystemLevelType/ThreadBNotifies
Warning: not running ptolemy/domains/modal/demo/SystemLevelType/ThreadBNotifies.xml. See ptolemy/vergil/basic/export/test/junit/ExportModelJUnitTest.java
Exported /home/travis/build/icyphy/ptII/ptolemy/domains/modal/demo/SystemLevelType/ThreadBNotifies/index.html
3505 ms. Memory: 129024K Free: 92306K (72%)
####### 3 Wed Aug 05 16:15:20 UTC 2020 $PTII/bin/ptinvoke ptolemy.vergil.basic.export.ExportModel -force htm  -openComposites -timeOut 30000 -whiteBackground ptolemy/domains/modal/demo/SystemLevelType/Trigger.xml $PTII/ptolemy/domains/modal/demo/SystemLevelType/Trigger
Warning: not running ptolemy/domains/modal/demo/SystemLevelType/Trigger.xml. See ptolemy/vergil/basic/export/test/junit/ExportModelJUnitTest.java
Exported /home/travis/build/icyphy/ptII/ptolemy/domains/modal/demo/SystemLevelType/Trigger/index.html
3319 ms. Memory: 129024K Free: 57285K (44%)
####### 4 Wed Aug 05 16:15:24 UTC 2020 $PTII/bin/ptinvoke ptolemy.vergil.basic.export.ExportModel -force htm  -openComposites -timeOut 30000 -whiteBackground ptolemy/domains/modal/demo/SystemLevelType/UNKNOWN.xml $PTII/ptolemy/domains/modal/demo/SystemLevelType/UNKNOWN
Warning: not running ptolemy/domains/modal/demo/SystemLevelType/UNKNOWN.xml. See ptolemy/vergil/basic/export/test/junit/ExportModelJUnitTest.java
Exported /home/travis/build/icyphy/ptII/ptolemy/domains/modal/demo/SystemLevelType/UNKNOWN/index.html
3340 ms. Memory: 155648K Free: 44822K (29%)
####### 5 Wed Aug 05 16:15:27 UTC 2020 $PTII/bin/ptinvoke ptolemy.vergil.basic.export.ExportModel -force htm -run -openComposites -timeOut 30000 -whiteBackground ptolemy/domains/petrinet/demo/PetriNetDiningPhilosophers/PetriNetDiningPhilosophers.xml $PTII/ptolemy/domains/petrinet/demo/PetriNetDiningPhilosophers/PetriNetDiningPhilosophers
Running .PetriNetDiningPhilosophers
56 ms. Memory: 155648K Free: 94633K (61%)
Exported /home/travis/build/icyphy/ptII/ptolemy/domains/petrinet/demo/PetriNetDiningPhilosophers/PetriNetDiningPhilosophers/index.html
5703 ms. Memory: 155648K Free: 48239K (31%)
####### 6 Wed Aug 05 16:15:33 UTC 2020 $PTII/bin/ptinvoke ptolemy.vergil.basic.export.ExportModel -force htm -run -openComposites -timeOut 30000 -whiteBackground ptolemy/domains/petrinet/demo/PetriNetSimple/PetriNetSimple.xml $PTII/ptolemy/domains/petrinet/demo/PetriNetSimple/PetriNetSimple
Running .PetriNetSimple
16 ms. Memory: 155648K Free: 65643K (42%)
Exported /home/travis/build/icyphy/ptII/ptolemy/domains/petrinet/demo/PetriNetSimple/PetriNetSimple/index.html
4310 ms. Memory: 155648K Free: 107678K (69%)
####### 7 Wed Aug 05 16:15:37 UTC 2020 $PTII/bin/ptinvoke ptolemy.vergil.basic.export.ExportModel -force htm -run -openComposites -timeOut 30000 -whiteBackground ptolemy/domains/pn/demo/BrockAckerman/BrockAckerman.xml $PTII/ptolemy/domains/pn/demo/BrockAckerman/BrockAckerman
Running .BrockAckerman
77 ms. Memory: 155648K Free: 106627K (69%)
Exported /home/travis/build/icyphy/ptII/ptolemy/domains/pn/demo/BrockAckerman/BrockAckerman/index.html
4977 ms. Memory: 155648K Free: 113770K (73%)
####### 8 Wed Aug 05 16:15:42 UTC 2020 $PTII/bin/ptinvoke ptolemy.vergil.basic.export.ExportModel -force htm -run -openComposites -timeOut 30000 -whiteBackground ptolemy/domains/pn/demo/CounterMachine/CounterMachine.xml $PTII/ptolemy/domains/pn/demo/CounterMachine/CounterMachine
Running .CounterMachine
ExportHTMLTimer went off after 30000 ms., calling getDirector().finish and getDirector().stopFire()
30035 ms. Memory: 225280K Free: 176152K (78%)
Exported /home/travis/build/icyphy/ptII/ptolemy/domains/pn/demo/CounterMachine/CounterMachine/index.html
39784 ms. Memory: 225280K Free: 28238K (13%)
####### 9 Wed Aug 05 16:16:22 UTC 2020 $PTII/bin/ptinvoke ptolemy.vergil.basic.export.ExportModel -force htm -run -openComposites -timeOut 30000 -whiteBackground ptolemy/domains/pn/demo/CounterMachine/CounterMachinePrelim.xml $PTII/ptolemy/domains/pn/demo/CounterMachine/CounterMachinePrelim
Running .CounterMachinePrelim
127 ms. Memory: 225280K Free: 134112K (60%)
Exported /home/travis/build/icyphy/ptII/ptolemy/domains/pn/demo/CounterMachine/CounterMachinePrelim/index.html
6034 ms. Memory: 274432K Free: 198312K (72%)
####### 10 Wed Aug 05 16:16:28 UTC 2020 $PTII/bin/ptinvoke ptolemy.vergil.basic.export.ExportModel -force htm -run -openComposites -timeOut 30000 -whiteBackground ptolemy/domains/pn/demo/CounterMachine/CounterMachineWithException.xml $PTII/ptolemy/domains/pn/demo/CounterMachine/CounterMachineWithException
Running .CounterMachineWithException
440 ms. Memory: 410624K Free: 273013K (66%)
Exported /home/travis/build/icyphy/ptII/ptolemy/domains/pn/demo/CounterMachine/CounterMachineWithException/index.html
9041 ms. Memory: 493568K Free: 312108K (63%)
####### 11 Wed Aug 05 16:16:37 UTC 2020 $PTII/bin/ptinvoke ptolemy.vergil.basic.export.ExportModel -force htm -run -openComposites -timeOut 30000 -whiteBackground ptolemy/domains/pn/demo/NondeterministicMerge/NondeterministicMerge.xml $PTII/ptolemy/domains/pn/demo/NondeterministicMerge/NondeterministicMerge
Running .NondeterministicMerge
ExportHTMLTimer went off after 30000 ms., calling getDirector().finish and getDirector().stopFire()
30018 ms. Memory: 493568K Free: 215346K (44%)
Exported /home/travis/build/icyphy/ptII/ptolemy/domains/pn/demo/NondeterministicMerge/NondeterministicMerge/index.html
34269 ms. Memory: 493568K Free: 154401K (31%)
####### 12 Wed Aug 05 16:17:11 UTC 2020 $PTII/bin/ptinvoke ptolemy.vergil.basic.export.ExportModel -force htm -run -openComposites -timeOut 30000 -whiteBackground ptolemy/domains/pn/demo/NondeterministicMergeWithFeedback/NondeterministicMergeWithFeedback.xml $PTII/ptolemy/domains/pn/demo/NondeterministicMergeWithFeedback/NondeterministicMergeWithFeedback
Running .NondeterministicMergeWithFeedback
74 ms. Memory: 493568K Free: 361780K (73%)
Exported /home/travis/build/icyphy/ptII/ptolemy/domains/pn/demo/NondeterministicMergeWithFeedback/NondeterministicMergeWithFeedback/index.html
4390 ms. Memory: 493568K Free: 282390K (57%)
####### 13 Wed Aug 05 16:17:15 UTC 2020 $PTII/bin/ptinvoke ptolemy.vergil.basic.export.ExportModel -force htm -run -openComposites -timeOut 30000 -whiteBackground ptolemy/domains/pn/demo/OrderedMerge/OrderedMerge.xml $PTII/ptolemy/domains/pn/demo/OrderedMerge/OrderedMerge
Running .OrderedMerge
106 ms. Memory: 493568K Free: 169268K (34%)
Exported /home/travis/build/icyphy/ptII/ptolemy/domains/pn/demo/OrderedMerge/OrderedMerge/index.html
4314 ms. Memory: 493568K Free: 134433K (27%)
####### 14 Wed Aug 05 16:17:20 UTC 2020 $PTII/bin/ptinvoke ptolemy.vergil.basic.export.ExportModel -force htm -run -openComposites -timeOut 30000 -whiteBackground ptolemy/domains/pn/demo/QR/QR.xml $PTII/ptolemy/domains/pn/demo/QR/QR
Running .QR
50 ms. Memory: 493568K Free: 328500K (67%)
Exported /home/travis/build/icyphy/ptII/ptolemy/domains/pn/demo/QR/QR/index.html
4278 ms. Memory: 493568K Free: 289047K (59%)
####### 15 Wed Aug 05 16:17:24 UTC 2020 $PTII/bin/ptinvoke ptolemy.vergil.basic.export.ExportModel -force htm -run -openComposites -timeOut 30000 -whiteBackground ptolemy/domains/pn/demo/RemoveNilTokens/RemoveNilTokens.xml $PTII/ptolemy/domains/pn/demo/RemoveNilTokens/RemoveNilTokens
Running .RemoveNilTokens
30 ms. Memory: 493568K Free: 175924K (36%)
Exported /home/travis/build/icyphy/ptII/ptolemy/domains/pn/demo/RemoveNilTokens/RemoveNilTokens/index.html
4237 ms. Memory: 493568K Free: 148759K (30%)
####### 16 Wed Aug 05 16:17:28 UTC 2020 $PTII/bin/ptinvoke ptolemy.vergil.basic.export.ExportModel -force htm -run -openComposites -timeOut 30000 -whiteBackground ptolemy/domains/pn/demo/Stack/Stack.xml $PTII/ptolemy/domains/pn/demo/Stack/Stack
Running .Stack
94 ms. Memory: 493568K Free: 180808K (37%)
Exported /home/travis/build/icyphy/ptII/ptolemy/domains/pn/demo/Stack/Stack/index.html
4775 ms. Memory: 493568K Free: 341530K (69%)
####### 17 Wed Aug 05 16:17:33 UTC 2020 $PTII/bin/ptinvoke ptolemy.vergil.basic.export.ExportModel -force htm -run -openComposites -timeOut 30000 -whiteBackground ptolemy/domains/psdf/demo/BlindCommunication/BlindCommunication.xml $PTII/ptolemy/domains/psdf/demo/BlindCommunication/BlindCommunication
Running .BlindCommunication
2177 ms. Memory: 493568K Free: 384192K (78%)
Exported /home/travis/build/icyphy/ptII/ptolemy/domains/psdf/demo/BlindCommunication/BlindCommunication/index.html
7538 ms. Memory: 493568K Free: 241636K (49%)
####### 18 Wed Aug 05 16:17:41 UTC 2020 $PTII/bin/ptinvoke ptolemy.vergil.basic.export.ExportModel -force htm -run -openComposites -timeOut 30000 -whiteBackground ptolemy/domains/psdf/demo/Speech/Speech.xml $PTII/ptolemy/domains/psdf/demo/Speech/Speech
Running .Speech
412 ms. Memory: 493568K Free: 357923K (73%)
Exported /home/travis/build/icyphy/ptII/ptolemy/domains/psdf/demo/Speech/Speech/index.html
4802 ms. Memory: 493568K Free: 241157K (49%)
####### 19 Wed Aug 05 16:17:45 UTC 2020 $PTII/bin/ptinvoke ptolemy.vergil.basic.export.ExportModel -force htm -run -openComposites -timeOut 30000 -whiteBackground ptolemy/domains/ptera/demo/AdaptiveCarWash/AdaptiveCarWash.xml $PTII/ptolemy/domains/ptera/demo/AdaptiveCarWash/AdaptiveCarWash
Running .AdaptiveCarWash
777 ms. Memory: 493568K Free: 272384K (55%)
Exported /home/travis/build/icyphy/ptII/ptolemy/domains/ptera/demo/AdaptiveCarWash/AdaptiveCarWash/index.html
7066 ms. Memory: 493568K Free: 262057K (53%)
####### 20 Wed Aug 05 16:17:53 UTC 2020 $PTII/bin/ptinvoke ptolemy.vergil.basic.export.ExportModel -force htm -run -openComposites -timeOut 30000 -whiteBackground ptolemy/domains/ptera/demo/AdaptiveCarWash/AdaptiveCarWashFSM.xml $PTII/ptolemy/domains/ptera/demo/AdaptiveCarWash/AdaptiveCarWashFSM
Running .AdaptiveCarWashFSM
431 ms. Memory: 493568K Free: 337595K (68%)
Exported /home/travis/build/icyphy/ptII/ptolemy/domains/ptera/demo/AdaptiveCarWash/AdaptiveCarWashFSM/index.html
4871 ms. Memory: 493568K Free: 172720K (35%)
####### 21 Wed Aug 05 16:17:57 UTC 2020 $PTII/bin/ptinvoke ptolemy.vergil.basic.export.ExportModel -force htm -run -openComposites -timeOut 30000 -whiteBackground ptolemy/domains/ptera/demo/CarWash/CarWash.xml $PTII/ptolemy/domains/ptera/demo/CarWash/CarWash
Running .CarWash
161 ms. Memory: 493568K Free: 282332K (57%)
Exported /home/travis/build/icyphy/ptII/ptolemy/domains/ptera/demo/CarWash/CarWash/index.html
4457 ms. Memory: 493568K Free: 251597K (51%)
####### 22 Wed Aug 05 16:18:02 UTC 2020 $PTII/bin/ptinvoke ptolemy.vergil.basic.export.ExportModel -force htm -run -openComposites -timeOut 30000 -whiteBackground ptolemy/domains/ptera/demo/CarWash/CarWashDE.xml $PTII/ptolemy/domains/ptera/demo/CarWash/CarWashDE
Running .CarWashDE
185 ms. Memory: 493568K Free: 109276K (22%)
Exported /home/travis/build/icyphy/ptII/ptolemy/domains/ptera/demo/CarWash/CarWashDE/index.html
4587 ms. Memory: 493568K Free: 258750K (52%)
####### 23 Wed Aug 05 16:18:06 UTC 2020 $PTII/bin/ptinvoke ptolemy.vergil.basic.export.ExportModel -force htm -run -openComposites -timeOut 30000 -whiteBackground ptolemy/domains/ptera/demo/SimultaneousCarWash/SimultaneousCarWash.xml $PTII/ptolemy/domains/ptera/demo/SimultaneousCarWash/SimultaneousCarWash
Running .SimultaneousCarWash
448 ms. Memory: 493568K Free: 358122K (73%)
Exported /home/travis/build/icyphy/ptII/ptolemy/domains/ptera/demo/SimultaneousCarWash/SimultaneousCarWash/index.html
4921 ms. Memory: 493568K Free: 171205K (35%)
####### 24 Wed Aug 05 16:18:11 UTC 2020 $PTII/bin/ptinvoke ptolemy.vergil.basic.export.ExportModel -force htm -run -openComposites -timeOut 30000 -whiteBackground ptolemy/domains/ptera/demo/TrafficLight/TrafficLight.xml $PTII/ptolemy/domains/ptera/demo/TrafficLight/TrafficLight
Running .TrafficLight
ExportHTMLTimer went off after 30000 ms., calling getDirector().finish and getDirector().stopFire()
30001 ms. Memory: 493568K Free: 283370K (57%)
Exported /home/travis/build/icyphy/ptII/ptolemy/domains/ptera/demo/TrafficLight/TrafficLight/index.html
34883 ms. Memory: 493568K Free: 227045K (46%)
####### 25 Wed Aug 05 16:18:46 UTC 2020 $PTII/bin/ptinvoke ptolemy.vergil.basic.export.ExportModel -force htm -run -openComposites -timeOut 30000 -whiteBackground ptolemy/domains/pthales/demo/AdaptiveBeamForming/AdaptiveBeamForming.xml $PTII/ptolemy/domains/pthales/demo/AdaptiveBeamForming/AdaptiveBeamForming
Running .AdaptiveBeamForming
1991 ms. Memory: 181248K Free: 35631K (20%)
Exported /home/travis/build/icyphy/ptII/ptolemy/domains/pthales/demo/AdaptiveBeamForming/AdaptiveBeamForming/index.html
6259 ms. Memory: 181248K Free: 57441K (32%)
####### 26 Wed Aug 05 16:18:53 UTC 2020 $PTII/bin/ptinvoke ptolemy.vergil.basic.export.ExportModel -force htm -run -openComposites -timeOut 30000 -whiteBackground ptolemy/domains/pthales/demo/HelloWorld/HelloWorld.xml $PTII/ptolemy/domains/pthales/demo/HelloWorld/HelloWorld
Running .HelloWorld
135 ms. Memory: 178176K Free: 121044K (68%)
Exported /home/travis/build/icyphy/ptII/ptolemy/domains/pthales/demo/HelloWorld/HelloWorld/index.html
4400 ms. Memory: 178176K Free: 39605K (22%)
####### 27 Wed Aug 05 16:18:57 UTC 2020 $PTII/bin/ptinvoke ptolemy.vergil.basic.export.ExportModel -force htm -run -openComposites -timeOut 30000 -whiteBackground ptolemy/domains/pthales/demo/Illustrative/Illustrative.xml $PTII/ptolemy/domains/pthales/demo/Illustrative/Illustrative
Running .Illustrative
213 ms. Memory: 178176K Free: 66881K (38%)
Exported /home/travis/build/icyphy/ptII/ptolemy/domains/pthales/demo/Illustrative/Illustrative/index.html
4653 ms. Memory: 178176K Free: 74093K (42%)
####### 28 Wed Aug 05 16:19:02 UTC 2020 $PTII/bin/ptinvoke ptolemy.vergil.basic.export.ExportModel -force htm -run -openComposites -timeOut 30000 -whiteBackground ptolemy/domains/ptides/demo/ActuatorPattern/ActuatorPattern.xml $PTII/ptolemy/domains/ptides/demo/ActuatorPattern/ActuatorPattern
Running .ActuatorPattern
31 ms. Memory: 178176K Free: 44891K (25%)
Exported /home/travis/build/icyphy/ptII/ptolemy/domains/ptides/demo/ActuatorPattern/ActuatorPattern/index.html
4389 ms. Memory: 178176K Free: 60450K (34%)
####### 29 Wed Aug 05 16:19:06 UTC 2020 $PTII/bin/ptinvoke ptolemy.vergil.basic.export.ExportModel -force htm -run -openComposites -timeOut 30000 -whiteBackground ptolemy/domains/ptides/demo/Controller/Controller.xml $PTII/ptolemy/domains/ptides/demo/Controller/Controller
Running .Controller
WARNING: The execution aspects in this model can influence the timing of actors by delaying the 
execution, potentially changing the behavior. There is no guarantee that actors fire at the 
time they request to be fired. 
Use Ptides for deterministic DE behavior that is not influenced by execution aspects. 

ExportHTMLTimer went off after 30000 ms., calling getDirector().finish and getDirector().stopFire()
30014 ms. Memory: 309248K Free: 111622K (36%)
Exported /home/travis/build/icyphy/ptII/ptolemy/domains/ptides/demo/Controller/Controller/index.html
37334 ms. Memory: 309248K Free: 103600K (34%)
####### 30 Wed Aug 05 16:19:43 UTC 2020 $PTII/bin/ptinvoke ptolemy.vergil.basic.export.ExportModel -force htm -run -openComposites -timeOut 30000 -whiteBackground ptolemy/domains/ptides/demo/CoSimulation/CoSimulation.xml $PTII/ptolemy/domains/ptides/demo/CoSimulation/CoSimulation
Running .CoSimulation
1029 ms. Memory: 371712K Free: 240233K (65%)
Exported /home/travis/build/icyphy/ptII/ptolemy/domains/ptides/demo/CoSimulation/CoSimulation/index.html
8021 ms. Memory: 446464K Free: 193321K (43%)
####### 31 Wed Aug 05 16:19:51 UTC 2020 $PTII/bin/ptinvoke ptolemy.vergil.basic.export.ExportModel -force htm -run -openComposites -timeOut 30000 -whiteBackground ptolemy/domains/ptides/demo/DistributedPowerPlant/DistributedPowerPlant.xml $PTII/ptolemy/domains/ptides/demo/DistributedPowerPlant/DistributedPowerPlant
Running .DistributedPowerPlant
277 ms. Memory: 446464K Free: 177433K (40%)
Exported /home/travis/build/icyphy/ptII/ptolemy/domains/ptides/demo/DistributedPowerPlant/DistributedPowerPlant/index.html
6713 ms. Memory: 536576K Free: 119852K (22%)
####### 32 Wed Aug 05 16:19:58 UTC 2020 $PTII/bin/ptinvoke ptolemy.vergil.basic.export.ExportModel -force htm -run -openComposites -timeOut 30000 -whiteBackground ptolemy/domains/ptides/demo/LocalSource/LocalSource.xml $PTII/ptolemy/domains/ptides/demo/LocalSource/LocalSource
Running .LocalSource
12 ms. Memory: 536576K Free: 331825K (62%)
Exported /home/travis/build/icyphy/ptII/ptolemy/domains/ptides/demo/LocalSource/LocalSource/index.html
4201 ms. Memory: 536576K Free: 259100K (48%)
####### 33 Wed Aug 05 16:20:02 UTC 2020 $PTII/bin/ptinvoke ptolemy.vergil.basic.export.ExportModel -force htm -run -openComposites -timeOut 30000 -whiteBackground ptolemy/domains/ptides/demo/MixedSimulator/MixedSimulator.xml $PTII/ptolemy/domains/ptides/demo/MixedSimulator/MixedSimulator
Running .MixedSimulator
50 ms. Memory: 536576K Free: 135734K (25%)
Exported /home/travis/build/icyphy/ptII/ptolemy/domains/ptides/demo/MixedSimulator/MixedSimulator/index.html
4365 ms. Memory: 536576K Free: 282161K (53%)
####### 34 Wed Aug 05 16:20:07 UTC 2020 $PTII/bin/ptinvoke ptolemy.vergil.basic.export.ExportModel -force htm -run -openComposites -timeOut 30000 -whiteBackground ptolemy/domains/ptides/demo/MultiPlatformTDMA/MultiPlatformTDMA.xml $PTII/ptolemy/domains/ptides/demo/MultiPlatformTDMA/MultiPlatformTDMA
Running .MultiPlatformTDMA
156 ms. Memory: 536576K Free: 351598K (66%)
Exported /home/travis/build/icyphy/ptII/ptolemy/domains/ptides/demo/MultiPlatformTDMA/MultiPlatformTDMA/index.html
4874 ms. Memory: 536576K Free: 358640K (67%)
####### 35 Wed Aug 05 16:20:11 UTC 2020 $PTII/bin/ptinvoke ptolemy.vergil.basic.export.ExportModel -force htm -run -openComposites -timeOut 30000 -whiteBackground ptolemy/domains/ptides/demo/MultipleCores/MultipleCores.xml $PTII/ptolemy/domains/ptides/demo/MultipleCores/MultipleCores
Running .MultipleCores
13 ms. Memory: 536576K Free: 237921K (44%)
Exported /home/travis/build/icyphy/ptII/ptolemy/domains/ptides/demo/MultipleCores/MultipleCores/index.html
4283 ms. Memory: 536576K Free: 156518K (29%)
####### 36 Wed Aug 05 16:20:16 UTC 2020 $PTII/bin/ptinvoke ptolemy.vergil.basic.export.ExportModel -force htm -run -openComposites -timeOut 30000 -whiteBackground ptolemy/domains/ptides/demo/PowerManagementUnitSamplingWithoutCurrentLocalTime/PowerManagementUnitSamplingWithoutCurrentLocalTime.xml $PTII/ptolemy/domains/ptides/demo/PowerManagementUnitSamplingWithoutCurrentLocalTime/PowerManagementUnitSamplingWithoutCurrentLocalTime
Running .PowerManagementUnitSamplingWithoutCurrentLocalTime
102 ms. Memory: 536576K Free: 203041K (38%)
Exported /home/travis/build/icyphy/ptII/ptolemy/domains/ptides/demo/PowerManagementUnitSamplingWithoutCurrentLocalTime/PowerManagementUnitSamplingWithoutCurrentLocalTime/index.html
7214 ms. Memory: 536576K Free: 95940K (18%)
####### 37 Wed Aug 05 16:20:23 UTC 2020 $PTII/bin/ptinvoke ptolemy.vergil.basic.export.ExportModel -force htm -run -openComposites -timeOut 30000 -whiteBackground ptolemy/domains/ptides/demo/PowerPlant/PowerPlant.xml $PTII/ptolemy/domains/ptides/demo/PowerPlant/PowerPlant
Running .PowerPlant
194 ms. Memory: 536576K Free: 190835K (36%)
Exported /home/travis/build/icyphy/ptII/ptolemy/domains/ptides/demo/PowerPlant/PowerPlant/index.html
6230 ms. Memory: 536576K Free: 345058K (64%)
####### 38 Wed Aug 05 16:20:29 UTC 2020 $PTII/bin/ptinvoke ptolemy.vergil.basic.export.ExportModel -force htm -run -openComposites -timeOut 30000 -whiteBackground ptolemy/domains/ptides/demo/PrintingPress/PrintingPress.xml $PTII/ptolemy/domains/ptides/demo/PrintingPress/PrintingPress
Running .PrintingPress
ExportHTMLTimer went off after 30000 ms., calling getDirector().finish and getDirector().stopFire()
30005 ms. Memory: 536576K Free: 82657K (15%)
Exported /home/travis/build/icyphy/ptII/ptolemy/domains/ptides/demo/PrintingPress/PrintingPress/index.html
62425 ms. Memory: 851968K Free: 332317K (39%)
####### 39 Wed Aug 05 16:21:32 UTC 2020 $PTII/bin/ptinvoke ptolemy.vergil.basic.export.ExportModel -force htm -run -openComposites -timeOut 30000 -whiteBackground ptolemy/domains/ptides/demo/PrintingPress/PrintingPress_AnimationsOnly.xml $PTII/ptolemy/domains/ptides/demo/PrintingPress/PrintingPress_AnimationsOnly
Running .PrintingPress_AnimationsOnly
10456 ms. Memory: 851968K Free: 541012K (64%)
Exported /home/travis/build/icyphy/ptII/ptolemy/domains/ptides/demo/PrintingPress/PrintingPress_AnimationsOnly/index.html
15931 ms. Memory: 851968K Free: 307913K (36%)
####### 40 Wed Aug 05 16:21:48 UTC 2020 $PTII/bin/ptinvoke ptolemy.vergil.basic.export.ExportModel -force htm -run -openComposites -timeOut 30000 -whiteBackground ptolemy/domains/ptides/demo/PtidesSynchrophasor/PtidesSynchrophasor.xml $PTII/ptolemy/domains/ptides/demo/PtidesSynchrophasor/PtidesSynchrophasor
Running .PtidesSynchrophasor
1819 ms. Memory: 851968K Free: 279823K (33%)
Exported /home/travis/build/icyphy/ptII/ptolemy/domains/ptides/demo/PtidesSynchrophasor/PtidesSynchrophasor/index.html
7634 ms. Memory: 851968K Free: 373947K (44%)
####### 41 Wed Aug 05 16:21:55 UTC 2020 $PTII/bin/ptinvoke ptolemy.vergil.basic.export.ExportModel -force htm -run -openComposites -timeOut 30000 -whiteBackground ptolemy/domains/ptides/demo/SRinPtides/SRinPtides.xml $PTII/ptolemy/domains/ptides/demo/SRinPtides/SRinPtides
Running .SRinPtides
39 ms. Memory: 851968K Free: 163019K (19%)
Exported /home/travis/build/icyphy/ptII/ptolemy/domains/ptides/demo/SRinPtides/SRinPtides/index.html
5714 ms. Memory: 851968K Free: 396781K (47%)
####### 42 Wed Aug 05 16:22:01 UTC 2020 $PTII/bin/ptinvoke ptolemy.vergil.basic.export.ExportModel -force htm -run -openComposites -timeOut 30000 -whiteBackground ptolemy/domains/ptides/demo/TREX/TREX.xml $PTII/ptolemy/domains/ptides/demo/TREX/TREX
Running .TREX
26731 ms. Memory: 851968K Free: 178623K (21%)
Exported /home/travis/build/icyphy/ptII/ptolemy/domains/ptides/demo/TREX/TREX/index.html
37411 ms. Memory: 851968K Free: 184479K (22%)
####### 43 Wed Aug 05 16:22:38 UTC 2020 $PTII/bin/ptinvoke ptolemy.vergil.basic.export.ExportModel -force htm -run -openComposites -timeOut 30000 -whiteBackground ptolemy/domains/ptides/demo/TTE/TTE.xml $PTII/ptolemy/domains/ptides/demo/TTE/TTE
Running .TTE
32 ms. Memory: 851968K Free: 383143K (45%)
Exported /home/travis/build/icyphy/ptII/ptolemy/domains/ptides/demo/TTE/TTE/index.html
6027 ms. Memory: 851968K Free: 162463K (19%)
####### 44 Wed Aug 05 16:22:44 UTC 2020 $PTII/bin/ptinvoke ptolemy.vergil.basic.export.ExportModel -force htm -run -openComposites -timeOut 30000 -whiteBackground ptolemy/domains/qss/demo/BouncingBall/BouncingBall.xml $PTII/ptolemy/domains/qss/demo/BouncingBall/BouncingBall
Running .BouncingBall
75 ms. Memory: 851968K Free: 492199K (58%)
Exported /home/travis/build/icyphy/ptII/ptolemy/domains/qss/demo/BouncingBall/BouncingBall/index.html
4270 ms. Memory: 851968K Free: 402568K (47%)
####### 45 Wed Aug 05 16:22:49 UTC 2020 $PTII/bin/ptinvoke ptolemy.vergil.basic.export.ExportModel -force htm -run -openComposites -timeOut 30000 -whiteBackground ptolemy/domains/qss/demo/FirstOrder/FirstOrder.xml $PTII/ptolemy/domains/qss/demo/FirstOrder/FirstOrder
Running .FirstOrder
23 ms. Memory: 851968K Free: 305309K (36%)
Exported /home/travis/build/icyphy/ptII/ptolemy/domains/qss/demo/FirstOrder/FirstOrder/index.html
4147 ms. Memory: 851968K Free: 256653K (30%)
####### 46 Wed Aug 05 16:22:53 UTC 2020 $PTII/bin/ptinvoke ptolemy.vergil.basic.export.ExportModel -force htm -run -openComposites -timeOut 30000 -whiteBackground ptolemy/domains/qss/demo/FirstOrder/FirstOrderOscillating.xml $PTII/ptolemy/domains/qss/demo/FirstOrder/FirstOrderOscillating
Running .FirstOrderOscillating
22 ms. Memory: 851968K Free: 157325K (18%)
Exported /home/travis/build/icyphy/ptII/ptolemy/domains/qss/demo/FirstOrder/FirstOrderOscillating/index.html
4134 ms. Memory: 851968K Free: 108706K (13%)
####### 47 Wed Aug 05 16:22:57 UTC 2020 $PTII/bin/ptinvoke ptolemy.vergil.basic.export.ExportModel -force htm -run -openComposites -timeOut 30000 -whiteBackground ptolemy/domains/qss/demo/HelloWorld/HelloWorld.xml $PTII/ptolemy/domains/qss/demo/HelloWorld/HelloWorld
Running .HelloWorld
17 ms. Memory: 851968K Free: 437922K (51%)
Exported /home/travis/build/icyphy/ptII/ptolemy/domains/qss/demo/HelloWorld/HelloWorld/index.html
4157 ms. Memory: 851968K Free: 388751K (46%)
####### 48 Wed Aug 05 16:23:01 UTC 2020 $PTII/bin/ptinvoke ptolemy.vergil.basic.export.ExportModel -force htm -run -openComposites -timeOut 30000 -whiteBackground ptolemy/domains/qss/demo/HelloWorld/HelloWorldComputationallyExact.xml $PTII/ptolemy/domains/qss/demo/HelloWorld/HelloWorldComputationallyExact
Running .HelloWorldComputationallyExact
35 ms. Memory: 851968K Free: 205975K (24%)
Exported /home/travis/build/icyphy/ptII/ptolemy/domains/qss/demo/HelloWorld/HelloWorldComputationallyExact/index.html
4231 ms. Memory: 851968K Free: 531051K (62%)
####### 49 Wed Aug 05 16:23:05 UTC 2020 $PTII/bin/ptinvoke ptolemy.vergil.basic.export.ExportModel -force htm -run -openComposites -timeOut 30000 -whiteBackground ptolemy/domains/qss/demo/HelloWorld/HelloWorldContinuous.xml $PTII/ptolemy/domains/qss/demo/HelloWorld/HelloWorldContinuous
Running .HelloWorldContinuous
8 ms. Memory: 851968K Free: 412839K (48%)
Exported /home/travis/build/icyphy/ptII/ptolemy/domains/qss/demo/HelloWorld/HelloWorldContinuous/index.html
4131 ms. Memory: 851968K Free: 347287K (41%)
####### 50 Wed Aug 05 16:23:09 UTC 2020 $PTII/bin/ptinvoke ptolemy.vergil.basic.export.ExportModel -force htm -run -openComposites -timeOut 30000 -whiteBackground ptolemy/domains/qss/demo/HelloWorld/HelloWorldPropagate.xml $PTII/ptolemy/domains/qss/demo/HelloWorld/HelloWorldPropagate
Running .HelloWorldPropagate
15 ms. Memory: 851968K Free: 160927K (19%)
Exported /home/travis/build/icyphy/ptII/ptolemy/domains/qss/demo/HelloWorld/HelloWorldPropagate/index.html
4159 ms. Memory: 851968K Free: 527509K (62%)
####### 51 Wed Aug 05 16:23:14 UTC 2020 $PTII/bin/ptinvoke ptolemy.vergil.basic.export.ExportModel -force htm -run -openComposites -timeOut 30000 -whiteBackground ptolemy/domains/qss/demo/HelloWorld/HelloWorldQSS1.xml $PTII/ptolemy/domains/qss/demo/HelloWorld/HelloWorldQSS1
Running .HelloWorldQSS1
22 ms. Memory: 851968K Free: 379546K (45%)
Exported /home/travis/build/icyphy/ptII/ptolemy/domains/qss/demo/HelloWorld/HelloWorldQSS1/index.html
4154 ms. Memory: 851968K Free: 295063K (35%)
####### 52 Wed Aug 05 16:23:18 UTC 2020 $PTII/bin/ptinvoke ptolemy.vergil.basic.export.ExportModel -force htm -run -openComposites -timeOut 30000 -whiteBackground ptolemy/domains/qss/demo/HelloWorld/HelloWorldQSS2.xml $PTII/ptolemy/domains/qss/demo/HelloWorld/HelloWorldQSS2
Running .HelloWorldQSS2
14 ms. Memory: 851968K Free: 149666K (18%)
Exported /home/travis/build/icyphy/ptII/ptolemy/domains/qss/demo/HelloWorld/HelloWorldQSS2/index.html
4131 ms. Memory: 851968K Free: 514196K (60%)
####### 53 Wed Aug 05 16:23:22 UTC 2020 $PTII/bin/ptinvoke ptolemy.vergil.basic.export.ExportModel -force htm -run -openComposites -timeOut 30000 -whiteBackground ptolemy/domains/qss/demo/Lorenz/Lorenz.xml $PTII/ptolemy/domains/qss/demo/Lorenz/Lorenz
Running .Lorenz
2157 ms. Memory: 851968K Free: 409257K (48%)
Exported /home/travis/build/icyphy/ptII/ptolemy/domains/qss/demo/Lorenz/Lorenz/index.html
6332 ms. Memory: 851968K Free: 362138K (43%)
####### 54 Wed Aug 05 16:23:28 UTC 2020 $PTII/bin/ptinvoke ptolemy.vergil.basic.export.ExportModel -force htm -run -openComposites -timeOut 30000 -whiteBackground ptolemy/domains/qss/demo/RLC/RLC.xml $PTII/ptolemy/domains/qss/demo/RLC/RLC
Running .RLC
41 ms. Memory: 851968K Free: 234153K (27%)
Exported /home/travis/build/icyphy/ptII/ptolemy/domains/qss/demo/RLC/RLC/index.html
4305 ms. Memory: 851968K Free: 124565K (15%)
####### 55 Wed Aug 05 16:23:33 UTC 2020 $PTII/bin/ptinvoke ptolemy.vergil.basic.export.ExportModel -force htm -run -openComposites -timeOut 30000 -whiteBackground ptolemy/domains/qss/demo/SecondOrder/SecondOrder.xml $PTII/ptolemy/domains/qss/demo/SecondOrder/SecondOrder
Running .SecondOrder
710 ms. Memory: 851968K Free: 371881K (44%)
Exported /home/travis/build/icyphy/ptII/ptolemy/domains/qss/demo/SecondOrder/SecondOrder/index.html
4897 ms. Memory: 851968K Free: 333466K (39%)
####### 56 Wed Aug 05 16:23:37 UTC 2020 $PTII/bin/ptinvoke ptolemy.vergil.basic.export.ExportModel -force htm -run -openComposites -timeOut 30000 -whiteBackground ptolemy/domains/qss/demo/SecondOrder/SecondOrderContinuous.xml $PTII/ptolemy/domains/qss/demo/SecondOrder/SecondOrderContinuous
Running .SecondOrderContinuous
189 ms. Memory: 851968K Free: 220839K (26%)
Exported /home/travis/build/icyphy/ptII/ptolemy/domains/qss/demo/SecondOrder/SecondOrderContinuous/index.html
4308 ms. Memory: 851968K Free: 167559K (20%)
####### 57 Wed Aug 05 16:23:42 UTC 2020 $PTII/bin/ptinvoke ptolemy.vergil.basic.export.ExportModel -force htm -run -openComposites -timeOut 30000 -whiteBackground ptolemy/domains/qss/demo/SmoothToken/SmoothToken.xml $PTII/ptolemy/domains/qss/demo/SmoothToken/SmoothToken
Running .SmoothToken
38 ms. Memory: 851968K Free: 531587K (62%)
Exported /home/travis/build/icyphy/ptII/ptolemy/domains/qss/demo/SmoothToken/SmoothToken/index.html
4216 ms. Memory: 851968K Free: 489569K (57%)
####### 58 Wed Aug 05 16:23:46 UTC 2020 $PTII/bin/ptinvoke ptolemy.vergil.basic.export.ExportModel -force htm -run -openComposites -timeOut 30000 -whiteBackground ptolemy/domains/qss/demo/Thermal/Thermal.xml $PTII/ptolemy/domains/qss/demo/Thermal/Thermal
Running .Thermal
63 ms. Memory: 851968K Free: 295593K (35%)
Exported /home/travis/build/icyphy/ptII/ptolemy/domains/qss/demo/Thermal/Thermal/index.html
4368 ms. Memory: 851968K Free: 224362K (26%)
####### 59 Wed Aug 05 16:23:50 UTC 2020 $PTII/bin/ptinvoke ptolemy.vergil.basic.export.ExportModel -force htm -run -openComposites -timeOut 30000 -whiteBackground ptolemy/domains/rendezvous/demo/Barrier/Barrier.xml $PTII/ptolemy/domains/rendezvous/demo/Barrier/Barrier
Running .Barrier
ExportHTMLTimer went off after 30000 ms., calling getDirector().finish and getDirector().stopFire()
30844 ms. Memory: 851968K Free: 94889K (11%)
Exported /home/travis/build/icyphy/ptII/ptolemy/domains/rendezvous/demo/Barrier/Barrier/index.html
35021 ms. Memory: 851968K Free: 520230K (61%)
####### 60 Wed Aug 05 16:24:25 UTC 2020 $PTII/bin/ptinvoke ptolemy.vergil.basic.export.ExportModel -force htm -run -openComposites -timeOut 30000 -whiteBackground ptolemy/domains/rendezvous/demo/ResourcePool/ResourcePool.xml $PTII/ptolemy/domains/rendezvous/demo/ResourcePool/ResourcePool
Running .ResourcePool
ExportHTMLTimer went off after 30000 ms., calling getDirector().finish and getDirector().stopFire()
30029 ms. Memory: 851968K Free: 413863K (49%)
Exported /home/travis/build/icyphy/ptII/ptolemy/domains/rendezvous/demo/ResourcePool/ResourcePool/index.html
34192 ms. Memory: 851968K Free: 385159K (45%)
####### 61 Wed Aug 05 16:25:00 UTC 2020 $PTII/bin/ptinvoke ptolemy.vergil.basic.export.ExportModel -force htm -run -openComposites -timeOut 30000 -whiteBackground ptolemy/domains/rendezvous/demo/Sequencing/Sequencing.xml $PTII/ptolemy/domains/rendezvous/demo/Sequencing/Sequencing
Running .Sequencing
10 ms. Memory: 851968K Free: 265383K (31%)
Exported /home/travis/build/icyphy/ptII/ptolemy/domains/rendezvous/demo/Sequencing/Sequencing/index.html
4152 ms. Memory: 851968K Free: 232090K (27%)
####### 62 Wed Aug 05 16:25:04 UTC 2020 $PTII/bin/ptinvoke ptolemy.vergil.basic.export.ExportModel -force htm -run -openComposites -timeOut 30000 -whiteBackground ptolemy/domains/rendezvous/demo/WriteRegulator/WriteRegulator.xml $PTII/ptolemy/domains/rendezvous/demo/WriteRegulator/WriteRegulator
Running .WriteRegulator
ExportHTMLTimer went off after 30000 ms., calling getDirector().finish and getDirector().stopFire()
30861 ms. Memory: 851968K Free: 117417K (14%)
Exported /home/travis/build/icyphy/ptII/ptolemy/domains/rendezvous/demo/WriteRegulator/WriteRegulator/index.html
34996 ms. Memory: 851968K Free: 540826K (63%)
####### 63 Wed Aug 05 16:25:39 UTC 2020 $PTII/bin/ptinvoke ptolemy.vergil.basic.export.ExportModel -force htm -run -openComposites -timeOut 30000 -whiteBackground ptolemy/domains/scr/demo/FuelSystemSCR/FuelSystemSCR.xml $PTII/ptolemy/domains/scr/demo/FuelSystemSCR/FuelSystemSCR
Running .FuelSystemSCR
10027 ms. Memory: 851968K Free: 172201K (20%)
Exported /home/travis/build/icyphy/ptII/ptolemy/domains/scr/demo/FuelSystemSCR/FuelSystemSCR/index.html
15004 ms. Memory: 851968K Free: 382538K (45%)
####### 64 Wed Aug 05 16:25:54 UTC 2020 $PTII/bin/ptinvoke ptolemy.vergil.basic.export.ExportModel -force htm -run -openComposites -timeOut 30000 -whiteBackground ptolemy/domains/scr/demo/HelloWorldSCR/HelloWorldSCR.xml $PTII/ptolemy/domains/scr/demo/HelloWorldSCR/HelloWorldSCR
Running .HelloWorldSCR
77 ms. Memory: 851968K Free: 252533K (30%)
Exported /home/travis/build/icyphy/ptII/ptolemy/domains/scr/demo/HelloWorldSCR/HelloWorldSCR/index.html
4329 ms. Memory: 851968K Free: 208499K (24%)
####### 65 Wed Aug 05 16:25:58 UTC 2020 $PTII/bin/ptinvoke ptolemy.vergil.basic.export.ExportModel -force htm -run -openComposites -timeOut 30000 -whiteBackground ptolemy/domains/scr/demo/SafetyInjection/SafetyInjection.xml $PTII/ptolemy/domains/scr/demo/SafetyInjection/SafetyInjection
Running .SafetyInjection
3013 ms. Memory: 851968K Free: 465036K (55%)
Exported /home/travis/build/icyphy/ptII/ptolemy/domains/scr/demo/SafetyInjection/SafetyInjection/index.html
7425 ms. Memory: 851968K Free: 342117K (40%)
####### 66 Wed Aug 05 16:26:05 UTC 2020 $PTII/bin/ptinvoke ptolemy.vergil.basic.export.ExportModel -force htm -run -openComposites -timeOut 30000 -whiteBackground ptolemy/domains/scr/demo/TrafficLight/TrafficLight.xml $PTII/ptolemy/domains/scr/demo/TrafficLight/TrafficLight
Running .TrafficLight
231 ms. Memory: 851968K Free: 138388K (16%)
Exported /home/travis/build/icyphy/ptII/ptolemy/domains/scr/demo/TrafficLight/TrafficLight/index.html
4484 ms. Memory: 851968K Free: 539952K (63%)
####### 67 Wed Aug 05 16:26:10 UTC 2020 $PTII/bin/ptinvoke ptolemy.vergil.basic.export.ExportModel -force htm -run -openComposites -timeOut 30000 -whiteBackground ptolemy/domains/sdf/demo/Array/Array.xml $PTII/ptolemy/domains/sdf/demo/Array/Array
Running .Array
41 ms. Memory: 851968K Free: 396611K (47%)
Exported /home/travis/build/icyphy/ptII/ptolemy/domains/sdf/demo/Array/Array/index.html
4233 ms. Memory: 851968K Free: 345431K (41%)
####### 68 Wed Aug 05 16:26:14 UTC 2020 $PTII/bin/ptinvoke ptolemy.vergil.basic.export.ExportModel -force htm -run -openComposites -timeOut 30000 -whiteBackground ptolemy/domains/sdf/demo/Butterfly/Butterfly.xml $PTII/ptolemy/domains/sdf/demo/Butterfly/Butterfly
Running .Butterfly
123 ms. Memory: 851968K Free: 241002K (28%)
Exported /home/travis/build/icyphy/ptII/ptolemy/domains/sdf/demo/Butterfly/Butterfly/index.html
4232 ms. Memory: 851968K Free: 200550K (24%)
####### 69 Wed Aug 05 16:26:18 UTC 2020 $PTII/bin/ptinvoke ptolemy.vergil.basic.export.ExportModel -force htm -run -openComposites -timeOut 30000 -whiteBackground ptolemy/domains/sdf/demo/Expression/Expression.xml $PTII/ptolemy/domains/sdf/demo/Expression/Expression
Running .Expression
21 ms. Memory: 851968K Free: 110444K (13%)
Exported /home/travis/build/icyphy/ptII/ptolemy/domains/sdf/demo/Expression/Expression/index.html
4169 ms. Memory: 851968K Free: 518878K (61%)
####### 70 Wed Aug 05 16:26:23 UTC 2020 $PTII/bin/ptinvoke ptolemy.vergil.basic.export.ExportModel -force htm -run -openComposites -timeOut 30000 -whiteBackground ptolemy/domains/sdf/demo/Eye/Eye.xml $PTII/ptolemy/domains/sdf/demo/Eye/Eye
Running .Eye
512 ms. Memory: 851968K Free: 241401K (28%)
Exported /home/travis/build/icyphy/ptII/ptolemy/domains/sdf/demo/Eye/Eye/index.html
4690 ms. Memory: 851968K Free: 201455K (24%)
####### 71 Wed Aug 05 16:26:27 UTC 2020 $PTII/bin/ptinvoke ptolemy.vergil.basic.export.ExportModel -force htm -run -openComposites -timeOut 30000 -whiteBackground ptolemy/domains/sdf/demo/FixFIR/FixFIR.xml $PTII/ptolemy/domains/sdf/demo/FixFIR/FixFIR
Running .FixFIR
111 ms. Memory: 851968K Free: 455390K (53%)
Exported /home/travis/build/icyphy/ptII/ptolemy/domains/sdf/demo/FixFIR/FixFIR/index.html
4315 ms. Memory: 851968K Free: 383172K (45%)
####### 72 Wed Aug 05 16:26:32 UTC 2020 $PTII/bin/ptinvoke ptolemy.vergil.basic.export.ExportModel -force htm -run -openComposites -timeOut 30000 -whiteBackground ptolemy/domains/sdf/demo/FixPoint/FixPoint.xml $PTII/ptolemy/domains/sdf/demo/FixPoint/FixPoint
Running .FixPoint
13 ms. Memory: 851968K Free: 300766K (35%)
Exported /home/travis/build/icyphy/ptII/ptolemy/domains/sdf/demo/FixPoint/FixPoint/index.html
4113 ms. Memory: 851968K Free: 264911K (31%)
####### 73 Wed Aug 05 16:26:36 UTC 2020 $PTII/bin/ptinvoke ptolemy.vergil.basic.export.ExportModel -force htm -run -openComposites -timeOut 30000 -whiteBackground ptolemy/domains/sdf/demo/FourierSeries/FourierSeries.xml $PTII/ptolemy/domains/sdf/demo/FourierSeries/FourierSeries
Running .FourierSeries
24 ms. Memory: 851968K Free: 167108K (20%)
Exported /home/travis/build/icyphy/ptII/ptolemy/domains/sdf/demo/FourierSeries/FourierSeries/index.html
4183 ms. Memory: 851968K Free: 127689K (15%)
####### 74 Wed Aug 05 16:26:40 UTC 2020 $PTII/bin/ptinvoke ptolemy.vergil.basic.export.ExportModel -force htm -run  -timeOut 30000 -whiteBackground ptolemy/domains/sdf/demo/Gravitation/Gravitation.xml $PTII/ptolemy/domains/sdf/demo/Gravitation/Gravitation
Warning: not opening composites for ptolemy/domains/sdf/demo/Gravitation/Gravitation.xml. See ptolemy/vergil/basic/export/test/junit/ExportModelJUnitTest.java
Running .Gravitation
10851 ms. Memory: 851968K Free: 451688K (53%)
Exported /home/travis/build/icyphy/ptII/ptolemy/domains/sdf/demo/Gravitation/Gravitation/index.html
15116 ms. Memory: 851968K Free: 415838K (49%)
####### 75 Wed Aug 05 16:26:55 UTC 2020 $PTII/bin/ptinvoke ptolemy.vergil.basic.export.ExportModel -force htm -run  -timeOut 30000 -whiteBackground ptolemy/domains/sdf/demo/Gravitation/GravitationWithCollisionDetection.xml $PTII/ptolemy/domains/sdf/demo/Gravitation/GravitationWithCollisionDetection
Warning: not opening composites for ptolemy/domains/sdf/demo/Gravitation/GravitationWithCollisionDetection.xml. See ptolemy/vergil/basic/export/test/junit/ExportModelJUnitTest.java
Running .GravitationWithCollisionDetection
ExportHTMLTimer went off after 30000 ms., calling getDirector().finish and getDirector().stopFire()
30014 ms. Memory: 851968K Free: 433010K (51%)
Exported /home/travis/build/icyphy/ptII/ptolemy/domains/sdf/demo/Gravitation/GravitationWithCollisionDetection/index.html
34335 ms. Memory: 851968K Free: 389447K (46%)
####### 76 Wed Aug 05 16:27:29 UTC 2020 $PTII/bin/ptinvoke ptolemy.vergil.basic.export.ExportModel -force htm -run -openComposites -timeOut 30000 -whiteBackground ptolemy/domains/sdf/demo/HTVQ/HTVQ.xml $PTII/ptolemy/domains/sdf/demo/HTVQ/HTVQ
Running .HTVQ
666 ms. Memory: 851968K Free: 150385K (18%)
Exported /home/travis/build/icyphy/ptII/ptolemy/domains/sdf/demo/HTVQ/HTVQ/index.html
4831 ms. Memory: 851968K Free: 459978K (54%)
####### 77 Wed Aug 05 16:27:34 UTC 2020 $PTII/bin/ptinvoke ptolemy.vergil.basic.export.ExportModel -force htm -run -openComposites -timeOut 30000 -whiteBackground ptolemy/domains/sdf/demo/LMSAdaptive/LMSAdaptive.xml $PTII/ptolemy/domains/sdf/demo/LMSAdaptive/LMSAdaptive
Running .LMSAdaptive
ExportHTMLTimer went off after 30000 ms., calling getDirector().finish and getDirector().stopFire()
30001 ms. Memory: 851968K Free: 195387K (23%)
Exported /home/travis/build/icyphy/ptII/ptolemy/domains/sdf/demo/LMSAdaptive/LMSAdaptive/index.html
34186 ms. Memory: 851968K Free: 157940K (19%)
####### 78 Wed Aug 05 16:28:08 UTC 2020 $PTII/bin/ptinvoke ptolemy.vergil.basic.export.ExportModel -force htm -run -openComposites -timeOut 30000 -whiteBackground ptolemy/domains/sdf/demo/LogisticMap/LogisticMap.xml $PTII/ptolemy/domains/sdf/demo/LogisticMap/LogisticMap
Running .LogisticMap
ExportHTMLTimer went off after 30000 ms., calling getDirector().finish and getDirector().stopFire()
30050 ms. Memory: 851968K Free: 461285K (54%)
Exported /home/travis/build/icyphy/ptII/ptolemy/domains/sdf/demo/LogisticMap/LogisticMap/index.html
34201 ms. Memory: 851968K Free: 406974K (48%)
####### 79 Wed Aug 05 16:28:43 UTC 2020 $PTII/bin/ptinvoke ptolemy.vergil.basic.export.ExportModel -force htm -run -openComposites -timeOut 30000 -whiteBackground ptolemy/domains/sdf/demo/MaximumEntropySpectrum/MaximumEntropySpectrum.xml $PTII/ptolemy/domains/sdf/demo/MaximumEntropySpectrum/MaximumEntropySpectrum
Running .MaximumEntropySpectrum
99 ms. Memory: 851968K Free: 450052K (53%)
Exported /home/travis/build/icyphy/ptII/ptolemy/domains/sdf/demo/MaximumEntropySpectrum/MaximumEntropySpectrum/index.html
4637 ms. Memory: 851968K Free: 271297K (32%)
####### 80 Wed Aug 05 16:28:47 UTC 2020 $PTII/bin/ptinvoke ptolemy.vergil.basic.export.ExportModel -force htm -run -openComposites -timeOut 30000 -whiteBackground ptolemy/domains/sdf/demo/ModelDisplay/ModelDisplay.xml $PTII/ptolemy/domains/sdf/demo/ModelDisplay/ModelDisplay
Running .ModelDisplay
ExportHTMLTimer went off after 30000 ms., calling getDirector().finish and getDirector().stopFire()
30023 ms. Memory: 851968K Free: 81922K (10%)
Exported /home/travis/build/icyphy/ptII/ptolemy/domains/sdf/demo/ModelDisplay/ModelDisplay/index.html
34232 ms. Memory: 851968K Free: 471318K (55%)
####### 81 Wed Aug 05 16:29:21 UTC 2020 $PTII/bin/ptinvoke ptolemy.vergil.basic.export.ExportModel -force htm -run -openComposites -timeOut 30000 -whiteBackground ptolemy/domains/sdf/demo/MultipleRuns/MultipleRuns.xml $PTII/ptolemy/domains/sdf/demo/MultipleRuns/MultipleRuns
Running .MultipleRuns
112 ms. Memory: 851968K Free: 341313K (40%)
Exported /home/travis/build/icyphy/ptII/ptolemy/domains/sdf/demo/MultipleRuns/MultipleRuns/index.html
4341 ms. Memory: 851968K Free: 248052K (29%)
####### 82 Wed Aug 05 16:29:26 UTC 2020 $PTII/bin/ptinvoke ptolemy.vergil.basic.export.ExportModel -force htm -run -openComposites -timeOut 30000 -whiteBackground ptolemy/domains/sdf/demo/NoisySinewave/NoisySinewave.xml $PTII/ptolemy/domains/sdf/demo/NoisySinewave/NoisySinewave
Running .NoisySinewave
47 ms. Memory: 851968K Free: 492899K (58%)
Exported /home/travis/build/icyphy/ptII/ptolemy/domains/sdf/demo/NoisySinewave/NoisySinewave/index.html
4342 ms. Memory: 851968K Free: 385834K (45%)
####### 83 Wed Aug 05 16:29:30 UTC 2020 $PTII/bin/ptinvoke ptolemy.vergil.basic.export.ExportModel -force htm -run -openComposites -timeOut 30000 -whiteBackground ptolemy/domains/sdf/demo/OrthogonalCom/OrthogonalCom.xml $PTII/ptolemy/domains/sdf/demo/OrthogonalCom/OrthogonalCom
Running .OrthogonalCom
0
0
0
0
-1
1
-1
0
0
0
0
0
-1
0
0
0
0
0
0
0
18 ms. Memory: 851968K Free: 249175K (29%)
Exported /home/travis/build/icyphy/ptII/ptolemy/domains/sdf/demo/OrthogonalCom/OrthogonalCom/index.html
4255 ms. Memory: 851968K Free: 211793K (25%)
####### 84 Wed Aug 05 16:29:34 UTC 2020 $PTII/bin/ptinvoke ptolemy.vergil.basic.export.ExportModel -force htm  -openComposites -timeOut 30000 -whiteBackground ptolemy/domains/sdf/demo/RijndaelEncryption/RijndaelEncryption.xml $PTII/ptolemy/domains/sdf/demo/RijndaelEncryption/RijndaelEncryption
Warning: not running ptolemy/domains/sdf/demo/RijndaelEncryption/RijndaelEncryption.xml. See ptolemy/vergil/basic/export/test/junit/ExportModelJUnitTest.java
Exported /home/travis/build/icyphy/ptII/ptolemy/domains/sdf/demo/RijndaelEncryption/RijndaelEncryption/index.html
5608 ms. Memory: 851968K Free: 445926K (52%)
####### 85 Wed Aug 05 16:29:40 UTC 2020 $PTII/bin/ptinvoke ptolemy.vergil.basic.export.ExportModel -force htm -run -openComposites -timeOut 30000 -whiteBackground ptolemy/domains/sdf/demo/Sketch/Sketch.xml $PTII/ptolemy/domains/sdf/demo/Sketch/Sketch
Running .Sketch
28 ms. Memory: 851968K Free: 346618K (41%)
Exported /home/travis/build/icyphy/ptII/ptolemy/domains/sdf/demo/Sketch/Sketch/index.html
4210 ms. Memory: 851968K Free: 281544K (33%)
####### 86 Wed Aug 05 16:29:44 UTC 2020 $PTII/bin/ptinvoke ptolemy.vergil.basic.export.ExportModel -force htm  -openComposites -timeOut 30000 -whiteBackground ptolemy/domains/sdf/demo/SoundSpectrum/SoundSpectrum.xml $PTII/ptolemy/domains/sdf/demo/SoundSpectrum/SoundSpectrum
Warning: not running ptolemy/domains/sdf/demo/SoundSpectrum/SoundSpectrum.xml. See ptolemy/vergil/basic/export/test/junit/ExportModelJUnitTest.java
Exported /home/travis/build/icyphy/ptII/ptolemy/domains/sdf/demo/SoundSpectrum/SoundSpectrum/index.html
3234 ms. Memory: 851968K Free: 625092K (73%)
####### 87 Wed Aug 05 16:29:47 UTC 2020 $PTII/bin/ptinvoke ptolemy.vergil.basic.export.ExportModel -force htm -run -openComposites -timeOut 30000 -whiteBackground ptolemy/domains/sdf/demo/Spectrum/Spectrum.xml $PTII/ptolemy/domains/sdf/demo/Spectrum/Spectrum
Running .Spectrum
71 ms. Memory: 851968K Free: 512946K (60%)
Exported /home/travis/build/icyphy/ptII/ptolemy/domains/sdf/demo/Spectrum/Spectrum/index.html
4285 ms. Memory: 851968K Free: 404375K (47%)
####### 88 Wed Aug 05 16:29:52 UTC 2020 $PTII/bin/ptinvoke ptolemy.vergil.basic.export.ExportModel -force htm  -openComposites -timeOut 30000 -whiteBackground ptolemy/domains/sdf/demo/SynthesizedVoice/SynthesizedVoice.xml $PTII/ptolemy/domains/sdf/demo/SynthesizedVoice/SynthesizedVoice
Warning: not running ptolemy/domains/sdf/demo/SynthesizedVoice/SynthesizedVoice.xml. See ptolemy/vergil/basic/export/test/junit/ExportModelJUnitTest.java
Exported /home/travis/build/icyphy/ptII/ptolemy/domains/sdf/demo/SynthesizedVoice/SynthesizedVoice/index.html
3147 ms. Memory: 851968K Free: 282061K (33%)
####### 89 Wed Aug 05 16:29:55 UTC 2020 $PTII/bin/ptinvoke ptolemy.vergil.basic.export.ExportModel -force htm -run -openComposites -timeOut 30000 -whiteBackground ptolemy/domains/sdf/demo/Type/Type.xml $PTII/ptolemy/domains/sdf/demo/Type/Type
Running .Type
42 ms. Memory: 851968K Free: 653320K (77%)
Exported /home/travis/build/icyphy/ptII/ptolemy/domains/sdf/demo/Type/Type/index.html
4160 ms. Memory: 851968K Free: 608777K (71%)
####### 90 Wed Aug 05 16:29:59 UTC 2020 $PTII/bin/ptinvoke ptolemy.vergil.basic.export.ExportModel -force htm -run -openComposites -timeOut 30000 -whiteBackground ptolemy/domains/sdf/optimize/demo/SDFOptimize/SDFOptimize.xml $PTII/ptolemy/domains/sdf/optimize/demo/SDFOptimize/SDFOptimize
Running .SDFOptimize
19 ms. Memory: 851968K Free: 525311K (62%)
Exported /home/travis/build/icyphy/ptII/ptolemy/domains/sdf/optimize/demo/SDFOptimize/SDFOptimize/index.html
4143 ms. Memory: 851968K Free: 495119K (58%)
####### 91 Wed Aug 05 16:30:03 UTC 2020 $PTII/bin/ptinvoke ptolemy.vergil.basic.export.ExportModel -force htm -run -openComposites -timeOut 30000 -whiteBackground ptolemy/domains/sequence/demo/HelloWorld/HelloWorld.xml $PTII/ptolemy/domains/sequence/demo/HelloWorld/HelloWorld
Running .HelloWorld
15 ms. Memory: 851968K Free: 415254K (49%)
Exported /home/travis/build/icyphy/ptII/ptolemy/domains/sequence/demo/HelloWorld/HelloWorld/index.html
4142 ms. Memory: 851968K Free: 379921K (45%)
####### 92 Wed Aug 05 16:30:07 UTC 2020 $PTII/bin/ptinvoke ptolemy.vergil.basic.export.ExportModel -force htm  -openComposites -timeOut 30000 -whiteBackground ptolemy/domains/sequence/demo/SequencedActors/SequencedActors.xml $PTII/ptolemy/domains/sequence/demo/SequencedActors/SequencedActors
Warning: not running ptolemy/domains/sequence/demo/SequencedActors/SequencedActors.xml. See ptolemy/vergil/basic/export/test/junit/ExportModelJUnitTest.java
Exported /home/travis/build/icyphy/ptII/ptolemy/domains/sequence/demo/SequencedActors/SequencedActors/index.html
3103 ms. Memory: 851968K Free: 270872K (32%)
####### 93 Wed Aug 05 16:30:10 UTC 2020 $PTII/bin/ptinvoke ptolemy.vergil.basic.export.ExportModel -force htm -run -openComposites -timeOut 30000 -whiteBackground ptolemy/domains/sequence/demo/SequencedActors/SequencedIntegratorMultipleInstances.xml $PTII/ptolemy/domains/sequence/demo/SequencedActors/SequencedIntegratorMultipleInstances
Running .SequencedIntegratorMultipleInstances
24 ms. Memory: 851968K Free: 650197K (76%)
Exported /home/travis/build/icyphy/ptII/ptolemy/domains/sequence/demo/SequencedActors/SequencedIntegratorMultipleInstances/index.html
4203 ms. Memory: 851968K Free: 603060K (71%)
####### 94 Wed Aug 05 16:30:15 UTC 2020 $PTII/bin/ptinvoke ptolemy.vergil.basic.export.ExportModel -force htm -run -openComposites -timeOut 30000 -whiteBackground ptolemy/domains/sequence/demo/SequencedActors/SequencedVariableMultipleInstances.xml $PTII/ptolemy/domains/sequence/demo/SequencedActors/SequencedVariableMultipleInstances
Running .SequencedVariableMultipleInstances
13 ms. Memory: 851968K Free: 503241K (59%)
Exported /home/travis/build/icyphy/ptII/ptolemy/domains/sequence/demo/SequencedActors/SequencedVariableMultipleInstances/index.html
4149 ms. Memory: 851968K Free: 479174K (56%)
####### 95 Wed Aug 05 16:30:19 UTC 2020 $PTII/bin/ptinvoke ptolemy.vergil.basic.export.ExportModel -force htm -run -openComposites -timeOut 30000 -whiteBackground ptolemy/domains/sequence/demo/Visual/Visual.xml $PTII/ptolemy/domains/sequence/demo/Visual/Visual
Running .Visual
2 ms. Memory: 851968K Free: 400827K (47%)
Exported /home/travis/build/icyphy/ptII/ptolemy/domains/sequence/demo/Visual/Visual/index.html
4158 ms. Memory: 851968K Free: 366014K (43%)
####### 96 Wed Aug 05 16:30:23 UTC 2020 $PTII/bin/ptinvoke ptolemy.vergil.basic.export.ExportModel -force htm -run -openComposites -timeOut 30000 -whiteBackground ptolemy/domains/space/demo/DOPCenter/DOPCenter.xml $PTII/ptolemy/domains/space/demo/DOPCenter/DOPCenter
Running .DOPCenter
2581 ms. Memory: 851968K Free: 189913K (22%)
Exported /home/travis/build/icyphy/ptII/ptolemy/domains/space/demo/DOPCenter/DOPCenter/index.html
6801 ms. Memory: 851968K Free: 629862K (74%)
####### 97 Wed Aug 05 16:30:30 UTC 2020 $PTII/bin/ptinvoke ptolemy.vergil.basic.export.ExportModel -force htm -run -openComposites -timeOut 30000 -whiteBackground ptolemy/domains/space/demo/DOPCenter/Placard.xml $PTII/ptolemy/domains/space/demo/DOPCenter/Placard
Running .Placard
2329 ms. Memory: 851968K Free: 433086K (51%)
Exported /home/travis/build/icyphy/ptII/ptolemy/domains/space/demo/DOPCenter/Placard/index.html
6757 ms. Memory: 851968K Free: 172491K (20%)
####### 98 Wed Aug 05 16:30:37 UTC 2020 $PTII/bin/ptinvoke ptolemy.vergil.basic.export.ExportModel -force htm -run -openComposites -timeOut 30000 -whiteBackground ptolemy/domains/sr/demo/FeedbackLoop/FeedbackLoop.xml $PTII/ptolemy/domains/sr/demo/FeedbackLoop/FeedbackLoop
Running .FeedbackLoop
33 ms. Memory: 851968K Free: 611757K (72%)
Exported /home/travis/build/icyphy/ptII/ptolemy/domains/sr/demo/FeedbackLoop/FeedbackLoop/index.html
4185 ms. Memory: 851968K Free: 586666K (69%)
####### 99 Wed Aug 05 16:30:41 UTC 2020 $PTII/bin/ptinvoke ptolemy.vergil.basic.export.ExportModel -force htm -run -openComposites -timeOut 30000 -whiteBackground ptolemy/domains/sr/demo/GuardedCount/GuardedCount.xml $PTII/ptolemy/domains/sr/demo/GuardedCount/GuardedCount
Running .GuardedCount
33 ms. Memory: 851968K Free: 474557K (56%)
Exported /home/travis/build/icyphy/ptII/ptolemy/domains/sr/demo/GuardedCount/GuardedCount/index.html
4214 ms. Memory: 851968K Free: 382357K (45%)
####### 100 Wed Aug 05 16:30:45 UTC 2020 $PTII/bin/ptinvoke ptolemy.vergil.basic.export.ExportModel -force htm -run -openComposites -timeOut 30000 -whiteBackground ptolemy/domains/sr/demo/GuardedCount/GuardedCountTimed.xml $PTII/ptolemy/domains/sr/demo/GuardedCount/GuardedCountTimed
Running .GuardedCountTimed
13 ms. Memory: 851968K Free: 271821K (32%)
Exported /home/travis/build/icyphy/ptII/ptolemy/domains/sr/demo/GuardedCount/GuardedCountTimed/index.html
4173 ms. Memory: 851968K Free: 201647K (24%)
]]></system-out>
  <system-err><![CDATA[TransformationEditor: Ignoring clone of .Utilities beause we don't known how to import it. Exception was: ptolemy.kernel.util.NameDuplicationException: Attempt to insert object named "Utilities" into container named ".library", which already contains an object with that name.
TransformationEditor: Ignoring clone of .Directors beause we don't known how to import it. Exception was: ptolemy.kernel.util.NameDuplicationException: Attempt to insert object named "Directors" into container named ".library", which already contains an object with that name.
TransformationEditor: Ignoring clone of .Actors beause we don't known how to import it. Exception was: ptolemy.kernel.util.NameDuplicationException: Attempt to insert object named "Actors" into container named ".library", which already contains an object with that name.
TransformationEditor: Ignoring clone of .MoreLibraries beause we don't known how to import it. Exception was: ptolemy.kernel.util.NameDuplicationException: Attempt to insert object named "MoreLibraries" into container named ".library", which already contains an object with that name.
TransformationEditor: Ignoring clone of .Utilities beause we don't known how to import it. Exception was: ptolemy.kernel.util.NameDuplicationException: Attempt to insert object named "Utilities" into container named ".library", which already contains an object with that name.
TransformationEditor: Ignoring clone of .Directors beause we don't known how to import it. Exception was: ptolemy.kernel.util.NameDuplicationException: Attempt to insert object named "Directors" into container named ".library", which already contains an object with that name.
TransformationEditor: Ignoring clone of .Actors beause we don't known how to import it. Exception was: ptolemy.kernel.util.NameDuplicationException: Attempt to insert object named "Actors" into container named ".library", which already contains an object with that name.
TransformationEditor: Ignoring clone of .MoreLibraries beause we don't known how to import it. Exception was: ptolemy.kernel.util.NameDuplicationException: Attempt to insert object named "MoreLibraries" into container named ".library", which already contains an object with that name.
TransformationEditor: Ignoring clone of .Utilities beause we don't known how to import it. Exception was: ptolemy.kernel.util.NameDuplicationException: Attempt to insert object named "Utilities" into container named ".library", which already contains an object with that name.
TransformationEditor: Ignoring clone of .Directors beause we don't known how to import it. Exception was: ptolemy.kernel.util.NameDuplicationException: Attempt to insert object named "Directors" into container named ".library", which already contains an object with that name.
TransformationEditor: Ignoring clone of .Actors beause we don't known how to import it. Exception was: ptolemy.kernel.util.NameDuplicationException: Attempt to insert object named "Actors" into container named ".library", which already contains an object with that name.
TransformationEditor: Ignoring clone of .MoreLibraries beause we don't known how to import it. Exception was: ptolemy.kernel.util.NameDuplicationException: Attempt to insert object named "MoreLibraries" into container named ".library", which already contains an object with that name.
TransformationEditor: Ignoring clone of .Utilities beause we don't known how to import it. Exception was: ptolemy.kernel.util.NameDuplicationException: Attempt to insert object named "Utilities" into container named ".library", which already contains an object with that name.
TransformationEditor: Ignoring clone of .Directors beause we don't known how to import it. Exception was: ptolemy.kernel.util.NameDuplicationException: Attempt to insert object named "Directors" into container named ".library", which already contains an object with that name.
TransformationEditor: Ignoring clone of .Actors beause we don't known how to import it. Exception was: ptolemy.kernel.util.NameDuplicationException: Attempt to insert object named "Actors" into container named ".library", which already contains an object with that name.
TransformationEditor: Ignoring clone of .MoreLibraries beause we don't known how to import it. Exception was: ptolemy.kernel.util.NameDuplicationException: Attempt to insert object named "MoreLibraries" into container named ".library", which already contains an object with that name.
TransformationEditor: Ignoring clone of .Utilities beause we don't known how to import it. Exception was: ptolemy.kernel.util.NameDuplicationException: Attempt to insert object named "Utilities" into container named ".library", which already contains an object with that name.
TransformationEditor: Ignoring clone of .Directors beause we don't known how to import it. Exception was: ptolemy.kernel.util.NameDuplicationException: Attempt to insert object named "Directors" into container named ".library", which already contains an object with that name.
TransformationEditor: Ignoring clone of .Actors beause we don't known how to import it. Exception was: ptolemy.kernel.util.NameDuplicationException: Attempt to insert object named "Actors" into container named ".library", which already contains an object with that name.
TransformationEditor: Ignoring clone of .MoreLibraries beause we don't known how to import it. Exception was: ptolemy.kernel.util.NameDuplicationException: Attempt to insert object named "MoreLibraries" into container named ".library", which already contains an object with that name.
Warning: '.PrintingPress.reserveFeedMonitor.NonStrictTest' The test produced only 1276 tokens, yet the correctValues parameter was expecting 1876 tokens.
Warning: '.PrintingPress.reserveFeedMonitor.NonStrictTest2' The test produced only 1021 tokens, yet the correctValues parameter was expecting 1501 tokens.
Warning: '.PrintingPress.reserveFeedMonitor.NonStrictTest3' The test produced only 1021 tokens, yet the correctValues parameter was expecting 1501 tokens.
Aug 05, 2020 4:24:24 PM sun.awt.X11.XToolkit processException
WARNING: Exception on Toolkit thread
java.lang.NullPointerException
	at java.desktop/java.awt.Component$BltBufferStrategy.contentsLost(Component.java:4584)
	at java.desktop/java.awt.Component$BltSubRegionBufferStrategy.showIfNotLost(Component.java:4647)
	at java.desktop/javax.swing.BufferStrategyPaintManager.show(BufferStrategyPaintManager.java:208)
	at java.desktop/javax.swing.RepaintManager.show(RepaintManager.java:1430)
	at java.desktop/javax.swing.SwingPaintEventDispatcher.createPaintEvent(SwingPaintEventDispatcher.java:61)
	at java.desktop/sun.awt.X11.XWindow.postPaintEvent(XWindow.java:568)
	at java.desktop/sun.awt.X11.XContentWindow.postPaintEvent(XContentWindow.java:180)
	at java.desktop/sun.awt.X11.XWindow.handleExposeEvent(XWindow.java:562)
	at java.desktop/sun.awt.X11.XContentWindow.handleExposeEvent(XContentWindow.java:151)
	at java.desktop/sun.awt.X11.XBaseWindow.dispatchEvent(XBaseWindow.java:1132)
	at java.desktop/sun.awt.X11.XBaseWindow.dispatchToWindow(XBaseWindow.java:1108)
	at java.desktop/sun.awt.X11.XToolkit.dispatchEvent(XToolkit.java:621)
	at java.desktop/sun.awt.X11.XToolkit.run(XToolkit.java:736)
	at java.desktop/sun.awt.X11.XToolkit.run(XToolkit.java:652)
	at java.base/java.lang.Thread.run(Thread.java:834)

]]></system-err>
</testsuite>
