<?xml version="1.0" encoding="UTF-8" ?>
<testsuite errors="0" failures="0" hostname="travis-job-9286ee20-fa7a-4dc6-b0d9-501aefd3b791" name="ptolemy.domains.de.test.junit.JUnitTclTest" skipped="0" tests="101" time="128.84" timestamp="2018-07-03T01:31:50">
  <properties>
[...]
</properties>
  <testcase classname="ptolemy.util.test.junit.TclTests" name="[0] /home/travis/build/icyphy/ptII/ptolemy/domains/de/test/DependencyLoop.tcl (RunTclFile)" time="0.696" />
  <testcase classname="ptolemy.util.test.junit.TclTests" name="[1] /home/travis/build/icyphy/ptII/ptolemy/domains/de/test/RunDETestsAsQSS.tcl (RunTclFile)" time="88.957" />
  <testcase classname="ptolemy.util.test.junit.AutoKnownFailedTests" name="[0] /home/travis/build/icyphy/ptII/ptolemy/domains/de/test/auto/knownFailedTests/DESDFClockTest.xml (RunModel)" time="2.031" />
  <testcase classname="ptolemy.util.test.junit.AutoKnownFailedTests" name="[1] /home/travis/build/icyphy/ptII/ptolemy/domains/de/test/auto/knownFailedTests/DirectFeedback.xml (RunModel)" time="0.013" />
  <testcase classname="ptolemy.util.test.junit.AutoKnownFailedTests" name="[2] /home/travis/build/icyphy/ptII/ptolemy/domains/de/test/auto/knownFailedTests/FSMSource.xml (RunModel)" time="0.019" />
  <testcase classname="ptolemy.util.test.junit.AutoKnownFailedTests" name="[3] /home/travis/build/icyphy/ptII/ptolemy/domains/de/test/auto/knownFailedTests/HierarchicalModel.xml (RunModel)" time="0.03" />
  <testcase classname="ptolemy.util.test.junit.AutoKnownFailedTests" name="[4] /home/travis/build/icyphy/ptII/ptolemy/domains/de/test/auto/knownFailedTests/dependencyLoop.xml (RunModel)" time="0.036" />
  <testcase classname="ptolemy.util.test.junit.AutoKnownFailedTests" name="[5] /home/travis/build/icyphy/ptII/ptolemy/domains/de/test/auto/knownFailedTests/dependencyLoop2.xml (RunModel)" time="0.031" />
  <testcase classname="ptolemy.util.test.junit.AutoNameArchTests" name="[0] ThereAreNoAutoArchTests (RunModel)" time="0.001" />
  <testcase classname="ptolemy.util.test.junit.AutoTests" name="[0] /home/travis/build/icyphy/ptII/ptolemy/domains/de/test/auto/ActorDepthCalculation_actorWithoutPorts.xml (RunModel)" time="0.016" />
  <testcase classname="ptolemy.util.test.junit.AutoTests" name="[1] /home/travis/build/icyphy/ptII/ptolemy/domains/de/test/auto/AssemblyLine.xml (RunModel)" time="0.016" />
  <testcase classname="ptolemy.util.test.junit.AutoTests" name="[2] /home/travis/build/icyphy/ptII/ptolemy/domains/de/test/auto/CQBug1.xml (RunModel)" time="0.009" />
  <testcase classname="ptolemy.util.test.junit.AutoTests" name="[3] /home/travis/build/icyphy/ptII/ptolemy/domains/de/test/auto/CancelFireAt.xml (RunModel)" time="0.005" />
  <testcase classname="ptolemy.util.test.junit.AutoTests" name="[4] /home/travis/build/icyphy/ptII/ptolemy/domains/de/test/auto/CausalityAndComposabilityAnalysis.xml (RunModel)" time="0.01" />
  <testcase classname="ptolemy.util.test.junit.AutoTests" name="[5] /home/travis/build/icyphy/ptII/ptolemy/domains/de/test/auto/CausalityInterface1.xml (RunModel)" time="0.01" />
  <testcase classname="ptolemy.util.test.junit.AutoTests" name="[6] /home/travis/build/icyphy/ptII/ptolemy/domains/de/test/auto/CausalityInterface15.xml (RunModel)" time="0.009" />
  <testcase classname="ptolemy.util.test.junit.AutoTests" name="[7] /home/travis/build/icyphy/ptII/ptolemy/domains/de/test/auto/CausalityInterface2.xml (RunModel)" time="0.008" />
  <testcase classname="ptolemy.util.test.junit.AutoTests" name="[8] /home/travis/build/icyphy/ptII/ptolemy/domains/de/test/auto/CausalityInterface3.xml (RunModel)" time="0.008" />
  <testcase classname="ptolemy.util.test.junit.AutoTests" name="[9] /home/travis/build/icyphy/ptII/ptolemy/domains/de/test/auto/ClockDrift.xml (RunModel)" time="0.024" />
  <testcase classname="ptolemy.util.test.junit.AutoTests" name="[10] /home/travis/build/icyphy/ptII/ptolemy/domains/de/test/auto/ClockDriftAndValueChange.xml (RunModel)" time="0.028" />
  <testcase classname="ptolemy.util.test.junit.AutoTests" name="[11] /home/travis/build/icyphy/ptII/ptolemy/domains/de/test/auto/ClockDriftChange.xml (RunModel)" time="0.02" />
  <testcase classname="ptolemy.util.test.junit.AutoTests" name="[12] /home/travis/build/icyphy/ptII/ptolemy/domains/de/test/auto/ComposableCausalityAnalysis.xml (RunModel)" time="0.011" />
  <testcase classname="ptolemy.util.test.junit.AutoTests" name="[13] /home/travis/build/icyphy/ptII/ptolemy/domains/de/test/auto/DEFixedPointLimitation.xml (RunModel)" time="0.006" />
  <testcase classname="ptolemy.util.test.junit.AutoTests" name="[14] /home/travis/build/icyphy/ptII/ptolemy/domains/de/test/auto/DEScheduleTest.xml (RunModel)" time="0.028" />
  <testcase classname="ptolemy.util.test.junit.AutoTests" name="[15] /home/travis/build/icyphy/ptII/ptolemy/domains/de/test/auto/DEinDEwithStartTimes.xml (RunModel)" time="0.012" />
  <testcase classname="ptolemy.util.test.junit.AutoTests" name="[16] /home/travis/build/icyphy/ptII/ptolemy/domains/de/test/auto/DEinDEwithStartTimes2.xml (RunModel)" time="0.014" />
  <testcase classname="ptolemy.util.test.junit.AutoTests" name="[17] /home/travis/build/icyphy/ptII/ptolemy/domains/de/test/auto/DateDemo.xml (RunModel)" time="0.021" />
  <testcase classname="ptolemy.util.test.junit.AutoTests" name="[18] /home/travis/build/icyphy/ptII/ptolemy/domains/de/test/auto/DateToEvent.xml (RunModel)" time="2.029" />
  <testcase classname="ptolemy.util.test.junit.AutoTests" name="[19] /home/travis/build/icyphy/ptII/ptolemy/domains/de/test/auto/DepthTest1.xml (RunModel)" time="0.007" />
  <testcase classname="ptolemy.util.test.junit.AutoTests" name="[20] /home/travis/build/icyphy/ptII/ptolemy/domains/de/test/auto/DepthTest2.xml (RunModel)" time="0.015" />
  <testcase classname="ptolemy.util.test.junit.AutoTests" name="[21] /home/travis/build/icyphy/ptII/ptolemy/domains/de/test/auto/DepthTest3.xml (RunModel)" time="0.006" />
  <testcase classname="ptolemy.util.test.junit.AutoTests" name="[22] /home/travis/build/icyphy/ptII/ptolemy/domains/de/test/auto/DepthTest4.xml (RunModel)" time="0.008" />
  <testcase classname="ptolemy.util.test.junit.AutoTests" name="[23] /home/travis/build/icyphy/ptII/ptolemy/domains/de/test/auto/DepthTest5.xml (RunModel)" time="0.015" />
  <testcase classname="ptolemy.util.test.junit.AutoTests" name="[24] /home/travis/build/icyphy/ptII/ptolemy/domains/de/test/auto/DepthTest6.xml (RunModel)" time="0.01" />
  <testcase classname="ptolemy.util.test.junit.AutoTests" name="[25] /home/travis/build/icyphy/ptII/ptolemy/domains/de/test/auto/DepthTest7.xml (RunModel)" time="0.021" />
  <testcase classname="ptolemy.util.test.junit.AutoTests" name="[26] /home/travis/build/icyphy/ptII/ptolemy/domains/de/test/auto/EventToDate.xml (RunModel)" time="3.032" />
  <testcase classname="ptolemy.util.test.junit.AutoTests" name="[27] /home/travis/build/icyphy/ptII/ptolemy/domains/de/test/auto/FSM1.xml (RunModel)" time="0.024" />
  <testcase classname="ptolemy.util.test.junit.AutoTests" name="[28] /home/travis/build/icyphy/ptII/ptolemy/domains/de/test/auto/FSM7.xml (RunModel)" time="0.023" />
  <testcase classname="ptolemy.util.test.junit.AutoTests" name="[29] /home/travis/build/icyphy/ptII/ptolemy/domains/de/test/auto/Inspection.xml (RunModel)" time="0.026" />
  <testcase classname="ptolemy.util.test.junit.AutoTests" name="[30] /home/travis/build/icyphy/ptII/ptolemy/domains/de/test/auto/Iteration.xml (RunModel)" time="0.014" />
  <testcase classname="ptolemy.util.test.junit.AutoTests" name="[31] /home/travis/build/icyphy/ptII/ptolemy/domains/de/test/auto/LineFault.xml (RunModel)" time="0.419" />
  <testcase classname="ptolemy.util.test.junit.AutoTests" name="[32] /home/travis/build/icyphy/ptII/ptolemy/domains/de/test/auto/MergeModel1Add.xml (RunModel)" time="0.031" />
  <testcase classname="ptolemy.util.test.junit.AutoTests" name="[33] /home/travis/build/icyphy/ptII/ptolemy/domains/de/test/auto/MergeModel2Add.xml (RunModel)" time="0.025" />
  <testcase classname="ptolemy.util.test.junit.AutoTests" name="[34] /home/travis/build/icyphy/ptII/ptolemy/domains/de/test/auto/MergeModel3Add.xml (RunModel)" time="0.026" />
  <testcase classname="ptolemy.util.test.junit.AutoTests" name="[35] /home/travis/build/icyphy/ptII/ptolemy/domains/de/test/auto/MergeWithoutDiscard.xml (RunModel)" time="0.011" />
  <testcase classname="ptolemy.util.test.junit.AutoTests" name="[36] /home/travis/build/icyphy/ptII/ptolemy/domains/de/test/auto/Modal1.xml (RunModel)" time="0.021" />
  <testcase classname="ptolemy.util.test.junit.AutoTests" name="[37] /home/travis/build/icyphy/ptII/ptolemy/domains/de/test/auto/Modal2.xml (RunModel)" time="0.02" />
  <testcase classname="ptolemy.util.test.junit.AutoTests" name="[38] /home/travis/build/icyphy/ptII/ptolemy/domains/de/test/auto/Modal3.xml (RunModel)" time="0.02" />
  <testcase classname="ptolemy.util.test.junit.AutoTests" name="[39] /home/travis/build/icyphy/ptII/ptolemy/domains/de/test/auto/Modal4.xml (RunModel)" time="0.02" />
  <testcase classname="ptolemy.util.test.junit.AutoTests" name="[40] /home/travis/build/icyphy/ptII/ptolemy/domains/de/test/auto/Modal5.xml (RunModel)" time="0.021" />
  <testcase classname="ptolemy.util.test.junit.AutoTests" name="[41] /home/travis/build/icyphy/ptII/ptolemy/domains/de/test/auto/Modal6.xml (RunModel)" time="0.02" />
  <testcase classname="ptolemy.util.test.junit.AutoTests" name="[42] /home/travis/build/icyphy/ptII/ptolemy/domains/de/test/auto/Modal7.xml (RunModel)" time="0.02" />
  <testcase classname="ptolemy.util.test.junit.AutoTests" name="[43] /home/travis/build/icyphy/ptII/ptolemy/domains/de/test/auto/ModalModel.xml (RunModel)" time="0.116" />
  <testcase classname="ptolemy.util.test.junit.AutoTests" name="[44] /home/travis/build/icyphy/ptII/ptolemy/domains/de/test/auto/ModalSource.xml (RunModel)" time="0.013" />
  <testcase classname="ptolemy.util.test.junit.AutoTests" name="[45] /home/travis/build/icyphy/ptII/ptolemy/domains/de/test/auto/NonInterruptibleTimerZeroDelay.xml (RunModel)" time="0.008" />
  <testcase classname="ptolemy.util.test.junit.AutoTests" name="[46] /home/travis/build/icyphy/ptII/ptolemy/domains/de/test/auto/OpenQueueingNetwork.xml (RunModel)" time="1.902" />
  <testcase classname="ptolemy.util.test.junit.AutoTests" name="[47] /home/travis/build/icyphy/ptII/ptolemy/domains/de/test/auto/OpenQueuingNetwork.xml (RunModel)" time="0.304" />
  <testcase classname="ptolemy.util.test.junit.AutoTests" name="[48] /home/travis/build/icyphy/ptII/ptolemy/domains/de/test/auto/PeriodicSampler.xml (RunModel)" time="0.012" />
  <testcase classname="ptolemy.util.test.junit.AutoTests" name="[49] /home/travis/build/icyphy/ptII/ptolemy/domains/de/test/auto/PersistentIO.xml (RunModel)" time="0.02" />
  <testcase classname="ptolemy.util.test.junit.AutoTests" name="[50] /home/travis/build/icyphy/ptII/ptolemy/domains/de/test/auto/PortParameterResetOnInitialize.xml (RunModel)" time="0.009" />
  <testcase classname="ptolemy.util.test.junit.AutoTests" name="[51] /home/travis/build/icyphy/ptII/ptolemy/domains/de/test/auto/PortParameterUpdates.xml (RunModel)" time="0.013" />
  <testcase classname="ptolemy.util.test.junit.AutoTests" name="[52] /home/travis/build/icyphy/ptII/ptolemy/domains/de/test/auto/QueueAndServer.xml (RunModel)" time="0.018" />
  <testcase classname="ptolemy.util.test.junit.AutoTests" name="[53] /home/travis/build/icyphy/ptII/ptolemy/domains/de/test/auto/Records.xml (RunModel)" time="0.013" />
  <testcase classname="ptolemy.util.test.junit.AutoTests" name="[54] /home/travis/build/icyphy/ptII/ptolemy/domains/de/test/auto/ResetTransitionWithStartTime1.xml (RunModel)" time="0.017" />
  <testcase classname="ptolemy.util.test.junit.AutoTests" name="[55] /home/travis/build/icyphy/ptII/ptolemy/domains/de/test/auto/ResetTransitionWithStartTime2.xml (RunModel)" time="0.018" />
  <testcase classname="ptolemy.util.test.junit.AutoTests" name="[56] /home/travis/build/icyphy/ptII/ptolemy/domains/de/test/auto/ResetTransitionWithStartTime3.xml (RunModel)" time="0.019" />
  <testcase classname="ptolemy.util.test.junit.AutoTests" name="[57] /home/travis/build/icyphy/ptII/ptolemy/domains/de/test/auto/ResetTransitionWithStartTime4.xml (RunModel)" time="0.018" />
  <testcase classname="ptolemy.util.test.junit.AutoTests" name="[58] /home/travis/build/icyphy/ptII/ptolemy/domains/de/test/auto/ResettableTimer1.xml (RunModel)" time="0.01" />
  <testcase classname="ptolemy.util.test.junit.AutoTests" name="[59] /home/travis/build/icyphy/ptII/ptolemy/domains/de/test/auto/ResettableTimer2.xml (RunModel)" time="0.01" />
  <testcase classname="ptolemy.util.test.junit.AutoTests" name="[60] /home/travis/build/icyphy/ptII/ptolemy/domains/de/test/auto/ResettableTimer3.xml (RunModel)" time="0.009" />
  <testcase classname="ptolemy.util.test.junit.AutoTests" name="[61] /home/travis/build/icyphy/ptII/ptolemy/domains/de/test/auto/ResettableTimer4.xml (RunModel)" time="0.008" />
  <testcase classname="ptolemy.util.test.junit.AutoTests" name="[62] /home/travis/build/icyphy/ptII/ptolemy/domains/de/test/auto/ResettableTimer5.xml (RunModel)" time="0.009" />
  <testcase classname="ptolemy.util.test.junit.AutoTests" name="[63] /home/travis/build/icyphy/ptII/ptolemy/domains/de/test/auto/ResettableTimer6.xml (RunModel)" time="0.012" />
  <testcase classname="ptolemy.util.test.junit.AutoTests" name="[64] /home/travis/build/icyphy/ptII/ptolemy/domains/de/test/auto/ServerZeroDelay.xml (RunModel)" time="0.01" />
  <testcase classname="ptolemy.util.test.junit.AutoTests" name="[65] /home/travis/build/icyphy/ptII/ptolemy/domains/de/test/auto/SmartSender.xml (RunModel)" time="3.008" />
  <testcase classname="ptolemy.util.test.junit.AutoTests" name="[66] /home/travis/build/icyphy/ptII/ptolemy/domains/de/test/auto/ThreadedComposite.xml (RunModel)" time="0.197" />
  <testcase classname="ptolemy.util.test.junit.AutoTests" name="[67] /home/travis/build/icyphy/ptII/ptolemy/domains/de/test/auto/Time.xml (RunModel)" time="0.491" />
  <testcase classname="ptolemy.util.test.junit.AutoTests" name="[68] /home/travis/build/icyphy/ptII/ptolemy/domains/de/test/auto/TimeDelayZeroDelay.xml (RunModel)" time="0.01" />
  <testcase classname="ptolemy.util.test.junit.AutoTests" name="[69] /home/travis/build/icyphy/ptII/ptolemy/domains/de/test/auto/TimerZeroDelay.xml (RunModel)" time="0.01" />
  <testcase classname="ptolemy.util.test.junit.AutoTests" name="[70] /home/travis/build/icyphy/ptII/ptolemy/domains/de/test/auto/TimingParadox.xml (RunModel)" time="0.361" />
  <testcase classname="ptolemy.util.test.junit.AutoTests" name="[71] /home/travis/build/icyphy/ptII/ptolemy/domains/de/test/auto/TransferInputs.xml (RunModel)" time="0.016" />
  <testcase classname="ptolemy.util.test.junit.AutoTests" name="[72] /home/travis/build/icyphy/ptII/ptolemy/domains/de/test/auto/TransferOutputs2.xml (RunModel)" time="0.023" />
  <testcase classname="ptolemy.util.test.junit.AutoTests" name="[73] /home/travis/build/icyphy/ptII/ptolemy/domains/de/test/auto/Trilateration.xml (RunModel)" time="11.659" />
  <testcase classname="ptolemy.util.test.junit.AutoTests" name="[74] /home/travis/build/icyphy/ptII/ptolemy/domains/de/test/auto/TwoSigmaDelta.xml (RunModel)" time="2.064" />
  <testcase classname="ptolemy.util.test.junit.AutoTests" name="[75] /home/travis/build/icyphy/ptII/ptolemy/domains/de/test/auto/VariableDelay.xml (RunModel)" time="0.019" />
  <testcase classname="ptolemy.util.test.junit.AutoTests" name="[76] /home/travis/build/icyphy/ptII/ptolemy/domains/de/test/auto/VariableDelay2.xml (RunModel)" time="0.011" />
  <testcase classname="ptolemy.util.test.junit.AutoTests" name="[77] /home/travis/build/icyphy/ptII/ptolemy/domains/de/test/auto/VariableDelayZeroDelay.xml (RunModel)" time="0.013" />
  <testcase classname="ptolemy.util.test.junit.AutoTests" name="[78] /home/travis/build/icyphy/ptII/ptolemy/domains/de/test/auto/VariableDelayZeroDelay2.xml (RunModel)" time="0.01" />
  <testcase classname="ptolemy.util.test.junit.AutoTests" name="[79] /home/travis/build/icyphy/ptII/ptolemy/domains/de/test/auto/deInCt.xml (RunModel)" time="0.018" />
  <testcase classname="ptolemy.util.test.junit.AutoTests" name="[80] /home/travis/build/icyphy/ptII/ptolemy/domains/de/test/auto/deInCt2.xml (RunModel)" time="0.019" />
  <testcase classname="ptolemy.util.test.junit.AutoTests" name="[81] /home/travis/build/icyphy/ptII/ptolemy/domains/de/test/auto/dynamicCausalityInterface1.xml (RunModel)" time="0.019" />
  <testcase classname="ptolemy.util.test.junit.AutoTests" name="[82] /home/travis/build/icyphy/ptII/ptolemy/domains/de/test/auto/fsm_de_test.xml (RunModel)" time="0.028" />
  <testcase classname="ptolemy.util.test.junit.AutoTests" name="[83] /home/travis/build/icyphy/ptII/ptolemy/domains/de/test/auto/functionDependencyReconstruction.xml (RunModel)" time="0.035" />
  <testcase classname="ptolemy.util.test.junit.AutoTests" name="[84] /home/travis/build/icyphy/ptII/ptolemy/domains/de/test/auto/multirate.xml (RunModel)" time="0.017" />
  <testcase classname="ptolemy.util.test.junit.AutoTests" name="[85] /home/travis/build/icyphy/ptII/ptolemy/domains/de/test/auto/multirate2.xml (RunModel)" time="0.018" />
  <testcase classname="ptolemy.util.test.junit.AutoTests" name="[86] /home/travis/build/icyphy/ptII/ptolemy/domains/de/test/auto/realtime.xml (RunModel)" time="10.011" />
  <testcase classname="ptolemy.util.test.junit.AutoTests" name="[87] /home/travis/build/icyphy/ptII/ptolemy/domains/de/test/auto/relationGroup.xml (RunModel)" time="0.007" />
  <testcase classname="ptolemy.util.test.junit.AutoTests" name="[88] /home/travis/build/icyphy/ptII/ptolemy/domains/de/test/auto/relationGroup2.xml (RunModel)" time="0.006" />
  <testcase classname="ptolemy.util.test.junit.AutoTests" name="[89] /home/travis/build/icyphy/ptII/ptolemy/domains/de/test/auto/sortWithOpaquePorts.xml (RunModel)" time="0.009" />
  <testcase classname="ptolemy.util.test.junit.AutoTests" name="[90] /home/travis/build/icyphy/ptII/ptolemy/domains/de/test/auto/transferInputsandOutputs.xml (RunModel)" time="0.014" />
  <testcase classname="ptolemy.util.test.junit.AutoTests" name="[91] /home/travis/build/icyphy/ptII/ptolemy/domains/de/test/auto/triggerType.xml (RunModel)" time="0.008" />
  <system-out><![CDATA[/home/travis/build/icyphy/ptII/ptolemy/domains/de/test/DependencyLoop.tcl
testDefs.tcl: setting time out to 9000 seconds at Tue Jul 03 01:31:50 UTC 2018
15 ms. Memory: 116224K Free: 93858K (81%)
12 ms. Memory: 146944K Free: 135065K (92%)
/home/travis/build/icyphy/ptII/ptolemy/domains/de/test/RunDETestsAsQSS.tcl
Run the DE tests using ptolemy.domains.qss.test.QSSDirectorTest, which extends QSSDirector and prints a message in the constructors.
------------------ testing $PTII/ptolemy/domains/de/test/auto/knownFailedTests/dependencyLoop.xml (Known Failure) 
15 ms. Memory: 146944K Free: 131952K (90%)


==== $PTIIhome/travis/build/icyphy/ptII/ptolemy/domains/de/test/../../../../: Auto Automatic test in file $PTII/ptolemy/domains/de/test/auto/knownFailedTests/dependencyLoop.xml
==== Contents of test case:

	    # FIXME: we should use $relativeFilename here, but it
	    # might have backslashes under Windows, which causes no end
	    # of trouble.
	    createAndExecute $file
	    list {}
	
.... Test generated KNOWN error:
    while executing
ptolemy.kernel.util.IllegalActionException: Found a zero delay loop containing .dependencyLoop.original
  in .dependencyLoop and .dependencyLoop.original
	at ptolemy.actor.util.CausalityInterfaceForComposites._computeOutputPortDepth(CausalityInterfaceForComposites.java:759)
	at ptolemy.actor.util.CausalityInterfaceForComposites._computeInputDepth(CausalityInterfaceForComposites.java:696)
	at ptolemy.actor.util.CausalityInterfaceForComposites._computeOutputPortDepth(CausalityInterfaceForComposites.java:765)
	at ptolemy.actor.util.CausalityInterfaceForComposites._computeInputDepth(CausalityInterfaceForComposites.java:696)
	at ptolemy.actor.util.CausalityInterfaceForComposites._computeOutputPortDepth(CausalityInterfaceForComposites.java:765)
	at ptolemy.actor.util.CausalityInterfaceForComposites._computeInputDepth(CausalityInterfaceForComposites.java:696)
	at ptolemy.actor.util.CausalityInterfaceForComposites._computeActorDepth(CausalityInterfaceForComposites.java:532)
	at ptolemy.actor.util.CausalityInterfaceForComposites.checkForCycles(CausalityInterfaceForComposites.java:96)
	at ptolemy.domains.de.kernel.DEDirector.preinitialize(DEDirector.java:1338)
	at ptolemy.actor.CompositeActor.preinitialize(CompositeActor.java:1828)
	at ptolemy.actor.Manager.preinitializeAndResolveTypes(Manager.java:1040)
	at ptolemy.actor.Manager.initialize(Manager.java:710)
	at ptolemy.actor.Manager.execute(Manager.java:356)
	at ptolemy.actor.Manager.run(Manager.java:1263)
	at ptolemy.actor.Manager$PtolemyRunThread.run(Manager.java:1915)

    while executing
ptolemy.kernel.util.IllegalActionException: Found a zero delay loop containing .dependencyLoop.original
  in .dependencyLoop and .dependencyLoop.original
    while executing
"java::new ptolemy.moml.MoMLSimpleApplication $file
"
    (procedure "createAndExecute" line 2)
    invoked from within
"createAndExecute $file"
    ("uplevel" body line 5)
    invoked from within
"uplevel $contents_of_test"
------------------ testing $PTII/ptolemy/domains/de/test/auto/knownFailedTests/DESDFClockTest.xml (Known Failure) 
2086 ms. Memory: 146944K Free: 116437K (79%)


==== $PTIIhome/travis/build/icyphy/ptII/ptolemy/domains/de/test/../../../../: Auto Automatic test in file $PTII/ptolemy/domains/de/test/auto/knownFailedTests/DESDFClockTest.xml
==== Contents of test case:

	    # FIXME: we should use $relativeFilename here, but it
	    # might have backslashes under Windows, which causes no end
	    # of trouble.
	    createAndExecute $file
	    list {}
	
.... Test generated KNOWN error:
    while executing
ptolemy.kernel.util.IllegalActionException: Actor is not ready to fire.  Perhaps UpSample.prefire() returned false? Try debugging the actor by selecting "Listen to Actor".  Also, for SDF check moml for tokenConsumptionRate on input.
  in .DESDFClockTest.Play Bell.Copy1:SDF Director and .DESDFClockTest.Play Bell.UpSample
	at ptolemy.actor.sched.StaticSchedulingDirector.fire(StaticSchedulingDirector.java:227)
	at ptolemy.domains.sdf.kernel.SDFDirector.fire(SDFDirector.java:500)
	at ptolemy.actor.CompositeActor.fire(CompositeActor.java:455)
	at ptolemy.domains.de.kernel.DEDirector._fire(DEDirector.java:1949)
	at ptolemy.domains.de.kernel.DEDirector.fire(DEDirector.java:502)
	at ptolemy.actor.CompositeActor.fire(CompositeActor.java:455)
	at ptolemy.actor.Manager.iterate(Manager.java:851)
	at ptolemy.actor.Manager.execute(Manager.java:369)
	at ptolemy.actor.Manager.run(Manager.java:1263)
	at ptolemy.actor.Manager$PtolemyRunThread.run(Manager.java:1915)

    while executing
ptolemy.kernel.util.IllegalActionException: Actor is not ready to fire.  Perhaps UpSample.prefire() returned false? Try debugging the actor by selecting "Listen to Actor".  Also, for SDF check moml for tokenConsumptionRate on input.
  in .DESDFClockTest.Play Bell.Copy1:SDF Director and .DESDFClockTest.Play Bell.UpSample
    while executing
"java::new ptolemy.moml.MoMLSimpleApplication $file
"
    (procedure "createAndExecute" line 2)
    invoked from within
"createAndExecute $file"
    ("uplevel" body line 5)
    invoked from within
"uplevel $contents_of_test"
------------------ testing $PTII/ptolemy/domains/de/test/auto/knownFailedTests/FSMSource.xml (Known Failure) 
33 ms. Memory: 146944K Free: 107379K (73%)
!!!! Auto was marked as failing, but now passes
------------------ testing $PTII/ptolemy/domains/de/test/auto/knownFailedTests/dependencyLoop2.xml (Known Failure) 
6 ms. Memory: 146944K Free: 105496K (72%)


==== $PTIIhome/travis/build/icyphy/ptII/ptolemy/domains/de/test/../../../../: Auto Automatic test in file $PTII/ptolemy/domains/de/test/auto/knownFailedTests/dependencyLoop2.xml
==== Contents of test case:

	    # FIXME: we should use $relativeFilename here, but it
	    # might have backslashes under Windows, which causes no end
	    # of trouble.
	    createAndExecute $file
	    list {}
	
.... Test generated KNOWN error:
    while executing
ptolemy.kernel.util.IllegalActionException: Found a zero delay loop containing .dependencyLoop2.original
  in .dependencyLoop2 and .dependencyLoop2.original
	at ptolemy.actor.util.CausalityInterfaceForComposites._computeOutputPortDepth(CausalityInterfaceForComposites.java:759)
	at ptolemy.actor.util.CausalityInterfaceForComposites._computeInputDepth(CausalityInterfaceForComposites.java:696)
	at ptolemy.actor.util.CausalityInterfaceForComposites._computeOutputPortDepth(CausalityInterfaceForComposites.java:765)
	at ptolemy.actor.util.CausalityInterfaceForComposites._computeInputDepth(CausalityInterfaceForComposites.java:696)
	at ptolemy.actor.util.CausalityInterfaceForComposites._computeOutputPortDepth(CausalityInterfaceForComposites.java:765)
	at ptolemy.actor.util.CausalityInterfaceForComposites._computeInputDepth(CausalityInterfaceForComposites.java:696)
	at ptolemy.actor.util.CausalityInterfaceForComposites._computeActorDepth(CausalityInterfaceForComposites.java:532)
	at ptolemy.actor.util.CausalityInterfaceForComposites.checkForCycles(CausalityInterfaceForComposites.java:96)
	at ptolemy.domains.de.kernel.DEDirector.preinitialize(DEDirector.java:1338)
	at ptolemy.actor.CompositeActor.preinitialize(CompositeActor.java:1828)
	at ptolemy.actor.Manager.preinitializeAndResolveTypes(Manager.java:1040)
	at ptolemy.actor.Manager.initialize(Manager.java:710)
	at ptolemy.actor.Manager.execute(Manager.java:356)
	at ptolemy.actor.Manager.run(Manager.java:1263)
	at ptolemy.actor.Manager$PtolemyRunThread.run(Manager.java:1915)

    while executing
ptolemy.kernel.util.IllegalActionException: Found a zero delay loop containing .dependencyLoop2.original
  in .dependencyLoop2 and .dependencyLoop2.original
    while executing
"java::new ptolemy.moml.MoMLSimpleApplication $file
"
    (procedure "createAndExecute" line 2)
    invoked from within
"createAndExecute $file"
    ("uplevel" body line 5)
    invoked from within
"uplevel $contents_of_test"
------------------ testing $PTII/ptolemy/domains/de/test/auto/knownFailedTests/HierarchicalModel.xml (Known Failure) 
5 ms. Memory: 146944K Free: 84732K (58%)


==== $PTIIhome/travis/build/icyphy/ptII/ptolemy/domains/de/test/../../../../: Auto Automatic test in file $PTII/ptolemy/domains/de/test/auto/knownFailedTests/HierarchicalModel.xml
==== Contents of test case:

	    # FIXME: we should use $relativeFilename here, but it
	    # might have backslashes under Windows, which causes no end
	    # of trouble.
	    createAndExecute $file
	    list {}
	
.... Test generated KNOWN error:
    while executing
ptolemy.kernel.util.IllegalActionException: Found a zero delay loop containing .HierarchicalModel.A
  in .HierarchicalModel and .HierarchicalModel.A
	at ptolemy.actor.util.CausalityInterfaceForComposites._computeOutputPortDepth(CausalityInterfaceForComposites.java:759)
	at ptolemy.actor.util.CausalityInterfaceForComposites._computeInputDepth(CausalityInterfaceForComposites.java:696)
	at ptolemy.actor.util.CausalityInterfaceForComposites._computeOutputPortDepth(CausalityInterfaceForComposites.java:765)
	at ptolemy.actor.util.CausalityInterfaceForComposites._computeInputDepth(CausalityInterfaceForComposites.java:696)
	at ptolemy.actor.util.CausalityInterfaceForComposites._computeOutputPortDepth(CausalityInterfaceForComposites.java:765)
	at ptolemy.actor.util.CausalityInterfaceForComposites._computeInputDepth(CausalityInterfaceForComposites.java:696)
	at ptolemy.actor.util.CausalityInterfaceForComposites._computeActorDepth(CausalityInterfaceForComposites.java:532)
	at ptolemy.actor.util.CausalityInterfaceForComposites.checkForCycles(CausalityInterfaceForComposites.java:96)
	at ptolemy.domains.de.kernel.DEDirector.preinitialize(DEDirector.java:1338)
	at ptolemy.actor.CompositeActor.preinitialize(CompositeActor.java:1828)
	at ptolemy.actor.Manager.preinitializeAndResolveTypes(Manager.java:1040)
	at ptolemy.actor.Manager.initialize(Manager.java:710)
	at ptolemy.actor.Manager.execute(Manager.java:356)
	at ptolemy.actor.Manager.run(Manager.java:1263)
	at ptolemy.actor.Manager$PtolemyRunThread.run(Manager.java:1915)

    while executing
ptolemy.kernel.util.IllegalActionException: Found a zero delay loop containing .HierarchicalModel.A
  in .HierarchicalModel and .HierarchicalModel.A
    while executing
"java::new ptolemy.moml.MoMLSimpleApplication $file
"
    (procedure "createAndExecute" line 2)
    invoked from within
"createAndExecute $file"
    ("uplevel" body line 5)
    invoked from within
"uplevel $contents_of_test"
------------------ testing $PTII/ptolemy/domains/de/test/auto/knownFailedTests/DirectFeedback.xml (Known Failure) 
7 ms. Memory: 146944K Free: 141106K (96%)


==== $PTIIhome/travis/build/icyphy/ptII/ptolemy/domains/de/test/../../../../: Auto Automatic test in file $PTII/ptolemy/domains/de/test/auto/knownFailedTests/DirectFeedback.xml
==== Contents of test case:

	    # FIXME: we should use $relativeFilename here, but it
	    # might have backslashes under Windows, which causes no end
	    # of trouble.
	    createAndExecute $file
	    list {}
	
.... Test generated KNOWN error:
    while executing
ptolemy.kernel.util.IllegalActionException: Test fails in iteration 1.
Value was: 1.0. Should have been: 2.0
  in .DirectFeedback.Test
	at ptolemy.actor.lib.Test.fire(Test.java:268)
	at ptolemy.domains.de.kernel.DEDirector._fire(DEDirector.java:1949)
	at ptolemy.domains.de.kernel.DEDirector.fire(DEDirector.java:502)
	at ptolemy.actor.CompositeActor.fire(CompositeActor.java:455)
	at ptolemy.actor.Manager.iterate(Manager.java:851)
	at ptolemy.actor.Manager.execute(Manager.java:369)
	at ptolemy.actor.Manager.run(Manager.java:1263)
	at ptolemy.actor.Manager$PtolemyRunThread.run(Manager.java:1915)

    while executing
ptolemy.kernel.util.IllegalActionException: Test fails in iteration 1.
Value was: 1.0. Should have been: 2.0
  in .DirectFeedback.Test
    while executing
"java::new ptolemy.moml.MoMLSimpleApplication $file
"
    (procedure "createAndExecute" line 2)
    invoked from within
"createAndExecute $file"
    ("uplevel" body line 5)
    invoked from within
"uplevel $contents_of_test"
------------------ testing $PTII/ptolemy/domains/de/test/auto/ActorDepthCalculation_actorWithoutPorts.xml
auto.tcl: Setting watchdog for 200 seconds at Tue Jul 03 01:31:53 UTC 2018
10 ms. Memory: 146944K Free: 132388K (90%)
ptolemy.util.test.WatchDog.cancel(): canceling Tue Jul 03 01:31:53 UTC 2018
auto.tcl: Setting watchdog for 200 seconds at Tue Jul 03 01:31:53 UTC 2018
4 ms. Memory: 146944K Free: 131345K (89%)
ptolemy.util.test.WatchDog.cancel(): canceling Tue Jul 03 01:31:53 UTC 2018
------------------ testing $PTII/ptolemy/domains/de/test/auto/AssemblyLine.xml
auto.tcl: Setting watchdog for 200 seconds at Tue Jul 03 01:31:54 UTC 2018
17 ms. Memory: 208384K Free: 182828K (88%)
ptolemy.util.test.WatchDog.cancel(): canceling Tue Jul 03 01:31:54 UTC 2018
auto.tcl: Setting watchdog for 200 seconds at Tue Jul 03 01:31:54 UTC 2018
11 ms. Memory: 208384K Free: 182828K (88%)
ptolemy.util.test.WatchDog.cancel(): canceling Tue Jul 03 01:31:54 UTC 2018
------------------ testing $PTII/ptolemy/domains/de/test/auto/CQBug1.xml
auto.tcl: Setting watchdog for 200 seconds at Tue Jul 03 01:31:54 UTC 2018
11 ms. Memory: 208384K Free: 197714K (95%)
ptolemy.util.test.WatchDog.cancel(): canceling Tue Jul 03 01:31:54 UTC 2018
auto.tcl: Setting watchdog for 200 seconds at Tue Jul 03 01:31:54 UTC 2018
2 ms. Memory: 208384K Free: 197714K (95%)
ptolemy.util.test.WatchDog.cancel(): canceling Tue Jul 03 01:31:54 UTC 2018
------------------ testing $PTII/ptolemy/domains/de/test/auto/CancelFireAt.xml
auto.tcl: Setting watchdog for 200 seconds at Tue Jul 03 01:31:54 UTC 2018
3 ms. Memory: 208384K Free: 201442K (97%)
ptolemy.util.test.WatchDog.cancel(): canceling Tue Jul 03 01:31:54 UTC 2018
auto.tcl: Setting watchdog for 200 seconds at Tue Jul 03 01:31:54 UTC 2018
5 ms. Memory: 208384K Free: 199335K (96%)
ptolemy.util.test.WatchDog.cancel(): canceling Tue Jul 03 01:31:54 UTC 2018
------------------ testing $PTII/ptolemy/domains/de/test/auto/CausalityAndComposabilityAnalysis.xml
auto.tcl: Setting watchdog for 200 seconds at Tue Jul 03 01:31:54 UTC 2018
16 ms. Memory: 208384K Free: 196488K (94%)
ptolemy.util.test.WatchDog.cancel(): canceling Tue Jul 03 01:31:54 UTC 2018
auto.tcl: Setting watchdog for 200 seconds at Tue Jul 03 01:31:54 UTC 2018
6 ms. Memory: 208384K Free: 196488K (94%)
ptolemy.util.test.WatchDog.cancel(): canceling Tue Jul 03 01:31:54 UTC 2018
------------------ testing $PTII/ptolemy/domains/de/test/auto/CausalityInterface1.xml
auto.tcl: Setting watchdog for 200 seconds at Tue Jul 03 01:31:54 UTC 2018
13 ms. Memory: 208384K Free: 196425K (94%)
ptolemy.util.test.WatchDog.cancel(): canceling Tue Jul 03 01:31:54 UTC 2018
auto.tcl: Setting watchdog for 200 seconds at Tue Jul 03 01:31:54 UTC 2018
4 ms. Memory: 208384K Free: 196425K (94%)
ptolemy.util.test.WatchDog.cancel(): canceling Tue Jul 03 01:31:54 UTC 2018
------------------ testing $PTII/ptolemy/domains/de/test/auto/CausalityInterface15.xml
auto.tcl: Setting watchdog for 200 seconds at Tue Jul 03 01:31:54 UTC 2018
10 ms. Memory: 208384K Free: 196417K (94%)
ptolemy.util.test.WatchDog.cancel(): canceling Tue Jul 03 01:31:54 UTC 2018
auto.tcl: Setting watchdog for 200 seconds at Tue Jul 03 01:31:54 UTC 2018
7 ms. Memory: 208384K Free: 196417K (94%)
ptolemy.util.test.WatchDog.cancel(): canceling Tue Jul 03 01:31:54 UTC 2018
------------------ testing $PTII/ptolemy/domains/de/test/auto/CausalityInterface2.xml
auto.tcl: Setting watchdog for 200 seconds at Tue Jul 03 01:31:54 UTC 2018
9 ms. Memory: 208384K Free: 196400K (94%)
ptolemy.util.test.WatchDog.cancel(): canceling Tue Jul 03 01:31:55 UTC 2018
auto.tcl: Setting watchdog for 200 seconds at Tue Jul 03 01:31:55 UTC 2018
4 ms. Memory: 208384K Free: 196400K (94%)
ptolemy.util.test.WatchDog.cancel(): canceling Tue Jul 03 01:31:55 UTC 2018
------------------ testing $PTII/ptolemy/domains/de/test/auto/CausalityInterface3.xml
auto.tcl: Setting watchdog for 200 seconds at Tue Jul 03 01:31:55 UTC 2018
6 ms. Memory: 208384K Free: 196749K (94%)
ptolemy.util.test.WatchDog.cancel(): canceling Tue Jul 03 01:31:55 UTC 2018
auto.tcl: Setting watchdog for 200 seconds at Tue Jul 03 01:31:55 UTC 2018
4 ms. Memory: 208384K Free: 196412K (94%)
ptolemy.util.test.WatchDog.cancel(): canceling Tue Jul 03 01:31:55 UTC 2018
------------------ testing $PTII/ptolemy/domains/de/test/auto/ClockDrift.xml
auto.tcl: Setting watchdog for 200 seconds at Tue Jul 03 01:31:55 UTC 2018
109 ms. Memory: 208384K Free: 187624K (90%)
ptolemy.util.test.WatchDog.cancel(): canceling Tue Jul 03 01:31:55 UTC 2018
auto.tcl: Setting watchdog for 200 seconds at Tue Jul 03 01:31:55 UTC 2018
39 ms. Memory: 208384K Free: 185517K (89%)
ptolemy.util.test.WatchDog.cancel(): canceling Tue Jul 03 01:31:55 UTC 2018
------------------ testing $PTII/ptolemy/domains/de/test/auto/ClockDriftAndValueChange.xml
auto.tcl: Setting watchdog for 200 seconds at Tue Jul 03 01:31:55 UTC 2018
57 ms. Memory: 208384K Free: 187447K (90%)
ptolemy.util.test.WatchDog.cancel(): canceling Tue Jul 03 01:31:55 UTC 2018
auto.tcl: Setting watchdog for 200 seconds at Tue Jul 03 01:31:55 UTC 2018
35 ms. Memory: 208384K Free: 185340K (89%)
ptolemy.util.test.WatchDog.cancel(): canceling Tue Jul 03 01:31:55 UTC 2018
------------------ testing $PTII/ptolemy/domains/de/test/auto/ClockDriftChange.xml
auto.tcl: Setting watchdog for 200 seconds at Tue Jul 03 01:31:55 UTC 2018
27 ms. Memory: 208384K Free: 190775K (92%)
ptolemy.util.test.WatchDog.cancel(): canceling Tue Jul 03 01:31:55 UTC 2018
auto.tcl: Setting watchdog for 200 seconds at Tue Jul 03 01:31:55 UTC 2018
20 ms. Memory: 208384K Free: 188668K (91%)
ptolemy.util.test.WatchDog.cancel(): canceling Tue Jul 03 01:31:55 UTC 2018
------------------ testing $PTII/ptolemy/domains/de/test/auto/ComposableCausalityAnalysis.xml
auto.tcl: Setting watchdog for 200 seconds at Tue Jul 03 01:31:55 UTC 2018
2 ms. Memory: 208384K Free: 196255K (94%)
ptolemy.util.test.WatchDog.cancel(): canceling Tue Jul 03 01:31:55 UTC 2018
auto.tcl: Setting watchdog for 200 seconds at Tue Jul 03 01:31:55 UTC 2018
2 ms. Memory: 208384K Free: 194148K (93%)
ptolemy.util.test.WatchDog.cancel(): canceling Tue Jul 03 01:31:55 UTC 2018
------------------ testing $PTII/ptolemy/domains/de/test/auto/DEFixedPointLimitation.xml
auto.tcl: Setting watchdog for 200 seconds at Tue Jul 03 01:31:55 UTC 2018
2 ms. Memory: 208384K Free: 196336K (94%)
ptolemy.util.test.WatchDog.cancel(): canceling Tue Jul 03 01:31:55 UTC 2018
auto.tcl: Setting watchdog for 200 seconds at Tue Jul 03 01:31:55 UTC 2018
1 ms. Memory: 208384K Free: 196336K (94%)
ptolemy.util.test.WatchDog.cancel(): canceling Tue Jul 03 01:31:55 UTC 2018
------------------ testing $PTII/ptolemy/domains/de/test/auto/DEScheduleTest.xml
auto.tcl: Setting watchdog for 200 seconds at Tue Jul 03 01:31:55 UTC 2018
6 ms. Memory: 208384K Free: 198478K (95%)
ptolemy.util.test.WatchDog.cancel(): canceling Tue Jul 03 01:31:55 UTC 2018
auto.tcl: Setting watchdog for 200 seconds at Tue Jul 03 01:31:56 UTC 2018
4 ms. Memory: 208384K Free: 196371K (94%)
ptolemy.util.test.WatchDog.cancel(): canceling Tue Jul 03 01:31:56 UTC 2018
------------------ testing $PTII/ptolemy/domains/de/test/auto/DEinDEwithStartTimes.xml
auto.tcl: Setting watchdog for 200 seconds at Tue Jul 03 01:31:56 UTC 2018
3 ms. Memory: 208384K Free: 196341K (94%)
ptolemy.util.test.WatchDog.cancel(): canceling Tue Jul 03 01:31:56 UTC 2018
auto.tcl: Setting watchdog for 200 seconds at Tue Jul 03 01:31:56 UTC 2018
6 ms. Memory: 208384K Free: 194234K (93%)
ptolemy.util.test.WatchDog.cancel(): canceling Tue Jul 03 01:31:56 UTC 2018
------------------ testing $PTII/ptolemy/domains/de/test/auto/DEinDEwithStartTimes2.xml
auto.tcl: Setting watchdog for 200 seconds at Tue Jul 03 01:31:56 UTC 2018
5 ms. Memory: 208384K Free: 196320K (94%)
ptolemy.util.test.WatchDog.cancel(): canceling Tue Jul 03 01:31:56 UTC 2018
auto.tcl: Setting watchdog for 200 seconds at Tue Jul 03 01:31:56 UTC 2018
4 ms. Memory: 208384K Free: 194213K (93%)
ptolemy.util.test.WatchDog.cancel(): canceling Tue Jul 03 01:31:56 UTC 2018
------------------ testing $PTII/ptolemy/domains/de/test/auto/DateDemo.xml
auto.tcl: Setting watchdog for 200 seconds at Tue Jul 03 01:31:56 UTC 2018
20 ms. Memory: 208384K Free: 188728K (91%)
ptolemy.util.test.WatchDog.cancel(): canceling Tue Jul 03 01:31:56 UTC 2018
auto.tcl: Setting watchdog for 200 seconds at Tue Jul 03 01:31:56 UTC 2018
8 ms. Memory: 208384K Free: 186621K (90%)
ptolemy.util.test.WatchDog.cancel(): canceling Tue Jul 03 01:31:56 UTC 2018
------------------ testing $PTII/ptolemy/domains/de/test/auto/DateToEvent.xml
auto.tcl: Setting watchdog for 200 seconds at Tue Jul 03 01:31:56 UTC 2018
2019 ms. Memory: 208384K Free: 180956K (87%)
ptolemy.util.test.WatchDog.cancel(): canceling Tue Jul 03 01:31:58 UTC 2018
auto.tcl: Setting watchdog for 200 seconds at Tue Jul 03 01:31:58 UTC 2018
2005 ms. Memory: 208384K Free: 180956K (87%)
ptolemy.util.test.WatchDog.cancel(): canceling Tue Jul 03 01:32:00 UTC 2018
------------------ testing $PTII/ptolemy/domains/de/test/auto/DepthTest1.xml
auto.tcl: Setting watchdog for 200 seconds at Tue Jul 03 01:32:00 UTC 2018
4 ms. Memory: 208384K Free: 198345K (95%)
ptolemy.util.test.WatchDog.cancel(): canceling Tue Jul 03 01:32:00 UTC 2018
auto.tcl: Setting watchdog for 200 seconds at Tue Jul 03 01:32:00 UTC 2018
6 ms. Memory: 208384K Free: 198345K (95%)
ptolemy.util.test.WatchDog.cancel(): canceling Tue Jul 03 01:32:00 UTC 2018
------------------ testing $PTII/ptolemy/domains/de/test/auto/DepthTest2.xml
auto.tcl: Setting watchdog for 200 seconds at Tue Jul 03 01:32:00 UTC 2018
3 ms. Memory: 208384K Free: 194194K (93%)
ptolemy.util.test.WatchDog.cancel(): canceling Tue Jul 03 01:32:00 UTC 2018
auto.tcl: Setting watchdog for 200 seconds at Tue Jul 03 01:32:00 UTC 2018
6 ms. Memory: 208384K Free: 194194K (93%)
ptolemy.util.test.WatchDog.cancel(): canceling Tue Jul 03 01:32:00 UTC 2018
------------------ testing $PTII/ptolemy/domains/de/test/auto/DepthTest3.xml
auto.tcl: Setting watchdog for 200 seconds at Tue Jul 03 01:32:00 UTC 2018
6 ms. Memory: 208384K Free: 198340K (95%)
ptolemy.util.test.WatchDog.cancel(): canceling Tue Jul 03 01:32:00 UTC 2018
auto.tcl: Setting watchdog for 200 seconds at Tue Jul 03 01:32:00 UTC 2018
2 ms. Memory: 208384K Free: 198340K (95%)
ptolemy.util.test.WatchDog.cancel(): canceling Tue Jul 03 01:32:00 UTC 2018
------------------ testing $PTII/ptolemy/domains/de/test/auto/DepthTest4.xml
auto.tcl: Setting watchdog for 200 seconds at Tue Jul 03 01:32:00 UTC 2018
7 ms. Memory: 208384K Free: 196321K (94%)
ptolemy.util.test.WatchDog.cancel(): canceling Tue Jul 03 01:32:00 UTC 2018
auto.tcl: Setting watchdog for 200 seconds at Tue Jul 03 01:32:00 UTC 2018
2 ms. Memory: 208384K Free: 196321K (94%)
ptolemy.util.test.WatchDog.cancel(): canceling Tue Jul 03 01:32:00 UTC 2018
------------------ testing $PTII/ptolemy/domains/de/test/auto/DepthTest5.xml
auto.tcl: Setting watchdog for 200 seconds at Tue Jul 03 01:32:00 UTC 2018
12 ms. Memory: 208384K Free: 196606K (94%)
ptolemy.util.test.WatchDog.cancel(): canceling Tue Jul 03 01:32:00 UTC 2018
auto.tcl: Setting watchdog for 200 seconds at Tue Jul 03 01:32:00 UTC 2018
3 ms. Memory: 208384K Free: 196606K (94%)
ptolemy.util.test.WatchDog.cancel(): canceling Tue Jul 03 01:32:00 UTC 2018
------------------ testing $PTII/ptolemy/domains/de/test/auto/DepthTest6.xml
auto.tcl: Setting watchdog for 200 seconds at Tue Jul 03 01:32:00 UTC 2018
6 ms. Memory: 208384K Free: 196566K (94%)
ptolemy.util.test.WatchDog.cancel(): canceling Tue Jul 03 01:32:00 UTC 2018
auto.tcl: Setting watchdog for 200 seconds at Tue Jul 03 01:32:00 UTC 2018
2 ms. Memory: 208384K Free: 196566K (94%)
ptolemy.util.test.WatchDog.cancel(): canceling Tue Jul 03 01:32:00 UTC 2018
------------------ testing $PTII/ptolemy/domains/de/test/auto/DepthTest7.xml
auto.tcl: Setting watchdog for 200 seconds at Tue Jul 03 01:32:01 UTC 2018
2 ms. Memory: 208384K Free: 196225K (94%)
ptolemy.util.test.WatchDog.cancel(): canceling Tue Jul 03 01:32:01 UTC 2018
auto.tcl: Setting watchdog for 200 seconds at Tue Jul 03 01:32:01 UTC 2018
3 ms. Memory: 208384K Free: 196225K (94%)
ptolemy.util.test.WatchDog.cancel(): canceling Tue Jul 03 01:32:01 UTC 2018
------------------ testing $PTII/ptolemy/domains/de/test/auto/EventToDate.xml
auto.tcl: Setting watchdog for 200 seconds at Tue Jul 03 01:32:01 UTC 2018
3012 ms. Memory: 208384K Free: 185711K (89%)
ptolemy.util.test.WatchDog.cancel(): canceling Tue Jul 03 01:32:04 UTC 2018
auto.tcl: Setting watchdog for 200 seconds at Tue Jul 03 01:32:04 UTC 2018
3004 ms. Memory: 208384K Free: 185711K (89%)
ptolemy.util.test.WatchDog.cancel(): canceling Tue Jul 03 01:32:07 UTC 2018
------------------ testing $PTII/ptolemy/domains/de/test/auto/FSM1.xml
auto.tcl: Setting watchdog for 200 seconds at Tue Jul 03 01:32:07 UTC 2018
18 ms. Memory: 208384K Free: 189263K (91%)
ptolemy.util.test.WatchDog.cancel(): canceling Tue Jul 03 01:32:07 UTC 2018
auto.tcl: Setting watchdog for 200 seconds at Tue Jul 03 01:32:07 UTC 2018
20 ms. Memory: 208384K Free: 185049K (89%)
ptolemy.util.test.WatchDog.cancel(): canceling Tue Jul 03 01:32:07 UTC 2018
------------------ testing $PTII/ptolemy/domains/de/test/auto/FSM7.xml
auto.tcl: Setting watchdog for 200 seconds at Tue Jul 03 01:32:07 UTC 2018
13 ms. Memory: 208384K Free: 187297K (90%)
ptolemy.util.test.WatchDog.cancel(): canceling Tue Jul 03 01:32:07 UTC 2018
auto.tcl: Setting watchdog for 200 seconds at Tue Jul 03 01:32:07 UTC 2018
15 ms. Memory: 208384K Free: 185174K (89%)
ptolemy.util.test.WatchDog.cancel(): canceling Tue Jul 03 01:32:07 UTC 2018
------------------ testing $PTII/ptolemy/domains/de/test/auto/Inspection.xml
auto.tcl: Setting watchdog for 200 seconds at Tue Jul 03 01:32:07 UTC 2018
52 ms. Memory: 208384K Free: 188863K (91%)
ptolemy.util.test.WatchDog.cancel(): canceling Tue Jul 03 01:32:07 UTC 2018
auto.tcl: Setting watchdog for 200 seconds at Tue Jul 03 01:32:07 UTC 2018
24 ms. Memory: 208384K Free: 186748K (90%)
ptolemy.util.test.WatchDog.cancel(): canceling Tue Jul 03 01:32:07 UTC 2018
------------------ testing $PTII/ptolemy/domains/de/test/auto/Iteration.xml
auto.tcl: Setting watchdog for 200 seconds at Tue Jul 03 01:32:07 UTC 2018
8 ms. Memory: 208384K Free: 196370K (94%)
ptolemy.util.test.WatchDog.cancel(): canceling Tue Jul 03 01:32:07 UTC 2018
auto.tcl: Setting watchdog for 200 seconds at Tue Jul 03 01:32:07 UTC 2018
7 ms. Memory: 208384K Free: 194263K (93%)
ptolemy.util.test.WatchDog.cancel(): canceling Tue Jul 03 01:32:07 UTC 2018
------------------ testing $PTII/ptolemy/domains/de/test/auto/LineFault.xml
auto.tcl: Setting watchdog for 200 seconds at Tue Jul 03 01:32:07 UTC 2018
757 ms. Memory: 208384K Free: 194965K (94%)
ptolemy.util.test.WatchDog.cancel(): canceling Tue Jul 03 01:32:08 UTC 2018
auto.tcl: Setting watchdog for 200 seconds at Tue Jul 03 01:32:08 UTC 2018
666 ms. Memory: 208384K Free: 137398K (66%)
ptolemy.util.test.WatchDog.cancel(): canceling Tue Jul 03 01:32:09 UTC 2018
------------------ testing $PTII/ptolemy/domains/de/test/auto/MergeModel1Add.xml
auto.tcl: Setting watchdog for 200 seconds at Tue Jul 03 01:32:09 UTC 2018
17 ms. Memory: 331264K Free: 299076K (90%)
ptolemy.util.test.WatchDog.cancel(): canceling Tue Jul 03 01:32:09 UTC 2018
auto.tcl: Setting watchdog for 200 seconds at Tue Jul 03 01:32:09 UTC 2018
11 ms. Memory: 331264K Free: 299076K (90%)
ptolemy.util.test.WatchDog.cancel(): canceling Tue Jul 03 01:32:09 UTC 2018
------------------ testing $PTII/ptolemy/domains/de/test/auto/MergeModel2Add.xml
auto.tcl: Setting watchdog for 200 seconds at Tue Jul 03 01:32:09 UTC 2018
13 ms. Memory: 331264K Free: 304321K (92%)
ptolemy.util.test.WatchDog.cancel(): canceling Tue Jul 03 01:32:09 UTC 2018
auto.tcl: Setting watchdog for 200 seconds at Tue Jul 03 01:32:09 UTC 2018
14 ms. Memory: 331264K Free: 300414K (91%)
ptolemy.util.test.WatchDog.cancel(): canceling Tue Jul 03 01:32:09 UTC 2018
------------------ testing $PTII/ptolemy/domains/de/test/auto/MergeModel3Add.xml
auto.tcl: Setting watchdog for 200 seconds at Tue Jul 03 01:32:09 UTC 2018
14 ms. Memory: 331264K Free: 304332K (92%)
ptolemy.util.test.WatchDog.cancel(): canceling Tue Jul 03 01:32:09 UTC 2018
auto.tcl: Setting watchdog for 200 seconds at Tue Jul 03 01:32:09 UTC 2018
11 ms. Memory: 331264K Free: 300424K (91%)
ptolemy.util.test.WatchDog.cancel(): canceling Tue Jul 03 01:32:09 UTC 2018
------------------ testing $PTII/ptolemy/domains/de/test/auto/MergeWithoutDiscard.xml
auto.tcl: Setting watchdog for 200 seconds at Tue Jul 03 01:32:10 UTC 2018
5 ms. Memory: 331264K Free: 319991K (97%)
ptolemy.util.test.WatchDog.cancel(): canceling Tue Jul 03 01:32:10 UTC 2018
auto.tcl: Setting watchdog for 200 seconds at Tue Jul 03 01:32:10 UTC 2018
2 ms. Memory: 331264K Free: 316083K (95%)
ptolemy.util.test.WatchDog.cancel(): canceling Tue Jul 03 01:32:10 UTC 2018
------------------ testing $PTII/ptolemy/domains/de/test/auto/Modal1.xml
auto.tcl: Setting watchdog for 200 seconds at Tue Jul 03 01:32:10 UTC 2018
17 ms. Memory: 331264K Free: 310000K (94%)
ptolemy.util.test.WatchDog.cancel(): canceling Tue Jul 03 01:32:10 UTC 2018
auto.tcl: Setting watchdog for 200 seconds at Tue Jul 03 01:32:10 UTC 2018
30 ms. Memory: 331264K Free: 306076K (92%)
ptolemy.util.test.WatchDog.cancel(): canceling Tue Jul 03 01:32:10 UTC 2018
------------------ testing $PTII/ptolemy/domains/de/test/auto/Modal2.xml
auto.tcl: Setting watchdog for 200 seconds at Tue Jul 03 01:32:10 UTC 2018
11 ms. Memory: 331264K Free: 309880K (94%)
ptolemy.util.test.WatchDog.cancel(): canceling Tue Jul 03 01:32:10 UTC 2018
auto.tcl: Setting watchdog for 200 seconds at Tue Jul 03 01:32:10 UTC 2018
12 ms. Memory: 331264K Free: 305973K (92%)
ptolemy.util.test.WatchDog.cancel(): canceling Tue Jul 03 01:32:10 UTC 2018
------------------ testing $PTII/ptolemy/domains/de/test/auto/Modal3.xml
auto.tcl: Setting watchdog for 200 seconds at Tue Jul 03 01:32:10 UTC 2018
11 ms. Memory: 331264K Free: 309855K (94%)
ptolemy.util.test.WatchDog.cancel(): canceling Tue Jul 03 01:32:10 UTC 2018
auto.tcl: Setting watchdog for 200 seconds at Tue Jul 03 01:32:10 UTC 2018
11 ms. Memory: 331264K Free: 305932K (92%)
ptolemy.util.test.WatchDog.cancel(): canceling Tue Jul 03 01:32:10 UTC 2018
------------------ testing $PTII/ptolemy/domains/de/test/auto/Modal4.xml
auto.tcl: Setting watchdog for 200 seconds at Tue Jul 03 01:32:10 UTC 2018
13 ms. Memory: 331264K Free: 309884K (94%)
ptolemy.util.test.WatchDog.cancel(): canceling Tue Jul 03 01:32:10 UTC 2018
auto.tcl: Setting watchdog for 200 seconds at Tue Jul 03 01:32:10 UTC 2018
15 ms. Memory: 331264K Free: 305975K (92%)
ptolemy.util.test.WatchDog.cancel(): canceling Tue Jul 03 01:32:10 UTC 2018
------------------ testing $PTII/ptolemy/domains/de/test/auto/Modal5.xml
auto.tcl: Setting watchdog for 200 seconds at Tue Jul 03 01:32:10 UTC 2018
18 ms. Memory: 331264K Free: 309871K (94%)
ptolemy.util.test.WatchDog.cancel(): canceling Tue Jul 03 01:32:10 UTC 2018
auto.tcl: Setting watchdog for 200 seconds at Tue Jul 03 01:32:10 UTC 2018
15 ms. Memory: 331264K Free: 305947K (92%)
ptolemy.util.test.WatchDog.cancel(): canceling Tue Jul 03 01:32:10 UTC 2018
------------------ testing $PTII/ptolemy/domains/de/test/auto/Modal6.xml
auto.tcl: Setting watchdog for 200 seconds at Tue Jul 03 01:32:10 UTC 2018
12 ms. Memory: 331264K Free: 309853K (94%)
ptolemy.util.test.WatchDog.cancel(): canceling Tue Jul 03 01:32:10 UTC 2018
auto.tcl: Setting watchdog for 200 seconds at Tue Jul 03 01:32:10 UTC 2018
16 ms. Memory: 331264K Free: 305945K (92%)
ptolemy.util.test.WatchDog.cancel(): canceling Tue Jul 03 01:32:10 UTC 2018
------------------ testing $PTII/ptolemy/domains/de/test/auto/Modal7.xml
auto.tcl: Setting watchdog for 200 seconds at Tue Jul 03 01:32:10 UTC 2018
22 ms. Memory: 331264K Free: 309862K (94%)
ptolemy.util.test.WatchDog.cancel(): canceling Tue Jul 03 01:32:10 UTC 2018
auto.tcl: Setting watchdog for 200 seconds at Tue Jul 03 01:32:10 UTC 2018
13 ms. Memory: 331264K Free: 305954K (92%)
ptolemy.util.test.WatchDog.cancel(): canceling Tue Jul 03 01:32:10 UTC 2018
------------------ testing $PTII/ptolemy/domains/de/test/auto/ModalModel.xml
auto.tcl: Setting watchdog for 200 seconds at Tue Jul 03 01:32:10 UTC 2018
240 ms. Memory: 331264K Free: 246232K (74%)
ptolemy.util.test.WatchDog.cancel(): canceling Tue Jul 03 01:32:11 UTC 2018
auto.tcl: Setting watchdog for 200 seconds at Tue Jul 03 01:32:11 UTC 2018
232 ms. Memory: 331264K Free: 191460K (58%)
ptolemy.util.test.WatchDog.cancel(): canceling Tue Jul 03 01:32:11 UTC 2018
------------------ testing $PTII/ptolemy/domains/de/test/auto/ModalSource.xml
auto.tcl: Setting watchdog for 200 seconds at Tue Jul 03 01:32:11 UTC 2018
9 ms. Memory: 331264K Free: 316784K (96%)
ptolemy.util.test.WatchDog.cancel(): canceling Tue Jul 03 01:32:11 UTC 2018
auto.tcl: Setting watchdog for 200 seconds at Tue Jul 03 01:32:11 UTC 2018
7 ms. Memory: 331264K Free: 313299K (95%)
ptolemy.util.test.WatchDog.cancel(): canceling Tue Jul 03 01:32:11 UTC 2018
------------------ testing $PTII/ptolemy/domains/de/test/auto/NonInterruptibleTimerZeroDelay.xml
auto.tcl: Setting watchdog for 200 seconds at Tue Jul 03 01:32:11 UTC 2018
3 ms. Memory: 331264K Free: 320937K (97%)
ptolemy.util.test.WatchDog.cancel(): canceling Tue Jul 03 01:32:11 UTC 2018
auto.tcl: Setting watchdog for 200 seconds at Tue Jul 03 01:32:11 UTC 2018
2 ms. Memory: 331264K Free: 317452K (96%)
ptolemy.util.test.WatchDog.cancel(): canceling Tue Jul 03 01:32:11 UTC 2018
------------------ testing $PTII/ptolemy/domains/de/test/auto/OpenQueueingNetwork.xml
auto.tcl: Setting watchdog for 200 seconds at Tue Jul 03 01:32:11 UTC 2018
3255 ms. Memory: 317952K Free: 165284K (52%)
ptolemy.util.test.WatchDog.cancel(): canceling Tue Jul 03 01:32:14 UTC 2018
auto.tcl: Setting watchdog for 200 seconds at Tue Jul 03 01:32:14 UTC 2018
2700 ms. Memory: 287232K Free: 249092K (87%)
ptolemy.util.test.WatchDog.cancel(): canceling Tue Jul 03 01:32:17 UTC 2018
------------------ testing $PTII/ptolemy/domains/de/test/auto/OpenQueuingNetwork.xml
auto.tcl: Setting watchdog for 200 seconds at Tue Jul 03 01:32:17 UTC 2018
269 ms. Memory: 287232K Free: 190665K (66%)
ptolemy.util.test.WatchDog.cancel(): canceling Tue Jul 03 01:32:18 UTC 2018
auto.tcl: Setting watchdog for 200 seconds at Tue Jul 03 01:32:18 UTC 2018
257 ms. Memory: 287232K Free: 130048K (45%)
ptolemy.util.test.WatchDog.cancel(): canceling Tue Jul 03 01:32:18 UTC 2018
------------------ testing $PTII/ptolemy/domains/de/test/auto/PeriodicSampler.xml
auto.tcl: Setting watchdog for 200 seconds at Tue Jul 03 01:32:18 UTC 2018
3 ms. Memory: 289792K Free: 274886K (95%)
ptolemy.util.test.WatchDog.cancel(): canceling Tue Jul 03 01:32:18 UTC 2018
auto.tcl: Setting watchdog for 200 seconds at Tue Jul 03 01:32:18 UTC 2018
2 ms. Memory: 289792K Free: 274886K (95%)
ptolemy.util.test.WatchDog.cancel(): canceling Tue Jul 03 01:32:18 UTC 2018
------------------ testing $PTII/ptolemy/domains/de/test/auto/PersistentIO.xml
auto.tcl: Setting watchdog for 200 seconds at Tue Jul 03 01:32:18 UTC 2018
10 ms. Memory: 287232K Free: 267104K (93%)
ptolemy.util.test.WatchDog.cancel(): canceling Tue Jul 03 01:32:18 UTC 2018
auto.tcl: Setting watchdog for 200 seconds at Tue Jul 03 01:32:18 UTC 2018
5 ms. Memory: 287232K Free: 267104K (93%)
ptolemy.util.test.WatchDog.cancel(): canceling Tue Jul 03 01:32:18 UTC 2018
------------------ testing $PTII/ptolemy/domains/de/test/auto/PortParameterResetOnInitialize.xml
auto.tcl: Setting watchdog for 200 seconds at Tue Jul 03 01:32:18 UTC 2018
3 ms. Memory: 289280K Free: 274717K (95%)
ptolemy.util.test.WatchDog.cancel(): canceling Tue Jul 03 01:32:18 UTC 2018
auto.tcl: Setting watchdog for 200 seconds at Tue Jul 03 01:32:18 UTC 2018
2 ms. Memory: 289280K Free: 274717K (95%)
ptolemy.util.test.WatchDog.cancel(): canceling Tue Jul 03 01:32:18 UTC 2018
------------------ testing $PTII/ptolemy/domains/de/test/auto/PortParameterUpdates.xml
auto.tcl: Setting watchdog for 200 seconds at Tue Jul 03 01:32:18 UTC 2018
3 ms. Memory: 287232K Free: 272911K (95%)
ptolemy.util.test.WatchDog.cancel(): canceling Tue Jul 03 01:32:18 UTC 2018
auto.tcl: Setting watchdog for 200 seconds at Tue Jul 03 01:32:18 UTC 2018
5 ms. Memory: 287232K Free: 270000K (94%)
ptolemy.util.test.WatchDog.cancel(): canceling Tue Jul 03 01:32:18 UTC 2018
------------------ testing $PTII/ptolemy/domains/de/test/auto/QueueAndServer.xml
auto.tcl: Setting watchdog for 200 seconds at Tue Jul 03 01:32:18 UTC 2018
16 ms. Memory: 289280K Free: 273984K (95%)
ptolemy.util.test.WatchDog.cancel(): canceling Tue Jul 03 01:32:18 UTC 2018
auto.tcl: Setting watchdog for 200 seconds at Tue Jul 03 01:32:18 UTC 2018
7 ms. Memory: 289280K Free: 273984K (95%)
ptolemy.util.test.WatchDog.cancel(): canceling Tue Jul 03 01:32:18 UTC 2018
------------------ testing $PTII/ptolemy/domains/de/test/auto/Records.xml
auto.tcl: Setting watchdog for 200 seconds at Tue Jul 03 01:32:18 UTC 2018
3 ms. Memory: 287232K Free: 274765K (96%)
ptolemy.util.test.WatchDog.cancel(): canceling Tue Jul 03 01:32:18 UTC 2018
auto.tcl: Setting watchdog for 200 seconds at Tue Jul 03 01:32:18 UTC 2018
2 ms. Memory: 287232K Free: 274765K (96%)
ptolemy.util.test.WatchDog.cancel(): canceling Tue Jul 03 01:32:18 UTC 2018
------------------ testing $PTII/ptolemy/domains/de/test/auto/ResetTransitionWithStartTime1.xml
auto.tcl: Setting watchdog for 200 seconds at Tue Jul 03 01:32:18 UTC 2018
12 ms. Memory: 288768K Free: 273433K (95%)
ptolemy.util.test.WatchDog.cancel(): canceling Tue Jul 03 01:32:18 UTC 2018
auto.tcl: Setting watchdog for 200 seconds at Tue Jul 03 01:32:18 UTC 2018
7 ms. Memory: 288768K Free: 270522K (94%)
ptolemy.util.test.WatchDog.cancel(): canceling Tue Jul 03 01:32:18 UTC 2018
------------------ testing $PTII/ptolemy/domains/de/test/auto/ResetTransitionWithStartTime2.xml
auto.tcl: Setting watchdog for 200 seconds at Tue Jul 03 01:32:18 UTC 2018
4 ms. Memory: 287232K Free: 271972K (95%)
ptolemy.util.test.WatchDog.cancel(): canceling Tue Jul 03 01:32:19 UTC 2018
auto.tcl: Setting watchdog for 200 seconds at Tue Jul 03 01:32:19 UTC 2018
6 ms. Memory: 287232K Free: 269062K (94%)
ptolemy.util.test.WatchDog.cancel(): canceling Tue Jul 03 01:32:19 UTC 2018
------------------ testing $PTII/ptolemy/domains/de/test/auto/ResetTransitionWithStartTime3.xml
auto.tcl: Setting watchdog for 200 seconds at Tue Jul 03 01:32:19 UTC 2018
7 ms. Memory: 288768K Free: 273414K (95%)
ptolemy.util.test.WatchDog.cancel(): canceling Tue Jul 03 01:32:19 UTC 2018
auto.tcl: Setting watchdog for 200 seconds at Tue Jul 03 01:32:19 UTC 2018
9 ms. Memory: 288768K Free: 270504K (94%)
ptolemy.util.test.WatchDog.cancel(): canceling Tue Jul 03 01:32:19 UTC 2018
------------------ testing $PTII/ptolemy/domains/de/test/auto/ResetTransitionWithStartTime4.xml
auto.tcl: Setting watchdog for 200 seconds at Tue Jul 03 01:32:19 UTC 2018
5 ms. Memory: 287232K Free: 271884K (95%)
ptolemy.util.test.WatchDog.cancel(): canceling Tue Jul 03 01:32:19 UTC 2018
auto.tcl: Setting watchdog for 200 seconds at Tue Jul 03 01:32:19 UTC 2018
4 ms. Memory: 287232K Free: 271884K (95%)
ptolemy.util.test.WatchDog.cancel(): canceling Tue Jul 03 01:32:19 UTC 2018
------------------ testing $PTII/ptolemy/domains/de/test/auto/ResettableTimer1.xml
auto.tcl: Setting watchdog for 200 seconds at Tue Jul 03 01:32:19 UTC 2018
3 ms. Memory: 288768K Free: 276317K (96%)
ptolemy.util.test.WatchDog.cancel(): canceling Tue Jul 03 01:32:19 UTC 2018
auto.tcl: Setting watchdog for 200 seconds at Tue Jul 03 01:32:19 UTC 2018
2 ms. Memory: 288768K Free: 276317K (96%)
ptolemy.util.test.WatchDog.cancel(): canceling Tue Jul 03 01:32:19 UTC 2018
------------------ testing $PTII/ptolemy/domains/de/test/auto/ResettableTimer2.xml
auto.tcl: Setting watchdog for 200 seconds at Tue Jul 03 01:32:19 UTC 2018
3 ms. Memory: 287232K Free: 274949K (96%)
ptolemy.util.test.WatchDog.cancel(): canceling Tue Jul 03 01:32:19 UTC 2018
auto.tcl: Setting watchdog for 200 seconds at Tue Jul 03 01:32:19 UTC 2018
3 ms. Memory: 287232K Free: 274949K (96%)
ptolemy.util.test.WatchDog.cancel(): canceling Tue Jul 03 01:32:19 UTC 2018
------------------ testing $PTII/ptolemy/domains/de/test/auto/ResettableTimer3.xml
auto.tcl: Setting watchdog for 200 seconds at Tue Jul 03 01:32:19 UTC 2018
1 ms. Memory: 288256K Free: 275856K (96%)
ptolemy.util.test.WatchDog.cancel(): canceling Tue Jul 03 01:32:19 UTC 2018
auto.tcl: Setting watchdog for 200 seconds at Tue Jul 03 01:32:19 UTC 2018
1 ms. Memory: 288256K Free: 275856K (96%)
ptolemy.util.test.WatchDog.cancel(): canceling Tue Jul 03 01:32:19 UTC 2018
------------------ testing $PTII/ptolemy/domains/de/test/auto/ResettableTimer4.xml
auto.tcl: Setting watchdog for 200 seconds at Tue Jul 03 01:32:19 UTC 2018
1 ms. Memory: 287232K Free: 274945K (96%)
ptolemy.util.test.WatchDog.cancel(): canceling Tue Jul 03 01:32:19 UTC 2018
auto.tcl: Setting watchdog for 200 seconds at Tue Jul 03 01:32:19 UTC 2018
2 ms. Memory: 287232K Free: 274945K (96%)
ptolemy.util.test.WatchDog.cancel(): canceling Tue Jul 03 01:32:19 UTC 2018
------------------ testing $PTII/ptolemy/domains/de/test/auto/ResettableTimer5.xml
auto.tcl: Setting watchdog for 200 seconds at Tue Jul 03 01:32:19 UTC 2018
2 ms. Memory: 288256K Free: 273909K (95%)
ptolemy.util.test.WatchDog.cancel(): canceling Tue Jul 03 01:32:19 UTC 2018
auto.tcl: Setting watchdog for 200 seconds at Tue Jul 03 01:32:19 UTC 2018
1 ms. Memory: 288256K Free: 273909K (95%)
ptolemy.util.test.WatchDog.cancel(): canceling Tue Jul 03 01:32:19 UTC 2018
------------------ testing $PTII/ptolemy/domains/de/test/auto/ResettableTimer6.xml
auto.tcl: Setting watchdog for 200 seconds at Tue Jul 03 01:32:19 UTC 2018
2 ms. Memory: 287232K Free: 272734K (95%)
ptolemy.util.test.WatchDog.cancel(): canceling Tue Jul 03 01:32:19 UTC 2018
auto.tcl: Setting watchdog for 200 seconds at Tue Jul 03 01:32:19 UTC 2018
1 ms. Memory: 287232K Free: 272734K (95%)
ptolemy.util.test.WatchDog.cancel(): canceling Tue Jul 03 01:32:19 UTC 2018
------------------ testing $PTII/ptolemy/domains/de/test/auto/ServerZeroDelay.xml
auto.tcl: Setting watchdog for 200 seconds at Tue Jul 03 01:32:19 UTC 2018
4 ms. Memory: 288256K Free: 275924K (96%)
ptolemy.util.test.WatchDog.cancel(): canceling Tue Jul 03 01:32:19 UTC 2018
auto.tcl: Setting watchdog for 200 seconds at Tue Jul 03 01:32:19 UTC 2018
2 ms. Memory: 288256K Free: 275924K (96%)
ptolemy.util.test.WatchDog.cancel(): canceling Tue Jul 03 01:32:19 UTC 2018
------------------ testing $PTII/ptolemy/domains/de/test/auto/SmartSender.xml
auto.tcl: Setting watchdog for 200 seconds at Tue Jul 03 01:32:19 UTC 2018
3001 ms. Memory: 287232K Free: 272821K (95%)
ptolemy.util.test.WatchDog.cancel(): canceling Tue Jul 03 01:32:22 UTC 2018
auto.tcl: Setting watchdog for 200 seconds at Tue Jul 03 01:32:22 UTC 2018
3001 ms. Memory: 287232K Free: 272821K (95%)
ptolemy.util.test.WatchDog.cancel(): canceling Tue Jul 03 01:32:25 UTC 2018
------------------ testing $PTII/ptolemy/domains/de/test/auto/ThreadedComposite.xml
auto.tcl: Setting watchdog for 200 seconds at Tue Jul 03 01:32:25 UTC 2018
243 ms. Memory: 288256K Free: 252709K (88%)
ptolemy.util.test.WatchDog.cancel(): canceling Tue Jul 03 01:32:25 UTC 2018
auto.tcl: Setting watchdog for 200 seconds at Tue Jul 03 01:32:25 UTC 2018
187 ms. Memory: 288256K Free: 234570K (81%)
ptolemy.util.test.WatchDog.cancel(): canceling Tue Jul 03 01:32:26 UTC 2018
------------------ testing $PTII/ptolemy/domains/de/test/auto/Time.xml
auto.tcl: Setting watchdog for 200 seconds at Tue Jul 03 01:32:26 UTC 2018
549 ms. Memory: 287232K Free: 220996K (77%)
ptolemy.util.test.WatchDog.cancel(): canceling Tue Jul 03 01:32:26 UTC 2018
auto.tcl: Setting watchdog for 200 seconds at Tue Jul 03 01:32:26 UTC 2018
495 ms. Memory: 287232K Free: 166001K (58%)
ptolemy.util.test.WatchDog.cancel(): canceling Tue Jul 03 01:32:27 UTC 2018
------------------ testing $PTII/ptolemy/domains/de/test/auto/TimeDelayZeroDelay.xml
auto.tcl: Setting watchdog for 200 seconds at Tue Jul 03 01:32:27 UTC 2018
3 ms. Memory: 287744K Free: 275856K (96%)
ptolemy.util.test.WatchDog.cancel(): canceling Tue Jul 03 01:32:27 UTC 2018
auto.tcl: Setting watchdog for 200 seconds at Tue Jul 03 01:32:27 UTC 2018
2 ms. Memory: 287744K Free: 275856K (96%)
ptolemy.util.test.WatchDog.cancel(): canceling Tue Jul 03 01:32:27 UTC 2018
------------------ testing $PTII/ptolemy/domains/de/test/auto/TimerZeroDelay.xml
auto.tcl: Setting watchdog for 200 seconds at Tue Jul 03 01:32:27 UTC 2018
2 ms. Memory: 287232K Free: 275454K (96%)
ptolemy.util.test.WatchDog.cancel(): canceling Tue Jul 03 01:32:27 UTC 2018
auto.tcl: Setting watchdog for 200 seconds at Tue Jul 03 01:32:27 UTC 2018
1 ms. Memory: 287232K Free: 275454K (96%)
ptolemy.util.test.WatchDog.cancel(): canceling Tue Jul 03 01:32:27 UTC 2018
------------------ testing $PTII/ptolemy/domains/de/test/auto/TimingParadox.xml
auto.tcl: Setting watchdog for 200 seconds at Tue Jul 03 01:32:27 UTC 2018
377 ms. Memory: 287744K Free: 209606K (73%)
ptolemy.util.test.WatchDog.cancel(): canceling Tue Jul 03 01:32:27 UTC 2018
auto.tcl: Setting watchdog for 200 seconds at Tue Jul 03 01:32:27 UTC 2018
369 ms. Memory: 287744K Free: 173240K (60%)
ptolemy.util.test.WatchDog.cancel(): canceling Tue Jul 03 01:32:28 UTC 2018
------------------ testing $PTII/ptolemy/domains/de/test/auto/TransferInputs.xml
auto.tcl: Setting watchdog for 200 seconds at Tue Jul 03 01:32:28 UTC 2018
7 ms. Memory: 287744K Free: 274833K (96%)
ptolemy.util.test.WatchDog.cancel(): canceling Tue Jul 03 01:32:28 UTC 2018
auto.tcl: Setting watchdog for 200 seconds at Tue Jul 03 01:32:28 UTC 2018
2 ms. Memory: 287744K Free: 274833K (96%)
ptolemy.util.test.WatchDog.cancel(): canceling Tue Jul 03 01:32:28 UTC 2018
------------------ testing $PTII/ptolemy/domains/de/test/auto/TransferOutputs2.xml
auto.tcl: Setting watchdog for 200 seconds at Tue Jul 03 01:32:28 UTC 2018
2 ms. Memory: 287232K Free: 270757K (94%)
ptolemy.util.test.WatchDog.cancel(): canceling Tue Jul 03 01:32:28 UTC 2018
auto.tcl: Setting watchdog for 200 seconds at Tue Jul 03 01:32:28 UTC 2018
3 ms. Memory: 287232K Free: 268149K (93%)
ptolemy.util.test.WatchDog.cancel(): canceling Tue Jul 03 01:32:28 UTC 2018
------------------ testing $PTII/ptolemy/domains/de/test/auto/Trilateration.xml
auto.tcl: Setting watchdog for 200 seconds at Tue Jul 03 01:32:28 UTC 2018
13826 ms. Memory: 759296K Free: 705101K (93%)
ptolemy.util.test.WatchDog.cancel(): canceling Tue Jul 03 01:32:43 UTC 2018
auto.tcl: Setting watchdog for 200 seconds at Tue Jul 03 01:32:43 UTC 2018
10041 ms. Memory: 639488K Free: 516977K (81%)
ptolemy.util.test.WatchDog.cancel(): canceling Tue Jul 03 01:32:53 UTC 2018
------------------ testing $PTII/ptolemy/domains/de/test/auto/TwoSigmaDelta.xml
auto.tcl: Setting watchdog for 200 seconds at Tue Jul 03 01:32:53 UTC 2018
2964 ms. Memory: 643072K Free: 338310K (53%)
ptolemy.util.test.WatchDog.cancel(): canceling Tue Jul 03 01:32:56 UTC 2018
auto.tcl: Setting watchdog for 200 seconds at Tue Jul 03 01:32:56 UTC 2018
2151 ms. Memory: 643072K Free: 107808K (17%)
ptolemy.util.test.WatchDog.cancel(): canceling Tue Jul 03 01:32:58 UTC 2018
------------------ testing $PTII/ptolemy/domains/de/test/auto/VariableDelay.xml
auto.tcl: Setting watchdog for 200 seconds at Tue Jul 03 01:32:58 UTC 2018
2 ms. Memory: 640000K Free: 620640K (97%)
ptolemy.util.test.WatchDog.cancel(): canceling Tue Jul 03 01:32:59 UTC 2018
auto.tcl: Setting watchdog for 200 seconds at Tue Jul 03 01:32:59 UTC 2018
2 ms. Memory: 640000K Free: 620640K (97%)
ptolemy.util.test.WatchDog.cancel(): canceling Tue Jul 03 01:32:59 UTC 2018
------------------ testing $PTII/ptolemy/domains/de/test/auto/VariableDelay2.xml
auto.tcl: Setting watchdog for 200 seconds at Tue Jul 03 01:32:59 UTC 2018
7 ms. Memory: 639488K Free: 620551K (97%)
ptolemy.util.test.WatchDog.cancel(): canceling Tue Jul 03 01:32:59 UTC 2018
auto.tcl: Setting watchdog for 200 seconds at Tue Jul 03 01:32:59 UTC 2018
2 ms. Memory: 639488K Free: 620551K (97%)
ptolemy.util.test.WatchDog.cancel(): canceling Tue Jul 03 01:32:59 UTC 2018
------------------ testing $PTII/ptolemy/domains/de/test/auto/VariableDelayZeroDelay.xml
auto.tcl: Setting watchdog for 200 seconds at Tue Jul 03 01:32:59 UTC 2018
2 ms. Memory: 639488K Free: 614969K (96%)
ptolemy.util.test.WatchDog.cancel(): canceling Tue Jul 03 01:32:59 UTC 2018
auto.tcl: Setting watchdog for 200 seconds at Tue Jul 03 01:32:59 UTC 2018
1 ms. Memory: 639488K Free: 614969K (96%)
ptolemy.util.test.WatchDog.cancel(): canceling Tue Jul 03 01:32:59 UTC 2018
------------------ testing $PTII/ptolemy/domains/de/test/auto/VariableDelayZeroDelay2.xml
auto.tcl: Setting watchdog for 200 seconds at Tue Jul 03 01:32:59 UTC 2018
2 ms. Memory: 642048K Free: 617527K (96%)
ptolemy.util.test.WatchDog.cancel(): canceling Tue Jul 03 01:32:59 UTC 2018
auto.tcl: Setting watchdog for 200 seconds at Tue Jul 03 01:32:59 UTC 2018
2 ms. Memory: 642048K Free: 617527K (96%)
ptolemy.util.test.WatchDog.cancel(): canceling Tue Jul 03 01:32:59 UTC 2018
------------------ testing $PTII/ptolemy/domains/de/test/auto/deInCt.xml
auto.tcl: Setting watchdog for 200 seconds at Tue Jul 03 01:32:59 UTC 2018
0
1
1
1
0
0
0
0
0
1
1
1
0
0
0
1
1
1
0
0
0
1
1
1
0
0
0
1
1
0
0
0
1
1
1
0
0
0
0
0
21 ms. Memory: 639488K Free: 614955K (96%)
ptolemy.util.test.WatchDog.cancel(): canceling Tue Jul 03 01:32:59 UTC 2018
auto.tcl: Setting watchdog for 200 seconds at Tue Jul 03 01:32:59 UTC 2018
0
1
1
1
0
0
0
1
1
1
0
0
1
1
1
1
0
0
0
0
0
1
1
1
0
0
0
0
0
0
1
1
1
6 ms. Memory: 639488K Free: 614955K (96%)
ptolemy.util.test.WatchDog.cancel(): canceling Tue Jul 03 01:32:59 UTC 2018
------------------ testing $PTII/ptolemy/domains/de/test/auto/deInCt2.xml
auto.tcl: Setting watchdog for 200 seconds at Tue Jul 03 01:32:59 UTC 2018
0
1
1
1
0
0
1
1
1
0
0
1
1
1
0
0
1
1
1
0
0
1
1
1
0
0
1
1
1
0
0
1
1
1
0
0
1
1
1
0
0
0
11 ms. Memory: 642048K Free: 617516K (96%)
ptolemy.util.test.WatchDog.cancel(): canceling Tue Jul 03 01:32:59 UTC 2018
auto.tcl: Setting watchdog for 200 seconds at Tue Jul 03 01:32:59 UTC 2018
0
1
1
1
0
0
1
1
1
0
0
1
1
1
0
0
1
1
1
0
0
1
1
1
0
0
1
1
1
0
0
1
1
1
0
0
1
1
1
0
0
0
9 ms. Memory: 642048K Free: 617516K (96%)
ptolemy.util.test.WatchDog.cancel(): canceling Tue Jul 03 01:32:59 UTC 2018
------------------ testing $PTII/ptolemy/domains/de/test/auto/dynamicCausalityInterface1.xml
auto.tcl: Setting watchdog for 200 seconds at Tue Jul 03 01:32:59 UTC 2018
1 ms. Memory: 639488K Free: 611829K (96%)
ptolemy.util.test.WatchDog.cancel(): canceling Tue Jul 03 01:32:59 UTC 2018
auto.tcl: Setting watchdog for 200 seconds at Tue Jul 03 01:32:59 UTC 2018
1 ms. Memory: 639488K Free: 611829K (96%)
ptolemy.util.test.WatchDog.cancel(): canceling Tue Jul 03 01:32:59 UTC 2018
------------------ testing $PTII/ptolemy/domains/de/test/auto/fsm_de_test.xml
auto.tcl: Setting watchdog for 200 seconds at Tue Jul 03 01:32:59 UTC 2018
7 ms. Memory: 641536K Free: 616903K (96%)
ptolemy.util.test.WatchDog.cancel(): canceling Tue Jul 03 01:32:59 UTC 2018
auto.tcl: Setting watchdog for 200 seconds at Tue Jul 03 01:32:59 UTC 2018
5 ms. Memory: 641536K Free: 608183K (95%)
ptolemy.util.test.WatchDog.cancel(): canceling Tue Jul 03 01:32:59 UTC 2018
------------------ testing $PTII/ptolemy/domains/de/test/auto/functionDependencyReconstruction.xml
auto.tcl: Setting watchdog for 200 seconds at Tue Jul 03 01:32:59 UTC 2018
3 ms. Memory: 639488K Free: 606126K (95%)
ptolemy.util.test.WatchDog.cancel(): canceling Tue Jul 03 01:32:59 UTC 2018
auto.tcl: Setting watchdog for 200 seconds at Tue Jul 03 01:32:59 UTC 2018
3 ms. Memory: 639488K Free: 606126K (95%)
ptolemy.util.test.WatchDog.cancel(): canceling Tue Jul 03 01:32:59 UTC 2018
------------------ testing $PTII/ptolemy/domains/de/test/auto/multirate.xml
auto.tcl: Setting watchdog for 200 seconds at Tue Jul 03 01:32:59 UTC 2018
4 ms. Memory: 641536K Free: 616770K (96%)
ptolemy.util.test.WatchDog.cancel(): canceling Tue Jul 03 01:32:59 UTC 2018
auto.tcl: Setting watchdog for 200 seconds at Tue Jul 03 01:32:59 UTC 2018
3 ms. Memory: 641536K Free: 616770K (96%)
ptolemy.util.test.WatchDog.cancel(): canceling Tue Jul 03 01:32:59 UTC 2018
------------------ testing $PTII/ptolemy/domains/de/test/auto/multirate2.xml
auto.tcl: Setting watchdog for 200 seconds at Tue Jul 03 01:32:59 UTC 2018
4 ms. Memory: 639488K Free: 614911K (96%)
ptolemy.util.test.WatchDog.cancel(): canceling Tue Jul 03 01:32:59 UTC 2018
auto.tcl: Setting watchdog for 200 seconds at Tue Jul 03 01:32:59 UTC 2018
3 ms. Memory: 639488K Free: 614911K (96%)
ptolemy.util.test.WatchDog.cancel(): canceling Tue Jul 03 01:32:59 UTC 2018
------------------ testing $PTII/ptolemy/domains/de/test/auto/realtime.xml
auto.tcl: Setting watchdog for 200 seconds at Tue Jul 03 01:32:59 UTC 2018
10001 ms. Memory: 641024K Free: 616436K (96%)
ptolemy.util.test.WatchDog.cancel(): canceling Tue Jul 03 01:33:09 UTC 2018
auto.tcl: Setting watchdog for 200 seconds at Tue Jul 03 01:33:09 UTC 2018
10001 ms. Memory: 641024K Free: 616436K (96%)
ptolemy.util.test.WatchDog.cancel(): canceling Tue Jul 03 01:33:19 UTC 2018
------------------ testing $PTII/ptolemy/domains/de/test/auto/relationGroup.xml
auto.tcl: Setting watchdog for 200 seconds at Tue Jul 03 01:33:19 UTC 2018
1 ms. Memory: 639488K Free: 614935K (96%)
ptolemy.util.test.WatchDog.cancel(): canceling Tue Jul 03 01:33:19 UTC 2018
auto.tcl: Setting watchdog for 200 seconds at Tue Jul 03 01:33:19 UTC 2018
1 ms. Memory: 639488K Free: 614935K (96%)
ptolemy.util.test.WatchDog.cancel(): canceling Tue Jul 03 01:33:19 UTC 2018
------------------ testing $PTII/ptolemy/domains/de/test/auto/relationGroup2.xml
auto.tcl: Setting watchdog for 200 seconds at Tue Jul 03 01:33:19 UTC 2018
1 ms. Memory: 641024K Free: 616497K (96%)
ptolemy.util.test.WatchDog.cancel(): canceling Tue Jul 03 01:33:20 UTC 2018
auto.tcl: Setting watchdog for 200 seconds at Tue Jul 03 01:33:20 UTC 2018
1 ms. Memory: 641024K Free: 616497K (96%)
ptolemy.util.test.WatchDog.cancel(): canceling Tue Jul 03 01:33:20 UTC 2018
------------------ testing $PTII/ptolemy/domains/de/test/auto/sortWithOpaquePorts.xml
auto.tcl: Setting watchdog for 200 seconds at Tue Jul 03 01:33:20 UTC 2018
1 ms. Memory: 639488K Free: 614962K (96%)
ptolemy.util.test.WatchDog.cancel(): canceling Tue Jul 03 01:33:20 UTC 2018
auto.tcl: Setting watchdog for 200 seconds at Tue Jul 03 01:33:20 UTC 2018
2 ms. Memory: 639488K Free: 614962K (96%)
ptolemy.util.test.WatchDog.cancel(): canceling Tue Jul 03 01:33:20 UTC 2018
------------------ testing $PTII/ptolemy/domains/de/test/auto/transferInputsandOutputs.xml
auto.tcl: Setting watchdog for 200 seconds at Tue Jul 03 01:33:20 UTC 2018
1 ms. Memory: 640512K Free: 615974K (96%)
ptolemy.util.test.WatchDog.cancel(): canceling Tue Jul 03 01:33:20 UTC 2018
auto.tcl: Setting watchdog for 200 seconds at Tue Jul 03 01:33:20 UTC 2018
2 ms. Memory: 640512K Free: 615974K (96%)
ptolemy.util.test.WatchDog.cancel(): canceling Tue Jul 03 01:33:20 UTC 2018
------------------ testing $PTII/ptolemy/domains/de/test/auto/triggerType.xml
auto.tcl: Setting watchdog for 200 seconds at Tue Jul 03 01:33:20 UTC 2018
1 ms. Memory: 639488K Free: 614899K (96%)
ptolemy.util.test.WatchDog.cancel(): canceling Tue Jul 03 01:33:20 UTC 2018
auto.tcl: Setting watchdog for 200 seconds at Tue Jul 03 01:33:20 UTC 2018
1 ms. Memory: 639488K Free: 614899K (96%)
ptolemy.util.test.WatchDog.cancel(): canceling Tue Jul 03 01:33:20 UTC 2018
07/03/18 01:33:20
Failed: 0  Total Tests: 192  ((Passed: 187, Newly Passed: 1)  Known Failed: 5) /home/travis/build/icyphy/ptII/ptolemy/domains/de/test
07/03/18 01:33:20
Failed: 0  Total Tests: 192  ((Passed: 187, Newly Passed: 1)  Known Failed: 5) /home/travis/build/icyphy/ptII/ptolemy/domains/de/test
----------------- testing (KnownFailure) /home/travis/build/icyphy/ptII/ptolemy/domains/de/test/auto/knownFailedTests/DESDFClockTest.xml
2013 ms. Memory: 640512K Free: 604806K (94%)
Known Failure: java.lang.reflect.InvocationTargetException
----------------- testing (KnownFailure) /home/travis/build/icyphy/ptII/ptolemy/domains/de/test/auto/knownFailedTests/DirectFeedback.xml
1 ms. Memory: 640512K Free: 560160K (87%)
Known Failure: java.lang.reflect.InvocationTargetException
----------------- testing (KnownFailure) /home/travis/build/icyphy/ptII/ptolemy/domains/de/test/auto/knownFailedTests/FSMSource.xml
7 ms. Memory: 640512K Free: 515513K (80%)
----------------- testing (KnownFailure) /home/travis/build/icyphy/ptII/ptolemy/domains/de/test/auto/knownFailedTests/HierarchicalModel.xml
2 ms. Memory: 640512K Free: 482020K (75%)
Known Failure: java.lang.reflect.InvocationTargetException
----------------- testing (KnownFailure) /home/travis/build/icyphy/ptII/ptolemy/domains/de/test/auto/knownFailedTests/dependencyLoop.xml
6 ms. Memory: 640512K Free: 426212K (67%)
Known Failure: java.lang.reflect.InvocationTargetException
----------------- testing (KnownFailure) /home/travis/build/icyphy/ptII/ptolemy/domains/de/test/auto/knownFailedTests/dependencyLoop2.xml
2 ms. Memory: 640512K Free: 370396K (58%)
Known Failure: java.lang.reflect.InvocationTargetException
No auto/linux-amd64/*.xml tests in /home/travis/build/icyphy/ptII/ptolemy/domains/de/test
AutoTests.java: About to close Vertx.
AutoTests.java: Vertx closed.

===========================================================================================
----------------- testing Tue Jul 03 01:33:22 UTC 2018 /home/travis/build/icyphy/ptII/ptolemy/domains/de/test/auto/ActorDepthCalculation_actorWithoutPorts.xml
----------------- Instantiating /home/travis/build/icyphy/ptII/ptolemy/domains/de/test/auto/ActorDepthCalculation_actorWithoutPorts.xml
1 ms. Memory: 640512K Free: 314587K (49%)
----------------- Invoking toplevel() on ptolemy.moml.MoMLSimpleApplication@371d42b2
----------------- Done invoking toplevel() on ptolemy.moml.MoMLSimpleApplication@371d42b2
reloadAllAccessors: .ActorDepthCalculation_actorWithoutPorts

===========================================================================================
----------------- testing Tue Jul 03 01:33:22 UTC 2018 /home/travis/build/icyphy/ptII/ptolemy/domains/de/test/auto/AssemblyLine.xml
----------------- Instantiating /home/travis/build/icyphy/ptII/ptolemy/domains/de/test/auto/AssemblyLine.xml
2 ms. Memory: 640512K Free: 292264K (46%)
----------------- Invoking toplevel() on ptolemy.moml.MoMLSimpleApplication@41f7040c
----------------- Done invoking toplevel() on ptolemy.moml.MoMLSimpleApplication@41f7040c
reloadAllAccessors: .AssemblyLine

===========================================================================================
----------------- testing Tue Jul 03 01:33:22 UTC 2018 /home/travis/build/icyphy/ptII/ptolemy/domains/de/test/auto/CQBug1.xml
----------------- Instantiating /home/travis/build/icyphy/ptII/ptolemy/domains/de/test/auto/CQBug1.xml
1 ms. Memory: 640512K Free: 269941K (42%)
----------------- Invoking toplevel() on ptolemy.moml.MoMLSimpleApplication@4df1d273
----------------- Done invoking toplevel() on ptolemy.moml.MoMLSimpleApplication@4df1d273
reloadAllAccessors: .CQBug1

===========================================================================================
----------------- testing Tue Jul 03 01:33:22 UTC 2018 /home/travis/build/icyphy/ptII/ptolemy/domains/de/test/auto/CancelFireAt.xml
----------------- Instantiating /home/travis/build/icyphy/ptII/ptolemy/domains/de/test/auto/CancelFireAt.xml
1 ms. Memory: 640512K Free: 247618K (39%)
----------------- Invoking toplevel() on ptolemy.moml.MoMLSimpleApplication@613b7af7
----------------- Done invoking toplevel() on ptolemy.moml.MoMLSimpleApplication@613b7af7
reloadAllAccessors: .CancelFireAt

===========================================================================================
----------------- testing Tue Jul 03 01:33:22 UTC 2018 /home/travis/build/icyphy/ptII/ptolemy/domains/de/test/auto/CausalityAndComposabilityAnalysis.xml
----------------- Instantiating /home/travis/build/icyphy/ptII/ptolemy/domains/de/test/auto/CausalityAndComposabilityAnalysis.xml
1 ms. Memory: 640512K Free: 225294K (35%)
----------------- Invoking toplevel() on ptolemy.moml.MoMLSimpleApplication@180385a7
----------------- Done invoking toplevel() on ptolemy.moml.MoMLSimpleApplication@180385a7
reloadAllAccessors: .CausalityAndComposabilityAnalysis

===========================================================================================
----------------- testing Tue Jul 03 01:33:22 UTC 2018 /home/travis/build/icyphy/ptII/ptolemy/domains/de/test/auto/CausalityInterface1.xml
----------------- Instantiating /home/travis/build/icyphy/ptII/ptolemy/domains/de/test/auto/CausalityInterface1.xml
2 ms. Memory: 640512K Free: 202971K (32%)
----------------- Invoking toplevel() on ptolemy.moml.MoMLSimpleApplication@23db37e0
----------------- Done invoking toplevel() on ptolemy.moml.MoMLSimpleApplication@23db37e0
reloadAllAccessors: .CausalityInterface1

===========================================================================================
----------------- testing Tue Jul 03 01:33:22 UTC 2018 /home/travis/build/icyphy/ptII/ptolemy/domains/de/test/auto/CausalityInterface15.xml
----------------- Instantiating /home/travis/build/icyphy/ptII/ptolemy/domains/de/test/auto/CausalityInterface15.xml
1 ms. Memory: 640512K Free: 180648K (28%)
----------------- Invoking toplevel() on ptolemy.moml.MoMLSimpleApplication@69eaa83b
----------------- Done invoking toplevel() on ptolemy.moml.MoMLSimpleApplication@69eaa83b
reloadAllAccessors: .CausalityInterface15

[...]
java.lang.RuntimeException: Execution failed
	at ptolemy.moml.MoMLSimpleApplication$UnloadThread.run(MoMLSimpleApplication.java:402)
Caused by: ptolemy.kernel.util.IllegalActionException: Test fails in iteration 1.
Value was: 1.0. Should have been: 2.0
  in .DirectFeedback.Test
	at ptolemy.actor.lib.Test.fire(Test.java:268)
	at ptolemy.domains.de.kernel.DEDirector._fire(DEDirector.java:1949)
	at ptolemy.domains.de.kernel.DEDirector.fire(DEDirector.java:502)
	at ptolemy.actor.CompositeActor.fire(CompositeActor.java:455)
	at ptolemy.actor.Manager.iterate(Manager.java:851)
	at ptolemy.actor.Manager.execute(Manager.java:369)
	at ptolemy.actor.Manager.run(Manager.java:1263)
	at ptolemy.actor.Manager$PtolemyRunThread.run(Manager.java:1915)
java.lang.RuntimeException: Execution failed
	at ptolemy.moml.MoMLSimpleApplication$UnloadThread.run(MoMLSimpleApplication.java:402)
Caused by: ptolemy.kernel.util.IllegalActionException: Actor is not ready to fire.  Perhaps UpSample.prefire() returned false? Try debugging the actor by selecting "Listen to Actor".  Also, for SDF check moml for tokenConsumptionRate on input.
  in .DESDFClockTest.Play Bell.Copy1:SDF Director and .DESDFClockTest.Play Bell.UpSample
	at ptolemy.actor.sched.StaticSchedulingDirector.fire(StaticSchedulingDirector.java:227)
	at ptolemy.domains.sdf.kernel.SDFDirector.fire(SDFDirector.java:500)
	at ptolemy.actor.CompositeActor.fire(CompositeActor.java:455)
	at ptolemy.domains.de.kernel.DEDirector._fire(DEDirector.java:1949)
	at ptolemy.domains.de.kernel.DEDirector.fire(DEDirector.java:502)
	at ptolemy.actor.CompositeActor.fire(CompositeActor.java:455)
	at ptolemy.actor.Manager.iterate(Manager.java:851)
	at ptolemy.actor.Manager.execute(Manager.java:369)
	at ptolemy.actor.Manager.run(Manager.java:1263)
	at ptolemy.actor.Manager$PtolemyRunThread.run(Manager.java:1915)
java.lang.reflect.InvocationTargetException
	at sun.reflect.NativeConstructorAccessorImpl.newInstance0(Native Method)
	at sun.reflect.NativeConstructorAccessorImpl.newInstance(NativeConstructorAccessorImpl.java:62)
	at sun.reflect.DelegatingConstructorAccessorImpl.newInstance(DelegatingConstructorAccessorImpl.java:45)
	at java.lang.reflect.Constructor.newInstance(Constructor.java:423)
	at ptolemy.util.test.junit.AutoKnownFailedTests.RunModel(AutoKnownFailedTests.java:107)
	at sun.reflect.NativeMethodAccessorImpl.invoke0(Native Method)
	at sun.reflect.NativeMethodAccessorImpl.invoke(NativeMethodAccessorImpl.java:62)
	at sun.reflect.DelegatingMethodAccessorImpl.invoke(DelegatingMethodAccessorImpl.java:43)
	at java.lang.reflect.Method.invoke(Method.java:498)
	at org.junit.runners.model.FrameworkMethod$1.runReflectiveCall(FrameworkMethod.java:44)
	at org.junit.internal.runners.model.ReflectiveCallable.run(ReflectiveCallable.java:15)
	at org.junit.runners.model.FrameworkMethod.invokeExplosively(FrameworkMethod.java:41)
	at junitparams.internal.InvokeParameterisedMethod.evaluate(InvokeParameterisedMethod.java:102)
	at org.junit.internal.runners.statements.FailOnTimeout$1.run(FailOnTimeout.java:28)
Caused by: ptolemy.kernel.util.IllegalActionException: Actor is not ready to fire.  Perhaps UpSample.prefire() returned false? Try debugging the actor by selecting "Listen to Actor".  Also, for SDF check moml for tokenConsumptionRate on input.
  in .DESDFClockTest.Play Bell.Copy1:SDF Director and .DESDFClockTest.Play Bell.UpSample
	at ptolemy.actor.sched.StaticSchedulingDirector.fire(StaticSchedulingDirector.java:227)
	at ptolemy.domains.sdf.kernel.SDFDirector.fire(SDFDirector.java:500)
	at ptolemy.actor.CompositeActor.fire(CompositeActor.java:455)
	at ptolemy.domains.de.kernel.DEDirector._fire(DEDirector.java:1949)
	at ptolemy.domains.de.kernel.DEDirector.fire(DEDirector.java:502)
	at ptolemy.actor.CompositeActor.fire(CompositeActor.java:455)
	at ptolemy.actor.Manager.iterate(Manager.java:851)
	at ptolemy.actor.Manager.execute(Manager.java:369)
	at ptolemy.actor.Manager.run(Manager.java:1263)
	at ptolemy.actor.Manager$PtolemyRunThread.run(Manager.java:1915)
java.lang.RuntimeException: Execution failed
	at ptolemy.moml.MoMLSimpleApplication$UnloadThread.run(MoMLSimpleApplication.java:402)
Caused by: ptolemy.kernel.util.IllegalActionException: Test fails in iteration 1.
Value was: 1.0. Should have been: 2.0
  in .DirectFeedback.Test
	at ptolemy.actor.lib.Test.fire(Test.java:268)
	at ptolemy.domains.de.kernel.DEDirector._fire(DEDirector.java:1949)
	at ptolemy.domains.de.kernel.DEDirector.fire(DEDirector.java:502)
	at ptolemy.actor.CompositeActor.fire(CompositeActor.java:455)
	at ptolemy.actor.Manager.iterate(Manager.java:851)
	at ptolemy.actor.Manager.execute(Manager.java:369)
	at ptolemy.actor.Manager.run(Manager.java:1263)
	at ptolemy.actor.Manager$PtolemyRunThread.run(Manager.java:1915)
java.lang.reflect.InvocationTargetException
	at sun.reflect.NativeConstructorAccessorImpl.newInstance0(Native Method)
	at sun.reflect.NativeConstructorAccessorImpl.newInstance(NativeConstructorAccessorImpl.java:62)
	at sun.reflect.DelegatingConstructorAccessorImpl.newInstance(DelegatingConstructorAccessorImpl.java:45)
	at java.lang.reflect.Constructor.newInstance(Constructor.java:423)
	at ptolemy.util.test.junit.AutoKnownFailedTests.RunModel(AutoKnownFailedTests.java:107)
	at sun.reflect.NativeMethodAccessorImpl.invoke0(Native Method)
	at sun.reflect.NativeMethodAccessorImpl.invoke(NativeMethodAccessorImpl.java:62)
	at sun.reflect.DelegatingMethodAccessorImpl.invoke(DelegatingMethodAccessorImpl.java:43)
	at java.lang.reflect.Method.invoke(Method.java:498)
	at org.junit.runners.model.FrameworkMethod$1.runReflectiveCall(FrameworkMethod.java:44)
	at org.junit.internal.runners.model.ReflectiveCallable.run(ReflectiveCallable.java:15)
	at org.junit.runners.model.FrameworkMethod.invokeExplosively(FrameworkMethod.java:41)
	at junitparams.internal.InvokeParameterisedMethod.evaluate(InvokeParameterisedMethod.java:102)
	at org.junit.internal.runners.statements.FailOnTimeout$1.run(FailOnTimeout.java:28)
Caused by: ptolemy.kernel.util.IllegalActionException: Test fails in iteration 1.
Value was: 1.0. Should have been: 2.0
  in .DirectFeedback.Test
	at ptolemy.actor.lib.Test.fire(Test.java:268)
	at ptolemy.domains.de.kernel.DEDirector._fire(DEDirector.java:1949)
	at ptolemy.domains.de.kernel.DEDirector.fire(DEDirector.java:502)
	at ptolemy.actor.CompositeActor.fire(CompositeActor.java:455)
	at ptolemy.actor.Manager.iterate(Manager.java:851)
	at ptolemy.actor.Manager.execute(Manager.java:369)
	at ptolemy.actor.Manager.run(Manager.java:1263)
	at ptolemy.actor.Manager$PtolemyRunThread.run(Manager.java:1915)
java.lang.RuntimeException: Execution failed
	at ptolemy.moml.MoMLSimpleApplication$UnloadThread.run(MoMLSimpleApplication.java:402)
Caused by: ptolemy.kernel.util.IllegalActionException: Found a zero delay loop containing .HierarchicalModel.A
  in .HierarchicalModel and .HierarchicalModel.A
	at ptolemy.actor.util.CausalityInterfaceForComposites._computeOutputPortDepth(CausalityInterfaceForComposites.java:759)
	at ptolemy.actor.util.CausalityInterfaceForComposites._computeInputDepth(CausalityInterfaceForComposites.java:696)
	at ptolemy.actor.util.CausalityInterfaceForComposites._computeOutputPortDepth(CausalityInterfaceForComposites.java:765)
	at ptolemy.actor.util.CausalityInterfaceForComposites._computeInputDepth(CausalityInterfaceForComposites.java:696)
	at ptolemy.actor.util.CausalityInterfaceForComposites._computeOutputPortDepth(CausalityInterfaceForComposites.java:765)
	at ptolemy.actor.util.CausalityInterfaceForComposites._computeInputDepth(CausalityInterfaceForComposites.java:696)
	at ptolemy.actor.util.CausalityInterfaceForComposites._computeActorDepth(CausalityInterfaceForComposites.java:532)
	at ptolemy.actor.util.CausalityInterfaceForComposites.checkForCycles(CausalityInterfaceForComposites.java:96)
	at ptolemy.domains.de.kernel.DEDirector.preinitialize(DEDirector.java:1338)
	at ptolemy.actor.CompositeActor.preinitialize(CompositeActor.java:1828)
	at ptolemy.actor.Manager.preinitializeAndResolveTypes(Manager.java:1040)
	at ptolemy.actor.Manager.initialize(Manager.java:710)
	at ptolemy.actor.Manager.execute(Manager.java:356)
	at ptolemy.actor.Manager.run(Manager.java:1263)
	at ptolemy.actor.Manager$PtolemyRunThread.run(Manager.java:1915)
java.lang.reflect.InvocationTargetException
	at sun.reflect.NativeConstructorAccessorImpl.newInstance0(Native Method)
	at sun.reflect.NativeConstructorAccessorImpl.newInstance(NativeConstructorAccessorImpl.java:62)
	at sun.reflect.DelegatingConstructorAccessorImpl.newInstance(DelegatingConstructorAccessorImpl.java:45)
	at java.lang.reflect.Constructor.newInstance(Constructor.java:423)
	at ptolemy.util.test.junit.AutoKnownFailedTests.RunModel(AutoKnownFailedTests.java:107)
	at sun.reflect.NativeMethodAccessorImpl.invoke0(Native Method)
	at sun.reflect.NativeMethodAccessorImpl.invoke(NativeMethodAccessorImpl.java:62)
	at sun.reflect.DelegatingMethodAccessorImpl.invoke(DelegatingMethodAccessorImpl.java:43)
	at java.lang.reflect.Method.invoke(Method.java:498)
	at org.junit.runners.model.FrameworkMethod$1.runReflectiveCall(FrameworkMethod.java:44)
	at org.junit.internal.runners.model.ReflectiveCallable.run(ReflectiveCallable.java:15)
	at org.junit.runners.model.FrameworkMethod.invokeExplosively(FrameworkMethod.java:41)
	at junitparams.internal.InvokeParameterisedMethod.evaluate(InvokeParameterisedMethod.java:102)
	at org.junit.internal.runners.statements.FailOnTimeout$1.run(FailOnTimeout.java:28)
Caused by: ptolemy.kernel.util.IllegalActionException: Found a zero delay loop containing .HierarchicalModel.A
  in .HierarchicalModel and .HierarchicalModel.A
	at ptolemy.actor.util.CausalityInterfaceForComposites._computeOutputPortDepth(CausalityInterfaceForComposites.java:759)
	at ptolemy.actor.util.CausalityInterfaceForComposites._computeInputDepth(CausalityInterfaceForComposites.java:696)
	at ptolemy.actor.util.CausalityInterfaceForComposites._computeOutputPortDepth(CausalityInterfaceForComposites.java:765)
	at ptolemy.actor.util.CausalityInterfaceForComposites._computeInputDepth(CausalityInterfaceForComposites.java:696)
	at ptolemy.actor.util.CausalityInterfaceForComposites._computeOutputPortDepth(CausalityInterfaceForComposites.java:765)
	at ptolemy.actor.util.CausalityInterfaceForComposites._computeInputDepth(CausalityInterfaceForComposites.java:696)
	at ptolemy.actor.util.CausalityInterfaceForComposites._computeActorDepth(CausalityInterfaceForComposites.java:532)
	at ptolemy.actor.util.CausalityInterfaceForComposites.checkForCycles(CausalityInterfaceForComposites.java:96)
	at ptolemy.domains.de.kernel.DEDirector.preinitialize(DEDirector.java:1338)
	at ptolemy.actor.CompositeActor.preinitialize(CompositeActor.java:1828)
	at ptolemy.actor.Manager.preinitializeAndResolveTypes(Manager.java:1040)
	at ptolemy.actor.Manager.initialize(Manager.java:710)
	at ptolemy.actor.Manager.execute(Manager.java:356)
	at ptolemy.actor.Manager.run(Manager.java:1263)
	at ptolemy.actor.Manager$PtolemyRunThread.run(Manager.java:1915)
java.lang.RuntimeException: Execution failed
	at ptolemy.moml.MoMLSimpleApplication$UnloadThread.run(MoMLSimpleApplication.java:402)
Caused by: ptolemy.kernel.util.IllegalActionException: Found a zero delay loop containing .dependencyLoop.original
  in .dependencyLoop and .dependencyLoop.original
	at ptolemy.actor.util.CausalityInterfaceForComposites._computeOutputPortDepth(CausalityInterfaceForComposites.java:759)
	at ptolemy.actor.util.CausalityInterfaceForComposites._computeInputDepth(CausalityInterfaceForComposites.java:696)
	at ptolemy.actor.util.CausalityInterfaceForComposites._computeOutputPortDepth(CausalityInterfaceForComposites.java:765)
	at ptolemy.actor.util.CausalityInterfaceForComposites._computeInputDepth(CausalityInterfaceForComposites.java:696)
	at ptolemy.actor.util.CausalityInterfaceForComposites._computeOutputPortDepth(CausalityInterfaceForComposites.java:765)
	at ptolemy.actor.util.CausalityInterfaceForComposites._computeInputDepth(CausalityInterfaceForComposites.java:696)
	at ptolemy.actor.util.CausalityInterfaceForComposites._computeActorDepth(CausalityInterfaceForComposites.java:532)
	at ptolemy.actor.util.CausalityInterfaceForComposites.checkForCycles(CausalityInterfaceForComposites.java:96)
	at ptolemy.domains.de.kernel.DEDirector.preinitialize(DEDirector.java:1338)
	at ptolemy.actor.CompositeActor.preinitialize(CompositeActor.java:1828)
	at ptolemy.actor.Manager.preinitializeAndResolveTypes(Manager.java:1040)
	at ptolemy.actor.Manager.initialize(Manager.java:710)
	at ptolemy.actor.Manager.execute(Manager.java:356)
	at ptolemy.actor.Manager.run(Manager.java:1263)
	at ptolemy.actor.Manager$PtolemyRunThread.run(Manager.java:1915)
java.lang.reflect.InvocationTargetException
	at sun.reflect.NativeConstructorAccessorImpl.newInstance0(Native Method)
	at sun.reflect.NativeConstructorAccessorImpl.newInstance(NativeConstructorAccessorImpl.java:62)
	at sun.reflect.DelegatingConstructorAccessorImpl.newInstance(DelegatingConstructorAccessorImpl.java:45)
	at java.lang.reflect.Constructor.newInstance(Constructor.java:423)
	at ptolemy.util.test.junit.AutoKnownFailedTests.RunModel(AutoKnownFailedTests.java:107)
	at sun.reflect.NativeMethodAccessorImpl.invoke0(Native Method)
	at sun.reflect.NativeMethodAccessorImpl.invoke(NativeMethodAccessorImpl.java:62)
	at sun.reflect.DelegatingMethodAccessorImpl.invoke(DelegatingMethodAccessorImpl.java:43)
	at java.lang.reflect.Method.invoke(Method.java:498)
	at org.junit.runners.model.FrameworkMethod$1.runReflectiveCall(FrameworkMethod.java:44)
	at org.junit.internal.runners.model.ReflectiveCallable.run(ReflectiveCallable.java:15)
	at org.junit.runners.model.FrameworkMethod.invokeExplosively(FrameworkMethod.java:41)
	at junitparams.internal.InvokeParameterisedMethod.evaluate(InvokeParameterisedMethod.java:102)
	at org.junit.internal.runners.statements.FailOnTimeout$1.run(FailOnTimeout.java:28)
Caused by: ptolemy.kernel.util.IllegalActionException: Found a zero delay loop containing .dependencyLoop.original
  in .dependencyLoop and .dependencyLoop.original
	at ptolemy.actor.util.CausalityInterfaceForComposites._computeOutputPortDepth(CausalityInterfaceForComposites.java:759)
	at ptolemy.actor.util.CausalityInterfaceForComposites._computeInputDepth(CausalityInterfaceForComposites.java:696)
	at ptolemy.actor.util.CausalityInterfaceForComposites._computeOutputPortDepth(CausalityInterfaceForComposites.java:765)
	at ptolemy.actor.util.CausalityInterfaceForComposites._computeInputDepth(CausalityInterfaceForComposites.java:696)
	at ptolemy.actor.util.CausalityInterfaceForComposites._computeOutputPortDepth(CausalityInterfaceForComposites.java:765)
	at ptolemy.actor.util.CausalityInterfaceForComposites._computeInputDepth(CausalityInterfaceForComposites.java:696)
	at ptolemy.actor.util.CausalityInterfaceForComposites._computeActorDepth(CausalityInterfaceForComposites.java:532)
	at ptolemy.actor.util.CausalityInterfaceForComposites.checkForCycles(CausalityInterfaceForComposites.java:96)
	at ptolemy.domains.de.kernel.DEDirector.preinitialize(DEDirector.java:1338)
	at ptolemy.actor.CompositeActor.preinitialize(CompositeActor.java:1828)
	at ptolemy.actor.Manager.preinitializeAndResolveTypes(Manager.java:1040)
	at ptolemy.actor.Manager.initialize(Manager.java:710)
	at ptolemy.actor.Manager.execute(Manager.java:356)
	at ptolemy.actor.Manager.run(Manager.java:1263)
	at ptolemy.actor.Manager$PtolemyRunThread.run(Manager.java:1915)
java.lang.RuntimeException: Execution failed
	at ptolemy.moml.MoMLSimpleApplication$UnloadThread.run(MoMLSimpleApplication.java:402)
Caused by: ptolemy.kernel.util.IllegalActionException: Found a zero delay loop containing .dependencyLoop2.original
  in .dependencyLoop2 and .dependencyLoop2.original
	at ptolemy.actor.util.CausalityInterfaceForComposites._computeOutputPortDepth(CausalityInterfaceForComposites.java:759)
	at ptolemy.actor.util.CausalityInterfaceForComposites._computeInputDepth(CausalityInterfaceForComposites.java:696)
	at ptolemy.actor.util.CausalityInterfaceForComposites._computeOutputPortDepth(CausalityInterfaceForComposites.java:765)
	at ptolemy.actor.util.CausalityInterfaceForComposites._computeInputDepth(CausalityInterfaceForComposites.java:696)
	at ptolemy.actor.util.CausalityInterfaceForComposites._computeOutputPortDepth(CausalityInterfaceForComposites.java:765)
	at ptolemy.actor.util.CausalityInterfaceForComposites._computeInputDepth(CausalityInterfaceForComposites.java:696)
	at ptolemy.actor.util.CausalityInterfaceForComposites._computeActorDepth(CausalityInterfaceForComposites.java:532)
	at ptolemy.actor.util.CausalityInterfaceForComposites.checkForCycles(CausalityInterfaceForComposites.java:96)
	at ptolemy.domains.de.kernel.DEDirector.preinitialize(DEDirector.java:1338)
	at ptolemy.actor.CompositeActor.preinitialize(CompositeActor.java:1828)
	at ptolemy.actor.Manager.preinitializeAndResolveTypes(Manager.java:1040)
	at ptolemy.actor.Manager.initialize(Manager.java:710)
	at ptolemy.actor.Manager.execute(Manager.java:356)
	at ptolemy.actor.Manager.run(Manager.java:1263)
	at ptolemy.actor.Manager$PtolemyRunThread.run(Manager.java:1915)
java.lang.reflect.InvocationTargetException
	at sun.reflect.NativeConstructorAccessorImpl.newInstance0(Native Method)
	at sun.reflect.NativeConstructorAccessorImpl.newInstance(NativeConstructorAccessorImpl.java:62)
	at sun.reflect.DelegatingConstructorAccessorImpl.newInstance(DelegatingConstructorAccessorImpl.java:45)
	at java.lang.reflect.Constructor.newInstance(Constructor.java:423)
	at ptolemy.util.test.junit.AutoKnownFailedTests.RunModel(AutoKnownFailedTests.java:107)
	at sun.reflect.NativeMethodAccessorImpl.invoke0(Native Method)
	at sun.reflect.NativeMethodAccessorImpl.invoke(NativeMethodAccessorImpl.java:62)
	at sun.reflect.DelegatingMethodAccessorImpl.invoke(DelegatingMethodAccessorImpl.java:43)
	at java.lang.reflect.Method.invoke(Method.java:498)
	at org.junit.runners.model.FrameworkMethod$1.runReflectiveCall(FrameworkMethod.java:44)
	at org.junit.internal.runners.model.ReflectiveCallable.run(ReflectiveCallable.java:15)
	at org.junit.runners.model.FrameworkMethod.invokeExplosively(FrameworkMethod.java:41)
	at junitparams.internal.InvokeParameterisedMethod.evaluate(InvokeParameterisedMethod.java:102)
	at org.junit.internal.runners.statements.FailOnTimeout$1.run(FailOnTimeout.java:28)
Caused by: ptolemy.kernel.util.IllegalActionException: Found a zero delay loop containing .dependencyLoop2.original
  in .dependencyLoop2 and .dependencyLoop2.original
	at ptolemy.actor.util.CausalityInterfaceForComposites._computeOutputPortDepth(CausalityInterfaceForComposites.java:759)
	at ptolemy.actor.util.CausalityInterfaceForComposites._computeInputDepth(CausalityInterfaceForComposites.java:696)
	at ptolemy.actor.util.CausalityInterfaceForComposites._computeOutputPortDepth(CausalityInterfaceForComposites.java:765)
	at ptolemy.actor.util.CausalityInterfaceForComposites._computeInputDepth(CausalityInterfaceForComposites.java:696)
	at ptolemy.actor.util.CausalityInterfaceForComposites._computeOutputPortDepth(CausalityInterfaceForComposites.java:765)
	at ptolemy.actor.util.CausalityInterfaceForComposites._computeInputDepth(CausalityInterfaceForComposites.java:696)
	at ptolemy.actor.util.CausalityInterfaceForComposites._computeActorDepth(CausalityInterfaceForComposites.java:532)
	at ptolemy.actor.util.CausalityInterfaceForComposites.checkForCycles(CausalityInterfaceForComposites.java:96)
	at ptolemy.domains.de.kernel.DEDirector.preinitialize(DEDirector.java:1338)
	at ptolemy.actor.CompositeActor.preinitialize(CompositeActor.java:1828)
	at ptolemy.actor.Manager.preinitializeAndResolveTypes(Manager.java:1040)
	at ptolemy.actor.Manager.initialize(Manager.java:710)
	at ptolemy.actor.Manager.execute(Manager.java:356)
	at ptolemy.actor.Manager.run(Manager.java:1263)
	at ptolemy.actor.Manager$PtolemyRunThread.run(Manager.java:1915)
]]></system-err>
</testsuite>
