<?xml version="1.0" encoding="UTF-8" ?>
<testsuite errors="0" failures="0" hostname="travis-job-50e47176-eea6-4cf6-a31f-ebe2e48c6ec0" name="ptolemy.domains.de.test.junit.JUnitTclTest" skipped="0" tests="101" time="131.005" timestamp="2019-07-23T15:16:43">
  <properties>
[...]
</properties>
  <testcase classname="ptolemy.util.test.junit.TclTests" name="[0] /home/travis/build/icyphy/ptII/ptolemy/domains/de/test/DependencyLoop.tcl (RunTclFile)" time="0.89" />
  <testcase classname="ptolemy.util.test.junit.TclTests" name="[1] /home/travis/build/icyphy/ptII/ptolemy/domains/de/test/RunDETestsAsQSS.tcl (RunTclFile)" time="88.185" />
  <testcase classname="ptolemy.util.test.junit.AutoKnownFailedTests" name="[0] /home/travis/build/icyphy/ptII/ptolemy/domains/de/test/auto/knownFailedTests/DESDFClockTest.xml (RunModel)" time="2.027" />
  <testcase classname="ptolemy.util.test.junit.AutoKnownFailedTests" name="[1] /home/travis/build/icyphy/ptII/ptolemy/domains/de/test/auto/knownFailedTests/DirectFeedback.xml (RunModel)" time="0.022" />
  <testcase classname="ptolemy.util.test.junit.AutoKnownFailedTests" name="[2] /home/travis/build/icyphy/ptII/ptolemy/domains/de/test/auto/knownFailedTests/FSMSource.xml (RunModel)" time="0.033" />
  <testcase classname="ptolemy.util.test.junit.AutoKnownFailedTests" name="[3] /home/travis/build/icyphy/ptII/ptolemy/domains/de/test/auto/knownFailedTests/HierarchicalModel.xml (RunModel)" time="0.05" />
  <testcase classname="ptolemy.util.test.junit.AutoKnownFailedTests" name="[4] /home/travis/build/icyphy/ptII/ptolemy/domains/de/test/auto/knownFailedTests/dependencyLoop.xml (RunModel)" time="0.06" />
  <testcase classname="ptolemy.util.test.junit.AutoKnownFailedTests" name="[5] /home/travis/build/icyphy/ptII/ptolemy/domains/de/test/auto/knownFailedTests/dependencyLoop2.xml (RunModel)" time="0.051" />
  <testcase classname="ptolemy.util.test.junit.AutoNameArchTests" name="[0] ThereAreNoAutoArchTests (RunModel)" time="0.002" />
  <testcase classname="ptolemy.util.test.junit.AutoTests" name="[0] /home/travis/build/icyphy/ptII/ptolemy/domains/de/test/auto/ActorDepthCalculation_actorWithoutPorts.xml (RunModel)" time="0.022" />
  <testcase classname="ptolemy.util.test.junit.AutoTests" name="[1] /home/travis/build/icyphy/ptII/ptolemy/domains/de/test/auto/AssemblyLine.xml (RunModel)" time="0.023" />
  <testcase classname="ptolemy.util.test.junit.AutoTests" name="[2] /home/travis/build/icyphy/ptII/ptolemy/domains/de/test/auto/CQBug1.xml (RunModel)" time="0.01" />
  <testcase classname="ptolemy.util.test.junit.AutoTests" name="[3] /home/travis/build/icyphy/ptII/ptolemy/domains/de/test/auto/CancelFireAt.xml (RunModel)" time="0.007" />
  <testcase classname="ptolemy.util.test.junit.AutoTests" name="[4] /home/travis/build/icyphy/ptII/ptolemy/domains/de/test/auto/CausalityAndComposabilityAnalysis.xml (RunModel)" time="0.015" />
  <testcase classname="ptolemy.util.test.junit.AutoTests" name="[5] /home/travis/build/icyphy/ptII/ptolemy/domains/de/test/auto/CausalityInterface1.xml (RunModel)" time="0.019" />
  <testcase classname="ptolemy.util.test.junit.AutoTests" name="[6] /home/travis/build/icyphy/ptII/ptolemy/domains/de/test/auto/CausalityInterface15.xml (RunModel)" time="0.017" />
  <testcase classname="ptolemy.util.test.junit.AutoTests" name="[7] /home/travis/build/icyphy/ptII/ptolemy/domains/de/test/auto/CausalityInterface2.xml (RunModel)" time="0.02" />
  <testcase classname="ptolemy.util.test.junit.AutoTests" name="[8] /home/travis/build/icyphy/ptII/ptolemy/domains/de/test/auto/CausalityInterface3.xml (RunModel)" time="0.015" />
  <testcase classname="ptolemy.util.test.junit.AutoTests" name="[9] /home/travis/build/icyphy/ptII/ptolemy/domains/de/test/auto/ClockDrift.xml (RunModel)" time="0.044" />
  <testcase classname="ptolemy.util.test.junit.AutoTests" name="[10] /home/travis/build/icyphy/ptII/ptolemy/domains/de/test/auto/ClockDriftAndValueChange.xml (RunModel)" time="0.027" />
  <testcase classname="ptolemy.util.test.junit.AutoTests" name="[11] /home/travis/build/icyphy/ptII/ptolemy/domains/de/test/auto/ClockDriftChange.xml (RunModel)" time="0.022" />
  <testcase classname="ptolemy.util.test.junit.AutoTests" name="[12] /home/travis/build/icyphy/ptII/ptolemy/domains/de/test/auto/ComposableCausalityAnalysis.xml (RunModel)" time="0.012" />
  <testcase classname="ptolemy.util.test.junit.AutoTests" name="[13] /home/travis/build/icyphy/ptII/ptolemy/domains/de/test/auto/DEFixedPointLimitation.xml (RunModel)" time="0.011" />
  <testcase classname="ptolemy.util.test.junit.AutoTests" name="[14] /home/travis/build/icyphy/ptII/ptolemy/domains/de/test/auto/DEScheduleTest.xml (RunModel)" time="0.011" />
  <testcase classname="ptolemy.util.test.junit.AutoTests" name="[15] /home/travis/build/icyphy/ptII/ptolemy/domains/de/test/auto/DEinDEwithStartTimes.xml (RunModel)" time="0.011" />
  <testcase classname="ptolemy.util.test.junit.AutoTests" name="[16] /home/travis/build/icyphy/ptII/ptolemy/domains/de/test/auto/DEinDEwithStartTimes2.xml (RunModel)" time="0.014" />
  <testcase classname="ptolemy.util.test.junit.AutoTests" name="[17] /home/travis/build/icyphy/ptII/ptolemy/domains/de/test/auto/DateDemo.xml (RunModel)" time="0.033" />
  <testcase classname="ptolemy.util.test.junit.AutoTests" name="[18] /home/travis/build/icyphy/ptII/ptolemy/domains/de/test/auto/DateToEvent.xml (RunModel)" time="2.031" />
  <testcase classname="ptolemy.util.test.junit.AutoTests" name="[19] /home/travis/build/icyphy/ptII/ptolemy/domains/de/test/auto/DepthTest1.xml (RunModel)" time="0.008" />
  <testcase classname="ptolemy.util.test.junit.AutoTests" name="[20] /home/travis/build/icyphy/ptII/ptolemy/domains/de/test/auto/DepthTest2.xml (RunModel)" time="0.025" />
  <testcase classname="ptolemy.util.test.junit.AutoTests" name="[21] /home/travis/build/icyphy/ptII/ptolemy/domains/de/test/auto/DepthTest3.xml (RunModel)" time="0.01" />
  <testcase classname="ptolemy.util.test.junit.AutoTests" name="[22] /home/travis/build/icyphy/ptII/ptolemy/domains/de/test/auto/DepthTest4.xml (RunModel)" time="0.019" />
  <testcase classname="ptolemy.util.test.junit.AutoTests" name="[23] /home/travis/build/icyphy/ptII/ptolemy/domains/de/test/auto/DepthTest5.xml (RunModel)" time="0.014" />
  <testcase classname="ptolemy.util.test.junit.AutoTests" name="[24] /home/travis/build/icyphy/ptII/ptolemy/domains/de/test/auto/DepthTest6.xml (RunModel)" time="0.012" />
  <testcase classname="ptolemy.util.test.junit.AutoTests" name="[25] /home/travis/build/icyphy/ptII/ptolemy/domains/de/test/auto/DepthTest7.xml (RunModel)" time="0.012" />
  <testcase classname="ptolemy.util.test.junit.AutoTests" name="[26] /home/travis/build/icyphy/ptII/ptolemy/domains/de/test/auto/EventToDate.xml (RunModel)" time="3.048" />
  <testcase classname="ptolemy.util.test.junit.AutoTests" name="[27] /home/travis/build/icyphy/ptII/ptolemy/domains/de/test/auto/FSM1.xml (RunModel)" time="0.046" />
  <testcase classname="ptolemy.util.test.junit.AutoTests" name="[28] /home/travis/build/icyphy/ptII/ptolemy/domains/de/test/auto/FSM7.xml (RunModel)" time="0.033" />
  <testcase classname="ptolemy.util.test.junit.AutoTests" name="[29] /home/travis/build/icyphy/ptII/ptolemy/domains/de/test/auto/Inspection.xml (RunModel)" time="0.043" />
  <testcase classname="ptolemy.util.test.junit.AutoTests" name="[30] /home/travis/build/icyphy/ptII/ptolemy/domains/de/test/auto/Iteration.xml (RunModel)" time="0.03" />
  <testcase classname="ptolemy.util.test.junit.AutoTests" name="[31] /home/travis/build/icyphy/ptII/ptolemy/domains/de/test/auto/LineFault.xml (RunModel)" time="0.602" />
  <testcase classname="ptolemy.util.test.junit.AutoTests" name="[32] /home/travis/build/icyphy/ptII/ptolemy/domains/de/test/auto/MergeModel1Add.xml (RunModel)" time="0.054" />
  <testcase classname="ptolemy.util.test.junit.AutoTests" name="[33] /home/travis/build/icyphy/ptII/ptolemy/domains/de/test/auto/MergeModel2Add.xml (RunModel)" time="0.038" />
  <testcase classname="ptolemy.util.test.junit.AutoTests" name="[34] /home/travis/build/icyphy/ptII/ptolemy/domains/de/test/auto/MergeModel3Add.xml (RunModel)" time="0.042" />
  <testcase classname="ptolemy.util.test.junit.AutoTests" name="[35] /home/travis/build/icyphy/ptII/ptolemy/domains/de/test/auto/MergeWithoutDiscard.xml (RunModel)" time="0.022" />
  <testcase classname="ptolemy.util.test.junit.AutoTests" name="[36] /home/travis/build/icyphy/ptII/ptolemy/domains/de/test/auto/Modal1.xml (RunModel)" time="0.032" />
  <testcase classname="ptolemy.util.test.junit.AutoTests" name="[37] /home/travis/build/icyphy/ptII/ptolemy/domains/de/test/auto/Modal2.xml (RunModel)" time="0.036" />
  <testcase classname="ptolemy.util.test.junit.AutoTests" name="[38] /home/travis/build/icyphy/ptII/ptolemy/domains/de/test/auto/Modal3.xml (RunModel)" time="0.025" />
  <testcase classname="ptolemy.util.test.junit.AutoTests" name="[39] /home/travis/build/icyphy/ptII/ptolemy/domains/de/test/auto/Modal4.xml (RunModel)" time="0.033" />
  <testcase classname="ptolemy.util.test.junit.AutoTests" name="[40] /home/travis/build/icyphy/ptII/ptolemy/domains/de/test/auto/Modal5.xml (RunModel)" time="0.033" />
  <testcase classname="ptolemy.util.test.junit.AutoTests" name="[41] /home/travis/build/icyphy/ptII/ptolemy/domains/de/test/auto/Modal6.xml (RunModel)" time="0.03" />
  <testcase classname="ptolemy.util.test.junit.AutoTests" name="[42] /home/travis/build/icyphy/ptII/ptolemy/domains/de/test/auto/Modal7.xml (RunModel)" time="0.032" />
  <testcase classname="ptolemy.util.test.junit.AutoTests" name="[43] /home/travis/build/icyphy/ptII/ptolemy/domains/de/test/auto/ModalModel.xml (RunModel)" time="0.17" />
  <testcase classname="ptolemy.util.test.junit.AutoTests" name="[44] /home/travis/build/icyphy/ptII/ptolemy/domains/de/test/auto/ModalSource.xml (RunModel)" time="0.03" />
  <testcase classname="ptolemy.util.test.junit.AutoTests" name="[45] /home/travis/build/icyphy/ptII/ptolemy/domains/de/test/auto/NonInterruptibleTimerZeroDelay.xml (RunModel)" time="0.009" />
  <testcase classname="ptolemy.util.test.junit.AutoTests" name="[46] /home/travis/build/icyphy/ptII/ptolemy/domains/de/test/auto/OpenQueueingNetwork.xml (RunModel)" time="2.606" />
  <testcase classname="ptolemy.util.test.junit.AutoTests" name="[47] /home/travis/build/icyphy/ptII/ptolemy/domains/de/test/auto/OpenQueuingNetwork.xml (RunModel)" time="0.289" />
  <testcase classname="ptolemy.util.test.junit.AutoTests" name="[48] /home/travis/build/icyphy/ptII/ptolemy/domains/de/test/auto/PeriodicSampler.xml (RunModel)" time="0.013" />
  <testcase classname="ptolemy.util.test.junit.AutoTests" name="[49] /home/travis/build/icyphy/ptII/ptolemy/domains/de/test/auto/PersistentIO.xml (RunModel)" time="0.018" />
  <testcase classname="ptolemy.util.test.junit.AutoTests" name="[50] /home/travis/build/icyphy/ptII/ptolemy/domains/de/test/auto/PortParameterResetOnInitialize.xml (RunModel)" time="0.01" />
  <testcase classname="ptolemy.util.test.junit.AutoTests" name="[51] /home/travis/build/icyphy/ptII/ptolemy/domains/de/test/auto/PortParameterUpdates.xml (RunModel)" time="0.016" />
  <testcase classname="ptolemy.util.test.junit.AutoTests" name="[52] /home/travis/build/icyphy/ptII/ptolemy/domains/de/test/auto/QueueAndServer.xml (RunModel)" time="0.028" />
  <testcase classname="ptolemy.util.test.junit.AutoTests" name="[53] /home/travis/build/icyphy/ptII/ptolemy/domains/de/test/auto/Records.xml (RunModel)" time="0.019" />
  <testcase classname="ptolemy.util.test.junit.AutoTests" name="[54] /home/travis/build/icyphy/ptII/ptolemy/domains/de/test/auto/ResetTransitionWithStartTime1.xml (RunModel)" time="0.019" />
  <testcase classname="ptolemy.util.test.junit.AutoTests" name="[55] /home/travis/build/icyphy/ptII/ptolemy/domains/de/test/auto/ResetTransitionWithStartTime2.xml (RunModel)" time="0.019" />
  <testcase classname="ptolemy.util.test.junit.AutoTests" name="[56] /home/travis/build/icyphy/ptII/ptolemy/domains/de/test/auto/ResetTransitionWithStartTime3.xml (RunModel)" time="0.02" />
  <testcase classname="ptolemy.util.test.junit.AutoTests" name="[57] /home/travis/build/icyphy/ptII/ptolemy/domains/de/test/auto/ResetTransitionWithStartTime4.xml (RunModel)" time="0.017" />
  <testcase classname="ptolemy.util.test.junit.AutoTests" name="[58] /home/travis/build/icyphy/ptII/ptolemy/domains/de/test/auto/ResettableTimer1.xml (RunModel)" time="0.01" />
  <testcase classname="ptolemy.util.test.junit.AutoTests" name="[59] /home/travis/build/icyphy/ptII/ptolemy/domains/de/test/auto/ResettableTimer2.xml (RunModel)" time="0.008" />
  <testcase classname="ptolemy.util.test.junit.AutoTests" name="[60] /home/travis/build/icyphy/ptII/ptolemy/domains/de/test/auto/ResettableTimer3.xml (RunModel)" time="0.008" />
  <testcase classname="ptolemy.util.test.junit.AutoTests" name="[61] /home/travis/build/icyphy/ptII/ptolemy/domains/de/test/auto/ResettableTimer4.xml (RunModel)" time="0.011" />
  <testcase classname="ptolemy.util.test.junit.AutoTests" name="[62] /home/travis/build/icyphy/ptII/ptolemy/domains/de/test/auto/ResettableTimer5.xml (RunModel)" time="0.009" />
  <testcase classname="ptolemy.util.test.junit.AutoTests" name="[63] /home/travis/build/icyphy/ptII/ptolemy/domains/de/test/auto/ResettableTimer6.xml (RunModel)" time="0.015" />
  <testcase classname="ptolemy.util.test.junit.AutoTests" name="[64] /home/travis/build/icyphy/ptII/ptolemy/domains/de/test/auto/ServerZeroDelay.xml (RunModel)" time="0.01" />
  <testcase classname="ptolemy.util.test.junit.AutoTests" name="[65] /home/travis/build/icyphy/ptII/ptolemy/domains/de/test/auto/SmartSender.xml (RunModel)" time="3.008" />
  <testcase classname="ptolemy.util.test.junit.AutoTests" name="[66] /home/travis/build/icyphy/ptII/ptolemy/domains/de/test/auto/ThreadedComposite.xml (RunModel)" time="0.146" />
  <testcase classname="ptolemy.util.test.junit.AutoTests" name="[67] /home/travis/build/icyphy/ptII/ptolemy/domains/de/test/auto/Time.xml (RunModel)" time="0.446" />
  <testcase classname="ptolemy.util.test.junit.AutoTests" name="[68] /home/travis/build/icyphy/ptII/ptolemy/domains/de/test/auto/TimeDelayZeroDelay.xml (RunModel)" time="0.01" />
  <testcase classname="ptolemy.util.test.junit.AutoTests" name="[69] /home/travis/build/icyphy/ptII/ptolemy/domains/de/test/auto/TimerZeroDelay.xml (RunModel)" time="0.02" />
  <testcase classname="ptolemy.util.test.junit.AutoTests" name="[70] /home/travis/build/icyphy/ptII/ptolemy/domains/de/test/auto/TimingParadox.xml (RunModel)" time="0.381" />
  <testcase classname="ptolemy.util.test.junit.AutoTests" name="[71] /home/travis/build/icyphy/ptII/ptolemy/domains/de/test/auto/TransferInputs.xml (RunModel)" time="0.015" />
  <testcase classname="ptolemy.util.test.junit.AutoTests" name="[72] /home/travis/build/icyphy/ptII/ptolemy/domains/de/test/auto/TransferOutputs2.xml (RunModel)" time="0.015" />
  <testcase classname="ptolemy.util.test.junit.AutoTests" name="[73] /home/travis/build/icyphy/ptII/ptolemy/domains/de/test/auto/Trilateration.xml (RunModel)" time="12.842" />
  <testcase classname="ptolemy.util.test.junit.AutoTests" name="[74] /home/travis/build/icyphy/ptII/ptolemy/domains/de/test/auto/TwoSigmaDelta.xml (RunModel)" time="2.163" />
  <testcase classname="ptolemy.util.test.junit.AutoTests" name="[75] /home/travis/build/icyphy/ptII/ptolemy/domains/de/test/auto/VariableDelay.xml (RunModel)" time="0.013" />
  <testcase classname="ptolemy.util.test.junit.AutoTests" name="[76] /home/travis/build/icyphy/ptII/ptolemy/domains/de/test/auto/VariableDelay2.xml (RunModel)" time="0.014" />
  <testcase classname="ptolemy.util.test.junit.AutoTests" name="[77] /home/travis/build/icyphy/ptII/ptolemy/domains/de/test/auto/VariableDelayZeroDelay.xml (RunModel)" time="0.013" />
  <testcase classname="ptolemy.util.test.junit.AutoTests" name="[78] /home/travis/build/icyphy/ptII/ptolemy/domains/de/test/auto/VariableDelayZeroDelay2.xml (RunModel)" time="0.009" />
  <testcase classname="ptolemy.util.test.junit.AutoTests" name="[79] /home/travis/build/icyphy/ptII/ptolemy/domains/de/test/auto/deInCt.xml (RunModel)" time="0.015" />
  <testcase classname="ptolemy.util.test.junit.AutoTests" name="[80] /home/travis/build/icyphy/ptII/ptolemy/domains/de/test/auto/deInCt2.xml (RunModel)" time="0.015" />
  <testcase classname="ptolemy.util.test.junit.AutoTests" name="[81] /home/travis/build/icyphy/ptII/ptolemy/domains/de/test/auto/dynamicCausalityInterface1.xml (RunModel)" time="0.02" />
  <testcase classname="ptolemy.util.test.junit.AutoTests" name="[82] /home/travis/build/icyphy/ptII/ptolemy/domains/de/test/auto/fsm_de_test.xml (RunModel)" time="0.029" />
  <testcase classname="ptolemy.util.test.junit.AutoTests" name="[83] /home/travis/build/icyphy/ptII/ptolemy/domains/de/test/auto/functionDependencyReconstruction.xml (RunModel)" time="0.036" />
  <testcase classname="ptolemy.util.test.junit.AutoTests" name="[84] /home/travis/build/icyphy/ptII/ptolemy/domains/de/test/auto/multirate.xml (RunModel)" time="0.016" />
  <testcase classname="ptolemy.util.test.junit.AutoTests" name="[85] /home/travis/build/icyphy/ptII/ptolemy/domains/de/test/auto/multirate2.xml (RunModel)" time="0.021" />
  <testcase classname="ptolemy.util.test.junit.AutoTests" name="[86] /home/travis/build/icyphy/ptII/ptolemy/domains/de/test/auto/realtime.xml (RunModel)" time="10.01" />
  <testcase classname="ptolemy.util.test.junit.AutoTests" name="[87] /home/travis/build/icyphy/ptII/ptolemy/domains/de/test/auto/relationGroup.xml (RunModel)" time="0.008" />
  <testcase classname="ptolemy.util.test.junit.AutoTests" name="[88] /home/travis/build/icyphy/ptII/ptolemy/domains/de/test/auto/relationGroup2.xml (RunModel)" time="0.011" />
  <testcase classname="ptolemy.util.test.junit.AutoTests" name="[89] /home/travis/build/icyphy/ptII/ptolemy/domains/de/test/auto/sortWithOpaquePorts.xml (RunModel)" time="0.011" />
  <testcase classname="ptolemy.util.test.junit.AutoTests" name="[90] /home/travis/build/icyphy/ptII/ptolemy/domains/de/test/auto/transferInputsandOutputs.xml (RunModel)" time="0.023" />
  <testcase classname="ptolemy.util.test.junit.AutoTests" name="[91] /home/travis/build/icyphy/ptII/ptolemy/domains/de/test/auto/triggerType.xml (RunModel)" time="0.013" />
  <system-out><![CDATA[/home/travis/build/icyphy/ptII/ptolemy/domains/de/test/DependencyLoop.tcl
testDefs.tcl: setting time out to 9000 seconds at Tue Jul 23 15:16:43 UTC 2019
67 ms. Memory: 120832K Free: 72134K (60%)
20 ms. Memory: 120832K Free: 54719K (45%)
/home/travis/build/icyphy/ptII/ptolemy/domains/de/test/RunDETestsAsQSS.tcl
Run the DE tests using ptolemy.domains.qss.test.QSSDirectorTest, which extends QSSDirector and prints a message in the constructors.
------------------ testing $PTII/ptolemy/domains/de/test/auto/knownFailedTests/DirectFeedback.xml (Known Failure) 
56 ms. Memory: 120832K Free: 49096K (41%)


==== $PTIIhome/travis/build/icyphy/ptII/ptolemy/domains/de/test/../../../../: Auto Automatic test in file $PTII/ptolemy/domains/de/test/auto/knownFailedTests/DirectFeedback.xml
==== Contents of test case:

	    # FIXME: we should use $relativeFilename here, but it
	    # might have backslashes under Windows, which causes no end
	    # of trouble.
	    createAndExecute $file
	    list {}
	
.... Test generated KNOWN error:
    while executing
ptolemy.kernel.util.IllegalActionException: Test fails in iteration 1.
Value was: 1.0. Should have been: 2.0
  in .DirectFeedback.Test
	at ptolemy.actor.lib.Test.fire(Test.java:268)
	at ptolemy.domains.de.kernel.DEDirector._fire(DEDirector.java:1949)
	at ptolemy.domains.de.kernel.DEDirector.fire(DEDirector.java:502)
	at ptolemy.actor.CompositeActor.fire(CompositeActor.java:455)
	at ptolemy.actor.Manager.iterate(Manager.java:851)
	at ptolemy.actor.Manager.execute(Manager.java:369)
	at ptolemy.actor.Manager.run(Manager.java:1263)
	at ptolemy.actor.Manager$PtolemyRunThread.run(Manager.java:1933)

    while executing
ptolemy.kernel.util.IllegalActionException: Test fails in iteration 1.
Value was: 1.0. Should have been: 2.0
  in .DirectFeedback.Test
    while executing
"java::new ptolemy.moml.MoMLSimpleApplication $file
"
    (procedure "createAndExecute" line 2)
    invoked from within
"createAndExecute $file"
    ("uplevel" body line 5)
    invoked from within
"uplevel $contents_of_test"
------------------ testing $PTII/ptolemy/domains/de/test/auto/knownFailedTests/dependencyLoop.xml (Known Failure) 
20 ms. Memory: 120832K Free: 46024K (38%)


==== $PTIIhome/travis/build/icyphy/ptII/ptolemy/domains/de/test/../../../../: Auto Automatic test in file $PTII/ptolemy/domains/de/test/auto/knownFailedTests/dependencyLoop.xml
==== Contents of test case:

	    # FIXME: we should use $relativeFilename here, but it
	    # might have backslashes under Windows, which causes no end
	    # of trouble.
	    createAndExecute $file
	    list {}
	
.... Test generated KNOWN error:
    while executing
ptolemy.kernel.util.IllegalActionException: Found a zero delay loop containing .dependencyLoop.original
  in .dependencyLoop and .dependencyLoop.original
	at ptolemy.actor.util.CausalityInterfaceForComposites._computeOutputPortDepth(CausalityInterfaceForComposites.java:759)
	at ptolemy.actor.util.CausalityInterfaceForComposites._computeInputDepth(CausalityInterfaceForComposites.java:696)
	at ptolemy.actor.util.CausalityInterfaceForComposites._computeOutputPortDepth(CausalityInterfaceForComposites.java:765)
	at ptolemy.actor.util.CausalityInterfaceForComposites._computeInputDepth(CausalityInterfaceForComposites.java:696)
	at ptolemy.actor.util.CausalityInterfaceForComposites._computeOutputPortDepth(CausalityInterfaceForComposites.java:765)
	at ptolemy.actor.util.CausalityInterfaceForComposites._computeInputDepth(CausalityInterfaceForComposites.java:696)
	at ptolemy.actor.util.CausalityInterfaceForComposites._computeActorDepth(CausalityInterfaceForComposites.java:532)
	at ptolemy.actor.util.CausalityInterfaceForComposites.checkForCycles(CausalityInterfaceForComposites.java:96)
	at ptolemy.domains.de.kernel.DEDirector.preinitialize(DEDirector.java:1338)
	at ptolemy.actor.CompositeActor.preinitialize(CompositeActor.java:1828)
	at ptolemy.actor.Manager.preinitializeAndResolveTypes(Manager.java:1040)
	at ptolemy.actor.Manager.initialize(Manager.java:710)
	at ptolemy.actor.Manager.execute(Manager.java:356)
	at ptolemy.actor.Manager.run(Manager.java:1263)
	at ptolemy.actor.Manager$PtolemyRunThread.run(Manager.java:1933)

    while executing
ptolemy.kernel.util.IllegalActionException: Found a zero delay loop containing .dependencyLoop.original
  in .dependencyLoop and .dependencyLoop.original
    while executing
"java::new ptolemy.moml.MoMLSimpleApplication $file
"
    (procedure "createAndExecute" line 2)
    invoked from within
"createAndExecute $file"
    ("uplevel" body line 5)
    invoked from within
"uplevel $contents_of_test"
------------------ testing $PTII/ptolemy/domains/de/test/auto/knownFailedTests/FSMSource.xml (Known Failure) 
67 ms. Memory: 120832K Free: 99367K (82%)
!!!! Auto was marked as failing, but now passes
------------------ testing $PTII/ptolemy/domains/de/test/auto/knownFailedTests/HierarchicalModel.xml (Known Failure) 
7 ms. Memory: 120832K Free: 82222K (68%)


==== $PTIIhome/travis/build/icyphy/ptII/ptolemy/domains/de/test/../../../../: Auto Automatic test in file $PTII/ptolemy/domains/de/test/auto/knownFailedTests/HierarchicalModel.xml
==== Contents of test case:

	    # FIXME: we should use $relativeFilename here, but it
	    # might have backslashes under Windows, which causes no end
	    # of trouble.
	    createAndExecute $file
	    list {}
	
.... Test generated KNOWN error:
    while executing
ptolemy.kernel.util.IllegalActionException: Found a zero delay loop containing .HierarchicalModel.A
  in .HierarchicalModel and .HierarchicalModel.A
	at ptolemy.actor.util.CausalityInterfaceForComposites._computeOutputPortDepth(CausalityInterfaceForComposites.java:759)
	at ptolemy.actor.util.CausalityInterfaceForComposites._computeInputDepth(CausalityInterfaceForComposites.java:696)
	at ptolemy.actor.util.CausalityInterfaceForComposites._computeOutputPortDepth(CausalityInterfaceForComposites.java:765)
	at ptolemy.actor.util.CausalityInterfaceForComposites._computeInputDepth(CausalityInterfaceForComposites.java:696)
	at ptolemy.actor.util.CausalityInterfaceForComposites._computeOutputPortDepth(CausalityInterfaceForComposites.java:765)
	at ptolemy.actor.util.CausalityInterfaceForComposites._computeInputDepth(CausalityInterfaceForComposites.java:696)
	at ptolemy.actor.util.CausalityInterfaceForComposites._computeActorDepth(CausalityInterfaceForComposites.java:532)
	at ptolemy.actor.util.CausalityInterfaceForComposites.checkForCycles(CausalityInterfaceForComposites.java:96)
	at ptolemy.domains.de.kernel.DEDirector.preinitialize(DEDirector.java:1338)
	at ptolemy.actor.CompositeActor.preinitialize(CompositeActor.java:1828)
	at ptolemy.actor.Manager.preinitializeAndResolveTypes(Manager.java:1040)
	at ptolemy.actor.Manager.initialize(Manager.java:710)
	at ptolemy.actor.Manager.execute(Manager.java:356)
	at ptolemy.actor.Manager.run(Manager.java:1263)
	at ptolemy.actor.Manager$PtolemyRunThread.run(Manager.java:1933)

    while executing
ptolemy.kernel.util.IllegalActionException: Found a zero delay loop containing .HierarchicalModel.A
  in .HierarchicalModel and .HierarchicalModel.A
    while executing
"java::new ptolemy.moml.MoMLSimpleApplication $file
"
    (procedure "createAndExecute" line 2)
    invoked from within
"createAndExecute $file"
    ("uplevel" body line 5)
    invoked from within
"uplevel $contents_of_test"
------------------ testing $PTII/ptolemy/domains/de/test/auto/knownFailedTests/dependencyLoop2.xml (Known Failure) 
10 ms. Memory: 120832K Free: 66645K (55%)


==== $PTIIhome/travis/build/icyphy/ptII/ptolemy/domains/de/test/../../../../: Auto Automatic test in file $PTII/ptolemy/domains/de/test/auto/knownFailedTests/dependencyLoop2.xml
==== Contents of test case:

	    # FIXME: we should use $relativeFilename here, but it
	    # might have backslashes under Windows, which causes no end
	    # of trouble.
	    createAndExecute $file
	    list {}
	
.... Test generated KNOWN error:
    while executing
ptolemy.kernel.util.IllegalActionException: Found a zero delay loop containing .dependencyLoop2.original
  in .dependencyLoop2 and .dependencyLoop2.original
	at ptolemy.actor.util.CausalityInterfaceForComposites._computeOutputPortDepth(CausalityInterfaceForComposites.java:759)
	at ptolemy.actor.util.CausalityInterfaceForComposites._computeInputDepth(CausalityInterfaceForComposites.java:696)
	at ptolemy.actor.util.CausalityInterfaceForComposites._computeOutputPortDepth(CausalityInterfaceForComposites.java:765)
	at ptolemy.actor.util.CausalityInterfaceForComposites._computeInputDepth(CausalityInterfaceForComposites.java:696)
	at ptolemy.actor.util.CausalityInterfaceForComposites._computeOutputPortDepth(CausalityInterfaceForComposites.java:765)
	at ptolemy.actor.util.CausalityInterfaceForComposites._computeInputDepth(CausalityInterfaceForComposites.java:696)
	at ptolemy.actor.util.CausalityInterfaceForComposites._computeActorDepth(CausalityInterfaceForComposites.java:532)
	at ptolemy.actor.util.CausalityInterfaceForComposites.checkForCycles(CausalityInterfaceForComposites.java:96)
	at ptolemy.domains.de.kernel.DEDirector.preinitialize(DEDirector.java:1338)
	at ptolemy.actor.CompositeActor.preinitialize(CompositeActor.java:1828)
	at ptolemy.actor.Manager.preinitializeAndResolveTypes(Manager.java:1040)
	at ptolemy.actor.Manager.initialize(Manager.java:710)
	at ptolemy.actor.Manager.execute(Manager.java:356)
	at ptolemy.actor.Manager.run(Manager.java:1263)
	at ptolemy.actor.Manager$PtolemyRunThread.run(Manager.java:1933)

    while executing
ptolemy.kernel.util.IllegalActionException: Found a zero delay loop containing .dependencyLoop2.original
  in .dependencyLoop2 and .dependencyLoop2.original
    while executing
"java::new ptolemy.moml.MoMLSimpleApplication $file
"
    (procedure "createAndExecute" line 2)
    invoked from within
"createAndExecute $file"
    ("uplevel" body line 5)
    invoked from within
"uplevel $contents_of_test"
------------------ testing $PTII/ptolemy/domains/de/test/auto/knownFailedTests/DESDFClockTest.xml (Known Failure) 
2044 ms. Memory: 120832K Free: 95284K (79%)


==== $PTIIhome/travis/build/icyphy/ptII/ptolemy/domains/de/test/../../../../: Auto Automatic test in file $PTII/ptolemy/domains/de/test/auto/knownFailedTests/DESDFClockTest.xml
==== Contents of test case:

	    # FIXME: we should use $relativeFilename here, but it
	    # might have backslashes under Windows, which causes no end
	    # of trouble.
	    createAndExecute $file
	    list {}
	
.... Test generated KNOWN error:
    while executing
ptolemy.kernel.util.IllegalActionException: Actor is not ready to fire.  Perhaps UpSample.prefire() returned false? Try debugging the actor by selecting "Listen to Actor".  Also, for SDF check moml for tokenConsumptionRate on input.
  in .DESDFClockTest.Play Bell.Copy1:SDF Director and .DESDFClockTest.Play Bell.UpSample
	at ptolemy.actor.sched.StaticSchedulingDirector.fire(StaticSchedulingDirector.java:227)
	at ptolemy.domains.sdf.kernel.SDFDirector.fire(SDFDirector.java:500)
	at ptolemy.actor.CompositeActor.fire(CompositeActor.java:455)
	at ptolemy.domains.de.kernel.DEDirector._fire(DEDirector.java:1949)
	at ptolemy.domains.de.kernel.DEDirector.fire(DEDirector.java:502)
	at ptolemy.actor.CompositeActor.fire(CompositeActor.java:455)
	at ptolemy.actor.Manager.iterate(Manager.java:851)
	at ptolemy.actor.Manager.execute(Manager.java:369)
	at ptolemy.actor.Manager.run(Manager.java:1263)
	at ptolemy.actor.Manager$PtolemyRunThread.run(Manager.java:1933)

    while executing
ptolemy.kernel.util.IllegalActionException: Actor is not ready to fire.  Perhaps UpSample.prefire() returned false? Try debugging the actor by selecting "Listen to Actor".  Also, for SDF check moml for tokenConsumptionRate on input.
  in .DESDFClockTest.Play Bell.Copy1:SDF Director and .DESDFClockTest.Play Bell.UpSample
    while executing
"java::new ptolemy.moml.MoMLSimpleApplication $file
"
    (procedure "createAndExecute" line 2)
    invoked from within
"createAndExecute $file"
    ("uplevel" body line 5)
    invoked from within
"uplevel $contents_of_test"
------------------ testing $PTII/ptolemy/domains/de/test/auto/ActorDepthCalculation_actorWithoutPorts.xml
auto.tcl: Setting watchdog for 200 seconds at Tue Jul 23 15:16:47 UTC 2019
5 ms. Memory: 120832K Free: 87587K (72%)
ptolemy.util.test.WatchDog.cancel(): canceling Tue Jul 23 15:16:47 UTC 2019
auto.tcl: Setting watchdog for 200 seconds at Tue Jul 23 15:16:47 UTC 2019
7 ms. Memory: 120832K Free: 86068K (71%)
ptolemy.util.test.WatchDog.cancel(): canceling Tue Jul 23 15:16:47 UTC 2019
------------------ testing $PTII/ptolemy/domains/de/test/auto/AssemblyLine.xml
auto.tcl: Setting watchdog for 200 seconds at Tue Jul 23 15:16:47 UTC 2019
14 ms. Memory: 51200K Free: 28248K (55%)
ptolemy.util.test.WatchDog.cancel(): canceling Tue Jul 23 15:16:47 UTC 2019
auto.tcl: Setting watchdog for 200 seconds at Tue Jul 23 15:16:47 UTC 2019
7 ms. Memory: 51200K Free: 27821K (54%)
ptolemy.util.test.WatchDog.cancel(): canceling Tue Jul 23 15:16:47 UTC 2019
------------------ testing $PTII/ptolemy/domains/de/test/auto/CQBug1.xml
auto.tcl: Setting watchdog for 200 seconds at Tue Jul 23 15:16:48 UTC 2019
2 ms. Memory: 48128K Free: 31580K (66%)
ptolemy.util.test.WatchDog.cancel(): canceling Tue Jul 23 15:16:48 UTC 2019
auto.tcl: Setting watchdog for 200 seconds at Tue Jul 23 15:16:48 UTC 2019
2 ms. Memory: 48128K Free: 31147K (65%)
ptolemy.util.test.WatchDog.cancel(): canceling Tue Jul 23 15:16:48 UTC 2019
------------------ testing $PTII/ptolemy/domains/de/test/auto/CancelFireAt.xml
auto.tcl: Setting watchdog for 200 seconds at Tue Jul 23 15:16:48 UTC 2019
5 ms. Memory: 48128K Free: 32757K (68%)
ptolemy.util.test.WatchDog.cancel(): canceling Tue Jul 23 15:16:48 UTC 2019
auto.tcl: Setting watchdog for 200 seconds at Tue Jul 23 15:16:48 UTC 2019
2 ms. Memory: 48128K Free: 32324K (67%)
ptolemy.util.test.WatchDog.cancel(): canceling Tue Jul 23 15:16:48 UTC 2019
------------------ testing $PTII/ptolemy/domains/de/test/auto/CausalityAndComposabilityAnalysis.xml
auto.tcl: Setting watchdog for 200 seconds at Tue Jul 23 15:16:48 UTC 2019
14 ms. Memory: 48128K Free: 30494K (63%)
ptolemy.util.test.WatchDog.cancel(): canceling Tue Jul 23 15:16:48 UTC 2019
auto.tcl: Setting watchdog for 200 seconds at Tue Jul 23 15:16:48 UTC 2019
10 ms. Memory: 48128K Free: 30061K (62%)
ptolemy.util.test.WatchDog.cancel(): canceling Tue Jul 23 15:16:48 UTC 2019
------------------ testing $PTII/ptolemy/domains/de/test/auto/CausalityInterface1.xml
auto.tcl: Setting watchdog for 200 seconds at Tue Jul 23 15:16:48 UTC 2019
26 ms. Memory: 48128K Free: 29423K (61%)
ptolemy.util.test.WatchDog.cancel(): canceling Tue Jul 23 15:16:48 UTC 2019
auto.tcl: Setting watchdog for 200 seconds at Tue Jul 23 15:16:48 UTC 2019
10 ms. Memory: 48128K Free: 28444K (59%)
ptolemy.util.test.WatchDog.cancel(): canceling Tue Jul 23 15:16:48 UTC 2019
------------------ testing $PTII/ptolemy/domains/de/test/auto/CausalityInterface15.xml
auto.tcl: Setting watchdog for 200 seconds at Tue Jul 23 15:16:48 UTC 2019
8 ms. Memory: 48128K Free: 29126K (61%)
ptolemy.util.test.WatchDog.cancel(): canceling Tue Jul 23 15:16:48 UTC 2019
auto.tcl: Setting watchdog for 200 seconds at Tue Jul 23 15:16:48 UTC 2019
3 ms. Memory: 48128K Free: 28376K (59%)
ptolemy.util.test.WatchDog.cancel(): canceling Tue Jul 23 15:16:48 UTC 2019
------------------ testing $PTII/ptolemy/domains/de/test/auto/CausalityInterface2.xml
auto.tcl: Setting watchdog for 200 seconds at Tue Jul 23 15:16:48 UTC 2019
14 ms. Memory: 48128K Free: 30118K (63%)
ptolemy.util.test.WatchDog.cancel(): canceling Tue Jul 23 15:16:48 UTC 2019
auto.tcl: Setting watchdog for 200 seconds at Tue Jul 23 15:16:48 UTC 2019
3 ms. Memory: 48128K Free: 28988K (60%)
ptolemy.util.test.WatchDog.cancel(): canceling Tue Jul 23 15:16:48 UTC 2019
------------------ testing $PTII/ptolemy/domains/de/test/auto/CausalityInterface3.xml
auto.tcl: Setting watchdog for 200 seconds at Tue Jul 23 15:16:48 UTC 2019
3 ms. Memory: 48128K Free: 29624K (62%)
ptolemy.util.test.WatchDog.cancel(): canceling Tue Jul 23 15:16:48 UTC 2019
auto.tcl: Setting watchdog for 200 seconds at Tue Jul 23 15:16:48 UTC 2019
3 ms. Memory: 48128K Free: 28838K (60%)
ptolemy.util.test.WatchDog.cancel(): canceling Tue Jul 23 15:16:48 UTC 2019
------------------ testing $PTII/ptolemy/domains/de/test/auto/ClockDrift.xml
auto.tcl: Setting watchdog for 200 seconds at Tue Jul 23 15:16:48 UTC 2019
62 ms. Memory: 48128K Free: 22188K (46%)
ptolemy.util.test.WatchDog.cancel(): canceling Tue Jul 23 15:16:48 UTC 2019
auto.tcl: Setting watchdog for 200 seconds at Tue Jul 23 15:16:48 UTC 2019
59 ms. Memory: 48128K Free: 18741K (39%)
ptolemy.util.test.WatchDog.cancel(): canceling Tue Jul 23 15:16:48 UTC 2019
------------------ testing $PTII/ptolemy/domains/de/test/auto/ClockDriftAndValueChange.xml
auto.tcl: Setting watchdog for 200 seconds at Tue Jul 23 15:16:48 UTC 2019
22 ms. Memory: 48128K Free: 22043K (46%)
ptolemy.util.test.WatchDog.cancel(): canceling Tue Jul 23 15:16:48 UTC 2019
auto.tcl: Setting watchdog for 200 seconds at Tue Jul 23 15:16:48 UTC 2019
18 ms. Memory: 48128K Free: 19046K (40%)
ptolemy.util.test.WatchDog.cancel(): canceling Tue Jul 23 15:16:48 UTC 2019
------------------ testing $PTII/ptolemy/domains/de/test/auto/ClockDriftChange.xml
auto.tcl: Setting watchdog for 200 seconds at Tue Jul 23 15:16:48 UTC 2019
29 ms. Memory: 48128K Free: 24328K (51%)
ptolemy.util.test.WatchDog.cancel(): canceling Tue Jul 23 15:16:49 UTC 2019
auto.tcl: Setting watchdog for 200 seconds at Tue Jul 23 15:16:49 UTC 2019
27 ms. Memory: 48128K Free: 21749K (45%)
ptolemy.util.test.WatchDog.cancel(): canceling Tue Jul 23 15:16:49 UTC 2019
------------------ testing $PTII/ptolemy/domains/de/test/auto/ComposableCausalityAnalysis.xml
auto.tcl: Setting watchdog for 200 seconds at Tue Jul 23 15:16:49 UTC 2019
2 ms. Memory: 48128K Free: 28946K (60%)
ptolemy.util.test.WatchDog.cancel(): canceling Tue Jul 23 15:16:49 UTC 2019
auto.tcl: Setting watchdog for 200 seconds at Tue Jul 23 15:16:49 UTC 2019
5 ms. Memory: 48128K Free: 27922K (58%)
ptolemy.util.test.WatchDog.cancel(): canceling Tue Jul 23 15:16:49 UTC 2019
------------------ testing $PTII/ptolemy/domains/de/test/auto/DEFixedPointLimitation.xml
auto.tcl: Setting watchdog for 200 seconds at Tue Jul 23 15:16:49 UTC 2019
4 ms. Memory: 48128K Free: 30324K (63%)
ptolemy.util.test.WatchDog.cancel(): canceling Tue Jul 23 15:16:49 UTC 2019
auto.tcl: Setting watchdog for 200 seconds at Tue Jul 23 15:16:49 UTC 2019
1 ms. Memory: 48128K Free: 29406K (61%)
ptolemy.util.test.WatchDog.cancel(): canceling Tue Jul 23 15:16:49 UTC 2019
------------------ testing $PTII/ptolemy/domains/de/test/auto/DEScheduleTest.xml
auto.tcl: Setting watchdog for 200 seconds at Tue Jul 23 15:16:49 UTC 2019
4 ms. Memory: 48128K Free: 30615K (64%)
ptolemy.util.test.WatchDog.cancel(): canceling Tue Jul 23 15:16:49 UTC 2019
auto.tcl: Setting watchdog for 200 seconds at Tue Jul 23 15:16:49 UTC 2019
3 ms. Memory: 48128K Free: 29839K (62%)
ptolemy.util.test.WatchDog.cancel(): canceling Tue Jul 23 15:16:49 UTC 2019
------------------ testing $PTII/ptolemy/domains/de/test/auto/DEinDEwithStartTimes.xml
auto.tcl: Setting watchdog for 200 seconds at Tue Jul 23 15:16:49 UTC 2019
7 ms. Memory: 48128K Free: 28766K (60%)
ptolemy.util.test.WatchDog.cancel(): canceling Tue Jul 23 15:16:49 UTC 2019
auto.tcl: Setting watchdog for 200 seconds at Tue Jul 23 15:16:49 UTC 2019
3 ms. Memory: 48128K Free: 27742K (58%)
ptolemy.util.test.WatchDog.cancel(): canceling Tue Jul 23 15:16:49 UTC 2019
------------------ testing $PTII/ptolemy/domains/de/test/auto/DEinDEwithStartTimes2.xml
auto.tcl: Setting watchdog for 200 seconds at Tue Jul 23 15:16:49 UTC 2019
8 ms. Memory: 48128K Free: 27907K (58%)
ptolemy.util.test.WatchDog.cancel(): canceling Tue Jul 23 15:16:49 UTC 2019
auto.tcl: Setting watchdog for 200 seconds at Tue Jul 23 15:16:49 UTC 2019
5 ms. Memory: 48128K Free: 26697K (55%)
ptolemy.util.test.WatchDog.cancel(): canceling Tue Jul 23 15:16:49 UTC 2019
------------------ testing $PTII/ptolemy/domains/de/test/auto/DateDemo.xml
auto.tcl: Setting watchdog for 200 seconds at Tue Jul 23 15:16:49 UTC 2019
14 ms. Memory: 48128K Free: 22328K (46%)
ptolemy.util.test.WatchDog.cancel(): canceling Tue Jul 23 15:16:49 UTC 2019
auto.tcl: Setting watchdog for 200 seconds at Tue Jul 23 15:16:49 UTC 2019
8 ms. Memory: 48128K Free: 20738K (43%)
ptolemy.util.test.WatchDog.cancel(): canceling Tue Jul 23 15:16:49 UTC 2019
------------------ testing $PTII/ptolemy/domains/de/test/auto/DateToEvent.xml
auto.tcl: Setting watchdog for 200 seconds at Tue Jul 23 15:16:49 UTC 2019
2011 ms. Memory: 48128K Free: 17787K (37%)
ptolemy.util.test.WatchDog.cancel(): canceling Tue Jul 23 15:16:51 UTC 2019
auto.tcl: Setting watchdog for 200 seconds at Tue Jul 23 15:16:51 UTC 2019
2004 ms. Memory: 48128K Free: 17237K (36%)
ptolemy.util.test.WatchDog.cancel(): canceling Tue Jul 23 15:16:53 UTC 2019
------------------ testing $PTII/ptolemy/domains/de/test/auto/DepthTest1.xml
auto.tcl: Setting watchdog for 200 seconds at Tue Jul 23 15:16:53 UTC 2019
3 ms. Memory: 48128K Free: 31406K (65%)
ptolemy.util.test.WatchDog.cancel(): canceling Tue Jul 23 15:16:53 UTC 2019
auto.tcl: Setting watchdog for 200 seconds at Tue Jul 23 15:16:53 UTC 2019
1 ms. Memory: 48128K Free: 31001K (64%)
ptolemy.util.test.WatchDog.cancel(): canceling Tue Jul 23 15:16:53 UTC 2019
------------------ testing $PTII/ptolemy/domains/de/test/auto/DepthTest2.xml
auto.tcl: Setting watchdog for 200 seconds at Tue Jul 23 15:16:53 UTC 2019
9 ms. Memory: 48128K Free: 28212K (59%)
ptolemy.util.test.WatchDog.cancel(): canceling Tue Jul 23 15:16:53 UTC 2019
auto.tcl: Setting watchdog for 200 seconds at Tue Jul 23 15:16:53 UTC 2019
2 ms. Memory: 48128K Free: 27800K (58%)
ptolemy.util.test.WatchDog.cancel(): canceling Tue Jul 23 15:16:53 UTC 2019
------------------ testing $PTII/ptolemy/domains/de/test/auto/DepthTest3.xml
auto.tcl: Setting watchdog for 200 seconds at Tue Jul 23 15:16:53 UTC 2019
5 ms. Memory: 48128K Free: 31800K (66%)
ptolemy.util.test.WatchDog.cancel(): canceling Tue Jul 23 15:16:54 UTC 2019
auto.tcl: Setting watchdog for 200 seconds at Tue Jul 23 15:16:54 UTC 2019
2 ms. Memory: 48128K Free: 31308K (65%)
ptolemy.util.test.WatchDog.cancel(): canceling Tue Jul 23 15:16:54 UTC 2019
------------------ testing $PTII/ptolemy/domains/de/test/auto/DepthTest4.xml
auto.tcl: Setting watchdog for 200 seconds at Tue Jul 23 15:16:54 UTC 2019
6 ms. Memory: 48128K Free: 30088K (63%)
ptolemy.util.test.WatchDog.cancel(): canceling Tue Jul 23 15:16:54 UTC 2019
auto.tcl: Setting watchdog for 200 seconds at Tue Jul 23 15:16:54 UTC 2019
2 ms. Memory: 48128K Free: 29344K (61%)
ptolemy.util.test.WatchDog.cancel(): canceling Tue Jul 23 15:16:54 UTC 2019
------------------ testing $PTII/ptolemy/domains/de/test/auto/DepthTest5.xml
auto.tcl: Setting watchdog for 200 seconds at Tue Jul 23 15:16:54 UTC 2019
3 ms. Memory: 48128K Free: 29471K (61%)
ptolemy.util.test.WatchDog.cancel(): canceling Tue Jul 23 15:16:54 UTC 2019
auto.tcl: Setting watchdog for 200 seconds at Tue Jul 23 15:16:54 UTC 2019
3 ms. Memory: 48128K Free: 28699K (60%)
ptolemy.util.test.WatchDog.cancel(): canceling Tue Jul 23 15:16:54 UTC 2019
------------------ testing $PTII/ptolemy/domains/de/test/auto/DepthTest6.xml
auto.tcl: Setting watchdog for 200 seconds at Tue Jul 23 15:16:54 UTC 2019
4 ms. Memory: 48128K Free: 29165K (61%)
ptolemy.util.test.WatchDog.cancel(): canceling Tue Jul 23 15:16:54 UTC 2019
auto.tcl: Setting watchdog for 200 seconds at Tue Jul 23 15:16:54 UTC 2019
2 ms. Memory: 48128K Free: 28761K (60%)
ptolemy.util.test.WatchDog.cancel(): canceling Tue Jul 23 15:16:54 UTC 2019
------------------ testing $PTII/ptolemy/domains/de/test/auto/DepthTest7.xml
auto.tcl: Setting watchdog for 200 seconds at Tue Jul 23 15:16:54 UTC 2019
3 ms. Memory: 48128K Free: 30012K (62%)
ptolemy.util.test.WatchDog.cancel(): canceling Tue Jul 23 15:16:54 UTC 2019
auto.tcl: Setting watchdog for 200 seconds at Tue Jul 23 15:16:54 UTC 2019
2 ms. Memory: 48128K Free: 29277K (61%)
ptolemy.util.test.WatchDog.cancel(): canceling Tue Jul 23 15:16:54 UTC 2019
------------------ testing $PTII/ptolemy/domains/de/test/auto/EventToDate.xml
auto.tcl: Setting watchdog for 200 seconds at Tue Jul 23 15:16:54 UTC 2019
3009 ms. Memory: 48128K Free: 20596K (43%)
ptolemy.util.test.WatchDog.cancel(): canceling Tue Jul 23 15:16:57 UTC 2019
auto.tcl: Setting watchdog for 200 seconds at Tue Jul 23 15:16:57 UTC 2019
3008 ms. Memory: 48128K Free: 20056K (42%)
ptolemy.util.test.WatchDog.cancel(): canceling Tue Jul 23 15:17:00 UTC 2019
------------------ testing $PTII/ptolemy/domains/de/test/auto/FSM1.xml
auto.tcl: Setting watchdog for 200 seconds at Tue Jul 23 15:17:00 UTC 2019
28 ms. Memory: 48128K Free: 22002K (46%)
ptolemy.util.test.WatchDog.cancel(): canceling Tue Jul 23 15:17:00 UTC 2019
auto.tcl: Setting watchdog for 200 seconds at Tue Jul 23 15:17:00 UTC 2019
24 ms. Memory: 48128K Free: 18732K (39%)
ptolemy.util.test.WatchDog.cancel(): canceling Tue Jul 23 15:17:00 UTC 2019
------------------ testing $PTII/ptolemy/domains/de/test/auto/FSM7.xml
auto.tcl: Setting watchdog for 200 seconds at Tue Jul 23 15:17:00 UTC 2019
27 ms. Memory: 48128K Free: 21688K (45%)
ptolemy.util.test.WatchDog.cancel(): canceling Tue Jul 23 15:17:00 UTC 2019
auto.tcl: Setting watchdog for 200 seconds at Tue Jul 23 15:17:00 UTC 2019
16 ms. Memory: 48128K Free: 18558K (39%)
ptolemy.util.test.WatchDog.cancel(): canceling Tue Jul 23 15:17:00 UTC 2019
------------------ testing $PTII/ptolemy/domains/de/test/auto/Inspection.xml
auto.tcl: Setting watchdog for 200 seconds at Tue Jul 23 15:17:00 UTC 2019
33 ms. Memory: 48128K Free: 21721K (45%)
ptolemy.util.test.WatchDog.cancel(): canceling Tue Jul 23 15:17:00 UTC 2019
auto.tcl: Setting watchdog for 200 seconds at Tue Jul 23 15:17:00 UTC 2019
29 ms. Memory: 48128K Free: 19998K (42%)
ptolemy.util.test.WatchDog.cancel(): canceling Tue Jul 23 15:17:00 UTC 2019
------------------ testing $PTII/ptolemy/domains/de/test/auto/Iteration.xml
auto.tcl: Setting watchdog for 200 seconds at Tue Jul 23 15:17:00 UTC 2019
6 ms. Memory: 48128K Free: 27464K (57%)
ptolemy.util.test.WatchDog.cancel(): canceling Tue Jul 23 15:17:00 UTC 2019
auto.tcl: Setting watchdog for 200 seconds at Tue Jul 23 15:17:00 UTC 2019
6 ms. Memory: 48128K Free: 26053K (54%)
ptolemy.util.test.WatchDog.cancel(): canceling Tue Jul 23 15:17:00 UTC 2019
------------------ testing $PTII/ptolemy/domains/de/test/auto/LineFault.xml
auto.tcl: Setting watchdog for 200 seconds at Tue Jul 23 15:17:00 UTC 2019
696 ms. Memory: 48128K Free: 24682K (51%)
ptolemy.util.test.WatchDog.cancel(): canceling Tue Jul 23 15:17:01 UTC 2019
auto.tcl: Setting watchdog for 200 seconds at Tue Jul 23 15:17:01 UTC 2019
594 ms. Memory: 59392K Free: 21761K (37%)
ptolemy.util.test.WatchDog.cancel(): canceling Tue Jul 23 15:17:02 UTC 2019
------------------ testing $PTII/ptolemy/domains/de/test/auto/MergeModel1Add.xml
auto.tcl: Setting watchdog for 200 seconds at Tue Jul 23 15:17:02 UTC 2019
15 ms. Memory: 51200K Free: 16531K (32%)
ptolemy.util.test.WatchDog.cancel(): canceling Tue Jul 23 15:17:02 UTC 2019
auto.tcl: Setting watchdog for 200 seconds at Tue Jul 23 15:17:02 UTC 2019
9 ms. Memory: 51200K Free: 14885K (29%)
ptolemy.util.test.WatchDog.cancel(): canceling Tue Jul 23 15:17:02 UTC 2019
------------------ testing $PTII/ptolemy/domains/de/test/auto/MergeModel2Add.xml
auto.tcl: Setting watchdog for 200 seconds at Tue Jul 23 15:17:02 UTC 2019
12 ms. Memory: 48128K Free: 15285K (32%)
ptolemy.util.test.WatchDog.cancel(): canceling Tue Jul 23 15:17:02 UTC 2019
auto.tcl: Setting watchdog for 200 seconds at Tue Jul 23 15:17:02 UTC 2019
6 ms. Memory: 48128K Free: 13555K (28%)
ptolemy.util.test.WatchDog.cancel(): canceling Tue Jul 23 15:17:02 UTC 2019
------------------ testing $PTII/ptolemy/domains/de/test/auto/MergeModel3Add.xml
auto.tcl: Setting watchdog for 200 seconds at Tue Jul 23 15:17:02 UTC 2019
9 ms. Memory: 48128K Free: 15524K (32%)
ptolemy.util.test.WatchDog.cancel(): canceling Tue Jul 23 15:17:02 UTC 2019
auto.tcl: Setting watchdog for 200 seconds at Tue Jul 23 15:17:02 UTC 2019
12 ms. Memory: 48128K Free: 13987K (29%)
ptolemy.util.test.WatchDog.cancel(): canceling Tue Jul 23 15:17:02 UTC 2019
------------------ testing $PTII/ptolemy/domains/de/test/auto/MergeWithoutDiscard.xml
auto.tcl: Setting watchdog for 200 seconds at Tue Jul 23 15:17:02 UTC 2019
2 ms. Memory: 48128K Free: 30112K (63%)
ptolemy.util.test.WatchDog.cancel(): canceling Tue Jul 23 15:17:02 UTC 2019
auto.tcl: Setting watchdog for 200 seconds at Tue Jul 23 15:17:02 UTC 2019
1 ms. Memory: 48128K Free: 29697K (62%)
ptolemy.util.test.WatchDog.cancel(): canceling Tue Jul 23 15:17:02 UTC 2019
------------------ testing $PTII/ptolemy/domains/de/test/auto/Modal1.xml
auto.tcl: Setting watchdog for 200 seconds at Tue Jul 23 15:17:03 UTC 2019
12 ms. Memory: 48128K Free: 22021K (46%)
ptolemy.util.test.WatchDog.cancel(): canceling Tue Jul 23 15:17:03 UTC 2019
auto.tcl: Setting watchdog for 200 seconds at Tue Jul 23 15:17:03 UTC 2019
12 ms. Memory: 48128K Free: 18602K (39%)
ptolemy.util.test.WatchDog.cancel(): canceling Tue Jul 23 15:17:03 UTC 2019
------------------ testing $PTII/ptolemy/domains/de/test/auto/Modal2.xml
auto.tcl: Setting watchdog for 200 seconds at Tue Jul 23 15:17:03 UTC 2019
10 ms. Memory: 48128K Free: 22123K (46%)
ptolemy.util.test.WatchDog.cancel(): canceling Tue Jul 23 15:17:03 UTC 2019
auto.tcl: Setting watchdog for 200 seconds at Tue Jul 23 15:17:03 UTC 2019
12 ms. Memory: 48128K Free: 18911K (39%)
ptolemy.util.test.WatchDog.cancel(): canceling Tue Jul 23 15:17:03 UTC 2019
------------------ testing $PTII/ptolemy/domains/de/test/auto/Modal3.xml
auto.tcl: Setting watchdog for 200 seconds at Tue Jul 23 15:17:03 UTC 2019
10 ms. Memory: 48128K Free: 21669K (45%)
ptolemy.util.test.WatchDog.cancel(): canceling Tue Jul 23 15:17:03 UTC 2019
auto.tcl: Setting watchdog for 200 seconds at Tue Jul 23 15:17:03 UTC 2019
12 ms. Memory: 48128K Free: 18507K (38%)
ptolemy.util.test.WatchDog.cancel(): canceling Tue Jul 23 15:17:03 UTC 2019
------------------ testing $PTII/ptolemy/domains/de/test/auto/Modal4.xml
auto.tcl: Setting watchdog for 200 seconds at Tue Jul 23 15:17:03 UTC 2019
13 ms. Memory: 48128K Free: 21086K (44%)
ptolemy.util.test.WatchDog.cancel(): canceling Tue Jul 23 15:17:03 UTC 2019
auto.tcl: Setting watchdog for 200 seconds at Tue Jul 23 15:17:03 UTC 2019
23 ms. Memory: 48128K Free: 17240K (36%)
ptolemy.util.test.WatchDog.cancel(): canceling Tue Jul 23 15:17:03 UTC 2019
------------------ testing $PTII/ptolemy/domains/de/test/auto/Modal5.xml
auto.tcl: Setting watchdog for 200 seconds at Tue Jul 23 15:17:03 UTC 2019
16 ms. Memory: 48128K Free: 21058K (44%)
ptolemy.util.test.WatchDog.cancel(): canceling Tue Jul 23 15:17:03 UTC 2019
auto.tcl: Setting watchdog for 200 seconds at Tue Jul 23 15:17:03 UTC 2019
14 ms. Memory: 48128K Free: 17227K (36%)
ptolemy.util.test.WatchDog.cancel(): canceling Tue Jul 23 15:17:03 UTC 2019
------------------ testing $PTII/ptolemy/domains/de/test/auto/Modal6.xml
auto.tcl: Setting watchdog for 200 seconds at Tue Jul 23 15:17:03 UTC 2019
20 ms. Memory: 48128K Free: 21872K (45%)
ptolemy.util.test.WatchDog.cancel(): canceling Tue Jul 23 15:17:03 UTC 2019
auto.tcl: Setting watchdog for 200 seconds at Tue Jul 23 15:17:03 UTC 2019
19 ms. Memory: 48128K Free: 17860K (37%)
ptolemy.util.test.WatchDog.cancel(): canceling Tue Jul 23 15:17:03 UTC 2019
------------------ testing $PTII/ptolemy/domains/de/test/auto/Modal7.xml
auto.tcl: Setting watchdog for 200 seconds at Tue Jul 23 15:17:03 UTC 2019
26 ms. Memory: 48128K Free: 20831K (43%)
ptolemy.util.test.WatchDog.cancel(): canceling Tue Jul 23 15:17:03 UTC 2019
auto.tcl: Setting watchdog for 200 seconds at Tue Jul 23 15:17:03 UTC 2019
11 ms. Memory: 48128K Free: 17225K (36%)
ptolemy.util.test.WatchDog.cancel(): canceling Tue Jul 23 15:17:03 UTC 2019
------------------ testing $PTII/ptolemy/domains/de/test/auto/ModalModel.xml
auto.tcl: Setting watchdog for 200 seconds at Tue Jul 23 15:17:03 UTC 2019
218 ms. Memory: 48128K Free: 32726K (68%)
ptolemy.util.test.WatchDog.cancel(): canceling Tue Jul 23 15:17:04 UTC 2019
auto.tcl: Setting watchdog for 200 seconds at Tue Jul 23 15:17:04 UTC 2019
185 ms. Memory: 58368K Free: 34131K (58%)
ptolemy.util.test.WatchDog.cancel(): canceling Tue Jul 23 15:17:04 UTC 2019
------------------ testing $PTII/ptolemy/domains/de/test/auto/ModalSource.xml
auto.tcl: Setting watchdog for 200 seconds at Tue Jul 23 15:17:04 UTC 2019
6 ms. Memory: 51200K Free: 28980K (57%)
ptolemy.util.test.WatchDog.cancel(): canceling Tue Jul 23 15:17:04 UTC 2019
auto.tcl: Setting watchdog for 200 seconds at Tue Jul 23 15:17:04 UTC 2019
6 ms. Memory: 51200K Free: 27027K (53%)
ptolemy.util.test.WatchDog.cancel(): canceling Tue Jul 23 15:17:04 UTC 2019
------------------ testing $PTII/ptolemy/domains/de/test/auto/NonInterruptibleTimerZeroDelay.xml
auto.tcl: Setting watchdog for 200 seconds at Tue Jul 23 15:17:04 UTC 2019
3 ms. Memory: 51200K Free: 33889K (66%)
ptolemy.util.test.WatchDog.cancel(): canceling Tue Jul 23 15:17:04 UTC 2019
auto.tcl: Setting watchdog for 200 seconds at Tue Jul 23 15:17:04 UTC 2019
2 ms. Memory: 51200K Free: 33249K (65%)
ptolemy.util.test.WatchDog.cancel(): canceling Tue Jul 23 15:17:04 UTC 2019
------------------ testing $PTII/ptolemy/domains/de/test/auto/OpenQueueingNetwork.xml
auto.tcl: Setting watchdog for 200 seconds at Tue Jul 23 15:17:04 UTC 2019
2889 ms. Memory: 91136K Free: 38083K (42%)
ptolemy.util.test.WatchDog.cancel(): canceling Tue Jul 23 15:17:07 UTC 2019
auto.tcl: Setting watchdog for 200 seconds at Tue Jul 23 15:17:07 UTC 2019
2453 ms. Memory: 109568K Free: 79072K (72%)
ptolemy.util.test.WatchDog.cancel(): canceling Tue Jul 23 15:17:10 UTC 2019
------------------ testing $PTII/ptolemy/domains/de/test/auto/OpenQueuingNetwork.xml
auto.tcl: Setting watchdog for 200 seconds at Tue Jul 23 15:17:10 UTC 2019
253 ms. Memory: 55296K Free: 27006K (49%)
ptolemy.util.test.WatchDog.cancel(): canceling Tue Jul 23 15:17:10 UTC 2019
auto.tcl: Setting watchdog for 200 seconds at Tue Jul 23 15:17:10 UTC 2019
243 ms. Memory: 66560K Free: 18631K (28%)
ptolemy.util.test.WatchDog.cancel(): canceling Tue Jul 23 15:17:10 UTC 2019
------------------ testing $PTII/ptolemy/domains/de/test/auto/PeriodicSampler.xml
auto.tcl: Setting watchdog for 200 seconds at Tue Jul 23 15:17:10 UTC 2019
4 ms. Memory: 48128K Free: 30031K (62%)
ptolemy.util.test.WatchDog.cancel(): canceling Tue Jul 23 15:17:10 UTC 2019
auto.tcl: Setting watchdog for 200 seconds at Tue Jul 23 15:17:10 UTC 2019
2 ms. Memory: 48128K Free: 29523K (61%)
ptolemy.util.test.WatchDog.cancel(): canceling Tue Jul 23 15:17:10 UTC 2019
------------------ testing $PTII/ptolemy/domains/de/test/auto/PersistentIO.xml
auto.tcl: Setting watchdog for 200 seconds at Tue Jul 23 15:17:10 UTC 2019
10 ms. Memory: 48128K Free: 24940K (52%)
ptolemy.util.test.WatchDog.cancel(): canceling Tue Jul 23 15:17:10 UTC 2019
auto.tcl: Setting watchdog for 200 seconds at Tue Jul 23 15:17:10 UTC 2019
4 ms. Memory: 48128K Free: 23465K (49%)
ptolemy.util.test.WatchDog.cancel(): canceling Tue Jul 23 15:17:10 UTC 2019
------------------ testing $PTII/ptolemy/domains/de/test/auto/PortParameterResetOnInitialize.xml
auto.tcl: Setting watchdog for 200 seconds at Tue Jul 23 15:17:10 UTC 2019
2 ms. Memory: 48128K Free: 29924K (62%)
ptolemy.util.test.WatchDog.cancel(): canceling Tue Jul 23 15:17:10 UTC 2019
auto.tcl: Setting watchdog for 200 seconds at Tue Jul 23 15:17:10 UTC 2019
1 ms. Memory: 48128K Free: 29447K (61%)
ptolemy.util.test.WatchDog.cancel(): canceling Tue Jul 23 15:17:10 UTC 2019
------------------ testing $PTII/ptolemy/domains/de/test/auto/PortParameterUpdates.xml
auto.tcl: Setting watchdog for 200 seconds at Tue Jul 23 15:17:10 UTC 2019
7 ms. Memory: 48128K Free: 28284K (59%)
ptolemy.util.test.WatchDog.cancel(): canceling Tue Jul 23 15:17:10 UTC 2019
auto.tcl: Setting watchdog for 200 seconds at Tue Jul 23 15:17:10 UTC 2019
5 ms. Memory: 48128K Free: 27067K (56%)
ptolemy.util.test.WatchDog.cancel(): canceling Tue Jul 23 15:17:10 UTC 2019
------------------ testing $PTII/ptolemy/domains/de/test/auto/QueueAndServer.xml
auto.tcl: Setting watchdog for 200 seconds at Tue Jul 23 15:17:10 UTC 2019
7 ms. Memory: 48128K Free: 27221K (57%)
ptolemy.util.test.WatchDog.cancel(): canceling Tue Jul 23 15:17:11 UTC 2019
auto.tcl: Setting watchdog for 200 seconds at Tue Jul 23 15:17:11 UTC 2019
7 ms. Memory: 48128K Free: 25548K (53%)
ptolemy.util.test.WatchDog.cancel(): canceling Tue Jul 23 15:17:11 UTC 2019
------------------ testing $PTII/ptolemy/domains/de/test/auto/Records.xml
auto.tcl: Setting watchdog for 200 seconds at Tue Jul 23 15:17:11 UTC 2019
3 ms. Memory: 48128K Free: 29484K (61%)
ptolemy.util.test.WatchDog.cancel(): canceling Tue Jul 23 15:17:11 UTC 2019
auto.tcl: Setting watchdog for 200 seconds at Tue Jul 23 15:17:11 UTC 2019
2 ms. Memory: 48128K Free: 29023K (60%)
ptolemy.util.test.WatchDog.cancel(): canceling Tue Jul 23 15:17:11 UTC 2019
------------------ testing $PTII/ptolemy/domains/de/test/auto/ResetTransitionWithStartTime1.xml
auto.tcl: Setting watchdog for 200 seconds at Tue Jul 23 15:17:11 UTC 2019
12 ms. Memory: 48128K Free: 26560K (55%)
ptolemy.util.test.WatchDog.cancel(): canceling Tue Jul 23 15:17:11 UTC 2019
auto.tcl: Setting watchdog for 200 seconds at Tue Jul 23 15:17:11 UTC 2019
9 ms. Memory: 48128K Free: 24392K (51%)
ptolemy.util.test.WatchDog.cancel(): canceling Tue Jul 23 15:17:11 UTC 2019
------------------ testing $PTII/ptolemy/domains/de/test/auto/ResetTransitionWithStartTime2.xml
auto.tcl: Setting watchdog for 200 seconds at Tue Jul 23 15:17:11 UTC 2019
5 ms. Memory: 48128K Free: 26395K (55%)
ptolemy.util.test.WatchDog.cancel(): canceling Tue Jul 23 15:17:11 UTC 2019
auto.tcl: Setting watchdog for 200 seconds at Tue Jul 23 15:17:11 UTC 2019
6 ms. Memory: 48128K Free: 23839K (50%)
ptolemy.util.test.WatchDog.cancel(): canceling Tue Jul 23 15:17:11 UTC 2019
------------------ testing $PTII/ptolemy/domains/de/test/auto/ResetTransitionWithStartTime3.xml
auto.tcl: Setting watchdog for 200 seconds at Tue Jul 23 15:17:11 UTC 2019
7 ms. Memory: 48128K Free: 26394K (55%)
ptolemy.util.test.WatchDog.cancel(): canceling Tue Jul 23 15:17:11 UTC 2019
auto.tcl: Setting watchdog for 200 seconds at Tue Jul 23 15:17:11 UTC 2019
6 ms. Memory: 48128K Free: 24346K (51%)
ptolemy.util.test.WatchDog.cancel(): canceling Tue Jul 23 15:17:11 UTC 2019
------------------ testing $PTII/ptolemy/domains/de/test/auto/ResetTransitionWithStartTime4.xml
auto.tcl: Setting watchdog for 200 seconds at Tue Jul 23 15:17:11 UTC 2019
11 ms. Memory: 48128K Free: 26821K (56%)
ptolemy.util.test.WatchDog.cancel(): canceling Tue Jul 23 15:17:11 UTC 2019
auto.tcl: Setting watchdog for 200 seconds at Tue Jul 23 15:17:11 UTC 2019
3 ms. Memory: 48128K Free: 25408K (53%)
ptolemy.util.test.WatchDog.cancel(): canceling Tue Jul 23 15:17:11 UTC 2019
------------------ testing $PTII/ptolemy/domains/de/test/auto/ResettableTimer1.xml
auto.tcl: Setting watchdog for 200 seconds at Tue Jul 23 15:17:11 UTC 2019
3 ms. Memory: 48128K Free: 30608K (64%)
ptolemy.util.test.WatchDog.cancel(): canceling Tue Jul 23 15:17:11 UTC 2019
auto.tcl: Setting watchdog for 200 seconds at Tue Jul 23 15:17:11 UTC 2019
3 ms. Memory: 48128K Free: 29530K (61%)
ptolemy.util.test.WatchDog.cancel(): canceling Tue Jul 23 15:17:11 UTC 2019
------------------ testing $PTII/ptolemy/domains/de/test/auto/ResettableTimer2.xml
auto.tcl: Setting watchdog for 200 seconds at Tue Jul 23 15:17:11 UTC 2019
4 ms. Memory: 48128K Free: 30686K (64%)
ptolemy.util.test.WatchDog.cancel(): canceling Tue Jul 23 15:17:11 UTC 2019
auto.tcl: Setting watchdog for 200 seconds at Tue Jul 23 15:17:11 UTC 2019
2 ms. Memory: 48128K Free: 30037K (62%)
ptolemy.util.test.WatchDog.cancel(): canceling Tue Jul 23 15:17:11 UTC 2019
------------------ testing $PTII/ptolemy/domains/de/test/auto/ResettableTimer3.xml
auto.tcl: Setting watchdog for 200 seconds at Tue Jul 23 15:17:11 UTC 2019
1 ms. Memory: 48128K Free: 31022K (64%)
ptolemy.util.test.WatchDog.cancel(): canceling Tue Jul 23 15:17:11 UTC 2019
auto.tcl: Setting watchdog for 200 seconds at Tue Jul 23 15:17:11 UTC 2019
2 ms. Memory: 48128K Free: 30526K (63%)
ptolemy.util.test.WatchDog.cancel(): canceling Tue Jul 23 15:17:11 UTC 2019
------------------ testing $PTII/ptolemy/domains/de/test/auto/ResettableTimer4.xml
auto.tcl: Setting watchdog for 200 seconds at Tue Jul 23 15:17:11 UTC 2019
1 ms. Memory: 48128K Free: 30561K (63%)
ptolemy.util.test.WatchDog.cancel(): canceling Tue Jul 23 15:17:11 UTC 2019
auto.tcl: Setting watchdog for 200 seconds at Tue Jul 23 15:17:11 UTC 2019
2 ms. Memory: 48128K Free: 30065K (62%)
ptolemy.util.test.WatchDog.cancel(): canceling Tue Jul 23 15:17:11 UTC 2019
------------------ testing $PTII/ptolemy/domains/de/test/auto/ResettableTimer5.xml
auto.tcl: Setting watchdog for 200 seconds at Tue Jul 23 15:17:11 UTC 2019
1 ms. Memory: 48128K Free: 30024K (62%)
ptolemy.util.test.WatchDog.cancel(): canceling Tue Jul 23 15:17:11 UTC 2019
auto.tcl: Setting watchdog for 200 seconds at Tue Jul 23 15:17:11 UTC 2019
1 ms. Memory: 48128K Free: 29549K (61%)
ptolemy.util.test.WatchDog.cancel(): canceling Tue Jul 23 15:17:11 UTC 2019
------------------ testing $PTII/ptolemy/domains/de/test/auto/ResettableTimer6.xml
auto.tcl: Setting watchdog for 200 seconds at Tue Jul 23 15:17:11 UTC 2019
1 ms. Memory: 48128K Free: 30001K (62%)
ptolemy.util.test.WatchDog.cancel(): canceling Tue Jul 23 15:17:11 UTC 2019
auto.tcl: Setting watchdog for 200 seconds at Tue Jul 23 15:17:11 UTC 2019
2 ms. Memory: 48128K Free: 29505K (61%)
ptolemy.util.test.WatchDog.cancel(): canceling Tue Jul 23 15:17:11 UTC 2019
------------------ testing $PTII/ptolemy/domains/de/test/auto/ServerZeroDelay.xml
auto.tcl: Setting watchdog for 200 seconds at Tue Jul 23 15:17:11 UTC 2019
3 ms. Memory: 48128K Free: 30520K (63%)
ptolemy.util.test.WatchDog.cancel(): canceling Tue Jul 23 15:17:11 UTC 2019
auto.tcl: Setting watchdog for 200 seconds at Tue Jul 23 15:17:11 UTC 2019
3 ms. Memory: 48128K Free: 29570K (61%)
ptolemy.util.test.WatchDog.cancel(): canceling Tue Jul 23 15:17:11 UTC 2019
------------------ testing $PTII/ptolemy/domains/de/test/auto/SmartSender.xml
auto.tcl: Setting watchdog for 200 seconds at Tue Jul 23 15:17:11 UTC 2019
3002 ms. Memory: 48128K Free: 30526K (63%)
ptolemy.util.test.WatchDog.cancel(): canceling Tue Jul 23 15:17:14 UTC 2019
auto.tcl: Setting watchdog for 200 seconds at Tue Jul 23 15:17:14 UTC 2019
3001 ms. Memory: 48128K Free: 30018K (62%)
ptolemy.util.test.WatchDog.cancel(): canceling Tue Jul 23 15:17:17 UTC 2019
------------------ testing $PTII/ptolemy/domains/de/test/auto/ThreadedComposite.xml
auto.tcl: Setting watchdog for 200 seconds at Tue Jul 23 15:17:17 UTC 2019
224 ms. Memory: 48128K Free: 11072K (23%)
ptolemy.util.test.WatchDog.cancel(): canceling Tue Jul 23 15:17:18 UTC 2019
auto.tcl: Setting watchdog for 200 seconds at Tue Jul 23 15:17:18 UTC 2019
197 ms. Memory: 48128K Free: 22017K (46%)
ptolemy.util.test.WatchDog.cancel(): canceling Tue Jul 23 15:17:18 UTC 2019
------------------ testing $PTII/ptolemy/domains/de/test/auto/Time.xml
auto.tcl: Setting watchdog for 200 seconds at Tue Jul 23 15:17:18 UTC 2019
552 ms. Memory: 48128K Free: 29676K (62%)
ptolemy.util.test.WatchDog.cancel(): canceling Tue Jul 23 15:17:19 UTC 2019
auto.tcl: Setting watchdog for 200 seconds at Tue Jul 23 15:17:19 UTC 2019
524 ms. Memory: 48128K Free: 29079K (60%)
ptolemy.util.test.WatchDog.cancel(): canceling Tue Jul 23 15:17:19 UTC 2019
------------------ testing $PTII/ptolemy/domains/de/test/auto/TimeDelayZeroDelay.xml
auto.tcl: Setting watchdog for 200 seconds at Tue Jul 23 15:17:19 UTC 2019
2 ms. Memory: 48128K Free: 30941K (64%)
ptolemy.util.test.WatchDog.cancel(): canceling Tue Jul 23 15:17:19 UTC 2019
auto.tcl: Setting watchdog for 200 seconds at Tue Jul 23 15:17:19 UTC 2019
2 ms. Memory: 48128K Free: 30039K (62%)
ptolemy.util.test.WatchDog.cancel(): canceling Tue Jul 23 15:17:19 UTC 2019
------------------ testing $PTII/ptolemy/domains/de/test/auto/TimerZeroDelay.xml
auto.tcl: Setting watchdog for 200 seconds at Tue Jul 23 15:17:19 UTC 2019
2 ms. Memory: 48128K Free: 30967K (64%)
ptolemy.util.test.WatchDog.cancel(): canceling Tue Jul 23 15:17:19 UTC 2019
auto.tcl: Setting watchdog for 200 seconds at Tue Jul 23 15:17:19 UTC 2019
1 ms. Memory: 48128K Free: 30487K (63%)
ptolemy.util.test.WatchDog.cancel(): canceling Tue Jul 23 15:17:19 UTC 2019
------------------ testing $PTII/ptolemy/domains/de/test/auto/TimingParadox.xml
auto.tcl: Setting watchdog for 200 seconds at Tue Jul 23 15:17:19 UTC 2019
378 ms. Memory: 48128K Free: 13952K (29%)
ptolemy.util.test.WatchDog.cancel(): canceling Tue Jul 23 15:17:20 UTC 2019
auto.tcl: Setting watchdog for 200 seconds at Tue Jul 23 15:17:20 UTC 2019
363 ms. Memory: 48128K Free: 25859K (54%)
ptolemy.util.test.WatchDog.cancel(): canceling Tue Jul 23 15:17:20 UTC 2019
------------------ testing $PTII/ptolemy/domains/de/test/auto/TransferInputs.xml
auto.tcl: Setting watchdog for 200 seconds at Tue Jul 23 15:17:20 UTC 2019
2 ms. Memory: 48128K Free: 28970K (60%)
ptolemy.util.test.WatchDog.cancel(): canceling Tue Jul 23 15:17:20 UTC 2019
auto.tcl: Setting watchdog for 200 seconds at Tue Jul 23 15:17:20 UTC 2019
2 ms. Memory: 48128K Free: 28103K (58%)
ptolemy.util.test.WatchDog.cancel(): canceling Tue Jul 23 15:17:20 UTC 2019
------------------ testing $PTII/ptolemy/domains/de/test/auto/TransferOutputs2.xml
auto.tcl: Setting watchdog for 200 seconds at Tue Jul 23 15:17:20 UTC 2019
3 ms. Memory: 48128K Free: 26398K (55%)
ptolemy.util.test.WatchDog.cancel(): canceling Tue Jul 23 15:17:20 UTC 2019
auto.tcl: Setting watchdog for 200 seconds at Tue Jul 23 15:17:20 UTC 2019
3 ms. Memory: 48128K Free: 25001K (52%)
ptolemy.util.test.WatchDog.cancel(): canceling Tue Jul 23 15:17:20 UTC 2019
------------------ testing $PTII/ptolemy/domains/de/test/auto/Trilateration.xml
auto.tcl: Setting watchdog for 200 seconds at Tue Jul 23 15:17:20 UTC 2019
13732 ms. Memory: 536576K Free: 470757K (88%)
ptolemy.util.test.WatchDog.cancel(): canceling Tue Jul 23 15:17:35 UTC 2019
auto.tcl: Setting watchdog for 200 seconds at Tue Jul 23 15:17:35 UTC 2019
10906 ms. Memory: 536576K Free: 391911K (73%)
ptolemy.util.test.WatchDog.cancel(): canceling Tue Jul 23 15:17:46 UTC 2019
------------------ testing $PTII/ptolemy/domains/de/test/auto/TwoSigmaDelta.xml
auto.tcl: Setting watchdog for 200 seconds at Tue Jul 23 15:17:46 UTC 2019
2659 ms. Memory: 89088K Free: 31219K (35%)
ptolemy.util.test.WatchDog.cancel(): canceling Tue Jul 23 15:17:49 UTC 2019
auto.tcl: Setting watchdog for 200 seconds at Tue Jul 23 15:17:49 UTC 2019
1991 ms. Memory: 89088K Free: 29660K (33%)
ptolemy.util.test.WatchDog.cancel(): canceling Tue Jul 23 15:17:51 UTC 2019
------------------ testing $PTII/ptolemy/domains/de/test/auto/VariableDelay.xml
auto.tcl: Setting watchdog for 200 seconds at Tue Jul 23 15:17:51 UTC 2019
7 ms. Memory: 51200K Free: 32501K (63%)
ptolemy.util.test.WatchDog.cancel(): canceling Tue Jul 23 15:17:51 UTC 2019
auto.tcl: Setting watchdog for 200 seconds at Tue Jul 23 15:17:51 UTC 2019
2 ms. Memory: 51200K Free: 31507K (62%)
ptolemy.util.test.WatchDog.cancel(): canceling Tue Jul 23 15:17:51 UTC 2019
------------------ testing $PTII/ptolemy/domains/de/test/auto/VariableDelay2.xml
auto.tcl: Setting watchdog for 200 seconds at Tue Jul 23 15:17:51 UTC 2019
10 ms. Memory: 51200K Free: 33114K (65%)
ptolemy.util.test.WatchDog.cancel(): canceling Tue Jul 23 15:17:51 UTC 2019
auto.tcl: Setting watchdog for 200 seconds at Tue Jul 23 15:17:51 UTC 2019
2 ms. Memory: 51200K Free: 32602K (64%)
ptolemy.util.test.WatchDog.cancel(): canceling Tue Jul 23 15:17:51 UTC 2019
------------------ testing $PTII/ptolemy/domains/de/test/auto/VariableDelayZeroDelay.xml
auto.tcl: Setting watchdog for 200 seconds at Tue Jul 23 15:17:51 UTC 2019
2 ms. Memory: 51200K Free: 33542K (66%)
ptolemy.util.test.WatchDog.cancel(): canceling Tue Jul 23 15:17:51 UTC 2019
auto.tcl: Setting watchdog for 200 seconds at Tue Jul 23 15:17:51 UTC 2019
2 ms. Memory: 51200K Free: 32915K (64%)
ptolemy.util.test.WatchDog.cancel(): canceling Tue Jul 23 15:17:51 UTC 2019
------------------ testing $PTII/ptolemy/domains/de/test/auto/VariableDelayZeroDelay2.xml
auto.tcl: Setting watchdog for 200 seconds at Tue Jul 23 15:17:51 UTC 2019
2 ms. Memory: 51200K Free: 33441K (65%)
ptolemy.util.test.WatchDog.cancel(): canceling Tue Jul 23 15:17:51 UTC 2019
auto.tcl: Setting watchdog for 200 seconds at Tue Jul 23 15:17:51 UTC 2019
2 ms. Memory: 51200K Free: 32417K (63%)
ptolemy.util.test.WatchDog.cancel(): canceling Tue Jul 23 15:17:51 UTC 2019
------------------ testing $PTII/ptolemy/domains/de/test/auto/deInCt.xml
auto.tcl: Setting watchdog for 200 seconds at Tue Jul 23 15:17:51 UTC 2019
0
1
1
1
0
0
0
1
1
1
1
0
0
0
0
0
1
1
1
1
0
0
0
1
1
1
1
1
12 ms. Memory: 51200K Free: 32415K (63%)
ptolemy.util.test.WatchDog.cancel(): canceling Tue Jul 23 15:17:51 UTC 2019
auto.tcl: Setting watchdog for 200 seconds at Tue Jul 23 15:17:51 UTC 2019
0
1
1
1
1
1
0
0
0
0
1
1
1
0
0
0
1
1
1
1
0
0
0
1
1
1
0
0
0
1
1
1
0
0
0
0
1
1
1
0
0
1
1
1
1
7 ms. Memory: 51200K Free: 30877K (60%)
ptolemy.util.test.WatchDog.cancel(): canceling Tue Jul 23 15:17:51 UTC 2019
------------------ testing $PTII/ptolemy/domains/de/test/auto/deInCt2.xml
auto.tcl: Setting watchdog for 200 seconds at Tue Jul 23 15:17:51 UTC 2019
0
1
1
1
0
0
1
1
1
0
0
1
1
1
0
0
1
1
1
0
0
1
1
1
0
0
1
1
1
0
0
1
1
1
0
0
1
1
1
0
0
0
12 ms. Memory: 51200K Free: 32462K (63%)
ptolemy.util.test.WatchDog.cancel(): canceling Tue Jul 23 15:17:51 UTC 2019
auto.tcl: Setting watchdog for 200 seconds at Tue Jul 23 15:17:51 UTC 2019
0
1
1
1
0
0
1
1
1
0
0
1
1
1
0
0
1
1
1
0
0
1
1
1
0
0
1
1
1
0
0
1
1
1
0
0
1
1
1
0
0
0
8 ms. Memory: 51200K Free: 30865K (60%)
ptolemy.util.test.WatchDog.cancel(): canceling Tue Jul 23 15:17:51 UTC 2019
------------------ testing $PTII/ptolemy/domains/de/test/auto/dynamicCausalityInterface1.xml
auto.tcl: Setting watchdog for 200 seconds at Tue Jul 23 15:17:51 UTC 2019
2 ms. Memory: 51200K Free: 28315K (55%)
ptolemy.util.test.WatchDog.cancel(): canceling Tue Jul 23 15:17:51 UTC 2019
auto.tcl: Setting watchdog for 200 seconds at Tue Jul 23 15:17:51 UTC 2019
1 ms. Memory: 51200K Free: 27801K (54%)
ptolemy.util.test.WatchDog.cancel(): canceling Tue Jul 23 15:17:51 UTC 2019
------------------ testing $PTII/ptolemy/domains/de/test/auto/fsm_de_test.xml
auto.tcl: Setting watchdog for 200 seconds at Tue Jul 23 15:17:51 UTC 2019
14 ms. Memory: 51200K Free: 28214K (55%)
ptolemy.util.test.WatchDog.cancel(): canceling Tue Jul 23 15:17:52 UTC 2019
auto.tcl: Setting watchdog for 200 seconds at Tue Jul 23 15:17:52 UTC 2019
7 ms. Memory: 51200K Free: 26166K (51%)
ptolemy.util.test.WatchDog.cancel(): canceling Tue Jul 23 15:17:52 UTC 2019
------------------ testing $PTII/ptolemy/domains/de/test/auto/functionDependencyReconstruction.xml
auto.tcl: Setting watchdog for 200 seconds at Tue Jul 23 15:17:52 UTC 2019
3 ms. Memory: 48128K Free: 19098K (40%)
ptolemy.util.test.WatchDog.cancel(): canceling Tue Jul 23 15:17:52 UTC 2019
auto.tcl: Setting watchdog for 200 seconds at Tue Jul 23 15:17:52 UTC 2019
3 ms. Memory: 48128K Free: 16967K (35%)
ptolemy.util.test.WatchDog.cancel(): canceling Tue Jul 23 15:17:52 UTC 2019
------------------ testing $PTII/ptolemy/domains/de/test/auto/multirate.xml
auto.tcl: Setting watchdog for 200 seconds at Tue Jul 23 15:17:52 UTC 2019
5 ms. Memory: 48128K Free: 27440K (57%)
ptolemy.util.test.WatchDog.cancel(): canceling Tue Jul 23 15:17:52 UTC 2019
auto.tcl: Setting watchdog for 200 seconds at Tue Jul 23 15:17:52 UTC 2019
3 ms. Memory: 48128K Free: 26593K (55%)
ptolemy.util.test.WatchDog.cancel(): canceling Tue Jul 23 15:17:52 UTC 2019
------------------ testing $PTII/ptolemy/domains/de/test/auto/multirate2.xml
auto.tcl: Setting watchdog for 200 seconds at Tue Jul 23 15:17:52 UTC 2019
3 ms. Memory: 48128K Free: 27738K (58%)
ptolemy.util.test.WatchDog.cancel(): canceling Tue Jul 23 15:17:52 UTC 2019
auto.tcl: Setting watchdog for 200 seconds at Tue Jul 23 15:17:52 UTC 2019
3 ms. Memory: 48128K Free: 26278K (55%)
ptolemy.util.test.WatchDog.cancel(): canceling Tue Jul 23 15:17:52 UTC 2019
------------------ testing $PTII/ptolemy/domains/de/test/auto/realtime.xml
auto.tcl: Setting watchdog for 200 seconds at Tue Jul 23 15:17:52 UTC 2019
10001 ms. Memory: 48128K Free: 30034K (62%)
ptolemy.util.test.WatchDog.cancel(): canceling Tue Jul 23 15:18:02 UTC 2019
auto.tcl: Setting watchdog for 200 seconds at Tue Jul 23 15:18:02 UTC 2019
10002 ms. Memory: 48128K Free: 29289K (61%)
ptolemy.util.test.WatchDog.cancel(): canceling Tue Jul 23 15:18:12 UTC 2019
------------------ testing $PTII/ptolemy/domains/de/test/auto/relationGroup.xml
auto.tcl: Setting watchdog for 200 seconds at Tue Jul 23 15:18:12 UTC 2019
1 ms. Memory: 48128K Free: 31094K (65%)
ptolemy.util.test.WatchDog.cancel(): canceling Tue Jul 23 15:18:12 UTC 2019
auto.tcl: Setting watchdog for 200 seconds at Tue Jul 23 15:18:12 UTC 2019
1 ms. Memory: 48128K Free: 30369K (63%)
ptolemy.util.test.WatchDog.cancel(): canceling Tue Jul 23 15:18:12 UTC 2019
------------------ testing $PTII/ptolemy/domains/de/test/auto/relationGroup2.xml
auto.tcl: Setting watchdog for 200 seconds at Tue Jul 23 15:18:12 UTC 2019
1 ms. Memory: 48128K Free: 31112K (65%)
ptolemy.util.test.WatchDog.cancel(): canceling Tue Jul 23 15:18:12 UTC 2019
auto.tcl: Setting watchdog for 200 seconds at Tue Jul 23 15:18:12 UTC 2019
1 ms. Memory: 48128K Free: 30395K (63%)
ptolemy.util.test.WatchDog.cancel(): canceling Tue Jul 23 15:18:12 UTC 2019
------------------ testing $PTII/ptolemy/domains/de/test/auto/sortWithOpaquePorts.xml
auto.tcl: Setting watchdog for 200 seconds at Tue Jul 23 15:18:12 UTC 2019
1 ms. Memory: 48128K Free: 29868K (62%)
ptolemy.util.test.WatchDog.cancel(): canceling Tue Jul 23 15:18:12 UTC 2019
auto.tcl: Setting watchdog for 200 seconds at Tue Jul 23 15:18:12 UTC 2019
1 ms. Memory: 48128K Free: 28874K (60%)
ptolemy.util.test.WatchDog.cancel(): canceling Tue Jul 23 15:18:12 UTC 2019
------------------ testing $PTII/ptolemy/domains/de/test/auto/transferInputsandOutputs.xml
auto.tcl: Setting watchdog for 200 seconds at Tue Jul 23 15:18:12 UTC 2019
1 ms. Memory: 48128K Free: 27312K (57%)
ptolemy.util.test.WatchDog.cancel(): canceling Tue Jul 23 15:18:12 UTC 2019
auto.tcl: Setting watchdog for 200 seconds at Tue Jul 23 15:18:12 UTC 2019
1 ms. Memory: 48128K Free: 26304K (55%)
ptolemy.util.test.WatchDog.cancel(): canceling Tue Jul 23 15:18:12 UTC 2019
------------------ testing $PTII/ptolemy/domains/de/test/auto/triggerType.xml
auto.tcl: Setting watchdog for 200 seconds at Tue Jul 23 15:18:12 UTC 2019
1 ms. Memory: 48128K Free: 30336K (63%)
ptolemy.util.test.WatchDog.cancel(): canceling Tue Jul 23 15:18:12 UTC 2019
auto.tcl: Setting watchdog for 200 seconds at Tue Jul 23 15:18:12 UTC 2019
1 ms. Memory: 48128K Free: 29359K (61%)
ptolemy.util.test.WatchDog.cancel(): canceling Tue Jul 23 15:18:12 UTC 2019
07/23/19 03:18:12
Failed: 0  Total Tests: 192  ((Passed: 187, Newly Passed: 1)  Known Failed: 5) /home/travis/build/icyphy/ptII/ptolemy/domains/de/test
07/23/19 03:18:12
Failed: 0  Total Tests: 192  ((Passed: 187, Newly Passed: 1)  Known Failed: 5) /home/travis/build/icyphy/ptII/ptolemy/domains/de/test
----------------- testing (KnownFailure) /home/travis/build/icyphy/ptII/ptolemy/domains/de/test/auto/knownFailedTests/DESDFClockTest.xml
2008 ms. Memory: 48128K Free: 23221K (48%)
Known Failure: java.lang.reflect.InvocationTargetException
----------------- testing (KnownFailure) /home/travis/build/icyphy/ptII/ptolemy/domains/de/test/auto/knownFailedTests/DirectFeedback.xml
2 ms. Memory: 48128K Free: 19125K (40%)
Known Failure: java.lang.reflect.InvocationTargetException
----------------- testing (KnownFailure) /home/travis/build/icyphy/ptII/ptolemy/domains/de/test/auto/knownFailedTests/FSMSource.xml
11 ms. Memory: 48128K Free: 11957K (25%)
----------------- testing (KnownFailure) /home/travis/build/icyphy/ptII/ptolemy/domains/de/test/auto/knownFailedTests/HierarchicalModel.xml
4 ms. Memory: 48128K Free: 22120K (46%)
Known Failure: java.lang.reflect.InvocationTargetException
----------------- testing (KnownFailure) /home/travis/build/icyphy/ptII/ptolemy/domains/de/test/auto/knownFailedTests/dependencyLoop.xml
8 ms. Memory: 48128K Free: 32335K (67%)
Known Failure: java.lang.reflect.InvocationTargetException
----------------- testing (KnownFailure) /home/travis/build/icyphy/ptII/ptolemy/domains/de/test/auto/knownFailedTests/dependencyLoop2.xml
7 ms. Memory: 48128K Free: 17290K (36%)
Known Failure: java.lang.reflect.InvocationTargetException
No auto/linux-amd64/*.xml tests in /home/travis/build/icyphy/ptII/ptolemy/domains/de/test
AutoTests.java: About to close Vertx.
AutoTests.java: Vertx closed.

===========================================================================================
----------------- testing Tue Jul 23 15:18:14 UTC 2019 /home/travis/build/icyphy/ptII/ptolemy/domains/de/test/auto/ActorDepthCalculation_actorWithoutPorts.xml
----------------- Instantiating /home/travis/build/icyphy/ptII/ptolemy/domains/de/test/auto/ActorDepthCalculation_actorWithoutPorts.xml
2 ms. Memory: 48128K Free: 10919K (23%)
----------------- Invoking toplevel() on ptolemy.moml.MoMLSimpleApplication@8714e15
----------------- Done invoking toplevel() on ptolemy.moml.MoMLSimpleApplication@8714e15
reloadAllAccessors: .ActorDepthCalculation_actorWithoutPorts

===========================================================================================
----------------- testing Tue Jul 23 15:18:15 UTC 2019 /home/travis/build/icyphy/ptII/ptolemy/domains/de/test/auto/AssemblyLine.xml
----------------- Instantiating /home/travis/build/icyphy/ptII/ptolemy/domains/de/test/auto/AssemblyLine.xml
2 ms. Memory: 48128K Free: 29510K (61%)
----------------- Invoking toplevel() on ptolemy.moml.MoMLSimpleApplication@76f82d5
----------------- Done invoking toplevel() on ptolemy.moml.MoMLSimpleApplication@76f82d5
reloadAllAccessors: .AssemblyLine

===========================================================================================
----------------- testing Tue Jul 23 15:18:15 UTC 2019 /home/travis/build/icyphy/ptII/ptolemy/domains/de/test/auto/CQBug1.xml
----------------- Instantiating /home/travis/build/icyphy/ptII/ptolemy/domains/de/test/auto/CQBug1.xml
1 ms. Memory: 48128K Free: 26579K (55%)
----------------- Invoking toplevel() on ptolemy.moml.MoMLSimpleApplication@3186b651
----------------- Done invoking toplevel() on ptolemy.moml.MoMLSimpleApplication@3186b651
reloadAllAccessors: .CQBug1

===========================================================================================
----------------- testing Tue Jul 23 15:18:15 UTC 2019 /home/travis/build/icyphy/ptII/ptolemy/domains/de/test/auto/CancelFireAt.xml
----------------- Instantiating /home/travis/build/icyphy/ptII/ptolemy/domains/de/test/auto/CancelFireAt.xml
2 ms. Memory: 48128K Free: 24188K (50%)
----------------- Invoking toplevel() on ptolemy.moml.MoMLSimpleApplication@5b44378e
----------------- Done invoking toplevel() on ptolemy.moml.MoMLSimpleApplication@5b44378e
reloadAllAccessors: .CancelFireAt

===========================================================================================
----------------- testing Tue Jul 23 15:18:15 UTC 2019 /home/travis/build/icyphy/ptII/ptolemy/domains/de/test/auto/CausalityAndComposabilityAnalysis.xml
----------------- Instantiating /home/travis/build/icyphy/ptII/ptolemy/domains/de/test/auto/CausalityAndComposabilityAnalysis.xml
2 ms. Memory: 48128K Free: 20046K (42%)
----------------- Invoking toplevel() on ptolemy.moml.MoMLSimpleApplication@15193be9
----------------- Done invoking toplevel() on ptolemy.moml.MoMLSimpleApplication@15193be9
reloadAllAccessors: .CausalityAndComposabilityAnalysis

===========================================================================================
----------------- testing Tue Jul 23 15:18:15 UTC 2019 /home/travis/build/icyphy/ptII/ptolemy/domains/de/test/auto/CausalityInterface1.xml
----------------- Instantiating /home/travis/build/icyphy/ptII/ptolemy/domains/de/test/auto/CausalityInterface1.xml
7 ms. Memory: 48128K Free: 15152K (31%)
----------------- Invoking toplevel() on ptolemy.moml.MoMLSimpleApplication@1c8e52b1
----------------- Done invoking toplevel() on ptolemy.moml.MoMLSimpleApplication@1c8e52b1
reloadAllAccessors: .CausalityInterface1

===========================================================================================
----------------- testing Tue Jul 23 15:18:15 UTC 2019 /home/travis/build/icyphy/ptII/ptolemy/domains/de/test/auto/CausalityInterface15.xml
----------------- Instantiating /home/travis/build/icyphy/ptII/ptolemy/domains/de/test/auto/CausalityInterface15.xml
3 ms. Memory: 48128K Free: 9601K (20%)
----------------- Invoking toplevel() on ptolemy.moml.MoMLSimpleApplication@6c9efd32
----------------- Done invoking toplevel() on ptolemy.moml.MoMLSimpleApplication@6c9efd32
reloadAllAccessors: .CausalityInterface15

===========================================================================================
----------------- testing Tue Jul 23 15:18:15 UTC 2019 /home/travis/build/icyphy/ptII/ptolemy/domains/de/test/auto/CausalityInterface2.xml
----------------- Instantiating /home/travis/build/icyphy/ptII/ptolemy/domains/de/test/auto/CausalityInterface2.xml
2 ms. Memory: 48128K Free: 30858K (64%)
[...]
	at ptolemy.actor.Manager.run(Manager.java:1263)
	at ptolemy.actor.Manager$PtolemyRunThread.run(Manager.java:1933)
java.lang.RuntimeException: Execution failed
	at ptolemy.moml.MoMLSimpleApplication$UnloadThread.run(MoMLSimpleApplication.java:402)
Caused by: ptolemy.kernel.util.IllegalActionException: Actor is not ready to fire.  Perhaps UpSample.prefire() returned false? Try debugging the actor by selecting "Listen to Actor".  Also, for SDF check moml for tokenConsumptionRate on input.
  in .DESDFClockTest.Play Bell.Copy1:SDF Director and .DESDFClockTest.Play Bell.UpSample
	at ptolemy.actor.sched.StaticSchedulingDirector.fire(StaticSchedulingDirector.java:227)
	at ptolemy.domains.sdf.kernel.SDFDirector.fire(SDFDirector.java:500)
	at ptolemy.actor.CompositeActor.fire(CompositeActor.java:455)
	at ptolemy.domains.de.kernel.DEDirector._fire(DEDirector.java:1949)
	at ptolemy.domains.de.kernel.DEDirector.fire(DEDirector.java:502)
	at ptolemy.actor.CompositeActor.fire(CompositeActor.java:455)
	at ptolemy.actor.Manager.iterate(Manager.java:851)
	at ptolemy.actor.Manager.execute(Manager.java:369)
	at ptolemy.actor.Manager.run(Manager.java:1263)
	at ptolemy.actor.Manager$PtolemyRunThread.run(Manager.java:1933)
java.lang.reflect.InvocationTargetException
	at java.base/jdk.internal.reflect.NativeConstructorAccessorImpl.newInstance0(Native Method)
	at java.base/jdk.internal.reflect.NativeConstructorAccessorImpl.newInstance(NativeConstructorAccessorImpl.java:62)
	at java.base/jdk.internal.reflect.DelegatingConstructorAccessorImpl.newInstance(DelegatingConstructorAccessorImpl.java:45)
	at java.base/java.lang.reflect.Constructor.newInstance(Constructor.java:490)
	at ptolemy.util.test.junit.AutoKnownFailedTests.RunModel(AutoKnownFailedTests.java:105)
	at java.base/jdk.internal.reflect.NativeMethodAccessorImpl.invoke0(Native Method)
	at java.base/jdk.internal.reflect.NativeMethodAccessorImpl.invoke(NativeMethodAccessorImpl.java:62)
	at java.base/jdk.internal.reflect.DelegatingMethodAccessorImpl.invoke(DelegatingMethodAccessorImpl.java:43)
	at java.base/java.lang.reflect.Method.invoke(Method.java:566)
	at org.junit.runners.model.FrameworkMethod$1.runReflectiveCall(FrameworkMethod.java:44)
	at org.junit.internal.runners.model.ReflectiveCallable.run(ReflectiveCallable.java:15)
	at org.junit.runners.model.FrameworkMethod.invokeExplosively(FrameworkMethod.java:41)
	at junitparams.internal.InvokeParameterisedMethod.evaluate(InvokeParameterisedMethod.java:102)
	at org.junit.internal.runners.statements.FailOnTimeout$1.run(FailOnTimeout.java:28)
Caused by: ptolemy.kernel.util.IllegalActionException: Actor is not ready to fire.  Perhaps UpSample.prefire() returned false? Try debugging the actor by selecting "Listen to Actor".  Also, for SDF check moml for tokenConsumptionRate on input.
  in .DESDFClockTest.Play Bell.Copy1:SDF Director and .DESDFClockTest.Play Bell.UpSample
	at ptolemy.actor.sched.StaticSchedulingDirector.fire(StaticSchedulingDirector.java:227)
	at ptolemy.domains.sdf.kernel.SDFDirector.fire(SDFDirector.java:500)
	at ptolemy.actor.CompositeActor.fire(CompositeActor.java:455)
	at ptolemy.domains.de.kernel.DEDirector._fire(DEDirector.java:1949)
	at ptolemy.domains.de.kernel.DEDirector.fire(DEDirector.java:502)
	at ptolemy.actor.CompositeActor.fire(CompositeActor.java:455)
	at ptolemy.actor.Manager.iterate(Manager.java:851)
	at ptolemy.actor.Manager.execute(Manager.java:369)
	at ptolemy.actor.Manager.run(Manager.java:1263)
	at ptolemy.actor.Manager$PtolemyRunThread.run(Manager.java:1933)
java.lang.RuntimeException: Execution failed
	at ptolemy.moml.MoMLSimpleApplication$UnloadThread.run(MoMLSimpleApplication.java:402)
Caused by: ptolemy.kernel.util.IllegalActionException: Test fails in iteration 1.
Value was: 1.0. Should have been: 2.0
  in .DirectFeedback.Test
	at ptolemy.actor.lib.Test.fire(Test.java:268)
	at ptolemy.domains.de.kernel.DEDirector._fire(DEDirector.java:1949)
	at ptolemy.domains.de.kernel.DEDirector.fire(DEDirector.java:502)
	at ptolemy.actor.CompositeActor.fire(CompositeActor.java:455)
	at ptolemy.actor.Manager.iterate(Manager.java:851)
	at ptolemy.actor.Manager.execute(Manager.java:369)
	at ptolemy.actor.Manager.run(Manager.java:1263)
	at ptolemy.actor.Manager$PtolemyRunThread.run(Manager.java:1933)
java.lang.reflect.InvocationTargetException
	at java.base/jdk.internal.reflect.NativeConstructorAccessorImpl.newInstance0(Native Method)
	at java.base/jdk.internal.reflect.NativeConstructorAccessorImpl.newInstance(NativeConstructorAccessorImpl.java:62)
	at java.base/jdk.internal.reflect.DelegatingConstructorAccessorImpl.newInstance(DelegatingConstructorAccessorImpl.java:45)
	at java.base/java.lang.reflect.Constructor.newInstance(Constructor.java:490)
	at ptolemy.util.test.junit.AutoKnownFailedTests.RunModel(AutoKnownFailedTests.java:105)
	at java.base/jdk.internal.reflect.NativeMethodAccessorImpl.invoke0(Native Method)
	at java.base/jdk.internal.reflect.NativeMethodAccessorImpl.invoke(NativeMethodAccessorImpl.java:62)
	at java.base/jdk.internal.reflect.DelegatingMethodAccessorImpl.invoke(DelegatingMethodAccessorImpl.java:43)
	at java.base/java.lang.reflect.Method.invoke(Method.java:566)
	at org.junit.runners.model.FrameworkMethod$1.runReflectiveCall(FrameworkMethod.java:44)
	at org.junit.internal.runners.model.ReflectiveCallable.run(ReflectiveCallable.java:15)
	at org.junit.runners.model.FrameworkMethod.invokeExplosively(FrameworkMethod.java:41)
	at junitparams.internal.InvokeParameterisedMethod.evaluate(InvokeParameterisedMethod.java:102)
	at org.junit.internal.runners.statements.FailOnTimeout$1.run(FailOnTimeout.java:28)
Caused by: ptolemy.kernel.util.IllegalActionException: Test fails in iteration 1.
Value was: 1.0. Should have been: 2.0
  in .DirectFeedback.Test
	at ptolemy.actor.lib.Test.fire(Test.java:268)
	at ptolemy.domains.de.kernel.DEDirector._fire(DEDirector.java:1949)
	at ptolemy.domains.de.kernel.DEDirector.fire(DEDirector.java:502)
	at ptolemy.actor.CompositeActor.fire(CompositeActor.java:455)
	at ptolemy.actor.Manager.iterate(Manager.java:851)
	at ptolemy.actor.Manager.execute(Manager.java:369)
	at ptolemy.actor.Manager.run(Manager.java:1263)
	at ptolemy.actor.Manager$PtolemyRunThread.run(Manager.java:1933)
java.lang.RuntimeException: Execution failed
	at ptolemy.moml.MoMLSimpleApplication$UnloadThread.run(MoMLSimpleApplication.java:402)
Caused by: ptolemy.kernel.util.IllegalActionException: Found a zero delay loop containing .HierarchicalModel.A
  in .HierarchicalModel and .HierarchicalModel.A
	at ptolemy.actor.util.CausalityInterfaceForComposites._computeOutputPortDepth(CausalityInterfaceForComposites.java:759)
	at ptolemy.actor.util.CausalityInterfaceForComposites._computeInputDepth(CausalityInterfaceForComposites.java:696)
	at ptolemy.actor.util.CausalityInterfaceForComposites._computeOutputPortDepth(CausalityInterfaceForComposites.java:765)
	at ptolemy.actor.util.CausalityInterfaceForComposites._computeInputDepth(CausalityInterfaceForComposites.java:696)
	at ptolemy.actor.util.CausalityInterfaceForComposites._computeOutputPortDepth(CausalityInterfaceForComposites.java:765)
	at ptolemy.actor.util.CausalityInterfaceForComposites._computeInputDepth(CausalityInterfaceForComposites.java:696)
	at ptolemy.actor.util.CausalityInterfaceForComposites._computeActorDepth(CausalityInterfaceForComposites.java:532)
	at ptolemy.actor.util.CausalityInterfaceForComposites.checkForCycles(CausalityInterfaceForComposites.java:96)
	at ptolemy.domains.de.kernel.DEDirector.preinitialize(DEDirector.java:1338)
	at ptolemy.actor.CompositeActor.preinitialize(CompositeActor.java:1828)
	at ptolemy.actor.Manager.preinitializeAndResolveTypes(Manager.java:1040)
	at ptolemy.actor.Manager.initialize(Manager.java:710)
	at ptolemy.actor.Manager.execute(Manager.java:356)
	at ptolemy.actor.Manager.run(Manager.java:1263)
	at ptolemy.actor.Manager$PtolemyRunThread.run(Manager.java:1933)
java.lang.reflect.InvocationTargetException
	at java.base/jdk.internal.reflect.NativeConstructorAccessorImpl.newInstance0(Native Method)
	at java.base/jdk.internal.reflect.NativeConstructorAccessorImpl.newInstance(NativeConstructorAccessorImpl.java:62)
	at java.base/jdk.internal.reflect.DelegatingConstructorAccessorImpl.newInstance(DelegatingConstructorAccessorImpl.java:45)
	at java.base/java.lang.reflect.Constructor.newInstance(Constructor.java:490)
	at ptolemy.util.test.junit.AutoKnownFailedTests.RunModel(AutoKnownFailedTests.java:105)
	at java.base/jdk.internal.reflect.NativeMethodAccessorImpl.invoke0(Native Method)
	at java.base/jdk.internal.reflect.NativeMethodAccessorImpl.invoke(NativeMethodAccessorImpl.java:62)
	at java.base/jdk.internal.reflect.DelegatingMethodAccessorImpl.invoke(DelegatingMethodAccessorImpl.java:43)
	at java.base/java.lang.reflect.Method.invoke(Method.java:566)
	at org.junit.runners.model.FrameworkMethod$1.runReflectiveCall(FrameworkMethod.java:44)
	at org.junit.internal.runners.model.ReflectiveCallable.run(ReflectiveCallable.java:15)
	at org.junit.runners.model.FrameworkMethod.invokeExplosively(FrameworkMethod.java:41)
	at junitparams.internal.InvokeParameterisedMethod.evaluate(InvokeParameterisedMethod.java:102)
	at org.junit.internal.runners.statements.FailOnTimeout$1.run(FailOnTimeout.java:28)
Caused by: ptolemy.kernel.util.IllegalActionException: Found a zero delay loop containing .HierarchicalModel.A
  in .HierarchicalModel and .HierarchicalModel.A
	at ptolemy.actor.util.CausalityInterfaceForComposites._computeOutputPortDepth(CausalityInterfaceForComposites.java:759)
	at ptolemy.actor.util.CausalityInterfaceForComposites._computeInputDepth(CausalityInterfaceForComposites.java:696)
	at ptolemy.actor.util.CausalityInterfaceForComposites._computeOutputPortDepth(CausalityInterfaceForComposites.java:765)
	at ptolemy.actor.util.CausalityInterfaceForComposites._computeInputDepth(CausalityInterfaceForComposites.java:696)
	at ptolemy.actor.util.CausalityInterfaceForComposites._computeOutputPortDepth(CausalityInterfaceForComposites.java:765)
	at ptolemy.actor.util.CausalityInterfaceForComposites._computeInputDepth(CausalityInterfaceForComposites.java:696)
	at ptolemy.actor.util.CausalityInterfaceForComposites._computeActorDepth(CausalityInterfaceForComposites.java:532)
	at ptolemy.actor.util.CausalityInterfaceForComposites.checkForCycles(CausalityInterfaceForComposites.java:96)
	at ptolemy.domains.de.kernel.DEDirector.preinitialize(DEDirector.java:1338)
	at ptolemy.actor.CompositeActor.preinitialize(CompositeActor.java:1828)
	at ptolemy.actor.Manager.preinitializeAndResolveTypes(Manager.java:1040)
	at ptolemy.actor.Manager.initialize(Manager.java:710)
	at ptolemy.actor.Manager.execute(Manager.java:356)
	at ptolemy.actor.Manager.run(Manager.java:1263)
	at ptolemy.actor.Manager$PtolemyRunThread.run(Manager.java:1933)
java.lang.RuntimeException: Execution failed
	at ptolemy.moml.MoMLSimpleApplication$UnloadThread.run(MoMLSimpleApplication.java:402)
Caused by: ptolemy.kernel.util.IllegalActionException: Found a zero delay loop containing .dependencyLoop.original
  in .dependencyLoop and .dependencyLoop.original
	at ptolemy.actor.util.CausalityInterfaceForComposites._computeOutputPortDepth(CausalityInterfaceForComposites.java:759)
	at ptolemy.actor.util.CausalityInterfaceForComposites._computeInputDepth(CausalityInterfaceForComposites.java:696)
	at ptolemy.actor.util.CausalityInterfaceForComposites._computeOutputPortDepth(CausalityInterfaceForComposites.java:765)
	at ptolemy.actor.util.CausalityInterfaceForComposites._computeInputDepth(CausalityInterfaceForComposites.java:696)
	at ptolemy.actor.util.CausalityInterfaceForComposites._computeOutputPortDepth(CausalityInterfaceForComposites.java:765)
	at ptolemy.actor.util.CausalityInterfaceForComposites._computeInputDepth(CausalityInterfaceForComposites.java:696)
	at ptolemy.actor.util.CausalityInterfaceForComposites._computeActorDepth(CausalityInterfaceForComposites.java:532)
	at ptolemy.actor.util.CausalityInterfaceForComposites.checkForCycles(CausalityInterfaceForComposites.java:96)
	at ptolemy.domains.de.kernel.DEDirector.preinitialize(DEDirector.java:1338)
	at ptolemy.actor.CompositeActor.preinitialize(CompositeActor.java:1828)
	at ptolemy.actor.Manager.preinitializeAndResolveTypes(Manager.java:1040)
	at ptolemy.actor.Manager.initialize(Manager.java:710)
	at ptolemy.actor.Manager.execute(Manager.java:356)
	at ptolemy.actor.Manager.run(Manager.java:1263)
	at ptolemy.actor.Manager$PtolemyRunThread.run(Manager.java:1933)
java.lang.reflect.InvocationTargetException
	at java.base/jdk.internal.reflect.NativeConstructorAccessorImpl.newInstance0(Native Method)
	at java.base/jdk.internal.reflect.NativeConstructorAccessorImpl.newInstance(NativeConstructorAccessorImpl.java:62)
	at java.base/jdk.internal.reflect.DelegatingConstructorAccessorImpl.newInstance(DelegatingConstructorAccessorImpl.java:45)
	at java.base/java.lang.reflect.Constructor.newInstance(Constructor.java:490)
	at ptolemy.util.test.junit.AutoKnownFailedTests.RunModel(AutoKnownFailedTests.java:105)
	at java.base/jdk.internal.reflect.NativeMethodAccessorImpl.invoke0(Native Method)
	at java.base/jdk.internal.reflect.NativeMethodAccessorImpl.invoke(NativeMethodAccessorImpl.java:62)
	at java.base/jdk.internal.reflect.DelegatingMethodAccessorImpl.invoke(DelegatingMethodAccessorImpl.java:43)
	at java.base/java.lang.reflect.Method.invoke(Method.java:566)
	at org.junit.runners.model.FrameworkMethod$1.runReflectiveCall(FrameworkMethod.java:44)
	at org.junit.internal.runners.model.ReflectiveCallable.run(ReflectiveCallable.java:15)
	at org.junit.runners.model.FrameworkMethod.invokeExplosively(FrameworkMethod.java:41)
	at junitparams.internal.InvokeParameterisedMethod.evaluate(InvokeParameterisedMethod.java:102)
	at org.junit.internal.runners.statements.FailOnTimeout$1.run(FailOnTimeout.java:28)
Caused by: ptolemy.kernel.util.IllegalActionException: Found a zero delay loop containing .dependencyLoop.original
  in .dependencyLoop and .dependencyLoop.original
	at ptolemy.actor.util.CausalityInterfaceForComposites._computeOutputPortDepth(CausalityInterfaceForComposites.java:759)
	at ptolemy.actor.util.CausalityInterfaceForComposites._computeInputDepth(CausalityInterfaceForComposites.java:696)
	at ptolemy.actor.util.CausalityInterfaceForComposites._computeOutputPortDepth(CausalityInterfaceForComposites.java:765)
	at ptolemy.actor.util.CausalityInterfaceForComposites._computeInputDepth(CausalityInterfaceForComposites.java:696)
	at ptolemy.actor.util.CausalityInterfaceForComposites._computeOutputPortDepth(CausalityInterfaceForComposites.java:765)
	at ptolemy.actor.util.CausalityInterfaceForComposites._computeInputDepth(CausalityInterfaceForComposites.java:696)
	at ptolemy.actor.util.CausalityInterfaceForComposites._computeActorDepth(CausalityInterfaceForComposites.java:532)
	at ptolemy.actor.util.CausalityInterfaceForComposites.checkForCycles(CausalityInterfaceForComposites.java:96)
	at ptolemy.domains.de.kernel.DEDirector.preinitialize(DEDirector.java:1338)
	at ptolemy.actor.CompositeActor.preinitialize(CompositeActor.java:1828)
	at ptolemy.actor.Manager.preinitializeAndResolveTypes(Manager.java:1040)
	at ptolemy.actor.Manager.initialize(Manager.java:710)
	at ptolemy.actor.Manager.execute(Manager.java:356)
	at ptolemy.actor.Manager.run(Manager.java:1263)
	at ptolemy.actor.Manager$PtolemyRunThread.run(Manager.java:1933)
java.lang.RuntimeException: Execution failed
	at ptolemy.moml.MoMLSimpleApplication$UnloadThread.run(MoMLSimpleApplication.java:402)
Caused by: ptolemy.kernel.util.IllegalActionException: Found a zero delay loop containing .dependencyLoop2.original
  in .dependencyLoop2 and .dependencyLoop2.original
	at ptolemy.actor.util.CausalityInterfaceForComposites._computeOutputPortDepth(CausalityInterfaceForComposites.java:759)
	at ptolemy.actor.util.CausalityInterfaceForComposites._computeInputDepth(CausalityInterfaceForComposites.java:696)
	at ptolemy.actor.util.CausalityInterfaceForComposites._computeOutputPortDepth(CausalityInterfaceForComposites.java:765)
	at ptolemy.actor.util.CausalityInterfaceForComposites._computeInputDepth(CausalityInterfaceForComposites.java:696)
	at ptolemy.actor.util.CausalityInterfaceForComposites._computeOutputPortDepth(CausalityInterfaceForComposites.java:765)
	at ptolemy.actor.util.CausalityInterfaceForComposites._computeInputDepth(CausalityInterfaceForComposites.java:696)
	at ptolemy.actor.util.CausalityInterfaceForComposites._computeActorDepth(CausalityInterfaceForComposites.java:532)
	at ptolemy.actor.util.CausalityInterfaceForComposites.checkForCycles(CausalityInterfaceForComposites.java:96)
	at ptolemy.domains.de.kernel.DEDirector.preinitialize(DEDirector.java:1338)
	at ptolemy.actor.CompositeActor.preinitialize(CompositeActor.java:1828)
	at ptolemy.actor.Manager.preinitializeAndResolveTypes(Manager.java:1040)
	at ptolemy.actor.Manager.initialize(Manager.java:710)
	at ptolemy.actor.Manager.execute(Manager.java:356)
	at ptolemy.actor.Manager.run(Manager.java:1263)
	at ptolemy.actor.Manager$PtolemyRunThread.run(Manager.java:1933)
java.lang.reflect.InvocationTargetException
	at java.base/jdk.internal.reflect.NativeConstructorAccessorImpl.newInstance0(Native Method)
	at java.base/jdk.internal.reflect.NativeConstructorAccessorImpl.newInstance(NativeConstructorAccessorImpl.java:62)
	at java.base/jdk.internal.reflect.DelegatingConstructorAccessorImpl.newInstance(DelegatingConstructorAccessorImpl.java:45)
	at java.base/java.lang.reflect.Constructor.newInstance(Constructor.java:490)
	at ptolemy.util.test.junit.AutoKnownFailedTests.RunModel(AutoKnownFailedTests.java:105)
	at java.base/jdk.internal.reflect.NativeMethodAccessorImpl.invoke0(Native Method)
	at java.base/jdk.internal.reflect.NativeMethodAccessorImpl.invoke(NativeMethodAccessorImpl.java:62)
	at java.base/jdk.internal.reflect.DelegatingMethodAccessorImpl.invoke(DelegatingMethodAccessorImpl.java:43)
	at java.base/java.lang.reflect.Method.invoke(Method.java:566)
	at org.junit.runners.model.FrameworkMethod$1.runReflectiveCall(FrameworkMethod.java:44)
	at org.junit.internal.runners.model.ReflectiveCallable.run(ReflectiveCallable.java:15)
	at org.junit.runners.model.FrameworkMethod.invokeExplosively(FrameworkMethod.java:41)
	at junitparams.internal.InvokeParameterisedMethod.evaluate(InvokeParameterisedMethod.java:102)
	at org.junit.internal.runners.statements.FailOnTimeout$1.run(FailOnTimeout.java:28)
Caused by: ptolemy.kernel.util.IllegalActionException: Found a zero delay loop containing .dependencyLoop2.original
  in .dependencyLoop2 and .dependencyLoop2.original
	at ptolemy.actor.util.CausalityInterfaceForComposites._computeOutputPortDepth(CausalityInterfaceForComposites.java:759)
	at ptolemy.actor.util.CausalityInterfaceForComposites._computeInputDepth(CausalityInterfaceForComposites.java:696)
	at ptolemy.actor.util.CausalityInterfaceForComposites._computeOutputPortDepth(CausalityInterfaceForComposites.java:765)
	at ptolemy.actor.util.CausalityInterfaceForComposites._computeInputDepth(CausalityInterfaceForComposites.java:696)
	at ptolemy.actor.util.CausalityInterfaceForComposites._computeOutputPortDepth(CausalityInterfaceForComposites.java:765)
	at ptolemy.actor.util.CausalityInterfaceForComposites._computeInputDepth(CausalityInterfaceForComposites.java:696)
	at ptolemy.actor.util.CausalityInterfaceForComposites._computeActorDepth(CausalityInterfaceForComposites.java:532)
	at ptolemy.actor.util.CausalityInterfaceForComposites.checkForCycles(CausalityInterfaceForComposites.java:96)
	at ptolemy.domains.de.kernel.DEDirector.preinitialize(DEDirector.java:1338)
	at ptolemy.actor.CompositeActor.preinitialize(CompositeActor.java:1828)
	at ptolemy.actor.Manager.preinitializeAndResolveTypes(Manager.java:1040)
	at ptolemy.actor.Manager.initialize(Manager.java:710)
	at ptolemy.actor.Manager.execute(Manager.java:356)
	at ptolemy.actor.Manager.run(Manager.java:1263)
	at ptolemy.actor.Manager$PtolemyRunThread.run(Manager.java:1933)
]]></system-err>
</testsuite>
