<?xml version="1.0" encoding="UTF-8" ?>
<testsuite errors="0" failures="0" hostname="travis-job-89d59828-e4f8-4dde-a92d-2e7ca7802931" name="ptolemy.domains.de.test.junit.JUnitTclTest" skipped="0" tests="101" time="132.685" timestamp="2018-10-04T02:51:51">
  <properties>
[...]
</properties>
  <testcase classname="ptolemy.util.test.junit.TclTests" name="[0] /home/travis/build/icyphy/ptII/ptolemy/domains/de/test/DependencyLoop.tcl (RunTclFile)" time="0.707" />
  <testcase classname="ptolemy.util.test.junit.TclTests" name="[1] /home/travis/build/icyphy/ptII/ptolemy/domains/de/test/RunDETestsAsQSS.tcl (RunTclFile)" time="91.84" />
  <testcase classname="ptolemy.util.test.junit.AutoKnownFailedTests" name="[0] /home/travis/build/icyphy/ptII/ptolemy/domains/de/test/auto/knownFailedTests/DESDFClockTest.xml (RunModel)" time="2.033" />
  <testcase classname="ptolemy.util.test.junit.AutoKnownFailedTests" name="[1] /home/travis/build/icyphy/ptII/ptolemy/domains/de/test/auto/knownFailedTests/DirectFeedback.xml (RunModel)" time="0.009" />
  <testcase classname="ptolemy.util.test.junit.AutoKnownFailedTests" name="[2] /home/travis/build/icyphy/ptII/ptolemy/domains/de/test/auto/knownFailedTests/FSMSource.xml (RunModel)" time="0.032" />
  <testcase classname="ptolemy.util.test.junit.AutoKnownFailedTests" name="[3] /home/travis/build/icyphy/ptII/ptolemy/domains/de/test/auto/knownFailedTests/HierarchicalModel.xml (RunModel)" time="0.041" />
  <testcase classname="ptolemy.util.test.junit.AutoKnownFailedTests" name="[4] /home/travis/build/icyphy/ptII/ptolemy/domains/de/test/auto/knownFailedTests/dependencyLoop.xml (RunModel)" time="0.043" />
  <testcase classname="ptolemy.util.test.junit.AutoKnownFailedTests" name="[5] /home/travis/build/icyphy/ptII/ptolemy/domains/de/test/auto/knownFailedTests/dependencyLoop2.xml (RunModel)" time="0.037" />
  <testcase classname="ptolemy.util.test.junit.AutoNameArchTests" name="[0] ThereAreNoAutoArchTests (RunModel)" time="0.0" />
  <testcase classname="ptolemy.util.test.junit.AutoTests" name="[0] /home/travis/build/icyphy/ptII/ptolemy/domains/de/test/auto/ActorDepthCalculation_actorWithoutPorts.xml (RunModel)" time="0.017" />
  <testcase classname="ptolemy.util.test.junit.AutoTests" name="[1] /home/travis/build/icyphy/ptII/ptolemy/domains/de/test/auto/AssemblyLine.xml (RunModel)" time="0.02" />
  <testcase classname="ptolemy.util.test.junit.AutoTests" name="[2] /home/travis/build/icyphy/ptII/ptolemy/domains/de/test/auto/CQBug1.xml (RunModel)" time="0.015" />
  <testcase classname="ptolemy.util.test.junit.AutoTests" name="[3] /home/travis/build/icyphy/ptII/ptolemy/domains/de/test/auto/CancelFireAt.xml (RunModel)" time="0.007" />
  <testcase classname="ptolemy.util.test.junit.AutoTests" name="[4] /home/travis/build/icyphy/ptII/ptolemy/domains/de/test/auto/CausalityAndComposabilityAnalysis.xml (RunModel)" time="0.012" />
  <testcase classname="ptolemy.util.test.junit.AutoTests" name="[5] /home/travis/build/icyphy/ptII/ptolemy/domains/de/test/auto/CausalityInterface1.xml (RunModel)" time="0.013" />
  <testcase classname="ptolemy.util.test.junit.AutoTests" name="[6] /home/travis/build/icyphy/ptII/ptolemy/domains/de/test/auto/CausalityInterface15.xml (RunModel)" time="0.021" />
  <testcase classname="ptolemy.util.test.junit.AutoTests" name="[7] /home/travis/build/icyphy/ptII/ptolemy/domains/de/test/auto/CausalityInterface2.xml (RunModel)" time="0.014" />
  <testcase classname="ptolemy.util.test.junit.AutoTests" name="[8] /home/travis/build/icyphy/ptII/ptolemy/domains/de/test/auto/CausalityInterface3.xml (RunModel)" time="0.011" />
  <testcase classname="ptolemy.util.test.junit.AutoTests" name="[9] /home/travis/build/icyphy/ptII/ptolemy/domains/de/test/auto/ClockDrift.xml (RunModel)" time="0.033" />
  <testcase classname="ptolemy.util.test.junit.AutoTests" name="[10] /home/travis/build/icyphy/ptII/ptolemy/domains/de/test/auto/ClockDriftAndValueChange.xml (RunModel)" time="0.03" />
  <testcase classname="ptolemy.util.test.junit.AutoTests" name="[11] /home/travis/build/icyphy/ptII/ptolemy/domains/de/test/auto/ClockDriftChange.xml (RunModel)" time="0.026" />
  <testcase classname="ptolemy.util.test.junit.AutoTests" name="[12] /home/travis/build/icyphy/ptII/ptolemy/domains/de/test/auto/ComposableCausalityAnalysis.xml (RunModel)" time="0.014" />
  <testcase classname="ptolemy.util.test.junit.AutoTests" name="[13] /home/travis/build/icyphy/ptII/ptolemy/domains/de/test/auto/DEFixedPointLimitation.xml (RunModel)" time="0.009" />
  <testcase classname="ptolemy.util.test.junit.AutoTests" name="[14] /home/travis/build/icyphy/ptII/ptolemy/domains/de/test/auto/DEScheduleTest.xml (RunModel)" time="0.011" />
  <testcase classname="ptolemy.util.test.junit.AutoTests" name="[15] /home/travis/build/icyphy/ptII/ptolemy/domains/de/test/auto/DEinDEwithStartTimes.xml (RunModel)" time="0.012" />
  <testcase classname="ptolemy.util.test.junit.AutoTests" name="[16] /home/travis/build/icyphy/ptII/ptolemy/domains/de/test/auto/DEinDEwithStartTimes2.xml (RunModel)" time="0.013" />
  <testcase classname="ptolemy.util.test.junit.AutoTests" name="[17] /home/travis/build/icyphy/ptII/ptolemy/domains/de/test/auto/DateDemo.xml (RunModel)" time="0.028" />
  <testcase classname="ptolemy.util.test.junit.AutoTests" name="[18] /home/travis/build/icyphy/ptII/ptolemy/domains/de/test/auto/DateToEvent.xml (RunModel)" time="2.038" />
  <testcase classname="ptolemy.util.test.junit.AutoTests" name="[19] /home/travis/build/icyphy/ptII/ptolemy/domains/de/test/auto/DepthTest1.xml (RunModel)" time="0.008" />
  <testcase classname="ptolemy.util.test.junit.AutoTests" name="[20] /home/travis/build/icyphy/ptII/ptolemy/domains/de/test/auto/DepthTest2.xml (RunModel)" time="0.018" />
  <testcase classname="ptolemy.util.test.junit.AutoTests" name="[21] /home/travis/build/icyphy/ptII/ptolemy/domains/de/test/auto/DepthTest3.xml (RunModel)" time="0.007" />
  <testcase classname="ptolemy.util.test.junit.AutoTests" name="[22] /home/travis/build/icyphy/ptII/ptolemy/domains/de/test/auto/DepthTest4.xml (RunModel)" time="0.015" />
  <testcase classname="ptolemy.util.test.junit.AutoTests" name="[23] /home/travis/build/icyphy/ptII/ptolemy/domains/de/test/auto/DepthTest5.xml (RunModel)" time="0.014" />
  <testcase classname="ptolemy.util.test.junit.AutoTests" name="[24] /home/travis/build/icyphy/ptII/ptolemy/domains/de/test/auto/DepthTest6.xml (RunModel)" time="0.014" />
  <testcase classname="ptolemy.util.test.junit.AutoTests" name="[25] /home/travis/build/icyphy/ptII/ptolemy/domains/de/test/auto/DepthTest7.xml (RunModel)" time="0.012" />
  <testcase classname="ptolemy.util.test.junit.AutoTests" name="[26] /home/travis/build/icyphy/ptII/ptolemy/domains/de/test/auto/EventToDate.xml (RunModel)" time="3.046" />
  <testcase classname="ptolemy.util.test.junit.AutoTests" name="[27] /home/travis/build/icyphy/ptII/ptolemy/domains/de/test/auto/FSM1.xml (RunModel)" time="0.03" />
  <testcase classname="ptolemy.util.test.junit.AutoTests" name="[28] /home/travis/build/icyphy/ptII/ptolemy/domains/de/test/auto/FSM7.xml (RunModel)" time="0.029" />
  <testcase classname="ptolemy.util.test.junit.AutoTests" name="[29] /home/travis/build/icyphy/ptII/ptolemy/domains/de/test/auto/Inspection.xml (RunModel)" time="0.038" />
  <testcase classname="ptolemy.util.test.junit.AutoTests" name="[30] /home/travis/build/icyphy/ptII/ptolemy/domains/de/test/auto/Iteration.xml (RunModel)" time="0.018" />
  <testcase classname="ptolemy.util.test.junit.AutoTests" name="[31] /home/travis/build/icyphy/ptII/ptolemy/domains/de/test/auto/LineFault.xml (RunModel)" time="0.512" />
  <testcase classname="ptolemy.util.test.junit.AutoTests" name="[32] /home/travis/build/icyphy/ptII/ptolemy/domains/de/test/auto/MergeModel1Add.xml (RunModel)" time="0.042" />
  <testcase classname="ptolemy.util.test.junit.AutoTests" name="[33] /home/travis/build/icyphy/ptII/ptolemy/domains/de/test/auto/MergeModel2Add.xml (RunModel)" time="0.039" />
  <testcase classname="ptolemy.util.test.junit.AutoTests" name="[34] /home/travis/build/icyphy/ptII/ptolemy/domains/de/test/auto/MergeModel3Add.xml (RunModel)" time="0.035" />
  <testcase classname="ptolemy.util.test.junit.AutoTests" name="[35] /home/travis/build/icyphy/ptII/ptolemy/domains/de/test/auto/MergeWithoutDiscard.xml (RunModel)" time="0.009" />
  <testcase classname="ptolemy.util.test.junit.AutoTests" name="[36] /home/travis/build/icyphy/ptII/ptolemy/domains/de/test/auto/Modal1.xml (RunModel)" time="0.026" />
  <testcase classname="ptolemy.util.test.junit.AutoTests" name="[37] /home/travis/build/icyphy/ptII/ptolemy/domains/de/test/auto/Modal2.xml (RunModel)" time="0.028" />
  <testcase classname="ptolemy.util.test.junit.AutoTests" name="[38] /home/travis/build/icyphy/ptII/ptolemy/domains/de/test/auto/Modal3.xml (RunModel)" time="0.027" />
  <testcase classname="ptolemy.util.test.junit.AutoTests" name="[39] /home/travis/build/icyphy/ptII/ptolemy/domains/de/test/auto/Modal4.xml (RunModel)" time="0.028" />
  <testcase classname="ptolemy.util.test.junit.AutoTests" name="[40] /home/travis/build/icyphy/ptII/ptolemy/domains/de/test/auto/Modal5.xml (RunModel)" time="0.028" />
  <testcase classname="ptolemy.util.test.junit.AutoTests" name="[41] /home/travis/build/icyphy/ptII/ptolemy/domains/de/test/auto/Modal6.xml (RunModel)" time="0.026" />
  <testcase classname="ptolemy.util.test.junit.AutoTests" name="[42] /home/travis/build/icyphy/ptII/ptolemy/domains/de/test/auto/Modal7.xml (RunModel)" time="0.027" />
  <testcase classname="ptolemy.util.test.junit.AutoTests" name="[43] /home/travis/build/icyphy/ptII/ptolemy/domains/de/test/auto/ModalModel.xml (RunModel)" time="0.153" />
  <testcase classname="ptolemy.util.test.junit.AutoTests" name="[44] /home/travis/build/icyphy/ptII/ptolemy/domains/de/test/auto/ModalSource.xml (RunModel)" time="0.017" />
  <testcase classname="ptolemy.util.test.junit.AutoTests" name="[45] /home/travis/build/icyphy/ptII/ptolemy/domains/de/test/auto/NonInterruptibleTimerZeroDelay.xml (RunModel)" time="0.01" />
  <testcase classname="ptolemy.util.test.junit.AutoTests" name="[46] /home/travis/build/icyphy/ptII/ptolemy/domains/de/test/auto/OpenQueueingNetwork.xml (RunModel)" time="2.105" />
  <testcase classname="ptolemy.util.test.junit.AutoTests" name="[47] /home/travis/build/icyphy/ptII/ptolemy/domains/de/test/auto/OpenQueuingNetwork.xml (RunModel)" time="0.257" />
  <testcase classname="ptolemy.util.test.junit.AutoTests" name="[48] /home/travis/build/icyphy/ptII/ptolemy/domains/de/test/auto/PeriodicSampler.xml (RunModel)" time="0.008" />
  <testcase classname="ptolemy.util.test.junit.AutoTests" name="[49] /home/travis/build/icyphy/ptII/ptolemy/domains/de/test/auto/PersistentIO.xml (RunModel)" time="0.019" />
  <testcase classname="ptolemy.util.test.junit.AutoTests" name="[50] /home/travis/build/icyphy/ptII/ptolemy/domains/de/test/auto/PortParameterResetOnInitialize.xml (RunModel)" time="0.009" />
  <testcase classname="ptolemy.util.test.junit.AutoTests" name="[51] /home/travis/build/icyphy/ptII/ptolemy/domains/de/test/auto/PortParameterUpdates.xml (RunModel)" time="0.014" />
  <testcase classname="ptolemy.util.test.junit.AutoTests" name="[52] /home/travis/build/icyphy/ptII/ptolemy/domains/de/test/auto/QueueAndServer.xml (RunModel)" time="0.018" />
  <testcase classname="ptolemy.util.test.junit.AutoTests" name="[53] /home/travis/build/icyphy/ptII/ptolemy/domains/de/test/auto/Records.xml (RunModel)" time="0.018" />
  <testcase classname="ptolemy.util.test.junit.AutoTests" name="[54] /home/travis/build/icyphy/ptII/ptolemy/domains/de/test/auto/ResetTransitionWithStartTime1.xml (RunModel)" time="0.02" />
  <testcase classname="ptolemy.util.test.junit.AutoTests" name="[55] /home/travis/build/icyphy/ptII/ptolemy/domains/de/test/auto/ResetTransitionWithStartTime2.xml (RunModel)" time="0.016" />
  <testcase classname="ptolemy.util.test.junit.AutoTests" name="[56] /home/travis/build/icyphy/ptII/ptolemy/domains/de/test/auto/ResetTransitionWithStartTime3.xml (RunModel)" time="0.019" />
  <testcase classname="ptolemy.util.test.junit.AutoTests" name="[57] /home/travis/build/icyphy/ptII/ptolemy/domains/de/test/auto/ResetTransitionWithStartTime4.xml (RunModel)" time="0.018" />
  <testcase classname="ptolemy.util.test.junit.AutoTests" name="[58] /home/travis/build/icyphy/ptII/ptolemy/domains/de/test/auto/ResettableTimer1.xml (RunModel)" time="0.01" />
  <testcase classname="ptolemy.util.test.junit.AutoTests" name="[59] /home/travis/build/icyphy/ptII/ptolemy/domains/de/test/auto/ResettableTimer2.xml (RunModel)" time="0.009" />
  <testcase classname="ptolemy.util.test.junit.AutoTests" name="[60] /home/travis/build/icyphy/ptII/ptolemy/domains/de/test/auto/ResettableTimer3.xml (RunModel)" time="0.009" />
  <testcase classname="ptolemy.util.test.junit.AutoTests" name="[61] /home/travis/build/icyphy/ptII/ptolemy/domains/de/test/auto/ResettableTimer4.xml (RunModel)" time="0.009" />
  <testcase classname="ptolemy.util.test.junit.AutoTests" name="[62] /home/travis/build/icyphy/ptII/ptolemy/domains/de/test/auto/ResettableTimer5.xml (RunModel)" time="0.009" />
  <testcase classname="ptolemy.util.test.junit.AutoTests" name="[63] /home/travis/build/icyphy/ptII/ptolemy/domains/de/test/auto/ResettableTimer6.xml (RunModel)" time="0.02" />
  <testcase classname="ptolemy.util.test.junit.AutoTests" name="[64] /home/travis/build/icyphy/ptII/ptolemy/domains/de/test/auto/ServerZeroDelay.xml (RunModel)" time="0.01" />
  <testcase classname="ptolemy.util.test.junit.AutoTests" name="[65] /home/travis/build/icyphy/ptII/ptolemy/domains/de/test/auto/SmartSender.xml (RunModel)" time="3.008" />
  <testcase classname="ptolemy.util.test.junit.AutoTests" name="[66] /home/travis/build/icyphy/ptII/ptolemy/domains/de/test/auto/ThreadedComposite.xml (RunModel)" time="0.788" />
  <testcase classname="ptolemy.util.test.junit.AutoTests" name="[67] /home/travis/build/icyphy/ptII/ptolemy/domains/de/test/auto/Time.xml (RunModel)" time="0.441" />
  <testcase classname="ptolemy.util.test.junit.AutoTests" name="[68] /home/travis/build/icyphy/ptII/ptolemy/domains/de/test/auto/TimeDelayZeroDelay.xml (RunModel)" time="0.013" />
  <testcase classname="ptolemy.util.test.junit.AutoTests" name="[69] /home/travis/build/icyphy/ptII/ptolemy/domains/de/test/auto/TimerZeroDelay.xml (RunModel)" time="0.01" />
  <testcase classname="ptolemy.util.test.junit.AutoTests" name="[70] /home/travis/build/icyphy/ptII/ptolemy/domains/de/test/auto/TimingParadox.xml (RunModel)" time="0.345" />
  <testcase classname="ptolemy.util.test.junit.AutoTests" name="[71] /home/travis/build/icyphy/ptII/ptolemy/domains/de/test/auto/TransferInputs.xml (RunModel)" time="0.013" />
  <testcase classname="ptolemy.util.test.junit.AutoTests" name="[72] /home/travis/build/icyphy/ptII/ptolemy/domains/de/test/auto/TransferOutputs2.xml (RunModel)" time="0.015" />
  <testcase classname="ptolemy.util.test.junit.AutoTests" name="[73] /home/travis/build/icyphy/ptII/ptolemy/domains/de/test/auto/Trilateration.xml (RunModel)" time="11.712" />
  <testcase classname="ptolemy.util.test.junit.AutoTests" name="[74] /home/travis/build/icyphy/ptII/ptolemy/domains/de/test/auto/TwoSigmaDelta.xml (RunModel)" time="1.833" />
  <testcase classname="ptolemy.util.test.junit.AutoTests" name="[75] /home/travis/build/icyphy/ptII/ptolemy/domains/de/test/auto/VariableDelay.xml (RunModel)" time="0.01" />
  <testcase classname="ptolemy.util.test.junit.AutoTests" name="[76] /home/travis/build/icyphy/ptII/ptolemy/domains/de/test/auto/VariableDelay2.xml (RunModel)" time="0.01" />
  <testcase classname="ptolemy.util.test.junit.AutoTests" name="[77] /home/travis/build/icyphy/ptII/ptolemy/domains/de/test/auto/VariableDelayZeroDelay.xml (RunModel)" time="0.022" />
  <testcase classname="ptolemy.util.test.junit.AutoTests" name="[78] /home/travis/build/icyphy/ptII/ptolemy/domains/de/test/auto/VariableDelayZeroDelay2.xml (RunModel)" time="0.018" />
  <testcase classname="ptolemy.util.test.junit.AutoTests" name="[79] /home/travis/build/icyphy/ptII/ptolemy/domains/de/test/auto/deInCt.xml (RunModel)" time="0.022" />
  <testcase classname="ptolemy.util.test.junit.AutoTests" name="[80] /home/travis/build/icyphy/ptII/ptolemy/domains/de/test/auto/deInCt2.xml (RunModel)" time="0.018" />
  <testcase classname="ptolemy.util.test.junit.AutoTests" name="[81] /home/travis/build/icyphy/ptII/ptolemy/domains/de/test/auto/dynamicCausalityInterface1.xml (RunModel)" time="0.021" />
  <testcase classname="ptolemy.util.test.junit.AutoTests" name="[82] /home/travis/build/icyphy/ptII/ptolemy/domains/de/test/auto/fsm_de_test.xml (RunModel)" time="0.026" />
  <testcase classname="ptolemy.util.test.junit.AutoTests" name="[83] /home/travis/build/icyphy/ptII/ptolemy/domains/de/test/auto/functionDependencyReconstruction.xml (RunModel)" time="0.031" />
  <testcase classname="ptolemy.util.test.junit.AutoTests" name="[84] /home/travis/build/icyphy/ptII/ptolemy/domains/de/test/auto/multirate.xml (RunModel)" time="0.017" />
  <testcase classname="ptolemy.util.test.junit.AutoTests" name="[85] /home/travis/build/icyphy/ptII/ptolemy/domains/de/test/auto/multirate2.xml (RunModel)" time="0.015" />
  <testcase classname="ptolemy.util.test.junit.AutoTests" name="[86] /home/travis/build/icyphy/ptII/ptolemy/domains/de/test/auto/realtime.xml (RunModel)" time="10.011" />
  <testcase classname="ptolemy.util.test.junit.AutoTests" name="[87] /home/travis/build/icyphy/ptII/ptolemy/domains/de/test/auto/relationGroup.xml (RunModel)" time="0.012" />
  <testcase classname="ptolemy.util.test.junit.AutoTests" name="[88] /home/travis/build/icyphy/ptII/ptolemy/domains/de/test/auto/relationGroup2.xml (RunModel)" time="0.01" />
  <testcase classname="ptolemy.util.test.junit.AutoTests" name="[89] /home/travis/build/icyphy/ptII/ptolemy/domains/de/test/auto/sortWithOpaquePorts.xml (RunModel)" time="0.011" />
  <testcase classname="ptolemy.util.test.junit.AutoTests" name="[90] /home/travis/build/icyphy/ptII/ptolemy/domains/de/test/auto/transferInputsandOutputs.xml (RunModel)" time="0.014" />
  <testcase classname="ptolemy.util.test.junit.AutoTests" name="[91] /home/travis/build/icyphy/ptII/ptolemy/domains/de/test/auto/triggerType.xml (RunModel)" time="0.009" />
  <system-out><![CDATA[/home/travis/build/icyphy/ptII/ptolemy/domains/de/test/DependencyLoop.tcl
testDefs.tcl: setting time out to 9000 seconds at Thu Oct 04 02:51:51 UTC 2018
13 ms. Memory: 116224K Free: 93955K (81%)
13 ms. Memory: 146944K Free: 135077K (92%)
/home/travis/build/icyphy/ptII/ptolemy/domains/de/test/RunDETestsAsQSS.tcl
Run the DE tests using ptolemy.domains.qss.test.QSSDirectorTest, which extends QSSDirector and prints a message in the constructors.
------------------ testing $PTII/ptolemy/domains/de/test/auto/knownFailedTests/dependencyLoop.xml (Known Failure) 
12 ms. Memory: 146944K Free: 131965K (90%)


==== $PTIIhome/travis/build/icyphy/ptII/ptolemy/domains/de/test/../../../../: Auto Automatic test in file $PTII/ptolemy/domains/de/test/auto/knownFailedTests/dependencyLoop.xml
==== Contents of test case:

	    # FIXME: we should use $relativeFilename here, but it
	    # might have backslashes under Windows, which causes no end
	    # of trouble.
	    createAndExecute $file
	    list {}
	
.... Test generated KNOWN error:
    while executing
ptolemy.kernel.util.IllegalActionException: Found a zero delay loop containing .dependencyLoop.original
  in .dependencyLoop and .dependencyLoop.original
	at ptolemy.actor.util.CausalityInterfaceForComposites._computeOutputPortDepth(CausalityInterfaceForComposites.java:759)
	at ptolemy.actor.util.CausalityInterfaceForComposites._computeInputDepth(CausalityInterfaceForComposites.java:696)
	at ptolemy.actor.util.CausalityInterfaceForComposites._computeOutputPortDepth(CausalityInterfaceForComposites.java:765)
	at ptolemy.actor.util.CausalityInterfaceForComposites._computeInputDepth(CausalityInterfaceForComposites.java:696)
	at ptolemy.actor.util.CausalityInterfaceForComposites._computeOutputPortDepth(CausalityInterfaceForComposites.java:765)
	at ptolemy.actor.util.CausalityInterfaceForComposites._computeInputDepth(CausalityInterfaceForComposites.java:696)
	at ptolemy.actor.util.CausalityInterfaceForComposites._computeActorDepth(CausalityInterfaceForComposites.java:532)
	at ptolemy.actor.util.CausalityInterfaceForComposites.checkForCycles(CausalityInterfaceForComposites.java:96)
	at ptolemy.domains.de.kernel.DEDirector.preinitialize(DEDirector.java:1338)
	at ptolemy.actor.CompositeActor.preinitialize(CompositeActor.java:1828)
	at ptolemy.actor.Manager.preinitializeAndResolveTypes(Manager.java:1040)
	at ptolemy.actor.Manager.initialize(Manager.java:710)
	at ptolemy.actor.Manager.execute(Manager.java:356)
	at ptolemy.actor.Manager.run(Manager.java:1263)
	at ptolemy.actor.Manager$PtolemyRunThread.run(Manager.java:1915)

    while executing
ptolemy.kernel.util.IllegalActionException: Found a zero delay loop containing .dependencyLoop.original
  in .dependencyLoop and .dependencyLoop.original
    while executing
"java::new ptolemy.moml.MoMLSimpleApplication $file
"
    (procedure "createAndExecute" line 2)
    invoked from within
"createAndExecute $file"
    ("uplevel" body line 5)
    invoked from within
"uplevel $contents_of_test"
------------------ testing $PTII/ptolemy/domains/de/test/auto/knownFailedTests/DESDFClockTest.xml (Known Failure) 
2072 ms. Memory: 146944K Free: 116527K (79%)


==== $PTIIhome/travis/build/icyphy/ptII/ptolemy/domains/de/test/../../../../: Auto Automatic test in file $PTII/ptolemy/domains/de/test/auto/knownFailedTests/DESDFClockTest.xml
==== Contents of test case:

	    # FIXME: we should use $relativeFilename here, but it
	    # might have backslashes under Windows, which causes no end
	    # of trouble.
	    createAndExecute $file
	    list {}
	
.... Test generated KNOWN error:
    while executing
ptolemy.kernel.util.IllegalActionException: Actor is not ready to fire.  Perhaps UpSample.prefire() returned false? Try debugging the actor by selecting "Listen to Actor".  Also, for SDF check moml for tokenConsumptionRate on input.
  in .DESDFClockTest.Play Bell.Copy1:SDF Director and .DESDFClockTest.Play Bell.UpSample
	at ptolemy.actor.sched.StaticSchedulingDirector.fire(StaticSchedulingDirector.java:227)
	at ptolemy.domains.sdf.kernel.SDFDirector.fire(SDFDirector.java:500)
	at ptolemy.actor.CompositeActor.fire(CompositeActor.java:455)
	at ptolemy.domains.de.kernel.DEDirector._fire(DEDirector.java:1949)
	at ptolemy.domains.de.kernel.DEDirector.fire(DEDirector.java:502)
	at ptolemy.actor.CompositeActor.fire(CompositeActor.java:455)
	at ptolemy.actor.Manager.iterate(Manager.java:851)
	at ptolemy.actor.Manager.execute(Manager.java:369)
	at ptolemy.actor.Manager.run(Manager.java:1263)
	at ptolemy.actor.Manager$PtolemyRunThread.run(Manager.java:1915)

    while executing
ptolemy.kernel.util.IllegalActionException: Actor is not ready to fire.  Perhaps UpSample.prefire() returned false? Try debugging the actor by selecting "Listen to Actor".  Also, for SDF check moml for tokenConsumptionRate on input.
  in .DESDFClockTest.Play Bell.Copy1:SDF Director and .DESDFClockTest.Play Bell.UpSample
    while executing
"java::new ptolemy.moml.MoMLSimpleApplication $file
"
    (procedure "createAndExecute" line 2)
    invoked from within
"createAndExecute $file"
    ("uplevel" body line 5)
    invoked from within
"uplevel $contents_of_test"
------------------ testing $PTII/ptolemy/domains/de/test/auto/knownFailedTests/FSMSource.xml (Known Failure) 
49 ms. Memory: 146944K Free: 107532K (73%)
!!!! Auto was marked as failing, but now passes
------------------ testing $PTII/ptolemy/domains/de/test/auto/knownFailedTests/dependencyLoop2.xml (Known Failure) 
6 ms. Memory: 146944K Free: 105649K (72%)


==== $PTIIhome/travis/build/icyphy/ptII/ptolemy/domains/de/test/../../../../: Auto Automatic test in file $PTII/ptolemy/domains/de/test/auto/knownFailedTests/dependencyLoop2.xml
==== Contents of test case:

	    # FIXME: we should use $relativeFilename here, but it
	    # might have backslashes under Windows, which causes no end
	    # of trouble.
	    createAndExecute $file
	    list {}
	
.... Test generated KNOWN error:
    while executing
ptolemy.kernel.util.IllegalActionException: Found a zero delay loop containing .dependencyLoop2.original
  in .dependencyLoop2 and .dependencyLoop2.original
	at ptolemy.actor.util.CausalityInterfaceForComposites._computeOutputPortDepth(CausalityInterfaceForComposites.java:759)
	at ptolemy.actor.util.CausalityInterfaceForComposites._computeInputDepth(CausalityInterfaceForComposites.java:696)
	at ptolemy.actor.util.CausalityInterfaceForComposites._computeOutputPortDepth(CausalityInterfaceForComposites.java:765)
	at ptolemy.actor.util.CausalityInterfaceForComposites._computeInputDepth(CausalityInterfaceForComposites.java:696)
	at ptolemy.actor.util.CausalityInterfaceForComposites._computeOutputPortDepth(CausalityInterfaceForComposites.java:765)
	at ptolemy.actor.util.CausalityInterfaceForComposites._computeInputDepth(CausalityInterfaceForComposites.java:696)
	at ptolemy.actor.util.CausalityInterfaceForComposites._computeActorDepth(CausalityInterfaceForComposites.java:532)
	at ptolemy.actor.util.CausalityInterfaceForComposites.checkForCycles(CausalityInterfaceForComposites.java:96)
	at ptolemy.domains.de.kernel.DEDirector.preinitialize(DEDirector.java:1338)
	at ptolemy.actor.CompositeActor.preinitialize(CompositeActor.java:1828)
	at ptolemy.actor.Manager.preinitializeAndResolveTypes(Manager.java:1040)
	at ptolemy.actor.Manager.initialize(Manager.java:710)
	at ptolemy.actor.Manager.execute(Manager.java:356)
	at ptolemy.actor.Manager.run(Manager.java:1263)
	at ptolemy.actor.Manager$PtolemyRunThread.run(Manager.java:1915)

    while executing
ptolemy.kernel.util.IllegalActionException: Found a zero delay loop containing .dependencyLoop2.original
  in .dependencyLoop2 and .dependencyLoop2.original
    while executing
"java::new ptolemy.moml.MoMLSimpleApplication $file
"
    (procedure "createAndExecute" line 2)
    invoked from within
"createAndExecute $file"
    ("uplevel" body line 5)
    invoked from within
"uplevel $contents_of_test"
------------------ testing $PTII/ptolemy/domains/de/test/auto/knownFailedTests/HierarchicalModel.xml (Known Failure) 
5 ms. Memory: 146944K Free: 83968K (57%)


==== $PTIIhome/travis/build/icyphy/ptII/ptolemy/domains/de/test/../../../../: Auto Automatic test in file $PTII/ptolemy/domains/de/test/auto/knownFailedTests/HierarchicalModel.xml
==== Contents of test case:

	    # FIXME: we should use $relativeFilename here, but it
	    # might have backslashes under Windows, which causes no end
	    # of trouble.
	    createAndExecute $file
	    list {}
	
.... Test generated KNOWN error:
    while executing
ptolemy.kernel.util.IllegalActionException: Found a zero delay loop containing .HierarchicalModel.A
  in .HierarchicalModel and .HierarchicalModel.A
	at ptolemy.actor.util.CausalityInterfaceForComposites._computeOutputPortDepth(CausalityInterfaceForComposites.java:759)
	at ptolemy.actor.util.CausalityInterfaceForComposites._computeInputDepth(CausalityInterfaceForComposites.java:696)
	at ptolemy.actor.util.CausalityInterfaceForComposites._computeOutputPortDepth(CausalityInterfaceForComposites.java:765)
	at ptolemy.actor.util.CausalityInterfaceForComposites._computeInputDepth(CausalityInterfaceForComposites.java:696)
	at ptolemy.actor.util.CausalityInterfaceForComposites._computeOutputPortDepth(CausalityInterfaceForComposites.java:765)
	at ptolemy.actor.util.CausalityInterfaceForComposites._computeInputDepth(CausalityInterfaceForComposites.java:696)
	at ptolemy.actor.util.CausalityInterfaceForComposites._computeActorDepth(CausalityInterfaceForComposites.java:532)
	at ptolemy.actor.util.CausalityInterfaceForComposites.checkForCycles(CausalityInterfaceForComposites.java:96)
	at ptolemy.domains.de.kernel.DEDirector.preinitialize(DEDirector.java:1338)
	at ptolemy.actor.CompositeActor.preinitialize(CompositeActor.java:1828)
	at ptolemy.actor.Manager.preinitializeAndResolveTypes(Manager.java:1040)
	at ptolemy.actor.Manager.initialize(Manager.java:710)
	at ptolemy.actor.Manager.execute(Manager.java:356)
	at ptolemy.actor.Manager.run(Manager.java:1263)
	at ptolemy.actor.Manager$PtolemyRunThread.run(Manager.java:1915)

    while executing
ptolemy.kernel.util.IllegalActionException: Found a zero delay loop containing .HierarchicalModel.A
  in .HierarchicalModel and .HierarchicalModel.A
    while executing
"java::new ptolemy.moml.MoMLSimpleApplication $file
"
    (procedure "createAndExecute" line 2)
    invoked from within
"createAndExecute $file"
    ("uplevel" body line 5)
    invoked from within
"uplevel $contents_of_test"
------------------ testing $PTII/ptolemy/domains/de/test/auto/knownFailedTests/DirectFeedback.xml (Known Failure) 
7 ms. Memory: 146944K Free: 141138K (96%)


==== $PTIIhome/travis/build/icyphy/ptII/ptolemy/domains/de/test/../../../../: Auto Automatic test in file $PTII/ptolemy/domains/de/test/auto/knownFailedTests/DirectFeedback.xml
==== Contents of test case:

	    # FIXME: we should use $relativeFilename here, but it
	    # might have backslashes under Windows, which causes no end
	    # of trouble.
	    createAndExecute $file
	    list {}
	
.... Test generated KNOWN error:
    while executing
ptolemy.kernel.util.IllegalActionException: Test fails in iteration 1.
Value was: 1.0. Should have been: 2.0
  in .DirectFeedback.Test
	at ptolemy.actor.lib.Test.fire(Test.java:268)
	at ptolemy.domains.de.kernel.DEDirector._fire(DEDirector.java:1949)
	at ptolemy.domains.de.kernel.DEDirector.fire(DEDirector.java:502)
	at ptolemy.actor.CompositeActor.fire(CompositeActor.java:455)
	at ptolemy.actor.Manager.iterate(Manager.java:851)
	at ptolemy.actor.Manager.execute(Manager.java:369)
	at ptolemy.actor.Manager.run(Manager.java:1263)
	at ptolemy.actor.Manager$PtolemyRunThread.run(Manager.java:1915)

    while executing
ptolemy.kernel.util.IllegalActionException: Test fails in iteration 1.
Value was: 1.0. Should have been: 2.0
  in .DirectFeedback.Test
    while executing
"java::new ptolemy.moml.MoMLSimpleApplication $file
"
    (procedure "createAndExecute" line 2)
    invoked from within
"createAndExecute $file"
    ("uplevel" body line 5)
    invoked from within
"uplevel $contents_of_test"
------------------ testing $PTII/ptolemy/domains/de/test/auto/ActorDepthCalculation_actorWithoutPorts.xml
auto.tcl: Setting watchdog for 200 seconds at Thu Oct 04 02:51:54 UTC 2018
7 ms. Memory: 146944K Free: 132403K (90%)
ptolemy.util.test.WatchDog.cancel(): canceling Thu Oct 04 02:51:54 UTC 2018
auto.tcl: Setting watchdog for 200 seconds at Thu Oct 04 02:51:54 UTC 2018
4 ms. Memory: 146944K Free: 131359K (89%)
ptolemy.util.test.WatchDog.cancel(): canceling Thu Oct 04 02:51:54 UTC 2018
------------------ testing $PTII/ptolemy/domains/de/test/auto/AssemblyLine.xml
auto.tcl: Setting watchdog for 200 seconds at Thu Oct 04 02:51:55 UTC 2018
15 ms. Memory: 208384K Free: 183141K (88%)
ptolemy.util.test.WatchDog.cancel(): canceling Thu Oct 04 02:51:55 UTC 2018
auto.tcl: Setting watchdog for 200 seconds at Thu Oct 04 02:51:55 UTC 2018
6 ms. Memory: 208384K Free: 183141K (88%)
ptolemy.util.test.WatchDog.cancel(): canceling Thu Oct 04 02:51:55 UTC 2018
------------------ testing $PTII/ptolemy/domains/de/test/auto/CQBug1.xml
auto.tcl: Setting watchdog for 200 seconds at Thu Oct 04 02:51:55 UTC 2018
12 ms. Memory: 208384K Free: 197280K (95%)
ptolemy.util.test.WatchDog.cancel(): canceling Thu Oct 04 02:51:55 UTC 2018
auto.tcl: Setting watchdog for 200 seconds at Thu Oct 04 02:51:55 UTC 2018
2 ms. Memory: 208384K Free: 197280K (95%)
ptolemy.util.test.WatchDog.cancel(): canceling Thu Oct 04 02:51:55 UTC 2018
------------------ testing $PTII/ptolemy/domains/de/test/auto/CancelFireAt.xml
auto.tcl: Setting watchdog for 200 seconds at Thu Oct 04 02:51:55 UTC 2018
7 ms. Memory: 208384K Free: 201007K (96%)
ptolemy.util.test.WatchDog.cancel(): canceling Thu Oct 04 02:51:55 UTC 2018
auto.tcl: Setting watchdog for 200 seconds at Thu Oct 04 02:51:55 UTC 2018
2 ms. Memory: 208384K Free: 198562K (95%)
ptolemy.util.test.WatchDog.cancel(): canceling Thu Oct 04 02:51:55 UTC 2018
------------------ testing $PTII/ptolemy/domains/de/test/auto/CausalityAndComposabilityAnalysis.xml
auto.tcl: Setting watchdog for 200 seconds at Thu Oct 04 02:51:55 UTC 2018
16 ms. Memory: 208384K Free: 196463K (94%)
ptolemy.util.test.WatchDog.cancel(): canceling Thu Oct 04 02:51:55 UTC 2018
auto.tcl: Setting watchdog for 200 seconds at Thu Oct 04 02:51:55 UTC 2018
5 ms. Memory: 208384K Free: 196463K (94%)
ptolemy.util.test.WatchDog.cancel(): canceling Thu Oct 04 02:51:55 UTC 2018
------------------ testing $PTII/ptolemy/domains/de/test/auto/CausalityInterface1.xml
auto.tcl: Setting watchdog for 200 seconds at Thu Oct 04 02:51:55 UTC 2018
15 ms. Memory: 208384K Free: 196401K (94%)
ptolemy.util.test.WatchDog.cancel(): canceling Thu Oct 04 02:51:55 UTC 2018
auto.tcl: Setting watchdog for 200 seconds at Thu Oct 04 02:51:55 UTC 2018
4 ms. Memory: 208384K Free: 196401K (94%)
ptolemy.util.test.WatchDog.cancel(): canceling Thu Oct 04 02:51:55 UTC 2018
------------------ testing $PTII/ptolemy/domains/de/test/auto/CausalityInterface15.xml
auto.tcl: Setting watchdog for 200 seconds at Thu Oct 04 02:51:55 UTC 2018
7 ms. Memory: 208384K Free: 196391K (94%)
ptolemy.util.test.WatchDog.cancel(): canceling Thu Oct 04 02:51:55 UTC 2018
auto.tcl: Setting watchdog for 200 seconds at Thu Oct 04 02:51:55 UTC 2018
3 ms. Memory: 208384K Free: 196391K (94%)
ptolemy.util.test.WatchDog.cancel(): canceling Thu Oct 04 02:51:55 UTC 2018
------------------ testing $PTII/ptolemy/domains/de/test/auto/CausalityInterface2.xml
auto.tcl: Setting watchdog for 200 seconds at Thu Oct 04 02:51:55 UTC 2018
7 ms. Memory: 208384K Free: 196375K (94%)
ptolemy.util.test.WatchDog.cancel(): canceling Thu Oct 04 02:51:55 UTC 2018
auto.tcl: Setting watchdog for 200 seconds at Thu Oct 04 02:51:55 UTC 2018
3 ms. Memory: 208384K Free: 196375K (94%)
ptolemy.util.test.WatchDog.cancel(): canceling Thu Oct 04 02:51:55 UTC 2018
------------------ testing $PTII/ptolemy/domains/de/test/auto/CausalityInterface3.xml
auto.tcl: Setting watchdog for 200 seconds at Thu Oct 04 02:51:55 UTC 2018
4 ms. Memory: 208384K Free: 196387K (94%)
ptolemy.util.test.WatchDog.cancel(): canceling Thu Oct 04 02:51:55 UTC 2018
auto.tcl: Setting watchdog for 200 seconds at Thu Oct 04 02:51:55 UTC 2018
2 ms. Memory: 208384K Free: 196387K (94%)
ptolemy.util.test.WatchDog.cancel(): canceling Thu Oct 04 02:51:55 UTC 2018
------------------ testing $PTII/ptolemy/domains/de/test/auto/ClockDrift.xml
auto.tcl: Setting watchdog for 200 seconds at Thu Oct 04 02:51:56 UTC 2018
78 ms. Memory: 208384K Free: 187599K (90%)
ptolemy.util.test.WatchDog.cancel(): canceling Thu Oct 04 02:51:56 UTC 2018
auto.tcl: Setting watchdog for 200 seconds at Thu Oct 04 02:51:56 UTC 2018
64 ms. Memory: 208384K Free: 185492K (89%)
ptolemy.util.test.WatchDog.cancel(): canceling Thu Oct 04 02:51:56 UTC 2018
------------------ testing $PTII/ptolemy/domains/de/test/auto/ClockDriftAndValueChange.xml
auto.tcl: Setting watchdog for 200 seconds at Thu Oct 04 02:51:56 UTC 2018
49 ms. Memory: 208384K Free: 187432K (90%)
ptolemy.util.test.WatchDog.cancel(): canceling Thu Oct 04 02:51:56 UTC 2018
auto.tcl: Setting watchdog for 200 seconds at Thu Oct 04 02:51:56 UTC 2018
22 ms. Memory: 208384K Free: 185325K (89%)
ptolemy.util.test.WatchDog.cancel(): canceling Thu Oct 04 02:51:56 UTC 2018
------------------ testing $PTII/ptolemy/domains/de/test/auto/ClockDriftChange.xml
auto.tcl: Setting watchdog for 200 seconds at Thu Oct 04 02:51:56 UTC 2018
37 ms. Memory: 208384K Free: 190762K (92%)
ptolemy.util.test.WatchDog.cancel(): canceling Thu Oct 04 02:51:56 UTC 2018
auto.tcl: Setting watchdog for 200 seconds at Thu Oct 04 02:51:56 UTC 2018
22 ms. Memory: 208384K Free: 188655K (91%)
ptolemy.util.test.WatchDog.cancel(): canceling Thu Oct 04 02:51:56 UTC 2018
------------------ testing $PTII/ptolemy/domains/de/test/auto/ComposableCausalityAnalysis.xml
auto.tcl: Setting watchdog for 200 seconds at Thu Oct 04 02:51:56 UTC 2018
2 ms. Memory: 208384K Free: 196242K (94%)
ptolemy.util.test.WatchDog.cancel(): canceling Thu Oct 04 02:51:56 UTC 2018
auto.tcl: Setting watchdog for 200 seconds at Thu Oct 04 02:51:56 UTC 2018
4 ms. Memory: 208384K Free: 194135K (93%)
ptolemy.util.test.WatchDog.cancel(): canceling Thu Oct 04 02:51:56 UTC 2018
------------------ testing $PTII/ptolemy/domains/de/test/auto/DEFixedPointLimitation.xml
auto.tcl: Setting watchdog for 200 seconds at Thu Oct 04 02:51:56 UTC 2018
2 ms. Memory: 208384K Free: 196322K (94%)
ptolemy.util.test.WatchDog.cancel(): canceling Thu Oct 04 02:51:56 UTC 2018
auto.tcl: Setting watchdog for 200 seconds at Thu Oct 04 02:51:56 UTC 2018
2 ms. Memory: 208384K Free: 196322K (94%)
ptolemy.util.test.WatchDog.cancel(): canceling Thu Oct 04 02:51:56 UTC 2018
------------------ testing $PTII/ptolemy/domains/de/test/auto/DEScheduleTest.xml
auto.tcl: Setting watchdog for 200 seconds at Thu Oct 04 02:51:56 UTC 2018
6 ms. Memory: 208384K Free: 198465K (95%)
ptolemy.util.test.WatchDog.cancel(): canceling Thu Oct 04 02:51:56 UTC 2018
auto.tcl: Setting watchdog for 200 seconds at Thu Oct 04 02:51:56 UTC 2018
3 ms. Memory: 208384K Free: 196358K (94%)
ptolemy.util.test.WatchDog.cancel(): canceling Thu Oct 04 02:51:56 UTC 2018
------------------ testing $PTII/ptolemy/domains/de/test/auto/DEinDEwithStartTimes.xml
auto.tcl: Setting watchdog for 200 seconds at Thu Oct 04 02:51:56 UTC 2018
3 ms. Memory: 208384K Free: 196328K (94%)
ptolemy.util.test.WatchDog.cancel(): canceling Thu Oct 04 02:51:56 UTC 2018
auto.tcl: Setting watchdog for 200 seconds at Thu Oct 04 02:51:56 UTC 2018
4 ms. Memory: 208384K Free: 194221K (93%)
ptolemy.util.test.WatchDog.cancel(): canceling Thu Oct 04 02:51:56 UTC 2018
------------------ testing $PTII/ptolemy/domains/de/test/auto/DEinDEwithStartTimes2.xml
auto.tcl: Setting watchdog for 200 seconds at Thu Oct 04 02:51:57 UTC 2018
4 ms. Memory: 208384K Free: 196645K (94%)
ptolemy.util.test.WatchDog.cancel(): canceling Thu Oct 04 02:51:57 UTC 2018
auto.tcl: Setting watchdog for 200 seconds at Thu Oct 04 02:51:57 UTC 2018
4 ms. Memory: 208384K Free: 194201K (93%)
ptolemy.util.test.WatchDog.cancel(): canceling Thu Oct 04 02:51:57 UTC 2018
------------------ testing $PTII/ptolemy/domains/de/test/auto/DateDemo.xml
auto.tcl: Setting watchdog for 200 seconds at Thu Oct 04 02:51:57 UTC 2018
16 ms. Memory: 208384K Free: 188717K (91%)
ptolemy.util.test.WatchDog.cancel(): canceling Thu Oct 04 02:51:57 UTC 2018
auto.tcl: Setting watchdog for 200 seconds at Thu Oct 04 02:51:57 UTC 2018
9 ms. Memory: 208384K Free: 186611K (90%)
ptolemy.util.test.WatchDog.cancel(): canceling Thu Oct 04 02:51:57 UTC 2018
------------------ testing $PTII/ptolemy/domains/de/test/auto/DateToEvent.xml
auto.tcl: Setting watchdog for 200 seconds at Thu Oct 04 02:51:57 UTC 2018
2021 ms. Memory: 208384K Free: 183419K (88%)
ptolemy.util.test.WatchDog.cancel(): canceling Thu Oct 04 02:51:59 UTC 2018
auto.tcl: Setting watchdog for 200 seconds at Thu Oct 04 02:51:59 UTC 2018
2009 ms. Memory: 208384K Free: 183419K (88%)
ptolemy.util.test.WatchDog.cancel(): canceling Thu Oct 04 02:52:01 UTC 2018
------------------ testing $PTII/ptolemy/domains/de/test/auto/DepthTest1.xml
auto.tcl: Setting watchdog for 200 seconds at Thu Oct 04 02:52:01 UTC 2018
4 ms. Memory: 208384K Free: 197993K (95%)
ptolemy.util.test.WatchDog.cancel(): canceling Thu Oct 04 02:52:01 UTC 2018
auto.tcl: Setting watchdog for 200 seconds at Thu Oct 04 02:52:01 UTC 2018
2 ms. Memory: 208384K Free: 197993K (95%)
ptolemy.util.test.WatchDog.cancel(): canceling Thu Oct 04 02:52:01 UTC 2018
------------------ testing $PTII/ptolemy/domains/de/test/auto/DepthTest2.xml
auto.tcl: Setting watchdog for 200 seconds at Thu Oct 04 02:52:01 UTC 2018
7 ms. Memory: 208384K Free: 194181K (93%)
ptolemy.util.test.WatchDog.cancel(): canceling Thu Oct 04 02:52:01 UTC 2018
auto.tcl: Setting watchdog for 200 seconds at Thu Oct 04 02:52:01 UTC 2018
3 ms. Memory: 208384K Free: 194181K (93%)
ptolemy.util.test.WatchDog.cancel(): canceling Thu Oct 04 02:52:01 UTC 2018
------------------ testing $PTII/ptolemy/domains/de/test/auto/DepthTest3.xml
auto.tcl: Setting watchdog for 200 seconds at Thu Oct 04 02:52:01 UTC 2018
4 ms. Memory: 208384K Free: 198327K (95%)
ptolemy.util.test.WatchDog.cancel(): canceling Thu Oct 04 02:52:01 UTC 2018
auto.tcl: Setting watchdog for 200 seconds at Thu Oct 04 02:52:01 UTC 2018
2 ms. Memory: 208384K Free: 198327K (95%)
ptolemy.util.test.WatchDog.cancel(): canceling Thu Oct 04 02:52:01 UTC 2018
------------------ testing $PTII/ptolemy/domains/de/test/auto/DepthTest4.xml
auto.tcl: Setting watchdog for 200 seconds at Thu Oct 04 02:52:01 UTC 2018
3 ms. Memory: 208384K Free: 196308K (94%)
ptolemy.util.test.WatchDog.cancel(): canceling Thu Oct 04 02:52:01 UTC 2018
auto.tcl: Setting watchdog for 200 seconds at Thu Oct 04 02:52:01 UTC 2018
1 ms. Memory: 208384K Free: 196308K (94%)
ptolemy.util.test.WatchDog.cancel(): canceling Thu Oct 04 02:52:01 UTC 2018
------------------ testing $PTII/ptolemy/domains/de/test/auto/DepthTest5.xml
auto.tcl: Setting watchdog for 200 seconds at Thu Oct 04 02:52:01 UTC 2018
5 ms. Memory: 208384K Free: 196593K (94%)
ptolemy.util.test.WatchDog.cancel(): canceling Thu Oct 04 02:52:01 UTC 2018
auto.tcl: Setting watchdog for 200 seconds at Thu Oct 04 02:52:01 UTC 2018
3 ms. Memory: 208384K Free: 196593K (94%)
ptolemy.util.test.WatchDog.cancel(): canceling Thu Oct 04 02:52:01 UTC 2018
------------------ testing $PTII/ptolemy/domains/de/test/auto/DepthTest6.xml
auto.tcl: Setting watchdog for 200 seconds at Thu Oct 04 02:52:01 UTC 2018
9 ms. Memory: 208384K Free: 196561K (94%)
ptolemy.util.test.WatchDog.cancel(): canceling Thu Oct 04 02:52:01 UTC 2018
auto.tcl: Setting watchdog for 200 seconds at Thu Oct 04 02:52:01 UTC 2018
2 ms. Memory: 208384K Free: 196561K (94%)
ptolemy.util.test.WatchDog.cancel(): canceling Thu Oct 04 02:52:01 UTC 2018
------------------ testing $PTII/ptolemy/domains/de/test/auto/DepthTest7.xml
auto.tcl: Setting watchdog for 200 seconds at Thu Oct 04 02:52:01 UTC 2018
6 ms. Memory: 208384K Free: 194984K (94%)
ptolemy.util.test.WatchDog.cancel(): canceling Thu Oct 04 02:52:01 UTC 2018
auto.tcl: Setting watchdog for 200 seconds at Thu Oct 04 02:52:01 UTC 2018
2 ms. Memory: 208384K Free: 194984K (94%)
ptolemy.util.test.WatchDog.cancel(): canceling Thu Oct 04 02:52:01 UTC 2018
------------------ testing $PTII/ptolemy/domains/de/test/auto/EventToDate.xml
auto.tcl: Setting watchdog for 200 seconds at Thu Oct 04 02:52:01 UTC 2018
3011 ms. Memory: 208384K Free: 183244K (88%)
ptolemy.util.test.WatchDog.cancel(): canceling Thu Oct 04 02:52:04 UTC 2018
auto.tcl: Setting watchdog for 200 seconds at Thu Oct 04 02:52:04 UTC 2018
3005 ms. Memory: 208384K Free: 183244K (88%)
ptolemy.util.test.WatchDog.cancel(): canceling Thu Oct 04 02:52:08 UTC 2018
------------------ testing $PTII/ptolemy/domains/de/test/auto/FSM1.xml
auto.tcl: Setting watchdog for 200 seconds at Thu Oct 04 02:52:08 UTC 2018
30 ms. Memory: 208384K Free: 189252K (91%)
ptolemy.util.test.WatchDog.cancel(): canceling Thu Oct 04 02:52:08 UTC 2018
auto.tcl: Setting watchdog for 200 seconds at Thu Oct 04 02:52:08 UTC 2018
15 ms. Memory: 208384K Free: 185038K (89%)
ptolemy.util.test.WatchDog.cancel(): canceling Thu Oct 04 02:52:08 UTC 2018
------------------ testing $PTII/ptolemy/domains/de/test/auto/FSM7.xml
auto.tcl: Setting watchdog for 200 seconds at Thu Oct 04 02:52:08 UTC 2018
16 ms. Memory: 208384K Free: 187350K (90%)
ptolemy.util.test.WatchDog.cancel(): canceling Thu Oct 04 02:52:08 UTC 2018
auto.tcl: Setting watchdog for 200 seconds at Thu Oct 04 02:52:08 UTC 2018
20 ms. Memory: 208384K Free: 185243K (89%)
ptolemy.util.test.WatchDog.cancel(): canceling Thu Oct 04 02:52:08 UTC 2018
------------------ testing $PTII/ptolemy/domains/de/test/auto/Inspection.xml
auto.tcl: Setting watchdog for 200 seconds at Thu Oct 04 02:52:08 UTC 2018
43 ms. Memory: 208384K Free: 188563K (90%)
ptolemy.util.test.WatchDog.cancel(): canceling Thu Oct 04 02:52:08 UTC 2018
auto.tcl: Setting watchdog for 200 seconds at Thu Oct 04 02:52:08 UTC 2018
33 ms. Memory: 208384K Free: 186456K (89%)
ptolemy.util.test.WatchDog.cancel(): canceling Thu Oct 04 02:52:08 UTC 2018
------------------ testing $PTII/ptolemy/domains/de/test/auto/Iteration.xml
auto.tcl: Setting watchdog for 200 seconds at Thu Oct 04 02:52:08 UTC 2018
8 ms. Memory: 208384K Free: 196021K (94%)
ptolemy.util.test.WatchDog.cancel(): canceling Thu Oct 04 02:52:08 UTC 2018
auto.tcl: Setting watchdog for 200 seconds at Thu Oct 04 02:52:08 UTC 2018
8 ms. Memory: 208384K Free: 193914K (93%)
ptolemy.util.test.WatchDog.cancel(): canceling Thu Oct 04 02:52:08 UTC 2018
------------------ testing $PTII/ptolemy/domains/de/test/auto/LineFault.xml
auto.tcl: Setting watchdog for 200 seconds at Thu Oct 04 02:52:08 UTC 2018
716 ms. Memory: 208384K Free: 196188K (94%)
ptolemy.util.test.WatchDog.cancel(): canceling Thu Oct 04 02:52:09 UTC 2018
auto.tcl: Setting watchdog for 200 seconds at Thu Oct 04 02:52:09 UTC 2018
565 ms. Memory: 208384K Free: 138668K (67%)
ptolemy.util.test.WatchDog.cancel(): canceling Thu Oct 04 02:52:10 UTC 2018
------------------ testing $PTII/ptolemy/domains/de/test/auto/MergeModel1Add.xml
auto.tcl: Setting watchdog for 200 seconds at Thu Oct 04 02:52:10 UTC 2018
27 ms. Memory: 331264K Free: 298853K (90%)
ptolemy.util.test.WatchDog.cancel(): canceling Thu Oct 04 02:52:10 UTC 2018
auto.tcl: Setting watchdog for 200 seconds at Thu Oct 04 02:52:10 UTC 2018
9 ms. Memory: 331264K Free: 298853K (90%)
ptolemy.util.test.WatchDog.cancel(): canceling Thu Oct 04 02:52:10 UTC 2018
------------------ testing $PTII/ptolemy/domains/de/test/auto/MergeModel2Add.xml
auto.tcl: Setting watchdog for 200 seconds at Thu Oct 04 02:52:10 UTC 2018
10 ms. Memory: 331264K Free: 304139K (92%)
ptolemy.util.test.WatchDog.cancel(): canceling Thu Oct 04 02:52:10 UTC 2018
auto.tcl: Setting watchdog for 200 seconds at Thu Oct 04 02:52:10 UTC 2018
13 ms. Memory: 331264K Free: 300191K (91%)
ptolemy.util.test.WatchDog.cancel(): canceling Thu Oct 04 02:52:10 UTC 2018
------------------ testing $PTII/ptolemy/domains/de/test/auto/MergeModel3Add.xml
auto.tcl: Setting watchdog for 200 seconds at Thu Oct 04 02:52:10 UTC 2018
13 ms. Memory: 331264K Free: 304149K (92%)
ptolemy.util.test.WatchDog.cancel(): canceling Thu Oct 04 02:52:10 UTC 2018
auto.tcl: Setting watchdog for 200 seconds at Thu Oct 04 02:52:10 UTC 2018
9 ms. Memory: 331264K Free: 300201K (91%)
ptolemy.util.test.WatchDog.cancel(): canceling Thu Oct 04 02:52:10 UTC 2018
------------------ testing $PTII/ptolemy/domains/de/test/auto/MergeWithoutDiscard.xml
auto.tcl: Setting watchdog for 200 seconds at Thu Oct 04 02:52:10 UTC 2018
2 ms. Memory: 331264K Free: 320223K (97%)
ptolemy.util.test.WatchDog.cancel(): canceling Thu Oct 04 02:52:10 UTC 2018
auto.tcl: Setting watchdog for 200 seconds at Thu Oct 04 02:52:10 UTC 2018
1 ms. Memory: 331264K Free: 316275K (95%)
ptolemy.util.test.WatchDog.cancel(): canceling Thu Oct 04 02:52:10 UTC 2018
------------------ testing $PTII/ptolemy/domains/de/test/auto/Modal1.xml
auto.tcl: Setting watchdog for 200 seconds at Thu Oct 04 02:52:10 UTC 2018
22 ms. Memory: 331264K Free: 309891K (94%)
ptolemy.util.test.WatchDog.cancel(): canceling Thu Oct 04 02:52:10 UTC 2018
auto.tcl: Setting watchdog for 200 seconds at Thu Oct 04 02:52:10 UTC 2018
23 ms. Memory: 331264K Free: 305943K (92%)
ptolemy.util.test.WatchDog.cancel(): canceling Thu Oct 04 02:52:10 UTC 2018
------------------ testing $PTII/ptolemy/domains/de/test/auto/Modal2.xml
auto.tcl: Setting watchdog for 200 seconds at Thu Oct 04 02:52:10 UTC 2018
14 ms. Memory: 331264K Free: 309755K (94%)
ptolemy.util.test.WatchDog.cancel(): canceling Thu Oct 04 02:52:10 UTC 2018
auto.tcl: Setting watchdog for 200 seconds at Thu Oct 04 02:52:10 UTC 2018
11 ms. Memory: 331264K Free: 305807K (92%)
ptolemy.util.test.WatchDog.cancel(): canceling Thu Oct 04 02:52:10 UTC 2018
------------------ testing $PTII/ptolemy/domains/de/test/auto/Modal3.xml
auto.tcl: Setting watchdog for 200 seconds at Thu Oct 04 02:52:10 UTC 2018
11 ms. Memory: 331264K Free: 305139K (92%)
ptolemy.util.test.WatchDog.cancel(): canceling Thu Oct 04 02:52:10 UTC 2018
auto.tcl: Setting watchdog for 200 seconds at Thu Oct 04 02:52:10 UTC 2018
10 ms. Memory: 331264K Free: 300906K (91%)
ptolemy.util.test.WatchDog.cancel(): canceling Thu Oct 04 02:52:10 UTC 2018
------------------ testing $PTII/ptolemy/domains/de/test/auto/Modal4.xml
auto.tcl: Setting watchdog for 200 seconds at Thu Oct 04 02:52:11 UTC 2018
27 ms. Memory: 331264K Free: 309766K (94%)
ptolemy.util.test.WatchDog.cancel(): canceling Thu Oct 04 02:52:11 UTC 2018
auto.tcl: Setting watchdog for 200 seconds at Thu Oct 04 02:52:11 UTC 2018
14 ms. Memory: 331264K Free: 305819K (92%)
ptolemy.util.test.WatchDog.cancel(): canceling Thu Oct 04 02:52:11 UTC 2018
------------------ testing $PTII/ptolemy/domains/de/test/auto/Modal5.xml
auto.tcl: Setting watchdog for 200 seconds at Thu Oct 04 02:52:11 UTC 2018
16 ms. Memory: 331264K Free: 309754K (94%)
ptolemy.util.test.WatchDog.cancel(): canceling Thu Oct 04 02:52:11 UTC 2018
auto.tcl: Setting watchdog for 200 seconds at Thu Oct 04 02:52:11 UTC 2018
12 ms. Memory: 331264K Free: 305806K (92%)
ptolemy.util.test.WatchDog.cancel(): canceling Thu Oct 04 02:52:11 UTC 2018
------------------ testing $PTII/ptolemy/domains/de/test/auto/Modal6.xml
auto.tcl: Setting watchdog for 200 seconds at Thu Oct 04 02:52:11 UTC 2018
13 ms. Memory: 331264K Free: 309752K (94%)
ptolemy.util.test.WatchDog.cancel(): canceling Thu Oct 04 02:52:11 UTC 2018
auto.tcl: Setting watchdog for 200 seconds at Thu Oct 04 02:52:11 UTC 2018
14 ms. Memory: 331264K Free: 305804K (92%)
ptolemy.util.test.WatchDog.cancel(): canceling Thu Oct 04 02:52:11 UTC 2018
------------------ testing $PTII/ptolemy/domains/de/test/auto/Modal7.xml
auto.tcl: Setting watchdog for 200 seconds at Thu Oct 04 02:52:11 UTC 2018
9 ms. Memory: 331264K Free: 309752K (94%)
ptolemy.util.test.WatchDog.cancel(): canceling Thu Oct 04 02:52:11 UTC 2018
auto.tcl: Setting watchdog for 200 seconds at Thu Oct 04 02:52:11 UTC 2018
9 ms. Memory: 331264K Free: 305804K (92%)
ptolemy.util.test.WatchDog.cancel(): canceling Thu Oct 04 02:52:11 UTC 2018
------------------ testing $PTII/ptolemy/domains/de/test/auto/ModalModel.xml
auto.tcl: Setting watchdog for 200 seconds at Thu Oct 04 02:52:11 UTC 2018
182 ms. Memory: 331264K Free: 246267K (74%)
ptolemy.util.test.WatchDog.cancel(): canceling Thu Oct 04 02:52:11 UTC 2018
auto.tcl: Setting watchdog for 200 seconds at Thu Oct 04 02:52:11 UTC 2018
169 ms. Memory: 331264K Free: 190959K (58%)
ptolemy.util.test.WatchDog.cancel(): canceling Thu Oct 04 02:52:11 UTC 2018
------------------ testing $PTII/ptolemy/domains/de/test/auto/ModalSource.xml
auto.tcl: Setting watchdog for 200 seconds at Thu Oct 04 02:52:11 UTC 2018
6 ms. Memory: 331264K Free: 316523K (96%)
ptolemy.util.test.WatchDog.cancel(): canceling Thu Oct 04 02:52:11 UTC 2018
auto.tcl: Setting watchdog for 200 seconds at Thu Oct 04 02:52:11 UTC 2018
6 ms. Memory: 331264K Free: 312991K (94%)
ptolemy.util.test.WatchDog.cancel(): canceling Thu Oct 04 02:52:12 UTC 2018
------------------ testing $PTII/ptolemy/domains/de/test/auto/NonInterruptibleTimerZeroDelay.xml
auto.tcl: Setting watchdog for 200 seconds at Thu Oct 04 02:52:12 UTC 2018
7 ms. Memory: 331264K Free: 320892K (97%)
ptolemy.util.test.WatchDog.cancel(): canceling Thu Oct 04 02:52:12 UTC 2018
auto.tcl: Setting watchdog for 200 seconds at Thu Oct 04 02:52:12 UTC 2018
2 ms. Memory: 331264K Free: 317361K (96%)
ptolemy.util.test.WatchDog.cancel(): canceling Thu Oct 04 02:52:12 UTC 2018
------------------ testing $PTII/ptolemy/domains/de/test/auto/OpenQueueingNetwork.xml
auto.tcl: Setting watchdog for 200 seconds at Thu Oct 04 02:52:12 UTC 2018
2650 ms. Memory: 573952K Free: 406592K (71%)
ptolemy.util.test.WatchDog.cancel(): canceling Thu Oct 04 02:52:14 UTC 2018
auto.tcl: Setting watchdog for 200 seconds at Thu Oct 04 02:52:14 UTC 2018
2497 ms. Memory: 550912K Free: 297816K (54%)
ptolemy.util.test.WatchDog.cancel(): canceling Thu Oct 04 02:52:17 UTC 2018
------------------ testing $PTII/ptolemy/domains/de/test/auto/OpenQueuingNetwork.xml
auto.tcl: Setting watchdog for 200 seconds at Thu Oct 04 02:52:17 UTC 2018
222 ms. Memory: 549888K Free: 444822K (81%)
ptolemy.util.test.WatchDog.cancel(): canceling Thu Oct 04 02:52:17 UTC 2018
auto.tcl: Setting watchdog for 200 seconds at Thu Oct 04 02:52:17 UTC 2018
221 ms. Memory: 549888K Free: 384591K (70%)
ptolemy.util.test.WatchDog.cancel(): canceling Thu Oct 04 02:52:18 UTC 2018
------------------ testing $PTII/ptolemy/domains/de/test/auto/PeriodicSampler.xml
auto.tcl: Setting watchdog for 200 seconds at Thu Oct 04 02:52:18 UTC 2018
2 ms. Memory: 551936K Free: 530868K (96%)
ptolemy.util.test.WatchDog.cancel(): canceling Thu Oct 04 02:52:18 UTC 2018
auto.tcl: Setting watchdog for 200 seconds at Thu Oct 04 02:52:18 UTC 2018
2 ms. Memory: 551936K Free: 530868K (96%)
ptolemy.util.test.WatchDog.cancel(): canceling Thu Oct 04 02:52:18 UTC 2018
------------------ testing $PTII/ptolemy/domains/de/test/auto/PersistentIO.xml
auto.tcl: Setting watchdog for 200 seconds at Thu Oct 04 02:52:18 UTC 2018
5 ms. Memory: 549376K Free: 522214K (95%)
ptolemy.util.test.WatchDog.cancel(): canceling Thu Oct 04 02:52:18 UTC 2018
auto.tcl: Setting watchdog for 200 seconds at Thu Oct 04 02:52:18 UTC 2018
4 ms. Memory: 549376K Free: 522214K (95%)
ptolemy.util.test.WatchDog.cancel(): canceling Thu Oct 04 02:52:18 UTC 2018
------------------ testing $PTII/ptolemy/domains/de/test/auto/PortParameterResetOnInitialize.xml
auto.tcl: Setting watchdog for 200 seconds at Thu Oct 04 02:52:18 UTC 2018
2 ms. Memory: 551424K Free: 530817K (96%)
ptolemy.util.test.WatchDog.cancel(): canceling Thu Oct 04 02:52:18 UTC 2018
auto.tcl: Setting watchdog for 200 seconds at Thu Oct 04 02:52:18 UTC 2018
4 ms. Memory: 551424K Free: 530817K (96%)
ptolemy.util.test.WatchDog.cancel(): canceling Thu Oct 04 02:52:18 UTC 2018
------------------ testing $PTII/ptolemy/domains/de/test/auto/PortParameterUpdates.xml
auto.tcl: Setting watchdog for 200 seconds at Thu Oct 04 02:52:18 UTC 2018
6 ms. Memory: 549376K Free: 528672K (96%)
ptolemy.util.test.WatchDog.cancel(): canceling Thu Oct 04 02:52:18 UTC 2018
auto.tcl: Setting watchdog for 200 seconds at Thu Oct 04 02:52:18 UTC 2018
3 ms. Memory: 549376K Free: 521980K (95%)
ptolemy.util.test.WatchDog.cancel(): canceling Thu Oct 04 02:52:18 UTC 2018
------------------ testing $PTII/ptolemy/domains/de/test/auto/QueueAndServer.xml
auto.tcl: Setting watchdog for 200 seconds at Thu Oct 04 02:52:18 UTC 2018
6 ms. Memory: 551424K Free: 530684K (96%)
ptolemy.util.test.WatchDog.cancel(): canceling Thu Oct 04 02:52:18 UTC 2018
auto.tcl: Setting watchdog for 200 seconds at Thu Oct 04 02:52:18 UTC 2018
7 ms. Memory: 551424K Free: 523975K (95%)
ptolemy.util.test.WatchDog.cancel(): canceling Thu Oct 04 02:52:18 UTC 2018
------------------ testing $PTII/ptolemy/domains/de/test/auto/Records.xml
auto.tcl: Setting watchdog for 200 seconds at Thu Oct 04 02:52:18 UTC 2018
6 ms. Memory: 549376K Free: 533257K (97%)
ptolemy.util.test.WatchDog.cancel(): canceling Thu Oct 04 02:52:18 UTC 2018
auto.tcl: Setting watchdog for 200 seconds at Thu Oct 04 02:52:18 UTC 2018
2 ms. Memory: 549376K Free: 533257K (97%)
ptolemy.util.test.WatchDog.cancel(): canceling Thu Oct 04 02:52:18 UTC 2018
------------------ testing $PTII/ptolemy/domains/de/test/auto/ResetTransitionWithStartTime1.xml
auto.tcl: Setting watchdog for 200 seconds at Thu Oct 04 02:52:18 UTC 2018
15 ms. Memory: 551424K Free: 535331K (97%)
ptolemy.util.test.WatchDog.cancel(): canceling Thu Oct 04 02:52:18 UTC 2018
auto.tcl: Setting watchdog for 200 seconds at Thu Oct 04 02:52:18 UTC 2018
9 ms. Memory: 551424K Free: 528639K (96%)
ptolemy.util.test.WatchDog.cancel(): canceling Thu Oct 04 02:52:18 UTC 2018
------------------ testing $PTII/ptolemy/domains/de/test/auto/ResetTransitionWithStartTime2.xml
auto.tcl: Setting watchdog for 200 seconds at Thu Oct 04 02:52:18 UTC 2018
5 ms. Memory: 549376K Free: 526811K (96%)
ptolemy.util.test.WatchDog.cancel(): canceling Thu Oct 04 02:52:18 UTC 2018
auto.tcl: Setting watchdog for 200 seconds at Thu Oct 04 02:52:18 UTC 2018
5 ms. Memory: 549376K Free: 526811K (96%)
ptolemy.util.test.WatchDog.cancel(): canceling Thu Oct 04 02:52:18 UTC 2018
------------------ testing $PTII/ptolemy/domains/de/test/auto/ResetTransitionWithStartTime3.xml
auto.tcl: Setting watchdog for 200 seconds at Thu Oct 04 02:52:18 UTC 2018
10 ms. Memory: 550912K Free: 528116K (96%)
ptolemy.util.test.WatchDog.cancel(): canceling Thu Oct 04 02:52:18 UTC 2018
auto.tcl: Setting watchdog for 200 seconds at Thu Oct 04 02:52:18 UTC 2018
5 ms. Memory: 550912K Free: 528116K (96%)
ptolemy.util.test.WatchDog.cancel(): canceling Thu Oct 04 02:52:18 UTC 2018
------------------ testing $PTII/ptolemy/domains/de/test/auto/ResetTransitionWithStartTime4.xml
auto.tcl: Setting watchdog for 200 seconds at Thu Oct 04 02:52:18 UTC 2018
5 ms. Memory: 549376K Free: 526800K (96%)
ptolemy.util.test.WatchDog.cancel(): canceling Thu Oct 04 02:52:18 UTC 2018
auto.tcl: Setting watchdog for 200 seconds at Thu Oct 04 02:52:18 UTC 2018
3 ms. Memory: 549376K Free: 526800K (96%)
ptolemy.util.test.WatchDog.cancel(): canceling Thu Oct 04 02:52:18 UTC 2018
------------------ testing $PTII/ptolemy/domains/de/test/auto/ResettableTimer1.xml
auto.tcl: Setting watchdog for 200 seconds at Thu Oct 04 02:52:18 UTC 2018
2 ms. Memory: 550912K Free: 530122K (96%)
ptolemy.util.test.WatchDog.cancel(): canceling Thu Oct 04 02:52:18 UTC 2018
auto.tcl: Setting watchdog for 200 seconds at Thu Oct 04 02:52:18 UTC 2018
1 ms. Memory: 550912K Free: 530122K (96%)
ptolemy.util.test.WatchDog.cancel(): canceling Thu Oct 04 02:52:18 UTC 2018
------------------ testing $PTII/ptolemy/domains/de/test/auto/ResettableTimer2.xml
auto.tcl: Setting watchdog for 200 seconds at Thu Oct 04 02:52:18 UTC 2018
3 ms. Memory: 549376K Free: 533554K (97%)
ptolemy.util.test.WatchDog.cancel(): canceling Thu Oct 04 02:52:18 UTC 2018
auto.tcl: Setting watchdog for 200 seconds at Thu Oct 04 02:52:18 UTC 2018
2 ms. Memory: 549376K Free: 533554K (97%)
ptolemy.util.test.WatchDog.cancel(): canceling Thu Oct 04 02:52:18 UTC 2018
------------------ testing $PTII/ptolemy/domains/de/test/auto/ResettableTimer3.xml
auto.tcl: Setting watchdog for 200 seconds at Thu Oct 04 02:52:18 UTC 2018
1 ms. Memory: 550912K Free: 530180K (96%)
ptolemy.util.test.WatchDog.cancel(): canceling Thu Oct 04 02:52:18 UTC 2018
auto.tcl: Setting watchdog for 200 seconds at Thu Oct 04 02:52:18 UTC 2018
1 ms. Memory: 550912K Free: 530180K (96%)
ptolemy.util.test.WatchDog.cancel(): canceling Thu Oct 04 02:52:18 UTC 2018
------------------ testing $PTII/ptolemy/domains/de/test/auto/ResettableTimer4.xml
auto.tcl: Setting watchdog for 200 seconds at Thu Oct 04 02:52:18 UTC 2018
1 ms. Memory: 549376K Free: 533566K (97%)
ptolemy.util.test.WatchDog.cancel(): canceling Thu Oct 04 02:52:18 UTC 2018
auto.tcl: Setting watchdog for 200 seconds at Thu Oct 04 02:52:18 UTC 2018
1 ms. Memory: 549376K Free: 533566K (97%)
ptolemy.util.test.WatchDog.cancel(): canceling Thu Oct 04 02:52:19 UTC 2018
------------------ testing $PTII/ptolemy/domains/de/test/auto/ResettableTimer5.xml
auto.tcl: Setting watchdog for 200 seconds at Thu Oct 04 02:52:19 UTC 2018
2 ms. Memory: 550400K Free: 529909K (96%)
ptolemy.util.test.WatchDog.cancel(): canceling Thu Oct 04 02:52:19 UTC 2018
auto.tcl: Setting watchdog for 200 seconds at Thu Oct 04 02:52:19 UTC 2018
1 ms. Memory: 550400K Free: 529909K (96%)
ptolemy.util.test.WatchDog.cancel(): canceling Thu Oct 04 02:52:19 UTC 2018
------------------ testing $PTII/ptolemy/domains/de/test/auto/ResettableTimer6.xml
auto.tcl: Setting watchdog for 200 seconds at Thu Oct 04 02:52:19 UTC 2018
2 ms. Memory: 549376K Free: 528604K (96%)
ptolemy.util.test.WatchDog.cancel(): canceling Thu Oct 04 02:52:19 UTC 2018
auto.tcl: Setting watchdog for 200 seconds at Thu Oct 04 02:52:19 UTC 2018
2 ms. Memory: 549376K Free: 528604K (96%)
ptolemy.util.test.WatchDog.cancel(): canceling Thu Oct 04 02:52:19 UTC 2018
------------------ testing $PTII/ptolemy/domains/de/test/auto/ServerZeroDelay.xml
auto.tcl: Setting watchdog for 200 seconds at Thu Oct 04 02:52:19 UTC 2018
2 ms. Memory: 550400K Free: 534529K (97%)
ptolemy.util.test.WatchDog.cancel(): canceling Thu Oct 04 02:52:19 UTC 2018
auto.tcl: Setting watchdog for 200 seconds at Thu Oct 04 02:52:19 UTC 2018
3 ms. Memory: 550400K Free: 534529K (97%)
ptolemy.util.test.WatchDog.cancel(): canceling Thu Oct 04 02:52:19 UTC 2018
------------------ testing $PTII/ptolemy/domains/de/test/auto/SmartSender.xml
auto.tcl: Setting watchdog for 200 seconds at Thu Oct 04 02:52:19 UTC 2018
3001 ms. Memory: 549376K Free: 528821K (96%)
ptolemy.util.test.WatchDog.cancel(): canceling Thu Oct 04 02:52:22 UTC 2018
auto.tcl: Setting watchdog for 200 seconds at Thu Oct 04 02:52:22 UTC 2018
3003 ms. Memory: 549376K Free: 528821K (96%)
ptolemy.util.test.WatchDog.cancel(): canceling Thu Oct 04 02:52:25 UTC 2018
------------------ testing $PTII/ptolemy/domains/de/test/auto/ThreadedComposite.xml
auto.tcl: Setting watchdog for 200 seconds at Thu Oct 04 02:52:25 UTC 2018
223 ms. Memory: 550400K Free: 504217K (92%)
ptolemy.util.test.WatchDog.cancel(): canceling Thu Oct 04 02:52:25 UTC 2018
auto.tcl: Setting watchdog for 200 seconds at Thu Oct 04 02:52:25 UTC 2018
191 ms. Memory: 550400K Free: 478790K (87%)
ptolemy.util.test.WatchDog.cancel(): canceling Thu Oct 04 02:52:25 UTC 2018
------------------ testing $PTII/ptolemy/domains/de/test/auto/Time.xml
auto.tcl: Setting watchdog for 200 seconds at Thu Oct 04 02:52:25 UTC 2018
500 ms. Memory: 549376K Free: 476837K (87%)
ptolemy.util.test.WatchDog.cancel(): canceling Thu Oct 04 02:52:26 UTC 2018
auto.tcl: Setting watchdog for 200 seconds at Thu Oct 04 02:52:26 UTC 2018
477 ms. Memory: 549376K Free: 416606K (76%)
ptolemy.util.test.WatchDog.cancel(): canceling Thu Oct 04 02:52:26 UTC 2018
------------------ testing $PTII/ptolemy/domains/de/test/auto/TimeDelayZeroDelay.xml
auto.tcl: Setting watchdog for 200 seconds at Thu Oct 04 02:52:26 UTC 2018
2 ms. Memory: 550400K Free: 534215K (97%)
ptolemy.util.test.WatchDog.cancel(): canceling Thu Oct 04 02:52:26 UTC 2018
auto.tcl: Setting watchdog for 200 seconds at Thu Oct 04 02:52:26 UTC 2018
2 ms. Memory: 550400K Free: 534215K (97%)
ptolemy.util.test.WatchDog.cancel(): canceling Thu Oct 04 02:52:26 UTC 2018
------------------ testing $PTII/ptolemy/domains/de/test/auto/TimerZeroDelay.xml
auto.tcl: Setting watchdog for 200 seconds at Thu Oct 04 02:52:26 UTC 2018
4 ms. Memory: 549376K Free: 533465K (97%)
ptolemy.util.test.WatchDog.cancel(): canceling Thu Oct 04 02:52:26 UTC 2018
auto.tcl: Setting watchdog for 200 seconds at Thu Oct 04 02:52:26 UTC 2018
2 ms. Memory: 549376K Free: 533465K (97%)
ptolemy.util.test.WatchDog.cancel(): canceling Thu Oct 04 02:52:26 UTC 2018
------------------ testing $PTII/ptolemy/domains/de/test/auto/TimingParadox.xml
auto.tcl: Setting watchdog for 200 seconds at Thu Oct 04 02:52:26 UTC 2018
376 ms. Memory: 549888K Free: 467503K (85%)
ptolemy.util.test.WatchDog.cancel(): canceling Thu Oct 04 02:52:27 UTC 2018
auto.tcl: Setting watchdog for 200 seconds at Thu Oct 04 02:52:27 UTC 2018
362 ms. Memory: 549888K Free: 434042K (79%)
ptolemy.util.test.WatchDog.cancel(): canceling Thu Oct 04 02:52:27 UTC 2018
------------------ testing $PTII/ptolemy/domains/de/test/auto/TransferInputs.xml
auto.tcl: Setting watchdog for 200 seconds at Thu Oct 04 02:52:27 UTC 2018
2 ms. Memory: 549888K Free: 532881K (97%)
ptolemy.util.test.WatchDog.cancel(): canceling Thu Oct 04 02:52:27 UTC 2018
auto.tcl: Setting watchdog for 200 seconds at Thu Oct 04 02:52:27 UTC 2018
1 ms. Memory: 549888K Free: 532881K (97%)
ptolemy.util.test.WatchDog.cancel(): canceling Thu Oct 04 02:52:27 UTC 2018
------------------ testing $PTII/ptolemy/domains/de/test/auto/TransferOutputs2.xml
auto.tcl: Setting watchdog for 200 seconds at Thu Oct 04 02:52:27 UTC 2018
2 ms. Memory: 549376K Free: 522083K (95%)
ptolemy.util.test.WatchDog.cancel(): canceling Thu Oct 04 02:52:27 UTC 2018
auto.tcl: Setting watchdog for 200 seconds at Thu Oct 04 02:52:27 UTC 2018
3 ms. Memory: 549376K Free: 522083K (95%)
ptolemy.util.test.WatchDog.cancel(): canceling Thu Oct 04 02:52:27 UTC 2018
------------------ testing $PTII/ptolemy/domains/de/test/auto/Trilateration.xml
auto.tcl: Setting watchdog for 200 seconds at Thu Oct 04 02:52:27 UTC 2018
15287 ms. Memory: 453632K Free: 110564K (24%)
ptolemy.util.test.WatchDog.cancel(): canceling Thu Oct 04 02:52:44 UTC 2018
auto.tcl: Setting watchdog for 200 seconds at Thu Oct 04 02:52:44 UTC 2018
13022 ms. Memory: 331264K Free: 206720K (62%)
ptolemy.util.test.WatchDog.cancel(): canceling Thu Oct 04 02:52:57 UTC 2018
------------------ testing $PTII/ptolemy/domains/de/test/auto/TwoSigmaDelta.xml
auto.tcl: Setting watchdog for 200 seconds at Thu Oct 04 02:52:57 UTC 2018
2664 ms. Memory: 320000K Free: 266818K (83%)
ptolemy.util.test.WatchDog.cancel(): canceling Thu Oct 04 02:53:00 UTC 2018
auto.tcl: Setting watchdog for 200 seconds at Thu Oct 04 02:53:00 UTC 2018
2217 ms. Memory: 307712K Free: 254036K (83%)
ptolemy.util.test.WatchDog.cancel(): canceling Thu Oct 04 02:53:02 UTC 2018
------------------ testing $PTII/ptolemy/domains/de/test/auto/VariableDelay.xml
auto.tcl: Setting watchdog for 200 seconds at Thu Oct 04 02:53:02 UTC 2018
2 ms. Memory: 309760K Free: 293501K (95%)
ptolemy.util.test.WatchDog.cancel(): canceling Thu Oct 04 02:53:02 UTC 2018
auto.tcl: Setting watchdog for 200 seconds at Thu Oct 04 02:53:02 UTC 2018
1 ms. Memory: 309760K Free: 293501K (95%)
ptolemy.util.test.WatchDog.cancel(): canceling Thu Oct 04 02:53:02 UTC 2018
------------------ testing $PTII/ptolemy/domains/de/test/auto/VariableDelay2.xml
auto.tcl: Setting watchdog for 200 seconds at Thu Oct 04 02:53:02 UTC 2018
3 ms. Memory: 307712K Free: 294131K (96%)
ptolemy.util.test.WatchDog.cancel(): canceling Thu Oct 04 02:53:02 UTC 2018
auto.tcl: Setting watchdog for 200 seconds at Thu Oct 04 02:53:02 UTC 2018
2 ms. Memory: 307712K Free: 294131K (96%)
ptolemy.util.test.WatchDog.cancel(): canceling Thu Oct 04 02:53:02 UTC 2018
------------------ testing $PTII/ptolemy/domains/de/test/auto/VariableDelayZeroDelay.xml
auto.tcl: Setting watchdog for 200 seconds at Thu Oct 04 02:53:02 UTC 2018
2 ms. Memory: 309248K Free: 296738K (96%)
ptolemy.util.test.WatchDog.cancel(): canceling Thu Oct 04 02:53:02 UTC 2018
auto.tcl: Setting watchdog for 200 seconds at Thu Oct 04 02:53:02 UTC 2018
1 ms. Memory: 309248K Free: 293403K (95%)
ptolemy.util.test.WatchDog.cancel(): canceling Thu Oct 04 02:53:02 UTC 2018
------------------ testing $PTII/ptolemy/domains/de/test/auto/VariableDelayZeroDelay2.xml
auto.tcl: Setting watchdog for 200 seconds at Thu Oct 04 02:53:02 UTC 2018
2 ms. Memory: 307712K Free: 291881K (95%)
ptolemy.util.test.WatchDog.cancel(): canceling Thu Oct 04 02:53:02 UTC 2018
auto.tcl: Setting watchdog for 200 seconds at Thu Oct 04 02:53:02 UTC 2018
2 ms. Memory: 307712K Free: 291881K (95%)
ptolemy.util.test.WatchDog.cancel(): canceling Thu Oct 04 02:53:02 UTC 2018
------------------ testing $PTII/ptolemy/domains/de/test/auto/deInCt.xml
auto.tcl: Setting watchdog for 200 seconds at Thu Oct 04 02:53:02 UTC 2018
0
1
1
1
0
0
0
1
1
1
1
1
0
0
0
0
1
1
1
0
0
0
1
1
1
1
1
0
0
0
1
1
1
1
9 ms. Memory: 309248K Free: 293390K (95%)
ptolemy.util.test.WatchDog.cancel(): canceling Thu Oct 04 02:53:02 UTC 2018
auto.tcl: Setting watchdog for 200 seconds at Thu Oct 04 02:53:02 UTC 2018
0
1
1
1
0
0
0
1
1
1
0
0
0
0
1
1
0
0
1
1
1
1
0
0
0
0
0
0
1
1
1
1
5 ms. Memory: 309248K Free: 293390K (95%)
ptolemy.util.test.WatchDog.cancel(): canceling Thu Oct 04 02:53:02 UTC 2018
------------------ testing $PTII/ptolemy/domains/de/test/auto/deInCt2.xml
auto.tcl: Setting watchdog for 200 seconds at Thu Oct 04 02:53:02 UTC 2018
0
1
1
1
0
0
1
1
1
0
0
1
1
1
0
0
1
1
1
0
0
1
1
1
0
0
1
1
1
0
0
1
1
1
0
0
1
1
1
0
0
0
14 ms. Memory: 307712K Free: 291862K (95%)
ptolemy.util.test.WatchDog.cancel(): canceling Thu Oct 04 02:53:02 UTC 2018
auto.tcl: Setting watchdog for 200 seconds at Thu Oct 04 02:53:02 UTC 2018
0
1
1
1
0
0
1
1
1
0
0
1
1
1
0
0
1
1
1
0
0
1
1
1
0
0
1
1
1
0
0
1
1
1
0
0
1
1
1
0
0
0
9 ms. Memory: 307712K Free: 291862K (95%)
ptolemy.util.test.WatchDog.cancel(): canceling Thu Oct 04 02:53:02 UTC 2018
------------------ testing $PTII/ptolemy/domains/de/test/auto/dynamicCausalityInterface1.xml
auto.tcl: Setting watchdog for 200 seconds at Thu Oct 04 02:53:03 UTC 2018
3 ms. Memory: 308736K Free: 289562K (94%)
ptolemy.util.test.WatchDog.cancel(): canceling Thu Oct 04 02:53:03 UTC 2018
auto.tcl: Setting watchdog for 200 seconds at Thu Oct 04 02:53:03 UTC 2018
1 ms. Memory: 308736K Free: 286227K (93%)
ptolemy.util.test.WatchDog.cancel(): canceling Thu Oct 04 02:53:03 UTC 2018
------------------ testing $PTII/ptolemy/domains/de/test/auto/fsm_de_test.xml
auto.tcl: Setting watchdog for 200 seconds at Thu Oct 04 02:53:03 UTC 2018
14 ms. Memory: 307712K Free: 288449K (94%)
ptolemy.util.test.WatchDog.cancel(): canceling Thu Oct 04 02:53:03 UTC 2018
auto.tcl: Setting watchdog for 200 seconds at Thu Oct 04 02:53:03 UTC 2018
5 ms. Memory: 307712K Free: 285129K (93%)
ptolemy.util.test.WatchDog.cancel(): canceling Thu Oct 04 02:53:03 UTC 2018
------------------ testing $PTII/ptolemy/domains/de/test/auto/functionDependencyReconstruction.xml
auto.tcl: Setting watchdog for 200 seconds at Thu Oct 04 02:53:03 UTC 2018
2 ms. Memory: 308736K Free: 282808K (92%)
ptolemy.util.test.WatchDog.cancel(): canceling Thu Oct 04 02:53:03 UTC 2018
auto.tcl: Setting watchdog for 200 seconds at Thu Oct 04 02:53:03 UTC 2018
3 ms. Memory: 308736K Free: 279473K (91%)
ptolemy.util.test.WatchDog.cancel(): canceling Thu Oct 04 02:53:03 UTC 2018
------------------ testing $PTII/ptolemy/domains/de/test/auto/multirate.xml
auto.tcl: Setting watchdog for 200 seconds at Thu Oct 04 02:53:03 UTC 2018
9 ms. Memory: 307712K Free: 291428K (95%)
ptolemy.util.test.WatchDog.cancel(): canceling Thu Oct 04 02:53:03 UTC 2018
auto.tcl: Setting watchdog for 200 seconds at Thu Oct 04 02:53:03 UTC 2018
3 ms. Memory: 307712K Free: 288109K (94%)
ptolemy.util.test.WatchDog.cancel(): canceling Thu Oct 04 02:53:03 UTC 2018
------------------ testing $PTII/ptolemy/domains/de/test/auto/multirate2.xml
auto.tcl: Setting watchdog for 200 seconds at Thu Oct 04 02:53:03 UTC 2018
6 ms. Memory: 308736K Free: 292655K (95%)
ptolemy.util.test.WatchDog.cancel(): canceling Thu Oct 04 02:53:03 UTC 2018
auto.tcl: Setting watchdog for 200 seconds at Thu Oct 04 02:53:03 UTC 2018
2 ms. Memory: 308736K Free: 289320K (94%)
ptolemy.util.test.WatchDog.cancel(): canceling Thu Oct 04 02:53:03 UTC 2018
------------------ testing $PTII/ptolemy/domains/de/test/auto/realtime.xml
auto.tcl: Setting watchdog for 200 seconds at Thu Oct 04 02:53:03 UTC 2018
10001 ms. Memory: 307712K Free: 291614K (95%)
ptolemy.util.test.WatchDog.cancel(): canceling Thu Oct 04 02:53:13 UTC 2018
auto.tcl: Setting watchdog for 200 seconds at Thu Oct 04 02:53:13 UTC 2018
10002 ms. Memory: 307712K Free: 291614K (95%)
ptolemy.util.test.WatchDog.cancel(): canceling Thu Oct 04 02:53:23 UTC 2018
------------------ testing $PTII/ptolemy/domains/de/test/auto/relationGroup.xml
auto.tcl: Setting watchdog for 200 seconds at Thu Oct 04 02:53:23 UTC 2018
1 ms. Memory: 308224K Free: 297751K (97%)
ptolemy.util.test.WatchDog.cancel(): canceling Thu Oct 04 02:53:23 UTC 2018
auto.tcl: Setting watchdog for 200 seconds at Thu Oct 04 02:53:23 UTC 2018
2 ms. Memory: 308224K Free: 297751K (97%)
ptolemy.util.test.WatchDog.cancel(): canceling Thu Oct 04 02:53:23 UTC 2018
------------------ testing $PTII/ptolemy/domains/de/test/auto/relationGroup2.xml
auto.tcl: Setting watchdog for 200 seconds at Thu Oct 04 02:53:23 UTC 2018
3 ms. Memory: 307712K Free: 295002K (96%)
ptolemy.util.test.WatchDog.cancel(): canceling Thu Oct 04 02:53:23 UTC 2018
auto.tcl: Setting watchdog for 200 seconds at Thu Oct 04 02:53:23 UTC 2018
1 ms. Memory: 307712K Free: 295002K (96%)
ptolemy.util.test.WatchDog.cancel(): canceling Thu Oct 04 02:53:23 UTC 2018
------------------ testing $PTII/ptolemy/domains/de/test/auto/sortWithOpaquePorts.xml
auto.tcl: Setting watchdog for 200 seconds at Thu Oct 04 02:53:23 UTC 2018
1 ms. Memory: 308224K Free: 292188K (95%)
ptolemy.util.test.WatchDog.cancel(): canceling Thu Oct 04 02:53:23 UTC 2018
auto.tcl: Setting watchdog for 200 seconds at Thu Oct 04 02:53:23 UTC 2018
2 ms. Memory: 308224K Free: 292188K (95%)
ptolemy.util.test.WatchDog.cancel(): canceling Thu Oct 04 02:53:23 UTC 2018
------------------ testing $PTII/ptolemy/domains/de/test/auto/transferInputsandOutputs.xml
auto.tcl: Setting watchdog for 200 seconds at Thu Oct 04 02:53:23 UTC 2018
1 ms. Memory: 307712K Free: 291655K (95%)
ptolemy.util.test.WatchDog.cancel(): canceling Thu Oct 04 02:53:23 UTC 2018
auto.tcl: Setting watchdog for 200 seconds at Thu Oct 04 02:53:23 UTC 2018
3 ms. Memory: 307712K Free: 288328K (94%)
ptolemy.util.test.WatchDog.cancel(): canceling Thu Oct 04 02:53:23 UTC 2018
------------------ testing $PTII/ptolemy/domains/de/test/auto/triggerType.xml
auto.tcl: Setting watchdog for 200 seconds at Thu Oct 04 02:53:23 UTC 2018
3 ms. Memory: 308224K Free: 295453K (96%)
ptolemy.util.test.WatchDog.cancel(): canceling Thu Oct 04 02:53:23 UTC 2018
auto.tcl: Setting watchdog for 200 seconds at Thu Oct 04 02:53:23 UTC 2018
2 ms. Memory: 308224K Free: 292133K (95%)
ptolemy.util.test.WatchDog.cancel(): canceling Thu Oct 04 02:53:23 UTC 2018
10/04/18 02:53:23
Failed: 0  Total Tests: 192  ((Passed: 187, Newly Passed: 1)  Known Failed: 5) /home/travis/build/icyphy/ptII/ptolemy/domains/de/test
10/04/18 02:53:23
Failed: 0  Total Tests: 192  ((Passed: 187, Newly Passed: 1)  Known Failed: 5) /home/travis/build/icyphy/ptII/ptolemy/domains/de/test
----------------- testing (KnownFailure) /home/travis/build/icyphy/ptII/ptolemy/domains/de/test/auto/knownFailedTests/DESDFClockTest.xml
2010 ms. Memory: 307712K Free: 285919K (93%)
Known Failure: java.lang.reflect.InvocationTargetException
----------------- testing (KnownFailure) /home/travis/build/icyphy/ptII/ptolemy/domains/de/test/auto/knownFailedTests/DirectFeedback.xml
1 ms. Memory: 307712K Free: 267814K (87%)
Known Failure: java.lang.reflect.InvocationTargetException
----------------- testing (KnownFailure) /home/travis/build/icyphy/ptII/ptolemy/domains/de/test/auto/knownFailedTests/FSMSource.xml
9 ms. Memory: 307712K Free: 245167K (80%)
----------------- testing (KnownFailure) /home/travis/build/icyphy/ptII/ptolemy/domains/de/test/auto/knownFailedTests/HierarchicalModel.xml
2 ms. Memory: 307712K Free: 222505K (72%)
Known Failure: java.lang.reflect.InvocationTargetException
----------------- testing (KnownFailure) /home/travis/build/icyphy/ptII/ptolemy/domains/de/test/auto/knownFailedTests/dependencyLoop.xml
6 ms. Memory: 307712K Free: 190790K (62%)
Known Failure: java.lang.reflect.InvocationTargetException
----------------- testing (KnownFailure) /home/travis/build/icyphy/ptII/ptolemy/domains/de/test/auto/knownFailedTests/dependencyLoop2.xml
3 ms. Memory: 307712K Free: 159075K (52%)
Known Failure: java.lang.reflect.InvocationTargetException
No auto/linux-amd64/*.xml tests in /home/travis/build/icyphy/ptII/ptolemy/domains/de/test
AutoTests.java: About to close Vertx.
AutoTests.java: Vertx closed.

===========================================================================================
----------------- testing Thu Oct 04 02:53:26 UTC 2018 /home/travis/build/icyphy/ptII/ptolemy/domains/de/test/auto/ActorDepthCalculation_actorWithoutPorts.xml
----------------- Instantiating /home/travis/build/icyphy/ptII/ptolemy/domains/de/test/auto/ActorDepthCalculation_actorWithoutPorts.xml
1 ms. Memory: 307712K Free: 131902K (43%)
----------------- Invoking toplevel() on ptolemy.moml.MoMLSimpleApplication@56e7743f
----------------- Done invoking toplevel() on ptolemy.moml.MoMLSimpleApplication@56e7743f
reloadAllAccessors: .ActorDepthCalculation_actorWithoutPorts

===========================================================================================
----------------- testing Thu Oct 04 02:53:26 UTC 2018 /home/travis/build/icyphy/ptII/ptolemy/domains/de/test/auto/AssemblyLine.xml
----------------- Instantiating /home/travis/build/icyphy/ptII/ptolemy/domains/de/test/auto/AssemblyLine.xml
2 ms. Memory: 307712K Free: 118308K (38%)
----------------- Invoking toplevel() on ptolemy.moml.MoMLSimpleApplication@3d3e4cb9
----------------- Done invoking toplevel() on ptolemy.moml.MoMLSimpleApplication@3d3e4cb9
reloadAllAccessors: .AssemblyLine

===========================================================================================
----------------- testing Thu Oct 04 02:53:26 UTC 2018 /home/travis/build/icyphy/ptII/ptolemy/domains/de/test/auto/CQBug1.xml
----------------- Instantiating /home/travis/build/icyphy/ptII/ptolemy/domains/de/test/auto/CQBug1.xml
1 ms. Memory: 307712K Free: 109256K (36%)
----------------- Invoking toplevel() on ptolemy.moml.MoMLSimpleApplication@5c774bb2
----------------- Done invoking toplevel() on ptolemy.moml.MoMLSimpleApplication@5c774bb2
reloadAllAccessors: .CQBug1

===========================================================================================
----------------- testing Thu Oct 04 02:53:26 UTC 2018 /home/travis/build/icyphy/ptII/ptolemy/domains/de/test/auto/CancelFireAt.xml
----------------- Instantiating /home/travis/build/icyphy/ptII/ptolemy/domains/de/test/auto/CancelFireAt.xml
1 ms. Memory: 307712K Free: 100203K (33%)
----------------- Invoking toplevel() on ptolemy.moml.MoMLSimpleApplication@1c8ffa91
----------------- Done invoking toplevel() on ptolemy.moml.MoMLSimpleApplication@1c8ffa91
reloadAllAccessors: .CancelFireAt

===========================================================================================
----------------- testing Thu Oct 04 02:53:26 UTC 2018 /home/travis/build/icyphy/ptII/ptolemy/domains/de/test/auto/CausalityAndComposabilityAnalysis.xml
----------------- Instantiating /home/travis/build/icyphy/ptII/ptolemy/domains/de/test/auto/CausalityAndComposabilityAnalysis.xml
1 ms. Memory: 307712K Free: 91151K (30%)
----------------- Invoking toplevel() on ptolemy.moml.MoMLSimpleApplication@29dc7c4
----------------- Done invoking toplevel() on ptolemy.moml.MoMLSimpleApplication@29dc7c4
reloadAllAccessors: .CausalityAndComposabilityAnalysis

===========================================================================================
----------------- testing Thu Oct 04 02:53:26 UTC 2018 /home/travis/build/icyphy/ptII/ptolemy/domains/de/test/auto/CausalityInterface1.xml
----------------- Instantiating /home/travis/build/icyphy/ptII/ptolemy/domains/de/test/auto/CausalityInterface1.xml
5 ms. Memory: 307712K Free: 78780K (26%)
----------------- Invoking toplevel() on ptolemy.moml.MoMLSimpleApplication@13c3fded
----------------- Done invoking toplevel() on ptolemy.moml.MoMLSimpleApplication@13c3fded
reloadAllAccessors: .CausalityInterface1

===========================================================================================
----------------- testing Thu Oct 04 02:53:26 UTC 2018 /home/travis/build/icyphy/ptII/ptolemy/domains/de/test/auto/CausalityInterface15.xml
----------------- Instantiating /home/travis/build/icyphy/ptII/ptolemy/domains/de/test/auto/CausalityInterface15.xml
1 ms. Memory: 298496K Free: 286611K (96%)
----------------- Invoking toplevel() on ptolemy.moml.MoMLSimpleApplication@ca9e816
----------------- Done invoking toplevel() on ptolemy.moml.MoMLSimpleApplication@ca9e816
reloadAllAccessors: .CausalityInterface15

[...]
java.lang.RuntimeException: Execution failed
	at ptolemy.moml.MoMLSimpleApplication$UnloadThread.run(MoMLSimpleApplication.java:402)
Caused by: ptolemy.kernel.util.IllegalActionException: Test fails in iteration 1.
Value was: 1.0. Should have been: 2.0
  in .DirectFeedback.Test
	at ptolemy.actor.lib.Test.fire(Test.java:268)
	at ptolemy.domains.de.kernel.DEDirector._fire(DEDirector.java:1949)
	at ptolemy.domains.de.kernel.DEDirector.fire(DEDirector.java:502)
	at ptolemy.actor.CompositeActor.fire(CompositeActor.java:455)
	at ptolemy.actor.Manager.iterate(Manager.java:851)
	at ptolemy.actor.Manager.execute(Manager.java:369)
	at ptolemy.actor.Manager.run(Manager.java:1263)
	at ptolemy.actor.Manager$PtolemyRunThread.run(Manager.java:1915)
java.lang.RuntimeException: Execution failed
	at ptolemy.moml.MoMLSimpleApplication$UnloadThread.run(MoMLSimpleApplication.java:402)
Caused by: ptolemy.kernel.util.IllegalActionException: Actor is not ready to fire.  Perhaps UpSample.prefire() returned false? Try debugging the actor by selecting "Listen to Actor".  Also, for SDF check moml for tokenConsumptionRate on input.
  in .DESDFClockTest.Play Bell.Copy1:SDF Director and .DESDFClockTest.Play Bell.UpSample
	at ptolemy.actor.sched.StaticSchedulingDirector.fire(StaticSchedulingDirector.java:227)
	at ptolemy.domains.sdf.kernel.SDFDirector.fire(SDFDirector.java:500)
	at ptolemy.actor.CompositeActor.fire(CompositeActor.java:455)
	at ptolemy.domains.de.kernel.DEDirector._fire(DEDirector.java:1949)
	at ptolemy.domains.de.kernel.DEDirector.fire(DEDirector.java:502)
	at ptolemy.actor.CompositeActor.fire(CompositeActor.java:455)
	at ptolemy.actor.Manager.iterate(Manager.java:851)
	at ptolemy.actor.Manager.execute(Manager.java:369)
	at ptolemy.actor.Manager.run(Manager.java:1263)
	at ptolemy.actor.Manager$PtolemyRunThread.run(Manager.java:1915)
java.lang.reflect.InvocationTargetException
	at sun.reflect.NativeConstructorAccessorImpl.newInstance0(Native Method)
	at sun.reflect.NativeConstructorAccessorImpl.newInstance(NativeConstructorAccessorImpl.java:62)
	at sun.reflect.DelegatingConstructorAccessorImpl.newInstance(DelegatingConstructorAccessorImpl.java:45)
	at java.lang.reflect.Constructor.newInstance(Constructor.java:423)
	at ptolemy.util.test.junit.AutoKnownFailedTests.RunModel(AutoKnownFailedTests.java:107)
	at sun.reflect.NativeMethodAccessorImpl.invoke0(Native Method)
	at sun.reflect.NativeMethodAccessorImpl.invoke(NativeMethodAccessorImpl.java:62)
	at sun.reflect.DelegatingMethodAccessorImpl.invoke(DelegatingMethodAccessorImpl.java:43)
	at java.lang.reflect.Method.invoke(Method.java:498)
	at org.junit.runners.model.FrameworkMethod$1.runReflectiveCall(FrameworkMethod.java:44)
	at org.junit.internal.runners.model.ReflectiveCallable.run(ReflectiveCallable.java:15)
	at org.junit.runners.model.FrameworkMethod.invokeExplosively(FrameworkMethod.java:41)
	at junitparams.internal.InvokeParameterisedMethod.evaluate(InvokeParameterisedMethod.java:102)
	at org.junit.internal.runners.statements.FailOnTimeout$1.run(FailOnTimeout.java:28)
Caused by: ptolemy.kernel.util.IllegalActionException: Actor is not ready to fire.  Perhaps UpSample.prefire() returned false? Try debugging the actor by selecting "Listen to Actor".  Also, for SDF check moml for tokenConsumptionRate on input.
  in .DESDFClockTest.Play Bell.Copy1:SDF Director and .DESDFClockTest.Play Bell.UpSample
	at ptolemy.actor.sched.StaticSchedulingDirector.fire(StaticSchedulingDirector.java:227)
	at ptolemy.domains.sdf.kernel.SDFDirector.fire(SDFDirector.java:500)
	at ptolemy.actor.CompositeActor.fire(CompositeActor.java:455)
	at ptolemy.domains.de.kernel.DEDirector._fire(DEDirector.java:1949)
	at ptolemy.domains.de.kernel.DEDirector.fire(DEDirector.java:502)
	at ptolemy.actor.CompositeActor.fire(CompositeActor.java:455)
	at ptolemy.actor.Manager.iterate(Manager.java:851)
	at ptolemy.actor.Manager.execute(Manager.java:369)
	at ptolemy.actor.Manager.run(Manager.java:1263)
	at ptolemy.actor.Manager$PtolemyRunThread.run(Manager.java:1915)
java.lang.RuntimeException: Execution failed
	at ptolemy.moml.MoMLSimpleApplication$UnloadThread.run(MoMLSimpleApplication.java:402)
Caused by: ptolemy.kernel.util.IllegalActionException: Test fails in iteration 1.
Value was: 1.0. Should have been: 2.0
  in .DirectFeedback.Test
	at ptolemy.actor.lib.Test.fire(Test.java:268)
	at ptolemy.domains.de.kernel.DEDirector._fire(DEDirector.java:1949)
	at ptolemy.domains.de.kernel.DEDirector.fire(DEDirector.java:502)
	at ptolemy.actor.CompositeActor.fire(CompositeActor.java:455)
	at ptolemy.actor.Manager.iterate(Manager.java:851)
	at ptolemy.actor.Manager.execute(Manager.java:369)
	at ptolemy.actor.Manager.run(Manager.java:1263)
	at ptolemy.actor.Manager$PtolemyRunThread.run(Manager.java:1915)
java.lang.reflect.InvocationTargetException
	at sun.reflect.NativeConstructorAccessorImpl.newInstance0(Native Method)
	at sun.reflect.NativeConstructorAccessorImpl.newInstance(NativeConstructorAccessorImpl.java:62)
	at sun.reflect.DelegatingConstructorAccessorImpl.newInstance(DelegatingConstructorAccessorImpl.java:45)
	at java.lang.reflect.Constructor.newInstance(Constructor.java:423)
	at ptolemy.util.test.junit.AutoKnownFailedTests.RunModel(AutoKnownFailedTests.java:107)
	at sun.reflect.NativeMethodAccessorImpl.invoke0(Native Method)
	at sun.reflect.NativeMethodAccessorImpl.invoke(NativeMethodAccessorImpl.java:62)
	at sun.reflect.DelegatingMethodAccessorImpl.invoke(DelegatingMethodAccessorImpl.java:43)
	at java.lang.reflect.Method.invoke(Method.java:498)
	at org.junit.runners.model.FrameworkMethod$1.runReflectiveCall(FrameworkMethod.java:44)
	at org.junit.internal.runners.model.ReflectiveCallable.run(ReflectiveCallable.java:15)
	at org.junit.runners.model.FrameworkMethod.invokeExplosively(FrameworkMethod.java:41)
	at junitparams.internal.InvokeParameterisedMethod.evaluate(InvokeParameterisedMethod.java:102)
	at org.junit.internal.runners.statements.FailOnTimeout$1.run(FailOnTimeout.java:28)
Caused by: ptolemy.kernel.util.IllegalActionException: Test fails in iteration 1.
Value was: 1.0. Should have been: 2.0
  in .DirectFeedback.Test
	at ptolemy.actor.lib.Test.fire(Test.java:268)
	at ptolemy.domains.de.kernel.DEDirector._fire(DEDirector.java:1949)
	at ptolemy.domains.de.kernel.DEDirector.fire(DEDirector.java:502)
	at ptolemy.actor.CompositeActor.fire(CompositeActor.java:455)
	at ptolemy.actor.Manager.iterate(Manager.java:851)
	at ptolemy.actor.Manager.execute(Manager.java:369)
	at ptolemy.actor.Manager.run(Manager.java:1263)
	at ptolemy.actor.Manager$PtolemyRunThread.run(Manager.java:1915)
java.lang.RuntimeException: Execution failed
	at ptolemy.moml.MoMLSimpleApplication$UnloadThread.run(MoMLSimpleApplication.java:402)
Caused by: ptolemy.kernel.util.IllegalActionException: Found a zero delay loop containing .HierarchicalModel.A
  in .HierarchicalModel and .HierarchicalModel.A
	at ptolemy.actor.util.CausalityInterfaceForComposites._computeOutputPortDepth(CausalityInterfaceForComposites.java:759)
	at ptolemy.actor.util.CausalityInterfaceForComposites._computeInputDepth(CausalityInterfaceForComposites.java:696)
	at ptolemy.actor.util.CausalityInterfaceForComposites._computeOutputPortDepth(CausalityInterfaceForComposites.java:765)
	at ptolemy.actor.util.CausalityInterfaceForComposites._computeInputDepth(CausalityInterfaceForComposites.java:696)
	at ptolemy.actor.util.CausalityInterfaceForComposites._computeOutputPortDepth(CausalityInterfaceForComposites.java:765)
	at ptolemy.actor.util.CausalityInterfaceForComposites._computeInputDepth(CausalityInterfaceForComposites.java:696)
	at ptolemy.actor.util.CausalityInterfaceForComposites._computeActorDepth(CausalityInterfaceForComposites.java:532)
	at ptolemy.actor.util.CausalityInterfaceForComposites.checkForCycles(CausalityInterfaceForComposites.java:96)
	at ptolemy.domains.de.kernel.DEDirector.preinitialize(DEDirector.java:1338)
	at ptolemy.actor.CompositeActor.preinitialize(CompositeActor.java:1828)
	at ptolemy.actor.Manager.preinitializeAndResolveTypes(Manager.java:1040)
	at ptolemy.actor.Manager.initialize(Manager.java:710)
	at ptolemy.actor.Manager.execute(Manager.java:356)
	at ptolemy.actor.Manager.run(Manager.java:1263)
	at ptolemy.actor.Manager$PtolemyRunThread.run(Manager.java:1915)
java.lang.reflect.InvocationTargetException
	at sun.reflect.NativeConstructorAccessorImpl.newInstance0(Native Method)
	at sun.reflect.NativeConstructorAccessorImpl.newInstance(NativeConstructorAccessorImpl.java:62)
	at sun.reflect.DelegatingConstructorAccessorImpl.newInstance(DelegatingConstructorAccessorImpl.java:45)
	at java.lang.reflect.Constructor.newInstance(Constructor.java:423)
	at ptolemy.util.test.junit.AutoKnownFailedTests.RunModel(AutoKnownFailedTests.java:107)
	at sun.reflect.NativeMethodAccessorImpl.invoke0(Native Method)
	at sun.reflect.NativeMethodAccessorImpl.invoke(NativeMethodAccessorImpl.java:62)
	at sun.reflect.DelegatingMethodAccessorImpl.invoke(DelegatingMethodAccessorImpl.java:43)
	at java.lang.reflect.Method.invoke(Method.java:498)
	at org.junit.runners.model.FrameworkMethod$1.runReflectiveCall(FrameworkMethod.java:44)
	at org.junit.internal.runners.model.ReflectiveCallable.run(ReflectiveCallable.java:15)
	at org.junit.runners.model.FrameworkMethod.invokeExplosively(FrameworkMethod.java:41)
	at junitparams.internal.InvokeParameterisedMethod.evaluate(InvokeParameterisedMethod.java:102)
	at org.junit.internal.runners.statements.FailOnTimeout$1.run(FailOnTimeout.java:28)
Caused by: ptolemy.kernel.util.IllegalActionException: Found a zero delay loop containing .HierarchicalModel.A
  in .HierarchicalModel and .HierarchicalModel.A
	at ptolemy.actor.util.CausalityInterfaceForComposites._computeOutputPortDepth(CausalityInterfaceForComposites.java:759)
	at ptolemy.actor.util.CausalityInterfaceForComposites._computeInputDepth(CausalityInterfaceForComposites.java:696)
	at ptolemy.actor.util.CausalityInterfaceForComposites._computeOutputPortDepth(CausalityInterfaceForComposites.java:765)
	at ptolemy.actor.util.CausalityInterfaceForComposites._computeInputDepth(CausalityInterfaceForComposites.java:696)
	at ptolemy.actor.util.CausalityInterfaceForComposites._computeOutputPortDepth(CausalityInterfaceForComposites.java:765)
	at ptolemy.actor.util.CausalityInterfaceForComposites._computeInputDepth(CausalityInterfaceForComposites.java:696)
	at ptolemy.actor.util.CausalityInterfaceForComposites._computeActorDepth(CausalityInterfaceForComposites.java:532)
	at ptolemy.actor.util.CausalityInterfaceForComposites.checkForCycles(CausalityInterfaceForComposites.java:96)
	at ptolemy.domains.de.kernel.DEDirector.preinitialize(DEDirector.java:1338)
	at ptolemy.actor.CompositeActor.preinitialize(CompositeActor.java:1828)
	at ptolemy.actor.Manager.preinitializeAndResolveTypes(Manager.java:1040)
	at ptolemy.actor.Manager.initialize(Manager.java:710)
	at ptolemy.actor.Manager.execute(Manager.java:356)
	at ptolemy.actor.Manager.run(Manager.java:1263)
	at ptolemy.actor.Manager$PtolemyRunThread.run(Manager.java:1915)
java.lang.RuntimeException: Execution failed
	at ptolemy.moml.MoMLSimpleApplication$UnloadThread.run(MoMLSimpleApplication.java:402)
Caused by: ptolemy.kernel.util.IllegalActionException: Found a zero delay loop containing .dependencyLoop.original
  in .dependencyLoop and .dependencyLoop.original
	at ptolemy.actor.util.CausalityInterfaceForComposites._computeOutputPortDepth(CausalityInterfaceForComposites.java:759)
	at ptolemy.actor.util.CausalityInterfaceForComposites._computeInputDepth(CausalityInterfaceForComposites.java:696)
	at ptolemy.actor.util.CausalityInterfaceForComposites._computeOutputPortDepth(CausalityInterfaceForComposites.java:765)
	at ptolemy.actor.util.CausalityInterfaceForComposites._computeInputDepth(CausalityInterfaceForComposites.java:696)
	at ptolemy.actor.util.CausalityInterfaceForComposites._computeOutputPortDepth(CausalityInterfaceForComposites.java:765)
	at ptolemy.actor.util.CausalityInterfaceForComposites._computeInputDepth(CausalityInterfaceForComposites.java:696)
	at ptolemy.actor.util.CausalityInterfaceForComposites._computeActorDepth(CausalityInterfaceForComposites.java:532)
	at ptolemy.actor.util.CausalityInterfaceForComposites.checkForCycles(CausalityInterfaceForComposites.java:96)
	at ptolemy.domains.de.kernel.DEDirector.preinitialize(DEDirector.java:1338)
	at ptolemy.actor.CompositeActor.preinitialize(CompositeActor.java:1828)
	at ptolemy.actor.Manager.preinitializeAndResolveTypes(Manager.java:1040)
	at ptolemy.actor.Manager.initialize(Manager.java:710)
	at ptolemy.actor.Manager.execute(Manager.java:356)
	at ptolemy.actor.Manager.run(Manager.java:1263)
	at ptolemy.actor.Manager$PtolemyRunThread.run(Manager.java:1915)
java.lang.reflect.InvocationTargetException
	at sun.reflect.NativeConstructorAccessorImpl.newInstance0(Native Method)
	at sun.reflect.NativeConstructorAccessorImpl.newInstance(NativeConstructorAccessorImpl.java:62)
	at sun.reflect.DelegatingConstructorAccessorImpl.newInstance(DelegatingConstructorAccessorImpl.java:45)
	at java.lang.reflect.Constructor.newInstance(Constructor.java:423)
	at ptolemy.util.test.junit.AutoKnownFailedTests.RunModel(AutoKnownFailedTests.java:107)
	at sun.reflect.NativeMethodAccessorImpl.invoke0(Native Method)
	at sun.reflect.NativeMethodAccessorImpl.invoke(NativeMethodAccessorImpl.java:62)
	at sun.reflect.DelegatingMethodAccessorImpl.invoke(DelegatingMethodAccessorImpl.java:43)
	at java.lang.reflect.Method.invoke(Method.java:498)
	at org.junit.runners.model.FrameworkMethod$1.runReflectiveCall(FrameworkMethod.java:44)
	at org.junit.internal.runners.model.ReflectiveCallable.run(ReflectiveCallable.java:15)
	at org.junit.runners.model.FrameworkMethod.invokeExplosively(FrameworkMethod.java:41)
	at junitparams.internal.InvokeParameterisedMethod.evaluate(InvokeParameterisedMethod.java:102)
	at org.junit.internal.runners.statements.FailOnTimeout$1.run(FailOnTimeout.java:28)
Caused by: ptolemy.kernel.util.IllegalActionException: Found a zero delay loop containing .dependencyLoop.original
  in .dependencyLoop and .dependencyLoop.original
	at ptolemy.actor.util.CausalityInterfaceForComposites._computeOutputPortDepth(CausalityInterfaceForComposites.java:759)
	at ptolemy.actor.util.CausalityInterfaceForComposites._computeInputDepth(CausalityInterfaceForComposites.java:696)
	at ptolemy.actor.util.CausalityInterfaceForComposites._computeOutputPortDepth(CausalityInterfaceForComposites.java:765)
	at ptolemy.actor.util.CausalityInterfaceForComposites._computeInputDepth(CausalityInterfaceForComposites.java:696)
	at ptolemy.actor.util.CausalityInterfaceForComposites._computeOutputPortDepth(CausalityInterfaceForComposites.java:765)
	at ptolemy.actor.util.CausalityInterfaceForComposites._computeInputDepth(CausalityInterfaceForComposites.java:696)
	at ptolemy.actor.util.CausalityInterfaceForComposites._computeActorDepth(CausalityInterfaceForComposites.java:532)
	at ptolemy.actor.util.CausalityInterfaceForComposites.checkForCycles(CausalityInterfaceForComposites.java:96)
	at ptolemy.domains.de.kernel.DEDirector.preinitialize(DEDirector.java:1338)
	at ptolemy.actor.CompositeActor.preinitialize(CompositeActor.java:1828)
	at ptolemy.actor.Manager.preinitializeAndResolveTypes(Manager.java:1040)
	at ptolemy.actor.Manager.initialize(Manager.java:710)
	at ptolemy.actor.Manager.execute(Manager.java:356)
	at ptolemy.actor.Manager.run(Manager.java:1263)
	at ptolemy.actor.Manager$PtolemyRunThread.run(Manager.java:1915)
java.lang.RuntimeException: Execution failed
	at ptolemy.moml.MoMLSimpleApplication$UnloadThread.run(MoMLSimpleApplication.java:402)
Caused by: ptolemy.kernel.util.IllegalActionException: Found a zero delay loop containing .dependencyLoop2.original
  in .dependencyLoop2 and .dependencyLoop2.original
	at ptolemy.actor.util.CausalityInterfaceForComposites._computeOutputPortDepth(CausalityInterfaceForComposites.java:759)
	at ptolemy.actor.util.CausalityInterfaceForComposites._computeInputDepth(CausalityInterfaceForComposites.java:696)
	at ptolemy.actor.util.CausalityInterfaceForComposites._computeOutputPortDepth(CausalityInterfaceForComposites.java:765)
	at ptolemy.actor.util.CausalityInterfaceForComposites._computeInputDepth(CausalityInterfaceForComposites.java:696)
	at ptolemy.actor.util.CausalityInterfaceForComposites._computeOutputPortDepth(CausalityInterfaceForComposites.java:765)
	at ptolemy.actor.util.CausalityInterfaceForComposites._computeInputDepth(CausalityInterfaceForComposites.java:696)
	at ptolemy.actor.util.CausalityInterfaceForComposites._computeActorDepth(CausalityInterfaceForComposites.java:532)
	at ptolemy.actor.util.CausalityInterfaceForComposites.checkForCycles(CausalityInterfaceForComposites.java:96)
	at ptolemy.domains.de.kernel.DEDirector.preinitialize(DEDirector.java:1338)
	at ptolemy.actor.CompositeActor.preinitialize(CompositeActor.java:1828)
	at ptolemy.actor.Manager.preinitializeAndResolveTypes(Manager.java:1040)
	at ptolemy.actor.Manager.initialize(Manager.java:710)
	at ptolemy.actor.Manager.execute(Manager.java:356)
	at ptolemy.actor.Manager.run(Manager.java:1263)
	at ptolemy.actor.Manager$PtolemyRunThread.run(Manager.java:1915)
java.lang.reflect.InvocationTargetException
	at sun.reflect.NativeConstructorAccessorImpl.newInstance0(Native Method)
	at sun.reflect.NativeConstructorAccessorImpl.newInstance(NativeConstructorAccessorImpl.java:62)
	at sun.reflect.DelegatingConstructorAccessorImpl.newInstance(DelegatingConstructorAccessorImpl.java:45)
	at java.lang.reflect.Constructor.newInstance(Constructor.java:423)
	at ptolemy.util.test.junit.AutoKnownFailedTests.RunModel(AutoKnownFailedTests.java:107)
	at sun.reflect.NativeMethodAccessorImpl.invoke0(Native Method)
	at sun.reflect.NativeMethodAccessorImpl.invoke(NativeMethodAccessorImpl.java:62)
	at sun.reflect.DelegatingMethodAccessorImpl.invoke(DelegatingMethodAccessorImpl.java:43)
	at java.lang.reflect.Method.invoke(Method.java:498)
	at org.junit.runners.model.FrameworkMethod$1.runReflectiveCall(FrameworkMethod.java:44)
	at org.junit.internal.runners.model.ReflectiveCallable.run(ReflectiveCallable.java:15)
	at org.junit.runners.model.FrameworkMethod.invokeExplosively(FrameworkMethod.java:41)
	at junitparams.internal.InvokeParameterisedMethod.evaluate(InvokeParameterisedMethod.java:102)
	at org.junit.internal.runners.statements.FailOnTimeout$1.run(FailOnTimeout.java:28)
Caused by: ptolemy.kernel.util.IllegalActionException: Found a zero delay loop containing .dependencyLoop2.original
  in .dependencyLoop2 and .dependencyLoop2.original
	at ptolemy.actor.util.CausalityInterfaceForComposites._computeOutputPortDepth(CausalityInterfaceForComposites.java:759)
	at ptolemy.actor.util.CausalityInterfaceForComposites._computeInputDepth(CausalityInterfaceForComposites.java:696)
	at ptolemy.actor.util.CausalityInterfaceForComposites._computeOutputPortDepth(CausalityInterfaceForComposites.java:765)
	at ptolemy.actor.util.CausalityInterfaceForComposites._computeInputDepth(CausalityInterfaceForComposites.java:696)
	at ptolemy.actor.util.CausalityInterfaceForComposites._computeOutputPortDepth(CausalityInterfaceForComposites.java:765)
	at ptolemy.actor.util.CausalityInterfaceForComposites._computeInputDepth(CausalityInterfaceForComposites.java:696)
	at ptolemy.actor.util.CausalityInterfaceForComposites._computeActorDepth(CausalityInterfaceForComposites.java:532)
	at ptolemy.actor.util.CausalityInterfaceForComposites.checkForCycles(CausalityInterfaceForComposites.java:96)
	at ptolemy.domains.de.kernel.DEDirector.preinitialize(DEDirector.java:1338)
	at ptolemy.actor.CompositeActor.preinitialize(CompositeActor.java:1828)
	at ptolemy.actor.Manager.preinitializeAndResolveTypes(Manager.java:1040)
	at ptolemy.actor.Manager.initialize(Manager.java:710)
	at ptolemy.actor.Manager.execute(Manager.java:356)
	at ptolemy.actor.Manager.run(Manager.java:1263)
	at ptolemy.actor.Manager$PtolemyRunThread.run(Manager.java:1915)
]]></system-err>
</testsuite>
