<?xml version="1.0" encoding="UTF-8" ?>
<testsuite errors="0" failures="0" hostname="travis-job-beef9a34-6c30-4812-a05e-914a84a83270" name="ptolemy.domains.modal.test.junit.JUnitTclTest" skipped="0" tests="148" time="10.755" timestamp="2019-07-10T22:31:28">
  <properties>
[...]
</properties>
  <testcase classname="ptolemy.util.test.junit.TclTests" name="[0] /home/travis/build/icyphy/ptII/ptolemy/domains/modal/test/SystemLevelType.tcl (RunTclFile)" time="2.068" />
  <testcase classname="ptolemy.util.test.junit.AutoKnownFailedTests" name="[0] /home/travis/build/icyphy/ptII/ptolemy/domains/modal/test/auto/knownFailedTests/CannotAnalysisWithPreemption.xml (RunModel)" time="0.333" />
  <testcase classname="ptolemy.util.test.junit.AutoNameArchTests" name="[0] ThereAreNoAutoArchTests (RunModel)" time="0.002" />
  <testcase classname="ptolemy.util.test.junit.AutoTests" name="[0] /home/travis/build/icyphy/ptII/ptolemy/domains/modal/test/auto/ABPTest.xml (RunModel)" time="0.843" />
  <testcase classname="ptolemy.util.test.junit.AutoTests" name="[1] /home/travis/build/icyphy/ptII/ptolemy/domains/modal/test/auto/ABROFlat.xml (RunModel)" time="0.117" />
  <testcase classname="ptolemy.util.test.junit.AutoTests" name="[2] /home/travis/build/icyphy/ptII/ptolemy/domains/modal/test/auto/ABROFlat2.xml (RunModel)" time="0.085" />
  <testcase classname="ptolemy.util.test.junit.AutoTests" name="[3] /home/travis/build/icyphy/ptII/ptolemy/domains/modal/test/auto/ABRO_present_hmm.xml (RunModel)" time="0.121" />
  <testcase classname="ptolemy.util.test.junit.AutoTests" name="[4] /home/travis/build/icyphy/ptII/ptolemy/domains/modal/test/auto/AMICoderExample.xml (RunModel)" time="0.088" />
  <testcase classname="ptolemy.util.test.junit.AutoTests" name="[5] /home/travis/build/icyphy/ptII/ptolemy/domains/modal/test/auto/AbsentToPresent.xml (RunModel)" time="0.024" />
  <testcase classname="ptolemy.util.test.junit.AutoTests" name="[6] /home/travis/build/icyphy/ptII/ptolemy/domains/modal/test/auto/Blending.xml (RunModel)" time="0.273" />
  <testcase classname="ptolemy.util.test.junit.AutoTests" name="[7] /home/travis/build/icyphy/ptII/ptolemy/domains/modal/test/auto/Broadcast.xml (RunModel)" time="0.053" />
  <testcase classname="ptolemy.util.test.junit.AutoTests" name="[8] /home/travis/build/icyphy/ptII/ptolemy/domains/modal/test/auto/BroadcastHierarchy.xml (RunModel)" time="0.055" />
  <testcase classname="ptolemy.util.test.junit.AutoTests" name="[9] /home/travis/build/icyphy/ptII/ptolemy/domains/modal/test/auto/BroadcastHierarchy2.xml (RunModel)" time="0.117" />
  <testcase classname="ptolemy.util.test.junit.AutoTests" name="[10] /home/travis/build/icyphy/ptII/ptolemy/domains/modal/test/auto/BroadcastHierarchy3.xml (RunModel)" time="0.085" />
  <testcase classname="ptolemy.util.test.junit.AutoTests" name="[11] /home/travis/build/icyphy/ptII/ptolemy/domains/modal/test/auto/BroadcastHierarchy4.xml (RunModel)" time="0.094" />
  <testcase classname="ptolemy.util.test.junit.AutoTests" name="[12] /home/travis/build/icyphy/ptII/ptolemy/domains/modal/test/auto/CannotAnalysisWithPreemption2.xml (RunModel)" time="0.035" />
  <testcase classname="ptolemy.util.test.junit.AutoTests" name="[13] /home/travis/build/icyphy/ptII/ptolemy/domains/modal/test/auto/CannotAnalysisWithPreemption3.xml (RunModel)" time="0.038" />
  <testcase classname="ptolemy.util.test.junit.AutoTests" name="[14] /home/travis/build/icyphy/ptII/ptolemy/domains/modal/test/auto/CannotProduce.xml (RunModel)" time="0.037" />
  <testcase classname="ptolemy.util.test.junit.AutoTests" name="[15] /home/travis/build/icyphy/ptII/ptolemy/domains/modal/test/auto/CannotProduceModal.xml (RunModel)" time="0.037" />
  <testcase classname="ptolemy.util.test.junit.AutoTests" name="[16] /home/travis/build/icyphy/ptII/ptolemy/domains/modal/test/auto/Case.xml (RunModel)" time="0.068" />
  <testcase classname="ptolemy.util.test.junit.AutoTests" name="[17] /home/travis/build/icyphy/ptII/ptolemy/domains/modal/test/auto/Case1.xml (RunModel)" time="0.033" />
  <testcase classname="ptolemy.util.test.junit.AutoTests" name="[18] /home/travis/build/icyphy/ptII/ptolemy/domains/modal/test/auto/Case2.xml (RunModel)" time="0.048" />
  <testcase classname="ptolemy.util.test.junit.AutoTests" name="[19] /home/travis/build/icyphy/ptII/ptolemy/domains/modal/test/auto/CausalityInterface1.xml (RunModel)" time="0.033" />
  <testcase classname="ptolemy.util.test.junit.AutoTests" name="[20] /home/travis/build/icyphy/ptII/ptolemy/domains/modal/test/auto/CausalityInterface10.xml (RunModel)" time="0.054" />
  <testcase classname="ptolemy.util.test.junit.AutoTests" name="[21] /home/travis/build/icyphy/ptII/ptolemy/domains/modal/test/auto/CausalityInterface11.xml (RunModel)" time="0.044" />
  <testcase classname="ptolemy.util.test.junit.AutoTests" name="[22] /home/travis/build/icyphy/ptII/ptolemy/domains/modal/test/auto/CausalityInterface12.xml (RunModel)" time="0.06" />
  <testcase classname="ptolemy.util.test.junit.AutoTests" name="[23] /home/travis/build/icyphy/ptII/ptolemy/domains/modal/test/auto/CausalityInterface13.xml (RunModel)" time="0.062" />
  <testcase classname="ptolemy.util.test.junit.AutoTests" name="[24] /home/travis/build/icyphy/ptII/ptolemy/domains/modal/test/auto/CausalityInterface14.xml (RunModel)" time="0.046" />
  <testcase classname="ptolemy.util.test.junit.AutoTests" name="[25] /home/travis/build/icyphy/ptII/ptolemy/domains/modal/test/auto/CausalityInterface2.xml (RunModel)" time="0.025" />
  <testcase classname="ptolemy.util.test.junit.AutoTests" name="[26] /home/travis/build/icyphy/ptII/ptolemy/domains/modal/test/auto/CausalityInterface3.xml (RunModel)" time="0.021" />
  <testcase classname="ptolemy.util.test.junit.AutoTests" name="[27] /home/travis/build/icyphy/ptII/ptolemy/domains/modal/test/auto/CausalityInterface4.xml (RunModel)" time="0.021" />
  <testcase classname="ptolemy.util.test.junit.AutoTests" name="[28] /home/travis/build/icyphy/ptII/ptolemy/domains/modal/test/auto/CausalityInterface5.xml (RunModel)" time="0.036" />
  <testcase classname="ptolemy.util.test.junit.AutoTests" name="[29] /home/travis/build/icyphy/ptII/ptolemy/domains/modal/test/auto/CausalityInterface6.xml (RunModel)" time="0.032" />
  <testcase classname="ptolemy.util.test.junit.AutoTests" name="[30] /home/travis/build/icyphy/ptII/ptolemy/domains/modal/test/auto/CausalityInterface7.xml (RunModel)" time="0.031" />
  <testcase classname="ptolemy.util.test.junit.AutoTests" name="[31] /home/travis/build/icyphy/ptII/ptolemy/domains/modal/test/auto/CausalityInterface8.xml (RunModel)" time="0.031" />
  <testcase classname="ptolemy.util.test.junit.AutoTests" name="[32] /home/travis/build/icyphy/ptII/ptolemy/domains/modal/test/auto/CausalityInterface9.xml (RunModel)" time="0.044" />
  <testcase classname="ptolemy.util.test.junit.AutoTests" name="[33] /home/travis/build/icyphy/ptII/ptolemy/domains/modal/test/auto/ChainedTransitions.xml (RunModel)" time="0.145" />
  <testcase classname="ptolemy.util.test.junit.AutoTests" name="[34] /home/travis/build/icyphy/ptII/ptolemy/domains/modal/test/auto/CycleOfImmediateTransitionsFSM.xml (RunModel)" time="0.02" />
  <testcase classname="ptolemy.util.test.junit.AutoTests" name="[35] /home/travis/build/icyphy/ptII/ptolemy/domains/modal/test/auto/CycleOfImmediateTransitionsModal.xml (RunModel)" time="0.023" />
  <testcase classname="ptolemy.util.test.junit.AutoTests" name="[36] /home/travis/build/icyphy/ptII/ptolemy/domains/modal/test/auto/CycleOfImmediateTransitionsModal2.xml (RunModel)" time="0.034" />
  <testcase classname="ptolemy.util.test.junit.AutoTests" name="[37] /home/travis/build/icyphy/ptII/ptolemy/domains/modal/test/auto/CycleOfImmediateTransitionsModal3.xml (RunModel)" time="0.098" />
  <testcase classname="ptolemy.util.test.junit.AutoTests" name="[38] /home/travis/build/icyphy/ptII/ptolemy/domains/modal/test/auto/DeepModal1.xml (RunModel)" time="0.061" />
  <testcase classname="ptolemy.util.test.junit.AutoTests" name="[39] /home/travis/build/icyphy/ptII/ptolemy/domains/modal/test/auto/DeepModal2.xml (RunModel)" time="0.072" />
  <testcase classname="ptolemy.util.test.junit.AutoTests" name="[40] /home/travis/build/icyphy/ptII/ptolemy/domains/modal/test/auto/DeepModal3.xml (RunModel)" time="0.078" />
  <testcase classname="ptolemy.util.test.junit.AutoTests" name="[41] /home/travis/build/icyphy/ptII/ptolemy/domains/modal/test/auto/DeepModal4.xml (RunModel)" time="0.08" />
  <testcase classname="ptolemy.util.test.junit.AutoTests" name="[42] /home/travis/build/icyphy/ptII/ptolemy/domains/modal/test/auto/Default1.xml (RunModel)" time="0.025" />
  <testcase classname="ptolemy.util.test.junit.AutoTests" name="[43] /home/travis/build/icyphy/ptII/ptolemy/domains/modal/test/auto/Default2.xml (RunModel)" time="0.023" />
  <testcase classname="ptolemy.util.test.junit.AutoTests" name="[44] /home/travis/build/icyphy/ptII/ptolemy/domains/modal/test/auto/Default3.xml (RunModel)" time="0.02" />
  <testcase classname="ptolemy.util.test.junit.AutoTests" name="[45] /home/travis/build/icyphy/ptII/ptolemy/domains/modal/test/auto/Default4.xml (RunModel)" time="0.021" />
  <testcase classname="ptolemy.util.test.junit.AutoTests" name="[46] /home/travis/build/icyphy/ptII/ptolemy/domains/modal/test/auto/Default5.xml (RunModel)" time="0.028" />
  <testcase classname="ptolemy.util.test.junit.AutoTests" name="[47] /home/travis/build/icyphy/ptII/ptolemy/domains/modal/test/auto/EmptyGuard.xml (RunModel)" time="0.025" />
  <testcase classname="ptolemy.util.test.junit.AutoTests" name="[48] /home/travis/build/icyphy/ptII/ptolemy/domains/modal/test/auto/ErrorTransition1.xml (RunModel)" time="0.03" />
  <testcase classname="ptolemy.util.test.junit.AutoTests" name="[49] /home/travis/build/icyphy/ptII/ptolemy/domains/modal/test/auto/ErrorTransition10.xml (RunModel)" time="0.039" />
  <testcase classname="ptolemy.util.test.junit.AutoTests" name="[50] /home/travis/build/icyphy/ptII/ptolemy/domains/modal/test/auto/ErrorTransition11.xml (RunModel)" time="0.031" />
  <testcase classname="ptolemy.util.test.junit.AutoTests" name="[51] /home/travis/build/icyphy/ptII/ptolemy/domains/modal/test/auto/ErrorTransition2.xml (RunModel)" time="0.026" />
  <testcase classname="ptolemy.util.test.junit.AutoTests" name="[52] /home/travis/build/icyphy/ptII/ptolemy/domains/modal/test/auto/ErrorTransition3.xml (RunModel)" time="0.033" />
  <testcase classname="ptolemy.util.test.junit.AutoTests" name="[53] /home/travis/build/icyphy/ptII/ptolemy/domains/modal/test/auto/ErrorTransition4.xml (RunModel)" time="0.032" />
  <testcase classname="ptolemy.util.test.junit.AutoTests" name="[54] /home/travis/build/icyphy/ptII/ptolemy/domains/modal/test/auto/ErrorTransition5.xml (RunModel)" time="0.033" />
  <testcase classname="ptolemy.util.test.junit.AutoTests" name="[55] /home/travis/build/icyphy/ptII/ptolemy/domains/modal/test/auto/ErrorTransition6.xml (RunModel)" time="0.051" />
  <testcase classname="ptolemy.util.test.junit.AutoTests" name="[56] /home/travis/build/icyphy/ptII/ptolemy/domains/modal/test/auto/ErrorTransition7.xml (RunModel)" time="0.044" />
  <testcase classname="ptolemy.util.test.junit.AutoTests" name="[57] /home/travis/build/icyphy/ptII/ptolemy/domains/modal/test/auto/ErrorTransition8.xml (RunModel)" time="0.053" />
  <testcase classname="ptolemy.util.test.junit.AutoTests" name="[58] /home/travis/build/icyphy/ptII/ptolemy/domains/modal/test/auto/ErrorTransition9.xml (RunModel)" time="0.05" />
  <testcase classname="ptolemy.util.test.junit.AutoTests" name="[59] /home/travis/build/icyphy/ptII/ptolemy/domains/modal/test/auto/ExtendedFSM.xml (RunModel)" time="0.022" />
  <testcase classname="ptolemy.util.test.junit.AutoTests" name="[60] /home/travis/build/icyphy/ptII/ptolemy/domains/modal/test/auto/FinalStates.xml (RunModel)" time="0.026" />
  <testcase classname="ptolemy.util.test.junit.AutoTests" name="[61] /home/travis/build/icyphy/ptII/ptolemy/domains/modal/test/auto/FixedPointFSM.xml (RunModel)" time="0.047" />
  <testcase classname="ptolemy.util.test.junit.AutoTests" name="[62] /home/travis/build/icyphy/ptII/ptolemy/domains/modal/test/auto/FixedPointIterationFSMActor.xml (RunModel)" time="0.028" />
  <testcase classname="ptolemy.util.test.junit.AutoTests" name="[63] /home/travis/build/icyphy/ptII/ptolemy/domains/modal/test/auto/FixedPointIterationFSMActor2.xml (RunModel)" time="0.031" />
  <testcase classname="ptolemy.util.test.junit.AutoTests" name="[64] /home/travis/build/icyphy/ptII/ptolemy/domains/modal/test/auto/ForbiddenInstantanousLoop.xml (RunModel)" time="0.032" />
  <testcase classname="ptolemy.util.test.junit.AutoTests" name="[65] /home/travis/build/icyphy/ptII/ptolemy/domains/modal/test/auto/FunctionDependencyOfFSMActorTest.xml (RunModel)" time="0.027" />
  <testcase classname="ptolemy.util.test.junit.AutoTests" name="[66] /home/travis/build/icyphy/ptII/ptolemy/domains/modal/test/auto/GuardExpression.xml (RunModel)" time="0.016" />
  <testcase classname="ptolemy.util.test.junit.AutoTests" name="[67] /home/travis/build/icyphy/ptII/ptolemy/domains/modal/test/auto/GuardNotEvaluated.xml (RunModel)" time="0.027" />
  <testcase classname="ptolemy.util.test.junit.AutoTests" name="[68] /home/travis/build/icyphy/ptII/ptolemy/domains/modal/test/auto/GuardNotEvaluated2.xml (RunModel)" time="0.03" />
  <testcase classname="ptolemy.util.test.junit.AutoTests" name="[69] /home/travis/build/icyphy/ptII/ptolemy/domains/modal/test/auto/GuardOnAbsent.xml (RunModel)" time="0.02" />
  <testcase classname="ptolemy.util.test.junit.AutoTests" name="[70] /home/travis/build/icyphy/ptII/ptolemy/domains/modal/test/auto/HierarchicalFSMTypeInference.xml (RunModel)" time="0.028" />
  <testcase classname="ptolemy.util.test.junit.AutoTests" name="[71] /home/travis/build/icyphy/ptII/ptolemy/domains/modal/test/auto/Hysteresis.xml (RunModel)" time="0.042" />
  <testcase classname="ptolemy.util.test.junit.AutoTests" name="[72] /home/travis/build/icyphy/ptII/ptolemy/domains/modal/test/auto/HysteresisWithDefault.xml (RunModel)" time="0.062" />
  <testcase classname="ptolemy.util.test.junit.AutoTests" name="[73] /home/travis/build/icyphy/ptII/ptolemy/domains/modal/test/auto/HysteresisWithDefault2.xml (RunModel)" time="0.088" />
  <testcase classname="ptolemy.util.test.junit.AutoTests" name="[74] /home/travis/build/icyphy/ptII/ptolemy/domains/modal/test/auto/ImmediateNonConstructiveness.xml (RunModel)" time="0.036" />
  <testcase classname="ptolemy.util.test.junit.AutoTests" name="[75] /home/travis/build/icyphy/ptII/ptolemy/domains/modal/test/auto/ImmediateNonConstructiveness2.xml (RunModel)" time="0.016" />
  <testcase classname="ptolemy.util.test.junit.AutoTests" name="[76] /home/travis/build/icyphy/ptII/ptolemy/domains/modal/test/auto/ImmediateTransitionReset.xml (RunModel)" time="0.038" />
  <testcase classname="ptolemy.util.test.junit.AutoTests" name="[77] /home/travis/build/icyphy/ptII/ptolemy/domains/modal/test/auto/ImmediateTransitions1.xml (RunModel)" time="0.011" />
  <testcase classname="ptolemy.util.test.junit.AutoTests" name="[78] /home/travis/build/icyphy/ptII/ptolemy/domains/modal/test/auto/ImmediateTransitionsInstantaneousCommunication.xml (RunModel)" time="0.028" />
  <testcase classname="ptolemy.util.test.junit.AutoTests" name="[79] /home/travis/build/icyphy/ptII/ptolemy/domains/modal/test/auto/InitialImmediateTransition.xml (RunModel)" time="0.017" />
  <testcase classname="ptolemy.util.test.junit.AutoTests" name="[80] /home/travis/build/icyphy/ptII/ptolemy/domains/modal/test/auto/InitialOutputs.xml (RunModel)" time="0.015" />
  <testcase classname="ptolemy.util.test.junit.AutoTests" name="[81] /home/travis/build/icyphy/ptII/ptolemy/domains/modal/test/auto/InitialStateTransition1.xml (RunModel)" time="0.018" />
  <testcase classname="ptolemy.util.test.junit.AutoTests" name="[82] /home/travis/build/icyphy/ptII/ptolemy/domains/modal/test/auto/InitialStateTransition2.xml (RunModel)" time="0.017" />
  <testcase classname="ptolemy.util.test.junit.AutoTests" name="[83] /home/travis/build/icyphy/ptII/ptolemy/domains/modal/test/auto/InitialStateTransition3.xml (RunModel)" time="0.025" />
  <testcase classname="ptolemy.util.test.junit.AutoTests" name="[84] /home/travis/build/icyphy/ptII/ptolemy/domains/modal/test/auto/InitialStateTransition4.xml (RunModel)" time="0.03" />
  <testcase classname="ptolemy.util.test.junit.AutoTests" name="[85] /home/travis/build/icyphy/ptII/ptolemy/domains/modal/test/auto/MalformedGuardExpressionNotCaught.xml (RunModel)" time="0.017" />
  <testcase classname="ptolemy.util.test.junit.AutoTests" name="[86] /home/travis/build/icyphy/ptII/ptolemy/domains/modal/test/auto/ModalBSC.xml (RunModel)" time="0.096" />
  <testcase classname="ptolemy.util.test.junit.AutoTests" name="[87] /home/travis/build/icyphy/ptII/ptolemy/domains/modal/test/auto/ModalClocks.xml (RunModel)" time="0.078" />
  <testcase classname="ptolemy.util.test.junit.AutoTests" name="[88] /home/travis/build/icyphy/ptII/ptolemy/domains/modal/test/auto/ModalDelay.xml (RunModel)" time="0.043" />
  <testcase classname="ptolemy.util.test.junit.AutoTests" name="[89] /home/travis/build/icyphy/ptII/ptolemy/domains/modal/test/auto/ModalDelay2.xml (RunModel)" time="0.045" />
  <testcase classname="ptolemy.util.test.junit.AutoTests" name="[90] /home/travis/build/icyphy/ptII/ptolemy/domains/modal/test/auto/ModalModelFromMemo.xml (RunModel)" time="0.052" />
  <testcase classname="ptolemy.util.test.junit.AutoTests" name="[91] /home/travis/build/icyphy/ptII/ptolemy/domains/modal/test/auto/ModalModelWithMultirateTransient.xml (RunModel)" time="0.071" />
  <testcase classname="ptolemy.util.test.junit.AutoTests" name="[92] /home/travis/build/icyphy/ptII/ptolemy/domains/modal/test/auto/ModalModelWithReset.xml (RunModel)" time="0.049" />
  <testcase classname="ptolemy.util.test.junit.AutoTests" name="[93] /home/travis/build/icyphy/ptII/ptolemy/domains/modal/test/auto/MouseClickFSM.xml (RunModel)" time="0.043" />
  <testcase classname="ptolemy.util.test.junit.AutoTests" name="[94] /home/travis/build/icyphy/ptII/ptolemy/domains/modal/test/auto/MouseClickFSMModal.xml (RunModel)" time="0.038" />
  <testcase classname="ptolemy.util.test.junit.AutoTests" name="[95] /home/travis/build/icyphy/ptII/ptolemy/domains/modal/test/auto/NonStrictFSM_FeedbackLoop.xml (RunModel)" time="0.042" />
  <testcase classname="ptolemy.util.test.junit.AutoTests" name="[96] /home/travis/build/icyphy/ptII/ptolemy/domains/modal/test/auto/NonStrictFSM_FeedbackLoop_Refinement.xml (RunModel)" time="0.082" />
  <testcase classname="ptolemy.util.test.junit.AutoTests" name="[97] /home/travis/build/icyphy/ptII/ptolemy/domains/modal/test/auto/NonStrictFSM_FeedbackLoop_preemptive.xml (RunModel)" time="0.045" />
  <testcase classname="ptolemy.util.test.junit.AutoTests" name="[98] /home/travis/build/icyphy/ptII/ptolemy/domains/modal/test/auto/NormalTermination.xml (RunModel)" time="0.042" />
  <testcase classname="ptolemy.util.test.junit.AutoTests" name="[99] /home/travis/build/icyphy/ptII/ptolemy/domains/modal/test/auto/Pong.xml (RunModel)" time="0.081" />
  <testcase classname="ptolemy.util.test.junit.AutoTests" name="[100] /home/travis/build/icyphy/ptII/ptolemy/domains/modal/test/auto/Pong_test.xml (RunModel)" time="0.108" />
  <testcase classname="ptolemy.util.test.junit.AutoTests" name="[101] /home/travis/build/icyphy/ptII/ptolemy/domains/modal/test/auto/PreemptionHierarchy.xml (RunModel)" time="0.024" />
  <testcase classname="ptolemy.util.test.junit.AutoTests" name="[102] /home/travis/build/icyphy/ptII/ptolemy/domains/modal/test/auto/PreemptionHierarchy2.xml (RunModel)" time="0.025" />
  <testcase classname="ptolemy.util.test.junit.AutoTests" name="[103] /home/travis/build/icyphy/ptII/ptolemy/domains/modal/test/auto/PreemptiveTransition.xml (RunModel)" time="0.022" />
  <testcase classname="ptolemy.util.test.junit.AutoTests" name="[104] /home/travis/build/icyphy/ptII/ptolemy/domains/modal/test/auto/Priorities.xml (RunModel)" time="0.111" />
  <testcase classname="ptolemy.util.test.junit.AutoTests" name="[105] /home/travis/build/icyphy/ptII/ptolemy/domains/modal/test/auto/ResetFinal.xml (RunModel)" time="0.05" />
  <testcase classname="ptolemy.util.test.junit.AutoTests" name="[106] /home/travis/build/icyphy/ptII/ptolemy/domains/modal/test/auto/ResetFinal2.xml (RunModel)" time="0.036" />
  <testcase classname="ptolemy.util.test.junit.AutoTests" name="[107] /home/travis/build/icyphy/ptII/ptolemy/domains/modal/test/auto/ResetTransitionWithStartTime.xml (RunModel)" time="0.035" />
  <testcase classname="ptolemy.util.test.junit.AutoTests" name="[108] /home/travis/build/icyphy/ptII/ptolemy/domains/modal/test/auto/SDF-FSMComposite.xml (RunModel)" time="0.027" />
  <testcase classname="ptolemy.util.test.junit.AutoTests" name="[109] /home/travis/build/icyphy/ptII/ptolemy/domains/modal/test/auto/SeeminglyNondeterminate.xml (RunModel)" time="0.082" />
  <testcase classname="ptolemy.util.test.junit.AutoTests" name="[110] /home/travis/build/icyphy/ptII/ptolemy/domains/modal/test/auto/SeeminglyNondeterminate2.xml (RunModel)" time="0.062" />
  <testcase classname="ptolemy.util.test.junit.AutoTests" name="[111] /home/travis/build/icyphy/ptII/ptolemy/domains/modal/test/auto/SpontaneousFSM.xml (RunModel)" time="0.044" />
  <testcase classname="ptolemy.util.test.junit.AutoTests" name="[112] /home/travis/build/icyphy/ptII/ptolemy/domains/modal/test/auto/SpontaneousFSM2.xml (RunModel)" time="0.023" />
  <testcase classname="ptolemy.util.test.junit.AutoTests" name="[113] /home/travis/build/icyphy/ptII/ptolemy/domains/modal/test/auto/SpontaneousFSM3.xml (RunModel)" time="0.043" />
  <testcase classname="ptolemy.util.test.junit.AutoTests" name="[114] /home/travis/build/icyphy/ptII/ptolemy/domains/modal/test/auto/SpontaneousFSM4.xml (RunModel)" time="0.039" />
  <testcase classname="ptolemy.util.test.junit.AutoTests" name="[115] /home/travis/build/icyphy/ptII/ptolemy/domains/modal/test/auto/StateTrackerTest.xml (RunModel)" time="0.055" />
  <testcase classname="ptolemy.util.test.junit.AutoTests" name="[116] /home/travis/build/icyphy/ptII/ptolemy/domains/modal/test/auto/StrongImmediateTransition.xml (RunModel)" time="0.028" />
  <testcase classname="ptolemy.util.test.junit.AutoTests" name="[117] /home/travis/build/icyphy/ptII/ptolemy/domains/modal/test/auto/SustainHierarchy.xml (RunModel)" time="0.026" />
  <testcase classname="ptolemy.util.test.junit.AutoTests" name="[118] /home/travis/build/icyphy/ptII/ptolemy/domains/modal/test/auto/TerminationTransition1.xml (RunModel)" time="0.017" />
  <testcase classname="ptolemy.util.test.junit.AutoTests" name="[119] /home/travis/build/icyphy/ptII/ptolemy/domains/modal/test/auto/TerminationTransition2.xml (RunModel)" time="0.026" />
  <testcase classname="ptolemy.util.test.junit.AutoTests" name="[120] /home/travis/build/icyphy/ptII/ptolemy/domains/modal/test/auto/TerminationTransition3.xml (RunModel)" time="0.021" />
  <testcase classname="ptolemy.util.test.junit.AutoTests" name="[121] /home/travis/build/icyphy/ptII/ptolemy/domains/modal/test/auto/TerminationTransition4.xml (RunModel)" time="0.033" />
  <testcase classname="ptolemy.util.test.junit.AutoTests" name="[122] /home/travis/build/icyphy/ptII/ptolemy/domains/modal/test/auto/TerminationTransition5.xml (RunModel)" time="0.048" />
  <testcase classname="ptolemy.util.test.junit.AutoTests" name="[123] /home/travis/build/icyphy/ptII/ptolemy/domains/modal/test/auto/TerminationTransition6.xml (RunModel)" time="0.022" />
  <testcase classname="ptolemy.util.test.junit.AutoTests" name="[124] /home/travis/build/icyphy/ptII/ptolemy/domains/modal/test/auto/TerminationTransition7.xml (RunModel)" time="0.02" />
  <testcase classname="ptolemy.util.test.junit.AutoTests" name="[125] /home/travis/build/icyphy/ptII/ptolemy/domains/modal/test/auto/TerminationTransition8.xml (RunModel)" time="0.026" />
  <testcase classname="ptolemy.util.test.junit.AutoTests" name="[126] /home/travis/build/icyphy/ptII/ptolemy/domains/modal/test/auto/Thermostat_NoHysteresis.xml (RunModel)" time="0.053" />
  <testcase classname="ptolemy.util.test.junit.AutoTests" name="[127] /home/travis/build/icyphy/ptII/ptolemy/domains/modal/test/auto/TimedFSM.xml (RunModel)" time="0.036" />
  <testcase classname="ptolemy.util.test.junit.AutoTests" name="[128] /home/travis/build/icyphy/ptII/ptolemy/domains/modal/test/auto/Timeout1.xml (RunModel)" time="0.015" />
  <testcase classname="ptolemy.util.test.junit.AutoTests" name="[129] /home/travis/build/icyphy/ptII/ptolemy/domains/modal/test/auto/Timeout2.xml (RunModel)" time="0.027" />
  <testcase classname="ptolemy.util.test.junit.AutoTests" name="[130] /home/travis/build/icyphy/ptII/ptolemy/domains/modal/test/auto/Timeout3.xml (RunModel)" time="0.011" />
  <testcase classname="ptolemy.util.test.junit.AutoTests" name="[131] /home/travis/build/icyphy/ptII/ptolemy/domains/modal/test/auto/Timeout4.xml (RunModel)" time="0.013" />
  <testcase classname="ptolemy.util.test.junit.AutoTests" name="[132] /home/travis/build/icyphy/ptII/ptolemy/domains/modal/test/auto/TransientstateModelAdvanced.xml (RunModel)" time="0.027" />
  <testcase classname="ptolemy.util.test.junit.AutoTests" name="[133] /home/travis/build/icyphy/ptII/ptolemy/domains/modal/test/auto/TransientstateModelAdvanced2.xml (RunModel)" time="0.031" />
  <testcase classname="ptolemy.util.test.junit.AutoTests" name="[134] /home/travis/build/icyphy/ptII/ptolemy/domains/modal/test/auto/TransitionRefinements.xml (RunModel)" time="0.023" />
  <testcase classname="ptolemy.util.test.junit.AutoTests" name="[135] /home/travis/build/icyphy/ptII/ptolemy/domains/modal/test/auto/TwoRefinements1.xml (RunModel)" time="0.021" />
  <testcase classname="ptolemy.util.test.junit.AutoTests" name="[136] /home/travis/build/icyphy/ptII/ptolemy/domains/modal/test/auto/TwoRefinements2.xml (RunModel)" time="0.025" />
  <testcase classname="ptolemy.util.test.junit.AutoTests" name="[137] /home/travis/build/icyphy/ptII/ptolemy/domains/modal/test/auto/WeakImmediateTransition.xml (RunModel)" time="0.026" />
  <testcase classname="ptolemy.util.test.junit.AutoTests" name="[138] /home/travis/build/icyphy/ptII/ptolemy/domains/modal/test/auto/booleanSelect.xml (RunModel)" time="0.088" />
  <testcase classname="ptolemy.util.test.junit.AutoTests" name="[139] /home/travis/build/icyphy/ptII/ptolemy/domains/modal/test/auto/modalChangingParams.xml (RunModel)" time="0.258" />
  <testcase classname="ptolemy.util.test.junit.AutoTests" name="[140] /home/travis/build/icyphy/ptII/ptolemy/domains/modal/test/auto/modalModel.xml (RunModel)" time="0.028" />
  <testcase classname="ptolemy.util.test.junit.AutoTests" name="[141] /home/travis/build/icyphy/ptII/ptolemy/domains/modal/test/auto/modalModel2.xml (RunModel)" time="0.026" />
  <testcase classname="ptolemy.util.test.junit.AutoTests" name="[142] /home/travis/build/icyphy/ptII/ptolemy/domains/modal/test/auto/modalModel3.xml (RunModel)" time="0.034" />
  <testcase classname="ptolemy.util.test.junit.AutoTests" name="[143] /home/travis/build/icyphy/ptII/ptolemy/domains/modal/test/auto/model1.xml (RunModel)" time="0.017" />
  <testcase classname="ptolemy.util.test.junit.AutoTests" name="[144] /home/travis/build/icyphy/ptII/ptolemy/domains/modal/test/auto/test-direct-in-out.xml (RunModel)" time="0.017" />
  <system-out><![CDATA[/home/travis/build/icyphy/ptII/ptolemy/domains/modal/test/SystemLevelType.tcl
testDefs.tcl: setting time out to 9000 seconds at Wed Jul 10 22:31:28 UTC 2019
07/10/19 10:31:30
Failed: 0  Total Tests: 1  ((Passed: 1, Newly Passed: 0)  Known Failed: 0) /home/travis/build/icyphy/ptII/ptolemy/domains/modal/test
----------------- testing (KnownFailure) /home/travis/build/icyphy/ptII/ptolemy/domains/modal/test/auto/knownFailedTests/CannotAnalysisWithPreemption.xml
125 ms. Memory: 190464K Free: 125615K (66%)
Known Failure: java.lang.reflect.InvocationTargetException
No auto/linux-amd64/*.xml tests in /home/travis/build/icyphy/ptII/ptolemy/domains/modal/test
AutoTests.java: About to close Vertx.
AutoTests.java: Vertx closed.

===========================================================================================
----------------- testing Wed Jul 10 22:31:31 UTC 2019 /home/travis/build/icyphy/ptII/ptolemy/domains/modal/test/auto/ABPTest.xml
----------------- Instantiating /home/travis/build/icyphy/ptII/ptolemy/domains/modal/test/auto/ABPTest.xml
364 ms. Memory: 262144K Free: 142777K (54%)
----------------- Invoking toplevel() on ptolemy.moml.MoMLSimpleApplication@5511404b
----------------- Done invoking toplevel() on ptolemy.moml.MoMLSimpleApplication@5511404b
reloadAllAccessors: .ABPTest

===========================================================================================
----------------- testing Wed Jul 10 22:31:32 UTC 2019 /home/travis/build/icyphy/ptII/ptolemy/domains/modal/test/auto/ABROFlat.xml
----------------- Instantiating /home/travis/build/icyphy/ptII/ptolemy/domains/modal/test/auto/ABROFlat.xml
15 ms. Memory: 262144K Free: 127896K (49%)
----------------- Invoking toplevel() on ptolemy.moml.MoMLSimpleApplication@b0fafa7
----------------- Done invoking toplevel() on ptolemy.moml.MoMLSimpleApplication@b0fafa7
reloadAllAccessors: .ABROFlat

===========================================================================================
----------------- testing Wed Jul 10 22:31:32 UTC 2019 /home/travis/build/icyphy/ptII/ptolemy/domains/modal/test/auto/ABROFlat2.xml
----------------- Instantiating /home/travis/build/icyphy/ptII/ptolemy/domains/modal/test/auto/ABROFlat2.xml
22 ms. Memory: 262144K Free: 233401K (89%)
----------------- Invoking toplevel() on ptolemy.moml.MoMLSimpleApplication@142572c9
----------------- Done invoking toplevel() on ptolemy.moml.MoMLSimpleApplication@142572c9
reloadAllAccessors: .ABROFlat2

===========================================================================================
----------------- testing Wed Jul 10 22:31:32 UTC 2019 /home/travis/build/icyphy/ptII/ptolemy/domains/modal/test/auto/ABRO_present_hmm.xml
----------------- Instantiating /home/travis/build/icyphy/ptII/ptolemy/domains/modal/test/auto/ABRO_present_hmm.xml
44 ms. Memory: 262144K Free: 206777K (79%)
----------------- Invoking toplevel() on ptolemy.moml.MoMLSimpleApplication@540f0ca7
----------------- Done invoking toplevel() on ptolemy.moml.MoMLSimpleApplication@540f0ca7
reloadAllAccessors: .ABRO_present_hmm

===========================================================================================
----------------- testing Wed Jul 10 22:31:32 UTC 2019 /home/travis/build/icyphy/ptII/ptolemy/domains/modal/test/auto/AMICoderExample.xml
----------------- Instantiating /home/travis/build/icyphy/ptII/ptolemy/domains/modal/test/auto/AMICoderExample.xml
47 ms. Memory: 262144K Free: 197016K (75%)
----------------- Invoking toplevel() on ptolemy.moml.MoMLSimpleApplication@3f74c24e
----------------- Done invoking toplevel() on ptolemy.moml.MoMLSimpleApplication@3f74c24e
reloadAllAccessors: .AMICoderExample

===========================================================================================
----------------- testing Wed Jul 10 22:31:32 UTC 2019 /home/travis/build/icyphy/ptII/ptolemy/domains/modal/test/auto/AbsentToPresent.xml
----------------- Instantiating /home/travis/build/icyphy/ptII/ptolemy/domains/modal/test/auto/AbsentToPresent.xml
5 ms. Memory: 262144K Free: 192441K (73%)
----------------- Invoking toplevel() on ptolemy.moml.MoMLSimpleApplication@3248622c
----------------- Done invoking toplevel() on ptolemy.moml.MoMLSimpleApplication@3248622c
reloadAllAccessors: .AbsentToPresent

===========================================================================================
----------------- testing Wed Jul 10 22:31:32 UTC 2019 /home/travis/build/icyphy/ptII/ptolemy/domains/modal/test/auto/Blending.xml
----------------- Instantiating /home/travis/build/icyphy/ptII/ptolemy/domains/modal/test/auto/Blending.xml
165 ms. Memory: 262144K Free: 147895K (56%)
----------------- Invoking toplevel() on ptolemy.moml.MoMLSimpleApplication@37b7b466
----------------- Done invoking toplevel() on ptolemy.moml.MoMLSimpleApplication@37b7b466
reloadAllAccessors: .Blending

===========================================================================================
----------------- testing Wed Jul 10 22:31:33 UTC 2019 /home/travis/build/icyphy/ptII/ptolemy/domains/modal/test/auto/Broadcast.xml
----------------- Instantiating /home/travis/build/icyphy/ptII/ptolemy/domains/modal/test/auto/Broadcast.xml
12 ms. Memory: 262144K Free: 137655K (53%)
----------------- Invoking toplevel() on ptolemy.moml.MoMLSimpleApplication@387325f
----------------- Done invoking toplevel() on ptolemy.moml.MoMLSimpleApplication@387325f
reloadAllAccessors: .Broadcast

===========================================================================================
----------------- testing Wed Jul 10 22:31:33 UTC 2019 /home/travis/build/icyphy/ptII/ptolemy/domains/modal/test/auto/BroadcastHierarchy.xml
----------------- Instantiating /home/travis/build/icyphy/ptII/ptolemy/domains/modal/test/auto/BroadcastHierarchy.xml
9 ms. Memory: 262144K Free: 124328K (47%)
----------------- Invoking toplevel() on ptolemy.moml.MoMLSimpleApplication@48cf9fae
----------------- Done invoking toplevel() on ptolemy.moml.MoMLSimpleApplication@48cf9fae
reloadAllAccessors: .BroadcastHierarchy

===========================================================================================
----------------- testing Wed Jul 10 22:31:33 UTC 2019 /home/travis/build/icyphy/ptII/ptolemy/domains/modal/test/auto/BroadcastHierarchy2.xml
----------------- Instantiating /home/travis/build/icyphy/ptII/ptolemy/domains/modal/test/auto/BroadcastHierarchy2.xml
44 ms. Memory: 262144K Free: 241530K (92%)
----------------- Invoking toplevel() on ptolemy.moml.MoMLSimpleApplication@49f05d01
----------------- Done invoking toplevel() on ptolemy.moml.MoMLSimpleApplication@49f05d01
reloadAllAccessors: .BroadcastHierarchy2

===========================================================================================
----------------- testing Wed Jul 10 22:31:33 UTC 2019 /home/travis/build/icyphy/ptII/ptolemy/domains/modal/test/auto/BroadcastHierarchy3.xml
----------------- Instantiating /home/travis/build/icyphy/ptII/ptolemy/domains/modal/test/auto/BroadcastHierarchy3.xml
23 ms. Memory: 262144K Free: 220601K (84%)
----------------- Invoking toplevel() on ptolemy.moml.MoMLSimpleApplication@490bfe6a
----------------- Done invoking toplevel() on ptolemy.moml.MoMLSimpleApplication@490bfe6a
reloadAllAccessors: .BroadcastHierarchy3

===========================================================================================
----------------- testing Wed Jul 10 22:31:33 UTC 2019 /home/travis/build/icyphy/ptII/ptolemy/domains/modal/test/auto/BroadcastHierarchy4.xml
----------------- Instantiating /home/travis/build/icyphy/ptII/ptolemy/domains/modal/test/auto/BroadcastHierarchy4.xml
19 ms. Memory: 262144K Free: 196535K (75%)
----------------- Invoking toplevel() on ptolemy.moml.MoMLSimpleApplication@5b8ce74c
----------------- Done invoking toplevel() on ptolemy.moml.MoMLSimpleApplication@5b8ce74c
reloadAllAccessors: .BroadcastHierarchy4

===========================================================================================
----------------- testing Wed Jul 10 22:31:33 UTC 2019 /home/travis/build/icyphy/ptII/ptolemy/domains/modal/test/auto/CannotAnalysisWithPreemption2.xml
----------------- Instantiating /home/travis/build/icyphy/ptII/ptolemy/domains/modal/test/auto/CannotAnalysisWithPreemption2.xml
5 ms. Memory: 262144K Free: 189864K (72%)
----------------- Invoking toplevel() on ptolemy.moml.MoMLSimpleApplication@3ec05c40
----------------- Done invoking toplevel() on ptolemy.moml.MoMLSimpleApplication@3ec05c40
reloadAllAccessors: .CannotAnalysisWithPreemption2

===========================================================================================
----------------- testing Wed Jul 10 22:31:33 UTC 2019 /home/travis/build/icyphy/ptII/ptolemy/domains/modal/test/auto/CannotAnalysisWithPreemption3.xml
----------------- Instantiating /home/travis/build/icyphy/ptII/ptolemy/domains/modal/test/auto/CannotAnalysisWithPreemption3.xml
4 ms. Memory: 262144K Free: 179641K (69%)
----------------- Invoking toplevel() on ptolemy.moml.MoMLSimpleApplication@4c4fa13d
----------------- Done invoking toplevel() on ptolemy.moml.MoMLSimpleApplication@4c4fa13d
reloadAllAccessors: .CannotAnalysisWithPreemption3

===========================================================================================
----------------- testing Wed Jul 10 22:31:33 UTC 2019 /home/travis/build/icyphy/ptII/ptolemy/domains/modal/test/auto/CannotProduce.xml
----------------- Instantiating /home/travis/build/icyphy/ptII/ptolemy/domains/modal/test/auto/CannotProduce.xml
18 ms. Memory: 262144K Free: 172983K (66%)
----------------- Invoking toplevel() on ptolemy.moml.MoMLSimpleApplication@5eb087c3
----------------- Done invoking toplevel() on ptolemy.moml.MoMLSimpleApplication@5eb087c3
reloadAllAccessors: .CannotProduce

===========================================================================================
----------------- testing Wed Jul 10 22:31:33 UTC 2019 /home/travis/build/icyphy/ptII/ptolemy/domains/modal/test/auto/CannotProduceModal.xml
----------------- Instantiating /home/travis/build/icyphy/ptII/ptolemy/domains/modal/test/auto/CannotProduceModal.xml
13 ms. Memory: 262144K Free: 166832K (64%)
----------------- Invoking toplevel() on ptolemy.moml.MoMLSimpleApplication@630612c
----------------- Done invoking toplevel() on ptolemy.moml.MoMLSimpleApplication@630612c
reloadAllAccessors: .CannotProduceModal

===========================================================================================
----------------- testing Wed Jul 10 22:31:33 UTC 2019 /home/travis/build/icyphy/ptII/ptolemy/domains/modal/test/auto/Case.xml
----------------- Instantiating /home/travis/build/icyphy/ptII/ptolemy/domains/modal/test/auto/Case.xml
32 ms. Memory: 262144K Free: 155575K (59%)
----------------- Invoking toplevel() on ptolemy.moml.MoMLSimpleApplication@26b08e83
----------------- Done invoking toplevel() on ptolemy.moml.MoMLSimpleApplication@26b08e83
reloadAllAccessors: .Case

===========================================================================================
----------------- testing Wed Jul 10 22:31:33 UTC 2019 /home/travis/build/icyphy/ptII/ptolemy/domains/modal/test/auto/Case1.xml
----------------- Instantiating /home/travis/build/icyphy/ptII/ptolemy/domains/modal/test/auto/Case1.xml
11 ms. Memory: 262144K Free: 148407K (57%)
----------------- Invoking toplevel() on ptolemy.moml.MoMLSimpleApplication@4fb20805
----------------- Done invoking toplevel() on ptolemy.moml.MoMLSimpleApplication@4fb20805
reloadAllAccessors: .Case1

===========================================================================================
----------------- testing Wed Jul 10 22:31:33 UTC 2019 /home/travis/build/icyphy/ptII/ptolemy/domains/modal/test/auto/Case2.xml
----------------- Instantiating /home/travis/build/icyphy/ptII/ptolemy/domains/modal/test/auto/Case2.xml
19 ms. Memory: 262144K Free: 137657K (53%)
----------------- Invoking toplevel() on ptolemy.moml.MoMLSimpleApplication@64b34085
----------------- Done invoking toplevel() on ptolemy.moml.MoMLSimpleApplication@64b34085
reloadAllAccessors: .Case2

===========================================================================================
----------------- testing Wed Jul 10 22:31:33 UTC 2019 /home/travis/build/icyphy/ptII/ptolemy/domains/modal/test/auto/CausalityInterface1.xml
----------------- Instantiating /home/travis/build/icyphy/ptII/ptolemy/domains/modal/test/auto/CausalityInterface1.xml
4 ms. Memory: 262144K Free: 132537K (51%)
----------------- Invoking toplevel() on ptolemy.moml.MoMLSimpleApplication@79b26e9e
----------------- Done invoking toplevel() on ptolemy.moml.MoMLSimpleApplication@79b26e9e
reloadAllAccessors: .CausalityInterface1

===========================================================================================
----------------- testing Wed Jul 10 22:31:33 UTC 2019 /home/travis/build/icyphy/ptII/ptolemy/domains/modal/test/auto/CausalityInterface10.xml
----------------- Instantiating /home/travis/build/icyphy/ptII/ptolemy/domains/modal/test/auto/CausalityInterface10.xml
12 ms. Memory: 262144K Free: 119225K (45%)
----------------- Invoking toplevel() on ptolemy.moml.MoMLSimpleApplication@59b606d6
----------------- Done invoking toplevel() on ptolemy.moml.MoMLSimpleApplication@59b606d6
reloadAllAccessors: .CausalityInterface10

===========================================================================================
----------------- testing Wed Jul 10 22:31:33 UTC 2019 /home/travis/build/icyphy/ptII/ptolemy/domains/modal/test/auto/CausalityInterface11.xml
----------------- Instantiating /home/travis/build/icyphy/ptII/ptolemy/domains/modal/test/auto/CausalityInterface11.xml
7 ms. Memory: 262144K Free: 106392K (41%)
----------------- Invoking toplevel() on ptolemy.moml.MoMLSimpleApplication@35ce8013
----------------- Done invoking toplevel() on ptolemy.moml.MoMLSimpleApplication@35ce8013
reloadAllAccessors: .CausalityInterface11

===========================================================================================
----------------- testing Wed Jul 10 22:31:34 UTC 2019 /home/travis/build/icyphy/ptII/ptolemy/domains/modal/test/auto/CausalityInterface12.xml
----------------- Instantiating /home/travis/build/icyphy/ptII/ptolemy/domains/modal/test/auto/CausalityInterface12.xml
26 ms. Memory: 262144K Free: 242835K (93%)
----------------- Invoking toplevel() on ptolemy.moml.MoMLSimpleApplication@4b421628
----------------- Done invoking toplevel() on ptolemy.moml.MoMLSimpleApplication@4b421628
reloadAllAccessors: .CausalityInterface12

===========================================================================================
----------------- testing Wed Jul 10 22:31:34 UTC 2019 /home/travis/build/icyphy/ptII/ptolemy/domains/modal/test/auto/CausalityInterface13.xml
----------------- Instantiating /home/travis/build/icyphy/ptII/ptolemy/domains/modal/test/auto/CausalityInterface13.xml
8 ms. Memory: 262144K Free: 228264K (87%)
----------------- Invoking toplevel() on ptolemy.moml.MoMLSimpleApplication@2c85b71a
----------------- Done invoking toplevel() on ptolemy.moml.MoMLSimpleApplication@2c85b71a
reloadAllAccessors: .CausalityInterface13

===========================================================================================
----------------- testing Wed Jul 10 22:31:34 UTC 2019 /home/travis/build/icyphy/ptII/ptolemy/domains/modal/test/auto/CausalityInterface14.xml
----------------- Instantiating /home/travis/build/icyphy/ptII/ptolemy/domains/modal/test/auto/CausalityInterface14.xml
11 ms. Memory: 262144K Free: 214952K (82%)
----------------- Invoking toplevel() on ptolemy.moml.MoMLSimpleApplication@6edbcfd6
----------------- Done invoking toplevel() on ptolemy.moml.MoMLSimpleApplication@6edbcfd6
reloadAllAccessors: .CausalityInterface14

===========================================================================================
----------------- testing Wed Jul 10 22:31:34 UTC 2019 /home/travis/build/icyphy/ptII/ptolemy/domains/modal/test/auto/CausalityInterface2.xml
----------------- Instantiating /home/travis/build/icyphy/ptII/ptolemy/domains/modal/test/auto/CausalityInterface2.xml
3 ms. Memory: 262144K Free: 208823K (80%)
----------------- Invoking toplevel() on ptolemy.moml.MoMLSimpleApplication@58536c62
----------------- Done invoking toplevel() on ptolemy.moml.MoMLSimpleApplication@58536c62
reloadAllAccessors: .CausalityInterface2

===========================================================================================
----------------- testing Wed Jul 10 22:31:34 UTC 2019 /home/travis/build/icyphy/ptII/ptolemy/domains/modal/test/auto/CausalityInterface3.xml
----------------- Instantiating /home/travis/build/icyphy/ptII/ptolemy/domains/modal/test/auto/CausalityInterface3.xml
4 ms. Memory: 262144K Free: 202679K (77%)
----------------- Invoking toplevel() on ptolemy.moml.MoMLSimpleApplication@7999b565
----------------- Done invoking toplevel() on ptolemy.moml.MoMLSimpleApplication@7999b565
reloadAllAccessors: .CausalityInterface3

===========================================================================================
----------------- testing Wed Jul 10 22:31:34 UTC 2019 /home/travis/build/icyphy/ptII/ptolemy/domains/modal/test/auto/CausalityInterface4.xml
----------------- Instantiating /home/travis/build/icyphy/ptII/ptolemy/domains/modal/test/auto/CausalityInterface4.xml
3 ms. Memory: 262144K Free: 196535K (75%)
----------------- Invoking toplevel() on ptolemy.moml.MoMLSimpleApplication@9218641
----------------- Done invoking toplevel() on ptolemy.moml.MoMLSimpleApplication@9218641
reloadAllAccessors: .CausalityInterface4

===========================================================================================
----------------- testing Wed Jul 10 22:31:34 UTC 2019 /home/travis/build/icyphy/ptII/ptolemy/domains/modal/test/auto/CausalityInterface5.xml
----------------- Instantiating /home/travis/build/icyphy/ptII/ptolemy/domains/modal/test/auto/CausalityInterface5.xml
5 ms. Memory: 262144K Free: 188328K (72%)
----------------- Invoking toplevel() on ptolemy.moml.MoMLSimpleApplication@2b7d94d8
----------------- Done invoking toplevel() on ptolemy.moml.MoMLSimpleApplication@2b7d94d8
reloadAllAccessors: .CausalityInterface5

===========================================================================================
----------------- testing Wed Jul 10 22:31:34 UTC 2019 /home/travis/build/icyphy/ptII/ptolemy/domains/modal/test/auto/CausalityInterface6.xml
----------------- Instantiating /home/travis/build/icyphy/ptII/ptolemy/domains/modal/test/auto/CausalityInterface6.xml
6 ms. Memory: 262144K Free: 180136K (69%)
----------------- Invoking toplevel() on ptolemy.moml.MoMLSimpleApplication@23ef9afb
----------------- Done invoking toplevel() on ptolemy.moml.MoMLSimpleApplication@23ef9afb
reloadAllAccessors: .CausalityInterface6

===========================================================================================
----------------- testing Wed Jul 10 22:31:34 UTC 2019 /home/travis/build/icyphy/ptII/ptolemy/domains/modal/test/auto/CausalityInterface7.xml
----------------- Instantiating /home/travis/build/icyphy/ptII/ptolemy/domains/modal/test/auto/CausalityInterface7.xml
6 ms. Memory: 262144K Free: 171944K (66%)
----------------- Invoking toplevel() on ptolemy.moml.MoMLSimpleApplication@33844ce4
----------------- Done invoking toplevel() on ptolemy.moml.MoMLSimpleApplication@33844ce4
reloadAllAccessors: .CausalityInterface7

===========================================================================================
----------------- testing Wed Jul 10 22:31:34 UTC 2019 /home/travis/build/icyphy/ptII/ptolemy/domains/modal/test/auto/CausalityInterface8.xml
----------------- Instantiating /home/travis/build/icyphy/ptII/ptolemy/domains/modal/test/auto/CausalityInterface8.xml
4 ms. Memory: 262144K Free: 163257K (62%)
----------------- Invoking toplevel() on ptolemy.moml.MoMLSimpleApplication@52cd5996
----------------- Done invoking toplevel() on ptolemy.moml.MoMLSimpleApplication@52cd5996
reloadAllAccessors: .CausalityInterface8

===========================================================================================
----------------- testing Wed Jul 10 22:31:34 UTC 2019 /home/travis/build/icyphy/ptII/ptolemy/domains/modal/test/auto/CausalityInterface9.xml
----------------- Instantiating /home/travis/build/icyphy/ptII/ptolemy/domains/modal/test/auto/CausalityInterface9.xml
6 ms. Memory: 262144K Free: 154544K (59%)
----------------- Invoking toplevel() on ptolemy.moml.MoMLSimpleApplication@3a4f4104
----------------- Done invoking toplevel() on ptolemy.moml.MoMLSimpleApplication@3a4f4104
reloadAllAccessors: .CausalityInterface9

===========================================================================================
----------------- testing Wed Jul 10 22:31:34 UTC 2019 /home/travis/build/icyphy/ptII/ptolemy/domains/modal/test/auto/ChainedTransitions.xml
----------------- Instantiating /home/travis/build/icyphy/ptII/ptolemy/domains/modal/test/auto/ChainedTransitions.xml
89 ms. Memory: 262144K Free: 129944K (50%)
----------------- Invoking toplevel() on ptolemy.moml.MoMLSimpleApplication@7d108027
----------------- Done invoking toplevel() on ptolemy.moml.MoMLSimpleApplication@7d108027
reloadAllAccessors: .ChainedTransitions

===========================================================================================
----------------- testing Wed Jul 10 22:31:34 UTC 2019 /home/travis/build/icyphy/ptII/ptolemy/domains/modal/test/auto/CycleOfImmediateTransitionsFSM.xml
----------------- Instantiating /home/travis/build/icyphy/ptII/ptolemy/domains/modal/test/auto/CycleOfImmediateTransitionsFSM.xml
3 ms. Memory: 262144K Free: 124345K (47%)
----------------- Invoking toplevel() on ptolemy.moml.MoMLSimpleApplication@338f6b6a
----------------- Done invoking toplevel() on ptolemy.moml.MoMLSimpleApplication@338f6b6a
reloadAllAccessors: .CycleOfImmediateTransitionsFSM

===========================================================================================
----------------- testing Wed Jul 10 22:31:34 UTC 2019 /home/travis/build/icyphy/ptII/ptolemy/domains/modal/test/auto/CycleOfImmediateTransitionsModal.xml
----------------- Instantiating /home/travis/build/icyphy/ptII/ptolemy/domains/modal/test/auto/CycleOfImmediateTransitionsModal.xml
3 ms. Memory: 262144K Free: 118201K (45%)
----------------- Invoking toplevel() on ptolemy.moml.MoMLSimpleApplication@6f590305
----------------- Done invoking toplevel() on ptolemy.moml.MoMLSimpleApplication@6f590305
reloadAllAccessors: .CycleOfImmediateTransitionsModal

===========================================================================================
----------------- testing Wed Jul 10 22:31:34 UTC 2019 /home/travis/build/icyphy/ptII/ptolemy/domains/modal/test/auto/CycleOfImmediateTransitionsModal2.xml
----------------- Instantiating /home/travis/build/icyphy/ptII/ptolemy/domains/modal/test/auto/CycleOfImmediateTransitionsModal2.xml
11 ms. Memory: 262144K Free: 111543K (43%)
----------------- Invoking toplevel() on ptolemy.moml.MoMLSimpleApplication@688f5366
----------------- Done invoking toplevel() on ptolemy.moml.MoMLSimpleApplication@688f5366
reloadAllAccessors: .CycleOfImmediateTransitionsModal2

===========================================================================================
----------------- testing Wed Jul 10 22:31:34 UTC 2019 /home/travis/build/icyphy/ptII/ptolemy/domains/modal/test/auto/CycleOfImmediateTransitionsModal3.xml
----------------- Instantiating /home/travis/build/icyphy/ptII/ptolemy/domains/modal/test/auto/CycleOfImmediateTransitionsModal3.xml
13 ms. Memory: 368640K Free: 344488K (93%)
----------------- Invoking toplevel() on ptolemy.moml.MoMLSimpleApplication@419937e2
----------------- Done invoking toplevel() on ptolemy.moml.MoMLSimpleApplication@419937e2
reloadAllAccessors: .CycleOfImmediateTransitionsModal3

===========================================================================================
----------------- testing Wed Jul 10 22:31:34 UTC 2019 /home/travis/build/icyphy/ptII/ptolemy/domains/modal/test/auto/DeepModal1.xml
----------------- Instantiating /home/travis/build/icyphy/ptII/ptolemy/domains/modal/test/auto/DeepModal1.xml
29 ms. Memory: 368640K Free: 330681K (90%)
----------------- Invoking toplevel() on ptolemy.moml.MoMLSimpleApplication@35efe8bd
----------------- Done invoking toplevel() on ptolemy.moml.MoMLSimpleApplication@35efe8bd
reloadAllAccessors: .DeepModal1

===========================================================================================
----------------- testing Wed Jul 10 22:31:34 UTC 2019 /home/travis/build/icyphy/ptII/ptolemy/domains/modal/test/auto/DeepModal2.xml
----------------- Instantiating /home/travis/build/icyphy/ptII/ptolemy/domains/modal/test/auto/DeepModal2.xml
32 ms. Memory: 368640K Free: 312249K (85%)
----------------- Invoking toplevel() on ptolemy.moml.MoMLSimpleApplication@49260c47
----------------- Done invoking toplevel() on ptolemy.moml.MoMLSimpleApplication@49260c47
reloadAllAccessors: .DeepModal2

===========================================================================================
----------------- testing Wed Jul 10 22:31:34 UTC 2019 /home/travis/build/icyphy/ptII/ptolemy/domains/modal/test/auto/DeepModal3.xml
----------------- Instantiating /home/travis/build/icyphy/ptII/ptolemy/domains/modal/test/auto/DeepModal3.xml
34 ms. Memory: 368640K Free: 292793K (79%)
----------------- Invoking toplevel() on ptolemy.moml.MoMLSimpleApplication@5f99ada6
----------------- Done invoking toplevel() on ptolemy.moml.MoMLSimpleApplication@5f99ada6
reloadAllAccessors: .DeepModal3

===========================================================================================
----------------- testing Wed Jul 10 22:31:35 UTC 2019 /home/travis/build/icyphy/ptII/ptolemy/domains/modal/test/auto/DeepModal4.xml
----------------- Instantiating /home/travis/build/icyphy/ptII/ptolemy/domains/modal/test/auto/DeepModal4.xml
32 ms. Memory: 368640K Free: 273337K (74%)
----------------- Invoking toplevel() on ptolemy.moml.MoMLSimpleApplication@2faff156
----------------- Done invoking toplevel() on ptolemy.moml.MoMLSimpleApplication@2faff156
reloadAllAccessors: .DeepModal4

===========================================================================================
----------------- testing Wed Jul 10 22:31:35 UTC 2019 /home/travis/build/icyphy/ptII/ptolemy/domains/modal/test/auto/Default1.xml
----------------- Instantiating /home/travis/build/icyphy/ptII/ptolemy/domains/modal/test/auto/Default1.xml
2 ms. Memory: 368640K Free: 267193K (72%)
----------------- Invoking toplevel() on ptolemy.moml.MoMLSimpleApplication@593a0256
----------------- Done invoking toplevel() on ptolemy.moml.MoMLSimpleApplication@593a0256
reloadAllAccessors: .Default1

===========================================================================================
----------------- testing Wed Jul 10 22:31:35 UTC 2019 /home/travis/build/icyphy/ptII/ptolemy/domains/modal/test/auto/Default2.xml
----------------- Instantiating /home/travis/build/icyphy/ptII/ptolemy/domains/modal/test/auto/Default2.xml
9 ms. Memory: 368640K Free: 261559K (71%)
----------------- Invoking toplevel() on ptolemy.moml.MoMLSimpleApplication@7e3f9c6f
----------------- Done invoking toplevel() on ptolemy.moml.MoMLSimpleApplication@7e3f9c6f
reloadAllAccessors: .Default2

===========================================================================================
----------------- testing Wed Jul 10 22:31:35 UTC 2019 /home/travis/build/icyphy/ptII/ptolemy/domains/modal/test/auto/Default3.xml
----------------- Instantiating /home/travis/build/icyphy/ptII/ptolemy/domains/modal/test/auto/Default3.xml
3 ms. Memory: 368640K Free: 255415K (69%)
----------------- Invoking toplevel() on ptolemy.moml.MoMLSimpleApplication@1f5f147b
----------------- Done invoking toplevel() on ptolemy.moml.MoMLSimpleApplication@1f5f147b
reloadAllAccessors: .Default3

===========================================================================================
----------------- testing Wed Jul 10 22:31:35 UTC 2019 /home/travis/build/icyphy/ptII/ptolemy/domains/modal/test/auto/Default4.xml
----------------- Instantiating /home/travis/build/icyphy/ptII/ptolemy/domains/modal/test/auto/Default4.xml
2 ms. Memory: 368640K Free: 249271K (68%)
----------------- Invoking toplevel() on ptolemy.moml.MoMLSimpleApplication@55e908be
----------------- Done invoking toplevel() on ptolemy.moml.MoMLSimpleApplication@55e908be
reloadAllAccessors: .Default4

===========================================================================================
----------------- testing Wed Jul 10 22:31:35 UTC 2019 /home/travis/build/icyphy/ptII/ptolemy/domains/modal/test/auto/Default5.xml
----------------- Instantiating /home/travis/build/icyphy/ptII/ptolemy/domains/modal/test/auto/Default5.xml
7 ms. Memory: 368640K Free: 241064K (65%)
----------------- Invoking toplevel() on ptolemy.moml.MoMLSimpleApplication@534e1771
----------------- Done invoking toplevel() on ptolemy.moml.MoMLSimpleApplication@534e1771
reloadAllAccessors: .Default5

===========================================================================================
----------------- testing Wed Jul 10 22:31:35 UTC 2019 /home/travis/build/icyphy/ptII/ptolemy/domains/modal/test/auto/EmptyGuard.xml
----------------- Instantiating /home/travis/build/icyphy/ptII/ptolemy/domains/modal/test/auto/EmptyGuard.xml
10 ms. Memory: 368640K Free: 233904K (63%)
----------------- Invoking toplevel() on ptolemy.moml.MoMLSimpleApplication@62639b7b
----------------- Done invoking toplevel() on ptolemy.moml.MoMLSimpleApplication@62639b7b
reloadAllAccessors: .EmptyGuard

===========================================================================================
----------------- testing Wed Jul 10 22:31:35 UTC 2019 /home/travis/build/icyphy/ptII/ptolemy/domains/modal/test/auto/ErrorTransition1.xml
----------------- Instantiating /home/travis/build/icyphy/ptII/ptolemy/domains/modal/test/auto/ErrorTransition1.xml
9 ms. Memory: 368640K Free: 224695K (61%)
----------------- Invoking toplevel() on ptolemy.moml.MoMLSimpleApplication@1c07ea98
----------------- Done invoking toplevel() on ptolemy.moml.MoMLSimpleApplication@1c07ea98
reloadAllAccessors: .ErrorTransition1

===========================================================================================
----------------- testing Wed Jul 10 22:31:35 UTC 2019 /home/travis/build/icyphy/ptII/ptolemy/domains/modal/test/auto/ErrorTransition10.xml
----------------- Instantiating /home/travis/build/icyphy/ptII/ptolemy/domains/modal/test/auto/ErrorTransition10.xml
16 ms. Memory: 368640K Free: 210873K (57%)
----------------- Invoking toplevel() on ptolemy.moml.MoMLSimpleApplication@42c10bb1
----------------- Done invoking toplevel() on ptolemy.moml.MoMLSimpleApplication@42c10bb1
reloadAllAccessors: .ErrorTransition10

===========================================================================================
----------------- testing Wed Jul 10 22:31:35 UTC 2019 /home/travis/build/icyphy/ptII/ptolemy/domains/modal/test/auto/ErrorTransition11.xml
----------------- Instantiating /home/travis/build/icyphy/ptII/ptolemy/domains/modal/test/auto/ErrorTransition11.xml
4 ms. Memory: 368640K Free: 199609K (54%)
----------------- Invoking toplevel() on ptolemy.moml.MoMLSimpleApplication@c0d32c2
----------------- Done invoking toplevel() on ptolemy.moml.MoMLSimpleApplication@c0d32c2
reloadAllAccessors: .ErrorTransition11

===========================================================================================
----------------- testing Wed Jul 10 22:31:35 UTC 2019 /home/travis/build/icyphy/ptII/ptolemy/domains/modal/test/auto/ErrorTransition2.xml
----------------- Instantiating /home/travis/build/icyphy/ptII/ptolemy/domains/modal/test/auto/ErrorTransition2.xml
8 ms. Memory: 368640K Free: 190903K (52%)
----------------- Invoking toplevel() on ptolemy.moml.MoMLSimpleApplication@61541e91
----------------- Done invoking toplevel() on ptolemy.moml.MoMLSimpleApplication@61541e91
reloadAllAccessors: .ErrorTransition2

===========================================================================================
----------------- testing Wed Jul 10 22:31:35 UTC 2019 /home/travis/build/icyphy/ptII/ptolemy/domains/modal/test/auto/ErrorTransition3.xml
----------------- Instantiating /home/travis/build/icyphy/ptII/ptolemy/domains/modal/test/auto/ErrorTransition3.xml
13 ms. Memory: 368640K Free: 181177K (49%)
----------------- Invoking toplevel() on ptolemy.moml.MoMLSimpleApplication@141dcf59
----------------- Done invoking toplevel() on ptolemy.moml.MoMLSimpleApplication@141dcf59
reloadAllAccessors: .ErrorTransition3

===========================================================================================
----------------- testing Wed Jul 10 22:31:35 UTC 2019 /home/travis/build/icyphy/ptII/ptolemy/domains/modal/test/auto/ErrorTransition4.xml
----------------- Instantiating /home/travis/build/icyphy/ptII/ptolemy/domains/modal/test/auto/ErrorTransition4.xml
9 ms. Memory: 368640K Free: 169913K (46%)
----------------- Invoking toplevel() on ptolemy.moml.MoMLSimpleApplication@4b79203b
----------------- Done invoking toplevel() on ptolemy.moml.MoMLSimpleApplication@4b79203b
reloadAllAccessors: .ErrorTransition4

===========================================================================================
----------------- testing Wed Jul 10 22:31:35 UTC 2019 /home/travis/build/icyphy/ptII/ptolemy/domains/modal/test/auto/ErrorTransition5.xml
----------------- Instantiating /home/travis/build/icyphy/ptII/ptolemy/domains/modal/test/auto/ErrorTransition5.xml
9 ms. Memory: 368640K Free: 159673K (43%)
----------------- Invoking toplevel() on ptolemy.moml.MoMLSimpleApplication@76fac0ec
----------------- Done invoking toplevel() on ptolemy.moml.MoMLSimpleApplication@76fac0ec
reloadAllAccessors: .ErrorTransition5

===========================================================================================
----------------- testing Wed Jul 10 22:31:35 UTC 2019 /home/travis/build/icyphy/ptII/ptolemy/domains/modal/test/auto/ErrorTransition6.xml
----------------- Instantiating /home/travis/build/icyphy/ptII/ptolemy/domains/modal/test/auto/ErrorTransition6.xml
11 ms. Memory: 368640K Free: 343479K (93%)
----------------- Invoking toplevel() on ptolemy.moml.MoMLSimpleApplication@940277e
----------------- Done invoking toplevel() on ptolemy.moml.MoMLSimpleApplication@940277e
reloadAllAccessors: .ErrorTransition6

===========================================================================================
----------------- testing Wed Jul 10 22:31:35 UTC 2019 /home/travis/build/icyphy/ptII/ptolemy/domains/modal/test/auto/ErrorTransition7.xml
----------------- Instantiating /home/travis/build/icyphy/ptII/ptolemy/domains/modal/test/auto/ErrorTransition7.xml
18 ms. Memory: 368640K Free: 330681K (90%)
----------------- Invoking toplevel() on ptolemy.moml.MoMLSimpleApplication@5b472b52
----------------- Done invoking toplevel() on ptolemy.moml.MoMLSimpleApplication@5b472b52
reloadAllAccessors: .ErrorTransition7

===========================================================================================
----------------- testing Wed Jul 10 22:31:35 UTC 2019 /home/travis/build/icyphy/ptII/ptolemy/domains/modal/test/auto/ErrorTransition8.xml
----------------- Instantiating /home/travis/build/icyphy/ptII/ptolemy/domains/modal/test/auto/ErrorTransition8.xml
31 ms. Memory: 368640K Free: 317369K (86%)
----------------- Invoking toplevel() on ptolemy.moml.MoMLSimpleApplication@1dc23749
----------------- Done invoking toplevel() on ptolemy.moml.MoMLSimpleApplication@1dc23749
reloadAllAccessors: .ErrorTransition8

===========================================================================================
----------------- testing Wed Jul 10 22:31:35 UTC 2019 /home/travis/build/icyphy/ptII/ptolemy/domains/modal/test/auto/ErrorTransition9.xml
----------------- Instantiating /home/travis/build/icyphy/ptII/ptolemy/domains/modal/test/auto/ErrorTransition9.xml
16 ms. Memory: 368640K Free: 304057K (82%)
----------------- Invoking toplevel() on ptolemy.moml.MoMLSimpleApplication@1aad87c3
----------------- Done invoking toplevel() on ptolemy.moml.MoMLSimpleApplication@1aad87c3
reloadAllAccessors: .ErrorTransition9

===========================================================================================
----------------- testing Wed Jul 10 22:31:35 UTC 2019 /home/travis/build/icyphy/ptII/ptolemy/domains/modal/test/auto/ExtendedFSM.xml
----------------- Instantiating /home/travis/build/icyphy/ptII/ptolemy/domains/modal/test/auto/ExtendedFSM.xml
7 ms. Memory: 368640K Free: 295336K (80%)
----------------- Invoking toplevel() on ptolemy.moml.MoMLSimpleApplication@54dd6d79
----------------- Done invoking toplevel() on ptolemy.moml.MoMLSimpleApplication@54dd6d79
reloadAllAccessors: .ExtendedFSM

===========================================================================================
----------------- testing Wed Jul 10 22:31:35 UTC 2019 /home/travis/build/icyphy/ptII/ptolemy/domains/modal/test/auto/FinalStates.xml
----------------- Instantiating /home/travis/build/icyphy/ptII/ptolemy/domains/modal/test/auto/FinalStates.xml
10 ms. Memory: 368640K Free: 287159K (78%)
----------------- Invoking toplevel() on ptolemy.moml.MoMLSimpleApplication@5378d583
----------------- Done invoking toplevel() on ptolemy.moml.MoMLSimpleApplication@5378d583
reloadAllAccessors: .FinalStates

===========================================================================================
----------------- testing Wed Jul 10 22:31:35 UTC 2019 /home/travis/build/icyphy/ptII/ptolemy/domains/modal/test/auto/FixedPointFSM.xml
----------------- Instantiating /home/travis/build/icyphy/ptII/ptolemy/domains/modal/test/auto/FixedPointFSM.xml
22 ms. Memory: 368640K Free: 272313K (74%)
----------------- Invoking toplevel() on ptolemy.moml.MoMLSimpleApplication@79638cf5
----------------- Done invoking toplevel() on ptolemy.moml.MoMLSimpleApplication@79638cf5
reloadAllAccessors: .FixedPointFSM

===========================================================================================
----------------- testing Wed Jul 10 22:31:35 UTC 2019 /home/travis/build/icyphy/ptII/ptolemy/domains/modal/test/auto/FixedPointIterationFSMActor.xml
----------------- Instantiating /home/travis/build/icyphy/ptII/ptolemy/domains/modal/test/auto/FixedPointIterationFSMActor.xml
7 ms. Memory: 368640K Free: 262073K (71%)
----------------- Invoking toplevel() on ptolemy.moml.MoMLSimpleApplication@b38722e
----------------- Done invoking toplevel() on ptolemy.moml.MoMLSimpleApplication@b38722e
reloadAllAccessors: .FixedPointIterationFSMActor

===========================================================================================
----------------- testing Wed Jul 10 22:31:35 UTC 2019 /home/travis/build/icyphy/ptII/ptolemy/domains/modal/test/auto/FixedPointIterationFSMActor2.xml
----------------- Instantiating /home/travis/build/icyphy/ptII/ptolemy/domains/modal/test/auto/FixedPointIterationFSMActor2.xml
13 ms. Memory: 368640K Free: 249785K (68%)
----------------- Invoking toplevel() on ptolemy.moml.MoMLSimpleApplication@63a2cf99
----------------- Done invoking toplevel() on ptolemy.moml.MoMLSimpleApplication@63a2cf99
reloadAllAccessors: .FixedPointIterationFSMActor2

===========================================================================================
----------------- testing Wed Jul 10 22:31:35 UTC 2019 /home/travis/build/icyphy/ptII/ptolemy/domains/modal/test/auto/ForbiddenInstantanousLoop.xml
----------------- Instantiating /home/travis/build/icyphy/ptII/ptolemy/domains/modal/test/auto/ForbiddenInstantanousLoop.xml
7 ms. Memory: 368640K Free: 237497K (64%)
----------------- Invoking toplevel() on ptolemy.moml.MoMLSimpleApplication@53e5aa2e
----------------- Done invoking toplevel() on ptolemy.moml.MoMLSimpleApplication@53e5aa2e
reloadAllAccessors: .ForbiddenInstantanousLoop

===========================================================================================
----------------- testing Wed Jul 10 22:31:35 UTC 2019 /home/travis/build/icyphy/ptII/ptolemy/domains/modal/test/auto/FunctionDependencyOfFSMActorTest.xml
----------------- Instantiating /home/travis/build/icyphy/ptII/ptolemy/domains/modal/test/auto/FunctionDependencyOfFSMActorTest.xml
13 ms. Memory: 368640K Free: 230329K (62%)
----------------- Invoking toplevel() on ptolemy.moml.MoMLSimpleApplication@1effa228
----------------- Done invoking toplevel() on ptolemy.moml.MoMLSimpleApplication@1effa228
reloadAllAccessors: .FunctionDependencyOfFSMActorTest

===========================================================================================
----------------- testing Wed Jul 10 22:31:35 UTC 2019 /home/travis/build/icyphy/ptII/ptolemy/domains/modal/test/auto/GuardExpression.xml
----------------- Instantiating /home/travis/build/icyphy/ptII/ptolemy/domains/modal/test/auto/GuardExpression.xml
2 ms. Memory: 368640K Free: 225209K (61%)
----------------- Invoking toplevel() on ptolemy.moml.MoMLSimpleApplication@cc2629e
----------------- Done invoking toplevel() on ptolemy.moml.MoMLSimpleApplication@cc2629e
reloadAllAccessors: .GuardExpression

===========================================================================================
----------------- testing Wed Jul 10 22:31:35 UTC 2019 /home/travis/build/icyphy/ptII/ptolemy/domains/modal/test/auto/GuardNotEvaluated.xml
----------------- Instantiating /home/travis/build/icyphy/ptII/ptolemy/domains/modal/test/auto/GuardNotEvaluated.xml
6 ms. Memory: 368640K Free: 216488K (59%)
----------------- Invoking toplevel() on ptolemy.moml.MoMLSimpleApplication@141b29d7
----------------- Done invoking toplevel() on ptolemy.moml.MoMLSimpleApplication@141b29d7
reloadAllAccessors: .GuardNotEvaluated

===========================================================================================
----------------- testing Wed Jul 10 22:31:35 UTC 2019 /home/travis/build/icyphy/ptII/ptolemy/domains/modal/test/auto/GuardNotEvaluated2.xml
----------------- Instantiating /home/travis/build/icyphy/ptII/ptolemy/domains/modal/test/auto/GuardNotEvaluated2.xml
8 ms. Memory: 368640K Free: 206777K (56%)
----------------- Invoking toplevel() on ptolemy.moml.MoMLSimpleApplication@1ce0bd20
----------------- Done invoking toplevel() on ptolemy.moml.MoMLSimpleApplication@1ce0bd20
reloadAllAccessors: .GuardNotEvaluated2

===========================================================================================
----------------- testing Wed Jul 10 22:31:36 UTC 2019 /home/travis/build/icyphy/ptII/ptolemy/domains/modal/test/auto/GuardOnAbsent.xml
----------------- Instantiating /home/travis/build/icyphy/ptII/ptolemy/domains/modal/test/auto/GuardOnAbsent.xml
8 ms. Memory: 368640K Free: 199088K (54%)
----------------- Invoking toplevel() on ptolemy.moml.MoMLSimpleApplication@5a3bbc2c
----------------- Done invoking toplevel() on ptolemy.moml.MoMLSimpleApplication@5a3bbc2c
reloadAllAccessors: .GuardOnAbsent

===========================================================================================
----------------- testing Wed Jul 10 22:31:36 UTC 2019 /home/travis/build/icyphy/ptII/ptolemy/domains/modal/test/auto/HierarchicalFSMTypeInference.xml
----------------- Instantiating /home/travis/build/icyphy/ptII/ptolemy/domains/modal/test/auto/HierarchicalFSMTypeInference.xml
6 ms. Memory: 368640K Free: 188855K (51%)
----------------- Invoking toplevel() on ptolemy.moml.MoMLSimpleApplication@72c881ab
----------------- Done invoking toplevel() on ptolemy.moml.MoMLSimpleApplication@72c881ab
reloadAllAccessors: .HierarchicalFSMTypeInference

===========================================================================================
----------------- testing Wed Jul 10 22:31:36 UTC 2019 /home/travis/build/icyphy/ptII/ptolemy/domains/modal/test/auto/Hysteresis.xml
----------------- Instantiating /home/travis/build/icyphy/ptII/ptolemy/domains/modal/test/auto/Hysteresis.xml
13 ms. Memory: 368640K Free: 175528K (48%)
----------------- Invoking toplevel() on ptolemy.moml.MoMLSimpleApplication@466485f6
----------------- Done invoking toplevel() on ptolemy.moml.MoMLSimpleApplication@466485f6
reloadAllAccessors: .Hysteresis

===========================================================================================
----------------- testing Wed Jul 10 22:31:36 UTC 2019 /home/travis/build/icyphy/ptII/ptolemy/domains/modal/test/auto/HysteresisWithDefault.xml
----------------- Instantiating /home/travis/build/icyphy/ptII/ptolemy/domains/modal/test/auto/HysteresisWithDefault.xml
34 ms. Memory: 368640K Free: 152505K (41%)
----------------- Invoking toplevel() on ptolemy.moml.MoMLSimpleApplication@7b5e2eb3
----------------- Done invoking toplevel() on ptolemy.moml.MoMLSimpleApplication@7b5e2eb3
reloadAllAccessors: .HysteresisWithDefault

===========================================================================================
----------------- testing Wed Jul 10 22:31:36 UTC 2019 /home/travis/build/icyphy/ptII/ptolemy/domains/modal/test/auto/HysteresisWithDefault2.xml
----------------- Instantiating /home/travis/build/icyphy/ptII/ptolemy/domains/modal/test/auto/HysteresisWithDefault2.xml
62 ms. Memory: 368640K Free: 335643K (91%)
----------------- Invoking toplevel() on ptolemy.moml.MoMLSimpleApplication@2e7b2ac1
----------------- Done invoking toplevel() on ptolemy.moml.MoMLSimpleApplication@2e7b2ac1
reloadAllAccessors: .HysteresisWithDefault2

===========================================================================================
----------------- testing Wed Jul 10 22:31:36 UTC 2019 /home/travis/build/icyphy/ptII/ptolemy/domains/modal/test/auto/ImmediateNonConstructiveness.xml
----------------- Instantiating /home/travis/build/icyphy/ptII/ptolemy/domains/modal/test/auto/ImmediateNonConstructiveness.xml
4 ms. Memory: 368640K Free: 328121K (89%)
----------------- Invoking toplevel() on ptolemy.moml.MoMLSimpleApplication@13d9601b
----------------- Done invoking toplevel() on ptolemy.moml.MoMLSimpleApplication@13d9601b
reloadAllAccessors: .ImmediateNonConstructiveness

===========================================================================================
----------------- testing Wed Jul 10 22:31:36 UTC 2019 /home/travis/build/icyphy/ptII/ptolemy/domains/modal/test/auto/ImmediateNonConstructiveness2.xml
----------------- Instantiating /home/travis/build/icyphy/ptII/ptolemy/domains/modal/test/auto/ImmediateNonConstructiveness2.xml
2 ms. Memory: 368640K Free: 321448K (87%)
----------------- Invoking toplevel() on ptolemy.moml.MoMLSimpleApplication@6a631dfd
----------------- Done invoking toplevel() on ptolemy.moml.MoMLSimpleApplication@6a631dfd
reloadAllAccessors: .ImmediateNonConstructiveness2

===========================================================================================
----------------- testing Wed Jul 10 22:31:36 UTC 2019 /home/travis/build/icyphy/ptII/ptolemy/domains/modal/test/auto/ImmediateTransitionReset.xml
----------------- Instantiating /home/travis/build/icyphy/ptII/ptolemy/domains/modal/test/auto/ImmediateTransitionReset.xml
9 ms. Memory: 368640K Free: 309689K (84%)
----------------- Invoking toplevel() on ptolemy.moml.MoMLSimpleApplication@77e7cdb3
----------------- Done invoking toplevel() on ptolemy.moml.MoMLSimpleApplication@77e7cdb3
reloadAllAccessors: .ImmediateTransitionReset

===========================================================================================
----------------- testing Wed Jul 10 22:31:36 UTC 2019 /home/travis/build/icyphy/ptII/ptolemy/domains/modal/test/auto/ImmediateTransitions1.xml
----------------- Instantiating /home/travis/build/icyphy/ptII/ptolemy/domains/modal/test/auto/ImmediateTransitions1.xml
1 ms. Memory: 368640K Free: 304569K (83%)
----------------- Invoking toplevel() on ptolemy.moml.MoMLSimpleApplication@7ad61bb1
----------------- Done invoking toplevel() on ptolemy.moml.MoMLSimpleApplication@7ad61bb1
reloadAllAccessors: .ImmediateTransitions1

===========================================================================================
----------------- testing Wed Jul 10 22:31:36 UTC 2019 /home/travis/build/icyphy/ptII/ptolemy/domains/modal/test/auto/ImmediateTransitionsInstantaneousCommunication.xml
----------------- Instantiating /home/travis/build/icyphy/ptII/ptolemy/domains/modal/test/auto/ImmediateTransitionsInstantaneousCommunication.xml
4 ms. Memory: 368640K Free: 292281K (79%)
----------------- Invoking toplevel() on ptolemy.moml.MoMLSimpleApplication@7f5f9a8
----------------- Done invoking toplevel() on ptolemy.moml.MoMLSimpleApplication@7f5f9a8
reloadAllAccessors: .ImmediateTransitionsInstantaneousCommunication

===========================================================================================
----------------- testing Wed Jul 10 22:31:36 UTC 2019 /home/travis/build/icyphy/ptII/ptolemy/domains/modal/test/auto/InitialImmediateTransition.xml
----------------- Instantiating /home/travis/build/icyphy/ptII/ptolemy/domains/modal/test/auto/InitialImmediateTransition.xml
4 ms. Memory: 368640K Free: 285113K (77%)
----------------- Invoking toplevel() on ptolemy.moml.MoMLSimpleApplication@785099e3
----------------- Done invoking toplevel() on ptolemy.moml.MoMLSimpleApplication@785099e3
reloadAllAccessors: .InitialImmediateTransition

===========================================================================================
----------------- testing Wed Jul 10 22:31:36 UTC 2019 /home/travis/build/icyphy/ptII/ptolemy/domains/modal/test/auto/InitialOutputs.xml
----------------- Instantiating /home/travis/build/icyphy/ptII/ptolemy/domains/modal/test/auto/InitialOutputs.xml
3 ms. Memory: 368640K Free: 278969K (76%)
----------------- Invoking toplevel() on ptolemy.moml.MoMLSimpleApplication@448f9e59
----------------- Done invoking toplevel() on ptolemy.moml.MoMLSimpleApplication@448f9e59
reloadAllAccessors: .InitialOutputs

===========================================================================================
----------------- testing Wed Jul 10 22:31:36 UTC 2019 /home/travis/build/icyphy/ptII/ptolemy/domains/modal/test/auto/InitialStateTransition1.xml
----------------- Instantiating /home/travis/build/icyphy/ptII/ptolemy/domains/modal/test/auto/InitialStateTransition1.xml
3 ms. Memory: 368640K Free: 271801K (74%)
----------------- Invoking toplevel() on ptolemy.moml.MoMLSimpleApplication@527d92a
----------------- Done invoking toplevel() on ptolemy.moml.MoMLSimpleApplication@527d92a
reloadAllAccessors: .InitialStateTransition1

===========================================================================================
----------------- testing Wed Jul 10 22:31:36 UTC 2019 /home/travis/build/icyphy/ptII/ptolemy/domains/modal/test/auto/InitialStateTransition2.xml
----------------- Instantiating /home/travis/build/icyphy/ptII/ptolemy/domains/modal/test/auto/InitialStateTransition2.xml
.InitialStateTransition2.TestExceptionAttributeNonConstructive: initialize() was not invoked, but wrapup() was.  This is unusual, but not always a problem.  For example, exporting JNLP will do this.
2 ms. Memory: 368640K Free: 264119K (72%)
----------------- Invoking toplevel() on ptolemy.moml.MoMLSimpleApplication@73e5c072
----------------- Done invoking toplevel() on ptolemy.moml.MoMLSimpleApplication@73e5c072
reloadAllAccessors: .InitialStateTransition2

===========================================================================================
----------------- testing Wed Jul 10 22:31:36 UTC 2019 /home/travis/build/icyphy/ptII/ptolemy/domains/modal/test/auto/InitialStateTransition3.xml
----------------- Instantiating /home/travis/build/icyphy/ptII/ptolemy/domains/modal/test/auto/InitialStateTransition3.xml
4 ms. Memory: 368640K Free: 255927K (69%)
----------------- Invoking toplevel() on ptolemy.moml.MoMLSimpleApplication@18be3bd1
----------------- Done invoking toplevel() on ptolemy.moml.MoMLSimpleApplication@18be3bd1
reloadAllAccessors: .InitialStateTransition3

===========================================================================================
----------------- testing Wed Jul 10 22:31:36 UTC 2019 /home/travis/build/icyphy/ptII/ptolemy/domains/modal/test/auto/InitialStateTransition4.xml
----------------- Instantiating /home/travis/build/icyphy/ptII/ptolemy/domains/modal/test/auto/InitialStateTransition4.xml
3 ms. Memory: 368640K Free: 246711K (67%)
----------------- Invoking toplevel() on ptolemy.moml.MoMLSimpleApplication@2f4c1f69
[...]
reloadAllAccessors: .TerminationTransition3

===========================================================================================
----------------- testing Wed Jul 10 22:31:38 UTC 2019 /home/travis/build/icyphy/ptII/ptolemy/domains/modal/test/auto/TerminationTransition4.xml
----------------- Instantiating /home/travis/build/icyphy/ptII/ptolemy/domains/modal/test/auto/TerminationTransition4.xml
6 ms. Memory: 461824K Free: 182201K (39%)
----------------- Invoking toplevel() on ptolemy.moml.MoMLSimpleApplication@338ae71c
----------------- Done invoking toplevel() on ptolemy.moml.MoMLSimpleApplication@338ae71c
reloadAllAccessors: .TerminationTransition4

===========================================================================================
----------------- testing Wed Jul 10 22:31:38 UTC 2019 /home/travis/build/icyphy/ptII/ptolemy/domains/modal/test/auto/TerminationTransition5.xml
----------------- Instantiating /home/travis/build/icyphy/ptII/ptolemy/domains/modal/test/auto/TerminationTransition5.xml
2 ms. Memory: 461824K Free: 435639K (94%)
----------------- Invoking toplevel() on ptolemy.moml.MoMLSimpleApplication@28c58c3c
----------------- Done invoking toplevel() on ptolemy.moml.MoMLSimpleApplication@28c58c3c
reloadAllAccessors: .TerminationTransition5

===========================================================================================
----------------- testing Wed Jul 10 22:31:38 UTC 2019 /home/travis/build/icyphy/ptII/ptolemy/domains/modal/test/auto/TerminationTransition6.xml
----------------- Instantiating /home/travis/build/icyphy/ptII/ptolemy/domains/modal/test/auto/TerminationTransition6.xml
2 ms. Memory: 461824K Free: 426937K (92%)
----------------- Invoking toplevel() on ptolemy.moml.MoMLSimpleApplication@6b75a652
----------------- Done invoking toplevel() on ptolemy.moml.MoMLSimpleApplication@6b75a652
reloadAllAccessors: .TerminationTransition6

===========================================================================================
----------------- testing Wed Jul 10 22:31:38 UTC 2019 /home/travis/build/icyphy/ptII/ptolemy/domains/modal/test/auto/TerminationTransition7.xml
----------------- Instantiating /home/travis/build/icyphy/ptII/ptolemy/domains/modal/test/auto/TerminationTransition7.xml
2 ms. Memory: 461824K Free: 417207K (90%)
----------------- Invoking toplevel() on ptolemy.moml.MoMLSimpleApplication@34cf8dfa
----------------- Done invoking toplevel() on ptolemy.moml.MoMLSimpleApplication@34cf8dfa
reloadAllAccessors: .TerminationTransition7

===========================================================================================
----------------- testing Wed Jul 10 22:31:38 UTC 2019 /home/travis/build/icyphy/ptII/ptolemy/domains/modal/test/auto/TerminationTransition8.xml
----------------- Instantiating /home/travis/build/icyphy/ptII/ptolemy/domains/modal/test/auto/TerminationTransition8.xml
2 ms. Memory: 461824K Free: 408503K (88%)
----------------- Invoking toplevel() on ptolemy.moml.MoMLSimpleApplication@32a277b
----------------- Done invoking toplevel() on ptolemy.moml.MoMLSimpleApplication@32a277b
reloadAllAccessors: .TerminationTransition8

===========================================================================================
----------------- testing Wed Jul 10 22:31:38 UTC 2019 /home/travis/build/icyphy/ptII/ptolemy/domains/modal/test/auto/Thermostat_NoHysteresis.xml
----------------- Instantiating /home/travis/build/icyphy/ptII/ptolemy/domains/modal/test/auto/Thermostat_NoHysteresis.xml
25 ms. Memory: 461824K Free: 383400K (83%)
----------------- Invoking toplevel() on ptolemy.moml.MoMLSimpleApplication@51594648
----------------- Done invoking toplevel() on ptolemy.moml.MoMLSimpleApplication@51594648
reloadAllAccessors: .Thermostat_NoHysteresis

===========================================================================================
----------------- testing Wed Jul 10 22:31:38 UTC 2019 /home/travis/build/icyphy/ptII/ptolemy/domains/modal/test/auto/TimedFSM.xml
----------------- Instantiating /home/travis/build/icyphy/ptII/ptolemy/domains/modal/test/auto/TimedFSM.xml
8 ms. Memory: 461824K Free: 371641K (80%)
----------------- Invoking toplevel() on ptolemy.moml.MoMLSimpleApplication@35f9e921
----------------- Done invoking toplevel() on ptolemy.moml.MoMLSimpleApplication@35f9e921
reloadAllAccessors: .TimedFSM

===========================================================================================
----------------- testing Wed Jul 10 22:31:38 UTC 2019 /home/travis/build/icyphy/ptII/ptolemy/domains/modal/test/auto/Timeout1.xml
----------------- Instantiating /home/travis/build/icyphy/ptII/ptolemy/domains/modal/test/auto/Timeout1.xml
3 ms. Memory: 461824K Free: 365992K (79%)
----------------- Invoking toplevel() on ptolemy.moml.MoMLSimpleApplication@2e18f535
----------------- Done invoking toplevel() on ptolemy.moml.MoMLSimpleApplication@2e18f535
reloadAllAccessors: .Timeout1

===========================================================================================
----------------- testing Wed Jul 10 22:31:38 UTC 2019 /home/travis/build/icyphy/ptII/ptolemy/domains/modal/test/auto/Timeout2.xml
----------------- Instantiating /home/travis/build/icyphy/ptII/ptolemy/domains/modal/test/auto/Timeout2.xml
8 ms. Memory: 461824K Free: 357815K (77%)
----------------- Invoking toplevel() on ptolemy.moml.MoMLSimpleApplication@4f05a792
----------------- Done invoking toplevel() on ptolemy.moml.MoMLSimpleApplication@4f05a792
reloadAllAccessors: .Timeout2

===========================================================================================
----------------- testing Wed Jul 10 22:31:38 UTC 2019 /home/travis/build/icyphy/ptII/ptolemy/domains/modal/test/auto/Timeout3.xml
----------------- Instantiating /home/travis/build/icyphy/ptII/ptolemy/domains/modal/test/auto/Timeout3.xml
3 ms. Memory: 461824K Free: 352185K (76%)
----------------- Invoking toplevel() on ptolemy.moml.MoMLSimpleApplication@2f87176b
----------------- Done invoking toplevel() on ptolemy.moml.MoMLSimpleApplication@2f87176b
reloadAllAccessors: .Timeout3

===========================================================================================
----------------- testing Wed Jul 10 22:31:38 UTC 2019 /home/travis/build/icyphy/ptII/ptolemy/domains/modal/test/auto/Timeout4.xml
----------------- Instantiating /home/travis/build/icyphy/ptII/ptolemy/domains/modal/test/auto/Timeout4.xml
2 ms. Memory: 461824K Free: 347065K (75%)
----------------- Invoking toplevel() on ptolemy.moml.MoMLSimpleApplication@2d00e400
----------------- Done invoking toplevel() on ptolemy.moml.MoMLSimpleApplication@2d00e400
reloadAllAccessors: .Timeout4

===========================================================================================
----------------- testing Wed Jul 10 22:31:38 UTC 2019 /home/travis/build/icyphy/ptII/ptolemy/domains/modal/test/auto/TransientstateModelAdvanced.xml
----------------- Instantiating /home/travis/build/icyphy/ptII/ptolemy/domains/modal/test/auto/TransientstateModelAdvanced.xml
5 ms. Memory: 461824K Free: 334777K (72%)
----------------- Invoking toplevel() on ptolemy.moml.MoMLSimpleApplication@34522ea8
----------------- Done invoking toplevel() on ptolemy.moml.MoMLSimpleApplication@34522ea8
reloadAllAccessors: .TransientstateModelAdvanced

===========================================================================================
----------------- testing Wed Jul 10 22:31:38 UTC 2019 /home/travis/build/icyphy/ptII/ptolemy/domains/modal/test/auto/TransientstateModelAdvanced2.xml
----------------- Instantiating /home/travis/build/icyphy/ptII/ptolemy/domains/modal/test/auto/TransientstateModelAdvanced2.xml
3 ms. Memory: 461824K Free: 320936K (69%)
----------------- Invoking toplevel() on ptolemy.moml.MoMLSimpleApplication@76ca95af
----------------- Done invoking toplevel() on ptolemy.moml.MoMLSimpleApplication@76ca95af
reloadAllAccessors: .transientstatemodelAdvanced

===========================================================================================
----------------- testing Wed Jul 10 22:31:38 UTC 2019 /home/travis/build/icyphy/ptII/ptolemy/domains/modal/test/auto/TransitionRefinements.xml
----------------- Instantiating /home/travis/build/icyphy/ptII/ptolemy/domains/modal/test/auto/TransitionRefinements.xml
6 ms. Memory: 461824K Free: 311225K (67%)
----------------- Invoking toplevel() on ptolemy.moml.MoMLSimpleApplication@3ae47d26
----------------- Done invoking toplevel() on ptolemy.moml.MoMLSimpleApplication@3ae47d26
reloadAllAccessors: .TransitionRefinements

===========================================================================================
----------------- testing Wed Jul 10 22:31:38 UTC 2019 /home/travis/build/icyphy/ptII/ptolemy/domains/modal/test/auto/TwoRefinements1.xml
----------------- Instantiating /home/travis/build/icyphy/ptII/ptolemy/domains/modal/test/auto/TwoRefinements1.xml
3 ms. Memory: 461824K Free: 301495K (65%)
----------------- Invoking toplevel() on ptolemy.moml.MoMLSimpleApplication@6706f8e5
----------------- Done invoking toplevel() on ptolemy.moml.MoMLSimpleApplication@6706f8e5
reloadAllAccessors: .TwoRefinements1

===========================================================================================
----------------- testing Wed Jul 10 22:31:38 UTC 2019 /home/travis/build/icyphy/ptII/ptolemy/domains/modal/test/auto/TwoRefinements2.xml
----------------- Instantiating /home/travis/build/icyphy/ptII/ptolemy/domains/modal/test/auto/TwoRefinements2.xml
2 ms. Memory: 461824K Free: 291769K (63%)
----------------- Invoking toplevel() on ptolemy.moml.MoMLSimpleApplication@6d92f8ee
----------------- Done invoking toplevel() on ptolemy.moml.MoMLSimpleApplication@6d92f8ee
reloadAllAccessors: .TwoRefinements2

===========================================================================================
----------------- testing Wed Jul 10 22:31:38 UTC 2019 /home/travis/build/icyphy/ptII/ptolemy/domains/modal/test/auto/WeakImmediateTransition.xml
----------------- Instantiating /home/travis/build/icyphy/ptII/ptolemy/domains/modal/test/auto/WeakImmediateTransition.xml
3 ms. Memory: 461824K Free: 283063K (61%)
----------------- Invoking toplevel() on ptolemy.moml.MoMLSimpleApplication@2203b3d7
----------------- Done invoking toplevel() on ptolemy.moml.MoMLSimpleApplication@2203b3d7
reloadAllAccessors: .WeakImmediateTransition

===========================================================================================
----------------- testing Wed Jul 10 22:31:38 UTC 2019 /home/travis/build/icyphy/ptII/ptolemy/domains/modal/test/auto/booleanSelect.xml
----------------- Instantiating /home/travis/build/icyphy/ptII/ptolemy/domains/modal/test/auto/booleanSelect.xml
45 ms. Memory: 461824K Free: 264631K (57%)
----------------- Invoking toplevel() on ptolemy.moml.MoMLSimpleApplication@113047b9
----------------- Done invoking toplevel() on ptolemy.moml.MoMLSimpleApplication@113047b9
reloadAllAccessors: .booleanSelect

===========================================================================================
----------------- testing Wed Jul 10 22:31:38 UTC 2019 /home/travis/build/icyphy/ptII/ptolemy/domains/modal/test/auto/modalChangingParams.xml
----------------- Instantiating /home/travis/build/icyphy/ptII/ptolemy/domains/modal/test/auto/modalChangingParams.xml
0
1
0
2
4
6
8
7
0
2
4
6
8
13
0
2
4
6
8
19
0
2
4
6
8
25
0
2
4
6
8
31
0
2
4
6
8
37
0
2
4
6
8
43
0
2
4
6
8
49
0
2
4
6
8
55
0
2
4
6
8
61
0
2
4
6
8
67
0
2
4
6
8
73
0
2
4
6
8
79
0
2
4
6
8
85
0
2
4
6
8
91
0
2
4
6
8
97
0
2
4
6
8
103
0
2
4
6
8
109
0
2
4
6
8
115
0
2
4
6
8
121
0
2
4
6
8
127
0
2
4
6
8
133
0
2
4
6
8
139
0
2
4
6
8
145
0
2
4
6
8
151
0
2
4
6
8
157
0
2
4
6
8
163
0
2
4
6
8
169
0
2
4
6
8
175
0
2
4
6
8
181
0
2
4
6
8
187
0
2
4
6
8
193
0
2
4
6
8
199
0
2
4
6
8
205
0
2
4
6
8
211
0
2
4
6
8
217
0
2
4
6
8
223
0
2
4
6
8
229
0
2
4
6
8
235
0
2
4
6
8
241
0
2
4
6
8
247
0
2
4
6
8
253
0
2
4
6
8
259
0
2
4
6
8
265
0
2
4
6
8
271
0
2
4
6
8
277
0
2
4
6
8
283
0
2
4
6
8
289
0
2
4
6
8
295
0
2
4
6
8
301
0
2
4
6
8
307
0
2
4
6
8
313
0
2
4
6
8
319
0
2
4
6
8
325
0
2
4
6
8
331
0
2
4
6
8
337
0
2
4
6
8
343
0
2
4
6
8
349
0
2
4
6
8
355
0
2
4
6
8
361
0
2
4
6
8
367
0
2
4
6
8
373
0
2
4
6
8
379
0
2
4
6
8
385
0
2
4
6
8
391
0
2
4
6
8
397
0
2
4
6
8
403
0
2
4
6
8
409
0
2
4
6
8
415
0
2
4
6
8
421
0
2
4
6
8
427
0
2
4
6
8
433
0
2
4
6
8
439
0
2
4
6
8
445
0
2
4
6
8
451
0
2
4
6
8
457
0
2
4
6
8
463
0
2
4
6
8
469
0
2
4
6
8
475
0
2
4
6
8
481
0
2
4
6
8
487
0
2
4
6
8
493
0
2
4
6
8
499
0
2
4
6
8
505
0
2
4
6
8
511
0
2
4
6
8
517
0
2
4
6
8
523
0
2
4
6
8
529
0
2
4
6
8
535
0
2
4
6
8
541
0
2
4
6
8
547
0
2
4
6
8
553
0
2
4
6
8
559
0
2
4
6
8
565
0
2
4
6
8
571
0
2
4
6
8
577
0
2
4
6
8
583
0
2
4
6
8
589
0
2
4
6
8
595
0
2
4
6
8
601
0
2
4
6
8
607
0
2
4
6
8
613
0
2
4
6
8
619
0
2
4
6
8
625
0
2
4
6
8
631
0
2
4
6
8
637
0
2
4
6
8
643
0
2
4
6
8
649
0
2
4
6
8
655
0
2
4
6
8
661
0
2
4
6
8
667
0
2
4
6
8
673
0
2
4
6
8
679
0
2
4
6
8
685
0
2
4
6
8
691
0
2
4
6
8
697
0
2
4
6
8
703
0
2
4
6
8
709
0
2
4
6
8
715
0
2
4
6
8
721
0
2
4
6
8
727
0
2
4
6
8
733
0
2
4
6
8
739
0
2
4
6
8
745
0
2
4
6
8
751
0
2
4
6
8
757
0
2
4
6
8
763
0
2
4
6
8
769
0
2
4
6
8
775
0
2
4
6
8
781
0
2
4
6
8
787
0
2
4
6
8
793
0
2
4
6
8
799
0
2
4
6
8
805
0
2
4
6
8
811
0
2
4
6
8
817
0
2
4
6
8
823
0
2
4
6
8
829
0
2
4
6
8
835
0
2
4
6
8
841
0
2
4
6
8
847
0
2
4
6
8
853
0
2
4
6
8
859
0
2
4
6
8
865
0
2
4
6
8
871
0
2
4
6
8
877
0
2
4
6
8
883
0
2
4
6
8
889
0
2
4
6
8
895
0
2
4
6
8
901
0
2
4
6
8
907
0
2
4
6
8
913
0
2
4
6
8
919
0
2
4
6
8
925
0
2
4
6
8
931
0
2
4
6
8
937
0
2
4
6
8
943
0
2
4
6
8
949
0
2
4
6
8
955
0
2
4
6
8
961
0
2
4
6
8
967
0
2
4
6
8
973
0
2
4
6
8
979
0
2
4
6
8
985
0
2
4
6
8
991
0
2
4
6
8
997
0
2
236 ms. Memory: 461824K Free: 418147K (91%)
----------------- Invoking toplevel() on ptolemy.moml.MoMLSimpleApplication@5a68f199
----------------- Done invoking toplevel() on ptolemy.moml.MoMLSimpleApplication@5a68f199
reloadAllAccessors: .modalChangingParams

===========================================================================================
----------------- testing Wed Jul 10 22:31:39 UTC 2019 /home/travis/build/icyphy/ptII/ptolemy/domains/modal/test/auto/modalModel.xml
----------------- Instantiating /home/travis/build/icyphy/ptII/ptolemy/domains/modal/test/auto/modalModel.xml
14 ms. Memory: 461824K Free: 408946K (89%)
----------------- Invoking toplevel() on ptolemy.moml.MoMLSimpleApplication@20287e65
----------------- Done invoking toplevel() on ptolemy.moml.MoMLSimpleApplication@20287e65
reloadAllAccessors: .modalModel

===========================================================================================
----------------- testing Wed Jul 10 22:31:39 UTC 2019 /home/travis/build/icyphy/ptII/ptolemy/domains/modal/test/auto/modalModel2.xml
----------------- Instantiating /home/travis/build/icyphy/ptII/ptolemy/domains/modal/test/auto/modalModel2.xml
7 ms. Memory: 461824K Free: 398196K (86%)
----------------- Invoking toplevel() on ptolemy.moml.MoMLSimpleApplication@59d5eff7
----------------- Done invoking toplevel() on ptolemy.moml.MoMLSimpleApplication@59d5eff7
reloadAllAccessors: .modalModel2

===========================================================================================
----------------- testing Wed Jul 10 22:31:39 UTC 2019 /home/travis/build/icyphy/ptII/ptolemy/domains/modal/test/auto/modalModel3.xml
----------------- Instantiating /home/travis/build/icyphy/ptII/ptolemy/domains/modal/test/auto/modalModel3.xml
0	0	0
3	2	1
6	4	2
9	6	3
4	0	4
7	2	5
10	4	6
13	6	7
8	0	8
11	2	9
14	4	10
17	6	11
12	0	12
15	2	13
18	4	14
15 ms. Memory: 461824K Free: 383331K (83%)
----------------- Invoking toplevel() on ptolemy.moml.MoMLSimpleApplication@31ce7893
----------------- Done invoking toplevel() on ptolemy.moml.MoMLSimpleApplication@31ce7893
reloadAllAccessors: .modalModel3

===========================================================================================
----------------- testing Wed Jul 10 22:31:39 UTC 2019 /home/travis/build/icyphy/ptII/ptolemy/domains/modal/test/auto/model1.xml
----------------- Instantiating /home/travis/build/icyphy/ptII/ptolemy/domains/modal/test/auto/model1.xml
10 ms. Memory: 461824K Free: 377716K (82%)
----------------- Invoking toplevel() on ptolemy.moml.MoMLSimpleApplication@628a1d4d
----------------- Done invoking toplevel() on ptolemy.moml.MoMLSimpleApplication@628a1d4d
reloadAllAccessors: .model1

===========================================================================================
----------------- testing Wed Jul 10 22:31:39 UTC 2019 /home/travis/build/icyphy/ptII/ptolemy/domains/modal/test/auto/test-direct-in-out.xml
----------------- Instantiating /home/travis/build/icyphy/ptII/ptolemy/domains/modal/test/auto/test-direct-in-out.xml
4 ms. Memory: 461824K Free: 369524K (80%)
----------------- Invoking toplevel() on ptolemy.moml.MoMLSimpleApplication@1cb7f706
----------------- Done invoking toplevel() on ptolemy.moml.MoMLSimpleApplication@1cb7f706
reloadAllAccessors: .test-direct-in-out
AutoTests.java: About to close Vertx.
AutoTests.java: Vertx closed.
]]></system-out>
  <system-err><![CDATA[java.lang.RuntimeException: Execution failed
	at ptolemy.moml.MoMLSimpleApplication$UnloadThread.run(MoMLSimpleApplication.java:402)
Caused by: ptolemy.kernel.util.IllegalActionException: Unknown inputs remain. Possible causality loop:
L_model_1893289564i

  in .CannotAnalysisWithPreemption.model_1893289564_region_1 and .CannotAnalysisWithPreemption.model_1893289564_region_1.L_model_1893289564i
	at ptolemy.actor.sched.FixedPointDirector.postfire(FixedPointDirector.java:515)
	at ptolemy.domains.sr.kernel.SRDirector.postfire(SRDirector.java:417)
	at ptolemy.actor.CompositeActor.postfire(CompositeActor.java:1668)
	at ptolemy.actor.Manager.iterate(Manager.java:852)
	at ptolemy.actor.Manager.execute(Manager.java:369)
	at ptolemy.actor.Manager.run(Manager.java:1263)
	at ptolemy.actor.Manager$PtolemyRunThread.run(Manager.java:1915)
java.lang.reflect.InvocationTargetException
	at java.base/jdk.internal.reflect.NativeConstructorAccessorImpl.newInstance0(Native Method)
	at java.base/jdk.internal.reflect.NativeConstructorAccessorImpl.newInstance(NativeConstructorAccessorImpl.java:62)
	at java.base/jdk.internal.reflect.DelegatingConstructorAccessorImpl.newInstance(DelegatingConstructorAccessorImpl.java:45)
	at java.base/java.lang.reflect.Constructor.newInstance(Constructor.java:488)
	at ptolemy.util.test.junit.AutoKnownFailedTests.RunModel(AutoKnownFailedTests.java:105)
	at java.base/jdk.internal.reflect.NativeMethodAccessorImpl.invoke0(Native Method)
	at java.base/jdk.internal.reflect.NativeMethodAccessorImpl.invoke(NativeMethodAccessorImpl.java:62)
	at java.base/jdk.internal.reflect.DelegatingMethodAccessorImpl.invoke(DelegatingMethodAccessorImpl.java:43)
	at java.base/java.lang.reflect.Method.invoke(Method.java:564)
	at org.junit.runners.model.FrameworkMethod$1.runReflectiveCall(FrameworkMethod.java:44)
	at org.junit.internal.runners.model.ReflectiveCallable.run(ReflectiveCallable.java:15)
	at org.junit.runners.model.FrameworkMethod.invokeExplosively(FrameworkMethod.java:41)
	at junitparams.internal.InvokeParameterisedMethod.evaluate(InvokeParameterisedMethod.java:102)
	at org.junit.internal.runners.statements.FailOnTimeout$1.run(FailOnTimeout.java:28)
Caused by: ptolemy.kernel.util.IllegalActionException: Unknown inputs remain. Possible causality loop:
L_model_1893289564i

  in .CannotAnalysisWithPreemption.model_1893289564_region_1 and .CannotAnalysisWithPreemption.model_1893289564_region_1.L_model_1893289564i
	at ptolemy.actor.sched.FixedPointDirector.postfire(FixedPointDirector.java:515)
	at ptolemy.domains.sr.kernel.SRDirector.postfire(SRDirector.java:417)
	at ptolemy.actor.CompositeActor.postfire(CompositeActor.java:1668)
	at ptolemy.actor.Manager.iterate(Manager.java:852)
	at ptolemy.actor.Manager.execute(Manager.java:369)
	at ptolemy.actor.Manager.run(Manager.java:1263)
	at ptolemy.actor.Manager$PtolemyRunThread.run(Manager.java:1915)
]]></system-err>
</testsuite>
