<?xml version="1.0" encoding="UTF-8" ?>
<testsuite errors="0" failures="0" hostname="travis-job-57039d3f-8947-4d16-b1ee-3d4fcfa7ab13" name="ptolemy.domains.continuous.test.junit.JUnitTclTest" skipped="0" tests="156" time="81.713" timestamp="2019-10-22T06:00:59">
  <properties>
[...]
</properties>
  <testcase classname="ptolemy.util.test.junit.TclTests" name="[0] ThereAreNoTclTests (RunTclFile)" time="0.012" />
  <testcase classname="ptolemy.util.test.junit.AutoKnownFailedTests" name="[0] ThereAreNoKnowFailedTests (RunModel)" time="0.01" />
  <testcase classname="ptolemy.util.test.junit.AutoNameArchTests" name="[0] ThereAreNoAutoArchTests (RunModel)" time="0.021" />
  <testcase classname="ptolemy.util.test.junit.AutoTests" name="[0] /home/travis/build/icyphy/ptII/ptolemy/domains/continuous/test/auto/BouncingBall.xml (RunModel)" time="3.213" />
  <testcase classname="ptolemy.util.test.junit.AutoTests" name="[1] /home/travis/build/icyphy/ptII/ptolemy/domains/continuous/test/auto/BouncingBallWithoutGR.xml (RunModel)" time="0.946" />
  <testcase classname="ptolemy.util.test.junit.AutoTests" name="[2] /home/travis/build/icyphy/ptII/ptolemy/domains/continuous/test/auto/Brownian.xml (RunModel)" time="0.098" />
  <testcase classname="ptolemy.util.test.junit.AutoTests" name="[3] /home/travis/build/icyphy/ptII/ptolemy/domains/continuous/test/auto/CarTracking.xml (RunModel)" time="4.339" />
  <testcase classname="ptolemy.util.test.junit.AutoTests" name="[4] /home/travis/build/icyphy/ptII/ptolemy/domains/continuous/test/auto/CartPendulum.xml (RunModel)" time="0.524" />
  <testcase classname="ptolemy.util.test.junit.AutoTests" name="[5] /home/travis/build/icyphy/ptII/ptolemy/domains/continuous/test/auto/CausalityInterface10.xml (RunModel)" time="0.045" />
  <testcase classname="ptolemy.util.test.junit.AutoTests" name="[6] /home/travis/build/icyphy/ptII/ptolemy/domains/continuous/test/auto/CausalityInterface11.xml (RunModel)" time="0.03" />
  <testcase classname="ptolemy.util.test.junit.AutoTests" name="[7] /home/travis/build/icyphy/ptII/ptolemy/domains/continuous/test/auto/CausalityInterface12.xml (RunModel)" time="0.037" />
  <testcase classname="ptolemy.util.test.junit.AutoTests" name="[8] /home/travis/build/icyphy/ptII/ptolemy/domains/continuous/test/auto/CausalityInterface13.xml (RunModel)" time="0.027" />
  <testcase classname="ptolemy.util.test.junit.AutoTests" name="[9] /home/travis/build/icyphy/ptII/ptolemy/domains/continuous/test/auto/CausalityInterface14.xml (RunModel)" time="0.027" />
  <testcase classname="ptolemy.util.test.junit.AutoTests" name="[10] /home/travis/build/icyphy/ptII/ptolemy/domains/continuous/test/auto/CausalityInterface4.xml (RunModel)" time="0.03" />
  <testcase classname="ptolemy.util.test.junit.AutoTests" name="[11] /home/travis/build/icyphy/ptII/ptolemy/domains/continuous/test/auto/CausalityInterface5.xml (RunModel)" time="0.04" />
  <testcase classname="ptolemy.util.test.junit.AutoTests" name="[12] /home/travis/build/icyphy/ptII/ptolemy/domains/continuous/test/auto/CausalityInterface6.xml (RunModel)" time="0.031" />
  <testcase classname="ptolemy.util.test.junit.AutoTests" name="[13] /home/travis/build/icyphy/ptII/ptolemy/domains/continuous/test/auto/CausalityInterface7.xml (RunModel)" time="0.05" />
  <testcase classname="ptolemy.util.test.junit.AutoTests" name="[14] /home/travis/build/icyphy/ptII/ptolemy/domains/continuous/test/auto/CausalityInterface8.xml (RunModel)" time="0.039" />
  <testcase classname="ptolemy.util.test.junit.AutoTests" name="[15] /home/travis/build/icyphy/ptII/ptolemy/domains/continuous/test/auto/CausalityInterface9.xml (RunModel)" time="0.047" />
  <testcase classname="ptolemy.util.test.junit.AutoTests" name="[16] /home/travis/build/icyphy/ptII/ptolemy/domains/continuous/test/auto/CausalityInterfaceFeedback1.xml (RunModel)" time="0.031" />
  <testcase classname="ptolemy.util.test.junit.AutoTests" name="[17] /home/travis/build/icyphy/ptII/ptolemy/domains/continuous/test/auto/CausalityInterfaceFeedback2.xml (RunModel)" time="0.042" />
  <testcase classname="ptolemy.util.test.junit.AutoTests" name="[18] /home/travis/build/icyphy/ptII/ptolemy/domains/continuous/test/auto/CompareWithCurrentTime.xml (RunModel)" time="0.022" />
  <testcase classname="ptolemy.util.test.junit.AutoTests" name="[19] /home/travis/build/icyphy/ptII/ptolemy/domains/continuous/test/auto/ComparedClocks.xml (RunModel)" time="0.094" />
  <testcase classname="ptolemy.util.test.junit.AutoTests" name="[20] /home/travis/build/icyphy/ptII/ptolemy/domains/continuous/test/auto/ContinuousAOCClone.xml (RunModel)" time="2.924" />
  <testcase classname="ptolemy.util.test.junit.AutoTests" name="[21] /home/travis/build/icyphy/ptII/ptolemy/domains/continuous/test/auto/ContinuousClock.xml (RunModel)" time="0.088" />
  <testcase classname="ptolemy.util.test.junit.AutoTests" name="[22] /home/travis/build/icyphy/ptII/ptolemy/domains/continuous/test/auto/ContinuousInContinuous.xml (RunModel)" time="0.09" />
  <testcase classname="ptolemy.util.test.junit.AutoTests" name="[23] /home/travis/build/icyphy/ptII/ptolemy/domains/continuous/test/auto/ContinuousInContinuousInContinuous.xml (RunModel)" time="0.026" />
  <testcase classname="ptolemy.util.test.junit.AutoTests" name="[24] /home/travis/build/icyphy/ptII/ptolemy/domains/continuous/test/auto/ContinuousInDE.xml (RunModel)" time="0.106" />
  <testcase classname="ptolemy.util.test.junit.AutoTests" name="[25] /home/travis/build/icyphy/ptII/ptolemy/domains/continuous/test/auto/ContinuousInDE2.xml (RunModel)" time="0.056" />
  <testcase classname="ptolemy.util.test.junit.AutoTests" name="[26] /home/travis/build/icyphy/ptII/ptolemy/domains/continuous/test/auto/ContinuousInDE3.xml (RunModel)" time="0.055" />
  <testcase classname="ptolemy.util.test.junit.AutoTests" name="[27] /home/travis/build/icyphy/ptII/ptolemy/domains/continuous/test/auto/ContinuousInDE4.xml (RunModel)" time="0.03" />
  <testcase classname="ptolemy.util.test.junit.AutoTests" name="[28] /home/travis/build/icyphy/ptII/ptolemy/domains/continuous/test/auto/ContinuousInDEDifferentRefinements.xml (RunModel)" time="0.092" />
  <testcase classname="ptolemy.util.test.junit.AutoTests" name="[29] /home/travis/build/icyphy/ptII/ptolemy/domains/continuous/test/auto/ContinuousInDEDifferentRefinementsPreemptive.xml (RunModel)" time="0.098" />
  <testcase classname="ptolemy.util.test.junit.AutoTests" name="[30] /home/travis/build/icyphy/ptII/ptolemy/domains/continuous/test/auto/ContinuousInDEInContinuous2.xml (RunModel)" time="0.055" />
  <testcase classname="ptolemy.util.test.junit.AutoTests" name="[31] /home/travis/build/icyphy/ptII/ptolemy/domains/continuous/test/auto/ContinuousInDEInContinuous3.xml (RunModel)" time="0.059" />
  <testcase classname="ptolemy.util.test.junit.AutoTests" name="[32] /home/travis/build/icyphy/ptII/ptolemy/domains/continuous/test/auto/ContinuousInDEInput.xml (RunModel)" time="0.037" />
  <testcase classname="ptolemy.util.test.junit.AutoTests" name="[33] /home/travis/build/icyphy/ptII/ptolemy/domains/continuous/test/auto/ContinuousInDEInput2.xml (RunModel)" time="0.034" />
  <testcase classname="ptolemy.util.test.junit.AutoTests" name="[34] /home/travis/build/icyphy/ptII/ptolemy/domains/continuous/test/auto/ContinuousInDEInput3.xml (RunModel)" time="0.042" />
  <testcase classname="ptolemy.util.test.junit.AutoTests" name="[35] /home/travis/build/icyphy/ptII/ptolemy/domains/continuous/test/auto/ContinuousInDESharingRefinement.xml (RunModel)" time="0.189" />
  <testcase classname="ptolemy.util.test.junit.AutoTests" name="[36] /home/travis/build/icyphy/ptII/ptolemy/domains/continuous/test/auto/ContinuousInDEwithNoPorts.xml (RunModel)" time="0.022" />
  <testcase classname="ptolemy.util.test.junit.AutoTests" name="[37] /home/travis/build/icyphy/ptII/ptolemy/domains/continuous/test/auto/ContinuousInsideDE.xml (RunModel)" time="0.084" />
  <testcase classname="ptolemy.util.test.junit.AutoTests" name="[38] /home/travis/build/icyphy/ptII/ptolemy/domains/continuous/test/auto/ContinuousMerge1.xml (RunModel)" time="0.023" />
  <testcase classname="ptolemy.util.test.junit.AutoTests" name="[39] /home/travis/build/icyphy/ptII/ptolemy/domains/continuous/test/auto/ContinuousMerge2.xml (RunModel)" time="0.05" />
  <testcase classname="ptolemy.util.test.junit.AutoTests" name="[40] /home/travis/build/icyphy/ptII/ptolemy/domains/continuous/test/auto/ContinuousMerge3.xml (RunModel)" time="0.073" />
  <testcase classname="ptolemy.util.test.junit.AutoTests" name="[41] /home/travis/build/icyphy/ptII/ptolemy/domains/continuous/test/auto/ContinuousWithinContinuous.xml (RunModel)" time="0.059" />
  <testcase classname="ptolemy.util.test.junit.AutoTests" name="[42] /home/travis/build/icyphy/ptII/ptolemy/domains/continuous/test/auto/ContinuousWithinContinuous2.xml (RunModel)" time="0.089" />
  <testcase classname="ptolemy.util.test.junit.AutoTests" name="[43] /home/travis/build/icyphy/ptII/ptolemy/domains/continuous/test/auto/ContinuousWithinContinuous3.xml (RunModel)" time="0.032" />
  <testcase classname="ptolemy.util.test.junit.AutoTests" name="[44] /home/travis/build/icyphy/ptII/ptolemy/domains/continuous/test/auto/ContinuousWithinContinuous4.xml (RunModel)" time="0.099" />
  <testcase classname="ptolemy.util.test.junit.AutoTests" name="[45] /home/travis/build/icyphy/ptII/ptolemy/domains/continuous/test/auto/ContinuousWithinContinuous5.xml (RunModel)" time="0.047" />
  <testcase classname="ptolemy.util.test.junit.AutoTests" name="[46] /home/travis/build/icyphy/ptII/ptolemy/domains/continuous/test/auto/ContinuousWithinContinuous6.xml (RunModel)" time="0.034" />
  <testcase classname="ptolemy.util.test.junit.AutoTests" name="[47] /home/travis/build/icyphy/ptII/ptolemy/domains/continuous/test/auto/ContinuousWithinContinuous7.xml (RunModel)" time="0.078" />
  <testcase classname="ptolemy.util.test.junit.AutoTests" name="[48] /home/travis/build/icyphy/ptII/ptolemy/domains/continuous/test/auto/DCMotor.xml (RunModel)" time="16.618" />
  <testcase classname="ptolemy.util.test.junit.AutoTests" name="[49] /home/travis/build/icyphy/ptII/ptolemy/domains/continuous/test/auto/DEInContinuous.xml (RunModel)" time="0.042" />
  <testcase classname="ptolemy.util.test.junit.AutoTests" name="[50] /home/travis/build/icyphy/ptII/ptolemy/domains/continuous/test/auto/DEinContinuous2.xml (RunModel)" time="0.024" />
  <testcase classname="ptolemy.util.test.junit.AutoTests" name="[51] /home/travis/build/icyphy/ptII/ptolemy/domains/continuous/test/auto/Derivative.xml (RunModel)" time="0.21" />
  <testcase classname="ptolemy.util.test.junit.AutoTests" name="[52] /home/travis/build/icyphy/ptII/ptolemy/domains/continuous/test/auto/Derivative1.xml (RunModel)" time="0.052" />
  <testcase classname="ptolemy.util.test.junit.AutoTests" name="[53] /home/travis/build/icyphy/ptII/ptolemy/domains/continuous/test/auto/DiscreteClock.xml (RunModel)" time="0.015" />
  <testcase classname="ptolemy.util.test.junit.AutoTests" name="[54] /home/travis/build/icyphy/ptII/ptolemy/domains/continuous/test/auto/EfficiencyCurve.xml (RunModel)" time="0.108" />
  <testcase classname="ptolemy.util.test.junit.AutoTests" name="[55] /home/travis/build/icyphy/ptII/ptolemy/domains/continuous/test/auto/ExponentialResponse.xml (RunModel)" time="0.124" />
  <testcase classname="ptolemy.util.test.junit.AutoTests" name="[56] /home/travis/build/icyphy/ptII/ptolemy/domains/continuous/test/auto/ExponentialResponseRK45.xml (RunModel)" time="0.038" />
  <testcase classname="ptolemy.util.test.junit.AutoTests" name="[57] /home/travis/build/icyphy/ptII/ptolemy/domains/continuous/test/auto/Friction.xml (RunModel)" time="1.68" />
  <testcase classname="ptolemy.util.test.junit.AutoTests" name="[58] /home/travis/build/icyphy/ptII/ptolemy/domains/continuous/test/auto/FurutaPendulum.xml (RunModel)" time="3.752" />
  <testcase classname="ptolemy.util.test.junit.AutoTests" name="[59] /home/travis/build/icyphy/ptII/ptolemy/domains/continuous/test/auto/HierarchicalExecution.xml (RunModel)" time="2.278" />
  <testcase classname="ptolemy.util.test.junit.AutoTests" name="[60] /home/travis/build/icyphy/ptII/ptolemy/domains/continuous/test/auto/HybridPlant.xml (RunModel)" time="0.575" />
  <testcase classname="ptolemy.util.test.junit.AutoTests" name="[61] /home/travis/build/icyphy/ptII/ptolemy/domains/continuous/test/auto/Hysteresis.xml (RunModel)" time="0.213" />
  <testcase classname="ptolemy.util.test.junit.AutoTests" name="[62] /home/travis/build/icyphy/ptII/ptolemy/domains/continuous/test/auto/HysteresisWithRandomDelay.xml (RunModel)" time="0.248" />
  <testcase classname="ptolemy.util.test.junit.AutoTests" name="[63] /home/travis/build/icyphy/ptII/ptolemy/domains/continuous/test/auto/HysteresisWithRandomLosses.xml (RunModel)" time="2.634" />
  <testcase classname="ptolemy.util.test.junit.AutoTests" name="[64] /home/travis/build/icyphy/ptII/ptolemy/domains/continuous/test/auto/ImmediateTransitions.xml (RunModel)" time="0.042" />
  <testcase classname="ptolemy.util.test.junit.AutoTests" name="[65] /home/travis/build/icyphy/ptII/ptolemy/domains/continuous/test/auto/ImpulseFeedback.xml (RunModel)" time="0.017" />
  <testcase classname="ptolemy.util.test.junit.AutoTests" name="[66] /home/travis/build/icyphy/ptII/ptolemy/domains/continuous/test/auto/ImpulseFeedback2.xml (RunModel)" time="0.015" />
  <testcase classname="ptolemy.util.test.junit.AutoTests" name="[67] /home/travis/build/icyphy/ptII/ptolemy/domains/continuous/test/auto/IncreasingRatePoisson.xml (RunModel)" time="0.783" />
  <testcase classname="ptolemy.util.test.junit.AutoTests" name="[68] /home/travis/build/icyphy/ptII/ptolemy/domains/continuous/test/auto/InitialStateFeedback.xml (RunModel)" time="0.017" />
  <testcase classname="ptolemy.util.test.junit.AutoTests" name="[69] /home/travis/build/icyphy/ptII/ptolemy/domains/continuous/test/auto/Integration.xml (RunModel)" time="0.009" />
  <testcase classname="ptolemy.util.test.junit.AutoTests" name="[70] /home/travis/build/icyphy/ptII/ptolemy/domains/continuous/test/auto/Integration2.xml (RunModel)" time="0.093" />
  <testcase classname="ptolemy.util.test.junit.AutoTests" name="[71] /home/travis/build/icyphy/ptII/ptolemy/domains/continuous/test/auto/Integration3.xml (RunModel)" time="0.025" />
  <testcase classname="ptolemy.util.test.junit.AutoTests" name="[72] /home/travis/build/icyphy/ptII/ptolemy/domains/continuous/test/auto/Integration5.xml (RunModel)" time="0.009" />
  <testcase classname="ptolemy.util.test.junit.AutoTests" name="[73] /home/travis/build/icyphy/ptII/ptolemy/domains/continuous/test/auto/IntegratorImpulse.xml (RunModel)" time="0.009" />
  <testcase classname="ptolemy.util.test.junit.AutoTests" name="[74] /home/travis/build/icyphy/ptII/ptolemy/domains/continuous/test/auto/IntegratorImpulse2.xml (RunModel)" time="0.013" />
  <testcase classname="ptolemy.util.test.junit.AutoTests" name="[75] /home/travis/build/icyphy/ptII/ptolemy/domains/continuous/test/auto/LevelCrossing1.xml (RunModel)" time="0.012" />
  <testcase classname="ptolemy.util.test.junit.AutoTests" name="[76] /home/travis/build/icyphy/ptII/ptolemy/domains/continuous/test/auto/LevelCrossing2.xml (RunModel)" time="0.014" />
  <testcase classname="ptolemy.util.test.junit.AutoTests" name="[77] /home/travis/build/icyphy/ptII/ptolemy/domains/continuous/test/auto/LevelCrossing3.xml (RunModel)" time="0.019" />
  <testcase classname="ptolemy.util.test.junit.AutoTests" name="[78] /home/travis/build/icyphy/ptII/ptolemy/domains/continuous/test/auto/LevelCrossing4.xml (RunModel)" time="0.013" />
  <testcase classname="ptolemy.util.test.junit.AutoTests" name="[79] /home/travis/build/icyphy/ptII/ptolemy/domains/continuous/test/auto/LevelCrossing5.xml (RunModel)" time="0.015" />
  <testcase classname="ptolemy.util.test.junit.AutoTests" name="[80] /home/travis/build/icyphy/ptII/ptolemy/domains/continuous/test/auto/LevelCrossing6.xml (RunModel)" time="0.017" />
  <testcase classname="ptolemy.util.test.junit.AutoTests" name="[81] /home/travis/build/icyphy/ptII/ptolemy/domains/continuous/test/auto/LevelCrossingDetector.xml (RunModel)" time="0.039" />
  <testcase classname="ptolemy.util.test.junit.AutoTests" name="[82] /home/travis/build/icyphy/ptII/ptolemy/domains/continuous/test/auto/LevelCrossingDetectorDetectingDirections.xml (RunModel)" time="0.079" />
  <testcase classname="ptolemy.util.test.junit.AutoTests" name="[83] /home/travis/build/icyphy/ptII/ptolemy/domains/continuous/test/auto/LevelCrossingDetectorDetectsGlitches.xml (RunModel)" time="0.064" />
  <testcase classname="ptolemy.util.test.junit.AutoTests" name="[84] /home/travis/build/icyphy/ptII/ptolemy/domains/continuous/test/auto/LevelCrossingNoInitialOuput.xml (RunModel)" time="0.01" />
  <testcase classname="ptolemy.util.test.junit.AutoTests" name="[85] /home/travis/build/icyphy/ptII/ptolemy/domains/continuous/test/auto/LinearStateSpaceExample.xml (RunModel)" time="0.077" />
  <testcase classname="ptolemy.util.test.junit.AutoTests" name="[86] /home/travis/build/icyphy/ptII/ptolemy/domains/continuous/test/auto/Lorenz.xml (RunModel)" time="4.463" />
  <testcase classname="ptolemy.util.test.junit.AutoTests" name="[87] /home/travis/build/icyphy/ptII/ptolemy/domains/continuous/test/auto/LorenzDifferentialSystem.xml (RunModel)" time="1.049" />
  <testcase classname="ptolemy.util.test.junit.AutoTests" name="[88] /home/travis/build/icyphy/ptII/ptolemy/domains/continuous/test/auto/LorenzDifferentialSystemWithInput.xml (RunModel)" time="1.441" />
  <testcase classname="ptolemy.util.test.junit.AutoTests" name="[89] /home/travis/build/icyphy/ptII/ptolemy/domains/continuous/test/auto/LorenzDifferentialSystemWithTime.xml (RunModel)" time="0.743" />
  <testcase classname="ptolemy.util.test.junit.AutoTests" name="[90] /home/travis/build/icyphy/ptII/ptolemy/domains/continuous/test/auto/Microsteps.xml (RunModel)" time="0.026" />
  <testcase classname="ptolemy.util.test.junit.AutoTests" name="[91] /home/travis/build/icyphy/ptII/ptolemy/domains/continuous/test/auto/Modal1.xml (RunModel)" time="0.042" />
  <testcase classname="ptolemy.util.test.junit.AutoTests" name="[92] /home/travis/build/icyphy/ptII/ptolemy/domains/continuous/test/auto/Modal2.xml (RunModel)" time="0.054" />
  <testcase classname="ptolemy.util.test.junit.AutoTests" name="[93] /home/travis/build/icyphy/ptII/ptolemy/domains/continuous/test/auto/ModalTransitionGuardWithReset.xml (RunModel)" time="0.031" />
  <testcase classname="ptolemy.util.test.junit.AutoTests" name="[94] /home/travis/build/icyphy/ptII/ptolemy/domains/continuous/test/auto/ModalTransitionGuardWithResetUsingPreemptiveTransition.xml (RunModel)" time="0.03" />
  <testcase classname="ptolemy.util.test.junit.AutoTests" name="[95] /home/travis/build/icyphy/ptII/ptolemy/domains/continuous/test/auto/ModalTransitionGuardWithResetUsingPreemptiveTransition2.xml (RunModel)" time="0.03" />
  <testcase classname="ptolemy.util.test.junit.AutoTests" name="[96] /home/travis/build/icyphy/ptII/ptolemy/domains/continuous/test/auto/ModalTransitionGuardWithResetUsingPreemptiveTransition3.xml (RunModel)" time="0.028" />
  <testcase classname="ptolemy.util.test.junit.AutoTests" name="[97] /home/travis/build/icyphy/ptII/ptolemy/domains/continuous/test/auto/NewtonsCradle.xml (RunModel)" time="0.841" />
  <testcase classname="ptolemy.util.test.junit.AutoTests" name="[98] /home/travis/build/icyphy/ptII/ptolemy/domains/continuous/test/auto/NewtonsCradleAnimated.xml (RunModel)" time="1.337" />
  <testcase classname="ptolemy.util.test.junit.AutoTests" name="[99] /home/travis/build/icyphy/ptII/ptolemy/domains/continuous/test/auto/NewtonsCradleComplicated.xml (RunModel)" time="1.101" />
  <testcase classname="ptolemy.util.test.junit.AutoTests" name="[100] /home/travis/build/icyphy/ptII/ptolemy/domains/continuous/test/auto/NewtonsCradleNondeterministic.xml (RunModel)" time="0.701" />
  <testcase classname="ptolemy.util.test.junit.AutoTests" name="[101] /home/travis/build/icyphy/ptII/ptolemy/domains/continuous/test/auto/NewtonsCradlePerfectlyInelastic1.xml (RunModel)" time="1.289" />
  <testcase classname="ptolemy.util.test.junit.AutoTests" name="[102] /home/travis/build/icyphy/ptII/ptolemy/domains/continuous/test/auto/Noise.xml (RunModel)" time="0.214" />
  <testcase classname="ptolemy.util.test.junit.AutoTests" name="[103] /home/travis/build/icyphy/ptII/ptolemy/domains/continuous/test/auto/NoiseSpectrum.xml (RunModel)" time="0.837" />
  <testcase classname="ptolemy.util.test.junit.AutoTests" name="[104] /home/travis/build/icyphy/ptII/ptolemy/domains/continuous/test/auto/ParameterizedNewtonsCradleAnimated.xml (RunModel)" time="0.408" />
  <testcase classname="ptolemy.util.test.junit.AutoTests" name="[105] /home/travis/build/icyphy/ptII/ptolemy/domains/continuous/test/auto/ParameterizedNewtonsCradleAnimatedNondeterministic.xml (RunModel)" time="1.234" />
  <testcase classname="ptolemy.util.test.junit.AutoTests" name="[106] /home/travis/build/icyphy/ptII/ptolemy/domains/continuous/test/auto/Pendulum3D.xml (RunModel)" time="0.185" />
  <testcase classname="ptolemy.util.test.junit.AutoTests" name="[107] /home/travis/build/icyphy/ptII/ptolemy/domains/continuous/test/auto/PeriodicSampler.xml (RunModel)" time="0.012" />
  <testcase classname="ptolemy.util.test.junit.AutoTests" name="[108] /home/travis/build/icyphy/ptII/ptolemy/domains/continuous/test/auto/PeriodicSampler1.xml (RunModel)" time="0.039" />
  <testcase classname="ptolemy.util.test.junit.AutoTests" name="[109] /home/travis/build/icyphy/ptII/ptolemy/domains/continuous/test/auto/PeriodicSampler2.xml (RunModel)" time="0.081" />
  <testcase classname="ptolemy.util.test.junit.AutoTests" name="[110] /home/travis/build/icyphy/ptII/ptolemy/domains/continuous/test/auto/Poisson.xml (RunModel)" time="0.497" />
  <testcase classname="ptolemy.util.test.junit.AutoTests" name="[111] /home/travis/build/icyphy/ptII/ptolemy/domains/continuous/test/auto/PoissonClock.xml (RunModel)" time="0.013" />
  <testcase classname="ptolemy.util.test.junit.AutoTests" name="[112] /home/travis/build/icyphy/ptII/ptolemy/domains/continuous/test/auto/PoissonClock2.xml (RunModel)" time="0.011" />
  <testcase classname="ptolemy.util.test.junit.AutoTests" name="[113] /home/travis/build/icyphy/ptII/ptolemy/domains/continuous/test/auto/PortParameterHierarchy.xml (RunModel)" time="0.02" />
  <testcase classname="ptolemy.util.test.junit.AutoTests" name="[114] /home/travis/build/icyphy/ptII/ptolemy/domains/continuous/test/auto/RandomHybridPlant.xml (RunModel)" time="0.566" />
  <testcase classname="ptolemy.util.test.junit.AutoTests" name="[115] /home/travis/build/icyphy/ptII/ptolemy/domains/continuous/test/auto/ResetTransitionWithStartTime1.xml (RunModel)" time="0.033" />
  <testcase classname="ptolemy.util.test.junit.AutoTests" name="[116] /home/travis/build/icyphy/ptII/ptolemy/domains/continuous/test/auto/ResetTransitionWithStartTime2.xml (RunModel)" time="0.036" />
  <testcase classname="ptolemy.util.test.junit.AutoTests" name="[117] /home/travis/build/icyphy/ptII/ptolemy/domains/continuous/test/auto/ResetTransitionWithStartTime3.xml (RunModel)" time="0.036" />
  <testcase classname="ptolemy.util.test.junit.AutoTests" name="[118] /home/travis/build/icyphy/ptII/ptolemy/domains/continuous/test/auto/ResetTransitionWithStartTime4.xml (RunModel)" time="0.026" />
  <testcase classname="ptolemy.util.test.junit.AutoTests" name="[119] /home/travis/build/icyphy/ptII/ptolemy/domains/continuous/test/auto/ResetTransitionWithStartTime5.xml (RunModel)" time="0.033" />
  <testcase classname="ptolemy.util.test.junit.AutoTests" name="[120] /home/travis/build/icyphy/ptII/ptolemy/domains/continuous/test/auto/ResetTransitionWithStartTime6.xml (RunModel)" time="0.023" />
  <testcase classname="ptolemy.util.test.junit.AutoTests" name="[121] /home/travis/build/icyphy/ptII/ptolemy/domains/continuous/test/auto/SRinContinuous.xml (RunModel)" time="0.021" />
  <testcase classname="ptolemy.util.test.junit.AutoTests" name="[122] /home/travis/build/icyphy/ptII/ptolemy/domains/continuous/test/auto/SampledClocks.xml (RunModel)" time="0.034" />
  <testcase classname="ptolemy.util.test.junit.AutoTests" name="[123] /home/travis/build/icyphy/ptII/ptolemy/domains/continuous/test/auto/Satellite.xml (RunModel)" time="0.807" />
  <testcase classname="ptolemy.util.test.junit.AutoTests" name="[124] /home/travis/build/icyphy/ptII/ptolemy/domains/continuous/test/auto/SigmaDelta.xml (RunModel)" time="2.443" />
  <testcase classname="ptolemy.util.test.junit.AutoTests" name="[125] /home/travis/build/icyphy/ptII/ptolemy/domains/continuous/test/auto/SingleRefinement.xml (RunModel)" time="0.623" />
  <testcase classname="ptolemy.util.test.junit.AutoTests" name="[126] /home/travis/build/icyphy/ptII/ptolemy/domains/continuous/test/auto/SinuBouncingBall.xml (RunModel)" time="0.872" />
  <testcase classname="ptolemy.util.test.junit.AutoTests" name="[127] /home/travis/build/icyphy/ptII/ptolemy/domains/continuous/test/auto/Sinusoid.xml (RunModel)" time="0.027" />
  <testcase classname="ptolemy.util.test.junit.AutoTests" name="[128] /home/travis/build/icyphy/ptII/ptolemy/domains/continuous/test/auto/SinusoidInNoise.xml (RunModel)" time="0.913" />
  <testcase classname="ptolemy.util.test.junit.AutoTests" name="[129] /home/travis/build/icyphy/ptII/ptolemy/domains/continuous/test/auto/SinusoidRK45.xml (RunModel)" time="0.013" />
  <testcase classname="ptolemy.util.test.junit.AutoTests" name="[130] /home/travis/build/icyphy/ptII/ptolemy/domains/continuous/test/auto/SinusoidWithMultipleImpulses.xml (RunModel)" time="0.011" />
  <testcase classname="ptolemy.util.test.junit.AutoTests" name="[131] /home/travis/build/icyphy/ptII/ptolemy/domains/continuous/test/auto/SquareWave.xml (RunModel)" time="0.202" />
  <testcase classname="ptolemy.util.test.junit.AutoTests" name="[132] /home/travis/build/icyphy/ptII/ptolemy/domains/continuous/test/auto/Starmac.xml (RunModel)" time="3.373" />
  <testcase classname="ptolemy.util.test.junit.AutoTests" name="[133] /home/travis/build/icyphy/ptII/ptolemy/domains/continuous/test/auto/StaticUnits.xml (RunModel)" time="3.239" />
  <testcase classname="ptolemy.util.test.junit.AutoTests" name="[134] /home/travis/build/icyphy/ptII/ptolemy/domains/continuous/test/auto/StickyMasses.xml (RunModel)" time="0.182" />
  <testcase classname="ptolemy.util.test.junit.AutoTests" name="[135] /home/travis/build/icyphy/ptII/ptolemy/domains/continuous/test/auto/StopTime.xml (RunModel)" time="0.085" />
  <testcase classname="ptolemy.util.test.junit.AutoTests" name="[136] /home/travis/build/icyphy/ptII/ptolemy/domains/continuous/test/auto/StopTime2.xml (RunModel)" time="0.075" />
  <testcase classname="ptolemy.util.test.junit.AutoTests" name="[137] /home/travis/build/icyphy/ptII/ptolemy/domains/continuous/test/auto/Switch.xml (RunModel)" time="0.079" />
  <testcase classname="ptolemy.util.test.junit.AutoTests" name="[138] /home/travis/build/icyphy/ptII/ptolemy/domains/continuous/test/auto/Thermostat.xml (RunModel)" time="0.23" />
  <testcase classname="ptolemy.util.test.junit.AutoTests" name="[139] /home/travis/build/icyphy/ptII/ptolemy/domains/continuous/test/auto/TimeDelay.xml (RunModel)" time="0.018" />
  <testcase classname="ptolemy.util.test.junit.AutoTests" name="[140] /home/travis/build/icyphy/ptII/ptolemy/domains/continuous/test/auto/TimeDelay2.xml (RunModel)" time="0.025" />
  <testcase classname="ptolemy.util.test.junit.AutoTests" name="[141] /home/travis/build/icyphy/ptII/ptolemy/domains/continuous/test/auto/TimeDelay3.xml (RunModel)" time="0.013" />
  <testcase classname="ptolemy.util.test.junit.AutoTests" name="[142] /home/travis/build/icyphy/ptII/ptolemy/domains/continuous/test/auto/TransferAbsentToInside.xml (RunModel)" time="0.1" />
  <testcase classname="ptolemy.util.test.junit.AutoTests" name="[143] /home/travis/build/icyphy/ptII/ptolemy/domains/continuous/test/auto/Transmission.xml (RunModel)" time="0.859" />
  <testcase classname="ptolemy.util.test.junit.AutoTests" name="[144] /home/travis/build/icyphy/ptII/ptolemy/domains/continuous/test/auto/TriggeredContinuousClock.xml (RunModel)" time="0.067" />
  <testcase classname="ptolemy.util.test.junit.AutoTests" name="[145] /home/travis/build/icyphy/ptII/ptolemy/domains/continuous/test/auto/TwoMachineInfiniteBusControl.xml (RunModel)" time="3.302" />
  <testcase classname="ptolemy.util.test.junit.AutoTests" name="[146] /home/travis/build/icyphy/ptII/ptolemy/domains/continuous/test/auto/V2V.xml (RunModel)" time="0.89" />
  <testcase classname="ptolemy.util.test.junit.AutoTests" name="[147] /home/travis/build/icyphy/ptII/ptolemy/domains/continuous/test/auto/hierarchicalModalModel.xml (RunModel)" time="0.029" />
  <testcase classname="ptolemy.util.test.junit.AutoTests" name="[148] /home/travis/build/icyphy/ptII/ptolemy/domains/continuous/test/auto/hierarchicalModalModel1.xml (RunModel)" time="0.029" />
  <testcase classname="ptolemy.util.test.junit.AutoTests" name="[149] /home/travis/build/icyphy/ptII/ptolemy/domains/continuous/test/auto/hierarchicalModalModel2.xml (RunModel)" time="0.026" />
  <testcase classname="ptolemy.util.test.junit.AutoTests" name="[150] /home/travis/build/icyphy/ptII/ptolemy/domains/continuous/test/auto/hierarchicalModalModel3.xml (RunModel)" time="0.023" />
  <testcase classname="ptolemy.util.test.junit.AutoTests" name="[151] /home/travis/build/icyphy/ptII/ptolemy/domains/continuous/test/auto/hierarchicalModalModel4.xml (RunModel)" time="0.025" />
  <testcase classname="ptolemy.util.test.junit.AutoTests" name="[152] /home/travis/build/icyphy/ptII/ptolemy/domains/continuous/test/auto/junk.xml (RunModel)" time="0.169" />
  <system-out><![CDATA[No tcl tests in /home/travis/build/icyphy/ptII/ptolemy/domains/continuous/test
No auto/knownFailedTests/*.xml tests in /home/travis/build/icyphy/ptII/ptolemy/domains/continuous/test
No auto/linux-amd64/*.xml tests in /home/travis/build/icyphy/ptII/ptolemy/domains/continuous/test
AutoTests.java: About to close Vertx.
AutoTests.java: Vertx closed.

===========================================================================================
----------------- testing Tue Oct 22 06:01:00 UTC 2019 /home/travis/build/icyphy/ptII/ptolemy/domains/continuous/test/auto/BouncingBall.xml
----------------- Instantiating /home/travis/build/icyphy/ptII/ptolemy/domains/continuous/test/auto/BouncingBall.xml
2479 ms. Memory: 120832K Free: 86366K (71%)
----------------- Invoking toplevel() on ptolemy.moml.MoMLSimpleApplication@4244b7f
----------------- Done invoking toplevel() on ptolemy.moml.MoMLSimpleApplication@4244b7f
reloadAllAccessors: .BouncingBall

===========================================================================================
----------------- testing Tue Oct 22 06:01:03 UTC 2019 /home/travis/build/icyphy/ptII/ptolemy/domains/continuous/test/auto/BouncingBallWithoutGR.xml
----------------- Instantiating /home/travis/build/icyphy/ptII/ptolemy/domains/continuous/test/auto/BouncingBallWithoutGR.xml
777 ms. Memory: 145408K Free: 70961K (49%)
----------------- Invoking toplevel() on ptolemy.moml.MoMLSimpleApplication@ef71b04
----------------- Done invoking toplevel() on ptolemy.moml.MoMLSimpleApplication@ef71b04
reloadAllAccessors: .BouncingBallWithoutGR

===========================================================================================
----------------- testing Tue Oct 22 06:01:04 UTC 2019 /home/travis/build/icyphy/ptII/ptolemy/domains/continuous/test/auto/Brownian.xml
----------------- Instantiating /home/travis/build/icyphy/ptII/ptolemy/domains/continuous/test/auto/Brownian.xml
35 ms. Memory: 145408K Free: 61759K (42%)
----------------- Invoking toplevel() on ptolemy.moml.MoMLSimpleApplication@30eeb87f
----------------- Done invoking toplevel() on ptolemy.moml.MoMLSimpleApplication@30eeb87f
reloadAllAccessors: .Brownian

===========================================================================================
----------------- testing Tue Oct 22 06:01:04 UTC 2019 /home/travis/build/icyphy/ptII/ptolemy/domains/continuous/test/auto/CarTracking.xml
----------------- Instantiating /home/travis/build/icyphy/ptII/ptolemy/domains/continuous/test/auto/CarTracking.xml
3852 ms. Memory: 210944K Free: 133071K (63%)
----------------- Invoking toplevel() on ptolemy.moml.MoMLSimpleApplication@456a35de
----------------- Done invoking toplevel() on ptolemy.moml.MoMLSimpleApplication@456a35de
reloadAllAccessors: .CarTracking

===========================================================================================
----------------- testing Tue Oct 22 06:01:08 UTC 2019 /home/travis/build/icyphy/ptII/ptolemy/domains/continuous/test/auto/CartPendulum.xml
----------------- Instantiating /home/travis/build/icyphy/ptII/ptolemy/domains/continuous/test/auto/CartPendulum.xml
407 ms. Memory: 210944K Free: 163491K (78%)
----------------- Invoking toplevel() on ptolemy.moml.MoMLSimpleApplication@3e60ac85
----------------- Done invoking toplevel() on ptolemy.moml.MoMLSimpleApplication@3e60ac85
reloadAllAccessors: .CartPendulum

===========================================================================================
----------------- testing Tue Oct 22 06:01:09 UTC 2019 /home/travis/build/icyphy/ptII/ptolemy/domains/continuous/test/auto/CausalityInterface10.xml
----------------- Instantiating /home/travis/build/icyphy/ptII/ptolemy/domains/continuous/test/auto/CausalityInterface10.xml
9 ms. Memory: 210944K Free: 152741K (72%)
----------------- Invoking toplevel() on ptolemy.moml.MoMLSimpleApplication@298e33f1
----------------- Done invoking toplevel() on ptolemy.moml.MoMLSimpleApplication@298e33f1
reloadAllAccessors: .CausalityInterface10

===========================================================================================
----------------- testing Tue Oct 22 06:01:09 UTC 2019 /home/travis/build/icyphy/ptII/ptolemy/domains/continuous/test/auto/CausalityInterface11.xml
----------------- Instantiating /home/travis/build/icyphy/ptII/ptolemy/domains/continuous/test/auto/CausalityInterface11.xml
5 ms. Memory: 210944K Free: 146597K (69%)
----------------- Invoking toplevel() on ptolemy.moml.MoMLSimpleApplication@205251cb
----------------- Done invoking toplevel() on ptolemy.moml.MoMLSimpleApplication@205251cb
reloadAllAccessors: .CausalityInterface11

===========================================================================================
----------------- testing Tue Oct 22 06:01:09 UTC 2019 /home/travis/build/icyphy/ptII/ptolemy/domains/continuous/test/auto/CausalityInterface12.xml
----------------- Instantiating /home/travis/build/icyphy/ptII/ptolemy/domains/continuous/test/auto/CausalityInterface12.xml
11 ms. Memory: 210944K Free: 140453K (67%)
----------------- Invoking toplevel() on ptolemy.moml.MoMLSimpleApplication@7c4a6dd4
----------------- Done invoking toplevel() on ptolemy.moml.MoMLSimpleApplication@7c4a6dd4
reloadAllAccessors: .CausalityInterface12

===========================================================================================
----------------- testing Tue Oct 22 06:01:09 UTC 2019 /home/travis/build/icyphy/ptII/ptolemy/domains/continuous/test/auto/CausalityInterface13.xml
----------------- Instantiating /home/travis/build/icyphy/ptII/ptolemy/domains/continuous/test/auto/CausalityInterface13.xml
4 ms. Memory: 210944K Free: 134309K (64%)
----------------- Invoking toplevel() on ptolemy.moml.MoMLSimpleApplication@7237bd6d
----------------- Done invoking toplevel() on ptolemy.moml.MoMLSimpleApplication@7237bd6d
reloadAllAccessors: .CausalityInterface13

===========================================================================================
----------------- testing Tue Oct 22 06:01:09 UTC 2019 /home/travis/build/icyphy/ptII/ptolemy/domains/continuous/test/auto/CausalityInterface14.xml
----------------- Instantiating /home/travis/build/icyphy/ptII/ptolemy/domains/continuous/test/auto/CausalityInterface14.xml
4 ms. Memory: 210944K Free: 128675K (61%)
----------------- Invoking toplevel() on ptolemy.moml.MoMLSimpleApplication@1cba0bee
----------------- Done invoking toplevel() on ptolemy.moml.MoMLSimpleApplication@1cba0bee
reloadAllAccessors: .CausalityInterface14

===========================================================================================
----------------- testing Tue Oct 22 06:01:09 UTC 2019 /home/travis/build/icyphy/ptII/ptolemy/domains/continuous/test/auto/CausalityInterface4.xml
----------------- Instantiating /home/travis/build/icyphy/ptII/ptolemy/domains/continuous/test/auto/CausalityInterface4.xml
6 ms. Memory: 210944K Free: 121477K (58%)
----------------- Invoking toplevel() on ptolemy.moml.MoMLSimpleApplication@49bdb556
----------------- Done invoking toplevel() on ptolemy.moml.MoMLSimpleApplication@49bdb556
reloadAllAccessors: .CausalityInterface4

===========================================================================================
----------------- testing Tue Oct 22 06:01:09 UTC 2019 /home/travis/build/icyphy/ptII/ptolemy/domains/continuous/test/auto/CausalityInterface5.xml
----------------- Instantiating /home/travis/build/icyphy/ptII/ptolemy/domains/continuous/test/auto/CausalityInterface5.xml
9 ms. Memory: 210944K Free: 113315K (54%)
----------------- Invoking toplevel() on ptolemy.moml.MoMLSimpleApplication@6c0e5cdd
----------------- Done invoking toplevel() on ptolemy.moml.MoMLSimpleApplication@6c0e5cdd
reloadAllAccessors: .CausalityInterface5

===========================================================================================
----------------- testing Tue Oct 22 06:01:09 UTC 2019 /home/travis/build/icyphy/ptII/ptolemy/domains/continuous/test/auto/CausalityInterface6.xml
----------------- Instantiating /home/travis/build/icyphy/ptII/ptolemy/domains/continuous/test/auto/CausalityInterface6.xml
9 ms. Memory: 210944K Free: 108181K (51%)
----------------- Invoking toplevel() on ptolemy.moml.MoMLSimpleApplication@6214a98a
----------------- Done invoking toplevel() on ptolemy.moml.MoMLSimpleApplication@6214a98a
reloadAllAccessors: .CausalityInterface6

===========================================================================================
----------------- testing Tue Oct 22 06:01:09 UTC 2019 /home/travis/build/icyphy/ptII/ptolemy/domains/continuous/test/auto/CausalityInterface7.xml
----------------- Instantiating /home/travis/build/icyphy/ptII/ptolemy/domains/continuous/test/auto/CausalityInterface7.xml
14 ms. Memory: 210944K Free: 99493K (47%)
----------------- Invoking toplevel() on ptolemy.moml.MoMLSimpleApplication@7403e16f
----------------- Done invoking toplevel() on ptolemy.moml.MoMLSimpleApplication@7403e16f
reloadAllAccessors: .CausalityInterface7

===========================================================================================
----------------- testing Tue Oct 22 06:01:09 UTC 2019 /home/travis/build/icyphy/ptII/ptolemy/domains/continuous/test/auto/CausalityInterface8.xml
----------------- Instantiating /home/travis/build/icyphy/ptII/ptolemy/domains/continuous/test/auto/CausalityInterface8.xml
6 ms. Memory: 210944K Free: 90277K (43%)
----------------- Invoking toplevel() on ptolemy.moml.MoMLSimpleApplication@20ab766a
----------------- Done invoking toplevel() on ptolemy.moml.MoMLSimpleApplication@20ab766a
reloadAllAccessors: .CausalityInterface8

===========================================================================================
----------------- testing Tue Oct 22 06:01:09 UTC 2019 /home/travis/build/icyphy/ptII/ptolemy/domains/continuous/test/auto/CausalityInterface9.xml
----------------- Instantiating /home/travis/build/icyphy/ptII/ptolemy/domains/continuous/test/auto/CausalityInterface9.xml
9 ms. Memory: 210944K Free: 79523K (38%)
----------------- Invoking toplevel() on ptolemy.moml.MoMLSimpleApplication@2966a60
----------------- Done invoking toplevel() on ptolemy.moml.MoMLSimpleApplication@2966a60
reloadAllAccessors: .CausalityInterface9

===========================================================================================
----------------- testing Tue Oct 22 06:01:09 UTC 2019 /home/travis/build/icyphy/ptII/ptolemy/domains/continuous/test/auto/CausalityInterfaceFeedback1.xml
----------------- Instantiating /home/travis/build/icyphy/ptII/ptolemy/domains/continuous/test/auto/CausalityInterfaceFeedback1.xml
5 ms. Memory: 210944K Free: 72869K (35%)
----------------- Invoking toplevel() on ptolemy.moml.MoMLSimpleApplication@7534a310
----------------- Done invoking toplevel() on ptolemy.moml.MoMLSimpleApplication@7534a310
reloadAllAccessors: .CausalityInterfaceFeedback1

===========================================================================================
----------------- testing Tue Oct 22 06:01:09 UTC 2019 /home/travis/build/icyphy/ptII/ptolemy/domains/continuous/test/auto/CausalityInterfaceFeedback2.xml
----------------- Instantiating /home/travis/build/icyphy/ptII/ptolemy/domains/continuous/test/auto/CausalityInterfaceFeedback2.xml
5 ms. Memory: 210944K Free: 190707K (90%)
----------------- Invoking toplevel() on ptolemy.moml.MoMLSimpleApplication@68683a3d
----------------- Done invoking toplevel() on ptolemy.moml.MoMLSimpleApplication@68683a3d
reloadAllAccessors: .CausalityInterfaceFeedback2

===========================================================================================
----------------- testing Tue Oct 22 06:01:09 UTC 2019 /home/travis/build/icyphy/ptII/ptolemy/domains/continuous/test/auto/CompareWithCurrentTime.xml
----------------- Instantiating /home/travis/build/icyphy/ptII/ptolemy/domains/continuous/test/auto/CompareWithCurrentTime.xml
5 ms. Memory: 210944K Free: 186625K (88%)
----------------- Invoking toplevel() on ptolemy.moml.MoMLSimpleApplication@23fbe5b2
----------------- Done invoking toplevel() on ptolemy.moml.MoMLSimpleApplication@23fbe5b2
reloadAllAccessors: .CompareWithCurrentTime

===========================================================================================
----------------- testing Tue Oct 22 06:01:09 UTC 2019 /home/travis/build/icyphy/ptII/ptolemy/domains/continuous/test/auto/ComparedClocks.xml
----------------- Instantiating /home/travis/build/icyphy/ptII/ptolemy/domains/continuous/test/auto/ComparedClocks.xml
10 ms. Memory: 210944K Free: 171251K (81%)
----------------- Invoking toplevel() on ptolemy.moml.MoMLSimpleApplication@6e747306
----------------- Done invoking toplevel() on ptolemy.moml.MoMLSimpleApplication@6e747306
reloadAllAccessors: .ComparedClocks

===========================================================================================
----------------- testing Tue Oct 22 06:01:09 UTC 2019 /home/travis/build/icyphy/ptII/ptolemy/domains/continuous/test/auto/ContinuousAOCClone.xml
----------------- Instantiating /home/travis/build/icyphy/ptII/ptolemy/domains/continuous/test/auto/ContinuousAOCClone.xml
2726 ms. Memory: 253952K Free: 200457K (79%)
----------------- Invoking toplevel() on ptolemy.moml.MoMLSimpleApplication@f734f56
----------------- Done invoking toplevel() on ptolemy.moml.MoMLSimpleApplication@f734f56
reloadAllAccessors: .ContinuousAOCClone

===========================================================================================
----------------- testing Tue Oct 22 06:01:12 UTC 2019 /home/travis/build/icyphy/ptII/ptolemy/domains/continuous/test/auto/ContinuousClock.xml
----------------- Instantiating /home/travis/build/icyphy/ptII/ptolemy/domains/continuous/test/auto/ContinuousClock.xml
29 ms. Memory: 253952K Free: 178425K (70%)
----------------- Invoking toplevel() on ptolemy.moml.MoMLSimpleApplication@236bd270
----------------- Done invoking toplevel() on ptolemy.moml.MoMLSimpleApplication@236bd270
reloadAllAccessors: .ContinuousClock

===========================================================================================
----------------- testing Tue Oct 22 06:01:12 UTC 2019 /home/travis/build/icyphy/ptII/ptolemy/domains/continuous/test/auto/ContinuousInContinuous.xml
----------------- Instantiating /home/travis/build/icyphy/ptII/ptolemy/domains/continuous/test/auto/ContinuousInContinuous.xml
45 ms. Memory: 253952K Free: 154881K (61%)
----------------- Invoking toplevel() on ptolemy.moml.MoMLSimpleApplication@210be6bb
----------------- Done invoking toplevel() on ptolemy.moml.MoMLSimpleApplication@210be6bb
reloadAllAccessors: .ContinuousInContinuous

===========================================================================================
----------------- testing Tue Oct 22 06:01:12 UTC 2019 /home/travis/build/icyphy/ptII/ptolemy/domains/continuous/test/auto/ContinuousInContinuousInContinuous.xml
----------------- Instantiating /home/travis/build/icyphy/ptII/ptolemy/domains/continuous/test/auto/ContinuousInContinuousInContinuous.xml
7 ms. Memory: 253952K Free: 146695K (58%)
----------------- Invoking toplevel() on ptolemy.moml.MoMLSimpleApplication@26a5683a
----------------- Done invoking toplevel() on ptolemy.moml.MoMLSimpleApplication@26a5683a
reloadAllAccessors: .ContinuousInContinuousInContinuous

===========================================================================================
----------------- testing Tue Oct 22 06:01:13 UTC 2019 /home/travis/build/icyphy/ptII/ptolemy/domains/continuous/test/auto/ContinuousInDE.xml
----------------- Instantiating /home/travis/build/icyphy/ptII/ptolemy/domains/continuous/test/auto/ContinuousInDE.xml
78 ms. Memory: 253952K Free: 136455K (54%)
----------------- Invoking toplevel() on ptolemy.moml.MoMLSimpleApplication@70de2af1
----------------- Done invoking toplevel() on ptolemy.moml.MoMLSimpleApplication@70de2af1
reloadAllAccessors: .ContinuousInDE

===========================================================================================
----------------- testing Tue Oct 22 06:01:13 UTC 2019 /home/travis/build/icyphy/ptII/ptolemy/domains/continuous/test/auto/ContinuousInDE2.xml
----------------- Instantiating /home/travis/build/icyphy/ptII/ptolemy/domains/continuous/test/auto/ContinuousInDE2.xml
38 ms. Memory: 253952K Free: 126729K (50%)
----------------- Invoking toplevel() on ptolemy.moml.MoMLSimpleApplication@38f9e795
----------------- Done invoking toplevel() on ptolemy.moml.MoMLSimpleApplication@38f9e795
reloadAllAccessors: .ContinuousInDE2

===========================================================================================
----------------- testing Tue Oct 22 06:01:13 UTC 2019 /home/travis/build/icyphy/ptII/ptolemy/domains/continuous/test/auto/ContinuousInDE3.xml
----------------- Instantiating /home/travis/build/icyphy/ptII/ptolemy/domains/continuous/test/auto/ContinuousInDE3.xml
38 ms. Memory: 253952K Free: 116999K (46%)
----------------- Invoking toplevel() on ptolemy.moml.MoMLSimpleApplication@3357c7ea
----------------- Done invoking toplevel() on ptolemy.moml.MoMLSimpleApplication@3357c7ea
reloadAllAccessors: .ContinuousInDE3

===========================================================================================
----------------- testing Tue Oct 22 06:01:13 UTC 2019 /home/travis/build/icyphy/ptII/ptolemy/domains/continuous/test/auto/ContinuousInDE4.xml
----------------- Instantiating /home/travis/build/icyphy/ptII/ptolemy/domains/continuous/test/auto/ContinuousInDE4.xml
16 ms. Memory: 253952K Free: 110855K (44%)
----------------- Invoking toplevel() on ptolemy.moml.MoMLSimpleApplication@2cbc3454
----------------- Done invoking toplevel() on ptolemy.moml.MoMLSimpleApplication@2cbc3454
reloadAllAccessors: .ContinuousInDE4

===========================================================================================
----------------- testing Tue Oct 22 06:01:13 UTC 2019 /home/travis/build/icyphy/ptII/ptolemy/domains/continuous/test/auto/ContinuousInDEDifferentRefinements.xml
----------------- Instantiating /home/travis/build/icyphy/ptII/ptolemy/domains/continuous/test/auto/ContinuousInDEDifferentRefinements.xml
52 ms. Memory: 253952K Free: 229961K (91%)
----------------- Invoking toplevel() on ptolemy.moml.MoMLSimpleApplication@1257cd3e
----------------- Done invoking toplevel() on ptolemy.moml.MoMLSimpleApplication@1257cd3e
reloadAllAccessors: .ContinuousInDEDifferentRefinements

===========================================================================================
----------------- testing Tue Oct 22 06:01:13 UTC 2019 /home/travis/build/icyphy/ptII/ptolemy/domains/continuous/test/auto/ContinuousInDEDifferentRefinementsPreemptive.xml
----------------- Instantiating /home/travis/build/icyphy/ptII/ptolemy/domains/continuous/test/auto/ContinuousInDEDifferentRefinementsPreemptive.xml
47 ms. Memory: 253952K Free: 198923K (78%)
----------------- Invoking toplevel() on ptolemy.moml.MoMLSimpleApplication@324c9436
----------------- Done invoking toplevel() on ptolemy.moml.MoMLSimpleApplication@324c9436
reloadAllAccessors: .ContinuousInDEDifferentRefinementsPreemptive

===========================================================================================
----------------- testing Tue Oct 22 06:01:13 UTC 2019 /home/travis/build/icyphy/ptII/ptolemy/domains/continuous/test/auto/ContinuousInDEInContinuous2.xml
----------------- Instantiating /home/travis/build/icyphy/ptII/ptolemy/domains/continuous/test/auto/ContinuousInDEInContinuous2.xml
35 ms. Memory: 253952K Free: 187659K (74%)
----------------- Invoking toplevel() on ptolemy.moml.MoMLSimpleApplication@1894ab59
----------------- Done invoking toplevel() on ptolemy.moml.MoMLSimpleApplication@1894ab59
reloadAllAccessors: .ContinuousInDEInContinuous2

===========================================================================================
----------------- testing Tue Oct 22 06:01:13 UTC 2019 /home/travis/build/icyphy/ptII/ptolemy/domains/continuous/test/auto/ContinuousInDEInContinuous3.xml
----------------- Instantiating /home/travis/build/icyphy/ptII/ptolemy/domains/continuous/test/auto/ContinuousInDEInContinuous3.xml
36 ms. Memory: 253952K Free: 175371K (69%)
----------------- Invoking toplevel() on ptolemy.moml.MoMLSimpleApplication@61836edf
----------------- Done invoking toplevel() on ptolemy.moml.MoMLSimpleApplication@61836edf
reloadAllAccessors: .ContinuousInDEInContinuous3

===========================================================================================
----------------- testing Tue Oct 22 06:01:13 UTC 2019 /home/travis/build/icyphy/ptII/ptolemy/domains/continuous/test/auto/ContinuousInDEInput.xml
----------------- Instantiating /home/travis/build/icyphy/ptII/ptolemy/domains/continuous/test/auto/ContinuousInDEInput.xml
19 ms. Memory: 253952K Free: 168203K (66%)
----------------- Invoking toplevel() on ptolemy.moml.MoMLSimpleApplication@71850f8f
----------------- Done invoking toplevel() on ptolemy.moml.MoMLSimpleApplication@71850f8f
reloadAllAccessors: .ContinuousInDEInput

===========================================================================================
----------------- testing Tue Oct 22 06:01:13 UTC 2019 /home/travis/build/icyphy/ptII/ptolemy/domains/continuous/test/auto/ContinuousInDEInput2.xml
----------------- Instantiating /home/travis/build/icyphy/ptII/ptolemy/domains/continuous/test/auto/ContinuousInDEInput2.xml
16 ms. Memory: 253952K Free: 161035K (63%)
----------------- Invoking toplevel() on ptolemy.moml.MoMLSimpleApplication@44e59310
----------------- Done invoking toplevel() on ptolemy.moml.MoMLSimpleApplication@44e59310
reloadAllAccessors: .ContinuousInDEInput2

===========================================================================================
----------------- testing Tue Oct 22 06:01:13 UTC 2019 /home/travis/build/icyphy/ptII/ptolemy/domains/continuous/test/auto/ContinuousInDEInput3.xml
----------------- Instantiating /home/travis/build/icyphy/ptII/ptolemy/domains/continuous/test/auto/ContinuousInDEInput3.xml
15 ms. Memory: 253952K Free: 153867K (61%)
----------------- Invoking toplevel() on ptolemy.moml.MoMLSimpleApplication@436081c7
----------------- Done invoking toplevel() on ptolemy.moml.MoMLSimpleApplication@436081c7
reloadAllAccessors: .ContinuousInDEInput3

===========================================================================================
----------------- testing Tue Oct 22 06:01:13 UTC 2019 /home/travis/build/icyphy/ptII/ptolemy/domains/continuous/test/auto/ContinuousInDESharingRefinement.xml
----------------- Instantiating /home/travis/build/icyphy/ptII/ptolemy/domains/continuous/test/auto/ContinuousInDESharingRefinement.xml
159 ms. Memory: 253952K Free: 209923K (83%)
----------------- Invoking toplevel() on ptolemy.moml.MoMLSimpleApplication@17b9964a
----------------- Done invoking toplevel() on ptolemy.moml.MoMLSimpleApplication@17b9964a
reloadAllAccessors: .ContinuousInDESharingRefinement

===========================================================================================
----------------- testing Tue Oct 22 06:01:13 UTC 2019 /home/travis/build/icyphy/ptII/ptolemy/domains/continuous/test/auto/ContinuousInDEwithNoPorts.xml
----------------- Instantiating /home/travis/build/icyphy/ptII/ptolemy/domains/continuous/test/auto/ContinuousInDEwithNoPorts.xml
5 ms. Memory: 253952K Free: 205317K (81%)
----------------- Invoking toplevel() on ptolemy.moml.MoMLSimpleApplication@7757f2d2
----------------- Done invoking toplevel() on ptolemy.moml.MoMLSimpleApplication@7757f2d2
reloadAllAccessors: .ContinuousInDEwithNoPorts

===========================================================================================
----------------- testing Tue Oct 22 06:01:13 UTC 2019 /home/travis/build/icyphy/ptII/ptolemy/domains/continuous/test/auto/ContinuousInsideDE.xml
----------------- Instantiating /home/travis/build/icyphy/ptII/ptolemy/domains/continuous/test/auto/ContinuousInsideDE.xml
39 ms. Memory: 253952K Free: 193539K (76%)
----------------- Invoking toplevel() on ptolemy.moml.MoMLSimpleApplication@30110873
----------------- Done invoking toplevel() on ptolemy.moml.MoMLSimpleApplication@30110873
reloadAllAccessors: .ContinuousInsideDE

===========================================================================================
----------------- testing Tue Oct 22 06:01:13 UTC 2019 /home/travis/build/icyphy/ptII/ptolemy/domains/continuous/test/auto/ContinuousMerge1.xml
----------------- Instantiating /home/travis/build/icyphy/ptII/ptolemy/domains/continuous/test/auto/ContinuousMerge1.xml
4 ms. Memory: 253952K Free: 189429K (75%)
----------------- Invoking toplevel() on ptolemy.moml.MoMLSimpleApplication@6e3aa364
----------------- Done invoking toplevel() on ptolemy.moml.MoMLSimpleApplication@6e3aa364
reloadAllAccessors: .ContinuousMerge1

===========================================================================================
----------------- testing Tue Oct 22 06:01:14 UTC 2019 /home/travis/build/icyphy/ptII/ptolemy/domains/continuous/test/auto/ContinuousMerge2.xml
----------------- Instantiating /home/travis/build/icyphy/ptII/ptolemy/domains/continuous/test/auto/ContinuousMerge2.xml
13 ms. Memory: 253952K Free: 179203K (71%)
----------------- Invoking toplevel() on ptolemy.moml.MoMLSimpleApplication@6afad5bb
----------------- Done invoking toplevel() on ptolemy.moml.MoMLSimpleApplication@6afad5bb
reloadAllAccessors: .ContinuousMerge2

===========================================================================================
----------------- testing Tue Oct 22 06:01:14 UTC 2019 /home/travis/build/icyphy/ptII/ptolemy/domains/continuous/test/auto/ContinuousMerge3.xml
----------------- Instantiating /home/travis/build/icyphy/ptII/ptolemy/domains/continuous/test/auto/ContinuousMerge3.xml
48 ms. Memory: 253952K Free: 167939K (66%)
----------------- Invoking toplevel() on ptolemy.moml.MoMLSimpleApplication@7ffd3c17
----------------- Done invoking toplevel() on ptolemy.moml.MoMLSimpleApplication@7ffd3c17
reloadAllAccessors: .ContinuousMerge3

===========================================================================================
----------------- testing Tue Oct 22 06:01:14 UTC 2019 /home/travis/build/icyphy/ptII/ptolemy/domains/continuous/test/auto/ContinuousWithinContinuous.xml
----------------- Instantiating /home/travis/build/icyphy/ptII/ptolemy/domains/continuous/test/auto/ContinuousWithinContinuous.xml
39 ms. Memory: 253952K Free: 158213K (62%)
----------------- Invoking toplevel() on ptolemy.moml.MoMLSimpleApplication@6767db07
----------------- Done invoking toplevel() on ptolemy.moml.MoMLSimpleApplication@6767db07
reloadAllAccessors: .ContinuousWithinContinuous

===========================================================================================
----------------- testing Tue Oct 22 06:01:14 UTC 2019 /home/travis/build/icyphy/ptII/ptolemy/domains/continuous/test/auto/ContinuousWithinContinuous2.xml
----------------- Instantiating /home/travis/build/icyphy/ptII/ptolemy/domains/continuous/test/auto/ContinuousWithinContinuous2.xml
75 ms. Memory: 253952K Free: 147459K (58%)
----------------- Invoking toplevel() on ptolemy.moml.MoMLSimpleApplication@70cf9bbe
----------------- Done invoking toplevel() on ptolemy.moml.MoMLSimpleApplication@70cf9bbe
reloadAllAccessors: .ContinuousWithinContinuous2

===========================================================================================
----------------- testing Tue Oct 22 06:01:14 UTC 2019 /home/travis/build/icyphy/ptII/ptolemy/domains/continuous/test/auto/ContinuousWithinContinuous3.xml
----------------- Instantiating /home/travis/build/icyphy/ptII/ptolemy/domains/continuous/test/auto/ContinuousWithinContinuous3.xml
14 ms. Memory: 253952K Free: 140291K (55%)
----------------- Invoking toplevel() on ptolemy.moml.MoMLSimpleApplication@74a8ced4
----------------- Done invoking toplevel() on ptolemy.moml.MoMLSimpleApplication@74a8ced4
reloadAllAccessors: .ContinuousWithinContinuous3

===========================================================================================
----------------- testing Tue Oct 22 06:01:14 UTC 2019 /home/travis/build/icyphy/ptII/ptolemy/domains/continuous/test/auto/ContinuousWithinContinuous4.xml
----------------- Instantiating /home/travis/build/icyphy/ptII/ptolemy/domains/continuous/test/auto/ContinuousWithinContinuous4.xml
82 ms. Memory: 253952K Free: 128003K (50%)
----------------- Invoking toplevel() on ptolemy.moml.MoMLSimpleApplication@3ba0d8f3
----------------- Done invoking toplevel() on ptolemy.moml.MoMLSimpleApplication@3ba0d8f3
reloadAllAccessors: .ContinuousWithinContinuous4

===========================================================================================
----------------- testing Tue Oct 22 06:01:14 UTC 2019 /home/travis/build/icyphy/ptII/ptolemy/domains/continuous/test/auto/ContinuousWithinContinuous5.xml
----------------- Instantiating /home/travis/build/icyphy/ptII/ptolemy/domains/continuous/test/auto/ContinuousWithinContinuous5.xml
15 ms. Memory: 253952K Free: 120835K (48%)
----------------- Invoking toplevel() on ptolemy.moml.MoMLSimpleApplication@2df94bf
----------------- Done invoking toplevel() on ptolemy.moml.MoMLSimpleApplication@2df94bf
reloadAllAccessors: .ContinuousWithinContinuous5

===========================================================================================
----------------- testing Tue Oct 22 06:01:14 UTC 2019 /home/travis/build/icyphy/ptII/ptolemy/domains/continuous/test/auto/ContinuousWithinContinuous6.xml
----------------- Instantiating /home/travis/build/icyphy/ptII/ptolemy/domains/continuous/test/auto/ContinuousWithinContinuous6.xml
13 ms. Memory: 253952K Free: 113667K (45%)
----------------- Invoking toplevel() on ptolemy.moml.MoMLSimpleApplication@2ae78277
----------------- Done invoking toplevel() on ptolemy.moml.MoMLSimpleApplication@2ae78277
reloadAllAccessors: .ContinuousWithinContinuous6

===========================================================================================
----------------- testing Tue Oct 22 06:01:14 UTC 2019 /home/travis/build/icyphy/ptII/ptolemy/domains/continuous/test/auto/ContinuousWithinContinuous7.xml
----------------- Instantiating /home/travis/build/icyphy/ptII/ptolemy/domains/continuous/test/auto/ContinuousWithinContinuous7.xml
64 ms. Memory: 253952K Free: 102403K (40%)
----------------- Invoking toplevel() on ptolemy.moml.MoMLSimpleApplication@23a3c43b
----------------- Done invoking toplevel() on ptolemy.moml.MoMLSimpleApplication@23a3c43b
reloadAllAccessors: .ContinuousWithinContinuous7

===========================================================================================
----------------- testing Tue Oct 22 06:01:14 UTC 2019 /home/travis/build/icyphy/ptII/ptolemy/domains/continuous/test/auto/DCMotor.xml
----------------- Instantiating /home/travis/build/icyphy/ptII/ptolemy/domains/continuous/test/auto/DCMotor.xml
16533 ms. Memory: 253952K Free: 112165K (44%)
----------------- Invoking toplevel() on ptolemy.moml.MoMLSimpleApplication@b9fea79
----------------- Done invoking toplevel() on ptolemy.moml.MoMLSimpleApplication@b9fea79
reloadAllAccessors: .DCMotor

===========================================================================================
----------------- testing Tue Oct 22 06:01:31 UTC 2019 /home/travis/build/icyphy/ptII/ptolemy/domains/continuous/test/auto/DEInContinuous.xml
----------------- Instantiating /home/travis/build/icyphy/ptII/ptolemy/domains/continuous/test/auto/DEInContinuous.xml
22 ms. Memory: 253952K Free: 106035K (42%)
----------------- Invoking toplevel() on ptolemy.moml.MoMLSimpleApplication@3c7438cd
----------------- Done invoking toplevel() on ptolemy.moml.MoMLSimpleApplication@3c7438cd
reloadAllAccessors: .DEInContinuous

===========================================================================================
----------------- testing Tue Oct 22 06:01:31 UTC 2019 /home/travis/build/icyphy/ptII/ptolemy/domains/continuous/test/auto/DEinContinuous2.xml
----------------- Instantiating /home/travis/build/icyphy/ptII/ptolemy/domains/continuous/test/auto/DEinContinuous2.xml
8 ms. Memory: 253952K Free: 98357K (39%)
----------------- Invoking toplevel() on ptolemy.moml.MoMLSimpleApplication@7d687a53
----------------- Done invoking toplevel() on ptolemy.moml.MoMLSimpleApplication@7d687a53
reloadAllAccessors: .DEinContinuous2

===========================================================================================
----------------- testing Tue Oct 22 06:01:31 UTC 2019 /home/travis/build/icyphy/ptII/ptolemy/domains/continuous/test/auto/Derivative.xml
----------------- Instantiating /home/travis/build/icyphy/ptII/ptolemy/domains/continuous/test/auto/Derivative.xml
152 ms. Memory: 253952K Free: 218136K (86%)
----------------- Invoking toplevel() on ptolemy.moml.MoMLSimpleApplication@6e9de5bf
----------------- Done invoking toplevel() on ptolemy.moml.MoMLSimpleApplication@6e9de5bf
reloadAllAccessors: .Derivative2

===========================================================================================
----------------- testing Tue Oct 22 06:01:31 UTC 2019 /home/travis/build/icyphy/ptII/ptolemy/domains/continuous/test/auto/Derivative1.xml
----------------- Instantiating /home/travis/build/icyphy/ptII/ptolemy/domains/continuous/test/auto/Derivative1.xml
17 ms. Memory: 253952K Free: 203800K (80%)
----------------- Invoking toplevel() on ptolemy.moml.MoMLSimpleApplication@16a510cb
----------------- Done invoking toplevel() on ptolemy.moml.MoMLSimpleApplication@16a510cb
reloadAllAccessors: .Derivative1

===========================================================================================
----------------- testing Tue Oct 22 06:01:31 UTC 2019 /home/travis/build/icyphy/ptII/ptolemy/domains/continuous/test/auto/DiscreteClock.xml
----------------- Instantiating /home/travis/build/icyphy/ptII/ptolemy/domains/continuous/test/auto/DiscreteClock.xml
5 ms. Memory: 253952K Free: 198680K (78%)
----------------- Invoking toplevel() on ptolemy.moml.MoMLSimpleApplication@1e36cd2f
----------------- Done invoking toplevel() on ptolemy.moml.MoMLSimpleApplication@1e36cd2f
reloadAllAccessors: .DiscreteClock

===========================================================================================
----------------- testing Tue Oct 22 06:01:31 UTC 2019 /home/travis/build/icyphy/ptII/ptolemy/domains/continuous/test/auto/EfficiencyCurve.xml
----------------- Instantiating /home/travis/build/icyphy/ptII/ptolemy/domains/continuous/test/auto/EfficiencyCurve.xml
55 ms. Memory: 253952K Free: 189464K (75%)
----------------- Invoking toplevel() on ptolemy.moml.MoMLSimpleApplication@4cb8f728
----------------- Done invoking toplevel() on ptolemy.moml.MoMLSimpleApplication@4cb8f728
reloadAllAccessors: .EfficiencyCurve

===========================================================================================
----------------- testing Tue Oct 22 06:01:31 UTC 2019 /home/travis/build/icyphy/ptII/ptolemy/domains/continuous/test/auto/ExponentialResponse.xml
----------------- Instantiating /home/travis/build/icyphy/ptII/ptolemy/domains/continuous/test/auto/ExponentialResponse.xml
112 ms. Memory: 253952K Free: 173594K (68%)
----------------- Invoking toplevel() on ptolemy.moml.MoMLSimpleApplication@3bd6a3e1
----------------- Done invoking toplevel() on ptolemy.moml.MoMLSimpleApplication@3bd6a3e1
reloadAllAccessors: .ExponentialResponse

===========================================================================================
----------------- testing Tue Oct 22 06:01:31 UTC 2019 /home/travis/build/icyphy/ptII/ptolemy/domains/continuous/test/auto/ExponentialResponseRK45.xml
----------------- Instantiating /home/travis/build/icyphy/ptII/ptolemy/domains/continuous/test/auto/ExponentialResponseRK45.xml
28 ms. Memory: 253952K Free: 166936K (66%)
----------------- Invoking toplevel() on ptolemy.moml.MoMLSimpleApplication@591d87f9
----------------- Done invoking toplevel() on ptolemy.moml.MoMLSimpleApplication@591d87f9
reloadAllAccessors: .ExponentialResponseRK45

===========================================================================================
----------------- testing Tue Oct 22 06:01:31 UTC 2019 /home/travis/build/icyphy/ptII/ptolemy/domains/continuous/test/auto/Friction.xml
----------------- Instantiating /home/travis/build/icyphy/ptII/ptolemy/domains/continuous/test/auto/Friction.xml
1552 ms. Memory: 253952K Free: 191466K (75%)
----------------- Invoking toplevel() on ptolemy.moml.MoMLSimpleApplication@38f83170
----------------- Done invoking toplevel() on ptolemy.moml.MoMLSimpleApplication@38f83170
reloadAllAccessors: .Friction

===========================================================================================
----------------- testing Tue Oct 22 06:01:33 UTC 2019 /home/travis/build/icyphy/ptII/ptolemy/domains/continuous/test/auto/FurutaPendulum.xml
----------------- Instantiating /home/travis/build/icyphy/ptII/ptolemy/domains/continuous/test/auto/FurutaPendulum.xml
3591 ms. Memory: 253952K Free: 140211K (55%)
----------------- Invoking toplevel() on ptolemy.moml.MoMLSimpleApplication@4e942be1
----------------- Done invoking toplevel() on ptolemy.moml.MoMLSimpleApplication@4e942be1
reloadAllAccessors: .FurutaPendulum

===========================================================================================
----------------- testing Tue Oct 22 06:01:37 UTC 2019 /home/travis/build/icyphy/ptII/ptolemy/domains/continuous/test/auto/HierarchicalExecution.xml
----------------- Instantiating /home/travis/build/icyphy/ptII/ptolemy/domains/continuous/test/auto/HierarchicalExecution.xml
1804 ms. Memory: 305152K Free: 204335K (67%)
----------------- Invoking toplevel() on ptolemy.moml.MoMLSimpleApplication@337c7e3b
----------------- Done invoking toplevel() on ptolemy.moml.MoMLSimpleApplication@337c7e3b
reloadAllAccessors: .HierarchicalExecution

===========================================================================================
----------------- testing Tue Oct 22 06:01:39 UTC 2019 /home/travis/build/icyphy/ptII/ptolemy/domains/continuous/test/auto/HybridPlant.xml
----------------- Instantiating /home/travis/build/icyphy/ptII/ptolemy/domains/continuous/test/auto/HybridPlant.xml
511 ms. Memory: 305152K Free: 121389K (40%)
----------------- Invoking toplevel() on ptolemy.moml.MoMLSimpleApplication@74ab6338
----------------- Done invoking toplevel() on ptolemy.moml.MoMLSimpleApplication@74ab6338
reloadAllAccessors: .HybridPlant

===========================================================================================
----------------- testing Tue Oct 22 06:01:40 UTC 2019 /home/travis/build/icyphy/ptII/ptolemy/domains/continuous/test/auto/Hysteresis.xml
----------------- Instantiating /home/travis/build/icyphy/ptII/ptolemy/domains/continuous/test/auto/Hysteresis.xml
154 ms. Memory: 305152K Free: 240168K (79%)
----------------- Invoking toplevel() on ptolemy.moml.MoMLSimpleApplication@54cfd4ed
----------------- Done invoking toplevel() on ptolemy.moml.MoMLSimpleApplication@54cfd4ed
reloadAllAccessors: .Hysteresis

===========================================================================================
----------------- testing Tue Oct 22 06:01:40 UTC 2019 /home/travis/build/icyphy/ptII/ptolemy/domains/continuous/test/auto/HysteresisWithRandomDelay.xml
----------------- Instantiating /home/travis/build/icyphy/ptII/ptolemy/domains/continuous/test/auto/HysteresisWithRandomDelay.xml
193 ms. Memory: 305152K Free: 168488K (55%)
----------------- Invoking toplevel() on ptolemy.moml.MoMLSimpleApplication@21b5818
----------------- Done invoking toplevel() on ptolemy.moml.MoMLSimpleApplication@21b5818
reloadAllAccessors: .HysteresisWithRandomDelay

===========================================================================================
----------------- testing Tue Oct 22 06:01:40 UTC 2019 /home/travis/build/icyphy/ptII/ptolemy/domains/continuous/test/auto/HysteresisWithRandomLosses.xml
----------------- Instantiating /home/travis/build/icyphy/ptII/ptolemy/domains/continuous/test/auto/HysteresisWithRandomLosses.xml
2554 ms. Memory: 305152K Free: 154526K (51%)
----------------- Invoking toplevel() on ptolemy.moml.MoMLSimpleApplication@42248ac8
----------------- Done invoking toplevel() on ptolemy.moml.MoMLSimpleApplication@42248ac8
reloadAllAccessors: .HysteresisWithRandomLosses

===========================================================================================
----------------- testing Tue Oct 22 06:01:43 UTC 2019 /home/travis/build/icyphy/ptII/ptolemy/domains/continuous/test/auto/ImmediateTransitions.xml
----------------- Instantiating /home/travis/build/icyphy/ptII/ptolemy/domains/continuous/test/auto/ImmediateTransitions.xml
12 ms. Memory: 305152K Free: 143790K (47%)
----------------- Invoking toplevel() on ptolemy.moml.MoMLSimpleApplication@5c1379ae
----------------- Done invoking toplevel() on ptolemy.moml.MoMLSimpleApplication@5c1379ae
reloadAllAccessors: .ImmediateTransitions

===========================================================================================
----------------- testing Tue Oct 22 06:01:43 UTC 2019 /home/travis/build/icyphy/ptII/ptolemy/domains/continuous/test/auto/ImpulseFeedback.xml
----------------- Instantiating /home/travis/build/icyphy/ptII/ptolemy/domains/continuous/test/auto/ImpulseFeedback.xml
6 ms. Memory: 305152K Free: 138156K (45%)
----------------- Invoking toplevel() on ptolemy.moml.MoMLSimpleApplication@293a8979
----------------- Done invoking toplevel() on ptolemy.moml.MoMLSimpleApplication@293a8979
reloadAllAccessors: .ImpulseFeedback

===========================================================================================
----------------- testing Tue Oct 22 06:01:43 UTC 2019 /home/travis/build/icyphy/ptII/ptolemy/domains/continuous/test/auto/ImpulseFeedback2.xml
----------------- Instantiating /home/travis/build/icyphy/ptII/ptolemy/domains/continuous/test/auto/ImpulseFeedback2.xml
5 ms. Memory: 305152K Free: 132526K (43%)
----------------- Invoking toplevel() on ptolemy.moml.MoMLSimpleApplication@15380ca2
----------------- Done invoking toplevel() on ptolemy.moml.MoMLSimpleApplication@15380ca2
reloadAllAccessors: .ImpulseFeedback2

===========================================================================================
----------------- testing Tue Oct 22 06:01:43 UTC 2019 /home/travis/build/icyphy/ptII/ptolemy/domains/continuous/test/auto/IncreasingRatePoisson.xml
----------------- Instantiating /home/travis/build/icyphy/ptII/ptolemy/domains/continuous/test/auto/IncreasingRatePoisson.xml
764 ms. Memory: 305152K Free: 175881K (58%)
----------------- Invoking toplevel() on ptolemy.moml.MoMLSimpleApplication@69ed8cb9
----------------- Done invoking toplevel() on ptolemy.moml.MoMLSimpleApplication@69ed8cb9
reloadAllAccessors: .IncreasingRatePoisson

===========================================================================================
----------------- testing Tue Oct 22 06:01:44 UTC 2019 /home/travis/build/icyphy/ptII/ptolemy/domains/continuous/test/auto/InitialStateFeedback.xml
----------------- Instantiating /home/travis/build/icyphy/ptII/ptolemy/domains/continuous/test/auto/InitialStateFeedback.xml
3 ms. Memory: 305152K Free: 171281K (56%)
----------------- Invoking toplevel() on ptolemy.moml.MoMLSimpleApplication@78a7b3de
----------------- Done invoking toplevel() on ptolemy.moml.MoMLSimpleApplication@78a7b3de
reloadAllAccessors: .InitialStateFeedback

===========================================================================================
----------------- testing Tue Oct 22 06:01:44 UTC 2019 /home/travis/build/icyphy/ptII/ptolemy/domains/continuous/test/auto/Integration.xml
----------------- Instantiating /home/travis/build/icyphy/ptII/ptolemy/domains/continuous/test/auto/Integration.xml
1 ms. Memory: 305152K Free: 167185K (55%)
----------------- Invoking toplevel() on ptolemy.moml.MoMLSimpleApplication@5d59ed46
----------------- Done invoking toplevel() on ptolemy.moml.MoMLSimpleApplication@5d59ed46
reloadAllAccessors: .Integration

===========================================================================================
----------------- testing Tue Oct 22 06:01:44 UTC 2019 /home/travis/build/icyphy/ptII/ptolemy/domains/continuous/test/auto/Integration2.xml
----------------- Instantiating /home/travis/build/icyphy/ptII/ptolemy/domains/continuous/test/auto/Integration2.xml
83 ms. Memory: 305152K Free: 152849K (50%)
----------------- Invoking toplevel() on ptolemy.moml.MoMLSimpleApplication@14875816
----------------- Done invoking toplevel() on ptolemy.moml.MoMLSimpleApplication@14875816
reloadAllAccessors: .Integration2

===========================================================================================
----------------- testing Tue Oct 22 06:01:44 UTC 2019 /home/travis/build/icyphy/ptII/ptolemy/domains/continuous/test/auto/Integration3.xml
----------------- Instantiating /home/travis/build/icyphy/ptII/ptolemy/domains/continuous/test/auto/Integration3.xml
2 ms. Memory: 305152K Free: 148239K (49%)
----------------- Invoking toplevel() on ptolemy.moml.MoMLSimpleApplication@7ba8e954
----------------- Done invoking toplevel() on ptolemy.moml.MoMLSimpleApplication@7ba8e954
reloadAllAccessors: .Integration3

===========================================================================================
----------------- testing Tue Oct 22 06:01:44 UTC 2019 /home/travis/build/icyphy/ptII/ptolemy/domains/continuous/test/auto/Integration5.xml
----------------- Instantiating /home/travis/build/icyphy/ptII/ptolemy/domains/continuous/test/auto/Integration5.xml
2 ms. Memory: 305152K Free: 144143K (47%)
----------------- Invoking toplevel() on ptolemy.moml.MoMLSimpleApplication@294473a2
----------------- Done invoking toplevel() on ptolemy.moml.MoMLSimpleApplication@294473a2
reloadAllAccessors: .Integration5

===========================================================================================
----------------- testing Tue Oct 22 06:01:44 UTC 2019 /home/travis/build/icyphy/ptII/ptolemy/domains/continuous/test/auto/IntegratorImpulse.xml
----------------- Instantiating /home/travis/build/icyphy/ptII/ptolemy/domains/continuous/test/auto/IntegratorImpulse.xml
2 ms. Memory: 305152K Free: 140047K (46%)
----------------- Invoking toplevel() on ptolemy.moml.MoMLSimpleApplication@2074e51
----------------- Done invoking toplevel() on ptolemy.moml.MoMLSimpleApplication@2074e51
reloadAllAccessors: .IntegratorImpulse

===========================================================================================
----------------- testing Tue Oct 22 06:01:44 UTC 2019 /home/travis/build/icyphy/ptII/ptolemy/domains/continuous/test/auto/IntegratorImpulse2.xml
----------------- Instantiating /home/travis/build/icyphy/ptII/ptolemy/domains/continuous/test/auto/IntegratorImpulse2.xml
6 ms. Memory: 305152K Free: 135441K (44%)
----------------- Invoking toplevel() on ptolemy.moml.MoMLSimpleApplication@158edae0
----------------- Done invoking toplevel() on ptolemy.moml.MoMLSimpleApplication@158edae0
reloadAllAccessors: .IntegratorImpulse2

===========================================================================================
----------------- testing Tue Oct 22 06:01:44 UTC 2019 /home/travis/build/icyphy/ptII/ptolemy/domains/continuous/test/auto/LevelCrossing1.xml
----------------- Instantiating /home/travis/build/icyphy/ptII/ptolemy/domains/continuous/test/auto/LevelCrossing1.xml
3 ms. Memory: 305152K Free: 130321K (43%)
----------------- Invoking toplevel() on ptolemy.moml.MoMLSimpleApplication@7532dfc7
----------------- Done invoking toplevel() on ptolemy.moml.MoMLSimpleApplication@7532dfc7
reloadAllAccessors: .LevelCrossing1

===========================================================================================
----------------- testing Tue Oct 22 06:01:44 UTC 2019 /home/travis/build/icyphy/ptII/ptolemy/domains/continuous/test/auto/LevelCrossing2.xml
----------------- Instantiating /home/travis/build/icyphy/ptII/ptolemy/domains/continuous/test/auto/LevelCrossing2.xml
5 ms. Memory: 305152K Free: 125201K (41%)
----------------- Invoking toplevel() on ptolemy.moml.MoMLSimpleApplication@5eb68387
----------------- Done invoking toplevel() on ptolemy.moml.MoMLSimpleApplication@5eb68387
reloadAllAccessors: .LevelCrossing2

===========================================================================================
----------------- testing Tue Oct 22 06:01:44 UTC 2019 /home/travis/build/icyphy/ptII/ptolemy/domains/continuous/test/auto/LevelCrossing3.xml
----------------- Instantiating /home/travis/build/icyphy/ptII/ptolemy/domains/continuous/test/auto/LevelCrossing3.xml
6 ms. Memory: 305152K Free: 120081K (39%)
----------------- Invoking toplevel() on ptolemy.moml.MoMLSimpleApplication@16b9c36
----------------- Done invoking toplevel() on ptolemy.moml.MoMLSimpleApplication@16b9c36
reloadAllAccessors: .LevelCrossing3

===========================================================================================
----------------- testing Tue Oct 22 06:01:44 UTC 2019 /home/travis/build/icyphy/ptII/ptolemy/domains/continuous/test/auto/LevelCrossing4.xml
----------------- Instantiating /home/travis/build/icyphy/ptII/ptolemy/domains/continuous/test/auto/LevelCrossing4.xml
3 ms. Memory: 305152K Free: 114961K (38%)
----------------- Invoking toplevel() on ptolemy.moml.MoMLSimpleApplication@795127b4
----------------- Done invoking toplevel() on ptolemy.moml.MoMLSimpleApplication@795127b4
reloadAllAccessors: .LevelCrossing4

===========================================================================================
----------------- testing Tue Oct 22 06:01:44 UTC 2019 /home/travis/build/icyphy/ptII/ptolemy/domains/continuous/test/auto/LevelCrossing5.xml
----------------- Instantiating /home/travis/build/icyphy/ptII/ptolemy/domains/continuous/test/auto/LevelCrossing5.xml
3 ms. Memory: 305152K Free: 109841K (36%)
----------------- Invoking toplevel() on ptolemy.moml.MoMLSimpleApplication@77d129b5
----------------- Done invoking toplevel() on ptolemy.moml.MoMLSimpleApplication@77d129b5
reloadAllAccessors: .LevelCrossing5

===========================================================================================
[...]
reloadAllAccessors: .ResetTransitionWithStartTime6

===========================================================================================
----------------- testing Tue Oct 22 06:02:02 UTC 2019 /home/travis/build/icyphy/ptII/ptolemy/domains/continuous/test/auto/SRinContinuous.xml
----------------- Instantiating /home/travis/build/icyphy/ptII/ptolemy/domains/continuous/test/auto/SRinContinuous.xml
5 ms. Memory: 366592K Free: 150668K (41%)
----------------- Invoking toplevel() on ptolemy.moml.MoMLSimpleApplication@1320d0c3
----------------- Done invoking toplevel() on ptolemy.moml.MoMLSimpleApplication@1320d0c3
reloadAllAccessors: .SRinContinuous

===========================================================================================
----------------- testing Tue Oct 22 06:02:02 UTC 2019 /home/travis/build/icyphy/ptII/ptolemy/domains/continuous/test/auto/SampledClocks.xml
----------------- Instantiating /home/travis/build/icyphy/ptII/ptolemy/domains/continuous/test/auto/SampledClocks.xml
6 ms. Memory: 366592K Free: 138380K (38%)
----------------- Invoking toplevel() on ptolemy.moml.MoMLSimpleApplication@6187bcbe
----------------- Done invoking toplevel() on ptolemy.moml.MoMLSimpleApplication@6187bcbe
reloadAllAccessors: .SampledClocks

===========================================================================================
----------------- testing Tue Oct 22 06:02:02 UTC 2019 /home/travis/build/icyphy/ptII/ptolemy/domains/continuous/test/auto/Satellite.xml
----------------- Instantiating /home/travis/build/icyphy/ptII/ptolemy/domains/continuous/test/auto/Satellite.xml
785 ms. Memory: 366592K Free: 163434K (45%)
----------------- Invoking toplevel() on ptolemy.moml.MoMLSimpleApplication@71f30556
----------------- Done invoking toplevel() on ptolemy.moml.MoMLSimpleApplication@71f30556
reloadAllAccessors: .Satellite

===========================================================================================
----------------- testing Tue Oct 22 06:02:03 UTC 2019 /home/travis/build/icyphy/ptII/ptolemy/domains/continuous/test/auto/SigmaDelta.xml
----------------- Instantiating /home/travis/build/icyphy/ptII/ptolemy/domains/continuous/test/auto/SigmaDelta.xml
2323 ms. Memory: 366592K Free: 336536K (92%)
----------------- Invoking toplevel() on ptolemy.moml.MoMLSimpleApplication@15d9162d
----------------- Done invoking toplevel() on ptolemy.moml.MoMLSimpleApplication@15d9162d
reloadAllAccessors: .SigmaDelta

===========================================================================================
----------------- testing Tue Oct 22 06:02:05 UTC 2019 /home/travis/build/icyphy/ptII/ptolemy/domains/continuous/test/auto/SingleRefinement.xml
----------------- Instantiating /home/travis/build/icyphy/ptII/ptolemy/domains/continuous/test/auto/SingleRefinement.xml
464 ms. Memory: 366592K Free: 154250K (42%)
----------------- Invoking toplevel() on ptolemy.moml.MoMLSimpleApplication@6c8111ce
----------------- Done invoking toplevel() on ptolemy.moml.MoMLSimpleApplication@6c8111ce
reloadAllAccessors: .SingleRefinement

===========================================================================================
----------------- testing Tue Oct 22 06:02:06 UTC 2019 /home/travis/build/icyphy/ptII/ptolemy/domains/continuous/test/auto/SinuBouncingBall.xml
----------------- Instantiating /home/travis/build/icyphy/ptII/ptolemy/domains/continuous/test/auto/SinuBouncingBall.xml
787 ms. Memory: 366592K Free: 158099K (43%)
----------------- Invoking toplevel() on ptolemy.moml.MoMLSimpleApplication@778b2e59
----------------- Done invoking toplevel() on ptolemy.moml.MoMLSimpleApplication@778b2e59
reloadAllAccessors: .SinuBouncingBall

===========================================================================================
----------------- testing Tue Oct 22 06:02:07 UTC 2019 /home/travis/build/icyphy/ptII/ptolemy/domains/continuous/test/auto/Sinusoid.xml
----------------- Instantiating /home/travis/build/icyphy/ptII/ptolemy/domains/continuous/test/auto/Sinusoid.xml
6 ms. Memory: 366592K Free: 153474K (42%)
----------------- Invoking toplevel() on ptolemy.moml.MoMLSimpleApplication@4b8b1d89
----------------- Done invoking toplevel() on ptolemy.moml.MoMLSimpleApplication@4b8b1d89
reloadAllAccessors: .Sinusoid

===========================================================================================
----------------- testing Tue Oct 22 06:02:07 UTC 2019 /home/travis/build/icyphy/ptII/ptolemy/domains/continuous/test/auto/SinusoidInNoise.xml
----------------- Instantiating /home/travis/build/icyphy/ptII/ptolemy/domains/continuous/test/auto/SinusoidInNoise.xml
872 ms. Memory: 366592K Free: 237652K (65%)
----------------- Invoking toplevel() on ptolemy.moml.MoMLSimpleApplication@6ecbd8aa
----------------- Done invoking toplevel() on ptolemy.moml.MoMLSimpleApplication@6ecbd8aa
reloadAllAccessors: .SinusoidInNoise

===========================================================================================
----------------- testing Tue Oct 22 06:02:08 UTC 2019 /home/travis/build/icyphy/ptII/ptolemy/domains/continuous/test/auto/SinusoidRK45.xml
----------------- Instantiating /home/travis/build/icyphy/ptII/ptolemy/domains/continuous/test/auto/SinusoidRK45.xml
2 ms. Memory: 366592K Free: 233342K (64%)
----------------- Invoking toplevel() on ptolemy.moml.MoMLSimpleApplication@4941d564
----------------- Done invoking toplevel() on ptolemy.moml.MoMLSimpleApplication@4941d564
reloadAllAccessors: .SinusoidRK45

===========================================================================================
----------------- testing Tue Oct 22 06:02:08 UTC 2019 /home/travis/build/icyphy/ptII/ptolemy/domains/continuous/test/auto/SinusoidWithMultipleImpulses.xml
----------------- Instantiating /home/travis/build/icyphy/ptII/ptolemy/domains/continuous/test/auto/SinusoidWithMultipleImpulses.xml
2 ms. Memory: 366592K Free: 228750K (62%)
----------------- Invoking toplevel() on ptolemy.moml.MoMLSimpleApplication@2bc21ea2
----------------- Done invoking toplevel() on ptolemy.moml.MoMLSimpleApplication@2bc21ea2
reloadAllAccessors: .SinusoidWithMultipleImpulses

===========================================================================================
----------------- testing Tue Oct 22 06:02:08 UTC 2019 /home/travis/build/icyphy/ptII/ptolemy/domains/continuous/test/auto/SquareWave.xml
----------------- Instantiating /home/travis/build/icyphy/ptII/ptolemy/domains/continuous/test/auto/SquareWave.xml
170 ms. Memory: 366592K Free: 201612K (55%)
----------------- Invoking toplevel() on ptolemy.moml.MoMLSimpleApplication@111b2bdd
----------------- Done invoking toplevel() on ptolemy.moml.MoMLSimpleApplication@111b2bdd
reloadAllAccessors: .SquareWave

===========================================================================================
----------------- testing Tue Oct 22 06:02:08 UTC 2019 /home/travis/build/icyphy/ptII/ptolemy/domains/continuous/test/auto/Starmac.xml
----------------- Instantiating /home/travis/build/icyphy/ptII/ptolemy/domains/continuous/test/auto/Starmac.xml
3073 ms. Memory: 366592K Free: 320901K (88%)
----------------- Invoking toplevel() on ptolemy.moml.MoMLSimpleApplication@3a846393
----------------- Done invoking toplevel() on ptolemy.moml.MoMLSimpleApplication@3a846393
reloadAllAccessors: .Starmac

===========================================================================================
----------------- testing Tue Oct 22 06:02:11 UTC 2019 /home/travis/build/icyphy/ptII/ptolemy/domains/continuous/test/auto/StaticUnits.xml
----------------- Instantiating /home/travis/build/icyphy/ptII/ptolemy/domains/continuous/test/auto/StaticUnits.xml
2672 ms. Memory: 366592K Free: 277370K (76%)
----------------- Invoking toplevel() on ptolemy.moml.MoMLSimpleApplication@5ef57037
----------------- Done invoking toplevel() on ptolemy.moml.MoMLSimpleApplication@5ef57037
reloadAllAccessors: .StaticUnits

===========================================================================================
----------------- testing Tue Oct 22 06:02:14 UTC 2019 /home/travis/build/icyphy/ptII/ptolemy/domains/continuous/test/auto/StickyMasses.xml
----------------- Instantiating /home/travis/build/icyphy/ptII/ptolemy/domains/continuous/test/auto/StickyMasses.xml
134 ms. Memory: 366592K Free: 227704K (62%)
----------------- Invoking toplevel() on ptolemy.moml.MoMLSimpleApplication@3c2a5598
----------------- Done invoking toplevel() on ptolemy.moml.MoMLSimpleApplication@3c2a5598
reloadAllAccessors: .StickyMasses

===========================================================================================
----------------- testing Tue Oct 22 06:02:15 UTC 2019 /home/travis/build/icyphy/ptII/ptolemy/domains/continuous/test/auto/StopTime.xml
----------------- Instantiating /home/travis/build/icyphy/ptII/ptolemy/domains/continuous/test/auto/StopTime.xml
49 ms. Memory: 366592K Free: 203114K (55%)
----------------- Invoking toplevel() on ptolemy.moml.MoMLSimpleApplication@3de36cbd
----------------- Done invoking toplevel() on ptolemy.moml.MoMLSimpleApplication@3de36cbd
reloadAllAccessors: .StopTime

===========================================================================================
----------------- testing Tue Oct 22 06:02:15 UTC 2019 /home/travis/build/icyphy/ptII/ptolemy/domains/continuous/test/auto/StopTime2.xml
----------------- Instantiating /home/travis/build/icyphy/ptII/ptolemy/domains/continuous/test/auto/StopTime2.xml
39 ms. Memory: 366592K Free: 181114K (49%)
----------------- Invoking toplevel() on ptolemy.moml.MoMLSimpleApplication@74f8b920
----------------- Done invoking toplevel() on ptolemy.moml.MoMLSimpleApplication@74f8b920
reloadAllAccessors: .StopTime2

===========================================================================================
----------------- testing Tue Oct 22 06:02:15 UTC 2019 /home/travis/build/icyphy/ptII/ptolemy/domains/continuous/test/auto/Switch.xml
----------------- Instantiating /home/travis/build/icyphy/ptII/ptolemy/domains/continuous/test/auto/Switch.xml
52 ms. Memory: 366592K Free: 156538K (43%)
----------------- Invoking toplevel() on ptolemy.moml.MoMLSimpleApplication@666e85c9
----------------- Done invoking toplevel() on ptolemy.moml.MoMLSimpleApplication@666e85c9
reloadAllAccessors: .Switch

===========================================================================================
----------------- testing Tue Oct 22 06:02:15 UTC 2019 /home/travis/build/icyphy/ptII/ptolemy/domains/continuous/test/auto/Thermostat.xml
----------------- Instantiating /home/travis/build/icyphy/ptII/ptolemy/domains/continuous/test/auto/Thermostat.xml
202 ms. Memory: 366592K Free: 298356K (81%)
----------------- Invoking toplevel() on ptolemy.moml.MoMLSimpleApplication@74e0ee22
----------------- Done invoking toplevel() on ptolemy.moml.MoMLSimpleApplication@74e0ee22
reloadAllAccessors: .Thermostat

===========================================================================================
----------------- testing Tue Oct 22 06:02:15 UTC 2019 /home/travis/build/icyphy/ptII/ptolemy/domains/continuous/test/auto/TimeDelay.xml
----------------- Instantiating /home/travis/build/icyphy/ptII/ptolemy/domains/continuous/test/auto/TimeDelay.xml
6 ms. Memory: 366592K Free: 293236K (80%)
----------------- Invoking toplevel() on ptolemy.moml.MoMLSimpleApplication@17dd54ec
----------------- Done invoking toplevel() on ptolemy.moml.MoMLSimpleApplication@17dd54ec
reloadAllAccessors: .TimeDelay

===========================================================================================
----------------- testing Tue Oct 22 06:02:15 UTC 2019 /home/travis/build/icyphy/ptII/ptolemy/domains/continuous/test/auto/TimeDelay2.xml
----------------- Instantiating /home/travis/build/icyphy/ptII/ptolemy/domains/continuous/test/auto/TimeDelay2.xml
8 ms. Memory: 366592K Free: 282996K (77%)
----------------- Invoking toplevel() on ptolemy.moml.MoMLSimpleApplication@77c87559
----------------- Done invoking toplevel() on ptolemy.moml.MoMLSimpleApplication@77c87559
reloadAllAccessors: .TimeDelay2

===========================================================================================
----------------- testing Tue Oct 22 06:02:15 UTC 2019 /home/travis/build/icyphy/ptII/ptolemy/domains/continuous/test/auto/TimeDelay3.xml
----------------- Instantiating /home/travis/build/icyphy/ptII/ptolemy/domains/continuous/test/auto/TimeDelay3.xml
5 ms. Memory: 366592K Free: 278369K (76%)
----------------- Invoking toplevel() on ptolemy.moml.MoMLSimpleApplication@49a7bf48
----------------- Done invoking toplevel() on ptolemy.moml.MoMLSimpleApplication@49a7bf48
reloadAllAccessors: .TimeDelay3

===========================================================================================
----------------- testing Tue Oct 22 06:02:15 UTC 2019 /home/travis/build/icyphy/ptII/ptolemy/domains/continuous/test/auto/TransferAbsentToInside.xml
----------------- Instantiating /home/travis/build/icyphy/ptII/ptolemy/domains/continuous/test/auto/TransferAbsentToInside.xml
27 ms. Memory: 366592K Free: 225652K (62%)
----------------- Invoking toplevel() on ptolemy.moml.MoMLSimpleApplication@31f78c2e
----------------- Done invoking toplevel() on ptolemy.moml.MoMLSimpleApplication@31f78c2e
reloadAllAccessors: .TransferAbsentToInside

===========================================================================================
----------------- testing Tue Oct 22 06:02:15 UTC 2019 /home/travis/build/icyphy/ptII/ptolemy/domains/continuous/test/auto/Transmission.xml
----------------- Instantiating /home/travis/build/icyphy/ptII/ptolemy/domains/continuous/test/auto/Transmission.xml
830 ms. Memory: 366592K Free: 209176K (57%)
----------------- Invoking toplevel() on ptolemy.moml.MoMLSimpleApplication@283105bc
----------------- Done invoking toplevel() on ptolemy.moml.MoMLSimpleApplication@283105bc
reloadAllAccessors: .Transmission

===========================================================================================
----------------- testing Tue Oct 22 06:02:16 UTC 2019 /home/travis/build/icyphy/ptII/ptolemy/domains/continuous/test/auto/TriggeredContinuousClock.xml
----------------- Instantiating /home/travis/build/icyphy/ptII/ptolemy/domains/continuous/test/auto/TriggeredContinuousClock.xml
40 ms. Memory: 366592K Free: 179495K (49%)
----------------- Invoking toplevel() on ptolemy.moml.MoMLSimpleApplication@1e2d07c0
----------------- Done invoking toplevel() on ptolemy.moml.MoMLSimpleApplication@1e2d07c0
reloadAllAccessors: .TriggeredContinuousClock

===========================================================================================
----------------- testing Tue Oct 22 06:02:16 UTC 2019 /home/travis/build/icyphy/ptII/ptolemy/domains/continuous/test/auto/TwoMachineInfiniteBusControl.xml
----------------- Instantiating /home/travis/build/icyphy/ptII/ptolemy/domains/continuous/test/auto/TwoMachineInfiniteBusControl.xml
3162 ms. Memory: 366592K Free: 238335K (65%)
----------------- Invoking toplevel() on ptolemy.moml.MoMLSimpleApplication@276bba62
----------------- Done invoking toplevel() on ptolemy.moml.MoMLSimpleApplication@276bba62
reloadAllAccessors: .TwoMachineInfiniteBusControl

===========================================================================================
----------------- testing Tue Oct 22 06:02:19 UTC 2019 /home/travis/build/icyphy/ptII/ptolemy/domains/continuous/test/auto/V2V.xml
----------------- Instantiating /home/travis/build/icyphy/ptII/ptolemy/domains/continuous/test/auto/V2V.xml
822 ms. Memory: 366592K Free: 263904K (72%)
----------------- Invoking toplevel() on ptolemy.moml.MoMLSimpleApplication@5bbf752c
----------------- Done invoking toplevel() on ptolemy.moml.MoMLSimpleApplication@5bbf752c
reloadAllAccessors: .V2V

===========================================================================================
----------------- testing Tue Oct 22 06:02:20 UTC 2019 /home/travis/build/icyphy/ptII/ptolemy/domains/continuous/test/auto/hierarchicalModalModel.xml
----------------- Instantiating /home/travis/build/icyphy/ptII/ptolemy/domains/continuous/test/auto/hierarchicalModalModel.xml
8 ms. Memory: 366592K Free: 249568K (68%)
----------------- Invoking toplevel() on ptolemy.moml.MoMLSimpleApplication@1927d6a6
----------------- Done invoking toplevel() on ptolemy.moml.MoMLSimpleApplication@1927d6a6
reloadAllAccessors: .hierarchicalModalModel

===========================================================================================
----------------- testing Tue Oct 22 06:02:20 UTC 2019 /home/travis/build/icyphy/ptII/ptolemy/domains/continuous/test/auto/hierarchicalModalModel1.xml
----------------- Instantiating /home/travis/build/icyphy/ptII/ptolemy/domains/continuous/test/auto/hierarchicalModalModel1.xml
8 ms. Memory: 366592K Free: 234753K (64%)
----------------- Invoking toplevel() on ptolemy.moml.MoMLSimpleApplication@6a8c2e52
----------------- Done invoking toplevel() on ptolemy.moml.MoMLSimpleApplication@6a8c2e52
reloadAllAccessors: .hierarchicalModalModel1

===========================================================================================
----------------- testing Tue Oct 22 06:02:20 UTC 2019 /home/travis/build/icyphy/ptII/ptolemy/domains/continuous/test/auto/hierarchicalModalModel2.xml
----------------- Instantiating /home/travis/build/icyphy/ptII/ptolemy/domains/continuous/test/auto/hierarchicalModalModel2.xml
6 ms. Memory: 366592K Free: 222465K (61%)
----------------- Invoking toplevel() on ptolemy.moml.MoMLSimpleApplication@34ce0a1f
----------------- Done invoking toplevel() on ptolemy.moml.MoMLSimpleApplication@34ce0a1f
reloadAllAccessors: .hierarchicalModalModel2

===========================================================================================
----------------- testing Tue Oct 22 06:02:20 UTC 2019 /home/travis/build/icyphy/ptII/ptolemy/domains/continuous/test/auto/hierarchicalModalModel3.xml
----------------- Instantiating /home/travis/build/icyphy/ptII/ptolemy/domains/continuous/test/auto/hierarchicalModalModel3.xml
6 ms. Memory: 366592K Free: 211711K (58%)
----------------- Invoking toplevel() on ptolemy.moml.MoMLSimpleApplication@395ed96c
----------------- Done invoking toplevel() on ptolemy.moml.MoMLSimpleApplication@395ed96c
reloadAllAccessors: .hierarchicalModalModel3

===========================================================================================
----------------- testing Tue Oct 22 06:02:20 UTC 2019 /home/travis/build/icyphy/ptII/ptolemy/domains/continuous/test/auto/hierarchicalModalModel4.xml
----------------- Instantiating /home/travis/build/icyphy/ptII/ptolemy/domains/continuous/test/auto/hierarchicalModalModel4.xml
5 ms. Memory: 366592K Free: 199937K (55%)
----------------- Invoking toplevel() on ptolemy.moml.MoMLSimpleApplication@af2ba48
----------------- Done invoking toplevel() on ptolemy.moml.MoMLSimpleApplication@af2ba48
reloadAllAccessors: .hierarchicalModalModel4

===========================================================================================
----------------- testing Tue Oct 22 06:02:20 UTC 2019 /home/travis/build/icyphy/ptII/ptolemy/domains/continuous/test/auto/junk.xml
----------------- Instantiating /home/travis/build/icyphy/ptII/ptolemy/domains/continuous/test/auto/junk.xml
154 ms. Memory: 366592K Free: 175361K (48%)
----------------- Invoking toplevel() on ptolemy.moml.MoMLSimpleApplication@6d3c6dc9
----------------- Done invoking toplevel() on ptolemy.moml.MoMLSimpleApplication@6d3c6dc9
reloadAllAccessors: .junk
AutoTests.java: About to close Vertx.
AutoTests.java: Vertx closed.
]]></system-out>
  <system-err><![CDATA[Warning: '.HysteresisWithRandomDelay.NonStrictTest3' The test produced only 28 tokens, yet the correctValues parameter was expecting 30 tokens.
Warning: '.Poisson.NonStrictTest' The test produced only 423 tokens, yet the correctValues parameter was expecting 430 tokens.
]]></system-err>
</testsuite>
