<?xml version="1.0" encoding="UTF-8" ?>
<testsuite errors="0" failures="0" hostname="travis-job-1c40af84-1cb1-4e73-8173-cb33bda7d27a" name="ptolemy.domains.de.test.junit.JUnitTclTest" skipped="0" tests="101" time="140.489" timestamp="2019-10-07T05:52:57">
  <properties>
[...]
</properties>
  <testcase classname="ptolemy.util.test.junit.TclTests" name="[0] /home/travis/build/icyphy/ptII/ptolemy/domains/de/test/DependencyLoop.tcl (RunTclFile)" time="1.232" />
  <testcase classname="ptolemy.util.test.junit.TclTests" name="[1] /home/travis/build/icyphy/ptII/ptolemy/domains/de/test/RunDETestsAsQSS.tcl (RunTclFile)" time="95.394" />
  <testcase classname="ptolemy.util.test.junit.AutoKnownFailedTests" name="[0] /home/travis/build/icyphy/ptII/ptolemy/domains/de/test/auto/knownFailedTests/DESDFClockTest.xml (RunModel)" time="2.085" />
  <testcase classname="ptolemy.util.test.junit.AutoKnownFailedTests" name="[1] /home/travis/build/icyphy/ptII/ptolemy/domains/de/test/auto/knownFailedTests/DirectFeedback.xml (RunModel)" time="0.024" />
  <testcase classname="ptolemy.util.test.junit.AutoKnownFailedTests" name="[2] /home/travis/build/icyphy/ptII/ptolemy/domains/de/test/auto/knownFailedTests/FSMSource.xml (RunModel)" time="0.034" />
  <testcase classname="ptolemy.util.test.junit.AutoKnownFailedTests" name="[3] /home/travis/build/icyphy/ptII/ptolemy/domains/de/test/auto/knownFailedTests/HierarchicalModel.xml (RunModel)" time="0.071" />
  <testcase classname="ptolemy.util.test.junit.AutoKnownFailedTests" name="[4] /home/travis/build/icyphy/ptII/ptolemy/domains/de/test/auto/knownFailedTests/dependencyLoop.xml (RunModel)" time="0.058" />
  <testcase classname="ptolemy.util.test.junit.AutoKnownFailedTests" name="[5] /home/travis/build/icyphy/ptII/ptolemy/domains/de/test/auto/knownFailedTests/dependencyLoop2.xml (RunModel)" time="0.055" />
  <testcase classname="ptolemy.util.test.junit.AutoNameArchTests" name="[0] ThereAreNoAutoArchTests (RunModel)" time="0.002" />
  <testcase classname="ptolemy.util.test.junit.AutoTests" name="[0] /home/travis/build/icyphy/ptII/ptolemy/domains/de/test/auto/ActorDepthCalculation_actorWithoutPorts.xml (RunModel)" time="0.025" />
  <testcase classname="ptolemy.util.test.junit.AutoTests" name="[1] /home/travis/build/icyphy/ptII/ptolemy/domains/de/test/auto/AssemblyLine.xml (RunModel)" time="0.038" />
  <testcase classname="ptolemy.util.test.junit.AutoTests" name="[2] /home/travis/build/icyphy/ptII/ptolemy/domains/de/test/auto/CQBug1.xml (RunModel)" time="0.012" />
  <testcase classname="ptolemy.util.test.junit.AutoTests" name="[3] /home/travis/build/icyphy/ptII/ptolemy/domains/de/test/auto/CancelFireAt.xml (RunModel)" time="0.016" />
  <testcase classname="ptolemy.util.test.junit.AutoTests" name="[4] /home/travis/build/icyphy/ptII/ptolemy/domains/de/test/auto/CausalityAndComposabilityAnalysis.xml (RunModel)" time="0.017" />
  <testcase classname="ptolemy.util.test.junit.AutoTests" name="[5] /home/travis/build/icyphy/ptII/ptolemy/domains/de/test/auto/CausalityInterface1.xml (RunModel)" time="0.02" />
  <testcase classname="ptolemy.util.test.junit.AutoTests" name="[6] /home/travis/build/icyphy/ptII/ptolemy/domains/de/test/auto/CausalityInterface15.xml (RunModel)" time="0.02" />
  <testcase classname="ptolemy.util.test.junit.AutoTests" name="[7] /home/travis/build/icyphy/ptII/ptolemy/domains/de/test/auto/CausalityInterface2.xml (RunModel)" time="0.026" />
  <testcase classname="ptolemy.util.test.junit.AutoTests" name="[8] /home/travis/build/icyphy/ptII/ptolemy/domains/de/test/auto/CausalityInterface3.xml (RunModel)" time="0.016" />
  <testcase classname="ptolemy.util.test.junit.AutoTests" name="[9] /home/travis/build/icyphy/ptII/ptolemy/domains/de/test/auto/ClockDrift.xml (RunModel)" time="0.04" />
  <testcase classname="ptolemy.util.test.junit.AutoTests" name="[10] /home/travis/build/icyphy/ptII/ptolemy/domains/de/test/auto/ClockDriftAndValueChange.xml (RunModel)" time="0.038" />
  <testcase classname="ptolemy.util.test.junit.AutoTests" name="[11] /home/travis/build/icyphy/ptII/ptolemy/domains/de/test/auto/ClockDriftChange.xml (RunModel)" time="0.035" />
  <testcase classname="ptolemy.util.test.junit.AutoTests" name="[12] /home/travis/build/icyphy/ptII/ptolemy/domains/de/test/auto/ComposableCausalityAnalysis.xml (RunModel)" time="0.017" />
  <testcase classname="ptolemy.util.test.junit.AutoTests" name="[13] /home/travis/build/icyphy/ptII/ptolemy/domains/de/test/auto/DEFixedPointLimitation.xml (RunModel)" time="0.017" />
  <testcase classname="ptolemy.util.test.junit.AutoTests" name="[14] /home/travis/build/icyphy/ptII/ptolemy/domains/de/test/auto/DEScheduleTest.xml (RunModel)" time="0.024" />
  <testcase classname="ptolemy.util.test.junit.AutoTests" name="[15] /home/travis/build/icyphy/ptII/ptolemy/domains/de/test/auto/DEinDEwithStartTimes.xml (RunModel)" time="0.017" />
  <testcase classname="ptolemy.util.test.junit.AutoTests" name="[16] /home/travis/build/icyphy/ptII/ptolemy/domains/de/test/auto/DEinDEwithStartTimes2.xml (RunModel)" time="0.02" />
  <testcase classname="ptolemy.util.test.junit.AutoTests" name="[17] /home/travis/build/icyphy/ptII/ptolemy/domains/de/test/auto/DateDemo.xml (RunModel)" time="0.04" />
  <testcase classname="ptolemy.util.test.junit.AutoTests" name="[18] /home/travis/build/icyphy/ptII/ptolemy/domains/de/test/auto/DateToEvent.xml (RunModel)" time="2.047" />
  <testcase classname="ptolemy.util.test.junit.AutoTests" name="[19] /home/travis/build/icyphy/ptII/ptolemy/domains/de/test/auto/DepthTest1.xml (RunModel)" time="0.01" />
  <testcase classname="ptolemy.util.test.junit.AutoTests" name="[20] /home/travis/build/icyphy/ptII/ptolemy/domains/de/test/auto/DepthTest2.xml (RunModel)" time="0.039" />
  <testcase classname="ptolemy.util.test.junit.AutoTests" name="[21] /home/travis/build/icyphy/ptII/ptolemy/domains/de/test/auto/DepthTest3.xml (RunModel)" time="0.019" />
  <testcase classname="ptolemy.util.test.junit.AutoTests" name="[22] /home/travis/build/icyphy/ptII/ptolemy/domains/de/test/auto/DepthTest4.xml (RunModel)" time="0.024" />
  <testcase classname="ptolemy.util.test.junit.AutoTests" name="[23] /home/travis/build/icyphy/ptII/ptolemy/domains/de/test/auto/DepthTest5.xml (RunModel)" time="0.021" />
  <testcase classname="ptolemy.util.test.junit.AutoTests" name="[24] /home/travis/build/icyphy/ptII/ptolemy/domains/de/test/auto/DepthTest6.xml (RunModel)" time="0.015" />
  <testcase classname="ptolemy.util.test.junit.AutoTests" name="[25] /home/travis/build/icyphy/ptII/ptolemy/domains/de/test/auto/DepthTest7.xml (RunModel)" time="0.022" />
  <testcase classname="ptolemy.util.test.junit.AutoTests" name="[26] /home/travis/build/icyphy/ptII/ptolemy/domains/de/test/auto/EventToDate.xml (RunModel)" time="3.047" />
  <testcase classname="ptolemy.util.test.junit.AutoTests" name="[27] /home/travis/build/icyphy/ptII/ptolemy/domains/de/test/auto/FSM1.xml (RunModel)" time="0.044" />
  <testcase classname="ptolemy.util.test.junit.AutoTests" name="[28] /home/travis/build/icyphy/ptII/ptolemy/domains/de/test/auto/FSM7.xml (RunModel)" time="0.057" />
  <testcase classname="ptolemy.util.test.junit.AutoTests" name="[29] /home/travis/build/icyphy/ptII/ptolemy/domains/de/test/auto/Inspection.xml (RunModel)" time="0.058" />
  <testcase classname="ptolemy.util.test.junit.AutoTests" name="[30] /home/travis/build/icyphy/ptII/ptolemy/domains/de/test/auto/Iteration.xml (RunModel)" time="0.03" />
  <testcase classname="ptolemy.util.test.junit.AutoTests" name="[31] /home/travis/build/icyphy/ptII/ptolemy/domains/de/test/auto/LineFault.xml (RunModel)" time="0.669" />
  <testcase classname="ptolemy.util.test.junit.AutoTests" name="[32] /home/travis/build/icyphy/ptII/ptolemy/domains/de/test/auto/MergeModel1Add.xml (RunModel)" time="0.058" />
  <testcase classname="ptolemy.util.test.junit.AutoTests" name="[33] /home/travis/build/icyphy/ptII/ptolemy/domains/de/test/auto/MergeModel2Add.xml (RunModel)" time="0.048" />
  <testcase classname="ptolemy.util.test.junit.AutoTests" name="[34] /home/travis/build/icyphy/ptII/ptolemy/domains/de/test/auto/MergeModel3Add.xml (RunModel)" time="0.055" />
  <testcase classname="ptolemy.util.test.junit.AutoTests" name="[35] /home/travis/build/icyphy/ptII/ptolemy/domains/de/test/auto/MergeWithoutDiscard.xml (RunModel)" time="0.02" />
  <testcase classname="ptolemy.util.test.junit.AutoTests" name="[36] /home/travis/build/icyphy/ptII/ptolemy/domains/de/test/auto/Modal1.xml (RunModel)" time="0.033" />
  <testcase classname="ptolemy.util.test.junit.AutoTests" name="[37] /home/travis/build/icyphy/ptII/ptolemy/domains/de/test/auto/Modal2.xml (RunModel)" time="0.038" />
  <testcase classname="ptolemy.util.test.junit.AutoTests" name="[38] /home/travis/build/icyphy/ptII/ptolemy/domains/de/test/auto/Modal3.xml (RunModel)" time="0.034" />
  <testcase classname="ptolemy.util.test.junit.AutoTests" name="[39] /home/travis/build/icyphy/ptII/ptolemy/domains/de/test/auto/Modal4.xml (RunModel)" time="0.038" />
  <testcase classname="ptolemy.util.test.junit.AutoTests" name="[40] /home/travis/build/icyphy/ptII/ptolemy/domains/de/test/auto/Modal5.xml (RunModel)" time="0.04" />
  <testcase classname="ptolemy.util.test.junit.AutoTests" name="[41] /home/travis/build/icyphy/ptII/ptolemy/domains/de/test/auto/Modal6.xml (RunModel)" time="0.031" />
  <testcase classname="ptolemy.util.test.junit.AutoTests" name="[42] /home/travis/build/icyphy/ptII/ptolemy/domains/de/test/auto/Modal7.xml (RunModel)" time="0.032" />
  <testcase classname="ptolemy.util.test.junit.AutoTests" name="[43] /home/travis/build/icyphy/ptII/ptolemy/domains/de/test/auto/ModalModel.xml (RunModel)" time="0.187" />
  <testcase classname="ptolemy.util.test.junit.AutoTests" name="[44] /home/travis/build/icyphy/ptII/ptolemy/domains/de/test/auto/ModalSource.xml (RunModel)" time="0.023" />
  <testcase classname="ptolemy.util.test.junit.AutoTests" name="[45] /home/travis/build/icyphy/ptII/ptolemy/domains/de/test/auto/NonInterruptibleTimerZeroDelay.xml (RunModel)" time="0.012" />
  <testcase classname="ptolemy.util.test.junit.AutoTests" name="[46] /home/travis/build/icyphy/ptII/ptolemy/domains/de/test/auto/OpenQueueingNetwork.xml (RunModel)" time="2.527" />
  <testcase classname="ptolemy.util.test.junit.AutoTests" name="[47] /home/travis/build/icyphy/ptII/ptolemy/domains/de/test/auto/OpenQueuingNetwork.xml (RunModel)" time="0.292" />
  <testcase classname="ptolemy.util.test.junit.AutoTests" name="[48] /home/travis/build/icyphy/ptII/ptolemy/domains/de/test/auto/PeriodicSampler.xml (RunModel)" time="0.014" />
  <testcase classname="ptolemy.util.test.junit.AutoTests" name="[49] /home/travis/build/icyphy/ptII/ptolemy/domains/de/test/auto/PersistentIO.xml (RunModel)" time="0.025" />
  <testcase classname="ptolemy.util.test.junit.AutoTests" name="[50] /home/travis/build/icyphy/ptII/ptolemy/domains/de/test/auto/PortParameterResetOnInitialize.xml (RunModel)" time="0.012" />
  <testcase classname="ptolemy.util.test.junit.AutoTests" name="[51] /home/travis/build/icyphy/ptII/ptolemy/domains/de/test/auto/PortParameterUpdates.xml (RunModel)" time="0.02" />
  <testcase classname="ptolemy.util.test.junit.AutoTests" name="[52] /home/travis/build/icyphy/ptII/ptolemy/domains/de/test/auto/QueueAndServer.xml (RunModel)" time="0.023" />
  <testcase classname="ptolemy.util.test.junit.AutoTests" name="[53] /home/travis/build/icyphy/ptII/ptolemy/domains/de/test/auto/Records.xml (RunModel)" time="0.016" />
  <testcase classname="ptolemy.util.test.junit.AutoTests" name="[54] /home/travis/build/icyphy/ptII/ptolemy/domains/de/test/auto/ResetTransitionWithStartTime1.xml (RunModel)" time="0.02" />
  <testcase classname="ptolemy.util.test.junit.AutoTests" name="[55] /home/travis/build/icyphy/ptII/ptolemy/domains/de/test/auto/ResetTransitionWithStartTime2.xml (RunModel)" time="0.022" />
  <testcase classname="ptolemy.util.test.junit.AutoTests" name="[56] /home/travis/build/icyphy/ptII/ptolemy/domains/de/test/auto/ResetTransitionWithStartTime3.xml (RunModel)" time="0.022" />
  <testcase classname="ptolemy.util.test.junit.AutoTests" name="[57] /home/travis/build/icyphy/ptII/ptolemy/domains/de/test/auto/ResetTransitionWithStartTime4.xml (RunModel)" time="0.024" />
  <testcase classname="ptolemy.util.test.junit.AutoTests" name="[58] /home/travis/build/icyphy/ptII/ptolemy/domains/de/test/auto/ResettableTimer1.xml (RunModel)" time="0.017" />
  <testcase classname="ptolemy.util.test.junit.AutoTests" name="[59] /home/travis/build/icyphy/ptII/ptolemy/domains/de/test/auto/ResettableTimer2.xml (RunModel)" time="0.013" />
  <testcase classname="ptolemy.util.test.junit.AutoTests" name="[60] /home/travis/build/icyphy/ptII/ptolemy/domains/de/test/auto/ResettableTimer3.xml (RunModel)" time="0.011" />
  <testcase classname="ptolemy.util.test.junit.AutoTests" name="[61] /home/travis/build/icyphy/ptII/ptolemy/domains/de/test/auto/ResettableTimer4.xml (RunModel)" time="0.015" />
  <testcase classname="ptolemy.util.test.junit.AutoTests" name="[62] /home/travis/build/icyphy/ptII/ptolemy/domains/de/test/auto/ResettableTimer5.xml (RunModel)" time="0.012" />
  <testcase classname="ptolemy.util.test.junit.AutoTests" name="[63] /home/travis/build/icyphy/ptII/ptolemy/domains/de/test/auto/ResettableTimer6.xml (RunModel)" time="0.024" />
  <testcase classname="ptolemy.util.test.junit.AutoTests" name="[64] /home/travis/build/icyphy/ptII/ptolemy/domains/de/test/auto/ServerZeroDelay.xml (RunModel)" time="0.016" />
  <testcase classname="ptolemy.util.test.junit.AutoTests" name="[65] /home/travis/build/icyphy/ptII/ptolemy/domains/de/test/auto/SmartSender.xml (RunModel)" time="3.012" />
  <testcase classname="ptolemy.util.test.junit.AutoTests" name="[66] /home/travis/build/icyphy/ptII/ptolemy/domains/de/test/auto/ThreadedComposite.xml (RunModel)" time="0.153" />
  <testcase classname="ptolemy.util.test.junit.AutoTests" name="[67] /home/travis/build/icyphy/ptII/ptolemy/domains/de/test/auto/Time.xml (RunModel)" time="0.448" />
  <testcase classname="ptolemy.util.test.junit.AutoTests" name="[68] /home/travis/build/icyphy/ptII/ptolemy/domains/de/test/auto/TimeDelayZeroDelay.xml (RunModel)" time="0.019" />
  <testcase classname="ptolemy.util.test.junit.AutoTests" name="[69] /home/travis/build/icyphy/ptII/ptolemy/domains/de/test/auto/TimerZeroDelay.xml (RunModel)" time="0.013" />
  <testcase classname="ptolemy.util.test.junit.AutoTests" name="[70] /home/travis/build/icyphy/ptII/ptolemy/domains/de/test/auto/TimingParadox.xml (RunModel)" time="0.367" />
  <testcase classname="ptolemy.util.test.junit.AutoTests" name="[71] /home/travis/build/icyphy/ptII/ptolemy/domains/de/test/auto/TransferInputs.xml (RunModel)" time="0.011" />
  <testcase classname="ptolemy.util.test.junit.AutoTests" name="[72] /home/travis/build/icyphy/ptII/ptolemy/domains/de/test/auto/TransferOutputs2.xml (RunModel)" time="0.04" />
  <testcase classname="ptolemy.util.test.junit.AutoTests" name="[73] /home/travis/build/icyphy/ptII/ptolemy/domains/de/test/auto/Trilateration.xml (RunModel)" time="14.227" />
  <testcase classname="ptolemy.util.test.junit.AutoTests" name="[74] /home/travis/build/icyphy/ptII/ptolemy/domains/de/test/auto/TwoSigmaDelta.xml (RunModel)" time="2.193" />
  <testcase classname="ptolemy.util.test.junit.AutoTests" name="[75] /home/travis/build/icyphy/ptII/ptolemy/domains/de/test/auto/VariableDelay.xml (RunModel)" time="0.013" />
  <testcase classname="ptolemy.util.test.junit.AutoTests" name="[76] /home/travis/build/icyphy/ptII/ptolemy/domains/de/test/auto/VariableDelay2.xml (RunModel)" time="0.009" />
  <testcase classname="ptolemy.util.test.junit.AutoTests" name="[77] /home/travis/build/icyphy/ptII/ptolemy/domains/de/test/auto/VariableDelayZeroDelay.xml (RunModel)" time="0.012" />
  <testcase classname="ptolemy.util.test.junit.AutoTests" name="[78] /home/travis/build/icyphy/ptII/ptolemy/domains/de/test/auto/VariableDelayZeroDelay2.xml (RunModel)" time="0.011" />
  <testcase classname="ptolemy.util.test.junit.AutoTests" name="[79] /home/travis/build/icyphy/ptII/ptolemy/domains/de/test/auto/deInCt.xml (RunModel)" time="0.019" />
  <testcase classname="ptolemy.util.test.junit.AutoTests" name="[80] /home/travis/build/icyphy/ptII/ptolemy/domains/de/test/auto/deInCt2.xml (RunModel)" time="0.023" />
  <testcase classname="ptolemy.util.test.junit.AutoTests" name="[81] /home/travis/build/icyphy/ptII/ptolemy/domains/de/test/auto/dynamicCausalityInterface1.xml (RunModel)" time="0.021" />
  <testcase classname="ptolemy.util.test.junit.AutoTests" name="[82] /home/travis/build/icyphy/ptII/ptolemy/domains/de/test/auto/fsm_de_test.xml (RunModel)" time="0.039" />
  <testcase classname="ptolemy.util.test.junit.AutoTests" name="[83] /home/travis/build/icyphy/ptII/ptolemy/domains/de/test/auto/functionDependencyReconstruction.xml (RunModel)" time="0.034" />
  <testcase classname="ptolemy.util.test.junit.AutoTests" name="[84] /home/travis/build/icyphy/ptII/ptolemy/domains/de/test/auto/multirate.xml (RunModel)" time="0.046" />
  <testcase classname="ptolemy.util.test.junit.AutoTests" name="[85] /home/travis/build/icyphy/ptII/ptolemy/domains/de/test/auto/multirate2.xml (RunModel)" time="0.029" />
  <testcase classname="ptolemy.util.test.junit.AutoTests" name="[86] /home/travis/build/icyphy/ptII/ptolemy/domains/de/test/auto/realtime.xml (RunModel)" time="10.013" />
  <testcase classname="ptolemy.util.test.junit.AutoTests" name="[87] /home/travis/build/icyphy/ptII/ptolemy/domains/de/test/auto/relationGroup.xml (RunModel)" time="0.02" />
  <testcase classname="ptolemy.util.test.junit.AutoTests" name="[88] /home/travis/build/icyphy/ptII/ptolemy/domains/de/test/auto/relationGroup2.xml (RunModel)" time="0.022" />
  <testcase classname="ptolemy.util.test.junit.AutoTests" name="[89] /home/travis/build/icyphy/ptII/ptolemy/domains/de/test/auto/sortWithOpaquePorts.xml (RunModel)" time="0.016" />
  <testcase classname="ptolemy.util.test.junit.AutoTests" name="[90] /home/travis/build/icyphy/ptII/ptolemy/domains/de/test/auto/transferInputsandOutputs.xml (RunModel)" time="0.015" />
  <testcase classname="ptolemy.util.test.junit.AutoTests" name="[91] /home/travis/build/icyphy/ptII/ptolemy/domains/de/test/auto/triggerType.xml (RunModel)" time="0.007" />
  <system-out><![CDATA[/home/travis/build/icyphy/ptII/ptolemy/domains/de/test/DependencyLoop.tcl
testDefs.tcl: setting time out to 9000 seconds at Mon Oct 07 05:52:57 UTC 2019
83 ms. Memory: 120832K Free: 72134K (60%)
30 ms. Memory: 120832K Free: 54719K (45%)
/home/travis/build/icyphy/ptII/ptolemy/domains/de/test/RunDETestsAsQSS.tcl
Run the DE tests using ptolemy.domains.qss.test.QSSDirectorTest, which extends QSSDirector and prints a message in the constructors.
------------------ testing $PTII/ptolemy/domains/de/test/auto/knownFailedTests/DirectFeedback.xml (Known Failure) 
57 ms. Memory: 120832K Free: 48582K (40%)


==== $PTIIhome/travis/build/icyphy/ptII/ptolemy/domains/de/test/../../../../: Auto Automatic test in file $PTII/ptolemy/domains/de/test/auto/knownFailedTests/DirectFeedback.xml
==== Contents of test case:

	    # FIXME: we should use $relativeFilename here, but it
	    # might have backslashes under Windows, which causes no end
	    # of trouble.
	    createAndExecute $file
	    list {}
	
.... Test generated KNOWN error:
    while executing
ptolemy.kernel.util.IllegalActionException: Test fails in iteration 1.
Value was: 1.0. Should have been: 2.0
  in .DirectFeedback.Test
	at ptolemy.actor.lib.Test.fire(Test.java:268)
	at ptolemy.domains.de.kernel.DEDirector._fire(DEDirector.java:1949)
	at ptolemy.domains.de.kernel.DEDirector.fire(DEDirector.java:502)
	at ptolemy.actor.CompositeActor.fire(CompositeActor.java:455)
	at ptolemy.actor.Manager.iterate(Manager.java:851)
	at ptolemy.actor.Manager.execute(Manager.java:369)
	at ptolemy.actor.Manager.run(Manager.java:1263)
	at ptolemy.actor.Manager$PtolemyRunThread.run(Manager.java:1933)

    while executing
ptolemy.kernel.util.IllegalActionException: Test fails in iteration 1.
Value was: 1.0. Should have been: 2.0
  in .DirectFeedback.Test
    while executing
"java::new ptolemy.moml.MoMLSimpleApplication $file
"
    (procedure "createAndExecute" line 2)
    invoked from within
"createAndExecute $file"
    ("uplevel" body line 5)
    invoked from within
"uplevel $contents_of_test"
------------------ testing $PTII/ptolemy/domains/de/test/auto/knownFailedTests/dependencyLoop.xml (Known Failure) 
42 ms. Memory: 120832K Free: 108055K (89%)


==== $PTIIhome/travis/build/icyphy/ptII/ptolemy/domains/de/test/../../../../: Auto Automatic test in file $PTII/ptolemy/domains/de/test/auto/knownFailedTests/dependencyLoop.xml
==== Contents of test case:

	    # FIXME: we should use $relativeFilename here, but it
	    # might have backslashes under Windows, which causes no end
	    # of trouble.
	    createAndExecute $file
	    list {}
	
.... Test generated KNOWN error:
    while executing
ptolemy.kernel.util.IllegalActionException: Found a zero delay loop containing .dependencyLoop.original
  in .dependencyLoop and .dependencyLoop.original
	at ptolemy.actor.util.CausalityInterfaceForComposites._computeOutputPortDepth(CausalityInterfaceForComposites.java:759)
	at ptolemy.actor.util.CausalityInterfaceForComposites._computeInputDepth(CausalityInterfaceForComposites.java:696)
	at ptolemy.actor.util.CausalityInterfaceForComposites._computeOutputPortDepth(CausalityInterfaceForComposites.java:765)
	at ptolemy.actor.util.CausalityInterfaceForComposites._computeInputDepth(CausalityInterfaceForComposites.java:696)
	at ptolemy.actor.util.CausalityInterfaceForComposites._computeOutputPortDepth(CausalityInterfaceForComposites.java:765)
	at ptolemy.actor.util.CausalityInterfaceForComposites._computeInputDepth(CausalityInterfaceForComposites.java:696)
	at ptolemy.actor.util.CausalityInterfaceForComposites._computeActorDepth(CausalityInterfaceForComposites.java:532)
	at ptolemy.actor.util.CausalityInterfaceForComposites.checkForCycles(CausalityInterfaceForComposites.java:96)
	at ptolemy.domains.de.kernel.DEDirector.preinitialize(DEDirector.java:1338)
	at ptolemy.actor.CompositeActor.preinitialize(CompositeActor.java:1828)
	at ptolemy.actor.Manager.preinitializeAndResolveTypes(Manager.java:1040)
	at ptolemy.actor.Manager.initialize(Manager.java:710)
	at ptolemy.actor.Manager.execute(Manager.java:356)
	at ptolemy.actor.Manager.run(Manager.java:1263)
	at ptolemy.actor.Manager$PtolemyRunThread.run(Manager.java:1933)

    while executing
ptolemy.kernel.util.IllegalActionException: Found a zero delay loop containing .dependencyLoop.original
  in .dependencyLoop and .dependencyLoop.original
    while executing
"java::new ptolemy.moml.MoMLSimpleApplication $file
"
    (procedure "createAndExecute" line 2)
    invoked from within
"createAndExecute $file"
    ("uplevel" body line 5)
    invoked from within
"uplevel $contents_of_test"
------------------ testing $PTII/ptolemy/domains/de/test/auto/knownFailedTests/FSMSource.xml (Known Failure) 
85 ms. Memory: 120832K Free: 99172K (82%)
!!!! Auto was marked as failing, but now passes
------------------ testing $PTII/ptolemy/domains/de/test/auto/knownFailedTests/HierarchicalModel.xml (Known Failure) 
6 ms. Memory: 120832K Free: 81764K (68%)


==== $PTIIhome/travis/build/icyphy/ptII/ptolemy/domains/de/test/../../../../: Auto Automatic test in file $PTII/ptolemy/domains/de/test/auto/knownFailedTests/HierarchicalModel.xml
==== Contents of test case:

	    # FIXME: we should use $relativeFilename here, but it
	    # might have backslashes under Windows, which causes no end
	    # of trouble.
	    createAndExecute $file
	    list {}
	
.... Test generated KNOWN error:
    while executing
ptolemy.kernel.util.IllegalActionException: Found a zero delay loop containing .HierarchicalModel.A
  in .HierarchicalModel and .HierarchicalModel.A
	at ptolemy.actor.util.CausalityInterfaceForComposites._computeOutputPortDepth(CausalityInterfaceForComposites.java:759)
	at ptolemy.actor.util.CausalityInterfaceForComposites._computeInputDepth(CausalityInterfaceForComposites.java:696)
	at ptolemy.actor.util.CausalityInterfaceForComposites._computeOutputPortDepth(CausalityInterfaceForComposites.java:765)
	at ptolemy.actor.util.CausalityInterfaceForComposites._computeInputDepth(CausalityInterfaceForComposites.java:696)
	at ptolemy.actor.util.CausalityInterfaceForComposites._computeOutputPortDepth(CausalityInterfaceForComposites.java:765)
	at ptolemy.actor.util.CausalityInterfaceForComposites._computeInputDepth(CausalityInterfaceForComposites.java:696)
	at ptolemy.actor.util.CausalityInterfaceForComposites._computeActorDepth(CausalityInterfaceForComposites.java:532)
	at ptolemy.actor.util.CausalityInterfaceForComposites.checkForCycles(CausalityInterfaceForComposites.java:96)
	at ptolemy.domains.de.kernel.DEDirector.preinitialize(DEDirector.java:1338)
	at ptolemy.actor.CompositeActor.preinitialize(CompositeActor.java:1828)
	at ptolemy.actor.Manager.preinitializeAndResolveTypes(Manager.java:1040)
	at ptolemy.actor.Manager.initialize(Manager.java:710)
	at ptolemy.actor.Manager.execute(Manager.java:356)
	at ptolemy.actor.Manager.run(Manager.java:1263)
	at ptolemy.actor.Manager$PtolemyRunThread.run(Manager.java:1933)

    while executing
ptolemy.kernel.util.IllegalActionException: Found a zero delay loop containing .HierarchicalModel.A
  in .HierarchicalModel and .HierarchicalModel.A
    while executing
"java::new ptolemy.moml.MoMLSimpleApplication $file
"
    (procedure "createAndExecute" line 2)
    invoked from within
"createAndExecute $file"
    ("uplevel" body line 5)
    invoked from within
"uplevel $contents_of_test"
------------------ testing $PTII/ptolemy/domains/de/test/auto/knownFailedTests/dependencyLoop2.xml (Known Failure) 
8 ms. Memory: 120832K Free: 65831K (54%)


==== $PTIIhome/travis/build/icyphy/ptII/ptolemy/domains/de/test/../../../../: Auto Automatic test in file $PTII/ptolemy/domains/de/test/auto/knownFailedTests/dependencyLoop2.xml
==== Contents of test case:

	    # FIXME: we should use $relativeFilename here, but it
	    # might have backslashes under Windows, which causes no end
	    # of trouble.
	    createAndExecute $file
	    list {}
	
.... Test generated KNOWN error:
    while executing
ptolemy.kernel.util.IllegalActionException: Found a zero delay loop containing .dependencyLoop2.original
  in .dependencyLoop2 and .dependencyLoop2.original
	at ptolemy.actor.util.CausalityInterfaceForComposites._computeOutputPortDepth(CausalityInterfaceForComposites.java:759)
	at ptolemy.actor.util.CausalityInterfaceForComposites._computeInputDepth(CausalityInterfaceForComposites.java:696)
	at ptolemy.actor.util.CausalityInterfaceForComposites._computeOutputPortDepth(CausalityInterfaceForComposites.java:765)
	at ptolemy.actor.util.CausalityInterfaceForComposites._computeInputDepth(CausalityInterfaceForComposites.java:696)
	at ptolemy.actor.util.CausalityInterfaceForComposites._computeOutputPortDepth(CausalityInterfaceForComposites.java:765)
	at ptolemy.actor.util.CausalityInterfaceForComposites._computeInputDepth(CausalityInterfaceForComposites.java:696)
	at ptolemy.actor.util.CausalityInterfaceForComposites._computeActorDepth(CausalityInterfaceForComposites.java:532)
	at ptolemy.actor.util.CausalityInterfaceForComposites.checkForCycles(CausalityInterfaceForComposites.java:96)
	at ptolemy.domains.de.kernel.DEDirector.preinitialize(DEDirector.java:1338)
	at ptolemy.actor.CompositeActor.preinitialize(CompositeActor.java:1828)
	at ptolemy.actor.Manager.preinitializeAndResolveTypes(Manager.java:1040)
	at ptolemy.actor.Manager.initialize(Manager.java:710)
	at ptolemy.actor.Manager.execute(Manager.java:356)
	at ptolemy.actor.Manager.run(Manager.java:1263)
	at ptolemy.actor.Manager$PtolemyRunThread.run(Manager.java:1933)

    while executing
ptolemy.kernel.util.IllegalActionException: Found a zero delay loop containing .dependencyLoop2.original
  in .dependencyLoop2 and .dependencyLoop2.original
    while executing
"java::new ptolemy.moml.MoMLSimpleApplication $file
"
    (procedure "createAndExecute" line 2)
    invoked from within
"createAndExecute $file"
    ("uplevel" body line 5)
    invoked from within
"uplevel $contents_of_test"
------------------ testing $PTII/ptolemy/domains/de/test/auto/knownFailedTests/DESDFClockTest.xml (Known Failure) 
2045 ms. Memory: 120832K Free: 96008K (79%)


==== $PTIIhome/travis/build/icyphy/ptII/ptolemy/domains/de/test/../../../../: Auto Automatic test in file $PTII/ptolemy/domains/de/test/auto/knownFailedTests/DESDFClockTest.xml
==== Contents of test case:

	    # FIXME: we should use $relativeFilename here, but it
	    # might have backslashes under Windows, which causes no end
	    # of trouble.
	    createAndExecute $file
	    list {}
	
.... Test generated KNOWN error:
    while executing
ptolemy.kernel.util.IllegalActionException: Actor is not ready to fire.  Perhaps UpSample.prefire() returned false? Try debugging the actor by selecting "Listen to Actor".  Also, for SDF check moml for tokenConsumptionRate on input.
  in .DESDFClockTest.Play Bell.Copy1:SDF Director and .DESDFClockTest.Play Bell.UpSample
	at ptolemy.actor.sched.StaticSchedulingDirector.fire(StaticSchedulingDirector.java:227)
	at ptolemy.domains.sdf.kernel.SDFDirector.fire(SDFDirector.java:500)
	at ptolemy.actor.CompositeActor.fire(CompositeActor.java:455)
	at ptolemy.domains.de.kernel.DEDirector._fire(DEDirector.java:1949)
	at ptolemy.domains.de.kernel.DEDirector.fire(DEDirector.java:502)
	at ptolemy.actor.CompositeActor.fire(CompositeActor.java:455)
	at ptolemy.actor.Manager.iterate(Manager.java:851)
	at ptolemy.actor.Manager.execute(Manager.java:369)
	at ptolemy.actor.Manager.run(Manager.java:1263)
	at ptolemy.actor.Manager$PtolemyRunThread.run(Manager.java:1933)

    while executing
ptolemy.kernel.util.IllegalActionException: Actor is not ready to fire.  Perhaps UpSample.prefire() returned false? Try debugging the actor by selecting "Listen to Actor".  Also, for SDF check moml for tokenConsumptionRate on input.
  in .DESDFClockTest.Play Bell.Copy1:SDF Director and .DESDFClockTest.Play Bell.UpSample
    while executing
"java::new ptolemy.moml.MoMLSimpleApplication $file
"
    (procedure "createAndExecute" line 2)
    invoked from within
"createAndExecute $file"
    ("uplevel" body line 5)
    invoked from within
"uplevel $contents_of_test"
------------------ testing $PTII/ptolemy/domains/de/test/auto/ActorDepthCalculation_actorWithoutPorts.xml
auto.tcl: Setting watchdog for 200 seconds at Mon Oct 07 05:53:01 UTC 2019
6 ms. Memory: 120832K Free: 88330K (73%)
ptolemy.util.test.WatchDog.cancel(): canceling Mon Oct 07 05:53:01 UTC 2019
auto.tcl: Setting watchdog for 200 seconds at Mon Oct 07 05:53:01 UTC 2019
10 ms. Memory: 120832K Free: 86777K (72%)
ptolemy.util.test.WatchDog.cancel(): canceling Mon Oct 07 05:53:01 UTC 2019
------------------ testing $PTII/ptolemy/domains/de/test/auto/AssemblyLine.xml
auto.tcl: Setting watchdog for 200 seconds at Mon Oct 07 05:53:02 UTC 2019
32 ms. Memory: 48128K Free: 26019K (54%)
ptolemy.util.test.WatchDog.cancel(): canceling Mon Oct 07 05:53:02 UTC 2019
auto.tcl: Setting watchdog for 200 seconds at Mon Oct 07 05:53:02 UTC 2019
10 ms. Memory: 48128K Free: 25312K (53%)
ptolemy.util.test.WatchDog.cancel(): canceling Mon Oct 07 05:53:02 UTC 2019
------------------ testing $PTII/ptolemy/domains/de/test/auto/CQBug1.xml
auto.tcl: Setting watchdog for 200 seconds at Mon Oct 07 05:53:02 UTC 2019
11 ms. Memory: 48128K Free: 31574K (66%)
ptolemy.util.test.WatchDog.cancel(): canceling Mon Oct 07 05:53:02 UTC 2019
auto.tcl: Setting watchdog for 200 seconds at Mon Oct 07 05:53:02 UTC 2019
3 ms. Memory: 48128K Free: 31144K (65%)
ptolemy.util.test.WatchDog.cancel(): canceling Mon Oct 07 05:53:02 UTC 2019
------------------ testing $PTII/ptolemy/domains/de/test/auto/CancelFireAt.xml
auto.tcl: Setting watchdog for 200 seconds at Mon Oct 07 05:53:02 UTC 2019
4 ms. Memory: 48128K Free: 32775K (68%)
ptolemy.util.test.WatchDog.cancel(): canceling Mon Oct 07 05:53:02 UTC 2019
auto.tcl: Setting watchdog for 200 seconds at Mon Oct 07 05:53:02 UTC 2019
2 ms. Memory: 48128K Free: 32321K (67%)
ptolemy.util.test.WatchDog.cancel(): canceling Mon Oct 07 05:53:02 UTC 2019
------------------ testing $PTII/ptolemy/domains/de/test/auto/CausalityAndComposabilityAnalysis.xml
auto.tcl: Setting watchdog for 200 seconds at Mon Oct 07 05:53:02 UTC 2019
6 ms. Memory: 48128K Free: 30489K (63%)
ptolemy.util.test.WatchDog.cancel(): canceling Mon Oct 07 05:53:02 UTC 2019
auto.tcl: Setting watchdog for 200 seconds at Mon Oct 07 05:53:02 UTC 2019
9 ms. Memory: 48128K Free: 30058K (62%)
ptolemy.util.test.WatchDog.cancel(): canceling Mon Oct 07 05:53:02 UTC 2019
------------------ testing $PTII/ptolemy/domains/de/test/auto/CausalityInterface1.xml
auto.tcl: Setting watchdog for 200 seconds at Mon Oct 07 05:53:02 UTC 2019
38 ms. Memory: 48128K Free: 29425K (61%)
ptolemy.util.test.WatchDog.cancel(): canceling Mon Oct 07 05:53:03 UTC 2019
auto.tcl: Setting watchdog for 200 seconds at Mon Oct 07 05:53:03 UTC 2019
5 ms. Memory: 48128K Free: 28462K (59%)
ptolemy.util.test.WatchDog.cancel(): canceling Mon Oct 07 05:53:03 UTC 2019
------------------ testing $PTII/ptolemy/domains/de/test/auto/CausalityInterface15.xml
auto.tcl: Setting watchdog for 200 seconds at Mon Oct 07 05:53:03 UTC 2019
6 ms. Memory: 48128K Free: 29353K (61%)
ptolemy.util.test.WatchDog.cancel(): canceling Mon Oct 07 05:53:03 UTC 2019
auto.tcl: Setting watchdog for 200 seconds at Mon Oct 07 05:53:03 UTC 2019
6 ms. Memory: 48128K Free: 28405K (59%)
ptolemy.util.test.WatchDog.cancel(): canceling Mon Oct 07 05:53:03 UTC 2019
------------------ testing $PTII/ptolemy/domains/de/test/auto/CausalityInterface2.xml
auto.tcl: Setting watchdog for 200 seconds at Mon Oct 07 05:53:03 UTC 2019
8 ms. Memory: 48128K Free: 30162K (63%)
ptolemy.util.test.WatchDog.cancel(): canceling Mon Oct 07 05:53:03 UTC 2019
auto.tcl: Setting watchdog for 200 seconds at Mon Oct 07 05:53:03 UTC 2019
4 ms. Memory: 48128K Free: 29403K (61%)
ptolemy.util.test.WatchDog.cancel(): canceling Mon Oct 07 05:53:03 UTC 2019
------------------ testing $PTII/ptolemy/domains/de/test/auto/CausalityInterface3.xml
auto.tcl: Setting watchdog for 200 seconds at Mon Oct 07 05:53:03 UTC 2019
7 ms. Memory: 48128K Free: 29610K (62%)
ptolemy.util.test.WatchDog.cancel(): canceling Mon Oct 07 05:53:03 UTC 2019
auto.tcl: Setting watchdog for 200 seconds at Mon Oct 07 05:53:03 UTC 2019
4 ms. Memory: 48128K Free: 29180K (61%)
ptolemy.util.test.WatchDog.cancel(): canceling Mon Oct 07 05:53:03 UTC 2019
------------------ testing $PTII/ptolemy/domains/de/test/auto/ClockDrift.xml
auto.tcl: Setting watchdog for 200 seconds at Mon Oct 07 05:53:03 UTC 2019
107 ms. Memory: 48128K Free: 22184K (46%)
ptolemy.util.test.WatchDog.cancel(): canceling Mon Oct 07 05:53:03 UTC 2019
auto.tcl: Setting watchdog for 200 seconds at Mon Oct 07 05:53:03 UTC 2019
52 ms. Memory: 48128K Free: 19173K (40%)
ptolemy.util.test.WatchDog.cancel(): canceling Mon Oct 07 05:53:03 UTC 2019
------------------ testing $PTII/ptolemy/domains/de/test/auto/ClockDriftAndValueChange.xml
auto.tcl: Setting watchdog for 200 seconds at Mon Oct 07 05:53:03 UTC 2019
43 ms. Memory: 48128K Free: 22272K (46%)
ptolemy.util.test.WatchDog.cancel(): canceling Mon Oct 07 05:53:03 UTC 2019
auto.tcl: Setting watchdog for 200 seconds at Mon Oct 07 05:53:03 UTC 2019
22 ms. Memory: 48128K Free: 19448K (40%)
ptolemy.util.test.WatchDog.cancel(): canceling Mon Oct 07 05:53:03 UTC 2019
------------------ testing $PTII/ptolemy/domains/de/test/auto/ClockDriftChange.xml
auto.tcl: Setting watchdog for 200 seconds at Mon Oct 07 05:53:03 UTC 2019
26 ms. Memory: 48128K Free: 24327K (51%)
ptolemy.util.test.WatchDog.cancel(): canceling Mon Oct 07 05:53:03 UTC 2019
auto.tcl: Setting watchdog for 200 seconds at Mon Oct 07 05:53:03 UTC 2019
29 ms. Memory: 48128K Free: 21751K (45%)
ptolemy.util.test.WatchDog.cancel(): canceling Mon Oct 07 05:53:03 UTC 2019
------------------ testing $PTII/ptolemy/domains/de/test/auto/ComposableCausalityAnalysis.xml
auto.tcl: Setting watchdog for 200 seconds at Mon Oct 07 05:53:04 UTC 2019
2 ms. Memory: 48128K Free: 28928K (60%)
ptolemy.util.test.WatchDog.cancel(): canceling Mon Oct 07 05:53:04 UTC 2019
auto.tcl: Setting watchdog for 200 seconds at Mon Oct 07 05:53:04 UTC 2019
3 ms. Memory: 48128K Free: 27901K (58%)
ptolemy.util.test.WatchDog.cancel(): canceling Mon Oct 07 05:53:04 UTC 2019
------------------ testing $PTII/ptolemy/domains/de/test/auto/DEFixedPointLimitation.xml
auto.tcl: Setting watchdog for 200 seconds at Mon Oct 07 05:53:04 UTC 2019
2 ms. Memory: 48128K Free: 30271K (63%)
ptolemy.util.test.WatchDog.cancel(): canceling Mon Oct 07 05:53:04 UTC 2019
auto.tcl: Setting watchdog for 200 seconds at Mon Oct 07 05:53:04 UTC 2019
1 ms. Memory: 48128K Free: 29391K (61%)
ptolemy.util.test.WatchDog.cancel(): canceling Mon Oct 07 05:53:04 UTC 2019
------------------ testing $PTII/ptolemy/domains/de/test/auto/DEScheduleTest.xml
auto.tcl: Setting watchdog for 200 seconds at Mon Oct 07 05:53:04 UTC 2019
4 ms. Memory: 48128K Free: 30614K (64%)
ptolemy.util.test.WatchDog.cancel(): canceling Mon Oct 07 05:53:04 UTC 2019
auto.tcl: Setting watchdog for 200 seconds at Mon Oct 07 05:53:04 UTC 2019
4 ms. Memory: 48128K Free: 29838K (62%)
ptolemy.util.test.WatchDog.cancel(): canceling Mon Oct 07 05:53:04 UTC 2019
------------------ testing $PTII/ptolemy/domains/de/test/auto/DEinDEwithStartTimes.xml
auto.tcl: Setting watchdog for 200 seconds at Mon Oct 07 05:53:04 UTC 2019
5 ms. Memory: 45056K Free: 25692K (57%)
ptolemy.util.test.WatchDog.cancel(): canceling Mon Oct 07 05:53:04 UTC 2019
auto.tcl: Setting watchdog for 200 seconds at Mon Oct 07 05:53:04 UTC 2019
5 ms. Memory: 45056K Free: 24666K (55%)
ptolemy.util.test.WatchDog.cancel(): canceling Mon Oct 07 05:53:04 UTC 2019
------------------ testing $PTII/ptolemy/domains/de/test/auto/DEinDEwithStartTimes2.xml
auto.tcl: Setting watchdog for 200 seconds at Mon Oct 07 05:53:04 UTC 2019
5 ms. Memory: 45056K Free: 24947K (55%)
ptolemy.util.test.WatchDog.cancel(): canceling Mon Oct 07 05:53:04 UTC 2019
auto.tcl: Setting watchdog for 200 seconds at Mon Oct 07 05:53:04 UTC 2019
4 ms. Memory: 45056K Free: 23623K (52%)
ptolemy.util.test.WatchDog.cancel(): canceling Mon Oct 07 05:53:04 UTC 2019
------------------ testing $PTII/ptolemy/domains/de/test/auto/DateDemo.xml
auto.tcl: Setting watchdog for 200 seconds at Mon Oct 07 05:53:04 UTC 2019
14 ms. Memory: 45056K Free: 19276K (43%)
ptolemy.util.test.WatchDog.cancel(): canceling Mon Oct 07 05:53:04 UTC 2019
auto.tcl: Setting watchdog for 200 seconds at Mon Oct 07 05:53:04 UTC 2019
8 ms. Memory: 45056K Free: 17698K (39%)
ptolemy.util.test.WatchDog.cancel(): canceling Mon Oct 07 05:53:04 UTC 2019
------------------ testing $PTII/ptolemy/domains/de/test/auto/DateToEvent.xml
auto.tcl: Setting watchdog for 200 seconds at Mon Oct 07 05:53:04 UTC 2019
2026 ms. Memory: 45056K Free: 15188K (34%)
ptolemy.util.test.WatchDog.cancel(): canceling Mon Oct 07 05:53:06 UTC 2019
auto.tcl: Setting watchdog for 200 seconds at Mon Oct 07 05:53:06 UTC 2019
2008 ms. Memory: 45056K Free: 14478K (32%)
ptolemy.util.test.WatchDog.cancel(): canceling Mon Oct 07 05:53:08 UTC 2019
------------------ testing $PTII/ptolemy/domains/de/test/auto/DepthTest1.xml
auto.tcl: Setting watchdog for 200 seconds at Mon Oct 07 05:53:08 UTC 2019
3 ms. Memory: 45056K Free: 28450K (63%)
ptolemy.util.test.WatchDog.cancel(): canceling Mon Oct 07 05:53:08 UTC 2019
auto.tcl: Setting watchdog for 200 seconds at Mon Oct 07 05:53:08 UTC 2019
2 ms. Memory: 45056K Free: 27955K (62%)
ptolemy.util.test.WatchDog.cancel(): canceling Mon Oct 07 05:53:08 UTC 2019
------------------ testing $PTII/ptolemy/domains/de/test/auto/DepthTest2.xml
auto.tcl: Setting watchdog for 200 seconds at Mon Oct 07 05:53:08 UTC 2019
6 ms. Memory: 45056K Free: 25185K (56%)
ptolemy.util.test.WatchDog.cancel(): canceling Mon Oct 07 05:53:08 UTC 2019
auto.tcl: Setting watchdog for 200 seconds at Mon Oct 07 05:53:08 UTC 2019
3 ms. Memory: 45056K Free: 24663K (55%)
ptolemy.util.test.WatchDog.cancel(): canceling Mon Oct 07 05:53:08 UTC 2019
------------------ testing $PTII/ptolemy/domains/de/test/auto/DepthTest3.xml
auto.tcl: Setting watchdog for 200 seconds at Mon Oct 07 05:53:08 UTC 2019
3 ms. Memory: 45056K Free: 28666K (64%)
ptolemy.util.test.WatchDog.cancel(): canceling Mon Oct 07 05:53:08 UTC 2019
auto.tcl: Setting watchdog for 200 seconds at Mon Oct 07 05:53:08 UTC 2019
2 ms. Memory: 45056K Free: 28282K (63%)
ptolemy.util.test.WatchDog.cancel(): canceling Mon Oct 07 05:53:08 UTC 2019
------------------ testing $PTII/ptolemy/domains/de/test/auto/DepthTest4.xml
auto.tcl: Setting watchdog for 200 seconds at Mon Oct 07 05:53:09 UTC 2019
8 ms. Memory: 45056K Free: 27023K (60%)
ptolemy.util.test.WatchDog.cancel(): canceling Mon Oct 07 05:53:09 UTC 2019
auto.tcl: Setting watchdog for 200 seconds at Mon Oct 07 05:53:09 UTC 2019
3 ms. Memory: 45056K Free: 26288K (58%)
ptolemy.util.test.WatchDog.cancel(): canceling Mon Oct 07 05:53:09 UTC 2019
------------------ testing $PTII/ptolemy/domains/de/test/auto/DepthTest5.xml
auto.tcl: Setting watchdog for 200 seconds at Mon Oct 07 05:53:09 UTC 2019
6 ms. Memory: 45056K Free: 26424K (59%)
ptolemy.util.test.WatchDog.cancel(): canceling Mon Oct 07 05:53:09 UTC 2019
auto.tcl: Setting watchdog for 200 seconds at Mon Oct 07 05:53:09 UTC 2019
3 ms. Memory: 45056K Free: 25654K (57%)
ptolemy.util.test.WatchDog.cancel(): canceling Mon Oct 07 05:53:09 UTC 2019
------------------ testing $PTII/ptolemy/domains/de/test/auto/DepthTest6.xml
auto.tcl: Setting watchdog for 200 seconds at Mon Oct 07 05:53:09 UTC 2019
4 ms. Memory: 45056K Free: 26154K (58%)
ptolemy.util.test.WatchDog.cancel(): canceling Mon Oct 07 05:53:09 UTC 2019
auto.tcl: Setting watchdog for 200 seconds at Mon Oct 07 05:53:09 UTC 2019
2 ms. Memory: 45056K Free: 25605K (57%)
ptolemy.util.test.WatchDog.cancel(): canceling Mon Oct 07 05:53:09 UTC 2019
------------------ testing $PTII/ptolemy/domains/de/test/auto/DepthTest7.xml
auto.tcl: Setting watchdog for 200 seconds at Mon Oct 07 05:53:09 UTC 2019
3 ms. Memory: 45056K Free: 26948K (60%)
ptolemy.util.test.WatchDog.cancel(): canceling Mon Oct 07 05:53:09 UTC 2019
auto.tcl: Setting watchdog for 200 seconds at Mon Oct 07 05:53:09 UTC 2019
2 ms. Memory: 45056K Free: 26242K (58%)
ptolemy.util.test.WatchDog.cancel(): canceling Mon Oct 07 05:53:09 UTC 2019
------------------ testing $PTII/ptolemy/domains/de/test/auto/EventToDate.xml
auto.tcl: Setting watchdog for 200 seconds at Mon Oct 07 05:53:09 UTC 2019
3009 ms. Memory: 45056K Free: 17763K (39%)
ptolemy.util.test.WatchDog.cancel(): canceling Mon Oct 07 05:53:12 UTC 2019
auto.tcl: Setting watchdog for 200 seconds at Mon Oct 07 05:53:12 UTC 2019
3006 ms. Memory: 45056K Free: 17048K (38%)
ptolemy.util.test.WatchDog.cancel(): canceling Mon Oct 07 05:53:15 UTC 2019
------------------ testing $PTII/ptolemy/domains/de/test/auto/FSM1.xml
auto.tcl: Setting watchdog for 200 seconds at Mon Oct 07 05:53:15 UTC 2019
51 ms. Memory: 45056K Free: 18954K (42%)
ptolemy.util.test.WatchDog.cancel(): canceling Mon Oct 07 05:53:15 UTC 2019
auto.tcl: Setting watchdog for 200 seconds at Mon Oct 07 05:53:15 UTC 2019
26 ms. Memory: 45056K Free: 15704K (35%)
ptolemy.util.test.WatchDog.cancel(): canceling Mon Oct 07 05:53:15 UTC 2019
------------------ testing $PTII/ptolemy/domains/de/test/auto/FSM7.xml
auto.tcl: Setting watchdog for 200 seconds at Mon Oct 07 05:53:15 UTC 2019
17 ms. Memory: 45056K Free: 18662K (41%)
ptolemy.util.test.WatchDog.cancel(): canceling Mon Oct 07 05:53:15 UTC 2019
auto.tcl: Setting watchdog for 200 seconds at Mon Oct 07 05:53:15 UTC 2019
28 ms. Memory: 45056K Free: 15547K (35%)
ptolemy.util.test.WatchDog.cancel(): canceling Mon Oct 07 05:53:15 UTC 2019
------------------ testing $PTII/ptolemy/domains/de/test/auto/Inspection.xml
auto.tcl: Setting watchdog for 200 seconds at Mon Oct 07 05:53:15 UTC 2019
33 ms. Memory: 45056K Free: 18683K (41%)
ptolemy.util.test.WatchDog.cancel(): canceling Mon Oct 07 05:53:15 UTC 2019
auto.tcl: Setting watchdog for 200 seconds at Mon Oct 07 05:53:15 UTC 2019
32 ms. Memory: 45056K Free: 16945K (38%)
ptolemy.util.test.WatchDog.cancel(): canceling Mon Oct 07 05:53:15 UTC 2019
------------------ testing $PTII/ptolemy/domains/de/test/auto/Iteration.xml
auto.tcl: Setting watchdog for 200 seconds at Mon Oct 07 05:53:16 UTC 2019
8 ms. Memory: 45056K Free: 24462K (54%)
ptolemy.util.test.WatchDog.cancel(): canceling Mon Oct 07 05:53:16 UTC 2019
auto.tcl: Setting watchdog for 200 seconds at Mon Oct 07 05:53:16 UTC 2019
8 ms. Memory: 45056K Free: 23001K (51%)
ptolemy.util.test.WatchDog.cancel(): canceling Mon Oct 07 05:53:16 UTC 2019
------------------ testing $PTII/ptolemy/domains/de/test/auto/LineFault.xml
auto.tcl: Setting watchdog for 200 seconds at Mon Oct 07 05:53:16 UTC 2019
689 ms. Memory: 45056K Free: 13906K (31%)
ptolemy.util.test.WatchDog.cancel(): canceling Mon Oct 07 05:53:17 UTC 2019
auto.tcl: Setting watchdog for 200 seconds at Mon Oct 07 05:53:17 UTC 2019
681 ms. Memory: 60416K Free: 36494K (60%)
ptolemy.util.test.WatchDog.cancel(): canceling Mon Oct 07 05:53:17 UTC 2019
------------------ testing $PTII/ptolemy/domains/de/test/auto/MergeModel1Add.xml
auto.tcl: Setting watchdog for 200 seconds at Mon Oct 07 05:53:17 UTC 2019
20 ms. Memory: 51200K Free: 16544K (32%)
ptolemy.util.test.WatchDog.cancel(): canceling Mon Oct 07 05:53:17 UTC 2019
auto.tcl: Setting watchdog for 200 seconds at Mon Oct 07 05:53:17 UTC 2019
12 ms. Memory: 51200K Free: 14952K (29%)
ptolemy.util.test.WatchDog.cancel(): canceling Mon Oct 07 05:53:18 UTC 2019
------------------ testing $PTII/ptolemy/domains/de/test/auto/MergeModel2Add.xml
auto.tcl: Setting watchdog for 200 seconds at Mon Oct 07 05:53:18 UTC 2019
10 ms. Memory: 48128K Free: 15294K (32%)
ptolemy.util.test.WatchDog.cancel(): canceling Mon Oct 07 05:53:18 UTC 2019
auto.tcl: Setting watchdog for 200 seconds at Mon Oct 07 05:53:18 UTC 2019
9 ms. Memory: 48128K Free: 13584K (28%)
ptolemy.util.test.WatchDog.cancel(): canceling Mon Oct 07 05:53:18 UTC 2019
------------------ testing $PTII/ptolemy/domains/de/test/auto/MergeModel3Add.xml
auto.tcl: Setting watchdog for 200 seconds at Mon Oct 07 05:53:18 UTC 2019
11 ms. Memory: 48128K Free: 15571K (32%)
ptolemy.util.test.WatchDog.cancel(): canceling Mon Oct 07 05:53:18 UTC 2019
auto.tcl: Setting watchdog for 200 seconds at Mon Oct 07 05:53:18 UTC 2019
11 ms. Memory: 48128K Free: 13989K (29%)
ptolemy.util.test.WatchDog.cancel(): canceling Mon Oct 07 05:53:18 UTC 2019
------------------ testing $PTII/ptolemy/domains/de/test/auto/MergeWithoutDiscard.xml
auto.tcl: Setting watchdog for 200 seconds at Mon Oct 07 05:53:18 UTC 2019
2 ms. Memory: 48128K Free: 30098K (63%)
ptolemy.util.test.WatchDog.cancel(): canceling Mon Oct 07 05:53:18 UTC 2019
auto.tcl: Setting watchdog for 200 seconds at Mon Oct 07 05:53:18 UTC 2019
2 ms. Memory: 48128K Free: 29670K (62%)
ptolemy.util.test.WatchDog.cancel(): canceling Mon Oct 07 05:53:18 UTC 2019
------------------ testing $PTII/ptolemy/domains/de/test/auto/Modal1.xml
auto.tcl: Setting watchdog for 200 seconds at Mon Oct 07 05:53:18 UTC 2019
19 ms. Memory: 48128K Free: 22247K (46%)
ptolemy.util.test.WatchDog.cancel(): canceling Mon Oct 07 05:53:18 UTC 2019
auto.tcl: Setting watchdog for 200 seconds at Mon Oct 07 05:53:18 UTC 2019
26 ms. Memory: 48128K Free: 19019K (40%)
ptolemy.util.test.WatchDog.cancel(): canceling Mon Oct 07 05:53:18 UTC 2019
------------------ testing $PTII/ptolemy/domains/de/test/auto/Modal2.xml
auto.tcl: Setting watchdog for 200 seconds at Mon Oct 07 05:53:18 UTC 2019
11 ms. Memory: 48128K Free: 22125K (46%)
ptolemy.util.test.WatchDog.cancel(): canceling Mon Oct 07 05:53:18 UTC 2019
auto.tcl: Setting watchdog for 200 seconds at Mon Oct 07 05:53:18 UTC 2019
13 ms. Memory: 48128K Free: 18883K (39%)
ptolemy.util.test.WatchDog.cancel(): canceling Mon Oct 07 05:53:18 UTC 2019
------------------ testing $PTII/ptolemy/domains/de/test/auto/Modal3.xml
auto.tcl: Setting watchdog for 200 seconds at Mon Oct 07 05:53:18 UTC 2019
16 ms. Memory: 48128K Free: 21858K (45%)
ptolemy.util.test.WatchDog.cancel(): canceling Mon Oct 07 05:53:18 UTC 2019
auto.tcl: Setting watchdog for 200 seconds at Mon Oct 07 05:53:18 UTC 2019
17 ms. Memory: 48128K Free: 18911K (39%)
ptolemy.util.test.WatchDog.cancel(): canceling Mon Oct 07 05:53:18 UTC 2019
------------------ testing $PTII/ptolemy/domains/de/test/auto/Modal4.xml
auto.tcl: Setting watchdog for 200 seconds at Mon Oct 07 05:53:18 UTC 2019
25 ms. Memory: 48128K Free: 21096K (44%)
ptolemy.util.test.WatchDog.cancel(): canceling Mon Oct 07 05:53:18 UTC 2019
auto.tcl: Setting watchdog for 200 seconds at Mon Oct 07 05:53:18 UTC 2019
25 ms. Memory: 48128K Free: 17241K (36%)
ptolemy.util.test.WatchDog.cancel(): canceling Mon Oct 07 05:53:18 UTC 2019
------------------ testing $PTII/ptolemy/domains/de/test/auto/Modal5.xml
auto.tcl: Setting watchdog for 200 seconds at Mon Oct 07 05:53:18 UTC 2019
13 ms. Memory: 48128K Free: 21059K (44%)
ptolemy.util.test.WatchDog.cancel(): canceling Mon Oct 07 05:53:19 UTC 2019
auto.tcl: Setting watchdog for 200 seconds at Mon Oct 07 05:53:19 UTC 2019
16 ms. Memory: 48128K Free: 17228K (36%)
ptolemy.util.test.WatchDog.cancel(): canceling Mon Oct 07 05:53:19 UTC 2019
------------------ testing $PTII/ptolemy/domains/de/test/auto/Modal6.xml
auto.tcl: Setting watchdog for 200 seconds at Mon Oct 07 05:53:19 UTC 2019
19 ms. Memory: 48128K Free: 21864K (45%)
ptolemy.util.test.WatchDog.cancel(): canceling Mon Oct 07 05:53:19 UTC 2019
auto.tcl: Setting watchdog for 200 seconds at Mon Oct 07 05:53:19 UTC 2019
20 ms. Memory: 48128K Free: 17875K (37%)
ptolemy.util.test.WatchDog.cancel(): canceling Mon Oct 07 05:53:19 UTC 2019
------------------ testing $PTII/ptolemy/domains/de/test/auto/Modal7.xml
auto.tcl: Setting watchdog for 200 seconds at Mon Oct 07 05:53:19 UTC 2019
18 ms. Memory: 48128K Free: 20863K (43%)
ptolemy.util.test.WatchDog.cancel(): canceling Mon Oct 07 05:53:19 UTC 2019
auto.tcl: Setting watchdog for 200 seconds at Mon Oct 07 05:53:19 UTC 2019
12 ms. Memory: 48128K Free: 17227K (36%)
ptolemy.util.test.WatchDog.cancel(): canceling Mon Oct 07 05:53:19 UTC 2019
------------------ testing $PTII/ptolemy/domains/de/test/auto/ModalModel.xml
auto.tcl: Setting watchdog for 200 seconds at Mon Oct 07 05:53:19 UTC 2019
229 ms. Memory: 58368K Free: 41466K (71%)
ptolemy.util.test.WatchDog.cancel(): canceling Mon Oct 07 05:53:19 UTC 2019
auto.tcl: Setting watchdog for 200 seconds at Mon Oct 07 05:53:19 UTC 2019
201 ms. Memory: 58368K Free: 36333K (62%)
ptolemy.util.test.WatchDog.cancel(): canceling Mon Oct 07 05:53:19 UTC 2019
------------------ testing $PTII/ptolemy/domains/de/test/auto/ModalSource.xml
auto.tcl: Setting watchdog for 200 seconds at Mon Oct 07 05:53:19 UTC 2019
9 ms. Memory: 51200K Free: 28982K (57%)
ptolemy.util.test.WatchDog.cancel(): canceling Mon Oct 07 05:53:19 UTC 2019
auto.tcl: Setting watchdog for 200 seconds at Mon Oct 07 05:53:19 UTC 2019
7 ms. Memory: 51200K Free: 26926K (53%)
ptolemy.util.test.WatchDog.cancel(): canceling Mon Oct 07 05:53:19 UTC 2019
------------------ testing $PTII/ptolemy/domains/de/test/auto/NonInterruptibleTimerZeroDelay.xml
auto.tcl: Setting watchdog for 200 seconds at Mon Oct 07 05:53:19 UTC 2019
4 ms. Memory: 48128K Free: 30845K (64%)
ptolemy.util.test.WatchDog.cancel(): canceling Mon Oct 07 05:53:20 UTC 2019
auto.tcl: Setting watchdog for 200 seconds at Mon Oct 07 05:53:20 UTC 2019
3 ms. Memory: 48128K Free: 30151K (63%)
ptolemy.util.test.WatchDog.cancel(): canceling Mon Oct 07 05:53:20 UTC 2019
------------------ testing $PTII/ptolemy/domains/de/test/auto/OpenQueueingNetwork.xml
auto.tcl: Setting watchdog for 200 seconds at Mon Oct 07 05:53:20 UTC 2019
2984 ms. Memory: 101376K Free: 40110K (40%)
ptolemy.util.test.WatchDog.cancel(): canceling Mon Oct 07 05:53:23 UTC 2019
auto.tcl: Setting watchdog for 200 seconds at Mon Oct 07 05:53:23 UTC 2019
2713 ms. Memory: 126976K Free: 92386K (73%)
ptolemy.util.test.WatchDog.cancel(): canceling Mon Oct 07 05:53:25 UTC 2019
------------------ testing $PTII/ptolemy/domains/de/test/auto/OpenQueuingNetwork.xml
auto.tcl: Setting watchdog for 200 seconds at Mon Oct 07 05:53:25 UTC 2019
253 ms. Memory: 61440K Free: 28496K (46%)
ptolemy.util.test.WatchDog.cancel(): canceling Mon Oct 07 05:53:26 UTC 2019
auto.tcl: Setting watchdog for 200 seconds at Mon Oct 07 05:53:26 UTC 2019
231 ms. Memory: 61440K Free: 12501K (20%)
ptolemy.util.test.WatchDog.cancel(): canceling Mon Oct 07 05:53:26 UTC 2019
------------------ testing $PTII/ptolemy/domains/de/test/auto/PeriodicSampler.xml
auto.tcl: Setting watchdog for 200 seconds at Mon Oct 07 05:53:26 UTC 2019
3 ms. Memory: 48128K Free: 30036K (62%)
ptolemy.util.test.WatchDog.cancel(): canceling Mon Oct 07 05:53:26 UTC 2019
auto.tcl: Setting watchdog for 200 seconds at Mon Oct 07 05:53:26 UTC 2019
3 ms. Memory: 48128K Free: 29105K (60%)
ptolemy.util.test.WatchDog.cancel(): canceling Mon Oct 07 05:53:26 UTC 2019
------------------ testing $PTII/ptolemy/domains/de/test/auto/PersistentIO.xml
auto.tcl: Setting watchdog for 200 seconds at Mon Oct 07 05:53:26 UTC 2019
17 ms. Memory: 48128K Free: 24944K (52%)
ptolemy.util.test.WatchDog.cancel(): canceling Mon Oct 07 05:53:26 UTC 2019
auto.tcl: Setting watchdog for 200 seconds at Mon Oct 07 05:53:26 UTC 2019
4 ms. Memory: 48128K Free: 23487K (49%)
ptolemy.util.test.WatchDog.cancel(): canceling Mon Oct 07 05:53:26 UTC 2019
------------------ testing $PTII/ptolemy/domains/de/test/auto/PortParameterResetOnInitialize.xml
auto.tcl: Setting watchdog for 200 seconds at Mon Oct 07 05:53:26 UTC 2019
3 ms. Memory: 48128K Free: 29933K (62%)
ptolemy.util.test.WatchDog.cancel(): canceling Mon Oct 07 05:53:26 UTC 2019
auto.tcl: Setting watchdog for 200 seconds at Mon Oct 07 05:53:26 UTC 2019
3 ms. Memory: 48128K Free: 29464K (61%)
ptolemy.util.test.WatchDog.cancel(): canceling Mon Oct 07 05:53:26 UTC 2019
------------------ testing $PTII/ptolemy/domains/de/test/auto/PortParameterUpdates.xml
auto.tcl: Setting watchdog for 200 seconds at Mon Oct 07 05:53:26 UTC 2019
4 ms. Memory: 48128K Free: 28264K (59%)
ptolemy.util.test.WatchDog.cancel(): canceling Mon Oct 07 05:53:26 UTC 2019
auto.tcl: Setting watchdog for 200 seconds at Mon Oct 07 05:53:26 UTC 2019
4 ms. Memory: 48128K Free: 27036K (56%)
ptolemy.util.test.WatchDog.cancel(): canceling Mon Oct 07 05:53:26 UTC 2019
------------------ testing $PTII/ptolemy/domains/de/test/auto/QueueAndServer.xml
auto.tcl: Setting watchdog for 200 seconds at Mon Oct 07 05:53:27 UTC 2019
17 ms. Memory: 48128K Free: 26982K (56%)
ptolemy.util.test.WatchDog.cancel(): canceling Mon Oct 07 05:53:27 UTC 2019
auto.tcl: Setting watchdog for 200 seconds at Mon Oct 07 05:53:27 UTC 2019
10 ms. Memory: 48128K Free: 25509K (53%)
ptolemy.util.test.WatchDog.cancel(): canceling Mon Oct 07 05:53:27 UTC 2019
------------------ testing $PTII/ptolemy/domains/de/test/auto/Records.xml
auto.tcl: Setting watchdog for 200 seconds at Mon Oct 07 05:53:27 UTC 2019
3 ms. Memory: 48128K Free: 29489K (61%)
ptolemy.util.test.WatchDog.cancel(): canceling Mon Oct 07 05:53:27 UTC 2019
auto.tcl: Setting watchdog for 200 seconds at Mon Oct 07 05:53:27 UTC 2019
3 ms. Memory: 48128K Free: 28998K (60%)
ptolemy.util.test.WatchDog.cancel(): canceling Mon Oct 07 05:53:27 UTC 2019
------------------ testing $PTII/ptolemy/domains/de/test/auto/ResetTransitionWithStartTime1.xml
auto.tcl: Setting watchdog for 200 seconds at Mon Oct 07 05:53:27 UTC 2019
14 ms. Memory: 48128K Free: 26445K (55%)
ptolemy.util.test.WatchDog.cancel(): canceling Mon Oct 07 05:53:27 UTC 2019
auto.tcl: Setting watchdog for 200 seconds at Mon Oct 07 05:53:27 UTC 2019
10 ms. Memory: 48128K Free: 23930K (50%)
ptolemy.util.test.WatchDog.cancel(): canceling Mon Oct 07 05:53:27 UTC 2019
------------------ testing $PTII/ptolemy/domains/de/test/auto/ResetTransitionWithStartTime2.xml
auto.tcl: Setting watchdog for 200 seconds at Mon Oct 07 05:53:27 UTC 2019
7 ms. Memory: 48128K Free: 26400K (55%)
ptolemy.util.test.WatchDog.cancel(): canceling Mon Oct 07 05:53:27 UTC 2019
auto.tcl: Setting watchdog for 200 seconds at Mon Oct 07 05:53:27 UTC 2019
6 ms. Memory: 48128K Free: 23886K (50%)
ptolemy.util.test.WatchDog.cancel(): canceling Mon Oct 07 05:53:27 UTC 2019
------------------ testing $PTII/ptolemy/domains/de/test/auto/ResetTransitionWithStartTime3.xml
auto.tcl: Setting watchdog for 200 seconds at Mon Oct 07 05:53:27 UTC 2019
12 ms. Memory: 48128K Free: 26399K (55%)
ptolemy.util.test.WatchDog.cancel(): canceling Mon Oct 07 05:53:27 UTC 2019
auto.tcl: Setting watchdog for 200 seconds at Mon Oct 07 05:53:27 UTC 2019
7 ms. Memory: 48128K Free: 24349K (51%)
ptolemy.util.test.WatchDog.cancel(): canceling Mon Oct 07 05:53:27 UTC 2019
------------------ testing $PTII/ptolemy/domains/de/test/auto/ResetTransitionWithStartTime4.xml
auto.tcl: Setting watchdog for 200 seconds at Mon Oct 07 05:53:27 UTC 2019
14 ms. Memory: 48128K Free: 26867K (56%)
ptolemy.util.test.WatchDog.cancel(): canceling Mon Oct 07 05:53:27 UTC 2019
auto.tcl: Setting watchdog for 200 seconds at Mon Oct 07 05:53:27 UTC 2019
5 ms. Memory: 48128K Free: 25429K (53%)
ptolemy.util.test.WatchDog.cancel(): canceling Mon Oct 07 05:53:27 UTC 2019
------------------ testing $PTII/ptolemy/domains/de/test/auto/ResettableTimer1.xml
auto.tcl: Setting watchdog for 200 seconds at Mon Oct 07 05:53:27 UTC 2019
16 ms. Memory: 48128K Free: 30476K (63%)
ptolemy.util.test.WatchDog.cancel(): canceling Mon Oct 07 05:53:27 UTC 2019
auto.tcl: Setting watchdog for 200 seconds at Mon Oct 07 05:53:27 UTC 2019
4 ms. Memory: 48128K Free: 29515K (61%)
ptolemy.util.test.WatchDog.cancel(): canceling Mon Oct 07 05:53:27 UTC 2019
------------------ testing $PTII/ptolemy/domains/de/test/auto/ResettableTimer2.xml
auto.tcl: Setting watchdog for 200 seconds at Mon Oct 07 05:53:27 UTC 2019
3 ms. Memory: 48128K Free: 30533K (63%)
ptolemy.util.test.WatchDog.cancel(): canceling Mon Oct 07 05:53:27 UTC 2019
auto.tcl: Setting watchdog for 200 seconds at Mon Oct 07 05:53:27 UTC 2019
3 ms. Memory: 48128K Free: 29548K (61%)
ptolemy.util.test.WatchDog.cancel(): canceling Mon Oct 07 05:53:27 UTC 2019
------------------ testing $PTII/ptolemy/domains/de/test/auto/ResettableTimer3.xml
auto.tcl: Setting watchdog for 200 seconds at Mon Oct 07 05:53:27 UTC 2019
1 ms. Memory: 48128K Free: 30548K (63%)
ptolemy.util.test.WatchDog.cancel(): canceling Mon Oct 07 05:53:27 UTC 2019
auto.tcl: Setting watchdog for 200 seconds at Mon Oct 07 05:53:27 UTC 2019
1 ms. Memory: 48128K Free: 30066K (62%)
ptolemy.util.test.WatchDog.cancel(): canceling Mon Oct 07 05:53:27 UTC 2019
------------------ testing $PTII/ptolemy/domains/de/test/auto/ResettableTimer4.xml
auto.tcl: Setting watchdog for 200 seconds at Mon Oct 07 05:53:27 UTC 2019
2 ms. Memory: 48128K Free: 30593K (64%)
ptolemy.util.test.WatchDog.cancel(): canceling Mon Oct 07 05:53:27 UTC 2019
auto.tcl: Setting watchdog for 200 seconds at Mon Oct 07 05:53:27 UTC 2019
1 ms. Memory: 48128K Free: 30095K (63%)
ptolemy.util.test.WatchDog.cancel(): canceling Mon Oct 07 05:53:27 UTC 2019
------------------ testing $PTII/ptolemy/domains/de/test/auto/ResettableTimer5.xml
auto.tcl: Setting watchdog for 200 seconds at Mon Oct 07 05:53:27 UTC 2019
2 ms. Memory: 48128K Free: 30029K (62%)
ptolemy.util.test.WatchDog.cancel(): canceling Mon Oct 07 05:53:27 UTC 2019
auto.tcl: Setting watchdog for 200 seconds at Mon Oct 07 05:53:27 UTC 2019
1 ms. Memory: 48128K Free: 29548K (61%)
ptolemy.util.test.WatchDog.cancel(): canceling Mon Oct 07 05:53:27 UTC 2019
------------------ testing $PTII/ptolemy/domains/de/test/auto/ResettableTimer6.xml
auto.tcl: Setting watchdog for 200 seconds at Mon Oct 07 05:53:28 UTC 2019
2 ms. Memory: 48128K Free: 30005K (62%)
ptolemy.util.test.WatchDog.cancel(): canceling Mon Oct 07 05:53:28 UTC 2019
auto.tcl: Setting watchdog for 200 seconds at Mon Oct 07 05:53:28 UTC 2019
2 ms. Memory: 48128K Free: 29541K (61%)
ptolemy.util.test.WatchDog.cancel(): canceling Mon Oct 07 05:53:28 UTC 2019
------------------ testing $PTII/ptolemy/domains/de/test/auto/ServerZeroDelay.xml
auto.tcl: Setting watchdog for 200 seconds at Mon Oct 07 05:53:28 UTC 2019
4 ms. Memory: 48128K Free: 30524K (63%)
ptolemy.util.test.WatchDog.cancel(): canceling Mon Oct 07 05:53:28 UTC 2019
auto.tcl: Setting watchdog for 200 seconds at Mon Oct 07 05:53:28 UTC 2019
2 ms. Memory: 48128K Free: 29579K (61%)
ptolemy.util.test.WatchDog.cancel(): canceling Mon Oct 07 05:53:28 UTC 2019
------------------ testing $PTII/ptolemy/domains/de/test/auto/SmartSender.xml
auto.tcl: Setting watchdog for 200 seconds at Mon Oct 07 05:53:28 UTC 2019
3001 ms. Memory: 48128K Free: 30534K (63%)
ptolemy.util.test.WatchDog.cancel(): canceling Mon Oct 07 05:53:31 UTC 2019
auto.tcl: Setting watchdog for 200 seconds at Mon Oct 07 05:53:31 UTC 2019
3003 ms. Memory: 48128K Free: 30030K (62%)
ptolemy.util.test.WatchDog.cancel(): canceling Mon Oct 07 05:53:34 UTC 2019
------------------ testing $PTII/ptolemy/domains/de/test/auto/ThreadedComposite.xml
auto.tcl: Setting watchdog for 200 seconds at Mon Oct 07 05:53:34 UTC 2019
299 ms. Memory: 48128K Free: 11077K (23%)
ptolemy.util.test.WatchDog.cancel(): canceling Mon Oct 07 05:53:34 UTC 2019
auto.tcl: Setting watchdog for 200 seconds at Mon Oct 07 05:53:34 UTC 2019
229 ms. Memory: 48128K Free: 24672K (51%)
ptolemy.util.test.WatchDog.cancel(): canceling Mon Oct 07 05:53:34 UTC 2019
------------------ testing $PTII/ptolemy/domains/de/test/auto/Time.xml
auto.tcl: Setting watchdog for 200 seconds at Mon Oct 07 05:53:34 UTC 2019
562 ms. Memory: 48128K Free: 33338K (69%)
ptolemy.util.test.WatchDog.cancel(): canceling Mon Oct 07 05:53:35 UTC 2019
auto.tcl: Setting watchdog for 200 seconds at Mon Oct 07 05:53:35 UTC 2019
496 ms. Memory: 48128K Free: 8898K (18%)
ptolemy.util.test.WatchDog.cancel(): canceling Mon Oct 07 05:53:35 UTC 2019
------------------ testing $PTII/ptolemy/domains/de/test/auto/TimeDelayZeroDelay.xml
auto.tcl: Setting watchdog for 200 seconds at Mon Oct 07 05:53:36 UTC 2019
3 ms. Memory: 48128K Free: 30447K (63%)
ptolemy.util.test.WatchDog.cancel(): canceling Mon Oct 07 05:53:36 UTC 2019
auto.tcl: Setting watchdog for 200 seconds at Mon Oct 07 05:53:36 UTC 2019
2 ms. Memory: 48128K Free: 29580K (61%)
ptolemy.util.test.WatchDog.cancel(): canceling Mon Oct 07 05:53:36 UTC 2019
------------------ testing $PTII/ptolemy/domains/de/test/auto/TimerZeroDelay.xml
auto.tcl: Setting watchdog for 200 seconds at Mon Oct 07 05:53:36 UTC 2019
2 ms. Memory: 48128K Free: 30937K (64%)
ptolemy.util.test.WatchDog.cancel(): canceling Mon Oct 07 05:53:36 UTC 2019
auto.tcl: Setting watchdog for 200 seconds at Mon Oct 07 05:53:36 UTC 2019
2 ms. Memory: 48128K Free: 30508K (63%)
ptolemy.util.test.WatchDog.cancel(): canceling Mon Oct 07 05:53:36 UTC 2019
------------------ testing $PTII/ptolemy/domains/de/test/auto/TimingParadox.xml
auto.tcl: Setting watchdog for 200 seconds at Mon Oct 07 05:53:36 UTC 2019
367 ms. Memory: 58368K Free: 25726K (44%)
ptolemy.util.test.WatchDog.cancel(): canceling Mon Oct 07 05:53:36 UTC 2019
auto.tcl: Setting watchdog for 200 seconds at Mon Oct 07 05:53:36 UTC 2019
363 ms. Memory: 58368K Free: 23121K (40%)
ptolemy.util.test.WatchDog.cancel(): canceling Mon Oct 07 05:53:37 UTC 2019
------------------ testing $PTII/ptolemy/domains/de/test/auto/TransferInputs.xml
auto.tcl: Setting watchdog for 200 seconds at Mon Oct 07 05:53:37 UTC 2019
2 ms. Memory: 51200K Free: 32030K (63%)
ptolemy.util.test.WatchDog.cancel(): canceling Mon Oct 07 05:53:37 UTC 2019
auto.tcl: Setting watchdog for 200 seconds at Mon Oct 07 05:53:37 UTC 2019
2 ms. Memory: 51200K Free: 31126K (61%)
ptolemy.util.test.WatchDog.cancel(): canceling Mon Oct 07 05:53:37 UTC 2019
------------------ testing $PTII/ptolemy/domains/de/test/auto/TransferOutputs2.xml
auto.tcl: Setting watchdog for 200 seconds at Mon Oct 07 05:53:37 UTC 2019
3 ms. Memory: 48128K Free: 26400K (55%)
ptolemy.util.test.WatchDog.cancel(): canceling Mon Oct 07 05:53:37 UTC 2019
auto.tcl: Setting watchdog for 200 seconds at Mon Oct 07 05:53:37 UTC 2019
3 ms. Memory: 48128K Free: 24997K (52%)
ptolemy.util.test.WatchDog.cancel(): canceling Mon Oct 07 05:53:37 UTC 2019
------------------ testing $PTII/ptolemy/domains/de/test/auto/Trilateration.xml
auto.tcl: Setting watchdog for 200 seconds at Mon Oct 07 05:53:37 UTC 2019
16443 ms. Memory: 356352K Free: 131295K (37%)
ptolemy.util.test.WatchDog.cancel(): canceling Mon Oct 07 05:53:55 UTC 2019
auto.tcl: Setting watchdog for 200 seconds at Mon Oct 07 05:53:55 UTC 2019
12437 ms. Memory: 356352K Free: 227804K (64%)
ptolemy.util.test.WatchDog.cancel(): canceling Mon Oct 07 05:54:07 UTC 2019
------------------ testing $PTII/ptolemy/domains/de/test/auto/TwoSigmaDelta.xml
auto.tcl: Setting watchdog for 200 seconds at Mon Oct 07 05:54:07 UTC 2019
2888 ms. Memory: 89088K Free: 24055K (27%)
ptolemy.util.test.WatchDog.cancel(): canceling Mon Oct 07 05:54:10 UTC 2019
auto.tcl: Setting watchdog for 200 seconds at Mon Oct 07 05:54:10 UTC 2019
2272 ms. Memory: 89088K Free: 17374K (20%)
ptolemy.util.test.WatchDog.cancel(): canceling Mon Oct 07 05:54:12 UTC 2019
------------------ testing $PTII/ptolemy/domains/de/test/auto/VariableDelay.xml
auto.tcl: Setting watchdog for 200 seconds at Mon Oct 07 05:54:12 UTC 2019
4 ms. Memory: 51200K Free: 32521K (64%)
ptolemy.util.test.WatchDog.cancel(): canceling Mon Oct 07 05:54:12 UTC 2019
auto.tcl: Setting watchdog for 200 seconds at Mon Oct 07 05:54:12 UTC 2019
3 ms. Memory: 51200K Free: 31505K (62%)
ptolemy.util.test.WatchDog.cancel(): canceling Mon Oct 07 05:54:12 UTC 2019
------------------ testing $PTII/ptolemy/domains/de/test/auto/VariableDelay2.xml
auto.tcl: Setting watchdog for 200 seconds at Mon Oct 07 05:54:12 UTC 2019
12 ms. Memory: 48128K Free: 29807K (62%)
ptolemy.util.test.WatchDog.cancel(): canceling Mon Oct 07 05:54:12 UTC 2019
auto.tcl: Setting watchdog for 200 seconds at Mon Oct 07 05:54:12 UTC 2019
3 ms. Memory: 48128K Free: 28852K (60%)
ptolemy.util.test.WatchDog.cancel(): canceling Mon Oct 07 05:54:12 UTC 2019
------------------ testing $PTII/ptolemy/domains/de/test/auto/VariableDelayZeroDelay.xml
auto.tcl: Setting watchdog for 200 seconds at Mon Oct 07 05:54:13 UTC 2019
2 ms. Memory: 48128K Free: 30472K (63%)
ptolemy.util.test.WatchDog.cancel(): canceling Mon Oct 07 05:54:13 UTC 2019
auto.tcl: Setting watchdog for 200 seconds at Mon Oct 07 05:54:13 UTC 2019
3 ms. Memory: 48128K Free: 29893K (62%)
ptolemy.util.test.WatchDog.cancel(): canceling Mon Oct 07 05:54:13 UTC 2019
------------------ testing $PTII/ptolemy/domains/de/test/auto/VariableDelayZeroDelay2.xml
auto.tcl: Setting watchdog for 200 seconds at Mon Oct 07 05:54:13 UTC 2019
2 ms. Memory: 48128K Free: 30374K (63%)
ptolemy.util.test.WatchDog.cancel(): canceling Mon Oct 07 05:54:13 UTC 2019
auto.tcl: Setting watchdog for 200 seconds at Mon Oct 07 05:54:13 UTC 2019
4 ms. Memory: 48128K Free: 29439K (61%)
ptolemy.util.test.WatchDog.cancel(): canceling Mon Oct 07 05:54:13 UTC 2019
------------------ testing $PTII/ptolemy/domains/de/test/auto/deInCt.xml
auto.tcl: Setting watchdog for 200 seconds at Mon Oct 07 05:54:13 UTC 2019
0
1
1
1
1
0
0
0
0
0
0
1
1
1
0
0
0
1
1
1
0
0
0
0
1
1
1
1
0
0
0
0
16 ms. Memory: 48128K Free: 29348K (61%)
ptolemy.util.test.WatchDog.cancel(): canceling Mon Oct 07 05:54:13 UTC 2019
auto.tcl: Setting watchdog for 200 seconds at Mon Oct 07 05:54:13 UTC 2019
0
1
1
1
0
0
0
1
1
1
1
1
0
0
1
1
1
1
1
0
0
0
1
1
1
0
0
0
1
1
1
1
0
0
0
0
11 ms. Memory: 48128K Free: 27834K (58%)
ptolemy.util.test.WatchDog.cancel(): canceling Mon Oct 07 05:54:13 UTC 2019
------------------ testing $PTII/ptolemy/domains/de/test/auto/deInCt2.xml
auto.tcl: Setting watchdog for 200 seconds at Mon Oct 07 05:54:13 UTC 2019
0
1
1
1
0
0
1
1
1
0
0
1
1
1
0
0
1
1
1
0
0
1
1
1
0
0
1
1
1
0
0
1
1
1
0
0
1
1
1
0
0
0
9 ms. Memory: 48128K Free: 29350K (61%)
ptolemy.util.test.WatchDog.cancel(): canceling Mon Oct 07 05:54:13 UTC 2019
auto.tcl: Setting watchdog for 200 seconds at Mon Oct 07 05:54:13 UTC 2019
0
1
1
1
0
0
1
1
1
0
0
1
1
1
0
0
1
1
1
0
0
1
1
1
0
0
1
1
1
0
0
1
1
1
0
0
1
1
1
0
0
0
9 ms. Memory: 48128K Free: 27858K (58%)
ptolemy.util.test.WatchDog.cancel(): canceling Mon Oct 07 05:54:13 UTC 2019
------------------ testing $PTII/ptolemy/domains/de/test/auto/dynamicCausalityInterface1.xml
auto.tcl: Setting watchdog for 200 seconds at Mon Oct 07 05:54:13 UTC 2019
3 ms. Memory: 48128K Free: 25248K (52%)
ptolemy.util.test.WatchDog.cancel(): canceling Mon Oct 07 05:54:13 UTC 2019
auto.tcl: Setting watchdog for 200 seconds at Mon Oct 07 05:54:13 UTC 2019
2 ms. Memory: 48128K Free: 24298K (50%)
ptolemy.util.test.WatchDog.cancel(): canceling Mon Oct 07 05:54:13 UTC 2019
------------------ testing $PTII/ptolemy/domains/de/test/auto/fsm_de_test.xml
auto.tcl: Setting watchdog for 200 seconds at Mon Oct 07 05:54:13 UTC 2019
13 ms. Memory: 48128K Free: 25147K (52%)
ptolemy.util.test.WatchDog.cancel(): canceling Mon Oct 07 05:54:13 UTC 2019
auto.tcl: Setting watchdog for 200 seconds at Mon Oct 07 05:54:13 UTC 2019
11 ms. Memory: 48128K Free: 23142K (48%)
ptolemy.util.test.WatchDog.cancel(): canceling Mon Oct 07 05:54:13 UTC 2019
------------------ testing $PTII/ptolemy/domains/de/test/auto/functionDependencyReconstruction.xml
auto.tcl: Setting watchdog for 200 seconds at Mon Oct 07 05:54:13 UTC 2019
4 ms. Memory: 48128K Free: 18992K (39%)
ptolemy.util.test.WatchDog.cancel(): canceling Mon Oct 07 05:54:13 UTC 2019
auto.tcl: Setting watchdog for 200 seconds at Mon Oct 07 05:54:13 UTC 2019
4 ms. Memory: 48128K Free: 16996K (35%)
ptolemy.util.test.WatchDog.cancel(): canceling Mon Oct 07 05:54:13 UTC 2019
------------------ testing $PTII/ptolemy/domains/de/test/auto/multirate.xml
auto.tcl: Setting watchdog for 200 seconds at Mon Oct 07 05:54:13 UTC 2019
4 ms. Memory: 48128K Free: 27808K (58%)
ptolemy.util.test.WatchDog.cancel(): canceling Mon Oct 07 05:54:13 UTC 2019
auto.tcl: Setting watchdog for 200 seconds at Mon Oct 07 05:54:13 UTC 2019
4 ms. Memory: 48128K Free: 26141K (54%)
ptolemy.util.test.WatchDog.cancel(): canceling Mon Oct 07 05:54:13 UTC 2019
------------------ testing $PTII/ptolemy/domains/de/test/auto/multirate2.xml
auto.tcl: Setting watchdog for 200 seconds at Mon Oct 07 05:54:13 UTC 2019
5 ms. Memory: 48128K Free: 27774K (58%)
ptolemy.util.test.WatchDog.cancel(): canceling Mon Oct 07 05:54:13 UTC 2019
auto.tcl: Setting watchdog for 200 seconds at Mon Oct 07 05:54:13 UTC 2019
4 ms. Memory: 48128K Free: 26338K (55%)
ptolemy.util.test.WatchDog.cancel(): canceling Mon Oct 07 05:54:13 UTC 2019
------------------ testing $PTII/ptolemy/domains/de/test/auto/realtime.xml
auto.tcl: Setting watchdog for 200 seconds at Mon Oct 07 05:54:13 UTC 2019
10003 ms. Memory: 48128K Free: 30040K (62%)
ptolemy.util.test.WatchDog.cancel(): canceling Mon Oct 07 05:54:24 UTC 2019
auto.tcl: Setting watchdog for 200 seconds at Mon Oct 07 05:54:24 UTC 2019
10001 ms. Memory: 48128K Free: 29325K (61%)
ptolemy.util.test.WatchDog.cancel(): canceling Mon Oct 07 05:54:34 UTC 2019
------------------ testing $PTII/ptolemy/domains/de/test/auto/relationGroup.xml
auto.tcl: Setting watchdog for 200 seconds at Mon Oct 07 05:54:34 UTC 2019
6 ms. Memory: 48128K Free: 31097K (65%)
ptolemy.util.test.WatchDog.cancel(): canceling Mon Oct 07 05:54:34 UTC 2019
auto.tcl: Setting watchdog for 200 seconds at Mon Oct 07 05:54:34 UTC 2019
3 ms. Memory: 48128K Free: 30375K (63%)
ptolemy.util.test.WatchDog.cancel(): canceling Mon Oct 07 05:54:34 UTC 2019
------------------ testing $PTII/ptolemy/domains/de/test/auto/relationGroup2.xml
auto.tcl: Setting watchdog for 200 seconds at Mon Oct 07 05:54:34 UTC 2019
2 ms. Memory: 48128K Free: 30905K (64%)
ptolemy.util.test.WatchDog.cancel(): canceling Mon Oct 07 05:54:34 UTC 2019
auto.tcl: Setting watchdog for 200 seconds at Mon Oct 07 05:54:34 UTC 2019
2 ms. Memory: 48128K Free: 30401K (63%)
ptolemy.util.test.WatchDog.cancel(): canceling Mon Oct 07 05:54:34 UTC 2019
------------------ testing $PTII/ptolemy/domains/de/test/auto/sortWithOpaquePorts.xml
auto.tcl: Setting watchdog for 200 seconds at Mon Oct 07 05:54:34 UTC 2019
2 ms. Memory: 48128K Free: 29887K (62%)
ptolemy.util.test.WatchDog.cancel(): canceling Mon Oct 07 05:54:34 UTC 2019
auto.tcl: Setting watchdog for 200 seconds at Mon Oct 07 05:54:34 UTC 2019
2 ms. Memory: 48128K Free: 28387K (59%)
ptolemy.util.test.WatchDog.cancel(): canceling Mon Oct 07 05:54:34 UTC 2019
------------------ testing $PTII/ptolemy/domains/de/test/auto/transferInputsandOutputs.xml
auto.tcl: Setting watchdog for 200 seconds at Mon Oct 07 05:54:34 UTC 2019
3 ms. Memory: 48128K Free: 27316K (57%)
ptolemy.util.test.WatchDog.cancel(): canceling Mon Oct 07 05:54:34 UTC 2019
auto.tcl: Setting watchdog for 200 seconds at Mon Oct 07 05:54:34 UTC 2019
3 ms. Memory: 48128K Free: 26330K (55%)
ptolemy.util.test.WatchDog.cancel(): canceling Mon Oct 07 05:54:34 UTC 2019
------------------ testing $PTII/ptolemy/domains/de/test/auto/triggerType.xml
auto.tcl: Setting watchdog for 200 seconds at Mon Oct 07 05:54:34 UTC 2019
2 ms. Memory: 48128K Free: 30342K (63%)
ptolemy.util.test.WatchDog.cancel(): canceling Mon Oct 07 05:54:34 UTC 2019
auto.tcl: Setting watchdog for 200 seconds at Mon Oct 07 05:54:34 UTC 2019
2 ms. Memory: 48128K Free: 29372K (61%)
ptolemy.util.test.WatchDog.cancel(): canceling Mon Oct 07 05:54:34 UTC 2019
10/07/19 05:54:34
Failed: 0  Total Tests: 192  ((Passed: 187, Newly Passed: 1)  Known Failed: 5) /home/travis/build/icyphy/ptII/ptolemy/domains/de/test
10/07/19 05:54:34
Failed: 0  Total Tests: 192  ((Passed: 187, Newly Passed: 1)  Known Failed: 5) /home/travis/build/icyphy/ptII/ptolemy/domains/de/test
----------------- testing (KnownFailure) /home/travis/build/icyphy/ptII/ptolemy/domains/de/test/auto/knownFailedTests/DESDFClockTest.xml
2013 ms. Memory: 48128K Free: 23736K (49%)
Known Failure: java.lang.reflect.InvocationTargetException
----------------- testing (KnownFailure) /home/travis/build/icyphy/ptII/ptolemy/domains/de/test/auto/knownFailedTests/DirectFeedback.xml
3 ms. Memory: 48128K Free: 20154K (42%)
Known Failure: java.lang.reflect.InvocationTargetException
----------------- testing (KnownFailure) /home/travis/build/icyphy/ptII/ptolemy/domains/de/test/auto/knownFailedTests/FSMSource.xml
10 ms. Memory: 48128K Free: 12986K (27%)
----------------- testing (KnownFailure) /home/travis/build/icyphy/ptII/ptolemy/domains/de/test/auto/knownFailedTests/HierarchicalModel.xml
4 ms. Memory: 48128K Free: 22961K (48%)
Known Failure: java.lang.reflect.InvocationTargetException
----------------- testing (KnownFailure) /home/travis/build/icyphy/ptII/ptolemy/domains/de/test/auto/knownFailedTests/dependencyLoop.xml
12 ms. Memory: 48128K Free: 33417K (69%)
Known Failure: java.lang.reflect.InvocationTargetException
----------------- testing (KnownFailure) /home/travis/build/icyphy/ptII/ptolemy/domains/de/test/auto/knownFailedTests/dependencyLoop2.xml
9 ms. Memory: 48128K Free: 18257K (38%)
Known Failure: java.lang.reflect.InvocationTargetException
No auto/linux-amd64/*.xml tests in /home/travis/build/icyphy/ptII/ptolemy/domains/de/test
AutoTests.java: About to close Vertx.
AutoTests.java: Vertx closed.

===========================================================================================
----------------- testing Mon Oct 07 05:54:36 UTC 2019 /home/travis/build/icyphy/ptII/ptolemy/domains/de/test/auto/ActorDepthCalculation_actorWithoutPorts.xml
----------------- Instantiating /home/travis/build/icyphy/ptII/ptolemy/domains/de/test/auto/ActorDepthCalculation_actorWithoutPorts.xml
4 ms. Memory: 48128K Free: 11958K (25%)
----------------- Invoking toplevel() on ptolemy.moml.MoMLSimpleApplication@634bc06b
----------------- Done invoking toplevel() on ptolemy.moml.MoMLSimpleApplication@634bc06b
reloadAllAccessors: .ActorDepthCalculation_actorWithoutPorts

===========================================================================================
----------------- testing Mon Oct 07 05:54:36 UTC 2019 /home/travis/build/icyphy/ptII/ptolemy/domains/de/test/auto/AssemblyLine.xml
----------------- Instantiating /home/travis/build/icyphy/ptII/ptolemy/domains/de/test/auto/AssemblyLine.xml
4 ms. Memory: 48128K Free: 30687K (64%)
----------------- Invoking toplevel() on ptolemy.moml.MoMLSimpleApplication@60fdb18f
----------------- Done invoking toplevel() on ptolemy.moml.MoMLSimpleApplication@60fdb18f
reloadAllAccessors: .AssemblyLine

===========================================================================================
----------------- testing Mon Oct 07 05:54:36 UTC 2019 /home/travis/build/icyphy/ptII/ptolemy/domains/de/test/auto/CQBug1.xml
----------------- Instantiating /home/travis/build/icyphy/ptII/ptolemy/domains/de/test/auto/CQBug1.xml
1 ms. Memory: 48128K Free: 27623K (57%)
----------------- Invoking toplevel() on ptolemy.moml.MoMLSimpleApplication@4966f8b6
----------------- Done invoking toplevel() on ptolemy.moml.MoMLSimpleApplication@4966f8b6
reloadAllAccessors: .CQBug1

===========================================================================================
----------------- testing Mon Oct 07 05:54:36 UTC 2019 /home/travis/build/icyphy/ptII/ptolemy/domains/de/test/auto/CancelFireAt.xml
----------------- Instantiating /home/travis/build/icyphy/ptII/ptolemy/domains/de/test/auto/CancelFireAt.xml
3 ms. Memory: 48128K Free: 25380K (53%)
----------------- Invoking toplevel() on ptolemy.moml.MoMLSimpleApplication@1f7dcf1d
----------------- Done invoking toplevel() on ptolemy.moml.MoMLSimpleApplication@1f7dcf1d
reloadAllAccessors: .CancelFireAt

===========================================================================================
----------------- testing Mon Oct 07 05:54:36 UTC 2019 /home/travis/build/icyphy/ptII/ptolemy/domains/de/test/auto/CausalityAndComposabilityAnalysis.xml
----------------- Instantiating /home/travis/build/icyphy/ptII/ptolemy/domains/de/test/auto/CausalityAndComposabilityAnalysis.xml
5 ms. Memory: 48128K Free: 21282K (44%)
----------------- Invoking toplevel() on ptolemy.moml.MoMLSimpleApplication@3b5197ab
----------------- Done invoking toplevel() on ptolemy.moml.MoMLSimpleApplication@3b5197ab
reloadAllAccessors: .CausalityAndComposabilityAnalysis

===========================================================================================
----------------- testing Mon Oct 07 05:54:36 UTC 2019 /home/travis/build/icyphy/ptII/ptolemy/domains/de/test/auto/CausalityInterface1.xml
----------------- Instantiating /home/travis/build/icyphy/ptII/ptolemy/domains/de/test/auto/CausalityInterface1.xml
7 ms. Memory: 48128K Free: 16381K (34%)
----------------- Invoking toplevel() on ptolemy.moml.MoMLSimpleApplication@52767461
----------------- Done invoking toplevel() on ptolemy.moml.MoMLSimpleApplication@52767461
reloadAllAccessors: .CausalityInterface1

===========================================================================================
----------------- testing Mon Oct 07 05:54:36 UTC 2019 /home/travis/build/icyphy/ptII/ptolemy/domains/de/test/auto/CausalityInterface15.xml
----------------- Instantiating /home/travis/build/icyphy/ptII/ptolemy/domains/de/test/auto/CausalityInterface15.xml
4 ms. Memory: 48128K Free: 11052K (23%)
----------------- Invoking toplevel() on ptolemy.moml.MoMLSimpleApplication@106f002b
----------------- Done invoking toplevel() on ptolemy.moml.MoMLSimpleApplication@106f002b
reloadAllAccessors: .CausalityInterface15

===========================================================================================
----------------- testing Mon Oct 07 05:54:36 UTC 2019 /home/travis/build/icyphy/ptII/ptolemy/domains/de/test/auto/CausalityInterface2.xml
----------------- Instantiating /home/travis/build/icyphy/ptII/ptolemy/domains/de/test/auto/CausalityInterface2.xml
3 ms. Memory: 48128K Free: 32115K (67%)
[...]
	at ptolemy.actor.Manager.run(Manager.java:1263)
	at ptolemy.actor.Manager$PtolemyRunThread.run(Manager.java:1933)
java.lang.RuntimeException: Execution failed
	at ptolemy.moml.MoMLSimpleApplication$UnloadThread.run(MoMLSimpleApplication.java:402)
Caused by: ptolemy.kernel.util.IllegalActionException: Actor is not ready to fire.  Perhaps UpSample.prefire() returned false? Try debugging the actor by selecting "Listen to Actor".  Also, for SDF check moml for tokenConsumptionRate on input.
  in .DESDFClockTest.Play Bell.Copy1:SDF Director and .DESDFClockTest.Play Bell.UpSample
	at ptolemy.actor.sched.StaticSchedulingDirector.fire(StaticSchedulingDirector.java:227)
	at ptolemy.domains.sdf.kernel.SDFDirector.fire(SDFDirector.java:500)
	at ptolemy.actor.CompositeActor.fire(CompositeActor.java:455)
	at ptolemy.domains.de.kernel.DEDirector._fire(DEDirector.java:1949)
	at ptolemy.domains.de.kernel.DEDirector.fire(DEDirector.java:502)
	at ptolemy.actor.CompositeActor.fire(CompositeActor.java:455)
	at ptolemy.actor.Manager.iterate(Manager.java:851)
	at ptolemy.actor.Manager.execute(Manager.java:369)
	at ptolemy.actor.Manager.run(Manager.java:1263)
	at ptolemy.actor.Manager$PtolemyRunThread.run(Manager.java:1933)
java.lang.reflect.InvocationTargetException
	at java.base/jdk.internal.reflect.NativeConstructorAccessorImpl.newInstance0(Native Method)
	at java.base/jdk.internal.reflect.NativeConstructorAccessorImpl.newInstance(NativeConstructorAccessorImpl.java:62)
	at java.base/jdk.internal.reflect.DelegatingConstructorAccessorImpl.newInstance(DelegatingConstructorAccessorImpl.java:45)
	at java.base/java.lang.reflect.Constructor.newInstance(Constructor.java:490)
	at ptolemy.util.test.junit.AutoKnownFailedTests.RunModel(AutoKnownFailedTests.java:105)
	at java.base/jdk.internal.reflect.NativeMethodAccessorImpl.invoke0(Native Method)
	at java.base/jdk.internal.reflect.NativeMethodAccessorImpl.invoke(NativeMethodAccessorImpl.java:62)
	at java.base/jdk.internal.reflect.DelegatingMethodAccessorImpl.invoke(DelegatingMethodAccessorImpl.java:43)
	at java.base/java.lang.reflect.Method.invoke(Method.java:566)
	at org.junit.runners.model.FrameworkMethod$1.runReflectiveCall(FrameworkMethod.java:44)
	at org.junit.internal.runners.model.ReflectiveCallable.run(ReflectiveCallable.java:15)
	at org.junit.runners.model.FrameworkMethod.invokeExplosively(FrameworkMethod.java:41)
	at junitparams.internal.InvokeParameterisedMethod.evaluate(InvokeParameterisedMethod.java:102)
	at org.junit.internal.runners.statements.FailOnTimeout$1.run(FailOnTimeout.java:28)
Caused by: ptolemy.kernel.util.IllegalActionException: Actor is not ready to fire.  Perhaps UpSample.prefire() returned false? Try debugging the actor by selecting "Listen to Actor".  Also, for SDF check moml for tokenConsumptionRate on input.
  in .DESDFClockTest.Play Bell.Copy1:SDF Director and .DESDFClockTest.Play Bell.UpSample
	at ptolemy.actor.sched.StaticSchedulingDirector.fire(StaticSchedulingDirector.java:227)
	at ptolemy.domains.sdf.kernel.SDFDirector.fire(SDFDirector.java:500)
	at ptolemy.actor.CompositeActor.fire(CompositeActor.java:455)
	at ptolemy.domains.de.kernel.DEDirector._fire(DEDirector.java:1949)
	at ptolemy.domains.de.kernel.DEDirector.fire(DEDirector.java:502)
	at ptolemy.actor.CompositeActor.fire(CompositeActor.java:455)
	at ptolemy.actor.Manager.iterate(Manager.java:851)
	at ptolemy.actor.Manager.execute(Manager.java:369)
	at ptolemy.actor.Manager.run(Manager.java:1263)
	at ptolemy.actor.Manager$PtolemyRunThread.run(Manager.java:1933)
java.lang.RuntimeException: Execution failed
	at ptolemy.moml.MoMLSimpleApplication$UnloadThread.run(MoMLSimpleApplication.java:402)
Caused by: ptolemy.kernel.util.IllegalActionException: Test fails in iteration 1.
Value was: 1.0. Should have been: 2.0
  in .DirectFeedback.Test
	at ptolemy.actor.lib.Test.fire(Test.java:268)
	at ptolemy.domains.de.kernel.DEDirector._fire(DEDirector.java:1949)
	at ptolemy.domains.de.kernel.DEDirector.fire(DEDirector.java:502)
	at ptolemy.actor.CompositeActor.fire(CompositeActor.java:455)
	at ptolemy.actor.Manager.iterate(Manager.java:851)
	at ptolemy.actor.Manager.execute(Manager.java:369)
	at ptolemy.actor.Manager.run(Manager.java:1263)
	at ptolemy.actor.Manager$PtolemyRunThread.run(Manager.java:1933)
java.lang.reflect.InvocationTargetException
	at java.base/jdk.internal.reflect.NativeConstructorAccessorImpl.newInstance0(Native Method)
	at java.base/jdk.internal.reflect.NativeConstructorAccessorImpl.newInstance(NativeConstructorAccessorImpl.java:62)
	at java.base/jdk.internal.reflect.DelegatingConstructorAccessorImpl.newInstance(DelegatingConstructorAccessorImpl.java:45)
	at java.base/java.lang.reflect.Constructor.newInstance(Constructor.java:490)
	at ptolemy.util.test.junit.AutoKnownFailedTests.RunModel(AutoKnownFailedTests.java:105)
	at java.base/jdk.internal.reflect.NativeMethodAccessorImpl.invoke0(Native Method)
	at java.base/jdk.internal.reflect.NativeMethodAccessorImpl.invoke(NativeMethodAccessorImpl.java:62)
	at java.base/jdk.internal.reflect.DelegatingMethodAccessorImpl.invoke(DelegatingMethodAccessorImpl.java:43)
	at java.base/java.lang.reflect.Method.invoke(Method.java:566)
	at org.junit.runners.model.FrameworkMethod$1.runReflectiveCall(FrameworkMethod.java:44)
	at org.junit.internal.runners.model.ReflectiveCallable.run(ReflectiveCallable.java:15)
	at org.junit.runners.model.FrameworkMethod.invokeExplosively(FrameworkMethod.java:41)
	at junitparams.internal.InvokeParameterisedMethod.evaluate(InvokeParameterisedMethod.java:102)
	at org.junit.internal.runners.statements.FailOnTimeout$1.run(FailOnTimeout.java:28)
Caused by: ptolemy.kernel.util.IllegalActionException: Test fails in iteration 1.
Value was: 1.0. Should have been: 2.0
  in .DirectFeedback.Test
	at ptolemy.actor.lib.Test.fire(Test.java:268)
	at ptolemy.domains.de.kernel.DEDirector._fire(DEDirector.java:1949)
	at ptolemy.domains.de.kernel.DEDirector.fire(DEDirector.java:502)
	at ptolemy.actor.CompositeActor.fire(CompositeActor.java:455)
	at ptolemy.actor.Manager.iterate(Manager.java:851)
	at ptolemy.actor.Manager.execute(Manager.java:369)
	at ptolemy.actor.Manager.run(Manager.java:1263)
	at ptolemy.actor.Manager$PtolemyRunThread.run(Manager.java:1933)
java.lang.RuntimeException: Execution failed
	at ptolemy.moml.MoMLSimpleApplication$UnloadThread.run(MoMLSimpleApplication.java:402)
Caused by: ptolemy.kernel.util.IllegalActionException: Found a zero delay loop containing .HierarchicalModel.A
  in .HierarchicalModel and .HierarchicalModel.A
	at ptolemy.actor.util.CausalityInterfaceForComposites._computeOutputPortDepth(CausalityInterfaceForComposites.java:759)
	at ptolemy.actor.util.CausalityInterfaceForComposites._computeInputDepth(CausalityInterfaceForComposites.java:696)
	at ptolemy.actor.util.CausalityInterfaceForComposites._computeOutputPortDepth(CausalityInterfaceForComposites.java:765)
	at ptolemy.actor.util.CausalityInterfaceForComposites._computeInputDepth(CausalityInterfaceForComposites.java:696)
	at ptolemy.actor.util.CausalityInterfaceForComposites._computeOutputPortDepth(CausalityInterfaceForComposites.java:765)
	at ptolemy.actor.util.CausalityInterfaceForComposites._computeInputDepth(CausalityInterfaceForComposites.java:696)
	at ptolemy.actor.util.CausalityInterfaceForComposites._computeActorDepth(CausalityInterfaceForComposites.java:532)
	at ptolemy.actor.util.CausalityInterfaceForComposites.checkForCycles(CausalityInterfaceForComposites.java:96)
	at ptolemy.domains.de.kernel.DEDirector.preinitialize(DEDirector.java:1338)
	at ptolemy.actor.CompositeActor.preinitialize(CompositeActor.java:1828)
	at ptolemy.actor.Manager.preinitializeAndResolveTypes(Manager.java:1040)
	at ptolemy.actor.Manager.initialize(Manager.java:710)
	at ptolemy.actor.Manager.execute(Manager.java:356)
	at ptolemy.actor.Manager.run(Manager.java:1263)
	at ptolemy.actor.Manager$PtolemyRunThread.run(Manager.java:1933)
java.lang.reflect.InvocationTargetException
	at java.base/jdk.internal.reflect.NativeConstructorAccessorImpl.newInstance0(Native Method)
	at java.base/jdk.internal.reflect.NativeConstructorAccessorImpl.newInstance(NativeConstructorAccessorImpl.java:62)
	at java.base/jdk.internal.reflect.DelegatingConstructorAccessorImpl.newInstance(DelegatingConstructorAccessorImpl.java:45)
	at java.base/java.lang.reflect.Constructor.newInstance(Constructor.java:490)
	at ptolemy.util.test.junit.AutoKnownFailedTests.RunModel(AutoKnownFailedTests.java:105)
	at java.base/jdk.internal.reflect.NativeMethodAccessorImpl.invoke0(Native Method)
	at java.base/jdk.internal.reflect.NativeMethodAccessorImpl.invoke(NativeMethodAccessorImpl.java:62)
	at java.base/jdk.internal.reflect.DelegatingMethodAccessorImpl.invoke(DelegatingMethodAccessorImpl.java:43)
	at java.base/java.lang.reflect.Method.invoke(Method.java:566)
	at org.junit.runners.model.FrameworkMethod$1.runReflectiveCall(FrameworkMethod.java:44)
	at org.junit.internal.runners.model.ReflectiveCallable.run(ReflectiveCallable.java:15)
	at org.junit.runners.model.FrameworkMethod.invokeExplosively(FrameworkMethod.java:41)
	at junitparams.internal.InvokeParameterisedMethod.evaluate(InvokeParameterisedMethod.java:102)
	at org.junit.internal.runners.statements.FailOnTimeout$1.run(FailOnTimeout.java:28)
Caused by: ptolemy.kernel.util.IllegalActionException: Found a zero delay loop containing .HierarchicalModel.A
  in .HierarchicalModel and .HierarchicalModel.A
	at ptolemy.actor.util.CausalityInterfaceForComposites._computeOutputPortDepth(CausalityInterfaceForComposites.java:759)
	at ptolemy.actor.util.CausalityInterfaceForComposites._computeInputDepth(CausalityInterfaceForComposites.java:696)
	at ptolemy.actor.util.CausalityInterfaceForComposites._computeOutputPortDepth(CausalityInterfaceForComposites.java:765)
	at ptolemy.actor.util.CausalityInterfaceForComposites._computeInputDepth(CausalityInterfaceForComposites.java:696)
	at ptolemy.actor.util.CausalityInterfaceForComposites._computeOutputPortDepth(CausalityInterfaceForComposites.java:765)
	at ptolemy.actor.util.CausalityInterfaceForComposites._computeInputDepth(CausalityInterfaceForComposites.java:696)
	at ptolemy.actor.util.CausalityInterfaceForComposites._computeActorDepth(CausalityInterfaceForComposites.java:532)
	at ptolemy.actor.util.CausalityInterfaceForComposites.checkForCycles(CausalityInterfaceForComposites.java:96)
	at ptolemy.domains.de.kernel.DEDirector.preinitialize(DEDirector.java:1338)
	at ptolemy.actor.CompositeActor.preinitialize(CompositeActor.java:1828)
	at ptolemy.actor.Manager.preinitializeAndResolveTypes(Manager.java:1040)
	at ptolemy.actor.Manager.initialize(Manager.java:710)
	at ptolemy.actor.Manager.execute(Manager.java:356)
	at ptolemy.actor.Manager.run(Manager.java:1263)
	at ptolemy.actor.Manager$PtolemyRunThread.run(Manager.java:1933)
java.lang.RuntimeException: Execution failed
	at ptolemy.moml.MoMLSimpleApplication$UnloadThread.run(MoMLSimpleApplication.java:402)
Caused by: ptolemy.kernel.util.IllegalActionException: Found a zero delay loop containing .dependencyLoop.original
  in .dependencyLoop and .dependencyLoop.original
	at ptolemy.actor.util.CausalityInterfaceForComposites._computeOutputPortDepth(CausalityInterfaceForComposites.java:759)
	at ptolemy.actor.util.CausalityInterfaceForComposites._computeInputDepth(CausalityInterfaceForComposites.java:696)
	at ptolemy.actor.util.CausalityInterfaceForComposites._computeOutputPortDepth(CausalityInterfaceForComposites.java:765)
	at ptolemy.actor.util.CausalityInterfaceForComposites._computeInputDepth(CausalityInterfaceForComposites.java:696)
	at ptolemy.actor.util.CausalityInterfaceForComposites._computeOutputPortDepth(CausalityInterfaceForComposites.java:765)
	at ptolemy.actor.util.CausalityInterfaceForComposites._computeInputDepth(CausalityInterfaceForComposites.java:696)
	at ptolemy.actor.util.CausalityInterfaceForComposites._computeActorDepth(CausalityInterfaceForComposites.java:532)
	at ptolemy.actor.util.CausalityInterfaceForComposites.checkForCycles(CausalityInterfaceForComposites.java:96)
	at ptolemy.domains.de.kernel.DEDirector.preinitialize(DEDirector.java:1338)
	at ptolemy.actor.CompositeActor.preinitialize(CompositeActor.java:1828)
	at ptolemy.actor.Manager.preinitializeAndResolveTypes(Manager.java:1040)
	at ptolemy.actor.Manager.initialize(Manager.java:710)
	at ptolemy.actor.Manager.execute(Manager.java:356)
	at ptolemy.actor.Manager.run(Manager.java:1263)
	at ptolemy.actor.Manager$PtolemyRunThread.run(Manager.java:1933)
java.lang.reflect.InvocationTargetException
	at java.base/jdk.internal.reflect.NativeConstructorAccessorImpl.newInstance0(Native Method)
	at java.base/jdk.internal.reflect.NativeConstructorAccessorImpl.newInstance(NativeConstructorAccessorImpl.java:62)
	at java.base/jdk.internal.reflect.DelegatingConstructorAccessorImpl.newInstance(DelegatingConstructorAccessorImpl.java:45)
	at java.base/java.lang.reflect.Constructor.newInstance(Constructor.java:490)
	at ptolemy.util.test.junit.AutoKnownFailedTests.RunModel(AutoKnownFailedTests.java:105)
	at java.base/jdk.internal.reflect.NativeMethodAccessorImpl.invoke0(Native Method)
	at java.base/jdk.internal.reflect.NativeMethodAccessorImpl.invoke(NativeMethodAccessorImpl.java:62)
	at java.base/jdk.internal.reflect.DelegatingMethodAccessorImpl.invoke(DelegatingMethodAccessorImpl.java:43)
	at java.base/java.lang.reflect.Method.invoke(Method.java:566)
	at org.junit.runners.model.FrameworkMethod$1.runReflectiveCall(FrameworkMethod.java:44)
	at org.junit.internal.runners.model.ReflectiveCallable.run(ReflectiveCallable.java:15)
	at org.junit.runners.model.FrameworkMethod.invokeExplosively(FrameworkMethod.java:41)
	at junitparams.internal.InvokeParameterisedMethod.evaluate(InvokeParameterisedMethod.java:102)
	at org.junit.internal.runners.statements.FailOnTimeout$1.run(FailOnTimeout.java:28)
Caused by: ptolemy.kernel.util.IllegalActionException: Found a zero delay loop containing .dependencyLoop.original
  in .dependencyLoop and .dependencyLoop.original
	at ptolemy.actor.util.CausalityInterfaceForComposites._computeOutputPortDepth(CausalityInterfaceForComposites.java:759)
	at ptolemy.actor.util.CausalityInterfaceForComposites._computeInputDepth(CausalityInterfaceForComposites.java:696)
	at ptolemy.actor.util.CausalityInterfaceForComposites._computeOutputPortDepth(CausalityInterfaceForComposites.java:765)
	at ptolemy.actor.util.CausalityInterfaceForComposites._computeInputDepth(CausalityInterfaceForComposites.java:696)
	at ptolemy.actor.util.CausalityInterfaceForComposites._computeOutputPortDepth(CausalityInterfaceForComposites.java:765)
	at ptolemy.actor.util.CausalityInterfaceForComposites._computeInputDepth(CausalityInterfaceForComposites.java:696)
	at ptolemy.actor.util.CausalityInterfaceForComposites._computeActorDepth(CausalityInterfaceForComposites.java:532)
	at ptolemy.actor.util.CausalityInterfaceForComposites.checkForCycles(CausalityInterfaceForComposites.java:96)
	at ptolemy.domains.de.kernel.DEDirector.preinitialize(DEDirector.java:1338)
	at ptolemy.actor.CompositeActor.preinitialize(CompositeActor.java:1828)
	at ptolemy.actor.Manager.preinitializeAndResolveTypes(Manager.java:1040)
	at ptolemy.actor.Manager.initialize(Manager.java:710)
	at ptolemy.actor.Manager.execute(Manager.java:356)
	at ptolemy.actor.Manager.run(Manager.java:1263)
	at ptolemy.actor.Manager$PtolemyRunThread.run(Manager.java:1933)
java.lang.RuntimeException: Execution failed
	at ptolemy.moml.MoMLSimpleApplication$UnloadThread.run(MoMLSimpleApplication.java:402)
Caused by: ptolemy.kernel.util.IllegalActionException: Found a zero delay loop containing .dependencyLoop2.original
  in .dependencyLoop2 and .dependencyLoop2.original
	at ptolemy.actor.util.CausalityInterfaceForComposites._computeOutputPortDepth(CausalityInterfaceForComposites.java:759)
	at ptolemy.actor.util.CausalityInterfaceForComposites._computeInputDepth(CausalityInterfaceForComposites.java:696)
	at ptolemy.actor.util.CausalityInterfaceForComposites._computeOutputPortDepth(CausalityInterfaceForComposites.java:765)
	at ptolemy.actor.util.CausalityInterfaceForComposites._computeInputDepth(CausalityInterfaceForComposites.java:696)
	at ptolemy.actor.util.CausalityInterfaceForComposites._computeOutputPortDepth(CausalityInterfaceForComposites.java:765)
	at ptolemy.actor.util.CausalityInterfaceForComposites._computeInputDepth(CausalityInterfaceForComposites.java:696)
	at ptolemy.actor.util.CausalityInterfaceForComposites._computeActorDepth(CausalityInterfaceForComposites.java:532)
	at ptolemy.actor.util.CausalityInterfaceForComposites.checkForCycles(CausalityInterfaceForComposites.java:96)
	at ptolemy.domains.de.kernel.DEDirector.preinitialize(DEDirector.java:1338)
	at ptolemy.actor.CompositeActor.preinitialize(CompositeActor.java:1828)
	at ptolemy.actor.Manager.preinitializeAndResolveTypes(Manager.java:1040)
	at ptolemy.actor.Manager.initialize(Manager.java:710)
	at ptolemy.actor.Manager.execute(Manager.java:356)
	at ptolemy.actor.Manager.run(Manager.java:1263)
	at ptolemy.actor.Manager$PtolemyRunThread.run(Manager.java:1933)
java.lang.reflect.InvocationTargetException
	at java.base/jdk.internal.reflect.NativeConstructorAccessorImpl.newInstance0(Native Method)
	at java.base/jdk.internal.reflect.NativeConstructorAccessorImpl.newInstance(NativeConstructorAccessorImpl.java:62)
	at java.base/jdk.internal.reflect.DelegatingConstructorAccessorImpl.newInstance(DelegatingConstructorAccessorImpl.java:45)
	at java.base/java.lang.reflect.Constructor.newInstance(Constructor.java:490)
	at ptolemy.util.test.junit.AutoKnownFailedTests.RunModel(AutoKnownFailedTests.java:105)
	at java.base/jdk.internal.reflect.NativeMethodAccessorImpl.invoke0(Native Method)
	at java.base/jdk.internal.reflect.NativeMethodAccessorImpl.invoke(NativeMethodAccessorImpl.java:62)
	at java.base/jdk.internal.reflect.DelegatingMethodAccessorImpl.invoke(DelegatingMethodAccessorImpl.java:43)
	at java.base/java.lang.reflect.Method.invoke(Method.java:566)
	at org.junit.runners.model.FrameworkMethod$1.runReflectiveCall(FrameworkMethod.java:44)
	at org.junit.internal.runners.model.ReflectiveCallable.run(ReflectiveCallable.java:15)
	at org.junit.runners.model.FrameworkMethod.invokeExplosively(FrameworkMethod.java:41)
	at junitparams.internal.InvokeParameterisedMethod.evaluate(InvokeParameterisedMethod.java:102)
	at org.junit.internal.runners.statements.FailOnTimeout$1.run(FailOnTimeout.java:28)
Caused by: ptolemy.kernel.util.IllegalActionException: Found a zero delay loop containing .dependencyLoop2.original
  in .dependencyLoop2 and .dependencyLoop2.original
	at ptolemy.actor.util.CausalityInterfaceForComposites._computeOutputPortDepth(CausalityInterfaceForComposites.java:759)
	at ptolemy.actor.util.CausalityInterfaceForComposites._computeInputDepth(CausalityInterfaceForComposites.java:696)
	at ptolemy.actor.util.CausalityInterfaceForComposites._computeOutputPortDepth(CausalityInterfaceForComposites.java:765)
	at ptolemy.actor.util.CausalityInterfaceForComposites._computeInputDepth(CausalityInterfaceForComposites.java:696)
	at ptolemy.actor.util.CausalityInterfaceForComposites._computeOutputPortDepth(CausalityInterfaceForComposites.java:765)
	at ptolemy.actor.util.CausalityInterfaceForComposites._computeInputDepth(CausalityInterfaceForComposites.java:696)
	at ptolemy.actor.util.CausalityInterfaceForComposites._computeActorDepth(CausalityInterfaceForComposites.java:532)
	at ptolemy.actor.util.CausalityInterfaceForComposites.checkForCycles(CausalityInterfaceForComposites.java:96)
	at ptolemy.domains.de.kernel.DEDirector.preinitialize(DEDirector.java:1338)
	at ptolemy.actor.CompositeActor.preinitialize(CompositeActor.java:1828)
	at ptolemy.actor.Manager.preinitializeAndResolveTypes(Manager.java:1040)
	at ptolemy.actor.Manager.initialize(Manager.java:710)
	at ptolemy.actor.Manager.execute(Manager.java:356)
	at ptolemy.actor.Manager.run(Manager.java:1263)
	at ptolemy.actor.Manager$PtolemyRunThread.run(Manager.java:1933)
]]></system-err>
</testsuite>
