<?xml version="1.0" encoding="UTF-8" ?>
<testsuite errors="0" failures="0" hostname="travis-job-a76e2db1-cbfb-46ae-95eb-b83470d1cf7a" name="ptolemy.domains.de.test.junit.JUnitTclTest" skipped="0" tests="101" time="119.963" timestamp="2019-12-26T06:30:19">
  <properties>
[...]
</properties>
  <testcase classname="ptolemy.util.test.junit.TclTests" name="[0] /home/travis/build/icyphy/ptII/ptolemy/domains/de/test/DependencyLoop.tcl (RunTclFile)" time="1.014" />
  <testcase classname="ptolemy.util.test.junit.TclTests" name="[1] /home/travis/build/icyphy/ptII/ptolemy/domains/de/test/RunDETestsAsQSS.tcl (RunTclFile)" time="81.048" />
  <testcase classname="ptolemy.util.test.junit.AutoKnownFailedTests" name="[0] /home/travis/build/icyphy/ptII/ptolemy/domains/de/test/auto/knownFailedTests/DESDFClockTest.xml (RunModel)" time="2.034" />
  <testcase classname="ptolemy.util.test.junit.AutoKnownFailedTests" name="[1] /home/travis/build/icyphy/ptII/ptolemy/domains/de/test/auto/knownFailedTests/DirectFeedback.xml (RunModel)" time="0.016" />
  <testcase classname="ptolemy.util.test.junit.AutoKnownFailedTests" name="[2] /home/travis/build/icyphy/ptII/ptolemy/domains/de/test/auto/knownFailedTests/FSMSource.xml (RunModel)" time="0.019" />
  <testcase classname="ptolemy.util.test.junit.AutoKnownFailedTests" name="[3] /home/travis/build/icyphy/ptII/ptolemy/domains/de/test/auto/knownFailedTests/HierarchicalModel.xml (RunModel)" time="0.039" />
  <testcase classname="ptolemy.util.test.junit.AutoKnownFailedTests" name="[4] /home/travis/build/icyphy/ptII/ptolemy/domains/de/test/auto/knownFailedTests/dependencyLoop.xml (RunModel)" time="0.067" />
  <testcase classname="ptolemy.util.test.junit.AutoKnownFailedTests" name="[5] /home/travis/build/icyphy/ptII/ptolemy/domains/de/test/auto/knownFailedTests/dependencyLoop2.xml (RunModel)" time="0.037" />
  <testcase classname="ptolemy.util.test.junit.AutoNameArchTests" name="[0] ThereAreNoAutoArchTests (RunModel)" time="0.001" />
  <testcase classname="ptolemy.util.test.junit.AutoTests" name="[0] /home/travis/build/icyphy/ptII/ptolemy/domains/de/test/auto/ActorDepthCalculation_actorWithoutPorts.xml (RunModel)" time="0.03" />
  <testcase classname="ptolemy.util.test.junit.AutoTests" name="[1] /home/travis/build/icyphy/ptII/ptolemy/domains/de/test/auto/AssemblyLine.xml (RunModel)" time="0.029" />
  <testcase classname="ptolemy.util.test.junit.AutoTests" name="[2] /home/travis/build/icyphy/ptII/ptolemy/domains/de/test/auto/CQBug1.xml (RunModel)" time="0.01" />
  <testcase classname="ptolemy.util.test.junit.AutoTests" name="[3] /home/travis/build/icyphy/ptII/ptolemy/domains/de/test/auto/CancelFireAt.xml (RunModel)" time="0.01" />
  <testcase classname="ptolemy.util.test.junit.AutoTests" name="[4] /home/travis/build/icyphy/ptII/ptolemy/domains/de/test/auto/CausalityAndComposabilityAnalysis.xml (RunModel)" time="0.012" />
  <testcase classname="ptolemy.util.test.junit.AutoTests" name="[5] /home/travis/build/icyphy/ptII/ptolemy/domains/de/test/auto/CausalityInterface1.xml (RunModel)" time="0.017" />
  <testcase classname="ptolemy.util.test.junit.AutoTests" name="[6] /home/travis/build/icyphy/ptII/ptolemy/domains/de/test/auto/CausalityInterface15.xml (RunModel)" time="0.014" />
  <testcase classname="ptolemy.util.test.junit.AutoTests" name="[7] /home/travis/build/icyphy/ptII/ptolemy/domains/de/test/auto/CausalityInterface2.xml (RunModel)" time="0.017" />
  <testcase classname="ptolemy.util.test.junit.AutoTests" name="[8] /home/travis/build/icyphy/ptII/ptolemy/domains/de/test/auto/CausalityInterface3.xml (RunModel)" time="0.011" />
  <testcase classname="ptolemy.util.test.junit.AutoTests" name="[9] /home/travis/build/icyphy/ptII/ptolemy/domains/de/test/auto/ClockDrift.xml (RunModel)" time="0.033" />
  <testcase classname="ptolemy.util.test.junit.AutoTests" name="[10] /home/travis/build/icyphy/ptII/ptolemy/domains/de/test/auto/ClockDriftAndValueChange.xml (RunModel)" time="0.034" />
  <testcase classname="ptolemy.util.test.junit.AutoTests" name="[11] /home/travis/build/icyphy/ptII/ptolemy/domains/de/test/auto/ClockDriftChange.xml (RunModel)" time="0.029" />
  <testcase classname="ptolemy.util.test.junit.AutoTests" name="[12] /home/travis/build/icyphy/ptII/ptolemy/domains/de/test/auto/ComposableCausalityAnalysis.xml (RunModel)" time="0.014" />
  <testcase classname="ptolemy.util.test.junit.AutoTests" name="[13] /home/travis/build/icyphy/ptII/ptolemy/domains/de/test/auto/DEFixedPointLimitation.xml (RunModel)" time="0.01" />
  <testcase classname="ptolemy.util.test.junit.AutoTests" name="[14] /home/travis/build/icyphy/ptII/ptolemy/domains/de/test/auto/DEScheduleTest.xml (RunModel)" time="0.014" />
  <testcase classname="ptolemy.util.test.junit.AutoTests" name="[15] /home/travis/build/icyphy/ptII/ptolemy/domains/de/test/auto/DEinDEwithStartTimes.xml (RunModel)" time="0.013" />
  <testcase classname="ptolemy.util.test.junit.AutoTests" name="[16] /home/travis/build/icyphy/ptII/ptolemy/domains/de/test/auto/DEinDEwithStartTimes2.xml (RunModel)" time="0.014" />
  <testcase classname="ptolemy.util.test.junit.AutoTests" name="[17] /home/travis/build/icyphy/ptII/ptolemy/domains/de/test/auto/DateDemo.xml (RunModel)" time="0.031" />
  <testcase classname="ptolemy.util.test.junit.AutoTests" name="[18] /home/travis/build/icyphy/ptII/ptolemy/domains/de/test/auto/DateToEvent.xml (RunModel)" time="2.035" />
  <testcase classname="ptolemy.util.test.junit.AutoTests" name="[19] /home/travis/build/icyphy/ptII/ptolemy/domains/de/test/auto/DepthTest1.xml (RunModel)" time="0.008" />
  <testcase classname="ptolemy.util.test.junit.AutoTests" name="[20] /home/travis/build/icyphy/ptII/ptolemy/domains/de/test/auto/DepthTest2.xml (RunModel)" time="0.022" />
  <testcase classname="ptolemy.util.test.junit.AutoTests" name="[21] /home/travis/build/icyphy/ptII/ptolemy/domains/de/test/auto/DepthTest3.xml (RunModel)" time="0.008" />
  <testcase classname="ptolemy.util.test.junit.AutoTests" name="[22] /home/travis/build/icyphy/ptII/ptolemy/domains/de/test/auto/DepthTest4.xml (RunModel)" time="0.018" />
  <testcase classname="ptolemy.util.test.junit.AutoTests" name="[23] /home/travis/build/icyphy/ptII/ptolemy/domains/de/test/auto/DepthTest5.xml (RunModel)" time="0.021" />
  <testcase classname="ptolemy.util.test.junit.AutoTests" name="[24] /home/travis/build/icyphy/ptII/ptolemy/domains/de/test/auto/DepthTest6.xml (RunModel)" time="0.015" />
  <testcase classname="ptolemy.util.test.junit.AutoTests" name="[25] /home/travis/build/icyphy/ptII/ptolemy/domains/de/test/auto/DepthTest7.xml (RunModel)" time="0.016" />
  <testcase classname="ptolemy.util.test.junit.AutoTests" name="[26] /home/travis/build/icyphy/ptII/ptolemy/domains/de/test/auto/EventToDate.xml (RunModel)" time="3.041" />
  <testcase classname="ptolemy.util.test.junit.AutoTests" name="[27] /home/travis/build/icyphy/ptII/ptolemy/domains/de/test/auto/FSM1.xml (RunModel)" time="0.041" />
  <testcase classname="ptolemy.util.test.junit.AutoTests" name="[28] /home/travis/build/icyphy/ptII/ptolemy/domains/de/test/auto/FSM7.xml (RunModel)" time="0.039" />
  <testcase classname="ptolemy.util.test.junit.AutoTests" name="[29] /home/travis/build/icyphy/ptII/ptolemy/domains/de/test/auto/Inspection.xml (RunModel)" time="0.038" />
  <testcase classname="ptolemy.util.test.junit.AutoTests" name="[30] /home/travis/build/icyphy/ptII/ptolemy/domains/de/test/auto/Iteration.xml (RunModel)" time="0.029" />
  <testcase classname="ptolemy.util.test.junit.AutoTests" name="[31] /home/travis/build/icyphy/ptII/ptolemy/domains/de/test/auto/LineFault.xml (RunModel)" time="0.489" />
  <testcase classname="ptolemy.util.test.junit.AutoTests" name="[32] /home/travis/build/icyphy/ptII/ptolemy/domains/de/test/auto/MergeModel1Add.xml (RunModel)" time="0.039" />
  <testcase classname="ptolemy.util.test.junit.AutoTests" name="[33] /home/travis/build/icyphy/ptII/ptolemy/domains/de/test/auto/MergeModel2Add.xml (RunModel)" time="0.031" />
  <testcase classname="ptolemy.util.test.junit.AutoTests" name="[34] /home/travis/build/icyphy/ptII/ptolemy/domains/de/test/auto/MergeModel3Add.xml (RunModel)" time="0.033" />
  <testcase classname="ptolemy.util.test.junit.AutoTests" name="[35] /home/travis/build/icyphy/ptII/ptolemy/domains/de/test/auto/MergeWithoutDiscard.xml (RunModel)" time="0.009" />
  <testcase classname="ptolemy.util.test.junit.AutoTests" name="[36] /home/travis/build/icyphy/ptII/ptolemy/domains/de/test/auto/Modal1.xml (RunModel)" time="0.028" />
  <testcase classname="ptolemy.util.test.junit.AutoTests" name="[37] /home/travis/build/icyphy/ptII/ptolemy/domains/de/test/auto/Modal2.xml (RunModel)" time="0.028" />
  <testcase classname="ptolemy.util.test.junit.AutoTests" name="[38] /home/travis/build/icyphy/ptII/ptolemy/domains/de/test/auto/Modal3.xml (RunModel)" time="0.03" />
  <testcase classname="ptolemy.util.test.junit.AutoTests" name="[39] /home/travis/build/icyphy/ptII/ptolemy/domains/de/test/auto/Modal4.xml (RunModel)" time="0.03" />
  <testcase classname="ptolemy.util.test.junit.AutoTests" name="[40] /home/travis/build/icyphy/ptII/ptolemy/domains/de/test/auto/Modal5.xml (RunModel)" time="0.028" />
  <testcase classname="ptolemy.util.test.junit.AutoTests" name="[41] /home/travis/build/icyphy/ptII/ptolemy/domains/de/test/auto/Modal6.xml (RunModel)" time="0.028" />
  <testcase classname="ptolemy.util.test.junit.AutoTests" name="[42] /home/travis/build/icyphy/ptII/ptolemy/domains/de/test/auto/Modal7.xml (RunModel)" time="0.037" />
  <testcase classname="ptolemy.util.test.junit.AutoTests" name="[43] /home/travis/build/icyphy/ptII/ptolemy/domains/de/test/auto/ModalModel.xml (RunModel)" time="0.161" />
  <testcase classname="ptolemy.util.test.junit.AutoTests" name="[44] /home/travis/build/icyphy/ptII/ptolemy/domains/de/test/auto/ModalSource.xml (RunModel)" time="0.02" />
  <testcase classname="ptolemy.util.test.junit.AutoTests" name="[45] /home/travis/build/icyphy/ptII/ptolemy/domains/de/test/auto/NonInterruptibleTimerZeroDelay.xml (RunModel)" time="0.009" />
  <testcase classname="ptolemy.util.test.junit.AutoTests" name="[46] /home/travis/build/icyphy/ptII/ptolemy/domains/de/test/auto/OpenQueueingNetwork.xml (RunModel)" time="2.185" />
  <testcase classname="ptolemy.util.test.junit.AutoTests" name="[47] /home/travis/build/icyphy/ptII/ptolemy/domains/de/test/auto/OpenQueuingNetwork.xml (RunModel)" time="0.271" />
  <testcase classname="ptolemy.util.test.junit.AutoTests" name="[48] /home/travis/build/icyphy/ptII/ptolemy/domains/de/test/auto/PeriodicSampler.xml (RunModel)" time="0.015" />
  <testcase classname="ptolemy.util.test.junit.AutoTests" name="[49] /home/travis/build/icyphy/ptII/ptolemy/domains/de/test/auto/PersistentIO.xml (RunModel)" time="0.024" />
  <testcase classname="ptolemy.util.test.junit.AutoTests" name="[50] /home/travis/build/icyphy/ptII/ptolemy/domains/de/test/auto/PortParameterResetOnInitialize.xml (RunModel)" time="0.011" />
  <testcase classname="ptolemy.util.test.junit.AutoTests" name="[51] /home/travis/build/icyphy/ptII/ptolemy/domains/de/test/auto/PortParameterUpdates.xml (RunModel)" time="0.018" />
  <testcase classname="ptolemy.util.test.junit.AutoTests" name="[52] /home/travis/build/icyphy/ptII/ptolemy/domains/de/test/auto/QueueAndServer.xml (RunModel)" time="0.026" />
  <testcase classname="ptolemy.util.test.junit.AutoTests" name="[53] /home/travis/build/icyphy/ptII/ptolemy/domains/de/test/auto/Records.xml (RunModel)" time="0.012" />
  <testcase classname="ptolemy.util.test.junit.AutoTests" name="[54] /home/travis/build/icyphy/ptII/ptolemy/domains/de/test/auto/ResetTransitionWithStartTime1.xml (RunModel)" time="0.02" />
  <testcase classname="ptolemy.util.test.junit.AutoTests" name="[55] /home/travis/build/icyphy/ptII/ptolemy/domains/de/test/auto/ResetTransitionWithStartTime2.xml (RunModel)" time="0.019" />
  <testcase classname="ptolemy.util.test.junit.AutoTests" name="[56] /home/travis/build/icyphy/ptII/ptolemy/domains/de/test/auto/ResetTransitionWithStartTime3.xml (RunModel)" time="0.017" />
  <testcase classname="ptolemy.util.test.junit.AutoTests" name="[57] /home/travis/build/icyphy/ptII/ptolemy/domains/de/test/auto/ResetTransitionWithStartTime4.xml (RunModel)" time="0.014" />
  <testcase classname="ptolemy.util.test.junit.AutoTests" name="[58] /home/travis/build/icyphy/ptII/ptolemy/domains/de/test/auto/ResettableTimer1.xml (RunModel)" time="0.009" />
  <testcase classname="ptolemy.util.test.junit.AutoTests" name="[59] /home/travis/build/icyphy/ptII/ptolemy/domains/de/test/auto/ResettableTimer2.xml (RunModel)" time="0.008" />
  <testcase classname="ptolemy.util.test.junit.AutoTests" name="[60] /home/travis/build/icyphy/ptII/ptolemy/domains/de/test/auto/ResettableTimer3.xml (RunModel)" time="0.006" />
  <testcase classname="ptolemy.util.test.junit.AutoTests" name="[61] /home/travis/build/icyphy/ptII/ptolemy/domains/de/test/auto/ResettableTimer4.xml (RunModel)" time="0.008" />
  <testcase classname="ptolemy.util.test.junit.AutoTests" name="[62] /home/travis/build/icyphy/ptII/ptolemy/domains/de/test/auto/ResettableTimer5.xml (RunModel)" time="0.008" />
  <testcase classname="ptolemy.util.test.junit.AutoTests" name="[63] /home/travis/build/icyphy/ptII/ptolemy/domains/de/test/auto/ResettableTimer6.xml (RunModel)" time="0.013" />
  <testcase classname="ptolemy.util.test.junit.AutoTests" name="[64] /home/travis/build/icyphy/ptII/ptolemy/domains/de/test/auto/ServerZeroDelay.xml (RunModel)" time="0.009" />
  <testcase classname="ptolemy.util.test.junit.AutoTests" name="[65] /home/travis/build/icyphy/ptII/ptolemy/domains/de/test/auto/SmartSender.xml (RunModel)" time="3.011" />
  <testcase classname="ptolemy.util.test.junit.AutoTests" name="[66] /home/travis/build/icyphy/ptII/ptolemy/domains/de/test/auto/ThreadedComposite.xml (RunModel)" time="0.108" />
  <testcase classname="ptolemy.util.test.junit.AutoTests" name="[67] /home/travis/build/icyphy/ptII/ptolemy/domains/de/test/auto/Time.xml (RunModel)" time="0.323" />
  <testcase classname="ptolemy.util.test.junit.AutoTests" name="[68] /home/travis/build/icyphy/ptII/ptolemy/domains/de/test/auto/TimeDelayZeroDelay.xml (RunModel)" time="0.016" />
  <testcase classname="ptolemy.util.test.junit.AutoTests" name="[69] /home/travis/build/icyphy/ptII/ptolemy/domains/de/test/auto/TimerZeroDelay.xml (RunModel)" time="0.009" />
  <testcase classname="ptolemy.util.test.junit.AutoTests" name="[70] /home/travis/build/icyphy/ptII/ptolemy/domains/de/test/auto/TimingParadox.xml (RunModel)" time="0.302" />
  <testcase classname="ptolemy.util.test.junit.AutoTests" name="[71] /home/travis/build/icyphy/ptII/ptolemy/domains/de/test/auto/TransferInputs.xml (RunModel)" time="0.011" />
  <testcase classname="ptolemy.util.test.junit.AutoTests" name="[72] /home/travis/build/icyphy/ptII/ptolemy/domains/de/test/auto/TransferOutputs2.xml (RunModel)" time="0.013" />
  <testcase classname="ptolemy.util.test.junit.AutoTests" name="[73] /home/travis/build/icyphy/ptII/ptolemy/domains/de/test/auto/Trilateration.xml (RunModel)" time="10.21" />
  <testcase classname="ptolemy.util.test.junit.AutoTests" name="[74] /home/travis/build/icyphy/ptII/ptolemy/domains/de/test/auto/TwoSigmaDelta.xml (RunModel)" time="1.769" />
  <testcase classname="ptolemy.util.test.junit.AutoTests" name="[75] /home/travis/build/icyphy/ptII/ptolemy/domains/de/test/auto/VariableDelay.xml (RunModel)" time="0.013" />
  <testcase classname="ptolemy.util.test.junit.AutoTests" name="[76] /home/travis/build/icyphy/ptII/ptolemy/domains/de/test/auto/VariableDelay2.xml (RunModel)" time="0.02" />
  <testcase classname="ptolemy.util.test.junit.AutoTests" name="[77] /home/travis/build/icyphy/ptII/ptolemy/domains/de/test/auto/VariableDelayZeroDelay.xml (RunModel)" time="0.015" />
  <testcase classname="ptolemy.util.test.junit.AutoTests" name="[78] /home/travis/build/icyphy/ptII/ptolemy/domains/de/test/auto/VariableDelayZeroDelay2.xml (RunModel)" time="0.008" />
  <testcase classname="ptolemy.util.test.junit.AutoTests" name="[79] /home/travis/build/icyphy/ptII/ptolemy/domains/de/test/auto/deInCt.xml (RunModel)" time="0.016" />
  <testcase classname="ptolemy.util.test.junit.AutoTests" name="[80] /home/travis/build/icyphy/ptII/ptolemy/domains/de/test/auto/deInCt2.xml (RunModel)" time="0.014" />
  <testcase classname="ptolemy.util.test.junit.AutoTests" name="[81] /home/travis/build/icyphy/ptII/ptolemy/domains/de/test/auto/dynamicCausalityInterface1.xml (RunModel)" time="0.017" />
  <testcase classname="ptolemy.util.test.junit.AutoTests" name="[82] /home/travis/build/icyphy/ptII/ptolemy/domains/de/test/auto/fsm_de_test.xml (RunModel)" time="0.021" />
  <testcase classname="ptolemy.util.test.junit.AutoTests" name="[83] /home/travis/build/icyphy/ptII/ptolemy/domains/de/test/auto/functionDependencyReconstruction.xml (RunModel)" time="0.03" />
  <testcase classname="ptolemy.util.test.junit.AutoTests" name="[84] /home/travis/build/icyphy/ptII/ptolemy/domains/de/test/auto/multirate.xml (RunModel)" time="0.013" />
  <testcase classname="ptolemy.util.test.junit.AutoTests" name="[85] /home/travis/build/icyphy/ptII/ptolemy/domains/de/test/auto/multirate2.xml (RunModel)" time="0.012" />
  <testcase classname="ptolemy.util.test.junit.AutoTests" name="[86] /home/travis/build/icyphy/ptII/ptolemy/domains/de/test/auto/realtime.xml (RunModel)" time="10.012" />
  <testcase classname="ptolemy.util.test.junit.AutoTests" name="[87] /home/travis/build/icyphy/ptII/ptolemy/domains/de/test/auto/relationGroup.xml (RunModel)" time="0.011" />
  <testcase classname="ptolemy.util.test.junit.AutoTests" name="[88] /home/travis/build/icyphy/ptII/ptolemy/domains/de/test/auto/relationGroup2.xml (RunModel)" time="0.011" />
  <testcase classname="ptolemy.util.test.junit.AutoTests" name="[89] /home/travis/build/icyphy/ptII/ptolemy/domains/de/test/auto/sortWithOpaquePorts.xml (RunModel)" time="0.016" />
  <testcase classname="ptolemy.util.test.junit.AutoTests" name="[90] /home/travis/build/icyphy/ptII/ptolemy/domains/de/test/auto/transferInputsandOutputs.xml (RunModel)" time="0.014" />
  <testcase classname="ptolemy.util.test.junit.AutoTests" name="[91] /home/travis/build/icyphy/ptII/ptolemy/domains/de/test/auto/triggerType.xml (RunModel)" time="0.01" />
  <system-out><![CDATA[/home/travis/build/icyphy/ptII/ptolemy/domains/de/test/DependencyLoop.tcl
testDefs.tcl: setting time out to 9000 seconds at Thu Dec 26 06:30:19 UTC 2019
86 ms. Memory: 129024K Free: 80327K (62%)
31 ms. Memory: 129024K Free: 62919K (49%)
/home/travis/build/icyphy/ptII/ptolemy/domains/de/test/RunDETestsAsQSS.tcl
Run the DE tests using ptolemy.domains.qss.test.QSSDirectorTest, which extends QSSDirector and prints a message in the constructors.
------------------ testing $PTII/ptolemy/domains/de/test/auto/knownFailedTests/DirectFeedback.xml (Known Failure) 
58 ms. Memory: 129024K Free: 57289K (44%)


==== $PTIIhome/travis/build/icyphy/ptII/ptolemy/domains/de/test/../../../../: Auto Automatic test in file $PTII/ptolemy/domains/de/test/auto/knownFailedTests/DirectFeedback.xml
==== Contents of test case:

	    # FIXME: we should use $relativeFilename here, but it
	    # might have backslashes under Windows, which causes no end
	    # of trouble.
	    createAndExecute $file
	    list {}
	
.... Test generated KNOWN error:
    while executing
ptolemy.kernel.util.IllegalActionException: Test fails in iteration 1.
Value was: 1.0. Should have been: 2.0
  in .DirectFeedback.Test
	at ptolemy.actor.lib.Test.fire(Test.java:268)
	at ptolemy.domains.de.kernel.DEDirector._fire(DEDirector.java:1949)
	at ptolemy.domains.de.kernel.DEDirector.fire(DEDirector.java:502)
	at ptolemy.actor.CompositeActor.fire(CompositeActor.java:455)
	at ptolemy.actor.Manager.iterate(Manager.java:851)
	at ptolemy.actor.Manager.execute(Manager.java:369)
	at ptolemy.actor.Manager.run(Manager.java:1263)
	at ptolemy.actor.Manager$PtolemyRunThread.run(Manager.java:1933)

    while executing
ptolemy.kernel.util.IllegalActionException: Test fails in iteration 1.
Value was: 1.0. Should have been: 2.0
  in .DirectFeedback.Test
    while executing
"java::new ptolemy.moml.MoMLSimpleApplication $file
"
    (procedure "createAndExecute" line 2)
    invoked from within
"createAndExecute $file"
    ("uplevel" body line 5)
    invoked from within
"uplevel $contents_of_test"
------------------ testing $PTII/ptolemy/domains/de/test/auto/knownFailedTests/dependencyLoop.xml (Known Failure) 
8 ms. Memory: 129024K Free: 54217K (42%)


==== $PTIIhome/travis/build/icyphy/ptII/ptolemy/domains/de/test/../../../../: Auto Automatic test in file $PTII/ptolemy/domains/de/test/auto/knownFailedTests/dependencyLoop.xml
==== Contents of test case:

	    # FIXME: we should use $relativeFilename here, but it
	    # might have backslashes under Windows, which causes no end
	    # of trouble.
	    createAndExecute $file
	    list {}
	
.... Test generated KNOWN error:
    while executing
ptolemy.kernel.util.IllegalActionException: Found a zero delay loop containing .dependencyLoop.original
  in .dependencyLoop and .dependencyLoop.original
	at ptolemy.actor.util.CausalityInterfaceForComposites._computeOutputPortDepth(CausalityInterfaceForComposites.java:759)
	at ptolemy.actor.util.CausalityInterfaceForComposites._computeInputDepth(CausalityInterfaceForComposites.java:696)
	at ptolemy.actor.util.CausalityInterfaceForComposites._computeOutputPortDepth(CausalityInterfaceForComposites.java:765)
	at ptolemy.actor.util.CausalityInterfaceForComposites._computeInputDepth(CausalityInterfaceForComposites.java:696)
	at ptolemy.actor.util.CausalityInterfaceForComposites._computeOutputPortDepth(CausalityInterfaceForComposites.java:765)
	at ptolemy.actor.util.CausalityInterfaceForComposites._computeInputDepth(CausalityInterfaceForComposites.java:696)
	at ptolemy.actor.util.CausalityInterfaceForComposites._computeActorDepth(CausalityInterfaceForComposites.java:532)
	at ptolemy.actor.util.CausalityInterfaceForComposites.checkForCycles(CausalityInterfaceForComposites.java:96)
	at ptolemy.domains.de.kernel.DEDirector.preinitialize(DEDirector.java:1338)
	at ptolemy.actor.CompositeActor.preinitialize(CompositeActor.java:1828)
	at ptolemy.actor.Manager.preinitializeAndResolveTypes(Manager.java:1040)
	at ptolemy.actor.Manager.initialize(Manager.java:710)
	at ptolemy.actor.Manager.execute(Manager.java:356)
	at ptolemy.actor.Manager.run(Manager.java:1263)
	at ptolemy.actor.Manager$PtolemyRunThread.run(Manager.java:1933)

    while executing
ptolemy.kernel.util.IllegalActionException: Found a zero delay loop containing .dependencyLoop.original
  in .dependencyLoop and .dependencyLoop.original
    while executing
"java::new ptolemy.moml.MoMLSimpleApplication $file
"
    (procedure "createAndExecute" line 2)
    invoked from within
"createAndExecute $file"
    ("uplevel" body line 5)
    invoked from within
"uplevel $contents_of_test"
------------------ testing $PTII/ptolemy/domains/de/test/auto/knownFailedTests/FSMSource.xml (Known Failure) 
63 ms. Memory: 129024K Free: 113114K (88%)
!!!! Auto was marked as failing, but now passes
------------------ testing $PTII/ptolemy/domains/de/test/auto/knownFailedTests/HierarchicalModel.xml (Known Failure) 
9 ms. Memory: 129024K Free: 95643K (74%)


==== $PTIIhome/travis/build/icyphy/ptII/ptolemy/domains/de/test/../../../../: Auto Automatic test in file $PTII/ptolemy/domains/de/test/auto/knownFailedTests/HierarchicalModel.xml
==== Contents of test case:

	    # FIXME: we should use $relativeFilename here, but it
	    # might have backslashes under Windows, which causes no end
	    # of trouble.
	    createAndExecute $file
	    list {}
	
.... Test generated KNOWN error:
    while executing
ptolemy.kernel.util.IllegalActionException: Found a zero delay loop containing .HierarchicalModel.A
  in .HierarchicalModel and .HierarchicalModel.A
	at ptolemy.actor.util.CausalityInterfaceForComposites._computeOutputPortDepth(CausalityInterfaceForComposites.java:759)
	at ptolemy.actor.util.CausalityInterfaceForComposites._computeInputDepth(CausalityInterfaceForComposites.java:696)
	at ptolemy.actor.util.CausalityInterfaceForComposites._computeOutputPortDepth(CausalityInterfaceForComposites.java:765)
	at ptolemy.actor.util.CausalityInterfaceForComposites._computeInputDepth(CausalityInterfaceForComposites.java:696)
	at ptolemy.actor.util.CausalityInterfaceForComposites._computeOutputPortDepth(CausalityInterfaceForComposites.java:765)
	at ptolemy.actor.util.CausalityInterfaceForComposites._computeInputDepth(CausalityInterfaceForComposites.java:696)
	at ptolemy.actor.util.CausalityInterfaceForComposites._computeActorDepth(CausalityInterfaceForComposites.java:532)
	at ptolemy.actor.util.CausalityInterfaceForComposites.checkForCycles(CausalityInterfaceForComposites.java:96)
	at ptolemy.domains.de.kernel.DEDirector.preinitialize(DEDirector.java:1338)
	at ptolemy.actor.CompositeActor.preinitialize(CompositeActor.java:1828)
	at ptolemy.actor.Manager.preinitializeAndResolveTypes(Manager.java:1040)
	at ptolemy.actor.Manager.initialize(Manager.java:710)
	at ptolemy.actor.Manager.execute(Manager.java:356)
	at ptolemy.actor.Manager.run(Manager.java:1263)
	at ptolemy.actor.Manager$PtolemyRunThread.run(Manager.java:1933)

    while executing
ptolemy.kernel.util.IllegalActionException: Found a zero delay loop containing .HierarchicalModel.A
  in .HierarchicalModel and .HierarchicalModel.A
    while executing
"java::new ptolemy.moml.MoMLSimpleApplication $file
"
    (procedure "createAndExecute" line 2)
    invoked from within
"createAndExecute $file"
    ("uplevel" body line 5)
    invoked from within
"uplevel $contents_of_test"
------------------ testing $PTII/ptolemy/domains/de/test/auto/knownFailedTests/dependencyLoop2.xml (Known Failure) 
5 ms. Memory: 129024K Free: 80021K (62%)


==== $PTIIhome/travis/build/icyphy/ptII/ptolemy/domains/de/test/../../../../: Auto Automatic test in file $PTII/ptolemy/domains/de/test/auto/knownFailedTests/dependencyLoop2.xml
==== Contents of test case:

	    # FIXME: we should use $relativeFilename here, but it
	    # might have backslashes under Windows, which causes no end
	    # of trouble.
	    createAndExecute $file
	    list {}
	
.... Test generated KNOWN error:
    while executing
ptolemy.kernel.util.IllegalActionException: Found a zero delay loop containing .dependencyLoop2.original
  in .dependencyLoop2 and .dependencyLoop2.original
	at ptolemy.actor.util.CausalityInterfaceForComposites._computeOutputPortDepth(CausalityInterfaceForComposites.java:759)
	at ptolemy.actor.util.CausalityInterfaceForComposites._computeInputDepth(CausalityInterfaceForComposites.java:696)
	at ptolemy.actor.util.CausalityInterfaceForComposites._computeOutputPortDepth(CausalityInterfaceForComposites.java:765)
	at ptolemy.actor.util.CausalityInterfaceForComposites._computeInputDepth(CausalityInterfaceForComposites.java:696)
	at ptolemy.actor.util.CausalityInterfaceForComposites._computeOutputPortDepth(CausalityInterfaceForComposites.java:765)
	at ptolemy.actor.util.CausalityInterfaceForComposites._computeInputDepth(CausalityInterfaceForComposites.java:696)
	at ptolemy.actor.util.CausalityInterfaceForComposites._computeActorDepth(CausalityInterfaceForComposites.java:532)
	at ptolemy.actor.util.CausalityInterfaceForComposites.checkForCycles(CausalityInterfaceForComposites.java:96)
	at ptolemy.domains.de.kernel.DEDirector.preinitialize(DEDirector.java:1338)
	at ptolemy.actor.CompositeActor.preinitialize(CompositeActor.java:1828)
	at ptolemy.actor.Manager.preinitializeAndResolveTypes(Manager.java:1040)
	at ptolemy.actor.Manager.initialize(Manager.java:710)
	at ptolemy.actor.Manager.execute(Manager.java:356)
	at ptolemy.actor.Manager.run(Manager.java:1263)
	at ptolemy.actor.Manager$PtolemyRunThread.run(Manager.java:1933)

    while executing
ptolemy.kernel.util.IllegalActionException: Found a zero delay loop containing .dependencyLoop2.original
  in .dependencyLoop2 and .dependencyLoop2.original
    while executing
"java::new ptolemy.moml.MoMLSimpleApplication $file
"
    (procedure "createAndExecute" line 2)
    invoked from within
"createAndExecute $file"
    ("uplevel" body line 5)
    invoked from within
"uplevel $contents_of_test"
------------------ testing $PTII/ptolemy/domains/de/test/auto/knownFailedTests/DESDFClockTest.xml (Known Failure) 
2041 ms. Memory: 129024K Free: 110557K (86%)


==== $PTIIhome/travis/build/icyphy/ptII/ptolemy/domains/de/test/../../../../: Auto Automatic test in file $PTII/ptolemy/domains/de/test/auto/knownFailedTests/DESDFClockTest.xml
==== Contents of test case:

	    # FIXME: we should use $relativeFilename here, but it
	    # might have backslashes under Windows, which causes no end
	    # of trouble.
	    createAndExecute $file
	    list {}
	
.... Test generated KNOWN error:
    while executing
ptolemy.kernel.util.IllegalActionException: Actor is not ready to fire.  Perhaps UpSample.prefire() returned false? Try debugging the actor by selecting "Listen to Actor".  Also, for SDF check moml for tokenConsumptionRate on input.
  in .DESDFClockTest.Play Bell.Copy1:SDF Director and .DESDFClockTest.Play Bell.UpSample
	at ptolemy.actor.sched.StaticSchedulingDirector.fire(StaticSchedulingDirector.java:227)
	at ptolemy.domains.sdf.kernel.SDFDirector.fire(SDFDirector.java:500)
	at ptolemy.actor.CompositeActor.fire(CompositeActor.java:455)
	at ptolemy.domains.de.kernel.DEDirector._fire(DEDirector.java:1949)
	at ptolemy.domains.de.kernel.DEDirector.fire(DEDirector.java:502)
	at ptolemy.actor.CompositeActor.fire(CompositeActor.java:455)
	at ptolemy.actor.Manager.iterate(Manager.java:851)
	at ptolemy.actor.Manager.execute(Manager.java:369)
	at ptolemy.actor.Manager.run(Manager.java:1263)
	at ptolemy.actor.Manager$PtolemyRunThread.run(Manager.java:1933)

    while executing
ptolemy.kernel.util.IllegalActionException: Actor is not ready to fire.  Perhaps UpSample.prefire() returned false? Try debugging the actor by selecting "Listen to Actor".  Also, for SDF check moml for tokenConsumptionRate on input.
  in .DESDFClockTest.Play Bell.Copy1:SDF Director and .DESDFClockTest.Play Bell.UpSample
    while executing
"java::new ptolemy.moml.MoMLSimpleApplication $file
"
    (procedure "createAndExecute" line 2)
    invoked from within
"createAndExecute $file"
    ("uplevel" body line 5)
    invoked from within
"uplevel $contents_of_test"
------------------ testing $PTII/ptolemy/domains/de/test/auto/ActorDepthCalculation_actorWithoutPorts.xml
auto.tcl: Setting watchdog for 200 seconds at Thu Dec 26 06:30:23 UTC 2019
4 ms. Memory: 129024K Free: 102879K (80%)
ptolemy.util.test.WatchDog.cancel(): canceling Thu Dec 26 06:30:23 UTC 2019
auto.tcl: Setting watchdog for 200 seconds at Thu Dec 26 06:30:23 UTC 2019
12 ms. Memory: 129024K Free: 101855K (79%)
ptolemy.util.test.WatchDog.cancel(): canceling Thu Dec 26 06:30:23 UTC 2019
------------------ testing $PTII/ptolemy/domains/de/test/auto/AssemblyLine.xml
auto.tcl: Setting watchdog for 200 seconds at Thu Dec 26 06:30:23 UTC 2019
6 ms. Memory: 51200K Free: 28536K (56%)
ptolemy.util.test.WatchDog.cancel(): canceling Thu Dec 26 06:30:23 UTC 2019
auto.tcl: Setting watchdog for 200 seconds at Thu Dec 26 06:30:23 UTC 2019
5 ms. Memory: 51200K Free: 28041K (55%)
ptolemy.util.test.WatchDog.cancel(): canceling Thu Dec 26 06:30:23 UTC 2019
------------------ testing $PTII/ptolemy/domains/de/test/auto/CQBug1.xml
auto.tcl: Setting watchdog for 200 seconds at Thu Dec 26 06:30:23 UTC 2019
2 ms. Memory: 48128K Free: 31591K (66%)
ptolemy.util.test.WatchDog.cancel(): canceling Thu Dec 26 06:30:23 UTC 2019
auto.tcl: Setting watchdog for 200 seconds at Thu Dec 26 06:30:23 UTC 2019
2 ms. Memory: 48128K Free: 31124K (65%)
ptolemy.util.test.WatchDog.cancel(): canceling Thu Dec 26 06:30:23 UTC 2019
------------------ testing $PTII/ptolemy/domains/de/test/auto/CancelFireAt.xml
auto.tcl: Setting watchdog for 200 seconds at Thu Dec 26 06:30:24 UTC 2019
13 ms. Memory: 45056K Free: 29718K (66%)
ptolemy.util.test.WatchDog.cancel(): canceling Thu Dec 26 06:30:24 UTC 2019
auto.tcl: Setting watchdog for 200 seconds at Thu Dec 26 06:30:24 UTC 2019
3 ms. Memory: 45056K Free: 29303K (65%)
ptolemy.util.test.WatchDog.cancel(): canceling Thu Dec 26 06:30:24 UTC 2019
------------------ testing $PTII/ptolemy/domains/de/test/auto/CausalityAndComposabilityAnalysis.xml
auto.tcl: Setting watchdog for 200 seconds at Thu Dec 26 06:30:24 UTC 2019
16 ms. Memory: 45056K Free: 27393K (61%)
ptolemy.util.test.WatchDog.cancel(): canceling Thu Dec 26 06:30:24 UTC 2019
auto.tcl: Setting watchdog for 200 seconds at Thu Dec 26 06:30:24 UTC 2019
8 ms. Memory: 45056K Free: 27012K (60%)
ptolemy.util.test.WatchDog.cancel(): canceling Thu Dec 26 06:30:24 UTC 2019
------------------ testing $PTII/ptolemy/domains/de/test/auto/CausalityInterface1.xml
auto.tcl: Setting watchdog for 200 seconds at Thu Dec 26 06:30:24 UTC 2019
14 ms. Memory: 45056K Free: 26410K (59%)
ptolemy.util.test.WatchDog.cancel(): canceling Thu Dec 26 06:30:24 UTC 2019
auto.tcl: Setting watchdog for 200 seconds at Thu Dec 26 06:30:24 UTC 2019
8 ms. Memory: 45056K Free: 25435K (56%)
ptolemy.util.test.WatchDog.cancel(): canceling Thu Dec 26 06:30:24 UTC 2019
------------------ testing $PTII/ptolemy/domains/de/test/auto/CausalityInterface15.xml
auto.tcl: Setting watchdog for 200 seconds at Thu Dec 26 06:30:24 UTC 2019
8 ms. Memory: 45056K Free: 26439K (59%)
ptolemy.util.test.WatchDog.cancel(): canceling Thu Dec 26 06:30:24 UTC 2019
auto.tcl: Setting watchdog for 200 seconds at Thu Dec 26 06:30:24 UTC 2019
6 ms. Memory: 45056K Free: 25367K (56%)
ptolemy.util.test.WatchDog.cancel(): canceling Thu Dec 26 06:30:24 UTC 2019
------------------ testing $PTII/ptolemy/domains/de/test/auto/CausalityInterface2.xml
auto.tcl: Setting watchdog for 200 seconds at Thu Dec 26 06:30:24 UTC 2019
6 ms. Memory: 45056K Free: 27106K (60%)
ptolemy.util.test.WatchDog.cancel(): canceling Thu Dec 26 06:30:24 UTC 2019
auto.tcl: Setting watchdog for 200 seconds at Thu Dec 26 06:30:24 UTC 2019
3 ms. Memory: 45056K Free: 26365K (59%)
ptolemy.util.test.WatchDog.cancel(): canceling Thu Dec 26 06:30:24 UTC 2019
------------------ testing $PTII/ptolemy/domains/de/test/auto/CausalityInterface3.xml
auto.tcl: Setting watchdog for 200 seconds at Thu Dec 26 06:30:24 UTC 2019
3 ms. Memory: 45056K Free: 26566K (59%)
ptolemy.util.test.WatchDog.cancel(): canceling Thu Dec 26 06:30:24 UTC 2019
auto.tcl: Setting watchdog for 200 seconds at Thu Dec 26 06:30:24 UTC 2019
2 ms. Memory: 45056K Free: 25788K (57%)
ptolemy.util.test.WatchDog.cancel(): canceling Thu Dec 26 06:30:24 UTC 2019
------------------ testing $PTII/ptolemy/domains/de/test/auto/ClockDrift.xml
auto.tcl: Setting watchdog for 200 seconds at Thu Dec 26 06:30:24 UTC 2019
85 ms. Memory: 45056K Free: 18955K (42%)
ptolemy.util.test.WatchDog.cancel(): canceling Thu Dec 26 06:30:24 UTC 2019
auto.tcl: Setting watchdog for 200 seconds at Thu Dec 26 06:30:24 UTC 2019
57 ms. Memory: 45056K Free: 15767K (35%)
ptolemy.util.test.WatchDog.cancel(): canceling Thu Dec 26 06:30:24 UTC 2019
------------------ testing $PTII/ptolemy/domains/de/test/auto/ClockDriftAndValueChange.xml
auto.tcl: Setting watchdog for 200 seconds at Thu Dec 26 06:30:24 UTC 2019
38 ms. Memory: 45056K Free: 19448K (43%)
ptolemy.util.test.WatchDog.cancel(): canceling Thu Dec 26 06:30:24 UTC 2019
auto.tcl: Setting watchdog for 200 seconds at Thu Dec 26 06:30:24 UTC 2019
25 ms. Memory: 45056K Free: 16376K (36%)
ptolemy.util.test.WatchDog.cancel(): canceling Thu Dec 26 06:30:24 UTC 2019
------------------ testing $PTII/ptolemy/domains/de/test/auto/ClockDriftChange.xml
auto.tcl: Setting watchdog for 200 seconds at Thu Dec 26 06:30:24 UTC 2019
22 ms. Memory: 45056K Free: 21277K (47%)
ptolemy.util.test.WatchDog.cancel(): canceling Thu Dec 26 06:30:24 UTC 2019
auto.tcl: Setting watchdog for 200 seconds at Thu Dec 26 06:30:24 UTC 2019
27 ms. Memory: 45056K Free: 18744K (42%)
ptolemy.util.test.WatchDog.cancel(): canceling Thu Dec 26 06:30:25 UTC 2019
------------------ testing $PTII/ptolemy/domains/de/test/auto/ComposableCausalityAnalysis.xml
auto.tcl: Setting watchdog for 200 seconds at Thu Dec 26 06:30:25 UTC 2019
2 ms. Memory: 45056K Free: 25951K (58%)
ptolemy.util.test.WatchDog.cancel(): canceling Thu Dec 26 06:30:25 UTC 2019
auto.tcl: Setting watchdog for 200 seconds at Thu Dec 26 06:30:25 UTC 2019
3 ms. Memory: 45056K Free: 24902K (55%)
ptolemy.util.test.WatchDog.cancel(): canceling Thu Dec 26 06:30:25 UTC 2019
------------------ testing $PTII/ptolemy/domains/de/test/auto/DEFixedPointLimitation.xml
auto.tcl: Setting watchdog for 200 seconds at Thu Dec 26 06:30:25 UTC 2019
4 ms. Memory: 45056K Free: 27270K (61%)
ptolemy.util.test.WatchDog.cancel(): canceling Thu Dec 26 06:30:25 UTC 2019
auto.tcl: Setting watchdog for 200 seconds at Thu Dec 26 06:30:25 UTC 2019
2 ms. Memory: 45056K Free: 26362K (59%)
ptolemy.util.test.WatchDog.cancel(): canceling Thu Dec 26 06:30:25 UTC 2019
------------------ testing $PTII/ptolemy/domains/de/test/auto/DEScheduleTest.xml
auto.tcl: Setting watchdog for 200 seconds at Thu Dec 26 06:30:25 UTC 2019
4 ms. Memory: 45056K Free: 27552K (61%)
ptolemy.util.test.WatchDog.cancel(): canceling Thu Dec 26 06:30:25 UTC 2019
auto.tcl: Setting watchdog for 200 seconds at Thu Dec 26 06:30:25 UTC 2019
4 ms. Memory: 45056K Free: 26780K (59%)
ptolemy.util.test.WatchDog.cancel(): canceling Thu Dec 26 06:30:25 UTC 2019
------------------ testing $PTII/ptolemy/domains/de/test/auto/DEinDEwithStartTimes.xml
auto.tcl: Setting watchdog for 200 seconds at Thu Dec 26 06:30:25 UTC 2019
3 ms. Memory: 45056K Free: 25737K (57%)
ptolemy.util.test.WatchDog.cancel(): canceling Thu Dec 26 06:30:25 UTC 2019
auto.tcl: Setting watchdog for 200 seconds at Thu Dec 26 06:30:25 UTC 2019
3 ms. Memory: 45056K Free: 24670K (55%)
ptolemy.util.test.WatchDog.cancel(): canceling Thu Dec 26 06:30:25 UTC 2019
------------------ testing $PTII/ptolemy/domains/de/test/auto/DEinDEwithStartTimes2.xml
auto.tcl: Setting watchdog for 200 seconds at Thu Dec 26 06:30:25 UTC 2019
4 ms. Memory: 45056K Free: 24988K (55%)
ptolemy.util.test.WatchDog.cancel(): canceling Thu Dec 26 06:30:25 UTC 2019
auto.tcl: Setting watchdog for 200 seconds at Thu Dec 26 06:30:25 UTC 2019
3 ms. Memory: 45056K Free: 23625K (52%)
ptolemy.util.test.WatchDog.cancel(): canceling Thu Dec 26 06:30:25 UTC 2019
------------------ testing $PTII/ptolemy/domains/de/test/auto/DateDemo.xml
auto.tcl: Setting watchdog for 200 seconds at Thu Dec 26 06:30:25 UTC 2019
17 ms. Memory: 45056K Free: 19287K (43%)
ptolemy.util.test.WatchDog.cancel(): canceling Thu Dec 26 06:30:25 UTC 2019
auto.tcl: Setting watchdog for 200 seconds at Thu Dec 26 06:30:25 UTC 2019
8 ms. Memory: 45056K Free: 17724K (39%)
ptolemy.util.test.WatchDog.cancel(): canceling Thu Dec 26 06:30:25 UTC 2019
------------------ testing $PTII/ptolemy/domains/de/test/auto/DateToEvent.xml
auto.tcl: Setting watchdog for 200 seconds at Thu Dec 26 06:30:25 UTC 2019
2016 ms. Memory: 45056K Free: 15185K (34%)
ptolemy.util.test.WatchDog.cancel(): canceling Thu Dec 26 06:30:27 UTC 2019
auto.tcl: Setting watchdog for 200 seconds at Thu Dec 26 06:30:27 UTC 2019
2008 ms. Memory: 45056K Free: 14511K (32%)
ptolemy.util.test.WatchDog.cancel(): canceling Thu Dec 26 06:30:29 UTC 2019
------------------ testing $PTII/ptolemy/domains/de/test/auto/DepthTest1.xml
auto.tcl: Setting watchdog for 200 seconds at Thu Dec 26 06:30:29 UTC 2019
4 ms. Memory: 45056K Free: 28334K (63%)
ptolemy.util.test.WatchDog.cancel(): canceling Thu Dec 26 06:30:29 UTC 2019
auto.tcl: Setting watchdog for 200 seconds at Thu Dec 26 06:30:29 UTC 2019
2 ms. Memory: 45056K Free: 27951K (62%)
ptolemy.util.test.WatchDog.cancel(): canceling Thu Dec 26 06:30:29 UTC 2019
------------------ testing $PTII/ptolemy/domains/de/test/auto/DepthTest2.xml
auto.tcl: Setting watchdog for 200 seconds at Thu Dec 26 06:30:29 UTC 2019
3 ms. Memory: 45056K Free: 25127K (56%)
ptolemy.util.test.WatchDog.cancel(): canceling Thu Dec 26 06:30:29 UTC 2019
auto.tcl: Setting watchdog for 200 seconds at Thu Dec 26 06:30:29 UTC 2019
3 ms. Memory: 45056K Free: 24661K (55%)
ptolemy.util.test.WatchDog.cancel(): canceling Thu Dec 26 06:30:29 UTC 2019
------------------ testing $PTII/ptolemy/domains/de/test/auto/DepthTest3.xml
auto.tcl: Setting watchdog for 200 seconds at Thu Dec 26 06:30:29 UTC 2019
6 ms. Memory: 45056K Free: 28793K (64%)
ptolemy.util.test.WatchDog.cancel(): canceling Thu Dec 26 06:30:29 UTC 2019
auto.tcl: Setting watchdog for 200 seconds at Thu Dec 26 06:30:29 UTC 2019
4 ms. Memory: 45056K Free: 28271K (63%)
ptolemy.util.test.WatchDog.cancel(): canceling Thu Dec 26 06:30:29 UTC 2019
------------------ testing $PTII/ptolemy/domains/de/test/auto/DepthTest4.xml
auto.tcl: Setting watchdog for 200 seconds at Thu Dec 26 06:30:29 UTC 2019
9 ms. Memory: 45056K Free: 27021K (60%)
ptolemy.util.test.WatchDog.cancel(): canceling Thu Dec 26 06:30:29 UTC 2019
auto.tcl: Setting watchdog for 200 seconds at Thu Dec 26 06:30:29 UTC 2019
3 ms. Memory: 45056K Free: 26297K (58%)
ptolemy.util.test.WatchDog.cancel(): canceling Thu Dec 26 06:30:29 UTC 2019
------------------ testing $PTII/ptolemy/domains/de/test/auto/DepthTest5.xml
auto.tcl: Setting watchdog for 200 seconds at Thu Dec 26 06:30:29 UTC 2019
3 ms. Memory: 45056K Free: 26138K (58%)
ptolemy.util.test.WatchDog.cancel(): canceling Thu Dec 26 06:30:29 UTC 2019
auto.tcl: Setting watchdog for 200 seconds at Thu Dec 26 06:30:29 UTC 2019
2 ms. Memory: 45056K Free: 25770K (57%)
ptolemy.util.test.WatchDog.cancel(): canceling Thu Dec 26 06:30:29 UTC 2019
------------------ testing $PTII/ptolemy/domains/de/test/auto/DepthTest6.xml
auto.tcl: Setting watchdog for 200 seconds at Thu Dec 26 06:30:30 UTC 2019
4 ms. Memory: 45056K Free: 26132K (58%)
ptolemy.util.test.WatchDog.cancel(): canceling Thu Dec 26 06:30:30 UTC 2019
auto.tcl: Setting watchdog for 200 seconds at Thu Dec 26 06:30:30 UTC 2019
2 ms. Memory: 45056K Free: 25602K (57%)
ptolemy.util.test.WatchDog.cancel(): canceling Thu Dec 26 06:30:30 UTC 2019
------------------ testing $PTII/ptolemy/domains/de/test/auto/DepthTest7.xml
auto.tcl: Setting watchdog for 200 seconds at Thu Dec 26 06:30:30 UTC 2019
3 ms. Memory: 45056K Free: 26952K (60%)
ptolemy.util.test.WatchDog.cancel(): canceling Thu Dec 26 06:30:30 UTC 2019
auto.tcl: Setting watchdog for 200 seconds at Thu Dec 26 06:30:30 UTC 2019
2 ms. Memory: 45056K Free: 26223K (58%)
ptolemy.util.test.WatchDog.cancel(): canceling Thu Dec 26 06:30:30 UTC 2019
------------------ testing $PTII/ptolemy/domains/de/test/auto/EventToDate.xml
auto.tcl: Setting watchdog for 200 seconds at Thu Dec 26 06:30:30 UTC 2019
3006 ms. Memory: 45056K Free: 17734K (39%)
ptolemy.util.test.WatchDog.cancel(): canceling Thu Dec 26 06:30:33 UTC 2019
auto.tcl: Setting watchdog for 200 seconds at Thu Dec 26 06:30:33 UTC 2019
3008 ms. Memory: 45056K Free: 17027K (38%)
ptolemy.util.test.WatchDog.cancel(): canceling Thu Dec 26 06:30:36 UTC 2019
------------------ testing $PTII/ptolemy/domains/de/test/auto/FSM1.xml
auto.tcl: Setting watchdog for 200 seconds at Thu Dec 26 06:30:36 UTC 2019
21 ms. Memory: 45056K Free: 18960K (42%)
ptolemy.util.test.WatchDog.cancel(): canceling Thu Dec 26 06:30:36 UTC 2019
auto.tcl: Setting watchdog for 200 seconds at Thu Dec 26 06:30:36 UTC 2019
19 ms. Memory: 45056K Free: 15722K (35%)
ptolemy.util.test.WatchDog.cancel(): canceling Thu Dec 26 06:30:36 UTC 2019
------------------ testing $PTII/ptolemy/domains/de/test/auto/FSM7.xml
auto.tcl: Setting watchdog for 200 seconds at Thu Dec 26 06:30:36 UTC 2019
27 ms. Memory: 45056K Free: 18874K (42%)
ptolemy.util.test.WatchDog.cancel(): canceling Thu Dec 26 06:30:36 UTC 2019
auto.tcl: Setting watchdog for 200 seconds at Thu Dec 26 06:30:36 UTC 2019
14 ms. Memory: 45056K Free: 15557K (35%)
ptolemy.util.test.WatchDog.cancel(): canceling Thu Dec 26 06:30:36 UTC 2019
------------------ testing $PTII/ptolemy/domains/de/test/auto/Inspection.xml
auto.tcl: Setting watchdog for 200 seconds at Thu Dec 26 06:30:36 UTC 2019
23 ms. Memory: 45056K Free: 18708K (42%)
ptolemy.util.test.WatchDog.cancel(): canceling Thu Dec 26 06:30:36 UTC 2019
auto.tcl: Setting watchdog for 200 seconds at Thu Dec 26 06:30:36 UTC 2019
15 ms. Memory: 45056K Free: 16958K (38%)
ptolemy.util.test.WatchDog.cancel(): canceling Thu Dec 26 06:30:36 UTC 2019
------------------ testing $PTII/ptolemy/domains/de/test/auto/Iteration.xml
auto.tcl: Setting watchdog for 200 seconds at Thu Dec 26 06:30:36 UTC 2019
6 ms. Memory: 45056K Free: 24389K (54%)
ptolemy.util.test.WatchDog.cancel(): canceling Thu Dec 26 06:30:36 UTC 2019
auto.tcl: Setting watchdog for 200 seconds at Thu Dec 26 06:30:36 UTC 2019
5 ms. Memory: 45056K Free: 23010K (51%)
ptolemy.util.test.WatchDog.cancel(): canceling Thu Dec 26 06:30:36 UTC 2019
------------------ testing $PTII/ptolemy/domains/de/test/auto/LineFault.xml
auto.tcl: Setting watchdog for 200 seconds at Thu Dec 26 06:30:36 UTC 2019
578 ms. Memory: 45056K Free: 25079K (56%)
ptolemy.util.test.WatchDog.cancel(): canceling Thu Dec 26 06:30:37 UTC 2019
auto.tcl: Setting watchdog for 200 seconds at Thu Dec 26 06:30:37 UTC 2019
557 ms. Memory: 54272K Free: 17144K (32%)
ptolemy.util.test.WatchDog.cancel(): canceling Thu Dec 26 06:30:38 UTC 2019
------------------ testing $PTII/ptolemy/domains/de/test/auto/MergeModel1Add.xml
auto.tcl: Setting watchdog for 200 seconds at Thu Dec 26 06:30:38 UTC 2019
16 ms. Memory: 51200K Free: 16536K (32%)
ptolemy.util.test.WatchDog.cancel(): canceling Thu Dec 26 06:30:38 UTC 2019
auto.tcl: Setting watchdog for 200 seconds at Thu Dec 26 06:30:38 UTC 2019
10 ms. Memory: 51200K Free: 14932K (29%)
ptolemy.util.test.WatchDog.cancel(): canceling Thu Dec 26 06:30:38 UTC 2019
------------------ testing $PTII/ptolemy/domains/de/test/auto/MergeModel2Add.xml
auto.tcl: Setting watchdog for 200 seconds at Thu Dec 26 06:30:38 UTC 2019
8 ms. Memory: 51200K Free: 18605K (36%)
ptolemy.util.test.WatchDog.cancel(): canceling Thu Dec 26 06:30:38 UTC 2019
auto.tcl: Setting watchdog for 200 seconds at Thu Dec 26 06:30:38 UTC 2019
7 ms. Memory: 51200K Free: 16628K (32%)
ptolemy.util.test.WatchDog.cancel(): canceling Thu Dec 26 06:30:38 UTC 2019
------------------ testing $PTII/ptolemy/domains/de/test/auto/MergeModel3Add.xml
auto.tcl: Setting watchdog for 200 seconds at Thu Dec 26 06:30:38 UTC 2019
7 ms. Memory: 51200K Free: 18614K (36%)
ptolemy.util.test.WatchDog.cancel(): canceling Thu Dec 26 06:30:38 UTC 2019
auto.tcl: Setting watchdog for 200 seconds at Thu Dec 26 06:30:38 UTC 2019
7 ms. Memory: 51200K Free: 17053K (33%)
ptolemy.util.test.WatchDog.cancel(): canceling Thu Dec 26 06:30:38 UTC 2019
------------------ testing $PTII/ptolemy/domains/de/test/auto/MergeWithoutDiscard.xml
auto.tcl: Setting watchdog for 200 seconds at Thu Dec 26 06:30:38 UTC 2019
1 ms. Memory: 48128K Free: 30065K (62%)
ptolemy.util.test.WatchDog.cancel(): canceling Thu Dec 26 06:30:38 UTC 2019
auto.tcl: Setting watchdog for 200 seconds at Thu Dec 26 06:30:38 UTC 2019
1 ms. Memory: 48128K Free: 29669K (62%)
ptolemy.util.test.WatchDog.cancel(): canceling Thu Dec 26 06:30:38 UTC 2019
------------------ testing $PTII/ptolemy/domains/de/test/auto/Modal1.xml
auto.tcl: Setting watchdog for 200 seconds at Thu Dec 26 06:30:38 UTC 2019
11 ms. Memory: 48128K Free: 22034K (46%)
ptolemy.util.test.WatchDog.cancel(): canceling Thu Dec 26 06:30:38 UTC 2019
auto.tcl: Setting watchdog for 200 seconds at Thu Dec 26 06:30:38 UTC 2019
11 ms. Memory: 48128K Free: 18605K (39%)
ptolemy.util.test.WatchDog.cancel(): canceling Thu Dec 26 06:30:38 UTC 2019
------------------ testing $PTII/ptolemy/domains/de/test/auto/Modal2.xml
auto.tcl: Setting watchdog for 200 seconds at Thu Dec 26 06:30:38 UTC 2019
17 ms. Memory: 48128K Free: 22117K (46%)
ptolemy.util.test.WatchDog.cancel(): canceling Thu Dec 26 06:30:38 UTC 2019
auto.tcl: Setting watchdog for 200 seconds at Thu Dec 26 06:30:38 UTC 2019
19 ms. Memory: 48128K Free: 18877K (39%)
ptolemy.util.test.WatchDog.cancel(): canceling Thu Dec 26 06:30:38 UTC 2019
------------------ testing $PTII/ptolemy/domains/de/test/auto/Modal3.xml
auto.tcl: Setting watchdog for 200 seconds at Thu Dec 26 06:30:38 UTC 2019
12 ms. Memory: 48128K Free: 22126K (46%)
ptolemy.util.test.WatchDog.cancel(): canceling Thu Dec 26 06:30:38 UTC 2019
auto.tcl: Setting watchdog for 200 seconds at Thu Dec 26 06:30:38 UTC 2019
11 ms. Memory: 48128K Free: 18937K (39%)
ptolemy.util.test.WatchDog.cancel(): canceling Thu Dec 26 06:30:38 UTC 2019
------------------ testing $PTII/ptolemy/domains/de/test/auto/Modal4.xml
auto.tcl: Setting watchdog for 200 seconds at Thu Dec 26 06:30:38 UTC 2019
25 ms. Memory: 48128K Free: 21082K (44%)
ptolemy.util.test.WatchDog.cancel(): canceling Thu Dec 26 06:30:38 UTC 2019
auto.tcl: Setting watchdog for 200 seconds at Thu Dec 26 06:30:38 UTC 2019
17 ms. Memory: 48128K Free: 17233K (36%)
ptolemy.util.test.WatchDog.cancel(): canceling Thu Dec 26 06:30:38 UTC 2019
------------------ testing $PTII/ptolemy/domains/de/test/auto/Modal5.xml
auto.tcl: Setting watchdog for 200 seconds at Thu Dec 26 06:30:38 UTC 2019
18 ms. Memory: 48128K Free: 21059K (44%)
ptolemy.util.test.WatchDog.cancel(): canceling Thu Dec 26 06:30:38 UTC 2019
auto.tcl: Setting watchdog for 200 seconds at Thu Dec 26 06:30:38 UTC 2019
14 ms. Memory: 48128K Free: 17220K (36%)
ptolemy.util.test.WatchDog.cancel(): canceling Thu Dec 26 06:30:38 UTC 2019
------------------ testing $PTII/ptolemy/domains/de/test/auto/Modal6.xml
auto.tcl: Setting watchdog for 200 seconds at Thu Dec 26 06:30:38 UTC 2019
12 ms. Memory: 48128K Free: 21890K (45%)
ptolemy.util.test.WatchDog.cancel(): canceling Thu Dec 26 06:30:38 UTC 2019
auto.tcl: Setting watchdog for 200 seconds at Thu Dec 26 06:30:38 UTC 2019
14 ms. Memory: 48128K Free: 18242K (38%)
ptolemy.util.test.WatchDog.cancel(): canceling Thu Dec 26 06:30:39 UTC 2019
------------------ testing $PTII/ptolemy/domains/de/test/auto/Modal7.xml
auto.tcl: Setting watchdog for 200 seconds at Thu Dec 26 06:30:39 UTC 2019
9 ms. Memory: 48128K Free: 20871K (43%)
ptolemy.util.test.WatchDog.cancel(): canceling Thu Dec 26 06:30:39 UTC 2019
auto.tcl: Setting watchdog for 200 seconds at Thu Dec 26 06:30:39 UTC 2019
11 ms. Memory: 48128K Free: 17269K (36%)
ptolemy.util.test.WatchDog.cancel(): canceling Thu Dec 26 06:30:39 UTC 2019
------------------ testing $PTII/ptolemy/domains/de/test/auto/ModalModel.xml
auto.tcl: Setting watchdog for 200 seconds at Thu Dec 26 06:30:39 UTC 2019
189 ms. Memory: 58368K Free: 42952K (74%)
ptolemy.util.test.WatchDog.cancel(): canceling Thu Dec 26 06:30:39 UTC 2019
auto.tcl: Setting watchdog for 200 seconds at Thu Dec 26 06:30:39 UTC 2019
173 ms. Memory: 58368K Free: 38390K (66%)
ptolemy.util.test.WatchDog.cancel(): canceling Thu Dec 26 06:30:39 UTC 2019
------------------ testing $PTII/ptolemy/domains/de/test/auto/ModalSource.xml
auto.tcl: Setting watchdog for 200 seconds at Thu Dec 26 06:30:39 UTC 2019
9 ms. Memory: 48128K Free: 25386K (53%)
ptolemy.util.test.WatchDog.cancel(): canceling Thu Dec 26 06:30:39 UTC 2019
auto.tcl: Setting watchdog for 200 seconds at Thu Dec 26 06:30:39 UTC 2019
8 ms. Memory: 48128K Free: 23406K (49%)
ptolemy.util.test.WatchDog.cancel(): canceling Thu Dec 26 06:30:39 UTC 2019
------------------ testing $PTII/ptolemy/domains/de/test/auto/NonInterruptibleTimerZeroDelay.xml
auto.tcl: Setting watchdog for 200 seconds at Thu Dec 26 06:30:39 UTC 2019
3 ms. Memory: 48128K Free: 30837K (64%)
ptolemy.util.test.WatchDog.cancel(): canceling Thu Dec 26 06:30:39 UTC 2019
auto.tcl: Setting watchdog for 200 seconds at Thu Dec 26 06:30:39 UTC 2019
2 ms. Memory: 48128K Free: 30136K (63%)
ptolemy.util.test.WatchDog.cancel(): canceling Thu Dec 26 06:30:39 UTC 2019
------------------ testing $PTII/ptolemy/domains/de/test/auto/OpenQueueingNetwork.xml
auto.tcl: Setting watchdog for 200 seconds at Thu Dec 26 06:30:39 UTC 2019
2780 ms. Memory: 136192K Free: 99647K (73%)
ptolemy.util.test.WatchDog.cancel(): canceling Thu Dec 26 06:30:42 UTC 2019
auto.tcl: Setting watchdog for 200 seconds at Thu Dec 26 06:30:42 UTC 2019
2397 ms. Memory: 163840K Free: 88852K (54%)
ptolemy.util.test.WatchDog.cancel(): canceling Thu Dec 26 06:30:45 UTC 2019
------------------ testing $PTII/ptolemy/domains/de/test/auto/OpenQueuingNetwork.xml
auto.tcl: Setting watchdog for 200 seconds at Thu Dec 26 06:30:45 UTC 2019
234 ms. Memory: 66560K Free: 45752K (69%)
ptolemy.util.test.WatchDog.cancel(): canceling Thu Dec 26 06:30:45 UTC 2019
auto.tcl: Setting watchdog for 200 seconds at Thu Dec 26 06:30:45 UTC 2019
212 ms. Memory: 66560K Free: 34516K (52%)
ptolemy.util.test.WatchDog.cancel(): canceling Thu Dec 26 06:30:45 UTC 2019
------------------ testing $PTII/ptolemy/domains/de/test/auto/PeriodicSampler.xml
auto.tcl: Setting watchdog for 200 seconds at Thu Dec 26 06:30:45 UTC 2019
2 ms. Memory: 51200K Free: 33099K (65%)
ptolemy.util.test.WatchDog.cancel(): canceling Thu Dec 26 06:30:45 UTC 2019
auto.tcl: Setting watchdog for 200 seconds at Thu Dec 26 06:30:45 UTC 2019
2 ms. Memory: 51200K Free: 32555K (64%)
ptolemy.util.test.WatchDog.cancel(): canceling Thu Dec 26 06:30:45 UTC 2019
------------------ testing $PTII/ptolemy/domains/de/test/auto/PersistentIO.xml
auto.tcl: Setting watchdog for 200 seconds at Thu Dec 26 06:30:45 UTC 2019
6 ms. Memory: 51200K Free: 28024K (55%)
ptolemy.util.test.WatchDog.cancel(): canceling Thu Dec 26 06:30:45 UTC 2019
auto.tcl: Setting watchdog for 200 seconds at Thu Dec 26 06:30:45 UTC 2019
4 ms. Memory: 51200K Free: 26504K (52%)
ptolemy.util.test.WatchDog.cancel(): canceling Thu Dec 26 06:30:45 UTC 2019
------------------ testing $PTII/ptolemy/domains/de/test/auto/PortParameterResetOnInitialize.xml
auto.tcl: Setting watchdog for 200 seconds at Thu Dec 26 06:30:45 UTC 2019
7 ms. Memory: 51200K Free: 32989K (64%)
ptolemy.util.test.WatchDog.cancel(): canceling Thu Dec 26 06:30:45 UTC 2019
auto.tcl: Setting watchdog for 200 seconds at Thu Dec 26 06:30:45 UTC 2019
2 ms. Memory: 51200K Free: 32511K (63%)
ptolemy.util.test.WatchDog.cancel(): canceling Thu Dec 26 06:30:45 UTC 2019
------------------ testing $PTII/ptolemy/domains/de/test/auto/PortParameterUpdates.xml
auto.tcl: Setting watchdog for 200 seconds at Thu Dec 26 06:30:45 UTC 2019
6 ms. Memory: 48128K Free: 28034K (58%)
ptolemy.util.test.WatchDog.cancel(): canceling Thu Dec 26 06:30:45 UTC 2019
auto.tcl: Setting watchdog for 200 seconds at Thu Dec 26 06:30:45 UTC 2019
4 ms. Memory: 48128K Free: 27014K (56%)
ptolemy.util.test.WatchDog.cancel(): canceling Thu Dec 26 06:30:45 UTC 2019
------------------ testing $PTII/ptolemy/domains/de/test/auto/QueueAndServer.xml
auto.tcl: Setting watchdog for 200 seconds at Thu Dec 26 06:30:45 UTC 2019
6 ms. Memory: 48128K Free: 26954K (56%)
ptolemy.util.test.WatchDog.cancel(): canceling Thu Dec 26 06:30:45 UTC 2019
auto.tcl: Setting watchdog for 200 seconds at Thu Dec 26 06:30:45 UTC 2019
8 ms. Memory: 48128K Free: 25482K (53%)
ptolemy.util.test.WatchDog.cancel(): canceling Thu Dec 26 06:30:45 UTC 2019
------------------ testing $PTII/ptolemy/domains/de/test/auto/Records.xml
auto.tcl: Setting watchdog for 200 seconds at Thu Dec 26 06:30:46 UTC 2019
4 ms. Memory: 48128K Free: 29477K (61%)
ptolemy.util.test.WatchDog.cancel(): canceling Thu Dec 26 06:30:46 UTC 2019
auto.tcl: Setting watchdog for 200 seconds at Thu Dec 26 06:30:46 UTC 2019
2 ms. Memory: 48128K Free: 29002K (60%)
ptolemy.util.test.WatchDog.cancel(): canceling Thu Dec 26 06:30:46 UTC 2019
------------------ testing $PTII/ptolemy/domains/de/test/auto/ResetTransitionWithStartTime1.xml
auto.tcl: Setting watchdog for 200 seconds at Thu Dec 26 06:30:46 UTC 2019
11 ms. Memory: 48128K Free: 26435K (55%)
ptolemy.util.test.WatchDog.cancel(): canceling Thu Dec 26 06:30:46 UTC 2019
auto.tcl: Setting watchdog for 200 seconds at Thu Dec 26 06:30:46 UTC 2019
5 ms. Memory: 48128K Free: 24408K (51%)
ptolemy.util.test.WatchDog.cancel(): canceling Thu Dec 26 06:30:46 UTC 2019
------------------ testing $PTII/ptolemy/domains/de/test/auto/ResetTransitionWithStartTime2.xml
auto.tcl: Setting watchdog for 200 seconds at Thu Dec 26 06:30:46 UTC 2019
5 ms. Memory: 48128K Free: 26391K (55%)
ptolemy.util.test.WatchDog.cancel(): canceling Thu Dec 26 06:30:46 UTC 2019
auto.tcl: Setting watchdog for 200 seconds at Thu Dec 26 06:30:46 UTC 2019
6 ms. Memory: 48128K Free: 24348K (51%)
ptolemy.util.test.WatchDog.cancel(): canceling Thu Dec 26 06:30:46 UTC 2019
------------------ testing $PTII/ptolemy/domains/de/test/auto/ResetTransitionWithStartTime3.xml
auto.tcl: Setting watchdog for 200 seconds at Thu Dec 26 06:30:46 UTC 2019
10 ms. Memory: 48128K Free: 26389K (55%)
ptolemy.util.test.WatchDog.cancel(): canceling Thu Dec 26 06:30:46 UTC 2019
auto.tcl: Setting watchdog for 200 seconds at Thu Dec 26 06:30:46 UTC 2019
5 ms. Memory: 48128K Free: 24341K (51%)
ptolemy.util.test.WatchDog.cancel(): canceling Thu Dec 26 06:30:46 UTC 2019
------------------ testing $PTII/ptolemy/domains/de/test/auto/ResetTransitionWithStartTime4.xml
auto.tcl: Setting watchdog for 200 seconds at Thu Dec 26 06:30:46 UTC 2019
10 ms. Memory: 48128K Free: 26847K (56%)
ptolemy.util.test.WatchDog.cancel(): canceling Thu Dec 26 06:30:46 UTC 2019
auto.tcl: Setting watchdog for 200 seconds at Thu Dec 26 06:30:46 UTC 2019
3 ms. Memory: 48128K Free: 25435K (53%)
ptolemy.util.test.WatchDog.cancel(): canceling Thu Dec 26 06:30:46 UTC 2019
------------------ testing $PTII/ptolemy/domains/de/test/auto/ResettableTimer1.xml
auto.tcl: Setting watchdog for 200 seconds at Thu Dec 26 06:30:46 UTC 2019
3 ms. Memory: 48128K Free: 30601K (64%)
ptolemy.util.test.WatchDog.cancel(): canceling Thu Dec 26 06:30:46 UTC 2019
auto.tcl: Setting watchdog for 200 seconds at Thu Dec 26 06:30:46 UTC 2019
2 ms. Memory: 48128K Free: 29979K (62%)
ptolemy.util.test.WatchDog.cancel(): canceling Thu Dec 26 06:30:46 UTC 2019
------------------ testing $PTII/ptolemy/domains/de/test/auto/ResettableTimer2.xml
auto.tcl: Setting watchdog for 200 seconds at Thu Dec 26 06:30:46 UTC 2019
4 ms. Memory: 48128K Free: 30652K (64%)
ptolemy.util.test.WatchDog.cancel(): canceling Thu Dec 26 06:30:46 UTC 2019
auto.tcl: Setting watchdog for 200 seconds at Thu Dec 26 06:30:46 UTC 2019
2 ms. Memory: 48128K Free: 29570K (61%)
ptolemy.util.test.WatchDog.cancel(): canceling Thu Dec 26 06:30:46 UTC 2019
------------------ testing $PTII/ptolemy/domains/de/test/auto/ResettableTimer3.xml
auto.tcl: Setting watchdog for 200 seconds at Thu Dec 26 06:30:46 UTC 2019
1 ms. Memory: 48128K Free: 30557K (63%)
ptolemy.util.test.WatchDog.cancel(): canceling Thu Dec 26 06:30:46 UTC 2019
auto.tcl: Setting watchdog for 200 seconds at Thu Dec 26 06:30:46 UTC 2019
1 ms. Memory: 48128K Free: 30522K (63%)
ptolemy.util.test.WatchDog.cancel(): canceling Thu Dec 26 06:30:46 UTC 2019
------------------ testing $PTII/ptolemy/domains/de/test/auto/ResettableTimer4.xml
auto.tcl: Setting watchdog for 200 seconds at Thu Dec 26 06:30:46 UTC 2019
1 ms. Memory: 48128K Free: 30536K (63%)
ptolemy.util.test.WatchDog.cancel(): canceling Thu Dec 26 06:30:46 UTC 2019
auto.tcl: Setting watchdog for 200 seconds at Thu Dec 26 06:30:46 UTC 2019
1 ms. Memory: 48128K Free: 30040K (62%)
ptolemy.util.test.WatchDog.cancel(): canceling Thu Dec 26 06:30:46 UTC 2019
------------------ testing $PTII/ptolemy/domains/de/test/auto/ResettableTimer5.xml
auto.tcl: Setting watchdog for 200 seconds at Thu Dec 26 06:30:46 UTC 2019
2 ms. Memory: 48128K Free: 30534K (63%)
ptolemy.util.test.WatchDog.cancel(): canceling Thu Dec 26 06:30:46 UTC 2019
auto.tcl: Setting watchdog for 200 seconds at Thu Dec 26 06:30:46 UTC 2019
1 ms. Memory: 48128K Free: 29581K (61%)
ptolemy.util.test.WatchDog.cancel(): canceling Thu Dec 26 06:30:46 UTC 2019
------------------ testing $PTII/ptolemy/domains/de/test/auto/ResettableTimer6.xml
auto.tcl: Setting watchdog for 200 seconds at Thu Dec 26 06:30:46 UTC 2019
3 ms. Memory: 48128K Free: 30004K (62%)
ptolemy.util.test.WatchDog.cancel(): canceling Thu Dec 26 06:30:46 UTC 2019
auto.tcl: Setting watchdog for 200 seconds at Thu Dec 26 06:30:46 UTC 2019
1 ms. Memory: 48128K Free: 29500K (61%)
ptolemy.util.test.WatchDog.cancel(): canceling Thu Dec 26 06:30:46 UTC 2019
------------------ testing $PTII/ptolemy/domains/de/test/auto/ServerZeroDelay.xml
auto.tcl: Setting watchdog for 200 seconds at Thu Dec 26 06:30:46 UTC 2019
3 ms. Memory: 48128K Free: 30515K (63%)
ptolemy.util.test.WatchDog.cancel(): canceling Thu Dec 26 06:30:46 UTC 2019
auto.tcl: Setting watchdog for 200 seconds at Thu Dec 26 06:30:46 UTC 2019
2 ms. Memory: 48128K Free: 29510K (61%)
ptolemy.util.test.WatchDog.cancel(): canceling Thu Dec 26 06:30:46 UTC 2019
------------------ testing $PTII/ptolemy/domains/de/test/auto/SmartSender.xml
auto.tcl: Setting watchdog for 200 seconds at Thu Dec 26 06:30:46 UTC 2019
3001 ms. Memory: 48128K Free: 30510K (63%)
ptolemy.util.test.WatchDog.cancel(): canceling Thu Dec 26 06:30:49 UTC 2019
auto.tcl: Setting watchdog for 200 seconds at Thu Dec 26 06:30:49 UTC 2019
3001 ms. Memory: 48128K Free: 30001K (62%)
ptolemy.util.test.WatchDog.cancel(): canceling Thu Dec 26 06:30:52 UTC 2019
------------------ testing $PTII/ptolemy/domains/de/test/auto/ThreadedComposite.xml
auto.tcl: Setting watchdog for 200 seconds at Thu Dec 26 06:30:52 UTC 2019
181 ms. Memory: 48128K Free: 11578K (24%)
ptolemy.util.test.WatchDog.cancel(): canceling Thu Dec 26 06:30:53 UTC 2019
auto.tcl: Setting watchdog for 200 seconds at Thu Dec 26 06:30:53 UTC 2019
145 ms. Memory: 48128K Free: 24414K (51%)
ptolemy.util.test.WatchDog.cancel(): canceling Thu Dec 26 06:30:53 UTC 2019
------------------ testing $PTII/ptolemy/domains/de/test/auto/Time.xml
auto.tcl: Setting watchdog for 200 seconds at Thu Dec 26 06:30:53 UTC 2019
430 ms. Memory: 48128K Free: 30701K (64%)
ptolemy.util.test.WatchDog.cancel(): canceling Thu Dec 26 06:30:53 UTC 2019
auto.tcl: Setting watchdog for 200 seconds at Thu Dec 26 06:30:53 UTC 2019
423 ms. Memory: 48128K Free: 30710K (64%)
ptolemy.util.test.WatchDog.cancel(): canceling Thu Dec 26 06:30:54 UTC 2019
------------------ testing $PTII/ptolemy/domains/de/test/auto/TimeDelayZeroDelay.xml
auto.tcl: Setting watchdog for 200 seconds at Thu Dec 26 06:30:54 UTC 2019
3 ms. Memory: 48128K Free: 30440K (63%)
ptolemy.util.test.WatchDog.cancel(): canceling Thu Dec 26 06:30:54 UTC 2019
auto.tcl: Setting watchdog for 200 seconds at Thu Dec 26 06:30:54 UTC 2019
2 ms. Memory: 48128K Free: 30011K (62%)
ptolemy.util.test.WatchDog.cancel(): canceling Thu Dec 26 06:30:54 UTC 2019
------------------ testing $PTII/ptolemy/domains/de/test/auto/TimerZeroDelay.xml
auto.tcl: Setting watchdog for 200 seconds at Thu Dec 26 06:30:54 UTC 2019
3 ms. Memory: 48128K Free: 30963K (64%)
ptolemy.util.test.WatchDog.cancel(): canceling Thu Dec 26 06:30:54 UTC 2019
auto.tcl: Setting watchdog for 200 seconds at Thu Dec 26 06:30:54 UTC 2019
2 ms. Memory: 48128K Free: 30536K (63%)
ptolemy.util.test.WatchDog.cancel(): canceling Thu Dec 26 06:30:54 UTC 2019
------------------ testing $PTII/ptolemy/domains/de/test/auto/TimingParadox.xml
auto.tcl: Setting watchdog for 200 seconds at Thu Dec 26 06:30:54 UTC 2019
335 ms. Memory: 48128K Free: 14042K (29%)
ptolemy.util.test.WatchDog.cancel(): canceling Thu Dec 26 06:30:54 UTC 2019
auto.tcl: Setting watchdog for 200 seconds at Thu Dec 26 06:30:54 UTC 2019
309 ms. Memory: 48128K Free: 25511K (53%)
ptolemy.util.test.WatchDog.cancel(): canceling Thu Dec 26 06:30:55 UTC 2019
------------------ testing $PTII/ptolemy/domains/de/test/auto/TransferInputs.xml
auto.tcl: Setting watchdog for 200 seconds at Thu Dec 26 06:30:55 UTC 2019
2 ms. Memory: 48128K Free: 28951K (60%)
ptolemy.util.test.WatchDog.cancel(): canceling Thu Dec 26 06:30:55 UTC 2019
auto.tcl: Setting watchdog for 200 seconds at Thu Dec 26 06:30:55 UTC 2019
1 ms. Memory: 48128K Free: 28080K (58%)
ptolemy.util.test.WatchDog.cancel(): canceling Thu Dec 26 06:30:55 UTC 2019
------------------ testing $PTII/ptolemy/domains/de/test/auto/TransferOutputs2.xml
auto.tcl: Setting watchdog for 200 seconds at Thu Dec 26 06:30:55 UTC 2019
2 ms. Memory: 48128K Free: 26393K (55%)
ptolemy.util.test.WatchDog.cancel(): canceling Thu Dec 26 06:30:55 UTC 2019
auto.tcl: Setting watchdog for 200 seconds at Thu Dec 26 06:30:55 UTC 2019
3 ms. Memory: 48128K Free: 25025K (52%)
ptolemy.util.test.WatchDog.cancel(): canceling Thu Dec 26 06:30:55 UTC 2019
------------------ testing $PTII/ptolemy/domains/de/test/auto/Trilateration.xml
auto.tcl: Setting watchdog for 200 seconds at Thu Dec 26 06:30:55 UTC 2019
11472 ms. Memory: 580608K Free: 256623K (44%)
ptolemy.util.test.WatchDog.cancel(): canceling Thu Dec 26 06:31:07 UTC 2019
auto.tcl: Setting watchdog for 200 seconds at Thu Dec 26 06:31:07 UTC 2019
8610 ms. Memory: 580608K Free: 376801K (65%)
ptolemy.util.test.WatchDog.cancel(): canceling Thu Dec 26 06:31:16 UTC 2019
------------------ testing $PTII/ptolemy/domains/de/test/auto/TwoSigmaDelta.xml
auto.tcl: Setting watchdog for 200 seconds at Thu Dec 26 06:31:16 UTC 2019
2243 ms. Memory: 86016K Free: 58342K (68%)
ptolemy.util.test.WatchDog.cancel(): canceling Thu Dec 26 06:31:18 UTC 2019
auto.tcl: Setting watchdog for 200 seconds at Thu Dec 26 06:31:18 UTC 2019
1730 ms. Memory: 86016K Free: 50144K (58%)
ptolemy.util.test.WatchDog.cancel(): canceling Thu Dec 26 06:31:20 UTC 2019
------------------ testing $PTII/ptolemy/domains/de/test/auto/VariableDelay.xml
auto.tcl: Setting watchdog for 200 seconds at Thu Dec 26 06:31:20 UTC 2019
2 ms. Memory: 51200K Free: 32506K (63%)
ptolemy.util.test.WatchDog.cancel(): canceling Thu Dec 26 06:31:20 UTC 2019
auto.tcl: Setting watchdog for 200 seconds at Thu Dec 26 06:31:20 UTC 2019
2 ms. Memory: 51200K Free: 31482K (61%)
ptolemy.util.test.WatchDog.cancel(): canceling Thu Dec 26 06:31:20 UTC 2019
------------------ testing $PTII/ptolemy/domains/de/test/auto/VariableDelay2.xml
auto.tcl: Setting watchdog for 200 seconds at Thu Dec 26 06:31:20 UTC 2019
7 ms. Memory: 48128K Free: 29832K (62%)
ptolemy.util.test.WatchDog.cancel(): canceling Thu Dec 26 06:31:20 UTC 2019
auto.tcl: Setting watchdog for 200 seconds at Thu Dec 26 06:31:20 UTC 2019
2 ms. Memory: 48128K Free: 29352K (61%)
ptolemy.util.test.WatchDog.cancel(): canceling Thu Dec 26 06:31:20 UTC 2019
------------------ testing $PTII/ptolemy/domains/de/test/auto/VariableDelayZeroDelay.xml
auto.tcl: Setting watchdog for 200 seconds at Thu Dec 26 06:31:20 UTC 2019
2 ms. Memory: 48128K Free: 30376K (63%)
ptolemy.util.test.WatchDog.cancel(): canceling Thu Dec 26 06:31:20 UTC 2019
auto.tcl: Setting watchdog for 200 seconds at Thu Dec 26 06:31:20 UTC 2019
2 ms. Memory: 48128K Free: 29879K (62%)
ptolemy.util.test.WatchDog.cancel(): canceling Thu Dec 26 06:31:20 UTC 2019
------------------ testing $PTII/ptolemy/domains/de/test/auto/VariableDelayZeroDelay2.xml
auto.tcl: Setting watchdog for 200 seconds at Thu Dec 26 06:31:20 UTC 2019
2 ms. Memory: 48128K Free: 30374K (63%)
ptolemy.util.test.WatchDog.cancel(): canceling Thu Dec 26 06:31:20 UTC 2019
auto.tcl: Setting watchdog for 200 seconds at Thu Dec 26 06:31:20 UTC 2019
2 ms. Memory: 48128K Free: 29383K (61%)
ptolemy.util.test.WatchDog.cancel(): canceling Thu Dec 26 06:31:20 UTC 2019
------------------ testing $PTII/ptolemy/domains/de/test/auto/deInCt.xml
auto.tcl: Setting watchdog for 200 seconds at Thu Dec 26 06:31:20 UTC 2019
0
1
1
1
1
0
0
0
1
1
1
0
0
1
1
1
0
0
0
1
1
1
1
0
0
0
1
1
1
0
0
0
0
1
1
1
0
0
0
0
1
1
1
1
1
9 ms. Memory: 48128K Free: 29348K (61%)
ptolemy.util.test.WatchDog.cancel(): canceling Thu Dec 26 06:31:20 UTC 2019
auto.tcl: Setting watchdog for 200 seconds at Thu Dec 26 06:31:20 UTC 2019
0
1
1
1
1
0
0
0
1
1
1
0
0
0
1
1
1
1
0
0
0
1
1
1
1
1
0
0
0
1
1
0
0
0
1
1
1
1
7 ms. Memory: 48128K Free: 27827K (58%)
ptolemy.util.test.WatchDog.cancel(): canceling Thu Dec 26 06:31:20 UTC 2019
------------------ testing $PTII/ptolemy/domains/de/test/auto/deInCt2.xml
auto.tcl: Setting watchdog for 200 seconds at Thu Dec 26 06:31:20 UTC 2019
0
1
1
1
0
0
1
1
1
0
0
1
1
1
0
0
1
1
1
0
0
1
1
1
0
0
1
1
1
0
0
1
1
1
0
0
1
1
1
0
0
0
10 ms. Memory: 48128K Free: 29349K (61%)
ptolemy.util.test.WatchDog.cancel(): canceling Thu Dec 26 06:31:20 UTC 2019
auto.tcl: Setting watchdog for 200 seconds at Thu Dec 26 06:31:20 UTC 2019
0
1
1
1
0
0
1
1
1
0
0
1
1
1
0
0
1
1
1
0
0
1
1
1
0
0
1
1
1
0
0
1
1
1
0
0
1
1
1
0
0
0
7 ms. Memory: 48128K Free: 27814K (58%)
ptolemy.util.test.WatchDog.cancel(): canceling Thu Dec 26 06:31:20 UTC 2019
------------------ testing $PTII/ptolemy/domains/de/test/auto/dynamicCausalityInterface1.xml
auto.tcl: Setting watchdog for 200 seconds at Thu Dec 26 06:31:20 UTC 2019
1 ms. Memory: 48128K Free: 25248K (52%)
ptolemy.util.test.WatchDog.cancel(): canceling Thu Dec 26 06:31:20 UTC 2019
auto.tcl: Setting watchdog for 200 seconds at Thu Dec 26 06:31:20 UTC 2019
1 ms. Memory: 48128K Free: 24750K (51%)
ptolemy.util.test.WatchDog.cancel(): canceling Thu Dec 26 06:31:20 UTC 2019
------------------ testing $PTII/ptolemy/domains/de/test/auto/fsm_de_test.xml
auto.tcl: Setting watchdog for 200 seconds at Thu Dec 26 06:31:20 UTC 2019
6 ms. Memory: 48128K Free: 25145K (52%)
ptolemy.util.test.WatchDog.cancel(): canceling Thu Dec 26 06:31:21 UTC 2019
auto.tcl: Setting watchdog for 200 seconds at Thu Dec 26 06:31:21 UTC 2019
4 ms. Memory: 48128K Free: 23130K (48%)
ptolemy.util.test.WatchDog.cancel(): canceling Thu Dec 26 06:31:21 UTC 2019
------------------ testing $PTII/ptolemy/domains/de/test/auto/functionDependencyReconstruction.xml
auto.tcl: Setting watchdog for 200 seconds at Thu Dec 26 06:31:21 UTC 2019
2 ms. Memory: 48128K Free: 18991K (39%)
ptolemy.util.test.WatchDog.cancel(): canceling Thu Dec 26 06:31:21 UTC 2019
auto.tcl: Setting watchdog for 200 seconds at Thu Dec 26 06:31:21 UTC 2019
2 ms. Memory: 48128K Free: 16943K (35%)
ptolemy.util.test.WatchDog.cancel(): canceling Thu Dec 26 06:31:21 UTC 2019
------------------ testing $PTII/ptolemy/domains/de/test/auto/multirate.xml
auto.tcl: Setting watchdog for 200 seconds at Thu Dec 26 06:31:21 UTC 2019
3 ms. Memory: 48128K Free: 27561K (57%)
ptolemy.util.test.WatchDog.cancel(): canceling Thu Dec 26 06:31:21 UTC 2019
auto.tcl: Setting watchdog for 200 seconds at Thu Dec 26 06:31:21 UTC 2019
2 ms. Memory: 48128K Free: 26041K (54%)
ptolemy.util.test.WatchDog.cancel(): canceling Thu Dec 26 06:31:21 UTC 2019
------------------ testing $PTII/ptolemy/domains/de/test/auto/multirate2.xml
auto.tcl: Setting watchdog for 200 seconds at Thu Dec 26 06:31:21 UTC 2019
3 ms. Memory: 48128K Free: 27742K (58%)
ptolemy.util.test.WatchDog.cancel(): canceling Thu Dec 26 06:31:21 UTC 2019
auto.tcl: Setting watchdog for 200 seconds at Thu Dec 26 06:31:21 UTC 2019
3 ms. Memory: 48128K Free: 26222K (54%)
ptolemy.util.test.WatchDog.cancel(): canceling Thu Dec 26 06:31:21 UTC 2019
------------------ testing $PTII/ptolemy/domains/de/test/auto/realtime.xml
auto.tcl: Setting watchdog for 200 seconds at Thu Dec 26 06:31:21 UTC 2019
10001 ms. Memory: 48128K Free: 30018K (62%)
ptolemy.util.test.WatchDog.cancel(): canceling Thu Dec 26 06:31:31 UTC 2019
auto.tcl: Setting watchdog for 200 seconds at Thu Dec 26 06:31:31 UTC 2019
10001 ms. Memory: 48128K Free: 29292K (61%)
ptolemy.util.test.WatchDog.cancel(): canceling Thu Dec 26 06:31:41 UTC 2019
------------------ testing $PTII/ptolemy/domains/de/test/auto/relationGroup.xml
auto.tcl: Setting watchdog for 200 seconds at Thu Dec 26 06:31:41 UTC 2019
1 ms. Memory: 48128K Free: 31098K (65%)
ptolemy.util.test.WatchDog.cancel(): canceling Thu Dec 26 06:31:41 UTC 2019
auto.tcl: Setting watchdog for 200 seconds at Thu Dec 26 06:31:41 UTC 2019
2 ms. Memory: 48128K Free: 30605K (64%)
ptolemy.util.test.WatchDog.cancel(): canceling Thu Dec 26 06:31:41 UTC 2019
------------------ testing $PTII/ptolemy/domains/de/test/auto/relationGroup2.xml
auto.tcl: Setting watchdog for 200 seconds at Thu Dec 26 06:31:41 UTC 2019
1 ms. Memory: 48128K Free: 30910K (64%)
ptolemy.util.test.WatchDog.cancel(): canceling Thu Dec 26 06:31:41 UTC 2019
auto.tcl: Setting watchdog for 200 seconds at Thu Dec 26 06:31:41 UTC 2019
1 ms. Memory: 48128K Free: 30400K (63%)
ptolemy.util.test.WatchDog.cancel(): canceling Thu Dec 26 06:31:41 UTC 2019
------------------ testing $PTII/ptolemy/domains/de/test/auto/sortWithOpaquePorts.xml
auto.tcl: Setting watchdog for 200 seconds at Thu Dec 26 06:31:41 UTC 2019
1 ms. Memory: 48128K Free: 30400K (63%)
ptolemy.util.test.WatchDog.cancel(): canceling Thu Dec 26 06:31:41 UTC 2019
auto.tcl: Setting watchdog for 200 seconds at Thu Dec 26 06:31:41 UTC 2019
2 ms. Memory: 48128K Free: 28871K (60%)
ptolemy.util.test.WatchDog.cancel(): canceling Thu Dec 26 06:31:41 UTC 2019
------------------ testing $PTII/ptolemy/domains/de/test/auto/transferInputsandOutputs.xml
auto.tcl: Setting watchdog for 200 seconds at Thu Dec 26 06:31:41 UTC 2019
2 ms. Memory: 48128K Free: 27316K (57%)
ptolemy.util.test.WatchDog.cancel(): canceling Thu Dec 26 06:31:41 UTC 2019
auto.tcl: Setting watchdog for 200 seconds at Thu Dec 26 06:31:41 UTC 2019
1 ms. Memory: 48128K Free: 26330K (55%)
ptolemy.util.test.WatchDog.cancel(): canceling Thu Dec 26 06:31:41 UTC 2019
------------------ testing $PTII/ptolemy/domains/de/test/auto/triggerType.xml
auto.tcl: Setting watchdog for 200 seconds at Thu Dec 26 06:31:41 UTC 2019
2 ms. Memory: 48128K Free: 30341K (63%)
ptolemy.util.test.WatchDog.cancel(): canceling Thu Dec 26 06:31:41 UTC 2019
auto.tcl: Setting watchdog for 200 seconds at Thu Dec 26 06:31:41 UTC 2019
1 ms. Memory: 48128K Free: 29323K (61%)
ptolemy.util.test.WatchDog.cancel(): canceling Thu Dec 26 06:31:41 UTC 2019
12/26/19 06:31:41
Failed: 0  Total Tests: 192  ((Passed: 187, Newly Passed: 1)  Known Failed: 5) /home/travis/build/icyphy/ptII/ptolemy/domains/de/test
12/26/19 06:31:41
Failed: 0  Total Tests: 192  ((Passed: 187, Newly Passed: 1)  Known Failed: 5) /home/travis/build/icyphy/ptII/ptolemy/domains/de/test
----------------- testing (KnownFailure) /home/travis/build/icyphy/ptII/ptolemy/domains/de/test/auto/knownFailedTests/DESDFClockTest.xml
2010 ms. Memory: 48128K Free: 23735K (49%)
Known Failure: java.lang.reflect.InvocationTargetException
----------------- testing (KnownFailure) /home/travis/build/icyphy/ptII/ptolemy/domains/de/test/auto/knownFailedTests/DirectFeedback.xml
2 ms. Memory: 48128K Free: 19639K (41%)
Known Failure: java.lang.reflect.InvocationTargetException
----------------- testing (KnownFailure) /home/travis/build/icyphy/ptII/ptolemy/domains/de/test/auto/knownFailedTests/FSMSource.xml
8 ms. Memory: 48128K Free: 11433K (24%)
----------------- testing (KnownFailure) /home/travis/build/icyphy/ptII/ptolemy/domains/de/test/auto/knownFailedTests/HierarchicalModel.xml
4 ms. Memory: 48128K Free: 21418K (45%)
Known Failure: java.lang.reflect.InvocationTargetException
----------------- testing (KnownFailure) /home/travis/build/icyphy/ptII/ptolemy/domains/de/test/auto/knownFailedTests/dependencyLoop.xml
6 ms. Memory: 48128K Free: 32212K (67%)
Known Failure: java.lang.reflect.InvocationTargetException
----------------- testing (KnownFailure) /home/travis/build/icyphy/ptII/ptolemy/domains/de/test/auto/knownFailedTests/dependencyLoop2.xml
7 ms. Memory: 48128K Free: 17134K (36%)
Known Failure: java.lang.reflect.InvocationTargetException
No auto/linux-amd64/*.xml tests in /home/travis/build/icyphy/ptII/ptolemy/domains/de/test
AutoTests.java: About to close Vertx.
AutoTests.java: Vertx closed.

===========================================================================================
----------------- testing Thu Dec 26 06:31:43 UTC 2019 /home/travis/build/icyphy/ptII/ptolemy/domains/de/test/auto/ActorDepthCalculation_actorWithoutPorts.xml
----------------- Instantiating /home/travis/build/icyphy/ptII/ptolemy/domains/de/test/auto/ActorDepthCalculation_actorWithoutPorts.xml
3 ms. Memory: 48128K Free: 10716K (22%)
----------------- Invoking toplevel() on ptolemy.moml.MoMLSimpleApplication@440e328b
----------------- Done invoking toplevel() on ptolemy.moml.MoMLSimpleApplication@440e328b
reloadAllAccessors: .ActorDepthCalculation_actorWithoutPorts

===========================================================================================
----------------- testing Thu Dec 26 06:31:43 UTC 2019 /home/travis/build/icyphy/ptII/ptolemy/domains/de/test/auto/AssemblyLine.xml
----------------- Instantiating /home/travis/build/icyphy/ptII/ptolemy/domains/de/test/auto/AssemblyLine.xml
2 ms. Memory: 48128K Free: 29421K (61%)
----------------- Invoking toplevel() on ptolemy.moml.MoMLSimpleApplication@75349d0
----------------- Done invoking toplevel() on ptolemy.moml.MoMLSimpleApplication@75349d0
reloadAllAccessors: .AssemblyLine

===========================================================================================
----------------- testing Thu Dec 26 06:31:43 UTC 2019 /home/travis/build/icyphy/ptII/ptolemy/domains/de/test/auto/CQBug1.xml
----------------- Instantiating /home/travis/build/icyphy/ptII/ptolemy/domains/de/test/auto/CQBug1.xml
2 ms. Memory: 48128K Free: 26559K (55%)
----------------- Invoking toplevel() on ptolemy.moml.MoMLSimpleApplication@5d2557d8
----------------- Done invoking toplevel() on ptolemy.moml.MoMLSimpleApplication@5d2557d8
reloadAllAccessors: .CQBug1

===========================================================================================
----------------- testing Thu Dec 26 06:31:43 UTC 2019 /home/travis/build/icyphy/ptII/ptolemy/domains/de/test/auto/CancelFireAt.xml
----------------- Instantiating /home/travis/build/icyphy/ptII/ptolemy/domains/de/test/auto/CancelFireAt.xml
0 ms. Memory: 48128K Free: 24168K (50%)
----------------- Invoking toplevel() on ptolemy.moml.MoMLSimpleApplication@1ac95b22
----------------- Done invoking toplevel() on ptolemy.moml.MoMLSimpleApplication@1ac95b22
reloadAllAccessors: .CancelFireAt

===========================================================================================
----------------- testing Thu Dec 26 06:31:43 UTC 2019 /home/travis/build/icyphy/ptII/ptolemy/domains/de/test/auto/CausalityAndComposabilityAnalysis.xml
----------------- Instantiating /home/travis/build/icyphy/ptII/ptolemy/domains/de/test/auto/CausalityAndComposabilityAnalysis.xml
2 ms. Memory: 48128K Free: 20034K (42%)
----------------- Invoking toplevel() on ptolemy.moml.MoMLSimpleApplication@e991c0e
----------------- Done invoking toplevel() on ptolemy.moml.MoMLSimpleApplication@e991c0e
reloadAllAccessors: .CausalityAndComposabilityAnalysis

===========================================================================================
----------------- testing Thu Dec 26 06:31:43 UTC 2019 /home/travis/build/icyphy/ptII/ptolemy/domains/de/test/auto/CausalityInterface1.xml
----------------- Instantiating /home/travis/build/icyphy/ptII/ptolemy/domains/de/test/auto/CausalityInterface1.xml
5 ms. Memory: 48128K Free: 15141K (31%)
----------------- Invoking toplevel() on ptolemy.moml.MoMLSimpleApplication@36aa3df0
----------------- Done invoking toplevel() on ptolemy.moml.MoMLSimpleApplication@36aa3df0
reloadAllAccessors: .CausalityInterface1

===========================================================================================
----------------- testing Thu Dec 26 06:31:43 UTC 2019 /home/travis/build/icyphy/ptII/ptolemy/domains/de/test/auto/CausalityInterface15.xml
----------------- Instantiating /home/travis/build/icyphy/ptII/ptolemy/domains/de/test/auto/CausalityInterface15.xml
1 ms. Memory: 48128K Free: 9746K (20%)
----------------- Invoking toplevel() on ptolemy.moml.MoMLSimpleApplication@55de9d30
----------------- Done invoking toplevel() on ptolemy.moml.MoMLSimpleApplication@55de9d30
reloadAllAccessors: .CausalityInterface15

===========================================================================================
----------------- testing Thu Dec 26 06:31:44 UTC 2019 /home/travis/build/icyphy/ptII/ptolemy/domains/de/test/auto/CausalityInterface2.xml
----------------- Instantiating /home/travis/build/icyphy/ptII/ptolemy/domains/de/test/auto/CausalityInterface2.xml
2 ms. Memory: 48128K Free: 30880K (64%)
[...]
	at ptolemy.actor.Manager.run(Manager.java:1263)
	at ptolemy.actor.Manager$PtolemyRunThread.run(Manager.java:1933)
java.lang.RuntimeException: Execution failed
	at ptolemy.moml.MoMLSimpleApplication$UnloadThread.run(MoMLSimpleApplication.java:402)
Caused by: ptolemy.kernel.util.IllegalActionException: Actor is not ready to fire.  Perhaps UpSample.prefire() returned false? Try debugging the actor by selecting "Listen to Actor".  Also, for SDF check moml for tokenConsumptionRate on input.
  in .DESDFClockTest.Play Bell.Copy1:SDF Director and .DESDFClockTest.Play Bell.UpSample
	at ptolemy.actor.sched.StaticSchedulingDirector.fire(StaticSchedulingDirector.java:227)
	at ptolemy.domains.sdf.kernel.SDFDirector.fire(SDFDirector.java:500)
	at ptolemy.actor.CompositeActor.fire(CompositeActor.java:455)
	at ptolemy.domains.de.kernel.DEDirector._fire(DEDirector.java:1949)
	at ptolemy.domains.de.kernel.DEDirector.fire(DEDirector.java:502)
	at ptolemy.actor.CompositeActor.fire(CompositeActor.java:455)
	at ptolemy.actor.Manager.iterate(Manager.java:851)
	at ptolemy.actor.Manager.execute(Manager.java:369)
	at ptolemy.actor.Manager.run(Manager.java:1263)
	at ptolemy.actor.Manager$PtolemyRunThread.run(Manager.java:1933)
java.lang.reflect.InvocationTargetException
	at java.base/jdk.internal.reflect.NativeConstructorAccessorImpl.newInstance0(Native Method)
	at java.base/jdk.internal.reflect.NativeConstructorAccessorImpl.newInstance(NativeConstructorAccessorImpl.java:62)
	at java.base/jdk.internal.reflect.DelegatingConstructorAccessorImpl.newInstance(DelegatingConstructorAccessorImpl.java:45)
	at java.base/java.lang.reflect.Constructor.newInstance(Constructor.java:490)
	at ptolemy.util.test.junit.AutoKnownFailedTests.RunModel(AutoKnownFailedTests.java:105)
	at java.base/jdk.internal.reflect.NativeMethodAccessorImpl.invoke0(Native Method)
	at java.base/jdk.internal.reflect.NativeMethodAccessorImpl.invoke(NativeMethodAccessorImpl.java:62)
	at java.base/jdk.internal.reflect.DelegatingMethodAccessorImpl.invoke(DelegatingMethodAccessorImpl.java:43)
	at java.base/java.lang.reflect.Method.invoke(Method.java:566)
	at org.junit.runners.model.FrameworkMethod$1.runReflectiveCall(FrameworkMethod.java:44)
	at org.junit.internal.runners.model.ReflectiveCallable.run(ReflectiveCallable.java:15)
	at org.junit.runners.model.FrameworkMethod.invokeExplosively(FrameworkMethod.java:41)
	at junitparams.internal.InvokeParameterisedMethod.evaluate(InvokeParameterisedMethod.java:102)
	at org.junit.internal.runners.statements.FailOnTimeout$1.run(FailOnTimeout.java:28)
Caused by: ptolemy.kernel.util.IllegalActionException: Actor is not ready to fire.  Perhaps UpSample.prefire() returned false? Try debugging the actor by selecting "Listen to Actor".  Also, for SDF check moml for tokenConsumptionRate on input.
  in .DESDFClockTest.Play Bell.Copy1:SDF Director and .DESDFClockTest.Play Bell.UpSample
	at ptolemy.actor.sched.StaticSchedulingDirector.fire(StaticSchedulingDirector.java:227)
	at ptolemy.domains.sdf.kernel.SDFDirector.fire(SDFDirector.java:500)
	at ptolemy.actor.CompositeActor.fire(CompositeActor.java:455)
	at ptolemy.domains.de.kernel.DEDirector._fire(DEDirector.java:1949)
	at ptolemy.domains.de.kernel.DEDirector.fire(DEDirector.java:502)
	at ptolemy.actor.CompositeActor.fire(CompositeActor.java:455)
	at ptolemy.actor.Manager.iterate(Manager.java:851)
	at ptolemy.actor.Manager.execute(Manager.java:369)
	at ptolemy.actor.Manager.run(Manager.java:1263)
	at ptolemy.actor.Manager$PtolemyRunThread.run(Manager.java:1933)
java.lang.RuntimeException: Execution failed
	at ptolemy.moml.MoMLSimpleApplication$UnloadThread.run(MoMLSimpleApplication.java:402)
Caused by: ptolemy.kernel.util.IllegalActionException: Test fails in iteration 1.
Value was: 1.0. Should have been: 2.0
  in .DirectFeedback.Test
	at ptolemy.actor.lib.Test.fire(Test.java:268)
	at ptolemy.domains.de.kernel.DEDirector._fire(DEDirector.java:1949)
	at ptolemy.domains.de.kernel.DEDirector.fire(DEDirector.java:502)
	at ptolemy.actor.CompositeActor.fire(CompositeActor.java:455)
	at ptolemy.actor.Manager.iterate(Manager.java:851)
	at ptolemy.actor.Manager.execute(Manager.java:369)
	at ptolemy.actor.Manager.run(Manager.java:1263)
	at ptolemy.actor.Manager$PtolemyRunThread.run(Manager.java:1933)
java.lang.reflect.InvocationTargetException
	at java.base/jdk.internal.reflect.NativeConstructorAccessorImpl.newInstance0(Native Method)
	at java.base/jdk.internal.reflect.NativeConstructorAccessorImpl.newInstance(NativeConstructorAccessorImpl.java:62)
	at java.base/jdk.internal.reflect.DelegatingConstructorAccessorImpl.newInstance(DelegatingConstructorAccessorImpl.java:45)
	at java.base/java.lang.reflect.Constructor.newInstance(Constructor.java:490)
	at ptolemy.util.test.junit.AutoKnownFailedTests.RunModel(AutoKnownFailedTests.java:105)
	at java.base/jdk.internal.reflect.NativeMethodAccessorImpl.invoke0(Native Method)
	at java.base/jdk.internal.reflect.NativeMethodAccessorImpl.invoke(NativeMethodAccessorImpl.java:62)
	at java.base/jdk.internal.reflect.DelegatingMethodAccessorImpl.invoke(DelegatingMethodAccessorImpl.java:43)
	at java.base/java.lang.reflect.Method.invoke(Method.java:566)
	at org.junit.runners.model.FrameworkMethod$1.runReflectiveCall(FrameworkMethod.java:44)
	at org.junit.internal.runners.model.ReflectiveCallable.run(ReflectiveCallable.java:15)
	at org.junit.runners.model.FrameworkMethod.invokeExplosively(FrameworkMethod.java:41)
	at junitparams.internal.InvokeParameterisedMethod.evaluate(InvokeParameterisedMethod.java:102)
	at org.junit.internal.runners.statements.FailOnTimeout$1.run(FailOnTimeout.java:28)
Caused by: ptolemy.kernel.util.IllegalActionException: Test fails in iteration 1.
Value was: 1.0. Should have been: 2.0
  in .DirectFeedback.Test
	at ptolemy.actor.lib.Test.fire(Test.java:268)
	at ptolemy.domains.de.kernel.DEDirector._fire(DEDirector.java:1949)
	at ptolemy.domains.de.kernel.DEDirector.fire(DEDirector.java:502)
	at ptolemy.actor.CompositeActor.fire(CompositeActor.java:455)
	at ptolemy.actor.Manager.iterate(Manager.java:851)
	at ptolemy.actor.Manager.execute(Manager.java:369)
	at ptolemy.actor.Manager.run(Manager.java:1263)
	at ptolemy.actor.Manager$PtolemyRunThread.run(Manager.java:1933)
java.lang.RuntimeException: Execution failed
	at ptolemy.moml.MoMLSimpleApplication$UnloadThread.run(MoMLSimpleApplication.java:402)
Caused by: ptolemy.kernel.util.IllegalActionException: Found a zero delay loop containing .HierarchicalModel.A
  in .HierarchicalModel and .HierarchicalModel.A
	at ptolemy.actor.util.CausalityInterfaceForComposites._computeOutputPortDepth(CausalityInterfaceForComposites.java:759)
	at ptolemy.actor.util.CausalityInterfaceForComposites._computeInputDepth(CausalityInterfaceForComposites.java:696)
	at ptolemy.actor.util.CausalityInterfaceForComposites._computeOutputPortDepth(CausalityInterfaceForComposites.java:765)
	at ptolemy.actor.util.CausalityInterfaceForComposites._computeInputDepth(CausalityInterfaceForComposites.java:696)
	at ptolemy.actor.util.CausalityInterfaceForComposites._computeOutputPortDepth(CausalityInterfaceForComposites.java:765)
	at ptolemy.actor.util.CausalityInterfaceForComposites._computeInputDepth(CausalityInterfaceForComposites.java:696)
	at ptolemy.actor.util.CausalityInterfaceForComposites._computeActorDepth(CausalityInterfaceForComposites.java:532)
	at ptolemy.actor.util.CausalityInterfaceForComposites.checkForCycles(CausalityInterfaceForComposites.java:96)
	at ptolemy.domains.de.kernel.DEDirector.preinitialize(DEDirector.java:1338)
	at ptolemy.actor.CompositeActor.preinitialize(CompositeActor.java:1828)
	at ptolemy.actor.Manager.preinitializeAndResolveTypes(Manager.java:1040)
	at ptolemy.actor.Manager.initialize(Manager.java:710)
	at ptolemy.actor.Manager.execute(Manager.java:356)
	at ptolemy.actor.Manager.run(Manager.java:1263)
	at ptolemy.actor.Manager$PtolemyRunThread.run(Manager.java:1933)
java.lang.reflect.InvocationTargetException
	at java.base/jdk.internal.reflect.NativeConstructorAccessorImpl.newInstance0(Native Method)
	at java.base/jdk.internal.reflect.NativeConstructorAccessorImpl.newInstance(NativeConstructorAccessorImpl.java:62)
	at java.base/jdk.internal.reflect.DelegatingConstructorAccessorImpl.newInstance(DelegatingConstructorAccessorImpl.java:45)
	at java.base/java.lang.reflect.Constructor.newInstance(Constructor.java:490)
	at ptolemy.util.test.junit.AutoKnownFailedTests.RunModel(AutoKnownFailedTests.java:105)
	at java.base/jdk.internal.reflect.NativeMethodAccessorImpl.invoke0(Native Method)
	at java.base/jdk.internal.reflect.NativeMethodAccessorImpl.invoke(NativeMethodAccessorImpl.java:62)
	at java.base/jdk.internal.reflect.DelegatingMethodAccessorImpl.invoke(DelegatingMethodAccessorImpl.java:43)
	at java.base/java.lang.reflect.Method.invoke(Method.java:566)
	at org.junit.runners.model.FrameworkMethod$1.runReflectiveCall(FrameworkMethod.java:44)
	at org.junit.internal.runners.model.ReflectiveCallable.run(ReflectiveCallable.java:15)
	at org.junit.runners.model.FrameworkMethod.invokeExplosively(FrameworkMethod.java:41)
	at junitparams.internal.InvokeParameterisedMethod.evaluate(InvokeParameterisedMethod.java:102)
	at org.junit.internal.runners.statements.FailOnTimeout$1.run(FailOnTimeout.java:28)
Caused by: ptolemy.kernel.util.IllegalActionException: Found a zero delay loop containing .HierarchicalModel.A
  in .HierarchicalModel and .HierarchicalModel.A
	at ptolemy.actor.util.CausalityInterfaceForComposites._computeOutputPortDepth(CausalityInterfaceForComposites.java:759)
	at ptolemy.actor.util.CausalityInterfaceForComposites._computeInputDepth(CausalityInterfaceForComposites.java:696)
	at ptolemy.actor.util.CausalityInterfaceForComposites._computeOutputPortDepth(CausalityInterfaceForComposites.java:765)
	at ptolemy.actor.util.CausalityInterfaceForComposites._computeInputDepth(CausalityInterfaceForComposites.java:696)
	at ptolemy.actor.util.CausalityInterfaceForComposites._computeOutputPortDepth(CausalityInterfaceForComposites.java:765)
	at ptolemy.actor.util.CausalityInterfaceForComposites._computeInputDepth(CausalityInterfaceForComposites.java:696)
	at ptolemy.actor.util.CausalityInterfaceForComposites._computeActorDepth(CausalityInterfaceForComposites.java:532)
	at ptolemy.actor.util.CausalityInterfaceForComposites.checkForCycles(CausalityInterfaceForComposites.java:96)
	at ptolemy.domains.de.kernel.DEDirector.preinitialize(DEDirector.java:1338)
	at ptolemy.actor.CompositeActor.preinitialize(CompositeActor.java:1828)
	at ptolemy.actor.Manager.preinitializeAndResolveTypes(Manager.java:1040)
	at ptolemy.actor.Manager.initialize(Manager.java:710)
	at ptolemy.actor.Manager.execute(Manager.java:356)
	at ptolemy.actor.Manager.run(Manager.java:1263)
	at ptolemy.actor.Manager$PtolemyRunThread.run(Manager.java:1933)
java.lang.RuntimeException: Execution failed
	at ptolemy.moml.MoMLSimpleApplication$UnloadThread.run(MoMLSimpleApplication.java:402)
Caused by: ptolemy.kernel.util.IllegalActionException: Found a zero delay loop containing .dependencyLoop.original
  in .dependencyLoop and .dependencyLoop.original
	at ptolemy.actor.util.CausalityInterfaceForComposites._computeOutputPortDepth(CausalityInterfaceForComposites.java:759)
	at ptolemy.actor.util.CausalityInterfaceForComposites._computeInputDepth(CausalityInterfaceForComposites.java:696)
	at ptolemy.actor.util.CausalityInterfaceForComposites._computeOutputPortDepth(CausalityInterfaceForComposites.java:765)
	at ptolemy.actor.util.CausalityInterfaceForComposites._computeInputDepth(CausalityInterfaceForComposites.java:696)
	at ptolemy.actor.util.CausalityInterfaceForComposites._computeOutputPortDepth(CausalityInterfaceForComposites.java:765)
	at ptolemy.actor.util.CausalityInterfaceForComposites._computeInputDepth(CausalityInterfaceForComposites.java:696)
	at ptolemy.actor.util.CausalityInterfaceForComposites._computeActorDepth(CausalityInterfaceForComposites.java:532)
	at ptolemy.actor.util.CausalityInterfaceForComposites.checkForCycles(CausalityInterfaceForComposites.java:96)
	at ptolemy.domains.de.kernel.DEDirector.preinitialize(DEDirector.java:1338)
	at ptolemy.actor.CompositeActor.preinitialize(CompositeActor.java:1828)
	at ptolemy.actor.Manager.preinitializeAndResolveTypes(Manager.java:1040)
	at ptolemy.actor.Manager.initialize(Manager.java:710)
	at ptolemy.actor.Manager.execute(Manager.java:356)
	at ptolemy.actor.Manager.run(Manager.java:1263)
	at ptolemy.actor.Manager$PtolemyRunThread.run(Manager.java:1933)
java.lang.reflect.InvocationTargetException
	at java.base/jdk.internal.reflect.NativeConstructorAccessorImpl.newInstance0(Native Method)
	at java.base/jdk.internal.reflect.NativeConstructorAccessorImpl.newInstance(NativeConstructorAccessorImpl.java:62)
	at java.base/jdk.internal.reflect.DelegatingConstructorAccessorImpl.newInstance(DelegatingConstructorAccessorImpl.java:45)
	at java.base/java.lang.reflect.Constructor.newInstance(Constructor.java:490)
	at ptolemy.util.test.junit.AutoKnownFailedTests.RunModel(AutoKnownFailedTests.java:105)
	at java.base/jdk.internal.reflect.NativeMethodAccessorImpl.invoke0(Native Method)
	at java.base/jdk.internal.reflect.NativeMethodAccessorImpl.invoke(NativeMethodAccessorImpl.java:62)
	at java.base/jdk.internal.reflect.DelegatingMethodAccessorImpl.invoke(DelegatingMethodAccessorImpl.java:43)
	at java.base/java.lang.reflect.Method.invoke(Method.java:566)
	at org.junit.runners.model.FrameworkMethod$1.runReflectiveCall(FrameworkMethod.java:44)
	at org.junit.internal.runners.model.ReflectiveCallable.run(ReflectiveCallable.java:15)
	at org.junit.runners.model.FrameworkMethod.invokeExplosively(FrameworkMethod.java:41)
	at junitparams.internal.InvokeParameterisedMethod.evaluate(InvokeParameterisedMethod.java:102)
	at org.junit.internal.runners.statements.FailOnTimeout$1.run(FailOnTimeout.java:28)
Caused by: ptolemy.kernel.util.IllegalActionException: Found a zero delay loop containing .dependencyLoop.original
  in .dependencyLoop and .dependencyLoop.original
	at ptolemy.actor.util.CausalityInterfaceForComposites._computeOutputPortDepth(CausalityInterfaceForComposites.java:759)
	at ptolemy.actor.util.CausalityInterfaceForComposites._computeInputDepth(CausalityInterfaceForComposites.java:696)
	at ptolemy.actor.util.CausalityInterfaceForComposites._computeOutputPortDepth(CausalityInterfaceForComposites.java:765)
	at ptolemy.actor.util.CausalityInterfaceForComposites._computeInputDepth(CausalityInterfaceForComposites.java:696)
	at ptolemy.actor.util.CausalityInterfaceForComposites._computeOutputPortDepth(CausalityInterfaceForComposites.java:765)
	at ptolemy.actor.util.CausalityInterfaceForComposites._computeInputDepth(CausalityInterfaceForComposites.java:696)
	at ptolemy.actor.util.CausalityInterfaceForComposites._computeActorDepth(CausalityInterfaceForComposites.java:532)
	at ptolemy.actor.util.CausalityInterfaceForComposites.checkForCycles(CausalityInterfaceForComposites.java:96)
	at ptolemy.domains.de.kernel.DEDirector.preinitialize(DEDirector.java:1338)
	at ptolemy.actor.CompositeActor.preinitialize(CompositeActor.java:1828)
	at ptolemy.actor.Manager.preinitializeAndResolveTypes(Manager.java:1040)
	at ptolemy.actor.Manager.initialize(Manager.java:710)
	at ptolemy.actor.Manager.execute(Manager.java:356)
	at ptolemy.actor.Manager.run(Manager.java:1263)
	at ptolemy.actor.Manager$PtolemyRunThread.run(Manager.java:1933)
java.lang.RuntimeException: Execution failed
	at ptolemy.moml.MoMLSimpleApplication$UnloadThread.run(MoMLSimpleApplication.java:402)
Caused by: ptolemy.kernel.util.IllegalActionException: Found a zero delay loop containing .dependencyLoop2.original
  in .dependencyLoop2 and .dependencyLoop2.original
	at ptolemy.actor.util.CausalityInterfaceForComposites._computeOutputPortDepth(CausalityInterfaceForComposites.java:759)
	at ptolemy.actor.util.CausalityInterfaceForComposites._computeInputDepth(CausalityInterfaceForComposites.java:696)
	at ptolemy.actor.util.CausalityInterfaceForComposites._computeOutputPortDepth(CausalityInterfaceForComposites.java:765)
	at ptolemy.actor.util.CausalityInterfaceForComposites._computeInputDepth(CausalityInterfaceForComposites.java:696)
	at ptolemy.actor.util.CausalityInterfaceForComposites._computeOutputPortDepth(CausalityInterfaceForComposites.java:765)
	at ptolemy.actor.util.CausalityInterfaceForComposites._computeInputDepth(CausalityInterfaceForComposites.java:696)
	at ptolemy.actor.util.CausalityInterfaceForComposites._computeActorDepth(CausalityInterfaceForComposites.java:532)
	at ptolemy.actor.util.CausalityInterfaceForComposites.checkForCycles(CausalityInterfaceForComposites.java:96)
	at ptolemy.domains.de.kernel.DEDirector.preinitialize(DEDirector.java:1338)
	at ptolemy.actor.CompositeActor.preinitialize(CompositeActor.java:1828)
	at ptolemy.actor.Manager.preinitializeAndResolveTypes(Manager.java:1040)
	at ptolemy.actor.Manager.initialize(Manager.java:710)
	at ptolemy.actor.Manager.execute(Manager.java:356)
	at ptolemy.actor.Manager.run(Manager.java:1263)
	at ptolemy.actor.Manager$PtolemyRunThread.run(Manager.java:1933)
java.lang.reflect.InvocationTargetException
	at java.base/jdk.internal.reflect.NativeConstructorAccessorImpl.newInstance0(Native Method)
	at java.base/jdk.internal.reflect.NativeConstructorAccessorImpl.newInstance(NativeConstructorAccessorImpl.java:62)
	at java.base/jdk.internal.reflect.DelegatingConstructorAccessorImpl.newInstance(DelegatingConstructorAccessorImpl.java:45)
	at java.base/java.lang.reflect.Constructor.newInstance(Constructor.java:490)
	at ptolemy.util.test.junit.AutoKnownFailedTests.RunModel(AutoKnownFailedTests.java:105)
	at java.base/jdk.internal.reflect.NativeMethodAccessorImpl.invoke0(Native Method)
	at java.base/jdk.internal.reflect.NativeMethodAccessorImpl.invoke(NativeMethodAccessorImpl.java:62)
	at java.base/jdk.internal.reflect.DelegatingMethodAccessorImpl.invoke(DelegatingMethodAccessorImpl.java:43)
	at java.base/java.lang.reflect.Method.invoke(Method.java:566)
	at org.junit.runners.model.FrameworkMethod$1.runReflectiveCall(FrameworkMethod.java:44)
	at org.junit.internal.runners.model.ReflectiveCallable.run(ReflectiveCallable.java:15)
	at org.junit.runners.model.FrameworkMethod.invokeExplosively(FrameworkMethod.java:41)
	at junitparams.internal.InvokeParameterisedMethod.evaluate(InvokeParameterisedMethod.java:102)
	at org.junit.internal.runners.statements.FailOnTimeout$1.run(FailOnTimeout.java:28)
Caused by: ptolemy.kernel.util.IllegalActionException: Found a zero delay loop containing .dependencyLoop2.original
  in .dependencyLoop2 and .dependencyLoop2.original
	at ptolemy.actor.util.CausalityInterfaceForComposites._computeOutputPortDepth(CausalityInterfaceForComposites.java:759)
	at ptolemy.actor.util.CausalityInterfaceForComposites._computeInputDepth(CausalityInterfaceForComposites.java:696)
	at ptolemy.actor.util.CausalityInterfaceForComposites._computeOutputPortDepth(CausalityInterfaceForComposites.java:765)
	at ptolemy.actor.util.CausalityInterfaceForComposites._computeInputDepth(CausalityInterfaceForComposites.java:696)
	at ptolemy.actor.util.CausalityInterfaceForComposites._computeOutputPortDepth(CausalityInterfaceForComposites.java:765)
	at ptolemy.actor.util.CausalityInterfaceForComposites._computeInputDepth(CausalityInterfaceForComposites.java:696)
	at ptolemy.actor.util.CausalityInterfaceForComposites._computeActorDepth(CausalityInterfaceForComposites.java:532)
	at ptolemy.actor.util.CausalityInterfaceForComposites.checkForCycles(CausalityInterfaceForComposites.java:96)
	at ptolemy.domains.de.kernel.DEDirector.preinitialize(DEDirector.java:1338)
	at ptolemy.actor.CompositeActor.preinitialize(CompositeActor.java:1828)
	at ptolemy.actor.Manager.preinitializeAndResolveTypes(Manager.java:1040)
	at ptolemy.actor.Manager.initialize(Manager.java:710)
	at ptolemy.actor.Manager.execute(Manager.java:356)
	at ptolemy.actor.Manager.run(Manager.java:1263)
	at ptolemy.actor.Manager$PtolemyRunThread.run(Manager.java:1933)
]]></system-err>
</testsuite>
