<?xml version="1.0" encoding="UTF-8" ?>
<testsuite errors="0" failures="0" hostname="travis-job-d85c0fc7-642f-4ddc-a8d1-f683670b1fc4" name="ptolemy.domains.modal.test.junit.JUnitTclTest" skipped="0" tests="148" time="10.589" timestamp="2020-06-17T14:44:51">
  <properties>
[...]
</properties>
  <testcase classname="ptolemy.util.test.junit.TclTests" name="[0] /home/travis/build/icyphy/ptII/ptolemy/domains/modal/test/SystemLevelType.tcl (RunTclFile)" time="1.871" />
  <testcase classname="ptolemy.util.test.junit.AutoKnownFailedTests" name="[0] /home/travis/build/icyphy/ptII/ptolemy/domains/modal/test/auto/knownFailedTests/CannotAnalysisWithPreemption.xml (RunModel)" time="0.289" />
  <testcase classname="ptolemy.util.test.junit.AutoNameArchTests" name="[0] ThereAreNoAutoArchTests (RunModel)" time="0.001" />
  <testcase classname="ptolemy.util.test.junit.AutoTests" name="[0] /home/travis/build/icyphy/ptII/ptolemy/domains/modal/test/auto/ABPTest.xml (RunModel)" time="0.838" />
  <testcase classname="ptolemy.util.test.junit.AutoTests" name="[1] /home/travis/build/icyphy/ptII/ptolemy/domains/modal/test/auto/ABROFlat.xml (RunModel)" time="0.087" />
  <testcase classname="ptolemy.util.test.junit.AutoTests" name="[2] /home/travis/build/icyphy/ptII/ptolemy/domains/modal/test/auto/ABROFlat2.xml (RunModel)" time="0.057" />
  <testcase classname="ptolemy.util.test.junit.AutoTests" name="[3] /home/travis/build/icyphy/ptII/ptolemy/domains/modal/test/auto/ABRO_present_hmm.xml (RunModel)" time="0.155" />
  <testcase classname="ptolemy.util.test.junit.AutoTests" name="[4] /home/travis/build/icyphy/ptII/ptolemy/domains/modal/test/auto/AMICoderExample.xml (RunModel)" time="0.096" />
  <testcase classname="ptolemy.util.test.junit.AutoTests" name="[5] /home/travis/build/icyphy/ptII/ptolemy/domains/modal/test/auto/AbsentToPresent.xml (RunModel)" time="0.026" />
  <testcase classname="ptolemy.util.test.junit.AutoTests" name="[6] /home/travis/build/icyphy/ptII/ptolemy/domains/modal/test/auto/Blending.xml (RunModel)" time="0.278" />
  <testcase classname="ptolemy.util.test.junit.AutoTests" name="[7] /home/travis/build/icyphy/ptII/ptolemy/domains/modal/test/auto/Broadcast.xml (RunModel)" time="0.039" />
  <testcase classname="ptolemy.util.test.junit.AutoTests" name="[8] /home/travis/build/icyphy/ptII/ptolemy/domains/modal/test/auto/BroadcastHierarchy.xml (RunModel)" time="0.064" />
  <testcase classname="ptolemy.util.test.junit.AutoTests" name="[9] /home/travis/build/icyphy/ptII/ptolemy/domains/modal/test/auto/BroadcastHierarchy2.xml (RunModel)" time="0.098" />
  <testcase classname="ptolemy.util.test.junit.AutoTests" name="[10] /home/travis/build/icyphy/ptII/ptolemy/domains/modal/test/auto/BroadcastHierarchy3.xml (RunModel)" time="0.065" />
  <testcase classname="ptolemy.util.test.junit.AutoTests" name="[11] /home/travis/build/icyphy/ptII/ptolemy/domains/modal/test/auto/BroadcastHierarchy4.xml (RunModel)" time="0.087" />
  <testcase classname="ptolemy.util.test.junit.AutoTests" name="[12] /home/travis/build/icyphy/ptII/ptolemy/domains/modal/test/auto/CannotAnalysisWithPreemption2.xml (RunModel)" time="0.035" />
  <testcase classname="ptolemy.util.test.junit.AutoTests" name="[13] /home/travis/build/icyphy/ptII/ptolemy/domains/modal/test/auto/CannotAnalysisWithPreemption3.xml (RunModel)" time="0.046" />
  <testcase classname="ptolemy.util.test.junit.AutoTests" name="[14] /home/travis/build/icyphy/ptII/ptolemy/domains/modal/test/auto/CannotProduce.xml (RunModel)" time="0.036" />
  <testcase classname="ptolemy.util.test.junit.AutoTests" name="[15] /home/travis/build/icyphy/ptII/ptolemy/domains/modal/test/auto/CannotProduceModal.xml (RunModel)" time="0.034" />
  <testcase classname="ptolemy.util.test.junit.AutoTests" name="[16] /home/travis/build/icyphy/ptII/ptolemy/domains/modal/test/auto/Case.xml (RunModel)" time="0.072" />
  <testcase classname="ptolemy.util.test.junit.AutoTests" name="[17] /home/travis/build/icyphy/ptII/ptolemy/domains/modal/test/auto/Case1.xml (RunModel)" time="0.039" />
  <testcase classname="ptolemy.util.test.junit.AutoTests" name="[18] /home/travis/build/icyphy/ptII/ptolemy/domains/modal/test/auto/Case2.xml (RunModel)" time="0.058" />
  <testcase classname="ptolemy.util.test.junit.AutoTests" name="[19] /home/travis/build/icyphy/ptII/ptolemy/domains/modal/test/auto/CausalityInterface1.xml (RunModel)" time="0.024" />
  <testcase classname="ptolemy.util.test.junit.AutoTests" name="[20] /home/travis/build/icyphy/ptII/ptolemy/domains/modal/test/auto/CausalityInterface10.xml (RunModel)" time="0.05" />
  <testcase classname="ptolemy.util.test.junit.AutoTests" name="[21] /home/travis/build/icyphy/ptII/ptolemy/domains/modal/test/auto/CausalityInterface11.xml (RunModel)" time="0.039" />
  <testcase classname="ptolemy.util.test.junit.AutoTests" name="[22] /home/travis/build/icyphy/ptII/ptolemy/domains/modal/test/auto/CausalityInterface12.xml (RunModel)" time="0.039" />
  <testcase classname="ptolemy.util.test.junit.AutoTests" name="[23] /home/travis/build/icyphy/ptII/ptolemy/domains/modal/test/auto/CausalityInterface13.xml (RunModel)" time="0.073" />
  <testcase classname="ptolemy.util.test.junit.AutoTests" name="[24] /home/travis/build/icyphy/ptII/ptolemy/domains/modal/test/auto/CausalityInterface14.xml (RunModel)" time="0.04" />
  <testcase classname="ptolemy.util.test.junit.AutoTests" name="[25] /home/travis/build/icyphy/ptII/ptolemy/domains/modal/test/auto/CausalityInterface2.xml (RunModel)" time="0.028" />
  <testcase classname="ptolemy.util.test.junit.AutoTests" name="[26] /home/travis/build/icyphy/ptII/ptolemy/domains/modal/test/auto/CausalityInterface3.xml (RunModel)" time="0.041" />
  <testcase classname="ptolemy.util.test.junit.AutoTests" name="[27] /home/travis/build/icyphy/ptII/ptolemy/domains/modal/test/auto/CausalityInterface4.xml (RunModel)" time="0.019" />
  <testcase classname="ptolemy.util.test.junit.AutoTests" name="[28] /home/travis/build/icyphy/ptII/ptolemy/domains/modal/test/auto/CausalityInterface5.xml (RunModel)" time="0.024" />
  <testcase classname="ptolemy.util.test.junit.AutoTests" name="[29] /home/travis/build/icyphy/ptII/ptolemy/domains/modal/test/auto/CausalityInterface6.xml (RunModel)" time="0.03" />
  <testcase classname="ptolemy.util.test.junit.AutoTests" name="[30] /home/travis/build/icyphy/ptII/ptolemy/domains/modal/test/auto/CausalityInterface7.xml (RunModel)" time="0.03" />
  <testcase classname="ptolemy.util.test.junit.AutoTests" name="[31] /home/travis/build/icyphy/ptII/ptolemy/domains/modal/test/auto/CausalityInterface8.xml (RunModel)" time="0.027" />
  <testcase classname="ptolemy.util.test.junit.AutoTests" name="[32] /home/travis/build/icyphy/ptII/ptolemy/domains/modal/test/auto/CausalityInterface9.xml (RunModel)" time="0.042" />
  <testcase classname="ptolemy.util.test.junit.AutoTests" name="[33] /home/travis/build/icyphy/ptII/ptolemy/domains/modal/test/auto/ChainedTransitions.xml (RunModel)" time="0.161" />
  <testcase classname="ptolemy.util.test.junit.AutoTests" name="[34] /home/travis/build/icyphy/ptII/ptolemy/domains/modal/test/auto/CycleOfImmediateTransitionsFSM.xml (RunModel)" time="0.02" />
  <testcase classname="ptolemy.util.test.junit.AutoTests" name="[35] /home/travis/build/icyphy/ptII/ptolemy/domains/modal/test/auto/CycleOfImmediateTransitionsModal.xml (RunModel)" time="0.021" />
  <testcase classname="ptolemy.util.test.junit.AutoTests" name="[36] /home/travis/build/icyphy/ptII/ptolemy/domains/modal/test/auto/CycleOfImmediateTransitionsModal2.xml (RunModel)" time="0.036" />
  <testcase classname="ptolemy.util.test.junit.AutoTests" name="[37] /home/travis/build/icyphy/ptII/ptolemy/domains/modal/test/auto/CycleOfImmediateTransitionsModal3.xml (RunModel)" time="0.085" />
  <testcase classname="ptolemy.util.test.junit.AutoTests" name="[38] /home/travis/build/icyphy/ptII/ptolemy/domains/modal/test/auto/DeepModal1.xml (RunModel)" time="0.055" />
  <testcase classname="ptolemy.util.test.junit.AutoTests" name="[39] /home/travis/build/icyphy/ptII/ptolemy/domains/modal/test/auto/DeepModal2.xml (RunModel)" time="0.066" />
  <testcase classname="ptolemy.util.test.junit.AutoTests" name="[40] /home/travis/build/icyphy/ptII/ptolemy/domains/modal/test/auto/DeepModal3.xml (RunModel)" time="0.072" />
  <testcase classname="ptolemy.util.test.junit.AutoTests" name="[41] /home/travis/build/icyphy/ptII/ptolemy/domains/modal/test/auto/DeepModal4.xml (RunModel)" time="0.072" />
  <testcase classname="ptolemy.util.test.junit.AutoTests" name="[42] /home/travis/build/icyphy/ptII/ptolemy/domains/modal/test/auto/Default1.xml (RunModel)" time="0.015" />
  <testcase classname="ptolemy.util.test.junit.AutoTests" name="[43] /home/travis/build/icyphy/ptII/ptolemy/domains/modal/test/auto/Default2.xml (RunModel)" time="0.018" />
  <testcase classname="ptolemy.util.test.junit.AutoTests" name="[44] /home/travis/build/icyphy/ptII/ptolemy/domains/modal/test/auto/Default3.xml (RunModel)" time="0.023" />
  <testcase classname="ptolemy.util.test.junit.AutoTests" name="[45] /home/travis/build/icyphy/ptII/ptolemy/domains/modal/test/auto/Default4.xml (RunModel)" time="0.02" />
  <testcase classname="ptolemy.util.test.junit.AutoTests" name="[46] /home/travis/build/icyphy/ptII/ptolemy/domains/modal/test/auto/Default5.xml (RunModel)" time="0.025" />
  <testcase classname="ptolemy.util.test.junit.AutoTests" name="[47] /home/travis/build/icyphy/ptII/ptolemy/domains/modal/test/auto/EmptyGuard.xml (RunModel)" time="0.026" />
  <testcase classname="ptolemy.util.test.junit.AutoTests" name="[48] /home/travis/build/icyphy/ptII/ptolemy/domains/modal/test/auto/ErrorTransition1.xml (RunModel)" time="0.04" />
  <testcase classname="ptolemy.util.test.junit.AutoTests" name="[49] /home/travis/build/icyphy/ptII/ptolemy/domains/modal/test/auto/ErrorTransition10.xml (RunModel)" time="0.035" />
  <testcase classname="ptolemy.util.test.junit.AutoTests" name="[50] /home/travis/build/icyphy/ptII/ptolemy/domains/modal/test/auto/ErrorTransition11.xml (RunModel)" time="0.029" />
  <testcase classname="ptolemy.util.test.junit.AutoTests" name="[51] /home/travis/build/icyphy/ptII/ptolemy/domains/modal/test/auto/ErrorTransition2.xml (RunModel)" time="0.025" />
  <testcase classname="ptolemy.util.test.junit.AutoTests" name="[52] /home/travis/build/icyphy/ptII/ptolemy/domains/modal/test/auto/ErrorTransition3.xml (RunModel)" time="0.039" />
  <testcase classname="ptolemy.util.test.junit.AutoTests" name="[53] /home/travis/build/icyphy/ptII/ptolemy/domains/modal/test/auto/ErrorTransition4.xml (RunModel)" time="0.036" />
  <testcase classname="ptolemy.util.test.junit.AutoTests" name="[54] /home/travis/build/icyphy/ptII/ptolemy/domains/modal/test/auto/ErrorTransition5.xml (RunModel)" time="0.026" />
  <testcase classname="ptolemy.util.test.junit.AutoTests" name="[55] /home/travis/build/icyphy/ptII/ptolemy/domains/modal/test/auto/ErrorTransition6.xml (RunModel)" time="0.032" />
  <testcase classname="ptolemy.util.test.junit.AutoTests" name="[56] /home/travis/build/icyphy/ptII/ptolemy/domains/modal/test/auto/ErrorTransition7.xml (RunModel)" time="0.043" />
  <testcase classname="ptolemy.util.test.junit.AutoTests" name="[57] /home/travis/build/icyphy/ptII/ptolemy/domains/modal/test/auto/ErrorTransition8.xml (RunModel)" time="0.06" />
  <testcase classname="ptolemy.util.test.junit.AutoTests" name="[58] /home/travis/build/icyphy/ptII/ptolemy/domains/modal/test/auto/ErrorTransition9.xml (RunModel)" time="0.074" />
  <testcase classname="ptolemy.util.test.junit.AutoTests" name="[59] /home/travis/build/icyphy/ptII/ptolemy/domains/modal/test/auto/ExtendedFSM.xml (RunModel)" time="0.028" />
  <testcase classname="ptolemy.util.test.junit.AutoTests" name="[60] /home/travis/build/icyphy/ptII/ptolemy/domains/modal/test/auto/FinalStates.xml (RunModel)" time="0.028" />
  <testcase classname="ptolemy.util.test.junit.AutoTests" name="[61] /home/travis/build/icyphy/ptII/ptolemy/domains/modal/test/auto/FixedPointFSM.xml (RunModel)" time="0.05" />
  <testcase classname="ptolemy.util.test.junit.AutoTests" name="[62] /home/travis/build/icyphy/ptII/ptolemy/domains/modal/test/auto/FixedPointIterationFSMActor.xml (RunModel)" time="0.03" />
  <testcase classname="ptolemy.util.test.junit.AutoTests" name="[63] /home/travis/build/icyphy/ptII/ptolemy/domains/modal/test/auto/FixedPointIterationFSMActor2.xml (RunModel)" time="0.031" />
  <testcase classname="ptolemy.util.test.junit.AutoTests" name="[64] /home/travis/build/icyphy/ptII/ptolemy/domains/modal/test/auto/ForbiddenInstantanousLoop.xml (RunModel)" time="0.033" />
  <testcase classname="ptolemy.util.test.junit.AutoTests" name="[65] /home/travis/build/icyphy/ptII/ptolemy/domains/modal/test/auto/FunctionDependencyOfFSMActorTest.xml (RunModel)" time="0.023" />
  <testcase classname="ptolemy.util.test.junit.AutoTests" name="[66] /home/travis/build/icyphy/ptII/ptolemy/domains/modal/test/auto/GuardExpression.xml (RunModel)" time="0.017" />
  <testcase classname="ptolemy.util.test.junit.AutoTests" name="[67] /home/travis/build/icyphy/ptII/ptolemy/domains/modal/test/auto/GuardNotEvaluated.xml (RunModel)" time="0.031" />
  <testcase classname="ptolemy.util.test.junit.AutoTests" name="[68] /home/travis/build/icyphy/ptII/ptolemy/domains/modal/test/auto/GuardNotEvaluated2.xml (RunModel)" time="0.023" />
  <testcase classname="ptolemy.util.test.junit.AutoTests" name="[69] /home/travis/build/icyphy/ptII/ptolemy/domains/modal/test/auto/GuardOnAbsent.xml (RunModel)" time="0.024" />
  <testcase classname="ptolemy.util.test.junit.AutoTests" name="[70] /home/travis/build/icyphy/ptII/ptolemy/domains/modal/test/auto/HierarchicalFSMTypeInference.xml (RunModel)" time="0.029" />
  <testcase classname="ptolemy.util.test.junit.AutoTests" name="[71] /home/travis/build/icyphy/ptII/ptolemy/domains/modal/test/auto/Hysteresis.xml (RunModel)" time="0.054" />
  <testcase classname="ptolemy.util.test.junit.AutoTests" name="[72] /home/travis/build/icyphy/ptII/ptolemy/domains/modal/test/auto/HysteresisWithDefault.xml (RunModel)" time="0.092" />
  <testcase classname="ptolemy.util.test.junit.AutoTests" name="[73] /home/travis/build/icyphy/ptII/ptolemy/domains/modal/test/auto/HysteresisWithDefault2.xml (RunModel)" time="0.079" />
  <testcase classname="ptolemy.util.test.junit.AutoTests" name="[74] /home/travis/build/icyphy/ptII/ptolemy/domains/modal/test/auto/ImmediateNonConstructiveness.xml (RunModel)" time="0.022" />
  <testcase classname="ptolemy.util.test.junit.AutoTests" name="[75] /home/travis/build/icyphy/ptII/ptolemy/domains/modal/test/auto/ImmediateNonConstructiveness2.xml (RunModel)" time="0.017" />
  <testcase classname="ptolemy.util.test.junit.AutoTests" name="[76] /home/travis/build/icyphy/ptII/ptolemy/domains/modal/test/auto/ImmediateTransitionReset.xml (RunModel)" time="0.038" />
  <testcase classname="ptolemy.util.test.junit.AutoTests" name="[77] /home/travis/build/icyphy/ptII/ptolemy/domains/modal/test/auto/ImmediateTransitions1.xml (RunModel)" time="0.013" />
  <testcase classname="ptolemy.util.test.junit.AutoTests" name="[78] /home/travis/build/icyphy/ptII/ptolemy/domains/modal/test/auto/ImmediateTransitionsInstantaneousCommunication.xml (RunModel)" time="0.049" />
  <testcase classname="ptolemy.util.test.junit.AutoTests" name="[79] /home/travis/build/icyphy/ptII/ptolemy/domains/modal/test/auto/InitialImmediateTransition.xml (RunModel)" time="0.02" />
  <testcase classname="ptolemy.util.test.junit.AutoTests" name="[80] /home/travis/build/icyphy/ptII/ptolemy/domains/modal/test/auto/InitialOutputs.xml (RunModel)" time="0.016" />
  <testcase classname="ptolemy.util.test.junit.AutoTests" name="[81] /home/travis/build/icyphy/ptII/ptolemy/domains/modal/test/auto/InitialStateTransition1.xml (RunModel)" time="0.018" />
  <testcase classname="ptolemy.util.test.junit.AutoTests" name="[82] /home/travis/build/icyphy/ptII/ptolemy/domains/modal/test/auto/InitialStateTransition2.xml (RunModel)" time="0.021" />
  <testcase classname="ptolemy.util.test.junit.AutoTests" name="[83] /home/travis/build/icyphy/ptII/ptolemy/domains/modal/test/auto/InitialStateTransition3.xml (RunModel)" time="0.023" />
  <testcase classname="ptolemy.util.test.junit.AutoTests" name="[84] /home/travis/build/icyphy/ptII/ptolemy/domains/modal/test/auto/InitialStateTransition4.xml (RunModel)" time="0.026" />
  <testcase classname="ptolemy.util.test.junit.AutoTests" name="[85] /home/travis/build/icyphy/ptII/ptolemy/domains/modal/test/auto/MalformedGuardExpressionNotCaught.xml (RunModel)" time="0.026" />
  <testcase classname="ptolemy.util.test.junit.AutoTests" name="[86] /home/travis/build/icyphy/ptII/ptolemy/domains/modal/test/auto/ModalBSC.xml (RunModel)" time="0.107" />
  <testcase classname="ptolemy.util.test.junit.AutoTests" name="[87] /home/travis/build/icyphy/ptII/ptolemy/domains/modal/test/auto/ModalClocks.xml (RunModel)" time="0.078" />
  <testcase classname="ptolemy.util.test.junit.AutoTests" name="[88] /home/travis/build/icyphy/ptII/ptolemy/domains/modal/test/auto/ModalDelay.xml (RunModel)" time="0.044" />
  <testcase classname="ptolemy.util.test.junit.AutoTests" name="[89] /home/travis/build/icyphy/ptII/ptolemy/domains/modal/test/auto/ModalDelay2.xml (RunModel)" time="0.041" />
  <testcase classname="ptolemy.util.test.junit.AutoTests" name="[90] /home/travis/build/icyphy/ptII/ptolemy/domains/modal/test/auto/ModalModelFromMemo.xml (RunModel)" time="0.056" />
  <testcase classname="ptolemy.util.test.junit.AutoTests" name="[91] /home/travis/build/icyphy/ptII/ptolemy/domains/modal/test/auto/ModalModelWithMultirateTransient.xml (RunModel)" time="0.053" />
  <testcase classname="ptolemy.util.test.junit.AutoTests" name="[92] /home/travis/build/icyphy/ptII/ptolemy/domains/modal/test/auto/ModalModelWithReset.xml (RunModel)" time="0.052" />
  <testcase classname="ptolemy.util.test.junit.AutoTests" name="[93] /home/travis/build/icyphy/ptII/ptolemy/domains/modal/test/auto/MouseClickFSM.xml (RunModel)" time="0.041" />
  <testcase classname="ptolemy.util.test.junit.AutoTests" name="[94] /home/travis/build/icyphy/ptII/ptolemy/domains/modal/test/auto/MouseClickFSMModal.xml (RunModel)" time="0.048" />
  <testcase classname="ptolemy.util.test.junit.AutoTests" name="[95] /home/travis/build/icyphy/ptII/ptolemy/domains/modal/test/auto/NonStrictFSM_FeedbackLoop.xml (RunModel)" time="0.039" />
  <testcase classname="ptolemy.util.test.junit.AutoTests" name="[96] /home/travis/build/icyphy/ptII/ptolemy/domains/modal/test/auto/NonStrictFSM_FeedbackLoop_Refinement.xml (RunModel)" time="0.081" />
  <testcase classname="ptolemy.util.test.junit.AutoTests" name="[97] /home/travis/build/icyphy/ptII/ptolemy/domains/modal/test/auto/NonStrictFSM_FeedbackLoop_preemptive.xml (RunModel)" time="0.041" />
  <testcase classname="ptolemy.util.test.junit.AutoTests" name="[98] /home/travis/build/icyphy/ptII/ptolemy/domains/modal/test/auto/NormalTermination.xml (RunModel)" time="0.042" />
  <testcase classname="ptolemy.util.test.junit.AutoTests" name="[99] /home/travis/build/icyphy/ptII/ptolemy/domains/modal/test/auto/Pong.xml (RunModel)" time="0.074" />
  <testcase classname="ptolemy.util.test.junit.AutoTests" name="[100] /home/travis/build/icyphy/ptII/ptolemy/domains/modal/test/auto/Pong_test.xml (RunModel)" time="0.108" />
  <testcase classname="ptolemy.util.test.junit.AutoTests" name="[101] /home/travis/build/icyphy/ptII/ptolemy/domains/modal/test/auto/PreemptionHierarchy.xml (RunModel)" time="0.025" />
  <testcase classname="ptolemy.util.test.junit.AutoTests" name="[102] /home/travis/build/icyphy/ptII/ptolemy/domains/modal/test/auto/PreemptionHierarchy2.xml (RunModel)" time="0.031" />
  <testcase classname="ptolemy.util.test.junit.AutoTests" name="[103] /home/travis/build/icyphy/ptII/ptolemy/domains/modal/test/auto/PreemptiveTransition.xml (RunModel)" time="0.042" />
  <testcase classname="ptolemy.util.test.junit.AutoTests" name="[104] /home/travis/build/icyphy/ptII/ptolemy/domains/modal/test/auto/Priorities.xml (RunModel)" time="0.104" />
  <testcase classname="ptolemy.util.test.junit.AutoTests" name="[105] /home/travis/build/icyphy/ptII/ptolemy/domains/modal/test/auto/ResetFinal.xml (RunModel)" time="0.049" />
  <testcase classname="ptolemy.util.test.junit.AutoTests" name="[106] /home/travis/build/icyphy/ptII/ptolemy/domains/modal/test/auto/ResetFinal2.xml (RunModel)" time="0.028" />
  <testcase classname="ptolemy.util.test.junit.AutoTests" name="[107] /home/travis/build/icyphy/ptII/ptolemy/domains/modal/test/auto/ResetTransitionWithStartTime.xml (RunModel)" time="0.027" />
  <testcase classname="ptolemy.util.test.junit.AutoTests" name="[108] /home/travis/build/icyphy/ptII/ptolemy/domains/modal/test/auto/SDF-FSMComposite.xml (RunModel)" time="0.021" />
  <testcase classname="ptolemy.util.test.junit.AutoTests" name="[109] /home/travis/build/icyphy/ptII/ptolemy/domains/modal/test/auto/SeeminglyNondeterminate.xml (RunModel)" time="0.071" />
  <testcase classname="ptolemy.util.test.junit.AutoTests" name="[110] /home/travis/build/icyphy/ptII/ptolemy/domains/modal/test/auto/SeeminglyNondeterminate2.xml (RunModel)" time="0.07" />
  <testcase classname="ptolemy.util.test.junit.AutoTests" name="[111] /home/travis/build/icyphy/ptII/ptolemy/domains/modal/test/auto/SpontaneousFSM.xml (RunModel)" time="0.041" />
  <testcase classname="ptolemy.util.test.junit.AutoTests" name="[112] /home/travis/build/icyphy/ptII/ptolemy/domains/modal/test/auto/SpontaneousFSM2.xml (RunModel)" time="0.041" />
  <testcase classname="ptolemy.util.test.junit.AutoTests" name="[113] /home/travis/build/icyphy/ptII/ptolemy/domains/modal/test/auto/SpontaneousFSM3.xml (RunModel)" time="0.043" />
  <testcase classname="ptolemy.util.test.junit.AutoTests" name="[114] /home/travis/build/icyphy/ptII/ptolemy/domains/modal/test/auto/SpontaneousFSM4.xml (RunModel)" time="0.041" />
  <testcase classname="ptolemy.util.test.junit.AutoTests" name="[115] /home/travis/build/icyphy/ptII/ptolemy/domains/modal/test/auto/StateTrackerTest.xml (RunModel)" time="0.062" />
  <testcase classname="ptolemy.util.test.junit.AutoTests" name="[116] /home/travis/build/icyphy/ptII/ptolemy/domains/modal/test/auto/StrongImmediateTransition.xml (RunModel)" time="0.025" />
  <testcase classname="ptolemy.util.test.junit.AutoTests" name="[117] /home/travis/build/icyphy/ptII/ptolemy/domains/modal/test/auto/SustainHierarchy.xml (RunModel)" time="0.033" />
  <testcase classname="ptolemy.util.test.junit.AutoTests" name="[118] /home/travis/build/icyphy/ptII/ptolemy/domains/modal/test/auto/TerminationTransition1.xml (RunModel)" time="0.022" />
  <testcase classname="ptolemy.util.test.junit.AutoTests" name="[119] /home/travis/build/icyphy/ptII/ptolemy/domains/modal/test/auto/TerminationTransition2.xml (RunModel)" time="0.03" />
  <testcase classname="ptolemy.util.test.junit.AutoTests" name="[120] /home/travis/build/icyphy/ptII/ptolemy/domains/modal/test/auto/TerminationTransition3.xml (RunModel)" time="0.027" />
  <testcase classname="ptolemy.util.test.junit.AutoTests" name="[121] /home/travis/build/icyphy/ptII/ptolemy/domains/modal/test/auto/TerminationTransition4.xml (RunModel)" time="0.039" />
  <testcase classname="ptolemy.util.test.junit.AutoTests" name="[122] /home/travis/build/icyphy/ptII/ptolemy/domains/modal/test/auto/TerminationTransition5.xml (RunModel)" time="0.034" />
  <testcase classname="ptolemy.util.test.junit.AutoTests" name="[123] /home/travis/build/icyphy/ptII/ptolemy/domains/modal/test/auto/TerminationTransition6.xml (RunModel)" time="0.024" />
  <testcase classname="ptolemy.util.test.junit.AutoTests" name="[124] /home/travis/build/icyphy/ptII/ptolemy/domains/modal/test/auto/TerminationTransition7.xml (RunModel)" time="0.023" />
  <testcase classname="ptolemy.util.test.junit.AutoTests" name="[125] /home/travis/build/icyphy/ptII/ptolemy/domains/modal/test/auto/TerminationTransition8.xml (RunModel)" time="0.027" />
  <testcase classname="ptolemy.util.test.junit.AutoTests" name="[126] /home/travis/build/icyphy/ptII/ptolemy/domains/modal/test/auto/Thermostat_NoHysteresis.xml (RunModel)" time="0.08" />
  <testcase classname="ptolemy.util.test.junit.AutoTests" name="[127] /home/travis/build/icyphy/ptII/ptolemy/domains/modal/test/auto/TimedFSM.xml (RunModel)" time="0.05" />
  <testcase classname="ptolemy.util.test.junit.AutoTests" name="[128] /home/travis/build/icyphy/ptII/ptolemy/domains/modal/test/auto/Timeout1.xml (RunModel)" time="0.02" />
  <testcase classname="ptolemy.util.test.junit.AutoTests" name="[129] /home/travis/build/icyphy/ptII/ptolemy/domains/modal/test/auto/Timeout2.xml (RunModel)" time="0.019" />
  <testcase classname="ptolemy.util.test.junit.AutoTests" name="[130] /home/travis/build/icyphy/ptII/ptolemy/domains/modal/test/auto/Timeout3.xml (RunModel)" time="0.011" />
  <testcase classname="ptolemy.util.test.junit.AutoTests" name="[131] /home/travis/build/icyphy/ptII/ptolemy/domains/modal/test/auto/Timeout4.xml (RunModel)" time="0.012" />
  <testcase classname="ptolemy.util.test.junit.AutoTests" name="[132] /home/travis/build/icyphy/ptII/ptolemy/domains/modal/test/auto/TransientstateModelAdvanced.xml (RunModel)" time="0.026" />
  <testcase classname="ptolemy.util.test.junit.AutoTests" name="[133] /home/travis/build/icyphy/ptII/ptolemy/domains/modal/test/auto/TransientstateModelAdvanced2.xml (RunModel)" time="0.029" />
  <testcase classname="ptolemy.util.test.junit.AutoTests" name="[134] /home/travis/build/icyphy/ptII/ptolemy/domains/modal/test/auto/TransitionRefinements.xml (RunModel)" time="0.029" />
  <testcase classname="ptolemy.util.test.junit.AutoTests" name="[135] /home/travis/build/icyphy/ptII/ptolemy/domains/modal/test/auto/TwoRefinements1.xml (RunModel)" time="0.024" />
  <testcase classname="ptolemy.util.test.junit.AutoTests" name="[136] /home/travis/build/icyphy/ptII/ptolemy/domains/modal/test/auto/TwoRefinements2.xml (RunModel)" time="0.024" />
  <testcase classname="ptolemy.util.test.junit.AutoTests" name="[137] /home/travis/build/icyphy/ptII/ptolemy/domains/modal/test/auto/WeakImmediateTransition.xml (RunModel)" time="0.029" />
  <testcase classname="ptolemy.util.test.junit.AutoTests" name="[138] /home/travis/build/icyphy/ptII/ptolemy/domains/modal/test/auto/booleanSelect.xml (RunModel)" time="0.077" />
  <testcase classname="ptolemy.util.test.junit.AutoTests" name="[139] /home/travis/build/icyphy/ptII/ptolemy/domains/modal/test/auto/modalChangingParams.xml (RunModel)" time="0.28" />
  <testcase classname="ptolemy.util.test.junit.AutoTests" name="[140] /home/travis/build/icyphy/ptII/ptolemy/domains/modal/test/auto/modalModel.xml (RunModel)" time="0.03" />
  <testcase classname="ptolemy.util.test.junit.AutoTests" name="[141] /home/travis/build/icyphy/ptII/ptolemy/domains/modal/test/auto/modalModel2.xml (RunModel)" time="0.026" />
  <testcase classname="ptolemy.util.test.junit.AutoTests" name="[142] /home/travis/build/icyphy/ptII/ptolemy/domains/modal/test/auto/modalModel3.xml (RunModel)" time="0.035" />
  <testcase classname="ptolemy.util.test.junit.AutoTests" name="[143] /home/travis/build/icyphy/ptII/ptolemy/domains/modal/test/auto/model1.xml (RunModel)" time="0.019" />
  <testcase classname="ptolemy.util.test.junit.AutoTests" name="[144] /home/travis/build/icyphy/ptII/ptolemy/domains/modal/test/auto/test-direct-in-out.xml (RunModel)" time="0.022" />
  <system-out><![CDATA[/home/travis/build/icyphy/ptII/ptolemy/domains/modal/test/SystemLevelType.tcl
testDefs.tcl: setting time out to 9000 seconds at Wed Jun 17 14:44:51 UTC 2020
06/17/20 02:44:53
Failed: 0  Total Tests: 1  ((Passed: 1, Newly Passed: 0)  Known Failed: 0) /home/travis/build/icyphy/ptII/ptolemy/domains/modal/test
----------------- testing (KnownFailure) /home/travis/build/icyphy/ptII/ptolemy/domains/modal/test/auto/knownFailedTests/CannotAnalysisWithPreemption.xml
140 ms. Memory: 129024K Free: 66540K (52%)
Known Failure: java.lang.reflect.InvocationTargetException
No auto/linux-amd64/*.xml tests in /home/travis/build/icyphy/ptII/ptolemy/domains/modal/test
AutoTests.java: About to close Vertx.
AutoTests.java: Vertx closed.

===========================================================================================
----------------- testing Wed Jun 17 14:44:54 UTC 2020 /home/travis/build/icyphy/ptII/ptolemy/domains/modal/test/auto/ABPTest.xml
----------------- Instantiating /home/travis/build/icyphy/ptII/ptolemy/domains/modal/test/auto/ABPTest.xml
404 ms. Memory: 157696K Free: 115288K (73%)
----------------- Invoking toplevel() on ptolemy.moml.MoMLSimpleApplication@52f5827a
----------------- Done invoking toplevel() on ptolemy.moml.MoMLSimpleApplication@52f5827a
reloadAllAccessors: .ABPTest

===========================================================================================
----------------- testing Wed Jun 17 14:44:54 UTC 2020 /home/travis/build/icyphy/ptII/ptolemy/domains/modal/test/auto/ABROFlat.xml
----------------- Instantiating /home/travis/build/icyphy/ptII/ptolemy/domains/modal/test/auto/ABROFlat.xml
24 ms. Memory: 157696K Free: 99928K (63%)
----------------- Invoking toplevel() on ptolemy.moml.MoMLSimpleApplication@e0f955c
----------------- Done invoking toplevel() on ptolemy.moml.MoMLSimpleApplication@e0f955c
reloadAllAccessors: .ABROFlat

===========================================================================================
----------------- testing Wed Jun 17 14:44:55 UTC 2020 /home/travis/build/icyphy/ptII/ptolemy/domains/modal/test/auto/ABROFlat2.xml
----------------- Instantiating /home/travis/build/icyphy/ptII/ptolemy/domains/modal/test/auto/ABROFlat2.xml
17 ms. Memory: 157696K Free: 83024K (53%)
----------------- Invoking toplevel() on ptolemy.moml.MoMLSimpleApplication@790c7294
----------------- Done invoking toplevel() on ptolemy.moml.MoMLSimpleApplication@790c7294
reloadAllAccessors: .ABROFlat2

===========================================================================================
----------------- testing Wed Jun 17 14:44:55 UTC 2020 /home/travis/build/icyphy/ptII/ptolemy/domains/modal/test/auto/ABRO_present_hmm.xml
----------------- Instantiating /home/travis/build/icyphy/ptII/ptolemy/domains/modal/test/auto/ABRO_present_hmm.xml
33 ms. Memory: 157696K Free: 56392K (36%)
----------------- Invoking toplevel() on ptolemy.moml.MoMLSimpleApplication@eb447ca
----------------- Done invoking toplevel() on ptolemy.moml.MoMLSimpleApplication@eb447ca
reloadAllAccessors: .ABRO_present_hmm

===========================================================================================
----------------- testing Wed Jun 17 14:44:55 UTC 2020 /home/travis/build/icyphy/ptII/ptolemy/domains/modal/test/auto/AMICoderExample.xml
----------------- Instantiating /home/travis/build/icyphy/ptII/ptolemy/domains/modal/test/auto/AMICoderExample.xml
43 ms. Memory: 157696K Free: 132145K (84%)
----------------- Invoking toplevel() on ptolemy.moml.MoMLSimpleApplication@30614b19
----------------- Done invoking toplevel() on ptolemy.moml.MoMLSimpleApplication@30614b19
reloadAllAccessors: .AMICoderExample

===========================================================================================
----------------- testing Wed Jun 17 14:44:55 UTC 2020 /home/travis/build/icyphy/ptII/ptolemy/domains/modal/test/auto/AbsentToPresent.xml
----------------- Instantiating /home/travis/build/icyphy/ptII/ptolemy/domains/modal/test/auto/AbsentToPresent.xml
6 ms. Memory: 157696K Free: 127570K (81%)
----------------- Invoking toplevel() on ptolemy.moml.MoMLSimpleApplication@468aaf0a
----------------- Done invoking toplevel() on ptolemy.moml.MoMLSimpleApplication@468aaf0a
reloadAllAccessors: .AbsentToPresent

===========================================================================================
----------------- testing Wed Jun 17 14:44:55 UTC 2020 /home/travis/build/icyphy/ptII/ptolemy/domains/modal/test/auto/Blending.xml
----------------- Instantiating /home/travis/build/icyphy/ptII/ptolemy/domains/modal/test/auto/Blending.xml
162 ms. Memory: 157696K Free: 82971K (53%)
----------------- Invoking toplevel() on ptolemy.moml.MoMLSimpleApplication@3e32e78d
----------------- Done invoking toplevel() on ptolemy.moml.MoMLSimpleApplication@3e32e78d
reloadAllAccessors: .Blending

===========================================================================================
----------------- testing Wed Jun 17 14:44:55 UTC 2020 /home/travis/build/icyphy/ptII/ptolemy/domains/modal/test/auto/Broadcast.xml
----------------- Instantiating /home/travis/build/icyphy/ptII/ptolemy/domains/modal/test/auto/Broadcast.xml
6 ms. Memory: 157696K Free: 72739K (46%)
----------------- Invoking toplevel() on ptolemy.moml.MoMLSimpleApplication@5b897bc6
----------------- Done invoking toplevel() on ptolemy.moml.MoMLSimpleApplication@5b897bc6
reloadAllAccessors: .Broadcast

===========================================================================================
----------------- testing Wed Jun 17 14:44:55 UTC 2020 /home/travis/build/icyphy/ptII/ptolemy/domains/modal/test/auto/BroadcastHierarchy.xml
----------------- Instantiating /home/travis/build/icyphy/ptII/ptolemy/domains/modal/test/auto/BroadcastHierarchy.xml
10 ms. Memory: 157696K Free: 59441K (38%)
----------------- Invoking toplevel() on ptolemy.moml.MoMLSimpleApplication@36fc49ea
----------------- Done invoking toplevel() on ptolemy.moml.MoMLSimpleApplication@36fc49ea
reloadAllAccessors: .BroadcastHierarchy

===========================================================================================
----------------- testing Wed Jun 17 14:44:55 UTC 2020 /home/travis/build/icyphy/ptII/ptolemy/domains/modal/test/auto/BroadcastHierarchy2.xml
----------------- Instantiating /home/travis/build/icyphy/ptII/ptolemy/domains/modal/test/auto/BroadcastHierarchy2.xml
15 ms. Memory: 157696K Free: 119787K (76%)
----------------- Invoking toplevel() on ptolemy.moml.MoMLSimpleApplication@c7cf604
----------------- Done invoking toplevel() on ptolemy.moml.MoMLSimpleApplication@c7cf604
reloadAllAccessors: .BroadcastHierarchy2

===========================================================================================
----------------- testing Wed Jun 17 14:44:55 UTC 2020 /home/travis/build/icyphy/ptII/ptolemy/domains/modal/test/auto/BroadcastHierarchy3.xml
----------------- Instantiating /home/travis/build/icyphy/ptII/ptolemy/domains/modal/test/auto/BroadcastHierarchy3.xml
13 ms. Memory: 157696K Free: 99817K (63%)
----------------- Invoking toplevel() on ptolemy.moml.MoMLSimpleApplication@3b663c4
----------------- Done invoking toplevel() on ptolemy.moml.MoMLSimpleApplication@3b663c4
reloadAllAccessors: .BroadcastHierarchy3

===========================================================================================
----------------- testing Wed Jun 17 14:44:55 UTC 2020 /home/travis/build/icyphy/ptII/ptolemy/domains/modal/test/auto/BroadcastHierarchy4.xml
----------------- Instantiating /home/travis/build/icyphy/ptII/ptolemy/domains/modal/test/auto/BroadcastHierarchy4.xml
19 ms. Memory: 157696K Free: 75235K (48%)
----------------- Invoking toplevel() on ptolemy.moml.MoMLSimpleApplication@4b6c3485
----------------- Done invoking toplevel() on ptolemy.moml.MoMLSimpleApplication@4b6c3485
reloadAllAccessors: .BroadcastHierarchy4

===========================================================================================
----------------- testing Wed Jun 17 14:44:56 UTC 2020 /home/travis/build/icyphy/ptII/ptolemy/domains/modal/test/auto/CannotAnalysisWithPreemption2.xml
----------------- Instantiating /home/travis/build/icyphy/ptII/ptolemy/domains/modal/test/auto/CannotAnalysisWithPreemption2.xml
4 ms. Memory: 157696K Free: 68059K (43%)
----------------- Invoking toplevel() on ptolemy.moml.MoMLSimpleApplication@30b7b1ac
----------------- Done invoking toplevel() on ptolemy.moml.MoMLSimpleApplication@30b7b1ac
reloadAllAccessors: .CannotAnalysisWithPreemption2

===========================================================================================
----------------- testing Wed Jun 17 14:44:56 UTC 2020 /home/travis/build/icyphy/ptII/ptolemy/domains/modal/test/auto/CannotAnalysisWithPreemption3.xml
----------------- Instantiating /home/travis/build/icyphy/ptII/ptolemy/domains/modal/test/auto/CannotAnalysisWithPreemption3.xml
3 ms. Memory: 157696K Free: 57819K (37%)
----------------- Invoking toplevel() on ptolemy.moml.MoMLSimpleApplication@46a46bd2
----------------- Done invoking toplevel() on ptolemy.moml.MoMLSimpleApplication@46a46bd2
reloadAllAccessors: .CannotAnalysisWithPreemption3

===========================================================================================
----------------- testing Wed Jun 17 14:44:56 UTC 2020 /home/travis/build/icyphy/ptII/ptolemy/domains/modal/test/auto/CannotProduce.xml
----------------- Instantiating /home/travis/build/icyphy/ptII/ptolemy/domains/modal/test/auto/CannotProduce.xml
11 ms. Memory: 157696K Free: 51179K (32%)
----------------- Invoking toplevel() on ptolemy.moml.MoMLSimpleApplication@50c7218c
----------------- Done invoking toplevel() on ptolemy.moml.MoMLSimpleApplication@50c7218c
reloadAllAccessors: .CannotProduce

===========================================================================================
----------------- testing Wed Jun 17 14:44:56 UTC 2020 /home/travis/build/icyphy/ptII/ptolemy/domains/modal/test/auto/CannotProduceModal.xml
----------------- Instantiating /home/travis/build/icyphy/ptII/ptolemy/domains/modal/test/auto/CannotProduceModal.xml
6 ms. Memory: 205824K Free: 180715K (88%)
----------------- Invoking toplevel() on ptolemy.moml.MoMLSimpleApplication@51b950f2
----------------- Done invoking toplevel() on ptolemy.moml.MoMLSimpleApplication@51b950f2
reloadAllAccessors: .CannotProduceModal

===========================================================================================
----------------- testing Wed Jun 17 14:44:56 UTC 2020 /home/travis/build/icyphy/ptII/ptolemy/domains/modal/test/auto/Case.xml
----------------- Instantiating /home/travis/build/icyphy/ptII/ptolemy/domains/modal/test/auto/Case.xml
30 ms. Memory: 205824K Free: 169451K (82%)
----------------- Invoking toplevel() on ptolemy.moml.MoMLSimpleApplication@6a9084ae
----------------- Done invoking toplevel() on ptolemy.moml.MoMLSimpleApplication@6a9084ae
reloadAllAccessors: .Case

===========================================================================================
----------------- testing Wed Jun 17 14:44:56 UTC 2020 /home/travis/build/icyphy/ptII/ptolemy/domains/modal/test/auto/Case1.xml
----------------- Instantiating /home/travis/build/icyphy/ptII/ptolemy/domains/modal/test/auto/Case1.xml
10 ms. Memory: 205824K Free: 162283K (79%)
----------------- Invoking toplevel() on ptolemy.moml.MoMLSimpleApplication@79d52651
----------------- Done invoking toplevel() on ptolemy.moml.MoMLSimpleApplication@79d52651
reloadAllAccessors: .Case1

===========================================================================================
----------------- testing Wed Jun 17 14:44:56 UTC 2020 /home/travis/build/icyphy/ptII/ptolemy/domains/modal/test/auto/Case2.xml
----------------- Instantiating /home/travis/build/icyphy/ptII/ptolemy/domains/modal/test/auto/Case2.xml
26 ms. Memory: 205824K Free: 151529K (74%)
----------------- Invoking toplevel() on ptolemy.moml.MoMLSimpleApplication@492d7863
----------------- Done invoking toplevel() on ptolemy.moml.MoMLSimpleApplication@492d7863
reloadAllAccessors: .Case2

===========================================================================================
----------------- testing Wed Jun 17 14:44:56 UTC 2020 /home/travis/build/icyphy/ptII/ptolemy/domains/modal/test/auto/CausalityInterface1.xml
----------------- Instantiating /home/travis/build/icyphy/ptII/ptolemy/domains/modal/test/auto/CausalityInterface1.xml
3 ms. Memory: 205824K Free: 146409K (71%)
----------------- Invoking toplevel() on ptolemy.moml.MoMLSimpleApplication@39833765
----------------- Done invoking toplevel() on ptolemy.moml.MoMLSimpleApplication@39833765
reloadAllAccessors: .CausalityInterface1

===========================================================================================
----------------- testing Wed Jun 17 14:44:56 UTC 2020 /home/travis/build/icyphy/ptII/ptolemy/domains/modal/test/auto/CausalityInterface10.xml
----------------- Instantiating /home/travis/build/icyphy/ptII/ptolemy/domains/modal/test/auto/CausalityInterface10.xml
15 ms. Memory: 205824K Free: 133083K (65%)
----------------- Invoking toplevel() on ptolemy.moml.MoMLSimpleApplication@b10b42e
----------------- Done invoking toplevel() on ptolemy.moml.MoMLSimpleApplication@b10b42e
reloadAllAccessors: .CausalityInterface10

===========================================================================================
----------------- testing Wed Jun 17 14:44:56 UTC 2020 /home/travis/build/icyphy/ptII/ptolemy/domains/modal/test/auto/CausalityInterface11.xml
----------------- Instantiating /home/travis/build/icyphy/ptII/ptolemy/domains/modal/test/auto/CausalityInterface11.xml
6 ms. Memory: 205824K Free: 119755K (58%)
----------------- Invoking toplevel() on ptolemy.moml.MoMLSimpleApplication@55f3a21c
----------------- Done invoking toplevel() on ptolemy.moml.MoMLSimpleApplication@55f3a21c
reloadAllAccessors: .CausalityInterface11

===========================================================================================
----------------- testing Wed Jun 17 14:44:56 UTC 2020 /home/travis/build/icyphy/ptII/ptolemy/domains/modal/test/auto/CausalityInterface12.xml
----------------- Instantiating /home/travis/build/icyphy/ptII/ptolemy/domains/modal/test/auto/CausalityInterface12.xml
6 ms. Memory: 205824K Free: 106443K (52%)
----------------- Invoking toplevel() on ptolemy.moml.MoMLSimpleApplication@1349ae01
----------------- Done invoking toplevel() on ptolemy.moml.MoMLSimpleApplication@1349ae01
reloadAllAccessors: .CausalityInterface12

===========================================================================================
----------------- testing Wed Jun 17 14:44:56 UTC 2020 /home/travis/build/icyphy/ptII/ptolemy/domains/modal/test/auto/CausalityInterface13.xml
----------------- Instantiating /home/travis/build/icyphy/ptII/ptolemy/domains/modal/test/auto/CausalityInterface13.xml
12 ms. Memory: 205824K Free: 92651K (45%)
----------------- Invoking toplevel() on ptolemy.moml.MoMLSimpleApplication@672f544c
----------------- Done invoking toplevel() on ptolemy.moml.MoMLSimpleApplication@672f544c
reloadAllAccessors: .CausalityInterface13

===========================================================================================
----------------- testing Wed Jun 17 14:44:56 UTC 2020 /home/travis/build/icyphy/ptII/ptolemy/domains/modal/test/auto/CausalityInterface14.xml
----------------- Instantiating /home/travis/build/icyphy/ptII/ptolemy/domains/modal/test/auto/CausalityInterface14.xml
5 ms. Memory: 205824K Free: 78811K (38%)
----------------- Invoking toplevel() on ptolemy.moml.MoMLSimpleApplication@77a71872
----------------- Done invoking toplevel() on ptolemy.moml.MoMLSimpleApplication@77a71872
reloadAllAccessors: .CausalityInterface14

===========================================================================================
----------------- testing Wed Jun 17 14:44:56 UTC 2020 /home/travis/build/icyphy/ptII/ptolemy/domains/modal/test/auto/CausalityInterface2.xml
----------------- Instantiating /home/travis/build/icyphy/ptII/ptolemy/domains/modal/test/auto/CausalityInterface2.xml
6 ms. Memory: 205824K Free: 72667K (35%)
----------------- Invoking toplevel() on ptolemy.moml.MoMLSimpleApplication@7b27d510
----------------- Done invoking toplevel() on ptolemy.moml.MoMLSimpleApplication@7b27d510
reloadAllAccessors: .CausalityInterface2

===========================================================================================
----------------- testing Wed Jun 17 14:44:56 UTC 2020 /home/travis/build/icyphy/ptII/ptolemy/domains/modal/test/auto/CausalityInterface3.xml
----------------- Instantiating /home/travis/build/icyphy/ptII/ptolemy/domains/modal/test/auto/CausalityInterface3.xml
3 ms. Memory: 205824K Free: 183259K (89%)
----------------- Invoking toplevel() on ptolemy.moml.MoMLSimpleApplication@53e2ab86
----------------- Done invoking toplevel() on ptolemy.moml.MoMLSimpleApplication@53e2ab86
reloadAllAccessors: .CausalityInterface3

===========================================================================================
----------------- testing Wed Jun 17 14:44:56 UTC 2020 /home/travis/build/icyphy/ptII/ptolemy/domains/modal/test/auto/CausalityInterface4.xml
----------------- Instantiating /home/travis/build/icyphy/ptII/ptolemy/domains/modal/test/auto/CausalityInterface4.xml
3 ms. Memory: 205824K Free: 176619K (86%)
----------------- Invoking toplevel() on ptolemy.moml.MoMLSimpleApplication@18fd5c35
----------------- Done invoking toplevel() on ptolemy.moml.MoMLSimpleApplication@18fd5c35
reloadAllAccessors: .CausalityInterface4

===========================================================================================
----------------- testing Wed Jun 17 14:44:56 UTC 2020 /home/travis/build/icyphy/ptII/ptolemy/domains/modal/test/auto/CausalityInterface5.xml
----------------- Instantiating /home/travis/build/icyphy/ptII/ptolemy/domains/modal/test/auto/CausalityInterface5.xml
3 ms. Memory: 205824K Free: 167913K (82%)
----------------- Invoking toplevel() on ptolemy.moml.MoMLSimpleApplication@39449d4e
----------------- Done invoking toplevel() on ptolemy.moml.MoMLSimpleApplication@39449d4e
reloadAllAccessors: .CausalityInterface5

===========================================================================================
----------------- testing Wed Jun 17 14:44:56 UTC 2020 /home/travis/build/icyphy/ptII/ptolemy/domains/modal/test/auto/CausalityInterface6.xml
----------------- Instantiating /home/travis/build/icyphy/ptII/ptolemy/domains/modal/test/auto/CausalityInterface6.xml
5 ms. Memory: 205824K Free: 159721K (78%)
----------------- Invoking toplevel() on ptolemy.moml.MoMLSimpleApplication@63706d58
----------------- Done invoking toplevel() on ptolemy.moml.MoMLSimpleApplication@63706d58
reloadAllAccessors: .CausalityInterface6

===========================================================================================
----------------- testing Wed Jun 17 14:44:56 UTC 2020 /home/travis/build/icyphy/ptII/ptolemy/domains/modal/test/auto/CausalityInterface7.xml
----------------- Instantiating /home/travis/build/icyphy/ptII/ptolemy/domains/modal/test/auto/CausalityInterface7.xml
5 ms. Memory: 205824K Free: 151515K (74%)
----------------- Invoking toplevel() on ptolemy.moml.MoMLSimpleApplication@76aa1ead
----------------- Done invoking toplevel() on ptolemy.moml.MoMLSimpleApplication@76aa1ead
reloadAllAccessors: .CausalityInterface7

===========================================================================================
----------------- testing Wed Jun 17 14:44:56 UTC 2020 /home/travis/build/icyphy/ptII/ptolemy/domains/modal/test/auto/CausalityInterface8.xml
----------------- Instantiating /home/travis/build/icyphy/ptII/ptolemy/domains/modal/test/auto/CausalityInterface8.xml
5 ms. Memory: 205824K Free: 142827K (69%)
----------------- Invoking toplevel() on ptolemy.moml.MoMLSimpleApplication@53c9b2c7
----------------- Done invoking toplevel() on ptolemy.moml.MoMLSimpleApplication@53c9b2c7
reloadAllAccessors: .CausalityInterface8

===========================================================================================
----------------- testing Wed Jun 17 14:44:56 UTC 2020 /home/travis/build/icyphy/ptII/ptolemy/domains/modal/test/auto/CausalityInterface9.xml
----------------- Instantiating /home/travis/build/icyphy/ptII/ptolemy/domains/modal/test/auto/CausalityInterface9.xml
7 ms. Memory: 205824K Free: 133611K (65%)
----------------- Invoking toplevel() on ptolemy.moml.MoMLSimpleApplication@30f834d1
----------------- Done invoking toplevel() on ptolemy.moml.MoMLSimpleApplication@30f834d1
reloadAllAccessors: .CausalityInterface9

===========================================================================================
----------------- testing Wed Jun 17 14:44:56 UTC 2020 /home/travis/build/icyphy/ptII/ptolemy/domains/modal/test/auto/ChainedTransitions.xml
----------------- Instantiating /home/travis/build/icyphy/ptII/ptolemy/domains/modal/test/auto/ChainedTransitions.xml
104 ms. Memory: 205824K Free: 109035K (53%)
----------------- Invoking toplevel() on ptolemy.moml.MoMLSimpleApplication@5a70c218
----------------- Done invoking toplevel() on ptolemy.moml.MoMLSimpleApplication@5a70c218
reloadAllAccessors: .ChainedTransitions

===========================================================================================
----------------- testing Wed Jun 17 14:44:57 UTC 2020 /home/travis/build/icyphy/ptII/ptolemy/domains/modal/test/auto/CycleOfImmediateTransitionsFSM.xml
----------------- Instantiating /home/travis/build/icyphy/ptII/ptolemy/domains/modal/test/auto/CycleOfImmediateTransitionsFSM.xml
4 ms. Memory: 205824K Free: 102891K (50%)
----------------- Invoking toplevel() on ptolemy.moml.MoMLSimpleApplication@592387
----------------- Done invoking toplevel() on ptolemy.moml.MoMLSimpleApplication@592387
reloadAllAccessors: .CycleOfImmediateTransitionsFSM

===========================================================================================
----------------- testing Wed Jun 17 14:44:57 UTC 2020 /home/travis/build/icyphy/ptII/ptolemy/domains/modal/test/auto/CycleOfImmediateTransitionsModal.xml
----------------- Instantiating /home/travis/build/icyphy/ptII/ptolemy/domains/modal/test/auto/CycleOfImmediateTransitionsModal.xml
4 ms. Memory: 205824K Free: 96747K (47%)
----------------- Invoking toplevel() on ptolemy.moml.MoMLSimpleApplication@7cfd7448
----------------- Done invoking toplevel() on ptolemy.moml.MoMLSimpleApplication@7cfd7448
reloadAllAccessors: .CycleOfImmediateTransitionsModal

===========================================================================================
----------------- testing Wed Jun 17 14:44:57 UTC 2020 /home/travis/build/icyphy/ptII/ptolemy/domains/modal/test/auto/CycleOfImmediateTransitionsModal2.xml
----------------- Instantiating /home/travis/build/icyphy/ptII/ptolemy/domains/modal/test/auto/CycleOfImmediateTransitionsModal2.xml
8 ms. Memory: 205824K Free: 90603K (44%)
----------------- Invoking toplevel() on ptolemy.moml.MoMLSimpleApplication@12f50cf
----------------- Done invoking toplevel() on ptolemy.moml.MoMLSimpleApplication@12f50cf
reloadAllAccessors: .CycleOfImmediateTransitionsModal2

===========================================================================================
----------------- testing Wed Jun 17 14:44:57 UTC 2020 /home/travis/build/icyphy/ptII/ptolemy/domains/modal/test/auto/CycleOfImmediateTransitionsModal3.xml
----------------- Instantiating /home/travis/build/icyphy/ptII/ptolemy/domains/modal/test/auto/CycleOfImmediateTransitionsModal3.xml
11 ms. Memory: 205824K Free: 184299K (90%)
----------------- Invoking toplevel() on ptolemy.moml.MoMLSimpleApplication@f346b35
----------------- Done invoking toplevel() on ptolemy.moml.MoMLSimpleApplication@f346b35
reloadAllAccessors: .CycleOfImmediateTransitionsModal3

===========================================================================================
----------------- testing Wed Jun 17 14:44:57 UTC 2020 /home/travis/build/icyphy/ptII/ptolemy/domains/modal/test/auto/DeepModal1.xml
----------------- Instantiating /home/travis/build/icyphy/ptII/ptolemy/domains/modal/test/auto/DeepModal1.xml
27 ms. Memory: 205824K Free: 169963K (83%)
----------------- Invoking toplevel() on ptolemy.moml.MoMLSimpleApplication@22ca0316
----------------- Done invoking toplevel() on ptolemy.moml.MoMLSimpleApplication@22ca0316
reloadAllAccessors: .DeepModal1

===========================================================================================
----------------- testing Wed Jun 17 14:44:57 UTC 2020 /home/travis/build/icyphy/ptII/ptolemy/domains/modal/test/auto/DeepModal2.xml
----------------- Instantiating /home/travis/build/icyphy/ptII/ptolemy/domains/modal/test/auto/DeepModal2.xml
26 ms. Memory: 205824K Free: 151531K (74%)
----------------- Invoking toplevel() on ptolemy.moml.MoMLSimpleApplication@2ca42142
----------------- Done invoking toplevel() on ptolemy.moml.MoMLSimpleApplication@2ca42142
reloadAllAccessors: .DeepModal2

===========================================================================================
----------------- testing Wed Jun 17 14:44:57 UTC 2020 /home/travis/build/icyphy/ptII/ptolemy/domains/modal/test/auto/DeepModal3.xml
----------------- Instantiating /home/travis/build/icyphy/ptII/ptolemy/domains/modal/test/auto/DeepModal3.xml
24 ms. Memory: 205824K Free: 132075K (64%)
----------------- Invoking toplevel() on ptolemy.moml.MoMLSimpleApplication@305bb9b6
----------------- Done invoking toplevel() on ptolemy.moml.MoMLSimpleApplication@305bb9b6
reloadAllAccessors: .DeepModal3

===========================================================================================
----------------- testing Wed Jun 17 14:44:57 UTC 2020 /home/travis/build/icyphy/ptII/ptolemy/domains/modal/test/auto/DeepModal4.xml
----------------- Instantiating /home/travis/build/icyphy/ptII/ptolemy/domains/modal/test/auto/DeepModal4.xml
29 ms. Memory: 205824K Free: 112619K (55%)
----------------- Invoking toplevel() on ptolemy.moml.MoMLSimpleApplication@4ab3035f
----------------- Done invoking toplevel() on ptolemy.moml.MoMLSimpleApplication@4ab3035f
reloadAllAccessors: .DeepModal4

===========================================================================================
----------------- testing Wed Jun 17 14:44:57 UTC 2020 /home/travis/build/icyphy/ptII/ptolemy/domains/modal/test/auto/Default1.xml
----------------- Instantiating /home/travis/build/icyphy/ptII/ptolemy/domains/modal/test/auto/Default1.xml
2 ms. Memory: 205824K Free: 106475K (52%)
----------------- Invoking toplevel() on ptolemy.moml.MoMLSimpleApplication@2569e48e
----------------- Done invoking toplevel() on ptolemy.moml.MoMLSimpleApplication@2569e48e
reloadAllAccessors: .Default1

===========================================================================================
----------------- testing Wed Jun 17 14:44:57 UTC 2020 /home/travis/build/icyphy/ptII/ptolemy/domains/modal/test/auto/Default2.xml
----------------- Instantiating /home/travis/build/icyphy/ptII/ptolemy/domains/modal/test/auto/Default2.xml
8 ms. Memory: 205824K Free: 100841K (49%)
----------------- Invoking toplevel() on ptolemy.moml.MoMLSimpleApplication@2605ee6c
----------------- Done invoking toplevel() on ptolemy.moml.MoMLSimpleApplication@2605ee6c
reloadAllAccessors: .Default2

===========================================================================================
----------------- testing Wed Jun 17 14:44:57 UTC 2020 /home/travis/build/icyphy/ptII/ptolemy/domains/modal/test/auto/Default3.xml
----------------- Instantiating /home/travis/build/icyphy/ptII/ptolemy/domains/modal/test/auto/Default3.xml
6 ms. Memory: 205824K Free: 95211K (46%)
----------------- Invoking toplevel() on ptolemy.moml.MoMLSimpleApplication@5d32054f
----------------- Done invoking toplevel() on ptolemy.moml.MoMLSimpleApplication@5d32054f
reloadAllAccessors: .Default3

===========================================================================================
----------------- testing Wed Jun 17 14:44:57 UTC 2020 /home/travis/build/icyphy/ptII/ptolemy/domains/modal/test/auto/Default4.xml
----------------- Instantiating /home/travis/build/icyphy/ptII/ptolemy/domains/modal/test/auto/Default4.xml
3 ms. Memory: 205824K Free: 89067K (43%)
----------------- Invoking toplevel() on ptolemy.moml.MoMLSimpleApplication@5df5f4e8
----------------- Done invoking toplevel() on ptolemy.moml.MoMLSimpleApplication@5df5f4e8
reloadAllAccessors: .Default4

===========================================================================================
----------------- testing Wed Jun 17 14:44:57 UTC 2020 /home/travis/build/icyphy/ptII/ptolemy/domains/modal/test/auto/Default5.xml
----------------- Instantiating /home/travis/build/icyphy/ptII/ptolemy/domains/modal/test/auto/Default5.xml
9 ms. Memory: 205824K Free: 80875K (39%)
----------------- Invoking toplevel() on ptolemy.moml.MoMLSimpleApplication@2c943201
----------------- Done invoking toplevel() on ptolemy.moml.MoMLSimpleApplication@2c943201
reloadAllAccessors: .Default5

===========================================================================================
----------------- testing Wed Jun 17 14:44:57 UTC 2020 /home/travis/build/icyphy/ptII/ptolemy/domains/modal/test/auto/EmptyGuard.xml
----------------- Instantiating /home/travis/build/icyphy/ptII/ptolemy/domains/modal/test/auto/EmptyGuard.xml
5 ms. Memory: 205824K Free: 73187K (36%)
----------------- Invoking toplevel() on ptolemy.moml.MoMLSimpleApplication@6295fdb7
----------------- Done invoking toplevel() on ptolemy.moml.MoMLSimpleApplication@6295fdb7
reloadAllAccessors: .EmptyGuard

===========================================================================================
----------------- testing Wed Jun 17 14:44:57 UTC 2020 /home/travis/build/icyphy/ptII/ptolemy/domains/modal/test/auto/ErrorTransition1.xml
----------------- Instantiating /home/travis/build/icyphy/ptII/ptolemy/domains/modal/test/auto/ErrorTransition1.xml
6 ms. Memory: 205824K Free: 180681K (88%)
----------------- Invoking toplevel() on ptolemy.moml.MoMLSimpleApplication@7cba8345
----------------- Done invoking toplevel() on ptolemy.moml.MoMLSimpleApplication@7cba8345
reloadAllAccessors: .ErrorTransition1

===========================================================================================
----------------- testing Wed Jun 17 14:44:57 UTC 2020 /home/travis/build/icyphy/ptII/ptolemy/domains/modal/test/auto/ErrorTransition10.xml
----------------- Instantiating /home/travis/build/icyphy/ptII/ptolemy/domains/modal/test/auto/ErrorTransition10.xml
10 ms. Memory: 205824K Free: 166891K (81%)
----------------- Invoking toplevel() on ptolemy.moml.MoMLSimpleApplication@7aa1ccf4
----------------- Done invoking toplevel() on ptolemy.moml.MoMLSimpleApplication@7aa1ccf4
reloadAllAccessors: .ErrorTransition10

===========================================================================================
----------------- testing Wed Jun 17 14:44:57 UTC 2020 /home/travis/build/icyphy/ptII/ptolemy/domains/modal/test/auto/ErrorTransition11.xml
----------------- Instantiating /home/travis/build/icyphy/ptII/ptolemy/domains/modal/test/auto/ErrorTransition11.xml
3 ms. Memory: 205824K Free: 155627K (76%)
----------------- Invoking toplevel() on ptolemy.moml.MoMLSimpleApplication@7a3ed659
----------------- Done invoking toplevel() on ptolemy.moml.MoMLSimpleApplication@7a3ed659
reloadAllAccessors: .ErrorTransition11

===========================================================================================
----------------- testing Wed Jun 17 14:44:57 UTC 2020 /home/travis/build/icyphy/ptII/ptolemy/domains/modal/test/auto/ErrorTransition2.xml
----------------- Instantiating /home/travis/build/icyphy/ptII/ptolemy/domains/modal/test/auto/ErrorTransition2.xml
8 ms. Memory: 205824K Free: 146921K (71%)
----------------- Invoking toplevel() on ptolemy.moml.MoMLSimpleApplication@419c8dc
----------------- Done invoking toplevel() on ptolemy.moml.MoMLSimpleApplication@419c8dc
reloadAllAccessors: .ErrorTransition2

===========================================================================================
----------------- testing Wed Jun 17 14:44:57 UTC 2020 /home/travis/build/icyphy/ptII/ptolemy/domains/modal/test/auto/ErrorTransition3.xml
----------------- Instantiating /home/travis/build/icyphy/ptII/ptolemy/domains/modal/test/auto/ErrorTransition3.xml
19 ms. Memory: 205824K Free: 137195K (67%)
----------------- Invoking toplevel() on ptolemy.moml.MoMLSimpleApplication@1eea2170
----------------- Done invoking toplevel() on ptolemy.moml.MoMLSimpleApplication@1eea2170
reloadAllAccessors: .ErrorTransition3

===========================================================================================
----------------- testing Wed Jun 17 14:44:57 UTC 2020 /home/travis/build/icyphy/ptII/ptolemy/domains/modal/test/auto/ErrorTransition4.xml
----------------- Instantiating /home/travis/build/icyphy/ptII/ptolemy/domains/modal/test/auto/ErrorTransition4.xml
13 ms. Memory: 205824K Free: 125931K (61%)
----------------- Invoking toplevel() on ptolemy.moml.MoMLSimpleApplication@7095017a
----------------- Done invoking toplevel() on ptolemy.moml.MoMLSimpleApplication@7095017a
reloadAllAccessors: .ErrorTransition4

===========================================================================================
----------------- testing Wed Jun 17 14:44:57 UTC 2020 /home/travis/build/icyphy/ptII/ptolemy/domains/modal/test/auto/ErrorTransition5.xml
----------------- Instantiating /home/travis/build/icyphy/ptII/ptolemy/domains/modal/test/auto/ErrorTransition5.xml
7 ms. Memory: 205824K Free: 115691K (56%)
----------------- Invoking toplevel() on ptolemy.moml.MoMLSimpleApplication@36321d99
----------------- Done invoking toplevel() on ptolemy.moml.MoMLSimpleApplication@36321d99
reloadAllAccessors: .ErrorTransition5

===========================================================================================
----------------- testing Wed Jun 17 14:44:57 UTC 2020 /home/travis/build/icyphy/ptII/ptolemy/domains/modal/test/auto/ErrorTransition6.xml
----------------- Instantiating /home/travis/build/icyphy/ptII/ptolemy/domains/modal/test/auto/ErrorTransition6.xml
10 ms. Memory: 205824K Free: 104937K (51%)
----------------- Invoking toplevel() on ptolemy.moml.MoMLSimpleApplication@12ec33f1
----------------- Done invoking toplevel() on ptolemy.moml.MoMLSimpleApplication@12ec33f1
reloadAllAccessors: .ErrorTransition6

===========================================================================================
----------------- testing Wed Jun 17 14:44:57 UTC 2020 /home/travis/build/icyphy/ptII/ptolemy/domains/modal/test/auto/ErrorTransition7.xml
----------------- Instantiating /home/travis/build/icyphy/ptII/ptolemy/domains/modal/test/auto/ErrorTransition7.xml
14 ms. Memory: 205824K Free: 92139K (45%)
----------------- Invoking toplevel() on ptolemy.moml.MoMLSimpleApplication@2396aacb
----------------- Done invoking toplevel() on ptolemy.moml.MoMLSimpleApplication@2396aacb
reloadAllAccessors: .ErrorTransition7

===========================================================================================
----------------- testing Wed Jun 17 14:44:58 UTC 2020 /home/travis/build/icyphy/ptII/ptolemy/domains/modal/test/auto/ErrorTransition8.xml
----------------- Instantiating /home/travis/build/icyphy/ptII/ptolemy/domains/modal/test/auto/ErrorTransition8.xml
35 ms. Memory: 205824K Free: 78827K (38%)
----------------- Invoking toplevel() on ptolemy.moml.MoMLSimpleApplication@500ad559
----------------- Done invoking toplevel() on ptolemy.moml.MoMLSimpleApplication@500ad559
reloadAllAccessors: .ErrorTransition8

===========================================================================================
----------------- testing Wed Jun 17 14:44:58 UTC 2020 /home/travis/build/icyphy/ptII/ptolemy/domains/modal/test/auto/ErrorTransition9.xml
----------------- Instantiating /home/travis/build/icyphy/ptII/ptolemy/domains/modal/test/auto/ErrorTransition9.xml
13 ms. Memory: 247808K Free: 223723K (90%)
----------------- Invoking toplevel() on ptolemy.moml.MoMLSimpleApplication@a517b61
----------------- Done invoking toplevel() on ptolemy.moml.MoMLSimpleApplication@a517b61
reloadAllAccessors: .ErrorTransition9

===========================================================================================
----------------- testing Wed Jun 17 14:44:58 UTC 2020 /home/travis/build/icyphy/ptII/ptolemy/domains/modal/test/auto/ExtendedFSM.xml
----------------- Instantiating /home/travis/build/icyphy/ptII/ptolemy/domains/modal/test/auto/ExtendedFSM.xml
8 ms. Memory: 247808K Free: 215003K (87%)
----------------- Invoking toplevel() on ptolemy.moml.MoMLSimpleApplication@4a9e7ae8
----------------- Done invoking toplevel() on ptolemy.moml.MoMLSimpleApplication@4a9e7ae8
reloadAllAccessors: .ExtendedFSM

===========================================================================================
----------------- testing Wed Jun 17 14:44:58 UTC 2020 /home/travis/build/icyphy/ptII/ptolemy/domains/modal/test/auto/FinalStates.xml
----------------- Instantiating /home/travis/build/icyphy/ptII/ptolemy/domains/modal/test/auto/FinalStates.xml
10 ms. Memory: 247808K Free: 206811K (83%)
----------------- Invoking toplevel() on ptolemy.moml.MoMLSimpleApplication@7d8a44d3
----------------- Done invoking toplevel() on ptolemy.moml.MoMLSimpleApplication@7d8a44d3
reloadAllAccessors: .FinalStates

===========================================================================================
----------------- testing Wed Jun 17 14:44:58 UTC 2020 /home/travis/build/icyphy/ptII/ptolemy/domains/modal/test/auto/FixedPointFSM.xml
----------------- Instantiating /home/travis/build/icyphy/ptII/ptolemy/domains/modal/test/auto/FixedPointFSM.xml
20 ms. Memory: 247808K Free: 191979K (77%)
----------------- Invoking toplevel() on ptolemy.moml.MoMLSimpleApplication@36d427f
----------------- Done invoking toplevel() on ptolemy.moml.MoMLSimpleApplication@36d427f
reloadAllAccessors: .FixedPointFSM

===========================================================================================
----------------- testing Wed Jun 17 14:44:58 UTC 2020 /home/travis/build/icyphy/ptII/ptolemy/domains/modal/test/auto/FixedPointIterationFSMActor.xml
----------------- Instantiating /home/travis/build/icyphy/ptII/ptolemy/domains/modal/test/auto/FixedPointIterationFSMActor.xml
6 ms. Memory: 247808K Free: 181739K (73%)
----------------- Invoking toplevel() on ptolemy.moml.MoMLSimpleApplication@57d67b09
----------------- Done invoking toplevel() on ptolemy.moml.MoMLSimpleApplication@57d67b09
reloadAllAccessors: .FixedPointIterationFSMActor

===========================================================================================
----------------- testing Wed Jun 17 14:44:58 UTC 2020 /home/travis/build/icyphy/ptII/ptolemy/domains/modal/test/auto/FixedPointIterationFSMActor2.xml
----------------- Instantiating /home/travis/build/icyphy/ptII/ptolemy/domains/modal/test/auto/FixedPointIterationFSMActor2.xml
11 ms. Memory: 247808K Free: 169451K (68%)
----------------- Invoking toplevel() on ptolemy.moml.MoMLSimpleApplication@d65ed8d
----------------- Done invoking toplevel() on ptolemy.moml.MoMLSimpleApplication@d65ed8d
reloadAllAccessors: .FixedPointIterationFSMActor2

===========================================================================================
----------------- testing Wed Jun 17 14:44:58 UTC 2020 /home/travis/build/icyphy/ptII/ptolemy/domains/modal/test/auto/ForbiddenInstantanousLoop.xml
----------------- Instantiating /home/travis/build/icyphy/ptII/ptolemy/domains/modal/test/auto/ForbiddenInstantanousLoop.xml
5 ms. Memory: 247808K Free: 157163K (63%)
----------------- Invoking toplevel() on ptolemy.moml.MoMLSimpleApplication@3db23a99
----------------- Done invoking toplevel() on ptolemy.moml.MoMLSimpleApplication@3db23a99
reloadAllAccessors: .ForbiddenInstantanousLoop

===========================================================================================
----------------- testing Wed Jun 17 14:44:58 UTC 2020 /home/travis/build/icyphy/ptII/ptolemy/domains/modal/test/auto/FunctionDependencyOfFSMActorTest.xml
----------------- Instantiating /home/travis/build/icyphy/ptII/ptolemy/domains/modal/test/auto/FunctionDependencyOfFSMActorTest.xml
10 ms. Memory: 247808K Free: 149995K (61%)
----------------- Invoking toplevel() on ptolemy.moml.MoMLSimpleApplication@710d22ba
----------------- Done invoking toplevel() on ptolemy.moml.MoMLSimpleApplication@710d22ba
reloadAllAccessors: .FunctionDependencyOfFSMActorTest

===========================================================================================
----------------- testing Wed Jun 17 14:44:58 UTC 2020 /home/travis/build/icyphy/ptII/ptolemy/domains/modal/test/auto/GuardExpression.xml
----------------- Instantiating /home/travis/build/icyphy/ptII/ptolemy/domains/modal/test/auto/GuardExpression.xml
1 ms. Memory: 247808K Free: 144875K (58%)
----------------- Invoking toplevel() on ptolemy.moml.MoMLSimpleApplication@ce324bf
----------------- Done invoking toplevel() on ptolemy.moml.MoMLSimpleApplication@ce324bf
reloadAllAccessors: .GuardExpression

===========================================================================================
----------------- testing Wed Jun 17 14:44:58 UTC 2020 /home/travis/build/icyphy/ptII/ptolemy/domains/modal/test/auto/GuardNotEvaluated.xml
----------------- Instantiating /home/travis/build/icyphy/ptII/ptolemy/domains/modal/test/auto/GuardNotEvaluated.xml
8 ms. Memory: 247808K Free: 136155K (55%)
----------------- Invoking toplevel() on ptolemy.moml.MoMLSimpleApplication@d6583af
----------------- Done invoking toplevel() on ptolemy.moml.MoMLSimpleApplication@d6583af
reloadAllAccessors: .GuardNotEvaluated

===========================================================================================
----------------- testing Wed Jun 17 14:44:58 UTC 2020 /home/travis/build/icyphy/ptII/ptolemy/domains/modal/test/auto/GuardNotEvaluated2.xml
----------------- Instantiating /home/travis/build/icyphy/ptII/ptolemy/domains/modal/test/auto/GuardNotEvaluated2.xml
6 ms. Memory: 247808K Free: 126443K (51%)
----------------- Invoking toplevel() on ptolemy.moml.MoMLSimpleApplication@1f148a53
----------------- Done invoking toplevel() on ptolemy.moml.MoMLSimpleApplication@1f148a53
reloadAllAccessors: .GuardNotEvaluated2

===========================================================================================
----------------- testing Wed Jun 17 14:44:58 UTC 2020 /home/travis/build/icyphy/ptII/ptolemy/domains/modal/test/auto/GuardOnAbsent.xml
----------------- Instantiating /home/travis/build/icyphy/ptII/ptolemy/domains/modal/test/auto/GuardOnAbsent.xml
8 ms. Memory: 247808K Free: 118731K (48%)
----------------- Invoking toplevel() on ptolemy.moml.MoMLSimpleApplication@6898d9af
----------------- Done invoking toplevel() on ptolemy.moml.MoMLSimpleApplication@6898d9af
reloadAllAccessors: .GuardOnAbsent

===========================================================================================
----------------- testing Wed Jun 17 14:44:58 UTC 2020 /home/travis/build/icyphy/ptII/ptolemy/domains/modal/test/auto/HierarchicalFSMTypeInference.xml
----------------- Instantiating /home/travis/build/icyphy/ptII/ptolemy/domains/modal/test/auto/HierarchicalFSMTypeInference.xml
5 ms. Memory: 247808K Free: 108521K (44%)
----------------- Invoking toplevel() on ptolemy.moml.MoMLSimpleApplication@58e38a2b
----------------- Done invoking toplevel() on ptolemy.moml.MoMLSimpleApplication@58e38a2b
reloadAllAccessors: .HierarchicalFSMTypeInference

===========================================================================================
----------------- testing Wed Jun 17 14:44:58 UTC 2020 /home/travis/build/icyphy/ptII/ptolemy/domains/modal/test/auto/Hysteresis.xml
----------------- Instantiating /home/travis/build/icyphy/ptII/ptolemy/domains/modal/test/auto/Hysteresis.xml
14 ms. Memory: 247808K Free: 95195K (38%)
----------------- Invoking toplevel() on ptolemy.moml.MoMLSimpleApplication@79630ba2
----------------- Done invoking toplevel() on ptolemy.moml.MoMLSimpleApplication@79630ba2
reloadAllAccessors: .Hysteresis

===========================================================================================
----------------- testing Wed Jun 17 14:44:58 UTC 2020 /home/travis/build/icyphy/ptII/ptolemy/domains/modal/test/auto/HysteresisWithDefault.xml
----------------- Instantiating /home/travis/build/icyphy/ptII/ptolemy/domains/modal/test/auto/HysteresisWithDefault.xml
41 ms. Memory: 247808K Free: 212971K (86%)
----------------- Invoking toplevel() on ptolemy.moml.MoMLSimpleApplication@2333f977
----------------- Done invoking toplevel() on ptolemy.moml.MoMLSimpleApplication@2333f977
reloadAllAccessors: .HysteresisWithDefault

===========================================================================================
----------------- testing Wed Jun 17 14:44:58 UTC 2020 /home/travis/build/icyphy/ptII/ptolemy/domains/modal/test/auto/HysteresisWithDefault2.xml
----------------- Instantiating /home/travis/build/icyphy/ptII/ptolemy/domains/modal/test/auto/HysteresisWithDefault2.xml
49 ms. Memory: 247808K Free: 183782K (74%)
----------------- Invoking toplevel() on ptolemy.moml.MoMLSimpleApplication@568c7293
----------------- Done invoking toplevel() on ptolemy.moml.MoMLSimpleApplication@568c7293
reloadAllAccessors: .HysteresisWithDefault2

===========================================================================================
----------------- testing Wed Jun 17 14:44:58 UTC 2020 /home/travis/build/icyphy/ptII/ptolemy/domains/modal/test/auto/ImmediateNonConstructiveness.xml
----------------- Instantiating /home/travis/build/icyphy/ptII/ptolemy/domains/modal/test/auto/ImmediateNonConstructiveness.xml
4 ms. Memory: 247808K Free: 176603K (71%)
----------------- Invoking toplevel() on ptolemy.moml.MoMLSimpleApplication@4e99f181
----------------- Done invoking toplevel() on ptolemy.moml.MoMLSimpleApplication@4e99f181
reloadAllAccessors: .ImmediateNonConstructiveness

===========================================================================================
----------------- testing Wed Jun 17 14:44:58 UTC 2020 /home/travis/build/icyphy/ptII/ptolemy/domains/modal/test/auto/ImmediateNonConstructiveness2.xml
----------------- Instantiating /home/travis/build/icyphy/ptII/ptolemy/domains/modal/test/auto/ImmediateNonConstructiveness2.xml
3 ms. Memory: 247808K Free: 169963K (69%)
----------------- Invoking toplevel() on ptolemy.moml.MoMLSimpleApplication@5c9dca93
----------------- Done invoking toplevel() on ptolemy.moml.MoMLSimpleApplication@5c9dca93
reloadAllAccessors: .ImmediateNonConstructiveness2

===========================================================================================
----------------- testing Wed Jun 17 14:44:58 UTC 2020 /home/travis/build/icyphy/ptII/ptolemy/domains/modal/test/auto/ImmediateTransitionReset.xml
----------------- Instantiating /home/travis/build/icyphy/ptII/ptolemy/domains/modal/test/auto/ImmediateTransitionReset.xml
7 ms. Memory: 247808K Free: 158185K (64%)
----------------- Invoking toplevel() on ptolemy.moml.MoMLSimpleApplication@4bdec04
----------------- Done invoking toplevel() on ptolemy.moml.MoMLSimpleApplication@4bdec04
reloadAllAccessors: .ImmediateTransitionReset

===========================================================================================
----------------- testing Wed Jun 17 14:44:58 UTC 2020 /home/travis/build/icyphy/ptII/ptolemy/domains/modal/test/auto/ImmediateTransitions1.xml
----------------- Instantiating /home/travis/build/icyphy/ptII/ptolemy/domains/modal/test/auto/ImmediateTransitions1.xml
1 ms. Memory: 247808K Free: 153065K (62%)
----------------- Invoking toplevel() on ptolemy.moml.MoMLSimpleApplication@32b9a3ef
----------------- Done invoking toplevel() on ptolemy.moml.MoMLSimpleApplication@32b9a3ef
reloadAllAccessors: .ImmediateTransitions1

===========================================================================================
----------------- testing Wed Jun 17 14:44:58 UTC 2020 /home/travis/build/icyphy/ptII/ptolemy/domains/modal/test/auto/ImmediateTransitionsInstantaneousCommunication.xml
----------------- Instantiating /home/travis/build/icyphy/ptII/ptolemy/domains/modal/test/auto/ImmediateTransitionsInstantaneousCommunication.xml
4 ms. Memory: 247808K Free: 140771K (57%)
----------------- Invoking toplevel() on ptolemy.moml.MoMLSimpleApplication@71096eaa
----------------- Done invoking toplevel() on ptolemy.moml.MoMLSimpleApplication@71096eaa
reloadAllAccessors: .ImmediateTransitionsInstantaneousCommunication

===========================================================================================
----------------- testing Wed Jun 17 14:44:58 UTC 2020 /home/travis/build/icyphy/ptII/ptolemy/domains/modal/test/auto/InitialImmediateTransition.xml
----------------- Instantiating /home/travis/build/icyphy/ptII/ptolemy/domains/modal/test/auto/InitialImmediateTransition.xml
4 ms. Memory: 247808K Free: 133603K (54%)
----------------- Invoking toplevel() on ptolemy.moml.MoMLSimpleApplication@77effe88
----------------- Done invoking toplevel() on ptolemy.moml.MoMLSimpleApplication@77effe88
reloadAllAccessors: .InitialImmediateTransition

===========================================================================================
----------------- testing Wed Jun 17 14:44:58 UTC 2020 /home/travis/build/icyphy/ptII/ptolemy/domains/modal/test/auto/InitialOutputs.xml
----------------- Instantiating /home/travis/build/icyphy/ptII/ptolemy/domains/modal/test/auto/InitialOutputs.xml
4 ms. Memory: 247808K Free: 127465K (51%)
----------------- Invoking toplevel() on ptolemy.moml.MoMLSimpleApplication@18172eb5
----------------- Done invoking toplevel() on ptolemy.moml.MoMLSimpleApplication@18172eb5
reloadAllAccessors: .InitialOutputs

===========================================================================================
----------------- testing Wed Jun 17 14:44:58 UTC 2020 /home/travis/build/icyphy/ptII/ptolemy/domains/modal/test/auto/InitialStateTransition1.xml
----------------- Instantiating /home/travis/build/icyphy/ptII/ptolemy/domains/modal/test/auto/InitialStateTransition1.xml
2 ms. Memory: 247808K Free: 120297K (49%)
----------------- Invoking toplevel() on ptolemy.moml.MoMLSimpleApplication@6f562b27
----------------- Done invoking toplevel() on ptolemy.moml.MoMLSimpleApplication@6f562b27
reloadAllAccessors: .InitialStateTransition1

===========================================================================================
----------------- testing Wed Jun 17 14:44:58 UTC 2020 /home/travis/build/icyphy/ptII/ptolemy/domains/modal/test/auto/InitialStateTransition2.xml
----------------- Instantiating /home/travis/build/icyphy/ptII/ptolemy/domains/modal/test/auto/InitialStateTransition2.xml
.InitialStateTransition2.TestExceptionAttributeNonConstructive: initialize() was not invoked, but wrapup() was.  This is unusual, but not always a problem.  For example, exporting JNLP will do this.
2 ms. Memory: 247808K Free: 113129K (46%)
----------------- Invoking toplevel() on ptolemy.moml.MoMLSimpleApplication@70ef5370
----------------- Done invoking toplevel() on ptolemy.moml.MoMLSimpleApplication@70ef5370
reloadAllAccessors: .InitialStateTransition2

===========================================================================================
----------------- testing Wed Jun 17 14:44:59 UTC 2020 /home/travis/build/icyphy/ptII/ptolemy/domains/modal/test/auto/InitialStateTransition3.xml
----------------- Instantiating /home/travis/build/icyphy/ptII/ptolemy/domains/modal/test/auto/InitialStateTransition3.xml
4 ms. Memory: 247808K Free: 104937K (42%)
----------------- Invoking toplevel() on ptolemy.moml.MoMLSimpleApplication@1b4d6271
----------------- Done invoking toplevel() on ptolemy.moml.MoMLSimpleApplication@1b4d6271
reloadAllAccessors: .InitialStateTransition3

===========================================================================================
----------------- testing Wed Jun 17 14:44:59 UTC 2020 /home/travis/build/icyphy/ptII/ptolemy/domains/modal/test/auto/InitialStateTransition4.xml
----------------- Instantiating /home/travis/build/icyphy/ptII/ptolemy/domains/modal/test/auto/InitialStateTransition4.xml
4 ms. Memory: 247808K Free: 95721K (39%)
----------------- Invoking toplevel() on ptolemy.moml.MoMLSimpleApplication@51d1387d
----------------- Done invoking toplevel() on ptolemy.moml.MoMLSimpleApplication@51d1387d
reloadAllAccessors: .InitialStateTransition4
[...]
reloadAllAccessors: .TerminationTransition3

===========================================================================================
----------------- testing Wed Jun 17 14:45:00 UTC 2020 /home/travis/build/icyphy/ptII/ptolemy/domains/modal/test/auto/TerminationTransition4.xml
----------------- Instantiating /home/travis/build/icyphy/ptII/ptolemy/domains/modal/test/auto/TerminationTransition4.xml
6 ms. Memory: 307200K Free: 176769K (58%)
----------------- Invoking toplevel() on ptolemy.moml.MoMLSimpleApplication@5d04b8b4
----------------- Done invoking toplevel() on ptolemy.moml.MoMLSimpleApplication@5d04b8b4
reloadAllAccessors: .TerminationTransition4

===========================================================================================
----------------- testing Wed Jun 17 14:45:00 UTC 2020 /home/travis/build/icyphy/ptII/ptolemy/domains/modal/test/auto/TerminationTransition5.xml
----------------- Instantiating /home/travis/build/icyphy/ptII/ptolemy/domains/modal/test/auto/TerminationTransition5.xml
3 ms. Memory: 307200K Free: 162943K (53%)
----------------- Invoking toplevel() on ptolemy.moml.MoMLSimpleApplication@5c707ca
----------------- Done invoking toplevel() on ptolemy.moml.MoMLSimpleApplication@5c707ca
reloadAllAccessors: .TerminationTransition5

===========================================================================================
----------------- testing Wed Jun 17 14:45:01 UTC 2020 /home/travis/build/icyphy/ptII/ptolemy/domains/modal/test/auto/TerminationTransition6.xml
----------------- Instantiating /home/travis/build/icyphy/ptII/ptolemy/domains/modal/test/auto/TerminationTransition6.xml
2 ms. Memory: 307200K Free: 154751K (50%)
----------------- Invoking toplevel() on ptolemy.moml.MoMLSimpleApplication@7e0e4257
----------------- Done invoking toplevel() on ptolemy.moml.MoMLSimpleApplication@7e0e4257
reloadAllAccessors: .TerminationTransition6

===========================================================================================
----------------- testing Wed Jun 17 14:45:01 UTC 2020 /home/travis/build/icyphy/ptII/ptolemy/domains/modal/test/auto/TerminationTransition7.xml
----------------- Instantiating /home/travis/build/icyphy/ptII/ptolemy/domains/modal/test/auto/TerminationTransition7.xml
2 ms. Memory: 307200K Free: 145520K (47%)
----------------- Invoking toplevel() on ptolemy.moml.MoMLSimpleApplication@5875fcc3
----------------- Done invoking toplevel() on ptolemy.moml.MoMLSimpleApplication@5875fcc3
reloadAllAccessors: .TerminationTransition7

===========================================================================================
----------------- testing Wed Jun 17 14:45:01 UTC 2020 /home/travis/build/icyphy/ptII/ptolemy/domains/modal/test/auto/TerminationTransition8.xml
----------------- Instantiating /home/travis/build/icyphy/ptII/ptolemy/domains/modal/test/auto/TerminationTransition8.xml
2 ms. Memory: 307200K Free: 136319K (44%)
----------------- Invoking toplevel() on ptolemy.moml.MoMLSimpleApplication@93a9438
----------------- Done invoking toplevel() on ptolemy.moml.MoMLSimpleApplication@93a9438
reloadAllAccessors: .TerminationTransition8

===========================================================================================
----------------- testing Wed Jun 17 14:45:01 UTC 2020 /home/travis/build/icyphy/ptII/ptolemy/domains/modal/test/auto/Thermostat_NoHysteresis.xml
----------------- Instantiating /home/travis/build/icyphy/ptII/ptolemy/domains/modal/test/auto/Thermostat_NoHysteresis.xml
34 ms. Memory: 307200K Free: 111743K (36%)
----------------- Invoking toplevel() on ptolemy.moml.MoMLSimpleApplication@397bfa8c
----------------- Done invoking toplevel() on ptolemy.moml.MoMLSimpleApplication@397bfa8c
reloadAllAccessors: .Thermostat_NoHysteresis

===========================================================================================
----------------- testing Wed Jun 17 14:45:01 UTC 2020 /home/travis/build/icyphy/ptII/ptolemy/domains/modal/test/auto/TimedFSM.xml
----------------- Instantiating /home/travis/build/icyphy/ptII/ptolemy/domains/modal/test/auto/TimedFSM.xml
7 ms. Memory: 307200K Free: 278408K (91%)
----------------- Invoking toplevel() on ptolemy.moml.MoMLSimpleApplication@1f64221e
----------------- Done invoking toplevel() on ptolemy.moml.MoMLSimpleApplication@1f64221e
reloadAllAccessors: .TimedFSM

===========================================================================================
----------------- testing Wed Jun 17 14:45:01 UTC 2020 /home/travis/build/icyphy/ptII/ptolemy/domains/modal/test/auto/Timeout1.xml
----------------- Instantiating /home/travis/build/icyphy/ptII/ptolemy/domains/modal/test/auto/Timeout1.xml
2 ms. Memory: 307200K Free: 272760K (89%)
----------------- Invoking toplevel() on ptolemy.moml.MoMLSimpleApplication@43ce2d74
----------------- Done invoking toplevel() on ptolemy.moml.MoMLSimpleApplication@43ce2d74
reloadAllAccessors: .Timeout1

===========================================================================================
----------------- testing Wed Jun 17 14:45:01 UTC 2020 /home/travis/build/icyphy/ptII/ptolemy/domains/modal/test/auto/Timeout2.xml
----------------- Instantiating /home/travis/build/icyphy/ptII/ptolemy/domains/modal/test/auto/Timeout2.xml
5 ms. Memory: 307200K Free: 264072K (86%)
----------------- Invoking toplevel() on ptolemy.moml.MoMLSimpleApplication@62fce746
----------------- Done invoking toplevel() on ptolemy.moml.MoMLSimpleApplication@62fce746
reloadAllAccessors: .Timeout2

===========================================================================================
----------------- testing Wed Jun 17 14:45:01 UTC 2020 /home/travis/build/icyphy/ptII/ptolemy/domains/modal/test/auto/Timeout3.xml
----------------- Instantiating /home/travis/build/icyphy/ptII/ptolemy/domains/modal/test/auto/Timeout3.xml
2 ms. Memory: 307200K Free: 258952K (84%)
----------------- Invoking toplevel() on ptolemy.moml.MoMLSimpleApplication@5b02c492
----------------- Done invoking toplevel() on ptolemy.moml.MoMLSimpleApplication@5b02c492
reloadAllAccessors: .Timeout3

===========================================================================================
----------------- testing Wed Jun 17 14:45:01 UTC 2020 /home/travis/build/icyphy/ptII/ptolemy/domains/modal/test/auto/Timeout4.xml
----------------- Instantiating /home/travis/build/icyphy/ptII/ptolemy/domains/modal/test/auto/Timeout4.xml
2 ms. Memory: 307200K Free: 253832K (83%)
----------------- Invoking toplevel() on ptolemy.moml.MoMLSimpleApplication@7d479b06
----------------- Done invoking toplevel() on ptolemy.moml.MoMLSimpleApplication@7d479b06
reloadAllAccessors: .Timeout4

===========================================================================================
----------------- testing Wed Jun 17 14:45:01 UTC 2020 /home/travis/build/icyphy/ptII/ptolemy/domains/modal/test/auto/TransientstateModelAdvanced.xml
----------------- Instantiating /home/travis/build/icyphy/ptII/ptolemy/domains/modal/test/auto/TransientstateModelAdvanced.xml
3 ms. Memory: 307200K Free: 241544K (79%)
----------------- Invoking toplevel() on ptolemy.moml.MoMLSimpleApplication@33262397
----------------- Done invoking toplevel() on ptolemy.moml.MoMLSimpleApplication@33262397
reloadAllAccessors: .TransientstateModelAdvanced

===========================================================================================
----------------- testing Wed Jun 17 14:45:01 UTC 2020 /home/travis/build/icyphy/ptII/ptolemy/domains/modal/test/auto/TransientstateModelAdvanced2.xml
----------------- Instantiating /home/travis/build/icyphy/ptII/ptolemy/domains/modal/test/auto/TransientstateModelAdvanced2.xml
3 ms. Memory: 307200K Free: 227718K (74%)
----------------- Invoking toplevel() on ptolemy.moml.MoMLSimpleApplication@6224a0fd
----------------- Done invoking toplevel() on ptolemy.moml.MoMLSimpleApplication@6224a0fd
reloadAllAccessors: .transientstatemodelAdvanced

===========================================================================================
----------------- testing Wed Jun 17 14:45:01 UTC 2020 /home/travis/build/icyphy/ptII/ptolemy/domains/modal/test/auto/TransitionRefinements.xml
----------------- Instantiating /home/travis/build/icyphy/ptII/ptolemy/domains/modal/test/auto/TransitionRefinements.xml
12 ms. Memory: 307200K Free: 217992K (71%)
----------------- Invoking toplevel() on ptolemy.moml.MoMLSimpleApplication@66b7d811
----------------- Done invoking toplevel() on ptolemy.moml.MoMLSimpleApplication@66b7d811
reloadAllAccessors: .TransitionRefinements

===========================================================================================
----------------- testing Wed Jun 17 14:45:01 UTC 2020 /home/travis/build/icyphy/ptII/ptolemy/domains/modal/test/auto/TwoRefinements1.xml
----------------- Instantiating /home/travis/build/icyphy/ptII/ptolemy/domains/modal/test/auto/TwoRefinements1.xml
3 ms. Memory: 307200K Free: 208262K (68%)
----------------- Invoking toplevel() on ptolemy.moml.MoMLSimpleApplication@461e0763
----------------- Done invoking toplevel() on ptolemy.moml.MoMLSimpleApplication@461e0763
reloadAllAccessors: .TwoRefinements1

===========================================================================================
----------------- testing Wed Jun 17 14:45:01 UTC 2020 /home/travis/build/icyphy/ptII/ptolemy/domains/modal/test/auto/TwoRefinements2.xml
----------------- Instantiating /home/travis/build/icyphy/ptII/ptolemy/domains/modal/test/auto/TwoRefinements2.xml
2 ms. Memory: 307200K Free: 198022K (64%)
----------------- Invoking toplevel() on ptolemy.moml.MoMLSimpleApplication@76309f3e
----------------- Done invoking toplevel() on ptolemy.moml.MoMLSimpleApplication@76309f3e
reloadAllAccessors: .TwoRefinements2

===========================================================================================
----------------- testing Wed Jun 17 14:45:01 UTC 2020 /home/travis/build/icyphy/ptII/ptolemy/domains/modal/test/auto/WeakImmediateTransition.xml
----------------- Instantiating /home/travis/build/icyphy/ptII/ptolemy/domains/modal/test/auto/WeakImmediateTransition.xml
7 ms. Memory: 307200K Free: 189320K (62%)
----------------- Invoking toplevel() on ptolemy.moml.MoMLSimpleApplication@4467b60f
----------------- Done invoking toplevel() on ptolemy.moml.MoMLSimpleApplication@4467b60f
reloadAllAccessors: .WeakImmediateTransition

===========================================================================================
----------------- testing Wed Jun 17 14:45:01 UTC 2020 /home/travis/build/icyphy/ptII/ptolemy/domains/modal/test/auto/booleanSelect.xml
----------------- Instantiating /home/travis/build/icyphy/ptII/ptolemy/domains/modal/test/auto/booleanSelect.xml
37 ms. Memory: 307200K Free: 171384K (56%)
----------------- Invoking toplevel() on ptolemy.moml.MoMLSimpleApplication@7dd3fe2c
----------------- Done invoking toplevel() on ptolemy.moml.MoMLSimpleApplication@7dd3fe2c
reloadAllAccessors: .booleanSelect

===========================================================================================
----------------- testing Wed Jun 17 14:45:01 UTC 2020 /home/travis/build/icyphy/ptII/ptolemy/domains/modal/test/auto/modalChangingParams.xml
----------------- Instantiating /home/travis/build/icyphy/ptII/ptolemy/domains/modal/test/auto/modalChangingParams.xml
0
1
0
2
4
6
8
7
0
2
4
6
8
13
0
2
4
6
8
19
0
2
4
6
8
25
0
2
4
6
8
31
0
2
4
6
8
37
0
2
4
6
8
43
0
2
4
6
8
49
0
2
4
6
8
55
0
2
4
6
8
61
0
2
4
6
8
67
0
2
4
6
8
73
0
2
4
6
8
79
0
2
4
6
8
85
0
2
4
6
8
91
0
2
4
6
8
97
0
2
4
6
8
103
0
2
4
6
8
109
0
2
4
6
8
115
0
2
4
6
8
121
0
2
4
6
8
127
0
2
4
6
8
133
0
2
4
6
8
139
0
2
4
6
8
145
0
2
4
6
8
151
0
2
4
6
8
157
0
2
4
6
8
163
0
2
4
6
8
169
0
2
4
6
8
175
0
2
4
6
8
181
0
2
4
6
8
187
0
2
4
6
8
193
0
2
4
6
8
199
0
2
4
6
8
205
0
2
4
6
8
211
0
2
4
6
8
217
0
2
4
6
8
223
0
2
4
6
8
229
0
2
4
6
8
235
0
2
4
6
8
241
0
2
4
6
8
247
0
2
4
6
8
253
0
2
4
6
8
259
0
2
4
6
8
265
0
2
4
6
8
271
0
2
4
6
8
277
0
2
4
6
8
283
0
2
4
6
8
289
0
2
4
6
8
295
0
2
4
6
8
301
0
2
4
6
8
307
0
2
4
6
8
313
0
2
4
6
8
319
0
2
4
6
8
325
0
2
4
6
8
331
0
2
4
6
8
337
0
2
4
6
8
343
0
2
4
6
8
349
0
2
4
6
8
355
0
2
4
6
8
361
0
2
4
6
8
367
0
2
4
6
8
373
0
2
4
6
8
379
0
2
4
6
8
385
0
2
4
6
8
391
0
2
4
6
8
397
0
2
4
6
8
403
0
2
4
6
8
409
0
2
4
6
8
415
0
2
4
6
8
421
0
2
4
6
8
427
0
2
4
6
8
433
0
2
4
6
8
439
0
2
4
6
8
445
0
2
4
6
8
451
0
2
4
6
8
457
0
2
4
6
8
463
0
2
4
6
8
469
0
2
4
6
8
475
0
2
4
6
8
481
0
2
4
6
8
487
0
2
4
6
8
493
0
2
4
6
8
499
0
2
4
6
8
505
0
2
4
6
8
511
0
2
4
6
8
517
0
2
4
6
8
523
0
2
4
6
8
529
0
2
4
6
8
535
0
2
4
6
8
541
0
2
4
6
8
547
0
2
4
6
8
553
0
2
4
6
8
559
0
2
4
6
8
565
0
2
4
6
8
571
0
2
4
6
8
577
0
2
4
6
8
583
0
2
4
6
8
589
0
2
4
6
8
595
0
2
4
6
8
601
0
2
4
6
8
607
0
2
4
6
8
613
0
2
4
6
8
619
0
2
4
6
8
625
0
2
4
6
8
631
0
2
4
6
8
637
0
2
4
6
8
643
0
2
4
6
8
649
0
2
4
6
8
655
0
2
4
6
8
661
0
2
4
6
8
667
0
2
4
6
8
673
0
2
4
6
8
679
0
2
4
6
8
685
0
2
4
6
8
691
0
2
4
6
8
697
0
2
4
6
8
703
0
2
4
6
8
709
0
2
4
6
8
715
0
2
4
6
8
721
0
2
4
6
8
727
0
2
4
6
8
733
0
2
4
6
8
739
0
2
4
6
8
745
0
2
4
6
8
751
0
2
4
6
8
757
0
2
4
6
8
763
0
2
4
6
8
769
0
2
4
6
8
775
0
2
4
6
8
781
0
2
4
6
8
787
0
2
4
6
8
793
0
2
4
6
8
799
0
2
4
6
8
805
0
2
4
6
8
811
0
2
4
6
8
817
0
2
4
6
8
823
0
2
4
6
8
829
0
2
4
6
8
835
0
2
4
6
8
841
0
2
4
6
8
847
0
2
4
6
8
853
0
2
4
6
8
859
0
2
4
6
8
865
0
2
4
6
8
871
0
2
4
6
8
877
0
2
4
6
8
883
0
2
4
6
8
889
0
2
4
6
8
895
0
2
4
6
8
901
0
2
4
6
8
907
0
2
4
6
8
913
0
2
4
6
8
919
0
2
4
6
8
925
0
2
4
6
8
931
0
2
4
6
8
937
0
2
4
6
8
943
0
2
4
6
8
949
0
2
4
6
8
955
0
2
4
6
8
961
0
2
4
6
8
967
0
2
4
6
8
973
0
2
4
6
8
979
0
2
4
6
8
985
0
2
4
6
8
991
0
2
4
6
8
997
0
2
249 ms. Memory: 307200K Free: 236985K (77%)
----------------- Invoking toplevel() on ptolemy.moml.MoMLSimpleApplication@4cc71d8d
----------------- Done invoking toplevel() on ptolemy.moml.MoMLSimpleApplication@4cc71d8d
reloadAllAccessors: .modalChangingParams

===========================================================================================
----------------- testing Wed Jun 17 14:45:01 UTC 2020 /home/travis/build/icyphy/ptII/ptolemy/domains/modal/test/auto/modalModel.xml
----------------- Instantiating /home/travis/build/icyphy/ptII/ptolemy/domains/modal/test/auto/modalModel.xml
5 ms. Memory: 307200K Free: 227769K (74%)
----------------- Invoking toplevel() on ptolemy.moml.MoMLSimpleApplication@2eb0a208
----------------- Done invoking toplevel() on ptolemy.moml.MoMLSimpleApplication@2eb0a208
reloadAllAccessors: .modalModel

===========================================================================================
----------------- testing Wed Jun 17 14:45:01 UTC 2020 /home/travis/build/icyphy/ptII/ptolemy/domains/modal/test/auto/modalModel2.xml
----------------- Instantiating /home/travis/build/icyphy/ptII/ptolemy/domains/modal/test/auto/modalModel2.xml
9 ms. Memory: 307200K Free: 217019K (71%)
----------------- Invoking toplevel() on ptolemy.moml.MoMLSimpleApplication@3b3ce7fa
----------------- Done invoking toplevel() on ptolemy.moml.MoMLSimpleApplication@3b3ce7fa
reloadAllAccessors: .modalModel2

===========================================================================================
----------------- testing Wed Jun 17 14:45:01 UTC 2020 /home/travis/build/icyphy/ptII/ptolemy/domains/modal/test/auto/modalModel3.xml
----------------- Instantiating /home/travis/build/icyphy/ptII/ptolemy/domains/modal/test/auto/modalModel3.xml
0	0	0
3	2	1
6	4	2
9	6	3
4	0	4
7	2	5
10	4	6
13	6	7
8	0	8
11	2	9
14	4	10
17	6	11
12	0	12
15	2	13
18	4	14
15 ms. Memory: 307200K Free: 202139K (66%)
----------------- Invoking toplevel() on ptolemy.moml.MoMLSimpleApplication@279bbfdd
----------------- Done invoking toplevel() on ptolemy.moml.MoMLSimpleApplication@279bbfdd
reloadAllAccessors: .modalModel3

===========================================================================================
----------------- testing Wed Jun 17 14:45:01 UTC 2020 /home/travis/build/icyphy/ptII/ptolemy/domains/modal/test/auto/model1.xml
----------------- Instantiating /home/travis/build/icyphy/ptII/ptolemy/domains/modal/test/auto/model1.xml
12 ms. Memory: 307200K Free: 196539K (64%)
----------------- Invoking toplevel() on ptolemy.moml.MoMLSimpleApplication@4cce77a2
----------------- Done invoking toplevel() on ptolemy.moml.MoMLSimpleApplication@4cce77a2
reloadAllAccessors: .model1

===========================================================================================
----------------- testing Wed Jun 17 14:45:01 UTC 2020 /home/travis/build/icyphy/ptII/ptolemy/domains/modal/test/auto/test-direct-in-out.xml
----------------- Instantiating /home/travis/build/icyphy/ptII/ptolemy/domains/modal/test/auto/test-direct-in-out.xml
4 ms. Memory: 307200K Free: 188841K (61%)
----------------- Invoking toplevel() on ptolemy.moml.MoMLSimpleApplication@73561db0
----------------- Done invoking toplevel() on ptolemy.moml.MoMLSimpleApplication@73561db0
reloadAllAccessors: .test-direct-in-out
AutoTests.java: About to close Vertx.
AutoTests.java: Vertx closed.
]]></system-out>
  <system-err><![CDATA[java.lang.RuntimeException: Execution failed
	at ptolemy.moml.MoMLSimpleApplication$UnloadThread.run(MoMLSimpleApplication.java:402)
Caused by: ptolemy.kernel.util.IllegalActionException: Unknown inputs remain. Possible causality loop:
L_model_1893289564i

  in .CannotAnalysisWithPreemption.model_1893289564_region_1 and .CannotAnalysisWithPreemption.model_1893289564_region_1.L_model_1893289564i
	at ptolemy.actor.sched.FixedPointDirector.postfire(FixedPointDirector.java:515)
	at ptolemy.domains.sr.kernel.SRDirector.postfire(SRDirector.java:417)
	at ptolemy.actor.CompositeActor.postfire(CompositeActor.java:1668)
	at ptolemy.actor.Manager.iterate(Manager.java:852)
	at ptolemy.actor.Manager.execute(Manager.java:369)
	at ptolemy.actor.Manager.run(Manager.java:1263)
	at ptolemy.actor.Manager$PtolemyRunThread.run(Manager.java:1933)
java.lang.reflect.InvocationTargetException
	at java.base/jdk.internal.reflect.NativeConstructorAccessorImpl.newInstance0(Native Method)
	at java.base/jdk.internal.reflect.NativeConstructorAccessorImpl.newInstance(NativeConstructorAccessorImpl.java:62)
	at java.base/jdk.internal.reflect.DelegatingConstructorAccessorImpl.newInstance(DelegatingConstructorAccessorImpl.java:45)
	at java.base/java.lang.reflect.Constructor.newInstance(Constructor.java:490)
	at ptolemy.util.test.junit.AutoKnownFailedTests.RunModel(AutoKnownFailedTests.java:105)
	at java.base/jdk.internal.reflect.NativeMethodAccessorImpl.invoke0(Native Method)
	at java.base/jdk.internal.reflect.NativeMethodAccessorImpl.invoke(NativeMethodAccessorImpl.java:62)
	at java.base/jdk.internal.reflect.DelegatingMethodAccessorImpl.invoke(DelegatingMethodAccessorImpl.java:43)
	at java.base/java.lang.reflect.Method.invoke(Method.java:566)
	at org.junit.runners.model.FrameworkMethod$1.runReflectiveCall(FrameworkMethod.java:44)
	at org.junit.internal.runners.model.ReflectiveCallable.run(ReflectiveCallable.java:15)
	at org.junit.runners.model.FrameworkMethod.invokeExplosively(FrameworkMethod.java:41)
	at junitparams.internal.InvokeParameterisedMethod.evaluate(InvokeParameterisedMethod.java:102)
	at org.junit.internal.runners.statements.FailOnTimeout$1.run(FailOnTimeout.java:28)
Caused by: ptolemy.kernel.util.IllegalActionException: Unknown inputs remain. Possible causality loop:
L_model_1893289564i

  in .CannotAnalysisWithPreemption.model_1893289564_region_1 and .CannotAnalysisWithPreemption.model_1893289564_region_1.L_model_1893289564i
	at ptolemy.actor.sched.FixedPointDirector.postfire(FixedPointDirector.java:515)
	at ptolemy.domains.sr.kernel.SRDirector.postfire(SRDirector.java:417)
	at ptolemy.actor.CompositeActor.postfire(CompositeActor.java:1668)
	at ptolemy.actor.Manager.iterate(Manager.java:852)
	at ptolemy.actor.Manager.execute(Manager.java:369)
	at ptolemy.actor.Manager.run(Manager.java:1263)
	at ptolemy.actor.Manager$PtolemyRunThread.run(Manager.java:1933)
]]></system-err>
</testsuite>
