<?xml version="1.0" encoding="UTF-8" ?>
<testsuite errors="0" failures="0" hostname="travis-job-c54c0a2f-d339-4831-86f0-a9fd03905076" name="ptolemy.vergil.basic.export.test.junit.ExportModelJUnitTestBatch6" skipped="0" tests="100" time="996.76" timestamp="2020-04-23T15:06:07">
  <properties>
[...]
</properties>
  <testcase classname="ptolemy.vergil.basic.export.test.junit.ExportModelJUnitTestBatch6" name="[0] ptolemy/domains/modal/demo/SystemLevelType/UNKNOWN.xml (RunExportModel)" time="5.743" />
  <testcase classname="ptolemy.vergil.basic.export.test.junit.ExportModelJUnitTestBatch6" name="[1] ptolemy/domains/petrinet/demo/PetriNetDiningPhilosophers/PetriNetDiningPhilosophers.xml (RunExportModel)" time="6.064" />
  <testcase classname="ptolemy.vergil.basic.export.test.junit.ExportModelJUnitTestBatch6" name="[2] ptolemy/domains/petrinet/demo/PetriNetSimple/PetriNetSimple.xml (RunExportModel)" time="4.382" />
  <testcase classname="ptolemy.vergil.basic.export.test.junit.ExportModelJUnitTestBatch6" name="[3] ptolemy/domains/pn/demo/BrockAckerman/BrockAckerman.xml (RunExportModel)" time="5.022" />
  <testcase classname="ptolemy.vergil.basic.export.test.junit.ExportModelJUnitTestBatch6" name="[4] ptolemy/domains/pn/demo/CounterMachine/CounterMachine.xml (RunExportModel)" time="39.513" />
  <testcase classname="ptolemy.vergil.basic.export.test.junit.ExportModelJUnitTestBatch6" name="[5] ptolemy/domains/pn/demo/CounterMachine/CounterMachinePrelim.xml (RunExportModel)" time="5.885" />
  <testcase classname="ptolemy.vergil.basic.export.test.junit.ExportModelJUnitTestBatch6" name="[6] ptolemy/domains/pn/demo/CounterMachine/CounterMachineWithException.xml (RunExportModel)" time="9.053" />
  <testcase classname="ptolemy.vergil.basic.export.test.junit.ExportModelJUnitTestBatch6" name="[7] ptolemy/domains/pn/demo/NondeterministicMerge/NondeterministicMerge.xml (RunExportModel)" time="34.31" />
  <testcase classname="ptolemy.vergil.basic.export.test.junit.ExportModelJUnitTestBatch6" name="[8] ptolemy/domains/pn/demo/NondeterministicMergeWithFeedback/NondeterministicMergeWithFeedback.xml (RunExportModel)" time="4.306" />
  <testcase classname="ptolemy.vergil.basic.export.test.junit.ExportModelJUnitTestBatch6" name="[9] ptolemy/domains/pn/demo/OrderedMerge/OrderedMerge.xml (RunExportModel)" time="4.314" />
  <testcase classname="ptolemy.vergil.basic.export.test.junit.ExportModelJUnitTestBatch6" name="[10] ptolemy/domains/pn/demo/QR/QR.xml (RunExportModel)" time="4.258" />
  <testcase classname="ptolemy.vergil.basic.export.test.junit.ExportModelJUnitTestBatch6" name="[11] ptolemy/domains/pn/demo/RemoveNilTokens/RemoveNilTokens.xml (RunExportModel)" time="4.228" />
  <testcase classname="ptolemy.vergil.basic.export.test.junit.ExportModelJUnitTestBatch6" name="[12] ptolemy/domains/pn/demo/Stack/Stack.xml (RunExportModel)" time="4.525" />
  <testcase classname="ptolemy.vergil.basic.export.test.junit.ExportModelJUnitTestBatch6" name="[13] ptolemy/domains/psdf/demo/BlindCommunication/BlindCommunication.xml (RunExportModel)" time="7.023" />
  <testcase classname="ptolemy.vergil.basic.export.test.junit.ExportModelJUnitTestBatch6" name="[14] ptolemy/domains/psdf/demo/Speech/Speech.xml (RunExportModel)" time="4.777" />
  <testcase classname="ptolemy.vergil.basic.export.test.junit.ExportModelJUnitTestBatch6" name="[15] ptolemy/domains/ptera/demo/AdaptiveCarWash/AdaptiveCarWash.xml (RunExportModel)" time="6.826" />
  <testcase classname="ptolemy.vergil.basic.export.test.junit.ExportModelJUnitTestBatch6" name="[16] ptolemy/domains/ptera/demo/AdaptiveCarWash/AdaptiveCarWashFSM.xml (RunExportModel)" time="4.888" />
  <testcase classname="ptolemy.vergil.basic.export.test.junit.ExportModelJUnitTestBatch6" name="[17] ptolemy/domains/ptera/demo/CarWash/CarWash.xml (RunExportModel)" time="4.509" />
  <testcase classname="ptolemy.vergil.basic.export.test.junit.ExportModelJUnitTestBatch6" name="[18] ptolemy/domains/ptera/demo/CarWash/CarWashDE.xml (RunExportModel)" time="4.524" />
  <testcase classname="ptolemy.vergil.basic.export.test.junit.ExportModelJUnitTestBatch6" name="[19] ptolemy/domains/ptera/demo/SimultaneousCarWash/SimultaneousCarWash.xml (RunExportModel)" time="4.86" />
  <testcase classname="ptolemy.vergil.basic.export.test.junit.ExportModelJUnitTestBatch6" name="[20] ptolemy/domains/ptera/demo/TrafficLight/TrafficLight.xml (RunExportModel)" time="34.93" />
  <testcase classname="ptolemy.vergil.basic.export.test.junit.ExportModelJUnitTestBatch6" name="[21] ptolemy/domains/pthales/demo/AdaptiveBeamForming/AdaptiveBeamForming.xml (RunExportModel)" time="6.164" />
  <testcase classname="ptolemy.vergil.basic.export.test.junit.ExportModelJUnitTestBatch6" name="[22] ptolemy/domains/pthales/demo/HelloWorld/HelloWorld.xml (RunExportModel)" time="4.384" />
  <testcase classname="ptolemy.vergil.basic.export.test.junit.ExportModelJUnitTestBatch6" name="[23] ptolemy/domains/pthales/demo/Illustrative/Illustrative.xml (RunExportModel)" time="4.685" />
  <testcase classname="ptolemy.vergil.basic.export.test.junit.ExportModelJUnitTestBatch6" name="[24] ptolemy/domains/ptides/demo/ActuatorPattern/ActuatorPattern.xml (RunExportModel)" time="4.35" />
  <testcase classname="ptolemy.vergil.basic.export.test.junit.ExportModelJUnitTestBatch6" name="[25] ptolemy/domains/ptides/demo/Controller/Controller.xml (RunExportModel)" time="37.129" />
  <testcase classname="ptolemy.vergil.basic.export.test.junit.ExportModelJUnitTestBatch6" name="[26] ptolemy/domains/ptides/demo/CoSimulation/CoSimulation.xml (RunExportModel)" time="8.281" />
  <testcase classname="ptolemy.vergil.basic.export.test.junit.ExportModelJUnitTestBatch6" name="[27] ptolemy/domains/ptides/demo/DistributedPowerPlant/DistributedPowerPlant.xml (RunExportModel)" time="6.595" />
  <testcase classname="ptolemy.vergil.basic.export.test.junit.ExportModelJUnitTestBatch6" name="[28] ptolemy/domains/ptides/demo/LocalSource/LocalSource.xml (RunExportModel)" time="4.212" />
  <testcase classname="ptolemy.vergil.basic.export.test.junit.ExportModelJUnitTestBatch6" name="[29] ptolemy/domains/ptides/demo/MixedSimulator/MixedSimulator.xml (RunExportModel)" time="4.358" />
  <testcase classname="ptolemy.vergil.basic.export.test.junit.ExportModelJUnitTestBatch6" name="[30] ptolemy/domains/ptides/demo/MultiPlatformTDMA/MultiPlatformTDMA.xml (RunExportModel)" time="4.868" />
  <testcase classname="ptolemy.vergil.basic.export.test.junit.ExportModelJUnitTestBatch6" name="[31] ptolemy/domains/ptides/demo/MultipleCores/MultipleCores.xml (RunExportModel)" time="4.209" />
  <testcase classname="ptolemy.vergil.basic.export.test.junit.ExportModelJUnitTestBatch6" name="[32] ptolemy/domains/ptides/demo/PowerManagementUnitSamplingWithoutCurrentLocalTime/PowerManagementUnitSamplingWithoutCurrentLocalTime.xml (RunExportModel)" time="6.874" />
  <testcase classname="ptolemy.vergil.basic.export.test.junit.ExportModelJUnitTestBatch6" name="[33] ptolemy/domains/ptides/demo/PowerPlant/PowerPlant.xml (RunExportModel)" time="6.019" />
  <testcase classname="ptolemy.vergil.basic.export.test.junit.ExportModelJUnitTestBatch6" name="[34] ptolemy/domains/ptides/demo/PrintingPress/PrintingPress.xml (RunExportModel)" time="61.68" />
  <testcase classname="ptolemy.vergil.basic.export.test.junit.ExportModelJUnitTestBatch6" name="[35] ptolemy/domains/ptides/demo/PrintingPress/PrintingPress_AnimationsOnly.xml (RunExportModel)" time="16.199" />
  <testcase classname="ptolemy.vergil.basic.export.test.junit.ExportModelJUnitTestBatch6" name="[36] ptolemy/domains/ptides/demo/PtidesSynchrophasor/PtidesSynchrophasor.xml (RunExportModel)" time="7.596" />
  <testcase classname="ptolemy.vergil.basic.export.test.junit.ExportModelJUnitTestBatch6" name="[37] ptolemy/domains/ptides/demo/SRinPtides/SRinPtides.xml (RunExportModel)" time="5.765" />
  <testcase classname="ptolemy.vergil.basic.export.test.junit.ExportModelJUnitTestBatch6" name="[38] ptolemy/domains/ptides/demo/TREX/TREX.xml (RunExportModel)" time="36.547" />
  <testcase classname="ptolemy.vergil.basic.export.test.junit.ExportModelJUnitTestBatch6" name="[39] ptolemy/domains/ptides/demo/TTE/TTE.xml (RunExportModel)" time="6.297" />
  <testcase classname="ptolemy.vergil.basic.export.test.junit.ExportModelJUnitTestBatch6" name="[40] ptolemy/domains/qss/demo/BouncingBall/BouncingBall.xml (RunExportModel)" time="4.325" />
  <testcase classname="ptolemy.vergil.basic.export.test.junit.ExportModelJUnitTestBatch6" name="[41] ptolemy/domains/qss/demo/FirstOrder/FirstOrder.xml (RunExportModel)" time="4.134" />
  <testcase classname="ptolemy.vergil.basic.export.test.junit.ExportModelJUnitTestBatch6" name="[42] ptolemy/domains/qss/demo/FirstOrder/FirstOrderOscillating.xml (RunExportModel)" time="4.121" />
  <testcase classname="ptolemy.vergil.basic.export.test.junit.ExportModelJUnitTestBatch6" name="[43] ptolemy/domains/qss/demo/HelloWorld/HelloWorld.xml (RunExportModel)" time="4.182" />
  <testcase classname="ptolemy.vergil.basic.export.test.junit.ExportModelJUnitTestBatch6" name="[44] ptolemy/domains/qss/demo/HelloWorld/HelloWorldComputationallyExact.xml (RunExportModel)" time="4.207" />
  <testcase classname="ptolemy.vergil.basic.export.test.junit.ExportModelJUnitTestBatch6" name="[45] ptolemy/domains/qss/demo/HelloWorld/HelloWorldContinuous.xml (RunExportModel)" time="4.116" />
  <testcase classname="ptolemy.vergil.basic.export.test.junit.ExportModelJUnitTestBatch6" name="[46] ptolemy/domains/qss/demo/HelloWorld/HelloWorldPropagate.xml (RunExportModel)" time="4.19" />
  <testcase classname="ptolemy.vergil.basic.export.test.junit.ExportModelJUnitTestBatch6" name="[47] ptolemy/domains/qss/demo/HelloWorld/HelloWorldQSS1.xml (RunExportModel)" time="4.164" />
  <testcase classname="ptolemy.vergil.basic.export.test.junit.ExportModelJUnitTestBatch6" name="[48] ptolemy/domains/qss/demo/HelloWorld/HelloWorldQSS2.xml (RunExportModel)" time="4.144" />
  <testcase classname="ptolemy.vergil.basic.export.test.junit.ExportModelJUnitTestBatch6" name="[49] ptolemy/domains/qss/demo/Lorenz/Lorenz.xml (RunExportModel)" time="6.096" />
  <testcase classname="ptolemy.vergil.basic.export.test.junit.ExportModelJUnitTestBatch6" name="[50] ptolemy/domains/qss/demo/RLC/RLC.xml (RunExportModel)" time="4.315" />
  <testcase classname="ptolemy.vergil.basic.export.test.junit.ExportModelJUnitTestBatch6" name="[51] ptolemy/domains/qss/demo/SecondOrder/SecondOrder.xml (RunExportModel)" time="4.895" />
  <testcase classname="ptolemy.vergil.basic.export.test.junit.ExportModelJUnitTestBatch6" name="[52] ptolemy/domains/qss/demo/SecondOrder/SecondOrderContinuous.xml (RunExportModel)" time="4.344" />
  <testcase classname="ptolemy.vergil.basic.export.test.junit.ExportModelJUnitTestBatch6" name="[53] ptolemy/domains/qss/demo/SmoothToken/SmoothToken.xml (RunExportModel)" time="4.196" />
  <testcase classname="ptolemy.vergil.basic.export.test.junit.ExportModelJUnitTestBatch6" name="[54] ptolemy/domains/qss/demo/Thermal/Thermal.xml (RunExportModel)" time="4.391" />
  <testcase classname="ptolemy.vergil.basic.export.test.junit.ExportModelJUnitTestBatch6" name="[55] ptolemy/domains/rendezvous/demo/Barrier/Barrier.xml (RunExportModel)" time="34.465" />
  <testcase classname="ptolemy.vergil.basic.export.test.junit.ExportModelJUnitTestBatch6" name="[56] ptolemy/domains/rendezvous/demo/ResourcePool/ResourcePool.xml (RunExportModel)" time="34.193" />
  <testcase classname="ptolemy.vergil.basic.export.test.junit.ExportModelJUnitTestBatch6" name="[57] ptolemy/domains/rendezvous/demo/Sequencing/Sequencing.xml (RunExportModel)" time="4.17" />
  <testcase classname="ptolemy.vergil.basic.export.test.junit.ExportModelJUnitTestBatch6" name="[58] ptolemy/domains/rendezvous/demo/WriteRegulator/WriteRegulator.xml (RunExportModel)" time="35.131" />
  <testcase classname="ptolemy.vergil.basic.export.test.junit.ExportModelJUnitTestBatch6" name="[59] ptolemy/domains/scr/demo/FuelSystemSCR/FuelSystemSCR.xml (RunExportModel)" time="14.866" />
  <testcase classname="ptolemy.vergil.basic.export.test.junit.ExportModelJUnitTestBatch6" name="[60] ptolemy/domains/scr/demo/HelloWorldSCR/HelloWorldSCR.xml (RunExportModel)" time="4.357" />
  <testcase classname="ptolemy.vergil.basic.export.test.junit.ExportModelJUnitTestBatch6" name="[61] ptolemy/domains/scr/demo/SafetyInjection/SafetyInjection.xml (RunExportModel)" time="7.374" />
  <testcase classname="ptolemy.vergil.basic.export.test.junit.ExportModelJUnitTestBatch6" name="[62] ptolemy/domains/scr/demo/TrafficLight/TrafficLight.xml (RunExportModel)" time="4.452" />
  <testcase classname="ptolemy.vergil.basic.export.test.junit.ExportModelJUnitTestBatch6" name="[63] ptolemy/domains/sdf/demo/Array/Array.xml (RunExportModel)" time="4.264" />
  <testcase classname="ptolemy.vergil.basic.export.test.junit.ExportModelJUnitTestBatch6" name="[64] ptolemy/domains/sdf/demo/Butterfly/Butterfly.xml (RunExportModel)" time="4.261" />
  <testcase classname="ptolemy.vergil.basic.export.test.junit.ExportModelJUnitTestBatch6" name="[65] ptolemy/domains/sdf/demo/Expression/Expression.xml (RunExportModel)" time="4.129" />
  <testcase classname="ptolemy.vergil.basic.export.test.junit.ExportModelJUnitTestBatch6" name="[66] ptolemy/domains/sdf/demo/Eye/Eye.xml (RunExportModel)" time="4.7" />
  <testcase classname="ptolemy.vergil.basic.export.test.junit.ExportModelJUnitTestBatch6" name="[67] ptolemy/domains/sdf/demo/FixFIR/FixFIR.xml (RunExportModel)" time="4.351" />
  <testcase classname="ptolemy.vergil.basic.export.test.junit.ExportModelJUnitTestBatch6" name="[68] ptolemy/domains/sdf/demo/FixPoint/FixPoint.xml (RunExportModel)" time="4.124" />
  <testcase classname="ptolemy.vergil.basic.export.test.junit.ExportModelJUnitTestBatch6" name="[69] ptolemy/domains/sdf/demo/FourierSeries/FourierSeries.xml (RunExportModel)" time="4.139" />
  <testcase classname="ptolemy.vergil.basic.export.test.junit.ExportModelJUnitTestBatch6" name="[70] ptolemy/domains/sdf/demo/Gravitation/Gravitation.xml (RunExportModel)" time="15.044" />
  <testcase classname="ptolemy.vergil.basic.export.test.junit.ExportModelJUnitTestBatch6" name="[71] ptolemy/domains/sdf/demo/Gravitation/GravitationWithCollisionDetection.xml (RunExportModel)" time="34.287" />
  <testcase classname="ptolemy.vergil.basic.export.test.junit.ExportModelJUnitTestBatch6" name="[72] ptolemy/domains/sdf/demo/HTVQ/HTVQ.xml (RunExportModel)" time="4.878" />
  <testcase classname="ptolemy.vergil.basic.export.test.junit.ExportModelJUnitTestBatch6" name="[73] ptolemy/domains/sdf/demo/LMSAdaptive/LMSAdaptive.xml (RunExportModel)" time="34.169" />
  <testcase classname="ptolemy.vergil.basic.export.test.junit.ExportModelJUnitTestBatch6" name="[74] ptolemy/domains/sdf/demo/LogisticMap/LogisticMap.xml (RunExportModel)" time="34.163" />
  <testcase classname="ptolemy.vergil.basic.export.test.junit.ExportModelJUnitTestBatch6" name="[75] ptolemy/domains/sdf/demo/MaximumEntropySpectrum/MaximumEntropySpectrum.xml (RunExportModel)" time="4.667" />
  <testcase classname="ptolemy.vergil.basic.export.test.junit.ExportModelJUnitTestBatch6" name="[76] ptolemy/domains/sdf/demo/ModelDisplay/ModelDisplay.xml (RunExportModel)" time="34.228" />
  <testcase classname="ptolemy.vergil.basic.export.test.junit.ExportModelJUnitTestBatch6" name="[77] ptolemy/domains/sdf/demo/MultipleRuns/MultipleRuns.xml (RunExportModel)" time="4.389" />
  <testcase classname="ptolemy.vergil.basic.export.test.junit.ExportModelJUnitTestBatch6" name="[78] ptolemy/domains/sdf/demo/NoisySinewave/NoisySinewave.xml (RunExportModel)" time="4.307" />
  <testcase classname="ptolemy.vergil.basic.export.test.junit.ExportModelJUnitTestBatch6" name="[79] ptolemy/domains/sdf/demo/OrthogonalCom/OrthogonalCom.xml (RunExportModel)" time="4.221" />
  <testcase classname="ptolemy.vergil.basic.export.test.junit.ExportModelJUnitTestBatch6" name="[80] ptolemy/domains/sdf/demo/RijndaelEncryption/RijndaelEncryption.xml (RunExportModel)" time="5.534" />
  <testcase classname="ptolemy.vergil.basic.export.test.junit.ExportModelJUnitTestBatch6" name="[81] ptolemy/domains/sdf/demo/Sketch/Sketch.xml (RunExportModel)" time="4.205" />
  <testcase classname="ptolemy.vergil.basic.export.test.junit.ExportModelJUnitTestBatch6" name="[82] ptolemy/domains/sdf/demo/SoundSpectrum/SoundSpectrum.xml (RunExportModel)" time="3.163" />
  <testcase classname="ptolemy.vergil.basic.export.test.junit.ExportModelJUnitTestBatch6" name="[83] ptolemy/domains/sdf/demo/Spectrum/Spectrum.xml (RunExportModel)" time="4.347" />
  <testcase classname="ptolemy.vergil.basic.export.test.junit.ExportModelJUnitTestBatch6" name="[84] ptolemy/domains/sdf/demo/SynthesizedVoice/SynthesizedVoice.xml (RunExportModel)" time="3.118" />
  <testcase classname="ptolemy.vergil.basic.export.test.junit.ExportModelJUnitTestBatch6" name="[85] ptolemy/domains/sdf/demo/Type/Type.xml (RunExportModel)" time="4.175" />
  <testcase classname="ptolemy.vergil.basic.export.test.junit.ExportModelJUnitTestBatch6" name="[86] ptolemy/domains/sdf/optimize/demo/SDFOptimize/SDFOptimize.xml (RunExportModel)" time="4.163" />
  <testcase classname="ptolemy.vergil.basic.export.test.junit.ExportModelJUnitTestBatch6" name="[87] ptolemy/domains/sequence/demo/HelloWorld/HelloWorld.xml (RunExportModel)" time="4.134" />
  <testcase classname="ptolemy.vergil.basic.export.test.junit.ExportModelJUnitTestBatch6" name="[88] ptolemy/domains/sequence/demo/SequencedActors/SequencedActors.xml (RunExportModel)" time="3.098" />
  <testcase classname="ptolemy.vergil.basic.export.test.junit.ExportModelJUnitTestBatch6" name="[89] ptolemy/domains/sequence/demo/SequencedActors/SequencedIntegratorMultipleInstances.xml (RunExportModel)" time="4.208" />
  <testcase classname="ptolemy.vergil.basic.export.test.junit.ExportModelJUnitTestBatch6" name="[90] ptolemy/domains/sequence/demo/SequencedActors/SequencedVariableMultipleInstances.xml (RunExportModel)" time="4.203" />
  <testcase classname="ptolemy.vergil.basic.export.test.junit.ExportModelJUnitTestBatch6" name="[91] ptolemy/domains/sequence/demo/Visual/Visual.xml (RunExportModel)" time="4.1" />
  <testcase classname="ptolemy.vergil.basic.export.test.junit.ExportModelJUnitTestBatch6" name="[92] ptolemy/domains/space/demo/DOPCenter/DOPCenter.xml (RunExportModel)" time="6.052" />
  <testcase classname="ptolemy.vergil.basic.export.test.junit.ExportModelJUnitTestBatch6" name="[93] ptolemy/domains/space/demo/DOPCenter/Placard.xml (RunExportModel)" time="6.157" />
  <testcase classname="ptolemy.vergil.basic.export.test.junit.ExportModelJUnitTestBatch6" name="[94] ptolemy/domains/sr/demo/FeedbackLoop/FeedbackLoop.xml (RunExportModel)" time="4.152" />
  <testcase classname="ptolemy.vergil.basic.export.test.junit.ExportModelJUnitTestBatch6" name="[95] ptolemy/domains/sr/demo/GuardedCount/GuardedCount.xml (RunExportModel)" time="4.199" />
  <testcase classname="ptolemy.vergil.basic.export.test.junit.ExportModelJUnitTestBatch6" name="[96] ptolemy/domains/sr/demo/GuardedCount/GuardedCountTimed.xml (RunExportModel)" time="4.166" />
  <testcase classname="ptolemy.vergil.basic.export.test.junit.ExportModelJUnitTestBatch6" name="[97] ptolemy/domains/sr/demo/TokenRing/TokenRing.xml (RunExportModel)" time="4.366" />
  <testcase classname="ptolemy.vergil.basic.export.test.junit.ExportModelJUnitTestBatch6" name="[98] ptolemy/domains/sr/demo/TrafficLight/TrafficLight.xml (RunExportModel)" time="34.52" />
  <testcase classname="ptolemy.vergil.basic.export.test.junit.ExportModelJUnitTestBatch6" name="[99] ptolemy/domains/sr/demo/TrafficLight/WirelessDeployment.xml (RunExportModel)" time="35.066" />
  <system-out><![CDATA[ExportModeJUnitTestBatch: There are 741 demos. Exporting demos: 591 to 690.
####### 1 Thu Apr 23 15:06:07 UTC 2020 $PTII/bin/ptinvoke ptolemy.vergil.basic.export.ExportModel -force htm  -openComposites -timeOut 30000 -whiteBackground ptolemy/domains/modal/demo/SystemLevelType/UNKNOWN.xml $PTII/ptolemy/domains/modal/demo/SystemLevelType/UNKNOWN
Warning: not running ptolemy/domains/modal/demo/SystemLevelType/UNKNOWN.xml. See ptolemy/vergil/basic/export/test/junit/ExportModelJUnitTest.java
Exported /home/travis/build/icyphy/ptII/ptolemy/domains/modal/demo/SystemLevelType/UNKNOWN/index.html
5642 ms. Memory: 129024K Free: 72310K (56%)
####### 2 Thu Apr 23 15:06:13 UTC 2020 $PTII/bin/ptinvoke ptolemy.vergil.basic.export.ExportModel -force htm -run -openComposites -timeOut 30000 -whiteBackground ptolemy/domains/petrinet/demo/PetriNetDiningPhilosophers/PetriNetDiningPhilosophers.xml $PTII/ptolemy/domains/petrinet/demo/PetriNetDiningPhilosophers/PetriNetDiningPhilosophers
Running .PetriNetDiningPhilosophers
64 ms. Memory: 129024K Free: 77283K (60%)
Exported /home/travis/build/icyphy/ptII/ptolemy/domains/petrinet/demo/PetriNetDiningPhilosophers/PetriNetDiningPhilosophers/index.html
6061 ms. Memory: 155648K Free: 110533K (71%)
####### 3 Thu Apr 23 15:06:19 UTC 2020 $PTII/bin/ptinvoke ptolemy.vergil.basic.export.ExportModel -force htm -run -openComposites -timeOut 30000 -whiteBackground ptolemy/domains/petrinet/demo/PetriNetSimple/PetriNetSimple.xml $PTII/ptolemy/domains/petrinet/demo/PetriNetSimple/PetriNetSimple
Running .PetriNetSimple
20 ms. Memory: 155648K Free: 117973K (76%)
Exported /home/travis/build/icyphy/ptII/ptolemy/domains/petrinet/demo/PetriNetSimple/PetriNetSimple/index.html
4381 ms. Memory: 155648K Free: 64844K (42%)
####### 4 Thu Apr 23 15:06:24 UTC 2020 $PTII/bin/ptinvoke ptolemy.vergil.basic.export.ExportModel -force htm -run -openComposites -timeOut 30000 -whiteBackground ptolemy/domains/pn/demo/BrockAckerman/BrockAckerman.xml $PTII/ptolemy/domains/pn/demo/BrockAckerman/BrockAckerman
Running .BrockAckerman
45 ms. Memory: 155648K Free: 65670K (42%)
Exported /home/travis/build/icyphy/ptII/ptolemy/domains/pn/demo/BrockAckerman/BrockAckerman/index.html
5021 ms. Memory: 155648K Free: 68095K (44%)
####### 5 Thu Apr 23 15:06:29 UTC 2020 $PTII/bin/ptinvoke ptolemy.vergil.basic.export.ExportModel -force htm -run -openComposites -timeOut 30000 -whiteBackground ptolemy/domains/pn/demo/CounterMachine/CounterMachine.xml $PTII/ptolemy/domains/pn/demo/CounterMachine/CounterMachine
Running .CounterMachine
ExportHTMLTimer went off after 30000 ms., calling getDirector().finish and getDirector().stopFire()
30015 ms. Memory: 225280K Free: 158608K (70%)
Exported /home/travis/build/icyphy/ptII/ptolemy/domains/pn/demo/CounterMachine/CounterMachine/index.html
39513 ms. Memory: 225280K Free: 161416K (72%)
####### 6 Thu Apr 23 15:07:08 UTC 2020 $PTII/bin/ptinvoke ptolemy.vergil.basic.export.ExportModel -force htm -run -openComposites -timeOut 30000 -whiteBackground ptolemy/domains/pn/demo/CounterMachine/CounterMachinePrelim.xml $PTII/ptolemy/domains/pn/demo/CounterMachine/CounterMachinePrelim
Running .CounterMachinePrelim
131 ms. Memory: 225280K Free: 123123K (55%)
Exported /home/travis/build/icyphy/ptII/ptolemy/domains/pn/demo/CounterMachine/CounterMachinePrelim/index.html
5884 ms. Memory: 291840K Free: 212738K (73%)
####### 7 Thu Apr 23 15:07:14 UTC 2020 $PTII/bin/ptinvoke ptolemy.vergil.basic.export.ExportModel -force htm -run -openComposites -timeOut 30000 -whiteBackground ptolemy/domains/pn/demo/CounterMachine/CounterMachineWithException.xml $PTII/ptolemy/domains/pn/demo/CounterMachine/CounterMachineWithException
Running .CounterMachineWithException
404 ms. Memory: 350208K Free: 169689K (48%)
Exported /home/travis/build/icyphy/ptII/ptolemy/domains/pn/demo/CounterMachine/CounterMachineWithException/index.html
9052 ms. Memory: 420864K Free: 76583K (18%)
####### 8 Thu Apr 23 15:07:23 UTC 2020 $PTII/bin/ptinvoke ptolemy.vergil.basic.export.ExportModel -force htm -run -openComposites -timeOut 30000 -whiteBackground ptolemy/domains/pn/demo/NondeterministicMerge/NondeterministicMerge.xml $PTII/ptolemy/domains/pn/demo/NondeterministicMerge/NondeterministicMerge
Running .NondeterministicMerge
ExportHTMLTimer went off after 30000 ms., calling getDirector().finish and getDirector().stopFire()
30016 ms. Memory: 505856K Free: 337761K (67%)
Exported /home/travis/build/icyphy/ptII/ptolemy/domains/pn/demo/NondeterministicMerge/NondeterministicMerge/index.html
34309 ms. Memory: 505856K Free: 276815K (55%)
####### 9 Thu Apr 23 15:07:57 UTC 2020 $PTII/bin/ptinvoke ptolemy.vergil.basic.export.ExportModel -force htm -run -openComposites -timeOut 30000 -whiteBackground ptolemy/domains/pn/demo/NondeterministicMergeWithFeedback/NondeterministicMergeWithFeedback.xml $PTII/ptolemy/domains/pn/demo/NondeterministicMergeWithFeedback/NondeterministicMergeWithFeedback
Running .NondeterministicMergeWithFeedback
71 ms. Memory: 505856K Free: 175969K (35%)
Exported /home/travis/build/icyphy/ptII/ptolemy/domains/pn/demo/NondeterministicMergeWithFeedback/NondeterministicMergeWithFeedback/index.html
4305 ms. Memory: 505856K Free: 404793K (80%)
####### 10 Thu Apr 23 15:08:02 UTC 2020 $PTII/bin/ptinvoke ptolemy.vergil.basic.export.ExportModel -force htm -run -openComposites -timeOut 30000 -whiteBackground ptolemy/domains/pn/demo/OrderedMerge/OrderedMerge.xml $PTII/ptolemy/domains/pn/demo/OrderedMerge/OrderedMerge
Running .OrderedMerge
106 ms. Memory: 505856K Free: 291683K (58%)
Exported /home/travis/build/icyphy/ptII/ptolemy/domains/pn/demo/OrderedMerge/OrderedMerge/index.html
4314 ms. Memory: 505856K Free: 256322K (51%)
####### 11 Thu Apr 23 15:08:06 UTC 2020 $PTII/bin/ptinvoke ptolemy.vergil.basic.export.ExportModel -force htm -run -openComposites -timeOut 30000 -whiteBackground ptolemy/domains/pn/demo/QR/QR.xml $PTII/ptolemy/domains/pn/demo/QR/QR
Running .QR
35 ms. Memory: 505856K Free: 156515K (31%)
Exported /home/travis/build/icyphy/ptII/ptolemy/domains/pn/demo/QR/QR/index.html
4258 ms. Memory: 505856K Free: 411421K (81%)
####### 12 Thu Apr 23 15:08:10 UTC 2020 $PTII/bin/ptinvoke ptolemy.vergil.basic.export.ExportModel -force htm -run -openComposites -timeOut 30000 -whiteBackground ptolemy/domains/pn/demo/RemoveNilTokens/RemoveNilTokens.xml $PTII/ptolemy/domains/pn/demo/RemoveNilTokens/RemoveNilTokens
Running .RemoveNilTokens
9 ms. Memory: 505856K Free: 297315K (59%)
Exported /home/travis/build/icyphy/ptII/ptolemy/domains/pn/demo/RemoveNilTokens/RemoveNilTokens/index.html
4226 ms. Memory: 505856K Free: 269634K (53%)
####### 13 Thu Apr 23 15:08:14 UTC 2020 $PTII/bin/ptinvoke ptolemy.vergil.basic.export.ExportModel -force htm -run -openComposites -timeOut 30000 -whiteBackground ptolemy/domains/pn/demo/Stack/Stack.xml $PTII/ptolemy/domains/pn/demo/Stack/Stack
Running .Stack
98 ms. Memory: 505856K Free: 312940K (62%)
Exported /home/travis/build/icyphy/ptII/ptolemy/domains/pn/demo/Stack/Stack/index.html
4524 ms. Memory: 505856K Free: 194631K (38%)
####### 14 Thu Apr 23 15:08:19 UTC 2020 $PTII/bin/ptinvoke ptolemy.vergil.basic.export.ExportModel -force htm -run -openComposites -timeOut 30000 -whiteBackground ptolemy/domains/psdf/demo/BlindCommunication/BlindCommunication.xml $PTII/ptolemy/domains/psdf/demo/BlindCommunication/BlindCommunication
Running .BlindCommunication
1680 ms. Memory: 505856K Free: 266523K (53%)
Exported /home/travis/build/icyphy/ptII/ptolemy/domains/psdf/demo/BlindCommunication/BlindCommunication/index.html
7023 ms. Memory: 505856K Free: 125651K (25%)
####### 15 Thu Apr 23 15:08:26 UTC 2020 $PTII/bin/ptinvoke ptolemy.vergil.basic.export.ExportModel -force htm -run -openComposites -timeOut 30000 -whiteBackground ptolemy/domains/psdf/demo/Speech/Speech.xml $PTII/ptolemy/domains/psdf/demo/Speech/Speech
Running .Speech
363 ms. Memory: 505856K Free: 256618K (51%)
Exported /home/travis/build/icyphy/ptII/ptolemy/domains/psdf/demo/Speech/Speech/index.html
4775 ms. Memory: 505856K Free: 139859K (28%)
####### 16 Thu Apr 23 15:08:31 UTC 2020 $PTII/bin/ptinvoke ptolemy.vergil.basic.export.ExportModel -force htm -run -openComposites -timeOut 30000 -whiteBackground ptolemy/domains/ptera/demo/AdaptiveCarWash/AdaptiveCarWash.xml $PTII/ptolemy/domains/ptera/demo/AdaptiveCarWash/AdaptiveCarWash
Running .AdaptiveCarWash
781 ms. Memory: 505856K Free: 183296K (36%)
Exported /home/travis/build/icyphy/ptII/ptolemy/domains/ptera/demo/AdaptiveCarWash/AdaptiveCarWash/index.html
6825 ms. Memory: 505856K Free: 198508K (39%)
####### 17 Thu Apr 23 15:08:38 UTC 2020 $PTII/bin/ptinvoke ptolemy.vergil.basic.export.ExportModel -force htm -run -openComposites -timeOut 30000 -whiteBackground ptolemy/domains/ptera/demo/AdaptiveCarWash/AdaptiveCarWashFSM.xml $PTII/ptolemy/domains/ptera/demo/AdaptiveCarWash/AdaptiveCarWashFSM
Running .AdaptiveCarWashFSM
459 ms. Memory: 505856K Free: 284486K (56%)
Exported /home/travis/build/icyphy/ptII/ptolemy/domains/ptera/demo/AdaptiveCarWash/AdaptiveCarWashFSM/index.html
4887 ms. Memory: 505856K Free: 119578K (24%)
####### 18 Thu Apr 23 15:08:42 UTC 2020 $PTII/bin/ptinvoke ptolemy.vergil.basic.export.ExportModel -force htm -run -openComposites -timeOut 30000 -whiteBackground ptolemy/domains/ptera/demo/CarWash/CarWash.xml $PTII/ptolemy/domains/ptera/demo/CarWash/CarWash
Running .CarWash
144 ms. Memory: 505856K Free: 243524K (48%)
Exported /home/travis/build/icyphy/ptII/ptolemy/domains/ptera/demo/CarWash/CarWash/index.html
4508 ms. Memory: 505856K Free: 212282K (42%)
####### 19 Thu Apr 23 15:08:47 UTC 2020 $PTII/bin/ptinvoke ptolemy.vergil.basic.export.ExportModel -force htm -run -openComposites -timeOut 30000 -whiteBackground ptolemy/domains/ptera/demo/CarWash/CarWashDE.xml $PTII/ptolemy/domains/ptera/demo/CarWash/CarWashDE
Running .CarWashDE
162 ms. Memory: 505856K Free: 359563K (71%)
Exported /home/travis/build/icyphy/ptII/ptolemy/domains/ptera/demo/CarWash/CarWashDE/index.html
4524 ms. Memory: 505856K Free: 225387K (45%)
####### 20 Thu Apr 23 15:08:52 UTC 2020 $PTII/bin/ptinvoke ptolemy.vergil.basic.export.ExportModel -force htm -run -openComposites -timeOut 30000 -whiteBackground ptolemy/domains/ptera/demo/SimultaneousCarWash/SimultaneousCarWash.xml $PTII/ptolemy/domains/ptera/demo/SimultaneousCarWash/SimultaneousCarWash
Running .SimultaneousCarWash
430 ms. Memory: 505856K Free: 330893K (65%)
Exported /home/travis/build/icyphy/ptII/ptolemy/domains/ptera/demo/SimultaneousCarWash/SimultaneousCarWash/index.html
4860 ms. Memory: 505856K Free: 143971K (28%)
####### 21 Thu Apr 23 15:08:56 UTC 2020 $PTII/bin/ptinvoke ptolemy.vergil.basic.export.ExportModel -force htm -run -openComposites -timeOut 30000 -whiteBackground ptolemy/domains/ptera/demo/TrafficLight/TrafficLight.xml $PTII/ptolemy/domains/ptera/demo/TrafficLight/TrafficLight
Running .TrafficLight
ExportHTMLTimer went off after 30000 ms., calling getDirector().finish and getDirector().stopFire()
30001 ms. Memory: 505856K Free: 264846K (52%)
Exported /home/travis/build/icyphy/ptII/ptolemy/domains/ptera/demo/TrafficLight/TrafficLight/index.html
34929 ms. Memory: 505856K Free: 214090K (42%)
####### 22 Thu Apr 23 15:09:31 UTC 2020 $PTII/bin/ptinvoke ptolemy.vergil.basic.export.ExportModel -force htm -run -openComposites -timeOut 30000 -whiteBackground ptolemy/domains/pthales/demo/AdaptiveBeamForming/AdaptiveBeamForming.xml $PTII/ptolemy/domains/pthales/demo/AdaptiveBeamForming/AdaptiveBeamForming
Running .AdaptiveBeamForming
1887 ms. Memory: 178176K Free: 102730K (58%)
Exported /home/travis/build/icyphy/ptII/ptolemy/domains/pthales/demo/AdaptiveBeamForming/AdaptiveBeamForming/index.html
6164 ms. Memory: 178176K Free: 41797K (23%)
####### 23 Thu Apr 23 15:09:37 UTC 2020 $PTII/bin/ptinvoke ptolemy.vergil.basic.export.ExportModel -force htm -run -openComposites -timeOut 30000 -whiteBackground ptolemy/domains/pthales/demo/HelloWorld/HelloWorld.xml $PTII/ptolemy/domains/pthales/demo/HelloWorld/HelloWorld
Running .HelloWorld
139 ms. Memory: 178176K Free: 121129K (68%)
Exported /home/travis/build/icyphy/ptII/ptolemy/domains/pthales/demo/HelloWorld/HelloWorld/index.html
4383 ms. Memory: 178176K Free: 39708K (22%)
####### 24 Thu Apr 23 15:09:42 UTC 2020 $PTII/bin/ptinvoke ptolemy.vergil.basic.export.ExportModel -force htm -run -openComposites -timeOut 30000 -whiteBackground ptolemy/domains/pthales/demo/Illustrative/Illustrative.xml $PTII/ptolemy/domains/pthales/demo/Illustrative/Illustrative
Running .Illustrative
234 ms. Memory: 178176K Free: 66990K (38%)
Exported /home/travis/build/icyphy/ptII/ptolemy/domains/pthales/demo/Illustrative/Illustrative/index.html
4685 ms. Memory: 178176K Free: 84700K (48%)
####### 25 Thu Apr 23 15:09:47 UTC 2020 $PTII/bin/ptinvoke ptolemy.vergil.basic.export.ExportModel -force htm -run -openComposites -timeOut 30000 -whiteBackground ptolemy/domains/ptides/demo/ActuatorPattern/ActuatorPattern.xml $PTII/ptolemy/domains/ptides/demo/ActuatorPattern/ActuatorPattern
Running .ActuatorPattern
25 ms. Memory: 178176K Free: 56734K (32%)
Exported /home/travis/build/icyphy/ptII/ptolemy/domains/ptides/demo/ActuatorPattern/ActuatorPattern/index.html
4350 ms. Memory: 178176K Free: 71397K (40%)
####### 26 Thu Apr 23 15:09:51 UTC 2020 $PTII/bin/ptinvoke ptolemy.vergil.basic.export.ExportModel -force htm -run -openComposites -timeOut 30000 -whiteBackground ptolemy/domains/ptides/demo/Controller/Controller.xml $PTII/ptolemy/domains/ptides/demo/Controller/Controller
Running .Controller
WARNING: The execution aspects in this model can influence the timing of actors by delaying the 
execution, potentially changing the behavior. There is no guarantee that actors fire at the 
time they request to be fired. 
Use Ptides for deterministic DE behavior that is not influenced by execution aspects. 

ExportHTMLTimer went off after 30000 ms., calling getDirector().finish and getDirector().stopFire()
30017 ms. Memory: 257024K Free: 61082K (24%)
Exported /home/travis/build/icyphy/ptII/ptolemy/domains/ptides/demo/Controller/Controller/index.html
37129 ms. Memory: 309248K Free: 83774K (27%)
####### 27 Thu Apr 23 15:10:28 UTC 2020 $PTII/bin/ptinvoke ptolemy.vergil.basic.export.ExportModel -force htm -run -openComposites -timeOut 30000 -whiteBackground ptolemy/domains/ptides/demo/CoSimulation/CoSimulation.xml $PTII/ptolemy/domains/ptides/demo/CoSimulation/CoSimulation
Running .CoSimulation
914 ms. Memory: 309248K Free: 66488K (21%)
Exported /home/travis/build/icyphy/ptII/ptolemy/domains/ptides/demo/CoSimulation/CoSimulation/index.html
8280 ms. Memory: 468992K Free: 330266K (70%)
####### 28 Thu Apr 23 15:10:36 UTC 2020 $PTII/bin/ptinvoke ptolemy.vergil.basic.export.ExportModel -force htm -run -openComposites -timeOut 30000 -whiteBackground ptolemy/domains/ptides/demo/DistributedPowerPlant/DistributedPowerPlant.xml $PTII/ptolemy/domains/ptides/demo/DistributedPowerPlant/DistributedPowerPlant
Running .DistributedPowerPlant
261 ms. Memory: 563200K Free: 442759K (79%)
Exported /home/travis/build/icyphy/ptII/ptolemy/domains/ptides/demo/DistributedPowerPlant/DistributedPowerPlant/index.html
6594 ms. Memory: 818176K Free: 498866K (61%)
####### 29 Thu Apr 23 15:10:43 UTC 2020 $PTII/bin/ptinvoke ptolemy.vergil.basic.export.ExportModel -force htm -run -openComposites -timeOut 30000 -whiteBackground ptolemy/domains/ptides/demo/LocalSource/LocalSource.xml $PTII/ptolemy/domains/ptides/demo/LocalSource/LocalSource
Running .LocalSource
12 ms. Memory: 818176K Free: 607405K (74%)
Exported /home/travis/build/icyphy/ptII/ptolemy/domains/ptides/demo/LocalSource/LocalSource/index.html
4212 ms. Memory: 818176K Free: 534181K (65%)
####### 30 Thu Apr 23 15:10:47 UTC 2020 $PTII/bin/ptinvoke ptolemy.vergil.basic.export.ExportModel -force htm -run -openComposites -timeOut 30000 -whiteBackground ptolemy/domains/ptides/demo/MixedSimulator/MixedSimulator.xml $PTII/ptolemy/domains/ptides/demo/MixedSimulator/MixedSimulator
Running .MixedSimulator
56 ms. Memory: 818176K Free: 643260K (79%)
Exported /home/travis/build/icyphy/ptII/ptolemy/domains/ptides/demo/MixedSimulator/MixedSimulator/index.html
4357 ms. Memory: 818176K Free: 493203K (60%)
####### 31 Thu Apr 23 15:10:51 UTC 2020 $PTII/bin/ptinvoke ptolemy.vergil.basic.export.ExportModel -force htm -run -openComposites -timeOut 30000 -whiteBackground ptolemy/domains/ptides/demo/MultiPlatformTDMA/MultiPlatformTDMA.xml $PTII/ptolemy/domains/ptides/demo/MultiPlatformTDMA/MultiPlatformTDMA
Running .MultiPlatformTDMA
114 ms. Memory: 818176K Free: 544956K (67%)
Exported /home/travis/build/icyphy/ptII/ptolemy/domains/ptides/demo/MultiPlatformTDMA/MultiPlatformTDMA/index.html
4861 ms. Memory: 818176K Free: 555075K (68%)
####### 32 Thu Apr 23 15:10:56 UTC 2020 $PTII/bin/ptinvoke ptolemy.vergil.basic.export.ExportModel -force htm -run -openComposites -timeOut 30000 -whiteBackground ptolemy/domains/ptides/demo/MultipleCores/MultipleCores.xml $PTII/ptolemy/domains/ptides/demo/MultipleCores/MultipleCores
Running .MultipleCores
18 ms. Memory: 818176K Free: 433852K (53%)
Exported /home/travis/build/icyphy/ptII/ptolemy/domains/ptides/demo/MultipleCores/MultipleCores/index.html
4208 ms. Memory: 818176K Free: 645214K (79%)
####### 33 Thu Apr 23 15:11:01 UTC 2020 $PTII/bin/ptinvoke ptolemy.vergil.basic.export.ExportModel -force htm -run -openComposites -timeOut 30000 -whiteBackground ptolemy/domains/ptides/demo/PowerManagementUnitSamplingWithoutCurrentLocalTime/PowerManagementUnitSamplingWithoutCurrentLocalTime.xml $PTII/ptolemy/domains/ptides/demo/PowerManagementUnitSamplingWithoutCurrentLocalTime/PowerManagementUnitSamplingWithoutCurrentLocalTime
Running .PowerManagementUnitSamplingWithoutCurrentLocalTime
131 ms. Memory: 818176K Free: 568518K (69%)
Exported /home/travis/build/icyphy/ptII/ptolemy/domains/ptides/demo/PowerManagementUnitSamplingWithoutCurrentLocalTime/PowerManagementUnitSamplingWithoutCurrentLocalTime/index.html
6872 ms. Memory: 818176K Free: 536032K (66%)
####### 34 Thu Apr 23 15:11:07 UTC 2020 $PTII/bin/ptinvoke ptolemy.vergil.basic.export.ExportModel -force htm -run -openComposites -timeOut 30000 -whiteBackground ptolemy/domains/ptides/demo/PowerPlant/PowerPlant.xml $PTII/ptolemy/domains/ptides/demo/PowerPlant/PowerPlant
Running .PowerPlant
211 ms. Memory: 818176K Free: 645607K (79%)
Exported /home/travis/build/icyphy/ptII/ptolemy/domains/ptides/demo/PowerPlant/PowerPlant/index.html
6019 ms. Memory: 818176K Free: 375244K (46%)
####### 35 Thu Apr 23 15:11:13 UTC 2020 $PTII/bin/ptinvoke ptolemy.vergil.basic.export.ExportModel -force htm -run -openComposites -timeOut 30000 -whiteBackground ptolemy/domains/ptides/demo/PrintingPress/PrintingPress.xml $PTII/ptolemy/domains/ptides/demo/PrintingPress/PrintingPress
Running .PrintingPress
ExportHTMLTimer went off after 30000 ms., calling getDirector().finish and getDirector().stopFire()
30009 ms. Memory: 818176K Free: 182230K (22%)
Exported /home/travis/build/icyphy/ptII/ptolemy/domains/ptides/demo/PrintingPress/PrintingPress/index.html
61678 ms. Memory: 819200K Free: 52232K (6%)
####### 36 Thu Apr 23 15:12:15 UTC 2020 $PTII/bin/ptinvoke ptolemy.vergil.basic.export.ExportModel -force htm -run -openComposites -timeOut 30000 -whiteBackground ptolemy/domains/ptides/demo/PrintingPress/PrintingPress_AnimationsOnly.xml $PTII/ptolemy/domains/ptides/demo/PrintingPress/PrintingPress_AnimationsOnly
Running .PrintingPress_AnimationsOnly
10573 ms. Memory: 819200K Free: 206173K (25%)
Exported /home/travis/build/icyphy/ptII/ptolemy/domains/ptides/demo/PrintingPress/PrintingPress_AnimationsOnly/index.html
16199 ms. Memory: 819200K Free: 430541K (53%)
####### 37 Thu Apr 23 15:12:31 UTC 2020 $PTII/bin/ptinvoke ptolemy.vergil.basic.export.ExportModel -force htm -run -openComposites -timeOut 30000 -whiteBackground ptolemy/domains/ptides/demo/PtidesSynchrophasor/PtidesSynchrophasor.xml $PTII/ptolemy/domains/ptides/demo/PtidesSynchrophasor/PtidesSynchrophasor
Running .PtidesSynchrophasor
1838 ms. Memory: 819200K Free: 424674K (52%)
Exported /home/travis/build/icyphy/ptII/ptolemy/domains/ptides/demo/PtidesSynchrophasor/PtidesSynchrophasor/index.html
7596 ms. Memory: 819200K Free: 482014K (59%)
####### 38 Thu Apr 23 15:12:39 UTC 2020 $PTII/bin/ptinvoke ptolemy.vergil.basic.export.ExportModel -force htm -run -openComposites -timeOut 30000 -whiteBackground ptolemy/domains/ptides/demo/SRinPtides/SRinPtides.xml $PTII/ptolemy/domains/ptides/demo/SRinPtides/SRinPtides
Running .SRinPtides
46 ms. Memory: 819200K Free: 271587K (33%)
Exported /home/travis/build/icyphy/ptII/ptolemy/domains/ptides/demo/SRinPtides/SRinPtides/index.html
5765 ms. Memory: 819200K Free: 41171K (5%)
####### 39 Thu Apr 23 15:12:45 UTC 2020 $PTII/bin/ptinvoke ptolemy.vergil.basic.export.ExportModel -force htm -run -openComposites -timeOut 30000 -whiteBackground ptolemy/domains/ptides/demo/TREX/TREX.xml $PTII/ptolemy/domains/ptides/demo/TREX/TREX
Running .TREX
25556 ms. Memory: 819200K Free: 199016K (24%)
Exported /home/travis/build/icyphy/ptII/ptolemy/domains/ptides/demo/TREX/TREX/index.html
36546 ms. Memory: 819200K Free: 209251K (26%)
####### 40 Thu Apr 23 15:13:21 UTC 2020 $PTII/bin/ptinvoke ptolemy.vergil.basic.export.ExportModel -force htm -run -openComposites -timeOut 30000 -whiteBackground ptolemy/domains/ptides/demo/TTE/TTE.xml $PTII/ptolemy/domains/ptides/demo/TTE/TTE
Running .TTE
45 ms. Memory: 819200K Free: 404116K (49%)
Exported /home/travis/build/icyphy/ptII/ptolemy/domains/ptides/demo/TTE/TTE/index.html
6296 ms. Memory: 819200K Free: 177290K (22%)
####### 41 Thu Apr 23 15:13:28 UTC 2020 $PTII/bin/ptinvoke ptolemy.vergil.basic.export.ExportModel -force htm -run -openComposites -timeOut 30000 -whiteBackground ptolemy/domains/qss/demo/BouncingBall/BouncingBall.xml $PTII/ptolemy/domains/qss/demo/BouncingBall/BouncingBall
Running .BouncingBall
96 ms. Memory: 819200K Free: 517300K (63%)
Exported /home/travis/build/icyphy/ptII/ptolemy/domains/qss/demo/BouncingBall/BouncingBall/index.html
4324 ms. Memory: 819200K Free: 427157K (52%)
####### 42 Thu Apr 23 15:13:32 UTC 2020 $PTII/bin/ptinvoke ptolemy.vergil.basic.export.ExportModel -force htm -run -openComposites -timeOut 30000 -whiteBackground ptolemy/domains/qss/demo/FirstOrder/FirstOrder.xml $PTII/ptolemy/domains/qss/demo/FirstOrder/FirstOrder
Running .FirstOrder
21 ms. Memory: 819200K Free: 330917K (40%)
Exported /home/travis/build/icyphy/ptII/ptolemy/domains/qss/demo/FirstOrder/FirstOrder/index.html
4134 ms. Memory: 819200K Free: 519822K (63%)
####### 43 Thu Apr 23 15:13:36 UTC 2020 $PTII/bin/ptinvoke ptolemy.vergil.basic.export.ExportModel -force htm -run -openComposites -timeOut 30000 -whiteBackground ptolemy/domains/qss/demo/FirstOrder/FirstOrderOscillating.xml $PTII/ptolemy/domains/qss/demo/FirstOrder/FirstOrderOscillating
Running .FirstOrderOscillating
15 ms. Memory: 819200K Free: 421536K (51%)
Exported /home/travis/build/icyphy/ptII/ptolemy/domains/qss/demo/FirstOrder/FirstOrderOscillating/index.html
4121 ms. Memory: 819200K Free: 372903K (46%)
####### 44 Thu Apr 23 15:13:40 UTC 2020 $PTII/bin/ptinvoke ptolemy.vergil.basic.export.ExportModel -force htm -run -openComposites -timeOut 30000 -whiteBackground ptolemy/domains/qss/demo/HelloWorld/HelloWorld.xml $PTII/ptolemy/domains/qss/demo/HelloWorld/HelloWorld
Running .HelloWorld
25 ms. Memory: 819200K Free: 479026K (58%)
Exported /home/travis/build/icyphy/ptII/ptolemy/domains/qss/demo/HelloWorld/HelloWorld/index.html
4180 ms. Memory: 819200K Free: 429876K (52%)
####### 45 Thu Apr 23 15:13:44 UTC 2020 $PTII/bin/ptinvoke ptolemy.vergil.basic.export.ExportModel -force htm -run -openComposites -timeOut 30000 -whiteBackground ptolemy/domains/qss/demo/HelloWorld/HelloWorldComputationallyExact.xml $PTII/ptolemy/domains/qss/demo/HelloWorld/HelloWorldComputationallyExact
Running .HelloWorldComputationallyExact
34 ms. Memory: 819200K Free: 513197K (63%)
Exported /home/travis/build/icyphy/ptII/ptolemy/domains/qss/demo/HelloWorld/HelloWorldComputationallyExact/index.html
4207 ms. Memory: 819200K Free: 381068K (47%)
####### 46 Thu Apr 23 15:13:49 UTC 2020 $PTII/bin/ptinvoke ptolemy.vergil.basic.export.ExportModel -force htm -run -openComposites -timeOut 30000 -whiteBackground ptolemy/domains/qss/demo/HelloWorld/HelloWorldContinuous.xml $PTII/ptolemy/domains/qss/demo/HelloWorld/HelloWorldContinuous
Running .HelloWorldContinuous
10 ms. Memory: 819200K Free: 269490K (33%)
Exported /home/travis/build/icyphy/ptII/ptolemy/domains/qss/demo/HelloWorld/HelloWorldContinuous/index.html
4114 ms. Memory: 819200K Free: 495002K (60%)
####### 47 Thu Apr 23 15:13:53 UTC 2020 $PTII/bin/ptinvoke ptolemy.vergil.basic.export.ExportModel -force htm -run -openComposites -timeOut 30000 -whiteBackground ptolemy/domains/qss/demo/HelloWorld/HelloWorldPropagate.xml $PTII/ptolemy/domains/qss/demo/HelloWorld/HelloWorldPropagate
Running .HelloWorldPropagate
17 ms. Memory: 819200K Free: 299919K (37%)
Exported /home/travis/build/icyphy/ptII/ptolemy/domains/qss/demo/HelloWorld/HelloWorldPropagate/index.html
4190 ms. Memory: 819200K Free: 211346K (26%)
####### 48 Thu Apr 23 15:13:57 UTC 2020 $PTII/bin/ptinvoke ptolemy.vergil.basic.export.ExportModel -force htm -run -openComposites -timeOut 30000 -whiteBackground ptolemy/domains/qss/demo/HelloWorld/HelloWorldQSS1.xml $PTII/ptolemy/domains/qss/demo/HelloWorld/HelloWorldQSS1
Running .HelloWorldQSS1
30 ms. Memory: 819200K Free: 418416K (51%)
Exported /home/travis/build/icyphy/ptII/ptolemy/domains/qss/demo/HelloWorld/HelloWorldQSS1/index.html
4164 ms. Memory: 819200K Free: 334423K (41%)
####### 49 Thu Apr 23 15:14:01 UTC 2020 $PTII/bin/ptinvoke ptolemy.vergil.basic.export.ExportModel -force htm -run -openComposites -timeOut 30000 -whiteBackground ptolemy/domains/qss/demo/HelloWorld/HelloWorldQSS2.xml $PTII/ptolemy/domains/qss/demo/HelloWorld/HelloWorldQSS2
Running .HelloWorldQSS2
15 ms. Memory: 819200K Free: 181330K (22%)
Exported /home/travis/build/icyphy/ptII/ptolemy/domains/qss/demo/HelloWorld/HelloWorldQSS2/index.html
4144 ms. Memory: 819200K Free: 485009K (59%)
####### 50 Thu Apr 23 15:14:05 UTC 2020 $PTII/bin/ptinvoke ptolemy.vergil.basic.export.ExportModel -force htm -run -openComposites -timeOut 30000 -whiteBackground ptolemy/domains/qss/demo/Lorenz/Lorenz.xml $PTII/ptolemy/domains/qss/demo/Lorenz/Lorenz
Running .Lorenz
1987 ms. Memory: 819200K Free: 335234K (41%)
Exported /home/travis/build/icyphy/ptII/ptolemy/domains/qss/demo/Lorenz/Lorenz/index.html
6096 ms. Memory: 819200K Free: 288115K (35%)
####### 51 Thu Apr 23 15:14:11 UTC 2020 $PTII/bin/ptinvoke ptolemy.vergil.basic.export.ExportModel -force htm -run -openComposites -timeOut 30000 -whiteBackground ptolemy/domains/qss/demo/RLC/RLC.xml $PTII/ptolemy/domains/qss/demo/RLC/RLC
Running .RLC
70 ms. Memory: 819200K Free: 151938K (19%)
Exported /home/travis/build/icyphy/ptII/ptolemy/domains/qss/demo/RLC/RLC/index.html
4314 ms. Memory: 819200K Free: 440480K (54%)
####### 52 Thu Apr 23 15:14:16 UTC 2020 $PTII/bin/ptinvoke ptolemy.vergil.basic.export.ExportModel -force htm -run -openComposites -timeOut 30000 -whiteBackground ptolemy/domains/qss/demo/SecondOrder/SecondOrder.xml $PTII/ptolemy/domains/qss/demo/SecondOrder/SecondOrder
Running .SecondOrder
727 ms. Memory: 819200K Free: 232628K (28%)
Exported /home/travis/build/icyphy/ptII/ptolemy/domains/qss/demo/SecondOrder/SecondOrder/index.html
4895 ms. Memory: 819200K Free: 194210K (24%)
####### 53 Thu Apr 23 15:14:20 UTC 2020 $PTII/bin/ptinvoke ptolemy.vergil.basic.export.ExportModel -force htm -run -openComposites -timeOut 30000 -whiteBackground ptolemy/domains/qss/demo/SecondOrder/SecondOrderContinuous.xml $PTII/ptolemy/domains/qss/demo/SecondOrder/SecondOrderContinuous
Running .SecondOrderContinuous
184 ms. Memory: 819200K Free: 498356K (61%)
Exported /home/travis/build/icyphy/ptII/ptolemy/domains/qss/demo/SecondOrder/SecondOrderContinuous/index.html
4344 ms. Memory: 819200K Free: 445087K (54%)
####### 54 Thu Apr 23 15:14:25 UTC 2020 $PTII/bin/ptinvoke ptolemy.vergil.basic.export.ExportModel -force htm -run -openComposites -timeOut 30000 -whiteBackground ptolemy/domains/qss/demo/SmoothToken/SmoothToken.xml $PTII/ptolemy/domains/qss/demo/SmoothToken/SmoothToken
Running .SmoothToken
27 ms. Memory: 819200K Free: 350355K (43%)
Exported /home/travis/build/icyphy/ptII/ptolemy/domains/qss/demo/SmoothToken/SmoothToken/index.html
4195 ms. Memory: 819200K Free: 307869K (38%)
####### 55 Thu Apr 23 15:14:29 UTC 2020 $PTII/bin/ptinvoke ptolemy.vergil.basic.export.ExportModel -force htm -run -openComposites -timeOut 30000 -whiteBackground ptolemy/domains/qss/demo/Thermal/Thermal.xml $PTII/ptolemy/domains/qss/demo/Thermal/Thermal
Running .Thermal
66 ms. Memory: 819200K Free: 121010K (15%)
Exported /home/travis/build/icyphy/ptII/ptolemy/domains/qss/demo/Thermal/Thermal/index.html
4390 ms. Memory: 819200K Free: 466599K (57%)
####### 56 Thu Apr 23 15:14:33 UTC 2020 $PTII/bin/ptinvoke ptolemy.vergil.basic.export.ExportModel -force htm -run -openComposites -timeOut 30000 -whiteBackground ptolemy/domains/rendezvous/demo/Barrier/Barrier.xml $PTII/ptolemy/domains/rendezvous/demo/Barrier/Barrier
Running .Barrier
ExportHTMLTimer went off after 30000 ms., calling getDirector().finish and getDirector().stopFire()
30286 ms. Memory: 819200K Free: 337588K (41%)
Exported /home/travis/build/icyphy/ptII/ptolemy/domains/rendezvous/demo/Barrier/Barrier/index.html
34464 ms. Memory: 819200K Free: 306328K (37%)
####### 57 Thu Apr 23 15:15:08 UTC 2020 $PTII/bin/ptinvoke ptolemy.vergil.basic.export.ExportModel -force htm -run -openComposites -timeOut 30000 -whiteBackground ptolemy/domains/rendezvous/demo/ResourcePool/ResourcePool.xml $PTII/ptolemy/domains/rendezvous/demo/ResourcePool/ResourcePool
Running .ResourcePool
ExportHTMLTimer went off after 30000 ms., calling getDirector().finish and getDirector().stopFire()
30037 ms. Memory: 819200K Free: 199348K (24%)
Exported /home/travis/build/icyphy/ptII/ptolemy/domains/rendezvous/demo/ResourcePool/ResourcePool/index.html
34192 ms. Memory: 819200K Free: 169626K (21%)
####### 58 Thu Apr 23 15:15:42 UTC 2020 $PTII/bin/ptinvoke ptolemy.vergil.basic.export.ExportModel -force htm -run -openComposites -timeOut 30000 -whiteBackground ptolemy/domains/rendezvous/demo/Sequencing/Sequencing.xml $PTII/ptolemy/domains/rendezvous/demo/Sequencing/Sequencing
Running .Sequencing
8 ms. Memory: 819200K Free: 464052K (57%)
Exported /home/travis/build/icyphy/ptII/ptolemy/domains/rendezvous/demo/Sequencing/Sequencing/index.html
4169 ms. Memory: 819200K Free: 430744K (53%)
####### 59 Thu Apr 23 15:15:46 UTC 2020 $PTII/bin/ptinvoke ptolemy.vergil.basic.export.ExportModel -force htm -run -openComposites -timeOut 30000 -whiteBackground ptolemy/domains/rendezvous/demo/WriteRegulator/WriteRegulator.xml $PTII/ptolemy/domains/rendezvous/demo/WriteRegulator/WriteRegulator
Running .WriteRegulator
ExportHTMLTimer went off after 30000 ms., calling getDirector().finish and getDirector().stopFire()
31023 ms. Memory: 819200K Free: 315570K (39%)
Exported /home/travis/build/icyphy/ptII/ptolemy/domains/rendezvous/demo/WriteRegulator/WriteRegulator/index.html
35130 ms. Memory: 819200K Free: 285329K (35%)
####### 60 Thu Apr 23 15:16:21 UTC 2020 $PTII/bin/ptinvoke ptolemy.vergil.basic.export.ExportModel -force htm -run -openComposites -timeOut 30000 -whiteBackground ptolemy/domains/scr/demo/FuelSystemSCR/FuelSystemSCR.xml $PTII/ptolemy/domains/scr/demo/FuelSystemSCR/FuelSystemSCR
Running .FuelSystemSCR
10031 ms. Memory: 819200K Free: 327316K (40%)
Exported /home/travis/build/icyphy/ptII/ptolemy/domains/scr/demo/FuelSystemSCR/FuelSystemSCR/index.html
14866 ms. Memory: 819200K Free: 90692K (11%)
####### 61 Thu Apr 23 15:16:36 UTC 2020 $PTII/bin/ptinvoke ptolemy.vergil.basic.export.ExportModel -force htm -run -openComposites -timeOut 30000 -whiteBackground ptolemy/domains/scr/demo/HelloWorldSCR/HelloWorldSCR.xml $PTII/ptolemy/domains/scr/demo/HelloWorldSCR/HelloWorldSCR
Running .HelloWorldSCR
72 ms. Memory: 819200K Free: 388788K (47%)
Exported /home/travis/build/icyphy/ptII/ptolemy/domains/scr/demo/HelloWorldSCR/HelloWorldSCR/index.html
4356 ms. Memory: 819200K Free: 344741K (42%)
####### 62 Thu Apr 23 15:16:41 UTC 2020 $PTII/bin/ptinvoke ptolemy.vergil.basic.export.ExportModel -force htm -run -openComposites -timeOut 30000 -whiteBackground ptolemy/domains/scr/demo/SafetyInjection/SafetyInjection.xml $PTII/ptolemy/domains/scr/demo/SafetyInjection/SafetyInjection
Running .SafetyInjection
3020 ms. Memory: 819200K Free: 148179K (18%)
Exported /home/travis/build/icyphy/ptII/ptolemy/domains/scr/demo/SafetyInjection/SafetyInjection/index.html
7374 ms. Memory: 819200K Free: 441000K (54%)
####### 63 Thu Apr 23 15:16:48 UTC 2020 $PTII/bin/ptinvoke ptolemy.vergil.basic.export.ExportModel -force htm -run -openComposites -timeOut 30000 -whiteBackground ptolemy/domains/scr/demo/TrafficLight/TrafficLight.xml $PTII/ptolemy/domains/scr/demo/TrafficLight/TrafficLight
Running .TrafficLight
228 ms. Memory: 819200K Free: 237236K (29%)
Exported /home/travis/build/icyphy/ptII/ptolemy/domains/scr/demo/TrafficLight/TrafficLight/index.html
4451 ms. Memory: 819200K Free: 184356K (23%)
####### 64 Thu Apr 23 15:16:52 UTC 2020 $PTII/bin/ptinvoke ptolemy.vergil.basic.export.ExportModel -force htm -run -openComposites -timeOut 30000 -whiteBackground ptolemy/domains/sdf/demo/Array/Array.xml $PTII/ptolemy/domains/sdf/demo/Array/Array
Running .Array
42 ms. Memory: 819200K Free: 458108K (56%)
Exported /home/travis/build/icyphy/ptII/ptolemy/domains/sdf/demo/Array/Array/index.html
4263 ms. Memory: 819200K Free: 406932K (50%)
####### 65 Thu Apr 23 15:16:57 UTC 2020 $PTII/bin/ptinvoke ptolemy.vergil.basic.export.ExportModel -force htm -run -openComposites -timeOut 30000 -whiteBackground ptolemy/domains/sdf/demo/Butterfly/Butterfly.xml $PTII/ptolemy/domains/sdf/demo/Butterfly/Butterfly
Running .Butterfly
133 ms. Memory: 819200K Free: 303528K (37%)
Exported /home/travis/build/icyphy/ptII/ptolemy/domains/sdf/demo/Butterfly/Butterfly/index.html
4260 ms. Memory: 819200K Free: 263065K (32%)
####### 66 Thu Apr 23 15:17:01 UTC 2020 $PTII/bin/ptinvoke ptolemy.vergil.basic.export.ExportModel -force htm -run -openComposites -timeOut 30000 -whiteBackground ptolemy/domains/sdf/demo/Expression/Expression.xml $PTII/ptolemy/domains/sdf/demo/Expression/Expression
Running .Expression
16 ms. Memory: 819200K Free: 173476K (21%)
Exported /home/travis/build/icyphy/ptII/ptolemy/domains/sdf/demo/Expression/Expression/index.html
4128 ms. Memory: 819200K Free: 133525K (16%)
####### 67 Thu Apr 23 15:17:05 UTC 2020 $PTII/bin/ptinvoke ptolemy.vergil.basic.export.ExportModel -force htm -run -openComposites -timeOut 30000 -whiteBackground ptolemy/domains/sdf/demo/Eye/Eye.xml $PTII/ptolemy/domains/sdf/demo/Eye/Eye
Running .Eye
512 ms. Memory: 819200K Free: 267438K (33%)
Exported /home/travis/build/icyphy/ptII/ptolemy/domains/sdf/demo/Eye/Eye/index.html
4700 ms. Memory: 819200K Free: 228001K (28%)
####### 68 Thu Apr 23 15:17:10 UTC 2020 $PTII/bin/ptinvoke ptolemy.vergil.basic.export.ExportModel -force htm -run -openComposites -timeOut 30000 -whiteBackground ptolemy/domains/sdf/demo/FixFIR/FixFIR.xml $PTII/ptolemy/domains/sdf/demo/FixFIR/FixFIR
Running .FixFIR
123 ms. Memory: 819200K Free: 445527K (54%)
Exported /home/travis/build/icyphy/ptII/ptolemy/domains/sdf/demo/FixFIR/FixFIR/index.html
4350 ms. Memory: 819200K Free: 373310K (46%)
####### 69 Thu Apr 23 15:17:14 UTC 2020 $PTII/bin/ptinvoke ptolemy.vergil.basic.export.ExportModel -force htm -run -openComposites -timeOut 30000 -whiteBackground ptolemy/domains/sdf/demo/FixPoint/FixPoint.xml $PTII/ptolemy/domains/sdf/demo/FixPoint/FixPoint
Running .FixPoint
11 ms. Memory: 819200K Free: 290891K (36%)
Exported /home/travis/build/icyphy/ptII/ptolemy/domains/sdf/demo/FixPoint/FixPoint/index.html
4124 ms. Memory: 819200K Free: 254523K (31%)
####### 70 Thu Apr 23 15:17:18 UTC 2020 $PTII/bin/ptinvoke ptolemy.vergil.basic.export.ExportModel -force htm -run -openComposites -timeOut 30000 -whiteBackground ptolemy/domains/sdf/demo/FourierSeries/FourierSeries.xml $PTII/ptolemy/domains/sdf/demo/FourierSeries/FourierSeries
Running .FourierSeries
25 ms. Memory: 819200K Free: 156759K (19%)
Exported /home/travis/build/icyphy/ptII/ptolemy/domains/sdf/demo/FourierSeries/FourierSeries/index.html
4139 ms. Memory: 819200K Free: 117310K (14%)
####### 71 Thu Apr 23 15:17:22 UTC 2020 $PTII/bin/ptinvoke ptolemy.vergil.basic.export.ExportModel -force htm -run  -timeOut 30000 -whiteBackground ptolemy/domains/sdf/demo/Gravitation/Gravitation.xml $PTII/ptolemy/domains/sdf/demo/Gravitation/Gravitation
Warning: not opening composites for ptolemy/domains/sdf/demo/Gravitation/Gravitation.xml. See ptolemy/vergil/basic/export/test/junit/ExportModelJUnitTest.java
Running .Gravitation
10815 ms. Memory: 819200K Free: 392747K (48%)
Exported /home/travis/build/icyphy/ptII/ptolemy/domains/sdf/demo/Gravitation/Gravitation/index.html
15044 ms. Memory: 819200K Free: 357916K (44%)
####### 72 Thu Apr 23 15:17:37 UTC 2020 $PTII/bin/ptinvoke ptolemy.vergil.basic.export.ExportModel -force htm -run  -timeOut 30000 -whiteBackground ptolemy/domains/sdf/demo/Gravitation/GravitationWithCollisionDetection.xml $PTII/ptolemy/domains/sdf/demo/Gravitation/GravitationWithCollisionDetection
Warning: not opening composites for ptolemy/domains/sdf/demo/Gravitation/GravitationWithCollisionDetection.xml. See ptolemy/vergil/basic/export/test/junit/ExportModelJUnitTest.java
Running .GravitationWithCollisionDetection
ExportHTMLTimer went off after 30000 ms., calling getDirector().finish and getDirector().stopFire()
30004 ms. Memory: 819200K Free: 278725K (34%)
Exported /home/travis/build/icyphy/ptII/ptolemy/domains/sdf/demo/Gravitation/GravitationWithCollisionDetection/index.html
34286 ms. Memory: 819200K Free: 234665K (29%)
####### 73 Thu Apr 23 15:18:12 UTC 2020 $PTII/bin/ptinvoke ptolemy.vergil.basic.export.ExportModel -force htm -run -openComposites -timeOut 30000 -whiteBackground ptolemy/domains/sdf/demo/HTVQ/HTVQ.xml $PTII/ptolemy/domains/sdf/demo/HTVQ/HTVQ
Running .HTVQ
675 ms. Memory: 819200K Free: 372918K (46%)
Exported /home/travis/build/icyphy/ptII/ptolemy/domains/sdf/demo/HTVQ/HTVQ/index.html
4878 ms. Memory: 819200K Free: 279632K (34%)
####### 74 Thu Apr 23 15:18:17 UTC 2020 $PTII/bin/ptinvoke ptolemy.vergil.basic.export.ExportModel -force htm -run -openComposites -timeOut 30000 -whiteBackground ptolemy/domains/sdf/demo/LMSAdaptive/LMSAdaptive.xml $PTII/ptolemy/domains/sdf/demo/LMSAdaptive/LMSAdaptive
Running .LMSAdaptive
ExportHTMLTimer went off after 30000 ms., calling getDirector().finish and getDirector().stopFire()
30001 ms. Memory: 819200K Free: 389777K (48%)
Exported /home/travis/build/icyphy/ptII/ptolemy/domains/sdf/demo/LMSAdaptive/LMSAdaptive/index.html
34169 ms. Memory: 819200K Free: 352346K (43%)
####### 75 Thu Apr 23 15:18:51 UTC 2020 $PTII/bin/ptinvoke ptolemy.vergil.basic.export.ExportModel -force htm -run -openComposites -timeOut 30000 -whiteBackground ptolemy/domains/sdf/demo/LogisticMap/LogisticMap.xml $PTII/ptolemy/domains/sdf/demo/LogisticMap/LogisticMap
Running .LogisticMap
ExportHTMLTimer went off after 30000 ms., calling getDirector().finish and getDirector().stopFire()
30009 ms. Memory: 819200K Free: 227985K (28%)
Exported /home/travis/build/icyphy/ptII/ptolemy/domains/sdf/demo/LogisticMap/LogisticMap/index.html
34163 ms. Memory: 819200K Free: 173690K (21%)
####### 76 Thu Apr 23 15:19:25 UTC 2020 $PTII/bin/ptinvoke ptolemy.vergil.basic.export.ExportModel -force htm -run -openComposites -timeOut 30000 -whiteBackground ptolemy/domains/sdf/demo/MaximumEntropySpectrum/MaximumEntropySpectrum.xml $PTII/ptolemy/domains/sdf/demo/MaximumEntropySpectrum/MaximumEntropySpectrum
Running .MaximumEntropySpectrum
109 ms. Memory: 819200K Free: 189317K (23%)
Exported /home/travis/build/icyphy/ptII/ptolemy/domains/sdf/demo/MaximumEntropySpectrum/MaximumEntropySpectrum/index.html
4666 ms. Memory: 819200K Free: 395343K (48%)
####### 77 Thu Apr 23 15:19:30 UTC 2020 $PTII/bin/ptinvoke ptolemy.vergil.basic.export.ExportModel -force htm -run -openComposites -timeOut 30000 -whiteBackground ptolemy/domains/sdf/demo/ModelDisplay/ModelDisplay.xml $PTII/ptolemy/domains/sdf/demo/ModelDisplay/ModelDisplay
Running .ModelDisplay
ExportHTMLTimer went off after 30000 ms., calling getDirector().finish and getDirector().stopFire()
30038 ms. Memory: 819200K Free: 204958K (25%)
Exported /home/travis/build/icyphy/ptII/ptolemy/domains/sdf/demo/ModelDisplay/ModelDisplay/index.html
34227 ms. Memory: 819200K Free: 179330K (22%)
####### 78 Thu Apr 23 15:20:04 UTC 2020 $PTII/bin/ptinvoke ptolemy.vergil.basic.export.ExportModel -force htm -run -openComposites -timeOut 30000 -whiteBackground ptolemy/domains/sdf/demo/MultipleRuns/MultipleRuns.xml $PTII/ptolemy/domains/sdf/demo/MultipleRuns/MultipleRuns
Running .MultipleRuns
131 ms. Memory: 819200K Free: 419479K (51%)
Exported /home/travis/build/icyphy/ptII/ptolemy/domains/sdf/demo/MultipleRuns/MultipleRuns/index.html
4389 ms. Memory: 819200K Free: 326740K (40%)
####### 79 Thu Apr 23 15:20:08 UTC 2020 $PTII/bin/ptinvoke ptolemy.vergil.basic.export.ExportModel -force htm -run -openComposites -timeOut 30000 -whiteBackground ptolemy/domains/sdf/demo/NoisySinewave/NoisySinewave.xml $PTII/ptolemy/domains/sdf/demo/NoisySinewave/NoisySinewave
Running .NoisySinewave
29 ms. Memory: 819200K Free: 163461K (20%)
Exported /home/travis/build/icyphy/ptII/ptolemy/domains/sdf/demo/NoisySinewave/NoisySinewave/index.html
4306 ms. Memory: 819200K Free: 464523K (57%)
####### 80 Thu Apr 23 15:20:13 UTC 2020 $PTII/bin/ptinvoke ptolemy.vergil.basic.export.ExportModel -force htm -run -openComposites -timeOut 30000 -whiteBackground ptolemy/domains/sdf/demo/OrthogonalCom/OrthogonalCom.xml $PTII/ptolemy/domains/sdf/demo/OrthogonalCom/OrthogonalCom
Running .OrthogonalCom
0
0
0
0
1
1
0
0
0
0
0
0
0
0
0
0
0
0
0
-1
18 ms. Memory: 819200K Free: 327392K (40%)
Exported /home/travis/build/icyphy/ptII/ptolemy/domains/sdf/demo/OrthogonalCom/OrthogonalCom/index.html
4221 ms. Memory: 819200K Free: 290003K (35%)
####### 81 Thu Apr 23 15:20:17 UTC 2020 $PTII/bin/ptinvoke ptolemy.vergil.basic.export.ExportModel -force htm  -openComposites -timeOut 30000 -whiteBackground ptolemy/domains/sdf/demo/RijndaelEncryption/RijndaelEncryption.xml $PTII/ptolemy/domains/sdf/demo/RijndaelEncryption/RijndaelEncryption
Warning: not running ptolemy/domains/sdf/demo/RijndaelEncryption/RijndaelEncryption.xml. See ptolemy/vergil/basic/export/test/junit/ExportModelJUnitTest.java
Exported /home/travis/build/icyphy/ptII/ptolemy/domains/sdf/demo/RijndaelEncryption/RijndaelEncryption/index.html
5534 ms. Memory: 819200K Free: 565954K (69%)
####### 82 Thu Apr 23 15:20:22 UTC 2020 $PTII/bin/ptinvoke ptolemy.vergil.basic.export.ExportModel -force htm -run -openComposites -timeOut 30000 -whiteBackground ptolemy/domains/sdf/demo/Sketch/Sketch.xml $PTII/ptolemy/domains/sdf/demo/Sketch/Sketch
Running .Sketch
30 ms. Memory: 819200K Free: 467667K (57%)
Exported /home/travis/build/icyphy/ptII/ptolemy/domains/sdf/demo/Sketch/Sketch/index.html
4205 ms. Memory: 819200K Free: 402085K (49%)
####### 83 Thu Apr 23 15:20:27 UTC 2020 $PTII/bin/ptinvoke ptolemy.vergil.basic.export.ExportModel -force htm  -openComposites -timeOut 30000 -whiteBackground ptolemy/domains/sdf/demo/SoundSpectrum/SoundSpectrum.xml $PTII/ptolemy/domains/sdf/demo/SoundSpectrum/SoundSpectrum
Warning: not running ptolemy/domains/sdf/demo/SoundSpectrum/SoundSpectrum.xml. See ptolemy/vergil/basic/export/test/junit/ExportModelJUnitTest.java
Exported /home/travis/build/icyphy/ptII/ptolemy/domains/sdf/demo/SoundSpectrum/SoundSpectrum/index.html
3163 ms. Memory: 819200K Free: 251582K (31%)
####### 84 Thu Apr 23 15:20:30 UTC 2020 $PTII/bin/ptinvoke ptolemy.vergil.basic.export.ExportModel -force htm -run -openComposites -timeOut 30000 -whiteBackground ptolemy/domains/sdf/demo/Spectrum/Spectrum.xml $PTII/ptolemy/domains/sdf/demo/Spectrum/Spectrum
Running .Spectrum
71 ms. Memory: 819200K Free: 553643K (68%)
Exported /home/travis/build/icyphy/ptII/ptolemy/domains/sdf/demo/Spectrum/Spectrum/index.html
4347 ms. Memory: 819200K Free: 445553K (54%)
####### 85 Thu Apr 23 15:20:34 UTC 2020 $PTII/bin/ptinvoke ptolemy.vergil.basic.export.ExportModel -force htm  -openComposites -timeOut 30000 -whiteBackground ptolemy/domains/sdf/demo/SynthesizedVoice/SynthesizedVoice.xml $PTII/ptolemy/domains/sdf/demo/SynthesizedVoice/SynthesizedVoice
Warning: not running ptolemy/domains/sdf/demo/SynthesizedVoice/SynthesizedVoice.xml. See ptolemy/vergil/basic/export/test/junit/ExportModelJUnitTest.java
Exported /home/travis/build/icyphy/ptII/ptolemy/domains/sdf/demo/SynthesizedVoice/SynthesizedVoice/index.html
3117 ms. Memory: 819200K Free: 322717K (39%)
####### 86 Thu Apr 23 15:20:37 UTC 2020 $PTII/bin/ptinvoke ptolemy.vergil.basic.export.ExportModel -force htm -run -openComposites -timeOut 30000 -whiteBackground ptolemy/domains/sdf/demo/Type/Type.xml $PTII/ptolemy/domains/sdf/demo/Type/Type
Running .Type
66 ms. Memory: 819200K Free: 223915K (27%)
Exported /home/travis/build/icyphy/ptII/ptolemy/domains/sdf/demo/Type/Type/index.html
4175 ms. Memory: 819200K Free: 179303K (22%)
####### 87 Thu Apr 23 15:20:41 UTC 2020 $PTII/bin/ptinvoke ptolemy.vergil.basic.export.ExportModel -force htm -run -openComposites -timeOut 30000 -whiteBackground ptolemy/domains/sdf/optimize/demo/SDFOptimize/SDFOptimize.xml $PTII/ptolemy/domains/sdf/optimize/demo/SDFOptimize/SDFOptimize
Running .SDFOptimize
24 ms. Memory: 819200K Free: 598137K (73%)
Exported /home/travis/build/icyphy/ptII/ptolemy/domains/sdf/optimize/demo/SDFOptimize/SDFOptimize/index.html
4163 ms. Memory: 819200K Free: 568464K (69%)
####### 88 Thu Apr 23 15:20:45 UTC 2020 $PTII/bin/ptinvoke ptolemy.vergil.basic.export.ExportModel -force htm -run -openComposites -timeOut 30000 -whiteBackground ptolemy/domains/sequence/demo/HelloWorld/HelloWorld.xml $PTII/ptolemy/domains/sequence/demo/HelloWorld/HelloWorld
Running .HelloWorld
15 ms. Memory: 819200K Free: 488604K (60%)
Exported /home/travis/build/icyphy/ptII/ptolemy/domains/sequence/demo/HelloWorld/HelloWorld/index.html
4134 ms. Memory: 819200K Free: 453270K (55%)
####### 89 Thu Apr 23 15:20:50 UTC 2020 $PTII/bin/ptinvoke ptolemy.vergil.basic.export.ExportModel -force htm  -openComposites -timeOut 30000 -whiteBackground ptolemy/domains/sequence/demo/SequencedActors/SequencedActors.xml $PTII/ptolemy/domains/sequence/demo/SequencedActors/SequencedActors
Warning: not running ptolemy/domains/sequence/demo/SequencedActors/SequencedActors.xml. See ptolemy/vergil/basic/export/test/junit/ExportModelJUnitTest.java
Exported /home/travis/build/icyphy/ptII/ptolemy/domains/sequence/demo/SequencedActors/SequencedActors/index.html
3097 ms. Memory: 819200K Free: 344223K (42%)
####### 90 Thu Apr 23 15:20:53 UTC 2020 $PTII/bin/ptinvoke ptolemy.vergil.basic.export.ExportModel -force htm -run -openComposites -timeOut 30000 -whiteBackground ptolemy/domains/sequence/demo/SequencedActors/SequencedIntegratorMultipleInstances.xml $PTII/ptolemy/domains/sequence/demo/SequencedActors/SequencedIntegratorMultipleInstances
Running .SequencedIntegratorMultipleInstances
19 ms. Memory: 819200K Free: 230560K (28%)
Exported /home/travis/build/icyphy/ptII/ptolemy/domains/sequence/demo/SequencedActors/SequencedIntegratorMultipleInstances/index.html
4208 ms. Memory: 819200K Free: 183939K (22%)
####### 91 Thu Apr 23 15:20:57 UTC 2020 $PTII/bin/ptinvoke ptolemy.vergil.basic.export.ExportModel -force htm -run -openComposites -timeOut 30000 -whiteBackground ptolemy/domains/sequence/demo/SequencedActors/SequencedVariableMultipleInstances.xml $PTII/ptolemy/domains/sequence/demo/SequencedActors/SequencedVariableMultipleInstances
Running .SequencedVariableMultipleInstances
12 ms. Memory: 819200K Free: 583329K (71%)
Exported /home/travis/build/icyphy/ptII/ptolemy/domains/sequence/demo/SequencedActors/SequencedVariableMultipleInstances/index.html
4201 ms. Memory: 819200K Free: 558741K (68%)
####### 92 Thu Apr 23 15:21:01 UTC 2020 $PTII/bin/ptinvoke ptolemy.vergil.basic.export.ExportModel -force htm -run -openComposites -timeOut 30000 -whiteBackground ptolemy/domains/sequence/demo/Visual/Visual.xml $PTII/ptolemy/domains/sequence/demo/Visual/Visual
Running .Visual
2 ms. Memory: 819200K Free: 479915K (59%)
Exported /home/travis/build/icyphy/ptII/ptolemy/domains/sequence/demo/Visual/Visual/index.html
4100 ms. Memory: 819200K Free: 445081K (54%)
####### 93 Thu Apr 23 15:21:05 UTC 2020 $PTII/bin/ptinvoke ptolemy.vergil.basic.export.ExportModel -force htm -run -openComposites -timeOut 30000 -whiteBackground ptolemy/domains/space/demo/DOPCenter/DOPCenter.xml $PTII/ptolemy/domains/space/demo/DOPCenter/DOPCenter
Running .DOPCenter
1839 ms. Memory: 819200K Free: 262827K (32%)
Exported /home/travis/build/icyphy/ptII/ptolemy/domains/space/demo/DOPCenter/DOPCenter/index.html
6052 ms. Memory: 819200K Free: 199372K (24%)
####### 94 Thu Apr 23 15:21:11 UTC 2020 $PTII/bin/ptinvoke ptolemy.vergil.basic.export.ExportModel -force htm -run -openComposites -timeOut 30000 -whiteBackground ptolemy/domains/space/demo/DOPCenter/Placard.xml $PTII/ptolemy/domains/space/demo/DOPCenter/Placard
Running .Placard
1709 ms. Memory: 819200K Free: 493223K (60%)
Exported /home/travis/build/icyphy/ptII/ptolemy/domains/space/demo/DOPCenter/Placard/index.html
6157 ms. Memory: 819200K Free: 419643K (51%)
####### 95 Thu Apr 23 15:21:17 UTC 2020 $PTII/bin/ptinvoke ptolemy.vergil.basic.export.ExportModel -force htm -run -openComposites -timeOut 30000 -whiteBackground ptolemy/domains/sr/demo/FeedbackLoop/FeedbackLoop.xml $PTII/ptolemy/domains/sr/demo/FeedbackLoop/FeedbackLoop
Running .FeedbackLoop
31 ms. Memory: 819200K Free: 570198K (70%)
Exported /home/travis/build/icyphy/ptII/ptolemy/domains/sr/demo/FeedbackLoop/FeedbackLoop/index.html
4151 ms. Memory: 819200K Free: 544587K (66%)
####### 96 Thu Apr 23 15:21:22 UTC 2020 $PTII/bin/ptinvoke ptolemy.vergil.basic.export.ExportModel -force htm -run -openComposites -timeOut 30000 -whiteBackground ptolemy/domains/sr/demo/GuardedCount/GuardedCount.xml $PTII/ptolemy/domains/sr/demo/GuardedCount/GuardedCount
Running .GuardedCount
26 ms. Memory: 819200K Free: 433010K (53%)
Exported /home/travis/build/icyphy/ptII/ptolemy/domains/sr/demo/GuardedCount/GuardedCount/index.html
4198 ms. Memory: 819200K Free: 631075K (77%)
####### 97 Thu Apr 23 15:21:26 UTC 2020 $PTII/bin/ptinvoke ptolemy.vergil.basic.export.ExportModel -force htm -run -openComposites -timeOut 30000 -whiteBackground ptolemy/domains/sr/demo/GuardedCount/GuardedCountTimed.xml $PTII/ptolemy/domains/sr/demo/GuardedCount/GuardedCountTimed
Running .GuardedCountTimed
20 ms. Memory: 819200K Free: 520050K (63%)
Exported /home/travis/build/icyphy/ptII/ptolemy/domains/sr/demo/GuardedCount/GuardedCountTimed/index.html
4165 ms. Memory: 819200K Free: 449879K (55%)
####### 98 Thu Apr 23 15:21:30 UTC 2020 $PTII/bin/ptinvoke ptolemy.vergil.basic.export.ExportModel -force htm -run -openComposites -timeOut 30000 -whiteBackground ptolemy/domains/sr/demo/TokenRing/TokenRing.xml $PTII/ptolemy/domains/sr/demo/TokenRing/TokenRing
Running .TokenRing
15 ms. Memory: 819200K Free: 484720K (59%)
Exported /home/travis/build/icyphy/ptII/ptolemy/domains/sr/demo/TokenRing/TokenRing/index.html
4365 ms. Memory: 819200K Free: 405842K (50%)
####### 99 Thu Apr 23 15:21:34 UTC 2020 $PTII/bin/ptinvoke ptolemy.vergil.basic.export.ExportModel -force htm -run -openComposites -timeOut 30000 -whiteBackground ptolemy/domains/sr/demo/TrafficLight/TrafficLight.xml $PTII/ptolemy/domains/sr/demo/TrafficLight/TrafficLight
Running .TrafficLight
ExportHTMLTimer went off after 30000 ms., calling getDirector().finish and getDirector().stopFire()
30001 ms. Memory: 819200K Free: 542076K (66%)
Exported /home/travis/build/icyphy/ptII/ptolemy/domains/sr/demo/TrafficLight/TrafficLight/index.html
34519 ms. Memory: 819200K Free: 254747K (31%)
####### 100 Thu Apr 23 15:22:09 UTC 2020 $PTII/bin/ptinvoke ptolemy.vergil.basic.export.ExportModel -force htm -run -openComposites -timeOut 30000 -whiteBackground ptolemy/domains/sr/demo/TrafficLight/WirelessDeployment.xml $PTII/ptolemy/domains/sr/demo/TrafficLight/WirelessDeployment
Running .WirelessDeployment
ExportHTMLTimer went off after 30000 ms., calling getDirector().finish and getDirector().stopFire()
30001 ms. Memory: 819200K Free: 385914K (47%)
Exported /home/travis/build/icyphy/ptII/ptolemy/domains/sr/demo/TrafficLight/WirelessDeployment/index.html
35066 ms. Memory: 819200K Free: 283434K (35%)
]]></system-out>
  <system-err><![CDATA[TransformationEditor: Ignoring clone of .Utilities beause we don't known how to import it. Exception was: ptolemy.kernel.util.NameDuplicationException: Attempt to insert object named "Utilities" into container named ".library", which already contains an object with that name.
TransformationEditor: Ignoring clone of .Directors beause we don't known how to import it. Exception was: ptolemy.kernel.util.NameDuplicationException: Attempt to insert object named "Directors" into container named ".library", which already contains an object with that name.
TransformationEditor: Ignoring clone of .Actors beause we don't known how to import it. Exception was: ptolemy.kernel.util.NameDuplicationException: Attempt to insert object named "Actors" into container named ".library", which already contains an object with that name.
TransformationEditor: Ignoring clone of .MoreLibraries beause we don't known how to import it. Exception was: ptolemy.kernel.util.NameDuplicationException: Attempt to insert object named "MoreLibraries" into container named ".library", which already contains an object with that name.
TransformationEditor: Ignoring clone of .Utilities beause we don't known how to import it. Exception was: ptolemy.kernel.util.NameDuplicationException: Attempt to insert object named "Utilities" into container named ".library", which already contains an object with that name.
TransformationEditor: Ignoring clone of .Directors beause we don't known how to import it. Exception was: ptolemy.kernel.util.NameDuplicationException: Attempt to insert object named "Directors" into container named ".library", which already contains an object with that name.
TransformationEditor: Ignoring clone of .Actors beause we don't known how to import it. Exception was: ptolemy.kernel.util.NameDuplicationException: Attempt to insert object named "Actors" into container named ".library", which already contains an object with that name.
TransformationEditor: Ignoring clone of .MoreLibraries beause we don't known how to import it. Exception was: ptolemy.kernel.util.NameDuplicationException: Attempt to insert object named "MoreLibraries" into container named ".library", which already contains an object with that name.
TransformationEditor: Ignoring clone of .Utilities beause we don't known how to import it. Exception was: ptolemy.kernel.util.NameDuplicationException: Attempt to insert object named "Utilities" into container named ".library", which already contains an object with that name.
TransformationEditor: Ignoring clone of .Directors beause we don't known how to import it. Exception was: ptolemy.kernel.util.NameDuplicationException: Attempt to insert object named "Directors" into container named ".library", which already contains an object with that name.
TransformationEditor: Ignoring clone of .Actors beause we don't known how to import it. Exception was: ptolemy.kernel.util.NameDuplicationException: Attempt to insert object named "Actors" into container named ".library", which already contains an object with that name.
TransformationEditor: Ignoring clone of .MoreLibraries beause we don't known how to import it. Exception was: ptolemy.kernel.util.NameDuplicationException: Attempt to insert object named "MoreLibraries" into container named ".library", which already contains an object with that name.
TransformationEditor: Ignoring clone of .Utilities beause we don't known how to import it. Exception was: ptolemy.kernel.util.NameDuplicationException: Attempt to insert object named "Utilities" into container named ".library", which already contains an object with that name.
TransformationEditor: Ignoring clone of .Directors beause we don't known how to import it. Exception was: ptolemy.kernel.util.NameDuplicationException: Attempt to insert object named "Directors" into container named ".library", which already contains an object with that name.
TransformationEditor: Ignoring clone of .Actors beause we don't known how to import it. Exception was: ptolemy.kernel.util.NameDuplicationException: Attempt to insert object named "Actors" into container named ".library", which already contains an object with that name.
TransformationEditor: Ignoring clone of .MoreLibraries beause we don't known how to import it. Exception was: ptolemy.kernel.util.NameDuplicationException: Attempt to insert object named "MoreLibraries" into container named ".library", which already contains an object with that name.
TransformationEditor: Ignoring clone of .Utilities beause we don't known how to import it. Exception was: ptolemy.kernel.util.NameDuplicationException: Attempt to insert object named "Utilities" into container named ".library", which already contains an object with that name.
TransformationEditor: Ignoring clone of .Directors beause we don't known how to import it. Exception was: ptolemy.kernel.util.NameDuplicationException: Attempt to insert object named "Directors" into container named ".library", which already contains an object with that name.
TransformationEditor: Ignoring clone of .Actors beause we don't known how to import it. Exception was: ptolemy.kernel.util.NameDuplicationException: Attempt to insert object named "Actors" into container named ".library", which already contains an object with that name.
TransformationEditor: Ignoring clone of .MoreLibraries beause we don't known how to import it. Exception was: ptolemy.kernel.util.NameDuplicationException: Attempt to insert object named "MoreLibraries" into container named ".library", which already contains an object with that name.
Warning: '.PrintingPress.reserveFeedMonitor.NonStrictTest' The test produced only 1348 tokens, yet the correctValues parameter was expecting 1876 tokens.
Warning: '.PrintingPress.reserveFeedMonitor.NonStrictTest2' The test produced only 1079 tokens, yet the correctValues parameter was expecting 1501 tokens.
Warning: '.PrintingPress.reserveFeedMonitor.NonStrictTest3' The test produced only 1079 tokens, yet the correctValues parameter was expecting 1501 tokens.
Apr 23, 2020 3:16:51 PM sun.awt.X11.XToolkit processException
WARNING: Exception on Toolkit thread
java.lang.NullPointerException
	at java.desktop/java.awt.Component$BltBufferStrategy.contentsLost(Component.java:4584)
	at java.desktop/java.awt.Component$BltSubRegionBufferStrategy.showIfNotLost(Component.java:4647)
	at java.desktop/javax.swing.BufferStrategyPaintManager.show(BufferStrategyPaintManager.java:208)
	at java.desktop/javax.swing.RepaintManager.show(RepaintManager.java:1430)
	at java.desktop/javax.swing.SwingPaintEventDispatcher.createPaintEvent(SwingPaintEventDispatcher.java:61)
	at java.desktop/sun.awt.X11.XWindow.postPaintEvent(XWindow.java:568)
	at java.desktop/sun.awt.X11.XContentWindow.postPaintEvent(XContentWindow.java:180)
	at java.desktop/sun.awt.X11.XWindow.handleExposeEvent(XWindow.java:562)
	at java.desktop/sun.awt.X11.XContentWindow.handleExposeEvent(XContentWindow.java:151)
	at java.desktop/sun.awt.X11.XBaseWindow.dispatchEvent(XBaseWindow.java:1132)
	at java.desktop/sun.awt.X11.XBaseWindow.dispatchToWindow(XBaseWindow.java:1108)
	at java.desktop/sun.awt.X11.XToolkit.dispatchEvent(XToolkit.java:621)
	at java.desktop/sun.awt.X11.XToolkit.run(XToolkit.java:736)
	at java.desktop/sun.awt.X11.XToolkit.run(XToolkit.java:652)
	at java.base/java.lang.Thread.run(Thread.java:834)

Apr 23, 2020 3:20:21 PM sun.awt.X11.XToolkit processException
WARNING: Exception on Toolkit thread
java.lang.NullPointerException
	at java.desktop/java.awt.Component$BltBufferStrategy.contentsLost(Component.java:4584)
	at java.desktop/java.awt.Component$BltSubRegionBufferStrategy.showIfNotLost(Component.java:4647)
	at java.desktop/javax.swing.BufferStrategyPaintManager.show(BufferStrategyPaintManager.java:208)
	at java.desktop/javax.swing.RepaintManager.show(RepaintManager.java:1430)
	at java.desktop/javax.swing.SwingPaintEventDispatcher.createPaintEvent(SwingPaintEventDispatcher.java:61)
	at java.desktop/sun.awt.X11.XWindow.postPaintEvent(XWindow.java:568)
	at java.desktop/sun.awt.X11.XContentWindow.postPaintEvent(XContentWindow.java:180)
	at java.desktop/sun.awt.X11.XWindow.handleExposeEvent(XWindow.java:562)
	at java.desktop/sun.awt.X11.XContentWindow.handleExposeEvent(XContentWindow.java:151)
	at java.desktop/sun.awt.X11.XBaseWindow.dispatchEvent(XBaseWindow.java:1132)
	at java.desktop/sun.awt.X11.XBaseWindow.dispatchToWindow(XBaseWindow.java:1108)
	at java.desktop/sun.awt.X11.XToolkit.dispatchEvent(XToolkit.java:621)
	at java.desktop/sun.awt.X11.XToolkit.run(XToolkit.java:736)
	at java.desktop/sun.awt.X11.XToolkit.run(XToolkit.java:652)
	at java.base/java.lang.Thread.run(Thread.java:834)

]]></system-err>
</testsuite>
