<?xml version="1.0" encoding="UTF-8" ?>
<testsuite errors="0" failures="0" hostname="travis-job-44ea61f6-d9bd-4c9f-8761-611969aaf8df" name="ptolemy.domains.de.test.junit.JUnitTclTest" skipped="0" tests="101" time="117.299" timestamp="2020-04-18T13:57:54">
  <properties>
[...]
</properties>
  <testcase classname="ptolemy.util.test.junit.TclTests" name="[0] /home/travis/build/icyphy/ptII/ptolemy/domains/de/test/DependencyLoop.tcl (RunTclFile)" time="0.932" />
  <testcase classname="ptolemy.util.test.junit.TclTests" name="[1] /home/travis/build/icyphy/ptII/ptolemy/domains/de/test/RunDETestsAsQSS.tcl (RunTclFile)" time="79.872" />
  <testcase classname="ptolemy.util.test.junit.AutoKnownFailedTests" name="[0] /home/travis/build/icyphy/ptII/ptolemy/domains/de/test/auto/knownFailedTests/DESDFClockTest.xml (RunModel)" time="2.043" />
  <testcase classname="ptolemy.util.test.junit.AutoKnownFailedTests" name="[1] /home/travis/build/icyphy/ptII/ptolemy/domains/de/test/auto/knownFailedTests/DirectFeedback.xml (RunModel)" time="0.014" />
  <testcase classname="ptolemy.util.test.junit.AutoKnownFailedTests" name="[2] /home/travis/build/icyphy/ptII/ptolemy/domains/de/test/auto/knownFailedTests/FSMSource.xml (RunModel)" time="0.022" />
  <testcase classname="ptolemy.util.test.junit.AutoKnownFailedTests" name="[3] /home/travis/build/icyphy/ptII/ptolemy/domains/de/test/auto/knownFailedTests/HierarchicalModel.xml (RunModel)" time="0.039" />
  <testcase classname="ptolemy.util.test.junit.AutoKnownFailedTests" name="[4] /home/travis/build/icyphy/ptII/ptolemy/domains/de/test/auto/knownFailedTests/dependencyLoop.xml (RunModel)" time="0.028" />
  <testcase classname="ptolemy.util.test.junit.AutoKnownFailedTests" name="[5] /home/travis/build/icyphy/ptII/ptolemy/domains/de/test/auto/knownFailedTests/dependencyLoop2.xml (RunModel)" time="0.04" />
  <testcase classname="ptolemy.util.test.junit.AutoNameArchTests" name="[0] ThereAreNoAutoArchTests (RunModel)" time="0.001" />
  <testcase classname="ptolemy.util.test.junit.AutoTests" name="[0] /home/travis/build/icyphy/ptII/ptolemy/domains/de/test/auto/ActorDepthCalculation_actorWithoutPorts.xml (RunModel)" time="0.019" />
  <testcase classname="ptolemy.util.test.junit.AutoTests" name="[1] /home/travis/build/icyphy/ptII/ptolemy/domains/de/test/auto/AssemblyLine.xml (RunModel)" time="0.024" />
  <testcase classname="ptolemy.util.test.junit.AutoTests" name="[2] /home/travis/build/icyphy/ptII/ptolemy/domains/de/test/auto/CQBug1.xml (RunModel)" time="0.009" />
  <testcase classname="ptolemy.util.test.junit.AutoTests" name="[3] /home/travis/build/icyphy/ptII/ptolemy/domains/de/test/auto/CancelFireAt.xml (RunModel)" time="0.011" />
  <testcase classname="ptolemy.util.test.junit.AutoTests" name="[4] /home/travis/build/icyphy/ptII/ptolemy/domains/de/test/auto/CausalityAndComposabilityAnalysis.xml (RunModel)" time="0.019" />
  <testcase classname="ptolemy.util.test.junit.AutoTests" name="[5] /home/travis/build/icyphy/ptII/ptolemy/domains/de/test/auto/CausalityInterface1.xml (RunModel)" time="0.017" />
  <testcase classname="ptolemy.util.test.junit.AutoTests" name="[6] /home/travis/build/icyphy/ptII/ptolemy/domains/de/test/auto/CausalityInterface15.xml (RunModel)" time="0.014" />
  <testcase classname="ptolemy.util.test.junit.AutoTests" name="[7] /home/travis/build/icyphy/ptII/ptolemy/domains/de/test/auto/CausalityInterface2.xml (RunModel)" time="0.011" />
  <testcase classname="ptolemy.util.test.junit.AutoTests" name="[8] /home/travis/build/icyphy/ptII/ptolemy/domains/de/test/auto/CausalityInterface3.xml (RunModel)" time="0.013" />
  <testcase classname="ptolemy.util.test.junit.AutoTests" name="[9] /home/travis/build/icyphy/ptII/ptolemy/domains/de/test/auto/ClockDrift.xml (RunModel)" time="0.03" />
  <testcase classname="ptolemy.util.test.junit.AutoTests" name="[10] /home/travis/build/icyphy/ptII/ptolemy/domains/de/test/auto/ClockDriftAndValueChange.xml (RunModel)" time="0.026" />
  <testcase classname="ptolemy.util.test.junit.AutoTests" name="[11] /home/travis/build/icyphy/ptII/ptolemy/domains/de/test/auto/ClockDriftChange.xml (RunModel)" time="0.031" />
  <testcase classname="ptolemy.util.test.junit.AutoTests" name="[12] /home/travis/build/icyphy/ptII/ptolemy/domains/de/test/auto/ComposableCausalityAnalysis.xml (RunModel)" time="0.01" />
  <testcase classname="ptolemy.util.test.junit.AutoTests" name="[13] /home/travis/build/icyphy/ptII/ptolemy/domains/de/test/auto/DEFixedPointLimitation.xml (RunModel)" time="0.007" />
  <testcase classname="ptolemy.util.test.junit.AutoTests" name="[14] /home/travis/build/icyphy/ptII/ptolemy/domains/de/test/auto/DEScheduleTest.xml (RunModel)" time="0.012" />
  <testcase classname="ptolemy.util.test.junit.AutoTests" name="[15] /home/travis/build/icyphy/ptII/ptolemy/domains/de/test/auto/DEinDEwithStartTimes.xml (RunModel)" time="0.012" />
  <testcase classname="ptolemy.util.test.junit.AutoTests" name="[16] /home/travis/build/icyphy/ptII/ptolemy/domains/de/test/auto/DEinDEwithStartTimes2.xml (RunModel)" time="0.011" />
  <testcase classname="ptolemy.util.test.junit.AutoTests" name="[17] /home/travis/build/icyphy/ptII/ptolemy/domains/de/test/auto/DateDemo.xml (RunModel)" time="0.024" />
  <testcase classname="ptolemy.util.test.junit.AutoTests" name="[18] /home/travis/build/icyphy/ptII/ptolemy/domains/de/test/auto/DateToEvent.xml (RunModel)" time="2.037" />
  <testcase classname="ptolemy.util.test.junit.AutoTests" name="[19] /home/travis/build/icyphy/ptII/ptolemy/domains/de/test/auto/DepthTest1.xml (RunModel)" time="0.009" />
  <testcase classname="ptolemy.util.test.junit.AutoTests" name="[20] /home/travis/build/icyphy/ptII/ptolemy/domains/de/test/auto/DepthTest2.xml (RunModel)" time="0.015" />
  <testcase classname="ptolemy.util.test.junit.AutoTests" name="[21] /home/travis/build/icyphy/ptII/ptolemy/domains/de/test/auto/DepthTest3.xml (RunModel)" time="0.005" />
  <testcase classname="ptolemy.util.test.junit.AutoTests" name="[22] /home/travis/build/icyphy/ptII/ptolemy/domains/de/test/auto/DepthTest4.xml (RunModel)" time="0.018" />
  <testcase classname="ptolemy.util.test.junit.AutoTests" name="[23] /home/travis/build/icyphy/ptII/ptolemy/domains/de/test/auto/DepthTest5.xml (RunModel)" time="0.014" />
  <testcase classname="ptolemy.util.test.junit.AutoTests" name="[24] /home/travis/build/icyphy/ptII/ptolemy/domains/de/test/auto/DepthTest6.xml (RunModel)" time="0.01" />
  <testcase classname="ptolemy.util.test.junit.AutoTests" name="[25] /home/travis/build/icyphy/ptII/ptolemy/domains/de/test/auto/DepthTest7.xml (RunModel)" time="0.008" />
  <testcase classname="ptolemy.util.test.junit.AutoTests" name="[26] /home/travis/build/icyphy/ptII/ptolemy/domains/de/test/auto/EventToDate.xml (RunModel)" time="3.03" />
  <testcase classname="ptolemy.util.test.junit.AutoTests" name="[27] /home/travis/build/icyphy/ptII/ptolemy/domains/de/test/auto/FSM1.xml (RunModel)" time="0.039" />
  <testcase classname="ptolemy.util.test.junit.AutoTests" name="[28] /home/travis/build/icyphy/ptII/ptolemy/domains/de/test/auto/FSM7.xml (RunModel)" time="0.034" />
  <testcase classname="ptolemy.util.test.junit.AutoTests" name="[29] /home/travis/build/icyphy/ptII/ptolemy/domains/de/test/auto/Inspection.xml (RunModel)" time="0.043" />
  <testcase classname="ptolemy.util.test.junit.AutoTests" name="[30] /home/travis/build/icyphy/ptII/ptolemy/domains/de/test/auto/Iteration.xml (RunModel)" time="0.024" />
  <testcase classname="ptolemy.util.test.junit.AutoTests" name="[31] /home/travis/build/icyphy/ptII/ptolemy/domains/de/test/auto/LineFault.xml (RunModel)" time="0.53" />
  <testcase classname="ptolemy.util.test.junit.AutoTests" name="[32] /home/travis/build/icyphy/ptII/ptolemy/domains/de/test/auto/MergeModel1Add.xml (RunModel)" time="0.043" />
  <testcase classname="ptolemy.util.test.junit.AutoTests" name="[33] /home/travis/build/icyphy/ptII/ptolemy/domains/de/test/auto/MergeModel2Add.xml (RunModel)" time="0.032" />
  <testcase classname="ptolemy.util.test.junit.AutoTests" name="[34] /home/travis/build/icyphy/ptII/ptolemy/domains/de/test/auto/MergeModel3Add.xml (RunModel)" time="0.044" />
  <testcase classname="ptolemy.util.test.junit.AutoTests" name="[35] /home/travis/build/icyphy/ptII/ptolemy/domains/de/test/auto/MergeWithoutDiscard.xml (RunModel)" time="0.01" />
  <testcase classname="ptolemy.util.test.junit.AutoTests" name="[36] /home/travis/build/icyphy/ptII/ptolemy/domains/de/test/auto/Modal1.xml (RunModel)" time="0.023" />
  <testcase classname="ptolemy.util.test.junit.AutoTests" name="[37] /home/travis/build/icyphy/ptII/ptolemy/domains/de/test/auto/Modal2.xml (RunModel)" time="0.023" />
  <testcase classname="ptolemy.util.test.junit.AutoTests" name="[38] /home/travis/build/icyphy/ptII/ptolemy/domains/de/test/auto/Modal3.xml (RunModel)" time="0.022" />
  <testcase classname="ptolemy.util.test.junit.AutoTests" name="[39] /home/travis/build/icyphy/ptII/ptolemy/domains/de/test/auto/Modal4.xml (RunModel)" time="0.025" />
  <testcase classname="ptolemy.util.test.junit.AutoTests" name="[40] /home/travis/build/icyphy/ptII/ptolemy/domains/de/test/auto/Modal5.xml (RunModel)" time="0.024" />
  <testcase classname="ptolemy.util.test.junit.AutoTests" name="[41] /home/travis/build/icyphy/ptII/ptolemy/domains/de/test/auto/Modal6.xml (RunModel)" time="0.027" />
  <testcase classname="ptolemy.util.test.junit.AutoTests" name="[42] /home/travis/build/icyphy/ptII/ptolemy/domains/de/test/auto/Modal7.xml (RunModel)" time="0.025" />
  <testcase classname="ptolemy.util.test.junit.AutoTests" name="[43] /home/travis/build/icyphy/ptII/ptolemy/domains/de/test/auto/ModalModel.xml (RunModel)" time="0.152" />
  <testcase classname="ptolemy.util.test.junit.AutoTests" name="[44] /home/travis/build/icyphy/ptII/ptolemy/domains/de/test/auto/ModalSource.xml (RunModel)" time="0.021" />
  <testcase classname="ptolemy.util.test.junit.AutoTests" name="[45] /home/travis/build/icyphy/ptII/ptolemy/domains/de/test/auto/NonInterruptibleTimerZeroDelay.xml (RunModel)" time="0.007" />
  <testcase classname="ptolemy.util.test.junit.AutoTests" name="[46] /home/travis/build/icyphy/ptII/ptolemy/domains/de/test/auto/OpenQueueingNetwork.xml (RunModel)" time="1.882" />
  <testcase classname="ptolemy.util.test.junit.AutoTests" name="[47] /home/travis/build/icyphy/ptII/ptolemy/domains/de/test/auto/OpenQueuingNetwork.xml (RunModel)" time="0.204" />
  <testcase classname="ptolemy.util.test.junit.AutoTests" name="[48] /home/travis/build/icyphy/ptII/ptolemy/domains/de/test/auto/PeriodicSampler.xml (RunModel)" time="0.012" />
  <testcase classname="ptolemy.util.test.junit.AutoTests" name="[49] /home/travis/build/icyphy/ptII/ptolemy/domains/de/test/auto/PersistentIO.xml (RunModel)" time="0.018" />
  <testcase classname="ptolemy.util.test.junit.AutoTests" name="[50] /home/travis/build/icyphy/ptII/ptolemy/domains/de/test/auto/PortParameterResetOnInitialize.xml (RunModel)" time="0.011" />
  <testcase classname="ptolemy.util.test.junit.AutoTests" name="[51] /home/travis/build/icyphy/ptII/ptolemy/domains/de/test/auto/PortParameterUpdates.xml (RunModel)" time="0.012" />
  <testcase classname="ptolemy.util.test.junit.AutoTests" name="[52] /home/travis/build/icyphy/ptII/ptolemy/domains/de/test/auto/QueueAndServer.xml (RunModel)" time="0.02" />
  <testcase classname="ptolemy.util.test.junit.AutoTests" name="[53] /home/travis/build/icyphy/ptII/ptolemy/domains/de/test/auto/Records.xml (RunModel)" time="0.018" />
  <testcase classname="ptolemy.util.test.junit.AutoTests" name="[54] /home/travis/build/icyphy/ptII/ptolemy/domains/de/test/auto/ResetTransitionWithStartTime1.xml (RunModel)" time="0.014" />
  <testcase classname="ptolemy.util.test.junit.AutoTests" name="[55] /home/travis/build/icyphy/ptII/ptolemy/domains/de/test/auto/ResetTransitionWithStartTime2.xml (RunModel)" time="0.019" />
  <testcase classname="ptolemy.util.test.junit.AutoTests" name="[56] /home/travis/build/icyphy/ptII/ptolemy/domains/de/test/auto/ResetTransitionWithStartTime3.xml (RunModel)" time="0.018" />
  <testcase classname="ptolemy.util.test.junit.AutoTests" name="[57] /home/travis/build/icyphy/ptII/ptolemy/domains/de/test/auto/ResetTransitionWithStartTime4.xml (RunModel)" time="0.015" />
  <testcase classname="ptolemy.util.test.junit.AutoTests" name="[58] /home/travis/build/icyphy/ptII/ptolemy/domains/de/test/auto/ResettableTimer1.xml (RunModel)" time="0.008" />
  <testcase classname="ptolemy.util.test.junit.AutoTests" name="[59] /home/travis/build/icyphy/ptII/ptolemy/domains/de/test/auto/ResettableTimer2.xml (RunModel)" time="0.01" />
  <testcase classname="ptolemy.util.test.junit.AutoTests" name="[60] /home/travis/build/icyphy/ptII/ptolemy/domains/de/test/auto/ResettableTimer3.xml (RunModel)" time="0.008" />
  <testcase classname="ptolemy.util.test.junit.AutoTests" name="[61] /home/travis/build/icyphy/ptII/ptolemy/domains/de/test/auto/ResettableTimer4.xml (RunModel)" time="0.007" />
  <testcase classname="ptolemy.util.test.junit.AutoTests" name="[62] /home/travis/build/icyphy/ptII/ptolemy/domains/de/test/auto/ResettableTimer5.xml (RunModel)" time="0.007" />
  <testcase classname="ptolemy.util.test.junit.AutoTests" name="[63] /home/travis/build/icyphy/ptII/ptolemy/domains/de/test/auto/ResettableTimer6.xml (RunModel)" time="0.014" />
  <testcase classname="ptolemy.util.test.junit.AutoTests" name="[64] /home/travis/build/icyphy/ptII/ptolemy/domains/de/test/auto/ServerZeroDelay.xml (RunModel)" time="0.007" />
  <testcase classname="ptolemy.util.test.junit.AutoTests" name="[65] /home/travis/build/icyphy/ptII/ptolemy/domains/de/test/auto/SmartSender.xml (RunModel)" time="3.007" />
  <testcase classname="ptolemy.util.test.junit.AutoTests" name="[66] /home/travis/build/icyphy/ptII/ptolemy/domains/de/test/auto/ThreadedComposite.xml (RunModel)" time="0.127" />
  <testcase classname="ptolemy.util.test.junit.AutoTests" name="[67] /home/travis/build/icyphy/ptII/ptolemy/domains/de/test/auto/Time.xml (RunModel)" time="0.367" />
  <testcase classname="ptolemy.util.test.junit.AutoTests" name="[68] /home/travis/build/icyphy/ptII/ptolemy/domains/de/test/auto/TimeDelayZeroDelay.xml (RunModel)" time="0.018" />
  <testcase classname="ptolemy.util.test.junit.AutoTests" name="[69] /home/travis/build/icyphy/ptII/ptolemy/domains/de/test/auto/TimerZeroDelay.xml (RunModel)" time="0.009" />
  <testcase classname="ptolemy.util.test.junit.AutoTests" name="[70] /home/travis/build/icyphy/ptII/ptolemy/domains/de/test/auto/TimingParadox.xml (RunModel)" time="0.31" />
  <testcase classname="ptolemy.util.test.junit.AutoTests" name="[71] /home/travis/build/icyphy/ptII/ptolemy/domains/de/test/auto/TransferInputs.xml (RunModel)" time="0.017" />
  <testcase classname="ptolemy.util.test.junit.AutoTests" name="[72] /home/travis/build/icyphy/ptII/ptolemy/domains/de/test/auto/TransferOutputs2.xml (RunModel)" time="0.014" />
  <testcase classname="ptolemy.util.test.junit.AutoTests" name="[73] /home/travis/build/icyphy/ptII/ptolemy/domains/de/test/auto/Trilateration.xml (RunModel)" time="9.265" />
  <testcase classname="ptolemy.util.test.junit.AutoTests" name="[74] /home/travis/build/icyphy/ptII/ptolemy/domains/de/test/auto/TwoSigmaDelta.xml (RunModel)" time="1.741" />
  <testcase classname="ptolemy.util.test.junit.AutoTests" name="[75] /home/travis/build/icyphy/ptII/ptolemy/domains/de/test/auto/VariableDelay.xml (RunModel)" time="0.009" />
  <testcase classname="ptolemy.util.test.junit.AutoTests" name="[76] /home/travis/build/icyphy/ptII/ptolemy/domains/de/test/auto/VariableDelay2.xml (RunModel)" time="0.007" />
  <testcase classname="ptolemy.util.test.junit.AutoTests" name="[77] /home/travis/build/icyphy/ptII/ptolemy/domains/de/test/auto/VariableDelayZeroDelay.xml (RunModel)" time="0.009" />
  <testcase classname="ptolemy.util.test.junit.AutoTests" name="[78] /home/travis/build/icyphy/ptII/ptolemy/domains/de/test/auto/VariableDelayZeroDelay2.xml (RunModel)" time="0.009" />
  <testcase classname="ptolemy.util.test.junit.AutoTests" name="[79] /home/travis/build/icyphy/ptII/ptolemy/domains/de/test/auto/deInCt.xml (RunModel)" time="0.012" />
  <testcase classname="ptolemy.util.test.junit.AutoTests" name="[80] /home/travis/build/icyphy/ptII/ptolemy/domains/de/test/auto/deInCt2.xml (RunModel)" time="0.011" />
  <testcase classname="ptolemy.util.test.junit.AutoTests" name="[81] /home/travis/build/icyphy/ptII/ptolemy/domains/de/test/auto/dynamicCausalityInterface1.xml (RunModel)" time="0.014" />
  <testcase classname="ptolemy.util.test.junit.AutoTests" name="[82] /home/travis/build/icyphy/ptII/ptolemy/domains/de/test/auto/fsm_de_test.xml (RunModel)" time="0.019" />
  <testcase classname="ptolemy.util.test.junit.AutoTests" name="[83] /home/travis/build/icyphy/ptII/ptolemy/domains/de/test/auto/functionDependencyReconstruction.xml (RunModel)" time="0.028" />
  <testcase classname="ptolemy.util.test.junit.AutoTests" name="[84] /home/travis/build/icyphy/ptII/ptolemy/domains/de/test/auto/multirate.xml (RunModel)" time="0.016" />
  <testcase classname="ptolemy.util.test.junit.AutoTests" name="[85] /home/travis/build/icyphy/ptII/ptolemy/domains/de/test/auto/multirate2.xml (RunModel)" time="0.019" />
  <testcase classname="ptolemy.util.test.junit.AutoTests" name="[86] /home/travis/build/icyphy/ptII/ptolemy/domains/de/test/auto/realtime.xml (RunModel)" time="10.012" />
  <testcase classname="ptolemy.util.test.junit.AutoTests" name="[87] /home/travis/build/icyphy/ptII/ptolemy/domains/de/test/auto/relationGroup.xml (RunModel)" time="0.005" />
  <testcase classname="ptolemy.util.test.junit.AutoTests" name="[88] /home/travis/build/icyphy/ptII/ptolemy/domains/de/test/auto/relationGroup2.xml (RunModel)" time="0.008" />
  <testcase classname="ptolemy.util.test.junit.AutoTests" name="[89] /home/travis/build/icyphy/ptII/ptolemy/domains/de/test/auto/sortWithOpaquePorts.xml (RunModel)" time="0.015" />
  <testcase classname="ptolemy.util.test.junit.AutoTests" name="[90] /home/travis/build/icyphy/ptII/ptolemy/domains/de/test/auto/transferInputsandOutputs.xml (RunModel)" time="0.013" />
  <testcase classname="ptolemy.util.test.junit.AutoTests" name="[91] /home/travis/build/icyphy/ptII/ptolemy/domains/de/test/auto/triggerType.xml (RunModel)" time="0.009" />
  <system-out><![CDATA[/home/travis/build/icyphy/ptII/ptolemy/domains/de/test/DependencyLoop.tcl
testDefs.tcl: setting time out to 9000 seconds at Sat Apr 18 13:57:55 UTC 2020
51 ms. Memory: 129024K Free: 79179K (61%)
32 ms. Memory: 129024K Free: 61771K (48%)
/home/travis/build/icyphy/ptII/ptolemy/domains/de/test/RunDETestsAsQSS.tcl
Run the DE tests using ptolemy.domains.qss.test.QSSDirectorTest, which extends QSSDirector and prints a message in the constructors.
------------------ testing $PTII/ptolemy/domains/de/test/auto/knownFailedTests/DirectFeedback.xml (Known Failure) 
46 ms. Memory: 129024K Free: 55627K (43%)


==== $PTIIhome/travis/build/icyphy/ptII/ptolemy/domains/de/test/../../../../: Auto Automatic test in file $PTII/ptolemy/domains/de/test/auto/knownFailedTests/DirectFeedback.xml
==== Contents of test case:

	    # FIXME: we should use $relativeFilename here, but it
	    # might have backslashes under Windows, which causes no end
	    # of trouble.
	    createAndExecute $file
	    list {}
	
.... Test generated KNOWN error:
    while executing
ptolemy.kernel.util.IllegalActionException: Test fails in iteration 1.
Value was: 1.0. Should have been: 2.0
  in .DirectFeedback.Test
	at ptolemy.actor.lib.Test.fire(Test.java:268)
	at ptolemy.domains.de.kernel.DEDirector._fire(DEDirector.java:1949)
	at ptolemy.domains.de.kernel.DEDirector.fire(DEDirector.java:502)
	at ptolemy.actor.CompositeActor.fire(CompositeActor.java:455)
	at ptolemy.actor.Manager.iterate(Manager.java:851)
	at ptolemy.actor.Manager.execute(Manager.java:369)
	at ptolemy.actor.Manager.run(Manager.java:1263)
	at ptolemy.actor.Manager$PtolemyRunThread.run(Manager.java:1933)

    while executing
ptolemy.kernel.util.IllegalActionException: Test fails in iteration 1.
Value was: 1.0. Should have been: 2.0
  in .DirectFeedback.Test
    while executing
"java::new ptolemy.moml.MoMLSimpleApplication $file
"
    (procedure "createAndExecute" line 2)
    invoked from within
"createAndExecute $file"
    ("uplevel" body line 5)
    invoked from within
"uplevel $contents_of_test"
------------------ testing $PTII/ptolemy/domains/de/test/auto/knownFailedTests/dependencyLoop.xml (Known Failure) 
8 ms. Memory: 129024K Free: 52555K (41%)


==== $PTIIhome/travis/build/icyphy/ptII/ptolemy/domains/de/test/../../../../: Auto Automatic test in file $PTII/ptolemy/domains/de/test/auto/knownFailedTests/dependencyLoop.xml
==== Contents of test case:

	    # FIXME: we should use $relativeFilename here, but it
	    # might have backslashes under Windows, which causes no end
	    # of trouble.
	    createAndExecute $file
	    list {}
	
.... Test generated KNOWN error:
    while executing
ptolemy.kernel.util.IllegalActionException: Found a zero delay loop containing .dependencyLoop.original
  in .dependencyLoop and .dependencyLoop.original
	at ptolemy.actor.util.CausalityInterfaceForComposites._computeOutputPortDepth(CausalityInterfaceForComposites.java:759)
	at ptolemy.actor.util.CausalityInterfaceForComposites._computeInputDepth(CausalityInterfaceForComposites.java:696)
	at ptolemy.actor.util.CausalityInterfaceForComposites._computeOutputPortDepth(CausalityInterfaceForComposites.java:765)
	at ptolemy.actor.util.CausalityInterfaceForComposites._computeInputDepth(CausalityInterfaceForComposites.java:696)
	at ptolemy.actor.util.CausalityInterfaceForComposites._computeOutputPortDepth(CausalityInterfaceForComposites.java:765)
	at ptolemy.actor.util.CausalityInterfaceForComposites._computeInputDepth(CausalityInterfaceForComposites.java:696)
	at ptolemy.actor.util.CausalityInterfaceForComposites._computeActorDepth(CausalityInterfaceForComposites.java:532)
	at ptolemy.actor.util.CausalityInterfaceForComposites.checkForCycles(CausalityInterfaceForComposites.java:96)
	at ptolemy.domains.de.kernel.DEDirector.preinitialize(DEDirector.java:1338)
	at ptolemy.actor.CompositeActor.preinitialize(CompositeActor.java:1828)
	at ptolemy.actor.Manager.preinitializeAndResolveTypes(Manager.java:1040)
	at ptolemy.actor.Manager.initialize(Manager.java:710)
	at ptolemy.actor.Manager.execute(Manager.java:356)
	at ptolemy.actor.Manager.run(Manager.java:1263)
	at ptolemy.actor.Manager$PtolemyRunThread.run(Manager.java:1933)

    while executing
ptolemy.kernel.util.IllegalActionException: Found a zero delay loop containing .dependencyLoop.original
  in .dependencyLoop and .dependencyLoop.original
    while executing
"java::new ptolemy.moml.MoMLSimpleApplication $file
"
    (procedure "createAndExecute" line 2)
    invoked from within
"createAndExecute $file"
    ("uplevel" body line 5)
    invoked from within
"uplevel $contents_of_test"
------------------ testing $PTII/ptolemy/domains/de/test/auto/knownFailedTests/FSMSource.xml (Known Failure) 
73 ms. Memory: 129024K Free: 110819K (86%)
!!!! Auto was marked as failing, but now passes
------------------ testing $PTII/ptolemy/domains/de/test/auto/knownFailedTests/HierarchicalModel.xml (Known Failure) 
6 ms. Memory: 129024K Free: 92954K (72%)


==== $PTIIhome/travis/build/icyphy/ptII/ptolemy/domains/de/test/../../../../: Auto Automatic test in file $PTII/ptolemy/domains/de/test/auto/knownFailedTests/HierarchicalModel.xml
==== Contents of test case:

	    # FIXME: we should use $relativeFilename here, but it
	    # might have backslashes under Windows, which causes no end
	    # of trouble.
	    createAndExecute $file
	    list {}
	
.... Test generated KNOWN error:
    while executing
ptolemy.kernel.util.IllegalActionException: Found a zero delay loop containing .HierarchicalModel.A
  in .HierarchicalModel and .HierarchicalModel.A
	at ptolemy.actor.util.CausalityInterfaceForComposites._computeOutputPortDepth(CausalityInterfaceForComposites.java:759)
	at ptolemy.actor.util.CausalityInterfaceForComposites._computeInputDepth(CausalityInterfaceForComposites.java:696)
	at ptolemy.actor.util.CausalityInterfaceForComposites._computeOutputPortDepth(CausalityInterfaceForComposites.java:765)
	at ptolemy.actor.util.CausalityInterfaceForComposites._computeInputDepth(CausalityInterfaceForComposites.java:696)
	at ptolemy.actor.util.CausalityInterfaceForComposites._computeOutputPortDepth(CausalityInterfaceForComposites.java:765)
	at ptolemy.actor.util.CausalityInterfaceForComposites._computeInputDepth(CausalityInterfaceForComposites.java:696)
	at ptolemy.actor.util.CausalityInterfaceForComposites._computeActorDepth(CausalityInterfaceForComposites.java:532)
	at ptolemy.actor.util.CausalityInterfaceForComposites.checkForCycles(CausalityInterfaceForComposites.java:96)
	at ptolemy.domains.de.kernel.DEDirector.preinitialize(DEDirector.java:1338)
	at ptolemy.actor.CompositeActor.preinitialize(CompositeActor.java:1828)
	at ptolemy.actor.Manager.preinitializeAndResolveTypes(Manager.java:1040)
	at ptolemy.actor.Manager.initialize(Manager.java:710)
	at ptolemy.actor.Manager.execute(Manager.java:356)
	at ptolemy.actor.Manager.run(Manager.java:1263)
	at ptolemy.actor.Manager$PtolemyRunThread.run(Manager.java:1933)

    while executing
ptolemy.kernel.util.IllegalActionException: Found a zero delay loop containing .HierarchicalModel.A
  in .HierarchicalModel and .HierarchicalModel.A
    while executing
"java::new ptolemy.moml.MoMLSimpleApplication $file
"
    (procedure "createAndExecute" line 2)
    invoked from within
"createAndExecute $file"
    ("uplevel" body line 5)
    invoked from within
"uplevel $contents_of_test"
------------------ testing $PTII/ptolemy/domains/de/test/auto/knownFailedTests/dependencyLoop2.xml (Known Failure) 
10 ms. Memory: 129024K Free: 77062K (60%)


==== $PTIIhome/travis/build/icyphy/ptII/ptolemy/domains/de/test/../../../../: Auto Automatic test in file $PTII/ptolemy/domains/de/test/auto/knownFailedTests/dependencyLoop2.xml
==== Contents of test case:

	    # FIXME: we should use $relativeFilename here, but it
	    # might have backslashes under Windows, which causes no end
	    # of trouble.
	    createAndExecute $file
	    list {}
	
.... Test generated KNOWN error:
    while executing
ptolemy.kernel.util.IllegalActionException: Found a zero delay loop containing .dependencyLoop2.original
  in .dependencyLoop2 and .dependencyLoop2.original
	at ptolemy.actor.util.CausalityInterfaceForComposites._computeOutputPortDepth(CausalityInterfaceForComposites.java:759)
	at ptolemy.actor.util.CausalityInterfaceForComposites._computeInputDepth(CausalityInterfaceForComposites.java:696)
	at ptolemy.actor.util.CausalityInterfaceForComposites._computeOutputPortDepth(CausalityInterfaceForComposites.java:765)
	at ptolemy.actor.util.CausalityInterfaceForComposites._computeInputDepth(CausalityInterfaceForComposites.java:696)
	at ptolemy.actor.util.CausalityInterfaceForComposites._computeOutputPortDepth(CausalityInterfaceForComposites.java:765)
	at ptolemy.actor.util.CausalityInterfaceForComposites._computeInputDepth(CausalityInterfaceForComposites.java:696)
	at ptolemy.actor.util.CausalityInterfaceForComposites._computeActorDepth(CausalityInterfaceForComposites.java:532)
	at ptolemy.actor.util.CausalityInterfaceForComposites.checkForCycles(CausalityInterfaceForComposites.java:96)
	at ptolemy.domains.de.kernel.DEDirector.preinitialize(DEDirector.java:1338)
	at ptolemy.actor.CompositeActor.preinitialize(CompositeActor.java:1828)
	at ptolemy.actor.Manager.preinitializeAndResolveTypes(Manager.java:1040)
	at ptolemy.actor.Manager.initialize(Manager.java:710)
	at ptolemy.actor.Manager.execute(Manager.java:356)
	at ptolemy.actor.Manager.run(Manager.java:1263)
	at ptolemy.actor.Manager$PtolemyRunThread.run(Manager.java:1933)

    while executing
ptolemy.kernel.util.IllegalActionException: Found a zero delay loop containing .dependencyLoop2.original
  in .dependencyLoop2 and .dependencyLoop2.original
    while executing
"java::new ptolemy.moml.MoMLSimpleApplication $file
"
    (procedure "createAndExecute" line 2)
    invoked from within
"createAndExecute $file"
    ("uplevel" body line 5)
    invoked from within
"uplevel $contents_of_test"
------------------ testing $PTII/ptolemy/domains/de/test/auto/knownFailedTests/DESDFClockTest.xml (Known Failure) 
2042 ms. Memory: 129024K Free: 105720K (82%)


==== $PTIIhome/travis/build/icyphy/ptII/ptolemy/domains/de/test/../../../../: Auto Automatic test in file $PTII/ptolemy/domains/de/test/auto/knownFailedTests/DESDFClockTest.xml
==== Contents of test case:

	    # FIXME: we should use $relativeFilename here, but it
	    # might have backslashes under Windows, which causes no end
	    # of trouble.
	    createAndExecute $file
	    list {}
	
.... Test generated KNOWN error:
    while executing
ptolemy.kernel.util.IllegalActionException: Actor is not ready to fire.  Perhaps UpSample.prefire() returned false? Try debugging the actor by selecting "Listen to Actor".  Also, for SDF check moml for tokenConsumptionRate on input.
  in .DESDFClockTest.Play Bell.Copy1:SDF Director and .DESDFClockTest.Play Bell.UpSample
	at ptolemy.actor.sched.StaticSchedulingDirector.fire(StaticSchedulingDirector.java:227)
	at ptolemy.domains.sdf.kernel.SDFDirector.fire(SDFDirector.java:500)
	at ptolemy.actor.CompositeActor.fire(CompositeActor.java:455)
	at ptolemy.domains.de.kernel.DEDirector._fire(DEDirector.java:1949)
	at ptolemy.domains.de.kernel.DEDirector.fire(DEDirector.java:502)
	at ptolemy.actor.CompositeActor.fire(CompositeActor.java:455)
	at ptolemy.actor.Manager.iterate(Manager.java:851)
	at ptolemy.actor.Manager.execute(Manager.java:369)
	at ptolemy.actor.Manager.run(Manager.java:1263)
	at ptolemy.actor.Manager$PtolemyRunThread.run(Manager.java:1933)

    while executing
ptolemy.kernel.util.IllegalActionException: Actor is not ready to fire.  Perhaps UpSample.prefire() returned false? Try debugging the actor by selecting "Listen to Actor".  Also, for SDF check moml for tokenConsumptionRate on input.
  in .DESDFClockTest.Play Bell.Copy1:SDF Director and .DESDFClockTest.Play Bell.UpSample
    while executing
"java::new ptolemy.moml.MoMLSimpleApplication $file
"
    (procedure "createAndExecute" line 2)
    invoked from within
"createAndExecute $file"
    ("uplevel" body line 5)
    invoked from within
"uplevel $contents_of_test"
------------------ testing $PTII/ptolemy/domains/de/test/auto/ActorDepthCalculation_actorWithoutPorts.xml
auto.tcl: Setting watchdog for 200 seconds at Sat Apr 18 13:57:58 UTC 2020
4 ms. Memory: 129024K Free: 98042K (76%)
ptolemy.util.test.WatchDog.cancel(): canceling Sat Apr 18 13:57:58 UTC 2020
auto.tcl: Setting watchdog for 200 seconds at Sat Apr 18 13:57:58 UTC 2020
4 ms. Memory: 129024K Free: 96490K (75%)
ptolemy.util.test.WatchDog.cancel(): canceling Sat Apr 18 13:57:58 UTC 2020
------------------ testing $PTII/ptolemy/domains/de/test/auto/AssemblyLine.xml
auto.tcl: Setting watchdog for 200 seconds at Sat Apr 18 13:57:59 UTC 2020
10 ms. Memory: 51200K Free: 27951K (55%)
ptolemy.util.test.WatchDog.cancel(): canceling Sat Apr 18 13:57:59 UTC 2020
auto.tcl: Setting watchdog for 200 seconds at Sat Apr 18 13:57:59 UTC 2020
8 ms. Memory: 51200K Free: 27299K (53%)
ptolemy.util.test.WatchDog.cancel(): canceling Sat Apr 18 13:57:59 UTC 2020
------------------ testing $PTII/ptolemy/domains/de/test/auto/CQBug1.xml
auto.tcl: Setting watchdog for 200 seconds at Sat Apr 18 13:57:59 UTC 2020
3 ms. Memory: 51200K Free: 33489K (65%)
ptolemy.util.test.WatchDog.cancel(): canceling Sat Apr 18 13:57:59 UTC 2020
auto.tcl: Setting watchdog for 200 seconds at Sat Apr 18 13:57:59 UTC 2020
2 ms. Memory: 51200K Free: 33004K (64%)
ptolemy.util.test.WatchDog.cancel(): canceling Sat Apr 18 13:57:59 UTC 2020
------------------ testing $PTII/ptolemy/domains/de/test/auto/CancelFireAt.xml
auto.tcl: Setting watchdog for 200 seconds at Sat Apr 18 13:57:59 UTC 2020
2 ms. Memory: 48128K Free: 31683K (66%)
ptolemy.util.test.WatchDog.cancel(): canceling Sat Apr 18 13:57:59 UTC 2020
auto.tcl: Setting watchdog for 200 seconds at Sat Apr 18 13:57:59 UTC 2020
2 ms. Memory: 48128K Free: 31226K (65%)
ptolemy.util.test.WatchDog.cancel(): canceling Sat Apr 18 13:57:59 UTC 2020
------------------ testing $PTII/ptolemy/domains/de/test/auto/CausalityAndComposabilityAnalysis.xml
auto.tcl: Setting watchdog for 200 seconds at Sat Apr 18 13:57:59 UTC 2020
16 ms. Memory: 48128K Free: 29568K (61%)
ptolemy.util.test.WatchDog.cancel(): canceling Sat Apr 18 13:57:59 UTC 2020
auto.tcl: Setting watchdog for 200 seconds at Sat Apr 18 13:57:59 UTC 2020
5 ms. Memory: 48128K Free: 28881K (60%)
ptolemy.util.test.WatchDog.cancel(): canceling Sat Apr 18 13:57:59 UTC 2020
------------------ testing $PTII/ptolemy/domains/de/test/auto/CausalityInterface1.xml
auto.tcl: Setting watchdog for 200 seconds at Sat Apr 18 13:57:59 UTC 2020
22 ms. Memory: 48128K Free: 28345K (59%)
ptolemy.util.test.WatchDog.cancel(): canceling Sat Apr 18 13:57:59 UTC 2020
auto.tcl: Setting watchdog for 200 seconds at Sat Apr 18 13:57:59 UTC 2020
4 ms. Memory: 48128K Free: 27362K (57%)
ptolemy.util.test.WatchDog.cancel(): canceling Sat Apr 18 13:57:59 UTC 2020
------------------ testing $PTII/ptolemy/domains/de/test/auto/CausalityInterface15.xml
auto.tcl: Setting watchdog for 200 seconds at Sat Apr 18 13:57:59 UTC 2020
4 ms. Memory: 48128K Free: 28011K (58%)
ptolemy.util.test.WatchDog.cancel(): canceling Sat Apr 18 13:57:59 UTC 2020
auto.tcl: Setting watchdog for 200 seconds at Sat Apr 18 13:57:59 UTC 2020
4 ms. Memory: 48128K Free: 27310K (57%)
ptolemy.util.test.WatchDog.cancel(): canceling Sat Apr 18 13:57:59 UTC 2020
------------------ testing $PTII/ptolemy/domains/de/test/auto/CausalityInterface2.xml
auto.tcl: Setting watchdog for 200 seconds at Sat Apr 18 13:57:59 UTC 2020
6 ms. Memory: 48128K Free: 29036K (60%)
ptolemy.util.test.WatchDog.cancel(): canceling Sat Apr 18 13:57:59 UTC 2020
auto.tcl: Setting watchdog for 200 seconds at Sat Apr 18 13:57:59 UTC 2020
3 ms. Memory: 48128K Free: 27903K (58%)
ptolemy.util.test.WatchDog.cancel(): canceling Sat Apr 18 13:57:59 UTC 2020
------------------ testing $PTII/ptolemy/domains/de/test/auto/CausalityInterface3.xml
auto.tcl: Setting watchdog for 200 seconds at Sat Apr 18 13:57:59 UTC 2020
3 ms. Memory: 48128K Free: 28524K (59%)
ptolemy.util.test.WatchDog.cancel(): canceling Sat Apr 18 13:57:59 UTC 2020
auto.tcl: Setting watchdog for 200 seconds at Sat Apr 18 13:57:59 UTC 2020
2 ms. Memory: 48128K Free: 27738K (58%)
ptolemy.util.test.WatchDog.cancel(): canceling Sat Apr 18 13:57:59 UTC 2020
------------------ testing $PTII/ptolemy/domains/de/test/auto/ClockDrift.xml
auto.tcl: Setting watchdog for 200 seconds at Sat Apr 18 13:57:59 UTC 2020
82 ms. Memory: 48128K Free: 20904K (43%)
ptolemy.util.test.WatchDog.cancel(): canceling Sat Apr 18 13:57:59 UTC 2020
auto.tcl: Setting watchdog for 200 seconds at Sat Apr 18 13:57:59 UTC 2020
56 ms. Memory: 48128K Free: 17712K (37%)
ptolemy.util.test.WatchDog.cancel(): canceling Sat Apr 18 13:57:59 UTC 2020
------------------ testing $PTII/ptolemy/domains/de/test/auto/ClockDriftAndValueChange.xml
auto.tcl: Setting watchdog for 200 seconds at Sat Apr 18 13:58:00 UTC 2020
20 ms. Memory: 48128K Free: 21552K (45%)
ptolemy.util.test.WatchDog.cancel(): canceling Sat Apr 18 13:58:00 UTC 2020
auto.tcl: Setting watchdog for 200 seconds at Sat Apr 18 13:58:00 UTC 2020
19 ms. Memory: 48128K Free: 18617K (39%)
ptolemy.util.test.WatchDog.cancel(): canceling Sat Apr 18 13:58:00 UTC 2020
------------------ testing $PTII/ptolemy/domains/de/test/auto/ClockDriftChange.xml
auto.tcl: Setting watchdog for 200 seconds at Sat Apr 18 13:58:00 UTC 2020
21 ms. Memory: 48128K Free: 23253K (48%)
ptolemy.util.test.WatchDog.cancel(): canceling Sat Apr 18 13:58:00 UTC 2020
auto.tcl: Setting watchdog for 200 seconds at Sat Apr 18 13:58:00 UTC 2020
25 ms. Memory: 48128K Free: 20684K (43%)
ptolemy.util.test.WatchDog.cancel(): canceling Sat Apr 18 13:58:00 UTC 2020
------------------ testing $PTII/ptolemy/domains/de/test/auto/ComposableCausalityAnalysis.xml
auto.tcl: Setting watchdog for 200 seconds at Sat Apr 18 13:58:00 UTC 2020
2 ms. Memory: 48128K Free: 27915K (58%)
ptolemy.util.test.WatchDog.cancel(): canceling Sat Apr 18 13:58:00 UTC 2020
auto.tcl: Setting watchdog for 200 seconds at Sat Apr 18 13:58:00 UTC 2020
1 ms. Memory: 48128K Free: 26840K (56%)
ptolemy.util.test.WatchDog.cancel(): canceling Sat Apr 18 13:58:00 UTC 2020
------------------ testing $PTII/ptolemy/domains/de/test/auto/DEFixedPointLimitation.xml
auto.tcl: Setting watchdog for 200 seconds at Sat Apr 18 13:58:00 UTC 2020
2 ms. Memory: 48128K Free: 29231K (61%)
ptolemy.util.test.WatchDog.cancel(): canceling Sat Apr 18 13:58:00 UTC 2020
auto.tcl: Setting watchdog for 200 seconds at Sat Apr 18 13:58:00 UTC 2020
1 ms. Memory: 48128K Free: 28318K (59%)
ptolemy.util.test.WatchDog.cancel(): canceling Sat Apr 18 13:58:00 UTC 2020
------------------ testing $PTII/ptolemy/domains/de/test/auto/DEScheduleTest.xml
auto.tcl: Setting watchdog for 200 seconds at Sat Apr 18 13:58:00 UTC 2020
6 ms. Memory: 48128K Free: 29539K (61%)
ptolemy.util.test.WatchDog.cancel(): canceling Sat Apr 18 13:58:00 UTC 2020
auto.tcl: Setting watchdog for 200 seconds at Sat Apr 18 13:58:00 UTC 2020
3 ms. Memory: 48128K Free: 28753K (60%)
ptolemy.util.test.WatchDog.cancel(): canceling Sat Apr 18 13:58:00 UTC 2020
------------------ testing $PTII/ptolemy/domains/de/test/auto/DEinDEwithStartTimes.xml
auto.tcl: Setting watchdog for 200 seconds at Sat Apr 18 13:58:00 UTC 2020
6 ms. Memory: 48128K Free: 27680K (58%)
ptolemy.util.test.WatchDog.cancel(): canceling Sat Apr 18 13:58:00 UTC 2020
auto.tcl: Setting watchdog for 200 seconds at Sat Apr 18 13:58:00 UTC 2020
2 ms. Memory: 48128K Free: 26656K (55%)
ptolemy.util.test.WatchDog.cancel(): canceling Sat Apr 18 13:58:00 UTC 2020
------------------ testing $PTII/ptolemy/domains/de/test/auto/DEinDEwithStartTimes2.xml
auto.tcl: Setting watchdog for 200 seconds at Sat Apr 18 13:58:00 UTC 2020
11 ms. Memory: 48128K Free: 26853K (56%)
ptolemy.util.test.WatchDog.cancel(): canceling Sat Apr 18 13:58:00 UTC 2020
auto.tcl: Setting watchdog for 200 seconds at Sat Apr 18 13:58:00 UTC 2020
6 ms. Memory: 48128K Free: 25612K (53%)
ptolemy.util.test.WatchDog.cancel(): canceling Sat Apr 18 13:58:00 UTC 2020
------------------ testing $PTII/ptolemy/domains/de/test/auto/DateDemo.xml
auto.tcl: Setting watchdog for 200 seconds at Sat Apr 18 13:58:00 UTC 2020
13 ms. Memory: 48128K Free: 21814K (45%)
ptolemy.util.test.WatchDog.cancel(): canceling Sat Apr 18 13:58:00 UTC 2020
auto.tcl: Setting watchdog for 200 seconds at Sat Apr 18 13:58:00 UTC 2020
6 ms. Memory: 48128K Free: 20082K (42%)
ptolemy.util.test.WatchDog.cancel(): canceling Sat Apr 18 13:58:00 UTC 2020
------------------ testing $PTII/ptolemy/domains/de/test/auto/DateToEvent.xml
auto.tcl: Setting watchdog for 200 seconds at Sat Apr 18 13:58:00 UTC 2020
2015 ms. Memory: 48128K Free: 16268K (34%)
ptolemy.util.test.WatchDog.cancel(): canceling Sat Apr 18 13:58:02 UTC 2020
auto.tcl: Setting watchdog for 200 seconds at Sat Apr 18 13:58:02 UTC 2020
2005 ms. Memory: 48128K Free: 15775K (33%)
ptolemy.util.test.WatchDog.cancel(): canceling Sat Apr 18 13:58:04 UTC 2020
------------------ testing $PTII/ptolemy/domains/de/test/auto/DepthTest1.xml
auto.tcl: Setting watchdog for 200 seconds at Sat Apr 18 13:58:04 UTC 2020
2 ms. Memory: 48128K Free: 30318K (63%)
ptolemy.util.test.WatchDog.cancel(): canceling Sat Apr 18 13:58:04 UTC 2020
auto.tcl: Setting watchdog for 200 seconds at Sat Apr 18 13:58:04 UTC 2020
1 ms. Memory: 48128K Free: 29935K (62%)
ptolemy.util.test.WatchDog.cancel(): canceling Sat Apr 18 13:58:04 UTC 2020
------------------ testing $PTII/ptolemy/domains/de/test/auto/DepthTest2.xml
auto.tcl: Setting watchdog for 200 seconds at Sat Apr 18 13:58:04 UTC 2020
3 ms. Memory: 48128K Free: 27159K (56%)
ptolemy.util.test.WatchDog.cancel(): canceling Sat Apr 18 13:58:04 UTC 2020
auto.tcl: Setting watchdog for 200 seconds at Sat Apr 18 13:58:04 UTC 2020
2 ms. Memory: 48128K Free: 26646K (55%)
ptolemy.util.test.WatchDog.cancel(): canceling Sat Apr 18 13:58:04 UTC 2020
------------------ testing $PTII/ptolemy/domains/de/test/auto/DepthTest3.xml
auto.tcl: Setting watchdog for 200 seconds at Sat Apr 18 13:58:04 UTC 2020
3 ms. Memory: 48128K Free: 30648K (64%)
ptolemy.util.test.WatchDog.cancel(): canceling Sat Apr 18 13:58:04 UTC 2020
auto.tcl: Setting watchdog for 200 seconds at Sat Apr 18 13:58:04 UTC 2020
0 ms. Memory: 48128K Free: 30266K (63%)
ptolemy.util.test.WatchDog.cancel(): canceling Sat Apr 18 13:58:04 UTC 2020
------------------ testing $PTII/ptolemy/domains/de/test/auto/DepthTest4.xml
auto.tcl: Setting watchdog for 200 seconds at Sat Apr 18 13:58:04 UTC 2020
3 ms. Memory: 48128K Free: 28999K (60%)
ptolemy.util.test.WatchDog.cancel(): canceling Sat Apr 18 13:58:05 UTC 2020
auto.tcl: Setting watchdog for 200 seconds at Sat Apr 18 13:58:05 UTC 2020
2 ms. Memory: 48128K Free: 28254K (59%)
ptolemy.util.test.WatchDog.cancel(): canceling Sat Apr 18 13:58:05 UTC 2020
------------------ testing $PTII/ptolemy/domains/de/test/auto/DepthTest5.xml
auto.tcl: Setting watchdog for 200 seconds at Sat Apr 18 13:58:05 UTC 2020
7 ms. Memory: 48128K Free: 28396K (59%)
ptolemy.util.test.WatchDog.cancel(): canceling Sat Apr 18 13:58:05 UTC 2020
auto.tcl: Setting watchdog for 200 seconds at Sat Apr 18 13:58:05 UTC 2020
2 ms. Memory: 48128K Free: 27609K (57%)
ptolemy.util.test.WatchDog.cancel(): canceling Sat Apr 18 13:58:05 UTC 2020
------------------ testing $PTII/ptolemy/domains/de/test/auto/DepthTest6.xml
auto.tcl: Setting watchdog for 200 seconds at Sat Apr 18 13:58:05 UTC 2020
4 ms. Memory: 48128K Free: 28088K (58%)
ptolemy.util.test.WatchDog.cancel(): canceling Sat Apr 18 13:58:05 UTC 2020
auto.tcl: Setting watchdog for 200 seconds at Sat Apr 18 13:58:05 UTC 2020
2 ms. Memory: 48128K Free: 27587K (57%)
ptolemy.util.test.WatchDog.cancel(): canceling Sat Apr 18 13:58:05 UTC 2020
------------------ testing $PTII/ptolemy/domains/de/test/auto/DepthTest7.xml
auto.tcl: Setting watchdog for 200 seconds at Sat Apr 18 13:58:05 UTC 2020
6 ms. Memory: 48128K Free: 28608K (59%)
ptolemy.util.test.WatchDog.cancel(): canceling Sat Apr 18 13:58:05 UTC 2020
auto.tcl: Setting watchdog for 200 seconds at Sat Apr 18 13:58:05 UTC 2020
2 ms. Memory: 48128K Free: 28178K (59%)
ptolemy.util.test.WatchDog.cancel(): canceling Sat Apr 18 13:58:05 UTC 2020
------------------ testing $PTII/ptolemy/domains/de/test/auto/EventToDate.xml
auto.tcl: Setting watchdog for 200 seconds at Sat Apr 18 13:58:05 UTC 2020
3005 ms. Memory: 48128K Free: 19475K (40%)
ptolemy.util.test.WatchDog.cancel(): canceling Sat Apr 18 13:58:08 UTC 2020
auto.tcl: Setting watchdog for 200 seconds at Sat Apr 18 13:58:08 UTC 2020
3004 ms. Memory: 48128K Free: 18620K (39%)
ptolemy.util.test.WatchDog.cancel(): canceling Sat Apr 18 13:58:11 UTC 2020
------------------ testing $PTII/ptolemy/domains/de/test/auto/FSM1.xml
auto.tcl: Setting watchdog for 200 seconds at Sat Apr 18 13:58:11 UTC 2020
17 ms. Memory: 48128K Free: 20925K (43%)
ptolemy.util.test.WatchDog.cancel(): canceling Sat Apr 18 13:58:11 UTC 2020
auto.tcl: Setting watchdog for 200 seconds at Sat Apr 18 13:58:11 UTC 2020
18 ms. Memory: 48128K Free: 17666K (37%)
ptolemy.util.test.WatchDog.cancel(): canceling Sat Apr 18 13:58:11 UTC 2020
------------------ testing $PTII/ptolemy/domains/de/test/auto/FSM7.xml
auto.tcl: Setting watchdog for 200 seconds at Sat Apr 18 13:58:11 UTC 2020
13 ms. Memory: 48128K Free: 20615K (43%)
ptolemy.util.test.WatchDog.cancel(): canceling Sat Apr 18 13:58:11 UTC 2020
auto.tcl: Setting watchdog for 200 seconds at Sat Apr 18 13:58:11 UTC 2020
12 ms. Memory: 48128K Free: 17466K (36%)
ptolemy.util.test.WatchDog.cancel(): canceling Sat Apr 18 13:58:11 UTC 2020
------------------ testing $PTII/ptolemy/domains/de/test/auto/Inspection.xml
auto.tcl: Setting watchdog for 200 seconds at Sat Apr 18 13:58:11 UTC 2020
35 ms. Memory: 48128K Free: 20437K (42%)
ptolemy.util.test.WatchDog.cancel(): canceling Sat Apr 18 13:58:11 UTC 2020
auto.tcl: Setting watchdog for 200 seconds at Sat Apr 18 13:58:11 UTC 2020
19 ms. Memory: 48128K Free: 18565K (39%)
ptolemy.util.test.WatchDog.cancel(): canceling Sat Apr 18 13:58:11 UTC 2020
------------------ testing $PTII/ptolemy/domains/de/test/auto/Iteration.xml
auto.tcl: Setting watchdog for 200 seconds at Sat Apr 18 13:58:11 UTC 2020
6 ms. Memory: 48128K Free: 26395K (55%)
ptolemy.util.test.WatchDog.cancel(): canceling Sat Apr 18 13:58:11 UTC 2020
auto.tcl: Setting watchdog for 200 seconds at Sat Apr 18 13:58:11 UTC 2020
5 ms. Memory: 48128K Free: 25352K (53%)
ptolemy.util.test.WatchDog.cancel(): canceling Sat Apr 18 13:58:11 UTC 2020
------------------ testing $PTII/ptolemy/domains/de/test/auto/LineFault.xml
auto.tcl: Setting watchdog for 200 seconds at Sat Apr 18 13:58:11 UTC 2020
558 ms. Memory: 48128K Free: 18475K (38%)
ptolemy.util.test.WatchDog.cancel(): canceling Sat Apr 18 13:58:12 UTC 2020
auto.tcl: Setting watchdog for 200 seconds at Sat Apr 18 13:58:12 UTC 2020
549 ms. Memory: 59392K Free: 38118K (64%)
ptolemy.util.test.WatchDog.cancel(): canceling Sat Apr 18 13:58:13 UTC 2020
------------------ testing $PTII/ptolemy/domains/de/test/auto/MergeModel1Add.xml
auto.tcl: Setting watchdog for 200 seconds at Sat Apr 18 13:58:13 UTC 2020
16 ms. Memory: 55296K Free: 19280K (35%)
ptolemy.util.test.WatchDog.cancel(): canceling Sat Apr 18 13:58:13 UTC 2020
auto.tcl: Setting watchdog for 200 seconds at Sat Apr 18 13:58:13 UTC 2020
12 ms. Memory: 55296K Free: 17740K (32%)
ptolemy.util.test.WatchDog.cancel(): canceling Sat Apr 18 13:58:13 UTC 2020
------------------ testing $PTII/ptolemy/domains/de/test/auto/MergeModel2Add.xml
auto.tcl: Setting watchdog for 200 seconds at Sat Apr 18 13:58:13 UTC 2020
9 ms. Memory: 55296K Free: 21859K (40%)
ptolemy.util.test.WatchDog.cancel(): canceling Sat Apr 18 13:58:13 UTC 2020
auto.tcl: Setting watchdog for 200 seconds at Sat Apr 18 13:58:13 UTC 2020
8 ms. Memory: 55296K Free: 20180K (36%)
ptolemy.util.test.WatchDog.cancel(): canceling Sat Apr 18 13:58:13 UTC 2020
------------------ testing $PTII/ptolemy/domains/de/test/auto/MergeModel3Add.xml
auto.tcl: Setting watchdog for 200 seconds at Sat Apr 18 13:58:13 UTC 2020
8 ms. Memory: 55296K Free: 21568K (39%)
ptolemy.util.test.WatchDog.cancel(): canceling Sat Apr 18 13:58:13 UTC 2020
auto.tcl: Setting watchdog for 200 seconds at Sat Apr 18 13:58:13 UTC 2020
8 ms. Memory: 55296K Free: 20223K (37%)
ptolemy.util.test.WatchDog.cancel(): canceling Sat Apr 18 13:58:13 UTC 2020
------------------ testing $PTII/ptolemy/domains/de/test/auto/MergeWithoutDiscard.xml
auto.tcl: Setting watchdog for 200 seconds at Sat Apr 18 13:58:13 UTC 2020
1 ms. Memory: 55296K Free: 36469K (66%)
ptolemy.util.test.WatchDog.cancel(): canceling Sat Apr 18 13:58:13 UTC 2020
auto.tcl: Setting watchdog for 200 seconds at Sat Apr 18 13:58:13 UTC 2020
1 ms. Memory: 55296K Free: 35566K (64%)
ptolemy.util.test.WatchDog.cancel(): canceling Sat Apr 18 13:58:13 UTC 2020
------------------ testing $PTII/ptolemy/domains/de/test/auto/Modal1.xml
auto.tcl: Setting watchdog for 200 seconds at Sat Apr 18 13:58:13 UTC 2020
11 ms. Memory: 55296K Free: 28052K (51%)
ptolemy.util.test.WatchDog.cancel(): canceling Sat Apr 18 13:58:13 UTC 2020
auto.tcl: Setting watchdog for 200 seconds at Sat Apr 18 13:58:13 UTC 2020
12 ms. Memory: 55296K Free: 24597K (44%)
ptolemy.util.test.WatchDog.cancel(): canceling Sat Apr 18 13:58:13 UTC 2020
------------------ testing $PTII/ptolemy/domains/de/test/auto/Modal2.xml
auto.tcl: Setting watchdog for 200 seconds at Sat Apr 18 13:58:13 UTC 2020
10 ms. Memory: 55296K Free: 28197K (51%)
ptolemy.util.test.WatchDog.cancel(): canceling Sat Apr 18 13:58:13 UTC 2020
auto.tcl: Setting watchdog for 200 seconds at Sat Apr 18 13:58:13 UTC 2020
14 ms. Memory: 55296K Free: 24955K (45%)
ptolemy.util.test.WatchDog.cancel(): canceling Sat Apr 18 13:58:13 UTC 2020
------------------ testing $PTII/ptolemy/domains/de/test/auto/Modal3.xml
auto.tcl: Setting watchdog for 200 seconds at Sat Apr 18 13:58:13 UTC 2020
13 ms. Memory: 51200K Free: 23639K (46%)
ptolemy.util.test.WatchDog.cancel(): canceling Sat Apr 18 13:58:13 UTC 2020
auto.tcl: Setting watchdog for 200 seconds at Sat Apr 18 13:58:13 UTC 2020
13 ms. Memory: 51200K Free: 20446K (40%)
ptolemy.util.test.WatchDog.cancel(): canceling Sat Apr 18 13:58:13 UTC 2020
------------------ testing $PTII/ptolemy/domains/de/test/auto/Modal4.xml
auto.tcl: Setting watchdog for 200 seconds at Sat Apr 18 13:58:13 UTC 2020
23 ms. Memory: 51200K Free: 23028K (45%)
ptolemy.util.test.WatchDog.cancel(): canceling Sat Apr 18 13:58:13 UTC 2020
auto.tcl: Setting watchdog for 200 seconds at Sat Apr 18 13:58:13 UTC 2020
18 ms. Memory: 51200K Free: 19224K (38%)
ptolemy.util.test.WatchDog.cancel(): canceling Sat Apr 18 13:58:13 UTC 2020
------------------ testing $PTII/ptolemy/domains/de/test/auto/Modal5.xml
auto.tcl: Setting watchdog for 200 seconds at Sat Apr 18 13:58:13 UTC 2020
20 ms. Memory: 51200K Free: 23039K (45%)
ptolemy.util.test.WatchDog.cancel(): canceling Sat Apr 18 13:58:14 UTC 2020
auto.tcl: Setting watchdog for 200 seconds at Sat Apr 18 13:58:14 UTC 2020
12 ms. Memory: 51200K Free: 19211K (38%)
ptolemy.util.test.WatchDog.cancel(): canceling Sat Apr 18 13:58:14 UTC 2020
------------------ testing $PTII/ptolemy/domains/de/test/auto/Modal6.xml
auto.tcl: Setting watchdog for 200 seconds at Sat Apr 18 13:58:14 UTC 2020
11 ms. Memory: 51200K Free: 23802K (46%)
ptolemy.util.test.WatchDog.cancel(): canceling Sat Apr 18 13:58:14 UTC 2020
auto.tcl: Setting watchdog for 200 seconds at Sat Apr 18 13:58:14 UTC 2020
13 ms. Memory: 51200K Free: 19855K (39%)
ptolemy.util.test.WatchDog.cancel(): canceling Sat Apr 18 13:58:14 UTC 2020
------------------ testing $PTII/ptolemy/domains/de/test/auto/Modal7.xml
auto.tcl: Setting watchdog for 200 seconds at Sat Apr 18 13:58:14 UTC 2020
9 ms. Memory: 51200K Free: 22803K (45%)
ptolemy.util.test.WatchDog.cancel(): canceling Sat Apr 18 13:58:14 UTC 2020
auto.tcl: Setting watchdog for 200 seconds at Sat Apr 18 13:58:14 UTC 2020
9 ms. Memory: 51200K Free: 19459K (38%)
ptolemy.util.test.WatchDog.cancel(): canceling Sat Apr 18 13:58:14 UTC 2020
------------------ testing $PTII/ptolemy/domains/de/test/auto/ModalModel.xml
auto.tcl: Setting watchdog for 200 seconds at Sat Apr 18 13:58:14 UTC 2020
188 ms. Memory: 51200K Free: 12646K (25%)
ptolemy.util.test.WatchDog.cancel(): canceling Sat Apr 18 13:58:14 UTC 2020
auto.tcl: Setting watchdog for 200 seconds at Sat Apr 18 13:58:14 UTC 2020
185 ms. Memory: 62464K Free: 45023K (72%)
ptolemy.util.test.WatchDog.cancel(): canceling Sat Apr 18 13:58:14 UTC 2020
------------------ testing $PTII/ptolemy/domains/de/test/auto/ModalSource.xml
auto.tcl: Setting watchdog for 200 seconds at Sat Apr 18 13:58:14 UTC 2020
6 ms. Memory: 55296K Free: 31980K (58%)
ptolemy.util.test.WatchDog.cancel(): canceling Sat Apr 18 13:58:14 UTC 2020
auto.tcl: Setting watchdog for 200 seconds at Sat Apr 18 13:58:14 UTC 2020
5 ms. Memory: 55296K Free: 29932K (54%)
ptolemy.util.test.WatchDog.cancel(): canceling Sat Apr 18 13:58:14 UTC 2020
------------------ testing $PTII/ptolemy/domains/de/test/auto/NonInterruptibleTimerZeroDelay.xml
auto.tcl: Setting watchdog for 200 seconds at Sat Apr 18 13:58:14 UTC 2020
3 ms. Memory: 51200K Free: 33028K (65%)
ptolemy.util.test.WatchDog.cancel(): canceling Sat Apr 18 13:58:14 UTC 2020
auto.tcl: Setting watchdog for 200 seconds at Sat Apr 18 13:58:14 UTC 2020
2 ms. Memory: 51200K Free: 32148K (63%)
ptolemy.util.test.WatchDog.cancel(): canceling Sat Apr 18 13:58:14 UTC 2020
------------------ testing $PTII/ptolemy/domains/de/test/auto/OpenQueueingNetwork.xml
auto.tcl: Setting watchdog for 200 seconds at Sat Apr 18 13:58:14 UTC 2020
2605 ms. Memory: 113664K Free: 45190K (40%)
ptolemy.util.test.WatchDog.cancel(): canceling Sat Apr 18 13:58:17 UTC 2020
auto.tcl: Setting watchdog for 200 seconds at Sat Apr 18 13:58:17 UTC 2020
2261 ms. Memory: 138240K Free: 116320K (84%)
ptolemy.util.test.WatchDog.cancel(): canceling Sat Apr 18 13:58:19 UTC 2020
------------------ testing $PTII/ptolemy/domains/de/test/auto/OpenQueuingNetwork.xml
auto.tcl: Setting watchdog for 200 seconds at Sat Apr 18 13:58:19 UTC 2020
224 ms. Memory: 55296K Free: 23881K (43%)
ptolemy.util.test.WatchDog.cancel(): canceling Sat Apr 18 13:58:20 UTC 2020
auto.tcl: Setting watchdog for 200 seconds at Sat Apr 18 13:58:20 UTC 2020
229 ms. Memory: 66560K Free: 44711K (67%)
ptolemy.util.test.WatchDog.cancel(): canceling Sat Apr 18 13:58:20 UTC 2020
------------------ testing $PTII/ptolemy/domains/de/test/auto/PeriodicSampler.xml
auto.tcl: Setting watchdog for 200 seconds at Sat Apr 18 13:58:20 UTC 2020
2 ms. Memory: 55296K Free: 36116K (65%)
ptolemy.util.test.WatchDog.cancel(): canceling Sat Apr 18 13:58:20 UTC 2020
auto.tcl: Setting watchdog for 200 seconds at Sat Apr 18 13:58:20 UTC 2020
2 ms. Memory: 55296K Free: 35596K (64%)
ptolemy.util.test.WatchDog.cancel(): canceling Sat Apr 18 13:58:20 UTC 2020
------------------ testing $PTII/ptolemy/domains/de/test/auto/PersistentIO.xml
auto.tcl: Setting watchdog for 200 seconds at Sat Apr 18 13:58:20 UTC 2020
4 ms. Memory: 55296K Free: 31041K (56%)
ptolemy.util.test.WatchDog.cancel(): canceling Sat Apr 18 13:58:20 UTC 2020
auto.tcl: Setting watchdog for 200 seconds at Sat Apr 18 13:58:20 UTC 2020
2 ms. Memory: 55296K Free: 29521K (53%)
ptolemy.util.test.WatchDog.cancel(): canceling Sat Apr 18 13:58:20 UTC 2020
------------------ testing $PTII/ptolemy/domains/de/test/auto/PortParameterResetOnInitialize.xml
auto.tcl: Setting watchdog for 200 seconds at Sat Apr 18 13:58:20 UTC 2020
2 ms. Memory: 55296K Free: 36039K (65%)
ptolemy.util.test.WatchDog.cancel(): canceling Sat Apr 18 13:58:20 UTC 2020
auto.tcl: Setting watchdog for 200 seconds at Sat Apr 18 13:58:20 UTC 2020
1 ms. Memory: 55296K Free: 35529K (64%)
ptolemy.util.test.WatchDog.cancel(): canceling Sat Apr 18 13:58:20 UTC 2020
------------------ testing $PTII/ptolemy/domains/de/test/auto/PortParameterUpdates.xml
auto.tcl: Setting watchdog for 200 seconds at Sat Apr 18 13:58:20 UTC 2020
4 ms. Memory: 51200K Free: 30027K (59%)
ptolemy.util.test.WatchDog.cancel(): canceling Sat Apr 18 13:58:20 UTC 2020
auto.tcl: Setting watchdog for 200 seconds at Sat Apr 18 13:58:20 UTC 2020
3 ms. Memory: 51200K Free: 28995K (57%)
ptolemy.util.test.WatchDog.cancel(): canceling Sat Apr 18 13:58:20 UTC 2020
------------------ testing $PTII/ptolemy/domains/de/test/auto/QueueAndServer.xml
auto.tcl: Setting watchdog for 200 seconds at Sat Apr 18 13:58:20 UTC 2020
5 ms. Memory: 51200K Free: 28967K (57%)
ptolemy.util.test.WatchDog.cancel(): canceling Sat Apr 18 13:58:20 UTC 2020
auto.tcl: Setting watchdog for 200 seconds at Sat Apr 18 13:58:20 UTC 2020
5 ms. Memory: 51200K Free: 27454K (54%)
ptolemy.util.test.WatchDog.cancel(): canceling Sat Apr 18 13:58:20 UTC 2020
------------------ testing $PTII/ptolemy/domains/de/test/auto/Records.xml
auto.tcl: Setting watchdog for 200 seconds at Sat Apr 18 13:58:20 UTC 2020
5 ms. Memory: 51200K Free: 31185K (61%)
ptolemy.util.test.WatchDog.cancel(): canceling Sat Apr 18 13:58:20 UTC 2020
auto.tcl: Setting watchdog for 200 seconds at Sat Apr 18 13:58:20 UTC 2020
1 ms. Memory: 51200K Free: 30687K (60%)
ptolemy.util.test.WatchDog.cancel(): canceling Sat Apr 18 13:58:20 UTC 2020
------------------ testing $PTII/ptolemy/domains/de/test/auto/ResetTransitionWithStartTime1.xml
auto.tcl: Setting watchdog for 200 seconds at Sat Apr 18 13:58:20 UTC 2020
9 ms. Memory: 51200K Free: 28429K (56%)
ptolemy.util.test.WatchDog.cancel(): canceling Sat Apr 18 13:58:20 UTC 2020
auto.tcl: Setting watchdog for 200 seconds at Sat Apr 18 13:58:20 UTC 2020
7 ms. Memory: 51200K Free: 25867K (51%)
ptolemy.util.test.WatchDog.cancel(): canceling Sat Apr 18 13:58:20 UTC 2020
------------------ testing $PTII/ptolemy/domains/de/test/auto/ResetTransitionWithStartTime2.xml
auto.tcl: Setting watchdog for 200 seconds at Sat Apr 18 13:58:20 UTC 2020
5 ms. Memory: 51200K Free: 28384K (55%)
ptolemy.util.test.WatchDog.cancel(): canceling Sat Apr 18 13:58:20 UTC 2020
auto.tcl: Setting watchdog for 200 seconds at Sat Apr 18 13:58:20 UTC 2020
5 ms. Memory: 51200K Free: 26364K (51%)
ptolemy.util.test.WatchDog.cancel(): canceling Sat Apr 18 13:58:20 UTC 2020
------------------ testing $PTII/ptolemy/domains/de/test/auto/ResetTransitionWithStartTime3.xml
auto.tcl: Setting watchdog for 200 seconds at Sat Apr 18 13:58:20 UTC 2020
5 ms. Memory: 51200K Free: 28382K (55%)
ptolemy.util.test.WatchDog.cancel(): canceling Sat Apr 18 13:58:20 UTC 2020
auto.tcl: Setting watchdog for 200 seconds at Sat Apr 18 13:58:20 UTC 2020
5 ms. Memory: 51200K Free: 25828K (50%)
ptolemy.util.test.WatchDog.cancel(): canceling Sat Apr 18 13:58:20 UTC 2020
------------------ testing $PTII/ptolemy/domains/de/test/auto/ResetTransitionWithStartTime4.xml
auto.tcl: Setting watchdog for 200 seconds at Sat Apr 18 13:58:21 UTC 2020
6 ms. Memory: 51200K Free: 28819K (56%)
ptolemy.util.test.WatchDog.cancel(): canceling Sat Apr 18 13:58:21 UTC 2020
auto.tcl: Setting watchdog for 200 seconds at Sat Apr 18 13:58:21 UTC 2020
3 ms. Memory: 51200K Free: 27383K (53%)
ptolemy.util.test.WatchDog.cancel(): canceling Sat Apr 18 13:58:21 UTC 2020
------------------ testing $PTII/ptolemy/domains/de/test/auto/ResettableTimer1.xml
auto.tcl: Setting watchdog for 200 seconds at Sat Apr 18 13:58:21 UTC 2020
2 ms. Memory: 51200K Free: 32559K (64%)
ptolemy.util.test.WatchDog.cancel(): canceling Sat Apr 18 13:58:21 UTC 2020
auto.tcl: Setting watchdog for 200 seconds at Sat Apr 18 13:58:21 UTC 2020
2 ms. Memory: 51200K Free: 31456K (61%)
ptolemy.util.test.WatchDog.cancel(): canceling Sat Apr 18 13:58:21 UTC 2020
------------------ testing $PTII/ptolemy/domains/de/test/auto/ResettableTimer2.xml
auto.tcl: Setting watchdog for 200 seconds at Sat Apr 18 13:58:21 UTC 2020
2 ms. Memory: 51200K Free: 32616K (64%)
ptolemy.util.test.WatchDog.cancel(): canceling Sat Apr 18 13:58:21 UTC 2020
auto.tcl: Setting watchdog for 200 seconds at Sat Apr 18 13:58:21 UTC 2020
2 ms. Memory: 51200K Free: 31534K (62%)
ptolemy.util.test.WatchDog.cancel(): canceling Sat Apr 18 13:58:21 UTC 2020
------------------ testing $PTII/ptolemy/domains/de/test/auto/ResettableTimer3.xml
auto.tcl: Setting watchdog for 200 seconds at Sat Apr 18 13:58:21 UTC 2020
1 ms. Memory: 51200K Free: 33011K (64%)
ptolemy.util.test.WatchDog.cancel(): canceling Sat Apr 18 13:58:21 UTC 2020
auto.tcl: Setting watchdog for 200 seconds at Sat Apr 18 13:58:21 UTC 2020
1 ms. Memory: 51200K Free: 32515K (64%)
ptolemy.util.test.WatchDog.cancel(): canceling Sat Apr 18 13:58:21 UTC 2020
------------------ testing $PTII/ptolemy/domains/de/test/auto/ResettableTimer4.xml
auto.tcl: Setting watchdog for 200 seconds at Sat Apr 18 13:58:21 UTC 2020
1 ms. Memory: 51200K Free: 33009K (64%)
ptolemy.util.test.WatchDog.cancel(): canceling Sat Apr 18 13:58:21 UTC 2020
auto.tcl: Setting watchdog for 200 seconds at Sat Apr 18 13:58:21 UTC 2020
1 ms. Memory: 51200K Free: 32529K (64%)
ptolemy.util.test.WatchDog.cancel(): canceling Sat Apr 18 13:58:21 UTC 2020
------------------ testing $PTII/ptolemy/domains/de/test/auto/ResettableTimer5.xml
auto.tcl: Setting watchdog for 200 seconds at Sat Apr 18 13:58:21 UTC 2020
1 ms. Memory: 51200K Free: 32527K (64%)
ptolemy.util.test.WatchDog.cancel(): canceling Sat Apr 18 13:58:21 UTC 2020
auto.tcl: Setting watchdog for 200 seconds at Sat Apr 18 13:58:21 UTC 2020
1 ms. Memory: 51200K Free: 32035K (63%)
ptolemy.util.test.WatchDog.cancel(): canceling Sat Apr 18 13:58:21 UTC 2020
------------------ testing $PTII/ptolemy/domains/de/test/auto/ResettableTimer6.xml
auto.tcl: Setting watchdog for 200 seconds at Sat Apr 18 13:58:21 UTC 2020
2 ms. Memory: 51200K Free: 32003K (63%)
ptolemy.util.test.WatchDog.cancel(): canceling Sat Apr 18 13:58:21 UTC 2020
auto.tcl: Setting watchdog for 200 seconds at Sat Apr 18 13:58:21 UTC 2020
1 ms. Memory: 51200K Free: 31506K (62%)
ptolemy.util.test.WatchDog.cancel(): canceling Sat Apr 18 13:58:21 UTC 2020
------------------ testing $PTII/ptolemy/domains/de/test/auto/ServerZeroDelay.xml
auto.tcl: Setting watchdog for 200 seconds at Sat Apr 18 13:58:21 UTC 2020
3 ms. Memory: 51200K Free: 32509K (63%)
ptolemy.util.test.WatchDog.cancel(): canceling Sat Apr 18 13:58:21 UTC 2020
auto.tcl: Setting watchdog for 200 seconds at Sat Apr 18 13:58:21 UTC 2020
2 ms. Memory: 51200K Free: 31505K (62%)
ptolemy.util.test.WatchDog.cancel(): canceling Sat Apr 18 13:58:21 UTC 2020
------------------ testing $PTII/ptolemy/domains/de/test/auto/SmartSender.xml
auto.tcl: Setting watchdog for 200 seconds at Sat Apr 18 13:58:21 UTC 2020
3002 ms. Memory: 51200K Free: 32503K (63%)
ptolemy.util.test.WatchDog.cancel(): canceling Sat Apr 18 13:58:24 UTC 2020
auto.tcl: Setting watchdog for 200 seconds at Sat Apr 18 13:58:24 UTC 2020
3002 ms. Memory: 51200K Free: 32011K (63%)
ptolemy.util.test.WatchDog.cancel(): canceling Sat Apr 18 13:58:27 UTC 2020
------------------ testing $PTII/ptolemy/domains/de/test/auto/ThreadedComposite.xml
auto.tcl: Setting watchdog for 200 seconds at Sat Apr 18 13:58:27 UTC 2020
223 ms. Memory: 51200K Free: 12547K (25%)
ptolemy.util.test.WatchDog.cancel(): canceling Sat Apr 18 13:58:27 UTC 2020
auto.tcl: Setting watchdog for 200 seconds at Sat Apr 18 13:58:27 UTC 2020
281 ms. Memory: 51200K Free: 20943K (41%)
ptolemy.util.test.WatchDog.cancel(): canceling Sat Apr 18 13:58:28 UTC 2020
------------------ testing $PTII/ptolemy/domains/de/test/auto/Time.xml
auto.tcl: Setting watchdog for 200 seconds at Sat Apr 18 13:58:28 UTC 2020
463 ms. Memory: 51200K Free: 34710K (68%)
ptolemy.util.test.WatchDog.cancel(): canceling Sat Apr 18 13:58:28 UTC 2020
auto.tcl: Setting watchdog for 200 seconds at Sat Apr 18 13:58:28 UTC 2020
404 ms. Memory: 51200K Free: 10206K (20%)
ptolemy.util.test.WatchDog.cancel(): canceling Sat Apr 18 13:58:28 UTC 2020
------------------ testing $PTII/ptolemy/domains/de/test/auto/TimeDelayZeroDelay.xml
auto.tcl: Setting watchdog for 200 seconds at Sat Apr 18 13:58:28 UTC 2020
2 ms. Memory: 51200K Free: 32433K (63%)
ptolemy.util.test.WatchDog.cancel(): canceling Sat Apr 18 13:58:28 UTC 2020
auto.tcl: Setting watchdog for 200 seconds at Sat Apr 18 13:58:28 UTC 2020
2 ms. Memory: 51200K Free: 31591K (62%)
ptolemy.util.test.WatchDog.cancel(): canceling Sat Apr 18 13:58:28 UTC 2020
------------------ testing $PTII/ptolemy/domains/de/test/auto/TimerZeroDelay.xml
auto.tcl: Setting watchdog for 200 seconds at Sat Apr 18 13:58:29 UTC 2020
2 ms. Memory: 51200K Free: 32894K (64%)
ptolemy.util.test.WatchDog.cancel(): canceling Sat Apr 18 13:58:29 UTC 2020
auto.tcl: Setting watchdog for 200 seconds at Sat Apr 18 13:58:29 UTC 2020
2 ms. Memory: 51200K Free: 32476K (63%)
ptolemy.util.test.WatchDog.cancel(): canceling Sat Apr 18 13:58:29 UTC 2020
------------------ testing $PTII/ptolemy/domains/de/test/auto/TimingParadox.xml
auto.tcl: Setting watchdog for 200 seconds at Sat Apr 18 13:58:29 UTC 2020
279 ms. Memory: 51200K Free: 18582K (36%)
ptolemy.util.test.WatchDog.cancel(): canceling Sat Apr 18 13:58:29 UTC 2020
auto.tcl: Setting watchdog for 200 seconds at Sat Apr 18 13:58:29 UTC 2020
282 ms. Memory: 51200K Free: 34418K (67%)
ptolemy.util.test.WatchDog.cancel(): canceling Sat Apr 18 13:58:29 UTC 2020
------------------ testing $PTII/ptolemy/domains/de/test/auto/TransferInputs.xml
auto.tcl: Setting watchdog for 200 seconds at Sat Apr 18 13:58:29 UTC 2020
1 ms. Memory: 51200K Free: 30950K (60%)
ptolemy.util.test.WatchDog.cancel(): canceling Sat Apr 18 13:58:29 UTC 2020
auto.tcl: Setting watchdog for 200 seconds at Sat Apr 18 13:58:29 UTC 2020
1 ms. Memory: 51200K Free: 30033K (59%)
ptolemy.util.test.WatchDog.cancel(): canceling Sat Apr 18 13:58:29 UTC 2020
------------------ testing $PTII/ptolemy/domains/de/test/auto/TransferOutputs2.xml
auto.tcl: Setting watchdog for 200 seconds at Sat Apr 18 13:58:29 UTC 2020
2 ms. Memory: 51200K Free: 28385K (55%)
ptolemy.util.test.WatchDog.cancel(): canceling Sat Apr 18 13:58:29 UTC 2020
auto.tcl: Setting watchdog for 200 seconds at Sat Apr 18 13:58:29 UTC 2020
3 ms. Memory: 51200K Free: 26977K (53%)
ptolemy.util.test.WatchDog.cancel(): canceling Sat Apr 18 13:58:29 UTC 2020
------------------ testing $PTII/ptolemy/domains/de/test/auto/Trilateration.xml
auto.tcl: Setting watchdog for 200 seconds at Sat Apr 18 13:58:29 UTC 2020
11430 ms. Memory: 532480K Free: 263281K (49%)
ptolemy.util.test.WatchDog.cancel(): canceling Sat Apr 18 13:58:42 UTC 2020
auto.tcl: Setting watchdog for 200 seconds at Sat Apr 18 13:58:42 UTC 2020
8602 ms. Memory: 532480K Free: 490358K (92%)
ptolemy.util.test.WatchDog.cancel(): canceling Sat Apr 18 13:58:50 UTC 2020
------------------ testing $PTII/ptolemy/domains/de/test/auto/TwoSigmaDelta.xml
auto.tcl: Setting watchdog for 200 seconds at Sat Apr 18 13:58:51 UTC 2020
2127 ms. Memory: 89088K Free: 24501K (28%)
ptolemy.util.test.WatchDog.cancel(): canceling Sat Apr 18 13:58:53 UTC 2020
auto.tcl: Setting watchdog for 200 seconds at Sat Apr 18 13:58:53 UTC 2020
1523 ms. Memory: 89088K Free: 23918K (27%)
ptolemy.util.test.WatchDog.cancel(): canceling Sat Apr 18 13:58:54 UTC 2020
------------------ testing $PTII/ptolemy/domains/de/test/auto/VariableDelay.xml
auto.tcl: Setting watchdog for 200 seconds at Sat Apr 18 13:58:54 UTC 2020
2 ms. Memory: 55296K Free: 35513K (64%)
ptolemy.util.test.WatchDog.cancel(): canceling Sat Apr 18 13:58:54 UTC 2020
auto.tcl: Setting watchdog for 200 seconds at Sat Apr 18 13:58:54 UTC 2020
2 ms. Memory: 55296K Free: 34519K (62%)
ptolemy.util.test.WatchDog.cancel(): canceling Sat Apr 18 13:58:54 UTC 2020
------------------ testing $PTII/ptolemy/domains/de/test/auto/VariableDelay2.xml
auto.tcl: Setting watchdog for 200 seconds at Sat Apr 18 13:58:54 UTC 2020
2 ms. Memory: 51200K Free: 32359K (63%)
ptolemy.util.test.WatchDog.cancel(): canceling Sat Apr 18 13:58:54 UTC 2020
auto.tcl: Setting watchdog for 200 seconds at Sat Apr 18 13:58:54 UTC 2020
1 ms. Memory: 51200K Free: 31335K (61%)
ptolemy.util.test.WatchDog.cancel(): canceling Sat Apr 18 13:58:54 UTC 2020
------------------ testing $PTII/ptolemy/domains/de/test/auto/VariableDelayZeroDelay.xml
auto.tcl: Setting watchdog for 200 seconds at Sat Apr 18 13:58:54 UTC 2020
2 ms. Memory: 51200K Free: 32358K (63%)
ptolemy.util.test.WatchDog.cancel(): canceling Sat Apr 18 13:58:54 UTC 2020
auto.tcl: Setting watchdog for 200 seconds at Sat Apr 18 13:58:54 UTC 2020
1 ms. Memory: 51200K Free: 31838K (62%)
ptolemy.util.test.WatchDog.cancel(): canceling Sat Apr 18 13:58:54 UTC 2020
------------------ testing $PTII/ptolemy/domains/de/test/auto/VariableDelayZeroDelay2.xml
auto.tcl: Setting watchdog for 200 seconds at Sat Apr 18 13:58:54 UTC 2020
2 ms. Memory: 51200K Free: 32357K (63%)
ptolemy.util.test.WatchDog.cancel(): canceling Sat Apr 18 13:58:54 UTC 2020
auto.tcl: Setting watchdog for 200 seconds at Sat Apr 18 13:58:54 UTC 2020
1 ms. Memory: 51200K Free: 31346K (61%)
ptolemy.util.test.WatchDog.cancel(): canceling Sat Apr 18 13:58:54 UTC 2020
------------------ testing $PTII/ptolemy/domains/de/test/auto/deInCt.xml
auto.tcl: Setting watchdog for 200 seconds at Sat Apr 18 13:58:55 UTC 2020
0
1
1
1
0
0
0
0
1
1
1
0
0
0
0
0
0
1
1
1
1
0
0
0
1
1
1
0
0
0
1
1
1
1
14 ms. Memory: 51200K Free: 31331K (61%)
ptolemy.util.test.WatchDog.cancel(): canceling Sat Apr 18 13:58:55 UTC 2020
auto.tcl: Setting watchdog for 200 seconds at Sat Apr 18 13:58:55 UTC 2020
0
1
1
1
0
0
0
1
1
1
1
0
0
0
0
0
0
0
1
1
0
0
1
1
1
0
0
0
1
1
1
0
0
0
1
1
1
1
0
0
0
7 ms. Memory: 51200K Free: 29793K (58%)
ptolemy.util.test.WatchDog.cancel(): canceling Sat Apr 18 13:58:55 UTC 2020
------------------ testing $PTII/ptolemy/domains/de/test/auto/deInCt2.xml
auto.tcl: Setting watchdog for 200 seconds at Sat Apr 18 13:58:55 UTC 2020
0
1
1
1
0
0
1
1
1
0
0
1
1
1
0
0
1
1
1
0
0
1
1
1
0
0
1
1
1
0
0
1
1
1
0
0
1
1
1
0
0
0
9 ms. Memory: 51200K Free: 31333K (61%)
ptolemy.util.test.WatchDog.cancel(): canceling Sat Apr 18 13:58:55 UTC 2020
auto.tcl: Setting watchdog for 200 seconds at Sat Apr 18 13:58:55 UTC 2020
0
1
1
1
0
0
1
1
1
0
0
1
1
1
0
0
1
1
1
0
0
1
1
1
0
0
1
1
1
0
0
1
1
1
0
0
1
1
1
0
0
0
4 ms. Memory: 51200K Free: 29789K (58%)
ptolemy.util.test.WatchDog.cancel(): canceling Sat Apr 18 13:58:55 UTC 2020
------------------ testing $PTII/ptolemy/domains/de/test/auto/dynamicCausalityInterface1.xml
auto.tcl: Setting watchdog for 200 seconds at Sat Apr 18 13:58:55 UTC 2020
1 ms. Memory: 51200K Free: 26649K (52%)
ptolemy.util.test.WatchDog.cancel(): canceling Sat Apr 18 13:58:55 UTC 2020
auto.tcl: Setting watchdog for 200 seconds at Sat Apr 18 13:58:55 UTC 2020
1 ms. Memory: 51200K Free: 26649K (52%)
ptolemy.util.test.WatchDog.cancel(): canceling Sat Apr 18 13:58:55 UTC 2020
------------------ testing $PTII/ptolemy/domains/de/test/auto/fsm_de_test.xml
auto.tcl: Setting watchdog for 200 seconds at Sat Apr 18 13:58:55 UTC 2020
6 ms. Memory: 51200K Free: 27130K (53%)
ptolemy.util.test.WatchDog.cancel(): canceling Sat Apr 18 13:58:55 UTC 2020
auto.tcl: Setting watchdog for 200 seconds at Sat Apr 18 13:58:55 UTC 2020
4 ms. Memory: 51200K Free: 25082K (49%)
ptolemy.util.test.WatchDog.cancel(): canceling Sat Apr 18 13:58:55 UTC 2020
------------------ testing $PTII/ptolemy/domains/de/test/auto/functionDependencyReconstruction.xml
auto.tcl: Setting watchdog for 200 seconds at Sat Apr 18 13:58:55 UTC 2020
2 ms. Memory: 51200K Free: 20976K (41%)
ptolemy.util.test.WatchDog.cancel(): canceling Sat Apr 18 13:58:55 UTC 2020
auto.tcl: Setting watchdog for 200 seconds at Sat Apr 18 13:58:55 UTC 2020
2 ms. Memory: 51200K Free: 18928K (37%)
ptolemy.util.test.WatchDog.cancel(): canceling Sat Apr 18 13:58:55 UTC 2020
------------------ testing $PTII/ptolemy/domains/de/test/auto/multirate.xml
auto.tcl: Setting watchdog for 200 seconds at Sat Apr 18 13:58:55 UTC 2020
3 ms. Memory: 51200K Free: 29771K (58%)
ptolemy.util.test.WatchDog.cancel(): canceling Sat Apr 18 13:58:55 UTC 2020
auto.tcl: Setting watchdog for 200 seconds at Sat Apr 18 13:58:55 UTC 2020
2 ms. Memory: 51200K Free: 28035K (55%)
ptolemy.util.test.WatchDog.cancel(): canceling Sat Apr 18 13:58:55 UTC 2020
------------------ testing $PTII/ptolemy/domains/de/test/auto/multirate2.xml
auto.tcl: Setting watchdog for 200 seconds at Sat Apr 18 13:58:55 UTC 2020
4 ms. Memory: 51200K Free: 29937K (58%)
ptolemy.util.test.WatchDog.cancel(): canceling Sat Apr 18 13:58:55 UTC 2020
auto.tcl: Setting watchdog for 200 seconds at Sat Apr 18 13:58:55 UTC 2020
2 ms. Memory: 51200K Free: 28700K (56%)
ptolemy.util.test.WatchDog.cancel(): canceling Sat Apr 18 13:58:55 UTC 2020
------------------ testing $PTII/ptolemy/domains/de/test/auto/realtime.xml
auto.tcl: Setting watchdog for 200 seconds at Sat Apr 18 13:58:55 UTC 2020
10001 ms. Memory: 51200K Free: 32003K (63%)
ptolemy.util.test.WatchDog.cancel(): canceling Sat Apr 18 13:59:05 UTC 2020
auto.tcl: Setting watchdog for 200 seconds at Sat Apr 18 13:59:05 UTC 2020
10001 ms. Memory: 51200K Free: 31278K (61%)
ptolemy.util.test.WatchDog.cancel(): canceling Sat Apr 18 13:59:15 UTC 2020
------------------ testing $PTII/ptolemy/domains/de/test/auto/relationGroup.xml
auto.tcl: Setting watchdog for 200 seconds at Sat Apr 18 13:59:15 UTC 2020
1 ms. Memory: 51200K Free: 33063K (65%)
ptolemy.util.test.WatchDog.cancel(): canceling Sat Apr 18 13:59:15 UTC 2020
auto.tcl: Setting watchdog for 200 seconds at Sat Apr 18 13:59:15 UTC 2020
2 ms. Memory: 51200K Free: 32328K (63%)
ptolemy.util.test.WatchDog.cancel(): canceling Sat Apr 18 13:59:15 UTC 2020
------------------ testing $PTII/ptolemy/domains/de/test/auto/relationGroup2.xml
auto.tcl: Setting watchdog for 200 seconds at Sat Apr 18 13:59:15 UTC 2020
1 ms. Memory: 51200K Free: 33110K (65%)
ptolemy.util.test.WatchDog.cancel(): canceling Sat Apr 18 13:59:15 UTC 2020
auto.tcl: Setting watchdog for 200 seconds at Sat Apr 18 13:59:15 UTC 2020
2 ms. Memory: 51200K Free: 32385K (63%)
ptolemy.util.test.WatchDog.cancel(): canceling Sat Apr 18 13:59:15 UTC 2020
------------------ testing $PTII/ptolemy/domains/de/test/auto/sortWithOpaquePorts.xml
auto.tcl: Setting watchdog for 200 seconds at Sat Apr 18 13:59:15 UTC 2020
1 ms. Memory: 51200K Free: 31858K (62%)
ptolemy.util.test.WatchDog.cancel(): canceling Sat Apr 18 13:59:15 UTC 2020
auto.tcl: Setting watchdog for 200 seconds at Sat Apr 18 13:59:15 UTC 2020
1 ms. Memory: 51200K Free: 30847K (60%)
ptolemy.util.test.WatchDog.cancel(): canceling Sat Apr 18 13:59:15 UTC 2020
------------------ testing $PTII/ptolemy/domains/de/test/auto/transferInputsandOutputs.xml
auto.tcl: Setting watchdog for 200 seconds at Sat Apr 18 13:59:15 UTC 2020
2 ms. Memory: 51200K Free: 29302K (57%)
ptolemy.util.test.WatchDog.cancel(): canceling Sat Apr 18 13:59:15 UTC 2020
auto.tcl: Setting watchdog for 200 seconds at Sat Apr 18 13:59:15 UTC 2020
3 ms. Memory: 51200K Free: 28288K (55%)
ptolemy.util.test.WatchDog.cancel(): canceling Sat Apr 18 13:59:15 UTC 2020
------------------ testing $PTII/ptolemy/domains/de/test/auto/triggerType.xml
auto.tcl: Setting watchdog for 200 seconds at Sat Apr 18 13:59:15 UTC 2020
1 ms. Memory: 51200K Free: 32464K (63%)
ptolemy.util.test.WatchDog.cancel(): canceling Sat Apr 18 13:59:15 UTC 2020
auto.tcl: Setting watchdog for 200 seconds at Sat Apr 18 13:59:15 UTC 2020
2 ms. Memory: 51200K Free: 31313K (61%)
ptolemy.util.test.WatchDog.cancel(): canceling Sat Apr 18 13:59:15 UTC 2020
04/18/20 01:59:15
Failed: 0  Total Tests: 192  ((Passed: 187, Newly Passed: 1)  Known Failed: 5) /home/travis/build/icyphy/ptII/ptolemy/domains/de/test
04/18/20 01:59:15
Failed: 0  Total Tests: 192  ((Passed: 187, Newly Passed: 1)  Known Failed: 5) /home/travis/build/icyphy/ptII/ptolemy/domains/de/test
----------------- testing (KnownFailure) /home/travis/build/icyphy/ptII/ptolemy/domains/de/test/auto/knownFailedTests/DESDFClockTest.xml
2013 ms. Memory: 51200K Free: 25211K (49%)
Known Failure: java.lang.reflect.InvocationTargetException
----------------- testing (KnownFailure) /home/travis/build/icyphy/ptII/ptolemy/domains/de/test/auto/knownFailedTests/DirectFeedback.xml
0 ms. Memory: 51200K Free: 21625K (42%)
Known Failure: java.lang.reflect.InvocationTargetException
----------------- testing (KnownFailure) /home/travis/build/icyphy/ptII/ptolemy/domains/de/test/auto/knownFailedTests/FSMSource.xml
11 ms. Memory: 51200K Free: 13947K (27%)
----------------- testing (KnownFailure) /home/travis/build/icyphy/ptII/ptolemy/domains/de/test/auto/knownFailedTests/HierarchicalModel.xml
2 ms. Memory: 51200K Free: 26159K (51%)
Known Failure: java.lang.reflect.InvocationTargetException
----------------- testing (KnownFailure) /home/travis/build/icyphy/ptII/ptolemy/domains/de/test/auto/knownFailedTests/dependencyLoop.xml
2 ms. Memory: 51200K Free: 10871K (21%)
Known Failure: java.lang.reflect.InvocationTargetException
----------------- testing (KnownFailure) /home/travis/build/icyphy/ptII/ptolemy/domains/de/test/auto/knownFailedTests/dependencyLoop2.xml
7 ms. Memory: 51200K Free: 23739K (46%)
Known Failure: java.lang.reflect.InvocationTargetException
No auto/linux-amd64/*.xml tests in /home/travis/build/icyphy/ptII/ptolemy/domains/de/test
AutoTests.java: About to close Vertx.
AutoTests.java: Vertx closed.

===========================================================================================
----------------- testing Sat Apr 18 13:59:18 UTC 2020 /home/travis/build/icyphy/ptII/ptolemy/domains/de/test/auto/ActorDepthCalculation_actorWithoutPorts.xml
----------------- Instantiating /home/travis/build/icyphy/ptII/ptolemy/domains/de/test/auto/ActorDepthCalculation_actorWithoutPorts.xml
2 ms. Memory: 51200K Free: 16935K (33%)
----------------- Invoking toplevel() on ptolemy.moml.MoMLSimpleApplication@3f8ab9c0
----------------- Done invoking toplevel() on ptolemy.moml.MoMLSimpleApplication@3f8ab9c0
reloadAllAccessors: .ActorDepthCalculation_actorWithoutPorts

===========================================================================================
----------------- testing Sat Apr 18 13:59:18 UTC 2020 /home/travis/build/icyphy/ptII/ptolemy/domains/de/test/auto/AssemblyLine.xml
----------------- Instantiating /home/travis/build/icyphy/ptII/ptolemy/domains/de/test/auto/AssemblyLine.xml
5 ms. Memory: 51200K Free: 10090K (20%)
----------------- Invoking toplevel() on ptolemy.moml.MoMLSimpleApplication@779b0cc0
----------------- Done invoking toplevel() on ptolemy.moml.MoMLSimpleApplication@779b0cc0
reloadAllAccessors: .AssemblyLine

===========================================================================================
----------------- testing Sat Apr 18 13:59:18 UTC 2020 /home/travis/build/icyphy/ptII/ptolemy/domains/de/test/auto/CQBug1.xml
----------------- Instantiating /home/travis/build/icyphy/ptII/ptolemy/domains/de/test/auto/CQBug1.xml
1 ms. Memory: 51200K Free: 34944K (68%)
----------------- Invoking toplevel() on ptolemy.moml.MoMLSimpleApplication@74e87ab1
----------------- Done invoking toplevel() on ptolemy.moml.MoMLSimpleApplication@74e87ab1
reloadAllAccessors: .CQBug1

===========================================================================================
----------------- testing Sat Apr 18 13:59:18 UTC 2020 /home/travis/build/icyphy/ptII/ptolemy/domains/de/test/auto/CancelFireAt.xml
----------------- Instantiating /home/travis/build/icyphy/ptII/ptolemy/domains/de/test/auto/CancelFireAt.xml
4 ms. Memory: 51200K Free: 32423K (63%)
----------------- Invoking toplevel() on ptolemy.moml.MoMLSimpleApplication@500c38ca
----------------- Done invoking toplevel() on ptolemy.moml.MoMLSimpleApplication@500c38ca
reloadAllAccessors: .CancelFireAt

===========================================================================================
----------------- testing Sat Apr 18 13:59:18 UTC 2020 /home/travis/build/icyphy/ptII/ptolemy/domains/de/test/auto/CausalityAndComposabilityAnalysis.xml
----------------- Instantiating /home/travis/build/icyphy/ptII/ptolemy/domains/de/test/auto/CausalityAndComposabilityAnalysis.xml
11 ms. Memory: 51200K Free: 28159K (55%)
----------------- Invoking toplevel() on ptolemy.moml.MoMLSimpleApplication@6684729f
----------------- Done invoking toplevel() on ptolemy.moml.MoMLSimpleApplication@6684729f
reloadAllAccessors: .CausalityAndComposabilityAnalysis

===========================================================================================
----------------- testing Sat Apr 18 13:59:18 UTC 2020 /home/travis/build/icyphy/ptII/ptolemy/domains/de/test/auto/CausalityInterface1.xml
----------------- Instantiating /home/travis/build/icyphy/ptII/ptolemy/domains/de/test/auto/CausalityInterface1.xml
4 ms. Memory: 51200K Free: 23055K (45%)
----------------- Invoking toplevel() on ptolemy.moml.MoMLSimpleApplication@34b0b8b6
----------------- Done invoking toplevel() on ptolemy.moml.MoMLSimpleApplication@34b0b8b6
reloadAllAccessors: .CausalityInterface1

===========================================================================================
----------------- testing Sat Apr 18 13:59:18 UTC 2020 /home/travis/build/icyphy/ptII/ptolemy/domains/de/test/auto/CausalityInterface15.xml
----------------- Instantiating /home/travis/build/icyphy/ptII/ptolemy/domains/de/test/auto/CausalityInterface15.xml
2 ms. Memory: 51200K Free: 17863K (35%)
----------------- Invoking toplevel() on ptolemy.moml.MoMLSimpleApplication@17e55211
----------------- Done invoking toplevel() on ptolemy.moml.MoMLSimpleApplication@17e55211
reloadAllAccessors: .CausalityInterface15

===========================================================================================
----------------- testing Sat Apr 18 13:59:18 UTC 2020 /home/travis/build/icyphy/ptII/ptolemy/domains/de/test/auto/CausalityInterface2.xml
----------------- Instantiating /home/travis/build/icyphy/ptII/ptolemy/domains/de/test/auto/CausalityInterface2.xml
3 ms. Memory: 51200K Free: 13199K (26%)
[...]
	at ptolemy.actor.Manager.run(Manager.java:1263)
	at ptolemy.actor.Manager$PtolemyRunThread.run(Manager.java:1933)
java.lang.RuntimeException: Execution failed
	at ptolemy.moml.MoMLSimpleApplication$UnloadThread.run(MoMLSimpleApplication.java:402)
Caused by: ptolemy.kernel.util.IllegalActionException: Actor is not ready to fire.  Perhaps UpSample.prefire() returned false? Try debugging the actor by selecting "Listen to Actor".  Also, for SDF check moml for tokenConsumptionRate on input.
  in .DESDFClockTest.Play Bell.Copy1:SDF Director and .DESDFClockTest.Play Bell.UpSample
	at ptolemy.actor.sched.StaticSchedulingDirector.fire(StaticSchedulingDirector.java:227)
	at ptolemy.domains.sdf.kernel.SDFDirector.fire(SDFDirector.java:500)
	at ptolemy.actor.CompositeActor.fire(CompositeActor.java:455)
	at ptolemy.domains.de.kernel.DEDirector._fire(DEDirector.java:1949)
	at ptolemy.domains.de.kernel.DEDirector.fire(DEDirector.java:502)
	at ptolemy.actor.CompositeActor.fire(CompositeActor.java:455)
	at ptolemy.actor.Manager.iterate(Manager.java:851)
	at ptolemy.actor.Manager.execute(Manager.java:369)
	at ptolemy.actor.Manager.run(Manager.java:1263)
	at ptolemy.actor.Manager$PtolemyRunThread.run(Manager.java:1933)
java.lang.reflect.InvocationTargetException
	at java.base/jdk.internal.reflect.NativeConstructorAccessorImpl.newInstance0(Native Method)
	at java.base/jdk.internal.reflect.NativeConstructorAccessorImpl.newInstance(NativeConstructorAccessorImpl.java:62)
	at java.base/jdk.internal.reflect.DelegatingConstructorAccessorImpl.newInstance(DelegatingConstructorAccessorImpl.java:45)
	at java.base/java.lang.reflect.Constructor.newInstance(Constructor.java:490)
	at ptolemy.util.test.junit.AutoKnownFailedTests.RunModel(AutoKnownFailedTests.java:105)
	at java.base/jdk.internal.reflect.NativeMethodAccessorImpl.invoke0(Native Method)
	at java.base/jdk.internal.reflect.NativeMethodAccessorImpl.invoke(NativeMethodAccessorImpl.java:62)
	at java.base/jdk.internal.reflect.DelegatingMethodAccessorImpl.invoke(DelegatingMethodAccessorImpl.java:43)
	at java.base/java.lang.reflect.Method.invoke(Method.java:566)
	at org.junit.runners.model.FrameworkMethod$1.runReflectiveCall(FrameworkMethod.java:44)
	at org.junit.internal.runners.model.ReflectiveCallable.run(ReflectiveCallable.java:15)
	at org.junit.runners.model.FrameworkMethod.invokeExplosively(FrameworkMethod.java:41)
	at junitparams.internal.InvokeParameterisedMethod.evaluate(InvokeParameterisedMethod.java:102)
	at org.junit.internal.runners.statements.FailOnTimeout$1.run(FailOnTimeout.java:28)
Caused by: ptolemy.kernel.util.IllegalActionException: Actor is not ready to fire.  Perhaps UpSample.prefire() returned false? Try debugging the actor by selecting "Listen to Actor".  Also, for SDF check moml for tokenConsumptionRate on input.
  in .DESDFClockTest.Play Bell.Copy1:SDF Director and .DESDFClockTest.Play Bell.UpSample
	at ptolemy.actor.sched.StaticSchedulingDirector.fire(StaticSchedulingDirector.java:227)
	at ptolemy.domains.sdf.kernel.SDFDirector.fire(SDFDirector.java:500)
	at ptolemy.actor.CompositeActor.fire(CompositeActor.java:455)
	at ptolemy.domains.de.kernel.DEDirector._fire(DEDirector.java:1949)
	at ptolemy.domains.de.kernel.DEDirector.fire(DEDirector.java:502)
	at ptolemy.actor.CompositeActor.fire(CompositeActor.java:455)
	at ptolemy.actor.Manager.iterate(Manager.java:851)
	at ptolemy.actor.Manager.execute(Manager.java:369)
	at ptolemy.actor.Manager.run(Manager.java:1263)
	at ptolemy.actor.Manager$PtolemyRunThread.run(Manager.java:1933)
java.lang.RuntimeException: Execution failed
	at ptolemy.moml.MoMLSimpleApplication$UnloadThread.run(MoMLSimpleApplication.java:402)
Caused by: ptolemy.kernel.util.IllegalActionException: Test fails in iteration 1.
Value was: 1.0. Should have been: 2.0
  in .DirectFeedback.Test
	at ptolemy.actor.lib.Test.fire(Test.java:268)
	at ptolemy.domains.de.kernel.DEDirector._fire(DEDirector.java:1949)
	at ptolemy.domains.de.kernel.DEDirector.fire(DEDirector.java:502)
	at ptolemy.actor.CompositeActor.fire(CompositeActor.java:455)
	at ptolemy.actor.Manager.iterate(Manager.java:851)
	at ptolemy.actor.Manager.execute(Manager.java:369)
	at ptolemy.actor.Manager.run(Manager.java:1263)
	at ptolemy.actor.Manager$PtolemyRunThread.run(Manager.java:1933)
java.lang.reflect.InvocationTargetException
	at java.base/jdk.internal.reflect.NativeConstructorAccessorImpl.newInstance0(Native Method)
	at java.base/jdk.internal.reflect.NativeConstructorAccessorImpl.newInstance(NativeConstructorAccessorImpl.java:62)
	at java.base/jdk.internal.reflect.DelegatingConstructorAccessorImpl.newInstance(DelegatingConstructorAccessorImpl.java:45)
	at java.base/java.lang.reflect.Constructor.newInstance(Constructor.java:490)
	at ptolemy.util.test.junit.AutoKnownFailedTests.RunModel(AutoKnownFailedTests.java:105)
	at java.base/jdk.internal.reflect.NativeMethodAccessorImpl.invoke0(Native Method)
	at java.base/jdk.internal.reflect.NativeMethodAccessorImpl.invoke(NativeMethodAccessorImpl.java:62)
	at java.base/jdk.internal.reflect.DelegatingMethodAccessorImpl.invoke(DelegatingMethodAccessorImpl.java:43)
	at java.base/java.lang.reflect.Method.invoke(Method.java:566)
	at org.junit.runners.model.FrameworkMethod$1.runReflectiveCall(FrameworkMethod.java:44)
	at org.junit.internal.runners.model.ReflectiveCallable.run(ReflectiveCallable.java:15)
	at org.junit.runners.model.FrameworkMethod.invokeExplosively(FrameworkMethod.java:41)
	at junitparams.internal.InvokeParameterisedMethod.evaluate(InvokeParameterisedMethod.java:102)
	at org.junit.internal.runners.statements.FailOnTimeout$1.run(FailOnTimeout.java:28)
Caused by: ptolemy.kernel.util.IllegalActionException: Test fails in iteration 1.
Value was: 1.0. Should have been: 2.0
  in .DirectFeedback.Test
	at ptolemy.actor.lib.Test.fire(Test.java:268)
	at ptolemy.domains.de.kernel.DEDirector._fire(DEDirector.java:1949)
	at ptolemy.domains.de.kernel.DEDirector.fire(DEDirector.java:502)
	at ptolemy.actor.CompositeActor.fire(CompositeActor.java:455)
	at ptolemy.actor.Manager.iterate(Manager.java:851)
	at ptolemy.actor.Manager.execute(Manager.java:369)
	at ptolemy.actor.Manager.run(Manager.java:1263)
	at ptolemy.actor.Manager$PtolemyRunThread.run(Manager.java:1933)
java.lang.RuntimeException: Execution failed
	at ptolemy.moml.MoMLSimpleApplication$UnloadThread.run(MoMLSimpleApplication.java:402)
Caused by: ptolemy.kernel.util.IllegalActionException: Found a zero delay loop containing .HierarchicalModel.A
  in .HierarchicalModel and .HierarchicalModel.A
	at ptolemy.actor.util.CausalityInterfaceForComposites._computeOutputPortDepth(CausalityInterfaceForComposites.java:759)
	at ptolemy.actor.util.CausalityInterfaceForComposites._computeInputDepth(CausalityInterfaceForComposites.java:696)
	at ptolemy.actor.util.CausalityInterfaceForComposites._computeOutputPortDepth(CausalityInterfaceForComposites.java:765)
	at ptolemy.actor.util.CausalityInterfaceForComposites._computeInputDepth(CausalityInterfaceForComposites.java:696)
	at ptolemy.actor.util.CausalityInterfaceForComposites._computeOutputPortDepth(CausalityInterfaceForComposites.java:765)
	at ptolemy.actor.util.CausalityInterfaceForComposites._computeInputDepth(CausalityInterfaceForComposites.java:696)
	at ptolemy.actor.util.CausalityInterfaceForComposites._computeActorDepth(CausalityInterfaceForComposites.java:532)
	at ptolemy.actor.util.CausalityInterfaceForComposites.checkForCycles(CausalityInterfaceForComposites.java:96)
	at ptolemy.domains.de.kernel.DEDirector.preinitialize(DEDirector.java:1338)
	at ptolemy.actor.CompositeActor.preinitialize(CompositeActor.java:1828)
	at ptolemy.actor.Manager.preinitializeAndResolveTypes(Manager.java:1040)
	at ptolemy.actor.Manager.initialize(Manager.java:710)
	at ptolemy.actor.Manager.execute(Manager.java:356)
	at ptolemy.actor.Manager.run(Manager.java:1263)
	at ptolemy.actor.Manager$PtolemyRunThread.run(Manager.java:1933)
java.lang.reflect.InvocationTargetException
	at java.base/jdk.internal.reflect.NativeConstructorAccessorImpl.newInstance0(Native Method)
	at java.base/jdk.internal.reflect.NativeConstructorAccessorImpl.newInstance(NativeConstructorAccessorImpl.java:62)
	at java.base/jdk.internal.reflect.DelegatingConstructorAccessorImpl.newInstance(DelegatingConstructorAccessorImpl.java:45)
	at java.base/java.lang.reflect.Constructor.newInstance(Constructor.java:490)
	at ptolemy.util.test.junit.AutoKnownFailedTests.RunModel(AutoKnownFailedTests.java:105)
	at java.base/jdk.internal.reflect.NativeMethodAccessorImpl.invoke0(Native Method)
	at java.base/jdk.internal.reflect.NativeMethodAccessorImpl.invoke(NativeMethodAccessorImpl.java:62)
	at java.base/jdk.internal.reflect.DelegatingMethodAccessorImpl.invoke(DelegatingMethodAccessorImpl.java:43)
	at java.base/java.lang.reflect.Method.invoke(Method.java:566)
	at org.junit.runners.model.FrameworkMethod$1.runReflectiveCall(FrameworkMethod.java:44)
	at org.junit.internal.runners.model.ReflectiveCallable.run(ReflectiveCallable.java:15)
	at org.junit.runners.model.FrameworkMethod.invokeExplosively(FrameworkMethod.java:41)
	at junitparams.internal.InvokeParameterisedMethod.evaluate(InvokeParameterisedMethod.java:102)
	at org.junit.internal.runners.statements.FailOnTimeout$1.run(FailOnTimeout.java:28)
Caused by: ptolemy.kernel.util.IllegalActionException: Found a zero delay loop containing .HierarchicalModel.A
  in .HierarchicalModel and .HierarchicalModel.A
	at ptolemy.actor.util.CausalityInterfaceForComposites._computeOutputPortDepth(CausalityInterfaceForComposites.java:759)
	at ptolemy.actor.util.CausalityInterfaceForComposites._computeInputDepth(CausalityInterfaceForComposites.java:696)
	at ptolemy.actor.util.CausalityInterfaceForComposites._computeOutputPortDepth(CausalityInterfaceForComposites.java:765)
	at ptolemy.actor.util.CausalityInterfaceForComposites._computeInputDepth(CausalityInterfaceForComposites.java:696)
	at ptolemy.actor.util.CausalityInterfaceForComposites._computeOutputPortDepth(CausalityInterfaceForComposites.java:765)
	at ptolemy.actor.util.CausalityInterfaceForComposites._computeInputDepth(CausalityInterfaceForComposites.java:696)
	at ptolemy.actor.util.CausalityInterfaceForComposites._computeActorDepth(CausalityInterfaceForComposites.java:532)
	at ptolemy.actor.util.CausalityInterfaceForComposites.checkForCycles(CausalityInterfaceForComposites.java:96)
	at ptolemy.domains.de.kernel.DEDirector.preinitialize(DEDirector.java:1338)
	at ptolemy.actor.CompositeActor.preinitialize(CompositeActor.java:1828)
	at ptolemy.actor.Manager.preinitializeAndResolveTypes(Manager.java:1040)
	at ptolemy.actor.Manager.initialize(Manager.java:710)
	at ptolemy.actor.Manager.execute(Manager.java:356)
	at ptolemy.actor.Manager.run(Manager.java:1263)
	at ptolemy.actor.Manager$PtolemyRunThread.run(Manager.java:1933)
java.lang.RuntimeException: Execution failed
	at ptolemy.moml.MoMLSimpleApplication$UnloadThread.run(MoMLSimpleApplication.java:402)
Caused by: ptolemy.kernel.util.IllegalActionException: Found a zero delay loop containing .dependencyLoop.original
  in .dependencyLoop and .dependencyLoop.original
	at ptolemy.actor.util.CausalityInterfaceForComposites._computeOutputPortDepth(CausalityInterfaceForComposites.java:759)
	at ptolemy.actor.util.CausalityInterfaceForComposites._computeInputDepth(CausalityInterfaceForComposites.java:696)
	at ptolemy.actor.util.CausalityInterfaceForComposites._computeOutputPortDepth(CausalityInterfaceForComposites.java:765)
	at ptolemy.actor.util.CausalityInterfaceForComposites._computeInputDepth(CausalityInterfaceForComposites.java:696)
	at ptolemy.actor.util.CausalityInterfaceForComposites._computeOutputPortDepth(CausalityInterfaceForComposites.java:765)
	at ptolemy.actor.util.CausalityInterfaceForComposites._computeInputDepth(CausalityInterfaceForComposites.java:696)
	at ptolemy.actor.util.CausalityInterfaceForComposites._computeActorDepth(CausalityInterfaceForComposites.java:532)
	at ptolemy.actor.util.CausalityInterfaceForComposites.checkForCycles(CausalityInterfaceForComposites.java:96)
	at ptolemy.domains.de.kernel.DEDirector.preinitialize(DEDirector.java:1338)
	at ptolemy.actor.CompositeActor.preinitialize(CompositeActor.java:1828)
	at ptolemy.actor.Manager.preinitializeAndResolveTypes(Manager.java:1040)
	at ptolemy.actor.Manager.initialize(Manager.java:710)
	at ptolemy.actor.Manager.execute(Manager.java:356)
	at ptolemy.actor.Manager.run(Manager.java:1263)
	at ptolemy.actor.Manager$PtolemyRunThread.run(Manager.java:1933)
java.lang.reflect.InvocationTargetException
	at java.base/jdk.internal.reflect.NativeConstructorAccessorImpl.newInstance0(Native Method)
	at java.base/jdk.internal.reflect.NativeConstructorAccessorImpl.newInstance(NativeConstructorAccessorImpl.java:62)
	at java.base/jdk.internal.reflect.DelegatingConstructorAccessorImpl.newInstance(DelegatingConstructorAccessorImpl.java:45)
	at java.base/java.lang.reflect.Constructor.newInstance(Constructor.java:490)
	at ptolemy.util.test.junit.AutoKnownFailedTests.RunModel(AutoKnownFailedTests.java:105)
	at java.base/jdk.internal.reflect.NativeMethodAccessorImpl.invoke0(Native Method)
	at java.base/jdk.internal.reflect.NativeMethodAccessorImpl.invoke(NativeMethodAccessorImpl.java:62)
	at java.base/jdk.internal.reflect.DelegatingMethodAccessorImpl.invoke(DelegatingMethodAccessorImpl.java:43)
	at java.base/java.lang.reflect.Method.invoke(Method.java:566)
	at org.junit.runners.model.FrameworkMethod$1.runReflectiveCall(FrameworkMethod.java:44)
	at org.junit.internal.runners.model.ReflectiveCallable.run(ReflectiveCallable.java:15)
	at org.junit.runners.model.FrameworkMethod.invokeExplosively(FrameworkMethod.java:41)
	at junitparams.internal.InvokeParameterisedMethod.evaluate(InvokeParameterisedMethod.java:102)
	at org.junit.internal.runners.statements.FailOnTimeout$1.run(FailOnTimeout.java:28)
Caused by: ptolemy.kernel.util.IllegalActionException: Found a zero delay loop containing .dependencyLoop.original
  in .dependencyLoop and .dependencyLoop.original
	at ptolemy.actor.util.CausalityInterfaceForComposites._computeOutputPortDepth(CausalityInterfaceForComposites.java:759)
	at ptolemy.actor.util.CausalityInterfaceForComposites._computeInputDepth(CausalityInterfaceForComposites.java:696)
	at ptolemy.actor.util.CausalityInterfaceForComposites._computeOutputPortDepth(CausalityInterfaceForComposites.java:765)
	at ptolemy.actor.util.CausalityInterfaceForComposites._computeInputDepth(CausalityInterfaceForComposites.java:696)
	at ptolemy.actor.util.CausalityInterfaceForComposites._computeOutputPortDepth(CausalityInterfaceForComposites.java:765)
	at ptolemy.actor.util.CausalityInterfaceForComposites._computeInputDepth(CausalityInterfaceForComposites.java:696)
	at ptolemy.actor.util.CausalityInterfaceForComposites._computeActorDepth(CausalityInterfaceForComposites.java:532)
	at ptolemy.actor.util.CausalityInterfaceForComposites.checkForCycles(CausalityInterfaceForComposites.java:96)
	at ptolemy.domains.de.kernel.DEDirector.preinitialize(DEDirector.java:1338)
	at ptolemy.actor.CompositeActor.preinitialize(CompositeActor.java:1828)
	at ptolemy.actor.Manager.preinitializeAndResolveTypes(Manager.java:1040)
	at ptolemy.actor.Manager.initialize(Manager.java:710)
	at ptolemy.actor.Manager.execute(Manager.java:356)
	at ptolemy.actor.Manager.run(Manager.java:1263)
	at ptolemy.actor.Manager$PtolemyRunThread.run(Manager.java:1933)
java.lang.RuntimeException: Execution failed
	at ptolemy.moml.MoMLSimpleApplication$UnloadThread.run(MoMLSimpleApplication.java:402)
Caused by: ptolemy.kernel.util.IllegalActionException: Found a zero delay loop containing .dependencyLoop2.original
  in .dependencyLoop2 and .dependencyLoop2.original
	at ptolemy.actor.util.CausalityInterfaceForComposites._computeOutputPortDepth(CausalityInterfaceForComposites.java:759)
	at ptolemy.actor.util.CausalityInterfaceForComposites._computeInputDepth(CausalityInterfaceForComposites.java:696)
	at ptolemy.actor.util.CausalityInterfaceForComposites._computeOutputPortDepth(CausalityInterfaceForComposites.java:765)
	at ptolemy.actor.util.CausalityInterfaceForComposites._computeInputDepth(CausalityInterfaceForComposites.java:696)
	at ptolemy.actor.util.CausalityInterfaceForComposites._computeOutputPortDepth(CausalityInterfaceForComposites.java:765)
	at ptolemy.actor.util.CausalityInterfaceForComposites._computeInputDepth(CausalityInterfaceForComposites.java:696)
	at ptolemy.actor.util.CausalityInterfaceForComposites._computeActorDepth(CausalityInterfaceForComposites.java:532)
	at ptolemy.actor.util.CausalityInterfaceForComposites.checkForCycles(CausalityInterfaceForComposites.java:96)
	at ptolemy.domains.de.kernel.DEDirector.preinitialize(DEDirector.java:1338)
	at ptolemy.actor.CompositeActor.preinitialize(CompositeActor.java:1828)
	at ptolemy.actor.Manager.preinitializeAndResolveTypes(Manager.java:1040)
	at ptolemy.actor.Manager.initialize(Manager.java:710)
	at ptolemy.actor.Manager.execute(Manager.java:356)
	at ptolemy.actor.Manager.run(Manager.java:1263)
	at ptolemy.actor.Manager$PtolemyRunThread.run(Manager.java:1933)
java.lang.reflect.InvocationTargetException
	at java.base/jdk.internal.reflect.NativeConstructorAccessorImpl.newInstance0(Native Method)
	at java.base/jdk.internal.reflect.NativeConstructorAccessorImpl.newInstance(NativeConstructorAccessorImpl.java:62)
	at java.base/jdk.internal.reflect.DelegatingConstructorAccessorImpl.newInstance(DelegatingConstructorAccessorImpl.java:45)
	at java.base/java.lang.reflect.Constructor.newInstance(Constructor.java:490)
	at ptolemy.util.test.junit.AutoKnownFailedTests.RunModel(AutoKnownFailedTests.java:105)
	at java.base/jdk.internal.reflect.NativeMethodAccessorImpl.invoke0(Native Method)
	at java.base/jdk.internal.reflect.NativeMethodAccessorImpl.invoke(NativeMethodAccessorImpl.java:62)
	at java.base/jdk.internal.reflect.DelegatingMethodAccessorImpl.invoke(DelegatingMethodAccessorImpl.java:43)
	at java.base/java.lang.reflect.Method.invoke(Method.java:566)
	at org.junit.runners.model.FrameworkMethod$1.runReflectiveCall(FrameworkMethod.java:44)
	at org.junit.internal.runners.model.ReflectiveCallable.run(ReflectiveCallable.java:15)
	at org.junit.runners.model.FrameworkMethod.invokeExplosively(FrameworkMethod.java:41)
	at junitparams.internal.InvokeParameterisedMethod.evaluate(InvokeParameterisedMethod.java:102)
	at org.junit.internal.runners.statements.FailOnTimeout$1.run(FailOnTimeout.java:28)
Caused by: ptolemy.kernel.util.IllegalActionException: Found a zero delay loop containing .dependencyLoop2.original
  in .dependencyLoop2 and .dependencyLoop2.original
	at ptolemy.actor.util.CausalityInterfaceForComposites._computeOutputPortDepth(CausalityInterfaceForComposites.java:759)
	at ptolemy.actor.util.CausalityInterfaceForComposites._computeInputDepth(CausalityInterfaceForComposites.java:696)
	at ptolemy.actor.util.CausalityInterfaceForComposites._computeOutputPortDepth(CausalityInterfaceForComposites.java:765)
	at ptolemy.actor.util.CausalityInterfaceForComposites._computeInputDepth(CausalityInterfaceForComposites.java:696)
	at ptolemy.actor.util.CausalityInterfaceForComposites._computeOutputPortDepth(CausalityInterfaceForComposites.java:765)
	at ptolemy.actor.util.CausalityInterfaceForComposites._computeInputDepth(CausalityInterfaceForComposites.java:696)
	at ptolemy.actor.util.CausalityInterfaceForComposites._computeActorDepth(CausalityInterfaceForComposites.java:532)
	at ptolemy.actor.util.CausalityInterfaceForComposites.checkForCycles(CausalityInterfaceForComposites.java:96)
	at ptolemy.domains.de.kernel.DEDirector.preinitialize(DEDirector.java:1338)
	at ptolemy.actor.CompositeActor.preinitialize(CompositeActor.java:1828)
	at ptolemy.actor.Manager.preinitializeAndResolveTypes(Manager.java:1040)
	at ptolemy.actor.Manager.initialize(Manager.java:710)
	at ptolemy.actor.Manager.execute(Manager.java:356)
	at ptolemy.actor.Manager.run(Manager.java:1263)
	at ptolemy.actor.Manager$PtolemyRunThread.run(Manager.java:1933)
]]></system-err>
</testsuite>
