<?xml version="1.0" encoding="UTF-8" ?>
<testsuite errors="5" failures="0" hostname="travis-job-ffb0a6c3-2514-4882-a5bf-48d17c22915e" name="org.hlacerti.test.junit.JUnitTclTest" skipped="0" tests="33" time="211.668" timestamp="2022-07-06T02:11:38">
  <properties>
[...]
</properties>
  <testcase classname="ptolemy.util.test.junit.TclTests" name="[0] ThereAreNoTclTests (RunTclFile)" time="0.013" />
  <testcase classname="ptolemy.util.test.junit.AutoKnownFailedTests" name="[0] ThereAreNoKnowFailedTests (RunModel)" time="0.002" />
  <testcase classname="ptolemy.util.test.junit.AutoNameArchTests" name="[0] ThereAreNoAutoArchTests (RunModel)" time="0.027" />
  <testcase classname="ptolemy.util.test.junit.AutoTests" name="[0] /home/travis/build/icyphy/ptII/org/hlacerti/test/auto/1ProdNER1ConsNER.xml (RunModel)" time="7.682" />
  <testcase classname="ptolemy.util.test.junit.AutoTests" name="[1] /home/travis/build/icyphy/ptII/org/hlacerti/test/auto/1ProdNER1ConsNER_1516.xml (RunModel)" time="7.365" />
  <testcase classname="ptolemy.util.test.junit.AutoTests" name="[2] /home/travis/build/icyphy/ptII/org/hlacerti/test/auto/1ProdNER1ConsTAR.xml (RunModel)" time="7.188" />
  <testcase classname="ptolemy.util.test.junit.AutoTests" name="[3] /home/travis/build/icyphy/ptII/org/hlacerti/test/auto/1ProdNER1ConsTAR_1516.xml (RunModel)" time="7.159" />
  <testcase classname="ptolemy.util.test.junit.AutoTests" name="[4] /home/travis/build/icyphy/ptII/org/hlacerti/test/auto/1ProdTAR1ConsNER.xml (RunModel)" time="7.138" />
  <testcase classname="ptolemy.util.test.junit.AutoTests" name="[5] /home/travis/build/icyphy/ptII/org/hlacerti/test/auto/1ProdTAR1ConsNER_1516.xml (RunModel)" time="7.118" />
  <testcase classname="ptolemy.util.test.junit.AutoTests" name="[6] /home/travis/build/icyphy/ptII/org/hlacerti/test/auto/1ProdTAR1ConsTAR.xml (RunModel)" time="7.106" />
  <testcase classname="ptolemy.util.test.junit.AutoTests" name="[7] /home/travis/build/icyphy/ptII/org/hlacerti/test/auto/1ProdTAR1ConsTAR_1516.xml (RunModel)" time="7.21" />
  <testcase classname="ptolemy.util.test.junit.AutoTests" name="[8] /home/travis/build/icyphy/ptII/org/hlacerti/test/auto/1PublisherBadAttributeN.xml (RunModel)" time="6.582" />
  <testcase classname="ptolemy.util.test.junit.AutoTests" name="[9] /home/travis/build/icyphy/ptII/org/hlacerti/test/auto/1PublisherBadAttributeN_1516.xml (RunModel)" time="6.687">
    <error type="java.lang.reflect.InvocationTargetException">java.lang.reflect.InvocationTargetException
	at java.base/jdk.internal.reflect.NativeConstructorAccessorImpl.newInstance0(Native Method)
	at java.base/jdk.internal.reflect.NativeConstructorAccessorImpl.newInstance(NativeConstructorAccessorImpl.java:62)
	at java.base/jdk.internal.reflect.DelegatingConstructorAccessorImpl.newInstance(DelegatingConstructorAccessorImpl.java:45)
	at java.base/java.lang.reflect.Constructor.newInstance(Constructor.java:490)
	at ptolemy.util.test.junit.AutoTests.RunModel(AutoTests.java:193)
	at java.base/jdk.internal.reflect.NativeMethodAccessorImpl.invoke0(Native Method)
	at java.base/jdk.internal.reflect.NativeMethodAccessorImpl.invoke(NativeMethodAccessorImpl.java:62)
	at java.base/jdk.internal.reflect.DelegatingMethodAccessorImpl.invoke(DelegatingMethodAccessorImpl.java:43)
	at junitparams.internal.InvokeParameterisedMethod.evaluate(InvokeParameterisedMethod.java:102)
Caused by: ptolemy.kernel.util.IllegalActionException: Expected:
NameNotFound: unknownValue is not a HLA attribute value from the FOM (see .fed file).
Because:
unknownValue
But got:
RTIG could not find FED file: 1PublisherBadAttributeName.xml
  in .1PublisherBadAttributeN_1516.HlaManager
Because:
Module not found
  in .1PublisherBadAttributeN_1516.TestExceptionAttribute
Because:
RTIG could not find FED file: 1PublisherBadAttributeName.xml
  in .1PublisherBadAttributeN_1516.HlaManager
Because:
Module not found
	at ptolemy.actor.lib.TestExceptionAttribute.handleException(TestExceptionAttribute.java:179)
	at ptolemy.actor.Manager.execute(Manager.java:476)
	at ptolemy.actor.Manager.run(Manager.java:1263)
	at ptolemy.actor.Manager$PtolemyRunThread.run(Manager.java:1933)
Caused by: ptolemy.kernel.util.IllegalActionException: RTIG could not find FED file: 1PublisherBadAttributeName.xml
  in .1PublisherBadAttributeN_1516.HlaManager
Because:
Module not found
	at org.hlacerti.lib.HlaManager1516e.initialize(HlaManager1516e.java:787)
	at org.hlacerti.lib.HlaManager.initialize(HlaManager.java:900)
	at ptolemy.actor.CompositeActor.initialize(CompositeActor.java:912)
	at ptolemy.actor.Manager.initialize(Manager.java:724)
	at ptolemy.actor.Manager.execute(Manager.java:356)
Caused by: hla.rti1516e.exceptions.CouldNotOpenFDD: Module not found
	at certi.rti1516e.impl.CertiRtiAmbassador.translateException(CertiRtiAmbassador.java:4042)
	at certi.rti1516e.impl.CertiRtiAmbassador.processRequest(CertiRtiAmbassador.java:3948)
	at certi.rti1516e.impl.CertiRtiAmbassador.createFederationExecution(CertiRtiAmbassador.java:424)
	at org.hlacerti.lib.HlaManager1516e.initialize(HlaManager1516e.java:751)
</error>
  </testcase>
  <testcase classname="ptolemy.util.test.junit.AutoTests" name="[10] /home/travis/build/icyphy/ptII/org/hlacerti/test/auto/1PublisherBadClassN.xml (RunModel)" time="6.557" />
  <testcase classname="ptolemy.util.test.junit.AutoTests" name="[11] /home/travis/build/icyphy/ptII/org/hlacerti/test/auto/1PublisherBadClassN_1516.xml (RunModel)" time="6.662" />
  <testcase classname="ptolemy.util.test.junit.AutoTests" name="[12] /home/travis/build/icyphy/ptII/org/hlacerti/test/auto/1SubscriberBadAttributeN.xml (RunModel)" time="6.55" />
  <testcase classname="ptolemy.util.test.junit.AutoTests" name="[13] /home/travis/build/icyphy/ptII/org/hlacerti/test/auto/1SubscriberBadAttributeN_1516.xml (RunModel)" time="6.685" />
  <testcase classname="ptolemy.util.test.junit.AutoTests" name="[14] /home/travis/build/icyphy/ptII/org/hlacerti/test/auto/1SubscriberBadClassN.xml (RunModel)" time="6.542" />
  <testcase classname="ptolemy.util.test.junit.AutoTests" name="[15] /home/travis/build/icyphy/ptII/org/hlacerti/test/auto/1SubscriberBadClassN_1516.xml (RunModel)" time="6.667" />
  <testcase classname="ptolemy.util.test.junit.AutoTests" name="[16] /home/travis/build/icyphy/ptII/org/hlacerti/test/auto/1Value2Instances.xml (RunModel)" time="7.168" />
  <testcase classname="ptolemy.util.test.junit.AutoTests" name="[17] /home/travis/build/icyphy/ptII/org/hlacerti/test/auto/1Value2Instances_1516.xml (RunModel)" time="6.707">
    <error type="java.lang.reflect.InvocationTargetException">java.lang.reflect.InvocationTargetException
	at jdk.internal.reflect.GeneratedConstructorAccessor17.newInstance(Unknown Source)
	at java.base/jdk.internal.reflect.DelegatingConstructorAccessorImpl.newInstance(DelegatingConstructorAccessorImpl.java:45)
	at java.base/java.lang.reflect.Constructor.newInstance(Constructor.java:490)
	at ptolemy.util.test.junit.AutoTests.RunModel(AutoTests.java:193)
	at jdk.internal.reflect.GeneratedMethodAccessor1.invoke(Unknown Source)
	at java.base/jdk.internal.reflect.DelegatingMethodAccessorImpl.invoke(DelegatingMethodAccessorImpl.java:43)
	at junitparams.internal.InvokeParameterisedMethod.evaluate(InvokeParameterisedMethod.java:102)
Caused by: ptolemy.kernel.util.IllegalActionException: Execution failed.
  in .1Value2Instances_1516.DistributedSender1
Because:
RTIG could not find FED file: StaticMultiInstance12.xml
  in .DistributedSender1.HlaManager
Because:
Module not found
	at ptolemy.actor.lib.hoc.ModelReference.fire(ModelReference.java:588)
	at ptolemy.vergil.actor.lib.VisualModelReference.fire(VisualModelReference.java:414)
	at ptolemy.actor.AtomicActor.iterate(AtomicActor.java:512)
	at ptolemy.actor.Director.fire(Director.java:360)
	at ptolemy.actor.CompositeActor.fire(CompositeActor.java:455)
	at ptolemy.actor.Manager.iterate(Manager.java:851)
	at ptolemy.actor.Manager.execute(Manager.java:369)
	at ptolemy.actor.Manager.run(Manager.java:1263)
	at ptolemy.actor.Manager$PtolemyRunThread.run(Manager.java:1933)
Caused by: ptolemy.kernel.util.IllegalActionException: RTIG could not find FED file: StaticMultiInstance12.xml
  in .DistributedSender1.HlaManager
Because:
Module not found
	at org.hlacerti.lib.HlaManager1516e.initialize(HlaManager1516e.java:787)
	at org.hlacerti.lib.HlaManager.initialize(HlaManager.java:900)
	at ptolemy.actor.CompositeActor.initialize(CompositeActor.java:912)
	at ptolemy.actor.Manager.initialize(Manager.java:724)
	at ptolemy.actor.Manager.execute(Manager.java:356)
	at ptolemy.actor.lib.hoc.ModelReference.fire(ModelReference.java:586)
Caused by: hla.rti1516e.exceptions.CouldNotOpenFDD: Module not found
	at certi.rti1516e.impl.CertiRtiAmbassador.translateException(CertiRtiAmbassador.java:4042)
	at certi.rti1516e.impl.CertiRtiAmbassador.processRequest(CertiRtiAmbassador.java:3948)
	at certi.rti1516e.impl.CertiRtiAmbassador.createFederationExecution(CertiRtiAmbassador.java:424)
	at org.hlacerti.lib.HlaManager1516e.initialize(HlaManager1516e.java:751)
</error>
  </testcase>
  <testcase classname="ptolemy.util.test.junit.AutoTests" name="[18] /home/travis/build/icyphy/ptII/org/hlacerti/test/auto/2Classes2Values2Instances.xml (RunModel)" time="7.14" />
  <testcase classname="ptolemy.util.test.junit.AutoTests" name="[19] /home/travis/build/icyphy/ptII/org/hlacerti/test/auto/2Classes2Values2Instances_1516.xml (RunModel)" time="6.711">
    <error type="java.lang.reflect.InvocationTargetException">java.lang.reflect.InvocationTargetException
	at jdk.internal.reflect.GeneratedConstructorAccessor17.newInstance(Unknown Source)
	at java.base/jdk.internal.reflect.DelegatingConstructorAccessorImpl.newInstance(DelegatingConstructorAccessorImpl.java:45)
	at java.base/java.lang.reflect.Constructor.newInstance(Constructor.java:490)
	at ptolemy.util.test.junit.AutoTests.RunModel(AutoTests.java:193)
	at jdk.internal.reflect.GeneratedMethodAccessor1.invoke(Unknown Source)
	at java.base/jdk.internal.reflect.DelegatingMethodAccessorImpl.invoke(DelegatingMethodAccessorImpl.java:43)
	at junitparams.internal.InvokeParameterisedMethod.evaluate(InvokeParameterisedMethod.java:102)
Caused by: ptolemy.kernel.util.IllegalActionException: Execution failed.
  in .2Classes2Values2Instances_1516.DistributedSender1
Because:
RTIG could not find FED file: StaticMultiInstance222.xml
  in .DistributedSender1.HlaManager
Because:
Module not found
	at ptolemy.actor.lib.hoc.ModelReference.fire(ModelReference.java:588)
	at ptolemy.vergil.actor.lib.VisualModelReference.fire(VisualModelReference.java:414)
	at ptolemy.actor.AtomicActor.iterate(AtomicActor.java:512)
	at ptolemy.actor.Director.fire(Director.java:360)
	at ptolemy.actor.CompositeActor.fire(CompositeActor.java:455)
	at ptolemy.actor.Manager.iterate(Manager.java:851)
	at ptolemy.actor.Manager.execute(Manager.java:369)
	at ptolemy.actor.Manager.run(Manager.java:1263)
	at ptolemy.actor.Manager$PtolemyRunThread.run(Manager.java:1933)
Caused by: ptolemy.kernel.util.IllegalActionException: RTIG could not find FED file: StaticMultiInstance222.xml
  in .DistributedSender1.HlaManager
Because:
Module not found
	at org.hlacerti.lib.HlaManager1516e.initialize(HlaManager1516e.java:787)
	at org.hlacerti.lib.HlaManager.initialize(HlaManager.java:900)
	at ptolemy.actor.CompositeActor.initialize(CompositeActor.java:912)
	at ptolemy.actor.Manager.initialize(Manager.java:724)
	at ptolemy.actor.Manager.execute(Manager.java:356)
	at ptolemy.actor.lib.hoc.ModelReference.fire(ModelReference.java:586)
Caused by: hla.rti1516e.exceptions.CouldNotOpenFDD: Module not found
	at certi.rti1516e.impl.CertiRtiAmbassador.translateException(CertiRtiAmbassador.java:4042)
	at certi.rti1516e.impl.CertiRtiAmbassador.processRequest(CertiRtiAmbassador.java:3948)
	at certi.rti1516e.impl.CertiRtiAmbassador.createFederationExecution(CertiRtiAmbassador.java:424)
	at org.hlacerti.lib.HlaManager1516e.initialize(HlaManager1516e.java:751)
</error>
  </testcase>
  <testcase classname="ptolemy.util.test.junit.AutoTests" name="[20] /home/travis/build/icyphy/ptII/org/hlacerti/test/auto/2Values1Instance.xml (RunModel)" time="9.132" />
  <testcase classname="ptolemy.util.test.junit.AutoTests" name="[21] /home/travis/build/icyphy/ptII/org/hlacerti/test/auto/2Values1Instance_1516.xml (RunModel)" time="6.697">
    <error type="java.lang.reflect.InvocationTargetException">java.lang.reflect.InvocationTargetException
	at jdk.internal.reflect.GeneratedConstructorAccessor17.newInstance(Unknown Source)
	at java.base/jdk.internal.reflect.DelegatingConstructorAccessorImpl.newInstance(DelegatingConstructorAccessorImpl.java:45)
	at java.base/java.lang.reflect.Constructor.newInstance(Constructor.java:490)
	at ptolemy.util.test.junit.AutoTests.RunModel(AutoTests.java:193)
	at jdk.internal.reflect.GeneratedMethodAccessor1.invoke(Unknown Source)
	at java.base/jdk.internal.reflect.DelegatingMethodAccessorImpl.invoke(DelegatingMethodAccessorImpl.java:43)
	at junitparams.internal.InvokeParameterisedMethod.evaluate(InvokeParameterisedMethod.java:102)
Caused by: ptolemy.kernel.util.IllegalActionException: Execution failed.
  in .2Values1Instance_1516.DistributedSender1
Because:
RTIG could not find FED file: StaticMultiInstance21.xml
  in .DistributedSender1.HlaManager
Because:
Module not found
	at ptolemy.actor.lib.hoc.ModelReference.fire(ModelReference.java:588)
	at ptolemy.vergil.actor.lib.VisualModelReference.fire(VisualModelReference.java:414)
	at ptolemy.actor.AtomicActor.iterate(AtomicActor.java:512)
	at ptolemy.actor.Director.fire(Director.java:360)
	at ptolemy.actor.CompositeActor.fire(CompositeActor.java:455)
	at ptolemy.actor.Manager.iterate(Manager.java:851)
	at ptolemy.actor.Manager.execute(Manager.java:369)
	at ptolemy.actor.Manager.run(Manager.java:1263)
	at ptolemy.actor.Manager$PtolemyRunThread.run(Manager.java:1933)
Caused by: ptolemy.kernel.util.IllegalActionException: RTIG could not find FED file: StaticMultiInstance21.xml
  in .DistributedSender1.HlaManager
Because:
Module not found
	at org.hlacerti.lib.HlaManager1516e.initialize(HlaManager1516e.java:787)
	at org.hlacerti.lib.HlaManager.initialize(HlaManager.java:900)
	at ptolemy.actor.CompositeActor.initialize(CompositeActor.java:912)
	at ptolemy.actor.Manager.initialize(Manager.java:724)
	at ptolemy.actor.Manager.execute(Manager.java:356)
	at ptolemy.actor.lib.hoc.ModelReference.fire(ModelReference.java:586)
Caused by: hla.rti1516e.exceptions.CouldNotOpenFDD: Module not found
	at certi.rti1516e.impl.CertiRtiAmbassador.translateException(CertiRtiAmbassador.java:4042)
	at certi.rti1516e.impl.CertiRtiAmbassador.processRequest(CertiRtiAmbassador.java:3948)
	at certi.rti1516e.impl.CertiRtiAmbassador.createFederationExecution(CertiRtiAmbassador.java:424)
	at org.hlacerti.lib.HlaManager1516e.initialize(HlaManager1516e.java:751)
</error>
  </testcase>
  <testcase classname="ptolemy.util.test.junit.AutoTests" name="[22] /home/travis/build/icyphy/ptII/org/hlacerti/test/auto/2Values2Instances.xml (RunModel)" time="7.115" />
  <testcase classname="ptolemy.util.test.junit.AutoTests" name="[23] /home/travis/build/icyphy/ptII/org/hlacerti/test/auto/2Values2Instances_1516.xml (RunModel)" time="6.735">
    <error type="java.lang.reflect.InvocationTargetException">java.lang.reflect.InvocationTargetException
	at jdk.internal.reflect.GeneratedConstructorAccessor17.newInstance(Unknown Source)
	at java.base/jdk.internal.reflect.DelegatingConstructorAccessorImpl.newInstance(DelegatingConstructorAccessorImpl.java:45)
	at java.base/java.lang.reflect.Constructor.newInstance(Constructor.java:490)
	at ptolemy.util.test.junit.AutoTests.RunModel(AutoTests.java:193)
	at jdk.internal.reflect.GeneratedMethodAccessor1.invoke(Unknown Source)
	at java.base/jdk.internal.reflect.DelegatingMethodAccessorImpl.invoke(DelegatingMethodAccessorImpl.java:43)
	at junitparams.internal.InvokeParameterisedMethod.evaluate(InvokeParameterisedMethod.java:102)
Caused by: ptolemy.kernel.util.IllegalActionException: Execution failed.
  in .2Values2Instances_1516.DistributedSender1
Because:
RTIG could not find FED file: StaticMultiInstance22.xml
  in .DistributedSender1.HlaManager
Because:
Module not found
	at ptolemy.actor.lib.hoc.ModelReference.fire(ModelReference.java:588)
	at ptolemy.vergil.actor.lib.VisualModelReference.fire(VisualModelReference.java:414)
	at ptolemy.actor.AtomicActor.iterate(AtomicActor.java:512)
	at ptolemy.actor.Director.fire(Director.java:360)
	at ptolemy.actor.CompositeActor.fire(CompositeActor.java:455)
	at ptolemy.actor.Manager.iterate(Manager.java:851)
	at ptolemy.actor.Manager.execute(Manager.java:369)
	at ptolemy.actor.Manager.run(Manager.java:1263)
	at ptolemy.actor.Manager$PtolemyRunThread.run(Manager.java:1933)
Caused by: ptolemy.kernel.util.IllegalActionException: RTIG could not find FED file: StaticMultiInstance22.xml
  in .DistributedSender1.HlaManager
Because:
Module not found
	at org.hlacerti.lib.HlaManager1516e.initialize(HlaManager1516e.java:787)
	at org.hlacerti.lib.HlaManager.initialize(HlaManager.java:900)
	at ptolemy.actor.CompositeActor.initialize(CompositeActor.java:912)
	at ptolemy.actor.Manager.initialize(Manager.java:724)
	at ptolemy.actor.Manager.execute(Manager.java:356)
	at ptolemy.actor.lib.hoc.ModelReference.fire(ModelReference.java:586)
Caused by: hla.rti1516e.exceptions.CouldNotOpenFDD: Module not found
	at certi.rti1516e.impl.CertiRtiAmbassador.translateException(CertiRtiAmbassador.java:4042)
	at certi.rti1516e.impl.CertiRtiAmbassador.processRequest(CertiRtiAmbassador.java:3948)
	at certi.rti1516e.impl.CertiRtiAmbassador.createFederationExecution(CertiRtiAmbassador.java:424)
	at org.hlacerti.lib.HlaManager1516e.initialize(HlaManager1516e.java:751)
</error>
  </testcase>
  <testcase classname="ptolemy.util.test.junit.AutoTests" name="[24] /home/travis/build/icyphy/ptII/org/hlacerti/test/auto/DuplicatedInstanceNameReceiver.xml (RunModel)" time="6.54" />
  <testcase classname="ptolemy.util.test.junit.AutoTests" name="[25] /home/travis/build/icyphy/ptII/org/hlacerti/test/auto/DuplicatedInstanceNameReceiver_1516.xml (RunModel)" time="6.653" />
  <testcase classname="ptolemy.util.test.junit.AutoTests" name="[26] /home/travis/build/icyphy/ptII/org/hlacerti/test/auto/DuplicatedInstanceNameSender.xml (RunModel)" time="6.535" />
  <testcase classname="ptolemy.util.test.junit.AutoTests" name="[27] /home/travis/build/icyphy/ptII/org/hlacerti/test/auto/DuplicatedInstanceNameSender_1516.xml (RunModel)" time="6.644" />
  <testcase classname="ptolemy.util.test.junit.AutoTests" name="[28] /home/travis/build/icyphy/ptII/org/hlacerti/test/auto/MultiDataTypes.xml (RunModel)" time="9.122" />
  <testcase classname="ptolemy.util.test.junit.AutoTests" name="[29] /home/travis/build/icyphy/ptII/org/hlacerti/test/auto/MultiDataTypes_1516.xml (RunModel)" time="7.238" />
  <system-out><![CDATA[No tcl tests in /home/travis/build/icyphy/ptII/org/hlacerti/test
No auto/knownFailedTests/*.xml tests in /home/travis/build/icyphy/ptII/org/hlacerti/test
No auto/linux-amd64/*.xml tests in /home/travis/build/icyphy/ptII/org/hlacerti/test
AutoTests.java: About to close Vertx.
AutoTests.java: Vertx closed.

===========================================================================================
----------------- testing Wed Jul 06 02:11:39 UTC 2022 /home/travis/build/icyphy/ptII/org/hlacerti/test/auto/1ProdNER1ConsNER.xml
----------------- Wed Jul 06 02:11:39 UTC 2022 About to sleep for 5.0 seconds before running or rerunning.  Test is: /home/travis/build/icyphy/ptII/org/hlacerti/test/auto/1ProdNER1ConsNER.xml
Done sleeping
----------------- Instantiating /home/travis/build/icyphy/ptII/org/hlacerti/test/auto/1ProdNER1ConsNER.xml
HLA version is 1.3.
HLA version is 1.3.
HLA version is 1.3.
HLA version is 1.3.
HLA version is 1.3.
Federate: cons1 - Federation: TestNERNER - preinitialize() - CERTI_FOM_PATH = /home/travis/pthla/certi-tools/share/federations
Federate: cons1 - Federation: TestNERNER - Creating RTI Ambassador
Federate: cons1 - Federation: TestNERNER - preinitialize() - **** No RTI running.
Federate: cons1 - Federation: TestNERNER - preinitialize() - Launching CERTI RTI  in directory /home/travis/build/icyphy/ptII/org/hlacerti/test
CertiRtig: the os.name property is: Linux
CertiRtig: .cons1Signal.HlaManager: About to invoke rtig: 
command: [/bin/bash, -c, /home/travis/pthla/certi-tools/bin/rtig]
environment: [LD_LIBRARY_PATH=/home/travis/pthla/certi-tools/lib:/home/travis/pthla/certi-tools/lib:/usr/lib/jni:/usr/local/share/OpenCV/java/:/usr/share/OpenCV/java:, CERTI_FOM_PATH=/home/travis/pthla/certi-tools/share/federations]
directory: /home/travis/build/icyphy/ptII/org/hlacerti/test/auto/FederatesDifferentTimeManagement/1ProdNER1ConsNER
Federate: cons1 - Federation: TestNERNER - RTI launched.
Federate: cons1 - Federation: TestNERNER - Creating RTI Ambassador
Federate: cons1 - Federation: TestNERNER - RTI Ambassador created.
Federate: cons1 - Federation: TestNERNER - Creating Federation execution.
Federate: cons1 - Federation: TestNERNER - createFederationExecution: FED file on RTIG machine = Signal.fed
Federate: cons1 - Federation: TestNERNER - Joining the federation.
Federate: cons1 - Federation: TestNERNER - initialize() - federation joined
Federate: cons1 - Federation: TestNERNER - Initializing the RTI Ambassador
Federate: cons1 - Federation: TestNERNER - RTI Ambassador initialized.
Federate: prod1 - Federation: TestNERNER - preinitialize() - CERTI_FOM_PATH = /home/travis/pthla/certi-tools/share/federations
Federate: prod1 - Federation: TestNERNER - Creating RTI Ambassador
Federate: prod1 - Federation: TestNERNER - RTI Ambassador created.
Federate: prod1 - Federation: TestNERNER - Creating Federation execution.
Federate: prod1 - Federation: TestNERNER - initialize() - Federation execution already exists. No need to create one.
Federate: prod1 - Federation: TestNERNER - Joining the federation.
Federate: prod1 - Federation: TestNERNER - initialize() - federation joined
Federate: prod1 - Federation: TestNERNER - Initializing the RTI Ambassador
Federate: prod1 - Federation: TestNERNER - RTI Ambassador initialized.
Federate: prod1 - Federation: TestNERNER - wrapup() - Unsubscribing to HLA attributes.
Federate: prod1 - Federation: TestNERNER - wrapup() - Unpublishing HLA attributes.
Federate: prod1 - Federation: TestNERNER - wrapup() - Resigning Federation execution
Federate: cons1 - Federation: TestNERNER - wrapup() - Unsubscribing to HLA attributes.
Federate: cons1 - Federation: TestNERNER - wrapup() - Unpublishing HLA attributes.
Federate: cons1 - Federation: TestNERNER - wrapup() - Resigning Federation execution
Federate: prod1 - Federation: TestNERNER - wrapup() - Resigned Federation execution
Federate: cons1 - Federation: TestNERNER - wrapup() - Resigned Federation execution
Federate: cons1 - Federation: TestNERNER - wrapup() - Destroying the federation.
Federate: cons1 - Federation: TestNERNER - wrapup() - Federation destroyed by this federate.
Federate: prod1 - Federation: TestNERNER - ----------------------- End execution.
93 ms. Memory: 129024K Free: 105623K (82%)
Federate: cons1 - Federation: TestNERNER - **** Killing the RTIG process (if authorized by the system)
CertiRtig: .cons1Signal.HlaManager: About to terminate RTIG by sending it SIGINT.
Federate: cons1 - Federation: TestNERNER - ----------------------- End execution.
2095 ms. Memory: 129024K Free: 104770K (81%)
2133 ms. Memory: 129024K Free: 104770K (81%)
----------------- Invoking toplevel() on ptolemy.moml.MoMLSimpleApplication@630f4056
----------------- Done invoking toplevel() on ptolemy.moml.MoMLSimpleApplication@630f4056
reloadAllAccessors: .1ProdNER1ConsNER

===========================================================================================
----------------- testing Wed Jul 06 02:11:47 UTC 2022 /home/travis/build/icyphy/ptII/org/hlacerti/test/auto/1ProdNER1ConsNER_1516.xml
----------------- Wed Jul 06 02:11:47 UTC 2022 About to sleep for 5.0 seconds before running or rerunning.  Test is: /home/travis/build/icyphy/ptII/org/hlacerti/test/auto/1ProdNER1ConsNER_1516.xml
Done sleeping
----------------- Instantiating /home/travis/build/icyphy/ptII/org/hlacerti/test/auto/1ProdNER1ConsNER_1516.xml
HLA version is 1516-2010.
HLA version is 1516-2010.
HLA version is 1516-2010.
HLA version is 1516-2010.
HLA version is 1516-2010.
HLA version is 1516-2010.
Federate: cons1516 - Federation: TestNERNER1516 - preinitialize() - CERTI_FOM_PATH = /home/travis/pthla/certi-tools/share/federations
Value of launch rtig : true
Federate: cons1516 - Federation: TestNERNER1516 - Creating RTI Ambassador
Federate: cons1516 - Federation: TestNERNER1516 - preinitialize() - **** No RTI running.
Federate: cons1516 - Federation: TestNERNER1516 - preinitialize() - Launching CERTI RTI  in directory /home/travis/build/icyphy/ptII/org/hlacerti/test
CertiRtig: the os.name property is: Linux
CertiRtig: .cons1Signal.HlaManager: About to invoke rtig: 
command: [/bin/bash, -c, /home/travis/pthla/certi-tools/bin/rtig]
environment: [LD_LIBRARY_PATH=/home/travis/pthla/certi-tools/lib:/home/travis/pthla/certi-tools/lib:/usr/lib/jni:/usr/local/share/OpenCV/java/:/usr/share/OpenCV/java:, CERTI_FOM_PATH=/home/travis/pthla/certi-tools/share/federations]
directory: /home/travis/build/icyphy/ptII/org/hlacerti/test/auto/FederatesDifferentTimeManagement_1516/1ProdNER1ConsNER
Federate: cons1516 - Federation: TestNERNER1516 - RTI launched.
Federate: cons1516 - Federation: TestNERNER1516 - Creating RTI Ambassador
Federate: cons1516 - Federation: TestNERNER1516 - RTI Ambassador created.
Federate: cons1516 - Federation: TestNERNER1516 - Creating Federation execution.
Federate: cons1516 - Federation: TestNERNER1516 - createFederationExecution: FED file on RTIG machine = Signal.xml
Federate: cons1516 - Federation: TestNERNER1516 - Joining the federation.
Federate: cons1516 - Federation: TestNERNER1516 - initialize() - federation joined
Federate: cons1516 - Federation: TestNERNER1516 - Initializing the RTI Ambassador
Federate: cons1516 - Federation: TestNERNER1516 - RTI Ambassador initialized.
Federate: cons1516 - Federation: TestNERNER1516 - Time Aspects initialized.
Federate: cons1516 - Federation: TestNERNER1516 - isSynchronizationPointRegister : false
Federate: prod1516 - Federation: TestNERNER1516 - preinitialize() - CERTI_FOM_PATH = /home/travis/pthla/certi-tools/share/federations
Value of launch rtig : false
Federate: prod1516 - Federation: TestNERNER1516 - Creating RTI Ambassador
Federate: prod1516 - Federation: TestNERNER1516 - RTI Ambassador created.
Federate: prod1516 - Federation: TestNERNER1516 - Creating Federation execution.
Federate: prod1516 - Federation: TestNERNER1516 - initialize() - Federation execution already exists. No need to create one.
Federate: prod1516 - Federation: TestNERNER1516 - Joining the federation.
Federate: prod1516 - Federation: TestNERNER1516 - initialize() - federation joined
Federate: prod1516 - Federation: TestNERNER1516 - Initializing the RTI Ambassador
Federate: prod1516 - Federation: TestNERNER1516 - RTI Ambassador initialized.
Federate: prod1516 - Federation: TestNERNER1516 - Time Aspects initialized.
Federate: prod1516 - Federation: TestNERNER1516 - isSynchronizationPointRegister : true
Federate: prod1516 - Federation: TestNERNER1516 - isSynchronizationPointRegister = true
Federate: cons1516 - Federation: TestNERNER1516 - announce synchronisation point
Federate: prod1516 - Federation: TestNERNER1516 - announce synchronisation point
Federate: cons1516 - Federation: TestNERNER1516 - Synchronization point initialized.
Federate: prod1516 - Federation: TestNERNER1516 - Synchronization point initialized.
Federate: cons1516 - Federation: TestNERNER1516 - attributeHandleSet.size = 1
Federate: cons1516 - Federation: TestNERNER1516 - --- Attribute id match
Federate: cons1516 - Federation: TestNERNER1516 - attributeHandleSet.size = 1
Federate: cons1516 - Federation: TestNERNER1516 - --- Attribute id match
Federate: cons1516 - Federation: TestNERNER1516 - attributeHandleSet.size = 1
Federate: cons1516 - Federation: TestNERNER1516 - --- Attribute id match
Federate: cons1516 - Federation: TestNERNER1516 - attributeHandleSet.size = 1
Federate: cons1516 - Federation: TestNERNER1516 - --- Attribute id match
Federate: prod1516 - Federation: TestNERNER1516 - wrapup() - Unsubscribing to HLA attributes.
Federate: prod1516 - Federation: TestNERNER1516 - wrapup() - Unpublishing HLA attributes.
Federate: prod1516 - Federation: TestNERNER1516 - wrapup() - Resigning Federation execution
Federate: prod1516 - Federation: TestNERNER1516 - wrapup() - Resigned Federation execution
Federate: cons1516 - Federation: TestNERNER1516 - wrapup() - Unsubscribing to HLA attributes.
Federate: cons1516 - Federation: TestNERNER1516 - wrapup() - Unpublishing HLA attributes.
Federate: cons1516 - Federation: TestNERNER1516 - wrapup() - Resigning Federation execution
Federate: cons1516 - Federation: TestNERNER1516 - wrapup() - Resigned Federation execution
Federate: prod1516 - Federation: TestNERNER1516 - ----------------------- End execution.
100 ms. Memory: 129024K Free: 111729K (87%)
Federate: cons1516 - Federation: TestNERNER1516 - wrapup() - Destroying the federation.
Federate: cons1516 - Federation: TestNERNER1516 - wrapup() - Federation destroyed by this federate.
Federate: cons1516 - Federation: TestNERNER1516 - **** Killing the RTIG process (if authorized by the system)
CertiRtig: .cons1Signal.HlaManager: About to terminate RTIG by sending it SIGINT.
Federate: cons1516 - Federation: TestNERNER1516 - ----------------------- End execution.
2207 ms. Memory: 129024K Free: 111291K (86%)
2220 ms. Memory: 129024K Free: 111291K (86%)
----------------- Invoking toplevel() on ptolemy.moml.MoMLSimpleApplication@714dc86d
----------------- Done invoking toplevel() on ptolemy.moml.MoMLSimpleApplication@714dc86d
reloadAllAccessors: .1ProdNER1ConsNER_1516

===========================================================================================
----------------- testing Wed Jul 06 02:11:54 UTC 2022 /home/travis/build/icyphy/ptII/org/hlacerti/test/auto/1ProdNER1ConsTAR.xml
----------------- Wed Jul 06 02:11:54 UTC 2022 About to sleep for 5.0 seconds before running or rerunning.  Test is: /home/travis/build/icyphy/ptII/org/hlacerti/test/auto/1ProdNER1ConsTAR.xml
Done sleeping
----------------- Instantiating /home/travis/build/icyphy/ptII/org/hlacerti/test/auto/1ProdNER1ConsTAR.xml
HLA version is 1.3.
HLA version is 1.3.
HLA version is 1.3.
HLA version is 1.3.
HLA version is 1.3.
Federate: cons1NT - Federation: TestNERTAR - preinitialize() - CERTI_FOM_PATH = /home/travis/pthla/certi-tools/share/federations
Federate: cons1NT - Federation: TestNERTAR - Creating RTI Ambassador
Federate: cons1NT - Federation: TestNERTAR - preinitialize() - **** No RTI running.
Federate: cons1NT - Federation: TestNERTAR - preinitialize() - Launching CERTI RTI  in directory /home/travis/build/icyphy/ptII/org/hlacerti/test
CertiRtig: the os.name property is: Linux
CertiRtig: .cons1Signal.HlaManager: About to invoke rtig: 
command: [/bin/bash, -c, /home/travis/pthla/certi-tools/bin/rtig]
environment: [LD_LIBRARY_PATH=/home/travis/pthla/certi-tools/lib:/home/travis/pthla/certi-tools/lib:/usr/lib/jni:/usr/local/share/OpenCV/java/:/usr/share/OpenCV/java:, CERTI_FOM_PATH=/home/travis/pthla/certi-tools/share/federations]
directory: /home/travis/build/icyphy/ptII/org/hlacerti/test/auto/FederatesDifferentTimeManagement/1ProdNER1ConsTAR
Federate: cons1NT - Federation: TestNERTAR - RTI launched.
Federate: cons1NT - Federation: TestNERTAR - Creating RTI Ambassador
Federate: cons1NT - Federation: TestNERTAR - RTI Ambassador created.
Federate: cons1NT - Federation: TestNERTAR - Creating Federation execution.
Federate: cons1NT - Federation: TestNERTAR - createFederationExecution: FED file on RTIG machine = Signal.fed
Federate: cons1NT - Federation: TestNERTAR - Joining the federation.
Federate: cons1NT - Federation: TestNERTAR - initialize() - federation joined
Federate: cons1NT - Federation: TestNERTAR - Initializing the RTI Ambassador
Federate: cons1NT - Federation: TestNERTAR - RTI Ambassador initialized.
Federate: prod1NT - Federation: TestNERTAR - preinitialize() - CERTI_FOM_PATH = /home/travis/pthla/certi-tools/share/federations
Federate: prod1NT - Federation: TestNERTAR - Creating RTI Ambassador
Federate: prod1NT - Federation: TestNERTAR - RTI Ambassador created.
Federate: prod1NT - Federation: TestNERTAR - Creating Federation execution.
Federate: prod1NT - Federation: TestNERTAR - initialize() - Federation execution already exists. No need to create one.
Federate: prod1NT - Federation: TestNERTAR - Joining the federation.
Federate: prod1NT - Federation: TestNERTAR - initialize() - federation joined
Federate: prod1NT - Federation: TestNERTAR - Initializing the RTI Ambassador
Federate: prod1NT - Federation: TestNERTAR - RTI Ambassador initialized.
Federate: prod1NT - Federation: TestNERTAR - wrapup() - Unsubscribing to HLA attributes.
Federate: prod1NT - Federation: TestNERTAR - wrapup() - Unpublishing HLA attributes.
Federate: prod1NT - Federation: TestNERTAR - wrapup() - Resigning Federation execution
Federate: prod1NT - Federation: TestNERTAR - wrapup() - Resigned Federation execution
Federate: prod1NT - Federation: TestNERTAR - ----------------------- End execution.
46 ms. Memory: 129024K Free: 92859K (72%)
Federate: cons1NT - Federation: TestNERTAR - wrapup() - Unsubscribing to HLA attributes.
Federate: cons1NT - Federation: TestNERTAR - wrapup() - Unpublishing HLA attributes.
Federate: cons1NT - Federation: TestNERTAR - wrapup() - Resigning Federation execution
Federate: cons1NT - Federation: TestNERTAR - wrapup() - Resigned Federation execution
Federate: cons1NT - Federation: TestNERTAR - wrapup() - Destroying the federation.
Federate: cons1NT - Federation: TestNERTAR - wrapup() - Federation destroyed by this federate.
Federate: cons1NT - Federation: TestNERTAR - **** Killing the RTIG process (if authorized by the system)
CertiRtig: .cons1Signal.HlaManager: About to terminate RTIG by sending it SIGINT.
Federate: cons1NT - Federation: TestNERTAR - ----------------------- End execution.
2067 ms. Memory: 129024K Free: 92859K (72%)
2055 ms. Memory: 129024K Free: 92859K (72%)
----------------- Invoking toplevel() on ptolemy.moml.MoMLSimpleApplication@4e023b52
----------------- Done invoking toplevel() on ptolemy.moml.MoMLSimpleApplication@4e023b52
reloadAllAccessors: .1ProdNER1ConsTAR

===========================================================================================
----------------- testing Wed Jul 06 02:12:01 UTC 2022 /home/travis/build/icyphy/ptII/org/hlacerti/test/auto/1ProdNER1ConsTAR_1516.xml
----------------- Wed Jul 06 02:12:01 UTC 2022 About to sleep for 5.0 seconds before running or rerunning.  Test is: /home/travis/build/icyphy/ptII/org/hlacerti/test/auto/1ProdNER1ConsTAR_1516.xml
Done sleeping
----------------- Instantiating /home/travis/build/icyphy/ptII/org/hlacerti/test/auto/1ProdNER1ConsTAR_1516.xml
HLA version is 1516-2010.
HLA version is 1516-2010.
HLA version is 1516-2010.
HLA version is 1516-2010.
Federate: consNT1516 - Federation: TestNERTAR1516 - preinitialize() - CERTI_FOM_PATH = /home/travis/pthla/certi-tools/share/federations
Value of launch rtig : true
Federate: consNT1516 - Federation: TestNERTAR1516 - Creating RTI Ambassador
Federate: consNT1516 - Federation: TestNERTAR1516 - preinitialize() - **** No RTI running.
Federate: consNT1516 - Federation: TestNERTAR1516 - preinitialize() - Launching CERTI RTI  in directory /home/travis/build/icyphy/ptII/org/hlacerti/test
CertiRtig: the os.name property is: Linux
CertiRtig: .cons1Signal.HlaManager: About to invoke rtig: 
command: [/bin/bash, -c, /home/travis/pthla/certi-tools/bin/rtig]
environment: [LD_LIBRARY_PATH=/home/travis/pthla/certi-tools/lib:/home/travis/pthla/certi-tools/lib:/usr/lib/jni:/usr/local/share/OpenCV/java/:/usr/share/OpenCV/java:, CERTI_FOM_PATH=/home/travis/pthla/certi-tools/share/federations]
directory: /home/travis/build/icyphy/ptII/org/hlacerti/test/auto/FederatesDifferentTimeManagement_1516/1ProdNER1ConsTAR
Federate: consNT1516 - Federation: TestNERTAR1516 - RTI launched.
Federate: consNT1516 - Federation: TestNERTAR1516 - Creating RTI Ambassador
Federate: consNT1516 - Federation: TestNERTAR1516 - RTI Ambassador created.
Federate: consNT1516 - Federation: TestNERTAR1516 - Creating Federation execution.
Federate: consNT1516 - Federation: TestNERTAR1516 - createFederationExecution: FED file on RTIG machine = Signal.xml
Federate: consNT1516 - Federation: TestNERTAR1516 - Joining the federation.
Federate: consNT1516 - Federation: TestNERTAR1516 - initialize() - federation joined
Federate: consNT1516 - Federation: TestNERTAR1516 - Initializing the RTI Ambassador
Federate: consNT1516 - Federation: TestNERTAR1516 - RTI Ambassador initialized.
Federate: consNT1516 - Federation: TestNERTAR1516 - Time Aspects initialized.
Federate: consNT1516 - Federation: TestNERTAR1516 - isSynchronizationPointRegister : false
Federate: prodNT1516 - Federation: TestNERTAR1516 - preinitialize() - CERTI_FOM_PATH = /home/travis/pthla/certi-tools/share/federations
Value of launch rtig : false
Federate: prodNT1516 - Federation: TestNERTAR1516 - Creating RTI Ambassador
Federate: prodNT1516 - Federation: TestNERTAR1516 - RTI Ambassador created.
Federate: prodNT1516 - Federation: TestNERTAR1516 - Creating Federation execution.
Federate: prodNT1516 - Federation: TestNERTAR1516 - initialize() - Federation execution already exists. No need to create one.
Federate: prodNT1516 - Federation: TestNERTAR1516 - Joining the federation.
Federate: prodNT1516 - Federation: TestNERTAR1516 - initialize() - federation joined
Federate: prodNT1516 - Federation: TestNERTAR1516 - Initializing the RTI Ambassador
Federate: prodNT1516 - Federation: TestNERTAR1516 - RTI Ambassador initialized.
Federate: prodNT1516 - Federation: TestNERTAR1516 - Time Aspects initialized.
Federate: prodNT1516 - Federation: TestNERTAR1516 - isSynchronizationPointRegister : true
Federate: prodNT1516 - Federation: TestNERTAR1516 - isSynchronizationPointRegister = true
Federate: consNT1516 - Federation: TestNERTAR1516 - announce synchronisation point
Federate: prodNT1516 - Federation: TestNERTAR1516 - announce synchronisation point
Federate: consNT1516 - Federation: TestNERTAR1516 - Synchronization point initialized.
Federate: prodNT1516 - Federation: TestNERTAR1516 - Synchronization point initialized.
Federate: consNT1516 - Federation: TestNERTAR1516 - attributeHandleSet.size = 1
Federate: consNT1516 - Federation: TestNERTAR1516 - --- Attribute id match
Federate: consNT1516 - Federation: TestNERTAR1516 - attributeHandleSet.size = 1
Federate: consNT1516 - Federation: TestNERTAR1516 - --- Attribute id match
Federate: consNT1516 - Federation: TestNERTAR1516 - attributeHandleSet.size = 1
Federate: consNT1516 - Federation: TestNERTAR1516 - --- Attribute id match
Federate: consNT1516 - Federation: TestNERTAR1516 - attributeHandleSet.size = 1
Federate: consNT1516 - Federation: TestNERTAR1516 - --- Attribute id match
Federate: prodNT1516 - Federation: TestNERTAR1516 - wrapup() - Unsubscribing to HLA attributes.
Federate: prodNT1516 - Federation: TestNERTAR1516 - wrapup() - Unpublishing HLA attributes.
Federate: prodNT1516 - Federation: TestNERTAR1516 - wrapup() - Resigning Federation execution
Federate: consNT1516 - Federation: TestNERTAR1516 - wrapup() - Unsubscribing to HLA attributes.
Federate: consNT1516 - Federation: TestNERTAR1516 - wrapup() - Unpublishing HLA attributes.
Federate: consNT1516 - Federation: TestNERTAR1516 - wrapup() - Resigning Federation execution
Federate: consNT1516 - Federation: TestNERTAR1516 - wrapup() - Resigned Federation execution
Federate: consNT1516 - Federation: TestNERTAR1516 - wrapup() - Destroying the federation.
Federate: consNT1516 - Federation: TestNERTAR1516 - wrapup() - Federation destroyed by this federate.
Federate: prodNT1516 - Federation: TestNERTAR1516 - wrapup() - Resigned Federation execution
Federate: prodNT1516 - Federation: TestNERTAR1516 - ----------------------- End execution.
54 ms. Memory: 129024K Free: 74722K (58%)
Federate: consNT1516 - Federation: TestNERTAR1516 - **** Killing the RTIG process (if authorized by the system)
CertiRtig: .cons1Signal.HlaManager: About to terminate RTIG by sending it SIGINT.
Federate: consNT1516 - Federation: TestNERTAR1516 - ----------------------- End execution.
2056 ms. Memory: 129024K Free: 74722K (58%)
2070 ms. Memory: 129024K Free: 74722K (58%)
----------------- Invoking toplevel() on ptolemy.moml.MoMLSimpleApplication@4b72fd75
----------------- Done invoking toplevel() on ptolemy.moml.MoMLSimpleApplication@4b72fd75
reloadAllAccessors: .1ProdNER1ConsTAR_1516e

===========================================================================================
----------------- testing Wed Jul 06 02:12:08 UTC 2022 /home/travis/build/icyphy/ptII/org/hlacerti/test/auto/1ProdTAR1ConsNER.xml
----------------- Wed Jul 06 02:12:08 UTC 2022 About to sleep for 5.0 seconds before running or rerunning.  Test is: /home/travis/build/icyphy/ptII/org/hlacerti/test/auto/1ProdTAR1ConsNER.xml
Done sleeping
----------------- Instantiating /home/travis/build/icyphy/ptII/org/hlacerti/test/auto/1ProdTAR1ConsNER.xml
HLA version is 1.3.
HLA version is 1.3.
HLA version is 1.3.
HLA version is 1.3.
HLA version is 1.3.
Federate: consTN - Federation: TestTARNER - preinitialize() - CERTI_FOM_PATH = /home/travis/pthla/certi-tools/share/federations
Federate: consTN - Federation: TestTARNER - Creating RTI Ambassador
Federate: consTN - Federation: TestTARNER - preinitialize() - **** No RTI running.
Federate: consTN - Federation: TestTARNER - preinitialize() - Launching CERTI RTI  in directory /home/travis/build/icyphy/ptII/org/hlacerti/test
CertiRtig: the os.name property is: Linux
CertiRtig: .cons1Signal.HlaManager: About to invoke rtig: 
command: [/bin/bash, -c, /home/travis/pthla/certi-tools/bin/rtig]
environment: [LD_LIBRARY_PATH=/home/travis/pthla/certi-tools/lib:/home/travis/pthla/certi-tools/lib:/usr/lib/jni:/usr/local/share/OpenCV/java/:/usr/share/OpenCV/java:, CERTI_FOM_PATH=/home/travis/pthla/certi-tools/share/federations]
directory: /home/travis/build/icyphy/ptII/org/hlacerti/test/auto/FederatesDifferentTimeManagement/1ProdTAR1ConsNER
Federate: consTN - Federation: TestTARNER - RTI launched.
Federate: consTN - Federation: TestTARNER - Creating RTI Ambassador
Federate: consTN - Federation: TestTARNER - RTI Ambassador created.
Federate: consTN - Federation: TestTARNER - Creating Federation execution.
Federate: consTN - Federation: TestTARNER - createFederationExecution: FED file on RTIG machine = Signal.fed
Federate: consTN - Federation: TestTARNER - Joining the federation.
Federate: consTN - Federation: TestTARNER - initialize() - federation joined
Federate: consTN - Federation: TestTARNER - Initializing the RTI Ambassador
Federate: consTN - Federation: TestTARNER - RTI Ambassador initialized.
Federate: prodTN - Federation: TestTARNER - preinitialize() - CERTI_FOM_PATH = /home/travis/pthla/certi-tools/share/federations
Federate: prodTN - Federation: TestTARNER - Creating RTI Ambassador
Federate: prodTN - Federation: TestTARNER - RTI Ambassador created.
Federate: prodTN - Federation: TestTARNER - Creating Federation execution.
Federate: prodTN - Federation: TestTARNER - initialize() - Federation execution already exists. No need to create one.
Federate: prodTN - Federation: TestTARNER - Joining the federation.
Federate: prodTN - Federation: TestTARNER - initialize() - federation joined
Federate: prodTN - Federation: TestTARNER - Initializing the RTI Ambassador
Federate: prodTN - Federation: TestTARNER - RTI Ambassador initialized.
Federate: prodTN - Federation: TestTARNER - wrapup() - Unsubscribing to HLA attributes.
Federate: prodTN - Federation: TestTARNER - wrapup() - Unpublishing HLA attributes.
Federate: prodTN - Federation: TestTARNER - wrapup() - Resigning Federation execution
Federate: consTN - Federation: TestTARNER - wrapup() - Unsubscribing to HLA attributes.
Federate: consTN - Federation: TestTARNER - wrapup() - Unpublishing HLA attributes.
Federate: consTN - Federation: TestTARNER - wrapup() - Resigning Federation execution
Federate: consTN - Federation: TestTARNER - wrapup() - Resigned Federation execution
Federate: consTN - Federation: TestTARNER - wrapup() - Destroying the federation.
Federate: consTN - Federation: TestTARNER - wrapup() - Federation destroyed by this federate.
Federate: prodTN - Federation: TestTARNER - wrapup() - Resigned Federation execution
Federate: prodTN - Federation: TestTARNER - ----------------------- End execution.
45 ms. Memory: 129024K Free: 97256K (75%)
Federate: consTN - Federation: TestTARNER - **** Killing the RTIG process (if authorized by the system)
CertiRtig: .cons1Signal.HlaManager: About to terminate RTIG by sending it SIGINT.
Federate: consTN - Federation: TestTARNER - ----------------------- End execution.
2045 ms. Memory: 129024K Free: 97256K (75%)
2052 ms. Memory: 129024K Free: 97256K (75%)
----------------- Invoking toplevel() on ptolemy.moml.MoMLSimpleApplication@2ff5bfc1
----------------- Done invoking toplevel() on ptolemy.moml.MoMLSimpleApplication@2ff5bfc1
reloadAllAccessors: .1ProdTAR1ConsNER

===========================================================================================
----------------- testing Wed Jul 06 02:12:15 UTC 2022 /home/travis/build/icyphy/ptII/org/hlacerti/test/auto/1ProdTAR1ConsNER_1516.xml
----------------- Wed Jul 06 02:12:15 UTC 2022 About to sleep for 5.0 seconds before running or rerunning.  Test is: /home/travis/build/icyphy/ptII/org/hlacerti/test/auto/1ProdTAR1ConsNER_1516.xml
Done sleeping
----------------- Instantiating /home/travis/build/icyphy/ptII/org/hlacerti/test/auto/1ProdTAR1ConsNER_1516.xml
HLA version is 1516-2010.
HLA version is 1516-2010.
HLA version is 1516-2010.
HLA version is 1516-2010.
HLA version is 1516-2010.
Federate: consTN1516 - Federation: TestTARNER1516 - preinitialize() - CERTI_FOM_PATH = /home/travis/pthla/certi-tools/share/federations
Value of launch rtig : true
Federate: consTN1516 - Federation: TestTARNER1516 - Creating RTI Ambassador
Federate: consTN1516 - Federation: TestTARNER1516 - preinitialize() - **** No RTI running.
Federate: consTN1516 - Federation: TestTARNER1516 - preinitialize() - Launching CERTI RTI  in directory /home/travis/build/icyphy/ptII/org/hlacerti/test
CertiRtig: the os.name property is: Linux
CertiRtig: .cons1Signal.HlaManager: About to invoke rtig: 
command: [/bin/bash, -c, /home/travis/pthla/certi-tools/bin/rtig]
environment: [LD_LIBRARY_PATH=/home/travis/pthla/certi-tools/lib:/home/travis/pthla/certi-tools/lib:/usr/lib/jni:/usr/local/share/OpenCV/java/:/usr/share/OpenCV/java:, CERTI_FOM_PATH=/home/travis/pthla/certi-tools/share/federations]
directory: /home/travis/build/icyphy/ptII/org/hlacerti/test/auto/FederatesDifferentTimeManagement_1516/1ProdTAR1ConsNER
Federate: consTN1516 - Federation: TestTARNER1516 - RTI launched.
Federate: consTN1516 - Federation: TestTARNER1516 - Creating RTI Ambassador
Federate: consTN1516 - Federation: TestTARNER1516 - RTI Ambassador created.
Federate: consTN1516 - Federation: TestTARNER1516 - Creating Federation execution.
Federate: consTN1516 - Federation: TestTARNER1516 - createFederationExecution: FED file on RTIG machine = Signal.xml
Federate: consTN1516 - Federation: TestTARNER1516 - Joining the federation.
Federate: consTN1516 - Federation: TestTARNER1516 - initialize() - federation joined
Federate: consTN1516 - Federation: TestTARNER1516 - Initializing the RTI Ambassador
Federate: consTN1516 - Federation: TestTARNER1516 - RTI Ambassador initialized.
Federate: consTN1516 - Federation: TestTARNER1516 - Time Aspects initialized.
Federate: consTN1516 - Federation: TestTARNER1516 - isSynchronizationPointRegister : false
Federate: prodTN1516 - Federation: TestTARNER1516 - preinitialize() - CERTI_FOM_PATH = /home/travis/pthla/certi-tools/share/federations
Value of launch rtig : false
Federate: prodTN1516 - Federation: TestTARNER1516 - Creating RTI Ambassador
Federate: prodTN1516 - Federation: TestTARNER1516 - RTI Ambassador created.
Federate: prodTN1516 - Federation: TestTARNER1516 - Creating Federation execution.
Federate: prodTN1516 - Federation: TestTARNER1516 - initialize() - Federation execution already exists. No need to create one.
Federate: prodTN1516 - Federation: TestTARNER1516 - Joining the federation.
Federate: prodTN1516 - Federation: TestTARNER1516 - initialize() - federation joined
Federate: prodTN1516 - Federation: TestTARNER1516 - Initializing the RTI Ambassador
Federate: prodTN1516 - Federation: TestTARNER1516 - RTI Ambassador initialized.
Federate: prodTN1516 - Federation: TestTARNER1516 - Time Aspects initialized.
Federate: prodTN1516 - Federation: TestTARNER1516 - isSynchronizationPointRegister : true
Federate: prodTN1516 - Federation: TestTARNER1516 - isSynchronizationPointRegister = true
Federate: consTN1516 - Federation: TestTARNER1516 - announce synchronisation point
Federate: prodTN1516 - Federation: TestTARNER1516 - announce synchronisation point
Federate: consTN1516 - Federation: TestTARNER1516 - Synchronization point initialized.
Federate: prodTN1516 - Federation: TestTARNER1516 - Synchronization point initialized.
Federate: consTN1516 - Federation: TestTARNER1516 - attributeHandleSet.size = 1
Federate: consTN1516 - Federation: TestTARNER1516 - --- Attribute id match
Federate: consTN1516 - Federation: TestTARNER1516 - attributeHandleSet.size = 1
Federate: consTN1516 - Federation: TestTARNER1516 - --- Attribute id match
Federate: prodTN1516 - Federation: TestTARNER1516 - wrapup() - Unsubscribing to HLA attributes.
Federate: prodTN1516 - Federation: TestTARNER1516 - wrapup() - Unpublishing HLA attributes.
Federate: prodTN1516 - Federation: TestTARNER1516 - wrapup() - Resigning Federation execution
Federate: consTN1516 - Federation: TestTARNER1516 - attributeHandleSet.size = 1
Federate: consTN1516 - Federation: TestTARNER1516 - --- Attribute id match
Federate: prodTN1516 - Federation: TestTARNER1516 - wrapup() - Resigned Federation execution
Federate: consTN1516 - Federation: TestTARNER1516 - attributeHandleSet.size = 1
Federate: consTN1516 - Federation: TestTARNER1516 - --- Attribute id match
Federate: consTN1516 - Federation: TestTARNER1516 - wrapup() - Unsubscribing to HLA attributes.
Federate: consTN1516 - Federation: TestTARNER1516 - wrapup() - Unpublishing HLA attributes.
Federate: consTN1516 - Federation: TestTARNER1516 - wrapup() - Resigning Federation execution
Federate: consTN1516 - Federation: TestTARNER1516 - wrapup() - Resigned Federation execution
Federate: consTN1516 - Federation: TestTARNER1516 - wrapup() - Destroying the federation.
Federate: consTN1516 - Federation: TestTARNER1516 - wrapup() - Federation destroyed by this federate.
Federate: prodTN1516 - Federation: TestTARNER1516 - ----------------------- End execution.
154 ms. Memory: 129024K Free: 78791K (61%)
Federate: consTN1516 - Federation: TestTARNER1516 - **** Killing the RTIG process (if authorized by the system)
CertiRtig: .cons1Signal.HlaManager: About to terminate RTIG by sending it SIGINT.
Federate: consTN1516 - Federation: TestTARNER1516 - ----------------------- End execution.
2070 ms. Memory: 129024K Free: 78791K (61%)
----------------- Invoking toplevel() on ptolemy.moml.MoMLSimpleApplication@7a22aced
----------------- Done invoking toplevel() on ptolemy.moml.MoMLSimpleApplication@7a22aced
reloadAllAccessors: .1ProdTAR1ConsNER_1516
2064 ms. Memory: 129024K Free: 78791K (61%)

===========================================================================================
----------------- testing Wed Jul 06 02:12:23 UTC 2022 /home/travis/build/icyphy/ptII/org/hlacerti/test/auto/1ProdTAR1ConsTAR.xml
----------------- Wed Jul 06 02:12:23 UTC 2022 About to sleep for 5.0 seconds before running or rerunning.  Test is: /home/travis/build/icyphy/ptII/org/hlacerti/test/auto/1ProdTAR1ConsTAR.xml
Done sleeping
----------------- Instantiating /home/travis/build/icyphy/ptII/org/hlacerti/test/auto/1ProdTAR1ConsTAR.xml
HLA version is 1.3.
HLA version is 1.3.
HLA version is 1.3.
HLA version is 1.3.
HLA version is 1.3.
Federate: consTT - Federation: testTarTar - preinitialize() - CERTI_FOM_PATH = /home/travis/pthla/certi-tools/share/federations
Federate: consTT - Federation: testTarTar - Creating RTI Ambassador
Federate: consTT - Federation: testTarTar - preinitialize() - **** No RTI running.
Federate: consTT - Federation: testTarTar - preinitialize() - Launching CERTI RTI  in directory /home/travis/build/icyphy/ptII/org/hlacerti/test
CertiRtig: the os.name property is: Linux
CertiRtig: .cons1Signal.HlaManager: About to invoke rtig: 
command: [/bin/bash, -c, /home/travis/pthla/certi-tools/bin/rtig]
environment: [LD_LIBRARY_PATH=/home/travis/pthla/certi-tools/lib:/home/travis/pthla/certi-tools/lib:/usr/lib/jni:/usr/local/share/OpenCV/java/:/usr/share/OpenCV/java:, CERTI_FOM_PATH=/home/travis/pthla/certi-tools/share/federations]
directory: /home/travis/build/icyphy/ptII/org/hlacerti/test/auto/FederatesDifferentTimeManagement/1ProdTAR1ConsTAR
Federate: consTT - Federation: testTarTar - RTI launched.
Federate: consTT - Federation: testTarTar - Creating RTI Ambassador
Federate: consTT - Federation: testTarTar - RTI Ambassador created.
Federate: consTT - Federation: testTarTar - Creating Federation execution.
Federate: consTT - Federation: testTarTar - createFederationExecution: FED file on RTIG machine = Signal.fed
Federate: consTT - Federation: testTarTar - Joining the federation.
Federate: consTT - Federation: testTarTar - initialize() - federation joined
Federate: consTT - Federation: testTarTar - Initializing the RTI Ambassador
Federate: consTT - Federation: testTarTar - RTI Ambassador initialized.
Federate: prodTT - Federation: testTarTar - preinitialize() - CERTI_FOM_PATH = /home/travis/pthla/certi-tools/share/federations
Federate: prodTT - Federation: testTarTar - Creating RTI Ambassador
Federate: prodTT - Federation: testTarTar - RTI Ambassador created.
Federate: prodTT - Federation: testTarTar - Creating Federation execution.
Federate: prodTT - Federation: testTarTar - initialize() - Federation execution already exists. No need to create one.
Federate: prodTT - Federation: testTarTar - Joining the federation.
Federate: prodTT - Federation: testTarTar - initialize() - federation joined
Federate: prodTT - Federation: testTarTar - Initializing the RTI Ambassador
Federate: prodTT - Federation: testTarTar - RTI Ambassador initialized.
Federate: prodTT - Federation: testTarTar - wrapup() - Unsubscribing to HLA attributes.
Federate: prodTT - Federation: testTarTar - wrapup() - Unpublishing HLA attributes.
Federate: prodTT - Federation: testTarTar - wrapup() - Resigning Federation execution
Federate: prodTT - Federation: testTarTar - wrapup() - Resigned Federation execution
Federate: prodTT - Federation: testTarTar - ----------------------- End execution.
30 ms. Memory: 129024K Free: 110521K (86%)
Federate: consTT - Federation: testTarTar - wrapup() - Unsubscribing to HLA attributes.
Federate: consTT - Federation: testTarTar - wrapup() - Unpublishing HLA attributes.
Federate: consTT - Federation: testTarTar - wrapup() - Resigning Federation execution
Federate: consTT - Federation: testTarTar - wrapup() - Resigned Federation execution
Federate: consTT - Federation: testTarTar - wrapup() - Destroying the federation.
Federate: consTT - Federation: testTarTar - wrapup() - Federation destroyed by this federate.
Federate: consTT - Federation: testTarTar - **** Killing the RTIG process (if authorized by the system)
CertiRtig: .cons1Signal.HlaManager: About to terminate RTIG by sending it SIGINT.
Federate: consTT - Federation: testTarTar - ----------------------- End execution.
2045 ms. Memory: 129024K Free: 110267K (85%)
----------------- Invoking toplevel() on ptolemy.moml.MoMLSimpleApplication@225faf65
----------------- Done invoking toplevel() on ptolemy.moml.MoMLSimpleApplication@225faf65
reloadAllAccessors: .1ProdTAR1ConsTAR
2037 ms. Memory: 129024K Free: 109674K (85%)

===========================================================================================
----------------- testing Wed Jul 06 02:12:30 UTC 2022 /home/travis/build/icyphy/ptII/org/hlacerti/test/auto/1ProdTAR1ConsTAR_1516.xml
----------------- Wed Jul 06 02:12:30 UTC 2022 About to sleep for 5.0 seconds before running or rerunning.  Test is: /home/travis/build/icyphy/ptII/org/hlacerti/test/auto/1ProdTAR1ConsTAR_1516.xml
Done sleeping
----------------- Instantiating /home/travis/build/icyphy/ptII/org/hlacerti/test/auto/1ProdTAR1ConsTAR_1516.xml
HLA version is 1516-2010.
HLA version is 1516-2010.
HLA version is 1516-2010.
HLA version is 1516-2010.
Federate: consTT1516 - Federation: testTarTar1516 - preinitialize() - CERTI_FOM_PATH = /home/travis/pthla/certi-tools/share/federations
Value of launch rtig : true
Federate: consTT1516 - Federation: testTarTar1516 - Creating RTI Ambassador
Federate: consTT1516 - Federation: testTarTar1516 - preinitialize() - **** No RTI running.
Federate: consTT1516 - Federation: testTarTar1516 - preinitialize() - Launching CERTI RTI  in directory /home/travis/build/icyphy/ptII/org/hlacerti/test
CertiRtig: the os.name property is: Linux
CertiRtig: .cons1Signal.HlaManager: About to invoke rtig: 
command: [/bin/bash, -c, /home/travis/pthla/certi-tools/bin/rtig]
environment: [LD_LIBRARY_PATH=/home/travis/pthla/certi-tools/lib:/home/travis/pthla/certi-tools/lib:/usr/lib/jni:/usr/local/share/OpenCV/java/:/usr/share/OpenCV/java:, CERTI_FOM_PATH=/home/travis/pthla/certi-tools/share/federations]
directory: /home/travis/build/icyphy/ptII/org/hlacerti/test/auto/FederatesDifferentTimeManagement_1516/1ProdTAR1ConsTAR
Federate: consTT1516 - Federation: testTarTar1516 - RTI launched.
Federate: consTT1516 - Federation: testTarTar1516 - Creating RTI Ambassador
Federate: consTT1516 - Federation: testTarTar1516 - RTI Ambassador created.
Federate: consTT1516 - Federation: testTarTar1516 - Creating Federation execution.
Federate: consTT1516 - Federation: testTarTar1516 - createFederationExecution: FED file on RTIG machine = Signal.xml
Federate: consTT1516 - Federation: testTarTar1516 - Joining the federation.
Federate: consTT1516 - Federation: testTarTar1516 - initialize() - federation joined
Federate: consTT1516 - Federation: testTarTar1516 - Initializing the RTI Ambassador
Federate: consTT1516 - Federation: testTarTar1516 - RTI Ambassador initialized.
Federate: consTT1516 - Federation: testTarTar1516 - Time Aspects initialized.
Federate: consTT1516 - Federation: testTarTar1516 - isSynchronizationPointRegister : false
Federate: prodTT1516 - Federation: testTarTar1516 - preinitialize() - CERTI_FOM_PATH = /home/travis/pthla/certi-tools/share/federations
Value of launch rtig : false
Federate: prodTT1516 - Federation: testTarTar1516 - Creating RTI Ambassador
Federate: prodTT1516 - Federation: testTarTar1516 - RTI Ambassador created.
Federate: prodTT1516 - Federation: testTarTar1516 - Creating Federation execution.
Federate: prodTT1516 - Federation: testTarTar1516 - initialize() - Federation execution already exists. No need to create one.
Federate: prodTT1516 - Federation: testTarTar1516 - Joining the federation.
Federate: prodTT1516 - Federation: testTarTar1516 - initialize() - federation joined
Federate: prodTT1516 - Federation: testTarTar1516 - Initializing the RTI Ambassador
Federate: prodTT1516 - Federation: testTarTar1516 - RTI Ambassador initialized.
Federate: prodTT1516 - Federation: testTarTar1516 - Time Aspects initialized.
Federate: prodTT1516 - Federation: testTarTar1516 - isSynchronizationPointRegister : true
Federate: prodTT1516 - Federation: testTarTar1516 - isSynchronizationPointRegister = true
Federate: prodTT1516 - Federation: testTarTar1516 - announce synchronisation point
Federate: consTT1516 - Federation: testTarTar1516 - announce synchronisation point
Federate: prodTT1516 - Federation: testTarTar1516 - Synchronization point initialized.
Federate: consTT1516 - Federation: testTarTar1516 - Synchronization point initialized.
Federate: consTT1516 - Federation: testTarTar1516 - attributeHandleSet.size = 1
Federate: consTT1516 - Federation: testTarTar1516 - --- Attribute id match
Federate: consTT1516 - Federation: testTarTar1516 - attributeHandleSet.size = 1
Federate: consTT1516 - Federation: testTarTar1516 - --- Attribute id match
Federate: prodTT1516 - Federation: testTarTar1516 - wrapup() - Unsubscribing to HLA attributes.
Federate: prodTT1516 - Federation: testTarTar1516 - wrapup() - Unpublishing HLA attributes.
Federate: prodTT1516 - Federation: testTarTar1516 - wrapup() - Resigning Federation execution
Federate: prodTT1516 - Federation: testTarTar1516 - wrapup() - Resigned Federation execution
Federate: consTT1516 - Federation: testTarTar1516 - attributeHandleSet.size = 1
Federate: consTT1516 - Federation: testTarTar1516 - --- Attribute id match
Federate: consTT1516 - Federation: testTarTar1516 - attributeHandleSet.size = 1
Federate: consTT1516 - Federation: testTarTar1516 - --- Attribute id match
Federate: consTT1516 - Federation: testTarTar1516 - wrapup() - Unsubscribing to HLA attributes.
Federate: consTT1516 - Federation: testTarTar1516 - wrapup() - Unpublishing HLA attributes.
Federate: consTT1516 - Federation: testTarTar1516 - wrapup() - Resigning Federation execution
Federate: consTT1516 - Federation: testTarTar1516 - wrapup() - Resigned Federation execution
Federate: consTT1516 - Federation: testTarTar1516 - wrapup() - Destroying the federation.
Federate: consTT1516 - Federation: testTarTar1516 - wrapup() - Federation destroyed by this federate.
Federate: prodTT1516 - Federation: testTarTar1516 - ----------------------- End execution.
126 ms. Memory: 129024K Free: 91697K (71%)
Federate: consTT1516 - Federation: testTarTar1516 - **** Killing the RTIG process (if authorized by the system)
CertiRtig: .cons1Signal.HlaManager: About to terminate RTIG by sending it SIGINT.
Federate: consTT1516 - Federation: testTarTar1516 - ----------------------- End execution.
2136 ms. Memory: 129024K Free: 91697K (71%)
2147 ms. Memory: 129024K Free: 91697K (71%)
----------------- Invoking toplevel() on ptolemy.moml.MoMLSimpleApplication@6ea7d888
----------------- Done invoking toplevel() on ptolemy.moml.MoMLSimpleApplication@6ea7d888
reloadAllAccessors: .1ProdTAR1ConsTAR_1516

===========================================================================================
----------------- testing Wed Jul 06 02:12:37 UTC 2022 /home/travis/build/icyphy/ptII/org/hlacerti/test/auto/1PublisherBadAttributeN.xml
----------------- Wed Jul 06 02:12:37 UTC 2022 About to sleep for 5.0 seconds before running or rerunning.  Test is: /home/travis/build/icyphy/ptII/org/hlacerti/test/auto/1PublisherBadAttributeN.xml
Done sleeping
----------------- Instantiating /home/travis/build/icyphy/ptII/org/hlacerti/test/auto/1PublisherBadAttributeN.xml
HLA version is 1.3.
HLA version is 1.3.
Federate: BadAttributeN - Federation: PublisherBadAttributeName - preinitialize() - CERTI_FOM_PATH = /home/travis/pthla/certi-tools/share/federations
Federate: BadAttributeN - Federation: PublisherBadAttributeName - Creating RTI Ambassador
Federate: BadAttributeN - Federation: PublisherBadAttributeName - preinitialize() - **** No RTI running.
Federate: BadAttributeN - Federation: PublisherBadAttributeName - preinitialize() - Launching CERTI RTI  in directory /home/travis/build/icyphy/ptII/org/hlacerti/test
CertiRtig: the os.name property is: Linux
CertiRtig: .1PublisherBadAttributeN.HlaManager: About to invoke rtig: 
command: [/bin/bash, -c, /home/travis/pthla/certi-tools/bin/rtig]
environment: [LD_LIBRARY_PATH=/home/travis/pthla/certi-tools/lib:/home/travis/pthla/certi-tools/lib:/usr/lib/jni:/usr/local/share/OpenCV/java/:/usr/share/OpenCV/java:, CERTI_FOM_PATH=/home/travis/pthla/certi-tools/share/federations]
directory: /home/travis/build/icyphy/ptII/org/hlacerti/test/auto/FEDfiles
Federate: BadAttributeN - Federation: PublisherBadAttributeName - RTI launched.
Federate: BadAttributeN - Federation: PublisherBadAttributeName - Creating RTI Ambassador
Federate: BadAttributeN - Federation: PublisherBadAttributeName - RTI Ambassador created.
Federate: BadAttributeN - Federation: PublisherBadAttributeName - Creating Federation execution.
Federate: BadAttributeN - Federation: PublisherBadAttributeName - createFederationExecution: FED file on RTIG machine = 1PublisherBadAttributeName.fed
Federate: BadAttributeN - Federation: PublisherBadAttributeName - Joining the federation.
Federate: BadAttributeN - Federation: PublisherBadAttributeName - initialize() - federation joined
Federate: BadAttributeN - Federation: PublisherBadAttributeName - Initializing the RTI Ambassador
Federate: BadAttributeN - Federation: PublisherBadAttributeName - wrapup() - Unsubscribing to HLA attributes.
Federate: BadAttributeN - Federation: PublisherBadAttributeName - wrapup() - Unpublishing HLA attributes.
Federate: BadAttributeN - Federation: PublisherBadAttributeName - wrapup() - Resigning Federation execution
Federate: BadAttributeN - Federation: PublisherBadAttributeName - wrapup() - Resigned Federation execution
Federate: BadAttributeN - Federation: PublisherBadAttributeName - wrapup() - Destroying the federation.
Federate: BadAttributeN - Federation: PublisherBadAttributeName - wrapup() - Federation destroyed by this federate.
Federate: BadAttributeN - Federation: PublisherBadAttributeName - **** Killing the RTIG process (if authorized by the system)
CertiRtig: .1PublisherBadAttributeN.HlaManager: About to terminate RTIG by sending it SIGINT.
Federate: BadAttributeN - Federation: PublisherBadAttributeName - ----------------------- End execution.
.1PublisherBadAttributeN.TestExceptionAttribute: initialize() was not invoked, but wrapup() was.  This is unusual, but not always a problem.  For example, exporting JNLP will do this.
1559 ms. Memory: 129024K Free: 84789K (66%)
----------------- Invoking toplevel() on ptolemy.moml.MoMLSimpleApplication@5e10da95
----------------- Done invoking toplevel() on ptolemy.moml.MoMLSimpleApplication@5e10da95
reloadAllAccessors: .1PublisherBadAttributeN

===========================================================================================
----------------- testing Wed Jul 06 02:12:43 UTC 2022 /home/travis/build/icyphy/ptII/org/hlacerti/test/auto/1PublisherBadAttributeN_1516.xml
----------------- Wed Jul 06 02:12:43 UTC 2022 About to sleep for 5.0 seconds before running or rerunning.  Test is: /home/travis/build/icyphy/ptII/org/hlacerti/test/auto/1PublisherBadAttributeN_1516.xml
Done sleeping
----------------- Instantiating /home/travis/build/icyphy/ptII/org/hlacerti/test/auto/1PublisherBadAttributeN_1516.xml
HLA version is 1516-2010.
HLA version is 1516-2010.
Federate: BadAttributeN1516 - Federation: 1PublisherBadAttributeName1516 - preinitialize() - CERTI_FOM_PATH = /home/travis/pthla/certi-tools/share/federations
Value of launch rtig : true
Federate: BadAttributeN1516 - Federation: 1PublisherBadAttributeName1516 - Creating RTI Ambassador
Federate: BadAttributeN1516 - Federation: 1PublisherBadAttributeName1516 - preinitialize() - **** No RTI running.
Federate: BadAttributeN1516 - Federation: 1PublisherBadAttributeName1516 - preinitialize() - Launching CERTI RTI  in directory /home/travis/build/icyphy/ptII/org/hlacerti/test
CertiRtig: the os.name property is: Linux
CertiRtig: .1PublisherBadAttributeN_1516.HlaManager: About to invoke rtig: 
command: [/bin/bash, -c, /home/travis/pthla/certi-tools/bin/rtig]
environment: [LD_LIBRARY_PATH=/home/travis/pthla/certi-tools/lib:/home/travis/pthla/certi-tools/lib:/usr/lib/jni:/usr/local/share/OpenCV/java/:/usr/share/OpenCV/java:, CERTI_FOM_PATH=/home/travis/pthla/certi-tools/share/federations]
directory: /home/travis/build/icyphy/ptII/org/hlacerti/test/auto
Federate: BadAttributeN1516 - Federation: 1PublisherBadAttributeName1516 - RTI launched.
Federate: BadAttributeN1516 - Federation: 1PublisherBadAttributeName1516 - Creating RTI Ambassador
Federate: BadAttributeN1516 - Federation: 1PublisherBadAttributeName1516 - RTI Ambassador created.
Federate: BadAttributeN1516 - Federation: 1PublisherBadAttributeName1516 - Creating Federation execution.
Federate: BadAttributeN1516 - Federation: 1PublisherBadAttributeName1516 - createFederationExecution: RTIG failed to open FED file: 1PublisherBadAttributeName.xml
Federate: BadAttributeN1516 - Federation: 1PublisherBadAttributeName1516 - wrapup() - Unsubscribing to HLA attributes.
Federate: BadAttributeN1516 - Federation: 1PublisherBadAttributeName1516 - wrapup() - Unpublishing HLA attributes.
Federate: BadAttributeN1516 - Federation: 1PublisherBadAttributeName1516 - wrapup() - Resigning Federation execution
Federate: BadAttributeN1516 - Federation: 1PublisherBadAttributeName1516 - wrapup() - RTIexception.
Federate: BadAttributeN1516 - Federation: 1PublisherBadAttributeName1516 - **** Killing the RTIG process (if authorized by the system)
CertiRtig: .1PublisherBadAttributeN_1516.HlaManager: About to terminate RTIG by sending it SIGINT.
Federate: BadAttributeN1516 - Federation: 1PublisherBadAttributeName1516 - ----------------------- End execution.
.1PublisherBadAttributeN_1516.TestExceptionAttribute: initialize() was not invoked, but wrapup() was.  This is unusual, but not always a problem.  For example, exporting JNLP will do this.
1639 ms. Memory: 129024K Free: 78645K (61%)

===========================================================================================
----------------- testing Wed Jul 06 02:12:50 UTC 2022 /home/travis/build/icyphy/ptII/org/hlacerti/test/auto/1PublisherBadClassN.xml
----------------- Wed Jul 06 02:12:50 UTC 2022 About to sleep for 5.0 seconds before running or rerunning.  Test is: /home/travis/build/icyphy/ptII/org/hlacerti/test/auto/1PublisherBadClassN.xml
Done sleeping
----------------- Instantiating /home/travis/build/icyphy/ptII/org/hlacerti/test/auto/1PublisherBadClassN.xml
HLA version is 1.3.
HLA version is 1.3.
Federate: BadClassN - Federation: PublisherBadClassName - preinitialize() - CERTI_FOM_PATH = /home/travis/pthla/certi-tools/share/federations
Federate: BadClassN - Federation: PublisherBadClassName - Creating RTI Ambassador
Federate: BadClassN - Federation: PublisherBadClassName - preinitialize() - **** No RTI running.
Federate: BadClassN - Federation: PublisherBadClassName - preinitialize() - Launching CERTI RTI  in directory /home/travis/build/icyphy/ptII/org/hlacerti/test
CertiRtig: the os.name property is: Linux
CertiRtig: .1PublisherBadClassN.HlaManager: About to invoke rtig: 
command: [/bin/bash, -c, /home/travis/pthla/certi-tools/bin/rtig]
environment: [LD_LIBRARY_PATH=/home/travis/pthla/certi-tools/lib:/home/travis/pthla/certi-tools/lib:/usr/lib/jni:/usr/local/share/OpenCV/java/:/usr/share/OpenCV/java:, CERTI_FOM_PATH=/home/travis/pthla/certi-tools/share/federations]
directory: /home/travis/build/icyphy/ptII/org/hlacerti/test/auto/FEDfiles
Federate: BadClassN - Federation: PublisherBadClassName - RTI launched.
Federate: BadClassN - Federation: PublisherBadClassName - Creating RTI Ambassador
Federate: BadClassN - Federation: PublisherBadClassName - RTI Ambassador created.
Federate: BadClassN - Federation: PublisherBadClassName - Creating Federation execution.
Federate: BadClassN - Federation: PublisherBadClassName - createFederationExecution: FED file on RTIG machine = 1PublisherBadClassName.fed
Federate: BadClassN - Federation: PublisherBadClassName - Joining the federation.
Federate: BadClassN - Federation: PublisherBadClassName - initialize() - federation joined
Federate: BadClassN - Federation: PublisherBadClassName - Initializing the RTI Ambassador
Federate: BadClassN - Federation: PublisherBadClassName - wrapup() - Unsubscribing to HLA attributes.
Federate: BadClassN - Federation: PublisherBadClassName - wrapup() - Unpublishing HLA attributes.
Federate: BadClassN - Federation: PublisherBadClassName - wrapup() - Resigning Federation execution
Federate: BadClassN - Federation: PublisherBadClassName - wrapup() - Resigned Federation execution
Federate: BadClassN - Federation: PublisherBadClassName - wrapup() - Destroying the federation.
Federate: BadClassN - Federation: PublisherBadClassName - wrapup() - Federation destroyed by this federate.
Federate: BadClassN - Federation: PublisherBadClassName - **** Killing the RTIG process (if authorized by the system)
CertiRtig: .1PublisherBadClassN.HlaManager: About to terminate RTIG by sending it SIGINT.
Federate: BadClassN - Federation: PublisherBadClassName - ----------------------- End execution.
.1PublisherBadClassN.TestExceptionAttribute: initialize() was not invoked, but wrapup() was.  This is unusual, but not always a problem.  For example, exporting JNLP will do this.
1538 ms. Memory: 129024K Free: 72169K (56%)
----------------- Invoking toplevel() on ptolemy.moml.MoMLSimpleApplication@7456fc7b
----------------- Done invoking toplevel() on ptolemy.moml.MoMLSimpleApplication@7456fc7b
reloadAllAccessors: .1PublisherBadClassN

===========================================================================================
----------------- testing Wed Jul 06 02:12:57 UTC 2022 /home/travis/build/icyphy/ptII/org/hlacerti/test/auto/1PublisherBadClassN_1516.xml
----------------- Wed Jul 06 02:12:57 UTC 2022 About to sleep for 5.0 seconds before running or rerunning.  Test is: /home/travis/build/icyphy/ptII/org/hlacerti/test/auto/1PublisherBadClassN_1516.xml
Done sleeping
----------------- Instantiating /home/travis/build/icyphy/ptII/org/hlacerti/test/auto/1PublisherBadClassN_1516.xml
HLA version is 1516-2010.
HLA version is 1516-2010.
Federate: BadClassN1516 - Federation: 1PublisherBadClassName1516 - preinitialize() - CERTI_FOM_PATH = /home/travis/pthla/certi-tools/share/federations
Value of launch rtig : true
Federate: BadClassN1516 - Federation: 1PublisherBadClassName1516 - Creating RTI Ambassador
Federate: BadClassN1516 - Federation: 1PublisherBadClassName1516 - preinitialize() - **** No RTI running.
Federate: BadClassN1516 - Federation: 1PublisherBadClassName1516 - preinitialize() - Launching CERTI RTI  in directory /home/travis/build/icyphy/ptII/org/hlacerti/test
CertiRtig: the os.name property is: Linux
CertiRtig: .1PublisherBadClassN_1516.HlaManager: About to invoke rtig: 
command: [/bin/bash, -c, /home/travis/pthla/certi-tools/bin/rtig]
environment: [LD_LIBRARY_PATH=/home/travis/pthla/certi-tools/lib:/home/travis/pthla/certi-tools/lib:/usr/lib/jni:/usr/local/share/OpenCV/java/:/usr/share/OpenCV/java:, CERTI_FOM_PATH=/home/travis/pthla/certi-tools/share/federations]
directory: /home/travis/build/icyphy/ptII/org/hlacerti/test/auto/FEDfiles
Federate: BadClassN1516 - Federation: 1PublisherBadClassName1516 - RTI launched.
Federate: BadClassN1516 - Federation: 1PublisherBadClassName1516 - Creating RTI Ambassador
Federate: BadClassN1516 - Federation: 1PublisherBadClassName1516 - RTI Ambassador created.
Federate: BadClassN1516 - Federation: 1PublisherBadClassName1516 - Creating Federation execution.
Federate: BadClassN1516 - Federation: 1PublisherBadClassName1516 - createFederationExecution: FED file on RTIG machine = 1PublisherBadClassName.xml
Federate: BadClassN1516 - Federation: 1PublisherBadClassName1516 - Joining the federation.
Federate: BadClassN1516 - Federation: 1PublisherBadClassName1516 - initialize() - federation joined
Federate: BadClassN1516 - Federation: 1PublisherBadClassName1516 - Initializing the RTI Ambassador
Federate: BadClassN1516 - Federation: 1PublisherBadClassName1516 - wrapup() - Unsubscribing to HLA attributes.
Federate: BadClassN1516 - Federation: 1PublisherBadClassName1516 - wrapup() - Unpublishing HLA attributes.
Federate: BadClassN1516 - Federation: 1PublisherBadClassName1516 - wrapup() - Resigning Federation execution
Federate: BadClassN1516 - Federation: 1PublisherBadClassName1516 - wrapup() - Resigned Federation execution
Federate: BadClassN1516 - Federation: 1PublisherBadClassName1516 - wrapup() - Destroying the federation.
Federate: BadClassN1516 - Federation: 1PublisherBadClassName1516 - wrapup() - Federation destroyed by this federate.
Federate: BadClassN1516 - Federation: 1PublisherBadClassName1516 - **** Killing the RTIG process (if authorized by the system)
CertiRtig: .1PublisherBadClassN_1516.HlaManager: About to terminate RTIG by sending it SIGINT.
Federate: BadClassN1516 - Federation: 1PublisherBadClassName1516 - ----------------------- End execution.
.1PublisherBadClassN_1516.TestExceptionAttribute: initialize() was not invoked, but wrapup() was.  This is unusual, but not always a problem.  For example, exporting JNLP will do this.
1641 ms. Memory: 129024K Free: 66538K (52%)
----------------- Invoking toplevel() on ptolemy.moml.MoMLSimpleApplication@3c02ed95
----------------- Done invoking toplevel() on ptolemy.moml.MoMLSimpleApplication@3c02ed95
reloadAllAccessors: .1PublisherBadClassN_1516

===========================================================================================
----------------- testing Wed Jul 06 02:13:03 UTC 2022 /home/travis/build/icyphy/ptII/org/hlacerti/test/auto/1SubscriberBadAttributeN.xml
----------------- Wed Jul 06 02:13:03 UTC 2022 About to sleep for 5.0 seconds before running or rerunning.  Test is: /home/travis/build/icyphy/ptII/org/hlacerti/test/auto/1SubscriberBadAttributeN.xml
Done sleeping
----------------- Instantiating /home/travis/build/icyphy/ptII/org/hlacerti/test/auto/1SubscriberBadAttributeN.xml
HLA version is 1.3.
HLA version is 1.3.
Federate: SubsBadAttrN - Federation: SubscriberBadAttributeName - preinitialize() - CERTI_FOM_PATH = /home/travis/pthla/certi-tools/share/federations
Federate: SubsBadAttrN - Federation: SubscriberBadAttributeName - Creating RTI Ambassador
Federate: SubsBadAttrN - Federation: SubscriberBadAttributeName - preinitialize() - **** No RTI running.
Federate: SubsBadAttrN - Federation: SubscriberBadAttributeName - preinitialize() - Launching CERTI RTI  in directory /home/travis/build/icyphy/ptII/org/hlacerti/test
CertiRtig: the os.name property is: Linux
CertiRtig: .1SubscriberBadAttributeN.HlaManager: About to invoke rtig: 
command: [/bin/bash, -c, /home/travis/pthla/certi-tools/bin/rtig]
environment: [LD_LIBRARY_PATH=/home/travis/pthla/certi-tools/lib:/home/travis/pthla/certi-tools/lib:/usr/lib/jni:/usr/local/share/OpenCV/java/:/usr/share/OpenCV/java:, CERTI_FOM_PATH=/home/travis/pthla/certi-tools/share/federations]
directory: /home/travis/build/icyphy/ptII/org/hlacerti/test/auto/FEDfiles
Federate: SubsBadAttrN - Federation: SubscriberBadAttributeName - RTI launched.
Federate: SubsBadAttrN - Federation: SubscriberBadAttributeName - Creating RTI Ambassador
Federate: SubsBadAttrN - Federation: SubscriberBadAttributeName - RTI Ambassador created.
Federate: SubsBadAttrN - Federation: SubscriberBadAttributeName - Creating Federation execution.
Federate: SubsBadAttrN - Federation: SubscriberBadAttributeName - createFederationExecution: FED file on RTIG machine = 1SubscriberBadAttributeName.fed
Federate: SubsBadAttrN - Federation: SubscriberBadAttributeName - Joining the federation.
Federate: SubsBadAttrN - Federation: SubscriberBadAttributeName - initialize() - federation joined
Federate: SubsBadAttrN - Federation: SubscriberBadAttributeName - Initializing the RTI Ambassador
Federate: SubsBadAttrN - Federation: SubscriberBadAttributeName - wrapup() - Unsubscribing to HLA attributes.
Federate: SubsBadAttrN - Federation: SubscriberBadAttributeName - wrapup() - Resigning Federation execution
Federate: SubsBadAttrN - Federation: SubscriberBadAttributeName - wrapup() - Resigned Federation execution
[...]
	at ptolemy.actor.lib.hoc.ModelReference.executionError(ModelReference.java:450)
	at ptolemy.actor.Manager$ErrorReportingThread.run(Manager.java:1908)
Caused by: ptolemy.kernel.util.IllegalActionException: RTIG could not find FED file: StaticMultiInstance12.xml
  in .DistributedReceiver1.HlaManager
Because:
Module not found
	at org.hlacerti.lib.HlaManager1516e.initialize(HlaManager1516e.java:787)
	at org.hlacerti.lib.HlaManager.initialize(HlaManager.java:900)
	at ptolemy.actor.CompositeActor.initialize(CompositeActor.java:912)
	at ptolemy.actor.Manager.initialize(Manager.java:724)
	at ptolemy.actor.Manager.execute(Manager.java:356)
	at ptolemy.actor.lib.hoc.ModelReference$1.run(ModelReference.java:626)
Caused by: hla.rti1516e.exceptions.CouldNotOpenFDD: Module not found
	at certi.rti1516e.impl.CertiRtiAmbassador.translateException(CertiRtiAmbassador.java:4042)
	at certi.rti1516e.impl.CertiRtiAmbassador.processRequest(CertiRtiAmbassador.java:3948)
	at certi.rti1516e.impl.CertiRtiAmbassador.createFederationExecution(CertiRtiAmbassador.java:424)
	at org.hlacerti.lib.HlaManager1516e.initialize(HlaManager1516e.java:751)
	... 5 more
java.lang.RuntimeException: Execution failed
	at ptolemy.moml.MoMLSimpleApplication$UnloadThread.run(MoMLSimpleApplication.java:402)
Caused by: ptolemy.kernel.util.IllegalActionException: Execution failed.
  in .1Value2Instances_1516.DistributedSender1
Because:
RTIG could not find FED file: StaticMultiInstance12.xml
  in .DistributedSender1.HlaManager
Because:
Module not found
	at ptolemy.actor.lib.hoc.ModelReference.fire(ModelReference.java:588)
	at ptolemy.vergil.actor.lib.VisualModelReference.fire(VisualModelReference.java:414)
	at ptolemy.actor.AtomicActor.iterate(AtomicActor.java:512)
	at ptolemy.actor.Director.fire(Director.java:360)
	at ptolemy.actor.CompositeActor.fire(CompositeActor.java:455)
	at ptolemy.actor.Manager.iterate(Manager.java:851)
	at ptolemy.actor.Manager.execute(Manager.java:369)
	at ptolemy.actor.Manager.run(Manager.java:1263)
	at ptolemy.actor.Manager$PtolemyRunThread.run(Manager.java:1933)
Caused by: ptolemy.kernel.util.IllegalActionException: RTIG could not find FED file: StaticMultiInstance12.xml
  in .DistributedSender1.HlaManager
Because:
Module not found
	at org.hlacerti.lib.HlaManager1516e.initialize(HlaManager1516e.java:787)
	at org.hlacerti.lib.HlaManager.initialize(HlaManager.java:900)
	at ptolemy.actor.CompositeActor.initialize(CompositeActor.java:912)
	at ptolemy.actor.Manager.initialize(Manager.java:724)
	at ptolemy.actor.Manager.execute(Manager.java:356)
	at ptolemy.actor.lib.hoc.ModelReference.fire(ModelReference.java:586)
	... 8 more
Caused by: hla.rti1516e.exceptions.CouldNotOpenFDD: Module not found
	at certi.rti1516e.impl.CertiRtiAmbassador.translateException(CertiRtiAmbassador.java:4042)
	at certi.rti1516e.impl.CertiRtiAmbassador.processRequest(CertiRtiAmbassador.java:3948)
	at certi.rti1516e.impl.CertiRtiAmbassador.createFederationExecution(CertiRtiAmbassador.java:424)
	at org.hlacerti.lib.HlaManager1516e.initialize(HlaManager1516e.java:751)
	... 13 more
Jul 06, 2022 2:13:56 AM hla.rti1516e.impl.CertiRtiFactory getRtiAmbassador
INFO:         getRtiAmbassador
Jul 06, 2022 2:13:56 AM hla.rti1516e.impl.CertiRtiFactory getRtiAmbassador
INFO:         getRtiAmbassador
Jul 06, 2022 2:13:57 AM hla.rti1516e.impl.CertiRtiFactory getRtiAmbassador
INFO:         getRtiAmbassador
java.lang.RuntimeException: Execution failed
	at ptolemy.moml.MoMLSimpleApplication$UnloadThread.run(MoMLSimpleApplication.java:402)
Caused by: ptolemy.kernel.util.IllegalActionException: Execution failed.
  in .2Classes2Values2Instances_1516.DistributedSender1
Because:
RTIG could not find FED file: StaticMultiInstance222.xml
  in .DistributedSender1.HlaManager
Because:
Module not found
	at ptolemy.actor.lib.hoc.ModelReference.fire(ModelReference.java:588)
	at ptolemy.vergil.actor.lib.VisualModelReference.fire(VisualModelReference.java:414)
	at ptolemy.actor.AtomicActor.iterate(AtomicActor.java:512)
	at ptolemy.actor.Director.fire(Director.java:360)
	at ptolemy.actor.CompositeActor.fire(CompositeActor.java:455)
	at ptolemy.actor.Manager.iterate(Manager.java:851)
	at ptolemy.actor.Manager.execute(Manager.java:369)
	at ptolemy.actor.Manager.run(Manager.java:1263)
	at ptolemy.actor.Manager$PtolemyRunThread.run(Manager.java:1933)
Caused by: ptolemy.kernel.util.IllegalActionException: RTIG could not find FED file: StaticMultiInstance222.xml
  in .DistributedSender1.HlaManager
Because:
Module not found
	at org.hlacerti.lib.HlaManager1516e.initialize(HlaManager1516e.java:787)
	at org.hlacerti.lib.HlaManager.initialize(HlaManager.java:900)
	at ptolemy.actor.CompositeActor.initialize(CompositeActor.java:912)
	at ptolemy.actor.Manager.initialize(Manager.java:724)
	at ptolemy.actor.Manager.execute(Manager.java:356)
	at ptolemy.actor.lib.hoc.ModelReference.fire(ModelReference.java:586)
	... 8 more
Caused by: hla.rti1516e.exceptions.CouldNotOpenFDD: Module not found
	at certi.rti1516e.impl.CertiRtiAmbassador.translateException(CertiRtiAmbassador.java:4042)
	at certi.rti1516e.impl.CertiRtiAmbassador.processRequest(CertiRtiAmbassador.java:3948)
	at certi.rti1516e.impl.CertiRtiAmbassador.createFederationExecution(CertiRtiAmbassador.java:424)
	at org.hlacerti.lib.HlaManager1516e.initialize(HlaManager1516e.java:751)
	... 13 more
ptolemy.kernel.util.IllegalActionException: RTIG could not find FED file: StaticMultiInstance222.xml
  in .DistributedReceiver1.HlaManager
Because:
Module not found
	at org.hlacerti.lib.HlaManager1516e.initialize(HlaManager1516e.java:787)
	at org.hlacerti.lib.HlaManager.initialize(HlaManager.java:900)
	at ptolemy.actor.CompositeActor.initialize(CompositeActor.java:912)
	at ptolemy.actor.Manager.initialize(Manager.java:724)
	at ptolemy.actor.Manager.execute(Manager.java:356)
	at ptolemy.actor.lib.hoc.ModelReference$1.run(ModelReference.java:626)
Caused by: hla.rti1516e.exceptions.CouldNotOpenFDD: Module not found
	at certi.rti1516e.impl.CertiRtiAmbassador.translateException(CertiRtiAmbassador.java:4042)
	at certi.rti1516e.impl.CertiRtiAmbassador.processRequest(CertiRtiAmbassador.java:3948)
	at certi.rti1516e.impl.CertiRtiAmbassador.createFederationExecution(CertiRtiAmbassador.java:424)
	at org.hlacerti.lib.HlaManager1516e.initialize(HlaManager1516e.java:751)
	... 5 more
Caused by: hla.rti1516e.exceptions.CouldNotOpenFDD: Module not found
	at certi.rti1516e.impl.CertiRtiAmbassador.translateException(CertiRtiAmbassador.java:4042)
	at certi.rti1516e.impl.CertiRtiAmbassador.processRequest(CertiRtiAmbassador.java:3948)
	at certi.rti1516e.impl.CertiRtiAmbassador.createFederationExecution(CertiRtiAmbassador.java:424)
	at org.hlacerti.lib.HlaManager1516e.initialize(HlaManager1516e.java:751)
	at org.hlacerti.lib.HlaManager.initialize(HlaManager.java:900)
	at ptolemy.actor.CompositeActor.initialize(CompositeActor.java:912)
	at ptolemy.actor.Manager.initialize(Manager.java:724)
	at ptolemy.actor.Manager.execute(Manager.java:356)
	at ptolemy.actor.lib.hoc.ModelReference$1.run(ModelReference.java:626)
java.lang.RuntimeException: ptolemy.kernel.util.IllegalActionException: RTIG could not find FED file: StaticMultiInstance222.xml
  in .DistributedReceiver1.HlaManager
Because:
Module not found
	at ptolemy.util.MessageHandler.error(MessageHandler.java:115)
	at ptolemy.actor.lib.hoc.ModelReference.executionError(ModelReference.java:450)
	at ptolemy.actor.Manager$ErrorReportingThread.run(Manager.java:1908)
Caused by: ptolemy.kernel.util.IllegalActionException: RTIG could not find FED file: StaticMultiInstance222.xml
  in .DistributedReceiver1.HlaManager
Because:
Module not found
	at org.hlacerti.lib.HlaManager1516e.initialize(HlaManager1516e.java:787)
	at org.hlacerti.lib.HlaManager.initialize(HlaManager.java:900)
	at ptolemy.actor.CompositeActor.initialize(CompositeActor.java:912)
	at ptolemy.actor.Manager.initialize(Manager.java:724)
	at ptolemy.actor.Manager.execute(Manager.java:356)
	at ptolemy.actor.lib.hoc.ModelReference$1.run(ModelReference.java:626)
Caused by: hla.rti1516e.exceptions.CouldNotOpenFDD: Module not found
	at certi.rti1516e.impl.CertiRtiAmbassador.translateException(CertiRtiAmbassador.java:4042)
	at certi.rti1516e.impl.CertiRtiAmbassador.processRequest(CertiRtiAmbassador.java:3948)
	at certi.rti1516e.impl.CertiRtiAmbassador.createFederationExecution(CertiRtiAmbassador.java:424)
	at org.hlacerti.lib.HlaManager1516e.initialize(HlaManager1516e.java:751)
	... 5 more
Jul 06, 2022 2:14:12 AM hla.rti1516e.impl.CertiRtiFactory getRtiAmbassador
INFO:         getRtiAmbassador
Jul 06, 2022 2:14:12 AM hla.rti1516e.impl.CertiRtiFactory getRtiAmbassador
INFO:         getRtiAmbassador
Jul 06, 2022 2:14:13 AM hla.rti1516e.impl.CertiRtiFactory getRtiAmbassador
INFO:         getRtiAmbassador
java.lang.RuntimeException: Execution failed
	at ptolemy.moml.MoMLSimpleApplication$UnloadThread.run(MoMLSimpleApplication.java:402)
Caused by: ptolemy.kernel.util.IllegalActionException: Execution failed.
  in .2Values1Instance_1516.DistributedSender1
Because:
RTIG could not find FED file: StaticMultiInstance21.xml
  in .DistributedSender1.HlaManager
Because:
Module not found
	at ptolemy.actor.lib.hoc.ModelReference.fire(ModelReference.java:588)
	at ptolemy.vergil.actor.lib.VisualModelReference.fire(VisualModelReference.java:414)
	at ptolemy.actor.AtomicActor.iterate(AtomicActor.java:512)
	at ptolemy.actor.Director.fire(Director.java:360)
	at ptolemy.actor.CompositeActor.fire(CompositeActor.java:455)
	at ptolemy.actor.Manager.iterate(Manager.java:851)
	at ptolemy.actor.Manager.execute(Manager.java:369)
	at ptolemy.actor.Manager.run(Manager.java:1263)
	at ptolemy.actor.Manager$PtolemyRunThread.run(Manager.java:1933)
Caused by: ptolemy.kernel.util.IllegalActionException: RTIG could not find FED file: StaticMultiInstance21.xml
  in .DistributedSender1.HlaManager
Because:
Module not found
	at org.hlacerti.lib.HlaManager1516e.initialize(HlaManager1516e.java:787)
	at org.hlacerti.lib.HlaManager.initialize(HlaManager.java:900)
	at ptolemy.actor.CompositeActor.initialize(CompositeActor.java:912)
	at ptolemy.actor.Manager.initialize(Manager.java:724)
	at ptolemy.actor.Manager.execute(Manager.java:356)
	at ptolemy.actor.lib.hoc.ModelReference.fire(ModelReference.java:586)
	... 8 more
Caused by: hla.rti1516e.exceptions.CouldNotOpenFDD: Module not found
	at certi.rti1516e.impl.CertiRtiAmbassador.translateException(CertiRtiAmbassador.java:4042)
	at certi.rti1516e.impl.CertiRtiAmbassador.processRequest(CertiRtiAmbassador.java:3948)
	at certi.rti1516e.impl.CertiRtiAmbassador.createFederationExecution(CertiRtiAmbassador.java:424)
	at org.hlacerti.lib.HlaManager1516e.initialize(HlaManager1516e.java:751)
	... 13 more
ptolemy.kernel.util.IllegalActionException: RTIG could not find FED file: StaticMultiInstance21.xml
  in .DistributedReceiver1.HlaManager
Because:
Module not found
	at org.hlacerti.lib.HlaManager1516e.initialize(HlaManager1516e.java:787)
	at org.hlacerti.lib.HlaManager.initialize(HlaManager.java:900)
	at ptolemy.actor.CompositeActor.initialize(CompositeActor.java:912)
	at ptolemy.actor.Manager.initialize(Manager.java:724)
	at ptolemy.actor.Manager.execute(Manager.java:356)
	at ptolemy.actor.lib.hoc.ModelReference$1.run(ModelReference.java:626)
Caused by: hla.rti1516e.exceptions.CouldNotOpenFDD: Module not found
	at certi.rti1516e.impl.CertiRtiAmbassador.translateException(CertiRtiAmbassador.java:4042)
	at certi.rti1516e.impl.CertiRtiAmbassador.processRequest(CertiRtiAmbassador.java:3948)
	at certi.rti1516e.impl.CertiRtiAmbassador.createFederationExecution(CertiRtiAmbassador.java:424)
	at org.hlacerti.lib.HlaManager1516e.initialize(HlaManager1516e.java:751)
	... 5 more
Caused by: hla.rti1516e.exceptions.CouldNotOpenFDD: Module not found
	at certi.rti1516e.impl.CertiRtiAmbassador.translateException(CertiRtiAmbassador.java:4042)
	at certi.rti1516e.impl.CertiRtiAmbassador.processRequest(CertiRtiAmbassador.java:3948)
	at certi.rti1516e.impl.CertiRtiAmbassador.createFederationExecution(CertiRtiAmbassador.java:424)
	at org.hlacerti.lib.HlaManager1516e.initialize(HlaManager1516e.java:751)
	at org.hlacerti.lib.HlaManager.initialize(HlaManager.java:900)
	at ptolemy.actor.CompositeActor.initialize(CompositeActor.java:912)
	at ptolemy.actor.Manager.initialize(Manager.java:724)
	at ptolemy.actor.Manager.execute(Manager.java:356)
	at ptolemy.actor.lib.hoc.ModelReference$1.run(ModelReference.java:626)
java.lang.RuntimeException: ptolemy.kernel.util.IllegalActionException: RTIG could not find FED file: StaticMultiInstance21.xml
  in .DistributedReceiver1.HlaManager
Because:
Module not found
	at ptolemy.util.MessageHandler.error(MessageHandler.java:115)
	at ptolemy.actor.lib.hoc.ModelReference.executionError(ModelReference.java:450)
	at ptolemy.actor.Manager$ErrorReportingThread.run(Manager.java:1908)
Caused by: ptolemy.kernel.util.IllegalActionException: RTIG could not find FED file: StaticMultiInstance21.xml
  in .DistributedReceiver1.HlaManager
Because:
Module not found
	at org.hlacerti.lib.HlaManager1516e.initialize(HlaManager1516e.java:787)
	at org.hlacerti.lib.HlaManager.initialize(HlaManager.java:900)
	at ptolemy.actor.CompositeActor.initialize(CompositeActor.java:912)
	at ptolemy.actor.Manager.initialize(Manager.java:724)
	at ptolemy.actor.Manager.execute(Manager.java:356)
	at ptolemy.actor.lib.hoc.ModelReference$1.run(ModelReference.java:626)
Caused by: hla.rti1516e.exceptions.CouldNotOpenFDD: Module not found
	at certi.rti1516e.impl.CertiRtiAmbassador.translateException(CertiRtiAmbassador.java:4042)
	at certi.rti1516e.impl.CertiRtiAmbassador.processRequest(CertiRtiAmbassador.java:3948)
	at certi.rti1516e.impl.CertiRtiAmbassador.createFederationExecution(CertiRtiAmbassador.java:424)
	at org.hlacerti.lib.HlaManager1516e.initialize(HlaManager1516e.java:751)
	... 5 more
Jul 06, 2022 2:14:26 AM hla.rti1516e.impl.CertiRtiFactory getRtiAmbassador
INFO:         getRtiAmbassador
Jul 06, 2022 2:14:26 AM hla.rti1516e.impl.CertiRtiFactory getRtiAmbassador
INFO:         getRtiAmbassador
Jul 06, 2022 2:14:27 AM hla.rti1516e.impl.CertiRtiFactory getRtiAmbassador
INFO:         getRtiAmbassador
ptolemy.kernel.util.IllegalActionException: RTIG could not find FED file: StaticMultiInstance22.xml
  in .DistributedReceiver1.HlaManager
Because:
Module not found
	at org.hlacerti.lib.HlaManager1516e.initialize(HlaManager1516e.java:787)
	at org.hlacerti.lib.HlaManager.initialize(HlaManager.java:900)
	at ptolemy.actor.CompositeActor.initialize(CompositeActor.java:912)
	at ptolemy.actor.Manager.initialize(Manager.java:724)
	at ptolemy.actor.Manager.execute(Manager.java:356)
	at ptolemy.actor.lib.hoc.ModelReference$1.run(ModelReference.java:626)
Caused by: hla.rti1516e.exceptions.CouldNotOpenFDD: Module not found
	at certi.rti1516e.impl.CertiRtiAmbassador.translateException(CertiRtiAmbassador.java:4042)
	at certi.rti1516e.impl.CertiRtiAmbassador.processRequest(CertiRtiAmbassador.java:3948)
	at certi.rti1516e.impl.CertiRtiAmbassador.createFederationExecution(CertiRtiAmbassador.java:424)
	at org.hlacerti.lib.HlaManager1516e.initialize(HlaManager1516e.java:751)
	... 5 more
Caused by: hla.rti1516e.exceptions.CouldNotOpenFDD: Module not found
	at certi.rti1516e.impl.CertiRtiAmbassador.translateException(CertiRtiAmbassador.java:4042)
	at certi.rti1516e.impl.CertiRtiAmbassador.processRequest(CertiRtiAmbassador.java:3948)
	at certi.rti1516e.impl.CertiRtiAmbassador.createFederationExecution(CertiRtiAmbassador.java:424)
	at org.hlacerti.lib.HlaManager1516e.initialize(HlaManager1516e.java:751)
	at org.hlacerti.lib.HlaManager.initialize(HlaManager.java:900)
	at ptolemy.actor.CompositeActor.initialize(CompositeActor.java:912)
	at ptolemy.actor.Manager.initialize(Manager.java:724)
	at ptolemy.actor.Manager.execute(Manager.java:356)
	at ptolemy.actor.lib.hoc.ModelReference$1.run(ModelReference.java:626)
java.lang.RuntimeException: ptolemy.kernel.util.IllegalActionException: RTIG could not find FED file: StaticMultiInstance22.xml
  in .DistributedReceiver1.HlaManager
Because:
Module not found
	at ptolemy.util.MessageHandler.error(MessageHandler.java:115)
	at ptolemy.actor.lib.hoc.ModelReference.executionError(ModelReference.java:450)
	at ptolemy.actor.Manager$ErrorReportingThread.run(Manager.java:1908)
Caused by: ptolemy.kernel.util.IllegalActionException: RTIG could not find FED file: StaticMultiInstance22.xml
  in .DistributedReceiver1.HlaManager
Because:
Module not found
	at org.hlacerti.lib.HlaManager1516e.initialize(HlaManager1516e.java:787)
	at org.hlacerti.lib.HlaManager.initialize(HlaManager.java:900)
	at ptolemy.actor.CompositeActor.initialize(CompositeActor.java:912)
	at ptolemy.actor.Manager.initialize(Manager.java:724)
	at ptolemy.actor.Manager.execute(Manager.java:356)
	at ptolemy.actor.lib.hoc.ModelReference$1.run(ModelReference.java:626)
Caused by: hla.rti1516e.exceptions.CouldNotOpenFDD: Module not found
	at certi.rti1516e.impl.CertiRtiAmbassador.translateException(CertiRtiAmbassador.java:4042)
	at certi.rti1516e.impl.CertiRtiAmbassador.processRequest(CertiRtiAmbassador.java:3948)
	at certi.rti1516e.impl.CertiRtiAmbassador.createFederationExecution(CertiRtiAmbassador.java:424)
	at org.hlacerti.lib.HlaManager1516e.initialize(HlaManager1516e.java:751)
	... 5 more
java.lang.RuntimeException: Execution failed
	at ptolemy.moml.MoMLSimpleApplication$UnloadThread.run(MoMLSimpleApplication.java:402)
Caused by: ptolemy.kernel.util.IllegalActionException: Execution failed.
  in .2Values2Instances_1516.DistributedSender1
Because:
RTIG could not find FED file: StaticMultiInstance22.xml
  in .DistributedSender1.HlaManager
Because:
Module not found
	at ptolemy.actor.lib.hoc.ModelReference.fire(ModelReference.java:588)
	at ptolemy.vergil.actor.lib.VisualModelReference.fire(VisualModelReference.java:414)
	at ptolemy.actor.AtomicActor.iterate(AtomicActor.java:512)
	at ptolemy.actor.Director.fire(Director.java:360)
	at ptolemy.actor.CompositeActor.fire(CompositeActor.java:455)
	at ptolemy.actor.Manager.iterate(Manager.java:851)
	at ptolemy.actor.Manager.execute(Manager.java:369)
	at ptolemy.actor.Manager.run(Manager.java:1263)
	at ptolemy.actor.Manager$PtolemyRunThread.run(Manager.java:1933)
Caused by: ptolemy.kernel.util.IllegalActionException: RTIG could not find FED file: StaticMultiInstance22.xml
  in .DistributedSender1.HlaManager
Because:
Module not found
	at org.hlacerti.lib.HlaManager1516e.initialize(HlaManager1516e.java:787)
	at org.hlacerti.lib.HlaManager.initialize(HlaManager.java:900)
	at ptolemy.actor.CompositeActor.initialize(CompositeActor.java:912)
	at ptolemy.actor.Manager.initialize(Manager.java:724)
	at ptolemy.actor.Manager.execute(Manager.java:356)
	at ptolemy.actor.lib.hoc.ModelReference.fire(ModelReference.java:586)
	... 8 more
Caused by: hla.rti1516e.exceptions.CouldNotOpenFDD: Module not found
	at certi.rti1516e.impl.CertiRtiAmbassador.translateException(CertiRtiAmbassador.java:4042)
	at certi.rti1516e.impl.CertiRtiAmbassador.processRequest(CertiRtiAmbassador.java:3948)
	at certi.rti1516e.impl.CertiRtiAmbassador.createFederationExecution(CertiRtiAmbassador.java:424)
	at org.hlacerti.lib.HlaManager1516e.initialize(HlaManager1516e.java:751)
	... 13 more
Jul 06, 2022 2:14:39 AM hla.rti1516e.impl.CertiRtiFactory getRtiAmbassador
INFO:         getRtiAmbassador
Jul 06, 2022 2:14:39 AM hla.rti1516e.impl.CertiRtiFactory getRtiAmbassador
INFO:         getRtiAmbassador
Jul 06, 2022 2:14:52 AM hla.rti1516e.impl.CertiRtiFactory getRtiAmbassador
INFO:         getRtiAmbassador
Jul 06, 2022 2:14:52 AM hla.rti1516e.impl.CertiRtiFactory getRtiAmbassador
INFO:         getRtiAmbassador
Jul 06, 2022 2:15:08 AM hla.rti1516e.impl.CertiRtiFactory getRtiAmbassador
INFO:         getRtiAmbassador
Jul 06, 2022 2:15:08 AM hla.rti1516e.impl.CertiRtiFactory getRtiAmbassador
INFO:         getRtiAmbassador
Jul 06, 2022 2:15:09 AM hla.rti1516e.impl.CertiRtiFactory getRtiAmbassador
INFO:         getRtiAmbassador
]]></system-err>
</testsuite>
