<?xml version="1.0" encoding="UTF-8" ?>
<testsuite errors="0" failures="0" hostname="travis-job-96c4a6ed-69a4-4f45-9116-c38ac51066d5" name="ptolemy.domains.continuous.test.junit.JUnitTclTest" skipped="0" tests="156" time="68.245" timestamp="2022-06-06T02:07:48">
  <properties>
[...]
</properties>
  <testcase classname="ptolemy.util.test.junit.TclTests" name="[0] ThereAreNoTclTests (RunTclFile)" time="0.009" />
  <testcase classname="ptolemy.util.test.junit.AutoKnownFailedTests" name="[0] ThereAreNoKnowFailedTests (RunModel)" time="0.002" />
  <testcase classname="ptolemy.util.test.junit.AutoNameArchTests" name="[0] ThereAreNoAutoArchTests (RunModel)" time="0.025" />
  <testcase classname="ptolemy.util.test.junit.AutoTests" name="[0] /home/travis/build/icyphy/ptII/ptolemy/domains/continuous/test/auto/BouncingBall.xml (RunModel)" time="3.128" />
  <testcase classname="ptolemy.util.test.junit.AutoTests" name="[1] /home/travis/build/icyphy/ptII/ptolemy/domains/continuous/test/auto/BouncingBallWithoutGR.xml (RunModel)" time="0.733" />
  <testcase classname="ptolemy.util.test.junit.AutoTests" name="[2] /home/travis/build/icyphy/ptII/ptolemy/domains/continuous/test/auto/Brownian.xml (RunModel)" time="0.091" />
  <testcase classname="ptolemy.util.test.junit.AutoTests" name="[3] /home/travis/build/icyphy/ptII/ptolemy/domains/continuous/test/auto/CarTracking.xml (RunModel)" time="4.08" />
  <testcase classname="ptolemy.util.test.junit.AutoTests" name="[4] /home/travis/build/icyphy/ptII/ptolemy/domains/continuous/test/auto/CartPendulum.xml (RunModel)" time="0.493" />
  <testcase classname="ptolemy.util.test.junit.AutoTests" name="[5] /home/travis/build/icyphy/ptII/ptolemy/domains/continuous/test/auto/CausalityInterface10.xml (RunModel)" time="0.057" />
  <testcase classname="ptolemy.util.test.junit.AutoTests" name="[6] /home/travis/build/icyphy/ptII/ptolemy/domains/continuous/test/auto/CausalityInterface11.xml (RunModel)" time="0.035" />
  <testcase classname="ptolemy.util.test.junit.AutoTests" name="[7] /home/travis/build/icyphy/ptII/ptolemy/domains/continuous/test/auto/CausalityInterface12.xml (RunModel)" time="0.029" />
  <testcase classname="ptolemy.util.test.junit.AutoTests" name="[8] /home/travis/build/icyphy/ptII/ptolemy/domains/continuous/test/auto/CausalityInterface13.xml (RunModel)" time="0.025" />
  <testcase classname="ptolemy.util.test.junit.AutoTests" name="[9] /home/travis/build/icyphy/ptII/ptolemy/domains/continuous/test/auto/CausalityInterface14.xml (RunModel)" time="0.022" />
  <testcase classname="ptolemy.util.test.junit.AutoTests" name="[10] /home/travis/build/icyphy/ptII/ptolemy/domains/continuous/test/auto/CausalityInterface4.xml (RunModel)" time="0.03" />
  <testcase classname="ptolemy.util.test.junit.AutoTests" name="[11] /home/travis/build/icyphy/ptII/ptolemy/domains/continuous/test/auto/CausalityInterface5.xml (RunModel)" time="0.025" />
  <testcase classname="ptolemy.util.test.junit.AutoTests" name="[12] /home/travis/build/icyphy/ptII/ptolemy/domains/continuous/test/auto/CausalityInterface6.xml (RunModel)" time="0.054" />
  <testcase classname="ptolemy.util.test.junit.AutoTests" name="[13] /home/travis/build/icyphy/ptII/ptolemy/domains/continuous/test/auto/CausalityInterface7.xml (RunModel)" time="0.047" />
  <testcase classname="ptolemy.util.test.junit.AutoTests" name="[14] /home/travis/build/icyphy/ptII/ptolemy/domains/continuous/test/auto/CausalityInterface8.xml (RunModel)" time="0.036" />
  <testcase classname="ptolemy.util.test.junit.AutoTests" name="[15] /home/travis/build/icyphy/ptII/ptolemy/domains/continuous/test/auto/CausalityInterface9.xml (RunModel)" time="0.035" />
  <testcase classname="ptolemy.util.test.junit.AutoTests" name="[16] /home/travis/build/icyphy/ptII/ptolemy/domains/continuous/test/auto/CausalityInterfaceFeedback1.xml (RunModel)" time="0.026" />
  <testcase classname="ptolemy.util.test.junit.AutoTests" name="[17] /home/travis/build/icyphy/ptII/ptolemy/domains/continuous/test/auto/CausalityInterfaceFeedback2.xml (RunModel)" time="0.024" />
  <testcase classname="ptolemy.util.test.junit.AutoTests" name="[18] /home/travis/build/icyphy/ptII/ptolemy/domains/continuous/test/auto/CompareWithCurrentTime.xml (RunModel)" time="0.024" />
  <testcase classname="ptolemy.util.test.junit.AutoTests" name="[19] /home/travis/build/icyphy/ptII/ptolemy/domains/continuous/test/auto/ComparedClocks.xml (RunModel)" time="0.067" />
  <testcase classname="ptolemy.util.test.junit.AutoTests" name="[20] /home/travis/build/icyphy/ptII/ptolemy/domains/continuous/test/auto/ContinuousAOCClone.xml (RunModel)" time="2.435" />
  <testcase classname="ptolemy.util.test.junit.AutoTests" name="[21] /home/travis/build/icyphy/ptII/ptolemy/domains/continuous/test/auto/ContinuousClock.xml (RunModel)" time="0.088" />
  <testcase classname="ptolemy.util.test.junit.AutoTests" name="[22] /home/travis/build/icyphy/ptII/ptolemy/domains/continuous/test/auto/ContinuousInContinuous.xml (RunModel)" time="0.077" />
  <testcase classname="ptolemy.util.test.junit.AutoTests" name="[23] /home/travis/build/icyphy/ptII/ptolemy/domains/continuous/test/auto/ContinuousInContinuousInContinuous.xml (RunModel)" time="0.028" />
  <testcase classname="ptolemy.util.test.junit.AutoTests" name="[24] /home/travis/build/icyphy/ptII/ptolemy/domains/continuous/test/auto/ContinuousInDE.xml (RunModel)" time="0.086" />
  <testcase classname="ptolemy.util.test.junit.AutoTests" name="[25] /home/travis/build/icyphy/ptII/ptolemy/domains/continuous/test/auto/ContinuousInDE2.xml (RunModel)" time="0.054" />
  <testcase classname="ptolemy.util.test.junit.AutoTests" name="[26] /home/travis/build/icyphy/ptII/ptolemy/domains/continuous/test/auto/ContinuousInDE3.xml (RunModel)" time="0.048" />
  <testcase classname="ptolemy.util.test.junit.AutoTests" name="[27] /home/travis/build/icyphy/ptII/ptolemy/domains/continuous/test/auto/ContinuousInDE4.xml (RunModel)" time="0.031" />
  <testcase classname="ptolemy.util.test.junit.AutoTests" name="[28] /home/travis/build/icyphy/ptII/ptolemy/domains/continuous/test/auto/ContinuousInDEDifferentRefinements.xml (RunModel)" time="0.094" />
  <testcase classname="ptolemy.util.test.junit.AutoTests" name="[29] /home/travis/build/icyphy/ptII/ptolemy/domains/continuous/test/auto/ContinuousInDEDifferentRefinementsPreemptive.xml (RunModel)" time="0.076" />
  <testcase classname="ptolemy.util.test.junit.AutoTests" name="[30] /home/travis/build/icyphy/ptII/ptolemy/domains/continuous/test/auto/ContinuousInDEInContinuous2.xml (RunModel)" time="0.053" />
  <testcase classname="ptolemy.util.test.junit.AutoTests" name="[31] /home/travis/build/icyphy/ptII/ptolemy/domains/continuous/test/auto/ContinuousInDEInContinuous3.xml (RunModel)" time="0.058" />
  <testcase classname="ptolemy.util.test.junit.AutoTests" name="[32] /home/travis/build/icyphy/ptII/ptolemy/domains/continuous/test/auto/ContinuousInDEInput.xml (RunModel)" time="0.032" />
  <testcase classname="ptolemy.util.test.junit.AutoTests" name="[33] /home/travis/build/icyphy/ptII/ptolemy/domains/continuous/test/auto/ContinuousInDEInput2.xml (RunModel)" time="0.032" />
  <testcase classname="ptolemy.util.test.junit.AutoTests" name="[34] /home/travis/build/icyphy/ptII/ptolemy/domains/continuous/test/auto/ContinuousInDEInput3.xml (RunModel)" time="0.031" />
  <testcase classname="ptolemy.util.test.junit.AutoTests" name="[35] /home/travis/build/icyphy/ptII/ptolemy/domains/continuous/test/auto/ContinuousInDESharingRefinement.xml (RunModel)" time="0.191" />
  <testcase classname="ptolemy.util.test.junit.AutoTests" name="[36] /home/travis/build/icyphy/ptII/ptolemy/domains/continuous/test/auto/ContinuousInDEwithNoPorts.xml (RunModel)" time="0.022" />
  <testcase classname="ptolemy.util.test.junit.AutoTests" name="[37] /home/travis/build/icyphy/ptII/ptolemy/domains/continuous/test/auto/ContinuousInsideDE.xml (RunModel)" time="0.09" />
  <testcase classname="ptolemy.util.test.junit.AutoTests" name="[38] /home/travis/build/icyphy/ptII/ptolemy/domains/continuous/test/auto/ContinuousMerge1.xml (RunModel)" time="0.018" />
  <testcase classname="ptolemy.util.test.junit.AutoTests" name="[39] /home/travis/build/icyphy/ptII/ptolemy/domains/continuous/test/auto/ContinuousMerge2.xml (RunModel)" time="0.039" />
  <testcase classname="ptolemy.util.test.junit.AutoTests" name="[40] /home/travis/build/icyphy/ptII/ptolemy/domains/continuous/test/auto/ContinuousMerge3.xml (RunModel)" time="0.062" />
  <testcase classname="ptolemy.util.test.junit.AutoTests" name="[41] /home/travis/build/icyphy/ptII/ptolemy/domains/continuous/test/auto/ContinuousWithinContinuous.xml (RunModel)" time="0.05" />
  <testcase classname="ptolemy.util.test.junit.AutoTests" name="[42] /home/travis/build/icyphy/ptII/ptolemy/domains/continuous/test/auto/ContinuousWithinContinuous2.xml (RunModel)" time="0.074" />
  <testcase classname="ptolemy.util.test.junit.AutoTests" name="[43] /home/travis/build/icyphy/ptII/ptolemy/domains/continuous/test/auto/ContinuousWithinContinuous3.xml (RunModel)" time="0.028" />
  <testcase classname="ptolemy.util.test.junit.AutoTests" name="[44] /home/travis/build/icyphy/ptII/ptolemy/domains/continuous/test/auto/ContinuousWithinContinuous4.xml (RunModel)" time="0.08" />
  <testcase classname="ptolemy.util.test.junit.AutoTests" name="[45] /home/travis/build/icyphy/ptII/ptolemy/domains/continuous/test/auto/ContinuousWithinContinuous5.xml (RunModel)" time="0.034" />
  <testcase classname="ptolemy.util.test.junit.AutoTests" name="[46] /home/travis/build/icyphy/ptII/ptolemy/domains/continuous/test/auto/ContinuousWithinContinuous6.xml (RunModel)" time="0.032" />
  <testcase classname="ptolemy.util.test.junit.AutoTests" name="[47] /home/travis/build/icyphy/ptII/ptolemy/domains/continuous/test/auto/ContinuousWithinContinuous7.xml (RunModel)" time="0.062" />
  <testcase classname="ptolemy.util.test.junit.AutoTests" name="[48] /home/travis/build/icyphy/ptII/ptolemy/domains/continuous/test/auto/DCMotor.xml (RunModel)" time="12.66" />
  <testcase classname="ptolemy.util.test.junit.AutoTests" name="[49] /home/travis/build/icyphy/ptII/ptolemy/domains/continuous/test/auto/DEInContinuous.xml (RunModel)" time="0.033" />
  <testcase classname="ptolemy.util.test.junit.AutoTests" name="[50] /home/travis/build/icyphy/ptII/ptolemy/domains/continuous/test/auto/DEinContinuous2.xml (RunModel)" time="0.03" />
  <testcase classname="ptolemy.util.test.junit.AutoTests" name="[51] /home/travis/build/icyphy/ptII/ptolemy/domains/continuous/test/auto/Derivative.xml (RunModel)" time="0.157" />
  <testcase classname="ptolemy.util.test.junit.AutoTests" name="[52] /home/travis/build/icyphy/ptII/ptolemy/domains/continuous/test/auto/Derivative1.xml (RunModel)" time="0.054" />
  <testcase classname="ptolemy.util.test.junit.AutoTests" name="[53] /home/travis/build/icyphy/ptII/ptolemy/domains/continuous/test/auto/DiscreteClock.xml (RunModel)" time="0.012" />
  <testcase classname="ptolemy.util.test.junit.AutoTests" name="[54] /home/travis/build/icyphy/ptII/ptolemy/domains/continuous/test/auto/EfficiencyCurve.xml (RunModel)" time="0.069" />
  <testcase classname="ptolemy.util.test.junit.AutoTests" name="[55] /home/travis/build/icyphy/ptII/ptolemy/domains/continuous/test/auto/ExponentialResponse.xml (RunModel)" time="0.138" />
  <testcase classname="ptolemy.util.test.junit.AutoTests" name="[56] /home/travis/build/icyphy/ptII/ptolemy/domains/continuous/test/auto/ExponentialResponseRK45.xml (RunModel)" time="0.033" />
  <testcase classname="ptolemy.util.test.junit.AutoTests" name="[57] /home/travis/build/icyphy/ptII/ptolemy/domains/continuous/test/auto/Friction.xml (RunModel)" time="1.492" />
  <testcase classname="ptolemy.util.test.junit.AutoTests" name="[58] /home/travis/build/icyphy/ptII/ptolemy/domains/continuous/test/auto/FurutaPendulum.xml (RunModel)" time="2.907" />
  <testcase classname="ptolemy.util.test.junit.AutoTests" name="[59] /home/travis/build/icyphy/ptII/ptolemy/domains/continuous/test/auto/HierarchicalExecution.xml (RunModel)" time="1.961" />
  <testcase classname="ptolemy.util.test.junit.AutoTests" name="[60] /home/travis/build/icyphy/ptII/ptolemy/domains/continuous/test/auto/HybridPlant.xml (RunModel)" time="0.521" />
  <testcase classname="ptolemy.util.test.junit.AutoTests" name="[61] /home/travis/build/icyphy/ptII/ptolemy/domains/continuous/test/auto/Hysteresis.xml (RunModel)" time="0.168" />
  <testcase classname="ptolemy.util.test.junit.AutoTests" name="[62] /home/travis/build/icyphy/ptII/ptolemy/domains/continuous/test/auto/HysteresisWithRandomDelay.xml (RunModel)" time="0.208" />
  <testcase classname="ptolemy.util.test.junit.AutoTests" name="[63] /home/travis/build/icyphy/ptII/ptolemy/domains/continuous/test/auto/HysteresisWithRandomLosses.xml (RunModel)" time="2.218" />
  <testcase classname="ptolemy.util.test.junit.AutoTests" name="[64] /home/travis/build/icyphy/ptII/ptolemy/domains/continuous/test/auto/ImmediateTransitions.xml (RunModel)" time="0.032" />
  <testcase classname="ptolemy.util.test.junit.AutoTests" name="[65] /home/travis/build/icyphy/ptII/ptolemy/domains/continuous/test/auto/ImpulseFeedback.xml (RunModel)" time="0.021" />
  <testcase classname="ptolemy.util.test.junit.AutoTests" name="[66] /home/travis/build/icyphy/ptII/ptolemy/domains/continuous/test/auto/ImpulseFeedback2.xml (RunModel)" time="0.015" />
  <testcase classname="ptolemy.util.test.junit.AutoTests" name="[67] /home/travis/build/icyphy/ptII/ptolemy/domains/continuous/test/auto/IncreasingRatePoisson.xml (RunModel)" time="0.69" />
  <testcase classname="ptolemy.util.test.junit.AutoTests" name="[68] /home/travis/build/icyphy/ptII/ptolemy/domains/continuous/test/auto/InitialStateFeedback.xml (RunModel)" time="0.014" />
  <testcase classname="ptolemy.util.test.junit.AutoTests" name="[69] /home/travis/build/icyphy/ptII/ptolemy/domains/continuous/test/auto/Integration.xml (RunModel)" time="0.012" />
  <testcase classname="ptolemy.util.test.junit.AutoTests" name="[70] /home/travis/build/icyphy/ptII/ptolemy/domains/continuous/test/auto/Integration2.xml (RunModel)" time="0.074" />
  <testcase classname="ptolemy.util.test.junit.AutoTests" name="[71] /home/travis/build/icyphy/ptII/ptolemy/domains/continuous/test/auto/Integration3.xml (RunModel)" time="0.014" />
  <testcase classname="ptolemy.util.test.junit.AutoTests" name="[72] /home/travis/build/icyphy/ptII/ptolemy/domains/continuous/test/auto/Integration5.xml (RunModel)" time="0.009" />
  <testcase classname="ptolemy.util.test.junit.AutoTests" name="[73] /home/travis/build/icyphy/ptII/ptolemy/domains/continuous/test/auto/IntegratorImpulse.xml (RunModel)" time="0.008" />
  <testcase classname="ptolemy.util.test.junit.AutoTests" name="[74] /home/travis/build/icyphy/ptII/ptolemy/domains/continuous/test/auto/IntegratorImpulse2.xml (RunModel)" time="0.021" />
  <testcase classname="ptolemy.util.test.junit.AutoTests" name="[75] /home/travis/build/icyphy/ptII/ptolemy/domains/continuous/test/auto/LevelCrossing1.xml (RunModel)" time="0.011" />
  <testcase classname="ptolemy.util.test.junit.AutoTests" name="[76] /home/travis/build/icyphy/ptII/ptolemy/domains/continuous/test/auto/LevelCrossing2.xml (RunModel)" time="0.011" />
  <testcase classname="ptolemy.util.test.junit.AutoTests" name="[77] /home/travis/build/icyphy/ptII/ptolemy/domains/continuous/test/auto/LevelCrossing3.xml (RunModel)" time="0.013" />
  <testcase classname="ptolemy.util.test.junit.AutoTests" name="[78] /home/travis/build/icyphy/ptII/ptolemy/domains/continuous/test/auto/LevelCrossing4.xml (RunModel)" time="0.016" />
  <testcase classname="ptolemy.util.test.junit.AutoTests" name="[79] /home/travis/build/icyphy/ptII/ptolemy/domains/continuous/test/auto/LevelCrossing5.xml (RunModel)" time="0.015" />
  <testcase classname="ptolemy.util.test.junit.AutoTests" name="[80] /home/travis/build/icyphy/ptII/ptolemy/domains/continuous/test/auto/LevelCrossing6.xml (RunModel)" time="0.012" />
  <testcase classname="ptolemy.util.test.junit.AutoTests" name="[81] /home/travis/build/icyphy/ptII/ptolemy/domains/continuous/test/auto/LevelCrossingDetector.xml (RunModel)" time="0.035" />
  <testcase classname="ptolemy.util.test.junit.AutoTests" name="[82] /home/travis/build/icyphy/ptII/ptolemy/domains/continuous/test/auto/LevelCrossingDetectorDetectingDirections.xml (RunModel)" time="0.075" />
  <testcase classname="ptolemy.util.test.junit.AutoTests" name="[83] /home/travis/build/icyphy/ptII/ptolemy/domains/continuous/test/auto/LevelCrossingDetectorDetectsGlitches.xml (RunModel)" time="0.052" />
  <testcase classname="ptolemy.util.test.junit.AutoTests" name="[84] /home/travis/build/icyphy/ptII/ptolemy/domains/continuous/test/auto/LevelCrossingNoInitialOuput.xml (RunModel)" time="0.012" />
  <testcase classname="ptolemy.util.test.junit.AutoTests" name="[85] /home/travis/build/icyphy/ptII/ptolemy/domains/continuous/test/auto/LinearStateSpaceExample.xml (RunModel)" time="0.066" />
  <testcase classname="ptolemy.util.test.junit.AutoTests" name="[86] /home/travis/build/icyphy/ptII/ptolemy/domains/continuous/test/auto/Lorenz.xml (RunModel)" time="3.271" />
  <testcase classname="ptolemy.util.test.junit.AutoTests" name="[87] /home/travis/build/icyphy/ptII/ptolemy/domains/continuous/test/auto/LorenzDifferentialSystem.xml (RunModel)" time="0.877" />
  <testcase classname="ptolemy.util.test.junit.AutoTests" name="[88] /home/travis/build/icyphy/ptII/ptolemy/domains/continuous/test/auto/LorenzDifferentialSystemWithInput.xml (RunModel)" time="1.267" />
  <testcase classname="ptolemy.util.test.junit.AutoTests" name="[89] /home/travis/build/icyphy/ptII/ptolemy/domains/continuous/test/auto/LorenzDifferentialSystemWithTime.xml (RunModel)" time="0.671" />
  <testcase classname="ptolemy.util.test.junit.AutoTests" name="[90] /home/travis/build/icyphy/ptII/ptolemy/domains/continuous/test/auto/Microsteps.xml (RunModel)" time="0.033" />
  <testcase classname="ptolemy.util.test.junit.AutoTests" name="[91] /home/travis/build/icyphy/ptII/ptolemy/domains/continuous/test/auto/Modal1.xml (RunModel)" time="0.042" />
  <testcase classname="ptolemy.util.test.junit.AutoTests" name="[92] /home/travis/build/icyphy/ptII/ptolemy/domains/continuous/test/auto/Modal2.xml (RunModel)" time="0.045" />
  <testcase classname="ptolemy.util.test.junit.AutoTests" name="[93] /home/travis/build/icyphy/ptII/ptolemy/domains/continuous/test/auto/ModalTransitionGuardWithReset.xml (RunModel)" time="0.022" />
  <testcase classname="ptolemy.util.test.junit.AutoTests" name="[94] /home/travis/build/icyphy/ptII/ptolemy/domains/continuous/test/auto/ModalTransitionGuardWithResetUsingPreemptiveTransition.xml (RunModel)" time="0.028" />
  <testcase classname="ptolemy.util.test.junit.AutoTests" name="[95] /home/travis/build/icyphy/ptII/ptolemy/domains/continuous/test/auto/ModalTransitionGuardWithResetUsingPreemptiveTransition2.xml (RunModel)" time="0.022" />
  <testcase classname="ptolemy.util.test.junit.AutoTests" name="[96] /home/travis/build/icyphy/ptII/ptolemy/domains/continuous/test/auto/ModalTransitionGuardWithResetUsingPreemptiveTransition3.xml (RunModel)" time="0.022" />
  <testcase classname="ptolemy.util.test.junit.AutoTests" name="[97] /home/travis/build/icyphy/ptII/ptolemy/domains/continuous/test/auto/NewtonsCradle.xml (RunModel)" time="0.732" />
  <testcase classname="ptolemy.util.test.junit.AutoTests" name="[98] /home/travis/build/icyphy/ptII/ptolemy/domains/continuous/test/auto/NewtonsCradleAnimated.xml (RunModel)" time="1.132" />
  <testcase classname="ptolemy.util.test.junit.AutoTests" name="[99] /home/travis/build/icyphy/ptII/ptolemy/domains/continuous/test/auto/NewtonsCradleComplicated.xml (RunModel)" time="0.87" />
  <testcase classname="ptolemy.util.test.junit.AutoTests" name="[100] /home/travis/build/icyphy/ptII/ptolemy/domains/continuous/test/auto/NewtonsCradleNondeterministic.xml (RunModel)" time="0.579" />
  <testcase classname="ptolemy.util.test.junit.AutoTests" name="[101] /home/travis/build/icyphy/ptII/ptolemy/domains/continuous/test/auto/NewtonsCradlePerfectlyInelastic1.xml (RunModel)" time="1.07" />
  <testcase classname="ptolemy.util.test.junit.AutoTests" name="[102] /home/travis/build/icyphy/ptII/ptolemy/domains/continuous/test/auto/Noise.xml (RunModel)" time="0.165" />
  <testcase classname="ptolemy.util.test.junit.AutoTests" name="[103] /home/travis/build/icyphy/ptII/ptolemy/domains/continuous/test/auto/NoiseSpectrum.xml (RunModel)" time="0.684" />
  <testcase classname="ptolemy.util.test.junit.AutoTests" name="[104] /home/travis/build/icyphy/ptII/ptolemy/domains/continuous/test/auto/ParameterizedNewtonsCradleAnimated.xml (RunModel)" time="0.317" />
  <testcase classname="ptolemy.util.test.junit.AutoTests" name="[105] /home/travis/build/icyphy/ptII/ptolemy/domains/continuous/test/auto/ParameterizedNewtonsCradleAnimatedNondeterministic.xml (RunModel)" time="1.041" />
  <testcase classname="ptolemy.util.test.junit.AutoTests" name="[106] /home/travis/build/icyphy/ptII/ptolemy/domains/continuous/test/auto/Pendulum3D.xml (RunModel)" time="0.156" />
  <testcase classname="ptolemy.util.test.junit.AutoTests" name="[107] /home/travis/build/icyphy/ptII/ptolemy/domains/continuous/test/auto/PeriodicSampler.xml (RunModel)" time="0.008" />
  <testcase classname="ptolemy.util.test.junit.AutoTests" name="[108] /home/travis/build/icyphy/ptII/ptolemy/domains/continuous/test/auto/PeriodicSampler1.xml (RunModel)" time="0.035" />
  <testcase classname="ptolemy.util.test.junit.AutoTests" name="[109] /home/travis/build/icyphy/ptII/ptolemy/domains/continuous/test/auto/PeriodicSampler2.xml (RunModel)" time="0.067" />
  <testcase classname="ptolemy.util.test.junit.AutoTests" name="[110] /home/travis/build/icyphy/ptII/ptolemy/domains/continuous/test/auto/Poisson.xml (RunModel)" time="0.372" />
  <testcase classname="ptolemy.util.test.junit.AutoTests" name="[111] /home/travis/build/icyphy/ptII/ptolemy/domains/continuous/test/auto/PoissonClock.xml (RunModel)" time="0.013" />
  <testcase classname="ptolemy.util.test.junit.AutoTests" name="[112] /home/travis/build/icyphy/ptII/ptolemy/domains/continuous/test/auto/PoissonClock2.xml (RunModel)" time="0.011" />
  <testcase classname="ptolemy.util.test.junit.AutoTests" name="[113] /home/travis/build/icyphy/ptII/ptolemy/domains/continuous/test/auto/PortParameterHierarchy.xml (RunModel)" time="0.02" />
  <testcase classname="ptolemy.util.test.junit.AutoTests" name="[114] /home/travis/build/icyphy/ptII/ptolemy/domains/continuous/test/auto/RandomHybridPlant.xml (RunModel)" time="0.505" />
  <testcase classname="ptolemy.util.test.junit.AutoTests" name="[115] /home/travis/build/icyphy/ptII/ptolemy/domains/continuous/test/auto/ResetTransitionWithStartTime1.xml (RunModel)" time="0.035" />
  <testcase classname="ptolemy.util.test.junit.AutoTests" name="[116] /home/travis/build/icyphy/ptII/ptolemy/domains/continuous/test/auto/ResetTransitionWithStartTime2.xml (RunModel)" time="0.033" />
  <testcase classname="ptolemy.util.test.junit.AutoTests" name="[117] /home/travis/build/icyphy/ptII/ptolemy/domains/continuous/test/auto/ResetTransitionWithStartTime3.xml (RunModel)" time="0.032" />
  <testcase classname="ptolemy.util.test.junit.AutoTests" name="[118] /home/travis/build/icyphy/ptII/ptolemy/domains/continuous/test/auto/ResetTransitionWithStartTime4.xml (RunModel)" time="0.025" />
  <testcase classname="ptolemy.util.test.junit.AutoTests" name="[119] /home/travis/build/icyphy/ptII/ptolemy/domains/continuous/test/auto/ResetTransitionWithStartTime5.xml (RunModel)" time="0.03" />
  <testcase classname="ptolemy.util.test.junit.AutoTests" name="[120] /home/travis/build/icyphy/ptII/ptolemy/domains/continuous/test/auto/ResetTransitionWithStartTime6.xml (RunModel)" time="0.025" />
  <testcase classname="ptolemy.util.test.junit.AutoTests" name="[121] /home/travis/build/icyphy/ptII/ptolemy/domains/continuous/test/auto/SRinContinuous.xml (RunModel)" time="0.024" />
  <testcase classname="ptolemy.util.test.junit.AutoTests" name="[122] /home/travis/build/icyphy/ptII/ptolemy/domains/continuous/test/auto/SampledClocks.xml (RunModel)" time="0.031" />
  <testcase classname="ptolemy.util.test.junit.AutoTests" name="[123] /home/travis/build/icyphy/ptII/ptolemy/domains/continuous/test/auto/Satellite.xml (RunModel)" time="0.824" />
  <testcase classname="ptolemy.util.test.junit.AutoTests" name="[124] /home/travis/build/icyphy/ptII/ptolemy/domains/continuous/test/auto/SigmaDelta.xml (RunModel)" time="2.12" />
  <testcase classname="ptolemy.util.test.junit.AutoTests" name="[125] /home/travis/build/icyphy/ptII/ptolemy/domains/continuous/test/auto/SingleRefinement.xml (RunModel)" time="0.371" />
  <testcase classname="ptolemy.util.test.junit.AutoTests" name="[126] /home/travis/build/icyphy/ptII/ptolemy/domains/continuous/test/auto/SinuBouncingBall.xml (RunModel)" time="0.763" />
  <testcase classname="ptolemy.util.test.junit.AutoTests" name="[127] /home/travis/build/icyphy/ptII/ptolemy/domains/continuous/test/auto/Sinusoid.xml (RunModel)" time="0.014" />
  <testcase classname="ptolemy.util.test.junit.AutoTests" name="[128] /home/travis/build/icyphy/ptII/ptolemy/domains/continuous/test/auto/SinusoidInNoise.xml (RunModel)" time="0.906" />
  <testcase classname="ptolemy.util.test.junit.AutoTests" name="[129] /home/travis/build/icyphy/ptII/ptolemy/domains/continuous/test/auto/SinusoidRK45.xml (RunModel)" time="0.018" />
  <testcase classname="ptolemy.util.test.junit.AutoTests" name="[130] /home/travis/build/icyphy/ptII/ptolemy/domains/continuous/test/auto/SinusoidWithMultipleImpulses.xml (RunModel)" time="0.017" />
  <testcase classname="ptolemy.util.test.junit.AutoTests" name="[131] /home/travis/build/icyphy/ptII/ptolemy/domains/continuous/test/auto/SquareWave.xml (RunModel)" time="0.151" />
  <testcase classname="ptolemy.util.test.junit.AutoTests" name="[132] /home/travis/build/icyphy/ptII/ptolemy/domains/continuous/test/auto/Starmac.xml (RunModel)" time="3.369" />
  <testcase classname="ptolemy.util.test.junit.AutoTests" name="[133] /home/travis/build/icyphy/ptII/ptolemy/domains/continuous/test/auto/StaticUnits.xml (RunModel)" time="2.373" />
  <testcase classname="ptolemy.util.test.junit.AutoTests" name="[134] /home/travis/build/icyphy/ptII/ptolemy/domains/continuous/test/auto/StickyMasses.xml (RunModel)" time="0.175" />
  <testcase classname="ptolemy.util.test.junit.AutoTests" name="[135] /home/travis/build/icyphy/ptII/ptolemy/domains/continuous/test/auto/StopTime.xml (RunModel)" time="0.069" />
  <testcase classname="ptolemy.util.test.junit.AutoTests" name="[136] /home/travis/build/icyphy/ptII/ptolemy/domains/continuous/test/auto/StopTime2.xml (RunModel)" time="0.063" />
  <testcase classname="ptolemy.util.test.junit.AutoTests" name="[137] /home/travis/build/icyphy/ptII/ptolemy/domains/continuous/test/auto/Switch.xml (RunModel)" time="0.054" />
  <testcase classname="ptolemy.util.test.junit.AutoTests" name="[138] /home/travis/build/icyphy/ptII/ptolemy/domains/continuous/test/auto/Thermostat.xml (RunModel)" time="0.176" />
  <testcase classname="ptolemy.util.test.junit.AutoTests" name="[139] /home/travis/build/icyphy/ptII/ptolemy/domains/continuous/test/auto/TimeDelay.xml (RunModel)" time="0.013" />
  <testcase classname="ptolemy.util.test.junit.AutoTests" name="[140] /home/travis/build/icyphy/ptII/ptolemy/domains/continuous/test/auto/TimeDelay2.xml (RunModel)" time="0.022" />
  <testcase classname="ptolemy.util.test.junit.AutoTests" name="[141] /home/travis/build/icyphy/ptII/ptolemy/domains/continuous/test/auto/TimeDelay3.xml (RunModel)" time="0.008" />
  <testcase classname="ptolemy.util.test.junit.AutoTests" name="[142] /home/travis/build/icyphy/ptII/ptolemy/domains/continuous/test/auto/TransferAbsentToInside.xml (RunModel)" time="0.104" />
  <testcase classname="ptolemy.util.test.junit.AutoTests" name="[143] /home/travis/build/icyphy/ptII/ptolemy/domains/continuous/test/auto/Transmission.xml (RunModel)" time="0.701" />
  <testcase classname="ptolemy.util.test.junit.AutoTests" name="[144] /home/travis/build/icyphy/ptII/ptolemy/domains/continuous/test/auto/TriggeredContinuousClock.xml (RunModel)" time="0.056" />
  <testcase classname="ptolemy.util.test.junit.AutoTests" name="[145] /home/travis/build/icyphy/ptII/ptolemy/domains/continuous/test/auto/TwoMachineInfiniteBusControl.xml (RunModel)" time="2.574" />
  <testcase classname="ptolemy.util.test.junit.AutoTests" name="[146] /home/travis/build/icyphy/ptII/ptolemy/domains/continuous/test/auto/V2V.xml (RunModel)" time="0.799" />
  <testcase classname="ptolemy.util.test.junit.AutoTests" name="[147] /home/travis/build/icyphy/ptII/ptolemy/domains/continuous/test/auto/hierarchicalModalModel.xml (RunModel)" time="0.028" />
  <testcase classname="ptolemy.util.test.junit.AutoTests" name="[148] /home/travis/build/icyphy/ptII/ptolemy/domains/continuous/test/auto/hierarchicalModalModel1.xml (RunModel)" time="0.029" />
  <testcase classname="ptolemy.util.test.junit.AutoTests" name="[149] /home/travis/build/icyphy/ptII/ptolemy/domains/continuous/test/auto/hierarchicalModalModel2.xml (RunModel)" time="0.023" />
  <testcase classname="ptolemy.util.test.junit.AutoTests" name="[150] /home/travis/build/icyphy/ptII/ptolemy/domains/continuous/test/auto/hierarchicalModalModel3.xml (RunModel)" time="0.02" />
  <testcase classname="ptolemy.util.test.junit.AutoTests" name="[151] /home/travis/build/icyphy/ptII/ptolemy/domains/continuous/test/auto/hierarchicalModalModel4.xml (RunModel)" time="0.024" />
  <testcase classname="ptolemy.util.test.junit.AutoTests" name="[152] /home/travis/build/icyphy/ptII/ptolemy/domains/continuous/test/auto/junk.xml (RunModel)" time="0.135" />
  <system-out><![CDATA[No tcl tests in /home/travis/build/icyphy/ptII/ptolemy/domains/continuous/test
No auto/knownFailedTests/*.xml tests in /home/travis/build/icyphy/ptII/ptolemy/domains/continuous/test
No auto/linux-amd64/*.xml tests in /home/travis/build/icyphy/ptII/ptolemy/domains/continuous/test
AutoTests.java: About to close Vertx.
AutoTests.java: Vertx closed.

===========================================================================================
----------------- testing Mon Jun 06 02:07:48 UTC 2022 /home/travis/build/icyphy/ptII/ptolemy/domains/continuous/test/auto/BouncingBall.xml
----------------- Instantiating /home/travis/build/icyphy/ptII/ptolemy/domains/continuous/test/auto/BouncingBall.xml
2483 ms. Memory: 155648K Free: 72782K (47%)
----------------- Invoking toplevel() on ptolemy.moml.MoMLSimpleApplication@313c7527
----------------- Done invoking toplevel() on ptolemy.moml.MoMLSimpleApplication@313c7527
reloadAllAccessors: .BouncingBall

===========================================================================================
----------------- testing Mon Jun 06 02:07:51 UTC 2022 /home/travis/build/icyphy/ptII/ptolemy/domains/continuous/test/auto/BouncingBallWithoutGR.xml
----------------- Instantiating /home/travis/build/icyphy/ptII/ptolemy/domains/continuous/test/auto/BouncingBallWithoutGR.xml
659 ms. Memory: 155648K Free: 75171K (48%)
----------------- Invoking toplevel() on ptolemy.moml.MoMLSimpleApplication@5d0cfff3
----------------- Done invoking toplevel() on ptolemy.moml.MoMLSimpleApplication@5d0cfff3
reloadAllAccessors: .BouncingBallWithoutGR

===========================================================================================
----------------- testing Mon Jun 06 02:07:52 UTC 2022 /home/travis/build/icyphy/ptII/ptolemy/domains/continuous/test/auto/Brownian.xml
----------------- Instantiating /home/travis/build/icyphy/ptII/ptolemy/domains/continuous/test/auto/Brownian.xml
32 ms. Memory: 155648K Free: 66465K (43%)
----------------- Invoking toplevel() on ptolemy.moml.MoMLSimpleApplication@7a3e9c02
----------------- Done invoking toplevel() on ptolemy.moml.MoMLSimpleApplication@7a3e9c02
reloadAllAccessors: .Brownian

===========================================================================================
----------------- testing Mon Jun 06 02:07:52 UTC 2022 /home/travis/build/icyphy/ptII/ptolemy/domains/continuous/test/auto/CarTracking.xml
----------------- Instantiating /home/travis/build/icyphy/ptII/ptolemy/domains/continuous/test/auto/CarTracking.xml
3591 ms. Memory: 225280K Free: 155784K (69%)
----------------- Invoking toplevel() on ptolemy.moml.MoMLSimpleApplication@1a87a511
----------------- Done invoking toplevel() on ptolemy.moml.MoMLSimpleApplication@1a87a511
reloadAllAccessors: .CarTracking

===========================================================================================
----------------- testing Mon Jun 06 02:07:56 UTC 2022 /home/travis/build/icyphy/ptII/ptolemy/domains/continuous/test/auto/CartPendulum.xml
----------------- Instantiating /home/travis/build/icyphy/ptII/ptolemy/domains/continuous/test/auto/CartPendulum.xml
344 ms. Memory: 225280K Free: 199212K (88%)
----------------- Invoking toplevel() on ptolemy.moml.MoMLSimpleApplication@7060ec86
----------------- Done invoking toplevel() on ptolemy.moml.MoMLSimpleApplication@7060ec86
reloadAllAccessors: .CartPendulum

===========================================================================================
----------------- testing Mon Jun 06 02:07:57 UTC 2022 /home/travis/build/icyphy/ptII/ptolemy/domains/continuous/test/auto/CausalityInterface10.xml
----------------- Instantiating /home/travis/build/icyphy/ptII/ptolemy/domains/continuous/test/auto/CausalityInterface10.xml
10 ms. Memory: 225280K Free: 188462K (84%)
----------------- Invoking toplevel() on ptolemy.moml.MoMLSimpleApplication@7c4c4789
----------------- Done invoking toplevel() on ptolemy.moml.MoMLSimpleApplication@7c4c4789
reloadAllAccessors: .CausalityInterface10

===========================================================================================
----------------- testing Mon Jun 06 02:07:57 UTC 2022 /home/travis/build/icyphy/ptII/ptolemy/domains/continuous/test/auto/CausalityInterface11.xml
----------------- Instantiating /home/travis/build/icyphy/ptII/ptolemy/domains/continuous/test/auto/CausalityInterface11.xml
12 ms. Memory: 225280K Free: 182318K (81%)
----------------- Invoking toplevel() on ptolemy.moml.MoMLSimpleApplication@1bfa57c6
----------------- Done invoking toplevel() on ptolemy.moml.MoMLSimpleApplication@1bfa57c6
reloadAllAccessors: .CausalityInterface11

===========================================================================================
----------------- testing Mon Jun 06 02:07:57 UTC 2022 /home/travis/build/icyphy/ptII/ptolemy/domains/continuous/test/auto/CausalityInterface12.xml
----------------- Instantiating /home/travis/build/icyphy/ptII/ptolemy/domains/continuous/test/auto/CausalityInterface12.xml
5 ms. Memory: 225280K Free: 176174K (78%)
----------------- Invoking toplevel() on ptolemy.moml.MoMLSimpleApplication@20993d0c
----------------- Done invoking toplevel() on ptolemy.moml.MoMLSimpleApplication@20993d0c
reloadAllAccessors: .CausalityInterface12

===========================================================================================
----------------- testing Mon Jun 06 02:07:57 UTC 2022 /home/travis/build/icyphy/ptII/ptolemy/domains/continuous/test/auto/CausalityInterface13.xml
----------------- Instantiating /home/travis/build/icyphy/ptII/ptolemy/domains/continuous/test/auto/CausalityInterface13.xml
4 ms. Memory: 225280K Free: 170030K (75%)
----------------- Invoking toplevel() on ptolemy.moml.MoMLSimpleApplication@1a4a24c5
----------------- Done invoking toplevel() on ptolemy.moml.MoMLSimpleApplication@1a4a24c5
reloadAllAccessors: .CausalityInterface13

===========================================================================================
----------------- testing Mon Jun 06 02:07:57 UTC 2022 /home/travis/build/icyphy/ptII/ptolemy/domains/continuous/test/auto/CausalityInterface14.xml
----------------- Instantiating /home/travis/build/icyphy/ptII/ptolemy/domains/continuous/test/auto/CausalityInterface14.xml
4 ms. Memory: 225280K Free: 164382K (73%)
----------------- Invoking toplevel() on ptolemy.moml.MoMLSimpleApplication@75ef9273
----------------- Done invoking toplevel() on ptolemy.moml.MoMLSimpleApplication@75ef9273
reloadAllAccessors: .CausalityInterface14

===========================================================================================
----------------- testing Mon Jun 06 02:07:57 UTC 2022 /home/travis/build/icyphy/ptII/ptolemy/domains/continuous/test/auto/CausalityInterface4.xml
----------------- Instantiating /home/travis/build/icyphy/ptII/ptolemy/domains/continuous/test/auto/CausalityInterface4.xml
11 ms. Memory: 225280K Free: 157214K (70%)
----------------- Invoking toplevel() on ptolemy.moml.MoMLSimpleApplication@6a35e52b
----------------- Done invoking toplevel() on ptolemy.moml.MoMLSimpleApplication@6a35e52b
reloadAllAccessors: .CausalityInterface4

===========================================================================================
----------------- testing Mon Jun 06 02:07:57 UTC 2022 /home/travis/build/icyphy/ptII/ptolemy/domains/continuous/test/auto/CausalityInterface5.xml
----------------- Instantiating /home/travis/build/icyphy/ptII/ptolemy/domains/continuous/test/auto/CausalityInterface5.xml
4 ms. Memory: 225280K Free: 149036K (66%)
----------------- Invoking toplevel() on ptolemy.moml.MoMLSimpleApplication@5a49c7a2
----------------- Done invoking toplevel() on ptolemy.moml.MoMLSimpleApplication@5a49c7a2
reloadAllAccessors: .CausalityInterface5

===========================================================================================
----------------- testing Mon Jun 06 02:07:57 UTC 2022 /home/travis/build/icyphy/ptII/ptolemy/domains/continuous/test/auto/CausalityInterface6.xml
----------------- Instantiating /home/travis/build/icyphy/ptII/ptolemy/domains/continuous/test/auto/CausalityInterface6.xml
3 ms. Memory: 225280K Free: 143902K (64%)
----------------- Invoking toplevel() on ptolemy.moml.MoMLSimpleApplication@34041625
----------------- Done invoking toplevel() on ptolemy.moml.MoMLSimpleApplication@34041625
reloadAllAccessors: .CausalityInterface6

===========================================================================================
----------------- testing Mon Jun 06 02:07:57 UTC 2022 /home/travis/build/icyphy/ptII/ptolemy/domains/continuous/test/auto/CausalityInterface7.xml
----------------- Instantiating /home/travis/build/icyphy/ptII/ptolemy/domains/continuous/test/auto/CausalityInterface7.xml
9 ms. Memory: 225280K Free: 135214K (60%)
----------------- Invoking toplevel() on ptolemy.moml.MoMLSimpleApplication@4e710a30
----------------- Done invoking toplevel() on ptolemy.moml.MoMLSimpleApplication@4e710a30
reloadAllAccessors: .CausalityInterface7

===========================================================================================
----------------- testing Mon Jun 06 02:07:57 UTC 2022 /home/travis/build/icyphy/ptII/ptolemy/domains/continuous/test/auto/CausalityInterface8.xml
----------------- Instantiating /home/travis/build/icyphy/ptII/ptolemy/domains/continuous/test/auto/CausalityInterface8.xml
9 ms. Memory: 225280K Free: 125998K (56%)
----------------- Invoking toplevel() on ptolemy.moml.MoMLSimpleApplication@55dd91ce
----------------- Done invoking toplevel() on ptolemy.moml.MoMLSimpleApplication@55dd91ce
reloadAllAccessors: .CausalityInterface8

===========================================================================================
----------------- testing Mon Jun 06 02:07:57 UTC 2022 /home/travis/build/icyphy/ptII/ptolemy/domains/continuous/test/auto/CausalityInterface9.xml
----------------- Instantiating /home/travis/build/icyphy/ptII/ptolemy/domains/continuous/test/auto/CausalityInterface9.xml
4 ms. Memory: 225280K Free: 115244K (51%)
----------------- Invoking toplevel() on ptolemy.moml.MoMLSimpleApplication@7985f4e8
----------------- Done invoking toplevel() on ptolemy.moml.MoMLSimpleApplication@7985f4e8
reloadAllAccessors: .CausalityInterface9

===========================================================================================
----------------- testing Mon Jun 06 02:07:57 UTC 2022 /home/travis/build/icyphy/ptII/ptolemy/domains/continuous/test/auto/CausalityInterfaceFeedback1.xml
----------------- Instantiating /home/travis/build/icyphy/ptII/ptolemy/domains/continuous/test/auto/CausalityInterfaceFeedback1.xml
4 ms. Memory: 225280K Free: 108590K (48%)
----------------- Invoking toplevel() on ptolemy.moml.MoMLSimpleApplication@36500ec0
----------------- Done invoking toplevel() on ptolemy.moml.MoMLSimpleApplication@36500ec0
reloadAllAccessors: .CausalityInterfaceFeedback1

===========================================================================================
----------------- testing Mon Jun 06 02:07:57 UTC 2022 /home/travis/build/icyphy/ptII/ptolemy/domains/continuous/test/auto/CausalityInterfaceFeedback2.xml
----------------- Instantiating /home/travis/build/icyphy/ptII/ptolemy/domains/continuous/test/auto/CausalityInterfaceFeedback2.xml
3 ms. Memory: 225280K Free: 101918K (45%)
----------------- Invoking toplevel() on ptolemy.moml.MoMLSimpleApplication@1d568ab7
----------------- Done invoking toplevel() on ptolemy.moml.MoMLSimpleApplication@1d568ab7
reloadAllAccessors: .CausalityInterfaceFeedback2

===========================================================================================
----------------- testing Mon Jun 06 02:07:57 UTC 2022 /home/travis/build/icyphy/ptII/ptolemy/domains/continuous/test/auto/CompareWithCurrentTime.xml
----------------- Instantiating /home/travis/build/icyphy/ptII/ptolemy/domains/continuous/test/auto/CompareWithCurrentTime.xml
7 ms. Memory: 225280K Free: 97836K (43%)
----------------- Invoking toplevel() on ptolemy.moml.MoMLSimpleApplication@285de5d6
----------------- Done invoking toplevel() on ptolemy.moml.MoMLSimpleApplication@285de5d6
reloadAllAccessors: .CompareWithCurrentTime

===========================================================================================
----------------- testing Mon Jun 06 02:07:57 UTC 2022 /home/travis/build/icyphy/ptII/ptolemy/domains/continuous/test/auto/ComparedClocks.xml
----------------- Instantiating /home/travis/build/icyphy/ptII/ptolemy/domains/continuous/test/auto/ComparedClocks.xml
6 ms. Memory: 225280K Free: 82462K (37%)
----------------- Invoking toplevel() on ptolemy.moml.MoMLSimpleApplication@659c7399
----------------- Done invoking toplevel() on ptolemy.moml.MoMLSimpleApplication@659c7399
reloadAllAccessors: .ComparedClocks

===========================================================================================
----------------- testing Mon Jun 06 02:07:57 UTC 2022 /home/travis/build/icyphy/ptII/ptolemy/domains/continuous/test/auto/ContinuousAOCClone.xml
----------------- Instantiating /home/travis/build/icyphy/ptII/ptolemy/domains/continuous/test/auto/ContinuousAOCClone.xml
2242 ms. Memory: 270336K Free: 143388K (53%)
----------------- Invoking toplevel() on ptolemy.moml.MoMLSimpleApplication@542cc705
----------------- Done invoking toplevel() on ptolemy.moml.MoMLSimpleApplication@542cc705
reloadAllAccessors: .ContinuousAOCClone

===========================================================================================
----------------- testing Mon Jun 06 02:08:00 UTC 2022 /home/travis/build/icyphy/ptII/ptolemy/domains/continuous/test/auto/ContinuousClock.xml
----------------- Instantiating /home/travis/build/icyphy/ptII/ptolemy/domains/continuous/test/auto/ContinuousClock.xml
28 ms. Memory: 270336K Free: 121374K (45%)
----------------- Invoking toplevel() on ptolemy.moml.MoMLSimpleApplication@285acad5
----------------- Done invoking toplevel() on ptolemy.moml.MoMLSimpleApplication@285acad5
reloadAllAccessors: .ContinuousClock

===========================================================================================
----------------- testing Mon Jun 06 02:08:00 UTC 2022 /home/travis/build/icyphy/ptII/ptolemy/domains/continuous/test/auto/ContinuousInContinuous.xml
----------------- Instantiating /home/travis/build/icyphy/ptII/ptolemy/domains/continuous/test/auto/ContinuousInContinuous.xml
37 ms. Memory: 270336K Free: 97822K (36%)
----------------- Invoking toplevel() on ptolemy.moml.MoMLSimpleApplication@42d3826f
----------------- Done invoking toplevel() on ptolemy.moml.MoMLSimpleApplication@42d3826f
reloadAllAccessors: .ContinuousInContinuous

===========================================================================================
----------------- testing Mon Jun 06 02:08:00 UTC 2022 /home/travis/build/icyphy/ptII/ptolemy/domains/continuous/test/auto/ContinuousInContinuousInContinuous.xml
----------------- Instantiating /home/travis/build/icyphy/ptII/ptolemy/domains/continuous/test/auto/ContinuousInContinuousInContinuous.xml
7 ms. Memory: 270336K Free: 250384K (93%)
----------------- Invoking toplevel() on ptolemy.moml.MoMLSimpleApplication@43fee4ad
----------------- Done invoking toplevel() on ptolemy.moml.MoMLSimpleApplication@43fee4ad
reloadAllAccessors: .ContinuousInContinuousInContinuous

===========================================================================================
----------------- testing Mon Jun 06 02:08:00 UTC 2022 /home/travis/build/icyphy/ptII/ptolemy/domains/continuous/test/auto/ContinuousInDE.xml
----------------- Instantiating /home/travis/build/icyphy/ptII/ptolemy/domains/continuous/test/auto/ContinuousInDE.xml
60 ms. Memory: 270336K Free: 239634K (89%)
----------------- Invoking toplevel() on ptolemy.moml.MoMLSimpleApplication@20a4f2a8
----------------- Done invoking toplevel() on ptolemy.moml.MoMLSimpleApplication@20a4f2a8
reloadAllAccessors: .ContinuousInDE

===========================================================================================
----------------- testing Mon Jun 06 02:08:00 UTC 2022 /home/travis/build/icyphy/ptII/ptolemy/domains/continuous/test/auto/ContinuousInDE2.xml
----------------- Instantiating /home/travis/build/icyphy/ptII/ptolemy/domains/continuous/test/auto/ContinuousInDE2.xml
41 ms. Memory: 270336K Free: 229394K (85%)
----------------- Invoking toplevel() on ptolemy.moml.MoMLSimpleApplication@1f18cfa7
----------------- Done invoking toplevel() on ptolemy.moml.MoMLSimpleApplication@1f18cfa7
reloadAllAccessors: .ContinuousInDE2

===========================================================================================
----------------- testing Mon Jun 06 02:08:00 UTC 2022 /home/travis/build/icyphy/ptII/ptolemy/domains/continuous/test/auto/ContinuousInDE3.xml
----------------- Instantiating /home/travis/build/icyphy/ptII/ptolemy/domains/continuous/test/auto/ContinuousInDE3.xml
33 ms. Memory: 270336K Free: 219664K (81%)
----------------- Invoking toplevel() on ptolemy.moml.MoMLSimpleApplication@436c0a4d
----------------- Done invoking toplevel() on ptolemy.moml.MoMLSimpleApplication@436c0a4d
reloadAllAccessors: .ContinuousInDE3

===========================================================================================
----------------- testing Mon Jun 06 02:08:00 UTC 2022 /home/travis/build/icyphy/ptII/ptolemy/domains/continuous/test/auto/ContinuousInDE4.xml
----------------- Instantiating /home/travis/build/icyphy/ptII/ptolemy/domains/continuous/test/auto/ContinuousInDE4.xml
12 ms. Memory: 270336K Free: 213520K (79%)
----------------- Invoking toplevel() on ptolemy.moml.MoMLSimpleApplication@730ed6e4
----------------- Done invoking toplevel() on ptolemy.moml.MoMLSimpleApplication@730ed6e4
reloadAllAccessors: .ContinuousInDE4

===========================================================================================
----------------- testing Mon Jun 06 02:08:00 UTC 2022 /home/travis/build/icyphy/ptII/ptolemy/domains/continuous/test/auto/ContinuousInDEDifferentRefinements.xml
----------------- Instantiating /home/travis/build/icyphy/ptII/ptolemy/domains/continuous/test/auto/ContinuousInDEDifferentRefinements.xml
53 ms. Memory: 270336K Free: 182290K (67%)
----------------- Invoking toplevel() on ptolemy.moml.MoMLSimpleApplication@39babc13
----------------- Done invoking toplevel() on ptolemy.moml.MoMLSimpleApplication@39babc13
reloadAllAccessors: .ContinuousInDEDifferentRefinements

===========================================================================================
----------------- testing Mon Jun 06 02:08:00 UTC 2022 /home/travis/build/icyphy/ptII/ptolemy/domains/continuous/test/auto/ContinuousInDEDifferentRefinementsPreemptive.xml
----------------- Instantiating /home/travis/build/icyphy/ptII/ptolemy/domains/continuous/test/auto/ContinuousInDEDifferentRefinementsPreemptive.xml
42 ms. Memory: 270336K Free: 151570K (56%)
----------------- Invoking toplevel() on ptolemy.moml.MoMLSimpleApplication@6b986c79
----------------- Done invoking toplevel() on ptolemy.moml.MoMLSimpleApplication@6b986c79
reloadAllAccessors: .ContinuousInDEDifferentRefinementsPreemptive

===========================================================================================
----------------- testing Mon Jun 06 02:08:00 UTC 2022 /home/travis/build/icyphy/ptII/ptolemy/domains/continuous/test/auto/ContinuousInDEInContinuous2.xml
----------------- Instantiating /home/travis/build/icyphy/ptII/ptolemy/domains/continuous/test/auto/ContinuousInDEInContinuous2.xml
32 ms. Memory: 270336K Free: 139792K (52%)
----------------- Invoking toplevel() on ptolemy.moml.MoMLSimpleApplication@4f2b7616
----------------- Done invoking toplevel() on ptolemy.moml.MoMLSimpleApplication@4f2b7616
reloadAllAccessors: .ContinuousInDEInContinuous2

===========================================================================================
----------------- testing Mon Jun 06 02:08:00 UTC 2022 /home/travis/build/icyphy/ptII/ptolemy/domains/continuous/test/auto/ContinuousInDEInContinuous3.xml
----------------- Instantiating /home/travis/build/icyphy/ptII/ptolemy/domains/continuous/test/auto/ContinuousInDEInContinuous3.xml
34 ms. Memory: 270336K Free: 127504K (47%)
----------------- Invoking toplevel() on ptolemy.moml.MoMLSimpleApplication@6895eec7
----------------- Done invoking toplevel() on ptolemy.moml.MoMLSimpleApplication@6895eec7
reloadAllAccessors: .ContinuousInDEInContinuous3

===========================================================================================
----------------- testing Mon Jun 06 02:08:01 UTC 2022 /home/travis/build/icyphy/ptII/ptolemy/domains/continuous/test/auto/ContinuousInDEInput.xml
----------------- Instantiating /home/travis/build/icyphy/ptII/ptolemy/domains/continuous/test/auto/ContinuousInDEInput.xml
16 ms. Memory: 270336K Free: 120336K (45%)
----------------- Invoking toplevel() on ptolemy.moml.MoMLSimpleApplication@64a12cfa
----------------- Done invoking toplevel() on ptolemy.moml.MoMLSimpleApplication@64a12cfa
reloadAllAccessors: .ContinuousInDEInput

===========================================================================================
----------------- testing Mon Jun 06 02:08:01 UTC 2022 /home/travis/build/icyphy/ptII/ptolemy/domains/continuous/test/auto/ContinuousInDEInput2.xml
----------------- Instantiating /home/travis/build/icyphy/ptII/ptolemy/domains/continuous/test/auto/ContinuousInDEInput2.xml
14 ms. Memory: 270336K Free: 113168K (42%)
----------------- Invoking toplevel() on ptolemy.moml.MoMLSimpleApplication@2b63f6e5
----------------- Done invoking toplevel() on ptolemy.moml.MoMLSimpleApplication@2b63f6e5
reloadAllAccessors: .ContinuousInDEInput2

===========================================================================================
----------------- testing Mon Jun 06 02:08:01 UTC 2022 /home/travis/build/icyphy/ptII/ptolemy/domains/continuous/test/auto/ContinuousInDEInput3.xml
----------------- Instantiating /home/travis/build/icyphy/ptII/ptolemy/domains/continuous/test/auto/ContinuousInDEInput3.xml
14 ms. Memory: 270336K Free: 106000K (39%)
----------------- Invoking toplevel() on ptolemy.moml.MoMLSimpleApplication@22bebc4f
----------------- Done invoking toplevel() on ptolemy.moml.MoMLSimpleApplication@22bebc4f
reloadAllAccessors: .ContinuousInDEInput3

===========================================================================================
----------------- testing Mon Jun 06 02:08:01 UTC 2022 /home/travis/build/icyphy/ptII/ptolemy/domains/continuous/test/auto/ContinuousInDESharingRefinement.xml
----------------- Instantiating /home/travis/build/icyphy/ptII/ptolemy/domains/continuous/test/auto/ContinuousInDESharingRefinement.xml
159 ms. Memory: 270336K Free: 172335K (64%)
----------------- Invoking toplevel() on ptolemy.moml.MoMLSimpleApplication@12939a3e
----------------- Done invoking toplevel() on ptolemy.moml.MoMLSimpleApplication@12939a3e
reloadAllAccessors: .ContinuousInDESharingRefinement

===========================================================================================
----------------- testing Mon Jun 06 02:08:01 UTC 2022 /home/travis/build/icyphy/ptII/ptolemy/domains/continuous/test/auto/ContinuousInDEwithNoPorts.xml
----------------- Instantiating /home/travis/build/icyphy/ptII/ptolemy/domains/continuous/test/auto/ContinuousInDEwithNoPorts.xml
5 ms. Memory: 270336K Free: 168145K (62%)
----------------- Invoking toplevel() on ptolemy.moml.MoMLSimpleApplication@2d412343
----------------- Done invoking toplevel() on ptolemy.moml.MoMLSimpleApplication@2d412343
reloadAllAccessors: .ContinuousInDEwithNoPorts

===========================================================================================
----------------- testing Mon Jun 06 02:08:01 UTC 2022 /home/travis/build/icyphy/ptII/ptolemy/domains/continuous/test/auto/ContinuousInsideDE.xml
----------------- Instantiating /home/travis/build/icyphy/ptII/ptolemy/domains/continuous/test/auto/ContinuousInsideDE.xml
42 ms. Memory: 270336K Free: 156367K (58%)
----------------- Invoking toplevel() on ptolemy.moml.MoMLSimpleApplication@69bdbb82
----------------- Done invoking toplevel() on ptolemy.moml.MoMLSimpleApplication@69bdbb82
reloadAllAccessors: .ContinuousInsideDE

===========================================================================================
----------------- testing Mon Jun 06 02:08:01 UTC 2022 /home/travis/build/icyphy/ptII/ptolemy/domains/continuous/test/auto/ContinuousMerge1.xml
----------------- Instantiating /home/travis/build/icyphy/ptII/ptolemy/domains/continuous/test/auto/ContinuousMerge1.xml
2 ms. Memory: 270336K Free: 152241K (56%)
----------------- Invoking toplevel() on ptolemy.moml.MoMLSimpleApplication@6c8bdcec
----------------- Done invoking toplevel() on ptolemy.moml.MoMLSimpleApplication@6c8bdcec
reloadAllAccessors: .ContinuousMerge1

===========================================================================================
----------------- testing Mon Jun 06 02:08:01 UTC 2022 /home/travis/build/icyphy/ptII/ptolemy/domains/continuous/test/auto/ContinuousMerge2.xml
----------------- Instantiating /home/travis/build/icyphy/ptII/ptolemy/domains/continuous/test/auto/ContinuousMerge2.xml
12 ms. Memory: 270336K Free: 142031K (53%)
----------------- Invoking toplevel() on ptolemy.moml.MoMLSimpleApplication@34fee20
----------------- Done invoking toplevel() on ptolemy.moml.MoMLSimpleApplication@34fee20
reloadAllAccessors: .ContinuousMerge2

===========================================================================================
----------------- testing Mon Jun 06 02:08:01 UTC 2022 /home/travis/build/icyphy/ptII/ptolemy/domains/continuous/test/auto/ContinuousMerge3.xml
----------------- Instantiating /home/travis/build/icyphy/ptII/ptolemy/domains/continuous/test/auto/ContinuousMerge3.xml
40 ms. Memory: 270336K Free: 131281K (49%)
----------------- Invoking toplevel() on ptolemy.moml.MoMLSimpleApplication@77f79259
----------------- Done invoking toplevel() on ptolemy.moml.MoMLSimpleApplication@77f79259
reloadAllAccessors: .ContinuousMerge3

===========================================================================================
----------------- testing Mon Jun 06 02:08:01 UTC 2022 /home/travis/build/icyphy/ptII/ptolemy/domains/continuous/test/auto/ContinuousWithinContinuous.xml
----------------- Instantiating /home/travis/build/icyphy/ptII/ptolemy/domains/continuous/test/auto/ContinuousWithinContinuous.xml
34 ms. Memory: 270336K Free: 121551K (45%)
----------------- Invoking toplevel() on ptolemy.moml.MoMLSimpleApplication@70b47ee8
----------------- Done invoking toplevel() on ptolemy.moml.MoMLSimpleApplication@70b47ee8
reloadAllAccessors: .ContinuousWithinContinuous

===========================================================================================
----------------- testing Mon Jun 06 02:08:01 UTC 2022 /home/travis/build/icyphy/ptII/ptolemy/domains/continuous/test/auto/ContinuousWithinContinuous2.xml
----------------- Instantiating /home/travis/build/icyphy/ptII/ptolemy/domains/continuous/test/auto/ContinuousWithinContinuous2.xml
62 ms. Memory: 270336K Free: 110287K (41%)
----------------- Invoking toplevel() on ptolemy.moml.MoMLSimpleApplication@3749e270
----------------- Done invoking toplevel() on ptolemy.moml.MoMLSimpleApplication@3749e270
reloadAllAccessors: .ContinuousWithinContinuous2

===========================================================================================
----------------- testing Mon Jun 06 02:08:01 UTC 2022 /home/travis/build/icyphy/ptII/ptolemy/domains/continuous/test/auto/ContinuousWithinContinuous3.xml
----------------- Instantiating /home/travis/build/icyphy/ptII/ptolemy/domains/continuous/test/auto/ContinuousWithinContinuous3.xml
11 ms. Memory: 270336K Free: 103119K (38%)
----------------- Invoking toplevel() on ptolemy.moml.MoMLSimpleApplication@56d655
----------------- Done invoking toplevel() on ptolemy.moml.MoMLSimpleApplication@56d655
reloadAllAccessors: .ContinuousWithinContinuous3

===========================================================================================
----------------- testing Mon Jun 06 02:08:01 UTC 2022 /home/travis/build/icyphy/ptII/ptolemy/domains/continuous/test/auto/ContinuousWithinContinuous4.xml
----------------- Instantiating /home/travis/build/icyphy/ptII/ptolemy/domains/continuous/test/auto/ContinuousWithinContinuous4.xml
67 ms. Memory: 270336K Free: 251860K (93%)
----------------- Invoking toplevel() on ptolemy.moml.MoMLSimpleApplication@a9d2c57
----------------- Done invoking toplevel() on ptolemy.moml.MoMLSimpleApplication@a9d2c57
reloadAllAccessors: .ContinuousWithinContinuous4

===========================================================================================
----------------- testing Mon Jun 06 02:08:01 UTC 2022 /home/travis/build/icyphy/ptII/ptolemy/domains/continuous/test/auto/ContinuousWithinContinuous5.xml
----------------- Instantiating /home/travis/build/icyphy/ptII/ptolemy/domains/continuous/test/auto/ContinuousWithinContinuous5.xml
12 ms. Memory: 270336K Free: 243972K (90%)
----------------- Invoking toplevel() on ptolemy.moml.MoMLSimpleApplication@316c642c
----------------- Done invoking toplevel() on ptolemy.moml.MoMLSimpleApplication@316c642c
reloadAllAccessors: .ContinuousWithinContinuous5

===========================================================================================
----------------- testing Mon Jun 06 02:08:01 UTC 2022 /home/travis/build/icyphy/ptII/ptolemy/domains/continuous/test/auto/ContinuousWithinContinuous6.xml
----------------- Instantiating /home/travis/build/icyphy/ptII/ptolemy/domains/continuous/test/auto/ContinuousWithinContinuous6.xml
17 ms. Memory: 270336K Free: 236804K (88%)
----------------- Invoking toplevel() on ptolemy.moml.MoMLSimpleApplication@5ad3c33e
----------------- Done invoking toplevel() on ptolemy.moml.MoMLSimpleApplication@5ad3c33e
reloadAllAccessors: .ContinuousWithinContinuous6

===========================================================================================
----------------- testing Mon Jun 06 02:08:01 UTC 2022 /home/travis/build/icyphy/ptII/ptolemy/domains/continuous/test/auto/ContinuousWithinContinuous7.xml
----------------- Instantiating /home/travis/build/icyphy/ptII/ptolemy/domains/continuous/test/auto/ContinuousWithinContinuous7.xml
47 ms. Memory: 270336K Free: 225540K (83%)
----------------- Invoking toplevel() on ptolemy.moml.MoMLSimpleApplication@5ca53391
----------------- Done invoking toplevel() on ptolemy.moml.MoMLSimpleApplication@5ca53391
reloadAllAccessors: .ContinuousWithinContinuous7

===========================================================================================
----------------- testing Mon Jun 06 02:08:01 UTC 2022 /home/travis/build/icyphy/ptII/ptolemy/domains/continuous/test/auto/DCMotor.xml
----------------- Instantiating /home/travis/build/icyphy/ptII/ptolemy/domains/continuous/test/auto/DCMotor.xml
12581 ms. Memory: 270336K Free: 197764K (73%)
----------------- Invoking toplevel() on ptolemy.moml.MoMLSimpleApplication@69bb383b
----------------- Done invoking toplevel() on ptolemy.moml.MoMLSimpleApplication@69bb383b
reloadAllAccessors: .DCMotor

===========================================================================================
----------------- testing Mon Jun 06 02:08:14 UTC 2022 /home/travis/build/icyphy/ptII/ptolemy/domains/continuous/test/auto/DEInContinuous.xml
----------------- Instantiating /home/travis/build/icyphy/ptII/ptolemy/domains/continuous/test/auto/DEInContinuous.xml
18 ms. Memory: 270336K Free: 191620K (71%)
----------------- Invoking toplevel() on ptolemy.moml.MoMLSimpleApplication@686a9095
----------------- Done invoking toplevel() on ptolemy.moml.MoMLSimpleApplication@686a9095
reloadAllAccessors: .DEInContinuous

===========================================================================================
----------------- testing Mon Jun 06 02:08:14 UTC 2022 /home/travis/build/icyphy/ptII/ptolemy/domains/continuous/test/auto/DEinContinuous2.xml
----------------- Instantiating /home/travis/build/icyphy/ptII/ptolemy/domains/continuous/test/auto/DEinContinuous2.xml
7 ms. Memory: 270336K Free: 183942K (68%)
----------------- Invoking toplevel() on ptolemy.moml.MoMLSimpleApplication@5925b49a
----------------- Done invoking toplevel() on ptolemy.moml.MoMLSimpleApplication@5925b49a
reloadAllAccessors: .DEinContinuous2

===========================================================================================
----------------- testing Mon Jun 06 02:08:14 UTC 2022 /home/travis/build/icyphy/ptII/ptolemy/domains/continuous/test/auto/Derivative.xml
----------------- Instantiating /home/travis/build/icyphy/ptII/ptolemy/domains/continuous/test/auto/Derivative.xml
111 ms. Memory: 270336K Free: 154246K (57%)
----------------- Invoking toplevel() on ptolemy.moml.MoMLSimpleApplication@5754bf57
----------------- Done invoking toplevel() on ptolemy.moml.MoMLSimpleApplication@5754bf57
reloadAllAccessors: .Derivative2

===========================================================================================
----------------- testing Mon Jun 06 02:08:14 UTC 2022 /home/travis/build/icyphy/ptII/ptolemy/domains/continuous/test/auto/Derivative1.xml
----------------- Instantiating /home/travis/build/icyphy/ptII/ptolemy/domains/continuous/test/auto/Derivative1.xml
25 ms. Memory: 270336K Free: 139910K (52%)
----------------- Invoking toplevel() on ptolemy.moml.MoMLSimpleApplication@d330775
----------------- Done invoking toplevel() on ptolemy.moml.MoMLSimpleApplication@d330775
reloadAllAccessors: .Derivative1

===========================================================================================
----------------- testing Mon Jun 06 02:08:14 UTC 2022 /home/travis/build/icyphy/ptII/ptolemy/domains/continuous/test/auto/DiscreteClock.xml
----------------- Instantiating /home/travis/build/icyphy/ptII/ptolemy/domains/continuous/test/auto/DiscreteClock.xml
3 ms. Memory: 270336K Free: 134790K (50%)
----------------- Invoking toplevel() on ptolemy.moml.MoMLSimpleApplication@9bd27c9
----------------- Done invoking toplevel() on ptolemy.moml.MoMLSimpleApplication@9bd27c9
reloadAllAccessors: .DiscreteClock

===========================================================================================
----------------- testing Mon Jun 06 02:08:14 UTC 2022 /home/travis/build/icyphy/ptII/ptolemy/domains/continuous/test/auto/EfficiencyCurve.xml
----------------- Instantiating /home/travis/build/icyphy/ptII/ptolemy/domains/continuous/test/auto/EfficiencyCurve.xml
49 ms. Memory: 270336K Free: 125574K (46%)
----------------- Invoking toplevel() on ptolemy.moml.MoMLSimpleApplication@76b927e6
----------------- Done invoking toplevel() on ptolemy.moml.MoMLSimpleApplication@76b927e6
reloadAllAccessors: .EfficiencyCurve

===========================================================================================
----------------- testing Mon Jun 06 02:08:14 UTC 2022 /home/travis/build/icyphy/ptII/ptolemy/domains/continuous/test/auto/ExponentialResponse.xml
----------------- Instantiating /home/travis/build/icyphy/ptII/ptolemy/domains/continuous/test/auto/ExponentialResponse.xml
127 ms. Memory: 270336K Free: 109700K (41%)
----------------- Invoking toplevel() on ptolemy.moml.MoMLSimpleApplication@60985035
----------------- Done invoking toplevel() on ptolemy.moml.MoMLSimpleApplication@60985035
reloadAllAccessors: .ExponentialResponse

===========================================================================================
----------------- testing Mon Jun 06 02:08:15 UTC 2022 /home/travis/build/icyphy/ptII/ptolemy/domains/continuous/test/auto/ExponentialResponseRK45.xml
----------------- Instantiating /home/travis/build/icyphy/ptII/ptolemy/domains/continuous/test/auto/ExponentialResponseRK45.xml
22 ms. Memory: 270336K Free: 102532K (38%)
----------------- Invoking toplevel() on ptolemy.moml.MoMLSimpleApplication@73bf56f2
----------------- Done invoking toplevel() on ptolemy.moml.MoMLSimpleApplication@73bf56f2
reloadAllAccessors: .ExponentialResponseRK45

===========================================================================================
----------------- testing Mon Jun 06 02:08:15 UTC 2022 /home/travis/build/icyphy/ptII/ptolemy/domains/continuous/test/auto/Friction.xml
----------------- Instantiating /home/travis/build/icyphy/ptII/ptolemy/domains/continuous/test/auto/Friction.xml
1385 ms. Memory: 270336K Free: 158879K (59%)
----------------- Invoking toplevel() on ptolemy.moml.MoMLSimpleApplication@1c8d328a
----------------- Done invoking toplevel() on ptolemy.moml.MoMLSimpleApplication@1c8d328a
reloadAllAccessors: .Friction

===========================================================================================
----------------- testing Mon Jun 06 02:08:16 UTC 2022 /home/travis/build/icyphy/ptII/ptolemy/domains/continuous/test/auto/FurutaPendulum.xml
----------------- Instantiating /home/travis/build/icyphy/ptII/ptolemy/domains/continuous/test/auto/FurutaPendulum.xml
2772 ms. Memory: 270336K Free: 144952K (54%)
----------------- Invoking toplevel() on ptolemy.moml.MoMLSimpleApplication@4b2ad8c5
----------------- Done invoking toplevel() on ptolemy.moml.MoMLSimpleApplication@4b2ad8c5
reloadAllAccessors: .FurutaPendulum

===========================================================================================
----------------- testing Mon Jun 06 02:08:19 UTC 2022 /home/travis/build/icyphy/ptII/ptolemy/domains/continuous/test/auto/HierarchicalExecution.xml
----------------- Instantiating /home/travis/build/icyphy/ptII/ptolemy/domains/continuous/test/auto/HierarchicalExecution.xml
1468 ms. Memory: 270336K Free: 187566K (69%)
----------------- Invoking toplevel() on ptolemy.moml.MoMLSimpleApplication@5bb71637
----------------- Done invoking toplevel() on ptolemy.moml.MoMLSimpleApplication@5bb71637
reloadAllAccessors: .HierarchicalExecution

===========================================================================================
----------------- testing Mon Jun 06 02:08:21 UTC 2022 /home/travis/build/icyphy/ptII/ptolemy/domains/continuous/test/auto/HybridPlant.xml
----------------- Instantiating /home/travis/build/icyphy/ptII/ptolemy/domains/continuous/test/auto/HybridPlant.xml
469 ms. Memory: 270336K Free: 244179K (90%)
----------------- Invoking toplevel() on ptolemy.moml.MoMLSimpleApplication@4add7598
----------------- Done invoking toplevel() on ptolemy.moml.MoMLSimpleApplication@4add7598
reloadAllAccessors: .HybridPlant

===========================================================================================
----------------- testing Mon Jun 06 02:08:22 UTC 2022 /home/travis/build/icyphy/ptII/ptolemy/domains/continuous/test/auto/Hysteresis.xml
----------------- Instantiating /home/travis/build/icyphy/ptII/ptolemy/domains/continuous/test/auto/Hysteresis.xml
130 ms. Memory: 270336K Free: 181715K (67%)
----------------- Invoking toplevel() on ptolemy.moml.MoMLSimpleApplication@61ec4f8f
----------------- Done invoking toplevel() on ptolemy.moml.MoMLSimpleApplication@61ec4f8f
reloadAllAccessors: .Hysteresis

===========================================================================================
----------------- testing Mon Jun 06 02:08:22 UTC 2022 /home/travis/build/icyphy/ptII/ptolemy/domains/continuous/test/auto/HysteresisWithRandomDelay.xml
----------------- Instantiating /home/travis/build/icyphy/ptII/ptolemy/domains/continuous/test/auto/HysteresisWithRandomDelay.xml
172 ms. Memory: 270336K Free: 110545K (41%)
----------------- Invoking toplevel() on ptolemy.moml.MoMLSimpleApplication@879b01e
----------------- Done invoking toplevel() on ptolemy.moml.MoMLSimpleApplication@879b01e
reloadAllAccessors: .HysteresisWithRandomDelay

===========================================================================================
----------------- testing Mon Jun 06 02:08:22 UTC 2022 /home/travis/build/icyphy/ptII/ptolemy/domains/continuous/test/auto/HysteresisWithRandomLosses.xml
----------------- Instantiating /home/travis/build/icyphy/ptII/ptolemy/domains/continuous/test/auto/HysteresisWithRandomLosses.xml
2141 ms. Memory: 270336K Free: 170031K (63%)
----------------- Invoking toplevel() on ptolemy.moml.MoMLSimpleApplication@2d405a23
----------------- Done invoking toplevel() on ptolemy.moml.MoMLSimpleApplication@2d405a23
reloadAllAccessors: .HysteresisWithRandomLosses

===========================================================================================
----------------- testing Mon Jun 06 02:08:24 UTC 2022 /home/travis/build/icyphy/ptII/ptolemy/domains/continuous/test/auto/ImmediateTransitions.xml
----------------- Instantiating /home/travis/build/icyphy/ptII/ptolemy/domains/continuous/test/auto/ImmediateTransitions.xml
8 ms. Memory: 270336K Free: 159263K (59%)
----------------- Invoking toplevel() on ptolemy.moml.MoMLSimpleApplication@6a5155fd
----------------- Done invoking toplevel() on ptolemy.moml.MoMLSimpleApplication@6a5155fd
reloadAllAccessors: .ImmediateTransitions

===========================================================================================
----------------- testing Mon Jun 06 02:08:24 UTC 2022 /home/travis/build/icyphy/ptII/ptolemy/domains/continuous/test/auto/ImpulseFeedback.xml
----------------- Instantiating /home/travis/build/icyphy/ptII/ptolemy/domains/continuous/test/auto/ImpulseFeedback.xml
7 ms. Memory: 270336K Free: 153647K (57%)
----------------- Invoking toplevel() on ptolemy.moml.MoMLSimpleApplication@2d2a4392
----------------- Done invoking toplevel() on ptolemy.moml.MoMLSimpleApplication@2d2a4392
reloadAllAccessors: .ImpulseFeedback

===========================================================================================
----------------- testing Mon Jun 06 02:08:24 UTC 2022 /home/travis/build/icyphy/ptII/ptolemy/domains/continuous/test/auto/ImpulseFeedback2.xml
----------------- Instantiating /home/travis/build/icyphy/ptII/ptolemy/domains/continuous/test/auto/ImpulseFeedback2.xml
4 ms. Memory: 270336K Free: 148013K (55%)
----------------- Invoking toplevel() on ptolemy.moml.MoMLSimpleApplication@79545791
----------------- Done invoking toplevel() on ptolemy.moml.MoMLSimpleApplication@79545791
reloadAllAccessors: .ImpulseFeedback2

===========================================================================================
----------------- testing Mon Jun 06 02:08:24 UTC 2022 /home/travis/build/icyphy/ptII/ptolemy/domains/continuous/test/auto/IncreasingRatePoisson.xml
----------------- Instantiating /home/travis/build/icyphy/ptII/ptolemy/domains/continuous/test/auto/IncreasingRatePoisson.xml
669 ms. Memory: 270336K Free: 144779K (54%)
----------------- Invoking toplevel() on ptolemy.moml.MoMLSimpleApplication@2ce6d6a2
----------------- Done invoking toplevel() on ptolemy.moml.MoMLSimpleApplication@2ce6d6a2
reloadAllAccessors: .IncreasingRatePoisson

===========================================================================================
----------------- testing Mon Jun 06 02:08:25 UTC 2022 /home/travis/build/icyphy/ptII/ptolemy/domains/continuous/test/auto/InitialStateFeedback.xml
----------------- Instantiating /home/travis/build/icyphy/ptII/ptolemy/domains/continuous/test/auto/InitialStateFeedback.xml
5 ms. Memory: 270336K Free: 140187K (52%)
----------------- Invoking toplevel() on ptolemy.moml.MoMLSimpleApplication@2ecb2544
----------------- Done invoking toplevel() on ptolemy.moml.MoMLSimpleApplication@2ecb2544
reloadAllAccessors: .InitialStateFeedback

===========================================================================================
----------------- testing Mon Jun 06 02:08:25 UTC 2022 /home/travis/build/icyphy/ptII/ptolemy/domains/continuous/test/auto/Integration.xml
----------------- Instantiating /home/travis/build/icyphy/ptII/ptolemy/domains/continuous/test/auto/Integration.xml
1 ms. Memory: 270336K Free: 136091K (50%)
----------------- Invoking toplevel() on ptolemy.moml.MoMLSimpleApplication@d152fd9
----------------- Done invoking toplevel() on ptolemy.moml.MoMLSimpleApplication@d152fd9
reloadAllAccessors: .Integration

===========================================================================================
----------------- testing Mon Jun 06 02:08:25 UTC 2022 /home/travis/build/icyphy/ptII/ptolemy/domains/continuous/test/auto/Integration2.xml
----------------- Instantiating /home/travis/build/icyphy/ptII/ptolemy/domains/continuous/test/auto/Integration2.xml
62 ms. Memory: 270336K Free: 122265K (45%)
----------------- Invoking toplevel() on ptolemy.moml.MoMLSimpleApplication@7317e01a
----------------- Done invoking toplevel() on ptolemy.moml.MoMLSimpleApplication@7317e01a
reloadAllAccessors: .Integration2

===========================================================================================
----------------- testing Mon Jun 06 02:08:25 UTC 2022 /home/travis/build/icyphy/ptII/ptolemy/domains/continuous/test/auto/Integration3.xml
----------------- Instantiating /home/travis/build/icyphy/ptII/ptolemy/domains/continuous/test/auto/Integration3.xml
1 ms. Memory: 270336K Free: 117659K (44%)
----------------- Invoking toplevel() on ptolemy.moml.MoMLSimpleApplication@537309d0
----------------- Done invoking toplevel() on ptolemy.moml.MoMLSimpleApplication@537309d0
reloadAllAccessors: .Integration3

===========================================================================================
----------------- testing Mon Jun 06 02:08:25 UTC 2022 /home/travis/build/icyphy/ptII/ptolemy/domains/continuous/test/auto/Integration5.xml
----------------- Instantiating /home/travis/build/icyphy/ptII/ptolemy/domains/continuous/test/auto/Integration5.xml
2 ms. Memory: 270336K Free: 113563K (42%)
----------------- Invoking toplevel() on ptolemy.moml.MoMLSimpleApplication@327f332d
----------------- Done invoking toplevel() on ptolemy.moml.MoMLSimpleApplication@327f332d
reloadAllAccessors: .Integration5

===========================================================================================
----------------- testing Mon Jun 06 02:08:25 UTC 2022 /home/travis/build/icyphy/ptII/ptolemy/domains/continuous/test/auto/IntegratorImpulse.xml
----------------- Instantiating /home/travis/build/icyphy/ptII/ptolemy/domains/continuous/test/auto/IntegratorImpulse.xml
2 ms. Memory: 270336K Free: 109467K (40%)
----------------- Invoking toplevel() on ptolemy.moml.MoMLSimpleApplication@5acddc7c
----------------- Done invoking toplevel() on ptolemy.moml.MoMLSimpleApplication@5acddc7c
reloadAllAccessors: .IntegratorImpulse

===========================================================================================
----------------- testing Mon Jun 06 02:08:25 UTC 2022 /home/travis/build/icyphy/ptII/ptolemy/domains/continuous/test/auto/IntegratorImpulse2.xml
----------------- Instantiating /home/travis/build/icyphy/ptII/ptolemy/domains/continuous/test/auto/IntegratorImpulse2.xml
3 ms. Memory: 270336K Free: 104843K (39%)
----------------- Invoking toplevel() on ptolemy.moml.MoMLSimpleApplication@66052304
----------------- Done invoking toplevel() on ptolemy.moml.MoMLSimpleApplication@66052304
reloadAllAccessors: .IntegratorImpulse2

===========================================================================================
----------------- testing Mon Jun 06 02:08:25 UTC 2022 /home/travis/build/icyphy/ptII/ptolemy/domains/continuous/test/auto/LevelCrossing1.xml
----------------- Instantiating /home/travis/build/icyphy/ptII/ptolemy/domains/continuous/test/auto/LevelCrossing1.xml
3 ms. Memory: 270336K Free: 99731K (37%)
----------------- Invoking toplevel() on ptolemy.moml.MoMLSimpleApplication@6c6e15f2
----------------- Done invoking toplevel() on ptolemy.moml.MoMLSimpleApplication@6c6e15f2
reloadAllAccessors: .LevelCrossing1

===========================================================================================
----------------- testing Mon Jun 06 02:08:25 UTC 2022 /home/travis/build/icyphy/ptII/ptolemy/domains/continuous/test/auto/LevelCrossing2.xml
----------------- Instantiating /home/travis/build/icyphy/ptII/ptolemy/domains/continuous/test/auto/LevelCrossing2.xml
3 ms. Memory: 270336K Free: 94603K (35%)
----------------- Invoking toplevel() on ptolemy.moml.MoMLSimpleApplication@4acc383c
----------------- Done invoking toplevel() on ptolemy.moml.MoMLSimpleApplication@4acc383c
reloadAllAccessors: .LevelCrossing2

===========================================================================================
----------------- testing Mon Jun 06 02:08:25 UTC 2022 /home/travis/build/icyphy/ptII/ptolemy/domains/continuous/test/auto/LevelCrossing3.xml
----------------- Instantiating /home/travis/build/icyphy/ptII/ptolemy/domains/continuous/test/auto/LevelCrossing3.xml
2 ms. Memory: 270336K Free: 250911K (93%)
----------------- Invoking toplevel() on ptolemy.moml.MoMLSimpleApplication@3be15d5
----------------- Done invoking toplevel() on ptolemy.moml.MoMLSimpleApplication@3be15d5
reloadAllAccessors: .LevelCrossing3

===========================================================================================
----------------- testing Mon Jun 06 02:08:25 UTC 2022 /home/travis/build/icyphy/ptII/ptolemy/domains/continuous/test/auto/LevelCrossing4.xml
----------------- Instantiating /home/travis/build/icyphy/ptII/ptolemy/domains/continuous/test/auto/LevelCrossing4.xml
3 ms. Memory: 270336K Free: 245791K (91%)
----------------- Invoking toplevel() on ptolemy.moml.MoMLSimpleApplication@190ac0a4
----------------- Done invoking toplevel() on ptolemy.moml.MoMLSimpleApplication@190ac0a4
reloadAllAccessors: .LevelCrossing4

===========================================================================================
----------------- testing Mon Jun 06 02:08:25 UTC 2022 /home/travis/build/icyphy/ptII/ptolemy/domains/continuous/test/auto/LevelCrossing5.xml
----------------- Instantiating /home/travis/build/icyphy/ptII/ptolemy/domains/continuous/test/auto/LevelCrossing5.xml
3 ms. Memory: 270336K Free: 240671K (89%)
----------------- Invoking toplevel() on ptolemy.moml.MoMLSimpleApplication@20c2d427
----------------- Done invoking toplevel() on ptolemy.moml.MoMLSimpleApplication@20c2d427
reloadAllAccessors: .LevelCrossing5

===========================================================================================
[...]
----------------- Instantiating /home/travis/build/icyphy/ptII/ptolemy/domains/continuous/test/auto/SRinContinuous.xml
9 ms. Memory: 270336K Free: 178378K (66%)
----------------- Invoking toplevel() on ptolemy.moml.MoMLSimpleApplication@5044de29
----------------- Done invoking toplevel() on ptolemy.moml.MoMLSimpleApplication@5044de29
reloadAllAccessors: .SRinContinuous

===========================================================================================
----------------- testing Mon Jun 06 02:08:40 UTC 2022 /home/travis/build/icyphy/ptII/ptolemy/domains/continuous/test/auto/SampledClocks.xml
----------------- Instantiating /home/travis/build/icyphy/ptII/ptolemy/domains/continuous/test/auto/SampledClocks.xml
9 ms. Memory: 270336K Free: 165580K (61%)
----------------- Invoking toplevel() on ptolemy.moml.MoMLSimpleApplication@34bb9a8
----------------- Done invoking toplevel() on ptolemy.moml.MoMLSimpleApplication@34bb9a8
reloadAllAccessors: .SampledClocks

===========================================================================================
----------------- testing Mon Jun 06 02:08:40 UTC 2022 /home/travis/build/icyphy/ptII/ptolemy/domains/continuous/test/auto/Satellite.xml
----------------- Instantiating /home/travis/build/icyphy/ptII/ptolemy/domains/continuous/test/auto/Satellite.xml
807 ms. Memory: 270336K Free: 138632K (51%)
----------------- Invoking toplevel() on ptolemy.moml.MoMLSimpleApplication@1bba89bb
----------------- Done invoking toplevel() on ptolemy.moml.MoMLSimpleApplication@1bba89bb
reloadAllAccessors: .Satellite

===========================================================================================
----------------- testing Mon Jun 06 02:08:41 UTC 2022 /home/travis/build/icyphy/ptII/ptolemy/domains/continuous/test/auto/SigmaDelta.xml
----------------- Instantiating /home/travis/build/icyphy/ptII/ptolemy/domains/continuous/test/auto/SigmaDelta.xml
1988 ms. Memory: 270336K Free: 188950K (70%)
----------------- Invoking toplevel() on ptolemy.moml.MoMLSimpleApplication@4b3e8702
----------------- Done invoking toplevel() on ptolemy.moml.MoMLSimpleApplication@4b3e8702
reloadAllAccessors: .SigmaDelta

===========================================================================================
----------------- testing Mon Jun 06 02:08:43 UTC 2022 /home/travis/build/icyphy/ptII/ptolemy/domains/continuous/test/auto/SingleRefinement.xml
----------------- Instantiating /home/travis/build/icyphy/ptII/ptolemy/domains/continuous/test/auto/SingleRefinement.xml
282 ms. Memory: 270336K Free: 166926K (62%)
----------------- Invoking toplevel() on ptolemy.moml.MoMLSimpleApplication@21dbe538
----------------- Done invoking toplevel() on ptolemy.moml.MoMLSimpleApplication@21dbe538
reloadAllAccessors: .SingleRefinement

===========================================================================================
----------------- testing Mon Jun 06 02:08:43 UTC 2022 /home/travis/build/icyphy/ptII/ptolemy/domains/continuous/test/auto/SinuBouncingBall.xml
----------------- Instantiating /home/travis/build/icyphy/ptII/ptolemy/domains/continuous/test/auto/SinuBouncingBall.xml
699 ms. Memory: 270336K Free: 114422K (42%)
----------------- Invoking toplevel() on ptolemy.moml.MoMLSimpleApplication@e44979c
----------------- Done invoking toplevel() on ptolemy.moml.MoMLSimpleApplication@e44979c
reloadAllAccessors: .SinuBouncingBall

===========================================================================================
----------------- testing Mon Jun 06 02:08:44 UTC 2022 /home/travis/build/icyphy/ptII/ptolemy/domains/continuous/test/auto/Sinusoid.xml
----------------- Instantiating /home/travis/build/icyphy/ptII/ptolemy/domains/continuous/test/auto/Sinusoid.xml
4 ms. Memory: 270336K Free: 109816K (41%)
----------------- Invoking toplevel() on ptolemy.moml.MoMLSimpleApplication@5fdec165
----------------- Done invoking toplevel() on ptolemy.moml.MoMLSimpleApplication@5fdec165
reloadAllAccessors: .Sinusoid

===========================================================================================
----------------- testing Mon Jun 06 02:08:44 UTC 2022 /home/travis/build/icyphy/ptII/ptolemy/domains/continuous/test/auto/SinusoidInNoise.xml
----------------- Instantiating /home/travis/build/icyphy/ptII/ptolemy/domains/continuous/test/auto/SinusoidInNoise.xml
868 ms. Memory: 270336K Free: 133875K (50%)
----------------- Invoking toplevel() on ptolemy.moml.MoMLSimpleApplication@464d7935
----------------- Done invoking toplevel() on ptolemy.moml.MoMLSimpleApplication@464d7935
reloadAllAccessors: .SinusoidInNoise

===========================================================================================
----------------- testing Mon Jun 06 02:08:45 UTC 2022 /home/travis/build/icyphy/ptII/ptolemy/domains/continuous/test/auto/SinusoidRK45.xml
----------------- Instantiating /home/travis/build/icyphy/ptII/ptolemy/domains/continuous/test/auto/SinusoidRK45.xml
1 ms. Memory: 270336K Free: 129524K (48%)
----------------- Invoking toplevel() on ptolemy.moml.MoMLSimpleApplication@7d2ecc5b
----------------- Done invoking toplevel() on ptolemy.moml.MoMLSimpleApplication@7d2ecc5b
reloadAllAccessors: .SinusoidRK45

===========================================================================================
----------------- testing Mon Jun 06 02:08:45 UTC 2022 /home/travis/build/icyphy/ptII/ptolemy/domains/continuous/test/auto/SinusoidWithMultipleImpulses.xml
----------------- Instantiating /home/travis/build/icyphy/ptII/ptolemy/domains/continuous/test/auto/SinusoidWithMultipleImpulses.xml
2 ms. Memory: 270336K Free: 124933K (46%)
----------------- Invoking toplevel() on ptolemy.moml.MoMLSimpleApplication@6971d2d9
----------------- Done invoking toplevel() on ptolemy.moml.MoMLSimpleApplication@6971d2d9
reloadAllAccessors: .SinusoidWithMultipleImpulses

===========================================================================================
----------------- testing Mon Jun 06 02:08:45 UTC 2022 /home/travis/build/icyphy/ptII/ptolemy/domains/continuous/test/auto/SquareWave.xml
----------------- Instantiating /home/travis/build/icyphy/ptII/ptolemy/domains/continuous/test/auto/SquareWave.xml
124 ms. Memory: 270336K Free: 97285K (36%)
----------------- Invoking toplevel() on ptolemy.moml.MoMLSimpleApplication@2eb60bc9
----------------- Done invoking toplevel() on ptolemy.moml.MoMLSimpleApplication@2eb60bc9
reloadAllAccessors: .SquareWave

===========================================================================================
----------------- testing Mon Jun 06 02:08:45 UTC 2022 /home/travis/build/icyphy/ptII/ptolemy/domains/continuous/test/auto/Starmac.xml
----------------- Instantiating /home/travis/build/icyphy/ptII/ptolemy/domains/continuous/test/auto/Starmac.xml
3072 ms. Memory: 270336K Free: 109086K (40%)
----------------- Invoking toplevel() on ptolemy.moml.MoMLSimpleApplication@79e286ee
----------------- Done invoking toplevel() on ptolemy.moml.MoMLSimpleApplication@79e286ee
reloadAllAccessors: .Starmac

===========================================================================================
----------------- testing Mon Jun 06 02:08:48 UTC 2022 /home/travis/build/icyphy/ptII/ptolemy/domains/continuous/test/auto/StaticUnits.xml
----------------- Instantiating /home/travis/build/icyphy/ptII/ptolemy/domains/continuous/test/auto/StaticUnits.xml
1706 ms. Memory: 270336K Free: 139174K (51%)
----------------- Invoking toplevel() on ptolemy.moml.MoMLSimpleApplication@51b5785
----------------- Done invoking toplevel() on ptolemy.moml.MoMLSimpleApplication@51b5785
reloadAllAccessors: .StaticUnits

===========================================================================================
----------------- testing Mon Jun 06 02:08:51 UTC 2022 /home/travis/build/icyphy/ptII/ptolemy/domains/continuous/test/auto/StickyMasses.xml
----------------- Instantiating /home/travis/build/icyphy/ptII/ptolemy/domains/continuous/test/auto/StickyMasses.xml
133 ms. Memory: 324608K Free: 300436K (93%)
----------------- Invoking toplevel() on ptolemy.moml.MoMLSimpleApplication@1eb7eb64
----------------- Done invoking toplevel() on ptolemy.moml.MoMLSimpleApplication@1eb7eb64
reloadAllAccessors: .StickyMasses

===========================================================================================
----------------- testing Mon Jun 06 02:08:51 UTC 2022 /home/travis/build/icyphy/ptII/ptolemy/domains/continuous/test/auto/StopTime.xml
----------------- Instantiating /home/travis/build/icyphy/ptII/ptolemy/domains/continuous/test/auto/StopTime.xml
44 ms. Memory: 324608K Free: 274821K (85%)
----------------- Invoking toplevel() on ptolemy.moml.MoMLSimpleApplication@30decacc
----------------- Done invoking toplevel() on ptolemy.moml.MoMLSimpleApplication@30decacc
reloadAllAccessors: .StopTime

===========================================================================================
----------------- testing Mon Jun 06 02:08:51 UTC 2022 /home/travis/build/icyphy/ptII/ptolemy/domains/continuous/test/auto/StopTime2.xml
----------------- Instantiating /home/travis/build/icyphy/ptII/ptolemy/domains/continuous/test/auto/StopTime2.xml
37 ms. Memory: 324608K Free: 252293K (78%)
----------------- Invoking toplevel() on ptolemy.moml.MoMLSimpleApplication@12462050
----------------- Done invoking toplevel() on ptolemy.moml.MoMLSimpleApplication@12462050
reloadAllAccessors: .StopTime2

===========================================================================================
----------------- testing Mon Jun 06 02:08:51 UTC 2022 /home/travis/build/icyphy/ptII/ptolemy/domains/continuous/test/auto/Switch.xml
----------------- Instantiating /home/travis/build/icyphy/ptII/ptolemy/domains/continuous/test/auto/Switch.xml
33 ms. Memory: 324608K Free: 227222K (70%)
----------------- Invoking toplevel() on ptolemy.moml.MoMLSimpleApplication@4cb61e69
----------------- Done invoking toplevel() on ptolemy.moml.MoMLSimpleApplication@4cb61e69
reloadAllAccessors: .Switch

===========================================================================================
----------------- testing Mon Jun 06 02:08:51 UTC 2022 /home/travis/build/icyphy/ptII/ptolemy/domains/continuous/test/auto/Thermostat.xml
----------------- Instantiating /home/travis/build/icyphy/ptII/ptolemy/domains/continuous/test/auto/Thermostat.xml
155 ms. Memory: 324608K Free: 155021K (48%)
----------------- Invoking toplevel() on ptolemy.moml.MoMLSimpleApplication@74cd9221
----------------- Done invoking toplevel() on ptolemy.moml.MoMLSimpleApplication@74cd9221
reloadAllAccessors: .Thermostat

===========================================================================================
----------------- testing Mon Jun 06 02:08:51 UTC 2022 /home/travis/build/icyphy/ptII/ptolemy/domains/continuous/test/auto/TimeDelay.xml
----------------- Instantiating /home/travis/build/icyphy/ptII/ptolemy/domains/continuous/test/auto/TimeDelay.xml
4 ms. Memory: 324608K Free: 150422K (46%)
----------------- Invoking toplevel() on ptolemy.moml.MoMLSimpleApplication@691486c
----------------- Done invoking toplevel() on ptolemy.moml.MoMLSimpleApplication@691486c
reloadAllAccessors: .TimeDelay

===========================================================================================
----------------- testing Mon Jun 06 02:08:51 UTC 2022 /home/travis/build/icyphy/ptII/ptolemy/domains/continuous/test/auto/TimeDelay2.xml
----------------- Instantiating /home/travis/build/icyphy/ptII/ptolemy/domains/continuous/test/auto/TimeDelay2.xml
6 ms. Memory: 324608K Free: 140692K (43%)
----------------- Invoking toplevel() on ptolemy.moml.MoMLSimpleApplication@6a16e414
----------------- Done invoking toplevel() on ptolemy.moml.MoMLSimpleApplication@6a16e414
reloadAllAccessors: .TimeDelay2

===========================================================================================
----------------- testing Mon Jun 06 02:08:51 UTC 2022 /home/travis/build/icyphy/ptII/ptolemy/domains/continuous/test/auto/TimeDelay3.xml
----------------- Instantiating /home/travis/build/icyphy/ptII/ptolemy/domains/continuous/test/auto/TimeDelay3.xml
2 ms. Memory: 324608K Free: 136086K (42%)
----------------- Invoking toplevel() on ptolemy.moml.MoMLSimpleApplication@670ddf3f
----------------- Done invoking toplevel() on ptolemy.moml.MoMLSimpleApplication@670ddf3f
reloadAllAccessors: .TimeDelay3

===========================================================================================
----------------- testing Mon Jun 06 02:08:51 UTC 2022 /home/travis/build/icyphy/ptII/ptolemy/domains/continuous/test/auto/TransferAbsentToInside.xml
----------------- Instantiating /home/travis/build/icyphy/ptII/ptolemy/domains/continuous/test/auto/TransferAbsentToInside.xml
29 ms. Memory: 324608K Free: 270742K (83%)
----------------- Invoking toplevel() on ptolemy.moml.MoMLSimpleApplication@141651ba
----------------- Done invoking toplevel() on ptolemy.moml.MoMLSimpleApplication@141651ba
reloadAllAccessors: .TransferAbsentToInside

===========================================================================================
----------------- testing Mon Jun 06 02:08:51 UTC 2022 /home/travis/build/icyphy/ptII/ptolemy/domains/continuous/test/auto/Transmission.xml
----------------- Instantiating /home/travis/build/icyphy/ptII/ptolemy/domains/continuous/test/auto/Transmission.xml
674 ms. Memory: 324608K Free: 228743K (70%)
----------------- Invoking toplevel() on ptolemy.moml.MoMLSimpleApplication@70556999
----------------- Done invoking toplevel() on ptolemy.moml.MoMLSimpleApplication@70556999
reloadAllAccessors: .Transmission

===========================================================================================
----------------- testing Mon Jun 06 02:08:52 UTC 2022 /home/travis/build/icyphy/ptII/ptolemy/domains/continuous/test/auto/TriggeredContinuousClock.xml
----------------- Instantiating /home/travis/build/icyphy/ptII/ptolemy/domains/continuous/test/auto/TriggeredContinuousClock.xml
32 ms. Memory: 324608K Free: 199047K (61%)
----------------- Invoking toplevel() on ptolemy.moml.MoMLSimpleApplication@3ccf7b0b
----------------- Done invoking toplevel() on ptolemy.moml.MoMLSimpleApplication@3ccf7b0b
reloadAllAccessors: .TriggeredContinuousClock

===========================================================================================
----------------- testing Mon Jun 06 02:08:52 UTC 2022 /home/travis/build/icyphy/ptII/ptolemy/domains/continuous/test/auto/TwoMachineInfiniteBusControl.xml
----------------- Instantiating /home/travis/build/icyphy/ptII/ptolemy/domains/continuous/test/auto/TwoMachineInfiniteBusControl.xml
2442 ms. Memory: 324608K Free: 201052K (62%)
----------------- Invoking toplevel() on ptolemy.moml.MoMLSimpleApplication@37e35a1d
----------------- Done invoking toplevel() on ptolemy.moml.MoMLSimpleApplication@37e35a1d
reloadAllAccessors: .TwoMachineInfiniteBusControl

===========================================================================================
----------------- testing Mon Jun 06 02:08:55 UTC 2022 /home/travis/build/icyphy/ptII/ptolemy/domains/continuous/test/auto/V2V.xml
----------------- Instantiating /home/travis/build/icyphy/ptII/ptolemy/domains/continuous/test/auto/V2V.xml
734 ms. Memory: 324608K Free: 202053K (62%)
----------------- Invoking toplevel() on ptolemy.moml.MoMLSimpleApplication@65b9be07
----------------- Done invoking toplevel() on ptolemy.moml.MoMLSimpleApplication@65b9be07
reloadAllAccessors: .V2V

===========================================================================================
----------------- testing Mon Jun 06 02:08:56 UTC 2022 /home/travis/build/icyphy/ptII/ptolemy/domains/continuous/test/auto/hierarchicalModalModel.xml
----------------- Instantiating /home/travis/build/icyphy/ptII/ptolemy/domains/continuous/test/auto/hierarchicalModalModel.xml
6 ms. Memory: 324608K Free: 187717K (58%)
----------------- Invoking toplevel() on ptolemy.moml.MoMLSimpleApplication@13ef93bf
----------------- Done invoking toplevel() on ptolemy.moml.MoMLSimpleApplication@13ef93bf
reloadAllAccessors: .hierarchicalModalModel

===========================================================================================
----------------- testing Mon Jun 06 02:08:56 UTC 2022 /home/travis/build/icyphy/ptII/ptolemy/domains/continuous/test/auto/hierarchicalModalModel1.xml
----------------- Instantiating /home/travis/build/icyphy/ptII/ptolemy/domains/continuous/test/auto/hierarchicalModalModel1.xml
7 ms. Memory: 324608K Free: 172885K (53%)
----------------- Invoking toplevel() on ptolemy.moml.MoMLSimpleApplication@2987e20c
----------------- Done invoking toplevel() on ptolemy.moml.MoMLSimpleApplication@2987e20c
reloadAllAccessors: .hierarchicalModalModel1

===========================================================================================
----------------- testing Mon Jun 06 02:08:56 UTC 2022 /home/travis/build/icyphy/ptII/ptolemy/domains/continuous/test/auto/hierarchicalModalModel2.xml
----------------- Instantiating /home/travis/build/icyphy/ptII/ptolemy/domains/continuous/test/auto/hierarchicalModalModel2.xml
6 ms. Memory: 324608K Free: 160597K (49%)
----------------- Invoking toplevel() on ptolemy.moml.MoMLSimpleApplication@3c8961b0
----------------- Done invoking toplevel() on ptolemy.moml.MoMLSimpleApplication@3c8961b0
reloadAllAccessors: .hierarchicalModalModel2

===========================================================================================
----------------- testing Mon Jun 06 02:08:56 UTC 2022 /home/travis/build/icyphy/ptII/ptolemy/domains/continuous/test/auto/hierarchicalModalModel3.xml
----------------- Instantiating /home/travis/build/icyphy/ptII/ptolemy/domains/continuous/test/auto/hierarchicalModalModel3.xml
6 ms. Memory: 324608K Free: 149843K (46%)
----------------- Invoking toplevel() on ptolemy.moml.MoMLSimpleApplication@67183324
----------------- Done invoking toplevel() on ptolemy.moml.MoMLSimpleApplication@67183324
reloadAllAccessors: .hierarchicalModalModel3

===========================================================================================
----------------- testing Mon Jun 06 02:08:56 UTC 2022 /home/travis/build/icyphy/ptII/ptolemy/domains/continuous/test/auto/hierarchicalModalModel4.xml
----------------- Instantiating /home/travis/build/icyphy/ptII/ptolemy/domains/continuous/test/auto/hierarchicalModalModel4.xml
4 ms. Memory: 324608K Free: 138069K (43%)
----------------- Invoking toplevel() on ptolemy.moml.MoMLSimpleApplication@439197ca
----------------- Done invoking toplevel() on ptolemy.moml.MoMLSimpleApplication@439197ca
reloadAllAccessors: .hierarchicalModalModel4

===========================================================================================
----------------- testing Mon Jun 06 02:08:56 UTC 2022 /home/travis/build/icyphy/ptII/ptolemy/domains/continuous/test/auto/junk.xml
----------------- Instantiating /home/travis/build/icyphy/ptII/ptolemy/domains/continuous/test/auto/junk.xml
121 ms. Memory: 324608K Free: 300442K (93%)
----------------- Invoking toplevel() on ptolemy.moml.MoMLSimpleApplication@41efaccb
----------------- Done invoking toplevel() on ptolemy.moml.MoMLSimpleApplication@41efaccb
reloadAllAccessors: .junk
AutoTests.java: About to close Vertx.
AutoTests.java: Vertx closed.
]]></system-out>
  <system-err><![CDATA[Warning: '.HysteresisWithRandomDelay.NonStrictTest' The test produced only 221 tokens, yet the correctValues parameter was expecting 222 tokens.
Warning: '.HysteresisWithRandomDelay.NonStrictTest2' The test produced only 220 tokens, yet the correctValues parameter was expecting 221 tokens.
Warning: '.HysteresisWithRandomDelay.NonStrictTest3' The test produced only 23 tokens, yet the correctValues parameter was expecting 30 tokens.
Warning: '.Poisson.NonStrictTest' The test produced only 376 tokens, yet the correctValues parameter was expecting 430 tokens.
]]></system-err>
</testsuite>
