<?xml version="1.0" encoding="UTF-8" ?>
<testsuite errors="0" failures="0" hostname="travis-job-78176359-b3b1-4459-b63b-737d0e26ff9d" name="ptolemy.domains.continuous.test.junit.JUnitTclTest" skipped="0" tests="156" time="67.519" timestamp="2021-10-06T02:01:56">
  <properties>
[...]
</properties>
  <testcase classname="ptolemy.util.test.junit.TclTests" name="[0] ThereAreNoTclTests (RunTclFile)" time="0.007" />
  <testcase classname="ptolemy.util.test.junit.AutoKnownFailedTests" name="[0] ThereAreNoKnowFailedTests (RunModel)" time="0.002" />
  <testcase classname="ptolemy.util.test.junit.AutoNameArchTests" name="[0] ThereAreNoAutoArchTests (RunModel)" time="0.009" />
  <testcase classname="ptolemy.util.test.junit.AutoTests" name="[0] /home/travis/build/icyphy/ptII/ptolemy/domains/continuous/test/auto/BouncingBall.xml (RunModel)" time="2.905" />
  <testcase classname="ptolemy.util.test.junit.AutoTests" name="[1] /home/travis/build/icyphy/ptII/ptolemy/domains/continuous/test/auto/BouncingBallWithoutGR.xml (RunModel)" time="0.958" />
  <testcase classname="ptolemy.util.test.junit.AutoTests" name="[2] /home/travis/build/icyphy/ptII/ptolemy/domains/continuous/test/auto/Brownian.xml (RunModel)" time="0.131" />
  <testcase classname="ptolemy.util.test.junit.AutoTests" name="[3] /home/travis/build/icyphy/ptII/ptolemy/domains/continuous/test/auto/CarTracking.xml (RunModel)" time="4.019" />
  <testcase classname="ptolemy.util.test.junit.AutoTests" name="[4] /home/travis/build/icyphy/ptII/ptolemy/domains/continuous/test/auto/CartPendulum.xml (RunModel)" time="0.431" />
  <testcase classname="ptolemy.util.test.junit.AutoTests" name="[5] /home/travis/build/icyphy/ptII/ptolemy/domains/continuous/test/auto/CausalityInterface10.xml (RunModel)" time="0.047" />
  <testcase classname="ptolemy.util.test.junit.AutoTests" name="[6] /home/travis/build/icyphy/ptII/ptolemy/domains/continuous/test/auto/CausalityInterface11.xml (RunModel)" time="0.034" />
  <testcase classname="ptolemy.util.test.junit.AutoTests" name="[7] /home/travis/build/icyphy/ptII/ptolemy/domains/continuous/test/auto/CausalityInterface12.xml (RunModel)" time="0.048" />
  <testcase classname="ptolemy.util.test.junit.AutoTests" name="[8] /home/travis/build/icyphy/ptII/ptolemy/domains/continuous/test/auto/CausalityInterface13.xml (RunModel)" time="0.036" />
  <testcase classname="ptolemy.util.test.junit.AutoTests" name="[9] /home/travis/build/icyphy/ptII/ptolemy/domains/continuous/test/auto/CausalityInterface14.xml (RunModel)" time="0.024" />
  <testcase classname="ptolemy.util.test.junit.AutoTests" name="[10] /home/travis/build/icyphy/ptII/ptolemy/domains/continuous/test/auto/CausalityInterface4.xml (RunModel)" time="0.024" />
  <testcase classname="ptolemy.util.test.junit.AutoTests" name="[11] /home/travis/build/icyphy/ptII/ptolemy/domains/continuous/test/auto/CausalityInterface5.xml (RunModel)" time="0.037" />
  <testcase classname="ptolemy.util.test.junit.AutoTests" name="[12] /home/travis/build/icyphy/ptII/ptolemy/domains/continuous/test/auto/CausalityInterface6.xml (RunModel)" time="0.024" />
  <testcase classname="ptolemy.util.test.junit.AutoTests" name="[13] /home/travis/build/icyphy/ptII/ptolemy/domains/continuous/test/auto/CausalityInterface7.xml (RunModel)" time="0.05" />
  <testcase classname="ptolemy.util.test.junit.AutoTests" name="[14] /home/travis/build/icyphy/ptII/ptolemy/domains/continuous/test/auto/CausalityInterface8.xml (RunModel)" time="0.034" />
  <testcase classname="ptolemy.util.test.junit.AutoTests" name="[15] /home/travis/build/icyphy/ptII/ptolemy/domains/continuous/test/auto/CausalityInterface9.xml (RunModel)" time="0.041" />
  <testcase classname="ptolemy.util.test.junit.AutoTests" name="[16] /home/travis/build/icyphy/ptII/ptolemy/domains/continuous/test/auto/CausalityInterfaceFeedback1.xml (RunModel)" time="0.028" />
  <testcase classname="ptolemy.util.test.junit.AutoTests" name="[17] /home/travis/build/icyphy/ptII/ptolemy/domains/continuous/test/auto/CausalityInterfaceFeedback2.xml (RunModel)" time="0.039" />
  <testcase classname="ptolemy.util.test.junit.AutoTests" name="[18] /home/travis/build/icyphy/ptII/ptolemy/domains/continuous/test/auto/CompareWithCurrentTime.xml (RunModel)" time="0.021" />
  <testcase classname="ptolemy.util.test.junit.AutoTests" name="[19] /home/travis/build/icyphy/ptII/ptolemy/domains/continuous/test/auto/ComparedClocks.xml (RunModel)" time="0.052" />
  <testcase classname="ptolemy.util.test.junit.AutoTests" name="[20] /home/travis/build/icyphy/ptII/ptolemy/domains/continuous/test/auto/ContinuousAOCClone.xml (RunModel)" time="2.328" />
  <testcase classname="ptolemy.util.test.junit.AutoTests" name="[21] /home/travis/build/icyphy/ptII/ptolemy/domains/continuous/test/auto/ContinuousClock.xml (RunModel)" time="0.078" />
  <testcase classname="ptolemy.util.test.junit.AutoTests" name="[22] /home/travis/build/icyphy/ptII/ptolemy/domains/continuous/test/auto/ContinuousInContinuous.xml (RunModel)" time="0.083" />
  <testcase classname="ptolemy.util.test.junit.AutoTests" name="[23] /home/travis/build/icyphy/ptII/ptolemy/domains/continuous/test/auto/ContinuousInContinuousInContinuous.xml (RunModel)" time="0.029" />
  <testcase classname="ptolemy.util.test.junit.AutoTests" name="[24] /home/travis/build/icyphy/ptII/ptolemy/domains/continuous/test/auto/ContinuousInDE.xml (RunModel)" time="0.09" />
  <testcase classname="ptolemy.util.test.junit.AutoTests" name="[25] /home/travis/build/icyphy/ptII/ptolemy/domains/continuous/test/auto/ContinuousInDE2.xml (RunModel)" time="0.041" />
  <testcase classname="ptolemy.util.test.junit.AutoTests" name="[26] /home/travis/build/icyphy/ptII/ptolemy/domains/continuous/test/auto/ContinuousInDE3.xml (RunModel)" time="0.043" />
  <testcase classname="ptolemy.util.test.junit.AutoTests" name="[27] /home/travis/build/icyphy/ptII/ptolemy/domains/continuous/test/auto/ContinuousInDE4.xml (RunModel)" time="0.035" />
  <testcase classname="ptolemy.util.test.junit.AutoTests" name="[28] /home/travis/build/icyphy/ptII/ptolemy/domains/continuous/test/auto/ContinuousInDEDifferentRefinements.xml (RunModel)" time="0.123" />
  <testcase classname="ptolemy.util.test.junit.AutoTests" name="[29] /home/travis/build/icyphy/ptII/ptolemy/domains/continuous/test/auto/ContinuousInDEDifferentRefinementsPreemptive.xml (RunModel)" time="0.073" />
  <testcase classname="ptolemy.util.test.junit.AutoTests" name="[30] /home/travis/build/icyphy/ptII/ptolemy/domains/continuous/test/auto/ContinuousInDEInContinuous2.xml (RunModel)" time="0.06" />
  <testcase classname="ptolemy.util.test.junit.AutoTests" name="[31] /home/travis/build/icyphy/ptII/ptolemy/domains/continuous/test/auto/ContinuousInDEInContinuous3.xml (RunModel)" time="0.072" />
  <testcase classname="ptolemy.util.test.junit.AutoTests" name="[32] /home/travis/build/icyphy/ptII/ptolemy/domains/continuous/test/auto/ContinuousInDEInput.xml (RunModel)" time="0.045" />
  <testcase classname="ptolemy.util.test.junit.AutoTests" name="[33] /home/travis/build/icyphy/ptII/ptolemy/domains/continuous/test/auto/ContinuousInDEInput2.xml (RunModel)" time="0.03" />
  <testcase classname="ptolemy.util.test.junit.AutoTests" name="[34] /home/travis/build/icyphy/ptII/ptolemy/domains/continuous/test/auto/ContinuousInDEInput3.xml (RunModel)" time="0.03" />
  <testcase classname="ptolemy.util.test.junit.AutoTests" name="[35] /home/travis/build/icyphy/ptII/ptolemy/domains/continuous/test/auto/ContinuousInDESharingRefinement.xml (RunModel)" time="0.208" />
  <testcase classname="ptolemy.util.test.junit.AutoTests" name="[36] /home/travis/build/icyphy/ptII/ptolemy/domains/continuous/test/auto/ContinuousInDEwithNoPorts.xml (RunModel)" time="0.018" />
  <testcase classname="ptolemy.util.test.junit.AutoTests" name="[37] /home/travis/build/icyphy/ptII/ptolemy/domains/continuous/test/auto/ContinuousInsideDE.xml (RunModel)" time="0.094" />
  <testcase classname="ptolemy.util.test.junit.AutoTests" name="[38] /home/travis/build/icyphy/ptII/ptolemy/domains/continuous/test/auto/ContinuousMerge1.xml (RunModel)" time="0.017" />
  <testcase classname="ptolemy.util.test.junit.AutoTests" name="[39] /home/travis/build/icyphy/ptII/ptolemy/domains/continuous/test/auto/ContinuousMerge2.xml (RunModel)" time="0.049" />
  <testcase classname="ptolemy.util.test.junit.AutoTests" name="[40] /home/travis/build/icyphy/ptII/ptolemy/domains/continuous/test/auto/ContinuousMerge3.xml (RunModel)" time="0.078" />
  <testcase classname="ptolemy.util.test.junit.AutoTests" name="[41] /home/travis/build/icyphy/ptII/ptolemy/domains/continuous/test/auto/ContinuousWithinContinuous.xml (RunModel)" time="0.056" />
  <testcase classname="ptolemy.util.test.junit.AutoTests" name="[42] /home/travis/build/icyphy/ptII/ptolemy/domains/continuous/test/auto/ContinuousWithinContinuous2.xml (RunModel)" time="0.09" />
  <testcase classname="ptolemy.util.test.junit.AutoTests" name="[43] /home/travis/build/icyphy/ptII/ptolemy/domains/continuous/test/auto/ContinuousWithinContinuous3.xml (RunModel)" time="0.028" />
  <testcase classname="ptolemy.util.test.junit.AutoTests" name="[44] /home/travis/build/icyphy/ptII/ptolemy/domains/continuous/test/auto/ContinuousWithinContinuous4.xml (RunModel)" time="0.079" />
  <testcase classname="ptolemy.util.test.junit.AutoTests" name="[45] /home/travis/build/icyphy/ptII/ptolemy/domains/continuous/test/auto/ContinuousWithinContinuous5.xml (RunModel)" time="0.031" />
  <testcase classname="ptolemy.util.test.junit.AutoTests" name="[46] /home/travis/build/icyphy/ptII/ptolemy/domains/continuous/test/auto/ContinuousWithinContinuous6.xml (RunModel)" time="0.027" />
  <testcase classname="ptolemy.util.test.junit.AutoTests" name="[47] /home/travis/build/icyphy/ptII/ptolemy/domains/continuous/test/auto/ContinuousWithinContinuous7.xml (RunModel)" time="0.068" />
  <testcase classname="ptolemy.util.test.junit.AutoTests" name="[48] /home/travis/build/icyphy/ptII/ptolemy/domains/continuous/test/auto/DCMotor.xml (RunModel)" time="12.203" />
  <testcase classname="ptolemy.util.test.junit.AutoTests" name="[49] /home/travis/build/icyphy/ptII/ptolemy/domains/continuous/test/auto/DEInContinuous.xml (RunModel)" time="0.028" />
  <testcase classname="ptolemy.util.test.junit.AutoTests" name="[50] /home/travis/build/icyphy/ptII/ptolemy/domains/continuous/test/auto/DEinContinuous2.xml (RunModel)" time="0.028" />
  <testcase classname="ptolemy.util.test.junit.AutoTests" name="[51] /home/travis/build/icyphy/ptII/ptolemy/domains/continuous/test/auto/Derivative.xml (RunModel)" time="0.15" />
  <testcase classname="ptolemy.util.test.junit.AutoTests" name="[52] /home/travis/build/icyphy/ptII/ptolemy/domains/continuous/test/auto/Derivative1.xml (RunModel)" time="0.044" />
  <testcase classname="ptolemy.util.test.junit.AutoTests" name="[53] /home/travis/build/icyphy/ptII/ptolemy/domains/continuous/test/auto/DiscreteClock.xml (RunModel)" time="0.016" />
  <testcase classname="ptolemy.util.test.junit.AutoTests" name="[54] /home/travis/build/icyphy/ptII/ptolemy/domains/continuous/test/auto/EfficiencyCurve.xml (RunModel)" time="0.067" />
  <testcase classname="ptolemy.util.test.junit.AutoTests" name="[55] /home/travis/build/icyphy/ptII/ptolemy/domains/continuous/test/auto/ExponentialResponse.xml (RunModel)" time="0.091" />
  <testcase classname="ptolemy.util.test.junit.AutoTests" name="[56] /home/travis/build/icyphy/ptII/ptolemy/domains/continuous/test/auto/ExponentialResponseRK45.xml (RunModel)" time="0.031" />
  <testcase classname="ptolemy.util.test.junit.AutoTests" name="[57] /home/travis/build/icyphy/ptII/ptolemy/domains/continuous/test/auto/Friction.xml (RunModel)" time="1.478" />
  <testcase classname="ptolemy.util.test.junit.AutoTests" name="[58] /home/travis/build/icyphy/ptII/ptolemy/domains/continuous/test/auto/FurutaPendulum.xml (RunModel)" time="2.845" />
  <testcase classname="ptolemy.util.test.junit.AutoTests" name="[59] /home/travis/build/icyphy/ptII/ptolemy/domains/continuous/test/auto/HierarchicalExecution.xml (RunModel)" time="1.67" />
  <testcase classname="ptolemy.util.test.junit.AutoTests" name="[60] /home/travis/build/icyphy/ptII/ptolemy/domains/continuous/test/auto/HybridPlant.xml (RunModel)" time="0.553" />
  <testcase classname="ptolemy.util.test.junit.AutoTests" name="[61] /home/travis/build/icyphy/ptII/ptolemy/domains/continuous/test/auto/Hysteresis.xml (RunModel)" time="0.181" />
  <testcase classname="ptolemy.util.test.junit.AutoTests" name="[62] /home/travis/build/icyphy/ptII/ptolemy/domains/continuous/test/auto/HysteresisWithRandomDelay.xml (RunModel)" time="0.223" />
  <testcase classname="ptolemy.util.test.junit.AutoTests" name="[63] /home/travis/build/icyphy/ptII/ptolemy/domains/continuous/test/auto/HysteresisWithRandomLosses.xml (RunModel)" time="2.317" />
  <testcase classname="ptolemy.util.test.junit.AutoTests" name="[64] /home/travis/build/icyphy/ptII/ptolemy/domains/continuous/test/auto/ImmediateTransitions.xml (RunModel)" time="0.034" />
  <testcase classname="ptolemy.util.test.junit.AutoTests" name="[65] /home/travis/build/icyphy/ptII/ptolemy/domains/continuous/test/auto/ImpulseFeedback.xml (RunModel)" time="0.021" />
  <testcase classname="ptolemy.util.test.junit.AutoTests" name="[66] /home/travis/build/icyphy/ptII/ptolemy/domains/continuous/test/auto/ImpulseFeedback2.xml (RunModel)" time="0.016" />
  <testcase classname="ptolemy.util.test.junit.AutoTests" name="[67] /home/travis/build/icyphy/ptII/ptolemy/domains/continuous/test/auto/IncreasingRatePoisson.xml (RunModel)" time="0.748" />
  <testcase classname="ptolemy.util.test.junit.AutoTests" name="[68] /home/travis/build/icyphy/ptII/ptolemy/domains/continuous/test/auto/InitialStateFeedback.xml (RunModel)" time="0.022" />
  <testcase classname="ptolemy.util.test.junit.AutoTests" name="[69] /home/travis/build/icyphy/ptII/ptolemy/domains/continuous/test/auto/Integration.xml (RunModel)" time="0.009" />
  <testcase classname="ptolemy.util.test.junit.AutoTests" name="[70] /home/travis/build/icyphy/ptII/ptolemy/domains/continuous/test/auto/Integration2.xml (RunModel)" time="0.081" />
  <testcase classname="ptolemy.util.test.junit.AutoTests" name="[71] /home/travis/build/icyphy/ptII/ptolemy/domains/continuous/test/auto/Integration3.xml (RunModel)" time="0.012" />
  <testcase classname="ptolemy.util.test.junit.AutoTests" name="[72] /home/travis/build/icyphy/ptII/ptolemy/domains/continuous/test/auto/Integration5.xml (RunModel)" time="0.016" />
  <testcase classname="ptolemy.util.test.junit.AutoTests" name="[73] /home/travis/build/icyphy/ptII/ptolemy/domains/continuous/test/auto/IntegratorImpulse.xml (RunModel)" time="0.009" />
  <testcase classname="ptolemy.util.test.junit.AutoTests" name="[74] /home/travis/build/icyphy/ptII/ptolemy/domains/continuous/test/auto/IntegratorImpulse2.xml (RunModel)" time="0.011" />
  <testcase classname="ptolemy.util.test.junit.AutoTests" name="[75] /home/travis/build/icyphy/ptII/ptolemy/domains/continuous/test/auto/LevelCrossing1.xml (RunModel)" time="0.01" />
  <testcase classname="ptolemy.util.test.junit.AutoTests" name="[76] /home/travis/build/icyphy/ptII/ptolemy/domains/continuous/test/auto/LevelCrossing2.xml (RunModel)" time="0.014" />
  <testcase classname="ptolemy.util.test.junit.AutoTests" name="[77] /home/travis/build/icyphy/ptII/ptolemy/domains/continuous/test/auto/LevelCrossing3.xml (RunModel)" time="0.011" />
  <testcase classname="ptolemy.util.test.junit.AutoTests" name="[78] /home/travis/build/icyphy/ptII/ptolemy/domains/continuous/test/auto/LevelCrossing4.xml (RunModel)" time="0.014" />
  <testcase classname="ptolemy.util.test.junit.AutoTests" name="[79] /home/travis/build/icyphy/ptII/ptolemy/domains/continuous/test/auto/LevelCrossing5.xml (RunModel)" time="0.012" />
  <testcase classname="ptolemy.util.test.junit.AutoTests" name="[80] /home/travis/build/icyphy/ptII/ptolemy/domains/continuous/test/auto/LevelCrossing6.xml (RunModel)" time="0.013" />
  <testcase classname="ptolemy.util.test.junit.AutoTests" name="[81] /home/travis/build/icyphy/ptII/ptolemy/domains/continuous/test/auto/LevelCrossingDetector.xml (RunModel)" time="0.036" />
  <testcase classname="ptolemy.util.test.junit.AutoTests" name="[82] /home/travis/build/icyphy/ptII/ptolemy/domains/continuous/test/auto/LevelCrossingDetectorDetectingDirections.xml (RunModel)" time="0.08" />
  <testcase classname="ptolemy.util.test.junit.AutoTests" name="[83] /home/travis/build/icyphy/ptII/ptolemy/domains/continuous/test/auto/LevelCrossingDetectorDetectsGlitches.xml (RunModel)" time="0.07" />
  <testcase classname="ptolemy.util.test.junit.AutoTests" name="[84] /home/travis/build/icyphy/ptII/ptolemy/domains/continuous/test/auto/LevelCrossingNoInitialOuput.xml (RunModel)" time="0.014" />
  <testcase classname="ptolemy.util.test.junit.AutoTests" name="[85] /home/travis/build/icyphy/ptII/ptolemy/domains/continuous/test/auto/LinearStateSpaceExample.xml (RunModel)" time="0.067" />
  <testcase classname="ptolemy.util.test.junit.AutoTests" name="[86] /home/travis/build/icyphy/ptII/ptolemy/domains/continuous/test/auto/Lorenz.xml (RunModel)" time="3.238" />
  <testcase classname="ptolemy.util.test.junit.AutoTests" name="[87] /home/travis/build/icyphy/ptII/ptolemy/domains/continuous/test/auto/LorenzDifferentialSystem.xml (RunModel)" time="0.914" />
  <testcase classname="ptolemy.util.test.junit.AutoTests" name="[88] /home/travis/build/icyphy/ptII/ptolemy/domains/continuous/test/auto/LorenzDifferentialSystemWithInput.xml (RunModel)" time="1.297" />
  <testcase classname="ptolemy.util.test.junit.AutoTests" name="[89] /home/travis/build/icyphy/ptII/ptolemy/domains/continuous/test/auto/LorenzDifferentialSystemWithTime.xml (RunModel)" time="0.659" />
  <testcase classname="ptolemy.util.test.junit.AutoTests" name="[90] /home/travis/build/icyphy/ptII/ptolemy/domains/continuous/test/auto/Microsteps.xml (RunModel)" time="0.018" />
  <testcase classname="ptolemy.util.test.junit.AutoTests" name="[91] /home/travis/build/icyphy/ptII/ptolemy/domains/continuous/test/auto/Modal1.xml (RunModel)" time="0.029" />
  <testcase classname="ptolemy.util.test.junit.AutoTests" name="[92] /home/travis/build/icyphy/ptII/ptolemy/domains/continuous/test/auto/Modal2.xml (RunModel)" time="0.046" />
  <testcase classname="ptolemy.util.test.junit.AutoTests" name="[93] /home/travis/build/icyphy/ptII/ptolemy/domains/continuous/test/auto/ModalTransitionGuardWithReset.xml (RunModel)" time="0.024" />
  <testcase classname="ptolemy.util.test.junit.AutoTests" name="[94] /home/travis/build/icyphy/ptII/ptolemy/domains/continuous/test/auto/ModalTransitionGuardWithResetUsingPreemptiveTransition.xml (RunModel)" time="0.024" />
  <testcase classname="ptolemy.util.test.junit.AutoTests" name="[95] /home/travis/build/icyphy/ptII/ptolemy/domains/continuous/test/auto/ModalTransitionGuardWithResetUsingPreemptiveTransition2.xml (RunModel)" time="0.031" />
  <testcase classname="ptolemy.util.test.junit.AutoTests" name="[96] /home/travis/build/icyphy/ptII/ptolemy/domains/continuous/test/auto/ModalTransitionGuardWithResetUsingPreemptiveTransition3.xml (RunModel)" time="0.02" />
  <testcase classname="ptolemy.util.test.junit.AutoTests" name="[97] /home/travis/build/icyphy/ptII/ptolemy/domains/continuous/test/auto/NewtonsCradle.xml (RunModel)" time="0.719" />
  <testcase classname="ptolemy.util.test.junit.AutoTests" name="[98] /home/travis/build/icyphy/ptII/ptolemy/domains/continuous/test/auto/NewtonsCradleAnimated.xml (RunModel)" time="1.156" />
  <testcase classname="ptolemy.util.test.junit.AutoTests" name="[99] /home/travis/build/icyphy/ptII/ptolemy/domains/continuous/test/auto/NewtonsCradleComplicated.xml (RunModel)" time="0.915" />
  <testcase classname="ptolemy.util.test.junit.AutoTests" name="[100] /home/travis/build/icyphy/ptII/ptolemy/domains/continuous/test/auto/NewtonsCradleNondeterministic.xml (RunModel)" time="0.571" />
  <testcase classname="ptolemy.util.test.junit.AutoTests" name="[101] /home/travis/build/icyphy/ptII/ptolemy/domains/continuous/test/auto/NewtonsCradlePerfectlyInelastic1.xml (RunModel)" time="1.212" />
  <testcase classname="ptolemy.util.test.junit.AutoTests" name="[102] /home/travis/build/icyphy/ptII/ptolemy/domains/continuous/test/auto/Noise.xml (RunModel)" time="0.174" />
  <testcase classname="ptolemy.util.test.junit.AutoTests" name="[103] /home/travis/build/icyphy/ptII/ptolemy/domains/continuous/test/auto/NoiseSpectrum.xml (RunModel)" time="0.66" />
  <testcase classname="ptolemy.util.test.junit.AutoTests" name="[104] /home/travis/build/icyphy/ptII/ptolemy/domains/continuous/test/auto/ParameterizedNewtonsCradleAnimated.xml (RunModel)" time="0.345" />
  <testcase classname="ptolemy.util.test.junit.AutoTests" name="[105] /home/travis/build/icyphy/ptII/ptolemy/domains/continuous/test/auto/ParameterizedNewtonsCradleAnimatedNondeterministic.xml (RunModel)" time="1.036" />
  <testcase classname="ptolemy.util.test.junit.AutoTests" name="[106] /home/travis/build/icyphy/ptII/ptolemy/domains/continuous/test/auto/Pendulum3D.xml (RunModel)" time="0.155" />
  <testcase classname="ptolemy.util.test.junit.AutoTests" name="[107] /home/travis/build/icyphy/ptII/ptolemy/domains/continuous/test/auto/PeriodicSampler.xml (RunModel)" time="0.012" />
  <testcase classname="ptolemy.util.test.junit.AutoTests" name="[108] /home/travis/build/icyphy/ptII/ptolemy/domains/continuous/test/auto/PeriodicSampler1.xml (RunModel)" time="0.036" />
  <testcase classname="ptolemy.util.test.junit.AutoTests" name="[109] /home/travis/build/icyphy/ptII/ptolemy/domains/continuous/test/auto/PeriodicSampler2.xml (RunModel)" time="0.069" />
  <testcase classname="ptolemy.util.test.junit.AutoTests" name="[110] /home/travis/build/icyphy/ptII/ptolemy/domains/continuous/test/auto/Poisson.xml (RunModel)" time="0.397" />
  <testcase classname="ptolemy.util.test.junit.AutoTests" name="[111] /home/travis/build/icyphy/ptII/ptolemy/domains/continuous/test/auto/PoissonClock.xml (RunModel)" time="0.012" />
  <testcase classname="ptolemy.util.test.junit.AutoTests" name="[112] /home/travis/build/icyphy/ptII/ptolemy/domains/continuous/test/auto/PoissonClock2.xml (RunModel)" time="0.01" />
  <testcase classname="ptolemy.util.test.junit.AutoTests" name="[113] /home/travis/build/icyphy/ptII/ptolemy/domains/continuous/test/auto/PortParameterHierarchy.xml (RunModel)" time="0.023" />
  <testcase classname="ptolemy.util.test.junit.AutoTests" name="[114] /home/travis/build/icyphy/ptII/ptolemy/domains/continuous/test/auto/RandomHybridPlant.xml (RunModel)" time="0.538" />
  <testcase classname="ptolemy.util.test.junit.AutoTests" name="[115] /home/travis/build/icyphy/ptII/ptolemy/domains/continuous/test/auto/ResetTransitionWithStartTime1.xml (RunModel)" time="0.027" />
  <testcase classname="ptolemy.util.test.junit.AutoTests" name="[116] /home/travis/build/icyphy/ptII/ptolemy/domains/continuous/test/auto/ResetTransitionWithStartTime2.xml (RunModel)" time="0.033" />
  <testcase classname="ptolemy.util.test.junit.AutoTests" name="[117] /home/travis/build/icyphy/ptII/ptolemy/domains/continuous/test/auto/ResetTransitionWithStartTime3.xml (RunModel)" time="0.039" />
  <testcase classname="ptolemy.util.test.junit.AutoTests" name="[118] /home/travis/build/icyphy/ptII/ptolemy/domains/continuous/test/auto/ResetTransitionWithStartTime4.xml (RunModel)" time="0.022" />
  <testcase classname="ptolemy.util.test.junit.AutoTests" name="[119] /home/travis/build/icyphy/ptII/ptolemy/domains/continuous/test/auto/ResetTransitionWithStartTime5.xml (RunModel)" time="0.033" />
  <testcase classname="ptolemy.util.test.junit.AutoTests" name="[120] /home/travis/build/icyphy/ptII/ptolemy/domains/continuous/test/auto/ResetTransitionWithStartTime6.xml (RunModel)" time="0.026" />
  <testcase classname="ptolemy.util.test.junit.AutoTests" name="[121] /home/travis/build/icyphy/ptII/ptolemy/domains/continuous/test/auto/SRinContinuous.xml (RunModel)" time="0.017" />
  <testcase classname="ptolemy.util.test.junit.AutoTests" name="[122] /home/travis/build/icyphy/ptII/ptolemy/domains/continuous/test/auto/SampledClocks.xml (RunModel)" time="0.031" />
  <testcase classname="ptolemy.util.test.junit.AutoTests" name="[123] /home/travis/build/icyphy/ptII/ptolemy/domains/continuous/test/auto/Satellite.xml (RunModel)" time="0.667" />
  <testcase classname="ptolemy.util.test.junit.AutoTests" name="[124] /home/travis/build/icyphy/ptII/ptolemy/domains/continuous/test/auto/SigmaDelta.xml (RunModel)" time="2.089" />
  <testcase classname="ptolemy.util.test.junit.AutoTests" name="[125] /home/travis/build/icyphy/ptII/ptolemy/domains/continuous/test/auto/SingleRefinement.xml (RunModel)" time="0.383" />
  <testcase classname="ptolemy.util.test.junit.AutoTests" name="[126] /home/travis/build/icyphy/ptII/ptolemy/domains/continuous/test/auto/SinuBouncingBall.xml (RunModel)" time="0.852" />
  <testcase classname="ptolemy.util.test.junit.AutoTests" name="[127] /home/travis/build/icyphy/ptII/ptolemy/domains/continuous/test/auto/Sinusoid.xml (RunModel)" time="0.016" />
  <testcase classname="ptolemy.util.test.junit.AutoTests" name="[128] /home/travis/build/icyphy/ptII/ptolemy/domains/continuous/test/auto/SinusoidInNoise.xml (RunModel)" time="0.788" />
  <testcase classname="ptolemy.util.test.junit.AutoTests" name="[129] /home/travis/build/icyphy/ptII/ptolemy/domains/continuous/test/auto/SinusoidRK45.xml (RunModel)" time="0.014" />
  <testcase classname="ptolemy.util.test.junit.AutoTests" name="[130] /home/travis/build/icyphy/ptII/ptolemy/domains/continuous/test/auto/SinusoidWithMultipleImpulses.xml (RunModel)" time="0.012" />
  <testcase classname="ptolemy.util.test.junit.AutoTests" name="[131] /home/travis/build/icyphy/ptII/ptolemy/domains/continuous/test/auto/SquareWave.xml (RunModel)" time="0.17" />
  <testcase classname="ptolemy.util.test.junit.AutoTests" name="[132] /home/travis/build/icyphy/ptII/ptolemy/domains/continuous/test/auto/Starmac.xml (RunModel)" time="3.34" />
  <testcase classname="ptolemy.util.test.junit.AutoTests" name="[133] /home/travis/build/icyphy/ptII/ptolemy/domains/continuous/test/auto/StaticUnits.xml (RunModel)" time="2.208" />
  <testcase classname="ptolemy.util.test.junit.AutoTests" name="[134] /home/travis/build/icyphy/ptII/ptolemy/domains/continuous/test/auto/StickyMasses.xml (RunModel)" time="0.166" />
  <testcase classname="ptolemy.util.test.junit.AutoTests" name="[135] /home/travis/build/icyphy/ptII/ptolemy/domains/continuous/test/auto/StopTime.xml (RunModel)" time="0.053" />
  <testcase classname="ptolemy.util.test.junit.AutoTests" name="[136] /home/travis/build/icyphy/ptII/ptolemy/domains/continuous/test/auto/StopTime2.xml (RunModel)" time="0.067" />
  <testcase classname="ptolemy.util.test.junit.AutoTests" name="[137] /home/travis/build/icyphy/ptII/ptolemy/domains/continuous/test/auto/Switch.xml (RunModel)" time="0.057" />
  <testcase classname="ptolemy.util.test.junit.AutoTests" name="[138] /home/travis/build/icyphy/ptII/ptolemy/domains/continuous/test/auto/Thermostat.xml (RunModel)" time="0.188" />
  <testcase classname="ptolemy.util.test.junit.AutoTests" name="[139] /home/travis/build/icyphy/ptII/ptolemy/domains/continuous/test/auto/TimeDelay.xml (RunModel)" time="0.013" />
  <testcase classname="ptolemy.util.test.junit.AutoTests" name="[140] /home/travis/build/icyphy/ptII/ptolemy/domains/continuous/test/auto/TimeDelay2.xml (RunModel)" time="0.025" />
  <testcase classname="ptolemy.util.test.junit.AutoTests" name="[141] /home/travis/build/icyphy/ptII/ptolemy/domains/continuous/test/auto/TimeDelay3.xml (RunModel)" time="0.01" />
  <testcase classname="ptolemy.util.test.junit.AutoTests" name="[142] /home/travis/build/icyphy/ptII/ptolemy/domains/continuous/test/auto/TransferAbsentToInside.xml (RunModel)" time="0.091" />
  <testcase classname="ptolemy.util.test.junit.AutoTests" name="[143] /home/travis/build/icyphy/ptII/ptolemy/domains/continuous/test/auto/Transmission.xml (RunModel)" time="0.76" />
  <testcase classname="ptolemy.util.test.junit.AutoTests" name="[144] /home/travis/build/icyphy/ptII/ptolemy/domains/continuous/test/auto/TriggeredContinuousClock.xml (RunModel)" time="0.059" />
  <testcase classname="ptolemy.util.test.junit.AutoTests" name="[145] /home/travis/build/icyphy/ptII/ptolemy/domains/continuous/test/auto/TwoMachineInfiniteBusControl.xml (RunModel)" time="2.791" />
  <testcase classname="ptolemy.util.test.junit.AutoTests" name="[146] /home/travis/build/icyphy/ptII/ptolemy/domains/continuous/test/auto/V2V.xml (RunModel)" time="0.821" />
  <testcase classname="ptolemy.util.test.junit.AutoTests" name="[147] /home/travis/build/icyphy/ptII/ptolemy/domains/continuous/test/auto/hierarchicalModalModel.xml (RunModel)" time="0.025" />
  <testcase classname="ptolemy.util.test.junit.AutoTests" name="[148] /home/travis/build/icyphy/ptII/ptolemy/domains/continuous/test/auto/hierarchicalModalModel1.xml (RunModel)" time="0.03" />
  <testcase classname="ptolemy.util.test.junit.AutoTests" name="[149] /home/travis/build/icyphy/ptII/ptolemy/domains/continuous/test/auto/hierarchicalModalModel2.xml (RunModel)" time="0.023" />
  <testcase classname="ptolemy.util.test.junit.AutoTests" name="[150] /home/travis/build/icyphy/ptII/ptolemy/domains/continuous/test/auto/hierarchicalModalModel3.xml (RunModel)" time="0.02" />
  <testcase classname="ptolemy.util.test.junit.AutoTests" name="[151] /home/travis/build/icyphy/ptII/ptolemy/domains/continuous/test/auto/hierarchicalModalModel4.xml (RunModel)" time="0.021" />
  <testcase classname="ptolemy.util.test.junit.AutoTests" name="[152] /home/travis/build/icyphy/ptII/ptolemy/domains/continuous/test/auto/junk.xml (RunModel)" time="0.133" />
  <system-out><![CDATA[No tcl tests in /home/travis/build/icyphy/ptII/ptolemy/domains/continuous/test
No auto/knownFailedTests/*.xml tests in /home/travis/build/icyphy/ptII/ptolemy/domains/continuous/test
No auto/linux-amd64/*.xml tests in /home/travis/build/icyphy/ptII/ptolemy/domains/continuous/test
AutoTests.java: About to close Vertx.
AutoTests.java: Vertx closed.

===========================================================================================
----------------- testing Wed Oct 06 02:01:57 UTC 2021 /home/travis/build/icyphy/ptII/ptolemy/domains/continuous/test/auto/BouncingBall.xml
----------------- Instantiating /home/travis/build/icyphy/ptII/ptolemy/domains/continuous/test/auto/BouncingBall.xml
2249 ms. Memory: 160768K Free: 52719K (33%)
----------------- Invoking toplevel() on ptolemy.moml.MoMLSimpleApplication@6a78548f
----------------- Done invoking toplevel() on ptolemy.moml.MoMLSimpleApplication@6a78548f
reloadAllAccessors: .BouncingBall

===========================================================================================
----------------- testing Wed Oct 06 02:02:00 UTC 2021 /home/travis/build/icyphy/ptII/ptolemy/domains/continuous/test/auto/BouncingBallWithoutGR.xml
----------------- Instantiating /home/travis/build/icyphy/ptII/ptolemy/domains/continuous/test/auto/BouncingBallWithoutGR.xml
847 ms. Memory: 160768K Free: 59247K (37%)
----------------- Invoking toplevel() on ptolemy.moml.MoMLSimpleApplication@dbfb44a
----------------- Done invoking toplevel() on ptolemy.moml.MoMLSimpleApplication@dbfb44a
reloadAllAccessors: .BouncingBallWithoutGR

===========================================================================================
----------------- testing Wed Oct 06 02:02:00 UTC 2021 /home/travis/build/icyphy/ptII/ptolemy/domains/continuous/test/auto/Brownian.xml
----------------- Instantiating /home/travis/build/icyphy/ptII/ptolemy/domains/continuous/test/auto/Brownian.xml
43 ms. Memory: 160768K Free: 144900K (90%)
----------------- Invoking toplevel() on ptolemy.moml.MoMLSimpleApplication@4da59ce2
----------------- Done invoking toplevel() on ptolemy.moml.MoMLSimpleApplication@4da59ce2
reloadAllAccessors: .Brownian

===========================================================================================
----------------- testing Wed Oct 06 02:02:01 UTC 2021 /home/travis/build/icyphy/ptII/ptolemy/domains/continuous/test/auto/CarTracking.xml
----------------- Instantiating /home/travis/build/icyphy/ptII/ptolemy/domains/continuous/test/auto/CarTracking.xml
3547 ms. Memory: 232448K Free: 129623K (56%)
----------------- Invoking toplevel() on ptolemy.moml.MoMLSimpleApplication@2fe32b33
----------------- Done invoking toplevel() on ptolemy.moml.MoMLSimpleApplication@2fe32b33
reloadAllAccessors: .CarTracking

===========================================================================================
----------------- testing Wed Oct 06 02:02:05 UTC 2021 /home/travis/build/icyphy/ptII/ptolemy/domains/continuous/test/auto/CartPendulum.xml
----------------- Instantiating /home/travis/build/icyphy/ptII/ptolemy/domains/continuous/test/auto/CartPendulum.xml
339 ms. Memory: 232448K Free: 176019K (76%)
----------------- Invoking toplevel() on ptolemy.moml.MoMLSimpleApplication@87bf074
----------------- Done invoking toplevel() on ptolemy.moml.MoMLSimpleApplication@87bf074
reloadAllAccessors: .CartPendulum

===========================================================================================
----------------- testing Wed Oct 06 02:02:05 UTC 2021 /home/travis/build/icyphy/ptII/ptolemy/domains/continuous/test/auto/CausalityInterface10.xml
----------------- Instantiating /home/travis/build/icyphy/ptII/ptolemy/domains/continuous/test/auto/CausalityInterface10.xml
11 ms. Memory: 232448K Free: 165265K (71%)
----------------- Invoking toplevel() on ptolemy.moml.MoMLSimpleApplication@7c76b0bd
----------------- Done invoking toplevel() on ptolemy.moml.MoMLSimpleApplication@7c76b0bd
reloadAllAccessors: .CausalityInterface10

===========================================================================================
----------------- testing Wed Oct 06 02:02:05 UTC 2021 /home/travis/build/icyphy/ptII/ptolemy/domains/continuous/test/auto/CausalityInterface11.xml
----------------- Instantiating /home/travis/build/icyphy/ptII/ptolemy/domains/continuous/test/auto/CausalityInterface11.xml
9 ms. Memory: 232448K Free: 159107K (68%)
----------------- Invoking toplevel() on ptolemy.moml.MoMLSimpleApplication@31eda2e4
----------------- Done invoking toplevel() on ptolemy.moml.MoMLSimpleApplication@31eda2e4
reloadAllAccessors: .CausalityInterface11

===========================================================================================
----------------- testing Wed Oct 06 02:02:05 UTC 2021 /home/travis/build/icyphy/ptII/ptolemy/domains/continuous/test/auto/CausalityInterface12.xml
----------------- Instantiating /home/travis/build/icyphy/ptII/ptolemy/domains/continuous/test/auto/CausalityInterface12.xml
6 ms. Memory: 232448K Free: 152963K (66%)
----------------- Invoking toplevel() on ptolemy.moml.MoMLSimpleApplication@4a049d0
----------------- Done invoking toplevel() on ptolemy.moml.MoMLSimpleApplication@4a049d0
reloadAllAccessors: .CausalityInterface12

===========================================================================================
----------------- testing Wed Oct 06 02:02:05 UTC 2021 /home/travis/build/icyphy/ptII/ptolemy/domains/continuous/test/auto/CausalityInterface13.xml
----------------- Instantiating /home/travis/build/icyphy/ptII/ptolemy/domains/continuous/test/auto/CausalityInterface13.xml
8 ms. Memory: 232448K Free: 146819K (63%)
----------------- Invoking toplevel() on ptolemy.moml.MoMLSimpleApplication@fc6e10f
----------------- Done invoking toplevel() on ptolemy.moml.MoMLSimpleApplication@fc6e10f
reloadAllAccessors: .CausalityInterface13

===========================================================================================
----------------- testing Wed Oct 06 02:02:05 UTC 2021 /home/travis/build/icyphy/ptII/ptolemy/domains/continuous/test/auto/CausalityInterface14.xml
----------------- Instantiating /home/travis/build/icyphy/ptII/ptolemy/domains/continuous/test/auto/CausalityInterface14.xml
2 ms. Memory: 232448K Free: 141203K (61%)
----------------- Invoking toplevel() on ptolemy.moml.MoMLSimpleApplication@1b8f0c60
----------------- Done invoking toplevel() on ptolemy.moml.MoMLSimpleApplication@1b8f0c60
reloadAllAccessors: .CausalityInterface14

===========================================================================================
----------------- testing Wed Oct 06 02:02:05 UTC 2021 /home/travis/build/icyphy/ptII/ptolemy/domains/continuous/test/auto/CausalityInterface4.xml
----------------- Instantiating /home/travis/build/icyphy/ptII/ptolemy/domains/continuous/test/auto/CausalityInterface4.xml
3 ms. Memory: 232448K Free: 134515K (58%)
----------------- Invoking toplevel() on ptolemy.moml.MoMLSimpleApplication@1b844633
----------------- Done invoking toplevel() on ptolemy.moml.MoMLSimpleApplication@1b844633
reloadAllAccessors: .CausalityInterface4

===========================================================================================
----------------- testing Wed Oct 06 02:02:05 UTC 2021 /home/travis/build/icyphy/ptII/ptolemy/domains/continuous/test/auto/CausalityInterface5.xml
----------------- Instantiating /home/travis/build/icyphy/ptII/ptolemy/domains/continuous/test/auto/CausalityInterface5.xml
7 ms. Memory: 232448K Free: 126353K (54%)
----------------- Invoking toplevel() on ptolemy.moml.MoMLSimpleApplication@d532474
----------------- Done invoking toplevel() on ptolemy.moml.MoMLSimpleApplication@d532474
reloadAllAccessors: .CausalityInterface5

===========================================================================================
----------------- testing Wed Oct 06 02:02:05 UTC 2021 /home/travis/build/icyphy/ptII/ptolemy/domains/continuous/test/auto/CausalityInterface6.xml
----------------- Instantiating /home/travis/build/icyphy/ptII/ptolemy/domains/continuous/test/auto/CausalityInterface6.xml
5 ms. Memory: 232448K Free: 120723K (52%)
----------------- Invoking toplevel() on ptolemy.moml.MoMLSimpleApplication@542890e2
----------------- Done invoking toplevel() on ptolemy.moml.MoMLSimpleApplication@542890e2
reloadAllAccessors: .CausalityInterface6

===========================================================================================
----------------- testing Wed Oct 06 02:02:05 UTC 2021 /home/travis/build/icyphy/ptII/ptolemy/domains/continuous/test/auto/CausalityInterface7.xml
----------------- Instantiating /home/travis/build/icyphy/ptII/ptolemy/domains/continuous/test/auto/CausalityInterface7.xml
9 ms. Memory: 232448K Free: 112017K (48%)
----------------- Invoking toplevel() on ptolemy.moml.MoMLSimpleApplication@3ca6850d
----------------- Done invoking toplevel() on ptolemy.moml.MoMLSimpleApplication@3ca6850d
reloadAllAccessors: .CausalityInterface7

===========================================================================================
----------------- testing Wed Oct 06 02:02:05 UTC 2021 /home/travis/build/icyphy/ptII/ptolemy/domains/continuous/test/auto/CausalityInterface8.xml
----------------- Instantiating /home/travis/build/icyphy/ptII/ptolemy/domains/continuous/test/auto/CausalityInterface8.xml
6 ms. Memory: 232448K Free: 102801K (44%)
----------------- Invoking toplevel() on ptolemy.moml.MoMLSimpleApplication@27d33773
----------------- Done invoking toplevel() on ptolemy.moml.MoMLSimpleApplication@27d33773
reloadAllAccessors: .CausalityInterface8

===========================================================================================
----------------- testing Wed Oct 06 02:02:05 UTC 2021 /home/travis/build/icyphy/ptII/ptolemy/domains/continuous/test/auto/CausalityInterface9.xml
----------------- Instantiating /home/travis/build/icyphy/ptII/ptolemy/domains/continuous/test/auto/CausalityInterface9.xml
9 ms. Memory: 232448K Free: 92051K (40%)
----------------- Invoking toplevel() on ptolemy.moml.MoMLSimpleApplication@ab88923
----------------- Done invoking toplevel() on ptolemy.moml.MoMLSimpleApplication@ab88923
reloadAllAccessors: .CausalityInterface9

===========================================================================================
----------------- testing Wed Oct 06 02:02:05 UTC 2021 /home/travis/build/icyphy/ptII/ptolemy/domains/continuous/test/auto/CausalityInterfaceFeedback1.xml
----------------- Instantiating /home/travis/build/icyphy/ptII/ptolemy/domains/continuous/test/auto/CausalityInterfaceFeedback1.xml
3 ms. Memory: 232448K Free: 85379K (37%)
----------------- Invoking toplevel() on ptolemy.moml.MoMLSimpleApplication@107045f8
----------------- Done invoking toplevel() on ptolemy.moml.MoMLSimpleApplication@107045f8
reloadAllAccessors: .CausalityInterfaceFeedback1

===========================================================================================
----------------- testing Wed Oct 06 02:02:06 UTC 2021 /home/travis/build/icyphy/ptII/ptolemy/domains/continuous/test/auto/CausalityInterfaceFeedback2.xml
----------------- Instantiating /home/travis/build/icyphy/ptII/ptolemy/domains/continuous/test/auto/CausalityInterfaceFeedback2.xml
13 ms. Memory: 232448K Free: 216620K (93%)
----------------- Invoking toplevel() on ptolemy.moml.MoMLSimpleApplication@5aabc107
----------------- Done invoking toplevel() on ptolemy.moml.MoMLSimpleApplication@5aabc107
reloadAllAccessors: .CausalityInterfaceFeedback2

===========================================================================================
----------------- testing Wed Oct 06 02:02:06 UTC 2021 /home/travis/build/icyphy/ptII/ptolemy/domains/continuous/test/auto/CompareWithCurrentTime.xml
----------------- Instantiating /home/travis/build/icyphy/ptII/ptolemy/domains/continuous/test/auto/CompareWithCurrentTime.xml
10 ms. Memory: 232448K Free: 212012K (91%)
----------------- Invoking toplevel() on ptolemy.moml.MoMLSimpleApplication@61243242
----------------- Done invoking toplevel() on ptolemy.moml.MoMLSimpleApplication@61243242
reloadAllAccessors: .CompareWithCurrentTime

===========================================================================================
----------------- testing Wed Oct 06 02:02:06 UTC 2021 /home/travis/build/icyphy/ptII/ptolemy/domains/continuous/test/auto/ComparedClocks.xml
----------------- Instantiating /home/travis/build/icyphy/ptII/ptolemy/domains/continuous/test/auto/ComparedClocks.xml
9 ms. Memory: 232448K Free: 196638K (85%)
----------------- Invoking toplevel() on ptolemy.moml.MoMLSimpleApplication@14c412f8
----------------- Done invoking toplevel() on ptolemy.moml.MoMLSimpleApplication@14c412f8
reloadAllAccessors: .ComparedClocks

===========================================================================================
----------------- testing Wed Oct 06 02:02:06 UTC 2021 /home/travis/build/icyphy/ptII/ptolemy/domains/continuous/test/auto/ContinuousAOCClone.xml
----------------- Instantiating /home/travis/build/icyphy/ptII/ptolemy/domains/continuous/test/auto/ContinuousAOCClone.xml
2136 ms. Memory: 279552K Free: 141332K (51%)
----------------- Invoking toplevel() on ptolemy.moml.MoMLSimpleApplication@799ed989
----------------- Done invoking toplevel() on ptolemy.moml.MoMLSimpleApplication@799ed989
reloadAllAccessors: .ContinuousAOCClone

===========================================================================================
----------------- testing Wed Oct 06 02:02:08 UTC 2021 /home/travis/build/icyphy/ptII/ptolemy/domains/continuous/test/auto/ContinuousClock.xml
----------------- Instantiating /home/travis/build/icyphy/ptII/ptolemy/domains/continuous/test/auto/ContinuousClock.xml
29 ms. Memory: 279552K Free: 119332K (43%)
----------------- Invoking toplevel() on ptolemy.moml.MoMLSimpleApplication@7ad48e19
----------------- Done invoking toplevel() on ptolemy.moml.MoMLSimpleApplication@7ad48e19
reloadAllAccessors: .ContinuousClock

===========================================================================================
----------------- testing Wed Oct 06 02:02:08 UTC 2021 /home/travis/build/icyphy/ptII/ptolemy/domains/continuous/test/auto/ContinuousInContinuous.xml
----------------- Instantiating /home/travis/build/icyphy/ptII/ptolemy/domains/continuous/test/auto/ContinuousInContinuous.xml
41 ms. Memory: 279552K Free: 261433K (94%)
----------------- Invoking toplevel() on ptolemy.moml.MoMLSimpleApplication@52dd747a
----------------- Done invoking toplevel() on ptolemy.moml.MoMLSimpleApplication@52dd747a
reloadAllAccessors: .ContinuousInContinuous

===========================================================================================
----------------- testing Wed Oct 06 02:02:08 UTC 2021 /home/travis/build/icyphy/ptII/ptolemy/domains/continuous/test/auto/ContinuousInContinuousInContinuous.xml
----------------- Instantiating /home/travis/build/icyphy/ptII/ptolemy/domains/continuous/test/auto/ContinuousInContinuousInContinuous.xml
6 ms. Memory: 279552K Free: 253455K (91%)
----------------- Invoking toplevel() on ptolemy.moml.MoMLSimpleApplication@31189d85
----------------- Done invoking toplevel() on ptolemy.moml.MoMLSimpleApplication@31189d85
reloadAllAccessors: .ContinuousInContinuousInContinuous

===========================================================================================
----------------- testing Wed Oct 06 02:02:08 UTC 2021 /home/travis/build/icyphy/ptII/ptolemy/domains/continuous/test/auto/ContinuousInDE.xml
----------------- Instantiating /home/travis/build/icyphy/ptII/ptolemy/domains/continuous/test/auto/ContinuousInDE.xml
68 ms. Memory: 279552K Free: 243215K (87%)
----------------- Invoking toplevel() on ptolemy.moml.MoMLSimpleApplication@50abea7e
----------------- Done invoking toplevel() on ptolemy.moml.MoMLSimpleApplication@50abea7e
reloadAllAccessors: .ContinuousInDE

===========================================================================================
----------------- testing Wed Oct 06 02:02:08 UTC 2021 /home/travis/build/icyphy/ptII/ptolemy/domains/continuous/test/auto/ContinuousInDE2.xml
----------------- Instantiating /home/travis/build/icyphy/ptII/ptolemy/domains/continuous/test/auto/ContinuousInDE2.xml
30 ms. Memory: 279552K Free: 233489K (84%)
----------------- Invoking toplevel() on ptolemy.moml.MoMLSimpleApplication@67b5172c
----------------- Done invoking toplevel() on ptolemy.moml.MoMLSimpleApplication@67b5172c
reloadAllAccessors: .ContinuousInDE2

===========================================================================================
----------------- testing Wed Oct 06 02:02:08 UTC 2021 /home/travis/build/icyphy/ptII/ptolemy/domains/continuous/test/auto/ContinuousInDE3.xml
----------------- Instantiating /home/travis/build/icyphy/ptII/ptolemy/domains/continuous/test/auto/ContinuousInDE3.xml
30 ms. Memory: 279552K Free: 223759K (80%)
----------------- Invoking toplevel() on ptolemy.moml.MoMLSimpleApplication@67bba7c9
----------------- Done invoking toplevel() on ptolemy.moml.MoMLSimpleApplication@67bba7c9
reloadAllAccessors: .ContinuousInDE3

===========================================================================================
----------------- testing Wed Oct 06 02:02:08 UTC 2021 /home/travis/build/icyphy/ptII/ptolemy/domains/continuous/test/auto/ContinuousInDE4.xml
----------------- Instantiating /home/travis/build/icyphy/ptII/ptolemy/domains/continuous/test/auto/ContinuousInDE4.xml
14 ms. Memory: 279552K Free: 217615K (78%)
----------------- Invoking toplevel() on ptolemy.moml.MoMLSimpleApplication@61fd33f5
----------------- Done invoking toplevel() on ptolemy.moml.MoMLSimpleApplication@61fd33f5
reloadAllAccessors: .ContinuousInDE4

===========================================================================================
----------------- testing Wed Oct 06 02:02:08 UTC 2021 /home/travis/build/icyphy/ptII/ptolemy/domains/continuous/test/auto/ContinuousInDEDifferentRefinements.xml
----------------- Instantiating /home/travis/build/icyphy/ptII/ptolemy/domains/continuous/test/auto/ContinuousInDEDifferentRefinements.xml
65 ms. Memory: 279552K Free: 186385K (67%)
----------------- Invoking toplevel() on ptolemy.moml.MoMLSimpleApplication@5d5c9b24
----------------- Done invoking toplevel() on ptolemy.moml.MoMLSimpleApplication@5d5c9b24
reloadAllAccessors: .ContinuousInDEDifferentRefinements

===========================================================================================
----------------- testing Wed Oct 06 02:02:09 UTC 2021 /home/travis/build/icyphy/ptII/ptolemy/domains/continuous/test/auto/ContinuousInDEDifferentRefinementsPreemptive.xml
----------------- Instantiating /home/travis/build/icyphy/ptII/ptolemy/domains/continuous/test/auto/ContinuousInDEDifferentRefinementsPreemptive.xml
40 ms. Memory: 279552K Free: 155665K (56%)
----------------- Invoking toplevel() on ptolemy.moml.MoMLSimpleApplication@bb117d7
----------------- Done invoking toplevel() on ptolemy.moml.MoMLSimpleApplication@bb117d7
reloadAllAccessors: .ContinuousInDEDifferentRefinementsPreemptive

===========================================================================================
----------------- testing Wed Oct 06 02:02:09 UTC 2021 /home/travis/build/icyphy/ptII/ptolemy/domains/continuous/test/auto/ContinuousInDEInContinuous2.xml
----------------- Instantiating /home/travis/build/icyphy/ptII/ptolemy/domains/continuous/test/auto/ContinuousInDEInContinuous2.xml
42 ms. Memory: 279552K Free: 144401K (52%)
----------------- Invoking toplevel() on ptolemy.moml.MoMLSimpleApplication@59975db9
----------------- Done invoking toplevel() on ptolemy.moml.MoMLSimpleApplication@59975db9
reloadAllAccessors: .ContinuousInDEInContinuous2

===========================================================================================
----------------- testing Wed Oct 06 02:02:09 UTC 2021 /home/travis/build/icyphy/ptII/ptolemy/domains/continuous/test/auto/ContinuousInDEInContinuous3.xml
----------------- Instantiating /home/travis/build/icyphy/ptII/ptolemy/domains/continuous/test/auto/ContinuousInDEInContinuous3.xml
43 ms. Memory: 279552K Free: 132113K (47%)
----------------- Invoking toplevel() on ptolemy.moml.MoMLSimpleApplication@50dffab1
----------------- Done invoking toplevel() on ptolemy.moml.MoMLSimpleApplication@50dffab1
reloadAllAccessors: .ContinuousInDEInContinuous3

===========================================================================================
----------------- testing Wed Oct 06 02:02:09 UTC 2021 /home/travis/build/icyphy/ptII/ptolemy/domains/continuous/test/auto/ContinuousInDEInput.xml
----------------- Instantiating /home/travis/build/icyphy/ptII/ptolemy/domains/continuous/test/auto/ContinuousInDEInput.xml
18 ms. Memory: 279552K Free: 124945K (45%)
----------------- Invoking toplevel() on ptolemy.moml.MoMLSimpleApplication@aa3d711
----------------- Done invoking toplevel() on ptolemy.moml.MoMLSimpleApplication@aa3d711
reloadAllAccessors: .ContinuousInDEInput

===========================================================================================
----------------- testing Wed Oct 06 02:02:09 UTC 2021 /home/travis/build/icyphy/ptII/ptolemy/domains/continuous/test/auto/ContinuousInDEInput2.xml
----------------- Instantiating /home/travis/build/icyphy/ptII/ptolemy/domains/continuous/test/auto/ContinuousInDEInput2.xml
13 ms. Memory: 279552K Free: 117263K (42%)
----------------- Invoking toplevel() on ptolemy.moml.MoMLSimpleApplication@46f3cc76
----------------- Done invoking toplevel() on ptolemy.moml.MoMLSimpleApplication@46f3cc76
reloadAllAccessors: .ContinuousInDEInput2

===========================================================================================
----------------- testing Wed Oct 06 02:02:09 UTC 2021 /home/travis/build/icyphy/ptII/ptolemy/domains/continuous/test/auto/ContinuousInDEInput3.xml
----------------- Instantiating /home/travis/build/icyphy/ptII/ptolemy/domains/continuous/test/auto/ContinuousInDEInput3.xml
14 ms. Memory: 279552K Free: 110095K (39%)
----------------- Invoking toplevel() on ptolemy.moml.MoMLSimpleApplication@2d096502
----------------- Done invoking toplevel() on ptolemy.moml.MoMLSimpleApplication@2d096502
reloadAllAccessors: .ContinuousInDEInput3

===========================================================================================
----------------- testing Wed Oct 06 02:02:09 UTC 2021 /home/travis/build/icyphy/ptII/ptolemy/domains/continuous/test/auto/ContinuousInDESharingRefinement.xml
----------------- Instantiating /home/travis/build/icyphy/ptII/ptolemy/domains/continuous/test/auto/ContinuousInDESharingRefinement.xml
180 ms. Memory: 279552K Free: 181837K (65%)
----------------- Invoking toplevel() on ptolemy.moml.MoMLSimpleApplication@a310bb0
----------------- Done invoking toplevel() on ptolemy.moml.MoMLSimpleApplication@a310bb0
reloadAllAccessors: .ContinuousInDESharingRefinement

===========================================================================================
----------------- testing Wed Oct 06 02:02:09 UTC 2021 /home/travis/build/icyphy/ptII/ptolemy/domains/continuous/test/auto/ContinuousInDEwithNoPorts.xml
----------------- Instantiating /home/travis/build/icyphy/ptII/ptolemy/domains/continuous/test/auto/ContinuousInDEwithNoPorts.xml
4 ms. Memory: 279552K Free: 177339K (63%)
----------------- Invoking toplevel() on ptolemy.moml.MoMLSimpleApplication@757946a8
----------------- Done invoking toplevel() on ptolemy.moml.MoMLSimpleApplication@757946a8
reloadAllAccessors: .ContinuousInDEwithNoPorts

===========================================================================================
----------------- testing Wed Oct 06 02:02:09 UTC 2021 /home/travis/build/icyphy/ptII/ptolemy/domains/continuous/test/auto/ContinuousInsideDE.xml
----------------- Instantiating /home/travis/build/icyphy/ptII/ptolemy/domains/continuous/test/auto/ContinuousInsideDE.xml
40 ms. Memory: 279552K Free: 166075K (59%)
----------------- Invoking toplevel() on ptolemy.moml.MoMLSimpleApplication@1c61fd49
----------------- Done invoking toplevel() on ptolemy.moml.MoMLSimpleApplication@1c61fd49
reloadAllAccessors: .ContinuousInsideDE

===========================================================================================
----------------- testing Wed Oct 06 02:02:09 UTC 2021 /home/travis/build/icyphy/ptII/ptolemy/domains/continuous/test/auto/ContinuousMerge1.xml
----------------- Instantiating /home/travis/build/icyphy/ptII/ptolemy/domains/continuous/test/auto/ContinuousMerge1.xml
3 ms. Memory: 279552K Free: 161979K (58%)
----------------- Invoking toplevel() on ptolemy.moml.MoMLSimpleApplication@9388053
----------------- Done invoking toplevel() on ptolemy.moml.MoMLSimpleApplication@9388053
reloadAllAccessors: .ContinuousMerge1

===========================================================================================
----------------- testing Wed Oct 06 02:02:09 UTC 2021 /home/travis/build/icyphy/ptII/ptolemy/domains/continuous/test/auto/ContinuousMerge2.xml
----------------- Instantiating /home/travis/build/icyphy/ptII/ptolemy/domains/continuous/test/auto/ContinuousMerge2.xml
16 ms. Memory: 279552K Free: 151225K (54%)
----------------- Invoking toplevel() on ptolemy.moml.MoMLSimpleApplication@17352711
----------------- Done invoking toplevel() on ptolemy.moml.MoMLSimpleApplication@17352711
reloadAllAccessors: .ContinuousMerge2

===========================================================================================
----------------- testing Wed Oct 06 02:02:09 UTC 2021 /home/travis/build/icyphy/ptII/ptolemy/domains/continuous/test/auto/ContinuousMerge3.xml
----------------- Instantiating /home/travis/build/icyphy/ptII/ptolemy/domains/continuous/test/auto/ContinuousMerge3.xml
54 ms. Memory: 279552K Free: 140475K (50%)
----------------- Invoking toplevel() on ptolemy.moml.MoMLSimpleApplication@1c2b4402
----------------- Done invoking toplevel() on ptolemy.moml.MoMLSimpleApplication@1c2b4402
reloadAllAccessors: .ContinuousMerge3

===========================================================================================
----------------- testing Wed Oct 06 02:02:09 UTC 2021 /home/travis/build/icyphy/ptII/ptolemy/domains/continuous/test/auto/ContinuousWithinContinuous.xml
----------------- Instantiating /home/travis/build/icyphy/ptII/ptolemy/domains/continuous/test/auto/ContinuousWithinContinuous.xml
37 ms. Memory: 279552K Free: 131259K (47%)
----------------- Invoking toplevel() on ptolemy.moml.MoMLSimpleApplication@5c273fa4
----------------- Done invoking toplevel() on ptolemy.moml.MoMLSimpleApplication@5c273fa4
reloadAllAccessors: .ContinuousWithinContinuous

===========================================================================================
----------------- testing Wed Oct 06 02:02:09 UTC 2021 /home/travis/build/icyphy/ptII/ptolemy/domains/continuous/test/auto/ContinuousWithinContinuous2.xml
----------------- Instantiating /home/travis/build/icyphy/ptII/ptolemy/domains/continuous/test/auto/ContinuousWithinContinuous2.xml
69 ms. Memory: 279552K Free: 119481K (43%)
----------------- Invoking toplevel() on ptolemy.moml.MoMLSimpleApplication@5ca53391
----------------- Done invoking toplevel() on ptolemy.moml.MoMLSimpleApplication@5ca53391
reloadAllAccessors: .ContinuousWithinContinuous2

===========================================================================================
----------------- testing Wed Oct 06 02:02:09 UTC 2021 /home/travis/build/icyphy/ptII/ptolemy/domains/continuous/test/auto/ContinuousWithinContinuous3.xml
----------------- Instantiating /home/travis/build/icyphy/ptII/ptolemy/domains/continuous/test/auto/ContinuousWithinContinuous3.xml
11 ms. Memory: 279552K Free: 112313K (40%)
----------------- Invoking toplevel() on ptolemy.moml.MoMLSimpleApplication@28cdc0b6
----------------- Done invoking toplevel() on ptolemy.moml.MoMLSimpleApplication@28cdc0b6
reloadAllAccessors: .ContinuousWithinContinuous3

===========================================================================================
----------------- testing Wed Oct 06 02:02:10 UTC 2021 /home/travis/build/icyphy/ptII/ptolemy/domains/continuous/test/auto/ContinuousWithinContinuous4.xml
----------------- Instantiating /home/travis/build/icyphy/ptII/ptolemy/domains/continuous/test/auto/ContinuousWithinContinuous4.xml
66 ms. Memory: 279552K Free: 100025K (36%)
----------------- Invoking toplevel() on ptolemy.moml.MoMLSimpleApplication@5898cfc1
----------------- Done invoking toplevel() on ptolemy.moml.MoMLSimpleApplication@5898cfc1
reloadAllAccessors: .ContinuousWithinContinuous4

===========================================================================================
----------------- testing Wed Oct 06 02:02:10 UTC 2021 /home/travis/build/icyphy/ptII/ptolemy/domains/continuous/test/auto/ContinuousWithinContinuous5.xml
----------------- Instantiating /home/travis/build/icyphy/ptII/ptolemy/domains/continuous/test/auto/ContinuousWithinContinuous5.xml
11 ms. Memory: 279552K Free: 258094K (92%)
----------------- Invoking toplevel() on ptolemy.moml.MoMLSimpleApplication@243578d8
----------------- Done invoking toplevel() on ptolemy.moml.MoMLSimpleApplication@243578d8
reloadAllAccessors: .ContinuousWithinContinuous5

===========================================================================================
----------------- testing Wed Oct 06 02:02:10 UTC 2021 /home/travis/build/icyphy/ptII/ptolemy/domains/continuous/test/auto/ContinuousWithinContinuous6.xml
----------------- Instantiating /home/travis/build/icyphy/ptII/ptolemy/domains/continuous/test/auto/ContinuousWithinContinuous6.xml
11 ms. Memory: 279552K Free: 250926K (90%)
----------------- Invoking toplevel() on ptolemy.moml.MoMLSimpleApplication@18387d56
----------------- Done invoking toplevel() on ptolemy.moml.MoMLSimpleApplication@18387d56
reloadAllAccessors: .ContinuousWithinContinuous6

===========================================================================================
----------------- testing Wed Oct 06 02:02:10 UTC 2021 /home/travis/build/icyphy/ptII/ptolemy/domains/continuous/test/auto/ContinuousWithinContinuous7.xml
----------------- Instantiating /home/travis/build/icyphy/ptII/ptolemy/domains/continuous/test/auto/ContinuousWithinContinuous7.xml
56 ms. Memory: 279552K Free: 239662K (86%)
----------------- Invoking toplevel() on ptolemy.moml.MoMLSimpleApplication@58bc4e7e
----------------- Done invoking toplevel() on ptolemy.moml.MoMLSimpleApplication@58bc4e7e
reloadAllAccessors: .ContinuousWithinContinuous7

===========================================================================================
----------------- testing Wed Oct 06 02:02:10 UTC 2021 /home/travis/build/icyphy/ptII/ptolemy/domains/continuous/test/auto/DCMotor.xml
----------------- Instantiating /home/travis/build/icyphy/ptII/ptolemy/domains/continuous/test/auto/DCMotor.xml
12123 ms. Memory: 279552K Free: 159343K (57%)
----------------- Invoking toplevel() on ptolemy.moml.MoMLSimpleApplication@581ad3be
----------------- Done invoking toplevel() on ptolemy.moml.MoMLSimpleApplication@581ad3be
reloadAllAccessors: .DCMotor

===========================================================================================
----------------- testing Wed Oct 06 02:02:22 UTC 2021 /home/travis/build/icyphy/ptII/ptolemy/domains/continuous/test/auto/DEInContinuous.xml
----------------- Instantiating /home/travis/build/icyphy/ptII/ptolemy/domains/continuous/test/auto/DEInContinuous.xml
16 ms. Memory: 279552K Free: 153199K (55%)
----------------- Invoking toplevel() on ptolemy.moml.MoMLSimpleApplication@3df71493
----------------- Done invoking toplevel() on ptolemy.moml.MoMLSimpleApplication@3df71493
reloadAllAccessors: .DEInContinuous

===========================================================================================
----------------- testing Wed Oct 06 02:02:22 UTC 2021 /home/travis/build/icyphy/ptII/ptolemy/domains/continuous/test/auto/DEinContinuous2.xml
----------------- Instantiating /home/travis/build/icyphy/ptII/ptolemy/domains/continuous/test/auto/DEinContinuous2.xml
7 ms. Memory: 279552K Free: 145503K (52%)
----------------- Invoking toplevel() on ptolemy.moml.MoMLSimpleApplication@7ef37115
----------------- Done invoking toplevel() on ptolemy.moml.MoMLSimpleApplication@7ef37115
reloadAllAccessors: .DEinContinuous2

===========================================================================================
----------------- testing Wed Oct 06 02:02:22 UTC 2021 /home/travis/build/icyphy/ptII/ptolemy/domains/continuous/test/auto/Derivative.xml
----------------- Instantiating /home/travis/build/icyphy/ptII/ptolemy/domains/continuous/test/auto/Derivative.xml
112 ms. Memory: 279552K Free: 116335K (42%)
----------------- Invoking toplevel() on ptolemy.moml.MoMLSimpleApplication@8454b83
----------------- Done invoking toplevel() on ptolemy.moml.MoMLSimpleApplication@8454b83
reloadAllAccessors: .Derivative2

===========================================================================================
----------------- testing Wed Oct 06 02:02:22 UTC 2021 /home/travis/build/icyphy/ptII/ptolemy/domains/continuous/test/auto/Derivative1.xml
----------------- Instantiating /home/travis/build/icyphy/ptII/ptolemy/domains/continuous/test/auto/Derivative1.xml
22 ms. Memory: 279552K Free: 101999K (36%)
----------------- Invoking toplevel() on ptolemy.moml.MoMLSimpleApplication@54dbda0e
----------------- Done invoking toplevel() on ptolemy.moml.MoMLSimpleApplication@54dbda0e
reloadAllAccessors: .Derivative1

===========================================================================================
----------------- testing Wed Oct 06 02:02:22 UTC 2021 /home/travis/build/icyphy/ptII/ptolemy/domains/continuous/test/auto/DiscreteClock.xml
----------------- Instantiating /home/travis/build/icyphy/ptII/ptolemy/domains/continuous/test/auto/DiscreteClock.xml
7 ms. Memory: 279552K Free: 262599K (94%)
----------------- Invoking toplevel() on ptolemy.moml.MoMLSimpleApplication@3dfca2ca
----------------- Done invoking toplevel() on ptolemy.moml.MoMLSimpleApplication@3dfca2ca
reloadAllAccessors: .DiscreteClock

===========================================================================================
----------------- testing Wed Oct 06 02:02:22 UTC 2021 /home/travis/build/icyphy/ptII/ptolemy/domains/continuous/test/auto/EfficiencyCurve.xml
----------------- Instantiating /home/travis/build/icyphy/ptII/ptolemy/domains/continuous/test/auto/EfficiencyCurve.xml
47 ms. Memory: 279552K Free: 252869K (90%)
----------------- Invoking toplevel() on ptolemy.moml.MoMLSimpleApplication@620f72c4
----------------- Done invoking toplevel() on ptolemy.moml.MoMLSimpleApplication@620f72c4
reloadAllAccessors: .EfficiencyCurve

===========================================================================================
----------------- testing Wed Oct 06 02:02:22 UTC 2021 /home/travis/build/icyphy/ptII/ptolemy/domains/continuous/test/auto/ExponentialResponse.xml
----------------- Instantiating /home/travis/build/icyphy/ptII/ptolemy/domains/continuous/test/auto/ExponentialResponse.xml
80 ms. Memory: 279552K Free: 236999K (85%)
----------------- Invoking toplevel() on ptolemy.moml.MoMLSimpleApplication@3bc72f3e
----------------- Done invoking toplevel() on ptolemy.moml.MoMLSimpleApplication@3bc72f3e
reloadAllAccessors: .ExponentialResponse

===========================================================================================
----------------- testing Wed Oct 06 02:02:22 UTC 2021 /home/travis/build/icyphy/ptII/ptolemy/domains/continuous/test/auto/ExponentialResponseRK45.xml
----------------- Instantiating /home/travis/build/icyphy/ptII/ptolemy/domains/continuous/test/auto/ExponentialResponseRK45.xml
22 ms. Memory: 279552K Free: 230341K (82%)
----------------- Invoking toplevel() on ptolemy.moml.MoMLSimpleApplication@174024e8
----------------- Done invoking toplevel() on ptolemy.moml.MoMLSimpleApplication@174024e8
reloadAllAccessors: .ExponentialResponseRK45

===========================================================================================
----------------- testing Wed Oct 06 02:02:22 UTC 2021 /home/travis/build/icyphy/ptII/ptolemy/domains/continuous/test/auto/Friction.xml
----------------- Instantiating /home/travis/build/icyphy/ptII/ptolemy/domains/continuous/test/auto/Friction.xml
1353 ms. Memory: 279552K Free: 135523K (48%)
----------------- Invoking toplevel() on ptolemy.moml.MoMLSimpleApplication@c5f9853
----------------- Done invoking toplevel() on ptolemy.moml.MoMLSimpleApplication@c5f9853
reloadAllAccessors: .Friction

===========================================================================================
----------------- testing Wed Oct 06 02:02:24 UTC 2021 /home/travis/build/icyphy/ptII/ptolemy/domains/continuous/test/auto/FurutaPendulum.xml
----------------- Instantiating /home/travis/build/icyphy/ptII/ptolemy/domains/continuous/test/auto/FurutaPendulum.xml
2711 ms. Memory: 279552K Free: 146997K (53%)
----------------- Invoking toplevel() on ptolemy.moml.MoMLSimpleApplication@4609ec03
----------------- Done invoking toplevel() on ptolemy.moml.MoMLSimpleApplication@4609ec03
reloadAllAccessors: .FurutaPendulum

===========================================================================================
----------------- testing Wed Oct 06 02:02:27 UTC 2021 /home/travis/build/icyphy/ptII/ptolemy/domains/continuous/test/auto/HierarchicalExecution.xml
----------------- Instantiating /home/travis/build/icyphy/ptII/ptolemy/domains/continuous/test/auto/HierarchicalExecution.xml
1400 ms. Memory: 279552K Free: 191127K (68%)
----------------- Invoking toplevel() on ptolemy.moml.MoMLSimpleApplication@b3d4bda
----------------- Done invoking toplevel() on ptolemy.moml.MoMLSimpleApplication@b3d4bda
reloadAllAccessors: .HierarchicalExecution

===========================================================================================
----------------- testing Wed Oct 06 02:02:28 UTC 2021 /home/travis/build/icyphy/ptII/ptolemy/domains/continuous/test/auto/HybridPlant.xml
----------------- Instantiating /home/travis/build/icyphy/ptII/ptolemy/domains/continuous/test/auto/HybridPlant.xml
499 ms. Memory: 335872K Free: 149083K (44%)
----------------- Invoking toplevel() on ptolemy.moml.MoMLSimpleApplication@565b5738
----------------- Done invoking toplevel() on ptolemy.moml.MoMLSimpleApplication@565b5738
reloadAllAccessors: .HybridPlant

===========================================================================================
----------------- testing Wed Oct 06 02:02:29 UTC 2021 /home/travis/build/icyphy/ptII/ptolemy/domains/continuous/test/auto/Hysteresis.xml
----------------- Instantiating /home/travis/build/icyphy/ptII/ptolemy/domains/continuous/test/auto/Hysteresis.xml
137 ms. Memory: 335872K Free: 286109K (85%)
----------------- Invoking toplevel() on ptolemy.moml.MoMLSimpleApplication@78d0390f
----------------- Done invoking toplevel() on ptolemy.moml.MoMLSimpleApplication@78d0390f
reloadAllAccessors: .Hysteresis

===========================================================================================
----------------- testing Wed Oct 06 02:02:29 UTC 2021 /home/travis/build/icyphy/ptII/ptolemy/domains/continuous/test/auto/HysteresisWithRandomDelay.xml
----------------- Instantiating /home/travis/build/icyphy/ptII/ptolemy/domains/continuous/test/auto/HysteresisWithRandomDelay.xml
177 ms. Memory: 335872K Free: 214826K (64%)
----------------- Invoking toplevel() on ptolemy.moml.MoMLSimpleApplication@12bcab47
----------------- Done invoking toplevel() on ptolemy.moml.MoMLSimpleApplication@12bcab47
reloadAllAccessors: .HysteresisWithRandomDelay

===========================================================================================
----------------- testing Wed Oct 06 02:02:29 UTC 2021 /home/travis/build/icyphy/ptII/ptolemy/domains/continuous/test/auto/HysteresisWithRandomLosses.xml
----------------- Instantiating /home/travis/build/icyphy/ptII/ptolemy/domains/continuous/test/auto/HysteresisWithRandomLosses.xml
2248 ms. Memory: 335872K Free: 274653K (82%)
----------------- Invoking toplevel() on ptolemy.moml.MoMLSimpleApplication@6aecb7be
----------------- Done invoking toplevel() on ptolemy.moml.MoMLSimpleApplication@6aecb7be
reloadAllAccessors: .HysteresisWithRandomLosses

===========================================================================================
----------------- testing Wed Oct 06 02:02:32 UTC 2021 /home/travis/build/icyphy/ptII/ptolemy/domains/continuous/test/auto/ImmediateTransitions.xml
----------------- Instantiating /home/travis/build/icyphy/ptII/ptolemy/domains/continuous/test/auto/ImmediateTransitions.xml
9 ms. Memory: 335872K Free: 263389K (78%)
----------------- Invoking toplevel() on ptolemy.moml.MoMLSimpleApplication@287ef915
----------------- Done invoking toplevel() on ptolemy.moml.MoMLSimpleApplication@287ef915
reloadAllAccessors: .ImmediateTransitions

===========================================================================================
----------------- testing Wed Oct 06 02:02:32 UTC 2021 /home/travis/build/icyphy/ptII/ptolemy/domains/continuous/test/auto/ImpulseFeedback.xml
----------------- Instantiating /home/travis/build/icyphy/ptII/ptolemy/domains/continuous/test/auto/ImpulseFeedback.xml
8 ms. Memory: 335872K Free: 257755K (77%)
----------------- Invoking toplevel() on ptolemy.moml.MoMLSimpleApplication@1664b35c
----------------- Done invoking toplevel() on ptolemy.moml.MoMLSimpleApplication@1664b35c
reloadAllAccessors: .ImpulseFeedback

===========================================================================================
----------------- testing Wed Oct 06 02:02:32 UTC 2021 /home/travis/build/icyphy/ptII/ptolemy/domains/continuous/test/auto/ImpulseFeedback2.xml
----------------- Instantiating /home/travis/build/icyphy/ptII/ptolemy/domains/continuous/test/auto/ImpulseFeedback2.xml
5 ms. Memory: 335872K Free: 252125K (75%)
----------------- Invoking toplevel() on ptolemy.moml.MoMLSimpleApplication@425ee5a7
----------------- Done invoking toplevel() on ptolemy.moml.MoMLSimpleApplication@425ee5a7
reloadAllAccessors: .ImpulseFeedback2

===========================================================================================
----------------- testing Wed Oct 06 02:02:32 UTC 2021 /home/travis/build/icyphy/ptII/ptolemy/domains/continuous/test/auto/IncreasingRatePoisson.xml
----------------- Instantiating /home/travis/build/icyphy/ptII/ptolemy/domains/continuous/test/auto/IncreasingRatePoisson.xml
725 ms. Memory: 335872K Free: 121318K (36%)
----------------- Invoking toplevel() on ptolemy.moml.MoMLSimpleApplication@51eba94d
----------------- Done invoking toplevel() on ptolemy.moml.MoMLSimpleApplication@51eba94d
reloadAllAccessors: .IncreasingRatePoisson

===========================================================================================
----------------- testing Wed Oct 06 02:02:33 UTC 2021 /home/travis/build/icyphy/ptII/ptolemy/domains/continuous/test/auto/InitialStateFeedback.xml
----------------- Instantiating /home/travis/build/icyphy/ptII/ptolemy/domains/continuous/test/auto/InitialStateFeedback.xml
6 ms. Memory: 335872K Free: 316426K (94%)
----------------- Invoking toplevel() on ptolemy.moml.MoMLSimpleApplication@49e74ff7
----------------- Done invoking toplevel() on ptolemy.moml.MoMLSimpleApplication@49e74ff7
reloadAllAccessors: .InitialStateFeedback

===========================================================================================
----------------- testing Wed Oct 06 02:02:33 UTC 2021 /home/travis/build/icyphy/ptII/ptolemy/domains/continuous/test/auto/Integration.xml
----------------- Instantiating /home/travis/build/icyphy/ptII/ptolemy/domains/continuous/test/auto/Integration.xml
1 ms. Memory: 335872K Free: 312330K (93%)
----------------- Invoking toplevel() on ptolemy.moml.MoMLSimpleApplication@2483016d
----------------- Done invoking toplevel() on ptolemy.moml.MoMLSimpleApplication@2483016d
reloadAllAccessors: .Integration

===========================================================================================
----------------- testing Wed Oct 06 02:02:33 UTC 2021 /home/travis/build/icyphy/ptII/ptolemy/domains/continuous/test/auto/Integration2.xml
----------------- Instantiating /home/travis/build/icyphy/ptII/ptolemy/domains/continuous/test/auto/Integration2.xml
72 ms. Memory: 335872K Free: 297994K (89%)
----------------- Invoking toplevel() on ptolemy.moml.MoMLSimpleApplication@77779ed0
----------------- Done invoking toplevel() on ptolemy.moml.MoMLSimpleApplication@77779ed0
reloadAllAccessors: .Integration2

===========================================================================================
----------------- testing Wed Oct 06 02:02:33 UTC 2021 /home/travis/build/icyphy/ptII/ptolemy/domains/continuous/test/auto/Integration3.xml
----------------- Instantiating /home/travis/build/icyphy/ptII/ptolemy/domains/continuous/test/auto/Integration3.xml
2 ms. Memory: 335872K Free: 293370K (87%)
----------------- Invoking toplevel() on ptolemy.moml.MoMLSimpleApplication@70dc51cc
----------------- Done invoking toplevel() on ptolemy.moml.MoMLSimpleApplication@70dc51cc
reloadAllAccessors: .Integration3

===========================================================================================
----------------- testing Wed Oct 06 02:02:33 UTC 2021 /home/travis/build/icyphy/ptII/ptolemy/domains/continuous/test/auto/Integration5.xml
----------------- Instantiating /home/travis/build/icyphy/ptII/ptolemy/domains/continuous/test/auto/Integration5.xml
2 ms. Memory: 335872K Free: 289288K (86%)
----------------- Invoking toplevel() on ptolemy.moml.MoMLSimpleApplication@799131a7
----------------- Done invoking toplevel() on ptolemy.moml.MoMLSimpleApplication@799131a7
reloadAllAccessors: .Integration5

===========================================================================================
----------------- testing Wed Oct 06 02:02:33 UTC 2021 /home/travis/build/icyphy/ptII/ptolemy/domains/continuous/test/auto/IntegratorImpulse.xml
----------------- Instantiating /home/travis/build/icyphy/ptII/ptolemy/domains/continuous/test/auto/IntegratorImpulse.xml
2 ms. Memory: 335872K Free: 285178K (85%)
----------------- Invoking toplevel() on ptolemy.moml.MoMLSimpleApplication@30819a28
----------------- Done invoking toplevel() on ptolemy.moml.MoMLSimpleApplication@30819a28
reloadAllAccessors: .IntegratorImpulse

===========================================================================================
----------------- testing Wed Oct 06 02:02:33 UTC 2021 /home/travis/build/icyphy/ptII/ptolemy/domains/continuous/test/auto/IntegratorImpulse2.xml
----------------- Instantiating /home/travis/build/icyphy/ptII/ptolemy/domains/continuous/test/auto/IntegratorImpulse2.xml
3 ms. Memory: 335872K Free: 280586K (84%)
----------------- Invoking toplevel() on ptolemy.moml.MoMLSimpleApplication@5b761a0e
----------------- Done invoking toplevel() on ptolemy.moml.MoMLSimpleApplication@5b761a0e
reloadAllAccessors: .IntegratorImpulse2

===========================================================================================
----------------- testing Wed Oct 06 02:02:33 UTC 2021 /home/travis/build/icyphy/ptII/ptolemy/domains/continuous/test/auto/LevelCrossing1.xml
----------------- Instantiating /home/travis/build/icyphy/ptII/ptolemy/domains/continuous/test/auto/LevelCrossing1.xml
2 ms. Memory: 335872K Free: 275466K (82%)
----------------- Invoking toplevel() on ptolemy.moml.MoMLSimpleApplication@21539cbd
----------------- Done invoking toplevel() on ptolemy.moml.MoMLSimpleApplication@21539cbd
reloadAllAccessors: .LevelCrossing1

===========================================================================================
----------------- testing Wed Oct 06 02:02:33 UTC 2021 /home/travis/build/icyphy/ptII/ptolemy/domains/continuous/test/auto/LevelCrossing2.xml
----------------- Instantiating /home/travis/build/icyphy/ptII/ptolemy/domains/continuous/test/auto/LevelCrossing2.xml
7 ms. Memory: 335872K Free: 270346K (80%)
----------------- Invoking toplevel() on ptolemy.moml.MoMLSimpleApplication@23664b2a
----------------- Done invoking toplevel() on ptolemy.moml.MoMLSimpleApplication@23664b2a
reloadAllAccessors: .LevelCrossing2

===========================================================================================
----------------- testing Wed Oct 06 02:02:33 UTC 2021 /home/travis/build/icyphy/ptII/ptolemy/domains/continuous/test/auto/LevelCrossing3.xml
----------------- Instantiating /home/travis/build/icyphy/ptII/ptolemy/domains/continuous/test/auto/LevelCrossing3.xml
2 ms. Memory: 335872K Free: 265226K (79%)
----------------- Invoking toplevel() on ptolemy.moml.MoMLSimpleApplication@6a7e6817
----------------- Done invoking toplevel() on ptolemy.moml.MoMLSimpleApplication@6a7e6817
reloadAllAccessors: .LevelCrossing3

===========================================================================================
----------------- testing Wed Oct 06 02:02:33 UTC 2021 /home/travis/build/icyphy/ptII/ptolemy/domains/continuous/test/auto/LevelCrossing4.xml
----------------- Instantiating /home/travis/build/icyphy/ptII/ptolemy/domains/continuous/test/auto/LevelCrossing4.xml
3 ms. Memory: 335872K Free: 260106K (77%)
----------------- Invoking toplevel() on ptolemy.moml.MoMLSimpleApplication@1d2b016c
----------------- Done invoking toplevel() on ptolemy.moml.MoMLSimpleApplication@1d2b016c
reloadAllAccessors: .LevelCrossing4

===========================================================================================
----------------- testing Wed Oct 06 02:02:33 UTC 2021 /home/travis/build/icyphy/ptII/ptolemy/domains/continuous/test/auto/LevelCrossing5.xml
----------------- Instantiating /home/travis/build/icyphy/ptII/ptolemy/domains/continuous/test/auto/LevelCrossing5.xml
3 ms. Memory: 335872K Free: 254986K (76%)
----------------- Invoking toplevel() on ptolemy.moml.MoMLSimpleApplication@6de4c8d5
----------------- Done invoking toplevel() on ptolemy.moml.MoMLSimpleApplication@6de4c8d5
reloadAllAccessors: .LevelCrossing5

===========================================================================================
[...]
reloadAllAccessors: .ResetTransitionWithStartTime6

===========================================================================================
----------------- testing Wed Oct 06 02:02:48 UTC 2021 /home/travis/build/icyphy/ptII/ptolemy/domains/continuous/test/auto/SRinContinuous.xml
----------------- Instantiating /home/travis/build/icyphy/ptII/ptolemy/domains/continuous/test/auto/SRinContinuous.xml
4 ms. Memory: 335872K Free: 220353K (66%)
----------------- Invoking toplevel() on ptolemy.moml.MoMLSimpleApplication@49cf28fb
----------------- Done invoking toplevel() on ptolemy.moml.MoMLSimpleApplication@49cf28fb
reloadAllAccessors: .SRinContinuous

===========================================================================================
----------------- testing Wed Oct 06 02:02:48 UTC 2021 /home/travis/build/icyphy/ptII/ptolemy/domains/continuous/test/auto/SampledClocks.xml
----------------- Instantiating /home/travis/build/icyphy/ptII/ptolemy/domains/continuous/test/auto/SampledClocks.xml
6 ms. Memory: 335872K Free: 207551K (62%)
----------------- Invoking toplevel() on ptolemy.moml.MoMLSimpleApplication@1777bd18
----------------- Done invoking toplevel() on ptolemy.moml.MoMLSimpleApplication@1777bd18
reloadAllAccessors: .SampledClocks

===========================================================================================
----------------- testing Wed Oct 06 02:02:48 UTC 2021 /home/travis/build/icyphy/ptII/ptolemy/domains/continuous/test/auto/Satellite.xml
----------------- Instantiating /home/travis/build/icyphy/ptII/ptolemy/domains/continuous/test/auto/Satellite.xml
641 ms. Memory: 335872K Free: 217924K (65%)
----------------- Invoking toplevel() on ptolemy.moml.MoMLSimpleApplication@1942caed
----------------- Done invoking toplevel() on ptolemy.moml.MoMLSimpleApplication@1942caed
reloadAllAccessors: .Satellite

===========================================================================================
----------------- testing Wed Oct 06 02:02:48 UTC 2021 /home/travis/build/icyphy/ptII/ptolemy/domains/continuous/test/auto/SigmaDelta.xml
----------------- Instantiating /home/travis/build/icyphy/ptII/ptolemy/domains/continuous/test/auto/SigmaDelta.xml
1967 ms. Memory: 335872K Free: 156066K (46%)
----------------- Invoking toplevel() on ptolemy.moml.MoMLSimpleApplication@23a6b6f4
----------------- Done invoking toplevel() on ptolemy.moml.MoMLSimpleApplication@23a6b6f4
reloadAllAccessors: .SigmaDelta

===========================================================================================
----------------- testing Wed Oct 06 02:02:50 UTC 2021 /home/travis/build/icyphy/ptII/ptolemy/domains/continuous/test/auto/SingleRefinement.xml
----------------- Instantiating /home/travis/build/icyphy/ptII/ptolemy/domains/continuous/test/auto/SingleRefinement.xml
272 ms. Memory: 335872K Free: 173016K (52%)
----------------- Invoking toplevel() on ptolemy.moml.MoMLSimpleApplication@29a477dd
----------------- Done invoking toplevel() on ptolemy.moml.MoMLSimpleApplication@29a477dd
reloadAllAccessors: .SingleRefinement

===========================================================================================
----------------- testing Wed Oct 06 02:02:51 UTC 2021 /home/travis/build/icyphy/ptII/ptolemy/domains/continuous/test/auto/SinuBouncingBall.xml
----------------- Instantiating /home/travis/build/icyphy/ptII/ptolemy/domains/continuous/test/auto/SinuBouncingBall.xml
776 ms. Memory: 335872K Free: 158864K (47%)
----------------- Invoking toplevel() on ptolemy.moml.MoMLSimpleApplication@a2342f5
----------------- Done invoking toplevel() on ptolemy.moml.MoMLSimpleApplication@a2342f5
reloadAllAccessors: .SinuBouncingBall

===========================================================================================
----------------- testing Wed Oct 06 02:02:52 UTC 2021 /home/travis/build/icyphy/ptII/ptolemy/domains/continuous/test/auto/Sinusoid.xml
----------------- Instantiating /home/travis/build/icyphy/ptII/ptolemy/domains/continuous/test/auto/Sinusoid.xml
4 ms. Memory: 335872K Free: 154717K (46%)
----------------- Invoking toplevel() on ptolemy.moml.MoMLSimpleApplication@2cbbd635
----------------- Done invoking toplevel() on ptolemy.moml.MoMLSimpleApplication@2cbbd635
reloadAllAccessors: .Sinusoid

===========================================================================================
----------------- testing Wed Oct 06 02:02:52 UTC 2021 /home/travis/build/icyphy/ptII/ptolemy/domains/continuous/test/auto/SinusoidInNoise.xml
----------------- Instantiating /home/travis/build/icyphy/ptII/ptolemy/domains/continuous/test/auto/SinusoidInNoise.xml
750 ms. Memory: 335872K Free: 219208K (65%)
----------------- Invoking toplevel() on ptolemy.moml.MoMLSimpleApplication@47853fc6
----------------- Done invoking toplevel() on ptolemy.moml.MoMLSimpleApplication@47853fc6
reloadAllAccessors: .SinusoidInNoise

===========================================================================================
----------------- testing Wed Oct 06 02:02:52 UTC 2021 /home/travis/build/icyphy/ptII/ptolemy/domains/continuous/test/auto/SinusoidRK45.xml
----------------- Instantiating /home/travis/build/icyphy/ptII/ptolemy/domains/continuous/test/auto/SinusoidRK45.xml
2 ms. Memory: 335872K Free: 215001K (64%)
----------------- Invoking toplevel() on ptolemy.moml.MoMLSimpleApplication@1dab8e4
----------------- Done invoking toplevel() on ptolemy.moml.MoMLSimpleApplication@1dab8e4
reloadAllAccessors: .SinusoidRK45

===========================================================================================
----------------- testing Wed Oct 06 02:02:52 UTC 2021 /home/travis/build/icyphy/ptII/ptolemy/domains/continuous/test/auto/SinusoidWithMultipleImpulses.xml
----------------- Instantiating /home/travis/build/icyphy/ptII/ptolemy/domains/continuous/test/auto/SinusoidWithMultipleImpulses.xml
2 ms. Memory: 335872K Free: 210391K (63%)
----------------- Invoking toplevel() on ptolemy.moml.MoMLSimpleApplication@79c1fe8a
----------------- Done invoking toplevel() on ptolemy.moml.MoMLSimpleApplication@79c1fe8a
reloadAllAccessors: .SinusoidWithMultipleImpulses

===========================================================================================
----------------- testing Wed Oct 06 02:02:53 UTC 2021 /home/travis/build/icyphy/ptII/ptolemy/domains/continuous/test/auto/SquareWave.xml
----------------- Instantiating /home/travis/build/icyphy/ptII/ptolemy/domains/continuous/test/auto/SquareWave.xml
145 ms. Memory: 335872K Free: 182743K (54%)
----------------- Invoking toplevel() on ptolemy.moml.MoMLSimpleApplication@4db4a2fa
----------------- Done invoking toplevel() on ptolemy.moml.MoMLSimpleApplication@4db4a2fa
reloadAllAccessors: .SquareWave

===========================================================================================
----------------- testing Wed Oct 06 02:02:53 UTC 2021 /home/travis/build/icyphy/ptII/ptolemy/domains/continuous/test/auto/Starmac.xml
----------------- Instantiating /home/travis/build/icyphy/ptII/ptolemy/domains/continuous/test/auto/Starmac.xml
3059 ms. Memory: 335872K Free: 265674K (79%)
----------------- Invoking toplevel() on ptolemy.moml.MoMLSimpleApplication@391ca0f3
----------------- Done invoking toplevel() on ptolemy.moml.MoMLSimpleApplication@391ca0f3
reloadAllAccessors: .Starmac

===========================================================================================
----------------- testing Wed Oct 06 02:02:56 UTC 2021 /home/travis/build/icyphy/ptII/ptolemy/domains/continuous/test/auto/StaticUnits.xml
----------------- Instantiating /home/travis/build/icyphy/ptII/ptolemy/domains/continuous/test/auto/StaticUnits.xml
1716 ms. Memory: 335872K Free: 207813K (62%)
----------------- Invoking toplevel() on ptolemy.moml.MoMLSimpleApplication@5643b270
----------------- Done invoking toplevel() on ptolemy.moml.MoMLSimpleApplication@5643b270
reloadAllAccessors: .StaticUnits

===========================================================================================
----------------- testing Wed Oct 06 02:02:58 UTC 2021 /home/travis/build/icyphy/ptII/ptolemy/domains/continuous/test/auto/StickyMasses.xml
----------------- Instantiating /home/travis/build/icyphy/ptII/ptolemy/domains/continuous/test/auto/StickyMasses.xml
123 ms. Memory: 335872K Free: 158151K (47%)
----------------- Invoking toplevel() on ptolemy.moml.MoMLSimpleApplication@194b92fb
----------------- Done invoking toplevel() on ptolemy.moml.MoMLSimpleApplication@194b92fb
reloadAllAccessors: .StickyMasses

===========================================================================================
----------------- testing Wed Oct 06 02:02:58 UTC 2021 /home/travis/build/icyphy/ptII/ptolemy/domains/continuous/test/auto/StopTime.xml
----------------- Instantiating /home/travis/build/icyphy/ptII/ptolemy/domains/continuous/test/auto/StopTime.xml
35 ms. Memory: 335872K Free: 133047K (40%)
----------------- Invoking toplevel() on ptolemy.moml.MoMLSimpleApplication@2ae2d3ce
----------------- Done invoking toplevel() on ptolemy.moml.MoMLSimpleApplication@2ae2d3ce
reloadAllAccessors: .StopTime

===========================================================================================
----------------- testing Wed Oct 06 02:02:58 UTC 2021 /home/travis/build/icyphy/ptII/ptolemy/domains/continuous/test/auto/StopTime2.xml
----------------- Instantiating /home/travis/build/icyphy/ptII/ptolemy/domains/continuous/test/auto/StopTime2.xml
48 ms. Memory: 335872K Free: 306925K (91%)
----------------- Invoking toplevel() on ptolemy.moml.MoMLSimpleApplication@61aa2280
----------------- Done invoking toplevel() on ptolemy.moml.MoMLSimpleApplication@61aa2280
reloadAllAccessors: .StopTime2

===========================================================================================
----------------- testing Wed Oct 06 02:02:59 UTC 2021 /home/travis/build/icyphy/ptII/ptolemy/domains/continuous/test/auto/Switch.xml
----------------- Instantiating /home/travis/build/icyphy/ptII/ptolemy/domains/continuous/test/auto/Switch.xml
36 ms. Memory: 335872K Free: 281449K (84%)
----------------- Invoking toplevel() on ptolemy.moml.MoMLSimpleApplication@7e8b28a1
----------------- Done invoking toplevel() on ptolemy.moml.MoMLSimpleApplication@7e8b28a1
reloadAllAccessors: .Switch

===========================================================================================
----------------- testing Wed Oct 06 02:02:59 UTC 2021 /home/travis/build/icyphy/ptII/ptolemy/domains/continuous/test/auto/Thermostat.xml
----------------- Instantiating /home/travis/build/icyphy/ptII/ptolemy/domains/continuous/test/auto/Thermostat.xml
166 ms. Memory: 335872K Free: 209273K (62%)
----------------- Invoking toplevel() on ptolemy.moml.MoMLSimpleApplication@2fd9e67e
----------------- Done invoking toplevel() on ptolemy.moml.MoMLSimpleApplication@2fd9e67e
reloadAllAccessors: .Thermostat

===========================================================================================
----------------- testing Wed Oct 06 02:02:59 UTC 2021 /home/travis/build/icyphy/ptII/ptolemy/domains/continuous/test/auto/TimeDelay.xml
----------------- Instantiating /home/travis/build/icyphy/ptII/ptolemy/domains/continuous/test/auto/TimeDelay.xml
4 ms. Memory: 335872K Free: 204633K (61%)
----------------- Invoking toplevel() on ptolemy.moml.MoMLSimpleApplication@7db826fb
----------------- Done invoking toplevel() on ptolemy.moml.MoMLSimpleApplication@7db826fb
reloadAllAccessors: .TimeDelay

===========================================================================================
----------------- testing Wed Oct 06 02:02:59 UTC 2021 /home/travis/build/icyphy/ptII/ptolemy/domains/continuous/test/auto/TimeDelay2.xml
----------------- Instantiating /home/travis/build/icyphy/ptII/ptolemy/domains/continuous/test/auto/TimeDelay2.xml
8 ms. Memory: 335872K Free: 194937K (58%)
----------------- Invoking toplevel() on ptolemy.moml.MoMLSimpleApplication@743f2c6a
----------------- Done invoking toplevel() on ptolemy.moml.MoMLSimpleApplication@743f2c6a
reloadAllAccessors: .TimeDelay2

===========================================================================================
----------------- testing Wed Oct 06 02:02:59 UTC 2021 /home/travis/build/icyphy/ptII/ptolemy/domains/continuous/test/auto/TimeDelay3.xml
----------------- Instantiating /home/travis/build/icyphy/ptII/ptolemy/domains/continuous/test/auto/TimeDelay3.xml
4 ms. Memory: 335872K Free: 190310K (57%)
----------------- Invoking toplevel() on ptolemy.moml.MoMLSimpleApplication@45ed8a25
----------------- Done invoking toplevel() on ptolemy.moml.MoMLSimpleApplication@45ed8a25
reloadAllAccessors: .TimeDelay3

===========================================================================================
----------------- testing Wed Oct 06 02:02:59 UTC 2021 /home/travis/build/icyphy/ptII/ptolemy/domains/continuous/test/auto/TransferAbsentToInside.xml
----------------- Instantiating /home/travis/build/icyphy/ptII/ptolemy/domains/continuous/test/auto/TransferAbsentToInside.xml
26 ms. Memory: 335872K Free: 137065K (41%)
----------------- Invoking toplevel() on ptolemy.moml.MoMLSimpleApplication@4f036c9
----------------- Done invoking toplevel() on ptolemy.moml.MoMLSimpleApplication@4f036c9
reloadAllAccessors: .TransferAbsentToInside

===========================================================================================
----------------- testing Wed Oct 06 02:02:59 UTC 2021 /home/travis/build/icyphy/ptII/ptolemy/domains/continuous/test/auto/Transmission.xml
----------------- Instantiating /home/travis/build/icyphy/ptII/ptolemy/domains/continuous/test/auto/Transmission.xml
733 ms. Memory: 335872K Free: 295262K (88%)
----------------- Invoking toplevel() on ptolemy.moml.MoMLSimpleApplication@60a64e5c
----------------- Done invoking toplevel() on ptolemy.moml.MoMLSimpleApplication@60a64e5c
reloadAllAccessors: .Transmission

===========================================================================================
----------------- testing Wed Oct 06 02:03:00 UTC 2021 /home/travis/build/icyphy/ptII/ptolemy/domains/continuous/test/auto/TriggeredContinuousClock.xml
----------------- Instantiating /home/travis/build/icyphy/ptII/ptolemy/domains/continuous/test/auto/TriggeredContinuousClock.xml
34 ms. Memory: 335872K Free: 265566K (79%)
----------------- Invoking toplevel() on ptolemy.moml.MoMLSimpleApplication@7088e498
----------------- Done invoking toplevel() on ptolemy.moml.MoMLSimpleApplication@7088e498
reloadAllAccessors: .TriggeredContinuousClock

===========================================================================================
----------------- testing Wed Oct 06 02:03:00 UTC 2021 /home/travis/build/icyphy/ptII/ptolemy/domains/continuous/test/auto/TwoMachineInfiniteBusControl.xml
----------------- Instantiating /home/travis/build/icyphy/ptII/ptolemy/domains/continuous/test/auto/TwoMachineInfiniteBusControl.xml
2675 ms. Memory: 335872K Free: 266059K (79%)
----------------- Invoking toplevel() on ptolemy.moml.MoMLSimpleApplication@276bba62
----------------- Done invoking toplevel() on ptolemy.moml.MoMLSimpleApplication@276bba62
reloadAllAccessors: .TwoMachineInfiniteBusControl

===========================================================================================
----------------- testing Wed Oct 06 02:03:03 UTC 2021 /home/travis/build/icyphy/ptII/ptolemy/domains/continuous/test/auto/V2V.xml
----------------- Instantiating /home/travis/build/icyphy/ptII/ptolemy/domains/continuous/test/auto/V2V.xml
753 ms. Memory: 335872K Free: 272169K (81%)
----------------- Invoking toplevel() on ptolemy.moml.MoMLSimpleApplication@5bbf752c
----------------- Done invoking toplevel() on ptolemy.moml.MoMLSimpleApplication@5bbf752c
reloadAllAccessors: .V2V

===========================================================================================
----------------- testing Wed Oct 06 02:03:03 UTC 2021 /home/travis/build/icyphy/ptII/ptolemy/domains/continuous/test/auto/hierarchicalModalModel.xml
----------------- Instantiating /home/travis/build/icyphy/ptII/ptolemy/domains/continuous/test/auto/hierarchicalModalModel.xml
7 ms. Memory: 335872K Free: 257323K (77%)
----------------- Invoking toplevel() on ptolemy.moml.MoMLSimpleApplication@53628296
----------------- Done invoking toplevel() on ptolemy.moml.MoMLSimpleApplication@53628296
reloadAllAccessors: .hierarchicalModalModel

===========================================================================================
----------------- testing Wed Oct 06 02:03:03 UTC 2021 /home/travis/build/icyphy/ptII/ptolemy/domains/continuous/test/auto/hierarchicalModalModel1.xml
----------------- Instantiating /home/travis/build/icyphy/ptII/ptolemy/domains/continuous/test/auto/hierarchicalModalModel1.xml
7 ms. Memory: 335872K Free: 242987K (72%)
----------------- Invoking toplevel() on ptolemy.moml.MoMLSimpleApplication@4738c4a2
----------------- Done invoking toplevel() on ptolemy.moml.MoMLSimpleApplication@4738c4a2
reloadAllAccessors: .hierarchicalModalModel1

===========================================================================================
----------------- testing Wed Oct 06 02:03:03 UTC 2021 /home/travis/build/icyphy/ptII/ptolemy/domains/continuous/test/auto/hierarchicalModalModel2.xml
----------------- Instantiating /home/travis/build/icyphy/ptII/ptolemy/domains/continuous/test/auto/hierarchicalModalModel2.xml
5 ms. Memory: 335872K Free: 230699K (69%)
----------------- Invoking toplevel() on ptolemy.moml.MoMLSimpleApplication@54c3096c
----------------- Done invoking toplevel() on ptolemy.moml.MoMLSimpleApplication@54c3096c
reloadAllAccessors: .hierarchicalModalModel2

===========================================================================================
----------------- testing Wed Oct 06 02:03:03 UTC 2021 /home/travis/build/icyphy/ptII/ptolemy/domains/continuous/test/auto/hierarchicalModalModel3.xml
----------------- Instantiating /home/travis/build/icyphy/ptII/ptolemy/domains/continuous/test/auto/hierarchicalModalModel3.xml
5 ms. Memory: 335872K Free: 219945K (65%)
----------------- Invoking toplevel() on ptolemy.moml.MoMLSimpleApplication@32299aa2
----------------- Done invoking toplevel() on ptolemy.moml.MoMLSimpleApplication@32299aa2
reloadAllAccessors: .hierarchicalModalModel3

===========================================================================================
----------------- testing Wed Oct 06 02:03:03 UTC 2021 /home/travis/build/icyphy/ptII/ptolemy/domains/continuous/test/auto/hierarchicalModalModel4.xml
----------------- Instantiating /home/travis/build/icyphy/ptII/ptolemy/domains/continuous/test/auto/hierarchicalModalModel4.xml
4 ms. Memory: 335872K Free: 208171K (62%)
----------------- Invoking toplevel() on ptolemy.moml.MoMLSimpleApplication@4a80fbf7
----------------- Done invoking toplevel() on ptolemy.moml.MoMLSimpleApplication@4a80fbf7
reloadAllAccessors: .hierarchicalModalModel4

===========================================================================================
----------------- testing Wed Oct 06 02:03:03 UTC 2021 /home/travis/build/icyphy/ptII/ptolemy/domains/continuous/test/auto/junk.xml
----------------- Instantiating /home/travis/build/icyphy/ptII/ptolemy/domains/continuous/test/auto/junk.xml
121 ms. Memory: 335872K Free: 183595K (55%)
----------------- Invoking toplevel() on ptolemy.moml.MoMLSimpleApplication@131ff7cf
----------------- Done invoking toplevel() on ptolemy.moml.MoMLSimpleApplication@131ff7cf
reloadAllAccessors: .junk
AutoTests.java: About to close Vertx.
AutoTests.java: Vertx closed.
]]></system-out>
  <system-err><![CDATA[Warning: '.HysteresisWithRandomDelay.NonStrictTest3' The test produced only 27 tokens, yet the correctValues parameter was expecting 30 tokens.
Warning: '.Poisson.NonStrictTest' The test produced only 356 tokens, yet the correctValues parameter was expecting 430 tokens.
]]></system-err>
</testsuite>
