<?xml version="1.0" encoding="UTF-8" ?>
<testsuite errors="0" failures="0" hostname="travis-job-327cd0c3-9ddf-46a6-8ded-60b5414e16a4" name="ptolemy.domains.sdf.test.junit.JUnitTclTest" skipped="0" tests="66" time="22.05" timestamp="2019-07-20T00:55:19">
  <properties>
[...]
</properties>
  <testcase classname="ptolemy.util.test.junit.TclTests" name="[0] /home/travis/build/icyphy/ptII/ptolemy/domains/sdf/test/SDFSchedulerErrors.tcl (RunTclFile)" time="1.045" />
  <testcase classname="ptolemy.util.test.junit.TclTests" name="[1] /home/travis/build/icyphy/ptII/ptolemy/domains/sdf/test/composition.tcl (RunTclFile)" time="0.178" />
  <testcase classname="ptolemy.util.test.junit.TclTests" name="[2] /home/travis/build/icyphy/ptII/ptolemy/domains/sdf/test/cycle.tcl (RunTclFile)" time="0.095" />
  <testcase classname="ptolemy.util.test.junit.AutoKnownFailedTests" name="[0] ThereAreNoKnowFailedTests (RunModel)" time="0.001" />
  <testcase classname="ptolemy.util.test.junit.AutoNameArchTests" name="[0] ThereAreNoAutoArchTests (RunModel)" time="0.001" />
  <testcase classname="ptolemy.util.test.junit.AutoTests" name="[0] /home/travis/build/icyphy/ptII/ptolemy/domains/sdf/test/auto/Array.xml (RunModel)" time="0.346" />
  <testcase classname="ptolemy.util.test.junit.AutoTests" name="[1] /home/travis/build/icyphy/ptII/ptolemy/domains/sdf/test/auto/Butterfly.xml (RunModel)" time="0.204" />
  <testcase classname="ptolemy.util.test.junit.AutoTests" name="[2] /home/travis/build/icyphy/ptII/ptolemy/domains/sdf/test/auto/Expression.xml (RunModel)" time="0.108" />
  <testcase classname="ptolemy.util.test.junit.AutoTests" name="[3] /home/travis/build/icyphy/ptII/ptolemy/domains/sdf/test/auto/Eye.xml (RunModel)" time="0.232" />
  <testcase classname="ptolemy.util.test.junit.AutoTests" name="[4] /home/travis/build/icyphy/ptII/ptolemy/domains/sdf/test/auto/FixFIR.xml (RunModel)" time="0.409" />
  <testcase classname="ptolemy.util.test.junit.AutoTests" name="[5] /home/travis/build/icyphy/ptII/ptolemy/domains/sdf/test/auto/FixPoint.xml (RunModel)" time="0.058" />
  <testcase classname="ptolemy.util.test.junit.AutoTests" name="[6] /home/travis/build/icyphy/ptII/ptolemy/domains/sdf/test/auto/Gravitation.xml (RunModel)" time="3.304" />
  <testcase classname="ptolemy.util.test.junit.AutoTests" name="[7] /home/travis/build/icyphy/ptII/ptolemy/domains/sdf/test/auto/GravitationWithCollisionDetection.xml (RunModel)" time="7.328" />
  <testcase classname="ptolemy.util.test.junit.AutoTests" name="[8] /home/travis/build/icyphy/ptII/ptolemy/domains/sdf/test/auto/HDF.xml (RunModel)" time="0.1" />
  <testcase classname="ptolemy.util.test.junit.AutoTests" name="[9] /home/travis/build/icyphy/ptII/ptolemy/domains/sdf/test/auto/HDFwithTransientStates.xml (RunModel)" time="0.103" />
  <testcase classname="ptolemy.util.test.junit.AutoTests" name="[10] /home/travis/build/icyphy/ptII/ptolemy/domains/sdf/test/auto/HTVQ.xml (RunModel)" time="0.908" />
  <testcase classname="ptolemy.util.test.junit.AutoTests" name="[11] /home/travis/build/icyphy/ptII/ptolemy/domains/sdf/test/auto/InferInitProduction.xml (RunModel)" time="0.042" />
  <testcase classname="ptolemy.util.test.junit.AutoTests" name="[12] /home/travis/build/icyphy/ptII/ptolemy/domains/sdf/test/auto/InferInitProductionDeeper.xml (RunModel)" time="0.028" />
  <testcase classname="ptolemy.util.test.junit.AutoTests" name="[13] /home/travis/build/icyphy/ptII/ptolemy/domains/sdf/test/auto/LMSAdaptive.xml (RunModel)" time="0.077" />
  <testcase classname="ptolemy.util.test.junit.AutoTests" name="[14] /home/travis/build/icyphy/ptII/ptolemy/domains/sdf/test/auto/LogisticMap.xml (RunModel)" time="0.503" />
  <testcase classname="ptolemy.util.test.junit.AutoTests" name="[15] /home/travis/build/icyphy/ptII/ptolemy/domains/sdf/test/auto/MaximumEntropySpectrum.xml (RunModel)" time="0.297" />
  <testcase classname="ptolemy.util.test.junit.AutoTests" name="[16] /home/travis/build/icyphy/ptII/ptolemy/domains/sdf/test/auto/MultirateSDF.xml (RunModel)" time="0.067" />
  <testcase classname="ptolemy.util.test.junit.AutoTests" name="[17] /home/travis/build/icyphy/ptII/ptolemy/domains/sdf/test/auto/MultirateSDFwithTransientStates.xml (RunModel)" time="0.128" />
  <testcase classname="ptolemy.util.test.junit.AutoTests" name="[18] /home/travis/build/icyphy/ptII/ptolemy/domains/sdf/test/auto/NoisySinewave.xml (RunModel)" time="0.091" />
  <testcase classname="ptolemy.util.test.junit.AutoTests" name="[19] /home/travis/build/icyphy/ptII/ptolemy/domains/sdf/test/auto/Objects.xml (RunModel)" time="0.054" />
  <testcase classname="ptolemy.util.test.junit.AutoTests" name="[20] /home/travis/build/icyphy/ptII/ptolemy/domains/sdf/test/auto/OrthogonalCom.xml (RunModel)" time="0.043" />
  <testcase classname="ptolemy.util.test.junit.AutoTests" name="[21] /home/travis/build/icyphy/ptII/ptolemy/domains/sdf/test/auto/RijndaelEncryption.xml (RunModel)" time="0.667" />
  <testcase classname="ptolemy.util.test.junit.AutoTests" name="[22] /home/travis/build/icyphy/ptII/ptolemy/domains/sdf/test/auto/SDFEmptyIterations.xml (RunModel)" time="0.025" />
  <testcase classname="ptolemy.util.test.junit.AutoTests" name="[23] /home/travis/build/icyphy/ptII/ptolemy/domains/sdf/test/auto/Spectrum.xml (RunModel)" time="0.109" />
  <testcase classname="ptolemy.util.test.junit.AutoTests" name="[24] /home/travis/build/icyphy/ptII/ptolemy/domains/sdf/test/auto/de_inside_sdf.xml (RunModel)" time="0.026" />
  <testcase classname="ptolemy.util.test.junit.AutoTests" name="[25] /home/travis/build/icyphy/ptII/ptolemy/domains/sdf/test/auto/disconnectedHierarchicalSDF.xml (RunModel)" time="0.025" />
  <testcase classname="ptolemy.util.test.junit.AutoTests" name="[26] /home/travis/build/icyphy/ptII/ptolemy/domains/sdf/test/auto/disconnectedSDF.xml (RunModel)" time="0.025" />
  <testcase classname="ptolemy.util.test.junit.AutoTests" name="[27] /home/travis/build/icyphy/ptII/ptolemy/domains/sdf/test/auto/emptyRefinement.xml (RunModel)" time="0.017" />
  <testcase classname="ptolemy.util.test.junit.AutoTests" name="[28] /home/travis/build/icyphy/ptII/ptolemy/domains/sdf/test/auto/filePortParameter.xml (RunModel)" time="0.051" />
  <testcase classname="ptolemy.util.test.junit.AutoTests" name="[29] /home/travis/build/icyphy/ptII/ptolemy/domains/sdf/test/auto/inferRelationWidth1.xml (RunModel)" time="0.017" />
  <testcase classname="ptolemy.util.test.junit.AutoTests" name="[30] /home/travis/build/icyphy/ptII/ptolemy/domains/sdf/test/auto/initProductionInference.xml (RunModel)" time="0.03" />
  <testcase classname="ptolemy.util.test.junit.AutoTests" name="[31] /home/travis/build/icyphy/ptII/ptolemy/domains/sdf/test/auto/relationGroup.xml (RunModel)" time="0.022" />
  <testcase classname="ptolemy.util.test.junit.AutoTests" name="[32] /home/travis/build/icyphy/ptII/ptolemy/domains/sdf/test/auto/relationGroup10.xml (RunModel)" time="0.014" />
  <testcase classname="ptolemy.util.test.junit.AutoTests" name="[33] /home/travis/build/icyphy/ptII/ptolemy/domains/sdf/test/auto/relationGroup11.xml (RunModel)" time="0.013" />
  <testcase classname="ptolemy.util.test.junit.AutoTests" name="[34] /home/travis/build/icyphy/ptII/ptolemy/domains/sdf/test/auto/relationGroup12.xml (RunModel)" time="0.016" />
  <testcase classname="ptolemy.util.test.junit.AutoTests" name="[35] /home/travis/build/icyphy/ptII/ptolemy/domains/sdf/test/auto/relationGroup13.xml (RunModel)" time="0.019" />
  <testcase classname="ptolemy.util.test.junit.AutoTests" name="[36] /home/travis/build/icyphy/ptII/ptolemy/domains/sdf/test/auto/relationGroup14.xml (RunModel)" time="0.016" />
  <testcase classname="ptolemy.util.test.junit.AutoTests" name="[37] /home/travis/build/icyphy/ptII/ptolemy/domains/sdf/test/auto/relationGroup15.xml (RunModel)" time="0.012" />
  <testcase classname="ptolemy.util.test.junit.AutoTests" name="[38] /home/travis/build/icyphy/ptII/ptolemy/domains/sdf/test/auto/relationGroup2.xml (RunModel)" time="0.007" />
  <testcase classname="ptolemy.util.test.junit.AutoTests" name="[39] /home/travis/build/icyphy/ptII/ptolemy/domains/sdf/test/auto/relationGroup3.xml (RunModel)" time="0.008" />
  <testcase classname="ptolemy.util.test.junit.AutoTests" name="[40] /home/travis/build/icyphy/ptII/ptolemy/domains/sdf/test/auto/relationGroup4.xml (RunModel)" time="0.017" />
  <testcase classname="ptolemy.util.test.junit.AutoTests" name="[41] /home/travis/build/icyphy/ptII/ptolemy/domains/sdf/test/auto/relationGroup5.xml (RunModel)" time="0.016" />
  <testcase classname="ptolemy.util.test.junit.AutoTests" name="[42] /home/travis/build/icyphy/ptII/ptolemy/domains/sdf/test/auto/relationGroup6.xml (RunModel)" time="0.02" />
  <testcase classname="ptolemy.util.test.junit.AutoTests" name="[43] /home/travis/build/icyphy/ptII/ptolemy/domains/sdf/test/auto/relationGroup7.xml (RunModel)" time="0.023" />
  <testcase classname="ptolemy.util.test.junit.AutoTests" name="[44] /home/travis/build/icyphy/ptII/ptolemy/domains/sdf/test/auto/relationGroup8.xml (RunModel)" time="0.009" />
  <testcase classname="ptolemy.util.test.junit.AutoTests" name="[45] /home/travis/build/icyphy/ptII/ptolemy/domains/sdf/test/auto/relationGroup9.xml (RunModel)" time="0.014" />
  <testcase classname="ptolemy.util.test.junit.AutoTests" name="[46] /home/travis/build/icyphy/ptII/ptolemy/domains/sdf/test/auto/sdf_inside_de.xml (RunModel)" time="0.039" />
  <testcase classname="ptolemy.util.test.junit.AutoTests" name="[47] /home/travis/build/icyphy/ptII/ptolemy/domains/sdf/test/auto/sdf_inside_pn.xml (RunModel)" time="0.064" />
  <testcase classname="ptolemy.util.test.junit.AutoTests" name="[48] /home/travis/build/icyphy/ptII/ptolemy/domains/sdf/test/auto/sdf_sdf1.xml (RunModel)" time="0.017" />
  <testcase classname="ptolemy.util.test.junit.AutoTests" name="[49] /home/travis/build/icyphy/ptII/ptolemy/domains/sdf/test/auto/test1.xml (RunModel)" time="0.018" />
  <testcase classname="ptolemy.util.test.junit.AutoTests" name="[50] /home/travis/build/icyphy/ptII/ptolemy/domains/sdf/test/auto/time1.xml (RunModel)" time="0.01" />
  <testcase classname="ptolemy.util.test.junit.AutoTests" name="[51] /home/travis/build/icyphy/ptII/ptolemy/domains/sdf/test/auto/time2.xml (RunModel)" time="0.014" />
  <testcase classname="ptolemy.util.test.junit.AutoTests" name="[52] /home/travis/build/icyphy/ptII/ptolemy/domains/sdf/test/auto/time3.xml (RunModel)" time="0.02" />
  <testcase classname="ptolemy.util.test.junit.AutoTests" name="[53] /home/travis/build/icyphy/ptII/ptolemy/domains/sdf/test/auto/time4.xml (RunModel)" time="0.018" />
  <testcase classname="ptolemy.util.test.junit.AutoTests" name="[54] /home/travis/build/icyphy/ptII/ptolemy/domains/sdf/test/auto/time5.xml (RunModel)" time="4.01" />
  <testcase classname="ptolemy.util.test.junit.AutoTests" name="[55] /home/travis/build/icyphy/ptII/ptolemy/domains/sdf/test/auto/typeSystem_Const_Integer_smallest_Type.xml (RunModel)" time="0.029" />
  <testcase classname="ptolemy.util.test.junit.AutoTests" name="[56] /home/travis/build/icyphy/ptII/ptolemy/domains/sdf/test/auto/typeSystem_declared_Inports_OutportTypeException.xml (RunModel)" time="0.032" />
  <testcase classname="ptolemy.util.test.junit.AutoTests" name="[57] /home/travis/build/icyphy/ptII/ptolemy/domains/sdf/test/auto/typeSystem_oneDeclaredInportType_wrongTypeOutport.xml (RunModel)" time="0.024" />
  <testcase classname="ptolemy.util.test.junit.AutoTests" name="[58] /home/travis/build/icyphy/ptII/ptolemy/domains/sdf/test/auto/width.xml (RunModel)" time="0.022" />
  <testcase classname="ptolemy.util.test.junit.AutoTests" name="[59] /home/travis/build/icyphy/ptII/ptolemy/domains/sdf/test/auto/width2.xml (RunModel)" time="0.039" />
  <testcase classname="ptolemy.util.test.junit.AutoTests" name="[60] /home/travis/build/icyphy/ptII/ptolemy/domains/sdf/test/auto/width3.xml (RunModel)" time="0.042" />
  <system-out><![CDATA[/home/travis/build/icyphy/ptII/ptolemy/domains/sdf/test/SDFSchedulerErrors.tcl
testDefs.tcl: setting time out to 9000 seconds at Sat Jul 20 00:55:19 UTC 2019
78 ms. Memory: 120832K Free: 82373K (68%)
13 ms. Memory: 120832K Free: 74695K (62%)
10 ms. Memory: 120832K Free: 68551K (57%)
7 ms. Memory: 120832K Free: 65479K (54%)
/home/travis/build/icyphy/ptII/ptolemy/domains/sdf/test/composition.tcl
29 ms. Memory: 120832K Free: 61383K (51%)
18 ms. Memory: 120832K Free: 59335K (49%)
/home/travis/build/icyphy/ptII/ptolemy/domains/sdf/test/cycle.tcl
.Toplevel.Director Preinitializing ...
Invoking preinitialize():  .Toplevel.Actor1
Invoking preinitialize():  .Toplevel.Actor2
Invoking preinitialize():  .Toplevel.Delay
.Toplevel.Director Finished preinitialize().
### Schedule:
Execute Schedule{
Fire Actor ptolemy.domains.sdf.kernel.test.SDFTestDelay {.Toplevel.Actor1}
Fire Actor ptolemy.domains.sdf.kernel.test.SDFTestDelay {.Toplevel.Actor2}
Fire Actor ptolemy.domains.sdf.lib.SampleDelay {.Toplevel.Delay}
}
### End schedule
Called initialize().
Invoking initialize():  .Toplevel.Actor1
Initializing actor: .Toplevel.Actor1.
Invoking initialize():  .Toplevel.Actor2
Initializing actor: .Toplevel.Actor2.
Invoking initialize():  .Toplevel.Delay
Initializing actor: .Toplevel.Delay.
Director: Called prefire().
-- Setting current time to 0.0
Director prefire returns true.
The actor .Toplevel.Actor1 will be iterated.
The actor .Toplevel.Actor1 was iterated.
The actor .Toplevel.Actor2 will be iterated.
The actor .Toplevel.Actor2 was iterated.
The actor .Toplevel.Delay will be iterated.
The actor .Toplevel.Delay was iterated.
Director: Called postfire().
Postfire returns: true
Director: Called prefire().
-- Setting current time to 0.0
Director prefire returns true.
The actor .Toplevel.Actor1 will be iterated.
The actor .Toplevel.Actor1 was iterated.
The actor .Toplevel.Actor2 will be iterated.
The actor .Toplevel.Actor2 was iterated.
The actor .Toplevel.Delay will be iterated.
The actor .Toplevel.Delay was iterated.
Director: Called postfire().
Postfire returns: true
Director: Called prefire().
-- Setting current time to 0.0
Director prefire returns true.
The actor .Toplevel.Actor1 will be iterated.
The actor .Toplevel.Actor1 was iterated.
The actor .Toplevel.Actor2 will be iterated.
The actor .Toplevel.Actor2 was iterated.
The actor .Toplevel.Delay will be iterated.
The actor .Toplevel.Delay was iterated.
Director: Called postfire().
Postfire returns: true
Director: Called prefire().
-- Setting current time to 0.0
Director prefire returns true.
The actor .Toplevel.Actor1 will be iterated.
The actor .Toplevel.Actor1 was iterated.
The actor .Toplevel.Actor2 will be iterated.
The actor .Toplevel.Actor2 was iterated.
The actor .Toplevel.Delay will be iterated.
The actor .Toplevel.Delay was iterated.
Director: Called postfire().
Postfire returns: true
Director: Called prefire().
-- Setting current time to 0.0
Director prefire returns true.
The actor .Toplevel.Actor1 will be iterated.
The actor .Toplevel.Actor1 was iterated.
The actor .Toplevel.Actor2 will be iterated.
The actor .Toplevel.Actor2 was iterated.
The actor .Toplevel.Delay will be iterated.
The actor .Toplevel.Delay was iterated.
Director: Called postfire().
Postfire returns: true
Director: Called prefire().
-- Setting current time to 0.0
Director prefire returns true.
The actor .Toplevel.Actor1 will be iterated.
The actor .Toplevel.Actor1 was iterated.
The actor .Toplevel.Actor2 will be iterated.
The actor .Toplevel.Actor2 was iterated.
The actor .Toplevel.Delay will be iterated.
The actor .Toplevel.Delay was iterated.
Reached specified number of iterations: 6
Director: Called wrapup().
43 ms. Memory: 120832K Free: 56773K (47%)
07/20/19 12:55:20
Failed: 0  Total Tests: 8  ((Passed: 8, Newly Passed: 0)  Known Failed: 0) /home/travis/build/icyphy/ptII/ptolemy/domains/sdf/test
No auto/knownFailedTests/*.xml tests in /home/travis/build/icyphy/ptII/ptolemy/domains/sdf/test
No auto/linux-amd64/*.xml tests in /home/travis/build/icyphy/ptII/ptolemy/domains/sdf/test
AutoTests.java: About to close Vertx.
AutoTests.java: Vertx closed.

===========================================================================================
----------------- testing Sat Jul 20 00:55:21 UTC 2019 /home/travis/build/icyphy/ptII/ptolemy/domains/sdf/test/auto/Array.xml
----------------- Instantiating /home/travis/build/icyphy/ptII/ptolemy/domains/sdf/test/auto/Array.xml
54 ms. Memory: 120832K Free: 103469K (86%)
----------------- Invoking toplevel() on ptolemy.moml.MoMLSimpleApplication@5c09d24e
----------------- Done invoking toplevel() on ptolemy.moml.MoMLSimpleApplication@5c09d24e
reloadAllAccessors: .Array

===========================================================================================
----------------- testing Sat Jul 20 00:55:21 UTC 2019 /home/travis/build/icyphy/ptII/ptolemy/domains/sdf/test/auto/Butterfly.xml
----------------- Instantiating /home/travis/build/icyphy/ptII/ptolemy/domains/sdf/test/auto/Butterfly.xml
122 ms. Memory: 120832K Free: 97864K (81%)
----------------- Invoking toplevel() on ptolemy.moml.MoMLSimpleApplication@4f189c7d
----------------- Done invoking toplevel() on ptolemy.moml.MoMLSimpleApplication@4f189c7d
reloadAllAccessors: .Butterfly

===========================================================================================
----------------- testing Sat Jul 20 00:55:21 UTC 2019 /home/travis/build/icyphy/ptII/ptolemy/domains/sdf/test/auto/Expression.xml
----------------- Instantiating /home/travis/build/icyphy/ptII/ptolemy/domains/sdf/test/auto/Expression.xml
35 ms. Memory: 120832K Free: 93297K (77%)
----------------- Invoking toplevel() on ptolemy.moml.MoMLSimpleApplication@d59b1a6
----------------- Done invoking toplevel() on ptolemy.moml.MoMLSimpleApplication@d59b1a6
reloadAllAccessors: .Expression

===========================================================================================
----------------- testing Sat Jul 20 00:55:21 UTC 2019 /home/travis/build/icyphy/ptII/ptolemy/domains/sdf/test/auto/Eye.xml
----------------- Instantiating /home/travis/build/icyphy/ptII/ptolemy/domains/sdf/test/auto/Eye.xml
155 ms. Memory: 120832K Free: 95369K (79%)
----------------- Invoking toplevel() on ptolemy.moml.MoMLSimpleApplication@29d6687d
----------------- Done invoking toplevel() on ptolemy.moml.MoMLSimpleApplication@29d6687d
reloadAllAccessors: .Eye

===========================================================================================
----------------- testing Sat Jul 20 00:55:22 UTC 2019 /home/travis/build/icyphy/ptII/ptolemy/domains/sdf/test/auto/FixFIR.xml
----------------- Instantiating /home/travis/build/icyphy/ptII/ptolemy/domains/sdf/test/auto/FixFIR.xml
234 ms. Memory: 120832K Free: 105896K (88%)
----------------- Invoking toplevel() on ptolemy.moml.MoMLSimpleApplication@2d6f3ae
----------------- Done invoking toplevel() on ptolemy.moml.MoMLSimpleApplication@2d6f3ae
reloadAllAccessors: .FixFIR

===========================================================================================
----------------- testing Sat Jul 20 00:55:22 UTC 2019 /home/travis/build/icyphy/ptII/ptolemy/domains/sdf/test/auto/FixPoint.xml
----------------- Instantiating /home/travis/build/icyphy/ptII/ptolemy/domains/sdf/test/auto/FixPoint.xml
9 ms. Memory: 120832K Free: 101589K (84%)
----------------- Invoking toplevel() on ptolemy.moml.MoMLSimpleApplication@4c9ac88b
----------------- Done invoking toplevel() on ptolemy.moml.MoMLSimpleApplication@4c9ac88b
reloadAllAccessors: .FixPoint

===========================================================================================
----------------- testing Sat Jul 20 00:55:22 UTC 2019 /home/travis/build/icyphy/ptII/ptolemy/domains/sdf/test/auto/Gravitation.xml
----------------- Instantiating /home/travis/build/icyphy/ptII/ptolemy/domains/sdf/test/auto/Gravitation.xml
3192 ms. Memory: 145408K Free: 76109K (52%)
----------------- Invoking toplevel() on ptolemy.moml.MoMLSimpleApplication@50e541cf
----------------- Done invoking toplevel() on ptolemy.moml.MoMLSimpleApplication@50e541cf
reloadAllAccessors: .Gravitation

===========================================================================================
----------------- testing Sat Jul 20 00:55:25 UTC 2019 /home/travis/build/icyphy/ptII/ptolemy/domains/sdf/test/auto/GravitationWithCollisionDetection.xml
----------------- Instantiating /home/travis/build/icyphy/ptII/ptolemy/domains/sdf/test/auto/GravitationWithCollisionDetection.xml
7089 ms. Memory: 312320K Free: 240762K (77%)
----------------- Invoking toplevel() on ptolemy.moml.MoMLSimpleApplication@2e045e23
----------------- Done invoking toplevel() on ptolemy.moml.MoMLSimpleApplication@2e045e23
reloadAllAccessors: .GravitationWithCollisionDetection

===========================================================================================
----------------- testing Sat Jul 20 00:55:33 UTC 2019 /home/travis/build/icyphy/ptII/ptolemy/domains/sdf/test/auto/HDF.xml
----------------- Instantiating /home/travis/build/icyphy/ptII/ptolemy/domains/sdf/test/auto/HDF.xml
35 ms. Memory: 312320K Free: 225402K (72%)
----------------- Invoking toplevel() on ptolemy.moml.MoMLSimpleApplication@70633a1b
----------------- Done invoking toplevel() on ptolemy.moml.MoMLSimpleApplication@70633a1b
reloadAllAccessors: .HDF

===========================================================================================
----------------- testing Sat Jul 20 00:55:33 UTC 2019 /home/travis/build/icyphy/ptII/ptolemy/domains/sdf/test/auto/HDFwithTransientStates.xml
----------------- Instantiating /home/travis/build/icyphy/ptII/ptolemy/domains/sdf/test/auto/HDFwithTransientStates.xml
29 ms. Memory: 312320K Free: 206456K (66%)
----------------- Invoking toplevel() on ptolemy.moml.MoMLSimpleApplication@61f48473
----------------- Done invoking toplevel() on ptolemy.moml.MoMLSimpleApplication@61f48473
reloadAllAccessors: .HDFwithTransientStates

===========================================================================================
----------------- testing Sat Jul 20 00:55:33 UTC 2019 /home/travis/build/icyphy/ptII/ptolemy/domains/sdf/test/auto/HTVQ.xml
----------------- Instantiating /home/travis/build/icyphy/ptII/ptolemy/domains/sdf/test/auto/HTVQ.xml
870 ms. Memory: 312320K Free: 222414K (71%)
----------------- Invoking toplevel() on ptolemy.moml.MoMLSimpleApplication@267641d5
----------------- Done invoking toplevel() on ptolemy.moml.MoMLSimpleApplication@267641d5
reloadAllAccessors: .HTVQ

===========================================================================================
----------------- testing Sat Jul 20 00:55:34 UTC 2019 /home/travis/build/icyphy/ptII/ptolemy/domains/sdf/test/auto/InferInitProduction.xml
----------------- Instantiating /home/travis/build/icyphy/ptII/ptolemy/domains/sdf/test/auto/InferInitProduction.xml
10 ms. Memory: 312320K Free: 216865K (69%)
----------------- Invoking toplevel() on ptolemy.moml.MoMLSimpleApplication@376eeab0
----------------- Done invoking toplevel() on ptolemy.moml.MoMLSimpleApplication@376eeab0
reloadAllAccessors: .InferInitProduction

===========================================================================================
----------------- testing Sat Jul 20 00:55:34 UTC 2019 /home/travis/build/icyphy/ptII/ptolemy/domains/sdf/test/auto/InferInitProductionDeeper.xml
----------------- Instantiating /home/travis/build/icyphy/ptII/ptolemy/domains/sdf/test/auto/InferInitProductionDeeper.xml
5 ms. Memory: 312320K Free: 210721K (67%)
----------------- Invoking toplevel() on ptolemy.moml.MoMLSimpleApplication@79716b34
----------------- Done invoking toplevel() on ptolemy.moml.MoMLSimpleApplication@79716b34
reloadAllAccessors: .InferInitProductionDeeper

===========================================================================================
----------------- testing Sat Jul 20 00:55:34 UTC 2019 /home/travis/build/icyphy/ptII/ptolemy/domains/sdf/test/auto/LMSAdaptive.xml
----------------- Instantiating /home/travis/build/icyphy/ptII/ptolemy/domains/sdf/test/auto/LMSAdaptive.xml
14 ms. Memory: 312320K Free: 201519K (65%)
----------------- Invoking toplevel() on ptolemy.moml.MoMLSimpleApplication@c028e0e
----------------- Done invoking toplevel() on ptolemy.moml.MoMLSimpleApplication@c028e0e
reloadAllAccessors: .LMSAdaptive

===========================================================================================
----------------- testing Sat Jul 20 00:55:34 UTC 2019 /home/travis/build/icyphy/ptII/ptolemy/domains/sdf/test/auto/LogisticMap.xml
----------------- Instantiating /home/travis/build/icyphy/ptII/ptolemy/domains/sdf/test/auto/LogisticMap.xml
445 ms. Memory: 312320K Free: 195889K (63%)
----------------- Invoking toplevel() on ptolemy.moml.MoMLSimpleApplication@633ff0b8
----------------- Done invoking toplevel() on ptolemy.moml.MoMLSimpleApplication@633ff0b8
reloadAllAccessors: .LogisticMap

===========================================================================================
----------------- testing Sat Jul 20 00:55:34 UTC 2019 /home/travis/build/icyphy/ptII/ptolemy/domains/sdf/test/auto/MaximumEntropySpectrum.xml
----------------- Instantiating /home/travis/build/icyphy/ptII/ptolemy/domains/sdf/test/auto/MaximumEntropySpectrum.xml
81 ms. Memory: 312320K Free: 134449K (43%)
----------------- Invoking toplevel() on ptolemy.moml.MoMLSimpleApplication@7586ce5d
----------------- Done invoking toplevel() on ptolemy.moml.MoMLSimpleApplication@7586ce5d
reloadAllAccessors: .MaximumEntropySpectrum

===========================================================================================
----------------- testing Sat Jul 20 00:55:35 UTC 2019 /home/travis/build/icyphy/ptII/ptolemy/domains/sdf/test/auto/MultirateSDF.xml
----------------- Instantiating /home/travis/build/icyphy/ptII/ptolemy/domains/sdf/test/auto/MultirateSDF.xml
21 ms. Memory: 312320K Free: 120113K (38%)
----------------- Invoking toplevel() on ptolemy.moml.MoMLSimpleApplication@5d7c95f6
----------------- Done invoking toplevel() on ptolemy.moml.MoMLSimpleApplication@5d7c95f6
reloadAllAccessors: .MultirateSDF

===========================================================================================
----------------- testing Sat Jul 20 00:55:35 UTC 2019 /home/travis/build/icyphy/ptII/ptolemy/domains/sdf/test/auto/MultirateSDFwithTransientStates.xml
----------------- Instantiating /home/travis/build/icyphy/ptII/ptolemy/domains/sdf/test/auto/MultirateSDFwithTransientStates.xml
23 ms. Memory: 312320K Free: 286046K (92%)
----------------- Invoking toplevel() on ptolemy.moml.MoMLSimpleApplication@28403ee3
----------------- Done invoking toplevel() on ptolemy.moml.MoMLSimpleApplication@28403ee3
reloadAllAccessors: .MultirateSDFwithTransientStates

===========================================================================================
----------------- testing Sat Jul 20 00:55:35 UTC 2019 /home/travis/build/icyphy/ptII/ptolemy/domains/sdf/test/auto/NoisySinewave.xml
----------------- Instantiating /home/travis/build/icyphy/ptII/ptolemy/domains/sdf/test/auto/NoisySinewave.xml
16 ms. Memory: 312320K Free: 266080K (85%)
----------------- Invoking toplevel() on ptolemy.moml.MoMLSimpleApplication@27ec738
----------------- Done invoking toplevel() on ptolemy.moml.MoMLSimpleApplication@27ec738
reloadAllAccessors: .NoisySinewave

===========================================================================================
----------------- testing Sat Jul 20 00:55:35 UTC 2019 /home/travis/build/icyphy/ptII/ptolemy/domains/sdf/test/auto/Objects.xml
----------------- Instantiating /home/travis/build/icyphy/ptII/ptolemy/domains/sdf/test/auto/Objects.xml
3 ms. Memory: 312320K Free: 257888K (83%)
----------------- Invoking toplevel() on ptolemy.moml.MoMLSimpleApplication@aea233d
----------------- Done invoking toplevel() on ptolemy.moml.MoMLSimpleApplication@aea233d
reloadAllAccessors: .Objects

===========================================================================================
----------------- testing Sat Jul 20 00:55:35 UTC 2019 /home/travis/build/icyphy/ptII/ptolemy/domains/sdf/test/auto/OrthogonalCom.xml
----------------- Instantiating /home/travis/build/icyphy/ptII/ptolemy/domains/sdf/test/auto/OrthogonalCom.xml
7 ms. Memory: 312320K Free: 250206K (80%)
----------------- Invoking toplevel() on ptolemy.moml.MoMLSimpleApplication@10f73f87
----------------- Done invoking toplevel() on ptolemy.moml.MoMLSimpleApplication@10f73f87
reloadAllAccessors: .OrthogonalCom

===========================================================================================
----------------- testing Sat Jul 20 00:55:35 UTC 2019 /home/travis/build/icyphy/ptII/ptolemy/domains/sdf/test/auto/RijndaelEncryption.xml
----------------- Instantiating /home/travis/build/icyphy/ptII/ptolemy/domains/sdf/test/auto/RijndaelEncryption.xml
383 ms. Memory: 312320K Free: 287385K (92%)
----------------- Invoking toplevel() on ptolemy.moml.MoMLSimpleApplication@515e90a9
----------------- Done invoking toplevel() on ptolemy.moml.MoMLSimpleApplication@515e90a9
reloadAllAccessors: .RijndaelEncryption

===========================================================================================
----------------- testing Sat Jul 20 00:55:36 UTC 2019 /home/travis/build/icyphy/ptII/ptolemy/domains/sdf/test/auto/SDFEmptyIterations.xml
----------------- Instantiating /home/travis/build/icyphy/ptII/ptolemy/domains/sdf/test/auto/SDFEmptyIterations.xml
8 ms. Memory: 312320K Free: 282251K (90%)
----------------- Invoking toplevel() on ptolemy.moml.MoMLSimpleApplication@77b97ca8
----------------- Done invoking toplevel() on ptolemy.moml.MoMLSimpleApplication@77b97ca8
reloadAllAccessors: .SDFEmptyIterations

===========================================================================================
----------------- testing Sat Jul 20 00:55:36 UTC 2019 /home/travis/build/icyphy/ptII/ptolemy/domains/sdf/test/auto/Spectrum.xml
----------------- Instantiating /home/travis/build/icyphy/ptII/ptolemy/domains/sdf/test/auto/Spectrum.xml
38 ms. Memory: 312320K Free: 257689K (83%)
----------------- Invoking toplevel() on ptolemy.moml.MoMLSimpleApplication@b57359e
----------------- Done invoking toplevel() on ptolemy.moml.MoMLSimpleApplication@b57359e
reloadAllAccessors: .Spectrum

===========================================================================================
----------------- testing Sat Jul 20 00:55:36 UTC 2019 /home/travis/build/icyphy/ptII/ptolemy/domains/sdf/test/auto/de_inside_sdf.xml
----------------- Instantiating /home/travis/build/icyphy/ptII/ptolemy/domains/sdf/test/auto/de_inside_sdf.xml
7 ms. Memory: 312320K Free: 252539K (81%)
----------------- Invoking toplevel() on ptolemy.moml.MoMLSimpleApplication@5977e8a3
----------------- Done invoking toplevel() on ptolemy.moml.MoMLSimpleApplication@5977e8a3
reloadAllAccessors: .de_inside_sdf

===========================================================================================
----------------- testing Sat Jul 20 00:55:36 UTC 2019 /home/travis/build/icyphy/ptII/ptolemy/domains/sdf/test/auto/disconnectedHierarchicalSDF.xml
----------------- Instantiating /home/travis/build/icyphy/ptII/ptolemy/domains/sdf/test/auto/disconnectedHierarchicalSDF.xml
5 ms. Memory: 312320K Free: 246411K (79%)
----------------- Invoking toplevel() on ptolemy.moml.MoMLSimpleApplication@b2d08da
----------------- Done invoking toplevel() on ptolemy.moml.MoMLSimpleApplication@b2d08da
reloadAllAccessors: .disconnectedHierarchicalSDF

===========================================================================================
----------------- testing Sat Jul 20 00:55:36 UTC 2019 /home/travis/build/icyphy/ptII/ptolemy/domains/sdf/test/auto/disconnectedSDF.xml
----------------- Instantiating /home/travis/build/icyphy/ptII/ptolemy/domains/sdf/test/auto/disconnectedSDF.xml
3 ms. Memory: 312320K Free: 242329K (78%)
----------------- Invoking toplevel() on ptolemy.moml.MoMLSimpleApplication@303948bf
----------------- Done invoking toplevel() on ptolemy.moml.MoMLSimpleApplication@303948bf
reloadAllAccessors: .disconnectedSDF

===========================================================================================
----------------- testing Sat Jul 20 00:55:36 UTC 2019 /home/travis/build/icyphy/ptII/ptolemy/domains/sdf/test/auto/emptyRefinement.xml
----------------- Instantiating /home/travis/build/icyphy/ptII/ptolemy/domains/sdf/test/auto/emptyRefinement.xml
4 ms. Memory: 312320K Free: 237723K (76%)
----------------- Invoking toplevel() on ptolemy.moml.MoMLSimpleApplication@692101b9
----------------- Done invoking toplevel() on ptolemy.moml.MoMLSimpleApplication@692101b9
reloadAllAccessors: .emptyRefinement

===========================================================================================
----------------- testing Sat Jul 20 00:55:36 UTC 2019 /home/travis/build/icyphy/ptII/ptolemy/domains/sdf/test/auto/filePortParameter.xml
----------------- Instantiating /home/travis/build/icyphy/ptII/ptolemy/domains/sdf/test/auto/filePortParameter.xml
21 ms. Memory: 312320K Free: 230555K (74%)
----------------- Invoking toplevel() on ptolemy.moml.MoMLSimpleApplication@35162d22
----------------- Done invoking toplevel() on ptolemy.moml.MoMLSimpleApplication@35162d22
reloadAllAccessors: .filePortParameter

===========================================================================================
----------------- testing Sat Jul 20 00:55:36 UTC 2019 /home/travis/build/icyphy/ptII/ptolemy/domains/sdf/test/auto/inferRelationWidth1.xml
----------------- Instantiating /home/travis/build/icyphy/ptII/ptolemy/domains/sdf/test/auto/inferRelationWidth1.xml
3 ms. Memory: 312320K Free: 227483K (73%)
----------------- Invoking toplevel() on ptolemy.moml.MoMLSimpleApplication@1360c750
----------------- Done invoking toplevel() on ptolemy.moml.MoMLSimpleApplication@1360c750
reloadAllAccessors: .inferRelationWidth1

===========================================================================================
----------------- testing Sat Jul 20 00:55:36 UTC 2019 /home/travis/build/icyphy/ptII/ptolemy/domains/sdf/test/auto/initProductionInference.xml
----------------- Instantiating /home/travis/build/icyphy/ptII/ptolemy/domains/sdf/test/auto/initProductionInference.xml
10 ms. Memory: 312320K Free: 223387K (72%)
----------------- Invoking toplevel() on ptolemy.moml.MoMLSimpleApplication@5b9d1d5b
----------------- Done invoking toplevel() on ptolemy.moml.MoMLSimpleApplication@5b9d1d5b
reloadAllAccessors: .initProductionInference

===========================================================================================
----------------- testing Sat Jul 20 00:55:36 UTC 2019 /home/travis/build/icyphy/ptII/ptolemy/domains/sdf/test/auto/relationGroup.xml
----------------- Instantiating /home/travis/build/icyphy/ptII/ptolemy/domains/sdf/test/auto/relationGroup.xml
2 ms. Memory: 312320K Free: 219801K (70%)
----------------- Invoking toplevel() on ptolemy.moml.MoMLSimpleApplication@43782f22
----------------- Done invoking toplevel() on ptolemy.moml.MoMLSimpleApplication@43782f22
reloadAllAccessors: .relationGroup

===========================================================================================
----------------- testing Sat Jul 20 00:55:36 UTC 2019 /home/travis/build/icyphy/ptII/ptolemy/domains/sdf/test/auto/relationGroup10.xml
----------------- Instantiating /home/travis/build/icyphy/ptII/ptolemy/domains/sdf/test/auto/relationGroup10.xml
2 ms. Memory: 312320K Free: 216219K (69%)
----------------- Invoking toplevel() on ptolemy.moml.MoMLSimpleApplication@6e1e68d4
----------------- Done invoking toplevel() on ptolemy.moml.MoMLSimpleApplication@6e1e68d4
reloadAllAccessors: .relationGroup10

===========================================================================================
----------------- testing Sat Jul 20 00:55:36 UTC 2019 /home/travis/build/icyphy/ptII/ptolemy/domains/sdf/test/auto/relationGroup11.xml
----------------- Instantiating /home/travis/build/icyphy/ptII/ptolemy/domains/sdf/test/auto/relationGroup11.xml
3 ms. Memory: 312320K Free: 212633K (68%)
----------------- Invoking toplevel() on ptolemy.moml.MoMLSimpleApplication@591ccc7e
----------------- Done invoking toplevel() on ptolemy.moml.MoMLSimpleApplication@591ccc7e
reloadAllAccessors: .relationGroup11

===========================================================================================
----------------- testing Sat Jul 20 00:55:36 UTC 2019 /home/travis/build/icyphy/ptII/ptolemy/domains/sdf/test/auto/relationGroup12.xml
----------------- Instantiating /home/travis/build/icyphy/ptII/ptolemy/domains/sdf/test/auto/relationGroup12.xml
3 ms. Memory: 312320K Free: 209051K (67%)
----------------- Invoking toplevel() on ptolemy.moml.MoMLSimpleApplication@65709fb5
----------------- Done invoking toplevel() on ptolemy.moml.MoMLSimpleApplication@65709fb5
reloadAllAccessors: .relationGroup12

===========================================================================================
----------------- testing Sat Jul 20 00:55:36 UTC 2019 /home/travis/build/icyphy/ptII/ptolemy/domains/sdf/test/auto/relationGroup13.xml
----------------- Instantiating /home/travis/build/icyphy/ptII/ptolemy/domains/sdf/test/auto/relationGroup13.xml
10 ms. Memory: 312320K Free: 203931K (65%)
----------------- Invoking toplevel() on ptolemy.moml.MoMLSimpleApplication@6e5e6fd
----------------- Done invoking toplevel() on ptolemy.moml.MoMLSimpleApplication@6e5e6fd
reloadAllAccessors: .relationGroup13

===========================================================================================
----------------- testing Sat Jul 20 00:55:36 UTC 2019 /home/travis/build/icyphy/ptII/ptolemy/domains/sdf/test/auto/relationGroup14.xml
----------------- Instantiating /home/travis/build/icyphy/ptII/ptolemy/domains/sdf/test/auto/relationGroup14.xml
4 ms. Memory: 312320K Free: 199321K (64%)
----------------- Invoking toplevel() on ptolemy.moml.MoMLSimpleApplication@4696b17f
----------------- Done invoking toplevel() on ptolemy.moml.MoMLSimpleApplication@4696b17f
reloadAllAccessors: .relationGroup14

===========================================================================================
----------------- testing Sat Jul 20 00:55:36 UTC 2019 /home/travis/build/icyphy/ptII/ptolemy/domains/sdf/test/auto/relationGroup15.xml
----------------- Instantiating /home/travis/build/icyphy/ptII/ptolemy/domains/sdf/test/auto/relationGroup15.xml
2 ms. Memory: 312320K Free: 195739K (63%)
----------------- Invoking toplevel() on ptolemy.moml.MoMLSimpleApplication@1662b7ae
----------------- Done invoking toplevel() on ptolemy.moml.MoMLSimpleApplication@1662b7ae
reloadAllAccessors: .relationGroup15

===========================================================================================
----------------- testing Sat Jul 20 00:55:36 UTC 2019 /home/travis/build/icyphy/ptII/ptolemy/domains/sdf/test/auto/relationGroup2.xml
----------------- Instantiating /home/travis/build/icyphy/ptII/ptolemy/domains/sdf/test/auto/relationGroup2.xml
2 ms. Memory: 312320K Free: 192667K (62%)
----------------- Invoking toplevel() on ptolemy.moml.MoMLSimpleApplication@3e3f7893
----------------- Done invoking toplevel() on ptolemy.moml.MoMLSimpleApplication@3e3f7893
reloadAllAccessors: .relationGroup2

===========================================================================================
----------------- testing Sat Jul 20 00:55:36 UTC 2019 /home/travis/build/icyphy/ptII/ptolemy/domains/sdf/test/auto/relationGroup3.xml
----------------- Instantiating /home/travis/build/icyphy/ptII/ptolemy/domains/sdf/test/auto/relationGroup3.xml
2 ms. Memory: 312320K Free: 189595K (61%)
----------------- Invoking toplevel() on ptolemy.moml.MoMLSimpleApplication@1ed4a82d
----------------- Done invoking toplevel() on ptolemy.moml.MoMLSimpleApplication@1ed4a82d
reloadAllAccessors: .relationGroup3

===========================================================================================
----------------- testing Sat Jul 20 00:55:36 UTC 2019 /home/travis/build/icyphy/ptII/ptolemy/domains/sdf/test/auto/relationGroup4.xml
----------------- Instantiating /home/travis/build/icyphy/ptII/ptolemy/domains/sdf/test/auto/relationGroup4.xml
8 ms. Memory: 312320K Free: 185499K (59%)
----------------- Invoking toplevel() on ptolemy.moml.MoMLSimpleApplication@25b52041
----------------- Done invoking toplevel() on ptolemy.moml.MoMLSimpleApplication@25b52041
reloadAllAccessors: .relationGroup4

===========================================================================================
----------------- testing Sat Jul 20 00:55:36 UTC 2019 /home/travis/build/icyphy/ptII/ptolemy/domains/sdf/test/auto/relationGroup5.xml
----------------- Instantiating /home/travis/build/icyphy/ptII/ptolemy/domains/sdf/test/auto/relationGroup5.xml
4 ms. Memory: 312320K Free: 180889K (58%)
----------------- Invoking toplevel() on ptolemy.moml.MoMLSimpleApplication@3d5f252d
----------------- Done invoking toplevel() on ptolemy.moml.MoMLSimpleApplication@3d5f252d
reloadAllAccessors: .relationGroup5

===========================================================================================
----------------- testing Sat Jul 20 00:55:36 UTC 2019 /home/travis/build/icyphy/ptII/ptolemy/domains/sdf/test/auto/relationGroup6.xml
----------------- Instantiating /home/travis/build/icyphy/ptII/ptolemy/domains/sdf/test/auto/relationGroup6.xml
6 ms. Memory: 312320K Free: 176793K (57%)
----------------- Invoking toplevel() on ptolemy.moml.MoMLSimpleApplication@1a440034
----------------- Done invoking toplevel() on ptolemy.moml.MoMLSimpleApplication@1a440034
reloadAllAccessors: .relationGroup6

===========================================================================================
----------------- testing Sat Jul 20 00:55:36 UTC 2019 /home/travis/build/icyphy/ptII/ptolemy/domains/sdf/test/auto/relationGroup7.xml
----------------- Instantiating /home/travis/build/icyphy/ptII/ptolemy/domains/sdf/test/auto/relationGroup7.xml
2 ms. Memory: 312320K Free: 173721K (56%)
----------------- Invoking toplevel() on ptolemy.moml.MoMLSimpleApplication@2c9ce57f
----------------- Done invoking toplevel() on ptolemy.moml.MoMLSimpleApplication@2c9ce57f
reloadAllAccessors: .relationGroup7

===========================================================================================
----------------- testing Sat Jul 20 00:55:36 UTC 2019 /home/travis/build/icyphy/ptII/ptolemy/domains/sdf/test/auto/relationGroup8.xml
----------------- Instantiating /home/travis/build/icyphy/ptII/ptolemy/domains/sdf/test/auto/relationGroup8.xml
2 ms. Memory: 312320K Free: 170139K (54%)
----------------- Invoking toplevel() on ptolemy.moml.MoMLSimpleApplication@1bfdadaf
----------------- Done invoking toplevel() on ptolemy.moml.MoMLSimpleApplication@1bfdadaf
reloadAllAccessors: .relationGroup8

===========================================================================================
----------------- testing Sat Jul 20 00:55:36 UTC 2019 /home/travis/build/icyphy/ptII/ptolemy/domains/sdf/test/auto/relationGroup9.xml
----------------- Instantiating /home/travis/build/icyphy/ptII/ptolemy/domains/sdf/test/auto/relationGroup9.xml
5 ms. Memory: 312320K Free: 165529K (53%)
----------------- Invoking toplevel() on ptolemy.moml.MoMLSimpleApplication@630980d6
----------------- Done invoking toplevel() on ptolemy.moml.MoMLSimpleApplication@630980d6
reloadAllAccessors: .relationGroup9

===========================================================================================
----------------- testing Sat Jul 20 00:55:36 UTC 2019 /home/travis/build/icyphy/ptII/ptolemy/domains/sdf/test/auto/sdf_inside_de.xml
----------------- Instantiating /home/travis/build/icyphy/ptII/ptolemy/domains/sdf/test/auto/sdf_inside_de.xml
11 ms. Memory: 312320K Free: 156827K (50%)
----------------- Invoking toplevel() on ptolemy.moml.MoMLSimpleApplication@1450c937
----------------- Done invoking toplevel() on ptolemy.moml.MoMLSimpleApplication@1450c937
reloadAllAccessors: .sdf_inside_de

===========================================================================================
----------------- testing Sat Jul 20 00:55:36 UTC 2019 /home/travis/build/icyphy/ptII/ptolemy/domains/sdf/test/auto/sdf_inside_pn.xml
----------------- Instantiating /home/travis/build/icyphy/ptII/ptolemy/domains/sdf/test/auto/sdf_inside_pn.xml
41 ms. Memory: 312320K Free: 147611K (47%)
----------------- Invoking toplevel() on ptolemy.moml.MoMLSimpleApplication@65011046
----------------- Done invoking toplevel() on ptolemy.moml.MoMLSimpleApplication@65011046
reloadAllAccessors: .sdf_inside_pn

===========================================================================================
----------------- testing Sat Jul 20 00:55:36 UTC 2019 /home/travis/build/icyphy/ptII/ptolemy/domains/sdf/test/auto/sdf_sdf1.xml
----------------- Instantiating /home/travis/build/icyphy/ptII/ptolemy/domains/sdf/test/auto/sdf_sdf1.xml
4 ms. Memory: 312320K Free: 141963K (45%)
----------------- Invoking toplevel() on ptolemy.moml.MoMLSimpleApplication@2c38d983
----------------- Done invoking toplevel() on ptolemy.moml.MoMLSimpleApplication@2c38d983
reloadAllAccessors: .sdf_sdf1

===========================================================================================
----------------- testing Sat Jul 20 00:55:36 UTC 2019 /home/travis/build/icyphy/ptII/ptolemy/domains/sdf/test/auto/test1.xml
----------------- Instantiating /home/travis/build/icyphy/ptII/ptolemy/domains/sdf/test/auto/test1.xml
3 ms. Memory: 312320K Free: 136857K (44%)
----------------- Invoking toplevel() on ptolemy.moml.MoMLSimpleApplication@5d249d3c
----------------- Done invoking toplevel() on ptolemy.moml.MoMLSimpleApplication@5d249d3c
reloadAllAccessors: .test1

===========================================================================================
----------------- testing Sat Jul 20 00:55:36 UTC 2019 /home/travis/build/icyphy/ptII/ptolemy/domains/sdf/test/auto/time1.xml
----------------- Instantiating /home/travis/build/icyphy/ptII/ptolemy/domains/sdf/test/auto/time1.xml
2 ms. Memory: 312320K Free: 133275K (43%)
----------------- Invoking toplevel() on ptolemy.moml.MoMLSimpleApplication@bf6bc74
----------------- Done invoking toplevel() on ptolemy.moml.MoMLSimpleApplication@bf6bc74
reloadAllAccessors: .time1

===========================================================================================
----------------- testing Sat Jul 20 00:55:36 UTC 2019 /home/travis/build/icyphy/ptII/ptolemy/domains/sdf/test/auto/time2.xml
----------------- Instantiating /home/travis/build/icyphy/ptII/ptolemy/domains/sdf/test/auto/time2.xml
4 ms. Memory: 312320K Free: 129689K (42%)
----------------- Invoking toplevel() on ptolemy.moml.MoMLSimpleApplication@1e8ec509
----------------- Done invoking toplevel() on ptolemy.moml.MoMLSimpleApplication@1e8ec509
reloadAllAccessors: .time2

===========================================================================================
----------------- testing Sat Jul 20 00:55:37 UTC 2019 /home/travis/build/icyphy/ptII/ptolemy/domains/sdf/test/auto/time3.xml
----------------- Instantiating /home/travis/build/icyphy/ptII/ptolemy/domains/sdf/test/auto/time3.xml
7 ms. Memory: 312320K Free: 124569K (40%)
----------------- Invoking toplevel() on ptolemy.moml.MoMLSimpleApplication@e663860
----------------- Done invoking toplevel() on ptolemy.moml.MoMLSimpleApplication@e663860
reloadAllAccessors: .time3

===========================================================================================
----------------- testing Sat Jul 20 00:55:37 UTC 2019 /home/travis/build/icyphy/ptII/ptolemy/domains/sdf/test/auto/time4.xml
----------------- Instantiating /home/travis/build/icyphy/ptII/ptolemy/domains/sdf/test/auto/time4.xml
7 ms. Memory: 312320K Free: 118939K (38%)
----------------- Invoking toplevel() on ptolemy.moml.MoMLSimpleApplication@7366c4cc
----------------- Done invoking toplevel() on ptolemy.moml.MoMLSimpleApplication@7366c4cc
reloadAllAccessors: .time4

===========================================================================================
----------------- testing Sat Jul 20 00:55:37 UTC 2019 /home/travis/build/icyphy/ptII/ptolemy/domains/sdf/test/auto/time5.xml
----------------- Instantiating /home/travis/build/icyphy/ptII/ptolemy/domains/sdf/test/auto/time5.xml
4003 ms. Memory: 312320K Free: 115353K (37%)
----------------- Invoking toplevel() on ptolemy.moml.MoMLSimpleApplication@5047fa2
----------------- Done invoking toplevel() on ptolemy.moml.MoMLSimpleApplication@5047fa2
reloadAllAccessors: .time5

===========================================================================================
----------------- testing Sat Jul 20 00:55:41 UTC 2019 /home/travis/build/icyphy/ptII/ptolemy/domains/sdf/test/auto/typeSystem_Const_Integer_smallest_Type.xml
----------------- Instantiating /home/travis/build/icyphy/ptII/ptolemy/domains/sdf/test/auto/typeSystem_Const_Integer_smallest_Type.xml
6 ms. Memory: 312320K Free: 110747K (35%)
----------------- Invoking toplevel() on ptolemy.moml.MoMLSimpleApplication@67b0856c
----------------- Done invoking toplevel() on ptolemy.moml.MoMLSimpleApplication@67b0856c
reloadAllAccessors: .typeSystem_Const_Integer_smallest_Type

===========================================================================================
----------------- testing Sat Jul 20 00:55:41 UTC 2019 /home/travis/build/icyphy/ptII/ptolemy/domains/sdf/test/auto/typeSystem_declared_Inports_OutportTypeException.xml
----------------- Instantiating /home/travis/build/icyphy/ptII/ptolemy/domains/sdf/test/auto/typeSystem_declared_Inports_OutportTypeException.xml
.typeSystem_declared_Inports_OutportTypeException.TestExceptionAttribute: initialize() was not invoked, but wrapup() was.  This is unusual, but not always a problem.  For example, exporting JNLP will do this.
7 ms. Memory: 374784K Free: 354496K (95%)
----------------- Invoking toplevel() on ptolemy.moml.MoMLSimpleApplication@3e98c281
----------------- Done invoking toplevel() on ptolemy.moml.MoMLSimpleApplication@3e98c281
reloadAllAccessors: .typeSystem_declared_Inports_OutportTypeException

===========================================================================================
----------------- testing Sat Jul 20 00:55:41 UTC 2019 /home/travis/build/icyphy/ptII/ptolemy/domains/sdf/test/auto/typeSystem_oneDeclaredInportType_wrongTypeOutport.xml
----------------- Instantiating /home/travis/build/icyphy/ptII/ptolemy/domains/sdf/test/auto/typeSystem_oneDeclaredInportType_wrongTypeOutport.xml
4 ms. Memory: 374784K Free: 350245K (93%)
----------------- Invoking toplevel() on ptolemy.moml.MoMLSimpleApplication@2841e4f2
----------------- Done invoking toplevel() on ptolemy.moml.MoMLSimpleApplication@2841e4f2
reloadAllAccessors: .typeSystem_oneDeclaredInportType_wrongTypeOutport

===========================================================================================
----------------- testing Sat Jul 20 00:55:41 UTC 2019 /home/travis/build/icyphy/ptII/ptolemy/domains/sdf/test/auto/width.xml
----------------- Instantiating /home/travis/build/icyphy/ptII/ptolemy/domains/sdf/test/auto/width.xml
12 ms. Memory: 374784K Free: 346659K (92%)
----------------- Invoking toplevel() on ptolemy.moml.MoMLSimpleApplication@253c3d68
----------------- Done invoking toplevel() on ptolemy.moml.MoMLSimpleApplication@253c3d68
reloadAllAccessors: .width

===========================================================================================
----------------- testing Sat Jul 20 00:55:41 UTC 2019 /home/travis/build/icyphy/ptII/ptolemy/domains/sdf/test/auto/width2.xml
----------------- Instantiating /home/travis/build/icyphy/ptII/ptolemy/domains/sdf/test/auto/width2.xml
26 ms. Memory: 374784K Free: 341539K (91%)
----------------- Invoking toplevel() on ptolemy.moml.MoMLSimpleApplication@7cf57873
----------------- Done invoking toplevel() on ptolemy.moml.MoMLSimpleApplication@7cf57873
reloadAllAccessors: .width2

===========================================================================================
----------------- testing Sat Jul 20 00:55:41 UTC 2019 /home/travis/build/icyphy/ptII/ptolemy/domains/sdf/test/auto/width3.xml
----------------- Instantiating /home/travis/build/icyphy/ptII/ptolemy/domains/sdf/test/auto/width3.xml
30 ms. Memory: 374784K Free: 336419K (90%)
----------------- Invoking toplevel() on ptolemy.moml.MoMLSimpleApplication@545e7e7f
----------------- Done invoking toplevel() on ptolemy.moml.MoMLSimpleApplication@545e7e7f
reloadAllAccessors: .width3
AutoTests.java: About to close Vertx.
AutoTests.java: Vertx closed.
]]></system-out>
  <system-err><![CDATA[java.lang.RuntimeException: Execution failed
	at ptolemy.moml.MoMLSimpleApplication$UnloadThread.run(MoMLSimpleApplication.java:402)
Caused by: ptolemy.actor.sched.NotSchedulableException: No solution exists for the balance equations.
Graph is not consistent under the SDF domain detected on external port .rateConsistency.actor.port2
  in .rateConsistency.SDF Director.Scheduler
	at ptolemy.domains.sdf.kernel.SDFScheduler._propagatePort(SDFScheduler.java:1425)
	at ptolemy.domains.sdf.kernel.SDFScheduler._solveBalanceEquations(SDFScheduler.java:710)
	at ptolemy.domains.sdf.kernel.SDFScheduler._getSchedule(SDFScheduler.java:566)
	at ptolemy.actor.sched.Scheduler.getSchedule(Scheduler.java:189)
	at ptolemy.domains.sdf.kernel.SDFDirector.createSchedule(SDFDirector.java:408)
	at ptolemy.domains.sdf.kernel.SDFDirector.preinitialize(SDFDirector.java:764)
	at ptolemy.actor.CompositeActor.preinitialize(CompositeActor.java:1828)
	at ptolemy.actor.Manager.preinitializeAndResolveTypes(Manager.java:1040)
	at ptolemy.actor.Manager.initialize(Manager.java:710)
	at ptolemy.actor.Manager.execute(Manager.java:356)
	at ptolemy.actor.Manager.run(Manager.java:1263)
	at ptolemy.actor.Manager$PtolemyRunThread.run(Manager.java:1933)
java.lang.RuntimeException: Execution failed
	at ptolemy.moml.MoMLSimpleApplication$UnloadThread.run(MoMLSimpleApplication.java:402)
Caused by: ptolemy.kernel.util.IllegalActionException: Failed to compute schedule:
  in .badRateChanges.typed composite actor.SDF Director
Because:
The SDF rate parameter may change. This is not allowed in SDF models that will be run through the code generator.  If you don't care about code generation, then you might consider setting the allowRateChanges parameter of the SDF director to false.
  in .badRateChanges.typed composite actor.Repeat.output.tokenProductionRate
	at ptolemy.domains.sdf.kernel.SDFDirector.createSchedule(SDFDirector.java:418)
	at ptolemy.domains.sdf.kernel.SDFDirector.preinitialize(SDFDirector.java:764)
	at ptolemy.actor.CompositeActor.preinitialize(CompositeActor.java:1828)
	at ptolemy.actor.Director.preinitialize(Director.java:1302)
	at ptolemy.actor.Director.preinitialize(Director.java:1257)
	at ptolemy.domains.sdf.kernel.SDFDirector.preinitialize(SDFDirector.java:763)
	at ptolemy.actor.CompositeActor.preinitialize(CompositeActor.java:1828)
	at ptolemy.actor.Manager.preinitializeAndResolveTypes(Manager.java:1040)
	at ptolemy.actor.Manager.initialize(Manager.java:710)
	at ptolemy.actor.Manager.execute(Manager.java:356)
	at ptolemy.actor.Manager.run(Manager.java:1263)
	at ptolemy.actor.Manager$PtolemyRunThread.run(Manager.java:1933)
Caused by: ptolemy.kernel.util.IllegalActionException: The SDF rate parameter may change. This is not allowed in SDF models that will be run through the code generator.  If you don't care about code generation, then you might consider setting the allowRateChanges parameter of the SDF director to false.
  in .badRateChanges.typed composite actor.Repeat.output.tokenProductionRate
	at ptolemy.domains.sdf.kernel.SDFScheduler._assertDynamicRateVariable(SDFScheduler.java:931)
	at ptolemy.domains.sdf.kernel.SDFScheduler._checkDynamicRateVariables(SDFScheduler.java:339)
	at ptolemy.domains.sdf.kernel.SDFScheduler._getSchedule(SDFScheduler.java:527)
	at ptolemy.actor.sched.Scheduler.getSchedule(Scheduler.java:189)
	at ptolemy.domains.sdf.kernel.SDFDirector.createSchedule(SDFDirector.java:408)
	... 11 more
java.lang.RuntimeException: Execution failed
	at ptolemy.moml.MoMLSimpleApplication$UnloadThread.run(MoMLSimpleApplication.java:402)
Caused by: ptolemy.kernel.util.IllegalActionException: Failed to compute schedule:
  in .badRateChanges2.typed composite actor.SDF Director
Because:
The SDF rate parameter may change. This is not allowed in SDF models that will be run through the code generator.  If you don't care about code generation, then you might consider setting the allowRateChanges parameter of the SDF director to false.
  in .badRateChanges2.typed composite actor.Repeat.output.tokenProductionRate
	at ptolemy.domains.sdf.kernel.SDFDirector.createSchedule(SDFDirector.java:418)
	at ptolemy.domains.sdf.kernel.SDFDirector.preinitialize(SDFDirector.java:764)
	at ptolemy.actor.CompositeActor.preinitialize(CompositeActor.java:1828)
	at ptolemy.actor.Director.preinitialize(Director.java:1302)
	at ptolemy.actor.Director.preinitialize(Director.java:1257)
	at ptolemy.domains.sdf.kernel.SDFDirector.preinitialize(SDFDirector.java:763)
	at ptolemy.actor.CompositeActor.preinitialize(CompositeActor.java:1828)
	at ptolemy.actor.Manager.preinitializeAndResolveTypes(Manager.java:1040)
	at ptolemy.actor.Manager.initialize(Manager.java:710)
	at ptolemy.actor.Manager.execute(Manager.java:356)
	at ptolemy.actor.Manager.run(Manager.java:1263)
	at ptolemy.actor.Manager$PtolemyRunThread.run(Manager.java:1933)
Caused by: ptolemy.kernel.util.IllegalActionException: The SDF rate parameter may change. This is not allowed in SDF models that will be run through the code generator.  If you don't care about code generation, then you might consider setting the allowRateChanges parameter of the SDF director to false.
  in .badRateChanges2.typed composite actor.Repeat.output.tokenProductionRate
	at ptolemy.domains.sdf.kernel.SDFScheduler._assertDynamicRateVariable(SDFScheduler.java:931)
	at ptolemy.domains.sdf.kernel.SDFScheduler._checkDynamicRateVariables(SDFScheduler.java:339)
	at ptolemy.domains.sdf.kernel.SDFScheduler._getSchedule(SDFScheduler.java:527)
	at ptolemy.actor.sched.Scheduler.getSchedule(Scheduler.java:189)
	at ptolemy.domains.sdf.kernel.SDFDirector.createSchedule(SDFDirector.java:408)
	... 11 more
java.lang.RuntimeException: Execution failed
	at ptolemy.moml.MoMLSimpleApplication$UnloadThread.run(MoMLSimpleApplication.java:402)
Caused by: ptolemy.actor.sched.NotSchedulableException: Actors remain that cannot be scheduled!

There are several possible reasons:
* SDF Graphs with feedback loops should have an actor with a delay in the loop, such as a SampleDelay.
* The SDF director has an "allowDisconnectedGraphs"parameter, which, when true, permits disconnected SDF graphs.
* The token consumption rate and production rates might be mismatched.
Usually, actors produce one token or consume one token on a port.  To produce or consume multiple tokens per firing, add a "tokenConsumptionRate" or "tokenProductionRate" parameter to the appropriate port.
Unscheduled actors:
.partiallyConnected.Const2 
Scheduled actors:
.partiallyConnected.Const 
  in .partiallyConnected.SDF Director.Scheduler
	at ptolemy.domains.sdf.kernel.SDFScheduler._scheduleConnectedActors(SDFScheduler.java:1828)
	at ptolemy.domains.sdf.kernel.SDFScheduler._getSchedule(SDFScheduler.java:587)
	at ptolemy.actor.sched.Scheduler.getSchedule(Scheduler.java:189)
	at ptolemy.domains.sdf.kernel.SDFDirector.createSchedule(SDFDirector.java:408)
	at ptolemy.domains.sdf.kernel.SDFDirector.preinitialize(SDFDirector.java:764)
	at ptolemy.actor.CompositeActor.preinitialize(CompositeActor.java:1828)
	at ptolemy.actor.Manager.preinitializeAndResolveTypes(Manager.java:1040)
	at ptolemy.actor.Manager.initialize(Manager.java:710)
	at ptolemy.actor.Manager.execute(Manager.java:356)
	at ptolemy.actor.Manager.run(Manager.java:1263)
	at ptolemy.actor.Manager$PtolemyRunThread.run(Manager.java:1933)
]]></system-err>
</testsuite>
