<?xml version="1.0" encoding="UTF-8" ?>
<testsuite errors="0" failures="0" hostname="travis-job-3865a300-c4c2-4f3f-9bbf-0b72a8e79479" name="ptolemy.domains.sdf.lib.test.junit.JUnitTclTest" skipped="0" tests="82" time="8.428" timestamp="2020-07-21T15:28:59">
  <properties>
[...]
</properties>
  <testcase classname="ptolemy.util.test.junit.TclTests" name="[0] /home/travis/build/icyphy/ptII/ptolemy/domains/sdf/lib/test/ArrayToSequence.tcl (RunTclFile)" time="0.605" />
  <testcase classname="ptolemy.util.test.junit.TclTests" name="[1] /home/travis/build/icyphy/ptII/ptolemy/domains/sdf/lib/test/BitsToInt.tcl (RunTclFile)" time="0.036" />
  <testcase classname="ptolemy.util.test.junit.TclTests" name="[2] /home/travis/build/icyphy/ptII/ptolemy/domains/sdf/lib/test/DelayLine.tcl (RunTclFile)" time="0.045" />
  <testcase classname="ptolemy.util.test.junit.TclTests" name="[3] /home/travis/build/icyphy/ptII/ptolemy/domains/sdf/lib/test/FFT.tcl (RunTclFile)" time="0.041" />
  <testcase classname="ptolemy.util.test.junit.TclTests" name="[4] /home/travis/build/icyphy/ptII/ptolemy/domains/sdf/lib/test/FIR.tcl (RunTclFile)" time="0.172" />
  <testcase classname="ptolemy.util.test.junit.TclTests" name="[5] /home/travis/build/icyphy/ptII/ptolemy/domains/sdf/lib/test/IntToBits.tcl (RunTclFile)" time="0.048" />
  <testcase classname="ptolemy.util.test.junit.TclTests" name="[6] /home/travis/build/icyphy/ptII/ptolemy/domains/sdf/lib/test/MaximumEntropySpectrum.tcl (RunTclFile)" time="0.408" />
  <testcase classname="ptolemy.util.test.junit.TclTests" name="[7] /home/travis/build/icyphy/ptII/ptolemy/domains/sdf/lib/test/Repeat.tcl (RunTclFile)" time="0.055" />
  <testcase classname="ptolemy.util.test.junit.TclTests" name="[8] /home/travis/build/icyphy/ptII/ptolemy/domains/sdf/lib/test/SampleDelay.tcl (RunTclFile)" time="0.102" />
  <testcase classname="ptolemy.util.test.junit.TclTests" name="[9] /home/travis/build/icyphy/ptII/ptolemy/domains/sdf/lib/test/SequenceToArray.tcl (RunTclFile)" time="0.037" />
  <testcase classname="ptolemy.util.test.junit.AutoKnownFailedTests" name="[0] ThereAreNoKnowFailedTests (RunModel)" time="0.002" />
  <testcase classname="ptolemy.util.test.junit.AutoNameArchTests" name="[0] ThereAreNoAutoArchTests (RunModel)" time="0.003" />
  <testcase classname="ptolemy.util.test.junit.AutoTests" name="[0] /home/travis/build/icyphy/ptII/ptolemy/domains/sdf/lib/test/auto/ArrayToSequence.xml (RunModel)" time="0.217" />
  <testcase classname="ptolemy.util.test.junit.AutoTests" name="[1] /home/travis/build/icyphy/ptII/ptolemy/domains/sdf/lib/test/auto/ArrayToSequenceTest.xml (RunModel)" time="0.054" />
  <testcase classname="ptolemy.util.test.junit.AutoTests" name="[2] /home/travis/build/icyphy/ptII/ptolemy/domains/sdf/lib/test/auto/Autocorrelation.xml (RunModel)" time="0.065" />
  <testcase classname="ptolemy.util.test.junit.AutoTests" name="[3] /home/travis/build/icyphy/ptII/ptolemy/domains/sdf/lib/test/auto/Autocorrelation2.xml (RunModel)" time="0.048" />
  <testcase classname="ptolemy.util.test.junit.AutoTests" name="[4] /home/travis/build/icyphy/ptII/ptolemy/domains/sdf/lib/test/auto/Autocorrelation3.xml (RunModel)" time="0.056" />
  <testcase classname="ptolemy.util.test.junit.AutoTests" name="[5] /home/travis/build/icyphy/ptII/ptolemy/domains/sdf/lib/test/auto/Autocorrelation4.xml (RunModel)" time="0.051" />
  <testcase classname="ptolemy.util.test.junit.AutoTests" name="[6] /home/travis/build/icyphy/ptII/ptolemy/domains/sdf/lib/test/auto/Autocorrelation5.xml (RunModel)" time="0.113" />
  <testcase classname="ptolemy.util.test.junit.AutoTests" name="[7] /home/travis/build/icyphy/ptII/ptolemy/domains/sdf/lib/test/auto/BitsToInt.xml (RunModel)" time="0.022" />
  <testcase classname="ptolemy.util.test.junit.AutoTests" name="[8] /home/travis/build/icyphy/ptII/ptolemy/domains/sdf/lib/test/auto/BooleanJoin.xml (RunModel)" time="0.032" />
  <testcase classname="ptolemy.util.test.junit.AutoTests" name="[9] /home/travis/build/icyphy/ptII/ptolemy/domains/sdf/lib/test/auto/BootstrapSampleDelay.xml (RunModel)" time="0.042" />
  <testcase classname="ptolemy.util.test.junit.AutoTests" name="[10] /home/travis/build/icyphy/ptII/ptolemy/domains/sdf/lib/test/auto/Chop.xml (RunModel)" time="0.067" />
  <testcase classname="ptolemy.util.test.junit.AutoTests" name="[11] /home/travis/build/icyphy/ptII/ptolemy/domains/sdf/lib/test/auto/Chop2.xml (RunModel)" time="0.06" />
  <testcase classname="ptolemy.util.test.junit.AutoTests" name="[12] /home/travis/build/icyphy/ptII/ptolemy/domains/sdf/lib/test/auto/ComplexJoin.xml (RunModel)" time="0.055" />
  <testcase classname="ptolemy.util.test.junit.AutoTests" name="[13] /home/travis/build/icyphy/ptII/ptolemy/domains/sdf/lib/test/auto/CountTrues.xml (RunModel)" time="0.018" />
  <testcase classname="ptolemy.util.test.junit.AutoTests" name="[14] /home/travis/build/icyphy/ptII/ptolemy/domains/sdf/lib/test/auto/DelayLine.xml (RunModel)" time="0.029" />
  <testcase classname="ptolemy.util.test.junit.AutoTests" name="[15] /home/travis/build/icyphy/ptII/ptolemy/domains/sdf/lib/test/auto/DotProduct.xml (RunModel)" time="0.02" />
  <testcase classname="ptolemy.util.test.junit.AutoTests" name="[16] /home/travis/build/icyphy/ptII/ptolemy/domains/sdf/lib/test/auto/DotProductMatrix.xml (RunModel)" time="0.024" />
  <testcase classname="ptolemy.util.test.junit.AutoTests" name="[17] /home/travis/build/icyphy/ptII/ptolemy/domains/sdf/lib/test/auto/DownSample1.xml (RunModel)" time="0.026" />
  <testcase classname="ptolemy.util.test.junit.AutoTests" name="[18] /home/travis/build/icyphy/ptII/ptolemy/domains/sdf/lib/test/auto/DynamicRateChange.xml (RunModel)" time="0.04" />
  <testcase classname="ptolemy.util.test.junit.AutoTests" name="[19] /home/travis/build/icyphy/ptII/ptolemy/domains/sdf/lib/test/auto/DynamicRates.xml (RunModel)" time="0.04" />
  <testcase classname="ptolemy.util.test.junit.AutoTests" name="[20] /home/travis/build/icyphy/ptII/ptolemy/domains/sdf/lib/test/auto/FFT1.xml (RunModel)" time="0.034" />
  <testcase classname="ptolemy.util.test.junit.AutoTests" name="[21] /home/travis/build/icyphy/ptII/ptolemy/domains/sdf/lib/test/auto/FIR1.xml (RunModel)" time="0.054" />
  <testcase classname="ptolemy.util.test.junit.AutoTests" name="[22] /home/travis/build/icyphy/ptII/ptolemy/domains/sdf/lib/test/auto/FIR2.xml (RunModel)" time="0.022" />
  <testcase classname="ptolemy.util.test.junit.AutoTests" name="[23] /home/travis/build/icyphy/ptII/ptolemy/domains/sdf/lib/test/auto/FIR4.xml (RunModel)" time="0.043" />
  <testcase classname="ptolemy.util.test.junit.AutoTests" name="[24] /home/travis/build/icyphy/ptII/ptolemy/domains/sdf/lib/test/auto/FixJoin.xml (RunModel)" time="0.049" />
  <testcase classname="ptolemy.util.test.junit.AutoTests" name="[25] /home/travis/build/icyphy/ptII/ptolemy/domains/sdf/lib/test/auto/IntJoin1.xml (RunModel)" time="0.032" />
  <testcase classname="ptolemy.util.test.junit.AutoTests" name="[26] /home/travis/build/icyphy/ptII/ptolemy/domains/sdf/lib/test/auto/IntJoin2.xml (RunModel)" time="0.031" />
  <testcase classname="ptolemy.util.test.junit.AutoTests" name="[27] /home/travis/build/icyphy/ptII/ptolemy/domains/sdf/lib/test/auto/IntJoin3.xml (RunModel)" time="0.028" />
  <testcase classname="ptolemy.util.test.junit.AutoTests" name="[28] /home/travis/build/icyphy/ptII/ptolemy/domains/sdf/lib/test/auto/IntJoin4.xml (RunModel)" time="0.029" />
  <testcase classname="ptolemy.util.test.junit.AutoTests" name="[29] /home/travis/build/icyphy/ptII/ptolemy/domains/sdf/lib/test/auto/IntJoin5.xml (RunModel)" time="0.034" />
  <testcase classname="ptolemy.util.test.junit.AutoTests" name="[30] /home/travis/build/icyphy/ptII/ptolemy/domains/sdf/lib/test/auto/IntToBits.xml (RunModel)" time="0.028" />
  <testcase classname="ptolemy.util.test.junit.AutoTests" name="[31] /home/travis/build/icyphy/ptII/ptolemy/domains/sdf/lib/test/auto/LMSAdaptive.xml (RunModel)" time="0.062" />
  <testcase classname="ptolemy.util.test.junit.AutoTests" name="[32] /home/travis/build/icyphy/ptII/ptolemy/domains/sdf/lib/test/auto/LMSAdaptiveFIR.xml (RunModel)" time="0.394" />
  <testcase classname="ptolemy.util.test.junit.AutoTests" name="[33] /home/travis/build/icyphy/ptII/ptolemy/domains/sdf/lib/test/auto/LMSAdaptiveFIR2.xml (RunModel)" time="0.483" />
  <testcase classname="ptolemy.util.test.junit.AutoTests" name="[34] /home/travis/build/icyphy/ptII/ptolemy/domains/sdf/lib/test/auto/LongJoin.xml (RunModel)" time="0.037" />
  <testcase classname="ptolemy.util.test.junit.AutoTests" name="[35] /home/travis/build/icyphy/ptII/ptolemy/domains/sdf/lib/test/auto/Matrix1.xml (RunModel)" time="0.021" />
  <testcase classname="ptolemy.util.test.junit.AutoTests" name="[36] /home/travis/build/icyphy/ptII/ptolemy/domains/sdf/lib/test/auto/Matrix2.xml (RunModel)" time="0.018" />
  <testcase classname="ptolemy.util.test.junit.AutoTests" name="[37] /home/travis/build/icyphy/ptII/ptolemy/domains/sdf/lib/test/auto/MatrixJoin1.xml (RunModel)" time="0.022" />
  <testcase classname="ptolemy.util.test.junit.AutoTests" name="[38] /home/travis/build/icyphy/ptII/ptolemy/domains/sdf/lib/test/auto/MatrixJoin2.xml (RunModel)" time="0.017" />
  <testcase classname="ptolemy.util.test.junit.AutoTests" name="[39] /home/travis/build/icyphy/ptII/ptolemy/domains/sdf/lib/test/auto/MatrixJoin3.xml (RunModel)" time="0.021" />
  <testcase classname="ptolemy.util.test.junit.AutoTests" name="[40] /home/travis/build/icyphy/ptII/ptolemy/domains/sdf/lib/test/auto/MatrixJoin4.xml (RunModel)" time="0.035" />
  <testcase classname="ptolemy.util.test.junit.AutoTests" name="[41] /home/travis/build/icyphy/ptII/ptolemy/domains/sdf/lib/test/auto/MatrixJoin5.xml (RunModel)" time="0.014" />
  <testcase classname="ptolemy.util.test.junit.AutoTests" name="[42] /home/travis/build/icyphy/ptII/ptolemy/domains/sdf/lib/test/auto/MatrixSplit1.xml (RunModel)" time="0.023" />
  <testcase classname="ptolemy.util.test.junit.AutoTests" name="[43] /home/travis/build/icyphy/ptII/ptolemy/domains/sdf/lib/test/auto/MatrixSplit10.xml (RunModel)" time="0.02" />
  <testcase classname="ptolemy.util.test.junit.AutoTests" name="[44] /home/travis/build/icyphy/ptII/ptolemy/domains/sdf/lib/test/auto/MatrixSplit11.xml (RunModel)" time="0.017" />
  <testcase classname="ptolemy.util.test.junit.AutoTests" name="[45] /home/travis/build/icyphy/ptII/ptolemy/domains/sdf/lib/test/auto/MatrixSplit12.xml (RunModel)" time="0.019" />
  <testcase classname="ptolemy.util.test.junit.AutoTests" name="[46] /home/travis/build/icyphy/ptII/ptolemy/domains/sdf/lib/test/auto/MatrixSplit13.xml (RunModel)" time="0.021" />
  <testcase classname="ptolemy.util.test.junit.AutoTests" name="[47] /home/travis/build/icyphy/ptII/ptolemy/domains/sdf/lib/test/auto/MatrixSplit14.xml (RunModel)" time="0.014" />
  <testcase classname="ptolemy.util.test.junit.AutoTests" name="[48] /home/travis/build/icyphy/ptII/ptolemy/domains/sdf/lib/test/auto/MatrixSplit2.xml (RunModel)" time="0.012" />
  <testcase classname="ptolemy.util.test.junit.AutoTests" name="[49] /home/travis/build/icyphy/ptII/ptolemy/domains/sdf/lib/test/auto/MatrixSplit3.xml (RunModel)" time="0.013" />
  <testcase classname="ptolemy.util.test.junit.AutoTests" name="[50] /home/travis/build/icyphy/ptII/ptolemy/domains/sdf/lib/test/auto/MatrixSplit4.xml (RunModel)" time="0.013" />
  <testcase classname="ptolemy.util.test.junit.AutoTests" name="[51] /home/travis/build/icyphy/ptII/ptolemy/domains/sdf/lib/test/auto/MatrixSplit5.xml (RunModel)" time="0.022" />
  <testcase classname="ptolemy.util.test.junit.AutoTests" name="[52] /home/travis/build/icyphy/ptII/ptolemy/domains/sdf/lib/test/auto/MatrixSplit6.xml (RunModel)" time="0.015" />
  <testcase classname="ptolemy.util.test.junit.AutoTests" name="[53] /home/travis/build/icyphy/ptII/ptolemy/domains/sdf/lib/test/auto/MatrixSplit7.xml (RunModel)" time="0.01" />
  <testcase classname="ptolemy.util.test.junit.AutoTests" name="[54] /home/travis/build/icyphy/ptII/ptolemy/domains/sdf/lib/test/auto/MatrixSplit8.xml (RunModel)" time="0.011" />
  <testcase classname="ptolemy.util.test.junit.AutoTests" name="[55] /home/travis/build/icyphy/ptII/ptolemy/domains/sdf/lib/test/auto/MatrixSplit9.xml (RunModel)" time="0.026" />
  <testcase classname="ptolemy.util.test.junit.AutoTests" name="[56] /home/travis/build/icyphy/ptII/ptolemy/domains/sdf/lib/test/auto/MatrixToSequence.xml (RunModel)" time="0.039" />
  <testcase classname="ptolemy.util.test.junit.AutoTests" name="[57] /home/travis/build/icyphy/ptII/ptolemy/domains/sdf/lib/test/auto/MaximumEntropySpectrum.xml (RunModel)" time="0.108" />
  <testcase classname="ptolemy.util.test.junit.AutoTests" name="[58] /home/travis/build/icyphy/ptII/ptolemy/domains/sdf/lib/test/auto/SampleDelayConversion.xml (RunModel)" time="0.017" />
  <testcase classname="ptolemy.util.test.junit.AutoTests" name="[59] /home/travis/build/icyphy/ptII/ptolemy/domains/sdf/lib/test/auto/SequenceToArray.xml (RunModel)" time="0.057" />
  <testcase classname="ptolemy.util.test.junit.AutoTests" name="[60] /home/travis/build/icyphy/ptII/ptolemy/domains/sdf/lib/test/auto/SequenceToMatrix.xml (RunModel)" time="2.967" />
  <testcase classname="ptolemy.util.test.junit.AutoTests" name="[61] /home/travis/build/icyphy/ptII/ptolemy/domains/sdf/lib/test/auto/SmoothedPeriodogram.xml (RunModel)" time="0.046" />
  <testcase classname="ptolemy.util.test.junit.AutoTests" name="[62] /home/travis/build/icyphy/ptII/ptolemy/domains/sdf/lib/test/auto/UpDownSample1.xml (RunModel)" time="0.023" />
  <testcase classname="ptolemy.util.test.junit.AutoTests" name="[63] /home/travis/build/icyphy/ptII/ptolemy/domains/sdf/lib/test/auto/UpSample1.xml (RunModel)" time="0.023" />
  <testcase classname="ptolemy.util.test.junit.AutoTests" name="[64] /home/travis/build/icyphy/ptII/ptolemy/domains/sdf/lib/test/auto/VariableFIR.xml (RunModel)" time="0.016" />
  <testcase classname="ptolemy.util.test.junit.AutoTests" name="[65] /home/travis/build/icyphy/ptII/ptolemy/domains/sdf/lib/test/auto/VariableFIR2.xml (RunModel)" time="0.021" />
  <testcase classname="ptolemy.util.test.junit.AutoTests" name="[66] /home/travis/build/icyphy/ptII/ptolemy/domains/sdf/lib/test/auto/VariableLattice.xml (RunModel)" time="0.023" />
  <testcase classname="ptolemy.util.test.junit.AutoTests" name="[67] /home/travis/build/icyphy/ptII/ptolemy/domains/sdf/lib/test/auto/VariableLattice2.xml (RunModel)" time="0.017" />
  <testcase classname="ptolemy.util.test.junit.AutoTests" name="[68] /home/travis/build/icyphy/ptII/ptolemy/domains/sdf/lib/test/auto/VariableRecursiveLattice.xml (RunModel)" time="0.017" />
  <testcase classname="ptolemy.util.test.junit.AutoTests" name="[69] /home/travis/build/icyphy/ptII/ptolemy/domains/sdf/lib/test/auto/VariableRecursiveLattice2.xml (RunModel)" time="0.017" />
  <system-out><![CDATA[/home/travis/build/icyphy/ptII/ptolemy/domains/sdf/lib/test/ArrayToSequence.tcl
testDefs.tcl: setting time out to 9000 seconds at Tue Jul 21 15:28:59 UTC 2020
88 ms. Memory: 129024K Free: 94152K (73%)
25 ms. Memory: 129024K Free: 92104K (71%)
22 ms. Memory: 129024K Free: 90056K (70%)
11 ms. Memory: 129024K Free: 88518K (69%)
/home/travis/build/icyphy/ptII/ptolemy/domains/sdf/lib/test/BitsToInt.tcl
10 ms. Memory: 129024K Free: 86984K (67%)
8 ms. Memory: 129024K Free: 84936K (66%)
/home/travis/build/icyphy/ptII/ptolemy/domains/sdf/lib/test/DelayLine.tcl
13 ms. Memory: 129024K Free: 83383K (65%)
/home/travis/build/icyphy/ptII/ptolemy/domains/sdf/lib/test/FFT.tcl
8 ms. Memory: 129024K Free: 81350K (63%)
/home/travis/build/icyphy/ptII/ptolemy/domains/sdf/lib/test/FIR.tcl
18 ms. Memory: 129024K Free: 79816K (62%)
84 ms. Memory: 129024K Free: 75720K (59%)
ptolemy.kernel.util.IllegalActionException: multiplyReverse method not supported between ptolemy.data.FixToken 'fix(-0.0625,6,2)' and ptolemy.data.IntToken '1' because the types are incomparable.
  in .top.FIRclone
Because:
multiplyReverse method not supported between ptolemy.data.FixToken 'fix(-0.0625,6,2)' and ptolemy.data.IntToken '1' because the types are incomparable.
19 ms. Memory: 129024K Free: 73158K (57%)
/home/travis/build/icyphy/ptII/ptolemy/domains/sdf/lib/test/IntToBits.tcl
10 ms. Memory: 129024K Free: 71624K (56%)
5 ms. Memory: 129024K Free: 70086K (54%)
/home/travis/build/icyphy/ptII/ptolemy/domains/sdf/lib/test/MaximumEntropySpectrum.tcl
/home/travis/build/icyphy/ptII/ptolemy/domains/sdf/lib/test/Repeat.tcl
21 ms. Memory: 129024K Free: 48567K (38%)
/home/travis/build/icyphy/ptII/ptolemy/domains/sdf/lib/test/SampleDelay.tcl
16 ms. Memory: 129024K Free: 113283K (88%)
4 ms. Memory: 129024K Free: 112253K (87%)
8 ms. Memory: 129024K Free: 111235K (86%)
3 ms. Memory: 129024K Free: 110725K (86%)
2 ms. Memory: 129024K Free: 110197K (85%)
8 ms. Memory: 129024K Free: 109701K (85%)
/home/travis/build/icyphy/ptII/ptolemy/domains/sdf/lib/test/SequenceToArray.tcl
6 ms. Memory: 129024K Free: 108147K (84%)
5 ms. Memory: 129024K Free: 107125K (83%)
5 ms. Memory: 129024K Free: 105605K (82%)
5 ms. Memory: 129024K Free: 104581K (81%)
07/21/20 03:29:00
Failed: 0  Total Tests: 41  ((Passed: 41, Newly Passed: 0)  Known Failed: 0) /home/travis/build/icyphy/ptII/ptolemy/domains/sdf/lib/test
No auto/knownFailedTests/*.xml tests in /home/travis/build/icyphy/ptII/ptolemy/domains/sdf/lib/test
No auto/linux-amd64/*.xml tests in /home/travis/build/icyphy/ptII/ptolemy/domains/sdf/lib/test
AutoTests.java: About to close Vertx.
AutoTests.java: Vertx closed.

===========================================================================================
----------------- testing Tue Jul 21 15:29:01 UTC 2020 /home/travis/build/icyphy/ptII/ptolemy/domains/sdf/lib/test/auto/ArrayToSequence.xml
----------------- Instantiating /home/travis/build/icyphy/ptII/ptolemy/domains/sdf/lib/test/auto/ArrayToSequence.xml
19 ms. Memory: 129024K Free: 93384K (72%)
----------------- Invoking toplevel() on ptolemy.moml.MoMLSimpleApplication@29003025
----------------- Done invoking toplevel() on ptolemy.moml.MoMLSimpleApplication@29003025
reloadAllAccessors: .ArrayToSequence

===========================================================================================
----------------- testing Tue Jul 21 15:29:01 UTC 2020 /home/travis/build/icyphy/ptII/ptolemy/domains/sdf/lib/test/auto/ArrayToSequenceTest.xml
----------------- Instantiating /home/travis/build/icyphy/ptII/ptolemy/domains/sdf/lib/test/auto/ArrayToSequenceTest.xml
22 ms. Memory: 129024K Free: 86996K (67%)
----------------- Invoking toplevel() on ptolemy.moml.MoMLSimpleApplication@58f13e03
----------------- Done invoking toplevel() on ptolemy.moml.MoMLSimpleApplication@58f13e03
reloadAllAccessors: .ArrayToSequenceTest

===========================================================================================
----------------- testing Tue Jul 21 15:29:01 UTC 2020 /home/travis/build/icyphy/ptII/ptolemy/domains/sdf/lib/test/auto/Autocorrelation.xml
----------------- Instantiating /home/travis/build/icyphy/ptII/ptolemy/domains/sdf/lib/test/auto/Autocorrelation.xml
5 ms. Memory: 129024K Free: 83144K (64%)
----------------- Invoking toplevel() on ptolemy.moml.MoMLSimpleApplication@6730a5fb
----------------- Done invoking toplevel() on ptolemy.moml.MoMLSimpleApplication@6730a5fb
reloadAllAccessors: .Autocorrelation

===========================================================================================
----------------- testing Tue Jul 21 15:29:01 UTC 2020 /home/travis/build/icyphy/ptII/ptolemy/domains/sdf/lib/test/auto/Autocorrelation2.xml
----------------- Instantiating /home/travis/build/icyphy/ptII/ptolemy/domains/sdf/lib/test/auto/Autocorrelation2.xml
7 ms. Memory: 129024K Free: 109647K (85%)
----------------- Invoking toplevel() on ptolemy.moml.MoMLSimpleApplication@687e8214
----------------- Done invoking toplevel() on ptolemy.moml.MoMLSimpleApplication@687e8214
reloadAllAccessors: .Autocorrelation2

===========================================================================================
----------------- testing Tue Jul 21 15:29:01 UTC 2020 /home/travis/build/icyphy/ptII/ptolemy/domains/sdf/lib/test/auto/Autocorrelation3.xml
----------------- Instantiating /home/travis/build/icyphy/ptII/ptolemy/domains/sdf/lib/test/auto/Autocorrelation3.xml
3 ms. Memory: 129024K Free: 105889K (82%)
----------------- Invoking toplevel() on ptolemy.moml.MoMLSimpleApplication@450d0f48
----------------- Done invoking toplevel() on ptolemy.moml.MoMLSimpleApplication@450d0f48
reloadAllAccessors: .Autocorrelation3

===========================================================================================
----------------- testing Tue Jul 21 15:29:01 UTC 2020 /home/travis/build/icyphy/ptII/ptolemy/domains/sdf/lib/test/auto/Autocorrelation4.xml
----------------- Instantiating /home/travis/build/icyphy/ptII/ptolemy/domains/sdf/lib/test/auto/Autocorrelation4.xml
8 ms. Memory: 129024K Free: 101149K (78%)
----------------- Invoking toplevel() on ptolemy.moml.MoMLSimpleApplication@42026085
----------------- Done invoking toplevel() on ptolemy.moml.MoMLSimpleApplication@42026085
reloadAllAccessors: .Autocorrelation4

===========================================================================================
----------------- testing Tue Jul 21 15:29:01 UTC 2020 /home/travis/build/icyphy/ptII/ptolemy/domains/sdf/lib/test/auto/Autocorrelation5.xml
----------------- Instantiating /home/travis/build/icyphy/ptII/ptolemy/domains/sdf/lib/test/auto/Autocorrelation5.xml
53 ms. Memory: 129024K Free: 94339K (73%)
----------------- Invoking toplevel() on ptolemy.moml.MoMLSimpleApplication@5281cff4
----------------- Done invoking toplevel() on ptolemy.moml.MoMLSimpleApplication@5281cff4
reloadAllAccessors: .Autocorrelation5

===========================================================================================
----------------- testing Tue Jul 21 15:29:01 UTC 2020 /home/travis/build/icyphy/ptII/ptolemy/domains/sdf/lib/test/auto/BitsToInt.xml
----------------- Instantiating /home/travis/build/icyphy/ptII/ptolemy/domains/sdf/lib/test/auto/BitsToInt.xml
3 ms. Memory: 129024K Free: 91237K (71%)
----------------- Invoking toplevel() on ptolemy.moml.MoMLSimpleApplication@a057796
----------------- Done invoking toplevel() on ptolemy.moml.MoMLSimpleApplication@a057796
reloadAllAccessors: .BitsToInt

===========================================================================================
----------------- testing Tue Jul 21 15:29:01 UTC 2020 /home/travis/build/icyphy/ptII/ptolemy/domains/sdf/lib/test/auto/BooleanJoin.xml
----------------- Instantiating /home/travis/build/icyphy/ptII/ptolemy/domains/sdf/lib/test/auto/BooleanJoin.xml
10 ms. Memory: 129024K Free: 86794K (67%)
----------------- Invoking toplevel() on ptolemy.moml.MoMLSimpleApplication@2eb7deaf
----------------- Done invoking toplevel() on ptolemy.moml.MoMLSimpleApplication@2eb7deaf
reloadAllAccessors: .BooleanJoin

===========================================================================================
----------------- testing Tue Jul 21 15:29:02 UTC 2020 /home/travis/build/icyphy/ptII/ptolemy/domains/sdf/lib/test/auto/BootstrapSampleDelay.xml
----------------- Instantiating /home/travis/build/icyphy/ptII/ptolemy/domains/sdf/lib/test/auto/BootstrapSampleDelay.xml
14 ms. Memory: 129024K Free: 83045K (64%)
----------------- Invoking toplevel() on ptolemy.moml.MoMLSimpleApplication@1fcf4824
----------------- Done invoking toplevel() on ptolemy.moml.MoMLSimpleApplication@1fcf4824
reloadAllAccessors: .BootstrapSampleDelay

===========================================================================================
----------------- testing Tue Jul 21 15:29:02 UTC 2020 /home/travis/build/icyphy/ptII/ptolemy/domains/sdf/lib/test/auto/Chop.xml
----------------- Instantiating /home/travis/build/icyphy/ptII/ptolemy/domains/sdf/lib/test/auto/Chop.xml
5 ms. Memory: 129024K Free: 75578K (59%)
----------------- Invoking toplevel() on ptolemy.moml.MoMLSimpleApplication@1773d8d3
----------------- Done invoking toplevel() on ptolemy.moml.MoMLSimpleApplication@1773d8d3
reloadAllAccessors: .Chop

===========================================================================================
----------------- testing Tue Jul 21 15:29:02 UTC 2020 /home/travis/build/icyphy/ptII/ptolemy/domains/sdf/lib/test/auto/Chop2.xml
----------------- Instantiating /home/travis/build/icyphy/ptII/ptolemy/domains/sdf/lib/test/auto/Chop2.xml
9 ms. Memory: 129024K Free: 69378K (54%)
----------------- Invoking toplevel() on ptolemy.moml.MoMLSimpleApplication@35326db6
----------------- Done invoking toplevel() on ptolemy.moml.MoMLSimpleApplication@35326db6
reloadAllAccessors: .Chop2

===========================================================================================
----------------- testing Tue Jul 21 15:29:02 UTC 2020 /home/travis/build/icyphy/ptII/ptolemy/domains/sdf/lib/test/auto/ComplexJoin.xml
----------------- Instantiating /home/travis/build/icyphy/ptII/ptolemy/domains/sdf/lib/test/auto/ComplexJoin.xml
7 ms. Memory: 156672K Free: 137920K (88%)
----------------- Invoking toplevel() on ptolemy.moml.MoMLSimpleApplication@335fb99
----------------- Done invoking toplevel() on ptolemy.moml.MoMLSimpleApplication@335fb99
reloadAllAccessors: .ComplexJoin

===========================================================================================
----------------- testing Tue Jul 21 15:29:02 UTC 2020 /home/travis/build/icyphy/ptII/ptolemy/domains/sdf/lib/test/auto/CountTrues.xml
----------------- Instantiating /home/travis/build/icyphy/ptII/ptolemy/domains/sdf/lib/test/auto/CountTrues.xml
3 ms. Memory: 156672K Free: 134253K (86%)
----------------- Invoking toplevel() on ptolemy.moml.MoMLSimpleApplication@664ece3b
----------------- Done invoking toplevel() on ptolemy.moml.MoMLSimpleApplication@664ece3b
reloadAllAccessors: .CountTrues

===========================================================================================
----------------- testing Tue Jul 21 15:29:02 UTC 2020 /home/travis/build/icyphy/ptII/ptolemy/domains/sdf/lib/test/auto/DelayLine.xml
----------------- Instantiating /home/travis/build/icyphy/ptII/ptolemy/domains/sdf/lib/test/auto/DelayLine.xml
4 ms. Memory: 156672K Free: 129147K (82%)
----------------- Invoking toplevel() on ptolemy.moml.MoMLSimpleApplication@5b6fd09a
----------------- Done invoking toplevel() on ptolemy.moml.MoMLSimpleApplication@5b6fd09a
reloadAllAccessors: .DelayLine

===========================================================================================
----------------- testing Tue Jul 21 15:29:02 UTC 2020 /home/travis/build/icyphy/ptII/ptolemy/domains/sdf/lib/test/auto/DotProduct.xml
----------------- Instantiating /home/travis/build/icyphy/ptII/ptolemy/domains/sdf/lib/test/auto/DotProduct.xml
2 ms. Memory: 156672K Free: 125632K (80%)
----------------- Invoking toplevel() on ptolemy.moml.MoMLSimpleApplication@5c4aeafa
----------------- Done invoking toplevel() on ptolemy.moml.MoMLSimpleApplication@5c4aeafa
reloadAllAccessors: .DotProduct

===========================================================================================
----------------- testing Tue Jul 21 15:29:02 UTC 2020 /home/travis/build/icyphy/ptII/ptolemy/domains/sdf/lib/test/auto/DotProductMatrix.xml
----------------- Instantiating /home/travis/build/icyphy/ptII/ptolemy/domains/sdf/lib/test/auto/DotProductMatrix.xml
3 ms. Memory: 156672K Free: 122965K (78%)
----------------- Invoking toplevel() on ptolemy.moml.MoMLSimpleApplication@621e99e4
----------------- Done invoking toplevel() on ptolemy.moml.MoMLSimpleApplication@621e99e4
reloadAllAccessors: .DotProductMatrix

===========================================================================================
----------------- testing Tue Jul 21 15:29:02 UTC 2020 /home/travis/build/icyphy/ptII/ptolemy/domains/sdf/lib/test/auto/DownSample1.xml
----------------- Instantiating /home/travis/build/icyphy/ptII/ptolemy/domains/sdf/lib/test/auto/DownSample1.xml
5 ms. Memory: 156672K Free: 119893K (77%)
----------------- Invoking toplevel() on ptolemy.moml.MoMLSimpleApplication@74708a6f
----------------- Done invoking toplevel() on ptolemy.moml.MoMLSimpleApplication@74708a6f
reloadAllAccessors: .DownSample1

===========================================================================================
----------------- testing Tue Jul 21 15:29:02 UTC 2020 /home/travis/build/icyphy/ptII/ptolemy/domains/sdf/lib/test/auto/DynamicRateChange.xml
----------------- Instantiating /home/travis/build/icyphy/ptII/ptolemy/domains/sdf/lib/test/auto/DynamicRateChange.xml
12 ms. Memory: 156672K Free: 113787K (73%)
----------------- Invoking toplevel() on ptolemy.moml.MoMLSimpleApplication@47ff2224
----------------- Done invoking toplevel() on ptolemy.moml.MoMLSimpleApplication@47ff2224
reloadAllAccessors: .DynamicRateChange

===========================================================================================
----------------- testing Tue Jul 21 15:29:02 UTC 2020 /home/travis/build/icyphy/ptII/ptolemy/domains/sdf/lib/test/auto/DynamicRates.xml
----------------- Instantiating /home/travis/build/icyphy/ptII/ptolemy/domains/sdf/lib/test/auto/DynamicRates.xml
12 ms. Memory: 156672K Free: 109248K (70%)
----------------- Invoking toplevel() on ptolemy.moml.MoMLSimpleApplication@24a92068
----------------- Done invoking toplevel() on ptolemy.moml.MoMLSimpleApplication@24a92068
reloadAllAccessors: .DynamicRates

===========================================================================================
----------------- testing Tue Jul 21 15:29:02 UTC 2020 /home/travis/build/icyphy/ptII/ptolemy/domains/sdf/lib/test/auto/FFT1.xml
----------------- Instantiating /home/travis/build/icyphy/ptII/ptolemy/domains/sdf/lib/test/auto/FFT1.xml
10 ms. Memory: 156672K Free: 104571K (67%)
----------------- Invoking toplevel() on ptolemy.moml.MoMLSimpleApplication@115d4be8
----------------- Done invoking toplevel() on ptolemy.moml.MoMLSimpleApplication@115d4be8
reloadAllAccessors: .FFT1

===========================================================================================
----------------- testing Tue Jul 21 15:29:02 UTC 2020 /home/travis/build/icyphy/ptII/ptolemy/domains/sdf/lib/test/auto/FIR1.xml
----------------- Instantiating /home/travis/build/icyphy/ptII/ptolemy/domains/sdf/lib/test/auto/FIR1.xml
22 ms. Memory: 156672K Free: 96959K (62%)
----------------- Invoking toplevel() on ptolemy.moml.MoMLSimpleApplication@223bf486
----------------- Done invoking toplevel() on ptolemy.moml.MoMLSimpleApplication@223bf486
reloadAllAccessors: .FIR1

===========================================================================================
----------------- testing Tue Jul 21 15:29:02 UTC 2020 /home/travis/build/icyphy/ptII/ptolemy/domains/sdf/lib/test/auto/FIR2.xml
----------------- Instantiating /home/travis/build/icyphy/ptII/ptolemy/domains/sdf/lib/test/auto/FIR2.xml
4 ms. Memory: 156672K Free: 93866K (60%)
----------------- Invoking toplevel() on ptolemy.moml.MoMLSimpleApplication@52e003d5
----------------- Done invoking toplevel() on ptolemy.moml.MoMLSimpleApplication@52e003d5
reloadAllAccessors: .FIR2

===========================================================================================
----------------- testing Tue Jul 21 15:29:02 UTC 2020 /home/travis/build/icyphy/ptII/ptolemy/domains/sdf/lib/test/auto/FIR4.xml
----------------- Instantiating /home/travis/build/icyphy/ptII/ptolemy/domains/sdf/lib/test/auto/FIR4.xml
6 ms. Memory: 156672K Free: 86139K (55%)
----------------- Invoking toplevel() on ptolemy.moml.MoMLSimpleApplication@499af1fe
----------------- Done invoking toplevel() on ptolemy.moml.MoMLSimpleApplication@499af1fe
reloadAllAccessors: .FIR4

===========================================================================================
----------------- testing Tue Jul 21 15:29:02 UTC 2020 /home/travis/build/icyphy/ptII/ptolemy/domains/sdf/lib/test/auto/FixJoin.xml
----------------- Instantiating /home/travis/build/icyphy/ptII/ptolemy/domains/sdf/lib/test/auto/FixJoin.xml
5 ms. Memory: 156672K Free: 81465K (52%)
----------------- Invoking toplevel() on ptolemy.moml.MoMLSimpleApplication@15a1a909
----------------- Done invoking toplevel() on ptolemy.moml.MoMLSimpleApplication@15a1a909
reloadAllAccessors: .FixJoin

===========================================================================================
----------------- testing Tue Jul 21 15:29:02 UTC 2020 /home/travis/build/icyphy/ptII/ptolemy/domains/sdf/lib/test/auto/IntJoin1.xml
----------------- Instantiating /home/travis/build/icyphy/ptII/ptolemy/domains/sdf/lib/test/auto/IntJoin1.xml
7 ms. Memory: 156672K Free: 77369K (49%)
----------------- Invoking toplevel() on ptolemy.moml.MoMLSimpleApplication@38e7df33
----------------- Done invoking toplevel() on ptolemy.moml.MoMLSimpleApplication@38e7df33
reloadAllAccessors: .IntJoin1

===========================================================================================
----------------- testing Tue Jul 21 15:29:02 UTC 2020 /home/travis/build/icyphy/ptII/ptolemy/domains/sdf/lib/test/auto/IntJoin2.xml
----------------- Instantiating /home/travis/build/icyphy/ptII/ptolemy/domains/sdf/lib/test/auto/IntJoin2.xml
4 ms. Memory: 156672K Free: 139287K (89%)
----------------- Invoking toplevel() on ptolemy.moml.MoMLSimpleApplication@61518572
----------------- Done invoking toplevel() on ptolemy.moml.MoMLSimpleApplication@61518572
reloadAllAccessors: .IntJoin2

===========================================================================================
----------------- testing Tue Jul 21 15:29:02 UTC 2020 /home/travis/build/icyphy/ptII/ptolemy/domains/sdf/lib/test/auto/IntJoin3.xml
----------------- Instantiating /home/travis/build/icyphy/ptII/ptolemy/domains/sdf/lib/test/auto/IntJoin3.xml
5 ms. Memory: 156672K Free: 134772K (86%)
----------------- Invoking toplevel() on ptolemy.moml.MoMLSimpleApplication@6cf35bd6
----------------- Done invoking toplevel() on ptolemy.moml.MoMLSimpleApplication@6cf35bd6
reloadAllAccessors: .IntJoin3

===========================================================================================
----------------- testing Tue Jul 21 15:29:02 UTC 2020 /home/travis/build/icyphy/ptII/ptolemy/domains/sdf/lib/test/auto/IntJoin4.xml
----------------- Instantiating /home/travis/build/icyphy/ptII/ptolemy/domains/sdf/lib/test/auto/IntJoin4.xml
5 ms. Memory: 156672K Free: 130162K (83%)
----------------- Invoking toplevel() on ptolemy.moml.MoMLSimpleApplication@3f34fa1f
----------------- Done invoking toplevel() on ptolemy.moml.MoMLSimpleApplication@3f34fa1f
reloadAllAccessors: .IntJoin4

===========================================================================================
----------------- testing Tue Jul 21 15:29:02 UTC 2020 /home/travis/build/icyphy/ptII/ptolemy/domains/sdf/lib/test/auto/IntJoin5.xml
----------------- Instantiating /home/travis/build/icyphy/ptII/ptolemy/domains/sdf/lib/test/auto/IntJoin5.xml
10 ms. Memory: 156672K Free: 126066K (80%)
----------------- Invoking toplevel() on ptolemy.moml.MoMLSimpleApplication@4d35e580
----------------- Done invoking toplevel() on ptolemy.moml.MoMLSimpleApplication@4d35e580
reloadAllAccessors: .IntJoin5

===========================================================================================
----------------- testing Tue Jul 21 15:29:02 UTC 2020 /home/travis/build/icyphy/ptII/ptolemy/domains/sdf/lib/test/auto/IntToBits.xml
----------------- Instantiating /home/travis/build/icyphy/ptII/ptolemy/domains/sdf/lib/test/auto/IntToBits.xml
6 ms. Memory: 156672K Free: 122484K (78%)
----------------- Invoking toplevel() on ptolemy.moml.MoMLSimpleApplication@7af9482
----------------- Done invoking toplevel() on ptolemy.moml.MoMLSimpleApplication@7af9482
reloadAllAccessors: .IntToBits

===========================================================================================
----------------- testing Tue Jul 21 15:29:02 UTC 2020 /home/travis/build/icyphy/ptII/ptolemy/domains/sdf/lib/test/auto/LMSAdaptive.xml
----------------- Instantiating /home/travis/build/icyphy/ptII/ptolemy/domains/sdf/lib/test/auto/LMSAdaptive.xml
12 ms. Memory: 156672K Free: 114292K (73%)
----------------- Invoking toplevel() on ptolemy.moml.MoMLSimpleApplication@7c5afa5e
----------------- Done invoking toplevel() on ptolemy.moml.MoMLSimpleApplication@7c5afa5e
reloadAllAccessors: .LMSAdaptive

===========================================================================================
----------------- testing Tue Jul 21 15:29:02 UTC 2020 /home/travis/build/icyphy/ptII/ptolemy/domains/sdf/lib/test/auto/LMSAdaptiveFIR.xml
----------------- Instantiating /home/travis/build/icyphy/ptII/ptolemy/domains/sdf/lib/test/auto/LMSAdaptiveFIR.xml
304 ms. Memory: 156672K Free: 79986K (51%)
----------------- Invoking toplevel() on ptolemy.moml.MoMLSimpleApplication@29b36330
----------------- Done invoking toplevel() on ptolemy.moml.MoMLSimpleApplication@29b36330
reloadAllAccessors: .LMSAdaptiveFIR

===========================================================================================
----------------- testing Tue Jul 21 15:29:03 UTC 2020 /home/travis/build/icyphy/ptII/ptolemy/domains/sdf/lib/test/auto/LMSAdaptiveFIR2.xml
----------------- Instantiating /home/travis/build/icyphy/ptII/ptolemy/domains/sdf/lib/test/auto/LMSAdaptiveFIR2.xml
400 ms. Memory: 156672K Free: 99314K (63%)
----------------- Invoking toplevel() on ptolemy.moml.MoMLSimpleApplication@2f26df36
----------------- Done invoking toplevel() on ptolemy.moml.MoMLSimpleApplication@2f26df36
reloadAllAccessors: .LMSAdaptiveFIR2

===========================================================================================
----------------- testing Tue Jul 21 15:29:03 UTC 2020 /home/travis/build/icyphy/ptII/ptolemy/domains/sdf/lib/test/auto/LongJoin.xml
----------------- Instantiating /home/travis/build/icyphy/ptII/ptolemy/domains/sdf/lib/test/auto/LongJoin.xml
5 ms. Memory: 156672K Free: 94813K (61%)
----------------- Invoking toplevel() on ptolemy.moml.MoMLSimpleApplication@53a9dfe3
----------------- Done invoking toplevel() on ptolemy.moml.MoMLSimpleApplication@53a9dfe3
reloadAllAccessors: .LongJoin

===========================================================================================
----------------- testing Tue Jul 21 15:29:03 UTC 2020 /home/travis/build/icyphy/ptII/ptolemy/domains/sdf/lib/test/auto/Matrix1.xml
----------------- Instantiating /home/travis/build/icyphy/ptII/ptolemy/domains/sdf/lib/test/auto/Matrix1.xml
2 ms. Memory: 156672K Free: 90717K (58%)
----------------- Invoking toplevel() on ptolemy.moml.MoMLSimpleApplication@a0b4b71
----------------- Done invoking toplevel() on ptolemy.moml.MoMLSimpleApplication@a0b4b71
reloadAllAccessors: .Matrix1

===========================================================================================
----------------- testing Tue Jul 21 15:29:03 UTC 2020 /home/travis/build/icyphy/ptII/ptolemy/domains/sdf/lib/test/auto/Matrix2.xml
----------------- Instantiating /home/travis/build/icyphy/ptII/ptolemy/domains/sdf/lib/test/auto/Matrix2.xml
4 ms. Memory: 156672K Free: 86621K (55%)
----------------- Invoking toplevel() on ptolemy.moml.MoMLSimpleApplication@5f755ed7
----------------- Done invoking toplevel() on ptolemy.moml.MoMLSimpleApplication@5f755ed7
reloadAllAccessors: .Matrix2

===========================================================================================
----------------- testing Tue Jul 21 15:29:03 UTC 2020 /home/travis/build/icyphy/ptII/ptolemy/domains/sdf/lib/test/auto/MatrixJoin1.xml
----------------- Instantiating /home/travis/build/icyphy/ptII/ptolemy/domains/sdf/lib/test/auto/MatrixJoin1.xml
2 ms. Memory: 156672K Free: 82525K (53%)
----------------- Invoking toplevel() on ptolemy.moml.MoMLSimpleApplication@7601f21f
----------------- Done invoking toplevel() on ptolemy.moml.MoMLSimpleApplication@7601f21f
reloadAllAccessors: .MatrixJoin1

===========================================================================================
----------------- testing Tue Jul 21 15:29:03 UTC 2020 /home/travis/build/icyphy/ptII/ptolemy/domains/sdf/lib/test/auto/MatrixJoin2.xml
----------------- Instantiating /home/travis/build/icyphy/ptII/ptolemy/domains/sdf/lib/test/auto/MatrixJoin2.xml
3 ms. Memory: 156672K Free: 77915K (50%)
----------------- Invoking toplevel() on ptolemy.moml.MoMLSimpleApplication@5e8a984f
----------------- Done invoking toplevel() on ptolemy.moml.MoMLSimpleApplication@5e8a984f
reloadAllAccessors: .MatrixJoin2

===========================================================================================
----------------- testing Tue Jul 21 15:29:03 UTC 2020 /home/travis/build/icyphy/ptII/ptolemy/domains/sdf/lib/test/auto/MatrixJoin3.xml
----------------- Instantiating /home/travis/build/icyphy/ptII/ptolemy/domains/sdf/lib/test/auto/MatrixJoin3.xml
5 ms. Memory: 156672K Free: 73309K (47%)
----------------- Invoking toplevel() on ptolemy.moml.MoMLSimpleApplication@5059c6be
----------------- Done invoking toplevel() on ptolemy.moml.MoMLSimpleApplication@5059c6be
reloadAllAccessors: .MatrixJoin3

===========================================================================================
----------------- testing Tue Jul 21 15:29:03 UTC 2020 /home/travis/build/icyphy/ptII/ptolemy/domains/sdf/lib/test/auto/MatrixJoin4.xml
----------------- Instantiating /home/travis/build/icyphy/ptII/ptolemy/domains/sdf/lib/test/auto/MatrixJoin4.xml
2 ms. Memory: 156672K Free: 69213K (44%)
----------------- Invoking toplevel() on ptolemy.moml.MoMLSimpleApplication@157606ed
----------------- Done invoking toplevel() on ptolemy.moml.MoMLSimpleApplication@157606ed
reloadAllAccessors: .MatrixJoin4

===========================================================================================
----------------- testing Tue Jul 21 15:29:03 UTC 2020 /home/travis/build/icyphy/ptII/ptolemy/domains/sdf/lib/test/auto/MatrixJoin5.xml
----------------- Instantiating /home/travis/build/icyphy/ptII/ptolemy/domains/sdf/lib/test/auto/MatrixJoin5.xml
2 ms. Memory: 156672K Free: 64603K (41%)
----------------- Invoking toplevel() on ptolemy.moml.MoMLSimpleApplication@31644fb3
----------------- Done invoking toplevel() on ptolemy.moml.MoMLSimpleApplication@31644fb3
reloadAllAccessors: .MatrixJoin5

===========================================================================================
----------------- testing Tue Jul 21 15:29:03 UTC 2020 /home/travis/build/icyphy/ptII/ptolemy/domains/sdf/lib/test/auto/MatrixSplit1.xml
----------------- Instantiating /home/travis/build/icyphy/ptII/ptolemy/domains/sdf/lib/test/auto/MatrixSplit1.xml
3 ms. Memory: 156672K Free: 59483K (38%)
----------------- Invoking toplevel() on ptolemy.moml.MoMLSimpleApplication@61d1e517
----------------- Done invoking toplevel() on ptolemy.moml.MoMLSimpleApplication@61d1e517
reloadAllAccessors: .MatrixSplit1

===========================================================================================
----------------- testing Tue Jul 21 15:29:04 UTC 2020 /home/travis/build/icyphy/ptII/ptolemy/domains/sdf/lib/test/auto/MatrixSplit10.xml
----------------- Instantiating /home/travis/build/icyphy/ptII/ptolemy/domains/sdf/lib/test/auto/MatrixSplit10.xml
1 ms. Memory: 156672K Free: 139050K (89%)
----------------- Invoking toplevel() on ptolemy.moml.MoMLSimpleApplication@2f941690
----------------- Done invoking toplevel() on ptolemy.moml.MoMLSimpleApplication@2f941690
reloadAllAccessors: .MatrixSplit10

===========================================================================================
----------------- testing Tue Jul 21 15:29:04 UTC 2020 /home/travis/build/icyphy/ptII/ptolemy/domains/sdf/lib/test/auto/MatrixSplit11.xml
----------------- Instantiating /home/travis/build/icyphy/ptII/ptolemy/domains/sdf/lib/test/auto/MatrixSplit11.xml
3 ms. Memory: 156672K Free: 135482K (86%)
----------------- Invoking toplevel() on ptolemy.moml.MoMLSimpleApplication@68fddc37
----------------- Done invoking toplevel() on ptolemy.moml.MoMLSimpleApplication@68fddc37
reloadAllAccessors: .MatrixSplit11

===========================================================================================
----------------- testing Tue Jul 21 15:29:04 UTC 2020 /home/travis/build/icyphy/ptII/ptolemy/domains/sdf/lib/test/auto/MatrixSplit12.xml
----------------- Instantiating /home/travis/build/icyphy/ptII/ptolemy/domains/sdf/lib/test/auto/MatrixSplit12.xml
2 ms. Memory: 156672K Free: 131896K (84%)
----------------- Invoking toplevel() on ptolemy.moml.MoMLSimpleApplication@6d76c5ce
----------------- Done invoking toplevel() on ptolemy.moml.MoMLSimpleApplication@6d76c5ce
reloadAllAccessors: .MatrixSplit12

===========================================================================================
----------------- testing Tue Jul 21 15:29:04 UTC 2020 /home/travis/build/icyphy/ptII/ptolemy/domains/sdf/lib/test/auto/MatrixSplit13.xml
----------------- Instantiating /home/travis/build/icyphy/ptII/ptolemy/domains/sdf/lib/test/auto/MatrixSplit13.xml
6 ms. Memory: 156672K Free: 128314K (82%)
----------------- Invoking toplevel() on ptolemy.moml.MoMLSimpleApplication@46017768
----------------- Done invoking toplevel() on ptolemy.moml.MoMLSimpleApplication@46017768
reloadAllAccessors: .MatrixSplit13

===========================================================================================
----------------- testing Tue Jul 21 15:29:04 UTC 2020 /home/travis/build/icyphy/ptII/ptolemy/domains/sdf/lib/test/auto/MatrixSplit14.xml
----------------- Instantiating /home/travis/build/icyphy/ptII/ptolemy/domains/sdf/lib/test/auto/MatrixSplit14.xml
2 ms. Memory: 156672K Free: 124728K (80%)
----------------- Invoking toplevel() on ptolemy.moml.MoMLSimpleApplication@2c855e7f
----------------- Done invoking toplevel() on ptolemy.moml.MoMLSimpleApplication@2c855e7f
reloadAllAccessors: .MatrixSplit14

===========================================================================================
----------------- testing Tue Jul 21 15:29:04 UTC 2020 /home/travis/build/icyphy/ptII/ptolemy/domains/sdf/lib/test/auto/MatrixSplit2.xml
----------------- Instantiating /home/travis/build/icyphy/ptII/ptolemy/domains/sdf/lib/test/auto/MatrixSplit2.xml
2 ms. Memory: 156672K Free: 121146K (77%)
----------------- Invoking toplevel() on ptolemy.moml.MoMLSimpleApplication@743d6d7b
----------------- Done invoking toplevel() on ptolemy.moml.MoMLSimpleApplication@743d6d7b
reloadAllAccessors: .MatrixSplit2

===========================================================================================
----------------- testing Tue Jul 21 15:29:04 UTC 2020 /home/travis/build/icyphy/ptII/ptolemy/domains/sdf/lib/test/auto/MatrixSplit3.xml
----------------- Instantiating /home/travis/build/icyphy/ptII/ptolemy/domains/sdf/lib/test/auto/MatrixSplit3.xml
2 ms. Memory: 156672K Free: 117560K (75%)
----------------- Invoking toplevel() on ptolemy.moml.MoMLSimpleApplication@424a55f4
----------------- Done invoking toplevel() on ptolemy.moml.MoMLSimpleApplication@424a55f4
reloadAllAccessors: .MatrixSplit3

===========================================================================================
----------------- testing Tue Jul 21 15:29:04 UTC 2020 /home/travis/build/icyphy/ptII/ptolemy/domains/sdf/lib/test/auto/MatrixSplit4.xml
----------------- Instantiating /home/travis/build/icyphy/ptII/ptolemy/domains/sdf/lib/test/auto/MatrixSplit4.xml
2 ms. Memory: 156672K Free: 113978K (73%)
----------------- Invoking toplevel() on ptolemy.moml.MoMLSimpleApplication@526c7cc
----------------- Done invoking toplevel() on ptolemy.moml.MoMLSimpleApplication@526c7cc
reloadAllAccessors: .MatrixSplit4

===========================================================================================
----------------- testing Tue Jul 21 15:29:04 UTC 2020 /home/travis/build/icyphy/ptII/ptolemy/domains/sdf/lib/test/auto/MatrixSplit5.xml
----------------- Instantiating /home/travis/build/icyphy/ptII/ptolemy/domains/sdf/lib/test/auto/MatrixSplit5.xml
10 ms. Memory: 156672K Free: 110392K (70%)
----------------- Invoking toplevel() on ptolemy.moml.MoMLSimpleApplication@697351b8
----------------- Done invoking toplevel() on ptolemy.moml.MoMLSimpleApplication@697351b8
reloadAllAccessors: .MatrixSplit5

===========================================================================================
----------------- testing Tue Jul 21 15:29:04 UTC 2020 /home/travis/build/icyphy/ptII/ptolemy/domains/sdf/lib/test/auto/MatrixSplit6.xml
----------------- Instantiating /home/travis/build/icyphy/ptII/ptolemy/domains/sdf/lib/test/auto/MatrixSplit6.xml
2 ms. Memory: 156672K Free: 106810K (68%)
----------------- Invoking toplevel() on ptolemy.moml.MoMLSimpleApplication@6491cd43
----------------- Done invoking toplevel() on ptolemy.moml.MoMLSimpleApplication@6491cd43
reloadAllAccessors: .MatrixSplit6

===========================================================================================
----------------- testing Tue Jul 21 15:29:04 UTC 2020 /home/travis/build/icyphy/ptII/ptolemy/domains/sdf/lib/test/auto/MatrixSplit7.xml
----------------- Instantiating /home/travis/build/icyphy/ptII/ptolemy/domains/sdf/lib/test/auto/MatrixSplit7.xml
2 ms. Memory: 156672K Free: 103224K (66%)
----------------- Invoking toplevel() on ptolemy.moml.MoMLSimpleApplication@3b260b5e
----------------- Done invoking toplevel() on ptolemy.moml.MoMLSimpleApplication@3b260b5e
reloadAllAccessors: .MatrixSplit7

===========================================================================================
----------------- testing Tue Jul 21 15:29:04 UTC 2020 /home/travis/build/icyphy/ptII/ptolemy/domains/sdf/lib/test/auto/MatrixSplit8.xml
----------------- Instantiating /home/travis/build/icyphy/ptII/ptolemy/domains/sdf/lib/test/auto/MatrixSplit8.xml
2 ms. Memory: 156672K Free: 99642K (64%)
----------------- Invoking toplevel() on ptolemy.moml.MoMLSimpleApplication@115eda4c
----------------- Done invoking toplevel() on ptolemy.moml.MoMLSimpleApplication@115eda4c
reloadAllAccessors: .MatrixSplit8

===========================================================================================
----------------- testing Tue Jul 21 15:29:04 UTC 2020 /home/travis/build/icyphy/ptII/ptolemy/domains/sdf/lib/test/auto/MatrixSplit9.xml
----------------- Instantiating /home/travis/build/icyphy/ptII/ptolemy/domains/sdf/lib/test/auto/MatrixSplit9.xml
3 ms. Memory: 156672K Free: 96056K (61%)
----------------- Invoking toplevel() on ptolemy.moml.MoMLSimpleApplication@32a54393
----------------- Done invoking toplevel() on ptolemy.moml.MoMLSimpleApplication@32a54393
reloadAllAccessors: .MatrixSplit9

===========================================================================================
----------------- testing Tue Jul 21 15:29:04 UTC 2020 /home/travis/build/icyphy/ptII/ptolemy/domains/sdf/lib/test/auto/MatrixToSequence.xml
----------------- Instantiating /home/travis/build/icyphy/ptII/ptolemy/domains/sdf/lib/test/auto/MatrixToSequence.xml
13 ms. Memory: 156672K Free: 86798K (55%)
----------------- Invoking toplevel() on ptolemy.moml.MoMLSimpleApplication@2f9f6ca0
----------------- Done invoking toplevel() on ptolemy.moml.MoMLSimpleApplication@2f9f6ca0
reloadAllAccessors: .MatrixToSequence

===========================================================================================
----------------- testing Tue Jul 21 15:29:04 UTC 2020 /home/travis/build/icyphy/ptII/ptolemy/domains/sdf/lib/test/auto/MaximumEntropySpectrum.xml
----------------- Instantiating /home/travis/build/icyphy/ptII/ptolemy/domains/sdf/lib/test/auto/MaximumEntropySpectrum.xml
10 ms. Memory: 156672K Free: 65850K (42%)
----------------- Invoking toplevel() on ptolemy.moml.MoMLSimpleApplication@459be1a0
----------------- Done invoking toplevel() on ptolemy.moml.MoMLSimpleApplication@459be1a0
reloadAllAccessors: .MaximumEntropySpectrum

===========================================================================================
----------------- testing Tue Jul 21 15:29:04 UTC 2020 /home/travis/build/icyphy/ptII/ptolemy/domains/sdf/lib/test/auto/SampleDelayConversion.xml
----------------- Instantiating /home/travis/build/icyphy/ptII/ptolemy/domains/sdf/lib/test/auto/SampleDelayConversion.xml
1 ms. Memory: 156672K Free: 62264K (40%)
----------------- Invoking toplevel() on ptolemy.moml.MoMLSimpleApplication@192a4f50
----------------- Done invoking toplevel() on ptolemy.moml.MoMLSimpleApplication@192a4f50
reloadAllAccessors: .SampleDelayConversion

===========================================================================================
----------------- testing Tue Jul 21 15:29:04 UTC 2020 /home/travis/build/icyphy/ptII/ptolemy/domains/sdf/lib/test/auto/SequenceToArray.xml
----------------- Instantiating /home/travis/build/icyphy/ptII/ptolemy/domains/sdf/lib/test/auto/SequenceToArray.xml
10 ms. Memory: 156672K Free: 136718K (87%)
----------------- Invoking toplevel() on ptolemy.moml.MoMLSimpleApplication@3398840c
----------------- Done invoking toplevel() on ptolemy.moml.MoMLSimpleApplication@3398840c
reloadAllAccessors: .SequenceToArray

===========================================================================================
----------------- testing Tue Jul 21 15:29:04 UTC 2020 /home/travis/build/icyphy/ptII/ptolemy/domains/sdf/lib/test/auto/SequenceToMatrix.xml
----------------- Instantiating /home/travis/build/icyphy/ptII/ptolemy/domains/sdf/lib/test/auto/SequenceToMatrix.xml
2948 ms. Memory: 156672K Free: 71366K (46%)
----------------- Invoking toplevel() on ptolemy.moml.MoMLSimpleApplication@40183335
----------------- Done invoking toplevel() on ptolemy.moml.MoMLSimpleApplication@40183335
reloadAllAccessors: .SequenceToMatrix

===========================================================================================
----------------- testing Tue Jul 21 15:29:07 UTC 2020 /home/travis/build/icyphy/ptII/ptolemy/domains/sdf/lib/test/auto/SmoothedPeriodogram.xml
----------------- Instantiating /home/travis/build/icyphy/ptII/ptolemy/domains/sdf/lib/test/auto/SmoothedPeriodogram.xml
8 ms. Memory: 156672K Free: 56006K (36%)
----------------- Invoking toplevel() on ptolemy.moml.MoMLSimpleApplication@a446713
----------------- Done invoking toplevel() on ptolemy.moml.MoMLSimpleApplication@a446713
reloadAllAccessors: .SmoothedPeriodogram

===========================================================================================
----------------- testing Tue Jul 21 15:29:07 UTC 2020 /home/travis/build/icyphy/ptII/ptolemy/domains/sdf/lib/test/auto/UpDownSample1.xml
----------------- Instantiating /home/travis/build/icyphy/ptII/ptolemy/domains/sdf/lib/test/auto/UpDownSample1.xml
4 ms. Memory: 156672K Free: 51910K (33%)
----------------- Invoking toplevel() on ptolemy.moml.MoMLSimpleApplication@7c8f50a4
----------------- Done invoking toplevel() on ptolemy.moml.MoMLSimpleApplication@7c8f50a4
reloadAllAccessors: .UpDownSample1

===========================================================================================
----------------- testing Tue Jul 21 15:29:07 UTC 2020 /home/travis/build/icyphy/ptII/ptolemy/domains/sdf/lib/test/auto/UpSample1.xml
----------------- Instantiating /home/travis/build/icyphy/ptII/ptolemy/domains/sdf/lib/test/auto/UpSample1.xml
10 ms. Memory: 156672K Free: 139734K (89%)
----------------- Invoking toplevel() on ptolemy.moml.MoMLSimpleApplication@f29074e
----------------- Done invoking toplevel() on ptolemy.moml.MoMLSimpleApplication@f29074e
reloadAllAccessors: .UpSample1

===========================================================================================
----------------- testing Tue Jul 21 15:29:07 UTC 2020 /home/travis/build/icyphy/ptII/ptolemy/domains/sdf/lib/test/auto/VariableFIR.xml
----------------- Instantiating /home/travis/build/icyphy/ptII/ptolemy/domains/sdf/lib/test/auto/VariableFIR.xml
3 ms. Memory: 156672K Free: 134100K (86%)
----------------- Invoking toplevel() on ptolemy.moml.MoMLSimpleApplication@1124fccd
----------------- Done invoking toplevel() on ptolemy.moml.MoMLSimpleApplication@1124fccd
reloadAllAccessors: .VariableFIR

===========================================================================================
----------------- testing Tue Jul 21 15:29:07 UTC 2020 /home/travis/build/icyphy/ptII/ptolemy/domains/sdf/lib/test/auto/VariableFIR2.xml
----------------- Instantiating /home/travis/build/icyphy/ptII/ptolemy/domains/sdf/lib/test/auto/VariableFIR2.xml
3 ms. Memory: 156672K Free: 128950K (82%)
----------------- Invoking toplevel() on ptolemy.moml.MoMLSimpleApplication@5b1078d9
----------------- Done invoking toplevel() on ptolemy.moml.MoMLSimpleApplication@5b1078d9
reloadAllAccessors: .VariableFIR2

===========================================================================================
----------------- testing Tue Jul 21 15:29:07 UTC 2020 /home/travis/build/icyphy/ptII/ptolemy/domains/sdf/lib/test/auto/VariableLattice.xml
----------------- Instantiating /home/travis/build/icyphy/ptII/ptolemy/domains/sdf/lib/test/auto/VariableLattice.xml
3 ms. Memory: 156672K Free: 122836K (78%)
----------------- Invoking toplevel() on ptolemy.moml.MoMLSimpleApplication@12b2e991
----------------- Done invoking toplevel() on ptolemy.moml.MoMLSimpleApplication@12b2e991
reloadAllAccessors: .VariableLattice

===========================================================================================
----------------- testing Tue Jul 21 15:29:07 UTC 2020 /home/travis/build/icyphy/ptII/ptolemy/domains/sdf/lib/test/auto/VariableLattice2.xml
----------------- Instantiating /home/travis/build/icyphy/ptII/ptolemy/domains/sdf/lib/test/auto/VariableLattice2.xml
1.0
-1.999999602036
1.9099998677481
-0.9099996420674
0.205
0.0
0.0
1.0
-0.25
-0.5
0.0
0.0
0.0
0.0
3 ms. Memory: 156672K Free: 118230K (75%)
----------------- Invoking toplevel() on ptolemy.moml.MoMLSimpleApplication@1087feb6
----------------- Done invoking toplevel() on ptolemy.moml.MoMLSimpleApplication@1087feb6
reloadAllAccessors: .VariableLattice2

===========================================================================================
----------------- testing Tue Jul 21 15:29:07 UTC 2020 /home/travis/build/icyphy/ptII/ptolemy/domains/sdf/lib/test/auto/VariableRecursiveLattice.xml
----------------- Instantiating /home/travis/build/icyphy/ptII/ptolemy/domains/sdf/lib/test/auto/VariableRecursiveLattice.xml
2 ms. Memory: 156672K Free: 113620K (73%)
----------------- Invoking toplevel() on ptolemy.moml.MoMLSimpleApplication@42866eab
----------------- Done invoking toplevel() on ptolemy.moml.MoMLSimpleApplication@42866eab
reloadAllAccessors: .VariableRecursiveLattice

===========================================================================================
----------------- testing Tue Jul 21 15:29:07 UTC 2020 /home/travis/build/icyphy/ptII/ptolemy/domains/sdf/lib/test/auto/VariableRecursiveLattice2.xml
----------------- Instantiating /home/travis/build/icyphy/ptII/ptolemy/domains/sdf/lib/test/auto/VariableRecursiveLattice2.xml
5 ms. Memory: 156672K Free: 109524K (70%)
----------------- Invoking toplevel() on ptolemy.moml.MoMLSimpleApplication@558d5fcc
----------------- Done invoking toplevel() on ptolemy.moml.MoMLSimpleApplication@558d5fcc
reloadAllAccessors: .VariableRecursiveLattice2
AutoTests.java: About to close Vertx.
AutoTests.java: Vertx closed.
]]></system-out>
  <system-err><![CDATA[]]></system-err>
</testsuite>
