<?xml version="1.0" encoding="UTF-8" ?>
<testsuite errors="0" failures="0" hostname="travis-job-f2091abb-dbac-4cd6-b19d-c7f6d870de72" name="ptolemy.domains.continuous.test.junit.JUnitTclTest" skipped="0" tests="156" time="78.053" timestamp="2019-09-29T05:44:32">
  <properties>
[...]
</properties>
  <testcase classname="ptolemy.util.test.junit.TclTests" name="[0] ThereAreNoTclTests (RunTclFile)" time="0.022" />
  <testcase classname="ptolemy.util.test.junit.AutoKnownFailedTests" name="[0] ThereAreNoKnowFailedTests (RunModel)" time="0.003" />
  <testcase classname="ptolemy.util.test.junit.AutoNameArchTests" name="[0] ThereAreNoAutoArchTests (RunModel)" time="0.031" />
  <testcase classname="ptolemy.util.test.junit.AutoTests" name="[0] /home/travis/build/icyphy/ptII/ptolemy/domains/continuous/test/auto/BouncingBall.xml (RunModel)" time="3.324" />
  <testcase classname="ptolemy.util.test.junit.AutoTests" name="[1] /home/travis/build/icyphy/ptII/ptolemy/domains/continuous/test/auto/BouncingBallWithoutGR.xml (RunModel)" time="0.964" />
  <testcase classname="ptolemy.util.test.junit.AutoTests" name="[2] /home/travis/build/icyphy/ptII/ptolemy/domains/continuous/test/auto/Brownian.xml (RunModel)" time="0.12" />
  <testcase classname="ptolemy.util.test.junit.AutoTests" name="[3] /home/travis/build/icyphy/ptII/ptolemy/domains/continuous/test/auto/CarTracking.xml (RunModel)" time="3.903" />
  <testcase classname="ptolemy.util.test.junit.AutoTests" name="[4] /home/travis/build/icyphy/ptII/ptolemy/domains/continuous/test/auto/CartPendulum.xml (RunModel)" time="0.509" />
  <testcase classname="ptolemy.util.test.junit.AutoTests" name="[5] /home/travis/build/icyphy/ptII/ptolemy/domains/continuous/test/auto/CausalityInterface10.xml (RunModel)" time="0.058" />
  <testcase classname="ptolemy.util.test.junit.AutoTests" name="[6] /home/travis/build/icyphy/ptII/ptolemy/domains/continuous/test/auto/CausalityInterface11.xml (RunModel)" time="0.032" />
  <testcase classname="ptolemy.util.test.junit.AutoTests" name="[7] /home/travis/build/icyphy/ptII/ptolemy/domains/continuous/test/auto/CausalityInterface12.xml (RunModel)" time="0.037" />
  <testcase classname="ptolemy.util.test.junit.AutoTests" name="[8] /home/travis/build/icyphy/ptII/ptolemy/domains/continuous/test/auto/CausalityInterface13.xml (RunModel)" time="0.043" />
  <testcase classname="ptolemy.util.test.junit.AutoTests" name="[9] /home/travis/build/icyphy/ptII/ptolemy/domains/continuous/test/auto/CausalityInterface14.xml (RunModel)" time="0.026" />
  <testcase classname="ptolemy.util.test.junit.AutoTests" name="[10] /home/travis/build/icyphy/ptII/ptolemy/domains/continuous/test/auto/CausalityInterface4.xml (RunModel)" time="0.034" />
  <testcase classname="ptolemy.util.test.junit.AutoTests" name="[11] /home/travis/build/icyphy/ptII/ptolemy/domains/continuous/test/auto/CausalityInterface5.xml (RunModel)" time="0.048" />
  <testcase classname="ptolemy.util.test.junit.AutoTests" name="[12] /home/travis/build/icyphy/ptII/ptolemy/domains/continuous/test/auto/CausalityInterface6.xml (RunModel)" time="0.028" />
  <testcase classname="ptolemy.util.test.junit.AutoTests" name="[13] /home/travis/build/icyphy/ptII/ptolemy/domains/continuous/test/auto/CausalityInterface7.xml (RunModel)" time="0.037" />
  <testcase classname="ptolemy.util.test.junit.AutoTests" name="[14] /home/travis/build/icyphy/ptII/ptolemy/domains/continuous/test/auto/CausalityInterface8.xml (RunModel)" time="0.044" />
  <testcase classname="ptolemy.util.test.junit.AutoTests" name="[15] /home/travis/build/icyphy/ptII/ptolemy/domains/continuous/test/auto/CausalityInterface9.xml (RunModel)" time="0.051" />
  <testcase classname="ptolemy.util.test.junit.AutoTests" name="[16] /home/travis/build/icyphy/ptII/ptolemy/domains/continuous/test/auto/CausalityInterfaceFeedback1.xml (RunModel)" time="0.03" />
  <testcase classname="ptolemy.util.test.junit.AutoTests" name="[17] /home/travis/build/icyphy/ptII/ptolemy/domains/continuous/test/auto/CausalityInterfaceFeedback2.xml (RunModel)" time="0.038" />
  <testcase classname="ptolemy.util.test.junit.AutoTests" name="[18] /home/travis/build/icyphy/ptII/ptolemy/domains/continuous/test/auto/CompareWithCurrentTime.xml (RunModel)" time="0.016" />
  <testcase classname="ptolemy.util.test.junit.AutoTests" name="[19] /home/travis/build/icyphy/ptII/ptolemy/domains/continuous/test/auto/ComparedClocks.xml (RunModel)" time="0.055" />
  <testcase classname="ptolemy.util.test.junit.AutoTests" name="[20] /home/travis/build/icyphy/ptII/ptolemy/domains/continuous/test/auto/ContinuousAOCClone.xml (RunModel)" time="2.675" />
  <testcase classname="ptolemy.util.test.junit.AutoTests" name="[21] /home/travis/build/icyphy/ptII/ptolemy/domains/continuous/test/auto/ContinuousClock.xml (RunModel)" time="0.105" />
  <testcase classname="ptolemy.util.test.junit.AutoTests" name="[22] /home/travis/build/icyphy/ptII/ptolemy/domains/continuous/test/auto/ContinuousInContinuous.xml (RunModel)" time="0.091" />
  <testcase classname="ptolemy.util.test.junit.AutoTests" name="[23] /home/travis/build/icyphy/ptII/ptolemy/domains/continuous/test/auto/ContinuousInContinuousInContinuous.xml (RunModel)" time="0.028" />
  <testcase classname="ptolemy.util.test.junit.AutoTests" name="[24] /home/travis/build/icyphy/ptII/ptolemy/domains/continuous/test/auto/ContinuousInDE.xml (RunModel)" time="0.131" />
  <testcase classname="ptolemy.util.test.junit.AutoTests" name="[25] /home/travis/build/icyphy/ptII/ptolemy/domains/continuous/test/auto/ContinuousInDE2.xml (RunModel)" time="0.051" />
  <testcase classname="ptolemy.util.test.junit.AutoTests" name="[26] /home/travis/build/icyphy/ptII/ptolemy/domains/continuous/test/auto/ContinuousInDE3.xml (RunModel)" time="0.062" />
  <testcase classname="ptolemy.util.test.junit.AutoTests" name="[27] /home/travis/build/icyphy/ptII/ptolemy/domains/continuous/test/auto/ContinuousInDE4.xml (RunModel)" time="0.037" />
  <testcase classname="ptolemy.util.test.junit.AutoTests" name="[28] /home/travis/build/icyphy/ptII/ptolemy/domains/continuous/test/auto/ContinuousInDEDifferentRefinements.xml (RunModel)" time="0.095" />
  <testcase classname="ptolemy.util.test.junit.AutoTests" name="[29] /home/travis/build/icyphy/ptII/ptolemy/domains/continuous/test/auto/ContinuousInDEDifferentRefinementsPreemptive.xml (RunModel)" time="0.095" />
  <testcase classname="ptolemy.util.test.junit.AutoTests" name="[30] /home/travis/build/icyphy/ptII/ptolemy/domains/continuous/test/auto/ContinuousInDEInContinuous2.xml (RunModel)" time="0.059" />
  <testcase classname="ptolemy.util.test.junit.AutoTests" name="[31] /home/travis/build/icyphy/ptII/ptolemy/domains/continuous/test/auto/ContinuousInDEInContinuous3.xml (RunModel)" time="0.057" />
  <testcase classname="ptolemy.util.test.junit.AutoTests" name="[32] /home/travis/build/icyphy/ptII/ptolemy/domains/continuous/test/auto/ContinuousInDEInput.xml (RunModel)" time="0.035" />
  <testcase classname="ptolemy.util.test.junit.AutoTests" name="[33] /home/travis/build/icyphy/ptII/ptolemy/domains/continuous/test/auto/ContinuousInDEInput2.xml (RunModel)" time="0.038" />
  <testcase classname="ptolemy.util.test.junit.AutoTests" name="[34] /home/travis/build/icyphy/ptII/ptolemy/domains/continuous/test/auto/ContinuousInDEInput3.xml (RunModel)" time="0.032" />
  <testcase classname="ptolemy.util.test.junit.AutoTests" name="[35] /home/travis/build/icyphy/ptII/ptolemy/domains/continuous/test/auto/ContinuousInDESharingRefinement.xml (RunModel)" time="0.168" />
  <testcase classname="ptolemy.util.test.junit.AutoTests" name="[36] /home/travis/build/icyphy/ptII/ptolemy/domains/continuous/test/auto/ContinuousInDEwithNoPorts.xml (RunModel)" time="0.018" />
  <testcase classname="ptolemy.util.test.junit.AutoTests" name="[37] /home/travis/build/icyphy/ptII/ptolemy/domains/continuous/test/auto/ContinuousInsideDE.xml (RunModel)" time="0.094" />
  <testcase classname="ptolemy.util.test.junit.AutoTests" name="[38] /home/travis/build/icyphy/ptII/ptolemy/domains/continuous/test/auto/ContinuousMerge1.xml (RunModel)" time="0.017" />
  <testcase classname="ptolemy.util.test.junit.AutoTests" name="[39] /home/travis/build/icyphy/ptII/ptolemy/domains/continuous/test/auto/ContinuousMerge2.xml (RunModel)" time="0.048" />
  <testcase classname="ptolemy.util.test.junit.AutoTests" name="[40] /home/travis/build/icyphy/ptII/ptolemy/domains/continuous/test/auto/ContinuousMerge3.xml (RunModel)" time="0.069" />
  <testcase classname="ptolemy.util.test.junit.AutoTests" name="[41] /home/travis/build/icyphy/ptII/ptolemy/domains/continuous/test/auto/ContinuousWithinContinuous.xml (RunModel)" time="0.054" />
  <testcase classname="ptolemy.util.test.junit.AutoTests" name="[42] /home/travis/build/icyphy/ptII/ptolemy/domains/continuous/test/auto/ContinuousWithinContinuous2.xml (RunModel)" time="0.079" />
  <testcase classname="ptolemy.util.test.junit.AutoTests" name="[43] /home/travis/build/icyphy/ptII/ptolemy/domains/continuous/test/auto/ContinuousWithinContinuous3.xml (RunModel)" time="0.03" />
  <testcase classname="ptolemy.util.test.junit.AutoTests" name="[44] /home/travis/build/icyphy/ptII/ptolemy/domains/continuous/test/auto/ContinuousWithinContinuous4.xml (RunModel)" time="0.096" />
  <testcase classname="ptolemy.util.test.junit.AutoTests" name="[45] /home/travis/build/icyphy/ptII/ptolemy/domains/continuous/test/auto/ContinuousWithinContinuous5.xml (RunModel)" time="0.033" />
  <testcase classname="ptolemy.util.test.junit.AutoTests" name="[46] /home/travis/build/icyphy/ptII/ptolemy/domains/continuous/test/auto/ContinuousWithinContinuous6.xml (RunModel)" time="0.047" />
  <testcase classname="ptolemy.util.test.junit.AutoTests" name="[47] /home/travis/build/icyphy/ptII/ptolemy/domains/continuous/test/auto/ContinuousWithinContinuous7.xml (RunModel)" time="0.069" />
  <testcase classname="ptolemy.util.test.junit.AutoTests" name="[48] /home/travis/build/icyphy/ptII/ptolemy/domains/continuous/test/auto/DCMotor.xml (RunModel)" time="14.074" />
  <testcase classname="ptolemy.util.test.junit.AutoTests" name="[49] /home/travis/build/icyphy/ptII/ptolemy/domains/continuous/test/auto/DEInContinuous.xml (RunModel)" time="0.041" />
  <testcase classname="ptolemy.util.test.junit.AutoTests" name="[50] /home/travis/build/icyphy/ptII/ptolemy/domains/continuous/test/auto/DEinContinuous2.xml (RunModel)" time="0.027" />
  <testcase classname="ptolemy.util.test.junit.AutoTests" name="[51] /home/travis/build/icyphy/ptII/ptolemy/domains/continuous/test/auto/Derivative.xml (RunModel)" time="0.2" />
  <testcase classname="ptolemy.util.test.junit.AutoTests" name="[52] /home/travis/build/icyphy/ptII/ptolemy/domains/continuous/test/auto/Derivative1.xml (RunModel)" time="0.045" />
  <testcase classname="ptolemy.util.test.junit.AutoTests" name="[53] /home/travis/build/icyphy/ptII/ptolemy/domains/continuous/test/auto/DiscreteClock.xml (RunModel)" time="0.016" />
  <testcase classname="ptolemy.util.test.junit.AutoTests" name="[54] /home/travis/build/icyphy/ptII/ptolemy/domains/continuous/test/auto/EfficiencyCurve.xml (RunModel)" time="0.101" />
  <testcase classname="ptolemy.util.test.junit.AutoTests" name="[55] /home/travis/build/icyphy/ptII/ptolemy/domains/continuous/test/auto/ExponentialResponse.xml (RunModel)" time="0.125" />
  <testcase classname="ptolemy.util.test.junit.AutoTests" name="[56] /home/travis/build/icyphy/ptII/ptolemy/domains/continuous/test/auto/ExponentialResponseRK45.xml (RunModel)" time="0.037" />
  <testcase classname="ptolemy.util.test.junit.AutoTests" name="[57] /home/travis/build/icyphy/ptII/ptolemy/domains/continuous/test/auto/Friction.xml (RunModel)" time="1.734" />
  <testcase classname="ptolemy.util.test.junit.AutoTests" name="[58] /home/travis/build/icyphy/ptII/ptolemy/domains/continuous/test/auto/FurutaPendulum.xml (RunModel)" time="3.615" />
  <testcase classname="ptolemy.util.test.junit.AutoTests" name="[59] /home/travis/build/icyphy/ptII/ptolemy/domains/continuous/test/auto/HierarchicalExecution.xml (RunModel)" time="2.325" />
  <testcase classname="ptolemy.util.test.junit.AutoTests" name="[60] /home/travis/build/icyphy/ptII/ptolemy/domains/continuous/test/auto/HybridPlant.xml (RunModel)" time="0.603" />
  <testcase classname="ptolemy.util.test.junit.AutoTests" name="[61] /home/travis/build/icyphy/ptII/ptolemy/domains/continuous/test/auto/Hysteresis.xml (RunModel)" time="0.207" />
  <testcase classname="ptolemy.util.test.junit.AutoTests" name="[62] /home/travis/build/icyphy/ptII/ptolemy/domains/continuous/test/auto/HysteresisWithRandomDelay.xml (RunModel)" time="0.238" />
  <testcase classname="ptolemy.util.test.junit.AutoTests" name="[63] /home/travis/build/icyphy/ptII/ptolemy/domains/continuous/test/auto/HysteresisWithRandomLosses.xml (RunModel)" time="2.494" />
  <testcase classname="ptolemy.util.test.junit.AutoTests" name="[64] /home/travis/build/icyphy/ptII/ptolemy/domains/continuous/test/auto/ImmediateTransitions.xml (RunModel)" time="0.04" />
  <testcase classname="ptolemy.util.test.junit.AutoTests" name="[65] /home/travis/build/icyphy/ptII/ptolemy/domains/continuous/test/auto/ImpulseFeedback.xml (RunModel)" time="0.023" />
  <testcase classname="ptolemy.util.test.junit.AutoTests" name="[66] /home/travis/build/icyphy/ptII/ptolemy/domains/continuous/test/auto/ImpulseFeedback2.xml (RunModel)" time="0.021" />
  <testcase classname="ptolemy.util.test.junit.AutoTests" name="[67] /home/travis/build/icyphy/ptII/ptolemy/domains/continuous/test/auto/IncreasingRatePoisson.xml (RunModel)" time="0.738" />
  <testcase classname="ptolemy.util.test.junit.AutoTests" name="[68] /home/travis/build/icyphy/ptII/ptolemy/domains/continuous/test/auto/InitialStateFeedback.xml (RunModel)" time="0.013" />
  <testcase classname="ptolemy.util.test.junit.AutoTests" name="[69] /home/travis/build/icyphy/ptII/ptolemy/domains/continuous/test/auto/Integration.xml (RunModel)" time="0.026" />
  <testcase classname="ptolemy.util.test.junit.AutoTests" name="[70] /home/travis/build/icyphy/ptII/ptolemy/domains/continuous/test/auto/Integration2.xml (RunModel)" time="0.096" />
  <testcase classname="ptolemy.util.test.junit.AutoTests" name="[71] /home/travis/build/icyphy/ptII/ptolemy/domains/continuous/test/auto/Integration3.xml (RunModel)" time="0.017" />
  <testcase classname="ptolemy.util.test.junit.AutoTests" name="[72] /home/travis/build/icyphy/ptII/ptolemy/domains/continuous/test/auto/Integration5.xml (RunModel)" time="0.019" />
  <testcase classname="ptolemy.util.test.junit.AutoTests" name="[73] /home/travis/build/icyphy/ptII/ptolemy/domains/continuous/test/auto/IntegratorImpulse.xml (RunModel)" time="0.009" />
  <testcase classname="ptolemy.util.test.junit.AutoTests" name="[74] /home/travis/build/icyphy/ptII/ptolemy/domains/continuous/test/auto/IntegratorImpulse2.xml (RunModel)" time="0.014" />
  <testcase classname="ptolemy.util.test.junit.AutoTests" name="[75] /home/travis/build/icyphy/ptII/ptolemy/domains/continuous/test/auto/LevelCrossing1.xml (RunModel)" time="0.018" />
  <testcase classname="ptolemy.util.test.junit.AutoTests" name="[76] /home/travis/build/icyphy/ptII/ptolemy/domains/continuous/test/auto/LevelCrossing2.xml (RunModel)" time="0.016" />
  <testcase classname="ptolemy.util.test.junit.AutoTests" name="[77] /home/travis/build/icyphy/ptII/ptolemy/domains/continuous/test/auto/LevelCrossing3.xml (RunModel)" time="0.016" />
  <testcase classname="ptolemy.util.test.junit.AutoTests" name="[78] /home/travis/build/icyphy/ptII/ptolemy/domains/continuous/test/auto/LevelCrossing4.xml (RunModel)" time="0.017" />
  <testcase classname="ptolemy.util.test.junit.AutoTests" name="[79] /home/travis/build/icyphy/ptII/ptolemy/domains/continuous/test/auto/LevelCrossing5.xml (RunModel)" time="0.018" />
  <testcase classname="ptolemy.util.test.junit.AutoTests" name="[80] /home/travis/build/icyphy/ptII/ptolemy/domains/continuous/test/auto/LevelCrossing6.xml (RunModel)" time="0.013" />
  <testcase classname="ptolemy.util.test.junit.AutoTests" name="[81] /home/travis/build/icyphy/ptII/ptolemy/domains/continuous/test/auto/LevelCrossingDetector.xml (RunModel)" time="0.046" />
  <testcase classname="ptolemy.util.test.junit.AutoTests" name="[82] /home/travis/build/icyphy/ptII/ptolemy/domains/continuous/test/auto/LevelCrossingDetectorDetectingDirections.xml (RunModel)" time="0.086" />
  <testcase classname="ptolemy.util.test.junit.AutoTests" name="[83] /home/travis/build/icyphy/ptII/ptolemy/domains/continuous/test/auto/LevelCrossingDetectorDetectsGlitches.xml (RunModel)" time="0.064" />
  <testcase classname="ptolemy.util.test.junit.AutoTests" name="[84] /home/travis/build/icyphy/ptII/ptolemy/domains/continuous/test/auto/LevelCrossingNoInitialOuput.xml (RunModel)" time="0.015" />
  <testcase classname="ptolemy.util.test.junit.AutoTests" name="[85] /home/travis/build/icyphy/ptII/ptolemy/domains/continuous/test/auto/LinearStateSpaceExample.xml (RunModel)" time="0.075" />
  <testcase classname="ptolemy.util.test.junit.AutoTests" name="[86] /home/travis/build/icyphy/ptII/ptolemy/domains/continuous/test/auto/Lorenz.xml (RunModel)" time="4.274" />
  <testcase classname="ptolemy.util.test.junit.AutoTests" name="[87] /home/travis/build/icyphy/ptII/ptolemy/domains/continuous/test/auto/LorenzDifferentialSystem.xml (RunModel)" time="1.188" />
  <testcase classname="ptolemy.util.test.junit.AutoTests" name="[88] /home/travis/build/icyphy/ptII/ptolemy/domains/continuous/test/auto/LorenzDifferentialSystemWithInput.xml (RunModel)" time="1.384" />
  <testcase classname="ptolemy.util.test.junit.AutoTests" name="[89] /home/travis/build/icyphy/ptII/ptolemy/domains/continuous/test/auto/LorenzDifferentialSystemWithTime.xml (RunModel)" time="0.786" />
  <testcase classname="ptolemy.util.test.junit.AutoTests" name="[90] /home/travis/build/icyphy/ptII/ptolemy/domains/continuous/test/auto/Microsteps.xml (RunModel)" time="0.027" />
  <testcase classname="ptolemy.util.test.junit.AutoTests" name="[91] /home/travis/build/icyphy/ptII/ptolemy/domains/continuous/test/auto/Modal1.xml (RunModel)" time="0.047" />
  <testcase classname="ptolemy.util.test.junit.AutoTests" name="[92] /home/travis/build/icyphy/ptII/ptolemy/domains/continuous/test/auto/Modal2.xml (RunModel)" time="0.05" />
  <testcase classname="ptolemy.util.test.junit.AutoTests" name="[93] /home/travis/build/icyphy/ptII/ptolemy/domains/continuous/test/auto/ModalTransitionGuardWithReset.xml (RunModel)" time="0.03" />
  <testcase classname="ptolemy.util.test.junit.AutoTests" name="[94] /home/travis/build/icyphy/ptII/ptolemy/domains/continuous/test/auto/ModalTransitionGuardWithResetUsingPreemptiveTransition.xml (RunModel)" time="0.027" />
  <testcase classname="ptolemy.util.test.junit.AutoTests" name="[95] /home/travis/build/icyphy/ptII/ptolemy/domains/continuous/test/auto/ModalTransitionGuardWithResetUsingPreemptiveTransition2.xml (RunModel)" time="0.032" />
  <testcase classname="ptolemy.util.test.junit.AutoTests" name="[96] /home/travis/build/icyphy/ptII/ptolemy/domains/continuous/test/auto/ModalTransitionGuardWithResetUsingPreemptiveTransition3.xml (RunModel)" time="0.023" />
  <testcase classname="ptolemy.util.test.junit.AutoTests" name="[97] /home/travis/build/icyphy/ptII/ptolemy/domains/continuous/test/auto/NewtonsCradle.xml (RunModel)" time="0.824" />
  <testcase classname="ptolemy.util.test.junit.AutoTests" name="[98] /home/travis/build/icyphy/ptII/ptolemy/domains/continuous/test/auto/NewtonsCradleAnimated.xml (RunModel)" time="1.334" />
  <testcase classname="ptolemy.util.test.junit.AutoTests" name="[99] /home/travis/build/icyphy/ptII/ptolemy/domains/continuous/test/auto/NewtonsCradleComplicated.xml (RunModel)" time="0.994" />
  <testcase classname="ptolemy.util.test.junit.AutoTests" name="[100] /home/travis/build/icyphy/ptII/ptolemy/domains/continuous/test/auto/NewtonsCradleNondeterministic.xml (RunModel)" time="0.766" />
  <testcase classname="ptolemy.util.test.junit.AutoTests" name="[101] /home/travis/build/icyphy/ptII/ptolemy/domains/continuous/test/auto/NewtonsCradlePerfectlyInelastic1.xml (RunModel)" time="1.339" />
  <testcase classname="ptolemy.util.test.junit.AutoTests" name="[102] /home/travis/build/icyphy/ptII/ptolemy/domains/continuous/test/auto/Noise.xml (RunModel)" time="0.199" />
  <testcase classname="ptolemy.util.test.junit.AutoTests" name="[103] /home/travis/build/icyphy/ptII/ptolemy/domains/continuous/test/auto/NoiseSpectrum.xml (RunModel)" time="0.782" />
  <testcase classname="ptolemy.util.test.junit.AutoTests" name="[104] /home/travis/build/icyphy/ptII/ptolemy/domains/continuous/test/auto/ParameterizedNewtonsCradleAnimated.xml (RunModel)" time="0.395" />
  <testcase classname="ptolemy.util.test.junit.AutoTests" name="[105] /home/travis/build/icyphy/ptII/ptolemy/domains/continuous/test/auto/ParameterizedNewtonsCradleAnimatedNondeterministic.xml (RunModel)" time="1.248" />
  <testcase classname="ptolemy.util.test.junit.AutoTests" name="[106] /home/travis/build/icyphy/ptII/ptolemy/domains/continuous/test/auto/Pendulum3D.xml (RunModel)" time="0.177" />
  <testcase classname="ptolemy.util.test.junit.AutoTests" name="[107] /home/travis/build/icyphy/ptII/ptolemy/domains/continuous/test/auto/PeriodicSampler.xml (RunModel)" time="0.012" />
  <testcase classname="ptolemy.util.test.junit.AutoTests" name="[108] /home/travis/build/icyphy/ptII/ptolemy/domains/continuous/test/auto/PeriodicSampler1.xml (RunModel)" time="0.049" />
  <testcase classname="ptolemy.util.test.junit.AutoTests" name="[109] /home/travis/build/icyphy/ptII/ptolemy/domains/continuous/test/auto/PeriodicSampler2.xml (RunModel)" time="0.082" />
  <testcase classname="ptolemy.util.test.junit.AutoTests" name="[110] /home/travis/build/icyphy/ptII/ptolemy/domains/continuous/test/auto/Poisson.xml (RunModel)" time="0.446" />
  <testcase classname="ptolemy.util.test.junit.AutoTests" name="[111] /home/travis/build/icyphy/ptII/ptolemy/domains/continuous/test/auto/PoissonClock.xml (RunModel)" time="0.019" />
  <testcase classname="ptolemy.util.test.junit.AutoTests" name="[112] /home/travis/build/icyphy/ptII/ptolemy/domains/continuous/test/auto/PoissonClock2.xml (RunModel)" time="0.014" />
  <testcase classname="ptolemy.util.test.junit.AutoTests" name="[113] /home/travis/build/icyphy/ptII/ptolemy/domains/continuous/test/auto/PortParameterHierarchy.xml (RunModel)" time="0.028" />
  <testcase classname="ptolemy.util.test.junit.AutoTests" name="[114] /home/travis/build/icyphy/ptII/ptolemy/domains/continuous/test/auto/RandomHybridPlant.xml (RunModel)" time="0.59" />
  <testcase classname="ptolemy.util.test.junit.AutoTests" name="[115] /home/travis/build/icyphy/ptII/ptolemy/domains/continuous/test/auto/ResetTransitionWithStartTime1.xml (RunModel)" time="0.041" />
  <testcase classname="ptolemy.util.test.junit.AutoTests" name="[116] /home/travis/build/icyphy/ptII/ptolemy/domains/continuous/test/auto/ResetTransitionWithStartTime2.xml (RunModel)" time="0.047" />
  <testcase classname="ptolemy.util.test.junit.AutoTests" name="[117] /home/travis/build/icyphy/ptII/ptolemy/domains/continuous/test/auto/ResetTransitionWithStartTime3.xml (RunModel)" time="0.034" />
  <testcase classname="ptolemy.util.test.junit.AutoTests" name="[118] /home/travis/build/icyphy/ptII/ptolemy/domains/continuous/test/auto/ResetTransitionWithStartTime4.xml (RunModel)" time="0.024" />
  <testcase classname="ptolemy.util.test.junit.AutoTests" name="[119] /home/travis/build/icyphy/ptII/ptolemy/domains/continuous/test/auto/ResetTransitionWithStartTime5.xml (RunModel)" time="0.034" />
  <testcase classname="ptolemy.util.test.junit.AutoTests" name="[120] /home/travis/build/icyphy/ptII/ptolemy/domains/continuous/test/auto/ResetTransitionWithStartTime6.xml (RunModel)" time="0.026" />
  <testcase classname="ptolemy.util.test.junit.AutoTests" name="[121] /home/travis/build/icyphy/ptII/ptolemy/domains/continuous/test/auto/SRinContinuous.xml (RunModel)" time="0.024" />
  <testcase classname="ptolemy.util.test.junit.AutoTests" name="[122] /home/travis/build/icyphy/ptII/ptolemy/domains/continuous/test/auto/SampledClocks.xml (RunModel)" time="0.032" />
  <testcase classname="ptolemy.util.test.junit.AutoTests" name="[123] /home/travis/build/icyphy/ptII/ptolemy/domains/continuous/test/auto/Satellite.xml (RunModel)" time="0.813" />
  <testcase classname="ptolemy.util.test.junit.AutoTests" name="[124] /home/travis/build/icyphy/ptII/ptolemy/domains/continuous/test/auto/SigmaDelta.xml (RunModel)" time="2.589" />
  <testcase classname="ptolemy.util.test.junit.AutoTests" name="[125] /home/travis/build/icyphy/ptII/ptolemy/domains/continuous/test/auto/SingleRefinement.xml (RunModel)" time="0.634" />
  <testcase classname="ptolemy.util.test.junit.AutoTests" name="[126] /home/travis/build/icyphy/ptII/ptolemy/domains/continuous/test/auto/SinuBouncingBall.xml (RunModel)" time="0.864" />
  <testcase classname="ptolemy.util.test.junit.AutoTests" name="[127] /home/travis/build/icyphy/ptII/ptolemy/domains/continuous/test/auto/Sinusoid.xml (RunModel)" time="0.02" />
  <testcase classname="ptolemy.util.test.junit.AutoTests" name="[128] /home/travis/build/icyphy/ptII/ptolemy/domains/continuous/test/auto/SinusoidInNoise.xml (RunModel)" time="1.056" />
  <testcase classname="ptolemy.util.test.junit.AutoTests" name="[129] /home/travis/build/icyphy/ptII/ptolemy/domains/continuous/test/auto/SinusoidRK45.xml (RunModel)" time="0.01" />
  <testcase classname="ptolemy.util.test.junit.AutoTests" name="[130] /home/travis/build/icyphy/ptII/ptolemy/domains/continuous/test/auto/SinusoidWithMultipleImpulses.xml (RunModel)" time="0.01" />
  <testcase classname="ptolemy.util.test.junit.AutoTests" name="[131] /home/travis/build/icyphy/ptII/ptolemy/domains/continuous/test/auto/SquareWave.xml (RunModel)" time="0.189" />
  <testcase classname="ptolemy.util.test.junit.AutoTests" name="[132] /home/travis/build/icyphy/ptII/ptolemy/domains/continuous/test/auto/Starmac.xml (RunModel)" time="3.409" />
  <testcase classname="ptolemy.util.test.junit.AutoTests" name="[133] /home/travis/build/icyphy/ptII/ptolemy/domains/continuous/test/auto/StaticUnits.xml (RunModel)" time="2.949" />
  <testcase classname="ptolemy.util.test.junit.AutoTests" name="[134] /home/travis/build/icyphy/ptII/ptolemy/domains/continuous/test/auto/StickyMasses.xml (RunModel)" time="0.205" />
  <testcase classname="ptolemy.util.test.junit.AutoTests" name="[135] /home/travis/build/icyphy/ptII/ptolemy/domains/continuous/test/auto/StopTime.xml (RunModel)" time="0.08" />
  <testcase classname="ptolemy.util.test.junit.AutoTests" name="[136] /home/travis/build/icyphy/ptII/ptolemy/domains/continuous/test/auto/StopTime2.xml (RunModel)" time="0.061" />
  <testcase classname="ptolemy.util.test.junit.AutoTests" name="[137] /home/travis/build/icyphy/ptII/ptolemy/domains/continuous/test/auto/Switch.xml (RunModel)" time="0.066" />
  <testcase classname="ptolemy.util.test.junit.AutoTests" name="[138] /home/travis/build/icyphy/ptII/ptolemy/domains/continuous/test/auto/Thermostat.xml (RunModel)" time="0.212" />
  <testcase classname="ptolemy.util.test.junit.AutoTests" name="[139] /home/travis/build/icyphy/ptII/ptolemy/domains/continuous/test/auto/TimeDelay.xml (RunModel)" time="0.014" />
  <testcase classname="ptolemy.util.test.junit.AutoTests" name="[140] /home/travis/build/icyphy/ptII/ptolemy/domains/continuous/test/auto/TimeDelay2.xml (RunModel)" time="0.028" />
  <testcase classname="ptolemy.util.test.junit.AutoTests" name="[141] /home/travis/build/icyphy/ptII/ptolemy/domains/continuous/test/auto/TimeDelay3.xml (RunModel)" time="0.013" />
  <testcase classname="ptolemy.util.test.junit.AutoTests" name="[142] /home/travis/build/icyphy/ptII/ptolemy/domains/continuous/test/auto/TransferAbsentToInside.xml (RunModel)" time="0.138" />
  <testcase classname="ptolemy.util.test.junit.AutoTests" name="[143] /home/travis/build/icyphy/ptII/ptolemy/domains/continuous/test/auto/Transmission.xml (RunModel)" time="0.843" />
  <testcase classname="ptolemy.util.test.junit.AutoTests" name="[144] /home/travis/build/icyphy/ptII/ptolemy/domains/continuous/test/auto/TriggeredContinuousClock.xml (RunModel)" time="0.074" />
  <testcase classname="ptolemy.util.test.junit.AutoTests" name="[145] /home/travis/build/icyphy/ptII/ptolemy/domains/continuous/test/auto/TwoMachineInfiniteBusControl.xml (RunModel)" time="2.891" />
  <testcase classname="ptolemy.util.test.junit.AutoTests" name="[146] /home/travis/build/icyphy/ptII/ptolemy/domains/continuous/test/auto/V2V.xml (RunModel)" time="0.894" />
  <testcase classname="ptolemy.util.test.junit.AutoTests" name="[147] /home/travis/build/icyphy/ptII/ptolemy/domains/continuous/test/auto/hierarchicalModalModel.xml (RunModel)" time="0.03" />
  <testcase classname="ptolemy.util.test.junit.AutoTests" name="[148] /home/travis/build/icyphy/ptII/ptolemy/domains/continuous/test/auto/hierarchicalModalModel1.xml (RunModel)" time="0.047" />
  <testcase classname="ptolemy.util.test.junit.AutoTests" name="[149] /home/travis/build/icyphy/ptII/ptolemy/domains/continuous/test/auto/hierarchicalModalModel2.xml (RunModel)" time="0.027" />
  <testcase classname="ptolemy.util.test.junit.AutoTests" name="[150] /home/travis/build/icyphy/ptII/ptolemy/domains/continuous/test/auto/hierarchicalModalModel3.xml (RunModel)" time="0.024" />
  <testcase classname="ptolemy.util.test.junit.AutoTests" name="[151] /home/travis/build/icyphy/ptII/ptolemy/domains/continuous/test/auto/hierarchicalModalModel4.xml (RunModel)" time="0.026" />
  <testcase classname="ptolemy.util.test.junit.AutoTests" name="[152] /home/travis/build/icyphy/ptII/ptolemy/domains/continuous/test/auto/junk.xml (RunModel)" time="0.174" />
  <system-out><![CDATA[No tcl tests in /home/travis/build/icyphy/ptII/ptolemy/domains/continuous/test
No auto/knownFailedTests/*.xml tests in /home/travis/build/icyphy/ptII/ptolemy/domains/continuous/test
No auto/linux-amd64/*.xml tests in /home/travis/build/icyphy/ptII/ptolemy/domains/continuous/test
AutoTests.java: About to close Vertx.
AutoTests.java: Vertx closed.

===========================================================================================
----------------- testing Sun Sep 29 05:44:32 UTC 2019 /home/travis/build/icyphy/ptII/ptolemy/domains/continuous/test/auto/BouncingBall.xml
----------------- Instantiating /home/travis/build/icyphy/ptII/ptolemy/domains/continuous/test/auto/BouncingBall.xml
2581 ms. Memory: 157696K Free: 115164K (73%)
----------------- Invoking toplevel() on ptolemy.moml.MoMLSimpleApplication@def6e1a
----------------- Done invoking toplevel() on ptolemy.moml.MoMLSimpleApplication@def6e1a
reloadAllAccessors: .BouncingBall

===========================================================================================
----------------- testing Sun Sep 29 05:44:36 UTC 2019 /home/travis/build/icyphy/ptII/ptolemy/domains/continuous/test/auto/BouncingBallWithoutGR.xml
----------------- Instantiating /home/travis/build/icyphy/ptII/ptolemy/domains/continuous/test/auto/BouncingBallWithoutGR.xml
813 ms. Memory: 157696K Free: 120879K (77%)
----------------- Invoking toplevel() on ptolemy.moml.MoMLSimpleApplication@5d0cfff3
----------------- Done invoking toplevel() on ptolemy.moml.MoMLSimpleApplication@5d0cfff3
reloadAllAccessors: .BouncingBallWithoutGR

===========================================================================================
----------------- testing Sun Sep 29 05:44:37 UTC 2019 /home/travis/build/icyphy/ptII/ptolemy/domains/continuous/test/auto/Brownian.xml
----------------- Instantiating /home/travis/build/icyphy/ptII/ptolemy/domains/continuous/test/auto/Brownian.xml
33 ms. Memory: 157696K Free: 111663K (71%)
----------------- Invoking toplevel() on ptolemy.moml.MoMLSimpleApplication@3ba00a01
----------------- Done invoking toplevel() on ptolemy.moml.MoMLSimpleApplication@3ba00a01
reloadAllAccessors: .Brownian

===========================================================================================
----------------- testing Sun Sep 29 05:44:37 UTC 2019 /home/travis/build/icyphy/ptII/ptolemy/domains/continuous/test/auto/CarTracking.xml
----------------- Instantiating /home/travis/build/icyphy/ptII/ptolemy/domains/continuous/test/auto/CarTracking.xml
3424 ms. Memory: 189440K Free: 114339K (60%)
----------------- Invoking toplevel() on ptolemy.moml.MoMLSimpleApplication@3f4affec
----------------- Done invoking toplevel() on ptolemy.moml.MoMLSimpleApplication@3f4affec
reloadAllAccessors: .CarTracking

===========================================================================================
----------------- testing Sun Sep 29 05:44:41 UTC 2019 /home/travis/build/icyphy/ptII/ptolemy/domains/continuous/test/auto/CartPendulum.xml
----------------- Instantiating /home/travis/build/icyphy/ptII/ptolemy/domains/continuous/test/auto/CartPendulum.xml
416 ms. Memory: 227328K Free: 172655K (76%)
----------------- Invoking toplevel() on ptolemy.moml.MoMLSimpleApplication@49d68ab1
----------------- Done invoking toplevel() on ptolemy.moml.MoMLSimpleApplication@49d68ab1
reloadAllAccessors: .CartPendulum

===========================================================================================
----------------- testing Sun Sep 29 05:44:41 UTC 2019 /home/travis/build/icyphy/ptII/ptolemy/domains/continuous/test/auto/CausalityInterface10.xml
----------------- Instantiating /home/travis/build/icyphy/ptII/ptolemy/domains/continuous/test/auto/CausalityInterface10.xml
12 ms. Memory: 227328K Free: 161935K (71%)
----------------- Invoking toplevel() on ptolemy.moml.MoMLSimpleApplication@1f2f6b3b
----------------- Done invoking toplevel() on ptolemy.moml.MoMLSimpleApplication@1f2f6b3b
reloadAllAccessors: .CausalityInterface10

===========================================================================================
----------------- testing Sun Sep 29 05:44:41 UTC 2019 /home/travis/build/icyphy/ptII/ptolemy/domains/continuous/test/auto/CausalityInterface11.xml
----------------- Instantiating /home/travis/build/icyphy/ptII/ptolemy/domains/continuous/test/auto/CausalityInterface11.xml
7 ms. Memory: 227328K Free: 155791K (69%)
----------------- Invoking toplevel() on ptolemy.moml.MoMLSimpleApplication@29826ee4
----------------- Done invoking toplevel() on ptolemy.moml.MoMLSimpleApplication@29826ee4
reloadAllAccessors: .CausalityInterface11

===========================================================================================
----------------- testing Sun Sep 29 05:44:41 UTC 2019 /home/travis/build/icyphy/ptII/ptolemy/domains/continuous/test/auto/CausalityInterface12.xml
----------------- Instantiating /home/travis/build/icyphy/ptII/ptolemy/domains/continuous/test/auto/CausalityInterface12.xml
11 ms. Memory: 227328K Free: 149647K (66%)
----------------- Invoking toplevel() on ptolemy.moml.MoMLSimpleApplication@2ea76482
----------------- Done invoking toplevel() on ptolemy.moml.MoMLSimpleApplication@2ea76482
reloadAllAccessors: .CausalityInterface12

===========================================================================================
----------------- testing Sun Sep 29 05:44:41 UTC 2019 /home/travis/build/icyphy/ptII/ptolemy/domains/continuous/test/auto/CausalityInterface13.xml
----------------- Instantiating /home/travis/build/icyphy/ptII/ptolemy/domains/continuous/test/auto/CausalityInterface13.xml
7 ms. Memory: 227328K Free: 143503K (63%)
----------------- Invoking toplevel() on ptolemy.moml.MoMLSimpleApplication@5539191b
----------------- Done invoking toplevel() on ptolemy.moml.MoMLSimpleApplication@5539191b
reloadAllAccessors: .CausalityInterface13

===========================================================================================
----------------- testing Sun Sep 29 05:44:41 UTC 2019 /home/travis/build/icyphy/ptII/ptolemy/domains/continuous/test/auto/CausalityInterface14.xml
----------------- Instantiating /home/travis/build/icyphy/ptII/ptolemy/domains/continuous/test/auto/CausalityInterface14.xml
6 ms. Memory: 227328K Free: 137839K (61%)
----------------- Invoking toplevel() on ptolemy.moml.MoMLSimpleApplication@5fca8191
----------------- Done invoking toplevel() on ptolemy.moml.MoMLSimpleApplication@5fca8191
reloadAllAccessors: .CausalityInterface14

===========================================================================================
----------------- testing Sun Sep 29 05:44:41 UTC 2019 /home/travis/build/icyphy/ptII/ptolemy/domains/continuous/test/auto/CausalityInterface4.xml
----------------- Instantiating /home/travis/build/icyphy/ptII/ptolemy/domains/continuous/test/auto/CausalityInterface4.xml
7 ms. Memory: 227328K Free: 130687K (57%)
----------------- Invoking toplevel() on ptolemy.moml.MoMLSimpleApplication@46f56baa
----------------- Done invoking toplevel() on ptolemy.moml.MoMLSimpleApplication@46f56baa
reloadAllAccessors: .CausalityInterface4

===========================================================================================
----------------- testing Sun Sep 29 05:44:41 UTC 2019 /home/travis/build/icyphy/ptII/ptolemy/domains/continuous/test/auto/CausalityInterface5.xml
----------------- Instantiating /home/travis/build/icyphy/ptII/ptolemy/domains/continuous/test/auto/CausalityInterface5.xml
8 ms. Memory: 227328K Free: 122509K (54%)
----------------- Invoking toplevel() on ptolemy.moml.MoMLSimpleApplication@4fa8ed7d
----------------- Done invoking toplevel() on ptolemy.moml.MoMLSimpleApplication@4fa8ed7d
reloadAllAccessors: .CausalityInterface5

===========================================================================================
----------------- testing Sun Sep 29 05:44:41 UTC 2019 /home/travis/build/icyphy/ptII/ptolemy/domains/continuous/test/auto/CausalityInterface6.xml
----------------- Instantiating /home/travis/build/icyphy/ptII/ptolemy/domains/continuous/test/auto/CausalityInterface6.xml
4 ms. Memory: 227328K Free: 117375K (52%)
----------------- Invoking toplevel() on ptolemy.moml.MoMLSimpleApplication@65e2cd0a
----------------- Done invoking toplevel() on ptolemy.moml.MoMLSimpleApplication@65e2cd0a
reloadAllAccessors: .CausalityInterface6

===========================================================================================
----------------- testing Sun Sep 29 05:44:41 UTC 2019 /home/travis/build/icyphy/ptII/ptolemy/domains/continuous/test/auto/CausalityInterface7.xml
----------------- Instantiating /home/travis/build/icyphy/ptII/ptolemy/domains/continuous/test/auto/CausalityInterface7.xml
10 ms. Memory: 227328K Free: 108687K (48%)
----------------- Invoking toplevel() on ptolemy.moml.MoMLSimpleApplication@c69cbf9
----------------- Done invoking toplevel() on ptolemy.moml.MoMLSimpleApplication@c69cbf9
reloadAllAccessors: .CausalityInterface7

===========================================================================================
----------------- testing Sun Sep 29 05:44:42 UTC 2019 /home/travis/build/icyphy/ptII/ptolemy/domains/continuous/test/auto/CausalityInterface8.xml
----------------- Instantiating /home/travis/build/icyphy/ptII/ptolemy/domains/continuous/test/auto/CausalityInterface8.xml
7 ms. Memory: 227328K Free: 99471K (44%)
----------------- Invoking toplevel() on ptolemy.moml.MoMLSimpleApplication@412656a1
----------------- Done invoking toplevel() on ptolemy.moml.MoMLSimpleApplication@412656a1
reloadAllAccessors: .CausalityInterface8

===========================================================================================
----------------- testing Sun Sep 29 05:44:42 UTC 2019 /home/travis/build/icyphy/ptII/ptolemy/domains/continuous/test/auto/CausalityInterface9.xml
----------------- Instantiating /home/travis/build/icyphy/ptII/ptolemy/domains/continuous/test/auto/CausalityInterface9.xml
10 ms. Memory: 227328K Free: 88717K (39%)
----------------- Invoking toplevel() on ptolemy.moml.MoMLSimpleApplication@702a282d
----------------- Done invoking toplevel() on ptolemy.moml.MoMLSimpleApplication@702a282d
reloadAllAccessors: .CausalityInterface9

===========================================================================================
----------------- testing Sun Sep 29 05:44:42 UTC 2019 /home/travis/build/icyphy/ptII/ptolemy/domains/continuous/test/auto/CausalityInterfaceFeedback1.xml
----------------- Instantiating /home/travis/build/icyphy/ptII/ptolemy/domains/continuous/test/auto/CausalityInterfaceFeedback1.xml
6 ms. Memory: 227328K Free: 82063K (36%)
----------------- Invoking toplevel() on ptolemy.moml.MoMLSimpleApplication@442312e6
----------------- Done invoking toplevel() on ptolemy.moml.MoMLSimpleApplication@442312e6
reloadAllAccessors: .CausalityInterfaceFeedback1

===========================================================================================
----------------- testing Sun Sep 29 05:44:42 UTC 2019 /home/travis/build/icyphy/ptII/ptolemy/domains/continuous/test/auto/CausalityInterfaceFeedback2.xml
----------------- Instantiating /home/travis/build/icyphy/ptII/ptolemy/domains/continuous/test/auto/CausalityInterfaceFeedback2.xml
2 ms. Memory: 227328K Free: 210883K (93%)
----------------- Invoking toplevel() on ptolemy.moml.MoMLSimpleApplication@3164abe2
----------------- Done invoking toplevel() on ptolemy.moml.MoMLSimpleApplication@3164abe2
reloadAllAccessors: .CausalityInterfaceFeedback2

===========================================================================================
----------------- testing Sun Sep 29 05:44:42 UTC 2019 /home/travis/build/icyphy/ptII/ptolemy/domains/continuous/test/auto/CompareWithCurrentTime.xml
----------------- Instantiating /home/travis/build/icyphy/ptII/ptolemy/domains/continuous/test/auto/CompareWithCurrentTime.xml
3 ms. Memory: 227328K Free: 206801K (91%)
----------------- Invoking toplevel() on ptolemy.moml.MoMLSimpleApplication@9885f7c
----------------- Done invoking toplevel() on ptolemy.moml.MoMLSimpleApplication@9885f7c
reloadAllAccessors: .CompareWithCurrentTime

===========================================================================================
----------------- testing Sun Sep 29 05:44:42 UTC 2019 /home/travis/build/icyphy/ptII/ptolemy/domains/continuous/test/auto/ComparedClocks.xml
----------------- Instantiating /home/travis/build/icyphy/ptII/ptolemy/domains/continuous/test/auto/ComparedClocks.xml
6 ms. Memory: 227328K Free: 191427K (84%)
----------------- Invoking toplevel() on ptolemy.moml.MoMLSimpleApplication@745004e8
----------------- Done invoking toplevel() on ptolemy.moml.MoMLSimpleApplication@745004e8
reloadAllAccessors: .ComparedClocks

===========================================================================================
----------------- testing Sun Sep 29 05:44:42 UTC 2019 /home/travis/build/icyphy/ptII/ptolemy/domains/continuous/test/auto/ContinuousAOCClone.xml
----------------- Instantiating /home/travis/build/icyphy/ptII/ptolemy/domains/continuous/test/auto/ContinuousAOCClone.xml
2503 ms. Memory: 273408K Free: 237145K (87%)
----------------- Invoking toplevel() on ptolemy.moml.MoMLSimpleApplication@24e12641
----------------- Done invoking toplevel() on ptolemy.moml.MoMLSimpleApplication@24e12641
reloadAllAccessors: .ContinuousAOCClone

===========================================================================================
----------------- testing Sun Sep 29 05:44:44 UTC 2019 /home/travis/build/icyphy/ptII/ptolemy/domains/continuous/test/auto/ContinuousClock.xml
----------------- Instantiating /home/travis/build/icyphy/ptII/ptolemy/domains/continuous/test/auto/ContinuousClock.xml
38 ms. Memory: 273408K Free: 215131K (79%)
----------------- Invoking toplevel() on ptolemy.moml.MoMLSimpleApplication@74d0a87c
----------------- Done invoking toplevel() on ptolemy.moml.MoMLSimpleApplication@74d0a87c
reloadAllAccessors: .ContinuousClock

===========================================================================================
----------------- testing Sun Sep 29 05:44:45 UTC 2019 /home/travis/build/icyphy/ptII/ptolemy/domains/continuous/test/auto/ContinuousInContinuous.xml
----------------- Instantiating /home/travis/build/icyphy/ptII/ptolemy/domains/continuous/test/auto/ContinuousInContinuous.xml
41 ms. Memory: 273408K Free: 192075K (70%)
----------------- Invoking toplevel() on ptolemy.moml.MoMLSimpleApplication@201c6023
----------------- Done invoking toplevel() on ptolemy.moml.MoMLSimpleApplication@201c6023
reloadAllAccessors: .ContinuousInContinuous

===========================================================================================
----------------- testing Sun Sep 29 05:44:45 UTC 2019 /home/travis/build/icyphy/ptII/ptolemy/domains/continuous/test/auto/ContinuousInContinuousInContinuous.xml
----------------- Instantiating /home/travis/build/icyphy/ptII/ptolemy/domains/continuous/test/auto/ContinuousInContinuousInContinuous.xml
9 ms. Memory: 273408K Free: 183897K (67%)
----------------- Invoking toplevel() on ptolemy.moml.MoMLSimpleApplication@58037611
----------------- Done invoking toplevel() on ptolemy.moml.MoMLSimpleApplication@58037611
reloadAllAccessors: .ContinuousInContinuousInContinuous

===========================================================================================
----------------- testing Sun Sep 29 05:44:45 UTC 2019 /home/travis/build/icyphy/ptII/ptolemy/domains/continuous/test/auto/ContinuousInDE.xml
----------------- Instantiating /home/travis/build/icyphy/ptII/ptolemy/domains/continuous/test/auto/ContinuousInDE.xml
102 ms. Memory: 273408K Free: 173147K (63%)
----------------- Invoking toplevel() on ptolemy.moml.MoMLSimpleApplication@7278342
----------------- Done invoking toplevel() on ptolemy.moml.MoMLSimpleApplication@7278342
reloadAllAccessors: .ContinuousInDE

===========================================================================================
----------------- testing Sun Sep 29 05:44:45 UTC 2019 /home/travis/build/icyphy/ptII/ptolemy/domains/continuous/test/auto/ContinuousInDE2.xml
----------------- Instantiating /home/travis/build/icyphy/ptII/ptolemy/domains/continuous/test/auto/ContinuousInDE2.xml
38 ms. Memory: 273408K Free: 163417K (60%)
----------------- Invoking toplevel() on ptolemy.moml.MoMLSimpleApplication@6d1ee21c
----------------- Done invoking toplevel() on ptolemy.moml.MoMLSimpleApplication@6d1ee21c
reloadAllAccessors: .ContinuousInDE2

===========================================================================================
----------------- testing Sun Sep 29 05:44:45 UTC 2019 /home/travis/build/icyphy/ptII/ptolemy/domains/continuous/test/auto/ContinuousInDE3.xml
----------------- Instantiating /home/travis/build/icyphy/ptII/ptolemy/domains/continuous/test/auto/ContinuousInDE3.xml
37 ms. Memory: 273408K Free: 153691K (56%)
----------------- Invoking toplevel() on ptolemy.moml.MoMLSimpleApplication@3662d4b
----------------- Done invoking toplevel() on ptolemy.moml.MoMLSimpleApplication@3662d4b
reloadAllAccessors: .ContinuousInDE3

===========================================================================================
----------------- testing Sun Sep 29 05:44:45 UTC 2019 /home/travis/build/icyphy/ptII/ptolemy/domains/continuous/test/auto/ContinuousInDE4.xml
----------------- Instantiating /home/travis/build/icyphy/ptII/ptolemy/domains/continuous/test/auto/ContinuousInDE4.xml
16 ms. Memory: 273408K Free: 147547K (54%)
----------------- Invoking toplevel() on ptolemy.moml.MoMLSimpleApplication@5e8a0bf5
----------------- Done invoking toplevel() on ptolemy.moml.MoMLSimpleApplication@5e8a0bf5
reloadAllAccessors: .ContinuousInDE4

===========================================================================================
----------------- testing Sun Sep 29 05:44:45 UTC 2019 /home/travis/build/icyphy/ptII/ptolemy/domains/continuous/test/auto/ContinuousInDEDifferentRefinements.xml
----------------- Instantiating /home/travis/build/icyphy/ptII/ptolemy/domains/continuous/test/auto/ContinuousInDEDifferentRefinements.xml
51 ms. Memory: 273408K Free: 116299K (43%)
----------------- Invoking toplevel() on ptolemy.moml.MoMLSimpleApplication@4b35da4e
----------------- Done invoking toplevel() on ptolemy.moml.MoMLSimpleApplication@4b35da4e
reloadAllAccessors: .ContinuousInDEDifferentRefinements

===========================================================================================
----------------- testing Sun Sep 29 05:44:45 UTC 2019 /home/travis/build/icyphy/ptII/ptolemy/domains/continuous/test/auto/ContinuousInDEDifferentRefinementsPreemptive.xml
----------------- Instantiating /home/travis/build/icyphy/ptII/ptolemy/domains/continuous/test/auto/ContinuousInDEDifferentRefinementsPreemptive.xml
49 ms. Memory: 273408K Free: 248496K (91%)
----------------- Invoking toplevel() on ptolemy.moml.MoMLSimpleApplication@513362ae
----------------- Done invoking toplevel() on ptolemy.moml.MoMLSimpleApplication@513362ae
reloadAllAccessors: .ContinuousInDEDifferentRefinementsPreemptive

===========================================================================================
----------------- testing Sun Sep 29 05:44:45 UTC 2019 /home/travis/build/icyphy/ptII/ptolemy/domains/continuous/test/auto/ContinuousInDEInContinuous2.xml
----------------- Instantiating /home/travis/build/icyphy/ptII/ptolemy/domains/continuous/test/auto/ContinuousInDEInContinuous2.xml
35 ms. Memory: 273408K Free: 236537K (87%)
----------------- Invoking toplevel() on ptolemy.moml.MoMLSimpleApplication@60f03911
----------------- Done invoking toplevel() on ptolemy.moml.MoMLSimpleApplication@60f03911
reloadAllAccessors: .ContinuousInDEInContinuous2

===========================================================================================
----------------- testing Sun Sep 29 05:44:45 UTC 2019 /home/travis/build/icyphy/ptII/ptolemy/domains/continuous/test/auto/ContinuousInDEInContinuous3.xml
----------------- Instantiating /home/travis/build/icyphy/ptII/ptolemy/domains/continuous/test/auto/ContinuousInDEInContinuous3.xml
33 ms. Memory: 273408K Free: 224249K (82%)
----------------- Invoking toplevel() on ptolemy.moml.MoMLSimpleApplication@2785de4b
----------------- Done invoking toplevel() on ptolemy.moml.MoMLSimpleApplication@2785de4b
reloadAllAccessors: .ContinuousInDEInContinuous3

===========================================================================================
----------------- testing Sun Sep 29 05:44:45 UTC 2019 /home/travis/build/icyphy/ptII/ptolemy/domains/continuous/test/auto/ContinuousInDEInput.xml
----------------- Instantiating /home/travis/build/icyphy/ptII/ptolemy/domains/continuous/test/auto/ContinuousInDEInput.xml
17 ms. Memory: 273408K Free: 217081K (79%)
----------------- Invoking toplevel() on ptolemy.moml.MoMLSimpleApplication@241b3295
----------------- Done invoking toplevel() on ptolemy.moml.MoMLSimpleApplication@241b3295
reloadAllAccessors: .ContinuousInDEInput

===========================================================================================
----------------- testing Sun Sep 29 05:44:45 UTC 2019 /home/travis/build/icyphy/ptII/ptolemy/domains/continuous/test/auto/ContinuousInDEInput2.xml
----------------- Instantiating /home/travis/build/icyphy/ptII/ptolemy/domains/continuous/test/auto/ContinuousInDEInput2.xml
13 ms. Memory: 273408K Free: 209913K (77%)
----------------- Invoking toplevel() on ptolemy.moml.MoMLSimpleApplication@48b71e9c
----------------- Done invoking toplevel() on ptolemy.moml.MoMLSimpleApplication@48b71e9c
reloadAllAccessors: .ContinuousInDEInput2

===========================================================================================
----------------- testing Sun Sep 29 05:44:45 UTC 2019 /home/travis/build/icyphy/ptII/ptolemy/domains/continuous/test/auto/ContinuousInDEInput3.xml
----------------- Instantiating /home/travis/build/icyphy/ptII/ptolemy/domains/continuous/test/auto/ContinuousInDEInput3.xml
15 ms. Memory: 273408K Free: 202745K (74%)
----------------- Invoking toplevel() on ptolemy.moml.MoMLSimpleApplication@1d9e25ad
----------------- Done invoking toplevel() on ptolemy.moml.MoMLSimpleApplication@1d9e25ad
reloadAllAccessors: .ContinuousInDEInput3

===========================================================================================
----------------- testing Sun Sep 29 05:44:45 UTC 2019 /home/travis/build/icyphy/ptII/ptolemy/domains/continuous/test/auto/ContinuousInDESharingRefinement.xml
----------------- Instantiating /home/travis/build/icyphy/ptII/ptolemy/domains/continuous/test/auto/ContinuousInDESharingRefinement.xml
142 ms. Memory: 273408K Free: 108023K (40%)
----------------- Invoking toplevel() on ptolemy.moml.MoMLSimpleApplication@364def06
----------------- Done invoking toplevel() on ptolemy.moml.MoMLSimpleApplication@364def06
reloadAllAccessors: .ContinuousInDESharingRefinement

===========================================================================================
----------------- testing Sun Sep 29 05:44:46 UTC 2019 /home/travis/build/icyphy/ptII/ptolemy/domains/continuous/test/auto/ContinuousInDEwithNoPorts.xml
----------------- Instantiating /home/travis/build/icyphy/ptII/ptolemy/domains/continuous/test/auto/ContinuousInDEwithNoPorts.xml
4 ms. Memory: 273408K Free: 103921K (38%)
----------------- Invoking toplevel() on ptolemy.moml.MoMLSimpleApplication@2108c0e1
----------------- Done invoking toplevel() on ptolemy.moml.MoMLSimpleApplication@2108c0e1
reloadAllAccessors: .ContinuousInDEwithNoPorts

===========================================================================================
----------------- testing Sun Sep 29 05:44:46 UTC 2019 /home/travis/build/icyphy/ptII/ptolemy/domains/continuous/test/auto/ContinuousInsideDE.xml
----------------- Instantiating /home/travis/build/icyphy/ptII/ptolemy/domains/continuous/test/auto/ContinuousInsideDE.xml
41 ms. Memory: 273408K Free: 255524K (93%)
----------------- Invoking toplevel() on ptolemy.moml.MoMLSimpleApplication@5f9b6af
----------------- Done invoking toplevel() on ptolemy.moml.MoMLSimpleApplication@5f9b6af
reloadAllAccessors: .ContinuousInsideDE

===========================================================================================
----------------- testing Sun Sep 29 05:44:46 UTC 2019 /home/travis/build/icyphy/ptII/ptolemy/domains/continuous/test/auto/ContinuousMerge1.xml
----------------- Instantiating /home/travis/build/icyphy/ptII/ptolemy/domains/continuous/test/auto/ContinuousMerge1.xml
2 ms. Memory: 273408K Free: 250390K (92%)
----------------- Invoking toplevel() on ptolemy.moml.MoMLSimpleApplication@de1203f
----------------- Done invoking toplevel() on ptolemy.moml.MoMLSimpleApplication@de1203f
reloadAllAccessors: .ContinuousMerge1

===========================================================================================
----------------- testing Sun Sep 29 05:44:46 UTC 2019 /home/travis/build/icyphy/ptII/ptolemy/domains/continuous/test/auto/ContinuousMerge2.xml
----------------- Instantiating /home/travis/build/icyphy/ptII/ptolemy/domains/continuous/test/auto/ContinuousMerge2.xml
15 ms. Memory: 273408K Free: 240164K (88%)
----------------- Invoking toplevel() on ptolemy.moml.MoMLSimpleApplication@d159acf
----------------- Done invoking toplevel() on ptolemy.moml.MoMLSimpleApplication@d159acf
reloadAllAccessors: .ContinuousMerge2

===========================================================================================
----------------- testing Sun Sep 29 05:44:46 UTC 2019 /home/travis/build/icyphy/ptII/ptolemy/domains/continuous/test/auto/ContinuousMerge3.xml
----------------- Instantiating /home/travis/build/icyphy/ptII/ptolemy/domains/continuous/test/auto/ContinuousMerge3.xml
43 ms. Memory: 273408K Free: 229414K (84%)
----------------- Invoking toplevel() on ptolemy.moml.MoMLSimpleApplication@7e42d4aa
----------------- Done invoking toplevel() on ptolemy.moml.MoMLSimpleApplication@7e42d4aa
reloadAllAccessors: .ContinuousMerge3

===========================================================================================
----------------- testing Sun Sep 29 05:44:46 UTC 2019 /home/travis/build/icyphy/ptII/ptolemy/domains/continuous/test/auto/ContinuousWithinContinuous.xml
----------------- Instantiating /home/travis/build/icyphy/ptII/ptolemy/domains/continuous/test/auto/ContinuousWithinContinuous.xml
34 ms. Memory: 273408K Free: 219684K (80%)
----------------- Invoking toplevel() on ptolemy.moml.MoMLSimpleApplication@74f89ba
----------------- Done invoking toplevel() on ptolemy.moml.MoMLSimpleApplication@74f89ba
reloadAllAccessors: .ContinuousWithinContinuous

===========================================================================================
----------------- testing Sun Sep 29 05:44:46 UTC 2019 /home/travis/build/icyphy/ptII/ptolemy/domains/continuous/test/auto/ContinuousWithinContinuous2.xml
----------------- Instantiating /home/travis/build/icyphy/ptII/ptolemy/domains/continuous/test/auto/ContinuousWithinContinuous2.xml
65 ms. Memory: 273408K Free: 208420K (76%)
----------------- Invoking toplevel() on ptolemy.moml.MoMLSimpleApplication@7b2a1b23
----------------- Done invoking toplevel() on ptolemy.moml.MoMLSimpleApplication@7b2a1b23
reloadAllAccessors: .ContinuousWithinContinuous2

===========================================================================================
----------------- testing Sun Sep 29 05:44:46 UTC 2019 /home/travis/build/icyphy/ptII/ptolemy/domains/continuous/test/auto/ContinuousWithinContinuous3.xml
----------------- Instantiating /home/travis/build/icyphy/ptII/ptolemy/domains/continuous/test/auto/ContinuousWithinContinuous3.xml
12 ms. Memory: 273408K Free: 201766K (74%)
----------------- Invoking toplevel() on ptolemy.moml.MoMLSimpleApplication@1ff05287
----------------- Done invoking toplevel() on ptolemy.moml.MoMLSimpleApplication@1ff05287
reloadAllAccessors: .ContinuousWithinContinuous3

===========================================================================================
----------------- testing Sun Sep 29 05:44:46 UTC 2019 /home/travis/build/icyphy/ptII/ptolemy/domains/continuous/test/auto/ContinuousWithinContinuous4.xml
----------------- Instantiating /home/travis/build/icyphy/ptII/ptolemy/domains/continuous/test/auto/ContinuousWithinContinuous4.xml
72 ms. Memory: 273408K Free: 188964K (69%)
----------------- Invoking toplevel() on ptolemy.moml.MoMLSimpleApplication@6b7e7bb3
----------------- Done invoking toplevel() on ptolemy.moml.MoMLSimpleApplication@6b7e7bb3
reloadAllAccessors: .ContinuousWithinContinuous4

===========================================================================================
----------------- testing Sun Sep 29 05:44:46 UTC 2019 /home/travis/build/icyphy/ptII/ptolemy/domains/continuous/test/auto/ContinuousWithinContinuous5.xml
----------------- Instantiating /home/travis/build/icyphy/ptII/ptolemy/domains/continuous/test/auto/ContinuousWithinContinuous5.xml
12 ms. Memory: 273408K Free: 181796K (66%)
----------------- Invoking toplevel() on ptolemy.moml.MoMLSimpleApplication@24499308
----------------- Done invoking toplevel() on ptolemy.moml.MoMLSimpleApplication@24499308
reloadAllAccessors: .ContinuousWithinContinuous5

===========================================================================================
----------------- testing Sun Sep 29 05:44:46 UTC 2019 /home/travis/build/icyphy/ptII/ptolemy/domains/continuous/test/auto/ContinuousWithinContinuous6.xml
----------------- Instantiating /home/travis/build/icyphy/ptII/ptolemy/domains/continuous/test/auto/ContinuousWithinContinuous6.xml
12 ms. Memory: 273408K Free: 174628K (64%)
----------------- Invoking toplevel() on ptolemy.moml.MoMLSimpleApplication@61b5b836
----------------- Done invoking toplevel() on ptolemy.moml.MoMLSimpleApplication@61b5b836
reloadAllAccessors: .ContinuousWithinContinuous6

===========================================================================================
----------------- testing Sun Sep 29 05:44:46 UTC 2019 /home/travis/build/icyphy/ptII/ptolemy/domains/continuous/test/auto/ContinuousWithinContinuous7.xml
----------------- Instantiating /home/travis/build/icyphy/ptII/ptolemy/domains/continuous/test/auto/ContinuousWithinContinuous7.xml
56 ms. Memory: 273408K Free: 163364K (60%)
----------------- Invoking toplevel() on ptolemy.moml.MoMLSimpleApplication@4aa83dfa
----------------- Done invoking toplevel() on ptolemy.moml.MoMLSimpleApplication@4aa83dfa
reloadAllAccessors: .ContinuousWithinContinuous7

===========================================================================================
----------------- testing Sun Sep 29 05:44:46 UTC 2019 /home/travis/build/icyphy/ptII/ptolemy/domains/continuous/test/auto/DCMotor.xml
----------------- Instantiating /home/travis/build/icyphy/ptII/ptolemy/domains/continuous/test/auto/DCMotor.xml
13979 ms. Memory: 273408K Free: 144103K (53%)
----------------- Invoking toplevel() on ptolemy.moml.MoMLSimpleApplication@7e646363
----------------- Done invoking toplevel() on ptolemy.moml.MoMLSimpleApplication@7e646363
reloadAllAccessors: .DCMotor

===========================================================================================
----------------- testing Sun Sep 29 05:45:00 UTC 2019 /home/travis/build/icyphy/ptII/ptolemy/domains/continuous/test/auto/DEInContinuous.xml
----------------- Instantiating /home/travis/build/icyphy/ptII/ptolemy/domains/continuous/test/auto/DEInContinuous.xml
29 ms. Memory: 273408K Free: 137959K (50%)
----------------- Invoking toplevel() on ptolemy.moml.MoMLSimpleApplication@670c09a4
----------------- Done invoking toplevel() on ptolemy.moml.MoMLSimpleApplication@670c09a4
reloadAllAccessors: .DEInContinuous

===========================================================================================
----------------- testing Sun Sep 29 05:45:00 UTC 2019 /home/travis/build/icyphy/ptII/ptolemy/domains/continuous/test/auto/DEinContinuous2.xml
----------------- Instantiating /home/travis/build/icyphy/ptII/ptolemy/domains/continuous/test/auto/DEinContinuous2.xml
6 ms. Memory: 273408K Free: 129767K (47%)
----------------- Invoking toplevel() on ptolemy.moml.MoMLSimpleApplication@45f26a6f
----------------- Done invoking toplevel() on ptolemy.moml.MoMLSimpleApplication@45f26a6f
reloadAllAccessors: .DEinContinuous2

===========================================================================================
----------------- testing Sun Sep 29 05:45:00 UTC 2019 /home/travis/build/icyphy/ptII/ptolemy/domains/continuous/test/auto/Derivative.xml
----------------- Instantiating /home/travis/build/icyphy/ptII/ptolemy/domains/continuous/test/auto/Derivative.xml
155 ms. Memory: 273408K Free: 100071K (37%)
----------------- Invoking toplevel() on ptolemy.moml.MoMLSimpleApplication@26a8fb95
----------------- Done invoking toplevel() on ptolemy.moml.MoMLSimpleApplication@26a8fb95
reloadAllAccessors: .Derivative2

===========================================================================================
----------------- testing Sun Sep 29 05:45:01 UTC 2019 /home/travis/build/icyphy/ptII/ptolemy/domains/continuous/test/auto/Derivative1.xml
----------------- Instantiating /home/travis/build/icyphy/ptII/ptolemy/domains/continuous/test/auto/Derivative1.xml
18 ms. Memory: 273408K Free: 248670K (91%)
----------------- Invoking toplevel() on ptolemy.moml.MoMLSimpleApplication@6fca696c
----------------- Done invoking toplevel() on ptolemy.moml.MoMLSimpleApplication@6fca696c
reloadAllAccessors: .Derivative1

===========================================================================================
----------------- testing Sun Sep 29 05:45:01 UTC 2019 /home/travis/build/icyphy/ptII/ptolemy/domains/continuous/test/auto/DiscreteClock.xml
----------------- Instantiating /home/travis/build/icyphy/ptII/ptolemy/domains/continuous/test/auto/DiscreteClock.xml
5 ms. Memory: 273408K Free: 243553K (89%)
----------------- Invoking toplevel() on ptolemy.moml.MoMLSimpleApplication@2f5879ab
----------------- Done invoking toplevel() on ptolemy.moml.MoMLSimpleApplication@2f5879ab
reloadAllAccessors: .DiscreteClock

===========================================================================================
----------------- testing Sun Sep 29 05:45:01 UTC 2019 /home/travis/build/icyphy/ptII/ptolemy/domains/continuous/test/auto/EfficiencyCurve.xml
----------------- Instantiating /home/travis/build/icyphy/ptII/ptolemy/domains/continuous/test/auto/EfficiencyCurve.xml
60 ms. Memory: 273408K Free: 234337K (86%)
----------------- Invoking toplevel() on ptolemy.moml.MoMLSimpleApplication@162f041a
----------------- Done invoking toplevel() on ptolemy.moml.MoMLSimpleApplication@162f041a
reloadAllAccessors: .EfficiencyCurve

===========================================================================================
----------------- testing Sun Sep 29 05:45:01 UTC 2019 /home/travis/build/icyphy/ptII/ptolemy/domains/continuous/test/auto/ExponentialResponse.xml
----------------- Instantiating /home/travis/build/icyphy/ptII/ptolemy/domains/continuous/test/auto/ExponentialResponse.xml
115 ms. Memory: 273408K Free: 218467K (80%)
----------------- Invoking toplevel() on ptolemy.moml.MoMLSimpleApplication@11506235
----------------- Done invoking toplevel() on ptolemy.moml.MoMLSimpleApplication@11506235
reloadAllAccessors: .ExponentialResponse

===========================================================================================
----------------- testing Sun Sep 29 05:45:01 UTC 2019 /home/travis/build/icyphy/ptII/ptolemy/domains/continuous/test/auto/ExponentialResponseRK45.xml
----------------- Instantiating /home/travis/build/icyphy/ptII/ptolemy/domains/continuous/test/auto/ExponentialResponseRK45.xml
26 ms. Memory: 273408K Free: 211809K (77%)
----------------- Invoking toplevel() on ptolemy.moml.MoMLSimpleApplication@5fe0dfcb
----------------- Done invoking toplevel() on ptolemy.moml.MoMLSimpleApplication@5fe0dfcb
reloadAllAccessors: .ExponentialResponseRK45

===========================================================================================
----------------- testing Sun Sep 29 05:45:01 UTC 2019 /home/travis/build/icyphy/ptII/ptolemy/domains/continuous/test/auto/Friction.xml
----------------- Instantiating /home/travis/build/icyphy/ptII/ptolemy/domains/continuous/test/auto/Friction.xml
1595 ms. Memory: 273408K Free: 105948K (39%)
----------------- Invoking toplevel() on ptolemy.moml.MoMLSimpleApplication@4a900fec
----------------- Done invoking toplevel() on ptolemy.moml.MoMLSimpleApplication@4a900fec
reloadAllAccessors: .Friction

===========================================================================================
----------------- testing Sun Sep 29 05:45:03 UTC 2019 /home/travis/build/icyphy/ptII/ptolemy/domains/continuous/test/auto/FurutaPendulum.xml
----------------- Instantiating /home/travis/build/icyphy/ptII/ptolemy/domains/continuous/test/auto/FurutaPendulum.xml
3459 ms. Memory: 273408K Free: 248430K (91%)
----------------- Invoking toplevel() on ptolemy.moml.MoMLSimpleApplication@6fe421d5
----------------- Done invoking toplevel() on ptolemy.moml.MoMLSimpleApplication@6fe421d5
reloadAllAccessors: .FurutaPendulum

===========================================================================================
----------------- testing Sun Sep 29 05:45:06 UTC 2019 /home/travis/build/icyphy/ptII/ptolemy/domains/continuous/test/auto/HierarchicalExecution.xml
----------------- Instantiating /home/travis/build/icyphy/ptII/ptolemy/domains/continuous/test/auto/HierarchicalExecution.xml
1867 ms. Memory: 273408K Free: 121574K (44%)
----------------- Invoking toplevel() on ptolemy.moml.MoMLSimpleApplication@50a5ace6
----------------- Done invoking toplevel() on ptolemy.moml.MoMLSimpleApplication@50a5ace6
reloadAllAccessors: .HierarchicalExecution

===========================================================================================
----------------- testing Sun Sep 29 05:45:09 UTC 2019 /home/travis/build/icyphy/ptII/ptolemy/domains/continuous/test/auto/HybridPlant.xml
----------------- Instantiating /home/travis/build/icyphy/ptII/ptolemy/domains/continuous/test/auto/HybridPlant.xml
543 ms. Memory: 273408K Free: 182488K (67%)
----------------- Invoking toplevel() on ptolemy.moml.MoMLSimpleApplication@17af1267
----------------- Done invoking toplevel() on ptolemy.moml.MoMLSimpleApplication@17af1267
reloadAllAccessors: .HybridPlant

===========================================================================================
----------------- testing Sun Sep 29 05:45:09 UTC 2019 /home/travis/build/icyphy/ptII/ptolemy/domains/continuous/test/auto/Hysteresis.xml
----------------- Instantiating /home/travis/build/icyphy/ptII/ptolemy/domains/continuous/test/auto/Hysteresis.xml
155 ms. Memory: 273408K Free: 119521K (44%)
----------------- Invoking toplevel() on ptolemy.moml.MoMLSimpleApplication@70d609f8
----------------- Done invoking toplevel() on ptolemy.moml.MoMLSimpleApplication@70d609f8
reloadAllAccessors: .Hysteresis

===========================================================================================
----------------- testing Sun Sep 29 05:45:09 UTC 2019 /home/travis/build/icyphy/ptII/ptolemy/domains/continuous/test/auto/HysteresisWithRandomDelay.xml
----------------- Instantiating /home/travis/build/icyphy/ptII/ptolemy/domains/continuous/test/auto/HysteresisWithRandomDelay.xml
188 ms. Memory: 273408K Free: 209874K (77%)
----------------- Invoking toplevel() on ptolemy.moml.MoMLSimpleApplication@39b50d9a
----------------- Done invoking toplevel() on ptolemy.moml.MoMLSimpleApplication@39b50d9a
reloadAllAccessors: .HysteresisWithRandomDelay

===========================================================================================
----------------- testing Sun Sep 29 05:45:10 UTC 2019 /home/travis/build/icyphy/ptII/ptolemy/domains/continuous/test/auto/HysteresisWithRandomLosses.xml
----------------- Instantiating /home/travis/build/icyphy/ptII/ptolemy/domains/continuous/test/auto/HysteresisWithRandomLosses.xml
2420 ms. Memory: 273408K Free: 102982K (38%)
----------------- Invoking toplevel() on ptolemy.moml.MoMLSimpleApplication@897a69e
----------------- Done invoking toplevel() on ptolemy.moml.MoMLSimpleApplication@897a69e
reloadAllAccessors: .HysteresisWithRandomLosses

===========================================================================================
----------------- testing Sun Sep 29 05:45:12 UTC 2019 /home/travis/build/icyphy/ptII/ptolemy/domains/continuous/test/auto/ImmediateTransitions.xml
----------------- Instantiating /home/travis/build/icyphy/ptII/ptolemy/domains/continuous/test/auto/ImmediateTransitions.xml
14 ms. Memory: 273408K Free: 254521K (93%)
----------------- Invoking toplevel() on ptolemy.moml.MoMLSimpleApplication@267b9bb1
----------------- Done invoking toplevel() on ptolemy.moml.MoMLSimpleApplication@267b9bb1
reloadAllAccessors: .ImmediateTransitions

===========================================================================================
----------------- testing Sun Sep 29 05:45:12 UTC 2019 /home/travis/build/icyphy/ptII/ptolemy/domains/continuous/test/auto/ImpulseFeedback.xml
----------------- Instantiating /home/travis/build/icyphy/ptII/ptolemy/domains/continuous/test/auto/ImpulseFeedback.xml
8 ms. Memory: 273408K Free: 248383K (91%)
----------------- Invoking toplevel() on ptolemy.moml.MoMLSimpleApplication@28a27c
----------------- Done invoking toplevel() on ptolemy.moml.MoMLSimpleApplication@28a27c
reloadAllAccessors: .ImpulseFeedback

===========================================================================================
----------------- testing Sun Sep 29 05:45:12 UTC 2019 /home/travis/build/icyphy/ptII/ptolemy/domains/continuous/test/auto/ImpulseFeedback2.xml
----------------- Instantiating /home/travis/build/icyphy/ptII/ptolemy/domains/continuous/test/auto/ImpulseFeedback2.xml
6 ms. Memory: 273408K Free: 242753K (89%)
----------------- Invoking toplevel() on ptolemy.moml.MoMLSimpleApplication@1664b35c
----------------- Done invoking toplevel() on ptolemy.moml.MoMLSimpleApplication@1664b35c
reloadAllAccessors: .ImpulseFeedback2

===========================================================================================
----------------- testing Sun Sep 29 05:45:12 UTC 2019 /home/travis/build/icyphy/ptII/ptolemy/domains/continuous/test/auto/IncreasingRatePoisson.xml
----------------- Instantiating /home/travis/build/icyphy/ptII/ptolemy/domains/continuous/test/auto/IncreasingRatePoisson.xml
711 ms. Memory: 273408K Free: 102866K (38%)
----------------- Invoking toplevel() on ptolemy.moml.MoMLSimpleApplication@7e65229a
----------------- Done invoking toplevel() on ptolemy.moml.MoMLSimpleApplication@7e65229a
reloadAllAccessors: .IncreasingRatePoisson

===========================================================================================
----------------- testing Sun Sep 29 05:45:13 UTC 2019 /home/travis/build/icyphy/ptII/ptolemy/domains/continuous/test/auto/InitialStateFeedback.xml
----------------- Instantiating /home/travis/build/icyphy/ptII/ptolemy/domains/continuous/test/auto/InitialStateFeedback.xml
3 ms. Memory: 273408K Free: 98290K (36%)
----------------- Invoking toplevel() on ptolemy.moml.MoMLSimpleApplication@2483016d
----------------- Done invoking toplevel() on ptolemy.moml.MoMLSimpleApplication@2483016d
reloadAllAccessors: .InitialStateFeedback

===========================================================================================
----------------- testing Sun Sep 29 05:45:13 UTC 2019 /home/travis/build/icyphy/ptII/ptolemy/domains/continuous/test/auto/Integration.xml
----------------- Instantiating /home/travis/build/icyphy/ptII/ptolemy/domains/continuous/test/auto/Integration.xml
15 ms. Memory: 273408K Free: 257277K (94%)
----------------- Invoking toplevel() on ptolemy.moml.MoMLSimpleApplication@5e6ced7
----------------- Done invoking toplevel() on ptolemy.moml.MoMLSimpleApplication@5e6ced7
reloadAllAccessors: .Integration

===========================================================================================
----------------- testing Sun Sep 29 05:45:13 UTC 2019 /home/travis/build/icyphy/ptII/ptolemy/domains/continuous/test/auto/Integration2.xml
----------------- Instantiating /home/travis/build/icyphy/ptII/ptolemy/domains/continuous/test/auto/Integration2.xml
85 ms. Memory: 273408K Free: 242427K (89%)
----------------- Invoking toplevel() on ptolemy.moml.MoMLSimpleApplication@7c312c49
----------------- Done invoking toplevel() on ptolemy.moml.MoMLSimpleApplication@7c312c49
reloadAllAccessors: .Integration2

===========================================================================================
----------------- testing Sun Sep 29 05:45:13 UTC 2019 /home/travis/build/icyphy/ptII/ptolemy/domains/continuous/test/auto/Integration3.xml
----------------- Instantiating /home/travis/build/icyphy/ptII/ptolemy/domains/continuous/test/auto/Integration3.xml
7 ms. Memory: 273408K Free: 237821K (87%)
----------------- Invoking toplevel() on ptolemy.moml.MoMLSimpleApplication@7724417e
----------------- Done invoking toplevel() on ptolemy.moml.MoMLSimpleApplication@7724417e
reloadAllAccessors: .Integration3

===========================================================================================
----------------- testing Sun Sep 29 05:45:13 UTC 2019 /home/travis/build/icyphy/ptII/ptolemy/domains/continuous/test/auto/Integration5.xml
----------------- Instantiating /home/travis/build/icyphy/ptII/ptolemy/domains/continuous/test/auto/Integration5.xml
3 ms. Memory: 273408K Free: 233725K (85%)
----------------- Invoking toplevel() on ptolemy.moml.MoMLSimpleApplication@1d9320a9
----------------- Done invoking toplevel() on ptolemy.moml.MoMLSimpleApplication@1d9320a9
reloadAllAccessors: .Integration5

===========================================================================================
----------------- testing Sun Sep 29 05:45:13 UTC 2019 /home/travis/build/icyphy/ptII/ptolemy/domains/continuous/test/auto/IntegratorImpulse.xml
----------------- Instantiating /home/travis/build/icyphy/ptII/ptolemy/domains/continuous/test/auto/IntegratorImpulse.xml
3 ms. Memory: 273408K Free: 229629K (84%)
----------------- Invoking toplevel() on ptolemy.moml.MoMLSimpleApplication@446372f4
----------------- Done invoking toplevel() on ptolemy.moml.MoMLSimpleApplication@446372f4
reloadAllAccessors: .IntegratorImpulse

===========================================================================================
----------------- testing Sun Sep 29 05:45:13 UTC 2019 /home/travis/build/icyphy/ptII/ptolemy/domains/continuous/test/auto/IntegratorImpulse2.xml
----------------- Instantiating /home/travis/build/icyphy/ptII/ptolemy/domains/continuous/test/auto/IntegratorImpulse2.xml
5 ms. Memory: 273408K Free: 224989K (82%)
----------------- Invoking toplevel() on ptolemy.moml.MoMLSimpleApplication@794846e
----------------- Done invoking toplevel() on ptolemy.moml.MoMLSimpleApplication@794846e
reloadAllAccessors: .IntegratorImpulse2

===========================================================================================
----------------- testing Sun Sep 29 05:45:13 UTC 2019 /home/travis/build/icyphy/ptII/ptolemy/domains/continuous/test/auto/LevelCrossing1.xml
----------------- Instantiating /home/travis/build/icyphy/ptII/ptolemy/domains/continuous/test/auto/LevelCrossing1.xml
9 ms. Memory: 273408K Free: 219885K (80%)
----------------- Invoking toplevel() on ptolemy.moml.MoMLSimpleApplication@594bdd70
----------------- Done invoking toplevel() on ptolemy.moml.MoMLSimpleApplication@594bdd70
reloadAllAccessors: .LevelCrossing1

===========================================================================================
----------------- testing Sun Sep 29 05:45:13 UTC 2019 /home/travis/build/icyphy/ptII/ptolemy/domains/continuous/test/auto/LevelCrossing2.xml
----------------- Instantiating /home/travis/build/icyphy/ptII/ptolemy/domains/continuous/test/auto/LevelCrossing2.xml
2 ms. Memory: 273408K Free: 214765K (79%)
----------------- Invoking toplevel() on ptolemy.moml.MoMLSimpleApplication@4f94abaf
----------------- Done invoking toplevel() on ptolemy.moml.MoMLSimpleApplication@4f94abaf
reloadAllAccessors: .LevelCrossing2

===========================================================================================
----------------- testing Sun Sep 29 05:45:13 UTC 2019 /home/travis/build/icyphy/ptII/ptolemy/domains/continuous/test/auto/LevelCrossing3.xml
----------------- Instantiating /home/travis/build/icyphy/ptII/ptolemy/domains/continuous/test/auto/LevelCrossing3.xml
2 ms. Memory: 273408K Free: 209659K (77%)
----------------- Invoking toplevel() on ptolemy.moml.MoMLSimpleApplication@4655719e
----------------- Done invoking toplevel() on ptolemy.moml.MoMLSimpleApplication@4655719e
reloadAllAccessors: .LevelCrossing3

===========================================================================================
----------------- testing Sun Sep 29 05:45:13 UTC 2019 /home/travis/build/icyphy/ptII/ptolemy/domains/continuous/test/auto/LevelCrossing4.xml
----------------- Instantiating /home/travis/build/icyphy/ptII/ptolemy/domains/continuous/test/auto/LevelCrossing4.xml
4 ms. Memory: 273408K Free: 204525K (75%)
----------------- Invoking toplevel() on ptolemy.moml.MoMLSimpleApplication@38ad8a28
----------------- Done invoking toplevel() on ptolemy.moml.MoMLSimpleApplication@38ad8a28
reloadAllAccessors: .LevelCrossing4

===========================================================================================
----------------- testing Sun Sep 29 05:45:13 UTC 2019 /home/travis/build/icyphy/ptII/ptolemy/domains/continuous/test/auto/LevelCrossing5.xml
----------------- Instantiating /home/travis/build/icyphy/ptII/ptolemy/domains/continuous/test/auto/LevelCrossing5.xml
4 ms. Memory: 273408K Free: 199419K (73%)
----------------- Invoking toplevel() on ptolemy.moml.MoMLSimpleApplication@2fbea7d1
----------------- Done invoking toplevel() on ptolemy.moml.MoMLSimpleApplication@2fbea7d1
reloadAllAccessors: .LevelCrossing5

===========================================================================================
[...]
----------------- testing Sun Sep 29 05:45:31 UTC 2019 /home/travis/build/icyphy/ptII/ptolemy/domains/continuous/test/auto/SRinContinuous.xml
----------------- Instantiating /home/travis/build/icyphy/ptII/ptolemy/domains/continuous/test/auto/SRinContinuous.xml
4 ms. Memory: 273408K Free: 194739K (71%)
----------------- Invoking toplevel() on ptolemy.moml.MoMLSimpleApplication@7b5450d4
----------------- Done invoking toplevel() on ptolemy.moml.MoMLSimpleApplication@7b5450d4
reloadAllAccessors: .SRinContinuous

===========================================================================================
----------------- testing Sun Sep 29 05:45:31 UTC 2019 /home/travis/build/icyphy/ptII/ptolemy/domains/continuous/test/auto/SampledClocks.xml
----------------- Instantiating /home/travis/build/icyphy/ptII/ptolemy/domains/continuous/test/auto/SampledClocks.xml
7 ms. Memory: 273408K Free: 181941K (67%)
----------------- Invoking toplevel() on ptolemy.moml.MoMLSimpleApplication@1777bd18
----------------- Done invoking toplevel() on ptolemy.moml.MoMLSimpleApplication@1777bd18
reloadAllAccessors: .SampledClocks

===========================================================================================
----------------- testing Sun Sep 29 05:45:31 UTC 2019 /home/travis/build/icyphy/ptII/ptolemy/domains/continuous/test/auto/Satellite.xml
----------------- Instantiating /home/travis/build/icyphy/ptII/ptolemy/domains/continuous/test/auto/Satellite.xml
794 ms. Memory: 273408K Free: 143817K (53%)
----------------- Invoking toplevel() on ptolemy.moml.MoMLSimpleApplication@746e6b00
----------------- Done invoking toplevel() on ptolemy.moml.MoMLSimpleApplication@746e6b00
reloadAllAccessors: .Satellite

===========================================================================================
----------------- testing Sun Sep 29 05:45:32 UTC 2019 /home/travis/build/icyphy/ptII/ptolemy/domains/continuous/test/auto/SigmaDelta.xml
----------------- Instantiating /home/travis/build/icyphy/ptII/ptolemy/domains/continuous/test/auto/SigmaDelta.xml
2453 ms. Memory: 273408K Free: 194636K (71%)
----------------- Invoking toplevel() on ptolemy.moml.MoMLSimpleApplication@23a6b6f4
----------------- Done invoking toplevel() on ptolemy.moml.MoMLSimpleApplication@23a6b6f4
reloadAllAccessors: .SigmaDelta

===========================================================================================
----------------- testing Sun Sep 29 05:45:35 UTC 2019 /home/travis/build/icyphy/ptII/ptolemy/domains/continuous/test/auto/SingleRefinement.xml
----------------- Instantiating /home/travis/build/icyphy/ptII/ptolemy/domains/continuous/test/auto/SingleRefinement.xml
458 ms. Memory: 273408K Free: 172594K (63%)
----------------- Invoking toplevel() on ptolemy.moml.MoMLSimpleApplication@727d6a1c
----------------- Done invoking toplevel() on ptolemy.moml.MoMLSimpleApplication@727d6a1c
reloadAllAccessors: .SingleRefinement

===========================================================================================
----------------- testing Sun Sep 29 05:45:35 UTC 2019 /home/travis/build/icyphy/ptII/ptolemy/domains/continuous/test/auto/SinuBouncingBall.xml
----------------- Instantiating /home/travis/build/icyphy/ptII/ptolemy/domains/continuous/test/auto/SinuBouncingBall.xml
790 ms. Memory: 273408K Free: 118055K (43%)
----------------- Invoking toplevel() on ptolemy.moml.MoMLSimpleApplication@2dd6f4d0
----------------- Done invoking toplevel() on ptolemy.moml.MoMLSimpleApplication@2dd6f4d0
reloadAllAccessors: .SinuBouncingBall

===========================================================================================
----------------- testing Sun Sep 29 05:45:36 UTC 2019 /home/travis/build/icyphy/ptII/ptolemy/domains/continuous/test/auto/Sinusoid.xml
----------------- Instantiating /home/travis/build/icyphy/ptII/ptolemy/domains/continuous/test/auto/Sinusoid.xml
5 ms. Memory: 273408K Free: 113431K (41%)
----------------- Invoking toplevel() on ptolemy.moml.MoMLSimpleApplication@658372b9
----------------- Done invoking toplevel() on ptolemy.moml.MoMLSimpleApplication@658372b9
reloadAllAccessors: .Sinusoid

===========================================================================================
----------------- testing Sun Sep 29 05:45:36 UTC 2019 /home/travis/build/icyphy/ptII/ptolemy/domains/continuous/test/auto/SinusoidInNoise.xml
----------------- Instantiating /home/travis/build/icyphy/ptII/ptolemy/domains/continuous/test/auto/SinusoidInNoise.xml
1015 ms. Memory: 273408K Free: 137070K (50%)
----------------- Invoking toplevel() on ptolemy.moml.MoMLSimpleApplication@6ecbd8aa
----------------- Done invoking toplevel() on ptolemy.moml.MoMLSimpleApplication@6ecbd8aa
reloadAllAccessors: .SinusoidInNoise

===========================================================================================
----------------- testing Sun Sep 29 05:45:37 UTC 2019 /home/travis/build/icyphy/ptII/ptolemy/domains/continuous/test/auto/SinusoidRK45.xml
----------------- Instantiating /home/travis/build/icyphy/ptII/ptolemy/domains/continuous/test/auto/SinusoidRK45.xml
2 ms. Memory: 273408K Free: 132747K (49%)
----------------- Invoking toplevel() on ptolemy.moml.MoMLSimpleApplication@40f59a1e
----------------- Done invoking toplevel() on ptolemy.moml.MoMLSimpleApplication@40f59a1e
reloadAllAccessors: .SinusoidRK45

===========================================================================================
----------------- testing Sun Sep 29 05:45:37 UTC 2019 /home/travis/build/icyphy/ptII/ptolemy/domains/continuous/test/auto/SinusoidWithMultipleImpulses.xml
----------------- Instantiating /home/travis/build/icyphy/ptII/ptolemy/domains/continuous/test/auto/SinusoidWithMultipleImpulses.xml
2 ms. Memory: 273408K Free: 128147K (47%)
----------------- Invoking toplevel() on ptolemy.moml.MoMLSimpleApplication@5498c774
----------------- Done invoking toplevel() on ptolemy.moml.MoMLSimpleApplication@5498c774
reloadAllAccessors: .SinusoidWithMultipleImpulses

===========================================================================================
----------------- testing Sun Sep 29 05:45:37 UTC 2019 /home/travis/build/icyphy/ptII/ptolemy/domains/continuous/test/auto/SquareWave.xml
----------------- Instantiating /home/travis/build/icyphy/ptII/ptolemy/domains/continuous/test/auto/SquareWave.xml
159 ms. Memory: 273408K Free: 101009K (37%)
----------------- Invoking toplevel() on ptolemy.moml.MoMLSimpleApplication@6fedfa64
----------------- Done invoking toplevel() on ptolemy.moml.MoMLSimpleApplication@6fedfa64
reloadAllAccessors: .SquareWave

===========================================================================================
----------------- testing Sun Sep 29 05:45:37 UTC 2019 /home/travis/build/icyphy/ptII/ptolemy/domains/continuous/test/auto/Starmac.xml
----------------- Instantiating /home/travis/build/icyphy/ptII/ptolemy/domains/continuous/test/auto/Starmac.xml
3071 ms. Memory: 273408K Free: 109703K (40%)
----------------- Invoking toplevel() on ptolemy.moml.MoMLSimpleApplication@2ef7c42
----------------- Done invoking toplevel() on ptolemy.moml.MoMLSimpleApplication@2ef7c42
reloadAllAccessors: .Starmac

===========================================================================================
----------------- testing Sun Sep 29 05:45:41 UTC 2019 /home/travis/build/icyphy/ptII/ptolemy/domains/continuous/test/auto/StaticUnits.xml
----------------- Instantiating /home/travis/build/icyphy/ptII/ptolemy/domains/continuous/test/auto/StaticUnits.xml
2214 ms. Memory: 328704K Free: 175065K (53%)
----------------- Invoking toplevel() on ptolemy.moml.MoMLSimpleApplication@2735b5c7
----------------- Done invoking toplevel() on ptolemy.moml.MoMLSimpleApplication@2735b5c7
reloadAllAccessors: .StaticUnits

===========================================================================================
----------------- testing Sun Sep 29 05:45:44 UTC 2019 /home/travis/build/icyphy/ptII/ptolemy/domains/continuous/test/auto/StickyMasses.xml
----------------- Instantiating /home/travis/build/icyphy/ptII/ptolemy/domains/continuous/test/auto/StickyMasses.xml
149 ms. Memory: 328704K Free: 124889K (38%)
----------------- Invoking toplevel() on ptolemy.moml.MoMLSimpleApplication@3c2a5598
----------------- Done invoking toplevel() on ptolemy.moml.MoMLSimpleApplication@3c2a5598
reloadAllAccessors: .StickyMasses

===========================================================================================
----------------- testing Sun Sep 29 05:45:44 UTC 2019 /home/travis/build/icyphy/ptII/ptolemy/domains/continuous/test/auto/StopTime.xml
----------------- Instantiating /home/travis/build/icyphy/ptII/ptolemy/domains/continuous/test/auto/StopTime.xml
46 ms. Memory: 328704K Free: 290762K (88%)
----------------- Invoking toplevel() on ptolemy.moml.MoMLSimpleApplication@3de36cbd
----------------- Done invoking toplevel() on ptolemy.moml.MoMLSimpleApplication@3de36cbd
reloadAllAccessors: .StopTime

===========================================================================================
----------------- testing Sun Sep 29 05:45:44 UTC 2019 /home/travis/build/icyphy/ptII/ptolemy/domains/continuous/test/auto/StopTime2.xml
----------------- Instantiating /home/travis/build/icyphy/ptII/ptolemy/domains/continuous/test/auto/StopTime2.xml
38 ms. Memory: 328704K Free: 268730K (82%)
----------------- Invoking toplevel() on ptolemy.moml.MoMLSimpleApplication@27af876d
----------------- Done invoking toplevel() on ptolemy.moml.MoMLSimpleApplication@27af876d
reloadAllAccessors: .StopTime2

===========================================================================================
----------------- testing Sun Sep 29 05:45:44 UTC 2019 /home/travis/build/icyphy/ptII/ptolemy/domains/continuous/test/auto/Switch.xml
----------------- Instantiating /home/travis/build/icyphy/ptII/ptolemy/domains/continuous/test/auto/Switch.xml
41 ms. Memory: 328704K Free: 243130K (74%)
----------------- Invoking toplevel() on ptolemy.moml.MoMLSimpleApplication@35edf6e8
----------------- Done invoking toplevel() on ptolemy.moml.MoMLSimpleApplication@35edf6e8
reloadAllAccessors: .Switch

===========================================================================================
----------------- testing Sun Sep 29 05:45:44 UTC 2019 /home/travis/build/icyphy/ptII/ptolemy/domains/continuous/test/auto/Thermostat.xml
----------------- Instantiating /home/travis/build/icyphy/ptII/ptolemy/domains/continuous/test/auto/Thermostat.xml
187 ms. Memory: 328704K Free: 170440K (52%)
----------------- Invoking toplevel() on ptolemy.moml.MoMLSimpleApplication@5f08ce89
----------------- Done invoking toplevel() on ptolemy.moml.MoMLSimpleApplication@5f08ce89
reloadAllAccessors: .Thermostat

===========================================================================================
----------------- testing Sun Sep 29 05:45:44 UTC 2019 /home/travis/build/icyphy/ptII/ptolemy/domains/continuous/test/auto/TimeDelay.xml
----------------- Instantiating /home/travis/build/icyphy/ptII/ptolemy/domains/continuous/test/auto/TimeDelay.xml
6 ms. Memory: 328704K Free: 165834K (50%)
----------------- Invoking toplevel() on ptolemy.moml.MoMLSimpleApplication@17dd54ec
----------------- Done invoking toplevel() on ptolemy.moml.MoMLSimpleApplication@17dd54ec
reloadAllAccessors: .TimeDelay

===========================================================================================
----------------- testing Sun Sep 29 05:45:44 UTC 2019 /home/travis/build/icyphy/ptII/ptolemy/domains/continuous/test/auto/TimeDelay2.xml
----------------- Instantiating /home/travis/build/icyphy/ptII/ptolemy/domains/continuous/test/auto/TimeDelay2.xml
10 ms. Memory: 328704K Free: 156104K (47%)
----------------- Invoking toplevel() on ptolemy.moml.MoMLSimpleApplication@77c87559
----------------- Done invoking toplevel() on ptolemy.moml.MoMLSimpleApplication@77c87559
reloadAllAccessors: .TimeDelay2

===========================================================================================
----------------- testing Sun Sep 29 05:45:44 UTC 2019 /home/travis/build/icyphy/ptII/ptolemy/domains/continuous/test/auto/TimeDelay3.xml
----------------- Instantiating /home/travis/build/icyphy/ptII/ptolemy/domains/continuous/test/auto/TimeDelay3.xml
5 ms. Memory: 328704K Free: 151496K (46%)
----------------- Invoking toplevel() on ptolemy.moml.MoMLSimpleApplication@49a7bf48
----------------- Done invoking toplevel() on ptolemy.moml.MoMLSimpleApplication@49a7bf48
reloadAllAccessors: .TimeDelay3

===========================================================================================
----------------- testing Sun Sep 29 05:45:44 UTC 2019 /home/travis/build/icyphy/ptII/ptolemy/domains/continuous/test/auto/TransferAbsentToInside.xml
----------------- Instantiating /home/travis/build/icyphy/ptII/ptolemy/domains/continuous/test/auto/TransferAbsentToInside.xml
41 ms. Memory: 328704K Free: 288202K (88%)
----------------- Invoking toplevel() on ptolemy.moml.MoMLSimpleApplication@569d79b4
----------------- Done invoking toplevel() on ptolemy.moml.MoMLSimpleApplication@569d79b4
reloadAllAccessors: .TransferAbsentToInside

===========================================================================================
----------------- testing Sun Sep 29 05:45:45 UTC 2019 /home/travis/build/icyphy/ptII/ptolemy/domains/continuous/test/auto/Transmission.xml
----------------- Instantiating /home/travis/build/icyphy/ptII/ptolemy/domains/continuous/test/auto/Transmission.xml
811 ms. Memory: 328704K Free: 244664K (74%)
----------------- Invoking toplevel() on ptolemy.moml.MoMLSimpleApplication@703bdb84
----------------- Done invoking toplevel() on ptolemy.moml.MoMLSimpleApplication@703bdb84
reloadAllAccessors: .Transmission

===========================================================================================
----------------- testing Sun Sep 29 05:45:45 UTC 2019 /home/travis/build/icyphy/ptII/ptolemy/domains/continuous/test/auto/TriggeredContinuousClock.xml
----------------- Instantiating /home/travis/build/icyphy/ptII/ptolemy/domains/continuous/test/auto/TriggeredContinuousClock.xml
45 ms. Memory: 328704K Free: 214968K (65%)
----------------- Invoking toplevel() on ptolemy.moml.MoMLSimpleApplication@7088e498
----------------- Done invoking toplevel() on ptolemy.moml.MoMLSimpleApplication@7088e498
reloadAllAccessors: .TriggeredContinuousClock

===========================================================================================
----------------- testing Sun Sep 29 05:45:45 UTC 2019 /home/travis/build/icyphy/ptII/ptolemy/domains/continuous/test/auto/TwoMachineInfiniteBusControl.xml
----------------- Instantiating /home/travis/build/icyphy/ptII/ptolemy/domains/continuous/test/auto/TwoMachineInfiniteBusControl.xml
2759 ms. Memory: 328704K Free: 203132K (62%)
----------------- Invoking toplevel() on ptolemy.moml.MoMLSimpleApplication@7403b1e0
----------------- Done invoking toplevel() on ptolemy.moml.MoMLSimpleApplication@7403b1e0
reloadAllAccessors: .TwoMachineInfiniteBusControl

===========================================================================================
----------------- testing Sun Sep 29 05:45:48 UTC 2019 /home/travis/build/icyphy/ptII/ptolemy/domains/continuous/test/auto/V2V.xml
----------------- Instantiating /home/travis/build/icyphy/ptII/ptolemy/domains/continuous/test/auto/V2V.xml
816 ms. Memory: 328704K Free: 204168K (62%)
----------------- Invoking toplevel() on ptolemy.moml.MoMLSimpleApplication@36abe255
----------------- Done invoking toplevel() on ptolemy.moml.MoMLSimpleApplication@36abe255
reloadAllAccessors: .V2V

===========================================================================================
----------------- testing Sun Sep 29 05:45:49 UTC 2019 /home/travis/build/icyphy/ptII/ptolemy/domains/continuous/test/auto/hierarchicalModalModel.xml
----------------- Instantiating /home/travis/build/icyphy/ptII/ptolemy/domains/continuous/test/auto/hierarchicalModalModel.xml
7 ms. Memory: 328704K Free: 189832K (58%)
----------------- Invoking toplevel() on ptolemy.moml.MoMLSimpleApplication@1927d6a6
----------------- Done invoking toplevel() on ptolemy.moml.MoMLSimpleApplication@1927d6a6
reloadAllAccessors: .hierarchicalModalModel

===========================================================================================
----------------- testing Sun Sep 29 05:45:49 UTC 2019 /home/travis/build/icyphy/ptII/ptolemy/domains/continuous/test/auto/hierarchicalModalModel1.xml
----------------- Instantiating /home/travis/build/icyphy/ptII/ptolemy/domains/continuous/test/auto/hierarchicalModalModel1.xml
16 ms. Memory: 328704K Free: 174986K (53%)
----------------- Invoking toplevel() on ptolemy.moml.MoMLSimpleApplication@6879f0ed
----------------- Done invoking toplevel() on ptolemy.moml.MoMLSimpleApplication@6879f0ed
reloadAllAccessors: .hierarchicalModalModel1

===========================================================================================
----------------- testing Sun Sep 29 05:45:49 UTC 2019 /home/travis/build/icyphy/ptII/ptolemy/domains/continuous/test/auto/hierarchicalModalModel2.xml
----------------- Instantiating /home/travis/build/icyphy/ptII/ptolemy/domains/continuous/test/auto/hierarchicalModalModel2.xml
7 ms. Memory: 328704K Free: 162698K (49%)
----------------- Invoking toplevel() on ptolemy.moml.MoMLSimpleApplication@278b09ba
----------------- Done invoking toplevel() on ptolemy.moml.MoMLSimpleApplication@278b09ba
reloadAllAccessors: .hierarchicalModalModel2

===========================================================================================
----------------- testing Sun Sep 29 05:45:49 UTC 2019 /home/travis/build/icyphy/ptII/ptolemy/domains/continuous/test/auto/hierarchicalModalModel3.xml
----------------- Instantiating /home/travis/build/icyphy/ptII/ptolemy/domains/continuous/test/auto/hierarchicalModalModel3.xml
6 ms. Memory: 328704K Free: 151944K (46%)
----------------- Invoking toplevel() on ptolemy.moml.MoMLSimpleApplication@43afdfd8
----------------- Done invoking toplevel() on ptolemy.moml.MoMLSimpleApplication@43afdfd8
reloadAllAccessors: .hierarchicalModalModel3

===========================================================================================
----------------- testing Sun Sep 29 05:45:49 UTC 2019 /home/travis/build/icyphy/ptII/ptolemy/domains/continuous/test/auto/hierarchicalModalModel4.xml
----------------- Instantiating /home/travis/build/icyphy/ptII/ptolemy/domains/continuous/test/auto/hierarchicalModalModel4.xml
5 ms. Memory: 328704K Free: 140170K (43%)
----------------- Invoking toplevel() on ptolemy.moml.MoMLSimpleApplication@4a80fbf7
----------------- Done invoking toplevel() on ptolemy.moml.MoMLSimpleApplication@4a80fbf7
reloadAllAccessors: .hierarchicalModalModel4

===========================================================================================
----------------- testing Sun Sep 29 05:45:49 UTC 2019 /home/travis/build/icyphy/ptII/ptolemy/domains/continuous/test/auto/junk.xml
----------------- Instantiating /home/travis/build/icyphy/ptII/ptolemy/domains/continuous/test/auto/junk.xml
158 ms. Memory: 328704K Free: 304690K (93%)
----------------- Invoking toplevel() on ptolemy.moml.MoMLSimpleApplication@6d3c6dc9
----------------- Done invoking toplevel() on ptolemy.moml.MoMLSimpleApplication@6d3c6dc9
reloadAllAccessors: .junk
AutoTests.java: About to close Vertx.
AutoTests.java: Vertx closed.
]]></system-out>
  <system-err><![CDATA[Warning: '.HysteresisWithRandomDelay.NonStrictTest3' The test produced only 21 tokens, yet the correctValues parameter was expecting 30 tokens.
Warning: '.IncreasingRatePoisson.NonStrictTest' The test produced only 386 tokens, yet the correctValues parameter was expecting 402 tokens.
Warning: '.Poisson.NonStrictTest' The test produced only 368 tokens, yet the correctValues parameter was expecting 430 tokens.
]]></system-err>
</testsuite>
