<?xml version="1.0" encoding="UTF-8" ?>
<testsuite errors="0" failures="0" hostname="travis-job-fc85217a-33e5-4735-ad09-bb7525af0087" name="ptolemy.actor.lib.hoc.test.junit.JUnitTclTest" skipped="0" tests="58" time="24.875" timestamp="2018-11-23T03:36:04">
  <properties>
[...]
</properties>
  <testcase classname="ptolemy.util.test.junit.TclTests" name="[0] /home/travis/build/icyphy/ptII/ptolemy/actor/lib/hoc/test/IterateOverArray.tcl (RunTclFile)" time="0.312" />
  <testcase classname="ptolemy.util.test.junit.AutoKnownFailedTests" name="[0] /home/travis/build/icyphy/ptII/ptolemy/actor/lib/hoc/test/auto/knownFailedTests/PreinitializeMustBeInvokedRunComposite.xml (RunModel)" time="0.266" />
  <testcase classname="ptolemy.util.test.junit.AutoNameArchTests" name="[0] ThereAreNoAutoArchTests (RunModel)" time="0.001" />
  <testcase classname="ptolemy.util.test.junit.AutoTests" name="[0] /home/travis/build/icyphy/ptII/ptolemy/actor/lib/hoc/test/auto/AllToAllMultiInstanceComposite.xml (RunModel)" time="0.251" />
  <testcase classname="ptolemy.util.test.junit.AutoTests" name="[1] /home/travis/build/icyphy/ptII/ptolemy/actor/lib/hoc/test/auto/ApplyFFTTest.xml (RunModel)" time="0.209" />
  <testcase classname="ptolemy.util.test.junit.AutoTests" name="[2] /home/travis/build/icyphy/ptII/ptolemy/actor/lib/hoc/test/auto/ApplyFunction.xml (RunModel)" time="0.056" />
  <testcase classname="ptolemy.util.test.junit.AutoTests" name="[3] /home/travis/build/icyphy/ptII/ptolemy/actor/lib/hoc/test/auto/BackgroundExecution.xml (RunModel)" time="0.738" />
  <testcase classname="ptolemy.util.test.junit.AutoTests" name="[4] /home/travis/build/icyphy/ptII/ptolemy/actor/lib/hoc/test/auto/Case.xml (RunModel)" time="0.072" />
  <testcase classname="ptolemy.util.test.junit.AutoTests" name="[5] /home/travis/build/icyphy/ptII/ptolemy/actor/lib/hoc/test/auto/Case1.xml (RunModel)" time="0.036" />
  <testcase classname="ptolemy.util.test.junit.AutoTests" name="[6] /home/travis/build/icyphy/ptII/ptolemy/actor/lib/hoc/test/auto/Case2.xml (RunModel)" time="0.09" />
  <testcase classname="ptolemy.util.test.junit.AutoTests" name="[7] /home/travis/build/icyphy/ptII/ptolemy/actor/lib/hoc/test/auto/Case3.xml (RunModel)" time="0.065" />
  <testcase classname="ptolemy.util.test.junit.AutoTests" name="[8] /home/travis/build/icyphy/ptII/ptolemy/actor/lib/hoc/test/auto/Case4.xml (RunModel)" time="0.064" />
  <testcase classname="ptolemy.util.test.junit.AutoTests" name="[9] /home/travis/build/icyphy/ptII/ptolemy/actor/lib/hoc/test/auto/Case5.xml (RunModel)" time="0.073" />
  <testcase classname="ptolemy.util.test.junit.AutoTests" name="[10] /home/travis/build/icyphy/ptII/ptolemy/actor/lib/hoc/test/auto/Case6.xml (RunModel)" time="0.084" />
  <testcase classname="ptolemy.util.test.junit.AutoTests" name="[11] /home/travis/build/icyphy/ptII/ptolemy/actor/lib/hoc/test/auto/CaseString2.xml (RunModel)" time="0.039" />
  <testcase classname="ptolemy.util.test.junit.AutoTests" name="[12] /home/travis/build/icyphy/ptII/ptolemy/actor/lib/hoc/test/auto/CatchUpComposite1.xml (RunModel)" time="0.062" />
  <testcase classname="ptolemy.util.test.junit.AutoTests" name="[13] /home/travis/build/icyphy/ptII/ptolemy/actor/lib/hoc/test/auto/CatchUpComposite2.xml (RunModel)" time="0.043" />
  <testcase classname="ptolemy.util.test.junit.AutoTests" name="[14] /home/travis/build/icyphy/ptII/ptolemy/actor/lib/hoc/test/auto/CatchUpComposite3.xml (RunModel)" time="0.03" />
  <testcase classname="ptolemy.util.test.junit.AutoTests" name="[15] /home/travis/build/icyphy/ptII/ptolemy/actor/lib/hoc/test/auto/CatchUpComposite4.xml (RunModel)" time="0.065" />
  <testcase classname="ptolemy.util.test.junit.AutoTests" name="[16] /home/travis/build/icyphy/ptII/ptolemy/actor/lib/hoc/test/auto/CatchUpComposite5.xml (RunModel)" time="0.051" />
  <testcase classname="ptolemy.util.test.junit.AutoTests" name="[17] /home/travis/build/icyphy/ptII/ptolemy/actor/lib/hoc/test/auto/CatchUpComposite6.xml (RunModel)" time="0.137" />
  <testcase classname="ptolemy.util.test.junit.AutoTests" name="[18] /home/travis/build/icyphy/ptII/ptolemy/actor/lib/hoc/test/auto/CatchUpComposite7.xml (RunModel)" time="0.104" />
  <testcase classname="ptolemy.util.test.junit.AutoTests" name="[19] /home/travis/build/icyphy/ptII/ptolemy/actor/lib/hoc/test/auto/ConcurrentExecutionTimeSDF.xml (RunModel)" time="2.365" />
  <testcase classname="ptolemy.util.test.junit.AutoTests" name="[20] /home/travis/build/icyphy/ptII/ptolemy/actor/lib/hoc/test/auto/ConcurrentSleep.xml (RunModel)" time="0.787" />
  <testcase classname="ptolemy.util.test.junit.AutoTests" name="[21] /home/travis/build/icyphy/ptII/ptolemy/actor/lib/hoc/test/auto/DEInPNInRunCompositeActor.xml (RunModel)" time="0.047" />
  <testcase classname="ptolemy.util.test.junit.AutoTests" name="[22] /home/travis/build/icyphy/ptII/ptolemy/actor/lib/hoc/test/auto/DFTSubSetTest.xml (RunModel)" time="0.222" />
  <testcase classname="ptolemy.util.test.junit.AutoTests" name="[23] /home/travis/build/icyphy/ptII/ptolemy/actor/lib/hoc/test/auto/HocDE.xml (RunModel)" time="0.181" />
  <testcase classname="ptolemy.util.test.junit.AutoTests" name="[24] /home/travis/build/icyphy/ptII/ptolemy/actor/lib/hoc/test/auto/IterateOverArray.xml (RunModel)" time="0.034" />
  <testcase classname="ptolemy.util.test.junit.AutoTests" name="[25] /home/travis/build/icyphy/ptII/ptolemy/actor/lib/hoc/test/auto/IterateOverArray10.xml (RunModel)" time="0.023" />
  <testcase classname="ptolemy.util.test.junit.AutoTests" name="[26] /home/travis/build/icyphy/ptII/ptolemy/actor/lib/hoc/test/auto/IterateOverArray11.xml (RunModel)" time="0.032" />
  <testcase classname="ptolemy.util.test.junit.AutoTests" name="[27] /home/travis/build/icyphy/ptII/ptolemy/actor/lib/hoc/test/auto/IterateOverArray12.xml (RunModel)" time="0.029" />
  <testcase classname="ptolemy.util.test.junit.AutoTests" name="[28] /home/travis/build/icyphy/ptII/ptolemy/actor/lib/hoc/test/auto/IterateOverArray13.xml (RunModel)" time="0.145" />
  <testcase classname="ptolemy.util.test.junit.AutoTests" name="[29] /home/travis/build/icyphy/ptII/ptolemy/actor/lib/hoc/test/auto/IterateOverArray14.xml (RunModel)" time="0.112" />
  <testcase classname="ptolemy.util.test.junit.AutoTests" name="[30] /home/travis/build/icyphy/ptII/ptolemy/actor/lib/hoc/test/auto/IterateOverArray2.xml (RunModel)" time="0.024" />
  <testcase classname="ptolemy.util.test.junit.AutoTests" name="[31] /home/travis/build/icyphy/ptII/ptolemy/actor/lib/hoc/test/auto/IterateOverArray3.xml (RunModel)" time="0.027" />
  <testcase classname="ptolemy.util.test.junit.AutoTests" name="[32] /home/travis/build/icyphy/ptII/ptolemy/actor/lib/hoc/test/auto/IterateOverArray4.xml (RunModel)" time="0.018" />
  <testcase classname="ptolemy.util.test.junit.AutoTests" name="[33] /home/travis/build/icyphy/ptII/ptolemy/actor/lib/hoc/test/auto/IterateOverArray5.xml (RunModel)" time="0.014" />
  <testcase classname="ptolemy.util.test.junit.AutoTests" name="[34] /home/travis/build/icyphy/ptII/ptolemy/actor/lib/hoc/test/auto/IterateOverArray6.xml (RunModel)" time="0.014" />
  <testcase classname="ptolemy.util.test.junit.AutoTests" name="[35] /home/travis/build/icyphy/ptII/ptolemy/actor/lib/hoc/test/auto/IterateOverArray7.xml (RunModel)" time="0.021" />
  <testcase classname="ptolemy.util.test.junit.AutoTests" name="[36] /home/travis/build/icyphy/ptII/ptolemy/actor/lib/hoc/test/auto/IterateOverArray8.xml (RunModel)" time="0.017" />
  <testcase classname="ptolemy.util.test.junit.AutoTests" name="[37] /home/travis/build/icyphy/ptII/ptolemy/actor/lib/hoc/test/auto/IterateOverArray9.xml (RunModel)" time="0.024" />
  <testcase classname="ptolemy.util.test.junit.AutoTests" name="[38] /home/travis/build/icyphy/ptII/ptolemy/actor/lib/hoc/test/auto/IterateOverArrayCoercedOutputType.xml (RunModel)" time="0.036" />
  <testcase classname="ptolemy.util.test.junit.AutoTests" name="[39] /home/travis/build/icyphy/ptII/ptolemy/actor/lib/hoc/test/auto/IterateOverArrayInferredOutputType.xml (RunModel)" time="0.045" />
  <testcase classname="ptolemy.util.test.junit.AutoTests" name="[40] /home/travis/build/icyphy/ptII/ptolemy/actor/lib/hoc/test/auto/MobileFunctionTest.xml (RunModel)" time="0.024" />
  <testcase classname="ptolemy.util.test.junit.AutoTests" name="[41] /home/travis/build/icyphy/ptII/ptolemy/actor/lib/hoc/test/auto/MobileModelTest.xml (RunModel)" time="0.12" />
  <testcase classname="ptolemy.util.test.junit.AutoTests" name="[42] /home/travis/build/icyphy/ptII/ptolemy/actor/lib/hoc/test/auto/ModelReference.xml (RunModel)" time="0.083" />
  <testcase classname="ptolemy.util.test.junit.AutoTests" name="[43] /home/travis/build/icyphy/ptII/ptolemy/actor/lib/hoc/test/auto/ModelReference3.xml (RunModel)" time="0.052" />
  <testcase classname="ptolemy.util.test.junit.AutoTests" name="[44] /home/travis/build/icyphy/ptII/ptolemy/actor/lib/hoc/test/auto/ModelReference4.xml (RunModel)" time="10.032" />
  <testcase classname="ptolemy.util.test.junit.AutoTests" name="[45] /home/travis/build/icyphy/ptII/ptolemy/actor/lib/hoc/test/auto/MultiInstanceComposite.xml (RunModel)" time="0.043" />
  <testcase classname="ptolemy.util.test.junit.AutoTests" name="[46] /home/travis/build/icyphy/ptII/ptolemy/actor/lib/hoc/test/auto/MultiInstanceComposite2.xml (RunModel)" time="0.039" />
  <testcase classname="ptolemy.util.test.junit.AutoTests" name="[47] /home/travis/build/icyphy/ptII/ptolemy/actor/lib/hoc/test/auto/MulticoreExecution.xml (RunModel)" time="1.159" />
  <testcase classname="ptolemy.util.test.junit.AutoTests" name="[48] /home/travis/build/icyphy/ptII/ptolemy/actor/lib/hoc/test/auto/ParallelExecution.xml (RunModel)" time="0.939" />
  <testcase classname="ptolemy.util.test.junit.AutoTests" name="[49] /home/travis/build/icyphy/ptII/ptolemy/actor/lib/hoc/test/auto/RunCompositeActor.xml (RunModel)" time="0.035" />
  <testcase classname="ptolemy.util.test.junit.AutoTests" name="[50] /home/travis/build/icyphy/ptII/ptolemy/actor/lib/hoc/test/auto/RunCompositeActor2.xml (RunModel)" time="0.025" />
  <testcase classname="ptolemy.util.test.junit.AutoTests" name="[51] /home/travis/build/icyphy/ptII/ptolemy/actor/lib/hoc/test/auto/RunCompositeActor3.xml (RunModel)" time="0.023" />
  <testcase classname="ptolemy.util.test.junit.AutoTests" name="[52] /home/travis/build/icyphy/ptII/ptolemy/actor/lib/hoc/test/auto/RunCompositeActor4.xml (RunModel)" time="0.027" />
  <testcase classname="ptolemy.util.test.junit.AutoTests" name="[53] /home/travis/build/icyphy/ptII/ptolemy/actor/lib/hoc/test/auto/RunCompositeIterateOverArray.xml (RunModel)" time="0.026" />
  <testcase classname="ptolemy.util.test.junit.AutoTests" name="[54] /home/travis/build/icyphy/ptII/ptolemy/actor/lib/hoc/test/auto/ThreadedJS.xml (RunModel)" time="4.668" />
  <system-out><![CDATA[/home/travis/build/icyphy/ptII/ptolemy/actor/lib/hoc/test/IterateOverArray.tcl
testDefs.tcl: setting time out to 9000 seconds at Fri Nov 23 03:36:04 UTC 2018
11/23/18 03:36:04
Failed: 0  Total Tests: 2  ((Passed: 2, Newly Passed: 0)  Known Failed: 0) /home/travis/build/icyphy/ptII/ptolemy/actor/lib/hoc/test
----------------- testing (KnownFailure) /home/travis/build/icyphy/ptII/ptolemy/actor/lib/hoc/test/auto/knownFailedTests/PreinitializeMustBeInvokedRunComposite.xml
40 ms. Memory: 116224K Free: 103787K (89%)
Known Failure: java.lang.reflect.InvocationTargetException
No auto/linux-amd64/*.xml tests in /home/travis/build/icyphy/ptII/ptolemy/actor/lib/hoc/test
AutoTests.java: About to close Vertx.
AutoTests.java: Vertx closed.

===========================================================================================
----------------- testing Fri Nov 23 03:36:05 UTC 2018 /home/travis/build/icyphy/ptII/ptolemy/actor/lib/hoc/test/auto/AllToAllMultiInstanceComposite.xml
----------------- Instantiating /home/travis/build/icyphy/ptII/ptolemy/actor/lib/hoc/test/auto/AllToAllMultiInstanceComposite.xml
126 ms. Memory: 146944K Free: 107558K (73%)
----------------- Invoking toplevel() on ptolemy.moml.MoMLSimpleApplication@67dc03da
----------------- Done invoking toplevel() on ptolemy.moml.MoMLSimpleApplication@67dc03da
reloadAllAccessors: .AllToAllMultiInstanceComposite

===========================================================================================
----------------- testing Fri Nov 23 03:36:05 UTC 2018 /home/travis/build/icyphy/ptII/ptolemy/actor/lib/hoc/test/auto/ApplyFFTTest.xml
----------------- Instantiating /home/travis/build/icyphy/ptII/ptolemy/actor/lib/hoc/test/auto/ApplyFFTTest.xml
85 ms. Memory: 146944K Free: 87743K (60%)
----------------- Invoking toplevel() on ptolemy.moml.MoMLSimpleApplication@43c7d833
----------------- Done invoking toplevel() on ptolemy.moml.MoMLSimpleApplication@43c7d833
reloadAllAccessors: .ApplyFFTTest

===========================================================================================
----------------- testing Fri Nov 23 03:36:05 UTC 2018 /home/travis/build/icyphy/ptII/ptolemy/actor/lib/hoc/test/auto/ApplyFunction.xml
----------------- Instantiating /home/travis/build/icyphy/ptII/ptolemy/actor/lib/hoc/test/auto/ApplyFunction.xml
6 ms. Memory: 146944K Free: 84040K (57%)
----------------- Invoking toplevel() on ptolemy.moml.MoMLSimpleApplication@6f1b4e15
----------------- Done invoking toplevel() on ptolemy.moml.MoMLSimpleApplication@6f1b4e15
reloadAllAccessors: .ApplyFunction

===========================================================================================
----------------- testing Fri Nov 23 03:36:05 UTC 2018 /home/travis/build/icyphy/ptII/ptolemy/actor/lib/hoc/test/auto/BackgroundExecution.xml
----------------- Instantiating /home/travis/build/icyphy/ptII/ptolemy/actor/lib/hoc/test/auto/BackgroundExecution.xml
629 ms. Memory: 146944K Free: 135607K (92%)
----------------- Invoking toplevel() on ptolemy.moml.MoMLSimpleApplication@51210887
----------------- Done invoking toplevel() on ptolemy.moml.MoMLSimpleApplication@51210887
reloadAllAccessors: .BackgroundExecution

===========================================================================================
----------------- testing Fri Nov 23 03:36:06 UTC 2018 /home/travis/build/icyphy/ptII/ptolemy/actor/lib/hoc/test/auto/Case.xml
----------------- Instantiating /home/travis/build/icyphy/ptII/ptolemy/actor/lib/hoc/test/auto/Case.xml
27 ms. Memory: 146944K Free: 127258K (87%)
----------------- Invoking toplevel() on ptolemy.moml.MoMLSimpleApplication@56429078
----------------- Done invoking toplevel() on ptolemy.moml.MoMLSimpleApplication@56429078
reloadAllAccessors: .Case

===========================================================================================
----------------- testing Fri Nov 23 03:36:06 UTC 2018 /home/travis/build/icyphy/ptII/ptolemy/actor/lib/hoc/test/auto/Case1.xml
----------------- Instantiating /home/travis/build/icyphy/ptII/ptolemy/actor/lib/hoc/test/auto/Case1.xml
9 ms. Memory: 146944K Free: 120471K (82%)
----------------- Invoking toplevel() on ptolemy.moml.MoMLSimpleApplication@280bb731
----------------- Done invoking toplevel() on ptolemy.moml.MoMLSimpleApplication@280bb731
reloadAllAccessors: .Case1

===========================================================================================
----------------- testing Fri Nov 23 03:36:06 UTC 2018 /home/travis/build/icyphy/ptII/ptolemy/actor/lib/hoc/test/auto/Case2.xml
----------------- Instantiating /home/travis/build/icyphy/ptII/ptolemy/actor/lib/hoc/test/auto/Case2.xml
47 ms. Memory: 146944K Free: 108852K (74%)
----------------- Invoking toplevel() on ptolemy.moml.MoMLSimpleApplication@390ac3b5
----------------- Done invoking toplevel() on ptolemy.moml.MoMLSimpleApplication@390ac3b5
reloadAllAccessors: .Case2

===========================================================================================
----------------- testing Fri Nov 23 03:36:06 UTC 2018 /home/travis/build/icyphy/ptII/ptolemy/actor/lib/hoc/test/auto/Case3.xml
----------------- Instantiating /home/travis/build/icyphy/ptII/ptolemy/actor/lib/hoc/test/auto/Case3.xml
20 ms. Memory: 146944K Free: 102498K (70%)
----------------- Invoking toplevel() on ptolemy.moml.MoMLSimpleApplication@3a738f0a
----------------- Done invoking toplevel() on ptolemy.moml.MoMLSimpleApplication@3a738f0a
reloadAllAccessors: .Case3

===========================================================================================
----------------- testing Fri Nov 23 03:36:06 UTC 2018 /home/travis/build/icyphy/ptII/ptolemy/actor/lib/hoc/test/auto/Case4.xml
----------------- Instantiating /home/travis/build/icyphy/ptII/ptolemy/actor/lib/hoc/test/auto/Case4.xml
14 ms. Memory: 146944K Free: 92921K (63%)
----------------- Invoking toplevel() on ptolemy.moml.MoMLSimpleApplication@6d14fc32
----------------- Done invoking toplevel() on ptolemy.moml.MoMLSimpleApplication@6d14fc32
reloadAllAccessors: .Case4

===========================================================================================
----------------- testing Fri Nov 23 03:36:06 UTC 2018 /home/travis/build/icyphy/ptII/ptolemy/actor/lib/hoc/test/auto/Case5.xml
----------------- Instantiating /home/travis/build/icyphy/ptII/ptolemy/actor/lib/hoc/test/auto/Case5.xml
45 ms. Memory: 146944K Free: 86167K (59%)
----------------- Invoking toplevel() on ptolemy.moml.MoMLSimpleApplication@7bb8564d
----------------- Done invoking toplevel() on ptolemy.moml.MoMLSimpleApplication@7bb8564d
reloadAllAccessors: .junk

===========================================================================================
----------------- testing Fri Nov 23 03:36:07 UTC 2018 /home/travis/build/icyphy/ptII/ptolemy/actor/lib/hoc/test/auto/Case6.xml
----------------- Instantiating /home/travis/build/icyphy/ptII/ptolemy/actor/lib/hoc/test/auto/Case6.xml
35 ms. Memory: 208384K Free: 195571K (94%)
----------------- Invoking toplevel() on ptolemy.moml.MoMLSimpleApplication@1bddc494
----------------- Done invoking toplevel() on ptolemy.moml.MoMLSimpleApplication@1bddc494
reloadAllAccessors: .Case6

===========================================================================================
----------------- testing Fri Nov 23 03:36:07 UTC 2018 /home/travis/build/icyphy/ptII/ptolemy/actor/lib/hoc/test/auto/CaseString2.xml
----------------- Instantiating /home/travis/build/icyphy/ptII/ptolemy/actor/lib/hoc/test/auto/CaseString2.xml
9 ms. Memory: 208384K Free: 186045K (89%)
----------------- Invoking toplevel() on ptolemy.moml.MoMLSimpleApplication@2239f45c
----------------- Done invoking toplevel() on ptolemy.moml.MoMLSimpleApplication@2239f45c
reloadAllAccessors: .CaseString2

===========================================================================================
----------------- testing Fri Nov 23 03:36:07 UTC 2018 /home/travis/build/icyphy/ptII/ptolemy/actor/lib/hoc/test/auto/CatchUpComposite1.xml
----------------- Instantiating /home/travis/build/icyphy/ptII/ptolemy/actor/lib/hoc/test/auto/CatchUpComposite1.xml
16 ms. Memory: 208384K Free: 176150K (85%)
----------------- Invoking toplevel() on ptolemy.moml.MoMLSimpleApplication@143d0f90
----------------- Done invoking toplevel() on ptolemy.moml.MoMLSimpleApplication@143d0f90
reloadAllAccessors: .CatchUpComposite1

===========================================================================================
----------------- testing Fri Nov 23 03:36:07 UTC 2018 /home/travis/build/icyphy/ptII/ptolemy/actor/lib/hoc/test/auto/CatchUpComposite2.xml
----------------- Instantiating /home/travis/build/icyphy/ptII/ptolemy/actor/lib/hoc/test/auto/CatchUpComposite2.xml
9 ms. Memory: 208384K Free: 166918K (80%)
----------------- Invoking toplevel() on ptolemy.moml.MoMLSimpleApplication@4233af42
----------------- Done invoking toplevel() on ptolemy.moml.MoMLSimpleApplication@4233af42
reloadAllAccessors: .CatchUpComposite2

===========================================================================================
----------------- testing Fri Nov 23 03:36:07 UTC 2018 /home/travis/build/icyphy/ptII/ptolemy/actor/lib/hoc/test/auto/CatchUpComposite3.xml
----------------- Instantiating /home/travis/build/icyphy/ptII/ptolemy/actor/lib/hoc/test/auto/CatchUpComposite3.xml
6 ms. Memory: 208384K Free: 156713K (75%)
----------------- Invoking toplevel() on ptolemy.moml.MoMLSimpleApplication@7ac00d4d
----------------- Done invoking toplevel() on ptolemy.moml.MoMLSimpleApplication@7ac00d4d
reloadAllAccessors: .CatchUpComposite3

===========================================================================================
----------------- testing Fri Nov 23 03:36:07 UTC 2018 /home/travis/build/icyphy/ptII/ptolemy/actor/lib/hoc/test/auto/CatchUpComposite4.xml
----------------- Instantiating /home/travis/build/icyphy/ptII/ptolemy/actor/lib/hoc/test/auto/CatchUpComposite4.xml
19 ms. Memory: 208384K Free: 147464K (71%)
----------------- Invoking toplevel() on ptolemy.moml.MoMLSimpleApplication@382dcbb2
----------------- Done invoking toplevel() on ptolemy.moml.MoMLSimpleApplication@382dcbb2
reloadAllAccessors: .CatchUpComposite4

===========================================================================================
----------------- testing Fri Nov 23 03:36:07 UTC 2018 /home/travis/build/icyphy/ptII/ptolemy/actor/lib/hoc/test/auto/CatchUpComposite5.xml
----------------- Instantiating /home/travis/build/icyphy/ptII/ptolemy/actor/lib/hoc/test/auto/CatchUpComposite5.xml
9 ms. Memory: 208384K Free: 138830K (67%)
----------------- Invoking toplevel() on ptolemy.moml.MoMLSimpleApplication@13eec81b
----------------- Done invoking toplevel() on ptolemy.moml.MoMLSimpleApplication@13eec81b
reloadAllAccessors: .CatchUpComposite5

===========================================================================================
----------------- testing Fri Nov 23 03:36:07 UTC 2018 /home/travis/build/icyphy/ptII/ptolemy/actor/lib/hoc/test/auto/CatchUpComposite6.xml
----------------- Instantiating /home/travis/build/icyphy/ptII/ptolemy/actor/lib/hoc/test/auto/CatchUpComposite6.xml
WARNING: The execution aspects in this model can influence the timing of actors by delaying the 
execution, potentially changing the behavior. There is no guarantee that actors fire at the 
time they request to be fired. 
Use Ptides for deterministic DE behavior that is not influenced by execution aspects. 

57 ms. Memory: 208384K Free: 119863K (58%)
----------------- Invoking toplevel() on ptolemy.moml.MoMLSimpleApplication@153d4ace
----------------- Done invoking toplevel() on ptolemy.moml.MoMLSimpleApplication@153d4ace
reloadAllAccessors: .CatchUpComposite6

===========================================================================================
----------------- testing Fri Nov 23 03:36:07 UTC 2018 /home/travis/build/icyphy/ptII/ptolemy/actor/lib/hoc/test/auto/CatchUpComposite7.xml
----------------- Instantiating /home/travis/build/icyphy/ptII/ptolemy/actor/lib/hoc/test/auto/CatchUpComposite7.xml
WARNING: The execution aspects in this model can influence the timing of actors by delaying the 
execution, potentially changing the behavior. There is no guarantee that actors fire at the 
time they request to be fired. 
Use Ptides for deterministic DE behavior that is not influenced by execution aspects. 

48 ms. Memory: 208384K Free: 103177K (50%)
----------------- Invoking toplevel() on ptolemy.moml.MoMLSimpleApplication@5e896c8d
----------------- Done invoking toplevel() on ptolemy.moml.MoMLSimpleApplication@5e896c8d
reloadAllAccessors: .CatchUpComposite7

===========================================================================================
----------------- testing Fri Nov 23 03:36:07 UTC 2018 /home/travis/build/icyphy/ptII/ptolemy/actor/lib/hoc/test/auto/ConcurrentExecutionTimeSDF.xml
----------------- Instantiating /home/travis/build/icyphy/ptII/ptolemy/actor/lib/hoc/test/auto/ConcurrentExecutionTimeSDF.xml
Fired ExecutionTime: 40400000
Fired ExecutionTime: 40400000
Fired ExecutionTime: 40400000
Fired ExecutionTime: 40400000
Fired ExecutionTime: 40400000
Fired ExecutionTime: 40400000
Fired ExecutionTime: 40400000
Fired ExecutionTime: 40400000
Fired ExecutionTime: 40400000
Fired ExecutionTime: 40400000
Fired ExecutionTime: 40400000
Fired ExecutionTime: 40400000
Fired ExecutionTime: 40400000
Fired ExecutionTime: 40400000
Fired ExecutionTime: 40400000
Fired ExecutionTime: 40400000
Fired ExecutionTime: 40400000
Fired ExecutionTime: 40400000
Fired ExecutionTime: 40400000
Fired ExecutionTime: 40400000
2342 ms. Memory: 208384K Free: 95093K (46%)
----------------- Invoking toplevel() on ptolemy.moml.MoMLSimpleApplication@65a7b30f
----------------- Done invoking toplevel() on ptolemy.moml.MoMLSimpleApplication@65a7b30f
reloadAllAccessors: .ConcurrentExecutionTimeSDF

===========================================================================================
----------------- testing Fri Nov 23 03:36:10 UTC 2018 /home/travis/build/icyphy/ptII/ptolemy/actor/lib/hoc/test/auto/ConcurrentSleep.xml
----------------- Instantiating /home/travis/build/icyphy/ptII/ptolemy/actor/lib/hoc/test/auto/ConcurrentSleep.xml
736 ms. Memory: 208384K Free: 80605K (39%)
----------------- Invoking toplevel() on ptolemy.moml.MoMLSimpleApplication@268d8f0b
----------------- Done invoking toplevel() on ptolemy.moml.MoMLSimpleApplication@268d8f0b
reloadAllAccessors: .ConcurrentSleep

===========================================================================================
----------------- testing Fri Nov 23 03:36:10 UTC 2018 /home/travis/build/icyphy/ptII/ptolemy/actor/lib/hoc/test/auto/DEInPNInRunCompositeActor.xml
----------------- Instantiating /home/travis/build/icyphy/ptII/ptolemy/actor/lib/hoc/test/auto/DEInPNInRunCompositeActor.xml
11 ms. Memory: 208384K Free: 196155K (94%)
----------------- Invoking toplevel() on ptolemy.moml.MoMLSimpleApplication@7ba3d4bf
----------------- Done invoking toplevel() on ptolemy.moml.MoMLSimpleApplication@7ba3d4bf
reloadAllAccessors: .DEInPNInRunCompositeActor

===========================================================================================
----------------- testing Fri Nov 23 03:36:10 UTC 2018 /home/travis/build/icyphy/ptII/ptolemy/actor/lib/hoc/test/auto/DFTSubSetTest.xml
----------------- Instantiating /home/travis/build/icyphy/ptII/ptolemy/actor/lib/hoc/test/auto/DFTSubSetTest.xml
140 ms. Memory: 208384K Free: 148583K (71%)
----------------- Invoking toplevel() on ptolemy.moml.MoMLSimpleApplication@428a0f36
----------------- Done invoking toplevel() on ptolemy.moml.MoMLSimpleApplication@428a0f36
reloadAllAccessors: .DFTSubSetTest

===========================================================================================
----------------- testing Fri Nov 23 03:36:11 UTC 2018 /home/travis/build/icyphy/ptII/ptolemy/actor/lib/hoc/test/auto/HocDE.xml
----------------- Instantiating /home/travis/build/icyphy/ptII/ptolemy/actor/lib/hoc/test/auto/HocDE.xml
139 ms. Memory: 208384K Free: 121460K (58%)
----------------- Invoking toplevel() on ptolemy.moml.MoMLSimpleApplication@15314a1c
----------------- Done invoking toplevel() on ptolemy.moml.MoMLSimpleApplication@15314a1c
reloadAllAccessors: .HocDE

===========================================================================================
----------------- testing Fri Nov 23 03:36:11 UTC 2018 /home/travis/build/icyphy/ptII/ptolemy/actor/lib/hoc/test/auto/IterateOverArray.xml
----------------- Instantiating /home/travis/build/icyphy/ptII/ptolemy/actor/lib/hoc/test/auto/IterateOverArray.xml
7 ms. Memory: 208384K Free: 115054K (55%)
----------------- Invoking toplevel() on ptolemy.moml.MoMLSimpleApplication@75085ee7
----------------- Done invoking toplevel() on ptolemy.moml.MoMLSimpleApplication@75085ee7
reloadAllAccessors: .IterateOverArray

===========================================================================================
----------------- testing Fri Nov 23 03:36:11 UTC 2018 /home/travis/build/icyphy/ptII/ptolemy/actor/lib/hoc/test/auto/IterateOverArray10.xml
----------------- Instantiating /home/travis/build/icyphy/ptII/ptolemy/actor/lib/hoc/test/auto/IterateOverArray10.xml
5 ms. Memory: 208384K Free: 110957K (53%)
----------------- Invoking toplevel() on ptolemy.moml.MoMLSimpleApplication@51624289
----------------- Done invoking toplevel() on ptolemy.moml.MoMLSimpleApplication@51624289
reloadAllAccessors: .IterateOverArray10

===========================================================================================
----------------- testing Fri Nov 23 03:36:11 UTC 2018 /home/travis/build/icyphy/ptII/ptolemy/actor/lib/hoc/test/auto/IterateOverArray11.xml
----------------- Instantiating /home/travis/build/icyphy/ptII/ptolemy/actor/lib/hoc/test/auto/IterateOverArray11.xml
3 ms. Memory: 208384K Free: 105378K (51%)
----------------- Invoking toplevel() on ptolemy.moml.MoMLSimpleApplication@27368bde
----------------- Done invoking toplevel() on ptolemy.moml.MoMLSimpleApplication@27368bde
reloadAllAccessors: .IterateOverArray11

===========================================================================================
----------------- testing Fri Nov 23 03:36:11 UTC 2018 /home/travis/build/icyphy/ptII/ptolemy/actor/lib/hoc/test/auto/IterateOverArray12.xml
----------------- Instantiating /home/travis/build/icyphy/ptII/ptolemy/actor/lib/hoc/test/auto/IterateOverArray12.xml
9 ms. Memory: 208384K Free: 98792K (47%)
----------------- Invoking toplevel() on ptolemy.moml.MoMLSimpleApplication@44c1cd9
----------------- Done invoking toplevel() on ptolemy.moml.MoMLSimpleApplication@44c1cd9
reloadAllAccessors: .IterateOverArray12

===========================================================================================
----------------- testing Fri Nov 23 03:36:11 UTC 2018 /home/travis/build/icyphy/ptII/ptolemy/actor/lib/hoc/test/auto/IterateOverArray13.xml
----------------- Instantiating /home/travis/build/icyphy/ptII/ptolemy/actor/lib/hoc/test/auto/IterateOverArray13.xml
65 ms. Memory: 331264K Free: 312944K (94%)
----------------- Invoking toplevel() on ptolemy.moml.MoMLSimpleApplication@3904f378
----------------- Done invoking toplevel() on ptolemy.moml.MoMLSimpleApplication@3904f378
reloadAllAccessors: .IterateOverArray13

===========================================================================================
----------------- testing Fri Nov 23 03:36:11 UTC 2018 /home/travis/build/icyphy/ptII/ptolemy/actor/lib/hoc/test/auto/IterateOverArray14.xml
----------------- Instantiating /home/travis/build/icyphy/ptII/ptolemy/actor/lib/hoc/test/auto/IterateOverArray14.xml
48 ms. Memory: 331264K Free: 276087K (83%)
----------------- Invoking toplevel() on ptolemy.moml.MoMLSimpleApplication@4dd40ee2
----------------- Done invoking toplevel() on ptolemy.moml.MoMLSimpleApplication@4dd40ee2
reloadAllAccessors: .IterateOverArray14

===========================================================================================
----------------- testing Fri Nov 23 03:36:11 UTC 2018 /home/travis/build/icyphy/ptII/ptolemy/actor/lib/hoc/test/auto/IterateOverArray2.xml
----------------- Instantiating /home/travis/build/icyphy/ptII/ptolemy/actor/lib/hoc/test/auto/IterateOverArray2.xml
4 ms. Memory: 331264K Free: 269545K (81%)
----------------- Invoking toplevel() on ptolemy.moml.MoMLSimpleApplication@13a30ecb
----------------- Done invoking toplevel() on ptolemy.moml.MoMLSimpleApplication@13a30ecb
reloadAllAccessors: .IterateOverArray2

===========================================================================================
----------------- testing Fri Nov 23 03:36:11 UTC 2018 /home/travis/build/icyphy/ptII/ptolemy/actor/lib/hoc/test/auto/IterateOverArray3.xml
----------------- Instantiating /home/travis/build/icyphy/ptII/ptolemy/actor/lib/hoc/test/auto/IterateOverArray3.xml
6 ms. Memory: 331264K Free: 262177K (79%)
----------------- Invoking toplevel() on ptolemy.moml.MoMLSimpleApplication@50814bd1
----------------- Done invoking toplevel() on ptolemy.moml.MoMLSimpleApplication@50814bd1
reloadAllAccessors: .IterateOverArray3

===========================================================================================
----------------- testing Fri Nov 23 03:36:11 UTC 2018 /home/travis/build/icyphy/ptII/ptolemy/actor/lib/hoc/test/auto/IterateOverArray4.xml
----------------- Instantiating /home/travis/build/icyphy/ptII/ptolemy/actor/lib/hoc/test/auto/IterateOverArray4.xml
4 ms. Memory: 331264K Free: 257275K (78%)
----------------- Invoking toplevel() on ptolemy.moml.MoMLSimpleApplication@7685566f
----------------- Done invoking toplevel() on ptolemy.moml.MoMLSimpleApplication@7685566f
reloadAllAccessors: .IterateOverArray4

===========================================================================================
----------------- testing Fri Nov 23 03:36:11 UTC 2018 /home/travis/build/icyphy/ptII/ptolemy/actor/lib/hoc/test/auto/IterateOverArray5.xml
----------------- Instantiating /home/travis/build/icyphy/ptII/ptolemy/actor/lib/hoc/test/auto/IterateOverArray5.xml
3 ms. Memory: 331264K Free: 252364K (76%)
----------------- Invoking toplevel() on ptolemy.moml.MoMLSimpleApplication@2b49dbd6
----------------- Done invoking toplevel() on ptolemy.moml.MoMLSimpleApplication@2b49dbd6
reloadAllAccessors: .IterateOverArray5

===========================================================================================
----------------- testing Fri Nov 23 03:36:11 UTC 2018 /home/travis/build/icyphy/ptII/ptolemy/actor/lib/hoc/test/auto/IterateOverArray6.xml
----------------- Instantiating /home/travis/build/icyphy/ptII/ptolemy/actor/lib/hoc/test/auto/IterateOverArray6.xml
2 ms. Memory: 331264K Free: 246628K (74%)
----------------- Invoking toplevel() on ptolemy.moml.MoMLSimpleApplication@6b738eba
----------------- Done invoking toplevel() on ptolemy.moml.MoMLSimpleApplication@6b738eba
reloadAllAccessors: .IterateOverArray6

===========================================================================================
----------------- testing Fri Nov 23 03:36:11 UTC 2018 /home/travis/build/icyphy/ptII/ptolemy/actor/lib/hoc/test/auto/IterateOverArray7.xml
----------------- Instantiating /home/travis/build/icyphy/ptII/ptolemy/actor/lib/hoc/test/auto/IterateOverArray7.xml
4 ms. Memory: 331264K Free: 241733K (73%)
----------------- Invoking toplevel() on ptolemy.moml.MoMLSimpleApplication@6fbae129
----------------- Done invoking toplevel() on ptolemy.moml.MoMLSimpleApplication@6fbae129
reloadAllAccessors: .IterateOverArray7

===========================================================================================
----------------- testing Fri Nov 23 03:36:11 UTC 2018 /home/travis/build/icyphy/ptII/ptolemy/actor/lib/hoc/test/auto/IterateOverArray8.xml
----------------- Instantiating /home/travis/build/icyphy/ptII/ptolemy/actor/lib/hoc/test/auto/IterateOverArray8.xml
4 ms. Memory: 331264K Free: 235981K (71%)
----------------- Invoking toplevel() on ptolemy.moml.MoMLSimpleApplication@409dc6b0
----------------- Done invoking toplevel() on ptolemy.moml.MoMLSimpleApplication@409dc6b0
reloadAllAccessors: .IterateOverArray8

===========================================================================================
----------------- testing Fri Nov 23 03:36:11 UTC 2018 /home/travis/build/icyphy/ptII/ptolemy/actor/lib/hoc/test/auto/IterateOverArray9.xml
----------------- Instantiating /home/travis/build/icyphy/ptII/ptolemy/actor/lib/hoc/test/auto/IterateOverArray9.xml
8 ms. Memory: 331264K Free: 231086K (70%)
----------------- Invoking toplevel() on ptolemy.moml.MoMLSimpleApplication@40c91cdc
----------------- Done invoking toplevel() on ptolemy.moml.MoMLSimpleApplication@40c91cdc
reloadAllAccessors: .IterateOverArray9

===========================================================================================
----------------- testing Fri Nov 23 03:36:11 UTC 2018 /home/travis/build/icyphy/ptII/ptolemy/actor/lib/hoc/test/auto/IterateOverArrayCoercedOutputType.xml
----------------- Instantiating /home/travis/build/icyphy/ptII/ptolemy/actor/lib/hoc/test/auto/IterateOverArrayCoercedOutputType.xml
3 ms. Memory: 331264K Free: 224544K (68%)
----------------- Invoking toplevel() on ptolemy.moml.MoMLSimpleApplication@625168bd
----------------- Done invoking toplevel() on ptolemy.moml.MoMLSimpleApplication@625168bd
reloadAllAccessors: .IterateOverArrayCoercedOutputType

===========================================================================================
----------------- testing Fri Nov 23 03:36:11 UTC 2018 /home/travis/build/icyphy/ptII/ptolemy/actor/lib/hoc/test/auto/IterateOverArrayInferredOutputType.xml
----------------- Instantiating /home/travis/build/icyphy/ptII/ptolemy/actor/lib/hoc/test/auto/IterateOverArrayInferredOutputType.xml
4 ms. Memory: 331264K Free: 217160K (66%)
----------------- Invoking toplevel() on ptolemy.moml.MoMLSimpleApplication@58f246b3
----------------- Done invoking toplevel() on ptolemy.moml.MoMLSimpleApplication@58f246b3
reloadAllAccessors: .IterateOverArrayInferredOutputType

===========================================================================================
----------------- testing Fri Nov 23 03:36:11 UTC 2018 /home/travis/build/icyphy/ptII/ptolemy/actor/lib/hoc/test/auto/MobileFunctionTest.xml
----------------- Instantiating /home/travis/build/icyphy/ptII/ptolemy/actor/lib/hoc/test/auto/MobileFunctionTest.xml
5 ms. Memory: 331264K Free: 210586K (64%)
----------------- Invoking toplevel() on ptolemy.moml.MoMLSimpleApplication@61750861
----------------- Done invoking toplevel() on ptolemy.moml.MoMLSimpleApplication@61750861
reloadAllAccessors: .MobileFunctionTest

===========================================================================================
----------------- testing Fri Nov 23 03:36:11 UTC 2018 /home/travis/build/icyphy/ptII/ptolemy/actor/lib/hoc/test/auto/MobileModelTest.xml
----------------- Instantiating /home/travis/build/icyphy/ptII/ptolemy/actor/lib/hoc/test/auto/MobileModelTest.xml
85 ms. Memory: 331264K Free: 188438K (57%)
----------------- Invoking toplevel() on ptolemy.moml.MoMLSimpleApplication@1d0956e2
----------------- Done invoking toplevel() on ptolemy.moml.MoMLSimpleApplication@1d0956e2
reloadAllAccessors: .MobileModelTest

===========================================================================================
----------------- testing Fri Nov 23 03:36:12 UTC 2018 /home/travis/build/icyphy/ptII/ptolemy/actor/lib/hoc/test/auto/ModelReference.xml
----------------- Instantiating /home/travis/build/icyphy/ptII/ptolemy/actor/lib/hoc/test/auto/ModelReference.xml
9 ms. Memory: 331264K Free: 178584K (54%)
2 ms. Memory: 331264K Free: 178584K (54%)
1 ms. Memory: 331264K Free: 176937K (53%)
2 ms. Memory: 331264K Free: 176937K (53%)
1 ms. Memory: 331264K Free: 175305K (53%)
1 ms. Memory: 331264K Free: 175305K (53%)
1 ms. Memory: 331264K Free: 173674K (52%)
2 ms. Memory: 331264K Free: 173674K (52%)
1 ms. Memory: 331264K Free: 172042K (52%)
1 ms. Memory: 331264K Free: 172042K (52%)
34 ms. Memory: 331264K Free: 172042K (52%)
----------------- Invoking toplevel() on ptolemy.moml.MoMLSimpleApplication@1c585797
----------------- Done invoking toplevel() on ptolemy.moml.MoMLSimpleApplication@1c585797
reloadAllAccessors: .ModelReference

===========================================================================================
----------------- testing Fri Nov 23 03:36:12 UTC 2018 /home/travis/build/icyphy/ptII/ptolemy/actor/lib/hoc/test/auto/ModelReference3.xml
----------------- Instantiating /home/travis/build/icyphy/ptII/ptolemy/actor/lib/hoc/test/auto/ModelReference3.xml
1 ms. Memory: 331264K Free: 167131K (50%)
6 ms. Memory: 331264K Free: 165484K (50%)
2 ms. Memory: 331264K Free: 165484K (50%)
4 ms. Memory: 331264K Free: 163852K (49%)
2 ms. Memory: 331264K Free: 163852K (49%)
2 ms. Memory: 331264K Free: 162213K (49%)
1 ms. Memory: 331264K Free: 162213K (49%)
2 ms. Memory: 331264K Free: 160565K (48%)
1 ms. Memory: 331264K Free: 160565K (48%)
3 ms. Memory: 331264K Free: 158917K (48%)
29 ms. Memory: 331264K Free: 158917K (48%)
----------------- Invoking toplevel() on ptolemy.moml.MoMLSimpleApplication@48f145a4
----------------- Done invoking toplevel() on ptolemy.moml.MoMLSimpleApplication@48f145a4
reloadAllAccessors: .ModelReference3

===========================================================================================
----------------- testing Fri Nov 23 03:36:12 UTC 2018 /home/travis/build/icyphy/ptII/ptolemy/actor/lib/hoc/test/auto/ModelReference4.xml
----------------- Instantiating /home/travis/build/icyphy/ptII/ptolemy/actor/lib/hoc/test/auto/ModelReference4.xml
5 ms. Memory: 331264K Free: 151534K (46%)
2 ms. Memory: 331264K Free: 149902K (45%)
2 ms. Memory: 331264K Free: 148271K (45%)
3 ms. Memory: 331264K Free: 146639K (44%)
3 ms. Memory: 331264K Free: 143360K (43%)
2 ms. Memory: 331264K Free: 141729K (43%)
2 ms. Memory: 331264K Free: 140097K (42%)
2 ms. Memory: 331264K Free: 138465K (42%)
3 ms. Memory: 331264K Free: 136834K (41%)
2 ms. Memory: 331264K Free: 135202K (41%)
10013 ms. Memory: 331264K Free: 135202K (41%)
----------------- Invoking toplevel() on ptolemy.moml.MoMLSimpleApplication@7cc84459
----------------- Done invoking toplevel() on ptolemy.moml.MoMLSimpleApplication@7cc84459
reloadAllAccessors: .ModelReference4

===========================================================================================
----------------- testing Fri Nov 23 03:36:22 UTC 2018 /home/travis/build/icyphy/ptII/ptolemy/actor/lib/hoc/test/auto/MultiInstanceComposite.xml
----------------- Instantiating /home/travis/build/icyphy/ptII/ptolemy/actor/lib/hoc/test/auto/MultiInstanceComposite.xml
23 ms. Memory: 331264K Free: 117199K (35%)
----------------- Invoking toplevel() on ptolemy.moml.MoMLSimpleApplication@29feb933
----------------- Done invoking toplevel() on ptolemy.moml.MoMLSimpleApplication@29feb933
reloadAllAccessors: .MultiInstanceComposite

===========================================================================================
----------------- testing Fri Nov 23 03:36:22 UTC 2018 /home/travis/build/icyphy/ptII/ptolemy/actor/lib/hoc/test/auto/MultiInstanceComposite2.xml
----------------- Instantiating /home/travis/build/icyphy/ptII/ptolemy/actor/lib/hoc/test/auto/MultiInstanceComposite2.xml
13 ms. Memory: 331264K Free: 103249K (31%)
----------------- Invoking toplevel() on ptolemy.moml.MoMLSimpleApplication@25c39135
----------------- Done invoking toplevel() on ptolemy.moml.MoMLSimpleApplication@25c39135
reloadAllAccessors: .MultiInstanceComposite2

===========================================================================================
----------------- testing Fri Nov 23 03:36:22 UTC 2018 /home/travis/build/icyphy/ptII/ptolemy/actor/lib/hoc/test/auto/MulticoreExecution.xml
----------------- Instantiating /home/travis/build/icyphy/ptII/ptolemy/actor/lib/hoc/test/auto/MulticoreExecution.xml
Fired ExecutionTime: 2800000
Fired ExecutionTime: 2800000
Fired ExecutionTime: 2800000
Fired ExecutionTime: 2800000
Fired ExecutionTime: 4400000
Fired ExecutionTime: 1600000
Fired ExecutionTime: 3200000
Fired ExecutionTime: 2400000
Fired ExecutionTime: 2800000
Fired ExecutionTime: 3200000
Fired ExecutionTime: 3600000
Fired ExecutionTime: 2400000
Fired ExecutionTime: 2800000
Fired ExecutionTime: 3200000
Fired ExecutionTime: 3600000
Fired ExecutionTime: 2400000
Fired ExecutionTime: 57600000
Fired ExecutionTime: 60000000
Fired ExecutionTime: 63600000
Fired ExecutionTime: 68400000
1135 ms. Memory: 331264K Free: 90172K (27%)
----------------- Invoking toplevel() on ptolemy.moml.MoMLSimpleApplication@160add2e
----------------- Done invoking toplevel() on ptolemy.moml.MoMLSimpleApplication@160add2e
reloadAllAccessors: .MulticoreExecution

===========================================================================================
----------------- testing Fri Nov 23 03:36:23 UTC 2018 /home/travis/build/icyphy/ptII/ptolemy/actor/lib/hoc/test/auto/ParallelExecution.xml
----------------- Instantiating /home/travis/build/icyphy/ptII/ptolemy/actor/lib/hoc/test/auto/ParallelExecution.xml
919 ms. Memory: 331264K Free: 79468K (24%)
----------------- Invoking toplevel() on ptolemy.moml.MoMLSimpleApplication@791c1cad
----------------- Done invoking toplevel() on ptolemy.moml.MoMLSimpleApplication@791c1cad
reloadAllAccessors: .ParallelExecution

===========================================================================================
----------------- testing Fri Nov 23 03:36:24 UTC 2018 /home/travis/build/icyphy/ptII/ptolemy/actor/lib/hoc/test/auto/RunCompositeActor.xml
----------------- Instantiating /home/travis/build/icyphy/ptII/ptolemy/actor/lib/hoc/test/auto/RunCompositeActor.xml
9 ms. Memory: 332288K Free: 314598K (95%)
----------------- Invoking toplevel() on ptolemy.moml.MoMLSimpleApplication@d752c81
----------------- Done invoking toplevel() on ptolemy.moml.MoMLSimpleApplication@d752c81
reloadAllAccessors: .RunCompositeActor

===========================================================================================
----------------- testing Fri Nov 23 03:36:24 UTC 2018 /home/travis/build/icyphy/ptII/ptolemy/actor/lib/hoc/test/auto/RunCompositeActor2.xml
----------------- Instantiating /home/travis/build/icyphy/ptII/ptolemy/actor/lib/hoc/test/auto/RunCompositeActor2.xml
5 ms. Memory: 332288K Free: 308055K (93%)
----------------- Invoking toplevel() on ptolemy.moml.MoMLSimpleApplication@689dcbba
----------------- Done invoking toplevel() on ptolemy.moml.MoMLSimpleApplication@689dcbba
reloadAllAccessors: .RunCompositeActor2

===========================================================================================
----------------- testing Fri Nov 23 03:36:24 UTC 2018 /home/travis/build/icyphy/ptII/ptolemy/actor/lib/hoc/test/auto/RunCompositeActor3.xml
----------------- Instantiating /home/travis/build/icyphy/ptII/ptolemy/actor/lib/hoc/test/auto/RunCompositeActor3.xml
3 ms. Memory: 332288K Free: 300916K (91%)
----------------- Invoking toplevel() on ptolemy.moml.MoMLSimpleApplication@364c2786
----------------- Done invoking toplevel() on ptolemy.moml.MoMLSimpleApplication@364c2786
reloadAllAccessors: .RunCompositeActor3

===========================================================================================
----------------- testing Fri Nov 23 03:36:24 UTC 2018 /home/travis/build/icyphy/ptII/ptolemy/actor/lib/hoc/test/auto/RunCompositeActor4.xml
----------------- Instantiating /home/travis/build/icyphy/ptII/ptolemy/actor/lib/hoc/test/auto/RunCompositeActor4.xml
8 ms. Memory: 332288K Free: 292130K (88%)
----------------- Invoking toplevel() on ptolemy.moml.MoMLSimpleApplication@20e6014f
----------------- Done invoking toplevel() on ptolemy.moml.MoMLSimpleApplication@20e6014f
reloadAllAccessors: .RunCompositeActor4

===========================================================================================
----------------- testing Fri Nov 23 03:36:24 UTC 2018 /home/travis/build/icyphy/ptII/ptolemy/actor/lib/hoc/test/auto/RunCompositeIterateOverArray.xml
----------------- Instantiating /home/travis/build/icyphy/ptII/ptolemy/actor/lib/hoc/test/auto/RunCompositeIterateOverArray.xml
4 ms. Memory: 332288K Free: 283779K (85%)
----------------- Invoking toplevel() on ptolemy.moml.MoMLSimpleApplication@370757de
----------------- Done invoking toplevel() on ptolemy.moml.MoMLSimpleApplication@370757de
reloadAllAccessors: .RunCompositeIterateOverArray

===========================================================================================
----------------- testing Fri Nov 23 03:36:24 UTC 2018 /home/travis/build/icyphy/ptII/ptolemy/actor/lib/hoc/test/auto/ThreadedJS.xml
----------------- Instantiating /home/travis/build/icyphy/ptII/ptolemy/actor/lib/hoc/test/auto/ThreadedJS.xml
1732 ms. Memory: 538624K Free: 153478K (28%)
----------------- Invoking toplevel() on ptolemy.moml.MoMLSimpleApplication@3fb4944d
----------------- Done invoking toplevel() on ptolemy.moml.MoMLSimpleApplication@3fb4944d
reloadAllAccessors: .ThreadedJS
AutoTests.java: About to close Vertx.
AutoTests.java: Vertx closed.
]]></system-out>
  <system-err><![CDATA[java.lang.RuntimeException: Execution failed
	at ptolemy.moml.MoMLSimpleApplication$UnloadThread.run(MoMLSimpleApplication.java:402)
Caused by: ptolemy.kernel.util.IllegalActionException: initialize() was called after wrapup() was called but preinitialize() was not called after wrapup().
	at ptolemy.actor.lib.hoc.test.PreinitializeMustBeInvoked.initialize(PreinitializeMustBeInvoked.java:78)
	at ptolemy.actor.Director.initialize(Director.java:938)
	at ptolemy.actor.Director.initialize(Director.java:907)
	at ptolemy.actor.sched.StaticSchedulingDirector.initialize(StaticSchedulingDirector.java:159)
	at ptolemy.domains.sdf.kernel.SDFDirector.initialize(SDFDirector.java:544)
	at ptolemy.actor.CompositeActor.initialize(CompositeActor.java:935)
	at ptolemy.actor.lib.hoc.LifeCycleManager._executeInsideModel(LifeCycleManager.java:339)
	at ptolemy.actor.lib.hoc.RunCompositeActor.fire(RunCompositeActor.java:205)
	at ptolemy.actor.CompositeActor.iterate(CompositeActor.java:1146)
	at ptolemy.actor.sched.StaticSchedulingDirector.fire(StaticSchedulingDirector.java:216)
	at ptolemy.domains.sdf.kernel.SDFDirector.fire(SDFDirector.java:500)
	at ptolemy.actor.CompositeActor.fire(CompositeActor.java:455)
	at ptolemy.actor.Manager.iterate(Manager.java:851)
	at ptolemy.actor.Manager.execute(Manager.java:369)
	at ptolemy.actor.Manager.run(Manager.java:1263)
	at ptolemy.actor.Manager$PtolemyRunThread.run(Manager.java:1915)
java.lang.reflect.InvocationTargetException
	at sun.reflect.NativeConstructorAccessorImpl.newInstance0(Native Method)
	at sun.reflect.NativeConstructorAccessorImpl.newInstance(NativeConstructorAccessorImpl.java:62)
	at sun.reflect.DelegatingConstructorAccessorImpl.newInstance(DelegatingConstructorAccessorImpl.java:45)
	at java.lang.reflect.Constructor.newInstance(Constructor.java:423)
	at ptolemy.util.test.junit.AutoKnownFailedTests.RunModel(AutoKnownFailedTests.java:105)
	at sun.reflect.NativeMethodAccessorImpl.invoke0(Native Method)
	at sun.reflect.NativeMethodAccessorImpl.invoke(NativeMethodAccessorImpl.java:62)
	at sun.reflect.DelegatingMethodAccessorImpl.invoke(DelegatingMethodAccessorImpl.java:43)
	at java.lang.reflect.Method.invoke(Method.java:498)
	at org.junit.runners.model.FrameworkMethod$1.runReflectiveCall(FrameworkMethod.java:44)
	at org.junit.internal.runners.model.ReflectiveCallable.run(ReflectiveCallable.java:15)
	at org.junit.runners.model.FrameworkMethod.invokeExplosively(FrameworkMethod.java:41)
	at junitparams.internal.InvokeParameterisedMethod.evaluate(InvokeParameterisedMethod.java:102)
	at org.junit.internal.runners.statements.FailOnTimeout$1.run(FailOnTimeout.java:28)
Caused by: ptolemy.kernel.util.IllegalActionException: initialize() was called after wrapup() was called but preinitialize() was not called after wrapup().
	at ptolemy.actor.lib.hoc.test.PreinitializeMustBeInvoked.initialize(PreinitializeMustBeInvoked.java:78)
	at ptolemy.actor.Director.initialize(Director.java:938)
	at ptolemy.actor.Director.initialize(Director.java:907)
	at ptolemy.actor.sched.StaticSchedulingDirector.initialize(StaticSchedulingDirector.java:159)
	at ptolemy.domains.sdf.kernel.SDFDirector.initialize(SDFDirector.java:544)
	at ptolemy.actor.CompositeActor.initialize(CompositeActor.java:935)
	at ptolemy.actor.lib.hoc.LifeCycleManager._executeInsideModel(LifeCycleManager.java:339)
	at ptolemy.actor.lib.hoc.RunCompositeActor.fire(RunCompositeActor.java:205)
	at ptolemy.actor.CompositeActor.iterate(CompositeActor.java:1146)
	at ptolemy.actor.sched.StaticSchedulingDirector.fire(StaticSchedulingDirector.java:216)
	at ptolemy.domains.sdf.kernel.SDFDirector.fire(SDFDirector.java:500)
	at ptolemy.actor.CompositeActor.fire(CompositeActor.java:455)
	at ptolemy.actor.Manager.iterate(Manager.java:851)
	at ptolemy.actor.Manager.execute(Manager.java:369)
	at ptolemy.actor.Manager.run(Manager.java:1263)
	at ptolemy.actor.Manager$PtolemyRunThread.run(Manager.java:1915)
]]></system-err>
</testsuite>
