<?xml version="1.0" encoding="UTF-8" ?>
<testsuite errors="0" failures="0" hostname="travis-job-69be11bd-c56f-43aa-8cc7-0e07df56a22f" name="ptolemy.domains.de.test.junit.JUnitTclTest" skipped="0" tests="101" time="129.644" timestamp="2019-07-21T01:01:39">
  <properties>
[...]
</properties>
  <testcase classname="ptolemy.util.test.junit.TclTests" name="[0] /home/travis/build/icyphy/ptII/ptolemy/domains/de/test/DependencyLoop.tcl (RunTclFile)" time="0.992" />
  <testcase classname="ptolemy.util.test.junit.TclTests" name="[1] /home/travis/build/icyphy/ptII/ptolemy/domains/de/test/RunDETestsAsQSS.tcl (RunTclFile)" time="87.962" />
  <testcase classname="ptolemy.util.test.junit.AutoKnownFailedTests" name="[0] /home/travis/build/icyphy/ptII/ptolemy/domains/de/test/auto/knownFailedTests/DESDFClockTest.xml (RunModel)" time="2.051" />
  <testcase classname="ptolemy.util.test.junit.AutoKnownFailedTests" name="[1] /home/travis/build/icyphy/ptII/ptolemy/domains/de/test/auto/knownFailedTests/DirectFeedback.xml (RunModel)" time="0.016" />
  <testcase classname="ptolemy.util.test.junit.AutoKnownFailedTests" name="[2] /home/travis/build/icyphy/ptII/ptolemy/domains/de/test/auto/knownFailedTests/FSMSource.xml (RunModel)" time="0.027" />
  <testcase classname="ptolemy.util.test.junit.AutoKnownFailedTests" name="[3] /home/travis/build/icyphy/ptII/ptolemy/domains/de/test/auto/knownFailedTests/HierarchicalModel.xml (RunModel)" time="0.043" />
  <testcase classname="ptolemy.util.test.junit.AutoKnownFailedTests" name="[4] /home/travis/build/icyphy/ptII/ptolemy/domains/de/test/auto/knownFailedTests/dependencyLoop.xml (RunModel)" time="0.051" />
  <testcase classname="ptolemy.util.test.junit.AutoKnownFailedTests" name="[5] /home/travis/build/icyphy/ptII/ptolemy/domains/de/test/auto/knownFailedTests/dependencyLoop2.xml (RunModel)" time="0.047" />
  <testcase classname="ptolemy.util.test.junit.AutoNameArchTests" name="[0] ThereAreNoAutoArchTests (RunModel)" time="0.001" />
  <testcase classname="ptolemy.util.test.junit.AutoTests" name="[0] /home/travis/build/icyphy/ptII/ptolemy/domains/de/test/auto/ActorDepthCalculation_actorWithoutPorts.xml (RunModel)" time="0.027" />
  <testcase classname="ptolemy.util.test.junit.AutoTests" name="[1] /home/travis/build/icyphy/ptII/ptolemy/domains/de/test/auto/AssemblyLine.xml (RunModel)" time="0.032" />
  <testcase classname="ptolemy.util.test.junit.AutoTests" name="[2] /home/travis/build/icyphy/ptII/ptolemy/domains/de/test/auto/CQBug1.xml (RunModel)" time="0.01" />
  <testcase classname="ptolemy.util.test.junit.AutoTests" name="[3] /home/travis/build/icyphy/ptII/ptolemy/domains/de/test/auto/CancelFireAt.xml (RunModel)" time="0.014" />
  <testcase classname="ptolemy.util.test.junit.AutoTests" name="[4] /home/travis/build/icyphy/ptII/ptolemy/domains/de/test/auto/CausalityAndComposabilityAnalysis.xml (RunModel)" time="0.011" />
  <testcase classname="ptolemy.util.test.junit.AutoTests" name="[5] /home/travis/build/icyphy/ptII/ptolemy/domains/de/test/auto/CausalityInterface1.xml (RunModel)" time="0.015" />
  <testcase classname="ptolemy.util.test.junit.AutoTests" name="[6] /home/travis/build/icyphy/ptII/ptolemy/domains/de/test/auto/CausalityInterface15.xml (RunModel)" time="0.016" />
  <testcase classname="ptolemy.util.test.junit.AutoTests" name="[7] /home/travis/build/icyphy/ptII/ptolemy/domains/de/test/auto/CausalityInterface2.xml (RunModel)" time="0.014" />
  <testcase classname="ptolemy.util.test.junit.AutoTests" name="[8] /home/travis/build/icyphy/ptII/ptolemy/domains/de/test/auto/CausalityInterface3.xml (RunModel)" time="0.016" />
  <testcase classname="ptolemy.util.test.junit.AutoTests" name="[9] /home/travis/build/icyphy/ptII/ptolemy/domains/de/test/auto/ClockDrift.xml (RunModel)" time="0.038" />
  <testcase classname="ptolemy.util.test.junit.AutoTests" name="[10] /home/travis/build/icyphy/ptII/ptolemy/domains/de/test/auto/ClockDriftAndValueChange.xml (RunModel)" time="0.033" />
  <testcase classname="ptolemy.util.test.junit.AutoTests" name="[11] /home/travis/build/icyphy/ptII/ptolemy/domains/de/test/auto/ClockDriftChange.xml (RunModel)" time="0.035" />
  <testcase classname="ptolemy.util.test.junit.AutoTests" name="[12] /home/travis/build/icyphy/ptII/ptolemy/domains/de/test/auto/ComposableCausalityAnalysis.xml (RunModel)" time="0.014" />
  <testcase classname="ptolemy.util.test.junit.AutoTests" name="[13] /home/travis/build/icyphy/ptII/ptolemy/domains/de/test/auto/DEFixedPointLimitation.xml (RunModel)" time="0.013" />
  <testcase classname="ptolemy.util.test.junit.AutoTests" name="[14] /home/travis/build/icyphy/ptII/ptolemy/domains/de/test/auto/DEScheduleTest.xml (RunModel)" time="0.019" />
  <testcase classname="ptolemy.util.test.junit.AutoTests" name="[15] /home/travis/build/icyphy/ptII/ptolemy/domains/de/test/auto/DEinDEwithStartTimes.xml (RunModel)" time="0.015" />
  <testcase classname="ptolemy.util.test.junit.AutoTests" name="[16] /home/travis/build/icyphy/ptII/ptolemy/domains/de/test/auto/DEinDEwithStartTimes2.xml (RunModel)" time="0.016" />
  <testcase classname="ptolemy.util.test.junit.AutoTests" name="[17] /home/travis/build/icyphy/ptII/ptolemy/domains/de/test/auto/DateDemo.xml (RunModel)" time="0.029" />
  <testcase classname="ptolemy.util.test.junit.AutoTests" name="[18] /home/travis/build/icyphy/ptII/ptolemy/domains/de/test/auto/DateToEvent.xml (RunModel)" time="2.043" />
  <testcase classname="ptolemy.util.test.junit.AutoTests" name="[19] /home/travis/build/icyphy/ptII/ptolemy/domains/de/test/auto/DepthTest1.xml (RunModel)" time="0.008" />
  <testcase classname="ptolemy.util.test.junit.AutoTests" name="[20] /home/travis/build/icyphy/ptII/ptolemy/domains/de/test/auto/DepthTest2.xml (RunModel)" time="0.034" />
  <testcase classname="ptolemy.util.test.junit.AutoTests" name="[21] /home/travis/build/icyphy/ptII/ptolemy/domains/de/test/auto/DepthTest3.xml (RunModel)" time="0.01" />
  <testcase classname="ptolemy.util.test.junit.AutoTests" name="[22] /home/travis/build/icyphy/ptII/ptolemy/domains/de/test/auto/DepthTest4.xml (RunModel)" time="0.018" />
  <testcase classname="ptolemy.util.test.junit.AutoTests" name="[23] /home/travis/build/icyphy/ptII/ptolemy/domains/de/test/auto/DepthTest5.xml (RunModel)" time="0.018" />
  <testcase classname="ptolemy.util.test.junit.AutoTests" name="[24] /home/travis/build/icyphy/ptII/ptolemy/domains/de/test/auto/DepthTest6.xml (RunModel)" time="0.013" />
  <testcase classname="ptolemy.util.test.junit.AutoTests" name="[25] /home/travis/build/icyphy/ptII/ptolemy/domains/de/test/auto/DepthTest7.xml (RunModel)" time="0.015" />
  <testcase classname="ptolemy.util.test.junit.AutoTests" name="[26] /home/travis/build/icyphy/ptII/ptolemy/domains/de/test/auto/EventToDate.xml (RunModel)" time="3.046" />
  <testcase classname="ptolemy.util.test.junit.AutoTests" name="[27] /home/travis/build/icyphy/ptII/ptolemy/domains/de/test/auto/FSM1.xml (RunModel)" time="0.033" />
  <testcase classname="ptolemy.util.test.junit.AutoTests" name="[28] /home/travis/build/icyphy/ptII/ptolemy/domains/de/test/auto/FSM7.xml (RunModel)" time="0.057" />
  <testcase classname="ptolemy.util.test.junit.AutoTests" name="[29] /home/travis/build/icyphy/ptII/ptolemy/domains/de/test/auto/Inspection.xml (RunModel)" time="0.063" />
  <testcase classname="ptolemy.util.test.junit.AutoTests" name="[30] /home/travis/build/icyphy/ptII/ptolemy/domains/de/test/auto/Iteration.xml (RunModel)" time="0.031" />
  <testcase classname="ptolemy.util.test.junit.AutoTests" name="[31] /home/travis/build/icyphy/ptII/ptolemy/domains/de/test/auto/LineFault.xml (RunModel)" time="0.644" />
  <testcase classname="ptolemy.util.test.junit.AutoTests" name="[32] /home/travis/build/icyphy/ptII/ptolemy/domains/de/test/auto/MergeModel1Add.xml (RunModel)" time="0.056" />
  <testcase classname="ptolemy.util.test.junit.AutoTests" name="[33] /home/travis/build/icyphy/ptII/ptolemy/domains/de/test/auto/MergeModel2Add.xml (RunModel)" time="0.037" />
  <testcase classname="ptolemy.util.test.junit.AutoTests" name="[34] /home/travis/build/icyphy/ptII/ptolemy/domains/de/test/auto/MergeModel3Add.xml (RunModel)" time="0.049" />
  <testcase classname="ptolemy.util.test.junit.AutoTests" name="[35] /home/travis/build/icyphy/ptII/ptolemy/domains/de/test/auto/MergeWithoutDiscard.xml (RunModel)" time="0.019" />
  <testcase classname="ptolemy.util.test.junit.AutoTests" name="[36] /home/travis/build/icyphy/ptII/ptolemy/domains/de/test/auto/Modal1.xml (RunModel)" time="0.033" />
  <testcase classname="ptolemy.util.test.junit.AutoTests" name="[37] /home/travis/build/icyphy/ptII/ptolemy/domains/de/test/auto/Modal2.xml (RunModel)" time="0.037" />
  <testcase classname="ptolemy.util.test.junit.AutoTests" name="[38] /home/travis/build/icyphy/ptII/ptolemy/domains/de/test/auto/Modal3.xml (RunModel)" time="0.027" />
  <testcase classname="ptolemy.util.test.junit.AutoTests" name="[39] /home/travis/build/icyphy/ptII/ptolemy/domains/de/test/auto/Modal4.xml (RunModel)" time="0.037" />
  <testcase classname="ptolemy.util.test.junit.AutoTests" name="[40] /home/travis/build/icyphy/ptII/ptolemy/domains/de/test/auto/Modal5.xml (RunModel)" time="0.032" />
  <testcase classname="ptolemy.util.test.junit.AutoTests" name="[41] /home/travis/build/icyphy/ptII/ptolemy/domains/de/test/auto/Modal6.xml (RunModel)" time="0.031" />
  <testcase classname="ptolemy.util.test.junit.AutoTests" name="[42] /home/travis/build/icyphy/ptII/ptolemy/domains/de/test/auto/Modal7.xml (RunModel)" time="0.036" />
  <testcase classname="ptolemy.util.test.junit.AutoTests" name="[43] /home/travis/build/icyphy/ptII/ptolemy/domains/de/test/auto/ModalModel.xml (RunModel)" time="0.167" />
  <testcase classname="ptolemy.util.test.junit.AutoTests" name="[44] /home/travis/build/icyphy/ptII/ptolemy/domains/de/test/auto/ModalSource.xml (RunModel)" time="0.021" />
  <testcase classname="ptolemy.util.test.junit.AutoTests" name="[45] /home/travis/build/icyphy/ptII/ptolemy/domains/de/test/auto/NonInterruptibleTimerZeroDelay.xml (RunModel)" time="0.014" />
  <testcase classname="ptolemy.util.test.junit.AutoTests" name="[46] /home/travis/build/icyphy/ptII/ptolemy/domains/de/test/auto/OpenQueueingNetwork.xml (RunModel)" time="2.391" />
  <testcase classname="ptolemy.util.test.junit.AutoTests" name="[47] /home/travis/build/icyphy/ptII/ptolemy/domains/de/test/auto/OpenQueuingNetwork.xml (RunModel)" time="0.272" />
  <testcase classname="ptolemy.util.test.junit.AutoTests" name="[48] /home/travis/build/icyphy/ptII/ptolemy/domains/de/test/auto/PeriodicSampler.xml (RunModel)" time="0.015" />
  <testcase classname="ptolemy.util.test.junit.AutoTests" name="[49] /home/travis/build/icyphy/ptII/ptolemy/domains/de/test/auto/PersistentIO.xml (RunModel)" time="0.017" />
  <testcase classname="ptolemy.util.test.junit.AutoTests" name="[50] /home/travis/build/icyphy/ptII/ptolemy/domains/de/test/auto/PortParameterResetOnInitialize.xml (RunModel)" time="0.007" />
  <testcase classname="ptolemy.util.test.junit.AutoTests" name="[51] /home/travis/build/icyphy/ptII/ptolemy/domains/de/test/auto/PortParameterUpdates.xml (RunModel)" time="0.012" />
  <testcase classname="ptolemy.util.test.junit.AutoTests" name="[52] /home/travis/build/icyphy/ptII/ptolemy/domains/de/test/auto/QueueAndServer.xml (RunModel)" time="0.018" />
  <testcase classname="ptolemy.util.test.junit.AutoTests" name="[53] /home/travis/build/icyphy/ptII/ptolemy/domains/de/test/auto/Records.xml (RunModel)" time="0.014" />
  <testcase classname="ptolemy.util.test.junit.AutoTests" name="[54] /home/travis/build/icyphy/ptII/ptolemy/domains/de/test/auto/ResetTransitionWithStartTime1.xml (RunModel)" time="0.015" />
  <testcase classname="ptolemy.util.test.junit.AutoTests" name="[55] /home/travis/build/icyphy/ptII/ptolemy/domains/de/test/auto/ResetTransitionWithStartTime2.xml (RunModel)" time="0.022" />
  <testcase classname="ptolemy.util.test.junit.AutoTests" name="[56] /home/travis/build/icyphy/ptII/ptolemy/domains/de/test/auto/ResetTransitionWithStartTime3.xml (RunModel)" time="0.02" />
  <testcase classname="ptolemy.util.test.junit.AutoTests" name="[57] /home/travis/build/icyphy/ptII/ptolemy/domains/de/test/auto/ResetTransitionWithStartTime4.xml (RunModel)" time="0.015" />
  <testcase classname="ptolemy.util.test.junit.AutoTests" name="[58] /home/travis/build/icyphy/ptII/ptolemy/domains/de/test/auto/ResettableTimer1.xml (RunModel)" time="0.01" />
  <testcase classname="ptolemy.util.test.junit.AutoTests" name="[59] /home/travis/build/icyphy/ptII/ptolemy/domains/de/test/auto/ResettableTimer2.xml (RunModel)" time="0.009" />
  <testcase classname="ptolemy.util.test.junit.AutoTests" name="[60] /home/travis/build/icyphy/ptII/ptolemy/domains/de/test/auto/ResettableTimer3.xml (RunModel)" time="0.008" />
  <testcase classname="ptolemy.util.test.junit.AutoTests" name="[61] /home/travis/build/icyphy/ptII/ptolemy/domains/de/test/auto/ResettableTimer4.xml (RunModel)" time="0.01" />
  <testcase classname="ptolemy.util.test.junit.AutoTests" name="[62] /home/travis/build/icyphy/ptII/ptolemy/domains/de/test/auto/ResettableTimer5.xml (RunModel)" time="0.009" />
  <testcase classname="ptolemy.util.test.junit.AutoTests" name="[63] /home/travis/build/icyphy/ptII/ptolemy/domains/de/test/auto/ResettableTimer6.xml (RunModel)" time="0.016" />
  <testcase classname="ptolemy.util.test.junit.AutoTests" name="[64] /home/travis/build/icyphy/ptII/ptolemy/domains/de/test/auto/ServerZeroDelay.xml (RunModel)" time="0.009" />
  <testcase classname="ptolemy.util.test.junit.AutoTests" name="[65] /home/travis/build/icyphy/ptII/ptolemy/domains/de/test/auto/SmartSender.xml (RunModel)" time="3.006" />
  <testcase classname="ptolemy.util.test.junit.AutoTests" name="[66] /home/travis/build/icyphy/ptII/ptolemy/domains/de/test/auto/ThreadedComposite.xml (RunModel)" time="0.115" />
  <testcase classname="ptolemy.util.test.junit.AutoTests" name="[67] /home/travis/build/icyphy/ptII/ptolemy/domains/de/test/auto/Time.xml (RunModel)" time="0.439" />
  <testcase classname="ptolemy.util.test.junit.AutoTests" name="[68] /home/travis/build/icyphy/ptII/ptolemy/domains/de/test/auto/TimeDelayZeroDelay.xml (RunModel)" time="0.01" />
  <testcase classname="ptolemy.util.test.junit.AutoTests" name="[69] /home/travis/build/icyphy/ptII/ptolemy/domains/de/test/auto/TimerZeroDelay.xml (RunModel)" time="0.009" />
  <testcase classname="ptolemy.util.test.junit.AutoTests" name="[70] /home/travis/build/icyphy/ptII/ptolemy/domains/de/test/auto/TimingParadox.xml (RunModel)" time="0.355" />
  <testcase classname="ptolemy.util.test.junit.AutoTests" name="[71] /home/travis/build/icyphy/ptII/ptolemy/domains/de/test/auto/TransferInputs.xml (RunModel)" time="0.016" />
  <testcase classname="ptolemy.util.test.junit.AutoTests" name="[72] /home/travis/build/icyphy/ptII/ptolemy/domains/de/test/auto/TransferOutputs2.xml (RunModel)" time="0.016" />
  <testcase classname="ptolemy.util.test.junit.AutoTests" name="[73] /home/travis/build/icyphy/ptII/ptolemy/domains/de/test/auto/Trilateration.xml (RunModel)" time="11.847" />
  <testcase classname="ptolemy.util.test.junit.AutoTests" name="[74] /home/travis/build/icyphy/ptII/ptolemy/domains/de/test/auto/TwoSigmaDelta.xml (RunModel)" time="2.141" />
  <testcase classname="ptolemy.util.test.junit.AutoTests" name="[75] /home/travis/build/icyphy/ptII/ptolemy/domains/de/test/auto/VariableDelay.xml (RunModel)" time="0.012" />
  <testcase classname="ptolemy.util.test.junit.AutoTests" name="[76] /home/travis/build/icyphy/ptII/ptolemy/domains/de/test/auto/VariableDelay2.xml (RunModel)" time="0.014" />
  <testcase classname="ptolemy.util.test.junit.AutoTests" name="[77] /home/travis/build/icyphy/ptII/ptolemy/domains/de/test/auto/VariableDelayZeroDelay.xml (RunModel)" time="0.017" />
  <testcase classname="ptolemy.util.test.junit.AutoTests" name="[78] /home/travis/build/icyphy/ptII/ptolemy/domains/de/test/auto/VariableDelayZeroDelay2.xml (RunModel)" time="0.009" />
  <testcase classname="ptolemy.util.test.junit.AutoTests" name="[79] /home/travis/build/icyphy/ptII/ptolemy/domains/de/test/auto/deInCt.xml (RunModel)" time="0.013" />
  <testcase classname="ptolemy.util.test.junit.AutoTests" name="[80] /home/travis/build/icyphy/ptII/ptolemy/domains/de/test/auto/deInCt2.xml (RunModel)" time="0.014" />
  <testcase classname="ptolemy.util.test.junit.AutoTests" name="[81] /home/travis/build/icyphy/ptII/ptolemy/domains/de/test/auto/dynamicCausalityInterface1.xml (RunModel)" time="0.016" />
  <testcase classname="ptolemy.util.test.junit.AutoTests" name="[82] /home/travis/build/icyphy/ptII/ptolemy/domains/de/test/auto/fsm_de_test.xml (RunModel)" time="0.022" />
  <testcase classname="ptolemy.util.test.junit.AutoTests" name="[83] /home/travis/build/icyphy/ptII/ptolemy/domains/de/test/auto/functionDependencyReconstruction.xml (RunModel)" time="0.036" />
  <testcase classname="ptolemy.util.test.junit.AutoTests" name="[84] /home/travis/build/icyphy/ptII/ptolemy/domains/de/test/auto/multirate.xml (RunModel)" time="0.014" />
  <testcase classname="ptolemy.util.test.junit.AutoTests" name="[85] /home/travis/build/icyphy/ptII/ptolemy/domains/de/test/auto/multirate2.xml (RunModel)" time="0.026" />
  <testcase classname="ptolemy.util.test.junit.AutoTests" name="[86] /home/travis/build/icyphy/ptII/ptolemy/domains/de/test/auto/realtime.xml (RunModel)" time="10.015" />
  <testcase classname="ptolemy.util.test.junit.AutoTests" name="[87] /home/travis/build/icyphy/ptII/ptolemy/domains/de/test/auto/relationGroup.xml (RunModel)" time="0.009" />
  <testcase classname="ptolemy.util.test.junit.AutoTests" name="[88] /home/travis/build/icyphy/ptII/ptolemy/domains/de/test/auto/relationGroup2.xml (RunModel)" time="0.005" />
  <testcase classname="ptolemy.util.test.junit.AutoTests" name="[89] /home/travis/build/icyphy/ptII/ptolemy/domains/de/test/auto/sortWithOpaquePorts.xml (RunModel)" time="0.007" />
  <testcase classname="ptolemy.util.test.junit.AutoTests" name="[90] /home/travis/build/icyphy/ptII/ptolemy/domains/de/test/auto/transferInputsandOutputs.xml (RunModel)" time="0.01" />
  <testcase classname="ptolemy.util.test.junit.AutoTests" name="[91] /home/travis/build/icyphy/ptII/ptolemy/domains/de/test/auto/triggerType.xml (RunModel)" time="0.011" />
  <system-out><![CDATA[/home/travis/build/icyphy/ptII/ptolemy/domains/de/test/DependencyLoop.tcl
testDefs.tcl: setting time out to 9000 seconds at Sun Jul 21 01:01:39 UTC 2019
75 ms. Memory: 120832K Free: 72129K (60%)
29 ms. Memory: 120832K Free: 54706K (45%)
/home/travis/build/icyphy/ptII/ptolemy/domains/de/test/RunDETestsAsQSS.tcl
Run the DE tests using ptolemy.domains.qss.test.QSSDirectorTest, which extends QSSDirector and prints a message in the constructors.
------------------ testing $PTII/ptolemy/domains/de/test/auto/knownFailedTests/DirectFeedback.xml (Known Failure) 
53 ms. Memory: 120832K Free: 48577K (40%)


==== $PTIIhome/travis/build/icyphy/ptII/ptolemy/domains/de/test/../../../../: Auto Automatic test in file $PTII/ptolemy/domains/de/test/auto/knownFailedTests/DirectFeedback.xml
==== Contents of test case:

	    # FIXME: we should use $relativeFilename here, but it
	    # might have backslashes under Windows, which causes no end
	    # of trouble.
	    createAndExecute $file
	    list {}
	
.... Test generated KNOWN error:
    while executing
ptolemy.kernel.util.IllegalActionException: Test fails in iteration 1.
Value was: 1.0. Should have been: 2.0
  in .DirectFeedback.Test
	at ptolemy.actor.lib.Test.fire(Test.java:268)
	at ptolemy.domains.de.kernel.DEDirector._fire(DEDirector.java:1949)
	at ptolemy.domains.de.kernel.DEDirector.fire(DEDirector.java:502)
	at ptolemy.actor.CompositeActor.fire(CompositeActor.java:455)
	at ptolemy.actor.Manager.iterate(Manager.java:851)
	at ptolemy.actor.Manager.execute(Manager.java:369)
	at ptolemy.actor.Manager.run(Manager.java:1263)
	at ptolemy.actor.Manager$PtolemyRunThread.run(Manager.java:1933)

    while executing
ptolemy.kernel.util.IllegalActionException: Test fails in iteration 1.
Value was: 1.0. Should have been: 2.0
  in .DirectFeedback.Test
    while executing
"java::new ptolemy.moml.MoMLSimpleApplication $file
"
    (procedure "createAndExecute" line 2)
    invoked from within
"createAndExecute $file"
    ("uplevel" body line 5)
    invoked from within
"uplevel $contents_of_test"
------------------ testing $PTII/ptolemy/domains/de/test/auto/knownFailedTests/dependencyLoop.xml (Known Failure) 
39 ms. Memory: 120832K Free: 107871K (89%)


==== $PTIIhome/travis/build/icyphy/ptII/ptolemy/domains/de/test/../../../../: Auto Automatic test in file $PTII/ptolemy/domains/de/test/auto/knownFailedTests/dependencyLoop.xml
==== Contents of test case:

	    # FIXME: we should use $relativeFilename here, but it
	    # might have backslashes under Windows, which causes no end
	    # of trouble.
	    createAndExecute $file
	    list {}
	
.... Test generated KNOWN error:
    while executing
ptolemy.kernel.util.IllegalActionException: Found a zero delay loop containing .dependencyLoop.original
  in .dependencyLoop and .dependencyLoop.original
	at ptolemy.actor.util.CausalityInterfaceForComposites._computeOutputPortDepth(CausalityInterfaceForComposites.java:759)
	at ptolemy.actor.util.CausalityInterfaceForComposites._computeInputDepth(CausalityInterfaceForComposites.java:696)
	at ptolemy.actor.util.CausalityInterfaceForComposites._computeOutputPortDepth(CausalityInterfaceForComposites.java:765)
	at ptolemy.actor.util.CausalityInterfaceForComposites._computeInputDepth(CausalityInterfaceForComposites.java:696)
	at ptolemy.actor.util.CausalityInterfaceForComposites._computeOutputPortDepth(CausalityInterfaceForComposites.java:765)
	at ptolemy.actor.util.CausalityInterfaceForComposites._computeInputDepth(CausalityInterfaceForComposites.java:696)
	at ptolemy.actor.util.CausalityInterfaceForComposites._computeActorDepth(CausalityInterfaceForComposites.java:532)
	at ptolemy.actor.util.CausalityInterfaceForComposites.checkForCycles(CausalityInterfaceForComposites.java:96)
	at ptolemy.domains.de.kernel.DEDirector.preinitialize(DEDirector.java:1338)
	at ptolemy.actor.CompositeActor.preinitialize(CompositeActor.java:1828)
	at ptolemy.actor.Manager.preinitializeAndResolveTypes(Manager.java:1040)
	at ptolemy.actor.Manager.initialize(Manager.java:710)
	at ptolemy.actor.Manager.execute(Manager.java:356)
	at ptolemy.actor.Manager.run(Manager.java:1263)
	at ptolemy.actor.Manager$PtolemyRunThread.run(Manager.java:1933)

    while executing
ptolemy.kernel.util.IllegalActionException: Found a zero delay loop containing .dependencyLoop.original
  in .dependencyLoop and .dependencyLoop.original
    while executing
"java::new ptolemy.moml.MoMLSimpleApplication $file
"
    (procedure "createAndExecute" line 2)
    invoked from within
"createAndExecute $file"
    ("uplevel" body line 5)
    invoked from within
"uplevel $contents_of_test"
------------------ testing $PTII/ptolemy/domains/de/test/auto/knownFailedTests/FSMSource.xml (Known Failure) 
58 ms. Memory: 120832K Free: 99010K (82%)
!!!! Auto was marked as failing, but now passes
------------------ testing $PTII/ptolemy/domains/de/test/auto/knownFailedTests/HierarchicalModel.xml (Known Failure) 
7 ms. Memory: 120832K Free: 81572K (68%)


==== $PTIIhome/travis/build/icyphy/ptII/ptolemy/domains/de/test/../../../../: Auto Automatic test in file $PTII/ptolemy/domains/de/test/auto/knownFailedTests/HierarchicalModel.xml
==== Contents of test case:

	    # FIXME: we should use $relativeFilename here, but it
	    # might have backslashes under Windows, which causes no end
	    # of trouble.
	    createAndExecute $file
	    list {}
	
.... Test generated KNOWN error:
    while executing
ptolemy.kernel.util.IllegalActionException: Found a zero delay loop containing .HierarchicalModel.A
  in .HierarchicalModel and .HierarchicalModel.A
	at ptolemy.actor.util.CausalityInterfaceForComposites._computeOutputPortDepth(CausalityInterfaceForComposites.java:759)
	at ptolemy.actor.util.CausalityInterfaceForComposites._computeInputDepth(CausalityInterfaceForComposites.java:696)
	at ptolemy.actor.util.CausalityInterfaceForComposites._computeOutputPortDepth(CausalityInterfaceForComposites.java:765)
	at ptolemy.actor.util.CausalityInterfaceForComposites._computeInputDepth(CausalityInterfaceForComposites.java:696)
	at ptolemy.actor.util.CausalityInterfaceForComposites._computeOutputPortDepth(CausalityInterfaceForComposites.java:765)
	at ptolemy.actor.util.CausalityInterfaceForComposites._computeInputDepth(CausalityInterfaceForComposites.java:696)
	at ptolemy.actor.util.CausalityInterfaceForComposites._computeActorDepth(CausalityInterfaceForComposites.java:532)
	at ptolemy.actor.util.CausalityInterfaceForComposites.checkForCycles(CausalityInterfaceForComposites.java:96)
	at ptolemy.domains.de.kernel.DEDirector.preinitialize(DEDirector.java:1338)
	at ptolemy.actor.CompositeActor.preinitialize(CompositeActor.java:1828)
	at ptolemy.actor.Manager.preinitializeAndResolveTypes(Manager.java:1040)
	at ptolemy.actor.Manager.initialize(Manager.java:710)
	at ptolemy.actor.Manager.execute(Manager.java:356)
	at ptolemy.actor.Manager.run(Manager.java:1263)
	at ptolemy.actor.Manager$PtolemyRunThread.run(Manager.java:1933)

    while executing
ptolemy.kernel.util.IllegalActionException: Found a zero delay loop containing .HierarchicalModel.A
  in .HierarchicalModel and .HierarchicalModel.A
    while executing
"java::new ptolemy.moml.MoMLSimpleApplication $file
"
    (procedure "createAndExecute" line 2)
    invoked from within
"createAndExecute $file"
    ("uplevel" body line 5)
    invoked from within
"uplevel $contents_of_test"
------------------ testing $PTII/ptolemy/domains/de/test/auto/knownFailedTests/dependencyLoop2.xml (Known Failure) 
5 ms. Memory: 120832K Free: 65645K (54%)


==== $PTIIhome/travis/build/icyphy/ptII/ptolemy/domains/de/test/../../../../: Auto Automatic test in file $PTII/ptolemy/domains/de/test/auto/knownFailedTests/dependencyLoop2.xml
==== Contents of test case:

	    # FIXME: we should use $relativeFilename here, but it
	    # might have backslashes under Windows, which causes no end
	    # of trouble.
	    createAndExecute $file
	    list {}
	
.... Test generated KNOWN error:
    while executing
ptolemy.kernel.util.IllegalActionException: Found a zero delay loop containing .dependencyLoop2.original
  in .dependencyLoop2 and .dependencyLoop2.original
	at ptolemy.actor.util.CausalityInterfaceForComposites._computeOutputPortDepth(CausalityInterfaceForComposites.java:759)
	at ptolemy.actor.util.CausalityInterfaceForComposites._computeInputDepth(CausalityInterfaceForComposites.java:696)
	at ptolemy.actor.util.CausalityInterfaceForComposites._computeOutputPortDepth(CausalityInterfaceForComposites.java:765)
	at ptolemy.actor.util.CausalityInterfaceForComposites._computeInputDepth(CausalityInterfaceForComposites.java:696)
	at ptolemy.actor.util.CausalityInterfaceForComposites._computeOutputPortDepth(CausalityInterfaceForComposites.java:765)
	at ptolemy.actor.util.CausalityInterfaceForComposites._computeInputDepth(CausalityInterfaceForComposites.java:696)
	at ptolemy.actor.util.CausalityInterfaceForComposites._computeActorDepth(CausalityInterfaceForComposites.java:532)
	at ptolemy.actor.util.CausalityInterfaceForComposites.checkForCycles(CausalityInterfaceForComposites.java:96)
	at ptolemy.domains.de.kernel.DEDirector.preinitialize(DEDirector.java:1338)
	at ptolemy.actor.CompositeActor.preinitialize(CompositeActor.java:1828)
	at ptolemy.actor.Manager.preinitializeAndResolveTypes(Manager.java:1040)
	at ptolemy.actor.Manager.initialize(Manager.java:710)
	at ptolemy.actor.Manager.execute(Manager.java:356)
	at ptolemy.actor.Manager.run(Manager.java:1263)
	at ptolemy.actor.Manager$PtolemyRunThread.run(Manager.java:1933)

    while executing
ptolemy.kernel.util.IllegalActionException: Found a zero delay loop containing .dependencyLoop2.original
  in .dependencyLoop2 and .dependencyLoop2.original
    while executing
"java::new ptolemy.moml.MoMLSimpleApplication $file
"
    (procedure "createAndExecute" line 2)
    invoked from within
"createAndExecute $file"
    ("uplevel" body line 5)
    invoked from within
"uplevel $contents_of_test"
------------------ testing $PTII/ptolemy/domains/de/test/auto/knownFailedTests/DESDFClockTest.xml (Known Failure) 
2048 ms. Memory: 120832K Free: 94570K (78%)


==== $PTIIhome/travis/build/icyphy/ptII/ptolemy/domains/de/test/../../../../: Auto Automatic test in file $PTII/ptolemy/domains/de/test/auto/knownFailedTests/DESDFClockTest.xml
==== Contents of test case:

	    # FIXME: we should use $relativeFilename here, but it
	    # might have backslashes under Windows, which causes no end
	    # of trouble.
	    createAndExecute $file
	    list {}
	
.... Test generated KNOWN error:
    while executing
ptolemy.kernel.util.IllegalActionException: Actor is not ready to fire.  Perhaps UpSample.prefire() returned false? Try debugging the actor by selecting "Listen to Actor".  Also, for SDF check moml for tokenConsumptionRate on input.
  in .DESDFClockTest.Play Bell.Copy1:SDF Director and .DESDFClockTest.Play Bell.UpSample
	at ptolemy.actor.sched.StaticSchedulingDirector.fire(StaticSchedulingDirector.java:227)
	at ptolemy.domains.sdf.kernel.SDFDirector.fire(SDFDirector.java:500)
	at ptolemy.actor.CompositeActor.fire(CompositeActor.java:455)
	at ptolemy.domains.de.kernel.DEDirector._fire(DEDirector.java:1949)
	at ptolemy.domains.de.kernel.DEDirector.fire(DEDirector.java:502)
	at ptolemy.actor.CompositeActor.fire(CompositeActor.java:455)
	at ptolemy.actor.Manager.iterate(Manager.java:851)
	at ptolemy.actor.Manager.execute(Manager.java:369)
	at ptolemy.actor.Manager.run(Manager.java:1263)
	at ptolemy.actor.Manager$PtolemyRunThread.run(Manager.java:1933)

    while executing
ptolemy.kernel.util.IllegalActionException: Actor is not ready to fire.  Perhaps UpSample.prefire() returned false? Try debugging the actor by selecting "Listen to Actor".  Also, for SDF check moml for tokenConsumptionRate on input.
  in .DESDFClockTest.Play Bell.Copy1:SDF Director and .DESDFClockTest.Play Bell.UpSample
    while executing
"java::new ptolemy.moml.MoMLSimpleApplication $file
"
    (procedure "createAndExecute" line 2)
    invoked from within
"createAndExecute $file"
    ("uplevel" body line 5)
    invoked from within
"uplevel $contents_of_test"
------------------ testing $PTII/ptolemy/domains/de/test/auto/ActorDepthCalculation_actorWithoutPorts.xml
auto.tcl: Setting watchdog for 200 seconds at Sun Jul 21 01:01:43 UTC 2019
4 ms. Memory: 120832K Free: 87356K (72%)
ptolemy.util.test.WatchDog.cancel(): canceling Sun Jul 21 01:01:43 UTC 2019
auto.tcl: Setting watchdog for 200 seconds at Sun Jul 21 01:01:43 UTC 2019
3 ms. Memory: 120832K Free: 85717K (71%)
ptolemy.util.test.WatchDog.cancel(): canceling Sun Jul 21 01:01:43 UTC 2019
------------------ testing $PTII/ptolemy/domains/de/test/auto/AssemblyLine.xml
auto.tcl: Setting watchdog for 200 seconds at Sun Jul 21 01:01:44 UTC 2019
16 ms. Memory: 45056K Free: 23015K (51%)
ptolemy.util.test.WatchDog.cancel(): canceling Sun Jul 21 01:01:44 UTC 2019
auto.tcl: Setting watchdog for 200 seconds at Sun Jul 21 01:01:44 UTC 2019
6 ms. Memory: 45056K Free: 22286K (49%)
ptolemy.util.test.WatchDog.cancel(): canceling Sun Jul 21 01:01:44 UTC 2019
------------------ testing $PTII/ptolemy/domains/de/test/auto/CQBug1.xml
auto.tcl: Setting watchdog for 200 seconds at Sun Jul 21 01:01:44 UTC 2019
2 ms. Memory: 45056K Free: 28513K (63%)
ptolemy.util.test.WatchDog.cancel(): canceling Sun Jul 21 01:01:44 UTC 2019
auto.tcl: Setting watchdog for 200 seconds at Sun Jul 21 01:01:44 UTC 2019
5 ms. Memory: 45056K Free: 28008K (62%)
ptolemy.util.test.WatchDog.cancel(): canceling Sun Jul 21 01:01:44 UTC 2019
------------------ testing $PTII/ptolemy/domains/de/test/auto/CancelFireAt.xml
auto.tcl: Setting watchdog for 200 seconds at Sun Jul 21 01:01:44 UTC 2019
5 ms. Memory: 45056K Free: 29702K (66%)
ptolemy.util.test.WatchDog.cancel(): canceling Sun Jul 21 01:01:44 UTC 2019
auto.tcl: Setting watchdog for 200 seconds at Sun Jul 21 01:01:44 UTC 2019
2 ms. Memory: 45056K Free: 29290K (65%)
ptolemy.util.test.WatchDog.cancel(): canceling Sun Jul 21 01:01:44 UTC 2019
------------------ testing $PTII/ptolemy/domains/de/test/auto/CausalityAndComposabilityAnalysis.xml
auto.tcl: Setting watchdog for 200 seconds at Sun Jul 21 01:01:44 UTC 2019
6 ms. Memory: 45056K Free: 27462K (61%)
ptolemy.util.test.WatchDog.cancel(): canceling Sun Jul 21 01:01:44 UTC 2019
auto.tcl: Setting watchdog for 200 seconds at Sun Jul 21 01:01:44 UTC 2019
10 ms. Memory: 45056K Free: 27053K (60%)
ptolemy.util.test.WatchDog.cancel(): canceling Sun Jul 21 01:01:44 UTC 2019
------------------ testing $PTII/ptolemy/domains/de/test/auto/CausalityInterface1.xml
auto.tcl: Setting watchdog for 200 seconds at Sun Jul 21 01:01:44 UTC 2019
31 ms. Memory: 45056K Free: 26376K (59%)
ptolemy.util.test.WatchDog.cancel(): canceling Sun Jul 21 01:01:44 UTC 2019
auto.tcl: Setting watchdog for 200 seconds at Sun Jul 21 01:01:44 UTC 2019
4 ms. Memory: 45056K Free: 25411K (56%)
ptolemy.util.test.WatchDog.cancel(): canceling Sun Jul 21 01:01:44 UTC 2019
------------------ testing $PTII/ptolemy/domains/de/test/auto/CausalityInterface15.xml
auto.tcl: Setting watchdog for 200 seconds at Sun Jul 21 01:01:44 UTC 2019
4 ms. Memory: 45056K Free: 26061K (58%)
ptolemy.util.test.WatchDog.cancel(): canceling Sun Jul 21 01:01:44 UTC 2019
auto.tcl: Setting watchdog for 200 seconds at Sun Jul 21 01:01:44 UTC 2019
6 ms. Memory: 45056K Free: 25360K (56%)
ptolemy.util.test.WatchDog.cancel(): canceling Sun Jul 21 01:01:44 UTC 2019
------------------ testing $PTII/ptolemy/domains/de/test/auto/CausalityInterface2.xml
auto.tcl: Setting watchdog for 200 seconds at Sun Jul 21 01:01:44 UTC 2019
9 ms. Memory: 45056K Free: 27162K (60%)
ptolemy.util.test.WatchDog.cancel(): canceling Sun Jul 21 01:01:44 UTC 2019
auto.tcl: Setting watchdog for 200 seconds at Sun Jul 21 01:01:44 UTC 2019
3 ms. Memory: 45056K Free: 26246K (58%)
ptolemy.util.test.WatchDog.cancel(): canceling Sun Jul 21 01:01:44 UTC 2019
------------------ testing $PTII/ptolemy/domains/de/test/auto/CausalityInterface3.xml
auto.tcl: Setting watchdog for 200 seconds at Sun Jul 21 01:01:44 UTC 2019
3 ms. Memory: 45056K Free: 26464K (59%)
ptolemy.util.test.WatchDog.cancel(): canceling Sun Jul 21 01:01:44 UTC 2019
auto.tcl: Setting watchdog for 200 seconds at Sun Jul 21 01:01:44 UTC 2019
3 ms. Memory: 45056K Free: 25667K (57%)
ptolemy.util.test.WatchDog.cancel(): canceling Sun Jul 21 01:01:44 UTC 2019
------------------ testing $PTII/ptolemy/domains/de/test/auto/ClockDrift.xml
auto.tcl: Setting watchdog for 200 seconds at Sun Jul 21 01:01:44 UTC 2019
84 ms. Memory: 45056K Free: 18566K (41%)
ptolemy.util.test.WatchDog.cancel(): canceling Sun Jul 21 01:01:45 UTC 2019
auto.tcl: Setting watchdog for 200 seconds at Sun Jul 21 01:01:45 UTC 2019
59 ms. Memory: 45056K Free: 15615K (35%)
ptolemy.util.test.WatchDog.cancel(): canceling Sun Jul 21 01:01:45 UTC 2019
------------------ testing $PTII/ptolemy/domains/de/test/auto/ClockDriftAndValueChange.xml
auto.tcl: Setting watchdog for 200 seconds at Sun Jul 21 01:01:45 UTC 2019
53 ms. Memory: 45056K Free: 19119K (42%)
ptolemy.util.test.WatchDog.cancel(): canceling Sun Jul 21 01:01:45 UTC 2019
auto.tcl: Setting watchdog for 200 seconds at Sun Jul 21 01:01:45 UTC 2019
24 ms. Memory: 45056K Free: 16274K (36%)
ptolemy.util.test.WatchDog.cancel(): canceling Sun Jul 21 01:01:45 UTC 2019
------------------ testing $PTII/ptolemy/domains/de/test/auto/ClockDriftChange.xml
auto.tcl: Setting watchdog for 200 seconds at Sun Jul 21 01:01:45 UTC 2019
23 ms. Memory: 45056K Free: 21168K (47%)
ptolemy.util.test.WatchDog.cancel(): canceling Sun Jul 21 01:01:45 UTC 2019
auto.tcl: Setting watchdog for 200 seconds at Sun Jul 21 01:01:45 UTC 2019
26 ms. Memory: 45056K Free: 18616K (41%)
ptolemy.util.test.WatchDog.cancel(): canceling Sun Jul 21 01:01:45 UTC 2019
------------------ testing $PTII/ptolemy/domains/de/test/auto/ComposableCausalityAnalysis.xml
auto.tcl: Setting watchdog for 200 seconds at Sun Jul 21 01:01:45 UTC 2019
2 ms. Memory: 45056K Free: 25790K (57%)
ptolemy.util.test.WatchDog.cancel(): canceling Sun Jul 21 01:01:45 UTC 2019
auto.tcl: Setting watchdog for 200 seconds at Sun Jul 21 01:01:45 UTC 2019
5 ms. Memory: 45056K Free: 24759K (55%)
ptolemy.util.test.WatchDog.cancel(): canceling Sun Jul 21 01:01:45 UTC 2019
------------------ testing $PTII/ptolemy/domains/de/test/auto/DEFixedPointLimitation.xml
auto.tcl: Setting watchdog for 200 seconds at Sun Jul 21 01:01:45 UTC 2019
4 ms. Memory: 45056K Free: 27178K (60%)
ptolemy.util.test.WatchDog.cancel(): canceling Sun Jul 21 01:01:45 UTC 2019
auto.tcl: Setting watchdog for 200 seconds at Sun Jul 21 01:01:45 UTC 2019
2 ms. Memory: 45056K Free: 26269K (58%)
ptolemy.util.test.WatchDog.cancel(): canceling Sun Jul 21 01:01:45 UTC 2019
------------------ testing $PTII/ptolemy/domains/de/test/auto/DEScheduleTest.xml
auto.tcl: Setting watchdog for 200 seconds at Sun Jul 21 01:01:45 UTC 2019
6 ms. Memory: 45056K Free: 27416K (61%)
ptolemy.util.test.WatchDog.cancel(): canceling Sun Jul 21 01:01:45 UTC 2019
auto.tcl: Setting watchdog for 200 seconds at Sun Jul 21 01:01:45 UTC 2019
3 ms. Memory: 45056K Free: 26668K (59%)
ptolemy.util.test.WatchDog.cancel(): canceling Sun Jul 21 01:01:45 UTC 2019
------------------ testing $PTII/ptolemy/domains/de/test/auto/DEinDEwithStartTimes.xml
auto.tcl: Setting watchdog for 200 seconds at Sun Jul 21 01:01:45 UTC 2019
5 ms. Memory: 45056K Free: 25611K (57%)
ptolemy.util.test.WatchDog.cancel(): canceling Sun Jul 21 01:01:45 UTC 2019
auto.tcl: Setting watchdog for 200 seconds at Sun Jul 21 01:01:45 UTC 2019
9 ms. Memory: 45056K Free: 24207K (54%)
ptolemy.util.test.WatchDog.cancel(): canceling Sun Jul 21 01:01:45 UTC 2019
------------------ testing $PTII/ptolemy/domains/de/test/auto/DEinDEwithStartTimes2.xml
auto.tcl: Setting watchdog for 200 seconds at Sun Jul 21 01:01:45 UTC 2019
7 ms. Memory: 45056K Free: 24850K (55%)
ptolemy.util.test.WatchDog.cancel(): canceling Sun Jul 21 01:01:45 UTC 2019
auto.tcl: Setting watchdog for 200 seconds at Sun Jul 21 01:01:45 UTC 2019
4 ms. Memory: 45056K Free: 23526K (52%)
ptolemy.util.test.WatchDog.cancel(): canceling Sun Jul 21 01:01:45 UTC 2019
------------------ testing $PTII/ptolemy/domains/de/test/auto/DateDemo.xml
auto.tcl: Setting watchdog for 200 seconds at Sun Jul 21 01:01:45 UTC 2019
22 ms. Memory: 45056K Free: 19177K (43%)
ptolemy.util.test.WatchDog.cancel(): canceling Sun Jul 21 01:01:46 UTC 2019
auto.tcl: Setting watchdog for 200 seconds at Sun Jul 21 01:01:46 UTC 2019
8 ms. Memory: 45056K Free: 17601K (39%)
ptolemy.util.test.WatchDog.cancel(): canceling Sun Jul 21 01:01:46 UTC 2019
------------------ testing $PTII/ptolemy/domains/de/test/auto/DateToEvent.xml
auto.tcl: Setting watchdog for 200 seconds at Sun Jul 21 01:01:46 UTC 2019
2022 ms. Memory: 45056K Free: 15089K (33%)
ptolemy.util.test.WatchDog.cancel(): canceling Sun Jul 21 01:01:48 UTC 2019
auto.tcl: Setting watchdog for 200 seconds at Sun Jul 21 01:01:48 UTC 2019
2004 ms. Memory: 45056K Free: 14346K (32%)
ptolemy.util.test.WatchDog.cancel(): canceling Sun Jul 21 01:01:50 UTC 2019
------------------ testing $PTII/ptolemy/domains/de/test/auto/DepthTest1.xml
auto.tcl: Setting watchdog for 200 seconds at Sun Jul 21 01:01:50 UTC 2019
4 ms. Memory: 45056K Free: 28379K (63%)
ptolemy.util.test.WatchDog.cancel(): canceling Sun Jul 21 01:01:50 UTC 2019
auto.tcl: Setting watchdog for 200 seconds at Sun Jul 21 01:01:50 UTC 2019
2 ms. Memory: 45056K Free: 27871K (62%)
ptolemy.util.test.WatchDog.cancel(): canceling Sun Jul 21 01:01:50 UTC 2019
------------------ testing $PTII/ptolemy/domains/de/test/auto/DepthTest2.xml
auto.tcl: Setting watchdog for 200 seconds at Sun Jul 21 01:01:50 UTC 2019
5 ms. Memory: 45056K Free: 25053K (56%)
ptolemy.util.test.WatchDog.cancel(): canceling Sun Jul 21 01:01:50 UTC 2019
auto.tcl: Setting watchdog for 200 seconds at Sun Jul 21 01:01:50 UTC 2019
2 ms. Memory: 45056K Free: 24673K (55%)
ptolemy.util.test.WatchDog.cancel(): canceling Sun Jul 21 01:01:50 UTC 2019
------------------ testing $PTII/ptolemy/domains/de/test/auto/DepthTest3.xml
auto.tcl: Setting watchdog for 200 seconds at Sun Jul 21 01:01:50 UTC 2019
2 ms. Memory: 45056K Free: 28566K (63%)
ptolemy.util.test.WatchDog.cancel(): canceling Sun Jul 21 01:01:50 UTC 2019
auto.tcl: Setting watchdog for 200 seconds at Sun Jul 21 01:01:50 UTC 2019
2 ms. Memory: 45056K Free: 28183K (63%)
ptolemy.util.test.WatchDog.cancel(): canceling Sun Jul 21 01:01:50 UTC 2019
------------------ testing $PTII/ptolemy/domains/de/test/auto/DepthTest4.xml
auto.tcl: Setting watchdog for 200 seconds at Sun Jul 21 01:01:50 UTC 2019
7 ms. Memory: 45056K Free: 26924K (60%)
ptolemy.util.test.WatchDog.cancel(): canceling Sun Jul 21 01:01:50 UTC 2019
auto.tcl: Setting watchdog for 200 seconds at Sun Jul 21 01:01:50 UTC 2019
2 ms. Memory: 45056K Free: 26189K (58%)
ptolemy.util.test.WatchDog.cancel(): canceling Sun Jul 21 01:01:50 UTC 2019
------------------ testing $PTII/ptolemy/domains/de/test/auto/DepthTest5.xml
auto.tcl: Setting watchdog for 200 seconds at Sun Jul 21 01:01:50 UTC 2019
3 ms. Memory: 45056K Free: 26324K (58%)
ptolemy.util.test.WatchDog.cancel(): canceling Sun Jul 21 01:01:50 UTC 2019
auto.tcl: Setting watchdog for 200 seconds at Sun Jul 21 01:01:50 UTC 2019
2 ms. Memory: 45056K Free: 25555K (57%)
ptolemy.util.test.WatchDog.cancel(): canceling Sun Jul 21 01:01:50 UTC 2019
------------------ testing $PTII/ptolemy/domains/de/test/auto/DepthTest6.xml
auto.tcl: Setting watchdog for 200 seconds at Sun Jul 21 01:01:50 UTC 2019
4 ms. Memory: 45056K Free: 26055K (58%)
ptolemy.util.test.WatchDog.cancel(): canceling Sun Jul 21 01:01:50 UTC 2019
auto.tcl: Setting watchdog for 200 seconds at Sun Jul 21 01:01:50 UTC 2019
2 ms. Memory: 45056K Free: 25505K (57%)
ptolemy.util.test.WatchDog.cancel(): canceling Sun Jul 21 01:01:50 UTC 2019
------------------ testing $PTII/ptolemy/domains/de/test/auto/DepthTest7.xml
auto.tcl: Setting watchdog for 200 seconds at Sun Jul 21 01:01:50 UTC 2019
2 ms. Memory: 45056K Free: 26848K (60%)
ptolemy.util.test.WatchDog.cancel(): canceling Sun Jul 21 01:01:50 UTC 2019
auto.tcl: Setting watchdog for 200 seconds at Sun Jul 21 01:01:50 UTC 2019
2 ms. Memory: 45056K Free: 26143K (58%)
ptolemy.util.test.WatchDog.cancel(): canceling Sun Jul 21 01:01:50 UTC 2019
------------------ testing $PTII/ptolemy/domains/de/test/auto/EventToDate.xml
auto.tcl: Setting watchdog for 200 seconds at Sun Jul 21 01:01:50 UTC 2019
3006 ms. Memory: 45056K Free: 17607K (39%)
ptolemy.util.test.WatchDog.cancel(): canceling Sun Jul 21 01:01:53 UTC 2019
auto.tcl: Setting watchdog for 200 seconds at Sun Jul 21 01:01:53 UTC 2019
3005 ms. Memory: 45056K Free: 16948K (38%)
ptolemy.util.test.WatchDog.cancel(): canceling Sun Jul 21 01:01:56 UTC 2019
------------------ testing $PTII/ptolemy/domains/de/test/auto/FSM1.xml
auto.tcl: Setting watchdog for 200 seconds at Sun Jul 21 01:01:56 UTC 2019
27 ms. Memory: 45056K Free: 18854K (42%)
ptolemy.util.test.WatchDog.cancel(): canceling Sun Jul 21 01:01:56 UTC 2019
auto.tcl: Setting watchdog for 200 seconds at Sun Jul 21 01:01:56 UTC 2019
23 ms. Memory: 45056K Free: 15604K (35%)
ptolemy.util.test.WatchDog.cancel(): canceling Sun Jul 21 01:01:56 UTC 2019
------------------ testing $PTII/ptolemy/domains/de/test/auto/FSM7.xml
auto.tcl: Setting watchdog for 200 seconds at Sun Jul 21 01:01:57 UTC 2019
24 ms. Memory: 45056K Free: 18562K (41%)
ptolemy.util.test.WatchDog.cancel(): canceling Sun Jul 21 01:01:57 UTC 2019
auto.tcl: Setting watchdog for 200 seconds at Sun Jul 21 01:01:57 UTC 2019
15 ms. Memory: 45056K Free: 15442K (34%)
ptolemy.util.test.WatchDog.cancel(): canceling Sun Jul 21 01:01:57 UTC 2019
------------------ testing $PTII/ptolemy/domains/de/test/auto/Inspection.xml
auto.tcl: Setting watchdog for 200 seconds at Sun Jul 21 01:01:57 UTC 2019
22 ms. Memory: 45056K Free: 18612K (41%)
ptolemy.util.test.WatchDog.cancel(): canceling Sun Jul 21 01:01:57 UTC 2019
auto.tcl: Setting watchdog for 200 seconds at Sun Jul 21 01:01:57 UTC 2019
19 ms. Memory: 45056K Free: 16861K (37%)
ptolemy.util.test.WatchDog.cancel(): canceling Sun Jul 21 01:01:57 UTC 2019
------------------ testing $PTII/ptolemy/domains/de/test/auto/Iteration.xml
auto.tcl: Setting watchdog for 200 seconds at Sun Jul 21 01:01:57 UTC 2019
7 ms. Memory: 45056K Free: 24135K (54%)
ptolemy.util.test.WatchDog.cancel(): canceling Sun Jul 21 01:01:57 UTC 2019
auto.tcl: Setting watchdog for 200 seconds at Sun Jul 21 01:01:57 UTC 2019
6 ms. Memory: 45056K Free: 22682K (50%)
ptolemy.util.test.WatchDog.cancel(): canceling Sun Jul 21 01:01:57 UTC 2019
------------------ testing $PTII/ptolemy/domains/de/test/auto/LineFault.xml
auto.tcl: Setting watchdog for 200 seconds at Sun Jul 21 01:01:57 UTC 2019
688 ms. Memory: 54272K Free: 34456K (63%)
ptolemy.util.test.WatchDog.cancel(): canceling Sun Jul 21 01:01:58 UTC 2019
auto.tcl: Setting watchdog for 200 seconds at Sun Jul 21 01:01:58 UTC 2019
640 ms. Memory: 54272K Free: 27377K (50%)
ptolemy.util.test.WatchDog.cancel(): canceling Sun Jul 21 01:01:58 UTC 2019
------------------ testing $PTII/ptolemy/domains/de/test/auto/MergeModel1Add.xml
auto.tcl: Setting watchdog for 200 seconds at Sun Jul 21 01:01:58 UTC 2019
33 ms. Memory: 54272K Free: 19278K (36%)
ptolemy.util.test.WatchDog.cancel(): canceling Sun Jul 21 01:01:59 UTC 2019
auto.tcl: Setting watchdog for 200 seconds at Sun Jul 21 01:01:59 UTC 2019
10 ms. Memory: 54272K Free: 17577K (32%)
ptolemy.util.test.WatchDog.cancel(): canceling Sun Jul 21 01:01:59 UTC 2019
------------------ testing $PTII/ptolemy/domains/de/test/auto/MergeModel2Add.xml
auto.tcl: Setting watchdog for 200 seconds at Sun Jul 21 01:01:59 UTC 2019
8 ms. Memory: 51200K Free: 17996K (35%)
ptolemy.util.test.WatchDog.cancel(): canceling Sun Jul 21 01:01:59 UTC 2019
auto.tcl: Setting watchdog for 200 seconds at Sun Jul 21 01:01:59 UTC 2019
8 ms. Memory: 51200K Free: 16264K (32%)
ptolemy.util.test.WatchDog.cancel(): canceling Sun Jul 21 01:01:59 UTC 2019
------------------ testing $PTII/ptolemy/domains/de/test/auto/MergeModel3Add.xml
auto.tcl: Setting watchdog for 200 seconds at Sun Jul 21 01:01:59 UTC 2019
8 ms. Memory: 51200K Free: 17997K (35%)
ptolemy.util.test.WatchDog.cancel(): canceling Sun Jul 21 01:01:59 UTC 2019
auto.tcl: Setting watchdog for 200 seconds at Sun Jul 21 01:01:59 UTC 2019
8 ms. Memory: 51200K Free: 16275K (32%)
ptolemy.util.test.WatchDog.cancel(): canceling Sun Jul 21 01:01:59 UTC 2019
------------------ testing $PTII/ptolemy/domains/de/test/auto/MergeWithoutDiscard.xml
auto.tcl: Setting watchdog for 200 seconds at Sun Jul 21 01:01:59 UTC 2019
2 ms. Memory: 51200K Free: 33124K (65%)
ptolemy.util.test.WatchDog.cancel(): canceling Sun Jul 21 01:01:59 UTC 2019
auto.tcl: Setting watchdog for 200 seconds at Sun Jul 21 01:01:59 UTC 2019
2 ms. Memory: 51200K Free: 32208K (63%)
ptolemy.util.test.WatchDog.cancel(): canceling Sun Jul 21 01:01:59 UTC 2019
------------------ testing $PTII/ptolemy/domains/de/test/auto/Modal1.xml
auto.tcl: Setting watchdog for 200 seconds at Sun Jul 21 01:01:59 UTC 2019
16 ms. Memory: 48128K Free: 21891K (45%)
ptolemy.util.test.WatchDog.cancel(): canceling Sun Jul 21 01:01:59 UTC 2019
auto.tcl: Setting watchdog for 200 seconds at Sun Jul 21 01:01:59 UTC 2019
20 ms. Memory: 48128K Free: 18657K (39%)
ptolemy.util.test.WatchDog.cancel(): canceling Sun Jul 21 01:01:59 UTC 2019
------------------ testing $PTII/ptolemy/domains/de/test/auto/Modal2.xml
auto.tcl: Setting watchdog for 200 seconds at Sun Jul 21 01:01:59 UTC 2019
12 ms. Memory: 48128K Free: 21769K (45%)
ptolemy.util.test.WatchDog.cancel(): canceling Sun Jul 21 01:01:59 UTC 2019
auto.tcl: Setting watchdog for 200 seconds at Sun Jul 21 01:01:59 UTC 2019
11 ms. Memory: 48128K Free: 18555K (39%)
ptolemy.util.test.WatchDog.cancel(): canceling Sun Jul 21 01:01:59 UTC 2019
------------------ testing $PTII/ptolemy/domains/de/test/auto/Modal3.xml
auto.tcl: Setting watchdog for 200 seconds at Sun Jul 21 01:01:59 UTC 2019
10 ms. Memory: 48128K Free: 21552K (45%)
ptolemy.util.test.WatchDog.cancel(): canceling Sun Jul 21 01:01:59 UTC 2019
auto.tcl: Setting watchdog for 200 seconds at Sun Jul 21 01:01:59 UTC 2019
11 ms. Memory: 48128K Free: 18556K (39%)
ptolemy.util.test.WatchDog.cancel(): canceling Sun Jul 21 01:01:59 UTC 2019
------------------ testing $PTII/ptolemy/domains/de/test/auto/Modal4.xml
auto.tcl: Setting watchdog for 200 seconds at Sun Jul 21 01:01:59 UTC 2019
26 ms. Memory: 48128K Free: 20756K (43%)
ptolemy.util.test.WatchDog.cancel(): canceling Sun Jul 21 01:01:59 UTC 2019
auto.tcl: Setting watchdog for 200 seconds at Sun Jul 21 01:01:59 UTC 2019
14 ms. Memory: 48128K Free: 16922K (35%)
ptolemy.util.test.WatchDog.cancel(): canceling Sun Jul 21 01:01:59 UTC 2019
------------------ testing $PTII/ptolemy/domains/de/test/auto/Modal5.xml
auto.tcl: Setting watchdog for 200 seconds at Sun Jul 21 01:01:59 UTC 2019
11 ms. Memory: 48128K Free: 20735K (43%)
ptolemy.util.test.WatchDog.cancel(): canceling Sun Jul 21 01:01:59 UTC 2019
auto.tcl: Setting watchdog for 200 seconds at Sun Jul 21 01:01:59 UTC 2019
14 ms. Memory: 48128K Free: 16909K (35%)
ptolemy.util.test.WatchDog.cancel(): canceling Sun Jul 21 01:01:59 UTC 2019
------------------ testing $PTII/ptolemy/domains/de/test/auto/Modal6.xml
auto.tcl: Setting watchdog for 200 seconds at Sun Jul 21 01:02:00 UTC 2019
17 ms. Memory: 48128K Free: 21509K (45%)
ptolemy.util.test.WatchDog.cancel(): canceling Sun Jul 21 01:02:00 UTC 2019
auto.tcl: Setting watchdog for 200 seconds at Sun Jul 21 01:02:00 UTC 2019
18 ms. Memory: 48128K Free: 17521K (36%)
ptolemy.util.test.WatchDog.cancel(): canceling Sun Jul 21 01:02:00 UTC 2019
------------------ testing $PTII/ptolemy/domains/de/test/auto/Modal7.xml
auto.tcl: Setting watchdog for 200 seconds at Sun Jul 21 01:02:00 UTC 2019
9 ms. Memory: 48128K Free: 20726K (43%)
ptolemy.util.test.WatchDog.cancel(): canceling Sun Jul 21 01:02:00 UTC 2019
auto.tcl: Setting watchdog for 200 seconds at Sun Jul 21 01:02:00 UTC 2019
10 ms. Memory: 48128K Free: 17187K (36%)
ptolemy.util.test.WatchDog.cancel(): canceling Sun Jul 21 01:02:00 UTC 2019
------------------ testing $PTII/ptolemy/domains/de/test/auto/ModalModel.xml
auto.tcl: Setting watchdog for 200 seconds at Sun Jul 21 01:02:00 UTC 2019
201 ms. Memory: 58368K Free: 22864K (39%)
ptolemy.util.test.WatchDog.cancel(): canceling Sun Jul 21 01:02:00 UTC 2019
auto.tcl: Setting watchdog for 200 seconds at Sun Jul 21 01:02:00 UTC 2019
176 ms. Memory: 58368K Free: 21386K (37%)
ptolemy.util.test.WatchDog.cancel(): canceling Sun Jul 21 01:02:00 UTC 2019
------------------ testing $PTII/ptolemy/domains/de/test/auto/ModalSource.xml
auto.tcl: Setting watchdog for 200 seconds at Sun Jul 21 01:02:00 UTC 2019
10 ms. Memory: 55296K Free: 32750K (59%)
ptolemy.util.test.WatchDog.cancel(): canceling Sun Jul 21 01:02:00 UTC 2019
auto.tcl: Setting watchdog for 200 seconds at Sun Jul 21 01:02:00 UTC 2019
6 ms. Memory: 55296K Free: 30702K (56%)
ptolemy.util.test.WatchDog.cancel(): canceling Sun Jul 21 01:02:00 UTC 2019
------------------ testing $PTII/ptolemy/domains/de/test/auto/NonInterruptibleTimerZeroDelay.xml
auto.tcl: Setting watchdog for 200 seconds at Sun Jul 21 01:02:00 UTC 2019
3 ms. Memory: 51200K Free: 33536K (66%)
ptolemy.util.test.WatchDog.cancel(): canceling Sun Jul 21 01:02:00 UTC 2019
auto.tcl: Setting watchdog for 200 seconds at Sun Jul 21 01:02:00 UTC 2019
3 ms. Memory: 51200K Free: 32895K (64%)
ptolemy.util.test.WatchDog.cancel(): canceling Sun Jul 21 01:02:00 UTC 2019
------------------ testing $PTII/ptolemy/domains/de/test/auto/OpenQueueingNetwork.xml
auto.tcl: Setting watchdog for 200 seconds at Sun Jul 21 01:02:00 UTC 2019
2851 ms. Memory: 114688K Free: 88097K (77%)
ptolemy.util.test.WatchDog.cancel(): canceling Sun Jul 21 01:02:03 UTC 2019
auto.tcl: Setting watchdog for 200 seconds at Sun Jul 21 01:02:03 UTC 2019
2540 ms. Memory: 139264K Free: 92091K (66%)
ptolemy.util.test.WatchDog.cancel(): canceling Sun Jul 21 01:02:06 UTC 2019
------------------ testing $PTII/ptolemy/domains/de/test/auto/OpenQueuingNetwork.xml
auto.tcl: Setting watchdog for 200 seconds at Sun Jul 21 01:02:06 UTC 2019
243 ms. Memory: 55296K Free: 25254K (46%)
ptolemy.util.test.WatchDog.cancel(): canceling Sun Jul 21 01:02:06 UTC 2019
auto.tcl: Setting watchdog for 200 seconds at Sun Jul 21 01:02:06 UTC 2019
238 ms. Memory: 66560K Free: 15753K (24%)
ptolemy.util.test.WatchDog.cancel(): canceling Sun Jul 21 01:02:07 UTC 2019
------------------ testing $PTII/ptolemy/domains/de/test/auto/PeriodicSampler.xml
auto.tcl: Setting watchdog for 200 seconds at Sun Jul 21 01:02:07 UTC 2019
3 ms. Memory: 55296K Free: 36883K (67%)
ptolemy.util.test.WatchDog.cancel(): canceling Sun Jul 21 01:02:07 UTC 2019
auto.tcl: Setting watchdog for 200 seconds at Sun Jul 21 01:02:07 UTC 2019
1 ms. Memory: 55296K Free: 36369K (66%)
ptolemy.util.test.WatchDog.cancel(): canceling Sun Jul 21 01:02:07 UTC 2019
------------------ testing $PTII/ptolemy/domains/de/test/auto/PersistentIO.xml
auto.tcl: Setting watchdog for 200 seconds at Sun Jul 21 01:02:07 UTC 2019
12 ms. Memory: 48128K Free: 24652K (51%)
ptolemy.util.test.WatchDog.cancel(): canceling Sun Jul 21 01:02:07 UTC 2019
auto.tcl: Setting watchdog for 200 seconds at Sun Jul 21 01:02:07 UTC 2019
4 ms. Memory: 48128K Free: 23157K (48%)
ptolemy.util.test.WatchDog.cancel(): canceling Sun Jul 21 01:02:07 UTC 2019
------------------ testing $PTII/ptolemy/domains/de/test/auto/PortParameterResetOnInitialize.xml
auto.tcl: Setting watchdog for 200 seconds at Sun Jul 21 01:02:07 UTC 2019
7 ms. Memory: 48128K Free: 29627K (62%)
ptolemy.util.test.WatchDog.cancel(): canceling Sun Jul 21 01:02:07 UTC 2019
auto.tcl: Setting watchdog for 200 seconds at Sun Jul 21 01:02:07 UTC 2019
2 ms. Memory: 48128K Free: 29139K (61%)
ptolemy.util.test.WatchDog.cancel(): canceling Sun Jul 21 01:02:07 UTC 2019
------------------ testing $PTII/ptolemy/domains/de/test/auto/PortParameterUpdates.xml
auto.tcl: Setting watchdog for 200 seconds at Sun Jul 21 01:02:07 UTC 2019
7 ms. Memory: 48128K Free: 27925K (58%)
ptolemy.util.test.WatchDog.cancel(): canceling Sun Jul 21 01:02:07 UTC 2019
auto.tcl: Setting watchdog for 200 seconds at Sun Jul 21 01:02:07 UTC 2019
4 ms. Memory: 48128K Free: 26735K (56%)
ptolemy.util.test.WatchDog.cancel(): canceling Sun Jul 21 01:02:07 UTC 2019
------------------ testing $PTII/ptolemy/domains/de/test/auto/QueueAndServer.xml
auto.tcl: Setting watchdog for 200 seconds at Sun Jul 21 01:02:07 UTC 2019
6 ms. Memory: 48128K Free: 26639K (55%)
ptolemy.util.test.WatchDog.cancel(): canceling Sun Jul 21 01:02:07 UTC 2019
auto.tcl: Setting watchdog for 200 seconds at Sun Jul 21 01:02:07 UTC 2019
6 ms. Memory: 48128K Free: 25216K (52%)
ptolemy.util.test.WatchDog.cancel(): canceling Sun Jul 21 01:02:07 UTC 2019
------------------ testing $PTII/ptolemy/domains/de/test/auto/Records.xml
auto.tcl: Setting watchdog for 200 seconds at Sun Jul 21 01:02:07 UTC 2019
4 ms. Memory: 48128K Free: 29164K (61%)
ptolemy.util.test.WatchDog.cancel(): canceling Sun Jul 21 01:02:07 UTC 2019
auto.tcl: Setting watchdog for 200 seconds at Sun Jul 21 01:02:07 UTC 2019
2 ms. Memory: 48128K Free: 28675K (60%)
ptolemy.util.test.WatchDog.cancel(): canceling Sun Jul 21 01:02:07 UTC 2019
------------------ testing $PTII/ptolemy/domains/de/test/auto/ResetTransitionWithStartTime1.xml
auto.tcl: Setting watchdog for 200 seconds at Sun Jul 21 01:02:07 UTC 2019
11 ms. Memory: 48128K Free: 26122K (54%)
ptolemy.util.test.WatchDog.cancel(): canceling Sun Jul 21 01:02:07 UTC 2019
auto.tcl: Setting watchdog for 200 seconds at Sun Jul 21 01:02:07 UTC 2019
6 ms. Memory: 48128K Free: 24074K (50%)
ptolemy.util.test.WatchDog.cancel(): canceling Sun Jul 21 01:02:07 UTC 2019
------------------ testing $PTII/ptolemy/domains/de/test/auto/ResetTransitionWithStartTime2.xml
auto.tcl: Setting watchdog for 200 seconds at Sun Jul 21 01:02:07 UTC 2019
6 ms. Memory: 48128K Free: 26077K (54%)
ptolemy.util.test.WatchDog.cancel(): canceling Sun Jul 21 01:02:07 UTC 2019
auto.tcl: Setting watchdog for 200 seconds at Sun Jul 21 01:02:07 UTC 2019
7 ms. Memory: 48128K Free: 23525K (49%)
ptolemy.util.test.WatchDog.cancel(): canceling Sun Jul 21 01:02:07 UTC 2019
------------------ testing $PTII/ptolemy/domains/de/test/auto/ResetTransitionWithStartTime3.xml
auto.tcl: Setting watchdog for 200 seconds at Sun Jul 21 01:02:07 UTC 2019
10 ms. Memory: 48128K Free: 26076K (54%)
ptolemy.util.test.WatchDog.cancel(): canceling Sun Jul 21 01:02:07 UTC 2019
auto.tcl: Setting watchdog for 200 seconds at Sun Jul 21 01:02:07 UTC 2019
5 ms. Memory: 48128K Free: 23541K (49%)
ptolemy.util.test.WatchDog.cancel(): canceling Sun Jul 21 01:02:07 UTC 2019
------------------ testing $PTII/ptolemy/domains/de/test/auto/ResetTransitionWithStartTime4.xml
auto.tcl: Setting watchdog for 200 seconds at Sun Jul 21 01:02:07 UTC 2019
7 ms. Memory: 48128K Free: 26774K (56%)
ptolemy.util.test.WatchDog.cancel(): canceling Sun Jul 21 01:02:07 UTC 2019
auto.tcl: Setting watchdog for 200 seconds at Sun Jul 21 01:02:07 UTC 2019
4 ms. Memory: 48128K Free: 25125K (52%)
ptolemy.util.test.WatchDog.cancel(): canceling Sun Jul 21 01:02:07 UTC 2019
------------------ testing $PTII/ptolemy/domains/de/test/auto/ResettableTimer1.xml
auto.tcl: Setting watchdog for 200 seconds at Sun Jul 21 01:02:07 UTC 2019
3 ms. Memory: 48128K Free: 30306K (63%)
ptolemy.util.test.WatchDog.cancel(): canceling Sun Jul 21 01:02:07 UTC 2019
auto.tcl: Setting watchdog for 200 seconds at Sun Jul 21 01:02:07 UTC 2019
2 ms. Memory: 48128K Free: 29220K (61%)
ptolemy.util.test.WatchDog.cancel(): canceling Sun Jul 21 01:02:07 UTC 2019
------------------ testing $PTII/ptolemy/domains/de/test/auto/ResettableTimer2.xml
auto.tcl: Setting watchdog for 200 seconds at Sun Jul 21 01:02:08 UTC 2019
2 ms. Memory: 48128K Free: 30332K (63%)
ptolemy.util.test.WatchDog.cancel(): canceling Sun Jul 21 01:02:08 UTC 2019
auto.tcl: Setting watchdog for 200 seconds at Sun Jul 21 01:02:08 UTC 2019
2 ms. Memory: 48128K Free: 29255K (61%)
ptolemy.util.test.WatchDog.cancel(): canceling Sun Jul 21 01:02:08 UTC 2019
------------------ testing $PTII/ptolemy/domains/de/test/auto/ResettableTimer3.xml
auto.tcl: Setting watchdog for 200 seconds at Sun Jul 21 01:02:08 UTC 2019
1 ms. Memory: 48128K Free: 30689K (64%)
ptolemy.util.test.WatchDog.cancel(): canceling Sun Jul 21 01:02:08 UTC 2019
auto.tcl: Setting watchdog for 200 seconds at Sun Jul 21 01:02:08 UTC 2019
1 ms. Memory: 48128K Free: 30209K (63%)
ptolemy.util.test.WatchDog.cancel(): canceling Sun Jul 21 01:02:08 UTC 2019
------------------ testing $PTII/ptolemy/domains/de/test/auto/ResettableTimer4.xml
auto.tcl: Setting watchdog for 200 seconds at Sun Jul 21 01:02:08 UTC 2019
1 ms. Memory: 48128K Free: 30246K (63%)
ptolemy.util.test.WatchDog.cancel(): canceling Sun Jul 21 01:02:08 UTC 2019
auto.tcl: Setting watchdog for 200 seconds at Sun Jul 21 01:02:08 UTC 2019
2 ms. Memory: 48128K Free: 29748K (62%)
ptolemy.util.test.WatchDog.cancel(): canceling Sun Jul 21 01:02:08 UTC 2019
------------------ testing $PTII/ptolemy/domains/de/test/auto/ResettableTimer5.xml
auto.tcl: Setting watchdog for 200 seconds at Sun Jul 21 01:02:08 UTC 2019
1 ms. Memory: 48128K Free: 29707K (62%)
ptolemy.util.test.WatchDog.cancel(): canceling Sun Jul 21 01:02:08 UTC 2019
auto.tcl: Setting watchdog for 200 seconds at Sun Jul 21 01:02:08 UTC 2019
2 ms. Memory: 48128K Free: 29251K (61%)
ptolemy.util.test.WatchDog.cancel(): canceling Sun Jul 21 01:02:08 UTC 2019
------------------ testing $PTII/ptolemy/domains/de/test/auto/ResettableTimer6.xml
auto.tcl: Setting watchdog for 200 seconds at Sun Jul 21 01:02:08 UTC 2019
1 ms. Memory: 48128K Free: 29683K (62%)
ptolemy.util.test.WatchDog.cancel(): canceling Sun Jul 21 01:02:08 UTC 2019
auto.tcl: Setting watchdog for 200 seconds at Sun Jul 21 01:02:08 UTC 2019
2 ms. Memory: 48128K Free: 29187K (61%)
ptolemy.util.test.WatchDog.cancel(): canceling Sun Jul 21 01:02:08 UTC 2019
------------------ testing $PTII/ptolemy/domains/de/test/auto/ServerZeroDelay.xml
auto.tcl: Setting watchdog for 200 seconds at Sun Jul 21 01:02:08 UTC 2019
10 ms. Memory: 48128K Free: 30202K (63%)
ptolemy.util.test.WatchDog.cancel(): canceling Sun Jul 21 01:02:08 UTC 2019
auto.tcl: Setting watchdog for 200 seconds at Sun Jul 21 01:02:08 UTC 2019
3 ms. Memory: 48128K Free: 29244K (61%)
ptolemy.util.test.WatchDog.cancel(): canceling Sun Jul 21 01:02:08 UTC 2019
------------------ testing $PTII/ptolemy/domains/de/test/auto/SmartSender.xml
auto.tcl: Setting watchdog for 200 seconds at Sun Jul 21 01:02:08 UTC 2019
3002 ms. Memory: 48128K Free: 30196K (63%)
ptolemy.util.test.WatchDog.cancel(): canceling Sun Jul 21 01:02:11 UTC 2019
auto.tcl: Setting watchdog for 200 seconds at Sun Jul 21 01:02:11 UTC 2019
3003 ms. Memory: 48128K Free: 29739K (62%)
ptolemy.util.test.WatchDog.cancel(): canceling Sun Jul 21 01:02:14 UTC 2019
------------------ testing $PTII/ptolemy/domains/de/test/auto/ThreadedComposite.xml
auto.tcl: Setting watchdog for 200 seconds at Sun Jul 21 01:02:14 UTC 2019
420 ms. Memory: 48128K Free: 24732K (51%)
ptolemy.util.test.WatchDog.cancel(): canceling Sun Jul 21 01:02:14 UTC 2019
auto.tcl: Setting watchdog for 200 seconds at Sun Jul 21 01:02:14 UTC 2019
105 ms. Memory: 48128K Free: 13153K (27%)
ptolemy.util.test.WatchDog.cancel(): canceling Sun Jul 21 01:02:15 UTC 2019
------------------ testing $PTII/ptolemy/domains/de/test/auto/Time.xml
auto.tcl: Setting watchdog for 200 seconds at Sun Jul 21 01:02:15 UTC 2019
559 ms. Memory: 48128K Free: 29945K (62%)
ptolemy.util.test.WatchDog.cancel(): canceling Sun Jul 21 01:02:15 UTC 2019
auto.tcl: Setting watchdog for 200 seconds at Sun Jul 21 01:02:15 UTC 2019
473 ms. Memory: 48128K Free: 29784K (62%)
ptolemy.util.test.WatchDog.cancel(): canceling Sun Jul 21 01:02:16 UTC 2019
------------------ testing $PTII/ptolemy/domains/de/test/auto/TimeDelayZeroDelay.xml
auto.tcl: Setting watchdog for 200 seconds at Sun Jul 21 01:02:16 UTC 2019
3 ms. Memory: 48128K Free: 30623K (64%)
ptolemy.util.test.WatchDog.cancel(): canceling Sun Jul 21 01:02:16 UTC 2019
auto.tcl: Setting watchdog for 200 seconds at Sun Jul 21 01:02:16 UTC 2019
2 ms. Memory: 48128K Free: 29732K (62%)
ptolemy.util.test.WatchDog.cancel(): canceling Sun Jul 21 01:02:16 UTC 2019
------------------ testing $PTII/ptolemy/domains/de/test/auto/TimerZeroDelay.xml
auto.tcl: Setting watchdog for 200 seconds at Sun Jul 21 01:02:16 UTC 2019
4 ms. Memory: 48128K Free: 30584K (64%)
ptolemy.util.test.WatchDog.cancel(): canceling Sun Jul 21 01:02:16 UTC 2019
auto.tcl: Setting watchdog for 200 seconds at Sun Jul 21 01:02:16 UTC 2019
2 ms. Memory: 48128K Free: 29760K (62%)
ptolemy.util.test.WatchDog.cancel(): canceling Sun Jul 21 01:02:16 UTC 2019
------------------ testing $PTII/ptolemy/domains/de/test/auto/TimingParadox.xml
auto.tcl: Setting watchdog for 200 seconds at Sun Jul 21 01:02:16 UTC 2019
359 ms. Memory: 48128K Free: 12217K (25%)
ptolemy.util.test.WatchDog.cancel(): canceling Sun Jul 21 01:02:16 UTC 2019
auto.tcl: Setting watchdog for 200 seconds at Sun Jul 21 01:02:16 UTC 2019
394 ms. Memory: 58368K Free: 40807K (70%)
ptolemy.util.test.WatchDog.cancel(): canceling Sun Jul 21 01:02:17 UTC 2019
------------------ testing $PTII/ptolemy/domains/de/test/auto/TransferInputs.xml
auto.tcl: Setting watchdog for 200 seconds at Sun Jul 21 01:02:17 UTC 2019
3 ms. Memory: 51200K Free: 31693K (62%)
ptolemy.util.test.WatchDog.cancel(): canceling Sun Jul 21 01:02:17 UTC 2019
auto.tcl: Setting watchdog for 200 seconds at Sun Jul 21 01:02:17 UTC 2019
5 ms. Memory: 51200K Free: 30828K (60%)
ptolemy.util.test.WatchDog.cancel(): canceling Sun Jul 21 01:02:17 UTC 2019
------------------ testing $PTII/ptolemy/domains/de/test/auto/TransferOutputs2.xml
auto.tcl: Setting watchdog for 200 seconds at Sun Jul 21 01:02:17 UTC 2019
3 ms. Memory: 51200K Free: 29151K (57%)
ptolemy.util.test.WatchDog.cancel(): canceling Sun Jul 21 01:02:17 UTC 2019
auto.tcl: Setting watchdog for 200 seconds at Sun Jul 21 01:02:17 UTC 2019
3 ms. Memory: 51200K Free: 27743K (54%)
ptolemy.util.test.WatchDog.cancel(): canceling Sun Jul 21 01:02:17 UTC 2019
------------------ testing $PTII/ptolemy/domains/de/test/auto/Trilateration.xml
auto.tcl: Setting watchdog for 200 seconds at Sun Jul 21 01:02:17 UTC 2019
12929 ms. Memory: 501760K Free: 272046K (54%)
ptolemy.util.test.WatchDog.cancel(): canceling Sun Jul 21 01:02:31 UTC 2019
auto.tcl: Setting watchdog for 200 seconds at Sun Jul 21 01:02:31 UTC 2019
10950 ms. Memory: 501760K Free: 323245K (64%)
ptolemy.util.test.WatchDog.cancel(): canceling Sun Jul 21 01:02:42 UTC 2019
------------------ testing $PTII/ptolemy/domains/de/test/auto/TwoSigmaDelta.xml
auto.tcl: Setting watchdog for 200 seconds at Sun Jul 21 01:02:42 UTC 2019
2573 ms. Memory: 89088K Free: 22152K (25%)
ptolemy.util.test.WatchDog.cancel(): canceling Sun Jul 21 01:02:45 UTC 2019
auto.tcl: Setting watchdog for 200 seconds at Sun Jul 21 01:02:45 UTC 2019
2015 ms. Memory: 89088K Free: 20125K (23%)
ptolemy.util.test.WatchDog.cancel(): canceling Sun Jul 21 01:02:47 UTC 2019
------------------ testing $PTII/ptolemy/domains/de/test/auto/VariableDelay.xml
auto.tcl: Setting watchdog for 200 seconds at Sun Jul 21 01:02:47 UTC 2019
10 ms. Memory: 51200K Free: 32182K (63%)
ptolemy.util.test.WatchDog.cancel(): canceling Sun Jul 21 01:02:47 UTC 2019
auto.tcl: Setting watchdog for 200 seconds at Sun Jul 21 01:02:47 UTC 2019
2 ms. Memory: 51200K Free: 31188K (61%)
ptolemy.util.test.WatchDog.cancel(): canceling Sun Jul 21 01:02:47 UTC 2019
------------------ testing $PTII/ptolemy/domains/de/test/auto/VariableDelay2.xml
auto.tcl: Setting watchdog for 200 seconds at Sun Jul 21 01:02:47 UTC 2019
2 ms. Memory: 51200K Free: 32581K (64%)
ptolemy.util.test.WatchDog.cancel(): canceling Sun Jul 21 01:02:47 UTC 2019
auto.tcl: Setting watchdog for 200 seconds at Sun Jul 21 01:02:47 UTC 2019
2 ms. Memory: 51200K Free: 32101K (63%)
ptolemy.util.test.WatchDog.cancel(): canceling Sun Jul 21 01:02:47 UTC 2019
------------------ testing $PTII/ptolemy/domains/de/test/auto/VariableDelayZeroDelay.xml
auto.tcl: Setting watchdog for 200 seconds at Sun Jul 21 01:02:47 UTC 2019
2 ms. Memory: 51200K Free: 33124K (65%)
ptolemy.util.test.WatchDog.cancel(): canceling Sun Jul 21 01:02:47 UTC 2019
auto.tcl: Setting watchdog for 200 seconds at Sun Jul 21 01:02:47 UTC 2019
2 ms. Memory: 51200K Free: 32580K (64%)
ptolemy.util.test.WatchDog.cancel(): canceling Sun Jul 21 01:02:47 UTC 2019
------------------ testing $PTII/ptolemy/domains/de/test/auto/VariableDelayZeroDelay2.xml
auto.tcl: Setting watchdog for 200 seconds at Sun Jul 21 01:02:47 UTC 2019
2 ms. Memory: 48128K Free: 30051K (62%)
ptolemy.util.test.WatchDog.cancel(): canceling Sun Jul 21 01:02:47 UTC 2019
auto.tcl: Setting watchdog for 200 seconds at Sun Jul 21 01:02:47 UTC 2019
2 ms. Memory: 48128K Free: 29082K (60%)
ptolemy.util.test.WatchDog.cancel(): canceling Sun Jul 21 01:02:47 UTC 2019
------------------ testing $PTII/ptolemy/domains/de/test/auto/deInCt.xml
auto.tcl: Setting watchdog for 200 seconds at Sun Jul 21 01:02:47 UTC 2019
0
1
1
1
0
0
0
1
1
0
0
0
1
1
1
0
0
0
1
1
1
0
0
0
1
1
1
0
0
0
0
0
1
1
1
0
0
0
0
0
1
1
0
0
0
0
0
10 ms. Memory: 48128K Free: 29025K (60%)
ptolemy.util.test.WatchDog.cancel(): canceling Sun Jul 21 01:02:47 UTC 2019
auto.tcl: Setting watchdog for 200 seconds at Sun Jul 21 01:02:47 UTC 2019
0
1
1
1
1
1
0
0
0
1
1
1
0
0
0
1
1
1
0
0
0
0
1
1
1
0
0
0
0
1
1
1
0
0
0
0
6 ms. Memory: 48128K Free: 27511K (57%)
ptolemy.util.test.WatchDog.cancel(): canceling Sun Jul 21 01:02:47 UTC 2019
------------------ testing $PTII/ptolemy/domains/de/test/auto/deInCt2.xml
auto.tcl: Setting watchdog for 200 seconds at Sun Jul 21 01:02:47 UTC 2019
0
1
1
1
0
0
1
1
1
0
0
1
1
1
0
0
1
1
1
0
0
1
1
1
0
0
1
1
1
0
0
1
1
1
0
0
1
1
1
0
0
0
10 ms. Memory: 48128K Free: 29027K (60%)
ptolemy.util.test.WatchDog.cancel(): canceling Sun Jul 21 01:02:47 UTC 2019
auto.tcl: Setting watchdog for 200 seconds at Sun Jul 21 01:02:47 UTC 2019
0
1
1
1
0
0
1
1
1
0
0
1
1
1
0
0
1
1
1
0
0
1
1
1
0
0
1
1
1
0
0
1
1
1
0
0
1
1
1
0
0
0
4 ms. Memory: 48128K Free: 27521K (57%)
ptolemy.util.test.WatchDog.cancel(): canceling Sun Jul 21 01:02:47 UTC 2019
------------------ testing $PTII/ptolemy/domains/de/test/auto/dynamicCausalityInterface1.xml
auto.tcl: Setting watchdog for 200 seconds at Sun Jul 21 01:02:47 UTC 2019
2 ms. Memory: 48128K Free: 24381K (51%)
ptolemy.util.test.WatchDog.cancel(): canceling Sun Jul 21 01:02:47 UTC 2019
auto.tcl: Setting watchdog for 200 seconds at Sun Jul 21 01:02:47 UTC 2019
1 ms. Memory: 48128K Free: 23901K (50%)
ptolemy.util.test.WatchDog.cancel(): canceling Sun Jul 21 01:02:47 UTC 2019
------------------ testing $PTII/ptolemy/domains/de/test/auto/fsm_de_test.xml
auto.tcl: Setting watchdog for 200 seconds at Sun Jul 21 01:02:48 UTC 2019
6 ms. Memory: 48128K Free: 24824K (52%)
ptolemy.util.test.WatchDog.cancel(): canceling Sun Jul 21 01:02:48 UTC 2019
auto.tcl: Setting watchdog for 200 seconds at Sun Jul 21 01:02:48 UTC 2019
6 ms. Memory: 48128K Free: 22830K (47%)
ptolemy.util.test.WatchDog.cancel(): canceling Sun Jul 21 01:02:48 UTC 2019
------------------ testing $PTII/ptolemy/domains/de/test/auto/functionDependencyReconstruction.xml
auto.tcl: Setting watchdog for 200 seconds at Sun Jul 21 01:02:48 UTC 2019
2 ms. Memory: 48128K Free: 18838K (39%)
ptolemy.util.test.WatchDog.cancel(): canceling Sun Jul 21 01:02:48 UTC 2019
auto.tcl: Setting watchdog for 200 seconds at Sun Jul 21 01:02:48 UTC 2019
3 ms. Memory: 48128K Free: 16682K (35%)
ptolemy.util.test.WatchDog.cancel(): canceling Sun Jul 21 01:02:48 UTC 2019
------------------ testing $PTII/ptolemy/domains/de/test/auto/multirate.xml
auto.tcl: Setting watchdog for 200 seconds at Sun Jul 21 01:02:48 UTC 2019
3 ms. Memory: 48128K Free: 27485K (57%)
ptolemy.util.test.WatchDog.cancel(): canceling Sun Jul 21 01:02:48 UTC 2019
auto.tcl: Setting watchdog for 200 seconds at Sun Jul 21 01:02:48 UTC 2019
3 ms. Memory: 48128K Free: 25818K (54%)
ptolemy.util.test.WatchDog.cancel(): canceling Sun Jul 21 01:02:48 UTC 2019
------------------ testing $PTII/ptolemy/domains/de/test/auto/multirate2.xml
auto.tcl: Setting watchdog for 200 seconds at Sun Jul 21 01:02:48 UTC 2019
3 ms. Memory: 48128K Free: 27421K (57%)
ptolemy.util.test.WatchDog.cancel(): canceling Sun Jul 21 01:02:48 UTC 2019
auto.tcl: Setting watchdog for 200 seconds at Sun Jul 21 01:02:48 UTC 2019
3 ms. Memory: 48128K Free: 25969K (54%)
ptolemy.util.test.WatchDog.cancel(): canceling Sun Jul 21 01:02:48 UTC 2019
------------------ testing $PTII/ptolemy/domains/de/test/auto/realtime.xml
auto.tcl: Setting watchdog for 200 seconds at Sun Jul 21 01:02:48 UTC 2019
10002 ms. Memory: 48128K Free: 29712K (62%)
ptolemy.util.test.WatchDog.cancel(): canceling Sun Jul 21 01:02:58 UTC 2019
auto.tcl: Setting watchdog for 200 seconds at Sun Jul 21 01:02:58 UTC 2019
10001 ms. Memory: 48128K Free: 28971K (60%)
ptolemy.util.test.WatchDog.cancel(): canceling Sun Jul 21 01:03:08 UTC 2019
------------------ testing $PTII/ptolemy/domains/de/test/auto/relationGroup.xml
auto.tcl: Setting watchdog for 200 seconds at Sun Jul 21 01:03:08 UTC 2019
2 ms. Memory: 48128K Free: 30761K (64%)
ptolemy.util.test.WatchDog.cancel(): canceling Sun Jul 21 01:03:08 UTC 2019
auto.tcl: Setting watchdog for 200 seconds at Sun Jul 21 01:03:08 UTC 2019
1 ms. Memory: 48128K Free: 30052K (62%)
ptolemy.util.test.WatchDog.cancel(): canceling Sun Jul 21 01:03:08 UTC 2019
------------------ testing $PTII/ptolemy/domains/de/test/auto/relationGroup2.xml
auto.tcl: Setting watchdog for 200 seconds at Sun Jul 21 01:03:08 UTC 2019
1 ms. Memory: 48128K Free: 30581K (64%)
ptolemy.util.test.WatchDog.cancel(): canceling Sun Jul 21 01:03:08 UTC 2019
auto.tcl: Setting watchdog for 200 seconds at Sun Jul 21 01:03:08 UTC 2019
1 ms. Memory: 48128K Free: 30079K (62%)
ptolemy.util.test.WatchDog.cancel(): canceling Sun Jul 21 01:03:08 UTC 2019
------------------ testing $PTII/ptolemy/domains/de/test/auto/sortWithOpaquePorts.xml
auto.tcl: Setting watchdog for 200 seconds at Sun Jul 21 01:03:08 UTC 2019
1 ms. Memory: 48128K Free: 29549K (61%)
ptolemy.util.test.WatchDog.cancel(): canceling Sun Jul 21 01:03:08 UTC 2019
auto.tcl: Setting watchdog for 200 seconds at Sun Jul 21 01:03:08 UTC 2019
2 ms. Memory: 48128K Free: 28567K (59%)
ptolemy.util.test.WatchDog.cancel(): canceling Sun Jul 21 01:03:08 UTC 2019
------------------ testing $PTII/ptolemy/domains/de/test/auto/transferInputsandOutputs.xml
auto.tcl: Setting watchdog for 200 seconds at Sun Jul 21 01:03:08 UTC 2019
2 ms. Memory: 48128K Free: 26993K (56%)
ptolemy.util.test.WatchDog.cancel(): canceling Sun Jul 21 01:03:08 UTC 2019
auto.tcl: Setting watchdog for 200 seconds at Sun Jul 21 01:03:08 UTC 2019
3 ms. Memory: 48128K Free: 26037K (54%)
ptolemy.util.test.WatchDog.cancel(): canceling Sun Jul 21 01:03:08 UTC 2019
------------------ testing $PTII/ptolemy/domains/de/test/auto/triggerType.xml
auto.tcl: Setting watchdog for 200 seconds at Sun Jul 21 01:03:08 UTC 2019
1 ms. Memory: 48128K Free: 30017K (62%)
ptolemy.util.test.WatchDog.cancel(): canceling Sun Jul 21 01:03:08 UTC 2019
auto.tcl: Setting watchdog for 200 seconds at Sun Jul 21 01:03:08 UTC 2019
1 ms. Memory: 48128K Free: 29061K (60%)
ptolemy.util.test.WatchDog.cancel(): canceling Sun Jul 21 01:03:08 UTC 2019
07/21/19 01:03:08
Failed: 0  Total Tests: 192  ((Passed: 187, Newly Passed: 1)  Known Failed: 5) /home/travis/build/icyphy/ptII/ptolemy/domains/de/test
07/21/19 01:03:08
Failed: 0  Total Tests: 192  ((Passed: 187, Newly Passed: 1)  Known Failed: 5) /home/travis/build/icyphy/ptII/ptolemy/domains/de/test
----------------- testing (KnownFailure) /home/travis/build/icyphy/ptII/ptolemy/domains/de/test/auto/knownFailedTests/DESDFClockTest.xml
2012 ms. Memory: 48128K Free: 23412K (49%)
Known Failure: java.lang.reflect.InvocationTargetException
----------------- testing (KnownFailure) /home/travis/build/icyphy/ptII/ptolemy/domains/de/test/auto/knownFailedTests/DirectFeedback.xml
2 ms. Memory: 48128K Free: 19316K (40%)
Known Failure: java.lang.reflect.InvocationTargetException
----------------- testing (KnownFailure) /home/travis/build/icyphy/ptII/ptolemy/domains/de/test/auto/knownFailedTests/FSMSource.xml
7 ms. Memory: 48128K Free: 11638K (24%)
----------------- testing (KnownFailure) /home/travis/build/icyphy/ptII/ptolemy/domains/de/test/auto/knownFailedTests/HierarchicalModel.xml
2 ms. Memory: 48128K Free: 21773K (45%)
Known Failure: java.lang.reflect.InvocationTargetException
----------------- testing (KnownFailure) /home/travis/build/icyphy/ptII/ptolemy/domains/de/test/auto/knownFailedTests/dependencyLoop.xml
8 ms. Memory: 48128K Free: 32579K (68%)
Known Failure: java.lang.reflect.InvocationTargetException
----------------- testing (KnownFailure) /home/travis/build/icyphy/ptII/ptolemy/domains/de/test/auto/knownFailedTests/dependencyLoop2.xml
2 ms. Memory: 48128K Free: 17385K (36%)
Known Failure: java.lang.reflect.InvocationTargetException
No auto/linux-amd64/*.xml tests in /home/travis/build/icyphy/ptII/ptolemy/domains/de/test
AutoTests.java: About to close Vertx.
AutoTests.java: Vertx closed.

===========================================================================================
----------------- testing Sun Jul 21 01:03:11 UTC 2019 /home/travis/build/icyphy/ptII/ptolemy/domains/de/test/auto/ActorDepthCalculation_actorWithoutPorts.xml
----------------- Instantiating /home/travis/build/icyphy/ptII/ptolemy/domains/de/test/auto/ActorDepthCalculation_actorWithoutPorts.xml
1 ms. Memory: 48128K Free: 11310K (23%)
----------------- Invoking toplevel() on ptolemy.moml.MoMLSimpleApplication@7566676f
----------------- Done invoking toplevel() on ptolemy.moml.MoMLSimpleApplication@7566676f
reloadAllAccessors: .ActorDepthCalculation_actorWithoutPorts

===========================================================================================
----------------- testing Sun Jul 21 01:03:11 UTC 2019 /home/travis/build/icyphy/ptII/ptolemy/domains/de/test/auto/AssemblyLine.xml
----------------- Instantiating /home/travis/build/icyphy/ptII/ptolemy/domains/de/test/auto/AssemblyLine.xml
2 ms. Memory: 48128K Free: 29954K (62%)
----------------- Invoking toplevel() on ptolemy.moml.MoMLSimpleApplication@47a7f059
----------------- Done invoking toplevel() on ptolemy.moml.MoMLSimpleApplication@47a7f059
reloadAllAccessors: .AssemblyLine

===========================================================================================
----------------- testing Sun Jul 21 01:03:11 UTC 2019 /home/travis/build/icyphy/ptII/ptolemy/domains/de/test/auto/CQBug1.xml
----------------- Instantiating /home/travis/build/icyphy/ptII/ptolemy/domains/de/test/auto/CQBug1.xml
1 ms. Memory: 48128K Free: 27202K (57%)
----------------- Invoking toplevel() on ptolemy.moml.MoMLSimpleApplication@628df689
----------------- Done invoking toplevel() on ptolemy.moml.MoMLSimpleApplication@628df689
reloadAllAccessors: .CQBug1

===========================================================================================
----------------- testing Sun Jul 21 01:03:11 UTC 2019 /home/travis/build/icyphy/ptII/ptolemy/domains/de/test/auto/CancelFireAt.xml
----------------- Instantiating /home/travis/build/icyphy/ptII/ptolemy/domains/de/test/auto/CancelFireAt.xml
2 ms. Memory: 48128K Free: 24812K (52%)
----------------- Invoking toplevel() on ptolemy.moml.MoMLSimpleApplication@2b19d87
----------------- Done invoking toplevel() on ptolemy.moml.MoMLSimpleApplication@2b19d87
reloadAllAccessors: .CancelFireAt

===========================================================================================
----------------- testing Sun Jul 21 01:03:11 UTC 2019 /home/travis/build/icyphy/ptII/ptolemy/domains/de/test/auto/CausalityAndComposabilityAnalysis.xml
----------------- Instantiating /home/travis/build/icyphy/ptII/ptolemy/domains/de/test/auto/CausalityAndComposabilityAnalysis.xml
2 ms. Memory: 48128K Free: 20724K (43%)
----------------- Invoking toplevel() on ptolemy.moml.MoMLSimpleApplication@2eff752f
----------------- Done invoking toplevel() on ptolemy.moml.MoMLSimpleApplication@2eff752f
reloadAllAccessors: .CausalityAndComposabilityAnalysis

===========================================================================================
----------------- testing Sun Jul 21 01:03:11 UTC 2019 /home/travis/build/icyphy/ptII/ptolemy/domains/de/test/auto/CausalityInterface1.xml
----------------- Instantiating /home/travis/build/icyphy/ptII/ptolemy/domains/de/test/auto/CausalityInterface1.xml
6 ms. Memory: 48128K Free: 15823K (33%)
----------------- Invoking toplevel() on ptolemy.moml.MoMLSimpleApplication@51a0265c
----------------- Done invoking toplevel() on ptolemy.moml.MoMLSimpleApplication@51a0265c
reloadAllAccessors: .CausalityInterface1

===========================================================================================
----------------- testing Sun Jul 21 01:03:11 UTC 2019 /home/travis/build/icyphy/ptII/ptolemy/domains/de/test/auto/CausalityInterface15.xml
----------------- Instantiating /home/travis/build/icyphy/ptII/ptolemy/domains/de/test/auto/CausalityInterface15.xml
2 ms. Memory: 48128K Free: 10607K (22%)
----------------- Invoking toplevel() on ptolemy.moml.MoMLSimpleApplication@1f8b106b
----------------- Done invoking toplevel() on ptolemy.moml.MoMLSimpleApplication@1f8b106b
reloadAllAccessors: .CausalityInterface15

===========================================================================================
----------------- testing Sun Jul 21 01:03:11 UTC 2019 /home/travis/build/icyphy/ptII/ptolemy/domains/de/test/auto/CausalityInterface2.xml
----------------- Instantiating /home/travis/build/icyphy/ptII/ptolemy/domains/de/test/auto/CausalityInterface2.xml
2 ms. Memory: 48128K Free: 31567K (66%)
[...]
	at ptolemy.actor.Manager.run(Manager.java:1263)
	at ptolemy.actor.Manager$PtolemyRunThread.run(Manager.java:1933)
java.lang.RuntimeException: Execution failed
	at ptolemy.moml.MoMLSimpleApplication$UnloadThread.run(MoMLSimpleApplication.java:402)
Caused by: ptolemy.kernel.util.IllegalActionException: Actor is not ready to fire.  Perhaps UpSample.prefire() returned false? Try debugging the actor by selecting "Listen to Actor".  Also, for SDF check moml for tokenConsumptionRate on input.
  in .DESDFClockTest.Play Bell.Copy1:SDF Director and .DESDFClockTest.Play Bell.UpSample
	at ptolemy.actor.sched.StaticSchedulingDirector.fire(StaticSchedulingDirector.java:227)
	at ptolemy.domains.sdf.kernel.SDFDirector.fire(SDFDirector.java:500)
	at ptolemy.actor.CompositeActor.fire(CompositeActor.java:455)
	at ptolemy.domains.de.kernel.DEDirector._fire(DEDirector.java:1949)
	at ptolemy.domains.de.kernel.DEDirector.fire(DEDirector.java:502)
	at ptolemy.actor.CompositeActor.fire(CompositeActor.java:455)
	at ptolemy.actor.Manager.iterate(Manager.java:851)
	at ptolemy.actor.Manager.execute(Manager.java:369)
	at ptolemy.actor.Manager.run(Manager.java:1263)
	at ptolemy.actor.Manager$PtolemyRunThread.run(Manager.java:1933)
java.lang.reflect.InvocationTargetException
	at java.base/jdk.internal.reflect.NativeConstructorAccessorImpl.newInstance0(Native Method)
	at java.base/jdk.internal.reflect.NativeConstructorAccessorImpl.newInstance(NativeConstructorAccessorImpl.java:62)
	at java.base/jdk.internal.reflect.DelegatingConstructorAccessorImpl.newInstance(DelegatingConstructorAccessorImpl.java:45)
	at java.base/java.lang.reflect.Constructor.newInstance(Constructor.java:490)
	at ptolemy.util.test.junit.AutoKnownFailedTests.RunModel(AutoKnownFailedTests.java:105)
	at java.base/jdk.internal.reflect.NativeMethodAccessorImpl.invoke0(Native Method)
	at java.base/jdk.internal.reflect.NativeMethodAccessorImpl.invoke(NativeMethodAccessorImpl.java:62)
	at java.base/jdk.internal.reflect.DelegatingMethodAccessorImpl.invoke(DelegatingMethodAccessorImpl.java:43)
	at java.base/java.lang.reflect.Method.invoke(Method.java:566)
	at org.junit.runners.model.FrameworkMethod$1.runReflectiveCall(FrameworkMethod.java:44)
	at org.junit.internal.runners.model.ReflectiveCallable.run(ReflectiveCallable.java:15)
	at org.junit.runners.model.FrameworkMethod.invokeExplosively(FrameworkMethod.java:41)
	at junitparams.internal.InvokeParameterisedMethod.evaluate(InvokeParameterisedMethod.java:102)
	at org.junit.internal.runners.statements.FailOnTimeout$1.run(FailOnTimeout.java:28)
Caused by: ptolemy.kernel.util.IllegalActionException: Actor is not ready to fire.  Perhaps UpSample.prefire() returned false? Try debugging the actor by selecting "Listen to Actor".  Also, for SDF check moml for tokenConsumptionRate on input.
  in .DESDFClockTest.Play Bell.Copy1:SDF Director and .DESDFClockTest.Play Bell.UpSample
	at ptolemy.actor.sched.StaticSchedulingDirector.fire(StaticSchedulingDirector.java:227)
	at ptolemy.domains.sdf.kernel.SDFDirector.fire(SDFDirector.java:500)
	at ptolemy.actor.CompositeActor.fire(CompositeActor.java:455)
	at ptolemy.domains.de.kernel.DEDirector._fire(DEDirector.java:1949)
	at ptolemy.domains.de.kernel.DEDirector.fire(DEDirector.java:502)
	at ptolemy.actor.CompositeActor.fire(CompositeActor.java:455)
	at ptolemy.actor.Manager.iterate(Manager.java:851)
	at ptolemy.actor.Manager.execute(Manager.java:369)
	at ptolemy.actor.Manager.run(Manager.java:1263)
	at ptolemy.actor.Manager$PtolemyRunThread.run(Manager.java:1933)
java.lang.RuntimeException: Execution failed
	at ptolemy.moml.MoMLSimpleApplication$UnloadThread.run(MoMLSimpleApplication.java:402)
Caused by: ptolemy.kernel.util.IllegalActionException: Test fails in iteration 1.
Value was: 1.0. Should have been: 2.0
  in .DirectFeedback.Test
	at ptolemy.actor.lib.Test.fire(Test.java:268)
	at ptolemy.domains.de.kernel.DEDirector._fire(DEDirector.java:1949)
	at ptolemy.domains.de.kernel.DEDirector.fire(DEDirector.java:502)
	at ptolemy.actor.CompositeActor.fire(CompositeActor.java:455)
	at ptolemy.actor.Manager.iterate(Manager.java:851)
	at ptolemy.actor.Manager.execute(Manager.java:369)
	at ptolemy.actor.Manager.run(Manager.java:1263)
	at ptolemy.actor.Manager$PtolemyRunThread.run(Manager.java:1933)
java.lang.reflect.InvocationTargetException
	at java.base/jdk.internal.reflect.NativeConstructorAccessorImpl.newInstance0(Native Method)
	at java.base/jdk.internal.reflect.NativeConstructorAccessorImpl.newInstance(NativeConstructorAccessorImpl.java:62)
	at java.base/jdk.internal.reflect.DelegatingConstructorAccessorImpl.newInstance(DelegatingConstructorAccessorImpl.java:45)
	at java.base/java.lang.reflect.Constructor.newInstance(Constructor.java:490)
	at ptolemy.util.test.junit.AutoKnownFailedTests.RunModel(AutoKnownFailedTests.java:105)
	at java.base/jdk.internal.reflect.NativeMethodAccessorImpl.invoke0(Native Method)
	at java.base/jdk.internal.reflect.NativeMethodAccessorImpl.invoke(NativeMethodAccessorImpl.java:62)
	at java.base/jdk.internal.reflect.DelegatingMethodAccessorImpl.invoke(DelegatingMethodAccessorImpl.java:43)
	at java.base/java.lang.reflect.Method.invoke(Method.java:566)
	at org.junit.runners.model.FrameworkMethod$1.runReflectiveCall(FrameworkMethod.java:44)
	at org.junit.internal.runners.model.ReflectiveCallable.run(ReflectiveCallable.java:15)
	at org.junit.runners.model.FrameworkMethod.invokeExplosively(FrameworkMethod.java:41)
	at junitparams.internal.InvokeParameterisedMethod.evaluate(InvokeParameterisedMethod.java:102)
	at org.junit.internal.runners.statements.FailOnTimeout$1.run(FailOnTimeout.java:28)
Caused by: ptolemy.kernel.util.IllegalActionException: Test fails in iteration 1.
Value was: 1.0. Should have been: 2.0
  in .DirectFeedback.Test
	at ptolemy.actor.lib.Test.fire(Test.java:268)
	at ptolemy.domains.de.kernel.DEDirector._fire(DEDirector.java:1949)
	at ptolemy.domains.de.kernel.DEDirector.fire(DEDirector.java:502)
	at ptolemy.actor.CompositeActor.fire(CompositeActor.java:455)
	at ptolemy.actor.Manager.iterate(Manager.java:851)
	at ptolemy.actor.Manager.execute(Manager.java:369)
	at ptolemy.actor.Manager.run(Manager.java:1263)
	at ptolemy.actor.Manager$PtolemyRunThread.run(Manager.java:1933)
java.lang.RuntimeException: Execution failed
	at ptolemy.moml.MoMLSimpleApplication$UnloadThread.run(MoMLSimpleApplication.java:402)
Caused by: ptolemy.kernel.util.IllegalActionException: Found a zero delay loop containing .HierarchicalModel.A
  in .HierarchicalModel and .HierarchicalModel.A
	at ptolemy.actor.util.CausalityInterfaceForComposites._computeOutputPortDepth(CausalityInterfaceForComposites.java:759)
	at ptolemy.actor.util.CausalityInterfaceForComposites._computeInputDepth(CausalityInterfaceForComposites.java:696)
	at ptolemy.actor.util.CausalityInterfaceForComposites._computeOutputPortDepth(CausalityInterfaceForComposites.java:765)
	at ptolemy.actor.util.CausalityInterfaceForComposites._computeInputDepth(CausalityInterfaceForComposites.java:696)
	at ptolemy.actor.util.CausalityInterfaceForComposites._computeOutputPortDepth(CausalityInterfaceForComposites.java:765)
	at ptolemy.actor.util.CausalityInterfaceForComposites._computeInputDepth(CausalityInterfaceForComposites.java:696)
	at ptolemy.actor.util.CausalityInterfaceForComposites._computeActorDepth(CausalityInterfaceForComposites.java:532)
	at ptolemy.actor.util.CausalityInterfaceForComposites.checkForCycles(CausalityInterfaceForComposites.java:96)
	at ptolemy.domains.de.kernel.DEDirector.preinitialize(DEDirector.java:1338)
	at ptolemy.actor.CompositeActor.preinitialize(CompositeActor.java:1828)
	at ptolemy.actor.Manager.preinitializeAndResolveTypes(Manager.java:1040)
	at ptolemy.actor.Manager.initialize(Manager.java:710)
	at ptolemy.actor.Manager.execute(Manager.java:356)
	at ptolemy.actor.Manager.run(Manager.java:1263)
	at ptolemy.actor.Manager$PtolemyRunThread.run(Manager.java:1933)
java.lang.reflect.InvocationTargetException
	at java.base/jdk.internal.reflect.NativeConstructorAccessorImpl.newInstance0(Native Method)
	at java.base/jdk.internal.reflect.NativeConstructorAccessorImpl.newInstance(NativeConstructorAccessorImpl.java:62)
	at java.base/jdk.internal.reflect.DelegatingConstructorAccessorImpl.newInstance(DelegatingConstructorAccessorImpl.java:45)
	at java.base/java.lang.reflect.Constructor.newInstance(Constructor.java:490)
	at ptolemy.util.test.junit.AutoKnownFailedTests.RunModel(AutoKnownFailedTests.java:105)
	at java.base/jdk.internal.reflect.NativeMethodAccessorImpl.invoke0(Native Method)
	at java.base/jdk.internal.reflect.NativeMethodAccessorImpl.invoke(NativeMethodAccessorImpl.java:62)
	at java.base/jdk.internal.reflect.DelegatingMethodAccessorImpl.invoke(DelegatingMethodAccessorImpl.java:43)
	at java.base/java.lang.reflect.Method.invoke(Method.java:566)
	at org.junit.runners.model.FrameworkMethod$1.runReflectiveCall(FrameworkMethod.java:44)
	at org.junit.internal.runners.model.ReflectiveCallable.run(ReflectiveCallable.java:15)
	at org.junit.runners.model.FrameworkMethod.invokeExplosively(FrameworkMethod.java:41)
	at junitparams.internal.InvokeParameterisedMethod.evaluate(InvokeParameterisedMethod.java:102)
	at org.junit.internal.runners.statements.FailOnTimeout$1.run(FailOnTimeout.java:28)
Caused by: ptolemy.kernel.util.IllegalActionException: Found a zero delay loop containing .HierarchicalModel.A
  in .HierarchicalModel and .HierarchicalModel.A
	at ptolemy.actor.util.CausalityInterfaceForComposites._computeOutputPortDepth(CausalityInterfaceForComposites.java:759)
	at ptolemy.actor.util.CausalityInterfaceForComposites._computeInputDepth(CausalityInterfaceForComposites.java:696)
	at ptolemy.actor.util.CausalityInterfaceForComposites._computeOutputPortDepth(CausalityInterfaceForComposites.java:765)
	at ptolemy.actor.util.CausalityInterfaceForComposites._computeInputDepth(CausalityInterfaceForComposites.java:696)
	at ptolemy.actor.util.CausalityInterfaceForComposites._computeOutputPortDepth(CausalityInterfaceForComposites.java:765)
	at ptolemy.actor.util.CausalityInterfaceForComposites._computeInputDepth(CausalityInterfaceForComposites.java:696)
	at ptolemy.actor.util.CausalityInterfaceForComposites._computeActorDepth(CausalityInterfaceForComposites.java:532)
	at ptolemy.actor.util.CausalityInterfaceForComposites.checkForCycles(CausalityInterfaceForComposites.java:96)
	at ptolemy.domains.de.kernel.DEDirector.preinitialize(DEDirector.java:1338)
	at ptolemy.actor.CompositeActor.preinitialize(CompositeActor.java:1828)
	at ptolemy.actor.Manager.preinitializeAndResolveTypes(Manager.java:1040)
	at ptolemy.actor.Manager.initialize(Manager.java:710)
	at ptolemy.actor.Manager.execute(Manager.java:356)
	at ptolemy.actor.Manager.run(Manager.java:1263)
	at ptolemy.actor.Manager$PtolemyRunThread.run(Manager.java:1933)
java.lang.RuntimeException: Execution failed
	at ptolemy.moml.MoMLSimpleApplication$UnloadThread.run(MoMLSimpleApplication.java:402)
Caused by: ptolemy.kernel.util.IllegalActionException: Found a zero delay loop containing .dependencyLoop.original
  in .dependencyLoop and .dependencyLoop.original
	at ptolemy.actor.util.CausalityInterfaceForComposites._computeOutputPortDepth(CausalityInterfaceForComposites.java:759)
	at ptolemy.actor.util.CausalityInterfaceForComposites._computeInputDepth(CausalityInterfaceForComposites.java:696)
	at ptolemy.actor.util.CausalityInterfaceForComposites._computeOutputPortDepth(CausalityInterfaceForComposites.java:765)
	at ptolemy.actor.util.CausalityInterfaceForComposites._computeInputDepth(CausalityInterfaceForComposites.java:696)
	at ptolemy.actor.util.CausalityInterfaceForComposites._computeOutputPortDepth(CausalityInterfaceForComposites.java:765)
	at ptolemy.actor.util.CausalityInterfaceForComposites._computeInputDepth(CausalityInterfaceForComposites.java:696)
	at ptolemy.actor.util.CausalityInterfaceForComposites._computeActorDepth(CausalityInterfaceForComposites.java:532)
	at ptolemy.actor.util.CausalityInterfaceForComposites.checkForCycles(CausalityInterfaceForComposites.java:96)
	at ptolemy.domains.de.kernel.DEDirector.preinitialize(DEDirector.java:1338)
	at ptolemy.actor.CompositeActor.preinitialize(CompositeActor.java:1828)
	at ptolemy.actor.Manager.preinitializeAndResolveTypes(Manager.java:1040)
	at ptolemy.actor.Manager.initialize(Manager.java:710)
	at ptolemy.actor.Manager.execute(Manager.java:356)
	at ptolemy.actor.Manager.run(Manager.java:1263)
	at ptolemy.actor.Manager$PtolemyRunThread.run(Manager.java:1933)
java.lang.reflect.InvocationTargetException
	at java.base/jdk.internal.reflect.NativeConstructorAccessorImpl.newInstance0(Native Method)
	at java.base/jdk.internal.reflect.NativeConstructorAccessorImpl.newInstance(NativeConstructorAccessorImpl.java:62)
	at java.base/jdk.internal.reflect.DelegatingConstructorAccessorImpl.newInstance(DelegatingConstructorAccessorImpl.java:45)
	at java.base/java.lang.reflect.Constructor.newInstance(Constructor.java:490)
	at ptolemy.util.test.junit.AutoKnownFailedTests.RunModel(AutoKnownFailedTests.java:105)
	at java.base/jdk.internal.reflect.NativeMethodAccessorImpl.invoke0(Native Method)
	at java.base/jdk.internal.reflect.NativeMethodAccessorImpl.invoke(NativeMethodAccessorImpl.java:62)
	at java.base/jdk.internal.reflect.DelegatingMethodAccessorImpl.invoke(DelegatingMethodAccessorImpl.java:43)
	at java.base/java.lang.reflect.Method.invoke(Method.java:566)
	at org.junit.runners.model.FrameworkMethod$1.runReflectiveCall(FrameworkMethod.java:44)
	at org.junit.internal.runners.model.ReflectiveCallable.run(ReflectiveCallable.java:15)
	at org.junit.runners.model.FrameworkMethod.invokeExplosively(FrameworkMethod.java:41)
	at junitparams.internal.InvokeParameterisedMethod.evaluate(InvokeParameterisedMethod.java:102)
	at org.junit.internal.runners.statements.FailOnTimeout$1.run(FailOnTimeout.java:28)
Caused by: ptolemy.kernel.util.IllegalActionException: Found a zero delay loop containing .dependencyLoop.original
  in .dependencyLoop and .dependencyLoop.original
	at ptolemy.actor.util.CausalityInterfaceForComposites._computeOutputPortDepth(CausalityInterfaceForComposites.java:759)
	at ptolemy.actor.util.CausalityInterfaceForComposites._computeInputDepth(CausalityInterfaceForComposites.java:696)
	at ptolemy.actor.util.CausalityInterfaceForComposites._computeOutputPortDepth(CausalityInterfaceForComposites.java:765)
	at ptolemy.actor.util.CausalityInterfaceForComposites._computeInputDepth(CausalityInterfaceForComposites.java:696)
	at ptolemy.actor.util.CausalityInterfaceForComposites._computeOutputPortDepth(CausalityInterfaceForComposites.java:765)
	at ptolemy.actor.util.CausalityInterfaceForComposites._computeInputDepth(CausalityInterfaceForComposites.java:696)
	at ptolemy.actor.util.CausalityInterfaceForComposites._computeActorDepth(CausalityInterfaceForComposites.java:532)
	at ptolemy.actor.util.CausalityInterfaceForComposites.checkForCycles(CausalityInterfaceForComposites.java:96)
	at ptolemy.domains.de.kernel.DEDirector.preinitialize(DEDirector.java:1338)
	at ptolemy.actor.CompositeActor.preinitialize(CompositeActor.java:1828)
	at ptolemy.actor.Manager.preinitializeAndResolveTypes(Manager.java:1040)
	at ptolemy.actor.Manager.initialize(Manager.java:710)
	at ptolemy.actor.Manager.execute(Manager.java:356)
	at ptolemy.actor.Manager.run(Manager.java:1263)
	at ptolemy.actor.Manager$PtolemyRunThread.run(Manager.java:1933)
java.lang.RuntimeException: Execution failed
	at ptolemy.moml.MoMLSimpleApplication$UnloadThread.run(MoMLSimpleApplication.java:402)
Caused by: ptolemy.kernel.util.IllegalActionException: Found a zero delay loop containing .dependencyLoop2.original
  in .dependencyLoop2 and .dependencyLoop2.original
	at ptolemy.actor.util.CausalityInterfaceForComposites._computeOutputPortDepth(CausalityInterfaceForComposites.java:759)
	at ptolemy.actor.util.CausalityInterfaceForComposites._computeInputDepth(CausalityInterfaceForComposites.java:696)
	at ptolemy.actor.util.CausalityInterfaceForComposites._computeOutputPortDepth(CausalityInterfaceForComposites.java:765)
	at ptolemy.actor.util.CausalityInterfaceForComposites._computeInputDepth(CausalityInterfaceForComposites.java:696)
	at ptolemy.actor.util.CausalityInterfaceForComposites._computeOutputPortDepth(CausalityInterfaceForComposites.java:765)
	at ptolemy.actor.util.CausalityInterfaceForComposites._computeInputDepth(CausalityInterfaceForComposites.java:696)
	at ptolemy.actor.util.CausalityInterfaceForComposites._computeActorDepth(CausalityInterfaceForComposites.java:532)
	at ptolemy.actor.util.CausalityInterfaceForComposites.checkForCycles(CausalityInterfaceForComposites.java:96)
	at ptolemy.domains.de.kernel.DEDirector.preinitialize(DEDirector.java:1338)
	at ptolemy.actor.CompositeActor.preinitialize(CompositeActor.java:1828)
	at ptolemy.actor.Manager.preinitializeAndResolveTypes(Manager.java:1040)
	at ptolemy.actor.Manager.initialize(Manager.java:710)
	at ptolemy.actor.Manager.execute(Manager.java:356)
	at ptolemy.actor.Manager.run(Manager.java:1263)
	at ptolemy.actor.Manager$PtolemyRunThread.run(Manager.java:1933)
java.lang.reflect.InvocationTargetException
	at java.base/jdk.internal.reflect.NativeConstructorAccessorImpl.newInstance0(Native Method)
	at java.base/jdk.internal.reflect.NativeConstructorAccessorImpl.newInstance(NativeConstructorAccessorImpl.java:62)
	at java.base/jdk.internal.reflect.DelegatingConstructorAccessorImpl.newInstance(DelegatingConstructorAccessorImpl.java:45)
	at java.base/java.lang.reflect.Constructor.newInstance(Constructor.java:490)
	at ptolemy.util.test.junit.AutoKnownFailedTests.RunModel(AutoKnownFailedTests.java:105)
	at java.base/jdk.internal.reflect.NativeMethodAccessorImpl.invoke0(Native Method)
	at java.base/jdk.internal.reflect.NativeMethodAccessorImpl.invoke(NativeMethodAccessorImpl.java:62)
	at java.base/jdk.internal.reflect.DelegatingMethodAccessorImpl.invoke(DelegatingMethodAccessorImpl.java:43)
	at java.base/java.lang.reflect.Method.invoke(Method.java:566)
	at org.junit.runners.model.FrameworkMethod$1.runReflectiveCall(FrameworkMethod.java:44)
	at org.junit.internal.runners.model.ReflectiveCallable.run(ReflectiveCallable.java:15)
	at org.junit.runners.model.FrameworkMethod.invokeExplosively(FrameworkMethod.java:41)
	at junitparams.internal.InvokeParameterisedMethod.evaluate(InvokeParameterisedMethod.java:102)
	at org.junit.internal.runners.statements.FailOnTimeout$1.run(FailOnTimeout.java:28)
Caused by: ptolemy.kernel.util.IllegalActionException: Found a zero delay loop containing .dependencyLoop2.original
  in .dependencyLoop2 and .dependencyLoop2.original
	at ptolemy.actor.util.CausalityInterfaceForComposites._computeOutputPortDepth(CausalityInterfaceForComposites.java:759)
	at ptolemy.actor.util.CausalityInterfaceForComposites._computeInputDepth(CausalityInterfaceForComposites.java:696)
	at ptolemy.actor.util.CausalityInterfaceForComposites._computeOutputPortDepth(CausalityInterfaceForComposites.java:765)
	at ptolemy.actor.util.CausalityInterfaceForComposites._computeInputDepth(CausalityInterfaceForComposites.java:696)
	at ptolemy.actor.util.CausalityInterfaceForComposites._computeOutputPortDepth(CausalityInterfaceForComposites.java:765)
	at ptolemy.actor.util.CausalityInterfaceForComposites._computeInputDepth(CausalityInterfaceForComposites.java:696)
	at ptolemy.actor.util.CausalityInterfaceForComposites._computeActorDepth(CausalityInterfaceForComposites.java:532)
	at ptolemy.actor.util.CausalityInterfaceForComposites.checkForCycles(CausalityInterfaceForComposites.java:96)
	at ptolemy.domains.de.kernel.DEDirector.preinitialize(DEDirector.java:1338)
	at ptolemy.actor.CompositeActor.preinitialize(CompositeActor.java:1828)
	at ptolemy.actor.Manager.preinitializeAndResolveTypes(Manager.java:1040)
	at ptolemy.actor.Manager.initialize(Manager.java:710)
	at ptolemy.actor.Manager.execute(Manager.java:356)
	at ptolemy.actor.Manager.run(Manager.java:1263)
	at ptolemy.actor.Manager$PtolemyRunThread.run(Manager.java:1933)
]]></system-err>
</testsuite>
