<?xml version="1.0" encoding="UTF-8" ?>
<testsuite errors="0" failures="0" hostname="travis-job-2402f926-4035-4d1c-8527-f6609b343dca" name="ptolemy.domains.de.test.junit.JUnitTclTest" skipped="0" tests="101" time="122.549" timestamp="2020-05-13T14:17:19">
  <properties>
[...]
</properties>
  <testcase classname="ptolemy.util.test.junit.TclTests" name="[0] /home/travis/build/icyphy/ptII/ptolemy/domains/de/test/DependencyLoop.tcl (RunTclFile)" time="1.066" />
  <testcase classname="ptolemy.util.test.junit.TclTests" name="[1] /home/travis/build/icyphy/ptII/ptolemy/domains/de/test/RunDETestsAsQSS.tcl (RunTclFile)" time="83.512" />
  <testcase classname="ptolemy.util.test.junit.AutoKnownFailedTests" name="[0] /home/travis/build/icyphy/ptII/ptolemy/domains/de/test/auto/knownFailedTests/DESDFClockTest.xml (RunModel)" time="2.063" />
  <testcase classname="ptolemy.util.test.junit.AutoKnownFailedTests" name="[1] /home/travis/build/icyphy/ptII/ptolemy/domains/de/test/auto/knownFailedTests/DirectFeedback.xml (RunModel)" time="0.021" />
  <testcase classname="ptolemy.util.test.junit.AutoKnownFailedTests" name="[2] /home/travis/build/icyphy/ptII/ptolemy/domains/de/test/auto/knownFailedTests/FSMSource.xml (RunModel)" time="0.03" />
  <testcase classname="ptolemy.util.test.junit.AutoKnownFailedTests" name="[3] /home/travis/build/icyphy/ptII/ptolemy/domains/de/test/auto/knownFailedTests/HierarchicalModel.xml (RunModel)" time="0.051" />
  <testcase classname="ptolemy.util.test.junit.AutoKnownFailedTests" name="[4] /home/travis/build/icyphy/ptII/ptolemy/domains/de/test/auto/knownFailedTests/dependencyLoop.xml (RunModel)" time="0.041" />
  <testcase classname="ptolemy.util.test.junit.AutoKnownFailedTests" name="[5] /home/travis/build/icyphy/ptII/ptolemy/domains/de/test/auto/knownFailedTests/dependencyLoop2.xml (RunModel)" time="0.047" />
  <testcase classname="ptolemy.util.test.junit.AutoNameArchTests" name="[0] ThereAreNoAutoArchTests (RunModel)" time="0.001" />
  <testcase classname="ptolemy.util.test.junit.AutoTests" name="[0] /home/travis/build/icyphy/ptII/ptolemy/domains/de/test/auto/ActorDepthCalculation_actorWithoutPorts.xml (RunModel)" time="0.025" />
  <testcase classname="ptolemy.util.test.junit.AutoTests" name="[1] /home/travis/build/icyphy/ptII/ptolemy/domains/de/test/auto/AssemblyLine.xml (RunModel)" time="0.024" />
  <testcase classname="ptolemy.util.test.junit.AutoTests" name="[2] /home/travis/build/icyphy/ptII/ptolemy/domains/de/test/auto/CQBug1.xml (RunModel)" time="0.01" />
  <testcase classname="ptolemy.util.test.junit.AutoTests" name="[3] /home/travis/build/icyphy/ptII/ptolemy/domains/de/test/auto/CancelFireAt.xml (RunModel)" time="0.012" />
  <testcase classname="ptolemy.util.test.junit.AutoTests" name="[4] /home/travis/build/icyphy/ptII/ptolemy/domains/de/test/auto/CausalityAndComposabilityAnalysis.xml (RunModel)" time="0.012" />
  <testcase classname="ptolemy.util.test.junit.AutoTests" name="[5] /home/travis/build/icyphy/ptII/ptolemy/domains/de/test/auto/CausalityInterface1.xml (RunModel)" time="0.017" />
  <testcase classname="ptolemy.util.test.junit.AutoTests" name="[6] /home/travis/build/icyphy/ptII/ptolemy/domains/de/test/auto/CausalityInterface15.xml (RunModel)" time="0.015" />
  <testcase classname="ptolemy.util.test.junit.AutoTests" name="[7] /home/travis/build/icyphy/ptII/ptolemy/domains/de/test/auto/CausalityInterface2.xml (RunModel)" time="0.015" />
  <testcase classname="ptolemy.util.test.junit.AutoTests" name="[8] /home/travis/build/icyphy/ptII/ptolemy/domains/de/test/auto/CausalityInterface3.xml (RunModel)" time="0.013" />
  <testcase classname="ptolemy.util.test.junit.AutoTests" name="[9] /home/travis/build/icyphy/ptII/ptolemy/domains/de/test/auto/ClockDrift.xml (RunModel)" time="0.035" />
  <testcase classname="ptolemy.util.test.junit.AutoTests" name="[10] /home/travis/build/icyphy/ptII/ptolemy/domains/de/test/auto/ClockDriftAndValueChange.xml (RunModel)" time="0.041" />
  <testcase classname="ptolemy.util.test.junit.AutoTests" name="[11] /home/travis/build/icyphy/ptII/ptolemy/domains/de/test/auto/ClockDriftChange.xml (RunModel)" time="0.036" />
  <testcase classname="ptolemy.util.test.junit.AutoTests" name="[12] /home/travis/build/icyphy/ptII/ptolemy/domains/de/test/auto/ComposableCausalityAnalysis.xml (RunModel)" time="0.017" />
  <testcase classname="ptolemy.util.test.junit.AutoTests" name="[13] /home/travis/build/icyphy/ptII/ptolemy/domains/de/test/auto/DEFixedPointLimitation.xml (RunModel)" time="0.009" />
  <testcase classname="ptolemy.util.test.junit.AutoTests" name="[14] /home/travis/build/icyphy/ptII/ptolemy/domains/de/test/auto/DEScheduleTest.xml (RunModel)" time="0.017" />
  <testcase classname="ptolemy.util.test.junit.AutoTests" name="[15] /home/travis/build/icyphy/ptII/ptolemy/domains/de/test/auto/DEinDEwithStartTimes.xml (RunModel)" time="0.012" />
  <testcase classname="ptolemy.util.test.junit.AutoTests" name="[16] /home/travis/build/icyphy/ptII/ptolemy/domains/de/test/auto/DEinDEwithStartTimes2.xml (RunModel)" time="0.015" />
  <testcase classname="ptolemy.util.test.junit.AutoTests" name="[17] /home/travis/build/icyphy/ptII/ptolemy/domains/de/test/auto/DateDemo.xml (RunModel)" time="0.036" />
  <testcase classname="ptolemy.util.test.junit.AutoTests" name="[18] /home/travis/build/icyphy/ptII/ptolemy/domains/de/test/auto/DateToEvent.xml (RunModel)" time="2.042" />
  <testcase classname="ptolemy.util.test.junit.AutoTests" name="[19] /home/travis/build/icyphy/ptII/ptolemy/domains/de/test/auto/DepthTest1.xml (RunModel)" time="0.008" />
  <testcase classname="ptolemy.util.test.junit.AutoTests" name="[20] /home/travis/build/icyphy/ptII/ptolemy/domains/de/test/auto/DepthTest2.xml (RunModel)" time="0.019" />
  <testcase classname="ptolemy.util.test.junit.AutoTests" name="[21] /home/travis/build/icyphy/ptII/ptolemy/domains/de/test/auto/DepthTest3.xml (RunModel)" time="0.007" />
  <testcase classname="ptolemy.util.test.junit.AutoTests" name="[22] /home/travis/build/icyphy/ptII/ptolemy/domains/de/test/auto/DepthTest4.xml (RunModel)" time="0.018" />
  <testcase classname="ptolemy.util.test.junit.AutoTests" name="[23] /home/travis/build/icyphy/ptII/ptolemy/domains/de/test/auto/DepthTest5.xml (RunModel)" time="0.013" />
  <testcase classname="ptolemy.util.test.junit.AutoTests" name="[24] /home/travis/build/icyphy/ptII/ptolemy/domains/de/test/auto/DepthTest6.xml (RunModel)" time="0.015" />
  <testcase classname="ptolemy.util.test.junit.AutoTests" name="[25] /home/travis/build/icyphy/ptII/ptolemy/domains/de/test/auto/DepthTest7.xml (RunModel)" time="0.013" />
  <testcase classname="ptolemy.util.test.junit.AutoTests" name="[26] /home/travis/build/icyphy/ptII/ptolemy/domains/de/test/auto/EventToDate.xml (RunModel)" time="3.048" />
  <testcase classname="ptolemy.util.test.junit.AutoTests" name="[27] /home/travis/build/icyphy/ptII/ptolemy/domains/de/test/auto/FSM1.xml (RunModel)" time="0.041" />
  <testcase classname="ptolemy.util.test.junit.AutoTests" name="[28] /home/travis/build/icyphy/ptII/ptolemy/domains/de/test/auto/FSM7.xml (RunModel)" time="0.034" />
  <testcase classname="ptolemy.util.test.junit.AutoTests" name="[29] /home/travis/build/icyphy/ptII/ptolemy/domains/de/test/auto/Inspection.xml (RunModel)" time="0.046" />
  <testcase classname="ptolemy.util.test.junit.AutoTests" name="[30] /home/travis/build/icyphy/ptII/ptolemy/domains/de/test/auto/Iteration.xml (RunModel)" time="0.026" />
  <testcase classname="ptolemy.util.test.junit.AutoTests" name="[31] /home/travis/build/icyphy/ptII/ptolemy/domains/de/test/auto/LineFault.xml (RunModel)" time="0.534" />
  <testcase classname="ptolemy.util.test.junit.AutoTests" name="[32] /home/travis/build/icyphy/ptII/ptolemy/domains/de/test/auto/MergeModel1Add.xml (RunModel)" time="0.037" />
  <testcase classname="ptolemy.util.test.junit.AutoTests" name="[33] /home/travis/build/icyphy/ptII/ptolemy/domains/de/test/auto/MergeModel2Add.xml (RunModel)" time="0.032" />
  <testcase classname="ptolemy.util.test.junit.AutoTests" name="[34] /home/travis/build/icyphy/ptII/ptolemy/domains/de/test/auto/MergeModel3Add.xml (RunModel)" time="0.045" />
  <testcase classname="ptolemy.util.test.junit.AutoTests" name="[35] /home/travis/build/icyphy/ptII/ptolemy/domains/de/test/auto/MergeWithoutDiscard.xml (RunModel)" time="0.013" />
  <testcase classname="ptolemy.util.test.junit.AutoTests" name="[36] /home/travis/build/icyphy/ptII/ptolemy/domains/de/test/auto/Modal1.xml (RunModel)" time="0.029" />
  <testcase classname="ptolemy.util.test.junit.AutoTests" name="[37] /home/travis/build/icyphy/ptII/ptolemy/domains/de/test/auto/Modal2.xml (RunModel)" time="0.026" />
  <testcase classname="ptolemy.util.test.junit.AutoTests" name="[38] /home/travis/build/icyphy/ptII/ptolemy/domains/de/test/auto/Modal3.xml (RunModel)" time="0.03" />
  <testcase classname="ptolemy.util.test.junit.AutoTests" name="[39] /home/travis/build/icyphy/ptII/ptolemy/domains/de/test/auto/Modal4.xml (RunModel)" time="0.032" />
  <testcase classname="ptolemy.util.test.junit.AutoTests" name="[40] /home/travis/build/icyphy/ptII/ptolemy/domains/de/test/auto/Modal5.xml (RunModel)" time="0.027" />
  <testcase classname="ptolemy.util.test.junit.AutoTests" name="[41] /home/travis/build/icyphy/ptII/ptolemy/domains/de/test/auto/Modal6.xml (RunModel)" time="0.036" />
  <testcase classname="ptolemy.util.test.junit.AutoTests" name="[42] /home/travis/build/icyphy/ptII/ptolemy/domains/de/test/auto/Modal7.xml (RunModel)" time="0.029" />
  <testcase classname="ptolemy.util.test.junit.AutoTests" name="[43] /home/travis/build/icyphy/ptII/ptolemy/domains/de/test/auto/ModalModel.xml (RunModel)" time="0.157" />
  <testcase classname="ptolemy.util.test.junit.AutoTests" name="[44] /home/travis/build/icyphy/ptII/ptolemy/domains/de/test/auto/ModalSource.xml (RunModel)" time="0.017" />
  <testcase classname="ptolemy.util.test.junit.AutoTests" name="[45] /home/travis/build/icyphy/ptII/ptolemy/domains/de/test/auto/NonInterruptibleTimerZeroDelay.xml (RunModel)" time="0.008" />
  <testcase classname="ptolemy.util.test.junit.AutoTests" name="[46] /home/travis/build/icyphy/ptII/ptolemy/domains/de/test/auto/OpenQueueingNetwork.xml (RunModel)" time="2.441" />
  <testcase classname="ptolemy.util.test.junit.AutoTests" name="[47] /home/travis/build/icyphy/ptII/ptolemy/domains/de/test/auto/OpenQueuingNetwork.xml (RunModel)" time="0.277" />
  <testcase classname="ptolemy.util.test.junit.AutoTests" name="[48] /home/travis/build/icyphy/ptII/ptolemy/domains/de/test/auto/PeriodicSampler.xml (RunModel)" time="0.013" />
  <testcase classname="ptolemy.util.test.junit.AutoTests" name="[49] /home/travis/build/icyphy/ptII/ptolemy/domains/de/test/auto/PersistentIO.xml (RunModel)" time="0.016" />
  <testcase classname="ptolemy.util.test.junit.AutoTests" name="[50] /home/travis/build/icyphy/ptII/ptolemy/domains/de/test/auto/PortParameterResetOnInitialize.xml (RunModel)" time="0.009" />
  <testcase classname="ptolemy.util.test.junit.AutoTests" name="[51] /home/travis/build/icyphy/ptII/ptolemy/domains/de/test/auto/PortParameterUpdates.xml (RunModel)" time="0.012" />
  <testcase classname="ptolemy.util.test.junit.AutoTests" name="[52] /home/travis/build/icyphy/ptII/ptolemy/domains/de/test/auto/QueueAndServer.xml (RunModel)" time="0.019" />
  <testcase classname="ptolemy.util.test.junit.AutoTests" name="[53] /home/travis/build/icyphy/ptII/ptolemy/domains/de/test/auto/Records.xml (RunModel)" time="0.013" />
  <testcase classname="ptolemy.util.test.junit.AutoTests" name="[54] /home/travis/build/icyphy/ptII/ptolemy/domains/de/test/auto/ResetTransitionWithStartTime1.xml (RunModel)" time="0.017" />
  <testcase classname="ptolemy.util.test.junit.AutoTests" name="[55] /home/travis/build/icyphy/ptII/ptolemy/domains/de/test/auto/ResetTransitionWithStartTime2.xml (RunModel)" time="0.018" />
  <testcase classname="ptolemy.util.test.junit.AutoTests" name="[56] /home/travis/build/icyphy/ptII/ptolemy/domains/de/test/auto/ResetTransitionWithStartTime3.xml (RunModel)" time="0.021" />
  <testcase classname="ptolemy.util.test.junit.AutoTests" name="[57] /home/travis/build/icyphy/ptII/ptolemy/domains/de/test/auto/ResetTransitionWithStartTime4.xml (RunModel)" time="0.016" />
  <testcase classname="ptolemy.util.test.junit.AutoTests" name="[58] /home/travis/build/icyphy/ptII/ptolemy/domains/de/test/auto/ResettableTimer1.xml (RunModel)" time="0.008" />
  <testcase classname="ptolemy.util.test.junit.AutoTests" name="[59] /home/travis/build/icyphy/ptII/ptolemy/domains/de/test/auto/ResettableTimer2.xml (RunModel)" time="0.009" />
  <testcase classname="ptolemy.util.test.junit.AutoTests" name="[60] /home/travis/build/icyphy/ptII/ptolemy/domains/de/test/auto/ResettableTimer3.xml (RunModel)" time="0.008" />
  <testcase classname="ptolemy.util.test.junit.AutoTests" name="[61] /home/travis/build/icyphy/ptII/ptolemy/domains/de/test/auto/ResettableTimer4.xml (RunModel)" time="0.008" />
  <testcase classname="ptolemy.util.test.junit.AutoTests" name="[62] /home/travis/build/icyphy/ptII/ptolemy/domains/de/test/auto/ResettableTimer5.xml (RunModel)" time="0.009" />
  <testcase classname="ptolemy.util.test.junit.AutoTests" name="[63] /home/travis/build/icyphy/ptII/ptolemy/domains/de/test/auto/ResettableTimer6.xml (RunModel)" time="0.015" />
  <testcase classname="ptolemy.util.test.junit.AutoTests" name="[64] /home/travis/build/icyphy/ptII/ptolemy/domains/de/test/auto/ServerZeroDelay.xml (RunModel)" time="0.008" />
  <testcase classname="ptolemy.util.test.junit.AutoTests" name="[65] /home/travis/build/icyphy/ptII/ptolemy/domains/de/test/auto/SmartSender.xml (RunModel)" time="3.009" />
  <testcase classname="ptolemy.util.test.junit.AutoTests" name="[66] /home/travis/build/icyphy/ptII/ptolemy/domains/de/test/auto/ThreadedComposite.xml (RunModel)" time="0.139" />
  <testcase classname="ptolemy.util.test.junit.AutoTests" name="[67] /home/travis/build/icyphy/ptII/ptolemy/domains/de/test/auto/Time.xml (RunModel)" time="0.361" />
  <testcase classname="ptolemy.util.test.junit.AutoTests" name="[68] /home/travis/build/icyphy/ptII/ptolemy/domains/de/test/auto/TimeDelayZeroDelay.xml (RunModel)" time="0.017" />
  <testcase classname="ptolemy.util.test.junit.AutoTests" name="[69] /home/travis/build/icyphy/ptII/ptolemy/domains/de/test/auto/TimerZeroDelay.xml (RunModel)" time="0.012" />
  <testcase classname="ptolemy.util.test.junit.AutoTests" name="[70] /home/travis/build/icyphy/ptII/ptolemy/domains/de/test/auto/TimingParadox.xml (RunModel)" time="0.305" />
  <testcase classname="ptolemy.util.test.junit.AutoTests" name="[71] /home/travis/build/icyphy/ptII/ptolemy/domains/de/test/auto/TransferInputs.xml (RunModel)" time="0.019" />
  <testcase classname="ptolemy.util.test.junit.AutoTests" name="[72] /home/travis/build/icyphy/ptII/ptolemy/domains/de/test/auto/TransferOutputs2.xml (RunModel)" time="0.013" />
  <testcase classname="ptolemy.util.test.junit.AutoTests" name="[73] /home/travis/build/icyphy/ptII/ptolemy/domains/de/test/auto/Trilateration.xml (RunModel)" time="9.635" />
  <testcase classname="ptolemy.util.test.junit.AutoTests" name="[74] /home/travis/build/icyphy/ptII/ptolemy/domains/de/test/auto/TwoSigmaDelta.xml (RunModel)" time="1.954" />
  <testcase classname="ptolemy.util.test.junit.AutoTests" name="[75] /home/travis/build/icyphy/ptII/ptolemy/domains/de/test/auto/VariableDelay.xml (RunModel)" time="0.014" />
  <testcase classname="ptolemy.util.test.junit.AutoTests" name="[76] /home/travis/build/icyphy/ptII/ptolemy/domains/de/test/auto/VariableDelay2.xml (RunModel)" time="0.008" />
  <testcase classname="ptolemy.util.test.junit.AutoTests" name="[77] /home/travis/build/icyphy/ptII/ptolemy/domains/de/test/auto/VariableDelayZeroDelay.xml (RunModel)" time="0.015" />
  <testcase classname="ptolemy.util.test.junit.AutoTests" name="[78] /home/travis/build/icyphy/ptII/ptolemy/domains/de/test/auto/VariableDelayZeroDelay2.xml (RunModel)" time="0.014" />
  <testcase classname="ptolemy.util.test.junit.AutoTests" name="[79] /home/travis/build/icyphy/ptII/ptolemy/domains/de/test/auto/deInCt.xml (RunModel)" time="0.031" />
  <testcase classname="ptolemy.util.test.junit.AutoTests" name="[80] /home/travis/build/icyphy/ptII/ptolemy/domains/de/test/auto/deInCt2.xml (RunModel)" time="0.016" />
  <testcase classname="ptolemy.util.test.junit.AutoTests" name="[81] /home/travis/build/icyphy/ptII/ptolemy/domains/de/test/auto/dynamicCausalityInterface1.xml (RunModel)" time="0.018" />
  <testcase classname="ptolemy.util.test.junit.AutoTests" name="[82] /home/travis/build/icyphy/ptII/ptolemy/domains/de/test/auto/fsm_de_test.xml (RunModel)" time="0.023" />
  <testcase classname="ptolemy.util.test.junit.AutoTests" name="[83] /home/travis/build/icyphy/ptII/ptolemy/domains/de/test/auto/functionDependencyReconstruction.xml (RunModel)" time="0.031" />
  <testcase classname="ptolemy.util.test.junit.AutoTests" name="[84] /home/travis/build/icyphy/ptII/ptolemy/domains/de/test/auto/multirate.xml (RunModel)" time="0.018" />
  <testcase classname="ptolemy.util.test.junit.AutoTests" name="[85] /home/travis/build/icyphy/ptII/ptolemy/domains/de/test/auto/multirate2.xml (RunModel)" time="0.014" />
  <testcase classname="ptolemy.util.test.junit.AutoTests" name="[86] /home/travis/build/icyphy/ptII/ptolemy/domains/de/test/auto/realtime.xml (RunModel)" time="10.01" />
  <testcase classname="ptolemy.util.test.junit.AutoTests" name="[87] /home/travis/build/icyphy/ptII/ptolemy/domains/de/test/auto/relationGroup.xml (RunModel)" time="0.009" />
  <testcase classname="ptolemy.util.test.junit.AutoTests" name="[88] /home/travis/build/icyphy/ptII/ptolemy/domains/de/test/auto/relationGroup2.xml (RunModel)" time="0.005" />
  <testcase classname="ptolemy.util.test.junit.AutoTests" name="[89] /home/travis/build/icyphy/ptII/ptolemy/domains/de/test/auto/sortWithOpaquePorts.xml (RunModel)" time="0.007" />
  <testcase classname="ptolemy.util.test.junit.AutoTests" name="[90] /home/travis/build/icyphy/ptII/ptolemy/domains/de/test/auto/transferInputsandOutputs.xml (RunModel)" time="0.015" />
  <testcase classname="ptolemy.util.test.junit.AutoTests" name="[91] /home/travis/build/icyphy/ptII/ptolemy/domains/de/test/auto/triggerType.xml (RunModel)" time="0.009" />
  <system-out><![CDATA[/home/travis/build/icyphy/ptII/ptolemy/domains/de/test/DependencyLoop.tcl
testDefs.tcl: setting time out to 9000 seconds at Wed May 13 14:17:19 UTC 2020
73 ms. Memory: 129024K Free: 78792K (61%)
28 ms. Memory: 129024K Free: 61384K (48%)
/home/travis/build/icyphy/ptII/ptolemy/domains/de/test/RunDETestsAsQSS.tcl
Run the DE tests using ptolemy.domains.qss.test.QSSDirectorTest, which extends QSSDirector and prints a message in the constructors.
------------------ testing $PTII/ptolemy/domains/de/test/auto/knownFailedTests/DirectFeedback.xml (Known Failure) 
58 ms. Memory: 129024K Free: 56264K (44%)


==== $PTIIhome/travis/build/icyphy/ptII/ptolemy/domains/de/test/../../../../: Auto Automatic test in file $PTII/ptolemy/domains/de/test/auto/knownFailedTests/DirectFeedback.xml
==== Contents of test case:

	    # FIXME: we should use $relativeFilename here, but it
	    # might have backslashes under Windows, which causes no end
	    # of trouble.
	    createAndExecute $file
	    list {}
	
.... Test generated KNOWN error:
    while executing
ptolemy.kernel.util.IllegalActionException: Test fails in iteration 1.
Value was: 1.0. Should have been: 2.0
  in .DirectFeedback.Test
	at ptolemy.actor.lib.Test.fire(Test.java:268)
	at ptolemy.domains.de.kernel.DEDirector._fire(DEDirector.java:1949)
	at ptolemy.domains.de.kernel.DEDirector.fire(DEDirector.java:502)
	at ptolemy.actor.CompositeActor.fire(CompositeActor.java:455)
	at ptolemy.actor.Manager.iterate(Manager.java:851)
	at ptolemy.actor.Manager.execute(Manager.java:369)
	at ptolemy.actor.Manager.run(Manager.java:1263)
	at ptolemy.actor.Manager$PtolemyRunThread.run(Manager.java:1933)

    while executing
ptolemy.kernel.util.IllegalActionException: Test fails in iteration 1.
Value was: 1.0. Should have been: 2.0
  in .DirectFeedback.Test
    while executing
"java::new ptolemy.moml.MoMLSimpleApplication $file
"
    (procedure "createAndExecute" line 2)
    invoked from within
"createAndExecute $file"
    ("uplevel" body line 5)
    invoked from within
"uplevel $contents_of_test"
------------------ testing $PTII/ptolemy/domains/de/test/auto/knownFailedTests/dependencyLoop.xml (Known Failure) 
14 ms. Memory: 129024K Free: 53192K (41%)


==== $PTIIhome/travis/build/icyphy/ptII/ptolemy/domains/de/test/../../../../: Auto Automatic test in file $PTII/ptolemy/domains/de/test/auto/knownFailedTests/dependencyLoop.xml
==== Contents of test case:

	    # FIXME: we should use $relativeFilename here, but it
	    # might have backslashes under Windows, which causes no end
	    # of trouble.
	    createAndExecute $file
	    list {}
	
.... Test generated KNOWN error:
    while executing
ptolemy.kernel.util.IllegalActionException: Found a zero delay loop containing .dependencyLoop.original
  in .dependencyLoop and .dependencyLoop.original
	at ptolemy.actor.util.CausalityInterfaceForComposites._computeOutputPortDepth(CausalityInterfaceForComposites.java:759)
	at ptolemy.actor.util.CausalityInterfaceForComposites._computeInputDepth(CausalityInterfaceForComposites.java:696)
	at ptolemy.actor.util.CausalityInterfaceForComposites._computeOutputPortDepth(CausalityInterfaceForComposites.java:765)
	at ptolemy.actor.util.CausalityInterfaceForComposites._computeInputDepth(CausalityInterfaceForComposites.java:696)
	at ptolemy.actor.util.CausalityInterfaceForComposites._computeOutputPortDepth(CausalityInterfaceForComposites.java:765)
	at ptolemy.actor.util.CausalityInterfaceForComposites._computeInputDepth(CausalityInterfaceForComposites.java:696)
	at ptolemy.actor.util.CausalityInterfaceForComposites._computeActorDepth(CausalityInterfaceForComposites.java:532)
	at ptolemy.actor.util.CausalityInterfaceForComposites.checkForCycles(CausalityInterfaceForComposites.java:96)
	at ptolemy.domains.de.kernel.DEDirector.preinitialize(DEDirector.java:1338)
	at ptolemy.actor.CompositeActor.preinitialize(CompositeActor.java:1828)
	at ptolemy.actor.Manager.preinitializeAndResolveTypes(Manager.java:1040)
	at ptolemy.actor.Manager.initialize(Manager.java:710)
	at ptolemy.actor.Manager.execute(Manager.java:356)
	at ptolemy.actor.Manager.run(Manager.java:1263)
	at ptolemy.actor.Manager$PtolemyRunThread.run(Manager.java:1933)

    while executing
ptolemy.kernel.util.IllegalActionException: Found a zero delay loop containing .dependencyLoop.original
  in .dependencyLoop and .dependencyLoop.original
    while executing
"java::new ptolemy.moml.MoMLSimpleApplication $file
"
    (procedure "createAndExecute" line 2)
    invoked from within
"createAndExecute $file"
    ("uplevel" body line 5)
    invoked from within
"uplevel $contents_of_test"
------------------ testing $PTII/ptolemy/domains/de/test/auto/knownFailedTests/FSMSource.xml (Known Failure) 
66 ms. Memory: 129024K Free: 111550K (86%)
!!!! Auto was marked as failing, but now passes
------------------ testing $PTII/ptolemy/domains/de/test/auto/knownFailedTests/HierarchicalModel.xml (Known Failure) 
5 ms. Memory: 129024K Free: 94609K (73%)


==== $PTIIhome/travis/build/icyphy/ptII/ptolemy/domains/de/test/../../../../: Auto Automatic test in file $PTII/ptolemy/domains/de/test/auto/knownFailedTests/HierarchicalModel.xml
==== Contents of test case:

	    # FIXME: we should use $relativeFilename here, but it
	    # might have backslashes under Windows, which causes no end
	    # of trouble.
	    createAndExecute $file
	    list {}
	
.... Test generated KNOWN error:
    while executing
ptolemy.kernel.util.IllegalActionException: Found a zero delay loop containing .HierarchicalModel.A
  in .HierarchicalModel and .HierarchicalModel.A
	at ptolemy.actor.util.CausalityInterfaceForComposites._computeOutputPortDepth(CausalityInterfaceForComposites.java:759)
	at ptolemy.actor.util.CausalityInterfaceForComposites._computeInputDepth(CausalityInterfaceForComposites.java:696)
	at ptolemy.actor.util.CausalityInterfaceForComposites._computeOutputPortDepth(CausalityInterfaceForComposites.java:765)
	at ptolemy.actor.util.CausalityInterfaceForComposites._computeInputDepth(CausalityInterfaceForComposites.java:696)
	at ptolemy.actor.util.CausalityInterfaceForComposites._computeOutputPortDepth(CausalityInterfaceForComposites.java:765)
	at ptolemy.actor.util.CausalityInterfaceForComposites._computeInputDepth(CausalityInterfaceForComposites.java:696)
	at ptolemy.actor.util.CausalityInterfaceForComposites._computeActorDepth(CausalityInterfaceForComposites.java:532)
	at ptolemy.actor.util.CausalityInterfaceForComposites.checkForCycles(CausalityInterfaceForComposites.java:96)
	at ptolemy.domains.de.kernel.DEDirector.preinitialize(DEDirector.java:1338)
	at ptolemy.actor.CompositeActor.preinitialize(CompositeActor.java:1828)
	at ptolemy.actor.Manager.preinitializeAndResolveTypes(Manager.java:1040)
	at ptolemy.actor.Manager.initialize(Manager.java:710)
	at ptolemy.actor.Manager.execute(Manager.java:356)
	at ptolemy.actor.Manager.run(Manager.java:1263)
	at ptolemy.actor.Manager$PtolemyRunThread.run(Manager.java:1933)

    while executing
ptolemy.kernel.util.IllegalActionException: Found a zero delay loop containing .HierarchicalModel.A
  in .HierarchicalModel and .HierarchicalModel.A
    while executing
"java::new ptolemy.moml.MoMLSimpleApplication $file
"
    (procedure "createAndExecute" line 2)
    invoked from within
"createAndExecute $file"
    ("uplevel" body line 5)
    invoked from within
"uplevel $contents_of_test"
------------------ testing $PTII/ptolemy/domains/de/test/auto/knownFailedTests/dependencyLoop2.xml (Known Failure) 
11 ms. Memory: 129024K Free: 78177K (61%)


==== $PTIIhome/travis/build/icyphy/ptII/ptolemy/domains/de/test/../../../../: Auto Automatic test in file $PTII/ptolemy/domains/de/test/auto/knownFailedTests/dependencyLoop2.xml
==== Contents of test case:

	    # FIXME: we should use $relativeFilename here, but it
	    # might have backslashes under Windows, which causes no end
	    # of trouble.
	    createAndExecute $file
	    list {}
	
.... Test generated KNOWN error:
    while executing
ptolemy.kernel.util.IllegalActionException: Found a zero delay loop containing .dependencyLoop2.original
  in .dependencyLoop2 and .dependencyLoop2.original
	at ptolemy.actor.util.CausalityInterfaceForComposites._computeOutputPortDepth(CausalityInterfaceForComposites.java:759)
	at ptolemy.actor.util.CausalityInterfaceForComposites._computeInputDepth(CausalityInterfaceForComposites.java:696)
	at ptolemy.actor.util.CausalityInterfaceForComposites._computeOutputPortDepth(CausalityInterfaceForComposites.java:765)
	at ptolemy.actor.util.CausalityInterfaceForComposites._computeInputDepth(CausalityInterfaceForComposites.java:696)
	at ptolemy.actor.util.CausalityInterfaceForComposites._computeOutputPortDepth(CausalityInterfaceForComposites.java:765)
	at ptolemy.actor.util.CausalityInterfaceForComposites._computeInputDepth(CausalityInterfaceForComposites.java:696)
	at ptolemy.actor.util.CausalityInterfaceForComposites._computeActorDepth(CausalityInterfaceForComposites.java:532)
	at ptolemy.actor.util.CausalityInterfaceForComposites.checkForCycles(CausalityInterfaceForComposites.java:96)
	at ptolemy.domains.de.kernel.DEDirector.preinitialize(DEDirector.java:1338)
	at ptolemy.actor.CompositeActor.preinitialize(CompositeActor.java:1828)
	at ptolemy.actor.Manager.preinitializeAndResolveTypes(Manager.java:1040)
	at ptolemy.actor.Manager.initialize(Manager.java:710)
	at ptolemy.actor.Manager.execute(Manager.java:356)
	at ptolemy.actor.Manager.run(Manager.java:1263)
	at ptolemy.actor.Manager$PtolemyRunThread.run(Manager.java:1933)

    while executing
ptolemy.kernel.util.IllegalActionException: Found a zero delay loop containing .dependencyLoop2.original
  in .dependencyLoop2 and .dependencyLoop2.original
    while executing
"java::new ptolemy.moml.MoMLSimpleApplication $file
"
    (procedure "createAndExecute" line 2)
    invoked from within
"createAndExecute $file"
    ("uplevel" body line 5)
    invoked from within
"uplevel $contents_of_test"
------------------ testing $PTII/ptolemy/domains/de/test/auto/knownFailedTests/DESDFClockTest.xml (Known Failure) 
2055 ms. Memory: 129024K Free: 109162K (85%)


==== $PTIIhome/travis/build/icyphy/ptII/ptolemy/domains/de/test/../../../../: Auto Automatic test in file $PTII/ptolemy/domains/de/test/auto/knownFailedTests/DESDFClockTest.xml
==== Contents of test case:

	    # FIXME: we should use $relativeFilename here, but it
	    # might have backslashes under Windows, which causes no end
	    # of trouble.
	    createAndExecute $file
	    list {}
	
.... Test generated KNOWN error:
    while executing
ptolemy.kernel.util.IllegalActionException: Actor is not ready to fire.  Perhaps UpSample.prefire() returned false? Try debugging the actor by selecting "Listen to Actor".  Also, for SDF check moml for tokenConsumptionRate on input.
  in .DESDFClockTest.Play Bell.Copy1:SDF Director and .DESDFClockTest.Play Bell.UpSample
	at ptolemy.actor.sched.StaticSchedulingDirector.fire(StaticSchedulingDirector.java:227)
	at ptolemy.domains.sdf.kernel.SDFDirector.fire(SDFDirector.java:500)
	at ptolemy.actor.CompositeActor.fire(CompositeActor.java:455)
	at ptolemy.domains.de.kernel.DEDirector._fire(DEDirector.java:1949)
	at ptolemy.domains.de.kernel.DEDirector.fire(DEDirector.java:502)
	at ptolemy.actor.CompositeActor.fire(CompositeActor.java:455)
	at ptolemy.actor.Manager.iterate(Manager.java:851)
	at ptolemy.actor.Manager.execute(Manager.java:369)
	at ptolemy.actor.Manager.run(Manager.java:1263)
	at ptolemy.actor.Manager$PtolemyRunThread.run(Manager.java:1933)

    while executing
ptolemy.kernel.util.IllegalActionException: Actor is not ready to fire.  Perhaps UpSample.prefire() returned false? Try debugging the actor by selecting "Listen to Actor".  Also, for SDF check moml for tokenConsumptionRate on input.
  in .DESDFClockTest.Play Bell.Copy1:SDF Director and .DESDFClockTest.Play Bell.UpSample
    while executing
"java::new ptolemy.moml.MoMLSimpleApplication $file
"
    (procedure "createAndExecute" line 2)
    invoked from within
"createAndExecute $file"
    ("uplevel" body line 5)
    invoked from within
"uplevel $contents_of_test"
------------------ testing $PTII/ptolemy/domains/de/test/auto/ActorDepthCalculation_actorWithoutPorts.xml
auto.tcl: Setting watchdog for 200 seconds at Wed May 13 14:17:22 UTC 2020
4 ms. Memory: 129024K Free: 101466K (79%)
ptolemy.util.test.WatchDog.cancel(): canceling Wed May 13 14:17:23 UTC 2020
auto.tcl: Setting watchdog for 200 seconds at Wed May 13 14:17:23 UTC 2020
5 ms. Memory: 129024K Free: 99946K (77%)
ptolemy.util.test.WatchDog.cancel(): canceling Wed May 13 14:17:23 UTC 2020
------------------ testing $PTII/ptolemy/domains/de/test/auto/AssemblyLine.xml
auto.tcl: Setting watchdog for 200 seconds at Wed May 13 14:17:23 UTC 2020
11 ms. Memory: 51200K Free: 27480K (54%)
ptolemy.util.test.WatchDog.cancel(): canceling Wed May 13 14:17:23 UTC 2020
auto.tcl: Setting watchdog for 200 seconds at Wed May 13 14:17:23 UTC 2020
12 ms. Memory: 51200K Free: 26996K (53%)
ptolemy.util.test.WatchDog.cancel(): canceling Wed May 13 14:17:23 UTC 2020
------------------ testing $PTII/ptolemy/domains/de/test/auto/CQBug1.xml
auto.tcl: Setting watchdog for 200 seconds at Wed May 13 14:17:23 UTC 2020
9 ms. Memory: 51200K Free: 33498K (65%)
ptolemy.util.test.WatchDog.cancel(): canceling Wed May 13 14:17:23 UTC 2020
auto.tcl: Setting watchdog for 200 seconds at Wed May 13 14:17:23 UTC 2020
2 ms. Memory: 51200K Free: 33047K (65%)
ptolemy.util.test.WatchDog.cancel(): canceling Wed May 13 14:17:23 UTC 2020
------------------ testing $PTII/ptolemy/domains/de/test/auto/CancelFireAt.xml
auto.tcl: Setting watchdog for 200 seconds at Wed May 13 14:17:23 UTC 2020
3 ms. Memory: 48128K Free: 31431K (65%)
ptolemy.util.test.WatchDog.cancel(): canceling Wed May 13 14:17:23 UTC 2020
auto.tcl: Setting watchdog for 200 seconds at Wed May 13 14:17:23 UTC 2020
3 ms. Memory: 48128K Free: 30974K (64%)
ptolemy.util.test.WatchDog.cancel(): canceling Wed May 13 14:17:23 UTC 2020
------------------ testing $PTII/ptolemy/domains/de/test/auto/CausalityAndComposabilityAnalysis.xml
auto.tcl: Setting watchdog for 200 seconds at Wed May 13 14:17:23 UTC 2020
14 ms. Memory: 48128K Free: 29374K (61%)
ptolemy.util.test.WatchDog.cancel(): canceling Wed May 13 14:17:23 UTC 2020
auto.tcl: Setting watchdog for 200 seconds at Wed May 13 14:17:23 UTC 2020
8 ms. Memory: 48128K Free: 28925K (60%)
ptolemy.util.test.WatchDog.cancel(): canceling Wed May 13 14:17:23 UTC 2020
------------------ testing $PTII/ptolemy/domains/de/test/auto/CausalityInterface1.xml
auto.tcl: Setting watchdog for 200 seconds at Wed May 13 14:17:23 UTC 2020
32 ms. Memory: 48128K Free: 28327K (59%)
ptolemy.util.test.WatchDog.cancel(): canceling Wed May 13 14:17:23 UTC 2020
auto.tcl: Setting watchdog for 200 seconds at Wed May 13 14:17:23 UTC 2020
5 ms. Memory: 48128K Free: 27362K (57%)
ptolemy.util.test.WatchDog.cancel(): canceling Wed May 13 14:17:23 UTC 2020
------------------ testing $PTII/ptolemy/domains/de/test/auto/CausalityInterface15.xml
auto.tcl: Setting watchdog for 200 seconds at Wed May 13 14:17:23 UTC 2020
13 ms. Memory: 48128K Free: 28519K (59%)
ptolemy.util.test.WatchDog.cancel(): canceling Wed May 13 14:17:24 UTC 2020
auto.tcl: Setting watchdog for 200 seconds at Wed May 13 14:17:24 UTC 2020
5 ms. Memory: 48128K Free: 27330K (57%)
ptolemy.util.test.WatchDog.cancel(): canceling Wed May 13 14:17:24 UTC 2020
------------------ testing $PTII/ptolemy/domains/de/test/auto/CausalityInterface2.xml
auto.tcl: Setting watchdog for 200 seconds at Wed May 13 14:17:24 UTC 2020
5 ms. Memory: 48128K Free: 29229K (61%)
ptolemy.util.test.WatchDog.cancel(): canceling Wed May 13 14:17:24 UTC 2020
auto.tcl: Setting watchdog for 200 seconds at Wed May 13 14:17:24 UTC 2020
4 ms. Memory: 48128K Free: 28302K (59%)
ptolemy.util.test.WatchDog.cancel(): canceling Wed May 13 14:17:24 UTC 2020
------------------ testing $PTII/ptolemy/domains/de/test/auto/CausalityInterface3.xml
auto.tcl: Setting watchdog for 200 seconds at Wed May 13 14:17:24 UTC 2020
4 ms. Memory: 48128K Free: 28530K (59%)
ptolemy.util.test.WatchDog.cancel(): canceling Wed May 13 14:17:24 UTC 2020
auto.tcl: Setting watchdog for 200 seconds at Wed May 13 14:17:24 UTC 2020
3 ms. Memory: 48128K Free: 27744K (58%)
ptolemy.util.test.WatchDog.cancel(): canceling Wed May 13 14:17:24 UTC 2020
------------------ testing $PTII/ptolemy/domains/de/test/auto/ClockDrift.xml
auto.tcl: Setting watchdog for 200 seconds at Wed May 13 14:17:24 UTC 2020
57 ms. Memory: 48128K Free: 21114K (44%)
ptolemy.util.test.WatchDog.cancel(): canceling Wed May 13 14:17:24 UTC 2020
auto.tcl: Setting watchdog for 200 seconds at Wed May 13 14:17:24 UTC 2020
44 ms. Memory: 48128K Free: 17684K (37%)
ptolemy.util.test.WatchDog.cancel(): canceling Wed May 13 14:17:24 UTC 2020
------------------ testing $PTII/ptolemy/domains/de/test/auto/ClockDriftAndValueChange.xml
auto.tcl: Setting watchdog for 200 seconds at Wed May 13 14:17:24 UTC 2020
47 ms. Memory: 48128K Free: 21554K (45%)
ptolemy.util.test.WatchDog.cancel(): canceling Wed May 13 14:17:24 UTC 2020
auto.tcl: Setting watchdog for 200 seconds at Wed May 13 14:17:24 UTC 2020
20 ms. Memory: 48128K Free: 18361K (38%)
ptolemy.util.test.WatchDog.cancel(): canceling Wed May 13 14:17:24 UTC 2020
------------------ testing $PTII/ptolemy/domains/de/test/auto/ClockDriftChange.xml
auto.tcl: Setting watchdog for 200 seconds at Wed May 13 14:17:24 UTC 2020
24 ms. Memory: 48128K Free: 23255K (48%)
ptolemy.util.test.WatchDog.cancel(): canceling Wed May 13 14:17:24 UTC 2020
auto.tcl: Setting watchdog for 200 seconds at Wed May 13 14:17:24 UTC 2020
28 ms. Memory: 48128K Free: 20698K (43%)
ptolemy.util.test.WatchDog.cancel(): canceling Wed May 13 14:17:24 UTC 2020
------------------ testing $PTII/ptolemy/domains/de/test/auto/ComposableCausalityAnalysis.xml
auto.tcl: Setting watchdog for 200 seconds at Wed May 13 14:17:24 UTC 2020
2 ms. Memory: 48128K Free: 27798K (58%)
ptolemy.util.test.WatchDog.cancel(): canceling Wed May 13 14:17:24 UTC 2020
auto.tcl: Setting watchdog for 200 seconds at Wed May 13 14:17:24 UTC 2020
5 ms. Memory: 48128K Free: 26811K (56%)
ptolemy.util.test.WatchDog.cancel(): canceling Wed May 13 14:17:24 UTC 2020
------------------ testing $PTII/ptolemy/domains/de/test/auto/DEFixedPointLimitation.xml
auto.tcl: Setting watchdog for 200 seconds at Wed May 13 14:17:24 UTC 2020
5 ms. Memory: 48128K Free: 29223K (61%)
ptolemy.util.test.WatchDog.cancel(): canceling Wed May 13 14:17:24 UTC 2020
auto.tcl: Setting watchdog for 200 seconds at Wed May 13 14:17:24 UTC 2020
1 ms. Memory: 48128K Free: 28307K (59%)
ptolemy.util.test.WatchDog.cancel(): canceling Wed May 13 14:17:24 UTC 2020
------------------ testing $PTII/ptolemy/domains/de/test/auto/DEScheduleTest.xml
auto.tcl: Setting watchdog for 200 seconds at Wed May 13 14:17:24 UTC 2020
14 ms. Memory: 48128K Free: 29501K (61%)
ptolemy.util.test.WatchDog.cancel(): canceling Wed May 13 14:17:24 UTC 2020
auto.tcl: Setting watchdog for 200 seconds at Wed May 13 14:17:24 UTC 2020
2 ms. Memory: 48128K Free: 28753K (60%)
ptolemy.util.test.WatchDog.cancel(): canceling Wed May 13 14:17:24 UTC 2020
------------------ testing $PTII/ptolemy/domains/de/test/auto/DEinDEwithStartTimes.xml
auto.tcl: Setting watchdog for 200 seconds at Wed May 13 14:17:24 UTC 2020
6 ms. Memory: 48128K Free: 27690K (58%)
ptolemy.util.test.WatchDog.cancel(): canceling Wed May 13 14:17:24 UTC 2020
auto.tcl: Setting watchdog for 200 seconds at Wed May 13 14:17:24 UTC 2020
4 ms. Memory: 48128K Free: 26651K (55%)
ptolemy.util.test.WatchDog.cancel(): canceling Wed May 13 14:17:24 UTC 2020
------------------ testing $PTII/ptolemy/domains/de/test/auto/DEinDEwithStartTimes2.xml
auto.tcl: Setting watchdog for 200 seconds at Wed May 13 14:17:24 UTC 2020
6 ms. Memory: 48128K Free: 26900K (56%)
ptolemy.util.test.WatchDog.cancel(): canceling Wed May 13 14:17:25 UTC 2020
auto.tcl: Setting watchdog for 200 seconds at Wed May 13 14:17:25 UTC 2020
4 ms. Memory: 48128K Free: 25606K (53%)
ptolemy.util.test.WatchDog.cancel(): canceling Wed May 13 14:17:25 UTC 2020
------------------ testing $PTII/ptolemy/domains/de/test/auto/DateDemo.xml
auto.tcl: Setting watchdog for 200 seconds at Wed May 13 14:17:25 UTC 2020
12 ms. Memory: 48128K Free: 21248K (44%)
ptolemy.util.test.WatchDog.cancel(): canceling Wed May 13 14:17:25 UTC 2020
auto.tcl: Setting watchdog for 200 seconds at Wed May 13 14:17:25 UTC 2020
7 ms. Memory: 48128K Free: 19649K (41%)
ptolemy.util.test.WatchDog.cancel(): canceling Wed May 13 14:17:25 UTC 2020
------------------ testing $PTII/ptolemy/domains/de/test/auto/DateToEvent.xml
auto.tcl: Setting watchdog for 200 seconds at Wed May 13 14:17:25 UTC 2020
2012 ms. Memory: 48128K Free: 16942K (35%)
ptolemy.util.test.WatchDog.cancel(): canceling Wed May 13 14:17:27 UTC 2020
auto.tcl: Setting watchdog for 200 seconds at Wed May 13 14:17:27 UTC 2020
2005 ms. Memory: 48128K Free: 16199K (34%)
ptolemy.util.test.WatchDog.cancel(): canceling Wed May 13 14:17:29 UTC 2020
------------------ testing $PTII/ptolemy/domains/de/test/auto/DepthTest1.xml
auto.tcl: Setting watchdog for 200 seconds at Wed May 13 14:17:29 UTC 2020
2 ms. Memory: 48128K Free: 30317K (63%)
ptolemy.util.test.WatchDog.cancel(): canceling Wed May 13 14:17:29 UTC 2020
auto.tcl: Setting watchdog for 200 seconds at Wed May 13 14:17:29 UTC 2020
2 ms. Memory: 48128K Free: 29936K (62%)
ptolemy.util.test.WatchDog.cancel(): canceling Wed May 13 14:17:29 UTC 2020
------------------ testing $PTII/ptolemy/domains/de/test/auto/DepthTest2.xml
auto.tcl: Setting watchdog for 200 seconds at Wed May 13 14:17:29 UTC 2020
3 ms. Memory: 48128K Free: 27196K (57%)
ptolemy.util.test.WatchDog.cancel(): canceling Wed May 13 14:17:29 UTC 2020
auto.tcl: Setting watchdog for 200 seconds at Wed May 13 14:17:29 UTC 2020
2 ms. Memory: 48128K Free: 26784K (56%)
ptolemy.util.test.WatchDog.cancel(): canceling Wed May 13 14:17:29 UTC 2020
------------------ testing $PTII/ptolemy/domains/de/test/auto/DepthTest3.xml
auto.tcl: Setting watchdog for 200 seconds at Wed May 13 14:17:29 UTC 2020
2 ms. Memory: 48128K Free: 30645K (64%)
ptolemy.util.test.WatchDog.cancel(): canceling Wed May 13 14:17:29 UTC 2020
auto.tcl: Setting watchdog for 200 seconds at Wed May 13 14:17:29 UTC 2020
1 ms. Memory: 48128K Free: 30248K (63%)
ptolemy.util.test.WatchDog.cancel(): canceling Wed May 13 14:17:29 UTC 2020
------------------ testing $PTII/ptolemy/domains/de/test/auto/DepthTest4.xml
auto.tcl: Setting watchdog for 200 seconds at Wed May 13 14:17:29 UTC 2020
6 ms. Memory: 48128K Free: 28996K (60%)
ptolemy.util.test.WatchDog.cancel(): canceling Wed May 13 14:17:29 UTC 2020
auto.tcl: Setting watchdog for 200 seconds at Wed May 13 14:17:29 UTC 2020
3 ms. Memory: 48128K Free: 28252K (59%)
ptolemy.util.test.WatchDog.cancel(): canceling Wed May 13 14:17:29 UTC 2020
------------------ testing $PTII/ptolemy/domains/de/test/auto/DepthTest5.xml
auto.tcl: Setting watchdog for 200 seconds at Wed May 13 14:17:29 UTC 2020
3 ms. Memory: 48128K Free: 28108K (58%)
ptolemy.util.test.WatchDog.cancel(): canceling Wed May 13 14:17:29 UTC 2020
auto.tcl: Setting watchdog for 200 seconds at Wed May 13 14:17:29 UTC 2020
3 ms. Memory: 48128K Free: 27729K (58%)
ptolemy.util.test.WatchDog.cancel(): canceling Wed May 13 14:17:29 UTC 2020
------------------ testing $PTII/ptolemy/domains/de/test/auto/DepthTest6.xml
auto.tcl: Setting watchdog for 200 seconds at Wed May 13 14:17:29 UTC 2020
6 ms. Memory: 48128K Free: 28127K (58%)
ptolemy.util.test.WatchDog.cancel(): canceling Wed May 13 14:17:29 UTC 2020
auto.tcl: Setting watchdog for 200 seconds at Wed May 13 14:17:29 UTC 2020
3 ms. Memory: 48128K Free: 27699K (58%)
ptolemy.util.test.WatchDog.cancel(): canceling Wed May 13 14:17:29 UTC 2020
------------------ testing $PTII/ptolemy/domains/de/test/auto/DepthTest7.xml
auto.tcl: Setting watchdog for 200 seconds at Wed May 13 14:17:29 UTC 2020
5 ms. Memory: 48128K Free: 28927K (60%)
ptolemy.util.test.WatchDog.cancel(): canceling Wed May 13 14:17:29 UTC 2020
auto.tcl: Setting watchdog for 200 seconds at Wed May 13 14:17:29 UTC 2020
2 ms. Memory: 48128K Free: 28186K (59%)
ptolemy.util.test.WatchDog.cancel(): canceling Wed May 13 14:17:29 UTC 2020
------------------ testing $PTII/ptolemy/domains/de/test/auto/EventToDate.xml
auto.tcl: Setting watchdog for 200 seconds at Wed May 13 14:17:29 UTC 2020
3011 ms. Memory: 48128K Free: 19733K (41%)
ptolemy.util.test.WatchDog.cancel(): canceling Wed May 13 14:17:32 UTC 2020
auto.tcl: Setting watchdog for 200 seconds at Wed May 13 14:17:32 UTC 2020
3004 ms. Memory: 48128K Free: 19029K (40%)
ptolemy.util.test.WatchDog.cancel(): canceling Wed May 13 14:17:35 UTC 2020
------------------ testing $PTII/ptolemy/domains/de/test/auto/FSM1.xml
auto.tcl: Setting watchdog for 200 seconds at Wed May 13 14:17:35 UTC 2020
34 ms. Memory: 48128K Free: 20922K (43%)
ptolemy.util.test.WatchDog.cancel(): canceling Wed May 13 14:17:35 UTC 2020
auto.tcl: Setting watchdog for 200 seconds at Wed May 13 14:17:35 UTC 2020
20 ms. Memory: 48128K Free: 17688K (37%)
ptolemy.util.test.WatchDog.cancel(): canceling Wed May 13 14:17:35 UTC 2020
------------------ testing $PTII/ptolemy/domains/de/test/auto/FSM7.xml
auto.tcl: Setting watchdog for 200 seconds at Wed May 13 14:17:35 UTC 2020
16 ms. Memory: 48128K Free: 20626K (43%)
ptolemy.util.test.WatchDog.cancel(): canceling Wed May 13 14:17:36 UTC 2020
auto.tcl: Setting watchdog for 200 seconds at Wed May 13 14:17:36 UTC 2020
16 ms. Memory: 48128K Free: 17487K (36%)
ptolemy.util.test.WatchDog.cancel(): canceling Wed May 13 14:17:36 UTC 2020
------------------ testing $PTII/ptolemy/domains/de/test/auto/Inspection.xml
auto.tcl: Setting watchdog for 200 seconds at Wed May 13 14:17:36 UTC 2020
26 ms. Memory: 48128K Free: 20631K (43%)
ptolemy.util.test.WatchDog.cancel(): canceling Wed May 13 14:17:36 UTC 2020
auto.tcl: Setting watchdog for 200 seconds at Wed May 13 14:17:36 UTC 2020
25 ms. Memory: 48128K Free: 18909K (39%)
ptolemy.util.test.WatchDog.cancel(): canceling Wed May 13 14:17:36 UTC 2020
------------------ testing $PTII/ptolemy/domains/de/test/auto/Iteration.xml
auto.tcl: Setting watchdog for 200 seconds at Wed May 13 14:17:36 UTC 2020
7 ms. Memory: 48128K Free: 26416K (55%)
ptolemy.util.test.WatchDog.cancel(): canceling Wed May 13 14:17:36 UTC 2020
auto.tcl: Setting watchdog for 200 seconds at Wed May 13 14:17:36 UTC 2020
6 ms. Memory: 48128K Free: 25350K (53%)
ptolemy.util.test.WatchDog.cancel(): canceling Wed May 13 14:17:36 UTC 2020
------------------ testing $PTII/ptolemy/domains/de/test/auto/LineFault.xml
auto.tcl: Setting watchdog for 200 seconds at Wed May 13 14:17:36 UTC 2020
750 ms. Memory: 58368K Free: 29375K (50%)
ptolemy.util.test.WatchDog.cancel(): canceling Wed May 13 14:17:37 UTC 2020
auto.tcl: Setting watchdog for 200 seconds at Wed May 13 14:17:37 UTC 2020
463 ms. Memory: 58368K Free: 22789K (39%)
ptolemy.util.test.WatchDog.cancel(): canceling Wed May 13 14:17:37 UTC 2020
------------------ testing $PTII/ptolemy/domains/de/test/auto/MergeModel1Add.xml
auto.tcl: Setting watchdog for 200 seconds at Wed May 13 14:17:37 UTC 2020
18 ms. Memory: 55296K Free: 19525K (35%)
ptolemy.util.test.WatchDog.cancel(): canceling Wed May 13 14:17:37 UTC 2020
auto.tcl: Setting watchdog for 200 seconds at Wed May 13 14:17:37 UTC 2020
16 ms. Memory: 55296K Free: 17858K (32%)
ptolemy.util.test.WatchDog.cancel(): canceling Wed May 13 14:17:37 UTC 2020
------------------ testing $PTII/ptolemy/domains/de/test/auto/MergeModel2Add.xml
auto.tcl: Setting watchdog for 200 seconds at Wed May 13 14:17:37 UTC 2020
8 ms. Memory: 55296K Free: 21574K (39%)
ptolemy.util.test.WatchDog.cancel(): canceling Wed May 13 14:17:38 UTC 2020
auto.tcl: Setting watchdog for 200 seconds at Wed May 13 14:17:38 UTC 2020
7 ms. Memory: 55296K Free: 20054K (36%)
ptolemy.util.test.WatchDog.cancel(): canceling Wed May 13 14:17:38 UTC 2020
------------------ testing $PTII/ptolemy/domains/de/test/auto/MergeModel3Add.xml
auto.tcl: Setting watchdog for 200 seconds at Wed May 13 14:17:38 UTC 2020
7 ms. Memory: 55296K Free: 21559K (39%)
ptolemy.util.test.WatchDog.cancel(): canceling Wed May 13 14:17:38 UTC 2020
auto.tcl: Setting watchdog for 200 seconds at Wed May 13 14:17:38 UTC 2020
5 ms. Memory: 55296K Free: 20155K (36%)
ptolemy.util.test.WatchDog.cancel(): canceling Wed May 13 14:17:38 UTC 2020
------------------ testing $PTII/ptolemy/domains/de/test/auto/MergeWithoutDiscard.xml
auto.tcl: Setting watchdog for 200 seconds at Wed May 13 14:17:38 UTC 2020
1 ms. Memory: 55296K Free: 36462K (66%)
ptolemy.util.test.WatchDog.cancel(): canceling Wed May 13 14:17:38 UTC 2020
auto.tcl: Setting watchdog for 200 seconds at Wed May 13 14:17:38 UTC 2020
1 ms. Memory: 55296K Free: 35538K (64%)
ptolemy.util.test.WatchDog.cancel(): canceling Wed May 13 14:17:38 UTC 2020
------------------ testing $PTII/ptolemy/domains/de/test/auto/Modal1.xml
auto.tcl: Setting watchdog for 200 seconds at Wed May 13 14:17:38 UTC 2020
11 ms. Memory: 51200K Free: 24467K (48%)
ptolemy.util.test.WatchDog.cancel(): canceling Wed May 13 14:17:38 UTC 2020
auto.tcl: Setting watchdog for 200 seconds at Wed May 13 14:17:38 UTC 2020
18 ms. Memory: 51200K Free: 20958K (41%)
ptolemy.util.test.WatchDog.cancel(): canceling Wed May 13 14:17:38 UTC 2020
------------------ testing $PTII/ptolemy/domains/de/test/auto/Modal2.xml
auto.tcl: Setting watchdog for 200 seconds at Wed May 13 14:17:38 UTC 2020
20 ms. Memory: 51200K Free: 24344K (48%)
ptolemy.util.test.WatchDog.cancel(): canceling Wed May 13 14:17:38 UTC 2020
auto.tcl: Setting watchdog for 200 seconds at Wed May 13 14:17:38 UTC 2020
18 ms. Memory: 51200K Free: 20859K (41%)
ptolemy.util.test.WatchDog.cancel(): canceling Wed May 13 14:17:38 UTC 2020
------------------ testing $PTII/ptolemy/domains/de/test/auto/Modal3.xml
auto.tcl: Setting watchdog for 200 seconds at Wed May 13 14:17:38 UTC 2020
14 ms. Memory: 51200K Free: 24081K (47%)
ptolemy.util.test.WatchDog.cancel(): canceling Wed May 13 14:17:38 UTC 2020
auto.tcl: Setting watchdog for 200 seconds at Wed May 13 14:17:38 UTC 2020
14 ms. Memory: 51200K Free: 20842K (41%)
ptolemy.util.test.WatchDog.cancel(): canceling Wed May 13 14:17:38 UTC 2020
------------------ testing $PTII/ptolemy/domains/de/test/auto/Modal4.xml
auto.tcl: Setting watchdog for 200 seconds at Wed May 13 14:17:38 UTC 2020
12 ms. Memory: 51200K Free: 23067K (45%)
ptolemy.util.test.WatchDog.cancel(): canceling Wed May 13 14:17:38 UTC 2020
auto.tcl: Setting watchdog for 200 seconds at Wed May 13 14:17:38 UTC 2020
13 ms. Memory: 51200K Free: 19219K (38%)
ptolemy.util.test.WatchDog.cancel(): canceling Wed May 13 14:17:38 UTC 2020
------------------ testing $PTII/ptolemy/domains/de/test/auto/Modal5.xml
auto.tcl: Setting watchdog for 200 seconds at Wed May 13 14:17:38 UTC 2020
12 ms. Memory: 51200K Free: 23040K (45%)
ptolemy.util.test.WatchDog.cancel(): canceling Wed May 13 14:17:38 UTC 2020
auto.tcl: Setting watchdog for 200 seconds at Wed May 13 14:17:38 UTC 2020
12 ms. Memory: 51200K Free: 19411K (38%)
ptolemy.util.test.WatchDog.cancel(): canceling Wed May 13 14:17:38 UTC 2020
------------------ testing $PTII/ptolemy/domains/de/test/auto/Modal6.xml
auto.tcl: Setting watchdog for 200 seconds at Wed May 13 14:17:38 UTC 2020
17 ms. Memory: 51200K Free: 24054K (47%)
ptolemy.util.test.WatchDog.cancel(): canceling Wed May 13 14:17:38 UTC 2020
auto.tcl: Setting watchdog for 200 seconds at Wed May 13 14:17:38 UTC 2020
19 ms. Memory: 51200K Free: 19843K (39%)
ptolemy.util.test.WatchDog.cancel(): canceling Wed May 13 14:17:38 UTC 2020
------------------ testing $PTII/ptolemy/domains/de/test/auto/Modal7.xml
auto.tcl: Setting watchdog for 200 seconds at Wed May 13 14:17:38 UTC 2020
14 ms. Memory: 51200K Free: 22769K (44%)
ptolemy.util.test.WatchDog.cancel(): canceling Wed May 13 14:17:38 UTC 2020
auto.tcl: Setting watchdog for 200 seconds at Wed May 13 14:17:38 UTC 2020
11 ms. Memory: 51200K Free: 19466K (38%)
ptolemy.util.test.WatchDog.cancel(): canceling Wed May 13 14:17:38 UTC 2020
------------------ testing $PTII/ptolemy/domains/de/test/auto/ModalModel.xml
auto.tcl: Setting watchdog for 200 seconds at Wed May 13 14:17:38 UTC 2020
160 ms. Memory: 51200K Free: 15282K (30%)
ptolemy.util.test.WatchDog.cancel(): canceling Wed May 13 14:17:39 UTC 2020
auto.tcl: Setting watchdog for 200 seconds at Wed May 13 14:17:39 UTC 2020
188 ms. Memory: 61440K Free: 20991K (34%)
ptolemy.util.test.WatchDog.cancel(): canceling Wed May 13 14:17:39 UTC 2020
------------------ testing $PTII/ptolemy/domains/de/test/auto/ModalSource.xml
auto.tcl: Setting watchdog for 200 seconds at Wed May 13 14:17:39 UTC 2020
10 ms. Memory: 51200K Free: 27880K (54%)
ptolemy.util.test.WatchDog.cancel(): canceling Wed May 13 14:17:39 UTC 2020
auto.tcl: Setting watchdog for 200 seconds at Wed May 13 14:17:39 UTC 2020
6 ms. Memory: 51200K Free: 25832K (50%)
ptolemy.util.test.WatchDog.cancel(): canceling Wed May 13 14:17:39 UTC 2020
------------------ testing $PTII/ptolemy/domains/de/test/auto/NonInterruptibleTimerZeroDelay.xml
auto.tcl: Setting watchdog for 200 seconds at Wed May 13 14:17:39 UTC 2020
3 ms. Memory: 51200K Free: 33005K (64%)
ptolemy.util.test.WatchDog.cancel(): canceling Wed May 13 14:17:39 UTC 2020
auto.tcl: Setting watchdog for 200 seconds at Wed May 13 14:17:39 UTC 2020
3 ms. Memory: 51200K Free: 32164K (63%)
ptolemy.util.test.WatchDog.cancel(): canceling Wed May 13 14:17:39 UTC 2020
------------------ testing $PTII/ptolemy/domains/de/test/auto/OpenQueueingNetwork.xml
auto.tcl: Setting watchdog for 200 seconds at Wed May 13 14:17:39 UTC 2020
2715 ms. Memory: 108544K Free: 82178K (76%)
ptolemy.util.test.WatchDog.cancel(): canceling Wed May 13 14:17:42 UTC 2020
auto.tcl: Setting watchdog for 200 seconds at Wed May 13 14:17:42 UTC 2020
2405 ms. Memory: 133120K Free: 72366K (54%)
ptolemy.util.test.WatchDog.cancel(): canceling Wed May 13 14:17:44 UTC 2020
------------------ testing $PTII/ptolemy/domains/de/test/auto/OpenQueuingNetwork.xml
auto.tcl: Setting watchdog for 200 seconds at Wed May 13 14:17:44 UTC 2020
204 ms. Memory: 55296K Free: 25884K (47%)
ptolemy.util.test.WatchDog.cancel(): canceling Wed May 13 14:17:45 UTC 2020
auto.tcl: Setting watchdog for 200 seconds at Wed May 13 14:17:45 UTC 2020
200 ms. Memory: 55296K Free: 35499K (64%)
ptolemy.util.test.WatchDog.cancel(): canceling Wed May 13 14:17:45 UTC 2020
------------------ testing $PTII/ptolemy/domains/de/test/auto/PeriodicSampler.xml
auto.tcl: Setting watchdog for 200 seconds at Wed May 13 14:17:45 UTC 2020
3 ms. Memory: 55296K Free: 36113K (65%)
ptolemy.util.test.WatchDog.cancel(): canceling Wed May 13 14:17:45 UTC 2020
auto.tcl: Setting watchdog for 200 seconds at Wed May 13 14:17:45 UTC 2020
3 ms. Memory: 55296K Free: 35585K (64%)
ptolemy.util.test.WatchDog.cancel(): canceling Wed May 13 14:17:45 UTC 2020
------------------ testing $PTII/ptolemy/domains/de/test/auto/PersistentIO.xml
auto.tcl: Setting watchdog for 200 seconds at Wed May 13 14:17:45 UTC 2020
5 ms. Memory: 51200K Free: 26942K (53%)
ptolemy.util.test.WatchDog.cancel(): canceling Wed May 13 14:17:45 UTC 2020
auto.tcl: Setting watchdog for 200 seconds at Wed May 13 14:17:45 UTC 2020
4 ms. Memory: 51200K Free: 25438K (50%)
ptolemy.util.test.WatchDog.cancel(): canceling Wed May 13 14:17:45 UTC 2020
------------------ testing $PTII/ptolemy/domains/de/test/auto/PortParameterResetOnInitialize.xml
auto.tcl: Setting watchdog for 200 seconds at Wed May 13 14:17:45 UTC 2020
3 ms. Memory: 51200K Free: 31926K (62%)
ptolemy.util.test.WatchDog.cancel(): canceling Wed May 13 14:17:45 UTC 2020
auto.tcl: Setting watchdog for 200 seconds at Wed May 13 14:17:45 UTC 2020
2 ms. Memory: 51200K Free: 31430K (61%)
ptolemy.util.test.WatchDog.cancel(): canceling Wed May 13 14:17:45 UTC 2020
------------------ testing $PTII/ptolemy/domains/de/test/auto/PortParameterUpdates.xml
auto.tcl: Setting watchdog for 200 seconds at Wed May 13 14:17:45 UTC 2020
5 ms. Memory: 51200K Free: 30010K (59%)
ptolemy.util.test.WatchDog.cancel(): canceling Wed May 13 14:17:45 UTC 2020
auto.tcl: Setting watchdog for 200 seconds at Wed May 13 14:17:45 UTC 2020
3 ms. Memory: 51200K Free: 28986K (57%)
ptolemy.util.test.WatchDog.cancel(): canceling Wed May 13 14:17:45 UTC 2020
------------------ testing $PTII/ptolemy/domains/de/test/auto/QueueAndServer.xml
auto.tcl: Setting watchdog for 200 seconds at Wed May 13 14:17:45 UTC 2020
13 ms. Memory: 51200K Free: 28964K (57%)
ptolemy.util.test.WatchDog.cancel(): canceling Wed May 13 14:17:45 UTC 2020
auto.tcl: Setting watchdog for 200 seconds at Wed May 13 14:17:45 UTC 2020
5 ms. Memory: 51200K Free: 27430K (54%)
ptolemy.util.test.WatchDog.cancel(): canceling Wed May 13 14:17:45 UTC 2020
------------------ testing $PTII/ptolemy/domains/de/test/auto/Records.xml
auto.tcl: Setting watchdog for 200 seconds at Wed May 13 14:17:45 UTC 2020
5 ms. Memory: 51200K Free: 31180K (61%)
ptolemy.util.test.WatchDog.cancel(): canceling Wed May 13 14:17:45 UTC 2020
auto.tcl: Setting watchdog for 200 seconds at Wed May 13 14:17:45 UTC 2020
2 ms. Memory: 51200K Free: 30676K (60%)
ptolemy.util.test.WatchDog.cancel(): canceling Wed May 13 14:17:45 UTC 2020
------------------ testing $PTII/ptolemy/domains/de/test/auto/ResetTransitionWithStartTime1.xml
auto.tcl: Setting watchdog for 200 seconds at Wed May 13 14:17:45 UTC 2020
12 ms. Memory: 51200K Free: 28426K (56%)
ptolemy.util.test.WatchDog.cancel(): canceling Wed May 13 14:17:45 UTC 2020
auto.tcl: Setting watchdog for 200 seconds at Wed May 13 14:17:45 UTC 2020
7 ms. Memory: 51200K Free: 26400K (52%)
ptolemy.util.test.WatchDog.cancel(): canceling Wed May 13 14:17:45 UTC 2020
------------------ testing $PTII/ptolemy/domains/de/test/auto/ResetTransitionWithStartTime2.xml
auto.tcl: Setting watchdog for 200 seconds at Wed May 13 14:17:45 UTC 2020
6 ms. Memory: 51200K Free: 28382K (55%)
ptolemy.util.test.WatchDog.cancel(): canceling Wed May 13 14:17:46 UTC 2020
auto.tcl: Setting watchdog for 200 seconds at Wed May 13 14:17:46 UTC 2020
6 ms. Memory: 51200K Free: 26356K (51%)
ptolemy.util.test.WatchDog.cancel(): canceling Wed May 13 14:17:46 UTC 2020
------------------ testing $PTII/ptolemy/domains/de/test/auto/ResetTransitionWithStartTime3.xml
auto.tcl: Setting watchdog for 200 seconds at Wed May 13 14:17:46 UTC 2020
7 ms. Memory: 51200K Free: 28381K (55%)
ptolemy.util.test.WatchDog.cancel(): canceling Wed May 13 14:17:46 UTC 2020
auto.tcl: Setting watchdog for 200 seconds at Wed May 13 14:17:46 UTC 2020
3 ms. Memory: 51200K Free: 26333K (51%)
ptolemy.util.test.WatchDog.cancel(): canceling Wed May 13 14:17:46 UTC 2020
------------------ testing $PTII/ptolemy/domains/de/test/auto/ResetTransitionWithStartTime4.xml
auto.tcl: Setting watchdog for 200 seconds at Wed May 13 14:17:46 UTC 2020
7 ms. Memory: 51200K Free: 28798K (56%)
ptolemy.util.test.WatchDog.cancel(): canceling Wed May 13 14:17:46 UTC 2020
auto.tcl: Setting watchdog for 200 seconds at Wed May 13 14:17:46 UTC 2020
3 ms. Memory: 51200K Free: 27356K (53%)
ptolemy.util.test.WatchDog.cancel(): canceling Wed May 13 14:17:46 UTC 2020
------------------ testing $PTII/ptolemy/domains/de/test/auto/ResettableTimer1.xml
auto.tcl: Setting watchdog for 200 seconds at Wed May 13 14:17:46 UTC 2020
4 ms. Memory: 51200K Free: 32458K (63%)
ptolemy.util.test.WatchDog.cancel(): canceling Wed May 13 14:17:46 UTC 2020
auto.tcl: Setting watchdog for 200 seconds at Wed May 13 14:17:46 UTC 2020
2 ms. Memory: 51200K Free: 31434K (61%)
ptolemy.util.test.WatchDog.cancel(): canceling Wed May 13 14:17:46 UTC 2020
------------------ testing $PTII/ptolemy/domains/de/test/auto/ResettableTimer2.xml
auto.tcl: Setting watchdog for 200 seconds at Wed May 13 14:17:46 UTC 2020
3 ms. Memory: 51200K Free: 32514K (64%)
ptolemy.util.test.WatchDog.cancel(): canceling Wed May 13 14:17:46 UTC 2020
auto.tcl: Setting watchdog for 200 seconds at Wed May 13 14:17:46 UTC 2020
1 ms. Memory: 51200K Free: 31490K (62%)
ptolemy.util.test.WatchDog.cancel(): canceling Wed May 13 14:17:46 UTC 2020
------------------ testing $PTII/ptolemy/domains/de/test/auto/ResettableTimer3.xml
auto.tcl: Setting watchdog for 200 seconds at Wed May 13 14:17:46 UTC 2020
1 ms. Memory: 51200K Free: 32527K (64%)
ptolemy.util.test.WatchDog.cancel(): canceling Wed May 13 14:17:46 UTC 2020
auto.tcl: Setting watchdog for 200 seconds at Wed May 13 14:17:46 UTC 2020
1 ms. Memory: 51200K Free: 32527K (64%)
ptolemy.util.test.WatchDog.cancel(): canceling Wed May 13 14:17:46 UTC 2020
------------------ testing $PTII/ptolemy/domains/de/test/auto/ResettableTimer4.xml
auto.tcl: Setting watchdog for 200 seconds at Wed May 13 14:17:46 UTC 2020
2 ms. Memory: 51200K Free: 32541K (64%)
ptolemy.util.test.WatchDog.cancel(): canceling Wed May 13 14:17:46 UTC 2020
auto.tcl: Setting watchdog for 200 seconds at Wed May 13 14:17:46 UTC 2020
1 ms. Memory: 51200K Free: 32029K (63%)
ptolemy.util.test.WatchDog.cancel(): canceling Wed May 13 14:17:46 UTC 2020
------------------ testing $PTII/ptolemy/domains/de/test/auto/ResettableTimer5.xml
auto.tcl: Setting watchdog for 200 seconds at Wed May 13 14:17:46 UTC 2020
1 ms. Memory: 51200K Free: 32011K (63%)
ptolemy.util.test.WatchDog.cancel(): canceling Wed May 13 14:17:46 UTC 2020
auto.tcl: Setting watchdog for 200 seconds at Wed May 13 14:17:46 UTC 2020
1 ms. Memory: 51200K Free: 31515K (62%)
ptolemy.util.test.WatchDog.cancel(): canceling Wed May 13 14:17:46 UTC 2020
------------------ testing $PTII/ptolemy/domains/de/test/auto/ResettableTimer6.xml
auto.tcl: Setting watchdog for 200 seconds at Wed May 13 14:17:46 UTC 2020
1 ms. Memory: 51200K Free: 32002K (63%)
ptolemy.util.test.WatchDog.cancel(): canceling Wed May 13 14:17:46 UTC 2020
auto.tcl: Setting watchdog for 200 seconds at Wed May 13 14:17:46 UTC 2020
1 ms. Memory: 51200K Free: 31492K (62%)
ptolemy.util.test.WatchDog.cancel(): canceling Wed May 13 14:17:46 UTC 2020
------------------ testing $PTII/ptolemy/domains/de/test/auto/ServerZeroDelay.xml
auto.tcl: Setting watchdog for 200 seconds at Wed May 13 14:17:46 UTC 2020
4 ms. Memory: 51200K Free: 32507K (63%)
ptolemy.util.test.WatchDog.cancel(): canceling Wed May 13 14:17:46 UTC 2020
auto.tcl: Setting watchdog for 200 seconds at Wed May 13 14:17:46 UTC 2020
3 ms. Memory: 51200K Free: 31483K (61%)
ptolemy.util.test.WatchDog.cancel(): canceling Wed May 13 14:17:46 UTC 2020
------------------ testing $PTII/ptolemy/domains/de/test/auto/SmartSender.xml
auto.tcl: Setting watchdog for 200 seconds at Wed May 13 14:17:46 UTC 2020
3001 ms. Memory: 51200K Free: 32515K (64%)
ptolemy.util.test.WatchDog.cancel(): canceling Wed May 13 14:17:49 UTC 2020
auto.tcl: Setting watchdog for 200 seconds at Wed May 13 14:17:49 UTC 2020
3003 ms. Memory: 51200K Free: 31973K (62%)
ptolemy.util.test.WatchDog.cancel(): canceling Wed May 13 14:17:52 UTC 2020
------------------ testing $PTII/ptolemy/domains/de/test/auto/ThreadedComposite.xml
auto.tcl: Setting watchdog for 200 seconds at Wed May 13 14:17:52 UTC 2020
222 ms. Memory: 51200K Free: 14083K (28%)
ptolemy.util.test.WatchDog.cancel(): canceling Wed May 13 14:17:52 UTC 2020
auto.tcl: Setting watchdog for 200 seconds at Wed May 13 14:17:52 UTC 2020
160 ms. Memory: 51200K Free: 28704K (56%)
ptolemy.util.test.WatchDog.cancel(): canceling Wed May 13 14:17:53 UTC 2020
------------------ testing $PTII/ptolemy/domains/de/test/auto/Time.xml
auto.tcl: Setting watchdog for 200 seconds at Wed May 13 14:17:53 UTC 2020
526 ms. Memory: 74752K Free: 33096K (44%)
ptolemy.util.test.WatchDog.cancel(): canceling Wed May 13 14:17:53 UTC 2020
auto.tcl: Setting watchdog for 200 seconds at Wed May 13 14:17:53 UTC 2020
484 ms. Memory: 74752K Free: 21829K (29%)
ptolemy.util.test.WatchDog.cancel(): canceling Wed May 13 14:17:54 UTC 2020
------------------ testing $PTII/ptolemy/domains/de/test/auto/TimeDelayZeroDelay.xml
auto.tcl: Setting watchdog for 200 seconds at Wed May 13 14:17:54 UTC 2020
3 ms. Memory: 55296K Free: 36921K (67%)
ptolemy.util.test.WatchDog.cancel(): canceling Wed May 13 14:17:54 UTC 2020
auto.tcl: Setting watchdog for 200 seconds at Wed May 13 14:17:54 UTC 2020
2 ms. Memory: 55296K Free: 36104K (65%)
ptolemy.util.test.WatchDog.cancel(): canceling Wed May 13 14:17:54 UTC 2020
------------------ testing $PTII/ptolemy/domains/de/test/auto/TimerZeroDelay.xml
auto.tcl: Setting watchdog for 200 seconds at Wed May 13 14:17:54 UTC 2020
2 ms. Memory: 55296K Free: 36908K (67%)
ptolemy.util.test.WatchDog.cancel(): canceling Wed May 13 14:17:54 UTC 2020
auto.tcl: Setting watchdog for 200 seconds at Wed May 13 14:17:54 UTC 2020
2 ms. Memory: 55296K Free: 36177K (65%)
ptolemy.util.test.WatchDog.cancel(): canceling Wed May 13 14:17:54 UTC 2020
------------------ testing $PTII/ptolemy/domains/de/test/auto/TimingParadox.xml
auto.tcl: Setting watchdog for 200 seconds at Wed May 13 14:17:54 UTC 2020
340 ms. Memory: 55296K Free: 29252K (53%)
ptolemy.util.test.WatchDog.cancel(): canceling Wed May 13 14:17:54 UTC 2020
auto.tcl: Setting watchdog for 200 seconds at Wed May 13 14:17:54 UTC 2020
337 ms. Memory: 55296K Free: 22723K (41%)
ptolemy.util.test.WatchDog.cancel(): canceling Wed May 13 14:17:55 UTC 2020
------------------ testing $PTII/ptolemy/domains/de/test/auto/TransferInputs.xml
auto.tcl: Setting watchdog for 200 seconds at Wed May 13 14:17:55 UTC 2020
2 ms. Memory: 55296K Free: 35038K (63%)
ptolemy.util.test.WatchDog.cancel(): canceling Wed May 13 14:17:55 UTC 2020
auto.tcl: Setting watchdog for 200 seconds at Wed May 13 14:17:55 UTC 2020
2 ms. Memory: 55296K Free: 34075K (62%)
ptolemy.util.test.WatchDog.cancel(): canceling Wed May 13 14:17:55 UTC 2020
------------------ testing $PTII/ptolemy/domains/de/test/auto/TransferOutputs2.xml
auto.tcl: Setting watchdog for 200 seconds at Wed May 13 14:17:55 UTC 2020
3 ms. Memory: 51200K Free: 28385K (55%)
ptolemy.util.test.WatchDog.cancel(): canceling Wed May 13 14:17:55 UTC 2020
auto.tcl: Setting watchdog for 200 seconds at Wed May 13 14:17:55 UTC 2020
2 ms. Memory: 51200K Free: 26953K (53%)
ptolemy.util.test.WatchDog.cancel(): canceling Wed May 13 14:17:55 UTC 2020
------------------ testing $PTII/ptolemy/domains/de/test/auto/Trilateration.xml
auto.tcl: Setting watchdog for 200 seconds at Wed May 13 14:17:55 UTC 2020
12817 ms. Memory: 451584K Free: 246759K (55%)
ptolemy.util.test.WatchDog.cancel(): canceling Wed May 13 14:18:09 UTC 2020
auto.tcl: Setting watchdog for 200 seconds at Wed May 13 14:18:09 UTC 2020
9302 ms. Memory: 451584K Free: 296478K (66%)
ptolemy.util.test.WatchDog.cancel(): canceling Wed May 13 14:18:18 UTC 2020
------------------ testing $PTII/ptolemy/domains/de/test/auto/TwoSigmaDelta.xml
auto.tcl: Setting watchdog for 200 seconds at Wed May 13 14:18:18 UTC 2020
2203 ms. Memory: 92160K Free: 26041K (28%)
ptolemy.util.test.WatchDog.cancel(): canceling Wed May 13 14:18:20 UTC 2020
auto.tcl: Setting watchdog for 200 seconds at Wed May 13 14:18:20 UTC 2020
1719 ms. Memory: 92160K Free: 29602K (32%)
ptolemy.util.test.WatchDog.cancel(): canceling Wed May 13 14:18:22 UTC 2020
------------------ testing $PTII/ptolemy/domains/de/test/auto/VariableDelay.xml
auto.tcl: Setting watchdog for 200 seconds at Wed May 13 14:18:22 UTC 2020
3 ms. Memory: 55296K Free: 35514K (64%)
ptolemy.util.test.WatchDog.cancel(): canceling Wed May 13 14:18:22 UTC 2020
auto.tcl: Setting watchdog for 200 seconds at Wed May 13 14:18:22 UTC 2020
2 ms. Memory: 55296K Free: 34490K (62%)
ptolemy.util.test.WatchDog.cancel(): canceling Wed May 13 14:18:22 UTC 2020
------------------ testing $PTII/ptolemy/domains/de/test/auto/VariableDelay2.xml
auto.tcl: Setting watchdog for 200 seconds at Wed May 13 14:18:22 UTC 2020
3 ms. Memory: 55296K Free: 36115K (65%)
ptolemy.util.test.WatchDog.cancel(): canceling Wed May 13 14:18:22 UTC 2020
auto.tcl: Setting watchdog for 200 seconds at Wed May 13 14:18:22 UTC 2020
2 ms. Memory: 55296K Free: 35603K (64%)
ptolemy.util.test.WatchDog.cancel(): canceling Wed May 13 14:18:22 UTC 2020
------------------ testing $PTII/ptolemy/domains/de/test/auto/VariableDelayZeroDelay.xml
auto.tcl: Setting watchdog for 200 seconds at Wed May 13 14:18:22 UTC 2020
3 ms. Memory: 55296K Free: 36456K (66%)
ptolemy.util.test.WatchDog.cancel(): canceling Wed May 13 14:18:22 UTC 2020
auto.tcl: Setting watchdog for 200 seconds at Wed May 13 14:18:22 UTC 2020
3 ms. Memory: 55296K Free: 35942K (65%)
ptolemy.util.test.WatchDog.cancel(): canceling Wed May 13 14:18:22 UTC 2020
------------------ testing $PTII/ptolemy/domains/de/test/auto/VariableDelayZeroDelay2.xml
auto.tcl: Setting watchdog for 200 seconds at Wed May 13 14:18:22 UTC 2020
2 ms. Memory: 55296K Free: 36454K (66%)
ptolemy.util.test.WatchDog.cancel(): canceling Wed May 13 14:18:22 UTC 2020
auto.tcl: Setting watchdog for 200 seconds at Wed May 13 14:18:22 UTC 2020
2 ms. Memory: 55296K Free: 35430K (64%)
ptolemy.util.test.WatchDog.cancel(): canceling Wed May 13 14:18:22 UTC 2020
------------------ testing $PTII/ptolemy/domains/de/test/auto/deInCt.xml
auto.tcl: Setting watchdog for 200 seconds at Wed May 13 14:18:22 UTC 2020
0
1
1
1
0
0
0
1
1
1
0
0
0
1
1
1
0
0
0
0
1
1
1
0
0
0
0
0
1
1
1
0
0
0
0
1
1
1
1
18 ms. Memory: 51200K Free: 31332K (61%)
ptolemy.util.test.WatchDog.cancel(): canceling Wed May 13 14:18:22 UTC 2020
auto.tcl: Setting watchdog for 200 seconds at Wed May 13 14:18:22 UTC 2020
0
1
1
1
1
1
0
0
0
1
1
0
0
0
1
1
1
1
1
0
0
0
1
1
1
0
0
1
1
1
1
0
0
0
0
12 ms. Memory: 51200K Free: 29794K (58%)
ptolemy.util.test.WatchDog.cancel(): canceling Wed May 13 14:18:22 UTC 2020
------------------ testing $PTII/ptolemy/domains/de/test/auto/deInCt2.xml
auto.tcl: Setting watchdog for 200 seconds at Wed May 13 14:18:22 UTC 2020
0
1
1
1
0
0
1
1
1
0
0
1
1
1
0
0
1
1
1
0
0
1
1
1
0
0
1
1
1
0
0
1
1
1
0
0
1
1
1
0
0
0
11 ms. Memory: 51200K Free: 31333K (61%)
ptolemy.util.test.WatchDog.cancel(): canceling Wed May 13 14:18:22 UTC 2020
auto.tcl: Setting watchdog for 200 seconds at Wed May 13 14:18:22 UTC 2020
0
1
1
1
0
0
1
1
1
0
0
1
1
1
0
0
1
1
1
0
0
1
1
1
0
0
1
1
1
0
0
1
1
1
0
0
1
1
1
0
0
0
11 ms. Memory: 51200K Free: 29795K (58%)
ptolemy.util.test.WatchDog.cancel(): canceling Wed May 13 14:18:22 UTC 2020
------------------ testing $PTII/ptolemy/domains/de/test/auto/dynamicCausalityInterface1.xml
auto.tcl: Setting watchdog for 200 seconds at Wed May 13 14:18:23 UTC 2020
2 ms. Memory: 51200K Free: 27231K (53%)
ptolemy.util.test.WatchDog.cancel(): canceling Wed May 13 14:18:23 UTC 2020
auto.tcl: Setting watchdog for 200 seconds at Wed May 13 14:18:23 UTC 2020
1 ms. Memory: 51200K Free: 26717K (52%)
ptolemy.util.test.WatchDog.cancel(): canceling Wed May 13 14:18:23 UTC 2020
------------------ testing $PTII/ptolemy/domains/de/test/auto/fsm_de_test.xml
auto.tcl: Setting watchdog for 200 seconds at Wed May 13 14:18:23 UTC 2020
11 ms. Memory: 51200K Free: 27129K (53%)
ptolemy.util.test.WatchDog.cancel(): canceling Wed May 13 14:18:23 UTC 2020
auto.tcl: Setting watchdog for 200 seconds at Wed May 13 14:18:23 UTC 2020
7 ms. Memory: 51200K Free: 25081K (49%)
ptolemy.util.test.WatchDog.cancel(): canceling Wed May 13 14:18:23 UTC 2020
------------------ testing $PTII/ptolemy/domains/de/test/auto/functionDependencyReconstruction.xml
auto.tcl: Setting watchdog for 200 seconds at Wed May 13 14:18:23 UTC 2020
3 ms. Memory: 51200K Free: 21080K (41%)
ptolemy.util.test.WatchDog.cancel(): canceling Wed May 13 14:18:23 UTC 2020
auto.tcl: Setting watchdog for 200 seconds at Wed May 13 14:18:23 UTC 2020
3 ms. Memory: 51200K Free: 18927K (37%)
ptolemy.util.test.WatchDog.cancel(): canceling Wed May 13 14:18:23 UTC 2020
------------------ testing $PTII/ptolemy/domains/de/test/auto/multirate.xml
auto.tcl: Setting watchdog for 200 seconds at Wed May 13 14:18:23 UTC 2020
3 ms. Memory: 51200K Free: 29703K (58%)
ptolemy.util.test.WatchDog.cancel(): canceling Wed May 13 14:18:23 UTC 2020
auto.tcl: Setting watchdog for 200 seconds at Wed May 13 14:18:23 UTC 2020
3 ms. Memory: 51200K Free: 28025K (55%)
ptolemy.util.test.WatchDog.cancel(): canceling Wed May 13 14:18:23 UTC 2020
------------------ testing $PTII/ptolemy/domains/de/test/auto/multirate2.xml
auto.tcl: Setting watchdog for 200 seconds at Wed May 13 14:18:23 UTC 2020
4 ms. Memory: 51200K Free: 29935K (58%)
ptolemy.util.test.WatchDog.cancel(): canceling Wed May 13 14:18:23 UTC 2020
auto.tcl: Setting watchdog for 200 seconds at Wed May 13 14:18:23 UTC 2020
3 ms. Memory: 51200K Free: 28205K (55%)
ptolemy.util.test.WatchDog.cancel(): canceling Wed May 13 14:18:23 UTC 2020
------------------ testing $PTII/ptolemy/domains/de/test/auto/realtime.xml
auto.tcl: Setting watchdog for 200 seconds at Wed May 13 14:18:23 UTC 2020
10001 ms. Memory: 51200K Free: 31932K (62%)
ptolemy.util.test.WatchDog.cancel(): canceling Wed May 13 14:18:33 UTC 2020
auto.tcl: Setting watchdog for 200 seconds at Wed May 13 14:18:33 UTC 2020
10001 ms. Memory: 51200K Free: 31276K (61%)
ptolemy.util.test.WatchDog.cancel(): canceling Wed May 13 14:18:43 UTC 2020
------------------ testing $PTII/ptolemy/domains/de/test/auto/relationGroup.xml
auto.tcl: Setting watchdog for 200 seconds at Wed May 13 14:18:43 UTC 2020
4 ms. Memory: 51200K Free: 33090K (65%)
ptolemy.util.test.WatchDog.cancel(): canceling Wed May 13 14:18:43 UTC 2020
auto.tcl: Setting watchdog for 200 seconds at Wed May 13 14:18:43 UTC 2020
2 ms. Memory: 51200K Free: 32571K (64%)
ptolemy.util.test.WatchDog.cancel(): canceling Wed May 13 14:18:43 UTC 2020
------------------ testing $PTII/ptolemy/domains/de/test/auto/relationGroup2.xml
auto.tcl: Setting watchdog for 200 seconds at Wed May 13 14:18:43 UTC 2020
1 ms. Memory: 51200K Free: 33115K (65%)
ptolemy.util.test.WatchDog.cancel(): canceling Wed May 13 14:18:43 UTC 2020
auto.tcl: Setting watchdog for 200 seconds at Wed May 13 14:18:43 UTC 2020
2 ms. Memory: 51200K Free: 32603K (64%)
ptolemy.util.test.WatchDog.cancel(): canceling Wed May 13 14:18:43 UTC 2020
------------------ testing $PTII/ptolemy/domains/de/test/auto/sortWithOpaquePorts.xml
auto.tcl: Setting watchdog for 200 seconds at Wed May 13 14:18:43 UTC 2020
2 ms. Memory: 51200K Free: 32380K (63%)
ptolemy.util.test.WatchDog.cancel(): canceling Wed May 13 14:18:43 UTC 2020
auto.tcl: Setting watchdog for 200 seconds at Wed May 13 14:18:43 UTC 2020
3 ms. Memory: 51200K Free: 30851K (60%)
ptolemy.util.test.WatchDog.cancel(): canceling Wed May 13 14:18:43 UTC 2020
------------------ testing $PTII/ptolemy/domains/de/test/auto/transferInputsandOutputs.xml
auto.tcl: Setting watchdog for 200 seconds at Wed May 13 14:18:43 UTC 2020
4 ms. Memory: 51200K Free: 29296K (57%)
ptolemy.util.test.WatchDog.cancel(): canceling Wed May 13 14:18:43 UTC 2020
auto.tcl: Setting watchdog for 200 seconds at Wed May 13 14:18:43 UTC 2020
2 ms. Memory: 51200K Free: 28272K (55%)
ptolemy.util.test.WatchDog.cancel(): canceling Wed May 13 14:18:43 UTC 2020
------------------ testing $PTII/ptolemy/domains/de/test/auto/triggerType.xml
auto.tcl: Setting watchdog for 200 seconds at Wed May 13 14:18:43 UTC 2020
2 ms. Memory: 51200K Free: 32321K (63%)
ptolemy.util.test.WatchDog.cancel(): canceling Wed May 13 14:18:43 UTC 2020
auto.tcl: Setting watchdog for 200 seconds at Wed May 13 14:18:43 UTC 2020
2 ms. Memory: 51200K Free: 31303K (61%)
ptolemy.util.test.WatchDog.cancel(): canceling Wed May 13 14:18:43 UTC 2020
05/13/20 02:18:43
Failed: 0  Total Tests: 192  ((Passed: 187, Newly Passed: 1)  Known Failed: 5) /home/travis/build/icyphy/ptII/ptolemy/domains/de/test
05/13/20 02:18:43
Failed: 0  Total Tests: 192  ((Passed: 187, Newly Passed: 1)  Known Failed: 5) /home/travis/build/icyphy/ptII/ptolemy/domains/de/test
----------------- testing (KnownFailure) /home/travis/build/icyphy/ptII/ptolemy/domains/de/test/auto/knownFailedTests/DESDFClockTest.xml
2014 ms. Memory: 51200K Free: 25716K (50%)
Known Failure: java.lang.reflect.InvocationTargetException
----------------- testing (KnownFailure) /home/travis/build/icyphy/ptII/ptolemy/domains/de/test/auto/knownFailedTests/DirectFeedback.xml
8 ms. Memory: 51200K Free: 22134K (43%)
Known Failure: java.lang.reflect.InvocationTargetException
----------------- testing (KnownFailure) /home/travis/build/icyphy/ptII/ptolemy/domains/de/test/auto/knownFailedTests/FSMSource.xml
16 ms. Memory: 51200K Free: 14966K (29%)
----------------- testing (KnownFailure) /home/travis/build/icyphy/ptII/ptolemy/domains/de/test/auto/knownFailedTests/HierarchicalModel.xml
3 ms. Memory: 51200K Free: 27198K (53%)
Known Failure: java.lang.reflect.InvocationTargetException
----------------- testing (KnownFailure) /home/travis/build/icyphy/ptII/ptolemy/domains/de/test/auto/knownFailedTests/dependencyLoop.xml
2 ms. Memory: 51200K Free: 12147K (24%)
Known Failure: java.lang.reflect.InvocationTargetException
----------------- testing (KnownFailure) /home/travis/build/icyphy/ptII/ptolemy/domains/de/test/auto/knownFailedTests/dependencyLoop2.xml
7 ms. Memory: 51200K Free: 25115K (49%)
Known Failure: java.lang.reflect.InvocationTargetException
No auto/linux-amd64/*.xml tests in /home/travis/build/icyphy/ptII/ptolemy/domains/de/test
AutoTests.java: About to close Vertx.
AutoTests.java: Vertx closed.

===========================================================================================
----------------- testing Wed May 13 14:18:46 UTC 2020 /home/travis/build/icyphy/ptII/ptolemy/domains/de/test/auto/ActorDepthCalculation_actorWithoutPorts.xml
----------------- Instantiating /home/travis/build/icyphy/ptII/ptolemy/domains/de/test/auto/ActorDepthCalculation_actorWithoutPorts.xml
2 ms. Memory: 51200K Free: 18247K (36%)
----------------- Invoking toplevel() on ptolemy.moml.MoMLSimpleApplication@2f3b46fb
----------------- Done invoking toplevel() on ptolemy.moml.MoMLSimpleApplication@2f3b46fb
reloadAllAccessors: .ActorDepthCalculation_actorWithoutPorts

===========================================================================================
----------------- testing Wed May 13 14:18:46 UTC 2020 /home/travis/build/icyphy/ptII/ptolemy/domains/de/test/auto/AssemblyLine.xml
----------------- Instantiating /home/travis/build/icyphy/ptII/ptolemy/domains/de/test/auto/AssemblyLine.xml
3 ms. Memory: 51200K Free: 11412K (22%)
----------------- Invoking toplevel() on ptolemy.moml.MoMLSimpleApplication@7e475aa
----------------- Done invoking toplevel() on ptolemy.moml.MoMLSimpleApplication@7e475aa
reloadAllAccessors: .AssemblyLine

===========================================================================================
----------------- testing Wed May 13 14:18:46 UTC 2020 /home/travis/build/icyphy/ptII/ptolemy/domains/de/test/auto/CQBug1.xml
----------------- Instantiating /home/travis/build/icyphy/ptII/ptolemy/domains/de/test/auto/CQBug1.xml
1 ms. Memory: 51200K Free: 8340K (16%)
----------------- Invoking toplevel() on ptolemy.moml.MoMLSimpleApplication@4c63384
----------------- Done invoking toplevel() on ptolemy.moml.MoMLSimpleApplication@4c63384
reloadAllAccessors: .CQBug1

===========================================================================================
----------------- testing Wed May 13 14:18:46 UTC 2020 /home/travis/build/icyphy/ptII/ptolemy/domains/de/test/auto/CancelFireAt.xml
----------------- Instantiating /home/travis/build/icyphy/ptII/ptolemy/domains/de/test/auto/CancelFireAt.xml
2 ms. Memory: 51200K Free: 33657K (66%)
----------------- Invoking toplevel() on ptolemy.moml.MoMLSimpleApplication@236c5345
----------------- Done invoking toplevel() on ptolemy.moml.MoMLSimpleApplication@236c5345
reloadAllAccessors: .CancelFireAt

===========================================================================================
----------------- testing Wed May 13 14:18:46 UTC 2020 /home/travis/build/icyphy/ptII/ptolemy/domains/de/test/auto/CausalityAndComposabilityAnalysis.xml
----------------- Instantiating /home/travis/build/icyphy/ptII/ptolemy/domains/de/test/auto/CausalityAndComposabilityAnalysis.xml
4 ms. Memory: 51200K Free: 29521K (58%)
----------------- Invoking toplevel() on ptolemy.moml.MoMLSimpleApplication@71319c88
----------------- Done invoking toplevel() on ptolemy.moml.MoMLSimpleApplication@71319c88
reloadAllAccessors: .CausalityAndComposabilityAnalysis

===========================================================================================
----------------- testing Wed May 13 14:18:46 UTC 2020 /home/travis/build/icyphy/ptII/ptolemy/domains/de/test/auto/CausalityInterface1.xml
----------------- Instantiating /home/travis/build/icyphy/ptII/ptolemy/domains/de/test/auto/CausalityInterface1.xml
6 ms. Memory: 51200K Free: 24425K (48%)
----------------- Invoking toplevel() on ptolemy.moml.MoMLSimpleApplication@4cfbfde8
----------------- Done invoking toplevel() on ptolemy.moml.MoMLSimpleApplication@4cfbfde8
reloadAllAccessors: .CausalityInterface1

===========================================================================================
----------------- testing Wed May 13 14:18:46 UTC 2020 /home/travis/build/icyphy/ptII/ptolemy/domains/de/test/auto/CausalityInterface15.xml
----------------- Instantiating /home/travis/build/icyphy/ptII/ptolemy/domains/de/test/auto/CausalityInterface15.xml
2 ms. Memory: 51200K Free: 19007K (37%)
----------------- Invoking toplevel() on ptolemy.moml.MoMLSimpleApplication@27d95e9d
----------------- Done invoking toplevel() on ptolemy.moml.MoMLSimpleApplication@27d95e9d
reloadAllAccessors: .CausalityInterface15

===========================================================================================
----------------- testing Wed May 13 14:18:46 UTC 2020 /home/travis/build/icyphy/ptII/ptolemy/domains/de/test/auto/CausalityInterface2.xml
----------------- Instantiating /home/travis/build/icyphy/ptII/ptolemy/domains/de/test/auto/CausalityInterface2.xml
1 ms. Memory: 51200K Free: 14494K (28%)
[...]
	at ptolemy.actor.Manager.run(Manager.java:1263)
	at ptolemy.actor.Manager$PtolemyRunThread.run(Manager.java:1933)
java.lang.RuntimeException: Execution failed
	at ptolemy.moml.MoMLSimpleApplication$UnloadThread.run(MoMLSimpleApplication.java:402)
Caused by: ptolemy.kernel.util.IllegalActionException: Actor is not ready to fire.  Perhaps UpSample.prefire() returned false? Try debugging the actor by selecting "Listen to Actor".  Also, for SDF check moml for tokenConsumptionRate on input.
  in .DESDFClockTest.Play Bell.Copy1:SDF Director and .DESDFClockTest.Play Bell.UpSample
	at ptolemy.actor.sched.StaticSchedulingDirector.fire(StaticSchedulingDirector.java:227)
	at ptolemy.domains.sdf.kernel.SDFDirector.fire(SDFDirector.java:500)
	at ptolemy.actor.CompositeActor.fire(CompositeActor.java:455)
	at ptolemy.domains.de.kernel.DEDirector._fire(DEDirector.java:1949)
	at ptolemy.domains.de.kernel.DEDirector.fire(DEDirector.java:502)
	at ptolemy.actor.CompositeActor.fire(CompositeActor.java:455)
	at ptolemy.actor.Manager.iterate(Manager.java:851)
	at ptolemy.actor.Manager.execute(Manager.java:369)
	at ptolemy.actor.Manager.run(Manager.java:1263)
	at ptolemy.actor.Manager$PtolemyRunThread.run(Manager.java:1933)
java.lang.reflect.InvocationTargetException
	at java.base/jdk.internal.reflect.NativeConstructorAccessorImpl.newInstance0(Native Method)
	at java.base/jdk.internal.reflect.NativeConstructorAccessorImpl.newInstance(NativeConstructorAccessorImpl.java:62)
	at java.base/jdk.internal.reflect.DelegatingConstructorAccessorImpl.newInstance(DelegatingConstructorAccessorImpl.java:45)
	at java.base/java.lang.reflect.Constructor.newInstance(Constructor.java:490)
	at ptolemy.util.test.junit.AutoKnownFailedTests.RunModel(AutoKnownFailedTests.java:105)
	at java.base/jdk.internal.reflect.NativeMethodAccessorImpl.invoke0(Native Method)
	at java.base/jdk.internal.reflect.NativeMethodAccessorImpl.invoke(NativeMethodAccessorImpl.java:62)
	at java.base/jdk.internal.reflect.DelegatingMethodAccessorImpl.invoke(DelegatingMethodAccessorImpl.java:43)
	at java.base/java.lang.reflect.Method.invoke(Method.java:566)
	at org.junit.runners.model.FrameworkMethod$1.runReflectiveCall(FrameworkMethod.java:44)
	at org.junit.internal.runners.model.ReflectiveCallable.run(ReflectiveCallable.java:15)
	at org.junit.runners.model.FrameworkMethod.invokeExplosively(FrameworkMethod.java:41)
	at junitparams.internal.InvokeParameterisedMethod.evaluate(InvokeParameterisedMethod.java:102)
	at org.junit.internal.runners.statements.FailOnTimeout$1.run(FailOnTimeout.java:28)
Caused by: ptolemy.kernel.util.IllegalActionException: Actor is not ready to fire.  Perhaps UpSample.prefire() returned false? Try debugging the actor by selecting "Listen to Actor".  Also, for SDF check moml for tokenConsumptionRate on input.
  in .DESDFClockTest.Play Bell.Copy1:SDF Director and .DESDFClockTest.Play Bell.UpSample
	at ptolemy.actor.sched.StaticSchedulingDirector.fire(StaticSchedulingDirector.java:227)
	at ptolemy.domains.sdf.kernel.SDFDirector.fire(SDFDirector.java:500)
	at ptolemy.actor.CompositeActor.fire(CompositeActor.java:455)
	at ptolemy.domains.de.kernel.DEDirector._fire(DEDirector.java:1949)
	at ptolemy.domains.de.kernel.DEDirector.fire(DEDirector.java:502)
	at ptolemy.actor.CompositeActor.fire(CompositeActor.java:455)
	at ptolemy.actor.Manager.iterate(Manager.java:851)
	at ptolemy.actor.Manager.execute(Manager.java:369)
	at ptolemy.actor.Manager.run(Manager.java:1263)
	at ptolemy.actor.Manager$PtolemyRunThread.run(Manager.java:1933)
java.lang.RuntimeException: Execution failed
	at ptolemy.moml.MoMLSimpleApplication$UnloadThread.run(MoMLSimpleApplication.java:402)
Caused by: ptolemy.kernel.util.IllegalActionException: Test fails in iteration 1.
Value was: 1.0. Should have been: 2.0
  in .DirectFeedback.Test
	at ptolemy.actor.lib.Test.fire(Test.java:268)
	at ptolemy.domains.de.kernel.DEDirector._fire(DEDirector.java:1949)
	at ptolemy.domains.de.kernel.DEDirector.fire(DEDirector.java:502)
	at ptolemy.actor.CompositeActor.fire(CompositeActor.java:455)
	at ptolemy.actor.Manager.iterate(Manager.java:851)
	at ptolemy.actor.Manager.execute(Manager.java:369)
	at ptolemy.actor.Manager.run(Manager.java:1263)
	at ptolemy.actor.Manager$PtolemyRunThread.run(Manager.java:1933)
java.lang.reflect.InvocationTargetException
	at java.base/jdk.internal.reflect.NativeConstructorAccessorImpl.newInstance0(Native Method)
	at java.base/jdk.internal.reflect.NativeConstructorAccessorImpl.newInstance(NativeConstructorAccessorImpl.java:62)
	at java.base/jdk.internal.reflect.DelegatingConstructorAccessorImpl.newInstance(DelegatingConstructorAccessorImpl.java:45)
	at java.base/java.lang.reflect.Constructor.newInstance(Constructor.java:490)
	at ptolemy.util.test.junit.AutoKnownFailedTests.RunModel(AutoKnownFailedTests.java:105)
	at java.base/jdk.internal.reflect.NativeMethodAccessorImpl.invoke0(Native Method)
	at java.base/jdk.internal.reflect.NativeMethodAccessorImpl.invoke(NativeMethodAccessorImpl.java:62)
	at java.base/jdk.internal.reflect.DelegatingMethodAccessorImpl.invoke(DelegatingMethodAccessorImpl.java:43)
	at java.base/java.lang.reflect.Method.invoke(Method.java:566)
	at org.junit.runners.model.FrameworkMethod$1.runReflectiveCall(FrameworkMethod.java:44)
	at org.junit.internal.runners.model.ReflectiveCallable.run(ReflectiveCallable.java:15)
	at org.junit.runners.model.FrameworkMethod.invokeExplosively(FrameworkMethod.java:41)
	at junitparams.internal.InvokeParameterisedMethod.evaluate(InvokeParameterisedMethod.java:102)
	at org.junit.internal.runners.statements.FailOnTimeout$1.run(FailOnTimeout.java:28)
Caused by: ptolemy.kernel.util.IllegalActionException: Test fails in iteration 1.
Value was: 1.0. Should have been: 2.0
  in .DirectFeedback.Test
	at ptolemy.actor.lib.Test.fire(Test.java:268)
	at ptolemy.domains.de.kernel.DEDirector._fire(DEDirector.java:1949)
	at ptolemy.domains.de.kernel.DEDirector.fire(DEDirector.java:502)
	at ptolemy.actor.CompositeActor.fire(CompositeActor.java:455)
	at ptolemy.actor.Manager.iterate(Manager.java:851)
	at ptolemy.actor.Manager.execute(Manager.java:369)
	at ptolemy.actor.Manager.run(Manager.java:1263)
	at ptolemy.actor.Manager$PtolemyRunThread.run(Manager.java:1933)
java.lang.RuntimeException: Execution failed
	at ptolemy.moml.MoMLSimpleApplication$UnloadThread.run(MoMLSimpleApplication.java:402)
Caused by: ptolemy.kernel.util.IllegalActionException: Found a zero delay loop containing .HierarchicalModel.A
  in .HierarchicalModel and .HierarchicalModel.A
	at ptolemy.actor.util.CausalityInterfaceForComposites._computeOutputPortDepth(CausalityInterfaceForComposites.java:759)
	at ptolemy.actor.util.CausalityInterfaceForComposites._computeInputDepth(CausalityInterfaceForComposites.java:696)
	at ptolemy.actor.util.CausalityInterfaceForComposites._computeOutputPortDepth(CausalityInterfaceForComposites.java:765)
	at ptolemy.actor.util.CausalityInterfaceForComposites._computeInputDepth(CausalityInterfaceForComposites.java:696)
	at ptolemy.actor.util.CausalityInterfaceForComposites._computeOutputPortDepth(CausalityInterfaceForComposites.java:765)
	at ptolemy.actor.util.CausalityInterfaceForComposites._computeInputDepth(CausalityInterfaceForComposites.java:696)
	at ptolemy.actor.util.CausalityInterfaceForComposites._computeActorDepth(CausalityInterfaceForComposites.java:532)
	at ptolemy.actor.util.CausalityInterfaceForComposites.checkForCycles(CausalityInterfaceForComposites.java:96)
	at ptolemy.domains.de.kernel.DEDirector.preinitialize(DEDirector.java:1338)
	at ptolemy.actor.CompositeActor.preinitialize(CompositeActor.java:1828)
	at ptolemy.actor.Manager.preinitializeAndResolveTypes(Manager.java:1040)
	at ptolemy.actor.Manager.initialize(Manager.java:710)
	at ptolemy.actor.Manager.execute(Manager.java:356)
	at ptolemy.actor.Manager.run(Manager.java:1263)
	at ptolemy.actor.Manager$PtolemyRunThread.run(Manager.java:1933)
java.lang.reflect.InvocationTargetException
	at java.base/jdk.internal.reflect.NativeConstructorAccessorImpl.newInstance0(Native Method)
	at java.base/jdk.internal.reflect.NativeConstructorAccessorImpl.newInstance(NativeConstructorAccessorImpl.java:62)
	at java.base/jdk.internal.reflect.DelegatingConstructorAccessorImpl.newInstance(DelegatingConstructorAccessorImpl.java:45)
	at java.base/java.lang.reflect.Constructor.newInstance(Constructor.java:490)
	at ptolemy.util.test.junit.AutoKnownFailedTests.RunModel(AutoKnownFailedTests.java:105)
	at java.base/jdk.internal.reflect.NativeMethodAccessorImpl.invoke0(Native Method)
	at java.base/jdk.internal.reflect.NativeMethodAccessorImpl.invoke(NativeMethodAccessorImpl.java:62)
	at java.base/jdk.internal.reflect.DelegatingMethodAccessorImpl.invoke(DelegatingMethodAccessorImpl.java:43)
	at java.base/java.lang.reflect.Method.invoke(Method.java:566)
	at org.junit.runners.model.FrameworkMethod$1.runReflectiveCall(FrameworkMethod.java:44)
	at org.junit.internal.runners.model.ReflectiveCallable.run(ReflectiveCallable.java:15)
	at org.junit.runners.model.FrameworkMethod.invokeExplosively(FrameworkMethod.java:41)
	at junitparams.internal.InvokeParameterisedMethod.evaluate(InvokeParameterisedMethod.java:102)
	at org.junit.internal.runners.statements.FailOnTimeout$1.run(FailOnTimeout.java:28)
Caused by: ptolemy.kernel.util.IllegalActionException: Found a zero delay loop containing .HierarchicalModel.A
  in .HierarchicalModel and .HierarchicalModel.A
	at ptolemy.actor.util.CausalityInterfaceForComposites._computeOutputPortDepth(CausalityInterfaceForComposites.java:759)
	at ptolemy.actor.util.CausalityInterfaceForComposites._computeInputDepth(CausalityInterfaceForComposites.java:696)
	at ptolemy.actor.util.CausalityInterfaceForComposites._computeOutputPortDepth(CausalityInterfaceForComposites.java:765)
	at ptolemy.actor.util.CausalityInterfaceForComposites._computeInputDepth(CausalityInterfaceForComposites.java:696)
	at ptolemy.actor.util.CausalityInterfaceForComposites._computeOutputPortDepth(CausalityInterfaceForComposites.java:765)
	at ptolemy.actor.util.CausalityInterfaceForComposites._computeInputDepth(CausalityInterfaceForComposites.java:696)
	at ptolemy.actor.util.CausalityInterfaceForComposites._computeActorDepth(CausalityInterfaceForComposites.java:532)
	at ptolemy.actor.util.CausalityInterfaceForComposites.checkForCycles(CausalityInterfaceForComposites.java:96)
	at ptolemy.domains.de.kernel.DEDirector.preinitialize(DEDirector.java:1338)
	at ptolemy.actor.CompositeActor.preinitialize(CompositeActor.java:1828)
	at ptolemy.actor.Manager.preinitializeAndResolveTypes(Manager.java:1040)
	at ptolemy.actor.Manager.initialize(Manager.java:710)
	at ptolemy.actor.Manager.execute(Manager.java:356)
	at ptolemy.actor.Manager.run(Manager.java:1263)
	at ptolemy.actor.Manager$PtolemyRunThread.run(Manager.java:1933)
java.lang.RuntimeException: Execution failed
	at ptolemy.moml.MoMLSimpleApplication$UnloadThread.run(MoMLSimpleApplication.java:402)
Caused by: ptolemy.kernel.util.IllegalActionException: Found a zero delay loop containing .dependencyLoop.original
  in .dependencyLoop and .dependencyLoop.original
	at ptolemy.actor.util.CausalityInterfaceForComposites._computeOutputPortDepth(CausalityInterfaceForComposites.java:759)
	at ptolemy.actor.util.CausalityInterfaceForComposites._computeInputDepth(CausalityInterfaceForComposites.java:696)
	at ptolemy.actor.util.CausalityInterfaceForComposites._computeOutputPortDepth(CausalityInterfaceForComposites.java:765)
	at ptolemy.actor.util.CausalityInterfaceForComposites._computeInputDepth(CausalityInterfaceForComposites.java:696)
	at ptolemy.actor.util.CausalityInterfaceForComposites._computeOutputPortDepth(CausalityInterfaceForComposites.java:765)
	at ptolemy.actor.util.CausalityInterfaceForComposites._computeInputDepth(CausalityInterfaceForComposites.java:696)
	at ptolemy.actor.util.CausalityInterfaceForComposites._computeActorDepth(CausalityInterfaceForComposites.java:532)
	at ptolemy.actor.util.CausalityInterfaceForComposites.checkForCycles(CausalityInterfaceForComposites.java:96)
	at ptolemy.domains.de.kernel.DEDirector.preinitialize(DEDirector.java:1338)
	at ptolemy.actor.CompositeActor.preinitialize(CompositeActor.java:1828)
	at ptolemy.actor.Manager.preinitializeAndResolveTypes(Manager.java:1040)
	at ptolemy.actor.Manager.initialize(Manager.java:710)
	at ptolemy.actor.Manager.execute(Manager.java:356)
	at ptolemy.actor.Manager.run(Manager.java:1263)
	at ptolemy.actor.Manager$PtolemyRunThread.run(Manager.java:1933)
java.lang.reflect.InvocationTargetException
	at java.base/jdk.internal.reflect.NativeConstructorAccessorImpl.newInstance0(Native Method)
	at java.base/jdk.internal.reflect.NativeConstructorAccessorImpl.newInstance(NativeConstructorAccessorImpl.java:62)
	at java.base/jdk.internal.reflect.DelegatingConstructorAccessorImpl.newInstance(DelegatingConstructorAccessorImpl.java:45)
	at java.base/java.lang.reflect.Constructor.newInstance(Constructor.java:490)
	at ptolemy.util.test.junit.AutoKnownFailedTests.RunModel(AutoKnownFailedTests.java:105)
	at java.base/jdk.internal.reflect.NativeMethodAccessorImpl.invoke0(Native Method)
	at java.base/jdk.internal.reflect.NativeMethodAccessorImpl.invoke(NativeMethodAccessorImpl.java:62)
	at java.base/jdk.internal.reflect.DelegatingMethodAccessorImpl.invoke(DelegatingMethodAccessorImpl.java:43)
	at java.base/java.lang.reflect.Method.invoke(Method.java:566)
	at org.junit.runners.model.FrameworkMethod$1.runReflectiveCall(FrameworkMethod.java:44)
	at org.junit.internal.runners.model.ReflectiveCallable.run(ReflectiveCallable.java:15)
	at org.junit.runners.model.FrameworkMethod.invokeExplosively(FrameworkMethod.java:41)
	at junitparams.internal.InvokeParameterisedMethod.evaluate(InvokeParameterisedMethod.java:102)
	at org.junit.internal.runners.statements.FailOnTimeout$1.run(FailOnTimeout.java:28)
Caused by: ptolemy.kernel.util.IllegalActionException: Found a zero delay loop containing .dependencyLoop.original
  in .dependencyLoop and .dependencyLoop.original
	at ptolemy.actor.util.CausalityInterfaceForComposites._computeOutputPortDepth(CausalityInterfaceForComposites.java:759)
	at ptolemy.actor.util.CausalityInterfaceForComposites._computeInputDepth(CausalityInterfaceForComposites.java:696)
	at ptolemy.actor.util.CausalityInterfaceForComposites._computeOutputPortDepth(CausalityInterfaceForComposites.java:765)
	at ptolemy.actor.util.CausalityInterfaceForComposites._computeInputDepth(CausalityInterfaceForComposites.java:696)
	at ptolemy.actor.util.CausalityInterfaceForComposites._computeOutputPortDepth(CausalityInterfaceForComposites.java:765)
	at ptolemy.actor.util.CausalityInterfaceForComposites._computeInputDepth(CausalityInterfaceForComposites.java:696)
	at ptolemy.actor.util.CausalityInterfaceForComposites._computeActorDepth(CausalityInterfaceForComposites.java:532)
	at ptolemy.actor.util.CausalityInterfaceForComposites.checkForCycles(CausalityInterfaceForComposites.java:96)
	at ptolemy.domains.de.kernel.DEDirector.preinitialize(DEDirector.java:1338)
	at ptolemy.actor.CompositeActor.preinitialize(CompositeActor.java:1828)
	at ptolemy.actor.Manager.preinitializeAndResolveTypes(Manager.java:1040)
	at ptolemy.actor.Manager.initialize(Manager.java:710)
	at ptolemy.actor.Manager.execute(Manager.java:356)
	at ptolemy.actor.Manager.run(Manager.java:1263)
	at ptolemy.actor.Manager$PtolemyRunThread.run(Manager.java:1933)
java.lang.RuntimeException: Execution failed
	at ptolemy.moml.MoMLSimpleApplication$UnloadThread.run(MoMLSimpleApplication.java:402)
Caused by: ptolemy.kernel.util.IllegalActionException: Found a zero delay loop containing .dependencyLoop2.original
  in .dependencyLoop2 and .dependencyLoop2.original
	at ptolemy.actor.util.CausalityInterfaceForComposites._computeOutputPortDepth(CausalityInterfaceForComposites.java:759)
	at ptolemy.actor.util.CausalityInterfaceForComposites._computeInputDepth(CausalityInterfaceForComposites.java:696)
	at ptolemy.actor.util.CausalityInterfaceForComposites._computeOutputPortDepth(CausalityInterfaceForComposites.java:765)
	at ptolemy.actor.util.CausalityInterfaceForComposites._computeInputDepth(CausalityInterfaceForComposites.java:696)
	at ptolemy.actor.util.CausalityInterfaceForComposites._computeOutputPortDepth(CausalityInterfaceForComposites.java:765)
	at ptolemy.actor.util.CausalityInterfaceForComposites._computeInputDepth(CausalityInterfaceForComposites.java:696)
	at ptolemy.actor.util.CausalityInterfaceForComposites._computeActorDepth(CausalityInterfaceForComposites.java:532)
	at ptolemy.actor.util.CausalityInterfaceForComposites.checkForCycles(CausalityInterfaceForComposites.java:96)
	at ptolemy.domains.de.kernel.DEDirector.preinitialize(DEDirector.java:1338)
	at ptolemy.actor.CompositeActor.preinitialize(CompositeActor.java:1828)
	at ptolemy.actor.Manager.preinitializeAndResolveTypes(Manager.java:1040)
	at ptolemy.actor.Manager.initialize(Manager.java:710)
	at ptolemy.actor.Manager.execute(Manager.java:356)
	at ptolemy.actor.Manager.run(Manager.java:1263)
	at ptolemy.actor.Manager$PtolemyRunThread.run(Manager.java:1933)
java.lang.reflect.InvocationTargetException
	at java.base/jdk.internal.reflect.NativeConstructorAccessorImpl.newInstance0(Native Method)
	at java.base/jdk.internal.reflect.NativeConstructorAccessorImpl.newInstance(NativeConstructorAccessorImpl.java:62)
	at java.base/jdk.internal.reflect.DelegatingConstructorAccessorImpl.newInstance(DelegatingConstructorAccessorImpl.java:45)
	at java.base/java.lang.reflect.Constructor.newInstance(Constructor.java:490)
	at ptolemy.util.test.junit.AutoKnownFailedTests.RunModel(AutoKnownFailedTests.java:105)
	at java.base/jdk.internal.reflect.NativeMethodAccessorImpl.invoke0(Native Method)
	at java.base/jdk.internal.reflect.NativeMethodAccessorImpl.invoke(NativeMethodAccessorImpl.java:62)
	at java.base/jdk.internal.reflect.DelegatingMethodAccessorImpl.invoke(DelegatingMethodAccessorImpl.java:43)
	at java.base/java.lang.reflect.Method.invoke(Method.java:566)
	at org.junit.runners.model.FrameworkMethod$1.runReflectiveCall(FrameworkMethod.java:44)
	at org.junit.internal.runners.model.ReflectiveCallable.run(ReflectiveCallable.java:15)
	at org.junit.runners.model.FrameworkMethod.invokeExplosively(FrameworkMethod.java:41)
	at junitparams.internal.InvokeParameterisedMethod.evaluate(InvokeParameterisedMethod.java:102)
	at org.junit.internal.runners.statements.FailOnTimeout$1.run(FailOnTimeout.java:28)
Caused by: ptolemy.kernel.util.IllegalActionException: Found a zero delay loop containing .dependencyLoop2.original
  in .dependencyLoop2 and .dependencyLoop2.original
	at ptolemy.actor.util.CausalityInterfaceForComposites._computeOutputPortDepth(CausalityInterfaceForComposites.java:759)
	at ptolemy.actor.util.CausalityInterfaceForComposites._computeInputDepth(CausalityInterfaceForComposites.java:696)
	at ptolemy.actor.util.CausalityInterfaceForComposites._computeOutputPortDepth(CausalityInterfaceForComposites.java:765)
	at ptolemy.actor.util.CausalityInterfaceForComposites._computeInputDepth(CausalityInterfaceForComposites.java:696)
	at ptolemy.actor.util.CausalityInterfaceForComposites._computeOutputPortDepth(CausalityInterfaceForComposites.java:765)
	at ptolemy.actor.util.CausalityInterfaceForComposites._computeInputDepth(CausalityInterfaceForComposites.java:696)
	at ptolemy.actor.util.CausalityInterfaceForComposites._computeActorDepth(CausalityInterfaceForComposites.java:532)
	at ptolemy.actor.util.CausalityInterfaceForComposites.checkForCycles(CausalityInterfaceForComposites.java:96)
	at ptolemy.domains.de.kernel.DEDirector.preinitialize(DEDirector.java:1338)
	at ptolemy.actor.CompositeActor.preinitialize(CompositeActor.java:1828)
	at ptolemy.actor.Manager.preinitializeAndResolveTypes(Manager.java:1040)
	at ptolemy.actor.Manager.initialize(Manager.java:710)
	at ptolemy.actor.Manager.execute(Manager.java:356)
	at ptolemy.actor.Manager.run(Manager.java:1263)
	at ptolemy.actor.Manager$PtolemyRunThread.run(Manager.java:1933)
]]></system-err>
</testsuite>
