<?xml version="1.0" encoding="UTF-8" ?>
<testsuite errors="0" failures="0" hostname="travis-job-0979b03b-9f73-4e94-b294-84cc172a646b" name="ptolemy.domains.de.test.junit.JUnitTclTest" skipped="0" tests="101" time="137.628" timestamp="2018-08-31T02:04:24">
  <properties>
[...]
</properties>
  <testcase classname="ptolemy.util.test.junit.TclTests" name="[0] /home/travis/build/icyphy/ptII/ptolemy/domains/de/test/DependencyLoop.tcl (RunTclFile)" time="0.778" />
  <testcase classname="ptolemy.util.test.junit.TclTests" name="[1] /home/travis/build/icyphy/ptII/ptolemy/domains/de/test/RunDETestsAsQSS.tcl (RunTclFile)" time="95.454" />
  <testcase classname="ptolemy.util.test.junit.AutoKnownFailedTests" name="[0] /home/travis/build/icyphy/ptII/ptolemy/domains/de/test/auto/knownFailedTests/DESDFClockTest.xml (RunModel)" time="2.055" />
  <testcase classname="ptolemy.util.test.junit.AutoKnownFailedTests" name="[1] /home/travis/build/icyphy/ptII/ptolemy/domains/de/test/auto/knownFailedTests/DirectFeedback.xml (RunModel)" time="0.018" />
  <testcase classname="ptolemy.util.test.junit.AutoKnownFailedTests" name="[2] /home/travis/build/icyphy/ptII/ptolemy/domains/de/test/auto/knownFailedTests/FSMSource.xml (RunModel)" time="0.039" />
  <testcase classname="ptolemy.util.test.junit.AutoKnownFailedTests" name="[3] /home/travis/build/icyphy/ptII/ptolemy/domains/de/test/auto/knownFailedTests/HierarchicalModel.xml (RunModel)" time="0.048" />
  <testcase classname="ptolemy.util.test.junit.AutoKnownFailedTests" name="[4] /home/travis/build/icyphy/ptII/ptolemy/domains/de/test/auto/knownFailedTests/dependencyLoop.xml (RunModel)" time="0.049" />
  <testcase classname="ptolemy.util.test.junit.AutoKnownFailedTests" name="[5] /home/travis/build/icyphy/ptII/ptolemy/domains/de/test/auto/knownFailedTests/dependencyLoop2.xml (RunModel)" time="0.046" />
  <testcase classname="ptolemy.util.test.junit.AutoNameArchTests" name="[0] ThereAreNoAutoArchTests (RunModel)" time="0.001" />
  <testcase classname="ptolemy.util.test.junit.AutoTests" name="[0] /home/travis/build/icyphy/ptII/ptolemy/domains/de/test/auto/ActorDepthCalculation_actorWithoutPorts.xml (RunModel)" time="0.015" />
  <testcase classname="ptolemy.util.test.junit.AutoTests" name="[1] /home/travis/build/icyphy/ptII/ptolemy/domains/de/test/auto/AssemblyLine.xml (RunModel)" time="0.024" />
  <testcase classname="ptolemy.util.test.junit.AutoTests" name="[2] /home/travis/build/icyphy/ptII/ptolemy/domains/de/test/auto/CQBug1.xml (RunModel)" time="0.007" />
  <testcase classname="ptolemy.util.test.junit.AutoTests" name="[3] /home/travis/build/icyphy/ptII/ptolemy/domains/de/test/auto/CancelFireAt.xml (RunModel)" time="0.006" />
  <testcase classname="ptolemy.util.test.junit.AutoTests" name="[4] /home/travis/build/icyphy/ptII/ptolemy/domains/de/test/auto/CausalityAndComposabilityAnalysis.xml (RunModel)" time="0.013" />
  <testcase classname="ptolemy.util.test.junit.AutoTests" name="[5] /home/travis/build/icyphy/ptII/ptolemy/domains/de/test/auto/CausalityInterface1.xml (RunModel)" time="0.013" />
  <testcase classname="ptolemy.util.test.junit.AutoTests" name="[6] /home/travis/build/icyphy/ptII/ptolemy/domains/de/test/auto/CausalityInterface15.xml (RunModel)" time="0.014" />
  <testcase classname="ptolemy.util.test.junit.AutoTests" name="[7] /home/travis/build/icyphy/ptII/ptolemy/domains/de/test/auto/CausalityInterface2.xml (RunModel)" time="0.012" />
  <testcase classname="ptolemy.util.test.junit.AutoTests" name="[8] /home/travis/build/icyphy/ptII/ptolemy/domains/de/test/auto/CausalityInterface3.xml (RunModel)" time="0.016" />
  <testcase classname="ptolemy.util.test.junit.AutoTests" name="[9] /home/travis/build/icyphy/ptII/ptolemy/domains/de/test/auto/ClockDrift.xml (RunModel)" time="0.038" />
  <testcase classname="ptolemy.util.test.junit.AutoTests" name="[10] /home/travis/build/icyphy/ptII/ptolemy/domains/de/test/auto/ClockDriftAndValueChange.xml (RunModel)" time="0.034" />
  <testcase classname="ptolemy.util.test.junit.AutoTests" name="[11] /home/travis/build/icyphy/ptII/ptolemy/domains/de/test/auto/ClockDriftChange.xml (RunModel)" time="0.029" />
  <testcase classname="ptolemy.util.test.junit.AutoTests" name="[12] /home/travis/build/icyphy/ptII/ptolemy/domains/de/test/auto/ComposableCausalityAnalysis.xml (RunModel)" time="0.017" />
  <testcase classname="ptolemy.util.test.junit.AutoTests" name="[13] /home/travis/build/icyphy/ptII/ptolemy/domains/de/test/auto/DEFixedPointLimitation.xml (RunModel)" time="0.01" />
  <testcase classname="ptolemy.util.test.junit.AutoTests" name="[14] /home/travis/build/icyphy/ptII/ptolemy/domains/de/test/auto/DEScheduleTest.xml (RunModel)" time="0.012" />
  <testcase classname="ptolemy.util.test.junit.AutoTests" name="[15] /home/travis/build/icyphy/ptII/ptolemy/domains/de/test/auto/DEinDEwithStartTimes.xml (RunModel)" time="0.013" />
  <testcase classname="ptolemy.util.test.junit.AutoTests" name="[16] /home/travis/build/icyphy/ptII/ptolemy/domains/de/test/auto/DEinDEwithStartTimes2.xml (RunModel)" time="0.014" />
  <testcase classname="ptolemy.util.test.junit.AutoTests" name="[17] /home/travis/build/icyphy/ptII/ptolemy/domains/de/test/auto/DateDemo.xml (RunModel)" time="0.029" />
  <testcase classname="ptolemy.util.test.junit.AutoTests" name="[18] /home/travis/build/icyphy/ptII/ptolemy/domains/de/test/auto/DateToEvent.xml (RunModel)" time="2.027" />
  <testcase classname="ptolemy.util.test.junit.AutoTests" name="[19] /home/travis/build/icyphy/ptII/ptolemy/domains/de/test/auto/DepthTest1.xml (RunModel)" time="0.007" />
  <testcase classname="ptolemy.util.test.junit.AutoTests" name="[20] /home/travis/build/icyphy/ptII/ptolemy/domains/de/test/auto/DepthTest2.xml (RunModel)" time="0.018" />
  <testcase classname="ptolemy.util.test.junit.AutoTests" name="[21] /home/travis/build/icyphy/ptII/ptolemy/domains/de/test/auto/DepthTest3.xml (RunModel)" time="0.009" />
  <testcase classname="ptolemy.util.test.junit.AutoTests" name="[22] /home/travis/build/icyphy/ptII/ptolemy/domains/de/test/auto/DepthTest4.xml (RunModel)" time="0.013" />
  <testcase classname="ptolemy.util.test.junit.AutoTests" name="[23] /home/travis/build/icyphy/ptII/ptolemy/domains/de/test/auto/DepthTest5.xml (RunModel)" time="0.014" />
  <testcase classname="ptolemy.util.test.junit.AutoTests" name="[24] /home/travis/build/icyphy/ptII/ptolemy/domains/de/test/auto/DepthTest6.xml (RunModel)" time="0.015" />
  <testcase classname="ptolemy.util.test.junit.AutoTests" name="[25] /home/travis/build/icyphy/ptII/ptolemy/domains/de/test/auto/DepthTest7.xml (RunModel)" time="0.012" />
  <testcase classname="ptolemy.util.test.junit.AutoTests" name="[26] /home/travis/build/icyphy/ptII/ptolemy/domains/de/test/auto/EventToDate.xml (RunModel)" time="3.037" />
  <testcase classname="ptolemy.util.test.junit.AutoTests" name="[27] /home/travis/build/icyphy/ptII/ptolemy/domains/de/test/auto/FSM1.xml (RunModel)" time="0.055" />
  <testcase classname="ptolemy.util.test.junit.AutoTests" name="[28] /home/travis/build/icyphy/ptII/ptolemy/domains/de/test/auto/FSM7.xml (RunModel)" time="0.053" />
  <testcase classname="ptolemy.util.test.junit.AutoTests" name="[29] /home/travis/build/icyphy/ptII/ptolemy/domains/de/test/auto/Inspection.xml (RunModel)" time="0.04" />
  <testcase classname="ptolemy.util.test.junit.AutoTests" name="[30] /home/travis/build/icyphy/ptII/ptolemy/domains/de/test/auto/Iteration.xml (RunModel)" time="0.019" />
  <testcase classname="ptolemy.util.test.junit.AutoTests" name="[31] /home/travis/build/icyphy/ptII/ptolemy/domains/de/test/auto/LineFault.xml (RunModel)" time="0.622" />
  <testcase classname="ptolemy.util.test.junit.AutoTests" name="[32] /home/travis/build/icyphy/ptII/ptolemy/domains/de/test/auto/MergeModel1Add.xml (RunModel)" time="0.03" />
  <testcase classname="ptolemy.util.test.junit.AutoTests" name="[33] /home/travis/build/icyphy/ptII/ptolemy/domains/de/test/auto/MergeModel2Add.xml (RunModel)" time="0.043" />
  <testcase classname="ptolemy.util.test.junit.AutoTests" name="[34] /home/travis/build/icyphy/ptII/ptolemy/domains/de/test/auto/MergeModel3Add.xml (RunModel)" time="0.05" />
  <testcase classname="ptolemy.util.test.junit.AutoTests" name="[35] /home/travis/build/icyphy/ptII/ptolemy/domains/de/test/auto/MergeWithoutDiscard.xml (RunModel)" time="0.011" />
  <testcase classname="ptolemy.util.test.junit.AutoTests" name="[36] /home/travis/build/icyphy/ptII/ptolemy/domains/de/test/auto/Modal1.xml (RunModel)" time="0.021" />
  <testcase classname="ptolemy.util.test.junit.AutoTests" name="[37] /home/travis/build/icyphy/ptII/ptolemy/domains/de/test/auto/Modal2.xml (RunModel)" time="0.02" />
  <testcase classname="ptolemy.util.test.junit.AutoTests" name="[38] /home/travis/build/icyphy/ptII/ptolemy/domains/de/test/auto/Modal3.xml (RunModel)" time="0.022" />
  <testcase classname="ptolemy.util.test.junit.AutoTests" name="[39] /home/travis/build/icyphy/ptII/ptolemy/domains/de/test/auto/Modal4.xml (RunModel)" time="0.026" />
  <testcase classname="ptolemy.util.test.junit.AutoTests" name="[40] /home/travis/build/icyphy/ptII/ptolemy/domains/de/test/auto/Modal5.xml (RunModel)" time="0.021" />
  <testcase classname="ptolemy.util.test.junit.AutoTests" name="[41] /home/travis/build/icyphy/ptII/ptolemy/domains/de/test/auto/Modal6.xml (RunModel)" time="0.022" />
  <testcase classname="ptolemy.util.test.junit.AutoTests" name="[42] /home/travis/build/icyphy/ptII/ptolemy/domains/de/test/auto/Modal7.xml (RunModel)" time="0.037" />
  <testcase classname="ptolemy.util.test.junit.AutoTests" name="[43] /home/travis/build/icyphy/ptII/ptolemy/domains/de/test/auto/ModalModel.xml (RunModel)" time="0.21" />
  <testcase classname="ptolemy.util.test.junit.AutoTests" name="[44] /home/travis/build/icyphy/ptII/ptolemy/domains/de/test/auto/ModalSource.xml (RunModel)" time="0.019" />
  <testcase classname="ptolemy.util.test.junit.AutoTests" name="[45] /home/travis/build/icyphy/ptII/ptolemy/domains/de/test/auto/NonInterruptibleTimerZeroDelay.xml (RunModel)" time="0.012" />
  <testcase classname="ptolemy.util.test.junit.AutoTests" name="[46] /home/travis/build/icyphy/ptII/ptolemy/domains/de/test/auto/OpenQueueingNetwork.xml (RunModel)" time="2.645" />
  <testcase classname="ptolemy.util.test.junit.AutoTests" name="[47] /home/travis/build/icyphy/ptII/ptolemy/domains/de/test/auto/OpenQueuingNetwork.xml (RunModel)" time="0.296" />
  <testcase classname="ptolemy.util.test.junit.AutoTests" name="[48] /home/travis/build/icyphy/ptII/ptolemy/domains/de/test/auto/PeriodicSampler.xml (RunModel)" time="0.009" />
  <testcase classname="ptolemy.util.test.junit.AutoTests" name="[49] /home/travis/build/icyphy/ptII/ptolemy/domains/de/test/auto/PersistentIO.xml (RunModel)" time="0.021" />
  <testcase classname="ptolemy.util.test.junit.AutoTests" name="[50] /home/travis/build/icyphy/ptII/ptolemy/domains/de/test/auto/PortParameterResetOnInitialize.xml (RunModel)" time="0.009" />
  <testcase classname="ptolemy.util.test.junit.AutoTests" name="[51] /home/travis/build/icyphy/ptII/ptolemy/domains/de/test/auto/PortParameterUpdates.xml (RunModel)" time="0.015" />
  <testcase classname="ptolemy.util.test.junit.AutoTests" name="[52] /home/travis/build/icyphy/ptII/ptolemy/domains/de/test/auto/QueueAndServer.xml (RunModel)" time="0.02" />
  <testcase classname="ptolemy.util.test.junit.AutoTests" name="[53] /home/travis/build/icyphy/ptII/ptolemy/domains/de/test/auto/Records.xml (RunModel)" time="0.013" />
  <testcase classname="ptolemy.util.test.junit.AutoTests" name="[54] /home/travis/build/icyphy/ptII/ptolemy/domains/de/test/auto/ResetTransitionWithStartTime1.xml (RunModel)" time="0.02" />
  <testcase classname="ptolemy.util.test.junit.AutoTests" name="[55] /home/travis/build/icyphy/ptII/ptolemy/domains/de/test/auto/ResetTransitionWithStartTime2.xml (RunModel)" time="0.02" />
  <testcase classname="ptolemy.util.test.junit.AutoTests" name="[56] /home/travis/build/icyphy/ptII/ptolemy/domains/de/test/auto/ResetTransitionWithStartTime3.xml (RunModel)" time="0.02" />
  <testcase classname="ptolemy.util.test.junit.AutoTests" name="[57] /home/travis/build/icyphy/ptII/ptolemy/domains/de/test/auto/ResetTransitionWithStartTime4.xml (RunModel)" time="0.02" />
  <testcase classname="ptolemy.util.test.junit.AutoTests" name="[58] /home/travis/build/icyphy/ptII/ptolemy/domains/de/test/auto/ResettableTimer1.xml (RunModel)" time="0.021" />
  <testcase classname="ptolemy.util.test.junit.AutoTests" name="[59] /home/travis/build/icyphy/ptII/ptolemy/domains/de/test/auto/ResettableTimer2.xml (RunModel)" time="0.013" />
  <testcase classname="ptolemy.util.test.junit.AutoTests" name="[60] /home/travis/build/icyphy/ptII/ptolemy/domains/de/test/auto/ResettableTimer3.xml (RunModel)" time="0.01" />
  <testcase classname="ptolemy.util.test.junit.AutoTests" name="[61] /home/travis/build/icyphy/ptII/ptolemy/domains/de/test/auto/ResettableTimer4.xml (RunModel)" time="0.01" />
  <testcase classname="ptolemy.util.test.junit.AutoTests" name="[62] /home/travis/build/icyphy/ptII/ptolemy/domains/de/test/auto/ResettableTimer5.xml (RunModel)" time="0.011" />
  <testcase classname="ptolemy.util.test.junit.AutoTests" name="[63] /home/travis/build/icyphy/ptII/ptolemy/domains/de/test/auto/ResettableTimer6.xml (RunModel)" time="0.012" />
  <testcase classname="ptolemy.util.test.junit.AutoTests" name="[64] /home/travis/build/icyphy/ptII/ptolemy/domains/de/test/auto/ServerZeroDelay.xml (RunModel)" time="0.018" />
  <testcase classname="ptolemy.util.test.junit.AutoTests" name="[65] /home/travis/build/icyphy/ptII/ptolemy/domains/de/test/auto/SmartSender.xml (RunModel)" time="3.008" />
  <testcase classname="ptolemy.util.test.junit.AutoTests" name="[66] /home/travis/build/icyphy/ptII/ptolemy/domains/de/test/auto/ThreadedComposite.xml (RunModel)" time="0.151" />
  <testcase classname="ptolemy.util.test.junit.AutoTests" name="[67] /home/travis/build/icyphy/ptII/ptolemy/domains/de/test/auto/Time.xml (RunModel)" time="0.458" />
  <testcase classname="ptolemy.util.test.junit.AutoTests" name="[68] /home/travis/build/icyphy/ptII/ptolemy/domains/de/test/auto/TimeDelayZeroDelay.xml (RunModel)" time="0.012" />
  <testcase classname="ptolemy.util.test.junit.AutoTests" name="[69] /home/travis/build/icyphy/ptII/ptolemy/domains/de/test/auto/TimerZeroDelay.xml (RunModel)" time="0.009" />
  <testcase classname="ptolemy.util.test.junit.AutoTests" name="[70] /home/travis/build/icyphy/ptII/ptolemy/domains/de/test/auto/TimingParadox.xml (RunModel)" time="0.401" />
  <testcase classname="ptolemy.util.test.junit.AutoTests" name="[71] /home/travis/build/icyphy/ptII/ptolemy/domains/de/test/auto/TransferInputs.xml (RunModel)" time="0.014" />
  <testcase classname="ptolemy.util.test.junit.AutoTests" name="[72] /home/travis/build/icyphy/ptII/ptolemy/domains/de/test/auto/TransferOutputs2.xml (RunModel)" time="0.019" />
  <testcase classname="ptolemy.util.test.junit.AutoTests" name="[73] /home/travis/build/icyphy/ptII/ptolemy/domains/de/test/auto/Trilateration.xml (RunModel)" time="12.213" />
  <testcase classname="ptolemy.util.test.junit.AutoTests" name="[74] /home/travis/build/icyphy/ptII/ptolemy/domains/de/test/auto/TwoSigmaDelta.xml (RunModel)" time="2.252" />
  <testcase classname="ptolemy.util.test.junit.AutoTests" name="[75] /home/travis/build/icyphy/ptII/ptolemy/domains/de/test/auto/VariableDelay.xml (RunModel)" time="0.038" />
  <testcase classname="ptolemy.util.test.junit.AutoTests" name="[76] /home/travis/build/icyphy/ptII/ptolemy/domains/de/test/auto/VariableDelay2.xml (RunModel)" time="0.011" />
  <testcase classname="ptolemy.util.test.junit.AutoTests" name="[77] /home/travis/build/icyphy/ptII/ptolemy/domains/de/test/auto/VariableDelayZeroDelay.xml (RunModel)" time="0.013" />
  <testcase classname="ptolemy.util.test.junit.AutoTests" name="[78] /home/travis/build/icyphy/ptII/ptolemy/domains/de/test/auto/VariableDelayZeroDelay2.xml (RunModel)" time="0.014" />
  <testcase classname="ptolemy.util.test.junit.AutoTests" name="[79] /home/travis/build/icyphy/ptII/ptolemy/domains/de/test/auto/deInCt.xml (RunModel)" time="0.015" />
  <testcase classname="ptolemy.util.test.junit.AutoTests" name="[80] /home/travis/build/icyphy/ptII/ptolemy/domains/de/test/auto/deInCt2.xml (RunModel)" time="0.016" />
  <testcase classname="ptolemy.util.test.junit.AutoTests" name="[81] /home/travis/build/icyphy/ptII/ptolemy/domains/de/test/auto/dynamicCausalityInterface1.xml (RunModel)" time="0.021" />
  <testcase classname="ptolemy.util.test.junit.AutoTests" name="[82] /home/travis/build/icyphy/ptII/ptolemy/domains/de/test/auto/fsm_de_test.xml (RunModel)" time="0.032" />
  <testcase classname="ptolemy.util.test.junit.AutoTests" name="[83] /home/travis/build/icyphy/ptII/ptolemy/domains/de/test/auto/functionDependencyReconstruction.xml (RunModel)" time="0.041" />
  <testcase classname="ptolemy.util.test.junit.AutoTests" name="[84] /home/travis/build/icyphy/ptII/ptolemy/domains/de/test/auto/multirate.xml (RunModel)" time="0.016" />
  <testcase classname="ptolemy.util.test.junit.AutoTests" name="[85] /home/travis/build/icyphy/ptII/ptolemy/domains/de/test/auto/multirate2.xml (RunModel)" time="0.02" />
  <testcase classname="ptolemy.util.test.junit.AutoTests" name="[86] /home/travis/build/icyphy/ptII/ptolemy/domains/de/test/auto/realtime.xml (RunModel)" time="10.012" />
  <testcase classname="ptolemy.util.test.junit.AutoTests" name="[87] /home/travis/build/icyphy/ptII/ptolemy/domains/de/test/auto/relationGroup.xml (RunModel)" time="0.011" />
  <testcase classname="ptolemy.util.test.junit.AutoTests" name="[88] /home/travis/build/icyphy/ptII/ptolemy/domains/de/test/auto/relationGroup2.xml (RunModel)" time="0.008" />
  <testcase classname="ptolemy.util.test.junit.AutoTests" name="[89] /home/travis/build/icyphy/ptII/ptolemy/domains/de/test/auto/sortWithOpaquePorts.xml (RunModel)" time="0.009" />
  <testcase classname="ptolemy.util.test.junit.AutoTests" name="[90] /home/travis/build/icyphy/ptII/ptolemy/domains/de/test/auto/transferInputsandOutputs.xml (RunModel)" time="0.019" />
  <testcase classname="ptolemy.util.test.junit.AutoTests" name="[91] /home/travis/build/icyphy/ptII/ptolemy/domains/de/test/auto/triggerType.xml (RunModel)" time="0.01" />
  <system-out><![CDATA[/home/travis/build/icyphy/ptII/ptolemy/domains/de/test/DependencyLoop.tcl
testDefs.tcl: setting time out to 9000 seconds at Fri Aug 31 02:04:25 UTC 2018
16 ms. Memory: 116224K Free: 93937K (81%)
6 ms. Memory: 146944K Free: 135440K (92%)
/home/travis/build/icyphy/ptII/ptolemy/domains/de/test/RunDETestsAsQSS.tcl
Run the DE tests using ptolemy.domains.qss.test.QSSDirectorTest, which extends QSSDirector and prints a message in the constructors.
------------------ testing $PTII/ptolemy/domains/de/test/auto/knownFailedTests/dependencyLoop.xml (Known Failure) 
7 ms. Memory: 146944K Free: 132328K (90%)


==== $PTIIhome/travis/build/icyphy/ptII/ptolemy/domains/de/test/../../../../: Auto Automatic test in file $PTII/ptolemy/domains/de/test/auto/knownFailedTests/dependencyLoop.xml
==== Contents of test case:

	    # FIXME: we should use $relativeFilename here, but it
	    # might have backslashes under Windows, which causes no end
	    # of trouble.
	    createAndExecute $file
	    list {}
	
.... Test generated KNOWN error:
    while executing
ptolemy.kernel.util.IllegalActionException: Found a zero delay loop containing .dependencyLoop.original
  in .dependencyLoop and .dependencyLoop.original
	at ptolemy.actor.util.CausalityInterfaceForComposites._computeOutputPortDepth(CausalityInterfaceForComposites.java:759)
	at ptolemy.actor.util.CausalityInterfaceForComposites._computeInputDepth(CausalityInterfaceForComposites.java:696)
	at ptolemy.actor.util.CausalityInterfaceForComposites._computeOutputPortDepth(CausalityInterfaceForComposites.java:765)
	at ptolemy.actor.util.CausalityInterfaceForComposites._computeInputDepth(CausalityInterfaceForComposites.java:696)
	at ptolemy.actor.util.CausalityInterfaceForComposites._computeOutputPortDepth(CausalityInterfaceForComposites.java:765)
	at ptolemy.actor.util.CausalityInterfaceForComposites._computeInputDepth(CausalityInterfaceForComposites.java:696)
	at ptolemy.actor.util.CausalityInterfaceForComposites._computeActorDepth(CausalityInterfaceForComposites.java:532)
	at ptolemy.actor.util.CausalityInterfaceForComposites.checkForCycles(CausalityInterfaceForComposites.java:96)
	at ptolemy.domains.de.kernel.DEDirector.preinitialize(DEDirector.java:1338)
	at ptolemy.actor.CompositeActor.preinitialize(CompositeActor.java:1828)
	at ptolemy.actor.Manager.preinitializeAndResolveTypes(Manager.java:1040)
	at ptolemy.actor.Manager.initialize(Manager.java:710)
	at ptolemy.actor.Manager.execute(Manager.java:356)
	at ptolemy.actor.Manager.run(Manager.java:1263)
	at ptolemy.actor.Manager$PtolemyRunThread.run(Manager.java:1915)

    while executing
ptolemy.kernel.util.IllegalActionException: Found a zero delay loop containing .dependencyLoop.original
  in .dependencyLoop and .dependencyLoop.original
    while executing
"java::new ptolemy.moml.MoMLSimpleApplication $file
"
    (procedure "createAndExecute" line 2)
    invoked from within
"createAndExecute $file"
    ("uplevel" body line 5)
    invoked from within
"uplevel $contents_of_test"
------------------ testing $PTII/ptolemy/domains/de/test/auto/knownFailedTests/DESDFClockTest.xml (Known Failure) 
2097 ms. Memory: 146944K Free: 116412K (79%)


==== $PTIIhome/travis/build/icyphy/ptII/ptolemy/domains/de/test/../../../../: Auto Automatic test in file $PTII/ptolemy/domains/de/test/auto/knownFailedTests/DESDFClockTest.xml
==== Contents of test case:

	    # FIXME: we should use $relativeFilename here, but it
	    # might have backslashes under Windows, which causes no end
	    # of trouble.
	    createAndExecute $file
	    list {}
	
.... Test generated KNOWN error:
    while executing
ptolemy.kernel.util.IllegalActionException: Actor is not ready to fire.  Perhaps UpSample.prefire() returned false? Try debugging the actor by selecting "Listen to Actor".  Also, for SDF check moml for tokenConsumptionRate on input.
  in .DESDFClockTest.Play Bell.Copy1:SDF Director and .DESDFClockTest.Play Bell.UpSample
	at ptolemy.actor.sched.StaticSchedulingDirector.fire(StaticSchedulingDirector.java:227)
	at ptolemy.domains.sdf.kernel.SDFDirector.fire(SDFDirector.java:500)
	at ptolemy.actor.CompositeActor.fire(CompositeActor.java:455)
	at ptolemy.domains.de.kernel.DEDirector._fire(DEDirector.java:1949)
	at ptolemy.domains.de.kernel.DEDirector.fire(DEDirector.java:502)
	at ptolemy.actor.CompositeActor.fire(CompositeActor.java:455)
	at ptolemy.actor.Manager.iterate(Manager.java:851)
	at ptolemy.actor.Manager.execute(Manager.java:369)
	at ptolemy.actor.Manager.run(Manager.java:1263)
	at ptolemy.actor.Manager$PtolemyRunThread.run(Manager.java:1915)

    while executing
ptolemy.kernel.util.IllegalActionException: Actor is not ready to fire.  Perhaps UpSample.prefire() returned false? Try debugging the actor by selecting "Listen to Actor".  Also, for SDF check moml for tokenConsumptionRate on input.
  in .DESDFClockTest.Play Bell.Copy1:SDF Director and .DESDFClockTest.Play Bell.UpSample
    while executing
"java::new ptolemy.moml.MoMLSimpleApplication $file
"
    (procedure "createAndExecute" line 2)
    invoked from within
"createAndExecute $file"
    ("uplevel" body line 5)
    invoked from within
"uplevel $contents_of_test"
------------------ testing $PTII/ptolemy/domains/de/test/auto/knownFailedTests/FSMSource.xml (Known Failure) 
23 ms. Memory: 146944K Free: 107355K (73%)
!!!! Auto was marked as failing, but now passes
------------------ testing $PTII/ptolemy/domains/de/test/auto/knownFailedTests/dependencyLoop2.xml (Known Failure) 
7 ms. Memory: 146944K Free: 105472K (72%)


==== $PTIIhome/travis/build/icyphy/ptII/ptolemy/domains/de/test/../../../../: Auto Automatic test in file $PTII/ptolemy/domains/de/test/auto/knownFailedTests/dependencyLoop2.xml
==== Contents of test case:

	    # FIXME: we should use $relativeFilename here, but it
	    # might have backslashes under Windows, which causes no end
	    # of trouble.
	    createAndExecute $file
	    list {}
	
.... Test generated KNOWN error:
    while executing
ptolemy.kernel.util.IllegalActionException: Found a zero delay loop containing .dependencyLoop2.original
  in .dependencyLoop2 and .dependencyLoop2.original
	at ptolemy.actor.util.CausalityInterfaceForComposites._computeOutputPortDepth(CausalityInterfaceForComposites.java:759)
	at ptolemy.actor.util.CausalityInterfaceForComposites._computeInputDepth(CausalityInterfaceForComposites.java:696)
	at ptolemy.actor.util.CausalityInterfaceForComposites._computeOutputPortDepth(CausalityInterfaceForComposites.java:765)
	at ptolemy.actor.util.CausalityInterfaceForComposites._computeInputDepth(CausalityInterfaceForComposites.java:696)
	at ptolemy.actor.util.CausalityInterfaceForComposites._computeOutputPortDepth(CausalityInterfaceForComposites.java:765)
	at ptolemy.actor.util.CausalityInterfaceForComposites._computeInputDepth(CausalityInterfaceForComposites.java:696)
	at ptolemy.actor.util.CausalityInterfaceForComposites._computeActorDepth(CausalityInterfaceForComposites.java:532)
	at ptolemy.actor.util.CausalityInterfaceForComposites.checkForCycles(CausalityInterfaceForComposites.java:96)
	at ptolemy.domains.de.kernel.DEDirector.preinitialize(DEDirector.java:1338)
	at ptolemy.actor.CompositeActor.preinitialize(CompositeActor.java:1828)
	at ptolemy.actor.Manager.preinitializeAndResolveTypes(Manager.java:1040)
	at ptolemy.actor.Manager.initialize(Manager.java:710)
	at ptolemy.actor.Manager.execute(Manager.java:356)
	at ptolemy.actor.Manager.run(Manager.java:1263)
	at ptolemy.actor.Manager$PtolemyRunThread.run(Manager.java:1915)

    while executing
ptolemy.kernel.util.IllegalActionException: Found a zero delay loop containing .dependencyLoop2.original
  in .dependencyLoop2 and .dependencyLoop2.original
    while executing
"java::new ptolemy.moml.MoMLSimpleApplication $file
"
    (procedure "createAndExecute" line 2)
    invoked from within
"createAndExecute $file"
    ("uplevel" body line 5)
    invoked from within
"uplevel $contents_of_test"
------------------ testing $PTII/ptolemy/domains/de/test/auto/knownFailedTests/HierarchicalModel.xml (Known Failure) 
13 ms. Memory: 146944K Free: 84757K (58%)


==== $PTIIhome/travis/build/icyphy/ptII/ptolemy/domains/de/test/../../../../: Auto Automatic test in file $PTII/ptolemy/domains/de/test/auto/knownFailedTests/HierarchicalModel.xml
==== Contents of test case:

	    # FIXME: we should use $relativeFilename here, but it
	    # might have backslashes under Windows, which causes no end
	    # of trouble.
	    createAndExecute $file
	    list {}
	
.... Test generated KNOWN error:
    while executing
ptolemy.kernel.util.IllegalActionException: Found a zero delay loop containing .HierarchicalModel.A
  in .HierarchicalModel and .HierarchicalModel.A
	at ptolemy.actor.util.CausalityInterfaceForComposites._computeOutputPortDepth(CausalityInterfaceForComposites.java:759)
	at ptolemy.actor.util.CausalityInterfaceForComposites._computeInputDepth(CausalityInterfaceForComposites.java:696)
	at ptolemy.actor.util.CausalityInterfaceForComposites._computeOutputPortDepth(CausalityInterfaceForComposites.java:765)
	at ptolemy.actor.util.CausalityInterfaceForComposites._computeInputDepth(CausalityInterfaceForComposites.java:696)
	at ptolemy.actor.util.CausalityInterfaceForComposites._computeOutputPortDepth(CausalityInterfaceForComposites.java:765)
	at ptolemy.actor.util.CausalityInterfaceForComposites._computeInputDepth(CausalityInterfaceForComposites.java:696)
	at ptolemy.actor.util.CausalityInterfaceForComposites._computeActorDepth(CausalityInterfaceForComposites.java:532)
	at ptolemy.actor.util.CausalityInterfaceForComposites.checkForCycles(CausalityInterfaceForComposites.java:96)
	at ptolemy.domains.de.kernel.DEDirector.preinitialize(DEDirector.java:1338)
	at ptolemy.actor.CompositeActor.preinitialize(CompositeActor.java:1828)
	at ptolemy.actor.Manager.preinitializeAndResolveTypes(Manager.java:1040)
	at ptolemy.actor.Manager.initialize(Manager.java:710)
	at ptolemy.actor.Manager.execute(Manager.java:356)
	at ptolemy.actor.Manager.run(Manager.java:1263)
	at ptolemy.actor.Manager$PtolemyRunThread.run(Manager.java:1915)

    while executing
ptolemy.kernel.util.IllegalActionException: Found a zero delay loop containing .HierarchicalModel.A
  in .HierarchicalModel and .HierarchicalModel.A
    while executing
"java::new ptolemy.moml.MoMLSimpleApplication $file
"
    (procedure "createAndExecute" line 2)
    invoked from within
"createAndExecute $file"
    ("uplevel" body line 5)
    invoked from within
"uplevel $contents_of_test"
------------------ testing $PTII/ptolemy/domains/de/test/auto/knownFailedTests/DirectFeedback.xml (Known Failure) 
10 ms. Memory: 146944K Free: 141092K (96%)


==== $PTIIhome/travis/build/icyphy/ptII/ptolemy/domains/de/test/../../../../: Auto Automatic test in file $PTII/ptolemy/domains/de/test/auto/knownFailedTests/DirectFeedback.xml
==== Contents of test case:

	    # FIXME: we should use $relativeFilename here, but it
	    # might have backslashes under Windows, which causes no end
	    # of trouble.
	    createAndExecute $file
	    list {}
	
.... Test generated KNOWN error:
    while executing
ptolemy.kernel.util.IllegalActionException: Test fails in iteration 1.
Value was: 1.0. Should have been: 2.0
  in .DirectFeedback.Test
	at ptolemy.actor.lib.Test.fire(Test.java:268)
	at ptolemy.domains.de.kernel.DEDirector._fire(DEDirector.java:1949)
	at ptolemy.domains.de.kernel.DEDirector.fire(DEDirector.java:502)
	at ptolemy.actor.CompositeActor.fire(CompositeActor.java:455)
	at ptolemy.actor.Manager.iterate(Manager.java:851)
	at ptolemy.actor.Manager.execute(Manager.java:369)
	at ptolemy.actor.Manager.run(Manager.java:1263)
	at ptolemy.actor.Manager$PtolemyRunThread.run(Manager.java:1915)

    while executing
ptolemy.kernel.util.IllegalActionException: Test fails in iteration 1.
Value was: 1.0. Should have been: 2.0
  in .DirectFeedback.Test
    while executing
"java::new ptolemy.moml.MoMLSimpleApplication $file
"
    (procedure "createAndExecute" line 2)
    invoked from within
"createAndExecute $file"
    ("uplevel" body line 5)
    invoked from within
"uplevel $contents_of_test"
------------------ testing $PTII/ptolemy/domains/de/test/auto/ActorDepthCalculation_actorWithoutPorts.xml
auto.tcl: Setting watchdog for 200 seconds at Fri Aug 31 02:04:28 UTC 2018
14 ms. Memory: 146944K Free: 132303K (90%)
ptolemy.util.test.WatchDog.cancel(): canceling Fri Aug 31 02:04:28 UTC 2018
auto.tcl: Setting watchdog for 200 seconds at Fri Aug 31 02:04:28 UTC 2018
5 ms. Memory: 146944K Free: 131247K (89%)
ptolemy.util.test.WatchDog.cancel(): canceling Fri Aug 31 02:04:28 UTC 2018
------------------ testing $PTII/ptolemy/domains/de/test/auto/AssemblyLine.xml
auto.tcl: Setting watchdog for 200 seconds at Fri Aug 31 02:04:29 UTC 2018
18 ms. Memory: 208384K Free: 182756K (88%)
ptolemy.util.test.WatchDog.cancel(): canceling Fri Aug 31 02:04:29 UTC 2018
auto.tcl: Setting watchdog for 200 seconds at Fri Aug 31 02:04:29 UTC 2018
23 ms. Memory: 208384K Free: 182756K (88%)
ptolemy.util.test.WatchDog.cancel(): canceling Fri Aug 31 02:04:29 UTC 2018
------------------ testing $PTII/ptolemy/domains/de/test/auto/CQBug1.xml
auto.tcl: Setting watchdog for 200 seconds at Fri Aug 31 02:04:29 UTC 2018
8 ms. Memory: 208384K Free: 197338K (95%)
ptolemy.util.test.WatchDog.cancel(): canceling Fri Aug 31 02:04:29 UTC 2018
auto.tcl: Setting watchdog for 200 seconds at Fri Aug 31 02:04:29 UTC 2018
2 ms. Memory: 208384K Free: 197338K (95%)
ptolemy.util.test.WatchDog.cancel(): canceling Fri Aug 31 02:04:29 UTC 2018
------------------ testing $PTII/ptolemy/domains/de/test/auto/CancelFireAt.xml
auto.tcl: Setting watchdog for 200 seconds at Fri Aug 31 02:04:29 UTC 2018
12 ms. Memory: 208384K Free: 201079K (96%)
ptolemy.util.test.WatchDog.cancel(): canceling Fri Aug 31 02:04:29 UTC 2018
auto.tcl: Setting watchdog for 200 seconds at Fri Aug 31 02:04:29 UTC 2018
18 ms. Memory: 208384K Free: 198957K (95%)
ptolemy.util.test.WatchDog.cancel(): canceling Fri Aug 31 02:04:29 UTC 2018
------------------ testing $PTII/ptolemy/domains/de/test/auto/CausalityAndComposabilityAnalysis.xml
auto.tcl: Setting watchdog for 200 seconds at Fri Aug 31 02:04:29 UTC 2018
13 ms. Memory: 208384K Free: 198964K (95%)
ptolemy.util.test.WatchDog.cancel(): canceling Fri Aug 31 02:04:29 UTC 2018
auto.tcl: Setting watchdog for 200 seconds at Fri Aug 31 02:04:29 UTC 2018
6 ms. Memory: 208384K Free: 196842K (94%)
ptolemy.util.test.WatchDog.cancel(): canceling Fri Aug 31 02:04:29 UTC 2018
------------------ testing $PTII/ptolemy/domains/de/test/auto/CausalityInterface1.xml
auto.tcl: Setting watchdog for 200 seconds at Fri Aug 31 02:04:29 UTC 2018
16 ms. Memory: 208384K Free: 196369K (94%)
ptolemy.util.test.WatchDog.cancel(): canceling Fri Aug 31 02:04:29 UTC 2018
auto.tcl: Setting watchdog for 200 seconds at Fri Aug 31 02:04:29 UTC 2018
9 ms. Memory: 208384K Free: 196369K (94%)
ptolemy.util.test.WatchDog.cancel(): canceling Fri Aug 31 02:04:29 UTC 2018
------------------ testing $PTII/ptolemy/domains/de/test/auto/CausalityInterface15.xml
auto.tcl: Setting watchdog for 200 seconds at Fri Aug 31 02:04:29 UTC 2018
9 ms. Memory: 208384K Free: 196361K (94%)
ptolemy.util.test.WatchDog.cancel(): canceling Fri Aug 31 02:04:29 UTC 2018
auto.tcl: Setting watchdog for 200 seconds at Fri Aug 31 02:04:29 UTC 2018
4 ms. Memory: 208384K Free: 196361K (94%)
ptolemy.util.test.WatchDog.cancel(): canceling Fri Aug 31 02:04:29 UTC 2018
------------------ testing $PTII/ptolemy/domains/de/test/auto/CausalityInterface2.xml
auto.tcl: Setting watchdog for 200 seconds at Fri Aug 31 02:04:29 UTC 2018
4 ms. Memory: 208384K Free: 196343K (94%)
ptolemy.util.test.WatchDog.cancel(): canceling Fri Aug 31 02:04:29 UTC 2018
auto.tcl: Setting watchdog for 200 seconds at Fri Aug 31 02:04:29 UTC 2018
4 ms. Memory: 208384K Free: 196343K (94%)
ptolemy.util.test.WatchDog.cancel(): canceling Fri Aug 31 02:04:29 UTC 2018
------------------ testing $PTII/ptolemy/domains/de/test/auto/CausalityInterface3.xml
auto.tcl: Setting watchdog for 200 seconds at Fri Aug 31 02:04:29 UTC 2018
9 ms. Memory: 208384K Free: 196357K (94%)
ptolemy.util.test.WatchDog.cancel(): canceling Fri Aug 31 02:04:29 UTC 2018
auto.tcl: Setting watchdog for 200 seconds at Fri Aug 31 02:04:29 UTC 2018
4 ms. Memory: 208384K Free: 196357K (94%)
ptolemy.util.test.WatchDog.cancel(): canceling Fri Aug 31 02:04:29 UTC 2018
------------------ testing $PTII/ptolemy/domains/de/test/auto/ClockDrift.xml
auto.tcl: Setting watchdog for 200 seconds at Fri Aug 31 02:04:29 UTC 2018
101 ms. Memory: 208384K Free: 187479K (90%)
ptolemy.util.test.WatchDog.cancel(): canceling Fri Aug 31 02:04:30 UTC 2018
auto.tcl: Setting watchdog for 200 seconds at Fri Aug 31 02:04:30 UTC 2018
61 ms. Memory: 208384K Free: 185357K (89%)
ptolemy.util.test.WatchDog.cancel(): canceling Fri Aug 31 02:04:30 UTC 2018
------------------ testing $PTII/ptolemy/domains/de/test/auto/ClockDriftAndValueChange.xml
auto.tcl: Setting watchdog for 200 seconds at Fri Aug 31 02:04:30 UTC 2018
47 ms. Memory: 208384K Free: 187331K (90%)
ptolemy.util.test.WatchDog.cancel(): canceling Fri Aug 31 02:04:30 UTC 2018
auto.tcl: Setting watchdog for 200 seconds at Fri Aug 31 02:04:30 UTC 2018
32 ms. Memory: 208384K Free: 185192K (89%)
ptolemy.util.test.WatchDog.cancel(): canceling Fri Aug 31 02:04:30 UTC 2018
------------------ testing $PTII/ptolemy/domains/de/test/auto/ClockDriftChange.xml
auto.tcl: Setting watchdog for 200 seconds at Fri Aug 31 02:04:30 UTC 2018
20 ms. Memory: 208384K Free: 190650K (91%)
ptolemy.util.test.WatchDog.cancel(): canceling Fri Aug 31 02:04:30 UTC 2018
auto.tcl: Setting watchdog for 200 seconds at Fri Aug 31 02:04:30 UTC 2018
20 ms. Memory: 208384K Free: 188528K (90%)
ptolemy.util.test.WatchDog.cancel(): canceling Fri Aug 31 02:04:30 UTC 2018
------------------ testing $PTII/ptolemy/domains/de/test/auto/ComposableCausalityAnalysis.xml
auto.tcl: Setting watchdog for 200 seconds at Fri Aug 31 02:04:30 UTC 2018
6 ms. Memory: 208384K Free: 196193K (94%)
ptolemy.util.test.WatchDog.cancel(): canceling Fri Aug 31 02:04:30 UTC 2018
auto.tcl: Setting watchdog for 200 seconds at Fri Aug 31 02:04:30 UTC 2018
5 ms. Memory: 208384K Free: 194055K (93%)
ptolemy.util.test.WatchDog.cancel(): canceling Fri Aug 31 02:04:30 UTC 2018
------------------ testing $PTII/ptolemy/domains/de/test/auto/DEFixedPointLimitation.xml
auto.tcl: Setting watchdog for 200 seconds at Fri Aug 31 02:04:30 UTC 2018
2 ms. Memory: 208384K Free: 198412K (95%)
ptolemy.util.test.WatchDog.cancel(): canceling Fri Aug 31 02:04:30 UTC 2018
auto.tcl: Setting watchdog for 200 seconds at Fri Aug 31 02:04:30 UTC 2018
2 ms. Memory: 208384K Free: 196289K (94%)
ptolemy.util.test.WatchDog.cancel(): canceling Fri Aug 31 02:04:30 UTC 2018
------------------ testing $PTII/ptolemy/domains/de/test/auto/DEScheduleTest.xml
auto.tcl: Setting watchdog for 200 seconds at Fri Aug 31 02:04:30 UTC 2018
4 ms. Memory: 208384K Free: 198432K (95%)
ptolemy.util.test.WatchDog.cancel(): canceling Fri Aug 31 02:04:30 UTC 2018
auto.tcl: Setting watchdog for 200 seconds at Fri Aug 31 02:04:30 UTC 2018
4 ms. Memory: 208384K Free: 196301K (94%)
ptolemy.util.test.WatchDog.cancel(): canceling Fri Aug 31 02:04:30 UTC 2018
------------------ testing $PTII/ptolemy/domains/de/test/auto/DEinDEwithStartTimes.xml
auto.tcl: Setting watchdog for 200 seconds at Fri Aug 31 02:04:30 UTC 2018
8 ms. Memory: 208384K Free: 196263K (94%)
ptolemy.util.test.WatchDog.cancel(): canceling Fri Aug 31 02:04:30 UTC 2018
auto.tcl: Setting watchdog for 200 seconds at Fri Aug 31 02:04:30 UTC 2018
4 ms. Memory: 208384K Free: 194140K (93%)
ptolemy.util.test.WatchDog.cancel(): canceling Fri Aug 31 02:04:30 UTC 2018
------------------ testing $PTII/ptolemy/domains/de/test/auto/DEinDEwithStartTimes2.xml
auto.tcl: Setting watchdog for 200 seconds at Fri Aug 31 02:04:30 UTC 2018
7 ms. Memory: 208384K Free: 196604K (94%)
ptolemy.util.test.WatchDog.cancel(): canceling Fri Aug 31 02:04:30 UTC 2018
auto.tcl: Setting watchdog for 200 seconds at Fri Aug 31 02:04:30 UTC 2018
13 ms. Memory: 208384K Free: 194128K (93%)
ptolemy.util.test.WatchDog.cancel(): canceling Fri Aug 31 02:04:30 UTC 2018
------------------ testing $PTII/ptolemy/domains/de/test/auto/DateDemo.xml
auto.tcl: Setting watchdog for 200 seconds at Fri Aug 31 02:04:31 UTC 2018
22 ms. Memory: 208384K Free: 188613K (91%)
ptolemy.util.test.WatchDog.cancel(): canceling Fri Aug 31 02:04:31 UTC 2018
auto.tcl: Setting watchdog for 200 seconds at Fri Aug 31 02:04:31 UTC 2018
7 ms. Memory: 208384K Free: 186474K (89%)
ptolemy.util.test.WatchDog.cancel(): canceling Fri Aug 31 02:04:31 UTC 2018
------------------ testing $PTII/ptolemy/domains/de/test/auto/DateToEvent.xml
auto.tcl: Setting watchdog for 200 seconds at Fri Aug 31 02:04:31 UTC 2018
2020 ms. Memory: 208384K Free: 183243K (88%)
ptolemy.util.test.WatchDog.cancel(): canceling Fri Aug 31 02:04:33 UTC 2018
auto.tcl: Setting watchdog for 200 seconds at Fri Aug 31 02:04:33 UTC 2018
2007 ms. Memory: 208384K Free: 183243K (88%)
ptolemy.util.test.WatchDog.cancel(): canceling Fri Aug 31 02:04:35 UTC 2018
------------------ testing $PTII/ptolemy/domains/de/test/auto/DepthTest1.xml
auto.tcl: Setting watchdog for 200 seconds at Fri Aug 31 02:04:35 UTC 2018
3 ms. Memory: 208384K Free: 197966K (95%)
ptolemy.util.test.WatchDog.cancel(): canceling Fri Aug 31 02:04:35 UTC 2018
auto.tcl: Setting watchdog for 200 seconds at Fri Aug 31 02:04:35 UTC 2018
2 ms. Memory: 208384K Free: 197966K (95%)
ptolemy.util.test.WatchDog.cancel(): canceling Fri Aug 31 02:04:35 UTC 2018
------------------ testing $PTII/ptolemy/domains/de/test/auto/DepthTest2.xml
auto.tcl: Setting watchdog for 200 seconds at Fri Aug 31 02:04:35 UTC 2018
11 ms. Memory: 208384K Free: 194162K (93%)
ptolemy.util.test.WatchDog.cancel(): canceling Fri Aug 31 02:04:35 UTC 2018
auto.tcl: Setting watchdog for 200 seconds at Fri Aug 31 02:04:35 UTC 2018
5 ms. Memory: 208384K Free: 194162K (93%)
ptolemy.util.test.WatchDog.cancel(): canceling Fri Aug 31 02:04:35 UTC 2018
------------------ testing $PTII/ptolemy/domains/de/test/auto/DepthTest3.xml
auto.tcl: Setting watchdog for 200 seconds at Fri Aug 31 02:04:35 UTC 2018
3 ms. Memory: 208384K Free: 198629K (95%)
ptolemy.util.test.WatchDog.cancel(): canceling Fri Aug 31 02:04:35 UTC 2018
auto.tcl: Setting watchdog for 200 seconds at Fri Aug 31 02:04:35 UTC 2018
2 ms. Memory: 208384K Free: 198629K (95%)
ptolemy.util.test.WatchDog.cancel(): canceling Fri Aug 31 02:04:35 UTC 2018
------------------ testing $PTII/ptolemy/domains/de/test/auto/DepthTest4.xml
auto.tcl: Setting watchdog for 200 seconds at Fri Aug 31 02:04:35 UTC 2018
3 ms. Memory: 208384K Free: 196257K (94%)
ptolemy.util.test.WatchDog.cancel(): canceling Fri Aug 31 02:04:35 UTC 2018
auto.tcl: Setting watchdog for 200 seconds at Fri Aug 31 02:04:35 UTC 2018
3 ms. Memory: 208384K Free: 196257K (94%)
ptolemy.util.test.WatchDog.cancel(): canceling Fri Aug 31 02:04:35 UTC 2018
------------------ testing $PTII/ptolemy/domains/de/test/auto/DepthTest5.xml
auto.tcl: Setting watchdog for 200 seconds at Fri Aug 31 02:04:35 UTC 2018
5 ms. Memory: 208384K Free: 196550K (94%)
ptolemy.util.test.WatchDog.cancel(): canceling Fri Aug 31 02:04:35 UTC 2018
auto.tcl: Setting watchdog for 200 seconds at Fri Aug 31 02:04:35 UTC 2018
3 ms. Memory: 208384K Free: 196550K (94%)
ptolemy.util.test.WatchDog.cancel(): canceling Fri Aug 31 02:04:35 UTC 2018
------------------ testing $PTII/ptolemy/domains/de/test/auto/DepthTest6.xml
auto.tcl: Setting watchdog for 200 seconds at Fri Aug 31 02:04:35 UTC 2018
9 ms. Memory: 208384K Free: 196517K (94%)
ptolemy.util.test.WatchDog.cancel(): canceling Fri Aug 31 02:04:35 UTC 2018
auto.tcl: Setting watchdog for 200 seconds at Fri Aug 31 02:04:35 UTC 2018
2 ms. Memory: 208384K Free: 196517K (94%)
ptolemy.util.test.WatchDog.cancel(): canceling Fri Aug 31 02:04:35 UTC 2018
------------------ testing $PTII/ptolemy/domains/de/test/auto/DepthTest7.xml
auto.tcl: Setting watchdog for 200 seconds at Fri Aug 31 02:04:35 UTC 2018
7 ms. Memory: 208384K Free: 196161K (94%)
ptolemy.util.test.WatchDog.cancel(): canceling Fri Aug 31 02:04:35 UTC 2018
auto.tcl: Setting watchdog for 200 seconds at Fri Aug 31 02:04:35 UTC 2018
3 ms. Memory: 208384K Free: 196161K (94%)
ptolemy.util.test.WatchDog.cancel(): canceling Fri Aug 31 02:04:35 UTC 2018
------------------ testing $PTII/ptolemy/domains/de/test/auto/EventToDate.xml
auto.tcl: Setting watchdog for 200 seconds at Fri Aug 31 02:04:35 UTC 2018
3010 ms. Memory: 208384K Free: 183082K (88%)
ptolemy.util.test.WatchDog.cancel(): canceling Fri Aug 31 02:04:38 UTC 2018
auto.tcl: Setting watchdog for 200 seconds at Fri Aug 31 02:04:38 UTC 2018
3004 ms. Memory: 208384K Free: 183082K (88%)
ptolemy.util.test.WatchDog.cancel(): canceling Fri Aug 31 02:04:41 UTC 2018
------------------ testing $PTII/ptolemy/domains/de/test/auto/FSM1.xml
auto.tcl: Setting watchdog for 200 seconds at Fri Aug 31 02:04:42 UTC 2018
29 ms. Memory: 208384K Free: 189137K (91%)
ptolemy.util.test.WatchDog.cancel(): canceling Fri Aug 31 02:04:42 UTC 2018
auto.tcl: Setting watchdog for 200 seconds at Fri Aug 31 02:04:42 UTC 2018
28 ms. Memory: 208384K Free: 184884K (89%)
ptolemy.util.test.WatchDog.cancel(): canceling Fri Aug 31 02:04:42 UTC 2018
------------------ testing $PTII/ptolemy/domains/de/test/auto/FSM7.xml
auto.tcl: Setting watchdog for 200 seconds at Fri Aug 31 02:04:42 UTC 2018
15 ms. Memory: 208384K Free: 187203K (90%)
ptolemy.util.test.WatchDog.cancel(): canceling Fri Aug 31 02:04:42 UTC 2018
auto.tcl: Setting watchdog for 200 seconds at Fri Aug 31 02:04:42 UTC 2018
16 ms. Memory: 208384K Free: 185081K (89%)
ptolemy.util.test.WatchDog.cancel(): canceling Fri Aug 31 02:04:42 UTC 2018
------------------ testing $PTII/ptolemy/domains/de/test/auto/Inspection.xml
auto.tcl: Setting watchdog for 200 seconds at Fri Aug 31 02:04:42 UTC 2018
28 ms. Memory: 208384K Free: 188803K (91%)
ptolemy.util.test.WatchDog.cancel(): canceling Fri Aug 31 02:04:42 UTC 2018
auto.tcl: Setting watchdog for 200 seconds at Fri Aug 31 02:04:42 UTC 2018
23 ms. Memory: 208384K Free: 186665K (90%)
ptolemy.util.test.WatchDog.cancel(): canceling Fri Aug 31 02:04:42 UTC 2018
------------------ testing $PTII/ptolemy/domains/de/test/auto/Iteration.xml
auto.tcl: Setting watchdog for 200 seconds at Fri Aug 31 02:04:42 UTC 2018
10 ms. Memory: 208384K Free: 196325K (94%)
ptolemy.util.test.WatchDog.cancel(): canceling Fri Aug 31 02:04:42 UTC 2018
auto.tcl: Setting watchdog for 200 seconds at Fri Aug 31 02:04:42 UTC 2018
7 ms. Memory: 208384K Free: 194186K (93%)
ptolemy.util.test.WatchDog.cancel(): canceling Fri Aug 31 02:04:42 UTC 2018
------------------ testing $PTII/ptolemy/domains/de/test/auto/LineFault.xml
auto.tcl: Setting watchdog for 200 seconds at Fri Aug 31 02:04:42 UTC 2018
768 ms. Memory: 208384K Free: 195019K (94%)
ptolemy.util.test.WatchDog.cancel(): canceling Fri Aug 31 02:04:43 UTC 2018
auto.tcl: Setting watchdog for 200 seconds at Fri Aug 31 02:04:43 UTC 2018
716 ms. Memory: 208384K Free: 138853K (67%)
ptolemy.util.test.WatchDog.cancel(): canceling Fri Aug 31 02:04:44 UTC 2018
------------------ testing $PTII/ptolemy/domains/de/test/auto/MergeModel1Add.xml
auto.tcl: Setting watchdog for 200 seconds at Fri Aug 31 02:04:44 UTC 2018
18 ms. Memory: 331264K Free: 298992K (90%)
ptolemy.util.test.WatchDog.cancel(): canceling Fri Aug 31 02:04:44 UTC 2018
auto.tcl: Setting watchdog for 200 seconds at Fri Aug 31 02:04:44 UTC 2018
12 ms. Memory: 331264K Free: 298992K (90%)
ptolemy.util.test.WatchDog.cancel(): canceling Fri Aug 31 02:04:44 UTC 2018
------------------ testing $PTII/ptolemy/domains/de/test/auto/MergeModel2Add.xml
auto.tcl: Setting watchdog for 200 seconds at Fri Aug 31 02:04:44 UTC 2018
14 ms. Memory: 331264K Free: 304267K (92%)
ptolemy.util.test.WatchDog.cancel(): canceling Fri Aug 31 02:04:44 UTC 2018
auto.tcl: Setting watchdog for 200 seconds at Fri Aug 31 02:04:44 UTC 2018
15 ms. Memory: 331264K Free: 300345K (91%)
ptolemy.util.test.WatchDog.cancel(): canceling Fri Aug 31 02:04:44 UTC 2018
------------------ testing $PTII/ptolemy/domains/de/test/auto/MergeModel3Add.xml
auto.tcl: Setting watchdog for 200 seconds at Fri Aug 31 02:04:44 UTC 2018
22 ms. Memory: 331264K Free: 304277K (92%)
ptolemy.util.test.WatchDog.cancel(): canceling Fri Aug 31 02:04:44 UTC 2018
auto.tcl: Setting watchdog for 200 seconds at Fri Aug 31 02:04:44 UTC 2018
10 ms. Memory: 331264K Free: 300356K (91%)
ptolemy.util.test.WatchDog.cancel(): canceling Fri Aug 31 02:04:44 UTC 2018
------------------ testing $PTII/ptolemy/domains/de/test/auto/MergeWithoutDiscard.xml
auto.tcl: Setting watchdog for 200 seconds at Fri Aug 31 02:04:44 UTC 2018
5 ms. Memory: 331264K Free: 319977K (97%)
ptolemy.util.test.WatchDog.cancel(): canceling Fri Aug 31 02:04:44 UTC 2018
auto.tcl: Setting watchdog for 200 seconds at Fri Aug 31 02:04:44 UTC 2018
1 ms. Memory: 331264K Free: 316055K (95%)
ptolemy.util.test.WatchDog.cancel(): canceling Fri Aug 31 02:04:44 UTC 2018
------------------ testing $PTII/ptolemy/domains/de/test/auto/Modal1.xml
auto.tcl: Setting watchdog for 200 seconds at Fri Aug 31 02:04:45 UTC 2018
19 ms. Memory: 331264K Free: 309965K (94%)
ptolemy.util.test.WatchDog.cancel(): canceling Fri Aug 31 02:04:45 UTC 2018
auto.tcl: Setting watchdog for 200 seconds at Fri Aug 31 02:04:45 UTC 2018
25 ms. Memory: 331264K Free: 306027K (92%)
ptolemy.util.test.WatchDog.cancel(): canceling Fri Aug 31 02:04:45 UTC 2018
------------------ testing $PTII/ptolemy/domains/de/test/auto/Modal2.xml
auto.tcl: Setting watchdog for 200 seconds at Fri Aug 31 02:04:45 UTC 2018
13 ms. Memory: 331264K Free: 309823K (94%)
ptolemy.util.test.WatchDog.cancel(): canceling Fri Aug 31 02:04:45 UTC 2018
auto.tcl: Setting watchdog for 200 seconds at Fri Aug 31 02:04:45 UTC 2018
14 ms. Memory: 331264K Free: 305901K (92%)
ptolemy.util.test.WatchDog.cancel(): canceling Fri Aug 31 02:04:45 UTC 2018
------------------ testing $PTII/ptolemy/domains/de/test/auto/Modal3.xml
auto.tcl: Setting watchdog for 200 seconds at Fri Aug 31 02:04:45 UTC 2018
21 ms. Memory: 331264K Free: 310106K (94%)
ptolemy.util.test.WatchDog.cancel(): canceling Fri Aug 31 02:04:45 UTC 2018
auto.tcl: Setting watchdog for 200 seconds at Fri Aug 31 02:04:45 UTC 2018
16 ms. Memory: 331264K Free: 305898K (92%)
ptolemy.util.test.WatchDog.cancel(): canceling Fri Aug 31 02:04:45 UTC 2018
------------------ testing $PTII/ptolemy/domains/de/test/auto/Modal4.xml
auto.tcl: Setting watchdog for 200 seconds at Fri Aug 31 02:04:45 UTC 2018
24 ms. Memory: 331264K Free: 309842K (94%)
ptolemy.util.test.WatchDog.cancel(): canceling Fri Aug 31 02:04:45 UTC 2018
auto.tcl: Setting watchdog for 200 seconds at Fri Aug 31 02:04:45 UTC 2018
22 ms. Memory: 331264K Free: 305904K (92%)
ptolemy.util.test.WatchDog.cancel(): canceling Fri Aug 31 02:04:45 UTC 2018
------------------ testing $PTII/ptolemy/domains/de/test/auto/Modal5.xml
auto.tcl: Setting watchdog for 200 seconds at Fri Aug 31 02:04:45 UTC 2018
21 ms. Memory: 331264K Free: 309838K (94%)
ptolemy.util.test.WatchDog.cancel(): canceling Fri Aug 31 02:04:45 UTC 2018
auto.tcl: Setting watchdog for 200 seconds at Fri Aug 31 02:04:45 UTC 2018
15 ms. Memory: 331264K Free: 305900K (92%)
ptolemy.util.test.WatchDog.cancel(): canceling Fri Aug 31 02:04:45 UTC 2018
------------------ testing $PTII/ptolemy/domains/de/test/auto/Modal6.xml
auto.tcl: Setting watchdog for 200 seconds at Fri Aug 31 02:04:45 UTC 2018
17 ms. Memory: 331264K Free: 309819K (94%)
ptolemy.util.test.WatchDog.cancel(): canceling Fri Aug 31 02:04:45 UTC 2018
auto.tcl: Setting watchdog for 200 seconds at Fri Aug 31 02:04:45 UTC 2018
21 ms. Memory: 331264K Free: 305881K (92%)
ptolemy.util.test.WatchDog.cancel(): canceling Fri Aug 31 02:04:45 UTC 2018
------------------ testing $PTII/ptolemy/domains/de/test/auto/Modal7.xml
auto.tcl: Setting watchdog for 200 seconds at Fri Aug 31 02:04:45 UTC 2018
12 ms. Memory: 331264K Free: 305897K (92%)
ptolemy.util.test.WatchDog.cancel(): canceling Fri Aug 31 02:04:45 UTC 2018
auto.tcl: Setting watchdog for 200 seconds at Fri Aug 31 02:04:45 UTC 2018
14 ms. Memory: 331264K Free: 305897K (92%)
ptolemy.util.test.WatchDog.cancel(): canceling Fri Aug 31 02:04:45 UTC 2018
------------------ testing $PTII/ptolemy/domains/de/test/auto/ModalModel.xml
auto.tcl: Setting watchdog for 200 seconds at Fri Aug 31 02:04:45 UTC 2018
222 ms. Memory: 331264K Free: 246108K (74%)
ptolemy.util.test.WatchDog.cancel(): canceling Fri Aug 31 02:04:46 UTC 2018
auto.tcl: Setting watchdog for 200 seconds at Fri Aug 31 02:04:46 UTC 2018
229 ms. Memory: 331264K Free: 191085K (58%)
ptolemy.util.test.WatchDog.cancel(): canceling Fri Aug 31 02:04:46 UTC 2018
------------------ testing $PTII/ptolemy/domains/de/test/auto/ModalSource.xml
auto.tcl: Setting watchdog for 200 seconds at Fri Aug 31 02:04:46 UTC 2018
8 ms. Memory: 331264K Free: 316778K (96%)
ptolemy.util.test.WatchDog.cancel(): canceling Fri Aug 31 02:04:46 UTC 2018
auto.tcl: Setting watchdog for 200 seconds at Fri Aug 31 02:04:46 UTC 2018
7 ms. Memory: 331264K Free: 313267K (95%)
ptolemy.util.test.WatchDog.cancel(): canceling Fri Aug 31 02:04:46 UTC 2018
------------------ testing $PTII/ptolemy/domains/de/test/auto/NonInterruptibleTimerZeroDelay.xml
auto.tcl: Setting watchdog for 200 seconds at Fri Aug 31 02:04:46 UTC 2018
5 ms. Memory: 331264K Free: 320925K (97%)
ptolemy.util.test.WatchDog.cancel(): canceling Fri Aug 31 02:04:46 UTC 2018
auto.tcl: Setting watchdog for 200 seconds at Fri Aug 31 02:04:46 UTC 2018
3 ms. Memory: 331264K Free: 317414K (96%)
ptolemy.util.test.WatchDog.cancel(): canceling Fri Aug 31 02:04:46 UTC 2018
------------------ testing $PTII/ptolemy/domains/de/test/auto/OpenQueueingNetwork.xml
auto.tcl: Setting watchdog for 200 seconds at Fri Aug 31 02:04:46 UTC 2018
3705 ms. Memory: 317952K Free: 160839K (51%)
ptolemy.util.test.WatchDog.cancel(): canceling Fri Aug 31 02:04:50 UTC 2018
auto.tcl: Setting watchdog for 200 seconds at Fri Aug 31 02:04:50 UTC 2018
2742 ms. Memory: 287232K Free: 246219K (86%)
ptolemy.util.test.WatchDog.cancel(): canceling Fri Aug 31 02:04:53 UTC 2018
------------------ testing $PTII/ptolemy/domains/de/test/auto/OpenQueuingNetwork.xml
auto.tcl: Setting watchdog for 200 seconds at Fri Aug 31 02:04:53 UTC 2018
288 ms. Memory: 287232K Free: 187711K (65%)
ptolemy.util.test.WatchDog.cancel(): canceling Fri Aug 31 02:04:53 UTC 2018
auto.tcl: Setting watchdog for 200 seconds at Fri Aug 31 02:04:53 UTC 2018
280 ms. Memory: 287232K Free: 130809K (46%)
ptolemy.util.test.WatchDog.cancel(): canceling Fri Aug 31 02:04:53 UTC 2018
------------------ testing $PTII/ptolemy/domains/de/test/auto/PeriodicSampler.xml
auto.tcl: Setting watchdog for 200 seconds at Fri Aug 31 02:04:54 UTC 2018
3 ms. Memory: 289792K Free: 274907K (95%)
ptolemy.util.test.WatchDog.cancel(): canceling Fri Aug 31 02:04:54 UTC 2018
auto.tcl: Setting watchdog for 200 seconds at Fri Aug 31 02:04:54 UTC 2018
2 ms. Memory: 289792K Free: 274907K (95%)
ptolemy.util.test.WatchDog.cancel(): canceling Fri Aug 31 02:04:54 UTC 2018
------------------ testing $PTII/ptolemy/domains/de/test/auto/PersistentIO.xml
auto.tcl: Setting watchdog for 200 seconds at Fri Aug 31 02:04:54 UTC 2018
11 ms. Memory: 287232K Free: 267184K (93%)
ptolemy.util.test.WatchDog.cancel(): canceling Fri Aug 31 02:04:54 UTC 2018
auto.tcl: Setting watchdog for 200 seconds at Fri Aug 31 02:04:54 UTC 2018
5 ms. Memory: 287232K Free: 267184K (93%)
ptolemy.util.test.WatchDog.cancel(): canceling Fri Aug 31 02:04:54 UTC 2018
------------------ testing $PTII/ptolemy/domains/de/test/auto/PortParameterResetOnInitialize.xml
auto.tcl: Setting watchdog for 200 seconds at Fri Aug 31 02:04:54 UTC 2018
2 ms. Memory: 289280K Free: 274771K (95%)
ptolemy.util.test.WatchDog.cancel(): canceling Fri Aug 31 02:04:54 UTC 2018
auto.tcl: Setting watchdog for 200 seconds at Fri Aug 31 02:04:54 UTC 2018
2 ms. Memory: 289280K Free: 274771K (95%)
ptolemy.util.test.WatchDog.cancel(): canceling Fri Aug 31 02:04:54 UTC 2018
------------------ testing $PTII/ptolemy/domains/de/test/auto/PortParameterUpdates.xml
auto.tcl: Setting watchdog for 200 seconds at Fri Aug 31 02:04:54 UTC 2018
5 ms. Memory: 287232K Free: 272840K (95%)
ptolemy.util.test.WatchDog.cancel(): canceling Fri Aug 31 02:04:54 UTC 2018
auto.tcl: Setting watchdog for 200 seconds at Fri Aug 31 02:04:54 UTC 2018
5 ms. Memory: 287232K Free: 269951K (94%)
ptolemy.util.test.WatchDog.cancel(): canceling Fri Aug 31 02:04:54 UTC 2018
------------------ testing $PTII/ptolemy/domains/de/test/auto/QueueAndServer.xml
auto.tcl: Setting watchdog for 200 seconds at Fri Aug 31 02:04:54 UTC 2018
17 ms. Memory: 289280K Free: 274045K (95%)
ptolemy.util.test.WatchDog.cancel(): canceling Fri Aug 31 02:04:54 UTC 2018
auto.tcl: Setting watchdog for 200 seconds at Fri Aug 31 02:04:54 UTC 2018
7 ms. Memory: 289280K Free: 274045K (95%)
ptolemy.util.test.WatchDog.cancel(): canceling Fri Aug 31 02:04:54 UTC 2018
------------------ testing $PTII/ptolemy/domains/de/test/auto/Records.xml
auto.tcl: Setting watchdog for 200 seconds at Fri Aug 31 02:04:54 UTC 2018
9 ms. Memory: 287232K Free: 274820K (96%)
ptolemy.util.test.WatchDog.cancel(): canceling Fri Aug 31 02:04:54 UTC 2018
auto.tcl: Setting watchdog for 200 seconds at Fri Aug 31 02:04:54 UTC 2018
2 ms. Memory: 287232K Free: 274820K (96%)
ptolemy.util.test.WatchDog.cancel(): canceling Fri Aug 31 02:04:54 UTC 2018
------------------ testing $PTII/ptolemy/domains/de/test/auto/ResetTransitionWithStartTime1.xml
auto.tcl: Setting watchdog for 200 seconds at Fri Aug 31 02:04:54 UTC 2018
13 ms. Memory: 288768K Free: 273509K (95%)
ptolemy.util.test.WatchDog.cancel(): canceling Fri Aug 31 02:04:54 UTC 2018
auto.tcl: Setting watchdog for 200 seconds at Fri Aug 31 02:04:54 UTC 2018
11 ms. Memory: 288768K Free: 270619K (94%)
ptolemy.util.test.WatchDog.cancel(): canceling Fri Aug 31 02:04:54 UTC 2018
------------------ testing $PTII/ptolemy/domains/de/test/auto/ResetTransitionWithStartTime2.xml
auto.tcl: Setting watchdog for 200 seconds at Fri Aug 31 02:04:54 UTC 2018
9 ms. Memory: 287232K Free: 272065K (95%)
ptolemy.util.test.WatchDog.cancel(): canceling Fri Aug 31 02:04:54 UTC 2018
auto.tcl: Setting watchdog for 200 seconds at Fri Aug 31 02:04:54 UTC 2018
9 ms. Memory: 287232K Free: 269175K (94%)
ptolemy.util.test.WatchDog.cancel(): canceling Fri Aug 31 02:04:54 UTC 2018
------------------ testing $PTII/ptolemy/domains/de/test/auto/ResetTransitionWithStartTime3.xml
auto.tcl: Setting watchdog for 200 seconds at Fri Aug 31 02:04:54 UTC 2018
8 ms. Memory: 288768K Free: 273482K (95%)
ptolemy.util.test.WatchDog.cancel(): canceling Fri Aug 31 02:04:54 UTC 2018
auto.tcl: Setting watchdog for 200 seconds at Fri Aug 31 02:04:54 UTC 2018
11 ms. Memory: 288768K Free: 270593K (94%)
ptolemy.util.test.WatchDog.cancel(): canceling Fri Aug 31 02:04:54 UTC 2018
------------------ testing $PTII/ptolemy/domains/de/test/auto/ResetTransitionWithStartTime4.xml
auto.tcl: Setting watchdog for 200 seconds at Fri Aug 31 02:04:54 UTC 2018
4 ms. Memory: 287232K Free: 271960K (95%)
ptolemy.util.test.WatchDog.cancel(): canceling Fri Aug 31 02:04:54 UTC 2018
auto.tcl: Setting watchdog for 200 seconds at Fri Aug 31 02:04:54 UTC 2018
3 ms. Memory: 287232K Free: 271960K (95%)
ptolemy.util.test.WatchDog.cancel(): canceling Fri Aug 31 02:04:54 UTC 2018
------------------ testing $PTII/ptolemy/domains/de/test/auto/ResettableTimer1.xml
auto.tcl: Setting watchdog for 200 seconds at Fri Aug 31 02:04:54 UTC 2018
6 ms. Memory: 288768K Free: 276349K (96%)
ptolemy.util.test.WatchDog.cancel(): canceling Fri Aug 31 02:04:54 UTC 2018
auto.tcl: Setting watchdog for 200 seconds at Fri Aug 31 02:04:54 UTC 2018
2 ms. Memory: 288768K Free: 276349K (96%)
ptolemy.util.test.WatchDog.cancel(): canceling Fri Aug 31 02:04:54 UTC 2018
------------------ testing $PTII/ptolemy/domains/de/test/auto/ResettableTimer2.xml
auto.tcl: Setting watchdog for 200 seconds at Fri Aug 31 02:04:54 UTC 2018
3 ms. Memory: 287232K Free: 274980K (96%)
ptolemy.util.test.WatchDog.cancel(): canceling Fri Aug 31 02:04:54 UTC 2018
auto.tcl: Setting watchdog for 200 seconds at Fri Aug 31 02:04:54 UTC 2018
3 ms. Memory: 287232K Free: 274980K (96%)
ptolemy.util.test.WatchDog.cancel(): canceling Fri Aug 31 02:04:54 UTC 2018
------------------ testing $PTII/ptolemy/domains/de/test/auto/ResettableTimer3.xml
auto.tcl: Setting watchdog for 200 seconds at Fri Aug 31 02:04:54 UTC 2018
2 ms. Memory: 288256K Free: 275894K (96%)
ptolemy.util.test.WatchDog.cancel(): canceling Fri Aug 31 02:04:54 UTC 2018
auto.tcl: Setting watchdog for 200 seconds at Fri Aug 31 02:04:54 UTC 2018
1 ms. Memory: 288256K Free: 275894K (96%)
ptolemy.util.test.WatchDog.cancel(): canceling Fri Aug 31 02:04:54 UTC 2018
------------------ testing $PTII/ptolemy/domains/de/test/auto/ResettableTimer4.xml
auto.tcl: Setting watchdog for 200 seconds at Fri Aug 31 02:04:54 UTC 2018
2 ms. Memory: 287232K Free: 274984K (96%)
ptolemy.util.test.WatchDog.cancel(): canceling Fri Aug 31 02:04:55 UTC 2018
auto.tcl: Setting watchdog for 200 seconds at Fri Aug 31 02:04:55 UTC 2018
1 ms. Memory: 287232K Free: 274984K (96%)
ptolemy.util.test.WatchDog.cancel(): canceling Fri Aug 31 02:04:55 UTC 2018
------------------ testing $PTII/ptolemy/domains/de/test/auto/ResettableTimer5.xml
auto.tcl: Setting watchdog for 200 seconds at Fri Aug 31 02:04:55 UTC 2018
2 ms. Memory: 288256K Free: 273964K (95%)
ptolemy.util.test.WatchDog.cancel(): canceling Fri Aug 31 02:04:55 UTC 2018
auto.tcl: Setting watchdog for 200 seconds at Fri Aug 31 02:04:55 UTC 2018
1 ms. Memory: 288256K Free: 273964K (95%)
ptolemy.util.test.WatchDog.cancel(): canceling Fri Aug 31 02:04:55 UTC 2018
------------------ testing $PTII/ptolemy/domains/de/test/auto/ResettableTimer6.xml
auto.tcl: Setting watchdog for 200 seconds at Fri Aug 31 02:04:55 UTC 2018
2 ms. Memory: 287232K Free: 272772K (95%)
ptolemy.util.test.WatchDog.cancel(): canceling Fri Aug 31 02:04:55 UTC 2018
auto.tcl: Setting watchdog for 200 seconds at Fri Aug 31 02:04:55 UTC 2018
1 ms. Memory: 287232K Free: 272772K (95%)
ptolemy.util.test.WatchDog.cancel(): canceling Fri Aug 31 02:04:55 UTC 2018
------------------ testing $PTII/ptolemy/domains/de/test/auto/ServerZeroDelay.xml
auto.tcl: Setting watchdog for 200 seconds at Fri Aug 31 02:04:55 UTC 2018
3 ms. Memory: 288256K Free: 275946K (96%)
ptolemy.util.test.WatchDog.cancel(): canceling Fri Aug 31 02:04:55 UTC 2018
auto.tcl: Setting watchdog for 200 seconds at Fri Aug 31 02:04:55 UTC 2018
3 ms. Memory: 288256K Free: 275946K (96%)
ptolemy.util.test.WatchDog.cancel(): canceling Fri Aug 31 02:04:55 UTC 2018
------------------ testing $PTII/ptolemy/domains/de/test/auto/SmartSender.xml
auto.tcl: Setting watchdog for 200 seconds at Fri Aug 31 02:04:55 UTC 2018
3001 ms. Memory: 287232K Free: 272875K (95%)
ptolemy.util.test.WatchDog.cancel(): canceling Fri Aug 31 02:04:58 UTC 2018
auto.tcl: Setting watchdog for 200 seconds at Fri Aug 31 02:04:58 UTC 2018
3002 ms. Memory: 287232K Free: 272875K (95%)
ptolemy.util.test.WatchDog.cancel(): canceling Fri Aug 31 02:05:01 UTC 2018
------------------ testing $PTII/ptolemy/domains/de/test/auto/ThreadedComposite.xml
auto.tcl: Setting watchdog for 200 seconds at Fri Aug 31 02:05:01 UTC 2018
284 ms. Memory: 288256K Free: 252810K (88%)
ptolemy.util.test.WatchDog.cancel(): canceling Fri Aug 31 02:05:01 UTC 2018
auto.tcl: Setting watchdog for 200 seconds at Fri Aug 31 02:05:01 UTC 2018
168 ms. Memory: 288256K Free: 234714K (81%)
ptolemy.util.test.WatchDog.cancel(): canceling Fri Aug 31 02:05:01 UTC 2018
------------------ testing $PTII/ptolemy/domains/de/test/auto/Time.xml
auto.tcl: Setting watchdog for 200 seconds at Fri Aug 31 02:05:01 UTC 2018
659 ms. Memory: 287232K Free: 223085K (78%)
ptolemy.util.test.WatchDog.cancel(): canceling Fri Aug 31 02:05:02 UTC 2018
auto.tcl: Setting watchdog for 200 seconds at Fri Aug 31 02:05:02 UTC 2018
585 ms. Memory: 287232K Free: 171369K (60%)
ptolemy.util.test.WatchDog.cancel(): canceling Fri Aug 31 02:05:03 UTC 2018
------------------ testing $PTII/ptolemy/domains/de/test/auto/TimeDelayZeroDelay.xml
auto.tcl: Setting watchdog for 200 seconds at Fri Aug 31 02:05:03 UTC 2018
2 ms. Memory: 287744K Free: 275881K (96%)
ptolemy.util.test.WatchDog.cancel(): canceling Fri Aug 31 02:05:03 UTC 2018
auto.tcl: Setting watchdog for 200 seconds at Fri Aug 31 02:05:03 UTC 2018
2 ms. Memory: 287744K Free: 275881K (96%)
ptolemy.util.test.WatchDog.cancel(): canceling Fri Aug 31 02:05:03 UTC 2018
------------------ testing $PTII/ptolemy/domains/de/test/auto/TimerZeroDelay.xml
auto.tcl: Setting watchdog for 200 seconds at Fri Aug 31 02:05:03 UTC 2018
2 ms. Memory: 287232K Free: 275479K (96%)
ptolemy.util.test.WatchDog.cancel(): canceling Fri Aug 31 02:05:03 UTC 2018
auto.tcl: Setting watchdog for 200 seconds at Fri Aug 31 02:05:03 UTC 2018
2 ms. Memory: 287232K Free: 275479K (96%)
ptolemy.util.test.WatchDog.cancel(): canceling Fri Aug 31 02:05:03 UTC 2018
------------------ testing $PTII/ptolemy/domains/de/test/auto/TimingParadox.xml
auto.tcl: Setting watchdog for 200 seconds at Fri Aug 31 02:05:03 UTC 2018
376 ms. Memory: 287744K Free: 209926K (73%)
ptolemy.util.test.WatchDog.cancel(): canceling Fri Aug 31 02:05:03 UTC 2018
auto.tcl: Setting watchdog for 200 seconds at Fri Aug 31 02:05:03 UTC 2018
365 ms. Memory: 287744K Free: 173866K (60%)
ptolemy.util.test.WatchDog.cancel(): canceling Fri Aug 31 02:05:04 UTC 2018
------------------ testing $PTII/ptolemy/domains/de/test/auto/TransferInputs.xml
auto.tcl: Setting watchdog for 200 seconds at Fri Aug 31 02:05:04 UTC 2018
2 ms. Memory: 287744K Free: 274880K (96%)
ptolemy.util.test.WatchDog.cancel(): canceling Fri Aug 31 02:05:04 UTC 2018
auto.tcl: Setting watchdog for 200 seconds at Fri Aug 31 02:05:04 UTC 2018
2 ms. Memory: 287744K Free: 274880K (96%)
ptolemy.util.test.WatchDog.cancel(): canceling Fri Aug 31 02:05:04 UTC 2018
------------------ testing $PTII/ptolemy/domains/de/test/auto/TransferOutputs2.xml
auto.tcl: Setting watchdog for 200 seconds at Fri Aug 31 02:05:04 UTC 2018
8 ms. Memory: 287232K Free: 270805K (94%)
ptolemy.util.test.WatchDog.cancel(): canceling Fri Aug 31 02:05:04 UTC 2018
auto.tcl: Setting watchdog for 200 seconds at Fri Aug 31 02:05:04 UTC 2018
4 ms. Memory: 287232K Free: 268198K (93%)
ptolemy.util.test.WatchDog.cancel(): canceling Fri Aug 31 02:05:04 UTC 2018
------------------ testing $PTII/ptolemy/domains/de/test/auto/Trilateration.xml
auto.tcl: Setting watchdog for 200 seconds at Fri Aug 31 02:05:04 UTC 2018
15881 ms. Memory: 473088K Free: 237877K (50%)
ptolemy.util.test.WatchDog.cancel(): canceling Fri Aug 31 02:05:21 UTC 2018
auto.tcl: Setting watchdog for 200 seconds at Fri Aug 31 02:05:21 UTC 2018
12145 ms. Memory: 352256K Free: 176994K (50%)
ptolemy.util.test.WatchDog.cancel(): canceling Fri Aug 31 02:05:33 UTC 2018
------------------ testing $PTII/ptolemy/domains/de/test/auto/TwoSigmaDelta.xml
auto.tcl: Setting watchdog for 200 seconds at Fri Aug 31 02:05:33 UTC 2018
3213 ms. Memory: 339968K Free: 317902K (94%)
ptolemy.util.test.WatchDog.cancel(): canceling Fri Aug 31 02:05:37 UTC 2018
auto.tcl: Setting watchdog for 200 seconds at Fri Aug 31 02:05:37 UTC 2018
2555 ms. Memory: 339968K Free: 84213K (25%)
ptolemy.util.test.WatchDog.cancel(): canceling Fri Aug 31 02:05:39 UTC 2018
------------------ testing $PTII/ptolemy/domains/de/test/auto/VariableDelay.xml
auto.tcl: Setting watchdog for 200 seconds at Fri Aug 31 02:05:39 UTC 2018
3 ms. Memory: 337408K Free: 325845K (97%)
ptolemy.util.test.WatchDog.cancel(): canceling Fri Aug 31 02:05:39 UTC 2018
auto.tcl: Setting watchdog for 200 seconds at Fri Aug 31 02:05:39 UTC 2018
2 ms. Memory: 337408K Free: 321904K (95%)
ptolemy.util.test.WatchDog.cancel(): canceling Fri Aug 31 02:05:39 UTC 2018
------------------ testing $PTII/ptolemy/domains/de/test/auto/VariableDelay2.xml
auto.tcl: Setting watchdog for 200 seconds at Fri Aug 31 02:05:39 UTC 2018
3 ms. Memory: 339456K Free: 328304K (97%)
ptolemy.util.test.WatchDog.cancel(): canceling Fri Aug 31 02:05:39 UTC 2018
auto.tcl: Setting watchdog for 200 seconds at Fri Aug 31 02:05:39 UTC 2018
3 ms. Memory: 339456K Free: 324354K (96%)
ptolemy.util.test.WatchDog.cancel(): canceling Fri Aug 31 02:05:39 UTC 2018
------------------ testing $PTII/ptolemy/domains/de/test/auto/VariableDelayZeroDelay.xml
auto.tcl: Setting watchdog for 200 seconds at Fri Aug 31 02:05:40 UTC 2018
3 ms. Memory: 337408K Free: 323695K (96%)
ptolemy.util.test.WatchDog.cancel(): canceling Fri Aug 31 02:05:40 UTC 2018
auto.tcl: Setting watchdog for 200 seconds at Fri Aug 31 02:05:40 UTC 2018
2 ms. Memory: 337408K Free: 323695K (96%)
ptolemy.util.test.WatchDog.cancel(): canceling Fri Aug 31 02:05:40 UTC 2018
------------------ testing $PTII/ptolemy/domains/de/test/auto/VariableDelayZeroDelay2.xml
auto.tcl: Setting watchdog for 200 seconds at Fri Aug 31 02:05:40 UTC 2018
2 ms. Memory: 339456K Free: 325741K (96%)
ptolemy.util.test.WatchDog.cancel(): canceling Fri Aug 31 02:05:40 UTC 2018
auto.tcl: Setting watchdog for 200 seconds at Fri Aug 31 02:05:40 UTC 2018
2 ms. Memory: 339456K Free: 321791K (95%)
ptolemy.util.test.WatchDog.cancel(): canceling Fri Aug 31 02:05:40 UTC 2018
------------------ testing $PTII/ptolemy/domains/de/test/auto/deInCt.xml
auto.tcl: Setting watchdog for 200 seconds at Fri Aug 31 02:05:40 UTC 2018
0
1
1
1
0
0
0
0
1
1
1
0
0
0
0
0
0
1
1
1
0
0
0
1
1
1
0
0
0
1
1
1
0
0
1
1
1
14 ms. Memory: 337408K Free: 319745K (95%)
ptolemy.util.test.WatchDog.cancel(): canceling Fri Aug 31 02:05:40 UTC 2018
auto.tcl: Setting watchdog for 200 seconds at Fri Aug 31 02:05:40 UTC 2018
0
1
1
1
1
1
0
0
0
0
1
1
1
1
1
0
0
0
1
1
1
0
0
0
0
1
1
1
0
0
0
0
8 ms. Memory: 337408K Free: 319745K (95%)
ptolemy.util.test.WatchDog.cancel(): canceling Fri Aug 31 02:05:40 UTC 2018
------------------ testing $PTII/ptolemy/domains/de/test/auto/deInCt2.xml
auto.tcl: Setting watchdog for 200 seconds at Fri Aug 31 02:05:40 UTC 2018
0
1
1
1
0
0
1
1
1
0
0
1
1
1
0
0
1
1
1
0
0
1
1
1
0
0
1
1
1
0
0
1
1
1
0
0
1
1
1
0
0
0
6 ms. Memory: 338944K Free: 321280K (95%)
ptolemy.util.test.WatchDog.cancel(): canceling Fri Aug 31 02:05:40 UTC 2018
auto.tcl: Setting watchdog for 200 seconds at Fri Aug 31 02:05:40 UTC 2018
0
1
1
1
0
0
1
1
1
0
0
1
1
1
0
0
1
1
1
0
0
1
1
1
0
0
1
1
1
0
0
1
1
1
0
0
1
1
1
0
0
0
10 ms. Memory: 338944K Free: 321280K (95%)
ptolemy.util.test.WatchDog.cancel(): canceling Fri Aug 31 02:05:40 UTC 2018
------------------ testing $PTII/ptolemy/domains/de/test/auto/dynamicCausalityInterface1.xml
auto.tcl: Setting watchdog for 200 seconds at Fri Aug 31 02:05:40 UTC 2018
1 ms. Memory: 337408K Free: 318354K (94%)
ptolemy.util.test.WatchDog.cancel(): canceling Fri Aug 31 02:05:40 UTC 2018
auto.tcl: Setting watchdog for 200 seconds at Fri Aug 31 02:05:40 UTC 2018
1 ms. Memory: 337408K Free: 318354K (94%)
ptolemy.util.test.WatchDog.cancel(): canceling Fri Aug 31 02:05:40 UTC 2018
------------------ testing $PTII/ptolemy/domains/de/test/auto/fsm_de_test.xml
auto.tcl: Setting watchdog for 200 seconds at Fri Aug 31 02:05:40 UTC 2018
7 ms. Memory: 338944K Free: 317217K (94%)
ptolemy.util.test.WatchDog.cancel(): canceling Fri Aug 31 02:05:40 UTC 2018
auto.tcl: Setting watchdog for 200 seconds at Fri Aug 31 02:05:40 UTC 2018
5 ms. Memory: 338944K Free: 317217K (94%)
ptolemy.util.test.WatchDog.cancel(): canceling Fri Aug 31 02:05:40 UTC 2018
------------------ testing $PTII/ptolemy/domains/de/test/auto/functionDependencyReconstruction.xml
auto.tcl: Setting watchdog for 200 seconds at Fri Aug 31 02:05:40 UTC 2018
3 ms. Memory: 337408K Free: 311746K (92%)
ptolemy.util.test.WatchDog.cancel(): canceling Fri Aug 31 02:05:40 UTC 2018
auto.tcl: Setting watchdog for 200 seconds at Fri Aug 31 02:05:40 UTC 2018
3 ms. Memory: 337408K Free: 307813K (91%)
ptolemy.util.test.WatchDog.cancel(): canceling Fri Aug 31 02:05:40 UTC 2018
------------------ testing $PTII/ptolemy/domains/de/test/auto/multirate.xml
auto.tcl: Setting watchdog for 200 seconds at Fri Aug 31 02:05:40 UTC 2018
9 ms. Memory: 338432K Free: 320518K (95%)
ptolemy.util.test.WatchDog.cancel(): canceling Fri Aug 31 02:05:40 UTC 2018
auto.tcl: Setting watchdog for 200 seconds at Fri Aug 31 02:05:40 UTC 2018
3 ms. Memory: 338432K Free: 320518K (95%)
ptolemy.util.test.WatchDog.cancel(): canceling Fri Aug 31 02:05:40 UTC 2018
------------------ testing $PTII/ptolemy/domains/de/test/auto/multirate2.xml
auto.tcl: Setting watchdog for 200 seconds at Fri Aug 31 02:05:40 UTC 2018
7 ms. Memory: 337408K Free: 322245K (96%)
ptolemy.util.test.WatchDog.cancel(): canceling Fri Aug 31 02:05:40 UTC 2018
auto.tcl: Setting watchdog for 200 seconds at Fri Aug 31 02:05:40 UTC 2018
3 ms. Memory: 337408K Free: 322245K (96%)
ptolemy.util.test.WatchDog.cancel(): canceling Fri Aug 31 02:05:40 UTC 2018
------------------ testing $PTII/ptolemy/domains/de/test/auto/realtime.xml
auto.tcl: Setting watchdog for 200 seconds at Fri Aug 31 02:05:40 UTC 2018
10002 ms. Memory: 338432K Free: 323263K (96%)
ptolemy.util.test.WatchDog.cancel(): canceling Fri Aug 31 02:05:50 UTC 2018
auto.tcl: Setting watchdog for 200 seconds at Fri Aug 31 02:05:50 UTC 2018
10001 ms. Memory: 338432K Free: 323263K (96%)
ptolemy.util.test.WatchDog.cancel(): canceling Fri Aug 31 02:06:00 UTC 2018
------------------ testing $PTII/ptolemy/domains/de/test/auto/relationGroup.xml
auto.tcl: Setting watchdog for 200 seconds at Fri Aug 31 02:06:00 UTC 2018
2 ms. Memory: 337408K Free: 326218K (97%)
ptolemy.util.test.WatchDog.cancel(): canceling Fri Aug 31 02:06:00 UTC 2018
auto.tcl: Setting watchdog for 200 seconds at Fri Aug 31 02:06:00 UTC 2018
1 ms. Memory: 337408K Free: 326218K (97%)
ptolemy.util.test.WatchDog.cancel(): canceling Fri Aug 31 02:06:00 UTC 2018
------------------ testing $PTII/ptolemy/domains/de/test/auto/relationGroup2.xml
auto.tcl: Setting watchdog for 200 seconds at Fri Aug 31 02:06:00 UTC 2018
1 ms. Memory: 338432K Free: 327269K (97%)
ptolemy.util.test.WatchDog.cancel(): canceling Fri Aug 31 02:06:00 UTC 2018
auto.tcl: Setting watchdog for 200 seconds at Fri Aug 31 02:06:00 UTC 2018
2 ms. Memory: 338432K Free: 327269K (97%)
ptolemy.util.test.WatchDog.cancel(): canceling Fri Aug 31 02:06:00 UTC 2018
------------------ testing $PTII/ptolemy/domains/de/test/auto/sortWithOpaquePorts.xml
auto.tcl: Setting watchdog for 200 seconds at Fri Aug 31 02:06:01 UTC 2018
1 ms. Memory: 337408K Free: 323686K (96%)
ptolemy.util.test.WatchDog.cancel(): canceling Fri Aug 31 02:06:01 UTC 2018
auto.tcl: Setting watchdog for 200 seconds at Fri Aug 31 02:06:01 UTC 2018
3 ms. Memory: 337408K Free: 319753K (95%)
ptolemy.util.test.WatchDog.cancel(): canceling Fri Aug 31 02:06:01 UTC 2018
------------------ testing $PTII/ptolemy/domains/de/test/auto/transferInputsandOutputs.xml
auto.tcl: Setting watchdog for 200 seconds at Fri Aug 31 02:06:01 UTC 2018
3 ms. Memory: 337920K Free: 320252K (95%)
ptolemy.util.test.WatchDog.cancel(): canceling Fri Aug 31 02:06:01 UTC 2018
auto.tcl: Setting watchdog for 200 seconds at Fri Aug 31 02:06:01 UTC 2018
3 ms. Memory: 337920K Free: 320252K (95%)
ptolemy.util.test.WatchDog.cancel(): canceling Fri Aug 31 02:06:01 UTC 2018
------------------ testing $PTII/ptolemy/domains/de/test/auto/triggerType.xml
auto.tcl: Setting watchdog for 200 seconds at Fri Aug 31 02:06:01 UTC 2018
2 ms. Memory: 337408K Free: 323623K (96%)
ptolemy.util.test.WatchDog.cancel(): canceling Fri Aug 31 02:06:01 UTC 2018
auto.tcl: Setting watchdog for 200 seconds at Fri Aug 31 02:06:01 UTC 2018
2 ms. Memory: 337408K Free: 319673K (95%)
ptolemy.util.test.WatchDog.cancel(): canceling Fri Aug 31 02:06:01 UTC 2018
08/31/18 02:06:01
Failed: 0  Total Tests: 192  ((Passed: 187, Newly Passed: 1)  Known Failed: 5) /home/travis/build/icyphy/ptII/ptolemy/domains/de/test
08/31/18 02:06:01
Failed: 0  Total Tests: 192  ((Passed: 187, Newly Passed: 1)  Known Failed: 5) /home/travis/build/icyphy/ptII/ptolemy/domains/de/test
----------------- testing (KnownFailure) /home/travis/build/icyphy/ptII/ptolemy/domains/de/test/auto/knownFailedTests/DESDFClockTest.xml
2022 ms. Memory: 337920K Free: 313933K (93%)
Known Failure: java.lang.reflect.InvocationTargetException
----------------- testing (KnownFailure) /home/travis/build/icyphy/ptII/ptolemy/domains/de/test/auto/knownFailedTests/DirectFeedback.xml
1 ms. Memory: 337920K Free: 293453K (87%)
Known Failure: java.lang.reflect.InvocationTargetException
----------------- testing (KnownFailure) /home/travis/build/icyphy/ptII/ptolemy/domains/de/test/auto/knownFailedTests/FSMSource.xml
15 ms. Memory: 337920K Free: 267837K (79%)
----------------- testing (KnownFailure) /home/travis/build/icyphy/ptII/ptolemy/domains/de/test/auto/knownFailedTests/HierarchicalModel.xml
2 ms. Memory: 337920K Free: 242200K (72%)
Known Failure: java.lang.reflect.InvocationTargetException
----------------- testing (KnownFailure) /home/travis/build/icyphy/ptII/ptolemy/domains/de/test/auto/knownFailedTests/dependencyLoop.xml
3 ms. Memory: 337920K Free: 211480K (63%)
Known Failure: java.lang.reflect.InvocationTargetException
----------------- testing (KnownFailure) /home/travis/build/icyphy/ptII/ptolemy/domains/de/test/auto/knownFailedTests/dependencyLoop2.xml
3 ms. Memory: 337920K Free: 180743K (53%)
Known Failure: java.lang.reflect.InvocationTargetException
No auto/linux-amd64/*.xml tests in /home/travis/build/icyphy/ptII/ptolemy/domains/de/test
AutoTests.java: About to close Vertx.
AutoTests.java: Vertx closed.

===========================================================================================
----------------- testing Fri Aug 31 02:06:03 UTC 2018 /home/travis/build/icyphy/ptII/ptolemy/domains/de/test/auto/ActorDepthCalculation_actorWithoutPorts.xml
----------------- Instantiating /home/travis/build/icyphy/ptII/ptolemy/domains/de/test/auto/ActorDepthCalculation_actorWithoutPorts.xml
2 ms. Memory: 337920K Free: 155143K (46%)
----------------- Invoking toplevel() on ptolemy.moml.MoMLSimpleApplication@94b0166
----------------- Done invoking toplevel() on ptolemy.moml.MoMLSimpleApplication@94b0166
reloadAllAccessors: .ActorDepthCalculation_actorWithoutPorts

===========================================================================================
----------------- testing Fri Aug 31 02:06:03 UTC 2018 /home/travis/build/icyphy/ptII/ptolemy/domains/de/test/auto/AssemblyLine.xml
----------------- Instantiating /home/travis/build/icyphy/ptII/ptolemy/domains/de/test/auto/AssemblyLine.xml
3 ms. Memory: 337920K Free: 139783K (41%)
----------------- Invoking toplevel() on ptolemy.moml.MoMLSimpleApplication@4150e373
----------------- Done invoking toplevel() on ptolemy.moml.MoMLSimpleApplication@4150e373
reloadAllAccessors: .AssemblyLine

===========================================================================================
----------------- testing Fri Aug 31 02:06:03 UTC 2018 /home/travis/build/icyphy/ptII/ptolemy/domains/de/test/auto/CQBug1.xml
----------------- Instantiating /home/travis/build/icyphy/ptII/ptolemy/domains/de/test/auto/CQBug1.xml
1 ms. Memory: 337920K Free: 129543K (38%)
----------------- Invoking toplevel() on ptolemy.moml.MoMLSimpleApplication@29f7c5aa
----------------- Done invoking toplevel() on ptolemy.moml.MoMLSimpleApplication@29f7c5aa
reloadAllAccessors: .CQBug1

===========================================================================================
----------------- testing Fri Aug 31 02:06:03 UTC 2018 /home/travis/build/icyphy/ptII/ptolemy/domains/de/test/auto/CancelFireAt.xml
----------------- Instantiating /home/travis/build/icyphy/ptII/ptolemy/domains/de/test/auto/CancelFireAt.xml
1 ms. Memory: 337920K Free: 119303K (35%)
----------------- Invoking toplevel() on ptolemy.moml.MoMLSimpleApplication@6648cdfe
----------------- Done invoking toplevel() on ptolemy.moml.MoMLSimpleApplication@6648cdfe
reloadAllAccessors: .CancelFireAt

===========================================================================================
----------------- testing Fri Aug 31 02:06:03 UTC 2018 /home/travis/build/icyphy/ptII/ptolemy/domains/de/test/auto/CausalityAndComposabilityAnalysis.xml
----------------- Instantiating /home/travis/build/icyphy/ptII/ptolemy/domains/de/test/auto/CausalityAndComposabilityAnalysis.xml
2 ms. Memory: 337920K Free: 109063K (32%)
----------------- Invoking toplevel() on ptolemy.moml.MoMLSimpleApplication@2e52eb99
----------------- Done invoking toplevel() on ptolemy.moml.MoMLSimpleApplication@2e52eb99
reloadAllAccessors: .CausalityAndComposabilityAnalysis

===========================================================================================
----------------- testing Fri Aug 31 02:06:03 UTC 2018 /home/travis/build/icyphy/ptII/ptolemy/domains/de/test/auto/CausalityInterface1.xml
----------------- Instantiating /home/travis/build/icyphy/ptII/ptolemy/domains/de/test/auto/CausalityInterface1.xml
4 ms. Memory: 337920K Free: 98823K (29%)
----------------- Invoking toplevel() on ptolemy.moml.MoMLSimpleApplication@26d0f64
----------------- Done invoking toplevel() on ptolemy.moml.MoMLSimpleApplication@26d0f64
reloadAllAccessors: .CausalityInterface1

===========================================================================================
----------------- testing Fri Aug 31 02:06:03 UTC 2018 /home/travis/build/icyphy/ptII/ptolemy/domains/de/test/auto/CausalityInterface15.xml
----------------- Instantiating /home/travis/build/icyphy/ptII/ptolemy/domains/de/test/auto/CausalityInterface15.xml
2 ms. Memory: 337920K Free: 84649K (25%)
----------------- Invoking toplevel() on ptolemy.moml.MoMLSimpleApplication@47e6ccb8
----------------- Done invoking toplevel() on ptolemy.moml.MoMLSimpleApplication@47e6ccb8
reloadAllAccessors: .CausalityInterface15

[...]
java.lang.RuntimeException: Execution failed
	at ptolemy.moml.MoMLSimpleApplication$UnloadThread.run(MoMLSimpleApplication.java:402)
Caused by: ptolemy.kernel.util.IllegalActionException: Test fails in iteration 1.
Value was: 1.0. Should have been: 2.0
  in .DirectFeedback.Test
	at ptolemy.actor.lib.Test.fire(Test.java:268)
	at ptolemy.domains.de.kernel.DEDirector._fire(DEDirector.java:1949)
	at ptolemy.domains.de.kernel.DEDirector.fire(DEDirector.java:502)
	at ptolemy.actor.CompositeActor.fire(CompositeActor.java:455)
	at ptolemy.actor.Manager.iterate(Manager.java:851)
	at ptolemy.actor.Manager.execute(Manager.java:369)
	at ptolemy.actor.Manager.run(Manager.java:1263)
	at ptolemy.actor.Manager$PtolemyRunThread.run(Manager.java:1915)
java.lang.RuntimeException: Execution failed
	at ptolemy.moml.MoMLSimpleApplication$UnloadThread.run(MoMLSimpleApplication.java:402)
Caused by: ptolemy.kernel.util.IllegalActionException: Actor is not ready to fire.  Perhaps UpSample.prefire() returned false? Try debugging the actor by selecting "Listen to Actor".  Also, for SDF check moml for tokenConsumptionRate on input.
  in .DESDFClockTest.Play Bell.Copy1:SDF Director and .DESDFClockTest.Play Bell.UpSample
	at ptolemy.actor.sched.StaticSchedulingDirector.fire(StaticSchedulingDirector.java:227)
	at ptolemy.domains.sdf.kernel.SDFDirector.fire(SDFDirector.java:500)
	at ptolemy.actor.CompositeActor.fire(CompositeActor.java:455)
	at ptolemy.domains.de.kernel.DEDirector._fire(DEDirector.java:1949)
	at ptolemy.domains.de.kernel.DEDirector.fire(DEDirector.java:502)
	at ptolemy.actor.CompositeActor.fire(CompositeActor.java:455)
	at ptolemy.actor.Manager.iterate(Manager.java:851)
	at ptolemy.actor.Manager.execute(Manager.java:369)
	at ptolemy.actor.Manager.run(Manager.java:1263)
	at ptolemy.actor.Manager$PtolemyRunThread.run(Manager.java:1915)
java.lang.reflect.InvocationTargetException
	at sun.reflect.NativeConstructorAccessorImpl.newInstance0(Native Method)
	at sun.reflect.NativeConstructorAccessorImpl.newInstance(NativeConstructorAccessorImpl.java:62)
	at sun.reflect.DelegatingConstructorAccessorImpl.newInstance(DelegatingConstructorAccessorImpl.java:45)
	at java.lang.reflect.Constructor.newInstance(Constructor.java:423)
	at ptolemy.util.test.junit.AutoKnownFailedTests.RunModel(AutoKnownFailedTests.java:107)
	at sun.reflect.NativeMethodAccessorImpl.invoke0(Native Method)
	at sun.reflect.NativeMethodAccessorImpl.invoke(NativeMethodAccessorImpl.java:62)
	at sun.reflect.DelegatingMethodAccessorImpl.invoke(DelegatingMethodAccessorImpl.java:43)
	at java.lang.reflect.Method.invoke(Method.java:498)
	at org.junit.runners.model.FrameworkMethod$1.runReflectiveCall(FrameworkMethod.java:44)
	at org.junit.internal.runners.model.ReflectiveCallable.run(ReflectiveCallable.java:15)
	at org.junit.runners.model.FrameworkMethod.invokeExplosively(FrameworkMethod.java:41)
	at junitparams.internal.InvokeParameterisedMethod.evaluate(InvokeParameterisedMethod.java:102)
	at org.junit.internal.runners.statements.FailOnTimeout$1.run(FailOnTimeout.java:28)
Caused by: ptolemy.kernel.util.IllegalActionException: Actor is not ready to fire.  Perhaps UpSample.prefire() returned false? Try debugging the actor by selecting "Listen to Actor".  Also, for SDF check moml for tokenConsumptionRate on input.
  in .DESDFClockTest.Play Bell.Copy1:SDF Director and .DESDFClockTest.Play Bell.UpSample
	at ptolemy.actor.sched.StaticSchedulingDirector.fire(StaticSchedulingDirector.java:227)
	at ptolemy.domains.sdf.kernel.SDFDirector.fire(SDFDirector.java:500)
	at ptolemy.actor.CompositeActor.fire(CompositeActor.java:455)
	at ptolemy.domains.de.kernel.DEDirector._fire(DEDirector.java:1949)
	at ptolemy.domains.de.kernel.DEDirector.fire(DEDirector.java:502)
	at ptolemy.actor.CompositeActor.fire(CompositeActor.java:455)
	at ptolemy.actor.Manager.iterate(Manager.java:851)
	at ptolemy.actor.Manager.execute(Manager.java:369)
	at ptolemy.actor.Manager.run(Manager.java:1263)
	at ptolemy.actor.Manager$PtolemyRunThread.run(Manager.java:1915)
java.lang.RuntimeException: Execution failed
	at ptolemy.moml.MoMLSimpleApplication$UnloadThread.run(MoMLSimpleApplication.java:402)
Caused by: ptolemy.kernel.util.IllegalActionException: Test fails in iteration 1.
Value was: 1.0. Should have been: 2.0
  in .DirectFeedback.Test
	at ptolemy.actor.lib.Test.fire(Test.java:268)
	at ptolemy.domains.de.kernel.DEDirector._fire(DEDirector.java:1949)
	at ptolemy.domains.de.kernel.DEDirector.fire(DEDirector.java:502)
	at ptolemy.actor.CompositeActor.fire(CompositeActor.java:455)
	at ptolemy.actor.Manager.iterate(Manager.java:851)
	at ptolemy.actor.Manager.execute(Manager.java:369)
	at ptolemy.actor.Manager.run(Manager.java:1263)
	at ptolemy.actor.Manager$PtolemyRunThread.run(Manager.java:1915)
java.lang.reflect.InvocationTargetException
	at sun.reflect.NativeConstructorAccessorImpl.newInstance0(Native Method)
	at sun.reflect.NativeConstructorAccessorImpl.newInstance(NativeConstructorAccessorImpl.java:62)
	at sun.reflect.DelegatingConstructorAccessorImpl.newInstance(DelegatingConstructorAccessorImpl.java:45)
	at java.lang.reflect.Constructor.newInstance(Constructor.java:423)
	at ptolemy.util.test.junit.AutoKnownFailedTests.RunModel(AutoKnownFailedTests.java:107)
	at sun.reflect.NativeMethodAccessorImpl.invoke0(Native Method)
	at sun.reflect.NativeMethodAccessorImpl.invoke(NativeMethodAccessorImpl.java:62)
	at sun.reflect.DelegatingMethodAccessorImpl.invoke(DelegatingMethodAccessorImpl.java:43)
	at java.lang.reflect.Method.invoke(Method.java:498)
	at org.junit.runners.model.FrameworkMethod$1.runReflectiveCall(FrameworkMethod.java:44)
	at org.junit.internal.runners.model.ReflectiveCallable.run(ReflectiveCallable.java:15)
	at org.junit.runners.model.FrameworkMethod.invokeExplosively(FrameworkMethod.java:41)
	at junitparams.internal.InvokeParameterisedMethod.evaluate(InvokeParameterisedMethod.java:102)
	at org.junit.internal.runners.statements.FailOnTimeout$1.run(FailOnTimeout.java:28)
Caused by: ptolemy.kernel.util.IllegalActionException: Test fails in iteration 1.
Value was: 1.0. Should have been: 2.0
  in .DirectFeedback.Test
	at ptolemy.actor.lib.Test.fire(Test.java:268)
	at ptolemy.domains.de.kernel.DEDirector._fire(DEDirector.java:1949)
	at ptolemy.domains.de.kernel.DEDirector.fire(DEDirector.java:502)
	at ptolemy.actor.CompositeActor.fire(CompositeActor.java:455)
	at ptolemy.actor.Manager.iterate(Manager.java:851)
	at ptolemy.actor.Manager.execute(Manager.java:369)
	at ptolemy.actor.Manager.run(Manager.java:1263)
	at ptolemy.actor.Manager$PtolemyRunThread.run(Manager.java:1915)
java.lang.RuntimeException: Execution failed
	at ptolemy.moml.MoMLSimpleApplication$UnloadThread.run(MoMLSimpleApplication.java:402)
Caused by: ptolemy.kernel.util.IllegalActionException: Found a zero delay loop containing .HierarchicalModel.A
  in .HierarchicalModel and .HierarchicalModel.A
	at ptolemy.actor.util.CausalityInterfaceForComposites._computeOutputPortDepth(CausalityInterfaceForComposites.java:759)
	at ptolemy.actor.util.CausalityInterfaceForComposites._computeInputDepth(CausalityInterfaceForComposites.java:696)
	at ptolemy.actor.util.CausalityInterfaceForComposites._computeOutputPortDepth(CausalityInterfaceForComposites.java:765)
	at ptolemy.actor.util.CausalityInterfaceForComposites._computeInputDepth(CausalityInterfaceForComposites.java:696)
	at ptolemy.actor.util.CausalityInterfaceForComposites._computeOutputPortDepth(CausalityInterfaceForComposites.java:765)
	at ptolemy.actor.util.CausalityInterfaceForComposites._computeInputDepth(CausalityInterfaceForComposites.java:696)
	at ptolemy.actor.util.CausalityInterfaceForComposites._computeActorDepth(CausalityInterfaceForComposites.java:532)
	at ptolemy.actor.util.CausalityInterfaceForComposites.checkForCycles(CausalityInterfaceForComposites.java:96)
	at ptolemy.domains.de.kernel.DEDirector.preinitialize(DEDirector.java:1338)
	at ptolemy.actor.CompositeActor.preinitialize(CompositeActor.java:1828)
	at ptolemy.actor.Manager.preinitializeAndResolveTypes(Manager.java:1040)
	at ptolemy.actor.Manager.initialize(Manager.java:710)
	at ptolemy.actor.Manager.execute(Manager.java:356)
	at ptolemy.actor.Manager.run(Manager.java:1263)
	at ptolemy.actor.Manager$PtolemyRunThread.run(Manager.java:1915)
java.lang.reflect.InvocationTargetException
	at sun.reflect.NativeConstructorAccessorImpl.newInstance0(Native Method)
	at sun.reflect.NativeConstructorAccessorImpl.newInstance(NativeConstructorAccessorImpl.java:62)
	at sun.reflect.DelegatingConstructorAccessorImpl.newInstance(DelegatingConstructorAccessorImpl.java:45)
	at java.lang.reflect.Constructor.newInstance(Constructor.java:423)
	at ptolemy.util.test.junit.AutoKnownFailedTests.RunModel(AutoKnownFailedTests.java:107)
	at sun.reflect.NativeMethodAccessorImpl.invoke0(Native Method)
	at sun.reflect.NativeMethodAccessorImpl.invoke(NativeMethodAccessorImpl.java:62)
	at sun.reflect.DelegatingMethodAccessorImpl.invoke(DelegatingMethodAccessorImpl.java:43)
	at java.lang.reflect.Method.invoke(Method.java:498)
	at org.junit.runners.model.FrameworkMethod$1.runReflectiveCall(FrameworkMethod.java:44)
	at org.junit.internal.runners.model.ReflectiveCallable.run(ReflectiveCallable.java:15)
	at org.junit.runners.model.FrameworkMethod.invokeExplosively(FrameworkMethod.java:41)
	at junitparams.internal.InvokeParameterisedMethod.evaluate(InvokeParameterisedMethod.java:102)
	at org.junit.internal.runners.statements.FailOnTimeout$1.run(FailOnTimeout.java:28)
Caused by: ptolemy.kernel.util.IllegalActionException: Found a zero delay loop containing .HierarchicalModel.A
  in .HierarchicalModel and .HierarchicalModel.A
	at ptolemy.actor.util.CausalityInterfaceForComposites._computeOutputPortDepth(CausalityInterfaceForComposites.java:759)
	at ptolemy.actor.util.CausalityInterfaceForComposites._computeInputDepth(CausalityInterfaceForComposites.java:696)
	at ptolemy.actor.util.CausalityInterfaceForComposites._computeOutputPortDepth(CausalityInterfaceForComposites.java:765)
	at ptolemy.actor.util.CausalityInterfaceForComposites._computeInputDepth(CausalityInterfaceForComposites.java:696)
	at ptolemy.actor.util.CausalityInterfaceForComposites._computeOutputPortDepth(CausalityInterfaceForComposites.java:765)
	at ptolemy.actor.util.CausalityInterfaceForComposites._computeInputDepth(CausalityInterfaceForComposites.java:696)
	at ptolemy.actor.util.CausalityInterfaceForComposites._computeActorDepth(CausalityInterfaceForComposites.java:532)
	at ptolemy.actor.util.CausalityInterfaceForComposites.checkForCycles(CausalityInterfaceForComposites.java:96)
	at ptolemy.domains.de.kernel.DEDirector.preinitialize(DEDirector.java:1338)
	at ptolemy.actor.CompositeActor.preinitialize(CompositeActor.java:1828)
	at ptolemy.actor.Manager.preinitializeAndResolveTypes(Manager.java:1040)
	at ptolemy.actor.Manager.initialize(Manager.java:710)
	at ptolemy.actor.Manager.execute(Manager.java:356)
	at ptolemy.actor.Manager.run(Manager.java:1263)
	at ptolemy.actor.Manager$PtolemyRunThread.run(Manager.java:1915)
java.lang.RuntimeException: Execution failed
	at ptolemy.moml.MoMLSimpleApplication$UnloadThread.run(MoMLSimpleApplication.java:402)
Caused by: ptolemy.kernel.util.IllegalActionException: Found a zero delay loop containing .dependencyLoop.original
  in .dependencyLoop and .dependencyLoop.original
	at ptolemy.actor.util.CausalityInterfaceForComposites._computeOutputPortDepth(CausalityInterfaceForComposites.java:759)
	at ptolemy.actor.util.CausalityInterfaceForComposites._computeInputDepth(CausalityInterfaceForComposites.java:696)
	at ptolemy.actor.util.CausalityInterfaceForComposites._computeOutputPortDepth(CausalityInterfaceForComposites.java:765)
	at ptolemy.actor.util.CausalityInterfaceForComposites._computeInputDepth(CausalityInterfaceForComposites.java:696)
	at ptolemy.actor.util.CausalityInterfaceForComposites._computeOutputPortDepth(CausalityInterfaceForComposites.java:765)
	at ptolemy.actor.util.CausalityInterfaceForComposites._computeInputDepth(CausalityInterfaceForComposites.java:696)
	at ptolemy.actor.util.CausalityInterfaceForComposites._computeActorDepth(CausalityInterfaceForComposites.java:532)
	at ptolemy.actor.util.CausalityInterfaceForComposites.checkForCycles(CausalityInterfaceForComposites.java:96)
	at ptolemy.domains.de.kernel.DEDirector.preinitialize(DEDirector.java:1338)
	at ptolemy.actor.CompositeActor.preinitialize(CompositeActor.java:1828)
	at ptolemy.actor.Manager.preinitializeAndResolveTypes(Manager.java:1040)
	at ptolemy.actor.Manager.initialize(Manager.java:710)
	at ptolemy.actor.Manager.execute(Manager.java:356)
	at ptolemy.actor.Manager.run(Manager.java:1263)
	at ptolemy.actor.Manager$PtolemyRunThread.run(Manager.java:1915)
java.lang.reflect.InvocationTargetException
	at sun.reflect.NativeConstructorAccessorImpl.newInstance0(Native Method)
	at sun.reflect.NativeConstructorAccessorImpl.newInstance(NativeConstructorAccessorImpl.java:62)
	at sun.reflect.DelegatingConstructorAccessorImpl.newInstance(DelegatingConstructorAccessorImpl.java:45)
	at java.lang.reflect.Constructor.newInstance(Constructor.java:423)
	at ptolemy.util.test.junit.AutoKnownFailedTests.RunModel(AutoKnownFailedTests.java:107)
	at sun.reflect.NativeMethodAccessorImpl.invoke0(Native Method)
	at sun.reflect.NativeMethodAccessorImpl.invoke(NativeMethodAccessorImpl.java:62)
	at sun.reflect.DelegatingMethodAccessorImpl.invoke(DelegatingMethodAccessorImpl.java:43)
	at java.lang.reflect.Method.invoke(Method.java:498)
	at org.junit.runners.model.FrameworkMethod$1.runReflectiveCall(FrameworkMethod.java:44)
	at org.junit.internal.runners.model.ReflectiveCallable.run(ReflectiveCallable.java:15)
	at org.junit.runners.model.FrameworkMethod.invokeExplosively(FrameworkMethod.java:41)
	at junitparams.internal.InvokeParameterisedMethod.evaluate(InvokeParameterisedMethod.java:102)
	at org.junit.internal.runners.statements.FailOnTimeout$1.run(FailOnTimeout.java:28)
Caused by: ptolemy.kernel.util.IllegalActionException: Found a zero delay loop containing .dependencyLoop.original
  in .dependencyLoop and .dependencyLoop.original
	at ptolemy.actor.util.CausalityInterfaceForComposites._computeOutputPortDepth(CausalityInterfaceForComposites.java:759)
	at ptolemy.actor.util.CausalityInterfaceForComposites._computeInputDepth(CausalityInterfaceForComposites.java:696)
	at ptolemy.actor.util.CausalityInterfaceForComposites._computeOutputPortDepth(CausalityInterfaceForComposites.java:765)
	at ptolemy.actor.util.CausalityInterfaceForComposites._computeInputDepth(CausalityInterfaceForComposites.java:696)
	at ptolemy.actor.util.CausalityInterfaceForComposites._computeOutputPortDepth(CausalityInterfaceForComposites.java:765)
	at ptolemy.actor.util.CausalityInterfaceForComposites._computeInputDepth(CausalityInterfaceForComposites.java:696)
	at ptolemy.actor.util.CausalityInterfaceForComposites._computeActorDepth(CausalityInterfaceForComposites.java:532)
	at ptolemy.actor.util.CausalityInterfaceForComposites.checkForCycles(CausalityInterfaceForComposites.java:96)
	at ptolemy.domains.de.kernel.DEDirector.preinitialize(DEDirector.java:1338)
	at ptolemy.actor.CompositeActor.preinitialize(CompositeActor.java:1828)
	at ptolemy.actor.Manager.preinitializeAndResolveTypes(Manager.java:1040)
	at ptolemy.actor.Manager.initialize(Manager.java:710)
	at ptolemy.actor.Manager.execute(Manager.java:356)
	at ptolemy.actor.Manager.run(Manager.java:1263)
	at ptolemy.actor.Manager$PtolemyRunThread.run(Manager.java:1915)
java.lang.RuntimeException: Execution failed
	at ptolemy.moml.MoMLSimpleApplication$UnloadThread.run(MoMLSimpleApplication.java:402)
Caused by: ptolemy.kernel.util.IllegalActionException: Found a zero delay loop containing .dependencyLoop2.original
  in .dependencyLoop2 and .dependencyLoop2.original
	at ptolemy.actor.util.CausalityInterfaceForComposites._computeOutputPortDepth(CausalityInterfaceForComposites.java:759)
	at ptolemy.actor.util.CausalityInterfaceForComposites._computeInputDepth(CausalityInterfaceForComposites.java:696)
	at ptolemy.actor.util.CausalityInterfaceForComposites._computeOutputPortDepth(CausalityInterfaceForComposites.java:765)
	at ptolemy.actor.util.CausalityInterfaceForComposites._computeInputDepth(CausalityInterfaceForComposites.java:696)
	at ptolemy.actor.util.CausalityInterfaceForComposites._computeOutputPortDepth(CausalityInterfaceForComposites.java:765)
	at ptolemy.actor.util.CausalityInterfaceForComposites._computeInputDepth(CausalityInterfaceForComposites.java:696)
	at ptolemy.actor.util.CausalityInterfaceForComposites._computeActorDepth(CausalityInterfaceForComposites.java:532)
	at ptolemy.actor.util.CausalityInterfaceForComposites.checkForCycles(CausalityInterfaceForComposites.java:96)
	at ptolemy.domains.de.kernel.DEDirector.preinitialize(DEDirector.java:1338)
	at ptolemy.actor.CompositeActor.preinitialize(CompositeActor.java:1828)
	at ptolemy.actor.Manager.preinitializeAndResolveTypes(Manager.java:1040)
	at ptolemy.actor.Manager.initialize(Manager.java:710)
	at ptolemy.actor.Manager.execute(Manager.java:356)
	at ptolemy.actor.Manager.run(Manager.java:1263)
	at ptolemy.actor.Manager$PtolemyRunThread.run(Manager.java:1915)
java.lang.reflect.InvocationTargetException
	at sun.reflect.NativeConstructorAccessorImpl.newInstance0(Native Method)
	at sun.reflect.NativeConstructorAccessorImpl.newInstance(NativeConstructorAccessorImpl.java:62)
	at sun.reflect.DelegatingConstructorAccessorImpl.newInstance(DelegatingConstructorAccessorImpl.java:45)
	at java.lang.reflect.Constructor.newInstance(Constructor.java:423)
	at ptolemy.util.test.junit.AutoKnownFailedTests.RunModel(AutoKnownFailedTests.java:107)
	at sun.reflect.NativeMethodAccessorImpl.invoke0(Native Method)
	at sun.reflect.NativeMethodAccessorImpl.invoke(NativeMethodAccessorImpl.java:62)
	at sun.reflect.DelegatingMethodAccessorImpl.invoke(DelegatingMethodAccessorImpl.java:43)
	at java.lang.reflect.Method.invoke(Method.java:498)
	at org.junit.runners.model.FrameworkMethod$1.runReflectiveCall(FrameworkMethod.java:44)
	at org.junit.internal.runners.model.ReflectiveCallable.run(ReflectiveCallable.java:15)
	at org.junit.runners.model.FrameworkMethod.invokeExplosively(FrameworkMethod.java:41)
	at junitparams.internal.InvokeParameterisedMethod.evaluate(InvokeParameterisedMethod.java:102)
	at org.junit.internal.runners.statements.FailOnTimeout$1.run(FailOnTimeout.java:28)
Caused by: ptolemy.kernel.util.IllegalActionException: Found a zero delay loop containing .dependencyLoop2.original
  in .dependencyLoop2 and .dependencyLoop2.original
	at ptolemy.actor.util.CausalityInterfaceForComposites._computeOutputPortDepth(CausalityInterfaceForComposites.java:759)
	at ptolemy.actor.util.CausalityInterfaceForComposites._computeInputDepth(CausalityInterfaceForComposites.java:696)
	at ptolemy.actor.util.CausalityInterfaceForComposites._computeOutputPortDepth(CausalityInterfaceForComposites.java:765)
	at ptolemy.actor.util.CausalityInterfaceForComposites._computeInputDepth(CausalityInterfaceForComposites.java:696)
	at ptolemy.actor.util.CausalityInterfaceForComposites._computeOutputPortDepth(CausalityInterfaceForComposites.java:765)
	at ptolemy.actor.util.CausalityInterfaceForComposites._computeInputDepth(CausalityInterfaceForComposites.java:696)
	at ptolemy.actor.util.CausalityInterfaceForComposites._computeActorDepth(CausalityInterfaceForComposites.java:532)
	at ptolemy.actor.util.CausalityInterfaceForComposites.checkForCycles(CausalityInterfaceForComposites.java:96)
	at ptolemy.domains.de.kernel.DEDirector.preinitialize(DEDirector.java:1338)
	at ptolemy.actor.CompositeActor.preinitialize(CompositeActor.java:1828)
	at ptolemy.actor.Manager.preinitializeAndResolveTypes(Manager.java:1040)
	at ptolemy.actor.Manager.initialize(Manager.java:710)
	at ptolemy.actor.Manager.execute(Manager.java:356)
	at ptolemy.actor.Manager.run(Manager.java:1263)
	at ptolemy.actor.Manager$PtolemyRunThread.run(Manager.java:1915)
]]></system-err>
</testsuite>
