<?xml version="1.0" encoding="UTF-8" ?>
<testsuite errors="0" failures="0" hostname="travis-job-b561fc8e-6e65-441e-8f2d-98f18ab5299f" name="ptolemy.domains.modal.test.junit.JUnitTclTest" skipped="0" tests="148" time="11.814" timestamp="2019-08-15T05:24:41">
  <properties>
[...]
</properties>
  <testcase classname="ptolemy.util.test.junit.TclTests" name="[0] /home/travis/build/icyphy/ptII/ptolemy/domains/modal/test/SystemLevelType.tcl (RunTclFile)" time="2.151" />
  <testcase classname="ptolemy.util.test.junit.AutoKnownFailedTests" name="[0] /home/travis/build/icyphy/ptII/ptolemy/domains/modal/test/auto/knownFailedTests/CannotAnalysisWithPreemption.xml (RunModel)" time="0.349" />
  <testcase classname="ptolemy.util.test.junit.AutoNameArchTests" name="[0] ThereAreNoAutoArchTests (RunModel)" time="0.005" />
  <testcase classname="ptolemy.util.test.junit.AutoTests" name="[0] /home/travis/build/icyphy/ptII/ptolemy/domains/modal/test/auto/ABPTest.xml (RunModel)" time="0.798" />
  <testcase classname="ptolemy.util.test.junit.AutoTests" name="[1] /home/travis/build/icyphy/ptII/ptolemy/domains/modal/test/auto/ABROFlat.xml (RunModel)" time="0.075" />
  <testcase classname="ptolemy.util.test.junit.AutoTests" name="[2] /home/travis/build/icyphy/ptII/ptolemy/domains/modal/test/auto/ABROFlat2.xml (RunModel)" time="0.055" />
  <testcase classname="ptolemy.util.test.junit.AutoTests" name="[3] /home/travis/build/icyphy/ptII/ptolemy/domains/modal/test/auto/ABRO_present_hmm.xml (RunModel)" time="0.234" />
  <testcase classname="ptolemy.util.test.junit.AutoTests" name="[4] /home/travis/build/icyphy/ptII/ptolemy/domains/modal/test/auto/AMICoderExample.xml (RunModel)" time="0.096" />
  <testcase classname="ptolemy.util.test.junit.AutoTests" name="[5] /home/travis/build/icyphy/ptII/ptolemy/domains/modal/test/auto/AbsentToPresent.xml (RunModel)" time="0.044" />
  <testcase classname="ptolemy.util.test.junit.AutoTests" name="[6] /home/travis/build/icyphy/ptII/ptolemy/domains/modal/test/auto/Blending.xml (RunModel)" time="0.351" />
  <testcase classname="ptolemy.util.test.junit.AutoTests" name="[7] /home/travis/build/icyphy/ptII/ptolemy/domains/modal/test/auto/Broadcast.xml (RunModel)" time="0.036" />
  <testcase classname="ptolemy.util.test.junit.AutoTests" name="[8] /home/travis/build/icyphy/ptII/ptolemy/domains/modal/test/auto/BroadcastHierarchy.xml (RunModel)" time="0.083" />
  <testcase classname="ptolemy.util.test.junit.AutoTests" name="[9] /home/travis/build/icyphy/ptII/ptolemy/domains/modal/test/auto/BroadcastHierarchy2.xml (RunModel)" time="0.095" />
  <testcase classname="ptolemy.util.test.junit.AutoTests" name="[10] /home/travis/build/icyphy/ptII/ptolemy/domains/modal/test/auto/BroadcastHierarchy3.xml (RunModel)" time="0.069" />
  <testcase classname="ptolemy.util.test.junit.AutoTests" name="[11] /home/travis/build/icyphy/ptII/ptolemy/domains/modal/test/auto/BroadcastHierarchy4.xml (RunModel)" time="0.075" />
  <testcase classname="ptolemy.util.test.junit.AutoTests" name="[12] /home/travis/build/icyphy/ptII/ptolemy/domains/modal/test/auto/CannotAnalysisWithPreemption2.xml (RunModel)" time="0.03" />
  <testcase classname="ptolemy.util.test.junit.AutoTests" name="[13] /home/travis/build/icyphy/ptII/ptolemy/domains/modal/test/auto/CannotAnalysisWithPreemption3.xml (RunModel)" time="0.072" />
  <testcase classname="ptolemy.util.test.junit.AutoTests" name="[14] /home/travis/build/icyphy/ptII/ptolemy/domains/modal/test/auto/CannotProduce.xml (RunModel)" time="0.037" />
  <testcase classname="ptolemy.util.test.junit.AutoTests" name="[15] /home/travis/build/icyphy/ptII/ptolemy/domains/modal/test/auto/CannotProduceModal.xml (RunModel)" time="0.044" />
  <testcase classname="ptolemy.util.test.junit.AutoTests" name="[16] /home/travis/build/icyphy/ptII/ptolemy/domains/modal/test/auto/Case.xml (RunModel)" time="0.084" />
  <testcase classname="ptolemy.util.test.junit.AutoTests" name="[17] /home/travis/build/icyphy/ptII/ptolemy/domains/modal/test/auto/Case1.xml (RunModel)" time="0.044" />
  <testcase classname="ptolemy.util.test.junit.AutoTests" name="[18] /home/travis/build/icyphy/ptII/ptolemy/domains/modal/test/auto/Case2.xml (RunModel)" time="0.06" />
  <testcase classname="ptolemy.util.test.junit.AutoTests" name="[19] /home/travis/build/icyphy/ptII/ptolemy/domains/modal/test/auto/CausalityInterface1.xml (RunModel)" time="0.044" />
  <testcase classname="ptolemy.util.test.junit.AutoTests" name="[20] /home/travis/build/icyphy/ptII/ptolemy/domains/modal/test/auto/CausalityInterface10.xml (RunModel)" time="0.061" />
  <testcase classname="ptolemy.util.test.junit.AutoTests" name="[21] /home/travis/build/icyphy/ptII/ptolemy/domains/modal/test/auto/CausalityInterface11.xml (RunModel)" time="0.047" />
  <testcase classname="ptolemy.util.test.junit.AutoTests" name="[22] /home/travis/build/icyphy/ptII/ptolemy/domains/modal/test/auto/CausalityInterface12.xml (RunModel)" time="0.052" />
  <testcase classname="ptolemy.util.test.junit.AutoTests" name="[23] /home/travis/build/icyphy/ptII/ptolemy/domains/modal/test/auto/CausalityInterface13.xml (RunModel)" time="0.057" />
  <testcase classname="ptolemy.util.test.junit.AutoTests" name="[24] /home/travis/build/icyphy/ptII/ptolemy/domains/modal/test/auto/CausalityInterface14.xml (RunModel)" time="0.051" />
  <testcase classname="ptolemy.util.test.junit.AutoTests" name="[25] /home/travis/build/icyphy/ptII/ptolemy/domains/modal/test/auto/CausalityInterface2.xml (RunModel)" time="0.033" />
  <testcase classname="ptolemy.util.test.junit.AutoTests" name="[26] /home/travis/build/icyphy/ptII/ptolemy/domains/modal/test/auto/CausalityInterface3.xml (RunModel)" time="0.025" />
  <testcase classname="ptolemy.util.test.junit.AutoTests" name="[27] /home/travis/build/icyphy/ptII/ptolemy/domains/modal/test/auto/CausalityInterface4.xml (RunModel)" time="0.026" />
  <testcase classname="ptolemy.util.test.junit.AutoTests" name="[28] /home/travis/build/icyphy/ptII/ptolemy/domains/modal/test/auto/CausalityInterface5.xml (RunModel)" time="0.045" />
  <testcase classname="ptolemy.util.test.junit.AutoTests" name="[29] /home/travis/build/icyphy/ptII/ptolemy/domains/modal/test/auto/CausalityInterface6.xml (RunModel)" time="0.03" />
  <testcase classname="ptolemy.util.test.junit.AutoTests" name="[30] /home/travis/build/icyphy/ptII/ptolemy/domains/modal/test/auto/CausalityInterface7.xml (RunModel)" time="0.036" />
  <testcase classname="ptolemy.util.test.junit.AutoTests" name="[31] /home/travis/build/icyphy/ptII/ptolemy/domains/modal/test/auto/CausalityInterface8.xml (RunModel)" time="0.035" />
  <testcase classname="ptolemy.util.test.junit.AutoTests" name="[32] /home/travis/build/icyphy/ptII/ptolemy/domains/modal/test/auto/CausalityInterface9.xml (RunModel)" time="0.035" />
  <testcase classname="ptolemy.util.test.junit.AutoTests" name="[33] /home/travis/build/icyphy/ptII/ptolemy/domains/modal/test/auto/ChainedTransitions.xml (RunModel)" time="0.2" />
  <testcase classname="ptolemy.util.test.junit.AutoTests" name="[34] /home/travis/build/icyphy/ptII/ptolemy/domains/modal/test/auto/CycleOfImmediateTransitionsFSM.xml (RunModel)" time="0.028" />
  <testcase classname="ptolemy.util.test.junit.AutoTests" name="[35] /home/travis/build/icyphy/ptII/ptolemy/domains/modal/test/auto/CycleOfImmediateTransitionsModal.xml (RunModel)" time="0.026" />
  <testcase classname="ptolemy.util.test.junit.AutoTests" name="[36] /home/travis/build/icyphy/ptII/ptolemy/domains/modal/test/auto/CycleOfImmediateTransitionsModal2.xml (RunModel)" time="0.035" />
  <testcase classname="ptolemy.util.test.junit.AutoTests" name="[37] /home/travis/build/icyphy/ptII/ptolemy/domains/modal/test/auto/CycleOfImmediateTransitionsModal3.xml (RunModel)" time="0.081" />
  <testcase classname="ptolemy.util.test.junit.AutoTests" name="[38] /home/travis/build/icyphy/ptII/ptolemy/domains/modal/test/auto/DeepModal1.xml (RunModel)" time="0.06" />
  <testcase classname="ptolemy.util.test.junit.AutoTests" name="[39] /home/travis/build/icyphy/ptII/ptolemy/domains/modal/test/auto/DeepModal2.xml (RunModel)" time="0.072" />
  <testcase classname="ptolemy.util.test.junit.AutoTests" name="[40] /home/travis/build/icyphy/ptII/ptolemy/domains/modal/test/auto/DeepModal3.xml (RunModel)" time="0.071" />
  <testcase classname="ptolemy.util.test.junit.AutoTests" name="[41] /home/travis/build/icyphy/ptII/ptolemy/domains/modal/test/auto/DeepModal4.xml (RunModel)" time="0.103" />
  <testcase classname="ptolemy.util.test.junit.AutoTests" name="[42] /home/travis/build/icyphy/ptII/ptolemy/domains/modal/test/auto/Default1.xml (RunModel)" time="0.022" />
  <testcase classname="ptolemy.util.test.junit.AutoTests" name="[43] /home/travis/build/icyphy/ptII/ptolemy/domains/modal/test/auto/Default2.xml (RunModel)" time="0.022" />
  <testcase classname="ptolemy.util.test.junit.AutoTests" name="[44] /home/travis/build/icyphy/ptII/ptolemy/domains/modal/test/auto/Default3.xml (RunModel)" time="0.021" />
  <testcase classname="ptolemy.util.test.junit.AutoTests" name="[45] /home/travis/build/icyphy/ptII/ptolemy/domains/modal/test/auto/Default4.xml (RunModel)" time="0.024" />
  <testcase classname="ptolemy.util.test.junit.AutoTests" name="[46] /home/travis/build/icyphy/ptII/ptolemy/domains/modal/test/auto/Default5.xml (RunModel)" time="0.025" />
  <testcase classname="ptolemy.util.test.junit.AutoTests" name="[47] /home/travis/build/icyphy/ptII/ptolemy/domains/modal/test/auto/EmptyGuard.xml (RunModel)" time="0.03" />
  <testcase classname="ptolemy.util.test.junit.AutoTests" name="[48] /home/travis/build/icyphy/ptII/ptolemy/domains/modal/test/auto/ErrorTransition1.xml (RunModel)" time="0.031" />
  <testcase classname="ptolemy.util.test.junit.AutoTests" name="[49] /home/travis/build/icyphy/ptII/ptolemy/domains/modal/test/auto/ErrorTransition10.xml (RunModel)" time="0.046" />
  <testcase classname="ptolemy.util.test.junit.AutoTests" name="[50] /home/travis/build/icyphy/ptII/ptolemy/domains/modal/test/auto/ErrorTransition11.xml (RunModel)" time="0.035" />
  <testcase classname="ptolemy.util.test.junit.AutoTests" name="[51] /home/travis/build/icyphy/ptII/ptolemy/domains/modal/test/auto/ErrorTransition2.xml (RunModel)" time="0.03" />
  <testcase classname="ptolemy.util.test.junit.AutoTests" name="[52] /home/travis/build/icyphy/ptII/ptolemy/domains/modal/test/auto/ErrorTransition3.xml (RunModel)" time="0.062" />
  <testcase classname="ptolemy.util.test.junit.AutoTests" name="[53] /home/travis/build/icyphy/ptII/ptolemy/domains/modal/test/auto/ErrorTransition4.xml (RunModel)" time="0.054" />
  <testcase classname="ptolemy.util.test.junit.AutoTests" name="[54] /home/travis/build/icyphy/ptII/ptolemy/domains/modal/test/auto/ErrorTransition5.xml (RunModel)" time="0.035" />
  <testcase classname="ptolemy.util.test.junit.AutoTests" name="[55] /home/travis/build/icyphy/ptII/ptolemy/domains/modal/test/auto/ErrorTransition6.xml (RunModel)" time="0.043" />
  <testcase classname="ptolemy.util.test.junit.AutoTests" name="[56] /home/travis/build/icyphy/ptII/ptolemy/domains/modal/test/auto/ErrorTransition7.xml (RunModel)" time="0.054" />
  <testcase classname="ptolemy.util.test.junit.AutoTests" name="[57] /home/travis/build/icyphy/ptII/ptolemy/domains/modal/test/auto/ErrorTransition8.xml (RunModel)" time="0.053" />
  <testcase classname="ptolemy.util.test.junit.AutoTests" name="[58] /home/travis/build/icyphy/ptII/ptolemy/domains/modal/test/auto/ErrorTransition9.xml (RunModel)" time="0.059" />
  <testcase classname="ptolemy.util.test.junit.AutoTests" name="[59] /home/travis/build/icyphy/ptII/ptolemy/domains/modal/test/auto/ExtendedFSM.xml (RunModel)" time="0.031" />
  <testcase classname="ptolemy.util.test.junit.AutoTests" name="[60] /home/travis/build/icyphy/ptII/ptolemy/domains/modal/test/auto/FinalStates.xml (RunModel)" time="0.025" />
  <testcase classname="ptolemy.util.test.junit.AutoTests" name="[61] /home/travis/build/icyphy/ptII/ptolemy/domains/modal/test/auto/FixedPointFSM.xml (RunModel)" time="0.046" />
  <testcase classname="ptolemy.util.test.junit.AutoTests" name="[62] /home/travis/build/icyphy/ptII/ptolemy/domains/modal/test/auto/FixedPointIterationFSMActor.xml (RunModel)" time="0.032" />
  <testcase classname="ptolemy.util.test.junit.AutoTests" name="[63] /home/travis/build/icyphy/ptII/ptolemy/domains/modal/test/auto/FixedPointIterationFSMActor2.xml (RunModel)" time="0.055" />
  <testcase classname="ptolemy.util.test.junit.AutoTests" name="[64] /home/travis/build/icyphy/ptII/ptolemy/domains/modal/test/auto/ForbiddenInstantanousLoop.xml (RunModel)" time="0.041" />
  <testcase classname="ptolemy.util.test.junit.AutoTests" name="[65] /home/travis/build/icyphy/ptII/ptolemy/domains/modal/test/auto/FunctionDependencyOfFSMActorTest.xml (RunModel)" time="0.032" />
  <testcase classname="ptolemy.util.test.junit.AutoTests" name="[66] /home/travis/build/icyphy/ptII/ptolemy/domains/modal/test/auto/GuardExpression.xml (RunModel)" time="0.022" />
  <testcase classname="ptolemy.util.test.junit.AutoTests" name="[67] /home/travis/build/icyphy/ptII/ptolemy/domains/modal/test/auto/GuardNotEvaluated.xml (RunModel)" time="0.033" />
  <testcase classname="ptolemy.util.test.junit.AutoTests" name="[68] /home/travis/build/icyphy/ptII/ptolemy/domains/modal/test/auto/GuardNotEvaluated2.xml (RunModel)" time="0.029" />
  <testcase classname="ptolemy.util.test.junit.AutoTests" name="[69] /home/travis/build/icyphy/ptII/ptolemy/domains/modal/test/auto/GuardOnAbsent.xml (RunModel)" time="0.025" />
  <testcase classname="ptolemy.util.test.junit.AutoTests" name="[70] /home/travis/build/icyphy/ptII/ptolemy/domains/modal/test/auto/HierarchicalFSMTypeInference.xml (RunModel)" time="0.031" />
  <testcase classname="ptolemy.util.test.junit.AutoTests" name="[71] /home/travis/build/icyphy/ptII/ptolemy/domains/modal/test/auto/Hysteresis.xml (RunModel)" time="0.05" />
  <testcase classname="ptolemy.util.test.junit.AutoTests" name="[72] /home/travis/build/icyphy/ptII/ptolemy/domains/modal/test/auto/HysteresisWithDefault.xml (RunModel)" time="0.075" />
  <testcase classname="ptolemy.util.test.junit.AutoTests" name="[73] /home/travis/build/icyphy/ptII/ptolemy/domains/modal/test/auto/HysteresisWithDefault2.xml (RunModel)" time="0.11" />
  <testcase classname="ptolemy.util.test.junit.AutoTests" name="[74] /home/travis/build/icyphy/ptII/ptolemy/domains/modal/test/auto/ImmediateNonConstructiveness.xml (RunModel)" time="0.029" />
  <testcase classname="ptolemy.util.test.junit.AutoTests" name="[75] /home/travis/build/icyphy/ptII/ptolemy/domains/modal/test/auto/ImmediateNonConstructiveness2.xml (RunModel)" time="0.017" />
  <testcase classname="ptolemy.util.test.junit.AutoTests" name="[76] /home/travis/build/icyphy/ptII/ptolemy/domains/modal/test/auto/ImmediateTransitionReset.xml (RunModel)" time="0.04" />
  <testcase classname="ptolemy.util.test.junit.AutoTests" name="[77] /home/travis/build/icyphy/ptII/ptolemy/domains/modal/test/auto/ImmediateTransitions1.xml (RunModel)" time="0.017" />
  <testcase classname="ptolemy.util.test.junit.AutoTests" name="[78] /home/travis/build/icyphy/ptII/ptolemy/domains/modal/test/auto/ImmediateTransitionsInstantaneousCommunication.xml (RunModel)" time="0.043" />
  <testcase classname="ptolemy.util.test.junit.AutoTests" name="[79] /home/travis/build/icyphy/ptII/ptolemy/domains/modal/test/auto/InitialImmediateTransition.xml (RunModel)" time="0.02" />
  <testcase classname="ptolemy.util.test.junit.AutoTests" name="[80] /home/travis/build/icyphy/ptII/ptolemy/domains/modal/test/auto/InitialOutputs.xml (RunModel)" time="0.017" />
  <testcase classname="ptolemy.util.test.junit.AutoTests" name="[81] /home/travis/build/icyphy/ptII/ptolemy/domains/modal/test/auto/InitialStateTransition1.xml (RunModel)" time="0.024" />
  <testcase classname="ptolemy.util.test.junit.AutoTests" name="[82] /home/travis/build/icyphy/ptII/ptolemy/domains/modal/test/auto/InitialStateTransition2.xml (RunModel)" time="0.023" />
  <testcase classname="ptolemy.util.test.junit.AutoTests" name="[83] /home/travis/build/icyphy/ptII/ptolemy/domains/modal/test/auto/InitialStateTransition3.xml (RunModel)" time="0.026" />
  <testcase classname="ptolemy.util.test.junit.AutoTests" name="[84] /home/travis/build/icyphy/ptII/ptolemy/domains/modal/test/auto/InitialStateTransition4.xml (RunModel)" time="0.029" />
  <testcase classname="ptolemy.util.test.junit.AutoTests" name="[85] /home/travis/build/icyphy/ptII/ptolemy/domains/modal/test/auto/MalformedGuardExpressionNotCaught.xml (RunModel)" time="0.03" />
  <testcase classname="ptolemy.util.test.junit.AutoTests" name="[86] /home/travis/build/icyphy/ptII/ptolemy/domains/modal/test/auto/ModalBSC.xml (RunModel)" time="0.125" />
  <testcase classname="ptolemy.util.test.junit.AutoTests" name="[87] /home/travis/build/icyphy/ptII/ptolemy/domains/modal/test/auto/ModalClocks.xml (RunModel)" time="0.089" />
  <testcase classname="ptolemy.util.test.junit.AutoTests" name="[88] /home/travis/build/icyphy/ptII/ptolemy/domains/modal/test/auto/ModalDelay.xml (RunModel)" time="0.049" />
  <testcase classname="ptolemy.util.test.junit.AutoTests" name="[89] /home/travis/build/icyphy/ptII/ptolemy/domains/modal/test/auto/ModalDelay2.xml (RunModel)" time="0.051" />
  <testcase classname="ptolemy.util.test.junit.AutoTests" name="[90] /home/travis/build/icyphy/ptII/ptolemy/domains/modal/test/auto/ModalModelFromMemo.xml (RunModel)" time="0.059" />
  <testcase classname="ptolemy.util.test.junit.AutoTests" name="[91] /home/travis/build/icyphy/ptII/ptolemy/domains/modal/test/auto/ModalModelWithMultirateTransient.xml (RunModel)" time="0.057" />
  <testcase classname="ptolemy.util.test.junit.AutoTests" name="[92] /home/travis/build/icyphy/ptII/ptolemy/domains/modal/test/auto/ModalModelWithReset.xml (RunModel)" time="0.061" />
  <testcase classname="ptolemy.util.test.junit.AutoTests" name="[93] /home/travis/build/icyphy/ptII/ptolemy/domains/modal/test/auto/MouseClickFSM.xml (RunModel)" time="0.048" />
  <testcase classname="ptolemy.util.test.junit.AutoTests" name="[94] /home/travis/build/icyphy/ptII/ptolemy/domains/modal/test/auto/MouseClickFSMModal.xml (RunModel)" time="0.057" />
  <testcase classname="ptolemy.util.test.junit.AutoTests" name="[95] /home/travis/build/icyphy/ptII/ptolemy/domains/modal/test/auto/NonStrictFSM_FeedbackLoop.xml (RunModel)" time="0.064" />
  <testcase classname="ptolemy.util.test.junit.AutoTests" name="[96] /home/travis/build/icyphy/ptII/ptolemy/domains/modal/test/auto/NonStrictFSM_FeedbackLoop_Refinement.xml (RunModel)" time="0.102" />
  <testcase classname="ptolemy.util.test.junit.AutoTests" name="[97] /home/travis/build/icyphy/ptII/ptolemy/domains/modal/test/auto/NonStrictFSM_FeedbackLoop_preemptive.xml (RunModel)" time="0.059" />
  <testcase classname="ptolemy.util.test.junit.AutoTests" name="[98] /home/travis/build/icyphy/ptII/ptolemy/domains/modal/test/auto/NormalTermination.xml (RunModel)" time="0.065" />
  <testcase classname="ptolemy.util.test.junit.AutoTests" name="[99] /home/travis/build/icyphy/ptII/ptolemy/domains/modal/test/auto/Pong.xml (RunModel)" time="0.085" />
  <testcase classname="ptolemy.util.test.junit.AutoTests" name="[100] /home/travis/build/icyphy/ptII/ptolemy/domains/modal/test/auto/Pong_test.xml (RunModel)" time="0.131" />
  <testcase classname="ptolemy.util.test.junit.AutoTests" name="[101] /home/travis/build/icyphy/ptII/ptolemy/domains/modal/test/auto/PreemptionHierarchy.xml (RunModel)" time="0.039" />
  <testcase classname="ptolemy.util.test.junit.AutoTests" name="[102] /home/travis/build/icyphy/ptII/ptolemy/domains/modal/test/auto/PreemptionHierarchy2.xml (RunModel)" time="0.031" />
  <testcase classname="ptolemy.util.test.junit.AutoTests" name="[103] /home/travis/build/icyphy/ptII/ptolemy/domains/modal/test/auto/PreemptiveTransition.xml (RunModel)" time="0.026" />
  <testcase classname="ptolemy.util.test.junit.AutoTests" name="[104] /home/travis/build/icyphy/ptII/ptolemy/domains/modal/test/auto/Priorities.xml (RunModel)" time="0.1" />
  <testcase classname="ptolemy.util.test.junit.AutoTests" name="[105] /home/travis/build/icyphy/ptII/ptolemy/domains/modal/test/auto/ResetFinal.xml (RunModel)" time="0.044" />
  <testcase classname="ptolemy.util.test.junit.AutoTests" name="[106] /home/travis/build/icyphy/ptII/ptolemy/domains/modal/test/auto/ResetFinal2.xml (RunModel)" time="0.037" />
  <testcase classname="ptolemy.util.test.junit.AutoTests" name="[107] /home/travis/build/icyphy/ptII/ptolemy/domains/modal/test/auto/ResetTransitionWithStartTime.xml (RunModel)" time="0.036" />
  <testcase classname="ptolemy.util.test.junit.AutoTests" name="[108] /home/travis/build/icyphy/ptII/ptolemy/domains/modal/test/auto/SDF-FSMComposite.xml (RunModel)" time="0.026" />
  <testcase classname="ptolemy.util.test.junit.AutoTests" name="[109] /home/travis/build/icyphy/ptII/ptolemy/domains/modal/test/auto/SeeminglyNondeterminate.xml (RunModel)" time="0.079" />
  <testcase classname="ptolemy.util.test.junit.AutoTests" name="[110] /home/travis/build/icyphy/ptII/ptolemy/domains/modal/test/auto/SeeminglyNondeterminate2.xml (RunModel)" time="0.078" />
  <testcase classname="ptolemy.util.test.junit.AutoTests" name="[111] /home/travis/build/icyphy/ptII/ptolemy/domains/modal/test/auto/SpontaneousFSM.xml (RunModel)" time="0.055" />
  <testcase classname="ptolemy.util.test.junit.AutoTests" name="[112] /home/travis/build/icyphy/ptII/ptolemy/domains/modal/test/auto/SpontaneousFSM2.xml (RunModel)" time="0.032" />
  <testcase classname="ptolemy.util.test.junit.AutoTests" name="[113] /home/travis/build/icyphy/ptII/ptolemy/domains/modal/test/auto/SpontaneousFSM3.xml (RunModel)" time="0.047" />
  <testcase classname="ptolemy.util.test.junit.AutoTests" name="[114] /home/travis/build/icyphy/ptII/ptolemy/domains/modal/test/auto/SpontaneousFSM4.xml (RunModel)" time="0.084" />
  <testcase classname="ptolemy.util.test.junit.AutoTests" name="[115] /home/travis/build/icyphy/ptII/ptolemy/domains/modal/test/auto/StateTrackerTest.xml (RunModel)" time="0.076" />
  <testcase classname="ptolemy.util.test.junit.AutoTests" name="[116] /home/travis/build/icyphy/ptII/ptolemy/domains/modal/test/auto/StrongImmediateTransition.xml (RunModel)" time="0.026" />
  <testcase classname="ptolemy.util.test.junit.AutoTests" name="[117] /home/travis/build/icyphy/ptII/ptolemy/domains/modal/test/auto/SustainHierarchy.xml (RunModel)" time="0.03" />
  <testcase classname="ptolemy.util.test.junit.AutoTests" name="[118] /home/travis/build/icyphy/ptII/ptolemy/domains/modal/test/auto/TerminationTransition1.xml (RunModel)" time="0.02" />
  <testcase classname="ptolemy.util.test.junit.AutoTests" name="[119] /home/travis/build/icyphy/ptII/ptolemy/domains/modal/test/auto/TerminationTransition2.xml (RunModel)" time="0.028" />
  <testcase classname="ptolemy.util.test.junit.AutoTests" name="[120] /home/travis/build/icyphy/ptII/ptolemy/domains/modal/test/auto/TerminationTransition3.xml (RunModel)" time="0.024" />
  <testcase classname="ptolemy.util.test.junit.AutoTests" name="[121] /home/travis/build/icyphy/ptII/ptolemy/domains/modal/test/auto/TerminationTransition4.xml (RunModel)" time="0.037" />
  <testcase classname="ptolemy.util.test.junit.AutoTests" name="[122] /home/travis/build/icyphy/ptII/ptolemy/domains/modal/test/auto/TerminationTransition5.xml (RunModel)" time="0.034" />
  <testcase classname="ptolemy.util.test.junit.AutoTests" name="[123] /home/travis/build/icyphy/ptII/ptolemy/domains/modal/test/auto/TerminationTransition6.xml (RunModel)" time="0.024" />
  <testcase classname="ptolemy.util.test.junit.AutoTests" name="[124] /home/travis/build/icyphy/ptII/ptolemy/domains/modal/test/auto/TerminationTransition7.xml (RunModel)" time="0.023" />
  <testcase classname="ptolemy.util.test.junit.AutoTests" name="[125] /home/travis/build/icyphy/ptII/ptolemy/domains/modal/test/auto/TerminationTransition8.xml (RunModel)" time="0.024" />
  <testcase classname="ptolemy.util.test.junit.AutoTests" name="[126] /home/travis/build/icyphy/ptII/ptolemy/domains/modal/test/auto/Thermostat_NoHysteresis.xml (RunModel)" time="0.059" />
  <testcase classname="ptolemy.util.test.junit.AutoTests" name="[127] /home/travis/build/icyphy/ptII/ptolemy/domains/modal/test/auto/TimedFSM.xml (RunModel)" time="0.036" />
  <testcase classname="ptolemy.util.test.junit.AutoTests" name="[128] /home/travis/build/icyphy/ptII/ptolemy/domains/modal/test/auto/Timeout1.xml (RunModel)" time="0.015" />
  <testcase classname="ptolemy.util.test.junit.AutoTests" name="[129] /home/travis/build/icyphy/ptII/ptolemy/domains/modal/test/auto/Timeout2.xml (RunModel)" time="0.045" />
  <testcase classname="ptolemy.util.test.junit.AutoTests" name="[130] /home/travis/build/icyphy/ptII/ptolemy/domains/modal/test/auto/Timeout3.xml (RunModel)" time="0.013" />
  <testcase classname="ptolemy.util.test.junit.AutoTests" name="[131] /home/travis/build/icyphy/ptII/ptolemy/domains/modal/test/auto/Timeout4.xml (RunModel)" time="0.013" />
  <testcase classname="ptolemy.util.test.junit.AutoTests" name="[132] /home/travis/build/icyphy/ptII/ptolemy/domains/modal/test/auto/TransientstateModelAdvanced.xml (RunModel)" time="0.03" />
  <testcase classname="ptolemy.util.test.junit.AutoTests" name="[133] /home/travis/build/icyphy/ptII/ptolemy/domains/modal/test/auto/TransientstateModelAdvanced2.xml (RunModel)" time="0.035" />
  <testcase classname="ptolemy.util.test.junit.AutoTests" name="[134] /home/travis/build/icyphy/ptII/ptolemy/domains/modal/test/auto/TransitionRefinements.xml (RunModel)" time="0.027" />
  <testcase classname="ptolemy.util.test.junit.AutoTests" name="[135] /home/travis/build/icyphy/ptII/ptolemy/domains/modal/test/auto/TwoRefinements1.xml (RunModel)" time="0.029" />
  <testcase classname="ptolemy.util.test.junit.AutoTests" name="[136] /home/travis/build/icyphy/ptII/ptolemy/domains/modal/test/auto/TwoRefinements2.xml (RunModel)" time="0.03" />
  <testcase classname="ptolemy.util.test.junit.AutoTests" name="[137] /home/travis/build/icyphy/ptII/ptolemy/domains/modal/test/auto/WeakImmediateTransition.xml (RunModel)" time="0.033" />
  <testcase classname="ptolemy.util.test.junit.AutoTests" name="[138] /home/travis/build/icyphy/ptII/ptolemy/domains/modal/test/auto/booleanSelect.xml (RunModel)" time="0.066" />
  <testcase classname="ptolemy.util.test.junit.AutoTests" name="[139] /home/travis/build/icyphy/ptII/ptolemy/domains/modal/test/auto/modalChangingParams.xml (RunModel)" time="0.359" />
  <testcase classname="ptolemy.util.test.junit.AutoTests" name="[140] /home/travis/build/icyphy/ptII/ptolemy/domains/modal/test/auto/modalModel.xml (RunModel)" time="0.03" />
  <testcase classname="ptolemy.util.test.junit.AutoTests" name="[141] /home/travis/build/icyphy/ptII/ptolemy/domains/modal/test/auto/modalModel2.xml (RunModel)" time="0.034" />
  <testcase classname="ptolemy.util.test.junit.AutoTests" name="[142] /home/travis/build/icyphy/ptII/ptolemy/domains/modal/test/auto/modalModel3.xml (RunModel)" time="0.053" />
  <testcase classname="ptolemy.util.test.junit.AutoTests" name="[143] /home/travis/build/icyphy/ptII/ptolemy/domains/modal/test/auto/model1.xml (RunModel)" time="0.023" />
  <testcase classname="ptolemy.util.test.junit.AutoTests" name="[144] /home/travis/build/icyphy/ptII/ptolemy/domains/modal/test/auto/test-direct-in-out.xml (RunModel)" time="0.022" />
  <system-out><![CDATA[/home/travis/build/icyphy/ptII/ptolemy/domains/modal/test/SystemLevelType.tcl
testDefs.tcl: setting time out to 9000 seconds at Thu Aug 15 05:24:41 UTC 2019
08/15/19 05:24:43
Failed: 0  Total Tests: 1  ((Passed: 1, Newly Passed: 0)  Known Failed: 0) /home/travis/build/icyphy/ptII/ptolemy/domains/modal/test
----------------- testing (KnownFailure) /home/travis/build/icyphy/ptII/ptolemy/domains/modal/test/auto/knownFailedTests/CannotAnalysisWithPreemption.xml
159 ms. Memory: 120832K Free: 48605K (40%)
Known Failure: java.lang.reflect.InvocationTargetException
No auto/linux-amd64/*.xml tests in /home/travis/build/icyphy/ptII/ptolemy/domains/modal/test
AutoTests.java: About to close Vertx.
AutoTests.java: Vertx closed.

===========================================================================================
----------------- testing Thu Aug 15 05:24:44 UTC 2019 /home/travis/build/icyphy/ptII/ptolemy/domains/modal/test/auto/ABPTest.xml
----------------- Instantiating /home/travis/build/icyphy/ptII/ptolemy/domains/modal/test/auto/ABPTest.xml
428 ms. Memory: 148480K Free: 105829K (71%)
----------------- Invoking toplevel() on ptolemy.moml.MoMLSimpleApplication@5be98afe
----------------- Done invoking toplevel() on ptolemy.moml.MoMLSimpleApplication@5be98afe
reloadAllAccessors: .ABPTest

===========================================================================================
----------------- testing Thu Aug 15 05:24:45 UTC 2019 /home/travis/build/icyphy/ptII/ptolemy/domains/modal/test/auto/ABROFlat.xml
----------------- Instantiating /home/travis/build/icyphy/ptII/ptolemy/domains/modal/test/auto/ABROFlat.xml
17 ms. Memory: 148480K Free: 89445K (60%)
----------------- Invoking toplevel() on ptolemy.moml.MoMLSimpleApplication@3be932e2
----------------- Done invoking toplevel() on ptolemy.moml.MoMLSimpleApplication@3be932e2
reloadAllAccessors: .ABROFlat

===========================================================================================
----------------- testing Thu Aug 15 05:24:45 UTC 2019 /home/travis/build/icyphy/ptII/ptolemy/domains/modal/test/auto/ABROFlat2.xml
----------------- Instantiating /home/travis/build/icyphy/ptII/ptolemy/domains/modal/test/auto/ABROFlat2.xml
17 ms. Memory: 148480K Free: 72517K (49%)
----------------- Invoking toplevel() on ptolemy.moml.MoMLSimpleApplication@72ed5fcd
----------------- Done invoking toplevel() on ptolemy.moml.MoMLSimpleApplication@72ed5fcd
reloadAllAccessors: .ABROFlat2

===========================================================================================
----------------- testing Thu Aug 15 05:24:45 UTC 2019 /home/travis/build/icyphy/ptII/ptolemy/domains/modal/test/auto/ABRO_present_hmm.xml
----------------- Instantiating /home/travis/build/icyphy/ptII/ptolemy/domains/modal/test/auto/ABRO_present_hmm.xml
60 ms. Memory: 148480K Free: 128265K (86%)
----------------- Invoking toplevel() on ptolemy.moml.MoMLSimpleApplication@66dd6d55
----------------- Done invoking toplevel() on ptolemy.moml.MoMLSimpleApplication@66dd6d55
reloadAllAccessors: .ABRO_present_hmm

===========================================================================================
----------------- testing Thu Aug 15 05:24:45 UTC 2019 /home/travis/build/icyphy/ptII/ptolemy/domains/modal/test/auto/AMICoderExample.xml
----------------- Instantiating /home/travis/build/icyphy/ptII/ptolemy/domains/modal/test/auto/AMICoderExample.xml
47 ms. Memory: 148480K Free: 117752K (79%)
----------------- Invoking toplevel() on ptolemy.moml.MoMLSimpleApplication@1ce691a
----------------- Done invoking toplevel() on ptolemy.moml.MoMLSimpleApplication@1ce691a
reloadAllAccessors: .AMICoderExample

===========================================================================================
----------------- testing Thu Aug 15 05:24:45 UTC 2019 /home/travis/build/icyphy/ptII/ptolemy/domains/modal/test/auto/AbsentToPresent.xml
----------------- Instantiating /home/travis/build/icyphy/ptII/ptolemy/domains/modal/test/auto/AbsentToPresent.xml
4 ms. Memory: 148480K Free: 113055K (76%)
----------------- Invoking toplevel() on ptolemy.moml.MoMLSimpleApplication@30269407
----------------- Done invoking toplevel() on ptolemy.moml.MoMLSimpleApplication@30269407
reloadAllAccessors: .AbsentToPresent

===========================================================================================
----------------- testing Thu Aug 15 05:24:45 UTC 2019 /home/travis/build/icyphy/ptII/ptolemy/domains/modal/test/auto/Blending.xml
----------------- Instantiating /home/travis/build/icyphy/ptII/ptolemy/domains/modal/test/auto/Blending.xml
191 ms. Memory: 148480K Free: 68614K (46%)
----------------- Invoking toplevel() on ptolemy.moml.MoMLSimpleApplication@280f5db4
----------------- Done invoking toplevel() on ptolemy.moml.MoMLSimpleApplication@280f5db4
reloadAllAccessors: .Blending

===========================================================================================
----------------- testing Thu Aug 15 05:24:45 UTC 2019 /home/travis/build/icyphy/ptII/ptolemy/domains/modal/test/auto/Broadcast.xml
----------------- Instantiating /home/travis/build/icyphy/ptII/ptolemy/domains/modal/test/auto/Broadcast.xml
7 ms. Memory: 148480K Free: 59222K (40%)
----------------- Invoking toplevel() on ptolemy.moml.MoMLSimpleApplication@12427400
----------------- Done invoking toplevel() on ptolemy.moml.MoMLSimpleApplication@12427400
reloadAllAccessors: .Broadcast

===========================================================================================
----------------- testing Thu Aug 15 05:24:45 UTC 2019 /home/travis/build/icyphy/ptII/ptolemy/domains/modal/test/auto/BroadcastHierarchy.xml
----------------- Instantiating /home/travis/build/icyphy/ptII/ptolemy/domains/modal/test/auto/BroadcastHierarchy.xml
26 ms. Memory: 148480K Free: 129169K (87%)
----------------- Invoking toplevel() on ptolemy.moml.MoMLSimpleApplication@fb26f66
----------------- Done invoking toplevel() on ptolemy.moml.MoMLSimpleApplication@fb26f66
reloadAllAccessors: .BroadcastHierarchy

===========================================================================================
----------------- testing Thu Aug 15 05:24:46 UTC 2019 /home/travis/build/icyphy/ptII/ptolemy/domains/modal/test/auto/BroadcastHierarchy2.xml
----------------- Instantiating /home/travis/build/icyphy/ptII/ptolemy/domains/modal/test/auto/BroadcastHierarchy2.xml
14 ms. Memory: 148480K Free: 102306K (69%)
----------------- Invoking toplevel() on ptolemy.moml.MoMLSimpleApplication@2eed668
----------------- Done invoking toplevel() on ptolemy.moml.MoMLSimpleApplication@2eed668
reloadAllAccessors: .BroadcastHierarchy2

===========================================================================================
----------------- testing Thu Aug 15 05:24:46 UTC 2019 /home/travis/build/icyphy/ptII/ptolemy/domains/modal/test/auto/BroadcastHierarchy3.xml
----------------- Instantiating /home/travis/build/icyphy/ptII/ptolemy/domains/modal/test/auto/BroadcastHierarchy3.xml
14 ms. Memory: 148480K Free: 81826K (55%)
----------------- Invoking toplevel() on ptolemy.moml.MoMLSimpleApplication@70e2e44d
----------------- Done invoking toplevel() on ptolemy.moml.MoMLSimpleApplication@70e2e44d
reloadAllAccessors: .BroadcastHierarchy3

===========================================================================================
----------------- testing Thu Aug 15 05:24:46 UTC 2019 /home/travis/build/icyphy/ptII/ptolemy/domains/modal/test/auto/BroadcastHierarchy4.xml
----------------- Instantiating /home/travis/build/icyphy/ptII/ptolemy/domains/modal/test/auto/BroadcastHierarchy4.xml
11 ms. Memory: 148480K Free: 57870K (39%)
----------------- Invoking toplevel() on ptolemy.moml.MoMLSimpleApplication@27373241
----------------- Done invoking toplevel() on ptolemy.moml.MoMLSimpleApplication@27373241
reloadAllAccessors: .BroadcastHierarchy4

===========================================================================================
----------------- testing Thu Aug 15 05:24:46 UTC 2019 /home/travis/build/icyphy/ptII/ptolemy/domains/modal/test/auto/CannotAnalysisWithPreemption2.xml
----------------- Instantiating /home/travis/build/icyphy/ptII/ptolemy/domains/modal/test/auto/CannotAnalysisWithPreemption2.xml
3 ms. Memory: 148480K Free: 51122K (34%)
----------------- Invoking toplevel() on ptolemy.moml.MoMLSimpleApplication@361d01a9
----------------- Done invoking toplevel() on ptolemy.moml.MoMLSimpleApplication@361d01a9
reloadAllAccessors: .CannotAnalysisWithPreemption2

===========================================================================================
----------------- testing Thu Aug 15 05:24:46 UTC 2019 /home/travis/build/icyphy/ptII/ptolemy/domains/modal/test/auto/CannotAnalysisWithPreemption3.xml
----------------- Instantiating /home/travis/build/icyphy/ptII/ptolemy/domains/modal/test/auto/CannotAnalysisWithPreemption3.xml
15 ms. Memory: 182272K Free: 159142K (87%)
----------------- Invoking toplevel() on ptolemy.moml.MoMLSimpleApplication@66e1546d
----------------- Done invoking toplevel() on ptolemy.moml.MoMLSimpleApplication@66e1546d
reloadAllAccessors: .CannotAnalysisWithPreemption3

===========================================================================================
----------------- testing Thu Aug 15 05:24:46 UTC 2019 /home/travis/build/icyphy/ptII/ptolemy/domains/modal/test/auto/CannotProduce.xml
----------------- Instantiating /home/travis/build/icyphy/ptII/ptolemy/domains/modal/test/auto/CannotProduce.xml
16 ms. Memory: 182272K Free: 152003K (83%)
----------------- Invoking toplevel() on ptolemy.moml.MoMLSimpleApplication@7866d244
----------------- Done invoking toplevel() on ptolemy.moml.MoMLSimpleApplication@7866d244
reloadAllAccessors: .CannotProduce

===========================================================================================
----------------- testing Thu Aug 15 05:24:46 UTC 2019 /home/travis/build/icyphy/ptII/ptolemy/domains/modal/test/auto/CannotProduceModal.xml
----------------- Instantiating /home/travis/build/icyphy/ptII/ptolemy/domains/modal/test/auto/CannotProduceModal.xml
11 ms. Memory: 182272K Free: 145302K (80%)
----------------- Invoking toplevel() on ptolemy.moml.MoMLSimpleApplication@11637f70
----------------- Done invoking toplevel() on ptolemy.moml.MoMLSimpleApplication@11637f70
reloadAllAccessors: .CannotProduceModal

===========================================================================================
----------------- testing Thu Aug 15 05:24:46 UTC 2019 /home/travis/build/icyphy/ptII/ptolemy/domains/modal/test/auto/Case.xml
----------------- Instantiating /home/travis/build/icyphy/ptII/ptolemy/domains/modal/test/auto/Case.xml
34 ms. Memory: 182272K Free: 134067K (74%)
----------------- Invoking toplevel() on ptolemy.moml.MoMLSimpleApplication@26568772
----------------- Done invoking toplevel() on ptolemy.moml.MoMLSimpleApplication@26568772
reloadAllAccessors: .Case

===========================================================================================
----------------- testing Thu Aug 15 05:24:46 UTC 2019 /home/travis/build/icyphy/ptII/ptolemy/domains/modal/test/auto/Case1.xml
----------------- Instantiating /home/travis/build/icyphy/ptII/ptolemy/domains/modal/test/auto/Case1.xml
15 ms. Memory: 182272K Free: 126899K (70%)
----------------- Invoking toplevel() on ptolemy.moml.MoMLSimpleApplication@1d5f844
----------------- Done invoking toplevel() on ptolemy.moml.MoMLSimpleApplication@1d5f844
reloadAllAccessors: .Case1

===========================================================================================
----------------- testing Thu Aug 15 05:24:46 UTC 2019 /home/travis/build/icyphy/ptII/ptolemy/domains/modal/test/auto/Case2.xml
----------------- Instantiating /home/travis/build/icyphy/ptII/ptolemy/domains/modal/test/auto/Case2.xml
23 ms. Memory: 182272K Free: 116134K (64%)
----------------- Invoking toplevel() on ptolemy.moml.MoMLSimpleApplication@40c2f6e9
----------------- Done invoking toplevel() on ptolemy.moml.MoMLSimpleApplication@40c2f6e9
reloadAllAccessors: .Case2

===========================================================================================
----------------- testing Thu Aug 15 05:24:46 UTC 2019 /home/travis/build/icyphy/ptII/ptolemy/domains/modal/test/auto/CausalityInterface1.xml
----------------- Instantiating /home/travis/build/icyphy/ptII/ptolemy/domains/modal/test/auto/CausalityInterface1.xml
10 ms. Memory: 182272K Free: 111021K (61%)
----------------- Invoking toplevel() on ptolemy.moml.MoMLSimpleApplication@25301016
----------------- Done invoking toplevel() on ptolemy.moml.MoMLSimpleApplication@25301016
reloadAllAccessors: .CausalityInterface1

===========================================================================================
----------------- testing Thu Aug 15 05:24:46 UTC 2019 /home/travis/build/icyphy/ptII/ptolemy/domains/modal/test/auto/CausalityInterface10.xml
----------------- Instantiating /home/travis/build/icyphy/ptII/ptolemy/domains/modal/test/auto/CausalityInterface10.xml
12 ms. Memory: 182272K Free: 97709K (54%)
----------------- Invoking toplevel() on ptolemy.moml.MoMLSimpleApplication@23bea3a2
----------------- Done invoking toplevel() on ptolemy.moml.MoMLSimpleApplication@23bea3a2
reloadAllAccessors: .CausalityInterface10

===========================================================================================
----------------- testing Thu Aug 15 05:24:46 UTC 2019 /home/travis/build/icyphy/ptII/ptolemy/domains/modal/test/auto/CausalityInterface11.xml
----------------- Instantiating /home/travis/build/icyphy/ptII/ptolemy/domains/modal/test/auto/CausalityInterface11.xml
6 ms. Memory: 182272K Free: 84390K (46%)
----------------- Invoking toplevel() on ptolemy.moml.MoMLSimpleApplication@293c3a03
----------------- Done invoking toplevel() on ptolemy.moml.MoMLSimpleApplication@293c3a03
reloadAllAccessors: .CausalityInterface11

===========================================================================================
----------------- testing Thu Aug 15 05:24:46 UTC 2019 /home/travis/build/icyphy/ptII/ptolemy/domains/modal/test/auto/CausalityInterface12.xml
----------------- Instantiating /home/travis/build/icyphy/ptII/ptolemy/domains/modal/test/auto/CausalityInterface12.xml
10 ms. Memory: 182272K Free: 70550K (39%)
----------------- Invoking toplevel() on ptolemy.moml.MoMLSimpleApplication@7656fbcc
----------------- Done invoking toplevel() on ptolemy.moml.MoMLSimpleApplication@7656fbcc
reloadAllAccessors: .CausalityInterface12

===========================================================================================
----------------- testing Thu Aug 15 05:24:46 UTC 2019 /home/travis/build/icyphy/ptII/ptolemy/domains/modal/test/auto/CausalityInterface13.xml
----------------- Instantiating /home/travis/build/icyphy/ptII/ptolemy/domains/modal/test/auto/CausalityInterface13.xml
7 ms. Memory: 182272K Free: 156486K (86%)
----------------- Invoking toplevel() on ptolemy.moml.MoMLSimpleApplication@66583b38
----------------- Done invoking toplevel() on ptolemy.moml.MoMLSimpleApplication@66583b38
reloadAllAccessors: .CausalityInterface13

===========================================================================================
----------------- testing Thu Aug 15 05:24:46 UTC 2019 /home/travis/build/icyphy/ptII/ptolemy/domains/modal/test/auto/CausalityInterface14.xml
----------------- Instantiating /home/travis/build/icyphy/ptII/ptolemy/domains/modal/test/auto/CausalityInterface14.xml
7 ms. Memory: 182272K Free: 142678K (78%)
----------------- Invoking toplevel() on ptolemy.moml.MoMLSimpleApplication@6de17f88
----------------- Done invoking toplevel() on ptolemy.moml.MoMLSimpleApplication@6de17f88
reloadAllAccessors: .CausalityInterface14

===========================================================================================
----------------- testing Thu Aug 15 05:24:46 UTC 2019 /home/travis/build/icyphy/ptII/ptolemy/domains/modal/test/auto/CausalityInterface2.xml
----------------- Instantiating /home/travis/build/icyphy/ptII/ptolemy/domains/modal/test/auto/CausalityInterface2.xml
7 ms. Memory: 182272K Free: 136006K (75%)
----------------- Invoking toplevel() on ptolemy.moml.MoMLSimpleApplication@3024c664
----------------- Done invoking toplevel() on ptolemy.moml.MoMLSimpleApplication@3024c664
reloadAllAccessors: .CausalityInterface2

===========================================================================================
----------------- testing Thu Aug 15 05:24:47 UTC 2019 /home/travis/build/icyphy/ptII/ptolemy/domains/modal/test/auto/CausalityInterface3.xml
----------------- Instantiating /home/travis/build/icyphy/ptII/ptolemy/domains/modal/test/auto/CausalityInterface3.xml
4 ms. Memory: 182272K Free: 129862K (71%)
----------------- Invoking toplevel() on ptolemy.moml.MoMLSimpleApplication@36d20810
----------------- Done invoking toplevel() on ptolemy.moml.MoMLSimpleApplication@36d20810
reloadAllAccessors: .CausalityInterface3

===========================================================================================
----------------- testing Thu Aug 15 05:24:47 UTC 2019 /home/travis/build/icyphy/ptII/ptolemy/domains/modal/test/auto/CausalityInterface4.xml
----------------- Instantiating /home/travis/build/icyphy/ptII/ptolemy/domains/modal/test/auto/CausalityInterface4.xml
4 ms. Memory: 182272K Free: 123222K (68%)
----------------- Invoking toplevel() on ptolemy.moml.MoMLSimpleApplication@4c519a3a
----------------- Done invoking toplevel() on ptolemy.moml.MoMLSimpleApplication@4c519a3a
reloadAllAccessors: .CausalityInterface4

===========================================================================================
----------------- testing Thu Aug 15 05:24:47 UTC 2019 /home/travis/build/icyphy/ptII/ptolemy/domains/modal/test/auto/CausalityInterface5.xml
----------------- Instantiating /home/travis/build/icyphy/ptII/ptolemy/domains/modal/test/auto/CausalityInterface5.xml
7 ms. Memory: 182272K Free: 115030K (63%)
----------------- Invoking toplevel() on ptolemy.moml.MoMLSimpleApplication@5750c4bd
----------------- Done invoking toplevel() on ptolemy.moml.MoMLSimpleApplication@5750c4bd
reloadAllAccessors: .CausalityInterface5

===========================================================================================
----------------- testing Thu Aug 15 05:24:47 UTC 2019 /home/travis/build/icyphy/ptII/ptolemy/domains/modal/test/auto/CausalityInterface6.xml
----------------- Instantiating /home/travis/build/icyphy/ptII/ptolemy/domains/modal/test/auto/CausalityInterface6.xml
4 ms. Memory: 182272K Free: 106838K (59%)
----------------- Invoking toplevel() on ptolemy.moml.MoMLSimpleApplication@7cba7083
----------------- Done invoking toplevel() on ptolemy.moml.MoMLSimpleApplication@7cba7083
reloadAllAccessors: .CausalityInterface6

===========================================================================================
----------------- testing Thu Aug 15 05:24:47 UTC 2019 /home/travis/build/icyphy/ptII/ptolemy/domains/modal/test/auto/CausalityInterface7.xml
----------------- Instantiating /home/travis/build/icyphy/ptII/ptolemy/domains/modal/test/auto/CausalityInterface7.xml
7 ms. Memory: 182272K Free: 98646K (54%)
----------------- Invoking toplevel() on ptolemy.moml.MoMLSimpleApplication@68de408d
----------------- Done invoking toplevel() on ptolemy.moml.MoMLSimpleApplication@68de408d
reloadAllAccessors: .CausalityInterface7

===========================================================================================
----------------- testing Thu Aug 15 05:24:47 UTC 2019 /home/travis/build/icyphy/ptII/ptolemy/domains/modal/test/auto/CausalityInterface8.xml
----------------- Instantiating /home/travis/build/icyphy/ptII/ptolemy/domains/modal/test/auto/CausalityInterface8.xml
5 ms. Memory: 182272K Free: 90454K (50%)
----------------- Invoking toplevel() on ptolemy.moml.MoMLSimpleApplication@34ef26ad
----------------- Done invoking toplevel() on ptolemy.moml.MoMLSimpleApplication@34ef26ad
reloadAllAccessors: .CausalityInterface8

===========================================================================================
----------------- testing Thu Aug 15 05:24:47 UTC 2019 /home/travis/build/icyphy/ptII/ptolemy/domains/modal/test/auto/CausalityInterface9.xml
----------------- Instantiating /home/travis/build/icyphy/ptII/ptolemy/domains/modal/test/auto/CausalityInterface9.xml
7 ms. Memory: 182272K Free: 81238K (45%)
----------------- Invoking toplevel() on ptolemy.moml.MoMLSimpleApplication@4d49a858
----------------- Done invoking toplevel() on ptolemy.moml.MoMLSimpleApplication@4d49a858
reloadAllAccessors: .CausalityInterface9

===========================================================================================
----------------- testing Thu Aug 15 05:24:47 UTC 2019 /home/travis/build/icyphy/ptII/ptolemy/domains/modal/test/auto/ChainedTransitions.xml
----------------- Instantiating /home/travis/build/icyphy/ptII/ptolemy/domains/modal/test/auto/ChainedTransitions.xml
126 ms. Memory: 182272K Free: 160208K (88%)
----------------- Invoking toplevel() on ptolemy.moml.MoMLSimpleApplication@523ee599
----------------- Done invoking toplevel() on ptolemy.moml.MoMLSimpleApplication@523ee599
reloadAllAccessors: .ChainedTransitions

===========================================================================================
----------------- testing Thu Aug 15 05:24:47 UTC 2019 /home/travis/build/icyphy/ptII/ptolemy/domains/modal/test/auto/CycleOfImmediateTransitionsFSM.xml
----------------- Instantiating /home/travis/build/icyphy/ptII/ptolemy/domains/modal/test/auto/CycleOfImmediateTransitionsFSM.xml
4 ms. Memory: 182272K Free: 154011K (84%)
----------------- Invoking toplevel() on ptolemy.moml.MoMLSimpleApplication@59c01303
----------------- Done invoking toplevel() on ptolemy.moml.MoMLSimpleApplication@59c01303
reloadAllAccessors: .CycleOfImmediateTransitionsFSM

===========================================================================================
----------------- testing Thu Aug 15 05:24:47 UTC 2019 /home/travis/build/icyphy/ptII/ptolemy/domains/modal/test/auto/CycleOfImmediateTransitionsModal.xml
----------------- Instantiating /home/travis/build/icyphy/ptII/ptolemy/domains/modal/test/auto/CycleOfImmediateTransitionsModal.xml
4 ms. Memory: 182272K Free: 147867K (81%)
----------------- Invoking toplevel() on ptolemy.moml.MoMLSimpleApplication@4cdb206a
----------------- Done invoking toplevel() on ptolemy.moml.MoMLSimpleApplication@4cdb206a
reloadAllAccessors: .CycleOfImmediateTransitionsModal

===========================================================================================
----------------- testing Thu Aug 15 05:24:47 UTC 2019 /home/travis/build/icyphy/ptII/ptolemy/domains/modal/test/auto/CycleOfImmediateTransitionsModal2.xml
----------------- Instantiating /home/travis/build/icyphy/ptII/ptolemy/domains/modal/test/auto/CycleOfImmediateTransitionsModal2.xml
9 ms. Memory: 182272K Free: 141723K (78%)
----------------- Invoking toplevel() on ptolemy.moml.MoMLSimpleApplication@209c09c1
----------------- Done invoking toplevel() on ptolemy.moml.MoMLSimpleApplication@209c09c1
reloadAllAccessors: .CycleOfImmediateTransitionsModal2

===========================================================================================
----------------- testing Thu Aug 15 05:24:47 UTC 2019 /home/travis/build/icyphy/ptII/ptolemy/domains/modal/test/auto/CycleOfImmediateTransitionsModal3.xml
----------------- Instantiating /home/travis/build/icyphy/ptII/ptolemy/domains/modal/test/auto/CycleOfImmediateTransitionsModal3.xml
10 ms. Memory: 182272K Free: 119195K (65%)
----------------- Invoking toplevel() on ptolemy.moml.MoMLSimpleApplication@697e79dc
----------------- Done invoking toplevel() on ptolemy.moml.MoMLSimpleApplication@697e79dc
reloadAllAccessors: .CycleOfImmediateTransitionsModal3

===========================================================================================
----------------- testing Thu Aug 15 05:24:47 UTC 2019 /home/travis/build/icyphy/ptII/ptolemy/domains/modal/test/auto/DeepModal1.xml
----------------- Instantiating /home/travis/build/icyphy/ptII/ptolemy/domains/modal/test/auto/DeepModal1.xml
23 ms. Memory: 182272K Free: 105339K (58%)
----------------- Invoking toplevel() on ptolemy.moml.MoMLSimpleApplication@2f205183
----------------- Done invoking toplevel() on ptolemy.moml.MoMLSimpleApplication@2f205183
reloadAllAccessors: .DeepModal1

===========================================================================================
----------------- testing Thu Aug 15 05:24:47 UTC 2019 /home/travis/build/icyphy/ptII/ptolemy/domains/modal/test/auto/DeepModal2.xml
----------------- Instantiating /home/travis/build/icyphy/ptII/ptolemy/domains/modal/test/auto/DeepModal2.xml
28 ms. Memory: 182272K Free: 86937K (48%)
----------------- Invoking toplevel() on ptolemy.moml.MoMLSimpleApplication@757eca3
----------------- Done invoking toplevel() on ptolemy.moml.MoMLSimpleApplication@757eca3
reloadAllAccessors: .DeepModal2

===========================================================================================
----------------- testing Thu Aug 15 05:24:47 UTC 2019 /home/travis/build/icyphy/ptII/ptolemy/domains/modal/test/auto/DeepModal3.xml
----------------- Instantiating /home/travis/build/icyphy/ptII/ptolemy/domains/modal/test/auto/DeepModal3.xml
29 ms. Memory: 182272K Free: 67481K (37%)
----------------- Invoking toplevel() on ptolemy.moml.MoMLSimpleApplication@14108c80
----------------- Done invoking toplevel() on ptolemy.moml.MoMLSimpleApplication@14108c80
reloadAllAccessors: .DeepModal3

===========================================================================================
----------------- testing Thu Aug 15 05:24:47 UTC 2019 /home/travis/build/icyphy/ptII/ptolemy/domains/modal/test/auto/DeepModal4.xml
----------------- Instantiating /home/travis/build/icyphy/ptII/ptolemy/domains/modal/test/auto/DeepModal4.xml
30 ms. Memory: 182272K Free: 151894K (83%)
----------------- Invoking toplevel() on ptolemy.moml.MoMLSimpleApplication@138f0ac9
----------------- Done invoking toplevel() on ptolemy.moml.MoMLSimpleApplication@138f0ac9
reloadAllAccessors: .DeepModal4

===========================================================================================
----------------- testing Thu Aug 15 05:24:47 UTC 2019 /home/travis/build/icyphy/ptII/ptolemy/domains/modal/test/auto/Default1.xml
----------------- Instantiating /home/travis/build/icyphy/ptII/ptolemy/domains/modal/test/auto/Default1.xml
2 ms. Memory: 182272K Free: 145750K (80%)
----------------- Invoking toplevel() on ptolemy.moml.MoMLSimpleApplication@7a88e076
----------------- Done invoking toplevel() on ptolemy.moml.MoMLSimpleApplication@7a88e076
reloadAllAccessors: .Default1

===========================================================================================
----------------- testing Thu Aug 15 05:24:47 UTC 2019 /home/travis/build/icyphy/ptII/ptolemy/domains/modal/test/auto/Default2.xml
----------------- Instantiating /home/travis/build/icyphy/ptII/ptolemy/domains/modal/test/auto/Default2.xml
9 ms. Memory: 182272K Free: 140116K (77%)
----------------- Invoking toplevel() on ptolemy.moml.MoMLSimpleApplication@7f212868
----------------- Done invoking toplevel() on ptolemy.moml.MoMLSimpleApplication@7f212868
reloadAllAccessors: .Default2

===========================================================================================
----------------- testing Thu Aug 15 05:24:48 UTC 2019 /home/travis/build/icyphy/ptII/ptolemy/domains/modal/test/auto/Default3.xml
----------------- Instantiating /home/travis/build/icyphy/ptII/ptolemy/domains/modal/test/auto/Default3.xml
6 ms. Memory: 182272K Free: 133972K (74%)
----------------- Invoking toplevel() on ptolemy.moml.MoMLSimpleApplication@5a72a448
----------------- Done invoking toplevel() on ptolemy.moml.MoMLSimpleApplication@5a72a448
reloadAllAccessors: .Default3

===========================================================================================
----------------- testing Thu Aug 15 05:24:48 UTC 2019 /home/travis/build/icyphy/ptII/ptolemy/domains/modal/test/auto/Default4.xml
----------------- Instantiating /home/travis/build/icyphy/ptII/ptolemy/domains/modal/test/auto/Default4.xml
6 ms. Memory: 182272K Free: 127828K (70%)
----------------- Invoking toplevel() on ptolemy.moml.MoMLSimpleApplication@6b770208
----------------- Done invoking toplevel() on ptolemy.moml.MoMLSimpleApplication@6b770208
reloadAllAccessors: .Default4

===========================================================================================
----------------- testing Thu Aug 15 05:24:48 UTC 2019 /home/travis/build/icyphy/ptII/ptolemy/domains/modal/test/auto/Default5.xml
----------------- Instantiating /home/travis/build/icyphy/ptII/ptolemy/domains/modal/test/auto/Default5.xml
7 ms. Memory: 182272K Free: 120150K (66%)
----------------- Invoking toplevel() on ptolemy.moml.MoMLSimpleApplication@8e2c84e
----------------- Done invoking toplevel() on ptolemy.moml.MoMLSimpleApplication@8e2c84e
reloadAllAccessors: .Default5

===========================================================================================
----------------- testing Thu Aug 15 05:24:48 UTC 2019 /home/travis/build/icyphy/ptII/ptolemy/domains/modal/test/auto/EmptyGuard.xml
----------------- Instantiating /home/travis/build/icyphy/ptII/ptolemy/domains/modal/test/auto/EmptyGuard.xml
10 ms. Memory: 182272K Free: 112462K (62%)
----------------- Invoking toplevel() on ptolemy.moml.MoMLSimpleApplication@75bb9949
----------------- Done invoking toplevel() on ptolemy.moml.MoMLSimpleApplication@75bb9949
reloadAllAccessors: .EmptyGuard

===========================================================================================
----------------- testing Thu Aug 15 05:24:48 UTC 2019 /home/travis/build/icyphy/ptII/ptolemy/domains/modal/test/auto/ErrorTransition1.xml
----------------- Instantiating /home/travis/build/icyphy/ptII/ptolemy/domains/modal/test/auto/ErrorTransition1.xml
9 ms. Memory: 182272K Free: 103252K (57%)
----------------- Invoking toplevel() on ptolemy.moml.MoMLSimpleApplication@4855ce60
----------------- Done invoking toplevel() on ptolemy.moml.MoMLSimpleApplication@4855ce60
reloadAllAccessors: .ErrorTransition1

===========================================================================================
----------------- testing Thu Aug 15 05:24:48 UTC 2019 /home/travis/build/icyphy/ptII/ptolemy/domains/modal/test/auto/ErrorTransition10.xml
----------------- Instantiating /home/travis/build/icyphy/ptII/ptolemy/domains/modal/test/auto/ErrorTransition10.xml
19 ms. Memory: 182272K Free: 89430K (49%)
----------------- Invoking toplevel() on ptolemy.moml.MoMLSimpleApplication@7f881e2b
----------------- Done invoking toplevel() on ptolemy.moml.MoMLSimpleApplication@7f881e2b
reloadAllAccessors: .ErrorTransition10

===========================================================================================
----------------- testing Thu Aug 15 05:24:48 UTC 2019 /home/travis/build/icyphy/ptII/ptolemy/domains/modal/test/auto/ErrorTransition11.xml
----------------- Instantiating /home/travis/build/icyphy/ptII/ptolemy/domains/modal/test/auto/ErrorTransition11.xml
4 ms. Memory: 182272K Free: 78166K (43%)
----------------- Invoking toplevel() on ptolemy.moml.MoMLSimpleApplication@73ddfced
----------------- Done invoking toplevel() on ptolemy.moml.MoMLSimpleApplication@73ddfced
reloadAllAccessors: .ErrorTransition11

===========================================================================================
----------------- testing Thu Aug 15 05:24:48 UTC 2019 /home/travis/build/icyphy/ptII/ptolemy/domains/modal/test/auto/ErrorTransition2.xml
----------------- Instantiating /home/travis/build/icyphy/ptII/ptolemy/domains/modal/test/auto/ErrorTransition2.xml
10 ms. Memory: 182272K Free: 69460K (38%)
----------------- Invoking toplevel() on ptolemy.moml.MoMLSimpleApplication@2b5f6dc7
----------------- Done invoking toplevel() on ptolemy.moml.MoMLSimpleApplication@2b5f6dc7
reloadAllAccessors: .ErrorTransition2

===========================================================================================
----------------- testing Thu Aug 15 05:24:48 UTC 2019 /home/travis/build/icyphy/ptII/ptolemy/domains/modal/test/auto/ErrorTransition3.xml
----------------- Instantiating /home/travis/build/icyphy/ptII/ptolemy/domains/modal/test/auto/ErrorTransition3.xml
41 ms. Memory: 219136K Free: 200419K (91%)
----------------- Invoking toplevel() on ptolemy.moml.MoMLSimpleApplication@755ff599
----------------- Done invoking toplevel() on ptolemy.moml.MoMLSimpleApplication@755ff599
reloadAllAccessors: .ErrorTransition3

===========================================================================================
----------------- testing Thu Aug 15 05:24:48 UTC 2019 /home/travis/build/icyphy/ptII/ptolemy/domains/modal/test/auto/ErrorTransition4.xml
----------------- Instantiating /home/travis/build/icyphy/ptII/ptolemy/domains/modal/test/auto/ErrorTransition4.xml
19 ms. Memory: 219136K Free: 188795K (86%)
----------------- Invoking toplevel() on ptolemy.moml.MoMLSimpleApplication@63178636
----------------- Done invoking toplevel() on ptolemy.moml.MoMLSimpleApplication@63178636
reloadAllAccessors: .ErrorTransition4

===========================================================================================
----------------- testing Thu Aug 15 05:24:48 UTC 2019 /home/travis/build/icyphy/ptII/ptolemy/domains/modal/test/auto/ErrorTransition5.xml
----------------- Instantiating /home/travis/build/icyphy/ptII/ptolemy/domains/modal/test/auto/ErrorTransition5.xml
10 ms. Memory: 219136K Free: 178555K (81%)
----------------- Invoking toplevel() on ptolemy.moml.MoMLSimpleApplication@510ad341
----------------- Done invoking toplevel() on ptolemy.moml.MoMLSimpleApplication@510ad341
reloadAllAccessors: .ErrorTransition5

===========================================================================================
----------------- testing Thu Aug 15 05:24:48 UTC 2019 /home/travis/build/icyphy/ptII/ptolemy/domains/modal/test/auto/ErrorTransition6.xml
----------------- Instantiating /home/travis/build/icyphy/ptII/ptolemy/domains/modal/test/auto/ErrorTransition6.xml
16 ms. Memory: 219136K Free: 167801K (77%)
----------------- Invoking toplevel() on ptolemy.moml.MoMLSimpleApplication@5da369ee
----------------- Done invoking toplevel() on ptolemy.moml.MoMLSimpleApplication@5da369ee
reloadAllAccessors: .ErrorTransition6

===========================================================================================
----------------- testing Thu Aug 15 05:24:48 UTC 2019 /home/travis/build/icyphy/ptII/ptolemy/domains/modal/test/auto/ErrorTransition7.xml
----------------- Instantiating /home/travis/build/icyphy/ptII/ptolemy/domains/modal/test/auto/ErrorTransition7.xml
17 ms. Memory: 219136K Free: 155003K (71%)
----------------- Invoking toplevel() on ptolemy.moml.MoMLSimpleApplication@585a4341
----------------- Done invoking toplevel() on ptolemy.moml.MoMLSimpleApplication@585a4341
reloadAllAccessors: .ErrorTransition7

===========================================================================================
----------------- testing Thu Aug 15 05:24:48 UTC 2019 /home/travis/build/icyphy/ptII/ptolemy/domains/modal/test/auto/ErrorTransition8.xml
----------------- Instantiating /home/travis/build/icyphy/ptII/ptolemy/domains/modal/test/auto/ErrorTransition8.xml
28 ms. Memory: 219136K Free: 141691K (65%)
----------------- Invoking toplevel() on ptolemy.moml.MoMLSimpleApplication@4c1e6861
----------------- Done invoking toplevel() on ptolemy.moml.MoMLSimpleApplication@4c1e6861
reloadAllAccessors: .ErrorTransition8

===========================================================================================
----------------- testing Thu Aug 15 05:24:48 UTC 2019 /home/travis/build/icyphy/ptII/ptolemy/domains/modal/test/auto/ErrorTransition9.xml
----------------- Instantiating /home/travis/build/icyphy/ptII/ptolemy/domains/modal/test/auto/ErrorTransition9.xml
19 ms. Memory: 219136K Free: 128379K (59%)
----------------- Invoking toplevel() on ptolemy.moml.MoMLSimpleApplication@1d2135da
----------------- Done invoking toplevel() on ptolemy.moml.MoMLSimpleApplication@1d2135da
reloadAllAccessors: .ErrorTransition9

===========================================================================================
----------------- testing Thu Aug 15 05:24:48 UTC 2019 /home/travis/build/icyphy/ptII/ptolemy/domains/modal/test/auto/ExtendedFSM.xml
----------------- Instantiating /home/travis/build/icyphy/ptII/ptolemy/domains/modal/test/auto/ExtendedFSM.xml
8 ms. Memory: 219136K Free: 119659K (55%)
----------------- Invoking toplevel() on ptolemy.moml.MoMLSimpleApplication@2c54ccb6
----------------- Done invoking toplevel() on ptolemy.moml.MoMLSimpleApplication@2c54ccb6
reloadAllAccessors: .ExtendedFSM

===========================================================================================
----------------- testing Thu Aug 15 05:24:48 UTC 2019 /home/travis/build/icyphy/ptII/ptolemy/domains/modal/test/auto/FinalStates.xml
----------------- Instantiating /home/travis/build/icyphy/ptII/ptolemy/domains/modal/test/auto/FinalStates.xml
7 ms. Memory: 219136K Free: 111995K (51%)
----------------- Invoking toplevel() on ptolemy.moml.MoMLSimpleApplication@7feb3f4e
----------------- Done invoking toplevel() on ptolemy.moml.MoMLSimpleApplication@7feb3f4e
reloadAllAccessors: .FinalStates

===========================================================================================
----------------- testing Thu Aug 15 05:24:48 UTC 2019 /home/travis/build/icyphy/ptII/ptolemy/domains/modal/test/auto/FixedPointFSM.xml
----------------- Instantiating /home/travis/build/icyphy/ptII/ptolemy/domains/modal/test/auto/FixedPointFSM.xml
21 ms. Memory: 219136K Free: 97139K (44%)
----------------- Invoking toplevel() on ptolemy.moml.MoMLSimpleApplication@7c3f38ac
----------------- Done invoking toplevel() on ptolemy.moml.MoMLSimpleApplication@7c3f38ac
reloadAllAccessors: .FixedPointFSM

===========================================================================================
----------------- testing Thu Aug 15 05:24:48 UTC 2019 /home/travis/build/icyphy/ptII/ptolemy/domains/modal/test/auto/FixedPointIterationFSMActor.xml
----------------- Instantiating /home/travis/build/icyphy/ptII/ptolemy/domains/modal/test/auto/FixedPointIterationFSMActor.xml
8 ms. Memory: 219136K Free: 86899K (40%)
----------------- Invoking toplevel() on ptolemy.moml.MoMLSimpleApplication@519000f7
----------------- Done invoking toplevel() on ptolemy.moml.MoMLSimpleApplication@519000f7
reloadAllAccessors: .FixedPointIterationFSMActor

===========================================================================================
----------------- testing Thu Aug 15 05:24:48 UTC 2019 /home/travis/build/icyphy/ptII/ptolemy/domains/modal/test/auto/FixedPointIterationFSMActor2.xml
----------------- Instantiating /home/travis/build/icyphy/ptII/ptolemy/domains/modal/test/auto/FixedPointIterationFSMActor2.xml
31 ms. Memory: 219136K Free: 199465K (91%)
----------------- Invoking toplevel() on ptolemy.moml.MoMLSimpleApplication@590a562a
----------------- Done invoking toplevel() on ptolemy.moml.MoMLSimpleApplication@590a562a
reloadAllAccessors: .FixedPointIterationFSMActor2

===========================================================================================
----------------- testing Thu Aug 15 05:24:48 UTC 2019 /home/travis/build/icyphy/ptII/ptolemy/domains/modal/test/auto/ForbiddenInstantanousLoop.xml
----------------- Instantiating /home/travis/build/icyphy/ptII/ptolemy/domains/modal/test/auto/ForbiddenInstantanousLoop.xml
10 ms. Memory: 219136K Free: 186762K (85%)
----------------- Invoking toplevel() on ptolemy.moml.MoMLSimpleApplication@329b6ebe
----------------- Done invoking toplevel() on ptolemy.moml.MoMLSimpleApplication@329b6ebe
reloadAllAccessors: .ForbiddenInstantanousLoop

===========================================================================================
----------------- testing Thu Aug 15 05:24:48 UTC 2019 /home/travis/build/icyphy/ptII/ptolemy/domains/modal/test/auto/FunctionDependencyOfFSMActorTest.xml
----------------- Instantiating /home/travis/build/icyphy/ptII/ptolemy/domains/modal/test/auto/FunctionDependencyOfFSMActorTest.xml
16 ms. Memory: 219136K Free: 179594K (82%)
----------------- Invoking toplevel() on ptolemy.moml.MoMLSimpleApplication@1c229e38
----------------- Done invoking toplevel() on ptolemy.moml.MoMLSimpleApplication@1c229e38
reloadAllAccessors: .FunctionDependencyOfFSMActorTest

===========================================================================================
----------------- testing Thu Aug 15 05:24:48 UTC 2019 /home/travis/build/icyphy/ptII/ptolemy/domains/modal/test/auto/GuardExpression.xml
----------------- Instantiating /home/travis/build/icyphy/ptII/ptolemy/domains/modal/test/auto/GuardExpression.xml
2 ms. Memory: 219136K Free: 174474K (80%)
----------------- Invoking toplevel() on ptolemy.moml.MoMLSimpleApplication@233eb43e
----------------- Done invoking toplevel() on ptolemy.moml.MoMLSimpleApplication@233eb43e
reloadAllAccessors: .GuardExpression

===========================================================================================
----------------- testing Thu Aug 15 05:24:48 UTC 2019 /home/travis/build/icyphy/ptII/ptolemy/domains/modal/test/auto/GuardNotEvaluated.xml
----------------- Instantiating /home/travis/build/icyphy/ptII/ptolemy/domains/modal/test/auto/GuardNotEvaluated.xml
7 ms. Memory: 219136K Free: 165768K (76%)
----------------- Invoking toplevel() on ptolemy.moml.MoMLSimpleApplication@db717d2
----------------- Done invoking toplevel() on ptolemy.moml.MoMLSimpleApplication@db717d2
reloadAllAccessors: .GuardNotEvaluated

===========================================================================================
----------------- testing Thu Aug 15 05:24:48 UTC 2019 /home/travis/build/icyphy/ptII/ptolemy/domains/modal/test/auto/GuardNotEvaluated2.xml
----------------- Instantiating /home/travis/build/icyphy/ptII/ptolemy/domains/modal/test/auto/GuardNotEvaluated2.xml
8 ms. Memory: 219136K Free: 156042K (71%)
----------------- Invoking toplevel() on ptolemy.moml.MoMLSimpleApplication@70ce7e52
----------------- Done invoking toplevel() on ptolemy.moml.MoMLSimpleApplication@70ce7e52
reloadAllAccessors: .GuardNotEvaluated2

===========================================================================================
----------------- testing Thu Aug 15 05:24:49 UTC 2019 /home/travis/build/icyphy/ptII/ptolemy/domains/modal/test/auto/GuardOnAbsent.xml
----------------- Instantiating /home/travis/build/icyphy/ptII/ptolemy/domains/modal/test/auto/GuardOnAbsent.xml
10 ms. Memory: 219136K Free: 148330K (68%)
----------------- Invoking toplevel() on ptolemy.moml.MoMLSimpleApplication@63d18b2a
----------------- Done invoking toplevel() on ptolemy.moml.MoMLSimpleApplication@63d18b2a
reloadAllAccessors: .GuardOnAbsent

===========================================================================================
----------------- testing Thu Aug 15 05:24:49 UTC 2019 /home/travis/build/icyphy/ptII/ptolemy/domains/modal/test/auto/HierarchicalFSMTypeInference.xml
----------------- Instantiating /home/travis/build/icyphy/ptII/ptolemy/domains/modal/test/auto/HierarchicalFSMTypeInference.xml
6 ms. Memory: 219136K Free: 138120K (63%)
----------------- Invoking toplevel() on ptolemy.moml.MoMLSimpleApplication@43ca4ad8
----------------- Done invoking toplevel() on ptolemy.moml.MoMLSimpleApplication@43ca4ad8
reloadAllAccessors: .HierarchicalFSMTypeInference

===========================================================================================
----------------- testing Thu Aug 15 05:24:49 UTC 2019 /home/travis/build/icyphy/ptII/ptolemy/domains/modal/test/auto/Hysteresis.xml
----------------- Instantiating /home/travis/build/icyphy/ptII/ptolemy/domains/modal/test/auto/Hysteresis.xml
15 ms. Memory: 219136K Free: 124794K (57%)
----------------- Invoking toplevel() on ptolemy.moml.MoMLSimpleApplication@5555dbd6
----------------- Done invoking toplevel() on ptolemy.moml.MoMLSimpleApplication@5555dbd6
reloadAllAccessors: .Hysteresis

===========================================================================================
----------------- testing Thu Aug 15 05:24:49 UTC 2019 /home/travis/build/icyphy/ptII/ptolemy/domains/modal/test/auto/HysteresisWithDefault.xml
----------------- Instantiating /home/travis/build/icyphy/ptII/ptolemy/domains/modal/test/auto/HysteresisWithDefault.xml
44 ms. Memory: 219136K Free: 101256K (46%)
----------------- Invoking toplevel() on ptolemy.moml.MoMLSimpleApplication@412d6cb2
----------------- Done invoking toplevel() on ptolemy.moml.MoMLSimpleApplication@412d6cb2
reloadAllAccessors: .HysteresisWithDefault

===========================================================================================
----------------- testing Thu Aug 15 05:24:49 UTC 2019 /home/travis/build/icyphy/ptII/ptolemy/domains/modal/test/auto/HysteresisWithDefault2.xml
----------------- Instantiating /home/travis/build/icyphy/ptII/ptolemy/domains/modal/test/auto/HysteresisWithDefault2.xml
78 ms. Memory: 219136K Free: 196948K (90%)
----------------- Invoking toplevel() on ptolemy.moml.MoMLSimpleApplication@6a7b96a8
----------------- Done invoking toplevel() on ptolemy.moml.MoMLSimpleApplication@6a7b96a8
reloadAllAccessors: .HysteresisWithDefault2

===========================================================================================
----------------- testing Thu Aug 15 05:24:49 UTC 2019 /home/travis/build/icyphy/ptII/ptolemy/domains/modal/test/auto/ImmediateNonConstructiveness.xml
----------------- Instantiating /home/travis/build/icyphy/ptII/ptolemy/domains/modal/test/auto/ImmediateNonConstructiveness.xml
3 ms. Memory: 219136K Free: 189782K (87%)
----------------- Invoking toplevel() on ptolemy.moml.MoMLSimpleApplication@2fe1f55e
----------------- Done invoking toplevel() on ptolemy.moml.MoMLSimpleApplication@2fe1f55e
reloadAllAccessors: .ImmediateNonConstructiveness

===========================================================================================
----------------- testing Thu Aug 15 05:24:49 UTC 2019 /home/travis/build/icyphy/ptII/ptolemy/domains/modal/test/auto/ImmediateNonConstructiveness2.xml
----------------- Instantiating /home/travis/build/icyphy/ptII/ptolemy/domains/modal/test/auto/ImmediateNonConstructiveness2.xml
3 ms. Memory: 219136K Free: 183124K (84%)
----------------- Invoking toplevel() on ptolemy.moml.MoMLSimpleApplication@5ee3ac51
----------------- Done invoking toplevel() on ptolemy.moml.MoMLSimpleApplication@5ee3ac51
reloadAllAccessors: .ImmediateNonConstructiveness2

===========================================================================================
----------------- testing Thu Aug 15 05:24:49 UTC 2019 /home/travis/build/icyphy/ptII/ptolemy/domains/modal/test/auto/ImmediateTransitionReset.xml
----------------- Instantiating /home/travis/build/icyphy/ptII/ptolemy/domains/modal/test/auto/ImmediateTransitionReset.xml
6 ms. Memory: 219136K Free: 171350K (78%)
----------------- Invoking toplevel() on ptolemy.moml.MoMLSimpleApplication@4a58551a
----------------- Done invoking toplevel() on ptolemy.moml.MoMLSimpleApplication@4a58551a
reloadAllAccessors: .ImmediateTransitionReset

===========================================================================================
----------------- testing Thu Aug 15 05:24:49 UTC 2019 /home/travis/build/icyphy/ptII/ptolemy/domains/modal/test/auto/ImmediateTransitions1.xml
----------------- Instantiating /home/travis/build/icyphy/ptII/ptolemy/domains/modal/test/auto/ImmediateTransitions1.xml
2 ms. Memory: 219136K Free: 166230K (76%)
----------------- Invoking toplevel() on ptolemy.moml.MoMLSimpleApplication@6fa5f0e8
----------------- Done invoking toplevel() on ptolemy.moml.MoMLSimpleApplication@6fa5f0e8
reloadAllAccessors: .ImmediateTransitions1

===========================================================================================
----------------- testing Thu Aug 15 05:24:49 UTC 2019 /home/travis/build/icyphy/ptII/ptolemy/domains/modal/test/auto/ImmediateTransitionsInstantaneousCommunication.xml
----------------- Instantiating /home/travis/build/icyphy/ptII/ptolemy/domains/modal/test/auto/ImmediateTransitionsInstantaneousCommunication.xml
4 ms. Memory: 219136K Free: 153942K (70%)
----------------- Invoking toplevel() on ptolemy.moml.MoMLSimpleApplication@58946230
----------------- Done invoking toplevel() on ptolemy.moml.MoMLSimpleApplication@58946230
reloadAllAccessors: .ImmediateTransitionsInstantaneousCommunication

===========================================================================================
----------------- testing Thu Aug 15 05:24:49 UTC 2019 /home/travis/build/icyphy/ptII/ptolemy/domains/modal/test/auto/InitialImmediateTransition.xml
----------------- Instantiating /home/travis/build/icyphy/ptII/ptolemy/domains/modal/test/auto/InitialImmediateTransition.xml
6 ms. Memory: 219136K Free: 146774K (67%)
----------------- Invoking toplevel() on ptolemy.moml.MoMLSimpleApplication@2222953f
----------------- Done invoking toplevel() on ptolemy.moml.MoMLSimpleApplication@2222953f
reloadAllAccessors: .InitialImmediateTransition

===========================================================================================
----------------- testing Thu Aug 15 05:24:49 UTC 2019 /home/travis/build/icyphy/ptII/ptolemy/domains/modal/test/auto/InitialOutputs.xml
----------------- Instantiating /home/travis/build/icyphy/ptII/ptolemy/domains/modal/test/auto/InitialOutputs.xml
3 ms. Memory: 219136K Free: 140116K (64%)
----------------- Invoking toplevel() on ptolemy.moml.MoMLSimpleApplication@246321a2
----------------- Done invoking toplevel() on ptolemy.moml.MoMLSimpleApplication@246321a2
reloadAllAccessors: .InitialOutputs

===========================================================================================
----------------- testing Thu Aug 15 05:24:49 UTC 2019 /home/travis/build/icyphy/ptII/ptolemy/domains/modal/test/auto/InitialStateTransition1.xml
----------------- Instantiating /home/travis/build/icyphy/ptII/ptolemy/domains/modal/test/auto/InitialStateTransition1.xml
3 ms. Memory: 219136K Free: 132948K (61%)
----------------- Invoking toplevel() on ptolemy.moml.MoMLSimpleApplication@19d5281f
----------------- Done invoking toplevel() on ptolemy.moml.MoMLSimpleApplication@19d5281f
reloadAllAccessors: .InitialStateTransition1

===========================================================================================
----------------- testing Thu Aug 15 05:24:49 UTC 2019 /home/travis/build/icyphy/ptII/ptolemy/domains/modal/test/auto/InitialStateTransition2.xml
----------------- Instantiating /home/travis/build/icyphy/ptII/ptolemy/domains/modal/test/auto/InitialStateTransition2.xml
.InitialStateTransition2.TestExceptionAttributeNonConstructive: initialize() was not invoked, but wrapup() was.  This is unusual, but not always a problem.  For example, exporting JNLP will do this.
2 ms. Memory: 219136K Free: 125780K (57%)
----------------- Invoking toplevel() on ptolemy.moml.MoMLSimpleApplication@37addf88
----------------- Done invoking toplevel() on ptolemy.moml.MoMLSimpleApplication@37addf88
reloadAllAccessors: .InitialStateTransition2

===========================================================================================
----------------- testing Thu Aug 15 05:24:49 UTC 2019 /home/travis/build/icyphy/ptII/ptolemy/domains/modal/test/auto/InitialStateTransition3.xml
----------------- Instantiating /home/travis/build/icyphy/ptII/ptolemy/domains/modal/test/auto/InitialStateTransition3.xml
5 ms. Memory: 219136K Free: 117588K (54%)
----------------- Invoking toplevel() on ptolemy.moml.MoMLSimpleApplication@1bc5f6ac
----------------- Done invoking toplevel() on ptolemy.moml.MoMLSimpleApplication@1bc5f6ac
reloadAllAccessors: .InitialStateTransition3

===========================================================================================
----------------- testing Thu Aug 15 05:24:49 UTC 2019 /home/travis/build/icyphy/ptII/ptolemy/domains/modal/test/auto/InitialStateTransition4.xml
----------------- Instantiating /home/travis/build/icyphy/ptII/ptolemy/domains/modal/test/auto/InitialStateTransition4.xml
5 ms. Memory: 219136K Free: 107862K (49%)
----------------- Invoking toplevel() on ptolemy.moml.MoMLSimpleApplication@22d7fb5f
----------------- Done invoking toplevel() on ptolemy.moml.MoMLSimpleApplication@22d7fb5f
[...]
reloadAllAccessors: .TerminationTransition3

===========================================================================================
----------------- testing Thu Aug 15 05:24:51 UTC 2019 /home/travis/build/icyphy/ptII/ptolemy/domains/modal/test/auto/TerminationTransition4.xml
----------------- Instantiating /home/travis/build/icyphy/ptII/ptolemy/domains/modal/test/auto/TerminationTransition4.xml
6 ms. Memory: 297984K Free: 191632K (64%)
----------------- Invoking toplevel() on ptolemy.moml.MoMLSimpleApplication@b1e22d1
----------------- Done invoking toplevel() on ptolemy.moml.MoMLSimpleApplication@b1e22d1
reloadAllAccessors: .TerminationTransition4

===========================================================================================
----------------- testing Thu Aug 15 05:24:51 UTC 2019 /home/travis/build/icyphy/ptII/ptolemy/domains/modal/test/auto/TerminationTransition5.xml
----------------- Instantiating /home/travis/build/icyphy/ptII/ptolemy/domains/modal/test/auto/TerminationTransition5.xml
2 ms. Memory: 297984K Free: 177806K (60%)
----------------- Invoking toplevel() on ptolemy.moml.MoMLSimpleApplication@6f6e1e21
----------------- Done invoking toplevel() on ptolemy.moml.MoMLSimpleApplication@6f6e1e21
reloadAllAccessors: .TerminationTransition5

===========================================================================================
----------------- testing Thu Aug 15 05:24:51 UTC 2019 /home/travis/build/icyphy/ptII/ptolemy/domains/modal/test/auto/TerminationTransition6.xml
----------------- Instantiating /home/travis/build/icyphy/ptII/ptolemy/domains/modal/test/auto/TerminationTransition6.xml
2 ms. Memory: 297984K Free: 169614K (57%)
----------------- Invoking toplevel() on ptolemy.moml.MoMLSimpleApplication@1f845d75
----------------- Done invoking toplevel() on ptolemy.moml.MoMLSimpleApplication@1f845d75
reloadAllAccessors: .TerminationTransition6

===========================================================================================
----------------- testing Thu Aug 15 05:24:51 UTC 2019 /home/travis/build/icyphy/ptII/ptolemy/domains/modal/test/auto/TerminationTransition7.xml
----------------- Instantiating /home/travis/build/icyphy/ptII/ptolemy/domains/modal/test/auto/TerminationTransition7.xml
2 ms. Memory: 297984K Free: 159888K (54%)
----------------- Invoking toplevel() on ptolemy.moml.MoMLSimpleApplication@656f07ad
----------------- Done invoking toplevel() on ptolemy.moml.MoMLSimpleApplication@656f07ad
reloadAllAccessors: .TerminationTransition7

===========================================================================================
----------------- testing Thu Aug 15 05:24:51 UTC 2019 /home/travis/build/icyphy/ptII/ptolemy/domains/modal/test/auto/TerminationTransition8.xml
----------------- Instantiating /home/travis/build/icyphy/ptII/ptolemy/domains/modal/test/auto/TerminationTransition8.xml
2 ms. Memory: 297984K Free: 150158K (50%)
----------------- Invoking toplevel() on ptolemy.moml.MoMLSimpleApplication@f5457fd
----------------- Done invoking toplevel() on ptolemy.moml.MoMLSimpleApplication@f5457fd
reloadAllAccessors: .TerminationTransition8

===========================================================================================
----------------- testing Thu Aug 15 05:24:51 UTC 2019 /home/travis/build/icyphy/ptII/ptolemy/domains/modal/test/auto/Thermostat_NoHysteresis.xml
----------------- Instantiating /home/travis/build/icyphy/ptII/ptolemy/domains/modal/test/auto/Thermostat_NoHysteresis.xml
27 ms. Memory: 297984K Free: 125582K (42%)
----------------- Invoking toplevel() on ptolemy.moml.MoMLSimpleApplication@5e5024c4
----------------- Done invoking toplevel() on ptolemy.moml.MoMLSimpleApplication@5e5024c4
reloadAllAccessors: .Thermostat_NoHysteresis

===========================================================================================
----------------- testing Thu Aug 15 05:24:52 UTC 2019 /home/travis/build/icyphy/ptII/ptolemy/domains/modal/test/auto/TimedFSM.xml
----------------- Instantiating /home/travis/build/icyphy/ptII/ptolemy/domains/modal/test/auto/TimedFSM.xml
8 ms. Memory: 297984K Free: 113808K (38%)
----------------- Invoking toplevel() on ptolemy.moml.MoMLSimpleApplication@582866fc
----------------- Done invoking toplevel() on ptolemy.moml.MoMLSimpleApplication@582866fc
reloadAllAccessors: .TimedFSM

===========================================================================================
----------------- testing Thu Aug 15 05:24:52 UTC 2019 /home/travis/build/icyphy/ptII/ptolemy/domains/modal/test/auto/Timeout1.xml
----------------- Instantiating /home/travis/build/icyphy/ptII/ptolemy/domains/modal/test/auto/Timeout1.xml
3 ms. Memory: 297984K Free: 108159K (36%)
----------------- Invoking toplevel() on ptolemy.moml.MoMLSimpleApplication@769c0f62
----------------- Done invoking toplevel() on ptolemy.moml.MoMLSimpleApplication@769c0f62
reloadAllAccessors: .Timeout1

===========================================================================================
----------------- testing Thu Aug 15 05:24:52 UTC 2019 /home/travis/build/icyphy/ptII/ptolemy/domains/modal/test/auto/Timeout2.xml
----------------- Instantiating /home/travis/build/icyphy/ptII/ptolemy/domains/modal/test/auto/Timeout2.xml
8 ms. Memory: 297984K Free: 273819K (92%)
----------------- Invoking toplevel() on ptolemy.moml.MoMLSimpleApplication@7dc0358d
----------------- Done invoking toplevel() on ptolemy.moml.MoMLSimpleApplication@7dc0358d
reloadAllAccessors: .Timeout2

===========================================================================================
----------------- testing Thu Aug 15 05:24:52 UTC 2019 /home/travis/build/icyphy/ptII/ptolemy/domains/modal/test/auto/Timeout3.xml
----------------- Instantiating /home/travis/build/icyphy/ptII/ptolemy/domains/modal/test/auto/Timeout3.xml
3 ms. Memory: 297984K Free: 268699K (90%)
----------------- Invoking toplevel() on ptolemy.moml.MoMLSimpleApplication@3cacee48
----------------- Done invoking toplevel() on ptolemy.moml.MoMLSimpleApplication@3cacee48
reloadAllAccessors: .Timeout3

===========================================================================================
----------------- testing Thu Aug 15 05:24:52 UTC 2019 /home/travis/build/icyphy/ptII/ptolemy/domains/modal/test/auto/Timeout4.xml
----------------- Instantiating /home/travis/build/icyphy/ptII/ptolemy/domains/modal/test/auto/Timeout4.xml
3 ms. Memory: 297984K Free: 263579K (88%)
----------------- Invoking toplevel() on ptolemy.moml.MoMLSimpleApplication@23ee10a2
----------------- Done invoking toplevel() on ptolemy.moml.MoMLSimpleApplication@23ee10a2
reloadAllAccessors: .Timeout4

===========================================================================================
----------------- testing Thu Aug 15 05:24:52 UTC 2019 /home/travis/build/icyphy/ptII/ptolemy/domains/modal/test/auto/TransientstateModelAdvanced.xml
----------------- Instantiating /home/travis/build/icyphy/ptII/ptolemy/domains/modal/test/auto/TransientstateModelAdvanced.xml
3 ms. Memory: 297984K Free: 251291K (84%)
----------------- Invoking toplevel() on ptolemy.moml.MoMLSimpleApplication@18b5ea16
----------------- Done invoking toplevel() on ptolemy.moml.MoMLSimpleApplication@18b5ea16
reloadAllAccessors: .TransientstateModelAdvanced

===========================================================================================
----------------- testing Thu Aug 15 05:24:52 UTC 2019 /home/travis/build/icyphy/ptII/ptolemy/domains/modal/test/auto/TransientstateModelAdvanced2.xml
----------------- Instantiating /home/travis/build/icyphy/ptII/ptolemy/domains/modal/test/auto/TransientstateModelAdvanced2.xml
3 ms. Memory: 297984K Free: 236955K (80%)
----------------- Invoking toplevel() on ptolemy.moml.MoMLSimpleApplication@2fcf8e16
----------------- Done invoking toplevel() on ptolemy.moml.MoMLSimpleApplication@2fcf8e16
reloadAllAccessors: .transientstatemodelAdvanced

===========================================================================================
----------------- testing Thu Aug 15 05:24:52 UTC 2019 /home/travis/build/icyphy/ptII/ptolemy/domains/modal/test/auto/TransitionRefinements.xml
----------------- Instantiating /home/travis/build/icyphy/ptII/ptolemy/domains/modal/test/auto/TransitionRefinements.xml
7 ms. Memory: 297984K Free: 227211K (76%)
----------------- Invoking toplevel() on ptolemy.moml.MoMLSimpleApplication@3a14683
----------------- Done invoking toplevel() on ptolemy.moml.MoMLSimpleApplication@3a14683
reloadAllAccessors: .TransitionRefinements

===========================================================================================
----------------- testing Thu Aug 15 05:24:52 UTC 2019 /home/travis/build/icyphy/ptII/ptolemy/domains/modal/test/auto/TwoRefinements1.xml
----------------- Instantiating /home/travis/build/icyphy/ptII/ptolemy/domains/modal/test/auto/TwoRefinements1.xml
3 ms. Memory: 297984K Free: 216985K (73%)
----------------- Invoking toplevel() on ptolemy.moml.MoMLSimpleApplication@1d53a7b3
----------------- Done invoking toplevel() on ptolemy.moml.MoMLSimpleApplication@1d53a7b3
reloadAllAccessors: .TwoRefinements1

===========================================================================================
----------------- testing Thu Aug 15 05:24:52 UTC 2019 /home/travis/build/icyphy/ptII/ptolemy/domains/modal/test/auto/TwoRefinements2.xml
----------------- Instantiating /home/travis/build/icyphy/ptII/ptolemy/domains/modal/test/auto/TwoRefinements2.xml
3 ms. Memory: 297984K Free: 206745K (69%)
----------------- Invoking toplevel() on ptolemy.moml.MoMLSimpleApplication@3c179f1e
----------------- Done invoking toplevel() on ptolemy.moml.MoMLSimpleApplication@3c179f1e
reloadAllAccessors: .TwoRefinements2

===========================================================================================
----------------- testing Thu Aug 15 05:24:52 UTC 2019 /home/travis/build/icyphy/ptII/ptolemy/domains/modal/test/auto/WeakImmediateTransition.xml
----------------- Instantiating /home/travis/build/icyphy/ptII/ptolemy/domains/modal/test/auto/WeakImmediateTransition.xml
7 ms. Memory: 297984K Free: 198043K (66%)
----------------- Invoking toplevel() on ptolemy.moml.MoMLSimpleApplication@64fe10e2
----------------- Done invoking toplevel() on ptolemy.moml.MoMLSimpleApplication@64fe10e2
reloadAllAccessors: .WeakImmediateTransition

===========================================================================================
----------------- testing Thu Aug 15 05:24:52 UTC 2019 /home/travis/build/icyphy/ptII/ptolemy/domains/modal/test/auto/booleanSelect.xml
----------------- Instantiating /home/travis/build/icyphy/ptII/ptolemy/domains/modal/test/auto/booleanSelect.xml
38 ms. Memory: 297984K Free: 180107K (60%)
----------------- Invoking toplevel() on ptolemy.moml.MoMLSimpleApplication@478130a9
----------------- Done invoking toplevel() on ptolemy.moml.MoMLSimpleApplication@478130a9
reloadAllAccessors: .booleanSelect

===========================================================================================
----------------- testing Thu Aug 15 05:24:52 UTC 2019 /home/travis/build/icyphy/ptII/ptolemy/domains/modal/test/auto/modalChangingParams.xml
----------------- Instantiating /home/travis/build/icyphy/ptII/ptolemy/domains/modal/test/auto/modalChangingParams.xml
0
1
0
2
4
6
8
7
0
2
4
6
8
13
0
2
4
6
8
19
0
2
4
6
8
25
0
2
4
6
8
31
0
2
4
6
8
37
0
2
4
6
8
43
0
2
4
6
8
49
0
2
4
6
8
55
0
2
4
6
8
61
0
2
4
6
8
67
0
2
4
6
8
73
0
2
4
6
8
79
0
2
4
6
8
85
0
2
4
6
8
91
0
2
4
6
8
97
0
2
4
6
8
103
0
2
4
6
8
109
0
2
4
6
8
115
0
2
4
6
8
121
0
2
4
6
8
127
0
2
4
6
8
133
0
2
4
6
8
139
0
2
4
6
8
145
0
2
4
6
8
151
0
2
4
6
8
157
0
2
4
6
8
163
0
2
4
6
8
169
0
2
4
6
8
175
0
2
4
6
8
181
0
2
4
6
8
187
0
2
4
6
8
193
0
2
4
6
8
199
0
2
4
6
8
205
0
2
4
6
8
211
0
2
4
6
8
217
0
2
4
6
8
223
0
2
4
6
8
229
0
2
4
6
8
235
0
2
4
6
8
241
0
2
4
6
8
247
0
2
4
6
8
253
0
2
4
6
8
259
0
2
4
6
8
265
0
2
4
6
8
271
0
2
4
6
8
277
0
2
4
6
8
283
0
2
4
6
8
289
0
2
4
6
8
295
0
2
4
6
8
301
0
2
4
6
8
307
0
2
4
6
8
313
0
2
4
6
8
319
0
2
4
6
8
325
0
2
4
6
8
331
0
2
4
6
8
337
0
2
4
6
8
343
0
2
4
6
8
349
0
2
4
6
8
355
0
2
4
6
8
361
0
2
4
6
8
367
0
2
4
6
8
373
0
2
4
6
8
379
0
2
4
6
8
385
0
2
4
6
8
391
0
2
4
6
8
397
0
2
4
6
8
403
0
2
4
6
8
409
0
2
4
6
8
415
0
2
4
6
8
421
0
2
4
6
8
427
0
2
4
6
8
433
0
2
4
6
8
439
0
2
4
6
8
445
0
2
4
6
8
451
0
2
4
6
8
457
0
2
4
6
8
463
0
2
4
6
8
469
0
2
4
6
8
475
0
2
4
6
8
481
0
2
4
6
8
487
0
2
4
6
8
493
0
2
4
6
8
499
0
2
4
6
8
505
0
2
4
6
8
511
0
2
4
6
8
517
0
2
4
6
8
523
0
2
4
6
8
529
0
2
4
6
8
535
0
2
4
6
8
541
0
2
4
6
8
547
0
2
4
6
8
553
0
2
4
6
8
559
0
2
4
6
8
565
0
2
4
6
8
571
0
2
4
6
8
577
0
2
4
6
8
583
0
2
4
6
8
589
0
2
4
6
8
595
0
2
4
6
8
601
0
2
4
6
8
607
0
2
4
6
8
613
0
2
4
6
8
619
0
2
4
6
8
625
0
2
4
6
8
631
0
2
4
6
8
637
0
2
4
6
8
643
0
2
4
6
8
649
0
2
4
6
8
655
0
2
4
6
8
661
0
2
4
6
8
667
0
2
4
6
8
673
0
2
4
6
8
679
0
2
4
6
8
685
0
2
4
6
8
691
0
2
4
6
8
697
0
2
4
6
8
703
0
2
4
6
8
709
0
2
4
6
8
715
0
2
4
6
8
721
0
2
4
6
8
727
0
2
4
6
8
733
0
2
4
6
8
739
0
2
4
6
8
745
0
2
4
6
8
751
0
2
4
6
8
757
0
2
4
6
8
763
0
2
4
6
8
769
0
2
4
6
8
775
0
2
4
6
8
781
0
2
4
6
8
787
0
2
4
6
8
793
0
2
4
6
8
799
0
2
4
6
8
805
0
2
4
6
8
811
0
2
4
6
8
817
0
2
4
6
8
823
0
2
4
6
8
829
0
2
4
6
8
835
0
2
4
6
8
841
0
2
4
6
8
847
0
2
4
6
8
853
0
2
4
6
8
859
0
2
4
6
8
865
0
2
4
6
8
871
0
2
4
6
8
877
0
2
4
6
8
883
0
2
4
6
8
889
0
2
4
6
8
895
0
2
4
6
8
901
0
2
4
6
8
907
0
2
4
6
8
913
0
2
4
6
8
919
0
2
4
6
8
925
0
2
4
6
8
931
0
2
4
6
8
937
0
2
4
6
8
943
0
2
4
6
8
949
0
2
4
6
8
955
0
2
4
6
8
961
0
2
4
6
8
967
0
2
4
6
8
973
0
2
4
6
8
979
0
2
4
6
8
985
0
2
4
6
8
991
0
2
4
6
8
997
0
2
329 ms. Memory: 378880K Free: 321062K (85%)
----------------- Invoking toplevel() on ptolemy.moml.MoMLSimpleApplication@60792695
----------------- Done invoking toplevel() on ptolemy.moml.MoMLSimpleApplication@60792695
reloadAllAccessors: .modalChangingParams

===========================================================================================
----------------- testing Thu Aug 15 05:24:52 UTC 2019 /home/travis/build/icyphy/ptII/ptolemy/domains/modal/test/auto/modalModel.xml
----------------- Instantiating /home/travis/build/icyphy/ptII/ptolemy/domains/modal/test/auto/modalModel.xml
7 ms. Memory: 378880K Free: 311816K (82%)
----------------- Invoking toplevel() on ptolemy.moml.MoMLSimpleApplication@4de6d8f3
----------------- Done invoking toplevel() on ptolemy.moml.MoMLSimpleApplication@4de6d8f3
reloadAllAccessors: .modalModel

===========================================================================================
----------------- testing Thu Aug 15 05:24:52 UTC 2019 /home/travis/build/icyphy/ptII/ptolemy/domains/modal/test/auto/modalModel2.xml
----------------- Instantiating /home/travis/build/icyphy/ptII/ptolemy/domains/modal/test/auto/modalModel2.xml
9 ms. Memory: 378880K Free: 301096K (79%)
----------------- Invoking toplevel() on ptolemy.moml.MoMLSimpleApplication@3f9cd44e
----------------- Done invoking toplevel() on ptolemy.moml.MoMLSimpleApplication@3f9cd44e
reloadAllAccessors: .modalModel2

===========================================================================================
----------------- testing Thu Aug 15 05:24:52 UTC 2019 /home/travis/build/icyphy/ptII/ptolemy/domains/modal/test/auto/modalModel3.xml
----------------- Instantiating /home/travis/build/icyphy/ptII/ptolemy/domains/modal/test/auto/modalModel3.xml
0	0	0
1	0	1
4	2	2
7	4	3
10	6	4
5	0	5
8	2	6
11	4	7
14	6	8
9	0	9
12	2	10
15	4	11
18	6	12
13	0	13
16	2	14
22 ms. Memory: 378880K Free: 286246K (76%)
----------------- Invoking toplevel() on ptolemy.moml.MoMLSimpleApplication@937c2b
----------------- Done invoking toplevel() on ptolemy.moml.MoMLSimpleApplication@937c2b
reloadAllAccessors: .modalModel3

===========================================================================================
----------------- testing Thu Aug 15 05:24:52 UTC 2019 /home/travis/build/icyphy/ptII/ptolemy/domains/modal/test/auto/model1.xml
----------------- Instantiating /home/travis/build/icyphy/ptII/ptolemy/domains/modal/test/auto/model1.xml
11 ms. Memory: 378880K Free: 280616K (74%)
----------------- Invoking toplevel() on ptolemy.moml.MoMLSimpleApplication@1ac45933
----------------- Done invoking toplevel() on ptolemy.moml.MoMLSimpleApplication@1ac45933
reloadAllAccessors: .model1

===========================================================================================
----------------- testing Thu Aug 15 05:24:52 UTC 2019 /home/travis/build/icyphy/ptII/ptolemy/domains/modal/test/auto/test-direct-in-out.xml
----------------- Instantiating /home/travis/build/icyphy/ptII/ptolemy/domains/modal/test/auto/test-direct-in-out.xml
5 ms. Memory: 378880K Free: 272928K (72%)
----------------- Invoking toplevel() on ptolemy.moml.MoMLSimpleApplication@40ada9
----------------- Done invoking toplevel() on ptolemy.moml.MoMLSimpleApplication@40ada9
reloadAllAccessors: .test-direct-in-out
AutoTests.java: About to close Vertx.
AutoTests.java: Vertx closed.
]]></system-out>
  <system-err><![CDATA[java.lang.RuntimeException: Execution failed
	at ptolemy.moml.MoMLSimpleApplication$UnloadThread.run(MoMLSimpleApplication.java:402)
Caused by: ptolemy.kernel.util.IllegalActionException: Unknown inputs remain. Possible causality loop:
L_model_1893289564i

  in .CannotAnalysisWithPreemption.model_1893289564_region_1 and .CannotAnalysisWithPreemption.model_1893289564_region_1.L_model_1893289564i
	at ptolemy.actor.sched.FixedPointDirector.postfire(FixedPointDirector.java:515)
	at ptolemy.domains.sr.kernel.SRDirector.postfire(SRDirector.java:417)
	at ptolemy.actor.CompositeActor.postfire(CompositeActor.java:1668)
	at ptolemy.actor.Manager.iterate(Manager.java:852)
	at ptolemy.actor.Manager.execute(Manager.java:369)
	at ptolemy.actor.Manager.run(Manager.java:1263)
	at ptolemy.actor.Manager$PtolemyRunThread.run(Manager.java:1933)
java.lang.reflect.InvocationTargetException
	at java.base/jdk.internal.reflect.NativeConstructorAccessorImpl.newInstance0(Native Method)
	at java.base/jdk.internal.reflect.NativeConstructorAccessorImpl.newInstance(NativeConstructorAccessorImpl.java:62)
	at java.base/jdk.internal.reflect.DelegatingConstructorAccessorImpl.newInstance(DelegatingConstructorAccessorImpl.java:45)
	at java.base/java.lang.reflect.Constructor.newInstance(Constructor.java:490)
	at ptolemy.util.test.junit.AutoKnownFailedTests.RunModel(AutoKnownFailedTests.java:105)
	at java.base/jdk.internal.reflect.NativeMethodAccessorImpl.invoke0(Native Method)
	at java.base/jdk.internal.reflect.NativeMethodAccessorImpl.invoke(NativeMethodAccessorImpl.java:62)
	at java.base/jdk.internal.reflect.DelegatingMethodAccessorImpl.invoke(DelegatingMethodAccessorImpl.java:43)
	at java.base/java.lang.reflect.Method.invoke(Method.java:566)
	at org.junit.runners.model.FrameworkMethod$1.runReflectiveCall(FrameworkMethod.java:44)
	at org.junit.internal.runners.model.ReflectiveCallable.run(ReflectiveCallable.java:15)
	at org.junit.runners.model.FrameworkMethod.invokeExplosively(FrameworkMethod.java:41)
	at junitparams.internal.InvokeParameterisedMethod.evaluate(InvokeParameterisedMethod.java:102)
	at org.junit.internal.runners.statements.FailOnTimeout$1.run(FailOnTimeout.java:28)
Caused by: ptolemy.kernel.util.IllegalActionException: Unknown inputs remain. Possible causality loop:
L_model_1893289564i

  in .CannotAnalysisWithPreemption.model_1893289564_region_1 and .CannotAnalysisWithPreemption.model_1893289564_region_1.L_model_1893289564i
	at ptolemy.actor.sched.FixedPointDirector.postfire(FixedPointDirector.java:515)
	at ptolemy.domains.sr.kernel.SRDirector.postfire(SRDirector.java:417)
	at ptolemy.actor.CompositeActor.postfire(CompositeActor.java:1668)
	at ptolemy.actor.Manager.iterate(Manager.java:852)
	at ptolemy.actor.Manager.execute(Manager.java:369)
	at ptolemy.actor.Manager.run(Manager.java:1263)
	at ptolemy.actor.Manager$PtolemyRunThread.run(Manager.java:1933)
]]></system-err>
</testsuite>
