<?xml version="1.0" encoding="UTF-8" ?>
<testsuite errors="0" failures="0" hostname="travis-job-55164e78-e997-4915-ab85-559d531c891f" name="ptolemy.domains.sdf.lib.test.junit.JUnitTclTest" skipped="0" tests="82" time="8.8" timestamp="2020-10-16T16:07:43">
  <properties>
[...]
</properties>
  <testcase classname="ptolemy.util.test.junit.TclTests" name="[0] /home/travis/build/icyphy/ptII/ptolemy/domains/sdf/lib/test/ArrayToSequence.tcl (RunTclFile)" time="0.67" />
  <testcase classname="ptolemy.util.test.junit.TclTests" name="[1] /home/travis/build/icyphy/ptII/ptolemy/domains/sdf/lib/test/BitsToInt.tcl (RunTclFile)" time="0.077" />
  <testcase classname="ptolemy.util.test.junit.TclTests" name="[2] /home/travis/build/icyphy/ptII/ptolemy/domains/sdf/lib/test/DelayLine.tcl (RunTclFile)" time="0.049" />
  <testcase classname="ptolemy.util.test.junit.TclTests" name="[3] /home/travis/build/icyphy/ptII/ptolemy/domains/sdf/lib/test/FFT.tcl (RunTclFile)" time="0.028" />
  <testcase classname="ptolemy.util.test.junit.TclTests" name="[4] /home/travis/build/icyphy/ptII/ptolemy/domains/sdf/lib/test/FIR.tcl (RunTclFile)" time="0.22" />
  <testcase classname="ptolemy.util.test.junit.TclTests" name="[5] /home/travis/build/icyphy/ptII/ptolemy/domains/sdf/lib/test/IntToBits.tcl (RunTclFile)" time="0.061" />
  <testcase classname="ptolemy.util.test.junit.TclTests" name="[6] /home/travis/build/icyphy/ptII/ptolemy/domains/sdf/lib/test/MaximumEntropySpectrum.tcl (RunTclFile)" time="0.322" />
  <testcase classname="ptolemy.util.test.junit.TclTests" name="[7] /home/travis/build/icyphy/ptII/ptolemy/domains/sdf/lib/test/Repeat.tcl (RunTclFile)" time="0.06" />
  <testcase classname="ptolemy.util.test.junit.TclTests" name="[8] /home/travis/build/icyphy/ptII/ptolemy/domains/sdf/lib/test/SampleDelay.tcl (RunTclFile)" time="0.134" />
  <testcase classname="ptolemy.util.test.junit.TclTests" name="[9] /home/travis/build/icyphy/ptII/ptolemy/domains/sdf/lib/test/SequenceToArray.tcl (RunTclFile)" time="0.039" />
  <testcase classname="ptolemy.util.test.junit.AutoKnownFailedTests" name="[0] ThereAreNoKnowFailedTests (RunModel)" time="0.001" />
  <testcase classname="ptolemy.util.test.junit.AutoNameArchTests" name="[0] ThereAreNoAutoArchTests (RunModel)" time="0.008" />
  <testcase classname="ptolemy.util.test.junit.AutoTests" name="[0] /home/travis/build/icyphy/ptII/ptolemy/domains/sdf/lib/test/auto/ArrayToSequence.xml (RunModel)" time="0.281" />
  <testcase classname="ptolemy.util.test.junit.AutoTests" name="[1] /home/travis/build/icyphy/ptII/ptolemy/domains/sdf/lib/test/auto/ArrayToSequenceTest.xml (RunModel)" time="0.067" />
  <testcase classname="ptolemy.util.test.junit.AutoTests" name="[2] /home/travis/build/icyphy/ptII/ptolemy/domains/sdf/lib/test/auto/Autocorrelation.xml (RunModel)" time="0.044" />
  <testcase classname="ptolemy.util.test.junit.AutoTests" name="[3] /home/travis/build/icyphy/ptII/ptolemy/domains/sdf/lib/test/auto/Autocorrelation2.xml (RunModel)" time="0.051" />
  <testcase classname="ptolemy.util.test.junit.AutoTests" name="[4] /home/travis/build/icyphy/ptII/ptolemy/domains/sdf/lib/test/auto/Autocorrelation3.xml (RunModel)" time="0.051" />
  <testcase classname="ptolemy.util.test.junit.AutoTests" name="[5] /home/travis/build/icyphy/ptII/ptolemy/domains/sdf/lib/test/auto/Autocorrelation4.xml (RunModel)" time="0.045" />
  <testcase classname="ptolemy.util.test.junit.AutoTests" name="[6] /home/travis/build/icyphy/ptII/ptolemy/domains/sdf/lib/test/auto/Autocorrelation5.xml (RunModel)" time="0.12" />
  <testcase classname="ptolemy.util.test.junit.AutoTests" name="[7] /home/travis/build/icyphy/ptII/ptolemy/domains/sdf/lib/test/auto/BitsToInt.xml (RunModel)" time="0.043" />
  <testcase classname="ptolemy.util.test.junit.AutoTests" name="[8] /home/travis/build/icyphy/ptII/ptolemy/domains/sdf/lib/test/auto/BooleanJoin.xml (RunModel)" time="0.045" />
  <testcase classname="ptolemy.util.test.junit.AutoTests" name="[9] /home/travis/build/icyphy/ptII/ptolemy/domains/sdf/lib/test/auto/BootstrapSampleDelay.xml (RunModel)" time="0.05" />
  <testcase classname="ptolemy.util.test.junit.AutoTests" name="[10] /home/travis/build/icyphy/ptII/ptolemy/domains/sdf/lib/test/auto/Chop.xml (RunModel)" time="0.03" />
  <testcase classname="ptolemy.util.test.junit.AutoTests" name="[11] /home/travis/build/icyphy/ptII/ptolemy/domains/sdf/lib/test/auto/Chop2.xml (RunModel)" time="0.053" />
  <testcase classname="ptolemy.util.test.junit.AutoTests" name="[12] /home/travis/build/icyphy/ptII/ptolemy/domains/sdf/lib/test/auto/ComplexJoin.xml (RunModel)" time="0.039" />
  <testcase classname="ptolemy.util.test.junit.AutoTests" name="[13] /home/travis/build/icyphy/ptII/ptolemy/domains/sdf/lib/test/auto/CountTrues.xml (RunModel)" time="0.027" />
  <testcase classname="ptolemy.util.test.junit.AutoTests" name="[14] /home/travis/build/icyphy/ptII/ptolemy/domains/sdf/lib/test/auto/DelayLine.xml (RunModel)" time="0.038" />
  <testcase classname="ptolemy.util.test.junit.AutoTests" name="[15] /home/travis/build/icyphy/ptII/ptolemy/domains/sdf/lib/test/auto/DotProduct.xml (RunModel)" time="0.034" />
  <testcase classname="ptolemy.util.test.junit.AutoTests" name="[16] /home/travis/build/icyphy/ptII/ptolemy/domains/sdf/lib/test/auto/DotProductMatrix.xml (RunModel)" time="0.025" />
  <testcase classname="ptolemy.util.test.junit.AutoTests" name="[17] /home/travis/build/icyphy/ptII/ptolemy/domains/sdf/lib/test/auto/DownSample1.xml (RunModel)" time="0.029" />
  <testcase classname="ptolemy.util.test.junit.AutoTests" name="[18] /home/travis/build/icyphy/ptII/ptolemy/domains/sdf/lib/test/auto/DynamicRateChange.xml (RunModel)" time="0.033" />
  <testcase classname="ptolemy.util.test.junit.AutoTests" name="[19] /home/travis/build/icyphy/ptII/ptolemy/domains/sdf/lib/test/auto/DynamicRates.xml (RunModel)" time="0.041" />
  <testcase classname="ptolemy.util.test.junit.AutoTests" name="[20] /home/travis/build/icyphy/ptII/ptolemy/domains/sdf/lib/test/auto/FFT1.xml (RunModel)" time="0.037" />
  <testcase classname="ptolemy.util.test.junit.AutoTests" name="[21] /home/travis/build/icyphy/ptII/ptolemy/domains/sdf/lib/test/auto/FIR1.xml (RunModel)" time="0.061" />
  <testcase classname="ptolemy.util.test.junit.AutoTests" name="[22] /home/travis/build/icyphy/ptII/ptolemy/domains/sdf/lib/test/auto/FIR2.xml (RunModel)" time="0.025" />
  <testcase classname="ptolemy.util.test.junit.AutoTests" name="[23] /home/travis/build/icyphy/ptII/ptolemy/domains/sdf/lib/test/auto/FIR4.xml (RunModel)" time="0.049" />
  <testcase classname="ptolemy.util.test.junit.AutoTests" name="[24] /home/travis/build/icyphy/ptII/ptolemy/domains/sdf/lib/test/auto/FixJoin.xml (RunModel)" time="0.051" />
  <testcase classname="ptolemy.util.test.junit.AutoTests" name="[25] /home/travis/build/icyphy/ptII/ptolemy/domains/sdf/lib/test/auto/IntJoin1.xml (RunModel)" time="0.022" />
  <testcase classname="ptolemy.util.test.junit.AutoTests" name="[26] /home/travis/build/icyphy/ptII/ptolemy/domains/sdf/lib/test/auto/IntJoin2.xml (RunModel)" time="0.022" />
  <testcase classname="ptolemy.util.test.junit.AutoTests" name="[27] /home/travis/build/icyphy/ptII/ptolemy/domains/sdf/lib/test/auto/IntJoin3.xml (RunModel)" time="0.025" />
  <testcase classname="ptolemy.util.test.junit.AutoTests" name="[28] /home/travis/build/icyphy/ptII/ptolemy/domains/sdf/lib/test/auto/IntJoin4.xml (RunModel)" time="0.024" />
  <testcase classname="ptolemy.util.test.junit.AutoTests" name="[29] /home/travis/build/icyphy/ptII/ptolemy/domains/sdf/lib/test/auto/IntJoin5.xml (RunModel)" time="0.027" />
  <testcase classname="ptolemy.util.test.junit.AutoTests" name="[30] /home/travis/build/icyphy/ptII/ptolemy/domains/sdf/lib/test/auto/IntToBits.xml (RunModel)" time="0.031" />
  <testcase classname="ptolemy.util.test.junit.AutoTests" name="[31] /home/travis/build/icyphy/ptII/ptolemy/domains/sdf/lib/test/auto/LMSAdaptive.xml (RunModel)" time="0.069" />
  <testcase classname="ptolemy.util.test.junit.AutoTests" name="[32] /home/travis/build/icyphy/ptII/ptolemy/domains/sdf/lib/test/auto/LMSAdaptiveFIR.xml (RunModel)" time="0.321" />
  <testcase classname="ptolemy.util.test.junit.AutoTests" name="[33] /home/travis/build/icyphy/ptII/ptolemy/domains/sdf/lib/test/auto/LMSAdaptiveFIR2.xml (RunModel)" time="0.501" />
  <testcase classname="ptolemy.util.test.junit.AutoTests" name="[34] /home/travis/build/icyphy/ptII/ptolemy/domains/sdf/lib/test/auto/LongJoin.xml (RunModel)" time="0.057" />
  <testcase classname="ptolemy.util.test.junit.AutoTests" name="[35] /home/travis/build/icyphy/ptII/ptolemy/domains/sdf/lib/test/auto/Matrix1.xml (RunModel)" time="0.03" />
  <testcase classname="ptolemy.util.test.junit.AutoTests" name="[36] /home/travis/build/icyphy/ptII/ptolemy/domains/sdf/lib/test/auto/Matrix2.xml (RunModel)" time="0.042" />
  <testcase classname="ptolemy.util.test.junit.AutoTests" name="[37] /home/travis/build/icyphy/ptII/ptolemy/domains/sdf/lib/test/auto/MatrixJoin1.xml (RunModel)" time="0.027" />
  <testcase classname="ptolemy.util.test.junit.AutoTests" name="[38] /home/travis/build/icyphy/ptII/ptolemy/domains/sdf/lib/test/auto/MatrixJoin2.xml (RunModel)" time="0.031" />
  <testcase classname="ptolemy.util.test.junit.AutoTests" name="[39] /home/travis/build/icyphy/ptII/ptolemy/domains/sdf/lib/test/auto/MatrixJoin3.xml (RunModel)" time="0.026" />
  <testcase classname="ptolemy.util.test.junit.AutoTests" name="[40] /home/travis/build/icyphy/ptII/ptolemy/domains/sdf/lib/test/auto/MatrixJoin4.xml (RunModel)" time="0.02" />
  <testcase classname="ptolemy.util.test.junit.AutoTests" name="[41] /home/travis/build/icyphy/ptII/ptolemy/domains/sdf/lib/test/auto/MatrixJoin5.xml (RunModel)" time="0.016" />
  <testcase classname="ptolemy.util.test.junit.AutoTests" name="[42] /home/travis/build/icyphy/ptII/ptolemy/domains/sdf/lib/test/auto/MatrixSplit1.xml (RunModel)" time="0.029" />
  <testcase classname="ptolemy.util.test.junit.AutoTests" name="[43] /home/travis/build/icyphy/ptII/ptolemy/domains/sdf/lib/test/auto/MatrixSplit10.xml (RunModel)" time="0.019" />
  <testcase classname="ptolemy.util.test.junit.AutoTests" name="[44] /home/travis/build/icyphy/ptII/ptolemy/domains/sdf/lib/test/auto/MatrixSplit11.xml (RunModel)" time="0.013" />
  <testcase classname="ptolemy.util.test.junit.AutoTests" name="[45] /home/travis/build/icyphy/ptII/ptolemy/domains/sdf/lib/test/auto/MatrixSplit12.xml (RunModel)" time="0.021" />
  <testcase classname="ptolemy.util.test.junit.AutoTests" name="[46] /home/travis/build/icyphy/ptII/ptolemy/domains/sdf/lib/test/auto/MatrixSplit13.xml (RunModel)" time="0.028" />
  <testcase classname="ptolemy.util.test.junit.AutoTests" name="[47] /home/travis/build/icyphy/ptII/ptolemy/domains/sdf/lib/test/auto/MatrixSplit14.xml (RunModel)" time="0.016" />
  <testcase classname="ptolemy.util.test.junit.AutoTests" name="[48] /home/travis/build/icyphy/ptII/ptolemy/domains/sdf/lib/test/auto/MatrixSplit2.xml (RunModel)" time="0.014" />
  <testcase classname="ptolemy.util.test.junit.AutoTests" name="[49] /home/travis/build/icyphy/ptII/ptolemy/domains/sdf/lib/test/auto/MatrixSplit3.xml (RunModel)" time="0.012" />
  <testcase classname="ptolemy.util.test.junit.AutoTests" name="[50] /home/travis/build/icyphy/ptII/ptolemy/domains/sdf/lib/test/auto/MatrixSplit4.xml (RunModel)" time="0.017" />
  <testcase classname="ptolemy.util.test.junit.AutoTests" name="[51] /home/travis/build/icyphy/ptII/ptolemy/domains/sdf/lib/test/auto/MatrixSplit5.xml (RunModel)" time="0.025" />
  <testcase classname="ptolemy.util.test.junit.AutoTests" name="[52] /home/travis/build/icyphy/ptII/ptolemy/domains/sdf/lib/test/auto/MatrixSplit6.xml (RunModel)" time="0.016" />
  <testcase classname="ptolemy.util.test.junit.AutoTests" name="[53] /home/travis/build/icyphy/ptII/ptolemy/domains/sdf/lib/test/auto/MatrixSplit7.xml (RunModel)" time="0.028" />
  <testcase classname="ptolemy.util.test.junit.AutoTests" name="[54] /home/travis/build/icyphy/ptII/ptolemy/domains/sdf/lib/test/auto/MatrixSplit8.xml (RunModel)" time="0.023" />
  <testcase classname="ptolemy.util.test.junit.AutoTests" name="[55] /home/travis/build/icyphy/ptII/ptolemy/domains/sdf/lib/test/auto/MatrixSplit9.xml (RunModel)" time="0.027" />
  <testcase classname="ptolemy.util.test.junit.AutoTests" name="[56] /home/travis/build/icyphy/ptII/ptolemy/domains/sdf/lib/test/auto/MatrixToSequence.xml (RunModel)" time="0.043" />
  <testcase classname="ptolemy.util.test.junit.AutoTests" name="[57] /home/travis/build/icyphy/ptII/ptolemy/domains/sdf/lib/test/auto/MaximumEntropySpectrum.xml (RunModel)" time="0.089" />
  <testcase classname="ptolemy.util.test.junit.AutoTests" name="[58] /home/travis/build/icyphy/ptII/ptolemy/domains/sdf/lib/test/auto/SampleDelayConversion.xml (RunModel)" time="0.019" />
  <testcase classname="ptolemy.util.test.junit.AutoTests" name="[59] /home/travis/build/icyphy/ptII/ptolemy/domains/sdf/lib/test/auto/SequenceToArray.xml (RunModel)" time="0.043" />
  <testcase classname="ptolemy.util.test.junit.AutoTests" name="[60] /home/travis/build/icyphy/ptII/ptolemy/domains/sdf/lib/test/auto/SequenceToMatrix.xml (RunModel)" time="3.141" />
  <testcase classname="ptolemy.util.test.junit.AutoTests" name="[61] /home/travis/build/icyphy/ptII/ptolemy/domains/sdf/lib/test/auto/SmoothedPeriodogram.xml (RunModel)" time="0.06" />
  <testcase classname="ptolemy.util.test.junit.AutoTests" name="[62] /home/travis/build/icyphy/ptII/ptolemy/domains/sdf/lib/test/auto/UpDownSample1.xml (RunModel)" time="0.025" />
  <testcase classname="ptolemy.util.test.junit.AutoTests" name="[63] /home/travis/build/icyphy/ptII/ptolemy/domains/sdf/lib/test/auto/UpSample1.xml (RunModel)" time="0.009" />
  <testcase classname="ptolemy.util.test.junit.AutoTests" name="[64] /home/travis/build/icyphy/ptII/ptolemy/domains/sdf/lib/test/auto/VariableFIR.xml (RunModel)" time="0.019" />
  <testcase classname="ptolemy.util.test.junit.AutoTests" name="[65] /home/travis/build/icyphy/ptII/ptolemy/domains/sdf/lib/test/auto/VariableFIR2.xml (RunModel)" time="0.019" />
  <testcase classname="ptolemy.util.test.junit.AutoTests" name="[66] /home/travis/build/icyphy/ptII/ptolemy/domains/sdf/lib/test/auto/VariableLattice.xml (RunModel)" time="0.024" />
  <testcase classname="ptolemy.util.test.junit.AutoTests" name="[67] /home/travis/build/icyphy/ptII/ptolemy/domains/sdf/lib/test/auto/VariableLattice2.xml (RunModel)" time="0.017" />
  <testcase classname="ptolemy.util.test.junit.AutoTests" name="[68] /home/travis/build/icyphy/ptII/ptolemy/domains/sdf/lib/test/auto/VariableRecursiveLattice.xml (RunModel)" time="0.015" />
  <testcase classname="ptolemy.util.test.junit.AutoTests" name="[69] /home/travis/build/icyphy/ptII/ptolemy/domains/sdf/lib/test/auto/VariableRecursiveLattice2.xml (RunModel)" time="0.012" />
  <system-out><![CDATA[/home/travis/build/icyphy/ptII/ptolemy/domains/sdf/lib/test/ArrayToSequence.tcl
testDefs.tcl: setting time out to 9000 seconds at Fri Oct 16 16:07:43 UTC 2020
70 ms. Memory: 129024K Free: 94152K (73%)
10 ms. Memory: 129024K Free: 92104K (71%)
21 ms. Memory: 129024K Free: 90056K (70%)
31 ms. Memory: 129024K Free: 88518K (69%)
/home/travis/build/icyphy/ptII/ptolemy/domains/sdf/lib/test/BitsToInt.tcl
19 ms. Memory: 129024K Free: 86984K (67%)
16 ms. Memory: 129024K Free: 84936K (66%)
/home/travis/build/icyphy/ptII/ptolemy/domains/sdf/lib/test/DelayLine.tcl
18 ms. Memory: 129024K Free: 83383K (65%)
/home/travis/build/icyphy/ptII/ptolemy/domains/sdf/lib/test/FFT.tcl
6 ms. Memory: 129024K Free: 81350K (63%)
/home/travis/build/icyphy/ptII/ptolemy/domains/sdf/lib/test/FIR.tcl
8 ms. Memory: 129024K Free: 79816K (62%)
96 ms. Memory: 129024K Free: 75720K (59%)
ptolemy.kernel.util.IllegalActionException: multiplyReverse method not supported between ptolemy.data.FixToken 'fix(-0.0625,6,2)' and ptolemy.data.IntToken '1' because the types are incomparable.
  in .top.FIRclone
Because:
multiplyReverse method not supported between ptolemy.data.FixToken 'fix(-0.0625,6,2)' and ptolemy.data.IntToken '1' because the types are incomparable.
39 ms. Memory: 129024K Free: 73158K (57%)
/home/travis/build/icyphy/ptII/ptolemy/domains/sdf/lib/test/IntToBits.tcl
11 ms. Memory: 129024K Free: 71624K (56%)
7 ms. Memory: 129024K Free: 70086K (54%)
/home/travis/build/icyphy/ptII/ptolemy/domains/sdf/lib/test/MaximumEntropySpectrum.tcl
/home/travis/build/icyphy/ptII/ptolemy/domains/sdf/lib/test/Repeat.tcl
15 ms. Memory: 129024K Free: 48567K (38%)
/home/travis/build/icyphy/ptII/ptolemy/domains/sdf/lib/test/SampleDelay.tcl
11 ms. Memory: 129024K Free: 112941K (88%)
17 ms. Memory: 129024K Free: 111727K (87%)
4 ms. Memory: 129024K Free: 110893K (86%)
4 ms. Memory: 129024K Free: 110383K (86%)
4 ms. Memory: 129024K Free: 109838K (85%)
2 ms. Memory: 129024K Free: 109359K (85%)
/home/travis/build/icyphy/ptII/ptolemy/domains/sdf/lib/test/SequenceToArray.tcl
6 ms. Memory: 129024K Free: 107806K (84%)
5 ms. Memory: 129024K Free: 106782K (83%)
6 ms. Memory: 129024K Free: 105263K (82%)
6 ms. Memory: 129024K Free: 104239K (81%)
10/16/20 04:07:44
Failed: 0  Total Tests: 41  ((Passed: 41, Newly Passed: 0)  Known Failed: 0) /home/travis/build/icyphy/ptII/ptolemy/domains/sdf/lib/test
No auto/knownFailedTests/*.xml tests in /home/travis/build/icyphy/ptII/ptolemy/domains/sdf/lib/test
No auto/linux-amd64/*.xml tests in /home/travis/build/icyphy/ptII/ptolemy/domains/sdf/lib/test
AutoTests.java: About to close Vertx.
AutoTests.java: Vertx closed.

===========================================================================================
----------------- testing Fri Oct 16 16:07:45 UTC 2020 /home/travis/build/icyphy/ptII/ptolemy/domains/sdf/lib/test/auto/ArrayToSequence.xml
----------------- Instantiating /home/travis/build/icyphy/ptII/ptolemy/domains/sdf/lib/test/auto/ArrayToSequence.xml
47 ms. Memory: 129024K Free: 93172K (72%)
----------------- Invoking toplevel() on ptolemy.moml.MoMLSimpleApplication@73e3ba0b
----------------- Done invoking toplevel() on ptolemy.moml.MoMLSimpleApplication@73e3ba0b
reloadAllAccessors: .ArrayToSequence

===========================================================================================
----------------- testing Fri Oct 16 16:07:45 UTC 2020 /home/travis/build/icyphy/ptII/ptolemy/domains/sdf/lib/test/auto/ArrayToSequenceTest.xml
----------------- Instantiating /home/travis/build/icyphy/ptII/ptolemy/domains/sdf/lib/test/auto/ArrayToSequenceTest.xml
17 ms. Memory: 129024K Free: 86758K (67%)
----------------- Invoking toplevel() on ptolemy.moml.MoMLSimpleApplication@ce3067b
----------------- Done invoking toplevel() on ptolemy.moml.MoMLSimpleApplication@ce3067b
reloadAllAccessors: .ArrayToSequenceTest

===========================================================================================
----------------- testing Fri Oct 16 16:07:45 UTC 2020 /home/travis/build/icyphy/ptII/ptolemy/domains/sdf/lib/test/auto/Autocorrelation.xml
----------------- Instantiating /home/travis/build/icyphy/ptII/ptolemy/domains/sdf/lib/test/auto/Autocorrelation.xml
16 ms. Memory: 129024K Free: 112014K (87%)
----------------- Invoking toplevel() on ptolemy.moml.MoMLSimpleApplication@d31df0b
----------------- Done invoking toplevel() on ptolemy.moml.MoMLSimpleApplication@d31df0b
reloadAllAccessors: .Autocorrelation

===========================================================================================
----------------- testing Fri Oct 16 16:07:45 UTC 2020 /home/travis/build/icyphy/ptII/ptolemy/domains/sdf/lib/test/auto/Autocorrelation2.xml
----------------- Instantiating /home/travis/build/icyphy/ptII/ptolemy/domains/sdf/lib/test/auto/Autocorrelation2.xml
8 ms. Memory: 129024K Free: 107552K (83%)
----------------- Invoking toplevel() on ptolemy.moml.MoMLSimpleApplication@7551db05
----------------- Done invoking toplevel() on ptolemy.moml.MoMLSimpleApplication@7551db05
reloadAllAccessors: .Autocorrelation2

===========================================================================================
----------------- testing Fri Oct 16 16:07:45 UTC 2020 /home/travis/build/icyphy/ptII/ptolemy/domains/sdf/lib/test/auto/Autocorrelation3.xml
----------------- Instantiating /home/travis/build/icyphy/ptII/ptolemy/domains/sdf/lib/test/auto/Autocorrelation3.xml
7 ms. Memory: 129024K Free: 103821K (80%)
----------------- Invoking toplevel() on ptolemy.moml.MoMLSimpleApplication@20900a17
----------------- Done invoking toplevel() on ptolemy.moml.MoMLSimpleApplication@20900a17
reloadAllAccessors: .Autocorrelation3

===========================================================================================
----------------- testing Fri Oct 16 16:07:45 UTC 2020 /home/travis/build/icyphy/ptII/ptolemy/domains/sdf/lib/test/auto/Autocorrelation4.xml
----------------- Instantiating /home/travis/build/icyphy/ptII/ptolemy/domains/sdf/lib/test/auto/Autocorrelation4.xml
4 ms. Memory: 129024K Free: 99096K (77%)
----------------- Invoking toplevel() on ptolemy.moml.MoMLSimpleApplication@79efd8f6
----------------- Done invoking toplevel() on ptolemy.moml.MoMLSimpleApplication@79efd8f6
reloadAllAccessors: .Autocorrelation4

===========================================================================================
----------------- testing Fri Oct 16 16:07:45 UTC 2020 /home/travis/build/icyphy/ptII/ptolemy/domains/sdf/lib/test/auto/Autocorrelation5.xml
----------------- Instantiating /home/travis/build/icyphy/ptII/ptolemy/domains/sdf/lib/test/auto/Autocorrelation5.xml
43 ms. Memory: 129024K Free: 92278K (72%)
----------------- Invoking toplevel() on ptolemy.moml.MoMLSimpleApplication@334fd2e0
----------------- Done invoking toplevel() on ptolemy.moml.MoMLSimpleApplication@334fd2e0
reloadAllAccessors: .Autocorrelation5

===========================================================================================
----------------- testing Fri Oct 16 16:07:45 UTC 2020 /home/travis/build/icyphy/ptII/ptolemy/domains/sdf/lib/test/auto/BitsToInt.xml
----------------- Instantiating /home/travis/build/icyphy/ptII/ptolemy/domains/sdf/lib/test/auto/BitsToInt.xml
8 ms. Memory: 129024K Free: 88893K (69%)
----------------- Invoking toplevel() on ptolemy.moml.MoMLSimpleApplication@5997a4a3
----------------- Done invoking toplevel() on ptolemy.moml.MoMLSimpleApplication@5997a4a3
reloadAllAccessors: .BitsToInt

===========================================================================================
----------------- testing Fri Oct 16 16:07:46 UTC 2020 /home/travis/build/icyphy/ptII/ptolemy/domains/sdf/lib/test/auto/BooleanJoin.xml
----------------- Instantiating /home/travis/build/icyphy/ptII/ptolemy/domains/sdf/lib/test/auto/BooleanJoin.xml
7 ms. Memory: 129024K Free: 84826K (66%)
----------------- Invoking toplevel() on ptolemy.moml.MoMLSimpleApplication@734c46d6
----------------- Done invoking toplevel() on ptolemy.moml.MoMLSimpleApplication@734c46d6
reloadAllAccessors: .BooleanJoin

===========================================================================================
----------------- testing Fri Oct 16 16:07:46 UTC 2020 /home/travis/build/icyphy/ptII/ptolemy/domains/sdf/lib/test/auto/BootstrapSampleDelay.xml
----------------- Instantiating /home/travis/build/icyphy/ptII/ptolemy/domains/sdf/lib/test/auto/BootstrapSampleDelay.xml
16 ms. Memory: 129024K Free: 81270K (63%)
----------------- Invoking toplevel() on ptolemy.moml.MoMLSimpleApplication@3deab71c
----------------- Done invoking toplevel() on ptolemy.moml.MoMLSimpleApplication@3deab71c
reloadAllAccessors: .BootstrapSampleDelay

===========================================================================================
----------------- testing Fri Oct 16 16:07:46 UTC 2020 /home/travis/build/icyphy/ptII/ptolemy/domains/sdf/lib/test/auto/Chop.xml
----------------- Instantiating /home/travis/build/icyphy/ptII/ptolemy/domains/sdf/lib/test/auto/Chop.xml
5 ms. Memory: 129024K Free: 73540K (57%)
----------------- Invoking toplevel() on ptolemy.moml.MoMLSimpleApplication@7e7ba5d0
----------------- Done invoking toplevel() on ptolemy.moml.MoMLSimpleApplication@7e7ba5d0
reloadAllAccessors: .Chop

===========================================================================================
----------------- testing Fri Oct 16 16:07:46 UTC 2020 /home/travis/build/icyphy/ptII/ptolemy/domains/sdf/lib/test/auto/Chop2.xml
----------------- Instantiating /home/travis/build/icyphy/ptII/ptolemy/domains/sdf/lib/test/auto/Chop2.xml
9 ms. Memory: 129024K Free: 108348K (84%)
----------------- Invoking toplevel() on ptolemy.moml.MoMLSimpleApplication@495d794b
----------------- Done invoking toplevel() on ptolemy.moml.MoMLSimpleApplication@495d794b
reloadAllAccessors: .Chop2

===========================================================================================
----------------- testing Fri Oct 16 16:07:46 UTC 2020 /home/travis/build/icyphy/ptII/ptolemy/domains/sdf/lib/test/auto/ComplexJoin.xml
----------------- Instantiating /home/travis/build/icyphy/ptII/ptolemy/domains/sdf/lib/test/auto/ComplexJoin.xml
7 ms. Memory: 129024K Free: 103754K (80%)
----------------- Invoking toplevel() on ptolemy.moml.MoMLSimpleApplication@6d4dc1f1
----------------- Done invoking toplevel() on ptolemy.moml.MoMLSimpleApplication@6d4dc1f1
reloadAllAccessors: .ComplexJoin

===========================================================================================
----------------- testing Fri Oct 16 16:07:46 UTC 2020 /home/travis/build/icyphy/ptII/ptolemy/domains/sdf/lib/test/auto/CountTrues.xml
----------------- Instantiating /home/travis/build/icyphy/ptII/ptolemy/domains/sdf/lib/test/auto/CountTrues.xml
3 ms. Memory: 129024K Free: 100895K (78%)
----------------- Invoking toplevel() on ptolemy.moml.MoMLSimpleApplication@679162fc
----------------- Done invoking toplevel() on ptolemy.moml.MoMLSimpleApplication@679162fc
reloadAllAccessors: .CountTrues

===========================================================================================
----------------- testing Fri Oct 16 16:07:46 UTC 2020 /home/travis/build/icyphy/ptII/ptolemy/domains/sdf/lib/test/auto/DelayLine.xml
----------------- Instantiating /home/travis/build/icyphy/ptII/ptolemy/domains/sdf/lib/test/auto/DelayLine.xml
7 ms. Memory: 129024K Free: 95170K (74%)
----------------- Invoking toplevel() on ptolemy.moml.MoMLSimpleApplication@2a2a44c7
----------------- Done invoking toplevel() on ptolemy.moml.MoMLSimpleApplication@2a2a44c7
reloadAllAccessors: .DelayLine

===========================================================================================
----------------- testing Fri Oct 16 16:07:46 UTC 2020 /home/travis/build/icyphy/ptII/ptolemy/domains/sdf/lib/test/auto/DotProduct.xml
----------------- Instantiating /home/travis/build/icyphy/ptII/ptolemy/domains/sdf/lib/test/auto/DotProduct.xml
7 ms. Memory: 129024K Free: 92084K (71%)
----------------- Invoking toplevel() on ptolemy.moml.MoMLSimpleApplication@bceabf9
----------------- Done invoking toplevel() on ptolemy.moml.MoMLSimpleApplication@bceabf9
reloadAllAccessors: .DotProduct

===========================================================================================
----------------- testing Fri Oct 16 16:07:46 UTC 2020 /home/travis/build/icyphy/ptII/ptolemy/domains/sdf/lib/test/auto/DotProductMatrix.xml
----------------- Instantiating /home/travis/build/icyphy/ptII/ptolemy/domains/sdf/lib/test/auto/DotProductMatrix.xml
4 ms. Memory: 129024K Free: 88996K (69%)
----------------- Invoking toplevel() on ptolemy.moml.MoMLSimpleApplication@69582cf9
----------------- Done invoking toplevel() on ptolemy.moml.MoMLSimpleApplication@69582cf9
reloadAllAccessors: .DotProductMatrix

===========================================================================================
----------------- testing Fri Oct 16 16:07:46 UTC 2020 /home/travis/build/icyphy/ptII/ptolemy/domains/sdf/lib/test/auto/DownSample1.xml
----------------- Instantiating /home/travis/build/icyphy/ptII/ptolemy/domains/sdf/lib/test/auto/DownSample1.xml
4 ms. Memory: 129024K Free: 85954K (67%)
----------------- Invoking toplevel() on ptolemy.moml.MoMLSimpleApplication@2ee14518
----------------- Done invoking toplevel() on ptolemy.moml.MoMLSimpleApplication@2ee14518
reloadAllAccessors: .DownSample1

===========================================================================================
----------------- testing Fri Oct 16 16:07:46 UTC 2020 /home/travis/build/icyphy/ptII/ptolemy/domains/sdf/lib/test/auto/DynamicRateChange.xml
----------------- Instantiating /home/travis/build/icyphy/ptII/ptolemy/domains/sdf/lib/test/auto/DynamicRateChange.xml
13 ms. Memory: 129024K Free: 79810K (62%)
----------------- Invoking toplevel() on ptolemy.moml.MoMLSimpleApplication@179287c8
----------------- Done invoking toplevel() on ptolemy.moml.MoMLSimpleApplication@179287c8
reloadAllAccessors: .DynamicRateChange

===========================================================================================
----------------- testing Fri Oct 16 16:07:46 UTC 2020 /home/travis/build/icyphy/ptII/ptolemy/domains/sdf/lib/test/auto/DynamicRates.xml
----------------- Instantiating /home/travis/build/icyphy/ptII/ptolemy/domains/sdf/lib/test/auto/DynamicRates.xml
14 ms. Memory: 129024K Free: 75287K (58%)
----------------- Invoking toplevel() on ptolemy.moml.MoMLSimpleApplication@66a0b1da
----------------- Done invoking toplevel() on ptolemy.moml.MoMLSimpleApplication@66a0b1da
reloadAllAccessors: .DynamicRates

===========================================================================================
----------------- testing Fri Oct 16 16:07:46 UTC 2020 /home/travis/build/icyphy/ptII/ptolemy/domains/sdf/lib/test/auto/FFT1.xml
----------------- Instantiating /home/travis/build/icyphy/ptII/ptolemy/domains/sdf/lib/test/auto/FFT1.xml
10 ms. Memory: 129024K Free: 70986K (55%)
----------------- Invoking toplevel() on ptolemy.moml.MoMLSimpleApplication@60ac3757
----------------- Done invoking toplevel() on ptolemy.moml.MoMLSimpleApplication@60ac3757
reloadAllAccessors: .FFT1

===========================================================================================
----------------- testing Fri Oct 16 16:07:46 UTC 2020 /home/travis/build/icyphy/ptII/ptolemy/domains/sdf/lib/test/auto/FIR1.xml
----------------- Instantiating /home/travis/build/icyphy/ptII/ptolemy/domains/sdf/lib/test/auto/FIR1.xml
24 ms. Memory: 129024K Free: 64450K (50%)
----------------- Invoking toplevel() on ptolemy.moml.MoMLSimpleApplication@613b72a8
----------------- Done invoking toplevel() on ptolemy.moml.MoMLSimpleApplication@613b72a8
reloadAllAccessors: .FIR1

===========================================================================================
----------------- testing Fri Oct 16 16:07:46 UTC 2020 /home/travis/build/icyphy/ptII/ptolemy/domains/sdf/lib/test/auto/FIR2.xml
----------------- Instantiating /home/travis/build/icyphy/ptII/ptolemy/domains/sdf/lib/test/auto/FIR2.xml
4 ms. Memory: 129024K Free: 61355K (48%)
----------------- Invoking toplevel() on ptolemy.moml.MoMLSimpleApplication@5a13e13b
----------------- Done invoking toplevel() on ptolemy.moml.MoMLSimpleApplication@5a13e13b
reloadAllAccessors: .FIR2

===========================================================================================
----------------- testing Fri Oct 16 16:07:46 UTC 2020 /home/travis/build/icyphy/ptII/ptolemy/domains/sdf/lib/test/auto/FIR4.xml
----------------- Instantiating /home/travis/build/icyphy/ptII/ptolemy/domains/sdf/lib/test/auto/FIR4.xml
6 ms. Memory: 129024K Free: 110890K (86%)
----------------- Invoking toplevel() on ptolemy.moml.MoMLSimpleApplication@4e1a7adc
----------------- Done invoking toplevel() on ptolemy.moml.MoMLSimpleApplication@4e1a7adc
reloadAllAccessors: .FIR4

===========================================================================================
----------------- testing Fri Oct 16 16:07:46 UTC 2020 /home/travis/build/icyphy/ptII/ptolemy/domains/sdf/lib/test/auto/FixJoin.xml
----------------- Instantiating /home/travis/build/icyphy/ptII/ptolemy/domains/sdf/lib/test/auto/FixJoin.xml
7 ms. Memory: 129024K Free: 105858K (82%)
----------------- Invoking toplevel() on ptolemy.moml.MoMLSimpleApplication@40933abd
----------------- Done invoking toplevel() on ptolemy.moml.MoMLSimpleApplication@40933abd
reloadAllAccessors: .FixJoin

===========================================================================================
----------------- testing Fri Oct 16 16:07:46 UTC 2020 /home/travis/build/icyphy/ptII/ptolemy/domains/sdf/lib/test/auto/IntJoin1.xml
----------------- Instantiating /home/travis/build/icyphy/ptII/ptolemy/domains/sdf/lib/test/auto/IntJoin1.xml
3 ms. Memory: 129024K Free: 101732K (79%)
----------------- Invoking toplevel() on ptolemy.moml.MoMLSimpleApplication@6983337f
----------------- Done invoking toplevel() on ptolemy.moml.MoMLSimpleApplication@6983337f
reloadAllAccessors: .IntJoin1

===========================================================================================
----------------- testing Fri Oct 16 16:07:46 UTC 2020 /home/travis/build/icyphy/ptII/ptolemy/domains/sdf/lib/test/auto/IntJoin2.xml
----------------- Instantiating /home/travis/build/icyphy/ptII/ptolemy/domains/sdf/lib/test/auto/IntJoin2.xml
4 ms. Memory: 129024K Free: 97057K (75%)
----------------- Invoking toplevel() on ptolemy.moml.MoMLSimpleApplication@5346baa1
----------------- Done invoking toplevel() on ptolemy.moml.MoMLSimpleApplication@5346baa1
reloadAllAccessors: .IntJoin2

===========================================================================================
----------------- testing Fri Oct 16 16:07:46 UTC 2020 /home/travis/build/icyphy/ptII/ptolemy/domains/sdf/lib/test/auto/IntJoin3.xml
----------------- Instantiating /home/travis/build/icyphy/ptII/ptolemy/domains/sdf/lib/test/auto/IntJoin3.xml
6 ms. Memory: 129024K Free: 92931K (72%)
----------------- Invoking toplevel() on ptolemy.moml.MoMLSimpleApplication@1203a54d
----------------- Done invoking toplevel() on ptolemy.moml.MoMLSimpleApplication@1203a54d
reloadAllAccessors: .IntJoin3

===========================================================================================
----------------- testing Fri Oct 16 16:07:46 UTC 2020 /home/travis/build/icyphy/ptII/ptolemy/domains/sdf/lib/test/auto/IntJoin4.xml
----------------- Instantiating /home/travis/build/icyphy/ptII/ptolemy/domains/sdf/lib/test/auto/IntJoin4.xml
4 ms. Memory: 129024K Free: 88274K (68%)
----------------- Invoking toplevel() on ptolemy.moml.MoMLSimpleApplication@3a67db18
----------------- Done invoking toplevel() on ptolemy.moml.MoMLSimpleApplication@3a67db18
reloadAllAccessors: .IntJoin4

===========================================================================================
----------------- testing Fri Oct 16 16:07:46 UTC 2020 /home/travis/build/icyphy/ptII/ptolemy/domains/sdf/lib/test/auto/IntJoin5.xml
----------------- Instantiating /home/travis/build/icyphy/ptII/ptolemy/domains/sdf/lib/test/auto/IntJoin5.xml
4 ms. Memory: 129024K Free: 84178K (65%)
----------------- Invoking toplevel() on ptolemy.moml.MoMLSimpleApplication@4a23ed0b
----------------- Done invoking toplevel() on ptolemy.moml.MoMLSimpleApplication@4a23ed0b
reloadAllAccessors: .IntJoin5

===========================================================================================
----------------- testing Fri Oct 16 16:07:46 UTC 2020 /home/travis/build/icyphy/ptII/ptolemy/domains/sdf/lib/test/auto/IntToBits.xml
----------------- Instantiating /home/travis/build/icyphy/ptII/ptolemy/domains/sdf/lib/test/auto/IntToBits.xml
14 ms. Memory: 129024K Free: 80603K (62%)
----------------- Invoking toplevel() on ptolemy.moml.MoMLSimpleApplication@963965a
----------------- Done invoking toplevel() on ptolemy.moml.MoMLSimpleApplication@963965a
reloadAllAccessors: .IntToBits

===========================================================================================
----------------- testing Fri Oct 16 16:07:46 UTC 2020 /home/travis/build/icyphy/ptII/ptolemy/domains/sdf/lib/test/auto/LMSAdaptive.xml
----------------- Instantiating /home/travis/build/icyphy/ptII/ptolemy/domains/sdf/lib/test/auto/LMSAdaptive.xml
11 ms. Memory: 129024K Free: 72914K (57%)
----------------- Invoking toplevel() on ptolemy.moml.MoMLSimpleApplication@ecd3a8e
----------------- Done invoking toplevel() on ptolemy.moml.MoMLSimpleApplication@ecd3a8e
reloadAllAccessors: .LMSAdaptive

===========================================================================================
----------------- testing Fri Oct 16 16:07:46 UTC 2020 /home/travis/build/icyphy/ptII/ptolemy/domains/sdf/lib/test/auto/LMSAdaptiveFIR.xml
----------------- Instantiating /home/travis/build/icyphy/ptII/ptolemy/domains/sdf/lib/test/auto/LMSAdaptiveFIR.xml
221 ms. Memory: 129024K Free: 101534K (79%)
----------------- Invoking toplevel() on ptolemy.moml.MoMLSimpleApplication@6afa9a1d
----------------- Done invoking toplevel() on ptolemy.moml.MoMLSimpleApplication@6afa9a1d
reloadAllAccessors: .LMSAdaptiveFIR

===========================================================================================
----------------- testing Fri Oct 16 16:07:47 UTC 2020 /home/travis/build/icyphy/ptII/ptolemy/domains/sdf/lib/test/auto/LMSAdaptiveFIR2.xml
----------------- Instantiating /home/travis/build/icyphy/ptII/ptolemy/domains/sdf/lib/test/auto/LMSAdaptiveFIR2.xml
424 ms. Memory: 161792K Free: 141619K (88%)
----------------- Invoking toplevel() on ptolemy.moml.MoMLSimpleApplication@2afcc607
----------------- Done invoking toplevel() on ptolemy.moml.MoMLSimpleApplication@2afcc607
reloadAllAccessors: .LMSAdaptiveFIR2

===========================================================================================
----------------- testing Fri Oct 16 16:07:47 UTC 2020 /home/travis/build/icyphy/ptII/ptolemy/domains/sdf/lib/test/auto/LongJoin.xml
----------------- Instantiating /home/travis/build/icyphy/ptII/ptolemy/domains/sdf/lib/test/auto/LongJoin.xml
3 ms. Memory: 161792K Free: 136712K (84%)
----------------- Invoking toplevel() on ptolemy.moml.MoMLSimpleApplication@1299384d
----------------- Done invoking toplevel() on ptolemy.moml.MoMLSimpleApplication@1299384d
reloadAllAccessors: .LongJoin

===========================================================================================
----------------- testing Fri Oct 16 16:07:47 UTC 2020 /home/travis/build/icyphy/ptII/ptolemy/domains/sdf/lib/test/auto/Matrix1.xml
----------------- Instantiating /home/travis/build/icyphy/ptII/ptolemy/domains/sdf/lib/test/auto/Matrix1.xml
6 ms. Memory: 161792K Free: 132983K (82%)
----------------- Invoking toplevel() on ptolemy.moml.MoMLSimpleApplication@3e1ac095
----------------- Done invoking toplevel() on ptolemy.moml.MoMLSimpleApplication@3e1ac095
reloadAllAccessors: .Matrix1

===========================================================================================
----------------- testing Fri Oct 16 16:07:47 UTC 2020 /home/travis/build/icyphy/ptII/ptolemy/domains/sdf/lib/test/auto/Matrix2.xml
----------------- Instantiating /home/travis/build/icyphy/ptII/ptolemy/domains/sdf/lib/test/auto/Matrix2.xml
4 ms. Memory: 161792K Free: 128925K (80%)
----------------- Invoking toplevel() on ptolemy.moml.MoMLSimpleApplication@7c9f6ff
----------------- Done invoking toplevel() on ptolemy.moml.MoMLSimpleApplication@7c9f6ff
reloadAllAccessors: .Matrix2

===========================================================================================
----------------- testing Fri Oct 16 16:07:47 UTC 2020 /home/travis/build/icyphy/ptII/ptolemy/domains/sdf/lib/test/auto/MatrixJoin1.xml
----------------- Instantiating /home/travis/build/icyphy/ptII/ptolemy/domains/sdf/lib/test/auto/MatrixJoin1.xml
2 ms. Memory: 161792K Free: 124815K (77%)
----------------- Invoking toplevel() on ptolemy.moml.MoMLSimpleApplication@35d90939
----------------- Done invoking toplevel() on ptolemy.moml.MoMLSimpleApplication@35d90939
reloadAllAccessors: .MatrixJoin1

===========================================================================================
----------------- testing Fri Oct 16 16:07:47 UTC 2020 /home/travis/build/icyphy/ptII/ptolemy/domains/sdf/lib/test/auto/MatrixJoin2.xml
----------------- Instantiating /home/travis/build/icyphy/ptII/ptolemy/domains/sdf/lib/test/auto/MatrixJoin2.xml
3 ms. Memory: 161792K Free: 120328K (74%)
----------------- Invoking toplevel() on ptolemy.moml.MoMLSimpleApplication@451cdae7
----------------- Done invoking toplevel() on ptolemy.moml.MoMLSimpleApplication@451cdae7
reloadAllAccessors: .MatrixJoin2

===========================================================================================
----------------- testing Fri Oct 16 16:07:47 UTC 2020 /home/travis/build/icyphy/ptII/ptolemy/domains/sdf/lib/test/auto/MatrixJoin3.xml
----------------- Instantiating /home/travis/build/icyphy/ptII/ptolemy/domains/sdf/lib/test/auto/MatrixJoin3.xml
7 ms. Memory: 161792K Free: 116019K (72%)
----------------- Invoking toplevel() on ptolemy.moml.MoMLSimpleApplication@420e27db
----------------- Done invoking toplevel() on ptolemy.moml.MoMLSimpleApplication@420e27db
reloadAllAccessors: .MatrixJoin3

===========================================================================================
----------------- testing Fri Oct 16 16:07:48 UTC 2020 /home/travis/build/icyphy/ptII/ptolemy/domains/sdf/lib/test/auto/MatrixJoin4.xml
----------------- Instantiating /home/travis/build/icyphy/ptII/ptolemy/domains/sdf/lib/test/auto/MatrixJoin4.xml
2 ms. Memory: 161792K Free: 111503K (69%)
----------------- Invoking toplevel() on ptolemy.moml.MoMLSimpleApplication@33dcafcd
----------------- Done invoking toplevel() on ptolemy.moml.MoMLSimpleApplication@33dcafcd
reloadAllAccessors: .MatrixJoin4

===========================================================================================
----------------- testing Fri Oct 16 16:07:48 UTC 2020 /home/travis/build/icyphy/ptII/ptolemy/domains/sdf/lib/test/auto/MatrixJoin5.xml
----------------- Instantiating /home/travis/build/icyphy/ptII/ptolemy/domains/sdf/lib/test/auto/MatrixJoin5.xml
2 ms. Memory: 161792K Free: 107016K (66%)
----------------- Invoking toplevel() on ptolemy.moml.MoMLSimpleApplication@21f543e
----------------- Done invoking toplevel() on ptolemy.moml.MoMLSimpleApplication@21f543e
reloadAllAccessors: .MatrixJoin5

===========================================================================================
----------------- testing Fri Oct 16 16:07:48 UTC 2020 /home/travis/build/icyphy/ptII/ptolemy/domains/sdf/lib/test/auto/MatrixSplit1.xml
----------------- Instantiating /home/travis/build/icyphy/ptII/ptolemy/domains/sdf/lib/test/auto/MatrixSplit1.xml
3 ms. Memory: 161792K Free: 101896K (63%)
----------------- Invoking toplevel() on ptolemy.moml.MoMLSimpleApplication@321a7a85
----------------- Done invoking toplevel() on ptolemy.moml.MoMLSimpleApplication@321a7a85
reloadAllAccessors: .MatrixSplit1

===========================================================================================
----------------- testing Fri Oct 16 16:07:48 UTC 2020 /home/travis/build/icyphy/ptII/ptolemy/domains/sdf/lib/test/auto/MatrixSplit10.xml
----------------- Instantiating /home/travis/build/icyphy/ptII/ptolemy/domains/sdf/lib/test/auto/MatrixSplit10.xml
3 ms. Memory: 161792K Free: 98611K (61%)
----------------- Invoking toplevel() on ptolemy.moml.MoMLSimpleApplication@502ef045
----------------- Done invoking toplevel() on ptolemy.moml.MoMLSimpleApplication@502ef045
reloadAllAccessors: .MatrixSplit10

===========================================================================================
----------------- testing Fri Oct 16 16:07:48 UTC 2020 /home/travis/build/icyphy/ptII/ptolemy/domains/sdf/lib/test/auto/MatrixSplit11.xml
----------------- Instantiating /home/travis/build/icyphy/ptII/ptolemy/domains/sdf/lib/test/auto/MatrixSplit11.xml
2 ms. Memory: 161792K Free: 94728K (59%)
----------------- Invoking toplevel() on ptolemy.moml.MoMLSimpleApplication@fb887fe
----------------- Done invoking toplevel() on ptolemy.moml.MoMLSimpleApplication@fb887fe
reloadAllAccessors: .MatrixSplit11

===========================================================================================
----------------- testing Fri Oct 16 16:07:48 UTC 2020 /home/travis/build/icyphy/ptII/ptolemy/domains/sdf/lib/test/auto/MatrixSplit12.xml
----------------- Instantiating /home/travis/build/icyphy/ptII/ptolemy/domains/sdf/lib/test/auto/MatrixSplit12.xml
3 ms. Memory: 161792K Free: 91037K (56%)
----------------- Invoking toplevel() on ptolemy.moml.MoMLSimpleApplication@75bd5b66
----------------- Done invoking toplevel() on ptolemy.moml.MoMLSimpleApplication@75bd5b66
reloadAllAccessors: .MatrixSplit12

===========================================================================================
----------------- testing Fri Oct 16 16:07:48 UTC 2020 /home/travis/build/icyphy/ptII/ptolemy/domains/sdf/lib/test/auto/MatrixSplit13.xml
----------------- Instantiating /home/travis/build/icyphy/ptII/ptolemy/domains/sdf/lib/test/auto/MatrixSplit13.xml
5 ms. Memory: 161792K Free: 87347K (54%)
----------------- Invoking toplevel() on ptolemy.moml.MoMLSimpleApplication@69bd9175
----------------- Done invoking toplevel() on ptolemy.moml.MoMLSimpleApplication@69bd9175
reloadAllAccessors: .MatrixSplit13

===========================================================================================
----------------- testing Fri Oct 16 16:07:48 UTC 2020 /home/travis/build/icyphy/ptII/ptolemy/domains/sdf/lib/test/auto/MatrixSplit14.xml
----------------- Instantiating /home/travis/build/icyphy/ptII/ptolemy/domains/sdf/lib/test/auto/MatrixSplit14.xml
2 ms. Memory: 161792K Free: 83868K (52%)
----------------- Invoking toplevel() on ptolemy.moml.MoMLSimpleApplication@75b0dcb1
----------------- Done invoking toplevel() on ptolemy.moml.MoMLSimpleApplication@75b0dcb1
reloadAllAccessors: .MatrixSplit14

===========================================================================================
----------------- testing Fri Oct 16 16:07:48 UTC 2020 /home/travis/build/icyphy/ptII/ptolemy/domains/sdf/lib/test/auto/MatrixSplit2.xml
----------------- Instantiating /home/travis/build/icyphy/ptII/ptolemy/domains/sdf/lib/test/auto/MatrixSplit2.xml
2 ms. Memory: 161792K Free: 80179K (50%)
----------------- Invoking toplevel() on ptolemy.moml.MoMLSimpleApplication@1f1d76aa
----------------- Done invoking toplevel() on ptolemy.moml.MoMLSimpleApplication@1f1d76aa
reloadAllAccessors: .MatrixSplit2

===========================================================================================
----------------- testing Fri Oct 16 16:07:48 UTC 2020 /home/travis/build/icyphy/ptII/ptolemy/domains/sdf/lib/test/auto/MatrixSplit3.xml
----------------- Instantiating /home/travis/build/icyphy/ptII/ptolemy/domains/sdf/lib/test/auto/MatrixSplit3.xml
2 ms. Memory: 161792K Free: 76679K (47%)
----------------- Invoking toplevel() on ptolemy.moml.MoMLSimpleApplication@2c179290
----------------- Done invoking toplevel() on ptolemy.moml.MoMLSimpleApplication@2c179290
reloadAllAccessors: .MatrixSplit3

===========================================================================================
----------------- testing Fri Oct 16 16:07:48 UTC 2020 /home/travis/build/icyphy/ptII/ptolemy/domains/sdf/lib/test/auto/MatrixSplit4.xml
----------------- Instantiating /home/travis/build/icyphy/ptII/ptolemy/domains/sdf/lib/test/auto/MatrixSplit4.xml
2 ms. Memory: 161792K Free: 73011K (45%)
----------------- Invoking toplevel() on ptolemy.moml.MoMLSimpleApplication@575fbc09
----------------- Done invoking toplevel() on ptolemy.moml.MoMLSimpleApplication@575fbc09
reloadAllAccessors: .MatrixSplit4

===========================================================================================
----------------- testing Fri Oct 16 16:07:48 UTC 2020 /home/travis/build/icyphy/ptII/ptolemy/domains/sdf/lib/test/auto/MatrixSplit5.xml
----------------- Instantiating /home/travis/build/icyphy/ptII/ptolemy/domains/sdf/lib/test/auto/MatrixSplit5.xml
9 ms. Memory: 161792K Free: 69532K (43%)
----------------- Invoking toplevel() on ptolemy.moml.MoMLSimpleApplication@389622a2
----------------- Done invoking toplevel() on ptolemy.moml.MoMLSimpleApplication@389622a2
reloadAllAccessors: .MatrixSplit5

===========================================================================================
----------------- testing Fri Oct 16 16:07:48 UTC 2020 /home/travis/build/icyphy/ptII/ptolemy/domains/sdf/lib/test/auto/MatrixSplit6.xml
----------------- Instantiating /home/travis/build/icyphy/ptII/ptolemy/domains/sdf/lib/test/auto/MatrixSplit6.xml
3 ms. Memory: 161792K Free: 65843K (41%)
----------------- Invoking toplevel() on ptolemy.moml.MoMLSimpleApplication@389f3cbd
----------------- Done invoking toplevel() on ptolemy.moml.MoMLSimpleApplication@389f3cbd
reloadAllAccessors: .MatrixSplit6

===========================================================================================
----------------- testing Fri Oct 16 16:07:48 UTC 2020 /home/travis/build/icyphy/ptII/ptolemy/domains/sdf/lib/test/auto/MatrixSplit7.xml
----------------- Instantiating /home/travis/build/icyphy/ptII/ptolemy/domains/sdf/lib/test/auto/MatrixSplit7.xml
2 ms. Memory: 161792K Free: 143871K (89%)
----------------- Invoking toplevel() on ptolemy.moml.MoMLSimpleApplication@53d2205c
----------------- Done invoking toplevel() on ptolemy.moml.MoMLSimpleApplication@53d2205c
reloadAllAccessors: .MatrixSplit7

===========================================================================================
----------------- testing Fri Oct 16 16:07:48 UTC 2020 /home/travis/build/icyphy/ptII/ptolemy/domains/sdf/lib/test/auto/MatrixSplit8.xml
----------------- Instantiating /home/travis/build/icyphy/ptII/ptolemy/domains/sdf/lib/test/auto/MatrixSplit8.xml
3 ms. Memory: 161792K Free: 140287K (87%)
----------------- Invoking toplevel() on ptolemy.moml.MoMLSimpleApplication@44ad911f
----------------- Done invoking toplevel() on ptolemy.moml.MoMLSimpleApplication@44ad911f
reloadAllAccessors: .MatrixSplit8

===========================================================================================
----------------- testing Fri Oct 16 16:07:48 UTC 2020 /home/travis/build/icyphy/ptII/ptolemy/domains/sdf/lib/test/auto/MatrixSplit9.xml
----------------- Instantiating /home/travis/build/icyphy/ptII/ptolemy/domains/sdf/lib/test/auto/MatrixSplit9.xml
2 ms. Memory: 161792K Free: 136703K (84%)
----------------- Invoking toplevel() on ptolemy.moml.MoMLSimpleApplication@5405f0f2
----------------- Done invoking toplevel() on ptolemy.moml.MoMLSimpleApplication@5405f0f2
reloadAllAccessors: .MatrixSplit9

===========================================================================================
----------------- testing Fri Oct 16 16:07:48 UTC 2020 /home/travis/build/icyphy/ptII/ptolemy/domains/sdf/lib/test/auto/MatrixToSequence.xml
----------------- Instantiating /home/travis/build/icyphy/ptII/ptolemy/domains/sdf/lib/test/auto/MatrixToSequence.xml
8 ms. Memory: 161792K Free: 127487K (79%)
----------------- Invoking toplevel() on ptolemy.moml.MoMLSimpleApplication@1be796e8
----------------- Done invoking toplevel() on ptolemy.moml.MoMLSimpleApplication@1be796e8
reloadAllAccessors: .MatrixToSequence

===========================================================================================
----------------- testing Fri Oct 16 16:07:48 UTC 2020 /home/travis/build/icyphy/ptII/ptolemy/domains/sdf/lib/test/auto/MaximumEntropySpectrum.xml
----------------- Instantiating /home/travis/build/icyphy/ptII/ptolemy/domains/sdf/lib/test/auto/MaximumEntropySpectrum.xml
12 ms. Memory: 161792K Free: 106497K (66%)
----------------- Invoking toplevel() on ptolemy.moml.MoMLSimpleApplication@450138c9
----------------- Done invoking toplevel() on ptolemy.moml.MoMLSimpleApplication@450138c9
reloadAllAccessors: .MaximumEntropySpectrum

===========================================================================================
----------------- testing Fri Oct 16 16:07:48 UTC 2020 /home/travis/build/icyphy/ptII/ptolemy/domains/sdf/lib/test/auto/SampleDelayConversion.xml
----------------- Instantiating /home/travis/build/icyphy/ptII/ptolemy/domains/sdf/lib/test/auto/SampleDelayConversion.xml
3 ms. Memory: 161792K Free: 102911K (64%)
----------------- Invoking toplevel() on ptolemy.moml.MoMLSimpleApplication@d2856da
----------------- Done invoking toplevel() on ptolemy.moml.MoMLSimpleApplication@d2856da
reloadAllAccessors: .SampleDelayConversion

===========================================================================================
----------------- testing Fri Oct 16 16:07:48 UTC 2020 /home/travis/build/icyphy/ptII/ptolemy/domains/sdf/lib/test/auto/SequenceToArray.xml
----------------- Instantiating /home/travis/build/icyphy/ptII/ptolemy/domains/sdf/lib/test/auto/SequenceToArray.xml
9 ms. Memory: 161792K Free: 91633K (57%)
----------------- Invoking toplevel() on ptolemy.moml.MoMLSimpleApplication@1f58b38c
----------------- Done invoking toplevel() on ptolemy.moml.MoMLSimpleApplication@1f58b38c
reloadAllAccessors: .SequenceToArray

===========================================================================================
----------------- testing Fri Oct 16 16:07:48 UTC 2020 /home/travis/build/icyphy/ptII/ptolemy/domains/sdf/lib/test/auto/SequenceToMatrix.xml
----------------- Instantiating /home/travis/build/icyphy/ptII/ptolemy/domains/sdf/lib/test/auto/SequenceToMatrix.xml
3119 ms. Memory: 161792K Free: 118742K (73%)
----------------- Invoking toplevel() on ptolemy.moml.MoMLSimpleApplication@4c05ed6f
----------------- Done invoking toplevel() on ptolemy.moml.MoMLSimpleApplication@4c05ed6f
reloadAllAccessors: .SequenceToMatrix

===========================================================================================
----------------- testing Fri Oct 16 16:07:51 UTC 2020 /home/travis/build/icyphy/ptII/ptolemy/domains/sdf/lib/test/auto/SmoothedPeriodogram.xml
----------------- Instantiating /home/travis/build/icyphy/ptII/ptolemy/domains/sdf/lib/test/auto/SmoothedPeriodogram.xml
13 ms. Memory: 161792K Free: 103382K (64%)
----------------- Invoking toplevel() on ptolemy.moml.MoMLSimpleApplication@939ecf1
----------------- Done invoking toplevel() on ptolemy.moml.MoMLSimpleApplication@939ecf1
reloadAllAccessors: .SmoothedPeriodogram

===========================================================================================
----------------- testing Fri Oct 16 16:07:51 UTC 2020 /home/travis/build/icyphy/ptII/ptolemy/domains/sdf/lib/test/auto/UpDownSample1.xml
----------------- Instantiating /home/travis/build/icyphy/ptII/ptolemy/domains/sdf/lib/test/auto/UpDownSample1.xml
8 ms. Memory: 161792K Free: 99286K (61%)
----------------- Invoking toplevel() on ptolemy.moml.MoMLSimpleApplication@48cdb38f
----------------- Done invoking toplevel() on ptolemy.moml.MoMLSimpleApplication@48cdb38f
reloadAllAccessors: .UpDownSample1

===========================================================================================
----------------- testing Fri Oct 16 16:07:51 UTC 2020 /home/travis/build/icyphy/ptII/ptolemy/domains/sdf/lib/test/auto/UpSample1.xml
----------------- Instantiating /home/travis/build/icyphy/ptII/ptolemy/domains/sdf/lib/test/auto/UpSample1.xml
2 ms. Memory: 161792K Free: 95700K (59%)
----------------- Invoking toplevel() on ptolemy.moml.MoMLSimpleApplication@7459fc05
----------------- Done invoking toplevel() on ptolemy.moml.MoMLSimpleApplication@7459fc05
reloadAllAccessors: .UpSample1

===========================================================================================
----------------- testing Fri Oct 16 16:07:51 UTC 2020 /home/travis/build/icyphy/ptII/ptolemy/domains/sdf/lib/test/auto/VariableFIR.xml
----------------- Instantiating /home/travis/build/icyphy/ptII/ptolemy/domains/sdf/lib/test/auto/VariableFIR.xml
3 ms. Memory: 161792K Free: 90070K (56%)
----------------- Invoking toplevel() on ptolemy.moml.MoMLSimpleApplication@20182fa5
----------------- Done invoking toplevel() on ptolemy.moml.MoMLSimpleApplication@20182fa5
reloadAllAccessors: .VariableFIR

===========================================================================================
----------------- testing Fri Oct 16 16:07:51 UTC 2020 /home/travis/build/icyphy/ptII/ptolemy/domains/sdf/lib/test/auto/VariableFIR2.xml
----------------- Instantiating /home/travis/build/icyphy/ptII/ptolemy/domains/sdf/lib/test/auto/VariableFIR2.xml
3 ms. Memory: 161792K Free: 84950K (53%)
----------------- Invoking toplevel() on ptolemy.moml.MoMLSimpleApplication@21a573ef
----------------- Done invoking toplevel() on ptolemy.moml.MoMLSimpleApplication@21a573ef
reloadAllAccessors: .VariableFIR2

===========================================================================================
----------------- testing Fri Oct 16 16:07:51 UTC 2020 /home/travis/build/icyphy/ptII/ptolemy/domains/sdf/lib/test/auto/VariableLattice.xml
----------------- Instantiating /home/travis/build/icyphy/ptII/ptolemy/domains/sdf/lib/test/auto/VariableLattice.xml
3 ms. Memory: 161792K Free: 78806K (49%)
----------------- Invoking toplevel() on ptolemy.moml.MoMLSimpleApplication@4dc78c76
----------------- Done invoking toplevel() on ptolemy.moml.MoMLSimpleApplication@4dc78c76
reloadAllAccessors: .VariableLattice

===========================================================================================
----------------- testing Fri Oct 16 16:07:51 UTC 2020 /home/travis/build/icyphy/ptII/ptolemy/domains/sdf/lib/test/auto/VariableLattice2.xml
----------------- Instantiating /home/travis/build/icyphy/ptII/ptolemy/domains/sdf/lib/test/auto/VariableLattice2.xml
1.0
-1.999999602036
1.9099998677481
-0.9099996420674
0.205
0.0
0.0
1.0
-0.25
-0.5
0.0
0.0
0.0
0.0
3 ms. Memory: 161792K Free: 74196K (46%)
----------------- Invoking toplevel() on ptolemy.moml.MoMLSimpleApplication@77096f1a
----------------- Done invoking toplevel() on ptolemy.moml.MoMLSimpleApplication@77096f1a
reloadAllAccessors: .VariableLattice2

===========================================================================================
----------------- testing Fri Oct 16 16:07:51 UTC 2020 /home/travis/build/icyphy/ptII/ptolemy/domains/sdf/lib/test/auto/VariableRecursiveLattice.xml
----------------- Instantiating /home/travis/build/icyphy/ptII/ptolemy/domains/sdf/lib/test/auto/VariableRecursiveLattice.xml
3 ms. Memory: 161792K Free: 69590K (43%)
----------------- Invoking toplevel() on ptolemy.moml.MoMLSimpleApplication@5f8ce203
----------------- Done invoking toplevel() on ptolemy.moml.MoMLSimpleApplication@5f8ce203
reloadAllAccessors: .VariableRecursiveLattice

===========================================================================================
----------------- testing Fri Oct 16 16:07:51 UTC 2020 /home/travis/build/icyphy/ptII/ptolemy/domains/sdf/lib/test/auto/VariableRecursiveLattice2.xml
----------------- Instantiating /home/travis/build/icyphy/ptII/ptolemy/domains/sdf/lib/test/auto/VariableRecursiveLattice2.xml
2 ms. Memory: 161792K Free: 65494K (40%)
----------------- Invoking toplevel() on ptolemy.moml.MoMLSimpleApplication@6af0fc60
----------------- Done invoking toplevel() on ptolemy.moml.MoMLSimpleApplication@6af0fc60
reloadAllAccessors: .VariableRecursiveLattice2
AutoTests.java: About to close Vertx.
AutoTests.java: Vertx closed.
]]></system-out>
  <system-err><![CDATA[]]></system-err>
</testsuite>
