<?xml version="1.0" encoding="UTF-8" ?>
<testsuite errors="0" failures="0" hostname="travis-job-fc23237c-48b1-43fa-a235-1c933feee809" name="ptolemy.actor.lib.hoc.test.junit.JUnitTclTest" skipped="0" tests="58" time="35.507" timestamp="2019-06-23T04:40:31">
  <properties>
[...]
</properties>
  <testcase classname="ptolemy.util.test.junit.TclTests" name="[0] /home/travis/build/icyphy/ptII/ptolemy/actor/lib/hoc/test/IterateOverArray.tcl (RunTclFile)" time="0.37" />
  <testcase classname="ptolemy.util.test.junit.AutoKnownFailedTests" name="[0] /home/travis/build/icyphy/ptII/ptolemy/actor/lib/hoc/test/auto/knownFailedTests/PreinitializeMustBeInvokedRunComposite.xml (RunModel)" time="0.443" />
  <testcase classname="ptolemy.util.test.junit.AutoNameArchTests" name="[0] ThereAreNoAutoArchTests (RunModel)" time="0.005" />
  <testcase classname="ptolemy.util.test.junit.AutoTests" name="[0] /home/travis/build/icyphy/ptII/ptolemy/actor/lib/hoc/test/auto/AllToAllMultiInstanceComposite.xml (RunModel)" time="0.45" />
  <testcase classname="ptolemy.util.test.junit.AutoTests" name="[1] /home/travis/build/icyphy/ptII/ptolemy/actor/lib/hoc/test/auto/ApplyFFTTest.xml (RunModel)" time="0.456" />
  <testcase classname="ptolemy.util.test.junit.AutoTests" name="[2] /home/travis/build/icyphy/ptII/ptolemy/actor/lib/hoc/test/auto/ApplyFunction.xml (RunModel)" time="0.084" />
  <testcase classname="ptolemy.util.test.junit.AutoTests" name="[3] /home/travis/build/icyphy/ptII/ptolemy/actor/lib/hoc/test/auto/BackgroundExecution.xml (RunModel)" time="0.794" />
  <testcase classname="ptolemy.util.test.junit.AutoTests" name="[4] /home/travis/build/icyphy/ptII/ptolemy/actor/lib/hoc/test/auto/Case.xml (RunModel)" time="0.089" />
  <testcase classname="ptolemy.util.test.junit.AutoTests" name="[5] /home/travis/build/icyphy/ptII/ptolemy/actor/lib/hoc/test/auto/Case1.xml (RunModel)" time="0.057" />
  <testcase classname="ptolemy.util.test.junit.AutoTests" name="[6] /home/travis/build/icyphy/ptII/ptolemy/actor/lib/hoc/test/auto/Case2.xml (RunModel)" time="0.068" />
  <testcase classname="ptolemy.util.test.junit.AutoTests" name="[7] /home/travis/build/icyphy/ptII/ptolemy/actor/lib/hoc/test/auto/Case3.xml (RunModel)" time="0.036" />
  <testcase classname="ptolemy.util.test.junit.AutoTests" name="[8] /home/travis/build/icyphy/ptII/ptolemy/actor/lib/hoc/test/auto/Case4.xml (RunModel)" time="0.078" />
  <testcase classname="ptolemy.util.test.junit.AutoTests" name="[9] /home/travis/build/icyphy/ptII/ptolemy/actor/lib/hoc/test/auto/Case5.xml (RunModel)" time="0.099" />
  <testcase classname="ptolemy.util.test.junit.AutoTests" name="[10] /home/travis/build/icyphy/ptII/ptolemy/actor/lib/hoc/test/auto/Case6.xml (RunModel)" time="0.102" />
  <testcase classname="ptolemy.util.test.junit.AutoTests" name="[11] /home/travis/build/icyphy/ptII/ptolemy/actor/lib/hoc/test/auto/CaseString2.xml (RunModel)" time="0.062" />
  <testcase classname="ptolemy.util.test.junit.AutoTests" name="[12] /home/travis/build/icyphy/ptII/ptolemy/actor/lib/hoc/test/auto/CatchUpComposite1.xml (RunModel)" time="0.097" />
  <testcase classname="ptolemy.util.test.junit.AutoTests" name="[13] /home/travis/build/icyphy/ptII/ptolemy/actor/lib/hoc/test/auto/CatchUpComposite2.xml (RunModel)" time="0.077" />
  <testcase classname="ptolemy.util.test.junit.AutoTests" name="[14] /home/travis/build/icyphy/ptII/ptolemy/actor/lib/hoc/test/auto/CatchUpComposite3.xml (RunModel)" time="0.082" />
  <testcase classname="ptolemy.util.test.junit.AutoTests" name="[15] /home/travis/build/icyphy/ptII/ptolemy/actor/lib/hoc/test/auto/CatchUpComposite4.xml (RunModel)" time="0.071" />
  <testcase classname="ptolemy.util.test.junit.AutoTests" name="[16] /home/travis/build/icyphy/ptII/ptolemy/actor/lib/hoc/test/auto/CatchUpComposite5.xml (RunModel)" time="0.059" />
  <testcase classname="ptolemy.util.test.junit.AutoTests" name="[17] /home/travis/build/icyphy/ptII/ptolemy/actor/lib/hoc/test/auto/CatchUpComposite6.xml (RunModel)" time="0.194" />
  <testcase classname="ptolemy.util.test.junit.AutoTests" name="[18] /home/travis/build/icyphy/ptII/ptolemy/actor/lib/hoc/test/auto/CatchUpComposite7.xml (RunModel)" time="0.115" />
  <testcase classname="ptolemy.util.test.junit.AutoTests" name="[19] /home/travis/build/icyphy/ptII/ptolemy/actor/lib/hoc/test/auto/ConcurrentExecutionTimeSDF.xml (RunModel)" time="2.292" />
  <testcase classname="ptolemy.util.test.junit.AutoTests" name="[20] /home/travis/build/icyphy/ptII/ptolemy/actor/lib/hoc/test/auto/ConcurrentSleep.xml (RunModel)" time="0.776" />
  <testcase classname="ptolemy.util.test.junit.AutoTests" name="[21] /home/travis/build/icyphy/ptII/ptolemy/actor/lib/hoc/test/auto/DEInPNInRunCompositeActor.xml (RunModel)" time="0.034" />
  <testcase classname="ptolemy.util.test.junit.AutoTests" name="[22] /home/travis/build/icyphy/ptII/ptolemy/actor/lib/hoc/test/auto/DFTSubSetTest.xml (RunModel)" time="0.345" />
  <testcase classname="ptolemy.util.test.junit.AutoTests" name="[23] /home/travis/build/icyphy/ptII/ptolemy/actor/lib/hoc/test/auto/HocDE.xml (RunModel)" time="0.192" />
  <testcase classname="ptolemy.util.test.junit.AutoTests" name="[24] /home/travis/build/icyphy/ptII/ptolemy/actor/lib/hoc/test/auto/IterateOverArray.xml (RunModel)" time="0.029" />
  <testcase classname="ptolemy.util.test.junit.AutoTests" name="[25] /home/travis/build/icyphy/ptII/ptolemy/actor/lib/hoc/test/auto/IterateOverArray10.xml (RunModel)" time="0.034" />
  <testcase classname="ptolemy.util.test.junit.AutoTests" name="[26] /home/travis/build/icyphy/ptII/ptolemy/actor/lib/hoc/test/auto/IterateOverArray11.xml (RunModel)" time="0.035" />
  <testcase classname="ptolemy.util.test.junit.AutoTests" name="[27] /home/travis/build/icyphy/ptII/ptolemy/actor/lib/hoc/test/auto/IterateOverArray12.xml (RunModel)" time="0.041" />
  <testcase classname="ptolemy.util.test.junit.AutoTests" name="[28] /home/travis/build/icyphy/ptII/ptolemy/actor/lib/hoc/test/auto/IterateOverArray13.xml (RunModel)" time="0.18" />
  <testcase classname="ptolemy.util.test.junit.AutoTests" name="[29] /home/travis/build/icyphy/ptII/ptolemy/actor/lib/hoc/test/auto/IterateOverArray14.xml (RunModel)" time="0.179" />
  <testcase classname="ptolemy.util.test.junit.AutoTests" name="[30] /home/travis/build/icyphy/ptII/ptolemy/actor/lib/hoc/test/auto/IterateOverArray2.xml (RunModel)" time="0.033" />
  <testcase classname="ptolemy.util.test.junit.AutoTests" name="[31] /home/travis/build/icyphy/ptII/ptolemy/actor/lib/hoc/test/auto/IterateOverArray3.xml (RunModel)" time="0.043" />
  <testcase classname="ptolemy.util.test.junit.AutoTests" name="[32] /home/travis/build/icyphy/ptII/ptolemy/actor/lib/hoc/test/auto/IterateOverArray4.xml (RunModel)" time="0.029" />
  <testcase classname="ptolemy.util.test.junit.AutoTests" name="[33] /home/travis/build/icyphy/ptII/ptolemy/actor/lib/hoc/test/auto/IterateOverArray5.xml (RunModel)" time="0.022" />
  <testcase classname="ptolemy.util.test.junit.AutoTests" name="[34] /home/travis/build/icyphy/ptII/ptolemy/actor/lib/hoc/test/auto/IterateOverArray6.xml (RunModel)" time="0.016" />
  <testcase classname="ptolemy.util.test.junit.AutoTests" name="[35] /home/travis/build/icyphy/ptII/ptolemy/actor/lib/hoc/test/auto/IterateOverArray7.xml (RunModel)" time="0.021" />
  <testcase classname="ptolemy.util.test.junit.AutoTests" name="[36] /home/travis/build/icyphy/ptII/ptolemy/actor/lib/hoc/test/auto/IterateOverArray8.xml (RunModel)" time="0.022" />
  <testcase classname="ptolemy.util.test.junit.AutoTests" name="[37] /home/travis/build/icyphy/ptII/ptolemy/actor/lib/hoc/test/auto/IterateOverArray9.xml (RunModel)" time="0.029" />
  <testcase classname="ptolemy.util.test.junit.AutoTests" name="[38] /home/travis/build/icyphy/ptII/ptolemy/actor/lib/hoc/test/auto/IterateOverArrayCoercedOutputType.xml (RunModel)" time="0.04" />
  <testcase classname="ptolemy.util.test.junit.AutoTests" name="[39] /home/travis/build/icyphy/ptII/ptolemy/actor/lib/hoc/test/auto/IterateOverArrayInferredOutputType.xml (RunModel)" time="0.038" />
  <testcase classname="ptolemy.util.test.junit.AutoTests" name="[40] /home/travis/build/icyphy/ptII/ptolemy/actor/lib/hoc/test/auto/MobileFunctionTest.xml (RunModel)" time="0.02" />
  <testcase classname="ptolemy.util.test.junit.AutoTests" name="[41] /home/travis/build/icyphy/ptII/ptolemy/actor/lib/hoc/test/auto/MobileModelTest.xml (RunModel)" time="0.182" />
  <testcase classname="ptolemy.util.test.junit.AutoTests" name="[42] /home/travis/build/icyphy/ptII/ptolemy/actor/lib/hoc/test/auto/ModelReference.xml (RunModel)" time="0.077" />
  <testcase classname="ptolemy.util.test.junit.AutoTests" name="[43] /home/travis/build/icyphy/ptII/ptolemy/actor/lib/hoc/test/auto/ModelReference3.xml (RunModel)" time="0.055" />
  <testcase classname="ptolemy.util.test.junit.AutoTests" name="[44] /home/travis/build/icyphy/ptII/ptolemy/actor/lib/hoc/test/auto/ModelReference4.xml (RunModel)" time="10.046" />
  <testcase classname="ptolemy.util.test.junit.AutoTests" name="[45] /home/travis/build/icyphy/ptII/ptolemy/actor/lib/hoc/test/auto/MultiInstanceComposite.xml (RunModel)" time="0.065" />
  <testcase classname="ptolemy.util.test.junit.AutoTests" name="[46] /home/travis/build/icyphy/ptII/ptolemy/actor/lib/hoc/test/auto/MultiInstanceComposite2.xml (RunModel)" time="0.054" />
  <testcase classname="ptolemy.util.test.junit.AutoTests" name="[47] /home/travis/build/icyphy/ptII/ptolemy/actor/lib/hoc/test/auto/MulticoreExecution.xml (RunModel)" time="1.139" />
  <testcase classname="ptolemy.util.test.junit.AutoTests" name="[48] /home/travis/build/icyphy/ptII/ptolemy/actor/lib/hoc/test/auto/ParallelExecution.xml (RunModel)" time="0.937" />
  <testcase classname="ptolemy.util.test.junit.AutoTests" name="[49] /home/travis/build/icyphy/ptII/ptolemy/actor/lib/hoc/test/auto/RunCompositeActor.xml (RunModel)" time="0.023" />
  <testcase classname="ptolemy.util.test.junit.AutoTests" name="[50] /home/travis/build/icyphy/ptII/ptolemy/actor/lib/hoc/test/auto/RunCompositeActor2.xml (RunModel)" time="0.024" />
  <testcase classname="ptolemy.util.test.junit.AutoTests" name="[51] /home/travis/build/icyphy/ptII/ptolemy/actor/lib/hoc/test/auto/RunCompositeActor3.xml (RunModel)" time="0.024" />
  <testcase classname="ptolemy.util.test.junit.AutoTests" name="[52] /home/travis/build/icyphy/ptII/ptolemy/actor/lib/hoc/test/auto/RunCompositeActor4.xml (RunModel)" time="0.028" />
  <testcase classname="ptolemy.util.test.junit.AutoTests" name="[53] /home/travis/build/icyphy/ptII/ptolemy/actor/lib/hoc/test/auto/RunCompositeIterateOverArray.xml (RunModel)" time="0.023" />
  <testcase classname="ptolemy.util.test.junit.AutoTests" name="[54] /home/travis/build/icyphy/ptII/ptolemy/actor/lib/hoc/test/auto/ThreadedJS.xml (RunModel)" time="13.807" />
  <system-out><![CDATA[/home/travis/build/icyphy/ptII/ptolemy/actor/lib/hoc/test/IterateOverArray.tcl
testDefs.tcl: setting time out to 9000 seconds at Sun Jun 23 04:40:31 UTC 2019
06/23/19 04:40:31
Failed: 0  Total Tests: 2  ((Passed: 2, Newly Passed: 0)  Known Failed: 0) /home/travis/build/icyphy/ptII/ptolemy/actor/lib/hoc/test
----------------- testing (KnownFailure) /home/travis/build/icyphy/ptII/ptolemy/actor/lib/hoc/test/auto/knownFailedTests/PreinitializeMustBeInvokedRunComposite.xml
127 ms. Memory: 120832K Free: 104067K (86%)
Known Failure: java.lang.reflect.InvocationTargetException
No auto/linux-amd64/*.xml tests in /home/travis/build/icyphy/ptII/ptolemy/actor/lib/hoc/test
AutoTests.java: About to close Vertx.
AutoTests.java: Vertx closed.

===========================================================================================
----------------- testing Sun Jun 23 04:40:32 UTC 2019 /home/travis/build/icyphy/ptII/ptolemy/actor/lib/hoc/test/auto/AllToAllMultiInstanceComposite.xml
----------------- Instantiating /home/travis/build/icyphy/ptII/ptolemy/actor/lib/hoc/test/auto/AllToAllMultiInstanceComposite.xml
232 ms. Memory: 173056K Free: 135875K (79%)
----------------- Invoking toplevel() on ptolemy.moml.MoMLSimpleApplication@6dc1d85b
----------------- Done invoking toplevel() on ptolemy.moml.MoMLSimpleApplication@6dc1d85b
reloadAllAccessors: .AllToAllMultiInstanceComposite

===========================================================================================
----------------- testing Sun Jun 23 04:40:32 UTC 2019 /home/travis/build/icyphy/ptII/ptolemy/actor/lib/hoc/test/auto/ApplyFFTTest.xml
----------------- Instantiating /home/travis/build/icyphy/ptII/ptolemy/actor/lib/hoc/test/auto/ApplyFFTTest.xml
183 ms. Memory: 173056K Free: 117444K (68%)
----------------- Invoking toplevel() on ptolemy.moml.MoMLSimpleApplication@1819c232
----------------- Done invoking toplevel() on ptolemy.moml.MoMLSimpleApplication@1819c232
reloadAllAccessors: .ApplyFFTTest

===========================================================================================
----------------- testing Sun Jun 23 04:40:33 UTC 2019 /home/travis/build/icyphy/ptII/ptolemy/actor/lib/hoc/test/auto/ApplyFunction.xml
----------------- Instantiating /home/travis/build/icyphy/ptII/ptolemy/actor/lib/hoc/test/auto/ApplyFunction.xml
20 ms. Memory: 173056K Free: 114333K (66%)
----------------- Invoking toplevel() on ptolemy.moml.MoMLSimpleApplication@55e25c73
----------------- Done invoking toplevel() on ptolemy.moml.MoMLSimpleApplication@55e25c73
reloadAllAccessors: .ApplyFunction

===========================================================================================
----------------- testing Sun Jun 23 04:40:33 UTC 2019 /home/travis/build/icyphy/ptII/ptolemy/actor/lib/hoc/test/auto/BackgroundExecution.xml
----------------- Instantiating /home/travis/build/icyphy/ptII/ptolemy/actor/lib/hoc/test/auto/BackgroundExecution.xml
640 ms. Memory: 173056K Free: 155068K (90%)
----------------- Invoking toplevel() on ptolemy.moml.MoMLSimpleApplication@4ad457e8
----------------- Done invoking toplevel() on ptolemy.moml.MoMLSimpleApplication@4ad457e8
reloadAllAccessors: .BackgroundExecution

===========================================================================================
----------------- testing Sun Jun 23 04:40:34 UTC 2019 /home/travis/build/icyphy/ptII/ptolemy/actor/lib/hoc/test/auto/Case.xml
----------------- Instantiating /home/travis/build/icyphy/ptII/ptolemy/actor/lib/hoc/test/auto/Case.xml
22 ms. Memory: 173056K Free: 147372K (85%)
----------------- Invoking toplevel() on ptolemy.moml.MoMLSimpleApplication@3374686c
----------------- Done invoking toplevel() on ptolemy.moml.MoMLSimpleApplication@3374686c
reloadAllAccessors: .Case

===========================================================================================
----------------- testing Sun Jun 23 04:40:34 UTC 2019 /home/travis/build/icyphy/ptII/ptolemy/actor/lib/hoc/test/auto/Case1.xml
----------------- Instantiating /home/travis/build/icyphy/ptII/ptolemy/actor/lib/hoc/test/auto/Case1.xml
14 ms. Memory: 173056K Free: 140740K (81%)
----------------- Invoking toplevel() on ptolemy.moml.MoMLSimpleApplication@f746d2a
----------------- Done invoking toplevel() on ptolemy.moml.MoMLSimpleApplication@f746d2a
reloadAllAccessors: .Case1

===========================================================================================
----------------- testing Sun Jun 23 04:40:34 UTC 2019 /home/travis/build/icyphy/ptII/ptolemy/actor/lib/hoc/test/auto/Case2.xml
----------------- Instantiating /home/travis/build/icyphy/ptII/ptolemy/actor/lib/hoc/test/auto/Case2.xml
28 ms. Memory: 173056K Free: 130500K (75%)
----------------- Invoking toplevel() on ptolemy.moml.MoMLSimpleApplication@3de429
----------------- Done invoking toplevel() on ptolemy.moml.MoMLSimpleApplication@3de429
reloadAllAccessors: .Case2

===========================================================================================
----------------- testing Sun Jun 23 04:40:34 UTC 2019 /home/travis/build/icyphy/ptII/ptolemy/actor/lib/hoc/test/auto/Case3.xml
----------------- Instantiating /home/travis/build/icyphy/ptII/ptolemy/actor/lib/hoc/test/auto/Case3.xml
9 ms. Memory: 173056K Free: 123820K (72%)
----------------- Invoking toplevel() on ptolemy.moml.MoMLSimpleApplication@4aebb8a2
----------------- Done invoking toplevel() on ptolemy.moml.MoMLSimpleApplication@4aebb8a2
reloadAllAccessors: .Case3

===========================================================================================
----------------- testing Sun Jun 23 04:40:34 UTC 2019 /home/travis/build/icyphy/ptII/ptolemy/actor/lib/hoc/test/auto/Case4.xml
----------------- Instantiating /home/travis/build/icyphy/ptII/ptolemy/actor/lib/hoc/test/auto/Case4.xml
23 ms. Memory: 173056K Free: 116100K (67%)
----------------- Invoking toplevel() on ptolemy.moml.MoMLSimpleApplication@6d8969e0
----------------- Done invoking toplevel() on ptolemy.moml.MoMLSimpleApplication@6d8969e0
reloadAllAccessors: .Case4

===========================================================================================
----------------- testing Sun Jun 23 04:40:34 UTC 2019 /home/travis/build/icyphy/ptII/ptolemy/actor/lib/hoc/test/auto/Case5.xml
----------------- Instantiating /home/travis/build/icyphy/ptII/ptolemy/actor/lib/hoc/test/auto/Case5.xml
61 ms. Memory: 173056K Free: 110050K (64%)
----------------- Invoking toplevel() on ptolemy.moml.MoMLSimpleApplication@14b600cd
----------------- Done invoking toplevel() on ptolemy.moml.MoMLSimpleApplication@14b600cd
reloadAllAccessors: .junk

===========================================================================================
----------------- testing Sun Jun 23 04:40:34 UTC 2019 /home/travis/build/icyphy/ptII/ptolemy/actor/lib/hoc/test/auto/Case6.xml
----------------- Instantiating /home/travis/build/icyphy/ptII/ptolemy/actor/lib/hoc/test/auto/Case6.xml
52 ms. Memory: 173056K Free: 97762K (56%)
----------------- Invoking toplevel() on ptolemy.moml.MoMLSimpleApplication@3e5fc6bc
----------------- Done invoking toplevel() on ptolemy.moml.MoMLSimpleApplication@3e5fc6bc
reloadAllAccessors: .Case6

===========================================================================================
----------------- testing Sun Jun 23 04:40:34 UTC 2019 /home/travis/build/icyphy/ptII/ptolemy/actor/lib/hoc/test/auto/CaseString2.xml
----------------- Instantiating /home/travis/build/icyphy/ptII/ptolemy/actor/lib/hoc/test/auto/CaseString2.xml
28 ms. Memory: 173056K Free: 159025K (92%)
----------------- Invoking toplevel() on ptolemy.moml.MoMLSimpleApplication@40e3cab7
----------------- Done invoking toplevel() on ptolemy.moml.MoMLSimpleApplication@40e3cab7
reloadAllAccessors: .CaseString2

===========================================================================================
----------------- testing Sun Jun 23 04:40:34 UTC 2019 /home/travis/build/icyphy/ptII/ptolemy/actor/lib/hoc/test/auto/CatchUpComposite1.xml
----------------- Instantiating /home/travis/build/icyphy/ptII/ptolemy/actor/lib/hoc/test/auto/CatchUpComposite1.xml
40 ms. Memory: 173056K Free: 148814K (86%)
----------------- Invoking toplevel() on ptolemy.moml.MoMLSimpleApplication@5d2e8b82
----------------- Done invoking toplevel() on ptolemy.moml.MoMLSimpleApplication@5d2e8b82
reloadAllAccessors: .CatchUpComposite1

===========================================================================================
----------------- testing Sun Jun 23 04:40:34 UTC 2019 /home/travis/build/icyphy/ptII/ptolemy/actor/lib/hoc/test/auto/CatchUpComposite2.xml
----------------- Instantiating /home/travis/build/icyphy/ptII/ptolemy/actor/lib/hoc/test/auto/CatchUpComposite2.xml
20 ms. Memory: 173056K Free: 140622K (81%)
----------------- Invoking toplevel() on ptolemy.moml.MoMLSimpleApplication@6f85f537
----------------- Done invoking toplevel() on ptolemy.moml.MoMLSimpleApplication@6f85f537
reloadAllAccessors: .CatchUpComposite2

===========================================================================================
----------------- testing Sun Jun 23 04:40:35 UTC 2019 /home/travis/build/icyphy/ptII/ptolemy/actor/lib/hoc/test/auto/CatchUpComposite3.xml
----------------- Instantiating /home/travis/build/icyphy/ptII/ptolemy/actor/lib/hoc/test/auto/CatchUpComposite3.xml
31 ms. Memory: 173056K Free: 131405K (76%)
----------------- Invoking toplevel() on ptolemy.moml.MoMLSimpleApplication@2a455297
----------------- Done invoking toplevel() on ptolemy.moml.MoMLSimpleApplication@2a455297
reloadAllAccessors: .CatchUpComposite3

===========================================================================================
----------------- testing Sun Jun 23 04:40:35 UTC 2019 /home/travis/build/icyphy/ptII/ptolemy/actor/lib/hoc/test/auto/CatchUpComposite4.xml
----------------- Instantiating /home/travis/build/icyphy/ptII/ptolemy/actor/lib/hoc/test/auto/CatchUpComposite4.xml
26 ms. Memory: 173056K Free: 123686K (71%)
----------------- Invoking toplevel() on ptolemy.moml.MoMLSimpleApplication@5ba0591a
----------------- Done invoking toplevel() on ptolemy.moml.MoMLSimpleApplication@5ba0591a
reloadAllAccessors: .CatchUpComposite4

===========================================================================================
----------------- testing Sun Jun 23 04:40:35 UTC 2019 /home/travis/build/icyphy/ptII/ptolemy/actor/lib/hoc/test/auto/CatchUpComposite5.xml
----------------- Instantiating /home/travis/build/icyphy/ptII/ptolemy/actor/lib/hoc/test/auto/CatchUpComposite5.xml
22 ms. Memory: 173056K Free: 116017K (67%)
----------------- Invoking toplevel() on ptolemy.moml.MoMLSimpleApplication@501d3141
----------------- Done invoking toplevel() on ptolemy.moml.MoMLSimpleApplication@501d3141
reloadAllAccessors: .CatchUpComposite5

===========================================================================================
----------------- testing Sun Jun 23 04:40:35 UTC 2019 /home/travis/build/icyphy/ptII/ptolemy/actor/lib/hoc/test/auto/CatchUpComposite6.xml
----------------- Instantiating /home/travis/build/icyphy/ptII/ptolemy/actor/lib/hoc/test/auto/CatchUpComposite6.xml
WARNING: The execution aspects in this model can influence the timing of actors by delaying the 
execution, potentially changing the behavior. There is no guarantee that actors fire at the 
time they request to be fired. 
Use Ptides for deterministic DE behavior that is not influenced by execution aspects. 

100 ms. Memory: 173056K Free: 101182K (58%)
----------------- Invoking toplevel() on ptolemy.moml.MoMLSimpleApplication@e9aeec5
----------------- Done invoking toplevel() on ptolemy.moml.MoMLSimpleApplication@e9aeec5
reloadAllAccessors: .CatchUpComposite6

===========================================================================================
----------------- testing Sun Jun 23 04:40:35 UTC 2019 /home/travis/build/icyphy/ptII/ptolemy/actor/lib/hoc/test/auto/CatchUpComposite7.xml
----------------- Instantiating /home/travis/build/icyphy/ptII/ptolemy/actor/lib/hoc/test/auto/CatchUpComposite7.xml
WARNING: The execution aspects in this model can influence the timing of actors by delaying the 
execution, potentially changing the behavior. There is no guarantee that actors fire at the 
time they request to be fired. 
Use Ptides for deterministic DE behavior that is not influenced by execution aspects. 

46 ms. Memory: 173056K Free: 87871K (51%)
----------------- Invoking toplevel() on ptolemy.moml.MoMLSimpleApplication@615f325a
----------------- Done invoking toplevel() on ptolemy.moml.MoMLSimpleApplication@615f325a
reloadAllAccessors: .CatchUpComposite7

===========================================================================================
----------------- testing Sun Jun 23 04:40:35 UTC 2019 /home/travis/build/icyphy/ptII/ptolemy/actor/lib/hoc/test/auto/ConcurrentExecutionTimeSDF.xml
----------------- Instantiating /home/travis/build/icyphy/ptII/ptolemy/actor/lib/hoc/test/auto/ConcurrentExecutionTimeSDF.xml
Fired ExecutionTime: 40400000
Fired ExecutionTime: 40400000
Fired ExecutionTime: 40400000
Fired ExecutionTime: 40400000
Fired ExecutionTime: 40400000
Fired ExecutionTime: 40400000
Fired ExecutionTime: 40400000
Fired ExecutionTime: 40400000
Fired ExecutionTime: 40400000
Fired ExecutionTime: 40400000
Fired ExecutionTime: 40400000
Fired ExecutionTime: 40400000
Fired ExecutionTime: 40400000
Fired ExecutionTime: 40400000
Fired ExecutionTime: 40400000
Fired ExecutionTime: 40400000
Fired ExecutionTime: 40400000
Fired ExecutionTime: 40400000
Fired ExecutionTime: 40400000
Fired ExecutionTime: 40400000
2263 ms. Memory: 173056K Free: 80702K (47%)
----------------- Invoking toplevel() on ptolemy.moml.MoMLSimpleApplication@76168379
----------------- Done invoking toplevel() on ptolemy.moml.MoMLSimpleApplication@76168379
reloadAllAccessors: .ConcurrentExecutionTimeSDF

===========================================================================================
----------------- testing Sun Jun 23 04:40:37 UTC 2019 /home/travis/build/icyphy/ptII/ptolemy/actor/lib/hoc/test/auto/ConcurrentSleep.xml
----------------- Instantiating /home/travis/build/icyphy/ptII/ptolemy/actor/lib/hoc/test/auto/ConcurrentSleep.xml
734 ms. Memory: 173056K Free: 69438K (40%)
----------------- Invoking toplevel() on ptolemy.moml.MoMLSimpleApplication@2df0ef88
----------------- Done invoking toplevel() on ptolemy.moml.MoMLSimpleApplication@2df0ef88
reloadAllAccessors: .ConcurrentSleep

===========================================================================================
----------------- testing Sun Jun 23 04:40:38 UTC 2019 /home/travis/build/icyphy/ptII/ptolemy/actor/lib/hoc/test/auto/DEInPNInRunCompositeActor.xml
----------------- Instantiating /home/travis/build/icyphy/ptII/ptolemy/actor/lib/hoc/test/auto/DEInPNInRunCompositeActor.xml
14 ms. Memory: 173056K Free: 63822K (37%)
----------------- Invoking toplevel() on ptolemy.moml.MoMLSimpleApplication@42815843
----------------- Done invoking toplevel() on ptolemy.moml.MoMLSimpleApplication@42815843
reloadAllAccessors: .DEInPNInRunCompositeActor

===========================================================================================
----------------- testing Sun Jun 23 04:40:38 UTC 2019 /home/travis/build/icyphy/ptII/ptolemy/actor/lib/hoc/test/auto/DFTSubSetTest.xml
----------------- Instantiating /home/travis/build/icyphy/ptII/ptolemy/actor/lib/hoc/test/auto/DFTSubSetTest.xml
191 ms. Memory: 173056K Free: 120308K (70%)
----------------- Invoking toplevel() on ptolemy.moml.MoMLSimpleApplication@5be3add9
----------------- Done invoking toplevel() on ptolemy.moml.MoMLSimpleApplication@5be3add9
reloadAllAccessors: .DFTSubSetTest

===========================================================================================
----------------- testing Sun Jun 23 04:40:39 UTC 2019 /home/travis/build/icyphy/ptII/ptolemy/actor/lib/hoc/test/auto/HocDE.xml
----------------- Instantiating /home/travis/build/icyphy/ptII/ptolemy/actor/lib/hoc/test/auto/HocDE.xml
144 ms. Memory: 173056K Free: 94708K (55%)
----------------- Invoking toplevel() on ptolemy.moml.MoMLSimpleApplication@5792cd1f
----------------- Done invoking toplevel() on ptolemy.moml.MoMLSimpleApplication@5792cd1f
reloadAllAccessors: .HocDE

===========================================================================================
----------------- testing Sun Jun 23 04:40:39 UTC 2019 /home/travis/build/icyphy/ptII/ptolemy/actor/lib/hoc/test/auto/IterateOverArray.xml
----------------- Instantiating /home/travis/build/icyphy/ptII/ptolemy/actor/lib/hoc/test/auto/IterateOverArray.xml
7 ms. Memory: 173056K Free: 90612K (52%)
----------------- Invoking toplevel() on ptolemy.moml.MoMLSimpleApplication@761f0463
----------------- Done invoking toplevel() on ptolemy.moml.MoMLSimpleApplication@761f0463
reloadAllAccessors: .IterateOverArray

===========================================================================================
----------------- testing Sun Jun 23 04:40:39 UTC 2019 /home/travis/build/icyphy/ptII/ptolemy/actor/lib/hoc/test/auto/IterateOverArray10.xml
----------------- Instantiating /home/travis/build/icyphy/ptII/ptolemy/actor/lib/hoc/test/auto/IterateOverArray10.xml
5 ms. Memory: 173056K Free: 87030K (50%)
----------------- Invoking toplevel() on ptolemy.moml.MoMLSimpleApplication@456028af
----------------- Done invoking toplevel() on ptolemy.moml.MoMLSimpleApplication@456028af
reloadAllAccessors: .IterateOverArray10

===========================================================================================
----------------- testing Sun Jun 23 04:40:39 UTC 2019 /home/travis/build/icyphy/ptII/ptolemy/actor/lib/hoc/test/auto/IterateOverArray11.xml
----------------- Instantiating /home/travis/build/icyphy/ptII/ptolemy/actor/lib/hoc/test/auto/IterateOverArray11.xml
8 ms. Memory: 173056K Free: 83444K (48%)
----------------- Invoking toplevel() on ptolemy.moml.MoMLSimpleApplication@7b1ada85
----------------- Done invoking toplevel() on ptolemy.moml.MoMLSimpleApplication@7b1ada85
reloadAllAccessors: .IterateOverArray11

===========================================================================================
----------------- testing Sun Jun 23 04:40:39 UTC 2019 /home/travis/build/icyphy/ptII/ptolemy/actor/lib/hoc/test/auto/IterateOverArray12.xml
----------------- Instantiating /home/travis/build/icyphy/ptII/ptolemy/actor/lib/hoc/test/auto/IterateOverArray12.xml
19 ms. Memory: 173056K Free: 77300K (45%)
----------------- Invoking toplevel() on ptolemy.moml.MoMLSimpleApplication@743c22db
----------------- Done invoking toplevel() on ptolemy.moml.MoMLSimpleApplication@743c22db
reloadAllAccessors: .IterateOverArray12

===========================================================================================
----------------- testing Sun Jun 23 04:40:39 UTC 2019 /home/travis/build/icyphy/ptII/ptolemy/actor/lib/hoc/test/auto/IterateOverArray13.xml
----------------- Instantiating /home/travis/build/icyphy/ptII/ptolemy/actor/lib/hoc/test/auto/IterateOverArray13.xml
103 ms. Memory: 220160K Free: 196529K (89%)
----------------- Invoking toplevel() on ptolemy.moml.MoMLSimpleApplication@1146baf3
----------------- Done invoking toplevel() on ptolemy.moml.MoMLSimpleApplication@1146baf3
reloadAllAccessors: .IterateOverArray13

===========================================================================================
----------------- testing Sun Jun 23 04:40:39 UTC 2019 /home/travis/build/icyphy/ptII/ptolemy/actor/lib/hoc/test/auto/IterateOverArray14.xml
----------------- Instantiating /home/travis/build/icyphy/ptII/ptolemy/actor/lib/hoc/test/auto/IterateOverArray14.xml
78 ms. Memory: 220160K Free: 163069K (74%)
----------------- Invoking toplevel() on ptolemy.moml.MoMLSimpleApplication@5dc8e6d6
----------------- Done invoking toplevel() on ptolemy.moml.MoMLSimpleApplication@5dc8e6d6
reloadAllAccessors: .IterateOverArray14

===========================================================================================
----------------- testing Sun Jun 23 04:40:39 UTC 2019 /home/travis/build/icyphy/ptII/ptolemy/actor/lib/hoc/test/auto/IterateOverArray2.xml
----------------- Instantiating /home/travis/build/icyphy/ptII/ptolemy/actor/lib/hoc/test/auto/IterateOverArray2.xml
11 ms. Memory: 220160K Free: 158459K (72%)
----------------- Invoking toplevel() on ptolemy.moml.MoMLSimpleApplication@227feca5
----------------- Done invoking toplevel() on ptolemy.moml.MoMLSimpleApplication@227feca5
reloadAllAccessors: .IterateOverArray2

===========================================================================================
----------------- testing Sun Jun 23 04:40:39 UTC 2019 /home/travis/build/icyphy/ptII/ptolemy/actor/lib/hoc/test/auto/IterateOverArray3.xml
----------------- Instantiating /home/travis/build/icyphy/ptII/ptolemy/actor/lib/hoc/test/auto/IterateOverArray3.xml
17 ms. Memory: 220160K Free: 152315K (69%)
----------------- Invoking toplevel() on ptolemy.moml.MoMLSimpleApplication@502924cd
----------------- Done invoking toplevel() on ptolemy.moml.MoMLSimpleApplication@502924cd
reloadAllAccessors: .IterateOverArray3

===========================================================================================
----------------- testing Sun Jun 23 04:40:39 UTC 2019 /home/travis/build/icyphy/ptII/ptolemy/actor/lib/hoc/test/auto/IterateOverArray4.xml
----------------- Instantiating /home/travis/build/icyphy/ptII/ptolemy/actor/lib/hoc/test/auto/IterateOverArray4.xml
5 ms. Memory: 220160K Free: 148733K (68%)
----------------- Invoking toplevel() on ptolemy.moml.MoMLSimpleApplication@60c47240
----------------- Done invoking toplevel() on ptolemy.moml.MoMLSimpleApplication@60c47240
reloadAllAccessors: .IterateOverArray4

===========================================================================================
----------------- testing Sun Jun 23 04:40:39 UTC 2019 /home/travis/build/icyphy/ptII/ptolemy/actor/lib/hoc/test/auto/IterateOverArray5.xml
----------------- Instantiating /home/travis/build/icyphy/ptII/ptolemy/actor/lib/hoc/test/auto/IterateOverArray5.xml
3 ms. Memory: 220160K Free: 144637K (66%)
----------------- Invoking toplevel() on ptolemy.moml.MoMLSimpleApplication@10c98cdf
----------------- Done invoking toplevel() on ptolemy.moml.MoMLSimpleApplication@10c98cdf
reloadAllAccessors: .IterateOverArray5

===========================================================================================
----------------- testing Sun Jun 23 04:40:39 UTC 2019 /home/travis/build/icyphy/ptII/ptolemy/actor/lib/hoc/test/auto/IterateOverArray6.xml
----------------- Instantiating /home/travis/build/icyphy/ptII/ptolemy/actor/lib/hoc/test/auto/IterateOverArray6.xml
3 ms. Memory: 220160K Free: 141565K (64%)
----------------- Invoking toplevel() on ptolemy.moml.MoMLSimpleApplication@2aec187
----------------- Done invoking toplevel() on ptolemy.moml.MoMLSimpleApplication@2aec187
reloadAllAccessors: .IterateOverArray6

===========================================================================================
----------------- testing Sun Jun 23 04:40:39 UTC 2019 /home/travis/build/icyphy/ptII/ptolemy/actor/lib/hoc/test/auto/IterateOverArray7.xml
----------------- Instantiating /home/travis/build/icyphy/ptII/ptolemy/actor/lib/hoc/test/auto/IterateOverArray7.xml
5 ms. Memory: 220160K Free: 136445K (62%)
----------------- Invoking toplevel() on ptolemy.moml.MoMLSimpleApplication@6d2fc69f
----------------- Done invoking toplevel() on ptolemy.moml.MoMLSimpleApplication@6d2fc69f
reloadAllAccessors: .IterateOverArray7

===========================================================================================
----------------- testing Sun Jun 23 04:40:39 UTC 2019 /home/travis/build/icyphy/ptII/ptolemy/actor/lib/hoc/test/auto/IterateOverArray8.xml
----------------- Instantiating /home/travis/build/icyphy/ptII/ptolemy/actor/lib/hoc/test/auto/IterateOverArray8.xml
4 ms. Memory: 220160K Free: 132859K (60%)
----------------- Invoking toplevel() on ptolemy.moml.MoMLSimpleApplication@71dc4841
----------------- Done invoking toplevel() on ptolemy.moml.MoMLSimpleApplication@71dc4841
reloadAllAccessors: .IterateOverArray8

===========================================================================================
----------------- testing Sun Jun 23 04:40:39 UTC 2019 /home/travis/build/icyphy/ptII/ptolemy/actor/lib/hoc/test/auto/IterateOverArray9.xml
----------------- Instantiating /home/travis/build/icyphy/ptII/ptolemy/actor/lib/hoc/test/auto/IterateOverArray9.xml
8 ms. Memory: 220160K Free: 128763K (58%)
----------------- Invoking toplevel() on ptolemy.moml.MoMLSimpleApplication@270d7e83
----------------- Done invoking toplevel() on ptolemy.moml.MoMLSimpleApplication@270d7e83
reloadAllAccessors: .IterateOverArray9

===========================================================================================
----------------- testing Sun Jun 23 04:40:39 UTC 2019 /home/travis/build/icyphy/ptII/ptolemy/actor/lib/hoc/test/auto/IterateOverArrayCoercedOutputType.xml
----------------- Instantiating /home/travis/build/icyphy/ptII/ptolemy/actor/lib/hoc/test/auto/IterateOverArrayCoercedOutputType.xml
7 ms. Memory: 220160K Free: 123643K (56%)
----------------- Invoking toplevel() on ptolemy.moml.MoMLSimpleApplication@6d4b6b00
----------------- Done invoking toplevel() on ptolemy.moml.MoMLSimpleApplication@6d4b6b00
reloadAllAccessors: .IterateOverArrayCoercedOutputType

===========================================================================================
----------------- testing Sun Jun 23 04:40:40 UTC 2019 /home/travis/build/icyphy/ptII/ptolemy/actor/lib/hoc/test/auto/IterateOverArrayInferredOutputType.xml
----------------- Instantiating /home/travis/build/icyphy/ptII/ptolemy/actor/lib/hoc/test/auto/IterateOverArrayInferredOutputType.xml
9 ms. Memory: 220160K Free: 119037K (54%)
----------------- Invoking toplevel() on ptolemy.moml.MoMLSimpleApplication@75f09076
----------------- Done invoking toplevel() on ptolemy.moml.MoMLSimpleApplication@75f09076
reloadAllAccessors: .IterateOverArrayInferredOutputType

===========================================================================================
----------------- testing Sun Jun 23 04:40:40 UTC 2019 /home/travis/build/icyphy/ptII/ptolemy/actor/lib/hoc/test/auto/MobileFunctionTest.xml
----------------- Instantiating /home/travis/build/icyphy/ptII/ptolemy/actor/lib/hoc/test/auto/MobileFunctionTest.xml
4 ms. Memory: 220160K Free: 114397K (52%)
----------------- Invoking toplevel() on ptolemy.moml.MoMLSimpleApplication@66fa52f4
----------------- Done invoking toplevel() on ptolemy.moml.MoMLSimpleApplication@66fa52f4
reloadAllAccessors: .MobileFunctionTest

===========================================================================================
----------------- testing Sun Jun 23 04:40:40 UTC 2019 /home/travis/build/icyphy/ptII/ptolemy/actor/lib/hoc/test/auto/MobileModelTest.xml
----------------- Instantiating /home/travis/build/icyphy/ptII/ptolemy/actor/lib/hoc/test/auto/MobileModelTest.xml
144 ms. Memory: 220160K Free: 93933K (43%)
----------------- Invoking toplevel() on ptolemy.moml.MoMLSimpleApplication@7b28dfde
----------------- Done invoking toplevel() on ptolemy.moml.MoMLSimpleApplication@7b28dfde
reloadAllAccessors: .MobileModelTest

===========================================================================================
----------------- testing Sun Jun 23 04:40:40 UTC 2019 /home/travis/build/icyphy/ptII/ptolemy/actor/lib/hoc/test/auto/ModelReference.xml
----------------- Instantiating /home/travis/build/icyphy/ptII/ptolemy/actor/lib/hoc/test/auto/ModelReference.xml
2 ms. Memory: 220160K Free: 87293K (40%)
5 ms. Memory: 220160K Free: 86749K (39%)
2 ms. Memory: 220160K Free: 85741K (39%)
2 ms. Memory: 220160K Free: 84717K (38%)
1 ms. Memory: 220160K Free: 84221K (38%)
2 ms. Memory: 220160K Free: 83197K (38%)
2 ms. Memory: 220160K Free: 82653K (38%)
1 ms. Memory: 220160K Free: 81645K (37%)
1 ms. Memory: 220160K Free: 80621K (37%)
1 ms. Memory: 220160K Free: 80125K (36%)
30 ms. Memory: 220160K Free: 80125K (36%)
----------------- Invoking toplevel() on ptolemy.moml.MoMLSimpleApplication@8844e40
----------------- Done invoking toplevel() on ptolemy.moml.MoMLSimpleApplication@8844e40
reloadAllAccessors: .ModelReference

===========================================================================================
----------------- testing Sun Jun 23 04:40:40 UTC 2019 /home/travis/build/icyphy/ptII/ptolemy/actor/lib/hoc/test/auto/ModelReference3.xml
----------------- Instantiating /home/travis/build/icyphy/ptII/ptolemy/actor/lib/hoc/test/auto/ModelReference3.xml
2 ms. Memory: 220160K Free: 200782K (91%)
2 ms. Memory: 220160K Free: 200272K (91%)
1 ms. Memory: 220160K Free: 199248K (91%)
2 ms. Memory: 220160K Free: 198224K (90%)
2 ms. Memory: 220160K Free: 197696K (90%)
2 ms. Memory: 220160K Free: 196672K (89%)
2 ms. Memory: 220160K Free: 196176K (89%)
2 ms. Memory: 220160K Free: 195152K (89%)
2 ms. Memory: 220160K Free: 194128K (88%)
1 ms. Memory: 220160K Free: 193600K (88%)
23 ms. Memory: 220160K Free: 193600K (88%)
----------------- Invoking toplevel() on ptolemy.moml.MoMLSimpleApplication@5803bbfa
----------------- Done invoking toplevel() on ptolemy.moml.MoMLSimpleApplication@5803bbfa
reloadAllAccessors: .ModelReference3

===========================================================================================
----------------- testing Sun Jun 23 04:40:40 UTC 2019 /home/travis/build/icyphy/ptII/ptolemy/actor/lib/hoc/test/auto/ModelReference4.xml
----------------- Instantiating /home/travis/build/icyphy/ptII/ptolemy/actor/lib/hoc/test/auto/ModelReference4.xml
3 ms. Memory: 220160K Free: 189008K (86%)
2 ms. Memory: 220160K Free: 187464K (85%)
4 ms. Memory: 220160K Free: 186432K (85%)
3 ms. Memory: 220160K Free: 185422K (84%)
2 ms. Memory: 220160K Free: 183888K (84%)
3 ms. Memory: 220160K Free: 182864K (83%)
6 ms. Memory: 220160K Free: 181320K (82%)
3 ms. Memory: 220160K Free: 180288K (82%)
3 ms. Memory: 220160K Free: 178768K (81%)
3 ms. Memory: 220160K Free: 177744K (81%)
10021 ms. Memory: 220160K Free: 177744K (81%)
----------------- Invoking toplevel() on ptolemy.moml.MoMLSimpleApplication@c47ecbc
----------------- Done invoking toplevel() on ptolemy.moml.MoMLSimpleApplication@c47ecbc
reloadAllAccessors: .ModelReference4

===========================================================================================
----------------- testing Sun Jun 23 04:40:50 UTC 2019 /home/travis/build/icyphy/ptII/ptolemy/actor/lib/hoc/test/auto/MultiInstanceComposite.xml
----------------- Instantiating /home/travis/build/icyphy/ptII/ptolemy/actor/lib/hoc/test/auto/MultiInstanceComposite.xml
30 ms. Memory: 220160K Free: 158798K (72%)
----------------- Invoking toplevel() on ptolemy.moml.MoMLSimpleApplication@9dedc49
----------------- Done invoking toplevel() on ptolemy.moml.MoMLSimpleApplication@9dedc49
reloadAllAccessors: .MultiInstanceComposite

===========================================================================================
----------------- testing Sun Jun 23 04:40:50 UTC 2019 /home/travis/build/icyphy/ptII/ptolemy/actor/lib/hoc/test/auto/MultiInstanceComposite2.xml
----------------- Instantiating /home/travis/build/icyphy/ptII/ptolemy/actor/lib/hoc/test/auto/MultiInstanceComposite2.xml
32 ms. Memory: 220160K Free: 147534K (67%)
----------------- Invoking toplevel() on ptolemy.moml.MoMLSimpleApplication@769b38b8
----------------- Done invoking toplevel() on ptolemy.moml.MoMLSimpleApplication@769b38b8
reloadAllAccessors: .MultiInstanceComposite2

===========================================================================================
----------------- testing Sun Jun 23 04:40:50 UTC 2019 /home/travis/build/icyphy/ptII/ptolemy/actor/lib/hoc/test/auto/MulticoreExecution.xml
----------------- Instantiating /home/travis/build/icyphy/ptII/ptolemy/actor/lib/hoc/test/auto/MulticoreExecution.xml
Fired ExecutionTime: 4000000
Fired ExecutionTime: 1600000
Fired ExecutionTime: 2000000
Fired ExecutionTime: 3600000
Fired ExecutionTime: 2000000
Fired ExecutionTime: 4000000
Fired ExecutionTime: 2000000
Fired ExecutionTime: 4000000
Fired ExecutionTime: 2800000
Fired ExecutionTime: 2800000
Fired ExecutionTime: 2800000
Fired ExecutionTime: 2800000
Fired ExecutionTime: 2400000
Fired ExecutionTime: 3200000
Fired ExecutionTime: 2800000
Fired ExecutionTime: 2800000
Fired ExecutionTime: 46400000
Fired ExecutionTime: 80400000
Fired ExecutionTime: 55200000
Fired ExecutionTime: 50800000
1117 ms. Memory: 220160K Free: 138832K (63%)
----------------- Invoking toplevel() on ptolemy.moml.MoMLSimpleApplication@2a005a3f
----------------- Done invoking toplevel() on ptolemy.moml.MoMLSimpleApplication@2a005a3f
reloadAllAccessors: .MulticoreExecution

===========================================================================================
----------------- testing Sun Jun 23 04:40:51 UTC 2019 /home/travis/build/icyphy/ptII/ptolemy/actor/lib/hoc/test/auto/ParallelExecution.xml
----------------- Instantiating /home/travis/build/icyphy/ptII/ptolemy/actor/lib/hoc/test/auto/ParallelExecution.xml
913 ms. Memory: 220160K Free: 131150K (60%)
----------------- Invoking toplevel() on ptolemy.moml.MoMLSimpleApplication@3989b639
----------------- Done invoking toplevel() on ptolemy.moml.MoMLSimpleApplication@3989b639
reloadAllAccessors: .ParallelExecution

===========================================================================================
----------------- testing Sun Jun 23 04:40:52 UTC 2019 /home/travis/build/icyphy/ptII/ptolemy/actor/lib/hoc/test/auto/RunCompositeActor.xml
----------------- Instantiating /home/travis/build/icyphy/ptII/ptolemy/actor/lib/hoc/test/auto/RunCompositeActor.xml
7 ms. Memory: 220160K Free: 123976K (56%)
----------------- Invoking toplevel() on ptolemy.moml.MoMLSimpleApplication@47363de3
----------------- Done invoking toplevel() on ptolemy.moml.MoMLSimpleApplication@47363de3
reloadAllAccessors: .RunCompositeActor

===========================================================================================
----------------- testing Sun Jun 23 04:40:52 UTC 2019 /home/travis/build/icyphy/ptII/ptolemy/actor/lib/hoc/test/auto/RunCompositeActor2.xml
----------------- Instantiating /home/travis/build/icyphy/ptII/ptolemy/actor/lib/hoc/test/auto/RunCompositeActor2.xml
9 ms. Memory: 220160K Free: 118352K (54%)
----------------- Invoking toplevel() on ptolemy.moml.MoMLSimpleApplication@5879e0a8
----------------- Done invoking toplevel() on ptolemy.moml.MoMLSimpleApplication@5879e0a8
reloadAllAccessors: .RunCompositeActor2

===========================================================================================
----------------- testing Sun Jun 23 04:40:52 UTC 2019 /home/travis/build/icyphy/ptII/ptolemy/actor/lib/hoc/test/auto/RunCompositeActor3.xml
----------------- Instantiating /home/travis/build/icyphy/ptII/ptolemy/actor/lib/hoc/test/auto/RunCompositeActor3.xml
4 ms. Memory: 220160K Free: 112704K (51%)
----------------- Invoking toplevel() on ptolemy.moml.MoMLSimpleApplication@7e140d11
----------------- Done invoking toplevel() on ptolemy.moml.MoMLSimpleApplication@7e140d11
reloadAllAccessors: .RunCompositeActor3

===========================================================================================
----------------- testing Sun Jun 23 04:40:52 UTC 2019 /home/travis/build/icyphy/ptII/ptolemy/actor/lib/hoc/test/auto/RunCompositeActor4.xml
----------------- Instantiating /home/travis/build/icyphy/ptII/ptolemy/actor/lib/hoc/test/auto/RunCompositeActor4.xml
13 ms. Memory: 220160K Free: 104526K (47%)
----------------- Invoking toplevel() on ptolemy.moml.MoMLSimpleApplication@5bfc7594
----------------- Done invoking toplevel() on ptolemy.moml.MoMLSimpleApplication@5bfc7594
reloadAllAccessors: .RunCompositeActor4

===========================================================================================
----------------- testing Sun Jun 23 04:40:52 UTC 2019 /home/travis/build/icyphy/ptII/ptolemy/actor/lib/hoc/test/auto/RunCompositeIterateOverArray.xml
----------------- Instantiating /home/travis/build/icyphy/ptII/ptolemy/actor/lib/hoc/test/auto/RunCompositeIterateOverArray.xml
5 ms. Memory: 220160K Free: 98382K (45%)
----------------- Invoking toplevel() on ptolemy.moml.MoMLSimpleApplication@2947d6ca
----------------- Done invoking toplevel() on ptolemy.moml.MoMLSimpleApplication@2947d6ca
reloadAllAccessors: .RunCompositeIterateOverArray

===========================================================================================
----------------- testing Sun Jun 23 04:40:52 UTC 2019 /home/travis/build/icyphy/ptII/ptolemy/actor/lib/hoc/test/auto/ThreadedJS.xml
----------------- Instantiating /home/travis/build/icyphy/ptII/ptolemy/actor/lib/hoc/test/auto/ThreadedJS.xml
6462 ms. Memory: 317440K Free: 240640K (76%)
----------------- Invoking toplevel() on ptolemy.moml.MoMLSimpleApplication@73b857d4
----------------- Done invoking toplevel() on ptolemy.moml.MoMLSimpleApplication@73b857d4
reloadAllAccessors: .ThreadedJS
AutoTests.java: About to close Vertx.
AutoTests.java: Vertx closed.
]]></system-out>
  <system-err><![CDATA[java.lang.RuntimeException: Execution failed
	at ptolemy.moml.MoMLSimpleApplication$UnloadThread.run(MoMLSimpleApplication.java:402)
Caused by: ptolemy.kernel.util.IllegalActionException: initialize() was called after wrapup() was called but preinitialize() was not called after wrapup().
	at ptolemy.actor.lib.hoc.test.PreinitializeMustBeInvoked.initialize(PreinitializeMustBeInvoked.java:78)
	at ptolemy.actor.Director.initialize(Director.java:938)
	at ptolemy.actor.Director.initialize(Director.java:907)
	at ptolemy.actor.sched.StaticSchedulingDirector.initialize(StaticSchedulingDirector.java:159)
	at ptolemy.domains.sdf.kernel.SDFDirector.initialize(SDFDirector.java:544)
	at ptolemy.actor.CompositeActor.initialize(CompositeActor.java:935)
	at ptolemy.actor.lib.hoc.LifeCycleManager._executeInsideModel(LifeCycleManager.java:339)
	at ptolemy.actor.lib.hoc.RunCompositeActor.fire(RunCompositeActor.java:205)
	at ptolemy.actor.CompositeActor.iterate(CompositeActor.java:1146)
	at ptolemy.actor.sched.StaticSchedulingDirector.fire(StaticSchedulingDirector.java:216)
	at ptolemy.domains.sdf.kernel.SDFDirector.fire(SDFDirector.java:500)
	at ptolemy.actor.CompositeActor.fire(CompositeActor.java:455)
	at ptolemy.actor.Manager.iterate(Manager.java:851)
	at ptolemy.actor.Manager.execute(Manager.java:369)
	at ptolemy.actor.Manager.run(Manager.java:1263)
	at ptolemy.actor.Manager$PtolemyRunThread.run(Manager.java:1915)
java.lang.reflect.InvocationTargetException
	at java.base/jdk.internal.reflect.NativeConstructorAccessorImpl.newInstance0(Native Method)
	at java.base/jdk.internal.reflect.NativeConstructorAccessorImpl.newInstance(NativeConstructorAccessorImpl.java:62)
	at java.base/jdk.internal.reflect.DelegatingConstructorAccessorImpl.newInstance(DelegatingConstructorAccessorImpl.java:45)
	at java.base/java.lang.reflect.Constructor.newInstance(Constructor.java:490)
	at ptolemy.util.test.junit.AutoKnownFailedTests.RunModel(AutoKnownFailedTests.java:105)
	at java.base/jdk.internal.reflect.NativeMethodAccessorImpl.invoke0(Native Method)
	at java.base/jdk.internal.reflect.NativeMethodAccessorImpl.invoke(NativeMethodAccessorImpl.java:62)
	at java.base/jdk.internal.reflect.DelegatingMethodAccessorImpl.invoke(DelegatingMethodAccessorImpl.java:43)
	at java.base/java.lang.reflect.Method.invoke(Method.java:566)
	at org.junit.runners.model.FrameworkMethod$1.runReflectiveCall(FrameworkMethod.java:44)
	at org.junit.internal.runners.model.ReflectiveCallable.run(ReflectiveCallable.java:15)
	at org.junit.runners.model.FrameworkMethod.invokeExplosively(FrameworkMethod.java:41)
	at junitparams.internal.InvokeParameterisedMethod.evaluate(InvokeParameterisedMethod.java:102)
	at org.junit.internal.runners.statements.FailOnTimeout$1.run(FailOnTimeout.java:28)
Caused by: ptolemy.kernel.util.IllegalActionException: initialize() was called after wrapup() was called but preinitialize() was not called after wrapup().
	at ptolemy.actor.lib.hoc.test.PreinitializeMustBeInvoked.initialize(PreinitializeMustBeInvoked.java:78)
	at ptolemy.actor.Director.initialize(Director.java:938)
	at ptolemy.actor.Director.initialize(Director.java:907)
	at ptolemy.actor.sched.StaticSchedulingDirector.initialize(StaticSchedulingDirector.java:159)
	at ptolemy.domains.sdf.kernel.SDFDirector.initialize(SDFDirector.java:544)
	at ptolemy.actor.CompositeActor.initialize(CompositeActor.java:935)
	at ptolemy.actor.lib.hoc.LifeCycleManager._executeInsideModel(LifeCycleManager.java:339)
	at ptolemy.actor.lib.hoc.RunCompositeActor.fire(RunCompositeActor.java:205)
	at ptolemy.actor.CompositeActor.iterate(CompositeActor.java:1146)
	at ptolemy.actor.sched.StaticSchedulingDirector.fire(StaticSchedulingDirector.java:216)
	at ptolemy.domains.sdf.kernel.SDFDirector.fire(SDFDirector.java:500)
	at ptolemy.actor.CompositeActor.fire(CompositeActor.java:455)
	at ptolemy.actor.Manager.iterate(Manager.java:851)
	at ptolemy.actor.Manager.execute(Manager.java:369)
	at ptolemy.actor.Manager.run(Manager.java:1263)
	at ptolemy.actor.Manager$PtolemyRunThread.run(Manager.java:1915)
Warning: Nashorn engine is planned to be removed from a future JDK release
Warning: Nashorn engine is planned to be removed from a future JDK release
Warning: Nashorn engine is planned to be removed from a future JDK release
Warning: Nashorn engine is planned to be removed from a future JDK release
Warning: Nashorn engine is planned to be removed from a future JDK release
Warning: Nashorn engine is planned to be removed from a future JDK release
Warning: Nashorn engine is planned to be removed from a future JDK release
Warning: Nashorn engine is planned to be removed from a future JDK release
]]></system-err>
</testsuite>
