<?xml version="1.0" encoding="UTF-8" ?>
<testsuite errors="0" failures="0" hostname="travis-job-878d5f4f-62ab-4fd0-92c1-374e39b8f7b4" name="ptolemy.domains.continuous.test.junit.JUnitTclTest" skipped="0" tests="156" time="70.921" timestamp="2019-03-18T04:33:23">
  <properties>
[...]
</properties>
  <testcase classname="ptolemy.util.test.junit.TclTests" name="[0] ThereAreNoTclTests (RunTclFile)" time="0.001" />
  <testcase classname="ptolemy.util.test.junit.AutoKnownFailedTests" name="[0] ThereAreNoKnowFailedTests (RunModel)" time="0.017" />
  <testcase classname="ptolemy.util.test.junit.AutoNameArchTests" name="[0] ThereAreNoAutoArchTests (RunModel)" time="0.002" />
  <testcase classname="ptolemy.util.test.junit.AutoTests" name="[0] /home/travis/build/icyphy/ptII/ptolemy/domains/continuous/test/auto/BouncingBall.xml (RunModel)" time="2.757" />
  <testcase classname="ptolemy.util.test.junit.AutoTests" name="[1] /home/travis/build/icyphy/ptII/ptolemy/domains/continuous/test/auto/BouncingBallWithoutGR.xml (RunModel)" time="0.99" />
  <testcase classname="ptolemy.util.test.junit.AutoTests" name="[2] /home/travis/build/icyphy/ptII/ptolemy/domains/continuous/test/auto/Brownian.xml (RunModel)" time="0.113" />
  <testcase classname="ptolemy.util.test.junit.AutoTests" name="[3] /home/travis/build/icyphy/ptII/ptolemy/domains/continuous/test/auto/CarTracking.xml (RunModel)" time="3.635" />
  <testcase classname="ptolemy.util.test.junit.AutoTests" name="[4] /home/travis/build/icyphy/ptII/ptolemy/domains/continuous/test/auto/CartPendulum.xml (RunModel)" time="0.556" />
  <testcase classname="ptolemy.util.test.junit.AutoTests" name="[5] /home/travis/build/icyphy/ptII/ptolemy/domains/continuous/test/auto/CausalityInterface10.xml (RunModel)" time="0.048" />
  <testcase classname="ptolemy.util.test.junit.AutoTests" name="[6] /home/travis/build/icyphy/ptII/ptolemy/domains/continuous/test/auto/CausalityInterface11.xml (RunModel)" time="0.035" />
  <testcase classname="ptolemy.util.test.junit.AutoTests" name="[7] /home/travis/build/icyphy/ptII/ptolemy/domains/continuous/test/auto/CausalityInterface12.xml (RunModel)" time="0.034" />
  <testcase classname="ptolemy.util.test.junit.AutoTests" name="[8] /home/travis/build/icyphy/ptII/ptolemy/domains/continuous/test/auto/CausalityInterface13.xml (RunModel)" time="0.04" />
  <testcase classname="ptolemy.util.test.junit.AutoTests" name="[9] /home/travis/build/icyphy/ptII/ptolemy/domains/continuous/test/auto/CausalityInterface14.xml (RunModel)" time="0.028" />
  <testcase classname="ptolemy.util.test.junit.AutoTests" name="[10] /home/travis/build/icyphy/ptII/ptolemy/domains/continuous/test/auto/CausalityInterface4.xml (RunModel)" time="0.034" />
  <testcase classname="ptolemy.util.test.junit.AutoTests" name="[11] /home/travis/build/icyphy/ptII/ptolemy/domains/continuous/test/auto/CausalityInterface5.xml (RunModel)" time="0.046" />
  <testcase classname="ptolemy.util.test.junit.AutoTests" name="[12] /home/travis/build/icyphy/ptII/ptolemy/domains/continuous/test/auto/CausalityInterface6.xml (RunModel)" time="0.023" />
  <testcase classname="ptolemy.util.test.junit.AutoTests" name="[13] /home/travis/build/icyphy/ptII/ptolemy/domains/continuous/test/auto/CausalityInterface7.xml (RunModel)" time="0.036" />
  <testcase classname="ptolemy.util.test.junit.AutoTests" name="[14] /home/travis/build/icyphy/ptII/ptolemy/domains/continuous/test/auto/CausalityInterface8.xml (RunModel)" time="0.042" />
  <testcase classname="ptolemy.util.test.junit.AutoTests" name="[15] /home/travis/build/icyphy/ptII/ptolemy/domains/continuous/test/auto/CausalityInterface9.xml (RunModel)" time="0.049" />
  <testcase classname="ptolemy.util.test.junit.AutoTests" name="[16] /home/travis/build/icyphy/ptII/ptolemy/domains/continuous/test/auto/CausalityInterfaceFeedback1.xml (RunModel)" time="0.029" />
  <testcase classname="ptolemy.util.test.junit.AutoTests" name="[17] /home/travis/build/icyphy/ptII/ptolemy/domains/continuous/test/auto/CausalityInterfaceFeedback2.xml (RunModel)" time="0.025" />
  <testcase classname="ptolemy.util.test.junit.AutoTests" name="[18] /home/travis/build/icyphy/ptII/ptolemy/domains/continuous/test/auto/CompareWithCurrentTime.xml (RunModel)" time="0.025" />
  <testcase classname="ptolemy.util.test.junit.AutoTests" name="[19] /home/travis/build/icyphy/ptII/ptolemy/domains/continuous/test/auto/ComparedClocks.xml (RunModel)" time="0.082" />
  <testcase classname="ptolemy.util.test.junit.AutoTests" name="[20] /home/travis/build/icyphy/ptII/ptolemy/domains/continuous/test/auto/ContinuousAOCClone.xml (RunModel)" time="2.665" />
  <testcase classname="ptolemy.util.test.junit.AutoTests" name="[21] /home/travis/build/icyphy/ptII/ptolemy/domains/continuous/test/auto/ContinuousClock.xml (RunModel)" time="0.114" />
  <testcase classname="ptolemy.util.test.junit.AutoTests" name="[22] /home/travis/build/icyphy/ptII/ptolemy/domains/continuous/test/auto/ContinuousInContinuous.xml (RunModel)" time="0.101" />
  <testcase classname="ptolemy.util.test.junit.AutoTests" name="[23] /home/travis/build/icyphy/ptII/ptolemy/domains/continuous/test/auto/ContinuousInContinuousInContinuous.xml (RunModel)" time="0.028" />
  <testcase classname="ptolemy.util.test.junit.AutoTests" name="[24] /home/travis/build/icyphy/ptII/ptolemy/domains/continuous/test/auto/ContinuousInDE.xml (RunModel)" time="0.149" />
  <testcase classname="ptolemy.util.test.junit.AutoTests" name="[25] /home/travis/build/icyphy/ptII/ptolemy/domains/continuous/test/auto/ContinuousInDE2.xml (RunModel)" time="0.067" />
  <testcase classname="ptolemy.util.test.junit.AutoTests" name="[26] /home/travis/build/icyphy/ptII/ptolemy/domains/continuous/test/auto/ContinuousInDE3.xml (RunModel)" time="0.066" />
  <testcase classname="ptolemy.util.test.junit.AutoTests" name="[27] /home/travis/build/icyphy/ptII/ptolemy/domains/continuous/test/auto/ContinuousInDE4.xml (RunModel)" time="0.037" />
  <testcase classname="ptolemy.util.test.junit.AutoTests" name="[28] /home/travis/build/icyphy/ptII/ptolemy/domains/continuous/test/auto/ContinuousInDEDifferentRefinements.xml (RunModel)" time="0.112" />
  <testcase classname="ptolemy.util.test.junit.AutoTests" name="[29] /home/travis/build/icyphy/ptII/ptolemy/domains/continuous/test/auto/ContinuousInDEDifferentRefinementsPreemptive.xml (RunModel)" time="0.113" />
  <testcase classname="ptolemy.util.test.junit.AutoTests" name="[30] /home/travis/build/icyphy/ptII/ptolemy/domains/continuous/test/auto/ContinuousInDEInContinuous2.xml (RunModel)" time="0.065" />
  <testcase classname="ptolemy.util.test.junit.AutoTests" name="[31] /home/travis/build/icyphy/ptII/ptolemy/domains/continuous/test/auto/ContinuousInDEInContinuous3.xml (RunModel)" time="0.072" />
  <testcase classname="ptolemy.util.test.junit.AutoTests" name="[32] /home/travis/build/icyphy/ptII/ptolemy/domains/continuous/test/auto/ContinuousInDEInput.xml (RunModel)" time="0.036" />
  <testcase classname="ptolemy.util.test.junit.AutoTests" name="[33] /home/travis/build/icyphy/ptII/ptolemy/domains/continuous/test/auto/ContinuousInDEInput2.xml (RunModel)" time="0.04" />
  <testcase classname="ptolemy.util.test.junit.AutoTests" name="[34] /home/travis/build/icyphy/ptII/ptolemy/domains/continuous/test/auto/ContinuousInDEInput3.xml (RunModel)" time="0.041" />
  <testcase classname="ptolemy.util.test.junit.AutoTests" name="[35] /home/travis/build/icyphy/ptII/ptolemy/domains/continuous/test/auto/ContinuousInDESharingRefinement.xml (RunModel)" time="0.178" />
  <testcase classname="ptolemy.util.test.junit.AutoTests" name="[36] /home/travis/build/icyphy/ptII/ptolemy/domains/continuous/test/auto/ContinuousInDEwithNoPorts.xml (RunModel)" time="0.037" />
  <testcase classname="ptolemy.util.test.junit.AutoTests" name="[37] /home/travis/build/icyphy/ptII/ptolemy/domains/continuous/test/auto/ContinuousInsideDE.xml (RunModel)" time="0.07" />
  <testcase classname="ptolemy.util.test.junit.AutoTests" name="[38] /home/travis/build/icyphy/ptII/ptolemy/domains/continuous/test/auto/ContinuousMerge1.xml (RunModel)" time="0.02" />
  <testcase classname="ptolemy.util.test.junit.AutoTests" name="[39] /home/travis/build/icyphy/ptII/ptolemy/domains/continuous/test/auto/ContinuousMerge2.xml (RunModel)" time="0.061" />
  <testcase classname="ptolemy.util.test.junit.AutoTests" name="[40] /home/travis/build/icyphy/ptII/ptolemy/domains/continuous/test/auto/ContinuousMerge3.xml (RunModel)" time="0.073" />
  <testcase classname="ptolemy.util.test.junit.AutoTests" name="[41] /home/travis/build/icyphy/ptII/ptolemy/domains/continuous/test/auto/ContinuousWithinContinuous.xml (RunModel)" time="0.06" />
  <testcase classname="ptolemy.util.test.junit.AutoTests" name="[42] /home/travis/build/icyphy/ptII/ptolemy/domains/continuous/test/auto/ContinuousWithinContinuous2.xml (RunModel)" time="0.087" />
  <testcase classname="ptolemy.util.test.junit.AutoTests" name="[43] /home/travis/build/icyphy/ptII/ptolemy/domains/continuous/test/auto/ContinuousWithinContinuous3.xml (RunModel)" time="0.028" />
  <testcase classname="ptolemy.util.test.junit.AutoTests" name="[44] /home/travis/build/icyphy/ptII/ptolemy/domains/continuous/test/auto/ContinuousWithinContinuous4.xml (RunModel)" time="0.08" />
  <testcase classname="ptolemy.util.test.junit.AutoTests" name="[45] /home/travis/build/icyphy/ptII/ptolemy/domains/continuous/test/auto/ContinuousWithinContinuous5.xml (RunModel)" time="0.028" />
  <testcase classname="ptolemy.util.test.junit.AutoTests" name="[46] /home/travis/build/icyphy/ptII/ptolemy/domains/continuous/test/auto/ContinuousWithinContinuous6.xml (RunModel)" time="0.029" />
  <testcase classname="ptolemy.util.test.junit.AutoTests" name="[47] /home/travis/build/icyphy/ptII/ptolemy/domains/continuous/test/auto/ContinuousWithinContinuous7.xml (RunModel)" time="0.066" />
  <testcase classname="ptolemy.util.test.junit.AutoTests" name="[48] /home/travis/build/icyphy/ptII/ptolemy/domains/continuous/test/auto/DCMotor.xml (RunModel)" time="11.92" />
  <testcase classname="ptolemy.util.test.junit.AutoTests" name="[49] /home/travis/build/icyphy/ptII/ptolemy/domains/continuous/test/auto/DEInContinuous.xml (RunModel)" time="0.018" />
  <testcase classname="ptolemy.util.test.junit.AutoTests" name="[50] /home/travis/build/icyphy/ptII/ptolemy/domains/continuous/test/auto/DEinContinuous2.xml (RunModel)" time="0.022" />
  <testcase classname="ptolemy.util.test.junit.AutoTests" name="[51] /home/travis/build/icyphy/ptII/ptolemy/domains/continuous/test/auto/Derivative.xml (RunModel)" time="0.215" />
  <testcase classname="ptolemy.util.test.junit.AutoTests" name="[52] /home/travis/build/icyphy/ptII/ptolemy/domains/continuous/test/auto/Derivative1.xml (RunModel)" time="0.049" />
  <testcase classname="ptolemy.util.test.junit.AutoTests" name="[53] /home/travis/build/icyphy/ptII/ptolemy/domains/continuous/test/auto/DiscreteClock.xml (RunModel)" time="0.018" />
  <testcase classname="ptolemy.util.test.junit.AutoTests" name="[54] /home/travis/build/icyphy/ptII/ptolemy/domains/continuous/test/auto/EfficiencyCurve.xml (RunModel)" time="0.098" />
  <testcase classname="ptolemy.util.test.junit.AutoTests" name="[55] /home/travis/build/icyphy/ptII/ptolemy/domains/continuous/test/auto/ExponentialResponse.xml (RunModel)" time="0.131" />
  <testcase classname="ptolemy.util.test.junit.AutoTests" name="[56] /home/travis/build/icyphy/ptII/ptolemy/domains/continuous/test/auto/ExponentialResponseRK45.xml (RunModel)" time="0.032" />
  <testcase classname="ptolemy.util.test.junit.AutoTests" name="[57] /home/travis/build/icyphy/ptII/ptolemy/domains/continuous/test/auto/Friction.xml (RunModel)" time="1.452" />
  <testcase classname="ptolemy.util.test.junit.AutoTests" name="[58] /home/travis/build/icyphy/ptII/ptolemy/domains/continuous/test/auto/FurutaPendulum.xml (RunModel)" time="3.304" />
  <testcase classname="ptolemy.util.test.junit.AutoTests" name="[59] /home/travis/build/icyphy/ptII/ptolemy/domains/continuous/test/auto/HierarchicalExecution.xml (RunModel)" time="1.854" />
  <testcase classname="ptolemy.util.test.junit.AutoTests" name="[60] /home/travis/build/icyphy/ptII/ptolemy/domains/continuous/test/auto/HybridPlant.xml (RunModel)" time="0.553" />
  <testcase classname="ptolemy.util.test.junit.AutoTests" name="[61] /home/travis/build/icyphy/ptII/ptolemy/domains/continuous/test/auto/Hysteresis.xml (RunModel)" time="0.163" />
  <testcase classname="ptolemy.util.test.junit.AutoTests" name="[62] /home/travis/build/icyphy/ptII/ptolemy/domains/continuous/test/auto/HysteresisWithRandomDelay.xml (RunModel)" time="0.225" />
  <testcase classname="ptolemy.util.test.junit.AutoTests" name="[63] /home/travis/build/icyphy/ptII/ptolemy/domains/continuous/test/auto/HysteresisWithRandomLosses.xml (RunModel)" time="2.178" />
  <testcase classname="ptolemy.util.test.junit.AutoTests" name="[64] /home/travis/build/icyphy/ptII/ptolemy/domains/continuous/test/auto/ImmediateTransitions.xml (RunModel)" time="0.024" />
  <testcase classname="ptolemy.util.test.junit.AutoTests" name="[65] /home/travis/build/icyphy/ptII/ptolemy/domains/continuous/test/auto/ImpulseFeedback.xml (RunModel)" time="0.027" />
  <testcase classname="ptolemy.util.test.junit.AutoTests" name="[66] /home/travis/build/icyphy/ptII/ptolemy/domains/continuous/test/auto/ImpulseFeedback2.xml (RunModel)" time="0.016" />
  <testcase classname="ptolemy.util.test.junit.AutoTests" name="[67] /home/travis/build/icyphy/ptII/ptolemy/domains/continuous/test/auto/IncreasingRatePoisson.xml (RunModel)" time="0.694" />
  <testcase classname="ptolemy.util.test.junit.AutoTests" name="[68] /home/travis/build/icyphy/ptII/ptolemy/domains/continuous/test/auto/InitialStateFeedback.xml (RunModel)" time="0.023" />
  <testcase classname="ptolemy.util.test.junit.AutoTests" name="[69] /home/travis/build/icyphy/ptII/ptolemy/domains/continuous/test/auto/Integration.xml (RunModel)" time="0.013" />
  <testcase classname="ptolemy.util.test.junit.AutoTests" name="[70] /home/travis/build/icyphy/ptII/ptolemy/domains/continuous/test/auto/Integration2.xml (RunModel)" time="0.096" />
  <testcase classname="ptolemy.util.test.junit.AutoTests" name="[71] /home/travis/build/icyphy/ptII/ptolemy/domains/continuous/test/auto/Integration3.xml (RunModel)" time="0.014" />
  <testcase classname="ptolemy.util.test.junit.AutoTests" name="[72] /home/travis/build/icyphy/ptII/ptolemy/domains/continuous/test/auto/Integration5.xml (RunModel)" time="0.019" />
  <testcase classname="ptolemy.util.test.junit.AutoTests" name="[73] /home/travis/build/icyphy/ptII/ptolemy/domains/continuous/test/auto/IntegratorImpulse.xml (RunModel)" time="0.019" />
  <testcase classname="ptolemy.util.test.junit.AutoTests" name="[74] /home/travis/build/icyphy/ptII/ptolemy/domains/continuous/test/auto/IntegratorImpulse2.xml (RunModel)" time="0.011" />
  <testcase classname="ptolemy.util.test.junit.AutoTests" name="[75] /home/travis/build/icyphy/ptII/ptolemy/domains/continuous/test/auto/LevelCrossing1.xml (RunModel)" time="0.011" />
  <testcase classname="ptolemy.util.test.junit.AutoTests" name="[76] /home/travis/build/icyphy/ptII/ptolemy/domains/continuous/test/auto/LevelCrossing2.xml (RunModel)" time="0.016" />
  <testcase classname="ptolemy.util.test.junit.AutoTests" name="[77] /home/travis/build/icyphy/ptII/ptolemy/domains/continuous/test/auto/LevelCrossing3.xml (RunModel)" time="0.012" />
  <testcase classname="ptolemy.util.test.junit.AutoTests" name="[78] /home/travis/build/icyphy/ptII/ptolemy/domains/continuous/test/auto/LevelCrossing4.xml (RunModel)" time="0.012" />
  <testcase classname="ptolemy.util.test.junit.AutoTests" name="[79] /home/travis/build/icyphy/ptII/ptolemy/domains/continuous/test/auto/LevelCrossing5.xml (RunModel)" time="0.011" />
  <testcase classname="ptolemy.util.test.junit.AutoTests" name="[80] /home/travis/build/icyphy/ptII/ptolemy/domains/continuous/test/auto/LevelCrossing6.xml (RunModel)" time="0.011" />
  <testcase classname="ptolemy.util.test.junit.AutoTests" name="[81] /home/travis/build/icyphy/ptII/ptolemy/domains/continuous/test/auto/LevelCrossingDetector.xml (RunModel)" time="0.032" />
  <testcase classname="ptolemy.util.test.junit.AutoTests" name="[82] /home/travis/build/icyphy/ptII/ptolemy/domains/continuous/test/auto/LevelCrossingDetectorDetectingDirections.xml (RunModel)" time="0.071" />
  <testcase classname="ptolemy.util.test.junit.AutoTests" name="[83] /home/travis/build/icyphy/ptII/ptolemy/domains/continuous/test/auto/LevelCrossingDetectorDetectsGlitches.xml (RunModel)" time="0.067" />
  <testcase classname="ptolemy.util.test.junit.AutoTests" name="[84] /home/travis/build/icyphy/ptII/ptolemy/domains/continuous/test/auto/LevelCrossingNoInitialOuput.xml (RunModel)" time="0.016" />
  <testcase classname="ptolemy.util.test.junit.AutoTests" name="[85] /home/travis/build/icyphy/ptII/ptolemy/domains/continuous/test/auto/LinearStateSpaceExample.xml (RunModel)" time="0.043" />
  <testcase classname="ptolemy.util.test.junit.AutoTests" name="[86] /home/travis/build/icyphy/ptII/ptolemy/domains/continuous/test/auto/Lorenz.xml (RunModel)" time="3.966" />
  <testcase classname="ptolemy.util.test.junit.AutoTests" name="[87] /home/travis/build/icyphy/ptII/ptolemy/domains/continuous/test/auto/LorenzDifferentialSystem.xml (RunModel)" time="0.946" />
  <testcase classname="ptolemy.util.test.junit.AutoTests" name="[88] /home/travis/build/icyphy/ptII/ptolemy/domains/continuous/test/auto/LorenzDifferentialSystemWithInput.xml (RunModel)" time="1.399" />
  <testcase classname="ptolemy.util.test.junit.AutoTests" name="[89] /home/travis/build/icyphy/ptII/ptolemy/domains/continuous/test/auto/LorenzDifferentialSystemWithTime.xml (RunModel)" time="0.732" />
  <testcase classname="ptolemy.util.test.junit.AutoTests" name="[90] /home/travis/build/icyphy/ptII/ptolemy/domains/continuous/test/auto/Microsteps.xml (RunModel)" time="0.025" />
  <testcase classname="ptolemy.util.test.junit.AutoTests" name="[91] /home/travis/build/icyphy/ptII/ptolemy/domains/continuous/test/auto/Modal1.xml (RunModel)" time="0.035" />
  <testcase classname="ptolemy.util.test.junit.AutoTests" name="[92] /home/travis/build/icyphy/ptII/ptolemy/domains/continuous/test/auto/Modal2.xml (RunModel)" time="0.038" />
  <testcase classname="ptolemy.util.test.junit.AutoTests" name="[93] /home/travis/build/icyphy/ptII/ptolemy/domains/continuous/test/auto/ModalTransitionGuardWithReset.xml (RunModel)" time="0.024" />
  <testcase classname="ptolemy.util.test.junit.AutoTests" name="[94] /home/travis/build/icyphy/ptII/ptolemy/domains/continuous/test/auto/ModalTransitionGuardWithResetUsingPreemptiveTransition.xml (RunModel)" time="0.023" />
  <testcase classname="ptolemy.util.test.junit.AutoTests" name="[95] /home/travis/build/icyphy/ptII/ptolemy/domains/continuous/test/auto/ModalTransitionGuardWithResetUsingPreemptiveTransition2.xml (RunModel)" time="0.024" />
  <testcase classname="ptolemy.util.test.junit.AutoTests" name="[96] /home/travis/build/icyphy/ptII/ptolemy/domains/continuous/test/auto/ModalTransitionGuardWithResetUsingPreemptiveTransition3.xml (RunModel)" time="0.025" />
  <testcase classname="ptolemy.util.test.junit.AutoTests" name="[97] /home/travis/build/icyphy/ptII/ptolemy/domains/continuous/test/auto/NewtonsCradle.xml (RunModel)" time="0.788" />
  <testcase classname="ptolemy.util.test.junit.AutoTests" name="[98] /home/travis/build/icyphy/ptII/ptolemy/domains/continuous/test/auto/NewtonsCradleAnimated.xml (RunModel)" time="1.155" />
  <testcase classname="ptolemy.util.test.junit.AutoTests" name="[99] /home/travis/build/icyphy/ptII/ptolemy/domains/continuous/test/auto/NewtonsCradleComplicated.xml (RunModel)" time="0.926" />
  <testcase classname="ptolemy.util.test.junit.AutoTests" name="[100] /home/travis/build/icyphy/ptII/ptolemy/domains/continuous/test/auto/NewtonsCradleNondeterministic.xml (RunModel)" time="0.661" />
  <testcase classname="ptolemy.util.test.junit.AutoTests" name="[101] /home/travis/build/icyphy/ptII/ptolemy/domains/continuous/test/auto/NewtonsCradlePerfectlyInelastic1.xml (RunModel)" time="1.264" />
  <testcase classname="ptolemy.util.test.junit.AutoTests" name="[102] /home/travis/build/icyphy/ptII/ptolemy/domains/continuous/test/auto/Noise.xml (RunModel)" time="0.211" />
  <testcase classname="ptolemy.util.test.junit.AutoTests" name="[103] /home/travis/build/icyphy/ptII/ptolemy/domains/continuous/test/auto/NoiseSpectrum.xml (RunModel)" time="0.739" />
  <testcase classname="ptolemy.util.test.junit.AutoTests" name="[104] /home/travis/build/icyphy/ptII/ptolemy/domains/continuous/test/auto/ParameterizedNewtonsCradleAnimated.xml (RunModel)" time="0.391" />
  <testcase classname="ptolemy.util.test.junit.AutoTests" name="[105] /home/travis/build/icyphy/ptII/ptolemy/domains/continuous/test/auto/ParameterizedNewtonsCradleAnimatedNondeterministic.xml (RunModel)" time="1.175" />
  <testcase classname="ptolemy.util.test.junit.AutoTests" name="[106] /home/travis/build/icyphy/ptII/ptolemy/domains/continuous/test/auto/Pendulum3D.xml (RunModel)" time="0.186" />
  <testcase classname="ptolemy.util.test.junit.AutoTests" name="[107] /home/travis/build/icyphy/ptII/ptolemy/domains/continuous/test/auto/PeriodicSampler.xml (RunModel)" time="0.011" />
  <testcase classname="ptolemy.util.test.junit.AutoTests" name="[108] /home/travis/build/icyphy/ptII/ptolemy/domains/continuous/test/auto/PeriodicSampler1.xml (RunModel)" time="0.041" />
  <testcase classname="ptolemy.util.test.junit.AutoTests" name="[109] /home/travis/build/icyphy/ptII/ptolemy/domains/continuous/test/auto/PeriodicSampler2.xml (RunModel)" time="0.069" />
  <testcase classname="ptolemy.util.test.junit.AutoTests" name="[110] /home/travis/build/icyphy/ptII/ptolemy/domains/continuous/test/auto/Poisson.xml (RunModel)" time="0.404" />
  <testcase classname="ptolemy.util.test.junit.AutoTests" name="[111] /home/travis/build/icyphy/ptII/ptolemy/domains/continuous/test/auto/PoissonClock.xml (RunModel)" time="0.012" />
  <testcase classname="ptolemy.util.test.junit.AutoTests" name="[112] /home/travis/build/icyphy/ptII/ptolemy/domains/continuous/test/auto/PoissonClock2.xml (RunModel)" time="0.013" />
  <testcase classname="ptolemy.util.test.junit.AutoTests" name="[113] /home/travis/build/icyphy/ptII/ptolemy/domains/continuous/test/auto/PortParameterHierarchy.xml (RunModel)" time="0.018" />
  <testcase classname="ptolemy.util.test.junit.AutoTests" name="[114] /home/travis/build/icyphy/ptII/ptolemy/domains/continuous/test/auto/RandomHybridPlant.xml (RunModel)" time="0.543" />
  <testcase classname="ptolemy.util.test.junit.AutoTests" name="[115] /home/travis/build/icyphy/ptII/ptolemy/domains/continuous/test/auto/ResetTransitionWithStartTime1.xml (RunModel)" time="0.025" />
  <testcase classname="ptolemy.util.test.junit.AutoTests" name="[116] /home/travis/build/icyphy/ptII/ptolemy/domains/continuous/test/auto/ResetTransitionWithStartTime2.xml (RunModel)" time="0.044" />
  <testcase classname="ptolemy.util.test.junit.AutoTests" name="[117] /home/travis/build/icyphy/ptII/ptolemy/domains/continuous/test/auto/ResetTransitionWithStartTime3.xml (RunModel)" time="0.048" />
  <testcase classname="ptolemy.util.test.junit.AutoTests" name="[118] /home/travis/build/icyphy/ptII/ptolemy/domains/continuous/test/auto/ResetTransitionWithStartTime4.xml (RunModel)" time="0.03" />
  <testcase classname="ptolemy.util.test.junit.AutoTests" name="[119] /home/travis/build/icyphy/ptII/ptolemy/domains/continuous/test/auto/ResetTransitionWithStartTime5.xml (RunModel)" time="0.04" />
  <testcase classname="ptolemy.util.test.junit.AutoTests" name="[120] /home/travis/build/icyphy/ptII/ptolemy/domains/continuous/test/auto/ResetTransitionWithStartTime6.xml (RunModel)" time="0.028" />
  <testcase classname="ptolemy.util.test.junit.AutoTests" name="[121] /home/travis/build/icyphy/ptII/ptolemy/domains/continuous/test/auto/SRinContinuous.xml (RunModel)" time="0.032" />
  <testcase classname="ptolemy.util.test.junit.AutoTests" name="[122] /home/travis/build/icyphy/ptII/ptolemy/domains/continuous/test/auto/SampledClocks.xml (RunModel)" time="0.031" />
  <testcase classname="ptolemy.util.test.junit.AutoTests" name="[123] /home/travis/build/icyphy/ptII/ptolemy/domains/continuous/test/auto/Satellite.xml (RunModel)" time="0.797" />
  <testcase classname="ptolemy.util.test.junit.AutoTests" name="[124] /home/travis/build/icyphy/ptII/ptolemy/domains/continuous/test/auto/SigmaDelta.xml (RunModel)" time="2.469" />
  <testcase classname="ptolemy.util.test.junit.AutoTests" name="[125] /home/travis/build/icyphy/ptII/ptolemy/domains/continuous/test/auto/SingleRefinement.xml (RunModel)" time="0.422" />
  <testcase classname="ptolemy.util.test.junit.AutoTests" name="[126] /home/travis/build/icyphy/ptII/ptolemy/domains/continuous/test/auto/SinuBouncingBall.xml (RunModel)" time="0.851" />
  <testcase classname="ptolemy.util.test.junit.AutoTests" name="[127] /home/travis/build/icyphy/ptII/ptolemy/domains/continuous/test/auto/Sinusoid.xml (RunModel)" time="0.015" />
  <testcase classname="ptolemy.util.test.junit.AutoTests" name="[128] /home/travis/build/icyphy/ptII/ptolemy/domains/continuous/test/auto/SinusoidInNoise.xml (RunModel)" time="0.91" />
  <testcase classname="ptolemy.util.test.junit.AutoTests" name="[129] /home/travis/build/icyphy/ptII/ptolemy/domains/continuous/test/auto/SinusoidRK45.xml (RunModel)" time="0.015" />
  <testcase classname="ptolemy.util.test.junit.AutoTests" name="[130] /home/travis/build/icyphy/ptII/ptolemy/domains/continuous/test/auto/SinusoidWithMultipleImpulses.xml (RunModel)" time="0.015" />
  <testcase classname="ptolemy.util.test.junit.AutoTests" name="[131] /home/travis/build/icyphy/ptII/ptolemy/domains/continuous/test/auto/SquareWave.xml (RunModel)" time="0.188" />
  <testcase classname="ptolemy.util.test.junit.AutoTests" name="[132] /home/travis/build/icyphy/ptII/ptolemy/domains/continuous/test/auto/Starmac.xml (RunModel)" time="3.421" />
  <testcase classname="ptolemy.util.test.junit.AutoTests" name="[133] /home/travis/build/icyphy/ptII/ptolemy/domains/continuous/test/auto/StaticUnits.xml (RunModel)" time="2.474" />
  <testcase classname="ptolemy.util.test.junit.AutoTests" name="[134] /home/travis/build/icyphy/ptII/ptolemy/domains/continuous/test/auto/StickyMasses.xml (RunModel)" time="0.185" />
  <testcase classname="ptolemy.util.test.junit.AutoTests" name="[135] /home/travis/build/icyphy/ptII/ptolemy/domains/continuous/test/auto/StopTime.xml (RunModel)" time="0.069" />
  <testcase classname="ptolemy.util.test.junit.AutoTests" name="[136] /home/travis/build/icyphy/ptII/ptolemy/domains/continuous/test/auto/StopTime2.xml (RunModel)" time="0.056" />
  <testcase classname="ptolemy.util.test.junit.AutoTests" name="[137] /home/travis/build/icyphy/ptII/ptolemy/domains/continuous/test/auto/Switch.xml (RunModel)" time="0.054" />
  <testcase classname="ptolemy.util.test.junit.AutoTests" name="[138] /home/travis/build/icyphy/ptII/ptolemy/domains/continuous/test/auto/Thermostat.xml (RunModel)" time="0.209" />
  <testcase classname="ptolemy.util.test.junit.AutoTests" name="[139] /home/travis/build/icyphy/ptII/ptolemy/domains/continuous/test/auto/TimeDelay.xml (RunModel)" time="0.014" />
  <testcase classname="ptolemy.util.test.junit.AutoTests" name="[140] /home/travis/build/icyphy/ptII/ptolemy/domains/continuous/test/auto/TimeDelay2.xml (RunModel)" time="0.017" />
  <testcase classname="ptolemy.util.test.junit.AutoTests" name="[141] /home/travis/build/icyphy/ptII/ptolemy/domains/continuous/test/auto/TimeDelay3.xml (RunModel)" time="0.016" />
  <testcase classname="ptolemy.util.test.junit.AutoTests" name="[142] /home/travis/build/icyphy/ptII/ptolemy/domains/continuous/test/auto/TransferAbsentToInside.xml (RunModel)" time="0.098" />
  <testcase classname="ptolemy.util.test.junit.AutoTests" name="[143] /home/travis/build/icyphy/ptII/ptolemy/domains/continuous/test/auto/Transmission.xml (RunModel)" time="0.78" />
  <testcase classname="ptolemy.util.test.junit.AutoTests" name="[144] /home/travis/build/icyphy/ptII/ptolemy/domains/continuous/test/auto/TriggeredContinuousClock.xml (RunModel)" time="0.068" />
  <testcase classname="ptolemy.util.test.junit.AutoTests" name="[145] /home/travis/build/icyphy/ptII/ptolemy/domains/continuous/test/auto/TwoMachineInfiniteBusControl.xml (RunModel)" time="3.1" />
  <testcase classname="ptolemy.util.test.junit.AutoTests" name="[146] /home/travis/build/icyphy/ptII/ptolemy/domains/continuous/test/auto/V2V.xml (RunModel)" time="0.739" />
  <testcase classname="ptolemy.util.test.junit.AutoTests" name="[147] /home/travis/build/icyphy/ptII/ptolemy/domains/continuous/test/auto/hierarchicalModalModel.xml (RunModel)" time="0.033" />
  <testcase classname="ptolemy.util.test.junit.AutoTests" name="[148] /home/travis/build/icyphy/ptII/ptolemy/domains/continuous/test/auto/hierarchicalModalModel1.xml (RunModel)" time="0.031" />
  <testcase classname="ptolemy.util.test.junit.AutoTests" name="[149] /home/travis/build/icyphy/ptII/ptolemy/domains/continuous/test/auto/hierarchicalModalModel2.xml (RunModel)" time="0.028" />
  <testcase classname="ptolemy.util.test.junit.AutoTests" name="[150] /home/travis/build/icyphy/ptII/ptolemy/domains/continuous/test/auto/hierarchicalModalModel3.xml (RunModel)" time="0.022" />
  <testcase classname="ptolemy.util.test.junit.AutoTests" name="[151] /home/travis/build/icyphy/ptII/ptolemy/domains/continuous/test/auto/hierarchicalModalModel4.xml (RunModel)" time="0.026" />
  <testcase classname="ptolemy.util.test.junit.AutoTests" name="[152] /home/travis/build/icyphy/ptII/ptolemy/domains/continuous/test/auto/junk.xml (RunModel)" time="0.138" />
  <system-out><![CDATA[No tcl tests in /home/travis/build/icyphy/ptII/ptolemy/domains/continuous/test
No auto/knownFailedTests/*.xml tests in /home/travis/build/icyphy/ptII/ptolemy/domains/continuous/test
No auto/linux-amd64/*.xml tests in /home/travis/build/icyphy/ptII/ptolemy/domains/continuous/test
AutoTests.java: About to close Vertx.
AutoTests.java: Vertx closed.

===========================================================================================
----------------- testing Mon Mar 18 04:33:23 UTC 2019 /home/travis/build/icyphy/ptII/ptolemy/domains/continuous/test/auto/BouncingBall.xml
----------------- Instantiating /home/travis/build/icyphy/ptII/ptolemy/domains/continuous/test/auto/BouncingBall.xml
2295 ms. Memory: 331264K Free: 258145K (78%)
----------------- Invoking toplevel() on ptolemy.moml.MoMLSimpleApplication@390a9fdd
----------------- Done invoking toplevel() on ptolemy.moml.MoMLSimpleApplication@390a9fdd
reloadAllAccessors: .BouncingBall

===========================================================================================
----------------- testing Mon Mar 18 04:33:26 UTC 2019 /home/travis/build/icyphy/ptII/ptolemy/domains/continuous/test/auto/BouncingBallWithoutGR.xml
----------------- Instantiating /home/travis/build/icyphy/ptII/ptolemy/domains/continuous/test/auto/BouncingBallWithoutGR.xml
860 ms. Memory: 331776K Free: 312525K (94%)
----------------- Invoking toplevel() on ptolemy.moml.MoMLSimpleApplication@22500d19
----------------- Done invoking toplevel() on ptolemy.moml.MoMLSimpleApplication@22500d19
reloadAllAccessors: .BouncingBallWithoutGR

===========================================================================================
----------------- testing Mon Mar 18 04:33:27 UTC 2019 /home/travis/build/icyphy/ptII/ptolemy/domains/continuous/test/auto/Brownian.xml
----------------- Instantiating /home/travis/build/icyphy/ptII/ptolemy/domains/continuous/test/auto/Brownian.xml
47 ms. Memory: 331776K Free: 298871K (90%)
----------------- Invoking toplevel() on ptolemy.moml.MoMLSimpleApplication@28539dc3
----------------- Done invoking toplevel() on ptolemy.moml.MoMLSimpleApplication@28539dc3
reloadAllAccessors: .Brownian

===========================================================================================
----------------- testing Mon Mar 18 04:33:27 UTC 2019 /home/travis/build/icyphy/ptII/ptolemy/domains/continuous/test/auto/CarTracking.xml
----------------- Instantiating /home/travis/build/icyphy/ptII/ptolemy/domains/continuous/test/auto/CarTracking.xml
3250 ms. Memory: 578560K Free: 466103K (81%)
----------------- Invoking toplevel() on ptolemy.moml.MoMLSimpleApplication@d7f79a3
----------------- Done invoking toplevel() on ptolemy.moml.MoMLSimpleApplication@d7f79a3
reloadAllAccessors: .CarTracking

===========================================================================================
----------------- testing Mon Mar 18 04:33:31 UTC 2019 /home/travis/build/icyphy/ptII/ptolemy/domains/continuous/test/auto/CartPendulum.xml
----------------- Instantiating /home/travis/build/icyphy/ptII/ptolemy/domains/continuous/test/auto/CartPendulum.xml
420 ms. Memory: 578560K Free: 355200K (61%)
----------------- Invoking toplevel() on ptolemy.moml.MoMLSimpleApplication@78ac19f2
----------------- Done invoking toplevel() on ptolemy.moml.MoMLSimpleApplication@78ac19f2
reloadAllAccessors: .CartPendulum

===========================================================================================
----------------- testing Mon Mar 18 04:33:31 UTC 2019 /home/travis/build/icyphy/ptII/ptolemy/domains/continuous/test/auto/CausalityInterface10.xml
----------------- Instantiating /home/travis/build/icyphy/ptII/ptolemy/domains/continuous/test/auto/CausalityInterface10.xml
14 ms. Memory: 578560K Free: 342077K (59%)
----------------- Invoking toplevel() on ptolemy.moml.MoMLSimpleApplication@e1d666f
----------------- Done invoking toplevel() on ptolemy.moml.MoMLSimpleApplication@e1d666f
reloadAllAccessors: .CausalityInterface10

===========================================================================================
----------------- testing Mon Mar 18 04:33:31 UTC 2019 /home/travis/build/icyphy/ptII/ptolemy/domains/continuous/test/auto/CausalityInterface11.xml
----------------- Instantiating /home/travis/build/icyphy/ptII/ptolemy/domains/continuous/test/auto/CausalityInterface11.xml
8 ms. Memory: 578560K Free: 332231K (57%)
----------------- Invoking toplevel() on ptolemy.moml.MoMLSimpleApplication@46caf327
----------------- Done invoking toplevel() on ptolemy.moml.MoMLSimpleApplication@46caf327
reloadAllAccessors: .CausalityInterface11

===========================================================================================
----------------- testing Mon Mar 18 04:33:31 UTC 2019 /home/travis/build/icyphy/ptII/ptolemy/domains/continuous/test/auto/CausalityInterface12.xml
----------------- Instantiating /home/travis/build/icyphy/ptII/ptolemy/domains/continuous/test/auto/CausalityInterface12.xml
8 ms. Memory: 578560K Free: 319530K (55%)
----------------- Invoking toplevel() on ptolemy.moml.MoMLSimpleApplication@23501be8
----------------- Done invoking toplevel() on ptolemy.moml.MoMLSimpleApplication@23501be8
reloadAllAccessors: .CausalityInterface12

===========================================================================================
----------------- testing Mon Mar 18 04:33:32 UTC 2019 /home/travis/build/icyphy/ptII/ptolemy/domains/continuous/test/auto/CausalityInterface13.xml
----------------- Instantiating /home/travis/build/icyphy/ptII/ptolemy/domains/continuous/test/auto/CausalityInterface13.xml
8 ms. Memory: 578560K Free: 309684K (54%)
----------------- Invoking toplevel() on ptolemy.moml.MoMLSimpleApplication@179197df
----------------- Done invoking toplevel() on ptolemy.moml.MoMLSimpleApplication@179197df
reloadAllAccessors: .CausalityInterface13

===========================================================================================
----------------- testing Mon Mar 18 04:33:32 UTC 2019 /home/travis/build/icyphy/ptII/ptolemy/domains/continuous/test/auto/CausalityInterface14.xml
----------------- Instantiating /home/travis/build/icyphy/ptII/ptolemy/domains/continuous/test/auto/CausalityInterface14.xml
8 ms. Memory: 578560K Free: 299838K (52%)
----------------- Invoking toplevel() on ptolemy.moml.MoMLSimpleApplication@62eac45c
----------------- Done invoking toplevel() on ptolemy.moml.MoMLSimpleApplication@62eac45c
reloadAllAccessors: .CausalityInterface14

===========================================================================================
----------------- testing Mon Mar 18 04:33:32 UTC 2019 /home/travis/build/icyphy/ptII/ptolemy/domains/continuous/test/auto/CausalityInterface4.xml
----------------- Instantiating /home/travis/build/icyphy/ptII/ptolemy/domains/continuous/test/auto/CausalityInterface4.xml
5 ms. Memory: 578560K Free: 290007K (50%)
----------------- Invoking toplevel() on ptolemy.moml.MoMLSimpleApplication@363b4715
----------------- Done invoking toplevel() on ptolemy.moml.MoMLSimpleApplication@363b4715
reloadAllAccessors: .CausalityInterface4

===========================================================================================
----------------- testing Mon Mar 18 04:33:32 UTC 2019 /home/travis/build/icyphy/ptII/ptolemy/domains/continuous/test/auto/CausalityInterface5.xml
----------------- Instantiating /home/travis/build/icyphy/ptII/ptolemy/domains/continuous/test/auto/CausalityInterface5.xml
8 ms. Memory: 578560K Free: 274022K (47%)
----------------- Invoking toplevel() on ptolemy.moml.MoMLSimpleApplication@3cc0822c
----------------- Done invoking toplevel() on ptolemy.moml.MoMLSimpleApplication@3cc0822c
reloadAllAccessors: .CausalityInterface5

===========================================================================================
----------------- testing Mon Mar 18 04:33:32 UTC 2019 /home/travis/build/icyphy/ptII/ptolemy/domains/continuous/test/auto/CausalityInterface6.xml
----------------- Instantiating /home/travis/build/icyphy/ptII/ptolemy/domains/continuous/test/auto/CausalityInterface6.xml
6 ms. Memory: 578560K Free: 264176K (46%)
----------------- Invoking toplevel() on ptolemy.moml.MoMLSimpleApplication@130dc065
----------------- Done invoking toplevel() on ptolemy.moml.MoMLSimpleApplication@130dc065
reloadAllAccessors: .CausalityInterface6

===========================================================================================
----------------- testing Mon Mar 18 04:33:32 UTC 2019 /home/travis/build/icyphy/ptII/ptolemy/domains/continuous/test/auto/CausalityInterface7.xml
----------------- Instantiating /home/travis/build/icyphy/ptII/ptolemy/domains/continuous/test/auto/CausalityInterface7.xml
12 ms. Memory: 578560K Free: 251060K (43%)
----------------- Invoking toplevel() on ptolemy.moml.MoMLSimpleApplication@69f51c0e
----------------- Done invoking toplevel() on ptolemy.moml.MoMLSimpleApplication@69f51c0e
reloadAllAccessors: .CausalityInterface7

===========================================================================================
----------------- testing Mon Mar 18 04:33:32 UTC 2019 /home/travis/build/icyphy/ptII/ptolemy/domains/continuous/test/auto/CausalityInterface8.xml
----------------- Instantiating /home/travis/build/icyphy/ptII/ptolemy/domains/continuous/test/auto/CausalityInterface8.xml
7 ms. Memory: 578560K Free: 237905K (41%)
----------------- Invoking toplevel() on ptolemy.moml.MoMLSimpleApplication@386de49e
----------------- Done invoking toplevel() on ptolemy.moml.MoMLSimpleApplication@386de49e
reloadAllAccessors: .CausalityInterface8

===========================================================================================
----------------- testing Mon Mar 18 04:33:32 UTC 2019 /home/travis/build/icyphy/ptII/ptolemy/domains/continuous/test/auto/CausalityInterface9.xml
----------------- Instantiating /home/travis/build/icyphy/ptII/ptolemy/domains/continuous/test/auto/CausalityInterface9.xml
9 ms. Memory: 578560K Free: 221928K (38%)
----------------- Invoking toplevel() on ptolemy.moml.MoMLSimpleApplication@169d4618
----------------- Done invoking toplevel() on ptolemy.moml.MoMLSimpleApplication@169d4618
reloadAllAccessors: .CausalityInterface9

===========================================================================================
----------------- testing Mon Mar 18 04:33:32 UTC 2019 /home/travis/build/icyphy/ptII/ptolemy/domains/continuous/test/auto/CausalityInterfaceFeedback1.xml
----------------- Instantiating /home/travis/build/icyphy/ptII/ptolemy/domains/continuous/test/auto/CausalityInterfaceFeedback1.xml
7 ms. Memory: 578560K Free: 212097K (37%)
----------------- Invoking toplevel() on ptolemy.moml.MoMLSimpleApplication@7ed92c96
----------------- Done invoking toplevel() on ptolemy.moml.MoMLSimpleApplication@7ed92c96
reloadAllAccessors: .CausalityInterfaceFeedback1

===========================================================================================
----------------- testing Mon Mar 18 04:33:32 UTC 2019 /home/travis/build/icyphy/ptII/ptolemy/domains/continuous/test/auto/CausalityInterfaceFeedback2.xml
----------------- Instantiating /home/travis/build/icyphy/ptII/ptolemy/domains/continuous/test/auto/CausalityInterfaceFeedback2.xml
3 ms. Memory: 578560K Free: 202251K (35%)
----------------- Invoking toplevel() on ptolemy.moml.MoMLSimpleApplication@5ffd527
----------------- Done invoking toplevel() on ptolemy.moml.MoMLSimpleApplication@5ffd527
reloadAllAccessors: .CausalityInterfaceFeedback2

===========================================================================================
----------------- testing Mon Mar 18 04:33:32 UTC 2019 /home/travis/build/icyphy/ptII/ptolemy/domains/continuous/test/auto/CompareWithCurrentTime.xml
----------------- Instantiating /home/travis/build/icyphy/ptII/ptolemy/domains/continuous/test/auto/CompareWithCurrentTime.xml
3 ms. Memory: 578560K Free: 192844K (33%)
----------------- Invoking toplevel() on ptolemy.moml.MoMLSimpleApplication@62dd1c3f
----------------- Done invoking toplevel() on ptolemy.moml.MoMLSimpleApplication@62dd1c3f
reloadAllAccessors: .CompareWithCurrentTime

===========================================================================================
----------------- testing Mon Mar 18 04:33:32 UTC 2019 /home/travis/build/icyphy/ptII/ptolemy/domains/continuous/test/auto/ComparedClocks.xml
----------------- Instantiating /home/travis/build/icyphy/ptII/ptolemy/domains/continuous/test/auto/ComparedClocks.xml
15 ms. Memory: 578560K Free: 173167K (30%)
----------------- Invoking toplevel() on ptolemy.moml.MoMLSimpleApplication@14cef83e
----------------- Done invoking toplevel() on ptolemy.moml.MoMLSimpleApplication@14cef83e
reloadAllAccessors: .ComparedClocks

===========================================================================================
----------------- testing Mon Mar 18 04:33:32 UTC 2019 /home/travis/build/icyphy/ptII/ptolemy/domains/continuous/test/auto/ContinuousAOCClone.xml
----------------- Instantiating /home/travis/build/icyphy/ptII/ptolemy/domains/continuous/test/auto/ContinuousAOCClone.xml
2433 ms. Memory: 872960K Free: 447307K (51%)
----------------- Invoking toplevel() on ptolemy.moml.MoMLSimpleApplication@4b7a1937
----------------- Done invoking toplevel() on ptolemy.moml.MoMLSimpleApplication@4b7a1937
reloadAllAccessors: .ContinuousAOCClone

===========================================================================================
----------------- testing Mon Mar 18 04:33:35 UTC 2019 /home/travis/build/icyphy/ptII/ptolemy/domains/continuous/test/auto/ContinuousClock.xml
----------------- Instantiating /home/travis/build/icyphy/ptII/ptolemy/domains/continuous/test/auto/ContinuousClock.xml
41 ms. Memory: 872960K Free: 413094K (47%)
----------------- Invoking toplevel() on ptolemy.moml.MoMLSimpleApplication@2415cee6
----------------- Done invoking toplevel() on ptolemy.moml.MoMLSimpleApplication@2415cee6
reloadAllAccessors: .ContinuousClock

===========================================================================================
----------------- testing Mon Mar 18 04:33:35 UTC 2019 /home/travis/build/icyphy/ptII/ptolemy/domains/continuous/test/auto/ContinuousInContinuous.xml
----------------- Instantiating /home/travis/build/icyphy/ptII/ptolemy/domains/continuous/test/auto/ContinuousInContinuous.xml
57 ms. Memory: 872960K Free: 385563K (44%)
----------------- Invoking toplevel() on ptolemy.moml.MoMLSimpleApplication@4dba8e3e
----------------- Done invoking toplevel() on ptolemy.moml.MoMLSimpleApplication@4dba8e3e
reloadAllAccessors: .ContinuousInContinuous

===========================================================================================
----------------- testing Mon Mar 18 04:33:35 UTC 2019 /home/travis/build/icyphy/ptII/ptolemy/domains/continuous/test/auto/ContinuousInContinuousInContinuous.xml
----------------- Instantiating /home/travis/build/icyphy/ptII/ptolemy/domains/continuous/test/auto/ContinuousInContinuousInContinuous.xml
9 ms. Memory: 872960K Free: 373766K (43%)
----------------- Invoking toplevel() on ptolemy.moml.MoMLSimpleApplication@3cdd250d
----------------- Done invoking toplevel() on ptolemy.moml.MoMLSimpleApplication@3cdd250d
reloadAllAccessors: .ContinuousInContinuousInContinuous

===========================================================================================
----------------- testing Mon Mar 18 04:33:35 UTC 2019 /home/travis/build/icyphy/ptII/ptolemy/domains/continuous/test/auto/ContinuousInDE.xml
----------------- Instantiating /home/travis/build/icyphy/ptII/ptolemy/domains/continuous/test/auto/ContinuousInDE.xml
123 ms. Memory: 872960K Free: 354938K (41%)
----------------- Invoking toplevel() on ptolemy.moml.MoMLSimpleApplication@236cdad4
----------------- Done invoking toplevel() on ptolemy.moml.MoMLSimpleApplication@236cdad4
reloadAllAccessors: .ContinuousInDE

===========================================================================================
----------------- testing Mon Mar 18 04:33:35 UTC 2019 /home/travis/build/icyphy/ptII/ptolemy/domains/continuous/test/auto/ContinuousInDE2.xml
----------------- Instantiating /home/travis/build/icyphy/ptII/ptolemy/domains/continuous/test/auto/ContinuousInDE2.xml
51 ms. Memory: 872960K Free: 343149K (39%)
----------------- Invoking toplevel() on ptolemy.moml.MoMLSimpleApplication@14224c8c
----------------- Done invoking toplevel() on ptolemy.moml.MoMLSimpleApplication@14224c8c
reloadAllAccessors: .ContinuousInDE2

===========================================================================================
----------------- testing Mon Mar 18 04:33:35 UTC 2019 /home/travis/build/icyphy/ptII/ptolemy/domains/continuous/test/auto/ContinuousInDE3.xml
----------------- Instantiating /home/travis/build/icyphy/ptII/ptolemy/domains/continuous/test/auto/ContinuousInDE3.xml
39 ms. Memory: 872960K Free: 331360K (38%)
----------------- Invoking toplevel() on ptolemy.moml.MoMLSimpleApplication@20480485
----------------- Done invoking toplevel() on ptolemy.moml.MoMLSimpleApplication@20480485
reloadAllAccessors: .ContinuousInDE3

===========================================================================================
----------------- testing Mon Mar 18 04:33:35 UTC 2019 /home/travis/build/icyphy/ptII/ptolemy/domains/continuous/test/auto/ContinuousInDE4.xml
----------------- Instantiating /home/travis/build/icyphy/ptII/ptolemy/domains/continuous/test/auto/ContinuousInDE4.xml
18 ms. Memory: 872960K Free: 323501K (37%)
----------------- Invoking toplevel() on ptolemy.moml.MoMLSimpleApplication@78caad0e
----------------- Done invoking toplevel() on ptolemy.moml.MoMLSimpleApplication@78caad0e
reloadAllAccessors: .ContinuousInDE4

===========================================================================================
----------------- testing Mon Mar 18 04:33:35 UTC 2019 /home/travis/build/icyphy/ptII/ptolemy/domains/continuous/test/auto/ContinuousInDEDifferentRefinements.xml
----------------- Instantiating /home/travis/build/icyphy/ptII/ptolemy/domains/continuous/test/auto/ContinuousInDEDifferentRefinements.xml
64 ms. Memory: 872960K Free: 284969K (33%)
----------------- Invoking toplevel() on ptolemy.moml.MoMLSimpleApplication@2cbea53e
----------------- Done invoking toplevel() on ptolemy.moml.MoMLSimpleApplication@2cbea53e
reloadAllAccessors: .ContinuousInDEDifferentRefinements

===========================================================================================
----------------- testing Mon Mar 18 04:33:35 UTC 2019 /home/travis/build/icyphy/ptII/ptolemy/domains/continuous/test/auto/ContinuousInDEDifferentRefinementsPreemptive.xml
----------------- Instantiating /home/travis/build/icyphy/ptII/ptolemy/domains/continuous/test/auto/ContinuousInDEDifferentRefinementsPreemptive.xml
64 ms. Memory: 872960K Free: 249514K (29%)
----------------- Invoking toplevel() on ptolemy.moml.MoMLSimpleApplication@491db42
----------------- Done invoking toplevel() on ptolemy.moml.MoMLSimpleApplication@491db42
reloadAllAccessors: .ContinuousInDEDifferentRefinementsPreemptive

===========================================================================================
----------------- testing Mon Mar 18 04:33:35 UTC 2019 /home/travis/build/icyphy/ptII/ptolemy/domains/continuous/test/auto/ContinuousInDEInContinuous2.xml
----------------- Instantiating /home/travis/build/icyphy/ptII/ptolemy/domains/continuous/test/auto/ContinuousInDEInContinuous2.xml
40 ms. Memory: 872960K Free: 233780K (27%)
----------------- Invoking toplevel() on ptolemy.moml.MoMLSimpleApplication@7e77ce4c
----------------- Done invoking toplevel() on ptolemy.moml.MoMLSimpleApplication@7e77ce4c
reloadAllAccessors: .ContinuousInDEInContinuous2

===========================================================================================
----------------- testing Mon Mar 18 04:33:36 UTC 2019 /home/travis/build/icyphy/ptII/ptolemy/domains/continuous/test/auto/ContinuousInDEInContinuous3.xml
----------------- Instantiating /home/travis/build/icyphy/ptII/ptolemy/domains/continuous/test/auto/ContinuousInDEInContinuous3.xml
43 ms. Memory: 872960K Free: 218053K (25%)
----------------- Invoking toplevel() on ptolemy.moml.MoMLSimpleApplication@3a4774ae
----------------- Done invoking toplevel() on ptolemy.moml.MoMLSimpleApplication@3a4774ae
reloadAllAccessors: .ContinuousInDEInContinuous3

===========================================================================================
----------------- testing Mon Mar 18 04:33:36 UTC 2019 /home/travis/build/icyphy/ptII/ptolemy/domains/continuous/test/auto/ContinuousInDEInput.xml
----------------- Instantiating /home/travis/build/icyphy/ptII/ptolemy/domains/continuous/test/auto/ContinuousInDEInput.xml
15 ms. Memory: 872960K Free: 203171K (23%)
----------------- Invoking toplevel() on ptolemy.moml.MoMLSimpleApplication@1007b579
----------------- Done invoking toplevel() on ptolemy.moml.MoMLSimpleApplication@1007b579
reloadAllAccessors: .ContinuousInDEInput

===========================================================================================
----------------- testing Mon Mar 18 04:33:36 UTC 2019 /home/travis/build/icyphy/ptII/ptolemy/domains/continuous/test/auto/ContinuousInDEInput2.xml
----------------- Instantiating /home/travis/build/icyphy/ptII/ptolemy/domains/continuous/test/auto/ContinuousInDEInput2.xml
15 ms. Memory: 872960K Free: 191366K (22%)
----------------- Invoking toplevel() on ptolemy.moml.MoMLSimpleApplication@503f9483
----------------- Done invoking toplevel() on ptolemy.moml.MoMLSimpleApplication@503f9483
reloadAllAccessors: .ContinuousInDEInput2

===========================================================================================
----------------- testing Mon Mar 18 04:33:36 UTC 2019 /home/travis/build/icyphy/ptII/ptolemy/domains/continuous/test/auto/ContinuousInDEInput3.xml
----------------- Instantiating /home/travis/build/icyphy/ptII/ptolemy/domains/continuous/test/auto/ContinuousInDEInput3.xml
20 ms. Memory: 872960K Free: 179561K (21%)
----------------- Invoking toplevel() on ptolemy.moml.MoMLSimpleApplication@14ed8b3e
----------------- Done invoking toplevel() on ptolemy.moml.MoMLSimpleApplication@14ed8b3e
reloadAllAccessors: .ContinuousInDEInput3

===========================================================================================
----------------- testing Mon Mar 18 04:33:36 UTC 2019 /home/travis/build/icyphy/ptII/ptolemy/domains/continuous/test/auto/ContinuousInDESharingRefinement.xml
----------------- Instantiating /home/travis/build/icyphy/ptII/ptolemy/domains/continuous/test/auto/ContinuousInDESharingRefinement.xml
144 ms. Memory: 872960K Free: 81113K (9%)
----------------- Invoking toplevel() on ptolemy.moml.MoMLSimpleApplication@537413cc
----------------- Done invoking toplevel() on ptolemy.moml.MoMLSimpleApplication@537413cc
reloadAllAccessors: .ContinuousInDESharingRefinement

===========================================================================================
----------------- testing Mon Mar 18 04:33:36 UTC 2019 /home/travis/build/icyphy/ptII/ptolemy/domains/continuous/test/auto/ContinuousInDEwithNoPorts.xml
----------------- Instantiating /home/travis/build/icyphy/ptII/ptolemy/domains/continuous/test/auto/ContinuousInDEwithNoPorts.xml
21 ms. Memory: 873472K Free: 858864K (98%)
----------------- Invoking toplevel() on ptolemy.moml.MoMLSimpleApplication@bcc2947
----------------- Done invoking toplevel() on ptolemy.moml.MoMLSimpleApplication@bcc2947
reloadAllAccessors: .ContinuousInDEwithNoPorts

===========================================================================================
----------------- testing Mon Mar 18 04:33:36 UTC 2019 /home/travis/build/icyphy/ptII/ptolemy/domains/continuous/test/auto/ContinuousInsideDE.xml
----------------- Instantiating /home/travis/build/icyphy/ptII/ptolemy/domains/continuous/test/auto/ContinuousInsideDE.xml
37 ms. Memory: 873472K Free: 835117K (96%)
----------------- Invoking toplevel() on ptolemy.moml.MoMLSimpleApplication@5a073e44
----------------- Done invoking toplevel() on ptolemy.moml.MoMLSimpleApplication@5a073e44
reloadAllAccessors: .ContinuousInsideDE

===========================================================================================
----------------- testing Mon Mar 18 04:33:36 UTC 2019 /home/travis/build/icyphy/ptII/ptolemy/domains/continuous/test/auto/ContinuousMerge1.xml
----------------- Instantiating /home/travis/build/icyphy/ptII/ptolemy/domains/continuous/test/auto/ContinuousMerge1.xml
3 ms. Memory: 873472K Free: 827258K (95%)
----------------- Invoking toplevel() on ptolemy.moml.MoMLSimpleApplication@69a6867f
----------------- Done invoking toplevel() on ptolemy.moml.MoMLSimpleApplication@69a6867f
reloadAllAccessors: .ContinuousMerge1

===========================================================================================
----------------- testing Mon Mar 18 04:33:36 UTC 2019 /home/travis/build/icyphy/ptII/ptolemy/domains/continuous/test/auto/ContinuousMerge2.xml
----------------- Instantiating /home/travis/build/icyphy/ptII/ptolemy/domains/continuous/test/auto/ContinuousMerge2.xml
13 ms. Memory: 873472K Free: 809234K (93%)
----------------- Invoking toplevel() on ptolemy.moml.MoMLSimpleApplication@4894a787
----------------- Done invoking toplevel() on ptolemy.moml.MoMLSimpleApplication@4894a787
reloadAllAccessors: .ContinuousMerge2

===========================================================================================
----------------- testing Mon Mar 18 04:33:36 UTC 2019 /home/travis/build/icyphy/ptII/ptolemy/domains/continuous/test/auto/ContinuousMerge3.xml
----------------- Instantiating /home/travis/build/icyphy/ptII/ptolemy/domains/continuous/test/auto/ContinuousMerge3.xml
37 ms. Memory: 873472K Free: 793499K (91%)
----------------- Invoking toplevel() on ptolemy.moml.MoMLSimpleApplication@4ed78b43
----------------- Done invoking toplevel() on ptolemy.moml.MoMLSimpleApplication@4ed78b43
reloadAllAccessors: .ContinuousMerge3

===========================================================================================
----------------- testing Mon Mar 18 04:33:36 UTC 2019 /home/travis/build/icyphy/ptII/ptolemy/domains/continuous/test/auto/ContinuousWithinContinuous.xml
----------------- Instantiating /home/travis/build/icyphy/ptII/ptolemy/domains/continuous/test/auto/ContinuousWithinContinuous.xml
31 ms. Memory: 873472K Free: 777765K (89%)
----------------- Invoking toplevel() on ptolemy.moml.MoMLSimpleApplication@630fa3a1
----------------- Done invoking toplevel() on ptolemy.moml.MoMLSimpleApplication@630fa3a1
reloadAllAccessors: .ContinuousWithinContinuous

===========================================================================================
----------------- testing Mon Mar 18 04:33:36 UTC 2019 /home/travis/build/icyphy/ptII/ptolemy/domains/continuous/test/auto/ContinuousWithinContinuous2.xml
----------------- Instantiating /home/travis/build/icyphy/ptII/ptolemy/domains/continuous/test/auto/ContinuousWithinContinuous2.xml
67 ms. Memory: 873472K Free: 763866K (87%)
----------------- Invoking toplevel() on ptolemy.moml.MoMLSimpleApplication@617adff2
----------------- Done invoking toplevel() on ptolemy.moml.MoMLSimpleApplication@617adff2
reloadAllAccessors: .ContinuousWithinContinuous2

===========================================================================================
----------------- testing Mon Mar 18 04:33:36 UTC 2019 /home/travis/build/icyphy/ptII/ptolemy/domains/continuous/test/auto/ContinuousWithinContinuous3.xml
----------------- Instantiating /home/travis/build/icyphy/ptII/ptolemy/domains/continuous/test/auto/ContinuousWithinContinuous3.xml
12 ms. Memory: 873472K Free: 752069K (86%)
----------------- Invoking toplevel() on ptolemy.moml.MoMLSimpleApplication@4b2fce00
----------------- Done invoking toplevel() on ptolemy.moml.MoMLSimpleApplication@4b2fce00
reloadAllAccessors: .ContinuousWithinContinuous3

===========================================================================================
----------------- testing Mon Mar 18 04:33:36 UTC 2019 /home/travis/build/icyphy/ptII/ptolemy/domains/continuous/test/auto/ContinuousWithinContinuous4.xml
----------------- Instantiating /home/travis/build/icyphy/ptII/ptolemy/domains/continuous/test/auto/ContinuousWithinContinuous4.xml
61 ms. Memory: 873472K Free: 734241K (84%)
----------------- Invoking toplevel() on ptolemy.moml.MoMLSimpleApplication@308e7921
----------------- Done invoking toplevel() on ptolemy.moml.MoMLSimpleApplication@308e7921
reloadAllAccessors: .ContinuousWithinContinuous4

===========================================================================================
----------------- testing Mon Mar 18 04:33:36 UTC 2019 /home/travis/build/icyphy/ptII/ptolemy/domains/continuous/test/auto/ContinuousWithinContinuous5.xml
----------------- Instantiating /home/travis/build/icyphy/ptII/ptolemy/domains/continuous/test/auto/ContinuousWithinContinuous5.xml
10 ms. Memory: 873472K Free: 722452K (83%)
----------------- Invoking toplevel() on ptolemy.moml.MoMLSimpleApplication@2cbef97c
----------------- Done invoking toplevel() on ptolemy.moml.MoMLSimpleApplication@2cbef97c
reloadAllAccessors: .ContinuousWithinContinuous5

===========================================================================================
----------------- testing Mon Mar 18 04:33:37 UTC 2019 /home/travis/build/icyphy/ptII/ptolemy/domains/continuous/test/auto/ContinuousWithinContinuous6.xml
----------------- Instantiating /home/travis/build/icyphy/ptII/ptolemy/domains/continuous/test/auto/ContinuousWithinContinuous6.xml
13 ms. Memory: 873472K Free: 710647K (81%)
----------------- Invoking toplevel() on ptolemy.moml.MoMLSimpleApplication@29336c96
----------------- Done invoking toplevel() on ptolemy.moml.MoMLSimpleApplication@29336c96
reloadAllAccessors: .ContinuousWithinContinuous6

===========================================================================================
----------------- testing Mon Mar 18 04:33:37 UTC 2019 /home/travis/build/icyphy/ptII/ptolemy/domains/continuous/test/auto/ContinuousWithinContinuous7.xml
----------------- Instantiating /home/travis/build/icyphy/ptII/ptolemy/domains/continuous/test/auto/ContinuousWithinContinuous7.xml
51 ms. Memory: 873472K Free: 696748K (80%)
----------------- Invoking toplevel() on ptolemy.moml.MoMLSimpleApplication@4da2f1ab
----------------- Done invoking toplevel() on ptolemy.moml.MoMLSimpleApplication@4da2f1ab
reloadAllAccessors: .ContinuousWithinContinuous7

===========================================================================================
----------------- testing Mon Mar 18 04:33:37 UTC 2019 /home/travis/build/icyphy/ptII/ptolemy/domains/continuous/test/auto/DCMotor.xml
----------------- Instantiating /home/travis/build/icyphy/ptII/ptolemy/domains/continuous/test/auto/DCMotor.xml
11836 ms. Memory: 734720K Free: 241362K (33%)
----------------- Invoking toplevel() on ptolemy.moml.MoMLSimpleApplication@929005f
----------------- Done invoking toplevel() on ptolemy.moml.MoMLSimpleApplication@929005f
reloadAllAccessors: .DCMotor

===========================================================================================
----------------- testing Mon Mar 18 04:33:49 UTC 2019 /home/travis/build/icyphy/ptII/ptolemy/domains/continuous/test/auto/DEInContinuous.xml
----------------- Instantiating /home/travis/build/icyphy/ptII/ptolemy/domains/continuous/test/auto/DEInContinuous.xml
6 ms. Memory: 734720K Free: 225407K (31%)
----------------- Invoking toplevel() on ptolemy.moml.MoMLSimpleApplication@5ef65036
----------------- Done invoking toplevel() on ptolemy.moml.MoMLSimpleApplication@5ef65036
reloadAllAccessors: .DEInContinuous

===========================================================================================
----------------- testing Mon Mar 18 04:33:49 UTC 2019 /home/travis/build/icyphy/ptII/ptolemy/domains/continuous/test/auto/DEinContinuous2.xml
----------------- Instantiating /home/travis/build/icyphy/ptII/ptolemy/domains/continuous/test/auto/DEinContinuous2.xml
6 ms. Memory: 734720K Free: 211294K (29%)
----------------- Invoking toplevel() on ptolemy.moml.MoMLSimpleApplication@417d6833
----------------- Done invoking toplevel() on ptolemy.moml.MoMLSimpleApplication@417d6833
reloadAllAccessors: .DEinContinuous2

===========================================================================================
----------------- testing Mon Mar 18 04:33:49 UTC 2019 /home/travis/build/icyphy/ptII/ptolemy/domains/continuous/test/auto/Derivative.xml
----------------- Instantiating /home/travis/build/icyphy/ptII/ptolemy/domains/continuous/test/auto/Derivative.xml
157 ms. Memory: 734720K Free: 171250K (23%)
----------------- Invoking toplevel() on ptolemy.moml.MoMLSimpleApplication@4898354f
----------------- Done invoking toplevel() on ptolemy.moml.MoMLSimpleApplication@4898354f
reloadAllAccessors: .Derivative2

===========================================================================================
----------------- testing Mon Mar 18 04:33:49 UTC 2019 /home/travis/build/icyphy/ptII/ptolemy/domains/continuous/test/auto/Derivative1.xml
----------------- Instantiating /home/travis/build/icyphy/ptII/ptolemy/domains/continuous/test/auto/Derivative1.xml
18 ms. Memory: 734720K Free: 151834K (21%)
----------------- Invoking toplevel() on ptolemy.moml.MoMLSimpleApplication@4689f055
----------------- Done invoking toplevel() on ptolemy.moml.MoMLSimpleApplication@4689f055
reloadAllAccessors: .Derivative1

===========================================================================================
----------------- testing Mon Mar 18 04:33:49 UTC 2019 /home/travis/build/icyphy/ptII/ptolemy/domains/continuous/test/auto/DiscreteClock.xml
----------------- Instantiating /home/travis/build/icyphy/ptII/ptolemy/domains/continuous/test/auto/DiscreteClock.xml
4 ms. Memory: 734720K Free: 137722K (19%)
----------------- Invoking toplevel() on ptolemy.moml.MoMLSimpleApplication@759a642c
----------------- Done invoking toplevel() on ptolemy.moml.MoMLSimpleApplication@759a642c
reloadAllAccessors: .DiscreteClock

===========================================================================================
----------------- testing Mon Mar 18 04:33:49 UTC 2019 /home/travis/build/icyphy/ptII/ptolemy/domains/continuous/test/auto/EfficiencyCurve.xml
----------------- Instantiating /home/travis/build/icyphy/ptII/ptolemy/domains/continuous/test/auto/EfficiencyCurve.xml
62 ms. Memory: 734720K Free: 123609K (17%)
----------------- Invoking toplevel() on ptolemy.moml.MoMLSimpleApplication@32a68eda
----------------- Done invoking toplevel() on ptolemy.moml.MoMLSimpleApplication@32a68eda
reloadAllAccessors: .EfficiencyCurve

===========================================================================================
----------------- testing Mon Mar 18 04:33:49 UTC 2019 /home/travis/build/icyphy/ptII/ptolemy/domains/continuous/test/auto/ExponentialResponse.xml
----------------- Instantiating /home/travis/build/icyphy/ptII/ptolemy/domains/continuous/test/auto/ExponentialResponse.xml
106 ms. Memory: 734720K Free: 104209K (14%)
----------------- Invoking toplevel() on ptolemy.moml.MoMLSimpleApplication@71d44065
----------------- Done invoking toplevel() on ptolemy.moml.MoMLSimpleApplication@71d44065
reloadAllAccessors: .ExponentialResponse

===========================================================================================
----------------- testing Mon Mar 18 04:33:49 UTC 2019 /home/travis/build/icyphy/ptII/ptolemy/domains/continuous/test/auto/ExponentialResponseRK45.xml
----------------- Instantiating /home/travis/build/icyphy/ptII/ptolemy/domains/continuous/test/auto/ExponentialResponseRK45.xml
23 ms. Memory: 734720K Free: 90096K (12%)
----------------- Invoking toplevel() on ptolemy.moml.MoMLSimpleApplication@2908dd0
----------------- Done invoking toplevel() on ptolemy.moml.MoMLSimpleApplication@2908dd0
reloadAllAccessors: .ExponentialResponseRK45

===========================================================================================
----------------- testing Mon Mar 18 04:33:49 UTC 2019 /home/travis/build/icyphy/ptII/ptolemy/domains/continuous/test/auto/Friction.xml
----------------- Instantiating /home/travis/build/icyphy/ptII/ptolemy/domains/continuous/test/auto/Friction.xml
1341 ms. Memory: 698368K Free: 262631K (38%)
----------------- Invoking toplevel() on ptolemy.moml.MoMLSimpleApplication@5898fd32
----------------- Done invoking toplevel() on ptolemy.moml.MoMLSimpleApplication@5898fd32
reloadAllAccessors: .Friction

===========================================================================================
----------------- testing Mon Mar 18 04:33:51 UTC 2019 /home/travis/build/icyphy/ptII/ptolemy/domains/continuous/test/auto/FurutaPendulum.xml
----------------- Instantiating /home/travis/build/icyphy/ptII/ptolemy/domains/continuous/test/auto/FurutaPendulum.xml
3152 ms. Memory: 671744K Free: 349958K (52%)
----------------- Invoking toplevel() on ptolemy.moml.MoMLSimpleApplication@59d52d69
----------------- Done invoking toplevel() on ptolemy.moml.MoMLSimpleApplication@59d52d69
reloadAllAccessors: .FurutaPendulum

===========================================================================================
----------------- testing Mon Mar 18 04:33:54 UTC 2019 /home/travis/build/icyphy/ptII/ptolemy/domains/continuous/test/auto/HierarchicalExecution.xml
----------------- Instantiating /home/travis/build/icyphy/ptII/ptolemy/domains/continuous/test/auto/HierarchicalExecution.xml
1629 ms. Memory: 647168K Free: 610495K (94%)
----------------- Invoking toplevel() on ptolemy.moml.MoMLSimpleApplication@ff5ad17
----------------- Done invoking toplevel() on ptolemy.moml.MoMLSimpleApplication@ff5ad17
reloadAllAccessors: .HierarchicalExecution

===========================================================================================
----------------- testing Mon Mar 18 04:33:56 UTC 2019 /home/travis/build/icyphy/ptII/ptolemy/domains/continuous/test/auto/HybridPlant.xml
----------------- Instantiating /home/travis/build/icyphy/ptII/ptolemy/domains/continuous/test/auto/HybridPlant.xml
492 ms. Memory: 647168K Free: 334828K (52%)
----------------- Invoking toplevel() on ptolemy.moml.MoMLSimpleApplication@4dedc067
----------------- Done invoking toplevel() on ptolemy.moml.MoMLSimpleApplication@4dedc067
reloadAllAccessors: .HybridPlant

===========================================================================================
----------------- testing Mon Mar 18 04:33:56 UTC 2019 /home/travis/build/icyphy/ptII/ptolemy/domains/continuous/test/auto/Hysteresis.xml
----------------- Instantiating /home/travis/build/icyphy/ptII/ptolemy/domains/continuous/test/auto/Hysteresis.xml
132 ms. Memory: 647168K Free: 272205K (42%)
----------------- Invoking toplevel() on ptolemy.moml.MoMLSimpleApplication@791d3fa1
----------------- Done invoking toplevel() on ptolemy.moml.MoMLSimpleApplication@791d3fa1
reloadAllAccessors: .Hysteresis

===========================================================================================
----------------- testing Mon Mar 18 04:33:56 UTC 2019 /home/travis/build/icyphy/ptII/ptolemy/domains/continuous/test/auto/HysteresisWithRandomDelay.xml
----------------- Instantiating /home/travis/build/icyphy/ptII/ptolemy/domains/continuous/test/auto/HysteresisWithRandomDelay.xml
173 ms. Memory: 647168K Free: 192844K (30%)
----------------- Invoking toplevel() on ptolemy.moml.MoMLSimpleApplication@12f4ff75
----------------- Done invoking toplevel() on ptolemy.moml.MoMLSimpleApplication@12f4ff75
reloadAllAccessors: .HysteresisWithRandomDelay

===========================================================================================
----------------- testing Mon Mar 18 04:33:57 UTC 2019 /home/travis/build/icyphy/ptII/ptolemy/domains/continuous/test/auto/HysteresisWithRandomLosses.xml
----------------- Instantiating /home/travis/build/icyphy/ptII/ptolemy/domains/continuous/test/auto/HysteresisWithRandomLosses.xml
2108 ms. Memory: 589312K Free: 466066K (79%)
----------------- Invoking toplevel() on ptolemy.moml.MoMLSimpleApplication@3ad66d3f
----------------- Done invoking toplevel() on ptolemy.moml.MoMLSimpleApplication@3ad66d3f
reloadAllAccessors: .HysteresisWithRandomLosses

===========================================================================================
----------------- testing Mon Mar 18 04:33:59 UTC 2019 /home/travis/build/icyphy/ptII/ptolemy/domains/continuous/test/auto/ImmediateTransitions.xml
----------------- Instantiating /home/travis/build/icyphy/ptII/ptolemy/domains/continuous/test/auto/ImmediateTransitions.xml
9 ms. Memory: 589312K Free: 453405K (77%)
----------------- Invoking toplevel() on ptolemy.moml.MoMLSimpleApplication@3bf5a34a
----------------- Done invoking toplevel() on ptolemy.moml.MoMLSimpleApplication@3bf5a34a
reloadAllAccessors: .ImmediateTransitions

===========================================================================================
----------------- testing Mon Mar 18 04:33:59 UTC 2019 /home/travis/build/icyphy/ptII/ptolemy/domains/continuous/test/auto/ImpulseFeedback.xml
----------------- Instantiating /home/travis/build/icyphy/ptII/ptolemy/domains/continuous/test/auto/ImpulseFeedback.xml
10 ms. Memory: 589312K Free: 442411K (75%)
----------------- Invoking toplevel() on ptolemy.moml.MoMLSimpleApplication@6de1d120
----------------- Done invoking toplevel() on ptolemy.moml.MoMLSimpleApplication@6de1d120
reloadAllAccessors: .ImpulseFeedback

===========================================================================================
----------------- testing Mon Mar 18 04:33:59 UTC 2019 /home/travis/build/icyphy/ptII/ptolemy/domains/continuous/test/auto/ImpulseFeedback2.xml
----------------- Instantiating /home/travis/build/icyphy/ptII/ptolemy/domains/continuous/test/auto/ImpulseFeedback2.xml
6 ms. Memory: 589312K Free: 431441K (73%)
----------------- Invoking toplevel() on ptolemy.moml.MoMLSimpleApplication@88d38c3
----------------- Done invoking toplevel() on ptolemy.moml.MoMLSimpleApplication@88d38c3
reloadAllAccessors: .ImpulseFeedback2

===========================================================================================
----------------- testing Mon Mar 18 04:33:59 UTC 2019 /home/travis/build/icyphy/ptII/ptolemy/domains/continuous/test/auto/IncreasingRatePoisson.xml
----------------- Instantiating /home/travis/build/icyphy/ptII/ptolemy/domains/continuous/test/auto/IncreasingRatePoisson.xml
667 ms. Memory: 589312K Free: 107961K (18%)
----------------- Invoking toplevel() on ptolemy.moml.MoMLSimpleApplication@7698259c
----------------- Done invoking toplevel() on ptolemy.moml.MoMLSimpleApplication@7698259c
reloadAllAccessors: .IncreasingRatePoisson

===========================================================================================
----------------- testing Mon Mar 18 04:34:00 UTC 2019 /home/travis/build/icyphy/ptII/ptolemy/domains/continuous/test/auto/InitialStateFeedback.xml
----------------- Instantiating /home/travis/build/icyphy/ptII/ptolemy/domains/continuous/test/auto/InitialStateFeedback.xml
8 ms. Memory: 589312K Free: 100377K (17%)
----------------- Invoking toplevel() on ptolemy.moml.MoMLSimpleApplication@1167d2da
----------------- Done invoking toplevel() on ptolemy.moml.MoMLSimpleApplication@1167d2da
reloadAllAccessors: .InitialStateFeedback

===========================================================================================
----------------- testing Mon Mar 18 04:34:00 UTC 2019 /home/travis/build/icyphy/ptII/ptolemy/domains/continuous/test/auto/Integration.xml
----------------- Instantiating /home/travis/build/icyphy/ptII/ptolemy/domains/continuous/test/auto/Integration.xml
2 ms. Memory: 589312K Free: 92591K (16%)
----------------- Invoking toplevel() on ptolemy.moml.MoMLSimpleApplication@487bd43d
----------------- Done invoking toplevel() on ptolemy.moml.MoMLSimpleApplication@487bd43d
reloadAllAccessors: .Integration

===========================================================================================
----------------- testing Mon Mar 18 04:34:00 UTC 2019 /home/travis/build/icyphy/ptII/ptolemy/domains/continuous/test/auto/Integration2.xml
----------------- Instantiating /home/travis/build/icyphy/ptII/ptolemy/domains/continuous/test/auto/Integration2.xml
86 ms. Memory: 589312K Free: 74849K (13%)
----------------- Invoking toplevel() on ptolemy.moml.MoMLSimpleApplication@73aaa1a
----------------- Done invoking toplevel() on ptolemy.moml.MoMLSimpleApplication@73aaa1a
reloadAllAccessors: .Integration2

===========================================================================================
----------------- testing Mon Mar 18 04:34:00 UTC 2019 /home/travis/build/icyphy/ptII/ptolemy/domains/continuous/test/auto/Integration3.xml
----------------- Instantiating /home/travis/build/icyphy/ptII/ptolemy/domains/continuous/test/auto/Integration3.xml
2 ms. Memory: 589312K Free: 67264K (11%)
----------------- Invoking toplevel() on ptolemy.moml.MoMLSimpleApplication@7a2d4995
----------------- Done invoking toplevel() on ptolemy.moml.MoMLSimpleApplication@7a2d4995
reloadAllAccessors: .Integration3

===========================================================================================
----------------- testing Mon Mar 18 04:34:00 UTC 2019 /home/travis/build/icyphy/ptII/ptolemy/domains/continuous/test/auto/Integration5.xml
----------------- Instantiating /home/travis/build/icyphy/ptII/ptolemy/domains/continuous/test/auto/Integration5.xml
2 ms. Memory: 589312K Free: 59680K (10%)
----------------- Invoking toplevel() on ptolemy.moml.MoMLSimpleApplication@50ea0e5c
----------------- Done invoking toplevel() on ptolemy.moml.MoMLSimpleApplication@50ea0e5c
reloadAllAccessors: .Integration5

===========================================================================================
----------------- testing Mon Mar 18 04:34:00 UTC 2019 /home/travis/build/icyphy/ptII/ptolemy/domains/continuous/test/auto/IntegratorImpulse.xml
----------------- Instantiating /home/travis/build/icyphy/ptII/ptolemy/domains/continuous/test/auto/IntegratorImpulse.xml
2 ms. Memory: 589312K Free: 53141K (9%)
----------------- Invoking toplevel() on ptolemy.moml.MoMLSimpleApplication@5dbb8a06
----------------- Done invoking toplevel() on ptolemy.moml.MoMLSimpleApplication@5dbb8a06
reloadAllAccessors: .IntegratorImpulse

===========================================================================================
----------------- testing Mon Mar 18 04:34:00 UTC 2019 /home/travis/build/icyphy/ptII/ptolemy/domains/continuous/test/auto/IntegratorImpulse2.xml
----------------- Instantiating /home/travis/build/icyphy/ptII/ptolemy/domains/continuous/test/auto/IntegratorImpulse2.xml
4 ms. Memory: 574464K Free: 538616K (94%)
----------------- Invoking toplevel() on ptolemy.moml.MoMLSimpleApplication@6e0a38ab
----------------- Done invoking toplevel() on ptolemy.moml.MoMLSimpleApplication@6e0a38ab
reloadAllAccessors: .IntegratorImpulse2

===========================================================================================
----------------- testing Mon Mar 18 04:34:00 UTC 2019 /home/travis/build/icyphy/ptII/ptolemy/domains/continuous/test/auto/LevelCrossing1.xml
----------------- Instantiating /home/travis/build/icyphy/ptII/ptolemy/domains/continuous/test/auto/LevelCrossing1.xml
3 ms. Memory: 574464K Free: 528015K (92%)
----------------- Invoking toplevel() on ptolemy.moml.MoMLSimpleApplication@449a5fb7
----------------- Done invoking toplevel() on ptolemy.moml.MoMLSimpleApplication@449a5fb7
reloadAllAccessors: .LevelCrossing1

===========================================================================================
----------------- testing Mon Mar 18 04:34:00 UTC 2019 /home/travis/build/icyphy/ptII/ptolemy/domains/continuous/test/auto/LevelCrossing2.xml
----------------- Instantiating /home/travis/build/icyphy/ptII/ptolemy/domains/continuous/test/auto/LevelCrossing2.xml
3 ms. Memory: 574464K Free: 517413K (90%)
----------------- Invoking toplevel() on ptolemy.moml.MoMLSimpleApplication@7b37919
----------------- Done invoking toplevel() on ptolemy.moml.MoMLSimpleApplication@7b37919
reloadAllAccessors: .LevelCrossing2

===========================================================================================
----------------- testing Mon Mar 18 04:34:00 UTC 2019 /home/travis/build/icyphy/ptII/ptolemy/domains/continuous/test/auto/LevelCrossing3.xml
----------------- Instantiating /home/travis/build/icyphy/ptII/ptolemy/domains/continuous/test/auto/LevelCrossing3.xml
2 ms. Memory: 574464K Free: 506994K (88%)
----------------- Invoking toplevel() on ptolemy.moml.MoMLSimpleApplication@74cf04eb
----------------- Done invoking toplevel() on ptolemy.moml.MoMLSimpleApplication@74cf04eb
reloadAllAccessors: .LevelCrossing3

===========================================================================================
----------------- testing Mon Mar 18 04:34:00 UTC 2019 /home/travis/build/icyphy/ptII/ptolemy/domains/continuous/test/auto/LevelCrossing4.xml
----------------- Instantiating /home/travis/build/icyphy/ptII/ptolemy/domains/continuous/test/auto/LevelCrossing4.xml
2 ms. Memory: 574464K Free: 496376K (86%)
----------------- Invoking toplevel() on ptolemy.moml.MoMLSimpleApplication@3487e48
----------------- Done invoking toplevel() on ptolemy.moml.MoMLSimpleApplication@3487e48
reloadAllAccessors: .LevelCrossing4

===========================================================================================
----------------- testing Mon Mar 18 04:34:00 UTC 2019 /home/travis/build/icyphy/ptII/ptolemy/domains/continuous/test/auto/LevelCrossing5.xml
----------------- Instantiating /home/travis/build/icyphy/ptII/ptolemy/domains/continuous/test/auto/LevelCrossing5.xml
3 ms. Memory: 574464K Free: 485775K (85%)
----------------- Invoking toplevel() on ptolemy.moml.MoMLSimpleApplication@4160a43
----------------- Done invoking toplevel() on ptolemy.moml.MoMLSimpleApplication@4160a43
reloadAllAccessors: .LevelCrossing5

===========================================================================================
[...]
----------------- Instantiating /home/travis/build/icyphy/ptII/ptolemy/domains/continuous/test/auto/SRinContinuous.xml
7 ms. Memory: 391680K Free: 176501K (45%)
----------------- Invoking toplevel() on ptolemy.moml.MoMLSimpleApplication@2035b03
----------------- Done invoking toplevel() on ptolemy.moml.MoMLSimpleApplication@2035b03
reloadAllAccessors: .SRinContinuous

===========================================================================================
----------------- testing Mon Mar 18 04:34:16 UTC 2019 /home/travis/build/icyphy/ptII/ptolemy/domains/continuous/test/auto/SampledClocks.xml
----------------- Instantiating /home/travis/build/icyphy/ptII/ptolemy/domains/continuous/test/auto/SampledClocks.xml
8 ms. Memory: 391680K Free: 166449K (42%)
----------------- Invoking toplevel() on ptolemy.moml.MoMLSimpleApplication@4874b5ba
----------------- Done invoking toplevel() on ptolemy.moml.MoMLSimpleApplication@4874b5ba
reloadAllAccessors: .SampledClocks

===========================================================================================
----------------- testing Mon Mar 18 04:34:16 UTC 2019 /home/travis/build/icyphy/ptII/ptolemy/domains/continuous/test/auto/Satellite.xml
----------------- Instantiating /home/travis/build/icyphy/ptII/ptolemy/domains/continuous/test/auto/Satellite.xml
775 ms. Memory: 371712K Free: 267182K (72%)
----------------- Invoking toplevel() on ptolemy.moml.MoMLSimpleApplication@2419e3be
----------------- Done invoking toplevel() on ptolemy.moml.MoMLSimpleApplication@2419e3be
reloadAllAccessors: .Satellite

===========================================================================================
----------------- testing Mon Mar 18 04:34:17 UTC 2019 /home/travis/build/icyphy/ptII/ptolemy/domains/continuous/test/auto/SigmaDelta.xml
----------------- Instantiating /home/travis/build/icyphy/ptII/ptolemy/domains/continuous/test/auto/SigmaDelta.xml
2334 ms. Memory: 365056K Free: 169039K (46%)
----------------- Invoking toplevel() on ptolemy.moml.MoMLSimpleApplication@120b02bb
----------------- Done invoking toplevel() on ptolemy.moml.MoMLSimpleApplication@120b02bb
reloadAllAccessors: .SigmaDelta

===========================================================================================
----------------- testing Mon Mar 18 04:34:20 UTC 2019 /home/travis/build/icyphy/ptII/ptolemy/domains/continuous/test/auto/SingleRefinement.xml
----------------- Instantiating /home/travis/build/icyphy/ptII/ptolemy/domains/continuous/test/auto/SingleRefinement.xml
300 ms. Memory: 429056K Free: 322172K (75%)
----------------- Invoking toplevel() on ptolemy.moml.MoMLSimpleApplication@28b92142
----------------- Done invoking toplevel() on ptolemy.moml.MoMLSimpleApplication@28b92142
reloadAllAccessors: .SingleRefinement

===========================================================================================
----------------- testing Mon Mar 18 04:34:20 UTC 2019 /home/travis/build/icyphy/ptII/ptolemy/domains/continuous/test/auto/SinuBouncingBall.xml
----------------- Instantiating /home/travis/build/icyphy/ptII/ptolemy/domains/continuous/test/auto/SinuBouncingBall.xml
773 ms. Memory: 429056K Free: 95367K (22%)
----------------- Invoking toplevel() on ptolemy.moml.MoMLSimpleApplication@4188554d
----------------- Done invoking toplevel() on ptolemy.moml.MoMLSimpleApplication@4188554d
reloadAllAccessors: .SinuBouncingBall

===========================================================================================
----------------- testing Mon Mar 18 04:34:21 UTC 2019 /home/travis/build/icyphy/ptII/ptolemy/domains/continuous/test/auto/Sinusoid.xml
----------------- Instantiating /home/travis/build/icyphy/ptII/ptolemy/domains/continuous/test/auto/Sinusoid.xml
5 ms. Memory: 429056K Free: 89226K (21%)
----------------- Invoking toplevel() on ptolemy.moml.MoMLSimpleApplication@1cab00c9
----------------- Done invoking toplevel() on ptolemy.moml.MoMLSimpleApplication@1cab00c9
reloadAllAccessors: .Sinusoid

===========================================================================================
----------------- testing Mon Mar 18 04:34:21 UTC 2019 /home/travis/build/icyphy/ptII/ptolemy/domains/continuous/test/auto/SinusoidInNoise.xml
----------------- Instantiating /home/travis/build/icyphy/ptII/ptolemy/domains/continuous/test/auto/SinusoidInNoise.xml
869 ms. Memory: 413696K Free: 219412K (53%)
----------------- Invoking toplevel() on ptolemy.moml.MoMLSimpleApplication@3bb2012d
----------------- Done invoking toplevel() on ptolemy.moml.MoMLSimpleApplication@3bb2012d
reloadAllAccessors: .SinusoidInNoise

===========================================================================================
----------------- testing Mon Mar 18 04:34:22 UTC 2019 /home/travis/build/icyphy/ptII/ptolemy/domains/continuous/test/auto/SinusoidRK45.xml
----------------- Instantiating /home/travis/build/icyphy/ptII/ptolemy/domains/continuous/test/auto/SinusoidRK45.xml
3 ms. Memory: 413696K Free: 212549K (51%)
----------------- Invoking toplevel() on ptolemy.moml.MoMLSimpleApplication@6f01038
----------------- Done invoking toplevel() on ptolemy.moml.MoMLSimpleApplication@6f01038
reloadAllAccessors: .SinusoidRK45

===========================================================================================
----------------- testing Mon Mar 18 04:34:22 UTC 2019 /home/travis/build/icyphy/ptII/ptolemy/domains/continuous/test/auto/SinusoidWithMultipleImpulses.xml
----------------- Instantiating /home/travis/build/icyphy/ptII/ptolemy/domains/continuous/test/auto/SinusoidWithMultipleImpulses.xml
3 ms. Memory: 413696K Free: 206638K (50%)
----------------- Invoking toplevel() on ptolemy.moml.MoMLSimpleApplication@461e800
----------------- Done invoking toplevel() on ptolemy.moml.MoMLSimpleApplication@461e800
reloadAllAccessors: .SinusoidWithMultipleImpulses

===========================================================================================
----------------- testing Mon Mar 18 04:34:22 UTC 2019 /home/travis/build/icyphy/ptII/ptolemy/domains/continuous/test/auto/SquareWave.xml
----------------- Instantiating /home/travis/build/icyphy/ptII/ptolemy/domains/continuous/test/auto/SquareWave.xml
162 ms. Memory: 413696K Free: 177548K (43%)
----------------- Invoking toplevel() on ptolemy.moml.MoMLSimpleApplication@1997142f
----------------- Done invoking toplevel() on ptolemy.moml.MoMLSimpleApplication@1997142f
reloadAllAccessors: .SquareWave

===========================================================================================
----------------- testing Mon Mar 18 04:34:22 UTC 2019 /home/travis/build/icyphy/ptII/ptolemy/domains/continuous/test/auto/Starmac.xml
----------------- Instantiating /home/travis/build/icyphy/ptII/ptolemy/domains/continuous/test/auto/Starmac.xml
3096 ms. Memory: 498688K Free: 229315K (46%)
----------------- Invoking toplevel() on ptolemy.moml.MoMLSimpleApplication@38066ac9
----------------- Done invoking toplevel() on ptolemy.moml.MoMLSimpleApplication@38066ac9
reloadAllAccessors: .Starmac

===========================================================================================
----------------- testing Mon Mar 18 04:34:26 UTC 2019 /home/travis/build/icyphy/ptII/ptolemy/domains/continuous/test/auto/StaticUnits.xml
----------------- Instantiating /home/travis/build/icyphy/ptII/ptolemy/domains/continuous/test/auto/StaticUnits.xml
2089 ms. Memory: 481792K Free: 171470K (36%)
----------------- Invoking toplevel() on ptolemy.moml.MoMLSimpleApplication@343b2e22
----------------- Done invoking toplevel() on ptolemy.moml.MoMLSimpleApplication@343b2e22
reloadAllAccessors: .StaticUnits

===========================================================================================
----------------- testing Mon Mar 18 04:34:28 UTC 2019 /home/travis/build/icyphy/ptII/ptolemy/domains/continuous/test/auto/StickyMasses.xml
----------------- Instantiating /home/travis/build/icyphy/ptII/ptolemy/domains/continuous/test/auto/StickyMasses.xml
129 ms. Memory: 481792K Free: 115270K (24%)
----------------- Invoking toplevel() on ptolemy.moml.MoMLSimpleApplication@46fca8f3
----------------- Done invoking toplevel() on ptolemy.moml.MoMLSimpleApplication@46fca8f3
reloadAllAccessors: .StickyMasses

===========================================================================================
----------------- testing Mon Mar 18 04:34:28 UTC 2019 /home/travis/build/icyphy/ptII/ptolemy/domains/continuous/test/auto/StopTime.xml
----------------- Instantiating /home/travis/build/icyphy/ptII/ptolemy/domains/continuous/test/auto/StopTime.xml
45 ms. Memory: 481792K Free: 88616K (18%)
----------------- Invoking toplevel() on ptolemy.moml.MoMLSimpleApplication@7d9775d9
----------------- Done invoking toplevel() on ptolemy.moml.MoMLSimpleApplication@7d9775d9
reloadAllAccessors: .StopTime

===========================================================================================
----------------- testing Mon Mar 18 04:34:28 UTC 2019 /home/travis/build/icyphy/ptII/ptolemy/domains/continuous/test/auto/StopTime2.xml
----------------- Instantiating /home/travis/build/icyphy/ptII/ptolemy/domains/continuous/test/auto/StopTime2.xml
33 ms. Memory: 481792K Free: 63946K (13%)
----------------- Invoking toplevel() on ptolemy.moml.MoMLSimpleApplication@710842b4
----------------- Done invoking toplevel() on ptolemy.moml.MoMLSimpleApplication@710842b4
reloadAllAccessors: .StopTime2

===========================================================================================
----------------- testing Mon Mar 18 04:34:28 UTC 2019 /home/travis/build/icyphy/ptII/ptolemy/domains/continuous/test/auto/Switch.xml
----------------- Instantiating /home/travis/build/icyphy/ptII/ptolemy/domains/continuous/test/auto/Switch.xml
33 ms. Memory: 481792K Free: 35259K (7%)
----------------- Invoking toplevel() on ptolemy.moml.MoMLSimpleApplication@4c1d6f4
----------------- Done invoking toplevel() on ptolemy.moml.MoMLSimpleApplication@4c1d6f4
reloadAllAccessors: .Switch

===========================================================================================
----------------- testing Mon Mar 18 04:34:28 UTC 2019 /home/travis/build/icyphy/ptII/ptolemy/domains/continuous/test/auto/Thermostat.xml
----------------- Instantiating /home/travis/build/icyphy/ptII/ptolemy/domains/continuous/test/auto/Thermostat.xml
180 ms. Memory: 458240K Free: 331641K (72%)
----------------- Invoking toplevel() on ptolemy.moml.MoMLSimpleApplication@643bf40d
----------------- Done invoking toplevel() on ptolemy.moml.MoMLSimpleApplication@643bf40d
reloadAllAccessors: .Thermostat

===========================================================================================
----------------- testing Mon Mar 18 04:34:29 UTC 2019 /home/travis/build/icyphy/ptII/ptolemy/domains/continuous/test/auto/TimeDelay.xml
----------------- Instantiating /home/travis/build/icyphy/ptII/ptolemy/domains/continuous/test/auto/TimeDelay.xml
6 ms. Memory: 458240K Free: 323958K (71%)
----------------- Invoking toplevel() on ptolemy.moml.MoMLSimpleApplication@3c2bdebb
----------------- Done invoking toplevel() on ptolemy.moml.MoMLSimpleApplication@3c2bdebb
reloadAllAccessors: .TimeDelay

===========================================================================================
----------------- testing Mon Mar 18 04:34:29 UTC 2019 /home/travis/build/icyphy/ptII/ptolemy/domains/continuous/test/auto/TimeDelay2.xml
----------------- Instantiating /home/travis/build/icyphy/ptII/ptolemy/domains/continuous/test/auto/TimeDelay2.xml
7 ms. Memory: 458240K Free: 313607K (68%)
----------------- Invoking toplevel() on ptolemy.moml.MoMLSimpleApplication@5acec2bd
----------------- Done invoking toplevel() on ptolemy.moml.MoMLSimpleApplication@5acec2bd
reloadAllAccessors: .TimeDelay2

===========================================================================================
----------------- testing Mon Mar 18 04:34:29 UTC 2019 /home/travis/build/icyphy/ptII/ptolemy/domains/continuous/test/auto/TimeDelay3.xml
----------------- Instantiating /home/travis/build/icyphy/ptII/ptolemy/domains/continuous/test/auto/TimeDelay3.xml
9 ms. Memory: 458240K Free: 306966K (67%)
----------------- Invoking toplevel() on ptolemy.moml.MoMLSimpleApplication@433aff62
----------------- Done invoking toplevel() on ptolemy.moml.MoMLSimpleApplication@433aff62
reloadAllAccessors: .TimeDelay3

===========================================================================================
----------------- testing Mon Mar 18 04:34:29 UTC 2019 /home/travis/build/icyphy/ptII/ptolemy/domains/continuous/test/auto/TransferAbsentToInside.xml
----------------- Instantiating /home/travis/build/icyphy/ptII/ptolemy/domains/continuous/test/auto/TransferAbsentToInside.xml
25 ms. Memory: 458240K Free: 249279K (54%)
----------------- Invoking toplevel() on ptolemy.moml.MoMLSimpleApplication@3ab1b6c7
----------------- Done invoking toplevel() on ptolemy.moml.MoMLSimpleApplication@3ab1b6c7
reloadAllAccessors: .TransferAbsentToInside

===========================================================================================
----------------- testing Mon Mar 18 04:34:29 UTC 2019 /home/travis/build/icyphy/ptII/ptolemy/domains/continuous/test/auto/Transmission.xml
----------------- Instantiating /home/travis/build/icyphy/ptII/ptolemy/domains/continuous/test/auto/Transmission.xml
753 ms. Memory: 458240K Free: 13900K (3%)
----------------- Invoking toplevel() on ptolemy.moml.MoMLSimpleApplication@1f2d5a6f
----------------- Done invoking toplevel() on ptolemy.moml.MoMLSimpleApplication@1f2d5a6f
reloadAllAccessors: .Transmission

===========================================================================================
----------------- testing Mon Mar 18 04:34:30 UTC 2019 /home/travis/build/icyphy/ptII/ptolemy/domains/continuous/test/auto/TriggeredContinuousClock.xml
----------------- Instantiating /home/travis/build/icyphy/ptII/ptolemy/domains/continuous/test/auto/TriggeredContinuousClock.xml
32 ms. Memory: 449024K Free: 348338K (78%)
----------------- Invoking toplevel() on ptolemy.moml.MoMLSimpleApplication@675ededc
----------------- Done invoking toplevel() on ptolemy.moml.MoMLSimpleApplication@675ededc
reloadAllAccessors: .TriggeredContinuousClock

===========================================================================================
----------------- testing Mon Mar 18 04:34:30 UTC 2019 /home/travis/build/icyphy/ptII/ptolemy/domains/continuous/test/auto/TwoMachineInfiniteBusControl.xml
----------------- Instantiating /home/travis/build/icyphy/ptII/ptolemy/domains/continuous/test/auto/TwoMachineInfiniteBusControl.xml
2977 ms. Memory: 425984K Free: 105882K (25%)
----------------- Invoking toplevel() on ptolemy.moml.MoMLSimpleApplication@78f0e80b
----------------- Done invoking toplevel() on ptolemy.moml.MoMLSimpleApplication@78f0e80b
reloadAllAccessors: .TwoMachineInfiniteBusControl

===========================================================================================
----------------- testing Mon Mar 18 04:34:33 UTC 2019 /home/travis/build/icyphy/ptII/ptolemy/domains/continuous/test/auto/V2V.xml
----------------- Instantiating /home/travis/build/icyphy/ptII/ptolemy/domains/continuous/test/auto/V2V.xml
667 ms. Memory: 409600K Free: 237635K (58%)
----------------- Invoking toplevel() on ptolemy.moml.MoMLSimpleApplication@4e181cab
----------------- Done invoking toplevel() on ptolemy.moml.MoMLSimpleApplication@4e181cab
reloadAllAccessors: .V2V

===========================================================================================
----------------- testing Mon Mar 18 04:34:33 UTC 2019 /home/travis/build/icyphy/ptII/ptolemy/domains/continuous/test/auto/hierarchicalModalModel.xml
----------------- Instantiating /home/travis/build/icyphy/ptII/ptolemy/domains/continuous/test/auto/hierarchicalModalModel.xml
8 ms. Memory: 409600K Free: 219728K (54%)
----------------- Invoking toplevel() on ptolemy.moml.MoMLSimpleApplication@5b3eaf54
----------------- Done invoking toplevel() on ptolemy.moml.MoMLSimpleApplication@5b3eaf54
reloadAllAccessors: .hierarchicalModalModel

===========================================================================================
----------------- testing Mon Mar 18 04:34:33 UTC 2019 /home/travis/build/icyphy/ptII/ptolemy/domains/continuous/test/auto/hierarchicalModalModel1.xml
----------------- Instantiating /home/travis/build/icyphy/ptII/ptolemy/domains/continuous/test/auto/hierarchicalModalModel1.xml
7 ms. Memory: 409600K Free: 203009K (50%)
----------------- Invoking toplevel() on ptolemy.moml.MoMLSimpleApplication@6f13fad2
----------------- Done invoking toplevel() on ptolemy.moml.MoMLSimpleApplication@6f13fad2
reloadAllAccessors: .hierarchicalModalModel1

===========================================================================================
----------------- testing Mon Mar 18 04:34:34 UTC 2019 /home/travis/build/icyphy/ptII/ptolemy/domains/continuous/test/auto/hierarchicalModalModel2.xml
----------------- Instantiating /home/travis/build/icyphy/ptII/ptolemy/domains/continuous/test/auto/hierarchicalModalModel2.xml
6 ms. Memory: 409600K Free: 188870K (46%)
----------------- Invoking toplevel() on ptolemy.moml.MoMLSimpleApplication@6da1288e
----------------- Done invoking toplevel() on ptolemy.moml.MoMLSimpleApplication@6da1288e
reloadAllAccessors: .hierarchicalModalModel2

===========================================================================================
----------------- testing Mon Mar 18 04:34:34 UTC 2019 /home/travis/build/icyphy/ptII/ptolemy/domains/continuous/test/auto/hierarchicalModalModel3.xml
----------------- Instantiating /home/travis/build/icyphy/ptII/ptolemy/domains/continuous/test/auto/hierarchicalModalModel3.xml
5 ms. Memory: 409600K Free: 176033K (43%)
----------------- Invoking toplevel() on ptolemy.moml.MoMLSimpleApplication@7a663570
----------------- Done invoking toplevel() on ptolemy.moml.MoMLSimpleApplication@7a663570
reloadAllAccessors: .hierarchicalModalModel3

===========================================================================================
----------------- testing Mon Mar 18 04:34:34 UTC 2019 /home/travis/build/icyphy/ptII/ptolemy/domains/continuous/test/auto/hierarchicalModalModel4.xml
----------------- Instantiating /home/travis/build/icyphy/ptII/ptolemy/domains/continuous/test/auto/hierarchicalModalModel4.xml
5 ms. Memory: 409600K Free: 161934K (40%)
----------------- Invoking toplevel() on ptolemy.moml.MoMLSimpleApplication@62269e3b
----------------- Done invoking toplevel() on ptolemy.moml.MoMLSimpleApplication@62269e3b
reloadAllAccessors: .hierarchicalModalModel4

===========================================================================================
----------------- testing Mon Mar 18 04:34:34 UTC 2019 /home/travis/build/icyphy/ptII/ptolemy/domains/continuous/test/auto/junk.xml
----------------- Instantiating /home/travis/build/icyphy/ptII/ptolemy/domains/continuous/test/auto/junk.xml
121 ms. Memory: 409600K Free: 130802K (32%)
----------------- Invoking toplevel() on ptolemy.moml.MoMLSimpleApplication@3dd3d236
----------------- Done invoking toplevel() on ptolemy.moml.MoMLSimpleApplication@3dd3d236
reloadAllAccessors: .junk
AutoTests.java: About to close Vertx.
AutoTests.java: Vertx closed.
]]></system-out>
  <system-err><![CDATA[Warning: '.HysteresisWithRandomDelay.NonStrictTest' The test produced only 221 tokens, yet the correctValues parameter was expecting 222 tokens.
Warning: '.HysteresisWithRandomDelay.NonStrictTest2' The test produced only 220 tokens, yet the correctValues parameter was expecting 221 tokens.
Warning: '.HysteresisWithRandomDelay.NonStrictTest3' The test produced only 28 tokens, yet the correctValues parameter was expecting 30 tokens.
Warning: '.Poisson.NonStrictTest' The test produced only 374 tokens, yet the correctValues parameter was expecting 430 tokens.
]]></system-err>
</testsuite>
