<?xml version="1.0" encoding="UTF-8" ?>
<testsuite errors="0" failures="0" hostname="travis-job-89df8bd2-b429-4692-b9ee-847a0fe35675" name="ptolemy.domains.modal.test.junit.JUnitTclTest" skipped="0" tests="148" time="11.057" timestamp="2018-07-14T01:42:25">
  <properties>
[...]
</properties>
  <testcase classname="ptolemy.util.test.junit.TclTests" name="[0] /home/travis/build/icyphy/ptII/ptolemy/domains/modal/test/SystemLevelType.tcl (RunTclFile)" time="1.91" />
  <testcase classname="ptolemy.util.test.junit.AutoKnownFailedTests" name="[0] /home/travis/build/icyphy/ptII/ptolemy/domains/modal/test/auto/knownFailedTests/CannotAnalysisWithPreemption.xml (RunModel)" time="0.099" />
  <testcase classname="ptolemy.util.test.junit.AutoNameArchTests" name="[0] ThereAreNoAutoArchTests (RunModel)" time="0.0" />
  <testcase classname="ptolemy.util.test.junit.AutoTests" name="[0] /home/travis/build/icyphy/ptII/ptolemy/domains/modal/test/auto/ABPTest.xml (RunModel)" time="0.689" />
  <testcase classname="ptolemy.util.test.junit.AutoTests" name="[1] /home/travis/build/icyphy/ptII/ptolemy/domains/modal/test/auto/ABROFlat.xml (RunModel)" time="0.095" />
  <testcase classname="ptolemy.util.test.junit.AutoTests" name="[2] /home/travis/build/icyphy/ptII/ptolemy/domains/modal/test/auto/ABROFlat2.xml (RunModel)" time="0.097" />
  <testcase classname="ptolemy.util.test.junit.AutoTests" name="[3] /home/travis/build/icyphy/ptII/ptolemy/domains/modal/test/auto/ABRO_present_hmm.xml (RunModel)" time="0.167" />
  <testcase classname="ptolemy.util.test.junit.AutoTests" name="[4] /home/travis/build/icyphy/ptII/ptolemy/domains/modal/test/auto/AMICoderExample.xml (RunModel)" time="0.076" />
  <testcase classname="ptolemy.util.test.junit.AutoTests" name="[5] /home/travis/build/icyphy/ptII/ptolemy/domains/modal/test/auto/AbsentToPresent.xml (RunModel)" time="0.041" />
  <testcase classname="ptolemy.util.test.junit.AutoTests" name="[6] /home/travis/build/icyphy/ptII/ptolemy/domains/modal/test/auto/Blending.xml (RunModel)" time="0.314" />
  <testcase classname="ptolemy.util.test.junit.AutoTests" name="[7] /home/travis/build/icyphy/ptII/ptolemy/domains/modal/test/auto/Broadcast.xml (RunModel)" time="0.078" />
  <testcase classname="ptolemy.util.test.junit.AutoTests" name="[8] /home/travis/build/icyphy/ptII/ptolemy/domains/modal/test/auto/BroadcastHierarchy.xml (RunModel)" time="0.083" />
  <testcase classname="ptolemy.util.test.junit.AutoTests" name="[9] /home/travis/build/icyphy/ptII/ptolemy/domains/modal/test/auto/BroadcastHierarchy2.xml (RunModel)" time="0.141" />
  <testcase classname="ptolemy.util.test.junit.AutoTests" name="[10] /home/travis/build/icyphy/ptII/ptolemy/domains/modal/test/auto/BroadcastHierarchy3.xml (RunModel)" time="0.128" />
  <testcase classname="ptolemy.util.test.junit.AutoTests" name="[11] /home/travis/build/icyphy/ptII/ptolemy/domains/modal/test/auto/BroadcastHierarchy4.xml (RunModel)" time="0.101" />
  <testcase classname="ptolemy.util.test.junit.AutoTests" name="[12] /home/travis/build/icyphy/ptII/ptolemy/domains/modal/test/auto/CannotAnalysisWithPreemption2.xml (RunModel)" time="0.03" />
  <testcase classname="ptolemy.util.test.junit.AutoTests" name="[13] /home/travis/build/icyphy/ptII/ptolemy/domains/modal/test/auto/CannotAnalysisWithPreemption3.xml (RunModel)" time="0.038" />
  <testcase classname="ptolemy.util.test.junit.AutoTests" name="[14] /home/travis/build/icyphy/ptII/ptolemy/domains/modal/test/auto/CannotProduce.xml (RunModel)" time="0.035" />
  <testcase classname="ptolemy.util.test.junit.AutoTests" name="[15] /home/travis/build/icyphy/ptII/ptolemy/domains/modal/test/auto/CannotProduceModal.xml (RunModel)" time="0.029" />
  <testcase classname="ptolemy.util.test.junit.AutoTests" name="[16] /home/travis/build/icyphy/ptII/ptolemy/domains/modal/test/auto/Case.xml (RunModel)" time="0.081" />
  <testcase classname="ptolemy.util.test.junit.AutoTests" name="[17] /home/travis/build/icyphy/ptII/ptolemy/domains/modal/test/auto/Case1.xml (RunModel)" time="0.03" />
  <testcase classname="ptolemy.util.test.junit.AutoTests" name="[18] /home/travis/build/icyphy/ptII/ptolemy/domains/modal/test/auto/Case2.xml (RunModel)" time="0.057" />
  <testcase classname="ptolemy.util.test.junit.AutoTests" name="[19] /home/travis/build/icyphy/ptII/ptolemy/domains/modal/test/auto/CausalityInterface1.xml (RunModel)" time="0.03" />
  <testcase classname="ptolemy.util.test.junit.AutoTests" name="[20] /home/travis/build/icyphy/ptII/ptolemy/domains/modal/test/auto/CausalityInterface10.xml (RunModel)" time="0.071" />
  <testcase classname="ptolemy.util.test.junit.AutoTests" name="[21] /home/travis/build/icyphy/ptII/ptolemy/domains/modal/test/auto/CausalityInterface11.xml (RunModel)" time="0.073" />
  <testcase classname="ptolemy.util.test.junit.AutoTests" name="[22] /home/travis/build/icyphy/ptII/ptolemy/domains/modal/test/auto/CausalityInterface12.xml (RunModel)" time="0.061" />
  <testcase classname="ptolemy.util.test.junit.AutoTests" name="[23] /home/travis/build/icyphy/ptII/ptolemy/domains/modal/test/auto/CausalityInterface13.xml (RunModel)" time="0.069" />
  <testcase classname="ptolemy.util.test.junit.AutoTests" name="[24] /home/travis/build/icyphy/ptII/ptolemy/domains/modal/test/auto/CausalityInterface14.xml (RunModel)" time="0.061" />
  <testcase classname="ptolemy.util.test.junit.AutoTests" name="[25] /home/travis/build/icyphy/ptII/ptolemy/domains/modal/test/auto/CausalityInterface2.xml (RunModel)" time="0.033" />
  <testcase classname="ptolemy.util.test.junit.AutoTests" name="[26] /home/travis/build/icyphy/ptII/ptolemy/domains/modal/test/auto/CausalityInterface3.xml (RunModel)" time="0.049" />
  <testcase classname="ptolemy.util.test.junit.AutoTests" name="[27] /home/travis/build/icyphy/ptII/ptolemy/domains/modal/test/auto/CausalityInterface4.xml (RunModel)" time="0.028" />
  <testcase classname="ptolemy.util.test.junit.AutoTests" name="[28] /home/travis/build/icyphy/ptII/ptolemy/domains/modal/test/auto/CausalityInterface5.xml (RunModel)" time="0.041" />
  <testcase classname="ptolemy.util.test.junit.AutoTests" name="[29] /home/travis/build/icyphy/ptII/ptolemy/domains/modal/test/auto/CausalityInterface6.xml (RunModel)" time="0.042" />
  <testcase classname="ptolemy.util.test.junit.AutoTests" name="[30] /home/travis/build/icyphy/ptII/ptolemy/domains/modal/test/auto/CausalityInterface7.xml (RunModel)" time="0.036" />
  <testcase classname="ptolemy.util.test.junit.AutoTests" name="[31] /home/travis/build/icyphy/ptII/ptolemy/domains/modal/test/auto/CausalityInterface8.xml (RunModel)" time="0.048" />
  <testcase classname="ptolemy.util.test.junit.AutoTests" name="[32] /home/travis/build/icyphy/ptII/ptolemy/domains/modal/test/auto/CausalityInterface9.xml (RunModel)" time="0.042" />
  <testcase classname="ptolemy.util.test.junit.AutoTests" name="[33] /home/travis/build/icyphy/ptII/ptolemy/domains/modal/test/auto/ChainedTransitions.xml (RunModel)" time="0.149" />
  <testcase classname="ptolemy.util.test.junit.AutoTests" name="[34] /home/travis/build/icyphy/ptII/ptolemy/domains/modal/test/auto/CycleOfImmediateTransitionsFSM.xml (RunModel)" time="0.021" />
  <testcase classname="ptolemy.util.test.junit.AutoTests" name="[35] /home/travis/build/icyphy/ptII/ptolemy/domains/modal/test/auto/CycleOfImmediateTransitionsModal.xml (RunModel)" time="0.021" />
  <testcase classname="ptolemy.util.test.junit.AutoTests" name="[36] /home/travis/build/icyphy/ptII/ptolemy/domains/modal/test/auto/CycleOfImmediateTransitionsModal2.xml (RunModel)" time="0.035" />
  <testcase classname="ptolemy.util.test.junit.AutoTests" name="[37] /home/travis/build/icyphy/ptII/ptolemy/domains/modal/test/auto/CycleOfImmediateTransitionsModal3.xml (RunModel)" time="0.092" />
  <testcase classname="ptolemy.util.test.junit.AutoTests" name="[38] /home/travis/build/icyphy/ptII/ptolemy/domains/modal/test/auto/DeepModal1.xml (RunModel)" time="0.066" />
  <testcase classname="ptolemy.util.test.junit.AutoTests" name="[39] /home/travis/build/icyphy/ptII/ptolemy/domains/modal/test/auto/DeepModal2.xml (RunModel)" time="0.08" />
  <testcase classname="ptolemy.util.test.junit.AutoTests" name="[40] /home/travis/build/icyphy/ptII/ptolemy/domains/modal/test/auto/DeepModal3.xml (RunModel)" time="0.063" />
  <testcase classname="ptolemy.util.test.junit.AutoTests" name="[41] /home/travis/build/icyphy/ptII/ptolemy/domains/modal/test/auto/DeepModal4.xml (RunModel)" time="0.088" />
  <testcase classname="ptolemy.util.test.junit.AutoTests" name="[42] /home/travis/build/icyphy/ptII/ptolemy/domains/modal/test/auto/Default1.xml (RunModel)" time="0.019" />
  <testcase classname="ptolemy.util.test.junit.AutoTests" name="[43] /home/travis/build/icyphy/ptII/ptolemy/domains/modal/test/auto/Default2.xml (RunModel)" time="0.024" />
  <testcase classname="ptolemy.util.test.junit.AutoTests" name="[44] /home/travis/build/icyphy/ptII/ptolemy/domains/modal/test/auto/Default3.xml (RunModel)" time="0.025" />
  <testcase classname="ptolemy.util.test.junit.AutoTests" name="[45] /home/travis/build/icyphy/ptII/ptolemy/domains/modal/test/auto/Default4.xml (RunModel)" time="0.024" />
  <testcase classname="ptolemy.util.test.junit.AutoTests" name="[46] /home/travis/build/icyphy/ptII/ptolemy/domains/modal/test/auto/Default5.xml (RunModel)" time="0.038" />
  <testcase classname="ptolemy.util.test.junit.AutoTests" name="[47] /home/travis/build/icyphy/ptII/ptolemy/domains/modal/test/auto/EmptyGuard.xml (RunModel)" time="0.041" />
  <testcase classname="ptolemy.util.test.junit.AutoTests" name="[48] /home/travis/build/icyphy/ptII/ptolemy/domains/modal/test/auto/ErrorTransition1.xml (RunModel)" time="0.053" />
  <testcase classname="ptolemy.util.test.junit.AutoTests" name="[49] /home/travis/build/icyphy/ptII/ptolemy/domains/modal/test/auto/ErrorTransition10.xml (RunModel)" time="0.042" />
  <testcase classname="ptolemy.util.test.junit.AutoTests" name="[50] /home/travis/build/icyphy/ptII/ptolemy/domains/modal/test/auto/ErrorTransition11.xml (RunModel)" time="0.035" />
  <testcase classname="ptolemy.util.test.junit.AutoTests" name="[51] /home/travis/build/icyphy/ptII/ptolemy/domains/modal/test/auto/ErrorTransition2.xml (RunModel)" time="0.029" />
  <testcase classname="ptolemy.util.test.junit.AutoTests" name="[52] /home/travis/build/icyphy/ptII/ptolemy/domains/modal/test/auto/ErrorTransition3.xml (RunModel)" time="0.037" />
  <testcase classname="ptolemy.util.test.junit.AutoTests" name="[53] /home/travis/build/icyphy/ptII/ptolemy/domains/modal/test/auto/ErrorTransition4.xml (RunModel)" time="0.037" />
  <testcase classname="ptolemy.util.test.junit.AutoTests" name="[54] /home/travis/build/icyphy/ptII/ptolemy/domains/modal/test/auto/ErrorTransition5.xml (RunModel)" time="0.028" />
  <testcase classname="ptolemy.util.test.junit.AutoTests" name="[55] /home/travis/build/icyphy/ptII/ptolemy/domains/modal/test/auto/ErrorTransition6.xml (RunModel)" time="0.03" />
  <testcase classname="ptolemy.util.test.junit.AutoTests" name="[56] /home/travis/build/icyphy/ptII/ptolemy/domains/modal/test/auto/ErrorTransition7.xml (RunModel)" time="0.039" />
  <testcase classname="ptolemy.util.test.junit.AutoTests" name="[57] /home/travis/build/icyphy/ptII/ptolemy/domains/modal/test/auto/ErrorTransition8.xml (RunModel)" time="0.071" />
  <testcase classname="ptolemy.util.test.junit.AutoTests" name="[58] /home/travis/build/icyphy/ptII/ptolemy/domains/modal/test/auto/ErrorTransition9.xml (RunModel)" time="0.035" />
  <testcase classname="ptolemy.util.test.junit.AutoTests" name="[59] /home/travis/build/icyphy/ptII/ptolemy/domains/modal/test/auto/ExtendedFSM.xml (RunModel)" time="0.026" />
  <testcase classname="ptolemy.util.test.junit.AutoTests" name="[60] /home/travis/build/icyphy/ptII/ptolemy/domains/modal/test/auto/FinalStates.xml (RunModel)" time="0.025" />
  <testcase classname="ptolemy.util.test.junit.AutoTests" name="[61] /home/travis/build/icyphy/ptII/ptolemy/domains/modal/test/auto/FixedPointFSM.xml (RunModel)" time="0.048" />
  <testcase classname="ptolemy.util.test.junit.AutoTests" name="[62] /home/travis/build/icyphy/ptII/ptolemy/domains/modal/test/auto/FixedPointIterationFSMActor.xml (RunModel)" time="0.033" />
  <testcase classname="ptolemy.util.test.junit.AutoTests" name="[63] /home/travis/build/icyphy/ptII/ptolemy/domains/modal/test/auto/FixedPointIterationFSMActor2.xml (RunModel)" time="0.04" />
  <testcase classname="ptolemy.util.test.junit.AutoTests" name="[64] /home/travis/build/icyphy/ptII/ptolemy/domains/modal/test/auto/ForbiddenInstantanousLoop.xml (RunModel)" time="0.04" />
  <testcase classname="ptolemy.util.test.junit.AutoTests" name="[65] /home/travis/build/icyphy/ptII/ptolemy/domains/modal/test/auto/FunctionDependencyOfFSMActorTest.xml (RunModel)" time="0.035" />
  <testcase classname="ptolemy.util.test.junit.AutoTests" name="[66] /home/travis/build/icyphy/ptII/ptolemy/domains/modal/test/auto/GuardExpression.xml (RunModel)" time="0.018" />
  <testcase classname="ptolemy.util.test.junit.AutoTests" name="[67] /home/travis/build/icyphy/ptII/ptolemy/domains/modal/test/auto/GuardNotEvaluated.xml (RunModel)" time="0.029" />
  <testcase classname="ptolemy.util.test.junit.AutoTests" name="[68] /home/travis/build/icyphy/ptII/ptolemy/domains/modal/test/auto/GuardNotEvaluated2.xml (RunModel)" time="0.028" />
  <testcase classname="ptolemy.util.test.junit.AutoTests" name="[69] /home/travis/build/icyphy/ptII/ptolemy/domains/modal/test/auto/GuardOnAbsent.xml (RunModel)" time="0.035" />
  <testcase classname="ptolemy.util.test.junit.AutoTests" name="[70] /home/travis/build/icyphy/ptII/ptolemy/domains/modal/test/auto/HierarchicalFSMTypeInference.xml (RunModel)" time="0.028" />
  <testcase classname="ptolemy.util.test.junit.AutoTests" name="[71] /home/travis/build/icyphy/ptII/ptolemy/domains/modal/test/auto/Hysteresis.xml (RunModel)" time="0.042" />
  <testcase classname="ptolemy.util.test.junit.AutoTests" name="[72] /home/travis/build/icyphy/ptII/ptolemy/domains/modal/test/auto/HysteresisWithDefault.xml (RunModel)" time="0.074" />
  <testcase classname="ptolemy.util.test.junit.AutoTests" name="[73] /home/travis/build/icyphy/ptII/ptolemy/domains/modal/test/auto/HysteresisWithDefault2.xml (RunModel)" time="0.082" />
  <testcase classname="ptolemy.util.test.junit.AutoTests" name="[74] /home/travis/build/icyphy/ptII/ptolemy/domains/modal/test/auto/ImmediateNonConstructiveness.xml (RunModel)" time="0.027" />
  <testcase classname="ptolemy.util.test.junit.AutoTests" name="[75] /home/travis/build/icyphy/ptII/ptolemy/domains/modal/test/auto/ImmediateNonConstructiveness2.xml (RunModel)" time="0.026" />
  <testcase classname="ptolemy.util.test.junit.AutoTests" name="[76] /home/travis/build/icyphy/ptII/ptolemy/domains/modal/test/auto/ImmediateTransitionReset.xml (RunModel)" time="0.038" />
  <testcase classname="ptolemy.util.test.junit.AutoTests" name="[77] /home/travis/build/icyphy/ptII/ptolemy/domains/modal/test/auto/ImmediateTransitions1.xml (RunModel)" time="0.016" />
  <testcase classname="ptolemy.util.test.junit.AutoTests" name="[78] /home/travis/build/icyphy/ptII/ptolemy/domains/modal/test/auto/ImmediateTransitionsInstantaneousCommunication.xml (RunModel)" time="0.066" />
  <testcase classname="ptolemy.util.test.junit.AutoTests" name="[79] /home/travis/build/icyphy/ptII/ptolemy/domains/modal/test/auto/InitialImmediateTransition.xml (RunModel)" time="0.018" />
  <testcase classname="ptolemy.util.test.junit.AutoTests" name="[80] /home/travis/build/icyphy/ptII/ptolemy/domains/modal/test/auto/InitialOutputs.xml (RunModel)" time="0.021" />
  <testcase classname="ptolemy.util.test.junit.AutoTests" name="[81] /home/travis/build/icyphy/ptII/ptolemy/domains/modal/test/auto/InitialStateTransition1.xml (RunModel)" time="0.025" />
  <testcase classname="ptolemy.util.test.junit.AutoTests" name="[82] /home/travis/build/icyphy/ptII/ptolemy/domains/modal/test/auto/InitialStateTransition2.xml (RunModel)" time="0.024" />
  <testcase classname="ptolemy.util.test.junit.AutoTests" name="[83] /home/travis/build/icyphy/ptII/ptolemy/domains/modal/test/auto/InitialStateTransition3.xml (RunModel)" time="0.025" />
  <testcase classname="ptolemy.util.test.junit.AutoTests" name="[84] /home/travis/build/icyphy/ptII/ptolemy/domains/modal/test/auto/InitialStateTransition4.xml (RunModel)" time="0.03" />
  <testcase classname="ptolemy.util.test.junit.AutoTests" name="[85] /home/travis/build/icyphy/ptII/ptolemy/domains/modal/test/auto/MalformedGuardExpressionNotCaught.xml (RunModel)" time="0.02" />
  <testcase classname="ptolemy.util.test.junit.AutoTests" name="[86] /home/travis/build/icyphy/ptII/ptolemy/domains/modal/test/auto/ModalBSC.xml (RunModel)" time="0.082" />
  <testcase classname="ptolemy.util.test.junit.AutoTests" name="[87] /home/travis/build/icyphy/ptII/ptolemy/domains/modal/test/auto/ModalClocks.xml (RunModel)" time="0.068" />
  <testcase classname="ptolemy.util.test.junit.AutoTests" name="[88] /home/travis/build/icyphy/ptII/ptolemy/domains/modal/test/auto/ModalDelay.xml (RunModel)" time="0.053" />
  <testcase classname="ptolemy.util.test.junit.AutoTests" name="[89] /home/travis/build/icyphy/ptII/ptolemy/domains/modal/test/auto/ModalDelay2.xml (RunModel)" time="0.04" />
  <testcase classname="ptolemy.util.test.junit.AutoTests" name="[90] /home/travis/build/icyphy/ptII/ptolemy/domains/modal/test/auto/ModalModelFromMemo.xml (RunModel)" time="0.063" />
  <testcase classname="ptolemy.util.test.junit.AutoTests" name="[91] /home/travis/build/icyphy/ptII/ptolemy/domains/modal/test/auto/ModalModelWithMultirateTransient.xml (RunModel)" time="0.054" />
  <testcase classname="ptolemy.util.test.junit.AutoTests" name="[92] /home/travis/build/icyphy/ptII/ptolemy/domains/modal/test/auto/ModalModelWithReset.xml (RunModel)" time="0.037" />
  <testcase classname="ptolemy.util.test.junit.AutoTests" name="[93] /home/travis/build/icyphy/ptII/ptolemy/domains/modal/test/auto/MouseClickFSM.xml (RunModel)" time="0.05" />
  <testcase classname="ptolemy.util.test.junit.AutoTests" name="[94] /home/travis/build/icyphy/ptII/ptolemy/domains/modal/test/auto/MouseClickFSMModal.xml (RunModel)" time="0.039" />
  <testcase classname="ptolemy.util.test.junit.AutoTests" name="[95] /home/travis/build/icyphy/ptII/ptolemy/domains/modal/test/auto/NonStrictFSM_FeedbackLoop.xml (RunModel)" time="0.055" />
  <testcase classname="ptolemy.util.test.junit.AutoTests" name="[96] /home/travis/build/icyphy/ptII/ptolemy/domains/modal/test/auto/NonStrictFSM_FeedbackLoop_Refinement.xml (RunModel)" time="0.07" />
  <testcase classname="ptolemy.util.test.junit.AutoTests" name="[97] /home/travis/build/icyphy/ptII/ptolemy/domains/modal/test/auto/NonStrictFSM_FeedbackLoop_preemptive.xml (RunModel)" time="0.048" />
  <testcase classname="ptolemy.util.test.junit.AutoTests" name="[98] /home/travis/build/icyphy/ptII/ptolemy/domains/modal/test/auto/NormalTermination.xml (RunModel)" time="0.06" />
  <testcase classname="ptolemy.util.test.junit.AutoTests" name="[99] /home/travis/build/icyphy/ptII/ptolemy/domains/modal/test/auto/Pong.xml (RunModel)" time="0.089" />
  <testcase classname="ptolemy.util.test.junit.AutoTests" name="[100] /home/travis/build/icyphy/ptII/ptolemy/domains/modal/test/auto/Pong_test.xml (RunModel)" time="0.115" />
  <testcase classname="ptolemy.util.test.junit.AutoTests" name="[101] /home/travis/build/icyphy/ptII/ptolemy/domains/modal/test/auto/PreemptionHierarchy.xml (RunModel)" time="0.03" />
  <testcase classname="ptolemy.util.test.junit.AutoTests" name="[102] /home/travis/build/icyphy/ptII/ptolemy/domains/modal/test/auto/PreemptionHierarchy2.xml (RunModel)" time="0.036" />
  <testcase classname="ptolemy.util.test.junit.AutoTests" name="[103] /home/travis/build/icyphy/ptII/ptolemy/domains/modal/test/auto/PreemptiveTransition.xml (RunModel)" time="0.024" />
  <testcase classname="ptolemy.util.test.junit.AutoTests" name="[104] /home/travis/build/icyphy/ptII/ptolemy/domains/modal/test/auto/Priorities.xml (RunModel)" time="0.099" />
  <testcase classname="ptolemy.util.test.junit.AutoTests" name="[105] /home/travis/build/icyphy/ptII/ptolemy/domains/modal/test/auto/ResetFinal.xml (RunModel)" time="0.05" />
  <testcase classname="ptolemy.util.test.junit.AutoTests" name="[106] /home/travis/build/icyphy/ptII/ptolemy/domains/modal/test/auto/ResetFinal2.xml (RunModel)" time="0.033" />
  <testcase classname="ptolemy.util.test.junit.AutoTests" name="[107] /home/travis/build/icyphy/ptII/ptolemy/domains/modal/test/auto/ResetTransitionWithStartTime.xml (RunModel)" time="0.037" />
  <testcase classname="ptolemy.util.test.junit.AutoTests" name="[108] /home/travis/build/icyphy/ptII/ptolemy/domains/modal/test/auto/SDF-FSMComposite.xml (RunModel)" time="0.025" />
  <testcase classname="ptolemy.util.test.junit.AutoTests" name="[109] /home/travis/build/icyphy/ptII/ptolemy/domains/modal/test/auto/SeeminglyNondeterminate.xml (RunModel)" time="0.079" />
  <testcase classname="ptolemy.util.test.junit.AutoTests" name="[110] /home/travis/build/icyphy/ptII/ptolemy/domains/modal/test/auto/SeeminglyNondeterminate2.xml (RunModel)" time="0.079" />
  <testcase classname="ptolemy.util.test.junit.AutoTests" name="[111] /home/travis/build/icyphy/ptII/ptolemy/domains/modal/test/auto/SpontaneousFSM.xml (RunModel)" time="0.062" />
  <testcase classname="ptolemy.util.test.junit.AutoTests" name="[112] /home/travis/build/icyphy/ptII/ptolemy/domains/modal/test/auto/SpontaneousFSM2.xml (RunModel)" time="0.034" />
  <testcase classname="ptolemy.util.test.junit.AutoTests" name="[113] /home/travis/build/icyphy/ptII/ptolemy/domains/modal/test/auto/SpontaneousFSM3.xml (RunModel)" time="0.047" />
  <testcase classname="ptolemy.util.test.junit.AutoTests" name="[114] /home/travis/build/icyphy/ptII/ptolemy/domains/modal/test/auto/SpontaneousFSM4.xml (RunModel)" time="0.053" />
  <testcase classname="ptolemy.util.test.junit.AutoTests" name="[115] /home/travis/build/icyphy/ptII/ptolemy/domains/modal/test/auto/StateTrackerTest.xml (RunModel)" time="0.069" />
  <testcase classname="ptolemy.util.test.junit.AutoTests" name="[116] /home/travis/build/icyphy/ptII/ptolemy/domains/modal/test/auto/StrongImmediateTransition.xml (RunModel)" time="0.026" />
  <testcase classname="ptolemy.util.test.junit.AutoTests" name="[117] /home/travis/build/icyphy/ptII/ptolemy/domains/modal/test/auto/SustainHierarchy.xml (RunModel)" time="0.044" />
  <testcase classname="ptolemy.util.test.junit.AutoTests" name="[118] /home/travis/build/icyphy/ptII/ptolemy/domains/modal/test/auto/TerminationTransition1.xml (RunModel)" time="0.023" />
  <testcase classname="ptolemy.util.test.junit.AutoTests" name="[119] /home/travis/build/icyphy/ptII/ptolemy/domains/modal/test/auto/TerminationTransition2.xml (RunModel)" time="0.03" />
  <testcase classname="ptolemy.util.test.junit.AutoTests" name="[120] /home/travis/build/icyphy/ptII/ptolemy/domains/modal/test/auto/TerminationTransition3.xml (RunModel)" time="0.035" />
  <testcase classname="ptolemy.util.test.junit.AutoTests" name="[121] /home/travis/build/icyphy/ptII/ptolemy/domains/modal/test/auto/TerminationTransition4.xml (RunModel)" time="0.037" />
  <testcase classname="ptolemy.util.test.junit.AutoTests" name="[122] /home/travis/build/icyphy/ptII/ptolemy/domains/modal/test/auto/TerminationTransition5.xml (RunModel)" time="0.036" />
  <testcase classname="ptolemy.util.test.junit.AutoTests" name="[123] /home/travis/build/icyphy/ptII/ptolemy/domains/modal/test/auto/TerminationTransition6.xml (RunModel)" time="0.022" />
  <testcase classname="ptolemy.util.test.junit.AutoTests" name="[124] /home/travis/build/icyphy/ptII/ptolemy/domains/modal/test/auto/TerminationTransition7.xml (RunModel)" time="0.026" />
  <testcase classname="ptolemy.util.test.junit.AutoTests" name="[125] /home/travis/build/icyphy/ptII/ptolemy/domains/modal/test/auto/TerminationTransition8.xml (RunModel)" time="0.024" />
  <testcase classname="ptolemy.util.test.junit.AutoTests" name="[126] /home/travis/build/icyphy/ptII/ptolemy/domains/modal/test/auto/Thermostat_NoHysteresis.xml (RunModel)" time="0.063" />
  <testcase classname="ptolemy.util.test.junit.AutoTests" name="[127] /home/travis/build/icyphy/ptII/ptolemy/domains/modal/test/auto/TimedFSM.xml (RunModel)" time="0.033" />
  <testcase classname="ptolemy.util.test.junit.AutoTests" name="[128] /home/travis/build/icyphy/ptII/ptolemy/domains/modal/test/auto/Timeout1.xml (RunModel)" time="0.014" />
  <testcase classname="ptolemy.util.test.junit.AutoTests" name="[129] /home/travis/build/icyphy/ptII/ptolemy/domains/modal/test/auto/Timeout2.xml (RunModel)" time="0.024" />
  <testcase classname="ptolemy.util.test.junit.AutoTests" name="[130] /home/travis/build/icyphy/ptII/ptolemy/domains/modal/test/auto/Timeout3.xml (RunModel)" time="0.017" />
  <testcase classname="ptolemy.util.test.junit.AutoTests" name="[131] /home/travis/build/icyphy/ptII/ptolemy/domains/modal/test/auto/Timeout4.xml (RunModel)" time="0.013" />
  <testcase classname="ptolemy.util.test.junit.AutoTests" name="[132] /home/travis/build/icyphy/ptII/ptolemy/domains/modal/test/auto/TransientstateModelAdvanced.xml (RunModel)" time="0.078" />
  <testcase classname="ptolemy.util.test.junit.AutoTests" name="[133] /home/travis/build/icyphy/ptII/ptolemy/domains/modal/test/auto/TransientstateModelAdvanced2.xml (RunModel)" time="0.089" />
  <testcase classname="ptolemy.util.test.junit.AutoTests" name="[134] /home/travis/build/icyphy/ptII/ptolemy/domains/modal/test/auto/TransitionRefinements.xml (RunModel)" time="0.046" />
  <testcase classname="ptolemy.util.test.junit.AutoTests" name="[135] /home/travis/build/icyphy/ptII/ptolemy/domains/modal/test/auto/TwoRefinements1.xml (RunModel)" time="0.027" />
  <testcase classname="ptolemy.util.test.junit.AutoTests" name="[136] /home/travis/build/icyphy/ptII/ptolemy/domains/modal/test/auto/TwoRefinements2.xml (RunModel)" time="0.027" />
  <testcase classname="ptolemy.util.test.junit.AutoTests" name="[137] /home/travis/build/icyphy/ptII/ptolemy/domains/modal/test/auto/WeakImmediateTransition.xml (RunModel)" time="0.023" />
  <testcase classname="ptolemy.util.test.junit.AutoTests" name="[138] /home/travis/build/icyphy/ptII/ptolemy/domains/modal/test/auto/booleanSelect.xml (RunModel)" time="0.057" />
  <testcase classname="ptolemy.util.test.junit.AutoTests" name="[139] /home/travis/build/icyphy/ptII/ptolemy/domains/modal/test/auto/modalChangingParams.xml (RunModel)" time="0.275" />
  <testcase classname="ptolemy.util.test.junit.AutoTests" name="[140] /home/travis/build/icyphy/ptII/ptolemy/domains/modal/test/auto/modalModel.xml (RunModel)" time="0.025" />
  <testcase classname="ptolemy.util.test.junit.AutoTests" name="[141] /home/travis/build/icyphy/ptII/ptolemy/domains/modal/test/auto/modalModel2.xml (RunModel)" time="0.034" />
  <testcase classname="ptolemy.util.test.junit.AutoTests" name="[142] /home/travis/build/icyphy/ptII/ptolemy/domains/modal/test/auto/modalModel3.xml (RunModel)" time="0.039" />
  <testcase classname="ptolemy.util.test.junit.AutoTests" name="[143] /home/travis/build/icyphy/ptII/ptolemy/domains/modal/test/auto/model1.xml (RunModel)" time="0.02" />
  <testcase classname="ptolemy.util.test.junit.AutoTests" name="[144] /home/travis/build/icyphy/ptII/ptolemy/domains/modal/test/auto/test-direct-in-out.xml (RunModel)" time="0.021" />
  <system-out><![CDATA[/home/travis/build/icyphy/ptII/ptolemy/domains/modal/test/SystemLevelType.tcl
testDefs.tcl: setting time out to 9000 seconds at Sat Jul 14 01:42:25 UTC 2018
07/14/18 01:42:27
Failed: 0  Total Tests: 1  ((Passed: 1, Newly Passed: 0)  Known Failed: 0) /home/travis/build/icyphy/ptII/ptolemy/domains/modal/test
----------------- testing (KnownFailure) /home/travis/build/icyphy/ptII/ptolemy/domains/modal/test/auto/knownFailedTests/CannotAnalysisWithPreemption.xml
30 ms. Memory: 208384K Free: 185836K (89%)
Known Failure: java.lang.reflect.InvocationTargetException
No auto/linux-amd64/*.xml tests in /home/travis/build/icyphy/ptII/ptolemy/domains/modal/test
AutoTests.java: About to close Vertx.
AutoTests.java: Vertx closed.

===========================================================================================
----------------- testing Sat Jul 14 01:42:27 UTC 2018 /home/travis/build/icyphy/ptII/ptolemy/domains/modal/test/auto/ABPTest.xml
----------------- Instantiating /home/travis/build/icyphy/ptII/ptolemy/domains/modal/test/auto/ABPTest.xml
330 ms. Memory: 331776K Free: 289755K (87%)
----------------- Invoking toplevel() on ptolemy.moml.MoMLSimpleApplication@487dadc8
----------------- Done invoking toplevel() on ptolemy.moml.MoMLSimpleApplication@487dadc8
reloadAllAccessors: .ABPTest

===========================================================================================
----------------- testing Sat Jul 14 01:42:28 UTC 2018 /home/travis/build/icyphy/ptII/ptolemy/domains/modal/test/auto/ABROFlat.xml
----------------- Instantiating /home/travis/build/icyphy/ptII/ptolemy/domains/modal/test/auto/ABROFlat.xml
26 ms. Memory: 331776K Free: 267653K (81%)
----------------- Invoking toplevel() on ptolemy.moml.MoMLSimpleApplication@45dee92f
----------------- Done invoking toplevel() on ptolemy.moml.MoMLSimpleApplication@45dee92f
reloadAllAccessors: .ABROFlat

===========================================================================================
----------------- testing Sat Jul 14 01:42:28 UTC 2018 /home/travis/build/icyphy/ptII/ptolemy/domains/modal/test/auto/ABROFlat2.xml
----------------- Instantiating /home/travis/build/icyphy/ptII/ptolemy/domains/modal/test/auto/ABROFlat2.xml
21 ms. Memory: 331776K Free: 249700K (75%)
----------------- Invoking toplevel() on ptolemy.moml.MoMLSimpleApplication@62051ff6
----------------- Done invoking toplevel() on ptolemy.moml.MoMLSimpleApplication@62051ff6
reloadAllAccessors: .ABROFlat2

===========================================================================================
----------------- testing Sat Jul 14 01:42:28 UTC 2018 /home/travis/build/icyphy/ptII/ptolemy/domains/modal/test/auto/ABRO_present_hmm.xml
----------------- Instantiating /home/travis/build/icyphy/ptII/ptolemy/domains/modal/test/auto/ABRO_present_hmm.xml
39 ms. Memory: 331776K Free: 218685K (66%)
----------------- Invoking toplevel() on ptolemy.moml.MoMLSimpleApplication@7a58a436
----------------- Done invoking toplevel() on ptolemy.moml.MoMLSimpleApplication@7a58a436
reloadAllAccessors: .ABRO_present_hmm

===========================================================================================
----------------- testing Sat Jul 14 01:42:28 UTC 2018 /home/travis/build/icyphy/ptII/ptolemy/domains/modal/test/auto/AMICoderExample.xml
----------------- Instantiating /home/travis/build/icyphy/ptII/ptolemy/domains/modal/test/auto/AMICoderExample.xml
27 ms. Memory: 331776K Free: 207263K (62%)
----------------- Invoking toplevel() on ptolemy.moml.MoMLSimpleApplication@44ea433f
----------------- Done invoking toplevel() on ptolemy.moml.MoMLSimpleApplication@44ea433f
reloadAllAccessors: .AMICoderExample

===========================================================================================
----------------- testing Sat Jul 14 01:42:28 UTC 2018 /home/travis/build/icyphy/ptII/ptolemy/domains/modal/test/auto/AbsentToPresent.xml
----------------- Instantiating /home/travis/build/icyphy/ptII/ptolemy/domains/modal/test/auto/AbsentToPresent.xml
12 ms. Memory: 331776K Free: 198936K (60%)
----------------- Invoking toplevel() on ptolemy.moml.MoMLSimpleApplication@584b683e
----------------- Done invoking toplevel() on ptolemy.moml.MoMLSimpleApplication@584b683e
reloadAllAccessors: .AbsentToPresent

===========================================================================================
----------------- testing Sat Jul 14 01:42:28 UTC 2018 /home/travis/build/icyphy/ptII/ptolemy/domains/modal/test/auto/Blending.xml
----------------- Instantiating /home/travis/build/icyphy/ptII/ptolemy/domains/modal/test/auto/Blending.xml
168 ms. Memory: 331776K Free: 146711K (44%)
----------------- Invoking toplevel() on ptolemy.moml.MoMLSimpleApplication@69f12bc7
----------------- Done invoking toplevel() on ptolemy.moml.MoMLSimpleApplication@69f12bc7
reloadAllAccessors: .Blending

===========================================================================================
----------------- testing Sat Jul 14 01:42:29 UTC 2018 /home/travis/build/icyphy/ptII/ptolemy/domains/modal/test/auto/Broadcast.xml
----------------- Instantiating /home/travis/build/icyphy/ptII/ptolemy/domains/modal/test/auto/Broadcast.xml
19 ms. Memory: 331776K Free: 133673K (40%)
----------------- Invoking toplevel() on ptolemy.moml.MoMLSimpleApplication@7e6a7bc1
----------------- Done invoking toplevel() on ptolemy.moml.MoMLSimpleApplication@7e6a7bc1
reloadAllAccessors: .Broadcast

===========================================================================================
----------------- testing Sat Jul 14 01:42:29 UTC 2018 /home/travis/build/icyphy/ptII/ptolemy/domains/modal/test/auto/BroadcastHierarchy.xml
----------------- Instantiating /home/travis/build/icyphy/ptII/ptolemy/domains/modal/test/auto/BroadcastHierarchy.xml
7 ms. Memory: 331776K Free: 115736K (35%)
----------------- Invoking toplevel() on ptolemy.moml.MoMLSimpleApplication@4f5ad4c8
----------------- Done invoking toplevel() on ptolemy.moml.MoMLSimpleApplication@4f5ad4c8
reloadAllAccessors: .BroadcastHierarchy

===========================================================================================
----------------- testing Sat Jul 14 01:42:29 UTC 2018 /home/travis/build/icyphy/ptII/ptolemy/domains/modal/test/auto/BroadcastHierarchy2.xml
----------------- Instantiating /home/travis/build/icyphy/ptII/ptolemy/domains/modal/test/auto/BroadcastHierarchy2.xml
25 ms. Memory: 331776K Free: 79878K (24%)
----------------- Invoking toplevel() on ptolemy.moml.MoMLSimpleApplication@5742e30a
----------------- Done invoking toplevel() on ptolemy.moml.MoMLSimpleApplication@5742e30a
reloadAllAccessors: .BroadcastHierarchy2

===========================================================================================
----------------- testing Sat Jul 14 01:42:29 UTC 2018 /home/travis/build/icyphy/ptII/ptolemy/domains/modal/test/auto/BroadcastHierarchy3.xml
----------------- Instantiating /home/travis/build/icyphy/ptII/ptolemy/domains/modal/test/auto/BroadcastHierarchy3.xml
21 ms. Memory: 333824K Free: 297566K (89%)
----------------- Invoking toplevel() on ptolemy.moml.MoMLSimpleApplication@4e9e0eaa
----------------- Done invoking toplevel() on ptolemy.moml.MoMLSimpleApplication@4e9e0eaa
reloadAllAccessors: .BroadcastHierarchy3

===========================================================================================
----------------- testing Sat Jul 14 01:42:29 UTC 2018 /home/travis/build/icyphy/ptII/ptolemy/domains/modal/test/auto/BroadcastHierarchy4.xml
----------------- Instantiating /home/travis/build/icyphy/ptII/ptolemy/domains/modal/test/auto/BroadcastHierarchy4.xml
14 ms. Memory: 333824K Free: 262644K (79%)
----------------- Invoking toplevel() on ptolemy.moml.MoMLSimpleApplication@2986aad4
----------------- Done invoking toplevel() on ptolemy.moml.MoMLSimpleApplication@2986aad4
reloadAllAccessors: .BroadcastHierarchy4

===========================================================================================
----------------- testing Sat Jul 14 01:42:29 UTC 2018 /home/travis/build/icyphy/ptII/ptolemy/domains/modal/test/auto/CannotAnalysisWithPreemption2.xml
----------------- Instantiating /home/travis/build/icyphy/ptII/ptolemy/domains/modal/test/auto/CannotAnalysisWithPreemption2.xml
4 ms. Memory: 333824K Free: 252863K (76%)
----------------- Invoking toplevel() on ptolemy.moml.MoMLSimpleApplication@164de33c
----------------- Done invoking toplevel() on ptolemy.moml.MoMLSimpleApplication@164de33c
reloadAllAccessors: .CannotAnalysisWithPreemption2

===========================================================================================
----------------- testing Sat Jul 14 01:42:29 UTC 2018 /home/travis/build/icyphy/ptII/ptolemy/domains/modal/test/auto/CannotAnalysisWithPreemption3.xml
----------------- Instantiating /home/travis/build/icyphy/ptII/ptolemy/domains/modal/test/auto/CannotAnalysisWithPreemption3.xml
3 ms. Memory: 333824K Free: 239833K (72%)
----------------- Invoking toplevel() on ptolemy.moml.MoMLSimpleApplication@1b1e302b
----------------- Done invoking toplevel() on ptolemy.moml.MoMLSimpleApplication@1b1e302b
reloadAllAccessors: .CannotAnalysisWithPreemption3

===========================================================================================
----------------- testing Sat Jul 14 01:42:29 UTC 2018 /home/travis/build/icyphy/ptII/ptolemy/domains/modal/test/auto/CannotProduce.xml
----------------- Instantiating /home/travis/build/icyphy/ptII/ptolemy/domains/modal/test/auto/CannotProduce.xml
14 ms. Memory: 333824K Free: 231020K (69%)
----------------- Invoking toplevel() on ptolemy.moml.MoMLSimpleApplication@303c6cec
----------------- Done invoking toplevel() on ptolemy.moml.MoMLSimpleApplication@303c6cec
reloadAllAccessors: .CannotProduce

===========================================================================================
----------------- testing Sat Jul 14 01:42:29 UTC 2018 /home/travis/build/icyphy/ptII/ptolemy/domains/modal/test/auto/CannotProduceModal.xml
----------------- Instantiating /home/travis/build/icyphy/ptII/ptolemy/domains/modal/test/auto/CannotProduceModal.xml
7 ms. Memory: 333824K Free: 222864K (67%)
----------------- Invoking toplevel() on ptolemy.moml.MoMLSimpleApplication@5148bde7
----------------- Done invoking toplevel() on ptolemy.moml.MoMLSimpleApplication@5148bde7
reloadAllAccessors: .CannotProduceModal

===========================================================================================
----------------- testing Sat Jul 14 01:42:29 UTC 2018 /home/travis/build/icyphy/ptII/ptolemy/domains/modal/test/auto/Case.xml
----------------- Instantiating /home/travis/build/icyphy/ptII/ptolemy/domains/modal/test/auto/Case.xml
37 ms. Memory: 333824K Free: 209802K (63%)
----------------- Invoking toplevel() on ptolemy.moml.MoMLSimpleApplication@531563b1
----------------- Done invoking toplevel() on ptolemy.moml.MoMLSimpleApplication@531563b1
reloadAllAccessors: .Case

===========================================================================================
----------------- testing Sat Jul 14 01:42:29 UTC 2018 /home/travis/build/icyphy/ptII/ptolemy/domains/modal/test/auto/Case1.xml
----------------- Instantiating /home/travis/build/icyphy/ptII/ptolemy/domains/modal/test/auto/Case1.xml
5 ms. Memory: 333824K Free: 199355K (60%)
----------------- Invoking toplevel() on ptolemy.moml.MoMLSimpleApplication@15811d0b
----------------- Done invoking toplevel() on ptolemy.moml.MoMLSimpleApplication@15811d0b
reloadAllAccessors: .Case1

===========================================================================================
----------------- testing Sat Jul 14 01:42:29 UTC 2018 /home/travis/build/icyphy/ptII/ptolemy/domains/modal/test/auto/Case2.xml
----------------- Instantiating /home/travis/build/icyphy/ptII/ptolemy/domains/modal/test/auto/Case2.xml
28 ms. Memory: 333824K Free: 187942K (56%)
----------------- Invoking toplevel() on ptolemy.moml.MoMLSimpleApplication@11f1c0de
----------------- Done invoking toplevel() on ptolemy.moml.MoMLSimpleApplication@11f1c0de
reloadAllAccessors: .Case2

===========================================================================================
----------------- testing Sat Jul 14 01:42:29 UTC 2018 /home/travis/build/icyphy/ptII/ptolemy/domains/modal/test/auto/CausalityInterface1.xml
----------------- Instantiating /home/travis/build/icyphy/ptII/ptolemy/domains/modal/test/auto/CausalityInterface1.xml
4 ms. Memory: 333824K Free: 181427K (54%)
----------------- Invoking toplevel() on ptolemy.moml.MoMLSimpleApplication@7e03f8af
----------------- Done invoking toplevel() on ptolemy.moml.MoMLSimpleApplication@7e03f8af
reloadAllAccessors: .CausalityInterface1

===========================================================================================
----------------- testing Sat Jul 14 01:42:30 UTC 2018 /home/travis/build/icyphy/ptII/ptolemy/domains/modal/test/auto/CausalityInterface10.xml
----------------- Instantiating /home/travis/build/icyphy/ptII/ptolemy/domains/modal/test/auto/CausalityInterface10.xml
15 ms. Memory: 333824K Free: 162832K (49%)
----------------- Invoking toplevel() on ptolemy.moml.MoMLSimpleApplication@1cfe05de
----------------- Done invoking toplevel() on ptolemy.moml.MoMLSimpleApplication@1cfe05de
reloadAllAccessors: .CausalityInterface10

===========================================================================================
----------------- testing Sat Jul 14 01:42:30 UTC 2018 /home/travis/build/icyphy/ptII/ptolemy/domains/modal/test/auto/CausalityInterface11.xml
----------------- Instantiating /home/travis/build/icyphy/ptII/ptolemy/domains/modal/test/auto/CausalityInterface11.xml
6 ms. Memory: 333824K Free: 146520K (44%)
----------------- Invoking toplevel() on ptolemy.moml.MoMLSimpleApplication@20f59d8d
----------------- Done invoking toplevel() on ptolemy.moml.MoMLSimpleApplication@20f59d8d
reloadAllAccessors: .CausalityInterface11

===========================================================================================
----------------- testing Sat Jul 14 01:42:30 UTC 2018 /home/travis/build/icyphy/ptII/ptolemy/domains/modal/test/auto/CausalityInterface12.xml
----------------- Instantiating /home/travis/build/icyphy/ptII/ptolemy/domains/modal/test/auto/CausalityInterface12.xml
10 ms. Memory: 333824K Free: 130188K (39%)
----------------- Invoking toplevel() on ptolemy.moml.MoMLSimpleApplication@22cf98f3
----------------- Done invoking toplevel() on ptolemy.moml.MoMLSimpleApplication@22cf98f3
reloadAllAccessors: .CausalityInterface12

===========================================================================================
----------------- testing Sat Jul 14 01:42:30 UTC 2018 /home/travis/build/icyphy/ptII/ptolemy/domains/modal/test/auto/CausalityInterface13.xml
----------------- Instantiating /home/travis/build/icyphy/ptII/ptolemy/domains/modal/test/auto/CausalityInterface13.xml
15 ms. Memory: 333824K Free: 111593K (33%)
----------------- Invoking toplevel() on ptolemy.moml.MoMLSimpleApplication@5fc51ab8
----------------- Done invoking toplevel() on ptolemy.moml.MoMLSimpleApplication@5fc51ab8
reloadAllAccessors: .CausalityInterface13

===========================================================================================
----------------- testing Sat Jul 14 01:42:30 UTC 2018 /home/travis/build/icyphy/ptII/ptolemy/domains/modal/test/auto/CausalityInterface14.xml
----------------- Instantiating /home/travis/build/icyphy/ptII/ptolemy/domains/modal/test/auto/CausalityInterface14.xml
11 ms. Memory: 333824K Free: 95312K (29%)
----------------- Invoking toplevel() on ptolemy.moml.MoMLSimpleApplication@2d7f83e0
----------------- Done invoking toplevel() on ptolemy.moml.MoMLSimpleApplication@2d7f83e0
reloadAllAccessors: .CausalityInterface14

===========================================================================================
----------------- testing Sat Jul 14 01:42:30 UTC 2018 /home/travis/build/icyphy/ptII/ptolemy/domains/modal/test/auto/CausalityInterface2.xml
----------------- Instantiating /home/travis/build/icyphy/ptII/ptolemy/domains/modal/test/auto/CausalityInterface2.xml
7 ms. Memory: 333824K Free: 87156K (26%)
----------------- Invoking toplevel() on ptolemy.moml.MoMLSimpleApplication@6b4019c7
----------------- Done invoking toplevel() on ptolemy.moml.MoMLSimpleApplication@6b4019c7
reloadAllAccessors: .CausalityInterface2

===========================================================================================
----------------- testing Sat Jul 14 01:42:30 UTC 2018 /home/travis/build/icyphy/ptII/ptolemy/domains/modal/test/auto/CausalityInterface3.xml
----------------- Instantiating /home/travis/build/icyphy/ptII/ptolemy/domains/modal/test/auto/CausalityInterface3.xml
5 ms. Memory: 577536K Free: 562154K (97%)
----------------- Invoking toplevel() on ptolemy.moml.MoMLSimpleApplication@74dbf984
----------------- Done invoking toplevel() on ptolemy.moml.MoMLSimpleApplication@74dbf984
reloadAllAccessors: .CausalityInterface3

===========================================================================================
----------------- testing Sat Jul 14 01:42:30 UTC 2018 /home/travis/build/icyphy/ptII/ptolemy/domains/modal/test/auto/CausalityInterface4.xml
----------------- Instantiating /home/travis/build/icyphy/ptII/ptolemy/domains/modal/test/auto/CausalityInterface4.xml
3 ms. Memory: 577536K Free: 549239K (95%)
----------------- Invoking toplevel() on ptolemy.moml.MoMLSimpleApplication@2f963e58
----------------- Done invoking toplevel() on ptolemy.moml.MoMLSimpleApplication@2f963e58
reloadAllAccessors: .CausalityInterface4

===========================================================================================
----------------- testing Sat Jul 14 01:42:30 UTC 2018 /home/travis/build/icyphy/ptII/ptolemy/domains/modal/test/auto/CausalityInterface5.xml
----------------- Instantiating /home/travis/build/icyphy/ptII/ptolemy/domains/modal/test/auto/CausalityInterface5.xml
7 ms. Memory: 577536K Free: 536233K (93%)
----------------- Invoking toplevel() on ptolemy.moml.MoMLSimpleApplication@33433939
----------------- Done invoking toplevel() on ptolemy.moml.MoMLSimpleApplication@33433939
reloadAllAccessors: .CausalityInterface5

===========================================================================================
----------------- testing Sat Jul 14 01:42:30 UTC 2018 /home/travis/build/icyphy/ptII/ptolemy/domains/modal/test/auto/CausalityInterface6.xml
----------------- Instantiating /home/travis/build/icyphy/ptII/ptolemy/domains/modal/test/auto/CausalityInterface6.xml
8 ms. Memory: 577536K Free: 523219K (91%)
----------------- Invoking toplevel() on ptolemy.moml.MoMLSimpleApplication@13ab8b72
----------------- Done invoking toplevel() on ptolemy.moml.MoMLSimpleApplication@13ab8b72
reloadAllAccessors: .CausalityInterface6

===========================================================================================
----------------- testing Sat Jul 14 01:42:30 UTC 2018 /home/travis/build/icyphy/ptII/ptolemy/domains/modal/test/auto/CausalityInterface7.xml
----------------- Instantiating /home/travis/build/icyphy/ptII/ptolemy/domains/modal/test/auto/CausalityInterface7.xml
7 ms. Memory: 577536K Free: 509965K (88%)
----------------- Invoking toplevel() on ptolemy.moml.MoMLSimpleApplication@1fad509e
----------------- Done invoking toplevel() on ptolemy.moml.MoMLSimpleApplication@1fad509e
reloadAllAccessors: .CausalityInterface7

===========================================================================================
----------------- testing Sat Jul 14 01:42:30 UTC 2018 /home/travis/build/icyphy/ptII/ptolemy/domains/modal/test/auto/CausalityInterface8.xml
----------------- Instantiating /home/travis/build/icyphy/ptII/ptolemy/domains/modal/test/auto/CausalityInterface8.xml
7 ms. Memory: 577536K Free: 493808K (86%)
----------------- Invoking toplevel() on ptolemy.moml.MoMLSimpleApplication@1f8a8b24
----------------- Done invoking toplevel() on ptolemy.moml.MoMLSimpleApplication@1f8a8b24
reloadAllAccessors: .CausalityInterface8

===========================================================================================
----------------- testing Sat Jul 14 01:42:30 UTC 2018 /home/travis/build/icyphy/ptII/ptolemy/domains/modal/test/auto/CausalityInterface9.xml
----------------- Instantiating /home/travis/build/icyphy/ptII/ptolemy/domains/modal/test/auto/CausalityInterface9.xml
7 ms. Memory: 577536K Free: 480794K (83%)
----------------- Invoking toplevel() on ptolemy.moml.MoMLSimpleApplication@1c7cc7c8
----------------- Done invoking toplevel() on ptolemy.moml.MoMLSimpleApplication@1c7cc7c8
reloadAllAccessors: .CausalityInterface9

===========================================================================================
----------------- testing Sat Jul 14 01:42:30 UTC 2018 /home/travis/build/icyphy/ptII/ptolemy/domains/modal/test/auto/ChainedTransitions.xml
----------------- Instantiating /home/travis/build/icyphy/ptII/ptolemy/domains/modal/test/auto/ChainedTransitions.xml
86 ms. Memory: 577536K Free: 451468K (78%)
----------------- Invoking toplevel() on ptolemy.moml.MoMLSimpleApplication@42d337e8
----------------- Done invoking toplevel() on ptolemy.moml.MoMLSimpleApplication@42d337e8
reloadAllAccessors: .ChainedTransitions

===========================================================================================
----------------- testing Sat Jul 14 01:42:30 UTC 2018 /home/travis/build/icyphy/ptII/ptolemy/domains/modal/test/auto/CycleOfImmediateTransitionsFSM.xml
----------------- Instantiating /home/travis/build/icyphy/ptII/ptolemy/domains/modal/test/auto/CycleOfImmediateTransitionsFSM.xml
3 ms. Memory: 577536K Free: 441704K (76%)
----------------- Invoking toplevel() on ptolemy.moml.MoMLSimpleApplication@6042cf96
----------------- Done invoking toplevel() on ptolemy.moml.MoMLSimpleApplication@6042cf96
reloadAllAccessors: .CycleOfImmediateTransitionsFSM

===========================================================================================
----------------- testing Sat Jul 14 01:42:30 UTC 2018 /home/travis/build/icyphy/ptII/ptolemy/domains/modal/test/auto/CycleOfImmediateTransitionsModal.xml
----------------- Instantiating /home/travis/build/icyphy/ptII/ptolemy/domains/modal/test/auto/CycleOfImmediateTransitionsModal.xml
4 ms. Memory: 577536K Free: 428796K (74%)
----------------- Invoking toplevel() on ptolemy.moml.MoMLSimpleApplication@18b187f5
----------------- Done invoking toplevel() on ptolemy.moml.MoMLSimpleApplication@18b187f5
reloadAllAccessors: .CycleOfImmediateTransitionsModal

===========================================================================================
----------------- testing Sat Jul 14 01:42:30 UTC 2018 /home/travis/build/icyphy/ptII/ptolemy/domains/modal/test/auto/CycleOfImmediateTransitionsModal2.xml
----------------- Instantiating /home/travis/build/icyphy/ptII/ptolemy/domains/modal/test/auto/CycleOfImmediateTransitionsModal2.xml
3 ms. Memory: 577536K Free: 419048K (73%)
----------------- Invoking toplevel() on ptolemy.moml.MoMLSimpleApplication@536d8d05
----------------- Done invoking toplevel() on ptolemy.moml.MoMLSimpleApplication@536d8d05
reloadAllAccessors: .CycleOfImmediateTransitionsModal2

===========================================================================================
----------------- testing Sat Jul 14 01:42:30 UTC 2018 /home/travis/build/icyphy/ptII/ptolemy/domains/modal/test/auto/CycleOfImmediateTransitionsModal3.xml
----------------- Instantiating /home/travis/build/icyphy/ptII/ptolemy/domains/modal/test/auto/CycleOfImmediateTransitionsModal3.xml
13 ms. Memory: 577536K Free: 389746K (67%)
----------------- Invoking toplevel() on ptolemy.moml.MoMLSimpleApplication@7950f706
----------------- Done invoking toplevel() on ptolemy.moml.MoMLSimpleApplication@7950f706
reloadAllAccessors: .CycleOfImmediateTransitionsModal3

===========================================================================================
----------------- testing Sat Jul 14 01:42:31 UTC 2018 /home/travis/build/icyphy/ptII/ptolemy/domains/modal/test/auto/DeepModal1.xml
----------------- Instantiating /home/travis/build/icyphy/ptII/ptolemy/domains/modal/test/auto/DeepModal1.xml
24 ms. Memory: 577536K Free: 370201K (64%)
----------------- Invoking toplevel() on ptolemy.moml.MoMLSimpleApplication@4e079795
----------------- Done invoking toplevel() on ptolemy.moml.MoMLSimpleApplication@4e079795
reloadAllAccessors: .DeepModal1

===========================================================================================
----------------- testing Sat Jul 14 01:42:31 UTC 2018 /home/travis/build/icyphy/ptII/ptolemy/domains/modal/test/auto/DeepModal2.xml
----------------- Instantiating /home/travis/build/icyphy/ptII/ptolemy/domains/modal/test/auto/DeepModal2.xml
26 ms. Memory: 577536K Free: 344255K (60%)
----------------- Invoking toplevel() on ptolemy.moml.MoMLSimpleApplication@4d03f329
----------------- Done invoking toplevel() on ptolemy.moml.MoMLSimpleApplication@4d03f329
reloadAllAccessors: .DeepModal2

===========================================================================================
----------------- testing Sat Jul 14 01:42:31 UTC 2018 /home/travis/build/icyphy/ptII/ptolemy/domains/modal/test/auto/DeepModal3.xml
----------------- Instantiating /home/travis/build/icyphy/ptII/ptolemy/domains/modal/test/auto/DeepModal3.xml
17 ms. Memory: 577536K Free: 321460K (56%)
----------------- Invoking toplevel() on ptolemy.moml.MoMLSimpleApplication@2811e76f
----------------- Done invoking toplevel() on ptolemy.moml.MoMLSimpleApplication@2811e76f
reloadAllAccessors: .DeepModal3

===========================================================================================
----------------- testing Sat Jul 14 01:42:31 UTC 2018 /home/travis/build/icyphy/ptII/ptolemy/domains/modal/test/auto/DeepModal4.xml
----------------- Instantiating /home/travis/build/icyphy/ptII/ptolemy/domains/modal/test/auto/DeepModal4.xml
36 ms. Memory: 577536K Free: 298666K (52%)
----------------- Invoking toplevel() on ptolemy.moml.MoMLSimpleApplication@6ac774a8
----------------- Done invoking toplevel() on ptolemy.moml.MoMLSimpleApplication@6ac774a8
reloadAllAccessors: .DeepModal4

===========================================================================================
----------------- testing Sat Jul 14 01:42:31 UTC 2018 /home/travis/build/icyphy/ptII/ptolemy/domains/modal/test/auto/Default1.xml
----------------- Instantiating /home/travis/build/icyphy/ptII/ptolemy/domains/modal/test/auto/Default1.xml
2 ms. Memory: 577536K Free: 288917K (50%)
----------------- Invoking toplevel() on ptolemy.moml.MoMLSimpleApplication@3811b93
----------------- Done invoking toplevel() on ptolemy.moml.MoMLSimpleApplication@3811b93
reloadAllAccessors: .Default1

===========================================================================================
----------------- testing Sat Jul 14 01:42:31 UTC 2018 /home/travis/build/icyphy/ptII/ptolemy/domains/modal/test/auto/Default2.xml
----------------- Instantiating /home/travis/build/icyphy/ptII/ptolemy/domains/modal/test/auto/Default2.xml
4 ms. Memory: 577536K Free: 276001K (48%)
----------------- Invoking toplevel() on ptolemy.moml.MoMLSimpleApplication@1379774a
----------------- Done invoking toplevel() on ptolemy.moml.MoMLSimpleApplication@1379774a
reloadAllAccessors: .Default2

===========================================================================================
----------------- testing Sat Jul 14 01:42:31 UTC 2018 /home/travis/build/icyphy/ptII/ptolemy/domains/modal/test/auto/Default3.xml
----------------- Instantiating /home/travis/build/icyphy/ptII/ptolemy/domains/modal/test/auto/Default3.xml
4 ms. Memory: 577536K Free: 266253K (46%)
----------------- Invoking toplevel() on ptolemy.moml.MoMLSimpleApplication@4a33670f
----------------- Done invoking toplevel() on ptolemy.moml.MoMLSimpleApplication@4a33670f
reloadAllAccessors: .Default3

===========================================================================================
----------------- testing Sat Jul 14 01:42:31 UTC 2018 /home/travis/build/icyphy/ptII/ptolemy/domains/modal/test/auto/Default4.xml
----------------- Instantiating /home/travis/build/icyphy/ptII/ptolemy/domains/modal/test/auto/Default4.xml
2 ms. Memory: 577536K Free: 256488K (44%)
----------------- Invoking toplevel() on ptolemy.moml.MoMLSimpleApplication@24079ce6
----------------- Done invoking toplevel() on ptolemy.moml.MoMLSimpleApplication@24079ce6
reloadAllAccessors: .Default4

===========================================================================================
----------------- testing Sat Jul 14 01:42:31 UTC 2018 /home/travis/build/icyphy/ptII/ptolemy/domains/modal/test/auto/Default5.xml
----------------- Instantiating /home/travis/build/icyphy/ptII/ptolemy/domains/modal/test/auto/Default5.xml
10 ms. Memory: 577536K Free: 243482K (42%)
----------------- Invoking toplevel() on ptolemy.moml.MoMLSimpleApplication@703a1ae0
----------------- Done invoking toplevel() on ptolemy.moml.MoMLSimpleApplication@703a1ae0
reloadAllAccessors: .Default5

===========================================================================================
----------------- testing Sat Jul 14 01:42:31 UTC 2018 /home/travis/build/icyphy/ptII/ptolemy/domains/modal/test/auto/EmptyGuard.xml
----------------- Instantiating /home/travis/build/icyphy/ptII/ptolemy/domains/modal/test/auto/EmptyGuard.xml
14 ms. Memory: 577536K Free: 230452K (40%)
----------------- Invoking toplevel() on ptolemy.moml.MoMLSimpleApplication@796c5395
----------------- Done invoking toplevel() on ptolemy.moml.MoMLSimpleApplication@796c5395
reloadAllAccessors: .EmptyGuard

===========================================================================================
----------------- testing Sat Jul 14 01:42:31 UTC 2018 /home/travis/build/icyphy/ptII/ptolemy/domains/modal/test/auto/ErrorTransition1.xml
----------------- Instantiating /home/travis/build/icyphy/ptII/ptolemy/domains/modal/test/auto/ErrorTransition1.xml
7 ms. Memory: 577536K Free: 214295K (37%)
----------------- Invoking toplevel() on ptolemy.moml.MoMLSimpleApplication@6078d8e
----------------- Done invoking toplevel() on ptolemy.moml.MoMLSimpleApplication@6078d8e
reloadAllAccessors: .ErrorTransition1

===========================================================================================
----------------- testing Sat Jul 14 01:42:31 UTC 2018 /home/travis/build/icyphy/ptII/ptolemy/domains/modal/test/auto/ErrorTransition10.xml
----------------- Instantiating /home/travis/build/icyphy/ptII/ptolemy/domains/modal/test/auto/ErrorTransition10.xml
11 ms. Memory: 577536K Free: 198032K (34%)
----------------- Invoking toplevel() on ptolemy.moml.MoMLSimpleApplication@1ef6a946
----------------- Done invoking toplevel() on ptolemy.moml.MoMLSimpleApplication@1ef6a946
reloadAllAccessors: .ErrorTransition10

===========================================================================================
----------------- testing Sat Jul 14 01:42:31 UTC 2018 /home/travis/build/icyphy/ptII/ptolemy/domains/modal/test/auto/ErrorTransition11.xml
----------------- Instantiating /home/travis/build/icyphy/ptII/ptolemy/domains/modal/test/auto/ErrorTransition11.xml
4 ms. Memory: 577536K Free: 181768K (31%)
----------------- Invoking toplevel() on ptolemy.moml.MoMLSimpleApplication@7e87ae12
----------------- Done invoking toplevel() on ptolemy.moml.MoMLSimpleApplication@7e87ae12
reloadAllAccessors: .ErrorTransition11

===========================================================================================
----------------- testing Sat Jul 14 01:42:31 UTC 2018 /home/travis/build/icyphy/ptII/ptolemy/domains/modal/test/auto/ErrorTransition2.xml
----------------- Instantiating /home/travis/build/icyphy/ptII/ptolemy/domains/modal/test/auto/ErrorTransition2.xml
6 ms. Memory: 577536K Free: 168754K (29%)
----------------- Invoking toplevel() on ptolemy.moml.MoMLSimpleApplication@1fe6d0e
----------------- Done invoking toplevel() on ptolemy.moml.MoMLSimpleApplication@1fe6d0e
reloadAllAccessors: .ErrorTransition2

===========================================================================================
----------------- testing Sat Jul 14 01:42:31 UTC 2018 /home/travis/build/icyphy/ptII/ptolemy/domains/modal/test/auto/ErrorTransition3.xml
----------------- Instantiating /home/travis/build/icyphy/ptII/ptolemy/domains/modal/test/auto/ErrorTransition3.xml
12 ms. Memory: 577536K Free: 152589K (26%)
----------------- Invoking toplevel() on ptolemy.moml.MoMLSimpleApplication@4aa69865
----------------- Done invoking toplevel() on ptolemy.moml.MoMLSimpleApplication@4aa69865
reloadAllAccessors: .ErrorTransition3

===========================================================================================
----------------- testing Sat Jul 14 01:42:31 UTC 2018 /home/travis/build/icyphy/ptII/ptolemy/domains/modal/test/auto/ErrorTransition4.xml
----------------- Instantiating /home/travis/build/icyphy/ptII/ptolemy/domains/modal/test/auto/ErrorTransition4.xml
11 ms. Memory: 577536K Free: 139583K (24%)
----------------- Invoking toplevel() on ptolemy.moml.MoMLSimpleApplication@5345b821
----------------- Done invoking toplevel() on ptolemy.moml.MoMLSimpleApplication@5345b821
reloadAllAccessors: .ErrorTransition4

===========================================================================================
----------------- testing Sat Jul 14 01:42:31 UTC 2018 /home/travis/build/icyphy/ptII/ptolemy/domains/modal/test/auto/ErrorTransition5.xml
----------------- Instantiating /home/travis/build/icyphy/ptII/ptolemy/domains/modal/test/auto/ErrorTransition5.xml
5 ms. Memory: 577536K Free: 126568K (22%)
----------------- Invoking toplevel() on ptolemy.moml.MoMLSimpleApplication@42c7543c
----------------- Done invoking toplevel() on ptolemy.moml.MoMLSimpleApplication@42c7543c
reloadAllAccessors: .ErrorTransition5

===========================================================================================
----------------- testing Sat Jul 14 01:42:31 UTC 2018 /home/travis/build/icyphy/ptII/ptolemy/domains/modal/test/auto/ErrorTransition6.xml
----------------- Instantiating /home/travis/build/icyphy/ptII/ptolemy/domains/modal/test/auto/ErrorTransition6.xml
6 ms. Memory: 577536K Free: 113554K (20%)
----------------- Invoking toplevel() on ptolemy.moml.MoMLSimpleApplication@22f5f85a
----------------- Done invoking toplevel() on ptolemy.moml.MoMLSimpleApplication@22f5f85a
reloadAllAccessors: .ErrorTransition6

===========================================================================================
----------------- testing Sat Jul 14 01:42:31 UTC 2018 /home/travis/build/icyphy/ptII/ptolemy/domains/modal/test/auto/ErrorTransition7.xml
----------------- Instantiating /home/travis/build/icyphy/ptII/ptolemy/domains/modal/test/auto/ErrorTransition7.xml
9 ms. Memory: 577536K Free: 94124K (16%)
----------------- Invoking toplevel() on ptolemy.moml.MoMLSimpleApplication@538cffa
----------------- Done invoking toplevel() on ptolemy.moml.MoMLSimpleApplication@538cffa
reloadAllAccessors: .ErrorTransition7

===========================================================================================
----------------- testing Sat Jul 14 01:42:31 UTC 2018 /home/travis/build/icyphy/ptII/ptolemy/domains/modal/test/auto/ErrorTransition8.xml
----------------- Instantiating /home/travis/build/icyphy/ptII/ptolemy/domains/modal/test/auto/ErrorTransition8.xml
40 ms. Memory: 577536K Free: 565084K (98%)
----------------- Invoking toplevel() on ptolemy.moml.MoMLSimpleApplication@46c0fd31
----------------- Done invoking toplevel() on ptolemy.moml.MoMLSimpleApplication@46c0fd31
reloadAllAccessors: .ErrorTransition8

===========================================================================================
----------------- testing Sat Jul 14 01:42:31 UTC 2018 /home/travis/build/icyphy/ptII/ptolemy/domains/modal/test/auto/ErrorTransition9.xml
----------------- Instantiating /home/travis/build/icyphy/ptII/ptolemy/domains/modal/test/auto/ErrorTransition9.xml
8 ms. Memory: 577536K Free: 544895K (94%)
----------------- Invoking toplevel() on ptolemy.moml.MoMLSimpleApplication@34e4df9d
----------------- Done invoking toplevel() on ptolemy.moml.MoMLSimpleApplication@34e4df9d
reloadAllAccessors: .ErrorTransition9

===========================================================================================
----------------- testing Sat Jul 14 01:42:32 UTC 2018 /home/travis/build/icyphy/ptII/ptolemy/domains/modal/test/auto/ExtendedFSM.xml
----------------- Instantiating /home/travis/build/icyphy/ptII/ptolemy/domains/modal/test/auto/ExtendedFSM.xml
10 ms. Memory: 577536K Free: 535146K (93%)
----------------- Invoking toplevel() on ptolemy.moml.MoMLSimpleApplication@3558d70
----------------- Done invoking toplevel() on ptolemy.moml.MoMLSimpleApplication@3558d70
reloadAllAccessors: .ExtendedFSM

===========================================================================================
----------------- testing Sat Jul 14 01:42:32 UTC 2018 /home/travis/build/icyphy/ptII/ptolemy/domains/modal/test/auto/FinalStates.xml
----------------- Instantiating /home/travis/build/icyphy/ptII/ptolemy/domains/modal/test/auto/FinalStates.xml
9 ms. Memory: 577536K Free: 523178K (91%)
----------------- Invoking toplevel() on ptolemy.moml.MoMLSimpleApplication@7399f991
----------------- Done invoking toplevel() on ptolemy.moml.MoMLSimpleApplication@7399f991
reloadAllAccessors: .FinalStates

===========================================================================================
----------------- testing Sat Jul 14 01:42:32 UTC 2018 /home/travis/build/icyphy/ptII/ptolemy/domains/modal/test/auto/FixedPointFSM.xml
----------------- Instantiating /home/travis/build/icyphy/ptII/ptolemy/domains/modal/test/auto/FixedPointFSM.xml
19 ms. Memory: 577536K Free: 503649K (87%)
----------------- Invoking toplevel() on ptolemy.moml.MoMLSimpleApplication@69f24b2
----------------- Done invoking toplevel() on ptolemy.moml.MoMLSimpleApplication@69f24b2
reloadAllAccessors: .FixedPointFSM

===========================================================================================
----------------- testing Sat Jul 14 01:42:32 UTC 2018 /home/travis/build/icyphy/ptII/ptolemy/domains/modal/test/auto/FixedPointIterationFSMActor.xml
----------------- Instantiating /home/travis/build/icyphy/ptII/ptolemy/domains/modal/test/auto/FixedPointIterationFSMActor.xml
6 ms. Memory: 577536K Free: 490635K (85%)
----------------- Invoking toplevel() on ptolemy.moml.MoMLSimpleApplication@10262629
----------------- Done invoking toplevel() on ptolemy.moml.MoMLSimpleApplication@10262629
reloadAllAccessors: .FixedPointIterationFSMActor

===========================================================================================
----------------- testing Sat Jul 14 01:42:32 UTC 2018 /home/travis/build/icyphy/ptII/ptolemy/domains/modal/test/auto/FixedPointIterationFSMActor2.xml
----------------- Instantiating /home/travis/build/icyphy/ptII/ptolemy/domains/modal/test/auto/FixedPointIterationFSMActor2.xml
14 ms. Memory: 577536K Free: 472176K (82%)
----------------- Invoking toplevel() on ptolemy.moml.MoMLSimpleApplication@6eb36140
----------------- Done invoking toplevel() on ptolemy.moml.MoMLSimpleApplication@6eb36140
reloadAllAccessors: .FixedPointIterationFSMActor2

===========================================================================================
----------------- testing Sat Jul 14 01:42:32 UTC 2018 /home/travis/build/icyphy/ptII/ptolemy/domains/modal/test/auto/ForbiddenInstantanousLoop.xml
----------------- Instantiating /home/travis/build/icyphy/ptII/ptolemy/domains/modal/test/auto/ForbiddenInstantanousLoop.xml
5 ms. Memory: 577536K Free: 455904K (79%)
----------------- Invoking toplevel() on ptolemy.moml.MoMLSimpleApplication@7849ff27
----------------- Done invoking toplevel() on ptolemy.moml.MoMLSimpleApplication@7849ff27
reloadAllAccessors: .ForbiddenInstantanousLoop

===========================================================================================
----------------- testing Sat Jul 14 01:42:32 UTC 2018 /home/travis/build/icyphy/ptII/ptolemy/domains/modal/test/auto/FunctionDependencyOfFSMActorTest.xml
----------------- Instantiating /home/travis/build/icyphy/ptII/ptolemy/domains/modal/test/auto/FunctionDependencyOfFSMActorTest.xml
17 ms. Memory: 577536K Free: 446139K (77%)
----------------- Invoking toplevel() on ptolemy.moml.MoMLSimpleApplication@61dc14da
----------------- Done invoking toplevel() on ptolemy.moml.MoMLSimpleApplication@61dc14da
reloadAllAccessors: .FunctionDependencyOfFSMActorTest

===========================================================================================
----------------- testing Sat Jul 14 01:42:32 UTC 2018 /home/travis/build/icyphy/ptII/ptolemy/domains/modal/test/auto/GuardExpression.xml
----------------- Instantiating /home/travis/build/icyphy/ptII/ptolemy/domains/modal/test/auto/GuardExpression.xml
2 ms. Memory: 577536K Free: 434172K (75%)
----------------- Invoking toplevel() on ptolemy.moml.MoMLSimpleApplication@25ff9e8f
----------------- Done invoking toplevel() on ptolemy.moml.MoMLSimpleApplication@25ff9e8f
reloadAllAccessors: .GuardExpression

===========================================================================================
----------------- testing Sat Jul 14 01:42:32 UTC 2018 /home/travis/build/icyphy/ptII/ptolemy/domains/modal/test/auto/GuardNotEvaluated.xml
----------------- Instantiating /home/travis/build/icyphy/ptII/ptolemy/domains/modal/test/auto/GuardNotEvaluated.xml
8 ms. Memory: 577536K Free: 421158K (73%)
----------------- Invoking toplevel() on ptolemy.moml.MoMLSimpleApplication@1196e0f7
----------------- Done invoking toplevel() on ptolemy.moml.MoMLSimpleApplication@1196e0f7
reloadAllAccessors: .GuardNotEvaluated

===========================================================================================
----------------- testing Sat Jul 14 01:42:32 UTC 2018 /home/travis/build/icyphy/ptII/ptolemy/domains/modal/test/auto/GuardNotEvaluated2.xml
----------------- Instantiating /home/travis/build/icyphy/ptII/ptolemy/domains/modal/test/auto/GuardNotEvaluated2.xml
8 ms. Memory: 577536K Free: 408143K (71%)
----------------- Invoking toplevel() on ptolemy.moml.MoMLSimpleApplication@41f4b097
----------------- Done invoking toplevel() on ptolemy.moml.MoMLSimpleApplication@41f4b097
reloadAllAccessors: .GuardNotEvaluated2

===========================================================================================
----------------- testing Sat Jul 14 01:42:32 UTC 2018 /home/travis/build/icyphy/ptII/ptolemy/domains/modal/test/auto/GuardOnAbsent.xml
----------------- Instantiating /home/travis/build/icyphy/ptII/ptolemy/domains/modal/test/auto/GuardOnAbsent.xml
17 ms. Memory: 577536K Free: 396192K (69%)
----------------- Invoking toplevel() on ptolemy.moml.MoMLSimpleApplication@3db8d90a
----------------- Done invoking toplevel() on ptolemy.moml.MoMLSimpleApplication@3db8d90a
reloadAllAccessors: .GuardOnAbsent

===========================================================================================
----------------- testing Sat Jul 14 01:42:32 UTC 2018 /home/travis/build/icyphy/ptII/ptolemy/domains/modal/test/auto/HierarchicalFSMTypeInference.xml
----------------- Instantiating /home/travis/build/icyphy/ptII/ptolemy/domains/modal/test/auto/HierarchicalFSMTypeInference.xml
2 ms. Memory: 577536K Free: 379912K (66%)
----------------- Invoking toplevel() on ptolemy.moml.MoMLSimpleApplication@64b99374
----------------- Done invoking toplevel() on ptolemy.moml.MoMLSimpleApplication@64b99374
reloadAllAccessors: .HierarchicalFSMTypeInference

===========================================================================================
----------------- testing Sat Jul 14 01:42:32 UTC 2018 /home/travis/build/icyphy/ptII/ptolemy/domains/modal/test/auto/Hysteresis.xml
----------------- Instantiating /home/travis/build/icyphy/ptII/ptolemy/domains/modal/test/auto/Hysteresis.xml
10 ms. Memory: 577536K Free: 360383K (62%)
----------------- Invoking toplevel() on ptolemy.moml.MoMLSimpleApplication@67a7c9d8
----------------- Done invoking toplevel() on ptolemy.moml.MoMLSimpleApplication@67a7c9d8
reloadAllAccessors: .Hysteresis

===========================================================================================
----------------- testing Sat Jul 14 01:42:32 UTC 2018 /home/travis/build/icyphy/ptII/ptolemy/domains/modal/test/auto/HysteresisWithDefault.xml
----------------- Instantiating /home/travis/build/icyphy/ptII/ptolemy/domains/modal/test/auto/HysteresisWithDefault.xml
39 ms. Memory: 577536K Free: 332135K (58%)
----------------- Invoking toplevel() on ptolemy.moml.MoMLSimpleApplication@51ee4f01
----------------- Done invoking toplevel() on ptolemy.moml.MoMLSimpleApplication@51ee4f01
reloadAllAccessors: .HysteresisWithDefault

===========================================================================================
----------------- testing Sat Jul 14 01:42:32 UTC 2018 /home/travis/build/icyphy/ptII/ptolemy/domains/modal/test/auto/HysteresisWithDefault2.xml
----------------- Instantiating /home/travis/build/icyphy/ptII/ptolemy/domains/modal/test/auto/HysteresisWithDefault2.xml
51 ms. Memory: 577536K Free: 299568K (52%)
----------------- Invoking toplevel() on ptolemy.moml.MoMLSimpleApplication@d6d32b5
----------------- Done invoking toplevel() on ptolemy.moml.MoMLSimpleApplication@d6d32b5
reloadAllAccessors: .HysteresisWithDefault2

===========================================================================================
----------------- testing Sat Jul 14 01:42:32 UTC 2018 /home/travis/build/icyphy/ptII/ptolemy/domains/modal/test/auto/ImmediateNonConstructiveness.xml
----------------- Instantiating /home/travis/build/icyphy/ptII/ptolemy/domains/modal/test/auto/ImmediateNonConstructiveness.xml
3 ms. Memory: 577536K Free: 287600K (50%)
----------------- Invoking toplevel() on ptolemy.moml.MoMLSimpleApplication@6b776e30
----------------- Done invoking toplevel() on ptolemy.moml.MoMLSimpleApplication@6b776e30
reloadAllAccessors: .ImmediateNonConstructiveness

===========================================================================================
----------------- testing Sat Jul 14 01:42:32 UTC 2018 /home/travis/build/icyphy/ptII/ptolemy/domains/modal/test/auto/ImmediateNonConstructiveness2.xml
----------------- Instantiating /home/travis/build/icyphy/ptII/ptolemy/domains/modal/test/auto/ImmediateNonConstructiveness2.xml
2 ms. Memory: 577536K Free: 277835K (48%)
----------------- Invoking toplevel() on ptolemy.moml.MoMLSimpleApplication@3a8d4405
----------------- Done invoking toplevel() on ptolemy.moml.MoMLSimpleApplication@3a8d4405
reloadAllAccessors: .ImmediateNonConstructiveness2

===========================================================================================
----------------- testing Sat Jul 14 01:42:32 UTC 2018 /home/travis/build/icyphy/ptII/ptolemy/domains/modal/test/auto/ImmediateTransitionReset.xml
----------------- Instantiating /home/travis/build/icyphy/ptII/ptolemy/domains/modal/test/auto/ImmediateTransitionReset.xml
7 ms. Memory: 577536K Free: 261564K (45%)
----------------- Invoking toplevel() on ptolemy.moml.MoMLSimpleApplication@56fbf3cf
----------------- Done invoking toplevel() on ptolemy.moml.MoMLSimpleApplication@56fbf3cf
reloadAllAccessors: .ImmediateTransitionReset

===========================================================================================
----------------- testing Sat Jul 14 01:42:32 UTC 2018 /home/travis/build/icyphy/ptII/ptolemy/domains/modal/test/auto/ImmediateTransitions1.xml
----------------- Instantiating /home/travis/build/icyphy/ptII/ptolemy/domains/modal/test/auto/ImmediateTransitions1.xml
2 ms. Memory: 577536K Free: 249596K (43%)
----------------- Invoking toplevel() on ptolemy.moml.MoMLSimpleApplication@14d1295a
----------------- Done invoking toplevel() on ptolemy.moml.MoMLSimpleApplication@14d1295a
reloadAllAccessors: .ImmediateTransitions1

===========================================================================================
----------------- testing Sat Jul 14 01:42:32 UTC 2018 /home/travis/build/icyphy/ptII/ptolemy/domains/modal/test/auto/ImmediateTransitionsInstantaneousCommunication.xml
----------------- Instantiating /home/travis/build/icyphy/ptII/ptolemy/domains/modal/test/auto/ImmediateTransitionsInstantaneousCommunication.xml
7 ms. Memory: 577536K Free: 233324K (40%)
----------------- Invoking toplevel() on ptolemy.moml.MoMLSimpleApplication@28e90904
----------------- Done invoking toplevel() on ptolemy.moml.MoMLSimpleApplication@28e90904
reloadAllAccessors: .ImmediateTransitionsInstantaneousCommunication

===========================================================================================
----------------- testing Sat Jul 14 01:42:32 UTC 2018 /home/travis/build/icyphy/ptII/ptolemy/domains/modal/test/auto/InitialImmediateTransition.xml
----------------- Instantiating /home/travis/build/icyphy/ptII/ptolemy/domains/modal/test/auto/InitialImmediateTransition.xml
3 ms. Memory: 577536K Free: 223568K (39%)
----------------- Invoking toplevel() on ptolemy.moml.MoMLSimpleApplication@5aa991a5
----------------- Done invoking toplevel() on ptolemy.moml.MoMLSimpleApplication@5aa991a5
reloadAllAccessors: .InitialImmediateTransition

===========================================================================================
----------------- testing Sat Jul 14 01:42:32 UTC 2018 /home/travis/build/icyphy/ptII/ptolemy/domains/modal/test/auto/InitialOutputs.xml
----------------- Instantiating /home/travis/build/icyphy/ptII/ptolemy/domains/modal/test/auto/InitialOutputs.xml
3 ms. Memory: 577536K Free: 211600K (37%)
----------------- Invoking toplevel() on ptolemy.moml.MoMLSimpleApplication@2877cff2
----------------- Done invoking toplevel() on ptolemy.moml.MoMLSimpleApplication@2877cff2
reloadAllAccessors: .InitialOutputs

===========================================================================================
----------------- testing Sat Jul 14 01:42:32 UTC 2018 /home/travis/build/icyphy/ptII/ptolemy/domains/modal/test/auto/InitialStateTransition1.xml
----------------- Instantiating /home/travis/build/icyphy/ptII/ptolemy/domains/modal/test/auto/InitialStateTransition1.xml
4 ms. Memory: 577536K Free: 198586K (34%)
----------------- Invoking toplevel() on ptolemy.moml.MoMLSimpleApplication@5072d300
----------------- Done invoking toplevel() on ptolemy.moml.MoMLSimpleApplication@5072d300
reloadAllAccessors: .InitialStateTransition1

===========================================================================================
----------------- testing Sat Jul 14 01:42:32 UTC 2018 /home/travis/build/icyphy/ptII/ptolemy/domains/modal/test/auto/InitialStateTransition2.xml
----------------- Instantiating /home/travis/build/icyphy/ptII/ptolemy/domains/modal/test/auto/InitialStateTransition2.xml
.InitialStateTransition2.TestExceptionAttributeNonConstructive: initialize() was not invoked, but wrapup() was.  This is unusual, but not always a problem.  For example, exporting JNLP will do this.
1 ms. Memory: 577536K Free: 183361K (32%)
----------------- Invoking toplevel() on ptolemy.moml.MoMLSimpleApplication@a5e03d3
----------------- Done invoking toplevel() on ptolemy.moml.MoMLSimpleApplication@a5e03d3
reloadAllAccessors: .InitialStateTransition2

===========================================================================================
----------------- testing Sat Jul 14 01:42:32 UTC 2018 /home/travis/build/icyphy/ptII/ptolemy/domains/modal/test/auto/InitialStateTransition3.xml
----------------- Instantiating /home/travis/build/icyphy/ptII/ptolemy/domains/modal/test/auto/InitialStateTransition3.xml
3 ms. Memory: 577536K Free: 170346K (29%)
----------------- Invoking toplevel() on ptolemy.moml.MoMLSimpleApplication@66885ac5
----------------- Done invoking toplevel() on ptolemy.moml.MoMLSimpleApplication@66885ac5
reloadAllAccessors: .InitialStateTransition3

===========================================================================================
----------------- testing Sat Jul 14 01:42:32 UTC 2018 /home/travis/build/icyphy/ptII/ptolemy/domains/modal/test/auto/InitialStateTransition4.xml
----------------- Instantiating /home/travis/build/icyphy/ptII/ptolemy/domains/modal/test/auto/InitialStateTransition4.xml
4 ms. Memory: 577536K Free: 157332K (27%)
----------------- Invoking toplevel() on ptolemy.moml.MoMLSimpleApplication@65326995
----------------- Done invoking toplevel() on ptolemy.moml.MoMLSimpleApplication@65326995
[...]
----------------- Done invoking toplevel() on ptolemy.moml.MoMLSimpleApplication@3a98bc35
reloadAllAccessors: .TerminationTransition3

===========================================================================================
----------------- testing Sat Jul 14 01:42:34 UTC 2018 /home/travis/build/icyphy/ptII/ptolemy/domains/modal/test/auto/TerminationTransition4.xml
----------------- Instantiating /home/travis/build/icyphy/ptII/ptolemy/domains/modal/test/auto/TerminationTransition4.xml
6 ms. Memory: 870400K Free: 825490K (95%)
----------------- Invoking toplevel() on ptolemy.moml.MoMLSimpleApplication@6a5acdba
----------------- Done invoking toplevel() on ptolemy.moml.MoMLSimpleApplication@6a5acdba
reloadAllAccessors: .TerminationTransition4

===========================================================================================
----------------- testing Sat Jul 14 01:42:35 UTC 2018 /home/travis/build/icyphy/ptII/ptolemy/domains/modal/test/auto/TerminationTransition5.xml
----------------- Instantiating /home/travis/build/icyphy/ptII/ptolemy/domains/modal/test/auto/TerminationTransition5.xml
2 ms. Memory: 870400K Free: 805979K (93%)
----------------- Invoking toplevel() on ptolemy.moml.MoMLSimpleApplication@78cc2d06
----------------- Done invoking toplevel() on ptolemy.moml.MoMLSimpleApplication@78cc2d06
reloadAllAccessors: .TerminationTransition5

===========================================================================================
----------------- testing Sat Jul 14 01:42:35 UTC 2018 /home/travis/build/icyphy/ptII/ptolemy/domains/modal/test/auto/TerminationTransition6.xml
----------------- Instantiating /home/travis/build/icyphy/ptII/ptolemy/domains/modal/test/auto/TerminationTransition6.xml
2 ms. Memory: 870400K Free: 788516K (91%)
----------------- Invoking toplevel() on ptolemy.moml.MoMLSimpleApplication@6e0bb42
----------------- Done invoking toplevel() on ptolemy.moml.MoMLSimpleApplication@6e0bb42
reloadAllAccessors: .TerminationTransition6

===========================================================================================
----------------- testing Sat Jul 14 01:42:35 UTC 2018 /home/travis/build/icyphy/ptII/ptolemy/domains/modal/test/auto/TerminationTransition7.xml
----------------- Instantiating /home/travis/build/icyphy/ptII/ptolemy/domains/modal/test/auto/TerminationTransition7.xml
4 ms. Memory: 870400K Free: 772799K (89%)
----------------- Invoking toplevel() on ptolemy.moml.MoMLSimpleApplication@41510a61
----------------- Done invoking toplevel() on ptolemy.moml.MoMLSimpleApplication@41510a61
reloadAllAccessors: .TerminationTransition7

===========================================================================================
----------------- testing Sat Jul 14 01:42:35 UTC 2018 /home/travis/build/icyphy/ptII/ptolemy/domains/modal/test/auto/TerminationTransition8.xml
----------------- Instantiating /home/travis/build/icyphy/ptII/ptolemy/domains/modal/test/auto/TerminationTransition8.xml
2 ms. Memory: 870400K Free: 755328K (87%)
----------------- Invoking toplevel() on ptolemy.moml.MoMLSimpleApplication@60ddcc71
----------------- Done invoking toplevel() on ptolemy.moml.MoMLSimpleApplication@60ddcc71
reloadAllAccessors: .TerminationTransition8

===========================================================================================
----------------- testing Sat Jul 14 01:42:35 UTC 2018 /home/travis/build/icyphy/ptII/ptolemy/domains/modal/test/auto/Thermostat_NoHysteresis.xml
----------------- Instantiating /home/travis/build/icyphy/ptII/ptolemy/domains/modal/test/auto/Thermostat_NoHysteresis.xml
24 ms. Memory: 870400K Free: 724081K (83%)
----------------- Invoking toplevel() on ptolemy.moml.MoMLSimpleApplication@66a132e2
----------------- Done invoking toplevel() on ptolemy.moml.MoMLSimpleApplication@66a132e2
reloadAllAccessors: .Thermostat_NoHysteresis

===========================================================================================
----------------- testing Sat Jul 14 01:42:35 UTC 2018 /home/travis/build/icyphy/ptII/ptolemy/domains/modal/test/auto/TimedFSM.xml
----------------- Instantiating /home/travis/build/icyphy/ptII/ptolemy/domains/modal/test/auto/TimedFSM.xml
8 ms. Memory: 870400K Free: 706610K (81%)
----------------- Invoking toplevel() on ptolemy.moml.MoMLSimpleApplication@59916613
----------------- Done invoking toplevel() on ptolemy.moml.MoMLSimpleApplication@59916613
reloadAllAccessors: .TimedFSM

===========================================================================================
----------------- testing Sat Jul 14 01:42:35 UTC 2018 /home/travis/build/icyphy/ptII/ptolemy/domains/modal/test/auto/Timeout1.xml
----------------- Instantiating /home/travis/build/icyphy/ptII/ptolemy/domains/modal/test/auto/Timeout1.xml
3 ms. Memory: 870400K Free: 698812K (80%)
----------------- Invoking toplevel() on ptolemy.moml.MoMLSimpleApplication@65ae860c
----------------- Done invoking toplevel() on ptolemy.moml.MoMLSimpleApplication@65ae860c
reloadAllAccessors: .Timeout1

===========================================================================================
----------------- testing Sat Jul 14 01:42:35 UTC 2018 /home/travis/build/icyphy/ptII/ptolemy/domains/modal/test/auto/Timeout2.xml
----------------- Instantiating /home/travis/build/icyphy/ptII/ptolemy/domains/modal/test/auto/Timeout2.xml
9 ms. Memory: 870400K Free: 685256K (79%)
----------------- Invoking toplevel() on ptolemy.moml.MoMLSimpleApplication@235c415b
----------------- Done invoking toplevel() on ptolemy.moml.MoMLSimpleApplication@235c415b
reloadAllAccessors: .Timeout2

===========================================================================================
----------------- testing Sat Jul 14 01:42:35 UTC 2018 /home/travis/build/icyphy/ptII/ptolemy/domains/modal/test/auto/Timeout3.xml
----------------- Instantiating /home/travis/build/icyphy/ptII/ptolemy/domains/modal/test/auto/Timeout3.xml
6 ms. Memory: 870400K Free: 677458K (78%)
----------------- Invoking toplevel() on ptolemy.moml.MoMLSimpleApplication@1164cd9a
----------------- Done invoking toplevel() on ptolemy.moml.MoMLSimpleApplication@1164cd9a
reloadAllAccessors: .Timeout3

===========================================================================================
----------------- testing Sat Jul 14 01:42:35 UTC 2018 /home/travis/build/icyphy/ptII/ptolemy/domains/modal/test/auto/Timeout4.xml
----------------- Instantiating /home/travis/build/icyphy/ptII/ptolemy/domains/modal/test/auto/Timeout4.xml
2 ms. Memory: 870400K Free: 667801K (77%)
----------------- Invoking toplevel() on ptolemy.moml.MoMLSimpleApplication@340dd67c
----------------- Done invoking toplevel() on ptolemy.moml.MoMLSimpleApplication@340dd67c
reloadAllAccessors: .Timeout4

===========================================================================================
----------------- testing Sat Jul 14 01:42:35 UTC 2018 /home/travis/build/icyphy/ptII/ptolemy/domains/modal/test/auto/TransientstateModelAdvanced.xml
----------------- Instantiating /home/travis/build/icyphy/ptII/ptolemy/domains/modal/test/auto/TransientstateModelAdvanced.xml
15 ms. Memory: 870400K Free: 648291K (74%)
----------------- Invoking toplevel() on ptolemy.moml.MoMLSimpleApplication@42943a3
----------------- Done invoking toplevel() on ptolemy.moml.MoMLSimpleApplication@42943a3
reloadAllAccessors: .TransientstateModelAdvanced

===========================================================================================
----------------- testing Sat Jul 14 01:42:35 UTC 2018 /home/travis/build/icyphy/ptII/ptolemy/domains/modal/test/auto/TransientstateModelAdvanced2.xml
----------------- Instantiating /home/travis/build/icyphy/ptII/ptolemy/domains/modal/test/auto/TransientstateModelAdvanced2.xml
6 ms. Memory: 870400K Free: 626929K (72%)
----------------- Invoking toplevel() on ptolemy.moml.MoMLSimpleApplication@548d175e
----------------- Done invoking toplevel() on ptolemy.moml.MoMLSimpleApplication@548d175e
reloadAllAccessors: .transientstatemodelAdvanced

===========================================================================================
----------------- testing Sat Jul 14 01:42:35 UTC 2018 /home/travis/build/icyphy/ptII/ptolemy/domains/modal/test/auto/TransitionRefinements.xml
----------------- Instantiating /home/travis/build/icyphy/ptII/ptolemy/domains/modal/test/auto/TransitionRefinements.xml
10 ms. Memory: 870400K Free: 615224K (71%)
----------------- Invoking toplevel() on ptolemy.moml.MoMLSimpleApplication@657d6980
----------------- Done invoking toplevel() on ptolemy.moml.MoMLSimpleApplication@657d6980
reloadAllAccessors: .TransitionRefinements

===========================================================================================
----------------- testing Sat Jul 14 01:42:35 UTC 2018 /home/travis/build/icyphy/ptII/ptolemy/domains/modal/test/auto/TwoRefinements1.xml
----------------- Instantiating /home/travis/build/icyphy/ptII/ptolemy/domains/modal/test/auto/TwoRefinements1.xml
2 ms. Memory: 870400K Free: 597753K (69%)
----------------- Invoking toplevel() on ptolemy.moml.MoMLSimpleApplication@551f0fc6
----------------- Done invoking toplevel() on ptolemy.moml.MoMLSimpleApplication@551f0fc6
reloadAllAccessors: .TwoRefinements1

===========================================================================================
----------------- testing Sat Jul 14 01:42:35 UTC 2018 /home/travis/build/icyphy/ptII/ptolemy/domains/modal/test/auto/TwoRefinements2.xml
----------------- Instantiating /home/travis/build/icyphy/ptII/ptolemy/domains/modal/test/auto/TwoRefinements2.xml
3 ms. Memory: 870400K Free: 582150K (67%)
----------------- Invoking toplevel() on ptolemy.moml.MoMLSimpleApplication@169655ec
----------------- Done invoking toplevel() on ptolemy.moml.MoMLSimpleApplication@169655ec
reloadAllAccessors: .TwoRefinements2

===========================================================================================
----------------- testing Sat Jul 14 01:42:35 UTC 2018 /home/travis/build/icyphy/ptII/ptolemy/domains/modal/test/auto/WeakImmediateTransition.xml
----------------- Instantiating /home/travis/build/icyphy/ptII/ptolemy/domains/modal/test/auto/WeakImmediateTransition.xml
2 ms. Memory: 870400K Free: 566546K (65%)
----------------- Invoking toplevel() on ptolemy.moml.MoMLSimpleApplication@6ce07fe
----------------- Done invoking toplevel() on ptolemy.moml.MoMLSimpleApplication@6ce07fe
reloadAllAccessors: .WeakImmediateTransition

===========================================================================================
----------------- testing Sat Jul 14 01:42:35 UTC 2018 /home/travis/build/icyphy/ptII/ptolemy/domains/modal/test/auto/booleanSelect.xml
----------------- Instantiating /home/travis/build/icyphy/ptII/ptolemy/domains/modal/test/auto/booleanSelect.xml
29 ms. Memory: 870400K Free: 545160K (63%)
----------------- Invoking toplevel() on ptolemy.moml.MoMLSimpleApplication@4d48c21c
----------------- Done invoking toplevel() on ptolemy.moml.MoMLSimpleApplication@4d48c21c
reloadAllAccessors: .booleanSelect

===========================================================================================
----------------- testing Sat Jul 14 01:42:35 UTC 2018 /home/travis/build/icyphy/ptII/ptolemy/domains/modal/test/auto/modalChangingParams.xml
----------------- Instantiating /home/travis/build/icyphy/ptII/ptolemy/domains/modal/test/auto/modalChangingParams.xml
0
1
0
2
4
6
8
7
0
2
4
6
8
13
0
2
4
6
8
19
0
2
4
6
8
25
0
2
4
6
8
31
0
2
4
6
8
37
0
2
4
6
8
43
0
2
4
6
8
49
0
2
4
6
8
55
0
2
4
6
8
61
0
2
4
6
8
67
0
2
4
6
8
73
0
2
4
6
8
79
0
2
4
6
8
85
0
2
4
6
8
91
0
2
4
6
8
97
0
2
4
6
8
103
0
2
4
6
8
109
0
2
4
6
8
115
0
2
4
6
8
121
0
2
4
6
8
127
0
2
4
6
8
133
0
2
4
6
8
139
0
2
4
6
8
145
0
2
4
6
8
151
0
2
4
6
8
157
0
2
4
6
8
163
0
2
4
6
8
169
0
2
4
6
8
175
0
2
4
6
8
181
0
2
4
6
8
187
0
2
4
6
8
193
0
2
4
6
8
199
0
2
4
6
8
205
0
2
4
6
8
211
0
2
4
6
8
217
0
2
4
6
8
223
0
2
4
6
8
229
0
2
4
6
8
235
0
2
4
6
8
241
0
2
4
6
8
247
0
2
4
6
8
253
0
2
4
6
8
259
0
2
4
6
8
265
0
2
4
6
8
271
0
2
4
6
8
277
0
2
4
6
8
283
0
2
4
6
8
289
0
2
4
6
8
295
0
2
4
6
8
301
0
2
4
6
8
307
0
2
4
6
8
313
0
2
4
6
8
319
0
2
4
6
8
325
0
2
4
6
8
331
0
2
4
6
8
337
0
2
4
6
8
343
0
2
4
6
8
349
0
2
4
6
8
355
0
2
4
6
8
361
0
2
4
6
8
367
0
2
4
6
8
373
0
2
4
6
8
379
0
2
4
6
8
385
0
2
4
6
8
391
0
2
4
6
8
397
0
2
4
6
8
403
0
2
4
6
8
409
0
2
4
6
8
415
0
2
4
6
8
421
0
2
4
6
8
427
0
2
4
6
8
433
0
2
4
6
8
439
0
2
4
6
8
445
0
2
4
6
8
451
0
2
4
6
8
457
0
2
4
6
8
463
0
2
4
6
8
469
0
2
4
6
8
475
0
2
4
6
8
481
0
2
4
6
8
487
0
2
4
6
8
493
0
2
4
6
8
499
0
2
4
6
8
505
0
2
4
6
8
511
0
2
4
6
8
517
0
2
4
6
8
523
0
2
4
6
8
529
0
2
4
6
8
535
0
2
4
6
8
541
0
2
4
6
8
547
0
2
4
6
8
553
0
2
4
6
8
559
0
2
4
6
8
565
0
2
4
6
8
571
0
2
4
6
8
577
0
2
4
6
8
583
0
2
4
6
8
589
0
2
4
6
8
595
0
2
4
6
8
601
0
2
4
6
8
607
0
2
4
6
8
613
0
2
4
6
8
619
0
2
4
6
8
625
0
2
4
6
8
631
0
2
4
6
8
637
0
2
4
6
8
643
0
2
4
6
8
649
0
2
4
6
8
655
0
2
4
6
8
661
0
2
4
6
8
667
0
2
4
6
8
673
0
2
4
6
8
679
0
2
4
6
8
685
0
2
4
6
8
691
0
2
4
6
8
697
0
2
4
6
8
703
0
2
4
6
8
709
0
2
4
6
8
715
0
2
4
6
8
721
0
2
4
6
8
727
0
2
4
6
8
733
0
2
4
6
8
739
0
2
4
6
8
745
0
2
4
6
8
751
0
2
4
6
8
757
0
2
4
6
8
763
0
2
4
6
8
769
0
2
4
6
8
775
0
2
4
6
8
781
0
2
4
6
8
787
0
2
4
6
8
793
0
2
4
6
8
799
0
2
4
6
8
805
0
2
4
6
8
811
0
2
4
6
8
817
0
2
4
6
8
823
0
2
4
6
8
829
0
2
4
6
8
835
0
2
4
6
8
841
0
2
4
6
8
847
0
2
4
6
8
853
0
2
4
6
8
859
0
2
4
6
8
865
0
2
4
6
8
871
0
2
4
6
8
877
0
2
4
6
8
883
0
2
4
6
8
889
0
2
4
6
8
895
0
2
4
6
8
901
0
2
4
6
8
907
0
2
4
6
8
913
0
2
4
6
8
919
0
2
4
6
8
925
0
2
4
6
8
931
0
2
4
6
8
937
0
2
4
6
8
943
0
2
4
6
8
949
0
2
4
6
8
955
0
2
4
6
8
961
0
2
4
6
8
967
0
2
4
6
8
973
0
2
4
6
8
979
0
2
4
6
8
985
0
2
4
6
8
991
0
2
4
6
8
997
0
2
244 ms. Memory: 870400K Free: 427874K (49%)
----------------- Invoking toplevel() on ptolemy.moml.MoMLSimpleApplication@384c432
----------------- Done invoking toplevel() on ptolemy.moml.MoMLSimpleApplication@384c432
reloadAllAccessors: .modalChangingParams

===========================================================================================
----------------- testing Sat Jul 14 01:42:35 UTC 2018 /home/travis/build/icyphy/ptII/ptolemy/domains/modal/test/auto/modalModel.xml
----------------- Instantiating /home/travis/build/icyphy/ptII/ptolemy/domains/modal/test/auto/modalModel.xml
7 ms. Memory: 870400K Free: 414310K (48%)
----------------- Invoking toplevel() on ptolemy.moml.MoMLSimpleApplication@76a61bf5
----------------- Done invoking toplevel() on ptolemy.moml.MoMLSimpleApplication@76a61bf5
reloadAllAccessors: .modalModel

===========================================================================================
----------------- testing Sat Jul 14 01:42:36 UTC 2018 /home/travis/build/icyphy/ptII/ptolemy/domains/modal/test/auto/modalModel2.xml
----------------- Instantiating /home/travis/build/icyphy/ptII/ptolemy/domains/modal/test/auto/modalModel2.xml
6 ms. Memory: 870400K Free: 398698K (46%)
----------------- Invoking toplevel() on ptolemy.moml.MoMLSimpleApplication@56e5f662
----------------- Done invoking toplevel() on ptolemy.moml.MoMLSimpleApplication@56e5f662
reloadAllAccessors: .modalModel2

===========================================================================================
----------------- testing Sat Jul 14 01:42:36 UTC 2018 /home/travis/build/icyphy/ptII/ptolemy/domains/modal/test/auto/modalModel3.xml
----------------- Instantiating /home/travis/build/icyphy/ptII/ptolemy/domains/modal/test/auto/modalModel3.xml
0	0	0
1	0	1
4	2	2
7	4	3
10	6	4
5	0	5
8	2	6
11	4	7
14	6	8
9	0	9
12	2	10
15	4	11
18	6	12
13	0	13
16	2	14
12 ms. Memory: 870400K Free: 377328K (43%)
----------------- Invoking toplevel() on ptolemy.moml.MoMLSimpleApplication@7ef4c77b
----------------- Done invoking toplevel() on ptolemy.moml.MoMLSimpleApplication@7ef4c77b
reloadAllAccessors: .modalModel3

===========================================================================================
----------------- testing Sat Jul 14 01:42:36 UTC 2018 /home/travis/build/icyphy/ptII/ptolemy/domains/modal/test/auto/model1.xml
----------------- Instantiating /home/travis/build/icyphy/ptII/ptolemy/domains/modal/test/auto/model1.xml
11 ms. Memory: 870400K Free: 369530K (42%)
----------------- Invoking toplevel() on ptolemy.moml.MoMLSimpleApplication@6401221e
----------------- Done invoking toplevel() on ptolemy.moml.MoMLSimpleApplication@6401221e
reloadAllAccessors: .model1

===========================================================================================
----------------- testing Sat Jul 14 01:42:36 UTC 2018 /home/travis/build/icyphy/ptII/ptolemy/domains/modal/test/auto/test-direct-in-out.xml
----------------- Instantiating /home/travis/build/icyphy/ptII/ptolemy/domains/modal/test/auto/test-direct-in-out.xml
5 ms. Memory: 870400K Free: 355967K (41%)
----------------- Invoking toplevel() on ptolemy.moml.MoMLSimpleApplication@4a306da9
----------------- Done invoking toplevel() on ptolemy.moml.MoMLSimpleApplication@4a306da9
reloadAllAccessors: .test-direct-in-out
AutoTests.java: About to close Vertx.
AutoTests.java: Vertx closed.
]]></system-out>
  <system-err><![CDATA[java.lang.RuntimeException: Execution failed
	at ptolemy.moml.MoMLSimpleApplication$UnloadThread.run(MoMLSimpleApplication.java:402)
Caused by: ptolemy.kernel.util.IllegalActionException: Unknown inputs remain. Possible causality loop:
L_model_1893289564i

  in .CannotAnalysisWithPreemption.model_1893289564_region_1 and .CannotAnalysisWithPreemption.model_1893289564_region_1.L_model_1893289564i
	at ptolemy.actor.sched.FixedPointDirector.postfire(FixedPointDirector.java:515)
	at ptolemy.domains.sr.kernel.SRDirector.postfire(SRDirector.java:417)
	at ptolemy.actor.CompositeActor.postfire(CompositeActor.java:1668)
	at ptolemy.actor.Manager.iterate(Manager.java:852)
	at ptolemy.actor.Manager.execute(Manager.java:369)
	at ptolemy.actor.Manager.run(Manager.java:1263)
	at ptolemy.actor.Manager$PtolemyRunThread.run(Manager.java:1915)
java.lang.reflect.InvocationTargetException
	at sun.reflect.NativeConstructorAccessorImpl.newInstance0(Native Method)
	at sun.reflect.NativeConstructorAccessorImpl.newInstance(NativeConstructorAccessorImpl.java:62)
	at sun.reflect.DelegatingConstructorAccessorImpl.newInstance(DelegatingConstructorAccessorImpl.java:45)
	at java.lang.reflect.Constructor.newInstance(Constructor.java:423)
	at ptolemy.util.test.junit.AutoKnownFailedTests.RunModel(AutoKnownFailedTests.java:107)
	at sun.reflect.NativeMethodAccessorImpl.invoke0(Native Method)
	at sun.reflect.NativeMethodAccessorImpl.invoke(NativeMethodAccessorImpl.java:62)
	at sun.reflect.DelegatingMethodAccessorImpl.invoke(DelegatingMethodAccessorImpl.java:43)
	at java.lang.reflect.Method.invoke(Method.java:498)
	at org.junit.runners.model.FrameworkMethod$1.runReflectiveCall(FrameworkMethod.java:44)
	at org.junit.internal.runners.model.ReflectiveCallable.run(ReflectiveCallable.java:15)
	at org.junit.runners.model.FrameworkMethod.invokeExplosively(FrameworkMethod.java:41)
	at junitparams.internal.InvokeParameterisedMethod.evaluate(InvokeParameterisedMethod.java:102)
	at org.junit.internal.runners.statements.FailOnTimeout$1.run(FailOnTimeout.java:28)
Caused by: ptolemy.kernel.util.IllegalActionException: Unknown inputs remain. Possible causality loop:
L_model_1893289564i

  in .CannotAnalysisWithPreemption.model_1893289564_region_1 and .CannotAnalysisWithPreemption.model_1893289564_region_1.L_model_1893289564i
	at ptolemy.actor.sched.FixedPointDirector.postfire(FixedPointDirector.java:515)
	at ptolemy.domains.sr.kernel.SRDirector.postfire(SRDirector.java:417)
	at ptolemy.actor.CompositeActor.postfire(CompositeActor.java:1668)
	at ptolemy.actor.Manager.iterate(Manager.java:852)
	at ptolemy.actor.Manager.execute(Manager.java:369)
	at ptolemy.actor.Manager.run(Manager.java:1263)
	at ptolemy.actor.Manager$PtolemyRunThread.run(Manager.java:1915)
]]></system-err>
</testsuite>
