<?xml version="1.0" encoding="UTF-8" ?>
<testsuite errors="0" failures="0" hostname="travis-job-0900e204-f668-440c-915c-c83626c1a5d2" name="ptolemy.domains.de.test.junit.JUnitTclTest" skipped="0" tests="101" time="126.375" timestamp="2020-02-15T06:58:12">
  <properties>
[...]
</properties>
  <testcase classname="ptolemy.util.test.junit.TclTests" name="[0] /home/travis/build/icyphy/ptII/ptolemy/domains/de/test/DependencyLoop.tcl (RunTclFile)" time="0.91" />
  <testcase classname="ptolemy.util.test.junit.TclTests" name="[1] /home/travis/build/icyphy/ptII/ptolemy/domains/de/test/RunDETestsAsQSS.tcl (RunTclFile)" time="86.389" />
  <testcase classname="ptolemy.util.test.junit.AutoKnownFailedTests" name="[0] /home/travis/build/icyphy/ptII/ptolemy/domains/de/test/auto/knownFailedTests/DESDFClockTest.xml (RunModel)" time="2.059" />
  <testcase classname="ptolemy.util.test.junit.AutoKnownFailedTests" name="[1] /home/travis/build/icyphy/ptII/ptolemy/domains/de/test/auto/knownFailedTests/DirectFeedback.xml (RunModel)" time="0.013" />
  <testcase classname="ptolemy.util.test.junit.AutoKnownFailedTests" name="[2] /home/travis/build/icyphy/ptII/ptolemy/domains/de/test/auto/knownFailedTests/FSMSource.xml (RunModel)" time="0.024" />
  <testcase classname="ptolemy.util.test.junit.AutoKnownFailedTests" name="[3] /home/travis/build/icyphy/ptII/ptolemy/domains/de/test/auto/knownFailedTests/HierarchicalModel.xml (RunModel)" time="0.047" />
  <testcase classname="ptolemy.util.test.junit.AutoKnownFailedTests" name="[4] /home/travis/build/icyphy/ptII/ptolemy/domains/de/test/auto/knownFailedTests/dependencyLoop.xml (RunModel)" time="0.038" />
  <testcase classname="ptolemy.util.test.junit.AutoKnownFailedTests" name="[5] /home/travis/build/icyphy/ptII/ptolemy/domains/de/test/auto/knownFailedTests/dependencyLoop2.xml (RunModel)" time="0.052" />
  <testcase classname="ptolemy.util.test.junit.AutoNameArchTests" name="[0] ThereAreNoAutoArchTests (RunModel)" time="0.001" />
  <testcase classname="ptolemy.util.test.junit.AutoTests" name="[0] /home/travis/build/icyphy/ptII/ptolemy/domains/de/test/auto/ActorDepthCalculation_actorWithoutPorts.xml (RunModel)" time="0.026" />
  <testcase classname="ptolemy.util.test.junit.AutoTests" name="[1] /home/travis/build/icyphy/ptII/ptolemy/domains/de/test/auto/AssemblyLine.xml (RunModel)" time="0.026" />
  <testcase classname="ptolemy.util.test.junit.AutoTests" name="[2] /home/travis/build/icyphy/ptII/ptolemy/domains/de/test/auto/CQBug1.xml (RunModel)" time="0.019" />
  <testcase classname="ptolemy.util.test.junit.AutoTests" name="[3] /home/travis/build/icyphy/ptII/ptolemy/domains/de/test/auto/CancelFireAt.xml (RunModel)" time="0.02" />
  <testcase classname="ptolemy.util.test.junit.AutoTests" name="[4] /home/travis/build/icyphy/ptII/ptolemy/domains/de/test/auto/CausalityAndComposabilityAnalysis.xml (RunModel)" time="0.017" />
  <testcase classname="ptolemy.util.test.junit.AutoTests" name="[5] /home/travis/build/icyphy/ptII/ptolemy/domains/de/test/auto/CausalityInterface1.xml (RunModel)" time="0.019" />
  <testcase classname="ptolemy.util.test.junit.AutoTests" name="[6] /home/travis/build/icyphy/ptII/ptolemy/domains/de/test/auto/CausalityInterface15.xml (RunModel)" time="0.018" />
  <testcase classname="ptolemy.util.test.junit.AutoTests" name="[7] /home/travis/build/icyphy/ptII/ptolemy/domains/de/test/auto/CausalityInterface2.xml (RunModel)" time="0.015" />
  <testcase classname="ptolemy.util.test.junit.AutoTests" name="[8] /home/travis/build/icyphy/ptII/ptolemy/domains/de/test/auto/CausalityInterface3.xml (RunModel)" time="0.016" />
  <testcase classname="ptolemy.util.test.junit.AutoTests" name="[9] /home/travis/build/icyphy/ptII/ptolemy/domains/de/test/auto/ClockDrift.xml (RunModel)" time="0.042" />
  <testcase classname="ptolemy.util.test.junit.AutoTests" name="[10] /home/travis/build/icyphy/ptII/ptolemy/domains/de/test/auto/ClockDriftAndValueChange.xml (RunModel)" time="0.027" />
  <testcase classname="ptolemy.util.test.junit.AutoTests" name="[11] /home/travis/build/icyphy/ptII/ptolemy/domains/de/test/auto/ClockDriftChange.xml (RunModel)" time="0.032" />
  <testcase classname="ptolemy.util.test.junit.AutoTests" name="[12] /home/travis/build/icyphy/ptII/ptolemy/domains/de/test/auto/ComposableCausalityAnalysis.xml (RunModel)" time="0.013" />
  <testcase classname="ptolemy.util.test.junit.AutoTests" name="[13] /home/travis/build/icyphy/ptII/ptolemy/domains/de/test/auto/DEFixedPointLimitation.xml (RunModel)" time="0.009" />
  <testcase classname="ptolemy.util.test.junit.AutoTests" name="[14] /home/travis/build/icyphy/ptII/ptolemy/domains/de/test/auto/DEScheduleTest.xml (RunModel)" time="0.015" />
  <testcase classname="ptolemy.util.test.junit.AutoTests" name="[15] /home/travis/build/icyphy/ptII/ptolemy/domains/de/test/auto/DEinDEwithStartTimes.xml (RunModel)" time="0.018" />
  <testcase classname="ptolemy.util.test.junit.AutoTests" name="[16] /home/travis/build/icyphy/ptII/ptolemy/domains/de/test/auto/DEinDEwithStartTimes2.xml (RunModel)" time="0.015" />
  <testcase classname="ptolemy.util.test.junit.AutoTests" name="[17] /home/travis/build/icyphy/ptII/ptolemy/domains/de/test/auto/DateDemo.xml (RunModel)" time="0.033" />
  <testcase classname="ptolemy.util.test.junit.AutoTests" name="[18] /home/travis/build/icyphy/ptII/ptolemy/domains/de/test/auto/DateToEvent.xml (RunModel)" time="2.045" />
  <testcase classname="ptolemy.util.test.junit.AutoTests" name="[19] /home/travis/build/icyphy/ptII/ptolemy/domains/de/test/auto/DepthTest1.xml (RunModel)" time="0.01" />
  <testcase classname="ptolemy.util.test.junit.AutoTests" name="[20] /home/travis/build/icyphy/ptII/ptolemy/domains/de/test/auto/DepthTest2.xml (RunModel)" time="0.017" />
  <testcase classname="ptolemy.util.test.junit.AutoTests" name="[21] /home/travis/build/icyphy/ptII/ptolemy/domains/de/test/auto/DepthTest3.xml (RunModel)" time="0.009" />
  <testcase classname="ptolemy.util.test.junit.AutoTests" name="[22] /home/travis/build/icyphy/ptII/ptolemy/domains/de/test/auto/DepthTest4.xml (RunModel)" time="0.018" />
  <testcase classname="ptolemy.util.test.junit.AutoTests" name="[23] /home/travis/build/icyphy/ptII/ptolemy/domains/de/test/auto/DepthTest5.xml (RunModel)" time="0.02" />
  <testcase classname="ptolemy.util.test.junit.AutoTests" name="[24] /home/travis/build/icyphy/ptII/ptolemy/domains/de/test/auto/DepthTest6.xml (RunModel)" time="0.012" />
  <testcase classname="ptolemy.util.test.junit.AutoTests" name="[25] /home/travis/build/icyphy/ptII/ptolemy/domains/de/test/auto/DepthTest7.xml (RunModel)" time="0.011" />
  <testcase classname="ptolemy.util.test.junit.AutoTests" name="[26] /home/travis/build/icyphy/ptII/ptolemy/domains/de/test/auto/EventToDate.xml (RunModel)" time="3.04" />
  <testcase classname="ptolemy.util.test.junit.AutoTests" name="[27] /home/travis/build/icyphy/ptII/ptolemy/domains/de/test/auto/FSM1.xml (RunModel)" time="0.038" />
  <testcase classname="ptolemy.util.test.junit.AutoTests" name="[28] /home/travis/build/icyphy/ptII/ptolemy/domains/de/test/auto/FSM7.xml (RunModel)" time="0.035" />
  <testcase classname="ptolemy.util.test.junit.AutoTests" name="[29] /home/travis/build/icyphy/ptII/ptolemy/domains/de/test/auto/Inspection.xml (RunModel)" time="0.049" />
  <testcase classname="ptolemy.util.test.junit.AutoTests" name="[30] /home/travis/build/icyphy/ptII/ptolemy/domains/de/test/auto/Iteration.xml (RunModel)" time="0.025" />
  <testcase classname="ptolemy.util.test.junit.AutoTests" name="[31] /home/travis/build/icyphy/ptII/ptolemy/domains/de/test/auto/LineFault.xml (RunModel)" time="0.622" />
  <testcase classname="ptolemy.util.test.junit.AutoTests" name="[32] /home/travis/build/icyphy/ptII/ptolemy/domains/de/test/auto/MergeModel1Add.xml (RunModel)" time="0.049" />
  <testcase classname="ptolemy.util.test.junit.AutoTests" name="[33] /home/travis/build/icyphy/ptII/ptolemy/domains/de/test/auto/MergeModel2Add.xml (RunModel)" time="0.041" />
  <testcase classname="ptolemy.util.test.junit.AutoTests" name="[34] /home/travis/build/icyphy/ptII/ptolemy/domains/de/test/auto/MergeModel3Add.xml (RunModel)" time="0.049" />
  <testcase classname="ptolemy.util.test.junit.AutoTests" name="[35] /home/travis/build/icyphy/ptII/ptolemy/domains/de/test/auto/MergeWithoutDiscard.xml (RunModel)" time="0.015" />
  <testcase classname="ptolemy.util.test.junit.AutoTests" name="[36] /home/travis/build/icyphy/ptII/ptolemy/domains/de/test/auto/Modal1.xml (RunModel)" time="0.038" />
  <testcase classname="ptolemy.util.test.junit.AutoTests" name="[37] /home/travis/build/icyphy/ptII/ptolemy/domains/de/test/auto/Modal2.xml (RunModel)" time="0.029" />
  <testcase classname="ptolemy.util.test.junit.AutoTests" name="[38] /home/travis/build/icyphy/ptII/ptolemy/domains/de/test/auto/Modal3.xml (RunModel)" time="0.035" />
  <testcase classname="ptolemy.util.test.junit.AutoTests" name="[39] /home/travis/build/icyphy/ptII/ptolemy/domains/de/test/auto/Modal4.xml (RunModel)" time="0.035" />
  <testcase classname="ptolemy.util.test.junit.AutoTests" name="[40] /home/travis/build/icyphy/ptII/ptolemy/domains/de/test/auto/Modal5.xml (RunModel)" time="0.04" />
  <testcase classname="ptolemy.util.test.junit.AutoTests" name="[41] /home/travis/build/icyphy/ptII/ptolemy/domains/de/test/auto/Modal6.xml (RunModel)" time="0.027" />
  <testcase classname="ptolemy.util.test.junit.AutoTests" name="[42] /home/travis/build/icyphy/ptII/ptolemy/domains/de/test/auto/Modal7.xml (RunModel)" time="0.035" />
  <testcase classname="ptolemy.util.test.junit.AutoTests" name="[43] /home/travis/build/icyphy/ptII/ptolemy/domains/de/test/auto/ModalModel.xml (RunModel)" time="0.196" />
  <testcase classname="ptolemy.util.test.junit.AutoTests" name="[44] /home/travis/build/icyphy/ptII/ptolemy/domains/de/test/auto/ModalSource.xml (RunModel)" time="0.023" />
  <testcase classname="ptolemy.util.test.junit.AutoTests" name="[45] /home/travis/build/icyphy/ptII/ptolemy/domains/de/test/auto/NonInterruptibleTimerZeroDelay.xml (RunModel)" time="0.009" />
  <testcase classname="ptolemy.util.test.junit.AutoTests" name="[46] /home/travis/build/icyphy/ptII/ptolemy/domains/de/test/auto/OpenQueueingNetwork.xml (RunModel)" time="2.601" />
  <testcase classname="ptolemy.util.test.junit.AutoTests" name="[47] /home/travis/build/icyphy/ptII/ptolemy/domains/de/test/auto/OpenQueuingNetwork.xml (RunModel)" time="0.339" />
  <testcase classname="ptolemy.util.test.junit.AutoTests" name="[48] /home/travis/build/icyphy/ptII/ptolemy/domains/de/test/auto/PeriodicSampler.xml (RunModel)" time="0.011" />
  <testcase classname="ptolemy.util.test.junit.AutoTests" name="[49] /home/travis/build/icyphy/ptII/ptolemy/domains/de/test/auto/PersistentIO.xml (RunModel)" time="0.023" />
  <testcase classname="ptolemy.util.test.junit.AutoTests" name="[50] /home/travis/build/icyphy/ptII/ptolemy/domains/de/test/auto/PortParameterResetOnInitialize.xml (RunModel)" time="0.011" />
  <testcase classname="ptolemy.util.test.junit.AutoTests" name="[51] /home/travis/build/icyphy/ptII/ptolemy/domains/de/test/auto/PortParameterUpdates.xml (RunModel)" time="0.015" />
  <testcase classname="ptolemy.util.test.junit.AutoTests" name="[52] /home/travis/build/icyphy/ptII/ptolemy/domains/de/test/auto/QueueAndServer.xml (RunModel)" time="0.023" />
  <testcase classname="ptolemy.util.test.junit.AutoTests" name="[53] /home/travis/build/icyphy/ptII/ptolemy/domains/de/test/auto/Records.xml (RunModel)" time="0.015" />
  <testcase classname="ptolemy.util.test.junit.AutoTests" name="[54] /home/travis/build/icyphy/ptII/ptolemy/domains/de/test/auto/ResetTransitionWithStartTime1.xml (RunModel)" time="0.026" />
  <testcase classname="ptolemy.util.test.junit.AutoTests" name="[55] /home/travis/build/icyphy/ptII/ptolemy/domains/de/test/auto/ResetTransitionWithStartTime2.xml (RunModel)" time="0.023" />
  <testcase classname="ptolemy.util.test.junit.AutoTests" name="[56] /home/travis/build/icyphy/ptII/ptolemy/domains/de/test/auto/ResetTransitionWithStartTime3.xml (RunModel)" time="0.018" />
  <testcase classname="ptolemy.util.test.junit.AutoTests" name="[57] /home/travis/build/icyphy/ptII/ptolemy/domains/de/test/auto/ResetTransitionWithStartTime4.xml (RunModel)" time="0.02" />
  <testcase classname="ptolemy.util.test.junit.AutoTests" name="[58] /home/travis/build/icyphy/ptII/ptolemy/domains/de/test/auto/ResettableTimer1.xml (RunModel)" time="0.01" />
  <testcase classname="ptolemy.util.test.junit.AutoTests" name="[59] /home/travis/build/icyphy/ptII/ptolemy/domains/de/test/auto/ResettableTimer2.xml (RunModel)" time="0.01" />
  <testcase classname="ptolemy.util.test.junit.AutoTests" name="[60] /home/travis/build/icyphy/ptII/ptolemy/domains/de/test/auto/ResettableTimer3.xml (RunModel)" time="0.009" />
  <testcase classname="ptolemy.util.test.junit.AutoTests" name="[61] /home/travis/build/icyphy/ptII/ptolemy/domains/de/test/auto/ResettableTimer4.xml (RunModel)" time="0.007" />
  <testcase classname="ptolemy.util.test.junit.AutoTests" name="[62] /home/travis/build/icyphy/ptII/ptolemy/domains/de/test/auto/ResettableTimer5.xml (RunModel)" time="0.009" />
  <testcase classname="ptolemy.util.test.junit.AutoTests" name="[63] /home/travis/build/icyphy/ptII/ptolemy/domains/de/test/auto/ResettableTimer6.xml (RunModel)" time="0.017" />
  <testcase classname="ptolemy.util.test.junit.AutoTests" name="[64] /home/travis/build/icyphy/ptII/ptolemy/domains/de/test/auto/ServerZeroDelay.xml (RunModel)" time="0.011" />
  <testcase classname="ptolemy.util.test.junit.AutoTests" name="[65] /home/travis/build/icyphy/ptII/ptolemy/domains/de/test/auto/SmartSender.xml (RunModel)" time="3.007" />
  <testcase classname="ptolemy.util.test.junit.AutoTests" name="[66] /home/travis/build/icyphy/ptII/ptolemy/domains/de/test/auto/ThreadedComposite.xml (RunModel)" time="0.14" />
  <testcase classname="ptolemy.util.test.junit.AutoTests" name="[67] /home/travis/build/icyphy/ptII/ptolemy/domains/de/test/auto/Time.xml (RunModel)" time="0.392" />
  <testcase classname="ptolemy.util.test.junit.AutoTests" name="[68] /home/travis/build/icyphy/ptII/ptolemy/domains/de/test/auto/TimeDelayZeroDelay.xml (RunModel)" time="0.017" />
  <testcase classname="ptolemy.util.test.junit.AutoTests" name="[69] /home/travis/build/icyphy/ptII/ptolemy/domains/de/test/auto/TimerZeroDelay.xml (RunModel)" time="0.011" />
  <testcase classname="ptolemy.util.test.junit.AutoTests" name="[70] /home/travis/build/icyphy/ptII/ptolemy/domains/de/test/auto/TimingParadox.xml (RunModel)" time="0.337" />
  <testcase classname="ptolemy.util.test.junit.AutoTests" name="[71] /home/travis/build/icyphy/ptII/ptolemy/domains/de/test/auto/TransferInputs.xml (RunModel)" time="0.014" />
  <testcase classname="ptolemy.util.test.junit.AutoTests" name="[72] /home/travis/build/icyphy/ptII/ptolemy/domains/de/test/auto/TransferOutputs2.xml (RunModel)" time="0.014" />
  <testcase classname="ptolemy.util.test.junit.AutoTests" name="[73] /home/travis/build/icyphy/ptII/ptolemy/domains/de/test/auto/Trilateration.xml (RunModel)" time="10.341" />
  <testcase classname="ptolemy.util.test.junit.AutoTests" name="[74] /home/travis/build/icyphy/ptII/ptolemy/domains/de/test/auto/TwoSigmaDelta.xml (RunModel)" time="1.768" />
  <testcase classname="ptolemy.util.test.junit.AutoTests" name="[75] /home/travis/build/icyphy/ptII/ptolemy/domains/de/test/auto/VariableDelay.xml (RunModel)" time="0.02" />
  <testcase classname="ptolemy.util.test.junit.AutoTests" name="[76] /home/travis/build/icyphy/ptII/ptolemy/domains/de/test/auto/VariableDelay2.xml (RunModel)" time="0.019" />
  <testcase classname="ptolemy.util.test.junit.AutoTests" name="[77] /home/travis/build/icyphy/ptII/ptolemy/domains/de/test/auto/VariableDelayZeroDelay.xml (RunModel)" time="0.018" />
  <testcase classname="ptolemy.util.test.junit.AutoTests" name="[78] /home/travis/build/icyphy/ptII/ptolemy/domains/de/test/auto/VariableDelayZeroDelay2.xml (RunModel)" time="0.016" />
  <testcase classname="ptolemy.util.test.junit.AutoTests" name="[79] /home/travis/build/icyphy/ptII/ptolemy/domains/de/test/auto/deInCt.xml (RunModel)" time="0.021" />
  <testcase classname="ptolemy.util.test.junit.AutoTests" name="[80] /home/travis/build/icyphy/ptII/ptolemy/domains/de/test/auto/deInCt2.xml (RunModel)" time="0.018" />
  <testcase classname="ptolemy.util.test.junit.AutoTests" name="[81] /home/travis/build/icyphy/ptII/ptolemy/domains/de/test/auto/dynamicCausalityInterface1.xml (RunModel)" time="0.023" />
  <testcase classname="ptolemy.util.test.junit.AutoTests" name="[82] /home/travis/build/icyphy/ptII/ptolemy/domains/de/test/auto/fsm_de_test.xml (RunModel)" time="0.027" />
  <testcase classname="ptolemy.util.test.junit.AutoTests" name="[83] /home/travis/build/icyphy/ptII/ptolemy/domains/de/test/auto/functionDependencyReconstruction.xml (RunModel)" time="0.037" />
  <testcase classname="ptolemy.util.test.junit.AutoTests" name="[84] /home/travis/build/icyphy/ptII/ptolemy/domains/de/test/auto/multirate.xml (RunModel)" time="0.024" />
  <testcase classname="ptolemy.util.test.junit.AutoTests" name="[85] /home/travis/build/icyphy/ptII/ptolemy/domains/de/test/auto/multirate2.xml (RunModel)" time="0.019" />
  <testcase classname="ptolemy.util.test.junit.AutoTests" name="[86] /home/travis/build/icyphy/ptII/ptolemy/domains/de/test/auto/realtime.xml (RunModel)" time="10.009" />
  <testcase classname="ptolemy.util.test.junit.AutoTests" name="[87] /home/travis/build/icyphy/ptII/ptolemy/domains/de/test/auto/relationGroup.xml (RunModel)" time="0.009" />
  <testcase classname="ptolemy.util.test.junit.AutoTests" name="[88] /home/travis/build/icyphy/ptII/ptolemy/domains/de/test/auto/relationGroup2.xml (RunModel)" time="0.004" />
  <testcase classname="ptolemy.util.test.junit.AutoTests" name="[89] /home/travis/build/icyphy/ptII/ptolemy/domains/de/test/auto/sortWithOpaquePorts.xml (RunModel)" time="0.013" />
  <testcase classname="ptolemy.util.test.junit.AutoTests" name="[90] /home/travis/build/icyphy/ptII/ptolemy/domains/de/test/auto/transferInputsandOutputs.xml (RunModel)" time="0.016" />
  <testcase classname="ptolemy.util.test.junit.AutoTests" name="[91] /home/travis/build/icyphy/ptII/ptolemy/domains/de/test/auto/triggerType.xml (RunModel)" time="0.012" />
  <system-out><![CDATA[/home/travis/build/icyphy/ptII/ptolemy/domains/de/test/DependencyLoop.tcl
testDefs.tcl: setting time out to 9000 seconds at Sat Feb 15 06:58:12 UTC 2020
85 ms. Memory: 129024K Free: 78273K (61%)
25 ms. Memory: 129024K Free: 60858K (47%)
/home/travis/build/icyphy/ptII/ptolemy/domains/de/test/RunDETestsAsQSS.tcl
Run the DE tests using ptolemy.domains.qss.test.QSSDirectorTest, which extends QSSDirector and prints a message in the constructors.
------------------ testing $PTII/ptolemy/domains/de/test/auto/knownFailedTests/DirectFeedback.xml (Known Failure) 
57 ms. Memory: 129024K Free: 54721K (42%)


==== $PTIIhome/travis/build/icyphy/ptII/ptolemy/domains/de/test/../../../../: Auto Automatic test in file $PTII/ptolemy/domains/de/test/auto/knownFailedTests/DirectFeedback.xml
==== Contents of test case:

	    # FIXME: we should use $relativeFilename here, but it
	    # might have backslashes under Windows, which causes no end
	    # of trouble.
	    createAndExecute $file
	    list {}
	
.... Test generated KNOWN error:
    while executing
ptolemy.kernel.util.IllegalActionException: Test fails in iteration 1.
Value was: 1.0. Should have been: 2.0
  in .DirectFeedback.Test
	at ptolemy.actor.lib.Test.fire(Test.java:268)
	at ptolemy.domains.de.kernel.DEDirector._fire(DEDirector.java:1949)
	at ptolemy.domains.de.kernel.DEDirector.fire(DEDirector.java:502)
	at ptolemy.actor.CompositeActor.fire(CompositeActor.java:455)
	at ptolemy.actor.Manager.iterate(Manager.java:851)
	at ptolemy.actor.Manager.execute(Manager.java:369)
	at ptolemy.actor.Manager.run(Manager.java:1263)
	at ptolemy.actor.Manager$PtolemyRunThread.run(Manager.java:1933)

    while executing
ptolemy.kernel.util.IllegalActionException: Test fails in iteration 1.
Value was: 1.0. Should have been: 2.0
  in .DirectFeedback.Test
    while executing
"java::new ptolemy.moml.MoMLSimpleApplication $file
"
    (procedure "createAndExecute" line 2)
    invoked from within
"createAndExecute $file"
    ("uplevel" body line 5)
    invoked from within
"uplevel $contents_of_test"
------------------ testing $PTII/ptolemy/domains/de/test/auto/knownFailedTests/dependencyLoop.xml (Known Failure) 
9 ms. Memory: 129024K Free: 51649K (40%)


==== $PTIIhome/travis/build/icyphy/ptII/ptolemy/domains/de/test/../../../../: Auto Automatic test in file $PTII/ptolemy/domains/de/test/auto/knownFailedTests/dependencyLoop.xml
==== Contents of test case:

	    # FIXME: we should use $relativeFilename here, but it
	    # might have backslashes under Windows, which causes no end
	    # of trouble.
	    createAndExecute $file
	    list {}
	
.... Test generated KNOWN error:
    while executing
ptolemy.kernel.util.IllegalActionException: Found a zero delay loop containing .dependencyLoop.original
  in .dependencyLoop and .dependencyLoop.original
	at ptolemy.actor.util.CausalityInterfaceForComposites._computeOutputPortDepth(CausalityInterfaceForComposites.java:759)
	at ptolemy.actor.util.CausalityInterfaceForComposites._computeInputDepth(CausalityInterfaceForComposites.java:696)
	at ptolemy.actor.util.CausalityInterfaceForComposites._computeOutputPortDepth(CausalityInterfaceForComposites.java:765)
	at ptolemy.actor.util.CausalityInterfaceForComposites._computeInputDepth(CausalityInterfaceForComposites.java:696)
	at ptolemy.actor.util.CausalityInterfaceForComposites._computeOutputPortDepth(CausalityInterfaceForComposites.java:765)
	at ptolemy.actor.util.CausalityInterfaceForComposites._computeInputDepth(CausalityInterfaceForComposites.java:696)
	at ptolemy.actor.util.CausalityInterfaceForComposites._computeActorDepth(CausalityInterfaceForComposites.java:532)
	at ptolemy.actor.util.CausalityInterfaceForComposites.checkForCycles(CausalityInterfaceForComposites.java:96)
	at ptolemy.domains.de.kernel.DEDirector.preinitialize(DEDirector.java:1338)
	at ptolemy.actor.CompositeActor.preinitialize(CompositeActor.java:1828)
	at ptolemy.actor.Manager.preinitializeAndResolveTypes(Manager.java:1040)
	at ptolemy.actor.Manager.initialize(Manager.java:710)
	at ptolemy.actor.Manager.execute(Manager.java:356)
	at ptolemy.actor.Manager.run(Manager.java:1263)
	at ptolemy.actor.Manager$PtolemyRunThread.run(Manager.java:1933)

    while executing
ptolemy.kernel.util.IllegalActionException: Found a zero delay loop containing .dependencyLoop.original
  in .dependencyLoop and .dependencyLoop.original
    while executing
"java::new ptolemy.moml.MoMLSimpleApplication $file
"
    (procedure "createAndExecute" line 2)
    invoked from within
"createAndExecute $file"
    ("uplevel" body line 5)
    invoked from within
"uplevel $contents_of_test"
------------------ testing $PTII/ptolemy/domains/de/test/auto/knownFailedTests/FSMSource.xml (Known Failure) 
55 ms. Memory: 129024K Free: 109912K (85%)
!!!! Auto was marked as failing, but now passes
------------------ testing $PTII/ptolemy/domains/de/test/auto/knownFailedTests/HierarchicalModel.xml (Known Failure) 
6 ms. Memory: 129024K Free: 92474K (72%)


==== $PTIIhome/travis/build/icyphy/ptII/ptolemy/domains/de/test/../../../../: Auto Automatic test in file $PTII/ptolemy/domains/de/test/auto/knownFailedTests/HierarchicalModel.xml
==== Contents of test case:

	    # FIXME: we should use $relativeFilename here, but it
	    # might have backslashes under Windows, which causes no end
	    # of trouble.
	    createAndExecute $file
	    list {}
	
.... Test generated KNOWN error:
    while executing
ptolemy.kernel.util.IllegalActionException: Found a zero delay loop containing .HierarchicalModel.A
  in .HierarchicalModel and .HierarchicalModel.A
	at ptolemy.actor.util.CausalityInterfaceForComposites._computeOutputPortDepth(CausalityInterfaceForComposites.java:759)
	at ptolemy.actor.util.CausalityInterfaceForComposites._computeInputDepth(CausalityInterfaceForComposites.java:696)
	at ptolemy.actor.util.CausalityInterfaceForComposites._computeOutputPortDepth(CausalityInterfaceForComposites.java:765)
	at ptolemy.actor.util.CausalityInterfaceForComposites._computeInputDepth(CausalityInterfaceForComposites.java:696)
	at ptolemy.actor.util.CausalityInterfaceForComposites._computeOutputPortDepth(CausalityInterfaceForComposites.java:765)
	at ptolemy.actor.util.CausalityInterfaceForComposites._computeInputDepth(CausalityInterfaceForComposites.java:696)
	at ptolemy.actor.util.CausalityInterfaceForComposites._computeActorDepth(CausalityInterfaceForComposites.java:532)
	at ptolemy.actor.util.CausalityInterfaceForComposites.checkForCycles(CausalityInterfaceForComposites.java:96)
	at ptolemy.domains.de.kernel.DEDirector.preinitialize(DEDirector.java:1338)
	at ptolemy.actor.CompositeActor.preinitialize(CompositeActor.java:1828)
	at ptolemy.actor.Manager.preinitializeAndResolveTypes(Manager.java:1040)
	at ptolemy.actor.Manager.initialize(Manager.java:710)
	at ptolemy.actor.Manager.execute(Manager.java:356)
	at ptolemy.actor.Manager.run(Manager.java:1263)
	at ptolemy.actor.Manager$PtolemyRunThread.run(Manager.java:1933)

    while executing
ptolemy.kernel.util.IllegalActionException: Found a zero delay loop containing .HierarchicalModel.A
  in .HierarchicalModel and .HierarchicalModel.A
    while executing
"java::new ptolemy.moml.MoMLSimpleApplication $file
"
    (procedure "createAndExecute" line 2)
    invoked from within
"createAndExecute $file"
    ("uplevel" body line 5)
    invoked from within
"uplevel $contents_of_test"
------------------ testing $PTII/ptolemy/domains/de/test/auto/knownFailedTests/dependencyLoop2.xml (Known Failure) 
13 ms. Memory: 129024K Free: 76398K (59%)


==== $PTIIhome/travis/build/icyphy/ptII/ptolemy/domains/de/test/../../../../: Auto Automatic test in file $PTII/ptolemy/domains/de/test/auto/knownFailedTests/dependencyLoop2.xml
==== Contents of test case:

	    # FIXME: we should use $relativeFilename here, but it
	    # might have backslashes under Windows, which causes no end
	    # of trouble.
	    createAndExecute $file
	    list {}
	
.... Test generated KNOWN error:
    while executing
ptolemy.kernel.util.IllegalActionException: Found a zero delay loop containing .dependencyLoop2.original
  in .dependencyLoop2 and .dependencyLoop2.original
	at ptolemy.actor.util.CausalityInterfaceForComposites._computeOutputPortDepth(CausalityInterfaceForComposites.java:759)
	at ptolemy.actor.util.CausalityInterfaceForComposites._computeInputDepth(CausalityInterfaceForComposites.java:696)
	at ptolemy.actor.util.CausalityInterfaceForComposites._computeOutputPortDepth(CausalityInterfaceForComposites.java:765)
	at ptolemy.actor.util.CausalityInterfaceForComposites._computeInputDepth(CausalityInterfaceForComposites.java:696)
	at ptolemy.actor.util.CausalityInterfaceForComposites._computeOutputPortDepth(CausalityInterfaceForComposites.java:765)
	at ptolemy.actor.util.CausalityInterfaceForComposites._computeInputDepth(CausalityInterfaceForComposites.java:696)
	at ptolemy.actor.util.CausalityInterfaceForComposites._computeActorDepth(CausalityInterfaceForComposites.java:532)
	at ptolemy.actor.util.CausalityInterfaceForComposites.checkForCycles(CausalityInterfaceForComposites.java:96)
	at ptolemy.domains.de.kernel.DEDirector.preinitialize(DEDirector.java:1338)
	at ptolemy.actor.CompositeActor.preinitialize(CompositeActor.java:1828)
	at ptolemy.actor.Manager.preinitializeAndResolveTypes(Manager.java:1040)
	at ptolemy.actor.Manager.initialize(Manager.java:710)
	at ptolemy.actor.Manager.execute(Manager.java:356)
	at ptolemy.actor.Manager.run(Manager.java:1263)
	at ptolemy.actor.Manager$PtolemyRunThread.run(Manager.java:1933)

    while executing
ptolemy.kernel.util.IllegalActionException: Found a zero delay loop containing .dependencyLoop2.original
  in .dependencyLoop2 and .dependencyLoop2.original
    while executing
"java::new ptolemy.moml.MoMLSimpleApplication $file
"
    (procedure "createAndExecute" line 2)
    invoked from within
"createAndExecute $file"
    ("uplevel" body line 5)
    invoked from within
"uplevel $contents_of_test"
------------------ testing $PTII/ptolemy/domains/de/test/auto/knownFailedTests/DESDFClockTest.xml (Known Failure) 
2046 ms. Memory: 129024K Free: 106973K (83%)


==== $PTIIhome/travis/build/icyphy/ptII/ptolemy/domains/de/test/../../../../: Auto Automatic test in file $PTII/ptolemy/domains/de/test/auto/knownFailedTests/DESDFClockTest.xml
==== Contents of test case:

	    # FIXME: we should use $relativeFilename here, but it
	    # might have backslashes under Windows, which causes no end
	    # of trouble.
	    createAndExecute $file
	    list {}
	
.... Test generated KNOWN error:
    while executing
ptolemy.kernel.util.IllegalActionException: Actor is not ready to fire.  Perhaps UpSample.prefire() returned false? Try debugging the actor by selecting "Listen to Actor".  Also, for SDF check moml for tokenConsumptionRate on input.
  in .DESDFClockTest.Play Bell.Copy1:SDF Director and .DESDFClockTest.Play Bell.UpSample
	at ptolemy.actor.sched.StaticSchedulingDirector.fire(StaticSchedulingDirector.java:227)
	at ptolemy.domains.sdf.kernel.SDFDirector.fire(SDFDirector.java:500)
	at ptolemy.actor.CompositeActor.fire(CompositeActor.java:455)
	at ptolemy.domains.de.kernel.DEDirector._fire(DEDirector.java:1949)
	at ptolemy.domains.de.kernel.DEDirector.fire(DEDirector.java:502)
	at ptolemy.actor.CompositeActor.fire(CompositeActor.java:455)
	at ptolemy.actor.Manager.iterate(Manager.java:851)
	at ptolemy.actor.Manager.execute(Manager.java:369)
	at ptolemy.actor.Manager.run(Manager.java:1263)
	at ptolemy.actor.Manager$PtolemyRunThread.run(Manager.java:1933)

    while executing
ptolemy.kernel.util.IllegalActionException: Actor is not ready to fire.  Perhaps UpSample.prefire() returned false? Try debugging the actor by selecting "Listen to Actor".  Also, for SDF check moml for tokenConsumptionRate on input.
  in .DESDFClockTest.Play Bell.Copy1:SDF Director and .DESDFClockTest.Play Bell.UpSample
    while executing
"java::new ptolemy.moml.MoMLSimpleApplication $file
"
    (procedure "createAndExecute" line 2)
    invoked from within
"createAndExecute $file"
    ("uplevel" body line 5)
    invoked from within
"uplevel $contents_of_test"
------------------ testing $PTII/ptolemy/domains/de/test/auto/ActorDepthCalculation_actorWithoutPorts.xml
auto.tcl: Setting watchdog for 200 seconds at Sat Feb 15 06:58:15 UTC 2020
11 ms. Memory: 129024K Free: 98781K (77%)
ptolemy.util.test.WatchDog.cancel(): canceling Sat Feb 15 06:58:15 UTC 2020
auto.tcl: Setting watchdog for 200 seconds at Sat Feb 15 06:58:15 UTC 2020
5 ms. Memory: 129024K Free: 97757K (76%)
ptolemy.util.test.WatchDog.cancel(): canceling Sat Feb 15 06:58:15 UTC 2020
------------------ testing $PTII/ptolemy/domains/de/test/auto/AssemblyLine.xml
auto.tcl: Setting watchdog for 200 seconds at Sat Feb 15 06:58:16 UTC 2020
41 ms. Memory: 51200K Free: 27501K (54%)
ptolemy.util.test.WatchDog.cancel(): canceling Sat Feb 15 06:58:16 UTC 2020
auto.tcl: Setting watchdog for 200 seconds at Sat Feb 15 06:58:16 UTC 2020
6 ms. Memory: 51200K Free: 27011K (53%)
ptolemy.util.test.WatchDog.cancel(): canceling Sat Feb 15 06:58:16 UTC 2020
------------------ testing $PTII/ptolemy/domains/de/test/auto/CQBug1.xml
auto.tcl: Setting watchdog for 200 seconds at Sat Feb 15 06:58:16 UTC 2020
2 ms. Memory: 51200K Free: 33580K (66%)
ptolemy.util.test.WatchDog.cancel(): canceling Sat Feb 15 06:58:16 UTC 2020
auto.tcl: Setting watchdog for 200 seconds at Sat Feb 15 06:58:16 UTC 2020
2 ms. Memory: 51200K Free: 33140K (65%)
ptolemy.util.test.WatchDog.cancel(): canceling Sat Feb 15 06:58:16 UTC 2020
------------------ testing $PTII/ptolemy/domains/de/test/auto/CancelFireAt.xml
auto.tcl: Setting watchdog for 200 seconds at Sat Feb 15 06:58:16 UTC 2020
2 ms. Memory: 48128K Free: 31433K (65%)
ptolemy.util.test.WatchDog.cancel(): canceling Sat Feb 15 06:58:16 UTC 2020
auto.tcl: Setting watchdog for 200 seconds at Sat Feb 15 06:58:16 UTC 2020
1 ms. Memory: 48128K Free: 31000K (64%)
ptolemy.util.test.WatchDog.cancel(): canceling Sat Feb 15 06:58:16 UTC 2020
------------------ testing $PTII/ptolemy/domains/de/test/auto/CausalityAndComposabilityAnalysis.xml
auto.tcl: Setting watchdog for 200 seconds at Sat Feb 15 06:58:16 UTC 2020
16 ms. Memory: 48128K Free: 29668K (62%)
ptolemy.util.test.WatchDog.cancel(): canceling Sat Feb 15 06:58:16 UTC 2020
auto.tcl: Setting watchdog for 200 seconds at Sat Feb 15 06:58:16 UTC 2020
4 ms. Memory: 48128K Free: 28892K (60%)
ptolemy.util.test.WatchDog.cancel(): canceling Sat Feb 15 06:58:16 UTC 2020
------------------ testing $PTII/ptolemy/domains/de/test/auto/CausalityInterface1.xml
auto.tcl: Setting watchdog for 200 seconds at Sat Feb 15 06:58:16 UTC 2020
31 ms. Memory: 48128K Free: 28358K (59%)
ptolemy.util.test.WatchDog.cancel(): canceling Sat Feb 15 06:58:16 UTC 2020
auto.tcl: Setting watchdog for 200 seconds at Sat Feb 15 06:58:16 UTC 2020
4 ms. Memory: 48128K Free: 27360K (57%)
ptolemy.util.test.WatchDog.cancel(): canceling Sat Feb 15 06:58:16 UTC 2020
------------------ testing $PTII/ptolemy/domains/de/test/auto/CausalityInterface15.xml
auto.tcl: Setting watchdog for 200 seconds at Sat Feb 15 06:58:16 UTC 2020
10 ms. Memory: 48128K Free: 28284K (59%)
ptolemy.util.test.WatchDog.cancel(): canceling Sat Feb 15 06:58:17 UTC 2020
auto.tcl: Setting watchdog for 200 seconds at Sat Feb 15 06:58:17 UTC 2020
5 ms. Memory: 48128K Free: 27339K (57%)
ptolemy.util.test.WatchDog.cancel(): canceling Sat Feb 15 06:58:17 UTC 2020
------------------ testing $PTII/ptolemy/domains/de/test/auto/CausalityInterface2.xml
auto.tcl: Setting watchdog for 200 seconds at Sat Feb 15 06:58:17 UTC 2020
4 ms. Memory: 48128K Free: 29139K (61%)
ptolemy.util.test.WatchDog.cancel(): canceling Sat Feb 15 06:58:17 UTC 2020
auto.tcl: Setting watchdog for 200 seconds at Sat Feb 15 06:58:17 UTC 2020
2 ms. Memory: 48128K Free: 28228K (59%)
ptolemy.util.test.WatchDog.cancel(): canceling Sat Feb 15 06:58:17 UTC 2020
------------------ testing $PTII/ptolemy/domains/de/test/auto/CausalityInterface3.xml
auto.tcl: Setting watchdog for 200 seconds at Sat Feb 15 06:58:17 UTC 2020
7 ms. Memory: 48128K Free: 28203K (59%)
ptolemy.util.test.WatchDog.cancel(): canceling Sat Feb 15 06:58:17 UTC 2020
auto.tcl: Setting watchdog for 200 seconds at Sat Feb 15 06:58:17 UTC 2020
3 ms. Memory: 48128K Free: 27773K (58%)
ptolemy.util.test.WatchDog.cancel(): canceling Sat Feb 15 06:58:17 UTC 2020
------------------ testing $PTII/ptolemy/domains/de/test/auto/ClockDrift.xml
auto.tcl: Setting watchdog for 200 seconds at Sat Feb 15 06:58:17 UTC 2020
49 ms. Memory: 48128K Free: 21038K (44%)
ptolemy.util.test.WatchDog.cancel(): canceling Sat Feb 15 06:58:17 UTC 2020
auto.tcl: Setting watchdog for 200 seconds at Sat Feb 15 06:58:17 UTC 2020
63 ms. Memory: 48128K Free: 18020K (37%)
ptolemy.util.test.WatchDog.cancel(): canceling Sat Feb 15 06:58:17 UTC 2020
------------------ testing $PTII/ptolemy/domains/de/test/auto/ClockDriftAndValueChange.xml
auto.tcl: Setting watchdog for 200 seconds at Sat Feb 15 06:58:17 UTC 2020
48 ms. Memory: 48128K Free: 21093K (44%)
ptolemy.util.test.WatchDog.cancel(): canceling Sat Feb 15 06:58:17 UTC 2020
auto.tcl: Setting watchdog for 200 seconds at Sat Feb 15 06:58:17 UTC 2020
35 ms. Memory: 48128K Free: 18259K (38%)
ptolemy.util.test.WatchDog.cancel(): canceling Sat Feb 15 06:58:17 UTC 2020
------------------ testing $PTII/ptolemy/domains/de/test/auto/ClockDriftChange.xml
auto.tcl: Setting watchdog for 200 seconds at Sat Feb 15 06:58:17 UTC 2020
20 ms. Memory: 48128K Free: 23142K (48%)
ptolemy.util.test.WatchDog.cancel(): canceling Sat Feb 15 06:58:17 UTC 2020
auto.tcl: Setting watchdog for 200 seconds at Sat Feb 15 06:58:17 UTC 2020
29 ms. Memory: 48128K Free: 20564K (43%)
ptolemy.util.test.WatchDog.cancel(): canceling Sat Feb 15 06:58:17 UTC 2020
------------------ testing $PTII/ptolemy/domains/de/test/auto/ComposableCausalityAnalysis.xml
auto.tcl: Setting watchdog for 200 seconds at Sat Feb 15 06:58:17 UTC 2020
1 ms. Memory: 48128K Free: 27751K (58%)
ptolemy.util.test.WatchDog.cancel(): canceling Sat Feb 15 06:58:17 UTC 2020
auto.tcl: Setting watchdog for 200 seconds at Sat Feb 15 06:58:17 UTC 2020
2 ms. Memory: 48128K Free: 26491K (55%)
ptolemy.util.test.WatchDog.cancel(): canceling Sat Feb 15 06:58:17 UTC 2020
------------------ testing $PTII/ptolemy/domains/de/test/auto/DEFixedPointLimitation.xml
auto.tcl: Setting watchdog for 200 seconds at Sat Feb 15 06:58:17 UTC 2020
4 ms. Memory: 48128K Free: 29111K (60%)
ptolemy.util.test.WatchDog.cancel(): canceling Sat Feb 15 06:58:17 UTC 2020
auto.tcl: Setting watchdog for 200 seconds at Sat Feb 15 06:58:17 UTC 2020
1 ms. Memory: 48128K Free: 28238K (59%)
ptolemy.util.test.WatchDog.cancel(): canceling Sat Feb 15 06:58:17 UTC 2020
------------------ testing $PTII/ptolemy/domains/de/test/auto/DEScheduleTest.xml
auto.tcl: Setting watchdog for 200 seconds at Sat Feb 15 06:58:17 UTC 2020
4 ms. Memory: 48128K Free: 29418K (61%)
ptolemy.util.test.WatchDog.cancel(): canceling Sat Feb 15 06:58:17 UTC 2020
auto.tcl: Setting watchdog for 200 seconds at Sat Feb 15 06:58:17 UTC 2020
3 ms. Memory: 48128K Free: 28653K (60%)
ptolemy.util.test.WatchDog.cancel(): canceling Sat Feb 15 06:58:17 UTC 2020
------------------ testing $PTII/ptolemy/domains/de/test/auto/DEinDEwithStartTimes.xml
auto.tcl: Setting watchdog for 200 seconds at Sat Feb 15 06:58:17 UTC 2020
5 ms. Memory: 48128K Free: 27596K (57%)
ptolemy.util.test.WatchDog.cancel(): canceling Sat Feb 15 06:58:17 UTC 2020
auto.tcl: Setting watchdog for 200 seconds at Sat Feb 15 06:58:17 UTC 2020
3 ms. Memory: 48128K Free: 26555K (55%)
ptolemy.util.test.WatchDog.cancel(): canceling Sat Feb 15 06:58:17 UTC 2020
------------------ testing $PTII/ptolemy/domains/de/test/auto/DEinDEwithStartTimes2.xml
auto.tcl: Setting watchdog for 200 seconds at Sat Feb 15 06:58:17 UTC 2020
4 ms. Memory: 48128K Free: 26841K (56%)
ptolemy.util.test.WatchDog.cancel(): canceling Sat Feb 15 06:58:18 UTC 2020
auto.tcl: Setting watchdog for 200 seconds at Sat Feb 15 06:58:18 UTC 2020
3 ms. Memory: 48128K Free: 25509K (53%)
ptolemy.util.test.WatchDog.cancel(): canceling Sat Feb 15 06:58:18 UTC 2020
------------------ testing $PTII/ptolemy/domains/de/test/auto/DateDemo.xml
auto.tcl: Setting watchdog for 200 seconds at Sat Feb 15 06:58:18 UTC 2020
11 ms. Memory: 48128K Free: 21162K (44%)
ptolemy.util.test.WatchDog.cancel(): canceling Sat Feb 15 06:58:18 UTC 2020
auto.tcl: Setting watchdog for 200 seconds at Sat Feb 15 06:58:18 UTC 2020
7 ms. Memory: 48128K Free: 19574K (41%)
ptolemy.util.test.WatchDog.cancel(): canceling Sat Feb 15 06:58:18 UTC 2020
------------------ testing $PTII/ptolemy/domains/de/test/auto/DateToEvent.xml
auto.tcl: Setting watchdog for 200 seconds at Sat Feb 15 06:58:18 UTC 2020
2009 ms. Memory: 48128K Free: 17072K (35%)
ptolemy.util.test.WatchDog.cancel(): canceling Sat Feb 15 06:58:20 UTC 2020
auto.tcl: Setting watchdog for 200 seconds at Sat Feb 15 06:58:20 UTC 2020
2006 ms. Memory: 48128K Free: 16305K (34%)
ptolemy.util.test.WatchDog.cancel(): canceling Sat Feb 15 06:58:22 UTC 2020
------------------ testing $PTII/ptolemy/domains/de/test/auto/DepthTest1.xml
auto.tcl: Setting watchdog for 200 seconds at Sat Feb 15 06:58:22 UTC 2020
4 ms. Memory: 48128K Free: 30219K (63%)
ptolemy.util.test.WatchDog.cancel(): canceling Sat Feb 15 06:58:22 UTC 2020
auto.tcl: Setting watchdog for 200 seconds at Sat Feb 15 06:58:22 UTC 2020
1 ms. Memory: 48128K Free: 29800K (62%)
ptolemy.util.test.WatchDog.cancel(): canceling Sat Feb 15 06:58:22 UTC 2020
------------------ testing $PTII/ptolemy/domains/de/test/auto/DepthTest2.xml
auto.tcl: Setting watchdog for 200 seconds at Sat Feb 15 06:58:22 UTC 2020
5 ms. Memory: 48128K Free: 27017K (56%)
ptolemy.util.test.WatchDog.cancel(): canceling Sat Feb 15 06:58:22 UTC 2020
auto.tcl: Setting watchdog for 200 seconds at Sat Feb 15 06:58:22 UTC 2020
3 ms. Memory: 48128K Free: 26141K (54%)
ptolemy.util.test.WatchDog.cancel(): canceling Sat Feb 15 06:58:22 UTC 2020
------------------ testing $PTII/ptolemy/domains/de/test/auto/DepthTest3.xml
auto.tcl: Setting watchdog for 200 seconds at Sat Feb 15 06:58:22 UTC 2020
4 ms. Memory: 48128K Free: 30549K (63%)
ptolemy.util.test.WatchDog.cancel(): canceling Sat Feb 15 06:58:22 UTC 2020
auto.tcl: Setting watchdog for 200 seconds at Sat Feb 15 06:58:22 UTC 2020
2 ms. Memory: 48128K Free: 30112K (63%)
ptolemy.util.test.WatchDog.cancel(): canceling Sat Feb 15 06:58:22 UTC 2020
------------------ testing $PTII/ptolemy/domains/de/test/auto/DepthTest4.xml
auto.tcl: Setting watchdog for 200 seconds at Sat Feb 15 06:58:22 UTC 2020
5 ms. Memory: 48128K Free: 28900K (60%)
ptolemy.util.test.WatchDog.cancel(): canceling Sat Feb 15 06:58:22 UTC 2020
auto.tcl: Setting watchdog for 200 seconds at Sat Feb 15 06:58:22 UTC 2020
2 ms. Memory: 48128K Free: 28177K (59%)
ptolemy.util.test.WatchDog.cancel(): canceling Sat Feb 15 06:58:22 UTC 2020
------------------ testing $PTII/ptolemy/domains/de/test/auto/DepthTest5.xml
auto.tcl: Setting watchdog for 200 seconds at Sat Feb 15 06:58:22 UTC 2020
3 ms. Memory: 48128K Free: 28307K (59%)
ptolemy.util.test.WatchDog.cancel(): canceling Sat Feb 15 06:58:22 UTC 2020
auto.tcl: Setting watchdog for 200 seconds at Sat Feb 15 06:58:22 UTC 2020
1 ms. Memory: 48128K Free: 27510K (57%)
ptolemy.util.test.WatchDog.cancel(): canceling Sat Feb 15 06:58:22 UTC 2020
------------------ testing $PTII/ptolemy/domains/de/test/auto/DepthTest6.xml
auto.tcl: Setting watchdog for 200 seconds at Sat Feb 15 06:58:22 UTC 2020
7 ms. Memory: 48128K Free: 28038K (58%)
ptolemy.util.test.WatchDog.cancel(): canceling Sat Feb 15 06:58:22 UTC 2020
auto.tcl: Setting watchdog for 200 seconds at Sat Feb 15 06:58:22 UTC 2020
3 ms. Memory: 48128K Free: 27618K (57%)
ptolemy.util.test.WatchDog.cancel(): canceling Sat Feb 15 06:58:22 UTC 2020
------------------ testing $PTII/ptolemy/domains/de/test/auto/DepthTest7.xml
auto.tcl: Setting watchdog for 200 seconds at Sat Feb 15 06:58:22 UTC 2020
6 ms. Memory: 48128K Free: 28831K (60%)
ptolemy.util.test.WatchDog.cancel(): canceling Sat Feb 15 06:58:22 UTC 2020
auto.tcl: Setting watchdog for 200 seconds at Sat Feb 15 06:58:22 UTC 2020
3 ms. Memory: 48128K Free: 28098K (58%)
ptolemy.util.test.WatchDog.cancel(): canceling Sat Feb 15 06:58:22 UTC 2020
------------------ testing $PTII/ptolemy/domains/de/test/auto/EventToDate.xml
auto.tcl: Setting watchdog for 200 seconds at Sat Feb 15 06:58:22 UTC 2020
3011 ms. Memory: 48128K Free: 19646K (41%)
ptolemy.util.test.WatchDog.cancel(): canceling Sat Feb 15 06:58:25 UTC 2020
auto.tcl: Setting watchdog for 200 seconds at Sat Feb 15 06:58:25 UTC 2020
3004 ms. Memory: 48128K Free: 18924K (39%)
ptolemy.util.test.WatchDog.cancel(): canceling Sat Feb 15 06:58:28 UTC 2020
------------------ testing $PTII/ptolemy/domains/de/test/auto/FSM1.xml
auto.tcl: Setting watchdog for 200 seconds at Sat Feb 15 06:58:28 UTC 2020
43 ms. Memory: 48128K Free: 20827K (43%)
ptolemy.util.test.WatchDog.cancel(): canceling Sat Feb 15 06:58:28 UTC 2020
auto.tcl: Setting watchdog for 200 seconds at Sat Feb 15 06:58:28 UTC 2020
22 ms. Memory: 48128K Free: 17572K (37%)
ptolemy.util.test.WatchDog.cancel(): canceling Sat Feb 15 06:58:29 UTC 2020
------------------ testing $PTII/ptolemy/domains/de/test/auto/FSM7.xml
auto.tcl: Setting watchdog for 200 seconds at Sat Feb 15 06:58:29 UTC 2020
16 ms. Memory: 48128K Free: 20498K (43%)
ptolemy.util.test.WatchDog.cancel(): canceling Sat Feb 15 06:58:29 UTC 2020
auto.tcl: Setting watchdog for 200 seconds at Sat Feb 15 06:58:29 UTC 2020
17 ms. Memory: 48128K Free: 17373K (36%)
ptolemy.util.test.WatchDog.cancel(): canceling Sat Feb 15 06:58:29 UTC 2020
------------------ testing $PTII/ptolemy/domains/de/test/auto/Inspection.xml
auto.tcl: Setting watchdog for 200 seconds at Sat Feb 15 06:58:29 UTC 2020
35 ms. Memory: 48128K Free: 20766K (43%)
ptolemy.util.test.WatchDog.cancel(): canceling Sat Feb 15 06:58:29 UTC 2020
auto.tcl: Setting watchdog for 200 seconds at Sat Feb 15 06:58:29 UTC 2020
17 ms. Memory: 48128K Free: 19446K (40%)
ptolemy.util.test.WatchDog.cancel(): canceling Sat Feb 15 06:58:29 UTC 2020
------------------ testing $PTII/ptolemy/domains/de/test/auto/Iteration.xml
auto.tcl: Setting watchdog for 200 seconds at Sat Feb 15 06:58:29 UTC 2020
8 ms. Memory: 48128K Free: 26339K (55%)
ptolemy.util.test.WatchDog.cancel(): canceling Sat Feb 15 06:58:29 UTC 2020
auto.tcl: Setting watchdog for 200 seconds at Sat Feb 15 06:58:29 UTC 2020
6 ms. Memory: 48128K Free: 25250K (52%)
ptolemy.util.test.WatchDog.cancel(): canceling Sat Feb 15 06:58:29 UTC 2020
------------------ testing $PTII/ptolemy/domains/de/test/auto/LineFault.xml
auto.tcl: Setting watchdog for 200 seconds at Sat Feb 15 06:58:29 UTC 2020
664 ms. Memory: 48128K Free: 24652K (51%)
ptolemy.util.test.WatchDog.cancel(): canceling Sat Feb 15 06:58:30 UTC 2020
auto.tcl: Setting watchdog for 200 seconds at Sat Feb 15 06:58:30 UTC 2020
575 ms. Memory: 58368K Free: 24662K (42%)
ptolemy.util.test.WatchDog.cancel(): canceling Sat Feb 15 06:58:30 UTC 2020
------------------ testing $PTII/ptolemy/domains/de/test/auto/MergeModel1Add.xml
auto.tcl: Setting watchdog for 200 seconds at Sat Feb 15 06:58:30 UTC 2020
29 ms. Memory: 55296K Free: 19435K (35%)
ptolemy.util.test.WatchDog.cancel(): canceling Sat Feb 15 06:58:31 UTC 2020
auto.tcl: Setting watchdog for 200 seconds at Sat Feb 15 06:58:31 UTC 2020
12 ms. Memory: 55296K Free: 17775K (32%)
ptolemy.util.test.WatchDog.cancel(): canceling Sat Feb 15 06:58:31 UTC 2020
------------------ testing $PTII/ptolemy/domains/de/test/auto/MergeModel2Add.xml
auto.tcl: Setting watchdog for 200 seconds at Sat Feb 15 06:58:31 UTC 2020
9 ms. Memory: 51200K Free: 17189K (34%)
ptolemy.util.test.WatchDog.cancel(): canceling Sat Feb 15 06:58:31 UTC 2020
auto.tcl: Setting watchdog for 200 seconds at Sat Feb 15 06:58:31 UTC 2020
7 ms. Memory: 51200K Free: 15430K (30%)
ptolemy.util.test.WatchDog.cancel(): canceling Sat Feb 15 06:58:31 UTC 2020
------------------ testing $PTII/ptolemy/domains/de/test/auto/MergeModel3Add.xml
auto.tcl: Setting watchdog for 200 seconds at Sat Feb 15 06:58:31 UTC 2020
9 ms. Memory: 51200K Free: 17440K (34%)
ptolemy.util.test.WatchDog.cancel(): canceling Sat Feb 15 06:58:31 UTC 2020
auto.tcl: Setting watchdog for 200 seconds at Sat Feb 15 06:58:31 UTC 2020
7 ms. Memory: 51200K Free: 15866K (31%)
ptolemy.util.test.WatchDog.cancel(): canceling Sat Feb 15 06:58:31 UTC 2020
------------------ testing $PTII/ptolemy/domains/de/test/auto/MergeWithoutDiscard.xml
auto.tcl: Setting watchdog for 200 seconds at Sat Feb 15 06:58:31 UTC 2020
3 ms. Memory: 51200K Free: 31796K (62%)
ptolemy.util.test.WatchDog.cancel(): canceling Sat Feb 15 06:58:31 UTC 2020
auto.tcl: Setting watchdog for 200 seconds at Sat Feb 15 06:58:31 UTC 2020
1 ms. Memory: 51200K Free: 31395K (61%)
ptolemy.util.test.WatchDog.cancel(): canceling Sat Feb 15 06:58:31 UTC 2020
------------------ testing $PTII/ptolemy/domains/de/test/auto/Modal1.xml
auto.tcl: Setting watchdog for 200 seconds at Sat Feb 15 06:58:31 UTC 2020
15 ms. Memory: 51200K Free: 23913K (47%)
ptolemy.util.test.WatchDog.cancel(): canceling Sat Feb 15 06:58:31 UTC 2020
auto.tcl: Setting watchdog for 200 seconds at Sat Feb 15 06:58:31 UTC 2020
17 ms. Memory: 51200K Free: 20482K (40%)
ptolemy.util.test.WatchDog.cancel(): canceling Sat Feb 15 06:58:31 UTC 2020
------------------ testing $PTII/ptolemy/domains/de/test/auto/Modal2.xml
auto.tcl: Setting watchdog for 200 seconds at Sat Feb 15 06:58:31 UTC 2020
10 ms. Memory: 51200K Free: 24006K (47%)
ptolemy.util.test.WatchDog.cancel(): canceling Sat Feb 15 06:58:31 UTC 2020
auto.tcl: Setting watchdog for 200 seconds at Sat Feb 15 06:58:31 UTC 2020
11 ms. Memory: 51200K Free: 20772K (41%)
ptolemy.util.test.WatchDog.cancel(): canceling Sat Feb 15 06:58:31 UTC 2020
------------------ testing $PTII/ptolemy/domains/de/test/auto/Modal3.xml
auto.tcl: Setting watchdog for 200 seconds at Sat Feb 15 06:58:31 UTC 2020
11 ms. Memory: 51200K Free: 23534K (46%)
ptolemy.util.test.WatchDog.cancel(): canceling Sat Feb 15 06:58:31 UTC 2020
auto.tcl: Setting watchdog for 200 seconds at Sat Feb 15 06:58:31 UTC 2020
11 ms. Memory: 51200K Free: 20397K (40%)
ptolemy.util.test.WatchDog.cancel(): canceling Sat Feb 15 06:58:31 UTC 2020
------------------ testing $PTII/ptolemy/domains/de/test/auto/Modal4.xml
auto.tcl: Setting watchdog for 200 seconds at Sat Feb 15 06:58:31 UTC 2020
25 ms. Memory: 51200K Free: 22963K (45%)
ptolemy.util.test.WatchDog.cancel(): canceling Sat Feb 15 06:58:31 UTC 2020
auto.tcl: Setting watchdog for 200 seconds at Sat Feb 15 06:58:31 UTC 2020
17 ms. Memory: 51200K Free: 19119K (37%)
ptolemy.util.test.WatchDog.cancel(): canceling Sat Feb 15 06:58:31 UTC 2020
------------------ testing $PTII/ptolemy/domains/de/test/auto/Modal5.xml
auto.tcl: Setting watchdog for 200 seconds at Sat Feb 15 06:58:31 UTC 2020
18 ms. Memory: 51200K Free: 22960K (45%)
ptolemy.util.test.WatchDog.cancel(): canceling Sat Feb 15 06:58:31 UTC 2020
auto.tcl: Setting watchdog for 200 seconds at Sat Feb 15 06:58:31 UTC 2020
17 ms. Memory: 51200K Free: 19106K (37%)
ptolemy.util.test.WatchDog.cancel(): canceling Sat Feb 15 06:58:31 UTC 2020
------------------ testing $PTII/ptolemy/domains/de/test/auto/Modal6.xml
auto.tcl: Setting watchdog for 200 seconds at Sat Feb 15 06:58:31 UTC 2020
13 ms. Memory: 51200K Free: 23709K (46%)
ptolemy.util.test.WatchDog.cancel(): canceling Sat Feb 15 06:58:31 UTC 2020
auto.tcl: Setting watchdog for 200 seconds at Sat Feb 15 06:58:31 UTC 2020
15 ms. Memory: 51200K Free: 19780K (39%)
ptolemy.util.test.WatchDog.cancel(): canceling Sat Feb 15 06:58:31 UTC 2020
------------------ testing $PTII/ptolemy/domains/de/test/auto/Modal7.xml
auto.tcl: Setting watchdog for 200 seconds at Sat Feb 15 06:58:32 UTC 2020
11 ms. Memory: 51200K Free: 22698K (44%)
ptolemy.util.test.WatchDog.cancel(): canceling Sat Feb 15 06:58:32 UTC 2020
auto.tcl: Setting watchdog for 200 seconds at Sat Feb 15 06:58:32 UTC 2020
11 ms. Memory: 51200K Free: 19353K (38%)
ptolemy.util.test.WatchDog.cancel(): canceling Sat Feb 15 06:58:32 UTC 2020
------------------ testing $PTII/ptolemy/domains/de/test/auto/ModalModel.xml
auto.tcl: Setting watchdog for 200 seconds at Sat Feb 15 06:58:32 UTC 2020
197 ms. Memory: 51200K Free: 33568K (66%)
ptolemy.util.test.WatchDog.cancel(): canceling Sat Feb 15 06:58:32 UTC 2020
auto.tcl: Setting watchdog for 200 seconds at Sat Feb 15 06:58:32 UTC 2020
199 ms. Memory: 61440K Free: 36724K (60%)
ptolemy.util.test.WatchDog.cancel(): canceling Sat Feb 15 06:58:32 UTC 2020
------------------ testing $PTII/ptolemy/domains/de/test/auto/ModalSource.xml
auto.tcl: Setting watchdog for 200 seconds at Sat Feb 15 06:58:32 UTC 2020
6 ms. Memory: 55296K Free: 31843K (58%)
ptolemy.util.test.WatchDog.cancel(): canceling Sat Feb 15 06:58:32 UTC 2020
auto.tcl: Setting watchdog for 200 seconds at Sat Feb 15 06:58:32 UTC 2020
6 ms. Memory: 55296K Free: 29917K (54%)
ptolemy.util.test.WatchDog.cancel(): canceling Sat Feb 15 06:58:32 UTC 2020
------------------ testing $PTII/ptolemy/domains/de/test/auto/NonInterruptibleTimerZeroDelay.xml
auto.tcl: Setting watchdog for 200 seconds at Sat Feb 15 06:58:32 UTC 2020
5 ms. Memory: 55296K Free: 36778K (67%)
ptolemy.util.test.WatchDog.cancel(): canceling Sat Feb 15 06:58:32 UTC 2020
auto.tcl: Setting watchdog for 200 seconds at Sat Feb 15 06:58:32 UTC 2020
2 ms. Memory: 55296K Free: 36113K (65%)
ptolemy.util.test.WatchDog.cancel(): canceling Sat Feb 15 06:58:32 UTC 2020
------------------ testing $PTII/ptolemy/domains/de/test/auto/OpenQueueingNetwork.xml
auto.tcl: Setting watchdog for 200 seconds at Sat Feb 15 06:58:32 UTC 2020
3127 ms. Memory: 149504K Free: 132145K (88%)
ptolemy.util.test.WatchDog.cancel(): canceling Sat Feb 15 06:58:36 UTC 2020
auto.tcl: Setting watchdog for 200 seconds at Sat Feb 15 06:58:36 UTC 2020
2394 ms. Memory: 180224K Free: 160864K (89%)
ptolemy.util.test.WatchDog.cancel(): canceling Sat Feb 15 06:58:38 UTC 2020
------------------ testing $PTII/ptolemy/domains/de/test/auto/OpenQueuingNetwork.xml
auto.tcl: Setting watchdog for 200 seconds at Sat Feb 15 06:58:38 UTC 2020
238 ms. Memory: 58368K Free: 35597K (61%)
ptolemy.util.test.WatchDog.cancel(): canceling Sat Feb 15 06:58:38 UTC 2020
auto.tcl: Setting watchdog for 200 seconds at Sat Feb 15 06:58:38 UTC 2020
221 ms. Memory: 58368K Free: 21556K (37%)
ptolemy.util.test.WatchDog.cancel(): canceling Sat Feb 15 06:58:38 UTC 2020
------------------ testing $PTII/ptolemy/domains/de/test/auto/PeriodicSampler.xml
auto.tcl: Setting watchdog for 200 seconds at Sat Feb 15 06:58:39 UTC 2020
3 ms. Memory: 55296K Free: 36011K (65%)
ptolemy.util.test.WatchDog.cancel(): canceling Sat Feb 15 06:58:39 UTC 2020
auto.tcl: Setting watchdog for 200 seconds at Sat Feb 15 06:58:39 UTC 2020
2 ms. Memory: 55296K Free: 35491K (64%)
ptolemy.util.test.WatchDog.cancel(): canceling Sat Feb 15 06:58:39 UTC 2020
------------------ testing $PTII/ptolemy/domains/de/test/auto/PersistentIO.xml
auto.tcl: Setting watchdog for 200 seconds at Sat Feb 15 06:58:39 UTC 2020
15 ms. Memory: 51200K Free: 26839K (52%)
ptolemy.util.test.WatchDog.cancel(): canceling Sat Feb 15 06:58:39 UTC 2020
auto.tcl: Setting watchdog for 200 seconds at Sat Feb 15 06:58:39 UTC 2020
4 ms. Memory: 51200K Free: 25319K (49%)
ptolemy.util.test.WatchDog.cancel(): canceling Sat Feb 15 06:58:39 UTC 2020
------------------ testing $PTII/ptolemy/domains/de/test/auto/PortParameterResetOnInitialize.xml
auto.tcl: Setting watchdog for 200 seconds at Sat Feb 15 06:58:39 UTC 2020
7 ms. Memory: 51200K Free: 32049K (63%)
ptolemy.util.test.WatchDog.cancel(): canceling Sat Feb 15 06:58:39 UTC 2020
auto.tcl: Setting watchdog for 200 seconds at Sat Feb 15 06:58:39 UTC 2020
2 ms. Memory: 51200K Free: 31537K (62%)
ptolemy.util.test.WatchDog.cancel(): canceling Sat Feb 15 06:58:39 UTC 2020
------------------ testing $PTII/ptolemy/domains/de/test/auto/PortParameterUpdates.xml
auto.tcl: Setting watchdog for 200 seconds at Sat Feb 15 06:58:39 UTC 2020
6 ms. Memory: 51200K Free: 30106K (59%)
ptolemy.util.test.WatchDog.cancel(): canceling Sat Feb 15 06:58:39 UTC 2020
auto.tcl: Setting watchdog for 200 seconds at Sat Feb 15 06:58:39 UTC 2020
4 ms. Memory: 51200K Free: 28897K (56%)
ptolemy.util.test.WatchDog.cancel(): canceling Sat Feb 15 06:58:39 UTC 2020
------------------ testing $PTII/ptolemy/domains/de/test/auto/QueueAndServer.xml
auto.tcl: Setting watchdog for 200 seconds at Sat Feb 15 06:58:39 UTC 2020
15 ms. Memory: 51200K Free: 28861K (56%)
ptolemy.util.test.WatchDog.cancel(): canceling Sat Feb 15 06:58:39 UTC 2020
auto.tcl: Setting watchdog for 200 seconds at Sat Feb 15 06:58:39 UTC 2020
11 ms. Memory: 51200K Free: 27327K (53%)
ptolemy.util.test.WatchDog.cancel(): canceling Sat Feb 15 06:58:39 UTC 2020
------------------ testing $PTII/ptolemy/domains/de/test/auto/Records.xml
auto.tcl: Setting watchdog for 200 seconds at Sat Feb 15 06:58:39 UTC 2020
6 ms. Memory: 51200K Free: 31066K (61%)
ptolemy.util.test.WatchDog.cancel(): canceling Sat Feb 15 06:58:39 UTC 2020
auto.tcl: Setting watchdog for 200 seconds at Sat Feb 15 06:58:39 UTC 2020
3 ms. Memory: 51200K Free: 30554K (60%)
ptolemy.util.test.WatchDog.cancel(): canceling Sat Feb 15 06:58:39 UTC 2020
------------------ testing $PTII/ptolemy/domains/de/test/auto/ResetTransitionWithStartTime1.xml
auto.tcl: Setting watchdog for 200 seconds at Sat Feb 15 06:58:39 UTC 2020
7 ms. Memory: 51200K Free: 28325K (55%)
ptolemy.util.test.WatchDog.cancel(): canceling Sat Feb 15 06:58:39 UTC 2020
auto.tcl: Setting watchdog for 200 seconds at Sat Feb 15 06:58:39 UTC 2020
7 ms. Memory: 51200K Free: 26277K (51%)
ptolemy.util.test.WatchDog.cancel(): canceling Sat Feb 15 06:58:39 UTC 2020
------------------ testing $PTII/ptolemy/domains/de/test/auto/ResetTransitionWithStartTime2.xml
auto.tcl: Setting watchdog for 200 seconds at Sat Feb 15 06:58:39 UTC 2020
5 ms. Memory: 51200K Free: 28279K (55%)
ptolemy.util.test.WatchDog.cancel(): canceling Sat Feb 15 06:58:39 UTC 2020
auto.tcl: Setting watchdog for 200 seconds at Sat Feb 15 06:58:39 UTC 2020
7 ms. Memory: 51200K Free: 26231K (51%)
ptolemy.util.test.WatchDog.cancel(): canceling Sat Feb 15 06:58:39 UTC 2020
------------------ testing $PTII/ptolemy/domains/de/test/auto/ResetTransitionWithStartTime3.xml
auto.tcl: Setting watchdog for 200 seconds at Sat Feb 15 06:58:39 UTC 2020
10 ms. Memory: 51200K Free: 28278K (55%)
ptolemy.util.test.WatchDog.cancel(): canceling Sat Feb 15 06:58:39 UTC 2020
auto.tcl: Setting watchdog for 200 seconds at Sat Feb 15 06:58:39 UTC 2020
6 ms. Memory: 51200K Free: 26230K (51%)
ptolemy.util.test.WatchDog.cancel(): canceling Sat Feb 15 06:58:39 UTC 2020
------------------ testing $PTII/ptolemy/domains/de/test/auto/ResetTransitionWithStartTime4.xml
auto.tcl: Setting watchdog for 200 seconds at Sat Feb 15 06:58:39 UTC 2020
13 ms. Memory: 51200K Free: 28704K (56%)
ptolemy.util.test.WatchDog.cancel(): canceling Sat Feb 15 06:58:39 UTC 2020
auto.tcl: Setting watchdog for 200 seconds at Sat Feb 15 06:58:39 UTC 2020
4 ms. Memory: 51200K Free: 27252K (53%)
ptolemy.util.test.WatchDog.cancel(): canceling Sat Feb 15 06:58:39 UTC 2020
------------------ testing $PTII/ptolemy/domains/de/test/auto/ResettableTimer1.xml
auto.tcl: Setting watchdog for 200 seconds at Sat Feb 15 06:58:39 UTC 2020
3 ms. Memory: 51200K Free: 32493K (63%)
ptolemy.util.test.WatchDog.cancel(): canceling Sat Feb 15 06:58:39 UTC 2020
auto.tcl: Setting watchdog for 200 seconds at Sat Feb 15 06:58:39 UTC 2020
2 ms. Memory: 51200K Free: 31828K (62%)
ptolemy.util.test.WatchDog.cancel(): canceling Sat Feb 15 06:58:39 UTC 2020
------------------ testing $PTII/ptolemy/domains/de/test/auto/ResettableTimer2.xml
auto.tcl: Setting watchdog for 200 seconds at Sat Feb 15 06:58:39 UTC 2020
2 ms. Memory: 51200K Free: 32550K (64%)
ptolemy.util.test.WatchDog.cancel(): canceling Sat Feb 15 06:58:39 UTC 2020
auto.tcl: Setting watchdog for 200 seconds at Sat Feb 15 06:58:39 UTC 2020
2 ms. Memory: 51200K Free: 31898K (62%)
ptolemy.util.test.WatchDog.cancel(): canceling Sat Feb 15 06:58:39 UTC 2020
------------------ testing $PTII/ptolemy/domains/de/test/auto/ResettableTimer3.xml
auto.tcl: Setting watchdog for 200 seconds at Sat Feb 15 06:58:39 UTC 2020
2 ms. Memory: 51200K Free: 32845K (64%)
ptolemy.util.test.WatchDog.cancel(): canceling Sat Feb 15 06:58:39 UTC 2020
auto.tcl: Setting watchdog for 200 seconds at Sat Feb 15 06:58:39 UTC 2020
2 ms. Memory: 51200K Free: 31897K (62%)
ptolemy.util.test.WatchDog.cancel(): canceling Sat Feb 15 06:58:39 UTC 2020
------------------ testing $PTII/ptolemy/domains/de/test/auto/ResettableTimer4.xml
auto.tcl: Setting watchdog for 200 seconds at Sat Feb 15 06:58:40 UTC 2020
1 ms. Memory: 51200K Free: 32424K (63%)
ptolemy.util.test.WatchDog.cancel(): canceling Sat Feb 15 06:58:40 UTC 2020
auto.tcl: Setting watchdog for 200 seconds at Sat Feb 15 06:58:40 UTC 2020
1 ms. Memory: 51200K Free: 31910K (62%)
ptolemy.util.test.WatchDog.cancel(): canceling Sat Feb 15 06:58:40 UTC 2020
------------------ testing $PTII/ptolemy/domains/de/test/auto/ResettableTimer5.xml
auto.tcl: Setting watchdog for 200 seconds at Sat Feb 15 06:58:40 UTC 2020
2 ms. Memory: 51200K Free: 31909K (62%)
ptolemy.util.test.WatchDog.cancel(): canceling Sat Feb 15 06:58:40 UTC 2020
auto.tcl: Setting watchdog for 200 seconds at Sat Feb 15 06:58:40 UTC 2020
1 ms. Memory: 51200K Free: 31399K (61%)
ptolemy.util.test.WatchDog.cancel(): canceling Sat Feb 15 06:58:40 UTC 2020
------------------ testing $PTII/ptolemy/domains/de/test/auto/ResettableTimer6.xml
auto.tcl: Setting watchdog for 200 seconds at Sat Feb 15 06:58:40 UTC 2020
2 ms. Memory: 51200K Free: 31899K (62%)
ptolemy.util.test.WatchDog.cancel(): canceling Sat Feb 15 06:58:40 UTC 2020
auto.tcl: Setting watchdog for 200 seconds at Sat Feb 15 06:58:40 UTC 2020
2 ms. Memory: 51200K Free: 31389K (61%)
ptolemy.util.test.WatchDog.cancel(): canceling Sat Feb 15 06:58:40 UTC 2020
------------------ testing $PTII/ptolemy/domains/de/test/auto/ServerZeroDelay.xml
auto.tcl: Setting watchdog for 200 seconds at Sat Feb 15 06:58:40 UTC 2020
4 ms. Memory: 51200K Free: 32404K (63%)
ptolemy.util.test.WatchDog.cancel(): canceling Sat Feb 15 06:58:40 UTC 2020
auto.tcl: Setting watchdog for 200 seconds at Sat Feb 15 06:58:40 UTC 2020
2 ms. Memory: 51200K Free: 31380K (61%)
ptolemy.util.test.WatchDog.cancel(): canceling Sat Feb 15 06:58:40 UTC 2020
------------------ testing $PTII/ptolemy/domains/de/test/auto/SmartSender.xml
auto.tcl: Setting watchdog for 200 seconds at Sat Feb 15 06:58:40 UTC 2020
3001 ms. Memory: 51200K Free: 32100K (63%)
ptolemy.util.test.WatchDog.cancel(): canceling Sat Feb 15 06:58:43 UTC 2020
auto.tcl: Setting watchdog for 200 seconds at Sat Feb 15 06:58:43 UTC 2020
3001 ms. Memory: 51200K Free: 31588K (62%)
ptolemy.util.test.WatchDog.cancel(): canceling Sat Feb 15 06:58:46 UTC 2020
------------------ testing $PTII/ptolemy/domains/de/test/auto/ThreadedComposite.xml
auto.tcl: Setting watchdog for 200 seconds at Sat Feb 15 06:58:46 UTC 2020
209 ms. Memory: 51200K Free: 13981K (27%)
ptolemy.util.test.WatchDog.cancel(): canceling Sat Feb 15 06:58:46 UTC 2020
auto.tcl: Setting watchdog for 200 seconds at Sat Feb 15 06:58:46 UTC 2020
141 ms. Memory: 51200K Free: 29412K (57%)
ptolemy.util.test.WatchDog.cancel(): canceling Sat Feb 15 06:58:46 UTC 2020
------------------ testing $PTII/ptolemy/domains/de/test/auto/Time.xml
auto.tcl: Setting watchdog for 200 seconds at Sat Feb 15 06:58:46 UTC 2020
609 ms. Memory: 51200K Free: 19634K (38%)
ptolemy.util.test.WatchDog.cancel(): canceling Sat Feb 15 06:58:47 UTC 2020
auto.tcl: Setting watchdog for 200 seconds at Sat Feb 15 06:58:47 UTC 2020
588 ms. Memory: 51200K Free: 35037K (68%)
ptolemy.util.test.WatchDog.cancel(): canceling Sat Feb 15 06:58:47 UTC 2020
------------------ testing $PTII/ptolemy/domains/de/test/auto/TimeDelayZeroDelay.xml
auto.tcl: Setting watchdog for 200 seconds at Sat Feb 15 06:58:48 UTC 2020
2 ms. Memory: 51200K Free: 32839K (64%)
ptolemy.util.test.WatchDog.cancel(): canceling Sat Feb 15 06:58:48 UTC 2020
auto.tcl: Setting watchdog for 200 seconds at Sat Feb 15 06:58:48 UTC 2020
2 ms. Memory: 51200K Free: 31940K (62%)
ptolemy.util.test.WatchDog.cancel(): canceling Sat Feb 15 06:58:48 UTC 2020
------------------ testing $PTII/ptolemy/domains/de/test/auto/TimerZeroDelay.xml
auto.tcl: Setting watchdog for 200 seconds at Sat Feb 15 06:58:48 UTC 2020
2 ms. Memory: 51200K Free: 32770K (64%)
ptolemy.util.test.WatchDog.cancel(): canceling Sat Feb 15 06:58:48 UTC 2020
auto.tcl: Setting watchdog for 200 seconds at Sat Feb 15 06:58:48 UTC 2020
2 ms. Memory: 51200K Free: 31969K (62%)
ptolemy.util.test.WatchDog.cancel(): canceling Sat Feb 15 06:58:48 UTC 2020
------------------ testing $PTII/ptolemy/domains/de/test/auto/TimingParadox.xml
auto.tcl: Setting watchdog for 200 seconds at Sat Feb 15 06:58:48 UTC 2020
407 ms. Memory: 51200K Free: 26185K (51%)
ptolemy.util.test.WatchDog.cancel(): canceling Sat Feb 15 06:58:48 UTC 2020
auto.tcl: Setting watchdog for 200 seconds at Sat Feb 15 06:58:48 UTC 2020
469 ms. Memory: 51200K Free: 23045K (45%)
ptolemy.util.test.WatchDog.cancel(): canceling Sat Feb 15 06:58:49 UTC 2020
------------------ testing $PTII/ptolemy/domains/de/test/auto/TransferInputs.xml
auto.tcl: Setting watchdog for 200 seconds at Sat Feb 15 06:58:49 UTC 2020
1 ms. Memory: 51200K Free: 30846K (60%)
ptolemy.util.test.WatchDog.cancel(): canceling Sat Feb 15 06:58:49 UTC 2020
auto.tcl: Setting watchdog for 200 seconds at Sat Feb 15 06:58:49 UTC 2020
2 ms. Memory: 51200K Free: 29929K (58%)
ptolemy.util.test.WatchDog.cancel(): canceling Sat Feb 15 06:58:49 UTC 2020
------------------ testing $PTII/ptolemy/domains/de/test/auto/TransferOutputs2.xml
auto.tcl: Setting watchdog for 200 seconds at Sat Feb 15 06:58:49 UTC 2020
3 ms. Memory: 51200K Free: 28280K (55%)
ptolemy.util.test.WatchDog.cancel(): canceling Sat Feb 15 06:58:49 UTC 2020
auto.tcl: Setting watchdog for 200 seconds at Sat Feb 15 06:58:49 UTC 2020
3 ms. Memory: 51200K Free: 26859K (52%)
ptolemy.util.test.WatchDog.cancel(): canceling Sat Feb 15 06:58:49 UTC 2020
------------------ testing $PTII/ptolemy/domains/de/test/auto/Trilateration.xml
auto.tcl: Setting watchdog for 200 seconds at Sat Feb 15 06:58:49 UTC 2020
14201 ms. Memory: 398336K Free: 190203K (48%)
ptolemy.util.test.WatchDog.cancel(): canceling Sat Feb 15 06:59:04 UTC 2020
auto.tcl: Setting watchdog for 200 seconds at Sat Feb 15 06:59:04 UTC 2020
9283 ms. Memory: 398336K Free: 142873K (36%)
ptolemy.util.test.WatchDog.cancel(): canceling Sat Feb 15 06:59:13 UTC 2020
------------------ testing $PTII/ptolemy/domains/de/test/auto/TwoSigmaDelta.xml
auto.tcl: Setting watchdog for 200 seconds at Sat Feb 15 06:59:13 UTC 2020
2424 ms. Memory: 89088K Free: 22359K (25%)
ptolemy.util.test.WatchDog.cancel(): canceling Sat Feb 15 06:59:16 UTC 2020
auto.tcl: Setting watchdog for 200 seconds at Sat Feb 15 06:59:16 UTC 2020
1756 ms. Memory: 89088K Free: 20794K (23%)
ptolemy.util.test.WatchDog.cancel(): canceling Sat Feb 15 06:59:18 UTC 2020
------------------ testing $PTII/ptolemy/domains/de/test/auto/VariableDelay.xml
auto.tcl: Setting watchdog for 200 seconds at Sat Feb 15 06:59:18 UTC 2020
3 ms. Memory: 55296K Free: 35416K (64%)
ptolemy.util.test.WatchDog.cancel(): canceling Sat Feb 15 06:59:18 UTC 2020
auto.tcl: Setting watchdog for 200 seconds at Sat Feb 15 06:59:18 UTC 2020
1 ms. Memory: 55296K Free: 34422K (62%)
ptolemy.util.test.WatchDog.cancel(): canceling Sat Feb 15 06:59:18 UTC 2020
------------------ testing $PTII/ptolemy/domains/de/test/auto/VariableDelay2.xml
auto.tcl: Setting watchdog for 200 seconds at Sat Feb 15 06:59:18 UTC 2020
10 ms. Memory: 55296K Free: 35815K (65%)
ptolemy.util.test.WatchDog.cancel(): canceling Sat Feb 15 06:59:18 UTC 2020
auto.tcl: Setting watchdog for 200 seconds at Sat Feb 15 06:59:18 UTC 2020
2 ms. Memory: 55296K Free: 35335K (64%)
ptolemy.util.test.WatchDog.cancel(): canceling Sat Feb 15 06:59:18 UTC 2020
------------------ testing $PTII/ptolemy/domains/de/test/auto/VariableDelayZeroDelay.xml
auto.tcl: Setting watchdog for 200 seconds at Sat Feb 15 06:59:18 UTC 2020
2 ms. Memory: 51200K Free: 32262K (63%)
ptolemy.util.test.WatchDog.cancel(): canceling Sat Feb 15 06:59:18 UTC 2020
auto.tcl: Setting watchdog for 200 seconds at Sat Feb 15 06:59:18 UTC 2020
2 ms. Memory: 51200K Free: 31718K (62%)
ptolemy.util.test.WatchDog.cancel(): canceling Sat Feb 15 06:59:18 UTC 2020
------------------ testing $PTII/ptolemy/domains/de/test/auto/VariableDelayZeroDelay2.xml
auto.tcl: Setting watchdog for 200 seconds at Sat Feb 15 06:59:18 UTC 2020
2 ms. Memory: 51200K Free: 32261K (63%)
ptolemy.util.test.WatchDog.cancel(): canceling Sat Feb 15 06:59:18 UTC 2020
auto.tcl: Setting watchdog for 200 seconds at Sat Feb 15 06:59:18 UTC 2020
2 ms. Memory: 51200K Free: 31237K (61%)
ptolemy.util.test.WatchDog.cancel(): canceling Sat Feb 15 06:59:18 UTC 2020
------------------ testing $PTII/ptolemy/domains/de/test/auto/deInCt.xml
auto.tcl: Setting watchdog for 200 seconds at Sat Feb 15 06:59:18 UTC 2020
0
1
1
1
0
0
0
1
1
1
1
1
0
0
0
1
1
0
0
0
1
1
1
1
0
0
0
0
0
0
0
1
1
1
1
11 ms. Memory: 51200K Free: 31234K (61%)
ptolemy.util.test.WatchDog.cancel(): canceling Sat Feb 15 06:59:18 UTC 2020
auto.tcl: Setting watchdog for 200 seconds at Sat Feb 15 06:59:18 UTC 2020
0
1
1
1
0
0
0
0
1
1
1
1
1
0
0
0
1
1
1
1
0
0
0
1
1
1
0
0
0
0
0
0
10 ms. Memory: 51200K Free: 29690K (58%)
ptolemy.util.test.WatchDog.cancel(): canceling Sat Feb 15 06:59:18 UTC 2020
------------------ testing $PTII/ptolemy/domains/de/test/auto/deInCt2.xml
auto.tcl: Setting watchdog for 200 seconds at Sat Feb 15 06:59:18 UTC 2020
0
1
1
1
0
0
1
1
1
0
0
1
1
1
0
0
1
1
1
0
0
1
1
1
0
0
1
1
1
0
0
1
1
1
0
0
1
1
1
0
0
0
16 ms. Memory: 51200K Free: 31237K (61%)
ptolemy.util.test.WatchDog.cancel(): canceling Sat Feb 15 06:59:18 UTC 2020
auto.tcl: Setting watchdog for 200 seconds at Sat Feb 15 06:59:18 UTC 2020
0
1
1
1
0
0
1
1
1
0
0
1
1
1
0
0
1
1
1
0
0
1
1
1
0
0
1
1
1
0
0
1
1
1
0
0
1
1
1
0
0
0
8 ms. Memory: 51200K Free: 29691K (58%)
ptolemy.util.test.WatchDog.cancel(): canceling Sat Feb 15 06:59:18 UTC 2020
------------------ testing $PTII/ptolemy/domains/de/test/auto/dynamicCausalityInterface1.xml
auto.tcl: Setting watchdog for 200 seconds at Sat Feb 15 06:59:18 UTC 2020
2 ms. Memory: 51200K Free: 27135K (53%)
ptolemy.util.test.WatchDog.cancel(): canceling Sat Feb 15 06:59:18 UTC 2020
auto.tcl: Setting watchdog for 200 seconds at Sat Feb 15 06:59:18 UTC 2020
1 ms. Memory: 51200K Free: 26621K (52%)
ptolemy.util.test.WatchDog.cancel(): canceling Sat Feb 15 06:59:18 UTC 2020
------------------ testing $PTII/ptolemy/domains/de/test/auto/fsm_de_test.xml
auto.tcl: Setting watchdog for 200 seconds at Sat Feb 15 06:59:18 UTC 2020
13 ms. Memory: 51200K Free: 27033K (53%)
ptolemy.util.test.WatchDog.cancel(): canceling Sat Feb 15 06:59:18 UTC 2020
auto.tcl: Setting watchdog for 200 seconds at Sat Feb 15 06:59:18 UTC 2020
9 ms. Memory: 51200K Free: 24985K (49%)
ptolemy.util.test.WatchDog.cancel(): canceling Sat Feb 15 06:59:18 UTC 2020
------------------ testing $PTII/ptolemy/domains/de/test/auto/functionDependencyReconstruction.xml
auto.tcl: Setting watchdog for 200 seconds at Sat Feb 15 06:59:18 UTC 2020
7 ms. Memory: 51200K Free: 20879K (41%)
ptolemy.util.test.WatchDog.cancel(): canceling Sat Feb 15 06:59:18 UTC 2020
auto.tcl: Setting watchdog for 200 seconds at Sat Feb 15 06:59:18 UTC 2020
2 ms. Memory: 51200K Free: 18831K (37%)
ptolemy.util.test.WatchDog.cancel(): canceling Sat Feb 15 06:59:18 UTC 2020
------------------ testing $PTII/ptolemy/domains/de/test/auto/multirate.xml
auto.tcl: Setting watchdog for 200 seconds at Sat Feb 15 06:59:18 UTC 2020
4 ms. Memory: 51200K Free: 29658K (58%)
ptolemy.util.test.WatchDog.cancel(): canceling Sat Feb 15 06:59:18 UTC 2020
auto.tcl: Setting watchdog for 200 seconds at Sat Feb 15 06:59:18 UTC 2020
3 ms. Memory: 51200K Free: 27929K (55%)
ptolemy.util.test.WatchDog.cancel(): canceling Sat Feb 15 06:59:18 UTC 2020
------------------ testing $PTII/ptolemy/domains/de/test/auto/multirate2.xml
auto.tcl: Setting watchdog for 200 seconds at Sat Feb 15 06:59:18 UTC 2020
3 ms. Memory: 51200K Free: 29838K (58%)
ptolemy.util.test.WatchDog.cancel(): canceling Sat Feb 15 06:59:19 UTC 2020
auto.tcl: Setting watchdog for 200 seconds at Sat Feb 15 06:59:19 UTC 2020
5 ms. Memory: 51200K Free: 28121K (55%)
ptolemy.util.test.WatchDog.cancel(): canceling Sat Feb 15 06:59:19 UTC 2020
------------------ testing $PTII/ptolemy/domains/de/test/auto/realtime.xml
auto.tcl: Setting watchdog for 200 seconds at Sat Feb 15 06:59:19 UTC 2020
10002 ms. Memory: 51200K Free: 31915K (62%)
ptolemy.util.test.WatchDog.cancel(): canceling Sat Feb 15 06:59:29 UTC 2020
auto.tcl: Setting watchdog for 200 seconds at Sat Feb 15 06:59:29 UTC 2020
10002 ms. Memory: 51200K Free: 31179K (61%)
ptolemy.util.test.WatchDog.cancel(): canceling Sat Feb 15 06:59:39 UTC 2020
------------------ testing $PTII/ptolemy/domains/de/test/auto/relationGroup.xml
auto.tcl: Setting watchdog for 200 seconds at Sat Feb 15 06:59:39 UTC 2020
1 ms. Memory: 51200K Free: 32995K (64%)
ptolemy.util.test.WatchDog.cancel(): canceling Sat Feb 15 06:59:39 UTC 2020
auto.tcl: Setting watchdog for 200 seconds at Sat Feb 15 06:59:39 UTC 2020
2 ms. Memory: 51200K Free: 32259K (63%)
ptolemy.util.test.WatchDog.cancel(): canceling Sat Feb 15 06:59:39 UTC 2020
------------------ testing $PTII/ptolemy/domains/de/test/auto/relationGroup2.xml
auto.tcl: Setting watchdog for 200 seconds at Sat Feb 15 06:59:39 UTC 2020
1 ms. Memory: 51200K Free: 33020K (64%)
ptolemy.util.test.WatchDog.cancel(): canceling Sat Feb 15 06:59:39 UTC 2020
auto.tcl: Setting watchdog for 200 seconds at Sat Feb 15 06:59:39 UTC 2020
1 ms. Memory: 51200K Free: 32522K (64%)
ptolemy.util.test.WatchDog.cancel(): canceling Sat Feb 15 06:59:39 UTC 2020
------------------ testing $PTII/ptolemy/domains/de/test/auto/sortWithOpaquePorts.xml
auto.tcl: Setting watchdog for 200 seconds at Sat Feb 15 06:59:39 UTC 2020
2 ms. Memory: 51200K Free: 31772K (62%)
ptolemy.util.test.WatchDog.cancel(): canceling Sat Feb 15 06:59:39 UTC 2020
auto.tcl: Setting watchdog for 200 seconds at Sat Feb 15 06:59:39 UTC 2020
2 ms. Memory: 51200K Free: 30238K (59%)
ptolemy.util.test.WatchDog.cancel(): canceling Sat Feb 15 06:59:39 UTC 2020
------------------ testing $PTII/ptolemy/domains/de/test/auto/transferInputsandOutputs.xml
auto.tcl: Setting watchdog for 200 seconds at Sat Feb 15 06:59:39 UTC 2020
4 ms. Memory: 51200K Free: 29202K (57%)
ptolemy.util.test.WatchDog.cancel(): canceling Sat Feb 15 06:59:39 UTC 2020
auto.tcl: Setting watchdog for 200 seconds at Sat Feb 15 06:59:39 UTC 2020
3 ms. Memory: 51200K Free: 28178K (55%)
ptolemy.util.test.WatchDog.cancel(): canceling Sat Feb 15 06:59:39 UTC 2020
------------------ testing $PTII/ptolemy/domains/de/test/auto/triggerType.xml
auto.tcl: Setting watchdog for 200 seconds at Sat Feb 15 06:59:39 UTC 2020
2 ms. Memory: 51200K Free: 32226K (63%)
ptolemy.util.test.WatchDog.cancel(): canceling Sat Feb 15 06:59:39 UTC 2020
auto.tcl: Setting watchdog for 200 seconds at Sat Feb 15 06:59:39 UTC 2020
2 ms. Memory: 51200K Free: 31202K (61%)
ptolemy.util.test.WatchDog.cancel(): canceling Sat Feb 15 06:59:39 UTC 2020
02/15/20 06:59:39
Failed: 0  Total Tests: 192  ((Passed: 187, Newly Passed: 1)  Known Failed: 5) /home/travis/build/icyphy/ptII/ptolemy/domains/de/test
02/15/20 06:59:39
Failed: 0  Total Tests: 192  ((Passed: 187, Newly Passed: 1)  Known Failed: 5) /home/travis/build/icyphy/ptII/ptolemy/domains/de/test
----------------- testing (KnownFailure) /home/travis/build/icyphy/ptII/ptolemy/domains/de/test/auto/knownFailedTests/DESDFClockTest.xml
2012 ms. Memory: 51200K Free: 25622K (50%)
Known Failure: java.lang.reflect.InvocationTargetException
----------------- testing (KnownFailure) /home/travis/build/icyphy/ptII/ptolemy/domains/de/test/auto/knownFailedTests/DirectFeedback.xml
2 ms. Memory: 51200K Free: 21526K (42%)
Known Failure: java.lang.reflect.InvocationTargetException
----------------- testing (KnownFailure) /home/travis/build/icyphy/ptII/ptolemy/domains/de/test/auto/knownFailedTests/FSMSource.xml
12 ms. Memory: 51200K Free: 13848K (27%)
----------------- testing (KnownFailure) /home/travis/build/icyphy/ptII/ptolemy/domains/de/test/auto/knownFailedTests/HierarchicalModel.xml
4 ms. Memory: 51200K Free: 26021K (51%)
Known Failure: java.lang.reflect.InvocationTargetException
----------------- testing (KnownFailure) /home/travis/build/icyphy/ptII/ptolemy/domains/de/test/auto/knownFailedTests/dependencyLoop.xml
3 ms. Memory: 51200K Free: 10408K (20%)
Known Failure: java.lang.reflect.InvocationTargetException
----------------- testing (KnownFailure) /home/travis/build/icyphy/ptII/ptolemy/domains/de/test/auto/knownFailedTests/dependencyLoop2.xml
7 ms. Memory: 51200K Free: 23065K (45%)
Known Failure: java.lang.reflect.InvocationTargetException
No auto/linux-amd64/*.xml tests in /home/travis/build/icyphy/ptII/ptolemy/domains/de/test
AutoTests.java: About to close Vertx.
AutoTests.java: Vertx closed.

===========================================================================================
----------------- testing Sat Feb 15 06:59:41 UTC 2020 /home/travis/build/icyphy/ptII/ptolemy/domains/de/test/auto/ActorDepthCalculation_actorWithoutPorts.xml
----------------- Instantiating /home/travis/build/icyphy/ptII/ptolemy/domains/de/test/auto/ActorDepthCalculation_actorWithoutPorts.xml
1 ms. Memory: 51200K Free: 16173K (32%)
----------------- Invoking toplevel() on ptolemy.moml.MoMLSimpleApplication@48159a06
----------------- Done invoking toplevel() on ptolemy.moml.MoMLSimpleApplication@48159a06
reloadAllAccessors: .ActorDepthCalculation_actorWithoutPorts

===========================================================================================
----------------- testing Sat Feb 15 06:59:41 UTC 2020 /home/travis/build/icyphy/ptII/ptolemy/domains/de/test/auto/AssemblyLine.xml
----------------- Instantiating /home/travis/build/icyphy/ptII/ptolemy/domains/de/test/auto/AssemblyLine.xml
2 ms. Memory: 51200K Free: 9005K (18%)
----------------- Invoking toplevel() on ptolemy.moml.MoMLSimpleApplication@11eed34e
----------------- Done invoking toplevel() on ptolemy.moml.MoMLSimpleApplication@11eed34e
reloadAllAccessors: .AssemblyLine

===========================================================================================
----------------- testing Sat Feb 15 06:59:41 UTC 2020 /home/travis/build/icyphy/ptII/ptolemy/domains/de/test/auto/CQBug1.xml
----------------- Instantiating /home/travis/build/icyphy/ptII/ptolemy/domains/de/test/auto/CQBug1.xml
1 ms. Memory: 51200K Free: 33735K (66%)
----------------- Invoking toplevel() on ptolemy.moml.MoMLSimpleApplication@30702eb7
----------------- Done invoking toplevel() on ptolemy.moml.MoMLSimpleApplication@30702eb7
reloadAllAccessors: .CQBug1

===========================================================================================
----------------- testing Sat Feb 15 06:59:41 UTC 2020 /home/travis/build/icyphy/ptII/ptolemy/domains/de/test/auto/CancelFireAt.xml
----------------- Instantiating /home/travis/build/icyphy/ptII/ptolemy/domains/de/test/auto/CancelFireAt.xml
10 ms. Memory: 51200K Free: 31101K (61%)
----------------- Invoking toplevel() on ptolemy.moml.MoMLSimpleApplication@53df8239
----------------- Done invoking toplevel() on ptolemy.moml.MoMLSimpleApplication@53df8239
reloadAllAccessors: .CancelFireAt

===========================================================================================
----------------- testing Sat Feb 15 06:59:41 UTC 2020 /home/travis/build/icyphy/ptII/ptolemy/domains/de/test/auto/CausalityAndComposabilityAnalysis.xml
----------------- Instantiating /home/travis/build/icyphy/ptII/ptolemy/domains/de/test/auto/CausalityAndComposabilityAnalysis.xml
2 ms. Memory: 51200K Free: 26951K (53%)
----------------- Invoking toplevel() on ptolemy.moml.MoMLSimpleApplication@7897509b
----------------- Done invoking toplevel() on ptolemy.moml.MoMLSimpleApplication@7897509b
reloadAllAccessors: .CausalityAndComposabilityAnalysis

===========================================================================================
----------------- testing Sat Feb 15 06:59:41 UTC 2020 /home/travis/build/icyphy/ptII/ptolemy/domains/de/test/auto/CausalityInterface1.xml
----------------- Instantiating /home/travis/build/icyphy/ptII/ptolemy/domains/de/test/auto/CausalityInterface1.xml
6 ms. Memory: 51200K Free: 21848K (43%)
----------------- Invoking toplevel() on ptolemy.moml.MoMLSimpleApplication@2842a0d1
----------------- Done invoking toplevel() on ptolemy.moml.MoMLSimpleApplication@2842a0d1
reloadAllAccessors: .CausalityInterface1

===========================================================================================
----------------- testing Sat Feb 15 06:59:41 UTC 2020 /home/travis/build/icyphy/ptII/ptolemy/domains/de/test/auto/CausalityInterface15.xml
----------------- Instantiating /home/travis/build/icyphy/ptII/ptolemy/domains/de/test/auto/CausalityInterface15.xml
3 ms. Memory: 51200K Free: 16305K (32%)
----------------- Invoking toplevel() on ptolemy.moml.MoMLSimpleApplication@7bf4af23
----------------- Done invoking toplevel() on ptolemy.moml.MoMLSimpleApplication@7bf4af23
reloadAllAccessors: .CausalityInterface15

===========================================================================================
----------------- testing Sat Feb 15 06:59:41 UTC 2020 /home/travis/build/icyphy/ptII/ptolemy/domains/de/test/auto/CausalityInterface2.xml
----------------- Instantiating /home/travis/build/icyphy/ptII/ptolemy/domains/de/test/auto/CausalityInterface2.xml
1 ms. Memory: 51200K Free: 11654K (23%)
[...]
	at ptolemy.actor.Manager.run(Manager.java:1263)
	at ptolemy.actor.Manager$PtolemyRunThread.run(Manager.java:1933)
java.lang.RuntimeException: Execution failed
	at ptolemy.moml.MoMLSimpleApplication$UnloadThread.run(MoMLSimpleApplication.java:402)
Caused by: ptolemy.kernel.util.IllegalActionException: Actor is not ready to fire.  Perhaps UpSample.prefire() returned false? Try debugging the actor by selecting "Listen to Actor".  Also, for SDF check moml for tokenConsumptionRate on input.
  in .DESDFClockTest.Play Bell.Copy1:SDF Director and .DESDFClockTest.Play Bell.UpSample
	at ptolemy.actor.sched.StaticSchedulingDirector.fire(StaticSchedulingDirector.java:227)
	at ptolemy.domains.sdf.kernel.SDFDirector.fire(SDFDirector.java:500)
	at ptolemy.actor.CompositeActor.fire(CompositeActor.java:455)
	at ptolemy.domains.de.kernel.DEDirector._fire(DEDirector.java:1949)
	at ptolemy.domains.de.kernel.DEDirector.fire(DEDirector.java:502)
	at ptolemy.actor.CompositeActor.fire(CompositeActor.java:455)
	at ptolemy.actor.Manager.iterate(Manager.java:851)
	at ptolemy.actor.Manager.execute(Manager.java:369)
	at ptolemy.actor.Manager.run(Manager.java:1263)
	at ptolemy.actor.Manager$PtolemyRunThread.run(Manager.java:1933)
java.lang.reflect.InvocationTargetException
	at java.base/jdk.internal.reflect.NativeConstructorAccessorImpl.newInstance0(Native Method)
	at java.base/jdk.internal.reflect.NativeConstructorAccessorImpl.newInstance(NativeConstructorAccessorImpl.java:62)
	at java.base/jdk.internal.reflect.DelegatingConstructorAccessorImpl.newInstance(DelegatingConstructorAccessorImpl.java:45)
	at java.base/java.lang.reflect.Constructor.newInstance(Constructor.java:490)
	at ptolemy.util.test.junit.AutoKnownFailedTests.RunModel(AutoKnownFailedTests.java:105)
	at java.base/jdk.internal.reflect.NativeMethodAccessorImpl.invoke0(Native Method)
	at java.base/jdk.internal.reflect.NativeMethodAccessorImpl.invoke(NativeMethodAccessorImpl.java:62)
	at java.base/jdk.internal.reflect.DelegatingMethodAccessorImpl.invoke(DelegatingMethodAccessorImpl.java:43)
	at java.base/java.lang.reflect.Method.invoke(Method.java:566)
	at org.junit.runners.model.FrameworkMethod$1.runReflectiveCall(FrameworkMethod.java:44)
	at org.junit.internal.runners.model.ReflectiveCallable.run(ReflectiveCallable.java:15)
	at org.junit.runners.model.FrameworkMethod.invokeExplosively(FrameworkMethod.java:41)
	at junitparams.internal.InvokeParameterisedMethod.evaluate(InvokeParameterisedMethod.java:102)
	at org.junit.internal.runners.statements.FailOnTimeout$1.run(FailOnTimeout.java:28)
Caused by: ptolemy.kernel.util.IllegalActionException: Actor is not ready to fire.  Perhaps UpSample.prefire() returned false? Try debugging the actor by selecting "Listen to Actor".  Also, for SDF check moml for tokenConsumptionRate on input.
  in .DESDFClockTest.Play Bell.Copy1:SDF Director and .DESDFClockTest.Play Bell.UpSample
	at ptolemy.actor.sched.StaticSchedulingDirector.fire(StaticSchedulingDirector.java:227)
	at ptolemy.domains.sdf.kernel.SDFDirector.fire(SDFDirector.java:500)
	at ptolemy.actor.CompositeActor.fire(CompositeActor.java:455)
	at ptolemy.domains.de.kernel.DEDirector._fire(DEDirector.java:1949)
	at ptolemy.domains.de.kernel.DEDirector.fire(DEDirector.java:502)
	at ptolemy.actor.CompositeActor.fire(CompositeActor.java:455)
	at ptolemy.actor.Manager.iterate(Manager.java:851)
	at ptolemy.actor.Manager.execute(Manager.java:369)
	at ptolemy.actor.Manager.run(Manager.java:1263)
	at ptolemy.actor.Manager$PtolemyRunThread.run(Manager.java:1933)
java.lang.RuntimeException: Execution failed
	at ptolemy.moml.MoMLSimpleApplication$UnloadThread.run(MoMLSimpleApplication.java:402)
Caused by: ptolemy.kernel.util.IllegalActionException: Test fails in iteration 1.
Value was: 1.0. Should have been: 2.0
  in .DirectFeedback.Test
	at ptolemy.actor.lib.Test.fire(Test.java:268)
	at ptolemy.domains.de.kernel.DEDirector._fire(DEDirector.java:1949)
	at ptolemy.domains.de.kernel.DEDirector.fire(DEDirector.java:502)
	at ptolemy.actor.CompositeActor.fire(CompositeActor.java:455)
	at ptolemy.actor.Manager.iterate(Manager.java:851)
	at ptolemy.actor.Manager.execute(Manager.java:369)
	at ptolemy.actor.Manager.run(Manager.java:1263)
	at ptolemy.actor.Manager$PtolemyRunThread.run(Manager.java:1933)
java.lang.reflect.InvocationTargetException
	at java.base/jdk.internal.reflect.NativeConstructorAccessorImpl.newInstance0(Native Method)
	at java.base/jdk.internal.reflect.NativeConstructorAccessorImpl.newInstance(NativeConstructorAccessorImpl.java:62)
	at java.base/jdk.internal.reflect.DelegatingConstructorAccessorImpl.newInstance(DelegatingConstructorAccessorImpl.java:45)
	at java.base/java.lang.reflect.Constructor.newInstance(Constructor.java:490)
	at ptolemy.util.test.junit.AutoKnownFailedTests.RunModel(AutoKnownFailedTests.java:105)
	at java.base/jdk.internal.reflect.NativeMethodAccessorImpl.invoke0(Native Method)
	at java.base/jdk.internal.reflect.NativeMethodAccessorImpl.invoke(NativeMethodAccessorImpl.java:62)
	at java.base/jdk.internal.reflect.DelegatingMethodAccessorImpl.invoke(DelegatingMethodAccessorImpl.java:43)
	at java.base/java.lang.reflect.Method.invoke(Method.java:566)
	at org.junit.runners.model.FrameworkMethod$1.runReflectiveCall(FrameworkMethod.java:44)
	at org.junit.internal.runners.model.ReflectiveCallable.run(ReflectiveCallable.java:15)
	at org.junit.runners.model.FrameworkMethod.invokeExplosively(FrameworkMethod.java:41)
	at junitparams.internal.InvokeParameterisedMethod.evaluate(InvokeParameterisedMethod.java:102)
	at org.junit.internal.runners.statements.FailOnTimeout$1.run(FailOnTimeout.java:28)
Caused by: ptolemy.kernel.util.IllegalActionException: Test fails in iteration 1.
Value was: 1.0. Should have been: 2.0
  in .DirectFeedback.Test
	at ptolemy.actor.lib.Test.fire(Test.java:268)
	at ptolemy.domains.de.kernel.DEDirector._fire(DEDirector.java:1949)
	at ptolemy.domains.de.kernel.DEDirector.fire(DEDirector.java:502)
	at ptolemy.actor.CompositeActor.fire(CompositeActor.java:455)
	at ptolemy.actor.Manager.iterate(Manager.java:851)
	at ptolemy.actor.Manager.execute(Manager.java:369)
	at ptolemy.actor.Manager.run(Manager.java:1263)
	at ptolemy.actor.Manager$PtolemyRunThread.run(Manager.java:1933)
java.lang.RuntimeException: Execution failed
	at ptolemy.moml.MoMLSimpleApplication$UnloadThread.run(MoMLSimpleApplication.java:402)
Caused by: ptolemy.kernel.util.IllegalActionException: Found a zero delay loop containing .HierarchicalModel.A
  in .HierarchicalModel and .HierarchicalModel.A
	at ptolemy.actor.util.CausalityInterfaceForComposites._computeOutputPortDepth(CausalityInterfaceForComposites.java:759)
	at ptolemy.actor.util.CausalityInterfaceForComposites._computeInputDepth(CausalityInterfaceForComposites.java:696)
	at ptolemy.actor.util.CausalityInterfaceForComposites._computeOutputPortDepth(CausalityInterfaceForComposites.java:765)
	at ptolemy.actor.util.CausalityInterfaceForComposites._computeInputDepth(CausalityInterfaceForComposites.java:696)
	at ptolemy.actor.util.CausalityInterfaceForComposites._computeOutputPortDepth(CausalityInterfaceForComposites.java:765)
	at ptolemy.actor.util.CausalityInterfaceForComposites._computeInputDepth(CausalityInterfaceForComposites.java:696)
	at ptolemy.actor.util.CausalityInterfaceForComposites._computeActorDepth(CausalityInterfaceForComposites.java:532)
	at ptolemy.actor.util.CausalityInterfaceForComposites.checkForCycles(CausalityInterfaceForComposites.java:96)
	at ptolemy.domains.de.kernel.DEDirector.preinitialize(DEDirector.java:1338)
	at ptolemy.actor.CompositeActor.preinitialize(CompositeActor.java:1828)
	at ptolemy.actor.Manager.preinitializeAndResolveTypes(Manager.java:1040)
	at ptolemy.actor.Manager.initialize(Manager.java:710)
	at ptolemy.actor.Manager.execute(Manager.java:356)
	at ptolemy.actor.Manager.run(Manager.java:1263)
	at ptolemy.actor.Manager$PtolemyRunThread.run(Manager.java:1933)
java.lang.reflect.InvocationTargetException
	at java.base/jdk.internal.reflect.NativeConstructorAccessorImpl.newInstance0(Native Method)
	at java.base/jdk.internal.reflect.NativeConstructorAccessorImpl.newInstance(NativeConstructorAccessorImpl.java:62)
	at java.base/jdk.internal.reflect.DelegatingConstructorAccessorImpl.newInstance(DelegatingConstructorAccessorImpl.java:45)
	at java.base/java.lang.reflect.Constructor.newInstance(Constructor.java:490)
	at ptolemy.util.test.junit.AutoKnownFailedTests.RunModel(AutoKnownFailedTests.java:105)
	at java.base/jdk.internal.reflect.NativeMethodAccessorImpl.invoke0(Native Method)
	at java.base/jdk.internal.reflect.NativeMethodAccessorImpl.invoke(NativeMethodAccessorImpl.java:62)
	at java.base/jdk.internal.reflect.DelegatingMethodAccessorImpl.invoke(DelegatingMethodAccessorImpl.java:43)
	at java.base/java.lang.reflect.Method.invoke(Method.java:566)
	at org.junit.runners.model.FrameworkMethod$1.runReflectiveCall(FrameworkMethod.java:44)
	at org.junit.internal.runners.model.ReflectiveCallable.run(ReflectiveCallable.java:15)
	at org.junit.runners.model.FrameworkMethod.invokeExplosively(FrameworkMethod.java:41)
	at junitparams.internal.InvokeParameterisedMethod.evaluate(InvokeParameterisedMethod.java:102)
	at org.junit.internal.runners.statements.FailOnTimeout$1.run(FailOnTimeout.java:28)
Caused by: ptolemy.kernel.util.IllegalActionException: Found a zero delay loop containing .HierarchicalModel.A
  in .HierarchicalModel and .HierarchicalModel.A
	at ptolemy.actor.util.CausalityInterfaceForComposites._computeOutputPortDepth(CausalityInterfaceForComposites.java:759)
	at ptolemy.actor.util.CausalityInterfaceForComposites._computeInputDepth(CausalityInterfaceForComposites.java:696)
	at ptolemy.actor.util.CausalityInterfaceForComposites._computeOutputPortDepth(CausalityInterfaceForComposites.java:765)
	at ptolemy.actor.util.CausalityInterfaceForComposites._computeInputDepth(CausalityInterfaceForComposites.java:696)
	at ptolemy.actor.util.CausalityInterfaceForComposites._computeOutputPortDepth(CausalityInterfaceForComposites.java:765)
	at ptolemy.actor.util.CausalityInterfaceForComposites._computeInputDepth(CausalityInterfaceForComposites.java:696)
	at ptolemy.actor.util.CausalityInterfaceForComposites._computeActorDepth(CausalityInterfaceForComposites.java:532)
	at ptolemy.actor.util.CausalityInterfaceForComposites.checkForCycles(CausalityInterfaceForComposites.java:96)
	at ptolemy.domains.de.kernel.DEDirector.preinitialize(DEDirector.java:1338)
	at ptolemy.actor.CompositeActor.preinitialize(CompositeActor.java:1828)
	at ptolemy.actor.Manager.preinitializeAndResolveTypes(Manager.java:1040)
	at ptolemy.actor.Manager.initialize(Manager.java:710)
	at ptolemy.actor.Manager.execute(Manager.java:356)
	at ptolemy.actor.Manager.run(Manager.java:1263)
	at ptolemy.actor.Manager$PtolemyRunThread.run(Manager.java:1933)
java.lang.RuntimeException: Execution failed
	at ptolemy.moml.MoMLSimpleApplication$UnloadThread.run(MoMLSimpleApplication.java:402)
Caused by: ptolemy.kernel.util.IllegalActionException: Found a zero delay loop containing .dependencyLoop.original
  in .dependencyLoop and .dependencyLoop.original
	at ptolemy.actor.util.CausalityInterfaceForComposites._computeOutputPortDepth(CausalityInterfaceForComposites.java:759)
	at ptolemy.actor.util.CausalityInterfaceForComposites._computeInputDepth(CausalityInterfaceForComposites.java:696)
	at ptolemy.actor.util.CausalityInterfaceForComposites._computeOutputPortDepth(CausalityInterfaceForComposites.java:765)
	at ptolemy.actor.util.CausalityInterfaceForComposites._computeInputDepth(CausalityInterfaceForComposites.java:696)
	at ptolemy.actor.util.CausalityInterfaceForComposites._computeOutputPortDepth(CausalityInterfaceForComposites.java:765)
	at ptolemy.actor.util.CausalityInterfaceForComposites._computeInputDepth(CausalityInterfaceForComposites.java:696)
	at ptolemy.actor.util.CausalityInterfaceForComposites._computeActorDepth(CausalityInterfaceForComposites.java:532)
	at ptolemy.actor.util.CausalityInterfaceForComposites.checkForCycles(CausalityInterfaceForComposites.java:96)
	at ptolemy.domains.de.kernel.DEDirector.preinitialize(DEDirector.java:1338)
	at ptolemy.actor.CompositeActor.preinitialize(CompositeActor.java:1828)
	at ptolemy.actor.Manager.preinitializeAndResolveTypes(Manager.java:1040)
	at ptolemy.actor.Manager.initialize(Manager.java:710)
	at ptolemy.actor.Manager.execute(Manager.java:356)
	at ptolemy.actor.Manager.run(Manager.java:1263)
	at ptolemy.actor.Manager$PtolemyRunThread.run(Manager.java:1933)
java.lang.reflect.InvocationTargetException
	at java.base/jdk.internal.reflect.NativeConstructorAccessorImpl.newInstance0(Native Method)
	at java.base/jdk.internal.reflect.NativeConstructorAccessorImpl.newInstance(NativeConstructorAccessorImpl.java:62)
	at java.base/jdk.internal.reflect.DelegatingConstructorAccessorImpl.newInstance(DelegatingConstructorAccessorImpl.java:45)
	at java.base/java.lang.reflect.Constructor.newInstance(Constructor.java:490)
	at ptolemy.util.test.junit.AutoKnownFailedTests.RunModel(AutoKnownFailedTests.java:105)
	at java.base/jdk.internal.reflect.NativeMethodAccessorImpl.invoke0(Native Method)
	at java.base/jdk.internal.reflect.NativeMethodAccessorImpl.invoke(NativeMethodAccessorImpl.java:62)
	at java.base/jdk.internal.reflect.DelegatingMethodAccessorImpl.invoke(DelegatingMethodAccessorImpl.java:43)
	at java.base/java.lang.reflect.Method.invoke(Method.java:566)
	at org.junit.runners.model.FrameworkMethod$1.runReflectiveCall(FrameworkMethod.java:44)
	at org.junit.internal.runners.model.ReflectiveCallable.run(ReflectiveCallable.java:15)
	at org.junit.runners.model.FrameworkMethod.invokeExplosively(FrameworkMethod.java:41)
	at junitparams.internal.InvokeParameterisedMethod.evaluate(InvokeParameterisedMethod.java:102)
	at org.junit.internal.runners.statements.FailOnTimeout$1.run(FailOnTimeout.java:28)
Caused by: ptolemy.kernel.util.IllegalActionException: Found a zero delay loop containing .dependencyLoop.original
  in .dependencyLoop and .dependencyLoop.original
	at ptolemy.actor.util.CausalityInterfaceForComposites._computeOutputPortDepth(CausalityInterfaceForComposites.java:759)
	at ptolemy.actor.util.CausalityInterfaceForComposites._computeInputDepth(CausalityInterfaceForComposites.java:696)
	at ptolemy.actor.util.CausalityInterfaceForComposites._computeOutputPortDepth(CausalityInterfaceForComposites.java:765)
	at ptolemy.actor.util.CausalityInterfaceForComposites._computeInputDepth(CausalityInterfaceForComposites.java:696)
	at ptolemy.actor.util.CausalityInterfaceForComposites._computeOutputPortDepth(CausalityInterfaceForComposites.java:765)
	at ptolemy.actor.util.CausalityInterfaceForComposites._computeInputDepth(CausalityInterfaceForComposites.java:696)
	at ptolemy.actor.util.CausalityInterfaceForComposites._computeActorDepth(CausalityInterfaceForComposites.java:532)
	at ptolemy.actor.util.CausalityInterfaceForComposites.checkForCycles(CausalityInterfaceForComposites.java:96)
	at ptolemy.domains.de.kernel.DEDirector.preinitialize(DEDirector.java:1338)
	at ptolemy.actor.CompositeActor.preinitialize(CompositeActor.java:1828)
	at ptolemy.actor.Manager.preinitializeAndResolveTypes(Manager.java:1040)
	at ptolemy.actor.Manager.initialize(Manager.java:710)
	at ptolemy.actor.Manager.execute(Manager.java:356)
	at ptolemy.actor.Manager.run(Manager.java:1263)
	at ptolemy.actor.Manager$PtolemyRunThread.run(Manager.java:1933)
java.lang.RuntimeException: Execution failed
	at ptolemy.moml.MoMLSimpleApplication$UnloadThread.run(MoMLSimpleApplication.java:402)
Caused by: ptolemy.kernel.util.IllegalActionException: Found a zero delay loop containing .dependencyLoop2.original
  in .dependencyLoop2 and .dependencyLoop2.original
	at ptolemy.actor.util.CausalityInterfaceForComposites._computeOutputPortDepth(CausalityInterfaceForComposites.java:759)
	at ptolemy.actor.util.CausalityInterfaceForComposites._computeInputDepth(CausalityInterfaceForComposites.java:696)
	at ptolemy.actor.util.CausalityInterfaceForComposites._computeOutputPortDepth(CausalityInterfaceForComposites.java:765)
	at ptolemy.actor.util.CausalityInterfaceForComposites._computeInputDepth(CausalityInterfaceForComposites.java:696)
	at ptolemy.actor.util.CausalityInterfaceForComposites._computeOutputPortDepth(CausalityInterfaceForComposites.java:765)
	at ptolemy.actor.util.CausalityInterfaceForComposites._computeInputDepth(CausalityInterfaceForComposites.java:696)
	at ptolemy.actor.util.CausalityInterfaceForComposites._computeActorDepth(CausalityInterfaceForComposites.java:532)
	at ptolemy.actor.util.CausalityInterfaceForComposites.checkForCycles(CausalityInterfaceForComposites.java:96)
	at ptolemy.domains.de.kernel.DEDirector.preinitialize(DEDirector.java:1338)
	at ptolemy.actor.CompositeActor.preinitialize(CompositeActor.java:1828)
	at ptolemy.actor.Manager.preinitializeAndResolveTypes(Manager.java:1040)
	at ptolemy.actor.Manager.initialize(Manager.java:710)
	at ptolemy.actor.Manager.execute(Manager.java:356)
	at ptolemy.actor.Manager.run(Manager.java:1263)
	at ptolemy.actor.Manager$PtolemyRunThread.run(Manager.java:1933)
java.lang.reflect.InvocationTargetException
	at java.base/jdk.internal.reflect.NativeConstructorAccessorImpl.newInstance0(Native Method)
	at java.base/jdk.internal.reflect.NativeConstructorAccessorImpl.newInstance(NativeConstructorAccessorImpl.java:62)
	at java.base/jdk.internal.reflect.DelegatingConstructorAccessorImpl.newInstance(DelegatingConstructorAccessorImpl.java:45)
	at java.base/java.lang.reflect.Constructor.newInstance(Constructor.java:490)
	at ptolemy.util.test.junit.AutoKnownFailedTests.RunModel(AutoKnownFailedTests.java:105)
	at java.base/jdk.internal.reflect.NativeMethodAccessorImpl.invoke0(Native Method)
	at java.base/jdk.internal.reflect.NativeMethodAccessorImpl.invoke(NativeMethodAccessorImpl.java:62)
	at java.base/jdk.internal.reflect.DelegatingMethodAccessorImpl.invoke(DelegatingMethodAccessorImpl.java:43)
	at java.base/java.lang.reflect.Method.invoke(Method.java:566)
	at org.junit.runners.model.FrameworkMethod$1.runReflectiveCall(FrameworkMethod.java:44)
	at org.junit.internal.runners.model.ReflectiveCallable.run(ReflectiveCallable.java:15)
	at org.junit.runners.model.FrameworkMethod.invokeExplosively(FrameworkMethod.java:41)
	at junitparams.internal.InvokeParameterisedMethod.evaluate(InvokeParameterisedMethod.java:102)
	at org.junit.internal.runners.statements.FailOnTimeout$1.run(FailOnTimeout.java:28)
Caused by: ptolemy.kernel.util.IllegalActionException: Found a zero delay loop containing .dependencyLoop2.original
  in .dependencyLoop2 and .dependencyLoop2.original
	at ptolemy.actor.util.CausalityInterfaceForComposites._computeOutputPortDepth(CausalityInterfaceForComposites.java:759)
	at ptolemy.actor.util.CausalityInterfaceForComposites._computeInputDepth(CausalityInterfaceForComposites.java:696)
	at ptolemy.actor.util.CausalityInterfaceForComposites._computeOutputPortDepth(CausalityInterfaceForComposites.java:765)
	at ptolemy.actor.util.CausalityInterfaceForComposites._computeInputDepth(CausalityInterfaceForComposites.java:696)
	at ptolemy.actor.util.CausalityInterfaceForComposites._computeOutputPortDepth(CausalityInterfaceForComposites.java:765)
	at ptolemy.actor.util.CausalityInterfaceForComposites._computeInputDepth(CausalityInterfaceForComposites.java:696)
	at ptolemy.actor.util.CausalityInterfaceForComposites._computeActorDepth(CausalityInterfaceForComposites.java:532)
	at ptolemy.actor.util.CausalityInterfaceForComposites.checkForCycles(CausalityInterfaceForComposites.java:96)
	at ptolemy.domains.de.kernel.DEDirector.preinitialize(DEDirector.java:1338)
	at ptolemy.actor.CompositeActor.preinitialize(CompositeActor.java:1828)
	at ptolemy.actor.Manager.preinitializeAndResolveTypes(Manager.java:1040)
	at ptolemy.actor.Manager.initialize(Manager.java:710)
	at ptolemy.actor.Manager.execute(Manager.java:356)
	at ptolemy.actor.Manager.run(Manager.java:1263)
	at ptolemy.actor.Manager$PtolemyRunThread.run(Manager.java:1933)
]]></system-err>
</testsuite>
