/home/travis/build/icyphy/ptII/bin/ant: Running /home/travis/build/icyphy/ptII/ant/bin/ant test.single -Dtest.name=ptolemy.util.test.travis.junit.JUnitTclTest
Buildfile: /home/travis/build/icyphy/ptII/build.xml

initReports:

test.single:
     [echo] 
     [echo]       ==test.single==
     [echo]       Run a single JUnit test by classname (ptolemy.actor.lib.test.junit.JUnitTclTest).
     [echo] 
     [echo]       To run a different test, use
     [echo]          -Dtest.name=ptolemy.actor.lib.test.junit.JUnitTclTest
     [echo]       and 
     [echo]          -Djunit.single.formatter=xml|brief|plain|failure (default is plain)
     [echo] 
     [echo]       For example:
     [echo]       * Run all the tests in actor/lib/test
     [echo]           ant test.single
     [echo]       * Run all the tests in kernel/test
     [echo]           ant test.single -Dtest.name=ptolemy.kernel.test.junit.JUnitTclTest
     [echo] 
     [echo]       Various other test targets are available:
     [echo]        test - builds and runs test.short, test.long and test.longest
     [echo]        test.32bit - runs the 32-bit JVM tests in auto32/
     [echo]        test.cobertura - run tests using code coverage
     [echo]        test.long - runs tests that are fairly long (called by the test target)
     [echo]        test.longest - runs tests that are longest (called by the test target)
     [echo]        test.report.all - runs batch of tests specified by a path with wildcards (output=files)
     [echo]        test.report.short - runs tests that are fairly fast, generates JUnit xml
     [echo]        test.short - runs tests that are fairly fast (called by the test target)
     [echo]        test.single target runs single test specified by its class name (output=stdout)
     [echo] 
     [echo]     
    [junit] javachdir: directory = ptolemy/util/test/travis
    [junit] javachdir: pwd: /home/travis/build/icyphy/ptII/ptolemy/util/test/travis  Invoking with -Djava.net.preferIPv4Stack=true
    [junit] +java --module-path /home/travis/build/icyphy/ptII/vendors/javafx/javafx-sdk-11.0.2/lib: --add-modules javafx.controls,javafx.swing,javafx.media, -Djava.net.preferIPv4Stack=true -Djavafx.verbose=true -Dprism.verbose=true -Dptolemy.ptII.dir=/home/travis/build/icyphy/ptII -Dptolemy.ptII.batchMode=true -classpath /home/travis/build/icyphy/ptII:/home/travis/build/icyphy/ptII/lib/bsh-2.0b4.jar:/home/travis/build/icyphy/ptII/lib/ptCal.jar:/home/travis/build/icyphy/ptII/lib/java_cup.jar:/home/travis/build/icyphy/ptII/lib/saxon8.jar:/home/travis/build/icyphy/ptII/lib/saxon8-dom.jar:/home/travis/build/icyphy/ptII/lib/chic.jar:/home/travis/build/icyphy/ptII/lib/ptcolt.jar:/home/travis/build/icyphy/ptII/vendors/misc/itext/iText.jar:/home/travis/build/icyphy/ptII/lib/g4ltl.jar:/home/travis/build/icyphy/ptII/lib/StructuralCoder.jar:/home/travis/build/icyphy/ptII/lib/jcerti.jar:/home/travis/build/icyphy/ptII/lib/javax.mail.jar:/home/travis/build/icyphy/ptII/vendors/JMF-2.1.1e/lib/jmf.jar:/home/travis/build/icyphy/ptII/lib/jna-4.0.0-variadic.jar:/home/travis/build/icyphy/ptII/vendors/misc/joystick/Joystick.jar:/home/travis/build/icyphy/ptII/lib/ptjacl.jar:/home/travis/build/icyphy/ptII/lib/jsoup-1.8.2.jar:/home/travis/build/icyphy/ptII/lib/junit-4.8.2.jar:/home/travis/build/icyphy/ptII/lib/JUnitParams-0.4.0.jar:/home/travis/build/icyphy/ptII/ptolemy/actor/lib/excel/jxl.jar:/home/travis/build/icyphy/ptII/lib/jython.jar:/home/travis/build/icyphy/ptII/lib/kieler.jar:/home/travis/build/icyphy/ptII/vendors/opencv/share/OpenCV/java/opencv-341.jar:/home/travis/build/icyphy/ptII/lib/oscP5.jar:/home/travis/build/icyphy/ptII/lib/nrjavaserial-3.11.0.devel.jar:/home/travis/build/icyphy/ptII/vendors/j3d/lib/Linux/j3dcore.jar:/home/travis/build/icyphy/ptII/vendors/j3d/lib/Linux/j3dutils.jar:/home/travis/build/icyphy/ptII/vendors/j3d/lib/Linux/vecmath.jar:/home/travis/build/icyphy/ptII/vendors/jogl/lib/Linux/gluegen-rt-natives-linux-amd64.jar:/home/travis/build/icyphy/ptII/vendors/jogl/lib/Linux/gluegen-rt.jar:/home/travis/build/icyphy/ptII/vendors/jogl/lib/Linux/jogl-all-natives-linux-amd64.jar:/home/travis/build/icyphy/ptII/vendors/jogl/lib/Linux/jogl-all.jar:/home/travis/build/icyphy/ptII/ptolemy/distributed/jini/jar/jini-core.jar:/home/travis/build/icyphy/ptII/ptolemy/distributed/jini/jar/jini-ext.jar:/home/travis/build/icyphy/ptII/ptolemy/distributed/jini/jar/sun-util.jar:/home/travis/build/icyphy/ptII/lib/protobuf-java-2.4.1.jar:/home/travis/build/icyphy/ptII/lib/org.eclipse.paho.client.mqttv3.jar:/home/travis/build/icyphy/ptII/lib/mapss.jar:/home/travis/build/icyphy/ptII/ptolemy/actor/ptalon/antlr/antlr.jar:/home/travis/build/icyphy/ptII/lib/JRI.jar:/home/travis/build/icyphy/ptII/lib/commons-lang-2.6.jar:/home/travis/build/icyphy/ptII/lib/commons-logging-1.1.1.jar:/home/travis/build/icyphy/ptII/lib/sootclasses.jar:/home/travis/build/icyphy/ptII/ptolemy/actor/lib/database/mysql-connector-java-5.1.6-bin.jar:/home/travis/build/icyphy/ptII/vendors/misc/sphinx4/sphinx4-data-5prealpha.jar:/home/travis/build/icyphy/ptII/vendors/misc/sphinx4/sphinx4-core-5prealpha.jar:/home/travis/build/icyphy/ptII/lib/PDFRenderer.jar:/home/travis/build/icyphy/ptII/lib/svgSalamander.jar:/home/travis/build/icyphy/ptII/lib/rsyntaxtextarea-2.6.0-SNAPSHOT.jar:/home/travis/build/icyphy/ptII/lib/hazelcast-3.8.2.jar:/home/travis/build/icyphy/ptII/lib/jackson-annotations-2.9.0.jar:/home/travis/build/icyphy/ptII/lib/jackson-core-2.9.3.jar:/home/travis/build/icyphy/ptII/lib/jackson-databind-2.9.3.jar:/home/travis/build/icyphy/ptII/lib/netty-buffer-4.1.19.Final.jar:/home/travis/build/icyphy/ptII/lib/netty-codec-4.1.19.Final.jar:/home/travis/build/icyphy/ptII/lib/netty-codec-dns-4.1.19.Final.jar:/home/travis/build/icyphy/ptII/lib/netty-codec-http-4.1.19.Final.jar:/home/travis/build/icyphy/ptII/lib/netty-codec-http2-4.1.19.Final.jar:/home/travis/build/icyphy/ptII/lib/netty-common-4.1.19.Final.jar:/home/travis/build/icyphy/ptII/lib/netty-handler-4.1.19.Final.jar:/home/travis/build/icyphy/ptII/lib/netty-resolver-4.1.19.Final.jar:/home/travis/build/icyphy/ptII/lib/netty-resolver-dns-4.1.19.Final.jar:/home/travis/build/icyphy/ptII/lib/netty-transport-4.1.19.Final.jar:/home/travis/build/icyphy/ptII/lib/vertx-codegen-3.5.1.jar:/home/travis/build/icyphy/ptII/lib/vertx-core-3.5.2-SNAPSHOT.jar:/home/travis/build/icyphy/ptII/lib/vertx-hazelcast-3.5.1.jar:/home/travis/build/icyphy/ptII/lib/vertx-lang-js-3.5.1.jar:/home/travis/build/icyphy/ptII/lib/vertx-service-proxy-3.5.1.jar:/home/travis/build/icyphy/ptII/lib/vertx-web-3.5.1.jar:/home/travis/build/icyphy/ptII/lib/slf4j-api-1.7.13.jar:/home/travis/build/icyphy/ptII/lib/slf4j-simple-1.7.13.jar:/home/travis/build/icyphy/ptII/lib/webcam-capture-0.3.12.jar:/home/travis/build/icyphy/ptII/lib/bridj-0.7.0.jar:/home/travis/build/icyphy/ptII/lib/xbjlib-1.1.0.nrjavaserial.jar:/home/travis/build/icyphy/ptII/ptolemy/moml/test:/home/travis/build/icyphy/ptII/lib/JUnitParams-0.3.0.jar:/home/travis/build/icyphy/ptII/ant/lib/ant-launcher.jar:/home/travis/build/icyphy/ptII/ant/lib/ant.jar:/home/travis/build/icyphy/ptII/ant/lib/ant-junit.jar:/home/travis/build/icyphy/ptII/ant/lib/ant-junit4.jar org.apache.tools.ant.taskdefs.optional.junit.JUnitTestRunner ptolemy.util.test.travis.junit.JUnitTclTest skipNonTests=false filtertrace=true haltOnError=false haltOnFailure=false formatter=org.apache.tools.ant.taskdefs.optional.junit.OutErrSummaryJUnitResultFormatter showoutput=true outputtoformatters=true logfailedtests=true threadid=0 logtestlistenerevents=false formatter=org.apache.tools.ant.taskdefs.optional.junit.PlainJUnitResultFormatter crashfile=/home/travis/build/icyphy/ptII/junitvmwatcher18171079292520526973.properties propsfile=/home/travis/build/icyphy/ptII/junit12198669968257020764.properties
    [junit] Running ptolemy.util.test.travis.junit.JUnitTclTest
    [junit] Testsuite: ptolemy.util.test.travis.junit.JUnitTclTest
    [junit] /home/travis/build/icyphy/ptII/ptolemy/util/test/travis/TravisTimeout.tcl
    [junit] testDefs.tcl: setting time out to 9000 seconds at Sat Jul 20 16:20:13 UTC 2019
    [junit] Below are the system properties. To determine which Travis test is failing, look for a property that starts with PT_TRAVIS_TEST
    [junit] java.runtime.name=OpenJDK Runtime Environment
    [junit] java.vm.version=11.0.2+9
    [junit] sun.boot.library.path=/usr/local/lib/jvm/openjdk11/lib
    [junit] java.vm.vendor=Oracle Corporation
    [junit] java.vendor.url=http://java.oracle.com/
    [junit] path.separator=:
    [junit] javafx.verbose=true
    [junit] java.vm.name=OpenJDK 64-Bit Server VM
    [junit] sun.os.patch.level=unknown
    [junit] user.country=US
    [junit] sun.java.launcher=SUN_STANDARD
    [junit] java.vm.specification.name=Java Virtual Machine Specification
    [junit] user.dir=/home/travis/build/icyphy/ptII/ptolemy/util/test/travis
    [junit] java.vm.compressedOopsMode=32-bit
    [junit] java.runtime.version=11.0.2+9
    [junit] java.awt.graphicsenv=sun.awt.X11GraphicsEnvironment
    [junit] os.arch=amd64
    [junit] java.io.tmpdir=/tmp
    [junit] line.separator=
    [junit] 
    [junit] java.vm.specification.vendor=Oracle Corporation
    [junit] os.name=Linux
    [junit] ptolemy.ptII.doNotExit=true
    [junit] sun.jnu.encoding=UTF-8
    [junit] java.library.path=/home/travis/pthla/certi-tools/lib:/usr/lib/jni:/usr/local/share/OpenCV/java/:/usr/share/OpenCV/java::/usr/java/packages/lib:/usr/lib64:/lib64:/lib:/usr/lib
    [junit] jdk.debug=release
    [junit] java.class.version=55.0
    [junit] java.specification.name=Java Platform API Specification
    [junit] java.net.preferIPv4Stack=true
    [junit] sun.management.compiler=HotSpot 64-Bit Tiered Compilers
    [junit] os.version=4.15.0-1028-gcp
    [junit] ptolemy.ptII.isRunningNightlyBuild=true
    [junit] ptolemy.ptII.dir=/home/travis/build/icyphy/ptII
    [junit] user.home=/home/travis
    [junit] user.timezone=UTC
    [junit] jdk.module.path=/home/travis/build/icyphy/ptII/vendors/javafx/javafx-sdk-11.0.2/lib:
    [junit] java.awt.printerjob=sun.print.PSPrinterJob
    [junit] file.encoding=UTF-8
    [junit] java.specification.version=11
    [junit] user.name=travis
    [junit] java.class.path=/home/travis/build/icyphy/ptII:/home/travis/build/icyphy/ptII/lib/bsh-2.0b4.jar:/home/travis/build/icyphy/ptII/lib/ptCal.jar:/home/travis/build/icyphy/ptII/lib/java_cup.jar:/home/travis/build/icyphy/ptII/lib/saxon8.jar:/home/travis/build/icyphy/ptII/lib/saxon8-dom.jar:/home/travis/build/icyphy/ptII/lib/chic.jar:/home/travis/build/icyphy/ptII/lib/ptcolt.jar:/home/travis/build/icyphy/ptII/vendors/misc/itext/iText.jar:/home/travis/build/icyphy/ptII/lib/g4ltl.jar:/home/travis/build/icyphy/ptII/lib/StructuralCoder.jar:/home/travis/build/icyphy/ptII/lib/jcerti.jar:/home/travis/build/icyphy/ptII/lib/javax.mail.jar:/home/travis/build/icyphy/ptII/vendors/JMF-2.1.1e/lib/jmf.jar:/home/travis/build/icyphy/ptII/lib/jna-4.0.0-variadic.jar:/home/travis/build/icyphy/ptII/vendors/misc/joystick/Joystick.jar:/home/travis/build/icyphy/ptII/lib/ptjacl.jar:/home/travis/build/icyphy/ptII/lib/jsoup-1.8.2.jar:/home/travis/build/icyphy/ptII/lib/junit-4.8.2.jar:/home/travis/build/icyphy/ptII/lib/JUnitParams-0.4.0.jar:/home/travis/build/icyphy/ptII/ptolemy/actor/lib/excel/jxl.jar:/home/travis/build/icyphy/ptII/lib/jython.jar:/home/travis/build/icyphy/ptII/lib/kieler.jar:/home/travis/build/icyphy/ptII/vendors/opencv/share/OpenCV/java/opencv-341.jar:/home/travis/build/icyphy/ptII/lib/oscP5.jar:/home/travis/build/icyphy/ptII/lib/nrjavaserial-3.11.0.devel.jar:/home/travis/build/icyphy/ptII/vendors/j3d/lib/Linux/j3dcore.jar:/home/travis/build/icyphy/ptII/vendors/j3d/lib/Linux/j3dutils.jar:/home/travis/build/icyphy/ptII/vendors/j3d/lib/Linux/vecmath.jar:/home/travis/build/icyphy/ptII/vendors/jogl/lib/Linux/gluegen-rt-natives-linux-amd64.jar:/home/travis/build/icyphy/ptII/vendors/jogl/lib/Linux/gluegen-rt.jar:/home/travis/build/icyphy/ptII/vendors/jogl/lib/Linux/jogl-all-natives-linux-amd64.jar:/home/travis/build/icyphy/ptII/vendors/jogl/lib/Linux/jogl-all.jar:/home/travis/build/icyphy/ptII/ptolemy/distributed/jini/jar/jini-core.jar:/home/travis/build/icyphy/ptII/ptolemy/distributed/jini/jar/jini-ext.jar:/home/travis/build/icyphy/ptII/ptolemy/distributed/jini/jar/sun-util.jar:/home/travis/build/icyphy/ptII/lib/protobuf-java-2.4.1.jar:/home/travis/build/icyphy/ptII/lib/org.eclipse.paho.client.mqttv3.jar:/home/travis/build/icyphy/ptII/lib/mapss.jar:/home/travis/build/icyphy/ptII/ptolemy/actor/ptalon/antlr/antlr.jar:/home/travis/build/icyphy/ptII/lib/JRI.jar:/home/travis/build/icyphy/ptII/lib/commons-lang-2.6.jar:/home/travis/build/icyphy/ptII/lib/commons-logging-1.1.1.jar:/home/travis/build/icyphy/ptII/lib/sootclasses.jar:/home/travis/build/icyphy/ptII/ptolemy/actor/lib/database/mysql-connector-java-5.1.6-bin.jar:/home/travis/build/icyphy/ptII/vendors/misc/sphinx4/sphinx4-data-5prealpha.jar:/home/travis/build/icyphy/ptII/vendors/misc/sphinx4/sphinx4-core-5prealpha.jar:/home/travis/build/icyphy/ptII/lib/PDFRenderer.jar:/home/travis/build/icyphy/ptII/lib/svgSalamander.jar:/home/travis/build/icyphy/ptII/lib/rsyntaxtextarea-2.6.0-SNAPSHOT.jar:/home/travis/build/icyphy/ptII/lib/hazelcast-3.8.2.jar:/home/travis/build/icyphy/ptII/lib/jackson-annotations-2.9.0.jar:/home/travis/build/icyphy/ptII/lib/jackson-core-2.9.3.jar:/home/travis/build/icyphy/ptII/lib/jackson-databind-2.9.3.jar:/home/travis/build/icyphy/ptII/lib/netty-buffer-4.1.19.Final.jar:/home/travis/build/icyphy/ptII/lib/netty-codec-4.1.19.Final.jar:/home/travis/build/icyphy/ptII/lib/netty-codec-dns-4.1.19.Final.jar:/home/travis/build/icyphy/ptII/lib/netty-codec-http-4.1.19.Final.jar:/home/travis/build/icyphy/ptII/lib/netty-codec-http2-4.1.19.Final.jar:/home/travis/build/icyphy/ptII/lib/netty-common-4.1.19.Final.jar:/home/travis/build/icyphy/ptII/lib/netty-handler-4.1.19.Final.jar:/home/travis/build/icyphy/ptII/lib/netty-resolver-4.1.19.Final.jar:/home/travis/build/icyphy/ptII/lib/netty-resolver-dns-4.1.19.Final.jar:/home/travis/build/icyphy/ptII/lib/netty-transport-4.1.19.Final.jar:/home/travis/build/icyphy/ptII/lib/vertx-codegen-3.5.1.jar:/home/travis/build/icyphy/ptII/lib/vertx-core-3.5.2-SNAPSHOT.jar:/home/travis/build/icyphy/ptII/lib/vertx-hazelcast-3.5.1.jar:/home/travis/build/icyphy/ptII/lib/vertx-lang-js-3.5.1.jar:/home/travis/build/icyphy/ptII/lib/vertx-service-proxy-3.5.1.jar:/home/travis/build/icyphy/ptII/lib/vertx-web-3.5.1.jar:/home/travis/build/icyphy/ptII/lib/slf4j-api-1.7.13.jar:/home/travis/build/icyphy/ptII/lib/slf4j-simple-1.7.13.jar:/home/travis/build/icyphy/ptII/lib/webcam-capture-0.3.12.jar:/home/travis/build/icyphy/ptII/lib/bridj-0.7.0.jar:/home/travis/build/icyphy/ptII/lib/xbjlib-1.1.0.nrjavaserial.jar:/home/travis/build/icyphy/ptII/ptolemy/moml/test:/home/travis/build/icyphy/ptII/lib/JUnitParams-0.3.0.jar:/home/travis/build/icyphy/ptII/ant/lib/ant-launcher.jar:/home/travis/build/icyphy/ptII/ant/lib/ant.jar:/home/travis/build/icyphy/ptII/ant/lib/ant-junit.jar:/home/travis/build/icyphy/ptII/ant/lib/ant-junit4.jar
    [junit] prism.verbose=true
    [junit] ptolemy.ptII.nonInteractive=true
    [junit] java.vm.specification.version=11
    [junit] sun.arch.data.model=64
    [junit] sun.java.command=org.apache.tools.ant.taskdefs.optional.junit.JUnitTestRunner ptolemy.util.test.travis.junit.JUnitTclTest skipNonTests=false filtertrace=true haltOnError=false haltOnFailure=false formatter=org.apache.tools.ant.taskdefs.optional.junit.OutErrSummaryJUnitResultFormatter showoutput=true outputtoformatters=true logfailedtests=true threadid=0 logtestlistenerevents=false formatter=org.apache.tools.ant.taskdefs.optional.junit.PlainJUnitResultFormatter crashfile=/home/travis/build/icyphy/ptII/junitvmwatcher18171079292520526973.properties propsfile=/home/travis/build/icyphy/ptII/junit12198669968257020764.properties
    [junit] java.home=/usr/local/lib/jvm/openjdk11
    [junit] user.language=en
    [junit] java.specification.vendor=Oracle Corporation
    [junit] ptolemy.ptII.batchMode=true
    [junit] awt.toolkit=sun.awt.X11.XToolkit
    [junit] java.vm.info=mixed mode
    [junit] java.version=11.0.2
    [junit] java.vendor=Oracle Corporation
    [junit] file.separator=/
    [junit] java.version.date=2019-01-15
    [junit] java.vendor.url.bug=http://bugreport.java.com/bugreport/
    [junit] sun.io.unicode.encoding=UnicodeLittle
    [junit] sun.cpu.endian=little
    [junit] java.vendor.version=18.9
    [junit] sun.cpu.isalist=
    [junit] 
    [junit] 
    [junit] ==== $PTII/ptolemy/util/test/travis/TravisTimeout.tcl: TravisTimeout-1.1 Fail a test signifying a timeout problem with Travis
    [junit] ==== Contents of test case:
    [junit] 
    [junit]     set travisTest {Unknown}
    [junit]     puts "Below are the system properties. To determine which Travis test is failing, look for a property that starts with PT_TRAVIS_TEST"
    [junit] 
    [junit]     set props [java::call System getProperties]
    [junit]     set names [$props propertyNames]
    [junit]     while { [$names hasMoreElements] } {
    [junit] 	set name [$names nextElement]
    [junit]         if {[string first {PT_TRAVIS_TEST} $name] != -1} {
    [junit]             set travisTest $name
    [junit]         }
    [junit] 	puts "$name=[$props getProperty $name]"
    [junit]     }
    [junit] 
    [junit]     error "$travisTest timed out!\n    This test always fails.  It is called by $PTII/bin/ptIITravisBuild.sh to signify that Travis is having timeout problems.  Typically this is caused by OpenCV being rebuilt.  The problem should go away with the next build after OpenCV is updated in the cache.  See https://wiki.eecs.berkeley.edu/ptexternal/Main/Travis#Caching_2"
    [junit] 
    [junit] ==== Test generated error:
    [junit] Unknown timed out!
    [junit]     This test always fails.  It is called by /home/travis/build/icyphy/ptII/ptolemy/util/test/travis/../../../../bin/ptIITravisBuild.sh to signify that Travis is having timeout problems.  Typically this is caused by OpenCV being rebuilt.  The problem should go away with the next build after OpenCV is updated in the cache.  See https://wiki.eecs.berkeley.edu/ptexternal/Main/Travis#Caching_2
    [junit]     while executing
    [junit] "error "$travisTest timed out!\n    This test always fails.  It is called by $PTII/bin/ptIITravisBuild.sh to signify that Travis is having timeout prob..."
    [junit]     ("uplevel" body line 15)
    [junit]     invoked from within
    [junit] "uplevel $contents_of_test"
    [junit] 07/20/19 04:20:13
    [junit] Failed: 1  Total Tests: 1  ((Passed: 0, Newly Passed: 0)  Known Failed: 0) /home/travis/build/icyphy/ptII/ptolemy/util/test/travis
    [junit] No auto/knownFailedTests/*.xml tests in /home/travis/build/icyphy/ptII/ptolemy/util/test/travis
    [junit] No auto/linux-amd64/*.xml tests in /home/travis/build/icyphy/ptII/ptolemy/util/test/travis
    [junit] WARNING: An illegal reflective access operation has occurred
    [junit] WARNING: Illegal reflective access by io.netty.util.internal.ReflectionUtil (file:/home/travis/build/icyphy/ptII/lib/netty-common-4.1.19.Final.jar) to constructor java.nio.DirectByteBuffer(long,int)
    [junit] WARNING: Please consider reporting this to the maintainers of io.netty.util.internal.ReflectionUtil
    [junit] WARNING: Use --illegal-access=warn to enable warnings of further illegal reflective access operations
    [junit] WARNING: All illegal access operations will be denied in a future release
    [junit] AutoTests.java: About to close Vertx.
    [junit] AutoTests.java: Vertx closed.
    [junit] No auto/*.xml tests in /home/travis/build/icyphy/ptII/ptolemy/util/test/travis
    [junit] AutoTests.java: About to close Vertx.
    [junit] AutoTests.java: Vertx closed.
    [junit] Tests run: 4, Failures: 1, Errors: 0, Skipped: 0, Time elapsed: 0.658 sec
    [junit] Output:
    [junit] /home/travis/build/icyphy/ptII/ptolemy/util/test/travis/TravisTimeout.tcl
    [junit] testDefs.tcl: setting time out to 9000 seconds at Sat Jul 20 16:20:13 UTC 2019
    [junit] Below are the system properties. To determine which Travis test is failing, look for a property that starts with PT_TRAVIS_TEST
    [junit] java.runtime.name=OpenJDK Runtime Environment
    [junit] java.vm.version=11.0.2+9
    [junit] sun.boot.library.path=/usr/local/lib/jvm/openjdk11/lib
    [junit] java.vm.vendor=Oracle Corporation
    [junit] java.vendor.url=http://java.oracle.com/
    [junit] path.separator=:
    [junit] javafx.verbose=true
    [junit] java.vm.name=OpenJDK 64-Bit Server VM
    [junit] sun.os.patch.level=unknown
    [junit] user.country=US
    [junit] sun.java.launcher=SUN_STANDARD
    [junit] java.vm.specification.name=Java Virtual Machine Specification
    [junit] user.dir=/home/travis/build/icyphy/ptII/ptolemy/util/test/travis
    [junit] java.vm.compressedOopsMode=32-bit
    [junit] java.runtime.version=11.0.2+9
    [junit] java.awt.graphicsenv=sun.awt.X11GraphicsEnvironment
    [junit] os.arch=amd64
    [junit] java.io.tmpdir=/tmp
    [junit] line.separator=
    [junit] 
    [junit] java.vm.specification.vendor=Oracle Corporation
    [junit] os.name=Linux
    [junit] ptolemy.ptII.doNotExit=true
    [junit] sun.jnu.encoding=UTF-8
    [junit] java.library.path=/home/travis/pthla/certi-tools/lib:/usr/lib/jni:/usr/local/share/OpenCV/java/:/usr/share/OpenCV/java::/usr/java/packages/lib:/usr/lib64:/lib64:/lib:/usr/lib
    [junit] jdk.debug=release
    [junit] java.class.version=55.0
    [junit] java.specification.name=Java Platform API Specification
    [junit] java.net.preferIPv4Stack=true
    [junit] sun.management.compiler=HotSpot 64-Bit Tiered Compilers
    [junit] os.version=4.15.0-1028-gcp
    [junit] ptolemy.ptII.isRunningNightlyBuild=true
    [junit] ptolemy.ptII.dir=/home/travis/build/icyphy/ptII
    [junit] user.home=/home/travis
    [junit] user.timezone=UTC
    [junit] jdk.module.path=/home/travis/build/icyphy/ptII/vendors/javafx/javafx-sdk-11.0.2/lib:
    [junit] java.awt.printerjob=sun.print.PSPrinterJob
    [junit] file.encoding=UTF-8
    [junit] java.specification.version=11
    [junit] user.name=travis
    [junit] java.class.path=/home/travis/build/icyphy/ptII:/home/travis/build/icyphy/ptII/lib/bsh-2.0b4.jar:/home/travis/build/icyphy/ptII/lib/ptCal.jar:/home/travis/build/icyphy/ptII/lib/java_cup.jar:/home/travis/build/icyphy/ptII/lib/saxon8.jar:/home/travis/build/icyphy/ptII/lib/saxon8-dom.jar:/home/travis/build/icyphy/ptII/lib/chic.jar:/home/travis/build/icyphy/ptII/lib/ptcolt.jar:/home/travis/build/icyphy/ptII/vendors/misc/itext/iText.jar:/home/travis/build/icyphy/ptII/lib/g4ltl.jar:/home/travis/build/icyphy/ptII/lib/StructuralCoder.jar:/home/travis/build/icyphy/ptII/lib/jcerti.jar:/home/travis/build/icyphy/ptII/lib/javax.mail.jar:/home/travis/build/icyphy/ptII/vendors/JMF-2.1.1e/lib/jmf.jar:/home/travis/build/icyphy/ptII/lib/jna-4.0.0-variadic.jar:/home/travis/build/icyphy/ptII/vendors/misc/joystick/Joystick.jar:/home/travis/build/icyphy/ptII/lib/ptjacl.jar:/home/travis/build/icyphy/ptII/lib/jsoup-1.8.2.jar:/home/travis/build/icyphy/ptII/lib/junit-4.8.2.jar:/home/travis/build/icyphy/ptII/lib/JUnitParams-0.4.0.jar:/home/travis/build/icyphy/ptII/ptolemy/actor/lib/excel/jxl.jar:/home/travis/build/icyphy/ptII/lib/jython.jar:/home/travis/build/icyphy/ptII/lib/kieler.jar:/home/travis/build/icyphy/ptII/vendors/opencv/share/OpenCV/java/opencv-341.jar:/home/travis/build/icyphy/ptII/lib/oscP5.jar:/home/travis/build/icyphy/ptII/lib/nrjavaserial-3.11.0.devel.jar:/home/travis/build/icyphy/ptII/vendors/j3d/lib/Linux/j3dcore.jar:/home/travis/build/icyphy/ptII/vendors/j3d/lib/Linux/j3dutils.jar:/home/travis/build/icyphy/ptII/vendors/j3d/lib/Linux/vecmath.jar:/home/travis/build/icyphy/ptII/vendors/jogl/lib/Linux/gluegen-rt-natives-linux-amd64.jar:/home/travis/build/icyphy/ptII/vendors/jogl/lib/Linux/gluegen-rt.jar:/home/travis/build/icyphy/ptII/vendors/jogl/lib/Linux/jogl-all-natives-linux-amd64.jar:/home/travis/build/icyphy/ptII/vendors/jogl/lib/Linux/jogl-all.jar:/home/travis/build/icyphy/ptII/ptolemy/distributed/jini/jar/jini-core.jar:/home/travis/build/icyphy/ptII/ptolemy/distributed/jini/jar/jini-ext.jar:/home/travis/build/icyphy/ptII/ptolemy/distributed/jini/jar/sun-util.jar:/home/travis/build/icyphy/ptII/lib/protobuf-java-2.4.1.jar:/home/travis/build/icyphy/ptII/lib/org.eclipse.paho.client.mqttv3.jar:/home/travis/build/icyphy/ptII/lib/mapss.jar:/home/travis/build/icyphy/ptII/ptolemy/actor/ptalon/antlr/antlr.jar:/home/travis/build/icyphy/ptII/lib/JRI.jar:/home/travis/build/icyphy/ptII/lib/commons-lang-2.6.jar:/home/travis/build/icyphy/ptII/lib/commons-logging-1.1.1.jar:/home/travis/build/icyphy/ptII/lib/sootclasses.jar:/home/travis/build/icyphy/ptII/ptolemy/actor/lib/database/mysql-connector-java-5.1.6-bin.jar:/home/travis/build/icyphy/ptII/vendors/misc/sphinx4/sphinx4-data-5prealpha.jar:/home/travis/build/icyphy/ptII/vendors/misc/sphinx4/sphinx4-core-5prealpha.jar:/home/travis/build/icyphy/ptII/lib/PDFRenderer.jar:/home/travis/build/icyphy/ptII/lib/svgSalamander.jar:/home/travis/build/icyphy/ptII/lib/rsyntaxtextarea-2.6.0-SNAPSHOT.jar:/home/travis/build/icyphy/ptII/lib/hazelcast-3.8.2.jar:/home/travis/build/icyphy/ptII/lib/jackson-annotations-2.9.0.jar:/home/travis/build/icyphy/ptII/lib/jackson-core-2.9.3.jar:/home/travis/build/icyphy/ptII/lib/jackson-databind-2.9.3.jar:/home/travis/build/icyphy/ptII/lib/netty-buffer-4.1.19.Final.jar:/home/travis/build/icyphy/ptII/lib/netty-codec-4.1.19.Final.jar:/home/travis/build/icyphy/ptII/lib/netty-codec-dns-4.1.19.Final.jar:/home/travis/build/icyphy/ptII/lib/netty-codec-http-4.1.19.Final.jar:/home/travis/build/icyphy/ptII/lib/netty-codec-http2-4.1.19.Final.jar:/home/travis/build/icyphy/ptII/lib/netty-common-4.1.19.Final.jar:/home/travis/build/icyphy/ptII/lib/netty-handler-4.1.19.Final.jar:/home/travis/build/icyphy/ptII/lib/netty-resolver-4.1.19.Final.jar:/home/travis/build/icyphy/ptII/lib/netty-resolver-dns-4.1.19.Final.jar:/home/travis/build/icyphy/ptII/lib/netty-transport-4.1.19.Final.jar:/home/travis/build/icyphy/ptII/lib/vertx-codegen-3.5.1.jar:/home/travis/build/icyphy/ptII/lib/vertx-core-3.5.2-SNAPSHOT.jar:/home/travis/build/icyphy/ptII/lib/vertx-hazelcast-3.5.1.jar:/home/travis/build/icyphy/ptII/lib/vertx-lang-js-3.5.1.jar:/home/travis/build/icyphy/ptII/lib/vertx-service-proxy-3.5.1.jar:/home/travis/build/icyphy/ptII/lib/vertx-web-3.5.1.jar:/home/travis/build/icyphy/ptII/lib/slf4j-api-1.7.13.jar:/home/travis/build/icyphy/ptII/lib/slf4j-simple-1.7.13.jar:/home/travis/build/icyphy/ptII/lib/webcam-capture-0.3.12.jar:/home/travis/build/icyphy/ptII/lib/bridj-0.7.0.jar:/home/travis/build/icyphy/ptII/lib/xbjlib-1.1.0.nrjavaserial.jar:/home/travis/build/icyphy/ptII/ptolemy/moml/test:/home/travis/build/icyphy/ptII/lib/JUnitParams-0.3.0.jar:/home/travis/build/icyphy/ptII/ant/lib/ant-launcher.jar:/home/travis/build/icyphy/ptII/ant/lib/ant.jar:/home/travis/build/icyphy/ptII/ant/lib/ant-junit.jar:/home/travis/build/icyphy/ptII/ant/lib/ant-junit4.jar
    [junit] prism.verbose=true
    [junit] ptolemy.ptII.nonInteractive=true
    [junit] java.vm.specification.version=11
    [junit] sun.arch.data.model=64
    [junit] sun.java.command=org.apache.tools.ant.taskdefs.optional.junit.JUnitTestRunner ptolemy.util.test.travis.junit.JUnitTclTest skipNonTests=false filtertrace=true haltOnError=false haltOnFailure=false formatter=org.apache.tools.ant.taskdefs.optional.junit.OutErrSummaryJUnitResultFormatter showoutput=true outputtoformatters=true logfailedtests=true threadid=0 logtestlistenerevents=false formatter=org.apache.tools.ant.taskdefs.optional.junit.PlainJUnitResultFormatter crashfile=/home/travis/build/icyphy/ptII/junitvmwatcher18171079292520526973.properties propsfile=/home/travis/build/icyphy/ptII/junit12198669968257020764.properties
    [junit] java.home=/usr/local/lib/jvm/openjdk11
    [junit] user.language=en
    [junit] java.specification.vendor=Oracle Corporation
    [junit] ptolemy.ptII.batchMode=true
    [junit] awt.toolkit=sun.awt.X11.XToolkit
    [junit] java.vm.info=mixed mode
    [junit] java.version=11.0.2
    [junit] java.vendor=Oracle Corporation
    [junit] file.separator=/
    [junit] java.version.date=2019-01-15
    [junit] java.vendor.url.bug=http://bugreport.java.com/bugreport/
    [junit] sun.io.unicode.encoding=UnicodeLittle
    [junit] sun.cpu.endian=little
    [junit] java.vendor.version=18.9
    [junit] sun.cpu.isalist=
    [junit] 
    [junit] 
    [junit] ==== $PTII/ptolemy/util/test/travis/TravisTimeout.tcl: TravisTimeout-1.1 Fail a test signifying a timeout problem with Travis
    [junit] ==== Contents of test case:
    [junit] 
    [junit]     set travisTest {Unknown}
    [junit]     puts "Below are the system properties. To determine which Travis test is failing, look for a property that starts with PT_TRAVIS_TEST"
    [junit] 
    [junit]     set props [java::call System getProperties]
    [junit]     set names [$props propertyNames]
    [junit]     while { [$names hasMoreElements] } {
    [junit] 	set name [$names nextElement]
    [junit]         if {[string first {PT_TRAVIS_TEST} $name] != -1} {
    [junit]             set travisTest $name
    [junit]         }
    [junit] 	puts "$name=[$props getProperty $name]"
    [junit]     }
    [junit] 
    [junit]     error "$travisTest timed out!\n    This test always fails.  It is called by $PTII/bin/ptIITravisBuild.sh to signify that Travis is having timeout problems.  Typically this is caused by OpenCV being rebuilt.  The problem should go away with the next build after OpenCV is updated in the cache.  See https://wiki.eecs.berkeley.edu/ptexternal/Main/Travis#Caching_2"
    [junit] 
    [junit] ==== Test generated error:
    [junit] Unknown timed out!
    [junit]     This test always fails.  It is called by /home/travis/build/icyphy/ptII/ptolemy/util/test/travis/../../../../bin/ptIITravisBuild.sh to signify that Travis is having timeout problems.  Typically this is caused by OpenCV being rebuilt.  The problem should go away with the next build after OpenCV is updated in the cache.  See https://wiki.eecs.berkeley.edu/ptexternal/Main/Travis#Caching_2
    [junit]     while executing
    [junit] "error "$travisTest timed out!\n    This test always fails.  It is called by $PTII/bin/ptIITravisBuild.sh to signify that Travis is having timeout prob..."
    [junit]     ("uplevel" body line 15)
    [junit]     invoked from within
    [junit] "uplevel $contents_of_test"
    [junit] 07/20/19 04:20:13
    [junit] Failed: 1  Total Tests: 1  ((Passed: 0, Newly Passed: 0)  Known Failed: 0) /home/travis/build/icyphy/ptII/ptolemy/util/test/travis
    [junit] No auto/knownFailedTests/*.xml tests in /home/travis/build/icyphy/ptII/ptolemy/util/test/travis
    [junit] No auto/linux-amd64/*.xml tests in /home/travis/build/icyphy/ptII/ptolemy/util/test/travis
    [junit] AutoTests.java: About to close Vertx.
    [junit] AutoTests.java: Vertx closed.
    [junit] No auto/*.xml tests in /home/travis/build/icyphy/ptII/ptolemy/util/test/travis
    [junit] AutoTests.java: About to close Vertx.
    [junit] AutoTests.java: Vertx closed.
    [junit] 
    [junit] Tests run: 4, Failures: 1, Errors: 0, Skipped: 0, Time elapsed: 0.658 sec
    [junit] ------------- Standard Output ---------------
    [junit] /home/travis/build/icyphy/ptII/ptolemy/util/test/travis/TravisTimeout.tcl
    [junit] testDefs.tcl: setting time out to 9000 seconds at Sat Jul 20 16:20:13 UTC 2019
    [junit] Below are the system properties. To determine which Travis test is failing, look for a property that starts with PT_TRAVIS_TEST
    [junit] java.runtime.name=OpenJDK Runtime Environment
    [junit] java.vm.version=11.0.2+9
    [junit] sun.boot.library.path=/usr/local/lib/jvm/openjdk11/lib
    [junit] java.vm.vendor=Oracle Corporation
    [junit] java.vendor.url=http://java.oracle.com/
    [junit] path.separator=:
    [junit] javafx.verbose=true
    [junit] java.vm.name=OpenJDK 64-Bit Server VM
    [junit] sun.os.patch.level=unknown
    [junit] user.country=US
    [junit] sun.java.launcher=SUN_STANDARD
    [junit] java.vm.specification.name=Java Virtual Machine Specification
    [junit] user.dir=/home/travis/build/icyphy/ptII/ptolemy/util/test/travis
    [junit] java.vm.compressedOopsMode=32-bit
    [junit] java.runtime.version=11.0.2+9
    [junit] java.awt.graphicsenv=sun.awt.X11GraphicsEnvironment
    [junit] os.arch=amd64
    [junit] java.io.tmpdir=/tmp
    [junit] line.separator=
    [junit] 
    [junit] java.vm.specification.vendor=Oracle Corporation
    [junit] os.name=Linux
    [junit] ptolemy.ptII.doNotExit=true
    [junit] sun.jnu.encoding=UTF-8
    [junit] java.library.path=/home/travis/pthla/certi-tools/lib:/usr/lib/jni:/usr/local/share/OpenCV/java/:/usr/share/OpenCV/java::/usr/java/packages/lib:/usr/lib64:/lib64:/lib:/usr/lib
    [junit] jdk.debug=release
    [junit] java.class.version=55.0
    [junit] java.specification.name=Java Platform API Specification
    [junit] java.net.preferIPv4Stack=true
    [junit] sun.management.compiler=HotSpot 64-Bit Tiered Compilers
    [junit] os.version=4.15.0-1028-gcp
    [junit] ptolemy.ptII.isRunningNightlyBuild=true
    [junit] ptolemy.ptII.dir=/home/travis/build/icyphy/ptII
    [junit] user.home=/home/travis
    [junit] user.timezone=UTC
    [junit] jdk.module.path=/home/travis/build/icyphy/ptII/vendors/javafx/javafx-sdk-11.0.2/lib:
    [junit] java.awt.printerjob=sun.print.PSPrinterJob
    [junit] file.encoding=UTF-8
    [junit] java.specification.version=11
    [junit] user.name=travis
    [junit] java.class.path=/home/travis/build/icyphy/ptII:/home/travis/build/icyphy/ptII/lib/bsh-2.0b4.jar:/home/travis/build/icyphy/ptII/lib/ptCal.jar:/home/travis/build/icyphy/ptII/lib/java_cup.jar:/home/travis/build/icyphy/ptII/lib/saxon8.jar:/home/travis/build/icyphy/ptII/lib/saxon8-dom.jar:/home/travis/build/icyphy/ptII/lib/chic.jar:/home/travis/build/icyphy/ptII/lib/ptcolt.jar:/home/travis/build/icyphy/ptII/vendors/misc/itext/iText.jar:/home/travis/build/icyphy/ptII/lib/g4ltl.jar:/home/travis/build/icyphy/ptII/lib/StructuralCoder.jar:/home/travis/build/icyphy/ptII/lib/jcerti.jar:/home/travis/build/icyphy/ptII/lib/javax.mail.jar:/home/travis/build/icyphy/ptII/vendors/JMF-2.1.1e/lib/jmf.jar:/home/travis/build/icyphy/ptII/lib/jna-4.0.0-variadic.jar:/home/travis/build/icyphy/ptII/vendors/misc/joystick/Joystick.jar:/home/travis/build/icyphy/ptII/lib/ptjacl.jar:/home/travis/build/icyphy/ptII/lib/jsoup-1.8.2.jar:/home/travis/build/icyphy/ptII/lib/junit-4.8.2.jar:/home/travis/build/icyphy/ptII/lib/JUnitParams-0.4.0.jar:/home/travis/build/icyphy/ptII/ptolemy/actor/lib/excel/jxl.jar:/home/travis/build/icyphy/ptII/lib/jython.jar:/home/travis/build/icyphy/ptII/lib/kieler.jar:/home/travis/build/icyphy/ptII/vendors/opencv/share/OpenCV/java/opencv-341.jar:/home/travis/build/icyphy/ptII/lib/oscP5.jar:/home/travis/build/icyphy/ptII/lib/nrjavaserial-3.11.0.devel.jar:/home/travis/build/icyphy/ptII/vendors/j3d/lib/Linux/j3dcore.jar:/home/travis/build/icyphy/ptII/vendors/j3d/lib/Linux/j3dutils.jar:/home/travis/build/icyphy/ptII/vendors/j3d/lib/Linux/vecmath.jar:/home/travis/build/icyphy/ptII/vendors/jogl/lib/Linux/gluegen-rt-natives-linux-amd64.jar:/home/travis/build/icyphy/ptII/vendors/jogl/lib/Linux/gluegen-rt.jar:/home/travis/build/icyphy/ptII/vendors/jogl/lib/Linux/jogl-all-natives-linux-amd64.jar:/home/travis/build/icyphy/ptII/vendors/jogl/lib/Linux/jogl-all.jar:/home/travis/build/icyphy/ptII/ptolemy/distributed/jini/jar/jini-core.jar:/home/travis/build/icyphy/ptII/ptolemy/distributed/jini/jar/jini-ext.jar:/home/travis/build/icyphy/ptII/ptolemy/distributed/jini/jar/sun-util.jar:/home/travis/build/icyphy/ptII/lib/protobuf-java-2.4.1.jar:/home/travis/build/icyphy/ptII/lib/org.eclipse.paho.client.mqttv3.jar:/home/travis/build/icyphy/ptII/lib/mapss.jar:/home/travis/build/icyphy/ptII/ptolemy/actor/ptalon/antlr/antlr.jar:/home/travis/build/icyphy/ptII/lib/JRI.jar:/home/travis/build/icyphy/ptII/lib/commons-lang-2.6.jar:/home/travis/build/icyphy/ptII/lib/commons-logging-1.1.1.jar:/home/travis/build/icyphy/ptII/lib/sootclasses.jar:/home/travis/build/icyphy/ptII/ptolemy/actor/lib/database/mysql-connector-java-5.1.6-bin.jar:/home/travis/build/icyphy/ptII/vendors/misc/sphinx4/sphinx4-data-5prealpha.jar:/home/travis/build/icyphy/ptII/vendors/misc/sphinx4/sphinx4-core-5prealpha.jar:/home/travis/build/icyphy/ptII/lib/PDFRenderer.jar:/home/travis/build/icyphy/ptII/lib/svgSalamander.jar:/home/travis/build/icyphy/ptII/lib/rsyntaxtextarea-2.6.0-SNAPSHOT.jar:/home/travis/build/icyphy/ptII/lib/hazelcast-3.8.2.jar:/home/travis/build/icyphy/ptII/lib/jackson-annotations-2.9.0.jar:/home/travis/build/icyphy/ptII/lib/jackson-core-2.9.3.jar:/home/travis/build/icyphy/ptII/lib/jackson-databind-2.9.3.jar:/home/travis/build/icyphy/ptII/lib/netty-buffer-4.1.19.Final.jar:/home/travis/build/icyphy/ptII/lib/netty-codec-4.1.19.Final.jar:/home/travis/build/icyphy/ptII/lib/netty-codec-dns-4.1.19.Final.jar:/home/travis/build/icyphy/ptII/lib/netty-codec-http-4.1.19.Final.jar:/home/travis/build/icyphy/ptII/lib/netty-codec-http2-4.1.19.Final.jar:/home/travis/build/icyphy/ptII/lib/netty-common-4.1.19.Final.jar:/home/travis/build/icyphy/ptII/lib/netty-handler-4.1.19.Final.jar:/home/travis/build/icyphy/ptII/lib/netty-resolver-4.1.19.Final.jar:/home/travis/build/icyphy/ptII/lib/netty-resolver-dns-4.1.19.Final.jar:/home/travis/build/icyphy/ptII/lib/netty-transport-4.1.19.Final.jar:/home/travis/build/icyphy/ptII/lib/vertx-codegen-3.5.1.jar:/home/travis/build/icyphy/ptII/lib/vertx-core-3.5.2-SNAPSHOT.jar:/home/travis/build/icyphy/ptII/lib/vertx-hazelcast-3.5.1.jar:/home/travis/build/icyphy/ptII/lib/vertx-lang-js-3.5.1.jar:/home/travis/build/icyphy/ptII/lib/vertx-service-proxy-3.5.1.jar:/home/travis/build/icyphy/ptII/lib/vertx-web-3.5.1.jar:/home/travis/build/icyphy/ptII/lib/slf4j-api-1.7.13.jar:/home/travis/build/icyphy/ptII/lib/slf4j-simple-1.7.13.jar:/home/travis/build/icyphy/ptII/lib/webcam-capture-0.3.12.jar:/home/travis/build/icyphy/ptII/lib/bridj-0.7.0.jar:/home/travis/build/icyphy/ptII/lib/xbjlib-1.1.0.nrjavaserial.jar:/home/travis/build/icyphy/ptII/ptolemy/moml/test:/home/travis/build/icyphy/ptII/lib/JUnitParams-0.3.0.jar:/home/travis/build/icyphy/ptII/ant/lib/ant-launcher.jar:/home/travis/build/icyphy/ptII/ant/lib/ant.jar:/home/travis/build/icyphy/ptII/ant/lib/ant-junit.jar:/home/travis/build/icyphy/ptII/ant/lib/ant-junit4.jar
    [junit] prism.verbose=true
    [junit] ptolemy.ptII.nonInteractive=true
    [junit] java.vm.specification.version=11
    [junit] sun.arch.data.model=64
    [junit] sun.java.command=org.apache.tools.ant.taskdefs.optional.junit.JUnitTestRunner ptolemy.util.test.travis.junit.JUnitTclTest skipNonTests=false filtertrace=true haltOnError=false haltOnFailure=false formatter=org.apache.tools.ant.taskdefs.optional.junit.OutErrSummaryJUnitResultFormatter showoutput=true outputtoformatters=true logfailedtests=true threadid=0 logtestlistenerevents=false formatter=org.apache.tools.ant.taskdefs.optional.junit.PlainJUnitResultFormatter crashfile=/home/travis/build/icyphy/ptII/junitvmwatcher18171079292520526973.properties propsfile=/home/travis/build/icyphy/ptII/junit12198669968257020764.properties
    [junit] java.home=/usr/local/lib/jvm/openjdk11
    [junit] user.language=en
    [junit] java.specification.vendor=Oracle Corporation
    [junit] ptolemy.ptII.batchMode=true
    [junit] awt.toolkit=sun.awt.X11.XToolkit
    [junit] java.vm.info=mixed mode
    [junit] java.version=11.0.2
    [junit] java.vendor=Oracle Corporation
    [junit] file.separator=/
    [junit] java.version.date=2019-01-15
    [junit] java.vendor.url.bug=http://bugreport.java.com/bugreport/
    [junit] sun.io.unicode.encoding=UnicodeLittle
    [junit] sun.cpu.endian=little
    [junit] java.vendor.version=18.9
    [junit] sun.cpu.isalist=
    [junit] 
    [junit] 
    [junit] ==== $PTII/ptolemy/util/test/travis/TravisTimeout.tcl: TravisTimeout-1.1 Fail a test signifying a timeout problem with Travis
    [junit] ==== Contents of test case:
    [junit] 
    [junit]     set travisTest {Unknown}
    [junit]     puts "Below are the system properties. To determine which Travis test is failing, look for a property that starts with PT_TRAVIS_TEST"
    [junit] 
    [junit]     set props [java::call System getProperties]
    [junit]     set names [$props propertyNames]
    [junit]     while { [$names hasMoreElements] } {
    [junit] 	set name [$names nextElement]
    [junit]         if {[string first {PT_TRAVIS_TEST} $name] != -1} {
    [junit]             set travisTest $name
    [junit]         }
    [junit] 	puts "$name=[$props getProperty $name]"
    [junit]     }
    [junit] 
    [junit]     error "$travisTest timed out!\n    This test always fails.  It is called by $PTII/bin/ptIITravisBuild.sh to signify that Travis is having timeout problems.  Typically this is caused by OpenCV being rebuilt.  The problem should go away with the next build after OpenCV is updated in the cache.  See https://wiki.eecs.berkeley.edu/ptexternal/Main/Travis#Caching_2"
    [junit] 
    [junit] ==== Test generated error:
    [junit] Unknown timed out!
    [junit]     This test always fails.  It is called by /home/travis/build/icyphy/ptII/ptolemy/util/test/travis/../../../../bin/ptIITravisBuild.sh to signify that Travis is having timeout problems.  Typically this is caused by OpenCV being rebuilt.  The problem should go away with the next build after OpenCV is updated in the cache.  See https://wiki.eecs.berkeley.edu/ptexternal/Main/Travis#Caching_2
    [junit]     while executing
    [junit] "error "$travisTest timed out!\n    This test always fails.  It is called by $PTII/bin/ptIITravisBuild.sh to signify that Travis is having timeout prob..."
    [junit]     ("uplevel" body line 15)
    [junit]     invoked from within
    [junit] "uplevel $contents_of_test"
    [junit] 07/20/19 04:20:13
    [junit] Failed: 1  Total Tests: 1  ((Passed: 0, Newly Passed: 0)  Known Failed: 0) /home/travis/build/icyphy/ptII/ptolemy/util/test/travis
    [junit] No auto/knownFailedTests/*.xml tests in /home/travis/build/icyphy/ptII/ptolemy/util/test/travis
    [junit] No auto/linux-amd64/*.xml tests in /home/travis/build/icyphy/ptII/ptolemy/util/test/travis
    [junit] AutoTests.java: About to close Vertx.
    [junit] AutoTests.java: Vertx closed.
    [junit] No auto/*.xml tests in /home/travis/build/icyphy/ptII/ptolemy/util/test/travis
    [junit] AutoTests.java: About to close Vertx.
    [junit] AutoTests.java: Vertx closed.
    [junit] ------------- ---------------- ---------------
    [junit] 
    [junit] Testcase: [0] /home/travis/build/icyphy/ptII/ptolemy/util/test/travis/TravisTimeout.tcl (RunTclFile) took 0.197 sec
    [junit] 	FAILED
    [junit] Number of failed tests is has increased. expected:<0> but was:<1>
    [junit] junit.framework.AssertionFailedError: Number of failed tests is has increased. expected:<0> but was:<1>
    [junit] 	at ptolemy.util.test.junit.TclTests.RunTclFile(TclTests.java:286)
    [junit] 	at java.base/jdk.internal.reflect.NativeMethodAccessorImpl.invoke0(Native Method)
    [junit] 	at java.base/jdk.internal.reflect.NativeMethodAccessorImpl.invoke(NativeMethodAccessorImpl.java:62)
    [junit] 	at java.base/jdk.internal.reflect.DelegatingMethodAccessorImpl.invoke(DelegatingMethodAccessorImpl.java:43)
    [junit] 	at junitparams.internal.InvokeParameterisedMethod.evaluate(InvokeParameterisedMethod.java:102)
    [junit] 	at junitparams.internal.ParameterisedTestMethodRunner.runMethodInvoker(ParameterisedTestMethodRunner.java:47)
    [junit] 	at junitparams.internal.ParameterisedTestMethodRunner.runTestMethod(ParameterisedTestMethodRunner.java:41)
    [junit] 	at junitparams.internal.ParameterisedTestClassRunner.runParameterisedTest(ParameterisedTestClassRunner.java:143)
    [junit] 	at junitparams.JUnitParamsRunner.runChild(JUnitParamsRunner.java:237)
    [junit] 	at junitparams.JUnitParamsRunner.runChild(JUnitParamsRunner.java:215)
    [junit] 
    [junit] Testcase: [0] ThereAreNoKnowFailedTests (RunModel) took 0.025 sec
    [junit] Testcase: [0] ThereAreNoAutoArchTests (RunModel) took 0.024 sec
    [junit] Testcase: [0] ThereAreNoAutoTests (RunModel) took 0.009 sec
    [junit] Test ptolemy.util.test.travis.junit.JUnitTclTest FAILED

BUILD SUCCESSFUL
Total time: 3 seconds
