<?xml version="1.0" encoding="UTF-8" ?>
<testsuite errors="0" failures="0" hostname="travis-job-957f30b8-7150-4161-95b9-c85d32e8a33c" name="ptolemy.domains.modal.test.junit.JUnitTclTest" skipped="0" tests="148" time="11.385" timestamp="2019-07-22T01:15:34">
  <properties>
[...]
</properties>
  <testcase classname="ptolemy.util.test.junit.TclTests" name="[0] /home/travis/build/icyphy/ptII/ptolemy/domains/modal/test/SystemLevelType.tcl (RunTclFile)" time="2.207" />
  <testcase classname="ptolemy.util.test.junit.AutoKnownFailedTests" name="[0] /home/travis/build/icyphy/ptII/ptolemy/domains/modal/test/auto/knownFailedTests/CannotAnalysisWithPreemption.xml (RunModel)" time="0.329" />
  <testcase classname="ptolemy.util.test.junit.AutoNameArchTests" name="[0] ThereAreNoAutoArchTests (RunModel)" time="0.006" />
  <testcase classname="ptolemy.util.test.junit.AutoTests" name="[0] /home/travis/build/icyphy/ptII/ptolemy/domains/modal/test/auto/ABPTest.xml (RunModel)" time="0.912" />
  <testcase classname="ptolemy.util.test.junit.AutoTests" name="[1] /home/travis/build/icyphy/ptII/ptolemy/domains/modal/test/auto/ABROFlat.xml (RunModel)" time="0.098" />
  <testcase classname="ptolemy.util.test.junit.AutoTests" name="[2] /home/travis/build/icyphy/ptII/ptolemy/domains/modal/test/auto/ABROFlat2.xml (RunModel)" time="0.073" />
  <testcase classname="ptolemy.util.test.junit.AutoTests" name="[3] /home/travis/build/icyphy/ptII/ptolemy/domains/modal/test/auto/ABRO_present_hmm.xml (RunModel)" time="0.138" />
  <testcase classname="ptolemy.util.test.junit.AutoTests" name="[4] /home/travis/build/icyphy/ptII/ptolemy/domains/modal/test/auto/AMICoderExample.xml (RunModel)" time="0.074" />
  <testcase classname="ptolemy.util.test.junit.AutoTests" name="[5] /home/travis/build/icyphy/ptII/ptolemy/domains/modal/test/auto/AbsentToPresent.xml (RunModel)" time="0.03" />
  <testcase classname="ptolemy.util.test.junit.AutoTests" name="[6] /home/travis/build/icyphy/ptII/ptolemy/domains/modal/test/auto/Blending.xml (RunModel)" time="0.313" />
  <testcase classname="ptolemy.util.test.junit.AutoTests" name="[7] /home/travis/build/icyphy/ptII/ptolemy/domains/modal/test/auto/Broadcast.xml (RunModel)" time="0.045" />
  <testcase classname="ptolemy.util.test.junit.AutoTests" name="[8] /home/travis/build/icyphy/ptII/ptolemy/domains/modal/test/auto/BroadcastHierarchy.xml (RunModel)" time="0.084" />
  <testcase classname="ptolemy.util.test.junit.AutoTests" name="[9] /home/travis/build/icyphy/ptII/ptolemy/domains/modal/test/auto/BroadcastHierarchy2.xml (RunModel)" time="0.126" />
  <testcase classname="ptolemy.util.test.junit.AutoTests" name="[10] /home/travis/build/icyphy/ptII/ptolemy/domains/modal/test/auto/BroadcastHierarchy3.xml (RunModel)" time="0.099" />
  <testcase classname="ptolemy.util.test.junit.AutoTests" name="[11] /home/travis/build/icyphy/ptII/ptolemy/domains/modal/test/auto/BroadcastHierarchy4.xml (RunModel)" time="0.096" />
  <testcase classname="ptolemy.util.test.junit.AutoTests" name="[12] /home/travis/build/icyphy/ptII/ptolemy/domains/modal/test/auto/CannotAnalysisWithPreemption2.xml (RunModel)" time="0.037" />
  <testcase classname="ptolemy.util.test.junit.AutoTests" name="[13] /home/travis/build/icyphy/ptII/ptolemy/domains/modal/test/auto/CannotAnalysisWithPreemption3.xml (RunModel)" time="0.047" />
  <testcase classname="ptolemy.util.test.junit.AutoTests" name="[14] /home/travis/build/icyphy/ptII/ptolemy/domains/modal/test/auto/CannotProduce.xml (RunModel)" time="0.044" />
  <testcase classname="ptolemy.util.test.junit.AutoTests" name="[15] /home/travis/build/icyphy/ptII/ptolemy/domains/modal/test/auto/CannotProduceModal.xml (RunModel)" time="0.033" />
  <testcase classname="ptolemy.util.test.junit.AutoTests" name="[16] /home/travis/build/icyphy/ptII/ptolemy/domains/modal/test/auto/Case.xml (RunModel)" time="0.054" />
  <testcase classname="ptolemy.util.test.junit.AutoTests" name="[17] /home/travis/build/icyphy/ptII/ptolemy/domains/modal/test/auto/Case1.xml (RunModel)" time="0.024" />
  <testcase classname="ptolemy.util.test.junit.AutoTests" name="[18] /home/travis/build/icyphy/ptII/ptolemy/domains/modal/test/auto/Case2.xml (RunModel)" time="0.04" />
  <testcase classname="ptolemy.util.test.junit.AutoTests" name="[19] /home/travis/build/icyphy/ptII/ptolemy/domains/modal/test/auto/CausalityInterface1.xml (RunModel)" time="0.024" />
  <testcase classname="ptolemy.util.test.junit.AutoTests" name="[20] /home/travis/build/icyphy/ptII/ptolemy/domains/modal/test/auto/CausalityInterface10.xml (RunModel)" time="0.041" />
  <testcase classname="ptolemy.util.test.junit.AutoTests" name="[21] /home/travis/build/icyphy/ptII/ptolemy/domains/modal/test/auto/CausalityInterface11.xml (RunModel)" time="0.041" />
  <testcase classname="ptolemy.util.test.junit.AutoTests" name="[22] /home/travis/build/icyphy/ptII/ptolemy/domains/modal/test/auto/CausalityInterface12.xml (RunModel)" time="0.054" />
  <testcase classname="ptolemy.util.test.junit.AutoTests" name="[23] /home/travis/build/icyphy/ptII/ptolemy/domains/modal/test/auto/CausalityInterface13.xml (RunModel)" time="0.063" />
  <testcase classname="ptolemy.util.test.junit.AutoTests" name="[24] /home/travis/build/icyphy/ptII/ptolemy/domains/modal/test/auto/CausalityInterface14.xml (RunModel)" time="0.053" />
  <testcase classname="ptolemy.util.test.junit.AutoTests" name="[25] /home/travis/build/icyphy/ptII/ptolemy/domains/modal/test/auto/CausalityInterface2.xml (RunModel)" time="0.049" />
  <testcase classname="ptolemy.util.test.junit.AutoTests" name="[26] /home/travis/build/icyphy/ptII/ptolemy/domains/modal/test/auto/CausalityInterface3.xml (RunModel)" time="0.023" />
  <testcase classname="ptolemy.util.test.junit.AutoTests" name="[27] /home/travis/build/icyphy/ptII/ptolemy/domains/modal/test/auto/CausalityInterface4.xml (RunModel)" time="0.024" />
  <testcase classname="ptolemy.util.test.junit.AutoTests" name="[28] /home/travis/build/icyphy/ptII/ptolemy/domains/modal/test/auto/CausalityInterface5.xml (RunModel)" time="0.039" />
  <testcase classname="ptolemy.util.test.junit.AutoTests" name="[29] /home/travis/build/icyphy/ptII/ptolemy/domains/modal/test/auto/CausalityInterface6.xml (RunModel)" time="0.036" />
  <testcase classname="ptolemy.util.test.junit.AutoTests" name="[30] /home/travis/build/icyphy/ptII/ptolemy/domains/modal/test/auto/CausalityInterface7.xml (RunModel)" time="0.035" />
  <testcase classname="ptolemy.util.test.junit.AutoTests" name="[31] /home/travis/build/icyphy/ptII/ptolemy/domains/modal/test/auto/CausalityInterface8.xml (RunModel)" time="0.031" />
  <testcase classname="ptolemy.util.test.junit.AutoTests" name="[32] /home/travis/build/icyphy/ptII/ptolemy/domains/modal/test/auto/CausalityInterface9.xml (RunModel)" time="0.04" />
  <testcase classname="ptolemy.util.test.junit.AutoTests" name="[33] /home/travis/build/icyphy/ptII/ptolemy/domains/modal/test/auto/ChainedTransitions.xml (RunModel)" time="0.154" />
  <testcase classname="ptolemy.util.test.junit.AutoTests" name="[34] /home/travis/build/icyphy/ptII/ptolemy/domains/modal/test/auto/CycleOfImmediateTransitionsFSM.xml (RunModel)" time="0.02" />
  <testcase classname="ptolemy.util.test.junit.AutoTests" name="[35] /home/travis/build/icyphy/ptII/ptolemy/domains/modal/test/auto/CycleOfImmediateTransitionsModal.xml (RunModel)" time="0.019" />
  <testcase classname="ptolemy.util.test.junit.AutoTests" name="[36] /home/travis/build/icyphy/ptII/ptolemy/domains/modal/test/auto/CycleOfImmediateTransitionsModal2.xml (RunModel)" time="0.019" />
  <testcase classname="ptolemy.util.test.junit.AutoTests" name="[37] /home/travis/build/icyphy/ptII/ptolemy/domains/modal/test/auto/CycleOfImmediateTransitionsModal3.xml (RunModel)" time="0.08" />
  <testcase classname="ptolemy.util.test.junit.AutoTests" name="[38] /home/travis/build/icyphy/ptII/ptolemy/domains/modal/test/auto/DeepModal1.xml (RunModel)" time="0.043" />
  <testcase classname="ptolemy.util.test.junit.AutoTests" name="[39] /home/travis/build/icyphy/ptII/ptolemy/domains/modal/test/auto/DeepModal2.xml (RunModel)" time="0.062" />
  <testcase classname="ptolemy.util.test.junit.AutoTests" name="[40] /home/travis/build/icyphy/ptII/ptolemy/domains/modal/test/auto/DeepModal3.xml (RunModel)" time="0.074" />
  <testcase classname="ptolemy.util.test.junit.AutoTests" name="[41] /home/travis/build/icyphy/ptII/ptolemy/domains/modal/test/auto/DeepModal4.xml (RunModel)" time="0.076" />
  <testcase classname="ptolemy.util.test.junit.AutoTests" name="[42] /home/travis/build/icyphy/ptII/ptolemy/domains/modal/test/auto/Default1.xml (RunModel)" time="0.016" />
  <testcase classname="ptolemy.util.test.junit.AutoTests" name="[43] /home/travis/build/icyphy/ptII/ptolemy/domains/modal/test/auto/Default2.xml (RunModel)" time="0.024" />
  <testcase classname="ptolemy.util.test.junit.AutoTests" name="[44] /home/travis/build/icyphy/ptII/ptolemy/domains/modal/test/auto/Default3.xml (RunModel)" time="0.024" />
  <testcase classname="ptolemy.util.test.junit.AutoTests" name="[45] /home/travis/build/icyphy/ptII/ptolemy/domains/modal/test/auto/Default4.xml (RunModel)" time="0.034" />
  <testcase classname="ptolemy.util.test.junit.AutoTests" name="[46] /home/travis/build/icyphy/ptII/ptolemy/domains/modal/test/auto/Default5.xml (RunModel)" time="0.028" />
  <testcase classname="ptolemy.util.test.junit.AutoTests" name="[47] /home/travis/build/icyphy/ptII/ptolemy/domains/modal/test/auto/EmptyGuard.xml (RunModel)" time="0.05" />
  <testcase classname="ptolemy.util.test.junit.AutoTests" name="[48] /home/travis/build/icyphy/ptII/ptolemy/domains/modal/test/auto/ErrorTransition1.xml (RunModel)" time="0.037" />
  <testcase classname="ptolemy.util.test.junit.AutoTests" name="[49] /home/travis/build/icyphy/ptII/ptolemy/domains/modal/test/auto/ErrorTransition10.xml (RunModel)" time="0.05" />
  <testcase classname="ptolemy.util.test.junit.AutoTests" name="[50] /home/travis/build/icyphy/ptII/ptolemy/domains/modal/test/auto/ErrorTransition11.xml (RunModel)" time="0.036" />
  <testcase classname="ptolemy.util.test.junit.AutoTests" name="[51] /home/travis/build/icyphy/ptII/ptolemy/domains/modal/test/auto/ErrorTransition2.xml (RunModel)" time="0.032" />
  <testcase classname="ptolemy.util.test.junit.AutoTests" name="[52] /home/travis/build/icyphy/ptII/ptolemy/domains/modal/test/auto/ErrorTransition3.xml (RunModel)" time="0.039" />
  <testcase classname="ptolemy.util.test.junit.AutoTests" name="[53] /home/travis/build/icyphy/ptII/ptolemy/domains/modal/test/auto/ErrorTransition4.xml (RunModel)" time="0.053" />
  <testcase classname="ptolemy.util.test.junit.AutoTests" name="[54] /home/travis/build/icyphy/ptII/ptolemy/domains/modal/test/auto/ErrorTransition5.xml (RunModel)" time="0.036" />
  <testcase classname="ptolemy.util.test.junit.AutoTests" name="[55] /home/travis/build/icyphy/ptII/ptolemy/domains/modal/test/auto/ErrorTransition6.xml (RunModel)" time="0.051" />
  <testcase classname="ptolemy.util.test.junit.AutoTests" name="[56] /home/travis/build/icyphy/ptII/ptolemy/domains/modal/test/auto/ErrorTransition7.xml (RunModel)" time="0.042" />
  <testcase classname="ptolemy.util.test.junit.AutoTests" name="[57] /home/travis/build/icyphy/ptII/ptolemy/domains/modal/test/auto/ErrorTransition8.xml (RunModel)" time="0.041" />
  <testcase classname="ptolemy.util.test.junit.AutoTests" name="[58] /home/travis/build/icyphy/ptII/ptolemy/domains/modal/test/auto/ErrorTransition9.xml (RunModel)" time="0.048" />
  <testcase classname="ptolemy.util.test.junit.AutoTests" name="[59] /home/travis/build/icyphy/ptII/ptolemy/domains/modal/test/auto/ExtendedFSM.xml (RunModel)" time="0.02" />
  <testcase classname="ptolemy.util.test.junit.AutoTests" name="[60] /home/travis/build/icyphy/ptII/ptolemy/domains/modal/test/auto/FinalStates.xml (RunModel)" time="0.023" />
  <testcase classname="ptolemy.util.test.junit.AutoTests" name="[61] /home/travis/build/icyphy/ptII/ptolemy/domains/modal/test/auto/FixedPointFSM.xml (RunModel)" time="0.041" />
  <testcase classname="ptolemy.util.test.junit.AutoTests" name="[62] /home/travis/build/icyphy/ptII/ptolemy/domains/modal/test/auto/FixedPointIterationFSMActor.xml (RunModel)" time="0.026" />
  <testcase classname="ptolemy.util.test.junit.AutoTests" name="[63] /home/travis/build/icyphy/ptII/ptolemy/domains/modal/test/auto/FixedPointIterationFSMActor2.xml (RunModel)" time="0.03" />
  <testcase classname="ptolemy.util.test.junit.AutoTests" name="[64] /home/travis/build/icyphy/ptII/ptolemy/domains/modal/test/auto/ForbiddenInstantanousLoop.xml (RunModel)" time="0.037" />
  <testcase classname="ptolemy.util.test.junit.AutoTests" name="[65] /home/travis/build/icyphy/ptII/ptolemy/domains/modal/test/auto/FunctionDependencyOfFSMActorTest.xml (RunModel)" time="0.029" />
  <testcase classname="ptolemy.util.test.junit.AutoTests" name="[66] /home/travis/build/icyphy/ptII/ptolemy/domains/modal/test/auto/GuardExpression.xml (RunModel)" time="0.016" />
  <testcase classname="ptolemy.util.test.junit.AutoTests" name="[67] /home/travis/build/icyphy/ptII/ptolemy/domains/modal/test/auto/GuardNotEvaluated.xml (RunModel)" time="0.03" />
  <testcase classname="ptolemy.util.test.junit.AutoTests" name="[68] /home/travis/build/icyphy/ptII/ptolemy/domains/modal/test/auto/GuardNotEvaluated2.xml (RunModel)" time="0.03" />
  <testcase classname="ptolemy.util.test.junit.AutoTests" name="[69] /home/travis/build/icyphy/ptII/ptolemy/domains/modal/test/auto/GuardOnAbsent.xml (RunModel)" time="0.026" />
  <testcase classname="ptolemy.util.test.junit.AutoTests" name="[70] /home/travis/build/icyphy/ptII/ptolemy/domains/modal/test/auto/HierarchicalFSMTypeInference.xml (RunModel)" time="0.031" />
  <testcase classname="ptolemy.util.test.junit.AutoTests" name="[71] /home/travis/build/icyphy/ptII/ptolemy/domains/modal/test/auto/Hysteresis.xml (RunModel)" time="0.052" />
  <testcase classname="ptolemy.util.test.junit.AutoTests" name="[72] /home/travis/build/icyphy/ptII/ptolemy/domains/modal/test/auto/HysteresisWithDefault.xml (RunModel)" time="0.065" />
  <testcase classname="ptolemy.util.test.junit.AutoTests" name="[73] /home/travis/build/icyphy/ptII/ptolemy/domains/modal/test/auto/HysteresisWithDefault2.xml (RunModel)" time="0.072" />
  <testcase classname="ptolemy.util.test.junit.AutoTests" name="[74] /home/travis/build/icyphy/ptII/ptolemy/domains/modal/test/auto/ImmediateNonConstructiveness.xml (RunModel)" time="0.023" />
  <testcase classname="ptolemy.util.test.junit.AutoTests" name="[75] /home/travis/build/icyphy/ptII/ptolemy/domains/modal/test/auto/ImmediateNonConstructiveness2.xml (RunModel)" time="0.022" />
  <testcase classname="ptolemy.util.test.junit.AutoTests" name="[76] /home/travis/build/icyphy/ptII/ptolemy/domains/modal/test/auto/ImmediateTransitionReset.xml (RunModel)" time="0.041" />
  <testcase classname="ptolemy.util.test.junit.AutoTests" name="[77] /home/travis/build/icyphy/ptII/ptolemy/domains/modal/test/auto/ImmediateTransitions1.xml (RunModel)" time="0.013" />
  <testcase classname="ptolemy.util.test.junit.AutoTests" name="[78] /home/travis/build/icyphy/ptII/ptolemy/domains/modal/test/auto/ImmediateTransitionsInstantaneousCommunication.xml (RunModel)" time="0.032" />
  <testcase classname="ptolemy.util.test.junit.AutoTests" name="[79] /home/travis/build/icyphy/ptII/ptolemy/domains/modal/test/auto/InitialImmediateTransition.xml (RunModel)" time="0.018" />
  <testcase classname="ptolemy.util.test.junit.AutoTests" name="[80] /home/travis/build/icyphy/ptII/ptolemy/domains/modal/test/auto/InitialOutputs.xml (RunModel)" time="0.016" />
  <testcase classname="ptolemy.util.test.junit.AutoTests" name="[81] /home/travis/build/icyphy/ptII/ptolemy/domains/modal/test/auto/InitialStateTransition1.xml (RunModel)" time="0.02" />
  <testcase classname="ptolemy.util.test.junit.AutoTests" name="[82] /home/travis/build/icyphy/ptII/ptolemy/domains/modal/test/auto/InitialStateTransition2.xml (RunModel)" time="0.026" />
  <testcase classname="ptolemy.util.test.junit.AutoTests" name="[83] /home/travis/build/icyphy/ptII/ptolemy/domains/modal/test/auto/InitialStateTransition3.xml (RunModel)" time="0.045" />
  <testcase classname="ptolemy.util.test.junit.AutoTests" name="[84] /home/travis/build/icyphy/ptII/ptolemy/domains/modal/test/auto/InitialStateTransition4.xml (RunModel)" time="0.038" />
  <testcase classname="ptolemy.util.test.junit.AutoTests" name="[85] /home/travis/build/icyphy/ptII/ptolemy/domains/modal/test/auto/MalformedGuardExpressionNotCaught.xml (RunModel)" time="0.027" />
  <testcase classname="ptolemy.util.test.junit.AutoTests" name="[86] /home/travis/build/icyphy/ptII/ptolemy/domains/modal/test/auto/ModalBSC.xml (RunModel)" time="0.096" />
  <testcase classname="ptolemy.util.test.junit.AutoTests" name="[87] /home/travis/build/icyphy/ptII/ptolemy/domains/modal/test/auto/ModalClocks.xml (RunModel)" time="0.08" />
  <testcase classname="ptolemy.util.test.junit.AutoTests" name="[88] /home/travis/build/icyphy/ptII/ptolemy/domains/modal/test/auto/ModalDelay.xml (RunModel)" time="0.052" />
  <testcase classname="ptolemy.util.test.junit.AutoTests" name="[89] /home/travis/build/icyphy/ptII/ptolemy/domains/modal/test/auto/ModalDelay2.xml (RunModel)" time="0.046" />
  <testcase classname="ptolemy.util.test.junit.AutoTests" name="[90] /home/travis/build/icyphy/ptII/ptolemy/domains/modal/test/auto/ModalModelFromMemo.xml (RunModel)" time="0.053" />
  <testcase classname="ptolemy.util.test.junit.AutoTests" name="[91] /home/travis/build/icyphy/ptII/ptolemy/domains/modal/test/auto/ModalModelWithMultirateTransient.xml (RunModel)" time="0.075" />
  <testcase classname="ptolemy.util.test.junit.AutoTests" name="[92] /home/travis/build/icyphy/ptII/ptolemy/domains/modal/test/auto/ModalModelWithReset.xml (RunModel)" time="0.067" />
  <testcase classname="ptolemy.util.test.junit.AutoTests" name="[93] /home/travis/build/icyphy/ptII/ptolemy/domains/modal/test/auto/MouseClickFSM.xml (RunModel)" time="0.056" />
  <testcase classname="ptolemy.util.test.junit.AutoTests" name="[94] /home/travis/build/icyphy/ptII/ptolemy/domains/modal/test/auto/MouseClickFSMModal.xml (RunModel)" time="0.04" />
  <testcase classname="ptolemy.util.test.junit.AutoTests" name="[95] /home/travis/build/icyphy/ptII/ptolemy/domains/modal/test/auto/NonStrictFSM_FeedbackLoop.xml (RunModel)" time="0.046" />
  <testcase classname="ptolemy.util.test.junit.AutoTests" name="[96] /home/travis/build/icyphy/ptII/ptolemy/domains/modal/test/auto/NonStrictFSM_FeedbackLoop_Refinement.xml (RunModel)" time="0.088" />
  <testcase classname="ptolemy.util.test.junit.AutoTests" name="[97] /home/travis/build/icyphy/ptII/ptolemy/domains/modal/test/auto/NonStrictFSM_FeedbackLoop_preemptive.xml (RunModel)" time="0.053" />
  <testcase classname="ptolemy.util.test.junit.AutoTests" name="[98] /home/travis/build/icyphy/ptII/ptolemy/domains/modal/test/auto/NormalTermination.xml (RunModel)" time="0.043" />
  <testcase classname="ptolemy.util.test.junit.AutoTests" name="[99] /home/travis/build/icyphy/ptII/ptolemy/domains/modal/test/auto/Pong.xml (RunModel)" time="0.081" />
  <testcase classname="ptolemy.util.test.junit.AutoTests" name="[100] /home/travis/build/icyphy/ptII/ptolemy/domains/modal/test/auto/Pong_test.xml (RunModel)" time="0.121" />
  <testcase classname="ptolemy.util.test.junit.AutoTests" name="[101] /home/travis/build/icyphy/ptII/ptolemy/domains/modal/test/auto/PreemptionHierarchy.xml (RunModel)" time="0.049" />
  <testcase classname="ptolemy.util.test.junit.AutoTests" name="[102] /home/travis/build/icyphy/ptII/ptolemy/domains/modal/test/auto/PreemptionHierarchy2.xml (RunModel)" time="0.031" />
  <testcase classname="ptolemy.util.test.junit.AutoTests" name="[103] /home/travis/build/icyphy/ptII/ptolemy/domains/modal/test/auto/PreemptiveTransition.xml (RunModel)" time="0.024" />
  <testcase classname="ptolemy.util.test.junit.AutoTests" name="[104] /home/travis/build/icyphy/ptII/ptolemy/domains/modal/test/auto/Priorities.xml (RunModel)" time="0.08" />
  <testcase classname="ptolemy.util.test.junit.AutoTests" name="[105] /home/travis/build/icyphy/ptII/ptolemy/domains/modal/test/auto/ResetFinal.xml (RunModel)" time="0.041" />
  <testcase classname="ptolemy.util.test.junit.AutoTests" name="[106] /home/travis/build/icyphy/ptII/ptolemy/domains/modal/test/auto/ResetFinal2.xml (RunModel)" time="0.041" />
  <testcase classname="ptolemy.util.test.junit.AutoTests" name="[107] /home/travis/build/icyphy/ptII/ptolemy/domains/modal/test/auto/ResetTransitionWithStartTime.xml (RunModel)" time="0.035" />
  <testcase classname="ptolemy.util.test.junit.AutoTests" name="[108] /home/travis/build/icyphy/ptII/ptolemy/domains/modal/test/auto/SDF-FSMComposite.xml (RunModel)" time="0.021" />
  <testcase classname="ptolemy.util.test.junit.AutoTests" name="[109] /home/travis/build/icyphy/ptII/ptolemy/domains/modal/test/auto/SeeminglyNondeterminate.xml (RunModel)" time="0.072" />
  <testcase classname="ptolemy.util.test.junit.AutoTests" name="[110] /home/travis/build/icyphy/ptII/ptolemy/domains/modal/test/auto/SeeminglyNondeterminate2.xml (RunModel)" time="0.114" />
  <testcase classname="ptolemy.util.test.junit.AutoTests" name="[111] /home/travis/build/icyphy/ptII/ptolemy/domains/modal/test/auto/SpontaneousFSM.xml (RunModel)" time="0.056" />
  <testcase classname="ptolemy.util.test.junit.AutoTests" name="[112] /home/travis/build/icyphy/ptII/ptolemy/domains/modal/test/auto/SpontaneousFSM2.xml (RunModel)" time="0.04" />
  <testcase classname="ptolemy.util.test.junit.AutoTests" name="[113] /home/travis/build/icyphy/ptII/ptolemy/domains/modal/test/auto/SpontaneousFSM3.xml (RunModel)" time="0.043" />
  <testcase classname="ptolemy.util.test.junit.AutoTests" name="[114] /home/travis/build/icyphy/ptII/ptolemy/domains/modal/test/auto/SpontaneousFSM4.xml (RunModel)" time="0.049" />
  <testcase classname="ptolemy.util.test.junit.AutoTests" name="[115] /home/travis/build/icyphy/ptII/ptolemy/domains/modal/test/auto/StateTrackerTest.xml (RunModel)" time="0.066" />
  <testcase classname="ptolemy.util.test.junit.AutoTests" name="[116] /home/travis/build/icyphy/ptII/ptolemy/domains/modal/test/auto/StrongImmediateTransition.xml (RunModel)" time="0.026" />
  <testcase classname="ptolemy.util.test.junit.AutoTests" name="[117] /home/travis/build/icyphy/ptII/ptolemy/domains/modal/test/auto/SustainHierarchy.xml (RunModel)" time="0.032" />
  <testcase classname="ptolemy.util.test.junit.AutoTests" name="[118] /home/travis/build/icyphy/ptII/ptolemy/domains/modal/test/auto/TerminationTransition1.xml (RunModel)" time="0.022" />
  <testcase classname="ptolemy.util.test.junit.AutoTests" name="[119] /home/travis/build/icyphy/ptII/ptolemy/domains/modal/test/auto/TerminationTransition2.xml (RunModel)" time="0.027" />
  <testcase classname="ptolemy.util.test.junit.AutoTests" name="[120] /home/travis/build/icyphy/ptII/ptolemy/domains/modal/test/auto/TerminationTransition3.xml (RunModel)" time="0.025" />
  <testcase classname="ptolemy.util.test.junit.AutoTests" name="[121] /home/travis/build/icyphy/ptII/ptolemy/domains/modal/test/auto/TerminationTransition4.xml (RunModel)" time="0.04" />
  <testcase classname="ptolemy.util.test.junit.AutoTests" name="[122] /home/travis/build/icyphy/ptII/ptolemy/domains/modal/test/auto/TerminationTransition5.xml (RunModel)" time="0.051" />
  <testcase classname="ptolemy.util.test.junit.AutoTests" name="[123] /home/travis/build/icyphy/ptII/ptolemy/domains/modal/test/auto/TerminationTransition6.xml (RunModel)" time="0.023" />
  <testcase classname="ptolemy.util.test.junit.AutoTests" name="[124] /home/travis/build/icyphy/ptII/ptolemy/domains/modal/test/auto/TerminationTransition7.xml (RunModel)" time="0.023" />
  <testcase classname="ptolemy.util.test.junit.AutoTests" name="[125] /home/travis/build/icyphy/ptII/ptolemy/domains/modal/test/auto/TerminationTransition8.xml (RunModel)" time="0.027" />
  <testcase classname="ptolemy.util.test.junit.AutoTests" name="[126] /home/travis/build/icyphy/ptII/ptolemy/domains/modal/test/auto/Thermostat_NoHysteresis.xml (RunModel)" time="0.066" />
  <testcase classname="ptolemy.util.test.junit.AutoTests" name="[127] /home/travis/build/icyphy/ptII/ptolemy/domains/modal/test/auto/TimedFSM.xml (RunModel)" time="0.036" />
  <testcase classname="ptolemy.util.test.junit.AutoTests" name="[128] /home/travis/build/icyphy/ptII/ptolemy/domains/modal/test/auto/Timeout1.xml (RunModel)" time="0.015" />
  <testcase classname="ptolemy.util.test.junit.AutoTests" name="[129] /home/travis/build/icyphy/ptII/ptolemy/domains/modal/test/auto/Timeout2.xml (RunModel)" time="0.023" />
  <testcase classname="ptolemy.util.test.junit.AutoTests" name="[130] /home/travis/build/icyphy/ptII/ptolemy/domains/modal/test/auto/Timeout3.xml (RunModel)" time="0.012" />
  <testcase classname="ptolemy.util.test.junit.AutoTests" name="[131] /home/travis/build/icyphy/ptII/ptolemy/domains/modal/test/auto/Timeout4.xml (RunModel)" time="0.013" />
  <testcase classname="ptolemy.util.test.junit.AutoTests" name="[132] /home/travis/build/icyphy/ptII/ptolemy/domains/modal/test/auto/TransientstateModelAdvanced.xml (RunModel)" time="0.029" />
  <testcase classname="ptolemy.util.test.junit.AutoTests" name="[133] /home/travis/build/icyphy/ptII/ptolemy/domains/modal/test/auto/TransientstateModelAdvanced2.xml (RunModel)" time="0.034" />
  <testcase classname="ptolemy.util.test.junit.AutoTests" name="[134] /home/travis/build/icyphy/ptII/ptolemy/domains/modal/test/auto/TransitionRefinements.xml (RunModel)" time="0.028" />
  <testcase classname="ptolemy.util.test.junit.AutoTests" name="[135] /home/travis/build/icyphy/ptII/ptolemy/domains/modal/test/auto/TwoRefinements1.xml (RunModel)" time="0.026" />
  <testcase classname="ptolemy.util.test.junit.AutoTests" name="[136] /home/travis/build/icyphy/ptII/ptolemy/domains/modal/test/auto/TwoRefinements2.xml (RunModel)" time="0.025" />
  <testcase classname="ptolemy.util.test.junit.AutoTests" name="[137] /home/travis/build/icyphy/ptII/ptolemy/domains/modal/test/auto/WeakImmediateTransition.xml (RunModel)" time="0.026" />
  <testcase classname="ptolemy.util.test.junit.AutoTests" name="[138] /home/travis/build/icyphy/ptII/ptolemy/domains/modal/test/auto/booleanSelect.xml (RunModel)" time="0.08" />
  <testcase classname="ptolemy.util.test.junit.AutoTests" name="[139] /home/travis/build/icyphy/ptII/ptolemy/domains/modal/test/auto/modalChangingParams.xml (RunModel)" time="0.342" />
  <testcase classname="ptolemy.util.test.junit.AutoTests" name="[140] /home/travis/build/icyphy/ptII/ptolemy/domains/modal/test/auto/modalModel.xml (RunModel)" time="0.033" />
  <testcase classname="ptolemy.util.test.junit.AutoTests" name="[141] /home/travis/build/icyphy/ptII/ptolemy/domains/modal/test/auto/modalModel2.xml (RunModel)" time="0.031" />
  <testcase classname="ptolemy.util.test.junit.AutoTests" name="[142] /home/travis/build/icyphy/ptII/ptolemy/domains/modal/test/auto/modalModel3.xml (RunModel)" time="0.042" />
  <testcase classname="ptolemy.util.test.junit.AutoTests" name="[143] /home/travis/build/icyphy/ptII/ptolemy/domains/modal/test/auto/model1.xml (RunModel)" time="0.021" />
  <testcase classname="ptolemy.util.test.junit.AutoTests" name="[144] /home/travis/build/icyphy/ptII/ptolemy/domains/modal/test/auto/test-direct-in-out.xml (RunModel)" time="0.024" />
  <system-out><![CDATA[/home/travis/build/icyphy/ptII/ptolemy/domains/modal/test/SystemLevelType.tcl
testDefs.tcl: setting time out to 9000 seconds at Mon Jul 22 01:15:34 UTC 2019
07/22/19 01:15:36
Failed: 0  Total Tests: 1  ((Passed: 1, Newly Passed: 0)  Known Failed: 0) /home/travis/build/icyphy/ptII/ptolemy/domains/modal/test
----------------- testing (KnownFailure) /home/travis/build/icyphy/ptII/ptolemy/domains/modal/test/auto/knownFailedTests/CannotAnalysisWithPreemption.xml
131 ms. Memory: 152576K Free: 76151K (50%)
Known Failure: java.lang.reflect.InvocationTargetException
No auto/linux-amd64/*.xml tests in /home/travis/build/icyphy/ptII/ptolemy/domains/modal/test
AutoTests.java: About to close Vertx.
AutoTests.java: Vertx closed.

===========================================================================================
----------------- testing Mon Jul 22 01:15:37 UTC 2019 /home/travis/build/icyphy/ptII/ptolemy/domains/modal/test/auto/ABPTest.xml
----------------- Instantiating /home/travis/build/icyphy/ptII/ptolemy/domains/modal/test/auto/ABPTest.xml
467 ms. Memory: 152576K Free: 106667K (70%)
----------------- Invoking toplevel() on ptolemy.moml.MoMLSimpleApplication@18decacf
----------------- Done invoking toplevel() on ptolemy.moml.MoMLSimpleApplication@18decacf
reloadAllAccessors: .ABPTest

===========================================================================================
----------------- testing Mon Jul 22 01:15:38 UTC 2019 /home/travis/build/icyphy/ptII/ptolemy/domains/modal/test/auto/ABROFlat.xml
----------------- Instantiating /home/travis/build/icyphy/ptII/ptolemy/domains/modal/test/auto/ABROFlat.xml
31 ms. Memory: 152576K Free: 91101K (60%)
----------------- Invoking toplevel() on ptolemy.moml.MoMLSimpleApplication@328edd43
----------------- Done invoking toplevel() on ptolemy.moml.MoMLSimpleApplication@328edd43
reloadAllAccessors: .ABROFlat

===========================================================================================
----------------- testing Mon Jul 22 01:15:38 UTC 2019 /home/travis/build/icyphy/ptII/ptolemy/domains/modal/test/auto/ABROFlat2.xml
----------------- Instantiating /home/travis/build/icyphy/ptII/ptolemy/domains/modal/test/auto/ABROFlat2.xml
29 ms. Memory: 152576K Free: 74197K (49%)
----------------- Invoking toplevel() on ptolemy.moml.MoMLSimpleApplication@49e9b1c
----------------- Done invoking toplevel() on ptolemy.moml.MoMLSimpleApplication@49e9b1c
reloadAllAccessors: .ABROFlat2

===========================================================================================
----------------- testing Mon Jul 22 01:15:38 UTC 2019 /home/travis/build/icyphy/ptII/ptolemy/domains/modal/test/auto/ABRO_present_hmm.xml
----------------- Instantiating /home/travis/build/icyphy/ptII/ptolemy/domains/modal/test/auto/ABRO_present_hmm.xml
32 ms. Memory: 152576K Free: 129149K (85%)
----------------- Invoking toplevel() on ptolemy.moml.MoMLSimpleApplication@7f8b4588
----------------- Done invoking toplevel() on ptolemy.moml.MoMLSimpleApplication@7f8b4588
reloadAllAccessors: .ABRO_present_hmm

===========================================================================================
----------------- testing Mon Jul 22 01:15:38 UTC 2019 /home/travis/build/icyphy/ptII/ptolemy/domains/modal/test/auto/AMICoderExample.xml
----------------- Instantiating /home/travis/build/icyphy/ptII/ptolemy/domains/modal/test/auto/AMICoderExample.xml
38 ms. Memory: 152576K Free: 119487K (78%)
----------------- Invoking toplevel() on ptolemy.moml.MoMLSimpleApplication@3aa26a07
----------------- Done invoking toplevel() on ptolemy.moml.MoMLSimpleApplication@3aa26a07
reloadAllAccessors: .AMICoderExample

===========================================================================================
----------------- testing Mon Jul 22 01:15:38 UTC 2019 /home/travis/build/icyphy/ptII/ptolemy/domains/modal/test/auto/AbsentToPresent.xml
----------------- Instantiating /home/travis/build/icyphy/ptII/ptolemy/domains/modal/test/auto/AbsentToPresent.xml
12 ms. Memory: 152576K Free: 114805K (75%)
----------------- Invoking toplevel() on ptolemy.moml.MoMLSimpleApplication@214439b1
----------------- Done invoking toplevel() on ptolemy.moml.MoMLSimpleApplication@214439b1
reloadAllAccessors: .AbsentToPresent

===========================================================================================
----------------- testing Mon Jul 22 01:15:38 UTC 2019 /home/travis/build/icyphy/ptII/ptolemy/domains/modal/test/auto/Blending.xml
----------------- Instantiating /home/travis/build/icyphy/ptII/ptolemy/domains/modal/test/auto/Blending.xml
179 ms. Memory: 152576K Free: 69765K (46%)
----------------- Invoking toplevel() on ptolemy.moml.MoMLSimpleApplication@237b038d
----------------- Done invoking toplevel() on ptolemy.moml.MoMLSimpleApplication@237b038d
reloadAllAccessors: .Blending

===========================================================================================
----------------- testing Mon Jul 22 01:15:38 UTC 2019 /home/travis/build/icyphy/ptII/ptolemy/domains/modal/test/auto/Broadcast.xml
----------------- Instantiating /home/travis/build/icyphy/ptII/ptolemy/domains/modal/test/auto/Broadcast.xml
7 ms. Memory: 152576K Free: 60103K (39%)
----------------- Invoking toplevel() on ptolemy.moml.MoMLSimpleApplication@56705119
----------------- Done invoking toplevel() on ptolemy.moml.MoMLSimpleApplication@56705119
reloadAllAccessors: .Broadcast

===========================================================================================
----------------- testing Mon Jul 22 01:15:38 UTC 2019 /home/travis/build/icyphy/ptII/ptolemy/domains/modal/test/auto/BroadcastHierarchy.xml
----------------- Instantiating /home/travis/build/icyphy/ptII/ptolemy/domains/modal/test/auto/BroadcastHierarchy.xml
18 ms. Memory: 191488K Free: 170574K (89%)
----------------- Invoking toplevel() on ptolemy.moml.MoMLSimpleApplication@3f772d38
----------------- Done invoking toplevel() on ptolemy.moml.MoMLSimpleApplication@3f772d38
reloadAllAccessors: .BroadcastHierarchy

===========================================================================================
----------------- testing Mon Jul 22 01:15:38 UTC 2019 /home/travis/build/icyphy/ptII/ptolemy/domains/modal/test/auto/BroadcastHierarchy2.xml
----------------- Instantiating /home/travis/build/icyphy/ptII/ptolemy/domains/modal/test/auto/BroadcastHierarchy2.xml
32 ms. Memory: 191488K Free: 143438K (75%)
----------------- Invoking toplevel() on ptolemy.moml.MoMLSimpleApplication@434ffcad
----------------- Done invoking toplevel() on ptolemy.moml.MoMLSimpleApplication@434ffcad
reloadAllAccessors: .BroadcastHierarchy2

===========================================================================================
----------------- testing Mon Jul 22 01:15:39 UTC 2019 /home/travis/build/icyphy/ptII/ptolemy/domains/modal/test/auto/BroadcastHierarchy3.xml
----------------- Instantiating /home/travis/build/icyphy/ptII/ptolemy/domains/modal/test/auto/BroadcastHierarchy3.xml
26 ms. Memory: 191488K Free: 122969K (64%)
----------------- Invoking toplevel() on ptolemy.moml.MoMLSimpleApplication@5dae8d98
----------------- Done invoking toplevel() on ptolemy.moml.MoMLSimpleApplication@5dae8d98
reloadAllAccessors: .BroadcastHierarchy3

===========================================================================================
----------------- testing Mon Jul 22 01:15:39 UTC 2019 /home/travis/build/icyphy/ptII/ptolemy/domains/modal/test/auto/BroadcastHierarchy4.xml
----------------- Instantiating /home/travis/build/icyphy/ptII/ptolemy/domains/modal/test/auto/BroadcastHierarchy4.xml
17 ms. Memory: 191488K Free: 98894K (52%)
----------------- Invoking toplevel() on ptolemy.moml.MoMLSimpleApplication@59add631
----------------- Done invoking toplevel() on ptolemy.moml.MoMLSimpleApplication@59add631
reloadAllAccessors: .BroadcastHierarchy4

===========================================================================================
----------------- testing Mon Jul 22 01:15:39 UTC 2019 /home/travis/build/icyphy/ptII/ptolemy/domains/modal/test/auto/CannotAnalysisWithPreemption2.xml
----------------- Instantiating /home/travis/build/icyphy/ptII/ptolemy/domains/modal/test/auto/CannotAnalysisWithPreemption2.xml
4 ms. Memory: 191488K Free: 91726K (48%)
----------------- Invoking toplevel() on ptolemy.moml.MoMLSimpleApplication@375dcab5
----------------- Done invoking toplevel() on ptolemy.moml.MoMLSimpleApplication@375dcab5
reloadAllAccessors: .CannotAnalysisWithPreemption2

===========================================================================================
----------------- testing Mon Jul 22 01:15:39 UTC 2019 /home/travis/build/icyphy/ptII/ptolemy/domains/modal/test/auto/CannotAnalysisWithPreemption3.xml
----------------- Instantiating /home/travis/build/icyphy/ptII/ptolemy/domains/modal/test/auto/CannotAnalysisWithPreemption3.xml
5 ms. Memory: 191488K Free: 81992K (43%)
----------------- Invoking toplevel() on ptolemy.moml.MoMLSimpleApplication@36c83afc
----------------- Done invoking toplevel() on ptolemy.moml.MoMLSimpleApplication@36c83afc
reloadAllAccessors: .CannotAnalysisWithPreemption3

===========================================================================================
----------------- testing Mon Jul 22 01:15:39 UTC 2019 /home/travis/build/icyphy/ptII/ptolemy/domains/modal/test/auto/CannotProduce.xml
----------------- Instantiating /home/travis/build/icyphy/ptII/ptolemy/domains/modal/test/auto/CannotProduce.xml
15 ms. Memory: 191488K Free: 75342K (39%)
----------------- Invoking toplevel() on ptolemy.moml.MoMLSimpleApplication@10e02129
----------------- Done invoking toplevel() on ptolemy.moml.MoMLSimpleApplication@10e02129
reloadAllAccessors: .CannotProduce

===========================================================================================
----------------- testing Mon Jul 22 01:15:39 UTC 2019 /home/travis/build/icyphy/ptII/ptolemy/domains/modal/test/auto/CannotProduceModal.xml
----------------- Instantiating /home/travis/build/icyphy/ptII/ptolemy/domains/modal/test/auto/CannotProduceModal.xml
5 ms. Memory: 191488K Free: 169077K (88%)
----------------- Invoking toplevel() on ptolemy.moml.MoMLSimpleApplication@59c1fa74
----------------- Done invoking toplevel() on ptolemy.moml.MoMLSimpleApplication@59c1fa74
reloadAllAccessors: .CannotProduceModal

===========================================================================================
----------------- testing Mon Jul 22 01:15:39 UTC 2019 /home/travis/build/icyphy/ptII/ptolemy/domains/modal/test/auto/Case.xml
----------------- Instantiating /home/travis/build/icyphy/ptII/ptolemy/domains/modal/test/auto/Case.xml
19 ms. Memory: 191488K Free: 157819K (82%)
----------------- Invoking toplevel() on ptolemy.moml.MoMLSimpleApplication@6f30e83
----------------- Done invoking toplevel() on ptolemy.moml.MoMLSimpleApplication@6f30e83
reloadAllAccessors: .Case

===========================================================================================
----------------- testing Mon Jul 22 01:15:39 UTC 2019 /home/travis/build/icyphy/ptII/ptolemy/domains/modal/test/auto/Case1.xml
----------------- Instantiating /home/travis/build/icyphy/ptII/ptolemy/domains/modal/test/auto/Case1.xml
6 ms. Memory: 191488K Free: 150651K (79%)
----------------- Invoking toplevel() on ptolemy.moml.MoMLSimpleApplication@240be620
----------------- Done invoking toplevel() on ptolemy.moml.MoMLSimpleApplication@240be620
reloadAllAccessors: .Case1

===========================================================================================
----------------- testing Mon Jul 22 01:15:39 UTC 2019 /home/travis/build/icyphy/ptII/ptolemy/domains/modal/test/auto/Case2.xml
----------------- Instantiating /home/travis/build/icyphy/ptII/ptolemy/domains/modal/test/auto/Case2.xml
17 ms. Memory: 191488K Free: 139901K (73%)
----------------- Invoking toplevel() on ptolemy.moml.MoMLSimpleApplication@6b47c335
----------------- Done invoking toplevel() on ptolemy.moml.MoMLSimpleApplication@6b47c335
reloadAllAccessors: .Case2

===========================================================================================
----------------- testing Mon Jul 22 01:15:39 UTC 2019 /home/travis/build/icyphy/ptII/ptolemy/domains/modal/test/auto/CausalityInterface1.xml
----------------- Instantiating /home/travis/build/icyphy/ptII/ptolemy/domains/modal/test/auto/CausalityInterface1.xml
3 ms. Memory: 191488K Free: 134781K (70%)
----------------- Invoking toplevel() on ptolemy.moml.MoMLSimpleApplication@6030358a
----------------- Done invoking toplevel() on ptolemy.moml.MoMLSimpleApplication@6030358a
reloadAllAccessors: .CausalityInterface1

===========================================================================================
----------------- testing Mon Jul 22 01:15:39 UTC 2019 /home/travis/build/icyphy/ptII/ptolemy/domains/modal/test/auto/CausalityInterface10.xml
----------------- Instantiating /home/travis/build/icyphy/ptII/ptolemy/domains/modal/test/auto/CausalityInterface10.xml
6 ms. Memory: 191488K Free: 121469K (63%)
----------------- Invoking toplevel() on ptolemy.moml.MoMLSimpleApplication@591d2ad1
----------------- Done invoking toplevel() on ptolemy.moml.MoMLSimpleApplication@591d2ad1
reloadAllAccessors: .CausalityInterface10

===========================================================================================
----------------- testing Mon Jul 22 01:15:39 UTC 2019 /home/travis/build/icyphy/ptII/ptolemy/domains/modal/test/auto/CausalityInterface11.xml
----------------- Instantiating /home/travis/build/icyphy/ptII/ptolemy/domains/modal/test/auto/CausalityInterface11.xml
5 ms. Memory: 191488K Free: 108157K (56%)
----------------- Invoking toplevel() on ptolemy.moml.MoMLSimpleApplication@5c41bb92
----------------- Done invoking toplevel() on ptolemy.moml.MoMLSimpleApplication@5c41bb92
reloadAllAccessors: .CausalityInterface11

===========================================================================================
----------------- testing Mon Jul 22 01:15:39 UTC 2019 /home/travis/build/icyphy/ptII/ptolemy/domains/modal/test/auto/CausalityInterface12.xml
----------------- Instantiating /home/travis/build/icyphy/ptII/ptolemy/domains/modal/test/auto/CausalityInterface12.xml
7 ms. Memory: 191488K Free: 94845K (50%)
----------------- Invoking toplevel() on ptolemy.moml.MoMLSimpleApplication@67902967
----------------- Done invoking toplevel() on ptolemy.moml.MoMLSimpleApplication@67902967
reloadAllAccessors: .CausalityInterface12

===========================================================================================
----------------- testing Mon Jul 22 01:15:39 UTC 2019 /home/travis/build/icyphy/ptII/ptolemy/domains/modal/test/auto/CausalityInterface13.xml
----------------- Instantiating /home/travis/build/icyphy/ptII/ptolemy/domains/modal/test/auto/CausalityInterface13.xml
12 ms. Memory: 191488K Free: 81005K (42%)
----------------- Invoking toplevel() on ptolemy.moml.MoMLSimpleApplication@3f841c5a
----------------- Done invoking toplevel() on ptolemy.moml.MoMLSimpleApplication@3f841c5a
reloadAllAccessors: .CausalityInterface13

===========================================================================================
----------------- testing Mon Jul 22 01:15:39 UTC 2019 /home/travis/build/icyphy/ptII/ptolemy/domains/modal/test/auto/CausalityInterface14.xml
----------------- Instantiating /home/travis/build/icyphy/ptII/ptolemy/domains/modal/test/auto/CausalityInterface14.xml
10 ms. Memory: 191488K Free: 67197K (35%)
----------------- Invoking toplevel() on ptolemy.moml.MoMLSimpleApplication@37f219da
----------------- Done invoking toplevel() on ptolemy.moml.MoMLSimpleApplication@37f219da
reloadAllAccessors: .CausalityInterface14

===========================================================================================
----------------- testing Mon Jul 22 01:15:39 UTC 2019 /home/travis/build/icyphy/ptII/ptolemy/domains/modal/test/auto/CausalityInterface2.xml
----------------- Instantiating /home/travis/build/icyphy/ptII/ptolemy/domains/modal/test/auto/CausalityInterface2.xml
3 ms. Memory: 191488K Free: 170643K (89%)
----------------- Invoking toplevel() on ptolemy.moml.MoMLSimpleApplication@1214eb38
----------------- Done invoking toplevel() on ptolemy.moml.MoMLSimpleApplication@1214eb38
reloadAllAccessors: .CausalityInterface2

===========================================================================================
----------------- testing Mon Jul 22 01:15:39 UTC 2019 /home/travis/build/icyphy/ptII/ptolemy/domains/modal/test/auto/CausalityInterface3.xml
----------------- Instantiating /home/travis/build/icyphy/ptII/ptolemy/domains/modal/test/auto/CausalityInterface3.xml
3 ms. Memory: 191488K Free: 163955K (86%)
----------------- Invoking toplevel() on ptolemy.moml.MoMLSimpleApplication@10f47d38
----------------- Done invoking toplevel() on ptolemy.moml.MoMLSimpleApplication@10f47d38
reloadAllAccessors: .CausalityInterface3

===========================================================================================
----------------- testing Mon Jul 22 01:15:39 UTC 2019 /home/travis/build/icyphy/ptII/ptolemy/domains/modal/test/auto/CausalityInterface4.xml
----------------- Instantiating /home/travis/build/icyphy/ptII/ptolemy/domains/modal/test/auto/CausalityInterface4.xml
3 ms. Memory: 191488K Free: 157827K (82%)
----------------- Invoking toplevel() on ptolemy.moml.MoMLSimpleApplication@145813fa
----------------- Done invoking toplevel() on ptolemy.moml.MoMLSimpleApplication@145813fa
reloadAllAccessors: .CausalityInterface4

===========================================================================================
----------------- testing Mon Jul 22 01:15:39 UTC 2019 /home/travis/build/icyphy/ptII/ptolemy/domains/modal/test/auto/CausalityInterface5.xml
----------------- Instantiating /home/travis/build/icyphy/ptII/ptolemy/domains/modal/test/auto/CausalityInterface5.xml
3 ms. Memory: 191488K Free: 149635K (78%)
----------------- Invoking toplevel() on ptolemy.moml.MoMLSimpleApplication@63d582f2
----------------- Done invoking toplevel() on ptolemy.moml.MoMLSimpleApplication@63d582f2
reloadAllAccessors: .CausalityInterface5

===========================================================================================
----------------- testing Mon Jul 22 01:15:39 UTC 2019 /home/travis/build/icyphy/ptII/ptolemy/domains/modal/test/auto/CausalityInterface6.xml
----------------- Instantiating /home/travis/build/icyphy/ptII/ptolemy/domains/modal/test/auto/CausalityInterface6.xml
5 ms. Memory: 191488K Free: 141427K (74%)
----------------- Invoking toplevel() on ptolemy.moml.MoMLSimpleApplication@4603fcad
----------------- Done invoking toplevel() on ptolemy.moml.MoMLSimpleApplication@4603fcad
reloadAllAccessors: .CausalityInterface6

===========================================================================================
----------------- testing Mon Jul 22 01:15:40 UTC 2019 /home/travis/build/icyphy/ptII/ptolemy/domains/modal/test/auto/CausalityInterface7.xml
----------------- Instantiating /home/travis/build/icyphy/ptII/ptolemy/domains/modal/test/auto/CausalityInterface7.xml
6 ms. Memory: 191488K Free: 133265K (70%)
----------------- Invoking toplevel() on ptolemy.moml.MoMLSimpleApplication@a718efb
----------------- Done invoking toplevel() on ptolemy.moml.MoMLSimpleApplication@a718efb
reloadAllAccessors: .CausalityInterface7

===========================================================================================
----------------- testing Mon Jul 22 01:15:40 UTC 2019 /home/travis/build/icyphy/ptII/ptolemy/domains/modal/test/auto/CausalityInterface8.xml
----------------- Instantiating /home/travis/build/icyphy/ptII/ptolemy/domains/modal/test/auto/CausalityInterface8.xml
5 ms. Memory: 191488K Free: 124563K (65%)
----------------- Invoking toplevel() on ptolemy.moml.MoMLSimpleApplication@2f475428
----------------- Done invoking toplevel() on ptolemy.moml.MoMLSimpleApplication@2f475428
reloadAllAccessors: .CausalityInterface8

===========================================================================================
----------------- testing Mon Jul 22 01:15:40 UTC 2019 /home/travis/build/icyphy/ptII/ptolemy/domains/modal/test/auto/CausalityInterface9.xml
----------------- Instantiating /home/travis/build/icyphy/ptII/ptolemy/domains/modal/test/auto/CausalityInterface9.xml
6 ms. Memory: 191488K Free: 115347K (60%)
----------------- Invoking toplevel() on ptolemy.moml.MoMLSimpleApplication@c9e105
----------------- Done invoking toplevel() on ptolemy.moml.MoMLSimpleApplication@c9e105
reloadAllAccessors: .CausalityInterface9

===========================================================================================
----------------- testing Mon Jul 22 01:15:40 UTC 2019 /home/travis/build/icyphy/ptII/ptolemy/domains/modal/test/auto/ChainedTransitions.xml
----------------- Instantiating /home/travis/build/icyphy/ptII/ptolemy/domains/modal/test/auto/ChainedTransitions.xml
94 ms. Memory: 191488K Free: 90771K (47%)
----------------- Invoking toplevel() on ptolemy.moml.MoMLSimpleApplication@5e281c30
----------------- Done invoking toplevel() on ptolemy.moml.MoMLSimpleApplication@5e281c30
reloadAllAccessors: .ChainedTransitions

===========================================================================================
----------------- testing Mon Jul 22 01:15:40 UTC 2019 /home/travis/build/icyphy/ptII/ptolemy/domains/modal/test/auto/CycleOfImmediateTransitionsFSM.xml
----------------- Instantiating /home/travis/build/icyphy/ptII/ptolemy/domains/modal/test/auto/CycleOfImmediateTransitionsFSM.xml
2 ms. Memory: 191488K Free: 84627K (44%)
----------------- Invoking toplevel() on ptolemy.moml.MoMLSimpleApplication@7b149b7e
----------------- Done invoking toplevel() on ptolemy.moml.MoMLSimpleApplication@7b149b7e
reloadAllAccessors: .CycleOfImmediateTransitionsFSM

===========================================================================================
----------------- testing Mon Jul 22 01:15:40 UTC 2019 /home/travis/build/icyphy/ptII/ptolemy/domains/modal/test/auto/CycleOfImmediateTransitionsModal.xml
----------------- Instantiating /home/travis/build/icyphy/ptII/ptolemy/domains/modal/test/auto/CycleOfImmediateTransitionsModal.xml
3 ms. Memory: 191488K Free: 78483K (41%)
----------------- Invoking toplevel() on ptolemy.moml.MoMLSimpleApplication@3674f19e
----------------- Done invoking toplevel() on ptolemy.moml.MoMLSimpleApplication@3674f19e
reloadAllAccessors: .CycleOfImmediateTransitionsModal

===========================================================================================
----------------- testing Mon Jul 22 01:15:40 UTC 2019 /home/travis/build/icyphy/ptII/ptolemy/domains/modal/test/auto/CycleOfImmediateTransitionsModal2.xml
----------------- Instantiating /home/travis/build/icyphy/ptII/ptolemy/domains/modal/test/auto/CycleOfImmediateTransitionsModal2.xml
1 ms. Memory: 191488K Free: 71825K (38%)
----------------- Invoking toplevel() on ptolemy.moml.MoMLSimpleApplication@61b4ca01
----------------- Done invoking toplevel() on ptolemy.moml.MoMLSimpleApplication@61b4ca01
reloadAllAccessors: .CycleOfImmediateTransitionsModal2

===========================================================================================
----------------- testing Mon Jul 22 01:15:40 UTC 2019 /home/travis/build/icyphy/ptII/ptolemy/domains/modal/test/auto/CycleOfImmediateTransitionsModal3.xml
----------------- Instantiating /home/travis/build/icyphy/ptII/ptolemy/domains/modal/test/auto/CycleOfImmediateTransitionsModal3.xml
6 ms. Memory: 191488K Free: 158827K (83%)
----------------- Invoking toplevel() on ptolemy.moml.MoMLSimpleApplication@5d1d7d23
----------------- Done invoking toplevel() on ptolemy.moml.MoMLSimpleApplication@5d1d7d23
reloadAllAccessors: .CycleOfImmediateTransitionsModal3

===========================================================================================
----------------- testing Mon Jul 22 01:15:40 UTC 2019 /home/travis/build/icyphy/ptII/ptolemy/domains/modal/test/auto/DeepModal1.xml
----------------- Instantiating /home/travis/build/icyphy/ptII/ptolemy/domains/modal/test/auto/DeepModal1.xml
18 ms. Memory: 191488K Free: 144970K (76%)
----------------- Invoking toplevel() on ptolemy.moml.MoMLSimpleApplication@5b03bd75
----------------- Done invoking toplevel() on ptolemy.moml.MoMLSimpleApplication@5b03bd75
reloadAllAccessors: .DeepModal1

===========================================================================================
----------------- testing Mon Jul 22 01:15:40 UTC 2019 /home/travis/build/icyphy/ptII/ptolemy/domains/modal/test/auto/DeepModal2.xml
----------------- Instantiating /home/travis/build/icyphy/ptII/ptolemy/domains/modal/test/auto/DeepModal2.xml
23 ms. Memory: 191488K Free: 126059K (66%)
----------------- Invoking toplevel() on ptolemy.moml.MoMLSimpleApplication@785cee2c
----------------- Done invoking toplevel() on ptolemy.moml.MoMLSimpleApplication@785cee2c
reloadAllAccessors: .DeepModal2

===========================================================================================
----------------- testing Mon Jul 22 01:15:40 UTC 2019 /home/travis/build/icyphy/ptII/ptolemy/domains/modal/test/auto/DeepModal3.xml
----------------- Instantiating /home/travis/build/icyphy/ptII/ptolemy/domains/modal/test/auto/DeepModal3.xml
32 ms. Memory: 191488K Free: 106603K (56%)
----------------- Invoking toplevel() on ptolemy.moml.MoMLSimpleApplication@5b774fc3
----------------- Done invoking toplevel() on ptolemy.moml.MoMLSimpleApplication@5b774fc3
reloadAllAccessors: .DeepModal3

===========================================================================================
----------------- testing Mon Jul 22 01:15:40 UTC 2019 /home/travis/build/icyphy/ptII/ptolemy/domains/modal/test/auto/DeepModal4.xml
----------------- Instantiating /home/travis/build/icyphy/ptII/ptolemy/domains/modal/test/auto/DeepModal4.xml
31 ms. Memory: 191488K Free: 87147K (46%)
----------------- Invoking toplevel() on ptolemy.moml.MoMLSimpleApplication@3f86a473
----------------- Done invoking toplevel() on ptolemy.moml.MoMLSimpleApplication@3f86a473
reloadAllAccessors: .DeepModal4

===========================================================================================
----------------- testing Mon Jul 22 01:15:40 UTC 2019 /home/travis/build/icyphy/ptII/ptolemy/domains/modal/test/auto/Default1.xml
----------------- Instantiating /home/travis/build/icyphy/ptII/ptolemy/domains/modal/test/auto/Default1.xml
3 ms. Memory: 191488K Free: 81003K (42%)
----------------- Invoking toplevel() on ptolemy.moml.MoMLSimpleApplication@334ed011
----------------- Done invoking toplevel() on ptolemy.moml.MoMLSimpleApplication@334ed011
reloadAllAccessors: .Default1

===========================================================================================
----------------- testing Mon Jul 22 01:15:40 UTC 2019 /home/travis/build/icyphy/ptII/ptolemy/domains/modal/test/auto/Default2.xml
----------------- Instantiating /home/travis/build/icyphy/ptII/ptolemy/domains/modal/test/auto/Default2.xml
9 ms. Memory: 191488K Free: 75369K (39%)
----------------- Invoking toplevel() on ptolemy.moml.MoMLSimpleApplication@3b5c62ae
----------------- Done invoking toplevel() on ptolemy.moml.MoMLSimpleApplication@3b5c62ae
reloadAllAccessors: .Default2

===========================================================================================
----------------- testing Mon Jul 22 01:15:40 UTC 2019 /home/travis/build/icyphy/ptII/ptolemy/domains/modal/test/auto/Default3.xml
----------------- Instantiating /home/travis/build/icyphy/ptII/ptolemy/domains/modal/test/auto/Default3.xml
6 ms. Memory: 191488K Free: 69225K (36%)
----------------- Invoking toplevel() on ptolemy.moml.MoMLSimpleApplication@54be73db
----------------- Done invoking toplevel() on ptolemy.moml.MoMLSimpleApplication@54be73db
reloadAllAccessors: .Default3

===========================================================================================
----------------- testing Mon Jul 22 01:15:40 UTC 2019 /home/travis/build/icyphy/ptII/ptolemy/domains/modal/test/auto/Default4.xml
----------------- Instantiating /home/travis/build/icyphy/ptII/ptolemy/domains/modal/test/auto/Default4.xml
3 ms. Memory: 230400K Free: 211018K (92%)
----------------- Invoking toplevel() on ptolemy.moml.MoMLSimpleApplication@31937ddc
----------------- Done invoking toplevel() on ptolemy.moml.MoMLSimpleApplication@31937ddc
reloadAllAccessors: .Default4

===========================================================================================
----------------- testing Mon Jul 22 01:15:40 UTC 2019 /home/travis/build/icyphy/ptII/ptolemy/domains/modal/test/auto/Default5.xml
----------------- Instantiating /home/travis/build/icyphy/ptII/ptolemy/domains/modal/test/auto/Default5.xml
7 ms. Memory: 230400K Free: 202832K (88%)
----------------- Invoking toplevel() on ptolemy.moml.MoMLSimpleApplication@65008140
----------------- Done invoking toplevel() on ptolemy.moml.MoMLSimpleApplication@65008140
reloadAllAccessors: .Default5

===========================================================================================
----------------- testing Mon Jul 22 01:15:40 UTC 2019 /home/travis/build/icyphy/ptII/ptolemy/domains/modal/test/auto/EmptyGuard.xml
----------------- Instantiating /home/travis/build/icyphy/ptII/ptolemy/domains/modal/test/auto/EmptyGuard.xml
12 ms. Memory: 230400K Free: 195154K (85%)
----------------- Invoking toplevel() on ptolemy.moml.MoMLSimpleApplication@1b5c855f
----------------- Done invoking toplevel() on ptolemy.moml.MoMLSimpleApplication@1b5c855f
reloadAllAccessors: .EmptyGuard

===========================================================================================
----------------- testing Mon Jul 22 01:15:40 UTC 2019 /home/travis/build/icyphy/ptII/ptolemy/domains/modal/test/auto/ErrorTransition1.xml
----------------- Instantiating /home/travis/build/icyphy/ptII/ptolemy/domains/modal/test/auto/ErrorTransition1.xml
10 ms. Memory: 230400K Free: 186448K (81%)
----------------- Invoking toplevel() on ptolemy.moml.MoMLSimpleApplication@4c5278b1
----------------- Done invoking toplevel() on ptolemy.moml.MoMLSimpleApplication@4c5278b1
reloadAllAccessors: .ErrorTransition1

===========================================================================================
----------------- testing Mon Jul 22 01:15:40 UTC 2019 /home/travis/build/icyphy/ptII/ptolemy/domains/modal/test/auto/ErrorTransition10.xml
----------------- Instantiating /home/travis/build/icyphy/ptII/ptolemy/domains/modal/test/auto/ErrorTransition10.xml
17 ms. Memory: 230400K Free: 173106K (75%)
----------------- Invoking toplevel() on ptolemy.moml.MoMLSimpleApplication@3c663386
----------------- Done invoking toplevel() on ptolemy.moml.MoMLSimpleApplication@3c663386
reloadAllAccessors: .ErrorTransition10

===========================================================================================
----------------- testing Mon Jul 22 01:15:40 UTC 2019 /home/travis/build/icyphy/ptII/ptolemy/domains/modal/test/auto/ErrorTransition11.xml
----------------- Instantiating /home/travis/build/icyphy/ptII/ptolemy/domains/modal/test/auto/ErrorTransition11.xml
4 ms. Memory: 230400K Free: 161872K (70%)
----------------- Invoking toplevel() on ptolemy.moml.MoMLSimpleApplication@352d7a0a
----------------- Done invoking toplevel() on ptolemy.moml.MoMLSimpleApplication@352d7a0a
reloadAllAccessors: .ErrorTransition11

===========================================================================================
----------------- testing Mon Jul 22 01:15:41 UTC 2019 /home/travis/build/icyphy/ptII/ptolemy/domains/modal/test/auto/ErrorTransition2.xml
----------------- Instantiating /home/travis/build/icyphy/ptII/ptolemy/domains/modal/test/auto/ErrorTransition2.xml
11 ms. Memory: 230400K Free: 152656K (66%)
----------------- Invoking toplevel() on ptolemy.moml.MoMLSimpleApplication@7afa261c
----------------- Done invoking toplevel() on ptolemy.moml.MoMLSimpleApplication@7afa261c
reloadAllAccessors: .ErrorTransition2

===========================================================================================
----------------- testing Mon Jul 22 01:15:41 UTC 2019 /home/travis/build/icyphy/ptII/ptolemy/domains/modal/test/auto/ErrorTransition3.xml
----------------- Instantiating /home/travis/build/icyphy/ptII/ptolemy/domains/modal/test/auto/ErrorTransition3.xml
12 ms. Memory: 230400K Free: 142930K (62%)
----------------- Invoking toplevel() on ptolemy.moml.MoMLSimpleApplication@177b848c
----------------- Done invoking toplevel() on ptolemy.moml.MoMLSimpleApplication@177b848c
reloadAllAccessors: .ErrorTransition3

===========================================================================================
----------------- testing Mon Jul 22 01:15:41 UTC 2019 /home/travis/build/icyphy/ptII/ptolemy/domains/modal/test/auto/ErrorTransition4.xml
----------------- Instantiating /home/travis/build/icyphy/ptII/ptolemy/domains/modal/test/auto/ErrorTransition4.xml
15 ms. Memory: 230400K Free: 131152K (57%)
----------------- Invoking toplevel() on ptolemy.moml.MoMLSimpleApplication@6d99b77d
----------------- Done invoking toplevel() on ptolemy.moml.MoMLSimpleApplication@6d99b77d
reloadAllAccessors: .ErrorTransition4

===========================================================================================
----------------- testing Mon Jul 22 01:15:41 UTC 2019 /home/travis/build/icyphy/ptII/ptolemy/domains/modal/test/auto/ErrorTransition5.xml
----------------- Instantiating /home/travis/build/icyphy/ptII/ptolemy/domains/modal/test/auto/ErrorTransition5.xml
8 ms. Memory: 230400K Free: 120882K (52%)
----------------- Invoking toplevel() on ptolemy.moml.MoMLSimpleApplication@681ad7ee
----------------- Done invoking toplevel() on ptolemy.moml.MoMLSimpleApplication@681ad7ee
reloadAllAccessors: .ErrorTransition5

===========================================================================================
----------------- testing Mon Jul 22 01:15:41 UTC 2019 /home/travis/build/icyphy/ptII/ptolemy/domains/modal/test/auto/ErrorTransition6.xml
----------------- Instantiating /home/travis/build/icyphy/ptII/ptolemy/domains/modal/test/auto/ErrorTransition6.xml
11 ms. Memory: 230400K Free: 110162K (48%)
----------------- Invoking toplevel() on ptolemy.moml.MoMLSimpleApplication@6df2f0d9
----------------- Done invoking toplevel() on ptolemy.moml.MoMLSimpleApplication@6df2f0d9
reloadAllAccessors: .ErrorTransition6

===========================================================================================
----------------- testing Mon Jul 22 01:15:41 UTC 2019 /home/travis/build/icyphy/ptII/ptolemy/domains/modal/test/auto/ErrorTransition7.xml
----------------- Instantiating /home/travis/build/icyphy/ptII/ptolemy/domains/modal/test/auto/ErrorTransition7.xml
10 ms. Memory: 230400K Free: 97354K (42%)
----------------- Invoking toplevel() on ptolemy.moml.MoMLSimpleApplication@6cd7457b
----------------- Done invoking toplevel() on ptolemy.moml.MoMLSimpleApplication@6cd7457b
reloadAllAccessors: .ErrorTransition7

===========================================================================================
----------------- testing Mon Jul 22 01:15:41 UTC 2019 /home/travis/build/icyphy/ptII/ptolemy/domains/modal/test/auto/ErrorTransition8.xml
----------------- Instantiating /home/travis/build/icyphy/ptII/ptolemy/domains/modal/test/auto/ErrorTransition8.xml
16 ms. Memory: 230400K Free: 84041K (36%)
----------------- Invoking toplevel() on ptolemy.moml.MoMLSimpleApplication@2c4f7271
----------------- Done invoking toplevel() on ptolemy.moml.MoMLSimpleApplication@2c4f7271
reloadAllAccessors: .ErrorTransition8

===========================================================================================
----------------- testing Mon Jul 22 01:15:41 UTC 2019 /home/travis/build/icyphy/ptII/ptolemy/domains/modal/test/auto/ErrorTransition9.xml
----------------- Instantiating /home/travis/build/icyphy/ptII/ptolemy/domains/modal/test/auto/ErrorTransition9.xml
11 ms. Memory: 230400K Free: 203351K (88%)
----------------- Invoking toplevel() on ptolemy.moml.MoMLSimpleApplication@4de2dd45
----------------- Done invoking toplevel() on ptolemy.moml.MoMLSimpleApplication@4de2dd45
reloadAllAccessors: .ErrorTransition9

===========================================================================================
----------------- testing Mon Jul 22 01:15:41 UTC 2019 /home/travis/build/icyphy/ptII/ptolemy/domains/modal/test/auto/ExtendedFSM.xml
----------------- Instantiating /home/travis/build/icyphy/ptII/ptolemy/domains/modal/test/auto/ExtendedFSM.xml
5 ms. Memory: 230400K Free: 194649K (84%)
----------------- Invoking toplevel() on ptolemy.moml.MoMLSimpleApplication@49985975
----------------- Done invoking toplevel() on ptolemy.moml.MoMLSimpleApplication@49985975
reloadAllAccessors: .ExtendedFSM

===========================================================================================
----------------- testing Mon Jul 22 01:15:41 UTC 2019 /home/travis/build/icyphy/ptII/ptolemy/domains/modal/test/auto/FinalStates.xml
----------------- Instantiating /home/travis/build/icyphy/ptII/ptolemy/domains/modal/test/auto/FinalStates.xml
8 ms. Memory: 230400K Free: 186457K (81%)
----------------- Invoking toplevel() on ptolemy.moml.MoMLSimpleApplication@488ed405
----------------- Done invoking toplevel() on ptolemy.moml.MoMLSimpleApplication@488ed405
reloadAllAccessors: .FinalStates

===========================================================================================
----------------- testing Mon Jul 22 01:15:41 UTC 2019 /home/travis/build/icyphy/ptII/ptolemy/domains/modal/test/auto/FixedPointFSM.xml
----------------- Instantiating /home/travis/build/icyphy/ptII/ptolemy/domains/modal/test/auto/FixedPointFSM.xml
16 ms. Memory: 230400K Free: 171601K (74%)
----------------- Invoking toplevel() on ptolemy.moml.MoMLSimpleApplication@41144b8b
----------------- Done invoking toplevel() on ptolemy.moml.MoMLSimpleApplication@41144b8b
reloadAllAccessors: .FixedPointFSM

===========================================================================================
----------------- testing Mon Jul 22 01:15:41 UTC 2019 /home/travis/build/icyphy/ptII/ptolemy/domains/modal/test/auto/FixedPointIterationFSMActor.xml
----------------- Instantiating /home/travis/build/icyphy/ptII/ptolemy/domains/modal/test/auto/FixedPointIterationFSMActor.xml
7 ms. Memory: 230400K Free: 160857K (70%)
----------------- Invoking toplevel() on ptolemy.moml.MoMLSimpleApplication@19637ad9
----------------- Done invoking toplevel() on ptolemy.moml.MoMLSimpleApplication@19637ad9
reloadAllAccessors: .FixedPointIterationFSMActor

===========================================================================================
----------------- testing Mon Jul 22 01:15:41 UTC 2019 /home/travis/build/icyphy/ptII/ptolemy/domains/modal/test/auto/FixedPointIterationFSMActor2.xml
----------------- Instantiating /home/travis/build/icyphy/ptII/ptolemy/domains/modal/test/auto/FixedPointIterationFSMActor2.xml
11 ms. Memory: 230400K Free: 148569K (64%)
----------------- Invoking toplevel() on ptolemy.moml.MoMLSimpleApplication@6de4f8b2
----------------- Done invoking toplevel() on ptolemy.moml.MoMLSimpleApplication@6de4f8b2
reloadAllAccessors: .FixedPointIterationFSMActor2

===========================================================================================
----------------- testing Mon Jul 22 01:15:41 UTC 2019 /home/travis/build/icyphy/ptII/ptolemy/domains/modal/test/auto/ForbiddenInstantanousLoop.xml
----------------- Instantiating /home/travis/build/icyphy/ptII/ptolemy/domains/modal/test/auto/ForbiddenInstantanousLoop.xml
9 ms. Memory: 230400K Free: 136281K (59%)
----------------- Invoking toplevel() on ptolemy.moml.MoMLSimpleApplication@6e5d2dee
----------------- Done invoking toplevel() on ptolemy.moml.MoMLSimpleApplication@6e5d2dee
reloadAllAccessors: .ForbiddenInstantanousLoop

===========================================================================================
----------------- testing Mon Jul 22 01:15:41 UTC 2019 /home/travis/build/icyphy/ptII/ptolemy/domains/modal/test/auto/FunctionDependencyOfFSMActorTest.xml
----------------- Instantiating /home/travis/build/icyphy/ptII/ptolemy/domains/modal/test/auto/FunctionDependencyOfFSMActorTest.xml
13 ms. Memory: 230400K Free: 129609K (56%)
----------------- Invoking toplevel() on ptolemy.moml.MoMLSimpleApplication@9173bf6
----------------- Done invoking toplevel() on ptolemy.moml.MoMLSimpleApplication@9173bf6
reloadAllAccessors: .FunctionDependencyOfFSMActorTest

===========================================================================================
----------------- testing Mon Jul 22 01:15:41 UTC 2019 /home/travis/build/icyphy/ptII/ptolemy/domains/modal/test/auto/GuardExpression.xml
----------------- Instantiating /home/travis/build/icyphy/ptII/ptolemy/domains/modal/test/auto/GuardExpression.xml
2 ms. Memory: 230400K Free: 124503K (54%)
----------------- Invoking toplevel() on ptolemy.moml.MoMLSimpleApplication@48552a2c
----------------- Done invoking toplevel() on ptolemy.moml.MoMLSimpleApplication@48552a2c
reloadAllAccessors: .GuardExpression

===========================================================================================
----------------- testing Mon Jul 22 01:15:41 UTC 2019 /home/travis/build/icyphy/ptII/ptolemy/domains/modal/test/auto/GuardNotEvaluated.xml
----------------- Instantiating /home/travis/build/icyphy/ptII/ptolemy/domains/modal/test/auto/GuardNotEvaluated.xml
8 ms. Memory: 230400K Free: 115287K (50%)
----------------- Invoking toplevel() on ptolemy.moml.MoMLSimpleApplication@72963cf6
----------------- Done invoking toplevel() on ptolemy.moml.MoMLSimpleApplication@72963cf6
reloadAllAccessors: .GuardNotEvaluated

===========================================================================================
----------------- testing Mon Jul 22 01:15:41 UTC 2019 /home/travis/build/icyphy/ptII/ptolemy/domains/modal/test/auto/GuardNotEvaluated2.xml
----------------- Instantiating /home/travis/build/icyphy/ptII/ptolemy/domains/modal/test/auto/GuardNotEvaluated2.xml
8 ms. Memory: 230400K Free: 105561K (46%)
----------------- Invoking toplevel() on ptolemy.moml.MoMLSimpleApplication@234a3804
----------------- Done invoking toplevel() on ptolemy.moml.MoMLSimpleApplication@234a3804
reloadAllAccessors: .GuardNotEvaluated2

===========================================================================================
----------------- testing Mon Jul 22 01:15:41 UTC 2019 /home/travis/build/icyphy/ptII/ptolemy/domains/modal/test/auto/GuardOnAbsent.xml
----------------- Instantiating /home/travis/build/icyphy/ptII/ptolemy/domains/modal/test/auto/GuardOnAbsent.xml
7 ms. Memory: 230400K Free: 97849K (42%)
----------------- Invoking toplevel() on ptolemy.moml.MoMLSimpleApplication@41ca9000
----------------- Done invoking toplevel() on ptolemy.moml.MoMLSimpleApplication@41ca9000
reloadAllAccessors: .GuardOnAbsent

===========================================================================================
----------------- testing Mon Jul 22 01:15:41 UTC 2019 /home/travis/build/icyphy/ptII/ptolemy/domains/modal/test/auto/HierarchicalFSMTypeInference.xml
----------------- Instantiating /home/travis/build/icyphy/ptII/ptolemy/domains/modal/test/auto/HierarchicalFSMTypeInference.xml
5 ms. Memory: 230400K Free: 87639K (38%)
----------------- Invoking toplevel() on ptolemy.moml.MoMLSimpleApplication@2a56ee13
----------------- Done invoking toplevel() on ptolemy.moml.MoMLSimpleApplication@2a56ee13
reloadAllAccessors: .HierarchicalFSMTypeInference

===========================================================================================
----------------- testing Mon Jul 22 01:15:41 UTC 2019 /home/travis/build/icyphy/ptII/ptolemy/domains/modal/test/auto/Hysteresis.xml
----------------- Instantiating /home/travis/build/icyphy/ptII/ptolemy/domains/modal/test/auto/Hysteresis.xml
11 ms. Memory: 230400K Free: 205875K (89%)
----------------- Invoking toplevel() on ptolemy.moml.MoMLSimpleApplication@3d9884d2
----------------- Done invoking toplevel() on ptolemy.moml.MoMLSimpleApplication@3d9884d2
reloadAllAccessors: .Hysteresis

===========================================================================================
----------------- testing Mon Jul 22 01:15:41 UTC 2019 /home/travis/build/icyphy/ptII/ptolemy/domains/modal/test/auto/HysteresisWithDefault.xml
----------------- Instantiating /home/travis/build/icyphy/ptII/ptolemy/domains/modal/test/auto/HysteresisWithDefault.xml
37 ms. Memory: 230400K Free: 182337K (79%)
----------------- Invoking toplevel() on ptolemy.moml.MoMLSimpleApplication@3b07d18d
----------------- Done invoking toplevel() on ptolemy.moml.MoMLSimpleApplication@3b07d18d
reloadAllAccessors: .HysteresisWithDefault

===========================================================================================
----------------- testing Mon Jul 22 01:15:41 UTC 2019 /home/travis/build/icyphy/ptII/ptolemy/domains/modal/test/auto/HysteresisWithDefault2.xml
----------------- Instantiating /home/travis/build/icyphy/ptII/ptolemy/domains/modal/test/auto/HysteresisWithDefault2.xml
41 ms. Memory: 230400K Free: 152641K (66%)
----------------- Invoking toplevel() on ptolemy.moml.MoMLSimpleApplication@16c789d
----------------- Done invoking toplevel() on ptolemy.moml.MoMLSimpleApplication@16c789d
reloadAllAccessors: .HysteresisWithDefault2

===========================================================================================
----------------- testing Mon Jul 22 01:15:41 UTC 2019 /home/travis/build/icyphy/ptII/ptolemy/domains/modal/test/auto/ImmediateNonConstructiveness.xml
----------------- Instantiating /home/travis/build/icyphy/ptII/ptolemy/domains/modal/test/auto/ImmediateNonConstructiveness.xml
4 ms. Memory: 230400K Free: 145443K (63%)
----------------- Invoking toplevel() on ptolemy.moml.MoMLSimpleApplication@687e545b
----------------- Done invoking toplevel() on ptolemy.moml.MoMLSimpleApplication@687e545b
reloadAllAccessors: .ImmediateNonConstructiveness

===========================================================================================
----------------- testing Mon Jul 22 01:15:41 UTC 2019 /home/travis/build/icyphy/ptII/ptolemy/domains/modal/test/auto/ImmediateNonConstructiveness2.xml
----------------- Instantiating /home/travis/build/icyphy/ptII/ptolemy/domains/modal/test/auto/ImmediateNonConstructiveness2.xml
2 ms. Memory: 230400K Free: 138819K (60%)
----------------- Invoking toplevel() on ptolemy.moml.MoMLSimpleApplication@759758d7
----------------- Done invoking toplevel() on ptolemy.moml.MoMLSimpleApplication@759758d7
reloadAllAccessors: .ImmediateNonConstructiveness2

===========================================================================================
----------------- testing Mon Jul 22 01:15:41 UTC 2019 /home/travis/build/icyphy/ptII/ptolemy/domains/modal/test/auto/ImmediateTransitionReset.xml
----------------- Instantiating /home/travis/build/icyphy/ptII/ptolemy/domains/modal/test/auto/ImmediateTransitionReset.xml
8 ms. Memory: 230400K Free: 127041K (55%)
----------------- Invoking toplevel() on ptolemy.moml.MoMLSimpleApplication@2742b932
----------------- Done invoking toplevel() on ptolemy.moml.MoMLSimpleApplication@2742b932
reloadAllAccessors: .ImmediateTransitionReset

===========================================================================================
----------------- testing Mon Jul 22 01:15:42 UTC 2019 /home/travis/build/icyphy/ptII/ptolemy/domains/modal/test/auto/ImmediateTransitions1.xml
----------------- Instantiating /home/travis/build/icyphy/ptII/ptolemy/domains/modal/test/auto/ImmediateTransitions1.xml
1 ms. Memory: 230400K Free: 121921K (53%)
----------------- Invoking toplevel() on ptolemy.moml.MoMLSimpleApplication@5c797854
----------------- Done invoking toplevel() on ptolemy.moml.MoMLSimpleApplication@5c797854
reloadAllAccessors: .ImmediateTransitions1

===========================================================================================
----------------- testing Mon Jul 22 01:15:42 UTC 2019 /home/travis/build/icyphy/ptII/ptolemy/domains/modal/test/auto/ImmediateTransitionsInstantaneousCommunication.xml
----------------- Instantiating /home/travis/build/icyphy/ptII/ptolemy/domains/modal/test/auto/ImmediateTransitionsInstantaneousCommunication.xml
4 ms. Memory: 230400K Free: 109633K (48%)
----------------- Invoking toplevel() on ptolemy.moml.MoMLSimpleApplication@39021341
----------------- Done invoking toplevel() on ptolemy.moml.MoMLSimpleApplication@39021341
reloadAllAccessors: .ImmediateTransitionsInstantaneousCommunication

===========================================================================================
----------------- testing Mon Jul 22 01:15:42 UTC 2019 /home/travis/build/icyphy/ptII/ptolemy/domains/modal/test/auto/InitialImmediateTransition.xml
----------------- Instantiating /home/travis/build/icyphy/ptII/ptolemy/domains/modal/test/auto/InitialImmediateTransition.xml
5 ms. Memory: 230400K Free: 102459K (44%)
----------------- Invoking toplevel() on ptolemy.moml.MoMLSimpleApplication@6e2d336d
----------------- Done invoking toplevel() on ptolemy.moml.MoMLSimpleApplication@6e2d336d
reloadAllAccessors: .InitialImmediateTransition

===========================================================================================
----------------- testing Mon Jul 22 01:15:42 UTC 2019 /home/travis/build/icyphy/ptII/ptolemy/domains/modal/test/auto/InitialOutputs.xml
----------------- Instantiating /home/travis/build/icyphy/ptII/ptolemy/domains/modal/test/auto/InitialOutputs.xml
3 ms. Memory: 230400K Free: 96321K (42%)
----------------- Invoking toplevel() on ptolemy.moml.MoMLSimpleApplication@69858df3
----------------- Done invoking toplevel() on ptolemy.moml.MoMLSimpleApplication@69858df3
reloadAllAccessors: .InitialOutputs

===========================================================================================
----------------- testing Mon Jul 22 01:15:42 UTC 2019 /home/travis/build/icyphy/ptII/ptolemy/domains/modal/test/auto/InitialStateTransition1.xml
----------------- Instantiating /home/travis/build/icyphy/ptII/ptolemy/domains/modal/test/auto/InitialStateTransition1.xml
2 ms. Memory: 230400K Free: 89153K (39%)
----------------- Invoking toplevel() on ptolemy.moml.MoMLSimpleApplication@195c2772
----------------- Done invoking toplevel() on ptolemy.moml.MoMLSimpleApplication@195c2772
reloadAllAccessors: .InitialStateTransition1

===========================================================================================
----------------- testing Mon Jul 22 01:15:42 UTC 2019 /home/travis/build/icyphy/ptII/ptolemy/domains/modal/test/auto/InitialStateTransition2.xml
----------------- Instantiating /home/travis/build/icyphy/ptII/ptolemy/domains/modal/test/auto/InitialStateTransition2.xml
.InitialStateTransition2.TestExceptionAttributeNonConstructive: initialize() was not invoked, but wrapup() was.  This is unusual, but not always a problem.  For example, exporting JNLP will do this.
6 ms. Memory: 230400K Free: 81985K (36%)
----------------- Invoking toplevel() on ptolemy.moml.MoMLSimpleApplication@6bec96b
----------------- Done invoking toplevel() on ptolemy.moml.MoMLSimpleApplication@6bec96b
reloadAllAccessors: .InitialStateTransition2

===========================================================================================
----------------- testing Mon Jul 22 01:15:42 UTC 2019 /home/travis/build/icyphy/ptII/ptolemy/domains/modal/test/auto/InitialStateTransition3.xml
----------------- Instantiating /home/travis/build/icyphy/ptII/ptolemy/domains/modal/test/auto/InitialStateTransition3.xml
5 ms. Memory: 230400K Free: 205889K (89%)
----------------- Invoking toplevel() on ptolemy.moml.MoMLSimpleApplication@79c146d1
----------------- Done invoking toplevel() on ptolemy.moml.MoMLSimpleApplication@79c146d1
reloadAllAccessors: .InitialStateTransition3

===========================================================================================
----------------- testing Mon Jul 22 01:15:42 UTC 2019 /home/travis/build/icyphy/ptII/ptolemy/domains/modal/test/auto/InitialStateTransition4.xml
----------------- Instantiating /home/travis/build/icyphy/ptII/ptolemy/domains/modal/test/auto/InitialStateTransition4.xml
5 ms. Memory: 230400K Free: 196163K (85%)
----------------- Invoking toplevel() on ptolemy.moml.MoMLSimpleApplication@4d31ffa1
----------------- Done invoking toplevel() on ptolemy.moml.MoMLSimpleApplication@4d31ffa1
[...]
reloadAllAccessors: .TerminationTransition3

===========================================================================================
----------------- testing Mon Jul 22 01:15:44 UTC 2019 /home/travis/build/icyphy/ptII/ptolemy/domains/modal/test/auto/TerminationTransition4.xml
----------------- Instantiating /home/travis/build/icyphy/ptII/ptolemy/domains/modal/test/auto/TerminationTransition4.xml
6 ms. Memory: 276480K Free: 107172K (39%)
----------------- Invoking toplevel() on ptolemy.moml.MoMLSimpleApplication@5c514629
----------------- Done invoking toplevel() on ptolemy.moml.MoMLSimpleApplication@5c514629
reloadAllAccessors: .TerminationTransition4

===========================================================================================
----------------- testing Mon Jul 22 01:15:44 UTC 2019 /home/travis/build/icyphy/ptII/ptolemy/domains/modal/test/auto/TerminationTransition5.xml
----------------- Instantiating /home/travis/build/icyphy/ptII/ptolemy/domains/modal/test/auto/TerminationTransition5.xml
3 ms. Memory: 276480K Free: 252992K (92%)
----------------- Invoking toplevel() on ptolemy.moml.MoMLSimpleApplication@7e86804a
----------------- Done invoking toplevel() on ptolemy.moml.MoMLSimpleApplication@7e86804a
reloadAllAccessors: .TerminationTransition5

===========================================================================================
----------------- testing Mon Jul 22 01:15:44 UTC 2019 /home/travis/build/icyphy/ptII/ptolemy/domains/modal/test/auto/TerminationTransition6.xml
----------------- Instantiating /home/travis/build/icyphy/ptII/ptolemy/domains/modal/test/auto/TerminationTransition6.xml
1 ms. Memory: 276480K Free: 244140K (88%)
----------------- Invoking toplevel() on ptolemy.moml.MoMLSimpleApplication@265b3f6a
----------------- Done invoking toplevel() on ptolemy.moml.MoMLSimpleApplication@265b3f6a
reloadAllAccessors: .TerminationTransition6

===========================================================================================
----------------- testing Mon Jul 22 01:15:44 UTC 2019 /home/travis/build/icyphy/ptII/ptolemy/domains/modal/test/auto/TerminationTransition7.xml
----------------- Instantiating /home/travis/build/icyphy/ptII/ptolemy/domains/modal/test/auto/TerminationTransition7.xml
2 ms. Memory: 276480K Free: 234924K (85%)
----------------- Invoking toplevel() on ptolemy.moml.MoMLSimpleApplication@1b40b050
----------------- Done invoking toplevel() on ptolemy.moml.MoMLSimpleApplication@1b40b050
reloadAllAccessors: .TerminationTransition7

===========================================================================================
----------------- testing Mon Jul 22 01:15:44 UTC 2019 /home/travis/build/icyphy/ptII/ptolemy/domains/modal/test/auto/TerminationTransition8.xml
----------------- Instantiating /home/travis/build/icyphy/ptII/ptolemy/domains/modal/test/auto/TerminationTransition8.xml
2 ms. Memory: 276480K Free: 225708K (82%)
----------------- Invoking toplevel() on ptolemy.moml.MoMLSimpleApplication@32c15601
----------------- Done invoking toplevel() on ptolemy.moml.MoMLSimpleApplication@32c15601
reloadAllAccessors: .TerminationTransition8

===========================================================================================
----------------- testing Mon Jul 22 01:15:44 UTC 2019 /home/travis/build/icyphy/ptII/ptolemy/domains/modal/test/auto/Thermostat_NoHysteresis.xml
----------------- Instantiating /home/travis/build/icyphy/ptII/ptolemy/domains/modal/test/auto/Thermostat_NoHysteresis.xml
30 ms. Memory: 276480K Free: 201118K (73%)
----------------- Invoking toplevel() on ptolemy.moml.MoMLSimpleApplication@aa4ca45
----------------- Done invoking toplevel() on ptolemy.moml.MoMLSimpleApplication@aa4ca45
reloadAllAccessors: .Thermostat_NoHysteresis

===========================================================================================
----------------- testing Mon Jul 22 01:15:44 UTC 2019 /home/travis/build/icyphy/ptII/ptolemy/domains/modal/test/auto/TimedFSM.xml
----------------- Instantiating /home/travis/build/icyphy/ptII/ptolemy/domains/modal/test/auto/TimedFSM.xml
8 ms. Memory: 276480K Free: 189358K (68%)
----------------- Invoking toplevel() on ptolemy.moml.MoMLSimpleApplication@63e92e01
----------------- Done invoking toplevel() on ptolemy.moml.MoMLSimpleApplication@63e92e01
reloadAllAccessors: .TimedFSM

===========================================================================================
----------------- testing Mon Jul 22 01:15:44 UTC 2019 /home/travis/build/icyphy/ptII/ptolemy/domains/modal/test/auto/Timeout1.xml
----------------- Instantiating /home/travis/build/icyphy/ptII/ptolemy/domains/modal/test/auto/Timeout1.xml
3 ms. Memory: 276480K Free: 183710K (66%)
----------------- Invoking toplevel() on ptolemy.moml.MoMLSimpleApplication@59cb14e0
----------------- Done invoking toplevel() on ptolemy.moml.MoMLSimpleApplication@59cb14e0
reloadAllAccessors: .Timeout1

===========================================================================================
----------------- testing Mon Jul 22 01:15:44 UTC 2019 /home/travis/build/icyphy/ptII/ptolemy/domains/modal/test/auto/Timeout2.xml
----------------- Instantiating /home/travis/build/icyphy/ptII/ptolemy/domains/modal/test/auto/Timeout2.xml
9 ms. Memory: 276480K Free: 175022K (63%)
----------------- Invoking toplevel() on ptolemy.moml.MoMLSimpleApplication@6b0b5237
----------------- Done invoking toplevel() on ptolemy.moml.MoMLSimpleApplication@6b0b5237
reloadAllAccessors: .Timeout2

===========================================================================================
----------------- testing Mon Jul 22 01:15:44 UTC 2019 /home/travis/build/icyphy/ptII/ptolemy/domains/modal/test/auto/Timeout3.xml
----------------- Instantiating /home/travis/build/icyphy/ptII/ptolemy/domains/modal/test/auto/Timeout3.xml
2 ms. Memory: 276480K Free: 169902K (61%)
----------------- Invoking toplevel() on ptolemy.moml.MoMLSimpleApplication@53c76c6c
----------------- Done invoking toplevel() on ptolemy.moml.MoMLSimpleApplication@53c76c6c
reloadAllAccessors: .Timeout3

===========================================================================================
----------------- testing Mon Jul 22 01:15:44 UTC 2019 /home/travis/build/icyphy/ptII/ptolemy/domains/modal/test/auto/Timeout4.xml
----------------- Instantiating /home/travis/build/icyphy/ptII/ptolemy/domains/modal/test/auto/Timeout4.xml
2 ms. Memory: 276480K Free: 164782K (60%)
----------------- Invoking toplevel() on ptolemy.moml.MoMLSimpleApplication@649c1c57
----------------- Done invoking toplevel() on ptolemy.moml.MoMLSimpleApplication@649c1c57
reloadAllAccessors: .Timeout4

===========================================================================================
----------------- testing Mon Jul 22 01:15:44 UTC 2019 /home/travis/build/icyphy/ptII/ptolemy/domains/modal/test/auto/TransientstateModelAdvanced.xml
----------------- Instantiating /home/travis/build/icyphy/ptII/ptolemy/domains/modal/test/auto/TransientstateModelAdvanced.xml
3 ms. Memory: 276480K Free: 152494K (55%)
----------------- Invoking toplevel() on ptolemy.moml.MoMLSimpleApplication@2c55c992
----------------- Done invoking toplevel() on ptolemy.moml.MoMLSimpleApplication@2c55c992
reloadAllAccessors: .TransientstateModelAdvanced

===========================================================================================
----------------- testing Mon Jul 22 01:15:44 UTC 2019 /home/travis/build/icyphy/ptII/ptolemy/domains/modal/test/auto/TransientstateModelAdvanced2.xml
----------------- Instantiating /home/travis/build/icyphy/ptII/ptolemy/domains/modal/test/auto/TransientstateModelAdvanced2.xml
3 ms. Memory: 276480K Free: 138158K (50%)
----------------- Invoking toplevel() on ptolemy.moml.MoMLSimpleApplication@38225c5a
----------------- Done invoking toplevel() on ptolemy.moml.MoMLSimpleApplication@38225c5a
reloadAllAccessors: .transientstatemodelAdvanced

===========================================================================================
----------------- testing Mon Jul 22 01:15:44 UTC 2019 /home/travis/build/icyphy/ptII/ptolemy/domains/modal/test/auto/TransitionRefinements.xml
----------------- Instantiating /home/travis/build/icyphy/ptII/ptolemy/domains/modal/test/auto/TransitionRefinements.xml
7 ms. Memory: 276480K Free: 128422K (46%)
----------------- Invoking toplevel() on ptolemy.moml.MoMLSimpleApplication@524d5f85
----------------- Done invoking toplevel() on ptolemy.moml.MoMLSimpleApplication@524d5f85
reloadAllAccessors: .TransitionRefinements

===========================================================================================
----------------- testing Mon Jul 22 01:15:44 UTC 2019 /home/travis/build/icyphy/ptII/ptolemy/domains/modal/test/auto/TwoRefinements1.xml
----------------- Instantiating /home/travis/build/icyphy/ptII/ptolemy/domains/modal/test/auto/TwoRefinements1.xml
4 ms. Memory: 276480K Free: 118188K (43%)
----------------- Invoking toplevel() on ptolemy.moml.MoMLSimpleApplication@79d92c5b
----------------- Done invoking toplevel() on ptolemy.moml.MoMLSimpleApplication@79d92c5b
reloadAllAccessors: .TwoRefinements1

===========================================================================================
----------------- testing Mon Jul 22 01:15:44 UTC 2019 /home/travis/build/icyphy/ptII/ptolemy/domains/modal/test/auto/TwoRefinements2.xml
----------------- Instantiating /home/travis/build/icyphy/ptII/ptolemy/domains/modal/test/auto/TwoRefinements2.xml
3 ms. Memory: 276480K Free: 108462K (39%)
----------------- Invoking toplevel() on ptolemy.moml.MoMLSimpleApplication@64999434
----------------- Done invoking toplevel() on ptolemy.moml.MoMLSimpleApplication@64999434
reloadAllAccessors: .TwoRefinements2

===========================================================================================
----------------- testing Mon Jul 22 01:15:44 UTC 2019 /home/travis/build/icyphy/ptII/ptolemy/domains/modal/test/auto/WeakImmediateTransition.xml
----------------- Instantiating /home/travis/build/icyphy/ptII/ptolemy/domains/modal/test/auto/WeakImmediateTransition.xml
4 ms. Memory: 276480K Free: 99756K (36%)
----------------- Invoking toplevel() on ptolemy.moml.MoMLSimpleApplication@3c7eff0c
----------------- Done invoking toplevel() on ptolemy.moml.MoMLSimpleApplication@3c7eff0c
reloadAllAccessors: .WeakImmediateTransition

===========================================================================================
----------------- testing Mon Jul 22 01:15:44 UTC 2019 /home/travis/build/icyphy/ptII/ptolemy/domains/modal/test/auto/booleanSelect.xml
----------------- Instantiating /home/travis/build/icyphy/ptII/ptolemy/domains/modal/test/auto/booleanSelect.xml
41 ms. Memory: 346112K Free: 312419K (90%)
----------------- Invoking toplevel() on ptolemy.moml.MoMLSimpleApplication@4df45976
----------------- Done invoking toplevel() on ptolemy.moml.MoMLSimpleApplication@4df45976
reloadAllAccessors: .booleanSelect

===========================================================================================
----------------- testing Mon Jul 22 01:15:44 UTC 2019 /home/travis/build/icyphy/ptII/ptolemy/domains/modal/test/auto/modalChangingParams.xml
----------------- Instantiating /home/travis/build/icyphy/ptII/ptolemy/domains/modal/test/auto/modalChangingParams.xml
0
1
0
2
4
6
8
7
0
2
4
6
8
13
0
2
4
6
8
19
0
2
4
6
8
25
0
2
4
6
8
31
0
2
4
6
8
37
0
2
4
6
8
43
0
2
4
6
8
49
0
2
4
6
8
55
0
2
4
6
8
61
0
2
4
6
8
67
0
2
4
6
8
73
0
2
4
6
8
79
0
2
4
6
8
85
0
2
4
6
8
91
0
2
4
6
8
97
0
2
4
6
8
103
0
2
4
6
8
109
0
2
4
6
8
115
0
2
4
6
8
121
0
2
4
6
8
127
0
2
4
6
8
133
0
2
4
6
8
139
0
2
4
6
8
145
0
2
4
6
8
151
0
2
4
6
8
157
0
2
4
6
8
163
0
2
4
6
8
169
0
2
4
6
8
175
0
2
4
6
8
181
0
2
4
6
8
187
0
2
4
6
8
193
0
2
4
6
8
199
0
2
4
6
8
205
0
2
4
6
8
211
0
2
4
6
8
217
0
2
4
6
8
223
0
2
4
6
8
229
0
2
4
6
8
235
0
2
4
6
8
241
0
2
4
6
8
247
0
2
4
6
8
253
0
2
4
6
8
259
0
2
4
6
8
265
0
2
4
6
8
271
0
2
4
6
8
277
0
2
4
6
8
283
0
2
4
6
8
289
0
2
4
6
8
295
0
2
4
6
8
301
0
2
4
6
8
307
0
2
4
6
8
313
0
2
4
6
8
319
0
2
4
6
8
325
0
2
4
6
8
331
0
2
4
6
8
337
0
2
4
6
8
343
0
2
4
6
8
349
0
2
4
6
8
355
0
2
4
6
8
361
0
2
4
6
8
367
0
2
4
6
8
373
0
2
4
6
8
379
0
2
4
6
8
385
0
2
4
6
8
391
0
2
4
6
8
397
0
2
4
6
8
403
0
2
4
6
8
409
0
2
4
6
8
415
0
2
4
6
8
421
0
2
4
6
8
427
0
2
4
6
8
433
0
2
4
6
8
439
0
2
4
6
8
445
0
2
4
6
8
451
0
2
4
6
8
457
0
2
4
6
8
463
0
2
4
6
8
469
0
2
4
6
8
475
0
2
4
6
8
481
0
2
4
6
8
487
0
2
4
6
8
493
0
2
4
6
8
499
0
2
4
6
8
505
0
2
4
6
8
511
0
2
4
6
8
517
0
2
4
6
8
523
0
2
4
6
8
529
0
2
4
6
8
535
0
2
4
6
8
541
0
2
4
6
8
547
0
2
4
6
8
553
0
2
4
6
8
559
0
2
4
6
8
565
0
2
4
6
8
571
0
2
4
6
8
577
0
2
4
6
8
583
0
2
4
6
8
589
0
2
4
6
8
595
0
2
4
6
8
601
0
2
4
6
8
607
0
2
4
6
8
613
0
2
4
6
8
619
0
2
4
6
8
625
0
2
4
6
8
631
0
2
4
6
8
637
0
2
4
6
8
643
0
2
4
6
8
649
0
2
4
6
8
655
0
2
4
6
8
661
0
2
4
6
8
667
0
2
4
6
8
673
0
2
4
6
8
679
0
2
4
6
8
685
0
2
4
6
8
691
0
2
4
6
8
697
0
2
4
6
8
703
0
2
4
6
8
709
0
2
4
6
8
715
0
2
4
6
8
721
0
2
4
6
8
727
0
2
4
6
8
733
0
2
4
6
8
739
0
2
4
6
8
745
0
2
4
6
8
751
0
2
4
6
8
757
0
2
4
6
8
763
0
2
4
6
8
769
0
2
4
6
8
775
0
2
4
6
8
781
0
2
4
6
8
787
0
2
4
6
8
793
0
2
4
6
8
799
0
2
4
6
8
805
0
2
4
6
8
811
0
2
4
6
8
817
0
2
4
6
8
823
0
2
4
6
8
829
0
2
4
6
8
835
0
2
4
6
8
841
0
2
4
6
8
847
0
2
4
6
8
853
0
2
4
6
8
859
0
2
4
6
8
865
0
2
4
6
8
871
0
2
4
6
8
877
0
2
4
6
8
883
0
2
4
6
8
889
0
2
4
6
8
895
0
2
4
6
8
901
0
2
4
6
8
907
0
2
4
6
8
913
0
2
4
6
8
919
0
2
4
6
8
925
0
2
4
6
8
931
0
2
4
6
8
937
0
2
4
6
8
943
0
2
4
6
8
949
0
2
4
6
8
955
0
2
4
6
8
961
0
2
4
6
8
967
0
2
4
6
8
973
0
2
4
6
8
979
0
2
4
6
8
985
0
2
4
6
8
991
0
2
4
6
8
997
0
2
308 ms. Memory: 346112K Free: 197731K (57%)
----------------- Invoking toplevel() on ptolemy.moml.MoMLSimpleApplication@2f465588
----------------- Done invoking toplevel() on ptolemy.moml.MoMLSimpleApplication@2f465588
reloadAllAccessors: .modalChangingParams

===========================================================================================
----------------- testing Mon Jul 22 01:15:45 UTC 2019 /home/travis/build/icyphy/ptII/ptolemy/domains/modal/test/auto/modalModel.xml
----------------- Instantiating /home/travis/build/icyphy/ptII/ptolemy/domains/modal/test/auto/modalModel.xml
16 ms. Memory: 346112K Free: 188515K (54%)
----------------- Invoking toplevel() on ptolemy.moml.MoMLSimpleApplication@1de06459
----------------- Done invoking toplevel() on ptolemy.moml.MoMLSimpleApplication@1de06459
reloadAllAccessors: .modalModel

===========================================================================================
----------------- testing Mon Jul 22 01:15:45 UTC 2019 /home/travis/build/icyphy/ptII/ptolemy/domains/modal/test/auto/modalModel2.xml
----------------- Instantiating /home/travis/build/icyphy/ptII/ptolemy/domains/modal/test/auto/modalModel2.xml
7 ms. Memory: 346112K Free: 177747K (51%)
----------------- Invoking toplevel() on ptolemy.moml.MoMLSimpleApplication@65fcdc92
----------------- Done invoking toplevel() on ptolemy.moml.MoMLSimpleApplication@65fcdc92
reloadAllAccessors: .modalModel2

===========================================================================================
----------------- testing Mon Jul 22 01:15:45 UTC 2019 /home/travis/build/icyphy/ptII/ptolemy/domains/modal/test/auto/modalModel3.xml
----------------- Instantiating /home/travis/build/icyphy/ptII/ptolemy/domains/modal/test/auto/modalModel3.xml
0	0	0
1	0	1
4	2	2
7	4	3
10	6	4
5	0	5
8	2	6
11	4	7
14	6	8
9	0	9
12	2	10
15	4	11
18	6	12
13	0	13
16	2	14
18 ms. Memory: 346112K Free: 162915K (47%)
----------------- Invoking toplevel() on ptolemy.moml.MoMLSimpleApplication@5a0bb8b3
----------------- Done invoking toplevel() on ptolemy.moml.MoMLSimpleApplication@5a0bb8b3
reloadAllAccessors: .modalModel3

===========================================================================================
----------------- testing Mon Jul 22 01:15:45 UTC 2019 /home/travis/build/icyphy/ptII/ptolemy/domains/modal/test/auto/model1.xml
----------------- Instantiating /home/travis/build/icyphy/ptII/ptolemy/domains/modal/test/auto/model1.xml
12 ms. Memory: 346112K Free: 157267K (45%)
----------------- Invoking toplevel() on ptolemy.moml.MoMLSimpleApplication@7ffc22d9
----------------- Done invoking toplevel() on ptolemy.moml.MoMLSimpleApplication@7ffc22d9
reloadAllAccessors: .model1

===========================================================================================
----------------- testing Mon Jul 22 01:15:45 UTC 2019 /home/travis/build/icyphy/ptII/ptolemy/domains/modal/test/auto/test-direct-in-out.xml
----------------- Instantiating /home/travis/build/icyphy/ptII/ptolemy/domains/modal/test/auto/test-direct-in-out.xml
5 ms. Memory: 346112K Free: 149089K (43%)
----------------- Invoking toplevel() on ptolemy.moml.MoMLSimpleApplication@52b7a194
----------------- Done invoking toplevel() on ptolemy.moml.MoMLSimpleApplication@52b7a194
reloadAllAccessors: .test-direct-in-out
AutoTests.java: About to close Vertx.
AutoTests.java: Vertx closed.
]]></system-out>
  <system-err><![CDATA[java.lang.RuntimeException: Execution failed
	at ptolemy.moml.MoMLSimpleApplication$UnloadThread.run(MoMLSimpleApplication.java:402)
Caused by: ptolemy.kernel.util.IllegalActionException: Unknown inputs remain. Possible causality loop:
L_model_1893289564i

  in .CannotAnalysisWithPreemption.model_1893289564_region_1 and .CannotAnalysisWithPreemption.model_1893289564_region_1.L_model_1893289564i
	at ptolemy.actor.sched.FixedPointDirector.postfire(FixedPointDirector.java:515)
	at ptolemy.domains.sr.kernel.SRDirector.postfire(SRDirector.java:417)
	at ptolemy.actor.CompositeActor.postfire(CompositeActor.java:1668)
	at ptolemy.actor.Manager.iterate(Manager.java:852)
	at ptolemy.actor.Manager.execute(Manager.java:369)
	at ptolemy.actor.Manager.run(Manager.java:1263)
	at ptolemy.actor.Manager$PtolemyRunThread.run(Manager.java:1933)
java.lang.reflect.InvocationTargetException
	at java.base/jdk.internal.reflect.NativeConstructorAccessorImpl.newInstance0(Native Method)
	at java.base/jdk.internal.reflect.NativeConstructorAccessorImpl.newInstance(NativeConstructorAccessorImpl.java:62)
	at java.base/jdk.internal.reflect.DelegatingConstructorAccessorImpl.newInstance(DelegatingConstructorAccessorImpl.java:45)
	at java.base/java.lang.reflect.Constructor.newInstance(Constructor.java:490)
	at ptolemy.util.test.junit.AutoKnownFailedTests.RunModel(AutoKnownFailedTests.java:105)
	at java.base/jdk.internal.reflect.NativeMethodAccessorImpl.invoke0(Native Method)
	at java.base/jdk.internal.reflect.NativeMethodAccessorImpl.invoke(NativeMethodAccessorImpl.java:62)
	at java.base/jdk.internal.reflect.DelegatingMethodAccessorImpl.invoke(DelegatingMethodAccessorImpl.java:43)
	at java.base/java.lang.reflect.Method.invoke(Method.java:566)
	at org.junit.runners.model.FrameworkMethod$1.runReflectiveCall(FrameworkMethod.java:44)
	at org.junit.internal.runners.model.ReflectiveCallable.run(ReflectiveCallable.java:15)
	at org.junit.runners.model.FrameworkMethod.invokeExplosively(FrameworkMethod.java:41)
	at junitparams.internal.InvokeParameterisedMethod.evaluate(InvokeParameterisedMethod.java:102)
	at org.junit.internal.runners.statements.FailOnTimeout$1.run(FailOnTimeout.java:28)
Caused by: ptolemy.kernel.util.IllegalActionException: Unknown inputs remain. Possible causality loop:
L_model_1893289564i

  in .CannotAnalysisWithPreemption.model_1893289564_region_1 and .CannotAnalysisWithPreemption.model_1893289564_region_1.L_model_1893289564i
	at ptolemy.actor.sched.FixedPointDirector.postfire(FixedPointDirector.java:515)
	at ptolemy.domains.sr.kernel.SRDirector.postfire(SRDirector.java:417)
	at ptolemy.actor.CompositeActor.postfire(CompositeActor.java:1668)
	at ptolemy.actor.Manager.iterate(Manager.java:852)
	at ptolemy.actor.Manager.execute(Manager.java:369)
	at ptolemy.actor.Manager.run(Manager.java:1263)
	at ptolemy.actor.Manager$PtolemyRunThread.run(Manager.java:1933)
]]></system-err>
</testsuite>
