<?xml version="1.0" encoding="UTF-8" ?>
<testsuite errors="0" failures="0" hostname="travis-job-fb9be81e-87d7-4519-83ba-97ae2ea075d7" name="ptolemy.domains.de.test.junit.JUnitTclTest" skipped="0" tests="101" time="125.861" timestamp="2018-06-26T01:35:19">
  <properties>
[...]
</properties>
  <testcase classname="ptolemy.util.test.junit.TclTests" name="[0] /home/travis/build/icyphy/ptII/ptolemy/domains/de/test/DependencyLoop.tcl (RunTclFile)" time="0.753" />
  <testcase classname="ptolemy.util.test.junit.TclTests" name="[1] /home/travis/build/icyphy/ptII/ptolemy/domains/de/test/RunDETestsAsQSS.tcl (RunTclFile)" time="86.088" />
  <testcase classname="ptolemy.util.test.junit.AutoKnownFailedTests" name="[0] /home/travis/build/icyphy/ptII/ptolemy/domains/de/test/auto/knownFailedTests/DESDFClockTest.xml (RunModel)" time="2.03" />
  <testcase classname="ptolemy.util.test.junit.AutoKnownFailedTests" name="[1] /home/travis/build/icyphy/ptII/ptolemy/domains/de/test/auto/knownFailedTests/DirectFeedback.xml (RunModel)" time="0.01" />
  <testcase classname="ptolemy.util.test.junit.AutoKnownFailedTests" name="[2] /home/travis/build/icyphy/ptII/ptolemy/domains/de/test/auto/knownFailedTests/FSMSource.xml (RunModel)" time="0.033" />
  <testcase classname="ptolemy.util.test.junit.AutoKnownFailedTests" name="[3] /home/travis/build/icyphy/ptII/ptolemy/domains/de/test/auto/knownFailedTests/HierarchicalModel.xml (RunModel)" time="0.045" />
  <testcase classname="ptolemy.util.test.junit.AutoKnownFailedTests" name="[4] /home/travis/build/icyphy/ptII/ptolemy/domains/de/test/auto/knownFailedTests/dependencyLoop.xml (RunModel)" time="0.034" />
  <testcase classname="ptolemy.util.test.junit.AutoKnownFailedTests" name="[5] /home/travis/build/icyphy/ptII/ptolemy/domains/de/test/auto/knownFailedTests/dependencyLoop2.xml (RunModel)" time="0.053" />
  <testcase classname="ptolemy.util.test.junit.AutoNameArchTests" name="[0] ThereAreNoAutoArchTests (RunModel)" time="0.0" />
  <testcase classname="ptolemy.util.test.junit.AutoTests" name="[0] /home/travis/build/icyphy/ptII/ptolemy/domains/de/test/auto/ActorDepthCalculation_actorWithoutPorts.xml (RunModel)" time="0.017" />
  <testcase classname="ptolemy.util.test.junit.AutoTests" name="[1] /home/travis/build/icyphy/ptII/ptolemy/domains/de/test/auto/AssemblyLine.xml (RunModel)" time="0.019" />
  <testcase classname="ptolemy.util.test.junit.AutoTests" name="[2] /home/travis/build/icyphy/ptII/ptolemy/domains/de/test/auto/CQBug1.xml (RunModel)" time="0.017" />
  <testcase classname="ptolemy.util.test.junit.AutoTests" name="[3] /home/travis/build/icyphy/ptII/ptolemy/domains/de/test/auto/CancelFireAt.xml (RunModel)" time="0.019" />
  <testcase classname="ptolemy.util.test.junit.AutoTests" name="[4] /home/travis/build/icyphy/ptII/ptolemy/domains/de/test/auto/CausalityAndComposabilityAnalysis.xml (RunModel)" time="0.018" />
  <testcase classname="ptolemy.util.test.junit.AutoTests" name="[5] /home/travis/build/icyphy/ptII/ptolemy/domains/de/test/auto/CausalityInterface1.xml (RunModel)" time="0.013" />
  <testcase classname="ptolemy.util.test.junit.AutoTests" name="[6] /home/travis/build/icyphy/ptII/ptolemy/domains/de/test/auto/CausalityInterface15.xml (RunModel)" time="0.022" />
  <testcase classname="ptolemy.util.test.junit.AutoTests" name="[7] /home/travis/build/icyphy/ptII/ptolemy/domains/de/test/auto/CausalityInterface2.xml (RunModel)" time="0.012" />
  <testcase classname="ptolemy.util.test.junit.AutoTests" name="[8] /home/travis/build/icyphy/ptII/ptolemy/domains/de/test/auto/CausalityInterface3.xml (RunModel)" time="0.011" />
  <testcase classname="ptolemy.util.test.junit.AutoTests" name="[9] /home/travis/build/icyphy/ptII/ptolemy/domains/de/test/auto/ClockDrift.xml (RunModel)" time="0.056" />
  <testcase classname="ptolemy.util.test.junit.AutoTests" name="[10] /home/travis/build/icyphy/ptII/ptolemy/domains/de/test/auto/ClockDriftAndValueChange.xml (RunModel)" time="0.032" />
  <testcase classname="ptolemy.util.test.junit.AutoTests" name="[11] /home/travis/build/icyphy/ptII/ptolemy/domains/de/test/auto/ClockDriftChange.xml (RunModel)" time="0.032" />
  <testcase classname="ptolemy.util.test.junit.AutoTests" name="[12] /home/travis/build/icyphy/ptII/ptolemy/domains/de/test/auto/ComposableCausalityAnalysis.xml (RunModel)" time="0.016" />
  <testcase classname="ptolemy.util.test.junit.AutoTests" name="[13] /home/travis/build/icyphy/ptII/ptolemy/domains/de/test/auto/DEFixedPointLimitation.xml (RunModel)" time="0.009" />
  <testcase classname="ptolemy.util.test.junit.AutoTests" name="[14] /home/travis/build/icyphy/ptII/ptolemy/domains/de/test/auto/DEScheduleTest.xml (RunModel)" time="0.013" />
  <testcase classname="ptolemy.util.test.junit.AutoTests" name="[15] /home/travis/build/icyphy/ptII/ptolemy/domains/de/test/auto/DEinDEwithStartTimes.xml (RunModel)" time="0.019" />
  <testcase classname="ptolemy.util.test.junit.AutoTests" name="[16] /home/travis/build/icyphy/ptII/ptolemy/domains/de/test/auto/DEinDEwithStartTimes2.xml (RunModel)" time="0.013" />
  <testcase classname="ptolemy.util.test.junit.AutoTests" name="[17] /home/travis/build/icyphy/ptII/ptolemy/domains/de/test/auto/DateDemo.xml (RunModel)" time="0.027" />
  <testcase classname="ptolemy.util.test.junit.AutoTests" name="[18] /home/travis/build/icyphy/ptII/ptolemy/domains/de/test/auto/DateToEvent.xml (RunModel)" time="2.036" />
  <testcase classname="ptolemy.util.test.junit.AutoTests" name="[19] /home/travis/build/icyphy/ptII/ptolemy/domains/de/test/auto/DepthTest1.xml (RunModel)" time="0.007" />
  <testcase classname="ptolemy.util.test.junit.AutoTests" name="[20] /home/travis/build/icyphy/ptII/ptolemy/domains/de/test/auto/DepthTest2.xml (RunModel)" time="0.016" />
  <testcase classname="ptolemy.util.test.junit.AutoTests" name="[21] /home/travis/build/icyphy/ptII/ptolemy/domains/de/test/auto/DepthTest3.xml (RunModel)" time="0.007" />
  <testcase classname="ptolemy.util.test.junit.AutoTests" name="[22] /home/travis/build/icyphy/ptII/ptolemy/domains/de/test/auto/DepthTest4.xml (RunModel)" time="0.011" />
  <testcase classname="ptolemy.util.test.junit.AutoTests" name="[23] /home/travis/build/icyphy/ptII/ptolemy/domains/de/test/auto/DepthTest5.xml (RunModel)" time="0.013" />
  <testcase classname="ptolemy.util.test.junit.AutoTests" name="[24] /home/travis/build/icyphy/ptII/ptolemy/domains/de/test/auto/DepthTest6.xml (RunModel)" time="0.013" />
  <testcase classname="ptolemy.util.test.junit.AutoTests" name="[25] /home/travis/build/icyphy/ptII/ptolemy/domains/de/test/auto/DepthTest7.xml (RunModel)" time="0.011" />
  <testcase classname="ptolemy.util.test.junit.AutoTests" name="[26] /home/travis/build/icyphy/ptII/ptolemy/domains/de/test/auto/EventToDate.xml (RunModel)" time="3.033" />
  <testcase classname="ptolemy.util.test.junit.AutoTests" name="[27] /home/travis/build/icyphy/ptII/ptolemy/domains/de/test/auto/FSM1.xml (RunModel)" time="0.037" />
  <testcase classname="ptolemy.util.test.junit.AutoTests" name="[28] /home/travis/build/icyphy/ptII/ptolemy/domains/de/test/auto/FSM7.xml (RunModel)" time="0.04" />
  <testcase classname="ptolemy.util.test.junit.AutoTests" name="[29] /home/travis/build/icyphy/ptII/ptolemy/domains/de/test/auto/Inspection.xml (RunModel)" time="0.049" />
  <testcase classname="ptolemy.util.test.junit.AutoTests" name="[30] /home/travis/build/icyphy/ptII/ptolemy/domains/de/test/auto/Iteration.xml (RunModel)" time="0.027" />
  <testcase classname="ptolemy.util.test.junit.AutoTests" name="[31] /home/travis/build/icyphy/ptII/ptolemy/domains/de/test/auto/LineFault.xml (RunModel)" time="0.558" />
  <testcase classname="ptolemy.util.test.junit.AutoTests" name="[32] /home/travis/build/icyphy/ptII/ptolemy/domains/de/test/auto/MergeModel1Add.xml (RunModel)" time="0.036" />
  <testcase classname="ptolemy.util.test.junit.AutoTests" name="[33] /home/travis/build/icyphy/ptII/ptolemy/domains/de/test/auto/MergeModel2Add.xml (RunModel)" time="0.038" />
  <testcase classname="ptolemy.util.test.junit.AutoTests" name="[34] /home/travis/build/icyphy/ptII/ptolemy/domains/de/test/auto/MergeModel3Add.xml (RunModel)" time="0.035" />
  <testcase classname="ptolemy.util.test.junit.AutoTests" name="[35] /home/travis/build/icyphy/ptII/ptolemy/domains/de/test/auto/MergeWithoutDiscard.xml (RunModel)" time="0.009" />
  <testcase classname="ptolemy.util.test.junit.AutoTests" name="[36] /home/travis/build/icyphy/ptII/ptolemy/domains/de/test/auto/Modal1.xml (RunModel)" time="0.026" />
  <testcase classname="ptolemy.util.test.junit.AutoTests" name="[37] /home/travis/build/icyphy/ptII/ptolemy/domains/de/test/auto/Modal2.xml (RunModel)" time="0.025" />
  <testcase classname="ptolemy.util.test.junit.AutoTests" name="[38] /home/travis/build/icyphy/ptII/ptolemy/domains/de/test/auto/Modal3.xml (RunModel)" time="0.025" />
  <testcase classname="ptolemy.util.test.junit.AutoTests" name="[39] /home/travis/build/icyphy/ptII/ptolemy/domains/de/test/auto/Modal4.xml (RunModel)" time="0.025" />
  <testcase classname="ptolemy.util.test.junit.AutoTests" name="[40] /home/travis/build/icyphy/ptII/ptolemy/domains/de/test/auto/Modal5.xml (RunModel)" time="0.025" />
  <testcase classname="ptolemy.util.test.junit.AutoTests" name="[41] /home/travis/build/icyphy/ptII/ptolemy/domains/de/test/auto/Modal6.xml (RunModel)" time="0.025" />
  <testcase classname="ptolemy.util.test.junit.AutoTests" name="[42] /home/travis/build/icyphy/ptII/ptolemy/domains/de/test/auto/Modal7.xml (RunModel)" time="0.024" />
  <testcase classname="ptolemy.util.test.junit.AutoTests" name="[43] /home/travis/build/icyphy/ptII/ptolemy/domains/de/test/auto/ModalModel.xml (RunModel)" time="0.158" />
  <testcase classname="ptolemy.util.test.junit.AutoTests" name="[44] /home/travis/build/icyphy/ptII/ptolemy/domains/de/test/auto/ModalSource.xml (RunModel)" time="0.019" />
  <testcase classname="ptolemy.util.test.junit.AutoTests" name="[45] /home/travis/build/icyphy/ptII/ptolemy/domains/de/test/auto/NonInterruptibleTimerZeroDelay.xml (RunModel)" time="0.01" />
  <testcase classname="ptolemy.util.test.junit.AutoTests" name="[46] /home/travis/build/icyphy/ptII/ptolemy/domains/de/test/auto/OpenQueueingNetwork.xml (RunModel)" time="1.94" />
  <testcase classname="ptolemy.util.test.junit.AutoTests" name="[47] /home/travis/build/icyphy/ptII/ptolemy/domains/de/test/auto/OpenQueuingNetwork.xml (RunModel)" time="0.235" />
  <testcase classname="ptolemy.util.test.junit.AutoTests" name="[48] /home/travis/build/icyphy/ptII/ptolemy/domains/de/test/auto/PeriodicSampler.xml (RunModel)" time="0.008" />
  <testcase classname="ptolemy.util.test.junit.AutoTests" name="[49] /home/travis/build/icyphy/ptII/ptolemy/domains/de/test/auto/PersistentIO.xml (RunModel)" time="0.019" />
  <testcase classname="ptolemy.util.test.junit.AutoTests" name="[50] /home/travis/build/icyphy/ptII/ptolemy/domains/de/test/auto/PortParameterResetOnInitialize.xml (RunModel)" time="0.019" />
  <testcase classname="ptolemy.util.test.junit.AutoTests" name="[51] /home/travis/build/icyphy/ptII/ptolemy/domains/de/test/auto/PortParameterUpdates.xml (RunModel)" time="0.013" />
  <testcase classname="ptolemy.util.test.junit.AutoTests" name="[52] /home/travis/build/icyphy/ptII/ptolemy/domains/de/test/auto/QueueAndServer.xml (RunModel)" time="0.021" />
  <testcase classname="ptolemy.util.test.junit.AutoTests" name="[53] /home/travis/build/icyphy/ptII/ptolemy/domains/de/test/auto/Records.xml (RunModel)" time="0.022" />
  <testcase classname="ptolemy.util.test.junit.AutoTests" name="[54] /home/travis/build/icyphy/ptII/ptolemy/domains/de/test/auto/ResetTransitionWithStartTime1.xml (RunModel)" time="0.018" />
  <testcase classname="ptolemy.util.test.junit.AutoTests" name="[55] /home/travis/build/icyphy/ptII/ptolemy/domains/de/test/auto/ResetTransitionWithStartTime2.xml (RunModel)" time="0.018" />
  <testcase classname="ptolemy.util.test.junit.AutoTests" name="[56] /home/travis/build/icyphy/ptII/ptolemy/domains/de/test/auto/ResetTransitionWithStartTime3.xml (RunModel)" time="0.016" />
  <testcase classname="ptolemy.util.test.junit.AutoTests" name="[57] /home/travis/build/icyphy/ptII/ptolemy/domains/de/test/auto/ResetTransitionWithStartTime4.xml (RunModel)" time="0.016" />
  <testcase classname="ptolemy.util.test.junit.AutoTests" name="[58] /home/travis/build/icyphy/ptII/ptolemy/domains/de/test/auto/ResettableTimer1.xml (RunModel)" time="0.01" />
  <testcase classname="ptolemy.util.test.junit.AutoTests" name="[59] /home/travis/build/icyphy/ptII/ptolemy/domains/de/test/auto/ResettableTimer2.xml (RunModel)" time="0.009" />
  <testcase classname="ptolemy.util.test.junit.AutoTests" name="[60] /home/travis/build/icyphy/ptII/ptolemy/domains/de/test/auto/ResettableTimer3.xml (RunModel)" time="0.008" />
  <testcase classname="ptolemy.util.test.junit.AutoTests" name="[61] /home/travis/build/icyphy/ptII/ptolemy/domains/de/test/auto/ResettableTimer4.xml (RunModel)" time="0.007" />
  <testcase classname="ptolemy.util.test.junit.AutoTests" name="[62] /home/travis/build/icyphy/ptII/ptolemy/domains/de/test/auto/ResettableTimer5.xml (RunModel)" time="0.008" />
  <testcase classname="ptolemy.util.test.junit.AutoTests" name="[63] /home/travis/build/icyphy/ptII/ptolemy/domains/de/test/auto/ResettableTimer6.xml (RunModel)" time="0.01" />
  <testcase classname="ptolemy.util.test.junit.AutoTests" name="[64] /home/travis/build/icyphy/ptII/ptolemy/domains/de/test/auto/ServerZeroDelay.xml (RunModel)" time="0.009" />
  <testcase classname="ptolemy.util.test.junit.AutoTests" name="[65] /home/travis/build/icyphy/ptII/ptolemy/domains/de/test/auto/SmartSender.xml (RunModel)" time="3.01" />
  <testcase classname="ptolemy.util.test.junit.AutoTests" name="[66] /home/travis/build/icyphy/ptII/ptolemy/domains/de/test/auto/ThreadedComposite.xml (RunModel)" time="0.303" />
  <testcase classname="ptolemy.util.test.junit.AutoTests" name="[67] /home/travis/build/icyphy/ptII/ptolemy/domains/de/test/auto/Time.xml (RunModel)" time="0.382" />
  <testcase classname="ptolemy.util.test.junit.AutoTests" name="[68] /home/travis/build/icyphy/ptII/ptolemy/domains/de/test/auto/TimeDelayZeroDelay.xml (RunModel)" time="0.01" />
  <testcase classname="ptolemy.util.test.junit.AutoTests" name="[69] /home/travis/build/icyphy/ptII/ptolemy/domains/de/test/auto/TimerZeroDelay.xml (RunModel)" time="0.009" />
  <testcase classname="ptolemy.util.test.junit.AutoTests" name="[70] /home/travis/build/icyphy/ptII/ptolemy/domains/de/test/auto/TimingParadox.xml (RunModel)" time="0.349" />
  <testcase classname="ptolemy.util.test.junit.AutoTests" name="[71] /home/travis/build/icyphy/ptII/ptolemy/domains/de/test/auto/TransferInputs.xml (RunModel)" time="0.009" />
  <testcase classname="ptolemy.util.test.junit.AutoTests" name="[72] /home/travis/build/icyphy/ptII/ptolemy/domains/de/test/auto/TransferOutputs2.xml (RunModel)" time="0.022" />
  <testcase classname="ptolemy.util.test.junit.AutoTests" name="[73] /home/travis/build/icyphy/ptII/ptolemy/domains/de/test/auto/Trilateration.xml (RunModel)" time="11.141" />
  <testcase classname="ptolemy.util.test.junit.AutoTests" name="[74] /home/travis/build/icyphy/ptII/ptolemy/domains/de/test/auto/TwoSigmaDelta.xml (RunModel)" time="1.987" />
  <testcase classname="ptolemy.util.test.junit.AutoTests" name="[75] /home/travis/build/icyphy/ptII/ptolemy/domains/de/test/auto/VariableDelay.xml (RunModel)" time="0.008" />
  <testcase classname="ptolemy.util.test.junit.AutoTests" name="[76] /home/travis/build/icyphy/ptII/ptolemy/domains/de/test/auto/VariableDelay2.xml (RunModel)" time="0.008" />
  <testcase classname="ptolemy.util.test.junit.AutoTests" name="[77] /home/travis/build/icyphy/ptII/ptolemy/domains/de/test/auto/VariableDelayZeroDelay.xml (RunModel)" time="0.012" />
  <testcase classname="ptolemy.util.test.junit.AutoTests" name="[78] /home/travis/build/icyphy/ptII/ptolemy/domains/de/test/auto/VariableDelayZeroDelay2.xml (RunModel)" time="0.012" />
  <testcase classname="ptolemy.util.test.junit.AutoTests" name="[79] /home/travis/build/icyphy/ptII/ptolemy/domains/de/test/auto/deInCt.xml (RunModel)" time="0.018" />
  <testcase classname="ptolemy.util.test.junit.AutoTests" name="[80] /home/travis/build/icyphy/ptII/ptolemy/domains/de/test/auto/deInCt2.xml (RunModel)" time="0.015" />
  <testcase classname="ptolemy.util.test.junit.AutoTests" name="[81] /home/travis/build/icyphy/ptII/ptolemy/domains/de/test/auto/dynamicCausalityInterface1.xml (RunModel)" time="0.018" />
  <testcase classname="ptolemy.util.test.junit.AutoTests" name="[82] /home/travis/build/icyphy/ptII/ptolemy/domains/de/test/auto/fsm_de_test.xml (RunModel)" time="0.02" />
  <testcase classname="ptolemy.util.test.junit.AutoTests" name="[83] /home/travis/build/icyphy/ptII/ptolemy/domains/de/test/auto/functionDependencyReconstruction.xml (RunModel)" time="0.028" />
  <testcase classname="ptolemy.util.test.junit.AutoTests" name="[84] /home/travis/build/icyphy/ptII/ptolemy/domains/de/test/auto/multirate.xml (RunModel)" time="0.014" />
  <testcase classname="ptolemy.util.test.junit.AutoTests" name="[85] /home/travis/build/icyphy/ptII/ptolemy/domains/de/test/auto/multirate2.xml (RunModel)" time="0.013" />
  <testcase classname="ptolemy.util.test.junit.AutoTests" name="[86] /home/travis/build/icyphy/ptII/ptolemy/domains/de/test/auto/realtime.xml (RunModel)" time="10.01" />
  <testcase classname="ptolemy.util.test.junit.AutoTests" name="[87] /home/travis/build/icyphy/ptII/ptolemy/domains/de/test/auto/relationGroup.xml (RunModel)" time="0.007" />
  <testcase classname="ptolemy.util.test.junit.AutoTests" name="[88] /home/travis/build/icyphy/ptII/ptolemy/domains/de/test/auto/relationGroup2.xml (RunModel)" time="0.009" />
  <testcase classname="ptolemy.util.test.junit.AutoTests" name="[89] /home/travis/build/icyphy/ptII/ptolemy/domains/de/test/auto/sortWithOpaquePorts.xml (RunModel)" time="0.01" />
  <testcase classname="ptolemy.util.test.junit.AutoTests" name="[90] /home/travis/build/icyphy/ptII/ptolemy/domains/de/test/auto/transferInputsandOutputs.xml (RunModel)" time="0.014" />
  <testcase classname="ptolemy.util.test.junit.AutoTests" name="[91] /home/travis/build/icyphy/ptII/ptolemy/domains/de/test/auto/triggerType.xml (RunModel)" time="0.011" />
  <system-out><![CDATA[/home/travis/build/icyphy/ptII/ptolemy/domains/de/test/DependencyLoop.tcl
testDefs.tcl: setting time out to 9000 seconds at Tue Jun 26 01:35:19 UTC 2018
17 ms. Memory: 116224K Free: 93882K (81%)
6 ms. Memory: 146944K Free: 135448K (92%)
/home/travis/build/icyphy/ptII/ptolemy/domains/de/test/RunDETestsAsQSS.tcl
Run the DE tests using ptolemy.domains.qss.test.QSSDirectorTest, which extends QSSDirector and prints a message in the constructors.
------------------ testing $PTII/ptolemy/domains/de/test/auto/knownFailedTests/dependencyLoop.xml (Known Failure) 
15 ms. Memory: 146944K Free: 132336K (90%)


==== $PTIIhome/travis/build/icyphy/ptII/ptolemy/domains/de/test/../../../../: Auto Automatic test in file $PTII/ptolemy/domains/de/test/auto/knownFailedTests/dependencyLoop.xml
==== Contents of test case:

	    # FIXME: we should use $relativeFilename here, but it
	    # might have backslashes under Windows, which causes no end
	    # of trouble.
	    createAndExecute $file
	    list {}
	
.... Test generated KNOWN error:
    while executing
ptolemy.kernel.util.IllegalActionException: Found a zero delay loop containing .dependencyLoop.original
  in .dependencyLoop and .dependencyLoop.original
	at ptolemy.actor.util.CausalityInterfaceForComposites._computeOutputPortDepth(CausalityInterfaceForComposites.java:759)
	at ptolemy.actor.util.CausalityInterfaceForComposites._computeInputDepth(CausalityInterfaceForComposites.java:696)
	at ptolemy.actor.util.CausalityInterfaceForComposites._computeOutputPortDepth(CausalityInterfaceForComposites.java:765)
	at ptolemy.actor.util.CausalityInterfaceForComposites._computeInputDepth(CausalityInterfaceForComposites.java:696)
	at ptolemy.actor.util.CausalityInterfaceForComposites._computeOutputPortDepth(CausalityInterfaceForComposites.java:765)
	at ptolemy.actor.util.CausalityInterfaceForComposites._computeInputDepth(CausalityInterfaceForComposites.java:696)
	at ptolemy.actor.util.CausalityInterfaceForComposites._computeActorDepth(CausalityInterfaceForComposites.java:532)
	at ptolemy.actor.util.CausalityInterfaceForComposites.checkForCycles(CausalityInterfaceForComposites.java:96)
	at ptolemy.domains.de.kernel.DEDirector.preinitialize(DEDirector.java:1338)
	at ptolemy.actor.CompositeActor.preinitialize(CompositeActor.java:1828)
	at ptolemy.actor.Manager.preinitializeAndResolveTypes(Manager.java:1040)
	at ptolemy.actor.Manager.initialize(Manager.java:710)
	at ptolemy.actor.Manager.execute(Manager.java:356)
	at ptolemy.actor.Manager.run(Manager.java:1263)
	at ptolemy.actor.Manager$PtolemyRunThread.run(Manager.java:1915)

    while executing
ptolemy.kernel.util.IllegalActionException: Found a zero delay loop containing .dependencyLoop.original
  in .dependencyLoop and .dependencyLoop.original
    while executing
"java::new ptolemy.moml.MoMLSimpleApplication $file
"
    (procedure "createAndExecute" line 2)
    invoked from within
"createAndExecute $file"
    ("uplevel" body line 5)
    invoked from within
"uplevel $contents_of_test"
------------------ testing $PTII/ptolemy/domains/de/test/auto/knownFailedTests/DESDFClockTest.xml (Known Failure) 
2088 ms. Memory: 146944K Free: 116429K (79%)


==== $PTIIhome/travis/build/icyphy/ptII/ptolemy/domains/de/test/../../../../: Auto Automatic test in file $PTII/ptolemy/domains/de/test/auto/knownFailedTests/DESDFClockTest.xml
==== Contents of test case:

	    # FIXME: we should use $relativeFilename here, but it
	    # might have backslashes under Windows, which causes no end
	    # of trouble.
	    createAndExecute $file
	    list {}
	
.... Test generated KNOWN error:
    while executing
ptolemy.kernel.util.IllegalActionException: Actor is not ready to fire.  Perhaps UpSample.prefire() returned false? Try debugging the actor by selecting "Listen to Actor".  Also, for SDF check moml for tokenConsumptionRate on input.
  in .DESDFClockTest.Play Bell.Copy1:SDF Director and .DESDFClockTest.Play Bell.UpSample
	at ptolemy.actor.sched.StaticSchedulingDirector.fire(StaticSchedulingDirector.java:227)
	at ptolemy.domains.sdf.kernel.SDFDirector.fire(SDFDirector.java:500)
	at ptolemy.actor.CompositeActor.fire(CompositeActor.java:455)
	at ptolemy.domains.de.kernel.DEDirector._fire(DEDirector.java:1949)
	at ptolemy.domains.de.kernel.DEDirector.fire(DEDirector.java:502)
	at ptolemy.actor.CompositeActor.fire(CompositeActor.java:455)
	at ptolemy.actor.Manager.iterate(Manager.java:851)
	at ptolemy.actor.Manager.execute(Manager.java:369)
	at ptolemy.actor.Manager.run(Manager.java:1263)
	at ptolemy.actor.Manager$PtolemyRunThread.run(Manager.java:1915)

    while executing
ptolemy.kernel.util.IllegalActionException: Actor is not ready to fire.  Perhaps UpSample.prefire() returned false? Try debugging the actor by selecting "Listen to Actor".  Also, for SDF check moml for tokenConsumptionRate on input.
  in .DESDFClockTest.Play Bell.Copy1:SDF Director and .DESDFClockTest.Play Bell.UpSample
    while executing
"java::new ptolemy.moml.MoMLSimpleApplication $file
"
    (procedure "createAndExecute" line 2)
    invoked from within
"createAndExecute $file"
    ("uplevel" body line 5)
    invoked from within
"uplevel $contents_of_test"
------------------ testing $PTII/ptolemy/domains/de/test/auto/knownFailedTests/FSMSource.xml (Known Failure) 
20 ms. Memory: 146944K Free: 107380K (73%)
!!!! Auto was marked as failing, but now passes
------------------ testing $PTII/ptolemy/domains/de/test/auto/knownFailedTests/dependencyLoop2.xml (Known Failure) 
6 ms. Memory: 146944K Free: 105497K (72%)


==== $PTIIhome/travis/build/icyphy/ptII/ptolemy/domains/de/test/../../../../: Auto Automatic test in file $PTII/ptolemy/domains/de/test/auto/knownFailedTests/dependencyLoop2.xml
==== Contents of test case:

	    # FIXME: we should use $relativeFilename here, but it
	    # might have backslashes under Windows, which causes no end
	    # of trouble.
	    createAndExecute $file
	    list {}
	
.... Test generated KNOWN error:
    while executing
ptolemy.kernel.util.IllegalActionException: Found a zero delay loop containing .dependencyLoop2.original
  in .dependencyLoop2 and .dependencyLoop2.original
	at ptolemy.actor.util.CausalityInterfaceForComposites._computeOutputPortDepth(CausalityInterfaceForComposites.java:759)
	at ptolemy.actor.util.CausalityInterfaceForComposites._computeInputDepth(CausalityInterfaceForComposites.java:696)
	at ptolemy.actor.util.CausalityInterfaceForComposites._computeOutputPortDepth(CausalityInterfaceForComposites.java:765)
	at ptolemy.actor.util.CausalityInterfaceForComposites._computeInputDepth(CausalityInterfaceForComposites.java:696)
	at ptolemy.actor.util.CausalityInterfaceForComposites._computeOutputPortDepth(CausalityInterfaceForComposites.java:765)
	at ptolemy.actor.util.CausalityInterfaceForComposites._computeInputDepth(CausalityInterfaceForComposites.java:696)
	at ptolemy.actor.util.CausalityInterfaceForComposites._computeActorDepth(CausalityInterfaceForComposites.java:532)
	at ptolemy.actor.util.CausalityInterfaceForComposites.checkForCycles(CausalityInterfaceForComposites.java:96)
	at ptolemy.domains.de.kernel.DEDirector.preinitialize(DEDirector.java:1338)
	at ptolemy.actor.CompositeActor.preinitialize(CompositeActor.java:1828)
	at ptolemy.actor.Manager.preinitializeAndResolveTypes(Manager.java:1040)
	at ptolemy.actor.Manager.initialize(Manager.java:710)
	at ptolemy.actor.Manager.execute(Manager.java:356)
	at ptolemy.actor.Manager.run(Manager.java:1263)
	at ptolemy.actor.Manager$PtolemyRunThread.run(Manager.java:1915)

    while executing
ptolemy.kernel.util.IllegalActionException: Found a zero delay loop containing .dependencyLoop2.original
  in .dependencyLoop2 and .dependencyLoop2.original
    while executing
"java::new ptolemy.moml.MoMLSimpleApplication $file
"
    (procedure "createAndExecute" line 2)
    invoked from within
"createAndExecute $file"
    ("uplevel" body line 5)
    invoked from within
"uplevel $contents_of_test"
------------------ testing $PTII/ptolemy/domains/de/test/auto/knownFailedTests/HierarchicalModel.xml (Known Failure) 
8 ms. Memory: 146944K Free: 84862K (58%)


==== $PTIIhome/travis/build/icyphy/ptII/ptolemy/domains/de/test/../../../../: Auto Automatic test in file $PTII/ptolemy/domains/de/test/auto/knownFailedTests/HierarchicalModel.xml
==== Contents of test case:

	    # FIXME: we should use $relativeFilename here, but it
	    # might have backslashes under Windows, which causes no end
	    # of trouble.
	    createAndExecute $file
	    list {}
	
.... Test generated KNOWN error:
    while executing
ptolemy.kernel.util.IllegalActionException: Found a zero delay loop containing .HierarchicalModel.A
  in .HierarchicalModel and .HierarchicalModel.A
	at ptolemy.actor.util.CausalityInterfaceForComposites._computeOutputPortDepth(CausalityInterfaceForComposites.java:759)
	at ptolemy.actor.util.CausalityInterfaceForComposites._computeInputDepth(CausalityInterfaceForComposites.java:696)
	at ptolemy.actor.util.CausalityInterfaceForComposites._computeOutputPortDepth(CausalityInterfaceForComposites.java:765)
	at ptolemy.actor.util.CausalityInterfaceForComposites._computeInputDepth(CausalityInterfaceForComposites.java:696)
	at ptolemy.actor.util.CausalityInterfaceForComposites._computeOutputPortDepth(CausalityInterfaceForComposites.java:765)
	at ptolemy.actor.util.CausalityInterfaceForComposites._computeInputDepth(CausalityInterfaceForComposites.java:696)
	at ptolemy.actor.util.CausalityInterfaceForComposites._computeActorDepth(CausalityInterfaceForComposites.java:532)
	at ptolemy.actor.util.CausalityInterfaceForComposites.checkForCycles(CausalityInterfaceForComposites.java:96)
	at ptolemy.domains.de.kernel.DEDirector.preinitialize(DEDirector.java:1338)
	at ptolemy.actor.CompositeActor.preinitialize(CompositeActor.java:1828)
	at ptolemy.actor.Manager.preinitializeAndResolveTypes(Manager.java:1040)
	at ptolemy.actor.Manager.initialize(Manager.java:710)
	at ptolemy.actor.Manager.execute(Manager.java:356)
	at ptolemy.actor.Manager.run(Manager.java:1263)
	at ptolemy.actor.Manager$PtolemyRunThread.run(Manager.java:1915)

    while executing
ptolemy.kernel.util.IllegalActionException: Found a zero delay loop containing .HierarchicalModel.A
  in .HierarchicalModel and .HierarchicalModel.A
    while executing
"java::new ptolemy.moml.MoMLSimpleApplication $file
"
    (procedure "createAndExecute" line 2)
    invoked from within
"createAndExecute $file"
    ("uplevel" body line 5)
    invoked from within
"uplevel $contents_of_test"
------------------ testing $PTII/ptolemy/domains/de/test/auto/knownFailedTests/DirectFeedback.xml (Known Failure) 
8 ms. Memory: 146944K Free: 141123K (96%)


==== $PTIIhome/travis/build/icyphy/ptII/ptolemy/domains/de/test/../../../../: Auto Automatic test in file $PTII/ptolemy/domains/de/test/auto/knownFailedTests/DirectFeedback.xml
==== Contents of test case:

	    # FIXME: we should use $relativeFilename here, but it
	    # might have backslashes under Windows, which causes no end
	    # of trouble.
	    createAndExecute $file
	    list {}
	
.... Test generated KNOWN error:
    while executing
ptolemy.kernel.util.IllegalActionException: Test fails in iteration 1.
Value was: 1.0. Should have been: 2.0
  in .DirectFeedback.Test
	at ptolemy.actor.lib.Test.fire(Test.java:268)
	at ptolemy.domains.de.kernel.DEDirector._fire(DEDirector.java:1949)
	at ptolemy.domains.de.kernel.DEDirector.fire(DEDirector.java:502)
	at ptolemy.actor.CompositeActor.fire(CompositeActor.java:455)
	at ptolemy.actor.Manager.iterate(Manager.java:851)
	at ptolemy.actor.Manager.execute(Manager.java:369)
	at ptolemy.actor.Manager.run(Manager.java:1263)
	at ptolemy.actor.Manager$PtolemyRunThread.run(Manager.java:1915)

    while executing
ptolemy.kernel.util.IllegalActionException: Test fails in iteration 1.
Value was: 1.0. Should have been: 2.0
  in .DirectFeedback.Test
    while executing
"java::new ptolemy.moml.MoMLSimpleApplication $file
"
    (procedure "createAndExecute" line 2)
    invoked from within
"createAndExecute $file"
    ("uplevel" body line 5)
    invoked from within
"uplevel $contents_of_test"
------------------ testing $PTII/ptolemy/domains/de/test/auto/ActorDepthCalculation_actorWithoutPorts.xml
auto.tcl: Setting watchdog for 200 seconds at Tue Jun 26 01:35:23 UTC 2018
4 ms. Memory: 146944K Free: 132381K (90%)
ptolemy.util.test.WatchDog.cancel(): canceling Tue Jun 26 01:35:23 UTC 2018
auto.tcl: Setting watchdog for 200 seconds at Tue Jun 26 01:35:23 UTC 2018
4 ms. Memory: 146944K Free: 131333K (89%)
ptolemy.util.test.WatchDog.cancel(): canceling Tue Jun 26 01:35:23 UTC 2018
------------------ testing $PTII/ptolemy/domains/de/test/auto/AssemblyLine.xml
auto.tcl: Setting watchdog for 200 seconds at Tue Jun 26 01:35:23 UTC 2018
23 ms. Memory: 208384K Free: 182797K (88%)
ptolemy.util.test.WatchDog.cancel(): canceling Tue Jun 26 01:35:23 UTC 2018
auto.tcl: Setting watchdog for 200 seconds at Tue Jun 26 01:35:23 UTC 2018
8 ms. Memory: 208384K Free: 182797K (88%)
ptolemy.util.test.WatchDog.cancel(): canceling Tue Jun 26 01:35:23 UTC 2018
------------------ testing $PTII/ptolemy/domains/de/test/auto/CQBug1.xml
auto.tcl: Setting watchdog for 200 seconds at Tue Jun 26 01:35:23 UTC 2018
10 ms. Memory: 208384K Free: 197694K (95%)
ptolemy.util.test.WatchDog.cancel(): canceling Tue Jun 26 01:35:23 UTC 2018
auto.tcl: Setting watchdog for 200 seconds at Tue Jun 26 01:35:23 UTC 2018
2 ms. Memory: 208384K Free: 197694K (95%)
ptolemy.util.test.WatchDog.cancel(): canceling Tue Jun 26 01:35:23 UTC 2018
------------------ testing $PTII/ptolemy/domains/de/test/auto/CancelFireAt.xml
auto.tcl: Setting watchdog for 200 seconds at Tue Jun 26 01:35:23 UTC 2018
33 ms. Memory: 208384K Free: 201426K (97%)
ptolemy.util.test.WatchDog.cancel(): canceling Tue Jun 26 01:35:24 UTC 2018
auto.tcl: Setting watchdog for 200 seconds at Tue Jun 26 01:35:24 UTC 2018
5 ms. Memory: 208384K Free: 199315K (96%)
ptolemy.util.test.WatchDog.cancel(): canceling Tue Jun 26 01:35:24 UTC 2018
------------------ testing $PTII/ptolemy/domains/de/test/auto/CausalityAndComposabilityAnalysis.xml
auto.tcl: Setting watchdog for 200 seconds at Tue Jun 26 01:35:24 UTC 2018
15 ms. Memory: 208384K Free: 196463K (94%)
ptolemy.util.test.WatchDog.cancel(): canceling Tue Jun 26 01:35:24 UTC 2018
auto.tcl: Setting watchdog for 200 seconds at Tue Jun 26 01:35:24 UTC 2018
5 ms. Memory: 208384K Free: 196463K (94%)
ptolemy.util.test.WatchDog.cancel(): canceling Tue Jun 26 01:35:24 UTC 2018
------------------ testing $PTII/ptolemy/domains/de/test/auto/CausalityInterface1.xml
auto.tcl: Setting watchdog for 200 seconds at Tue Jun 26 01:35:24 UTC 2018
20 ms. Memory: 208384K Free: 196399K (94%)
ptolemy.util.test.WatchDog.cancel(): canceling Tue Jun 26 01:35:24 UTC 2018
auto.tcl: Setting watchdog for 200 seconds at Tue Jun 26 01:35:24 UTC 2018
4 ms. Memory: 208384K Free: 196399K (94%)
ptolemy.util.test.WatchDog.cancel(): canceling Tue Jun 26 01:35:24 UTC 2018
------------------ testing $PTII/ptolemy/domains/de/test/auto/CausalityInterface15.xml
auto.tcl: Setting watchdog for 200 seconds at Tue Jun 26 01:35:24 UTC 2018
7 ms. Memory: 208384K Free: 196390K (94%)
ptolemy.util.test.WatchDog.cancel(): canceling Tue Jun 26 01:35:24 UTC 2018
auto.tcl: Setting watchdog for 200 seconds at Tue Jun 26 01:35:24 UTC 2018
3 ms. Memory: 208384K Free: 196390K (94%)
ptolemy.util.test.WatchDog.cancel(): canceling Tue Jun 26 01:35:24 UTC 2018
------------------ testing $PTII/ptolemy/domains/de/test/auto/CausalityInterface2.xml
auto.tcl: Setting watchdog for 200 seconds at Tue Jun 26 01:35:24 UTC 2018
6 ms. Memory: 208384K Free: 196374K (94%)
ptolemy.util.test.WatchDog.cancel(): canceling Tue Jun 26 01:35:24 UTC 2018
auto.tcl: Setting watchdog for 200 seconds at Tue Jun 26 01:35:24 UTC 2018
3 ms. Memory: 208384K Free: 196374K (94%)
ptolemy.util.test.WatchDog.cancel(): canceling Tue Jun 26 01:35:24 UTC 2018
------------------ testing $PTII/ptolemy/domains/de/test/auto/CausalityInterface3.xml
auto.tcl: Setting watchdog for 200 seconds at Tue Jun 26 01:35:24 UTC 2018
7 ms. Memory: 208384K Free: 196388K (94%)
ptolemy.util.test.WatchDog.cancel(): canceling Tue Jun 26 01:35:24 UTC 2018
auto.tcl: Setting watchdog for 200 seconds at Tue Jun 26 01:35:24 UTC 2018
6 ms. Memory: 208384K Free: 196388K (94%)
ptolemy.util.test.WatchDog.cancel(): canceling Tue Jun 26 01:35:24 UTC 2018
------------------ testing $PTII/ptolemy/domains/de/test/auto/ClockDrift.xml
auto.tcl: Setting watchdog for 200 seconds at Tue Jun 26 01:35:24 UTC 2018
74 ms. Memory: 208384K Free: 187583K (90%)
ptolemy.util.test.WatchDog.cancel(): canceling Tue Jun 26 01:35:24 UTC 2018
auto.tcl: Setting watchdog for 200 seconds at Tue Jun 26 01:35:24 UTC 2018
66 ms. Memory: 208384K Free: 185471K (89%)
ptolemy.util.test.WatchDog.cancel(): canceling Tue Jun 26 01:35:24 UTC 2018
------------------ testing $PTII/ptolemy/domains/de/test/auto/ClockDriftAndValueChange.xml
auto.tcl: Setting watchdog for 200 seconds at Tue Jun 26 01:35:24 UTC 2018
42 ms. Memory: 208384K Free: 187418K (90%)
ptolemy.util.test.WatchDog.cancel(): canceling Tue Jun 26 01:35:24 UTC 2018
auto.tcl: Setting watchdog for 200 seconds at Tue Jun 26 01:35:24 UTC 2018
33 ms. Memory: 208384K Free: 185306K (89%)
ptolemy.util.test.WatchDog.cancel(): canceling Tue Jun 26 01:35:24 UTC 2018
------------------ testing $PTII/ptolemy/domains/de/test/auto/ClockDriftChange.xml
auto.tcl: Setting watchdog for 200 seconds at Tue Jun 26 01:35:24 UTC 2018
30 ms. Memory: 208384K Free: 190752K (92%)
ptolemy.util.test.WatchDog.cancel(): canceling Tue Jun 26 01:35:25 UTC 2018
auto.tcl: Setting watchdog for 200 seconds at Tue Jun 26 01:35:25 UTC 2018
26 ms. Memory: 208384K Free: 188640K (91%)
ptolemy.util.test.WatchDog.cancel(): canceling Tue Jun 26 01:35:25 UTC 2018
------------------ testing $PTII/ptolemy/domains/de/test/auto/ComposableCausalityAnalysis.xml
auto.tcl: Setting watchdog for 200 seconds at Tue Jun 26 01:35:25 UTC 2018
2 ms. Memory: 208384K Free: 196243K (94%)
ptolemy.util.test.WatchDog.cancel(): canceling Tue Jun 26 01:35:25 UTC 2018
auto.tcl: Setting watchdog for 200 seconds at Tue Jun 26 01:35:25 UTC 2018
2 ms. Memory: 208384K Free: 194131K (93%)
ptolemy.util.test.WatchDog.cancel(): canceling Tue Jun 26 01:35:25 UTC 2018
------------------ testing $PTII/ptolemy/domains/de/test/auto/DEFixedPointLimitation.xml
auto.tcl: Setting watchdog for 200 seconds at Tue Jun 26 01:35:25 UTC 2018
1 ms. Memory: 208384K Free: 196323K (94%)
ptolemy.util.test.WatchDog.cancel(): canceling Tue Jun 26 01:35:25 UTC 2018
auto.tcl: Setting watchdog for 200 seconds at Tue Jun 26 01:35:25 UTC 2018
2 ms. Memory: 208384K Free: 196323K (94%)
ptolemy.util.test.WatchDog.cancel(): canceling Tue Jun 26 01:35:25 UTC 2018
------------------ testing $PTII/ptolemy/domains/de/test/auto/DEScheduleTest.xml
auto.tcl: Setting watchdog for 200 seconds at Tue Jun 26 01:35:25 UTC 2018
5 ms. Memory: 208384K Free: 198471K (95%)
ptolemy.util.test.WatchDog.cancel(): canceling Tue Jun 26 01:35:25 UTC 2018
auto.tcl: Setting watchdog for 200 seconds at Tue Jun 26 01:35:25 UTC 2018
6 ms. Memory: 208384K Free: 196359K (94%)
ptolemy.util.test.WatchDog.cancel(): canceling Tue Jun 26 01:35:25 UTC 2018
------------------ testing $PTII/ptolemy/domains/de/test/auto/DEinDEwithStartTimes.xml
auto.tcl: Setting watchdog for 200 seconds at Tue Jun 26 01:35:25 UTC 2018
5 ms. Memory: 208384K Free: 196329K (94%)
ptolemy.util.test.WatchDog.cancel(): canceling Tue Jun 26 01:35:25 UTC 2018
auto.tcl: Setting watchdog for 200 seconds at Tue Jun 26 01:35:25 UTC 2018
4 ms. Memory: 208384K Free: 194217K (93%)
ptolemy.util.test.WatchDog.cancel(): canceling Tue Jun 26 01:35:25 UTC 2018
------------------ testing $PTII/ptolemy/domains/de/test/auto/DEinDEwithStartTimes2.xml
auto.tcl: Setting watchdog for 200 seconds at Tue Jun 26 01:35:25 UTC 2018
4 ms. Memory: 208384K Free: 196308K (94%)
ptolemy.util.test.WatchDog.cancel(): canceling Tue Jun 26 01:35:25 UTC 2018
auto.tcl: Setting watchdog for 200 seconds at Tue Jun 26 01:35:25 UTC 2018
3 ms. Memory: 208384K Free: 194197K (93%)
ptolemy.util.test.WatchDog.cancel(): canceling Tue Jun 26 01:35:25 UTC 2018
------------------ testing $PTII/ptolemy/domains/de/test/auto/DateDemo.xml
auto.tcl: Setting watchdog for 200 seconds at Tue Jun 26 01:35:25 UTC 2018
11 ms. Memory: 208384K Free: 188702K (91%)
ptolemy.util.test.WatchDog.cancel(): canceling Tue Jun 26 01:35:25 UTC 2018
auto.tcl: Setting watchdog for 200 seconds at Tue Jun 26 01:35:25 UTC 2018
6 ms. Memory: 208384K Free: 186590K (90%)
ptolemy.util.test.WatchDog.cancel(): canceling Tue Jun 26 01:35:25 UTC 2018
------------------ testing $PTII/ptolemy/domains/de/test/auto/DateToEvent.xml
auto.tcl: Setting watchdog for 200 seconds at Tue Jun 26 01:35:25 UTC 2018
2009 ms. Memory: 208384K Free: 183373K (88%)
ptolemy.util.test.WatchDog.cancel(): canceling Tue Jun 26 01:35:27 UTC 2018
auto.tcl: Setting watchdog for 200 seconds at Tue Jun 26 01:35:27 UTC 2018
2004 ms. Memory: 208384K Free: 183373K (88%)
ptolemy.util.test.WatchDog.cancel(): canceling Tue Jun 26 01:35:29 UTC 2018
------------------ testing $PTII/ptolemy/domains/de/test/auto/DepthTest1.xml
auto.tcl: Setting watchdog for 200 seconds at Tue Jun 26 01:35:29 UTC 2018
3 ms. Memory: 208384K Free: 198336K (95%)
ptolemy.util.test.WatchDog.cancel(): canceling Tue Jun 26 01:35:29 UTC 2018
auto.tcl: Setting watchdog for 200 seconds at Tue Jun 26 01:35:29 UTC 2018
5 ms. Memory: 208384K Free: 198336K (95%)
ptolemy.util.test.WatchDog.cancel(): canceling Tue Jun 26 01:35:29 UTC 2018
------------------ testing $PTII/ptolemy/domains/de/test/auto/DepthTest2.xml
auto.tcl: Setting watchdog for 200 seconds at Tue Jun 26 01:35:29 UTC 2018
7 ms. Memory: 208384K Free: 194177K (93%)
ptolemy.util.test.WatchDog.cancel(): canceling Tue Jun 26 01:35:29 UTC 2018
auto.tcl: Setting watchdog for 200 seconds at Tue Jun 26 01:35:29 UTC 2018
3 ms. Memory: 208384K Free: 194177K (93%)
ptolemy.util.test.WatchDog.cancel(): canceling Tue Jun 26 01:35:29 UTC 2018
------------------ testing $PTII/ptolemy/domains/de/test/auto/DepthTest3.xml
auto.tcl: Setting watchdog for 200 seconds at Tue Jun 26 01:35:29 UTC 2018
2 ms. Memory: 208384K Free: 198672K (95%)
ptolemy.util.test.WatchDog.cancel(): canceling Tue Jun 26 01:35:29 UTC 2018
auto.tcl: Setting watchdog for 200 seconds at Tue Jun 26 01:35:29 UTC 2018
2 ms. Memory: 208384K Free: 198672K (95%)
ptolemy.util.test.WatchDog.cancel(): canceling Tue Jun 26 01:35:29 UTC 2018
------------------ testing $PTII/ptolemy/domains/de/test/auto/DepthTest4.xml
auto.tcl: Setting watchdog for 200 seconds at Tue Jun 26 01:35:29 UTC 2018
3 ms. Memory: 208384K Free: 196310K (94%)
ptolemy.util.test.WatchDog.cancel(): canceling Tue Jun 26 01:35:29 UTC 2018
auto.tcl: Setting watchdog for 200 seconds at Tue Jun 26 01:35:29 UTC 2018
2 ms. Memory: 208384K Free: 196310K (94%)
ptolemy.util.test.WatchDog.cancel(): canceling Tue Jun 26 01:35:29 UTC 2018
------------------ testing $PTII/ptolemy/domains/de/test/auto/DepthTest5.xml
auto.tcl: Setting watchdog for 200 seconds at Tue Jun 26 01:35:30 UTC 2018
4 ms. Memory: 208384K Free: 196595K (94%)
ptolemy.util.test.WatchDog.cancel(): canceling Tue Jun 26 01:35:30 UTC 2018
auto.tcl: Setting watchdog for 200 seconds at Tue Jun 26 01:35:30 UTC 2018
2 ms. Memory: 208384K Free: 196595K (94%)
ptolemy.util.test.WatchDog.cancel(): canceling Tue Jun 26 01:35:30 UTC 2018
------------------ testing $PTII/ptolemy/domains/de/test/auto/DepthTest6.xml
auto.tcl: Setting watchdog for 200 seconds at Tue Jun 26 01:35:30 UTC 2018
7 ms. Memory: 208384K Free: 196226K (94%)
ptolemy.util.test.WatchDog.cancel(): canceling Tue Jun 26 01:35:30 UTC 2018
auto.tcl: Setting watchdog for 200 seconds at Tue Jun 26 01:35:30 UTC 2018
2 ms. Memory: 208384K Free: 196226K (94%)
ptolemy.util.test.WatchDog.cancel(): canceling Tue Jun 26 01:35:30 UTC 2018
------------------ testing $PTII/ptolemy/domains/de/test/auto/DepthTest7.xml
auto.tcl: Setting watchdog for 200 seconds at Tue Jun 26 01:35:30 UTC 2018
2 ms. Memory: 208384K Free: 196214K (94%)
ptolemy.util.test.WatchDog.cancel(): canceling Tue Jun 26 01:35:30 UTC 2018
auto.tcl: Setting watchdog for 200 seconds at Tue Jun 26 01:35:30 UTC 2018
1 ms. Memory: 208384K Free: 196214K (94%)
ptolemy.util.test.WatchDog.cancel(): canceling Tue Jun 26 01:35:30 UTC 2018
------------------ testing $PTII/ptolemy/domains/de/test/auto/EventToDate.xml
auto.tcl: Setting watchdog for 200 seconds at Tue Jun 26 01:35:30 UTC 2018
3010 ms. Memory: 208384K Free: 185676K (89%)
ptolemy.util.test.WatchDog.cancel(): canceling Tue Jun 26 01:35:33 UTC 2018
auto.tcl: Setting watchdog for 200 seconds at Tue Jun 26 01:35:33 UTC 2018
3004 ms. Memory: 208384K Free: 185676K (89%)
ptolemy.util.test.WatchDog.cancel(): canceling Tue Jun 26 01:35:36 UTC 2018
------------------ testing $PTII/ptolemy/domains/de/test/auto/FSM1.xml
auto.tcl: Setting watchdog for 200 seconds at Tue Jun 26 01:35:36 UTC 2018
19 ms. Memory: 208384K Free: 189243K (91%)
ptolemy.util.test.WatchDog.cancel(): canceling Tue Jun 26 01:35:36 UTC 2018
auto.tcl: Setting watchdog for 200 seconds at Tue Jun 26 01:35:36 UTC 2018
22 ms. Memory: 208384K Free: 185019K (89%)
ptolemy.util.test.WatchDog.cancel(): canceling Tue Jun 26 01:35:36 UTC 2018
------------------ testing $PTII/ptolemy/domains/de/test/auto/FSM7.xml
auto.tcl: Setting watchdog for 200 seconds at Tue Jun 26 01:35:36 UTC 2018
12 ms. Memory: 208384K Free: 187334K (90%)
ptolemy.util.test.WatchDog.cancel(): canceling Tue Jun 26 01:35:36 UTC 2018
auto.tcl: Setting watchdog for 200 seconds at Tue Jun 26 01:35:36 UTC 2018
15 ms. Memory: 208384K Free: 185222K (89%)
ptolemy.util.test.WatchDog.cancel(): canceling Tue Jun 26 01:35:36 UTC 2018
------------------ testing $PTII/ptolemy/domains/de/test/auto/Inspection.xml
auto.tcl: Setting watchdog for 200 seconds at Tue Jun 26 01:35:36 UTC 2018
20 ms. Memory: 208384K Free: 188885K (91%)
ptolemy.util.test.WatchDog.cancel(): canceling Tue Jun 26 01:35:36 UTC 2018
auto.tcl: Setting watchdog for 200 seconds at Tue Jun 26 01:35:36 UTC 2018
23 ms. Memory: 208384K Free: 186773K (90%)
ptolemy.util.test.WatchDog.cancel(): canceling Tue Jun 26 01:35:36 UTC 2018
------------------ testing $PTII/ptolemy/domains/de/test/auto/Iteration.xml
auto.tcl: Setting watchdog for 200 seconds at Tue Jun 26 01:35:36 UTC 2018
8 ms. Memory: 208384K Free: 196358K (94%)
ptolemy.util.test.WatchDog.cancel(): canceling Tue Jun 26 01:35:36 UTC 2018
auto.tcl: Setting watchdog for 200 seconds at Tue Jun 26 01:35:36 UTC 2018
6 ms. Memory: 208384K Free: 194247K (93%)
ptolemy.util.test.WatchDog.cancel(): canceling Tue Jun 26 01:35:36 UTC 2018
------------------ testing $PTII/ptolemy/domains/de/test/auto/LineFault.xml
auto.tcl: Setting watchdog for 200 seconds at Tue Jun 26 01:35:36 UTC 2018
765 ms. Memory: 208384K Free: 196240K (94%)
ptolemy.util.test.WatchDog.cancel(): canceling Tue Jun 26 01:35:37 UTC 2018
auto.tcl: Setting watchdog for 200 seconds at Tue Jun 26 01:35:37 UTC 2018
591 ms. Memory: 208384K Free: 140448K (67%)
ptolemy.util.test.WatchDog.cancel(): canceling Tue Jun 26 01:35:38 UTC 2018
------------------ testing $PTII/ptolemy/domains/de/test/auto/MergeModel1Add.xml
auto.tcl: Setting watchdog for 200 seconds at Tue Jun 26 01:35:38 UTC 2018
26 ms. Memory: 331264K Free: 298839K (90%)
ptolemy.util.test.WatchDog.cancel(): canceling Tue Jun 26 01:35:38 UTC 2018
auto.tcl: Setting watchdog for 200 seconds at Tue Jun 26 01:35:38 UTC 2018
16 ms. Memory: 331264K Free: 298839K (90%)
ptolemy.util.test.WatchDog.cancel(): canceling Tue Jun 26 01:35:38 UTC 2018
------------------ testing $PTII/ptolemy/domains/de/test/auto/MergeModel2Add.xml
auto.tcl: Setting watchdog for 200 seconds at Tue Jun 26 01:35:38 UTC 2018
9 ms. Memory: 331264K Free: 304130K (92%)
ptolemy.util.test.WatchDog.cancel(): canceling Tue Jun 26 01:35:38 UTC 2018
auto.tcl: Setting watchdog for 200 seconds at Tue Jun 26 01:35:38 UTC 2018
9 ms. Memory: 331264K Free: 300177K (91%)
ptolemy.util.test.WatchDog.cancel(): canceling Tue Jun 26 01:35:38 UTC 2018
------------------ testing $PTII/ptolemy/domains/de/test/auto/MergeModel3Add.xml
auto.tcl: Setting watchdog for 200 seconds at Tue Jun 26 01:35:38 UTC 2018
8 ms. Memory: 331264K Free: 304140K (92%)
ptolemy.util.test.WatchDog.cancel(): canceling Tue Jun 26 01:35:38 UTC 2018
auto.tcl: Setting watchdog for 200 seconds at Tue Jun 26 01:35:38 UTC 2018
7 ms. Memory: 331264K Free: 300188K (91%)
ptolemy.util.test.WatchDog.cancel(): canceling Tue Jun 26 01:35:38 UTC 2018
------------------ testing $PTII/ptolemy/domains/de/test/auto/MergeWithoutDiscard.xml
auto.tcl: Setting watchdog for 200 seconds at Tue Jun 26 01:35:38 UTC 2018
4 ms. Memory: 331264K Free: 320233K (97%)
ptolemy.util.test.WatchDog.cancel(): canceling Tue Jun 26 01:35:38 UTC 2018
auto.tcl: Setting watchdog for 200 seconds at Tue Jun 26 01:35:38 UTC 2018
1 ms. Memory: 331264K Free: 316281K (95%)
ptolemy.util.test.WatchDog.cancel(): canceling Tue Jun 26 01:35:38 UTC 2018
------------------ testing $PTII/ptolemy/domains/de/test/auto/Modal1.xml
auto.tcl: Setting watchdog for 200 seconds at Tue Jun 26 01:35:38 UTC 2018
18 ms. Memory: 331264K Free: 309891K (94%)
ptolemy.util.test.WatchDog.cancel(): canceling Tue Jun 26 01:35:38 UTC 2018
auto.tcl: Setting watchdog for 200 seconds at Tue Jun 26 01:35:38 UTC 2018
15 ms. Memory: 331264K Free: 305939K (92%)
ptolemy.util.test.WatchDog.cancel(): canceling Tue Jun 26 01:35:38 UTC 2018
------------------ testing $PTII/ptolemy/domains/de/test/auto/Modal2.xml
auto.tcl: Setting watchdog for 200 seconds at Tue Jun 26 01:35:38 UTC 2018
18 ms. Memory: 331264K Free: 309773K (94%)
ptolemy.util.test.WatchDog.cancel(): canceling Tue Jun 26 01:35:39 UTC 2018
auto.tcl: Setting watchdog for 200 seconds at Tue Jun 26 01:35:39 UTC 2018
13 ms. Memory: 331264K Free: 305820K (92%)
ptolemy.util.test.WatchDog.cancel(): canceling Tue Jun 26 01:35:39 UTC 2018
------------------ testing $PTII/ptolemy/domains/de/test/auto/Modal3.xml
auto.tcl: Setting watchdog for 200 seconds at Tue Jun 26 01:35:39 UTC 2018
16 ms. Memory: 331264K Free: 309756K (94%)
ptolemy.util.test.WatchDog.cancel(): canceling Tue Jun 26 01:35:39 UTC 2018
auto.tcl: Setting watchdog for 200 seconds at Tue Jun 26 01:35:39 UTC 2018
12 ms. Memory: 331264K Free: 305803K (92%)
ptolemy.util.test.WatchDog.cancel(): canceling Tue Jun 26 01:35:39 UTC 2018
------------------ testing $PTII/ptolemy/domains/de/test/auto/Modal4.xml
auto.tcl: Setting watchdog for 200 seconds at Tue Jun 26 01:35:39 UTC 2018
12 ms. Memory: 331264K Free: 309769K (94%)
ptolemy.util.test.WatchDog.cancel(): canceling Tue Jun 26 01:35:39 UTC 2018
auto.tcl: Setting watchdog for 200 seconds at Tue Jun 26 01:35:39 UTC 2018
12 ms. Memory: 331264K Free: 305816K (92%)
ptolemy.util.test.WatchDog.cancel(): canceling Tue Jun 26 01:35:39 UTC 2018
------------------ testing $PTII/ptolemy/domains/de/test/auto/Modal5.xml
auto.tcl: Setting watchdog for 200 seconds at Tue Jun 26 01:35:39 UTC 2018
12 ms. Memory: 331264K Free: 309758K (94%)
ptolemy.util.test.WatchDog.cancel(): canceling Tue Jun 26 01:35:39 UTC 2018
auto.tcl: Setting watchdog for 200 seconds at Tue Jun 26 01:35:39 UTC 2018
13 ms. Memory: 331264K Free: 305805K (92%)
ptolemy.util.test.WatchDog.cancel(): canceling Tue Jun 26 01:35:39 UTC 2018
------------------ testing $PTII/ptolemy/domains/de/test/auto/Modal6.xml
auto.tcl: Setting watchdog for 200 seconds at Tue Jun 26 01:35:39 UTC 2018
11 ms. Memory: 331264K Free: 309755K (94%)
ptolemy.util.test.WatchDog.cancel(): canceling Tue Jun 26 01:35:39 UTC 2018
auto.tcl: Setting watchdog for 200 seconds at Tue Jun 26 01:35:39 UTC 2018
12 ms. Memory: 331264K Free: 305802K (92%)
ptolemy.util.test.WatchDog.cancel(): canceling Tue Jun 26 01:35:39 UTC 2018
------------------ testing $PTII/ptolemy/domains/de/test/auto/Modal7.xml
auto.tcl: Setting watchdog for 200 seconds at Tue Jun 26 01:35:39 UTC 2018
8 ms. Memory: 331264K Free: 309754K (94%)
ptolemy.util.test.WatchDog.cancel(): canceling Tue Jun 26 01:35:39 UTC 2018
auto.tcl: Setting watchdog for 200 seconds at Tue Jun 26 01:35:39 UTC 2018
9 ms. Memory: 331264K Free: 305801K (92%)
ptolemy.util.test.WatchDog.cancel(): canceling Tue Jun 26 01:35:39 UTC 2018
------------------ testing $PTII/ptolemy/domains/de/test/auto/ModalModel.xml
auto.tcl: Setting watchdog for 200 seconds at Tue Jun 26 01:35:39 UTC 2018
181 ms. Memory: 331264K Free: 246254K (74%)
ptolemy.util.test.WatchDog.cancel(): canceling Tue Jun 26 01:35:39 UTC 2018
auto.tcl: Setting watchdog for 200 seconds at Tue Jun 26 01:35:39 UTC 2018
165 ms. Memory: 331264K Free: 190887K (58%)
ptolemy.util.test.WatchDog.cancel(): canceling Tue Jun 26 01:35:39 UTC 2018
------------------ testing $PTII/ptolemy/domains/de/test/auto/ModalSource.xml
auto.tcl: Setting watchdog for 200 seconds at Tue Jun 26 01:35:39 UTC 2018
5 ms. Memory: 331264K Free: 316532K (96%)
ptolemy.util.test.WatchDog.cancel(): canceling Tue Jun 26 01:35:40 UTC 2018
auto.tcl: Setting watchdog for 200 seconds at Tue Jun 26 01:35:40 UTC 2018
5 ms. Memory: 331264K Free: 312997K (94%)
ptolemy.util.test.WatchDog.cancel(): canceling Tue Jun 26 01:35:40 UTC 2018
------------------ testing $PTII/ptolemy/domains/de/test/auto/NonInterruptibleTimerZeroDelay.xml
auto.tcl: Setting watchdog for 200 seconds at Tue Jun 26 01:35:40 UTC 2018
4 ms. Memory: 331264K Free: 320904K (97%)
ptolemy.util.test.WatchDog.cancel(): canceling Tue Jun 26 01:35:40 UTC 2018
auto.tcl: Setting watchdog for 200 seconds at Tue Jun 26 01:35:40 UTC 2018
2 ms. Memory: 331264K Free: 317370K (96%)
ptolemy.util.test.WatchDog.cancel(): canceling Tue Jun 26 01:35:40 UTC 2018
------------------ testing $PTII/ptolemy/domains/de/test/auto/OpenQueueingNetwork.xml
auto.tcl: Setting watchdog for 200 seconds at Tue Jun 26 01:35:40 UTC 2018
2544 ms. Memory: 573952K Free: 413653K (72%)
ptolemy.util.test.WatchDog.cancel(): canceling Tue Jun 26 01:35:42 UTC 2018
auto.tcl: Setting watchdog for 200 seconds at Tue Jun 26 01:35:42 UTC 2018
2382 ms. Memory: 550912K Free: 300936K (55%)
ptolemy.util.test.WatchDog.cancel(): canceling Tue Jun 26 01:35:45 UTC 2018
------------------ testing $PTII/ptolemy/domains/de/test/auto/OpenQueuingNetwork.xml
auto.tcl: Setting watchdog for 200 seconds at Tue Jun 26 01:35:45 UTC 2018
245 ms. Memory: 549888K Free: 435320K (79%)
ptolemy.util.test.WatchDog.cancel(): canceling Tue Jun 26 01:35:45 UTC 2018
auto.tcl: Setting watchdog for 200 seconds at Tue Jun 26 01:35:45 UTC 2018
217 ms. Memory: 549888K Free: 374811K (68%)
ptolemy.util.test.WatchDog.cancel(): canceling Tue Jun 26 01:35:45 UTC 2018
------------------ testing $PTII/ptolemy/domains/de/test/auto/PeriodicSampler.xml
auto.tcl: Setting watchdog for 200 seconds at Tue Jun 26 01:35:45 UTC 2018
3 ms. Memory: 551936K Free: 535302K (97%)
ptolemy.util.test.WatchDog.cancel(): canceling Tue Jun 26 01:35:45 UTC 2018
auto.tcl: Setting watchdog for 200 seconds at Tue Jun 26 01:35:45 UTC 2018
1 ms. Memory: 551936K Free: 535302K (97%)
ptolemy.util.test.WatchDog.cancel(): canceling Tue Jun 26 01:35:45 UTC 2018
------------------ testing $PTII/ptolemy/domains/de/test/auto/PersistentIO.xml
auto.tcl: Setting watchdog for 200 seconds at Tue Jun 26 01:35:45 UTC 2018
5 ms. Memory: 549376K Free: 526830K (96%)
ptolemy.util.test.WatchDog.cancel(): canceling Tue Jun 26 01:35:45 UTC 2018
auto.tcl: Setting watchdog for 200 seconds at Tue Jun 26 01:35:45 UTC 2018
4 ms. Memory: 549376K Free: 526830K (96%)
ptolemy.util.test.WatchDog.cancel(): canceling Tue Jun 26 01:35:45 UTC 2018
------------------ testing $PTII/ptolemy/domains/de/test/auto/PortParameterResetOnInitialize.xml
auto.tcl: Setting watchdog for 200 seconds at Tue Jun 26 01:35:45 UTC 2018
7 ms. Memory: 551424K Free: 530569K (96%)
ptolemy.util.test.WatchDog.cancel(): canceling Tue Jun 26 01:35:45 UTC 2018
auto.tcl: Setting watchdog for 200 seconds at Tue Jun 26 01:35:45 UTC 2018
2 ms. Memory: 551424K Free: 530569K (96%)
ptolemy.util.test.WatchDog.cancel(): canceling Tue Jun 26 01:35:45 UTC 2018
------------------ testing $PTII/ptolemy/domains/de/test/auto/PortParameterUpdates.xml
auto.tcl: Setting watchdog for 200 seconds at Tue Jun 26 01:35:46 UTC 2018
3 ms. Memory: 549376K Free: 533563K (97%)
ptolemy.util.test.WatchDog.cancel(): canceling Tue Jun 26 01:35:46 UTC 2018
auto.tcl: Setting watchdog for 200 seconds at Tue Jun 26 01:35:46 UTC 2018
4 ms. Memory: 549376K Free: 533333K (97%)
ptolemy.util.test.WatchDog.cancel(): canceling Tue Jun 26 01:35:46 UTC 2018
------------------ testing $PTII/ptolemy/domains/de/test/auto/QueueAndServer.xml
auto.tcl: Setting watchdog for 200 seconds at Tue Jun 26 01:35:46 UTC 2018
6 ms. Memory: 551424K Free: 535345K (97%)
ptolemy.util.test.WatchDog.cancel(): canceling Tue Jun 26 01:35:46 UTC 2018
auto.tcl: Setting watchdog for 200 seconds at Tue Jun 26 01:35:46 UTC 2018
6 ms. Memory: 551424K Free: 528606K (96%)
ptolemy.util.test.WatchDog.cancel(): canceling Tue Jun 26 01:35:46 UTC 2018
------------------ testing $PTII/ptolemy/domains/de/test/auto/Records.xml
auto.tcl: Setting watchdog for 200 seconds at Tue Jun 26 01:35:46 UTC 2018
10 ms. Memory: 549376K Free: 533240K (97%)
ptolemy.util.test.WatchDog.cancel(): canceling Tue Jun 26 01:35:46 UTC 2018
auto.tcl: Setting watchdog for 200 seconds at Tue Jun 26 01:35:46 UTC 2018
2 ms. Memory: 549376K Free: 533240K (97%)
ptolemy.util.test.WatchDog.cancel(): canceling Tue Jun 26 01:35:46 UTC 2018
------------------ testing $PTII/ptolemy/domains/de/test/auto/ResetTransitionWithStartTime1.xml
auto.tcl: Setting watchdog for 200 seconds at Tue Jun 26 01:35:46 UTC 2018
14 ms. Memory: 551424K Free: 535313K (97%)
ptolemy.util.test.WatchDog.cancel(): canceling Tue Jun 26 01:35:46 UTC 2018
auto.tcl: Setting watchdog for 200 seconds at Tue Jun 26 01:35:46 UTC 2018
8 ms. Memory: 551424K Free: 528590K (96%)
ptolemy.util.test.WatchDog.cancel(): canceling Tue Jun 26 01:35:46 UTC 2018
------------------ testing $PTII/ptolemy/domains/de/test/auto/ResetTransitionWithStartTime2.xml
auto.tcl: Setting watchdog for 200 seconds at Tue Jun 26 01:35:46 UTC 2018
5 ms. Memory: 549376K Free: 526747K (96%)
ptolemy.util.test.WatchDog.cancel(): canceling Tue Jun 26 01:35:46 UTC 2018
auto.tcl: Setting watchdog for 200 seconds at Tue Jun 26 01:35:46 UTC 2018
5 ms. Memory: 549376K Free: 526747K (96%)
ptolemy.util.test.WatchDog.cancel(): canceling Tue Jun 26 01:35:46 UTC 2018
------------------ testing $PTII/ptolemy/domains/de/test/auto/ResetTransitionWithStartTime3.xml
auto.tcl: Setting watchdog for 200 seconds at Tue Jun 26 01:35:46 UTC 2018
5 ms. Memory: 550912K Free: 534791K (97%)
ptolemy.util.test.WatchDog.cancel(): canceling Tue Jun 26 01:35:46 UTC 2018
auto.tcl: Setting watchdog for 200 seconds at Tue Jun 26 01:35:46 UTC 2018
6 ms. Memory: 550912K Free: 528067K (96%)
ptolemy.util.test.WatchDog.cancel(): canceling Tue Jun 26 01:35:46 UTC 2018
------------------ testing $PTII/ptolemy/domains/de/test/auto/ResetTransitionWithStartTime4.xml
auto.tcl: Setting watchdog for 200 seconds at Tue Jun 26 01:35:46 UTC 2018
9 ms. Memory: 549376K Free: 526530K (96%)
ptolemy.util.test.WatchDog.cancel(): canceling Tue Jun 26 01:35:46 UTC 2018
auto.tcl: Setting watchdog for 200 seconds at Tue Jun 26 01:35:46 UTC 2018
4 ms. Memory: 549376K Free: 526530K (96%)
ptolemy.util.test.WatchDog.cancel(): canceling Tue Jun 26 01:35:46 UTC 2018
------------------ testing $PTII/ptolemy/domains/de/test/auto/ResettableTimer1.xml
auto.tcl: Setting watchdog for 200 seconds at Tue Jun 26 01:35:46 UTC 2018
3 ms. Memory: 550912K Free: 534784K (97%)
ptolemy.util.test.WatchDog.cancel(): canceling Tue Jun 26 01:35:46 UTC 2018
auto.tcl: Setting watchdog for 200 seconds at Tue Jun 26 01:35:46 UTC 2018
2 ms. Memory: 550912K Free: 534784K (97%)
ptolemy.util.test.WatchDog.cancel(): canceling Tue Jun 26 01:35:46 UTC 2018
------------------ testing $PTII/ptolemy/domains/de/test/auto/ResettableTimer2.xml
auto.tcl: Setting watchdog for 200 seconds at Tue Jun 26 01:35:46 UTC 2018
3 ms. Memory: 549376K Free: 533536K (97%)
ptolemy.util.test.WatchDog.cancel(): canceling Tue Jun 26 01:35:46 UTC 2018
auto.tcl: Setting watchdog for 200 seconds at Tue Jun 26 01:35:46 UTC 2018
2 ms. Memory: 549376K Free: 533536K (97%)
ptolemy.util.test.WatchDog.cancel(): canceling Tue Jun 26 01:35:46 UTC 2018
------------------ testing $PTII/ptolemy/domains/de/test/auto/ResettableTimer3.xml
auto.tcl: Setting watchdog for 200 seconds at Tue Jun 26 01:35:46 UTC 2018
1 ms. Memory: 550912K Free: 534842K (97%)
ptolemy.util.test.WatchDog.cancel(): canceling Tue Jun 26 01:35:46 UTC 2018
auto.tcl: Setting watchdog for 200 seconds at Tue Jun 26 01:35:46 UTC 2018
1 ms. Memory: 550912K Free: 534842K (97%)
ptolemy.util.test.WatchDog.cancel(): canceling Tue Jun 26 01:35:46 UTC 2018
------------------ testing $PTII/ptolemy/domains/de/test/auto/ResettableTimer4.xml
auto.tcl: Setting watchdog for 200 seconds at Tue Jun 26 01:35:46 UTC 2018
2 ms. Memory: 549376K Free: 533549K (97%)
ptolemy.util.test.WatchDog.cancel(): canceling Tue Jun 26 01:35:46 UTC 2018
auto.tcl: Setting watchdog for 200 seconds at Tue Jun 26 01:35:46 UTC 2018
1 ms. Memory: 549376K Free: 533549K (97%)
ptolemy.util.test.WatchDog.cancel(): canceling Tue Jun 26 01:35:46 UTC 2018
------------------ testing $PTII/ptolemy/domains/de/test/auto/ResettableTimer5.xml
auto.tcl: Setting watchdog for 200 seconds at Tue Jun 26 01:35:46 UTC 2018
2 ms. Memory: 550400K Free: 529891K (96%)
ptolemy.util.test.WatchDog.cancel(): canceling Tue Jun 26 01:35:46 UTC 2018
auto.tcl: Setting watchdog for 200 seconds at Tue Jun 26 01:35:46 UTC 2018
2 ms. Memory: 550400K Free: 529891K (96%)
ptolemy.util.test.WatchDog.cancel(): canceling Tue Jun 26 01:35:46 UTC 2018
------------------ testing $PTII/ptolemy/domains/de/test/auto/ResettableTimer6.xml
auto.tcl: Setting watchdog for 200 seconds at Tue Jun 26 01:35:46 UTC 2018
1 ms. Memory: 549376K Free: 528587K (96%)
ptolemy.util.test.WatchDog.cancel(): canceling Tue Jun 26 01:35:46 UTC 2018
auto.tcl: Setting watchdog for 200 seconds at Tue Jun 26 01:35:46 UTC 2018
1 ms. Memory: 549376K Free: 528587K (96%)
ptolemy.util.test.WatchDog.cancel(): canceling Tue Jun 26 01:35:46 UTC 2018
------------------ testing $PTII/ptolemy/domains/de/test/auto/ServerZeroDelay.xml
auto.tcl: Setting watchdog for 200 seconds at Tue Jun 26 01:35:46 UTC 2018
2 ms. Memory: 550400K Free: 534511K (97%)
ptolemy.util.test.WatchDog.cancel(): canceling Tue Jun 26 01:35:46 UTC 2018
auto.tcl: Setting watchdog for 200 seconds at Tue Jun 26 01:35:46 UTC 2018
2 ms. Memory: 550400K Free: 534511K (97%)
ptolemy.util.test.WatchDog.cancel(): canceling Tue Jun 26 01:35:46 UTC 2018
------------------ testing $PTII/ptolemy/domains/de/test/auto/SmartSender.xml
auto.tcl: Setting watchdog for 200 seconds at Tue Jun 26 01:35:46 UTC 2018
3001 ms. Memory: 549376K Free: 528803K (96%)
ptolemy.util.test.WatchDog.cancel(): canceling Tue Jun 26 01:35:49 UTC 2018
auto.tcl: Setting watchdog for 200 seconds at Tue Jun 26 01:35:49 UTC 2018
3002 ms. Memory: 549376K Free: 528803K (96%)
ptolemy.util.test.WatchDog.cancel(): canceling Tue Jun 26 01:35:52 UTC 2018
------------------ testing $PTII/ptolemy/domains/de/test/auto/ThreadedComposite.xml
auto.tcl: Setting watchdog for 200 seconds at Tue Jun 26 01:35:52 UTC 2018
204 ms. Memory: 550400K Free: 513528K (93%)
ptolemy.util.test.WatchDog.cancel(): canceling Tue Jun 26 01:35:53 UTC 2018
auto.tcl: Setting watchdog for 200 seconds at Tue Jun 26 01:35:53 UTC 2018
142 ms. Memory: 550400K Free: 497437K (90%)
ptolemy.util.test.WatchDog.cancel(): canceling Tue Jun 26 01:35:53 UTC 2018
------------------ testing $PTII/ptolemy/domains/de/test/auto/Time.xml
auto.tcl: Setting watchdog for 200 seconds at Tue Jun 26 01:35:53 UTC 2018
502 ms. Memory: 549376K Free: 472142K (86%)
ptolemy.util.test.WatchDog.cancel(): canceling Tue Jun 26 01:35:53 UTC 2018
auto.tcl: Setting watchdog for 200 seconds at Tue Jun 26 01:35:53 UTC 2018
480 ms. Memory: 549376K Free: 418356K (76%)
ptolemy.util.test.WatchDog.cancel(): canceling Tue Jun 26 01:35:54 UTC 2018
------------------ testing $PTII/ptolemy/domains/de/test/auto/TimeDelayZeroDelay.xml
auto.tcl: Setting watchdog for 200 seconds at Tue Jun 26 01:35:54 UTC 2018
2 ms. Memory: 550400K Free: 534199K (97%)
ptolemy.util.test.WatchDog.cancel(): canceling Tue Jun 26 01:35:54 UTC 2018
auto.tcl: Setting watchdog for 200 seconds at Tue Jun 26 01:35:54 UTC 2018
2 ms. Memory: 550400K Free: 534199K (97%)
ptolemy.util.test.WatchDog.cancel(): canceling Tue Jun 26 01:35:54 UTC 2018
------------------ testing $PTII/ptolemy/domains/de/test/auto/TimerZeroDelay.xml
auto.tcl: Setting watchdog for 200 seconds at Tue Jun 26 01:35:54 UTC 2018
2 ms. Memory: 549376K Free: 533449K (97%)
ptolemy.util.test.WatchDog.cancel(): canceling Tue Jun 26 01:35:54 UTC 2018
auto.tcl: Setting watchdog for 200 seconds at Tue Jun 26 01:35:54 UTC 2018
2 ms. Memory: 549376K Free: 533449K (97%)
ptolemy.util.test.WatchDog.cancel(): canceling Tue Jun 26 01:35:54 UTC 2018
------------------ testing $PTII/ptolemy/domains/de/test/auto/TimingParadox.xml
auto.tcl: Setting watchdog for 200 seconds at Tue Jun 26 01:35:54 UTC 2018
354 ms. Memory: 549888K Free: 467317K (85%)
ptolemy.util.test.WatchDog.cancel(): canceling Tue Jun 26 01:35:55 UTC 2018
auto.tcl: Setting watchdog for 200 seconds at Tue Jun 26 01:35:55 UTC 2018
341 ms. Memory: 549888K Free: 433701K (79%)
ptolemy.util.test.WatchDog.cancel(): canceling Tue Jun 26 01:35:55 UTC 2018
------------------ testing $PTII/ptolemy/domains/de/test/auto/TransferInputs.xml
auto.tcl: Setting watchdog for 200 seconds at Tue Jun 26 01:35:55 UTC 2018
1 ms. Memory: 549888K Free: 532865K (97%)
ptolemy.util.test.WatchDog.cancel(): canceling Tue Jun 26 01:35:55 UTC 2018
auto.tcl: Setting watchdog for 200 seconds at Tue Jun 26 01:35:55 UTC 2018
2 ms. Memory: 549888K Free: 532865K (97%)
ptolemy.util.test.WatchDog.cancel(): canceling Tue Jun 26 01:35:55 UTC 2018
------------------ testing $PTII/ptolemy/domains/de/test/auto/TransferOutputs2.xml
auto.tcl: Setting watchdog for 200 seconds at Tue Jun 26 01:35:55 UTC 2018
3 ms. Memory: 549376K Free: 526716K (96%)
ptolemy.util.test.WatchDog.cancel(): canceling Tue Jun 26 01:35:55 UTC 2018
auto.tcl: Setting watchdog for 200 seconds at Tue Jun 26 01:35:55 UTC 2018
2 ms. Memory: 549376K Free: 526716K (96%)
ptolemy.util.test.WatchDog.cancel(): canceling Tue Jun 26 01:35:55 UTC 2018
------------------ testing $PTII/ptolemy/domains/de/test/auto/Trilateration.xml
auto.tcl: Setting watchdog for 200 seconds at Tue Jun 26 01:35:55 UTC 2018
13046 ms. Memory: 453632K Free: 125135K (28%)
ptolemy.util.test.WatchDog.cancel(): canceling Tue Jun 26 01:36:09 UTC 2018
auto.tcl: Setting watchdog for 200 seconds at Tue Jun 26 01:36:09 UTC 2018
10427 ms. Memory: 331264K Free: 240764K (73%)
ptolemy.util.test.WatchDog.cancel(): canceling Tue Jun 26 01:36:19 UTC 2018
------------------ testing $PTII/ptolemy/domains/de/test/auto/TwoSigmaDelta.xml
auto.tcl: Setting watchdog for 200 seconds at Tue Jun 26 01:36:20 UTC 2018
2694 ms. Memory: 320000K Free: 257802K (81%)
ptolemy.util.test.WatchDog.cancel(): canceling Tue Jun 26 01:36:22 UTC 2018
auto.tcl: Setting watchdog for 200 seconds at Tue Jun 26 01:36:22 UTC 2018
1873 ms. Memory: 307712K Free: 248153K (81%)
ptolemy.util.test.WatchDog.cancel(): canceling Tue Jun 26 01:36:24 UTC 2018
------------------ testing $PTII/ptolemy/domains/de/test/auto/VariableDelay.xml
auto.tcl: Setting watchdog for 200 seconds at Tue Jun 26 01:36:24 UTC 2018
2 ms. Memory: 309760K Free: 281623K (91%)
ptolemy.util.test.WatchDog.cancel(): canceling Tue Jun 26 01:36:24 UTC 2018
auto.tcl: Setting watchdog for 200 seconds at Tue Jun 26 01:36:24 UTC 2018
2 ms. Memory: 309760K Free: 281623K (91%)
ptolemy.util.test.WatchDog.cancel(): canceling Tue Jun 26 01:36:24 UTC 2018
------------------ testing $PTII/ptolemy/domains/de/test/auto/VariableDelay2.xml
auto.tcl: Setting watchdog for 200 seconds at Tue Jun 26 01:36:24 UTC 2018
1 ms. Memory: 307712K Free: 282236K (92%)
ptolemy.util.test.WatchDog.cancel(): canceling Tue Jun 26 01:36:24 UTC 2018
auto.tcl: Setting watchdog for 200 seconds at Tue Jun 26 01:36:24 UTC 2018
2 ms. Memory: 307712K Free: 282236K (92%)
ptolemy.util.test.WatchDog.cancel(): canceling Tue Jun 26 01:36:24 UTC 2018
------------------ testing $PTII/ptolemy/domains/de/test/auto/VariableDelayZeroDelay.xml
auto.tcl: Setting watchdog for 200 seconds at Tue Jun 26 01:36:25 UTC 2018
1 ms. Memory: 309248K Free: 284783K (92%)
ptolemy.util.test.WatchDog.cancel(): canceling Tue Jun 26 01:36:25 UTC 2018
auto.tcl: Setting watchdog for 200 seconds at Tue Jun 26 01:36:25 UTC 2018
2 ms. Memory: 309248K Free: 281516K (91%)
ptolemy.util.test.WatchDog.cancel(): canceling Tue Jun 26 01:36:25 UTC 2018
------------------ testing $PTII/ptolemy/domains/de/test/auto/VariableDelayZeroDelay2.xml
auto.tcl: Setting watchdog for 200 seconds at Tue Jun 26 01:36:25 UTC 2018
4 ms. Memory: 307712K Free: 279970K (91%)
ptolemy.util.test.WatchDog.cancel(): canceling Tue Jun 26 01:36:25 UTC 2018
auto.tcl: Setting watchdog for 200 seconds at Tue Jun 26 01:36:25 UTC 2018
2 ms. Memory: 307712K Free: 279970K (91%)
ptolemy.util.test.WatchDog.cancel(): canceling Tue Jun 26 01:36:25 UTC 2018
------------------ testing $PTII/ptolemy/domains/de/test/auto/deInCt.xml
auto.tcl: Setting watchdog for 200 seconds at Tue Jun 26 01:36:25 UTC 2018
0
1
1
0
0
0
1
1
1
0
0
0
0
1
1
1
0
0
0
1
1
1
1
0
0
0
1
1
0
0
0
0
0
0
1
1
1
0
0
1
1
0
0
0
1
1
1
0
0
0
0
10 ms. Memory: 309248K Free: 281502K (91%)
ptolemy.util.test.WatchDog.cancel(): canceling Tue Jun 26 01:36:25 UTC 2018
auto.tcl: Setting watchdog for 200 seconds at Tue Jun 26 01:36:25 UTC 2018
0
1
1
1
0
0
0
1
1
1
0
0
0
1
1
1
0
0
1
1
1
1
0
0
0
1
1
1
0
0
0
1
1
0
0
0
1
1
1
1
1
0
0
0
1
1
1
7 ms. Memory: 309248K Free: 281502K (91%)
ptolemy.util.test.WatchDog.cancel(): canceling Tue Jun 26 01:36:25 UTC 2018
------------------ testing $PTII/ptolemy/domains/de/test/auto/deInCt2.xml
auto.tcl: Setting watchdog for 200 seconds at Tue Jun 26 01:36:25 UTC 2018
0
1
1
1
0
0
1
1
1
0
0
1
1
1
0
0
1
1
1
0
0
1
1
1
0
0
1
1
1
0
0
1
1
1
0
0
1
1
1
0
0
0
15 ms. Memory: 307712K Free: 279974K (91%)
ptolemy.util.test.WatchDog.cancel(): canceling Tue Jun 26 01:36:25 UTC 2018
auto.tcl: Setting watchdog for 200 seconds at Tue Jun 26 01:36:25 UTC 2018
0
1
1
1
0
0
1
1
1
0
0
1
1
1
0
0
1
1
1
0
0
1
1
1
0
0
1
1
1
0
0
1
1
1
0
0
1
1
1
0
0
0
5 ms. Memory: 307712K Free: 279974K (91%)
ptolemy.util.test.WatchDog.cancel(): canceling Tue Jun 26 01:36:25 UTC 2018
------------------ testing $PTII/ptolemy/domains/de/test/auto/dynamicCausalityInterface1.xml
auto.tcl: Setting watchdog for 200 seconds at Tue Jun 26 01:36:25 UTC 2018
1 ms. Memory: 308736K Free: 277726K (90%)
ptolemy.util.test.WatchDog.cancel(): canceling Tue Jun 26 01:36:25 UTC 2018
auto.tcl: Setting watchdog for 200 seconds at Tue Jun 26 01:36:25 UTC 2018
1 ms. Memory: 308736K Free: 274459K (89%)
ptolemy.util.test.WatchDog.cancel(): canceling Tue Jun 26 01:36:25 UTC 2018
------------------ testing $PTII/ptolemy/domains/de/test/auto/fsm_de_test.xml
auto.tcl: Setting watchdog for 200 seconds at Tue Jun 26 01:36:25 UTC 2018
7 ms. Memory: 307712K Free: 276613K (90%)
ptolemy.util.test.WatchDog.cancel(): canceling Tue Jun 26 01:36:25 UTC 2018
auto.tcl: Setting watchdog for 200 seconds at Tue Jun 26 01:36:25 UTC 2018
5 ms. Memory: 307712K Free: 273337K (89%)
ptolemy.util.test.WatchDog.cancel(): canceling Tue Jun 26 01:36:25 UTC 2018
------------------ testing $PTII/ptolemy/domains/de/test/auto/functionDependencyReconstruction.xml
auto.tcl: Setting watchdog for 200 seconds at Tue Jun 26 01:36:25 UTC 2018
3 ms. Memory: 308736K Free: 271077K (88%)
ptolemy.util.test.WatchDog.cancel(): canceling Tue Jun 26 01:36:25 UTC 2018
auto.tcl: Setting watchdog for 200 seconds at Tue Jun 26 01:36:25 UTC 2018
2 ms. Memory: 308736K Free: 267818K (87%)
ptolemy.util.test.WatchDog.cancel(): canceling Tue Jun 26 01:36:25 UTC 2018
------------------ testing $PTII/ptolemy/domains/de/test/auto/multirate.xml
auto.tcl: Setting watchdog for 200 seconds at Tue Jun 26 01:36:25 UTC 2018
3 ms. Memory: 307712K Free: 279715K (91%)
ptolemy.util.test.WatchDog.cancel(): canceling Tue Jun 26 01:36:25 UTC 2018
auto.tcl: Setting watchdog for 200 seconds at Tue Jun 26 01:36:25 UTC 2018
5 ms. Memory: 307712K Free: 276440K (90%)
ptolemy.util.test.WatchDog.cancel(): canceling Tue Jun 26 01:36:25 UTC 2018
------------------ testing $PTII/ptolemy/domains/de/test/auto/multirate2.xml
auto.tcl: Setting watchdog for 200 seconds at Tue Jun 26 01:36:26 UTC 2018
2 ms. Memory: 308736K Free: 283214K (92%)
ptolemy.util.test.WatchDog.cancel(): canceling Tue Jun 26 01:36:26 UTC 2018
auto.tcl: Setting watchdog for 200 seconds at Tue Jun 26 01:36:26 UTC 2018
3 ms. Memory: 308736K Free: 279938K (91%)
ptolemy.util.test.WatchDog.cancel(): canceling Tue Jun 26 01:36:26 UTC 2018
------------------ testing $PTII/ptolemy/domains/de/test/auto/realtime.xml
auto.tcl: Setting watchdog for 200 seconds at Tue Jun 26 01:36:26 UTC 2018
10001 ms. Memory: 307712K Free: 279917K (91%)
ptolemy.util.test.WatchDog.cancel(): canceling Tue Jun 26 01:36:36 UTC 2018
auto.tcl: Setting watchdog for 200 seconds at Tue Jun 26 01:36:36 UTC 2018
10001 ms. Memory: 307712K Free: 279917K (91%)
ptolemy.util.test.WatchDog.cancel(): canceling Tue Jun 26 01:36:46 UTC 2018
------------------ testing $PTII/ptolemy/domains/de/test/auto/relationGroup.xml
auto.tcl: Setting watchdog for 200 seconds at Tue Jun 26 01:36:46 UTC 2018
1 ms. Memory: 308224K Free: 285985K (93%)
ptolemy.util.test.WatchDog.cancel(): canceling Tue Jun 26 01:36:46 UTC 2018
auto.tcl: Setting watchdog for 200 seconds at Tue Jun 26 01:36:46 UTC 2018
1 ms. Memory: 308224K Free: 282726K (92%)
ptolemy.util.test.WatchDog.cancel(): canceling Tue Jun 26 01:36:46 UTC 2018
------------------ testing $PTII/ptolemy/domains/de/test/auto/relationGroup2.xml
auto.tcl: Setting watchdog for 200 seconds at Tue Jun 26 01:36:46 UTC 2018
1 ms. Memory: 307712K Free: 283237K (92%)
ptolemy.util.test.WatchDog.cancel(): canceling Tue Jun 26 01:36:46 UTC 2018
auto.tcl: Setting watchdog for 200 seconds at Tue Jun 26 01:36:46 UTC 2018
1 ms. Memory: 307712K Free: 283237K (92%)
ptolemy.util.test.WatchDog.cancel(): canceling Tue Jun 26 01:36:46 UTC 2018
------------------ testing $PTII/ptolemy/domains/de/test/auto/sortWithOpaquePorts.xml
auto.tcl: Setting watchdog for 200 seconds at Tue Jun 26 01:36:46 UTC 2018
1 ms. Memory: 308224K Free: 280489K (91%)
ptolemy.util.test.WatchDog.cancel(): canceling Tue Jun 26 01:36:46 UTC 2018
auto.tcl: Setting watchdog for 200 seconds at Tue Jun 26 01:36:46 UTC 2018
1 ms. Memory: 308224K Free: 280489K (91%)
ptolemy.util.test.WatchDog.cancel(): canceling Tue Jun 26 01:36:46 UTC 2018
------------------ testing $PTII/ptolemy/domains/de/test/auto/transferInputsandOutputs.xml
auto.tcl: Setting watchdog for 200 seconds at Tue Jun 26 01:36:46 UTC 2018
1 ms. Memory: 307712K Free: 279949K (91%)
ptolemy.util.test.WatchDog.cancel(): canceling Tue Jun 26 01:36:46 UTC 2018
auto.tcl: Setting watchdog for 200 seconds at Tue Jun 26 01:36:46 UTC 2018
1 ms. Memory: 307712K Free: 276690K (90%)
ptolemy.util.test.WatchDog.cancel(): canceling Tue Jun 26 01:36:46 UTC 2018
------------------ testing $PTII/ptolemy/domains/de/test/auto/triggerType.xml
auto.tcl: Setting watchdog for 200 seconds at Tue Jun 26 01:36:46 UTC 2018
1 ms. Memory: 308224K Free: 280412K (91%)
ptolemy.util.test.WatchDog.cancel(): canceling Tue Jun 26 01:36:46 UTC 2018
auto.tcl: Setting watchdog for 200 seconds at Tue Jun 26 01:36:46 UTC 2018
1 ms. Memory: 308224K Free: 280412K (91%)
ptolemy.util.test.WatchDog.cancel(): canceling Tue Jun 26 01:36:46 UTC 2018
06/26/18 01:36:46
Failed: 0  Total Tests: 192  ((Passed: 187, Newly Passed: 1)  Known Failed: 5) /home/travis/build/icyphy/ptII/ptolemy/domains/de/test
06/26/18 01:36:46
Failed: 0  Total Tests: 192  ((Passed: 187, Newly Passed: 1)  Known Failed: 5) /home/travis/build/icyphy/ptII/ptolemy/domains/de/test
----------------- testing (KnownFailure) /home/travis/build/icyphy/ptII/ptolemy/domains/de/test/auto/knownFailedTests/DESDFClockTest.xml
2012 ms. Memory: 307712K Free: 274160K (89%)
Known Failure: java.lang.reflect.InvocationTargetException
----------------- testing (KnownFailure) /home/travis/build/icyphy/ptII/ptolemy/domains/de/test/auto/knownFailedTests/DirectFeedback.xml
1 ms. Memory: 307712K Free: 256056K (83%)
Known Failure: java.lang.reflect.InvocationTargetException
----------------- testing (KnownFailure) /home/travis/build/icyphy/ptII/ptolemy/domains/de/test/auto/knownFailedTests/FSMSource.xml
5 ms. Memory: 307712K Free: 233409K (76%)
----------------- testing (KnownFailure) /home/travis/build/icyphy/ptII/ptolemy/domains/de/test/auto/knownFailedTests/HierarchicalModel.xml
2 ms. Memory: 307712K Free: 210738K (68%)
Known Failure: java.lang.reflect.InvocationTargetException
----------------- testing (KnownFailure) /home/travis/build/icyphy/ptII/ptolemy/domains/de/test/auto/knownFailedTests/dependencyLoop.xml
2 ms. Memory: 307712K Free: 179023K (58%)
Known Failure: java.lang.reflect.InvocationTargetException
----------------- testing (KnownFailure) /home/travis/build/icyphy/ptII/ptolemy/domains/de/test/auto/knownFailedTests/dependencyLoop2.xml
5 ms. Memory: 307712K Free: 147308K (48%)
Known Failure: java.lang.reflect.InvocationTargetException
No auto/linux-amd64/*.xml tests in /home/travis/build/icyphy/ptII/ptolemy/domains/de/test
AutoTests.java: About to close Vertx.
AutoTests.java: Vertx closed.

===========================================================================================
----------------- testing Tue Jun 26 01:36:48 UTC 2018 /home/travis/build/icyphy/ptII/ptolemy/domains/de/test/auto/ActorDepthCalculation_actorWithoutPorts.xml
----------------- Instantiating /home/travis/build/icyphy/ptII/ptolemy/domains/de/test/auto/ActorDepthCalculation_actorWithoutPorts.xml
1 ms. Memory: 307712K Free: 120135K (39%)
----------------- Invoking toplevel() on ptolemy.moml.MoMLSimpleApplication@3cf52678
----------------- Done invoking toplevel() on ptolemy.moml.MoMLSimpleApplication@3cf52678
reloadAllAccessors: .ActorDepthCalculation_actorWithoutPorts

===========================================================================================
----------------- testing Tue Jun 26 01:36:48 UTC 2018 /home/travis/build/icyphy/ptII/ptolemy/domains/de/test/auto/AssemblyLine.xml
----------------- Instantiating /home/travis/build/icyphy/ptII/ptolemy/domains/de/test/auto/AssemblyLine.xml
2 ms. Memory: 307712K Free: 106557K (35%)
----------------- Invoking toplevel() on ptolemy.moml.MoMLSimpleApplication@3ad43b4f
----------------- Done invoking toplevel() on ptolemy.moml.MoMLSimpleApplication@3ad43b4f
reloadAllAccessors: .AssemblyLine

===========================================================================================
----------------- testing Tue Jun 26 01:36:48 UTC 2018 /home/travis/build/icyphy/ptII/ptolemy/domains/de/test/auto/CQBug1.xml
----------------- Instantiating /home/travis/build/icyphy/ptII/ptolemy/domains/de/test/auto/CQBug1.xml
1 ms. Memory: 307712K Free: 97505K (32%)
----------------- Invoking toplevel() on ptolemy.moml.MoMLSimpleApplication@7746685e
----------------- Done invoking toplevel() on ptolemy.moml.MoMLSimpleApplication@7746685e
reloadAllAccessors: .CQBug1

===========================================================================================
----------------- testing Tue Jun 26 01:36:48 UTC 2018 /home/travis/build/icyphy/ptII/ptolemy/domains/de/test/auto/CancelFireAt.xml
----------------- Instantiating /home/travis/build/icyphy/ptII/ptolemy/domains/de/test/auto/CancelFireAt.xml
7 ms. Memory: 307712K Free: 88453K (29%)
----------------- Invoking toplevel() on ptolemy.moml.MoMLSimpleApplication@3e8ff8ad
----------------- Done invoking toplevel() on ptolemy.moml.MoMLSimpleApplication@3e8ff8ad
reloadAllAccessors: .CancelFireAt

===========================================================================================
----------------- testing Tue Jun 26 01:36:48 UTC 2018 /home/travis/build/icyphy/ptII/ptolemy/domains/de/test/auto/CausalityAndComposabilityAnalysis.xml
----------------- Instantiating /home/travis/build/icyphy/ptII/ptolemy/domains/de/test/auto/CausalityAndComposabilityAnalysis.xml
2 ms. Memory: 307712K Free: 79401K (26%)
----------------- Invoking toplevel() on ptolemy.moml.MoMLSimpleApplication@2785fa9b
----------------- Done invoking toplevel() on ptolemy.moml.MoMLSimpleApplication@2785fa9b
reloadAllAccessors: .CausalityAndComposabilityAnalysis

===========================================================================================
----------------- testing Tue Jun 26 01:36:48 UTC 2018 /home/travis/build/icyphy/ptII/ptolemy/domains/de/test/auto/CausalityInterface1.xml
----------------- Instantiating /home/travis/build/icyphy/ptII/ptolemy/domains/de/test/auto/CausalityInterface1.xml
5 ms. Memory: 307712K Free: 67089K (22%)
----------------- Invoking toplevel() on ptolemy.moml.MoMLSimpleApplication@1d2ab72f
----------------- Done invoking toplevel() on ptolemy.moml.MoMLSimpleApplication@1d2ab72f
reloadAllAccessors: .CausalityInterface1

===========================================================================================
----------------- testing Tue Jun 26 01:36:49 UTC 2018 /home/travis/build/icyphy/ptII/ptolemy/domains/de/test/auto/CausalityInterface15.xml
----------------- Instantiating /home/travis/build/icyphy/ptII/ptolemy/domains/de/test/auto/CausalityInterface15.xml
1 ms. Memory: 298496K Free: 274790K (92%)
----------------- Invoking toplevel() on ptolemy.moml.MoMLSimpleApplication@4d1c8f0a
----------------- Done invoking toplevel() on ptolemy.moml.MoMLSimpleApplication@4d1c8f0a
reloadAllAccessors: .CausalityInterface15

[...]
java.lang.RuntimeException: Execution failed
	at ptolemy.moml.MoMLSimpleApplication$UnloadThread.run(MoMLSimpleApplication.java:402)
Caused by: ptolemy.kernel.util.IllegalActionException: Test fails in iteration 1.
Value was: 1.0. Should have been: 2.0
  in .DirectFeedback.Test
	at ptolemy.actor.lib.Test.fire(Test.java:268)
	at ptolemy.domains.de.kernel.DEDirector._fire(DEDirector.java:1949)
	at ptolemy.domains.de.kernel.DEDirector.fire(DEDirector.java:502)
	at ptolemy.actor.CompositeActor.fire(CompositeActor.java:455)
	at ptolemy.actor.Manager.iterate(Manager.java:851)
	at ptolemy.actor.Manager.execute(Manager.java:369)
	at ptolemy.actor.Manager.run(Manager.java:1263)
	at ptolemy.actor.Manager$PtolemyRunThread.run(Manager.java:1915)
java.lang.RuntimeException: Execution failed
	at ptolemy.moml.MoMLSimpleApplication$UnloadThread.run(MoMLSimpleApplication.java:402)
Caused by: ptolemy.kernel.util.IllegalActionException: Actor is not ready to fire.  Perhaps UpSample.prefire() returned false? Try debugging the actor by selecting "Listen to Actor".  Also, for SDF check moml for tokenConsumptionRate on input.
  in .DESDFClockTest.Play Bell.Copy1:SDF Director and .DESDFClockTest.Play Bell.UpSample
	at ptolemy.actor.sched.StaticSchedulingDirector.fire(StaticSchedulingDirector.java:227)
	at ptolemy.domains.sdf.kernel.SDFDirector.fire(SDFDirector.java:500)
	at ptolemy.actor.CompositeActor.fire(CompositeActor.java:455)
	at ptolemy.domains.de.kernel.DEDirector._fire(DEDirector.java:1949)
	at ptolemy.domains.de.kernel.DEDirector.fire(DEDirector.java:502)
	at ptolemy.actor.CompositeActor.fire(CompositeActor.java:455)
	at ptolemy.actor.Manager.iterate(Manager.java:851)
	at ptolemy.actor.Manager.execute(Manager.java:369)
	at ptolemy.actor.Manager.run(Manager.java:1263)
	at ptolemy.actor.Manager$PtolemyRunThread.run(Manager.java:1915)
java.lang.reflect.InvocationTargetException
	at sun.reflect.NativeConstructorAccessorImpl.newInstance0(Native Method)
	at sun.reflect.NativeConstructorAccessorImpl.newInstance(NativeConstructorAccessorImpl.java:62)
	at sun.reflect.DelegatingConstructorAccessorImpl.newInstance(DelegatingConstructorAccessorImpl.java:45)
	at java.lang.reflect.Constructor.newInstance(Constructor.java:423)
	at ptolemy.util.test.junit.AutoKnownFailedTests.RunModel(AutoKnownFailedTests.java:107)
	at sun.reflect.NativeMethodAccessorImpl.invoke0(Native Method)
	at sun.reflect.NativeMethodAccessorImpl.invoke(NativeMethodAccessorImpl.java:62)
	at sun.reflect.DelegatingMethodAccessorImpl.invoke(DelegatingMethodAccessorImpl.java:43)
	at java.lang.reflect.Method.invoke(Method.java:498)
	at org.junit.runners.model.FrameworkMethod$1.runReflectiveCall(FrameworkMethod.java:44)
	at org.junit.internal.runners.model.ReflectiveCallable.run(ReflectiveCallable.java:15)
	at org.junit.runners.model.FrameworkMethod.invokeExplosively(FrameworkMethod.java:41)
	at junitparams.internal.InvokeParameterisedMethod.evaluate(InvokeParameterisedMethod.java:102)
	at org.junit.internal.runners.statements.FailOnTimeout$1.run(FailOnTimeout.java:28)
Caused by: ptolemy.kernel.util.IllegalActionException: Actor is not ready to fire.  Perhaps UpSample.prefire() returned false? Try debugging the actor by selecting "Listen to Actor".  Also, for SDF check moml for tokenConsumptionRate on input.
  in .DESDFClockTest.Play Bell.Copy1:SDF Director and .DESDFClockTest.Play Bell.UpSample
	at ptolemy.actor.sched.StaticSchedulingDirector.fire(StaticSchedulingDirector.java:227)
	at ptolemy.domains.sdf.kernel.SDFDirector.fire(SDFDirector.java:500)
	at ptolemy.actor.CompositeActor.fire(CompositeActor.java:455)
	at ptolemy.domains.de.kernel.DEDirector._fire(DEDirector.java:1949)
	at ptolemy.domains.de.kernel.DEDirector.fire(DEDirector.java:502)
	at ptolemy.actor.CompositeActor.fire(CompositeActor.java:455)
	at ptolemy.actor.Manager.iterate(Manager.java:851)
	at ptolemy.actor.Manager.execute(Manager.java:369)
	at ptolemy.actor.Manager.run(Manager.java:1263)
	at ptolemy.actor.Manager$PtolemyRunThread.run(Manager.java:1915)
java.lang.RuntimeException: Execution failed
	at ptolemy.moml.MoMLSimpleApplication$UnloadThread.run(MoMLSimpleApplication.java:402)
Caused by: ptolemy.kernel.util.IllegalActionException: Test fails in iteration 1.
Value was: 1.0. Should have been: 2.0
  in .DirectFeedback.Test
	at ptolemy.actor.lib.Test.fire(Test.java:268)
	at ptolemy.domains.de.kernel.DEDirector._fire(DEDirector.java:1949)
	at ptolemy.domains.de.kernel.DEDirector.fire(DEDirector.java:502)
	at ptolemy.actor.CompositeActor.fire(CompositeActor.java:455)
	at ptolemy.actor.Manager.iterate(Manager.java:851)
	at ptolemy.actor.Manager.execute(Manager.java:369)
	at ptolemy.actor.Manager.run(Manager.java:1263)
	at ptolemy.actor.Manager$PtolemyRunThread.run(Manager.java:1915)
java.lang.reflect.InvocationTargetException
	at sun.reflect.NativeConstructorAccessorImpl.newInstance0(Native Method)
	at sun.reflect.NativeConstructorAccessorImpl.newInstance(NativeConstructorAccessorImpl.java:62)
	at sun.reflect.DelegatingConstructorAccessorImpl.newInstance(DelegatingConstructorAccessorImpl.java:45)
	at java.lang.reflect.Constructor.newInstance(Constructor.java:423)
	at ptolemy.util.test.junit.AutoKnownFailedTests.RunModel(AutoKnownFailedTests.java:107)
	at sun.reflect.NativeMethodAccessorImpl.invoke0(Native Method)
	at sun.reflect.NativeMethodAccessorImpl.invoke(NativeMethodAccessorImpl.java:62)
	at sun.reflect.DelegatingMethodAccessorImpl.invoke(DelegatingMethodAccessorImpl.java:43)
	at java.lang.reflect.Method.invoke(Method.java:498)
	at org.junit.runners.model.FrameworkMethod$1.runReflectiveCall(FrameworkMethod.java:44)
	at org.junit.internal.runners.model.ReflectiveCallable.run(ReflectiveCallable.java:15)
	at org.junit.runners.model.FrameworkMethod.invokeExplosively(FrameworkMethod.java:41)
	at junitparams.internal.InvokeParameterisedMethod.evaluate(InvokeParameterisedMethod.java:102)
	at org.junit.internal.runners.statements.FailOnTimeout$1.run(FailOnTimeout.java:28)
Caused by: ptolemy.kernel.util.IllegalActionException: Test fails in iteration 1.
Value was: 1.0. Should have been: 2.0
  in .DirectFeedback.Test
	at ptolemy.actor.lib.Test.fire(Test.java:268)
	at ptolemy.domains.de.kernel.DEDirector._fire(DEDirector.java:1949)
	at ptolemy.domains.de.kernel.DEDirector.fire(DEDirector.java:502)
	at ptolemy.actor.CompositeActor.fire(CompositeActor.java:455)
	at ptolemy.actor.Manager.iterate(Manager.java:851)
	at ptolemy.actor.Manager.execute(Manager.java:369)
	at ptolemy.actor.Manager.run(Manager.java:1263)
	at ptolemy.actor.Manager$PtolemyRunThread.run(Manager.java:1915)
java.lang.RuntimeException: Execution failed
	at ptolemy.moml.MoMLSimpleApplication$UnloadThread.run(MoMLSimpleApplication.java:402)
Caused by: ptolemy.kernel.util.IllegalActionException: Found a zero delay loop containing .HierarchicalModel.A
  in .HierarchicalModel and .HierarchicalModel.A
	at ptolemy.actor.util.CausalityInterfaceForComposites._computeOutputPortDepth(CausalityInterfaceForComposites.java:759)
	at ptolemy.actor.util.CausalityInterfaceForComposites._computeInputDepth(CausalityInterfaceForComposites.java:696)
	at ptolemy.actor.util.CausalityInterfaceForComposites._computeOutputPortDepth(CausalityInterfaceForComposites.java:765)
	at ptolemy.actor.util.CausalityInterfaceForComposites._computeInputDepth(CausalityInterfaceForComposites.java:696)
	at ptolemy.actor.util.CausalityInterfaceForComposites._computeOutputPortDepth(CausalityInterfaceForComposites.java:765)
	at ptolemy.actor.util.CausalityInterfaceForComposites._computeInputDepth(CausalityInterfaceForComposites.java:696)
	at ptolemy.actor.util.CausalityInterfaceForComposites._computeActorDepth(CausalityInterfaceForComposites.java:532)
	at ptolemy.actor.util.CausalityInterfaceForComposites.checkForCycles(CausalityInterfaceForComposites.java:96)
	at ptolemy.domains.de.kernel.DEDirector.preinitialize(DEDirector.java:1338)
	at ptolemy.actor.CompositeActor.preinitialize(CompositeActor.java:1828)
	at ptolemy.actor.Manager.preinitializeAndResolveTypes(Manager.java:1040)
	at ptolemy.actor.Manager.initialize(Manager.java:710)
	at ptolemy.actor.Manager.execute(Manager.java:356)
	at ptolemy.actor.Manager.run(Manager.java:1263)
	at ptolemy.actor.Manager$PtolemyRunThread.run(Manager.java:1915)
java.lang.reflect.InvocationTargetException
	at sun.reflect.NativeConstructorAccessorImpl.newInstance0(Native Method)
	at sun.reflect.NativeConstructorAccessorImpl.newInstance(NativeConstructorAccessorImpl.java:62)
	at sun.reflect.DelegatingConstructorAccessorImpl.newInstance(DelegatingConstructorAccessorImpl.java:45)
	at java.lang.reflect.Constructor.newInstance(Constructor.java:423)
	at ptolemy.util.test.junit.AutoKnownFailedTests.RunModel(AutoKnownFailedTests.java:107)
	at sun.reflect.NativeMethodAccessorImpl.invoke0(Native Method)
	at sun.reflect.NativeMethodAccessorImpl.invoke(NativeMethodAccessorImpl.java:62)
	at sun.reflect.DelegatingMethodAccessorImpl.invoke(DelegatingMethodAccessorImpl.java:43)
	at java.lang.reflect.Method.invoke(Method.java:498)
	at org.junit.runners.model.FrameworkMethod$1.runReflectiveCall(FrameworkMethod.java:44)
	at org.junit.internal.runners.model.ReflectiveCallable.run(ReflectiveCallable.java:15)
	at org.junit.runners.model.FrameworkMethod.invokeExplosively(FrameworkMethod.java:41)
	at junitparams.internal.InvokeParameterisedMethod.evaluate(InvokeParameterisedMethod.java:102)
	at org.junit.internal.runners.statements.FailOnTimeout$1.run(FailOnTimeout.java:28)
Caused by: ptolemy.kernel.util.IllegalActionException: Found a zero delay loop containing .HierarchicalModel.A
  in .HierarchicalModel and .HierarchicalModel.A
	at ptolemy.actor.util.CausalityInterfaceForComposites._computeOutputPortDepth(CausalityInterfaceForComposites.java:759)
	at ptolemy.actor.util.CausalityInterfaceForComposites._computeInputDepth(CausalityInterfaceForComposites.java:696)
	at ptolemy.actor.util.CausalityInterfaceForComposites._computeOutputPortDepth(CausalityInterfaceForComposites.java:765)
	at ptolemy.actor.util.CausalityInterfaceForComposites._computeInputDepth(CausalityInterfaceForComposites.java:696)
	at ptolemy.actor.util.CausalityInterfaceForComposites._computeOutputPortDepth(CausalityInterfaceForComposites.java:765)
	at ptolemy.actor.util.CausalityInterfaceForComposites._computeInputDepth(CausalityInterfaceForComposites.java:696)
	at ptolemy.actor.util.CausalityInterfaceForComposites._computeActorDepth(CausalityInterfaceForComposites.java:532)
	at ptolemy.actor.util.CausalityInterfaceForComposites.checkForCycles(CausalityInterfaceForComposites.java:96)
	at ptolemy.domains.de.kernel.DEDirector.preinitialize(DEDirector.java:1338)
	at ptolemy.actor.CompositeActor.preinitialize(CompositeActor.java:1828)
	at ptolemy.actor.Manager.preinitializeAndResolveTypes(Manager.java:1040)
	at ptolemy.actor.Manager.initialize(Manager.java:710)
	at ptolemy.actor.Manager.execute(Manager.java:356)
	at ptolemy.actor.Manager.run(Manager.java:1263)
	at ptolemy.actor.Manager$PtolemyRunThread.run(Manager.java:1915)
java.lang.RuntimeException: Execution failed
	at ptolemy.moml.MoMLSimpleApplication$UnloadThread.run(MoMLSimpleApplication.java:402)
Caused by: ptolemy.kernel.util.IllegalActionException: Found a zero delay loop containing .dependencyLoop.original
  in .dependencyLoop and .dependencyLoop.original
	at ptolemy.actor.util.CausalityInterfaceForComposites._computeOutputPortDepth(CausalityInterfaceForComposites.java:759)
	at ptolemy.actor.util.CausalityInterfaceForComposites._computeInputDepth(CausalityInterfaceForComposites.java:696)
	at ptolemy.actor.util.CausalityInterfaceForComposites._computeOutputPortDepth(CausalityInterfaceForComposites.java:765)
	at ptolemy.actor.util.CausalityInterfaceForComposites._computeInputDepth(CausalityInterfaceForComposites.java:696)
	at ptolemy.actor.util.CausalityInterfaceForComposites._computeOutputPortDepth(CausalityInterfaceForComposites.java:765)
	at ptolemy.actor.util.CausalityInterfaceForComposites._computeInputDepth(CausalityInterfaceForComposites.java:696)
	at ptolemy.actor.util.CausalityInterfaceForComposites._computeActorDepth(CausalityInterfaceForComposites.java:532)
	at ptolemy.actor.util.CausalityInterfaceForComposites.checkForCycles(CausalityInterfaceForComposites.java:96)
	at ptolemy.domains.de.kernel.DEDirector.preinitialize(DEDirector.java:1338)
	at ptolemy.actor.CompositeActor.preinitialize(CompositeActor.java:1828)
	at ptolemy.actor.Manager.preinitializeAndResolveTypes(Manager.java:1040)
	at ptolemy.actor.Manager.initialize(Manager.java:710)
	at ptolemy.actor.Manager.execute(Manager.java:356)
	at ptolemy.actor.Manager.run(Manager.java:1263)
	at ptolemy.actor.Manager$PtolemyRunThread.run(Manager.java:1915)
java.lang.reflect.InvocationTargetException
	at sun.reflect.NativeConstructorAccessorImpl.newInstance0(Native Method)
	at sun.reflect.NativeConstructorAccessorImpl.newInstance(NativeConstructorAccessorImpl.java:62)
	at sun.reflect.DelegatingConstructorAccessorImpl.newInstance(DelegatingConstructorAccessorImpl.java:45)
	at java.lang.reflect.Constructor.newInstance(Constructor.java:423)
	at ptolemy.util.test.junit.AutoKnownFailedTests.RunModel(AutoKnownFailedTests.java:107)
	at sun.reflect.NativeMethodAccessorImpl.invoke0(Native Method)
	at sun.reflect.NativeMethodAccessorImpl.invoke(NativeMethodAccessorImpl.java:62)
	at sun.reflect.DelegatingMethodAccessorImpl.invoke(DelegatingMethodAccessorImpl.java:43)
	at java.lang.reflect.Method.invoke(Method.java:498)
	at org.junit.runners.model.FrameworkMethod$1.runReflectiveCall(FrameworkMethod.java:44)
	at org.junit.internal.runners.model.ReflectiveCallable.run(ReflectiveCallable.java:15)
	at org.junit.runners.model.FrameworkMethod.invokeExplosively(FrameworkMethod.java:41)
	at junitparams.internal.InvokeParameterisedMethod.evaluate(InvokeParameterisedMethod.java:102)
	at org.junit.internal.runners.statements.FailOnTimeout$1.run(FailOnTimeout.java:28)
Caused by: ptolemy.kernel.util.IllegalActionException: Found a zero delay loop containing .dependencyLoop.original
  in .dependencyLoop and .dependencyLoop.original
	at ptolemy.actor.util.CausalityInterfaceForComposites._computeOutputPortDepth(CausalityInterfaceForComposites.java:759)
	at ptolemy.actor.util.CausalityInterfaceForComposites._computeInputDepth(CausalityInterfaceForComposites.java:696)
	at ptolemy.actor.util.CausalityInterfaceForComposites._computeOutputPortDepth(CausalityInterfaceForComposites.java:765)
	at ptolemy.actor.util.CausalityInterfaceForComposites._computeInputDepth(CausalityInterfaceForComposites.java:696)
	at ptolemy.actor.util.CausalityInterfaceForComposites._computeOutputPortDepth(CausalityInterfaceForComposites.java:765)
	at ptolemy.actor.util.CausalityInterfaceForComposites._computeInputDepth(CausalityInterfaceForComposites.java:696)
	at ptolemy.actor.util.CausalityInterfaceForComposites._computeActorDepth(CausalityInterfaceForComposites.java:532)
	at ptolemy.actor.util.CausalityInterfaceForComposites.checkForCycles(CausalityInterfaceForComposites.java:96)
	at ptolemy.domains.de.kernel.DEDirector.preinitialize(DEDirector.java:1338)
	at ptolemy.actor.CompositeActor.preinitialize(CompositeActor.java:1828)
	at ptolemy.actor.Manager.preinitializeAndResolveTypes(Manager.java:1040)
	at ptolemy.actor.Manager.initialize(Manager.java:710)
	at ptolemy.actor.Manager.execute(Manager.java:356)
	at ptolemy.actor.Manager.run(Manager.java:1263)
	at ptolemy.actor.Manager$PtolemyRunThread.run(Manager.java:1915)
java.lang.RuntimeException: Execution failed
	at ptolemy.moml.MoMLSimpleApplication$UnloadThread.run(MoMLSimpleApplication.java:402)
Caused by: ptolemy.kernel.util.IllegalActionException: Found a zero delay loop containing .dependencyLoop2.original
  in .dependencyLoop2 and .dependencyLoop2.original
	at ptolemy.actor.util.CausalityInterfaceForComposites._computeOutputPortDepth(CausalityInterfaceForComposites.java:759)
	at ptolemy.actor.util.CausalityInterfaceForComposites._computeInputDepth(CausalityInterfaceForComposites.java:696)
	at ptolemy.actor.util.CausalityInterfaceForComposites._computeOutputPortDepth(CausalityInterfaceForComposites.java:765)
	at ptolemy.actor.util.CausalityInterfaceForComposites._computeInputDepth(CausalityInterfaceForComposites.java:696)
	at ptolemy.actor.util.CausalityInterfaceForComposites._computeOutputPortDepth(CausalityInterfaceForComposites.java:765)
	at ptolemy.actor.util.CausalityInterfaceForComposites._computeInputDepth(CausalityInterfaceForComposites.java:696)
	at ptolemy.actor.util.CausalityInterfaceForComposites._computeActorDepth(CausalityInterfaceForComposites.java:532)
	at ptolemy.actor.util.CausalityInterfaceForComposites.checkForCycles(CausalityInterfaceForComposites.java:96)
	at ptolemy.domains.de.kernel.DEDirector.preinitialize(DEDirector.java:1338)
	at ptolemy.actor.CompositeActor.preinitialize(CompositeActor.java:1828)
	at ptolemy.actor.Manager.preinitializeAndResolveTypes(Manager.java:1040)
	at ptolemy.actor.Manager.initialize(Manager.java:710)
	at ptolemy.actor.Manager.execute(Manager.java:356)
	at ptolemy.actor.Manager.run(Manager.java:1263)
	at ptolemy.actor.Manager$PtolemyRunThread.run(Manager.java:1915)
java.lang.reflect.InvocationTargetException
	at sun.reflect.NativeConstructorAccessorImpl.newInstance0(Native Method)
	at sun.reflect.NativeConstructorAccessorImpl.newInstance(NativeConstructorAccessorImpl.java:62)
	at sun.reflect.DelegatingConstructorAccessorImpl.newInstance(DelegatingConstructorAccessorImpl.java:45)
	at java.lang.reflect.Constructor.newInstance(Constructor.java:423)
	at ptolemy.util.test.junit.AutoKnownFailedTests.RunModel(AutoKnownFailedTests.java:107)
	at sun.reflect.NativeMethodAccessorImpl.invoke0(Native Method)
	at sun.reflect.NativeMethodAccessorImpl.invoke(NativeMethodAccessorImpl.java:62)
	at sun.reflect.DelegatingMethodAccessorImpl.invoke(DelegatingMethodAccessorImpl.java:43)
	at java.lang.reflect.Method.invoke(Method.java:498)
	at org.junit.runners.model.FrameworkMethod$1.runReflectiveCall(FrameworkMethod.java:44)
	at org.junit.internal.runners.model.ReflectiveCallable.run(ReflectiveCallable.java:15)
	at org.junit.runners.model.FrameworkMethod.invokeExplosively(FrameworkMethod.java:41)
	at junitparams.internal.InvokeParameterisedMethod.evaluate(InvokeParameterisedMethod.java:102)
	at org.junit.internal.runners.statements.FailOnTimeout$1.run(FailOnTimeout.java:28)
Caused by: ptolemy.kernel.util.IllegalActionException: Found a zero delay loop containing .dependencyLoop2.original
  in .dependencyLoop2 and .dependencyLoop2.original
	at ptolemy.actor.util.CausalityInterfaceForComposites._computeOutputPortDepth(CausalityInterfaceForComposites.java:759)
	at ptolemy.actor.util.CausalityInterfaceForComposites._computeInputDepth(CausalityInterfaceForComposites.java:696)
	at ptolemy.actor.util.CausalityInterfaceForComposites._computeOutputPortDepth(CausalityInterfaceForComposites.java:765)
	at ptolemy.actor.util.CausalityInterfaceForComposites._computeInputDepth(CausalityInterfaceForComposites.java:696)
	at ptolemy.actor.util.CausalityInterfaceForComposites._computeOutputPortDepth(CausalityInterfaceForComposites.java:765)
	at ptolemy.actor.util.CausalityInterfaceForComposites._computeInputDepth(CausalityInterfaceForComposites.java:696)
	at ptolemy.actor.util.CausalityInterfaceForComposites._computeActorDepth(CausalityInterfaceForComposites.java:532)
	at ptolemy.actor.util.CausalityInterfaceForComposites.checkForCycles(CausalityInterfaceForComposites.java:96)
	at ptolemy.domains.de.kernel.DEDirector.preinitialize(DEDirector.java:1338)
	at ptolemy.actor.CompositeActor.preinitialize(CompositeActor.java:1828)
	at ptolemy.actor.Manager.preinitializeAndResolveTypes(Manager.java:1040)
	at ptolemy.actor.Manager.initialize(Manager.java:710)
	at ptolemy.actor.Manager.execute(Manager.java:356)
	at ptolemy.actor.Manager.run(Manager.java:1263)
	at ptolemy.actor.Manager$PtolemyRunThread.run(Manager.java:1915)
]]></system-err>
</testsuite>
