<?xml version="1.0" encoding="UTF-8" ?>
<testsuite errors="0" failures="0" hostname="travis-job-8ae18e68-8a2c-49c3-8bfc-1f0201b8e923" name="ptolemy.domains.continuous.test.junit.JUnitTclTest" skipped="0" tests="156" time="68.689" timestamp="2020-06-10T14:36:14">
  <properties>
[...]
</properties>
  <testcase classname="ptolemy.util.test.junit.TclTests" name="[0] ThereAreNoTclTests (RunTclFile)" time="0.007" />
  <testcase classname="ptolemy.util.test.junit.AutoKnownFailedTests" name="[0] ThereAreNoKnowFailedTests (RunModel)" time="0.001" />
  <testcase classname="ptolemy.util.test.junit.AutoNameArchTests" name="[0] ThereAreNoAutoArchTests (RunModel)" time="0.011" />
  <testcase classname="ptolemy.util.test.junit.AutoTests" name="[0] /home/travis/build/icyphy/ptII/ptolemy/domains/continuous/test/auto/BouncingBall.xml (RunModel)" time="2.944" />
  <testcase classname="ptolemy.util.test.junit.AutoTests" name="[1] /home/travis/build/icyphy/ptII/ptolemy/domains/continuous/test/auto/BouncingBallWithoutGR.xml (RunModel)" time="0.816" />
  <testcase classname="ptolemy.util.test.junit.AutoTests" name="[2] /home/travis/build/icyphy/ptII/ptolemy/domains/continuous/test/auto/Brownian.xml (RunModel)" time="0.131" />
  <testcase classname="ptolemy.util.test.junit.AutoTests" name="[3] /home/travis/build/icyphy/ptII/ptolemy/domains/continuous/test/auto/CarTracking.xml (RunModel)" time="4.078" />
  <testcase classname="ptolemy.util.test.junit.AutoTests" name="[4] /home/travis/build/icyphy/ptII/ptolemy/domains/continuous/test/auto/CartPendulum.xml (RunModel)" time="0.465" />
  <testcase classname="ptolemy.util.test.junit.AutoTests" name="[5] /home/travis/build/icyphy/ptII/ptolemy/domains/continuous/test/auto/CausalityInterface10.xml (RunModel)" time="0.035" />
  <testcase classname="ptolemy.util.test.junit.AutoTests" name="[6] /home/travis/build/icyphy/ptII/ptolemy/domains/continuous/test/auto/CausalityInterface11.xml (RunModel)" time="0.031" />
  <testcase classname="ptolemy.util.test.junit.AutoTests" name="[7] /home/travis/build/icyphy/ptII/ptolemy/domains/continuous/test/auto/CausalityInterface12.xml (RunModel)" time="0.037" />
  <testcase classname="ptolemy.util.test.junit.AutoTests" name="[8] /home/travis/build/icyphy/ptII/ptolemy/domains/continuous/test/auto/CausalityInterface13.xml (RunModel)" time="0.04" />
  <testcase classname="ptolemy.util.test.junit.AutoTests" name="[9] /home/travis/build/icyphy/ptII/ptolemy/domains/continuous/test/auto/CausalityInterface14.xml (RunModel)" time="0.026" />
  <testcase classname="ptolemy.util.test.junit.AutoTests" name="[10] /home/travis/build/icyphy/ptII/ptolemy/domains/continuous/test/auto/CausalityInterface4.xml (RunModel)" time="0.034" />
  <testcase classname="ptolemy.util.test.junit.AutoTests" name="[11] /home/travis/build/icyphy/ptII/ptolemy/domains/continuous/test/auto/CausalityInterface5.xml (RunModel)" time="0.043" />
  <testcase classname="ptolemy.util.test.junit.AutoTests" name="[12] /home/travis/build/icyphy/ptII/ptolemy/domains/continuous/test/auto/CausalityInterface6.xml (RunModel)" time="0.028" />
  <testcase classname="ptolemy.util.test.junit.AutoTests" name="[13] /home/travis/build/icyphy/ptII/ptolemy/domains/continuous/test/auto/CausalityInterface7.xml (RunModel)" time="0.041" />
  <testcase classname="ptolemy.util.test.junit.AutoTests" name="[14] /home/travis/build/icyphy/ptII/ptolemy/domains/continuous/test/auto/CausalityInterface8.xml (RunModel)" time="0.043" />
  <testcase classname="ptolemy.util.test.junit.AutoTests" name="[15] /home/travis/build/icyphy/ptII/ptolemy/domains/continuous/test/auto/CausalityInterface9.xml (RunModel)" time="0.049" />
  <testcase classname="ptolemy.util.test.junit.AutoTests" name="[16] /home/travis/build/icyphy/ptII/ptolemy/domains/continuous/test/auto/CausalityInterfaceFeedback1.xml (RunModel)" time="0.03" />
  <testcase classname="ptolemy.util.test.junit.AutoTests" name="[17] /home/travis/build/icyphy/ptII/ptolemy/domains/continuous/test/auto/CausalityInterfaceFeedback2.xml (RunModel)" time="0.033" />
  <testcase classname="ptolemy.util.test.junit.AutoTests" name="[18] /home/travis/build/icyphy/ptII/ptolemy/domains/continuous/test/auto/CompareWithCurrentTime.xml (RunModel)" time="0.017" />
  <testcase classname="ptolemy.util.test.junit.AutoTests" name="[19] /home/travis/build/icyphy/ptII/ptolemy/domains/continuous/test/auto/ComparedClocks.xml (RunModel)" time="0.076" />
  <testcase classname="ptolemy.util.test.junit.AutoTests" name="[20] /home/travis/build/icyphy/ptII/ptolemy/domains/continuous/test/auto/ContinuousAOCClone.xml (RunModel)" time="2.726" />
  <testcase classname="ptolemy.util.test.junit.AutoTests" name="[21] /home/travis/build/icyphy/ptII/ptolemy/domains/continuous/test/auto/ContinuousClock.xml (RunModel)" time="0.092" />
  <testcase classname="ptolemy.util.test.junit.AutoTests" name="[22] /home/travis/build/icyphy/ptII/ptolemy/domains/continuous/test/auto/ContinuousInContinuous.xml (RunModel)" time="0.084" />
  <testcase classname="ptolemy.util.test.junit.AutoTests" name="[23] /home/travis/build/icyphy/ptII/ptolemy/domains/continuous/test/auto/ContinuousInContinuousInContinuous.xml (RunModel)" time="0.02" />
  <testcase classname="ptolemy.util.test.junit.AutoTests" name="[24] /home/travis/build/icyphy/ptII/ptolemy/domains/continuous/test/auto/ContinuousInDE.xml (RunModel)" time="0.074" />
  <testcase classname="ptolemy.util.test.junit.AutoTests" name="[25] /home/travis/build/icyphy/ptII/ptolemy/domains/continuous/test/auto/ContinuousInDE2.xml (RunModel)" time="0.039" />
  <testcase classname="ptolemy.util.test.junit.AutoTests" name="[26] /home/travis/build/icyphy/ptII/ptolemy/domains/continuous/test/auto/ContinuousInDE3.xml (RunModel)" time="0.038" />
  <testcase classname="ptolemy.util.test.junit.AutoTests" name="[27] /home/travis/build/icyphy/ptII/ptolemy/domains/continuous/test/auto/ContinuousInDE4.xml (RunModel)" time="0.037" />
  <testcase classname="ptolemy.util.test.junit.AutoTests" name="[28] /home/travis/build/icyphy/ptII/ptolemy/domains/continuous/test/auto/ContinuousInDEDifferentRefinements.xml (RunModel)" time="0.086" />
  <testcase classname="ptolemy.util.test.junit.AutoTests" name="[29] /home/travis/build/icyphy/ptII/ptolemy/domains/continuous/test/auto/ContinuousInDEDifferentRefinementsPreemptive.xml (RunModel)" time="0.077" />
  <testcase classname="ptolemy.util.test.junit.AutoTests" name="[30] /home/travis/build/icyphy/ptII/ptolemy/domains/continuous/test/auto/ContinuousInDEInContinuous2.xml (RunModel)" time="0.052" />
  <testcase classname="ptolemy.util.test.junit.AutoTests" name="[31] /home/travis/build/icyphy/ptII/ptolemy/domains/continuous/test/auto/ContinuousInDEInContinuous3.xml (RunModel)" time="0.056" />
  <testcase classname="ptolemy.util.test.junit.AutoTests" name="[32] /home/travis/build/icyphy/ptII/ptolemy/domains/continuous/test/auto/ContinuousInDEInput.xml (RunModel)" time="0.034" />
  <testcase classname="ptolemy.util.test.junit.AutoTests" name="[33] /home/travis/build/icyphy/ptII/ptolemy/domains/continuous/test/auto/ContinuousInDEInput2.xml (RunModel)" time="0.032" />
  <testcase classname="ptolemy.util.test.junit.AutoTests" name="[34] /home/travis/build/icyphy/ptII/ptolemy/domains/continuous/test/auto/ContinuousInDEInput3.xml (RunModel)" time="0.028" />
  <testcase classname="ptolemy.util.test.junit.AutoTests" name="[35] /home/travis/build/icyphy/ptII/ptolemy/domains/continuous/test/auto/ContinuousInDESharingRefinement.xml (RunModel)" time="0.166" />
  <testcase classname="ptolemy.util.test.junit.AutoTests" name="[36] /home/travis/build/icyphy/ptII/ptolemy/domains/continuous/test/auto/ContinuousInDEwithNoPorts.xml (RunModel)" time="0.009" />
  <testcase classname="ptolemy.util.test.junit.AutoTests" name="[37] /home/travis/build/icyphy/ptII/ptolemy/domains/continuous/test/auto/ContinuousInsideDE.xml (RunModel)" time="0.065" />
  <testcase classname="ptolemy.util.test.junit.AutoTests" name="[38] /home/travis/build/icyphy/ptII/ptolemy/domains/continuous/test/auto/ContinuousMerge1.xml (RunModel)" time="0.012" />
  <testcase classname="ptolemy.util.test.junit.AutoTests" name="[39] /home/travis/build/icyphy/ptII/ptolemy/domains/continuous/test/auto/ContinuousMerge2.xml (RunModel)" time="0.038" />
  <testcase classname="ptolemy.util.test.junit.AutoTests" name="[40] /home/travis/build/icyphy/ptII/ptolemy/domains/continuous/test/auto/ContinuousMerge3.xml (RunModel)" time="0.067" />
  <testcase classname="ptolemy.util.test.junit.AutoTests" name="[41] /home/travis/build/icyphy/ptII/ptolemy/domains/continuous/test/auto/ContinuousWithinContinuous.xml (RunModel)" time="0.05" />
  <testcase classname="ptolemy.util.test.junit.AutoTests" name="[42] /home/travis/build/icyphy/ptII/ptolemy/domains/continuous/test/auto/ContinuousWithinContinuous2.xml (RunModel)" time="0.075" />
  <testcase classname="ptolemy.util.test.junit.AutoTests" name="[43] /home/travis/build/icyphy/ptII/ptolemy/domains/continuous/test/auto/ContinuousWithinContinuous3.xml (RunModel)" time="0.029" />
  <testcase classname="ptolemy.util.test.junit.AutoTests" name="[44] /home/travis/build/icyphy/ptII/ptolemy/domains/continuous/test/auto/ContinuousWithinContinuous4.xml (RunModel)" time="0.085" />
  <testcase classname="ptolemy.util.test.junit.AutoTests" name="[45] /home/travis/build/icyphy/ptII/ptolemy/domains/continuous/test/auto/ContinuousWithinContinuous5.xml (RunModel)" time="0.036" />
  <testcase classname="ptolemy.util.test.junit.AutoTests" name="[46] /home/travis/build/icyphy/ptII/ptolemy/domains/continuous/test/auto/ContinuousWithinContinuous6.xml (RunModel)" time="0.044" />
  <testcase classname="ptolemy.util.test.junit.AutoTests" name="[47] /home/travis/build/icyphy/ptII/ptolemy/domains/continuous/test/auto/ContinuousWithinContinuous7.xml (RunModel)" time="0.068" />
  <testcase classname="ptolemy.util.test.junit.AutoTests" name="[48] /home/travis/build/icyphy/ptII/ptolemy/domains/continuous/test/auto/DCMotor.xml (RunModel)" time="12.642" />
  <testcase classname="ptolemy.util.test.junit.AutoTests" name="[49] /home/travis/build/icyphy/ptII/ptolemy/domains/continuous/test/auto/DEInContinuous.xml (RunModel)" time="0.03" />
  <testcase classname="ptolemy.util.test.junit.AutoTests" name="[50] /home/travis/build/icyphy/ptII/ptolemy/domains/continuous/test/auto/DEinContinuous2.xml (RunModel)" time="0.028" />
  <testcase classname="ptolemy.util.test.junit.AutoTests" name="[51] /home/travis/build/icyphy/ptII/ptolemy/domains/continuous/test/auto/Derivative.xml (RunModel)" time="0.157" />
  <testcase classname="ptolemy.util.test.junit.AutoTests" name="[52] /home/travis/build/icyphy/ptII/ptolemy/domains/continuous/test/auto/Derivative1.xml (RunModel)" time="0.035" />
  <testcase classname="ptolemy.util.test.junit.AutoTests" name="[53] /home/travis/build/icyphy/ptII/ptolemy/domains/continuous/test/auto/DiscreteClock.xml (RunModel)" time="0.011" />
  <testcase classname="ptolemy.util.test.junit.AutoTests" name="[54] /home/travis/build/icyphy/ptII/ptolemy/domains/continuous/test/auto/EfficiencyCurve.xml (RunModel)" time="0.082" />
  <testcase classname="ptolemy.util.test.junit.AutoTests" name="[55] /home/travis/build/icyphy/ptII/ptolemy/domains/continuous/test/auto/ExponentialResponse.xml (RunModel)" time="0.099" />
  <testcase classname="ptolemy.util.test.junit.AutoTests" name="[56] /home/travis/build/icyphy/ptII/ptolemy/domains/continuous/test/auto/ExponentialResponseRK45.xml (RunModel)" time="0.03" />
  <testcase classname="ptolemy.util.test.junit.AutoTests" name="[57] /home/travis/build/icyphy/ptII/ptolemy/domains/continuous/test/auto/Friction.xml (RunModel)" time="1.515" />
  <testcase classname="ptolemy.util.test.junit.AutoTests" name="[58] /home/travis/build/icyphy/ptII/ptolemy/domains/continuous/test/auto/FurutaPendulum.xml (RunModel)" time="2.825" />
  <testcase classname="ptolemy.util.test.junit.AutoTests" name="[59] /home/travis/build/icyphy/ptII/ptolemy/domains/continuous/test/auto/HierarchicalExecution.xml (RunModel)" time="1.743" />
  <testcase classname="ptolemy.util.test.junit.AutoTests" name="[60] /home/travis/build/icyphy/ptII/ptolemy/domains/continuous/test/auto/HybridPlant.xml (RunModel)" time="0.536" />
  <testcase classname="ptolemy.util.test.junit.AutoTests" name="[61] /home/travis/build/icyphy/ptII/ptolemy/domains/continuous/test/auto/Hysteresis.xml (RunModel)" time="0.183" />
  <testcase classname="ptolemy.util.test.junit.AutoTests" name="[62] /home/travis/build/icyphy/ptII/ptolemy/domains/continuous/test/auto/HysteresisWithRandomDelay.xml (RunModel)" time="0.221" />
  <testcase classname="ptolemy.util.test.junit.AutoTests" name="[63] /home/travis/build/icyphy/ptII/ptolemy/domains/continuous/test/auto/HysteresisWithRandomLosses.xml (RunModel)" time="2.273" />
  <testcase classname="ptolemy.util.test.junit.AutoTests" name="[64] /home/travis/build/icyphy/ptII/ptolemy/domains/continuous/test/auto/ImmediateTransitions.xml (RunModel)" time="0.033" />
  <testcase classname="ptolemy.util.test.junit.AutoTests" name="[65] /home/travis/build/icyphy/ptII/ptolemy/domains/continuous/test/auto/ImpulseFeedback.xml (RunModel)" time="0.016" />
  <testcase classname="ptolemy.util.test.junit.AutoTests" name="[66] /home/travis/build/icyphy/ptII/ptolemy/domains/continuous/test/auto/ImpulseFeedback2.xml (RunModel)" time="0.015" />
  <testcase classname="ptolemy.util.test.junit.AutoTests" name="[67] /home/travis/build/icyphy/ptII/ptolemy/domains/continuous/test/auto/IncreasingRatePoisson.xml (RunModel)" time="0.691" />
  <testcase classname="ptolemy.util.test.junit.AutoTests" name="[68] /home/travis/build/icyphy/ptII/ptolemy/domains/continuous/test/auto/InitialStateFeedback.xml (RunModel)" time="0.018" />
  <testcase classname="ptolemy.util.test.junit.AutoTests" name="[69] /home/travis/build/icyphy/ptII/ptolemy/domains/continuous/test/auto/Integration.xml (RunModel)" time="0.01" />
  <testcase classname="ptolemy.util.test.junit.AutoTests" name="[70] /home/travis/build/icyphy/ptII/ptolemy/domains/continuous/test/auto/Integration2.xml (RunModel)" time="0.074" />
  <testcase classname="ptolemy.util.test.junit.AutoTests" name="[71] /home/travis/build/icyphy/ptII/ptolemy/domains/continuous/test/auto/Integration3.xml (RunModel)" time="0.011" />
  <testcase classname="ptolemy.util.test.junit.AutoTests" name="[72] /home/travis/build/icyphy/ptII/ptolemy/domains/continuous/test/auto/Integration5.xml (RunModel)" time="0.019" />
  <testcase classname="ptolemy.util.test.junit.AutoTests" name="[73] /home/travis/build/icyphy/ptII/ptolemy/domains/continuous/test/auto/IntegratorImpulse.xml (RunModel)" time="0.009" />
  <testcase classname="ptolemy.util.test.junit.AutoTests" name="[74] /home/travis/build/icyphy/ptII/ptolemy/domains/continuous/test/auto/IntegratorImpulse2.xml (RunModel)" time="0.011" />
  <testcase classname="ptolemy.util.test.junit.AutoTests" name="[75] /home/travis/build/icyphy/ptII/ptolemy/domains/continuous/test/auto/LevelCrossing1.xml (RunModel)" time="0.01" />
  <testcase classname="ptolemy.util.test.junit.AutoTests" name="[76] /home/travis/build/icyphy/ptII/ptolemy/domains/continuous/test/auto/LevelCrossing2.xml (RunModel)" time="0.012" />
  <testcase classname="ptolemy.util.test.junit.AutoTests" name="[77] /home/travis/build/icyphy/ptII/ptolemy/domains/continuous/test/auto/LevelCrossing3.xml (RunModel)" time="0.016" />
  <testcase classname="ptolemy.util.test.junit.AutoTests" name="[78] /home/travis/build/icyphy/ptII/ptolemy/domains/continuous/test/auto/LevelCrossing4.xml (RunModel)" time="0.013" />
  <testcase classname="ptolemy.util.test.junit.AutoTests" name="[79] /home/travis/build/icyphy/ptII/ptolemy/domains/continuous/test/auto/LevelCrossing5.xml (RunModel)" time="0.012" />
  <testcase classname="ptolemy.util.test.junit.AutoTests" name="[80] /home/travis/build/icyphy/ptII/ptolemy/domains/continuous/test/auto/LevelCrossing6.xml (RunModel)" time="0.012" />
  <testcase classname="ptolemy.util.test.junit.AutoTests" name="[81] /home/travis/build/icyphy/ptII/ptolemy/domains/continuous/test/auto/LevelCrossingDetector.xml (RunModel)" time="0.032" />
  <testcase classname="ptolemy.util.test.junit.AutoTests" name="[82] /home/travis/build/icyphy/ptII/ptolemy/domains/continuous/test/auto/LevelCrossingDetectorDetectingDirections.xml (RunModel)" time="0.082" />
  <testcase classname="ptolemy.util.test.junit.AutoTests" name="[83] /home/travis/build/icyphy/ptII/ptolemy/domains/continuous/test/auto/LevelCrossingDetectorDetectsGlitches.xml (RunModel)" time="0.061" />
  <testcase classname="ptolemy.util.test.junit.AutoTests" name="[84] /home/travis/build/icyphy/ptII/ptolemy/domains/continuous/test/auto/LevelCrossingNoInitialOuput.xml (RunModel)" time="0.023" />
  <testcase classname="ptolemy.util.test.junit.AutoTests" name="[85] /home/travis/build/icyphy/ptII/ptolemy/domains/continuous/test/auto/LinearStateSpaceExample.xml (RunModel)" time="0.065" />
  <testcase classname="ptolemy.util.test.junit.AutoTests" name="[86] /home/travis/build/icyphy/ptII/ptolemy/domains/continuous/test/auto/Lorenz.xml (RunModel)" time="3.395" />
  <testcase classname="ptolemy.util.test.junit.AutoTests" name="[87] /home/travis/build/icyphy/ptII/ptolemy/domains/continuous/test/auto/LorenzDifferentialSystem.xml (RunModel)" time="0.996" />
  <testcase classname="ptolemy.util.test.junit.AutoTests" name="[88] /home/travis/build/icyphy/ptII/ptolemy/domains/continuous/test/auto/LorenzDifferentialSystemWithInput.xml (RunModel)" time="1.141" />
  <testcase classname="ptolemy.util.test.junit.AutoTests" name="[89] /home/travis/build/icyphy/ptII/ptolemy/domains/continuous/test/auto/LorenzDifferentialSystemWithTime.xml (RunModel)" time="0.775" />
  <testcase classname="ptolemy.util.test.junit.AutoTests" name="[90] /home/travis/build/icyphy/ptII/ptolemy/domains/continuous/test/auto/Microsteps.xml (RunModel)" time="0.023" />
  <testcase classname="ptolemy.util.test.junit.AutoTests" name="[91] /home/travis/build/icyphy/ptII/ptolemy/domains/continuous/test/auto/Modal1.xml (RunModel)" time="0.043" />
  <testcase classname="ptolemy.util.test.junit.AutoTests" name="[92] /home/travis/build/icyphy/ptII/ptolemy/domains/continuous/test/auto/Modal2.xml (RunModel)" time="0.045" />
  <testcase classname="ptolemy.util.test.junit.AutoTests" name="[93] /home/travis/build/icyphy/ptII/ptolemy/domains/continuous/test/auto/ModalTransitionGuardWithReset.xml (RunModel)" time="0.024" />
  <testcase classname="ptolemy.util.test.junit.AutoTests" name="[94] /home/travis/build/icyphy/ptII/ptolemy/domains/continuous/test/auto/ModalTransitionGuardWithResetUsingPreemptiveTransition.xml (RunModel)" time="0.024" />
  <testcase classname="ptolemy.util.test.junit.AutoTests" name="[95] /home/travis/build/icyphy/ptII/ptolemy/domains/continuous/test/auto/ModalTransitionGuardWithResetUsingPreemptiveTransition2.xml (RunModel)" time="0.025" />
  <testcase classname="ptolemy.util.test.junit.AutoTests" name="[96] /home/travis/build/icyphy/ptII/ptolemy/domains/continuous/test/auto/ModalTransitionGuardWithResetUsingPreemptiveTransition3.xml (RunModel)" time="0.023" />
  <testcase classname="ptolemy.util.test.junit.AutoTests" name="[97] /home/travis/build/icyphy/ptII/ptolemy/domains/continuous/test/auto/NewtonsCradle.xml (RunModel)" time="0.731" />
  <testcase classname="ptolemy.util.test.junit.AutoTests" name="[98] /home/travis/build/icyphy/ptII/ptolemy/domains/continuous/test/auto/NewtonsCradleAnimated.xml (RunModel)" time="1.181" />
  <testcase classname="ptolemy.util.test.junit.AutoTests" name="[99] /home/travis/build/icyphy/ptII/ptolemy/domains/continuous/test/auto/NewtonsCradleComplicated.xml (RunModel)" time="0.79" />
  <testcase classname="ptolemy.util.test.junit.AutoTests" name="[100] /home/travis/build/icyphy/ptII/ptolemy/domains/continuous/test/auto/NewtonsCradleNondeterministic.xml (RunModel)" time="0.581" />
  <testcase classname="ptolemy.util.test.junit.AutoTests" name="[101] /home/travis/build/icyphy/ptII/ptolemy/domains/continuous/test/auto/NewtonsCradlePerfectlyInelastic1.xml (RunModel)" time="1.105" />
  <testcase classname="ptolemy.util.test.junit.AutoTests" name="[102] /home/travis/build/icyphy/ptII/ptolemy/domains/continuous/test/auto/Noise.xml (RunModel)" time="0.164" />
  <testcase classname="ptolemy.util.test.junit.AutoTests" name="[103] /home/travis/build/icyphy/ptII/ptolemy/domains/continuous/test/auto/NoiseSpectrum.xml (RunModel)" time="0.65" />
  <testcase classname="ptolemy.util.test.junit.AutoTests" name="[104] /home/travis/build/icyphy/ptII/ptolemy/domains/continuous/test/auto/ParameterizedNewtonsCradleAnimated.xml (RunModel)" time="0.347" />
  <testcase classname="ptolemy.util.test.junit.AutoTests" name="[105] /home/travis/build/icyphy/ptII/ptolemy/domains/continuous/test/auto/ParameterizedNewtonsCradleAnimatedNondeterministic.xml (RunModel)" time="1.072" />
  <testcase classname="ptolemy.util.test.junit.AutoTests" name="[106] /home/travis/build/icyphy/ptII/ptolemy/domains/continuous/test/auto/Pendulum3D.xml (RunModel)" time="0.182" />
  <testcase classname="ptolemy.util.test.junit.AutoTests" name="[107] /home/travis/build/icyphy/ptII/ptolemy/domains/continuous/test/auto/PeriodicSampler.xml (RunModel)" time="0.011" />
  <testcase classname="ptolemy.util.test.junit.AutoTests" name="[108] /home/travis/build/icyphy/ptII/ptolemy/domains/continuous/test/auto/PeriodicSampler1.xml (RunModel)" time="0.037" />
  <testcase classname="ptolemy.util.test.junit.AutoTests" name="[109] /home/travis/build/icyphy/ptII/ptolemy/domains/continuous/test/auto/PeriodicSampler2.xml (RunModel)" time="0.072" />
  <testcase classname="ptolemy.util.test.junit.AutoTests" name="[110] /home/travis/build/icyphy/ptII/ptolemy/domains/continuous/test/auto/Poisson.xml (RunModel)" time="0.429" />
  <testcase classname="ptolemy.util.test.junit.AutoTests" name="[111] /home/travis/build/icyphy/ptII/ptolemy/domains/continuous/test/auto/PoissonClock.xml (RunModel)" time="0.016" />
  <testcase classname="ptolemy.util.test.junit.AutoTests" name="[112] /home/travis/build/icyphy/ptII/ptolemy/domains/continuous/test/auto/PoissonClock2.xml (RunModel)" time="0.011" />
  <testcase classname="ptolemy.util.test.junit.AutoTests" name="[113] /home/travis/build/icyphy/ptII/ptolemy/domains/continuous/test/auto/PortParameterHierarchy.xml (RunModel)" time="0.025" />
  <testcase classname="ptolemy.util.test.junit.AutoTests" name="[114] /home/travis/build/icyphy/ptII/ptolemy/domains/continuous/test/auto/RandomHybridPlant.xml (RunModel)" time="0.5" />
  <testcase classname="ptolemy.util.test.junit.AutoTests" name="[115] /home/travis/build/icyphy/ptII/ptolemy/domains/continuous/test/auto/ResetTransitionWithStartTime1.xml (RunModel)" time="0.034" />
  <testcase classname="ptolemy.util.test.junit.AutoTests" name="[116] /home/travis/build/icyphy/ptII/ptolemy/domains/continuous/test/auto/ResetTransitionWithStartTime2.xml (RunModel)" time="0.04" />
  <testcase classname="ptolemy.util.test.junit.AutoTests" name="[117] /home/travis/build/icyphy/ptII/ptolemy/domains/continuous/test/auto/ResetTransitionWithStartTime3.xml (RunModel)" time="0.035" />
  <testcase classname="ptolemy.util.test.junit.AutoTests" name="[118] /home/travis/build/icyphy/ptII/ptolemy/domains/continuous/test/auto/ResetTransitionWithStartTime4.xml (RunModel)" time="0.028" />
  <testcase classname="ptolemy.util.test.junit.AutoTests" name="[119] /home/travis/build/icyphy/ptII/ptolemy/domains/continuous/test/auto/ResetTransitionWithStartTime5.xml (RunModel)" time="0.031" />
  <testcase classname="ptolemy.util.test.junit.AutoTests" name="[120] /home/travis/build/icyphy/ptII/ptolemy/domains/continuous/test/auto/ResetTransitionWithStartTime6.xml (RunModel)" time="0.022" />
  <testcase classname="ptolemy.util.test.junit.AutoTests" name="[121] /home/travis/build/icyphy/ptII/ptolemy/domains/continuous/test/auto/SRinContinuous.xml (RunModel)" time="0.021" />
  <testcase classname="ptolemy.util.test.junit.AutoTests" name="[122] /home/travis/build/icyphy/ptII/ptolemy/domains/continuous/test/auto/SampledClocks.xml (RunModel)" time="0.028" />
  <testcase classname="ptolemy.util.test.junit.AutoTests" name="[123] /home/travis/build/icyphy/ptII/ptolemy/domains/continuous/test/auto/Satellite.xml (RunModel)" time="0.6" />
  <testcase classname="ptolemy.util.test.junit.AutoTests" name="[124] /home/travis/build/icyphy/ptII/ptolemy/domains/continuous/test/auto/SigmaDelta.xml (RunModel)" time="2.079" />
  <testcase classname="ptolemy.util.test.junit.AutoTests" name="[125] /home/travis/build/icyphy/ptII/ptolemy/domains/continuous/test/auto/SingleRefinement.xml (RunModel)" time="0.431" />
  <testcase classname="ptolemy.util.test.junit.AutoTests" name="[126] /home/travis/build/icyphy/ptII/ptolemy/domains/continuous/test/auto/SinuBouncingBall.xml (RunModel)" time="0.786" />
  <testcase classname="ptolemy.util.test.junit.AutoTests" name="[127] /home/travis/build/icyphy/ptII/ptolemy/domains/continuous/test/auto/Sinusoid.xml (RunModel)" time="0.018" />
  <testcase classname="ptolemy.util.test.junit.AutoTests" name="[128] /home/travis/build/icyphy/ptII/ptolemy/domains/continuous/test/auto/SinusoidInNoise.xml (RunModel)" time="0.823" />
  <testcase classname="ptolemy.util.test.junit.AutoTests" name="[129] /home/travis/build/icyphy/ptII/ptolemy/domains/continuous/test/auto/SinusoidRK45.xml (RunModel)" time="0.009" />
  <testcase classname="ptolemy.util.test.junit.AutoTests" name="[130] /home/travis/build/icyphy/ptII/ptolemy/domains/continuous/test/auto/SinusoidWithMultipleImpulses.xml (RunModel)" time="0.009" />
  <testcase classname="ptolemy.util.test.junit.AutoTests" name="[131] /home/travis/build/icyphy/ptII/ptolemy/domains/continuous/test/auto/SquareWave.xml (RunModel)" time="0.169" />
  <testcase classname="ptolemy.util.test.junit.AutoTests" name="[132] /home/travis/build/icyphy/ptII/ptolemy/domains/continuous/test/auto/Starmac.xml (RunModel)" time="3.459" />
  <testcase classname="ptolemy.util.test.junit.AutoTests" name="[133] /home/travis/build/icyphy/ptII/ptolemy/domains/continuous/test/auto/StaticUnits.xml (RunModel)" time="2.456" />
  <testcase classname="ptolemy.util.test.junit.AutoTests" name="[134] /home/travis/build/icyphy/ptII/ptolemy/domains/continuous/test/auto/StickyMasses.xml (RunModel)" time="0.176" />
  <testcase classname="ptolemy.util.test.junit.AutoTests" name="[135] /home/travis/build/icyphy/ptII/ptolemy/domains/continuous/test/auto/StopTime.xml (RunModel)" time="0.056" />
  <testcase classname="ptolemy.util.test.junit.AutoTests" name="[136] /home/travis/build/icyphy/ptII/ptolemy/domains/continuous/test/auto/StopTime2.xml (RunModel)" time="0.05" />
  <testcase classname="ptolemy.util.test.junit.AutoTests" name="[137] /home/travis/build/icyphy/ptII/ptolemy/domains/continuous/test/auto/Switch.xml (RunModel)" time="0.08" />
  <testcase classname="ptolemy.util.test.junit.AutoTests" name="[138] /home/travis/build/icyphy/ptII/ptolemy/domains/continuous/test/auto/Thermostat.xml (RunModel)" time="0.193" />
  <testcase classname="ptolemy.util.test.junit.AutoTests" name="[139] /home/travis/build/icyphy/ptII/ptolemy/domains/continuous/test/auto/TimeDelay.xml (RunModel)" time="0.013" />
  <testcase classname="ptolemy.util.test.junit.AutoTests" name="[140] /home/travis/build/icyphy/ptII/ptolemy/domains/continuous/test/auto/TimeDelay2.xml (RunModel)" time="0.022" />
  <testcase classname="ptolemy.util.test.junit.AutoTests" name="[141] /home/travis/build/icyphy/ptII/ptolemy/domains/continuous/test/auto/TimeDelay3.xml (RunModel)" time="0.011" />
  <testcase classname="ptolemy.util.test.junit.AutoTests" name="[142] /home/travis/build/icyphy/ptII/ptolemy/domains/continuous/test/auto/TransferAbsentToInside.xml (RunModel)" time="0.097" />
  <testcase classname="ptolemy.util.test.junit.AutoTests" name="[143] /home/travis/build/icyphy/ptII/ptolemy/domains/continuous/test/auto/Transmission.xml (RunModel)" time="0.726" />
  <testcase classname="ptolemy.util.test.junit.AutoTests" name="[144] /home/travis/build/icyphy/ptII/ptolemy/domains/continuous/test/auto/TriggeredContinuousClock.xml (RunModel)" time="0.079" />
  <testcase classname="ptolemy.util.test.junit.AutoTests" name="[145] /home/travis/build/icyphy/ptII/ptolemy/domains/continuous/test/auto/TwoMachineInfiniteBusControl.xml (RunModel)" time="2.468" />
  <testcase classname="ptolemy.util.test.junit.AutoTests" name="[146] /home/travis/build/icyphy/ptII/ptolemy/domains/continuous/test/auto/V2V.xml (RunModel)" time="0.764" />
  <testcase classname="ptolemy.util.test.junit.AutoTests" name="[147] /home/travis/build/icyphy/ptII/ptolemy/domains/continuous/test/auto/hierarchicalModalModel.xml (RunModel)" time="0.029" />
  <testcase classname="ptolemy.util.test.junit.AutoTests" name="[148] /home/travis/build/icyphy/ptII/ptolemy/domains/continuous/test/auto/hierarchicalModalModel1.xml (RunModel)" time="0.035" />
  <testcase classname="ptolemy.util.test.junit.AutoTests" name="[149] /home/travis/build/icyphy/ptII/ptolemy/domains/continuous/test/auto/hierarchicalModalModel2.xml (RunModel)" time="0.024" />
  <testcase classname="ptolemy.util.test.junit.AutoTests" name="[150] /home/travis/build/icyphy/ptII/ptolemy/domains/continuous/test/auto/hierarchicalModalModel3.xml (RunModel)" time="0.02" />
  <testcase classname="ptolemy.util.test.junit.AutoTests" name="[151] /home/travis/build/icyphy/ptII/ptolemy/domains/continuous/test/auto/hierarchicalModalModel4.xml (RunModel)" time="0.024" />
  <testcase classname="ptolemy.util.test.junit.AutoTests" name="[152] /home/travis/build/icyphy/ptII/ptolemy/domains/continuous/test/auto/junk.xml (RunModel)" time="0.133" />
  <system-out><![CDATA[No tcl tests in /home/travis/build/icyphy/ptII/ptolemy/domains/continuous/test
No auto/knownFailedTests/*.xml tests in /home/travis/build/icyphy/ptII/ptolemy/domains/continuous/test
No auto/linux-amd64/*.xml tests in /home/travis/build/icyphy/ptII/ptolemy/domains/continuous/test
AutoTests.java: About to close Vertx.
AutoTests.java: Vertx closed.

===========================================================================================
----------------- testing Wed Jun 10 14:36:15 UTC 2020 /home/travis/build/icyphy/ptII/ptolemy/domains/continuous/test/auto/BouncingBall.xml
----------------- Instantiating /home/travis/build/icyphy/ptII/ptolemy/domains/continuous/test/auto/BouncingBall.xml
2313 ms. Memory: 159744K Free: 106582K (67%)
----------------- Invoking toplevel() on ptolemy.moml.MoMLSimpleApplication@3c2b036b
----------------- Done invoking toplevel() on ptolemy.moml.MoMLSimpleApplication@3c2b036b
reloadAllAccessors: .BouncingBall

===========================================================================================
----------------- testing Wed Jun 10 14:36:18 UTC 2020 /home/travis/build/icyphy/ptII/ptolemy/domains/continuous/test/auto/BouncingBallWithoutGR.xml
----------------- Instantiating /home/travis/build/icyphy/ptII/ptolemy/domains/continuous/test/auto/BouncingBallWithoutGR.xml
717 ms. Memory: 192512K Free: 161236K (84%)
----------------- Invoking toplevel() on ptolemy.moml.MoMLSimpleApplication@f16b828
----------------- Done invoking toplevel() on ptolemy.moml.MoMLSimpleApplication@f16b828
reloadAllAccessors: .BouncingBallWithoutGR

===========================================================================================
----------------- testing Wed Jun 10 14:36:19 UTC 2020 /home/travis/build/icyphy/ptII/ptolemy/domains/continuous/test/auto/Brownian.xml
----------------- Instantiating /home/travis/build/icyphy/ptII/ptolemy/domains/continuous/test/auto/Brownian.xml
37 ms. Memory: 192512K Free: 152530K (79%)
----------------- Invoking toplevel() on ptolemy.moml.MoMLSimpleApplication@1cc2d305
----------------- Done invoking toplevel() on ptolemy.moml.MoMLSimpleApplication@1cc2d305
reloadAllAccessors: .Brownian

===========================================================================================
----------------- testing Wed Jun 10 14:36:19 UTC 2020 /home/travis/build/icyphy/ptII/ptolemy/domains/continuous/test/auto/CarTracking.xml
----------------- Instantiating /home/travis/build/icyphy/ptII/ptolemy/domains/continuous/test/auto/CarTracking.xml
3615 ms. Memory: 231424K Free: 198207K (86%)
----------------- Invoking toplevel() on ptolemy.moml.MoMLSimpleApplication@5e25936
----------------- Done invoking toplevel() on ptolemy.moml.MoMLSimpleApplication@5e25936
reloadAllAccessors: .CarTracking

===========================================================================================
----------------- testing Wed Jun 10 14:36:23 UTC 2020 /home/travis/build/icyphy/ptII/ptolemy/domains/continuous/test/auto/CartPendulum.xml
----------------- Instantiating /home/travis/build/icyphy/ptII/ptolemy/domains/continuous/test/auto/CartPendulum.xml
372 ms. Memory: 231424K Free: 106047K (46%)
----------------- Invoking toplevel() on ptolemy.moml.MoMLSimpleApplication@12cf00ea
----------------- Done invoking toplevel() on ptolemy.moml.MoMLSimpleApplication@12cf00ea
reloadAllAccessors: .CartPendulum

===========================================================================================
----------------- testing Wed Jun 10 14:36:24 UTC 2020 /home/travis/build/icyphy/ptII/ptolemy/domains/continuous/test/auto/CausalityInterface10.xml
----------------- Instantiating /home/travis/build/icyphy/ptII/ptolemy/domains/continuous/test/auto/CausalityInterface10.xml
6 ms. Memory: 231424K Free: 95805K (41%)
----------------- Invoking toplevel() on ptolemy.moml.MoMLSimpleApplication@677cbca
----------------- Done invoking toplevel() on ptolemy.moml.MoMLSimpleApplication@677cbca
reloadAllAccessors: .CausalityInterface10

===========================================================================================
----------------- testing Wed Jun 10 14:36:24 UTC 2020 /home/travis/build/icyphy/ptII/ptolemy/domains/continuous/test/auto/CausalityInterface11.xml
----------------- Instantiating /home/travis/build/icyphy/ptII/ptolemy/domains/continuous/test/auto/CausalityInterface11.xml
9 ms. Memory: 231424K Free: 89663K (39%)
----------------- Invoking toplevel() on ptolemy.moml.MoMLSimpleApplication@73d3ee9
----------------- Done invoking toplevel() on ptolemy.moml.MoMLSimpleApplication@73d3ee9
reloadAllAccessors: .CausalityInterface11

===========================================================================================
----------------- testing Wed Jun 10 14:36:24 UTC 2020 /home/travis/build/icyphy/ptII/ptolemy/domains/continuous/test/auto/CausalityInterface12.xml
----------------- Instantiating /home/travis/build/icyphy/ptII/ptolemy/domains/continuous/test/auto/CausalityInterface12.xml
9 ms. Memory: 231424K Free: 83519K (36%)
----------------- Invoking toplevel() on ptolemy.moml.MoMLSimpleApplication@7c4a6dd4
----------------- Done invoking toplevel() on ptolemy.moml.MoMLSimpleApplication@7c4a6dd4
reloadAllAccessors: .CausalityInterface12

===========================================================================================
----------------- testing Wed Jun 10 14:36:24 UTC 2020 /home/travis/build/icyphy/ptII/ptolemy/domains/continuous/test/auto/CausalityInterface13.xml
----------------- Instantiating /home/travis/build/icyphy/ptII/ptolemy/domains/continuous/test/auto/CausalityInterface13.xml
9 ms. Memory: 278528K Free: 260413K (93%)
----------------- Invoking toplevel() on ptolemy.moml.MoMLSimpleApplication@d8272a0
----------------- Done invoking toplevel() on ptolemy.moml.MoMLSimpleApplication@d8272a0
reloadAllAccessors: .CausalityInterface13

===========================================================================================
----------------- testing Wed Jun 10 14:36:24 UTC 2020 /home/travis/build/icyphy/ptII/ptolemy/domains/continuous/test/auto/CausalityInterface14.xml
----------------- Instantiating /home/travis/build/icyphy/ptII/ptolemy/domains/continuous/test/auto/CausalityInterface14.xml
5 ms. Memory: 278528K Free: 254767K (91%)
----------------- Invoking toplevel() on ptolemy.moml.MoMLSimpleApplication@72d77614
----------------- Done invoking toplevel() on ptolemy.moml.MoMLSimpleApplication@72d77614
reloadAllAccessors: .CausalityInterface14

===========================================================================================
----------------- testing Wed Jun 10 14:36:24 UTC 2020 /home/travis/build/icyphy/ptII/ptolemy/domains/continuous/test/auto/CausalityInterface4.xml
----------------- Instantiating /home/travis/build/icyphy/ptII/ptolemy/domains/continuous/test/auto/CausalityInterface4.xml
8 ms. Memory: 278528K Free: 247599K (89%)
----------------- Invoking toplevel() on ptolemy.moml.MoMLSimpleApplication@68152099
----------------- Done invoking toplevel() on ptolemy.moml.MoMLSimpleApplication@68152099
reloadAllAccessors: .CausalityInterface4

===========================================================================================
----------------- testing Wed Jun 10 14:36:24 UTC 2020 /home/travis/build/icyphy/ptII/ptolemy/domains/continuous/test/auto/CausalityInterface5.xml
----------------- Instantiating /home/travis/build/icyphy/ptII/ptolemy/domains/continuous/test/auto/CausalityInterface5.xml
8 ms. Memory: 278528K Free: 239421K (86%)
----------------- Invoking toplevel() on ptolemy.moml.MoMLSimpleApplication@d059ac6
----------------- Done invoking toplevel() on ptolemy.moml.MoMLSimpleApplication@d059ac6
reloadAllAccessors: .CausalityInterface5

===========================================================================================
----------------- testing Wed Jun 10 14:36:24 UTC 2020 /home/travis/build/icyphy/ptII/ptolemy/domains/continuous/test/auto/CausalityInterface6.xml
----------------- Instantiating /home/travis/build/icyphy/ptII/ptolemy/domains/continuous/test/auto/CausalityInterface6.xml
6 ms. Memory: 278528K Free: 233791K (84%)
----------------- Invoking toplevel() on ptolemy.moml.MoMLSimpleApplication@4c1613ab
----------------- Done invoking toplevel() on ptolemy.moml.MoMLSimpleApplication@4c1613ab
reloadAllAccessors: .CausalityInterface6

===========================================================================================
----------------- testing Wed Jun 10 14:36:24 UTC 2020 /home/travis/build/icyphy/ptII/ptolemy/domains/continuous/test/auto/CausalityInterface7.xml
----------------- Instantiating /home/travis/build/icyphy/ptII/ptolemy/domains/continuous/test/auto/CausalityInterface7.xml
9 ms. Memory: 278528K Free: 225085K (81%)
----------------- Invoking toplevel() on ptolemy.moml.MoMLSimpleApplication@54af0095
----------------- Done invoking toplevel() on ptolemy.moml.MoMLSimpleApplication@54af0095
reloadAllAccessors: .CausalityInterface7

===========================================================================================
----------------- testing Wed Jun 10 14:36:24 UTC 2020 /home/travis/build/icyphy/ptII/ptolemy/domains/continuous/test/auto/CausalityInterface8.xml
----------------- Instantiating /home/travis/build/icyphy/ptII/ptolemy/domains/continuous/test/auto/CausalityInterface8.xml
6 ms. Memory: 278528K Free: 215869K (78%)
----------------- Invoking toplevel() on ptolemy.moml.MoMLSimpleApplication@59f3521f
----------------- Done invoking toplevel() on ptolemy.moml.MoMLSimpleApplication@59f3521f
reloadAllAccessors: .CausalityInterface8

===========================================================================================
----------------- testing Wed Jun 10 14:36:24 UTC 2020 /home/travis/build/icyphy/ptII/ptolemy/domains/continuous/test/auto/CausalityInterface9.xml
----------------- Instantiating /home/travis/build/icyphy/ptII/ptolemy/domains/continuous/test/auto/CausalityInterface9.xml
9 ms. Memory: 278528K Free: 205119K (74%)
----------------- Invoking toplevel() on ptolemy.moml.MoMLSimpleApplication@20973a04
----------------- Done invoking toplevel() on ptolemy.moml.MoMLSimpleApplication@20973a04
reloadAllAccessors: .CausalityInterface9

===========================================================================================
----------------- testing Wed Jun 10 14:36:24 UTC 2020 /home/travis/build/icyphy/ptII/ptolemy/domains/continuous/test/auto/CausalityInterfaceFeedback1.xml
----------------- Instantiating /home/travis/build/icyphy/ptII/ptolemy/domains/continuous/test/auto/CausalityInterfaceFeedback1.xml
8 ms. Memory: 278528K Free: 198431K (71%)
----------------- Invoking toplevel() on ptolemy.moml.MoMLSimpleApplication@266cea0a
----------------- Done invoking toplevel() on ptolemy.moml.MoMLSimpleApplication@266cea0a
reloadAllAccessors: .CausalityInterfaceFeedback1

===========================================================================================
----------------- testing Wed Jun 10 14:36:24 UTC 2020 /home/travis/build/icyphy/ptII/ptolemy/domains/continuous/test/auto/CausalityInterfaceFeedback2.xml
----------------- Instantiating /home/travis/build/icyphy/ptII/ptolemy/domains/continuous/test/auto/CausalityInterfaceFeedback2.xml
6 ms. Memory: 278528K Free: 192287K (69%)
----------------- Invoking toplevel() on ptolemy.moml.MoMLSimpleApplication@3e9536a6
----------------- Done invoking toplevel() on ptolemy.moml.MoMLSimpleApplication@3e9536a6
reloadAllAccessors: .CausalityInterfaceFeedback2

===========================================================================================
----------------- testing Wed Jun 10 14:36:24 UTC 2020 /home/travis/build/icyphy/ptII/ptolemy/domains/continuous/test/auto/CompareWithCurrentTime.xml
----------------- Instantiating /home/travis/build/icyphy/ptII/ptolemy/domains/continuous/test/auto/CompareWithCurrentTime.xml
2 ms. Memory: 278528K Free: 188221K (68%)
----------------- Invoking toplevel() on ptolemy.moml.MoMLSimpleApplication@440b1a44
----------------- Done invoking toplevel() on ptolemy.moml.MoMLSimpleApplication@440b1a44
reloadAllAccessors: .CompareWithCurrentTime

===========================================================================================
----------------- testing Wed Jun 10 14:36:24 UTC 2020 /home/travis/build/icyphy/ptII/ptolemy/domains/continuous/test/auto/ComparedClocks.xml
----------------- Instantiating /home/travis/build/icyphy/ptII/ptolemy/domains/continuous/test/auto/ComparedClocks.xml
7 ms. Memory: 278528K Free: 172847K (62%)
----------------- Invoking toplevel() on ptolemy.moml.MoMLSimpleApplication@37137f2f
----------------- Done invoking toplevel() on ptolemy.moml.MoMLSimpleApplication@37137f2f
reloadAllAccessors: .ComparedClocks

===========================================================================================
----------------- testing Wed Jun 10 14:36:24 UTC 2020 /home/travis/build/icyphy/ptII/ptolemy/domains/continuous/test/auto/ContinuousAOCClone.xml
----------------- Instantiating /home/travis/build/icyphy/ptII/ptolemy/domains/continuous/test/auto/ContinuousAOCClone.xml
2550 ms. Memory: 278528K Free: 142302K (51%)
----------------- Invoking toplevel() on ptolemy.moml.MoMLSimpleApplication@519ce620
----------------- Done invoking toplevel() on ptolemy.moml.MoMLSimpleApplication@519ce620
reloadAllAccessors: .ContinuousAOCClone

===========================================================================================
----------------- testing Wed Jun 10 14:36:27 UTC 2020 /home/travis/build/icyphy/ptII/ptolemy/domains/continuous/test/auto/ContinuousClock.xml
----------------- Instantiating /home/travis/build/icyphy/ptII/ptolemy/domains/continuous/test/auto/ContinuousClock.xml
29 ms. Memory: 278528K Free: 120812K (43%)
----------------- Invoking toplevel() on ptolemy.moml.MoMLSimpleApplication@6dbf3e43
----------------- Done invoking toplevel() on ptolemy.moml.MoMLSimpleApplication@6dbf3e43
reloadAllAccessors: .ContinuousClock

===========================================================================================
----------------- testing Wed Jun 10 14:36:27 UTC 2020 /home/travis/build/icyphy/ptII/ptolemy/domains/continuous/test/auto/ContinuousInContinuous.xml
----------------- Instantiating /home/travis/build/icyphy/ptII/ptolemy/domains/continuous/test/auto/ContinuousInContinuous.xml
41 ms. Memory: 278528K Free: 262724K (94%)
----------------- Invoking toplevel() on ptolemy.moml.MoMLSimpleApplication@1701a4eb
----------------- Done invoking toplevel() on ptolemy.moml.MoMLSimpleApplication@1701a4eb
reloadAllAccessors: .ContinuousInContinuous

===========================================================================================
----------------- testing Wed Jun 10 14:36:27 UTC 2020 /home/travis/build/icyphy/ptII/ptolemy/domains/continuous/test/auto/ContinuousInContinuousInContinuous.xml
----------------- Instantiating /home/travis/build/icyphy/ptII/ptolemy/domains/continuous/test/auto/ContinuousInContinuousInContinuous.xml
5 ms. Memory: 278528K Free: 254930K (92%)
----------------- Invoking toplevel() on ptolemy.moml.MoMLSimpleApplication@42804eda
----------------- Done invoking toplevel() on ptolemy.moml.MoMLSimpleApplication@42804eda
reloadAllAccessors: .ContinuousInContinuousInContinuous

===========================================================================================
----------------- testing Wed Jun 10 14:36:27 UTC 2020 /home/travis/build/icyphy/ptII/ptolemy/domains/continuous/test/auto/ContinuousInDE.xml
----------------- Instantiating /home/travis/build/icyphy/ptII/ptolemy/domains/continuous/test/auto/ContinuousInDE.xml
54 ms. Memory: 278528K Free: 244690K (88%)
----------------- Invoking toplevel() on ptolemy.moml.MoMLSimpleApplication@6b20d61
----------------- Done invoking toplevel() on ptolemy.moml.MoMLSimpleApplication@6b20d61
reloadAllAccessors: .ContinuousInDE

===========================================================================================
----------------- testing Wed Jun 10 14:36:27 UTC 2020 /home/travis/build/icyphy/ptII/ptolemy/domains/continuous/test/auto/ContinuousInDE2.xml
----------------- Instantiating /home/travis/build/icyphy/ptII/ptolemy/domains/continuous/test/auto/ContinuousInDE2.xml
30 ms. Memory: 278528K Free: 234960K (84%)
----------------- Invoking toplevel() on ptolemy.moml.MoMLSimpleApplication@475a9d41
----------------- Done invoking toplevel() on ptolemy.moml.MoMLSimpleApplication@475a9d41
reloadAllAccessors: .ContinuousInDE2

===========================================================================================
----------------- testing Wed Jun 10 14:36:28 UTC 2020 /home/travis/build/icyphy/ptII/ptolemy/domains/continuous/test/auto/ContinuousInDE3.xml
----------------- Instantiating /home/travis/build/icyphy/ptII/ptolemy/domains/continuous/test/auto/ContinuousInDE3.xml
28 ms. Memory: 278528K Free: 225234K (81%)
----------------- Invoking toplevel() on ptolemy.moml.MoMLSimpleApplication@350b1a84
----------------- Done invoking toplevel() on ptolemy.moml.MoMLSimpleApplication@350b1a84
reloadAllAccessors: .ContinuousInDE3

===========================================================================================
----------------- testing Wed Jun 10 14:36:28 UTC 2020 /home/travis/build/icyphy/ptII/ptolemy/domains/continuous/test/auto/ContinuousInDE4.xml
----------------- Instantiating /home/travis/build/icyphy/ptII/ptolemy/domains/continuous/test/auto/ContinuousInDE4.xml
18 ms. Memory: 278528K Free: 218576K (78%)
----------------- Invoking toplevel() on ptolemy.moml.MoMLSimpleApplication@99f76f5
----------------- Done invoking toplevel() on ptolemy.moml.MoMLSimpleApplication@99f76f5
reloadAllAccessors: .ContinuousInDE4

===========================================================================================
----------------- testing Wed Jun 10 14:36:28 UTC 2020 /home/travis/build/icyphy/ptII/ptolemy/domains/continuous/test/auto/ContinuousInDEDifferentRefinements.xml
----------------- Instantiating /home/travis/build/icyphy/ptII/ptolemy/domains/continuous/test/auto/ContinuousInDEDifferentRefinements.xml
48 ms. Memory: 278528K Free: 187346K (67%)
----------------- Invoking toplevel() on ptolemy.moml.MoMLSimpleApplication@2fa1d536
----------------- Done invoking toplevel() on ptolemy.moml.MoMLSimpleApplication@2fa1d536
reloadAllAccessors: .ContinuousInDEDifferentRefinements

===========================================================================================
----------------- testing Wed Jun 10 14:36:28 UTC 2020 /home/travis/build/icyphy/ptII/ptolemy/domains/continuous/test/auto/ContinuousInDEDifferentRefinementsPreemptive.xml
----------------- Instantiating /home/travis/build/icyphy/ptII/ptolemy/domains/continuous/test/auto/ContinuousInDEDifferentRefinementsPreemptive.xml
42 ms. Memory: 278528K Free: 156626K (56%)
----------------- Invoking toplevel() on ptolemy.moml.MoMLSimpleApplication@21a60836
----------------- Done invoking toplevel() on ptolemy.moml.MoMLSimpleApplication@21a60836
reloadAllAccessors: .ContinuousInDEDifferentRefinementsPreemptive

===========================================================================================
----------------- testing Wed Jun 10 14:36:28 UTC 2020 /home/travis/build/icyphy/ptII/ptolemy/domains/continuous/test/auto/ContinuousInDEInContinuous2.xml
----------------- Instantiating /home/travis/build/icyphy/ptII/ptolemy/domains/continuous/test/auto/ContinuousInDEInContinuous2.xml
33 ms. Memory: 278528K Free: 145362K (52%)
----------------- Invoking toplevel() on ptolemy.moml.MoMLSimpleApplication@5285de79
----------------- Done invoking toplevel() on ptolemy.moml.MoMLSimpleApplication@5285de79
reloadAllAccessors: .ContinuousInDEInContinuous2

===========================================================================================
----------------- testing Wed Jun 10 14:36:28 UTC 2020 /home/travis/build/icyphy/ptII/ptolemy/domains/continuous/test/auto/ContinuousInDEInContinuous3.xml
----------------- Instantiating /home/travis/build/icyphy/ptII/ptolemy/domains/continuous/test/auto/ContinuousInDEInContinuous3.xml
33 ms. Memory: 278528K Free: 133074K (48%)
----------------- Invoking toplevel() on ptolemy.moml.MoMLSimpleApplication@6c61bd21
----------------- Done invoking toplevel() on ptolemy.moml.MoMLSimpleApplication@6c61bd21
reloadAllAccessors: .ContinuousInDEInContinuous3

===========================================================================================
----------------- testing Wed Jun 10 14:36:28 UTC 2020 /home/travis/build/icyphy/ptII/ptolemy/domains/continuous/test/auto/ContinuousInDEInput.xml
----------------- Instantiating /home/travis/build/icyphy/ptII/ptolemy/domains/continuous/test/auto/ContinuousInDEInput.xml
13 ms. Memory: 278528K Free: 125906K (45%)
----------------- Invoking toplevel() on ptolemy.moml.MoMLSimpleApplication@2651e990
----------------- Done invoking toplevel() on ptolemy.moml.MoMLSimpleApplication@2651e990
reloadAllAccessors: .ContinuousInDEInput

===========================================================================================
----------------- testing Wed Jun 10 14:36:28 UTC 2020 /home/travis/build/icyphy/ptII/ptolemy/domains/continuous/test/auto/ContinuousInDEInput2.xml
----------------- Instantiating /home/travis/build/icyphy/ptII/ptolemy/domains/continuous/test/auto/ContinuousInDEInput2.xml
16 ms. Memory: 278528K Free: 118738K (43%)
----------------- Invoking toplevel() on ptolemy.moml.MoMLSimpleApplication@637127a9
----------------- Done invoking toplevel() on ptolemy.moml.MoMLSimpleApplication@637127a9
reloadAllAccessors: .ContinuousInDEInput2

===========================================================================================
----------------- testing Wed Jun 10 14:36:28 UTC 2020 /home/travis/build/icyphy/ptII/ptolemy/domains/continuous/test/auto/ContinuousInDEInput3.xml
----------------- Instantiating /home/travis/build/icyphy/ptII/ptolemy/domains/continuous/test/auto/ContinuousInDEInput3.xml
13 ms. Memory: 278528K Free: 111570K (40%)
----------------- Invoking toplevel() on ptolemy.moml.MoMLSimpleApplication@2808434e
----------------- Done invoking toplevel() on ptolemy.moml.MoMLSimpleApplication@2808434e
reloadAllAccessors: .ContinuousInDEInput3

===========================================================================================
----------------- testing Wed Jun 10 14:36:28 UTC 2020 /home/travis/build/icyphy/ptII/ptolemy/domains/continuous/test/auto/ContinuousInDESharingRefinement.xml
----------------- Instantiating /home/travis/build/icyphy/ptII/ptolemy/domains/continuous/test/auto/ContinuousInDESharingRefinement.xml
147 ms. Memory: 278528K Free: 182954K (66%)
----------------- Invoking toplevel() on ptolemy.moml.MoMLSimpleApplication@7a9376bb
----------------- Done invoking toplevel() on ptolemy.moml.MoMLSimpleApplication@7a9376bb
reloadAllAccessors: .ContinuousInDESharingRefinement

===========================================================================================
----------------- testing Wed Jun 10 14:36:28 UTC 2020 /home/travis/build/icyphy/ptII/ptolemy/domains/continuous/test/auto/ContinuousInDEwithNoPorts.xml
----------------- Instantiating /home/travis/build/icyphy/ptII/ptolemy/domains/continuous/test/auto/ContinuousInDEwithNoPorts.xml
2 ms. Memory: 278528K Free: 178153K (64%)
----------------- Invoking toplevel() on ptolemy.moml.MoMLSimpleApplication@2411471
----------------- Done invoking toplevel() on ptolemy.moml.MoMLSimpleApplication@2411471
reloadAllAccessors: .ContinuousInDEwithNoPorts

===========================================================================================
----------------- testing Wed Jun 10 14:36:28 UTC 2020 /home/travis/build/icyphy/ptII/ptolemy/domains/continuous/test/auto/ContinuousInsideDE.xml
----------------- Instantiating /home/travis/build/icyphy/ptII/ptolemy/domains/continuous/test/auto/ContinuousInsideDE.xml
30 ms. Memory: 278528K Free: 166889K (60%)
----------------- Invoking toplevel() on ptolemy.moml.MoMLSimpleApplication@1c61fd49
----------------- Done invoking toplevel() on ptolemy.moml.MoMLSimpleApplication@1c61fd49
reloadAllAccessors: .ContinuousInsideDE

===========================================================================================
----------------- testing Wed Jun 10 14:36:28 UTC 2020 /home/travis/build/icyphy/ptII/ptolemy/domains/continuous/test/auto/ContinuousMerge1.xml
----------------- Instantiating /home/travis/build/icyphy/ptII/ptolemy/domains/continuous/test/auto/ContinuousMerge1.xml
3 ms. Memory: 278528K Free: 162265K (58%)
----------------- Invoking toplevel() on ptolemy.moml.MoMLSimpleApplication@7f7c3bf0
----------------- Done invoking toplevel() on ptolemy.moml.MoMLSimpleApplication@7f7c3bf0
reloadAllAccessors: .ContinuousMerge1

===========================================================================================
----------------- testing Wed Jun 10 14:36:28 UTC 2020 /home/travis/build/icyphy/ptII/ptolemy/domains/continuous/test/auto/ContinuousMerge2.xml
----------------- Instantiating /home/travis/build/icyphy/ptII/ptolemy/domains/continuous/test/auto/ContinuousMerge2.xml
11 ms. Memory: 278528K Free: 152039K (55%)
----------------- Invoking toplevel() on ptolemy.moml.MoMLSimpleApplication@17352711
----------------- Done invoking toplevel() on ptolemy.moml.MoMLSimpleApplication@17352711
reloadAllAccessors: .ContinuousMerge2

===========================================================================================
----------------- testing Wed Jun 10 14:36:28 UTC 2020 /home/travis/build/icyphy/ptII/ptolemy/domains/continuous/test/auto/ContinuousMerge3.xml
----------------- Instantiating /home/travis/build/icyphy/ptII/ptolemy/domains/continuous/test/auto/ContinuousMerge3.xml
38 ms. Memory: 278528K Free: 141289K (51%)
----------------- Invoking toplevel() on ptolemy.moml.MoMLSimpleApplication@1c2b4402
----------------- Done invoking toplevel() on ptolemy.moml.MoMLSimpleApplication@1c2b4402
reloadAllAccessors: .ContinuousMerge3

===========================================================================================
----------------- testing Wed Jun 10 14:36:28 UTC 2020 /home/travis/build/icyphy/ptII/ptolemy/domains/continuous/test/auto/ContinuousWithinContinuous.xml
----------------- Instantiating /home/travis/build/icyphy/ptII/ptolemy/domains/continuous/test/auto/ContinuousWithinContinuous.xml
34 ms. Memory: 278528K Free: 131559K (47%)
----------------- Invoking toplevel() on ptolemy.moml.MoMLSimpleApplication@5c273fa4
----------------- Done invoking toplevel() on ptolemy.moml.MoMLSimpleApplication@5c273fa4
reloadAllAccessors: .ContinuousWithinContinuous

===========================================================================================
----------------- testing Wed Jun 10 14:36:28 UTC 2020 /home/travis/build/icyphy/ptII/ptolemy/domains/continuous/test/auto/ContinuousWithinContinuous2.xml
----------------- Instantiating /home/travis/build/icyphy/ptII/ptolemy/domains/continuous/test/auto/ContinuousWithinContinuous2.xml
63 ms. Memory: 278528K Free: 120809K (43%)
----------------- Invoking toplevel() on ptolemy.moml.MoMLSimpleApplication@5ca53391
----------------- Done invoking toplevel() on ptolemy.moml.MoMLSimpleApplication@5ca53391
reloadAllAccessors: .ContinuousWithinContinuous2

===========================================================================================
----------------- testing Wed Jun 10 14:36:28 UTC 2020 /home/travis/build/icyphy/ptII/ptolemy/domains/continuous/test/auto/ContinuousWithinContinuous3.xml
----------------- Instantiating /home/travis/build/icyphy/ptII/ptolemy/domains/continuous/test/auto/ContinuousWithinContinuous3.xml
11 ms. Memory: 278528K Free: 113641K (41%)
----------------- Invoking toplevel() on ptolemy.moml.MoMLSimpleApplication@669fd606
----------------- Done invoking toplevel() on ptolemy.moml.MoMLSimpleApplication@669fd606
reloadAllAccessors: .ContinuousWithinContinuous3

===========================================================================================
----------------- testing Wed Jun 10 14:36:29 UTC 2020 /home/travis/build/icyphy/ptII/ptolemy/domains/continuous/test/auto/ContinuousWithinContinuous4.xml
----------------- Instantiating /home/travis/build/icyphy/ptII/ptolemy/domains/continuous/test/auto/ContinuousWithinContinuous4.xml
72 ms. Memory: 278528K Free: 101353K (36%)
----------------- Invoking toplevel() on ptolemy.moml.MoMLSimpleApplication@1ffab076
----------------- Done invoking toplevel() on ptolemy.moml.MoMLSimpleApplication@1ffab076
reloadAllAccessors: .ContinuousWithinContinuous4

===========================================================================================
----------------- testing Wed Jun 10 14:36:29 UTC 2020 /home/travis/build/icyphy/ptII/ptolemy/domains/continuous/test/auto/ContinuousWithinContinuous5.xml
----------------- Instantiating /home/travis/build/icyphy/ptII/ptolemy/domains/continuous/test/auto/ContinuousWithinContinuous5.xml
13 ms. Memory: 278528K Free: 260075K (93%)
----------------- Invoking toplevel() on ptolemy.moml.MoMLSimpleApplication@243578d8
----------------- Done invoking toplevel() on ptolemy.moml.MoMLSimpleApplication@243578d8
reloadAllAccessors: .ContinuousWithinContinuous5

===========================================================================================
----------------- testing Wed Jun 10 14:36:29 UTC 2020 /home/travis/build/icyphy/ptII/ptolemy/domains/continuous/test/auto/ContinuousWithinContinuous6.xml
----------------- Instantiating /home/travis/build/icyphy/ptII/ptolemy/domains/continuous/test/auto/ContinuousWithinContinuous6.xml
11 ms. Memory: 278528K Free: 252907K (91%)
----------------- Invoking toplevel() on ptolemy.moml.MoMLSimpleApplication@476000a7
----------------- Done invoking toplevel() on ptolemy.moml.MoMLSimpleApplication@476000a7
reloadAllAccessors: .ContinuousWithinContinuous6

===========================================================================================
----------------- testing Wed Jun 10 14:36:29 UTC 2020 /home/travis/build/icyphy/ptII/ptolemy/domains/continuous/test/auto/ContinuousWithinContinuous7.xml
----------------- Instantiating /home/travis/build/icyphy/ptII/ptolemy/domains/continuous/test/auto/ContinuousWithinContinuous7.xml
57 ms. Memory: 278528K Free: 241643K (87%)
----------------- Invoking toplevel() on ptolemy.moml.MoMLSimpleApplication@6864471f
----------------- Done invoking toplevel() on ptolemy.moml.MoMLSimpleApplication@6864471f
reloadAllAccessors: .ContinuousWithinContinuous7

===========================================================================================
----------------- testing Wed Jun 10 14:36:29 UTC 2020 /home/travis/build/icyphy/ptII/ptolemy/domains/continuous/test/auto/DCMotor.xml
----------------- Instantiating /home/travis/build/icyphy/ptII/ptolemy/domains/continuous/test/auto/DCMotor.xml
12577 ms. Memory: 278528K Free: 167527K (60%)
----------------- Invoking toplevel() on ptolemy.moml.MoMLSimpleApplication@581ad3be
----------------- Done invoking toplevel() on ptolemy.moml.MoMLSimpleApplication@581ad3be
reloadAllAccessors: .DCMotor

===========================================================================================
----------------- testing Wed Jun 10 14:36:41 UTC 2020 /home/travis/build/icyphy/ptII/ptolemy/domains/continuous/test/auto/DEInContinuous.xml
----------------- Instantiating /home/travis/build/icyphy/ptII/ptolemy/domains/continuous/test/auto/DEInContinuous.xml
19 ms. Memory: 278528K Free: 161383K (58%)
----------------- Invoking toplevel() on ptolemy.moml.MoMLSimpleApplication@5fe55dae
----------------- Done invoking toplevel() on ptolemy.moml.MoMLSimpleApplication@5fe55dae
reloadAllAccessors: .DEInContinuous

===========================================================================================
----------------- testing Wed Jun 10 14:36:41 UTC 2020 /home/travis/build/icyphy/ptII/ptolemy/domains/continuous/test/auto/DEinContinuous2.xml
----------------- Instantiating /home/travis/build/icyphy/ptII/ptolemy/domains/continuous/test/auto/DEinContinuous2.xml
9 ms. Memory: 278528K Free: 153191K (55%)
----------------- Invoking toplevel() on ptolemy.moml.MoMLSimpleApplication@110c6714
----------------- Done invoking toplevel() on ptolemy.moml.MoMLSimpleApplication@110c6714
reloadAllAccessors: .DEinContinuous2

===========================================================================================
----------------- testing Wed Jun 10 14:36:41 UTC 2020 /home/travis/build/icyphy/ptII/ptolemy/domains/continuous/test/auto/Derivative.xml
----------------- Instantiating /home/travis/build/icyphy/ptII/ptolemy/domains/continuous/test/auto/Derivative.xml
110 ms. Memory: 278528K Free: 124005K (45%)
----------------- Invoking toplevel() on ptolemy.moml.MoMLSimpleApplication@156e67a2
----------------- Done invoking toplevel() on ptolemy.moml.MoMLSimpleApplication@156e67a2
reloadAllAccessors: .Derivative2

===========================================================================================
----------------- testing Wed Jun 10 14:36:42 UTC 2020 /home/travis/build/icyphy/ptII/ptolemy/domains/continuous/test/auto/Derivative1.xml
----------------- Instantiating /home/travis/build/icyphy/ptII/ptolemy/domains/continuous/test/auto/Derivative1.xml
14 ms. Memory: 278528K Free: 109669K (39%)
----------------- Invoking toplevel() on ptolemy.moml.MoMLSimpleApplication@5813c454
----------------- Done invoking toplevel() on ptolemy.moml.MoMLSimpleApplication@5813c454
reloadAllAccessors: .Derivative1

===========================================================================================
----------------- testing Wed Jun 10 14:36:42 UTC 2020 /home/travis/build/icyphy/ptII/ptolemy/domains/continuous/test/auto/DiscreteClock.xml
----------------- Instantiating /home/travis/build/icyphy/ptII/ptolemy/domains/continuous/test/auto/DiscreteClock.xml
3 ms. Memory: 278528K Free: 104549K (38%)
----------------- Invoking toplevel() on ptolemy.moml.MoMLSimpleApplication@721d40d
----------------- Done invoking toplevel() on ptolemy.moml.MoMLSimpleApplication@721d40d
reloadAllAccessors: .DiscreteClock

===========================================================================================
----------------- testing Wed Jun 10 14:36:42 UTC 2020 /home/travis/build/icyphy/ptII/ptolemy/domains/continuous/test/auto/EfficiencyCurve.xml
----------------- Instantiating /home/travis/build/icyphy/ptII/ptolemy/domains/continuous/test/auto/EfficiencyCurve.xml
63 ms. Memory: 278528K Free: 260896K (94%)
----------------- Invoking toplevel() on ptolemy.moml.MoMLSimpleApplication@4f67558e
----------------- Done invoking toplevel() on ptolemy.moml.MoMLSimpleApplication@4f67558e
reloadAllAccessors: .EfficiencyCurve

===========================================================================================
----------------- testing Wed Jun 10 14:36:42 UTC 2020 /home/travis/build/icyphy/ptII/ptolemy/domains/continuous/test/auto/ExponentialResponse.xml
----------------- Instantiating /home/travis/build/icyphy/ptII/ptolemy/domains/continuous/test/auto/ExponentialResponse.xml
86 ms. Memory: 278528K Free: 244573K (88%)
----------------- Invoking toplevel() on ptolemy.moml.MoMLSimpleApplication@40667c7e
----------------- Done invoking toplevel() on ptolemy.moml.MoMLSimpleApplication@40667c7e
reloadAllAccessors: .ExponentialResponse

===========================================================================================
----------------- testing Wed Jun 10 14:36:42 UTC 2020 /home/travis/build/icyphy/ptII/ptolemy/domains/continuous/test/auto/ExponentialResponseRK45.xml
----------------- Instantiating /home/travis/build/icyphy/ptII/ptolemy/domains/continuous/test/auto/ExponentialResponseRK45.xml
19 ms. Memory: 278528K Free: 237919K (85%)
----------------- Invoking toplevel() on ptolemy.moml.MoMLSimpleApplication@7542c225
----------------- Done invoking toplevel() on ptolemy.moml.MoMLSimpleApplication@7542c225
reloadAllAccessors: .ExponentialResponseRK45

===========================================================================================
----------------- testing Wed Jun 10 14:36:42 UTC 2020 /home/travis/build/icyphy/ptII/ptolemy/domains/continuous/test/auto/Friction.xml
----------------- Instantiating /home/travis/build/icyphy/ptII/ptolemy/domains/continuous/test/auto/Friction.xml
1393 ms. Memory: 278528K Free: 146770K (53%)
----------------- Invoking toplevel() on ptolemy.moml.MoMLSimpleApplication@68dd92ec
----------------- Done invoking toplevel() on ptolemy.moml.MoMLSimpleApplication@68dd92ec
reloadAllAccessors: .Friction

===========================================================================================
----------------- testing Wed Jun 10 14:36:43 UTC 2020 /home/travis/build/icyphy/ptII/ptolemy/domains/continuous/test/auto/FurutaPendulum.xml
----------------- Instantiating /home/travis/build/icyphy/ptII/ptolemy/domains/continuous/test/auto/FurutaPendulum.xml
2693 ms. Memory: 278528K Free: 150018K (54%)
----------------- Invoking toplevel() on ptolemy.moml.MoMLSimpleApplication@292a4469
----------------- Done invoking toplevel() on ptolemy.moml.MoMLSimpleApplication@292a4469
reloadAllAccessors: .FurutaPendulum

===========================================================================================
----------------- testing Wed Jun 10 14:36:46 UTC 2020 /home/travis/build/icyphy/ptII/ptolemy/domains/continuous/test/auto/HierarchicalExecution.xml
----------------- Instantiating /home/travis/build/icyphy/ptII/ptolemy/domains/continuous/test/auto/HierarchicalExecution.xml
1476 ms. Memory: 278528K Free: 198240K (71%)
----------------- Invoking toplevel() on ptolemy.moml.MoMLSimpleApplication@4d6cfbd7
----------------- Done invoking toplevel() on ptolemy.moml.MoMLSimpleApplication@4d6cfbd7
reloadAllAccessors: .HierarchicalExecution

===========================================================================================
----------------- testing Wed Jun 10 14:36:48 UTC 2020 /home/travis/build/icyphy/ptII/ptolemy/domains/continuous/test/auto/HybridPlant.xml
----------------- Instantiating /home/travis/build/icyphy/ptII/ptolemy/domains/continuous/test/auto/HybridPlant.xml
482 ms. Memory: 278528K Free: 100958K (36%)
----------------- Invoking toplevel() on ptolemy.moml.MoMLSimpleApplication@32808219
----------------- Done invoking toplevel() on ptolemy.moml.MoMLSimpleApplication@32808219
reloadAllAccessors: .HybridPlant

===========================================================================================
----------------- testing Wed Jun 10 14:36:49 UTC 2020 /home/travis/build/icyphy/ptII/ptolemy/domains/continuous/test/auto/Hysteresis.xml
----------------- Instantiating /home/travis/build/icyphy/ptII/ptolemy/domains/continuous/test/auto/Hysteresis.xml
130 ms. Memory: 278528K Free: 205579K (74%)
----------------- Invoking toplevel() on ptolemy.moml.MoMLSimpleApplication@5fc436ce
----------------- Done invoking toplevel() on ptolemy.moml.MoMLSimpleApplication@5fc436ce
reloadAllAccessors: .Hysteresis

===========================================================================================
----------------- testing Wed Jun 10 14:36:49 UTC 2020 /home/travis/build/icyphy/ptII/ptolemy/domains/continuous/test/auto/HysteresisWithRandomDelay.xml
----------------- Instantiating /home/travis/build/icyphy/ptII/ptolemy/domains/continuous/test/auto/HysteresisWithRandomDelay.xml
168 ms. Memory: 278528K Free: 134923K (48%)
----------------- Invoking toplevel() on ptolemy.moml.MoMLSimpleApplication@105f3d98
----------------- Done invoking toplevel() on ptolemy.moml.MoMLSimpleApplication@105f3d98
reloadAllAccessors: .HysteresisWithRandomDelay

===========================================================================================
----------------- testing Wed Jun 10 14:36:49 UTC 2020 /home/travis/build/icyphy/ptII/ptolemy/domains/continuous/test/auto/HysteresisWithRandomLosses.xml
----------------- Instantiating /home/travis/build/icyphy/ptII/ptolemy/domains/continuous/test/auto/HysteresisWithRandomLosses.xml
2202 ms. Memory: 334848K Free: 163607K (49%)
----------------- Invoking toplevel() on ptolemy.moml.MoMLSimpleApplication@67536bb8
----------------- Done invoking toplevel() on ptolemy.moml.MoMLSimpleApplication@67536bb8
reloadAllAccessors: .HysteresisWithRandomLosses

===========================================================================================
----------------- testing Wed Jun 10 14:36:51 UTC 2020 /home/travis/build/icyphy/ptII/ptolemy/domains/continuous/test/auto/ImmediateTransitions.xml
----------------- Instantiating /home/travis/build/icyphy/ptII/ptolemy/domains/continuous/test/auto/ImmediateTransitions.xml
9 ms. Memory: 334848K Free: 152343K (45%)
----------------- Invoking toplevel() on ptolemy.moml.MoMLSimpleApplication@37e78029
----------------- Done invoking toplevel() on ptolemy.moml.MoMLSimpleApplication@37e78029
reloadAllAccessors: .ImmediateTransitions

===========================================================================================
----------------- testing Wed Jun 10 14:36:51 UTC 2020 /home/travis/build/icyphy/ptII/ptolemy/domains/continuous/test/auto/ImpulseFeedback.xml
----------------- Instantiating /home/travis/build/icyphy/ptII/ptolemy/domains/continuous/test/auto/ImpulseFeedback.xml
7 ms. Memory: 334848K Free: 146713K (44%)
----------------- Invoking toplevel() on ptolemy.moml.MoMLSimpleApplication@306319db
----------------- Done invoking toplevel() on ptolemy.moml.MoMLSimpleApplication@306319db
reloadAllAccessors: .ImpulseFeedback

===========================================================================================
----------------- testing Wed Jun 10 14:36:51 UTC 2020 /home/travis/build/icyphy/ptII/ptolemy/domains/continuous/test/auto/ImpulseFeedback2.xml
----------------- Instantiating /home/travis/build/icyphy/ptII/ptolemy/domains/continuous/test/auto/ImpulseFeedback2.xml
4 ms. Memory: 334848K Free: 141079K (42%)
----------------- Invoking toplevel() on ptolemy.moml.MoMLSimpleApplication@6ed22d13
----------------- Done invoking toplevel() on ptolemy.moml.MoMLSimpleApplication@6ed22d13
reloadAllAccessors: .ImpulseFeedback2

===========================================================================================
----------------- testing Wed Jun 10 14:36:51 UTC 2020 /home/travis/build/icyphy/ptII/ptolemy/domains/continuous/test/auto/IncreasingRatePoisson.xml
----------------- Instantiating /home/travis/build/icyphy/ptII/ptolemy/domains/continuous/test/auto/IncreasingRatePoisson.xml
671 ms. Memory: 334848K Free: 226104K (68%)
----------------- Invoking toplevel() on ptolemy.moml.MoMLSimpleApplication@51eba94d
----------------- Done invoking toplevel() on ptolemy.moml.MoMLSimpleApplication@51eba94d
reloadAllAccessors: .IncreasingRatePoisson

===========================================================================================
----------------- testing Wed Jun 10 14:36:52 UTC 2020 /home/travis/build/icyphy/ptII/ptolemy/domains/continuous/test/auto/InitialStateFeedback.xml
----------------- Instantiating /home/travis/build/icyphy/ptII/ptolemy/domains/continuous/test/auto/InitialStateFeedback.xml
6 ms. Memory: 334848K Free: 221494K (66%)
----------------- Invoking toplevel() on ptolemy.moml.MoMLSimpleApplication@7f76868a
----------------- Done invoking toplevel() on ptolemy.moml.MoMLSimpleApplication@7f76868a
reloadAllAccessors: .InitialStateFeedback

===========================================================================================
----------------- testing Wed Jun 10 14:36:52 UTC 2020 /home/travis/build/icyphy/ptII/ptolemy/domains/continuous/test/auto/Integration.xml
----------------- Instantiating /home/travis/build/icyphy/ptII/ptolemy/domains/continuous/test/auto/Integration.xml
2 ms. Memory: 334848K Free: 217398K (65%)
----------------- Invoking toplevel() on ptolemy.moml.MoMLSimpleApplication@79971c31
----------------- Done invoking toplevel() on ptolemy.moml.MoMLSimpleApplication@79971c31
reloadAllAccessors: .Integration

===========================================================================================
----------------- testing Wed Jun 10 14:36:52 UTC 2020 /home/travis/build/icyphy/ptII/ptolemy/domains/continuous/test/auto/Integration2.xml
----------------- Instantiating /home/travis/build/icyphy/ptII/ptolemy/domains/continuous/test/auto/Integration2.xml
66 ms. Memory: 334848K Free: 203062K (61%)
----------------- Invoking toplevel() on ptolemy.moml.MoMLSimpleApplication@77779ed0
----------------- Done invoking toplevel() on ptolemy.moml.MoMLSimpleApplication@77779ed0
reloadAllAccessors: .Integration2

===========================================================================================
----------------- testing Wed Jun 10 14:36:52 UTC 2020 /home/travis/build/icyphy/ptII/ptolemy/domains/continuous/test/auto/Integration3.xml
----------------- Instantiating /home/travis/build/icyphy/ptII/ptolemy/domains/continuous/test/auto/Integration3.xml
2 ms. Memory: 334848K Free: 198456K (59%)
----------------- Invoking toplevel() on ptolemy.moml.MoMLSimpleApplication@65b498e8
----------------- Done invoking toplevel() on ptolemy.moml.MoMLSimpleApplication@65b498e8
reloadAllAccessors: .Integration3

===========================================================================================
----------------- testing Wed Jun 10 14:36:52 UTC 2020 /home/travis/build/icyphy/ptII/ptolemy/domains/continuous/test/auto/Integration5.xml
----------------- Instantiating /home/travis/build/icyphy/ptII/ptolemy/domains/continuous/test/auto/Integration5.xml
1 ms. Memory: 334848K Free: 194360K (58%)
----------------- Invoking toplevel() on ptolemy.moml.MoMLSimpleApplication@13b971a
----------------- Done invoking toplevel() on ptolemy.moml.MoMLSimpleApplication@13b971a
reloadAllAccessors: .Integration5

===========================================================================================
----------------- testing Wed Jun 10 14:36:52 UTC 2020 /home/travis/build/icyphy/ptII/ptolemy/domains/continuous/test/auto/IntegratorImpulse.xml
----------------- Instantiating /home/travis/build/icyphy/ptII/ptolemy/domains/continuous/test/auto/IntegratorImpulse.xml
2 ms. Memory: 334848K Free: 190264K (57%)
----------------- Invoking toplevel() on ptolemy.moml.MoMLSimpleApplication@7cc625a3
----------------- Done invoking toplevel() on ptolemy.moml.MoMLSimpleApplication@7cc625a3
reloadAllAccessors: .IntegratorImpulse

===========================================================================================
----------------- testing Wed Jun 10 14:36:52 UTC 2020 /home/travis/build/icyphy/ptII/ptolemy/domains/continuous/test/auto/IntegratorImpulse2.xml
----------------- Instantiating /home/travis/build/icyphy/ptII/ptolemy/domains/continuous/test/auto/IntegratorImpulse2.xml
3 ms. Memory: 334848K Free: 185640K (55%)
----------------- Invoking toplevel() on ptolemy.moml.MoMLSimpleApplication@71ed6893
----------------- Done invoking toplevel() on ptolemy.moml.MoMLSimpleApplication@71ed6893
reloadAllAccessors: .IntegratorImpulse2

===========================================================================================
----------------- testing Wed Jun 10 14:36:52 UTC 2020 /home/travis/build/icyphy/ptII/ptolemy/domains/continuous/test/auto/LevelCrossing1.xml
----------------- Instantiating /home/travis/build/icyphy/ptII/ptolemy/domains/continuous/test/auto/LevelCrossing1.xml
2 ms. Memory: 334848K Free: 180534K (54%)
----------------- Invoking toplevel() on ptolemy.moml.MoMLSimpleApplication@51755b52
----------------- Done invoking toplevel() on ptolemy.moml.MoMLSimpleApplication@51755b52
reloadAllAccessors: .LevelCrossing1

===========================================================================================
----------------- testing Wed Jun 10 14:36:52 UTC 2020 /home/travis/build/icyphy/ptII/ptolemy/domains/continuous/test/auto/LevelCrossing2.xml
----------------- Instantiating /home/travis/build/icyphy/ptII/ptolemy/domains/continuous/test/auto/LevelCrossing2.xml
4 ms. Memory: 334848K Free: 175414K (52%)
----------------- Invoking toplevel() on ptolemy.moml.MoMLSimpleApplication@5d27beb8
----------------- Done invoking toplevel() on ptolemy.moml.MoMLSimpleApplication@5d27beb8
reloadAllAccessors: .LevelCrossing2

===========================================================================================
----------------- testing Wed Jun 10 14:36:52 UTC 2020 /home/travis/build/icyphy/ptII/ptolemy/domains/continuous/test/auto/LevelCrossing3.xml
----------------- Instantiating /home/travis/build/icyphy/ptII/ptolemy/domains/continuous/test/auto/LevelCrossing3.xml
5 ms. Memory: 334848K Free: 170280K (51%)
----------------- Invoking toplevel() on ptolemy.moml.MoMLSimpleApplication@594bdd70
----------------- Done invoking toplevel() on ptolemy.moml.MoMLSimpleApplication@594bdd70
reloadAllAccessors: .LevelCrossing3

===========================================================================================
----------------- testing Wed Jun 10 14:36:52 UTC 2020 /home/travis/build/icyphy/ptII/ptolemy/domains/continuous/test/auto/LevelCrossing4.xml
----------------- Instantiating /home/travis/build/icyphy/ptII/ptolemy/domains/continuous/test/auto/LevelCrossing4.xml
2 ms. Memory: 334848K Free: 165174K (49%)
----------------- Invoking toplevel() on ptolemy.moml.MoMLSimpleApplication@6e2132cb
----------------- Done invoking toplevel() on ptolemy.moml.MoMLSimpleApplication@6e2132cb
reloadAllAccessors: .LevelCrossing4

===========================================================================================
----------------- testing Wed Jun 10 14:36:52 UTC 2020 /home/travis/build/icyphy/ptII/ptolemy/domains/continuous/test/auto/LevelCrossing5.xml
----------------- Instantiating /home/travis/build/icyphy/ptII/ptolemy/domains/continuous/test/auto/LevelCrossing5.xml
2 ms. Memory: 334848K Free: 160054K (48%)
----------------- Invoking toplevel() on ptolemy.moml.MoMLSimpleApplication@73845a29
----------------- Done invoking toplevel() on ptolemy.moml.MoMLSimpleApplication@73845a29
reloadAllAccessors: .LevelCrossing5

===========================================================================================
[...]
reloadAllAccessors: .ResetTransitionWithStartTime6

===========================================================================================
----------------- testing Wed Jun 10 14:37:07 UTC 2020 /home/travis/build/icyphy/ptII/ptolemy/domains/continuous/test/auto/SRinContinuous.xml
----------------- Instantiating /home/travis/build/icyphy/ptII/ptolemy/domains/continuous/test/auto/SRinContinuous.xml
3 ms. Memory: 334848K Free: 251293K (75%)
----------------- Invoking toplevel() on ptolemy.moml.MoMLSimpleApplication@2ebce1ed
----------------- Done invoking toplevel() on ptolemy.moml.MoMLSimpleApplication@2ebce1ed
reloadAllAccessors: .SRinContinuous

===========================================================================================
----------------- testing Wed Jun 10 14:37:07 UTC 2020 /home/travis/build/icyphy/ptII/ptolemy/domains/continuous/test/auto/SampledClocks.xml
----------------- Instantiating /home/travis/build/icyphy/ptII/ptolemy/domains/continuous/test/auto/SampledClocks.xml
5 ms. Memory: 334848K Free: 238491K (71%)
----------------- Invoking toplevel() on ptolemy.moml.MoMLSimpleApplication@df5bf9c
----------------- Done invoking toplevel() on ptolemy.moml.MoMLSimpleApplication@df5bf9c
reloadAllAccessors: .SampledClocks

===========================================================================================
----------------- testing Wed Jun 10 14:37:07 UTC 2020 /home/travis/build/icyphy/ptII/ptolemy/domains/continuous/test/auto/Satellite.xml
----------------- Instantiating /home/travis/build/icyphy/ptII/ptolemy/domains/continuous/test/auto/Satellite.xml
583 ms. Memory: 334848K Free: 247104K (74%)
----------------- Invoking toplevel() on ptolemy.moml.MoMLSimpleApplication@33437bf5
----------------- Done invoking toplevel() on ptolemy.moml.MoMLSimpleApplication@33437bf5
reloadAllAccessors: .Satellite

===========================================================================================
----------------- testing Wed Jun 10 14:37:08 UTC 2020 /home/travis/build/icyphy/ptII/ptolemy/domains/continuous/test/auto/SigmaDelta.xml
----------------- Instantiating /home/travis/build/icyphy/ptII/ptolemy/domains/continuous/test/auto/SigmaDelta.xml
1950 ms. Memory: 334848K Free: 188813K (56%)
----------------- Invoking toplevel() on ptolemy.moml.MoMLSimpleApplication@15d9162d
----------------- Done invoking toplevel() on ptolemy.moml.MoMLSimpleApplication@15d9162d
reloadAllAccessors: .SigmaDelta

===========================================================================================
----------------- testing Wed Jun 10 14:37:10 UTC 2020 /home/travis/build/icyphy/ptII/ptolemy/domains/continuous/test/auto/SingleRefinement.xml
----------------- Instantiating /home/travis/build/icyphy/ptII/ptolemy/domains/continuous/test/auto/SingleRefinement.xml
321 ms. Memory: 334848K Free: 205386K (61%)
----------------- Invoking toplevel() on ptolemy.moml.MoMLSimpleApplication@6c8111ce
----------------- Done invoking toplevel() on ptolemy.moml.MoMLSimpleApplication@6c8111ce
reloadAllAccessors: .SingleRefinement

===========================================================================================
----------------- testing Wed Jun 10 14:37:10 UTC 2020 /home/travis/build/icyphy/ptII/ptolemy/domains/continuous/test/auto/SinuBouncingBall.xml
----------------- Instantiating /home/travis/build/icyphy/ptII/ptolemy/domains/continuous/test/auto/SinuBouncingBall.xml
720 ms. Memory: 334848K Free: 193086K (58%)
----------------- Invoking toplevel() on ptolemy.moml.MoMLSimpleApplication@6245c744
----------------- Done invoking toplevel() on ptolemy.moml.MoMLSimpleApplication@6245c744
reloadAllAccessors: .SinuBouncingBall

===========================================================================================
----------------- testing Wed Jun 10 14:37:11 UTC 2020 /home/travis/build/icyphy/ptII/ptolemy/domains/continuous/test/auto/Sinusoid.xml
----------------- Instantiating /home/travis/build/icyphy/ptII/ptolemy/domains/continuous/test/auto/Sinusoid.xml
4 ms. Memory: 334848K Free: 188480K (56%)
----------------- Invoking toplevel() on ptolemy.moml.MoMLSimpleApplication@41473035
----------------- Done invoking toplevel() on ptolemy.moml.MoMLSimpleApplication@41473035
reloadAllAccessors: .Sinusoid

===========================================================================================
----------------- testing Wed Jun 10 14:37:11 UTC 2020 /home/travis/build/icyphy/ptII/ptolemy/domains/continuous/test/auto/SinusoidInNoise.xml
----------------- Instantiating /home/travis/build/icyphy/ptII/ptolemy/domains/continuous/test/auto/SinusoidInNoise.xml
783 ms. Memory: 334848K Free: 254734K (76%)
----------------- Invoking toplevel() on ptolemy.moml.MoMLSimpleApplication@58b39780
----------------- Done invoking toplevel() on ptolemy.moml.MoMLSimpleApplication@58b39780
reloadAllAccessors: .SinusoidInNoise

===========================================================================================
----------------- testing Wed Jun 10 14:37:12 UTC 2020 /home/travis/build/icyphy/ptII/ptolemy/domains/continuous/test/auto/SinusoidRK45.xml
----------------- Instantiating /home/travis/build/icyphy/ptII/ptolemy/domains/continuous/test/auto/SinusoidRK45.xml
1 ms. Memory: 334848K Free: 250110K (75%)
----------------- Invoking toplevel() on ptolemy.moml.MoMLSimpleApplication@4e3c07c1
----------------- Done invoking toplevel() on ptolemy.moml.MoMLSimpleApplication@4e3c07c1
reloadAllAccessors: .SinusoidRK45

===========================================================================================
----------------- testing Wed Jun 10 14:37:12 UTC 2020 /home/travis/build/icyphy/ptII/ptolemy/domains/continuous/test/auto/SinusoidWithMultipleImpulses.xml
----------------- Instantiating /home/travis/build/icyphy/ptII/ptolemy/domains/continuous/test/auto/SinusoidWithMultipleImpulses.xml
3 ms. Memory: 334848K Free: 245518K (73%)
----------------- Invoking toplevel() on ptolemy.moml.MoMLSimpleApplication@688ecf4d
----------------- Done invoking toplevel() on ptolemy.moml.MoMLSimpleApplication@688ecf4d
reloadAllAccessors: .SinusoidWithMultipleImpulses

===========================================================================================
----------------- testing Wed Jun 10 14:37:12 UTC 2020 /home/travis/build/icyphy/ptII/ptolemy/domains/continuous/test/auto/SquareWave.xml
----------------- Instantiating /home/travis/build/icyphy/ptII/ptolemy/domains/continuous/test/auto/SquareWave.xml
139 ms. Memory: 334848K Free: 218380K (65%)
----------------- Invoking toplevel() on ptolemy.moml.MoMLSimpleApplication@436278a5
----------------- Done invoking toplevel() on ptolemy.moml.MoMLSimpleApplication@436278a5
reloadAllAccessors: .SquareWave

===========================================================================================
----------------- testing Wed Jun 10 14:37:12 UTC 2020 /home/travis/build/icyphy/ptII/ptolemy/domains/continuous/test/auto/Starmac.xml
----------------- Instantiating /home/travis/build/icyphy/ptII/ptolemy/domains/continuous/test/auto/Starmac.xml
3039 ms. Memory: 334848K Free: 298116K (89%)
----------------- Invoking toplevel() on ptolemy.moml.MoMLSimpleApplication@4f6a268d
----------------- Done invoking toplevel() on ptolemy.moml.MoMLSimpleApplication@4f6a268d
reloadAllAccessors: .Starmac

===========================================================================================
----------------- testing Wed Jun 10 14:37:16 UTC 2020 /home/travis/build/icyphy/ptII/ptolemy/domains/continuous/test/auto/StaticUnits.xml
----------------- Instantiating /home/travis/build/icyphy/ptII/ptolemy/domains/continuous/test/auto/StaticUnits.xml
1805 ms. Memory: 334848K Free: 232356K (69%)
----------------- Invoking toplevel() on ptolemy.moml.MoMLSimpleApplication@5a5dcaff
----------------- Done invoking toplevel() on ptolemy.moml.MoMLSimpleApplication@5a5dcaff
reloadAllAccessors: .StaticUnits

===========================================================================================
----------------- testing Wed Jun 10 14:37:18 UTC 2020 /home/travis/build/icyphy/ptII/ptolemy/domains/continuous/test/auto/StickyMasses.xml
----------------- Instantiating /home/travis/build/icyphy/ptII/ptolemy/domains/continuous/test/auto/StickyMasses.xml
131 ms. Memory: 334848K Free: 182694K (55%)
----------------- Invoking toplevel() on ptolemy.moml.MoMLSimpleApplication@c0f49ac
----------------- Done invoking toplevel() on ptolemy.moml.MoMLSimpleApplication@c0f49ac
reloadAllAccessors: .StickyMasses

===========================================================================================
----------------- testing Wed Jun 10 14:37:18 UTC 2020 /home/travis/build/icyphy/ptII/ptolemy/domains/continuous/test/auto/StopTime.xml
----------------- Instantiating /home/travis/build/icyphy/ptII/ptolemy/domains/continuous/test/auto/StopTime.xml
36 ms. Memory: 334848K Free: 157589K (47%)
----------------- Invoking toplevel() on ptolemy.moml.MoMLSimpleApplication@566526e5
----------------- Done invoking toplevel() on ptolemy.moml.MoMLSimpleApplication@566526e5
reloadAllAccessors: .StopTime

===========================================================================================
----------------- testing Wed Jun 10 14:37:18 UTC 2020 /home/travis/build/icyphy/ptII/ptolemy/domains/continuous/test/auto/StopTime2.xml
----------------- Instantiating /home/travis/build/icyphy/ptII/ptolemy/domains/continuous/test/auto/StopTime2.xml
32 ms. Memory: 334848K Free: 135590K (40%)
----------------- Invoking toplevel() on ptolemy.moml.MoMLSimpleApplication@56454703
----------------- Done invoking toplevel() on ptolemy.moml.MoMLSimpleApplication@56454703
reloadAllAccessors: .StopTime2

===========================================================================================
----------------- testing Wed Jun 10 14:37:18 UTC 2020 /home/travis/build/icyphy/ptII/ptolemy/domains/continuous/test/auto/Switch.xml
----------------- Instantiating /home/travis/build/icyphy/ptII/ptolemy/domains/continuous/test/auto/Switch.xml
59 ms. Memory: 334848K Free: 306008K (91%)
----------------- Invoking toplevel() on ptolemy.moml.MoMLSimpleApplication@703328bd
----------------- Done invoking toplevel() on ptolemy.moml.MoMLSimpleApplication@703328bd
reloadAllAccessors: .Switch

===========================================================================================
----------------- testing Wed Jun 10 14:37:18 UTC 2020 /home/travis/build/icyphy/ptII/ptolemy/domains/continuous/test/auto/Thermostat.xml
----------------- Instantiating /home/travis/build/icyphy/ptII/ptolemy/domains/continuous/test/auto/Thermostat.xml
171 ms. Memory: 334848K Free: 234328K (70%)
----------------- Invoking toplevel() on ptolemy.moml.MoMLSimpleApplication@5eaaa137
----------------- Done invoking toplevel() on ptolemy.moml.MoMLSimpleApplication@5eaaa137
reloadAllAccessors: .Thermostat

===========================================================================================
----------------- testing Wed Jun 10 14:37:19 UTC 2020 /home/travis/build/icyphy/ptII/ptolemy/domains/continuous/test/auto/TimeDelay.xml
----------------- Instantiating /home/travis/build/icyphy/ptII/ptolemy/domains/continuous/test/auto/TimeDelay.xml
4 ms. Memory: 334848K Free: 229687K (69%)
----------------- Invoking toplevel() on ptolemy.moml.MoMLSimpleApplication@7db826fb
----------------- Done invoking toplevel() on ptolemy.moml.MoMLSimpleApplication@7db826fb
reloadAllAccessors: .TimeDelay

===========================================================================================
----------------- testing Wed Jun 10 14:37:19 UTC 2020 /home/travis/build/icyphy/ptII/ptolemy/domains/continuous/test/auto/TimeDelay2.xml
----------------- Instantiating /home/travis/build/icyphy/ptII/ptolemy/domains/continuous/test/auto/TimeDelay2.xml
6 ms. Memory: 334848K Free: 219992K (66%)
----------------- Invoking toplevel() on ptolemy.moml.MoMLSimpleApplication@743f2c6a
----------------- Done invoking toplevel() on ptolemy.moml.MoMLSimpleApplication@743f2c6a
reloadAllAccessors: .TimeDelay2

===========================================================================================
----------------- testing Wed Jun 10 14:37:19 UTC 2020 /home/travis/build/icyphy/ptII/ptolemy/domains/continuous/test/auto/TimeDelay3.xml
----------------- Instantiating /home/travis/build/icyphy/ptII/ptolemy/domains/continuous/test/auto/TimeDelay3.xml
4 ms. Memory: 334848K Free: 215365K (64%)
----------------- Invoking toplevel() on ptolemy.moml.MoMLSimpleApplication@5c86011d
----------------- Done invoking toplevel() on ptolemy.moml.MoMLSimpleApplication@5c86011d
reloadAllAccessors: .TimeDelay3

===========================================================================================
----------------- testing Wed Jun 10 14:37:19 UTC 2020 /home/travis/build/icyphy/ptII/ptolemy/domains/continuous/test/auto/TransferAbsentToInside.xml
----------------- Instantiating /home/travis/build/icyphy/ptII/ptolemy/domains/continuous/test/auto/TransferAbsentToInside.xml
26 ms. Memory: 334848K Free: 162103K (48%)
----------------- Invoking toplevel() on ptolemy.moml.MoMLSimpleApplication@4fddd89f
----------------- Done invoking toplevel() on ptolemy.moml.MoMLSimpleApplication@4fddd89f
reloadAllAccessors: .TransferAbsentToInside

===========================================================================================
----------------- testing Wed Jun 10 14:37:19 UTC 2020 /home/travis/build/icyphy/ptII/ptolemy/domains/continuous/test/auto/Transmission.xml
----------------- Instantiating /home/travis/build/icyphy/ptII/ptolemy/domains/continuous/test/auto/Transmission.xml
698 ms. Memory: 334848K Free: 130370K (39%)
----------------- Invoking toplevel() on ptolemy.moml.MoMLSimpleApplication@5f4b0b88
----------------- Done invoking toplevel() on ptolemy.moml.MoMLSimpleApplication@5f4b0b88
reloadAllAccessors: .Transmission

===========================================================================================
----------------- testing Wed Jun 10 14:37:20 UTC 2020 /home/travis/build/icyphy/ptII/ptolemy/domains/continuous/test/auto/TriggeredContinuousClock.xml
----------------- Instantiating /home/travis/build/icyphy/ptII/ptolemy/domains/continuous/test/auto/TriggeredContinuousClock.xml
34 ms. Memory: 334848K Free: 295748K (88%)
----------------- Invoking toplevel() on ptolemy.moml.MoMLSimpleApplication@76b9fa92
----------------- Done invoking toplevel() on ptolemy.moml.MoMLSimpleApplication@76b9fa92
reloadAllAccessors: .TriggeredContinuousClock

===========================================================================================
----------------- testing Wed Jun 10 14:37:20 UTC 2020 /home/travis/build/icyphy/ptII/ptolemy/domains/continuous/test/auto/TwoMachineInfiniteBusControl.xml
----------------- Instantiating /home/travis/build/icyphy/ptII/ptolemy/domains/continuous/test/auto/TwoMachineInfiniteBusControl.xml
2354 ms. Memory: 334848K Free: 125745K (38%)
----------------- Invoking toplevel() on ptolemy.moml.MoMLSimpleApplication@6930b583
----------------- Done invoking toplevel() on ptolemy.moml.MoMLSimpleApplication@6930b583
reloadAllAccessors: .TwoMachineInfiniteBusControl

===========================================================================================
----------------- testing Wed Jun 10 14:37:22 UTC 2020 /home/travis/build/icyphy/ptII/ptolemy/domains/continuous/test/auto/V2V.xml
----------------- Instantiating /home/travis/build/icyphy/ptII/ptolemy/domains/continuous/test/auto/V2V.xml
675 ms. Memory: 334848K Free: 135816K (41%)
----------------- Invoking toplevel() on ptolemy.moml.MoMLSimpleApplication@be9be1e
----------------- Done invoking toplevel() on ptolemy.moml.MoMLSimpleApplication@be9be1e
reloadAllAccessors: .V2V

===========================================================================================
----------------- testing Wed Jun 10 14:37:23 UTC 2020 /home/travis/build/icyphy/ptII/ptolemy/domains/continuous/test/auto/hierarchicalModalModel.xml
----------------- Instantiating /home/travis/build/icyphy/ptII/ptolemy/domains/continuous/test/auto/hierarchicalModalModel.xml
8 ms. Memory: 334848K Free: 121480K (36%)
----------------- Invoking toplevel() on ptolemy.moml.MoMLSimpleApplication@53628296
----------------- Done invoking toplevel() on ptolemy.moml.MoMLSimpleApplication@53628296
reloadAllAccessors: .hierarchicalModalModel

===========================================================================================
----------------- testing Wed Jun 10 14:37:23 UTC 2020 /home/travis/build/icyphy/ptII/ptolemy/domains/continuous/test/auto/hierarchicalModalModel1.xml
----------------- Instantiating /home/travis/build/icyphy/ptII/ptolemy/domains/continuous/test/auto/hierarchicalModalModel1.xml
7 ms. Memory: 334848K Free: 300810K (90%)
----------------- Invoking toplevel() on ptolemy.moml.MoMLSimpleApplication@4738c4a2
----------------- Done invoking toplevel() on ptolemy.moml.MoMLSimpleApplication@4738c4a2
reloadAllAccessors: .hierarchicalModalModel1

===========================================================================================
----------------- testing Wed Jun 10 14:37:23 UTC 2020 /home/travis/build/icyphy/ptII/ptolemy/domains/continuous/test/auto/hierarchicalModalModel2.xml
----------------- Instantiating /home/travis/build/icyphy/ptII/ptolemy/domains/continuous/test/auto/hierarchicalModalModel2.xml
6 ms. Memory: 334848K Free: 288522K (86%)
----------------- Invoking toplevel() on ptolemy.moml.MoMLSimpleApplication@34ce0a1f
----------------- Done invoking toplevel() on ptolemy.moml.MoMLSimpleApplication@34ce0a1f
reloadAllAccessors: .hierarchicalModalModel2

===========================================================================================
----------------- testing Wed Jun 10 14:37:23 UTC 2020 /home/travis/build/icyphy/ptII/ptolemy/domains/continuous/test/auto/hierarchicalModalModel3.xml
----------------- Instantiating /home/travis/build/icyphy/ptII/ptolemy/domains/continuous/test/auto/hierarchicalModalModel3.xml
5 ms. Memory: 334848K Free: 277768K (83%)
----------------- Invoking toplevel() on ptolemy.moml.MoMLSimpleApplication@395ed96c
----------------- Done invoking toplevel() on ptolemy.moml.MoMLSimpleApplication@395ed96c
reloadAllAccessors: .hierarchicalModalModel3

===========================================================================================
----------------- testing Wed Jun 10 14:37:23 UTC 2020 /home/travis/build/icyphy/ptII/ptolemy/domains/continuous/test/auto/hierarchicalModalModel4.xml
----------------- Instantiating /home/travis/build/icyphy/ptII/ptolemy/domains/continuous/test/auto/hierarchicalModalModel4.xml
5 ms. Memory: 334848K Free: 265994K (79%)
----------------- Invoking toplevel() on ptolemy.moml.MoMLSimpleApplication@af2ba48
----------------- Done invoking toplevel() on ptolemy.moml.MoMLSimpleApplication@af2ba48
reloadAllAccessors: .hierarchicalModalModel4

===========================================================================================
----------------- testing Wed Jun 10 14:37:23 UTC 2020 /home/travis/build/icyphy/ptII/ptolemy/domains/continuous/test/auto/junk.xml
----------------- Instantiating /home/travis/build/icyphy/ptII/ptolemy/domains/continuous/test/auto/junk.xml
113 ms. Memory: 334848K Free: 238856K (71%)
----------------- Invoking toplevel() on ptolemy.moml.MoMLSimpleApplication@6efc849
----------------- Done invoking toplevel() on ptolemy.moml.MoMLSimpleApplication@6efc849
reloadAllAccessors: .junk
AutoTests.java: About to close Vertx.
AutoTests.java: Vertx closed.
]]></system-out>
  <system-err><![CDATA[Warning: '.HysteresisWithRandomDelay.NonStrictTest3' The test produced only 22 tokens, yet the correctValues parameter was expecting 30 tokens.
Warning: '.Poisson.NonStrictTest' The test produced only 416 tokens, yet the correctValues parameter was expecting 430 tokens.
]]></system-err>
</testsuite>
