<?xml version="1.0" encoding="UTF-8" ?>
<testsuite errors="0" failures="0" hostname="travis-job-40ca9f2c-1476-4c80-81fa-4027e7d308e6" name="ptolemy.domains.de.test.junit.JUnitTclTest" skipped="0" tests="101" time="130.303" timestamp="2019-11-10T06:12:55">
  <properties>
[...]
</properties>
  <testcase classname="ptolemy.util.test.junit.TclTests" name="[0] /home/travis/build/icyphy/ptII/ptolemy/domains/de/test/DependencyLoop.tcl (RunTclFile)" time="0.943" />
  <testcase classname="ptolemy.util.test.junit.TclTests" name="[1] /home/travis/build/icyphy/ptII/ptolemy/domains/de/test/RunDETestsAsQSS.tcl (RunTclFile)" time="87.988" />
  <testcase classname="ptolemy.util.test.junit.AutoKnownFailedTests" name="[0] /home/travis/build/icyphy/ptII/ptolemy/domains/de/test/auto/knownFailedTests/DESDFClockTest.xml (RunModel)" time="2.056" />
  <testcase classname="ptolemy.util.test.junit.AutoKnownFailedTests" name="[1] /home/travis/build/icyphy/ptII/ptolemy/domains/de/test/auto/knownFailedTests/DirectFeedback.xml (RunModel)" time="0.02" />
  <testcase classname="ptolemy.util.test.junit.AutoKnownFailedTests" name="[2] /home/travis/build/icyphy/ptII/ptolemy/domains/de/test/auto/knownFailedTests/FSMSource.xml (RunModel)" time="0.032" />
  <testcase classname="ptolemy.util.test.junit.AutoKnownFailedTests" name="[3] /home/travis/build/icyphy/ptII/ptolemy/domains/de/test/auto/knownFailedTests/HierarchicalModel.xml (RunModel)" time="0.046" />
  <testcase classname="ptolemy.util.test.junit.AutoKnownFailedTests" name="[4] /home/travis/build/icyphy/ptII/ptolemy/domains/de/test/auto/knownFailedTests/dependencyLoop.xml (RunModel)" time="0.046" />
  <testcase classname="ptolemy.util.test.junit.AutoKnownFailedTests" name="[5] /home/travis/build/icyphy/ptII/ptolemy/domains/de/test/auto/knownFailedTests/dependencyLoop2.xml (RunModel)" time="0.044" />
  <testcase classname="ptolemy.util.test.junit.AutoNameArchTests" name="[0] ThereAreNoAutoArchTests (RunModel)" time="0.001" />
  <testcase classname="ptolemy.util.test.junit.AutoTests" name="[0] /home/travis/build/icyphy/ptII/ptolemy/domains/de/test/auto/ActorDepthCalculation_actorWithoutPorts.xml (RunModel)" time="0.019" />
  <testcase classname="ptolemy.util.test.junit.AutoTests" name="[1] /home/travis/build/icyphy/ptII/ptolemy/domains/de/test/auto/AssemblyLine.xml (RunModel)" time="0.015" />
  <testcase classname="ptolemy.util.test.junit.AutoTests" name="[2] /home/travis/build/icyphy/ptII/ptolemy/domains/de/test/auto/CQBug1.xml (RunModel)" time="0.01" />
  <testcase classname="ptolemy.util.test.junit.AutoTests" name="[3] /home/travis/build/icyphy/ptII/ptolemy/domains/de/test/auto/CancelFireAt.xml (RunModel)" time="0.019" />
  <testcase classname="ptolemy.util.test.junit.AutoTests" name="[4] /home/travis/build/icyphy/ptII/ptolemy/domains/de/test/auto/CausalityAndComposabilityAnalysis.xml (RunModel)" time="0.021" />
  <testcase classname="ptolemy.util.test.junit.AutoTests" name="[5] /home/travis/build/icyphy/ptII/ptolemy/domains/de/test/auto/CausalityInterface1.xml (RunModel)" time="0.018" />
  <testcase classname="ptolemy.util.test.junit.AutoTests" name="[6] /home/travis/build/icyphy/ptII/ptolemy/domains/de/test/auto/CausalityInterface15.xml (RunModel)" time="0.018" />
  <testcase classname="ptolemy.util.test.junit.AutoTests" name="[7] /home/travis/build/icyphy/ptII/ptolemy/domains/de/test/auto/CausalityInterface2.xml (RunModel)" time="0.028" />
  <testcase classname="ptolemy.util.test.junit.AutoTests" name="[8] /home/travis/build/icyphy/ptII/ptolemy/domains/de/test/auto/CausalityInterface3.xml (RunModel)" time="0.013" />
  <testcase classname="ptolemy.util.test.junit.AutoTests" name="[9] /home/travis/build/icyphy/ptII/ptolemy/domains/de/test/auto/ClockDrift.xml (RunModel)" time="0.04" />
  <testcase classname="ptolemy.util.test.junit.AutoTests" name="[10] /home/travis/build/icyphy/ptII/ptolemy/domains/de/test/auto/ClockDriftAndValueChange.xml (RunModel)" time="0.032" />
  <testcase classname="ptolemy.util.test.junit.AutoTests" name="[11] /home/travis/build/icyphy/ptII/ptolemy/domains/de/test/auto/ClockDriftChange.xml (RunModel)" time="0.034" />
  <testcase classname="ptolemy.util.test.junit.AutoTests" name="[12] /home/travis/build/icyphy/ptII/ptolemy/domains/de/test/auto/ComposableCausalityAnalysis.xml (RunModel)" time="0.014" />
  <testcase classname="ptolemy.util.test.junit.AutoTests" name="[13] /home/travis/build/icyphy/ptII/ptolemy/domains/de/test/auto/DEFixedPointLimitation.xml (RunModel)" time="0.012" />
  <testcase classname="ptolemy.util.test.junit.AutoTests" name="[14] /home/travis/build/icyphy/ptII/ptolemy/domains/de/test/auto/DEScheduleTest.xml (RunModel)" time="0.014" />
  <testcase classname="ptolemy.util.test.junit.AutoTests" name="[15] /home/travis/build/icyphy/ptII/ptolemy/domains/de/test/auto/DEinDEwithStartTimes.xml (RunModel)" time="0.014" />
  <testcase classname="ptolemy.util.test.junit.AutoTests" name="[16] /home/travis/build/icyphy/ptII/ptolemy/domains/de/test/auto/DEinDEwithStartTimes2.xml (RunModel)" time="0.019" />
  <testcase classname="ptolemy.util.test.junit.AutoTests" name="[17] /home/travis/build/icyphy/ptII/ptolemy/domains/de/test/auto/DateDemo.xml (RunModel)" time="0.032" />
  <testcase classname="ptolemy.util.test.junit.AutoTests" name="[18] /home/travis/build/icyphy/ptII/ptolemy/domains/de/test/auto/DateToEvent.xml (RunModel)" time="2.044" />
  <testcase classname="ptolemy.util.test.junit.AutoTests" name="[19] /home/travis/build/icyphy/ptII/ptolemy/domains/de/test/auto/DepthTest1.xml (RunModel)" time="0.01" />
  <testcase classname="ptolemy.util.test.junit.AutoTests" name="[20] /home/travis/build/icyphy/ptII/ptolemy/domains/de/test/auto/DepthTest2.xml (RunModel)" time="0.026" />
  <testcase classname="ptolemy.util.test.junit.AutoTests" name="[21] /home/travis/build/icyphy/ptII/ptolemy/domains/de/test/auto/DepthTest3.xml (RunModel)" time="0.012" />
  <testcase classname="ptolemy.util.test.junit.AutoTests" name="[22] /home/travis/build/icyphy/ptII/ptolemy/domains/de/test/auto/DepthTest4.xml (RunModel)" time="0.018" />
  <testcase classname="ptolemy.util.test.junit.AutoTests" name="[23] /home/travis/build/icyphy/ptII/ptolemy/domains/de/test/auto/DepthTest5.xml (RunModel)" time="0.014" />
  <testcase classname="ptolemy.util.test.junit.AutoTests" name="[24] /home/travis/build/icyphy/ptII/ptolemy/domains/de/test/auto/DepthTest6.xml (RunModel)" time="0.014" />
  <testcase classname="ptolemy.util.test.junit.AutoTests" name="[25] /home/travis/build/icyphy/ptII/ptolemy/domains/de/test/auto/DepthTest7.xml (RunModel)" time="0.017" />
  <testcase classname="ptolemy.util.test.junit.AutoTests" name="[26] /home/travis/build/icyphy/ptII/ptolemy/domains/de/test/auto/EventToDate.xml (RunModel)" time="3.038" />
  <testcase classname="ptolemy.util.test.junit.AutoTests" name="[27] /home/travis/build/icyphy/ptII/ptolemy/domains/de/test/auto/FSM1.xml (RunModel)" time="0.036" />
  <testcase classname="ptolemy.util.test.junit.AutoTests" name="[28] /home/travis/build/icyphy/ptII/ptolemy/domains/de/test/auto/FSM7.xml (RunModel)" time="0.031" />
  <testcase classname="ptolemy.util.test.junit.AutoTests" name="[29] /home/travis/build/icyphy/ptII/ptolemy/domains/de/test/auto/Inspection.xml (RunModel)" time="0.048" />
  <testcase classname="ptolemy.util.test.junit.AutoTests" name="[30] /home/travis/build/icyphy/ptII/ptolemy/domains/de/test/auto/Iteration.xml (RunModel)" time="0.025" />
  <testcase classname="ptolemy.util.test.junit.AutoTests" name="[31] /home/travis/build/icyphy/ptII/ptolemy/domains/de/test/auto/LineFault.xml (RunModel)" time="0.619" />
  <testcase classname="ptolemy.util.test.junit.AutoTests" name="[32] /home/travis/build/icyphy/ptII/ptolemy/domains/de/test/auto/MergeModel1Add.xml (RunModel)" time="0.047" />
  <testcase classname="ptolemy.util.test.junit.AutoTests" name="[33] /home/travis/build/icyphy/ptII/ptolemy/domains/de/test/auto/MergeModel2Add.xml (RunModel)" time="0.045" />
  <testcase classname="ptolemy.util.test.junit.AutoTests" name="[34] /home/travis/build/icyphy/ptII/ptolemy/domains/de/test/auto/MergeModel3Add.xml (RunModel)" time="0.041" />
  <testcase classname="ptolemy.util.test.junit.AutoTests" name="[35] /home/travis/build/icyphy/ptII/ptolemy/domains/de/test/auto/MergeWithoutDiscard.xml (RunModel)" time="0.019" />
  <testcase classname="ptolemy.util.test.junit.AutoTests" name="[36] /home/travis/build/icyphy/ptII/ptolemy/domains/de/test/auto/Modal1.xml (RunModel)" time="0.03" />
  <testcase classname="ptolemy.util.test.junit.AutoTests" name="[37] /home/travis/build/icyphy/ptII/ptolemy/domains/de/test/auto/Modal2.xml (RunModel)" time="0.043" />
  <testcase classname="ptolemy.util.test.junit.AutoTests" name="[38] /home/travis/build/icyphy/ptII/ptolemy/domains/de/test/auto/Modal3.xml (RunModel)" time="0.023" />
  <testcase classname="ptolemy.util.test.junit.AutoTests" name="[39] /home/travis/build/icyphy/ptII/ptolemy/domains/de/test/auto/Modal4.xml (RunModel)" time="0.031" />
  <testcase classname="ptolemy.util.test.junit.AutoTests" name="[40] /home/travis/build/icyphy/ptII/ptolemy/domains/de/test/auto/Modal5.xml (RunModel)" time="0.037" />
  <testcase classname="ptolemy.util.test.junit.AutoTests" name="[41] /home/travis/build/icyphy/ptII/ptolemy/domains/de/test/auto/Modal6.xml (RunModel)" time="0.036" />
  <testcase classname="ptolemy.util.test.junit.AutoTests" name="[42] /home/travis/build/icyphy/ptII/ptolemy/domains/de/test/auto/Modal7.xml (RunModel)" time="0.032" />
  <testcase classname="ptolemy.util.test.junit.AutoTests" name="[43] /home/travis/build/icyphy/ptII/ptolemy/domains/de/test/auto/ModalModel.xml (RunModel)" time="0.17" />
  <testcase classname="ptolemy.util.test.junit.AutoTests" name="[44] /home/travis/build/icyphy/ptII/ptolemy/domains/de/test/auto/ModalSource.xml (RunModel)" time="0.022" />
  <testcase classname="ptolemy.util.test.junit.AutoTests" name="[45] /home/travis/build/icyphy/ptII/ptolemy/domains/de/test/auto/NonInterruptibleTimerZeroDelay.xml (RunModel)" time="0.009" />
  <testcase classname="ptolemy.util.test.junit.AutoTests" name="[46] /home/travis/build/icyphy/ptII/ptolemy/domains/de/test/auto/OpenQueueingNetwork.xml (RunModel)" time="2.463" />
  <testcase classname="ptolemy.util.test.junit.AutoTests" name="[47] /home/travis/build/icyphy/ptII/ptolemy/domains/de/test/auto/OpenQueuingNetwork.xml (RunModel)" time="0.308" />
  <testcase classname="ptolemy.util.test.junit.AutoTests" name="[48] /home/travis/build/icyphy/ptII/ptolemy/domains/de/test/auto/PeriodicSampler.xml (RunModel)" time="0.017" />
  <testcase classname="ptolemy.util.test.junit.AutoTests" name="[49] /home/travis/build/icyphy/ptII/ptolemy/domains/de/test/auto/PersistentIO.xml (RunModel)" time="0.024" />
  <testcase classname="ptolemy.util.test.junit.AutoTests" name="[50] /home/travis/build/icyphy/ptII/ptolemy/domains/de/test/auto/PortParameterResetOnInitialize.xml (RunModel)" time="0.014" />
  <testcase classname="ptolemy.util.test.junit.AutoTests" name="[51] /home/travis/build/icyphy/ptII/ptolemy/domains/de/test/auto/PortParameterUpdates.xml (RunModel)" time="0.017" />
  <testcase classname="ptolemy.util.test.junit.AutoTests" name="[52] /home/travis/build/icyphy/ptII/ptolemy/domains/de/test/auto/QueueAndServer.xml (RunModel)" time="0.025" />
  <testcase classname="ptolemy.util.test.junit.AutoTests" name="[53] /home/travis/build/icyphy/ptII/ptolemy/domains/de/test/auto/Records.xml (RunModel)" time="0.016" />
  <testcase classname="ptolemy.util.test.junit.AutoTests" name="[54] /home/travis/build/icyphy/ptII/ptolemy/domains/de/test/auto/ResetTransitionWithStartTime1.xml (RunModel)" time="0.026" />
  <testcase classname="ptolemy.util.test.junit.AutoTests" name="[55] /home/travis/build/icyphy/ptII/ptolemy/domains/de/test/auto/ResetTransitionWithStartTime2.xml (RunModel)" time="0.024" />
  <testcase classname="ptolemy.util.test.junit.AutoTests" name="[56] /home/travis/build/icyphy/ptII/ptolemy/domains/de/test/auto/ResetTransitionWithStartTime3.xml (RunModel)" time="0.022" />
  <testcase classname="ptolemy.util.test.junit.AutoTests" name="[57] /home/travis/build/icyphy/ptII/ptolemy/domains/de/test/auto/ResetTransitionWithStartTime4.xml (RunModel)" time="0.022" />
  <testcase classname="ptolemy.util.test.junit.AutoTests" name="[58] /home/travis/build/icyphy/ptII/ptolemy/domains/de/test/auto/ResettableTimer1.xml (RunModel)" time="0.012" />
  <testcase classname="ptolemy.util.test.junit.AutoTests" name="[59] /home/travis/build/icyphy/ptII/ptolemy/domains/de/test/auto/ResettableTimer2.xml (RunModel)" time="0.01" />
  <testcase classname="ptolemy.util.test.junit.AutoTests" name="[60] /home/travis/build/icyphy/ptII/ptolemy/domains/de/test/auto/ResettableTimer3.xml (RunModel)" time="0.011" />
  <testcase classname="ptolemy.util.test.junit.AutoTests" name="[61] /home/travis/build/icyphy/ptII/ptolemy/domains/de/test/auto/ResettableTimer4.xml (RunModel)" time="0.01" />
  <testcase classname="ptolemy.util.test.junit.AutoTests" name="[62] /home/travis/build/icyphy/ptII/ptolemy/domains/de/test/auto/ResettableTimer5.xml (RunModel)" time="0.009" />
  <testcase classname="ptolemy.util.test.junit.AutoTests" name="[63] /home/travis/build/icyphy/ptII/ptolemy/domains/de/test/auto/ResettableTimer6.xml (RunModel)" time="0.015" />
  <testcase classname="ptolemy.util.test.junit.AutoTests" name="[64] /home/travis/build/icyphy/ptII/ptolemy/domains/de/test/auto/ServerZeroDelay.xml (RunModel)" time="0.01" />
  <testcase classname="ptolemy.util.test.junit.AutoTests" name="[65] /home/travis/build/icyphy/ptII/ptolemy/domains/de/test/auto/SmartSender.xml (RunModel)" time="3.012" />
  <testcase classname="ptolemy.util.test.junit.AutoTests" name="[66] /home/travis/build/icyphy/ptII/ptolemy/domains/de/test/auto/ThreadedComposite.xml (RunModel)" time="0.137" />
  <testcase classname="ptolemy.util.test.junit.AutoTests" name="[67] /home/travis/build/icyphy/ptII/ptolemy/domains/de/test/auto/Time.xml (RunModel)" time="0.448" />
  <testcase classname="ptolemy.util.test.junit.AutoTests" name="[68] /home/travis/build/icyphy/ptII/ptolemy/domains/de/test/auto/TimeDelayZeroDelay.xml (RunModel)" time="0.016" />
  <testcase classname="ptolemy.util.test.junit.AutoTests" name="[69] /home/travis/build/icyphy/ptII/ptolemy/domains/de/test/auto/TimerZeroDelay.xml (RunModel)" time="0.01" />
  <testcase classname="ptolemy.util.test.junit.AutoTests" name="[70] /home/travis/build/icyphy/ptII/ptolemy/domains/de/test/auto/TimingParadox.xml (RunModel)" time="0.396" />
  <testcase classname="ptolemy.util.test.junit.AutoTests" name="[71] /home/travis/build/icyphy/ptII/ptolemy/domains/de/test/auto/TransferInputs.xml (RunModel)" time="0.016" />
  <testcase classname="ptolemy.util.test.junit.AutoTests" name="[72] /home/travis/build/icyphy/ptII/ptolemy/domains/de/test/auto/TransferOutputs2.xml (RunModel)" time="0.015" />
  <testcase classname="ptolemy.util.test.junit.AutoTests" name="[73] /home/travis/build/icyphy/ptII/ptolemy/domains/de/test/auto/Trilateration.xml (RunModel)" time="12.352" />
  <testcase classname="ptolemy.util.test.junit.AutoTests" name="[74] /home/travis/build/icyphy/ptII/ptolemy/domains/de/test/auto/TwoSigmaDelta.xml (RunModel)" time="2.125" />
  <testcase classname="ptolemy.util.test.junit.AutoTests" name="[75] /home/travis/build/icyphy/ptII/ptolemy/domains/de/test/auto/VariableDelay.xml (RunModel)" time="0.01" />
  <testcase classname="ptolemy.util.test.junit.AutoTests" name="[76] /home/travis/build/icyphy/ptII/ptolemy/domains/de/test/auto/VariableDelay2.xml (RunModel)" time="0.011" />
  <testcase classname="ptolemy.util.test.junit.AutoTests" name="[77] /home/travis/build/icyphy/ptII/ptolemy/domains/de/test/auto/VariableDelayZeroDelay.xml (RunModel)" time="0.013" />
  <testcase classname="ptolemy.util.test.junit.AutoTests" name="[78] /home/travis/build/icyphy/ptII/ptolemy/domains/de/test/auto/VariableDelayZeroDelay2.xml (RunModel)" time="0.015" />
  <testcase classname="ptolemy.util.test.junit.AutoTests" name="[79] /home/travis/build/icyphy/ptII/ptolemy/domains/de/test/auto/deInCt.xml (RunModel)" time="0.013" />
  <testcase classname="ptolemy.util.test.junit.AutoTests" name="[80] /home/travis/build/icyphy/ptII/ptolemy/domains/de/test/auto/deInCt2.xml (RunModel)" time="0.017" />
  <testcase classname="ptolemy.util.test.junit.AutoTests" name="[81] /home/travis/build/icyphy/ptII/ptolemy/domains/de/test/auto/dynamicCausalityInterface1.xml (RunModel)" time="0.039" />
  <testcase classname="ptolemy.util.test.junit.AutoTests" name="[82] /home/travis/build/icyphy/ptII/ptolemy/domains/de/test/auto/fsm_de_test.xml (RunModel)" time="0.024" />
  <testcase classname="ptolemy.util.test.junit.AutoTests" name="[83] /home/travis/build/icyphy/ptII/ptolemy/domains/de/test/auto/functionDependencyReconstruction.xml (RunModel)" time="0.033" />
  <testcase classname="ptolemy.util.test.junit.AutoTests" name="[84] /home/travis/build/icyphy/ptII/ptolemy/domains/de/test/auto/multirate.xml (RunModel)" time="0.013" />
  <testcase classname="ptolemy.util.test.junit.AutoTests" name="[85] /home/travis/build/icyphy/ptII/ptolemy/domains/de/test/auto/multirate2.xml (RunModel)" time="0.013" />
  <testcase classname="ptolemy.util.test.junit.AutoTests" name="[86] /home/travis/build/icyphy/ptII/ptolemy/domains/de/test/auto/realtime.xml (RunModel)" time="10.009" />
  <testcase classname="ptolemy.util.test.junit.AutoTests" name="[87] /home/travis/build/icyphy/ptII/ptolemy/domains/de/test/auto/relationGroup.xml (RunModel)" time="0.014" />
  <testcase classname="ptolemy.util.test.junit.AutoTests" name="[88] /home/travis/build/icyphy/ptII/ptolemy/domains/de/test/auto/relationGroup2.xml (RunModel)" time="0.018" />
  <testcase classname="ptolemy.util.test.junit.AutoTests" name="[89] /home/travis/build/icyphy/ptII/ptolemy/domains/de/test/auto/sortWithOpaquePorts.xml (RunModel)" time="0.014" />
  <testcase classname="ptolemy.util.test.junit.AutoTests" name="[90] /home/travis/build/icyphy/ptII/ptolemy/domains/de/test/auto/transferInputsandOutputs.xml (RunModel)" time="0.024" />
  <testcase classname="ptolemy.util.test.junit.AutoTests" name="[91] /home/travis/build/icyphy/ptII/ptolemy/domains/de/test/auto/triggerType.xml (RunModel)" time="0.009" />
  <system-out><![CDATA[/home/travis/build/icyphy/ptII/ptolemy/domains/de/test/DependencyLoop.tcl
testDefs.tcl: setting time out to 9000 seconds at Sun Nov 10 06:12:55 UTC 2019
48 ms. Memory: 120832K Free: 72134K (60%)
17 ms. Memory: 120832K Free: 54719K (45%)
/home/travis/build/icyphy/ptII/ptolemy/domains/de/test/RunDETestsAsQSS.tcl
Run the DE tests using ptolemy.domains.qss.test.QSSDirectorTest, which extends QSSDirector and prints a message in the constructors.
------------------ testing $PTII/ptolemy/domains/de/test/auto/knownFailedTests/DirectFeedback.xml (Known Failure) 
62 ms. Memory: 120832K Free: 48582K (40%)


==== $PTIIhome/travis/build/icyphy/ptII/ptolemy/domains/de/test/../../../../: Auto Automatic test in file $PTII/ptolemy/domains/de/test/auto/knownFailedTests/DirectFeedback.xml
==== Contents of test case:

	    # FIXME: we should use $relativeFilename here, but it
	    # might have backslashes under Windows, which causes no end
	    # of trouble.
	    createAndExecute $file
	    list {}
	
.... Test generated KNOWN error:
    while executing
ptolemy.kernel.util.IllegalActionException: Test fails in iteration 1.
Value was: 1.0. Should have been: 2.0
  in .DirectFeedback.Test
	at ptolemy.actor.lib.Test.fire(Test.java:268)
	at ptolemy.domains.de.kernel.DEDirector._fire(DEDirector.java:1949)
	at ptolemy.domains.de.kernel.DEDirector.fire(DEDirector.java:502)
	at ptolemy.actor.CompositeActor.fire(CompositeActor.java:455)
	at ptolemy.actor.Manager.iterate(Manager.java:851)
	at ptolemy.actor.Manager.execute(Manager.java:369)
	at ptolemy.actor.Manager.run(Manager.java:1263)
	at ptolemy.actor.Manager$PtolemyRunThread.run(Manager.java:1933)

    while executing
ptolemy.kernel.util.IllegalActionException: Test fails in iteration 1.
Value was: 1.0. Should have been: 2.0
  in .DirectFeedback.Test
    while executing
"java::new ptolemy.moml.MoMLSimpleApplication $file
"
    (procedure "createAndExecute" line 2)
    invoked from within
"createAndExecute $file"
    ("uplevel" body line 5)
    invoked from within
"uplevel $contents_of_test"
------------------ testing $PTII/ptolemy/domains/de/test/auto/knownFailedTests/dependencyLoop.xml (Known Failure) 
31 ms. Memory: 120832K Free: 108204K (90%)


==== $PTIIhome/travis/build/icyphy/ptII/ptolemy/domains/de/test/../../../../: Auto Automatic test in file $PTII/ptolemy/domains/de/test/auto/knownFailedTests/dependencyLoop.xml
==== Contents of test case:

	    # FIXME: we should use $relativeFilename here, but it
	    # might have backslashes under Windows, which causes no end
	    # of trouble.
	    createAndExecute $file
	    list {}
	
.... Test generated KNOWN error:
    while executing
ptolemy.kernel.util.IllegalActionException: Found a zero delay loop containing .dependencyLoop.original
  in .dependencyLoop and .dependencyLoop.original
	at ptolemy.actor.util.CausalityInterfaceForComposites._computeOutputPortDepth(CausalityInterfaceForComposites.java:759)
	at ptolemy.actor.util.CausalityInterfaceForComposites._computeInputDepth(CausalityInterfaceForComposites.java:696)
	at ptolemy.actor.util.CausalityInterfaceForComposites._computeOutputPortDepth(CausalityInterfaceForComposites.java:765)
	at ptolemy.actor.util.CausalityInterfaceForComposites._computeInputDepth(CausalityInterfaceForComposites.java:696)
	at ptolemy.actor.util.CausalityInterfaceForComposites._computeOutputPortDepth(CausalityInterfaceForComposites.java:765)
	at ptolemy.actor.util.CausalityInterfaceForComposites._computeInputDepth(CausalityInterfaceForComposites.java:696)
	at ptolemy.actor.util.CausalityInterfaceForComposites._computeActorDepth(CausalityInterfaceForComposites.java:532)
	at ptolemy.actor.util.CausalityInterfaceForComposites.checkForCycles(CausalityInterfaceForComposites.java:96)
	at ptolemy.domains.de.kernel.DEDirector.preinitialize(DEDirector.java:1338)
	at ptolemy.actor.CompositeActor.preinitialize(CompositeActor.java:1828)
	at ptolemy.actor.Manager.preinitializeAndResolveTypes(Manager.java:1040)
	at ptolemy.actor.Manager.initialize(Manager.java:710)
	at ptolemy.actor.Manager.execute(Manager.java:356)
	at ptolemy.actor.Manager.run(Manager.java:1263)
	at ptolemy.actor.Manager$PtolemyRunThread.run(Manager.java:1933)

    while executing
ptolemy.kernel.util.IllegalActionException: Found a zero delay loop containing .dependencyLoop.original
  in .dependencyLoop and .dependencyLoop.original
    while executing
"java::new ptolemy.moml.MoMLSimpleApplication $file
"
    (procedure "createAndExecute" line 2)
    invoked from within
"createAndExecute $file"
    ("uplevel" body line 5)
    invoked from within
"uplevel $contents_of_test"
------------------ testing $PTII/ptolemy/domains/de/test/auto/knownFailedTests/FSMSource.xml (Known Failure) 
69 ms. Memory: 120832K Free: 99049K (82%)
!!!! Auto was marked as failing, but now passes
------------------ testing $PTII/ptolemy/domains/de/test/auto/knownFailedTests/HierarchicalModel.xml (Known Failure) 
5 ms. Memory: 120832K Free: 81625K (68%)


==== $PTIIhome/travis/build/icyphy/ptII/ptolemy/domains/de/test/../../../../: Auto Automatic test in file $PTII/ptolemy/domains/de/test/auto/knownFailedTests/HierarchicalModel.xml
==== Contents of test case:

	    # FIXME: we should use $relativeFilename here, but it
	    # might have backslashes under Windows, which causes no end
	    # of trouble.
	    createAndExecute $file
	    list {}
	
.... Test generated KNOWN error:
    while executing
ptolemy.kernel.util.IllegalActionException: Found a zero delay loop containing .HierarchicalModel.A
  in .HierarchicalModel and .HierarchicalModel.A
	at ptolemy.actor.util.CausalityInterfaceForComposites._computeOutputPortDepth(CausalityInterfaceForComposites.java:759)
	at ptolemy.actor.util.CausalityInterfaceForComposites._computeInputDepth(CausalityInterfaceForComposites.java:696)
	at ptolemy.actor.util.CausalityInterfaceForComposites._computeOutputPortDepth(CausalityInterfaceForComposites.java:765)
	at ptolemy.actor.util.CausalityInterfaceForComposites._computeInputDepth(CausalityInterfaceForComposites.java:696)
	at ptolemy.actor.util.CausalityInterfaceForComposites._computeOutputPortDepth(CausalityInterfaceForComposites.java:765)
	at ptolemy.actor.util.CausalityInterfaceForComposites._computeInputDepth(CausalityInterfaceForComposites.java:696)
	at ptolemy.actor.util.CausalityInterfaceForComposites._computeActorDepth(CausalityInterfaceForComposites.java:532)
	at ptolemy.actor.util.CausalityInterfaceForComposites.checkForCycles(CausalityInterfaceForComposites.java:96)
	at ptolemy.domains.de.kernel.DEDirector.preinitialize(DEDirector.java:1338)
	at ptolemy.actor.CompositeActor.preinitialize(CompositeActor.java:1828)
	at ptolemy.actor.Manager.preinitializeAndResolveTypes(Manager.java:1040)
	at ptolemy.actor.Manager.initialize(Manager.java:710)
	at ptolemy.actor.Manager.execute(Manager.java:356)
	at ptolemy.actor.Manager.run(Manager.java:1263)
	at ptolemy.actor.Manager$PtolemyRunThread.run(Manager.java:1933)

    while executing
ptolemy.kernel.util.IllegalActionException: Found a zero delay loop containing .HierarchicalModel.A
  in .HierarchicalModel and .HierarchicalModel.A
    while executing
"java::new ptolemy.moml.MoMLSimpleApplication $file
"
    (procedure "createAndExecute" line 2)
    invoked from within
"createAndExecute $file"
    ("uplevel" body line 5)
    invoked from within
"uplevel $contents_of_test"
------------------ testing $PTII/ptolemy/domains/de/test/auto/knownFailedTests/dependencyLoop2.xml (Known Failure) 
32 ms. Memory: 120832K Free: 106861K (88%)


==== $PTIIhome/travis/build/icyphy/ptII/ptolemy/domains/de/test/../../../../: Auto Automatic test in file $PTII/ptolemy/domains/de/test/auto/knownFailedTests/dependencyLoop2.xml
==== Contents of test case:

	    # FIXME: we should use $relativeFilename here, but it
	    # might have backslashes under Windows, which causes no end
	    # of trouble.
	    createAndExecute $file
	    list {}
	
.... Test generated KNOWN error:
    while executing
ptolemy.kernel.util.IllegalActionException: Found a zero delay loop containing .dependencyLoop2.original
  in .dependencyLoop2 and .dependencyLoop2.original
	at ptolemy.actor.util.CausalityInterfaceForComposites._computeOutputPortDepth(CausalityInterfaceForComposites.java:759)
	at ptolemy.actor.util.CausalityInterfaceForComposites._computeInputDepth(CausalityInterfaceForComposites.java:696)
	at ptolemy.actor.util.CausalityInterfaceForComposites._computeOutputPortDepth(CausalityInterfaceForComposites.java:765)
	at ptolemy.actor.util.CausalityInterfaceForComposites._computeInputDepth(CausalityInterfaceForComposites.java:696)
	at ptolemy.actor.util.CausalityInterfaceForComposites._computeOutputPortDepth(CausalityInterfaceForComposites.java:765)
	at ptolemy.actor.util.CausalityInterfaceForComposites._computeInputDepth(CausalityInterfaceForComposites.java:696)
	at ptolemy.actor.util.CausalityInterfaceForComposites._computeActorDepth(CausalityInterfaceForComposites.java:532)
	at ptolemy.actor.util.CausalityInterfaceForComposites.checkForCycles(CausalityInterfaceForComposites.java:96)
	at ptolemy.domains.de.kernel.DEDirector.preinitialize(DEDirector.java:1338)
	at ptolemy.actor.CompositeActor.preinitialize(CompositeActor.java:1828)
	at ptolemy.actor.Manager.preinitializeAndResolveTypes(Manager.java:1040)
	at ptolemy.actor.Manager.initialize(Manager.java:710)
	at ptolemy.actor.Manager.execute(Manager.java:356)
	at ptolemy.actor.Manager.run(Manager.java:1263)
	at ptolemy.actor.Manager$PtolemyRunThread.run(Manager.java:1933)

    while executing
ptolemy.kernel.util.IllegalActionException: Found a zero delay loop containing .dependencyLoop2.original
  in .dependencyLoop2 and .dependencyLoop2.original
    while executing
"java::new ptolemy.moml.MoMLSimpleApplication $file
"
    (procedure "createAndExecute" line 2)
    invoked from within
"createAndExecute $file"
    ("uplevel" body line 5)
    invoked from within
"uplevel $contents_of_test"
------------------ testing $PTII/ptolemy/domains/de/test/auto/knownFailedTests/DESDFClockTest.xml (Known Failure) 
2063 ms. Memory: 120832K Free: 93997K (78%)


==== $PTIIhome/travis/build/icyphy/ptII/ptolemy/domains/de/test/../../../../: Auto Automatic test in file $PTII/ptolemy/domains/de/test/auto/knownFailedTests/DESDFClockTest.xml
==== Contents of test case:

	    # FIXME: we should use $relativeFilename here, but it
	    # might have backslashes under Windows, which causes no end
	    # of trouble.
	    createAndExecute $file
	    list {}
	
.... Test generated KNOWN error:
    while executing
ptolemy.kernel.util.IllegalActionException: Actor is not ready to fire.  Perhaps UpSample.prefire() returned false? Try debugging the actor by selecting "Listen to Actor".  Also, for SDF check moml for tokenConsumptionRate on input.
  in .DESDFClockTest.Play Bell.Copy1:SDF Director and .DESDFClockTest.Play Bell.UpSample
	at ptolemy.actor.sched.StaticSchedulingDirector.fire(StaticSchedulingDirector.java:227)
	at ptolemy.domains.sdf.kernel.SDFDirector.fire(SDFDirector.java:500)
	at ptolemy.actor.CompositeActor.fire(CompositeActor.java:455)
	at ptolemy.domains.de.kernel.DEDirector._fire(DEDirector.java:1949)
	at ptolemy.domains.de.kernel.DEDirector.fire(DEDirector.java:502)
	at ptolemy.actor.CompositeActor.fire(CompositeActor.java:455)
	at ptolemy.actor.Manager.iterate(Manager.java:851)
	at ptolemy.actor.Manager.execute(Manager.java:369)
	at ptolemy.actor.Manager.run(Manager.java:1263)
	at ptolemy.actor.Manager$PtolemyRunThread.run(Manager.java:1933)

    while executing
ptolemy.kernel.util.IllegalActionException: Actor is not ready to fire.  Perhaps UpSample.prefire() returned false? Try debugging the actor by selecting "Listen to Actor".  Also, for SDF check moml for tokenConsumptionRate on input.
  in .DESDFClockTest.Play Bell.Copy1:SDF Director and .DESDFClockTest.Play Bell.UpSample
    while executing
"java::new ptolemy.moml.MoMLSimpleApplication $file
"
    (procedure "createAndExecute" line 2)
    invoked from within
"createAndExecute $file"
    ("uplevel" body line 5)
    invoked from within
"uplevel $contents_of_test"
------------------ testing $PTII/ptolemy/domains/de/test/auto/ActorDepthCalculation_actorWithoutPorts.xml
auto.tcl: Setting watchdog for 200 seconds at Sun Nov 10 06:12:59 UTC 2019
10 ms. Memory: 120832K Free: 86429K (72%)
ptolemy.util.test.WatchDog.cancel(): canceling Sun Nov 10 06:12:59 UTC 2019
auto.tcl: Setting watchdog for 200 seconds at Sun Nov 10 06:12:59 UTC 2019
3 ms. Memory: 120832K Free: 85277K (71%)
ptolemy.util.test.WatchDog.cancel(): canceling Sun Nov 10 06:12:59 UTC 2019
------------------ testing $PTII/ptolemy/domains/de/test/auto/AssemblyLine.xml
auto.tcl: Setting watchdog for 200 seconds at Sun Nov 10 06:12:59 UTC 2019
8 ms. Memory: 48128K Free: 26012K (54%)
ptolemy.util.test.WatchDog.cancel(): canceling Sun Nov 10 06:13:00 UTC 2019
auto.tcl: Setting watchdog for 200 seconds at Sun Nov 10 06:13:00 UTC 2019
6 ms. Memory: 48128K Free: 25321K (53%)
ptolemy.util.test.WatchDog.cancel(): canceling Sun Nov 10 06:13:00 UTC 2019
------------------ testing $PTII/ptolemy/domains/de/test/auto/CQBug1.xml
auto.tcl: Setting watchdog for 200 seconds at Sun Nov 10 06:13:00 UTC 2019
3 ms. Memory: 48128K Free: 31487K (65%)
ptolemy.util.test.WatchDog.cancel(): canceling Sun Nov 10 06:13:00 UTC 2019
auto.tcl: Setting watchdog for 200 seconds at Sun Nov 10 06:13:00 UTC 2019
3 ms. Memory: 48128K Free: 31057K (65%)
ptolemy.util.test.WatchDog.cancel(): canceling Sun Nov 10 06:13:00 UTC 2019
------------------ testing $PTII/ptolemy/domains/de/test/auto/CancelFireAt.xml
auto.tcl: Setting watchdog for 200 seconds at Sun Nov 10 06:13:00 UTC 2019
3 ms. Memory: 45056K Free: 29691K (66%)
ptolemy.util.test.WatchDog.cancel(): canceling Sun Nov 10 06:13:00 UTC 2019
auto.tcl: Setting watchdog for 200 seconds at Sun Nov 10 06:13:00 UTC 2019
2 ms. Memory: 45056K Free: 29239K (65%)
ptolemy.util.test.WatchDog.cancel(): canceling Sun Nov 10 06:13:00 UTC 2019
------------------ testing $PTII/ptolemy/domains/de/test/auto/CausalityAndComposabilityAnalysis.xml
auto.tcl: Setting watchdog for 200 seconds at Sun Nov 10 06:13:00 UTC 2019
6 ms. Memory: 45056K Free: 27927K (62%)
ptolemy.util.test.WatchDog.cancel(): canceling Sun Nov 10 06:13:00 UTC 2019
auto.tcl: Setting watchdog for 200 seconds at Sun Nov 10 06:13:00 UTC 2019
8 ms. Memory: 45056K Free: 27100K (60%)
ptolemy.util.test.WatchDog.cancel(): canceling Sun Nov 10 06:13:00 UTC 2019
------------------ testing $PTII/ptolemy/domains/de/test/auto/CausalityInterface1.xml
auto.tcl: Setting watchdog for 200 seconds at Sun Nov 10 06:13:00 UTC 2019
17 ms. Memory: 45056K Free: 26368K (59%)
ptolemy.util.test.WatchDog.cancel(): canceling Sun Nov 10 06:13:00 UTC 2019
auto.tcl: Setting watchdog for 200 seconds at Sun Nov 10 06:13:00 UTC 2019
4 ms. Memory: 45056K Free: 25366K (56%)
ptolemy.util.test.WatchDog.cancel(): canceling Sun Nov 10 06:13:00 UTC 2019
------------------ testing $PTII/ptolemy/domains/de/test/auto/CausalityInterface15.xml
auto.tcl: Setting watchdog for 200 seconds at Sun Nov 10 06:13:00 UTC 2019
5 ms. Memory: 45056K Free: 26060K (58%)
ptolemy.util.test.WatchDog.cancel(): canceling Sun Nov 10 06:13:00 UTC 2019
auto.tcl: Setting watchdog for 200 seconds at Sun Nov 10 06:13:00 UTC 2019
3 ms. Memory: 45056K Free: 25350K (56%)
ptolemy.util.test.WatchDog.cancel(): canceling Sun Nov 10 06:13:00 UTC 2019
------------------ testing $PTII/ptolemy/domains/de/test/auto/CausalityInterface2.xml
auto.tcl: Setting watchdog for 200 seconds at Sun Nov 10 06:13:00 UTC 2019
6 ms. Memory: 45056K Free: 27262K (61%)
ptolemy.util.test.WatchDog.cancel(): canceling Sun Nov 10 06:13:00 UTC 2019
auto.tcl: Setting watchdog for 200 seconds at Sun Nov 10 06:13:00 UTC 2019
3 ms. Memory: 45056K Free: 26351K (58%)
ptolemy.util.test.WatchDog.cancel(): canceling Sun Nov 10 06:13:00 UTC 2019
------------------ testing $PTII/ptolemy/domains/de/test/auto/CausalityInterface3.xml
auto.tcl: Setting watchdog for 200 seconds at Sun Nov 10 06:13:00 UTC 2019
3 ms. Memory: 45056K Free: 26551K (59%)
ptolemy.util.test.WatchDog.cancel(): canceling Sun Nov 10 06:13:00 UTC 2019
auto.tcl: Setting watchdog for 200 seconds at Sun Nov 10 06:13:00 UTC 2019
3 ms. Memory: 45056K Free: 26122K (58%)
ptolemy.util.test.WatchDog.cancel(): canceling Sun Nov 10 06:13:00 UTC 2019
------------------ testing $PTII/ptolemy/domains/de/test/auto/ClockDrift.xml
auto.tcl: Setting watchdog for 200 seconds at Sun Nov 10 06:13:00 UTC 2019
57 ms. Memory: 45056K Free: 18704K (42%)
ptolemy.util.test.WatchDog.cancel(): canceling Sun Nov 10 06:13:00 UTC 2019
auto.tcl: Setting watchdog for 200 seconds at Sun Nov 10 06:13:00 UTC 2019
70 ms. Memory: 45056K Free: 15745K (35%)
ptolemy.util.test.WatchDog.cancel(): canceling Sun Nov 10 06:13:00 UTC 2019
------------------ testing $PTII/ptolemy/domains/de/test/auto/ClockDriftAndValueChange.xml
auto.tcl: Setting watchdog for 200 seconds at Sun Nov 10 06:13:00 UTC 2019
44 ms. Memory: 45056K Free: 19226K (43%)
ptolemy.util.test.WatchDog.cancel(): canceling Sun Nov 10 06:13:01 UTC 2019
auto.tcl: Setting watchdog for 200 seconds at Sun Nov 10 06:13:01 UTC 2019
33 ms. Memory: 45056K Free: 16381K (36%)
ptolemy.util.test.WatchDog.cancel(): canceling Sun Nov 10 06:13:01 UTC 2019
------------------ testing $PTII/ptolemy/domains/de/test/auto/ClockDriftChange.xml
auto.tcl: Setting watchdog for 200 seconds at Sun Nov 10 06:13:01 UTC 2019
31 ms. Memory: 45056K Free: 21271K (47%)
ptolemy.util.test.WatchDog.cancel(): canceling Sun Nov 10 06:13:01 UTC 2019
auto.tcl: Setting watchdog for 200 seconds at Sun Nov 10 06:13:01 UTC 2019
31 ms. Memory: 45056K Free: 18718K (42%)
ptolemy.util.test.WatchDog.cancel(): canceling Sun Nov 10 06:13:01 UTC 2019
------------------ testing $PTII/ptolemy/domains/de/test/auto/ComposableCausalityAnalysis.xml
auto.tcl: Setting watchdog for 200 seconds at Sun Nov 10 06:13:01 UTC 2019
2 ms. Memory: 45056K Free: 25720K (57%)
ptolemy.util.test.WatchDog.cancel(): canceling Sun Nov 10 06:13:01 UTC 2019
auto.tcl: Setting watchdog for 200 seconds at Sun Nov 10 06:13:01 UTC 2019
5 ms. Memory: 45056K Free: 24633K (55%)
ptolemy.util.test.WatchDog.cancel(): canceling Sun Nov 10 06:13:01 UTC 2019
------------------ testing $PTII/ptolemy/domains/de/test/auto/DEFixedPointLimitation.xml
auto.tcl: Setting watchdog for 200 seconds at Sun Nov 10 06:13:01 UTC 2019
2 ms. Memory: 45056K Free: 26998K (60%)
ptolemy.util.test.WatchDog.cancel(): canceling Sun Nov 10 06:13:01 UTC 2019
auto.tcl: Setting watchdog for 200 seconds at Sun Nov 10 06:13:01 UTC 2019
2 ms. Memory: 45056K Free: 26129K (58%)
ptolemy.util.test.WatchDog.cancel(): canceling Sun Nov 10 06:13:01 UTC 2019
------------------ testing $PTII/ptolemy/domains/de/test/auto/DEScheduleTest.xml
auto.tcl: Setting watchdog for 200 seconds at Sun Nov 10 06:13:01 UTC 2019
7 ms. Memory: 45056K Free: 27301K (61%)
ptolemy.util.test.WatchDog.cancel(): canceling Sun Nov 10 06:13:01 UTC 2019
auto.tcl: Setting watchdog for 200 seconds at Sun Nov 10 06:13:01 UTC 2019
3 ms. Memory: 45056K Free: 26544K (59%)
ptolemy.util.test.WatchDog.cancel(): canceling Sun Nov 10 06:13:01 UTC 2019
------------------ testing $PTII/ptolemy/domains/de/test/auto/DEinDEwithStartTimes.xml
auto.tcl: Setting watchdog for 200 seconds at Sun Nov 10 06:13:01 UTC 2019
4 ms. Memory: 45056K Free: 25454K (56%)
ptolemy.util.test.WatchDog.cancel(): canceling Sun Nov 10 06:13:01 UTC 2019
auto.tcl: Setting watchdog for 200 seconds at Sun Nov 10 06:13:01 UTC 2019
3 ms. Memory: 45056K Free: 24430K (54%)
ptolemy.util.test.WatchDog.cancel(): canceling Sun Nov 10 06:13:01 UTC 2019
------------------ testing $PTII/ptolemy/domains/de/test/auto/DEinDEwithStartTimes2.xml
auto.tcl: Setting watchdog for 200 seconds at Sun Nov 10 06:13:01 UTC 2019
4 ms. Memory: 45056K Free: 24717K (55%)
ptolemy.util.test.WatchDog.cancel(): canceling Sun Nov 10 06:13:01 UTC 2019
auto.tcl: Setting watchdog for 200 seconds at Sun Nov 10 06:13:01 UTC 2019
7 ms. Memory: 45056K Free: 23385K (52%)
ptolemy.util.test.WatchDog.cancel(): canceling Sun Nov 10 06:13:01 UTC 2019
------------------ testing $PTII/ptolemy/domains/de/test/auto/DateDemo.xml
auto.tcl: Setting watchdog for 200 seconds at Sun Nov 10 06:13:01 UTC 2019
20 ms. Memory: 45056K Free: 19047K (42%)
ptolemy.util.test.WatchDog.cancel(): canceling Sun Nov 10 06:13:01 UTC 2019
auto.tcl: Setting watchdog for 200 seconds at Sun Nov 10 06:13:01 UTC 2019
6 ms. Memory: 45056K Free: 17529K (39%)
ptolemy.util.test.WatchDog.cancel(): canceling Sun Nov 10 06:13:01 UTC 2019
------------------ testing $PTII/ptolemy/domains/de/test/auto/DateToEvent.xml
auto.tcl: Setting watchdog for 200 seconds at Sun Nov 10 06:13:01 UTC 2019
2019 ms. Memory: 45056K Free: 14947K (33%)
ptolemy.util.test.WatchDog.cancel(): canceling Sun Nov 10 06:13:03 UTC 2019
auto.tcl: Setting watchdog for 200 seconds at Sun Nov 10 06:13:03 UTC 2019
2004 ms. Memory: 45056K Free: 14237K (32%)
ptolemy.util.test.WatchDog.cancel(): canceling Sun Nov 10 06:13:05 UTC 2019
------------------ testing $PTII/ptolemy/domains/de/test/auto/DepthTest1.xml
auto.tcl: Setting watchdog for 200 seconds at Sun Nov 10 06:13:06 UTC 2019
3 ms. Memory: 45056K Free: 28235K (63%)
ptolemy.util.test.WatchDog.cancel(): canceling Sun Nov 10 06:13:06 UTC 2019
auto.tcl: Setting watchdog for 200 seconds at Sun Nov 10 06:13:06 UTC 2019
2 ms. Memory: 45056K Free: 27728K (62%)
ptolemy.util.test.WatchDog.cancel(): canceling Sun Nov 10 06:13:06 UTC 2019
------------------ testing $PTII/ptolemy/domains/de/test/auto/DepthTest2.xml
auto.tcl: Setting watchdog for 200 seconds at Sun Nov 10 06:13:06 UTC 2019
7 ms. Memory: 45056K Free: 24971K (55%)
ptolemy.util.test.WatchDog.cancel(): canceling Sun Nov 10 06:13:06 UTC 2019
auto.tcl: Setting watchdog for 200 seconds at Sun Nov 10 06:13:06 UTC 2019
3 ms. Memory: 45056K Free: 24581K (55%)
ptolemy.util.test.WatchDog.cancel(): canceling Sun Nov 10 06:13:06 UTC 2019
------------------ testing $PTII/ptolemy/domains/de/test/auto/DepthTest3.xml
auto.tcl: Setting watchdog for 200 seconds at Sun Nov 10 06:13:06 UTC 2019
2 ms. Memory: 45056K Free: 28424K (63%)
ptolemy.util.test.WatchDog.cancel(): canceling Sun Nov 10 06:13:06 UTC 2019
auto.tcl: Setting watchdog for 200 seconds at Sun Nov 10 06:13:06 UTC 2019
2 ms. Memory: 45056K Free: 28018K (62%)
ptolemy.util.test.WatchDog.cancel(): canceling Sun Nov 10 06:13:06 UTC 2019
------------------ testing $PTII/ptolemy/domains/de/test/auto/DepthTest4.xml
auto.tcl: Setting watchdog for 200 seconds at Sun Nov 10 06:13:06 UTC 2019
3 ms. Memory: 45056K Free: 26788K (59%)
ptolemy.util.test.WatchDog.cancel(): canceling Sun Nov 10 06:13:06 UTC 2019
auto.tcl: Setting watchdog for 200 seconds at Sun Nov 10 06:13:06 UTC 2019
2 ms. Memory: 45056K Free: 26078K (58%)
ptolemy.util.test.WatchDog.cancel(): canceling Sun Nov 10 06:13:06 UTC 2019
------------------ testing $PTII/ptolemy/domains/de/test/auto/DepthTest5.xml
auto.tcl: Setting watchdog for 200 seconds at Sun Nov 10 06:13:06 UTC 2019
6 ms. Memory: 45056K Free: 26192K (58%)
ptolemy.util.test.WatchDog.cancel(): canceling Sun Nov 10 06:13:06 UTC 2019
auto.tcl: Setting watchdog for 200 seconds at Sun Nov 10 06:13:06 UTC 2019
3 ms. Memory: 45056K Free: 25463K (57%)
ptolemy.util.test.WatchDog.cancel(): canceling Sun Nov 10 06:13:06 UTC 2019
------------------ testing $PTII/ptolemy/domains/de/test/auto/DepthTest6.xml
auto.tcl: Setting watchdog for 200 seconds at Sun Nov 10 06:13:06 UTC 2019
6 ms. Memory: 45056K Free: 25869K (57%)
ptolemy.util.test.WatchDog.cancel(): canceling Sun Nov 10 06:13:06 UTC 2019
auto.tcl: Setting watchdog for 200 seconds at Sun Nov 10 06:13:06 UTC 2019
3 ms. Memory: 45056K Free: 25363K (56%)
ptolemy.util.test.WatchDog.cancel(): canceling Sun Nov 10 06:13:06 UTC 2019
------------------ testing $PTII/ptolemy/domains/de/test/auto/DepthTest7.xml
auto.tcl: Setting watchdog for 200 seconds at Sun Nov 10 06:13:06 UTC 2019
3 ms. Memory: 45056K Free: 26712K (59%)
ptolemy.util.test.WatchDog.cancel(): canceling Sun Nov 10 06:13:06 UTC 2019
auto.tcl: Setting watchdog for 200 seconds at Sun Nov 10 06:13:06 UTC 2019
2 ms. Memory: 45056K Free: 25987K (58%)
ptolemy.util.test.WatchDog.cancel(): canceling Sun Nov 10 06:13:06 UTC 2019
------------------ testing $PTII/ptolemy/domains/de/test/auto/EventToDate.xml
auto.tcl: Setting watchdog for 200 seconds at Sun Nov 10 06:13:06 UTC 2019
3009 ms. Memory: 45056K Free: 17285K (38%)
ptolemy.util.test.WatchDog.cancel(): canceling Sun Nov 10 06:13:09 UTC 2019
auto.tcl: Setting watchdog for 200 seconds at Sun Nov 10 06:13:09 UTC 2019
3004 ms. Memory: 45056K Free: 16409K (36%)
ptolemy.util.test.WatchDog.cancel(): canceling Sun Nov 10 06:13:12 UTC 2019
------------------ testing $PTII/ptolemy/domains/de/test/auto/FSM1.xml
auto.tcl: Setting watchdog for 200 seconds at Sun Nov 10 06:13:12 UTC 2019
18 ms. Memory: 45056K Free: 18711K (42%)
ptolemy.util.test.WatchDog.cancel(): canceling Sun Nov 10 06:13:12 UTC 2019
auto.tcl: Setting watchdog for 200 seconds at Sun Nov 10 06:13:12 UTC 2019
22 ms. Memory: 45056K Free: 15461K (34%)
ptolemy.util.test.WatchDog.cancel(): canceling Sun Nov 10 06:13:12 UTC 2019
------------------ testing $PTII/ptolemy/domains/de/test/auto/FSM7.xml
auto.tcl: Setting watchdog for 200 seconds at Sun Nov 10 06:13:12 UTC 2019
23 ms. Memory: 45056K Free: 18404K (41%)
ptolemy.util.test.WatchDog.cancel(): canceling Sun Nov 10 06:13:12 UTC 2019
auto.tcl: Setting watchdog for 200 seconds at Sun Nov 10 06:13:12 UTC 2019
24 ms. Memory: 45056K Free: 15292K (34%)
ptolemy.util.test.WatchDog.cancel(): canceling Sun Nov 10 06:13:12 UTC 2019
------------------ testing $PTII/ptolemy/domains/de/test/auto/Inspection.xml
auto.tcl: Setting watchdog for 200 seconds at Sun Nov 10 06:13:12 UTC 2019
37 ms. Memory: 45056K Free: 18439K (41%)
ptolemy.util.test.WatchDog.cancel(): canceling Sun Nov 10 06:13:13 UTC 2019
auto.tcl: Setting watchdog for 200 seconds at Sun Nov 10 06:13:13 UTC 2019
33 ms. Memory: 45056K Free: 16702K (37%)
ptolemy.util.test.WatchDog.cancel(): canceling Sun Nov 10 06:13:13 UTC 2019
------------------ testing $PTII/ptolemy/domains/de/test/auto/Iteration.xml
auto.tcl: Setting watchdog for 200 seconds at Sun Nov 10 06:13:13 UTC 2019
12 ms. Memory: 45056K Free: 24170K (54%)
ptolemy.util.test.WatchDog.cancel(): canceling Sun Nov 10 06:13:13 UTC 2019
auto.tcl: Setting watchdog for 200 seconds at Sun Nov 10 06:13:13 UTC 2019
8 ms. Memory: 45056K Free: 22757K (51%)
ptolemy.util.test.WatchDog.cancel(): canceling Sun Nov 10 06:13:13 UTC 2019
------------------ testing $PTII/ptolemy/domains/de/test/auto/LineFault.xml
auto.tcl: Setting watchdog for 200 seconds at Sun Nov 10 06:13:13 UTC 2019
758 ms. Memory: 54272K Free: 21319K (39%)
ptolemy.util.test.WatchDog.cancel(): canceling Sun Nov 10 06:13:14 UTC 2019
auto.tcl: Setting watchdog for 200 seconds at Sun Nov 10 06:13:14 UTC 2019
591 ms. Memory: 54272K Free: 35859K (66%)
ptolemy.util.test.WatchDog.cancel(): canceling Sun Nov 10 06:13:14 UTC 2019
------------------ testing $PTII/ptolemy/domains/de/test/auto/MergeModel1Add.xml
auto.tcl: Setting watchdog for 200 seconds at Sun Nov 10 06:13:14 UTC 2019
35 ms. Memory: 51200K Free: 16291K (32%)
ptolemy.util.test.WatchDog.cancel(): canceling Sun Nov 10 06:13:15 UTC 2019
auto.tcl: Setting watchdog for 200 seconds at Sun Nov 10 06:13:15 UTC 2019
10 ms. Memory: 51200K Free: 14660K (29%)
ptolemy.util.test.WatchDog.cancel(): canceling Sun Nov 10 06:13:15 UTC 2019
------------------ testing $PTII/ptolemy/domains/de/test/auto/MergeModel2Add.xml
auto.tcl: Setting watchdog for 200 seconds at Sun Nov 10 06:13:15 UTC 2019
7 ms. Memory: 51200K Free: 18118K (35%)
ptolemy.util.test.WatchDog.cancel(): canceling Sun Nov 10 06:13:15 UTC 2019
auto.tcl: Setting watchdog for 200 seconds at Sun Nov 10 06:13:15 UTC 2019
8 ms. Memory: 51200K Free: 16373K (32%)
ptolemy.util.test.WatchDog.cancel(): canceling Sun Nov 10 06:13:15 UTC 2019
------------------ testing $PTII/ptolemy/domains/de/test/auto/MergeModel3Add.xml
auto.tcl: Setting watchdog for 200 seconds at Sun Nov 10 06:13:15 UTC 2019
10 ms. Memory: 51200K Free: 18302K (36%)
ptolemy.util.test.WatchDog.cancel(): canceling Sun Nov 10 06:13:15 UTC 2019
auto.tcl: Setting watchdog for 200 seconds at Sun Nov 10 06:13:15 UTC 2019
9 ms. Memory: 51200K Free: 16818K (33%)
ptolemy.util.test.WatchDog.cancel(): canceling Sun Nov 10 06:13:15 UTC 2019
------------------ testing $PTII/ptolemy/domains/de/test/auto/MergeWithoutDiscard.xml
auto.tcl: Setting watchdog for 200 seconds at Sun Nov 10 06:13:15 UTC 2019
1 ms. Memory: 48128K Free: 29633K (62%)
ptolemy.util.test.WatchDog.cancel(): canceling Sun Nov 10 06:13:15 UTC 2019
auto.tcl: Setting watchdog for 200 seconds at Sun Nov 10 06:13:15 UTC 2019
1 ms. Memory: 48128K Free: 29187K (61%)
ptolemy.util.test.WatchDog.cancel(): canceling Sun Nov 10 06:13:15 UTC 2019
------------------ testing $PTII/ptolemy/domains/de/test/auto/Modal1.xml
auto.tcl: Setting watchdog for 200 seconds at Sun Nov 10 06:13:15 UTC 2019
15 ms. Memory: 48128K Free: 22008K (46%)
ptolemy.util.test.WatchDog.cancel(): canceling Sun Nov 10 06:13:15 UTC 2019
auto.tcl: Setting watchdog for 200 seconds at Sun Nov 10 06:13:15 UTC 2019
22 ms. Memory: 48128K Free: 18728K (39%)
ptolemy.util.test.WatchDog.cancel(): canceling Sun Nov 10 06:13:15 UTC 2019
------------------ testing $PTII/ptolemy/domains/de/test/auto/Modal2.xml
auto.tcl: Setting watchdog for 200 seconds at Sun Nov 10 06:13:15 UTC 2019
12 ms. Memory: 48128K Free: 21886K (45%)
ptolemy.util.test.WatchDog.cancel(): canceling Sun Nov 10 06:13:15 UTC 2019
auto.tcl: Setting watchdog for 200 seconds at Sun Nov 10 06:13:15 UTC 2019
21 ms. Memory: 48128K Free: 18653K (39%)
ptolemy.util.test.WatchDog.cancel(): canceling Sun Nov 10 06:13:15 UTC 2019
------------------ testing $PTII/ptolemy/domains/de/test/auto/Modal3.xml
auto.tcl: Setting watchdog for 200 seconds at Sun Nov 10 06:13:15 UTC 2019
16 ms. Memory: 48128K Free: 21855K (45%)
ptolemy.util.test.WatchDog.cancel(): canceling Sun Nov 10 06:13:15 UTC 2019
auto.tcl: Setting watchdog for 200 seconds at Sun Nov 10 06:13:15 UTC 2019
14 ms. Memory: 48128K Free: 18264K (38%)
ptolemy.util.test.WatchDog.cancel(): canceling Sun Nov 10 06:13:15 UTC 2019
------------------ testing $PTII/ptolemy/domains/de/test/auto/Modal4.xml
auto.tcl: Setting watchdog for 200 seconds at Sun Nov 10 06:13:15 UTC 2019
18 ms. Memory: 48128K Free: 20827K (43%)
ptolemy.util.test.WatchDog.cancel(): canceling Sun Nov 10 06:13:15 UTC 2019
auto.tcl: Setting watchdog for 200 seconds at Sun Nov 10 06:13:15 UTC 2019
18 ms. Memory: 48128K Free: 16999K (35%)
ptolemy.util.test.WatchDog.cancel(): canceling Sun Nov 10 06:13:15 UTC 2019
------------------ testing $PTII/ptolemy/domains/de/test/auto/Modal5.xml
auto.tcl: Setting watchdog for 200 seconds at Sun Nov 10 06:13:15 UTC 2019
14 ms. Memory: 48128K Free: 20844K (43%)
ptolemy.util.test.WatchDog.cancel(): canceling Sun Nov 10 06:13:15 UTC 2019
auto.tcl: Setting watchdog for 200 seconds at Sun Nov 10 06:13:15 UTC 2019
14 ms. Memory: 48128K Free: 16985K (35%)
ptolemy.util.test.WatchDog.cancel(): canceling Sun Nov 10 06:13:15 UTC 2019
------------------ testing $PTII/ptolemy/domains/de/test/auto/Modal6.xml
auto.tcl: Setting watchdog for 200 seconds at Sun Nov 10 06:13:16 UTC 2019
17 ms. Memory: 48128K Free: 21630K (45%)
ptolemy.util.test.WatchDog.cancel(): canceling Sun Nov 10 06:13:16 UTC 2019
auto.tcl: Setting watchdog for 200 seconds at Sun Nov 10 06:13:16 UTC 2019
15 ms. Memory: 48128K Free: 17629K (37%)
ptolemy.util.test.WatchDog.cancel(): canceling Sun Nov 10 06:13:16 UTC 2019
------------------ testing $PTII/ptolemy/domains/de/test/auto/Modal7.xml
auto.tcl: Setting watchdog for 200 seconds at Sun Nov 10 06:13:16 UTC 2019
16 ms. Memory: 48128K Free: 20797K (43%)
ptolemy.util.test.WatchDog.cancel(): canceling Sun Nov 10 06:13:16 UTC 2019
auto.tcl: Setting watchdog for 200 seconds at Sun Nov 10 06:13:16 UTC 2019
11 ms. Memory: 48128K Free: 17265K (36%)
ptolemy.util.test.WatchDog.cancel(): canceling Sun Nov 10 06:13:16 UTC 2019
------------------ testing $PTII/ptolemy/domains/de/test/auto/ModalModel.xml
auto.tcl: Setting watchdog for 200 seconds at Sun Nov 10 06:13:16 UTC 2019
233 ms. Memory: 62464K Free: 24305K (39%)
ptolemy.util.test.WatchDog.cancel(): canceling Sun Nov 10 06:13:16 UTC 2019
auto.tcl: Setting watchdog for 200 seconds at Sun Nov 10 06:13:16 UTC 2019
200 ms. Memory: 62464K Free: 22827K (37%)
ptolemy.util.test.WatchDog.cancel(): canceling Sun Nov 10 06:13:16 UTC 2019
------------------ testing $PTII/ptolemy/domains/de/test/auto/ModalSource.xml
auto.tcl: Setting watchdog for 200 seconds at Sun Nov 10 06:13:16 UTC 2019
5 ms. Memory: 51200K Free: 28731K (56%)
ptolemy.util.test.WatchDog.cancel(): canceling Sun Nov 10 06:13:16 UTC 2019
auto.tcl: Setting watchdog for 200 seconds at Sun Nov 10 06:13:16 UTC 2019
5 ms. Memory: 51200K Free: 26683K (52%)
ptolemy.util.test.WatchDog.cancel(): canceling Sun Nov 10 06:13:16 UTC 2019
------------------ testing $PTII/ptolemy/domains/de/test/auto/NonInterruptibleTimerZeroDelay.xml
auto.tcl: Setting watchdog for 200 seconds at Sun Nov 10 06:13:16 UTC 2019
4 ms. Memory: 48128K Free: 30823K (64%)
ptolemy.util.test.WatchDog.cancel(): canceling Sun Nov 10 06:13:16 UTC 2019
auto.tcl: Setting watchdog for 200 seconds at Sun Nov 10 06:13:16 UTC 2019
2 ms. Memory: 48128K Free: 29981K (62%)
ptolemy.util.test.WatchDog.cancel(): canceling Sun Nov 10 06:13:16 UTC 2019
------------------ testing $PTII/ptolemy/domains/de/test/auto/OpenQueueingNetwork.xml
auto.tcl: Setting watchdog for 200 seconds at Sun Nov 10 06:13:16 UTC 2019
3028 ms. Memory: 107520K Free: 70152K (65%)
ptolemy.util.test.WatchDog.cancel(): canceling Sun Nov 10 06:13:20 UTC 2019
auto.tcl: Setting watchdog for 200 seconds at Sun Nov 10 06:13:20 UTC 2019
2649 ms. Memory: 107520K Free: 31156K (29%)
ptolemy.util.test.WatchDog.cancel(): canceling Sun Nov 10 06:13:22 UTC 2019
------------------ testing $PTII/ptolemy/domains/de/test/auto/OpenQueuingNetwork.xml
auto.tcl: Setting watchdog for 200 seconds at Sun Nov 10 06:13:22 UTC 2019
247 ms. Memory: 51200K Free: 18238K (36%)
ptolemy.util.test.WatchDog.cancel(): canceling Sun Nov 10 06:13:23 UTC 2019
auto.tcl: Setting watchdog for 200 seconds at Sun Nov 10 06:13:23 UTC 2019
253 ms. Memory: 61440K Free: 37824K (62%)
ptolemy.util.test.WatchDog.cancel(): canceling Sun Nov 10 06:13:23 UTC 2019
------------------ testing $PTII/ptolemy/domains/de/test/auto/PeriodicSampler.xml
auto.tcl: Setting watchdog for 200 seconds at Sun Nov 10 06:13:23 UTC 2019
3 ms. Memory: 51200K Free: 32865K (64%)
ptolemy.util.test.WatchDog.cancel(): canceling Sun Nov 10 06:13:23 UTC 2019
auto.tcl: Setting watchdog for 200 seconds at Sun Nov 10 06:13:23 UTC 2019
2 ms. Memory: 51200K Free: 31897K (62%)
ptolemy.util.test.WatchDog.cancel(): canceling Sun Nov 10 06:13:23 UTC 2019
------------------ testing $PTII/ptolemy/domains/de/test/auto/PersistentIO.xml
auto.tcl: Setting watchdog for 200 seconds at Sun Nov 10 06:13:23 UTC 2019
16 ms. Memory: 51200K Free: 27773K (54%)
ptolemy.util.test.WatchDog.cancel(): canceling Sun Nov 10 06:13:23 UTC 2019
auto.tcl: Setting watchdog for 200 seconds at Sun Nov 10 06:13:23 UTC 2019
4 ms. Memory: 51200K Free: 26331K (51%)
ptolemy.util.test.WatchDog.cancel(): canceling Sun Nov 10 06:13:23 UTC 2019
------------------ testing $PTII/ptolemy/domains/de/test/auto/PortParameterResetOnInitialize.xml
auto.tcl: Setting watchdog for 200 seconds at Sun Nov 10 06:13:23 UTC 2019
2 ms. Memory: 51200K Free: 32942K (64%)
ptolemy.util.test.WatchDog.cancel(): canceling Sun Nov 10 06:13:23 UTC 2019
auto.tcl: Setting watchdog for 200 seconds at Sun Nov 10 06:13:23 UTC 2019
2 ms. Memory: 51200K Free: 32466K (63%)
ptolemy.util.test.WatchDog.cancel(): canceling Sun Nov 10 06:13:23 UTC 2019
------------------ testing $PTII/ptolemy/domains/de/test/auto/PortParameterUpdates.xml
auto.tcl: Setting watchdog for 200 seconds at Sun Nov 10 06:13:23 UTC 2019
6 ms. Memory: 51200K Free: 31067K (61%)
ptolemy.util.test.WatchDog.cancel(): canceling Sun Nov 10 06:13:23 UTC 2019
auto.tcl: Setting watchdog for 200 seconds at Sun Nov 10 06:13:23 UTC 2019
3 ms. Memory: 51200K Free: 29862K (58%)
ptolemy.util.test.WatchDog.cancel(): canceling Sun Nov 10 06:13:23 UTC 2019
------------------ testing $PTII/ptolemy/domains/de/test/auto/QueueAndServer.xml
auto.tcl: Setting watchdog for 200 seconds at Sun Nov 10 06:13:23 UTC 2019
6 ms. Memory: 51200K Free: 29749K (58%)
ptolemy.util.test.WatchDog.cancel(): canceling Sun Nov 10 06:13:23 UTC 2019
auto.tcl: Setting watchdog for 200 seconds at Sun Nov 10 06:13:23 UTC 2019
5 ms. Memory: 51200K Free: 28316K (55%)
ptolemy.util.test.WatchDog.cancel(): canceling Sun Nov 10 06:13:23 UTC 2019
------------------ testing $PTII/ptolemy/domains/de/test/auto/Records.xml
auto.tcl: Setting watchdog for 200 seconds at Sun Nov 10 06:13:23 UTC 2019
5 ms. Memory: 51200K Free: 32027K (63%)
ptolemy.util.test.WatchDog.cancel(): canceling Sun Nov 10 06:13:23 UTC 2019
auto.tcl: Setting watchdog for 200 seconds at Sun Nov 10 06:13:23 UTC 2019
2 ms. Memory: 51200K Free: 31535K (62%)
ptolemy.util.test.WatchDog.cancel(): canceling Sun Nov 10 06:13:23 UTC 2019
------------------ testing $PTII/ptolemy/domains/de/test/auto/ResetTransitionWithStartTime1.xml
auto.tcl: Setting watchdog for 200 seconds at Sun Nov 10 06:13:23 UTC 2019
11 ms. Memory: 48128K Free: 26202K (54%)
ptolemy.util.test.WatchDog.cancel(): canceling Sun Nov 10 06:13:23 UTC 2019
auto.tcl: Setting watchdog for 200 seconds at Sun Nov 10 06:13:23 UTC 2019
5 ms. Memory: 48128K Free: 24154K (50%)
ptolemy.util.test.WatchDog.cancel(): canceling Sun Nov 10 06:13:23 UTC 2019
------------------ testing $PTII/ptolemy/domains/de/test/auto/ResetTransitionWithStartTime2.xml
auto.tcl: Setting watchdog for 200 seconds at Sun Nov 10 06:13:23 UTC 2019
5 ms. Memory: 48128K Free: 26158K (54%)
ptolemy.util.test.WatchDog.cancel(): canceling Sun Nov 10 06:13:23 UTC 2019
auto.tcl: Setting watchdog for 200 seconds at Sun Nov 10 06:13:23 UTC 2019
5 ms. Memory: 48128K Free: 23634K (49%)
ptolemy.util.test.WatchDog.cancel(): canceling Sun Nov 10 06:13:23 UTC 2019
------------------ testing $PTII/ptolemy/domains/de/test/auto/ResetTransitionWithStartTime3.xml
auto.tcl: Setting watchdog for 200 seconds at Sun Nov 10 06:13:24 UTC 2019
10 ms. Memory: 48128K Free: 26157K (54%)
ptolemy.util.test.WatchDog.cancel(): canceling Sun Nov 10 06:13:24 UTC 2019
auto.tcl: Setting watchdog for 200 seconds at Sun Nov 10 06:13:24 UTC 2019
8 ms. Memory: 48128K Free: 23650K (49%)
ptolemy.util.test.WatchDog.cancel(): canceling Sun Nov 10 06:13:24 UTC 2019
------------------ testing $PTII/ptolemy/domains/de/test/auto/ResetTransitionWithStartTime4.xml
auto.tcl: Setting watchdog for 200 seconds at Sun Nov 10 06:13:24 UTC 2019
10 ms. Memory: 48128K Free: 26624K (55%)
ptolemy.util.test.WatchDog.cancel(): canceling Sun Nov 10 06:13:24 UTC 2019
auto.tcl: Setting watchdog for 200 seconds at Sun Nov 10 06:13:24 UTC 2019
4 ms. Memory: 48128K Free: 25213K (52%)
ptolemy.util.test.WatchDog.cancel(): canceling Sun Nov 10 06:13:24 UTC 2019
------------------ testing $PTII/ptolemy/domains/de/test/auto/ResettableTimer1.xml
auto.tcl: Setting watchdog for 200 seconds at Sun Nov 10 06:13:24 UTC 2019
5 ms. Memory: 48128K Free: 30613K (64%)
ptolemy.util.test.WatchDog.cancel(): canceling Sun Nov 10 06:13:24 UTC 2019
auto.tcl: Setting watchdog for 200 seconds at Sun Nov 10 06:13:24 UTC 2019
1 ms. Memory: 48128K Free: 29732K (62%)
ptolemy.util.test.WatchDog.cancel(): canceling Sun Nov 10 06:13:24 UTC 2019
------------------ testing $PTII/ptolemy/domains/de/test/auto/ResettableTimer2.xml
auto.tcl: Setting watchdog for 200 seconds at Sun Nov 10 06:13:24 UTC 2019
3 ms. Memory: 48128K Free: 30412K (63%)
ptolemy.util.test.WatchDog.cancel(): canceling Sun Nov 10 06:13:24 UTC 2019
auto.tcl: Setting watchdog for 200 seconds at Sun Nov 10 06:13:24 UTC 2019
2 ms. Memory: 48128K Free: 29370K (61%)
ptolemy.util.test.WatchDog.cancel(): canceling Sun Nov 10 06:13:24 UTC 2019
------------------ testing $PTII/ptolemy/domains/de/test/auto/ResettableTimer3.xml
auto.tcl: Setting watchdog for 200 seconds at Sun Nov 10 06:13:24 UTC 2019
1 ms. Memory: 48128K Free: 30327K (63%)
ptolemy.util.test.WatchDog.cancel(): canceling Sun Nov 10 06:13:24 UTC 2019
auto.tcl: Setting watchdog for 200 seconds at Sun Nov 10 06:13:24 UTC 2019
1 ms. Memory: 48128K Free: 30289K (63%)
ptolemy.util.test.WatchDog.cancel(): canceling Sun Nov 10 06:13:24 UTC 2019
------------------ testing $PTII/ptolemy/domains/de/test/auto/ResettableTimer4.xml
auto.tcl: Setting watchdog for 200 seconds at Sun Nov 10 06:13:24 UTC 2019
1 ms. Memory: 48128K Free: 30356K (63%)
ptolemy.util.test.WatchDog.cancel(): canceling Sun Nov 10 06:13:24 UTC 2019
auto.tcl: Setting watchdog for 200 seconds at Sun Nov 10 06:13:24 UTC 2019
1 ms. Memory: 48128K Free: 29858K (62%)
ptolemy.util.test.WatchDog.cancel(): canceling Sun Nov 10 06:13:24 UTC 2019
------------------ testing $PTII/ptolemy/domains/de/test/auto/ResettableTimer5.xml
auto.tcl: Setting watchdog for 200 seconds at Sun Nov 10 06:13:24 UTC 2019
1 ms. Memory: 48128K Free: 29757K (62%)
ptolemy.util.test.WatchDog.cancel(): canceling Sun Nov 10 06:13:24 UTC 2019
auto.tcl: Setting watchdog for 200 seconds at Sun Nov 10 06:13:24 UTC 2019
2 ms. Memory: 48128K Free: 29277K (61%)
ptolemy.util.test.WatchDog.cancel(): canceling Sun Nov 10 06:13:24 UTC 2019
------------------ testing $PTII/ptolemy/domains/de/test/auto/ResettableTimer6.xml
auto.tcl: Setting watchdog for 200 seconds at Sun Nov 10 06:13:24 UTC 2019
2 ms. Memory: 48128K Free: 29763K (62%)
ptolemy.util.test.WatchDog.cancel(): canceling Sun Nov 10 06:13:24 UTC 2019
auto.tcl: Setting watchdog for 200 seconds at Sun Nov 10 06:13:24 UTC 2019
1 ms. Memory: 48128K Free: 29267K (61%)
ptolemy.util.test.WatchDog.cancel(): canceling Sun Nov 10 06:13:24 UTC 2019
------------------ testing $PTII/ptolemy/domains/de/test/auto/ServerZeroDelay.xml
auto.tcl: Setting watchdog for 200 seconds at Sun Nov 10 06:13:24 UTC 2019
2 ms. Memory: 48128K Free: 30282K (63%)
ptolemy.util.test.WatchDog.cancel(): canceling Sun Nov 10 06:13:24 UTC 2019
auto.tcl: Setting watchdog for 200 seconds at Sun Nov 10 06:13:24 UTC 2019
2 ms. Memory: 48128K Free: 29374K (61%)
ptolemy.util.test.WatchDog.cancel(): canceling Sun Nov 10 06:13:24 UTC 2019
------------------ testing $PTII/ptolemy/domains/de/test/auto/SmartSender.xml
auto.tcl: Setting watchdog for 200 seconds at Sun Nov 10 06:13:24 UTC 2019
3002 ms. Memory: 48128K Free: 30315K (63%)
ptolemy.util.test.WatchDog.cancel(): canceling Sun Nov 10 06:13:27 UTC 2019
auto.tcl: Setting watchdog for 200 seconds at Sun Nov 10 06:13:27 UTC 2019
3001 ms. Memory: 48128K Free: 29819K (62%)
ptolemy.util.test.WatchDog.cancel(): canceling Sun Nov 10 06:13:30 UTC 2019
------------------ testing $PTII/ptolemy/domains/de/test/auto/ThreadedComposite.xml
auto.tcl: Setting watchdog for 200 seconds at Sun Nov 10 06:13:30 UTC 2019
265 ms. Memory: 48128K Free: 7762K (16%)
ptolemy.util.test.WatchDog.cancel(): canceling Sun Nov 10 06:13:30 UTC 2019
auto.tcl: Setting watchdog for 200 seconds at Sun Nov 10 06:13:30 UTC 2019
126 ms. Memory: 48128K Free: 20826K (43%)
ptolemy.util.test.WatchDog.cancel(): canceling Sun Nov 10 06:13:31 UTC 2019
------------------ testing $PTII/ptolemy/domains/de/test/auto/Time.xml
auto.tcl: Setting watchdog for 200 seconds at Sun Nov 10 06:13:31 UTC 2019
609 ms. Memory: 48128K Free: 28421K (59%)
ptolemy.util.test.WatchDog.cancel(): canceling Sun Nov 10 06:13:31 UTC 2019
auto.tcl: Setting watchdog for 200 seconds at Sun Nov 10 06:13:31 UTC 2019
565 ms. Memory: 48128K Free: 26784K (56%)
ptolemy.util.test.WatchDog.cancel(): canceling Sun Nov 10 06:13:32 UTC 2019
------------------ testing $PTII/ptolemy/domains/de/test/auto/TimeDelayZeroDelay.xml
auto.tcl: Setting watchdog for 200 seconds at Sun Nov 10 06:13:32 UTC 2019
3 ms. Memory: 48128K Free: 30702K (64%)
ptolemy.util.test.WatchDog.cancel(): canceling Sun Nov 10 06:13:32 UTC 2019
auto.tcl: Setting watchdog for 200 seconds at Sun Nov 10 06:13:32 UTC 2019
2 ms. Memory: 48128K Free: 29797K (62%)
ptolemy.util.test.WatchDog.cancel(): canceling Sun Nov 10 06:13:32 UTC 2019
------------------ testing $PTII/ptolemy/domains/de/test/auto/TimerZeroDelay.xml
auto.tcl: Setting watchdog for 200 seconds at Sun Nov 10 06:13:32 UTC 2019
4 ms. Memory: 48128K Free: 30729K (64%)
ptolemy.util.test.WatchDog.cancel(): canceling Sun Nov 10 06:13:32 UTC 2019
auto.tcl: Setting watchdog for 200 seconds at Sun Nov 10 06:13:32 UTC 2019
2 ms. Memory: 48128K Free: 29870K (62%)
ptolemy.util.test.WatchDog.cancel(): canceling Sun Nov 10 06:13:32 UTC 2019
------------------ testing $PTII/ptolemy/domains/de/test/auto/TimingParadox.xml
auto.tcl: Setting watchdog for 200 seconds at Sun Nov 10 06:13:32 UTC 2019
398 ms. Memory: 48128K Free: 12854K (27%)
ptolemy.util.test.WatchDog.cancel(): canceling Sun Nov 10 06:13:33 UTC 2019
auto.tcl: Setting watchdog for 200 seconds at Sun Nov 10 06:13:33 UTC 2019
385 ms. Memory: 58368K Free: 34435K (59%)
ptolemy.util.test.WatchDog.cancel(): canceling Sun Nov 10 06:13:33 UTC 2019
------------------ testing $PTII/ptolemy/domains/de/test/auto/TransferInputs.xml
auto.tcl: Setting watchdog for 200 seconds at Sun Nov 10 06:13:33 UTC 2019
2 ms. Memory: 55296K Free: 35885K (65%)
ptolemy.util.test.WatchDog.cancel(): canceling Sun Nov 10 06:13:33 UTC 2019
auto.tcl: Setting watchdog for 200 seconds at Sun Nov 10 06:13:33 UTC 2019
2 ms. Memory: 55296K Free: 34972K (63%)
ptolemy.util.test.WatchDog.cancel(): canceling Sun Nov 10 06:13:33 UTC 2019
------------------ testing $PTII/ptolemy/domains/de/test/auto/TransferOutputs2.xml
auto.tcl: Setting watchdog for 200 seconds at Sun Nov 10 06:13:33 UTC 2019
3 ms. Memory: 51200K Free: 29231K (57%)
ptolemy.util.test.WatchDog.cancel(): canceling Sun Nov 10 06:13:33 UTC 2019
auto.tcl: Setting watchdog for 200 seconds at Sun Nov 10 06:13:33 UTC 2019
3 ms. Memory: 51200K Free: 27833K (54%)
ptolemy.util.test.WatchDog.cancel(): canceling Sun Nov 10 06:13:33 UTC 2019
------------------ testing $PTII/ptolemy/domains/de/test/auto/Trilateration.xml
auto.tcl: Setting watchdog for 200 seconds at Sun Nov 10 06:13:33 UTC 2019
12809 ms. Memory: 389120K Free: 273552K (70%)
ptolemy.util.test.WatchDog.cancel(): canceling Sun Nov 10 06:13:47 UTC 2019
auto.tcl: Setting watchdog for 200 seconds at Sun Nov 10 06:13:47 UTC 2019
10711 ms. Memory: 389120K Free: 188986K (49%)
ptolemy.util.test.WatchDog.cancel(): canceling Sun Nov 10 06:13:58 UTC 2019
------------------ testing $PTII/ptolemy/domains/de/test/auto/TwoSigmaDelta.xml
auto.tcl: Setting watchdog for 200 seconds at Sun Nov 10 06:13:58 UTC 2019
2677 ms. Memory: 86016K Free: 57083K (66%)
ptolemy.util.test.WatchDog.cancel(): canceling Sun Nov 10 06:14:01 UTC 2019
auto.tcl: Setting watchdog for 200 seconds at Sun Nov 10 06:14:01 UTC 2019
2152 ms. Memory: 86016K Free: 50926K (59%)
ptolemy.util.test.WatchDog.cancel(): canceling Sun Nov 10 06:14:03 UTC 2019
------------------ testing $PTII/ptolemy/domains/de/test/auto/VariableDelay.xml
auto.tcl: Setting watchdog for 200 seconds at Sun Nov 10 06:14:03 UTC 2019
2 ms. Memory: 51200K Free: 32264K (63%)
ptolemy.util.test.WatchDog.cancel(): canceling Sun Nov 10 06:14:03 UTC 2019
auto.tcl: Setting watchdog for 200 seconds at Sun Nov 10 06:14:03 UTC 2019
2 ms. Memory: 51200K Free: 31270K (61%)
ptolemy.util.test.WatchDog.cancel(): canceling Sun Nov 10 06:14:03 UTC 2019
------------------ testing $PTII/ptolemy/domains/de/test/auto/VariableDelay2.xml
auto.tcl: Setting watchdog for 200 seconds at Sun Nov 10 06:14:03 UTC 2019
7 ms. Memory: 51200K Free: 32678K (64%)
ptolemy.util.test.WatchDog.cancel(): canceling Sun Nov 10 06:14:03 UTC 2019
auto.tcl: Setting watchdog for 200 seconds at Sun Nov 10 06:14:03 UTC 2019
1 ms. Memory: 51200K Free: 32182K (63%)
ptolemy.util.test.WatchDog.cancel(): canceling Sun Nov 10 06:14:03 UTC 2019
------------------ testing $PTII/ptolemy/domains/de/test/auto/VariableDelayZeroDelay.xml
auto.tcl: Setting watchdog for 200 seconds at Sun Nov 10 06:14:03 UTC 2019
4 ms. Memory: 51200K Free: 33206K (65%)
ptolemy.util.test.WatchDog.cancel(): canceling Sun Nov 10 06:14:03 UTC 2019
auto.tcl: Setting watchdog for 200 seconds at Sun Nov 10 06:14:03 UTC 2019
2 ms. Memory: 51200K Free: 32662K (64%)
ptolemy.util.test.WatchDog.cancel(): canceling Sun Nov 10 06:14:03 UTC 2019
------------------ testing $PTII/ptolemy/domains/de/test/auto/VariableDelayZeroDelay2.xml
auto.tcl: Setting watchdog for 200 seconds at Sun Nov 10 06:14:03 UTC 2019
2 ms. Memory: 51200K Free: 33205K (65%)
ptolemy.util.test.WatchDog.cancel(): canceling Sun Nov 10 06:14:03 UTC 2019
auto.tcl: Setting watchdog for 200 seconds at Sun Nov 10 06:14:03 UTC 2019
2 ms. Memory: 51200K Free: 32181K (63%)
ptolemy.util.test.WatchDog.cancel(): canceling Sun Nov 10 06:14:03 UTC 2019
------------------ testing $PTII/ptolemy/domains/de/test/auto/deInCt.xml
auto.tcl: Setting watchdog for 200 seconds at Sun Nov 10 06:14:03 UTC 2019
0
1
1
1
0
0
1
1
1
0
0
0
0
1
1
1
0
0
0
1
1
1
0
0
0
0
1
1
1
1
0
0
0
1
1
1
0
0
1
1
1
0
0
0
0
1
1
1
0
0
0
1
1
1
1
19 ms. Memory: 51200K Free: 32178K (63%)
ptolemy.util.test.WatchDog.cancel(): canceling Sun Nov 10 06:14:03 UTC 2019
auto.tcl: Setting watchdog for 200 seconds at Sun Nov 10 06:14:03 UTC 2019
0
1
1
1
0
0
0
1
1
1
0
0
0
0
1
1
1
1
1
1
0
0
0
1
1
1
0
0
0
0
0
0
5 ms. Memory: 51200K Free: 30640K (60%)
ptolemy.util.test.WatchDog.cancel(): canceling Sun Nov 10 06:14:03 UTC 2019
------------------ testing $PTII/ptolemy/domains/de/test/auto/deInCt2.xml
auto.tcl: Setting watchdog for 200 seconds at Sun Nov 10 06:14:03 UTC 2019
0
1
1
1
0
0
1
1
1
0
0
1
1
1
0
0
1
1
1
0
0
1
1
1
0
0
1
1
1
0
0
1
1
1
0
0
1
1
1
0
0
0
6 ms. Memory: 48128K Free: 29108K (60%)
ptolemy.util.test.WatchDog.cancel(): canceling Sun Nov 10 06:14:03 UTC 2019
auto.tcl: Setting watchdog for 200 seconds at Sun Nov 10 06:14:03 UTC 2019
0
1
1
1
0
0
1
1
1
0
0
1
1
1
0
0
1
1
1
0
0
1
1
1
0
0
1
1
1
0
0
1
1
1
0
0
1
1
1
0
0
0
7 ms. Memory: 48128K Free: 27556K (57%)
ptolemy.util.test.WatchDog.cancel(): canceling Sun Nov 10 06:14:03 UTC 2019
------------------ testing $PTII/ptolemy/domains/de/test/auto/dynamicCausalityInterface1.xml
auto.tcl: Setting watchdog for 200 seconds at Sun Nov 10 06:14:03 UTC 2019
2 ms. Memory: 48128K Free: 25006K (52%)
ptolemy.util.test.WatchDog.cancel(): canceling Sun Nov 10 06:14:03 UTC 2019
auto.tcl: Setting watchdog for 200 seconds at Sun Nov 10 06:14:03 UTC 2019
1 ms. Memory: 48128K Free: 24510K (51%)
ptolemy.util.test.WatchDog.cancel(): canceling Sun Nov 10 06:14:03 UTC 2019
------------------ testing $PTII/ptolemy/domains/de/test/auto/fsm_de_test.xml
auto.tcl: Setting watchdog for 200 seconds at Sun Nov 10 06:14:03 UTC 2019
10 ms. Memory: 48128K Free: 24905K (52%)
ptolemy.util.test.WatchDog.cancel(): canceling Sun Nov 10 06:14:03 UTC 2019
auto.tcl: Setting watchdog for 200 seconds at Sun Nov 10 06:14:03 UTC 2019
8 ms. Memory: 48128K Free: 22857K (47%)
ptolemy.util.test.WatchDog.cancel(): canceling Sun Nov 10 06:14:03 UTC 2019
------------------ testing $PTII/ptolemy/domains/de/test/auto/functionDependencyReconstruction.xml
auto.tcl: Setting watchdog for 200 seconds at Sun Nov 10 06:14:03 UTC 2019
3 ms. Memory: 48128K Free: 18896K (39%)
ptolemy.util.test.WatchDog.cancel(): canceling Sun Nov 10 06:14:03 UTC 2019
auto.tcl: Setting watchdog for 200 seconds at Sun Nov 10 06:14:03 UTC 2019
3 ms. Memory: 48128K Free: 16702K (35%)
ptolemy.util.test.WatchDog.cancel(): canceling Sun Nov 10 06:14:04 UTC 2019
------------------ testing $PTII/ptolemy/domains/de/test/auto/multirate.xml
auto.tcl: Setting watchdog for 200 seconds at Sun Nov 10 06:14:04 UTC 2019
3 ms. Memory: 48128K Free: 27566K (57%)
ptolemy.util.test.WatchDog.cancel(): canceling Sun Nov 10 06:14:04 UTC 2019
auto.tcl: Setting watchdog for 200 seconds at Sun Nov 10 06:14:04 UTC 2019
3 ms. Memory: 48128K Free: 25859K (54%)
ptolemy.util.test.WatchDog.cancel(): canceling Sun Nov 10 06:14:04 UTC 2019
------------------ testing $PTII/ptolemy/domains/de/test/auto/multirate2.xml
auto.tcl: Setting watchdog for 200 seconds at Sun Nov 10 06:14:04 UTC 2019
5 ms. Memory: 48128K Free: 27731K (58%)
ptolemy.util.test.WatchDog.cancel(): canceling Sun Nov 10 06:14:04 UTC 2019
auto.tcl: Setting watchdog for 200 seconds at Sun Nov 10 06:14:04 UTC 2019
2 ms. Memory: 48128K Free: 26040K (54%)
ptolemy.util.test.WatchDog.cancel(): canceling Sun Nov 10 06:14:04 UTC 2019
------------------ testing $PTII/ptolemy/domains/de/test/auto/realtime.xml
auto.tcl: Setting watchdog for 200 seconds at Sun Nov 10 06:14:04 UTC 2019
10002 ms. Memory: 48128K Free: 29777K (62%)
ptolemy.util.test.WatchDog.cancel(): canceling Sun Nov 10 06:14:14 UTC 2019
auto.tcl: Setting watchdog for 200 seconds at Sun Nov 10 06:14:14 UTC 2019
10001 ms. Memory: 48128K Free: 29052K (60%)
ptolemy.util.test.WatchDog.cancel(): canceling Sun Nov 10 06:14:24 UTC 2019
------------------ testing $PTII/ptolemy/domains/de/test/auto/relationGroup.xml
auto.tcl: Setting watchdog for 200 seconds at Sun Nov 10 06:14:24 UTC 2019
2 ms. Memory: 48128K Free: 30858K (64%)
ptolemy.util.test.WatchDog.cancel(): canceling Sun Nov 10 06:14:24 UTC 2019
auto.tcl: Setting watchdog for 200 seconds at Sun Nov 10 06:14:24 UTC 2019
2 ms. Memory: 48128K Free: 30132K (63%)
ptolemy.util.test.WatchDog.cancel(): canceling Sun Nov 10 06:14:24 UTC 2019
------------------ testing $PTII/ptolemy/domains/de/test/auto/relationGroup2.xml
auto.tcl: Setting watchdog for 200 seconds at Sun Nov 10 06:14:24 UTC 2019
1 ms. Memory: 48128K Free: 30914K (64%)
ptolemy.util.test.WatchDog.cancel(): canceling Sun Nov 10 06:14:24 UTC 2019
auto.tcl: Setting watchdog for 200 seconds at Sun Nov 10 06:14:24 UTC 2019
2 ms. Memory: 48128K Free: 30432K (63%)
ptolemy.util.test.WatchDog.cancel(): canceling Sun Nov 10 06:14:24 UTC 2019
------------------ testing $PTII/ptolemy/domains/de/test/auto/sortWithOpaquePorts.xml
auto.tcl: Setting watchdog for 200 seconds at Sun Nov 10 06:14:24 UTC 2019
2 ms. Memory: 48128K Free: 29632K (62%)
ptolemy.util.test.WatchDog.cancel(): canceling Sun Nov 10 06:14:24 UTC 2019
auto.tcl: Setting watchdog for 200 seconds at Sun Nov 10 06:14:24 UTC 2019
2 ms. Memory: 48128K Free: 28622K (59%)
ptolemy.util.test.WatchDog.cancel(): canceling Sun Nov 10 06:14:24 UTC 2019
------------------ testing $PTII/ptolemy/domains/de/test/auto/transferInputsandOutputs.xml
auto.tcl: Setting watchdog for 200 seconds at Sun Nov 10 06:14:24 UTC 2019
5 ms. Memory: 48128K Free: 27075K (56%)
ptolemy.util.test.WatchDog.cancel(): canceling Sun Nov 10 06:14:24 UTC 2019
auto.tcl: Setting watchdog for 200 seconds at Sun Nov 10 06:14:24 UTC 2019
3 ms. Memory: 48128K Free: 26079K (54%)
ptolemy.util.test.WatchDog.cancel(): canceling Sun Nov 10 06:14:24 UTC 2019
------------------ testing $PTII/ptolemy/domains/de/test/auto/triggerType.xml
auto.tcl: Setting watchdog for 200 seconds at Sun Nov 10 06:14:24 UTC 2019
1 ms. Memory: 48128K Free: 30100K (63%)
ptolemy.util.test.WatchDog.cancel(): canceling Sun Nov 10 06:14:24 UTC 2019
auto.tcl: Setting watchdog for 200 seconds at Sun Nov 10 06:14:24 UTC 2019
2 ms. Memory: 48128K Free: 29080K (60%)
ptolemy.util.test.WatchDog.cancel(): canceling Sun Nov 10 06:14:24 UTC 2019
11/10/19 06:14:24
Failed: 0  Total Tests: 192  ((Passed: 187, Newly Passed: 1)  Known Failed: 5) /home/travis/build/icyphy/ptII/ptolemy/domains/de/test
11/10/19 06:14:24
Failed: 0  Total Tests: 192  ((Passed: 187, Newly Passed: 1)  Known Failed: 5) /home/travis/build/icyphy/ptII/ptolemy/domains/de/test
----------------- testing (KnownFailure) /home/travis/build/icyphy/ptII/ptolemy/domains/de/test/auto/knownFailedTests/DESDFClockTest.xml
2012 ms. Memory: 48128K Free: 22985K (48%)
Known Failure: java.lang.reflect.InvocationTargetException
----------------- testing (KnownFailure) /home/travis/build/icyphy/ptII/ptolemy/domains/de/test/auto/knownFailedTests/DirectFeedback.xml
2 ms. Memory: 48128K Free: 18889K (39%)
Known Failure: java.lang.reflect.InvocationTargetException
----------------- testing (KnownFailure) /home/travis/build/icyphy/ptII/ptolemy/domains/de/test/auto/knownFailedTests/FSMSource.xml
14 ms. Memory: 48128K Free: 11721K (24%)
----------------- testing (KnownFailure) /home/travis/build/icyphy/ptII/ptolemy/domains/de/test/auto/knownFailedTests/HierarchicalModel.xml
4 ms. Memory: 48128K Free: 21365K (44%)
Known Failure: java.lang.reflect.InvocationTargetException
----------------- testing (KnownFailure) /home/travis/build/icyphy/ptII/ptolemy/domains/de/test/auto/knownFailedTests/dependencyLoop.xml
10 ms. Memory: 48128K Free: 31813K (66%)
Known Failure: java.lang.reflect.InvocationTargetException
----------------- testing (KnownFailure) /home/travis/build/icyphy/ptII/ptolemy/domains/de/test/auto/knownFailedTests/dependencyLoop2.xml
3 ms. Memory: 48128K Free: 16195K (34%)
Known Failure: java.lang.reflect.InvocationTargetException
No auto/linux-amd64/*.xml tests in /home/travis/build/icyphy/ptII/ptolemy/domains/de/test
AutoTests.java: About to close Vertx.
AutoTests.java: Vertx closed.

===========================================================================================
----------------- testing Sun Nov 10 06:14:26 UTC 2019 /home/travis/build/icyphy/ptII/ptolemy/domains/de/test/auto/ActorDepthCalculation_actorWithoutPorts.xml
----------------- Instantiating /home/travis/build/icyphy/ptII/ptolemy/domains/de/test/auto/ActorDepthCalculation_actorWithoutPorts.xml
2 ms. Memory: 48128K Free: 9685K (20%)
----------------- Invoking toplevel() on ptolemy.moml.MoMLSimpleApplication@7378ea47
----------------- Done invoking toplevel() on ptolemy.moml.MoMLSimpleApplication@7378ea47
reloadAllAccessors: .ActorDepthCalculation_actorWithoutPorts

===========================================================================================
----------------- testing Sun Nov 10 06:14:26 UTC 2019 /home/travis/build/icyphy/ptII/ptolemy/domains/de/test/auto/AssemblyLine.xml
----------------- Instantiating /home/travis/build/icyphy/ptII/ptolemy/domains/de/test/auto/AssemblyLine.xml
2 ms. Memory: 48128K Free: 27765K (58%)
----------------- Invoking toplevel() on ptolemy.moml.MoMLSimpleApplication@f335d6e
----------------- Done invoking toplevel() on ptolemy.moml.MoMLSimpleApplication@f335d6e
reloadAllAccessors: .AssemblyLine

===========================================================================================
----------------- testing Sun Nov 10 06:14:26 UTC 2019 /home/travis/build/icyphy/ptII/ptolemy/domains/de/test/auto/CQBug1.xml
----------------- Instantiating /home/travis/build/icyphy/ptII/ptolemy/domains/de/test/auto/CQBug1.xml
1 ms. Memory: 48128K Free: 24658K (51%)
----------------- Invoking toplevel() on ptolemy.moml.MoMLSimpleApplication@4829b29d
----------------- Done invoking toplevel() on ptolemy.moml.MoMLSimpleApplication@4829b29d
reloadAllAccessors: .CQBug1

===========================================================================================
----------------- testing Sun Nov 10 06:14:26 UTC 2019 /home/travis/build/icyphy/ptII/ptolemy/domains/de/test/auto/CancelFireAt.xml
----------------- Instantiating /home/travis/build/icyphy/ptII/ptolemy/domains/de/test/auto/CancelFireAt.xml
8 ms. Memory: 48128K Free: 22064K (46%)
----------------- Invoking toplevel() on ptolemy.moml.MoMLSimpleApplication@156a3b67
----------------- Done invoking toplevel() on ptolemy.moml.MoMLSimpleApplication@156a3b67
reloadAllAccessors: .CancelFireAt

===========================================================================================
----------------- testing Sun Nov 10 06:14:26 UTC 2019 /home/travis/build/icyphy/ptII/ptolemy/domains/de/test/auto/CausalityAndComposabilityAnalysis.xml
----------------- Instantiating /home/travis/build/icyphy/ptII/ptolemy/domains/de/test/auto/CausalityAndComposabilityAnalysis.xml
1 ms. Memory: 48128K Free: 17960K (37%)
----------------- Invoking toplevel() on ptolemy.moml.MoMLSimpleApplication@63131b37
----------------- Done invoking toplevel() on ptolemy.moml.MoMLSimpleApplication@63131b37
reloadAllAccessors: .CausalityAndComposabilityAnalysis

===========================================================================================
----------------- testing Sun Nov 10 06:14:26 UTC 2019 /home/travis/build/icyphy/ptII/ptolemy/domains/de/test/auto/CausalityInterface1.xml
----------------- Instantiating /home/travis/build/icyphy/ptII/ptolemy/domains/de/test/auto/CausalityInterface1.xml
5 ms. Memory: 48128K Free: 12866K (27%)
----------------- Invoking toplevel() on ptolemy.moml.MoMLSimpleApplication@30030bc
----------------- Done invoking toplevel() on ptolemy.moml.MoMLSimpleApplication@30030bc
reloadAllAccessors: .CausalityInterface1

===========================================================================================
----------------- testing Sun Nov 10 06:14:26 UTC 2019 /home/travis/build/icyphy/ptII/ptolemy/domains/de/test/auto/CausalityInterface15.xml
----------------- Instantiating /home/travis/build/icyphy/ptII/ptolemy/domains/de/test/auto/CausalityInterface15.xml
6 ms. Memory: 48128K Free: 33383K (69%)
----------------- Invoking toplevel() on ptolemy.moml.MoMLSimpleApplication@4b2730a4
----------------- Done invoking toplevel() on ptolemy.moml.MoMLSimpleApplication@4b2730a4
reloadAllAccessors: .CausalityInterface15

===========================================================================================
----------------- testing Sun Nov 10 06:14:27 UTC 2019 /home/travis/build/icyphy/ptII/ptolemy/domains/de/test/auto/CausalityInterface2.xml
----------------- Instantiating /home/travis/build/icyphy/ptII/ptolemy/domains/de/test/auto/CausalityInterface2.xml
1 ms. Memory: 48128K Free: 28462K (59%)
[...]
	at ptolemy.actor.Manager.run(Manager.java:1263)
	at ptolemy.actor.Manager$PtolemyRunThread.run(Manager.java:1933)
java.lang.RuntimeException: Execution failed
	at ptolemy.moml.MoMLSimpleApplication$UnloadThread.run(MoMLSimpleApplication.java:402)
Caused by: ptolemy.kernel.util.IllegalActionException: Actor is not ready to fire.  Perhaps UpSample.prefire() returned false? Try debugging the actor by selecting "Listen to Actor".  Also, for SDF check moml for tokenConsumptionRate on input.
  in .DESDFClockTest.Play Bell.Copy1:SDF Director and .DESDFClockTest.Play Bell.UpSample
	at ptolemy.actor.sched.StaticSchedulingDirector.fire(StaticSchedulingDirector.java:227)
	at ptolemy.domains.sdf.kernel.SDFDirector.fire(SDFDirector.java:500)
	at ptolemy.actor.CompositeActor.fire(CompositeActor.java:455)
	at ptolemy.domains.de.kernel.DEDirector._fire(DEDirector.java:1949)
	at ptolemy.domains.de.kernel.DEDirector.fire(DEDirector.java:502)
	at ptolemy.actor.CompositeActor.fire(CompositeActor.java:455)
	at ptolemy.actor.Manager.iterate(Manager.java:851)
	at ptolemy.actor.Manager.execute(Manager.java:369)
	at ptolemy.actor.Manager.run(Manager.java:1263)
	at ptolemy.actor.Manager$PtolemyRunThread.run(Manager.java:1933)
java.lang.reflect.InvocationTargetException
	at java.base/jdk.internal.reflect.NativeConstructorAccessorImpl.newInstance0(Native Method)
	at java.base/jdk.internal.reflect.NativeConstructorAccessorImpl.newInstance(NativeConstructorAccessorImpl.java:62)
	at java.base/jdk.internal.reflect.DelegatingConstructorAccessorImpl.newInstance(DelegatingConstructorAccessorImpl.java:45)
	at java.base/java.lang.reflect.Constructor.newInstance(Constructor.java:490)
	at ptolemy.util.test.junit.AutoKnownFailedTests.RunModel(AutoKnownFailedTests.java:105)
	at java.base/jdk.internal.reflect.NativeMethodAccessorImpl.invoke0(Native Method)
	at java.base/jdk.internal.reflect.NativeMethodAccessorImpl.invoke(NativeMethodAccessorImpl.java:62)
	at java.base/jdk.internal.reflect.DelegatingMethodAccessorImpl.invoke(DelegatingMethodAccessorImpl.java:43)
	at java.base/java.lang.reflect.Method.invoke(Method.java:566)
	at org.junit.runners.model.FrameworkMethod$1.runReflectiveCall(FrameworkMethod.java:44)
	at org.junit.internal.runners.model.ReflectiveCallable.run(ReflectiveCallable.java:15)
	at org.junit.runners.model.FrameworkMethod.invokeExplosively(FrameworkMethod.java:41)
	at junitparams.internal.InvokeParameterisedMethod.evaluate(InvokeParameterisedMethod.java:102)
	at org.junit.internal.runners.statements.FailOnTimeout$1.run(FailOnTimeout.java:28)
Caused by: ptolemy.kernel.util.IllegalActionException: Actor is not ready to fire.  Perhaps UpSample.prefire() returned false? Try debugging the actor by selecting "Listen to Actor".  Also, for SDF check moml for tokenConsumptionRate on input.
  in .DESDFClockTest.Play Bell.Copy1:SDF Director and .DESDFClockTest.Play Bell.UpSample
	at ptolemy.actor.sched.StaticSchedulingDirector.fire(StaticSchedulingDirector.java:227)
	at ptolemy.domains.sdf.kernel.SDFDirector.fire(SDFDirector.java:500)
	at ptolemy.actor.CompositeActor.fire(CompositeActor.java:455)
	at ptolemy.domains.de.kernel.DEDirector._fire(DEDirector.java:1949)
	at ptolemy.domains.de.kernel.DEDirector.fire(DEDirector.java:502)
	at ptolemy.actor.CompositeActor.fire(CompositeActor.java:455)
	at ptolemy.actor.Manager.iterate(Manager.java:851)
	at ptolemy.actor.Manager.execute(Manager.java:369)
	at ptolemy.actor.Manager.run(Manager.java:1263)
	at ptolemy.actor.Manager$PtolemyRunThread.run(Manager.java:1933)
java.lang.RuntimeException: Execution failed
	at ptolemy.moml.MoMLSimpleApplication$UnloadThread.run(MoMLSimpleApplication.java:402)
Caused by: ptolemy.kernel.util.IllegalActionException: Test fails in iteration 1.
Value was: 1.0. Should have been: 2.0
  in .DirectFeedback.Test
	at ptolemy.actor.lib.Test.fire(Test.java:268)
	at ptolemy.domains.de.kernel.DEDirector._fire(DEDirector.java:1949)
	at ptolemy.domains.de.kernel.DEDirector.fire(DEDirector.java:502)
	at ptolemy.actor.CompositeActor.fire(CompositeActor.java:455)
	at ptolemy.actor.Manager.iterate(Manager.java:851)
	at ptolemy.actor.Manager.execute(Manager.java:369)
	at ptolemy.actor.Manager.run(Manager.java:1263)
	at ptolemy.actor.Manager$PtolemyRunThread.run(Manager.java:1933)
java.lang.reflect.InvocationTargetException
	at java.base/jdk.internal.reflect.NativeConstructorAccessorImpl.newInstance0(Native Method)
	at java.base/jdk.internal.reflect.NativeConstructorAccessorImpl.newInstance(NativeConstructorAccessorImpl.java:62)
	at java.base/jdk.internal.reflect.DelegatingConstructorAccessorImpl.newInstance(DelegatingConstructorAccessorImpl.java:45)
	at java.base/java.lang.reflect.Constructor.newInstance(Constructor.java:490)
	at ptolemy.util.test.junit.AutoKnownFailedTests.RunModel(AutoKnownFailedTests.java:105)
	at java.base/jdk.internal.reflect.NativeMethodAccessorImpl.invoke0(Native Method)
	at java.base/jdk.internal.reflect.NativeMethodAccessorImpl.invoke(NativeMethodAccessorImpl.java:62)
	at java.base/jdk.internal.reflect.DelegatingMethodAccessorImpl.invoke(DelegatingMethodAccessorImpl.java:43)
	at java.base/java.lang.reflect.Method.invoke(Method.java:566)
	at org.junit.runners.model.FrameworkMethod$1.runReflectiveCall(FrameworkMethod.java:44)
	at org.junit.internal.runners.model.ReflectiveCallable.run(ReflectiveCallable.java:15)
	at org.junit.runners.model.FrameworkMethod.invokeExplosively(FrameworkMethod.java:41)
	at junitparams.internal.InvokeParameterisedMethod.evaluate(InvokeParameterisedMethod.java:102)
	at org.junit.internal.runners.statements.FailOnTimeout$1.run(FailOnTimeout.java:28)
Caused by: ptolemy.kernel.util.IllegalActionException: Test fails in iteration 1.
Value was: 1.0. Should have been: 2.0
  in .DirectFeedback.Test
	at ptolemy.actor.lib.Test.fire(Test.java:268)
	at ptolemy.domains.de.kernel.DEDirector._fire(DEDirector.java:1949)
	at ptolemy.domains.de.kernel.DEDirector.fire(DEDirector.java:502)
	at ptolemy.actor.CompositeActor.fire(CompositeActor.java:455)
	at ptolemy.actor.Manager.iterate(Manager.java:851)
	at ptolemy.actor.Manager.execute(Manager.java:369)
	at ptolemy.actor.Manager.run(Manager.java:1263)
	at ptolemy.actor.Manager$PtolemyRunThread.run(Manager.java:1933)
java.lang.RuntimeException: Execution failed
	at ptolemy.moml.MoMLSimpleApplication$UnloadThread.run(MoMLSimpleApplication.java:402)
Caused by: ptolemy.kernel.util.IllegalActionException: Found a zero delay loop containing .HierarchicalModel.A
  in .HierarchicalModel and .HierarchicalModel.A
	at ptolemy.actor.util.CausalityInterfaceForComposites._computeOutputPortDepth(CausalityInterfaceForComposites.java:759)
	at ptolemy.actor.util.CausalityInterfaceForComposites._computeInputDepth(CausalityInterfaceForComposites.java:696)
	at ptolemy.actor.util.CausalityInterfaceForComposites._computeOutputPortDepth(CausalityInterfaceForComposites.java:765)
	at ptolemy.actor.util.CausalityInterfaceForComposites._computeInputDepth(CausalityInterfaceForComposites.java:696)
	at ptolemy.actor.util.CausalityInterfaceForComposites._computeOutputPortDepth(CausalityInterfaceForComposites.java:765)
	at ptolemy.actor.util.CausalityInterfaceForComposites._computeInputDepth(CausalityInterfaceForComposites.java:696)
	at ptolemy.actor.util.CausalityInterfaceForComposites._computeActorDepth(CausalityInterfaceForComposites.java:532)
	at ptolemy.actor.util.CausalityInterfaceForComposites.checkForCycles(CausalityInterfaceForComposites.java:96)
	at ptolemy.domains.de.kernel.DEDirector.preinitialize(DEDirector.java:1338)
	at ptolemy.actor.CompositeActor.preinitialize(CompositeActor.java:1828)
	at ptolemy.actor.Manager.preinitializeAndResolveTypes(Manager.java:1040)
	at ptolemy.actor.Manager.initialize(Manager.java:710)
	at ptolemy.actor.Manager.execute(Manager.java:356)
	at ptolemy.actor.Manager.run(Manager.java:1263)
	at ptolemy.actor.Manager$PtolemyRunThread.run(Manager.java:1933)
java.lang.reflect.InvocationTargetException
	at java.base/jdk.internal.reflect.NativeConstructorAccessorImpl.newInstance0(Native Method)
	at java.base/jdk.internal.reflect.NativeConstructorAccessorImpl.newInstance(NativeConstructorAccessorImpl.java:62)
	at java.base/jdk.internal.reflect.DelegatingConstructorAccessorImpl.newInstance(DelegatingConstructorAccessorImpl.java:45)
	at java.base/java.lang.reflect.Constructor.newInstance(Constructor.java:490)
	at ptolemy.util.test.junit.AutoKnownFailedTests.RunModel(AutoKnownFailedTests.java:105)
	at java.base/jdk.internal.reflect.NativeMethodAccessorImpl.invoke0(Native Method)
	at java.base/jdk.internal.reflect.NativeMethodAccessorImpl.invoke(NativeMethodAccessorImpl.java:62)
	at java.base/jdk.internal.reflect.DelegatingMethodAccessorImpl.invoke(DelegatingMethodAccessorImpl.java:43)
	at java.base/java.lang.reflect.Method.invoke(Method.java:566)
	at org.junit.runners.model.FrameworkMethod$1.runReflectiveCall(FrameworkMethod.java:44)
	at org.junit.internal.runners.model.ReflectiveCallable.run(ReflectiveCallable.java:15)
	at org.junit.runners.model.FrameworkMethod.invokeExplosively(FrameworkMethod.java:41)
	at junitparams.internal.InvokeParameterisedMethod.evaluate(InvokeParameterisedMethod.java:102)
	at org.junit.internal.runners.statements.FailOnTimeout$1.run(FailOnTimeout.java:28)
Caused by: ptolemy.kernel.util.IllegalActionException: Found a zero delay loop containing .HierarchicalModel.A
  in .HierarchicalModel and .HierarchicalModel.A
	at ptolemy.actor.util.CausalityInterfaceForComposites._computeOutputPortDepth(CausalityInterfaceForComposites.java:759)
	at ptolemy.actor.util.CausalityInterfaceForComposites._computeInputDepth(CausalityInterfaceForComposites.java:696)
	at ptolemy.actor.util.CausalityInterfaceForComposites._computeOutputPortDepth(CausalityInterfaceForComposites.java:765)
	at ptolemy.actor.util.CausalityInterfaceForComposites._computeInputDepth(CausalityInterfaceForComposites.java:696)
	at ptolemy.actor.util.CausalityInterfaceForComposites._computeOutputPortDepth(CausalityInterfaceForComposites.java:765)
	at ptolemy.actor.util.CausalityInterfaceForComposites._computeInputDepth(CausalityInterfaceForComposites.java:696)
	at ptolemy.actor.util.CausalityInterfaceForComposites._computeActorDepth(CausalityInterfaceForComposites.java:532)
	at ptolemy.actor.util.CausalityInterfaceForComposites.checkForCycles(CausalityInterfaceForComposites.java:96)
	at ptolemy.domains.de.kernel.DEDirector.preinitialize(DEDirector.java:1338)
	at ptolemy.actor.CompositeActor.preinitialize(CompositeActor.java:1828)
	at ptolemy.actor.Manager.preinitializeAndResolveTypes(Manager.java:1040)
	at ptolemy.actor.Manager.initialize(Manager.java:710)
	at ptolemy.actor.Manager.execute(Manager.java:356)
	at ptolemy.actor.Manager.run(Manager.java:1263)
	at ptolemy.actor.Manager$PtolemyRunThread.run(Manager.java:1933)
java.lang.RuntimeException: Execution failed
	at ptolemy.moml.MoMLSimpleApplication$UnloadThread.run(MoMLSimpleApplication.java:402)
Caused by: ptolemy.kernel.util.IllegalActionException: Found a zero delay loop containing .dependencyLoop.original
  in .dependencyLoop and .dependencyLoop.original
	at ptolemy.actor.util.CausalityInterfaceForComposites._computeOutputPortDepth(CausalityInterfaceForComposites.java:759)
	at ptolemy.actor.util.CausalityInterfaceForComposites._computeInputDepth(CausalityInterfaceForComposites.java:696)
	at ptolemy.actor.util.CausalityInterfaceForComposites._computeOutputPortDepth(CausalityInterfaceForComposites.java:765)
	at ptolemy.actor.util.CausalityInterfaceForComposites._computeInputDepth(CausalityInterfaceForComposites.java:696)
	at ptolemy.actor.util.CausalityInterfaceForComposites._computeOutputPortDepth(CausalityInterfaceForComposites.java:765)
	at ptolemy.actor.util.CausalityInterfaceForComposites._computeInputDepth(CausalityInterfaceForComposites.java:696)
	at ptolemy.actor.util.CausalityInterfaceForComposites._computeActorDepth(CausalityInterfaceForComposites.java:532)
	at ptolemy.actor.util.CausalityInterfaceForComposites.checkForCycles(CausalityInterfaceForComposites.java:96)
	at ptolemy.domains.de.kernel.DEDirector.preinitialize(DEDirector.java:1338)
	at ptolemy.actor.CompositeActor.preinitialize(CompositeActor.java:1828)
	at ptolemy.actor.Manager.preinitializeAndResolveTypes(Manager.java:1040)
	at ptolemy.actor.Manager.initialize(Manager.java:710)
	at ptolemy.actor.Manager.execute(Manager.java:356)
	at ptolemy.actor.Manager.run(Manager.java:1263)
	at ptolemy.actor.Manager$PtolemyRunThread.run(Manager.java:1933)
java.lang.reflect.InvocationTargetException
	at java.base/jdk.internal.reflect.NativeConstructorAccessorImpl.newInstance0(Native Method)
	at java.base/jdk.internal.reflect.NativeConstructorAccessorImpl.newInstance(NativeConstructorAccessorImpl.java:62)
	at java.base/jdk.internal.reflect.DelegatingConstructorAccessorImpl.newInstance(DelegatingConstructorAccessorImpl.java:45)
	at java.base/java.lang.reflect.Constructor.newInstance(Constructor.java:490)
	at ptolemy.util.test.junit.AutoKnownFailedTests.RunModel(AutoKnownFailedTests.java:105)
	at java.base/jdk.internal.reflect.NativeMethodAccessorImpl.invoke0(Native Method)
	at java.base/jdk.internal.reflect.NativeMethodAccessorImpl.invoke(NativeMethodAccessorImpl.java:62)
	at java.base/jdk.internal.reflect.DelegatingMethodAccessorImpl.invoke(DelegatingMethodAccessorImpl.java:43)
	at java.base/java.lang.reflect.Method.invoke(Method.java:566)
	at org.junit.runners.model.FrameworkMethod$1.runReflectiveCall(FrameworkMethod.java:44)
	at org.junit.internal.runners.model.ReflectiveCallable.run(ReflectiveCallable.java:15)
	at org.junit.runners.model.FrameworkMethod.invokeExplosively(FrameworkMethod.java:41)
	at junitparams.internal.InvokeParameterisedMethod.evaluate(InvokeParameterisedMethod.java:102)
	at org.junit.internal.runners.statements.FailOnTimeout$1.run(FailOnTimeout.java:28)
Caused by: ptolemy.kernel.util.IllegalActionException: Found a zero delay loop containing .dependencyLoop.original
  in .dependencyLoop and .dependencyLoop.original
	at ptolemy.actor.util.CausalityInterfaceForComposites._computeOutputPortDepth(CausalityInterfaceForComposites.java:759)
	at ptolemy.actor.util.CausalityInterfaceForComposites._computeInputDepth(CausalityInterfaceForComposites.java:696)
	at ptolemy.actor.util.CausalityInterfaceForComposites._computeOutputPortDepth(CausalityInterfaceForComposites.java:765)
	at ptolemy.actor.util.CausalityInterfaceForComposites._computeInputDepth(CausalityInterfaceForComposites.java:696)
	at ptolemy.actor.util.CausalityInterfaceForComposites._computeOutputPortDepth(CausalityInterfaceForComposites.java:765)
	at ptolemy.actor.util.CausalityInterfaceForComposites._computeInputDepth(CausalityInterfaceForComposites.java:696)
	at ptolemy.actor.util.CausalityInterfaceForComposites._computeActorDepth(CausalityInterfaceForComposites.java:532)
	at ptolemy.actor.util.CausalityInterfaceForComposites.checkForCycles(CausalityInterfaceForComposites.java:96)
	at ptolemy.domains.de.kernel.DEDirector.preinitialize(DEDirector.java:1338)
	at ptolemy.actor.CompositeActor.preinitialize(CompositeActor.java:1828)
	at ptolemy.actor.Manager.preinitializeAndResolveTypes(Manager.java:1040)
	at ptolemy.actor.Manager.initialize(Manager.java:710)
	at ptolemy.actor.Manager.execute(Manager.java:356)
	at ptolemy.actor.Manager.run(Manager.java:1263)
	at ptolemy.actor.Manager$PtolemyRunThread.run(Manager.java:1933)
java.lang.RuntimeException: Execution failed
	at ptolemy.moml.MoMLSimpleApplication$UnloadThread.run(MoMLSimpleApplication.java:402)
Caused by: ptolemy.kernel.util.IllegalActionException: Found a zero delay loop containing .dependencyLoop2.original
  in .dependencyLoop2 and .dependencyLoop2.original
	at ptolemy.actor.util.CausalityInterfaceForComposites._computeOutputPortDepth(CausalityInterfaceForComposites.java:759)
	at ptolemy.actor.util.CausalityInterfaceForComposites._computeInputDepth(CausalityInterfaceForComposites.java:696)
	at ptolemy.actor.util.CausalityInterfaceForComposites._computeOutputPortDepth(CausalityInterfaceForComposites.java:765)
	at ptolemy.actor.util.CausalityInterfaceForComposites._computeInputDepth(CausalityInterfaceForComposites.java:696)
	at ptolemy.actor.util.CausalityInterfaceForComposites._computeOutputPortDepth(CausalityInterfaceForComposites.java:765)
	at ptolemy.actor.util.CausalityInterfaceForComposites._computeInputDepth(CausalityInterfaceForComposites.java:696)
	at ptolemy.actor.util.CausalityInterfaceForComposites._computeActorDepth(CausalityInterfaceForComposites.java:532)
	at ptolemy.actor.util.CausalityInterfaceForComposites.checkForCycles(CausalityInterfaceForComposites.java:96)
	at ptolemy.domains.de.kernel.DEDirector.preinitialize(DEDirector.java:1338)
	at ptolemy.actor.CompositeActor.preinitialize(CompositeActor.java:1828)
	at ptolemy.actor.Manager.preinitializeAndResolveTypes(Manager.java:1040)
	at ptolemy.actor.Manager.initialize(Manager.java:710)
	at ptolemy.actor.Manager.execute(Manager.java:356)
	at ptolemy.actor.Manager.run(Manager.java:1263)
	at ptolemy.actor.Manager$PtolemyRunThread.run(Manager.java:1933)
java.lang.reflect.InvocationTargetException
	at java.base/jdk.internal.reflect.NativeConstructorAccessorImpl.newInstance0(Native Method)
	at java.base/jdk.internal.reflect.NativeConstructorAccessorImpl.newInstance(NativeConstructorAccessorImpl.java:62)
	at java.base/jdk.internal.reflect.DelegatingConstructorAccessorImpl.newInstance(DelegatingConstructorAccessorImpl.java:45)
	at java.base/java.lang.reflect.Constructor.newInstance(Constructor.java:490)
	at ptolemy.util.test.junit.AutoKnownFailedTests.RunModel(AutoKnownFailedTests.java:105)
	at java.base/jdk.internal.reflect.NativeMethodAccessorImpl.invoke0(Native Method)
	at java.base/jdk.internal.reflect.NativeMethodAccessorImpl.invoke(NativeMethodAccessorImpl.java:62)
	at java.base/jdk.internal.reflect.DelegatingMethodAccessorImpl.invoke(DelegatingMethodAccessorImpl.java:43)
	at java.base/java.lang.reflect.Method.invoke(Method.java:566)
	at org.junit.runners.model.FrameworkMethod$1.runReflectiveCall(FrameworkMethod.java:44)
	at org.junit.internal.runners.model.ReflectiveCallable.run(ReflectiveCallable.java:15)
	at org.junit.runners.model.FrameworkMethod.invokeExplosively(FrameworkMethod.java:41)
	at junitparams.internal.InvokeParameterisedMethod.evaluate(InvokeParameterisedMethod.java:102)
	at org.junit.internal.runners.statements.FailOnTimeout$1.run(FailOnTimeout.java:28)
Caused by: ptolemy.kernel.util.IllegalActionException: Found a zero delay loop containing .dependencyLoop2.original
  in .dependencyLoop2 and .dependencyLoop2.original
	at ptolemy.actor.util.CausalityInterfaceForComposites._computeOutputPortDepth(CausalityInterfaceForComposites.java:759)
	at ptolemy.actor.util.CausalityInterfaceForComposites._computeInputDepth(CausalityInterfaceForComposites.java:696)
	at ptolemy.actor.util.CausalityInterfaceForComposites._computeOutputPortDepth(CausalityInterfaceForComposites.java:765)
	at ptolemy.actor.util.CausalityInterfaceForComposites._computeInputDepth(CausalityInterfaceForComposites.java:696)
	at ptolemy.actor.util.CausalityInterfaceForComposites._computeOutputPortDepth(CausalityInterfaceForComposites.java:765)
	at ptolemy.actor.util.CausalityInterfaceForComposites._computeInputDepth(CausalityInterfaceForComposites.java:696)
	at ptolemy.actor.util.CausalityInterfaceForComposites._computeActorDepth(CausalityInterfaceForComposites.java:532)
	at ptolemy.actor.util.CausalityInterfaceForComposites.checkForCycles(CausalityInterfaceForComposites.java:96)
	at ptolemy.domains.de.kernel.DEDirector.preinitialize(DEDirector.java:1338)
	at ptolemy.actor.CompositeActor.preinitialize(CompositeActor.java:1828)
	at ptolemy.actor.Manager.preinitializeAndResolveTypes(Manager.java:1040)
	at ptolemy.actor.Manager.initialize(Manager.java:710)
	at ptolemy.actor.Manager.execute(Manager.java:356)
	at ptolemy.actor.Manager.run(Manager.java:1263)
	at ptolemy.actor.Manager$PtolemyRunThread.run(Manager.java:1933)
]]></system-err>
</testsuite>
