<?xml version="1.0" encoding="UTF-8" ?>
<testsuite errors="0" failures="0" hostname="travis-job-fe4e56dd-12f4-48d6-a850-6bfe72394601" name="ptolemy.actor.lib.hoc.test.junit.JUnitTclTest" skipped="0" tests="58" time="23.765" timestamp="2018-10-23T02:32:30">
  <properties>
[...]
</properties>
  <testcase classname="ptolemy.util.test.junit.TclTests" name="[0] /home/travis/build/icyphy/ptII/ptolemy/actor/lib/hoc/test/IterateOverArray.tcl (RunTclFile)" time="0.256" />
  <testcase classname="ptolemy.util.test.junit.AutoKnownFailedTests" name="[0] /home/travis/build/icyphy/ptII/ptolemy/actor/lib/hoc/test/auto/knownFailedTests/PreinitializeMustBeInvokedRunComposite.xml (RunModel)" time="0.214" />
  <testcase classname="ptolemy.util.test.junit.AutoNameArchTests" name="[0] ThereAreNoAutoArchTests (RunModel)" time="0.0" />
  <testcase classname="ptolemy.util.test.junit.AutoTests" name="[0] /home/travis/build/icyphy/ptII/ptolemy/actor/lib/hoc/test/auto/AllToAllMultiInstanceComposite.xml (RunModel)" time="0.264" />
  <testcase classname="ptolemy.util.test.junit.AutoTests" name="[1] /home/travis/build/icyphy/ptII/ptolemy/actor/lib/hoc/test/auto/ApplyFFTTest.xml (RunModel)" time="0.286" />
  <testcase classname="ptolemy.util.test.junit.AutoTests" name="[2] /home/travis/build/icyphy/ptII/ptolemy/actor/lib/hoc/test/auto/ApplyFunction.xml (RunModel)" time="0.055" />
  <testcase classname="ptolemy.util.test.junit.AutoTests" name="[3] /home/travis/build/icyphy/ptII/ptolemy/actor/lib/hoc/test/auto/BackgroundExecution.xml (RunModel)" time="0.721" />
  <testcase classname="ptolemy.util.test.junit.AutoTests" name="[4] /home/travis/build/icyphy/ptII/ptolemy/actor/lib/hoc/test/auto/Case.xml (RunModel)" time="0.056" />
  <testcase classname="ptolemy.util.test.junit.AutoTests" name="[5] /home/travis/build/icyphy/ptII/ptolemy/actor/lib/hoc/test/auto/Case1.xml (RunModel)" time="0.039" />
  <testcase classname="ptolemy.util.test.junit.AutoTests" name="[6] /home/travis/build/icyphy/ptII/ptolemy/actor/lib/hoc/test/auto/Case2.xml (RunModel)" time="0.092" />
  <testcase classname="ptolemy.util.test.junit.AutoTests" name="[7] /home/travis/build/icyphy/ptII/ptolemy/actor/lib/hoc/test/auto/Case3.xml (RunModel)" time="0.066" />
  <testcase classname="ptolemy.util.test.junit.AutoTests" name="[8] /home/travis/build/icyphy/ptII/ptolemy/actor/lib/hoc/test/auto/Case4.xml (RunModel)" time="0.079" />
  <testcase classname="ptolemy.util.test.junit.AutoTests" name="[9] /home/travis/build/icyphy/ptII/ptolemy/actor/lib/hoc/test/auto/Case5.xml (RunModel)" time="0.068" />
  <testcase classname="ptolemy.util.test.junit.AutoTests" name="[10] /home/travis/build/icyphy/ptII/ptolemy/actor/lib/hoc/test/auto/Case6.xml (RunModel)" time="0.103" />
  <testcase classname="ptolemy.util.test.junit.AutoTests" name="[11] /home/travis/build/icyphy/ptII/ptolemy/actor/lib/hoc/test/auto/CaseString2.xml (RunModel)" time="0.051" />
  <testcase classname="ptolemy.util.test.junit.AutoTests" name="[12] /home/travis/build/icyphy/ptII/ptolemy/actor/lib/hoc/test/auto/CatchUpComposite1.xml (RunModel)" time="0.086" />
  <testcase classname="ptolemy.util.test.junit.AutoTests" name="[13] /home/travis/build/icyphy/ptII/ptolemy/actor/lib/hoc/test/auto/CatchUpComposite2.xml (RunModel)" time="0.067" />
  <testcase classname="ptolemy.util.test.junit.AutoTests" name="[14] /home/travis/build/icyphy/ptII/ptolemy/actor/lib/hoc/test/auto/CatchUpComposite3.xml (RunModel)" time="0.047" />
  <testcase classname="ptolemy.util.test.junit.AutoTests" name="[15] /home/travis/build/icyphy/ptII/ptolemy/actor/lib/hoc/test/auto/CatchUpComposite4.xml (RunModel)" time="0.064" />
  <testcase classname="ptolemy.util.test.junit.AutoTests" name="[16] /home/travis/build/icyphy/ptII/ptolemy/actor/lib/hoc/test/auto/CatchUpComposite5.xml (RunModel)" time="0.037" />
  <testcase classname="ptolemy.util.test.junit.AutoTests" name="[17] /home/travis/build/icyphy/ptII/ptolemy/actor/lib/hoc/test/auto/CatchUpComposite6.xml (RunModel)" time="0.138" />
  <testcase classname="ptolemy.util.test.junit.AutoTests" name="[18] /home/travis/build/icyphy/ptII/ptolemy/actor/lib/hoc/test/auto/CatchUpComposite7.xml (RunModel)" time="0.111" />
  <testcase classname="ptolemy.util.test.junit.AutoTests" name="[19] /home/travis/build/icyphy/ptII/ptolemy/actor/lib/hoc/test/auto/ConcurrentExecutionTimeSDF.xml (RunModel)" time="1.382" />
  <testcase classname="ptolemy.util.test.junit.AutoTests" name="[20] /home/travis/build/icyphy/ptII/ptolemy/actor/lib/hoc/test/auto/ConcurrentSleep.xml (RunModel)" time="0.751" />
  <testcase classname="ptolemy.util.test.junit.AutoTests" name="[21] /home/travis/build/icyphy/ptII/ptolemy/actor/lib/hoc/test/auto/DEInPNInRunCompositeActor.xml (RunModel)" time="0.042" />
  <testcase classname="ptolemy.util.test.junit.AutoTests" name="[22] /home/travis/build/icyphy/ptII/ptolemy/actor/lib/hoc/test/auto/DFTSubSetTest.xml (RunModel)" time="0.195" />
  <testcase classname="ptolemy.util.test.junit.AutoTests" name="[23] /home/travis/build/icyphy/ptII/ptolemy/actor/lib/hoc/test/auto/HocDE.xml (RunModel)" time="0.167" />
  <testcase classname="ptolemy.util.test.junit.AutoTests" name="[24] /home/travis/build/icyphy/ptII/ptolemy/actor/lib/hoc/test/auto/IterateOverArray.xml (RunModel)" time="0.036" />
  <testcase classname="ptolemy.util.test.junit.AutoTests" name="[25] /home/travis/build/icyphy/ptII/ptolemy/actor/lib/hoc/test/auto/IterateOverArray10.xml (RunModel)" time="0.019" />
  <testcase classname="ptolemy.util.test.junit.AutoTests" name="[26] /home/travis/build/icyphy/ptII/ptolemy/actor/lib/hoc/test/auto/IterateOverArray11.xml (RunModel)" time="0.03" />
  <testcase classname="ptolemy.util.test.junit.AutoTests" name="[27] /home/travis/build/icyphy/ptII/ptolemy/actor/lib/hoc/test/auto/IterateOverArray12.xml (RunModel)" time="0.05" />
  <testcase classname="ptolemy.util.test.junit.AutoTests" name="[28] /home/travis/build/icyphy/ptII/ptolemy/actor/lib/hoc/test/auto/IterateOverArray13.xml (RunModel)" time="0.178" />
  <testcase classname="ptolemy.util.test.junit.AutoTests" name="[29] /home/travis/build/icyphy/ptII/ptolemy/actor/lib/hoc/test/auto/IterateOverArray14.xml (RunModel)" time="0.157" />
  <testcase classname="ptolemy.util.test.junit.AutoTests" name="[30] /home/travis/build/icyphy/ptII/ptolemy/actor/lib/hoc/test/auto/IterateOverArray2.xml (RunModel)" time="0.017" />
  <testcase classname="ptolemy.util.test.junit.AutoTests" name="[31] /home/travis/build/icyphy/ptII/ptolemy/actor/lib/hoc/test/auto/IterateOverArray3.xml (RunModel)" time="0.039" />
  <testcase classname="ptolemy.util.test.junit.AutoTests" name="[32] /home/travis/build/icyphy/ptII/ptolemy/actor/lib/hoc/test/auto/IterateOverArray4.xml (RunModel)" time="0.017" />
  <testcase classname="ptolemy.util.test.junit.AutoTests" name="[33] /home/travis/build/icyphy/ptII/ptolemy/actor/lib/hoc/test/auto/IterateOverArray5.xml (RunModel)" time="0.017" />
  <testcase classname="ptolemy.util.test.junit.AutoTests" name="[34] /home/travis/build/icyphy/ptII/ptolemy/actor/lib/hoc/test/auto/IterateOverArray6.xml (RunModel)" time="0.018" />
  <testcase classname="ptolemy.util.test.junit.AutoTests" name="[35] /home/travis/build/icyphy/ptII/ptolemy/actor/lib/hoc/test/auto/IterateOverArray7.xml (RunModel)" time="0.016" />
  <testcase classname="ptolemy.util.test.junit.AutoTests" name="[36] /home/travis/build/icyphy/ptII/ptolemy/actor/lib/hoc/test/auto/IterateOverArray8.xml (RunModel)" time="0.018" />
  <testcase classname="ptolemy.util.test.junit.AutoTests" name="[37] /home/travis/build/icyphy/ptII/ptolemy/actor/lib/hoc/test/auto/IterateOverArray9.xml (RunModel)" time="0.025" />
  <testcase classname="ptolemy.util.test.junit.AutoTests" name="[38] /home/travis/build/icyphy/ptII/ptolemy/actor/lib/hoc/test/auto/IterateOverArrayCoercedOutputType.xml (RunModel)" time="0.035" />
  <testcase classname="ptolemy.util.test.junit.AutoTests" name="[39] /home/travis/build/icyphy/ptII/ptolemy/actor/lib/hoc/test/auto/IterateOverArrayInferredOutputType.xml (RunModel)" time="0.023" />
  <testcase classname="ptolemy.util.test.junit.AutoTests" name="[40] /home/travis/build/icyphy/ptII/ptolemy/actor/lib/hoc/test/auto/MobileFunctionTest.xml (RunModel)" time="0.025" />
  <testcase classname="ptolemy.util.test.junit.AutoTests" name="[41] /home/travis/build/icyphy/ptII/ptolemy/actor/lib/hoc/test/auto/MobileModelTest.xml (RunModel)" time="0.118" />
  <testcase classname="ptolemy.util.test.junit.AutoTests" name="[42] /home/travis/build/icyphy/ptII/ptolemy/actor/lib/hoc/test/auto/ModelReference.xml (RunModel)" time="0.056" />
  <testcase classname="ptolemy.util.test.junit.AutoTests" name="[43] /home/travis/build/icyphy/ptII/ptolemy/actor/lib/hoc/test/auto/ModelReference3.xml (RunModel)" time="0.048" />
  <testcase classname="ptolemy.util.test.junit.AutoTests" name="[44] /home/travis/build/icyphy/ptII/ptolemy/actor/lib/hoc/test/auto/ModelReference4.xml (RunModel)" time="10.042" />
  <testcase classname="ptolemy.util.test.junit.AutoTests" name="[45] /home/travis/build/icyphy/ptII/ptolemy/actor/lib/hoc/test/auto/MultiInstanceComposite.xml (RunModel)" time="0.05" />
  <testcase classname="ptolemy.util.test.junit.AutoTests" name="[46] /home/travis/build/icyphy/ptII/ptolemy/actor/lib/hoc/test/auto/MultiInstanceComposite2.xml (RunModel)" time="0.046" />
  <testcase classname="ptolemy.util.test.junit.AutoTests" name="[47] /home/travis/build/icyphy/ptII/ptolemy/actor/lib/hoc/test/auto/MulticoreExecution.xml (RunModel)" time="1.159" />
  <testcase classname="ptolemy.util.test.junit.AutoTests" name="[48] /home/travis/build/icyphy/ptII/ptolemy/actor/lib/hoc/test/auto/ParallelExecution.xml (RunModel)" time="0.96" />
  <testcase classname="ptolemy.util.test.junit.AutoTests" name="[49] /home/travis/build/icyphy/ptII/ptolemy/actor/lib/hoc/test/auto/RunCompositeActor.xml (RunModel)" time="0.021" />
  <testcase classname="ptolemy.util.test.junit.AutoTests" name="[50] /home/travis/build/icyphy/ptII/ptolemy/actor/lib/hoc/test/auto/RunCompositeActor2.xml (RunModel)" time="0.027" />
  <testcase classname="ptolemy.util.test.junit.AutoTests" name="[51] /home/travis/build/icyphy/ptII/ptolemy/actor/lib/hoc/test/auto/RunCompositeActor3.xml (RunModel)" time="0.035" />
  <testcase classname="ptolemy.util.test.junit.AutoTests" name="[52] /home/travis/build/icyphy/ptII/ptolemy/actor/lib/hoc/test/auto/RunCompositeActor4.xml (RunModel)" time="0.028" />
  <testcase classname="ptolemy.util.test.junit.AutoTests" name="[53] /home/travis/build/icyphy/ptII/ptolemy/actor/lib/hoc/test/auto/RunCompositeIterateOverArray.xml (RunModel)" time="0.039" />
  <testcase classname="ptolemy.util.test.junit.AutoTests" name="[54] /home/travis/build/icyphy/ptII/ptolemy/actor/lib/hoc/test/auto/ThreadedJS.xml (RunModel)" time="4.481" />
  <system-out><![CDATA[/home/travis/build/icyphy/ptII/ptolemy/actor/lib/hoc/test/IterateOverArray.tcl
testDefs.tcl: setting time out to 9000 seconds at Tue Oct 23 02:32:30 UTC 2018
10/23/18 02:32:30
Failed: 0  Total Tests: 2  ((Passed: 2, Newly Passed: 0)  Known Failed: 0) /home/travis/build/icyphy/ptII/ptolemy/actor/lib/hoc/test
----------------- testing (KnownFailure) /home/travis/build/icyphy/ptII/ptolemy/actor/lib/hoc/test/auto/knownFailedTests/PreinitializeMustBeInvokedRunComposite.xml
35 ms. Memory: 116224K Free: 103673K (89%)
Known Failure: java.lang.reflect.InvocationTargetException
No auto/linux-amd64/*.xml tests in /home/travis/build/icyphy/ptII/ptolemy/actor/lib/hoc/test
AutoTests.java: About to close Vertx.
AutoTests.java: Vertx closed.

===========================================================================================
----------------- testing Tue Oct 23 02:32:30 UTC 2018 /home/travis/build/icyphy/ptII/ptolemy/actor/lib/hoc/test/auto/AllToAllMultiInstanceComposite.xml
----------------- Instantiating /home/travis/build/icyphy/ptII/ptolemy/actor/lib/hoc/test/auto/AllToAllMultiInstanceComposite.xml
128 ms. Memory: 146944K Free: 109269K (74%)
----------------- Invoking toplevel() on ptolemy.moml.MoMLSimpleApplication@780cf476
----------------- Done invoking toplevel() on ptolemy.moml.MoMLSimpleApplication@780cf476
reloadAllAccessors: .AllToAllMultiInstanceComposite

===========================================================================================
----------------- testing Tue Oct 23 02:32:31 UTC 2018 /home/travis/build/icyphy/ptII/ptolemy/actor/lib/hoc/test/auto/ApplyFFTTest.xml
----------------- Instantiating /home/travis/build/icyphy/ptII/ptolemy/actor/lib/hoc/test/auto/ApplyFFTTest.xml
109 ms. Memory: 146944K Free: 88325K (60%)
----------------- Invoking toplevel() on ptolemy.moml.MoMLSimpleApplication@5d420fc8
----------------- Done invoking toplevel() on ptolemy.moml.MoMLSimpleApplication@5d420fc8
reloadAllAccessors: .ApplyFFTTest

===========================================================================================
----------------- testing Tue Oct 23 02:32:31 UTC 2018 /home/travis/build/icyphy/ptII/ptolemy/actor/lib/hoc/test/auto/ApplyFunction.xml
----------------- Instantiating /home/travis/build/icyphy/ptII/ptolemy/actor/lib/hoc/test/auto/ApplyFunction.xml
12 ms. Memory: 146944K Free: 84582K (58%)
----------------- Invoking toplevel() on ptolemy.moml.MoMLSimpleApplication@6f1b4e15
----------------- Done invoking toplevel() on ptolemy.moml.MoMLSimpleApplication@6f1b4e15
reloadAllAccessors: .ApplyFunction

===========================================================================================
----------------- testing Tue Oct 23 02:32:31 UTC 2018 /home/travis/build/icyphy/ptII/ptolemy/actor/lib/hoc/test/auto/BackgroundExecution.xml
----------------- Instantiating /home/travis/build/icyphy/ptII/ptolemy/actor/lib/hoc/test/auto/BackgroundExecution.xml
645 ms. Memory: 146944K Free: 137291K (93%)
----------------- Invoking toplevel() on ptolemy.moml.MoMLSimpleApplication@51210887
----------------- Done invoking toplevel() on ptolemy.moml.MoMLSimpleApplication@51210887
reloadAllAccessors: .BackgroundExecution

===========================================================================================
----------------- testing Tue Oct 23 02:32:32 UTC 2018 /home/travis/build/icyphy/ptII/ptolemy/actor/lib/hoc/test/auto/Case.xml
----------------- Instantiating /home/travis/build/icyphy/ptII/ptolemy/actor/lib/hoc/test/auto/Case.xml
22 ms. Memory: 146944K Free: 128915K (88%)
----------------- Invoking toplevel() on ptolemy.moml.MoMLSimpleApplication@17c6bab6
----------------- Done invoking toplevel() on ptolemy.moml.MoMLSimpleApplication@17c6bab6
reloadAllAccessors: .Case

===========================================================================================
----------------- testing Tue Oct 23 02:32:32 UTC 2018 /home/travis/build/icyphy/ptII/ptolemy/actor/lib/hoc/test/auto/Case1.xml
----------------- Instantiating /home/travis/build/icyphy/ptII/ptolemy/actor/lib/hoc/test/auto/Case1.xml
10 ms. Memory: 146944K Free: 121743K (83%)
----------------- Invoking toplevel() on ptolemy.moml.MoMLSimpleApplication@1c6dd740
----------------- Done invoking toplevel() on ptolemy.moml.MoMLSimpleApplication@1c6dd740
reloadAllAccessors: .Case1

===========================================================================================
----------------- testing Tue Oct 23 02:32:32 UTC 2018 /home/travis/build/icyphy/ptII/ptolemy/actor/lib/hoc/test/auto/Case2.xml
----------------- Instantiating /home/travis/build/icyphy/ptII/ptolemy/actor/lib/hoc/test/auto/Case2.xml
32 ms. Memory: 146944K Free: 110177K (75%)
----------------- Invoking toplevel() on ptolemy.moml.MoMLSimpleApplication@3543fd29
----------------- Done invoking toplevel() on ptolemy.moml.MoMLSimpleApplication@3543fd29
reloadAllAccessors: .Case2

===========================================================================================
----------------- testing Tue Oct 23 02:32:32 UTC 2018 /home/travis/build/icyphy/ptII/ptolemy/actor/lib/hoc/test/auto/Case3.xml
----------------- Instantiating /home/travis/build/icyphy/ptII/ptolemy/actor/lib/hoc/test/auto/Case3.xml
15 ms. Memory: 146944K Free: 103841K (71%)
----------------- Invoking toplevel() on ptolemy.moml.MoMLSimpleApplication@39b84868
----------------- Done invoking toplevel() on ptolemy.moml.MoMLSimpleApplication@39b84868
reloadAllAccessors: .Case3

===========================================================================================
----------------- testing Tue Oct 23 02:32:32 UTC 2018 /home/travis/build/icyphy/ptII/ptolemy/actor/lib/hoc/test/auto/Case4.xml
----------------- Instantiating /home/travis/build/icyphy/ptII/ptolemy/actor/lib/hoc/test/auto/Case4.xml
25 ms. Memory: 146944K Free: 94662K (64%)
----------------- Invoking toplevel() on ptolemy.moml.MoMLSimpleApplication@12e1a443
----------------- Done invoking toplevel() on ptolemy.moml.MoMLSimpleApplication@12e1a443
reloadAllAccessors: .Case4

===========================================================================================
----------------- testing Tue Oct 23 02:32:32 UTC 2018 /home/travis/build/icyphy/ptII/ptolemy/actor/lib/hoc/test/auto/Case5.xml
----------------- Instantiating /home/travis/build/icyphy/ptII/ptolemy/actor/lib/hoc/test/auto/Case5.xml
36 ms. Memory: 146944K Free: 87539K (60%)
----------------- Invoking toplevel() on ptolemy.moml.MoMLSimpleApplication@4ef1d74
----------------- Done invoking toplevel() on ptolemy.moml.MoMLSimpleApplication@4ef1d74
reloadAllAccessors: .junk

===========================================================================================
----------------- testing Tue Oct 23 02:32:32 UTC 2018 /home/travis/build/icyphy/ptII/ptolemy/actor/lib/hoc/test/auto/Case6.xml
----------------- Instantiating /home/travis/build/icyphy/ptII/ptolemy/actor/lib/hoc/test/auto/Case6.xml
46 ms. Memory: 208384K Free: 197055K (95%)
----------------- Invoking toplevel() on ptolemy.moml.MoMLSimpleApplication@2e20a116
----------------- Done invoking toplevel() on ptolemy.moml.MoMLSimpleApplication@2e20a116
reloadAllAccessors: .Case6

===========================================================================================
----------------- testing Tue Oct 23 02:32:32 UTC 2018 /home/travis/build/icyphy/ptII/ptolemy/actor/lib/hoc/test/auto/CaseString2.xml
----------------- Instantiating /home/travis/build/icyphy/ptII/ptolemy/actor/lib/hoc/test/auto/CaseString2.xml
16 ms. Memory: 208384K Free: 187495K (90%)
----------------- Invoking toplevel() on ptolemy.moml.MoMLSimpleApplication@6f2a8b14
----------------- Done invoking toplevel() on ptolemy.moml.MoMLSimpleApplication@6f2a8b14
reloadAllAccessors: .CaseString2

===========================================================================================
----------------- testing Tue Oct 23 02:32:32 UTC 2018 /home/travis/build/icyphy/ptII/ptolemy/actor/lib/hoc/test/auto/CatchUpComposite1.xml
----------------- Instantiating /home/travis/build/icyphy/ptII/ptolemy/actor/lib/hoc/test/auto/CatchUpComposite1.xml
31 ms. Memory: 208384K Free: 177648K (85%)
----------------- Invoking toplevel() on ptolemy.moml.MoMLSimpleApplication@427d080d
----------------- Done invoking toplevel() on ptolemy.moml.MoMLSimpleApplication@427d080d
reloadAllAccessors: .CatchUpComposite1

===========================================================================================
----------------- testing Tue Oct 23 02:32:32 UTC 2018 /home/travis/build/icyphy/ptII/ptolemy/actor/lib/hoc/test/auto/CatchUpComposite2.xml
----------------- Instantiating /home/travis/build/icyphy/ptII/ptolemy/actor/lib/hoc/test/auto/CatchUpComposite2.xml
19 ms. Memory: 208384K Free: 167769K (81%)
----------------- Invoking toplevel() on ptolemy.moml.MoMLSimpleApplication@3b6b5f36
----------------- Done invoking toplevel() on ptolemy.moml.MoMLSimpleApplication@3b6b5f36
reloadAllAccessors: .CatchUpComposite2

===========================================================================================
----------------- testing Tue Oct 23 02:32:32 UTC 2018 /home/travis/build/icyphy/ptII/ptolemy/actor/lib/hoc/test/auto/CatchUpComposite3.xml
----------------- Instantiating /home/travis/build/icyphy/ptII/ptolemy/actor/lib/hoc/test/auto/CatchUpComposite3.xml
8 ms. Memory: 208384K Free: 156980K (75%)
----------------- Invoking toplevel() on ptolemy.moml.MoMLSimpleApplication@2fd417c5
----------------- Done invoking toplevel() on ptolemy.moml.MoMLSimpleApplication@2fd417c5
reloadAllAccessors: .CatchUpComposite3

===========================================================================================
----------------- testing Tue Oct 23 02:32:33 UTC 2018 /home/travis/build/icyphy/ptII/ptolemy/actor/lib/hoc/test/auto/CatchUpComposite4.xml
----------------- Instantiating /home/travis/build/icyphy/ptII/ptolemy/actor/lib/hoc/test/auto/CatchUpComposite4.xml
19 ms. Memory: 208384K Free: 147715K (71%)
----------------- Invoking toplevel() on ptolemy.moml.MoMLSimpleApplication@39af2a58
----------------- Done invoking toplevel() on ptolemy.moml.MoMLSimpleApplication@39af2a58
reloadAllAccessors: .CatchUpComposite4

===========================================================================================
----------------- testing Tue Oct 23 02:32:33 UTC 2018 /home/travis/build/icyphy/ptII/ptolemy/actor/lib/hoc/test/auto/CatchUpComposite5.xml
----------------- Instantiating /home/travis/build/icyphy/ptII/ptolemy/actor/lib/hoc/test/auto/CatchUpComposite5.xml
12 ms. Memory: 208384K Free: 139081K (67%)
----------------- Invoking toplevel() on ptolemy.moml.MoMLSimpleApplication@42c184e0
----------------- Done invoking toplevel() on ptolemy.moml.MoMLSimpleApplication@42c184e0
reloadAllAccessors: .CatchUpComposite5

===========================================================================================
----------------- testing Tue Oct 23 02:32:33 UTC 2018 /home/travis/build/icyphy/ptII/ptolemy/actor/lib/hoc/test/auto/CatchUpComposite6.xml
----------------- Instantiating /home/travis/build/icyphy/ptII/ptolemy/actor/lib/hoc/test/auto/CatchUpComposite6.xml
WARNING: The execution aspects in this model can influence the timing of actors by delaying the 
execution, potentially changing the behavior. There is no guarantee that actors fire at the 
time they request to be fired. 
Use Ptides for deterministic DE behavior that is not influenced by execution aspects. 

69 ms. Memory: 208384K Free: 120240K (58%)
----------------- Invoking toplevel() on ptolemy.moml.MoMLSimpleApplication@607e99e5
----------------- Done invoking toplevel() on ptolemy.moml.MoMLSimpleApplication@607e99e5
reloadAllAccessors: .CatchUpComposite6

===========================================================================================
----------------- testing Tue Oct 23 02:32:33 UTC 2018 /home/travis/build/icyphy/ptII/ptolemy/actor/lib/hoc/test/auto/CatchUpComposite7.xml
----------------- Instantiating /home/travis/build/icyphy/ptII/ptolemy/actor/lib/hoc/test/auto/CatchUpComposite7.xml
WARNING: The execution aspects in this model can influence the timing of actors by delaying the 
execution, potentially changing the behavior. There is no guarantee that actors fire at the 
time they request to be fired. 
Use Ptides for deterministic DE behavior that is not influenced by execution aspects. 

51 ms. Memory: 208384K Free: 103441K (50%)
----------------- Invoking toplevel() on ptolemy.moml.MoMLSimpleApplication@99a2aae
----------------- Done invoking toplevel() on ptolemy.moml.MoMLSimpleApplication@99a2aae
reloadAllAccessors: .CatchUpComposite7

===========================================================================================
----------------- testing Tue Oct 23 02:32:33 UTC 2018 /home/travis/build/icyphy/ptII/ptolemy/actor/lib/hoc/test/auto/ConcurrentExecutionTimeSDF.xml
----------------- Instantiating /home/travis/build/icyphy/ptII/ptolemy/actor/lib/hoc/test/auto/ConcurrentExecutionTimeSDF.xml
Fired ExecutionTime: 40400000
Fired ExecutionTime: 40400000
Fired ExecutionTime: 40400000
Fired ExecutionTime: 40400000
Fired ExecutionTime: 40400000
Fired ExecutionTime: 40400000
Fired ExecutionTime: 40400000
Fired ExecutionTime: 40400000
Fired ExecutionTime: 40400000
Fired ExecutionTime: 40400000
Fired ExecutionTime: 40400000
Fired ExecutionTime: 40400000
Fired ExecutionTime: 40400000
Fired ExecutionTime: 40400000
Fired ExecutionTime: 40400000
Fired ExecutionTime: 40400000
Fired ExecutionTime: 40400000
Fired ExecutionTime: 40400000
Fired ExecutionTime: 40400000
Fired ExecutionTime: 40400000
1362 ms. Memory: 208384K Free: 94776K (45%)
----------------- Invoking toplevel() on ptolemy.moml.MoMLSimpleApplication@64072478
----------------- Done invoking toplevel() on ptolemy.moml.MoMLSimpleApplication@64072478
reloadAllAccessors: .ConcurrentExecutionTimeSDF

===========================================================================================
----------------- testing Tue Oct 23 02:32:34 UTC 2018 /home/travis/build/icyphy/ptII/ptolemy/actor/lib/hoc/test/auto/ConcurrentSleep.xml
----------------- Instantiating /home/travis/build/icyphy/ptII/ptolemy/actor/lib/hoc/test/auto/ConcurrentSleep.xml
720 ms. Memory: 208384K Free: 80505K (39%)
----------------- Invoking toplevel() on ptolemy.moml.MoMLSimpleApplication@10da78e1
----------------- Done invoking toplevel() on ptolemy.moml.MoMLSimpleApplication@10da78e1
reloadAllAccessors: .ConcurrentSleep

===========================================================================================
----------------- testing Tue Oct 23 02:32:35 UTC 2018 /home/travis/build/icyphy/ptII/ptolemy/actor/lib/hoc/test/auto/DEInPNInRunCompositeActor.xml
----------------- Instantiating /home/travis/build/icyphy/ptII/ptolemy/actor/lib/hoc/test/auto/DEInPNInRunCompositeActor.xml
8 ms. Memory: 208384K Free: 195971K (94%)
----------------- Invoking toplevel() on ptolemy.moml.MoMLSimpleApplication@446e9680
----------------- Done invoking toplevel() on ptolemy.moml.MoMLSimpleApplication@446e9680
reloadAllAccessors: .DEInPNInRunCompositeActor

===========================================================================================
----------------- testing Tue Oct 23 02:32:35 UTC 2018 /home/travis/build/icyphy/ptII/ptolemy/actor/lib/hoc/test/auto/DFTSubSetTest.xml
----------------- Instantiating /home/travis/build/icyphy/ptII/ptolemy/actor/lib/hoc/test/auto/DFTSubSetTest.xml
133 ms. Memory: 208384K Free: 147545K (71%)
----------------- Invoking toplevel() on ptolemy.moml.MoMLSimpleApplication@36b5de20
----------------- Done invoking toplevel() on ptolemy.moml.MoMLSimpleApplication@36b5de20
reloadAllAccessors: .DFTSubSetTest

===========================================================================================
----------------- testing Tue Oct 23 02:32:35 UTC 2018 /home/travis/build/icyphy/ptII/ptolemy/actor/lib/hoc/test/auto/HocDE.xml
----------------- Instantiating /home/travis/build/icyphy/ptII/ptolemy/actor/lib/hoc/test/auto/HocDE.xml
128 ms. Memory: 208384K Free: 120495K (58%)
----------------- Invoking toplevel() on ptolemy.moml.MoMLSimpleApplication@1f97a65b
----------------- Done invoking toplevel() on ptolemy.moml.MoMLSimpleApplication@1f97a65b
reloadAllAccessors: .HocDE

===========================================================================================
----------------- testing Tue Oct 23 02:32:35 UTC 2018 /home/travis/build/icyphy/ptII/ptolemy/actor/lib/hoc/test/auto/IterateOverArray.xml
----------------- Instantiating /home/travis/build/icyphy/ptII/ptolemy/actor/lib/hoc/test/auto/IterateOverArray.xml
6 ms. Memory: 208384K Free: 114127K (55%)
----------------- Invoking toplevel() on ptolemy.moml.MoMLSimpleApplication@4805cdd8
----------------- Done invoking toplevel() on ptolemy.moml.MoMLSimpleApplication@4805cdd8
reloadAllAccessors: .IterateOverArray

===========================================================================================
----------------- testing Tue Oct 23 02:32:35 UTC 2018 /home/travis/build/icyphy/ptII/ptolemy/actor/lib/hoc/test/auto/IterateOverArray10.xml
----------------- Instantiating /home/travis/build/icyphy/ptII/ptolemy/actor/lib/hoc/test/auto/IterateOverArray10.xml
3 ms. Memory: 208384K Free: 109998K (53%)
----------------- Invoking toplevel() on ptolemy.moml.MoMLSimpleApplication@5af9e1d3
----------------- Done invoking toplevel() on ptolemy.moml.MoMLSimpleApplication@5af9e1d3
reloadAllAccessors: .IterateOverArray10

===========================================================================================
----------------- testing Tue Oct 23 02:32:35 UTC 2018 /home/travis/build/icyphy/ptII/ptolemy/actor/lib/hoc/test/auto/IterateOverArray11.xml
----------------- Instantiating /home/travis/build/icyphy/ptII/ptolemy/actor/lib/hoc/test/auto/IterateOverArray11.xml
5 ms. Memory: 208384K Free: 104449K (50%)
----------------- Invoking toplevel() on ptolemy.moml.MoMLSimpleApplication@7958a381
----------------- Done invoking toplevel() on ptolemy.moml.MoMLSimpleApplication@7958a381
reloadAllAccessors: .IterateOverArray11

===========================================================================================
----------------- testing Tue Oct 23 02:32:35 UTC 2018 /home/travis/build/icyphy/ptII/ptolemy/actor/lib/hoc/test/auto/IterateOverArray12.xml
----------------- Instantiating /home/travis/build/icyphy/ptII/ptolemy/actor/lib/hoc/test/auto/IterateOverArray12.xml
20 ms. Memory: 208384K Free: 97831K (47%)
----------------- Invoking toplevel() on ptolemy.moml.MoMLSimpleApplication@662023
----------------- Done invoking toplevel() on ptolemy.moml.MoMLSimpleApplication@662023
reloadAllAccessors: .IterateOverArray12

===========================================================================================
----------------- testing Tue Oct 23 02:32:36 UTC 2018 /home/travis/build/icyphy/ptII/ptolemy/actor/lib/hoc/test/auto/IterateOverArray13.xml
----------------- Instantiating /home/travis/build/icyphy/ptII/ptolemy/actor/lib/hoc/test/auto/IterateOverArray13.xml
89 ms. Memory: 331264K Free: 311869K (94%)
----------------- Invoking toplevel() on ptolemy.moml.MoMLSimpleApplication@622bc4dd
----------------- Done invoking toplevel() on ptolemy.moml.MoMLSimpleApplication@622bc4dd
reloadAllAccessors: .IterateOverArray13

===========================================================================================
----------------- testing Tue Oct 23 02:32:36 UTC 2018 /home/travis/build/icyphy/ptII/ptolemy/actor/lib/hoc/test/auto/IterateOverArray14.xml
----------------- Instantiating /home/travis/build/icyphy/ptII/ptolemy/actor/lib/hoc/test/auto/IterateOverArray14.xml
73 ms. Memory: 331264K Free: 274923K (83%)
----------------- Invoking toplevel() on ptolemy.moml.MoMLSimpleApplication@2df3d264
----------------- Done invoking toplevel() on ptolemy.moml.MoMLSimpleApplication@2df3d264
reloadAllAccessors: .IterateOverArray14

===========================================================================================
----------------- testing Tue Oct 23 02:32:36 UTC 2018 /home/travis/build/icyphy/ptII/ptolemy/actor/lib/hoc/test/auto/IterateOverArray2.xml
----------------- Instantiating /home/travis/build/icyphy/ptII/ptolemy/actor/lib/hoc/test/auto/IterateOverArray2.xml
4 ms. Memory: 331264K Free: 268381K (81%)
----------------- Invoking toplevel() on ptolemy.moml.MoMLSimpleApplication@3e3aa7a3
----------------- Done invoking toplevel() on ptolemy.moml.MoMLSimpleApplication@3e3aa7a3
reloadAllAccessors: .IterateOverArray2

===========================================================================================
----------------- testing Tue Oct 23 02:32:36 UTC 2018 /home/travis/build/icyphy/ptII/ptolemy/actor/lib/hoc/test/auto/IterateOverArray3.xml
----------------- Instantiating /home/travis/build/icyphy/ptII/ptolemy/actor/lib/hoc/test/auto/IterateOverArray3.xml
17 ms. Memory: 331264K Free: 260995K (79%)
----------------- Invoking toplevel() on ptolemy.moml.MoMLSimpleApplication@6182a906
----------------- Done invoking toplevel() on ptolemy.moml.MoMLSimpleApplication@6182a906
reloadAllAccessors: .IterateOverArray3

===========================================================================================
----------------- testing Tue Oct 23 02:32:36 UTC 2018 /home/travis/build/icyphy/ptII/ptolemy/actor/lib/hoc/test/auto/IterateOverArray4.xml
----------------- Instantiating /home/travis/build/icyphy/ptII/ptolemy/actor/lib/hoc/test/auto/IterateOverArray4.xml
4 ms. Memory: 331264K Free: 256100K (77%)
----------------- Invoking toplevel() on ptolemy.moml.MoMLSimpleApplication@2dc72036
----------------- Done invoking toplevel() on ptolemy.moml.MoMLSimpleApplication@2dc72036
reloadAllAccessors: .IterateOverArray4

===========================================================================================
----------------- testing Tue Oct 23 02:32:36 UTC 2018 /home/travis/build/icyphy/ptII/ptolemy/actor/lib/hoc/test/auto/IterateOverArray5.xml
----------------- Instantiating /home/travis/build/icyphy/ptII/ptolemy/actor/lib/hoc/test/auto/IterateOverArray5.xml
3 ms. Memory: 331264K Free: 251189K (76%)
----------------- Invoking toplevel() on ptolemy.moml.MoMLSimpleApplication@21bbabed
----------------- Done invoking toplevel() on ptolemy.moml.MoMLSimpleApplication@21bbabed
reloadAllAccessors: .IterateOverArray5

===========================================================================================
----------------- testing Tue Oct 23 02:32:36 UTC 2018 /home/travis/build/icyphy/ptII/ptolemy/actor/lib/hoc/test/auto/IterateOverArray6.xml
----------------- Instantiating /home/travis/build/icyphy/ptII/ptolemy/actor/lib/hoc/test/auto/IterateOverArray6.xml
2 ms. Memory: 331264K Free: 245435K (74%)
----------------- Invoking toplevel() on ptolemy.moml.MoMLSimpleApplication@35bf651f
----------------- Done invoking toplevel() on ptolemy.moml.MoMLSimpleApplication@35bf651f
reloadAllAccessors: .IterateOverArray6

===========================================================================================
----------------- testing Tue Oct 23 02:32:36 UTC 2018 /home/travis/build/icyphy/ptII/ptolemy/actor/lib/hoc/test/auto/IterateOverArray7.xml
----------------- Instantiating /home/travis/build/icyphy/ptII/ptolemy/actor/lib/hoc/test/auto/IterateOverArray7.xml
4 ms. Memory: 331264K Free: 240524K (73%)
----------------- Invoking toplevel() on ptolemy.moml.MoMLSimpleApplication@5da0bb23
----------------- Done invoking toplevel() on ptolemy.moml.MoMLSimpleApplication@5da0bb23
reloadAllAccessors: .IterateOverArray7

===========================================================================================
----------------- testing Tue Oct 23 02:32:36 UTC 2018 /home/travis/build/icyphy/ptII/ptolemy/actor/lib/hoc/test/auto/IterateOverArray8.xml
----------------- Instantiating /home/travis/build/icyphy/ptII/ptolemy/actor/lib/hoc/test/auto/IterateOverArray8.xml
5 ms. Memory: 331264K Free: 234778K (71%)
----------------- Invoking toplevel() on ptolemy.moml.MoMLSimpleApplication@4f9cd8b3
----------------- Done invoking toplevel() on ptolemy.moml.MoMLSimpleApplication@4f9cd8b3
reloadAllAccessors: .IterateOverArray8

===========================================================================================
----------------- testing Tue Oct 23 02:32:36 UTC 2018 /home/travis/build/icyphy/ptII/ptolemy/actor/lib/hoc/test/auto/IterateOverArray9.xml
----------------- Instantiating /home/travis/build/icyphy/ptII/ptolemy/actor/lib/hoc/test/auto/IterateOverArray9.xml
7 ms. Memory: 331264K Free: 229883K (69%)
----------------- Invoking toplevel() on ptolemy.moml.MoMLSimpleApplication@61b2a613
----------------- Done invoking toplevel() on ptolemy.moml.MoMLSimpleApplication@61b2a613
reloadAllAccessors: .IterateOverArray9

===========================================================================================
----------------- testing Tue Oct 23 02:32:36 UTC 2018 /home/travis/build/icyphy/ptII/ptolemy/actor/lib/hoc/test/auto/IterateOverArrayCoercedOutputType.xml
----------------- Instantiating /home/travis/build/icyphy/ptII/ptolemy/actor/lib/hoc/test/auto/IterateOverArrayCoercedOutputType.xml
7 ms. Memory: 331264K Free: 223349K (67%)
----------------- Invoking toplevel() on ptolemy.moml.MoMLSimpleApplication@58f246b3
----------------- Done invoking toplevel() on ptolemy.moml.MoMLSimpleApplication@58f246b3
reloadAllAccessors: .IterateOverArrayCoercedOutputType

===========================================================================================
----------------- testing Tue Oct 23 02:32:36 UTC 2018 /home/travis/build/icyphy/ptII/ptolemy/actor/lib/hoc/test/auto/IterateOverArrayInferredOutputType.xml
----------------- Instantiating /home/travis/build/icyphy/ptII/ptolemy/actor/lib/hoc/test/auto/IterateOverArrayInferredOutputType.xml
5 ms. Memory: 331264K Free: 215963K (65%)
----------------- Invoking toplevel() on ptolemy.moml.MoMLSimpleApplication@1015b79a
----------------- Done invoking toplevel() on ptolemy.moml.MoMLSimpleApplication@1015b79a
reloadAllAccessors: .IterateOverArrayInferredOutputType

===========================================================================================
----------------- testing Tue Oct 23 02:32:36 UTC 2018 /home/travis/build/icyphy/ptII/ptolemy/actor/lib/hoc/test/auto/MobileFunctionTest.xml
----------------- Instantiating /home/travis/build/icyphy/ptII/ptolemy/actor/lib/hoc/test/auto/MobileFunctionTest.xml
6 ms. Memory: 331264K Free: 209389K (63%)
----------------- Invoking toplevel() on ptolemy.moml.MoMLSimpleApplication@222662c1
----------------- Done invoking toplevel() on ptolemy.moml.MoMLSimpleApplication@222662c1
reloadAllAccessors: .MobileFunctionTest

===========================================================================================
----------------- testing Tue Oct 23 02:32:36 UTC 2018 /home/travis/build/icyphy/ptII/ptolemy/actor/lib/hoc/test/auto/MobileModelTest.xml
----------------- Instantiating /home/travis/build/icyphy/ptII/ptolemy/actor/lib/hoc/test/auto/MobileModelTest.xml
82 ms. Memory: 331264K Free: 187278K (57%)
----------------- Invoking toplevel() on ptolemy.moml.MoMLSimpleApplication@114dc98
----------------- Done invoking toplevel() on ptolemy.moml.MoMLSimpleApplication@114dc98
reloadAllAccessors: .MobileModelTest

===========================================================================================
----------------- testing Tue Oct 23 02:32:36 UTC 2018 /home/travis/build/icyphy/ptII/ptolemy/actor/lib/hoc/test/auto/ModelReference.xml
----------------- Instantiating /home/travis/build/icyphy/ptII/ptolemy/actor/lib/hoc/test/auto/ModelReference.xml
2 ms. Memory: 331264K Free: 177440K (54%)
3 ms. Memory: 331264K Free: 177440K (54%)
1 ms. Memory: 331264K Free: 175793K (53%)
1 ms. Memory: 331264K Free: 175793K (53%)
2 ms. Memory: 331264K Free: 174161K (53%)
2 ms. Memory: 331264K Free: 174161K (53%)
2 ms. Memory: 331264K Free: 172529K (52%)
1 ms. Memory: 331264K Free: 172529K (52%)
2 ms. Memory: 331264K Free: 170898K (52%)
2 ms. Memory: 331264K Free: 170898K (52%)
27 ms. Memory: 331264K Free: 170898K (52%)
----------------- Invoking toplevel() on ptolemy.moml.MoMLSimpleApplication@144b4f31
----------------- Done invoking toplevel() on ptolemy.moml.MoMLSimpleApplication@144b4f31
reloadAllAccessors: .ModelReference

===========================================================================================
----------------- testing Tue Oct 23 02:32:36 UTC 2018 /home/travis/build/icyphy/ptII/ptolemy/actor/lib/hoc/test/auto/ModelReference3.xml
----------------- Instantiating /home/travis/build/icyphy/ptII/ptolemy/actor/lib/hoc/test/auto/ModelReference3.xml
2 ms. Memory: 331264K Free: 166003K (50%)
6 ms. Memory: 331264K Free: 164356K (50%)
2 ms. Memory: 331264K Free: 164356K (50%)
5 ms. Memory: 331264K Free: 162724K (49%)
2 ms. Memory: 331264K Free: 162724K (49%)
1 ms. Memory: 331264K Free: 161084K (49%)
1 ms. Memory: 331264K Free: 161084K (49%)
3 ms. Memory: 331264K Free: 159437K (48%)
1 ms. Memory: 331264K Free: 159437K (48%)
3 ms. Memory: 331264K Free: 157789K (48%)
36 ms. Memory: 331264K Free: 157789K (48%)
----------------- Invoking toplevel() on ptolemy.moml.MoMLSimpleApplication@78420079
----------------- Done invoking toplevel() on ptolemy.moml.MoMLSimpleApplication@78420079
reloadAllAccessors: .ModelReference3

===========================================================================================
----------------- testing Tue Oct 23 02:32:36 UTC 2018 /home/travis/build/icyphy/ptII/ptolemy/actor/lib/hoc/test/auto/ModelReference4.xml
----------------- Instantiating /home/travis/build/icyphy/ptII/ptolemy/actor/lib/hoc/test/auto/ModelReference4.xml
7 ms. Memory: 331264K Free: 150403K (45%)
2 ms. Memory: 331264K Free: 148772K (45%)
9 ms. Memory: 331264K Free: 147140K (44%)
2 ms. Memory: 331264K Free: 145509K (44%)
8 ms. Memory: 331264K Free: 142230K (43%)
2 ms. Memory: 331264K Free: 140598K (42%)
4 ms. Memory: 331264K Free: 138966K (42%)
4 ms. Memory: 331264K Free: 137335K (41%)
3 ms. Memory: 331264K Free: 135703K (41%)
2 ms. Memory: 331264K Free: 134072K (40%)
10023 ms. Memory: 331264K Free: 134072K (40%)
----------------- Invoking toplevel() on ptolemy.moml.MoMLSimpleApplication@61c14a69
----------------- Done invoking toplevel() on ptolemy.moml.MoMLSimpleApplication@61c14a69
reloadAllAccessors: .ModelReference4

===========================================================================================
----------------- testing Tue Oct 23 02:32:46 UTC 2018 /home/travis/build/icyphy/ptII/ptolemy/actor/lib/hoc/test/auto/MultiInstanceComposite.xml
----------------- Instantiating /home/travis/build/icyphy/ptII/ptolemy/actor/lib/hoc/test/auto/MultiInstanceComposite.xml
32 ms. Memory: 331264K Free: 116076K (35%)
----------------- Invoking toplevel() on ptolemy.moml.MoMLSimpleApplication@63f20b57
----------------- Done invoking toplevel() on ptolemy.moml.MoMLSimpleApplication@63f20b57
reloadAllAccessors: .MultiInstanceComposite

===========================================================================================
----------------- testing Tue Oct 23 02:32:46 UTC 2018 /home/travis/build/icyphy/ptII/ptolemy/actor/lib/hoc/test/auto/MultiInstanceComposite2.xml
----------------- Instantiating /home/travis/build/icyphy/ptII/ptolemy/actor/lib/hoc/test/auto/MultiInstanceComposite2.xml
21 ms. Memory: 331264K Free: 102100K (31%)
----------------- Invoking toplevel() on ptolemy.moml.MoMLSimpleApplication@24b13aa7
----------------- Done invoking toplevel() on ptolemy.moml.MoMLSimpleApplication@24b13aa7
reloadAllAccessors: .MultiInstanceComposite2

===========================================================================================
----------------- testing Tue Oct 23 02:32:47 UTC 2018 /home/travis/build/icyphy/ptII/ptolemy/actor/lib/hoc/test/auto/MulticoreExecution.xml
----------------- Instantiating /home/travis/build/icyphy/ptII/ptolemy/actor/lib/hoc/test/auto/MulticoreExecution.xml
Fired ExecutionTime: 3600000
Fired ExecutionTime: 2400000
Fired ExecutionTime: 1600000
Fired ExecutionTime: 4400000
Fired ExecutionTime: 2800000
Fired ExecutionTime: 2800000
Fired ExecutionTime: 2800000
Fired ExecutionTime: 3200000
Fired ExecutionTime: 2800000
Fired ExecutionTime: 3200000
Fired ExecutionTime: 2400000
Fired ExecutionTime: 3600000
Fired ExecutionTime: 2800000
Fired ExecutionTime: 3200000
Fired ExecutionTime: 17600000
Fired ExecutionTime: 23200000
Fired ExecutionTime: 88400000
Fired ExecutionTime: 89200000
Fired ExecutionTime: 88000000
Fired ExecutionTime: 82800000
1134 ms. Memory: 331264K Free: 89015K (27%)
----------------- Invoking toplevel() on ptolemy.moml.MoMLSimpleApplication@16d6b278
----------------- Done invoking toplevel() on ptolemy.moml.MoMLSimpleApplication@16d6b278
reloadAllAccessors: .MulticoreExecution

===========================================================================================
----------------- testing Tue Oct 23 02:32:48 UTC 2018 /home/travis/build/icyphy/ptII/ptolemy/actor/lib/hoc/test/auto/ParallelExecution.xml
----------------- Instantiating /home/travis/build/icyphy/ptII/ptolemy/actor/lib/hoc/test/auto/ParallelExecution.xml
939 ms. Memory: 332288K Free: 319955K (96%)
----------------- Invoking toplevel() on ptolemy.moml.MoMLSimpleApplication@6ea6e7f6
----------------- Done invoking toplevel() on ptolemy.moml.MoMLSimpleApplication@6ea6e7f6
reloadAllAccessors: .ParallelExecution

===========================================================================================
----------------- testing Tue Oct 23 02:32:49 UTC 2018 /home/travis/build/icyphy/ptII/ptolemy/actor/lib/hoc/test/auto/RunCompositeActor.xml
----------------- Instantiating /home/travis/build/icyphy/ptII/ptolemy/actor/lib/hoc/test/auto/RunCompositeActor.xml
8 ms. Memory: 332288K Free: 309885K (93%)
----------------- Invoking toplevel() on ptolemy.moml.MoMLSimpleApplication@218e286f
----------------- Done invoking toplevel() on ptolemy.moml.MoMLSimpleApplication@218e286f
reloadAllAccessors: .RunCompositeActor

===========================================================================================
----------------- testing Tue Oct 23 02:32:49 UTC 2018 /home/travis/build/icyphy/ptII/ptolemy/actor/lib/hoc/test/auto/RunCompositeActor2.xml
----------------- Instantiating /home/travis/build/icyphy/ptII/ptolemy/actor/lib/hoc/test/auto/RunCompositeActor2.xml
4 ms. Memory: 332288K Free: 301839K (91%)
----------------- Invoking toplevel() on ptolemy.moml.MoMLSimpleApplication@604ed84f
----------------- Done invoking toplevel() on ptolemy.moml.MoMLSimpleApplication@604ed84f
reloadAllAccessors: .RunCompositeActor2

===========================================================================================
----------------- testing Tue Oct 23 02:32:49 UTC 2018 /home/travis/build/icyphy/ptII/ptolemy/actor/lib/hoc/test/auto/RunCompositeActor3.xml
----------------- Instantiating /home/travis/build/icyphy/ptII/ptolemy/actor/lib/hoc/test/auto/RunCompositeActor3.xml
4 ms. Memory: 332288K Free: 295681K (89%)
----------------- Invoking toplevel() on ptolemy.moml.MoMLSimpleApplication@162502e7
----------------- Done invoking toplevel() on ptolemy.moml.MoMLSimpleApplication@162502e7
reloadAllAccessors: .RunCompositeActor3

===========================================================================================
----------------- testing Tue Oct 23 02:32:49 UTC 2018 /home/travis/build/icyphy/ptII/ptolemy/actor/lib/hoc/test/auto/RunCompositeActor4.xml
----------------- Instantiating /home/travis/build/icyphy/ptII/ptolemy/actor/lib/hoc/test/auto/RunCompositeActor4.xml
13 ms. Memory: 332288K Free: 286274K (86%)
----------------- Invoking toplevel() on ptolemy.moml.MoMLSimpleApplication@17a38782
----------------- Done invoking toplevel() on ptolemy.moml.MoMLSimpleApplication@17a38782
reloadAllAccessors: .RunCompositeActor4

===========================================================================================
----------------- testing Tue Oct 23 02:32:49 UTC 2018 /home/travis/build/icyphy/ptII/ptolemy/actor/lib/hoc/test/auto/RunCompositeIterateOverArray.xml
----------------- Instantiating /home/travis/build/icyphy/ptII/ptolemy/actor/lib/hoc/test/auto/RunCompositeIterateOverArray.xml
8 ms. Memory: 332288K Free: 278900K (84%)
----------------- Invoking toplevel() on ptolemy.moml.MoMLSimpleApplication@4cd0dbbf
----------------- Done invoking toplevel() on ptolemy.moml.MoMLSimpleApplication@4cd0dbbf
reloadAllAccessors: .RunCompositeIterateOverArray

===========================================================================================
----------------- testing Tue Oct 23 02:32:49 UTC 2018 /home/travis/build/icyphy/ptII/ptolemy/actor/lib/hoc/test/auto/ThreadedJS.xml
----------------- Instantiating /home/travis/build/icyphy/ptII/ptolemy/actor/lib/hoc/test/auto/ThreadedJS.xml
1596 ms. Memory: 540160K Free: 158747K (29%)
----------------- Invoking toplevel() on ptolemy.moml.MoMLSimpleApplication@1288cf25
----------------- Done invoking toplevel() on ptolemy.moml.MoMLSimpleApplication@1288cf25
reloadAllAccessors: .ThreadedJS
AutoTests.java: About to close Vertx.
AutoTests.java: Vertx closed.
]]></system-out>
  <system-err><![CDATA[java.lang.RuntimeException: Execution failed
	at ptolemy.moml.MoMLSimpleApplication$UnloadThread.run(MoMLSimpleApplication.java:402)
Caused by: ptolemy.kernel.util.IllegalActionException: initialize() was called after wrapup() was called but preinitialize() was not called after wrapup().
	at ptolemy.actor.lib.hoc.test.PreinitializeMustBeInvoked.initialize(PreinitializeMustBeInvoked.java:78)
	at ptolemy.actor.Director.initialize(Director.java:938)
	at ptolemy.actor.Director.initialize(Director.java:907)
	at ptolemy.actor.sched.StaticSchedulingDirector.initialize(StaticSchedulingDirector.java:159)
	at ptolemy.domains.sdf.kernel.SDFDirector.initialize(SDFDirector.java:544)
	at ptolemy.actor.CompositeActor.initialize(CompositeActor.java:935)
	at ptolemy.actor.lib.hoc.LifeCycleManager._executeInsideModel(LifeCycleManager.java:339)
	at ptolemy.actor.lib.hoc.RunCompositeActor.fire(RunCompositeActor.java:205)
	at ptolemy.actor.CompositeActor.iterate(CompositeActor.java:1146)
	at ptolemy.actor.sched.StaticSchedulingDirector.fire(StaticSchedulingDirector.java:216)
	at ptolemy.domains.sdf.kernel.SDFDirector.fire(SDFDirector.java:500)
	at ptolemy.actor.CompositeActor.fire(CompositeActor.java:455)
	at ptolemy.actor.Manager.iterate(Manager.java:851)
	at ptolemy.actor.Manager.execute(Manager.java:369)
	at ptolemy.actor.Manager.run(Manager.java:1263)
	at ptolemy.actor.Manager$PtolemyRunThread.run(Manager.java:1915)
java.lang.reflect.InvocationTargetException
	at sun.reflect.NativeConstructorAccessorImpl.newInstance0(Native Method)
	at sun.reflect.NativeConstructorAccessorImpl.newInstance(NativeConstructorAccessorImpl.java:62)
	at sun.reflect.DelegatingConstructorAccessorImpl.newInstance(DelegatingConstructorAccessorImpl.java:45)
	at java.lang.reflect.Constructor.newInstance(Constructor.java:423)
	at ptolemy.util.test.junit.AutoKnownFailedTests.RunModel(AutoKnownFailedTests.java:105)
	at sun.reflect.NativeMethodAccessorImpl.invoke0(Native Method)
	at sun.reflect.NativeMethodAccessorImpl.invoke(NativeMethodAccessorImpl.java:62)
	at sun.reflect.DelegatingMethodAccessorImpl.invoke(DelegatingMethodAccessorImpl.java:43)
	at java.lang.reflect.Method.invoke(Method.java:498)
	at org.junit.runners.model.FrameworkMethod$1.runReflectiveCall(FrameworkMethod.java:44)
	at org.junit.internal.runners.model.ReflectiveCallable.run(ReflectiveCallable.java:15)
	at org.junit.runners.model.FrameworkMethod.invokeExplosively(FrameworkMethod.java:41)
	at junitparams.internal.InvokeParameterisedMethod.evaluate(InvokeParameterisedMethod.java:102)
	at org.junit.internal.runners.statements.FailOnTimeout$1.run(FailOnTimeout.java:28)
Caused by: ptolemy.kernel.util.IllegalActionException: initialize() was called after wrapup() was called but preinitialize() was not called after wrapup().
	at ptolemy.actor.lib.hoc.test.PreinitializeMustBeInvoked.initialize(PreinitializeMustBeInvoked.java:78)
	at ptolemy.actor.Director.initialize(Director.java:938)
	at ptolemy.actor.Director.initialize(Director.java:907)
	at ptolemy.actor.sched.StaticSchedulingDirector.initialize(StaticSchedulingDirector.java:159)
	at ptolemy.domains.sdf.kernel.SDFDirector.initialize(SDFDirector.java:544)
	at ptolemy.actor.CompositeActor.initialize(CompositeActor.java:935)
	at ptolemy.actor.lib.hoc.LifeCycleManager._executeInsideModel(LifeCycleManager.java:339)
	at ptolemy.actor.lib.hoc.RunCompositeActor.fire(RunCompositeActor.java:205)
	at ptolemy.actor.CompositeActor.iterate(CompositeActor.java:1146)
	at ptolemy.actor.sched.StaticSchedulingDirector.fire(StaticSchedulingDirector.java:216)
	at ptolemy.domains.sdf.kernel.SDFDirector.fire(SDFDirector.java:500)
	at ptolemy.actor.CompositeActor.fire(CompositeActor.java:455)
	at ptolemy.actor.Manager.iterate(Manager.java:851)
	at ptolemy.actor.Manager.execute(Manager.java:369)
	at ptolemy.actor.Manager.run(Manager.java:1263)
	at ptolemy.actor.Manager$PtolemyRunThread.run(Manager.java:1915)
]]></system-err>
</testsuite>
