<?xml version="1.0" encoding="UTF-8" ?>
<testsuite errors="0" failures="0" hostname="travis-job-b865a23f-5dea-4adf-8659-edd48b441673" name="ptolemy.domains.de.test.junit.JUnitTclTest" skipped="0" tests="101" time="130.448" timestamp="2018-08-20T01:59:54">
  <properties>
[...]
</properties>
  <testcase classname="ptolemy.util.test.junit.TclTests" name="[0] /home/travis/build/icyphy/ptII/ptolemy/domains/de/test/DependencyLoop.tcl (RunTclFile)" time="0.799" />
  <testcase classname="ptolemy.util.test.junit.TclTests" name="[1] /home/travis/build/icyphy/ptII/ptolemy/domains/de/test/RunDETestsAsQSS.tcl (RunTclFile)" time="89.296" />
  <testcase classname="ptolemy.util.test.junit.AutoKnownFailedTests" name="[0] /home/travis/build/icyphy/ptII/ptolemy/domains/de/test/auto/knownFailedTests/DESDFClockTest.xml (RunModel)" time="2.024" />
  <testcase classname="ptolemy.util.test.junit.AutoKnownFailedTests" name="[1] /home/travis/build/icyphy/ptII/ptolemy/domains/de/test/auto/knownFailedTests/DirectFeedback.xml (RunModel)" time="0.017" />
  <testcase classname="ptolemy.util.test.junit.AutoKnownFailedTests" name="[2] /home/travis/build/icyphy/ptII/ptolemy/domains/de/test/auto/knownFailedTests/FSMSource.xml (RunModel)" time="0.024" />
  <testcase classname="ptolemy.util.test.junit.AutoKnownFailedTests" name="[3] /home/travis/build/icyphy/ptII/ptolemy/domains/de/test/auto/knownFailedTests/HierarchicalModel.xml (RunModel)" time="0.026" />
  <testcase classname="ptolemy.util.test.junit.AutoKnownFailedTests" name="[4] /home/travis/build/icyphy/ptII/ptolemy/domains/de/test/auto/knownFailedTests/dependencyLoop.xml (RunModel)" time="0.022" />
  <testcase classname="ptolemy.util.test.junit.AutoKnownFailedTests" name="[5] /home/travis/build/icyphy/ptII/ptolemy/domains/de/test/auto/knownFailedTests/dependencyLoop2.xml (RunModel)" time="0.026" />
  <testcase classname="ptolemy.util.test.junit.AutoNameArchTests" name="[0] ThereAreNoAutoArchTests (RunModel)" time="0.005" />
  <testcase classname="ptolemy.util.test.junit.AutoTests" name="[0] /home/travis/build/icyphy/ptII/ptolemy/domains/de/test/auto/ActorDepthCalculation_actorWithoutPorts.xml (RunModel)" time="0.009" />
  <testcase classname="ptolemy.util.test.junit.AutoTests" name="[1] /home/travis/build/icyphy/ptII/ptolemy/domains/de/test/auto/AssemblyLine.xml (RunModel)" time="0.021" />
  <testcase classname="ptolemy.util.test.junit.AutoTests" name="[2] /home/travis/build/icyphy/ptII/ptolemy/domains/de/test/auto/CQBug1.xml (RunModel)" time="0.007" />
  <testcase classname="ptolemy.util.test.junit.AutoTests" name="[3] /home/travis/build/icyphy/ptII/ptolemy/domains/de/test/auto/CancelFireAt.xml (RunModel)" time="0.014" />
  <testcase classname="ptolemy.util.test.junit.AutoTests" name="[4] /home/travis/build/icyphy/ptII/ptolemy/domains/de/test/auto/CausalityAndComposabilityAnalysis.xml (RunModel)" time="0.01" />
  <testcase classname="ptolemy.util.test.junit.AutoTests" name="[5] /home/travis/build/icyphy/ptII/ptolemy/domains/de/test/auto/CausalityInterface1.xml (RunModel)" time="0.011" />
  <testcase classname="ptolemy.util.test.junit.AutoTests" name="[6] /home/travis/build/icyphy/ptII/ptolemy/domains/de/test/auto/CausalityInterface15.xml (RunModel)" time="0.012" />
  <testcase classname="ptolemy.util.test.junit.AutoTests" name="[7] /home/travis/build/icyphy/ptII/ptolemy/domains/de/test/auto/CausalityInterface2.xml (RunModel)" time="0.013" />
  <testcase classname="ptolemy.util.test.junit.AutoTests" name="[8] /home/travis/build/icyphy/ptII/ptolemy/domains/de/test/auto/CausalityInterface3.xml (RunModel)" time="0.008" />
  <testcase classname="ptolemy.util.test.junit.AutoTests" name="[9] /home/travis/build/icyphy/ptII/ptolemy/domains/de/test/auto/ClockDrift.xml (RunModel)" time="0.045" />
  <testcase classname="ptolemy.util.test.junit.AutoTests" name="[10] /home/travis/build/icyphy/ptII/ptolemy/domains/de/test/auto/ClockDriftAndValueChange.xml (RunModel)" time="0.03" />
  <testcase classname="ptolemy.util.test.junit.AutoTests" name="[11] /home/travis/build/icyphy/ptII/ptolemy/domains/de/test/auto/ClockDriftChange.xml (RunModel)" time="0.033" />
  <testcase classname="ptolemy.util.test.junit.AutoTests" name="[12] /home/travis/build/icyphy/ptII/ptolemy/domains/de/test/auto/ComposableCausalityAnalysis.xml (RunModel)" time="0.016" />
  <testcase classname="ptolemy.util.test.junit.AutoTests" name="[13] /home/travis/build/icyphy/ptII/ptolemy/domains/de/test/auto/DEFixedPointLimitation.xml (RunModel)" time="0.013" />
  <testcase classname="ptolemy.util.test.junit.AutoTests" name="[14] /home/travis/build/icyphy/ptII/ptolemy/domains/de/test/auto/DEScheduleTest.xml (RunModel)" time="0.042" />
  <testcase classname="ptolemy.util.test.junit.AutoTests" name="[15] /home/travis/build/icyphy/ptII/ptolemy/domains/de/test/auto/DEinDEwithStartTimes.xml (RunModel)" time="0.02" />
  <testcase classname="ptolemy.util.test.junit.AutoTests" name="[16] /home/travis/build/icyphy/ptII/ptolemy/domains/de/test/auto/DEinDEwithStartTimes2.xml (RunModel)" time="0.017" />
  <testcase classname="ptolemy.util.test.junit.AutoTests" name="[17] /home/travis/build/icyphy/ptII/ptolemy/domains/de/test/auto/DateDemo.xml (RunModel)" time="0.034" />
  <testcase classname="ptolemy.util.test.junit.AutoTests" name="[18] /home/travis/build/icyphy/ptII/ptolemy/domains/de/test/auto/DateToEvent.xml (RunModel)" time="2.045" />
  <testcase classname="ptolemy.util.test.junit.AutoTests" name="[19] /home/travis/build/icyphy/ptII/ptolemy/domains/de/test/auto/DepthTest1.xml (RunModel)" time="0.015" />
  <testcase classname="ptolemy.util.test.junit.AutoTests" name="[20] /home/travis/build/icyphy/ptII/ptolemy/domains/de/test/auto/DepthTest2.xml (RunModel)" time="0.02" />
  <testcase classname="ptolemy.util.test.junit.AutoTests" name="[21] /home/travis/build/icyphy/ptII/ptolemy/domains/de/test/auto/DepthTest3.xml (RunModel)" time="0.009" />
  <testcase classname="ptolemy.util.test.junit.AutoTests" name="[22] /home/travis/build/icyphy/ptII/ptolemy/domains/de/test/auto/DepthTest4.xml (RunModel)" time="0.017" />
  <testcase classname="ptolemy.util.test.junit.AutoTests" name="[23] /home/travis/build/icyphy/ptII/ptolemy/domains/de/test/auto/DepthTest5.xml (RunModel)" time="0.024" />
  <testcase classname="ptolemy.util.test.junit.AutoTests" name="[24] /home/travis/build/icyphy/ptII/ptolemy/domains/de/test/auto/DepthTest6.xml (RunModel)" time="0.022" />
  <testcase classname="ptolemy.util.test.junit.AutoTests" name="[25] /home/travis/build/icyphy/ptII/ptolemy/domains/de/test/auto/DepthTest7.xml (RunModel)" time="0.019" />
  <testcase classname="ptolemy.util.test.junit.AutoTests" name="[26] /home/travis/build/icyphy/ptII/ptolemy/domains/de/test/auto/EventToDate.xml (RunModel)" time="3.042" />
  <testcase classname="ptolemy.util.test.junit.AutoTests" name="[27] /home/travis/build/icyphy/ptII/ptolemy/domains/de/test/auto/FSM1.xml (RunModel)" time="0.048" />
  <testcase classname="ptolemy.util.test.junit.AutoTests" name="[28] /home/travis/build/icyphy/ptII/ptolemy/domains/de/test/auto/FSM7.xml (RunModel)" time="0.038" />
  <testcase classname="ptolemy.util.test.junit.AutoTests" name="[29] /home/travis/build/icyphy/ptII/ptolemy/domains/de/test/auto/Inspection.xml (RunModel)" time="0.071" />
  <testcase classname="ptolemy.util.test.junit.AutoTests" name="[30] /home/travis/build/icyphy/ptII/ptolemy/domains/de/test/auto/Iteration.xml (RunModel)" time="0.03" />
  <testcase classname="ptolemy.util.test.junit.AutoTests" name="[31] /home/travis/build/icyphy/ptII/ptolemy/domains/de/test/auto/LineFault.xml (RunModel)" time="0.648" />
  <testcase classname="ptolemy.util.test.junit.AutoTests" name="[32] /home/travis/build/icyphy/ptII/ptolemy/domains/de/test/auto/MergeModel1Add.xml (RunModel)" time="0.043" />
  <testcase classname="ptolemy.util.test.junit.AutoTests" name="[33] /home/travis/build/icyphy/ptII/ptolemy/domains/de/test/auto/MergeModel2Add.xml (RunModel)" time="0.041" />
  <testcase classname="ptolemy.util.test.junit.AutoTests" name="[34] /home/travis/build/icyphy/ptII/ptolemy/domains/de/test/auto/MergeModel3Add.xml (RunModel)" time="0.051" />
  <testcase classname="ptolemy.util.test.junit.AutoTests" name="[35] /home/travis/build/icyphy/ptII/ptolemy/domains/de/test/auto/MergeWithoutDiscard.xml (RunModel)" time="0.01" />
  <testcase classname="ptolemy.util.test.junit.AutoTests" name="[36] /home/travis/build/icyphy/ptII/ptolemy/domains/de/test/auto/Modal1.xml (RunModel)" time="0.037" />
  <testcase classname="ptolemy.util.test.junit.AutoTests" name="[37] /home/travis/build/icyphy/ptII/ptolemy/domains/de/test/auto/Modal2.xml (RunModel)" time="0.036" />
  <testcase classname="ptolemy.util.test.junit.AutoTests" name="[38] /home/travis/build/icyphy/ptII/ptolemy/domains/de/test/auto/Modal3.xml (RunModel)" time="0.034" />
  <testcase classname="ptolemy.util.test.junit.AutoTests" name="[39] /home/travis/build/icyphy/ptII/ptolemy/domains/de/test/auto/Modal4.xml (RunModel)" time="0.037" />
  <testcase classname="ptolemy.util.test.junit.AutoTests" name="[40] /home/travis/build/icyphy/ptII/ptolemy/domains/de/test/auto/Modal5.xml (RunModel)" time="0.034" />
  <testcase classname="ptolemy.util.test.junit.AutoTests" name="[41] /home/travis/build/icyphy/ptII/ptolemy/domains/de/test/auto/Modal6.xml (RunModel)" time="0.032" />
  <testcase classname="ptolemy.util.test.junit.AutoTests" name="[42] /home/travis/build/icyphy/ptII/ptolemy/domains/de/test/auto/Modal7.xml (RunModel)" time="0.034" />
  <testcase classname="ptolemy.util.test.junit.AutoTests" name="[43] /home/travis/build/icyphy/ptII/ptolemy/domains/de/test/auto/ModalModel.xml (RunModel)" time="0.189" />
  <testcase classname="ptolemy.util.test.junit.AutoTests" name="[44] /home/travis/build/icyphy/ptII/ptolemy/domains/de/test/auto/ModalSource.xml (RunModel)" time="0.019" />
  <testcase classname="ptolemy.util.test.junit.AutoTests" name="[45] /home/travis/build/icyphy/ptII/ptolemy/domains/de/test/auto/NonInterruptibleTimerZeroDelay.xml (RunModel)" time="0.012" />
  <testcase classname="ptolemy.util.test.junit.AutoTests" name="[46] /home/travis/build/icyphy/ptII/ptolemy/domains/de/test/auto/OpenQueueingNetwork.xml (RunModel)" time="2.472" />
  <testcase classname="ptolemy.util.test.junit.AutoTests" name="[47] /home/travis/build/icyphy/ptII/ptolemy/domains/de/test/auto/OpenQueuingNetwork.xml (RunModel)" time="0.311" />
  <testcase classname="ptolemy.util.test.junit.AutoTests" name="[48] /home/travis/build/icyphy/ptII/ptolemy/domains/de/test/auto/PeriodicSampler.xml (RunModel)" time="0.008" />
  <testcase classname="ptolemy.util.test.junit.AutoTests" name="[49] /home/travis/build/icyphy/ptII/ptolemy/domains/de/test/auto/PersistentIO.xml (RunModel)" time="0.024" />
  <testcase classname="ptolemy.util.test.junit.AutoTests" name="[50] /home/travis/build/icyphy/ptII/ptolemy/domains/de/test/auto/PortParameterResetOnInitialize.xml (RunModel)" time="0.009" />
  <testcase classname="ptolemy.util.test.junit.AutoTests" name="[51] /home/travis/build/icyphy/ptII/ptolemy/domains/de/test/auto/PortParameterUpdates.xml (RunModel)" time="0.019" />
  <testcase classname="ptolemy.util.test.junit.AutoTests" name="[52] /home/travis/build/icyphy/ptII/ptolemy/domains/de/test/auto/QueueAndServer.xml (RunModel)" time="0.02" />
  <testcase classname="ptolemy.util.test.junit.AutoTests" name="[53] /home/travis/build/icyphy/ptII/ptolemy/domains/de/test/auto/Records.xml (RunModel)" time="0.014" />
  <testcase classname="ptolemy.util.test.junit.AutoTests" name="[54] /home/travis/build/icyphy/ptII/ptolemy/domains/de/test/auto/ResetTransitionWithStartTime1.xml (RunModel)" time="0.038" />
  <testcase classname="ptolemy.util.test.junit.AutoTests" name="[55] /home/travis/build/icyphy/ptII/ptolemy/domains/de/test/auto/ResetTransitionWithStartTime2.xml (RunModel)" time="0.023" />
  <testcase classname="ptolemy.util.test.junit.AutoTests" name="[56] /home/travis/build/icyphy/ptII/ptolemy/domains/de/test/auto/ResetTransitionWithStartTime3.xml (RunModel)" time="0.019" />
  <testcase classname="ptolemy.util.test.junit.AutoTests" name="[57] /home/travis/build/icyphy/ptII/ptolemy/domains/de/test/auto/ResetTransitionWithStartTime4.xml (RunModel)" time="0.026" />
  <testcase classname="ptolemy.util.test.junit.AutoTests" name="[58] /home/travis/build/icyphy/ptII/ptolemy/domains/de/test/auto/ResettableTimer1.xml (RunModel)" time="0.011" />
  <testcase classname="ptolemy.util.test.junit.AutoTests" name="[59] /home/travis/build/icyphy/ptII/ptolemy/domains/de/test/auto/ResettableTimer2.xml (RunModel)" time="0.01" />
  <testcase classname="ptolemy.util.test.junit.AutoTests" name="[60] /home/travis/build/icyphy/ptII/ptolemy/domains/de/test/auto/ResettableTimer3.xml (RunModel)" time="0.01" />
  <testcase classname="ptolemy.util.test.junit.AutoTests" name="[61] /home/travis/build/icyphy/ptII/ptolemy/domains/de/test/auto/ResettableTimer4.xml (RunModel)" time="0.011" />
  <testcase classname="ptolemy.util.test.junit.AutoTests" name="[62] /home/travis/build/icyphy/ptII/ptolemy/domains/de/test/auto/ResettableTimer5.xml (RunModel)" time="0.011" />
  <testcase classname="ptolemy.util.test.junit.AutoTests" name="[63] /home/travis/build/icyphy/ptII/ptolemy/domains/de/test/auto/ResettableTimer6.xml (RunModel)" time="0.023" />
  <testcase classname="ptolemy.util.test.junit.AutoTests" name="[64] /home/travis/build/icyphy/ptII/ptolemy/domains/de/test/auto/ServerZeroDelay.xml (RunModel)" time="0.009" />
  <testcase classname="ptolemy.util.test.junit.AutoTests" name="[65] /home/travis/build/icyphy/ptII/ptolemy/domains/de/test/auto/SmartSender.xml (RunModel)" time="3.011" />
  <testcase classname="ptolemy.util.test.junit.AutoTests" name="[66] /home/travis/build/icyphy/ptII/ptolemy/domains/de/test/auto/ThreadedComposite.xml (RunModel)" time="0.204" />
  <testcase classname="ptolemy.util.test.junit.AutoTests" name="[67] /home/travis/build/icyphy/ptII/ptolemy/domains/de/test/auto/Time.xml (RunModel)" time="0.473" />
  <testcase classname="ptolemy.util.test.junit.AutoTests" name="[68] /home/travis/build/icyphy/ptII/ptolemy/domains/de/test/auto/TimeDelayZeroDelay.xml (RunModel)" time="0.012" />
  <testcase classname="ptolemy.util.test.junit.AutoTests" name="[69] /home/travis/build/icyphy/ptII/ptolemy/domains/de/test/auto/TimerZeroDelay.xml (RunModel)" time="0.011" />
  <testcase classname="ptolemy.util.test.junit.AutoTests" name="[70] /home/travis/build/icyphy/ptII/ptolemy/domains/de/test/auto/TimingParadox.xml (RunModel)" time="0.375" />
  <testcase classname="ptolemy.util.test.junit.AutoTests" name="[71] /home/travis/build/icyphy/ptII/ptolemy/domains/de/test/auto/TransferInputs.xml (RunModel)" time="0.01" />
  <testcase classname="ptolemy.util.test.junit.AutoTests" name="[72] /home/travis/build/icyphy/ptII/ptolemy/domains/de/test/auto/TransferOutputs2.xml (RunModel)" time="0.016" />
  <testcase classname="ptolemy.util.test.junit.AutoTests" name="[73] /home/travis/build/icyphy/ptII/ptolemy/domains/de/test/auto/Trilateration.xml (RunModel)" time="11.49" />
  <testcase classname="ptolemy.util.test.junit.AutoTests" name="[74] /home/travis/build/icyphy/ptII/ptolemy/domains/de/test/auto/TwoSigmaDelta.xml (RunModel)" time="1.962" />
  <testcase classname="ptolemy.util.test.junit.AutoTests" name="[75] /home/travis/build/icyphy/ptII/ptolemy/domains/de/test/auto/VariableDelay.xml (RunModel)" time="0.018" />
  <testcase classname="ptolemy.util.test.junit.AutoTests" name="[76] /home/travis/build/icyphy/ptII/ptolemy/domains/de/test/auto/VariableDelay2.xml (RunModel)" time="0.011" />
  <testcase classname="ptolemy.util.test.junit.AutoTests" name="[77] /home/travis/build/icyphy/ptII/ptolemy/domains/de/test/auto/VariableDelayZeroDelay.xml (RunModel)" time="0.014" />
  <testcase classname="ptolemy.util.test.junit.AutoTests" name="[78] /home/travis/build/icyphy/ptII/ptolemy/domains/de/test/auto/VariableDelayZeroDelay2.xml (RunModel)" time="0.021" />
  <testcase classname="ptolemy.util.test.junit.AutoTests" name="[79] /home/travis/build/icyphy/ptII/ptolemy/domains/de/test/auto/deInCt.xml (RunModel)" time="0.021" />
  <testcase classname="ptolemy.util.test.junit.AutoTests" name="[80] /home/travis/build/icyphy/ptII/ptolemy/domains/de/test/auto/deInCt2.xml (RunModel)" time="0.014" />
  <testcase classname="ptolemy.util.test.junit.AutoTests" name="[81] /home/travis/build/icyphy/ptII/ptolemy/domains/de/test/auto/dynamicCausalityInterface1.xml (RunModel)" time="0.019" />
  <testcase classname="ptolemy.util.test.junit.AutoTests" name="[82] /home/travis/build/icyphy/ptII/ptolemy/domains/de/test/auto/fsm_de_test.xml (RunModel)" time="0.024" />
  <testcase classname="ptolemy.util.test.junit.AutoTests" name="[83] /home/travis/build/icyphy/ptII/ptolemy/domains/de/test/auto/functionDependencyReconstruction.xml (RunModel)" time="0.039" />
  <testcase classname="ptolemy.util.test.junit.AutoTests" name="[84] /home/travis/build/icyphy/ptII/ptolemy/domains/de/test/auto/multirate.xml (RunModel)" time="0.015" />
  <testcase classname="ptolemy.util.test.junit.AutoTests" name="[85] /home/travis/build/icyphy/ptII/ptolemy/domains/de/test/auto/multirate2.xml (RunModel)" time="0.014" />
  <testcase classname="ptolemy.util.test.junit.AutoTests" name="[86] /home/travis/build/icyphy/ptII/ptolemy/domains/de/test/auto/realtime.xml (RunModel)" time="10.01" />
  <testcase classname="ptolemy.util.test.junit.AutoTests" name="[87] /home/travis/build/icyphy/ptII/ptolemy/domains/de/test/auto/relationGroup.xml (RunModel)" time="0.007" />
  <testcase classname="ptolemy.util.test.junit.AutoTests" name="[88] /home/travis/build/icyphy/ptII/ptolemy/domains/de/test/auto/relationGroup2.xml (RunModel)" time="0.009" />
  <testcase classname="ptolemy.util.test.junit.AutoTests" name="[89] /home/travis/build/icyphy/ptII/ptolemy/domains/de/test/auto/sortWithOpaquePorts.xml (RunModel)" time="0.007" />
  <testcase classname="ptolemy.util.test.junit.AutoTests" name="[90] /home/travis/build/icyphy/ptII/ptolemy/domains/de/test/auto/transferInputsandOutputs.xml (RunModel)" time="0.024" />
  <testcase classname="ptolemy.util.test.junit.AutoTests" name="[91] /home/travis/build/icyphy/ptII/ptolemy/domains/de/test/auto/triggerType.xml (RunModel)" time="0.019" />
  <system-out><![CDATA[/home/travis/build/icyphy/ptII/ptolemy/domains/de/test/DependencyLoop.tcl
testDefs.tcl: setting time out to 9000 seconds at Mon Aug 20 01:59:54 UTC 2018
16 ms. Memory: 116224K Free: 93865K (81%)
17 ms. Memory: 146944K Free: 135458K (92%)
/home/travis/build/icyphy/ptII/ptolemy/domains/de/test/RunDETestsAsQSS.tcl
Run the DE tests using ptolemy.domains.qss.test.QSSDirectorTest, which extends QSSDirector and prints a message in the constructors.
------------------ testing $PTII/ptolemy/domains/de/test/auto/knownFailedTests/dependencyLoop.xml (Known Failure) 
8 ms. Memory: 146944K Free: 132346K (90%)


==== $PTIIhome/travis/build/icyphy/ptII/ptolemy/domains/de/test/../../../../: Auto Automatic test in file $PTII/ptolemy/domains/de/test/auto/knownFailedTests/dependencyLoop.xml
==== Contents of test case:

	    # FIXME: we should use $relativeFilename here, but it
	    # might have backslashes under Windows, which causes no end
	    # of trouble.
	    createAndExecute $file
	    list {}
	
.... Test generated KNOWN error:
    while executing
ptolemy.kernel.util.IllegalActionException: Found a zero delay loop containing .dependencyLoop.original
  in .dependencyLoop and .dependencyLoop.original
	at ptolemy.actor.util.CausalityInterfaceForComposites._computeOutputPortDepth(CausalityInterfaceForComposites.java:759)
	at ptolemy.actor.util.CausalityInterfaceForComposites._computeInputDepth(CausalityInterfaceForComposites.java:696)
	at ptolemy.actor.util.CausalityInterfaceForComposites._computeOutputPortDepth(CausalityInterfaceForComposites.java:765)
	at ptolemy.actor.util.CausalityInterfaceForComposites._computeInputDepth(CausalityInterfaceForComposites.java:696)
	at ptolemy.actor.util.CausalityInterfaceForComposites._computeOutputPortDepth(CausalityInterfaceForComposites.java:765)
	at ptolemy.actor.util.CausalityInterfaceForComposites._computeInputDepth(CausalityInterfaceForComposites.java:696)
	at ptolemy.actor.util.CausalityInterfaceForComposites._computeActorDepth(CausalityInterfaceForComposites.java:532)
	at ptolemy.actor.util.CausalityInterfaceForComposites.checkForCycles(CausalityInterfaceForComposites.java:96)
	at ptolemy.domains.de.kernel.DEDirector.preinitialize(DEDirector.java:1338)
	at ptolemy.actor.CompositeActor.preinitialize(CompositeActor.java:1828)
	at ptolemy.actor.Manager.preinitializeAndResolveTypes(Manager.java:1040)
	at ptolemy.actor.Manager.initialize(Manager.java:710)
	at ptolemy.actor.Manager.execute(Manager.java:356)
	at ptolemy.actor.Manager.run(Manager.java:1263)
	at ptolemy.actor.Manager$PtolemyRunThread.run(Manager.java:1915)

    while executing
ptolemy.kernel.util.IllegalActionException: Found a zero delay loop containing .dependencyLoop.original
  in .dependencyLoop and .dependencyLoop.original
    while executing
"java::new ptolemy.moml.MoMLSimpleApplication $file
"
    (procedure "createAndExecute" line 2)
    invoked from within
"createAndExecute $file"
    ("uplevel" body line 5)
    invoked from within
"uplevel $contents_of_test"
------------------ testing $PTII/ptolemy/domains/de/test/auto/knownFailedTests/DESDFClockTest.xml (Known Failure) 
2060 ms. Memory: 146944K Free: 116531K (79%)


==== $PTIIhome/travis/build/icyphy/ptII/ptolemy/domains/de/test/../../../../: Auto Automatic test in file $PTII/ptolemy/domains/de/test/auto/knownFailedTests/DESDFClockTest.xml
==== Contents of test case:

	    # FIXME: we should use $relativeFilename here, but it
	    # might have backslashes under Windows, which causes no end
	    # of trouble.
	    createAndExecute $file
	    list {}
	
.... Test generated KNOWN error:
    while executing
ptolemy.kernel.util.IllegalActionException: Actor is not ready to fire.  Perhaps UpSample.prefire() returned false? Try debugging the actor by selecting "Listen to Actor".  Also, for SDF check moml for tokenConsumptionRate on input.
  in .DESDFClockTest.Play Bell.Copy1:SDF Director and .DESDFClockTest.Play Bell.UpSample
	at ptolemy.actor.sched.StaticSchedulingDirector.fire(StaticSchedulingDirector.java:227)
	at ptolemy.domains.sdf.kernel.SDFDirector.fire(SDFDirector.java:500)
	at ptolemy.actor.CompositeActor.fire(CompositeActor.java:455)
	at ptolemy.domains.de.kernel.DEDirector._fire(DEDirector.java:1949)
	at ptolemy.domains.de.kernel.DEDirector.fire(DEDirector.java:502)
	at ptolemy.actor.CompositeActor.fire(CompositeActor.java:455)
	at ptolemy.actor.Manager.iterate(Manager.java:851)
	at ptolemy.actor.Manager.execute(Manager.java:369)
	at ptolemy.actor.Manager.run(Manager.java:1263)
	at ptolemy.actor.Manager$PtolemyRunThread.run(Manager.java:1915)

    while executing
ptolemy.kernel.util.IllegalActionException: Actor is not ready to fire.  Perhaps UpSample.prefire() returned false? Try debugging the actor by selecting "Listen to Actor".  Also, for SDF check moml for tokenConsumptionRate on input.
  in .DESDFClockTest.Play Bell.Copy1:SDF Director and .DESDFClockTest.Play Bell.UpSample
    while executing
"java::new ptolemy.moml.MoMLSimpleApplication $file
"
    (procedure "createAndExecute" line 2)
    invoked from within
"createAndExecute $file"
    ("uplevel" body line 5)
    invoked from within
"uplevel $contents_of_test"
------------------ testing $PTII/ptolemy/domains/de/test/auto/knownFailedTests/FSMSource.xml (Known Failure) 
43 ms. Memory: 146944K Free: 107544K (73%)
!!!! Auto was marked as failing, but now passes
------------------ testing $PTII/ptolemy/domains/de/test/auto/knownFailedTests/dependencyLoop2.xml (Known Failure) 
6 ms. Memory: 146944K Free: 105661K (72%)


==== $PTIIhome/travis/build/icyphy/ptII/ptolemy/domains/de/test/../../../../: Auto Automatic test in file $PTII/ptolemy/domains/de/test/auto/knownFailedTests/dependencyLoop2.xml
==== Contents of test case:

	    # FIXME: we should use $relativeFilename here, but it
	    # might have backslashes under Windows, which causes no end
	    # of trouble.
	    createAndExecute $file
	    list {}
	
.... Test generated KNOWN error:
    while executing
ptolemy.kernel.util.IllegalActionException: Found a zero delay loop containing .dependencyLoop2.original
  in .dependencyLoop2 and .dependencyLoop2.original
	at ptolemy.actor.util.CausalityInterfaceForComposites._computeOutputPortDepth(CausalityInterfaceForComposites.java:759)
	at ptolemy.actor.util.CausalityInterfaceForComposites._computeInputDepth(CausalityInterfaceForComposites.java:696)
	at ptolemy.actor.util.CausalityInterfaceForComposites._computeOutputPortDepth(CausalityInterfaceForComposites.java:765)
	at ptolemy.actor.util.CausalityInterfaceForComposites._computeInputDepth(CausalityInterfaceForComposites.java:696)
	at ptolemy.actor.util.CausalityInterfaceForComposites._computeOutputPortDepth(CausalityInterfaceForComposites.java:765)
	at ptolemy.actor.util.CausalityInterfaceForComposites._computeInputDepth(CausalityInterfaceForComposites.java:696)
	at ptolemy.actor.util.CausalityInterfaceForComposites._computeActorDepth(CausalityInterfaceForComposites.java:532)
	at ptolemy.actor.util.CausalityInterfaceForComposites.checkForCycles(CausalityInterfaceForComposites.java:96)
	at ptolemy.domains.de.kernel.DEDirector.preinitialize(DEDirector.java:1338)
	at ptolemy.actor.CompositeActor.preinitialize(CompositeActor.java:1828)
	at ptolemy.actor.Manager.preinitializeAndResolveTypes(Manager.java:1040)
	at ptolemy.actor.Manager.initialize(Manager.java:710)
	at ptolemy.actor.Manager.execute(Manager.java:356)
	at ptolemy.actor.Manager.run(Manager.java:1263)
	at ptolemy.actor.Manager$PtolemyRunThread.run(Manager.java:1915)

    while executing
ptolemy.kernel.util.IllegalActionException: Found a zero delay loop containing .dependencyLoop2.original
  in .dependencyLoop2 and .dependencyLoop2.original
    while executing
"java::new ptolemy.moml.MoMLSimpleApplication $file
"
    (procedure "createAndExecute" line 2)
    invoked from within
"createAndExecute $file"
    ("uplevel" body line 5)
    invoked from within
"uplevel $contents_of_test"
------------------ testing $PTII/ptolemy/domains/de/test/auto/knownFailedTests/HierarchicalModel.xml (Known Failure) 
6 ms. Memory: 146944K Free: 84969K (58%)


==== $PTIIhome/travis/build/icyphy/ptII/ptolemy/domains/de/test/../../../../: Auto Automatic test in file $PTII/ptolemy/domains/de/test/auto/knownFailedTests/HierarchicalModel.xml
==== Contents of test case:

	    # FIXME: we should use $relativeFilename here, but it
	    # might have backslashes under Windows, which causes no end
	    # of trouble.
	    createAndExecute $file
	    list {}
	
.... Test generated KNOWN error:
    while executing
ptolemy.kernel.util.IllegalActionException: Found a zero delay loop containing .HierarchicalModel.A
  in .HierarchicalModel and .HierarchicalModel.A
	at ptolemy.actor.util.CausalityInterfaceForComposites._computeOutputPortDepth(CausalityInterfaceForComposites.java:759)
	at ptolemy.actor.util.CausalityInterfaceForComposites._computeInputDepth(CausalityInterfaceForComposites.java:696)
	at ptolemy.actor.util.CausalityInterfaceForComposites._computeOutputPortDepth(CausalityInterfaceForComposites.java:765)
	at ptolemy.actor.util.CausalityInterfaceForComposites._computeInputDepth(CausalityInterfaceForComposites.java:696)
	at ptolemy.actor.util.CausalityInterfaceForComposites._computeOutputPortDepth(CausalityInterfaceForComposites.java:765)
	at ptolemy.actor.util.CausalityInterfaceForComposites._computeInputDepth(CausalityInterfaceForComposites.java:696)
	at ptolemy.actor.util.CausalityInterfaceForComposites._computeActorDepth(CausalityInterfaceForComposites.java:532)
	at ptolemy.actor.util.CausalityInterfaceForComposites.checkForCycles(CausalityInterfaceForComposites.java:96)
	at ptolemy.domains.de.kernel.DEDirector.preinitialize(DEDirector.java:1338)
	at ptolemy.actor.CompositeActor.preinitialize(CompositeActor.java:1828)
	at ptolemy.actor.Manager.preinitializeAndResolveTypes(Manager.java:1040)
	at ptolemy.actor.Manager.initialize(Manager.java:710)
	at ptolemy.actor.Manager.execute(Manager.java:356)
	at ptolemy.actor.Manager.run(Manager.java:1263)
	at ptolemy.actor.Manager$PtolemyRunThread.run(Manager.java:1915)

    while executing
ptolemy.kernel.util.IllegalActionException: Found a zero delay loop containing .HierarchicalModel.A
  in .HierarchicalModel and .HierarchicalModel.A
    while executing
"java::new ptolemy.moml.MoMLSimpleApplication $file
"
    (procedure "createAndExecute" line 2)
    invoked from within
"createAndExecute $file"
    ("uplevel" body line 5)
    invoked from within
"uplevel $contents_of_test"
------------------ testing $PTII/ptolemy/domains/de/test/auto/knownFailedTests/DirectFeedback.xml (Known Failure) 
8 ms. Memory: 146944K Free: 141107K (96%)


==== $PTIIhome/travis/build/icyphy/ptII/ptolemy/domains/de/test/../../../../: Auto Automatic test in file $PTII/ptolemy/domains/de/test/auto/knownFailedTests/DirectFeedback.xml
==== Contents of test case:

	    # FIXME: we should use $relativeFilename here, but it
	    # might have backslashes under Windows, which causes no end
	    # of trouble.
	    createAndExecute $file
	    list {}
	
.... Test generated KNOWN error:
    while executing
ptolemy.kernel.util.IllegalActionException: Test fails in iteration 1.
Value was: 1.0. Should have been: 2.0
  in .DirectFeedback.Test
	at ptolemy.actor.lib.Test.fire(Test.java:268)
	at ptolemy.domains.de.kernel.DEDirector._fire(DEDirector.java:1949)
	at ptolemy.domains.de.kernel.DEDirector.fire(DEDirector.java:502)
	at ptolemy.actor.CompositeActor.fire(CompositeActor.java:455)
	at ptolemy.actor.Manager.iterate(Manager.java:851)
	at ptolemy.actor.Manager.execute(Manager.java:369)
	at ptolemy.actor.Manager.run(Manager.java:1263)
	at ptolemy.actor.Manager$PtolemyRunThread.run(Manager.java:1915)

    while executing
ptolemy.kernel.util.IllegalActionException: Test fails in iteration 1.
Value was: 1.0. Should have been: 2.0
  in .DirectFeedback.Test
    while executing
"java::new ptolemy.moml.MoMLSimpleApplication $file
"
    (procedure "createAndExecute" line 2)
    invoked from within
"createAndExecute $file"
    ("uplevel" body line 5)
    invoked from within
"uplevel $contents_of_test"
------------------ testing $PTII/ptolemy/domains/de/test/auto/ActorDepthCalculation_actorWithoutPorts.xml
auto.tcl: Setting watchdog for 200 seconds at Mon Aug 20 01:59:57 UTC 2018
4 ms. Memory: 146944K Free: 132424K (90%)
ptolemy.util.test.WatchDog.cancel(): canceling Mon Aug 20 01:59:57 UTC 2018
auto.tcl: Setting watchdog for 200 seconds at Mon Aug 20 01:59:57 UTC 2018
5 ms. Memory: 146944K Free: 131387K (89%)
ptolemy.util.test.WatchDog.cancel(): canceling Mon Aug 20 01:59:57 UTC 2018
------------------ testing $PTII/ptolemy/domains/de/test/auto/AssemblyLine.xml
auto.tcl: Setting watchdog for 200 seconds at Mon Aug 20 01:59:58 UTC 2018
14 ms. Memory: 208384K Free: 186375K (89%)
ptolemy.util.test.WatchDog.cancel(): canceling Mon Aug 20 01:59:58 UTC 2018
auto.tcl: Setting watchdog for 200 seconds at Mon Aug 20 01:59:58 UTC 2018
8 ms. Memory: 208384K Free: 186375K (89%)
ptolemy.util.test.WatchDog.cancel(): canceling Mon Aug 20 01:59:58 UTC 2018
------------------ testing $PTII/ptolemy/domains/de/test/auto/CQBug1.xml
auto.tcl: Setting watchdog for 200 seconds at Mon Aug 20 01:59:58 UTC 2018
10 ms. Memory: 208384K Free: 197744K (95%)
ptolemy.util.test.WatchDog.cancel(): canceling Mon Aug 20 01:59:58 UTC 2018
auto.tcl: Setting watchdog for 200 seconds at Mon Aug 20 01:59:58 UTC 2018
2 ms. Memory: 208384K Free: 197744K (95%)
ptolemy.util.test.WatchDog.cancel(): canceling Mon Aug 20 01:59:58 UTC 2018
------------------ testing $PTII/ptolemy/domains/de/test/auto/CancelFireAt.xml
auto.tcl: Setting watchdog for 200 seconds at Mon Aug 20 01:59:58 UTC 2018
4 ms. Memory: 208384K Free: 201451K (97%)
ptolemy.util.test.WatchDog.cancel(): canceling Mon Aug 20 01:59:58 UTC 2018
auto.tcl: Setting watchdog for 200 seconds at Mon Aug 20 01:59:58 UTC 2018
6 ms. Memory: 208384K Free: 199364K (96%)
ptolemy.util.test.WatchDog.cancel(): canceling Mon Aug 20 01:59:58 UTC 2018
------------------ testing $PTII/ptolemy/domains/de/test/auto/CausalityAndComposabilityAnalysis.xml
auto.tcl: Setting watchdog for 200 seconds at Mon Aug 20 01:59:58 UTC 2018
26 ms. Memory: 208384K Free: 196538K (94%)
ptolemy.util.test.WatchDog.cancel(): canceling Mon Aug 20 01:59:58 UTC 2018
auto.tcl: Setting watchdog for 200 seconds at Mon Aug 20 01:59:58 UTC 2018
10 ms. Memory: 208384K Free: 196538K (94%)
ptolemy.util.test.WatchDog.cancel(): canceling Mon Aug 20 01:59:58 UTC 2018
------------------ testing $PTII/ptolemy/domains/de/test/auto/CausalityInterface1.xml
auto.tcl: Setting watchdog for 200 seconds at Mon Aug 20 01:59:58 UTC 2018
10 ms. Memory: 208384K Free: 196475K (94%)
ptolemy.util.test.WatchDog.cancel(): canceling Mon Aug 20 01:59:58 UTC 2018
auto.tcl: Setting watchdog for 200 seconds at Mon Aug 20 01:59:58 UTC 2018
4 ms. Memory: 208384K Free: 196475K (94%)
ptolemy.util.test.WatchDog.cancel(): canceling Mon Aug 20 01:59:58 UTC 2018
------------------ testing $PTII/ptolemy/domains/de/test/auto/CausalityInterface15.xml
auto.tcl: Setting watchdog for 200 seconds at Mon Aug 20 01:59:58 UTC 2018
20 ms. Memory: 208384K Free: 196467K (94%)
ptolemy.util.test.WatchDog.cancel(): canceling Mon Aug 20 01:59:58 UTC 2018
auto.tcl: Setting watchdog for 200 seconds at Mon Aug 20 01:59:58 UTC 2018
8 ms. Memory: 208384K Free: 194380K (93%)
ptolemy.util.test.WatchDog.cancel(): canceling Mon Aug 20 01:59:58 UTC 2018
------------------ testing $PTII/ptolemy/domains/de/test/auto/CausalityInterface2.xml
auto.tcl: Setting watchdog for 200 seconds at Mon Aug 20 01:59:58 UTC 2018
7 ms. Memory: 208384K Free: 196450K (94%)
ptolemy.util.test.WatchDog.cancel(): canceling Mon Aug 20 01:59:58 UTC 2018
auto.tcl: Setting watchdog for 200 seconds at Mon Aug 20 01:59:58 UTC 2018
3 ms. Memory: 208384K Free: 196450K (94%)
ptolemy.util.test.WatchDog.cancel(): canceling Mon Aug 20 01:59:58 UTC 2018
------------------ testing $PTII/ptolemy/domains/de/test/auto/CausalityInterface3.xml
auto.tcl: Setting watchdog for 200 seconds at Mon Aug 20 01:59:58 UTC 2018
7 ms. Memory: 208384K Free: 196462K (94%)
ptolemy.util.test.WatchDog.cancel(): canceling Mon Aug 20 01:59:58 UTC 2018
auto.tcl: Setting watchdog for 200 seconds at Mon Aug 20 01:59:58 UTC 2018
4 ms. Memory: 208384K Free: 196462K (94%)
ptolemy.util.test.WatchDog.cancel(): canceling Mon Aug 20 01:59:58 UTC 2018
------------------ testing $PTII/ptolemy/domains/de/test/auto/ClockDrift.xml
auto.tcl: Setting watchdog for 200 seconds at Mon Aug 20 01:59:59 UTC 2018
60 ms. Memory: 208384K Free: 187735K (90%)
ptolemy.util.test.WatchDog.cancel(): canceling Mon Aug 20 01:59:59 UTC 2018
auto.tcl: Setting watchdog for 200 seconds at Mon Aug 20 01:59:59 UTC 2018
47 ms. Memory: 208384K Free: 185649K (89%)
ptolemy.util.test.WatchDog.cancel(): canceling Mon Aug 20 01:59:59 UTC 2018
------------------ testing $PTII/ptolemy/domains/de/test/auto/ClockDriftAndValueChange.xml
auto.tcl: Setting watchdog for 200 seconds at Mon Aug 20 01:59:59 UTC 2018
69 ms. Memory: 208384K Free: 187571K (90%)
ptolemy.util.test.WatchDog.cancel(): canceling Mon Aug 20 01:59:59 UTC 2018
auto.tcl: Setting watchdog for 200 seconds at Mon Aug 20 01:59:59 UTC 2018
27 ms. Memory: 208384K Free: 185485K (89%)
ptolemy.util.test.WatchDog.cancel(): canceling Mon Aug 20 01:59:59 UTC 2018
------------------ testing $PTII/ptolemy/domains/de/test/auto/ClockDriftChange.xml
auto.tcl: Setting watchdog for 200 seconds at Mon Aug 20 01:59:59 UTC 2018
41 ms. Memory: 208384K Free: 190880K (92%)
ptolemy.util.test.WatchDog.cancel(): canceling Mon Aug 20 01:59:59 UTC 2018
auto.tcl: Setting watchdog for 200 seconds at Mon Aug 20 01:59:59 UTC 2018
22 ms. Memory: 208384K Free: 188794K (91%)
ptolemy.util.test.WatchDog.cancel(): canceling Mon Aug 20 01:59:59 UTC 2018
------------------ testing $PTII/ptolemy/domains/de/test/auto/ComposableCausalityAnalysis.xml
auto.tcl: Setting watchdog for 200 seconds at Mon Aug 20 01:59:59 UTC 2018
2 ms. Memory: 208384K Free: 196316K (94%)
ptolemy.util.test.WatchDog.cancel(): canceling Mon Aug 20 01:59:59 UTC 2018
auto.tcl: Setting watchdog for 200 seconds at Mon Aug 20 01:59:59 UTC 2018
3 ms. Memory: 208384K Free: 194230K (93%)
ptolemy.util.test.WatchDog.cancel(): canceling Mon Aug 20 01:59:59 UTC 2018
------------------ testing $PTII/ptolemy/domains/de/test/auto/DEFixedPointLimitation.xml
auto.tcl: Setting watchdog for 200 seconds at Mon Aug 20 01:59:59 UTC 2018
2 ms. Memory: 208384K Free: 196195K (94%)
ptolemy.util.test.WatchDog.cancel(): canceling Mon Aug 20 01:59:59 UTC 2018
auto.tcl: Setting watchdog for 200 seconds at Mon Aug 20 01:59:59 UTC 2018
2 ms. Memory: 208384K Free: 196195K (94%)
ptolemy.util.test.WatchDog.cancel(): canceling Mon Aug 20 01:59:59 UTC 2018
------------------ testing $PTII/ptolemy/domains/de/test/auto/DEScheduleTest.xml
auto.tcl: Setting watchdog for 200 seconds at Mon Aug 20 01:59:59 UTC 2018
4 ms. Memory: 208384K Free: 198315K (95%)
ptolemy.util.test.WatchDog.cancel(): canceling Mon Aug 20 01:59:59 UTC 2018
auto.tcl: Setting watchdog for 200 seconds at Mon Aug 20 01:59:59 UTC 2018
6 ms. Memory: 208384K Free: 196229K (94%)
ptolemy.util.test.WatchDog.cancel(): canceling Mon Aug 20 01:59:59 UTC 2018
------------------ testing $PTII/ptolemy/domains/de/test/auto/DEinDEwithStartTimes.xml
auto.tcl: Setting watchdog for 200 seconds at Mon Aug 20 01:59:59 UTC 2018
4 ms. Memory: 208384K Free: 196198K (94%)
ptolemy.util.test.WatchDog.cancel(): canceling Mon Aug 20 01:59:59 UTC 2018
auto.tcl: Setting watchdog for 200 seconds at Mon Aug 20 01:59:59 UTC 2018
8 ms. Memory: 208384K Free: 194112K (93%)
ptolemy.util.test.WatchDog.cancel(): canceling Mon Aug 20 01:59:59 UTC 2018
------------------ testing $PTII/ptolemy/domains/de/test/auto/DEinDEwithStartTimes2.xml
auto.tcl: Setting watchdog for 200 seconds at Mon Aug 20 01:59:59 UTC 2018
8 ms. Memory: 208384K Free: 196516K (94%)
ptolemy.util.test.WatchDog.cancel(): canceling Mon Aug 20 02:00:00 UTC 2018
auto.tcl: Setting watchdog for 200 seconds at Mon Aug 20 02:00:00 UTC 2018
4 ms. Memory: 208384K Free: 194092K (93%)
ptolemy.util.test.WatchDog.cancel(): canceling Mon Aug 20 02:00:00 UTC 2018
------------------ testing $PTII/ptolemy/domains/de/test/auto/DateDemo.xml
auto.tcl: Setting watchdog for 200 seconds at Mon Aug 20 02:00:00 UTC 2018
11 ms. Memory: 208384K Free: 188657K (91%)
ptolemy.util.test.WatchDog.cancel(): canceling Mon Aug 20 02:00:00 UTC 2018
auto.tcl: Setting watchdog for 200 seconds at Mon Aug 20 02:00:00 UTC 2018
7 ms. Memory: 208384K Free: 186571K (90%)
ptolemy.util.test.WatchDog.cancel(): canceling Mon Aug 20 02:00:00 UTC 2018
------------------ testing $PTII/ptolemy/domains/de/test/auto/DateToEvent.xml
auto.tcl: Setting watchdog for 200 seconds at Mon Aug 20 02:00:00 UTC 2018
2020 ms. Memory: 208384K Free: 183412K (88%)
ptolemy.util.test.WatchDog.cancel(): canceling Mon Aug 20 02:00:02 UTC 2018
auto.tcl: Setting watchdog for 200 seconds at Mon Aug 20 02:00:02 UTC 2018
2005 ms. Memory: 208384K Free: 180955K (87%)
ptolemy.util.test.WatchDog.cancel(): canceling Mon Aug 20 02:00:04 UTC 2018
------------------ testing $PTII/ptolemy/domains/de/test/auto/DepthTest1.xml
auto.tcl: Setting watchdog for 200 seconds at Mon Aug 20 02:00:04 UTC 2018
6 ms. Memory: 208384K Free: 198180K (95%)
ptolemy.util.test.WatchDog.cancel(): canceling Mon Aug 20 02:00:04 UTC 2018
auto.tcl: Setting watchdog for 200 seconds at Mon Aug 20 02:00:04 UTC 2018
1 ms. Memory: 208384K Free: 198180K (95%)
ptolemy.util.test.WatchDog.cancel(): canceling Mon Aug 20 02:00:04 UTC 2018
------------------ testing $PTII/ptolemy/domains/de/test/auto/DepthTest2.xml
auto.tcl: Setting watchdog for 200 seconds at Mon Aug 20 02:00:04 UTC 2018
7 ms. Memory: 208384K Free: 194072K (93%)
ptolemy.util.test.WatchDog.cancel(): canceling Mon Aug 20 02:00:04 UTC 2018
auto.tcl: Setting watchdog for 200 seconds at Mon Aug 20 02:00:04 UTC 2018
3 ms. Memory: 208384K Free: 194072K (93%)
ptolemy.util.test.WatchDog.cancel(): canceling Mon Aug 20 02:00:04 UTC 2018
------------------ testing $PTII/ptolemy/domains/de/test/auto/DepthTest3.xml
auto.tcl: Setting watchdog for 200 seconds at Mon Aug 20 02:00:04 UTC 2018
4 ms. Memory: 208384K Free: 198516K (95%)
ptolemy.util.test.WatchDog.cancel(): canceling Mon Aug 20 02:00:04 UTC 2018
auto.tcl: Setting watchdog for 200 seconds at Mon Aug 20 02:00:04 UTC 2018
3 ms. Memory: 208384K Free: 198178K (95%)
ptolemy.util.test.WatchDog.cancel(): canceling Mon Aug 20 02:00:04 UTC 2018
------------------ testing $PTII/ptolemy/domains/de/test/auto/DepthTest4.xml
auto.tcl: Setting watchdog for 200 seconds at Mon Aug 20 02:00:04 UTC 2018
4 ms. Memory: 208384K Free: 196180K (94%)
ptolemy.util.test.WatchDog.cancel(): canceling Mon Aug 20 02:00:04 UTC 2018
auto.tcl: Setting watchdog for 200 seconds at Mon Aug 20 02:00:04 UTC 2018
2 ms. Memory: 208384K Free: 196180K (94%)
ptolemy.util.test.WatchDog.cancel(): canceling Mon Aug 20 02:00:04 UTC 2018
------------------ testing $PTII/ptolemy/domains/de/test/auto/DepthTest5.xml
auto.tcl: Setting watchdog for 200 seconds at Mon Aug 20 02:00:04 UTC 2018
6 ms. Memory: 208384K Free: 196127K (94%)
ptolemy.util.test.WatchDog.cancel(): canceling Mon Aug 20 02:00:04 UTC 2018
auto.tcl: Setting watchdog for 200 seconds at Mon Aug 20 02:00:04 UTC 2018
3 ms. Memory: 208384K Free: 196127K (94%)
ptolemy.util.test.WatchDog.cancel(): canceling Mon Aug 20 02:00:04 UTC 2018
------------------ testing $PTII/ptolemy/domains/de/test/auto/DepthTest6.xml
auto.tcl: Setting watchdog for 200 seconds at Mon Aug 20 02:00:04 UTC 2018
8 ms. Memory: 208384K Free: 196440K (94%)
ptolemy.util.test.WatchDog.cancel(): canceling Mon Aug 20 02:00:04 UTC 2018
auto.tcl: Setting watchdog for 200 seconds at Mon Aug 20 02:00:04 UTC 2018
3 ms. Memory: 208384K Free: 196440K (94%)
ptolemy.util.test.WatchDog.cancel(): canceling Mon Aug 20 02:00:04 UTC 2018
------------------ testing $PTII/ptolemy/domains/de/test/auto/DepthTest7.xml
auto.tcl: Setting watchdog for 200 seconds at Mon Aug 20 02:00:04 UTC 2018
3 ms. Memory: 208384K Free: 196083K (94%)
ptolemy.util.test.WatchDog.cancel(): canceling Mon Aug 20 02:00:04 UTC 2018
auto.tcl: Setting watchdog for 200 seconds at Mon Aug 20 02:00:04 UTC 2018
2 ms. Memory: 208384K Free: 196083K (94%)
ptolemy.util.test.WatchDog.cancel(): canceling Mon Aug 20 02:00:04 UTC 2018
------------------ testing $PTII/ptolemy/domains/de/test/auto/EventToDate.xml
auto.tcl: Setting watchdog for 200 seconds at Mon Aug 20 02:00:04 UTC 2018
3006 ms. Memory: 208384K Free: 185675K (89%)
ptolemy.util.test.WatchDog.cancel(): canceling Mon Aug 20 02:00:07 UTC 2018
auto.tcl: Setting watchdog for 200 seconds at Mon Aug 20 02:00:07 UTC 2018
3003 ms. Memory: 208384K Free: 185675K (89%)
ptolemy.util.test.WatchDog.cancel(): canceling Mon Aug 20 02:00:10 UTC 2018
------------------ testing $PTII/ptolemy/domains/de/test/auto/FSM1.xml
auto.tcl: Setting watchdog for 200 seconds at Mon Aug 20 02:00:11 UTC 2018
43 ms. Memory: 208384K Free: 187078K (90%)
ptolemy.util.test.WatchDog.cancel(): canceling Mon Aug 20 02:00:11 UTC 2018
auto.tcl: Setting watchdog for 200 seconds at Mon Aug 20 02:00:11 UTC 2018
28 ms. Memory: 208384K Free: 184991K (89%)
ptolemy.util.test.WatchDog.cancel(): canceling Mon Aug 20 02:00:11 UTC 2018
------------------ testing $PTII/ptolemy/domains/de/test/auto/FSM7.xml
auto.tcl: Setting watchdog for 200 seconds at Mon Aug 20 02:00:11 UTC 2018
24 ms. Memory: 208384K Free: 187281K (90%)
ptolemy.util.test.WatchDog.cancel(): canceling Mon Aug 20 02:00:11 UTC 2018
auto.tcl: Setting watchdog for 200 seconds at Mon Aug 20 02:00:11 UTC 2018
25 ms. Memory: 208384K Free: 185194K (89%)
ptolemy.util.test.WatchDog.cancel(): canceling Mon Aug 20 02:00:11 UTC 2018
------------------ testing $PTII/ptolemy/domains/de/test/auto/Inspection.xml
auto.tcl: Setting watchdog for 200 seconds at Mon Aug 20 02:00:11 UTC 2018
33 ms. Memory: 208384K Free: 188494K (90%)
ptolemy.util.test.WatchDog.cancel(): canceling Mon Aug 20 02:00:11 UTC 2018
auto.tcl: Setting watchdog for 200 seconds at Mon Aug 20 02:00:11 UTC 2018
36 ms. Memory: 208384K Free: 186407K (89%)
ptolemy.util.test.WatchDog.cancel(): canceling Mon Aug 20 02:00:11 UTC 2018
------------------ testing $PTII/ptolemy/domains/de/test/auto/Iteration.xml
auto.tcl: Setting watchdog for 200 seconds at Mon Aug 20 02:00:11 UTC 2018
8 ms. Memory: 208384K Free: 195889K (94%)
ptolemy.util.test.WatchDog.cancel(): canceling Mon Aug 20 02:00:11 UTC 2018
auto.tcl: Setting watchdog for 200 seconds at Mon Aug 20 02:00:11 UTC 2018
9 ms. Memory: 208384K Free: 193803K (93%)
ptolemy.util.test.WatchDog.cancel(): canceling Mon Aug 20 02:00:11 UTC 2018
------------------ testing $PTII/ptolemy/domains/de/test/auto/LineFault.xml
auto.tcl: Setting watchdog for 200 seconds at Mon Aug 20 02:00:11 UTC 2018
812 ms. Memory: 208384K Free: 195974K (94%)
ptolemy.util.test.WatchDog.cancel(): canceling Mon Aug 20 02:00:12 UTC 2018
auto.tcl: Setting watchdog for 200 seconds at Mon Aug 20 02:00:12 UTC 2018
650 ms. Memory: 208384K Free: 139026K (67%)
ptolemy.util.test.WatchDog.cancel(): canceling Mon Aug 20 02:00:13 UTC 2018
------------------ testing $PTII/ptolemy/domains/de/test/auto/MergeModel1Add.xml
auto.tcl: Setting watchdog for 200 seconds at Mon Aug 20 02:00:13 UTC 2018
31 ms. Memory: 331264K Free: 298694K (90%)
ptolemy.util.test.WatchDog.cancel(): canceling Mon Aug 20 02:00:13 UTC 2018
auto.tcl: Setting watchdog for 200 seconds at Mon Aug 20 02:00:13 UTC 2018
12 ms. Memory: 331264K Free: 298694K (90%)
ptolemy.util.test.WatchDog.cancel(): canceling Mon Aug 20 02:00:13 UTC 2018
------------------ testing $PTII/ptolemy/domains/de/test/auto/MergeModel2Add.xml
auto.tcl: Setting watchdog for 200 seconds at Mon Aug 20 02:00:13 UTC 2018
9 ms. Memory: 331264K Free: 303973K (92%)
ptolemy.util.test.WatchDog.cancel(): canceling Mon Aug 20 02:00:13 UTC 2018
auto.tcl: Setting watchdog for 200 seconds at Mon Aug 20 02:00:13 UTC 2018
14 ms. Memory: 331264K Free: 300031K (91%)
ptolemy.util.test.WatchDog.cancel(): canceling Mon Aug 20 02:00:13 UTC 2018
------------------ testing $PTII/ptolemy/domains/de/test/auto/MergeModel3Add.xml
auto.tcl: Setting watchdog for 200 seconds at Mon Aug 20 02:00:13 UTC 2018
11 ms. Memory: 331264K Free: 303984K (92%)
ptolemy.util.test.WatchDog.cancel(): canceling Mon Aug 20 02:00:13 UTC 2018
auto.tcl: Setting watchdog for 200 seconds at Mon Aug 20 02:00:13 UTC 2018
9 ms. Memory: 331264K Free: 300042K (91%)
ptolemy.util.test.WatchDog.cancel(): canceling Mon Aug 20 02:00:13 UTC 2018
------------------ testing $PTII/ptolemy/domains/de/test/auto/MergeWithoutDiscard.xml
auto.tcl: Setting watchdog for 200 seconds at Mon Aug 20 02:00:14 UTC 2018
5 ms. Memory: 331264K Free: 320035K (97%)
ptolemy.util.test.WatchDog.cancel(): canceling Mon Aug 20 02:00:14 UTC 2018
auto.tcl: Setting watchdog for 200 seconds at Mon Aug 20 02:00:14 UTC 2018
1 ms. Memory: 331264K Free: 316093K (95%)
ptolemy.util.test.WatchDog.cancel(): canceling Mon Aug 20 02:00:14 UTC 2018
------------------ testing $PTII/ptolemy/domains/de/test/auto/Modal1.xml
auto.tcl: Setting watchdog for 200 seconds at Mon Aug 20 02:00:14 UTC 2018
16 ms. Memory: 331264K Free: 309706K (93%)
ptolemy.util.test.WatchDog.cancel(): canceling Mon Aug 20 02:00:14 UTC 2018
auto.tcl: Setting watchdog for 200 seconds at Mon Aug 20 02:00:14 UTC 2018
25 ms. Memory: 331264K Free: 305764K (92%)
ptolemy.util.test.WatchDog.cancel(): canceling Mon Aug 20 02:00:14 UTC 2018
------------------ testing $PTII/ptolemy/domains/de/test/auto/Modal2.xml
auto.tcl: Setting watchdog for 200 seconds at Mon Aug 20 02:00:14 UTC 2018
19 ms. Memory: 331264K Free: 309588K (93%)
ptolemy.util.test.WatchDog.cancel(): canceling Mon Aug 20 02:00:14 UTC 2018
auto.tcl: Setting watchdog for 200 seconds at Mon Aug 20 02:00:14 UTC 2018
19 ms. Memory: 331264K Free: 305646K (92%)
ptolemy.util.test.WatchDog.cancel(): canceling Mon Aug 20 02:00:14 UTC 2018
------------------ testing $PTII/ptolemy/domains/de/test/auto/Modal3.xml
auto.tcl: Setting watchdog for 200 seconds at Mon Aug 20 02:00:14 UTC 2018
14 ms. Memory: 331264K Free: 309578K (93%)
ptolemy.util.test.WatchDog.cancel(): canceling Mon Aug 20 02:00:14 UTC 2018
auto.tcl: Setting watchdog for 200 seconds at Mon Aug 20 02:00:14 UTC 2018
12 ms. Memory: 331264K Free: 305636K (92%)
ptolemy.util.test.WatchDog.cancel(): canceling Mon Aug 20 02:00:14 UTC 2018
------------------ testing $PTII/ptolemy/domains/de/test/auto/Modal4.xml
auto.tcl: Setting watchdog for 200 seconds at Mon Aug 20 02:00:14 UTC 2018
14 ms. Memory: 331264K Free: 309382K (93%)
ptolemy.util.test.WatchDog.cancel(): canceling Mon Aug 20 02:00:14 UTC 2018
auto.tcl: Setting watchdog for 200 seconds at Mon Aug 20 02:00:14 UTC 2018
15 ms. Memory: 331264K Free: 305440K (92%)
ptolemy.util.test.WatchDog.cancel(): canceling Mon Aug 20 02:00:14 UTC 2018
------------------ testing $PTII/ptolemy/domains/de/test/auto/Modal5.xml
auto.tcl: Setting watchdog for 200 seconds at Mon Aug 20 02:00:14 UTC 2018
19 ms. Memory: 331264K Free: 309369K (93%)
ptolemy.util.test.WatchDog.cancel(): canceling Mon Aug 20 02:00:14 UTC 2018
auto.tcl: Setting watchdog for 200 seconds at Mon Aug 20 02:00:14 UTC 2018
17 ms. Memory: 331264K Free: 305427K (92%)
ptolemy.util.test.WatchDog.cancel(): canceling Mon Aug 20 02:00:14 UTC 2018
------------------ testing $PTII/ptolemy/domains/de/test/auto/Modal6.xml
auto.tcl: Setting watchdog for 200 seconds at Mon Aug 20 02:00:14 UTC 2018
15 ms. Memory: 331264K Free: 309365K (93%)
ptolemy.util.test.WatchDog.cancel(): canceling Mon Aug 20 02:00:14 UTC 2018
auto.tcl: Setting watchdog for 200 seconds at Mon Aug 20 02:00:14 UTC 2018
21 ms. Memory: 331264K Free: 305423K (92%)
ptolemy.util.test.WatchDog.cancel(): canceling Mon Aug 20 02:00:14 UTC 2018
------------------ testing $PTII/ptolemy/domains/de/test/auto/Modal7.xml
auto.tcl: Setting watchdog for 200 seconds at Mon Aug 20 02:00:14 UTC 2018
11 ms. Memory: 331264K Free: 309366K (93%)
ptolemy.util.test.WatchDog.cancel(): canceling Mon Aug 20 02:00:14 UTC 2018
auto.tcl: Setting watchdog for 200 seconds at Mon Aug 20 02:00:14 UTC 2018
12 ms. Memory: 331264K Free: 305424K (92%)
ptolemy.util.test.WatchDog.cancel(): canceling Mon Aug 20 02:00:14 UTC 2018
------------------ testing $PTII/ptolemy/domains/de/test/auto/ModalModel.xml
auto.tcl: Setting watchdog for 200 seconds at Mon Aug 20 02:00:14 UTC 2018
242 ms. Memory: 331264K Free: 248243K (75%)
ptolemy.util.test.WatchDog.cancel(): canceling Mon Aug 20 02:00:15 UTC 2018
auto.tcl: Setting watchdog for 200 seconds at Mon Aug 20 02:00:15 UTC 2018
201 ms. Memory: 331264K Free: 192959K (58%)
ptolemy.util.test.WatchDog.cancel(): canceling Mon Aug 20 02:00:15 UTC 2018
------------------ testing $PTII/ptolemy/domains/de/test/auto/ModalSource.xml
auto.tcl: Setting watchdog for 200 seconds at Mon Aug 20 02:00:15 UTC 2018
10 ms. Memory: 331264K Free: 316102K (95%)
ptolemy.util.test.WatchDog.cancel(): canceling Mon Aug 20 02:00:15 UTC 2018
auto.tcl: Setting watchdog for 200 seconds at Mon Aug 20 02:00:15 UTC 2018
6 ms. Memory: 331264K Free: 312573K (94%)
ptolemy.util.test.WatchDog.cancel(): canceling Mon Aug 20 02:00:15 UTC 2018
------------------ testing $PTII/ptolemy/domains/de/test/auto/NonInterruptibleTimerZeroDelay.xml
auto.tcl: Setting watchdog for 200 seconds at Mon Aug 20 02:00:15 UTC 2018
3 ms. Memory: 331264K Free: 320475K (97%)
ptolemy.util.test.WatchDog.cancel(): canceling Mon Aug 20 02:00:15 UTC 2018
auto.tcl: Setting watchdog for 200 seconds at Mon Aug 20 02:00:15 UTC 2018
3 ms. Memory: 331264K Free: 316931K (96%)
ptolemy.util.test.WatchDog.cancel(): canceling Mon Aug 20 02:00:15 UTC 2018
------------------ testing $PTII/ptolemy/domains/de/test/auto/OpenQueueingNetwork.xml
auto.tcl: Setting watchdog for 200 seconds at Mon Aug 20 02:00:15 UTC 2018
3455 ms. Memory: 307712K Free: 135915K (44%)
ptolemy.util.test.WatchDog.cancel(): canceling Mon Aug 20 02:00:19 UTC 2018
auto.tcl: Setting watchdog for 200 seconds at Mon Aug 20 02:00:19 UTC 2018
2548 ms. Memory: 278528K Free: 202813K (73%)
ptolemy.util.test.WatchDog.cancel(): canceling Mon Aug 20 02:00:21 UTC 2018
------------------ testing $PTII/ptolemy/domains/de/test/auto/OpenQueuingNetwork.xml
auto.tcl: Setting watchdog for 200 seconds at Mon Aug 20 02:00:21 UTC 2018
270 ms. Memory: 278528K Free: 178791K (64%)
ptolemy.util.test.WatchDog.cancel(): canceling Mon Aug 20 02:00:22 UTC 2018
auto.tcl: Setting watchdog for 200 seconds at Mon Aug 20 02:00:22 UTC 2018
289 ms. Memory: 278528K Free: 118850K (43%)
ptolemy.util.test.WatchDog.cancel(): canceling Mon Aug 20 02:00:22 UTC 2018
------------------ testing $PTII/ptolemy/domains/de/test/auto/PeriodicSampler.xml
auto.tcl: Setting watchdog for 200 seconds at Mon Aug 20 02:00:22 UTC 2018
2 ms. Memory: 281088K Free: 266116K (95%)
ptolemy.util.test.WatchDog.cancel(): canceling Mon Aug 20 02:00:22 UTC 2018
auto.tcl: Setting watchdog for 200 seconds at Mon Aug 20 02:00:22 UTC 2018
2 ms. Memory: 281088K Free: 266116K (95%)
ptolemy.util.test.WatchDog.cancel(): canceling Mon Aug 20 02:00:22 UTC 2018
------------------ testing $PTII/ptolemy/domains/de/test/auto/PersistentIO.xml
auto.tcl: Setting watchdog for 200 seconds at Mon Aug 20 02:00:22 UTC 2018
5 ms. Memory: 278528K Free: 258683K (93%)
ptolemy.util.test.WatchDog.cancel(): canceling Mon Aug 20 02:00:22 UTC 2018
auto.tcl: Setting watchdog for 200 seconds at Mon Aug 20 02:00:22 UTC 2018
4 ms. Memory: 278528K Free: 258683K (93%)
ptolemy.util.test.WatchDog.cancel(): canceling Mon Aug 20 02:00:22 UTC 2018
------------------ testing $PTII/ptolemy/domains/de/test/auto/PortParameterResetOnInitialize.xml
auto.tcl: Setting watchdog for 200 seconds at Mon Aug 20 02:00:22 UTC 2018
3 ms. Memory: 280576K Free: 265968K (95%)
ptolemy.util.test.WatchDog.cancel(): canceling Mon Aug 20 02:00:22 UTC 2018
auto.tcl: Setting watchdog for 200 seconds at Mon Aug 20 02:00:22 UTC 2018
1 ms. Memory: 280576K Free: 265968K (95%)
ptolemy.util.test.WatchDog.cancel(): canceling Mon Aug 20 02:00:22 UTC 2018
------------------ testing $PTII/ptolemy/domains/de/test/auto/PortParameterUpdates.xml
auto.tcl: Setting watchdog for 200 seconds at Mon Aug 20 02:00:22 UTC 2018
3 ms. Memory: 278528K Free: 264150K (95%)
ptolemy.util.test.WatchDog.cancel(): canceling Mon Aug 20 02:00:22 UTC 2018
auto.tcl: Setting watchdog for 200 seconds at Mon Aug 20 02:00:22 UTC 2018
3 ms. Memory: 278528K Free: 261418K (94%)
ptolemy.util.test.WatchDog.cancel(): canceling Mon Aug 20 02:00:22 UTC 2018
------------------ testing $PTII/ptolemy/domains/de/test/auto/QueueAndServer.xml
auto.tcl: Setting watchdog for 200 seconds at Mon Aug 20 02:00:22 UTC 2018
6 ms. Memory: 280576K Free: 265288K (95%)
ptolemy.util.test.WatchDog.cancel(): canceling Mon Aug 20 02:00:22 UTC 2018
auto.tcl: Setting watchdog for 200 seconds at Mon Aug 20 02:00:22 UTC 2018
7 ms. Memory: 280576K Free: 265288K (95%)
ptolemy.util.test.WatchDog.cancel(): canceling Mon Aug 20 02:00:22 UTC 2018
------------------ testing $PTII/ptolemy/domains/de/test/auto/Records.xml
auto.tcl: Setting watchdog for 200 seconds at Mon Aug 20 02:00:22 UTC 2018
8 ms. Memory: 278528K Free: 265930K (95%)
ptolemy.util.test.WatchDog.cancel(): canceling Mon Aug 20 02:00:22 UTC 2018
auto.tcl: Setting watchdog for 200 seconds at Mon Aug 20 02:00:22 UTC 2018
2 ms. Memory: 278528K Free: 263198K (94%)
ptolemy.util.test.WatchDog.cancel(): canceling Mon Aug 20 02:00:22 UTC 2018
------------------ testing $PTII/ptolemy/domains/de/test/auto/ResetTransitionWithStartTime1.xml
auto.tcl: Setting watchdog for 200 seconds at Mon Aug 20 02:00:22 UTC 2018
11 ms. Memory: 280064K Free: 262773K (94%)
ptolemy.util.test.WatchDog.cancel(): canceling Mon Aug 20 02:00:23 UTC 2018
auto.tcl: Setting watchdog for 200 seconds at Mon Aug 20 02:00:23 UTC 2018
5 ms. Memory: 280064K Free: 260025K (93%)
ptolemy.util.test.WatchDog.cancel(): canceling Mon Aug 20 02:00:23 UTC 2018
------------------ testing $PTII/ptolemy/domains/de/test/auto/ResetTransitionWithStartTime2.xml
auto.tcl: Setting watchdog for 200 seconds at Mon Aug 20 02:00:23 UTC 2018
11 ms. Memory: 278528K Free: 261324K (94%)
ptolemy.util.test.WatchDog.cancel(): canceling Mon Aug 20 02:00:23 UTC 2018
auto.tcl: Setting watchdog for 200 seconds at Mon Aug 20 02:00:23 UTC 2018
6 ms. Memory: 278528K Free: 258576K (93%)
ptolemy.util.test.WatchDog.cancel(): canceling Mon Aug 20 02:00:23 UTC 2018
------------------ testing $PTII/ptolemy/domains/de/test/auto/ResetTransitionWithStartTime3.xml
auto.tcl: Setting watchdog for 200 seconds at Mon Aug 20 02:00:23 UTC 2018
7 ms. Memory: 280064K Free: 262762K (94%)
ptolemy.util.test.WatchDog.cancel(): canceling Mon Aug 20 02:00:23 UTC 2018
auto.tcl: Setting watchdog for 200 seconds at Mon Aug 20 02:00:23 UTC 2018
10 ms. Memory: 280064K Free: 260014K (93%)
ptolemy.util.test.WatchDog.cancel(): canceling Mon Aug 20 02:00:23 UTC 2018
------------------ testing $PTII/ptolemy/domains/de/test/auto/ResetTransitionWithStartTime4.xml
auto.tcl: Setting watchdog for 200 seconds at Mon Aug 20 02:00:23 UTC 2018
6 ms. Memory: 278528K Free: 263211K (95%)
ptolemy.util.test.WatchDog.cancel(): canceling Mon Aug 20 02:00:23 UTC 2018
auto.tcl: Setting watchdog for 200 seconds at Mon Aug 20 02:00:23 UTC 2018
4 ms. Memory: 278528K Free: 263211K (95%)
ptolemy.util.test.WatchDog.cancel(): canceling Mon Aug 20 02:00:23 UTC 2018
------------------ testing $PTII/ptolemy/domains/de/test/auto/ResettableTimer1.xml
auto.tcl: Setting watchdog for 200 seconds at Mon Aug 20 02:00:23 UTC 2018
5 ms. Memory: 280064K Free: 267490K (96%)
ptolemy.util.test.WatchDog.cancel(): canceling Mon Aug 20 02:00:23 UTC 2018
auto.tcl: Setting watchdog for 200 seconds at Mon Aug 20 02:00:23 UTC 2018
4 ms. Memory: 280064K Free: 267490K (96%)
ptolemy.util.test.WatchDog.cancel(): canceling Mon Aug 20 02:00:23 UTC 2018
------------------ testing $PTII/ptolemy/domains/de/test/auto/ResettableTimer2.xml
auto.tcl: Setting watchdog for 200 seconds at Mon Aug 20 02:00:23 UTC 2018
3 ms. Memory: 278528K Free: 266094K (96%)
ptolemy.util.test.WatchDog.cancel(): canceling Mon Aug 20 02:00:23 UTC 2018
auto.tcl: Setting watchdog for 200 seconds at Mon Aug 20 02:00:23 UTC 2018
3 ms. Memory: 278528K Free: 266094K (96%)
ptolemy.util.test.WatchDog.cancel(): canceling Mon Aug 20 02:00:23 UTC 2018
------------------ testing $PTII/ptolemy/domains/de/test/auto/ResettableTimer3.xml
auto.tcl: Setting watchdog for 200 seconds at Mon Aug 20 02:00:23 UTC 2018
1 ms. Memory: 279552K Free: 267020K (96%)
ptolemy.util.test.WatchDog.cancel(): canceling Mon Aug 20 02:00:23 UTC 2018
auto.tcl: Setting watchdog for 200 seconds at Mon Aug 20 02:00:23 UTC 2018
2 ms. Memory: 279552K Free: 267020K (96%)
ptolemy.util.test.WatchDog.cancel(): canceling Mon Aug 20 02:00:23 UTC 2018
------------------ testing $PTII/ptolemy/domains/de/test/auto/ResettableTimer4.xml
auto.tcl: Setting watchdog for 200 seconds at Mon Aug 20 02:00:23 UTC 2018
2 ms. Memory: 278528K Free: 266106K (96%)
ptolemy.util.test.WatchDog.cancel(): canceling Mon Aug 20 02:00:23 UTC 2018
auto.tcl: Setting watchdog for 200 seconds at Mon Aug 20 02:00:23 UTC 2018
1 ms. Memory: 278528K Free: 266106K (96%)
ptolemy.util.test.WatchDog.cancel(): canceling Mon Aug 20 02:00:23 UTC 2018
------------------ testing $PTII/ptolemy/domains/de/test/auto/ResettableTimer5.xml
auto.tcl: Setting watchdog for 200 seconds at Mon Aug 20 02:00:23 UTC 2018
2 ms. Memory: 279552K Free: 265157K (95%)
ptolemy.util.test.WatchDog.cancel(): canceling Mon Aug 20 02:00:23 UTC 2018
auto.tcl: Setting watchdog for 200 seconds at Mon Aug 20 02:00:23 UTC 2018
1 ms. Memory: 279552K Free: 265157K (95%)
ptolemy.util.test.WatchDog.cancel(): canceling Mon Aug 20 02:00:23 UTC 2018
------------------ testing $PTII/ptolemy/domains/de/test/auto/ResettableTimer6.xml
auto.tcl: Setting watchdog for 200 seconds at Mon Aug 20 02:00:23 UTC 2018
1 ms. Memory: 278528K Free: 263985K (95%)
ptolemy.util.test.WatchDog.cancel(): canceling Mon Aug 20 02:00:23 UTC 2018
auto.tcl: Setting watchdog for 200 seconds at Mon Aug 20 02:00:23 UTC 2018
1 ms. Memory: 278528K Free: 263985K (95%)
ptolemy.util.test.WatchDog.cancel(): canceling Mon Aug 20 02:00:23 UTC 2018
------------------ testing $PTII/ptolemy/domains/de/test/auto/ServerZeroDelay.xml
auto.tcl: Setting watchdog for 200 seconds at Mon Aug 20 02:00:23 UTC 2018
4 ms. Memory: 279552K Free: 267084K (96%)
ptolemy.util.test.WatchDog.cancel(): canceling Mon Aug 20 02:00:23 UTC 2018
auto.tcl: Setting watchdog for 200 seconds at Mon Aug 20 02:00:23 UTC 2018
3 ms. Memory: 279552K Free: 267084K (96%)
ptolemy.util.test.WatchDog.cancel(): canceling Mon Aug 20 02:00:23 UTC 2018
------------------ testing $PTII/ptolemy/domains/de/test/auto/SmartSender.xml
auto.tcl: Setting watchdog for 200 seconds at Mon Aug 20 02:00:23 UTC 2018
3002 ms. Memory: 278528K Free: 260126K (93%)
ptolemy.util.test.WatchDog.cancel(): canceling Mon Aug 20 02:00:26 UTC 2018
auto.tcl: Setting watchdog for 200 seconds at Mon Aug 20 02:00:26 UTC 2018
3002 ms. Memory: 278528K Free: 260126K (93%)
ptolemy.util.test.WatchDog.cancel(): canceling Mon Aug 20 02:00:29 UTC 2018
------------------ testing $PTII/ptolemy/domains/de/test/auto/ThreadedComposite.xml
auto.tcl: Setting watchdog for 200 seconds at Mon Aug 20 02:00:29 UTC 2018
227 ms. Memory: 279552K Free: 246925K (88%)
ptolemy.util.test.WatchDog.cancel(): canceling Mon Aug 20 02:00:30 UTC 2018
auto.tcl: Setting watchdog for 200 seconds at Mon Aug 20 02:00:30 UTC 2018
231 ms. Memory: 279552K Free: 231605K (83%)
ptolemy.util.test.WatchDog.cancel(): canceling Mon Aug 20 02:00:30 UTC 2018
------------------ testing $PTII/ptolemy/domains/de/test/auto/Time.xml
auto.tcl: Setting watchdog for 200 seconds at Mon Aug 20 02:00:30 UTC 2018
582 ms. Memory: 278528K Free: 216395K (78%)
ptolemy.util.test.WatchDog.cancel(): canceling Mon Aug 20 02:00:30 UTC 2018
auto.tcl: Setting watchdog for 200 seconds at Mon Aug 20 02:00:30 UTC 2018
544 ms. Memory: 278528K Free: 164488K (59%)
ptolemy.util.test.WatchDog.cancel(): canceling Mon Aug 20 02:00:31 UTC 2018
------------------ testing $PTII/ptolemy/domains/de/test/auto/TimeDelayZeroDelay.xml
auto.tcl: Setting watchdog for 200 seconds at Mon Aug 20 02:00:31 UTC 2018
2 ms. Memory: 279040K Free: 266936K (96%)
ptolemy.util.test.WatchDog.cancel(): canceling Mon Aug 20 02:00:31 UTC 2018
auto.tcl: Setting watchdog for 200 seconds at Mon Aug 20 02:00:31 UTC 2018
2 ms. Memory: 279040K Free: 266936K (96%)
ptolemy.util.test.WatchDog.cancel(): canceling Mon Aug 20 02:00:31 UTC 2018
------------------ testing $PTII/ptolemy/domains/de/test/auto/TimerZeroDelay.xml
auto.tcl: Setting watchdog for 200 seconds at Mon Aug 20 02:00:31 UTC 2018
4 ms. Memory: 278528K Free: 266531K (96%)
ptolemy.util.test.WatchDog.cancel(): canceling Mon Aug 20 02:00:31 UTC 2018
auto.tcl: Setting watchdog for 200 seconds at Mon Aug 20 02:00:31 UTC 2018
2 ms. Memory: 278528K Free: 266531K (96%)
ptolemy.util.test.WatchDog.cancel(): canceling Mon Aug 20 02:00:31 UTC 2018
------------------ testing $PTII/ptolemy/domains/de/test/auto/TimingParadox.xml
auto.tcl: Setting watchdog for 200 seconds at Mon Aug 20 02:00:31 UTC 2018
390 ms. Memory: 279040K Free: 201368K (72%)
ptolemy.util.test.WatchDog.cancel(): canceling Mon Aug 20 02:00:32 UTC 2018
auto.tcl: Setting watchdog for 200 seconds at Mon Aug 20 02:00:32 UTC 2018
356 ms. Memory: 279040K Free: 166798K (60%)
ptolemy.util.test.WatchDog.cancel(): canceling Mon Aug 20 02:00:32 UTC 2018
------------------ testing $PTII/ptolemy/domains/de/test/auto/TransferInputs.xml
auto.tcl: Setting watchdog for 200 seconds at Mon Aug 20 02:00:32 UTC 2018
9 ms. Memory: 279040K Free: 265895K (95%)
ptolemy.util.test.WatchDog.cancel(): canceling Mon Aug 20 02:00:32 UTC 2018
auto.tcl: Setting watchdog for 200 seconds at Mon Aug 20 02:00:32 UTC 2018
1 ms. Memory: 279040K Free: 265895K (95%)
ptolemy.util.test.WatchDog.cancel(): canceling Mon Aug 20 02:00:32 UTC 2018
------------------ testing $PTII/ptolemy/domains/de/test/auto/TransferOutputs2.xml
auto.tcl: Setting watchdog for 200 seconds at Mon Aug 20 02:00:32 UTC 2018
3 ms. Memory: 278528K Free: 263989K (95%)
ptolemy.util.test.WatchDog.cancel(): canceling Mon Aug 20 02:00:32 UTC 2018
auto.tcl: Setting watchdog for 200 seconds at Mon Aug 20 02:00:32 UTC 2018
3 ms. Memory: 278528K Free: 261478K (94%)
ptolemy.util.test.WatchDog.cancel(): canceling Mon Aug 20 02:00:32 UTC 2018
------------------ testing $PTII/ptolemy/domains/de/test/auto/Trilateration.xml
auto.tcl: Setting watchdog for 200 seconds at Mon Aug 20 02:00:32 UTC 2018
13117 ms. Memory: 521728K Free: 94311K (18%)
ptolemy.util.test.WatchDog.cancel(): canceling Mon Aug 20 02:00:46 UTC 2018
auto.tcl: Setting watchdog for 200 seconds at Mon Aug 20 02:00:46 UTC 2018
10453 ms. Memory: 396288K Free: 68104K (17%)
ptolemy.util.test.WatchDog.cancel(): canceling Mon Aug 20 02:00:57 UTC 2018
------------------ testing $PTII/ptolemy/domains/de/test/auto/TwoSigmaDelta.xml
auto.tcl: Setting watchdog for 200 seconds at Mon Aug 20 02:00:57 UTC 2018
3041 ms. Memory: 399360K Free: 105689K (26%)
ptolemy.util.test.WatchDog.cancel(): canceling Mon Aug 20 02:01:00 UTC 2018
auto.tcl: Setting watchdog for 200 seconds at Mon Aug 20 02:01:00 UTC 2018
2339 ms. Memory: 382464K Free: 169829K (44%)
ptolemy.util.test.WatchDog.cancel(): canceling Mon Aug 20 02:01:03 UTC 2018
------------------ testing $PTII/ptolemy/domains/de/test/auto/VariableDelay.xml
auto.tcl: Setting watchdog for 200 seconds at Mon Aug 20 02:01:03 UTC 2018
3 ms. Memory: 381952K Free: 365515K (96%)
ptolemy.util.test.WatchDog.cancel(): canceling Mon Aug 20 02:01:03 UTC 2018
auto.tcl: Setting watchdog for 200 seconds at Mon Aug 20 02:01:03 UTC 2018
2 ms. Memory: 381952K Free: 365515K (96%)
ptolemy.util.test.WatchDog.cancel(): canceling Mon Aug 20 02:01:03 UTC 2018
------------------ testing $PTII/ptolemy/domains/de/test/auto/VariableDelay2.xml
auto.tcl: Setting watchdog for 200 seconds at Mon Aug 20 02:01:03 UTC 2018
7 ms. Memory: 381952K Free: 368933K (97%)
ptolemy.util.test.WatchDog.cancel(): canceling Mon Aug 20 02:01:03 UTC 2018
auto.tcl: Setting watchdog for 200 seconds at Mon Aug 20 02:01:03 UTC 2018
2 ms. Memory: 381952K Free: 368933K (97%)
ptolemy.util.test.WatchDog.cancel(): canceling Mon Aug 20 02:01:03 UTC 2018
------------------ testing $PTII/ptolemy/domains/de/test/auto/VariableDelayZeroDelay.xml
auto.tcl: Setting watchdog for 200 seconds at Mon Aug 20 02:01:03 UTC 2018
3 ms. Memory: 384000K Free: 367975K (96%)
ptolemy.util.test.WatchDog.cancel(): canceling Mon Aug 20 02:01:03 UTC 2018
auto.tcl: Setting watchdog for 200 seconds at Mon Aug 20 02:01:03 UTC 2018
2 ms. Memory: 384000K Free: 367975K (96%)
ptolemy.util.test.WatchDog.cancel(): canceling Mon Aug 20 02:01:03 UTC 2018
------------------ testing $PTII/ptolemy/domains/de/test/auto/VariableDelayZeroDelay2.xml
auto.tcl: Setting watchdog for 200 seconds at Mon Aug 20 02:01:03 UTC 2018
2 ms. Memory: 381952K Free: 365924K (96%)
ptolemy.util.test.WatchDog.cancel(): canceling Mon Aug 20 02:01:03 UTC 2018
auto.tcl: Setting watchdog for 200 seconds at Mon Aug 20 02:01:03 UTC 2018
2 ms. Memory: 381952K Free: 365924K (96%)
ptolemy.util.test.WatchDog.cancel(): canceling Mon Aug 20 02:01:03 UTC 2018
------------------ testing $PTII/ptolemy/domains/de/test/auto/deInCt.xml
auto.tcl: Setting watchdog for 200 seconds at Mon Aug 20 02:01:03 UTC 2018
0
1
1
1
1
0
0
0
0
1
1
1
1
0
0
0
0
0
0
0
1
1
1
0
0
0
1
1
1
1
10 ms. Memory: 384000K Free: 367970K (96%)
ptolemy.util.test.WatchDog.cancel(): canceling Mon Aug 20 02:01:03 UTC 2018
auto.tcl: Setting watchdog for 200 seconds at Mon Aug 20 02:01:03 UTC 2018
0
1
1
0
0
0
0
1
1
1
0
0
0
1
1
1
0
0
0
0
1
1
1
1
0
0
0
0
0
1
1
1
1
1
8 ms. Memory: 384000K Free: 363150K (95%)
ptolemy.util.test.WatchDog.cancel(): canceling Mon Aug 20 02:01:03 UTC 2018
------------------ testing $PTII/ptolemy/domains/de/test/auto/deInCt2.xml
auto.tcl: Setting watchdog for 200 seconds at Mon Aug 20 02:01:03 UTC 2018
0
1
1
1
0
0
1
1
1
0
0
1
1
1
0
0
1
1
1
0
0
1
1
1
0
0
1
1
1
0
0
1
1
1
0
0
1
1
1
0
0
0
14 ms. Memory: 381952K Free: 365915K (96%)
ptolemy.util.test.WatchDog.cancel(): canceling Mon Aug 20 02:01:03 UTC 2018
auto.tcl: Setting watchdog for 200 seconds at Mon Aug 20 02:01:03 UTC 2018
0
1
1
1
0
0
1
1
1
0
0
1
1
1
0
0
1
1
1
0
0
1
1
1
0
0
1
1
1
0
0
1
1
1
0
0
1
1
1
0
0
0
10 ms. Memory: 381952K Free: 361102K (95%)
ptolemy.util.test.WatchDog.cancel(): canceling Mon Aug 20 02:01:03 UTC 2018
------------------ testing $PTII/ptolemy/domains/de/test/auto/dynamicCausalityInterface1.xml
auto.tcl: Setting watchdog for 200 seconds at Mon Aug 20 02:01:03 UTC 2018
1 ms. Memory: 383488K Free: 362633K (95%)
ptolemy.util.test.WatchDog.cancel(): canceling Mon Aug 20 02:01:03 UTC 2018
auto.tcl: Setting watchdog for 200 seconds at Mon Aug 20 02:01:03 UTC 2018
1 ms. Memory: 383488K Free: 357813K (93%)
ptolemy.util.test.WatchDog.cancel(): canceling Mon Aug 20 02:01:03 UTC 2018
------------------ testing $PTII/ptolemy/domains/de/test/auto/fsm_de_test.xml
auto.tcl: Setting watchdog for 200 seconds at Mon Aug 20 02:01:03 UTC 2018
10 ms. Memory: 381952K Free: 360984K (95%)
ptolemy.util.test.WatchDog.cancel(): canceling Mon Aug 20 02:01:03 UTC 2018
auto.tcl: Setting watchdog for 200 seconds at Mon Aug 20 02:01:03 UTC 2018
9 ms. Memory: 381952K Free: 356171K (93%)
ptolemy.util.test.WatchDog.cancel(): canceling Mon Aug 20 02:01:03 UTC 2018
------------------ testing $PTII/ptolemy/domains/de/test/auto/functionDependencyReconstruction.xml
auto.tcl: Setting watchdog for 200 seconds at Mon Aug 20 02:01:03 UTC 2018
2 ms. Memory: 383488K Free: 352878K (92%)
ptolemy.util.test.WatchDog.cancel(): canceling Mon Aug 20 02:01:03 UTC 2018
auto.tcl: Setting watchdog for 200 seconds at Mon Aug 20 02:01:03 UTC 2018
3 ms. Memory: 383488K Free: 352878K (92%)
ptolemy.util.test.WatchDog.cancel(): canceling Mon Aug 20 02:01:03 UTC 2018
------------------ testing $PTII/ptolemy/domains/de/test/auto/multirate.xml
auto.tcl: Setting watchdog for 200 seconds at Mon Aug 20 02:01:03 UTC 2018
7 ms. Memory: 381952K Free: 360851K (94%)
ptolemy.util.test.WatchDog.cancel(): canceling Mon Aug 20 02:01:03 UTC 2018
auto.tcl: Setting watchdog for 200 seconds at Mon Aug 20 02:01:03 UTC 2018
3 ms. Memory: 381952K Free: 360844K (94%)
ptolemy.util.test.WatchDog.cancel(): canceling Mon Aug 20 02:01:03 UTC 2018
------------------ testing $PTII/ptolemy/domains/de/test/auto/multirate2.xml
auto.tcl: Setting watchdog for 200 seconds at Mon Aug 20 02:01:03 UTC 2018
2 ms. Memory: 382976K Free: 362063K (95%)
ptolemy.util.test.WatchDog.cancel(): canceling Mon Aug 20 02:01:03 UTC 2018
auto.tcl: Setting watchdog for 200 seconds at Mon Aug 20 02:01:03 UTC 2018
3 ms. Memory: 382976K Free: 362063K (95%)
ptolemy.util.test.WatchDog.cancel(): canceling Mon Aug 20 02:01:03 UTC 2018
------------------ testing $PTII/ptolemy/domains/de/test/auto/realtime.xml
auto.tcl: Setting watchdog for 200 seconds at Mon Aug 20 02:01:04 UTC 2018
10002 ms. Memory: 381952K Free: 365859K (96%)
ptolemy.util.test.WatchDog.cancel(): canceling Mon Aug 20 02:01:14 UTC 2018
auto.tcl: Setting watchdog for 200 seconds at Mon Aug 20 02:01:14 UTC 2018
10002 ms. Memory: 381952K Free: 365859K (96%)
ptolemy.util.test.WatchDog.cancel(): canceling Mon Aug 20 02:01:24 UTC 2018
------------------ testing $PTII/ptolemy/domains/de/test/auto/relationGroup.xml
auto.tcl: Setting watchdog for 200 seconds at Mon Aug 20 02:01:24 UTC 2018
2 ms. Memory: 382976K Free: 369921K (97%)
ptolemy.util.test.WatchDog.cancel(): canceling Mon Aug 20 02:01:24 UTC 2018
auto.tcl: Setting watchdog for 200 seconds at Mon Aug 20 02:01:24 UTC 2018
2 ms. Memory: 382976K Free: 369921K (97%)
ptolemy.util.test.WatchDog.cancel(): canceling Mon Aug 20 02:01:24 UTC 2018
------------------ testing $PTII/ptolemy/domains/de/test/auto/relationGroup2.xml
auto.tcl: Setting watchdog for 200 seconds at Mon Aug 20 02:01:24 UTC 2018
2 ms. Memory: 381952K Free: 365919K (96%)
ptolemy.util.test.WatchDog.cancel(): canceling Mon Aug 20 02:01:24 UTC 2018
auto.tcl: Setting watchdog for 200 seconds at Mon Aug 20 02:01:24 UTC 2018
1 ms. Memory: 381952K Free: 365919K (96%)
ptolemy.util.test.WatchDog.cancel(): canceling Mon Aug 20 02:01:24 UTC 2018
------------------ testing $PTII/ptolemy/domains/de/test/auto/sortWithOpaquePorts.xml
auto.tcl: Setting watchdog for 200 seconds at Mon Aug 20 02:01:24 UTC 2018
1 ms. Memory: 382976K Free: 369949K (97%)
ptolemy.util.test.WatchDog.cancel(): canceling Mon Aug 20 02:01:24 UTC 2018
auto.tcl: Setting watchdog for 200 seconds at Mon Aug 20 02:01:24 UTC 2018
2 ms. Memory: 382976K Free: 369949K (97%)
ptolemy.util.test.WatchDog.cancel(): canceling Mon Aug 20 02:01:24 UTC 2018
------------------ testing $PTII/ptolemy/domains/de/test/auto/transferInputsandOutputs.xml
auto.tcl: Setting watchdog for 200 seconds at Mon Aug 20 02:01:24 UTC 2018
2 ms. Memory: 381952K Free: 361094K (95%)
ptolemy.util.test.WatchDog.cancel(): canceling Mon Aug 20 02:01:24 UTC 2018
auto.tcl: Setting watchdog for 200 seconds at Mon Aug 20 02:01:24 UTC 2018
1 ms. Memory: 381952K Free: 361094K (95%)
ptolemy.util.test.WatchDog.cancel(): canceling Mon Aug 20 02:01:24 UTC 2018
------------------ testing $PTII/ptolemy/domains/de/test/auto/triggerType.xml
auto.tcl: Setting watchdog for 200 seconds at Mon Aug 20 02:01:24 UTC 2018
1 ms. Memory: 382464K Free: 366369K (96%)
ptolemy.util.test.WatchDog.cancel(): canceling Mon Aug 20 02:01:24 UTC 2018
auto.tcl: Setting watchdog for 200 seconds at Mon Aug 20 02:01:24 UTC 2018
1 ms. Memory: 382464K Free: 366369K (96%)
ptolemy.util.test.WatchDog.cancel(): canceling Mon Aug 20 02:01:24 UTC 2018
08/20/18 02:01:24
Failed: 0  Total Tests: 192  ((Passed: 187, Newly Passed: 1)  Known Failed: 5) /home/travis/build/icyphy/ptII/ptolemy/domains/de/test
08/20/18 02:01:24
Failed: 0  Total Tests: 192  ((Passed: 187, Newly Passed: 1)  Known Failed: 5) /home/travis/build/icyphy/ptII/ptolemy/domains/de/test
----------------- testing (KnownFailure) /home/travis/build/icyphy/ptII/ptolemy/domains/de/test/auto/knownFailedTests/DESDFClockTest.xml
2008 ms. Memory: 381952K Free: 353872K (93%)
Known Failure: java.lang.reflect.InvocationTargetException
----------------- testing (KnownFailure) /home/travis/build/icyphy/ptII/ptolemy/domains/de/test/auto/knownFailedTests/DirectFeedback.xml
2 ms. Memory: 381952K Free: 329828K (86%)
Known Failure: java.lang.reflect.InvocationTargetException
----------------- testing (KnownFailure) /home/travis/build/icyphy/ptII/ptolemy/domains/de/test/auto/knownFailedTests/FSMSource.xml
9 ms. Memory: 381952K Free: 305785K (80%)
----------------- testing (KnownFailure) /home/travis/build/icyphy/ptII/ptolemy/domains/de/test/auto/knownFailedTests/HierarchicalModel.xml
1 ms. Memory: 381952K Free: 281741K (74%)
Known Failure: java.lang.reflect.InvocationTargetException
----------------- testing (KnownFailure) /home/travis/build/icyphy/ptII/ptolemy/domains/de/test/auto/knownFailedTests/dependencyLoop.xml
1 ms. Memory: 381952K Free: 245659K (64%)
Known Failure: java.lang.reflect.InvocationTargetException
----------------- testing (KnownFailure) /home/travis/build/icyphy/ptII/ptolemy/domains/de/test/auto/knownFailedTests/dependencyLoop2.xml
2 ms. Memory: 381952K Free: 209578K (55%)
Known Failure: java.lang.reflect.InvocationTargetException
No auto/linux-amd64/*.xml tests in /home/travis/build/icyphy/ptII/ptolemy/domains/de/test
AutoTests.java: About to close Vertx.
AutoTests.java: Vertx closed.

===========================================================================================
----------------- testing Mon Aug 20 02:01:26 UTC 2018 /home/travis/build/icyphy/ptII/ptolemy/domains/de/test/auto/ActorDepthCalculation_actorWithoutPorts.xml
----------------- Instantiating /home/travis/build/icyphy/ptII/ptolemy/domains/de/test/auto/ActorDepthCalculation_actorWithoutPorts.xml
1 ms. Memory: 381952K Free: 179523K (47%)
----------------- Invoking toplevel() on ptolemy.moml.MoMLSimpleApplication@6639c7e9
----------------- Done invoking toplevel() on ptolemy.moml.MoMLSimpleApplication@6639c7e9
reloadAllAccessors: .ActorDepthCalculation_actorWithoutPorts

===========================================================================================
----------------- testing Mon Aug 20 02:01:26 UTC 2018 /home/travis/build/icyphy/ptII/ptolemy/domains/de/test/auto/AssemblyLine.xml
----------------- Instantiating /home/travis/build/icyphy/ptII/ptolemy/domains/de/test/auto/AssemblyLine.xml
3 ms. Memory: 381952K Free: 161490K (42%)
----------------- Invoking toplevel() on ptolemy.moml.MoMLSimpleApplication@4bedb040
----------------- Done invoking toplevel() on ptolemy.moml.MoMLSimpleApplication@4bedb040
reloadAllAccessors: .AssemblyLine

===========================================================================================
----------------- testing Mon Aug 20 02:01:26 UTC 2018 /home/travis/build/icyphy/ptII/ptolemy/domains/de/test/auto/CQBug1.xml
----------------- Instantiating /home/travis/build/icyphy/ptII/ptolemy/domains/de/test/auto/CQBug1.xml
0 ms. Memory: 381952K Free: 149468K (39%)
----------------- Invoking toplevel() on ptolemy.moml.MoMLSimpleApplication@39f5d5e0
----------------- Done invoking toplevel() on ptolemy.moml.MoMLSimpleApplication@39f5d5e0
reloadAllAccessors: .CQBug1

===========================================================================================
----------------- testing Mon Aug 20 02:01:26 UTC 2018 /home/travis/build/icyphy/ptII/ptolemy/domains/de/test/auto/CancelFireAt.xml
----------------- Instantiating /home/travis/build/icyphy/ptII/ptolemy/domains/de/test/auto/CancelFireAt.xml
1 ms. Memory: 381952K Free: 137447K (36%)
----------------- Invoking toplevel() on ptolemy.moml.MoMLSimpleApplication@17957128
----------------- Done invoking toplevel() on ptolemy.moml.MoMLSimpleApplication@17957128
reloadAllAccessors: .CancelFireAt

===========================================================================================
----------------- testing Mon Aug 20 02:01:26 UTC 2018 /home/travis/build/icyphy/ptII/ptolemy/domains/de/test/auto/CausalityAndComposabilityAnalysis.xml
----------------- Instantiating /home/travis/build/icyphy/ptII/ptolemy/domains/de/test/auto/CausalityAndComposabilityAnalysis.xml
1 ms. Memory: 381952K Free: 125425K (33%)
----------------- Invoking toplevel() on ptolemy.moml.MoMLSimpleApplication@360e3ea4
----------------- Done invoking toplevel() on ptolemy.moml.MoMLSimpleApplication@360e3ea4
reloadAllAccessors: .CausalityAndComposabilityAnalysis

===========================================================================================
----------------- testing Mon Aug 20 02:01:26 UTC 2018 /home/travis/build/icyphy/ptII/ptolemy/domains/de/test/auto/CausalityInterface1.xml
----------------- Instantiating /home/travis/build/icyphy/ptII/ptolemy/domains/de/test/auto/CausalityInterface1.xml
4 ms. Memory: 381952K Free: 113403K (30%)
----------------- Invoking toplevel() on ptolemy.moml.MoMLSimpleApplication@2b009c0c
----------------- Done invoking toplevel() on ptolemy.moml.MoMLSimpleApplication@2b009c0c
reloadAllAccessors: .CausalityInterface1

===========================================================================================
----------------- testing Mon Aug 20 02:01:26 UTC 2018 /home/travis/build/icyphy/ptII/ptolemy/domains/de/test/auto/CausalityInterface15.xml
----------------- Instantiating /home/travis/build/icyphy/ptII/ptolemy/domains/de/test/auto/CausalityInterface15.xml
2 ms. Memory: 381952K Free: 101381K (27%)
----------------- Invoking toplevel() on ptolemy.moml.MoMLSimpleApplication@66dfc48e
----------------- Done invoking toplevel() on ptolemy.moml.MoMLSimpleApplication@66dfc48e
reloadAllAccessors: .CausalityInterface15

[...]
java.lang.RuntimeException: Execution failed
	at ptolemy.moml.MoMLSimpleApplication$UnloadThread.run(MoMLSimpleApplication.java:402)
Caused by: ptolemy.kernel.util.IllegalActionException: Test fails in iteration 1.
Value was: 1.0. Should have been: 2.0
  in .DirectFeedback.Test
	at ptolemy.actor.lib.Test.fire(Test.java:268)
	at ptolemy.domains.de.kernel.DEDirector._fire(DEDirector.java:1949)
	at ptolemy.domains.de.kernel.DEDirector.fire(DEDirector.java:502)
	at ptolemy.actor.CompositeActor.fire(CompositeActor.java:455)
	at ptolemy.actor.Manager.iterate(Manager.java:851)
	at ptolemy.actor.Manager.execute(Manager.java:369)
	at ptolemy.actor.Manager.run(Manager.java:1263)
	at ptolemy.actor.Manager$PtolemyRunThread.run(Manager.java:1915)
java.lang.RuntimeException: Execution failed
	at ptolemy.moml.MoMLSimpleApplication$UnloadThread.run(MoMLSimpleApplication.java:402)
Caused by: ptolemy.kernel.util.IllegalActionException: Actor is not ready to fire.  Perhaps UpSample.prefire() returned false? Try debugging the actor by selecting "Listen to Actor".  Also, for SDF check moml for tokenConsumptionRate on input.
  in .DESDFClockTest.Play Bell.Copy1:SDF Director and .DESDFClockTest.Play Bell.UpSample
	at ptolemy.actor.sched.StaticSchedulingDirector.fire(StaticSchedulingDirector.java:227)
	at ptolemy.domains.sdf.kernel.SDFDirector.fire(SDFDirector.java:500)
	at ptolemy.actor.CompositeActor.fire(CompositeActor.java:455)
	at ptolemy.domains.de.kernel.DEDirector._fire(DEDirector.java:1949)
	at ptolemy.domains.de.kernel.DEDirector.fire(DEDirector.java:502)
	at ptolemy.actor.CompositeActor.fire(CompositeActor.java:455)
	at ptolemy.actor.Manager.iterate(Manager.java:851)
	at ptolemy.actor.Manager.execute(Manager.java:369)
	at ptolemy.actor.Manager.run(Manager.java:1263)
	at ptolemy.actor.Manager$PtolemyRunThread.run(Manager.java:1915)
java.lang.reflect.InvocationTargetException
	at sun.reflect.NativeConstructorAccessorImpl.newInstance0(Native Method)
	at sun.reflect.NativeConstructorAccessorImpl.newInstance(NativeConstructorAccessorImpl.java:62)
	at sun.reflect.DelegatingConstructorAccessorImpl.newInstance(DelegatingConstructorAccessorImpl.java:45)
	at java.lang.reflect.Constructor.newInstance(Constructor.java:423)
	at ptolemy.util.test.junit.AutoKnownFailedTests.RunModel(AutoKnownFailedTests.java:107)
	at sun.reflect.NativeMethodAccessorImpl.invoke0(Native Method)
	at sun.reflect.NativeMethodAccessorImpl.invoke(NativeMethodAccessorImpl.java:62)
	at sun.reflect.DelegatingMethodAccessorImpl.invoke(DelegatingMethodAccessorImpl.java:43)
	at java.lang.reflect.Method.invoke(Method.java:498)
	at org.junit.runners.model.FrameworkMethod$1.runReflectiveCall(FrameworkMethod.java:44)
	at org.junit.internal.runners.model.ReflectiveCallable.run(ReflectiveCallable.java:15)
	at org.junit.runners.model.FrameworkMethod.invokeExplosively(FrameworkMethod.java:41)
	at junitparams.internal.InvokeParameterisedMethod.evaluate(InvokeParameterisedMethod.java:102)
	at org.junit.internal.runners.statements.FailOnTimeout$1.run(FailOnTimeout.java:28)
Caused by: ptolemy.kernel.util.IllegalActionException: Actor is not ready to fire.  Perhaps UpSample.prefire() returned false? Try debugging the actor by selecting "Listen to Actor".  Also, for SDF check moml for tokenConsumptionRate on input.
  in .DESDFClockTest.Play Bell.Copy1:SDF Director and .DESDFClockTest.Play Bell.UpSample
	at ptolemy.actor.sched.StaticSchedulingDirector.fire(StaticSchedulingDirector.java:227)
	at ptolemy.domains.sdf.kernel.SDFDirector.fire(SDFDirector.java:500)
	at ptolemy.actor.CompositeActor.fire(CompositeActor.java:455)
	at ptolemy.domains.de.kernel.DEDirector._fire(DEDirector.java:1949)
	at ptolemy.domains.de.kernel.DEDirector.fire(DEDirector.java:502)
	at ptolemy.actor.CompositeActor.fire(CompositeActor.java:455)
	at ptolemy.actor.Manager.iterate(Manager.java:851)
	at ptolemy.actor.Manager.execute(Manager.java:369)
	at ptolemy.actor.Manager.run(Manager.java:1263)
	at ptolemy.actor.Manager$PtolemyRunThread.run(Manager.java:1915)
java.lang.RuntimeException: Execution failed
	at ptolemy.moml.MoMLSimpleApplication$UnloadThread.run(MoMLSimpleApplication.java:402)
Caused by: ptolemy.kernel.util.IllegalActionException: Test fails in iteration 1.
Value was: 1.0. Should have been: 2.0
  in .DirectFeedback.Test
	at ptolemy.actor.lib.Test.fire(Test.java:268)
	at ptolemy.domains.de.kernel.DEDirector._fire(DEDirector.java:1949)
	at ptolemy.domains.de.kernel.DEDirector.fire(DEDirector.java:502)
	at ptolemy.actor.CompositeActor.fire(CompositeActor.java:455)
	at ptolemy.actor.Manager.iterate(Manager.java:851)
	at ptolemy.actor.Manager.execute(Manager.java:369)
	at ptolemy.actor.Manager.run(Manager.java:1263)
	at ptolemy.actor.Manager$PtolemyRunThread.run(Manager.java:1915)
java.lang.reflect.InvocationTargetException
	at sun.reflect.NativeConstructorAccessorImpl.newInstance0(Native Method)
	at sun.reflect.NativeConstructorAccessorImpl.newInstance(NativeConstructorAccessorImpl.java:62)
	at sun.reflect.DelegatingConstructorAccessorImpl.newInstance(DelegatingConstructorAccessorImpl.java:45)
	at java.lang.reflect.Constructor.newInstance(Constructor.java:423)
	at ptolemy.util.test.junit.AutoKnownFailedTests.RunModel(AutoKnownFailedTests.java:107)
	at sun.reflect.NativeMethodAccessorImpl.invoke0(Native Method)
	at sun.reflect.NativeMethodAccessorImpl.invoke(NativeMethodAccessorImpl.java:62)
	at sun.reflect.DelegatingMethodAccessorImpl.invoke(DelegatingMethodAccessorImpl.java:43)
	at java.lang.reflect.Method.invoke(Method.java:498)
	at org.junit.runners.model.FrameworkMethod$1.runReflectiveCall(FrameworkMethod.java:44)
	at org.junit.internal.runners.model.ReflectiveCallable.run(ReflectiveCallable.java:15)
	at org.junit.runners.model.FrameworkMethod.invokeExplosively(FrameworkMethod.java:41)
	at junitparams.internal.InvokeParameterisedMethod.evaluate(InvokeParameterisedMethod.java:102)
	at org.junit.internal.runners.statements.FailOnTimeout$1.run(FailOnTimeout.java:28)
Caused by: ptolemy.kernel.util.IllegalActionException: Test fails in iteration 1.
Value was: 1.0. Should have been: 2.0
  in .DirectFeedback.Test
	at ptolemy.actor.lib.Test.fire(Test.java:268)
	at ptolemy.domains.de.kernel.DEDirector._fire(DEDirector.java:1949)
	at ptolemy.domains.de.kernel.DEDirector.fire(DEDirector.java:502)
	at ptolemy.actor.CompositeActor.fire(CompositeActor.java:455)
	at ptolemy.actor.Manager.iterate(Manager.java:851)
	at ptolemy.actor.Manager.execute(Manager.java:369)
	at ptolemy.actor.Manager.run(Manager.java:1263)
	at ptolemy.actor.Manager$PtolemyRunThread.run(Manager.java:1915)
java.lang.RuntimeException: Execution failed
	at ptolemy.moml.MoMLSimpleApplication$UnloadThread.run(MoMLSimpleApplication.java:402)
Caused by: ptolemy.kernel.util.IllegalActionException: Found a zero delay loop containing .HierarchicalModel.A
  in .HierarchicalModel and .HierarchicalModel.A
	at ptolemy.actor.util.CausalityInterfaceForComposites._computeOutputPortDepth(CausalityInterfaceForComposites.java:759)
	at ptolemy.actor.util.CausalityInterfaceForComposites._computeInputDepth(CausalityInterfaceForComposites.java:696)
	at ptolemy.actor.util.CausalityInterfaceForComposites._computeOutputPortDepth(CausalityInterfaceForComposites.java:765)
	at ptolemy.actor.util.CausalityInterfaceForComposites._computeInputDepth(CausalityInterfaceForComposites.java:696)
	at ptolemy.actor.util.CausalityInterfaceForComposites._computeOutputPortDepth(CausalityInterfaceForComposites.java:765)
	at ptolemy.actor.util.CausalityInterfaceForComposites._computeInputDepth(CausalityInterfaceForComposites.java:696)
	at ptolemy.actor.util.CausalityInterfaceForComposites._computeActorDepth(CausalityInterfaceForComposites.java:532)
	at ptolemy.actor.util.CausalityInterfaceForComposites.checkForCycles(CausalityInterfaceForComposites.java:96)
	at ptolemy.domains.de.kernel.DEDirector.preinitialize(DEDirector.java:1338)
	at ptolemy.actor.CompositeActor.preinitialize(CompositeActor.java:1828)
	at ptolemy.actor.Manager.preinitializeAndResolveTypes(Manager.java:1040)
	at ptolemy.actor.Manager.initialize(Manager.java:710)
	at ptolemy.actor.Manager.execute(Manager.java:356)
	at ptolemy.actor.Manager.run(Manager.java:1263)
	at ptolemy.actor.Manager$PtolemyRunThread.run(Manager.java:1915)
java.lang.reflect.InvocationTargetException
	at sun.reflect.NativeConstructorAccessorImpl.newInstance0(Native Method)
	at sun.reflect.NativeConstructorAccessorImpl.newInstance(NativeConstructorAccessorImpl.java:62)
	at sun.reflect.DelegatingConstructorAccessorImpl.newInstance(DelegatingConstructorAccessorImpl.java:45)
	at java.lang.reflect.Constructor.newInstance(Constructor.java:423)
	at ptolemy.util.test.junit.AutoKnownFailedTests.RunModel(AutoKnownFailedTests.java:107)
	at sun.reflect.NativeMethodAccessorImpl.invoke0(Native Method)
	at sun.reflect.NativeMethodAccessorImpl.invoke(NativeMethodAccessorImpl.java:62)
	at sun.reflect.DelegatingMethodAccessorImpl.invoke(DelegatingMethodAccessorImpl.java:43)
	at java.lang.reflect.Method.invoke(Method.java:498)
	at org.junit.runners.model.FrameworkMethod$1.runReflectiveCall(FrameworkMethod.java:44)
	at org.junit.internal.runners.model.ReflectiveCallable.run(ReflectiveCallable.java:15)
	at org.junit.runners.model.FrameworkMethod.invokeExplosively(FrameworkMethod.java:41)
	at junitparams.internal.InvokeParameterisedMethod.evaluate(InvokeParameterisedMethod.java:102)
	at org.junit.internal.runners.statements.FailOnTimeout$1.run(FailOnTimeout.java:28)
Caused by: ptolemy.kernel.util.IllegalActionException: Found a zero delay loop containing .HierarchicalModel.A
  in .HierarchicalModel and .HierarchicalModel.A
	at ptolemy.actor.util.CausalityInterfaceForComposites._computeOutputPortDepth(CausalityInterfaceForComposites.java:759)
	at ptolemy.actor.util.CausalityInterfaceForComposites._computeInputDepth(CausalityInterfaceForComposites.java:696)
	at ptolemy.actor.util.CausalityInterfaceForComposites._computeOutputPortDepth(CausalityInterfaceForComposites.java:765)
	at ptolemy.actor.util.CausalityInterfaceForComposites._computeInputDepth(CausalityInterfaceForComposites.java:696)
	at ptolemy.actor.util.CausalityInterfaceForComposites._computeOutputPortDepth(CausalityInterfaceForComposites.java:765)
	at ptolemy.actor.util.CausalityInterfaceForComposites._computeInputDepth(CausalityInterfaceForComposites.java:696)
	at ptolemy.actor.util.CausalityInterfaceForComposites._computeActorDepth(CausalityInterfaceForComposites.java:532)
	at ptolemy.actor.util.CausalityInterfaceForComposites.checkForCycles(CausalityInterfaceForComposites.java:96)
	at ptolemy.domains.de.kernel.DEDirector.preinitialize(DEDirector.java:1338)
	at ptolemy.actor.CompositeActor.preinitialize(CompositeActor.java:1828)
	at ptolemy.actor.Manager.preinitializeAndResolveTypes(Manager.java:1040)
	at ptolemy.actor.Manager.initialize(Manager.java:710)
	at ptolemy.actor.Manager.execute(Manager.java:356)
	at ptolemy.actor.Manager.run(Manager.java:1263)
	at ptolemy.actor.Manager$PtolemyRunThread.run(Manager.java:1915)
java.lang.RuntimeException: Execution failed
	at ptolemy.moml.MoMLSimpleApplication$UnloadThread.run(MoMLSimpleApplication.java:402)
Caused by: ptolemy.kernel.util.IllegalActionException: Found a zero delay loop containing .dependencyLoop.original
  in .dependencyLoop and .dependencyLoop.original
	at ptolemy.actor.util.CausalityInterfaceForComposites._computeOutputPortDepth(CausalityInterfaceForComposites.java:759)
	at ptolemy.actor.util.CausalityInterfaceForComposites._computeInputDepth(CausalityInterfaceForComposites.java:696)
	at ptolemy.actor.util.CausalityInterfaceForComposites._computeOutputPortDepth(CausalityInterfaceForComposites.java:765)
	at ptolemy.actor.util.CausalityInterfaceForComposites._computeInputDepth(CausalityInterfaceForComposites.java:696)
	at ptolemy.actor.util.CausalityInterfaceForComposites._computeOutputPortDepth(CausalityInterfaceForComposites.java:765)
	at ptolemy.actor.util.CausalityInterfaceForComposites._computeInputDepth(CausalityInterfaceForComposites.java:696)
	at ptolemy.actor.util.CausalityInterfaceForComposites._computeActorDepth(CausalityInterfaceForComposites.java:532)
	at ptolemy.actor.util.CausalityInterfaceForComposites.checkForCycles(CausalityInterfaceForComposites.java:96)
	at ptolemy.domains.de.kernel.DEDirector.preinitialize(DEDirector.java:1338)
	at ptolemy.actor.CompositeActor.preinitialize(CompositeActor.java:1828)
	at ptolemy.actor.Manager.preinitializeAndResolveTypes(Manager.java:1040)
	at ptolemy.actor.Manager.initialize(Manager.java:710)
	at ptolemy.actor.Manager.execute(Manager.java:356)
	at ptolemy.actor.Manager.run(Manager.java:1263)
	at ptolemy.actor.Manager$PtolemyRunThread.run(Manager.java:1915)
java.lang.reflect.InvocationTargetException
	at sun.reflect.NativeConstructorAccessorImpl.newInstance0(Native Method)
	at sun.reflect.NativeConstructorAccessorImpl.newInstance(NativeConstructorAccessorImpl.java:62)
	at sun.reflect.DelegatingConstructorAccessorImpl.newInstance(DelegatingConstructorAccessorImpl.java:45)
	at java.lang.reflect.Constructor.newInstance(Constructor.java:423)
	at ptolemy.util.test.junit.AutoKnownFailedTests.RunModel(AutoKnownFailedTests.java:107)
	at sun.reflect.NativeMethodAccessorImpl.invoke0(Native Method)
	at sun.reflect.NativeMethodAccessorImpl.invoke(NativeMethodAccessorImpl.java:62)
	at sun.reflect.DelegatingMethodAccessorImpl.invoke(DelegatingMethodAccessorImpl.java:43)
	at java.lang.reflect.Method.invoke(Method.java:498)
	at org.junit.runners.model.FrameworkMethod$1.runReflectiveCall(FrameworkMethod.java:44)
	at org.junit.internal.runners.model.ReflectiveCallable.run(ReflectiveCallable.java:15)
	at org.junit.runners.model.FrameworkMethod.invokeExplosively(FrameworkMethod.java:41)
	at junitparams.internal.InvokeParameterisedMethod.evaluate(InvokeParameterisedMethod.java:102)
	at org.junit.internal.runners.statements.FailOnTimeout$1.run(FailOnTimeout.java:28)
Caused by: ptolemy.kernel.util.IllegalActionException: Found a zero delay loop containing .dependencyLoop.original
  in .dependencyLoop and .dependencyLoop.original
	at ptolemy.actor.util.CausalityInterfaceForComposites._computeOutputPortDepth(CausalityInterfaceForComposites.java:759)
	at ptolemy.actor.util.CausalityInterfaceForComposites._computeInputDepth(CausalityInterfaceForComposites.java:696)
	at ptolemy.actor.util.CausalityInterfaceForComposites._computeOutputPortDepth(CausalityInterfaceForComposites.java:765)
	at ptolemy.actor.util.CausalityInterfaceForComposites._computeInputDepth(CausalityInterfaceForComposites.java:696)
	at ptolemy.actor.util.CausalityInterfaceForComposites._computeOutputPortDepth(CausalityInterfaceForComposites.java:765)
	at ptolemy.actor.util.CausalityInterfaceForComposites._computeInputDepth(CausalityInterfaceForComposites.java:696)
	at ptolemy.actor.util.CausalityInterfaceForComposites._computeActorDepth(CausalityInterfaceForComposites.java:532)
	at ptolemy.actor.util.CausalityInterfaceForComposites.checkForCycles(CausalityInterfaceForComposites.java:96)
	at ptolemy.domains.de.kernel.DEDirector.preinitialize(DEDirector.java:1338)
	at ptolemy.actor.CompositeActor.preinitialize(CompositeActor.java:1828)
	at ptolemy.actor.Manager.preinitializeAndResolveTypes(Manager.java:1040)
	at ptolemy.actor.Manager.initialize(Manager.java:710)
	at ptolemy.actor.Manager.execute(Manager.java:356)
	at ptolemy.actor.Manager.run(Manager.java:1263)
	at ptolemy.actor.Manager$PtolemyRunThread.run(Manager.java:1915)
java.lang.RuntimeException: Execution failed
	at ptolemy.moml.MoMLSimpleApplication$UnloadThread.run(MoMLSimpleApplication.java:402)
Caused by: ptolemy.kernel.util.IllegalActionException: Found a zero delay loop containing .dependencyLoop2.original
  in .dependencyLoop2 and .dependencyLoop2.original
	at ptolemy.actor.util.CausalityInterfaceForComposites._computeOutputPortDepth(CausalityInterfaceForComposites.java:759)
	at ptolemy.actor.util.CausalityInterfaceForComposites._computeInputDepth(CausalityInterfaceForComposites.java:696)
	at ptolemy.actor.util.CausalityInterfaceForComposites._computeOutputPortDepth(CausalityInterfaceForComposites.java:765)
	at ptolemy.actor.util.CausalityInterfaceForComposites._computeInputDepth(CausalityInterfaceForComposites.java:696)
	at ptolemy.actor.util.CausalityInterfaceForComposites._computeOutputPortDepth(CausalityInterfaceForComposites.java:765)
	at ptolemy.actor.util.CausalityInterfaceForComposites._computeInputDepth(CausalityInterfaceForComposites.java:696)
	at ptolemy.actor.util.CausalityInterfaceForComposites._computeActorDepth(CausalityInterfaceForComposites.java:532)
	at ptolemy.actor.util.CausalityInterfaceForComposites.checkForCycles(CausalityInterfaceForComposites.java:96)
	at ptolemy.domains.de.kernel.DEDirector.preinitialize(DEDirector.java:1338)
	at ptolemy.actor.CompositeActor.preinitialize(CompositeActor.java:1828)
	at ptolemy.actor.Manager.preinitializeAndResolveTypes(Manager.java:1040)
	at ptolemy.actor.Manager.initialize(Manager.java:710)
	at ptolemy.actor.Manager.execute(Manager.java:356)
	at ptolemy.actor.Manager.run(Manager.java:1263)
	at ptolemy.actor.Manager$PtolemyRunThread.run(Manager.java:1915)
java.lang.reflect.InvocationTargetException
	at sun.reflect.NativeConstructorAccessorImpl.newInstance0(Native Method)
	at sun.reflect.NativeConstructorAccessorImpl.newInstance(NativeConstructorAccessorImpl.java:62)
	at sun.reflect.DelegatingConstructorAccessorImpl.newInstance(DelegatingConstructorAccessorImpl.java:45)
	at java.lang.reflect.Constructor.newInstance(Constructor.java:423)
	at ptolemy.util.test.junit.AutoKnownFailedTests.RunModel(AutoKnownFailedTests.java:107)
	at sun.reflect.NativeMethodAccessorImpl.invoke0(Native Method)
	at sun.reflect.NativeMethodAccessorImpl.invoke(NativeMethodAccessorImpl.java:62)
	at sun.reflect.DelegatingMethodAccessorImpl.invoke(DelegatingMethodAccessorImpl.java:43)
	at java.lang.reflect.Method.invoke(Method.java:498)
	at org.junit.runners.model.FrameworkMethod$1.runReflectiveCall(FrameworkMethod.java:44)
	at org.junit.internal.runners.model.ReflectiveCallable.run(ReflectiveCallable.java:15)
	at org.junit.runners.model.FrameworkMethod.invokeExplosively(FrameworkMethod.java:41)
	at junitparams.internal.InvokeParameterisedMethod.evaluate(InvokeParameterisedMethod.java:102)
	at org.junit.internal.runners.statements.FailOnTimeout$1.run(FailOnTimeout.java:28)
Caused by: ptolemy.kernel.util.IllegalActionException: Found a zero delay loop containing .dependencyLoop2.original
  in .dependencyLoop2 and .dependencyLoop2.original
	at ptolemy.actor.util.CausalityInterfaceForComposites._computeOutputPortDepth(CausalityInterfaceForComposites.java:759)
	at ptolemy.actor.util.CausalityInterfaceForComposites._computeInputDepth(CausalityInterfaceForComposites.java:696)
	at ptolemy.actor.util.CausalityInterfaceForComposites._computeOutputPortDepth(CausalityInterfaceForComposites.java:765)
	at ptolemy.actor.util.CausalityInterfaceForComposites._computeInputDepth(CausalityInterfaceForComposites.java:696)
	at ptolemy.actor.util.CausalityInterfaceForComposites._computeOutputPortDepth(CausalityInterfaceForComposites.java:765)
	at ptolemy.actor.util.CausalityInterfaceForComposites._computeInputDepth(CausalityInterfaceForComposites.java:696)
	at ptolemy.actor.util.CausalityInterfaceForComposites._computeActorDepth(CausalityInterfaceForComposites.java:532)
	at ptolemy.actor.util.CausalityInterfaceForComposites.checkForCycles(CausalityInterfaceForComposites.java:96)
	at ptolemy.domains.de.kernel.DEDirector.preinitialize(DEDirector.java:1338)
	at ptolemy.actor.CompositeActor.preinitialize(CompositeActor.java:1828)
	at ptolemy.actor.Manager.preinitializeAndResolveTypes(Manager.java:1040)
	at ptolemy.actor.Manager.initialize(Manager.java:710)
	at ptolemy.actor.Manager.execute(Manager.java:356)
	at ptolemy.actor.Manager.run(Manager.java:1263)
	at ptolemy.actor.Manager$PtolemyRunThread.run(Manager.java:1915)
]]></system-err>
</testsuite>
