<?xml version="1.0" encoding="UTF-8" ?>
<testsuite errors="0" failures="0" hostname="travis-job-ed307b05-6e54-4a8f-a379-78effbcd2b5d" name="ptolemy.domains.sdf.lib.test.junit.JUnitTclTest" skipped="0" tests="82" time="8.679" timestamp="2018-06-02T13:33:10">
  <properties>
[...]
</properties>
  <testcase classname="ptolemy.util.test.junit.TclTests" name="[0] /home/travis/build/icyphy/ptII/ptolemy/domains/sdf/lib/test/ArrayToSequence.tcl (RunTclFile)" time="0.554" />
  <testcase classname="ptolemy.util.test.junit.TclTests" name="[1] /home/travis/build/icyphy/ptII/ptolemy/domains/sdf/lib/test/BitsToInt.tcl (RunTclFile)" time="0.043" />
  <testcase classname="ptolemy.util.test.junit.TclTests" name="[2] /home/travis/build/icyphy/ptII/ptolemy/domains/sdf/lib/test/DelayLine.tcl (RunTclFile)" time="0.021" />
  <testcase classname="ptolemy.util.test.junit.TclTests" name="[3] /home/travis/build/icyphy/ptII/ptolemy/domains/sdf/lib/test/FFT.tcl (RunTclFile)" time="0.016" />
  <testcase classname="ptolemy.util.test.junit.TclTests" name="[4] /home/travis/build/icyphy/ptII/ptolemy/domains/sdf/lib/test/FIR.tcl (RunTclFile)" time="0.064" />
  <testcase classname="ptolemy.util.test.junit.TclTests" name="[5] /home/travis/build/icyphy/ptII/ptolemy/domains/sdf/lib/test/IntToBits.tcl (RunTclFile)" time="0.028" />
  <testcase classname="ptolemy.util.test.junit.TclTests" name="[6] /home/travis/build/icyphy/ptII/ptolemy/domains/sdf/lib/test/MaximumEntropySpectrum.tcl (RunTclFile)" time="0.24" />
  <testcase classname="ptolemy.util.test.junit.TclTests" name="[7] /home/travis/build/icyphy/ptII/ptolemy/domains/sdf/lib/test/Repeat.tcl (RunTclFile)" time="0.025" />
  <testcase classname="ptolemy.util.test.junit.TclTests" name="[8] /home/travis/build/icyphy/ptII/ptolemy/domains/sdf/lib/test/SampleDelay.tcl (RunTclFile)" time="0.062" />
  <testcase classname="ptolemy.util.test.junit.TclTests" name="[9] /home/travis/build/icyphy/ptII/ptolemy/domains/sdf/lib/test/SequenceToArray.tcl (RunTclFile)" time="0.069" />
  <testcase classname="ptolemy.util.test.junit.AutoKnownFailedTests" name="[0] ThereAreNoKnowFailedTests (RunModel)" time="0.006" />
  <testcase classname="ptolemy.util.test.junit.AutoNameArchTests" name="[0] ThereAreNoAutoArchTests (RunModel)" time="0.004" />
  <testcase classname="ptolemy.util.test.junit.AutoTests" name="[0] /home/travis/build/icyphy/ptII/ptolemy/domains/sdf/lib/test/auto/ArrayToSequence.xml (RunModel)" time="0.15" />
  <testcase classname="ptolemy.util.test.junit.AutoTests" name="[1] /home/travis/build/icyphy/ptII/ptolemy/domains/sdf/lib/test/auto/ArrayToSequenceTest.xml (RunModel)" time="0.042" />
  <testcase classname="ptolemy.util.test.junit.AutoTests" name="[2] /home/travis/build/icyphy/ptII/ptolemy/domains/sdf/lib/test/auto/Autocorrelation.xml (RunModel)" time="0.037" />
  <testcase classname="ptolemy.util.test.junit.AutoTests" name="[3] /home/travis/build/icyphy/ptII/ptolemy/domains/sdf/lib/test/auto/Autocorrelation2.xml (RunModel)" time="0.019" />
  <testcase classname="ptolemy.util.test.junit.AutoTests" name="[4] /home/travis/build/icyphy/ptII/ptolemy/domains/sdf/lib/test/auto/Autocorrelation3.xml (RunModel)" time="0.016" />
  <testcase classname="ptolemy.util.test.junit.AutoTests" name="[5] /home/travis/build/icyphy/ptII/ptolemy/domains/sdf/lib/test/auto/Autocorrelation4.xml (RunModel)" time="0.02" />
  <testcase classname="ptolemy.util.test.junit.AutoTests" name="[6] /home/travis/build/icyphy/ptII/ptolemy/domains/sdf/lib/test/auto/Autocorrelation5.xml (RunModel)" time="0.102" />
  <testcase classname="ptolemy.util.test.junit.AutoTests" name="[7] /home/travis/build/icyphy/ptII/ptolemy/domains/sdf/lib/test/auto/BitsToInt.xml (RunModel)" time="0.025" />
  <testcase classname="ptolemy.util.test.junit.AutoTests" name="[8] /home/travis/build/icyphy/ptII/ptolemy/domains/sdf/lib/test/auto/BooleanJoin.xml (RunModel)" time="0.055" />
  <testcase classname="ptolemy.util.test.junit.AutoTests" name="[9] /home/travis/build/icyphy/ptII/ptolemy/domains/sdf/lib/test/auto/BootstrapSampleDelay.xml (RunModel)" time="0.051" />
  <testcase classname="ptolemy.util.test.junit.AutoTests" name="[10] /home/travis/build/icyphy/ptII/ptolemy/domains/sdf/lib/test/auto/Chop.xml (RunModel)" time="0.084" />
  <testcase classname="ptolemy.util.test.junit.AutoTests" name="[11] /home/travis/build/icyphy/ptII/ptolemy/domains/sdf/lib/test/auto/Chop2.xml (RunModel)" time="0.046" />
  <testcase classname="ptolemy.util.test.junit.AutoTests" name="[12] /home/travis/build/icyphy/ptII/ptolemy/domains/sdf/lib/test/auto/ComplexJoin.xml (RunModel)" time="0.034" />
  <testcase classname="ptolemy.util.test.junit.AutoTests" name="[13] /home/travis/build/icyphy/ptII/ptolemy/domains/sdf/lib/test/auto/CountTrues.xml (RunModel)" time="0.033" />
  <testcase classname="ptolemy.util.test.junit.AutoTests" name="[14] /home/travis/build/icyphy/ptII/ptolemy/domains/sdf/lib/test/auto/DelayLine.xml (RunModel)" time="0.037" />
  <testcase classname="ptolemy.util.test.junit.AutoTests" name="[15] /home/travis/build/icyphy/ptII/ptolemy/domains/sdf/lib/test/auto/DotProduct.xml (RunModel)" time="0.03" />
  <testcase classname="ptolemy.util.test.junit.AutoTests" name="[16] /home/travis/build/icyphy/ptII/ptolemy/domains/sdf/lib/test/auto/DotProductMatrix.xml (RunModel)" time="0.02" />
  <testcase classname="ptolemy.util.test.junit.AutoTests" name="[17] /home/travis/build/icyphy/ptII/ptolemy/domains/sdf/lib/test/auto/DownSample1.xml (RunModel)" time="0.022" />
  <testcase classname="ptolemy.util.test.junit.AutoTests" name="[18] /home/travis/build/icyphy/ptII/ptolemy/domains/sdf/lib/test/auto/DynamicRateChange.xml (RunModel)" time="0.036" />
  <testcase classname="ptolemy.util.test.junit.AutoTests" name="[19] /home/travis/build/icyphy/ptII/ptolemy/domains/sdf/lib/test/auto/DynamicRates.xml (RunModel)" time="0.031" />
  <testcase classname="ptolemy.util.test.junit.AutoTests" name="[20] /home/travis/build/icyphy/ptII/ptolemy/domains/sdf/lib/test/auto/FFT1.xml (RunModel)" time="0.039" />
  <testcase classname="ptolemy.util.test.junit.AutoTests" name="[21] /home/travis/build/icyphy/ptII/ptolemy/domains/sdf/lib/test/auto/FIR1.xml (RunModel)" time="0.056" />
  <testcase classname="ptolemy.util.test.junit.AutoTests" name="[22] /home/travis/build/icyphy/ptII/ptolemy/domains/sdf/lib/test/auto/FIR2.xml (RunModel)" time="0.018" />
  <testcase classname="ptolemy.util.test.junit.AutoTests" name="[23] /home/travis/build/icyphy/ptII/ptolemy/domains/sdf/lib/test/auto/FIR4.xml (RunModel)" time="0.039" />
  <testcase classname="ptolemy.util.test.junit.AutoTests" name="[24] /home/travis/build/icyphy/ptII/ptolemy/domains/sdf/lib/test/auto/FixJoin.xml (RunModel)" time="0.04" />
  <testcase classname="ptolemy.util.test.junit.AutoTests" name="[25] /home/travis/build/icyphy/ptII/ptolemy/domains/sdf/lib/test/auto/IntJoin1.xml (RunModel)" time="0.024" />
  <testcase classname="ptolemy.util.test.junit.AutoTests" name="[26] /home/travis/build/icyphy/ptII/ptolemy/domains/sdf/lib/test/auto/IntJoin2.xml (RunModel)" time="0.02" />
  <testcase classname="ptolemy.util.test.junit.AutoTests" name="[27] /home/travis/build/icyphy/ptII/ptolemy/domains/sdf/lib/test/auto/IntJoin3.xml (RunModel)" time="0.02" />
  <testcase classname="ptolemy.util.test.junit.AutoTests" name="[28] /home/travis/build/icyphy/ptII/ptolemy/domains/sdf/lib/test/auto/IntJoin4.xml (RunModel)" time="0.025" />
  <testcase classname="ptolemy.util.test.junit.AutoTests" name="[29] /home/travis/build/icyphy/ptII/ptolemy/domains/sdf/lib/test/auto/IntJoin5.xml (RunModel)" time="0.022" />
  <testcase classname="ptolemy.util.test.junit.AutoTests" name="[30] /home/travis/build/icyphy/ptII/ptolemy/domains/sdf/lib/test/auto/IntToBits.xml (RunModel)" time="0.032" />
  <testcase classname="ptolemy.util.test.junit.AutoTests" name="[31] /home/travis/build/icyphy/ptII/ptolemy/domains/sdf/lib/test/auto/LMSAdaptive.xml (RunModel)" time="0.079" />
  <testcase classname="ptolemy.util.test.junit.AutoTests" name="[32] /home/travis/build/icyphy/ptII/ptolemy/domains/sdf/lib/test/auto/LMSAdaptiveFIR.xml (RunModel)" time="0.393" />
  <testcase classname="ptolemy.util.test.junit.AutoTests" name="[33] /home/travis/build/icyphy/ptII/ptolemy/domains/sdf/lib/test/auto/LMSAdaptiveFIR2.xml (RunModel)" time="0.454" />
  <testcase classname="ptolemy.util.test.junit.AutoTests" name="[34] /home/travis/build/icyphy/ptII/ptolemy/domains/sdf/lib/test/auto/LongJoin.xml (RunModel)" time="0.023" />
  <testcase classname="ptolemy.util.test.junit.AutoTests" name="[35] /home/travis/build/icyphy/ptII/ptolemy/domains/sdf/lib/test/auto/Matrix1.xml (RunModel)" time="0.024" />
  <testcase classname="ptolemy.util.test.junit.AutoTests" name="[36] /home/travis/build/icyphy/ptII/ptolemy/domains/sdf/lib/test/auto/Matrix2.xml (RunModel)" time="0.021" />
  <testcase classname="ptolemy.util.test.junit.AutoTests" name="[37] /home/travis/build/icyphy/ptII/ptolemy/domains/sdf/lib/test/auto/MatrixJoin1.xml (RunModel)" time="0.053" />
  <testcase classname="ptolemy.util.test.junit.AutoTests" name="[38] /home/travis/build/icyphy/ptII/ptolemy/domains/sdf/lib/test/auto/MatrixJoin2.xml (RunModel)" time="0.02" />
  <testcase classname="ptolemy.util.test.junit.AutoTests" name="[39] /home/travis/build/icyphy/ptII/ptolemy/domains/sdf/lib/test/auto/MatrixJoin3.xml (RunModel)" time="0.023" />
  <testcase classname="ptolemy.util.test.junit.AutoTests" name="[40] /home/travis/build/icyphy/ptII/ptolemy/domains/sdf/lib/test/auto/MatrixJoin4.xml (RunModel)" time="0.019" />
  <testcase classname="ptolemy.util.test.junit.AutoTests" name="[41] /home/travis/build/icyphy/ptII/ptolemy/domains/sdf/lib/test/auto/MatrixJoin5.xml (RunModel)" time="0.02" />
  <testcase classname="ptolemy.util.test.junit.AutoTests" name="[42] /home/travis/build/icyphy/ptII/ptolemy/domains/sdf/lib/test/auto/MatrixSplit1.xml (RunModel)" time="0.03" />
  <testcase classname="ptolemy.util.test.junit.AutoTests" name="[43] /home/travis/build/icyphy/ptII/ptolemy/domains/sdf/lib/test/auto/MatrixSplit10.xml (RunModel)" time="0.021" />
  <testcase classname="ptolemy.util.test.junit.AutoTests" name="[44] /home/travis/build/icyphy/ptII/ptolemy/domains/sdf/lib/test/auto/MatrixSplit11.xml (RunModel)" time="0.017" />
  <testcase classname="ptolemy.util.test.junit.AutoTests" name="[45] /home/travis/build/icyphy/ptII/ptolemy/domains/sdf/lib/test/auto/MatrixSplit12.xml (RunModel)" time="0.025" />
  <testcase classname="ptolemy.util.test.junit.AutoTests" name="[46] /home/travis/build/icyphy/ptII/ptolemy/domains/sdf/lib/test/auto/MatrixSplit13.xml (RunModel)" time="0.034" />
  <testcase classname="ptolemy.util.test.junit.AutoTests" name="[47] /home/travis/build/icyphy/ptII/ptolemy/domains/sdf/lib/test/auto/MatrixSplit14.xml (RunModel)" time="0.017" />
  <testcase classname="ptolemy.util.test.junit.AutoTests" name="[48] /home/travis/build/icyphy/ptII/ptolemy/domains/sdf/lib/test/auto/MatrixSplit2.xml (RunModel)" time="0.019" />
  <testcase classname="ptolemy.util.test.junit.AutoTests" name="[49] /home/travis/build/icyphy/ptII/ptolemy/domains/sdf/lib/test/auto/MatrixSplit3.xml (RunModel)" time="0.023" />
  <testcase classname="ptolemy.util.test.junit.AutoTests" name="[50] /home/travis/build/icyphy/ptII/ptolemy/domains/sdf/lib/test/auto/MatrixSplit4.xml (RunModel)" time="0.021" />
  <testcase classname="ptolemy.util.test.junit.AutoTests" name="[51] /home/travis/build/icyphy/ptII/ptolemy/domains/sdf/lib/test/auto/MatrixSplit5.xml (RunModel)" time="0.019" />
  <testcase classname="ptolemy.util.test.junit.AutoTests" name="[52] /home/travis/build/icyphy/ptII/ptolemy/domains/sdf/lib/test/auto/MatrixSplit6.xml (RunModel)" time="0.019" />
  <testcase classname="ptolemy.util.test.junit.AutoTests" name="[53] /home/travis/build/icyphy/ptII/ptolemy/domains/sdf/lib/test/auto/MatrixSplit7.xml (RunModel)" time="0.019" />
  <testcase classname="ptolemy.util.test.junit.AutoTests" name="[54] /home/travis/build/icyphy/ptII/ptolemy/domains/sdf/lib/test/auto/MatrixSplit8.xml (RunModel)" time="0.017" />
  <testcase classname="ptolemy.util.test.junit.AutoTests" name="[55] /home/travis/build/icyphy/ptII/ptolemy/domains/sdf/lib/test/auto/MatrixSplit9.xml (RunModel)" time="0.033" />
  <testcase classname="ptolemy.util.test.junit.AutoTests" name="[56] /home/travis/build/icyphy/ptII/ptolemy/domains/sdf/lib/test/auto/MatrixToSequence.xml (RunModel)" time="0.051" />
  <testcase classname="ptolemy.util.test.junit.AutoTests" name="[57] /home/travis/build/icyphy/ptII/ptolemy/domains/sdf/lib/test/auto/MaximumEntropySpectrum.xml (RunModel)" time="0.088" />
  <testcase classname="ptolemy.util.test.junit.AutoTests" name="[58] /home/travis/build/icyphy/ptII/ptolemy/domains/sdf/lib/test/auto/SampleDelayConversion.xml (RunModel)" time="0.024" />
  <testcase classname="ptolemy.util.test.junit.AutoTests" name="[59] /home/travis/build/icyphy/ptII/ptolemy/domains/sdf/lib/test/auto/SequenceToArray.xml (RunModel)" time="0.07" />
  <testcase classname="ptolemy.util.test.junit.AutoTests" name="[60] /home/travis/build/icyphy/ptII/ptolemy/domains/sdf/lib/test/auto/SequenceToMatrix.xml (RunModel)" time="3.89" />
  <testcase classname="ptolemy.util.test.junit.AutoTests" name="[61] /home/travis/build/icyphy/ptII/ptolemy/domains/sdf/lib/test/auto/SmoothedPeriodogram.xml (RunModel)" time="0.061" />
  <testcase classname="ptolemy.util.test.junit.AutoTests" name="[62] /home/travis/build/icyphy/ptII/ptolemy/domains/sdf/lib/test/auto/UpDownSample1.xml (RunModel)" time="0.018" />
  <testcase classname="ptolemy.util.test.junit.AutoTests" name="[63] /home/travis/build/icyphy/ptII/ptolemy/domains/sdf/lib/test/auto/UpSample1.xml (RunModel)" time="0.017" />
  <testcase classname="ptolemy.util.test.junit.AutoTests" name="[64] /home/travis/build/icyphy/ptII/ptolemy/domains/sdf/lib/test/auto/VariableFIR.xml (RunModel)" time="0.029" />
  <testcase classname="ptolemy.util.test.junit.AutoTests" name="[65] /home/travis/build/icyphy/ptII/ptolemy/domains/sdf/lib/test/auto/VariableFIR2.xml (RunModel)" time="0.028" />
  <testcase classname="ptolemy.util.test.junit.AutoTests" name="[66] /home/travis/build/icyphy/ptII/ptolemy/domains/sdf/lib/test/auto/VariableLattice.xml (RunModel)" time="0.03" />
  <testcase classname="ptolemy.util.test.junit.AutoTests" name="[67] /home/travis/build/icyphy/ptII/ptolemy/domains/sdf/lib/test/auto/VariableLattice2.xml (RunModel)" time="0.027" />
  <testcase classname="ptolemy.util.test.junit.AutoTests" name="[68] /home/travis/build/icyphy/ptII/ptolemy/domains/sdf/lib/test/auto/VariableRecursiveLattice.xml (RunModel)" time="0.02" />
  <testcase classname="ptolemy.util.test.junit.AutoTests" name="[69] /home/travis/build/icyphy/ptII/ptolemy/domains/sdf/lib/test/auto/VariableRecursiveLattice2.xml (RunModel)" time="0.021" />
  <system-out><![CDATA[/home/travis/build/icyphy/ptII/ptolemy/domains/sdf/lib/test/ArrayToSequence.tcl
testDefs.tcl: setting time out to 9000 seconds at Sat Jun 02 13:33:10 UTC 2018
48 ms. Memory: 116224K Free: 85504K (74%)
10 ms. Memory: 116224K Free: 110120K (95%)
24 ms. Memory: 116224K Free: 107709K (93%)
18 ms. Memory: 116224K Free: 106488K (92%)
/home/travis/build/icyphy/ptII/ptolemy/domains/sdf/lib/test/BitsToInt.tcl
12 ms. Memory: 116224K Free: 104677K (90%)
6 ms. Memory: 116224K Free: 102841K (88%)
/home/travis/build/icyphy/ptII/ptolemy/domains/sdf/lib/test/DelayLine.tcl
5 ms. Memory: 116224K Free: 101005K (87%)
/home/travis/build/icyphy/ptII/ptolemy/domains/sdf/lib/test/FFT.tcl
5 ms. Memory: 116224K Free: 99191K (85%)
/home/travis/build/icyphy/ptII/ptolemy/domains/sdf/lib/test/FIR.tcl
7 ms. Memory: 116224K Free: 97380K (84%)
3 ms. Memory: 116224K Free: 96167K (83%)
ptolemy.kernel.util.IllegalActionException: multiplyReverse method not supported between ptolemy.data.FixToken 'fix(-0.0625,6,2)' and ptolemy.data.IntToken '1' because the types are incomparable.
  in .top.FIRclone
Because:
multiplyReverse method not supported between ptolemy.data.FixToken 'fix(-0.0625,6,2)' and ptolemy.data.IntToken '1' because the types are incomparable.
15 ms. Memory: 116224K Free: 93733K (81%)
/home/travis/build/icyphy/ptII/ptolemy/domains/sdf/lib/test/IntToBits.tcl
5 ms. Memory: 116224K Free: 92536K (80%)
5 ms. Memory: 116224K Free: 90732K (78%)
/home/travis/build/icyphy/ptII/ptolemy/domains/sdf/lib/test/MaximumEntropySpectrum.tcl
/home/travis/build/icyphy/ptII/ptolemy/domains/sdf/lib/test/Repeat.tcl
6 ms. Memory: 146944K Free: 120507K (82%)
/home/travis/build/icyphy/ptII/ptolemy/domains/sdf/lib/test/SampleDelay.tcl
4 ms. Memory: 146944K Free: 119288K (81%)
8 ms. Memory: 146944K Free: 118085K (80%)
3 ms. Memory: 146944K Free: 116866K (80%)
10 ms. Memory: 146944K Free: 116866K (80%)
11 ms. Memory: 146944K Free: 115664K (79%)
1 ms. Memory: 146944K Free: 115664K (79%)
/home/travis/build/icyphy/ptII/ptolemy/domains/sdf/lib/test/SequenceToArray.tcl
4 ms. Memory: 146944K Free: 113234K (77%)
12 ms. Memory: 146944K Free: 112005K (76%)
13 ms. Memory: 146944K Free: 109598K (75%)
12 ms. Memory: 146944K Free: 109598K (75%)
06/02/18 01:33:11
Failed: 0  Total Tests: 41  ((Passed: 41, Newly Passed: 0)  Known Failed: 0) /home/travis/build/icyphy/ptII/ptolemy/domains/sdf/lib/test
No auto/knownFailedTests/*.xml tests in /home/travis/build/icyphy/ptII/ptolemy/domains/sdf/lib/test
No auto/linux-amd64/*.xml tests in /home/travis/build/icyphy/ptII/ptolemy/domains/sdf/lib/test
AutoTests.java: About to close Vertx.
AutoTests.java: Vertx closed.

===========================================================================================
----------------- testing Sat Jun 02 13:33:11 UTC 2018 /home/travis/build/icyphy/ptII/ptolemy/domains/sdf/lib/test/auto/ArrayToSequence.xml
----------------- Instantiating /home/travis/build/icyphy/ptII/ptolemy/domains/sdf/lib/test/auto/ArrayToSequence.xml
16 ms. Memory: 146944K Free: 126713K (86%)
----------------- Invoking toplevel() on ptolemy.moml.MoMLSimpleApplication@409ee2c9
----------------- Done invoking toplevel() on ptolemy.moml.MoMLSimpleApplication@409ee2c9
reloadAllAccessors: .ArrayToSequence

===========================================================================================
----------------- testing Sat Jun 02 13:33:11 UTC 2018 /home/travis/build/icyphy/ptII/ptolemy/domains/sdf/lib/test/auto/ArrayToSequenceTest.xml
----------------- Instantiating /home/travis/build/icyphy/ptII/ptolemy/domains/sdf/lib/test/auto/ArrayToSequenceTest.xml
8 ms. Memory: 146944K Free: 119191K (81%)
----------------- Invoking toplevel() on ptolemy.moml.MoMLSimpleApplication@2b66ac25
----------------- Done invoking toplevel() on ptolemy.moml.MoMLSimpleApplication@2b66ac25
reloadAllAccessors: .ArrayToSequenceTest

===========================================================================================
----------------- testing Sat Jun 02 13:33:12 UTC 2018 /home/travis/build/icyphy/ptII/ptolemy/domains/sdf/lib/test/auto/Autocorrelation.xml
----------------- Instantiating /home/travis/build/icyphy/ptII/ptolemy/domains/sdf/lib/test/auto/Autocorrelation.xml
4 ms. Memory: 146944K Free: 114588K (78%)
----------------- Invoking toplevel() on ptolemy.moml.MoMLSimpleApplication@63c79176
----------------- Done invoking toplevel() on ptolemy.moml.MoMLSimpleApplication@63c79176
reloadAllAccessors: .Autocorrelation

===========================================================================================
----------------- testing Sat Jun 02 13:33:12 UTC 2018 /home/travis/build/icyphy/ptII/ptolemy/domains/sdf/lib/test/auto/Autocorrelation2.xml
----------------- Instantiating /home/travis/build/icyphy/ptII/ptolemy/domains/sdf/lib/test/auto/Autocorrelation2.xml
4 ms. Memory: 146944K Free: 109921K (75%)
----------------- Invoking toplevel() on ptolemy.moml.MoMLSimpleApplication@26565683
----------------- Done invoking toplevel() on ptolemy.moml.MoMLSimpleApplication@26565683
reloadAllAccessors: .Autocorrelation2

===========================================================================================
----------------- testing Sat Jun 02 13:33:12 UTC 2018 /home/travis/build/icyphy/ptII/ptolemy/domains/sdf/lib/test/auto/Autocorrelation3.xml
----------------- Instantiating /home/travis/build/icyphy/ptII/ptolemy/domains/sdf/lib/test/auto/Autocorrelation3.xml
3 ms. Memory: 146944K Free: 104632K (71%)
----------------- Invoking toplevel() on ptolemy.moml.MoMLSimpleApplication@15d45f42
----------------- Done invoking toplevel() on ptolemy.moml.MoMLSimpleApplication@15d45f42
reloadAllAccessors: .Autocorrelation3

===========================================================================================
----------------- testing Sat Jun 02 13:33:12 UTC 2018 /home/travis/build/icyphy/ptII/ptolemy/domains/sdf/lib/test/auto/Autocorrelation4.xml
----------------- Instantiating /home/travis/build/icyphy/ptII/ptolemy/domains/sdf/lib/test/auto/Autocorrelation4.xml
4 ms. Memory: 146944K Free: 100046K (68%)
----------------- Invoking toplevel() on ptolemy.moml.MoMLSimpleApplication@4c655271
----------------- Done invoking toplevel() on ptolemy.moml.MoMLSimpleApplication@4c655271
reloadAllAccessors: .Autocorrelation4

===========================================================================================
----------------- testing Sat Jun 02 13:33:12 UTC 2018 /home/travis/build/icyphy/ptII/ptolemy/domains/sdf/lib/test/auto/Autocorrelation5.xml
----------------- Instantiating /home/travis/build/icyphy/ptII/ptolemy/domains/sdf/lib/test/auto/Autocorrelation5.xml
43 ms. Memory: 146944K Free: 92913K (63%)
----------------- Invoking toplevel() on ptolemy.moml.MoMLSimpleApplication@139161a4
----------------- Done invoking toplevel() on ptolemy.moml.MoMLSimpleApplication@139161a4
reloadAllAccessors: .Autocorrelation5

===========================================================================================
----------------- testing Sat Jun 02 13:33:12 UTC 2018 /home/travis/build/icyphy/ptII/ptolemy/domains/sdf/lib/test/auto/BitsToInt.xml
----------------- Instantiating /home/travis/build/icyphy/ptII/ptolemy/domains/sdf/lib/test/auto/BitsToInt.xml
3 ms. Memory: 146944K Free: 88174K (60%)
----------------- Invoking toplevel() on ptolemy.moml.MoMLSimpleApplication@2f4344f1
----------------- Done invoking toplevel() on ptolemy.moml.MoMLSimpleApplication@2f4344f1
reloadAllAccessors: .BitsToInt

===========================================================================================
----------------- testing Sat Jun 02 13:33:12 UTC 2018 /home/travis/build/icyphy/ptII/ptolemy/domains/sdf/lib/test/auto/BooleanJoin.xml
----------------- Instantiating /home/travis/build/icyphy/ptII/ptolemy/domains/sdf/lib/test/auto/BooleanJoin.xml
7 ms. Memory: 146944K Free: 83548K (57%)
----------------- Invoking toplevel() on ptolemy.moml.MoMLSimpleApplication@54eb35b2
----------------- Done invoking toplevel() on ptolemy.moml.MoMLSimpleApplication@54eb35b2
reloadAllAccessors: .BooleanJoin

===========================================================================================
----------------- testing Sat Jun 02 13:33:12 UTC 2018 /home/travis/build/icyphy/ptII/ptolemy/domains/sdf/lib/test/auto/BootstrapSampleDelay.xml
----------------- Instantiating /home/travis/build/icyphy/ptII/ptolemy/domains/sdf/lib/test/auto/BootstrapSampleDelay.xml
11 ms. Memory: 146944K Free: 79773K (54%)
----------------- Invoking toplevel() on ptolemy.moml.MoMLSimpleApplication@68b0e8a5
----------------- Done invoking toplevel() on ptolemy.moml.MoMLSimpleApplication@68b0e8a5
reloadAllAccessors: .BootstrapSampleDelay

===========================================================================================
----------------- testing Sat Jun 02 13:33:12 UTC 2018 /home/travis/build/icyphy/ptII/ptolemy/domains/sdf/lib/test/auto/Chop.xml
----------------- Instantiating /home/travis/build/icyphy/ptII/ptolemy/domains/sdf/lib/test/auto/Chop.xml
13 ms. Memory: 208384K Free: 192039K (92%)
----------------- Invoking toplevel() on ptolemy.moml.MoMLSimpleApplication@5ef5f7a5
----------------- Done invoking toplevel() on ptolemy.moml.MoMLSimpleApplication@5ef5f7a5
reloadAllAccessors: .Chop

===========================================================================================
----------------- testing Sat Jun 02 13:33:12 UTC 2018 /home/travis/build/icyphy/ptII/ptolemy/domains/sdf/lib/test/auto/Chop2.xml
----------------- Instantiating /home/travis/build/icyphy/ptII/ptolemy/domains/sdf/lib/test/auto/Chop2.xml
7 ms. Memory: 208384K Free: 183666K (88%)
----------------- Invoking toplevel() on ptolemy.moml.MoMLSimpleApplication@2716aada
----------------- Done invoking toplevel() on ptolemy.moml.MoMLSimpleApplication@2716aada
reloadAllAccessors: .Chop2

===========================================================================================
----------------- testing Sat Jun 02 13:33:12 UTC 2018 /home/travis/build/icyphy/ptII/ptolemy/domains/sdf/lib/test/auto/ComplexJoin.xml
----------------- Instantiating /home/travis/build/icyphy/ptII/ptolemy/domains/sdf/lib/test/auto/ComplexJoin.xml
5 ms. Memory: 208384K Free: 178695K (86%)
----------------- Invoking toplevel() on ptolemy.moml.MoMLSimpleApplication@633ab4d3
----------------- Done invoking toplevel() on ptolemy.moml.MoMLSimpleApplication@633ab4d3
reloadAllAccessors: .ComplexJoin

===========================================================================================
----------------- testing Sat Jun 02 13:33:12 UTC 2018 /home/travis/build/icyphy/ptII/ptolemy/domains/sdf/lib/test/auto/CountTrues.xml
----------------- Instantiating /home/travis/build/icyphy/ptII/ptolemy/domains/sdf/lib/test/auto/CountTrues.xml
11 ms. Memory: 208384K Free: 175623K (84%)
----------------- Invoking toplevel() on ptolemy.moml.MoMLSimpleApplication@608a065a
----------------- Done invoking toplevel() on ptolemy.moml.MoMLSimpleApplication@608a065a
reloadAllAccessors: .CountTrues

===========================================================================================
----------------- testing Sat Jun 02 13:33:12 UTC 2018 /home/travis/build/icyphy/ptII/ptolemy/domains/sdf/lib/test/auto/DelayLine.xml
----------------- Instantiating /home/travis/build/icyphy/ptII/ptolemy/domains/sdf/lib/test/auto/DelayLine.xml
6 ms. Memory: 208384K Free: 170029K (82%)
----------------- Invoking toplevel() on ptolemy.moml.MoMLSimpleApplication@414a1c8c
----------------- Done invoking toplevel() on ptolemy.moml.MoMLSimpleApplication@414a1c8c
reloadAllAccessors: .DelayLine

===========================================================================================
----------------- testing Sat Jun 02 13:33:12 UTC 2018 /home/travis/build/icyphy/ptII/ptolemy/domains/sdf/lib/test/auto/DotProduct.xml
----------------- Instantiating /home/travis/build/icyphy/ptII/ptolemy/domains/sdf/lib/test/auto/DotProduct.xml
5 ms. Memory: 208384K Free: 165389K (79%)
----------------- Invoking toplevel() on ptolemy.moml.MoMLSimpleApplication@56c6835c
----------------- Done invoking toplevel() on ptolemy.moml.MoMLSimpleApplication@56c6835c
reloadAllAccessors: .DotProduct

===========================================================================================
----------------- testing Sat Jun 02 13:33:12 UTC 2018 /home/travis/build/icyphy/ptII/ptolemy/domains/sdf/lib/test/auto/DotProductMatrix.xml
----------------- Instantiating /home/travis/build/icyphy/ptII/ptolemy/domains/sdf/lib/test/auto/DotProductMatrix.xml
4 ms. Memory: 208384K Free: 162301K (78%)
----------------- Invoking toplevel() on ptolemy.moml.MoMLSimpleApplication@436c21a9
----------------- Done invoking toplevel() on ptolemy.moml.MoMLSimpleApplication@436c21a9
reloadAllAccessors: .DotProductMatrix

===========================================================================================
----------------- testing Sat Jun 02 13:33:12 UTC 2018 /home/travis/build/icyphy/ptII/ptolemy/domains/sdf/lib/test/auto/DownSample1.xml
----------------- Instantiating /home/travis/build/icyphy/ptII/ptolemy/domains/sdf/lib/test/auto/DownSample1.xml
5 ms. Memory: 208384K Free: 158598K (76%)
----------------- Invoking toplevel() on ptolemy.moml.MoMLSimpleApplication@54264c14
----------------- Done invoking toplevel() on ptolemy.moml.MoMLSimpleApplication@54264c14
reloadAllAccessors: .DownSample1

===========================================================================================
----------------- testing Sat Jun 02 13:33:12 UTC 2018 /home/travis/build/icyphy/ptII/ptolemy/domains/sdf/lib/test/auto/DynamicRateChange.xml
----------------- Instantiating /home/travis/build/icyphy/ptII/ptolemy/domains/sdf/lib/test/auto/DynamicRateChange.xml
13 ms. Memory: 208384K Free: 152390K (73%)
----------------- Invoking toplevel() on ptolemy.moml.MoMLSimpleApplication@3d74a41f
----------------- Done invoking toplevel() on ptolemy.moml.MoMLSimpleApplication@3d74a41f
reloadAllAccessors: .DynamicRateChange

===========================================================================================
----------------- testing Sat Jun 02 13:33:12 UTC 2018 /home/travis/build/icyphy/ptII/ptolemy/domains/sdf/lib/test/auto/DynamicRates.xml
----------------- Instantiating /home/travis/build/icyphy/ptII/ptolemy/domains/sdf/lib/test/auto/DynamicRates.xml
10 ms. Memory: 208384K Free: 145310K (70%)
----------------- Invoking toplevel() on ptolemy.moml.MoMLSimpleApplication@18b2b41f
----------------- Done invoking toplevel() on ptolemy.moml.MoMLSimpleApplication@18b2b41f
reloadAllAccessors: .DynamicRates

===========================================================================================
----------------- testing Sat Jun 02 13:33:12 UTC 2018 /home/travis/build/icyphy/ptII/ptolemy/domains/sdf/lib/test/auto/FFT1.xml
----------------- Instantiating /home/travis/build/icyphy/ptII/ptolemy/domains/sdf/lib/test/auto/FFT1.xml
11 ms. Memory: 208384K Free: 140347K (67%)
----------------- Invoking toplevel() on ptolemy.moml.MoMLSimpleApplication@67d41dc6
----------------- Done invoking toplevel() on ptolemy.moml.MoMLSimpleApplication@67d41dc6
reloadAllAccessors: .FFT1

===========================================================================================
----------------- testing Sat Jun 02 13:33:12 UTC 2018 /home/travis/build/icyphy/ptII/ptolemy/domains/sdf/lib/test/auto/FIR1.xml
----------------- Instantiating /home/travis/build/icyphy/ptII/ptolemy/domains/sdf/lib/test/auto/FIR1.xml
22 ms. Memory: 208384K Free: 132247K (63%)
----------------- Invoking toplevel() on ptolemy.moml.MoMLSimpleApplication@2ff0d7c1
----------------- Done invoking toplevel() on ptolemy.moml.MoMLSimpleApplication@2ff0d7c1
reloadAllAccessors: .FIR1

===========================================================================================
----------------- testing Sat Jun 02 13:33:12 UTC 2018 /home/travis/build/icyphy/ptII/ptolemy/domains/sdf/lib/test/auto/FIR2.xml
----------------- Instantiating /home/travis/build/icyphy/ptII/ptolemy/domains/sdf/lib/test/auto/FIR2.xml
2 ms. Memory: 208384K Free: 128529K (62%)
----------------- Invoking toplevel() on ptolemy.moml.MoMLSimpleApplication@680aceaa
----------------- Done invoking toplevel() on ptolemy.moml.MoMLSimpleApplication@680aceaa
reloadAllAccessors: .FIR2

===========================================================================================
----------------- testing Sat Jun 02 13:33:12 UTC 2018 /home/travis/build/icyphy/ptII/ptolemy/domains/sdf/lib/test/auto/FIR4.xml
----------------- Instantiating /home/travis/build/icyphy/ptII/ptolemy/domains/sdf/lib/test/auto/FIR4.xml
5 ms. Memory: 208384K Free: 118329K (57%)
----------------- Invoking toplevel() on ptolemy.moml.MoMLSimpleApplication@2544fc99
----------------- Done invoking toplevel() on ptolemy.moml.MoMLSimpleApplication@2544fc99
reloadAllAccessors: .FIR4

===========================================================================================
----------------- testing Sat Jun 02 13:33:12 UTC 2018 /home/travis/build/icyphy/ptII/ptolemy/domains/sdf/lib/test/auto/FixJoin.xml
----------------- Instantiating /home/travis/build/icyphy/ptII/ptolemy/domains/sdf/lib/test/auto/FixJoin.xml
4 ms. Memory: 208384K Free: 113398K (54%)
----------------- Invoking toplevel() on ptolemy.moml.MoMLSimpleApplication@7c42c58c
----------------- Done invoking toplevel() on ptolemy.moml.MoMLSimpleApplication@7c42c58c
reloadAllAccessors: .FixJoin

===========================================================================================
----------------- testing Sat Jun 02 13:33:12 UTC 2018 /home/travis/build/icyphy/ptII/ptolemy/domains/sdf/lib/test/auto/IntJoin1.xml
----------------- Instantiating /home/travis/build/icyphy/ptII/ptolemy/domains/sdf/lib/test/auto/IntJoin1.xml
5 ms. Memory: 208384K Free: 109080K (52%)
----------------- Invoking toplevel() on ptolemy.moml.MoMLSimpleApplication@1555a89e
----------------- Done invoking toplevel() on ptolemy.moml.MoMLSimpleApplication@1555a89e
reloadAllAccessors: .IntJoin1

===========================================================================================
----------------- testing Sat Jun 02 13:33:12 UTC 2018 /home/travis/build/icyphy/ptII/ptolemy/domains/sdf/lib/test/auto/IntJoin2.xml
----------------- Instantiating /home/travis/build/icyphy/ptII/ptolemy/domains/sdf/lib/test/auto/IntJoin2.xml
3 ms. Memory: 208384K Free: 104149K (50%)
----------------- Invoking toplevel() on ptolemy.moml.MoMLSimpleApplication@6be40abf
----------------- Done invoking toplevel() on ptolemy.moml.MoMLSimpleApplication@6be40abf
reloadAllAccessors: .IntJoin2

===========================================================================================
----------------- testing Sat Jun 02 13:33:13 UTC 2018 /home/travis/build/icyphy/ptII/ptolemy/domains/sdf/lib/test/auto/IntJoin3.xml
----------------- Instantiating /home/travis/build/icyphy/ptII/ptolemy/domains/sdf/lib/test/auto/IntJoin3.xml
3 ms. Memory: 208384K Free: 98226K (47%)
----------------- Invoking toplevel() on ptolemy.moml.MoMLSimpleApplication@4dbe5396
----------------- Done invoking toplevel() on ptolemy.moml.MoMLSimpleApplication@4dbe5396
reloadAllAccessors: .IntJoin3

===========================================================================================
----------------- testing Sat Jun 02 13:33:13 UTC 2018 /home/travis/build/icyphy/ptII/ptolemy/domains/sdf/lib/test/auto/IntJoin4.xml
----------------- Instantiating /home/travis/build/icyphy/ptII/ptolemy/domains/sdf/lib/test/auto/IntJoin4.xml
5 ms. Memory: 208384K Free: 93247K (45%)
----------------- Invoking toplevel() on ptolemy.moml.MoMLSimpleApplication@5d2c394b
----------------- Done invoking toplevel() on ptolemy.moml.MoMLSimpleApplication@5d2c394b
reloadAllAccessors: .IntJoin4

===========================================================================================
----------------- testing Sat Jun 02 13:33:13 UTC 2018 /home/travis/build/icyphy/ptII/ptolemy/domains/sdf/lib/test/auto/IntJoin5.xml
----------------- Instantiating /home/travis/build/icyphy/ptII/ptolemy/domains/sdf/lib/test/auto/IntJoin5.xml
3 ms. Memory: 208384K Free: 88866K (43%)
----------------- Invoking toplevel() on ptolemy.moml.MoMLSimpleApplication@63d6cdd9
----------------- Done invoking toplevel() on ptolemy.moml.MoMLSimpleApplication@63d6cdd9
reloadAllAccessors: .IntJoin5

===========================================================================================
----------------- testing Sat Jun 02 13:33:13 UTC 2018 /home/travis/build/icyphy/ptII/ptolemy/domains/sdf/lib/test/auto/IntToBits.xml
----------------- Instantiating /home/travis/build/icyphy/ptII/ptolemy/domains/sdf/lib/test/auto/IntToBits.xml
2 ms. Memory: 208384K Free: 85730K (41%)
----------------- Invoking toplevel() on ptolemy.moml.MoMLSimpleApplication@bc4e90d
----------------- Done invoking toplevel() on ptolemy.moml.MoMLSimpleApplication@bc4e90d
reloadAllAccessors: .IntToBits

===========================================================================================
----------------- testing Sat Jun 02 13:33:13 UTC 2018 /home/travis/build/icyphy/ptII/ptolemy/domains/sdf/lib/test/auto/LMSAdaptive.xml
----------------- Instantiating /home/travis/build/icyphy/ptII/ptolemy/domains/sdf/lib/test/auto/LMSAdaptive.xml
12 ms. Memory: 208384K Free: 197560K (95%)
----------------- Invoking toplevel() on ptolemy.moml.MoMLSimpleApplication@796e8d44
----------------- Done invoking toplevel() on ptolemy.moml.MoMLSimpleApplication@796e8d44
reloadAllAccessors: .LMSAdaptive

===========================================================================================
----------------- testing Sat Jun 02 13:33:13 UTC 2018 /home/travis/build/icyphy/ptII/ptolemy/domains/sdf/lib/test/auto/LMSAdaptiveFIR.xml
----------------- Instantiating /home/travis/build/icyphy/ptII/ptolemy/domains/sdf/lib/test/auto/LMSAdaptiveFIR.xml
302 ms. Memory: 208384K Free: 157142K (75%)
----------------- Invoking toplevel() on ptolemy.moml.MoMLSimpleApplication@5825e0b0
----------------- Done invoking toplevel() on ptolemy.moml.MoMLSimpleApplication@5825e0b0
reloadAllAccessors: .LMSAdaptiveFIR

===========================================================================================
----------------- testing Sat Jun 02 13:33:13 UTC 2018 /home/travis/build/icyphy/ptII/ptolemy/domains/sdf/lib/test/auto/LMSAdaptiveFIR2.xml
----------------- Instantiating /home/travis/build/icyphy/ptII/ptolemy/domains/sdf/lib/test/auto/LMSAdaptiveFIR2.xml
368 ms. Memory: 208384K Free: 96127K (46%)
----------------- Invoking toplevel() on ptolemy.moml.MoMLSimpleApplication@74cfe46b
----------------- Done invoking toplevel() on ptolemy.moml.MoMLSimpleApplication@74cfe46b
reloadAllAccessors: .LMSAdaptiveFIR2

===========================================================================================
----------------- testing Sat Jun 02 13:33:14 UTC 2018 /home/travis/build/icyphy/ptII/ptolemy/domains/sdf/lib/test/auto/LongJoin.xml
----------------- Instantiating /home/travis/build/icyphy/ptII/ptolemy/domains/sdf/lib/test/auto/LongJoin.xml
3 ms. Memory: 208384K Free: 90747K (44%)
----------------- Invoking toplevel() on ptolemy.moml.MoMLSimpleApplication@6799bc79
----------------- Done invoking toplevel() on ptolemy.moml.MoMLSimpleApplication@6799bc79
reloadAllAccessors: .LongJoin

===========================================================================================
----------------- testing Sat Jun 02 13:33:14 UTC 2018 /home/travis/build/icyphy/ptII/ptolemy/domains/sdf/lib/test/auto/Matrix1.xml
----------------- Instantiating /home/travis/build/icyphy/ptII/ptolemy/domains/sdf/lib/test/auto/Matrix1.xml
4 ms. Memory: 208384K Free: 85768K (41%)
----------------- Invoking toplevel() on ptolemy.moml.MoMLSimpleApplication@45681d9f
----------------- Done invoking toplevel() on ptolemy.moml.MoMLSimpleApplication@45681d9f
reloadAllAccessors: .Matrix1

===========================================================================================
----------------- testing Sat Jun 02 13:33:14 UTC 2018 /home/travis/build/icyphy/ptII/ptolemy/domains/sdf/lib/test/auto/Matrix2.xml
----------------- Instantiating /home/travis/build/icyphy/ptII/ptolemy/domains/sdf/lib/test/auto/Matrix2.xml
4 ms. Memory: 208384K Free: 81451K (39%)
----------------- Invoking toplevel() on ptolemy.moml.MoMLSimpleApplication@792bb6f2
----------------- Done invoking toplevel() on ptolemy.moml.MoMLSimpleApplication@792bb6f2
reloadAllAccessors: .Matrix2

===========================================================================================
----------------- testing Sat Jun 02 13:33:14 UTC 2018 /home/travis/build/icyphy/ptII/ptolemy/domains/sdf/lib/test/auto/MatrixJoin1.xml
----------------- Instantiating /home/travis/build/icyphy/ptII/ptolemy/domains/sdf/lib/test/auto/MatrixJoin1.xml
3 ms. Memory: 333312K Free: 322867K (97%)
----------------- Invoking toplevel() on ptolemy.moml.MoMLSimpleApplication@60362a8d
----------------- Done invoking toplevel() on ptolemy.moml.MoMLSimpleApplication@60362a8d
reloadAllAccessors: .MatrixJoin1

===========================================================================================
----------------- testing Sat Jun 02 13:33:14 UTC 2018 /home/travis/build/icyphy/ptII/ptolemy/domains/sdf/lib/test/auto/MatrixJoin2.xml
----------------- Instantiating /home/travis/build/icyphy/ptII/ptolemy/domains/sdf/lib/test/auto/MatrixJoin2.xml
3 ms. Memory: 333312K Free: 315018K (95%)
----------------- Invoking toplevel() on ptolemy.moml.MoMLSimpleApplication@21593069
----------------- Done invoking toplevel() on ptolemy.moml.MoMLSimpleApplication@21593069
reloadAllAccessors: .MatrixJoin2

===========================================================================================
----------------- testing Sat Jun 02 13:33:14 UTC 2018 /home/travis/build/icyphy/ptII/ptolemy/domains/sdf/lib/test/auto/MatrixJoin3.xml
----------------- Instantiating /home/travis/build/icyphy/ptII/ptolemy/domains/sdf/lib/test/auto/MatrixJoin3.xml
7 ms. Memory: 333312K Free: 310087K (93%)
----------------- Invoking toplevel() on ptolemy.moml.MoMLSimpleApplication@17eb2f47
----------------- Done invoking toplevel() on ptolemy.moml.MoMLSimpleApplication@17eb2f47
reloadAllAccessors: .MatrixJoin3

===========================================================================================
----------------- testing Sat Jun 02 13:33:14 UTC 2018 /home/travis/build/icyphy/ptII/ptolemy/domains/sdf/lib/test/auto/MatrixJoin4.xml
----------------- Instantiating /home/travis/build/icyphy/ptII/ptolemy/domains/sdf/lib/test/auto/MatrixJoin4.xml
2 ms. Memory: 333312K Free: 303927K (91%)
----------------- Invoking toplevel() on ptolemy.moml.MoMLSimpleApplication@1fbca476
----------------- Done invoking toplevel() on ptolemy.moml.MoMLSimpleApplication@1fbca476
reloadAllAccessors: .MatrixJoin4

===========================================================================================
----------------- testing Sat Jun 02 13:33:14 UTC 2018 /home/travis/build/icyphy/ptII/ptolemy/domains/sdf/lib/test/auto/MatrixJoin5.xml
----------------- Instantiating /home/travis/build/icyphy/ptII/ptolemy/domains/sdf/lib/test/auto/MatrixJoin5.xml
3 ms. Memory: 333312K Free: 297584K (89%)
----------------- Invoking toplevel() on ptolemy.moml.MoMLSimpleApplication@4501e6bb
----------------- Done invoking toplevel() on ptolemy.moml.MoMLSimpleApplication@4501e6bb
reloadAllAccessors: .MatrixJoin5

===========================================================================================
----------------- testing Sat Jun 02 13:33:14 UTC 2018 /home/travis/build/icyphy/ptII/ptolemy/domains/sdf/lib/test/auto/MatrixSplit1.xml
----------------- Instantiating /home/travis/build/icyphy/ptII/ptolemy/domains/sdf/lib/test/auto/MatrixSplit1.xml
3 ms. Memory: 333312K Free: 291440K (87%)
----------------- Invoking toplevel() on ptolemy.moml.MoMLSimpleApplication@302c304d
----------------- Done invoking toplevel() on ptolemy.moml.MoMLSimpleApplication@302c304d
reloadAllAccessors: .MatrixSplit1

===========================================================================================
----------------- testing Sat Jun 02 13:33:14 UTC 2018 /home/travis/build/icyphy/ptII/ptolemy/domains/sdf/lib/test/auto/MatrixSplit10.xml
----------------- Instantiating /home/travis/build/icyphy/ptII/ptolemy/domains/sdf/lib/test/auto/MatrixSplit10.xml
4 ms. Memory: 333312K Free: 286525K (86%)
----------------- Invoking toplevel() on ptolemy.moml.MoMLSimpleApplication@20eec506
----------------- Done invoking toplevel() on ptolemy.moml.MoMLSimpleApplication@20eec506
reloadAllAccessors: .MatrixSplit10

===========================================================================================
----------------- testing Sat Jun 02 13:33:14 UTC 2018 /home/travis/build/icyphy/ptII/ptolemy/domains/sdf/lib/test/auto/MatrixSplit11.xml
----------------- Instantiating /home/travis/build/icyphy/ptII/ptolemy/domains/sdf/lib/test/auto/MatrixSplit11.xml
2 ms. Memory: 333312K Free: 281610K (84%)
----------------- Invoking toplevel() on ptolemy.moml.MoMLSimpleApplication@2641da2d
----------------- Done invoking toplevel() on ptolemy.moml.MoMLSimpleApplication@2641da2d
reloadAllAccessors: .MatrixSplit11

===========================================================================================
----------------- testing Sat Jun 02 13:33:14 UTC 2018 /home/travis/build/icyphy/ptII/ptolemy/domains/sdf/lib/test/auto/MatrixSplit12.xml
----------------- Instantiating /home/travis/build/icyphy/ptII/ptolemy/domains/sdf/lib/test/auto/MatrixSplit12.xml
3 ms. Memory: 333312K Free: 275283K (83%)
----------------- Invoking toplevel() on ptolemy.moml.MoMLSimpleApplication@5fc3213c
----------------- Done invoking toplevel() on ptolemy.moml.MoMLSimpleApplication@5fc3213c
reloadAllAccessors: .MatrixSplit12

===========================================================================================
----------------- testing Sat Jun 02 13:33:14 UTC 2018 /home/travis/build/icyphy/ptII/ptolemy/domains/sdf/lib/test/auto/MatrixSplit13.xml
----------------- Instantiating /home/travis/build/icyphy/ptII/ptolemy/domains/sdf/lib/test/auto/MatrixSplit13.xml
5 ms. Memory: 333312K Free: 270368K (81%)
----------------- Invoking toplevel() on ptolemy.moml.MoMLSimpleApplication@6d89bbf9
----------------- Done invoking toplevel() on ptolemy.moml.MoMLSimpleApplication@6d89bbf9
reloadAllAccessors: .MatrixSplit13

===========================================================================================
----------------- testing Sat Jun 02 13:33:14 UTC 2018 /home/travis/build/icyphy/ptII/ptolemy/domains/sdf/lib/test/auto/MatrixSplit14.xml
----------------- Instantiating /home/travis/build/icyphy/ptII/ptolemy/domains/sdf/lib/test/auto/MatrixSplit14.xml
2 ms. Memory: 333312K Free: 265453K (80%)
----------------- Invoking toplevel() on ptolemy.moml.MoMLSimpleApplication@5fe335bc
----------------- Done invoking toplevel() on ptolemy.moml.MoMLSimpleApplication@5fe335bc
reloadAllAccessors: .MatrixSplit14

===========================================================================================
----------------- testing Sat Jun 02 13:33:14 UTC 2018 /home/travis/build/icyphy/ptII/ptolemy/domains/sdf/lib/test/auto/MatrixSplit2.xml
----------------- Instantiating /home/travis/build/icyphy/ptII/ptolemy/domains/sdf/lib/test/auto/MatrixSplit2.xml
3 ms. Memory: 333312K Free: 259127K (78%)
----------------- Invoking toplevel() on ptolemy.moml.MoMLSimpleApplication@2a3d30d8
----------------- Done invoking toplevel() on ptolemy.moml.MoMLSimpleApplication@2a3d30d8
reloadAllAccessors: .MatrixSplit2

===========================================================================================
----------------- testing Sat Jun 02 13:33:14 UTC 2018 /home/travis/build/icyphy/ptII/ptolemy/domains/sdf/lib/test/auto/MatrixSplit3.xml
----------------- Instantiating /home/travis/build/icyphy/ptII/ptolemy/domains/sdf/lib/test/auto/MatrixSplit3.xml
2 ms. Memory: 333312K Free: 254211K (76%)
----------------- Invoking toplevel() on ptolemy.moml.MoMLSimpleApplication@78af1ed
----------------- Done invoking toplevel() on ptolemy.moml.MoMLSimpleApplication@78af1ed
reloadAllAccessors: .MatrixSplit3

===========================================================================================
----------------- testing Sat Jun 02 13:33:14 UTC 2018 /home/travis/build/icyphy/ptII/ptolemy/domains/sdf/lib/test/auto/MatrixSplit4.xml
----------------- Instantiating /home/travis/build/icyphy/ptII/ptolemy/domains/sdf/lib/test/auto/MatrixSplit4.xml
4 ms. Memory: 333312K Free: 249296K (75%)
----------------- Invoking toplevel() on ptolemy.moml.MoMLSimpleApplication@6320a1a
----------------- Done invoking toplevel() on ptolemy.moml.MoMLSimpleApplication@6320a1a
reloadAllAccessors: .MatrixSplit4

===========================================================================================
----------------- testing Sat Jun 02 13:33:14 UTC 2018 /home/travis/build/icyphy/ptII/ptolemy/domains/sdf/lib/test/auto/MatrixSplit5.xml
----------------- Instantiating /home/travis/build/icyphy/ptII/ptolemy/domains/sdf/lib/test/auto/MatrixSplit5.xml
2 ms. Memory: 333312K Free: 244381K (73%)
----------------- Invoking toplevel() on ptolemy.moml.MoMLSimpleApplication@2ffdbd86
----------------- Done invoking toplevel() on ptolemy.moml.MoMLSimpleApplication@2ffdbd86
reloadAllAccessors: .MatrixSplit5

===========================================================================================
----------------- testing Sat Jun 02 13:33:14 UTC 2018 /home/travis/build/icyphy/ptII/ptolemy/domains/sdf/lib/test/auto/MatrixSplit6.xml
----------------- Instantiating /home/travis/build/icyphy/ptII/ptolemy/domains/sdf/lib/test/auto/MatrixSplit6.xml
2 ms. Memory: 333312K Free: 238054K (71%)
----------------- Invoking toplevel() on ptolemy.moml.MoMLSimpleApplication@77f31933
----------------- Done invoking toplevel() on ptolemy.moml.MoMLSimpleApplication@77f31933
reloadAllAccessors: .MatrixSplit6

===========================================================================================
----------------- testing Sat Jun 02 13:33:14 UTC 2018 /home/travis/build/icyphy/ptII/ptolemy/domains/sdf/lib/test/auto/MatrixSplit7.xml
----------------- Instantiating /home/travis/build/icyphy/ptII/ptolemy/domains/sdf/lib/test/auto/MatrixSplit7.xml
2 ms. Memory: 333312K Free: 233139K (70%)
----------------- Invoking toplevel() on ptolemy.moml.MoMLSimpleApplication@175fab03
----------------- Done invoking toplevel() on ptolemy.moml.MoMLSimpleApplication@175fab03
reloadAllAccessors: .MatrixSplit7

===========================================================================================
----------------- testing Sat Jun 02 13:33:14 UTC 2018 /home/travis/build/icyphy/ptII/ptolemy/domains/sdf/lib/test/auto/MatrixSplit8.xml
----------------- Instantiating /home/travis/build/icyphy/ptII/ptolemy/domains/sdf/lib/test/auto/MatrixSplit8.xml
1 ms. Memory: 333312K Free: 228224K (68%)
----------------- Invoking toplevel() on ptolemy.moml.MoMLSimpleApplication@3e86a339
----------------- Done invoking toplevel() on ptolemy.moml.MoMLSimpleApplication@3e86a339
reloadAllAccessors: .MatrixSplit8

===========================================================================================
----------------- testing Sat Jun 02 13:33:14 UTC 2018 /home/travis/build/icyphy/ptII/ptolemy/domains/sdf/lib/test/auto/MatrixSplit9.xml
----------------- Instantiating /home/travis/build/icyphy/ptII/ptolemy/domains/sdf/lib/test/auto/MatrixSplit9.xml
2 ms. Memory: 333312K Free: 221898K (67%)
----------------- Invoking toplevel() on ptolemy.moml.MoMLSimpleApplication@1061e38e
----------------- Done invoking toplevel() on ptolemy.moml.MoMLSimpleApplication@1061e38e
reloadAllAccessors: .MatrixSplit9

===========================================================================================
----------------- testing Sat Jun 02 13:33:14 UTC 2018 /home/travis/build/icyphy/ptII/ptolemy/domains/sdf/lib/test/auto/MatrixToSequence.xml
----------------- Instantiating /home/travis/build/icyphy/ptII/ptolemy/domains/sdf/lib/test/auto/MatrixToSequence.xml
10 ms. Memory: 333312K Free: 212067K (64%)
----------------- Invoking toplevel() on ptolemy.moml.MoMLSimpleApplication@5bfc74e7
----------------- Done invoking toplevel() on ptolemy.moml.MoMLSimpleApplication@5bfc74e7
reloadAllAccessors: .MatrixToSequence

===========================================================================================
----------------- testing Sat Jun 02 13:33:14 UTC 2018 /home/travis/build/icyphy/ptII/ptolemy/domains/sdf/lib/test/auto/MaximumEntropySpectrum.xml
----------------- Instantiating /home/travis/build/icyphy/ptII/ptolemy/domains/sdf/lib/test/auto/MaximumEntropySpectrum.xml
15 ms. Memory: 333312K Free: 188699K (57%)
----------------- Invoking toplevel() on ptolemy.moml.MoMLSimpleApplication@10163562
----------------- Done invoking toplevel() on ptolemy.moml.MoMLSimpleApplication@10163562
reloadAllAccessors: .MaximumEntropySpectrum

===========================================================================================
----------------- testing Sat Jun 02 13:33:14 UTC 2018 /home/travis/build/icyphy/ptII/ptolemy/domains/sdf/lib/test/auto/SampleDelayConversion.xml
----------------- Instantiating /home/travis/build/icyphy/ptII/ptolemy/domains/sdf/lib/test/auto/SampleDelayConversion.xml
3 ms. Memory: 333312K Free: 182373K (55%)
----------------- Invoking toplevel() on ptolemy.moml.MoMLSimpleApplication@6c8cc314
----------------- Done invoking toplevel() on ptolemy.moml.MoMLSimpleApplication@6c8cc314
reloadAllAccessors: .SampleDelayConversion

===========================================================================================
----------------- testing Sat Jun 02 13:33:14 UTC 2018 /home/travis/build/icyphy/ptII/ptolemy/domains/sdf/lib/test/auto/SequenceToArray.xml
----------------- Instantiating /home/travis/build/icyphy/ptII/ptolemy/domains/sdf/lib/test/auto/SequenceToArray.xml
9 ms. Memory: 333312K Free: 168856K (51%)
----------------- Invoking toplevel() on ptolemy.moml.MoMLSimpleApplication@4f0bf4a0
----------------- Done invoking toplevel() on ptolemy.moml.MoMLSimpleApplication@4f0bf4a0
reloadAllAccessors: .SequenceToArray

===========================================================================================
----------------- testing Sat Jun 02 13:33:14 UTC 2018 /home/travis/build/icyphy/ptII/ptolemy/domains/sdf/lib/test/auto/SequenceToMatrix.xml
----------------- Instantiating /home/travis/build/icyphy/ptII/ptolemy/domains/sdf/lib/test/auto/SequenceToMatrix.xml
3863 ms. Memory: 579072K Free: 528997K (91%)
----------------- Invoking toplevel() on ptolemy.moml.MoMLSimpleApplication@73280920
----------------- Done invoking toplevel() on ptolemy.moml.MoMLSimpleApplication@73280920
reloadAllAccessors: .SequenceToMatrix

===========================================================================================
----------------- testing Sat Jun 02 13:33:18 UTC 2018 /home/travis/build/icyphy/ptII/ptolemy/domains/sdf/lib/test/auto/SmoothedPeriodogram.xml
----------------- Instantiating /home/travis/build/icyphy/ptII/ptolemy/domains/sdf/lib/test/auto/SmoothedPeriodogram.xml
8 ms. Memory: 579072K Free: 505812K (87%)
----------------- Invoking toplevel() on ptolemy.moml.MoMLSimpleApplication@4ff3f82a
----------------- Done invoking toplevel() on ptolemy.moml.MoMLSimpleApplication@4ff3f82a
reloadAllAccessors: .SmoothedPeriodogram

===========================================================================================
----------------- testing Sat Jun 02 13:33:18 UTC 2018 /home/travis/build/icyphy/ptII/ptolemy/domains/sdf/lib/test/auto/UpDownSample1.xml
----------------- Instantiating /home/travis/build/icyphy/ptII/ptolemy/domains/sdf/lib/test/auto/UpDownSample1.xml
1 ms. Memory: 579072K Free: 499265K (86%)
----------------- Invoking toplevel() on ptolemy.moml.MoMLSimpleApplication@45ea5cc8
----------------- Done invoking toplevel() on ptolemy.moml.MoMLSimpleApplication@45ea5cc8
reloadAllAccessors: .UpDownSample1

===========================================================================================
----------------- testing Sat Jun 02 13:33:18 UTC 2018 /home/travis/build/icyphy/ptII/ptolemy/domains/sdf/lib/test/auto/UpSample1.xml
----------------- Instantiating /home/travis/build/icyphy/ptII/ptolemy/domains/sdf/lib/test/auto/UpSample1.xml
2 ms. Memory: 579072K Free: 492718K (85%)
----------------- Invoking toplevel() on ptolemy.moml.MoMLSimpleApplication@358f13cd
----------------- Done invoking toplevel() on ptolemy.moml.MoMLSimpleApplication@358f13cd
reloadAllAccessors: .UpSample1

===========================================================================================
----------------- testing Sat Jun 02 13:33:18 UTC 2018 /home/travis/build/icyphy/ptII/ptolemy/domains/sdf/lib/test/auto/VariableFIR.xml
----------------- Instantiating /home/travis/build/icyphy/ptII/ptolemy/domains/sdf/lib/test/auto/VariableFIR.xml
8 ms. Memory: 579072K Free: 482898K (83%)
----------------- Invoking toplevel() on ptolemy.moml.MoMLSimpleApplication@789e813e
----------------- Done invoking toplevel() on ptolemy.moml.MoMLSimpleApplication@789e813e
reloadAllAccessors: .VariableFIR

===========================================================================================
----------------- testing Sat Jun 02 13:33:18 UTC 2018 /home/travis/build/icyphy/ptII/ptolemy/domains/sdf/lib/test/auto/VariableFIR2.xml
----------------- Instantiating /home/travis/build/icyphy/ptII/ptolemy/domains/sdf/lib/test/auto/VariableFIR2.xml
3 ms. Memory: 579072K Free: 471124K (81%)
----------------- Invoking toplevel() on ptolemy.moml.MoMLSimpleApplication@6b400739
----------------- Done invoking toplevel() on ptolemy.moml.MoMLSimpleApplication@6b400739
reloadAllAccessors: .VariableFIR2

===========================================================================================
----------------- testing Sat Jun 02 13:33:18 UTC 2018 /home/travis/build/icyphy/ptII/ptolemy/domains/sdf/lib/test/auto/VariableLattice.xml
----------------- Instantiating /home/travis/build/icyphy/ptII/ptolemy/domains/sdf/lib/test/auto/VariableLattice.xml
4 ms. Memory: 579072K Free: 461304K (80%)
----------------- Invoking toplevel() on ptolemy.moml.MoMLSimpleApplication@5f1753b3
----------------- Done invoking toplevel() on ptolemy.moml.MoMLSimpleApplication@5f1753b3
reloadAllAccessors: .VariableLattice

===========================================================================================
----------------- testing Sat Jun 02 13:33:18 UTC 2018 /home/travis/build/icyphy/ptII/ptolemy/domains/sdf/lib/test/auto/VariableLattice2.xml
----------------- Instantiating /home/travis/build/icyphy/ptII/ptolemy/domains/sdf/lib/test/auto/VariableLattice2.xml
1.0
-1.999999602036
1.9099998677481
-0.9099996420674
0.205
0.0
0.0
1.0
-0.25
-0.5
0.0
0.0
0.0
0.0
8 ms. Memory: 579072K Free: 451484K (78%)
----------------- Invoking toplevel() on ptolemy.moml.MoMLSimpleApplication@605643b3
----------------- Done invoking toplevel() on ptolemy.moml.MoMLSimpleApplication@605643b3
reloadAllAccessors: .VariableLattice2

===========================================================================================
----------------- testing Sat Jun 02 13:33:18 UTC 2018 /home/travis/build/icyphy/ptII/ptolemy/domains/sdf/lib/test/auto/VariableRecursiveLattice.xml
----------------- Instantiating /home/travis/build/icyphy/ptII/ptolemy/domains/sdf/lib/test/auto/VariableRecursiveLattice.xml
4 ms. Memory: 579072K Free: 441663K (76%)
----------------- Invoking toplevel() on ptolemy.moml.MoMLSimpleApplication@2954084
----------------- Done invoking toplevel() on ptolemy.moml.MoMLSimpleApplication@2954084
reloadAllAccessors: .VariableRecursiveLattice

===========================================================================================
----------------- testing Sat Jun 02 13:33:18 UTC 2018 /home/travis/build/icyphy/ptII/ptolemy/domains/sdf/lib/test/auto/VariableRecursiveLattice2.xml
----------------- Instantiating /home/travis/build/icyphy/ptII/ptolemy/domains/sdf/lib/test/auto/VariableRecursiveLattice2.xml
3 ms. Memory: 579072K Free: 435117K (75%)
----------------- Invoking toplevel() on ptolemy.moml.MoMLSimpleApplication@6cf820f
----------------- Done invoking toplevel() on ptolemy.moml.MoMLSimpleApplication@6cf820f
reloadAllAccessors: .VariableRecursiveLattice2
AutoTests.java: About to close Vertx.
AutoTests.java: Vertx closed.
]]></system-out>
  <system-err><![CDATA[]]></system-err>
</testsuite>
